{"target": 2.832222222222222, "params": {"k": 5.0, "beta_rec": 0.030949006271150714, "gamma_fc": 0.027287223517468817, "cue_position": 0.0, "enc_rate": 0.8, "beta_enc": 0.9388864773697133}, "datetime": {"elapsed": 1487.778634, "datetime": "2020-11-23 15:06:38", "delta": 13.161713}}
{"target": 6.24, "params": {"k": 5.0, "beta_rec": 0.8594893208655858, "gamma_fc": 0.45285349995153745, "cue_position": 0.0, "enc_rate": 0.8, "beta_enc": 0.3259898117700253}, "datetime": {"elapsed": 1506.99637, "datetime": "2020-11-23 15:06:57", "delta": 19.217736}}
{"target": 6.128, "params": {"k": 5.0, "beta_rec": 0.009348577966515781, "gamma_fc": 0.5172675985011298, "cue_position": 0.0, "enc_rate": 0.8, "beta_enc": 0.2900968516874258}, "datetime": {"elapsed": 1526.123903, "datetime": "2020-11-23 15:07:16", "delta": 19.127533}}
{"target": 6.049777777777779, "params": {"k": 5.0, "beta_rec": 0.2473960366023854, "gamma_fc": 0.9368683813090937, "cue_position": 0.0, "enc_rate": 0.8, "beta_enc": 0.426474788501396}, "datetime": {"elapsed": 1545.138858, "datetime": "2020-11-23 15:07:35", "delta": 19.014955}}
{"target": 3.826888888888889, "params": {"k": 5.0, "beta_rec": 0.22790028995131695, "gamma_fc": 0.31437661611405043, "cue_position": 0.0, "enc_rate": 0.8, "beta_enc": 0.9202065143056605}, "datetime": {"elapsed": 1560.069459, "datetime": "2020-11-23 15:07:50", "delta": 14.930601}}
{"target": 5.815333333333333, "params": {"k": 5.0, "beta_rec": 0.41358641500116133, "gamma_fc": 0.7018765297563104, "cue_position": 0.0, "enc_rate": 0.8, "beta_enc": 0.6070941619724605}, "datetime": {"elapsed": 1578.589113, "datetime": "2020-11-23 15:08:09", "delta": 18.519654}}
{"target": 5.914, "params": {"k": 5.0, "beta_rec": 0.34898759722078887, "gamma_fc": 0.6641025553547935, "cue_position": 0.0, "enc_rate": 0.8, "beta_enc": 0.5742190888408597}, "datetime": {"elapsed": 1597.383658, "datetime": "2020-11-23 15:08:27", "delta": 18.794545}}
{"target": 5.752222222222223, "params": {"k": 5.0, "beta_rec": 0.1747201501089225, "gamma_fc": 0.8168351087916219, "cue_position": 0.0, "enc_rate": 0.8, "beta_enc": 0.5190159840736788}, "datetime": {"elapsed": 1615.921185, "datetime": "2020-11-23 15:08:46", "delta": 18.537527}}
{"target": 5.784222222222222, "params": {"k": 5.0, "beta_rec": 0.9015625846693213, "gamma_fc": 0.09357709581748075, "cue_position": 0.0, "enc_rate": 0.8, "beta_enc": 0.9759890683309049}, "datetime": {"elapsed": 1634.421073, "datetime": "2020-11-23 15:09:04", "delta": 18.499888}}
{"target": 5.9782222222222225, "params": {"k": 5.0, "beta_rec": 0.37543483316785775, "gamma_fc": 0.9727875919326552, "cue_position": 0.0, "enc_rate": 0.8, "beta_enc": 0.4517331486914753}, "datetime": {"elapsed": 1653.407782, "datetime": "2020-11-23 15:09:23", "delta": 18.986709}}
{"target": 6.293777777777777, "params": {"k": 5.0, "beta_rec": 0.6326158167779973, "gamma_fc": 0.013136356923072245, "cue_position": 0.0, "enc_rate": 0.8, "beta_enc": 0.8242378396244978}, "datetime": {"elapsed": 1672.750083, "datetime": "2020-11-23 15:09:43", "delta": 19.342301}}
{"target": 6.503777777777778, "params": {"k": 5.0, "beta_rec": 0.7300912110901043, "gamma_fc": 0.13766274094560316, "cue_position": 0.0, "enc_rate": 0.8, "beta_enc": 0.49207180149355845}, "datetime": {"elapsed": 1692.491957, "datetime": "2020-11-23 15:10:03", "delta": 19.741874}}
{"target": 5.301777777777778, "params": {"k": 5.0, "beta_rec": 0.3199528380776784, "gamma_fc": 0.33870802548167966, "cue_position": 0.0, "enc_rate": 0.8, "beta_enc": 0.7582782604769962}, "datetime": {"elapsed": 1710.12224, "datetime": "2020-11-23 15:10:20", "delta": 17.630283}}
{"target": 5.536888888888889, "params": {"k": 5.0, "beta_rec": 0.46385778390029564, "gamma_fc": 0.5045191697009946, "cue_position": 0.0, "enc_rate": 0.8, "beta_enc": 0.7548914570605327}, "datetime": {"elapsed": 1728.288398, "datetime": "2020-11-23 15:10:38", "delta": 18.166158}}
{"target": 4.306666666666667, "params": {"k": 5.0, "beta_rec": 0.13033578095435427, "gamma_fc": 0.8099887106624163, "cue_position": 0.0, "enc_rate": 0.8, "beta_enc": 0.7701499563120922}, "datetime": {"elapsed": 1744.242047, "datetime": "2020-11-23 15:10:54", "delta": 15.953649}}
{"target": 6.003111111111112, "params": {"k": 5.0, "beta_rec": 0.6868082266569918, "gamma_fc": 0.6443610847569929, "cue_position": 0.0, "enc_rate": 0.8, "beta_enc": 0.6724698446537339}, "datetime": {"elapsed": 1763.062776, "datetime": "2020-11-23 15:11:13", "delta": 18.820729}}
{"target": 6.161777777777777, "params": {"k": 5.0, "beta_rec": 0.8593178060976, "gamma_fc": 0.6736984238986317, "cue_position": 0.0, "enc_rate": 0.8, "beta_enc": 0.4844284455143756}, "datetime": {"elapsed": 1782.178167, "datetime": "2020-11-23 15:11:32", "delta": 19.115391}}
{"target": 6.209333333333333, "params": {"k": 5.0, "beta_rec": 0.5605299905360588, "gamma_fc": 0.8558283672539277, "cue_position": 0.0, "enc_rate": 0.8, "beta_enc": 0.27411977516685215}, "datetime": {"elapsed": 1801.472046, "datetime": "2020-11-23 15:11:52", "delta": 19.293879}}
{"target": 4.800222222222223, "params": {"k": 5.0, "beta_rec": 0.2896027461868774, "gamma_fc": 0.8076984091122095, "cue_position": 0.0, "enc_rate": 0.8, "beta_enc": 0.7473208103319232}, "datetime": {"elapsed": 1818.215036, "datetime": "2020-11-23 15:12:08", "delta": 16.74299}}
{"target": 6.233777777777777, "params": {"k": 5.0, "beta_rec": 0.7672845084217665, "gamma_fc": 0.7444731530777321, "cue_position": 0.0, "enc_rate": 0.8, "beta_enc": 0.21369323762958115}, "datetime": {"elapsed": 1837.498137, "datetime": "2020-11-23 15:12:28", "delta": 19.283101}}
{"target": 6.294222222222222, "params": {"k": 5.0, "beta_rec": 0.1989479234270667, "gamma_fc": 0.026627884691621473, "cue_position": 0.0, "enc_rate": 0.8, "beta_enc": 0.21411213682064845}, "datetime": {"elapsed": 1856.947187, "datetime": "2020-11-23 15:12:47", "delta": 19.44905}}
{"target": 6.682666666666667, "params": {"k": 5.0, "beta_rec": 0.7997765368973863, "gamma_fc": 0.20762566180381437, "cue_position": 0.0, "enc_rate": 0.8, "beta_enc": 0.6745640237634105}, "datetime": {"elapsed": 1876.99263, "datetime": "2020-11-23 15:13:07", "delta": 20.045443}}
{"target": 6.045777777777778, "params": {"k": 5.0, "beta_rec": 0.5538846110514143, "gamma_fc": 0.43530595762951996, "cue_position": 0.0, "enc_rate": 0.8, "beta_enc": 0.7113145181364867}, "datetime": {"elapsed": 1896.012072, "datetime": "2020-11-23 15:13:26", "delta": 19.019442}}
{"target": 6.186000000000001, "params": {"k": 5.0, "beta_rec": 0.47803130796528337, "gamma_fc": 0.15983365034409336, "cue_position": 0.0, "enc_rate": 0.8, "beta_enc": 0.7060518043359332}, "datetime": {"elapsed": 1915.5185, "datetime": "2020-11-23 15:13:46", "delta": 19.506428}}
{"target": 6.341111111111111, "params": {"k": 5.0, "beta_rec": 0.40420190577514725, "gamma_fc": 0.18874506687718595, "cue_position": 0.0, "enc_rate": 0.8, "beta_enc": 0.43118175516037094}, "datetime": {"elapsed": 1935.04003, "datetime": "2020-11-23 15:14:05", "delta": 19.52153}}
{"target": 4.756666666666666, "params": {"k": 5.0, "beta_rec": 0.21073239208332073, "gamma_fc": 0.6382187106203334, "cue_position": 0.0, "enc_rate": 0.8, "beta_enc": 0.7543059505762987}, "datetime": {"elapsed": 1951.99378, "datetime": "2020-11-23 15:14:22", "delta": 16.95375}}
{"target": 6.231777777777777, "params": {"k": 5.0, "beta_rec": 0.7316064712415088, "gamma_fc": 0.7821818168314053, "cue_position": 0.0, "enc_rate": 0.8, "beta_enc": 0.29548228565549706}, "datetime": {"elapsed": 1971.274334, "datetime": "2020-11-23 15:14:41", "delta": 19.280554}}
{"target": 4.422888888888889, "params": {"k": 5.0, "beta_rec": 0.1922500168221477, "gamma_fc": 0.08010364380604929, "cue_position": 0.0, "enc_rate": 0.8, "beta_enc": 0.8352716024899659}, "datetime": {"elapsed": 1987.44346, "datetime": "2020-11-23 15:14:58", "delta": 16.169126}}
{"target": 6.362666666666667, "params": {"k": 5.0, "beta_rec": 0.5306974384761395, "gamma_fc": 0.20645405888943302, "cue_position": 0.0, "enc_rate": 0.8, "beta_enc": 0.37015417755373825}, "datetime": {"elapsed": 2006.990181, "datetime": "2020-11-23 15:15:17", "delta": 19.546721}}
{"target": 5.905333333333334, "params": {"k": 5.0, "beta_rec": 0.2615495518329871, "gamma_fc": 0.7875518396525072, "cue_position": 0.0, "enc_rate": 0.8, "beta_enc": 0.5079216999452875}, "datetime": {"elapsed": 2025.863182, "datetime": "2020-11-23 15:15:36", "delta": 18.873001}}
{"target": 2.2666666666666666, "params": {"k": 5.0, "beta_rec": 0.17716116443841734, "gamma_fc": 0.7871162896558341, "cue_position": 0.0, "enc_rate": 0.8, "beta_enc": 0.9857088237131878}, "datetime": {"elapsed": 2038.096238, "datetime": "2020-11-23 15:15:48", "delta": 12.233056}}
{"target": 6.468888888888889, "params": {"k": 5.0, "beta_rec": 0.7400775431590716, "gamma_fc": 0.2166172083287794, "cue_position": 0.0, "enc_rate": 0.8, "beta_enc": 0.5279039784081266}, "datetime": {"elapsed": 2057.814138, "datetime": "2020-11-23 15:16:08", "delta": 19.7179}}
{"target": 4.750444444444445, "params": {"k": 5.0, "beta_rec": 0.17654903427708302, "gamma_fc": 0.8602369974231152, "cue_position": 0.0, "enc_rate": 0.8, "beta_enc": 0.7229151935562137}, "datetime": {"elapsed": 2074.600057, "datetime": "2020-11-23 15:16:25", "delta": 16.785919}}
{"target": 6.3151111111111105, "params": {"k": 5.0, "beta_rec": 0.7587469310223366, "gamma_fc": 0.2780850486129828, "cue_position": 0.0, "enc_rate": 0.8, "beta_enc": 0.4032204721058492}, "datetime": {"elapsed": 2094.337201, "datetime": "2020-11-23 15:16:44", "delta": 19.737144}}
{"target": 3.997555555555555, "params": {"k": 5.0, "beta_rec": 0.8578971045378938, "gamma_fc": 0.706956245248761, "cue_position": 0.0, "enc_rate": 0.8, "beta_enc": 0.9339026083148878}, "datetime": {"elapsed": 2109.785623, "datetime": "2020-11-23 15:17:00", "delta": 15.448422}}
{"target": 6.239111111111111, "params": {"k": 5.0, "beta_rec": 0.7703225253299576, "gamma_fc": 0.4018659239678374, "cue_position": 0.0, "enc_rate": 0.8, "beta_enc": 0.3748759435368594}, "datetime": {"elapsed": 2129.328541, "datetime": "2020-11-23 15:17:19", "delta": 19.542918}}
{"target": 6.526000000000001, "params": {"k": 5.0, "beta_rec": 0.7748966467245978, "gamma_fc": 0.12076718430922972, "cue_position": 0.0, "enc_rate": 0.8, "beta_enc": 0.0031128578251921057}, "datetime": {"elapsed": 2149.282859, "datetime": "2020-11-23 15:17:39", "delta": 19.954318}}
{"target": 6.369333333333333, "params": {"k": 5.0, "beta_rec": 0.8830285085638342, "gamma_fc": 0.13835468979294652, "cue_position": 0.0, "enc_rate": 0.8, "beta_enc": 0.3020967312900983}, "datetime": {"elapsed": 2168.828016, "datetime": "2020-11-23 15:17:59", "delta": 19.545157}}
{"target": 5.5857777777777775, "params": {"k": 5.0, "beta_rec": 0.3241385298974466, "gamma_fc": 0.8281353607315121, "cue_position": 0.0, "enc_rate": 0.8, "beta_enc": 0.6138710897412526}, "datetime": {"elapsed": 2187.095106, "datetime": "2020-11-23 15:18:17", "delta": 18.26709}}
{"target": 6.306444444444445, "params": {"k": 5.0, "beta_rec": 0.6749716048091052, "gamma_fc": 0.31476568732401644, "cue_position": 0.0, "enc_rate": 0.8, "beta_enc": 0.3456988211755023}, "datetime": {"elapsed": 2206.491454, "datetime": "2020-11-23 15:18:37", "delta": 19.396348}}
{"target": 4.186222222222222, "params": {"k": 5.0, "beta_rec": 0.4476890001456285, "gamma_fc": 0.6562293317171314, "cue_position": 0.0, "enc_rate": 0.8, "beta_enc": 0.8773604746948126}, "datetime": {"elapsed": 2222.210371, "datetime": "2020-11-23 15:18:52", "delta": 15.718917}}
{"target": 6.207999999999999, "params": {"k": 5.0, "beta_rec": 0.9093119886549367, "gamma_fc": 0.5047006080958943, "cue_position": 0.0, "enc_rate": 0.8, "beta_enc": 0.43298150696764814}, "datetime": {"elapsed": 2241.514267, "datetime": "2020-11-23 15:19:12", "delta": 19.303896}}
{"target": 3.7019999999999995, "params": {"k": 5.0, "beta_rec": 0.06780693434095375, "gamma_fc": 0.5178600481723219, "cue_position": 0.0, "enc_rate": 0.8, "beta_enc": 0.8428998401928499}, "datetime": {"elapsed": 2256.399776, "datetime": "2020-11-23 15:19:26", "delta": 14.885509}}
{"target": 3.8133333333333335, "params": {"k": 5.0, "beta_rec": 0.25163914235585283, "gamma_fc": 0.9488362882802196, "cue_position": 0.0, "enc_rate": 0.8, "beta_enc": 0.8479393924434762}, "datetime": {"elapsed": 2271.492971, "datetime": "2020-11-23 15:19:42", "delta": 15.093195}}
{"target": 3.448888888888889, "params": {"k": 5.0, "beta_rec": 0.007932876194523097, "gamma_fc": 0.3221295136147696, "cue_position": 0.0, "enc_rate": 0.8, "beta_enc": 0.8379779620477293}, "datetime": {"elapsed": 2285.920549, "datetime": "2020-11-23 15:19:56", "delta": 14.427578}}
{"target": 6.426888888888888, "params": {"k": 5.0, "beta_rec": 0.8227300054219355, "gamma_fc": 0.2557451938059312, "cue_position": 0.0, "enc_rate": 0.8, "beta_enc": 0.008939102371245067}, "datetime": {"elapsed": 2305.664105, "datetime": "2020-11-23 15:20:16", "delta": 19.743556}}
{"target": 5.922666666666667, "params": {"k": 5.0, "beta_rec": 0.13433860865569613, "gamma_fc": 0.49154515001693533, "cue_position": 0.0, "enc_rate": 0.8, "beta_enc": 0.47786200443222115}, "datetime": {"elapsed": 2324.301922, "datetime": "2020-11-23 15:20:34", "delta": 18.637817}}
{"target": 6.3757777777777775, "params": {"k": 5.0, "beta_rec": 0.6834649001663011, "gamma_fc": 0.1895517028339273, "cue_position": 0.0, "enc_rate": 0.8, "beta_enc": 0.41857802576409864}, "datetime": {"elapsed": 2343.90491, "datetime": "2020-11-23 15:20:54", "delta": 19.602988}}
{"target": 6.1979999999999995, "params": {"k": 5.0, "beta_rec": 0.10345955611640134, "gamma_fc": 0.7159456994623945, "cue_position": 0.0, "enc_rate": 0.8, "beta_enc": 0.2942156882442547}, "datetime": {"elapsed": 2363.186916, "datetime": "2020-11-23 15:21:13", "delta": 19.282006}}
{"target": 4.870444444444444, "params": {"k": 5.0, "beta_rec": 0.5070799232841364, "gamma_fc": 0.7778484768591754, "cue_position": 0.0, "enc_rate": 0.8, "beta_enc": 0.7945783511847522}, "datetime": {"elapsed": 2380.07943, "datetime": "2020-11-23 15:21:30", "delta": 16.892514}}
{"target": 5.426444444444444, "params": {"k": 5.0, "beta_rec": 0.1797942976929744, "gamma_fc": 0.4086372250132624, "cue_position": 0.0, "enc_rate": 0.8, "beta_enc": 0.6477706331874812}, "datetime": {"elapsed": 2398.030605, "datetime": "2020-11-23 15:21:48", "delta": 17.951175}}
{"target": 6.197111111111111, "params": {"k": 5.0, "beta_rec": 0.9752223424373121, "gamma_fc": 0.6363061258559836, "cue_position": 0.0, "enc_rate": 0.8, "beta_enc": 0.4069219941293579}, "datetime": {"elapsed": 2417.275493, "datetime": "2020-11-23 15:22:07", "delta": 19.244888}}
{"target": 5.428222222222222, "params": {"k": 5.0, "beta_rec": 0.6195867393685738, "gamma_fc": 0.43293850873416306, "cue_position": 0.0, "enc_rate": 0.8, "beta_enc": 0.8574844990835966}, "datetime": {"elapsed": 2435.118694, "datetime": "2020-11-23 15:22:25", "delta": 17.843201}}
{"target": 6.279999999999999, "params": {"k": 5.0, "beta_rec": 0.6973688756131394, "gamma_fc": 0.2952887943998478, "cue_position": 0.0, "enc_rate": 0.8, "beta_enc": 0.33027693652508094}, "datetime": {"elapsed": 2454.45364, "datetime": "2020-11-23 15:22:45", "delta": 19.334946}}
{"target": 6.191555555555555, "params": {"k": 5.0, "beta_rec": 0.8553564125953698, "gamma_fc": 0.585348458938251, "cue_position": 0.0, "enc_rate": 0.8, "beta_enc": 0.4879214918052024}, "datetime": {"elapsed": 2473.687362, "datetime": "2020-11-23 15:23:04", "delta": 19.233722}}
{"target": 6.193555555555556, "params": {"k": 5.0, "beta_rec": 0.9218683054838154, "gamma_fc": 0.6824537097668154, "cue_position": 0.0, "enc_rate": 0.8, "beta_enc": 0.4461172190344297}, "datetime": {"elapsed": 2492.968808, "datetime": "2020-11-23 15:23:23", "delta": 19.281446}}
{"target": 6.243333333333334, "params": {"k": 5.0, "beta_rec": 0.4167239623706961, "gamma_fc": 0.7797442954825999, "cue_position": 0.0, "enc_rate": 0.8, "beta_enc": 0.013767512557716799}, "datetime": {"elapsed": 2512.402717, "datetime": "2020-11-23 15:23:42", "delta": 19.433909}}
{"target": 6.126666666666667, "params": {"k": 5.0, "beta_rec": 0.14459772083809674, "gamma_fc": 0.6884973179489188, "cue_position": 0.0, "enc_rate": 0.8, "beta_enc": 0.34195283630245243}, "datetime": {"elapsed": 2531.613785, "datetime": "2020-11-23 15:24:02", "delta": 19.211068}}
{"target": 5.365555555555555, "params": {"k": 5.0, "beta_rec": 0.22729754091594956, "gamma_fc": 0.3553079116201222, "cue_position": 0.0, "enc_rate": 0.8, "beta_enc": 0.6923601216234089}, "datetime": {"elapsed": 2549.474578, "datetime": "2020-11-23 15:24:20", "delta": 17.860793}}
{"target": 6.586222222222221, "params": {"k": 5.0, "beta_rec": 0.7073166026816995, "gamma_fc": 0.16994071421725776, "cue_position": 0.0, "enc_rate": 0.8, "beta_enc": 0.6316466268659396}, "datetime": {"elapsed": 2569.506771, "datetime": "2020-11-23 15:24:40", "delta": 20.032193}}
{"target": 6.276000000000001, "params": {"k": 5.0, "beta_rec": 0.8753327263545391, "gamma_fc": 0.42893233402990294, "cue_position": 0.0, "enc_rate": 0.8, "beta_enc": 0.5141750435258828}, "datetime": {"elapsed": 2588.996613, "datetime": "2020-11-23 15:24:59", "delta": 19.489842}}
{"target": 6.294222222222222, "params": {"k": 5.0, "beta_rec": 0.34244064113481054, "gamma_fc": 0.8003322457764017, "cue_position": 0.0, "enc_rate": 0.8, "beta_enc": 0.16151077048601192}, "datetime": {"elapsed": 2608.663559, "datetime": "2020-11-23 15:25:19", "delta": 19.666946}}
{"target": 5.343777777777778, "params": {"k": 5.0, "beta_rec": 0.14546561026621996, "gamma_fc": 0.8596509535692011, "cue_position": 0.0, "enc_rate": 0.8, "beta_enc": 0.6070154607890389}, "datetime": {"elapsed": 2626.49031, "datetime": "2020-11-23 15:25:37", "delta": 17.826751}}
{"target": 5.115111111111111, "params": {"k": 5.0, "beta_rec": 0.12475130006917923, "gamma_fc": 0.9482991740726651, "cue_position": 0.0, "enc_rate": 0.8, "beta_enc": 0.633474012622421}, "datetime": {"elapsed": 2643.89973, "datetime": "2020-11-23 15:25:54", "delta": 17.40942}}
{"target": 6.293111111111111, "params": {"k": 5.0, "beta_rec": 0.639126848719905, "gamma_fc": 0.42803746946827015, "cue_position": 0.0, "enc_rate": 0.8, "beta_enc": 0.15172487103197363}, "datetime": {"elapsed": 2663.357583, "datetime": "2020-11-23 15:26:13", "delta": 19.457853}}
{"target": 6.596666666666667, "params": {"k": 5.0, "beta_rec": 0.7511210403719374, "gamma_fc": 0.06473998344154885, "cue_position": 0.0, "enc_rate": 0.8, "beta_enc": 0.8499698885159654}, "datetime": {"elapsed": 2683.328757, "datetime": "2020-11-23 15:26:33", "delta": 19.971174}}
{"target": 6.294666666666666, "params": {"k": 5.0, "beta_rec": 0.19949554613856135, "gamma_fc": 0.6236704109977018, "cue_position": 0.0, "enc_rate": 0.8, "beta_enc": 0.05299454266798953}, "datetime": {"elapsed": 2702.831827, "datetime": "2020-11-23 15:26:53", "delta": 19.50307}}
{"target": 6.199111111111111, "params": {"k": 5.0, "beta_rec": 0.06103668111967109, "gamma_fc": 0.3785805932506022, "cue_position": 0.0, "enc_rate": 0.8, "beta_enc": 0.28462388100694214}, "datetime": {"elapsed": 2722.248932, "datetime": "2020-11-23 15:27:12", "delta": 19.417105}}
{"target": 5.225333333333333, "params": {"k": 5.0, "beta_rec": 0.34037929076546725, "gamma_fc": 0.5256694443509794, "cue_position": 0.0, "enc_rate": 0.8, "beta_enc": 0.7470048290299451}, "datetime": {"elapsed": 2739.894484, "datetime": "2020-11-23 15:27:30", "delta": 17.645552}}
{"target": 5.839111111111111, "params": {"k": 5.0, "beta_rec": 0.3506565024321674, "gamma_fc": 0.3824674572709176, "cue_position": 0.0, "enc_rate": 0.8, "beta_enc": 0.6442320198790318}, "datetime": {"elapsed": 2758.565253, "datetime": "2020-11-23 15:27:49", "delta": 18.670769}}
{"target": 2.299777777777778, "params": {"k": 5.0, "beta_rec": 0.36437807036823044, "gamma_fc": 0.8891310891074828, "cue_position": 0.0, "enc_rate": 0.8, "beta_enc": 0.9794833541798064}, "datetime": {"elapsed": 2770.830497, "datetime": "2020-11-23 15:28:01", "delta": 12.265244}}
{"target": 6.261333333333334, "params": {"k": 5.0, "beta_rec": 0.9110192396569683, "gamma_fc": 0.5564069156709253, "cue_position": 0.0, "enc_rate": 0.8, "beta_enc": 0.24551868018650747}, "datetime": {"elapsed": 2790.275177, "datetime": "2020-11-23 15:28:20", "delta": 19.44468}}
{"target": 2.1377777777777776, "params": {"k": 5.0, "beta_rec": 0.05836264614763165, "gamma_fc": 0.5711757391862334, "cue_position": 0.0, "enc_rate": 0.8, "beta_enc": 0.9950523223391111}, "datetime": {"elapsed": 2802.188228, "datetime": "2020-11-23 15:28:32", "delta": 11.913051}}
{"target": 6.1033333333333335, "params": {"k": 5.0, "beta_rec": 0.9809236757505815, "gamma_fc": 0.7084608700517172, "cue_position": 0.0, "enc_rate": 0.8, "beta_enc": 0.6309592003395305}, "datetime": {"elapsed": 2821.320846, "datetime": "2020-11-23 15:28:51", "delta": 19.132618}}
{"target": 6.445333333333333, "params": {"k": 5.0, "beta_rec": 0.5285334901775651, "gamma_fc": 0.14222125307278666, "cue_position": 0.0, "enc_rate": 0.8, "beta_enc": 0.4948430841825636}, "datetime": {"elapsed": 2841.043207, "datetime": "2020-11-23 15:29:11", "delta": 19.722361}}
{"target": 6.2635555555555555, "params": {"k": 5.0, "beta_rec": 0.44887883670676554, "gamma_fc": 0.4090908319168599, "cue_position": 0.0, "enc_rate": 0.8, "beta_enc": 0.4770129944022632}, "datetime": {"elapsed": 2860.520757, "datetime": "2020-11-23 15:29:31", "delta": 19.47755}}
{"target": 6.221555555555556, "params": {"k": 5.0, "beta_rec": 0.4181361337253158, "gamma_fc": 0.5035095098483965, "cue_position": 0.0, "enc_rate": 0.8, "beta_enc": 0.07201203516976995}, "datetime": {"elapsed": 2879.860927, "datetime": "2020-11-23 15:29:50", "delta": 19.34017}}
{"target": 6.39088888888889, "params": {"k": 5.0, "beta_rec": 0.673041054216622, "gamma_fc": 0.14360699787420927, "cue_position": 0.0, "enc_rate": 0.8, "beta_enc": 0.10938291419358459}, "datetime": {"elapsed": 2899.572828, "datetime": "2020-11-23 15:30:10", "delta": 19.711901}}
