{"target": 6.2957777777777775, "params": {"k": 5.0, "beta_rec": 0.7969622519799001, "gamma_fc": 0.2902979970618682, "cue_position": 0.0, "enc_rate": 0.8, "beta_enc": 0.3992186053524538}, "datetime": {"elapsed": 2918.944818, "datetime": "2020-11-23 15:30:29", "delta": 19.37199}}
{"target": 6.3226666666666675, "params": {"k": 5.0, "beta_rec": 0.3986590599223787, "gamma_fc": 0.07091840047038722, "cue_position": 0.0, "enc_rate": 0.8, "beta_enc": 0.016715589077006432}, "datetime": {"elapsed": 2938.426501, "datetime": "2020-11-23 15:30:48", "delta": 19.481683}}
{"target": 6.282, "params": {"k": 5.0, "beta_rec": 0.11379635644740682, "gamma_fc": 0.32102631416731586, "cue_position": 0.0, "enc_rate": 0.8, "beta_enc": 0.016575882900934147}, "datetime": {"elapsed": 2957.803376, "datetime": "2020-11-23 15:31:08", "delta": 19.376875}}
{"target": 4.744666666666666, "params": {"k": 5.0, "beta_rec": 0.8344865140180296, "gamma_fc": 0.03972870668308481, "cue_position": 0.0, "enc_rate": 0.8, "beta_enc": 0.9934604630998499}, "datetime": {"elapsed": 2974.314819, "datetime": "2020-11-23 15:31:24", "delta": 16.511443}}
{"target": 6.214666666666667, "params": {"k": 5.0, "beta_rec": 0.3491674129570773, "gamma_fc": 0.5396491100933506, "cue_position": 0.0, "enc_rate": 0.8, "beta_enc": 0.4740062899880546}, "datetime": {"elapsed": 2993.59092, "datetime": "2020-11-23 15:31:44", "delta": 19.276101}}
{"target": 6.300222222222223, "params": {"k": 5.0, "beta_rec": 0.8770343892703519, "gamma_fc": 0.32836139008759013, "cue_position": 0.0, "enc_rate": 0.8, "beta_enc": 0.4466350458236905}, "datetime": {"elapsed": 3013.032523, "datetime": "2020-11-23 15:32:03", "delta": 19.441603}}
{"target": 6.203333333333334, "params": {"k": 5.0, "beta_rec": 0.6714291710812733, "gamma_fc": 0.8701917462053776, "cue_position": 0.0, "enc_rate": 0.8, "beta_enc": 0.22012867402698122}, "datetime": {"elapsed": 3032.246129, "datetime": "2020-11-23 15:32:22", "delta": 19.213606}}
{"target": 6.187111111111111, "params": {"k": 5.0, "beta_rec": 0.5715420927253323, "gamma_fc": 0.8741259355980283, "cue_position": 0.0, "enc_rate": 0.8, "beta_enc": 0.3860040110225955}, "datetime": {"elapsed": 3051.383933, "datetime": "2020-11-23 15:32:41", "delta": 19.137804}}
{"target": 4.608888888888888, "params": {"k": 5.0, "beta_rec": 0.2838018349468743, "gamma_fc": 0.5546673107876667, "cue_position": 0.0, "enc_rate": 0.8, "beta_enc": 0.8125073041746718}, "datetime": {"elapsed": 3067.697368, "datetime": "2020-11-23 15:32:58", "delta": 16.313435}}
{"target": 6.296888888888889, "params": {"k": 5.0, "beta_rec": 0.6687966059228697, "gamma_fc": 0.3258099666132048, "cue_position": 0.0, "enc_rate": 0.8, "beta_enc": 0.3117029177189814}, "datetime": {"elapsed": 3086.986524, "datetime": "2020-11-23 15:33:17", "delta": 19.289156}}
{"target": 6.892888888888889, "params": {"k": 5.0, "beta_rec": 0.7626320954451107, "gamma_fc": 0.041475079576498874, "cue_position": 0.0, "enc_rate": 0.8, "beta_enc": 0.7517077209192669}, "datetime": {"elapsed": 3107.245798, "datetime": "2020-11-23 15:33:37", "delta": 20.259274}}
{"target": 6.273777777777778, "params": {"k": 5.0, "beta_rec": 0.6938554113738997, "gamma_fc": 0.767788977658173, "cue_position": 0.0, "enc_rate": 0.8, "beta_enc": 0.03711266449399442}, "datetime": {"elapsed": 3126.4014, "datetime": "2020-11-23 15:33:56", "delta": 19.155602}}
{"target": 6.251777777777778, "params": {"k": 5.0, "beta_rec": 0.13479311796067905, "gamma_fc": 0.05231294643747675, "cue_position": 0.0, "enc_rate": 0.8, "beta_enc": 0.03985992663545257}, "datetime": {"elapsed": 3145.530654, "datetime": "2020-11-23 15:34:16", "delta": 19.129254}}
{"target": 6.283555555555556, "params": {"k": 5.0, "beta_rec": 0.6174610120171561, "gamma_fc": 0.4540590560591513, "cue_position": 0.0, "enc_rate": 0.8, "beta_enc": 0.5120610275239188}, "datetime": {"elapsed": 3164.761748, "datetime": "2020-11-23 15:34:35", "delta": 19.231094}}
{"target": 5.948666666666666, "params": {"k": 5.0, "beta_rec": 0.6562015477440989, "gamma_fc": 0.050912383516887205, "cue_position": 0.0, "enc_rate": 0.8, "beta_enc": 0.8730681484470995}, "datetime": {"elapsed": 3183.272572, "datetime": "2020-11-23 15:34:53", "delta": 18.510824}}
{"target": 6.260222222222223, "params": {"k": 5.0, "beta_rec": 0.4216578860324509, "gamma_fc": 0.4731119528858785, "cue_position": 0.0, "enc_rate": 0.8, "beta_enc": 0.0633434434563398}, "datetime": {"elapsed": 3202.446051, "datetime": "2020-11-23 15:35:13", "delta": 19.173479}}
{"target": 6.75911111111111, "params": {"k": 5.0, "beta_rec": 0.8414221567958434, "gamma_fc": 0.23941104413775594, "cue_position": 0.0, "enc_rate": 0.8, "beta_enc": 0.7728856021671178}, "datetime": {"elapsed": 3222.247498, "datetime": "2020-11-23 15:35:32", "delta": 19.801447}}
{"target": 3.078, "params": {"k": 5.0, "beta_rec": 0.6139340023847009, "gamma_fc": 0.8978507176676818, "cue_position": 0.0, "enc_rate": 0.8, "beta_enc": 0.9438926277837961}, "datetime": {"elapsed": 3235.675157, "datetime": "2020-11-23 15:35:46", "delta": 13.427659}}
{"target": 6.247333333333334, "params": {"k": 5.0, "beta_rec": 0.9408279632013994, "gamma_fc": 0.8704248568230661, "cue_position": 0.0, "enc_rate": 0.8, "beta_enc": 0.23581463714751372}, "datetime": {"elapsed": 3254.780502, "datetime": "2020-11-23 15:36:05", "delta": 19.105345}}
{"target": 5.950888888888889, "params": {"k": 5.0, "beta_rec": 0.7323748991793305, "gamma_fc": 0.8146191812616553, "cue_position": 0.0, "enc_rate": 0.8, "beta_enc": 0.6049268729742817}, "datetime": {"elapsed": 3273.425496, "datetime": "2020-11-23 15:36:23", "delta": 18.644994}}
{"target": 6.405111111111111, "params": {"k": 5.0, "beta_rec": 0.8424458099564136, "gamma_fc": 0.2482907289970986, "cue_position": 0.0, "enc_rate": 0.8, "beta_enc": 0.13051067133926597}, "datetime": {"elapsed": 3292.840782, "datetime": "2020-11-23 15:36:43", "delta": 19.415286}}
{"target": 4.857111111111111, "params": {"k": 5.0, "beta_rec": 0.42166593484970927, "gamma_fc": 0.20338083282405106, "cue_position": 0.0, "enc_rate": 0.8, "beta_enc": 0.8726861649194619}, "datetime": {"elapsed": 3309.512855, "datetime": "2020-11-23 15:37:00", "delta": 16.672073}}
{"target": 4.318222222222222, "params": {"k": 5.0, "beta_rec": 0.48675074481833813, "gamma_fc": 0.624821294185499, "cue_position": 0.0, "enc_rate": 0.8, "beta_enc": 0.8817706230828073}, "datetime": {"elapsed": 3325.168578, "datetime": "2020-11-23 15:37:15", "delta": 15.655723}}
{"target": 6.342666666666667, "params": {"k": 5.0, "beta_rec": 0.8837555081806009, "gamma_fc": 0.22700116521465796, "cue_position": 0.0, "enc_rate": 0.8, "beta_enc": 0.2821394484048606}, "datetime": {"elapsed": 3344.495849, "datetime": "2020-11-23 15:37:35", "delta": 19.327271}}
{"target": 6.242444444444445, "params": {"k": 5.0, "beta_rec": 0.13141566053746057, "gamma_fc": 0.6021836538927108, "cue_position": 0.0, "enc_rate": 0.8, "beta_enc": 0.23944623690468037}, "datetime": {"elapsed": 3363.628081, "datetime": "2020-11-23 15:37:54", "delta": 19.132232}}
{"target": 6.436888888888889, "params": {"k": 5.0, "beta_rec": 0.5956250981349497, "gamma_fc": 0.05917720718572239, "cue_position": 0.0, "enc_rate": 0.8, "beta_enc": 0.34567921329602547}, "datetime": {"elapsed": 3383.084606, "datetime": "2020-11-23 15:38:13", "delta": 19.456525}}
{"target": 4.63488888888889, "params": {"k": 5.0, "beta_rec": 0.5346790571795887, "gamma_fc": 0.0073189693278638, "cue_position": 0.0, "enc_rate": 0.8, "beta_enc": 0.9482094981876252}, "datetime": {"elapsed": 3399.335706, "datetime": "2020-11-23 15:38:29", "delta": 16.2511}}
{"target": 3.5366666666666666, "params": {"k": 5.0, "beta_rec": 0.5883673328938768, "gamma_fc": 0.822578152523871, "cue_position": 0.0, "enc_rate": 0.8, "beta_enc": 0.9176063476443932}, "datetime": {"elapsed": 3413.66002, "datetime": "2020-11-23 15:38:44", "delta": 14.324314}}
{"target": 6.213777777777778, "params": {"k": 5.0, "beta_rec": 0.12295477155217849, "gamma_fc": 0.1267357091420086, "cue_position": 0.0, "enc_rate": 0.8, "beta_enc": 0.3209863745244532}, "datetime": {"elapsed": 3432.840727, "datetime": "2020-11-23 15:39:03", "delta": 19.180707}}
{"target": 6.240666666666667, "params": {"k": 5.0, "beta_rec": 0.20018211641098693, "gamma_fc": 0.3033456717085691, "cue_position": 0.0, "enc_rate": 0.8, "beta_enc": 0.03606831456985993}, "datetime": {"elapsed": 3452.08076, "datetime": "2020-11-23 15:39:22", "delta": 19.240033}}
{"target": 2.891111111111111, "params": {"k": 5.0, "beta_rec": 0.5820299763434618, "gamma_fc": 0.5071194235482045, "cue_position": 0.0, "enc_rate": 0.8, "beta_enc": 0.9974849927283295}, "datetime": {"elapsed": 3465.323291, "datetime": "2020-11-23 15:39:35", "delta": 13.242531}}
{"target": 5.923777777777778, "params": {"k": 5.0, "beta_rec": 0.2641376442105696, "gamma_fc": 0.24444799937161088, "cue_position": 0.0, "enc_rate": 0.8, "beta_enc": 0.5878715062961865}, "datetime": {"elapsed": 3484.01968, "datetime": "2020-11-23 15:39:54", "delta": 18.696389}}
{"target": 4.677555555555555, "params": {"k": 5.0, "beta_rec": 0.07194722016400112, "gamma_fc": 0.8061631629534083, "cue_position": 0.0, "enc_rate": 0.8, "beta_enc": 0.6958461339323264}, "datetime": {"elapsed": 3500.462702, "datetime": "2020-11-23 15:40:11", "delta": 16.443022}}
{"target": 6.287333333333334, "params": {"k": 5.0, "beta_rec": 0.48169628302117706, "gamma_fc": 0.4487372588243219, "cue_position": 0.0, "enc_rate": 0.8, "beta_enc": 0.0800609772712173}, "datetime": {"elapsed": 3519.632419, "datetime": "2020-11-23 15:40:30", "delta": 19.169717}}
{"target": 5.793111111111111, "params": {"k": 5.0, "beta_rec": 0.6971485287527562, "gamma_fc": 0.760802456305756, "cue_position": 0.0, "enc_rate": 0.8, "beta_enc": 0.6816453376026229}, "datetime": {"elapsed": 3537.951396, "datetime": "2020-11-23 15:40:48", "delta": 18.318977}}
{"target": 3.979333333333334, "params": {"k": 5.0, "beta_rec": 0.23376869260410593, "gamma_fc": 0.3205646539951602, "cue_position": 0.0, "enc_rate": 0.8, "beta_enc": 0.9041029859138049}, "datetime": {"elapsed": 3553.049349, "datetime": "2020-11-23 15:41:03", "delta": 15.097953}}
{"target": 6.688444444444445, "params": {"k": 5.0, "beta_rec": 0.7600017523497489, "gamma_fc": 0.11503501205024624, "cue_position": 0.0, "enc_rate": 0.8, "beta_enc": 0.6135258996684316}, "datetime": {"elapsed": 3573.036833, "datetime": "2020-11-23 15:41:23", "delta": 19.987484}}
{"target": 6.2635555555555555, "params": {"k": 5.0, "beta_rec": 0.8207464986229382, "gamma_fc": 0.4911099613042962, "cue_position": 0.0, "enc_rate": 0.8, "beta_enc": 0.19384776750950716}, "datetime": {"elapsed": 3592.030963, "datetime": "2020-11-23 15:41:42", "delta": 18.99413}}
{"target": 6.21911111111111, "params": {"k": 5.0, "beta_rec": 0.461602080891622, "gamma_fc": 0.7293976982561526, "cue_position": 0.0, "enc_rate": 0.8, "beta_enc": 0.23507763668617032}, "datetime": {"elapsed": 3611.103531, "datetime": "2020-11-23 15:42:01", "delta": 19.072568}}
{"target": 6.178222222222223, "params": {"k": 5.0, "beta_rec": 0.8434941260636555, "gamma_fc": 0.6570654246228895, "cue_position": 0.0, "enc_rate": 0.8, "beta_enc": 0.33039174636170277}, "datetime": {"elapsed": 3630.09138, "datetime": "2020-11-23 15:42:20", "delta": 18.987849}}
{"target": 6.232222222222222, "params": {"k": 5.0, "beta_rec": 0.5295466104783949, "gamma_fc": 0.8709456091610533, "cue_position": 0.0, "enc_rate": 0.8, "beta_enc": 0.200727488035091}, "datetime": {"elapsed": 3649.188803, "datetime": "2020-11-23 15:42:39", "delta": 19.097423}}
{"target": 6.211111111111111, "params": {"k": 5.0, "beta_rec": 0.6830743663365642, "gamma_fc": 0.8785878632047704, "cue_position": 0.0, "enc_rate": 0.8, "beta_enc": 0.32984456268188234}, "datetime": {"elapsed": 3668.373795, "datetime": "2020-11-23 15:42:58", "delta": 19.184992}}
{"target": 4.9768888888888885, "params": {"k": 5.0, "beta_rec": 0.6671187886992039, "gamma_fc": 0.6353709614884534, "cue_position": 0.0, "enc_rate": 0.8, "beta_enc": 0.8497689100179306}, "datetime": {"elapsed": 3685.311388, "datetime": "2020-11-23 15:43:15", "delta": 16.937593}}
{"target": 6.936666666666666, "params": {"k": 5.0, "beta_rec": 0.967165821906102, "gamma_fc": 0.15013321986530598, "cue_position": 0.0, "enc_rate": 0.8, "beta_enc": 0.8386120021861466}, "datetime": {"elapsed": 3709.667929, "datetime": "2020-11-23 15:43:40", "delta": 24.356541}}
{"target": 7.057777777777778, "params": {"k": 5.0, "beta_rec": 0.8028889402635626, "gamma_fc": 0.0, "cue_position": 0.0, "enc_rate": 0.8, "beta_enc": 0.7338130667323108}, "datetime": {"elapsed": 3733.258401, "datetime": "2020-11-23 15:44:03", "delta": 23.590472}}
{"target": 7.022666666666666, "params": {"k": 5.0, "beta_rec": 0.8355684495180893, "gamma_fc": 0.0, "cue_position": 0.0, "enc_rate": 0.8, "beta_enc": 0.7453816825122161}, "datetime": {"elapsed": 3756.134701, "datetime": "2020-11-23 15:44:26", "delta": 22.8763}}
{"target": 6.959333333333333, "params": {"k": 5.0, "beta_rec": 0.8293437660887485, "gamma_fc": 0.0013164239071381534, "cue_position": 0.0, "enc_rate": 0.8, "beta_enc": 0.6899046660987204}, "datetime": {"elapsed": 3779.109938, "datetime": "2020-11-23 15:44:49", "delta": 22.975237}}
{"target": 6.730888888888889, "params": {"k": 5.0, "beta_rec": 1.0, "gamma_fc": 0.2227120362956776, "cue_position": 0.0, "enc_rate": 0.8, "beta_enc": 0.8652822889009721}, "datetime": {"elapsed": 3801.725462, "datetime": "2020-11-23 15:45:12", "delta": 22.615524}}
{"target": 1.0, "params": {"k": 5.0, "beta_rec": 1.0, "gamma_fc": 0.0, "cue_position": 0.0, "enc_rate": 0.8, "beta_enc": 0.0}, "datetime": {"elapsed": 3814.146038, "datetime": "2020-11-23 15:45:24", "delta": 12.420576}}
{"target": 7.015777777777776, "params": {"k": 5.0, "beta_rec": 0.8061783128445897, "gamma_fc": 0.0, "cue_position": 0.0, "enc_rate": 0.8, "beta_enc": 0.7572317898619451}, "datetime": {"elapsed": 3839.514389, "datetime": "2020-11-23 15:45:50", "delta": 25.368351}}
{"target": 6.973777777777778, "params": {"k": 5.0, "beta_rec": 0.8177785892780071, "gamma_fc": 0.01967212373487841, "cue_position": 0.0, "enc_rate": 0.8, "beta_enc": 0.7323843788340533}, "datetime": {"elapsed": 3864.690987, "datetime": "2020-11-23 15:46:15", "delta": 25.176598}}
{"target": 6.192222222222222, "params": {"k": 5.0, "beta_rec": 1.0, "gamma_fc": 0.6868430636464564, "cue_position": 0.0, "enc_rate": 0.8, "beta_enc": 0.0}, "datetime": {"elapsed": 3888.202308, "datetime": "2020-11-23 15:46:38", "delta": 23.511321}}
{"target": 6.4684444444444456, "params": {"k": 5.0, "beta_rec": 1.0, "gamma_fc": 0.193315611442199, "cue_position": 0.0, "enc_rate": 0.8, "beta_enc": 0.6721391572646284}, "datetime": {"elapsed": 3912.079515, "datetime": "2020-11-23 15:47:02", "delta": 23.877207}}
{"target": 6.446, "params": {"k": 5.0, "beta_rec": 0.42241107007057765, "gamma_fc": 0.0, "cue_position": 0.0, "enc_rate": 0.8, "beta_enc": 0.5039879707648929}, "datetime": {"elapsed": 3937.003861, "datetime": "2020-11-23 15:47:27", "delta": 24.924346}}
{"target": 6.191111111111111, "params": {"k": 5.0, "beta_rec": 1.0, "gamma_fc": 1.0, "cue_position": 0.0, "enc_rate": 0.8, "beta_enc": 0.0}, "datetime": {"elapsed": 3960.526901, "datetime": "2020-11-23 15:47:51", "delta": 23.52304}}
{"target": 6.5793333333333335, "params": {"k": 5.0, "beta_rec": 0.9340831844450294, "gamma_fc": 0.23110287675584776, "cue_position": 0.0, "enc_rate": 0.8, "beta_enc": 0.0}, "datetime": {"elapsed": 3984.935864, "datetime": "2020-11-23 15:48:15", "delta": 24.408963}}
{"target": 5.786, "params": {"k": 5.0, "beta_rec": 1.0, "gamma_fc": 0.0, "cue_position": 0.0, "enc_rate": 0.8, "beta_enc": 0.7913528502938797}, "datetime": {"elapsed": 4007.323036, "datetime": "2020-11-23 15:48:37", "delta": 22.387172}}
{"target": 6.271333333333333, "params": {"k": 5.0, "beta_rec": 0.592608310137402, "gamma_fc": 1.0, "cue_position": 0.0, "enc_rate": 0.8, "beta_enc": 0.0}, "datetime": {"elapsed": 4031.048756, "datetime": "2020-11-23 15:49:01", "delta": 23.72572}}
{"target": 6.5328888888888885, "params": {"k": 5.0, "beta_rec": 0.8812252616097298, "gamma_fc": 0.17657879006937904, "cue_position": 0.0, "enc_rate": 0.8, "beta_enc": 0.06122240450281025}, "datetime": {"elapsed": 4056.016417, "datetime": "2020-11-23 15:49:26", "delta": 24.967661}}
{"target": 6.246444444444444, "params": {"k": 5.0, "beta_rec": 0.0, "gamma_fc": 0.0, "cue_position": 0.0, "enc_rate": 0.8, "beta_enc": 0.0}, "datetime": {"elapsed": 4079.558375, "datetime": "2020-11-23 15:49:50", "delta": 23.541958}}
{"target": 6.223111111111111, "params": {"k": 5.0, "beta_rec": 0.0, "gamma_fc": 1.0, "cue_position": 0.0, "enc_rate": 0.8, "beta_enc": 0.0}, "datetime": {"elapsed": 4103.3028, "datetime": "2020-11-23 15:50:13", "delta": 23.744425}}
{"target": 6.6786666666666665, "params": {"k": 5.0, "beta_rec": 0.5838071446426062, "gamma_fc": 0.0, "cue_position": 0.0, "enc_rate": 0.8, "beta_enc": 0.6186526770803216}, "datetime": {"elapsed": 4128.357818, "datetime": "2020-11-23 15:50:38", "delta": 25.055018}}
{"target": 6.903777777777778, "params": {"k": 5.0, "beta_rec": 0.9388817015952734, "gamma_fc": 0.19382976241103855, "cue_position": 0.0, "enc_rate": 0.8, "beta_enc": 0.8083984975794924}, "datetime": {"elapsed": 4154.078874, "datetime": "2020-11-23 15:51:04", "delta": 25.721056}}
{"target": 6.212666666666666, "params": {"k": 5.0, "beta_rec": 0.0, "gamma_fc": 0.17662277318876587, "cue_position": 0.0, "enc_rate": 0.8, "beta_enc": 0.1371095125392585}, "datetime": {"elapsed": 4178.282036, "datetime": "2020-11-23 15:51:28", "delta": 24.203162}}
{"target": 6.396222222222223, "params": {"k": 5.0, "beta_rec": 1.0, "gamma_fc": 0.42914927561511895, "cue_position": 0.0, "enc_rate": 0.8, "beta_enc": 0.7046826279523396}, "datetime": {"elapsed": 4202.878932, "datetime": "2020-11-23 15:51:53", "delta": 24.596896}}
{"target": 6.015777777777777, "params": {"k": 5.0, "beta_rec": 1.0, "gamma_fc": 1.0, "cue_position": 0.0, "enc_rate": 0.8, "beta_enc": 0.3753999432454858}, "datetime": {"elapsed": 4227.374464, "datetime": "2020-11-23 15:52:17", "delta": 24.495532}}
{"target": 6.360888888888889, "params": {"k": 5.0, "beta_rec": 0.5907244992706046, "gamma_fc": 0.07143849229791142, "cue_position": 0.0, "enc_rate": 0.8, "beta_enc": 0.0}, "datetime": {"elapsed": 4252.093513, "datetime": "2020-11-23 15:52:42", "delta": 24.719049}}
{"target": 6.547777777777777, "params": {"k": 5.0, "beta_rec": 0.8449251174783047, "gamma_fc": 0.0, "cue_position": 0.0, "enc_rate": 0.8, "beta_enc": 0.501370872619555}, "datetime": {"elapsed": 4277.261492, "datetime": "2020-11-23 15:53:07", "delta": 25.167979}}
{"target": 6.266222222222222, "params": {"k": 5.0, "beta_rec": 0.23630095873176882, "gamma_fc": 1.0, "cue_position": 0.0, "enc_rate": 0.8, "beta_enc": 0.0}, "datetime": {"elapsed": 4301.757457, "datetime": "2020-11-23 15:53:32", "delta": 24.495965}}
{"target": 5.815555555555556, "params": {"k": 5.0, "beta_rec": 0.0, "gamma_fc": 0.0, "cue_position": 0.0, "enc_rate": 0.8, "beta_enc": 0.4109157535645493}, "datetime": {"elapsed": 4325.777363, "datetime": "2020-11-23 15:53:56", "delta": 24.019906}}
{"target": 6.274222222222222, "params": {"k": 5.0, "beta_rec": 0.0, "gamma_fc": 0.6531692525540779, "cue_position": 0.0, "enc_rate": 0.8, "beta_enc": 0.0}, "datetime": {"elapsed": 4349.922298, "datetime": "2020-11-23 15:54:20", "delta": 24.144935}}
{"target": 6.417333333333334, "params": {"k": 5.0, "beta_rec": 0.7940705839370651, "gamma_fc": 0.3968899278200459, "cue_position": 0.0, "enc_rate": 0.8, "beta_enc": 0.7170073921352429}, "datetime": {"elapsed": 4374.579575, "datetime": "2020-11-23 15:54:45", "delta": 24.657277}}
{"target": 6.422666666666666, "params": {"k": 5.0, "beta_rec": 0.43763472409727827, "gamma_fc": 0.0, "cue_position": 0.0, "enc_rate": 0.8, "beta_enc": 0.3176124620997978}, "datetime": {"elapsed": 4399.695676, "datetime": "2020-11-23 15:55:10", "delta": 25.116101}}
{"target": 6.701555555555555, "params": {"k": 5.0, "beta_rec": 0.7415130273420467, "gamma_fc": 0.1656534956935359, "cue_position": 0.0, "enc_rate": 0.8, "beta_enc": 0.7669091726928321}, "datetime": {"elapsed": 4424.532518, "datetime": "2020-11-23 15:55:35", "delta": 24.836842}}
{"target": 6.262444444444445, "params": {"k": 5.0, "beta_rec": 0.0, "gamma_fc": 1.0, "cue_position": 0.0, "enc_rate": 0.8, "beta_enc": 0.1734885748169728}, "datetime": {"elapsed": 4448.256236, "datetime": "2020-11-23 15:55:58", "delta": 23.723718}}
{"target": 6.493555555555557, "params": {"k": 5.0, "beta_rec": 0.8876856338031383, "gamma_fc": 0.15189434362520807, "cue_position": 0.0, "enc_rate": 0.8, "beta_enc": 0.5324879363083926}, "datetime": {"elapsed": 4472.049979, "datetime": "2020-11-23 15:56:22", "delta": 23.793743}}
{"target": 6.291333333333332, "params": {"k": 5.0, "beta_rec": 0.0, "gamma_fc": 0.429992949253962, "cue_position": 0.0, "enc_rate": 0.8, "beta_enc": 0.0}, "datetime": {"elapsed": 4495.561368, "datetime": "2020-11-23 15:56:46", "delta": 23.511389}}
{"target": 6.625333333333333, "params": {"k": 5.0, "beta_rec": 0.6125516844506278, "gamma_fc": 0.0, "cue_position": 0.0, "enc_rate": 0.8, "beta_enc": 0.4842421322022616}, "datetime": {"elapsed": 4519.787786, "datetime": "2020-11-23 15:57:10", "delta": 24.226418}}
{"target": 6.244666666666666, "params": {"k": 5.0, "beta_rec": 0.7883972265919211, "gamma_fc": 1.0, "cue_position": 0.0, "enc_rate": 0.8, "beta_enc": 0.0}, "datetime": {"elapsed": 4543.85662, "datetime": "2020-11-23 15:57:34", "delta": 24.068834}}
{"target": 6.241777777777777, "params": {"k": 5.0, "beta_rec": 0.5956067100084788, "gamma_fc": 0.5792305332792178, "cue_position": 0.0, "enc_rate": 0.8, "beta_enc": 0.0}, "datetime": {"elapsed": 4567.41116, "datetime": "2020-11-23 15:57:57", "delta": 23.55454}}
{"target": 6.142222222222221, "params": {"k": 5.0, "beta_rec": 0.23379251409634916, "gamma_fc": 0.0, "cue_position": 0.0, "enc_rate": 0.8, "beta_enc": 0.45785455963402233}, "datetime": {"elapsed": 4590.651272, "datetime": "2020-11-23 15:58:21", "delta": 23.240112}}
