{"target": 7.471555555555556, "params": {"k": 3.0, "beta_enc": 0.3259898117700253, "gamma_fc": 0.6902278681627478, "enc_rate": 1.0, "beta_rec": 0.8594893208655858, "primacy": 0.8}, "datetime": {"elapsed": 2957.463946, "datetime": "2020-10-05 15:16:03", "delta": 38.199249}}
{"target": 7.436888888888889, "params": {"k": 3.0, "beta_enc": 0.2900968516874258, "gamma_fc": 0.3114442141324628, "enc_rate": 1.0, "beta_rec": 0.009348577966515781, "primacy": 0.8}, "datetime": {"elapsed": 2995.583022, "datetime": "2020-10-05 15:16:41", "delta": 38.119076}}
{"target": 7.352222222222221, "params": {"k": 3.0, "beta_enc": 0.426474788501396, "gamma_fc": 0.9318611166365406, "enc_rate": 1.0, "beta_rec": 0.2473960366023854, "primacy": 0.8}, "datetime": {"elapsed": 3033.663925, "datetime": "2020-10-05 15:17:20", "delta": 38.080903}}
{"target": 5.17911111111111, "params": {"k": 3.0, "beta_enc": 0.9202065143056605, "gamma_fc": 0.22730973628468876, "enc_rate": 1.0, "beta_rec": 0.22790028995131695, "primacy": 0.8}, "datetime": {"elapsed": 3064.690411, "datetime": "2020-10-05 15:17:51", "delta": 31.026486}}
{"target": 7.398666666666666, "params": {"k": 3.0, "beta_enc": 0.6070941619724605, "gamma_fc": 0.18513039826903066, "enc_rate": 1.0, "beta_rec": 0.41358641500116133, "primacy": 0.8}, "datetime": {"elapsed": 3102.675494, "datetime": "2020-10-05 15:18:29", "delta": 37.985083}}
{"target": 7.35911111111111, "params": {"k": 3.0, "beta_enc": 0.5742190888408597, "gamma_fc": 0.22881367096037586, "enc_rate": 1.0, "beta_rec": 0.34898759722078887, "primacy": 0.8}, "datetime": {"elapsed": 3140.434245, "datetime": "2020-10-05 15:19:06", "delta": 37.758751}}
{"target": 6.989111111111112, "params": {"k": 3.0, "beta_enc": 0.5190159840736788, "gamma_fc": 0.99675342520821, "enc_rate": 1.0, "beta_rec": 0.1747201501089225, "primacy": 0.8}, "datetime": {"elapsed": 3177.250331, "datetime": "2020-10-05 15:19:43", "delta": 36.816086}}
{"target": 7.088666666666667, "params": {"k": 3.0, "beta_enc": 0.9759890683309049, "gamma_fc": 0.032426325314457105, "enc_rate": 1.0, "beta_rec": 0.9015625846693213, "primacy": 0.8}, "datetime": {"elapsed": 3214.133642, "datetime": "2020-10-05 15:20:20", "delta": 36.883311}}
{"target": 7.474222222222222, "params": {"k": 3.0, "beta_enc": 0.4517331486914753, "gamma_fc": 0.1679832931996149, "enc_rate": 1.0, "beta_rec": 0.37543483316785775, "primacy": 0.8}, "datetime": {"elapsed": 3252.470862, "datetime": "2020-10-05 15:20:58", "delta": 38.33722}}
{"target": 6.616888888888889, "params": {"k": 3.0, "beta_enc": 0.8242378396244978, "gamma_fc": 0.47688233352119336, "enc_rate": 1.0, "beta_rec": 0.6326158167779973, "primacy": 0.8}, "datetime": {"elapsed": 3288.366725, "datetime": "2020-10-05 15:21:34", "delta": 35.895863}}
{"target": 7.386222222222223, "params": {"k": 3.0, "beta_enc": 0.49207180149355845, "gamma_fc": 0.4574049160894317, "enc_rate": 1.0, "beta_rec": 0.7300912110901043, "primacy": 0.8}, "datetime": {"elapsed": 3326.357273, "datetime": "2020-10-05 15:22:12", "delta": 37.990548}}
{"target": 6.650888888888889, "params": {"k": 3.0, "beta_enc": 0.7582782604769962, "gamma_fc": 0.220234226159156, "enc_rate": 1.0, "beta_rec": 0.3199528380776784, "primacy": 0.8}, "datetime": {"elapsed": 3362.052383, "datetime": "2020-10-05 15:22:48", "delta": 35.69511}}
{"target": 6.996888888888888, "params": {"k": 3.0, "beta_enc": 0.7548914570605327, "gamma_fc": 0.3125013784920495, "enc_rate": 1.0, "beta_rec": 0.46385778390029564, "primacy": 0.8}, "datetime": {"elapsed": 3398.923177, "datetime": "2020-10-05 15:23:25", "delta": 36.870794}}
{"target": 5.747111111111112, "params": {"k": 3.0, "beta_enc": 0.7701499563120922, "gamma_fc": 0.5190823222119895, "enc_rate": 1.0, "beta_rec": 0.13033578095435427, "primacy": 0.8}, "datetime": {"elapsed": 3432.020121, "datetime": "2020-10-05 15:23:58", "delta": 33.096944}}
{"target": 6.818444444444445, "params": {"k": 3.0, "beta_enc": 0.6724698446537339, "gamma_fc": 0.9147886867419343, "enc_rate": 1.0, "beta_rec": 0.6868082266569918, "primacy": 0.8}, "datetime": {"elapsed": 3468.49466, "datetime": "2020-10-05 15:24:34", "delta": 36.474539}}
{"target": 7.3226666666666675, "params": {"k": 3.0, "beta_enc": 0.4844284455143756, "gamma_fc": 0.6491541971124779, "enc_rate": 1.0, "beta_rec": 0.8593178060976, "primacy": 0.8}, "datetime": {"elapsed": 3506.590499, "datetime": "2020-10-05 15:25:12", "delta": 38.095839}}
{"target": 7.494222222222223, "params": {"k": 3.0, "beta_enc": 0.27411977516685215, "gamma_fc": 0.35242963021640883, "enc_rate": 1.0, "beta_rec": 0.5605299905360588, "primacy": 0.8}, "datetime": {"elapsed": 3546.318898, "datetime": "2020-10-05 15:25:52", "delta": 39.728399}}
{"target": 6.524000000000001, "params": {"k": 3.0, "beta_enc": 0.7473208103319232, "gamma_fc": 0.4277373293360762, "enc_rate": 1.0, "beta_rec": 0.2896027461868774, "primacy": 0.8}, "datetime": {"elapsed": 3581.650311, "datetime": "2020-10-05 15:26:28", "delta": 35.331413}}
{"target": 7.514444444444445, "params": {"k": 3.0, "beta_enc": 0.21369323762958115, "gamma_fc": 0.7332450677264275, "enc_rate": 1.0, "beta_rec": 0.7672845084217665, "primacy": 0.8}, "datetime": {"elapsed": 3620.034438, "datetime": "2020-10-05 15:27:06", "delta": 38.384127}}
{"target": 7.534666666666666, "params": {"k": 3.0, "beta_enc": 0.21411213682064845, "gamma_fc": 0.3770825992073341, "enc_rate": 1.0, "beta_rec": 0.1989479234270667, "primacy": 0.8}, "datetime": {"elapsed": 3658.485669, "datetime": "2020-10-05 15:27:44", "delta": 38.451231}}
{"target": 7.368666666666667, "params": {"k": 3.0, "beta_enc": 0.6745640237634105, "gamma_fc": 0.23170231048579204, "enc_rate": 1.0, "beta_rec": 0.7997765368973863, "primacy": 0.8}, "datetime": {"elapsed": 3696.349211, "datetime": "2020-10-05 15:28:22", "delta": 37.863542}}
{"target": 6.669555555555556, "params": {"k": 3.0, "beta_enc": 0.7113145181364867, "gamma_fc": 0.8348540476317985, "enc_rate": 1.0, "beta_rec": 0.5538846110514143, "primacy": 0.8}, "datetime": {"elapsed": 3731.850708, "datetime": "2020-10-05 15:28:58", "delta": 35.501497}}
{"target": 6.5053333333333345, "params": {"k": 3.0, "beta_enc": 0.7060518043359332, "gamma_fc": 0.9760435504677476, "enc_rate": 1.0, "beta_rec": 0.47803130796528337, "primacy": 0.8}, "datetime": {"elapsed": 3767.162476, "datetime": "2020-10-05 15:29:33", "delta": 35.311768}}
{"target": 7.3711111111111105, "params": {"k": 3.0, "beta_enc": 0.43118175516037094, "gamma_fc": 0.7293189193611234, "enc_rate": 1.0, "beta_rec": 0.40420190577514725, "primacy": 0.8}, "datetime": {"elapsed": 3805.078641, "datetime": "2020-10-05 15:30:11", "delta": 37.916165}}
{"target": 5.978666666666667, "params": {"k": 3.0, "beta_enc": 0.7543059505762987, "gamma_fc": 0.7489283752458364, "enc_rate": 1.0, "beta_rec": 0.21073239208332073, "primacy": 0.8}, "datetime": {"elapsed": 3838.582311, "datetime": "2020-10-05 15:30:44", "delta": 33.50367}}
{"target": 7.490444444444445, "params": {"k": 3.0, "beta_enc": 0.29548228565549706, "gamma_fc": 0.42556139026154693, "enc_rate": 1.0, "beta_rec": 0.7316064712415088, "primacy": 0.8}, "datetime": {"elapsed": 3876.812761, "datetime": "2020-10-05 15:31:23", "delta": 38.23045}}
{"target": 5.657333333333334, "params": {"k": 3.0, "beta_enc": 0.8352716024899659, "gamma_fc": 0.30008104592535645, "enc_rate": 1.0, "beta_rec": 0.1922500168221477, "primacy": 0.8}, "datetime": {"elapsed": 3909.324955, "datetime": "2020-10-05 15:31:55", "delta": 32.512194}}
{"target": 7.558222222222223, "params": {"k": 3.0, "beta_enc": 0.37015417755373825, "gamma_fc": 0.13216114194293815, "enc_rate": 1.0, "beta_rec": 0.5306974384761395, "primacy": 0.8}, "datetime": {"elapsed": 3947.665657, "datetime": "2020-10-05 15:32:34", "delta": 38.340702}}
{"target": 7.296888888888889, "params": {"k": 3.0, "beta_enc": 0.5079216999452875, "gamma_fc": 0.10806532869723684, "enc_rate": 1.0, "beta_rec": 0.2615495518329871, "primacy": 0.8}, "datetime": {"elapsed": 3985.436627, "datetime": "2020-10-05 15:33:11", "delta": 37.77097}}
{"target": 4.131333333333333, "params": {"k": 3.0, "beta_enc": 0.9857088237131878, "gamma_fc": 0.044845334589088126, "enc_rate": 1.0, "beta_rec": 0.17716116443841734, "primacy": 0.8}, "datetime": {"elapsed": 4013.064386, "datetime": "2020-10-05 15:33:39", "delta": 27.627759}}
{"target": 7.292666666666666, "params": {"k": 3.0, "beta_enc": 0.5279039784081266, "gamma_fc": 0.5510871741869717, "enc_rate": 1.0, "beta_rec": 0.7400775431590716, "primacy": 0.8}, "datetime": {"elapsed": 4050.695457, "datetime": "2020-10-05 15:34:17", "delta": 37.631071}}
{"target": 6.245777777777778, "params": {"k": 3.0, "beta_enc": 0.7229151935562137, "gamma_fc": 0.019775099516344263, "enc_rate": 1.0, "beta_rec": 0.17654903427708302, "primacy": 0.8}, "datetime": {"elapsed": 4085.32135, "datetime": "2020-10-05 15:34:51", "delta": 34.625893}}
{"target": 7.3677777777777775, "params": {"k": 3.0, "beta_enc": 0.4032204721058492, "gamma_fc": 0.9873261748084265, "enc_rate": 1.0, "beta_rec": 0.7587469310223366, "primacy": 0.8}, "datetime": {"elapsed": 4123.315444, "datetime": "2020-10-05 15:35:29", "delta": 37.994094}}
{"target": 5.868444444444444, "params": {"k": 3.0, "beta_enc": 0.9339026083148878, "gamma_fc": 0.5166887829215384, "enc_rate": 1.0, "beta_rec": 0.8578971045378938, "primacy": 0.8}, "datetime": {"elapsed": 4156.497186, "datetime": "2020-10-05 15:36:02", "delta": 33.181742}}
{"target": 7.42911111111111, "params": {"k": 3.0, "beta_enc": 0.3748759435368594, "gamma_fc": 0.6132112115442597, "enc_rate": 1.0, "beta_rec": 0.7703225253299576, "primacy": 0.8}, "datetime": {"elapsed": 4194.765711, "datetime": "2020-10-05 15:36:41", "delta": 38.268525}}
{"target": 7.529555555555556, "params": {"k": 3.0, "beta_enc": 0.0031128578251921057, "gamma_fc": 0.23931570743750463, "enc_rate": 1.0, "beta_rec": 0.7748966467245978, "primacy": 0.8}, "datetime": {"elapsed": 4233.041118, "datetime": "2020-10-05 15:37:19", "delta": 38.275407}}
{"target": 7.4528888888888885, "params": {"k": 3.0, "beta_enc": 0.3020967312900983, "gamma_fc": 0.2867116496064306, "enc_rate": 1.0, "beta_rec": 0.8830285085638342, "primacy": 0.8}, "datetime": {"elapsed": 4271.424358, "datetime": "2020-10-05 15:37:57", "delta": 38.38324}}
{"target": 7.176222222222222, "params": {"k": 3.0, "beta_enc": 0.6138710897412526, "gamma_fc": 0.44411710701661444, "enc_rate": 1.0, "beta_rec": 0.3241385298974466, "primacy": 0.8}, "datetime": {"elapsed": 4308.584703, "datetime": "2020-10-05 15:38:34", "delta": 37.160345}}
{"target": 7.45488888888889, "params": {"k": 3.0, "beta_enc": 0.3456988211755023, "gamma_fc": 0.4672458239265538, "enc_rate": 1.0, "beta_rec": 0.6749716048091052, "primacy": 0.8}, "datetime": {"elapsed": 4346.961303, "datetime": "2020-10-05 15:39:13", "delta": 38.3766}}
{"target": 6.026222222222223, "params": {"k": 3.0, "beta_enc": 0.8773604746948126, "gamma_fc": 0.4569657005615504, "enc_rate": 1.0, "beta_rec": 0.4476890001456285, "primacy": 0.8}, "datetime": {"elapsed": 4380.590175, "datetime": "2020-10-05 15:39:46", "delta": 33.628872}}
{"target": 7.336666666666666, "params": {"k": 3.0, "beta_enc": 0.43298150696764814, "gamma_fc": 0.7667745872371021, "enc_rate": 1.0, "beta_rec": 0.9093119886549367, "primacy": 0.8}, "datetime": {"elapsed": 4418.429612, "datetime": "2020-10-05 15:40:24", "delta": 37.839437}}
{"target": 4.572444444444445, "params": {"k": 3.0, "beta_enc": 0.8428998401928499, "gamma_fc": 0.9427625754329493, "enc_rate": 1.0, "beta_rec": 0.06780693434095375, "primacy": 0.8}, "datetime": {"elapsed": 4447.475253, "datetime": "2020-10-05 15:40:53", "delta": 29.045641}}
{"target": 5.6755555555555555, "params": {"k": 3.0, "beta_enc": 0.8479393924434762, "gamma_fc": 0.5402609403968999, "enc_rate": 1.0, "beta_rec": 0.25163914235585283, "primacy": 0.8}, "datetime": {"elapsed": 4480.192186, "datetime": "2020-10-05 15:41:26", "delta": 32.716933}}
{"target": 4.406444444444444, "params": {"k": 3.0, "beta_enc": 0.8379779620477293, "gamma_fc": 0.07771457033238649, "enc_rate": 1.0, "beta_rec": 0.007932876194523097, "primacy": 0.8}, "datetime": {"elapsed": 4508.573211, "datetime": "2020-10-05 15:41:54", "delta": 28.381025}}
{"target": 7.533111111111111, "params": {"k": 3.0, "beta_enc": 0.008939102371245067, "gamma_fc": 0.4398308142085725, "enc_rate": 1.0, "beta_rec": 0.8227300054219355, "primacy": 0.8}, "datetime": {"elapsed": 4547.103147, "datetime": "2020-10-05 15:42:33", "delta": 38.529936}}
{"target": 7.102666666666667, "params": {"k": 3.0, "beta_enc": 0.47786200443222115, "gamma_fc": 0.8959699670066484, "enc_rate": 1.0, "beta_rec": 0.13433860865569613, "primacy": 0.8}, "datetime": {"elapsed": 4584.281162, "datetime": "2020-10-05 15:43:10", "delta": 37.178015}}
{"target": 7.4353333333333325, "params": {"k": 3.0, "beta_enc": 0.41857802576409864, "gamma_fc": 0.5057420174508104, "enc_rate": 1.0, "beta_rec": 0.6834649001663011, "primacy": 0.8}, "datetime": {"elapsed": 4622.620671, "datetime": "2020-10-05 15:43:48", "delta": 38.339509}}
{"target": 7.479555555555555, "params": {"k": 3.0, "beta_enc": 0.2942156882442547, "gamma_fc": 0.014092294192442956, "enc_rate": 1.0, "beta_rec": 0.10345955611640134, "primacy": 0.8}, "datetime": {"elapsed": 4660.911946, "datetime": "2020-10-05 15:44:27", "delta": 38.291275}}
{"target": 6.294444444444444, "params": {"k": 3.0, "beta_enc": 0.7945783511847522, "gamma_fc": 0.6957642142718394, "enc_rate": 1.0, "beta_rec": 0.5070799232841364, "primacy": 0.8}, "datetime": {"elapsed": 4695.488274, "datetime": "2020-10-05 15:45:01", "delta": 34.576328}}
{"target": 6.709111111111111, "params": {"k": 3.0, "beta_enc": 0.6477706331874812, "gamma_fc": 0.1726046201197925, "enc_rate": 1.0, "beta_rec": 0.1797942976929744, "primacy": 0.8}, "datetime": {"elapsed": 4731.469141, "datetime": "2020-10-05 15:45:37", "delta": 35.980867}}
{"target": 7.357333333333334, "params": {"k": 3.0, "beta_enc": 0.4069219941293579, "gamma_fc": 0.9824909449748953, "enc_rate": 1.0, "beta_rec": 0.9752223424373121, "primacy": 0.8}, "datetime": {"elapsed": 4769.297275, "datetime": "2020-10-05 15:46:15", "delta": 37.828134}}
{"target": 5.6162222222222224, "params": {"k": 3.0, "beta_enc": 0.8574844990835966, "gamma_fc": 0.7928556779768876, "enc_rate": 1.0, "beta_rec": 0.6195867393685738, "primacy": 0.8}, "datetime": {"elapsed": 4801.563195, "datetime": "2020-10-05 15:46:47", "delta": 32.26592}}
{"target": 7.466444444444444, "params": {"k": 3.0, "beta_enc": 0.33027693652508094, "gamma_fc": 0.8082780137053801, "enc_rate": 1.0, "beta_rec": 0.6973688756131394, "primacy": 0.8}, "datetime": {"elapsed": 4839.725741, "datetime": "2020-10-05 15:47:26", "delta": 38.162546}}
{"target": 7.3151111111111105, "params": {"k": 3.0, "beta_enc": 0.4879214918052024, "gamma_fc": 0.18438444236776674, "enc_rate": 1.0, "beta_rec": 0.8553564125953698, "primacy": 0.8}, "datetime": {"elapsed": 4877.32986, "datetime": "2020-10-05 15:48:03", "delta": 37.604119}}
{"target": 7.396444444444444, "params": {"k": 3.0, "beta_enc": 0.4461172190344297, "gamma_fc": 0.6088311741937957, "enc_rate": 1.0, "beta_rec": 0.9218683054838154, "primacy": 0.8}, "datetime": {"elapsed": 4915.263676, "datetime": "2020-10-05 15:48:41", "delta": 37.933816}}
{"target": 7.560222222222221, "params": {"k": 3.0, "beta_enc": 0.013767512557716799, "gamma_fc": 0.34302810983040655, "enc_rate": 1.0, "beta_rec": 0.4167239623706961, "primacy": 0.8}, "datetime": {"elapsed": 4953.721489, "datetime": "2020-10-05 15:49:20", "delta": 38.457813}}
{"target": 7.463111111111111, "params": {"k": 3.0, "beta_enc": 0.34195283630245243, "gamma_fc": 0.6993076236968142, "enc_rate": 1.0, "beta_rec": 0.14459772083809674, "primacy": 0.8}, "datetime": {"elapsed": 4992.168633, "datetime": "2020-10-05 15:49:58", "delta": 38.447144}}
{"target": 6.6337777777777776, "params": {"k": 3.0, "beta_enc": 0.6923601216234089, "gamma_fc": 0.37192212166768723, "enc_rate": 1.0, "beta_rec": 0.22729754091594956, "primacy": 0.8}, "datetime": {"elapsed": 5027.635493, "datetime": "2020-10-05 15:50:34", "delta": 35.46686}}
{"target": 7.133555555555556, "params": {"k": 3.0, "beta_enc": 0.6316466268659396, "gamma_fc": 0.6483127561631246, "enc_rate": 1.0, "beta_rec": 0.7073166026816995, "primacy": 0.8}, "datetime": {"elapsed": 5064.754641, "datetime": "2020-10-05 15:51:11", "delta": 37.119148}}
{"target": 7.3180000000000005, "params": {"k": 3.0, "beta_enc": 0.5141750435258828, "gamma_fc": 0.4628391187082599, "enc_rate": 1.0, "beta_rec": 0.8753327263545391, "primacy": 0.8}, "datetime": {"elapsed": 5102.461743, "datetime": "2020-10-05 15:51:48", "delta": 37.707102}}
{"target": 7.544888888888889, "params": {"k": 3.0, "beta_enc": 0.16151077048601192, "gamma_fc": 0.844526943229479, "enc_rate": 1.0, "beta_rec": 0.34244064113481054, "primacy": 0.8}, "datetime": {"elapsed": 5140.988972, "datetime": "2020-10-05 15:52:27", "delta": 38.527229}}
{"target": 6.782444444444446, "params": {"k": 3.0, "beta_enc": 0.6070154607890389, "gamma_fc": 0.29694708578690454, "enc_rate": 1.0, "beta_rec": 0.14546561026621996, "primacy": 0.8}, "datetime": {"elapsed": 5177.183171, "datetime": "2020-10-05 15:53:03", "delta": 36.194199}}
{"target": 6.383555555555556, "params": {"k": 3.0, "beta_enc": 0.633474012622421, "gamma_fc": 0.9865727795868815, "enc_rate": 1.0, "beta_rec": 0.12475130006917923, "primacy": 0.8}, "datetime": {"elapsed": 5212.023709, "datetime": "2020-10-05 15:53:38", "delta": 34.840538}}
{"target": 7.522888888888889, "params": {"k": 3.0, "beta_enc": 0.15172487103197363, "gamma_fc": 0.468665837661252, "enc_rate": 1.0, "beta_rec": 0.639126848719905, "primacy": 0.8}, "datetime": {"elapsed": 5250.385075, "datetime": "2020-10-05 15:54:16", "delta": 38.361366}}
{"target": 5.490222222222223, "params": {"k": 3.0, "beta_enc": 0.8499698885159654, "gamma_fc": 0.9247041815360281, "enc_rate": 1.0, "beta_rec": 0.7511210403719374, "primacy": 0.8}, "datetime": {"elapsed": 5282.237653, "datetime": "2020-10-05 15:54:48", "delta": 31.852578}}
{"target": 7.528888888888889, "params": {"k": 3.0, "beta_enc": 0.05299454266798953, "gamma_fc": 0.10750887618516769, "enc_rate": 1.0, "beta_rec": 0.19949554613856135, "primacy": 0.8}, "datetime": {"elapsed": 5321.916268, "datetime": "2020-10-05 15:55:28", "delta": 39.678615}}
{"target": 7.45, "params": {"k": 3.0, "beta_enc": 0.28462388100694214, "gamma_fc": 0.668456167589482, "enc_rate": 1.0, "beta_rec": 0.06103668111967109, "primacy": 0.8}, "datetime": {"elapsed": 5360.959117, "datetime": "2020-10-05 15:56:07", "delta": 39.042849}}
{"target": 6.597555555555556, "params": {"k": 3.0, "beta_enc": 0.7470048290299451, "gamma_fc": 0.4879009391796203, "enc_rate": 1.0, "beta_rec": 0.34037929076546725, "primacy": 0.8}, "datetime": {"elapsed": 5396.573897, "datetime": "2020-10-05 15:56:42", "delta": 35.61478}}
{"target": 7.1177777777777775, "params": {"k": 3.0, "beta_enc": 0.6442320198790318, "gamma_fc": 0.4338833762117006, "enc_rate": 1.0, "beta_rec": 0.3506565024321674, "primacy": 0.8}, "datetime": {"elapsed": 5433.700861, "datetime": "2020-10-05 15:57:20", "delta": 37.126964}}
{"target": 4.038222222222222, "params": {"k": 3.0, "beta_enc": 0.9794833541798064, "gamma_fc": 0.5527675965498925, "enc_rate": 1.0, "beta_rec": 0.36437807036823044, "primacy": 0.8}, "datetime": {"elapsed": 5461.012666, "datetime": "2020-10-05 15:57:47", "delta": 27.311805}}
{"target": 7.429333333333334, "params": {"k": 3.0, "beta_enc": 0.24551868018650747, "gamma_fc": 0.9507534280610023, "enc_rate": 1.0, "beta_rec": 0.9110192396569683, "primacy": 0.8}, "datetime": {"elapsed": 5499.142093, "datetime": "2020-10-05 15:58:25", "delta": 38.129427}}
{"target": 3.0015555555555555, "params": {"k": 3.0, "beta_enc": 0.9950523223391111, "gamma_fc": 0.03109707545554785, "enc_rate": 1.0, "beta_rec": 0.05836264614763165, "primacy": 0.8}, "datetime": {"elapsed": 5523.024893, "datetime": "2020-10-05 15:58:49", "delta": 23.8828}}
{"target": 7.118444444444444, "params": {"k": 3.0, "beta_enc": 0.6309592003395305, "gamma_fc": 0.45183624942087064, "enc_rate": 1.0, "beta_rec": 0.9809236757505815, "primacy": 0.8}, "datetime": {"elapsed": 5560.074575, "datetime": "2020-10-05 15:59:26", "delta": 37.049682}}
{"target": 7.400666666666666, "params": {"k": 3.0, "beta_enc": 0.4948430841825636, "gamma_fc": 0.36939992561190627, "enc_rate": 1.0, "beta_rec": 0.5285334901775651, "primacy": 0.8}, "datetime": {"elapsed": 5597.991936, "datetime": "2020-10-05 16:00:04", "delta": 37.917361}}
{"target": 7.397555555555556, "params": {"k": 3.0, "beta_enc": 0.4770129944022632, "gamma_fc": 0.5276187723115614, "enc_rate": 1.0, "beta_rec": 0.44887883670676554, "primacy": 0.8}, "datetime": {"elapsed": 5635.898183, "datetime": "2020-10-05 16:00:42", "delta": 37.906247}}
{"target": 7.5424444444444445, "params": {"k": 3.0, "beta_enc": 0.07201203516976995, "gamma_fc": 0.29115394055242805, "enc_rate": 1.0, "beta_rec": 0.4181361337253158, "primacy": 0.8}, "datetime": {"elapsed": 5674.136166, "datetime": "2020-10-05 16:01:20", "delta": 38.237983}}
{"target": 7.477555555555556, "params": {"k": 3.0, "beta_enc": 0.10938291419358459, "gamma_fc": 0.777098229275783, "enc_rate": 1.0, "beta_rec": 0.673041054216622, "primacy": 0.8}, "datetime": {"elapsed": 5712.413547, "datetime": "2020-10-05 16:01:58", "delta": 38.277381}}
{"target": 7.373111111111112, "params": {"k": 3.0, "beta_enc": 0.3992186053524538, "gamma_fc": 0.767777192147274, "enc_rate": 1.0, "beta_rec": 0.7969622519799001, "primacy": 0.8}, "datetime": {"elapsed": 5750.214012, "datetime": "2020-10-05 16:02:36", "delta": 37.800465}}
{"target": 7.546444444444444, "params": {"k": 3.0, "beta_enc": 0.016715589077006432, "gamma_fc": 0.6593449361953647, "enc_rate": 1.0, "beta_rec": 0.3986590599223787, "primacy": 0.8}, "datetime": {"elapsed": 5788.5001, "datetime": "2020-10-05 16:03:14", "delta": 38.286088}}
{"target": 7.543777777777777, "params": {"k": 3.0, "beta_enc": 0.016575882900934147, "gamma_fc": 0.4026568521749192, "enc_rate": 1.0, "beta_rec": 0.11379635644740682, "primacy": 0.8}, "datetime": {"elapsed": 5826.757889, "datetime": "2020-10-05 16:03:53", "delta": 38.257789}}
