{"target": 8.408333333333333, "params": {"beta_rec": 0.6250155931933211, "gamma_cf": 0.26904238725191854, "cue_position": 4.0, "gamma_fc": 0.9236157463407607, "beta_enc": 0.7023157547948075}, "datetime": {"delta": 9.752076, "datetime": "2020-06-20 03:15:10", "elapsed": 4638.937993}}
{"target": 8.408333333333333, "params": {"beta_rec": 0.7713625072014619, "gamma_cf": 0.8339046774992332, "cue_position": 4.0, "gamma_fc": 0.6982817992918626, "beta_enc": 0.6780829341239825}, "datetime": {"delta": 9.723857, "datetime": "2020-06-20 03:15:20", "elapsed": 4648.66185}}
{"target": 10.2875, "params": {"beta_rec": 0.6124611286280749, "gamma_cf": 0.9158787230673001, "cue_position": 4.0, "gamma_fc": 0.19823229021015376, "beta_enc": 0.146608701776909}, "datetime": {"delta": 11.119557, "datetime": "2020-06-20 03:15:31", "elapsed": 4659.781407}}
{"target": 9.833333333333334, "params": {"beta_rec": 0.04765470496967894, "gamma_cf": 0.5575878151711118, "cue_position": 4.0, "gamma_fc": 0.5735610825770953, "beta_enc": 0.28571649537130284}, "datetime": {"delta": 10.824231, "datetime": "2020-06-20 03:15:42", "elapsed": 4670.605638}}
{"target": 5.816666666666666, "params": {"beta_rec": 0.34741393280060506, "gamma_cf": 0.8512376625014975, "cue_position": 4.0, "gamma_fc": 0.5768293032320249, "beta_enc": 0.905377379959673}, "datetime": {"delta": 7.847893, "datetime": "2020-06-20 03:15:50", "elapsed": 4678.453531}}
{"target": 8.295833333333333, "params": {"beta_rec": 0.27835933039431604, "gamma_cf": 0.6209523875804722, "cue_position": 4.0, "gamma_fc": 0.13339403014523998, "beta_enc": 0.6539929348777337}, "datetime": {"delta": 9.704715, "datetime": "2020-06-20 03:16:00", "elapsed": 4688.158246}}
{"target": 8.570833333333333, "params": {"beta_rec": 0.11341100113082614, "gamma_cf": 0.02402673463080851, "cue_position": 4.0, "gamma_fc": 0.6262089291372217, "beta_enc": 0.03290871659253447}, "datetime": {"delta": 9.91107, "datetime": "2020-06-20 03:16:10", "elapsed": 4698.069316}}
{"target": 8.1875, "params": {"beta_rec": 0.25096153771624574, "gamma_cf": 0.11582674670624904, "cue_position": 4.0, "gamma_fc": 0.2705519937974664, "beta_enc": 0.09758261797608447}, "datetime": {"delta": 9.621221, "datetime": "2020-06-20 03:16:19", "elapsed": 4707.690537}}
{"target": 6.045833333333333, "params": {"beta_rec": 0.9850455536104694, "gamma_cf": 0.3783538388352491, "cue_position": 4.0, "gamma_fc": 0.026528351110449155, "beta_enc": 0.021079672835511265}, "datetime": {"delta": 8.01523, "datetime": "2020-06-20 03:16:27", "elapsed": 4715.705767}}
{"target": 9.304166666666667, "params": {"beta_rec": 0.4525586263864343, "gamma_cf": 0.27850417183805665, "cue_position": 4.0, "gamma_fc": 0.6147818910832991, "beta_enc": 0.3898387483749842}, "datetime": {"delta": 10.451981, "datetime": "2020-06-20 03:16:38", "elapsed": 4726.157748}}
{"target": 8.158333333333333, "params": {"beta_rec": 0.18596096979633892, "gamma_cf": 0.7865007628599349, "cue_position": 4.0, "gamma_fc": 0.09657903442841353, "beta_enc": 0.6651683545821934}, "datetime": {"delta": 9.608981, "datetime": "2020-06-20 03:16:47", "elapsed": 4735.766729}}
{"target": 7.170833333333333, "params": {"beta_rec": 0.02605993268839324, "gamma_cf": 0.059528607140071355, "cue_position": 4.0, "gamma_fc": 0.4814004591490364, "beta_enc": 0.6060352981689622}, "datetime": {"delta": 8.855767, "datetime": "2020-06-20 03:16:56", "elapsed": 4744.622496}}
{"target": 5.545833333333333, "params": {"beta_rec": 0.4055573841390242, "gamma_cf": 0.8613524744830288, "cue_position": 4.0, "gamma_fc": 0.5192975854704402, "beta_enc": 0.9257041086902309}, "datetime": {"delta": 7.641856, "datetime": "2020-06-20 03:17:04", "elapsed": 4752.264352}}
{"target": 8.1375, "params": {"beta_rec": 0.9630323387846756, "gamma_cf": 0.2600189719566923, "cue_position": 4.0, "gamma_fc": 0.20139185371372026, "beta_enc": 0.3189358689174241}, "datetime": {"delta": 9.550827, "datetime": "2020-06-20 03:17:13", "elapsed": 4761.815179}}
{"target": 9.2875, "params": {"beta_rec": 0.8425182098415589, "gamma_cf": 0.5864294214642616, "cue_position": 4.0, "gamma_fc": 0.16224499947880777, "beta_enc": 0.5889087033060773}, "datetime": {"delta": 10.41196, "datetime": "2020-06-20 03:17:24", "elapsed": 4772.227139}}
{"target": 9.729166666666666, "params": {"beta_rec": 0.7613352159920956, "gamma_cf": 0.2659070410478275, "cue_position": 4.0, "gamma_fc": 0.6894948631776694, "beta_enc": 0.19459373523814183}, "datetime": {"delta": 10.741522, "datetime": "2020-06-20 03:17:34", "elapsed": 4782.968661}}
{"target": 10.3875, "params": {"beta_rec": 0.03219440386857053, "gamma_cf": 0.3366231805122991, "cue_position": 4.0, "gamma_fc": 0.36221610553001116, "beta_enc": 0.01508930763297911}, "datetime": {"delta": 11.258873, "datetime": "2020-06-20 03:17:46", "elapsed": 4794.227534}}
{"target": 6.45, "params": {"beta_rec": 0.035980967658641894, "gamma_cf": 0.6382781332668243, "cue_position": 4.0, "gamma_fc": 0.14300410951832265, "beta_enc": 0.8071905755135196}, "datetime": {"delta": 8.333312, "datetime": "2020-06-20 03:17:54", "elapsed": 4802.560846}}
{"target": 8.279166666666667, "params": {"beta_rec": 0.6455644082734328, "gamma_cf": 0.2080974099989472, "cue_position": 4.0, "gamma_fc": 0.7454983307481646, "beta_enc": 0.8577386145114406}, "datetime": {"delta": 9.685409, "datetime": "2020-06-20 03:18:04", "elapsed": 4812.246255}}
{"target": 9.6125, "params": {"beta_rec": 0.48447006094850675, "gamma_cf": 0.1374435496242309, "cue_position": 4.0, "gamma_fc": 0.9643727973861176, "beta_enc": 0.40340662833417285}, "datetime": {"delta": 10.667539, "datetime": "2020-06-20 03:18:14", "elapsed": 4822.913794}}
{"target": 10.575, "params": {"beta_rec": 0.09944025725488481, "gamma_cf": 0.8065850822605141, "cue_position": 4.0, "gamma_fc": 0.4558728073695024, "beta_enc": 0.04262968179657989}, "datetime": {"delta": 11.418813, "datetime": "2020-06-20 03:18:26", "elapsed": 4834.332607}}
{"target": 8.2125, "params": {"beta_rec": 0.17432113751983724, "gamma_cf": 0.5208483405537891, "cue_position": 4.0, "gamma_fc": 0.7402936352802216, "beta_enc": 0.6532511422613194}, "datetime": {"delta": 9.638883, "datetime": "2020-06-20 03:18:35", "elapsed": 4843.97149}}
{"target": 8.183333333333334, "params": {"beta_rec": 0.8696140851211128, "gamma_cf": 0.2490900884519328, "cue_position": 4.0, "gamma_fc": 0.23490222080210488, "beta_enc": 0.46247446521502844}, "datetime": {"delta": 9.622132, "datetime": "2020-06-20 03:18:45", "elapsed": 4853.593622}}
{"target": 9.641666666666667, "params": {"beta_rec": 0.7566160562962172, "gamma_cf": 0.8619059993188329, "cue_position": 4.0, "gamma_fc": 0.26161079268292176, "beta_enc": 0.3740467168670696}, "datetime": {"delta": 10.709513, "datetime": "2020-06-20 03:18:56", "elapsed": 4864.303135}}
{"target": 8.658333333333333, "params": {"beta_rec": 0.6115440994503215, "gamma_cf": 0.3892749454089657, "cue_position": 4.0, "gamma_fc": 0.10142077688127671, "beta_enc": 0.4122789279785698}, "datetime": {"delta": 9.950392, "datetime": "2020-06-20 03:19:06", "elapsed": 4874.253527}}
{"target": 6.741666666666666, "params": {"beta_rec": 0.08813516392543386, "gamma_cf": 0.8634484403326346, "cue_position": 4.0, "gamma_fc": 0.7084507915153727, "beta_enc": 0.7122448043972556}, "datetime": {"delta": 8.521054, "datetime": "2020-06-20 03:19:14", "elapsed": 4882.774581}}
{"target": 9.5875, "params": {"beta_rec": 0.6991465654129165, "gamma_cf": 0.7974959842933487, "cue_position": 4.0, "gamma_fc": 0.7864170822798477, "beta_enc": 0.4864245738076861}, "datetime": {"delta": 10.708786, "datetime": "2020-06-20 03:19:25", "elapsed": 4893.483367}}
{"target": 9.95, "params": {"beta_rec": 0.3178175503505978, "gamma_cf": 0.3641702986535258, "cue_position": 4.0, "gamma_fc": 0.5666455566878987, "beta_enc": 0.15552858387362167}, "datetime": {"delta": 11.009654, "datetime": "2020-06-20 03:19:36", "elapsed": 4904.493021}}
{"target": 9.575, "params": {"beta_rec": 0.6599697189638991, "gamma_cf": 0.4164625561731081, "cue_position": 4.0, "gamma_fc": 0.4508926565007, "beta_enc": 0.041687442520287776}, "datetime": {"delta": 10.73431, "datetime": "2020-06-20 03:19:47", "elapsed": 4915.227331}}
{"target": 8.5, "params": {"beta_rec": 0.38328031012801256, "gamma_cf": 0.0681300573940744, "cue_position": 4.0, "gamma_fc": 0.5512566489358516, "beta_enc": 0.3487267695476459}, "datetime": {"delta": 9.847428, "datetime": "2020-06-20 03:19:57", "elapsed": 4925.074759}}
{"target": 8.475, "params": {"beta_rec": 0.1454997892217088, "gamma_cf": 0.2863771315373824, "cue_position": 4.0, "gamma_fc": 0.8307513669044257, "beta_enc": 0.5958669456166511}, "datetime": {"delta": 9.776946, "datetime": "2020-06-20 03:20:06", "elapsed": 4934.851705}}
{"target": 9.283333333333333, "params": {"beta_rec": 0.5521388075534814, "gamma_cf": 0.3434200931086723, "cue_position": 4.0, "gamma_fc": 0.3506171893069536, "beta_enc": 0.15342094116241234}, "datetime": {"delta": 10.360277, "datetime": "2020-06-20 03:20:17", "elapsed": 4945.211982}}
{"target": 10.141666666666667, "params": {"beta_rec": 0.327207550642982, "gamma_cf": 0.759512654776933, "cue_position": 4.0, "gamma_fc": 0.6882772625241806, "beta_enc": 0.19667382898472763}, "datetime": {"delta": 22.770493, "datetime": "2020-06-20 03:20:39", "elapsed": 4967.982475}}
{"target": 10.195833333333333, "params": {"beta_rec": 0.3509602212858115, "gamma_cf": 0.6970062069056816, "cue_position": 4.0, "gamma_fc": 0.7063409957597229, "beta_enc": 0.15932276639197457}, "datetime": {"delta": 21.00076, "datetime": "2020-06-20 03:21:00", "elapsed": 4988.983235}}
{"target": 10.204166666666667, "params": {"beta_rec": 0.33804347347745833, "gamma_cf": 0.7208359810283165, "cue_position": 4.0, "gamma_fc": 0.6956249882424429, "beta_enc": 0.18361064903403443}, "datetime": {"delta": 25.055924, "datetime": "2020-06-20 03:21:26", "elapsed": 5014.039159}}
{"target": 10.383333333333333, "params": {"beta_rec": 0.3368615156671205, "gamma_cf": 0.7635579606895246, "cue_position": 4.0, "gamma_fc": 0.709541495404755, "beta_enc": 0.15219441909097176}, "datetime": {"delta": 33.550031, "datetime": "2020-06-20 03:21:59", "elapsed": 5047.58919}}
{"target": 10.279166666666667, "params": {"beta_rec": 0.34566718410193836, "gamma_cf": 0.7268899308638016, "cue_position": 4.0, "gamma_fc": 0.7019068229991764, "beta_enc": 0.17243716244301743}, "datetime": {"delta": 37.758123, "datetime": "2020-06-20 03:22:37", "elapsed": 5085.347313}}
{"target": 10.45, "params": {"beta_rec": 0.3338655624507587, "gamma_cf": 0.6980020668728002, "cue_position": 4.0, "gamma_fc": 0.6951868086437585, "beta_enc": 0.17224373070130033}, "datetime": {"delta": 36.033602, "datetime": "2020-06-20 03:23:13", "elapsed": 5121.380915}}
{"target": 10.233333333333333, "params": {"beta_rec": 0.3064161760062867, "gamma_cf": 0.7822880847008878, "cue_position": 4.0, "gamma_fc": 0.6893838058685494, "beta_enc": 0.17452218572060388}, "datetime": {"delta": 37.782751, "datetime": "2020-06-20 03:23:51", "elapsed": 5159.163666}}
{"target": 10.329166666666667, "params": {"beta_rec": 0.32483758574301014, "gamma_cf": 0.7297093155029728, "cue_position": 4.0, "gamma_fc": 0.6641106855867629, "beta_enc": 0.12424485377353978}, "datetime": {"delta": 35.478233, "datetime": "2020-06-20 03:24:26", "elapsed": 5194.641899}}
{"target": 10.245833333333334, "params": {"beta_rec": 0.34131973447350017, "gamma_cf": 0.7087880046282952, "cue_position": 4.0, "gamma_fc": 0.7012251416366051, "beta_enc": 0.16922458865945017}, "datetime": {"delta": 36.869779, "datetime": "2020-06-20 03:25:03", "elapsed": 5231.511678}}
{"target": 10.416666666666666, "params": {"beta_rec": 0.3445441136190011, "gamma_cf": 0.7150542315694529, "cue_position": 4.0, "gamma_fc": 0.6960195976231359, "beta_enc": 0.1757974533243254}, "datetime": {"delta": 38.088721, "datetime": "2020-06-20 03:25:41", "elapsed": 5269.600399}}
{"target": 10.366666666666667, "params": {"beta_rec": 0.34001297468955954, "gamma_cf": 0.7177625777854695, "cue_position": 4.0, "gamma_fc": 0.7007579123422051, "beta_enc": 0.174841851502117}, "datetime": {"delta": 39.551317, "datetime": "2020-06-20 03:26:21", "elapsed": 5309.151716}}
{"target": 10.020833333333334, "params": {"beta_rec": 0.42091900200563265, "gamma_cf": 0.530482066887832, "cue_position": 4.0, "gamma_fc": 0.6904017324287811, "beta_enc": 0.10203602660411219}, "datetime": {"delta": 18.562906, "datetime": "2020-06-20 03:26:39", "elapsed": 5327.714622}}
{"target": 10.479166666666666, "params": {"beta_rec": 0.3764918963135202, "gamma_cf": 0.9817722213892051, "cue_position": 4.0, "gamma_fc": 0.18165473987407346, "beta_enc": 0.06200999156402004}, "datetime": {"delta": 19.364893, "datetime": "2020-06-20 03:26:59", "elapsed": 5347.079515}}
{"target": 10.308333333333334, "params": {"beta_rec": 0.48310458203194684, "gamma_cf": 0.9542812625337012, "cue_position": 4.0, "gamma_fc": 0.9402343950617347, "beta_enc": 0.04504817278234108}, "datetime": {"delta": 18.681445, "datetime": "2020-06-20 03:27:17", "elapsed": 5365.76096}}
{"target": 10.291666666666666, "params": {"beta_rec": 0.42130672325337054, "gamma_cf": 0.5360015423377752, "cue_position": 4.0, "gamma_fc": 0.6934361258341466, "beta_enc": 0.09444819613565915}, "datetime": {"delta": 18.90897, "datetime": "2020-06-20 03:27:36", "elapsed": 5384.66993}}
{"target": 10.354166666666666, "params": {"beta_rec": 0.3432847580953902, "gamma_cf": 0.7169804399378541, "cue_position": 4.0, "gamma_fc": 0.6989987132505363, "beta_enc": 0.17427895980852584}, "datetime": {"delta": 19.778128, "datetime": "2020-06-20 03:27:56", "elapsed": 5404.448058}}
{"target": 10.225, "params": {"beta_rec": 0.2845243649283492, "gamma_cf": 0.7005935452882036, "cue_position": 4.0, "gamma_fc": 0.6697961259130394, "beta_enc": 0.051705538010792106}, "datetime": {"delta": 19.153975, "datetime": "2020-06-20 03:28:15", "elapsed": 5423.602033}}
{"target": 10.241666666666667, "params": {"beta_rec": 0.08060117179847934, "gamma_cf": 0.7965354413077331, "cue_position": 4.0, "gamma_fc": 0.18945150889991436, "beta_enc": 0.14278182195957353}, "datetime": {"delta": 19.025611, "datetime": "2020-06-20 03:28:34", "elapsed": 5442.627644}}
{"target": 9.75, "params": {"beta_rec": 0.6373817657234454, "gamma_cf": 0.8969608258849275, "cue_position": 4.0, "gamma_fc": 0.3124404013368259, "beta_enc": 0.49701751812265343}, "datetime": {"delta": 18.412635, "datetime": "2020-06-20 03:28:53", "elapsed": 5461.040279}}
{"target": 10.316666666666666, "params": {"beta_rec": 0.7528067926022042, "gamma_cf": 0.5219968443497089, "cue_position": 4.0, "gamma_fc": 0.7860229922838313, "beta_enc": 0.14134723391212348}, "datetime": {"delta": 18.863008, "datetime": "2020-06-20 03:29:11", "elapsed": 5479.903287}}
{"target": 10.279166666666667, "params": {"beta_rec": 0.7564681700353176, "gamma_cf": 0.8466057059420242, "cue_position": 4.0, "gamma_fc": 0.8927792043936817, "beta_enc": 0.11361899125326538}, "datetime": {"delta": 19.241613, "datetime": "2020-06-20 03:29:31", "elapsed": 5499.1449}}
{"target": 10.3125, "params": {"beta_rec": 0.5762406209296138, "gamma_cf": 0.5863482879922981, "cue_position": 4.0, "gamma_fc": 0.6971227206202888, "beta_enc": 0.053702084276971915}, "datetime": {"delta": 19.171566, "datetime": "2020-06-20 03:29:50", "elapsed": 5518.316466}}
{"target": 10.15, "params": {"beta_rec": 0.08131001035274063, "gamma_cf": 0.7974127701861643, "cue_position": 4.0, "gamma_fc": 0.19498090613303748, "beta_enc": 0.14398745617836384}, "datetime": {"delta": 19.355148, "datetime": "2020-06-20 03:30:09", "elapsed": 5537.671614}}
{"target": 10.283333333333333, "params": {"beta_rec": 0.4189548676118147, "gamma_cf": 0.5350716682583428, "cue_position": 4.0, "gamma_fc": 0.6898053057123258, "beta_enc": 0.0973432311495797}, "datetime": {"delta": 19.512709, "datetime": "2020-06-20 03:30:29", "elapsed": 5557.184323}}
{"target": 10.079166666666667, "params": {"beta_rec": 0.48495435099227074, "gamma_cf": 0.6681140425703289, "cue_position": 4.0, "gamma_fc": 0.44713361032014154, "beta_enc": 0.07819272972373167}, "datetime": {"delta": 19.808955, "datetime": "2020-06-20 03:30:48", "elapsed": 5576.993278}}
{"target": 10.108333333333333, "params": {"beta_rec": 0.6148300172127267, "gamma_cf": 0.8063840850799301, "cue_position": 4.0, "gamma_fc": 0.2569800978634566, "beta_enc": 0.21306586821575374}, "datetime": {"delta": 19.323428, "datetime": "2020-06-20 03:31:08", "elapsed": 5596.316706}}
{"target": 10.225, "params": {"beta_rec": 0.09724805366500276, "gamma_cf": 0.8090972792106554, "cue_position": 4.0, "gamma_fc": 0.45602610169215946, "beta_enc": 0.04385702608887886}, "datetime": {"delta": 19.244506, "datetime": "2020-06-20 03:31:27", "elapsed": 5615.561212}}
{"target": 10.291666666666666, "params": {"beta_rec": 0.5723854488457386, "gamma_cf": 0.5860828356739088, "cue_position": 4.0, "gamma_fc": 0.699217850676028, "beta_enc": 0.05025052725660484}, "datetime": {"delta": 19.875685, "datetime": "2020-06-20 03:31:47", "elapsed": 5635.436897}}
{"target": 10.183333333333334, "params": {"beta_rec": 0.5218235561138446, "gamma_cf": 0.8648077733893376, "cue_position": 4.0, "gamma_fc": 0.3873401839880681, "beta_enc": 0.1500967119654928}, "datetime": {"delta": 20.212714, "datetime": "2020-06-20 03:32:07", "elapsed": 5655.649611}}
{"target": 10.2875, "params": {"beta_rec": 0.034170807723079205, "gamma_cf": 0.3379570099070772, "cue_position": 4.0, "gamma_fc": 0.36678239944455815, "beta_enc": 0.01471073232843449}, "datetime": {"delta": 20.459889, "datetime": "2020-06-20 03:32:28", "elapsed": 5676.1095}}
{"target": 10.345833333333333, "params": {"beta_rec": 0.3802274032909777, "gamma_cf": 0.9835092124564047, "cue_position": 4.0, "gamma_fc": 0.18274996564004123, "beta_enc": 0.06349281657188467}, "datetime": {"delta": 19.840262, "datetime": "2020-06-20 03:32:47", "elapsed": 5695.949762}}
{"target": 10.066666666666666, "params": {"beta_rec": 0.728948313720686, "gamma_cf": 0.6480199158463826, "cue_position": 4.0, "gamma_fc": 0.7534592805333288, "beta_enc": 0.14863347611539712}, "datetime": {"delta": 19.631368, "datetime": "2020-06-20 03:33:07", "elapsed": 5715.58113}}
{"target": 10.033333333333333, "params": {"beta_rec": 0.3414708582462583, "gamma_cf": 0.7162773235259393, "cue_position": 4.0, "gamma_fc": 0.6989852119274719, "beta_enc": 0.17518680158636227}, "datetime": {"delta": 20.411869, "datetime": "2020-06-20 03:33:27", "elapsed": 5735.992999}}
{"target": 9.8125, "params": {"beta_rec": 0.8663328097830509, "gamma_cf": 0.3267755085060553, "cue_position": 4.0, "gamma_fc": 0.6809805236398417, "beta_enc": 0.3017217006355396}, "datetime": {"delta": 41.056008, "datetime": "2020-06-20 03:34:09", "elapsed": 5777.049007}}
{"target": 9.9, "params": {"beta_rec": 0.046720288151608336, "gamma_cf": 0.49781546785659103, "cue_position": 4.0, "gamma_fc": 0.05226368757255795, "beta_enc": 0.22316332923153104}, "datetime": {"delta": 39.660786, "datetime": "2020-06-20 03:34:48", "elapsed": 5816.709793}}
{"target": 9.9375, "params": {"beta_rec": 0.8529089179873155, "gamma_cf": 0.6261684327754431, "cue_position": 4.0, "gamma_fc": 0.6261212053421571, "beta_enc": 0.389003426278739}, "datetime": {"delta": 39.254833, "datetime": "2020-06-20 03:35:27", "elapsed": 5855.964626}}
{"target": 10.408333333333333, "params": {"beta_rec": 0.32487457778311435, "gamma_cf": 0.7328469412133112, "cue_position": 4.0, "gamma_fc": 0.6652722346577673, "beta_enc": 0.12842071059045246}, "datetime": {"delta": 38.448882, "datetime": "2020-06-20 03:36:06", "elapsed": 5894.413508}}
{"target": 9.620833333333334, "params": {"beta_rec": 0.7660734431461383, "gamma_cf": 0.5885324942016885, "cue_position": 4.0, "gamma_fc": 0.43074850480297744, "beta_enc": 0.46597338829758084}, "datetime": {"delta": 35.617374, "datetime": "2020-06-20 03:36:42", "elapsed": 5930.030882}}
{"target": 9.808333333333334, "params": {"beta_rec": 0.6028024564016344, "gamma_cf": 0.6242798212572045, "cue_position": 4.0, "gamma_fc": 0.2996846664586313, "beta_enc": 0.28088475584375877}, "datetime": {"delta": 35.209479, "datetime": "2020-06-20 03:37:17", "elapsed": 5965.240361}}
{"target": 9.566666666666666, "params": {"beta_rec": 0.8023853775712982, "gamma_cf": 0.645005962433056, "cue_position": 4.0, "gamma_fc": 0.2123140832870778, "beta_enc": 0.13131639927880812}, "datetime": {"delta": 34.697282, "datetime": "2020-06-20 03:37:51", "elapsed": 5999.937643}}
{"target": 9.320833333333333, "params": {"beta_rec": 0.9559170656491279, "gamma_cf": 0.4856734092638747, "cue_position": 4.0, "gamma_fc": 0.9702562883281128, "beta_enc": 0.49181827623032115}, "datetime": {"delta": 34.269667, "datetime": "2020-06-20 03:38:26", "elapsed": 6034.20731}}
{"target": 10.220833333333333, "params": {"beta_rec": 0.018908676112225686, "gamma_cf": 0.24135171409600487, "cue_position": 4.0, "gamma_fc": 0.8657524587955167, "beta_enc": 0.029698669615541795}, "datetime": {"delta": 34.151217, "datetime": "2020-06-20 03:39:00", "elapsed": 6068.358527}}
{"target": 10.154166666666667, "params": {"beta_rec": 0.893502081345256, "gamma_cf": 0.9492922523468655, "cue_position": 4.0, "gamma_fc": 0.7278909247805775, "beta_enc": 0.18466891155635612}, "datetime": {"delta": 33.848859, "datetime": "2020-06-20 03:39:34", "elapsed": 6102.207386}}
{"target": 10.145833333333334, "params": {"beta_rec": 0.34329213860028673, "gamma_cf": 0.6990810247395275, "cue_position": 4.0, "gamma_fc": 0.7028171658784789, "beta_enc": 0.16137637547226946}, "datetime": {"delta": 34.358422, "datetime": "2020-06-20 03:40:08", "elapsed": 6136.565808}}
{"target": 10.441666666666666, "params": {"beta_rec": 0.889906681997378, "gamma_cf": 0.82198388116672, "cue_position": 4.0, "gamma_fc": 0.8838473405474143, "beta_enc": 0.077730409550269}, "datetime": {"delta": 33.263316, "datetime": "2020-06-20 03:40:41", "elapsed": 6169.829124}}
{"target": 9.65, "params": {"beta_rec": 0.7022708428360027, "gamma_cf": 0.6347380784212547, "cue_position": 4.0, "gamma_fc": 0.3557658164965017, "beta_enc": 0.37770652582239234}, "datetime": {"delta": 32.282562, "datetime": "2020-06-20 03:41:14", "elapsed": 6202.111686}}
