{"target": 7.494888888888889, "params": {"enc_rate": 1.0, "k": 3.0, "gamma_fc": 0.6902278681627478, "primacy": 0.4, "beta_rec": 0.8594893208655858, "beta_enc": 0.3259898117700253}, "datetime": {"delta": 36.90098, "datetime": "2020-10-05 15:13:46", "elapsed": 2790.855996}}
{"target": 7.424444444444444, "params": {"enc_rate": 1.0, "k": 3.0, "gamma_fc": 0.3114442141324628, "primacy": 0.4, "beta_rec": 0.009348577966515781, "beta_enc": 0.2900968516874258}, "datetime": {"delta": 36.767917, "datetime": "2020-10-05 15:14:23", "elapsed": 2827.623913}}
{"target": 7.317333333333333, "params": {"enc_rate": 1.0, "k": 3.0, "gamma_fc": 0.9318611166365406, "primacy": 0.4, "beta_rec": 0.2473960366023854, "beta_enc": 0.426474788501396}, "datetime": {"delta": 36.457223, "datetime": "2020-10-05 15:14:59", "elapsed": 2864.081136}}
{"target": 5.506222222222222, "params": {"enc_rate": 1.0, "k": 3.0, "gamma_fc": 0.22730973628468876, "primacy": 0.4, "beta_rec": 0.22790028995131695, "beta_enc": 0.9202065143056605}, "datetime": {"delta": 30.842406, "datetime": "2020-10-05 15:15:30", "elapsed": 2894.923542}}
{"target": 6.980666666666667, "params": {"enc_rate": 1.0, "k": 3.0, "gamma_fc": 0.18513039826903066, "primacy": 0.4, "beta_rec": 0.41358641500116133, "beta_enc": 0.6070941619724605}, "datetime": {"delta": 35.383969, "datetime": "2020-10-05 15:16:06", "elapsed": 2930.307511}}
{"target": 7.011111111111111, "params": {"enc_rate": 1.0, "k": 3.0, "gamma_fc": 0.22881367096037586, "primacy": 0.4, "beta_rec": 0.34898759722078887, "beta_enc": 0.5742190888408597}, "datetime": {"delta": 35.47433, "datetime": "2020-10-05 15:16:41", "elapsed": 2965.781841}}
{"target": 7.017333333333333, "params": {"enc_rate": 1.0, "k": 3.0, "gamma_fc": 0.99675342520821, "primacy": 0.4, "beta_rec": 0.1747201501089225, "beta_enc": 0.5190159840736788}, "datetime": {"delta": 35.3571, "datetime": "2020-10-05 15:17:16", "elapsed": 3001.138941}}
{"target": 6.330888888888889, "params": {"enc_rate": 1.0, "k": 3.0, "gamma_fc": 0.032426325314457105, "primacy": 0.4, "beta_rec": 0.9015625846693213, "beta_enc": 0.9759890683309049}, "datetime": {"delta": 32.886178, "datetime": "2020-10-05 15:17:49", "elapsed": 3034.025119}}
{"target": 7.251555555555555, "params": {"enc_rate": 1.0, "k": 3.0, "gamma_fc": 0.1679832931996149, "primacy": 0.4, "beta_rec": 0.37543483316785775, "beta_enc": 0.4517331486914753}, "datetime": {"delta": 35.608755, "datetime": "2020-10-05 15:18:25", "elapsed": 3069.633874}}
{"target": 6.272, "params": {"enc_rate": 1.0, "k": 3.0, "gamma_fc": 0.47688233352119336, "primacy": 0.4, "beta_rec": 0.6326158167779973, "beta_enc": 0.8242378396244978}, "datetime": {"delta": 32.82019, "datetime": "2020-10-05 15:18:58", "elapsed": 3102.454064}}
{"target": 7.288666666666667, "params": {"enc_rate": 1.0, "k": 3.0, "gamma_fc": 0.4574049160894317, "primacy": 0.4, "beta_rec": 0.7300912110901043, "beta_enc": 0.49207180149355845}, "datetime": {"delta": 35.828196, "datetime": "2020-10-05 15:19:34", "elapsed": 3138.28226}}
{"target": 6.420444444444444, "params": {"enc_rate": 1.0, "k": 3.0, "gamma_fc": 0.220234226159156, "primacy": 0.4, "beta_rec": 0.3199528380776784, "beta_enc": 0.7582782604769962}, "datetime": {"delta": 33.406142, "datetime": "2020-10-05 15:20:07", "elapsed": 3171.688402}}
{"target": 6.671555555555555, "params": {"enc_rate": 1.0, "k": 3.0, "gamma_fc": 0.3125013784920495, "primacy": 0.4, "beta_rec": 0.46385778390029564, "beta_enc": 0.7548914570605327}, "datetime": {"delta": 33.45496, "datetime": "2020-10-05 15:20:40", "elapsed": 3205.143362}}
{"target": 5.845111111111111, "params": {"enc_rate": 1.0, "k": 3.0, "gamma_fc": 0.5190823222119895, "primacy": 0.4, "beta_rec": 0.13033578095435427, "beta_enc": 0.7701499563120922}, "datetime": {"delta": 30.870773, "datetime": "2020-10-05 15:21:11", "elapsed": 3236.014135}}
{"target": 6.739111111111112, "params": {"enc_rate": 1.0, "k": 3.0, "gamma_fc": 0.9147886867419343, "primacy": 0.4, "beta_rec": 0.6868082266569918, "beta_enc": 0.6724698446537339}, "datetime": {"delta": 32.844503, "datetime": "2020-10-05 15:21:44", "elapsed": 3268.858638}}
{"target": 7.25688888888889, "params": {"enc_rate": 1.0, "k": 3.0, "gamma_fc": 0.6491541971124779, "primacy": 0.4, "beta_rec": 0.8593178060976, "beta_enc": 0.4844284455143756}, "datetime": {"delta": 34.388303, "datetime": "2020-10-05 15:22:19", "elapsed": 3303.246941}}
{"target": 7.5, "params": {"enc_rate": 1.0, "k": 3.0, "gamma_fc": 0.35242963021640883, "primacy": 0.4, "beta_rec": 0.5605299905360588, "beta_enc": 0.27411977516685215}, "datetime": {"delta": 34.996036, "datetime": "2020-10-05 15:22:54", "elapsed": 3338.242977}}
{"target": 6.361555555555556, "params": {"enc_rate": 1.0, "k": 3.0, "gamma_fc": 0.4277373293360762, "primacy": 0.4, "beta_rec": 0.2896027461868774, "beta_enc": 0.7473208103319232}, "datetime": {"delta": 32.51344, "datetime": "2020-10-05 15:23:26", "elapsed": 3370.756417}}
{"target": 7.554444444444445, "params": {"enc_rate": 1.0, "k": 3.0, "gamma_fc": 0.7332450677264275, "primacy": 0.4, "beta_rec": 0.7672845084217665, "beta_enc": 0.21369323762958115}, "datetime": {"delta": 37.178675, "datetime": "2020-10-05 15:24:03", "elapsed": 3407.935092}}
{"target": 7.560444444444444, "params": {"enc_rate": 1.0, "k": 3.0, "gamma_fc": 0.3770825992073341, "primacy": 0.4, "beta_rec": 0.1989479234270667, "beta_enc": 0.21411213682064845}, "datetime": {"delta": 37.209603, "datetime": "2020-10-05 15:24:40", "elapsed": 3445.144695}}
{"target": 6.917777777777777, "params": {"enc_rate": 1.0, "k": 3.0, "gamma_fc": 0.23170231048579204, "primacy": 0.4, "beta_rec": 0.7997765368973863, "beta_enc": 0.6745640237634105}, "datetime": {"delta": 35.181041, "datetime": "2020-10-05 15:25:16", "elapsed": 3480.325736}}
{"target": 6.541333333333334, "params": {"enc_rate": 1.0, "k": 3.0, "gamma_fc": 0.8348540476317985, "primacy": 0.4, "beta_rec": 0.5538846110514143, "beta_enc": 0.7113145181364867}, "datetime": {"delta": 34.062697, "datetime": "2020-10-05 15:25:50", "elapsed": 3514.388433}}
{"target": 6.481333333333334, "params": {"enc_rate": 1.0, "k": 3.0, "gamma_fc": 0.9760435504677476, "primacy": 0.4, "beta_rec": 0.47803130796528337, "beta_enc": 0.7060518043359332}, "datetime": {"delta": 33.891824, "datetime": "2020-10-05 15:26:24", "elapsed": 3548.280257}}
{"target": 7.334444444444445, "params": {"enc_rate": 1.0, "k": 3.0, "gamma_fc": 0.7293189193611234, "primacy": 0.4, "beta_rec": 0.40420190577514725, "beta_enc": 0.43118175516037094}, "datetime": {"delta": 36.366308, "datetime": "2020-10-05 15:27:00", "elapsed": 3584.646565}}
{"target": 6.043111111111111, "params": {"enc_rate": 1.0, "k": 3.0, "gamma_fc": 0.7489283752458364, "primacy": 0.4, "beta_rec": 0.21073239208332073, "beta_enc": 0.7543059505762987}, "datetime": {"delta": 32.487214, "datetime": "2020-10-05 15:27:32", "elapsed": 3617.133779}}
{"target": 7.48711111111111, "params": {"enc_rate": 1.0, "k": 3.0, "gamma_fc": 0.42556139026154693, "primacy": 0.4, "beta_rec": 0.7316064712415088, "beta_enc": 0.29548228565549706}, "datetime": {"delta": 36.792737, "datetime": "2020-10-05 15:28:09", "elapsed": 3653.926516}}
{"target": 5.785777777777777, "params": {"enc_rate": 1.0, "k": 3.0, "gamma_fc": 0.30008104592535645, "primacy": 0.4, "beta_rec": 0.1922500168221477, "beta_enc": 0.8352716024899659}, "datetime": {"delta": 31.697329, "datetime": "2020-10-05 15:28:41", "elapsed": 3685.623845}}
{"target": 7.330666666666666, "params": {"enc_rate": 1.0, "k": 3.0, "gamma_fc": 0.13216114194293815, "primacy": 0.4, "beta_rec": 0.5306974384761395, "beta_enc": 0.37015417755373825}, "datetime": {"delta": 36.454433, "datetime": "2020-10-05 15:29:17", "elapsed": 3722.078278}}
{"target": 7.069333333333333, "params": {"enc_rate": 1.0, "k": 3.0, "gamma_fc": 0.10806532869723684, "primacy": 0.4, "beta_rec": 0.2615495518329871, "beta_enc": 0.5079216999452875}, "datetime": {"delta": 35.673272, "datetime": "2020-10-05 15:29:53", "elapsed": 3757.75155}}
{"target": 5.188888888888888, "params": {"enc_rate": 1.0, "k": 3.0, "gamma_fc": 0.044845334589088126, "primacy": 0.4, "beta_rec": 0.17716116443841734, "beta_enc": 0.9857088237131878}, "datetime": {"delta": 29.73251, "datetime": "2020-10-05 15:30:23", "elapsed": 3787.48406}}
{"target": 7.212444444444445, "params": {"enc_rate": 1.0, "k": 3.0, "gamma_fc": 0.5510871741869717, "primacy": 0.4, "beta_rec": 0.7400775431590716, "beta_enc": 0.5279039784081266}, "datetime": {"delta": 36.015738, "datetime": "2020-10-05 15:30:59", "elapsed": 3823.499798}}
{"target": 6.122888888888889, "params": {"enc_rate": 1.0, "k": 3.0, "gamma_fc": 0.019775099516344263, "primacy": 0.4, "beta_rec": 0.17654903427708302, "beta_enc": 0.7229151935562137}, "datetime": {"delta": 32.84046, "datetime": "2020-10-05 15:31:32", "elapsed": 3856.340258}}
{"target": 7.384222222222222, "params": {"enc_rate": 1.0, "k": 3.0, "gamma_fc": 0.9873261748084265, "primacy": 0.4, "beta_rec": 0.7587469310223366, "beta_enc": 0.4032204721058492}, "datetime": {"delta": 36.737324, "datetime": "2020-10-05 15:32:08", "elapsed": 3893.077582}}
{"target": 5.390666666666666, "params": {"enc_rate": 1.0, "k": 3.0, "gamma_fc": 0.5166887829215384, "primacy": 0.4, "beta_rec": 0.8578971045378938, "beta_enc": 0.9339026083148878}, "datetime": {"delta": 30.695382, "datetime": "2020-10-05 15:32:39", "elapsed": 3923.772964}}
{"target": 7.404888888888889, "params": {"enc_rate": 1.0, "k": 3.0, "gamma_fc": 0.6132112115442597, "primacy": 0.4, "beta_rec": 0.7703225253299576, "beta_enc": 0.3748759435368594}, "datetime": {"delta": 36.92516, "datetime": "2020-10-05 15:33:16", "elapsed": 3960.698124}}
{"target": 7.535777777777779, "params": {"enc_rate": 1.0, "k": 3.0, "gamma_fc": 0.23931570743750463, "primacy": 0.4, "beta_rec": 0.7748966467245978, "beta_enc": 0.0031128578251921057}, "datetime": {"delta": 37.282896, "datetime": "2020-10-05 15:33:53", "elapsed": 3997.98102}}
{"target": 7.426, "params": {"enc_rate": 1.0, "k": 3.0, "gamma_fc": 0.2867116496064306, "primacy": 0.4, "beta_rec": 0.8830285085638342, "beta_enc": 0.3020967312900983}, "datetime": {"delta": 36.956774, "datetime": "2020-10-05 15:34:30", "elapsed": 4034.937794}}
{"target": 6.876888888888888, "params": {"enc_rate": 1.0, "k": 3.0, "gamma_fc": 0.44411710701661444, "primacy": 0.4, "beta_rec": 0.3241385298974466, "beta_enc": 0.6138710897412526}, "datetime": {"delta": 35.371613, "datetime": "2020-10-05 15:35:06", "elapsed": 4070.309407}}
{"target": 7.428888888888889, "params": {"enc_rate": 1.0, "k": 3.0, "gamma_fc": 0.4672458239265538, "primacy": 0.4, "beta_rec": 0.6749716048091052, "beta_enc": 0.3456988211755023}, "datetime": {"delta": 37.039098, "datetime": "2020-10-05 15:35:43", "elapsed": 4107.348505}}
{"target": 5.885999999999999, "params": {"enc_rate": 1.0, "k": 3.0, "gamma_fc": 0.4569657005615504, "primacy": 0.4, "beta_rec": 0.4476890001456285, "beta_enc": 0.8773604746948126}, "datetime": {"delta": 32.18442, "datetime": "2020-10-05 15:36:15", "elapsed": 4139.532925}}
{"target": 7.3566666666666665, "params": {"enc_rate": 1.0, "k": 3.0, "gamma_fc": 0.7667745872371021, "primacy": 0.4, "beta_rec": 0.9093119886549367, "beta_enc": 0.43298150696764814}, "datetime": {"delta": 36.712877, "datetime": "2020-10-05 15:36:52", "elapsed": 4176.245802}}
{"target": 4.968666666666667, "params": {"enc_rate": 1.0, "k": 3.0, "gamma_fc": 0.9427625754329493, "primacy": 0.4, "beta_rec": 0.06780693434095375, "beta_enc": 0.8428998401928499}, "datetime": {"delta": 29.454312, "datetime": "2020-10-05 15:37:21", "elapsed": 4205.700114}}
{"target": 5.621555555555555, "params": {"enc_rate": 1.0, "k": 3.0, "gamma_fc": 0.5402609403968999, "primacy": 0.4, "beta_rec": 0.25163914235585283, "beta_enc": 0.8479393924434762}, "datetime": {"delta": 31.469866, "datetime": "2020-10-05 15:37:52", "elapsed": 4237.16998}}
{"target": 4.724222222222222, "params": {"enc_rate": 1.0, "k": 3.0, "gamma_fc": 0.07771457033238649, "primacy": 0.4, "beta_rec": 0.007932876194523097, "beta_enc": 0.8379779620477293}, "datetime": {"delta": 28.683993, "datetime": "2020-10-05 15:38:21", "elapsed": 4265.853973}}
{"target": 7.507555555555555, "params": {"enc_rate": 1.0, "k": 3.0, "gamma_fc": 0.4398308142085725, "primacy": 0.4, "beta_rec": 0.8227300054219355, "beta_enc": 0.008939102371245067}, "datetime": {"delta": 37.338168, "datetime": "2020-10-05 15:38:58", "elapsed": 4303.192141}}
{"target": 7.133333333333333, "params": {"enc_rate": 1.0, "k": 3.0, "gamma_fc": 0.8959699670066484, "primacy": 0.4, "beta_rec": 0.13433860865569613, "beta_enc": 0.47786200443222115}, "datetime": {"delta": 35.946317, "datetime": "2020-10-05 15:39:34", "elapsed": 4339.138458}}
{"target": 7.325555555555555, "params": {"enc_rate": 1.0, "k": 3.0, "gamma_fc": 0.5057420174508104, "primacy": 0.4, "beta_rec": 0.6834649001663011, "beta_enc": 0.41857802576409864}, "datetime": {"delta": 36.639474, "datetime": "2020-10-05 15:40:11", "elapsed": 4375.777932}}
{"target": 7.442444444444445, "params": {"enc_rate": 1.0, "k": 3.0, "gamma_fc": 0.014092294192442956, "primacy": 0.4, "beta_rec": 0.10345955611640134, "beta_enc": 0.2942156882442547}, "datetime": {"delta": 36.868958, "datetime": "2020-10-05 15:40:48", "elapsed": 4412.64689}}
{"target": 6.176222222222222, "params": {"enc_rate": 1.0, "k": 3.0, "gamma_fc": 0.6957642142718394, "primacy": 0.4, "beta_rec": 0.5070799232841364, "beta_enc": 0.7945783511847522}, "datetime": {"delta": 33.026027, "datetime": "2020-10-05 15:41:21", "elapsed": 4445.672917}}
{"target": 6.438, "params": {"enc_rate": 1.0, "k": 3.0, "gamma_fc": 0.1726046201197925, "primacy": 0.4, "beta_rec": 0.1797942976929744, "beta_enc": 0.6477706331874812}, "datetime": {"delta": 33.828473, "datetime": "2020-10-05 15:41:55", "elapsed": 4479.50139}}
{"target": 7.379333333333332, "params": {"enc_rate": 1.0, "k": 3.0, "gamma_fc": 0.9824909449748953, "primacy": 0.4, "beta_rec": 0.9752223424373121, "beta_enc": 0.4069219941293579}, "datetime": {"delta": 36.579419, "datetime": "2020-10-05 15:42:31", "elapsed": 4516.080809}}
{"target": 5.556666666666667, "params": {"enc_rate": 1.0, "k": 3.0, "gamma_fc": 0.7928556779768876, "primacy": 0.4, "beta_rec": 0.6195867393685738, "beta_enc": 0.8574844990835966}, "datetime": {"delta": 31.066832, "datetime": "2020-10-05 15:43:02", "elapsed": 4547.147641}}
{"target": 7.417555555555556, "params": {"enc_rate": 1.0, "k": 3.0, "gamma_fc": 0.8082780137053801, "primacy": 0.4, "beta_rec": 0.6973688756131394, "beta_enc": 0.33027693652508094}, "datetime": {"delta": 36.729036, "datetime": "2020-10-05 15:43:39", "elapsed": 4583.876677}}
{"target": 7.147999999999999, "params": {"enc_rate": 1.0, "k": 3.0, "gamma_fc": 0.18438444236776674, "primacy": 0.4, "beta_rec": 0.8553564125953698, "beta_enc": 0.4879214918052024}, "datetime": {"delta": 35.930065, "datetime": "2020-10-05 15:44:15", "elapsed": 4619.806742}}
{"target": 7.3084444444444445, "params": {"enc_rate": 1.0, "k": 3.0, "gamma_fc": 0.6088311741937957, "primacy": 0.4, "beta_rec": 0.9218683054838154, "beta_enc": 0.4461172190344297}, "datetime": {"delta": 36.40776, "datetime": "2020-10-05 15:44:51", "elapsed": 4656.214502}}
{"target": 7.542666666666667, "params": {"enc_rate": 1.0, "k": 3.0, "gamma_fc": 0.34302810983040655, "primacy": 0.4, "beta_rec": 0.4167239623706961, "beta_enc": 0.013767512557716799}, "datetime": {"delta": 37.017019, "datetime": "2020-10-05 15:45:29", "elapsed": 4693.231521}}
{"target": 7.367555555555555, "params": {"enc_rate": 1.0, "k": 3.0, "gamma_fc": 0.6993076236968142, "primacy": 0.4, "beta_rec": 0.14459772083809674, "beta_enc": 0.34195283630245243}, "datetime": {"delta": 36.493662, "datetime": "2020-10-05 15:46:05", "elapsed": 4729.725183}}
{"target": 6.428, "params": {"enc_rate": 1.0, "k": 3.0, "gamma_fc": 0.37192212166768723, "primacy": 0.4, "beta_rec": 0.22729754091594956, "beta_enc": 0.6923601216234089}, "datetime": {"delta": 33.660475, "datetime": "2020-10-05 15:46:39", "elapsed": 4763.385658}}
{"target": 6.922888888888889, "params": {"enc_rate": 1.0, "k": 3.0, "gamma_fc": 0.6483127561631246, "primacy": 0.4, "beta_rec": 0.7073166026816995, "beta_enc": 0.6316466268659396}, "datetime": {"delta": 35.147242, "datetime": "2020-10-05 15:47:14", "elapsed": 4798.5329}}
{"target": 7.202000000000001, "params": {"enc_rate": 1.0, "k": 3.0, "gamma_fc": 0.4628391187082599, "primacy": 0.4, "beta_rec": 0.8753327263545391, "beta_enc": 0.5141750435258828}, "datetime": {"delta": 35.995719, "datetime": "2020-10-05 15:47:50", "elapsed": 4834.528619}}
{"target": 7.5391111111111115, "params": {"enc_rate": 1.0, "k": 3.0, "gamma_fc": 0.844526943229479, "primacy": 0.4, "beta_rec": 0.34244064113481054, "beta_enc": 0.16151077048601192}, "datetime": {"delta": 37.062119, "datetime": "2020-10-05 15:48:27", "elapsed": 4871.590738}}
{"target": 6.583777777777778, "params": {"enc_rate": 1.0, "k": 3.0, "gamma_fc": 0.29694708578690454, "primacy": 0.4, "beta_rec": 0.14546561026621996, "beta_enc": 0.6070154607890389}, "datetime": {"delta": 34.11656, "datetime": "2020-10-05 15:49:01", "elapsed": 4905.707298}}
{"target": 6.472444444444444, "params": {"enc_rate": 1.0, "k": 3.0, "gamma_fc": 0.9865727795868815, "primacy": 0.4, "beta_rec": 0.12475130006917923, "beta_enc": 0.633474012622421}, "datetime": {"delta": 33.815606, "datetime": "2020-10-05 15:49:35", "elapsed": 4939.522904}}
{"target": 7.514666666666666, "params": {"enc_rate": 1.0, "k": 3.0, "gamma_fc": 0.468665837661252, "primacy": 0.4, "beta_rec": 0.639126848719905, "beta_enc": 0.15172487103197363}, "datetime": {"delta": 37.032761, "datetime": "2020-10-05 15:50:12", "elapsed": 4976.555665}}
{"target": 5.444444444444445, "params": {"enc_rate": 1.0, "k": 3.0, "gamma_fc": 0.9247041815360281, "primacy": 0.4, "beta_rec": 0.7511210403719374, "beta_enc": 0.8499698885159654}, "datetime": {"delta": 30.741438, "datetime": "2020-10-05 15:50:43", "elapsed": 5007.297103}}
{"target": 7.5200000000000005, "params": {"enc_rate": 1.0, "k": 3.0, "gamma_fc": 0.10750887618516769, "primacy": 0.4, "beta_rec": 0.19949554613856135, "beta_enc": 0.05299454266798953}, "datetime": {"delta": 37.027214, "datetime": "2020-10-05 15:51:20", "elapsed": 5044.324317}}
{"target": 7.407555555555556, "params": {"enc_rate": 1.0, "k": 3.0, "gamma_fc": 0.668456167589482, "primacy": 0.4, "beta_rec": 0.06103668111967109, "beta_enc": 0.28462388100694214}, "datetime": {"delta": 36.721173, "datetime": "2020-10-05 15:51:56", "elapsed": 5081.04549}}
{"target": 6.386222222222221, "params": {"enc_rate": 1.0, "k": 3.0, "gamma_fc": 0.4879009391796203, "primacy": 0.4, "beta_rec": 0.34037929076546725, "beta_enc": 0.7470048290299451}, "datetime": {"delta": 33.633639, "datetime": "2020-10-05 15:52:30", "elapsed": 5114.679129}}
{"target": 6.844888888888889, "params": {"enc_rate": 1.0, "k": 3.0, "gamma_fc": 0.4338833762117006, "primacy": 0.4, "beta_rec": 0.3506565024321674, "beta_enc": 0.6442320198790318}, "datetime": {"delta": 35.077633, "datetime": "2020-10-05 15:53:05", "elapsed": 5149.756762}}
{"target": 4.315777777777778, "params": {"enc_rate": 1.0, "k": 3.0, "gamma_fc": 0.5527675965498925, "primacy": 0.4, "beta_rec": 0.36437807036823044, "beta_enc": 0.9794833541798064}, "datetime": {"delta": 27.197488, "datetime": "2020-10-05 15:53:32", "elapsed": 5176.95425}}
{"target": 7.4784444444444444, "params": {"enc_rate": 1.0, "k": 3.0, "gamma_fc": 0.9507534280610023, "primacy": 0.4, "beta_rec": 0.9110192396569683, "beta_enc": 0.24551868018650747}, "datetime": {"delta": 36.993335, "datetime": "2020-10-05 15:54:09", "elapsed": 5213.947585}}
{"target": 4.645777777777777, "params": {"enc_rate": 1.0, "k": 3.0, "gamma_fc": 0.03109707545554785, "primacy": 0.4, "beta_rec": 0.05836264614763165, "beta_enc": 0.9950523223391111}, "datetime": {"delta": 27.960708, "datetime": "2020-10-05 15:54:37", "elapsed": 5241.908293}}
{"target": 6.9462222222222225, "params": {"enc_rate": 1.0, "k": 3.0, "gamma_fc": 0.45183624942087064, "primacy": 0.4, "beta_rec": 0.9809236757505815, "beta_enc": 0.6309592003395305}, "datetime": {"delta": 35.224129, "datetime": "2020-10-05 15:55:12", "elapsed": 5277.132422}}
{"target": 7.204666666666668, "params": {"enc_rate": 1.0, "k": 3.0, "gamma_fc": 0.36939992561190627, "primacy": 0.4, "beta_rec": 0.5285334901775651, "beta_enc": 0.4948430841825636}, "datetime": {"delta": 36.004346, "datetime": "2020-10-05 15:55:48", "elapsed": 5313.136768}}
{"target": 7.283777777777777, "params": {"enc_rate": 1.0, "k": 3.0, "gamma_fc": 0.5276187723115614, "primacy": 0.4, "beta_rec": 0.44887883670676554, "beta_enc": 0.4770129944022632}, "datetime": {"delta": 36.243678, "datetime": "2020-10-05 15:56:25", "elapsed": 5349.380446}}
{"target": 7.58311111111111, "params": {"enc_rate": 1.0, "k": 3.0, "gamma_fc": 0.29115394055242805, "primacy": 0.4, "beta_rec": 0.4181361337253158, "beta_enc": 0.07201203516976995}, "datetime": {"delta": 37.103112, "datetime": "2020-10-05 15:57:02", "elapsed": 5386.483558}}
{"target": 7.560222222222222, "params": {"enc_rate": 1.0, "k": 3.0, "gamma_fc": 0.777098229275783, "primacy": 0.4, "beta_rec": 0.673041054216622, "beta_enc": 0.10938291419358459}, "datetime": {"delta": 37.19329, "datetime": "2020-10-05 15:57:39", "elapsed": 5423.676848}}
{"target": 7.394444444444444, "params": {"enc_rate": 1.0, "k": 3.0, "gamma_fc": 0.767777192147274, "primacy": 0.4, "beta_rec": 0.7969622519799001, "beta_enc": 0.3992186053524538}, "datetime": {"delta": 36.204415, "datetime": "2020-10-05 15:58:15", "elapsed": 5459.881263}}
{"target": 7.547777777777779, "params": {"enc_rate": 1.0, "k": 3.0, "gamma_fc": 0.6593449361953647, "primacy": 0.4, "beta_rec": 0.3986590599223787, "beta_enc": 0.016715589077006432}, "datetime": {"delta": 35.988238, "datetime": "2020-10-05 15:58:51", "elapsed": 5495.869501}}
{"target": 7.543555555555555, "params": {"enc_rate": 1.0, "k": 3.0, "gamma_fc": 0.4026568521749192, "primacy": 0.4, "beta_rec": 0.11379635644740682, "beta_enc": 0.016575882900934147}, "datetime": {"delta": 36.009531, "datetime": "2020-10-05 15:59:27", "elapsed": 5531.879032}}
