{"target": 3.9864444444444445, "params": {"beta_enc": 0.9388864773697133, "k": 3.0, "enc_rate": 1.0, "gamma_fc": 0.027287223517468817, "beta_rec": 0.030949006271150714, "cue_position": 8.0}, "datetime": {"delta": 26.453049, "datetime": "2021-04-07 12:01:41", "elapsed": 2818.659776}}
{"target": 7.416888888888889, "params": {"beta_enc": 0.3259898117700253, "k": 3.0, "enc_rate": 1.0, "gamma_fc": 0.45285349995153745, "beta_rec": 0.8594893208655858, "cue_position": 8.0}, "datetime": {"delta": 37.046201, "datetime": "2021-04-07 12:02:18", "elapsed": 2855.705977}}
{"target": 7.406666666666666, "params": {"beta_enc": 0.2900968516874258, "k": 3.0, "enc_rate": 1.0, "gamma_fc": 0.5172675985011298, "beta_rec": 0.009348577966515781, "cue_position": 8.0}, "datetime": {"delta": 37.013852, "datetime": "2021-04-07 12:02:55", "elapsed": 2892.719829}}
{"target": 7.322888888888889, "params": {"beta_enc": 0.426474788501396, "k": 3.0, "enc_rate": 1.0, "gamma_fc": 0.9368683813090937, "beta_rec": 0.2473960366023854, "cue_position": 8.0}, "datetime": {"delta": 36.860595, "datetime": "2021-04-07 12:03:32", "elapsed": 2929.580424}}
{"target": 4.679333333333334, "params": {"beta_enc": 0.9202065143056605, "k": 3.0, "enc_rate": 1.0, "gamma_fc": 0.31437661611405043, "beta_rec": 0.22790028995131695, "cue_position": 8.0}, "datetime": {"delta": 28.695383, "datetime": "2021-04-07 12:04:01", "elapsed": 2958.275807}}
{"target": 6.775999999999999, "params": {"beta_enc": 0.6070941619724605, "k": 3.0, "enc_rate": 1.0, "gamma_fc": 0.7018765297563104, "beta_rec": 0.41358641500116133, "cue_position": 8.0}, "datetime": {"delta": 35.201342, "datetime": "2021-04-07 12:04:36", "elapsed": 2993.477149}}
{"target": 6.854666666666667, "params": {"beta_enc": 0.5742190888408597, "k": 3.0, "enc_rate": 1.0, "gamma_fc": 0.6641025553547935, "beta_rec": 0.34898759722078887, "cue_position": 8.0}, "datetime": {"delta": 35.338775, "datetime": "2021-04-07 12:05:11", "elapsed": 3028.815924}}
{"target": 6.992444444444445, "params": {"beta_enc": 0.5190159840736788, "k": 3.0, "enc_rate": 1.0, "gamma_fc": 0.8168351087916219, "beta_rec": 0.1747201501089225, "cue_position": 8.0}, "datetime": {"delta": 35.83717, "datetime": "2021-04-07 12:05:47", "elapsed": 3064.653094}}
{"target": 4.526222222222222, "params": {"beta_enc": 0.9759890683309049, "k": 3.0, "enc_rate": 1.0, "gamma_fc": 0.09357709581748075, "beta_rec": 0.9015625846693213, "cue_position": 8.0}, "datetime": {"delta": 28.056554, "datetime": "2021-04-07 12:06:15", "elapsed": 3092.709648}}
{"target": 7.259333333333333, "params": {"beta_enc": 0.4517331486914753, "k": 3.0, "enc_rate": 1.0, "gamma_fc": 0.9727875919326552, "beta_rec": 0.37543483316785775, "cue_position": 8.0}, "datetime": {"delta": 36.623503, "datetime": "2021-04-07 12:06:52", "elapsed": 3129.333151}}
{"target": 5.539555555555556, "params": {"beta_enc": 0.8242378396244978, "k": 3.0, "enc_rate": 1.0, "gamma_fc": 0.013136356923072245, "beta_rec": 0.6326158167779973, "cue_position": 8.0}, "datetime": {"delta": 31.380585, "datetime": "2021-04-07 12:07:23", "elapsed": 3160.713736}}
{"target": 6.842666666666666, "params": {"beta_enc": 0.49207180149355845, "k": 3.0, "enc_rate": 1.0, "gamma_fc": 0.13766274094560316, "beta_rec": 0.7300912110901043, "cue_position": 8.0}, "datetime": {"delta": 35.208647, "datetime": "2021-04-07 12:07:58", "elapsed": 3195.922383}}
{"target": 5.709777777777777, "params": {"beta_enc": 0.7582782604769962, "k": 3.0, "enc_rate": 1.0, "gamma_fc": 0.33870802548167966, "beta_rec": 0.3199528380776784, "cue_position": 8.0}, "datetime": {"delta": 31.850902, "datetime": "2021-04-07 12:08:30", "elapsed": 3227.773285}}
{"target": 5.937333333333333, "params": {"beta_enc": 0.7548914570605327, "k": 3.0, "enc_rate": 1.0, "gamma_fc": 0.5045191697009946, "beta_rec": 0.46385778390029564, "cue_position": 8.0}, "datetime": {"delta": 32.557349, "datetime": "2021-04-07 12:09:03", "elapsed": 3260.330634}}
{"target": 5.556, "params": {"beta_enc": 0.7701499563120922, "k": 3.0, "enc_rate": 1.0, "gamma_fc": 0.8099887106624163, "beta_rec": 0.13033578095435427, "cue_position": 8.0}, "datetime": {"delta": 31.302142, "datetime": "2021-04-07 12:09:34", "elapsed": 3291.632776}}
{"target": 6.605333333333332, "params": {"beta_enc": 0.6724698446537339, "k": 3.0, "enc_rate": 1.0, "gamma_fc": 0.6443610847569929, "beta_rec": 0.6868082266569918, "cue_position": 8.0}, "datetime": {"delta": 34.607697, "datetime": "2021-04-07 12:10:09", "elapsed": 3326.240473}}
{"target": 7.207777777777778, "params": {"beta_enc": 0.4844284455143756, "k": 3.0, "enc_rate": 1.0, "gamma_fc": 0.6736984238986317, "beta_rec": 0.8593178060976, "cue_position": 8.0}, "datetime": {"delta": 36.376668, "datetime": "2021-04-07 12:10:45", "elapsed": 3362.617141}}
{"target": 7.456222222222221, "params": {"beta_enc": 0.27411977516685215, "k": 3.0, "enc_rate": 1.0, "gamma_fc": 0.8558283672539277, "beta_rec": 0.5605299905360588, "cue_position": 8.0}, "datetime": {"delta": 37.520797, "datetime": "2021-04-07 12:11:23", "elapsed": 3400.137938}}
{"target": 5.981111111111111, "params": {"beta_enc": 0.7473208103319232, "k": 3.0, "enc_rate": 1.0, "gamma_fc": 0.8076984091122095, "beta_rec": 0.2896027461868774, "cue_position": 8.0}, "datetime": {"delta": 32.644047, "datetime": "2021-04-07 12:11:55", "elapsed": 3432.781985}}
{"target": 7.498666666666667, "params": {"beta_enc": 0.21369323762958115, "k": 3.0, "enc_rate": 1.0, "gamma_fc": 0.7444731530777321, "beta_rec": 0.7672845084217665, "cue_position": 8.0}, "datetime": {"delta": 37.24578, "datetime": "2021-04-07 12:12:33", "elapsed": 3470.027765}}
{"target": 7.464444444444444, "params": {"beta_enc": 0.21411213682064845, "k": 3.0, "enc_rate": 1.0, "gamma_fc": 0.026627884691621473, "beta_rec": 0.1989479234270667, "cue_position": 8.0}, "datetime": {"delta": 37.116093, "datetime": "2021-04-07 12:13:10", "elapsed": 3507.143858}}
{"target": 6.417555555555556, "params": {"beta_enc": 0.6745640237634105, "k": 3.0, "enc_rate": 1.0, "gamma_fc": 0.20762566180381437, "beta_rec": 0.7997765368973863, "cue_position": 8.0}, "datetime": {"delta": 33.98931, "datetime": "2021-04-07 12:13:44", "elapsed": 3541.133168}}
{"target": 6.273555555555555, "params": {"beta_enc": 0.7113145181364867, "k": 3.0, "enc_rate": 1.0, "gamma_fc": 0.43530595762951996, "beta_rec": 0.5538846110514143, "cue_position": 8.0}, "datetime": {"delta": 33.571967, "datetime": "2021-04-07 12:14:17", "elapsed": 3574.705135}}
{"target": 5.9831111111111115, "params": {"beta_enc": 0.7060518043359332, "k": 3.0, "enc_rate": 1.0, "gamma_fc": 0.15983365034409336, "beta_rec": 0.47803130796528337, "cue_position": 8.0}, "datetime": {"delta": 32.738929, "datetime": "2021-04-07 12:14:50", "elapsed": 3607.444064}}
{"target": 7.017111111111111, "params": {"beta_enc": 0.43118175516037094, "k": 3.0, "enc_rate": 1.0, "gamma_fc": 0.18874506687718595, "beta_rec": 0.40420190577514725, "cue_position": 8.0}, "datetime": {"delta": 35.721826, "datetime": "2021-04-07 12:15:26", "elapsed": 3643.16589}}
{"target": 5.794888888888889, "params": {"beta_enc": 0.7543059505762987, "k": 3.0, "enc_rate": 1.0, "gamma_fc": 0.6382187106203334, "beta_rec": 0.21073239208332073, "cue_position": 8.0}, "datetime": {"delta": 32.097184, "datetime": "2021-04-07 12:15:58", "elapsed": 3675.263074}}
{"target": 7.4655555555555555, "params": {"beta_enc": 0.29548228565549706, "k": 3.0, "enc_rate": 1.0, "gamma_fc": 0.7821818168314053, "beta_rec": 0.7316064712415088, "cue_position": 8.0}, "datetime": {"delta": 37.118166, "datetime": "2021-04-07 12:16:35", "elapsed": 3712.38124}}
{"target": 5.027777777777778, "params": {"beta_enc": 0.8352716024899659, "k": 3.0, "enc_rate": 1.0, "gamma_fc": 0.08010364380604929, "beta_rec": 0.1922500168221477, "cue_position": 8.0}, "datetime": {"delta": 29.781268, "datetime": "2021-04-07 12:17:05", "elapsed": 3742.162508}}
{"target": 7.226222222222222, "params": {"beta_enc": 0.37015417755373825, "k": 3.0, "enc_rate": 1.0, "gamma_fc": 0.20645405888943302, "beta_rec": 0.5306974384761395, "cue_position": 8.0}, "datetime": {"delta": 36.404205, "datetime": "2021-04-07 12:17:41", "elapsed": 3778.566713}}
{"target": 7.087777777777778, "params": {"beta_enc": 0.5079216999452875, "k": 3.0, "enc_rate": 1.0, "gamma_fc": 0.7875518396525072, "beta_rec": 0.2615495518329871, "cue_position": 8.0}, "datetime": {"delta": 36.02288, "datetime": "2021-04-07 12:18:17", "elapsed": 3814.589593}}
{"target": 2.8579999999999997, "params": {"beta_enc": 0.9857088237131878, "k": 3.0, "enc_rate": 1.0, "gamma_fc": 0.7871162896558341, "beta_rec": 0.17716116443841734, "cue_position": 8.0}, "datetime": {"delta": 25.796178, "datetime": "2021-04-07 12:18:43", "elapsed": 3840.385771}}
{"target": 6.856444444444445, "params": {"beta_enc": 0.5279039784081266, "k": 3.0, "enc_rate": 1.0, "gamma_fc": 0.2166172083287794, "beta_rec": 0.7400775431590716, "cue_position": 8.0}, "datetime": {"delta": 43.296646, "datetime": "2021-04-07 12:19:26", "elapsed": 3883.682417}}
{"target": 5.946222222222222, "params": {"beta_enc": 0.7229151935562137, "k": 3.0, "enc_rate": 1.0, "gamma_fc": 0.8602369974231152, "beta_rec": 0.17654903427708302, "cue_position": 8.0}, "datetime": {"delta": 35.758312, "datetime": "2021-04-07 12:20:02", "elapsed": 3919.440729}}
{"target": 7.221777777777777, "params": {"beta_enc": 0.4032204721058492, "k": 3.0, "enc_rate": 1.0, "gamma_fc": 0.2780850486129828, "beta_rec": 0.7587469310223366, "cue_position": 8.0}, "datetime": {"delta": 36.506704, "datetime": "2021-04-07 12:20:38", "elapsed": 3955.947433}}
{"target": 4.3837777777777776, "params": {"beta_enc": 0.9339026083148878, "k": 3.0, "enc_rate": 1.0, "gamma_fc": 0.706956245248761, "beta_rec": 0.8578971045378938, "cue_position": 8.0}, "datetime": {"delta": 27.801202, "datetime": "2021-04-07 12:21:06", "elapsed": 3983.748635}}
{"target": 7.359111111111112, "params": {"beta_enc": 0.3748759435368594, "k": 3.0, "enc_rate": 1.0, "gamma_fc": 0.4018659239678374, "beta_rec": 0.7703225253299576, "cue_position": 8.0}, "datetime": {"delta": 36.967718, "datetime": "2021-04-07 12:21:43", "elapsed": 4020.716353}}
{"target": 7.548, "params": {"beta_enc": 0.0031128578251921057, "k": 3.0, "enc_rate": 1.0, "gamma_fc": 0.12076718430922972, "beta_rec": 0.7748966467245978, "cue_position": 8.0}, "datetime": {"delta": 37.468665, "datetime": "2021-04-07 12:22:21", "elapsed": 4058.185018}}
{"target": 7.316888888888888, "params": {"beta_enc": 0.3020967312900983, "k": 3.0, "enc_rate": 1.0, "gamma_fc": 0.13835468979294652, "beta_rec": 0.8830285085638342, "cue_position": 8.0}, "datetime": {"delta": 36.76554, "datetime": "2021-04-07 12:22:57", "elapsed": 4094.950558}}
{"target": 6.748444444444443, "params": {"beta_enc": 0.6138710897412526, "k": 3.0, "enc_rate": 1.0, "gamma_fc": 0.8281353607315121, "beta_rec": 0.3241385298974466, "cue_position": 8.0}, "datetime": {"delta": 34.952469, "datetime": "2021-04-07 12:23:32", "elapsed": 4129.903027}}
{"target": 7.313111111111111, "params": {"beta_enc": 0.3456988211755023, "k": 3.0, "enc_rate": 1.0, "gamma_fc": 0.31476568732401644, "beta_rec": 0.6749716048091052, "cue_position": 8.0}, "datetime": {"delta": 36.77473, "datetime": "2021-04-07 12:24:09", "elapsed": 4166.677757}}
{"target": 5.100666666666667, "params": {"beta_enc": 0.8773604746948126, "k": 3.0, "enc_rate": 1.0, "gamma_fc": 0.6562293317171314, "beta_rec": 0.4476890001456285, "cue_position": 8.0}, "datetime": {"delta": 29.94362, "datetime": "2021-04-07 12:24:39", "elapsed": 4196.621377}}
{"target": 7.323555555555555, "params": {"beta_enc": 0.43298150696764814, "k": 3.0, "enc_rate": 1.0, "gamma_fc": 0.5047006080958943, "beta_rec": 0.9093119886549367, "cue_position": 8.0}, "datetime": {"delta": 36.79247, "datetime": "2021-04-07 12:25:16", "elapsed": 4233.413847}}
{"target": 4.851555555555555, "params": {"beta_enc": 0.8428998401928499, "k": 3.0, "enc_rate": 1.0, "gamma_fc": 0.5178600481723219, "beta_rec": 0.06780693434095375, "cue_position": 8.0}, "datetime": {"delta": 29.216362, "datetime": "2021-04-07 12:25:45", "elapsed": 4262.630209}}
{"target": 5.088666666666667, "params": {"beta_enc": 0.8479393924434762, "k": 3.0, "enc_rate": 1.0, "gamma_fc": 0.9488362882802196, "beta_rec": 0.25163914235585283, "cue_position": 8.0}, "datetime": {"delta": 29.853703, "datetime": "2021-04-07 12:26:15", "elapsed": 4292.483912}}
{"target": 4.748666666666667, "params": {"beta_enc": 0.8379779620477293, "k": 3.0, "enc_rate": 1.0, "gamma_fc": 0.3221295136147696, "beta_rec": 0.007932876194523097, "cue_position": 8.0}, "datetime": {"delta": 28.850508, "datetime": "2021-04-07 12:26:44", "elapsed": 4321.33442}}
{"target": 7.526666666666666, "params": {"beta_enc": 0.008939102371245067, "k": 3.0, "enc_rate": 1.0, "gamma_fc": 0.2557451938059312, "beta_rec": 0.8227300054219355, "cue_position": 8.0}, "datetime": {"delta": 37.206188, "datetime": "2021-04-07 12:27:21", "elapsed": 4358.540608}}
{"target": 7.0282222222222215, "params": {"beta_enc": 0.47786200443222115, "k": 3.0, "enc_rate": 1.0, "gamma_fc": 0.49154515001693533, "beta_rec": 0.13433860865569613, "cue_position": 8.0}, "datetime": {"delta": 35.966026, "datetime": "2021-04-07 12:27:57", "elapsed": 4394.506634}}
{"target": 7.084444444444445, "params": {"beta_enc": 0.41857802576409864, "k": 3.0, "enc_rate": 1.0, "gamma_fc": 0.1895517028339273, "beta_rec": 0.6834649001663011, "cue_position": 8.0}, "datetime": {"delta": 36.064947, "datetime": "2021-04-07 12:28:33", "elapsed": 4430.571581}}
{"target": 7.462222222222222, "params": {"beta_enc": 0.2942156882442547, "k": 3.0, "enc_rate": 1.0, "gamma_fc": 0.7159456994623945, "beta_rec": 0.10345955611640134, "cue_position": 8.0}, "datetime": {"delta": 37.0997, "datetime": "2021-04-07 12:29:10", "elapsed": 4467.671281}}
{"target": 5.8148888888888886, "params": {"beta_enc": 0.7945783511847522, "k": 3.0, "enc_rate": 1.0, "gamma_fc": 0.7778484768591754, "beta_rec": 0.5070799232841364, "cue_position": 8.0}, "datetime": {"delta": 32.146335, "datetime": "2021-04-07 12:29:42", "elapsed": 4499.817616}}
{"target": 6.258444444444445, "params": {"beta_enc": 0.6477706331874812, "k": 3.0, "enc_rate": 1.0, "gamma_fc": 0.4086372250132624, "beta_rec": 0.1797942976929744, "cue_position": 8.0}, "datetime": {"delta": 33.492535, "datetime": "2021-04-07 12:30:16", "elapsed": 4533.310151}}
{"target": 7.411777777777777, "params": {"beta_enc": 0.4069219941293579, "k": 3.0, "enc_rate": 1.0, "gamma_fc": 0.6363061258559836, "beta_rec": 0.9752223424373121, "cue_position": 8.0}, "datetime": {"delta": 36.922887, "datetime": "2021-04-07 12:30:53", "elapsed": 4570.233038}}
{"target": 5.321555555555555, "params": {"beta_enc": 0.8574844990835966, "k": 3.0, "enc_rate": 1.0, "gamma_fc": 0.43293850873416306, "beta_rec": 0.6195867393685738, "cue_position": 8.0}, "datetime": {"delta": 30.587016, "datetime": "2021-04-07 12:31:23", "elapsed": 4600.820054}}
{"target": 7.347777777777777, "params": {"beta_enc": 0.33027693652508094, "k": 3.0, "enc_rate": 1.0, "gamma_fc": 0.2952887943998478, "beta_rec": 0.6973688756131394, "cue_position": 8.0}, "datetime": {"delta": 37.578037, "datetime": "2021-04-07 12:32:01", "elapsed": 4638.398091}}
{"target": 7.248444444444445, "params": {"beta_enc": 0.4879214918052024, "k": 3.0, "enc_rate": 1.0, "gamma_fc": 0.585348458938251, "beta_rec": 0.8553564125953698, "cue_position": 8.0}, "datetime": {"delta": 36.723988, "datetime": "2021-04-07 12:32:38", "elapsed": 4675.122079}}
{"target": 7.259333333333333, "params": {"beta_enc": 0.4461172190344297, "k": 3.0, "enc_rate": 1.0, "gamma_fc": 0.6824537097668154, "beta_rec": 0.9218683054838154, "cue_position": 8.0}, "datetime": {"delta": 36.581679, "datetime": "2021-04-07 12:33:14", "elapsed": 4711.703758}}
{"target": 7.513111111111113, "params": {"beta_enc": 0.013767512557716799, "k": 3.0, "enc_rate": 1.0, "gamma_fc": 0.7797442954825999, "beta_rec": 0.4167239623706961, "cue_position": 8.0}, "datetime": {"delta": 37.339878, "datetime": "2021-04-07 12:33:52", "elapsed": 4749.043636}}
{"target": 7.380888888888888, "params": {"beta_enc": 0.34195283630245243, "k": 3.0, "enc_rate": 1.0, "gamma_fc": 0.6884973179489188, "beta_rec": 0.14459772083809674, "cue_position": 8.0}, "datetime": {"delta": 36.990963, "datetime": "2021-04-07 12:34:29", "elapsed": 4786.034599}}
{"target": 6.070888888888889, "params": {"beta_enc": 0.6923601216234089, "k": 3.0, "enc_rate": 1.0, "gamma_fc": 0.3553079116201222, "beta_rec": 0.22729754091594956, "cue_position": 8.0}, "datetime": {"delta": 33.076307, "datetime": "2021-04-07 12:35:02", "elapsed": 4819.110906}}
{"target": 6.51088888888889, "params": {"beta_enc": 0.6316466268659396, "k": 3.0, "enc_rate": 1.0, "gamma_fc": 0.16994071421725776, "beta_rec": 0.7073166026816995, "cue_position": 8.0}, "datetime": {"delta": 34.469378, "datetime": "2021-04-07 12:35:36", "elapsed": 4853.580284}}
{"target": 7.082666666666666, "params": {"beta_enc": 0.5141750435258828, "k": 3.0, "enc_rate": 1.0, "gamma_fc": 0.42893233402990294, "beta_rec": 0.8753327263545391, "cue_position": 8.0}, "datetime": {"delta": 36.017574, "datetime": "2021-04-07 12:36:12", "elapsed": 4889.597858}}
{"target": 7.525333333333333, "params": {"beta_enc": 0.16151077048601192, "k": 3.0, "enc_rate": 1.0, "gamma_fc": 0.8003322457764017, "beta_rec": 0.34244064113481054, "cue_position": 8.0}, "datetime": {"delta": 38.37384, "datetime": "2021-04-07 12:36:51", "elapsed": 4927.971698}}
{"target": 6.567555555555555, "params": {"beta_enc": 0.6070154607890389, "k": 3.0, "enc_rate": 1.0, "gamma_fc": 0.8596509535692011, "beta_rec": 0.14546561026621996, "cue_position": 8.0}, "datetime": {"delta": 34.486132, "datetime": "2021-04-07 12:37:25", "elapsed": 4962.45783}}
{"target": 6.415333333333334, "params": {"beta_enc": 0.633474012622421, "k": 3.0, "enc_rate": 1.0, "gamma_fc": 0.9482991740726651, "beta_rec": 0.12475130006917923, "cue_position": 8.0}, "datetime": {"delta": 33.987346, "datetime": "2021-04-07 12:37:59", "elapsed": 4996.445176}}
{"target": 7.546000000000001, "params": {"beta_enc": 0.15172487103197363, "k": 3.0, "enc_rate": 1.0, "gamma_fc": 0.42803746946827015, "beta_rec": 0.639126848719905, "cue_position": 8.0}, "datetime": {"delta": 44.310361, "datetime": "2021-04-07 12:38:43", "elapsed": 5040.755537}}
{"target": 5.527555555555557, "params": {"beta_enc": 0.8499698885159654, "k": 3.0, "enc_rate": 1.0, "gamma_fc": 0.06473998344154885, "beta_rec": 0.7511210403719374, "cue_position": 8.0}, "datetime": {"delta": 31.263721, "datetime": "2021-04-07 12:39:15", "elapsed": 5072.019258}}
{"target": 7.5617777777777775, "params": {"beta_enc": 0.05299454266798953, "k": 3.0, "enc_rate": 1.0, "gamma_fc": 0.6236704109977018, "beta_rec": 0.19949554613856135, "cue_position": 8.0}, "datetime": {"delta": 37.432634, "datetime": "2021-04-07 12:39:52", "elapsed": 5109.451892}}
{"target": 7.4797777777777785, "params": {"beta_enc": 0.28462388100694214, "k": 3.0, "enc_rate": 1.0, "gamma_fc": 0.3785805932506022, "beta_rec": 0.06103668111967109, "cue_position": 8.0}, "datetime": {"delta": 37.285634, "datetime": "2021-04-07 12:40:29", "elapsed": 5146.737526}}
{"target": 5.98511111111111, "params": {"beta_enc": 0.7470048290299451, "k": 3.0, "enc_rate": 1.0, "gamma_fc": 0.5256694443509794, "beta_rec": 0.34037929076546725, "cue_position": 8.0}, "datetime": {"delta": 32.740918, "datetime": "2021-04-07 12:41:02", "elapsed": 5179.478444}}
{"target": 6.392666666666667, "params": {"beta_enc": 0.6442320198790318, "k": 3.0, "enc_rate": 1.0, "gamma_fc": 0.3824674572709176, "beta_rec": 0.3506565024321674, "cue_position": 8.0}, "datetime": {"delta": 34.028984, "datetime": "2021-04-07 12:41:36", "elapsed": 5213.507428}}
{"target": 3.0913333333333335, "params": {"beta_enc": 0.9794833541798064, "k": 3.0, "enc_rate": 1.0, "gamma_fc": 0.8891310891074828, "beta_rec": 0.36437807036823044, "cue_position": 8.0}, "datetime": {"delta": 23.51517, "datetime": "2021-04-07 12:42:00", "elapsed": 5237.022598}}
{"target": 7.506222222222223, "params": {"beta_enc": 0.24551868018650747, "k": 3.0, "enc_rate": 1.0, "gamma_fc": 0.5564069156709253, "beta_rec": 0.9110192396569683, "cue_position": 8.0}, "datetime": {"delta": 37.270224, "datetime": "2021-04-07 12:42:37", "elapsed": 5274.292822}}
{"target": 2.293333333333333, "params": {"beta_enc": 0.9950523223391111, "k": 3.0, "enc_rate": 1.0, "gamma_fc": 0.5711757391862334, "beta_rec": 0.05836264614763165, "cue_position": 8.0}, "datetime": {"delta": 20.862616, "datetime": "2021-04-07 12:42:58", "elapsed": 5295.155438}}
{"target": 6.862888888888888, "params": {"beta_enc": 0.6309592003395305, "k": 3.0, "enc_rate": 1.0, "gamma_fc": 0.7084608700517172, "beta_rec": 0.9809236757505815, "cue_position": 8.0}, "datetime": {"delta": 35.362066, "datetime": "2021-04-07 12:43:33", "elapsed": 5330.517504}}
{"target": 6.7524444444444445, "params": {"beta_enc": 0.4948430841825636, "k": 3.0, "enc_rate": 1.0, "gamma_fc": 0.14222125307278666, "beta_rec": 0.5285334901775651, "cue_position": 8.0}, "datetime": {"delta": 35.039372, "datetime": "2021-04-07 12:44:08", "elapsed": 5365.556876}}
{"target": 7.071555555555557, "params": {"beta_enc": 0.4770129944022632, "k": 3.0, "enc_rate": 1.0, "gamma_fc": 0.4090908319168599, "beta_rec": 0.44887883670676554, "cue_position": 8.0}, "datetime": {"delta": 41.64448, "datetime": "2021-04-07 12:44:50", "elapsed": 5407.201356}}
{"target": 7.542888888888889, "params": {"beta_enc": 0.07201203516976995, "k": 3.0, "enc_rate": 1.0, "gamma_fc": 0.5035095098483965, "beta_rec": 0.4181361337253158, "cue_position": 8.0}, "datetime": {"delta": 37.308765, "datetime": "2021-04-07 12:45:27", "elapsed": 5444.510121}}
{"target": 7.527111111111111, "params": {"beta_enc": 0.10938291419358459, "k": 3.0, "enc_rate": 1.0, "gamma_fc": 0.14360699787420927, "beta_rec": 0.673041054216622, "cue_position": 8.0}, "datetime": {"delta": 37.256939, "datetime": "2021-04-07 12:46:04", "elapsed": 5481.76706}}
