{"target": 9.970833333333333, "params": {"cue_position": 8.0, "beta_rec": 0.8538406335618209, "gamma_fc": 0.04932054530696901, "gamma_cf": 1.0, "beta_enc": 0.06694353260490636}, "datetime": {"delta": 32.445808, "elapsed": 8276.181468, "datetime": "2020-06-21 20:24:01"}}
{"target": 9.641666666666667, "params": {"cue_position": 8.0, "beta_rec": 0.7173454564319159, "gamma_fc": 0.0, "gamma_cf": 1.0, "beta_enc": 0.023957578664436544}, "datetime": {"delta": 31.834261, "elapsed": 8308.015729, "datetime": "2020-06-21 20:24:33"}}
{"target": 10.983333333333333, "params": {"cue_position": 8.0, "beta_rec": 0.9278107460061925, "gamma_fc": 0.0, "gamma_cf": 1.0, "beta_enc": 0.11129277758651196}, "datetime": {"delta": 33.741997, "elapsed": 8341.757726, "datetime": "2020-06-21 20:25:07"}}
{"target": 11.258333333333333, "params": {"cue_position": 8.0, "beta_rec": 0.8977047039856751, "gamma_fc": 0.0, "gamma_cf": 1.0, "beta_enc": 0.048298734055854206}, "datetime": {"delta": 33.792385, "elapsed": 8375.550111, "datetime": "2020-06-21 20:25:40"}}
{"target": 10.095833333333333, "params": {"cue_position": 8.0, "beta_rec": 0.9881818049706106, "gamma_fc": 0.16332973805206602, "gamma_cf": 0.7394863194270616, "beta_enc": 0.4701236394286304}, "datetime": {"delta": 33.870272, "elapsed": 8409.420383, "datetime": "2020-06-21 20:26:14"}}
{"target": 10.2625, "params": {"cue_position": 8.0, "beta_rec": 0.7473121881424384, "gamma_fc": 0.24085178567428242, "gamma_cf": 0.9807335538606536, "beta_enc": 0.4541754529721986}, "datetime": {"delta": 34.340741, "elapsed": 8443.761124, "datetime": "2020-06-21 20:26:49"}}
{"target": 11.204166666666667, "params": {"cue_position": 8.0, "beta_rec": 0.7166091837025336, "gamma_fc": 0.0, "gamma_cf": 0.9477026116646353, "beta_enc": 0.3187430633584025}, "datetime": {"delta": 34.712195, "elapsed": 8478.473319, "datetime": "2020-06-21 20:27:23"}}
{"target": 10.029166666666667, "params": {"cue_position": 8.0, "beta_rec": 0.8069939850543535, "gamma_fc": 0.21112604573723753, "gamma_cf": 0.9514016322473604, "beta_enc": 0.5344627393738182}, "datetime": {"delta": 33.329503, "elapsed": 8511.802822, "datetime": "2020-06-21 20:27:57"}}
{"target": 8.666666666666666, "params": {"cue_position": 8.0, "beta_rec": 0.8835323674820244, "gamma_fc": 0.0, "gamma_cf": 1.0, "beta_enc": 0.0}, "datetime": {"delta": 32.98881, "elapsed": 8544.791632, "datetime": "2020-06-21 20:28:30"}}
{"target": 10.525, "params": {"cue_position": 8.0, "beta_rec": 0.6871942607105688, "gamma_fc": 0.17181869162328414, "gamma_cf": 0.9097193825998398, "beta_enc": 0.44141317087460746}, "datetime": {"delta": 33.479534, "elapsed": 8578.271166, "datetime": "2020-06-21 20:29:03"}}
{"target": 10.070833333333333, "params": {"cue_position": 8.0, "beta_rec": 1.0, "gamma_fc": 0.17841254112228827, "gamma_cf": 0.8489037793363844, "beta_enc": 0.4456042966862671}, "datetime": {"delta": 34.091775, "elapsed": 8612.362941, "datetime": "2020-06-21 20:29:37"}}
{"target": 10.866666666666667, "params": {"cue_position": 8.0, "beta_rec": 0.9020238565068179, "gamma_fc": 0.0, "gamma_cf": 1.0, "beta_enc": 0.07325774828712847}, "datetime": {"delta": 36.803888, "elapsed": 8649.166829, "datetime": "2020-06-21 20:30:14"}}
{"target": 10.395833333333334, "params": {"cue_position": 8.0, "beta_rec": 0.975702005409638, "gamma_fc": 0.0, "gamma_cf": 1.0, "beta_enc": 0.13761297270187917}, "datetime": {"delta": 34.877678, "elapsed": 8684.044507, "datetime": "2020-06-21 20:30:49"}}
{"target": 11.283333333333333, "params": {"cue_position": 8.0, "beta_rec": 0.7621045184967693, "gamma_fc": 0.01429414620891743, "gamma_cf": 1.0, "beta_enc": 0.4550215443456142}, "datetime": {"delta": 35.903995, "elapsed": 8719.948502, "datetime": "2020-06-21 20:31:25"}}
{"target": 10.604166666666666, "params": {"cue_position": 8.0, "beta_rec": 0.7252577295974765, "gamma_fc": 0.04254762651016529, "gamma_cf": 0.9353749981068683, "beta_enc": 0.2822725771803775}, "datetime": {"delta": 36.424477, "elapsed": 8756.372979, "datetime": "2020-06-21 20:32:01"}}
{"target": 11.104166666666666, "params": {"cue_position": 8.0, "beta_rec": 0.6834266247516366, "gamma_fc": 0.0, "gamma_cf": 0.9174825727243763, "beta_enc": 0.34470197654926693}, "datetime": {"delta": 38.935191, "elapsed": 8795.30817, "datetime": "2020-06-21 20:32:40"}}
{"target": 11.045833333333333, "params": {"cue_position": 8.0, "beta_rec": 0.5849999896100686, "gamma_fc": 0.0, "gamma_cf": 0.921087690229159, "beta_enc": 0.31800469877396137}, "datetime": {"delta": 37.154587, "elapsed": 8832.462757, "datetime": "2020-06-21 20:33:17"}}
{"target": 10.695833333333333, "params": {"cue_position": 8.0, "beta_rec": 0.5654705158129973, "gamma_fc": 0.0, "gamma_cf": 0.884021203018062, "beta_enc": 0.2670953618788443}, "datetime": {"delta": 35.897207, "elapsed": 8868.359964, "datetime": "2020-06-21 20:33:53"}}
{"target": 10.958333333333334, "params": {"cue_position": 8.0, "beta_rec": 0.5223025075325202, "gamma_fc": 0.0, "gamma_cf": 0.9337570370854038, "beta_enc": 0.323808984711393}, "datetime": {"delta": 39.0287, "elapsed": 8907.388664, "datetime": "2020-06-21 20:34:32"}}
{"target": 11.25, "params": {"cue_position": 8.0, "beta_rec": 0.5494945350935855, "gamma_fc": 0.0, "gamma_cf": 0.9993954211373018, "beta_enc": 0.31667390924103456}, "datetime": {"delta": 36.05304, "elapsed": 8943.441704, "datetime": "2020-06-21 20:35:08"}}
{"target": 10.720833333333333, "params": {"cue_position": 8.0, "beta_rec": 0.5459961721827246, "gamma_fc": 0.0, "gamma_cf": 0.9722943013911435, "beta_enc": 0.27560636523017584}, "datetime": {"delta": 38.002221, "elapsed": 8981.443925, "datetime": "2020-06-21 20:35:46"}}
{"target": 11.208333333333334, "params": {"cue_position": 8.0, "beta_rec": 0.5643932826736385, "gamma_fc": 0.007449486070557065, "gamma_cf": 0.998822069206959, "beta_enc": 0.34207905142524553}, "datetime": {"delta": 36.731389, "elapsed": 9018.175314, "datetime": "2020-06-21 20:36:23"}}
{"target": 11.066666666666666, "params": {"cue_position": 8.0, "beta_rec": 0.5198610551838494, "gamma_fc": 0.0, "gamma_cf": 1.0, "beta_enc": 0.3442473334617763}, "datetime": {"delta": 38.188694, "elapsed": 9056.364008, "datetime": "2020-06-21 20:37:01"}}
{"target": 11.345833333333333, "params": {"cue_position": 8.0, "beta_rec": 0.6235026071266916, "gamma_fc": 0.0, "gamma_cf": 0.9808054537477495, "beta_enc": 0.2827694717483925}, "datetime": {"delta": 38.888185, "elapsed": 9095.252193, "datetime": "2020-06-21 20:37:40"}}
{"target": 10.816666666666666, "params": {"cue_position": 8.0, "beta_rec": 0.6471580595904555, "gamma_fc": 0.0, "gamma_cf": 0.9567570879209526, "beta_enc": 0.30267166484386976}, "datetime": {"delta": 41.558911, "elapsed": 9136.811104, "datetime": "2020-06-21 20:38:22"}}
{"target": 11.0875, "params": {"cue_position": 8.0, "beta_rec": 0.5991099959072295, "gamma_fc": 0.0, "gamma_cf": 1.0, "beta_enc": 0.29228117929003783}, "datetime": {"delta": 38.188983, "elapsed": 9175.000087, "datetime": "2020-06-21 20:39:00"}}
{"target": 10.708333333333334, "params": {"cue_position": 8.0, "beta_rec": 0.6520322555557293, "gamma_fc": 0.07145240887515228, "gamma_cf": 0.9354382069744965, "beta_enc": 0.4658708934889875}, "datetime": {"delta": 39.039122, "elapsed": 9214.039209, "datetime": "2020-06-21 20:39:39"}}
{"target": 10.870833333333334, "params": {"cue_position": 8.0, "beta_rec": 0.6134494003242438, "gamma_fc": 0.028421536670761284, "gamma_cf": 0.9686053969687495, "beta_enc": 0.27196463883599725}, "datetime": {"delta": 39.110506, "elapsed": 9253.149715, "datetime": "2020-06-21 20:40:18"}}
{"target": 11.095833333333333, "params": {"cue_position": 8.0, "beta_rec": 0.8152951975908173, "gamma_fc": 0.06993287901085266, "gamma_cf": 0.9764142276846196, "beta_enc": 0.39392027301065524}, "datetime": {"delta": 40.613433, "elapsed": 9293.763148, "datetime": "2020-06-21 20:40:59"}}
{"target": 11.129166666666666, "params": {"cue_position": 8.0, "beta_rec": 0.5624204055923078, "gamma_fc": 0.0, "gamma_cf": 0.9675042119983656, "beta_enc": 0.32859571485552996}, "datetime": {"delta": 37.38898, "elapsed": 9331.152128, "datetime": "2020-06-21 20:41:36"}}
{"target": 10.908333333333333, "params": {"cue_position": 8.0, "beta_rec": 0.6440467071151329, "gamma_fc": 0.0, "gamma_cf": 1.0, "beta_enc": 0.26024171864245804}, "datetime": {"delta": 37.506594, "elapsed": 9368.658722, "datetime": "2020-06-21 20:42:13"}}
{"target": 9.966666666666667, "params": {"cue_position": 8.0, "beta_rec": 0.6389925732703676, "gamma_fc": 0.1917570226196288, "gamma_cf": 0.9979246339468338, "beta_enc": 0.4608617126629959}, "datetime": {"delta": 36.694841, "elapsed": 9405.353563, "datetime": "2020-06-21 20:42:50"}}
{"target": 10.075, "params": {"cue_position": 8.0, "beta_rec": 0.9508808849364071, "gamma_fc": 0.0, "gamma_cf": 0.9362135500582105, "beta_enc": 0.1000523981299063}, "datetime": {"delta": 42.56388, "elapsed": 9447.917443, "datetime": "2020-06-21 20:43:33"}}
{"target": 11.266666666666667, "params": {"cue_position": 8.0, "beta_rec": 0.802798866210103, "gamma_fc": 0.04253333827870853, "gamma_cf": 0.9704624144934786, "beta_enc": 0.4235088221111465}, "datetime": {"delta": 39.846484, "elapsed": 9487.763927, "datetime": "2020-06-21 20:44:13"}}
{"target": 9.983333333333333, "params": {"cue_position": 8.0, "beta_rec": 0.460551627613132, "gamma_fc": 0.0, "gamma_cf": 1.0, "beta_enc": 0.5505626263800004}, "datetime": {"delta": 39.218188, "elapsed": 9526.982115, "datetime": "2020-06-21 20:44:52"}}
{"target": 10.3, "params": {"cue_position": 8.0, "beta_rec": 0.7488992374098288, "gamma_fc": 0.16121107492837636, "gamma_cf": 0.9314671625757713, "beta_enc": 0.3843033478236676}, "datetime": {"delta": 39.002266, "elapsed": 9565.984381, "datetime": "2020-06-21 20:45:31"}}
{"target": 9.520833333333334, "params": {"cue_position": 8.0, "beta_rec": 0.8515287987785588, "gamma_fc": 0.11650421210989804, "gamma_cf": 0.8320166456398169, "beta_enc": 0.21212239193529545}, "datetime": {"delta": 36.934519, "elapsed": 9602.9189, "datetime": "2020-06-21 20:46:08"}}
{"target": 10.125, "params": {"cue_position": 8.0, "beta_rec": 0.7566522653098302, "gamma_fc": 0.12599078578568235, "gamma_cf": 0.7772255821591515, "beta_enc": 0.40680724903993765}, "datetime": {"delta": 36.608107, "elapsed": 9639.527007, "datetime": "2020-06-21 20:46:44"}}
{"target": 11.154166666666667, "params": {"cue_position": 8.0, "beta_rec": 0.8133543414374559, "gamma_fc": 0.043788578818607905, "gamma_cf": 1.0, "beta_enc": 0.3446835967746841}, "datetime": {"delta": 38.43137, "elapsed": 9677.958377, "datetime": "2020-06-21 20:47:23"}}
{"target": 10.754166666666666, "params": {"cue_position": 8.0, "beta_rec": 1.0, "gamma_fc": 0.07718559669801434, "gamma_cf": 1.0, "beta_enc": 0.46235962124368085}, "datetime": {"delta": 38.470585, "elapsed": 9716.428962, "datetime": "2020-06-21 20:48:01"}}
{"target": 10.4875, "params": {"cue_position": 8.0, "beta_rec": 1.0, "gamma_fc": 0.09142671013049998, "gamma_cf": 0.9341483200451112, "beta_enc": 0.4381614826893088}, "datetime": {"delta": 38.833245, "elapsed": 9755.262207, "datetime": "2020-06-21 20:48:40"}}
{"target": 10.7375, "params": {"cue_position": 8.0, "beta_rec": 1.0, "gamma_fc": 0.158444649694229, "gamma_cf": 1.0, "beta_enc": 0.44717132156604716}, "datetime": {"delta": 35.70838, "elapsed": 9790.970587, "datetime": "2020-06-21 20:49:16"}}
{"target": 10.404166666666667, "params": {"cue_position": 8.0, "beta_rec": 0.9852642927095864, "gamma_fc": 0.26038083761309616, "gamma_cf": 1.0, "beta_enc": 0.45514310531462954}, "datetime": {"delta": 37.788434, "elapsed": 9828.759021, "datetime": "2020-06-21 20:49:54"}}
{"target": 10.15, "params": {"cue_position": 8.0, "beta_rec": 1.0, "gamma_fc": 0.2157068904756685, "gamma_cf": 0.9580931733665162, "beta_enc": 0.3686370653844776}, "datetime": {"delta": 36.761566, "elapsed": 9865.520587, "datetime": "2020-06-21 20:50:30"}}
{"target": 9.8875, "params": {"cue_position": 8.0, "beta_rec": 1.0, "gamma_fc": 0.11976790017660308, "gamma_cf": 0.6840771906574369, "beta_enc": 0.3827082367357144}, "datetime": {"delta": 36.919634, "elapsed": 9902.440221, "datetime": "2020-06-21 20:51:07"}}
{"target": 9.925, "params": {"cue_position": 8.0, "beta_rec": 0.913039951233603, "gamma_fc": 0.3112590396011835, "gamma_cf": 1.0, "beta_enc": 0.3848705134759289}, "datetime": {"delta": 36.69474, "elapsed": 9939.134961, "datetime": "2020-06-21 20:51:44"}}
{"target": 10.158333333333333, "params": {"cue_position": 8.0, "beta_rec": 0.4907433187275436, "gamma_fc": 0.0, "gamma_cf": 0.7311001814685976, "beta_enc": 0.4892553718456013}, "datetime": {"delta": 37.510785, "elapsed": 9976.645746, "datetime": "2020-06-21 20:52:21"}}
{"target": 10.433333333333334, "params": {"cue_position": 8.0, "beta_rec": 0.9029201118590997, "gamma_fc": 0.0, "gamma_cf": 1.0, "beta_enc": 0.16425699601786176}, "datetime": {"delta": 37.619866, "elapsed": 10014.265612, "datetime": "2020-06-21 20:52:59"}}
{"target": 10.004166666666666, "params": {"cue_position": 8.0, "beta_rec": 0.5071646055377702, "gamma_fc": 0.0756901978981209, "gamma_cf": 0.7742634425504497, "beta_enc": 0.4378956847864203}, "datetime": {"delta": 35.622148, "elapsed": 10049.88776, "datetime": "2020-06-21 20:53:35"}}
{"target": 9.833333333333334, "params": {"cue_position": 8.0, "beta_rec": 0.4550325248841507, "gamma_fc": 0.0, "gamma_cf": 0.8456233303162899, "beta_enc": 0.5512222694713794}, "datetime": {"delta": 37.123966, "elapsed": 10087.011726, "datetime": "2020-06-21 20:54:12"}}
{"target": 10.033333333333333, "params": {"cue_position": 8.0, "beta_rec": 0.3959055007963204, "gamma_fc": 0.0, "gamma_cf": 0.6706384230159105, "beta_enc": 0.43901468670569305}, "datetime": {"delta": 37.712418, "elapsed": 10124.724144, "datetime": "2020-06-21 20:54:50"}}
{"target": 9.979166666666666, "params": {"cue_position": 8.0, "beta_rec": 0.485460692187786, "gamma_fc": 0.0, "gamma_cf": 0.5858467001782851, "beta_enc": 0.39063925667444044}, "datetime": {"delta": 36.974644, "elapsed": 10161.698788, "datetime": "2020-06-21 20:55:27"}}
{"target": 10.995833333333334, "params": {"cue_position": 8.0, "beta_rec": 0.5698066507021828, "gamma_fc": 0.021672170582600382, "gamma_cf": 1.0, "beta_enc": 0.4190745624686375}, "datetime": {"delta": 38.523758, "elapsed": 10200.222546, "datetime": "2020-06-21 20:56:05"}}
{"target": 9.733333333333333, "params": {"cue_position": 8.0, "beta_rec": 0.31679032202964, "gamma_fc": 0.0, "gamma_cf": 0.9117615855515773, "beta_enc": 0.5739514227870608}, "datetime": {"delta": 36.928412, "elapsed": 10237.150958, "datetime": "2020-06-21 20:56:42"}}
{"target": 11.033333333333333, "params": {"cue_position": 8.0, "beta_rec": 0.5870870293453379, "gamma_fc": 0.0, "gamma_cf": 0.8784154196123898, "beta_enc": 0.38835760899141486}, "datetime": {"delta": 38.682933, "elapsed": 10275.833891, "datetime": "2020-06-21 20:57:21"}}
{"target": 10.420833333333333, "params": {"cue_position": 8.0, "beta_rec": 0.5914966384432807, "gamma_fc": 0.06546237585491099, "gamma_cf": 0.8617978543316805, "beta_enc": 0.3608082025616691}, "datetime": {"delta": 36.434868, "elapsed": 10312.268759, "datetime": "2020-06-21 20:57:57"}}
{"target": 9.875, "params": {"cue_position": 8.0, "beta_rec": 0.47229728471997123, "gamma_fc": 0.06614713273172246, "gamma_cf": 0.6092015893090877, "beta_enc": 0.4835586164997499}, "datetime": {"delta": 36.991977, "elapsed": 10349.260736, "datetime": "2020-06-21 20:58:34"}}
{"target": 9.5875, "params": {"cue_position": 8.0, "beta_rec": 0.9989943743826886, "gamma_fc": 0.2530424462904854, "gamma_cf": 0.7272462307934046, "beta_enc": 0.38988101182369994}, "datetime": {"delta": 35.550493, "elapsed": 10384.811229, "datetime": "2020-06-21 20:59:10"}}
{"target": 9.8625, "params": {"cue_position": 8.0, "beta_rec": 1.0, "gamma_fc": 0.31437191147365023, "gamma_cf": 0.9068419963706993, "beta_enc": 0.4553419732817891}, "datetime": {"delta": 37.592271, "elapsed": 10422.4035, "datetime": "2020-06-21 20:59:47"}}
{"target": 9.4625, "params": {"cue_position": 8.0, "beta_rec": 0.44462974820704826, "gamma_fc": 0.08505163352413389, "gamma_cf": 0.6267888807128492, "beta_enc": 0.35856057989676426}, "datetime": {"delta": 35.93721, "elapsed": 10458.34071, "datetime": "2020-06-21 21:00:23"}}
{"target": 11.175, "params": {"cue_position": 8.0, "beta_rec": 0.602548286723723, "gamma_fc": 0.0, "gamma_cf": 0.9333187811239194, "beta_enc": 0.44046956946960575}, "datetime": {"delta": 38.109866, "elapsed": 10496.450576, "datetime": "2020-06-21 21:01:01"}}
{"target": 10.1625, "params": {"cue_position": 8.0, "beta_rec": 0.7922355208858182, "gamma_fc": 0.0, "gamma_cf": 0.8408272928035729, "beta_enc": 0.48491312763291744}, "datetime": {"delta": 36.513733, "elapsed": 10532.964309, "datetime": "2020-06-21 21:01:38"}}
{"target": 10.808333333333334, "params": {"cue_position": 8.0, "beta_rec": 0.4539268070130053, "gamma_fc": 0.0631807658844758, "gamma_cf": 1.0, "beta_enc": 0.48439055771568473}, "datetime": {"delta": 37.798322, "elapsed": 10570.762631, "datetime": "2020-06-21 21:02:16"}}
{"target": 9.875, "params": {"cue_position": 8.0, "beta_rec": 0.3233992516963357, "gamma_fc": 0.0, "gamma_cf": 0.7484292841945176, "beta_enc": 0.5230243413211494}, "datetime": {"delta": 37.609023, "elapsed": 10608.371654, "datetime": "2020-06-21 21:02:53"}}
{"target": 10.108333333333333, "params": {"cue_position": 8.0, "beta_rec": 0.9060667859851471, "gamma_fc": 0.07674344248543327, "gamma_cf": 0.758022177995503, "beta_enc": 0.4878649441746913}, "datetime": {"delta": 36.663192, "elapsed": 10645.034846, "datetime": "2020-06-21 21:03:30"}}
{"target": 10.0125, "params": {"cue_position": 8.0, "beta_rec": 0.5235284541254739, "gamma_fc": 0.09363284333501756, "gamma_cf": 1.0, "beta_enc": 0.5303030676122588}, "datetime": {"delta": 38.059735, "elapsed": 10683.094581, "datetime": "2020-06-21 21:04:08"}}
{"target": 9.5375, "params": {"cue_position": 8.0, "beta_rec": 0.6978559963902192, "gamma_fc": 0.2505177357366124, "gamma_cf": 1.0, "beta_enc": 0.35359326135166547}, "datetime": {"delta": 35.316623, "elapsed": 10718.411204, "datetime": "2020-06-21 21:04:43"}}
{"target": 9.833333333333334, "params": {"cue_position": 8.0, "beta_rec": 0.9996661777341852, "gamma_fc": 0.15445033088213073, "gamma_cf": 1.0, "beta_enc": 0.24561200682683204}, "datetime": {"delta": 38.074266, "elapsed": 10756.48547, "datetime": "2020-06-21 21:05:21"}}
{"target": 9.9125, "params": {"cue_position": 8.0, "beta_rec": 0.7049198196294039, "gamma_fc": 0.18325457030555686, "gamma_cf": 0.826687006431926, "beta_enc": 0.511487911334206}, "datetime": {"delta": 36.336927, "elapsed": 10792.822397, "datetime": "2020-06-21 21:05:58"}}
{"target": 9.829166666666667, "params": {"cue_position": 8.0, "beta_rec": 0.731783331457449, "gamma_fc": 0.0, "gamma_cf": 0.7193676608236015, "beta_enc": 0.2217733524119463}, "datetime": {"delta": 38.716358, "elapsed": 10831.538755, "datetime": "2020-06-21 21:06:36"}}
{"target": 9.545833333333333, "params": {"cue_position": 8.0, "beta_rec": 0.6020035970027953, "gamma_fc": 0.0, "gamma_cf": 0.6056347016838053, "beta_enc": 0.5175618878935972}, "datetime": {"delta": 39.274518, "elapsed": 10870.813273, "datetime": "2020-06-21 21:07:16"}}
{"target": 8.995833333333334, "params": {"cue_position": 8.0, "beta_rec": 1.0, "gamma_fc": 0.0, "gamma_cf": 0.7329769912270454, "beta_enc": 0.4531954850564567}, "datetime": {"delta": 36.689621, "elapsed": 10907.502894, "datetime": "2020-06-21 21:07:52"}}
{"target": 9.604166666666666, "params": {"cue_position": 8.0, "beta_rec": 1.0, "gamma_fc": 0.16366037942253164, "gamma_cf": 0.8076348032863325, "beta_enc": 0.588619697243714}, "datetime": {"delta": 38.134784, "elapsed": 10945.637678, "datetime": "2020-06-21 21:08:30"}}
