{"target": 7.966666666666667, "params": {"cue_position": 8.0, "beta_rec": 0.6250155931933211, "gamma_fc": 0.9236157463407607, "gamma_cf": 0.26904238725191854, "beta_enc": 0.7023157547948075}, "datetime": {"delta": 8.264012, "elapsed": 3866.857006, "datetime": "2020-06-21 19:10:32"}}
{"target": 7.283333333333333, "params": {"cue_position": 8.0, "beta_rec": 0.7713625072014619, "gamma_fc": 0.6982817992918626, "gamma_cf": 0.8339046774992332, "beta_enc": 0.6780829341239825}, "datetime": {"delta": 7.810749, "elapsed": 3874.667755, "datetime": "2020-06-21 19:10:39"}}
{"target": 8.858333333333333, "params": {"cue_position": 8.0, "beta_rec": 0.6124611286280749, "gamma_fc": 0.19823229021015376, "gamma_cf": 0.9158787230673001, "beta_enc": 0.146608701776909}, "datetime": {"delta": 8.849292, "elapsed": 3883.517047, "datetime": "2020-06-21 19:10:48"}}
{"target": 8.566666666666666, "params": {"cue_position": 8.0, "beta_rec": 0.04765470496967894, "gamma_fc": 0.5735610825770953, "gamma_cf": 0.5575878151711118, "beta_enc": 0.28571649537130284}, "datetime": {"delta": 8.64445, "elapsed": 3892.161497, "datetime": "2020-06-21 19:10:57"}}
{"target": 5.820833333333334, "params": {"cue_position": 8.0, "beta_rec": 0.34741393280060506, "gamma_fc": 0.5768293032320249, "gamma_cf": 0.8512376625014975, "beta_enc": 0.905377379959673}, "datetime": {"delta": 6.807795, "elapsed": 3898.969292, "datetime": "2020-06-21 19:11:04"}}
{"target": 8.7375, "params": {"cue_position": 8.0, "beta_rec": 0.27835933039431604, "gamma_fc": 0.13339403014523998, "gamma_cf": 0.6209523875804722, "beta_enc": 0.6539929348777337}, "datetime": {"delta": 8.751057, "elapsed": 3907.720349, "datetime": "2020-06-21 19:11:13"}}
{"target": 8.858333333333333, "params": {"cue_position": 8.0, "beta_rec": 0.11341100113082614, "gamma_fc": 0.6262089291372217, "gamma_cf": 0.02402673463080851, "beta_enc": 0.03290871659253447}, "datetime": {"delta": 8.824361, "elapsed": 3916.54471, "datetime": "2020-06-21 19:11:21"}}
{"target": 7.825, "params": {"cue_position": 8.0, "beta_rec": 0.25096153771624574, "gamma_fc": 0.2705519937974664, "gamma_cf": 0.11582674670624904, "beta_enc": 0.09758261797608447}, "datetime": {"delta": 8.154315, "elapsed": 3924.699025, "datetime": "2020-06-21 19:11:30"}}
{"target": 6.083333333333333, "params": {"cue_position": 8.0, "beta_rec": 0.9850455536104694, "gamma_fc": 0.026528351110449155, "gamma_cf": 0.3783538388352491, "beta_enc": 0.021079672835511265}, "datetime": {"delta": 6.982415, "elapsed": 3931.68144, "datetime": "2020-06-21 19:11:37"}}
{"target": 8.433333333333334, "params": {"cue_position": 8.0, "beta_rec": 0.4525586263864343, "gamma_fc": 0.6147818910832991, "gamma_cf": 0.27850417183805665, "beta_enc": 0.3898387483749842}, "datetime": {"delta": 8.547945, "elapsed": 3940.229385, "datetime": "2020-06-21 19:11:45"}}
{"target": 8.925, "params": {"cue_position": 8.0, "beta_rec": 0.18596096979633892, "gamma_fc": 0.09657903442841353, "gamma_cf": 0.7865007628599349, "beta_enc": 0.6651683545821934}, "datetime": {"delta": 8.876494, "elapsed": 3949.105879, "datetime": "2020-06-21 19:11:54"}}
{"target": 7.970833333333333, "params": {"cue_position": 8.0, "beta_rec": 0.02605993268839324, "gamma_fc": 0.4814004591490364, "gamma_cf": 0.059528607140071355, "beta_enc": 0.6060352981689622}, "datetime": {"delta": 8.252989, "elapsed": 3957.358868, "datetime": "2020-06-21 19:12:02"}}
{"target": 5.425, "params": {"cue_position": 8.0, "beta_rec": 0.4055573841390242, "gamma_fc": 0.5192975854704402, "gamma_cf": 0.8613524744830288, "beta_enc": 0.9257041086902309}, "datetime": {"delta": 6.532107, "elapsed": 3963.890975, "datetime": "2020-06-21 19:12:09"}}
{"target": 8.616666666666667, "params": {"cue_position": 8.0, "beta_rec": 0.9630323387846756, "gamma_fc": 0.20139185371372026, "gamma_cf": 0.2600189719566923, "beta_enc": 0.3189358689174241}, "datetime": {"delta": 8.671459, "elapsed": 3972.562434, "datetime": "2020-06-21 19:12:17"}}
{"target": 8.833333333333334, "params": {"cue_position": 8.0, "beta_rec": 0.8425182098415589, "gamma_fc": 0.16224499947880777, "gamma_cf": 0.5864294214642616, "beta_enc": 0.5889087033060773}, "datetime": {"delta": 8.829555, "elapsed": 3981.391989, "datetime": "2020-06-21 19:12:26"}}
{"target": 8.108333333333333, "params": {"cue_position": 8.0, "beta_rec": 0.7613352159920956, "gamma_fc": 0.6894948631776694, "gamma_cf": 0.2659070410478275, "beta_enc": 0.19459373523814183}, "datetime": {"delta": 8.353556, "elapsed": 3989.745545, "datetime": "2020-06-21 19:12:35"}}
{"target": 8.125, "params": {"cue_position": 8.0, "beta_rec": 0.03219440386857053, "gamma_fc": 0.36221610553001116, "gamma_cf": 0.3366231805122991, "beta_enc": 0.01508930763297911}, "datetime": {"delta": 8.344195, "elapsed": 3998.08974, "datetime": "2020-06-21 19:12:43"}}
{"target": 6.895833333333333, "params": {"cue_position": 8.0, "beta_rec": 0.035980967658641894, "gamma_fc": 0.14300410951832265, "gamma_cf": 0.6382781332668243, "beta_enc": 0.8071905755135196}, "datetime": {"delta": 7.521473, "elapsed": 4005.611213, "datetime": "2020-06-21 19:12:50"}}
{"target": 8.191666666666666, "params": {"cue_position": 8.0, "beta_rec": 0.6455644082734328, "gamma_fc": 0.7454983307481646, "gamma_cf": 0.2080974099989472, "beta_enc": 0.8577386145114406}, "datetime": {"delta": 8.408293, "elapsed": 4014.019506, "datetime": "2020-06-21 19:12:59"}}
{"target": 8.483333333333333, "params": {"cue_position": 8.0, "beta_rec": 0.48447006094850675, "gamma_fc": 0.9643727973861176, "gamma_cf": 0.1374435496242309, "beta_enc": 0.40340662833417285}, "datetime": {"delta": 8.623108, "elapsed": 4022.642614, "datetime": "2020-06-21 19:13:07"}}
{"target": 8.091666666666667, "params": {"cue_position": 8.0, "beta_rec": 0.09944025725488481, "gamma_fc": 0.4558728073695024, "gamma_cf": 0.8065850822605141, "beta_enc": 0.04262968179657989}, "datetime": {"delta": 8.357898, "elapsed": 4031.000512, "datetime": "2020-06-21 19:13:16"}}
{"target": 8.579166666666667, "params": {"cue_position": 8.0, "beta_rec": 0.17432113751983724, "gamma_fc": 0.7402936352802216, "gamma_cf": 0.5208483405537891, "beta_enc": 0.6532511422613194}, "datetime": {"delta": 8.673156, "elapsed": 4039.673668, "datetime": "2020-06-21 19:13:24"}}
{"target": 8.1625, "params": {"cue_position": 8.0, "beta_rec": 0.8696140851211128, "gamma_fc": 0.23490222080210488, "gamma_cf": 0.2490900884519328, "beta_enc": 0.46247446521502844}, "datetime": {"delta": 8.382086, "elapsed": 4048.055754, "datetime": "2020-06-21 19:13:33"}}
{"target": 9.725, "params": {"cue_position": 8.0, "beta_rec": 0.7566160562962172, "gamma_fc": 0.26161079268292176, "gamma_cf": 0.8619059993188329, "beta_enc": 0.3740467168670696}, "datetime": {"delta": 9.419066, "elapsed": 4057.47482, "datetime": "2020-06-21 19:13:42"}}
{"target": 8.516666666666667, "params": {"cue_position": 8.0, "beta_rec": 0.6115440994503215, "gamma_fc": 0.10142077688127671, "gamma_cf": 0.3892749454089657, "beta_enc": 0.4122789279785698}, "datetime": {"delta": 8.667466, "elapsed": 4066.142286, "datetime": "2020-06-21 19:13:51"}}
{"target": 7.970833333333333, "params": {"cue_position": 8.0, "beta_rec": 0.08813516392543386, "gamma_fc": 0.7084507915153727, "gamma_cf": 0.8634484403326346, "beta_enc": 0.7122448043972556}, "datetime": {"delta": 8.350706, "elapsed": 4074.492992, "datetime": "2020-06-21 19:13:59"}}
{"target": 6.841666666666667, "params": {"cue_position": 8.0, "beta_rec": 0.6991465654129165, "gamma_fc": 0.7864170822798477, "gamma_cf": 0.7974959842933487, "beta_enc": 0.4864245738076861}, "datetime": {"delta": 7.665962, "elapsed": 4082.158954, "datetime": "2020-06-21 19:14:07"}}
{"target": 8.283333333333333, "params": {"cue_position": 8.0, "beta_rec": 0.3178175503505978, "gamma_fc": 0.5666455566878987, "gamma_cf": 0.3641702986535258, "beta_enc": 0.15552858387362167}, "datetime": {"delta": 8.559728, "elapsed": 4090.718682, "datetime": "2020-06-21 19:14:16"}}
{"target": 8.341666666666667, "params": {"cue_position": 8.0, "beta_rec": 0.6599697189638991, "gamma_fc": 0.4508926565007, "gamma_cf": 0.4164625561731081, "beta_enc": 0.041687442520287776}, "datetime": {"delta": 8.589395, "elapsed": 4099.308077, "datetime": "2020-06-21 19:14:24"}}
{"target": 8.1, "params": {"cue_position": 8.0, "beta_rec": 0.38328031012801256, "gamma_fc": 0.5512566489358516, "gamma_cf": 0.0681300573940744, "beta_enc": 0.3487267695476459}, "datetime": {"delta": 8.40996, "elapsed": 4107.718037, "datetime": "2020-06-21 19:14:33"}}
{"target": 8.829166666666667, "params": {"cue_position": 8.0, "beta_rec": 0.1454997892217088, "gamma_fc": 0.8307513669044257, "gamma_cf": 0.2863771315373824, "beta_enc": 0.5958669456166511}, "datetime": {"delta": 8.896941, "elapsed": 4116.614978, "datetime": "2020-06-21 19:14:41"}}
{"target": 8.391666666666667, "params": {"cue_position": 8.0, "beta_rec": 0.5521388075534814, "gamma_fc": 0.3506171893069536, "gamma_cf": 0.3434200931086723, "beta_enc": 0.15342094116241234}, "datetime": {"delta": 8.607872, "elapsed": 4125.22285, "datetime": "2020-06-21 19:14:50"}}
{"target": 11.183333333333334, "params": {"cue_position": 8.0, "beta_rec": 0.7052120771148445, "gamma_fc": 0.023938905176592296, "gamma_cf": 0.9089555444067164, "beta_enc": 0.3986302087690168}, "datetime": {"delta": 18.453669, "elapsed": 4143.676519, "datetime": "2020-06-21 19:15:08"}}
{"target": 11.270833333333334, "params": {"cue_position": 8.0, "beta_rec": 0.7306231703066838, "gamma_fc": 0.013683481325594937, "gamma_cf": 0.9914380745634408, "beta_enc": 0.3854490736325603}, "datetime": {"delta": 17.009051, "elapsed": 4160.68557, "datetime": "2020-06-21 19:15:26"}}
{"target": 11.275, "params": {"cue_position": 8.0, "beta_rec": 0.730283670634639, "gamma_fc": 0.013991683642409155, "gamma_cf": 0.9509832957820854, "beta_enc": 0.3843696296032536}, "datetime": {"delta": 16.707826, "elapsed": 4177.393396, "datetime": "2020-06-21 19:15:42"}}
{"target": 11.375, "params": {"cue_position": 8.0, "beta_rec": 0.7001010361078406, "gamma_fc": 0.020298179191047278, "gamma_cf": 0.9756803576428752, "beta_enc": 0.39892757852660254}, "datetime": {"delta": 17.473327, "elapsed": 4194.866723, "datetime": "2020-06-21 19:16:00"}}
{"target": 11.5375, "params": {"cue_position": 8.0, "beta_rec": 0.7208052601449493, "gamma_fc": 0.017289245573443912, "gamma_cf": 0.9955786825349334, "beta_enc": 0.4358410838827417}, "datetime": {"delta": 17.162942, "elapsed": 4212.029665, "datetime": "2020-06-21 19:16:17"}}
{"target": 11.266666666666667, "params": {"cue_position": 8.0, "beta_rec": 0.6823679922042697, "gamma_fc": 0.02602782102917567, "gamma_cf": 0.9925421296222173, "beta_enc": 0.4647448751298605}, "datetime": {"delta": 16.590109, "elapsed": 4228.619774, "datetime": "2020-06-21 19:16:33"}}
{"target": 11.2, "params": {"cue_position": 8.0, "beta_rec": 0.7845524131923247, "gamma_fc": 0.05027211128659892, "gamma_cf": 0.9949846925153203, "beta_enc": 0.45120901563647375}, "datetime": {"delta": 16.512935, "elapsed": 4245.132709, "datetime": "2020-06-21 19:16:50"}}
{"target": 9.854166666666666, "params": {"cue_position": 8.0, "beta_rec": 0.9555997946416036, "gamma_fc": 0.02066506240054644, "gamma_cf": 0.8297811365373057, "beta_enc": 0.2497285748557675}, "datetime": {"delta": 15.596511, "elapsed": 4260.72922, "datetime": "2020-06-21 19:17:06"}}
{"target": 10.495833333333334, "params": {"cue_position": 8.0, "beta_rec": 0.9786943406424773, "gamma_fc": 0.10014460823061688, "gamma_cf": 0.9992578222581631, "beta_enc": 0.3793608421368637}, "datetime": {"delta": 16.426343, "elapsed": 4277.155563, "datetime": "2020-06-21 19:17:22"}}
{"target": 11.283333333333333, "params": {"cue_position": 8.0, "beta_rec": 0.78531442551673, "gamma_fc": 0.008806140569953103, "gamma_cf": 0.9847330599687685, "beta_enc": 0.43695139863361165}, "datetime": {"delta": 16.639358, "elapsed": 4293.794921, "datetime": "2020-06-21 19:17:39"}}
{"target": 10.916666666666666, "params": {"cue_position": 8.0, "beta_rec": 0.7339749605515683, "gamma_fc": 0.0011528335102668485, "gamma_cf": 0.9911438405001862, "beta_enc": 0.4936429500010884}, "datetime": {"delta": 16.648058, "elapsed": 4310.442979, "datetime": "2020-06-21 19:17:55"}}
{"target": 11.05, "params": {"cue_position": 8.0, "beta_rec": 0.7480116094004416, "gamma_fc": 0.04154700790707433, "gamma_cf": 0.9331394440902849, "beta_enc": 0.4395161594590332}, "datetime": {"delta": 16.631701, "elapsed": 4327.07468, "datetime": "2020-06-21 19:18:12"}}
{"target": 8.629166666666666, "params": {"cue_position": 8.0, "beta_rec": 0.6554928617897142, "gamma_fc": 0.9149448214711877, "gamma_cf": 0.0017845070959294773, "beta_enc": 0.9957086014835209}, "datetime": {"delta": 15.395728, "elapsed": 4342.470408, "datetime": "2020-06-21 19:18:27"}}
{"target": 11.158333333333333, "params": {"cue_position": 8.0, "beta_rec": 0.6207518878268717, "gamma_fc": 0.004285971388302112, "gamma_cf": 0.9904380673921391, "beta_enc": 0.436372743233154}, "datetime": {"delta": 16.692378, "elapsed": 4359.162786, "datetime": "2020-06-21 19:18:44"}}
{"target": 10.466666666666667, "params": {"cue_position": 8.0, "beta_rec": 0.7388996557942216, "gamma_fc": 0.0, "gamma_cf": 0.8224770957064305, "beta_enc": 0.3090416297890786}, "datetime": {"delta": 16.396312, "elapsed": 4375.559098, "datetime": "2020-06-21 19:19:00"}}
{"target": 11.520833333333334, "params": {"cue_position": 8.0, "beta_rec": 0.6934681389592029, "gamma_fc": 0.0003769376545132985, "gamma_cf": 0.9806570129809676, "beta_enc": 0.40961014645915117}, "datetime": {"delta": 17.059194, "elapsed": 4392.618292, "datetime": "2020-06-21 19:19:17"}}
{"target": 9.725, "params": {"cue_position": 8.0, "beta_rec": 0.8247241981733617, "gamma_fc": 0.9873834638099546, "gamma_cf": 0.01779822110559648, "beta_enc": 0.03722270185698928}, "datetime": {"delta": 17.50231, "elapsed": 4410.120602, "datetime": "2020-06-21 19:19:35"}}
{"target": 9.516666666666667, "params": {"cue_position": 8.0, "beta_rec": 0.9910610599865808, "gamma_fc": 0.015723671907306946, "gamma_cf": 0.9755673280781233, "beta_enc": 0.016836905035702232}, "datetime": {"delta": 17.109349, "elapsed": 4427.229951, "datetime": "2020-06-21 19:19:52"}}
{"target": 9.820833333333333, "params": {"cue_position": 8.0, "beta_rec": 0.2607121607316554, "gamma_fc": 0.006967187679983611, "gamma_cf": 0.8659789843160021, "beta_enc": 0.4680205946326532}, "datetime": {"delta": 17.224632, "elapsed": 4444.454583, "datetime": "2020-06-21 19:20:09"}}
{"target": 0.0, "params": {"cue_position": 8.0, "beta_rec": 1.0, "gamma_fc": 1.0, "gamma_cf": 0.16304704371491063, "beta_enc": 0.0}, "datetime": {"delta": 10.575354, "elapsed": 4455.029937, "datetime": "2020-06-21 19:20:20"}}
{"target": 9.4375, "params": {"cue_position": 8.0, "beta_rec": 0.7053705102483165, "gamma_fc": 0.9225752813310898, "gamma_cf": 0.017766897467324627, "beta_enc": 0.03329264529023557}, "datetime": {"delta": 17.146595, "elapsed": 4472.176532, "datetime": "2020-06-21 19:20:37"}}
{"target": 0.0, "params": {"cue_position": 8.0, "beta_rec": 0.7829534869270068, "gamma_fc": 1.0, "gamma_cf": 0.0, "beta_enc": 0.16973857739552828}, "datetime": {"delta": 10.363439, "elapsed": 4482.539971, "datetime": "2020-06-21 19:20:47"}}
{"target": 11.295833333333333, "params": {"cue_position": 8.0, "beta_rec": 0.709244095103636, "gamma_fc": 0.0, "gamma_cf": 0.9972813250540751, "beta_enc": 0.4290082123234243}, "datetime": {"delta": 19.92312, "elapsed": 4502.463091, "datetime": "2020-06-21 19:21:07"}}
{"target": 11.35, "params": {"cue_position": 8.0, "beta_rec": 0.7278871072528881, "gamma_fc": 0.02642939426056512, "gamma_cf": 0.9912552647245336, "beta_enc": 0.4392209576520589}, "datetime": {"delta": 20.937186, "elapsed": 4523.400277, "datetime": "2020-06-21 19:21:28"}}
{"target": 11.2625, "params": {"cue_position": 8.0, "beta_rec": 0.6803826861612644, "gamma_fc": 0.001468958024948442, "gamma_cf": 0.9669849815813562, "beta_enc": 0.4069890560851338}, "datetime": {"delta": 27.32681, "elapsed": 4550.727087, "datetime": "2020-06-21 19:21:56"}}
{"target": 11.483333333333333, "params": {"cue_position": 8.0, "beta_rec": 0.7083358818256057, "gamma_fc": 0.019396105579784648, "gamma_cf": 0.9982294320664827, "beta_enc": 0.4247040010764897}, "datetime": {"delta": 30.390288, "elapsed": 4581.117375, "datetime": "2020-06-21 19:22:26"}}
{"target": 11.0875, "params": {"cue_position": 8.0, "beta_rec": 0.7567282472279797, "gamma_fc": 0.015378795493701266, "gamma_cf": 0.8886771440140889, "beta_enc": 0.4103896665125174}, "datetime": {"delta": 31.896126, "elapsed": 4613.013501, "datetime": "2020-06-21 19:22:58"}}
{"target": 11.6375, "params": {"cue_position": 8.0, "beta_rec": 0.7072716060009687, "gamma_fc": 0.004753190028257098, "gamma_cf": 0.9781172553290846, "beta_enc": 0.40752935839041005}, "datetime": {"delta": 31.390734, "elapsed": 4644.404235, "datetime": "2020-06-21 19:23:29"}}
{"target": 11.1375, "params": {"cue_position": 8.0, "beta_rec": 0.844051112008725, "gamma_fc": 0.051222499922665074, "gamma_cf": 0.9922007776221359, "beta_enc": 0.4570001096683104}, "datetime": {"delta": 30.428933, "elapsed": 4674.833168, "datetime": "2020-06-21 19:24:00"}}
{"target": 10.983333333333333, "params": {"cue_position": 8.0, "beta_rec": 0.5878459129626932, "gamma_fc": 0.04730848210348698, "gamma_cf": 1.0, "beta_enc": 0.4605912466447093}, "datetime": {"delta": 31.034778, "elapsed": 4705.867946, "datetime": "2020-06-21 19:24:31"}}
{"target": 11.2625, "params": {"cue_position": 8.0, "beta_rec": 0.7171135534945293, "gamma_fc": 0.0038336692912037808, "gamma_cf": 0.9686099350994365, "beta_enc": 0.4158501654734401}, "datetime": {"delta": 28.039206, "elapsed": 4733.907152, "datetime": "2020-06-21 19:24:59"}}
{"target": 11.608333333333333, "params": {"cue_position": 8.0, "beta_rec": 0.7072576917394745, "gamma_fc": 0.0030428690956870786, "gamma_cf": 0.981621449855823, "beta_enc": 0.40000803412903685}, "datetime": {"delta": 33.096224, "elapsed": 4767.003376, "datetime": "2020-06-21 19:25:32"}}
{"target": 10.8875, "params": {"cue_position": 8.0, "beta_rec": 0.7712857348587242, "gamma_fc": 0.05987461077230783, "gamma_cf": 0.8936029210279711, "beta_enc": 0.3951273801806674}, "datetime": {"delta": 34.454476, "elapsed": 4801.457852, "datetime": "2020-06-21 19:26:06"}}
{"target": 10.720833333333333, "params": {"cue_position": 8.0, "beta_rec": 0.8144937421097261, "gamma_fc": 0.04515043894091781, "gamma_cf": 0.931617797349328, "beta_enc": 0.4637260065656751}, "datetime": {"delta": 38.926296, "elapsed": 4840.384148, "datetime": "2020-06-21 19:26:45"}}
{"target": 11.395833333333334, "params": {"cue_position": 8.0, "beta_rec": 0.8191567309691064, "gamma_fc": 0.024716415580088053, "gamma_cf": 1.0, "beta_enc": 0.4152926430164562}, "datetime": {"delta": 35.597866, "elapsed": 4875.982014, "datetime": "2020-06-21 19:27:21"}}
{"target": 11.379166666666666, "params": {"cue_position": 8.0, "beta_rec": 0.8064003018333943, "gamma_fc": 0.01848277681701374, "gamma_cf": 1.0, "beta_enc": 0.45926572679242234}, "datetime": {"delta": 36.599429, "elapsed": 4912.581443, "datetime": "2020-06-21 19:27:57"}}
{"target": 10.620833333333334, "params": {"cue_position": 8.0, "beta_rec": 0.8908436311661339, "gamma_fc": 0.04845793794550467, "gamma_cf": 0.9641975307264933, "beta_enc": 0.3600748932444885}, "datetime": {"delta": 36.621364, "elapsed": 4949.202807, "datetime": "2020-06-21 19:28:34"}}
{"target": 11.1625, "params": {"cue_position": 8.0, "beta_rec": 0.6104603158402832, "gamma_fc": 0.02299140981779837, "gamma_cf": 0.9610326097178292, "beta_enc": 0.4743910373425726}, "datetime": {"delta": 35.831554, "elapsed": 4985.034361, "datetime": "2020-06-21 19:29:10"}}
{"target": 11.016666666666667, "params": {"cue_position": 8.0, "beta_rec": 0.7328519295193312, "gamma_fc": 0.015664470268136263, "gamma_cf": 0.897374890580144, "beta_enc": 0.35099729504477484}, "datetime": {"delta": 35.756284, "elapsed": 5020.790645, "datetime": "2020-06-21 19:29:46"}}
{"target": 10.816666666666666, "params": {"cue_position": 8.0, "beta_rec": 0.561888305466602, "gamma_fc": 0.035459744253792405, "gamma_cf": 0.9486164366556655, "beta_enc": 0.426372825466744}, "datetime": {"delta": 40.573136, "elapsed": 5061.363781, "datetime": "2020-06-21 19:30:26"}}
{"target": 10.666666666666666, "params": {"cue_position": 8.0, "beta_rec": 0.7363996146562878, "gamma_fc": 0.07145486795077334, "gamma_cf": 0.8759575708246138, "beta_enc": 0.45721801292813863}, "datetime": {"delta": 35.490946, "elapsed": 5096.854727, "datetime": "2020-06-21 19:31:02"}}
{"target": 10.229166666666666, "params": {"cue_position": 8.0, "beta_rec": 0.6529511809912918, "gamma_fc": 0.0322490466634344, "gamma_cf": 1.0, "beta_enc": 0.5188810966742016}, "datetime": {"delta": 35.836687, "elapsed": 5132.691414, "datetime": "2020-06-21 19:31:38"}}
{"target": 10.845833333333333, "params": {"cue_position": 8.0, "beta_rec": 0.801509989898428, "gamma_fc": 0.010963818314838695, "gamma_cf": 0.9570786076844923, "beta_enc": 0.36324669172733776}, "datetime": {"delta": 35.129639, "elapsed": 5167.821053, "datetime": "2020-06-21 19:32:13"}}
{"target": 10.1875, "params": {"cue_position": 8.0, "beta_rec": 0.5709486122299942, "gamma_fc": 0.12314933812552094, "gamma_cf": 0.926768689149794, "beta_enc": 0.44202071634598106}, "datetime": {"delta": 35.412732, "elapsed": 5203.233785, "datetime": "2020-06-21 19:32:48"}}
{"target": 11.1125, "params": {"cue_position": 8.0, "beta_rec": 0.5614330210620186, "gamma_fc": 0.0, "gamma_cf": 0.983635874737183, "beta_enc": 0.4644135044910478}, "datetime": {"delta": 38.211976, "elapsed": 5241.445761, "datetime": "2020-06-21 19:33:26"}}
{"target": 10.566666666666666, "params": {"cue_position": 8.0, "beta_rec": 0.9216592285930852, "gamma_fc": 0.13764033519523602, "gamma_cf": 0.9215408555762634, "beta_enc": 0.4202681383376159}, "datetime": {"delta": 34.59582, "elapsed": 5276.041581, "datetime": "2020-06-21 19:34:01"}}
