{"target": 6.935777777777777, "params": {"beta_enc": 0.17838470956885485, "beta_rec": 0.8115281136029929, "gamma_fc": 0.5631252242166295, "cue_position": 9.0}, "datetime": {"elapsed": 9661.70726, "delta": 54.690581, "datetime": "2021-08-25 15:49:39"}}
{"target": 6.9879999999999995, "params": {"beta_enc": 0.1050235684879387, "beta_rec": 0.27600596841724157, "gamma_fc": 0.4941112710421649, "cue_position": 9.0}, "datetime": {"elapsed": 9717.077649, "delta": 55.370389, "datetime": "2021-08-25 15:50:34"}}
{"target": 6.977777777777777, "params": {"beta_enc": 0.13636973071320735, "beta_rec": 0.4893995450891857, "gamma_fc": 0.31881820026759417, "cue_position": 9.0}, "datetime": {"elapsed": 9771.442657, "delta": 54.365008, "datetime": "2021-08-25 15:51:28"}}
{"target": 6.975555555555556, "params": {"beta_enc": 0.05583028390924988, "beta_rec": 0.05771767114240971, "gamma_fc": 0.20347460446067467, "cue_position": 9.0}, "datetime": {"elapsed": 9827.194655, "delta": 55.751998, "datetime": "2021-08-25 15:52:24"}}
{"target": 6.980222222222222, "params": {"beta_enc": 0.12197259556895539, "beta_rec": 0.07297021521951312, "gamma_fc": 0.1293639911669156, "cue_position": 9.0}, "datetime": {"elapsed": 9882.134269, "delta": 54.939614, "datetime": "2021-08-25 15:53:19"}}
{"target": 6.934222222222222, "params": {"beta_enc": 0.13494420011532288, "beta_rec": 0.45667509898226777, "gamma_fc": 0.6403890248773416, "cue_position": 9.0}, "datetime": {"elapsed": 9936.829463, "delta": 54.695194, "datetime": "2021-08-25 15:54:14"}}
{"target": 6.9608888888888885, "params": {"beta_enc": 0.15960264830488122, "beta_rec": 0.21847964604527662, "gamma_fc": 0.30494280787878847, "cue_position": 9.0}, "datetime": {"elapsed": 9992.631068, "delta": 55.801605, "datetime": "2021-08-25 15:55:09"}}
{"target": 6.965333333333334, "params": {"beta_enc": 0.12013324853584822, "beta_rec": 0.7501306653534748, "gamma_fc": 0.459672361393518, "cue_position": 9.0}, "datetime": {"elapsed": 10047.267011, "delta": 54.635943, "datetime": "2021-08-25 15:56:04"}}
{"target": 6.960222222222223, "params": {"beta_enc": 0.12039394689505016, "beta_rec": 0.6501799394019394, "gamma_fc": 0.5338520486969062, "cue_position": 9.0}, "datetime": {"elapsed": 10101.325927, "delta": 54.058916, "datetime": "2021-08-25 15:56:58"}}
{"target": 6.9784444444444444, "params": {"beta_enc": 0.1046052017940878, "beta_rec": 0.12953352337446414, "gamma_fc": 0.20633253213981673, "cue_position": 9.0}, "datetime": {"elapsed": 10155.210962, "delta": 53.885035, "datetime": "2021-08-25 15:57:52"}}
{"target": 6.978, "params": {"beta_enc": 0.10240899175301474, "beta_rec": 0.20765794991529302, "gamma_fc": 0.25274844247372, "cue_position": 9.0}, "datetime": {"elapsed": 10209.324653, "delta": 54.113691, "datetime": "2021-08-25 15:58:46"}}
{"target": 6.935777777777777, "params": {"beta_enc": 0.15939422693238595, "beta_rec": 0.7610462360435968, "gamma_fc": 0.2714733710175177, "cue_position": 9.0}, "datetime": {"elapsed": 10263.524801, "delta": 54.200148, "datetime": "2021-08-25 15:59:40"}}
{"target": 6.966888888888889, "params": {"beta_enc": 0.08722839402950427, "beta_rec": 0.1345932050194081, "gamma_fc": 0.7351308672135075, "cue_position": 9.0}, "datetime": {"elapsed": 10318.363171, "delta": 54.83837, "datetime": "2021-08-25 16:00:35"}}
{"target": 6.990222222222222, "params": {"beta_enc": 0.06187792132246219, "beta_rec": 0.2232492226888347, "gamma_fc": 0.9065233367439667, "cue_position": 9.0}, "datetime": {"elapsed": 10373.013887, "delta": 54.650716, "datetime": "2021-08-25 16:01:30"}}
{"target": 6.956444444444445, "params": {"beta_enc": 0.12260685454471795, "beta_rec": 0.236435624868634, "gamma_fc": 0.9354813326262553, "cue_position": 9.0}, "datetime": {"elapsed": 10426.256111, "delta": 53.242224, "datetime": "2021-08-25 16:02:23"}}
{"target": 6.938, "params": {"beta_enc": 0.18242121434940453, "beta_rec": 0.0997763197382439, "gamma_fc": 0.6659845144171236, "cue_position": 9.0}, "datetime": {"elapsed": 10479.475639, "delta": 53.219528, "datetime": "2021-08-25 16:03:16"}}
{"target": 6.985333333333332, "params": {"beta_enc": 0.123779704355424, "beta_rec": 0.5481319515805975, "gamma_fc": 0.7076732830558524, "cue_position": 9.0}, "datetime": {"elapsed": 10533.820206, "delta": 54.344567, "datetime": "2021-08-25 16:04:11"}}
{"target": 7.007555555555555, "params": {"beta_enc": 0.06000889491433146, "beta_rec": 0.5322218909827925, "gamma_fc": 0.7153143276694585, "cue_position": 9.0}, "datetime": {"elapsed": 10588.623191, "delta": 54.802985, "datetime": "2021-08-25 16:05:05"}}
{"target": 6.921555555555555, "params": {"beta_enc": 0.19857689508575896, "beta_rec": 0.6831278269132316, "gamma_fc": 0.45235416085568575, "cue_position": 9.0}, "datetime": {"elapsed": 10642.672204, "delta": 54.049013, "datetime": "2021-08-25 16:06:00"}}
{"target": 6.969555555555556, "params": {"beta_enc": 0.13883601166830437, "beta_rec": 0.5911092858860277, "gamma_fc": 0.44919072619566525, "cue_position": 9.0}, "datetime": {"elapsed": 10696.825822, "delta": 54.153618, "datetime": "2021-08-25 16:06:54"}}
{"target": 6.931333333333333, "params": {"beta_enc": 0.2138671565183801, "beta_rec": 0.5745647304025562, "gamma_fc": 0.43252509166543873, "cue_position": 9.0}, "datetime": {"elapsed": 10751.858013, "delta": 55.032191, "datetime": "2021-08-25 16:07:49"}}
{"target": 6.975999999999999, "params": {"beta_enc": 0.1787706288665749, "beta_rec": 0.600139260705445, "gamma_fc": 0.5156356699252317, "cue_position": 9.0}, "datetime": {"elapsed": 10806.526415, "delta": 54.668402, "datetime": "2021-08-25 16:08:43"}}
{"target": 6.987555555555557, "params": {"beta_enc": 0.14474122518023397, "beta_rec": 0.6456878793275569, "gamma_fc": 0.6898509701724672, "cue_position": 9.0}, "datetime": {"elapsed": 10861.083808, "delta": 54.557393, "datetime": "2021-08-25 16:09:38"}}
{"target": 6.952, "params": {"beta_enc": 0.07810108627215517, "beta_rec": 0.6071353638775251, "gamma_fc": 0.70472377098562, "cue_position": 9.0}, "datetime": {"elapsed": 10914.997428, "delta": 53.91362, "datetime": "2021-08-25 16:10:32"}}
{"target": 6.945555555555556, "params": {"beta_enc": 0.16094179620124952, "beta_rec": 0.6121809904437624, "gamma_fc": 0.7708619591617146, "cue_position": 9.0}, "datetime": {"elapsed": 10970.127946, "delta": 55.130518, "datetime": "2021-08-25 16:11:27"}}
{"target": 6.955333333333334, "params": {"beta_enc": 0.2163298319777278, "beta_rec": 0.6904743084010021, "gamma_fc": 0.683287745371022, "cue_position": 9.0}, "datetime": {"elapsed": 11024.302642, "delta": 54.174696, "datetime": "2021-08-25 16:12:21"}}
{"target": 6.969333333333333, "params": {"beta_enc": 0.038320712611444895, "beta_rec": 0.5126745583194158, "gamma_fc": 0.07283537965452704, "cue_position": 9.0}, "datetime": {"elapsed": 11079.684044, "delta": 55.381402, "datetime": "2021-08-25 16:13:17"}}
{"target": 6.947999999999999, "params": {"beta_enc": 0.11154874745471323, "beta_rec": 0.4151636962045845, "gamma_fc": 0.520103741504791, "cue_position": 9.0}, "datetime": {"elapsed": 11134.010894, "delta": 54.32685, "datetime": "2021-08-25 16:14:11"}}
{"target": 6.972444444444444, "params": {"beta_enc": 0.1587483622988682, "beta_rec": 0.5009189156793753, "gamma_fc": 0.49272096911162583, "cue_position": 9.0}, "datetime": {"elapsed": 11188.1655, "delta": 54.154606, "datetime": "2021-08-25 16:15:05"}}
{"target": 6.943555555555555, "params": {"beta_enc": 0.16846324840031776, "beta_rec": 0.4153852681877482, "gamma_fc": 0.42026970425099, "cue_position": 9.0}, "datetime": {"elapsed": 11241.656075, "delta": 53.490575, "datetime": "2021-08-25 16:15:59"}}
{"target": 7.018666666666666, "params": {"beta_enc": 0.06485464920932227, "beta_rec": 0.5513209056470124, "gamma_fc": 0.03992846783603151, "cue_position": 9.0}, "datetime": {"elapsed": 11295.646842, "delta": 53.990767, "datetime": "2021-08-25 16:16:53"}}
{"target": 6.9688888888888885, "params": {"beta_enc": 0.11436775783420942, "beta_rec": 0.5325964219738276, "gamma_fc": 0.08673116043887759, "cue_position": 9.0}, "datetime": {"elapsed": 11350.464099, "delta": 54.817257, "datetime": "2021-08-25 16:17:47"}}
{"target": 6.943333333333333, "params": {"beta_enc": 0.10328669876407386, "beta_rec": 0.4900799023200267, "gamma_fc": 0.19254935255321698, "cue_position": 9.0}, "datetime": {"elapsed": 11405.248224, "delta": 54.784125, "datetime": "2021-08-25 16:18:42"}}
{"target": 6.997777777777777, "params": {"beta_enc": 0.09288367145369132, "beta_rec": 0.07333170202150048, "gamma_fc": 0.7185101683749419, "cue_position": 9.0}, "datetime": {"elapsed": 11459.869228, "delta": 54.621004, "datetime": "2021-08-25 16:19:37"}}
{"target": 6.967555555555556, "params": {"beta_enc": 0.1029728732641909, "beta_rec": 0.2147297906372431, "gamma_fc": 0.34887940524167543, "cue_position": 9.0}, "datetime": {"elapsed": 11514.04004, "delta": 54.170812, "datetime": "2021-08-25 16:20:31"}}
{"target": 6.922444444444444, "params": {"beta_enc": 0.026819301838769564, "beta_rec": 0.09261935153377722, "gamma_fc": 0.24822747407756257, "cue_position": 9.0}, "datetime": {"elapsed": 11567.689492, "delta": 53.649452, "datetime": "2021-08-25 16:21:25"}}
{"target": 6.982888888888889, "params": {"beta_enc": 0.045584088109388056, "beta_rec": 0.8176747864339379, "gamma_fc": 0.10576783272280495, "cue_position": 9.0}, "datetime": {"elapsed": 11621.892731, "delta": 54.203239, "datetime": "2021-08-25 16:22:19"}}
{"target": 6.925333333333333, "params": {"beta_enc": 0.1772458288038927, "beta_rec": 0.5942682552552924, "gamma_fc": 0.6326013836856024, "cue_position": 9.0}, "datetime": {"elapsed": 11674.902578, "delta": 53.009847, "datetime": "2021-08-25 16:23:12"}}
{"target": 6.885777777777778, "params": {"beta_enc": 0.1955896956457488, "beta_rec": 0.32427032593241, "gamma_fc": 0.14438235076616687, "cue_position": 9.0}, "datetime": {"elapsed": 11727.600699, "delta": 52.698121, "datetime": "2021-08-25 16:24:04"}}
