{"target": 7.875, "params": {"cue_position": 10.0, "beta_rec": 0.6792129501957186, "beta_enc": 0.5315834658959018, "gamma_fc": 0.10538467273003926, "gamma_cf": 0.2991123446608356}, "datetime": {"delta": 0.344834, "elapsed": 139.791888, "datetime": "2020-06-14 09:45:24"}}
{"target": 7.875, "params": {"cue_position": 10.0, "beta_rec": 0.7688528482877579, "beta_enc": 0.28493214572214476, "gamma_fc": 0.5171205319704266, "gamma_cf": 0.8013307032031926}, "datetime": {"delta": 0.343201, "elapsed": 140.135089, "datetime": "2020-06-14 09:45:24"}}
{"target": 10.25, "params": {"cue_position": 10.0, "beta_rec": 0.6279619269819027, "beta_enc": 0.23210002184633505, "gamma_fc": 0.9033311768168756, "gamma_cf": 0.029528744942020957}, "datetime": {"delta": 0.395555, "elapsed": 140.530644, "datetime": "2020-06-14 09:45:24"}}
{"target": 10.875, "params": {"cue_position": 10.0, "beta_rec": 0.4261307804247122, "beta_enc": 0.4203695688027851, "gamma_fc": 0.07251552804546335, "gamma_cf": 0.9484584043057936}, "datetime": {"delta": 0.407179, "elapsed": 140.937823, "datetime": "2020-06-14 09:45:25"}}
{"target": 8.375, "params": {"cue_position": 10.0, "beta_rec": 0.3223574891327107, "beta_enc": 0.17270108813227492, "gamma_fc": 0.8244596107976835, "gamma_cf": 0.49549498136119297}, "datetime": {"delta": 0.355527, "elapsed": 141.29335, "datetime": "2020-06-14 09:45:25"}}
{"target": 10.25, "params": {"cue_position": 10.0, "beta_rec": 0.5958299420587015, "beta_enc": 0.8539724149421759, "gamma_fc": 0.743390512402039, "gamma_cf": 0.18649268827268528}, "datetime": {"delta": 0.396526, "elapsed": 141.689876, "datetime": "2020-06-14 09:45:25"}}
{"target": 7.625, "params": {"cue_position": 10.0, "beta_rec": 0.5394908909265497, "beta_enc": 0.23721405764354764, "gamma_fc": 0.17450118757274402, "gamma_cf": 0.22824910461538594}, "datetime": {"delta": 0.337439, "elapsed": 142.027315, "datetime": "2020-06-14 09:45:26"}}
{"target": 8.5, "params": {"cue_position": 10.0, "beta_rec": 0.14756883769994755, "beta_enc": 0.03973568657585125, "gamma_fc": 0.2236450455273178, "gamma_cf": 0.10463591174495857}, "datetime": {"delta": 0.357837, "elapsed": 142.385152, "datetime": "2020-06-14 09:45:26"}}
{"target": 7.25, "params": {"cue_position": 10.0, "beta_rec": 0.6763566354512786, "beta_enc": 0.03275719974597713, "gamma_fc": 0.13930117132372677, "gamma_cf": 0.4135917178017643}, "datetime": {"delta": 0.330223, "elapsed": 142.715375, "datetime": "2020-06-14 09:45:26"}}
{"target": 8.375, "params": {"cue_position": 10.0, "beta_rec": 0.4244374662396153, "beta_enc": 0.3772172876115065, "gamma_fc": 0.10275656387416432, "gamma_cf": 0.4228418130386131}, "datetime": {"delta": 0.354563, "elapsed": 143.069938, "datetime": "2020-06-14 09:45:27"}}
{"target": 7.875, "params": {"cue_position": 10.0, "beta_rec": 0.1372060034899114, "beta_enc": 0.772580266631544, "gamma_fc": 0.3010079430799063, "gamma_cf": 0.2719561124527795}, "datetime": {"delta": 0.343225, "elapsed": 143.413163, "datetime": "2020-06-14 09:45:27"}}
{"target": 8.0, "params": {"cue_position": 10.0, "beta_rec": 0.5177867238134145, "beta_enc": 0.6724207725864325, "gamma_fc": 0.3395408687963035, "gamma_cf": 0.4691344398333771}, "datetime": {"delta": 0.349203, "elapsed": 143.762366, "datetime": "2020-06-14 09:45:28"}}
{"target": 8.75, "params": {"cue_position": 10.0, "beta_rec": 0.226095202432549, "beta_enc": 0.7044971982481261, "gamma_fc": 0.5006195729230891, "gamma_cf": 0.5262296648916304}, "datetime": {"delta": 0.364796, "elapsed": 144.127162, "datetime": "2020-06-14 09:45:28"}}
{"target": 9.5, "params": {"cue_position": 10.0, "beta_rec": 0.18615566973666398, "beta_enc": 0.25368580688768017, "gamma_fc": 0.13290623766182708, "gamma_cf": 0.9818244178252573}, "datetime": {"delta": 0.380468, "elapsed": 144.50763, "datetime": "2020-06-14 09:45:28"}}
{"target": 8.625, "params": {"cue_position": 10.0, "beta_rec": 0.800641174283456, "beta_enc": 0.28346243242805713, "gamma_fc": 0.31464760677511183, "gamma_cf": 0.27875840869343704}, "datetime": {"delta": 0.359534, "elapsed": 144.867164, "datetime": "2020-06-14 09:45:29"}}
{"target": 8.25, "params": {"cue_position": 10.0, "beta_rec": 0.6027867622422961, "beta_enc": 0.41994825440192907, "gamma_fc": 0.6811114704584097, "gamma_cf": 0.8573003334512307}, "datetime": {"delta": 0.353487, "elapsed": 145.220651, "datetime": "2020-06-14 09:45:29"}}
{"target": 7.75, "params": {"cue_position": 10.0, "beta_rec": 0.92572053533626, "beta_enc": 0.23698206447169834, "gamma_fc": 0.3049656416420632, "gamma_cf": 0.3073814804278443}, "datetime": {"delta": 0.341511, "elapsed": 145.562162, "datetime": "2020-06-14 09:45:29"}}
{"target": 7.75, "params": {"cue_position": 10.0, "beta_rec": 0.1260784803971985, "beta_enc": 0.8811683184289046, "gamma_fc": 0.8272003251393062, "gamma_cf": 0.2777127324734242}, "datetime": {"delta": 0.344377, "elapsed": 145.906539, "datetime": "2020-06-14 09:45:30"}}
{"target": 7.75, "params": {"cue_position": 10.0, "beta_rec": 0.733366094468834, "beta_enc": 0.3645234475558883, "gamma_fc": 0.8035946264310272, "gamma_cf": 0.4814458975407394}, "datetime": {"delta": 0.343433, "elapsed": 146.249972, "datetime": "2020-06-14 09:45:30"}}
{"target": 9.375, "params": {"cue_position": 10.0, "beta_rec": 0.16157403985608987, "beta_enc": 0.39698821167237397, "gamma_fc": 0.2801926353730937, "gamma_cf": 0.7533258058943924}, "datetime": {"delta": 0.377817, "elapsed": 146.627789, "datetime": "2020-06-14 09:45:30"}}
{"target": 7.75, "params": {"cue_position": 10.0, "beta_rec": 0.9004489123860653, "beta_enc": 0.45136186123240163, "gamma_fc": 0.5909005994904067, "gamma_cf": 0.7071876097841823}, "datetime": {"delta": 0.341394, "elapsed": 146.969183, "datetime": "2020-06-14 09:45:31"}}
{"target": 7.75, "params": {"cue_position": 10.0, "beta_rec": 0.907644646099839, "beta_enc": 0.8173822703971256, "gamma_fc": 0.5614096837184815, "gamma_cf": 0.39722776623376177}, "datetime": {"delta": 0.340954, "elapsed": 147.310137, "datetime": "2020-06-14 09:45:31"}}
{"target": 7.875, "params": {"cue_position": 10.0, "beta_rec": 0.08747276218504352, "beta_enc": 0.7339231362848766, "gamma_fc": 0.42351005310518297, "gamma_cf": 0.2796211794498489}, "datetime": {"delta": 0.343526, "elapsed": 147.653663, "datetime": "2020-06-14 09:45:31"}}
{"target": 8.125, "params": {"cue_position": 10.0, "beta_rec": 0.660015223526051, "beta_enc": 0.49797863267328835, "gamma_fc": 0.5824398618892226, "gamma_cf": 0.6204682006051905}, "datetime": {"delta": 0.349785, "elapsed": 148.003448, "datetime": "2020-06-14 09:45:32"}}
{"target": 10.0, "params": {"cue_position": 10.0, "beta_rec": 0.004976364711265391, "beta_enc": 0.42833239803885637, "gamma_fc": 0.1469781258549313, "gamma_cf": 0.3202066542862888}, "datetime": {"delta": 0.389008, "elapsed": 148.392456, "datetime": "2020-06-14 09:45:32"}}
{"target": 8.0, "params": {"cue_position": 10.0, "beta_rec": 0.6114994766596024, "beta_enc": 0.5986638816064357, "gamma_fc": 0.6532580520244544, "gamma_cf": 0.32084890160086454}, "datetime": {"delta": 0.350151, "elapsed": 148.742607, "datetime": "2020-06-14 09:45:33"}}
{"target": 9.0, "params": {"cue_position": 10.0, "beta_rec": 0.0058809814446282305, "beta_enc": 0.19028348267904371, "gamma_fc": 0.6978416560498484, "gamma_cf": 0.4435038419039351}, "datetime": {"delta": 0.370081, "elapsed": 149.112688, "datetime": "2020-06-14 09:45:33"}}
{"target": 7.5, "params": {"cue_position": 10.0, "beta_rec": 0.06261980198391548, "beta_enc": 0.185043349636976, "gamma_fc": 0.10281836745431583, "gamma_cf": 0.695996510445494}, "datetime": {"delta": 0.338055, "elapsed": 149.450743, "datetime": "2020-06-14 09:45:33"}}
{"target": 8.25, "params": {"cue_position": 10.0, "beta_rec": 0.4539526504065199, "beta_enc": 0.19583423367499242, "gamma_fc": 0.1097350212856566, "gamma_cf": 0.750124248068985}, "datetime": {"delta": 0.353372, "elapsed": 149.804115, "datetime": "2020-06-14 09:45:34"}}
{"target": 7.375, "params": {"cue_position": 10.0, "beta_rec": 0.3873605221444808, "beta_enc": 0.6246236071556411, "gamma_fc": 0.5279187975307311, "gamma_cf": 0.2035603776619016}, "datetime": {"delta": 0.333603, "elapsed": 150.137718, "datetime": "2020-06-14 09:45:34"}}
{"target": 9.0, "params": {"cue_position": 10.0, "beta_rec": 0.018681005996375344, "beta_enc": 0.1721625549559327, "gamma_fc": 0.6383433300033875, "gamma_cf": 0.18417777656089307}, "datetime": {"delta": 0.369317, "elapsed": 150.507035, "datetime": "2020-06-14 09:45:34"}}
{"target": 7.625, "params": {"cue_position": 10.0, "beta_rec": 0.7749453799977457, "beta_enc": 0.5365748193404329, "gamma_fc": 0.5152146961620737, "gamma_cf": 0.9894521308362529}, "datetime": {"delta": 0.338899, "elapsed": 150.845934, "datetime": "2020-06-14 09:45:35"}}
{"target": 6.875, "params": {"cue_position": 10.0, "beta_rec": 0.7494424707521696, "beta_enc": 0.47882340118547173, "gamma_fc": 0.48924478546014216, "gamma_cf": 0.3624653173000254}, "datetime": {"delta": 0.324359, "elapsed": 151.170293, "datetime": "2020-06-14 09:45:35"}}
{"target": 7.375, "params": {"cue_position": 10.0, "beta_rec": 0.39358341429686194, "beta_enc": 0.18913837493884977, "gamma_fc": 0.2744741128035708, "gamma_cf": 0.46252906034220287}, "datetime": {"delta": 0.336392, "elapsed": 151.506685, "datetime": "2020-06-14 09:45:35"}}
{"target": 9.25, "params": {"cue_position": 10.0, "beta_rec": 0.029272121403112528, "beta_enc": 0.5267158603586157, "gamma_fc": 0.5774906810135474, "gamma_cf": 0.2929978836283572}, "datetime": {"delta": 0.37395, "elapsed": 151.880635, "datetime": "2020-06-14 09:45:36"}}
{"target": 8.75, "params": {"cue_position": 10.0, "beta_rec": 0.44033782679643774, "beta_enc": 0.7327698532613667, "gamma_fc": 0.9985990885864799, "gamma_cf": 0.23890995487021205}, "datetime": {"delta": 0.362862, "elapsed": 152.243497, "datetime": "2020-06-14 09:45:36"}}
{"target": 7.5, "params": {"cue_position": 10.0, "beta_rec": 0.9408284143815248, "beta_enc": 0.24287852161976753, "gamma_fc": 0.8211769648927358, "gamma_cf": 0.49756438460506747}, "datetime": {"delta": 0.334449, "elapsed": 152.577946, "datetime": "2020-06-14 09:45:36"}}
{"target": 8.75, "params": {"cue_position": 10.0, "beta_rec": 0.705580412120669, "beta_enc": 0.7165880467947342, "gamma_fc": 0.9199535770148588, "gamma_cf": 0.7541750254551594}, "datetime": {"delta": 0.36182, "elapsed": 152.939766, "datetime": "2020-06-14 09:45:37"}}
{"target": 8.375, "params": {"cue_position": 10.0, "beta_rec": 0.5279654841547008, "beta_enc": 0.4413517453158379, "gamma_fc": 0.4672385663332459, "gamma_cf": 0.3907730736706927}, "datetime": {"delta": 0.354723, "elapsed": 153.294489, "datetime": "2020-06-14 09:45:37"}}
{"target": 7.25, "params": {"cue_position": 10.0, "beta_rec": 0.11055744025544123, "beta_enc": 0.8951377108035733, "gamma_fc": 0.6065354305165435, "gamma_cf": 0.5454711685487195}, "datetime": {"delta": 0.331011, "elapsed": 153.6255, "datetime": "2020-06-14 09:45:37"}}
{"target": 8.0, "params": {"cue_position": 10.0, "beta_rec": 0.14674737976077956, "beta_enc": 0.029782944129560285, "gamma_fc": 0.6691577977971368, "gamma_cf": 0.0048720479536060735}, "datetime": {"delta": 0.347574, "elapsed": 153.973074, "datetime": "2020-06-14 09:45:38"}}
{"target": 7.0, "params": {"cue_position": 10.0, "beta_rec": 0.5469683092712408, "beta_enc": 0.8702579489225982, "gamma_fc": 0.30218150041580416, "gamma_cf": 0.6157259286130373}, "datetime": {"delta": 0.325627, "elapsed": 154.298701, "datetime": "2020-06-14 09:45:38"}}
{"target": 8.125, "params": {"cue_position": 10.0, "beta_rec": 0.5749397272777665, "beta_enc": 0.3667319816609417, "gamma_fc": 0.32752405584828914, "gamma_cf": 0.2015966344081711}, "datetime": {"delta": 0.348812, "elapsed": 154.647513, "datetime": "2020-06-14 09:45:38"}}
{"target": 7.5, "params": {"cue_position": 10.0, "beta_rec": 0.3409202491323421, "beta_enc": 0.742921250389697, "gamma_fc": 0.1938648596595468, "gamma_cf": 0.15635692867625162}, "datetime": {"delta": 0.335124, "elapsed": 154.982637, "datetime": "2020-06-14 09:45:39"}}
{"target": 9.625, "params": {"cue_position": 10.0, "beta_rec": 0.6351249610913382, "beta_enc": 0.4951123625611782, "gamma_fc": 0.307160768485095, "gamma_cf": 0.9025365564222451}, "datetime": {"delta": 0.380097, "elapsed": 155.362734, "datetime": "2020-06-14 09:45:39"}}
{"target": 6.625, "params": {"cue_position": 10.0, "beta_rec": 0.2824280305589726, "beta_enc": 0.7533800731255857, "gamma_fc": 0.41369073619910135, "gamma_cf": 0.2927265620931302}, "datetime": {"delta": 0.316491, "elapsed": 155.679225, "datetime": "2020-06-14 09:45:39"}}
{"target": 7.75, "params": {"cue_position": 10.0, "beta_rec": 0.31898600647018904, "beta_enc": 0.21471569566838056, "gamma_fc": 0.5039830093987828, "gamma_cf": 0.9630182395955346}, "datetime": {"delta": 0.34137, "elapsed": 156.020595, "datetime": "2020-06-14 09:45:40"}}
{"target": 5.5, "params": {"cue_position": 10.0, "beta_rec": 0.7461601407734211, "beta_enc": 0.9231006825886638, "gamma_fc": 0.6280230786069259, "gamma_cf": 0.7546222253081317}, "datetime": {"delta": 0.293152, "elapsed": 156.313747, "datetime": "2020-06-14 09:45:40"}}
{"target": 8.625, "params": {"cue_position": 10.0, "beta_rec": 0.5216593134132719, "beta_enc": 0.30375843415186865, "gamma_fc": 0.012522836886473265, "gamma_cf": 0.30531353144830675}, "datetime": {"delta": 0.359572, "elapsed": 156.673319, "datetime": "2020-06-14 09:45:40"}}
{"target": 9.625, "params": {"cue_position": 10.0, "beta_rec": 0.7967454755900841, "beta_enc": 0.26826282913593635, "gamma_fc": 0.13280748458041103, "gamma_cf": 0.6253311549032551}, "datetime": {"delta": 0.381082, "elapsed": 157.054401, "datetime": "2020-06-14 09:45:41"}}
{"target": 7.125, "params": {"cue_position": 10.0, "beta_rec": 0.526905346047344, "beta_enc": 0.7575703592474212, "gamma_fc": 0.9475415511018243, "gamma_cf": 0.8586117030700126}, "datetime": {"delta": 0.32737, "elapsed": 157.381771, "datetime": "2020-06-14 09:45:41"}}
{"target": 8.125, "params": {"cue_position": 10.0, "beta_rec": 0.8542582098426466, "beta_enc": 0.6545375346228315, "gamma_fc": 0.8587907562669648, "gamma_cf": 0.7271011884036769}, "datetime": {"delta": 0.347684, "elapsed": 157.729455, "datetime": "2020-06-14 09:45:41"}}
{"target": 9.25, "params": {"cue_position": 10.0, "beta_rec": 0.9020760015248446, "beta_enc": 0.9230030407536653, "gamma_fc": 0.8295737184581491, "gamma_cf": 0.0840212797987252}, "datetime": {"delta": 0.372248, "elapsed": 158.101703, "datetime": "2020-06-14 09:45:42"}}
{"target": 9.0, "params": {"cue_position": 10.0, "beta_rec": 0.542076154739123, "beta_enc": 0.5389315533076343, "gamma_fc": 0.8779604187251567, "gamma_cf": 0.03198418437577388}, "datetime": {"delta": 0.36725, "elapsed": 158.468953, "datetime": "2020-06-14 09:45:42"}}
{"target": 6.5, "params": {"cue_position": 10.0, "beta_rec": 0.6931945583783881, "beta_enc": 0.03463400133772032, "gamma_fc": 0.37408018773825613, "gamma_cf": 0.6417491808335967}, "datetime": {"delta": 0.314687, "elapsed": 158.78364, "datetime": "2020-06-14 09:45:43"}}
{"target": 9.0, "params": {"cue_position": 10.0, "beta_rec": 0.5094085814387623, "beta_enc": 0.2754620266501041, "gamma_fc": 0.6631488914643168, "gamma_cf": 0.5652896703655683}, "datetime": {"delta": 0.368156, "elapsed": 159.151796, "datetime": "2020-06-14 09:45:43"}}
{"target": 9.375, "params": {"cue_position": 10.0, "beta_rec": 0.9721390871214521, "beta_enc": 0.44137923095350085, "gamma_fc": 0.6535310326636594, "gamma_cf": 0.3549025108507734}, "datetime": {"delta": 0.375441, "elapsed": 159.527237, "datetime": "2020-06-14 09:45:43"}}
{"target": 7.5, "params": {"cue_position": 10.0, "beta_rec": 0.884056212378686, "beta_enc": 0.5426164118717204, "gamma_fc": 0.19127205174117012, "gamma_cf": 0.10806748517233733}, "datetime": {"delta": 0.335191, "elapsed": 159.862428, "datetime": "2020-06-14 09:45:44"}}
{"target": 8.0, "params": {"cue_position": 10.0, "beta_rec": 0.8540597949343145, "beta_enc": 0.38704623260508586, "gamma_fc": 0.6235518010455583, "gamma_cf": 0.6263588032086836}, "datetime": {"delta": 0.347261, "elapsed": 160.209689, "datetime": "2020-06-14 09:45:44"}}
{"target": 8.75, "params": {"cue_position": 10.0, "beta_rec": 0.05033512965945175, "beta_enc": 0.4080471353479287, "gamma_fc": 0.39845819654904013, "gamma_cf": 0.29572553442388116}, "datetime": {"delta": 0.363837, "elapsed": 160.573526, "datetime": "2020-06-14 09:45:44"}}
{"target": 9.875, "params": {"cue_position": 10.0, "beta_rec": 0.6636026316710936, "beta_enc": 0.37723956753050947, "gamma_fc": 0.015421822343255842, "gamma_cf": 0.5498899204719812}, "datetime": {"delta": 0.392966, "elapsed": 160.966492, "datetime": "2020-06-14 09:45:45"}}
{"target": 6.375, "params": {"cue_position": 10.0, "beta_rec": 0.5984272223880148, "beta_enc": 0.9830389835394168, "gamma_fc": 0.6968783264368051, "gamma_cf": 0.1467479307274827}, "datetime": {"delta": 0.313805, "elapsed": 161.280297, "datetime": "2020-06-14 09:45:45"}}
{"target": 8.5, "params": {"cue_position": 10.0, "beta_rec": 0.3181087523446168, "beta_enc": 0.9058084167065523, "gamma_fc": 0.9572253423743934, "gamma_cf": 0.28749810204118764}, "datetime": {"delta": 0.360626, "elapsed": 161.640923, "datetime": "2020-06-14 09:45:45"}}
{"target": 7.5, "params": {"cue_position": 10.0, "beta_rec": 0.6250155931933211, "beta_enc": 0.7023157547948075, "gamma_fc": 0.9236157463407607, "gamma_cf": 0.26904238725191854}, "datetime": {"delta": 0.338422, "elapsed": 161.979345, "datetime": "2020-06-14 09:45:46"}}
{"target": 7.5, "params": {"cue_position": 10.0, "beta_rec": 0.7713625072014619, "beta_enc": 0.6780829341239825, "gamma_fc": 0.6982817992918626, "gamma_cf": 0.8339046774992332}, "datetime": {"delta": 0.338907, "elapsed": 162.318252, "datetime": "2020-06-14 09:45:46"}}
{"target": 8.625, "params": {"cue_position": 10.0, "beta_rec": 0.6124611286280749, "beta_enc": 0.146608701776909, "gamma_fc": 0.19823229021015376, "gamma_cf": 0.9158787230673001}, "datetime": {"delta": 0.36472, "elapsed": 162.682972, "datetime": "2020-06-14 09:45:46"}}
{"target": 9.375, "params": {"cue_position": 10.0, "beta_rec": 0.04765470496967894, "beta_enc": 0.28571649537130284, "gamma_fc": 0.5735610825770953, "gamma_cf": 0.5575878151711118}, "datetime": {"delta": 0.379794, "elapsed": 163.062766, "datetime": "2020-06-14 09:45:47"}}
{"target": 6.375, "params": {"cue_position": 10.0, "beta_rec": 0.34741393280060506, "beta_enc": 0.905377379959673, "gamma_fc": 0.5768293032320249, "gamma_cf": 0.8512376625014975}, "datetime": {"delta": 0.312378, "elapsed": 163.375144, "datetime": "2020-06-14 09:45:47"}}
{"target": 8.875, "params": {"cue_position": 10.0, "beta_rec": 0.27835933039431604, "beta_enc": 0.6539929348777337, "gamma_fc": 0.13339403014523998, "gamma_cf": 0.6209523875804722}, "datetime": {"delta": 0.371218, "elapsed": 163.746362, "datetime": "2020-06-14 09:45:48"}}
{"target": 9.625, "params": {"cue_position": 10.0, "beta_rec": 0.11341100113082614, "beta_enc": 0.03290871659253447, "gamma_fc": 0.6262089291372217, "gamma_cf": 0.02402673463080851}, "datetime": {"delta": 0.38221, "elapsed": 164.128572, "datetime": "2020-06-14 09:45:48"}}
{"target": 8.0, "params": {"cue_position": 10.0, "beta_rec": 0.25096153771624574, "beta_enc": 0.09758261797608447, "gamma_fc": 0.2705519937974664, "gamma_cf": 0.11582674670624904}, "datetime": {"delta": 0.348198, "elapsed": 164.47677, "datetime": "2020-06-14 09:45:48"}}
{"target": 4.5, "params": {"cue_position": 10.0, "beta_rec": 0.9850455536104694, "beta_enc": 0.021079672835511265, "gamma_fc": 0.026528351110449155, "gamma_cf": 0.3783538388352491}, "datetime": {"delta": 0.270617, "elapsed": 164.747387, "datetime": "2020-06-14 09:45:49"}}
{"target": 7.875, "params": {"cue_position": 10.0, "beta_rec": 0.4525586263864343, "beta_enc": 0.3898387483749842, "gamma_fc": 0.6147818910832991, "gamma_cf": 0.27850417183805665}, "datetime": {"delta": 0.346026, "elapsed": 165.093413, "datetime": "2020-06-14 09:45:49"}}
{"target": 8.375, "params": {"cue_position": 10.0, "beta_rec": 0.18596096979633892, "beta_enc": 0.6651683545821934, "gamma_fc": 0.09657903442841353, "gamma_cf": 0.7865007628599349}, "datetime": {"delta": 0.361329, "elapsed": 165.454742, "datetime": "2020-06-14 09:45:49"}}
{"target": 9.5, "params": {"cue_position": 10.0, "beta_rec": 0.02605993268839324, "beta_enc": 0.6060352981689622, "gamma_fc": 0.4814004591490364, "gamma_cf": 0.059528607140071355}, "datetime": {"delta": 0.384043, "elapsed": 165.838785, "datetime": "2020-06-14 09:45:50"}}
{"target": 5.75, "params": {"cue_position": 10.0, "beta_rec": 0.4055573841390242, "beta_enc": 0.9257041086902309, "gamma_fc": 0.5192975854704402, "gamma_cf": 0.8613524744830288}, "datetime": {"delta": 0.300067, "elapsed": 166.138852, "datetime": "2020-06-14 09:45:50"}}
{"target": 8.5, "params": {"cue_position": 10.0, "beta_rec": 0.9630323387846756, "beta_enc": 0.3189358689174241, "gamma_fc": 0.20139185371372026, "gamma_cf": 0.2600189719566923}, "datetime": {"delta": 0.359861, "elapsed": 166.498713, "datetime": "2020-06-14 09:45:50"}}
{"target": 7.5, "params": {"cue_position": 10.0, "beta_rec": 0.8425182098415589, "beta_enc": 0.5889087033060773, "gamma_fc": 0.16224499947880777, "gamma_cf": 0.5864294214642616}, "datetime": {"delta": 0.342062, "elapsed": 166.840775, "datetime": "2020-06-14 09:45:51"}}
{"target": 8.125, "params": {"cue_position": 10.0, "beta_rec": 0.7613352159920956, "beta_enc": 0.19459373523814183, "gamma_fc": 0.6894948631776694, "gamma_cf": 0.2659070410478275}, "datetime": {"delta": 0.3505, "elapsed": 167.191275, "datetime": "2020-06-14 09:45:51"}}
{"target": 8.5, "params": {"cue_position": 10.0, "beta_rec": 0.03219440386857053, "beta_enc": 0.01508930763297911, "gamma_fc": 0.36221610553001116, "gamma_cf": 0.3366231805122991}, "datetime": {"delta": 0.362542, "elapsed": 167.553817, "datetime": "2020-06-14 09:45:51"}}
{"target": 7.625, "params": {"cue_position": 10.0, "beta_rec": 0.035980967658641894, "beta_enc": 0.8071905755135196, "gamma_fc": 0.14300410951832265, "gamma_cf": 0.6382781332668243}, "datetime": {"delta": 0.344082, "elapsed": 167.897899, "datetime": "2020-06-14 09:45:52"}}
