{"target": 7.026666666666666, "params": {"beta_enc": 0.417022004702574, "beta_rec": 0.7203244934421581, "primacy": 0.6, "gamma_fc": 0.00011437481734488664}, "datetime": {"elapsed": 0.0, "datetime": "2020-09-17 11:14:36", "delta": 0.0}}
{"target": 7.7411111111111115, "params": {"beta_enc": 0.14675589081711304, "beta_rec": 0.0923385947687978, "primacy": 0.6, "gamma_fc": 0.1862602113776709}, "datetime": {"elapsed": 100.00905, "datetime": "2020-09-17 11:16:16", "delta": 100.00905}}
{"target": 7.058888888888889, "params": {"beta_enc": 0.39676747423066994, "beta_rec": 0.538816734003357, "primacy": 0.6, "gamma_fc": 0.4191945144032948}, "datetime": {"elapsed": 195.311179, "datetime": "2020-09-17 11:17:51", "delta": 95.302129}}
{"target": 7.4655555555555555, "params": {"beta_enc": 0.20445224973151743, "beta_rec": 0.8781174363909454, "primacy": 0.6, "gamma_fc": 0.027387593197926163}, "datetime": {"elapsed": 295.004146, "datetime": "2020-09-17 11:19:31", "delta": 99.692967}}
{"target": 7.1322222222222225, "params": {"beta_enc": 0.41730480236712697, "beta_rec": 0.5586898284457517, "primacy": 0.6, "gamma_fc": 0.14038693859523377}, "datetime": {"elapsed": 390.264456, "datetime": "2020-09-17 11:21:06", "delta": 95.26031}}
{"target": 7.437777777777778, "params": {"beta_enc": 0.8007445686755367, "beta_rec": 0.9682615757193975, "primacy": 0.6, "gamma_fc": 0.31342417815924284}, "datetime": {"elapsed": 482.366405, "datetime": "2020-09-17 11:22:39", "delta": 92.101949}}
{"target": 8.065555555555555, "params": {"beta_enc": 0.8763891522960383, "beta_rec": 0.8946066635038473, "primacy": 0.6, "gamma_fc": 0.08504421136977791}, "datetime": {"elapsed": 568.811643, "datetime": "2020-09-17 11:24:05", "delta": 86.445238}}
{"target": 7.586666666666667, "params": {"beta_enc": 0.1698304195645689, "beta_rec": 0.8781425034294131, "primacy": 0.6, "gamma_fc": 0.0983468338330501}, "datetime": {"elapsed": 621.282314, "datetime": "2020-09-17 11:24:57", "delta": 52.470671}}
{"target": 2.6344444444444446, "params": {"beta_enc": 0.9578895301505019, "beta_rec": 0.5331652849730171, "primacy": 0.6, "gamma_fc": 0.6918771139504734}, "datetime": {"elapsed": 673.53079, "datetime": "2020-09-17 11:25:50", "delta": 52.248476}}
{"target": 7.238888888888889, "params": {"beta_enc": 0.6865009276815837, "beta_rec": 0.8346256718973729, "primacy": 0.6, "gamma_fc": 0.018288277344191806}, "datetime": {"elapsed": 764.704069, "datetime": "2020-09-17 11:27:21", "delta": 91.173279}}
{"target": 7.453333333333333, "params": {"beta_enc": 0.9888610889064947, "beta_rec": 0.7481656543798394, "primacy": 0.6, "gamma_fc": 0.2804439920644052}, "datetime": {"elapsed": 861.994269, "datetime": "2020-09-17 11:28:58", "delta": 97.2902}}
{"target": 7.736666666666666, "params": {"beta_enc": 0.10322600657764203, "beta_rec": 0.44789352617590517, "primacy": 0.6, "gamma_fc": 0.9085955030930956}, "datetime": {"elapsed": 962.946485, "datetime": "2020-09-17 11:30:39", "delta": 100.952216}}
{"target": 7.181111111111111, "params": {"beta_enc": 0.28777533858634874, "beta_rec": 0.13002857211827767, "primacy": 0.6, "gamma_fc": 0.019366957870297075}, "datetime": {"elapsed": 1060.554627, "datetime": "2020-09-17 11:32:17", "delta": 97.608142}}
{"target": 7.545555555555556, "params": {"beta_enc": 0.21162811600005904, "beta_rec": 0.2655466593722262, "primacy": 0.6, "gamma_fc": 0.4915731592803383}, "datetime": {"elapsed": 1160.130146, "datetime": "2020-09-17 11:33:56", "delta": 99.575519}}
{"target": 4.611111111111111, "params": {"beta_enc": 0.5741176054920131, "beta_rec": 0.14672857490581015, "primacy": 0.6, "gamma_fc": 0.5893055369032842}, "datetime": {"elapsed": 1240.686261, "datetime": "2020-09-17 11:35:17", "delta": 80.556115}}
{"target": 7.7011111111111115, "params": {"beta_enc": 0.10233442882782584, "beta_rec": 0.4140559878195683, "primacy": 0.6, "gamma_fc": 0.6944001577277451}, "datetime": {"elapsed": 1330.602888, "datetime": "2020-09-17 11:36:47", "delta": 89.916627}}
{"target": 7.641111111111111, "params": {"beta_enc": 0.04995345894608716, "beta_rec": 0.5358964059155116, "primacy": 0.6, "gamma_fc": 0.6637946452197888}, "datetime": {"elapsed": 1426.526494, "datetime": "2020-09-17 11:38:23", "delta": 95.923606}}
{"target": 2.0755555555555554, "params": {"beta_enc": 0.9445947559908133, "beta_rec": 0.5865550405019929, "primacy": 0.6, "gamma_fc": 0.9034019152878835}, "datetime": {"elapsed": 1490.205715, "datetime": "2020-09-17 11:39:26", "delta": 63.679221}}
{"target": 7.702222222222222, "params": {"beta_enc": 0.13927634725075855, "beta_rec": 0.8073912887095238, "primacy": 0.6, "gamma_fc": 0.3976768369855336}, "datetime": {"elapsed": 1590.325916, "datetime": "2020-09-17 11:41:07", "delta": 100.120201}}
{"target": 2.647777777777778, "params": {"beta_enc": 0.9275085803960339, "beta_rec": 0.34776585974550656, "primacy": 0.6, "gamma_fc": 0.7508121031361555}, "datetime": {"elapsed": 1657.711587, "datetime": "2020-09-17 11:42:14", "delta": 67.385671}}
{"target": 2.7244444444444444, "params": {"beta_enc": 0.8833060912058098, "beta_rec": 0.6236722070556089, "primacy": 0.6, "gamma_fc": 0.7509424340273372}, "datetime": {"elapsed": 1724.492406, "datetime": "2020-09-17 11:43:21", "delta": 66.780819}}
{"target": 7.362222222222222, "params": {"beta_enc": 0.2699278917650261, "beta_rec": 0.8958862181960668, "primacy": 0.6, "gamma_fc": 0.4280911898712949}, "datetime": {"elapsed": 1822.476737, "datetime": "2020-09-17 11:44:59", "delta": 97.984331}}
{"target": 7.24, "params": {"beta_enc": 0.6634414978184481, "beta_rec": 0.6216957202091218, "primacy": 0.6, "gamma_fc": 0.11474597295337519}, "datetime": {"elapsed": 1918.711212, "datetime": "2020-09-17 11:46:35", "delta": 96.234475}}
{"target": 6.852222222222222, "params": {"beta_enc": 0.4499121334799405, "beta_rec": 0.5783896143871318, "primacy": 0.6, "gamma_fc": 0.40813680276128117}, "datetime": {"elapsed": 2010.885824, "datetime": "2020-09-17 11:48:07", "delta": 92.174612}}
{"target": 7.22, "params": {"beta_enc": 0.9033795205622538, "beta_rec": 0.5736794866722859, "primacy": 0.6, "gamma_fc": 0.00287032703115897}, "datetime": {"elapsed": 2103.765157, "datetime": "2020-09-17 11:49:40", "delta": 92.879333}}
{"target": 7.206666666666667, "params": {"beta_enc": 0.32664490177209615, "beta_rec": 0.5270581022576093, "primacy": 0.6, "gamma_fc": 0.8859420993107745}, "datetime": {"elapsed": 2201.936966, "datetime": "2020-09-17 11:51:18", "delta": 98.171809}}
{"target": 7.668888888888889, "params": {"beta_enc": 0.9085351509197992, "beta_rec": 0.6233601157918027, "primacy": 0.6, "gamma_fc": 0.015821242846556283}, "datetime": {"elapsed": 2301.534184, "datetime": "2020-09-17 11:52:58", "delta": 99.597218}}
{"target": 6.99, "params": {"beta_enc": 0.690896917516924, "beta_rec": 0.9973228504514805, "primacy": 0.6, "gamma_fc": 0.17234050834532855}, "datetime": {"elapsed": 2392.524003, "datetime": "2020-09-17 11:54:29", "delta": 90.989819}}
{"target": 7.988888888888889, "params": {"beta_enc": 0.9325954630371636, "beta_rec": 0.6968181614899002, "primacy": 0.6, "gamma_fc": 0.06600017272206249}, "datetime": {"elapsed": 2492.097278, "datetime": "2020-09-17 11:56:08", "delta": 99.573275}}
{"target": 4.7988888888888885, "params": {"beta_enc": 0.7538761884612464, "beta_rec": 0.9230245355464833, "primacy": 0.6, "gamma_fc": 0.7115247586284718}, "datetime": {"elapsed": 2575.273946, "datetime": "2020-09-17 11:57:31", "delta": 83.176668}}
{"target": 7.676666666666667, "params": {"beta_enc": 0.01988013383979559, "beta_rec": 0.026210986877719278, "primacy": 0.6, "gamma_fc": 0.028306488020794607}, "datetime": {"elapsed": 2675.846653, "datetime": "2020-09-17 11:59:12", "delta": 100.572707}}
{"target": 4.02, "params": {"beta_enc": 0.860027948682888, "beta_rec": 0.5388310643416528, "primacy": 0.6, "gamma_fc": 0.5528219786857659}, "datetime": {"elapsed": 2750.614098, "datetime": "2020-09-17 12:00:27", "delta": 74.767445}}
{"target": 7.638888888888889, "params": {"beta_enc": 0.12417331511991114, "beta_rec": 0.2791836790111395, "primacy": 0.6, "gamma_fc": 0.5857592714582879}, "datetime": {"elapsed": 2847.166118, "datetime": "2020-09-17 12:02:03", "delta": 96.55202}}
{"target": 4.093333333333334, "params": {"beta_enc": 0.56103021925571, "beta_rec": 0.01864728937294302, "primacy": 0.6, "gamma_fc": 0.8006326726806163}, "datetime": {"elapsed": 2925.274035, "datetime": "2020-09-17 12:03:21", "delta": 78.107917}}
{"target": 2.871111111111111, "params": {"beta_enc": 0.8071051956187791, "beta_rec": 0.38786064406417176, "primacy": 0.6, "gamma_fc": 0.8635418545594287}, "datetime": {"elapsed": 2995.109961, "datetime": "2020-09-17 12:04:31", "delta": 69.835926}}
{"target": 4.778888888888889, "params": {"beta_enc": 0.5562402339904189, "beta_rec": 0.13645522566068502, "primacy": 0.6, "gamma_fc": 0.05991768951221166}, "datetime": {"elapsed": 3058.837702, "datetime": "2020-09-17 12:05:35", "delta": 63.727741}}
{"target": 7.737777777777778, "params": {"beta_enc": 0.044551878544761725, "beta_rec": 0.1074941291060929, "primacy": 0.6, "gamma_fc": 0.2257093386078547}, "datetime": {"elapsed": 3110.723333, "datetime": "2020-09-17 12:06:27", "delta": 51.885631}}
{"target": 4.078888888888889, "params": {"beta_enc": 0.5597169820541424, "beta_rec": 0.012555980159115854, "primacy": 0.6, "gamma_fc": 0.07197427968948678}, "datetime": {"elapsed": 3150.715758, "datetime": "2020-09-17 12:07:07", "delta": 39.992425}}
{"target": 5.094444444444444, "params": {"beta_enc": 0.5681004619199421, "beta_rec": 0.20329323466099047, "primacy": 0.6, "gamma_fc": 0.2523257445703234}, "datetime": {"elapsed": 3194.267385, "datetime": "2020-09-17 12:07:50", "delta": 43.551627}}
{"target": 7.523333333333333, "params": {"beta_enc": 0.1954294811093188, "beta_rec": 0.5813589272732578, "primacy": 0.6, "gamma_fc": 0.9700199890883123}, "datetime": {"elapsed": 3245.602895, "datetime": "2020-09-17 12:08:42", "delta": 51.33551}}
{"target": 7.502222222222223, "params": {"beta_enc": 0.23984775914758616, "beta_rec": 0.49376971426872995, "primacy": 0.6, "gamma_fc": 0.6199557183813798}, "datetime": {"elapsed": 3296.651149, "datetime": "2020-09-17 12:09:33", "delta": 51.048254}}
{"target": 7.685555555555555, "params": {"beta_enc": 0.15679139464608427, "beta_rec": 0.018576202177409518, "primacy": 0.6, "gamma_fc": 0.07002214371922233}, "datetime": {"elapsed": 3348.571777, "datetime": "2020-09-17 12:10:25", "delta": 51.920628}}
{"target": 6.837777777777778, "params": {"beta_enc": 0.6063294616533303, "beta_rec": 0.5688514370864813, "primacy": 0.6, "gamma_fc": 0.31736240932216075}, "datetime": {"elapsed": 3397.148073, "datetime": "2020-09-17 12:11:13", "delta": 48.576296}}
{"target": 5.691111111111111, "params": {"beta_enc": 0.5797452192457969, "beta_rec": 0.3801411726235504, "primacy": 0.6, "gamma_fc": 0.5509482191178968}, "datetime": {"elapsed": 3443.189982, "datetime": "2020-09-17 12:11:59", "delta": 46.041909}}
{"target": 4.706666666666667, "params": {"beta_enc": 0.6692328934531846, "beta_rec": 0.2649195576628094, "primacy": 0.6, "gamma_fc": 0.06633483442844157}, "datetime": {"elapsed": 3510.947349, "datetime": "2020-09-17 12:13:07", "delta": 67.757367}}
{"target": 4.078888888888889, "params": {"beta_enc": 0.6297175070215645, "beta_rec": 0.2101740099148396, "primacy": 0.6, "gamma_fc": 0.7527555537388139}, "datetime": {"elapsed": 3588.757189, "datetime": "2020-09-17 12:14:25", "delta": 77.80984}}
{"target": 7.35, "params": {"beta_enc": 0.26031509857854096, "beta_rec": 0.8047545637433454, "primacy": 0.6, "gamma_fc": 0.19343428262332774}, "datetime": {"elapsed": 3686.19511, "datetime": "2020-09-17 12:16:02", "delta": 97.437921}}
{"target": 6.6866666666666665, "params": {"beta_enc": 0.5246703091237337, "beta_rec": 0.9248079703993507, "primacy": 0.6, "gamma_fc": 0.263296770487111}, "datetime": {"elapsed": 3777.17799, "datetime": "2020-09-17 12:17:33", "delta": 90.98288}}
{"target": 3.387777777777778, "params": {"beta_enc": 0.7350659632886695, "beta_rec": 0.7721780295432468, "primacy": 0.6, "gamma_fc": 0.907815852503524}, "datetime": {"elapsed": 3850.185842, "datetime": "2020-09-17 12:18:46", "delta": 73.007852}}
{"target": 7.772222222222222, "params": {"beta_enc": 0.013951572975597015, "beta_rec": 0.2343620861214205, "primacy": 0.6, "gamma_fc": 0.6167783570016576}, "datetime": {"elapsed": 3950.564118, "datetime": "2020-09-17 12:20:27", "delta": 100.378276}}
{"target": 2.0922222222222224, "params": {"beta_enc": 0.9501761192470797, "beta_rec": 0.5566531881951564, "primacy": 0.6, "gamma_fc": 0.9156063497662745}, "datetime": {"elapsed": 4015.826342, "datetime": "2020-09-17 12:21:32", "delta": 65.262224}}
{"target": 7.211111111111111, "params": {"beta_enc": 0.39000771414124624, "beta_rec": 0.48599066709690975, "primacy": 0.6, "gamma_fc": 0.6043104829199732}, "datetime": {"elapsed": 4109.096855, "datetime": "2020-09-17 12:23:05", "delta": 93.270513}}
{"target": 7.616666666666666, "params": {"beta_enc": 0.9261814267064536, "beta_rec": 0.9187334356336061, "primacy": 0.6, "gamma_fc": 0.3948756129235549}, "datetime": {"elapsed": 4174.739886, "datetime": "2020-09-17 12:24:11", "delta": 65.643031}}
{"target": 7.695555555555556, "params": {"beta_enc": 0.17395566668046436, "beta_rec": 0.12632951943963733, "primacy": 0.6, "gamma_fc": 0.13507915804673132}, "datetime": {"elapsed": 4265.048293, "datetime": "2020-09-17 12:25:41", "delta": 90.308407}}
{"target": 7.844444444444444, "params": {"beta_enc": 0.021524805274197978, "beta_rec": 0.947970211217681, "primacy": 0.6, "gamma_fc": 0.8271154711707325}, "datetime": {"elapsed": 4365.7064, "datetime": "2020-09-17 12:27:22", "delta": 100.658107}}
{"target": 7.657777777777778, "params": {"beta_enc": 0.17619625557505525, "beta_rec": 0.332063574366837, "primacy": 0.6, "gamma_fc": 0.1309968448109169}, "datetime": {"elapsed": 4465.849992, "datetime": "2020-09-17 12:29:02", "delta": 100.143592}}
{"target": 7.222222222222222, "params": {"beta_enc": 0.34473665268329345, "beta_rec": 0.9401074823333672, "primacy": 0.6, "gamma_fc": 0.58201417994708}, "datetime": {"elapsed": 4562.987578, "datetime": "2020-09-17 12:30:39", "delta": 97.137586}}
{"target": 6.876666666666667, "params": {"beta_enc": 0.8447344453922219, "beta_rec": 0.9053923187086492, "primacy": 0.6, "gamma_fc": 0.45988026581680697}, "datetime": {"elapsed": 4654.798143, "datetime": "2020-09-17 12:32:11", "delta": 91.810565}}
{"target": 3.4877777777777776, "params": {"beta_enc": 0.7986035911520394, "beta_rec": 0.28571885173414757, "primacy": 0.6, "gamma_fc": 0.4902535226199277}, "datetime": {"elapsed": 4728.031747, "datetime": "2020-09-17 12:33:24", "delta": 73.233604}}
{"target": 7.764444444444444, "params": {"beta_enc": 0.015533275550835723, "beta_rec": 0.5934814081966372, "primacy": 0.6, "gamma_fc": 0.4336763489894583}, "datetime": {"elapsed": 4828.670824, "datetime": "2020-09-17 12:35:05", "delta": 100.639077}}
{"target": 7.29, "params": {"beta_enc": 0.31524480309537295, "beta_rec": 0.8928887085251513, "primacy": 0.6, "gamma_fc": 0.5778572152845355}, "datetime": {"elapsed": 4926.7721, "datetime": "2020-09-17 12:36:43", "delta": 98.101276}}
{"target": 7.635555555555555, "params": {"beta_enc": 0.7879292338255043, "beta_rec": 0.6120311770449339, "primacy": 0.6, "gamma_fc": 0.053909272073752956}, "datetime": {"elapsed": 5025.449469, "datetime": "2020-09-17 12:38:22", "delta": 98.677369}}
{"target": 7.2588888888888885, "params": {"beta_enc": 0.6790688365654296, "beta_rec": 0.9186017779775258, "primacy": 0.6, "gamma_fc": 0.00040202489135743313}, "datetime": {"elapsed": 5110.693012, "datetime": "2020-09-17 12:39:47", "delta": 85.243543}}
{"target": 7.13, "params": {"beta_enc": 0.37658031474577447, "beta_rec": 0.9737835383583225, "primacy": 0.6, "gamma_fc": 0.604716100974053}, "datetime": {"elapsed": 5205.578766, "datetime": "2020-09-17 12:41:22", "delta": 94.885754}}
{"target": 6.807777777777778, "params": {"beta_enc": 0.5747115047081023, "beta_rec": 0.6280761983073504, "primacy": 0.6, "gamma_fc": 0.28557628169569393}, "datetime": {"elapsed": 5298.972517, "datetime": "2020-09-17 12:42:55", "delta": 93.393751}}
{"target": 4.257777777777778, "params": {"beta_enc": 0.7500217637026599, "beta_rec": 0.8583138364290424, "primacy": 0.6, "gamma_fc": 0.7550821884676802}, "datetime": {"elapsed": 5378.477856, "datetime": "2020-09-17 12:44:15", "delta": 79.505339}}
{"target": 2.9555555555555557, "params": {"beta_enc": 0.8644794300545998, "beta_rec": 0.32268099683674645, "primacy": 0.6, "gamma_fc": 0.6707887907875872}, "datetime": {"elapsed": 5448.17543, "datetime": "2020-09-17 12:45:24", "delta": 69.697574}}
{"target": 7.1755555555555555, "params": {"beta_enc": 0.3821027520315172, "beta_rec": 0.4108113499221856, "primacy": 0.6, "gamma_fc": 0.4014795834695406}, "datetime": {"elapsed": 5544.351223, "datetime": "2020-09-17 12:47:01", "delta": 96.175793}}
{"target": 4.2988888888888885, "params": {"beta_enc": 0.6219193679203014, "beta_rec": 0.43024727082126435, "primacy": 0.6, "gamma_fc": 0.9738020779272523}, "datetime": {"elapsed": 5624.181872, "datetime": "2020-09-17 12:48:20", "delta": 79.830649}}
{"target": 7.6066666666666665, "params": {"beta_enc": 0.19856988842711087, "beta_rec": 0.4267010093480328, "primacy": 0.6, "gamma_fc": 0.343346239774423}, "datetime": {"elapsed": 5724.506778, "datetime": "2020-09-17 12:50:01", "delta": 100.324906}}
{"target": 4.2, "params": {"beta_enc": 0.8799982885634318, "beta_rec": 0.903841955826372, "primacy": 0.6, "gamma_fc": 0.6627198123752622}, "datetime": {"elapsed": 5804.249075, "datetime": "2020-09-17 12:51:20", "delta": 79.742297}}
{"target": 7.53, "params": {"beta_enc": 0.25236670150458973, "beta_rec": 0.8548979426974024, "primacy": 0.6, "gamma_fc": 0.5277146463087466}, "datetime": {"elapsed": 5898.540602, "datetime": "2020-09-17 12:52:55", "delta": 94.291527}}
{"target": 6.421111111111111, "params": {"beta_enc": 0.5724885171916063, "beta_rec": 0.7331425252875111, "primacy": 0.6, "gamma_fc": 0.5190116274640558}, "datetime": {"elapsed": 5946.650118, "datetime": "2020-09-17 12:53:43", "delta": 48.109516}}
{"target": 6.6466666666666665, "params": {"beta_enc": 0.5688579907047155, "beta_rec": 0.4657098785919809, "primacy": 0.6, "gamma_fc": 0.3426889079532818}, "datetime": {"elapsed": 6022.752092, "datetime": "2020-09-17 12:54:59", "delta": 76.101974}}
{"target": 6.274444444444445, "params": {"beta_enc": 0.37792417932809985, "beta_rec": 0.07962607769825236, "primacy": 0.6, "gamma_fc": 0.982817113730445}, "datetime": {"elapsed": 6111.970764, "datetime": "2020-09-17 12:56:28", "delta": 89.218672}}
{"target": 4.473333333333334, "params": {"beta_enc": 0.8118586977205398, "beta_rec": 0.8749616449558981, "primacy": 0.6, "gamma_fc": 0.6884132523859433}, "datetime": {"elapsed": 6198.192674, "datetime": "2020-09-17 12:57:54", "delta": 86.22191}}
{"target": 7.604444444444445, "params": {"beta_enc": 0.16097143681560877, "beta_rec": 0.4668800227633063, "primacy": 0.6, "gamma_fc": 0.345172051155215}, "datetime": {"elapsed": 6298.501589, "datetime": "2020-09-17 12:59:35", "delta": 100.308915}}
{"target": 4.685555555555555, "params": {"beta_enc": 0.5925118687657968, "beta_rec": 0.31226983770191696, "primacy": 0.6, "gamma_fc": 0.9163055534683507}, "datetime": {"elapsed": 6381.809882, "datetime": "2020-09-17 13:00:58", "delta": 83.308293}}
{"target": 7.347777777777778, "params": {"beta_enc": 0.2571182937821962, "beta_rec": 0.1108913007440292, "primacy": 0.6, "gamma_fc": 0.19296273201911285}, "datetime": {"elapsed": 6480.114666, "datetime": "2020-09-17 13:02:36", "delta": 98.304784}}
{"target": 3.79, "params": {"beta_enc": 0.7285856679745962, "beta_rec": 0.20819443840879148, "primacy": 0.6, "gamma_fc": 0.24803355837723073}, "datetime": {"elapsed": 6556.001879, "datetime": "2020-09-17 13:03:52", "delta": 75.887213}}
{"target": 6.998888888888889, "params": {"beta_enc": 0.41584871826752734, "beta_rec": 0.6166850671552362, "primacy": 0.6, "gamma_fc": 0.23366613923925006}, "datetime": {"elapsed": 6651.489127, "datetime": "2020-09-17 13:05:28", "delta": 95.487248}}
{"target": 7.0311111111111115, "params": {"beta_enc": 0.5158570169685298, "beta_rec": 0.47714098704978236, "primacy": 0.6, "gamma_fc": 0.15267164409316325}, "datetime": {"elapsed": 6747.376333, "datetime": "2020-09-17 13:07:04", "delta": 95.887206}}
{"target": 6.98, "params": {"beta_enc": 0.5440101188139381, "beta_rec": 0.6541373469707443, "primacy": 0.6, "gamma_fc": 0.1445455401246598}, "datetime": {"elapsed": 6841.707022, "datetime": "2020-09-17 13:08:38", "delta": 94.330689}}
{"target": 7.523333333333333, "params": {"beta_enc": 0.2220491397999227, "beta_rec": 0.519351824366033, "primacy": 0.6, "gamma_fc": 0.7852960282216189}, "datetime": {"elapsed": 6937.914567, "datetime": "2020-09-17 13:10:14", "delta": 96.207545}}
{"target": 7.178888888888889, "params": {"beta_enc": 0.3243624597261865, "beta_rec": 0.872922376400111, "primacy": 0.6, "gamma_fc": 0.8447096076020696}, "datetime": {"elapsed": 7034.117543, "datetime": "2020-09-17 13:11:50", "delta": 96.202976}}
{"target": 2.4433333333333334, "params": {"beta_enc": 0.866608274166513, "beta_rec": 0.9498059913536265, "primacy": 0.6, "gamma_fc": 0.8264069976293413}, "datetime": {"elapsed": 7101.159924, "datetime": "2020-09-17 13:12:57", "delta": 67.042381}}
{"target": 7.623333333333333, "params": {"beta_enc": 0.09874340182034835, "beta_rec": 0.651304332340991, "primacy": 0.6, "gamma_fc": 0.703516988152653}, "datetime": {"elapsed": 7201.373056, "datetime": "2020-09-17 13:14:38", "delta": 100.213132}}
{"target": 2.82, "params": {"beta_enc": 0.799615261736028, "beta_rec": 0.03457121987163425, "primacy": 0.6, "gamma_fc": 0.7702387345549799}, "datetime": {"elapsed": 7269.684432, "datetime": "2020-09-17 13:15:46", "delta": 68.311376}}
{"target": 7.562222222222222, "params": {"beta_enc": 0.2596983932983531, "beta_rec": 0.2570692988221467, "primacy": 0.6, "gamma_fc": 0.6323033174301278}, "datetime": {"elapsed": 7369.230346, "datetime": "2020-09-17 13:17:25", "delta": 99.545914}}
