{"target": 9.729166666666666, "params": {"gamma_fc": 0.6363061258559836, "beta_enc": 0.4069219941293579, "gamma_cf": 0.9824909449748953, "beta_rec": 0.9752223424373121, "cue_position": 9.0}, "datetime": {"datetime": "2020-06-20 03:19:36", "elapsed": 4310.538127, "delta": 31.781105}}
{"target": 9.6, "params": {"gamma_fc": 0.7928556779768876, "beta_enc": 0.375091018393911, "gamma_cf": 0.25203308013083936, "beta_rec": 0.8574844990835966, "cue_position": 9.0}, "datetime": {"datetime": "2020-06-20 03:20:07", "elapsed": 4341.94974, "delta": 31.411613}}
{"target": 9.408333333333333, "params": {"gamma_fc": 0.26865012390622656, "beta_enc": 0.43293850873416306, "gamma_cf": 0.6973688756131394, "beta_rec": 0.3575111673304414, "cue_position": 9.0}, "datetime": {"datetime": "2020-06-20 03:20:38", "elapsed": 4372.993978, "delta": 31.044238}}
{"target": 7.966666666666667, "params": {"gamma_fc": 0.8553564125953698, "beta_enc": 0.8082780137053801, "gamma_cf": 0.4879214918052024, "beta_rec": 0.2952887943998478, "cue_position": 9.0}, "datetime": {"datetime": "2020-06-20 03:21:08", "elapsed": 4402.845925, "delta": 29.851947}}
{"target": 5.770833333333333, "params": {"gamma_fc": 0.4461172190344297, "beta_enc": 0.8883864343953859, "gamma_cf": 0.8982050460171371, "beta_rec": 0.18438444236776674, "cue_position": 9.0}, "datetime": {"datetime": "2020-06-20 03:21:31", "elapsed": 4425.915991, "delta": 23.070066}}
{"target": 6.5, "params": {"gamma_fc": 0.2282057333504841, "beta_enc": 0.9218683054838154, "gamma_cf": 0.6824537097668154, "beta_rec": 0.2789908904569709, "cue_position": 9.0}, "datetime": {"datetime": "2020-06-20 03:21:53", "elapsed": 4447.809132, "delta": 21.893141}}
{"target": 9.929166666666667, "params": {"gamma_fc": 0.7797442954825999, "beta_enc": 0.013767512557716799, "gamma_cf": 0.34302810983040655, "beta_rec": 0.4167239623706961, "cue_position": 9.0}, "datetime": {"datetime": "2020-06-20 03:22:22", "elapsed": 4476.51134, "delta": 28.702208}}
{"target": 10.266666666666667, "params": {"gamma_fc": 0.6993076236968142, "beta_enc": 0.17473631282740743, "gamma_cf": 0.716770814146376, "beta_rec": 0.34195283630245243, "cue_position": 9.0}, "datetime": {"datetime": "2020-06-20 03:22:51", "elapsed": 4505.627395, "delta": 29.116055}}
{"target": 8.35, "params": {"gamma_fc": 0.4246491159313397, "beta_enc": 0.6884973179489188, "gamma_cf": 0.22729754091594956, "beta_rec": 0.25339603448629966, "cue_position": 9.0}, "datetime": {"datetime": "2020-06-20 03:23:16", "elapsed": 4530.980703, "delta": 25.353308}}
{"target": 9.920833333333333, "params": {"gamma_fc": 0.7073166026816995, "beta_enc": 0.37192212166768723, "gamma_cf": 0.6316466268659396, "beta_rec": 0.3553079116201222, "cue_position": 9.0}, "datetime": {"datetime": "2020-06-20 03:23:44", "elapsed": 4559.394161, "delta": 28.413458}}
{"target": 8.516666666666667, "params": {"gamma_fc": 0.5141750435258828, "beta_enc": 0.6135886945028356, "gamma_cf": 0.14944679893886248, "beta_rec": 0.6483127561631246, "cue_position": 9.0}, "datetime": {"datetime": "2020-06-20 03:24:10", "elapsed": 4584.546545, "delta": 25.152384}}
{"target": 7.316666666666666, "params": {"gamma_fc": 0.4972891859195163, "beta_enc": 0.8753327263545391, "gamma_cf": 0.42893233402990294, "beta_rec": 0.18395344154722204, "cue_position": 9.0}, "datetime": {"datetime": "2020-06-20 03:24:33", "elapsed": 4607.786137, "delta": 23.239592}}
{"target": 10.4375, "params": {"gamma_fc": 0.8003322457764017, "beta_enc": 0.16151077048601192, "gamma_cf": 0.844526943229479, "beta_rec": 0.34244064113481054, "cue_position": 9.0}, "datetime": {"datetime": "2020-06-20 03:25:02", "elapsed": 4637.18779, "delta": 29.401653}}
{"target": 9.104166666666666, "params": {"gamma_fc": 0.29694708578690454, "beta_enc": 0.4266391582681436, "gamma_cf": 0.5096132942175586, "beta_rec": 0.6070154607890389, "cue_position": 9.0}, "datetime": {"datetime": "2020-06-20 03:25:29", "elapsed": 4664.011929, "delta": 26.824139}}
{"target": 8.020833333333334, "params": {"gamma_fc": 0.4705878794988857, "beta_enc": 0.8596509535692011, "gamma_cf": 0.12475130006917923, "beta_rec": 0.6715983809063899, "cue_position": 9.0}, "datetime": {"datetime": "2020-06-20 03:25:54", "elapsed": 4688.643725, "delta": 24.631796}}
{"target": 8.620833333333334, "params": {"gamma_fc": 0.639126848719905, "beta_enc": 0.9865727795868815, "gamma_cf": 0.15172487103197363, "beta_rec": 0.9482991740726651, "cue_position": 9.0}, "datetime": {"datetime": "2020-06-20 03:26:20", "elapsed": 4714.529484, "delta": 25.885759}}
{"target": 9.15, "params": {"gamma_fc": 0.8499698885159654, "beta_enc": 0.5656621125439275, "gamma_cf": 0.5992697556580301, "beta_rec": 0.468665837661252, "cue_position": 9.0}, "datetime": {"datetime": "2020-06-20 03:26:46", "elapsed": 4741.428002, "delta": 26.898518}}
{"target": 9.470833333333333, "params": {"gamma_fc": 0.9913465087318091, "beta_enc": 0.7511210403719374, "gamma_cf": 0.06473998344154885, "beta_rec": 0.579360540297233, "cue_position": 9.0}, "datetime": {"datetime": "2020-06-20 03:27:14", "elapsed": 4768.949678, "delta": 27.521676}}
{"target": 9.258333333333333, "params": {"gamma_fc": 0.6236704109977018, "beta_enc": 0.05299454266798953, "gamma_cf": 0.10750887618516769, "beta_rec": 0.19949554613856135, "cue_position": 9.0}, "datetime": {"datetime": "2020-06-20 03:27:41", "elapsed": 4796.006837, "delta": 27.057159}}
{"target": 10.291666666666666, "params": {"gamma_fc": 0.668456167589482, "beta_enc": 0.047992564048867314, "gamma_cf": 0.7035193311050811, "beta_rec": 0.28462388100694214, "cue_position": 9.0}, "datetime": {"datetime": "2020-06-20 03:28:10", "elapsed": 4825.113571, "delta": 29.106734}}
{"target": 9.7125, "params": {"gamma_fc": 0.7953011674056428, "beta_enc": 0.3785805932506022, "gamma_cf": 0.34037929076546725, "beta_rec": 0.1881942600298212, "cue_position": 9.0}, "datetime": {"datetime": "2020-06-20 03:28:38", "elapsed": 4853.063273, "delta": 27.949702}}
{"target": 9.166666666666666, "params": {"gamma_fc": 0.3506565024321674, "beta_enc": 0.4879009391796203, "gamma_cf": 0.6442320198790318, "beta_rec": 0.5256694443509794, "cue_position": 9.0}, "datetime": {"datetime": "2020-06-20 03:29:05", "elapsed": 4879.956646, "delta": 26.893373}}
{"target": 10.379166666666666, "params": {"gamma_fc": 0.9794833541798064, "beta_enc": 0.2292050272920657, "gamma_cf": 0.46978904008636024, "beta_rec": 0.4338833762117006, "cue_position": 9.0}, "datetime": {"datetime": "2020-06-20 03:29:34", "elapsed": 4909.219271, "delta": 29.262625}}
{"target": 9.629166666666666, "params": {"gamma_fc": 0.354952851149572, "beta_enc": 0.36437807036823044, "gamma_cf": 0.8891310891074828, "beta_rec": 0.7744101333360395, "cue_position": 9.0}, "datetime": {"datetime": "2020-06-20 03:30:02", "elapsed": 4937.026911, "delta": 27.80764}}
{"target": 10.170833333333333, "params": {"gamma_fc": 0.5564069156709253, "beta_enc": 0.24551868018650747, "gamma_cf": 0.9507534280610023, "beta_rec": 0.9110192396569683, "cue_position": 9.0}, "datetime": {"datetime": "2020-06-20 03:30:30", "elapsed": 4965.416981, "delta": 28.39007}}
{"target": 7.891666666666667, "params": {"gamma_fc": 0.03109707545554785, "beta_enc": 0.3763632166870875, "gamma_cf": 0.5167063597676121, "beta_rec": 0.9950523223391111, "cue_position": 9.0}, "datetime": {"datetime": "2020-06-20 03:30:54", "elapsed": 4989.236388, "delta": 23.819407}}
{"target": 8.691666666666666, "params": {"gamma_fc": 0.8749025512123809, "beta_enc": 0.5711757391862334, "gamma_cf": 0.9809236757505815, "beta_rec": 0.18046850899511557, "cue_position": 9.0}, "datetime": {"datetime": "2020-06-20 03:31:20", "elapsed": 5015.092302, "delta": 25.855914}}
{"target": 9.558333333333334, "params": {"gamma_fc": 0.5285334901775651, "beta_enc": 0.45183624942087064, "gamma_cf": 0.4948430841825636, "beta_rec": 0.7084608700517172, "cue_position": 9.0}, "datetime": {"datetime": "2020-06-20 03:31:48", "elapsed": 5042.506774, "delta": 27.414472}}
{"target": 10.2625, "params": {"gamma_fc": 0.4770129944022632, "beta_enc": 0.1507843983721926, "gamma_cf": 0.7268937533445626, "beta_rec": 0.36939992561190627, "cue_position": 9.0}, "datetime": {"datetime": "2020-06-20 03:32:16", "elapsed": 5071.008676, "delta": 28.501902}}
{"target": 9.045833333333333, "params": {"gamma_fc": 0.26889202221264585, "beta_enc": 0.44887883670676554, "gamma_cf": 0.4090908319168599, "beta_rec": 0.8859979711653513, "cue_position": 9.0}, "datetime": {"datetime": "2020-06-20 03:32:43", "elapsed": 5097.484852, "delta": 26.476176}}
{"target": 9.941666666666666, "params": {"gamma_fc": 0.5035095098483965, "beta_enc": 0.07201203516976995, "gamma_cf": 0.29115394055242805, "beta_rec": 0.4181361337253158, "cue_position": 9.0}, "datetime": {"datetime": "2020-06-20 03:33:11", "elapsed": 5125.890442, "delta": 28.40559}}
{"target": 6.15, "params": {"gamma_fc": 0.777098229275783, "beta_enc": 0.9659330650197223, "gamma_cf": 0.49993237109919997, "beta_rec": 0.10938291419358459, "cue_position": 9.0}, "datetime": {"datetime": "2020-06-20 03:33:32", "elapsed": 5146.80706, "delta": 20.916618}}
{"target": 10.333333333333334, "params": {"gamma_fc": 0.1916757389098901, "beta_enc": 0.14360699787420927, "gamma_cf": 0.7969622519799001, "beta_rec": 0.08320263643587555, "cue_position": 9.0}, "datetime": {"datetime": "2020-06-20 03:34:00", "elapsed": 5175.331748, "delta": 28.524688}}
{"target": 7.775, "params": {"gamma_fc": 0.3986590599223787, "beta_enc": 0.767777192147274, "gamma_cf": 0.016715589077006432, "beta_rec": 0.2902979970618682, "cue_position": 9.0}, "datetime": {"datetime": "2020-06-20 03:34:24", "elapsed": 5198.931784, "delta": 23.600036}}
{"target": 6.454166666666667, "params": {"gamma_fc": 0.016575882900934147, "beta_enc": 0.38108149129345237, "gamma_cf": 0.15260398704227185, "beta_rec": 0.6593449361953647, "cue_position": 9.0}, "datetime": {"datetime": "2020-06-20 03:34:45", "elapsed": 5219.941271, "delta": 21.009487}}
{"target": 9.629166666666666, "params": {"gamma_fc": 0.5579119942437725, "beta_enc": 0.11379635644740682, "gamma_cf": 0.32102631416731586, "beta_rec": 0.6517892760100904, "cue_position": 9.0}, "datetime": {"datetime": "2020-06-20 03:35:12", "elapsed": 5247.093079, "delta": 27.151808}}
{"target": 6.366666666666666, "params": {"gamma_fc": 0.03972870668308481, "beta_enc": 0.9934604630998499, "gamma_cf": 0.9182585891320579, "beta_rec": 0.8344865140180296, "cue_position": 9.0}, "datetime": {"datetime": "2020-06-20 03:35:33", "elapsed": 5267.942292, "delta": 20.849213}}
{"target": 10.5125, "params": {"gamma_fc": 0.48956496114516856, "beta_enc": 0.07033344161552524, "gamma_cf": 0.9372520621284489, "beta_rec": 0.4740062899880546, "cue_position": 9.0}, "datetime": {"datetime": "2020-06-20 03:36:02", "elapsed": 5296.788156, "delta": 28.845864}}
{"target": 8.7875, "params": {"gamma_fc": 0.25358174937162836, "beta_enc": 0.5396491100933506, "gamma_cf": 0.8770343892703519, "beta_rec": 0.8952603657312208, "cue_position": 9.0}, "datetime": {"datetime": "2020-06-20 03:36:27", "elapsed": 5322.210358, "delta": 25.422202}}
{"target": 9.404166666666667, "params": {"gamma_fc": 0.6714291710812733, "beta_enc": 0.27380970415810857, "gamma_cf": 0.22012867402698122, "beta_rec": 0.32836139008759013, "cue_position": 9.0}, "datetime": {"datetime": "2020-06-20 03:36:54", "elapsed": 5348.930669, "delta": 26.720311}}
{"target": 9.441666666666666, "params": {"gamma_fc": 0.3860040110225955, "beta_enc": 0.1427932828030004, "gamma_cf": 0.23686870355699852, "beta_rec": 0.09410027449963942, "cue_position": 9.0}, "datetime": {"datetime": "2020-06-20 03:37:21", "elapsed": 5375.685082, "delta": 26.754413}}
{"target": 8.679166666666667, "params": {"gamma_fc": 0.9511356184186921, "beta_enc": 0.5715420927253323, "gamma_cf": 0.8741259355980283, "beta_rec": 0.52580196995147, "cue_position": 9.0}, "datetime": {"datetime": "2020-06-20 03:37:46", "elapsed": 5400.98995, "delta": 25.304868}}
{"target": 8.05, "params": {"gamma_fc": 0.5546673107876667, "beta_enc": 0.8125073041746718, "gamma_cf": 0.3394167240176095, "beta_rec": 0.2838018349468743, "cue_position": 9.0}, "datetime": {"datetime": "2020-06-20 03:38:10", "elapsed": 5425.08368, "delta": 24.09373}}
{"target": 7.145833333333333, "params": {"gamma_fc": 0.7744772660150796, "beta_enc": 0.9744034689130026, "gamma_cf": 0.3259672073089859, "beta_rec": 0.3117029177189814, "cue_position": 9.0}, "datetime": {"datetime": "2020-06-20 03:38:32", "elapsed": 5447.411501, "delta": 22.327821}}
{"target": 10.008333333333333, "params": {"gamma_fc": 0.46947902855992574, "beta_enc": 0.3258099666132048, "gamma_cf": 0.7626320954451107, "beta_rec": 0.889827341447375, "cue_position": 9.0}, "datetime": {"datetime": "2020-06-20 03:39:00", "elapsed": 5475.26241, "delta": 27.850909}}
{"target": 9.2125, "params": {"gamma_fc": 0.6938554113738997, "beta_enc": 0.21076450246870537, "gamma_cf": 0.03711266449399442, "beta_rec": 0.041475079576498874, "cue_position": 9.0}, "datetime": {"datetime": "2020-06-20 03:39:27", "elapsed": 5501.570892, "delta": 26.308482}}
{"target": 8.158333333333333, "params": {"gamma_fc": 0.03985992663545257, "beta_enc": 0.6703500319361684, "gamma_cf": 0.5360084947395637, "beta_rec": 0.430471782744975, "cue_position": 9.0}, "datetime": {"datetime": "2020-06-20 03:39:51", "elapsed": 5525.937625, "delta": 24.366733}}
{"target": 8.583333333333334, "params": {"gamma_fc": 0.6051167805003662, "beta_enc": 0.13479311796067905, "gamma_cf": 0.05231294643747675, "beta_rec": 0.19341639901491836, "cue_position": 9.0}, "datetime": {"datetime": "2020-06-20 03:40:16", "elapsed": 5551.060855, "delta": 25.12323}}
{"target": 8.875, "params": {"gamma_fc": 0.4540590560591513, "beta_enc": 0.5120610275239188, "gamma_cf": 0.8477004682374377, "beta_rec": 0.6174610120171561, "cue_position": 9.0}, "datetime": {"datetime": "2020-06-20 03:40:42", "elapsed": 5576.742856, "delta": 25.682001}}
{"target": 10.166666666666666, "params": {"gamma_fc": 0.9517756930338517, "beta_enc": 0.015403519791920894, "gamma_cf": 0.823003040648471, "beta_rec": 0.8730681484470995, "cue_position": 9.0}, "datetime": {"datetime": "2020-06-20 03:41:10", "elapsed": 5604.912877, "delta": 28.170021}}
{"target": 10.3875, "params": {"gamma_fc": 0.863829145501452, "beta_enc": 0.050912383516887205, "gamma_cf": 0.4216578860324509, "beta_rec": 0.23507186409101455, "cue_position": 9.0}, "datetime": {"datetime": "2020-06-20 03:41:38", "elapsed": 5633.456708, "delta": 28.543831}}
{"target": 9.933333333333334, "params": {"gamma_fc": 0.8414221567958434, "beta_enc": 0.0816239827150681, "gamma_cf": 0.7728856021671178, "beta_rec": 0.4731119528858785, "cue_position": 9.0}, "datetime": {"datetime": "2020-06-20 03:42:06", "elapsed": 5661.124373, "delta": 27.667665}}
{"target": 10.633333333333333, "params": {"gamma_fc": 0.9438926277837961, "beta_enc": 0.04329093818615859, "gamma_cf": 0.9524737816932592, "beta_rec": 0.48644074317039476, "cue_position": 9.0}, "datetime": {"datetime": "2020-06-20 03:42:35", "elapsed": 5690.146643, "delta": 29.02227}}
{"target": 8.4625, "params": {"gamma_fc": 0.4345949734085095, "beta_enc": 0.6139340023847009, "gamma_cf": 0.8978507176676818, "beta_rec": 0.9734873973251963, "cue_position": 9.0}, "datetime": {"datetime": "2020-06-20 03:43:01", "elapsed": 5715.642628, "delta": 25.495985}}
{"target": 9.416666666666666, "params": {"gamma_fc": 0.8704248568230661, "beta_enc": 0.23581463714751372, "gamma_cf": 0.06491158533912933, "beta_rec": 0.9408279632013994, "cue_position": 9.0}, "datetime": {"datetime": "2020-06-20 03:43:35", "elapsed": 5749.781545, "delta": 34.138917}}
{"target": 8.4625, "params": {"gamma_fc": 0.6004889552745444, "beta_enc": 0.7013802946333463, "gamma_cf": 0.2534390424997808, "beta_rec": 0.6049268729742817, "cue_position": 9.0}, "datetime": {"datetime": "2020-06-20 03:44:01", "elapsed": 5775.670453, "delta": 25.888908}}
{"target": 6.208333333333333, "params": {"gamma_fc": 0.6183458693278855, "beta_enc": 0.8146191812616553, "gamma_cf": 0.8424458099564136, "beta_rec": 0.05411366032399989, "cue_position": 9.0}, "datetime": {"datetime": "2020-06-20 03:44:29", "elapsed": 5804.055126, "delta": 28.384673}}
{"target": 8.791666666666666, "params": {"gamma_fc": 0.42166593484970927, "beta_enc": 0.531287810481058, "gamma_cf": 0.8726861649194619, "beta_rec": 0.2482907289970986, "cue_position": 9.0}, "datetime": {"datetime": "2020-06-20 03:45:23", "elapsed": 5857.674899, "delta": 53.619773}}
{"target": 10.329166666666667, "params": {"gamma_fc": 0.8817706230828073, "beta_enc": 0.0644302555796068, "gamma_cf": 0.8262275354923914, "beta_rec": 0.8969850695075825, "cue_position": 9.0}, "datetime": {"datetime": "2020-06-20 03:46:17", "elapsed": 5911.967742, "delta": 54.292843}}
{"target": 9.416666666666666, "params": {"gamma_fc": 0.8550417213473515, "beta_enc": 0.48675074481833813, "gamma_cf": 0.624821294185499, "beta_rec": 0.5984646931046363, "cue_position": 9.0}, "datetime": {"datetime": "2020-06-20 03:46:45", "elapsed": 5939.918808, "delta": 27.951066}}
{"target": 7.125, "params": {"gamma_fc": 0.22700116521465796, "beta_enc": 0.2821394484048606, "gamma_cf": 0.11510304096690338, "beta_rec": 0.8837555081806009, "cue_position": 9.0}, "datetime": {"datetime": "2020-06-20 03:47:08", "elapsed": 5963.245618, "delta": 23.32681}}
{"target": 9.120833333333334, "params": {"gamma_fc": 0.8448725182357391, "beta_enc": 0.5959823856130138, "gamma_cf": 0.16184771412383514, "beta_rec": 0.23944623690468037, "cue_position": 9.0}, "datetime": {"datetime": "2020-06-20 03:47:36", "elapsed": 5990.654833, "delta": 27.409215}}
{"target": 9.254166666666666, "params": {"gamma_fc": 0.5989852889734197, "beta_enc": 0.6021836538927108, "gamma_cf": 0.5956250981349497, "beta_rec": 0.9635670871883419, "cue_position": 9.0}, "datetime": {"datetime": "2020-06-20 03:48:03", "elapsed": 6018.327482, "delta": 27.672649}}
{"target": 7.8, "params": {"gamma_fc": 0.5346790571795887, "beta_enc": 0.6157042872039488, "gamma_cf": 0.9482094981876252, "beta_rec": 0.05917720718572239, "cue_position": 9.0}, "datetime": {"datetime": "2020-06-20 03:48:28", "elapsed": 6043.057698, "delta": 24.730216}}
{"target": 10.125, "params": {"gamma_fc": 0.9176063476443932, "beta_enc": 0.1925560209550684, "gamma_cf": 0.32825610365078084, "beta_rec": 0.7529259149799422, "cue_position": 9.0}, "datetime": {"datetime": "2020-06-20 03:48:57", "elapsed": 6072.421167, "delta": 29.363469}}
{"target": 8.625, "params": {"gamma_fc": 0.8794835234293169, "beta_enc": 0.5883673328938768, "gamma_cf": 0.822578152523871, "beta_rec": 0.8551902839041353, "cue_position": 9.0}, "datetime": {"datetime": "2020-06-20 03:49:31", "elapsed": 6106.206286, "delta": 33.785119}}
{"target": 9.779166666666667, "params": {"gamma_fc": 0.1267357091420086, "beta_enc": 0.3209863745244532, "gamma_cf": 0.44034708683123824, "beta_rec": 0.12295477155217849, "cue_position": 9.0}, "datetime": {"datetime": "2020-06-20 03:50:02", "elapsed": 6137.198553, "delta": 30.992267}}
{"target": 8.3875, "params": {"gamma_fc": 0.012096760015357866, "beta_enc": 0.5898236481098892, "gamma_cf": 0.7883011896679689, "beta_rec": 0.03606831456985993, "cue_position": 9.0}, "datetime": {"datetime": "2020-06-20 03:50:29", "elapsed": 6164.303123, "delta": 27.10457}}
{"target": 10.229166666666666, "params": {"gamma_fc": 0.29337627848605663, "beta_enc": 0.3033456717085691, "gamma_cf": 0.5820299763434618, "beta_rec": 0.021375961088070716, "cue_position": 9.0}, "datetime": {"datetime": "2020-06-20 03:51:00", "elapsed": 6195.054367, "delta": 30.751244}}
{"target": 6.7875, "params": {"gamma_fc": 0.2641376442105696, "beta_enc": 0.9289494618931157, "gamma_cf": 0.5878715062961865, "beta_rec": 0.5071194235482045, "cue_position": 9.0}, "datetime": {"datetime": "2020-06-20 03:51:24", "elapsed": 6218.518778, "delta": 23.464411}}
{"target": 10.033333333333333, "params": {"gamma_fc": 0.6958461339323264, "beta_enc": 0.3052882993474333, "gamma_cf": 0.5845472661166298, "beta_rec": 0.37165457672418245, "cue_position": 9.0}, "datetime": {"datetime": "2020-06-20 03:51:54", "elapsed": 6248.704659, "delta": 30.185881}}
{"target": 10.408333333333333, "params": {"gamma_fc": 0.7516404040812905, "beta_enc": 0.07194722016400112, "gamma_cf": 0.8061631629534083, "beta_rec": 0.9710833196254638, "cue_position": 9.0}, "datetime": {"datetime": "2020-06-20 03:52:25", "elapsed": 6279.646058, "delta": 30.941399}}
{"target": 9.929166666666667, "params": {"gamma_fc": 0.4487372588243219, "beta_enc": 0.0800609772712173, "gamma_cf": 0.6724726505249299, "beta_rec": 0.48169628302117706, "cue_position": 9.0}, "datetime": {"datetime": "2020-06-20 03:52:55", "elapsed": 6309.64611, "delta": 30.000052}}
{"target": 8.029166666666667, "params": {"gamma_fc": 0.15098073327964578, "beta_enc": 0.7043133983839096, "gamma_cf": 0.6186007425615364, "beta_rec": 0.6816453376026229, "cue_position": 9.0}, "datetime": {"datetime": "2020-06-20 03:53:21", "elapsed": 6335.683597, "delta": 26.037487}}
{"target": 6.9375, "params": {"gamma_fc": 0.17667889307234141, "beta_enc": 0.760802456305756, "gamma_cf": 0.23376869260410593, "beta_rec": 0.781045822193957, "cue_position": 9.0}, "datetime": {"datetime": "2020-06-20 03:53:44", "elapsed": 6359.437866, "delta": 23.754269}}
{"target": 9.8625, "params": {"gamma_fc": 0.7600017523497489, "beta_enc": 0.3910991231067624, "gamma_cf": 0.6135258996684316, "beta_rec": 0.3205646539951602, "cue_position": 9.0}, "datetime": {"datetime": "2020-06-20 03:54:14", "elapsed": 6389.29606, "delta": 29.858194}}
{"target": 9.183333333333334, "params": {"gamma_fc": 0.19384776750950716, "beta_enc": 0.4276650996969642, "gamma_cf": 0.3734071317371953, "beta_rec": 0.09944056291558923, "cue_position": 9.0}, "datetime": {"datetime": "2020-06-20 03:54:43", "elapsed": 6417.774669, "delta": 28.478609}}
{"target": 7.4125, "params": {"gamma_fc": 0.08817368124218106, "beta_enc": 0.8207464986229382, "gamma_cf": 0.4911099613042962, "beta_rec": 0.5996360084237168, "cue_position": 9.0}, "datetime": {"datetime": "2020-06-20 03:55:06", "elapsed": 6441.212236, "delta": 23.437567}}
