{"target": 10.0, "params": {"gamma_cf": 0.2080974099989472, "cue_position": 16.0, "beta_rec": 0.6455644082734328, "gamma_fc": 0.7454983307481646, "beta_enc": 0.8577386145114406}, "datetime": {"delta": 0.36707, "datetime": "2020-06-14 13:02:28", "elapsed": 168.362108}}
{"target": 10.875, "params": {"gamma_cf": 0.1374435496242309, "cue_position": 16.0, "beta_rec": 0.48447006094850675, "gamma_fc": 0.9643727973861176, "beta_enc": 0.40340662833417285}, "datetime": {"delta": 0.388238, "datetime": "2020-06-14 13:02:29", "elapsed": 168.750346}}
{"target": 10.5, "params": {"gamma_cf": 0.8065850822605141, "cue_position": 16.0, "beta_rec": 0.09944025725488481, "gamma_fc": 0.4558728073695024, "beta_enc": 0.04262968179657989}, "datetime": {"delta": 0.378006, "datetime": "2020-06-14 13:02:29", "elapsed": 169.128352}}
{"target": 9.75, "params": {"gamma_cf": 0.5208483405537891, "cue_position": 16.0, "beta_rec": 0.17432113751983724, "gamma_fc": 0.7402936352802216, "beta_enc": 0.6532511422613194}, "datetime": {"delta": 0.366725, "datetime": "2020-06-14 13:02:29", "elapsed": 169.495077}}
{"target": 8.875, "params": {"gamma_cf": 0.2490900884519328, "cue_position": 16.0, "beta_rec": 0.8696140851211128, "gamma_fc": 0.23490222080210488, "beta_enc": 0.46247446521502844}, "datetime": {"delta": 0.346769, "datetime": "2020-06-14 13:02:30", "elapsed": 169.841846}}
{"target": 10.0, "params": {"gamma_cf": 0.8619059993188329, "cue_position": 16.0, "beta_rec": 0.7566160562962172, "gamma_fc": 0.26161079268292176, "beta_enc": 0.3740467168670696}, "datetime": {"delta": 0.376416, "datetime": "2020-06-14 13:02:30", "elapsed": 170.218262}}
{"target": 7.75, "params": {"gamma_cf": 0.3892749454089657, "cue_position": 16.0, "beta_rec": 0.6115440994503215, "gamma_fc": 0.10142077688127671, "beta_enc": 0.4122789279785698}, "datetime": {"delta": 0.330012, "datetime": "2020-06-14 13:02:30", "elapsed": 170.548274}}
{"target": 6.875, "params": {"gamma_cf": 0.8634484403326346, "cue_position": 16.0, "beta_rec": 0.08813516392543386, "gamma_fc": 0.7084507915153727, "beta_enc": 0.7122448043972556}, "datetime": {"delta": 0.311667, "datetime": "2020-06-14 13:02:31", "elapsed": 170.859941}}
{"target": 9.125, "params": {"gamma_cf": 0.7974959842933487, "cue_position": 16.0, "beta_rec": 0.6991465654129165, "gamma_fc": 0.7864170822798477, "beta_enc": 0.4864245738076861}, "datetime": {"delta": 0.358835, "datetime": "2020-06-14 13:02:31", "elapsed": 171.218776}}
{"target": 9.375, "params": {"gamma_cf": 0.3641702986535258, "cue_position": 16.0, "beta_rec": 0.3178175503505978, "gamma_fc": 0.5666455566878987, "beta_enc": 0.15552858387362167}, "datetime": {"delta": 0.366291, "datetime": "2020-06-14 13:02:32", "elapsed": 171.585067}}
{"target": 9.625, "params": {"gamma_cf": 0.4164625561731081, "cue_position": 16.0, "beta_rec": 0.6599697189638991, "gamma_fc": 0.4508926565007, "beta_enc": 0.041687442520287776}, "datetime": {"delta": 0.368557, "datetime": "2020-06-14 13:02:32", "elapsed": 171.953624}}
{"target": 9.125, "params": {"gamma_cf": 0.0681300573940744, "cue_position": 16.0, "beta_rec": 0.38328031012801256, "gamma_fc": 0.5512566489358516, "beta_enc": 0.3487267695476459}, "datetime": {"delta": 0.35507, "datetime": "2020-06-14 13:02:32", "elapsed": 172.308694}}
{"target": 8.375, "params": {"gamma_cf": 0.2863771315373824, "cue_position": 16.0, "beta_rec": 0.1454997892217088, "gamma_fc": 0.8307513669044257, "beta_enc": 0.5958669456166511}, "datetime": {"delta": 0.340746, "datetime": "2020-06-14 13:02:33", "elapsed": 172.64944}}
{"target": 9.125, "params": {"gamma_cf": 0.3434200931086723, "cue_position": 16.0, "beta_rec": 0.5521388075534814, "gamma_fc": 0.3506171893069536, "beta_enc": 0.15342094116241234}, "datetime": {"delta": 0.356101, "datetime": "2020-06-14 13:02:33", "elapsed": 173.005541}}
{"target": 10.75, "params": {"gamma_cf": 0.34436270435198885, "cue_position": 16.0, "beta_rec": 0.4251757440700215, "gamma_fc": 0.768635331240523, "beta_enc": 0.017071780020615396}, "datetime": {"delta": 21.55332, "datetime": "2020-06-14 13:02:55", "elapsed": 194.558861}}
{"target": 10.0, "params": {"gamma_cf": 0.3362544178619336, "cue_position": 16.0, "beta_rec": 0.39463397588215243, "gamma_fc": 0.801175896220924, "beta_enc": 0.02410927786580103}, "datetime": {"delta": 23.179497, "datetime": "2020-06-14 13:03:18", "elapsed": 217.738358}}
{"target": 11.375, "params": {"gamma_cf": 0.6579969173856526, "cue_position": 16.0, "beta_rec": 0.6958623439184217, "gamma_fc": 0.7566030855756378, "beta_enc": 0.13299028864412268}, "datetime": {"delta": 24.587186, "datetime": "2020-06-14 13:03:42", "elapsed": 242.325544}}
{"target": 9.125, "params": {"gamma_cf": 0.3459852967662662, "cue_position": 16.0, "beta_rec": 0.42359680840750935, "gamma_fc": 0.7941027293280976, "beta_enc": 0.02432920006996131}, "datetime": {"delta": 24.044426, "datetime": "2020-06-14 13:04:06", "elapsed": 266.36997}}
{"target": 8.375, "params": {"gamma_cf": 0.3194121919069318, "cue_position": 16.0, "beta_rec": 0.6580832665660744, "gamma_fc": 0.5576822922906389, "beta_enc": 0.12520803308063044}, "datetime": {"delta": 7.32483, "datetime": "2020-06-14 13:04:14", "elapsed": 273.6948}}
{"target": 9.375, "params": {"gamma_cf": 0.4957840946591723, "cue_position": 16.0, "beta_rec": 0.316162395696136, "gamma_fc": 0.8195622275742229, "beta_enc": 0.16389293856963438}, "datetime": {"delta": 7.260228, "datetime": "2020-06-14 13:04:21", "elapsed": 280.955028}}
{"target": 10.375, "params": {"gamma_cf": 0.3404664093135814, "cue_position": 16.0, "beta_rec": 0.03128495037646395, "gamma_fc": 0.3682351025217767, "beta_enc": 0.018748802837080136}, "datetime": {"delta": 8.019865, "datetime": "2020-06-14 13:04:29", "elapsed": 288.974893}}
{"target": 10.0, "params": {"gamma_cf": 0.49446425635862223, "cue_position": 16.0, "beta_rec": 0.04335476572219188, "gamma_fc": 0.05391133670260173, "beta_enc": 0.2175017601726078}, "datetime": {"delta": 7.020531, "datetime": "2020-06-14 13:04:36", "elapsed": 295.995424}}
{"target": 9.125, "params": {"gamma_cf": 0.5971261342657733, "cue_position": 16.0, "beta_rec": 0.5719940464139986, "gamma_fc": 0.6945275597575372, "beta_enc": 0.060790636490949845}, "datetime": {"delta": 6.946537, "datetime": "2020-06-14 13:04:43", "elapsed": 302.941961}}
{"target": 9.375, "params": {"gamma_cf": 0.567947331618417, "cue_position": 16.0, "beta_rec": 0.022833075523745916, "gamma_fc": 0.2920931724592638, "beta_enc": 0.2984343273727299}, "datetime": {"delta": 6.886653, "datetime": "2020-06-14 13:04:50", "elapsed": 309.828614}}
{"target": 9.5, "params": {"gamma_cf": 0.5641320722165122, "cue_position": 16.0, "beta_rec": 0.49921261249061977, "gamma_fc": 0.6626585354237995, "beta_enc": 0.26964255441902774}, "datetime": {"delta": 6.92986, "datetime": "2020-06-14 13:04:57", "elapsed": 316.758474}}
{"target": 10.0, "params": {"gamma_cf": 0.24384707273733586, "cue_position": 16.0, "beta_rec": 0.19516881255467922, "gamma_fc": 0.6915531518567412, "beta_enc": 0.5168874180570115}, "datetime": {"delta": 6.884883, "datetime": "2020-06-14 13:05:04", "elapsed": 323.643357}}
{"target": 8.75, "params": {"gamma_cf": 0.532327355102097, "cue_position": 16.0, "beta_rec": 0.40974649988399503, "gamma_fc": 0.6901110551860622, "beta_enc": 0.10388460690089896}, "datetime": {"delta": 7.628535, "datetime": "2020-06-14 13:05:11", "elapsed": 331.271892}}
{"target": 8.125, "params": {"gamma_cf": 0.4881450749795133, "cue_position": 16.0, "beta_rec": 0.9709872665884096, "gamma_fc": 0.9662198346367563, "beta_enc": 0.5029475789222139}, "datetime": {"delta": 7.016022, "datetime": "2020-06-14 13:05:18", "elapsed": 338.287914}}
{"target": 9.625, "params": {"gamma_cf": 0.6877950457535419, "cue_position": 16.0, "beta_rec": 0.5597820097191275, "gamma_fc": 0.6917163686224163, "beta_enc": 0.4481635089857712}, "datetime": {"delta": 7.12959, "datetime": "2020-06-14 13:05:25", "elapsed": 345.417504}}
{"target": 10.5, "params": {"gamma_cf": 0.39169394317030815, "cue_position": 16.0, "beta_rec": 0.5562161915311727, "gamma_fc": 0.6921806441265643, "beta_enc": 0.345764074832235}, "datetime": {"delta": 7.336942, "datetime": "2020-06-14 13:05:33", "elapsed": 352.754446}}
{"target": 9.375, "params": {"gamma_cf": 0.4202042087219874, "cue_position": 16.0, "beta_rec": 0.42302013465138866, "gamma_fc": 0.7999441685389052, "beta_enc": 0.07143218210413205}, "datetime": {"delta": 7.256175, "datetime": "2020-06-14 13:05:40", "elapsed": 360.010621}}
{"target": 10.0, "params": {"gamma_cf": 0.34312780942975896, "cue_position": 16.0, "beta_rec": 0.4173779563698706, "gamma_fc": 0.7788621827895433, "beta_enc": 0.014029833153664989}, "datetime": {"delta": 7.711924, "datetime": "2020-06-14 13:05:48", "elapsed": 367.722545}}
{"target": 7.5, "params": {"gamma_cf": 0.7788742655611145, "cue_position": 16.0, "beta_rec": 0.5554333436668062, "gamma_fc": 0.1486959556385533, "beta_enc": 0.67301301513665}, "datetime": {"delta": 10.788168, "datetime": "2020-06-14 13:05:58", "elapsed": 378.510713}}
{"target": 10.0, "params": {"gamma_cf": 0.6221586444754871, "cue_position": 16.0, "beta_rec": 0.5909830006774004, "gamma_fc": 0.8551221612443097, "beta_enc": 0.48204890089749375}, "datetime": {"delta": 11.03804, "datetime": "2020-06-14 13:06:10", "elapsed": 389.548753}}
{"target": 8.625, "params": {"gamma_cf": 0.6963938224464425, "cue_position": 16.0, "beta_rec": 0.8590641243386342, "gamma_fc": 0.4545327139697727, "beta_enc": 0.3359237504134728}, "datetime": {"delta": 10.982841, "datetime": "2020-06-14 13:06:20", "elapsed": 400.531594}}
{"target": 10.625, "params": {"gamma_cf": 0.9735406774622855, "cue_position": 16.0, "beta_rec": 0.9768949434286753, "gamma_fc": 0.605403683887315, "beta_enc": 0.009501929394088782}, "datetime": {"delta": 10.899661, "datetime": "2020-06-14 13:06:31", "elapsed": 411.431255}}
{"target": 8.875, "params": {"gamma_cf": 0.2743479687469792, "cue_position": 16.0, "beta_rec": 0.6419294448677813, "gamma_fc": 0.5883524515628489, "beta_enc": 0.2737841848318886}, "datetime": {"delta": 11.015483, "datetime": "2020-06-14 13:06:42", "elapsed": 422.446738}}
{"target": 10.25, "params": {"gamma_cf": 0.55411507754319, "cue_position": 16.0, "beta_rec": 0.043339925622228215, "gamma_fc": 0.5761555566461797, "beta_enc": 0.2814436672992606}, "datetime": {"delta": 11.213093, "datetime": "2020-06-14 13:06:54", "elapsed": 433.659831}}
{"target": 10.5, "params": {"gamma_cf": 0.4819586006115585, "cue_position": 16.0, "beta_rec": 0.4180935542539842, "gamma_fc": 0.46941330999683983, "beta_enc": 0.25896724236343605}, "datetime": {"delta": 10.983293, "datetime": "2020-06-14 13:07:05", "elapsed": 444.643124}}
{"target": 9.5, "params": {"gamma_cf": 0.5118826907698407, "cue_position": 16.0, "beta_rec": 0.9622936055030239, "gamma_fc": 0.3423296886002474, "beta_enc": 0.5275079740937039}, "datetime": {"delta": 11.226608, "datetime": "2020-06-14 13:07:16", "elapsed": 455.869732}}
{"target": 10.5, "params": {"gamma_cf": 0.02945275671651537, "cue_position": 16.0, "beta_rec": 0.6295298903242234, "gamma_fc": 0.9072062670348237, "beta_enc": 0.2258278680405259}, "datetime": {"delta": 11.357525, "datetime": "2020-06-14 13:07:27", "elapsed": 467.227257}}
{"target": 10.75, "params": {"gamma_cf": 0.861366540956377, "cue_position": 16.0, "beta_rec": 0.8107238809542158, "gamma_fc": 0.7440726478641719, "beta_enc": 0.2283687176696706}, "datetime": {"delta": 11.123424, "datetime": "2020-06-14 13:07:38", "elapsed": 478.350681}}
{"target": 9.25, "params": {"gamma_cf": 0.23106232344464117, "cue_position": 16.0, "beta_rec": 0.2489509522690716, "gamma_fc": 0.42460023832768035, "beta_enc": 0.6876209208329581}, "datetime": {"delta": 11.236699, "datetime": "2020-06-14 13:07:50", "elapsed": 489.58738}}
{"target": 8.875, "params": {"gamma_cf": 0.27525450267833595, "cue_position": 16.0, "beta_rec": 0.804944695801156, "gamma_fc": 0.3141288467483274, "beta_enc": 0.2825821397671817}, "datetime": {"delta": 11.389126, "datetime": "2020-06-14 13:08:01", "elapsed": 500.976506}}
{"target": 11.875, "params": {"gamma_cf": 0.026909851530103057, "cue_position": 16.0, "beta_rec": 0.8587010846640684, "gamma_fc": 0.7994135804437553, "beta_enc": 0.9014147649637483}, "datetime": {"delta": 11.181269, "datetime": "2020-06-14 13:08:12", "elapsed": 512.157775}}
{"target": 11.5, "params": {"gamma_cf": 0.5467337391653178, "cue_position": 16.0, "beta_rec": 0.1389978552781309, "gamma_fc": 0.973591737414812, "beta_enc": 0.29821892143595496}, "datetime": {"delta": 11.464885, "datetime": "2020-06-14 13:08:24", "elapsed": 523.62266}}
{"target": 10.75, "params": {"gamma_cf": 0.9833759334441448, "cue_position": 16.0, "beta_rec": 0.36952477607041867, "gamma_fc": 0.18358550994838962, "beta_enc": 0.06878933501528284}, "datetime": {"delta": 11.496167, "datetime": "2020-06-14 13:08:35", "elapsed": 535.118827}}
{"target": 10.0, "params": {"gamma_cf": 0.3267755085060553, "cue_position": 16.0, "beta_rec": 0.8663328097830509, "gamma_fc": 0.6809805236398417, "beta_enc": 0.3017217006355396}, "datetime": {"delta": 11.23614, "datetime": "2020-06-14 13:08:46", "elapsed": 546.354967}}
{"target": 8.25, "params": {"gamma_cf": 0.14998281741909358, "cue_position": 16.0, "beta_rec": 0.9524026688667743, "gamma_fc": 0.6347814143465472, "beta_enc": 0.9888838330541853}, "datetime": {"delta": 11.259869, "datetime": "2020-06-14 13:08:58", "elapsed": 557.614836}}
{"target": 10.0, "params": {"gamma_cf": 0.6510080071856342, "cue_position": 16.0, "beta_rec": 0.8583997705602753, "gamma_fc": 0.6702613375824421, "beta_enc": 0.4858918838197105}, "datetime": {"delta": 11.555816, "datetime": "2020-06-14 13:09:09", "elapsed": 569.170652}}
{"target": 10.0, "params": {"gamma_cf": 0.49783111478902276, "cue_position": 16.0, "beta_rec": 0.9265764915838456, "gamma_fc": 0.2611085666144455, "beta_enc": 0.27665465817044466}, "datetime": {"delta": 11.560562, "datetime": "2020-06-14 13:09:21", "elapsed": 580.731214}}
{"target": 11.75, "params": {"gamma_cf": 0.0258305054316037, "cue_position": 16.0, "beta_rec": 0.8607517022174287, "gamma_fc": 0.7992670012756776, "beta_enc": 0.8990050889186638}, "datetime": {"delta": 11.354388, "datetime": "2020-06-14 13:09:32", "elapsed": 592.085602}}
{"target": 8.5, "params": {"gamma_cf": 0.4988936093056717, "cue_position": 16.0, "beta_rec": 0.47979391477845246, "gamma_fc": 0.35604279492143165, "beta_enc": 0.7070044299553279}, "datetime": {"delta": 11.231291, "datetime": "2020-06-14 13:09:43", "elapsed": 603.316893}}
{"target": 9.125, "params": {"gamma_cf": 0.645005962433056, "cue_position": 16.0, "beta_rec": 0.8023853775712982, "gamma_fc": 0.2123140832870778, "beta_enc": 0.13131639927880812}, "datetime": {"delta": 11.587362, "datetime": "2020-06-14 13:09:55", "elapsed": 614.904255}}
{"target": 9.25, "params": {"gamma_cf": 0.4856734092638747, "cue_position": 16.0, "beta_rec": 0.9559170656491279, "gamma_fc": 0.9702562883281128, "beta_enc": 0.49181827623032115}, "datetime": {"delta": 11.668042, "datetime": "2020-06-14 13:10:07", "elapsed": 626.572297}}
{"target": 9.625, "params": {"gamma_cf": 0.094554247461348, "cue_position": 16.0, "beta_rec": 0.6217277677625617, "gamma_fc": 0.5173499869642219, "beta_enc": 0.417825590060413}, "datetime": {"delta": 11.374257, "datetime": "2020-06-14 13:10:18", "elapsed": 637.946554}}
{"target": 9.875, "params": {"gamma_cf": 0.18080897384789263, "cue_position": 16.0, "beta_rec": 0.23512644013859862, "gamma_fc": 0.8490009215375003, "beta_enc": 0.4969053386058657}, "datetime": {"delta": 11.448497, "datetime": "2020-06-14 13:10:29", "elapsed": 649.395051}}
{"target": 9.375, "params": {"gamma_cf": 0.17046627491831234, "cue_position": 16.0, "beta_rec": 0.12083970068314343, "gamma_fc": 0.12992519484812315, "beta_enc": 0.09272032692427046}, "datetime": {"delta": 11.684197, "datetime": "2020-06-14 13:10:41", "elapsed": 661.079248}}
{"target": 8.625, "params": {"gamma_cf": 0.25724989080614635, "cue_position": 16.0, "beta_rec": 0.6103367825139246, "gamma_fc": 0.6056079320370796, "beta_enc": 0.6955102000458501}, "datetime": {"delta": 11.697495, "datetime": "2020-06-14 13:10:53", "elapsed": 672.776743}}
{"target": 10.25, "params": {"gamma_cf": 0.4006376321423918, "cue_position": 16.0, "beta_rec": 0.1794838027732205, "gamma_fc": 0.5339967329903077, "beta_enc": 0.08537349507069003}, "datetime": {"delta": 11.482036, "datetime": "2020-06-14 13:11:04", "elapsed": 684.258779}}
{"target": 7.375, "params": {"gamma_cf": 0.43585083106471656, "cue_position": 16.0, "beta_rec": 0.6335830429484136, "gamma_fc": 0.07064137671949555, "beta_enc": 0.14190778555388506}, "datetime": {"delta": 11.46065, "datetime": "2020-06-14 13:11:16", "elapsed": 695.719429}}
{"target": 10.625, "params": {"gamma_cf": 0.6848481321949558, "cue_position": 16.0, "beta_rec": 0.12042572384414985, "gamma_fc": 0.8675528985739307, "beta_enc": 0.29013767417107195}, "datetime": {"delta": 11.844977, "datetime": "2020-06-14 13:11:28", "elapsed": 707.564406}}
{"target": 9.25, "params": {"gamma_cf": 0.23095015675222508, "cue_position": 16.0, "beta_rec": 0.3478568626693822, "gamma_fc": 0.6674348457580533, "beta_enc": 0.5695850870589256}, "datetime": {"delta": 11.842444, "datetime": "2020-06-14 13:11:39", "elapsed": 719.40685}}
{"target": 9.125, "params": {"gamma_cf": 0.5764496084582535, "cue_position": 16.0, "beta_rec": 0.9595226864397354, "gamma_fc": 0.40854001707067455, "beta_enc": 0.1155711357939968}, "datetime": {"delta": 11.544329, "datetime": "2020-06-14 13:11:51", "elapsed": 730.951179}}
{"target": 7.625, "params": {"gamma_cf": 0.9329478132036663, "cue_position": 16.0, "beta_rec": 0.4129678091016966, "gamma_fc": 0.14447190084785677, "beta_enc": 0.6332959471035324}, "datetime": {"delta": 11.582603, "datetime": "2020-06-14 13:12:02", "elapsed": 742.533782}}
{"target": 10.625, "params": {"gamma_cf": 0.8225003247405385, "cue_position": 16.0, "beta_rec": 0.8471995190695774, "gamma_fc": 0.6208852797410296, "beta_enc": 0.34325994639290347}, "datetime": {"delta": 11.891074, "datetime": "2020-06-14 13:12:14", "elapsed": 754.424856}}
{"target": 9.5, "params": {"gamma_cf": 0.2063005179187365, "cue_position": 16.0, "beta_rec": 0.38593177371898735, "gamma_fc": 0.53075264854728, "beta_enc": 0.6279779719538027}, "datetime": {"delta": 11.874094, "datetime": "2020-06-14 13:12:26", "elapsed": 766.29895}}
{"target": 8.125, "params": {"gamma_cf": 0.22050056468813262, "cue_position": 16.0, "beta_rec": 0.2548575875111354, "gamma_fc": 0.42355297323660257, "beta_enc": 0.6894960710262937}, "datetime": {"delta": 11.612064, "datetime": "2020-06-14 13:12:38", "elapsed": 777.911014}}
{"target": 11.5, "params": {"gamma_cf": 0.8478047048264766, "cue_position": 16.0, "beta_rec": 0.4241242494774573, "gamma_fc": 0.9912422199926706, "beta_enc": 0.23100216285047415}, "datetime": {"delta": 11.767725, "datetime": "2020-06-14 13:12:50", "elapsed": 789.678739}}
{"target": 9.75, "params": {"gamma_cf": 0.6517343728898045, "cue_position": 16.0, "beta_rec": 0.7329719440448703, "gamma_fc": 0.7525524804252661, "beta_enc": 0.14670104191798838}, "datetime": {"delta": 12.053814, "datetime": "2020-06-14 13:13:02", "elapsed": 801.732553}}
{"target": 8.25, "params": {"gamma_cf": 0.29463838462944114, "cue_position": 16.0, "beta_rec": 0.32148572789588103, "gamma_fc": 0.355602592838829, "beta_enc": 0.005004721429230807}, "datetime": {"delta": 12.116824, "datetime": "2020-06-14 13:13:14", "elapsed": 813.849377}}
{"target": 9.0, "params": {"gamma_cf": 0.4905982298245378, "cue_position": 16.0, "beta_rec": 0.035830997718664714, "gamma_fc": 0.04798564672158023, "beta_enc": 0.2141665581514164}, "datetime": {"delta": 11.827575, "datetime": "2020-06-14 13:13:26", "elapsed": 825.676952}}
{"target": 7.625, "params": {"gamma_cf": 0.6255267158663187, "cue_position": 16.0, "beta_rec": 0.3472269061259421, "gamma_fc": 0.8512285066942186, "beta_enc": 0.6661457841604354}, "datetime": {"delta": 11.863701, "datetime": "2020-06-14 13:13:37", "elapsed": 837.540653}}
{"target": 10.625, "params": {"gamma_cf": 0.48319632905077503, "cue_position": 16.0, "beta_rec": 0.7387171546657005, "gamma_fc": 0.7996734566978394, "beta_enc": 0.361852962719614}, "datetime": {"delta": 12.187616, "datetime": "2020-06-14 13:13:50", "elapsed": 849.728269}}
{"target": 8.875, "params": {"gamma_cf": 0.4080309615406307, "cue_position": 16.0, "beta_rec": 0.3287458712599982, "gamma_fc": 0.2427123817025515, "beta_enc": 0.17247985377035902}, "datetime": {"delta": 12.144013, "datetime": "2020-06-14 13:14:02", "elapsed": 861.872282}}
{"target": 7.875, "params": {"gamma_cf": 0.4152796908634311, "cue_position": 16.0, "beta_rec": 0.4318143790897696, "gamma_fc": 0.10456205185218481, "beta_enc": 0.37612825424608765}, "datetime": {"delta": 11.921939, "datetime": "2020-06-14 13:14:14", "elapsed": 873.794221}}
{"target": 7.25, "params": {"gamma_cf": 0.8563472178475171, "cue_position": 16.0, "beta_rec": 0.9567143294900359, "gamma_fc": 0.09301709617421505, "beta_enc": 0.8727996344579371}, "datetime": {"delta": 11.905203, "datetime": "2020-06-14 13:14:26", "elapsed": 885.699424}}
{"target": 10.125, "params": {"gamma_cf": 0.6457481298194092, "cue_position": 16.0, "beta_rec": 0.8673127879757027, "gamma_fc": 0.6697179203751447, "beta_enc": 0.48380356293365623}, "datetime": {"delta": 12.319654, "datetime": "2020-06-14 13:14:38", "elapsed": 898.019078}}
{"target": 10.125, "params": {"gamma_cf": 0.8035510478228834, "cue_position": 16.0, "beta_rec": 0.772361200725503, "gamma_fc": 0.5197528895524836, "beta_enc": 0.2970951769495671}, "datetime": {"delta": 12.336568, "datetime": "2020-06-14 13:14:50", "elapsed": 910.355646}}
{"target": 8.875, "params": {"gamma_cf": 0.41175740277740525, "cue_position": 16.0, "beta_rec": 0.41349872805915033, "gamma_fc": 0.05256698752247224, "beta_enc": 0.09551441881975009}, "datetime": {"delta": 12.039769, "datetime": "2020-06-14 13:15:02", "elapsed": 922.395415}}
