{"target": 7.552000000000001, "params": {"beta_enc": 0.11450642696185355, "gamma_fc": 0.35223961095373196, "cue_position": 4.0, "beta_rec": 0.8067942208107584}, "datetime": {"delta": 51.015093, "elapsed": 14224.030213, "datetime": "2020-10-03 21:05:04"}}
{"target": 7.574, "params": {"beta_enc": 0.15276239642655878, "gamma_fc": 0.3942880743304523, "cue_position": 4.0, "beta_rec": 0.06156434551810695}, "datetime": {"delta": 50.73383, "elapsed": 14274.764043, "datetime": "2020-10-03 21:05:55"}}
{"target": 7.509777777777778, "params": {"beta_enc": 0.16458583907200935, "gamma_fc": 0.413847275140334, "cue_position": 4.0, "beta_rec": 0.11353928806028522}, "datetime": {"delta": 50.455689, "elapsed": 14325.219732, "datetime": "2020-10-03 21:06:45"}}
{"target": 7.523333333333333, "params": {"beta_enc": 0.12290229807772161, "gamma_fc": 0.5582325722021725, "cue_position": 4.0, "beta_rec": 0.169381778593427}, "datetime": {"delta": 50.467399, "elapsed": 14375.687131, "datetime": "2020-10-03 21:07:36"}}
{"target": 7.5391111111111115, "params": {"beta_enc": 0.1745857390023532, "gamma_fc": 0.35843034265124124, "cue_position": 4.0, "beta_rec": 0.053558859428995846}, "datetime": {"delta": 51.187286, "elapsed": 14426.874417, "datetime": "2020-10-03 21:08:27"}}
{"target": 7.510888888888888, "params": {"beta_enc": 0.21928745495867735, "gamma_fc": 0.3166849649319408, "cue_position": 4.0, "beta_rec": 0.2237634411753651}, "datetime": {"delta": 50.231936, "elapsed": 14477.106353, "datetime": "2020-10-03 21:09:17"}}
{"target": 7.508666666666666, "params": {"beta_enc": 0.14393629070642108, "gamma_fc": 0.3069773569680686, "cue_position": 4.0, "beta_rec": 0.8327114502902325}, "datetime": {"delta": 51.00226, "elapsed": 14528.108613, "datetime": "2020-10-03 21:10:08"}}
{"target": 7.550888888888889, "params": {"beta_enc": 0.08464744499017199, "gamma_fc": 0.5499588573089007, "cue_position": 4.0, "beta_rec": 0.8669681364022717}, "datetime": {"delta": 50.690677, "elapsed": 14578.79929, "datetime": "2020-10-03 21:10:59"}}
{"target": 7.558222222222222, "params": {"beta_enc": 0.16103291601061068, "gamma_fc": 0.6429926487233918, "cue_position": 4.0, "beta_rec": 0.8499395728201036}, "datetime": {"delta": 51.042097, "elapsed": 14629.841387, "datetime": "2020-10-03 21:11:50"}}
{"target": 7.550888888888889, "params": {"beta_enc": 0.0, "gamma_fc": 0.13957206033597053, "cue_position": 4.0, "beta_rec": 0.9049527698661474}, "datetime": {"delta": 50.794725, "elapsed": 14680.636112, "datetime": "2020-10-03 21:12:41"}}
{"target": 7.508, "params": {"beta_enc": 0.09704723347277092, "gamma_fc": 0.7919524993021337, "cue_position": 4.0, "beta_rec": 0.5494480967766981}, "datetime": {"delta": 51.070205, "elapsed": 14731.706317, "datetime": "2020-10-03 21:13:32"}}
{"target": 7.540444444444445, "params": {"beta_enc": 0.04076343194448111, "gamma_fc": 0.7298610423880693, "cue_position": 4.0, "beta_rec": 0.8779254997747127}, "datetime": {"delta": 50.896613, "elapsed": 14782.60293, "datetime": "2020-10-03 21:14:23"}}
{"target": 7.540888888888889, "params": {"beta_enc": 0.16111913165816738, "gamma_fc": 0.7027473370165691, "cue_position": 4.0, "beta_rec": 0.842227701283142}, "datetime": {"delta": 50.924254, "elapsed": 14833.527184, "datetime": "2020-10-03 21:15:14"}}
{"target": 7.546666666666667, "params": {"beta_enc": 0.13533055979679492, "gamma_fc": 0.3328913450663121, "cue_position": 4.0, "beta_rec": 0.4595955196121218}, "datetime": {"delta": 51.097806, "elapsed": 14884.62499, "datetime": "2020-10-03 21:16:05"}}
{"target": 7.553111111111112, "params": {"beta_enc": 0.07232872225533057, "gamma_fc": 0.5491461360693112, "cue_position": 4.0, "beta_rec": 0.5716798180033458}, "datetime": {"delta": 51.063564, "elapsed": 14935.688554, "datetime": "2020-10-03 21:16:56"}}
{"target": 7.548666666666667, "params": {"beta_enc": 0.05024910982446973, "gamma_fc": 0.22713515894214875, "cue_position": 4.0, "beta_rec": 0.056369071638053325}, "datetime": {"delta": 50.324119, "elapsed": 14986.012673, "datetime": "2020-10-03 21:17:46"}}
{"target": 7.55, "params": {"beta_enc": 0.1225041427302765, "gamma_fc": 0.6572622805991749, "cue_position": 4.0, "beta_rec": 0.8827941450784635}, "datetime": {"delta": 51.082434, "elapsed": 15037.095107, "datetime": "2020-10-03 21:18:37"}}
{"target": 7.539333333333333, "params": {"beta_enc": 0.10954489408589212, "gamma_fc": 0.6604029234597067, "cue_position": 4.0, "beta_rec": 0.8242799437804542}, "datetime": {"delta": 51.471955, "elapsed": 15088.567062, "datetime": "2020-10-03 21:19:29"}}
{"target": 7.5231111111111115, "params": {"beta_enc": 0.0942442198126924, "gamma_fc": 0.5933002082102916, "cue_position": 4.0, "beta_rec": 0.8933565506905857}, "datetime": {"delta": 51.080735, "elapsed": 15139.647797, "datetime": "2020-10-03 21:20:20"}}
{"target": 7.524000000000001, "params": {"beta_enc": 0.09228896186023108, "gamma_fc": 0.5136675235702053, "cue_position": 4.0, "beta_rec": 0.5419985354421265}, "datetime": {"delta": 51.138357, "elapsed": 15190.786154, "datetime": "2020-10-03 21:21:11"}}
{"target": 7.574888888888888, "params": {"beta_enc": 0.1544168859267164, "gamma_fc": 0.1407760875982258, "cue_position": 4.0, "beta_rec": 0.3244907773666487}, "datetime": {"delta": 51.379792, "elapsed": 15242.165946, "datetime": "2020-10-03 21:22:02"}}
{"target": 7.5166666666666675, "params": {"beta_enc": 0.119560115855951, "gamma_fc": 0.11685497475470796, "cue_position": 4.0, "beta_rec": 0.3162602225143193}, "datetime": {"delta": 50.999751, "elapsed": 15293.165697, "datetime": "2020-10-03 21:22:53"}}
{"target": 7.509555555555556, "params": {"beta_enc": 0.19764886658634342, "gamma_fc": 0.1226803312174148, "cue_position": 4.0, "beta_rec": 0.28149862413476956}, "datetime": {"delta": 50.806606, "elapsed": 15343.972303, "datetime": "2020-10-03 21:23:44"}}
{"target": 7.515777777777778, "params": {"beta_enc": 0.14509324149716418, "gamma_fc": 0.3204450230651072, "cue_position": 4.0, "beta_rec": 0.2200573395562986}, "datetime": {"delta": 50.570861, "elapsed": 15394.543164, "datetime": "2020-10-03 21:24:35"}}
{"target": 7.527555555555554, "params": {"beta_enc": 0.1813655778193918, "gamma_fc": 0.2818985524911234, "cue_position": 4.0, "beta_rec": 0.26843094811612833}, "datetime": {"delta": 50.815711, "elapsed": 15445.358875, "datetime": "2020-10-03 21:25:26"}}
{"target": 7.514, "params": {"beta_enc": 0.0633990343801857, "gamma_fc": 0.14415327249610282, "cue_position": 4.0, "beta_rec": 0.18776484778440927}, "datetime": {"delta": 50.178882, "elapsed": 15495.537757, "datetime": "2020-10-03 21:26:16"}}
{"target": 7.501555555555555, "params": {"beta_enc": 0.13178769495306147, "gamma_fc": 0.7758672607231016, "cue_position": 4.0, "beta_rec": 0.44807861894486833}, "datetime": {"delta": 51.207101, "elapsed": 15546.744858, "datetime": "2020-10-03 21:27:07"}}
{"target": 7.542888888888889, "params": {"beta_enc": 0.08964931284004551, "gamma_fc": 0.682958622741383, "cue_position": 4.0, "beta_rec": 0.47729325438098563}, "datetime": {"delta": 50.471549, "elapsed": 15597.216407, "datetime": "2020-10-03 21:27:57"}}
{"target": 7.562, "params": {"beta_enc": 0.06023079948727769, "gamma_fc": 0.742475090178305, "cue_position": 4.0, "beta_rec": 0.5331414183269361}, "datetime": {"delta": 51.367984, "elapsed": 15648.584391, "datetime": "2020-10-03 21:28:49"}}
{"target": 7.572, "params": {"beta_enc": 0.08413993555024045, "gamma_fc": 0.637026168587056, "cue_position": 4.0, "beta_rec": 0.5553968426184445}, "datetime": {"delta": 50.093601, "elapsed": 15698.677992, "datetime": "2020-10-03 21:29:39"}}
{"target": 7.5666666666666655, "params": {"beta_enc": 0.07226659486351393, "gamma_fc": 0.6328712617568442, "cue_position": 4.0, "beta_rec": 0.4985683273206108}, "datetime": {"delta": 51.212331, "elapsed": 15749.890323, "datetime": "2020-10-03 21:30:30"}}
{"target": 7.537333333333334, "params": {"beta_enc": 0.04643074549293122, "gamma_fc": 0.75708813524553, "cue_position": 4.0, "beta_rec": 0.5908259775150377}, "datetime": {"delta": 51.10941, "elapsed": 15800.999733, "datetime": "2020-10-03 21:31:21"}}
{"target": 7.549333333333334, "params": {"beta_enc": 0.09864473376367443, "gamma_fc": 0.6951444728650312, "cue_position": 4.0, "beta_rec": 0.5496582929920294}, "datetime": {"delta": 52.093638, "elapsed": 15853.093371, "datetime": "2020-10-03 21:32:13"}}
{"target": 7.518222222222223, "params": {"beta_enc": 0.05333327390242455, "gamma_fc": 0.6753420838877005, "cue_position": 4.0, "beta_rec": 0.5382189456760844}, "datetime": {"delta": 51.324429, "elapsed": 15904.4178, "datetime": "2020-10-03 21:33:05"}}
{"target": 7.526000000000001, "params": {"beta_enc": 0.10592798348930754, "gamma_fc": 0.6655034027774362, "cue_position": 4.0, "beta_rec": 0.6228859899911631}, "datetime": {"delta": 51.381821, "elapsed": 15955.799621, "datetime": "2020-10-03 21:33:56"}}
{"target": 7.5586666666666655, "params": {"beta_enc": 0.11824546780714427, "gamma_fc": 0.6053027005987548, "cue_position": 4.0, "beta_rec": 0.5899408343744235}, "datetime": {"delta": 51.697294, "elapsed": 16007.496915, "datetime": "2020-10-03 21:34:48"}}
{"target": 7.525333333333333, "params": {"beta_enc": 0.1179611446578623, "gamma_fc": 0.6299724622167479, "cue_position": 4.0, "beta_rec": 0.49887432096432743}, "datetime": {"delta": 51.602278, "elapsed": 16059.099193, "datetime": "2020-10-03 21:35:39"}}
{"target": 7.520444444444445, "params": {"beta_enc": 0.14995756387513, "gamma_fc": 0.18589758040837792, "cue_position": 4.0, "beta_rec": 0.3748741763850201}, "datetime": {"delta": 51.32024, "elapsed": 16110.419433, "datetime": "2020-10-03 21:36:31"}}
{"target": 7.570666666666666, "params": {"beta_enc": 0.09365181980143368, "gamma_fc": 0.37106576320568246, "cue_position": 4.0, "beta_rec": 0.4582602799025474}, "datetime": {"delta": 51.963395, "elapsed": 16162.382828, "datetime": "2020-10-03 21:37:23"}}
