{"target": 7.574222222222223, "params": {"beta_enc": 0.10364288312014273, "primacy": 0.4, "gamma_fc": 0.3705863392693432, "beta_rec": 0.3517534299096736}, "datetime": {"elapsed": 9910.434634, "delta": 51.456848, "datetime": "2020-11-23 17:24:13"}}
{"target": 7.552000000000001, "params": {"beta_enc": 0.13399381794708493, "primacy": 0.4, "gamma_fc": 0.587732641141395, "beta_rec": 0.5748781607669607}, "datetime": {"elapsed": 9961.474867, "delta": 51.040233, "datetime": "2020-11-23 17:25:04"}}
{"target": 7.558222222222223, "params": {"beta_enc": 0.09866052559210747, "primacy": 0.4, "gamma_fc": 0.746924856569385, "beta_rec": 0.5475853194416888}, "datetime": {"elapsed": 10013.08006, "delta": 51.605193, "datetime": "2020-11-23 17:25:56"}}
{"target": 7.532222222222222, "params": {"beta_enc": 0.00528275393144496, "primacy": 0.4, "gamma_fc": 0.12368017237156086, "beta_rec": 0.2191994604407392}, "datetime": {"elapsed": 10064.738385, "delta": 51.658325, "datetime": "2020-11-23 17:26:48"}}
{"target": 7.544666666666666, "params": {"beta_enc": 0.1276490226936256, "primacy": 0.4, "gamma_fc": 0.41836772589515603, "beta_rec": 0.2860608424123926}, "datetime": {"elapsed": 10116.226024, "delta": 51.487639, "datetime": "2020-11-23 17:27:39"}}
{"target": 7.524444444444444, "params": {"beta_enc": 0.11394016980911367, "primacy": 0.4, "gamma_fc": 0.4323854954707193, "beta_rec": 0.40640463359295326}, "datetime": {"elapsed": 10167.809912, "delta": 51.583888, "datetime": "2020-11-23 17:28:31"}}
{"target": 7.5280000000000005, "params": {"beta_enc": 0.07255927112187764, "primacy": 0.4, "gamma_fc": 0.2793060815755258, "beta_rec": 0.37774413141567015}, "datetime": {"elapsed": 10218.952797, "delta": 51.142885, "datetime": "2020-11-23 17:29:22"}}
{"target": 7.520666666666666, "params": {"beta_enc": 0.03897014007065138, "primacy": 0.4, "gamma_fc": 0.6026126967034194, "beta_rec": 0.36414467772106346}, "datetime": {"elapsed": 10271.448119, "delta": 52.495322, "datetime": "2020-11-23 17:30:14"}}
{"target": 7.554, "params": {"beta_enc": 0.17486312200997714, "primacy": 0.4, "gamma_fc": 0.5219133365532621, "beta_rec": 0.3663495128089797}, "datetime": {"elapsed": 10323.028728, "delta": 51.580609, "datetime": "2020-11-23 17:31:06"}}
{"target": 7.5215555555555556, "params": {"beta_enc": 0.20286505515645087, "primacy": 0.4, "gamma_fc": 0.8615537725989486, "beta_rec": 0.3190032054300823}, "datetime": {"elapsed": 10375.460139, "delta": 52.431411, "datetime": "2020-11-23 17:31:58"}}
{"target": 7.520888888888888, "params": {"beta_enc": 0.08185400778576174, "primacy": 0.4, "gamma_fc": 0.33682510670193394, "beta_rec": 0.12033425479372134}, "datetime": {"elapsed": 10429.071556, "delta": 53.611417, "datetime": "2020-11-23 17:32:52"}}
{"target": 7.524444444444444, "params": {"beta_enc": 0.07408780613224708, "primacy": 0.4, "gamma_fc": 1.0, "beta_rec": 0.01828493144073406}, "datetime": {"elapsed": 10482.195106, "delta": 53.12355, "datetime": "2020-11-23 17:33:45"}}
{"target": 7.50688888888889, "params": {"beta_enc": 0.15451216236677637, "primacy": 0.4, "gamma_fc": 0.5569050460842656, "beta_rec": 0.144257908727147}, "datetime": {"elapsed": 10534.156157, "delta": 51.961051, "datetime": "2020-11-23 17:34:37"}}
{"target": 7.526666666666668, "params": {"beta_enc": 0.07345327031055841, "primacy": 0.4, "gamma_fc": 0.8488522337680142, "beta_rec": 0.6399908884564037}, "datetime": {"elapsed": 10586.54042, "delta": 52.384263, "datetime": "2020-11-23 17:35:29"}}
{"target": 7.572, "params": {"beta_enc": 0.11179979053697622, "primacy": 0.4, "gamma_fc": 0.4746357200901229, "beta_rec": 0.5938237956890686}, "datetime": {"elapsed": 10638.730572, "delta": 52.190152, "datetime": "2020-11-23 17:36:22"}}
{"target": 7.518888888888888, "params": {"beta_enc": 0.043358908880149406, "primacy": 0.4, "gamma_fc": 0.9494043355935056, "beta_rec": 0.3230120628185208}, "datetime": {"elapsed": 10691.217376, "delta": 52.486804, "datetime": "2020-11-23 17:37:14"}}
{"target": 7.563777777777777, "params": {"beta_enc": 0.07050862484388823, "primacy": 0.4, "gamma_fc": 0.22576980906748187, "beta_rec": 0.5848069241130274}, "datetime": {"elapsed": 10742.954558, "delta": 51.737182, "datetime": "2020-11-23 17:38:06"}}
{"target": 7.49888888888889, "params": {"beta_enc": 0.05604485876681539, "primacy": 0.4, "gamma_fc": 0.5353491499277264, "beta_rec": 0.5938566337806676}, "datetime": {"elapsed": 10794.779666, "delta": 51.825108, "datetime": "2020-11-23 17:38:58"}}
{"target": 7.564444444444445, "params": {"beta_enc": 0.09155059162255419, "primacy": 0.4, "gamma_fc": 1.0, "beta_rec": 0.6647782224509057}, "datetime": {"elapsed": 10846.065576, "delta": 51.28591, "datetime": "2020-11-23 17:39:49"}}
{"target": 7.536444444444444, "params": {"beta_enc": 0.03866030362783193, "primacy": 0.4, "gamma_fc": 0.0, "beta_rec": 0.20629893641027533}, "datetime": {"elapsed": 10898.014375, "delta": 51.948799, "datetime": "2020-11-23 17:40:41"}}
{"target": 7.552222222222222, "params": {"beta_enc": 0.0, "primacy": 0.4, "gamma_fc": 1.0, "beta_rec": 0.7737407755253398}, "datetime": {"elapsed": 10950.184626, "delta": 52.170251, "datetime": "2020-11-23 17:41:33"}}
{"target": 7.537111111111111, "params": {"beta_enc": 0.17320188384458252, "primacy": 0.4, "gamma_fc": 0.8409584553162771, "beta_rec": 0.19461465310687917}, "datetime": {"elapsed": 11002.505128, "delta": 52.320502, "datetime": "2020-11-23 17:42:25"}}
{"target": 7.517555555555556, "params": {"beta_enc": 0.09251078437497602, "primacy": 0.4, "gamma_fc": 0.7849448920801132, "beta_rec": 0.3258707440820442}, "datetime": {"elapsed": 11054.942473, "delta": 52.437345, "datetime": "2020-11-23 17:43:18"}}
{"target": 7.554666666666667, "params": {"beta_enc": 0.0, "primacy": 0.4, "gamma_fc": 0.7168154588208868, "beta_rec": 0.4466389427449506}, "datetime": {"elapsed": 11108.292737, "delta": 53.350264, "datetime": "2020-11-23 17:44:11"}}
{"target": 7.529777777777778, "params": {"beta_enc": 0.08245886797426537, "primacy": 0.4, "gamma_fc": 1.0, "beta_rec": 0.5199444155624602}, "datetime": {"elapsed": 11160.504283, "delta": 52.211546, "datetime": "2020-11-23 17:45:03"}}
{"target": 7.569333333333333, "params": {"beta_enc": 0.010970504707195067, "primacy": 0.4, "gamma_fc": 0.3448638843238528, "beta_rec": 0.29989491432452653}, "datetime": {"elapsed": 11211.518122, "delta": 51.013839, "datetime": "2020-11-23 17:45:54"}}
{"target": 7.5424444444444445, "params": {"beta_enc": 0.0, "primacy": 0.4, "gamma_fc": 0.3012686527969699, "beta_rec": 0.19154308041472376}, "datetime": {"elapsed": 11263.598479, "delta": 52.080357, "datetime": "2020-11-23 17:46:47"}}
{"target": 7.509777777777776, "params": {"beta_enc": 0.0, "primacy": 0.4, "gamma_fc": 0.020388215900455604, "beta_rec": 0.46062547929936604}, "datetime": {"elapsed": 11314.474502, "delta": 50.876023, "datetime": "2020-11-23 17:47:37"}}
{"target": 7.526000000000001, "params": {"beta_enc": 0.0, "primacy": 0.4, "gamma_fc": 0.0, "beta_rec": 0.09328329443070646}, "datetime": {"elapsed": 11365.933917, "delta": 51.459415, "datetime": "2020-11-23 17:48:29"}}
{"target": 7.549555555555555, "params": {"beta_enc": 0.0, "primacy": 0.4, "gamma_fc": 0.2099283958936556, "beta_rec": 0.5332572182632093}, "datetime": {"elapsed": 11418.079961, "delta": 52.146044, "datetime": "2020-11-23 17:49:21"}}
