{"target": 8.891666666666667, "params": {"cue_position": 8.0, "beta_rec": 0.798620308278031, "gamma_fc": 0.20492214578063384, "gamma_cf": 0.6465499357511519, "beta_enc": 0.13238149356273743}, "datetime": {"delta": 8.853104, "elapsed": 3213.320874, "datetime": "2020-06-21 18:59:38"}}
{"target": 8.2875, "params": {"cue_position": 8.0, "beta_rec": 0.41849681753917567, "gamma_fc": 0.4674598920453694, "gamma_cf": 0.477437955592217, "beta_enc": 0.2614207144058379}, "datetime": {"delta": 8.458366, "elapsed": 3221.77924, "datetime": "2020-06-21 18:59:47"}}
{"target": 6.904166666666667, "params": {"cue_position": 8.0, "beta_rec": 0.8701023653075677, "gamma_fc": 0.5710087619370731, "gamma_cf": 0.8778014186346996, "beta_enc": 0.8398407101976674}, "datetime": {"delta": 7.548442, "elapsed": 3229.327682, "datetime": "2020-06-21 18:59:54"}}
{"target": 7.475, "params": {"cue_position": 8.0, "beta_rec": 0.6065443482504677, "gamma_fc": 0.681204184117019, "gamma_cf": 0.31929773707461884, "beta_enc": 0.9640361333390818}, "datetime": {"delta": 7.944516, "elapsed": 3237.272198, "datetime": "2020-06-21 19:00:02"}}
{"target": 8.204166666666667, "params": {"cue_position": 8.0, "beta_rec": 0.13454642101194225, "gamma_fc": 0.1753325917713383, "gamma_cf": 0.6552012872247357, "beta_enc": 0.051965688505360985}, "datetime": {"delta": 8.412973, "elapsed": 3245.685171, "datetime": "2020-06-21 19:00:11"}}
{"target": 8.425, "params": {"cue_position": 8.0, "beta_rec": 0.04431165583310459, "gamma_fc": 0.5091394025163677, "gamma_cf": 0.9642243248492941, "beta_enc": 0.3411468232515472}, "datetime": {"delta": 8.572021, "elapsed": 3254.257192, "datetime": "2020-06-21 19:00:19"}}
{"target": 8.316666666666666, "params": {"cue_position": 8.0, "beta_rec": 0.5230085317344643, "gamma_fc": 0.39206586893038686, "gamma_cf": 0.865686014006334, "beta_enc": 0.15107451847143194}, "datetime": {"delta": 8.488027, "elapsed": 3262.745219, "datetime": "2020-06-21 19:00:28"}}
{"target": 7.4875, "params": {"cue_position": 8.0, "beta_rec": 0.7617298626927418, "gamma_fc": 0.08408635417992949, "gamma_cf": 0.2542323546573524, "beta_enc": 0.28386751597340265}, "datetime": {"delta": 7.926198, "elapsed": 3270.671417, "datetime": "2020-06-21 19:00:35"}}
{"target": 6.291666666666667, "params": {"cue_position": 8.0, "beta_rec": 0.44789891562027984, "gamma_fc": 0.7964888671311956, "gamma_cf": 0.7367109576935199, "beta_enc": 0.8641440947640269}, "datetime": {"delta": 7.144467, "elapsed": 3277.815884, "datetime": "2020-06-21 19:00:43"}}
{"target": 8.995833333333334, "params": {"cue_position": 8.0, "beta_rec": 0.18412755617579835, "gamma_fc": 0.9467282696079524, "gamma_cf": 0.030997959828255817, "beta_enc": 0.44750813899031383}, "datetime": {"delta": 8.966645, "elapsed": 3286.782529, "datetime": "2020-06-21 19:00:52"}}
{"target": 8.004166666666666, "params": {"cue_position": 8.0, "beta_rec": 0.875388738450687, "gamma_fc": 0.2961299234959044, "gamma_cf": 0.2516595841523237, "beta_enc": 0.5769778464775016}, "datetime": {"delta": 8.311752, "elapsed": 3295.094281, "datetime": "2020-06-21 19:01:00"}}
{"target": 8.85, "params": {"cue_position": 8.0, "beta_rec": 0.9620782128470935, "gamma_fc": 0.3437881034368444, "gamma_cf": 0.509898378143109, "beta_enc": 0.5329225590316532}, "datetime": {"delta": 8.921845, "elapsed": 3304.016126, "datetime": "2020-06-21 19:01:09"}}
{"target": 6.508333333333334, "params": {"cue_position": 8.0, "beta_rec": 0.802866486432424, "gamma_fc": 0.06708946032885532, "gamma_cf": 0.20412249999433585, "beta_enc": 0.7697253449571857}, "datetime": {"delta": 7.324768, "elapsed": 3311.340894, "datetime": "2020-06-21 19:01:16"}}
{"target": 8.841666666666667, "params": {"cue_position": 8.0, "beta_rec": 0.2724008501293822, "gamma_fc": 0.1282309388454863, "gamma_cf": 0.8730834972744356, "beta_enc": 0.1986482644205615}, "datetime": {"delta": 8.904325, "elapsed": 3320.245219, "datetime": "2020-06-21 19:01:25"}}
{"target": 5.070833333333334, "params": {"cue_position": 8.0, "beta_rec": 0.6831708438541465, "gamma_fc": 0.41610077261814205, "gamma_cf": 0.9828807859209906, "beta_enc": 0.958188741714896}, "datetime": {"delta": 6.342798, "elapsed": 3326.588017, "datetime": "2020-06-21 19:01:31"}}
{"target": 7.9875, "params": {"cue_position": 8.0, "beta_rec": 0.6792129501957186, "gamma_fc": 0.10538467273003926, "gamma_cf": 0.2991123446608356, "beta_enc": 0.5315834658959018}, "datetime": {"delta": 8.359234, "elapsed": 3334.947251, "datetime": "2020-06-21 19:01:40"}}
{"target": 8.629166666666666, "params": {"cue_position": 8.0, "beta_rec": 0.7688528482877579, "gamma_fc": 0.5171205319704266, "gamma_cf": 0.8013307032031926, "beta_enc": 0.28493214572214476}, "datetime": {"delta": 8.799198, "elapsed": 3343.746449, "datetime": "2020-06-21 19:01:49"}}
{"target": 9.145833333333334, "params": {"cue_position": 8.0, "beta_rec": 0.6279619269819027, "gamma_fc": 0.9033311768168756, "gamma_cf": 0.029528744942020957, "beta_enc": 0.23210002184633505}, "datetime": {"delta": 9.132516, "elapsed": 3352.878965, "datetime": "2020-06-21 19:01:58"}}
{"target": 10.183333333333334, "params": {"cue_position": 8.0, "beta_rec": 0.4261307804247122, "gamma_fc": 0.07251552804546335, "gamma_cf": 0.9484584043057936, "beta_enc": 0.4203695688027851}, "datetime": {"delta": 9.836741, "elapsed": 3362.715706, "datetime": "2020-06-21 19:02:08"}}
{"target": 7.870833333333334, "params": {"cue_position": 8.0, "beta_rec": 0.3223574891327107, "gamma_fc": 0.8244596107976835, "gamma_cf": 0.49549498136119297, "beta_enc": 0.17270108813227492}, "datetime": {"delta": 8.274034, "elapsed": 3370.98974, "datetime": "2020-06-21 19:02:16"}}
{"target": 8.0875, "params": {"cue_position": 8.0, "beta_rec": 0.5958299420587015, "gamma_fc": 0.743390512402039, "gamma_cf": 0.18649268827268528, "beta_enc": 0.8539724149421759}, "datetime": {"delta": 8.417761, "elapsed": 3379.407501, "datetime": "2020-06-21 19:02:24"}}
{"target": 7.9625, "params": {"cue_position": 8.0, "beta_rec": 0.5394908909265497, "gamma_fc": 0.17450118757274402, "gamma_cf": 0.22824910461538594, "beta_enc": 0.23721405764354764}, "datetime": {"delta": 8.339256, "elapsed": 3387.746757, "datetime": "2020-06-21 19:02:33"}}
{"target": 8.166666666666666, "params": {"cue_position": 8.0, "beta_rec": 0.14756883769994755, "gamma_fc": 0.2236450455273178, "gamma_cf": 0.10463591174495857, "beta_enc": 0.03973568657585125}, "datetime": {"delta": 8.468612, "elapsed": 3396.215369, "datetime": "2020-06-21 19:02:41"}}
{"target": 7.65, "params": {"cue_position": 8.0, "beta_rec": 0.6763566354512786, "gamma_fc": 0.13930117132372677, "gamma_cf": 0.4135917178017643, "beta_enc": 0.03275719974597713}, "datetime": {"delta": 8.105319, "elapsed": 3404.320688, "datetime": "2020-06-21 19:02:49"}}
{"target": 8.925, "params": {"cue_position": 8.0, "beta_rec": 0.4244374662396153, "gamma_fc": 0.10275656387416432, "gamma_cf": 0.4228418130386131, "beta_enc": 0.3772172876115065}, "datetime": {"delta": 8.999046, "elapsed": 3413.319734, "datetime": "2020-06-21 19:02:58"}}
{"target": 7.5375, "params": {"cue_position": 8.0, "beta_rec": 0.1372060034899114, "gamma_fc": 0.3010079430799063, "gamma_cf": 0.2719561124527795, "beta_enc": 0.772580266631544}, "datetime": {"delta": 8.036434, "elapsed": 3421.356168, "datetime": "2020-06-21 19:03:06"}}
{"target": 8.4375, "params": {"cue_position": 8.0, "beta_rec": 0.5177867238134145, "gamma_fc": 0.3395408687963035, "gamma_cf": 0.4691344398333771, "beta_enc": 0.6724207725864325}, "datetime": {"delta": 8.657867, "elapsed": 3430.014035, "datetime": "2020-06-21 19:03:15"}}
{"target": 8.154166666666667, "params": {"cue_position": 8.0, "beta_rec": 0.226095202432549, "gamma_fc": 0.5006195729230891, "gamma_cf": 0.5262296648916304, "beta_enc": 0.7044971982481261}, "datetime": {"delta": 8.444378, "elapsed": 3438.458413, "datetime": "2020-06-21 19:03:23"}}
{"target": 8.825, "params": {"cue_position": 8.0, "beta_rec": 0.18615566973666398, "gamma_fc": 0.13290623766182708, "gamma_cf": 0.9818244178252573, "beta_enc": 0.25368580688768017}, "datetime": {"delta": 8.916098, "elapsed": 3447.374511, "datetime": "2020-06-21 19:03:32"}}
{"target": 8.325, "params": {"cue_position": 8.0, "beta_rec": 0.800641174283456, "gamma_fc": 0.31464760677511183, "gamma_cf": 0.27875840869343704, "beta_enc": 0.28346243242805713}, "datetime": {"delta": 8.569326, "elapsed": 3455.943837, "datetime": "2020-06-21 19:03:41"}}
{"target": 7.454166666666667, "params": {"cue_position": 8.0, "beta_rec": 0.6027867622422961, "gamma_fc": 0.6811114704584097, "gamma_cf": 0.8573003334512307, "beta_enc": 0.41994825440192907}, "datetime": {"delta": 7.990155, "elapsed": 3463.933992, "datetime": "2020-06-21 19:03:49"}}
{"target": 8.441666666666666, "params": {"cue_position": 8.0, "beta_rec": 0.92572053533626, "gamma_fc": 0.3049656416420632, "gamma_cf": 0.3073814804278443, "beta_enc": 0.23698206447169834}, "datetime": {"delta": 8.641476, "elapsed": 3472.575468, "datetime": "2020-06-21 19:03:57"}}
{"target": 7.541666666666667, "params": {"cue_position": 8.0, "beta_rec": 0.1260784803971985, "gamma_fc": 0.8272003251393062, "gamma_cf": 0.2777127324734242, "beta_enc": 0.8811683184289046}, "datetime": {"delta": 8.044041, "elapsed": 3480.619509, "datetime": "2020-06-21 19:04:05"}}
{"target": 8.041666666666666, "params": {"cue_position": 8.0, "beta_rec": 0.733366094468834, "gamma_fc": 0.8035946264310272, "gamma_cf": 0.4814458975407394, "beta_enc": 0.3645234475558883}, "datetime": {"delta": 8.355904, "elapsed": 3488.975413, "datetime": "2020-06-21 19:04:14"}}
{"target": 9.008333333333333, "params": {"cue_position": 8.0, "beta_rec": 0.16157403985608987, "gamma_fc": 0.2801926353730937, "gamma_cf": 0.7533258058943924, "beta_enc": 0.39698821167237397}, "datetime": {"delta": 9.017899, "elapsed": 3497.993312, "datetime": "2020-06-21 19:04:23"}}
{"target": 8.091666666666667, "params": {"cue_position": 8.0, "beta_rec": 0.9004489123860653, "gamma_fc": 0.5909005994904067, "gamma_cf": 0.7071876097841823, "beta_enc": 0.45136186123240163}, "datetime": {"delta": 8.394758, "elapsed": 3506.38807, "datetime": "2020-06-21 19:04:31"}}
{"target": 7.9125, "params": {"cue_position": 8.0, "beta_rec": 0.907644646099839, "gamma_fc": 0.5614096837184815, "gamma_cf": 0.39722776623376177, "beta_enc": 0.8173822703971256}, "datetime": {"delta": 8.265228, "elapsed": 3514.653298, "datetime": "2020-06-21 19:04:39"}}
{"target": 8.058333333333334, "params": {"cue_position": 8.0, "beta_rec": 0.08747276218504352, "gamma_fc": 0.42351005310518297, "gamma_cf": 0.2796211794498489, "beta_enc": 0.7339231362848766}, "datetime": {"delta": 8.367301, "elapsed": 3523.020599, "datetime": "2020-06-21 19:04:48"}}
{"target": 7.708333333333333, "params": {"cue_position": 8.0, "beta_rec": 0.660015223526051, "gamma_fc": 0.5824398618892226, "gamma_cf": 0.6204682006051905, "beta_enc": 0.49797863267328835}, "datetime": {"delta": 8.122224, "elapsed": 3531.142823, "datetime": "2020-06-21 19:04:56"}}
{"target": 9.016666666666667, "params": {"cue_position": 8.0, "beta_rec": 0.004976364711265391, "gamma_fc": 0.1469781258549313, "gamma_cf": 0.3202066542862888, "beta_enc": 0.42833239803885637}, "datetime": {"delta": 9.031982, "elapsed": 3540.174805, "datetime": "2020-06-21 19:05:05"}}
{"target": 8.0125, "params": {"cue_position": 8.0, "beta_rec": 0.6114994766596024, "gamma_fc": 0.6532580520244544, "gamma_cf": 0.32084890160086454, "beta_enc": 0.5986638816064357}, "datetime": {"delta": 8.348976, "elapsed": 3548.523781, "datetime": "2020-06-21 19:05:13"}}
{"target": 8.175, "params": {"cue_position": 8.0, "beta_rec": 0.0058809814446282305, "gamma_fc": 0.6978416560498484, "gamma_cf": 0.4435038419039351, "beta_enc": 0.19028348267904371}, "datetime": {"delta": 8.456649, "elapsed": 3556.98043, "datetime": "2020-06-21 19:05:22"}}
{"target": 8.575, "params": {"cue_position": 8.0, "beta_rec": 0.06261980198391548, "gamma_fc": 0.10281836745431583, "gamma_cf": 0.695996510445494, "beta_enc": 0.185043349636976}, "datetime": {"delta": 8.737709, "elapsed": 3565.718139, "datetime": "2020-06-21 19:05:31"}}
{"target": 8.895833333333334, "params": {"cue_position": 8.0, "beta_rec": 0.4539526504065199, "gamma_fc": 0.1097350212856566, "gamma_cf": 0.750124248068985, "beta_enc": 0.19583423367499242}, "datetime": {"delta": 8.93402, "elapsed": 3574.652159, "datetime": "2020-06-21 19:05:39"}}
{"target": 8.208333333333334, "params": {"cue_position": 8.0, "beta_rec": 0.3873605221444808, "gamma_fc": 0.5279187975307311, "gamma_cf": 0.2035603776619016, "beta_enc": 0.6246236071556411}, "datetime": {"delta": 8.492149, "elapsed": 3583.144308, "datetime": "2020-06-21 19:05:48"}}
{"target": 8.3875, "params": {"cue_position": 8.0, "beta_rec": 0.018681005996375344, "gamma_fc": 0.6383433300033875, "gamma_cf": 0.18417777656089307, "beta_enc": 0.1721625549559327}, "datetime": {"delta": 8.603859, "elapsed": 3591.748167, "datetime": "2020-06-21 19:05:57"}}
{"target": 8.441666666666666, "params": {"cue_position": 8.0, "beta_rec": 0.7749453799977457, "gamma_fc": 0.5152146961620737, "gamma_cf": 0.9894521308362529, "beta_enc": 0.5365748193404329}, "datetime": {"delta": 8.64401, "elapsed": 3600.392177, "datetime": "2020-06-21 19:06:05"}}
{"target": 8.283333333333333, "params": {"cue_position": 8.0, "beta_rec": 0.7494424707521696, "gamma_fc": 0.48924478546014216, "gamma_cf": 0.3624653173000254, "beta_enc": 0.47882340118547173}, "datetime": {"delta": 8.556677, "elapsed": 3608.948854, "datetime": "2020-06-21 19:06:14"}}
{"target": 8.504166666666666, "params": {"cue_position": 8.0, "beta_rec": 0.39358341429686194, "gamma_fc": 0.2744741128035708, "gamma_cf": 0.46252906034220287, "beta_enc": 0.18913837493884977}, "datetime": {"delta": 8.689516, "elapsed": 3617.63837, "datetime": "2020-06-21 19:06:22"}}
{"target": 8.970833333333333, "params": {"cue_position": 8.0, "beta_rec": 0.029272121403112528, "gamma_fc": 0.5774906810135474, "gamma_cf": 0.2929978836283572, "beta_enc": 0.5267158603586157}, "datetime": {"delta": 8.98754, "elapsed": 3626.62591, "datetime": "2020-06-21 19:06:31"}}
{"target": 8.208333333333334, "params": {"cue_position": 8.0, "beta_rec": 0.44033782679643774, "gamma_fc": 0.9985990885864799, "gamma_cf": 0.23890995487021205, "beta_enc": 0.7327698532613667}, "datetime": {"delta": 8.520645, "elapsed": 3635.146555, "datetime": "2020-06-21 19:06:40"}}
{"target": 8.4875, "params": {"cue_position": 8.0, "beta_rec": 0.9408284143815248, "gamma_fc": 0.8211769648927358, "gamma_cf": 0.49756438460506747, "beta_enc": 0.24287852161976753}, "datetime": {"delta": 8.678083, "elapsed": 3643.824638, "datetime": "2020-06-21 19:06:49"}}
{"target": 7.0625, "params": {"cue_position": 8.0, "beta_rec": 0.705580412120669, "gamma_fc": 0.9199535770148588, "gamma_cf": 0.7541750254551594, "beta_enc": 0.7165880467947342}, "datetime": {"delta": 7.711217, "elapsed": 3651.535855, "datetime": "2020-06-21 19:06:56"}}
{"target": 8.333333333333334, "params": {"cue_position": 8.0, "beta_rec": 0.5279654841547008, "gamma_fc": 0.4672385663332459, "gamma_cf": 0.3907730736706927, "beta_enc": 0.4413517453158379}, "datetime": {"delta": 8.596788, "elapsed": 3660.132643, "datetime": "2020-06-21 19:07:05"}}
{"target": 6.495833333333334, "params": {"cue_position": 8.0, "beta_rec": 0.11055744025544123, "gamma_fc": 0.6065354305165435, "gamma_cf": 0.5454711685487195, "beta_enc": 0.8951377108035733}, "datetime": {"delta": 7.35622, "elapsed": 3667.488863, "datetime": "2020-06-21 19:07:12"}}
{"target": 8.458333333333334, "params": {"cue_position": 8.0, "beta_rec": 0.14674737976077956, "gamma_fc": 0.6691577977971368, "gamma_cf": 0.0048720479536060735, "beta_enc": 0.029782944129560285}, "datetime": {"delta": 8.678651, "elapsed": 3676.167514, "datetime": "2020-06-21 19:07:21"}}
{"target": 7.170833333333333, "params": {"cue_position": 8.0, "beta_rec": 0.5469683092712408, "gamma_fc": 0.30218150041580416, "gamma_cf": 0.6157259286130373, "beta_enc": 0.8702579489225982}, "datetime": {"delta": 7.774923, "elapsed": 3683.942437, "datetime": "2020-06-21 19:07:29"}}
{"target": 8.083333333333334, "params": {"cue_position": 8.0, "beta_rec": 0.5749397272777665, "gamma_fc": 0.32752405584828914, "gamma_cf": 0.2015966344081711, "beta_enc": 0.3667319816609417}, "datetime": {"delta": 8.469077, "elapsed": 3692.411514, "datetime": "2020-06-21 19:07:37"}}
{"target": 7.375, "params": {"cue_position": 8.0, "beta_rec": 0.3409202491323421, "gamma_fc": 0.1938648596595468, "gamma_cf": 0.15635692867625162, "beta_enc": 0.742921250389697}, "datetime": {"delta": 7.888275, "elapsed": 3700.299789, "datetime": "2020-06-21 19:07:45"}}
{"target": 9.083333333333334, "params": {"cue_position": 8.0, "beta_rec": 0.6351249610913382, "gamma_fc": 0.307160768485095, "gamma_cf": 0.9025365564222451, "beta_enc": 0.4951123625611782}, "datetime": {"delta": 9.029506, "elapsed": 3709.329295, "datetime": "2020-06-21 19:07:54"}}
{"target": 8.016666666666667, "params": {"cue_position": 8.0, "beta_rec": 0.2824280305589726, "gamma_fc": 0.41369073619910135, "gamma_cf": 0.2927265620931302, "beta_enc": 0.7533800731255857}, "datetime": {"delta": 8.310333, "elapsed": 3717.639628, "datetime": "2020-06-21 19:08:02"}}
{"target": 7.795833333333333, "params": {"cue_position": 8.0, "beta_rec": 0.31898600647018904, "gamma_fc": 0.5039830093987828, "gamma_cf": 0.9630182395955346, "beta_enc": 0.21471569566838056}, "datetime": {"delta": 8.163836, "elapsed": 3725.803464, "datetime": "2020-06-21 19:08:11"}}
{"target": 5.695833333333334, "params": {"cue_position": 8.0, "beta_rec": 0.7461601407734211, "gamma_fc": 0.6280230786069259, "gamma_cf": 0.7546222253081317, "beta_enc": 0.9231006825886638}, "datetime": {"delta": 6.73959, "elapsed": 3732.543054, "datetime": "2020-06-21 19:08:17"}}
{"target": 8.154166666666667, "params": {"cue_position": 8.0, "beta_rec": 0.5216593134132719, "gamma_fc": 0.012522836886473265, "gamma_cf": 0.30531353144830675, "beta_enc": 0.30375843415186865}, "datetime": {"delta": 8.483436, "elapsed": 3741.02649, "datetime": "2020-06-21 19:08:26"}}
{"target": 9.3125, "params": {"cue_position": 8.0, "beta_rec": 0.7967454755900841, "gamma_fc": 0.13280748458041103, "gamma_cf": 0.6253311549032551, "beta_enc": 0.26826282913593635}, "datetime": {"delta": 9.14386, "elapsed": 3750.17035, "datetime": "2020-06-21 19:08:35"}}
{"target": 7.041666666666667, "params": {"cue_position": 8.0, "beta_rec": 0.526905346047344, "gamma_fc": 0.9475415511018243, "gamma_cf": 0.8586117030700126, "beta_enc": 0.7575703592474212}, "datetime": {"delta": 7.616219, "elapsed": 3757.786569, "datetime": "2020-06-21 19:08:43"}}
{"target": 7.016666666666667, "params": {"cue_position": 8.0, "beta_rec": 0.8542582098426466, "gamma_fc": 0.8587907562669648, "gamma_cf": 0.7271011884036769, "beta_enc": 0.6545375346228315}, "datetime": {"delta": 7.615134, "elapsed": 3765.401703, "datetime": "2020-06-21 19:08:50"}}
{"target": 9.208333333333334, "params": {"cue_position": 8.0, "beta_rec": 0.9020760015248446, "gamma_fc": 0.8295737184581491, "gamma_cf": 0.0840212797987252, "beta_enc": 0.9230030407536653}, "datetime": {"delta": 9.077846, "elapsed": 3774.479549, "datetime": "2020-06-21 19:08:59"}}
{"target": 9.025, "params": {"cue_position": 8.0, "beta_rec": 0.542076154739123, "gamma_fc": 0.8779604187251567, "gamma_cf": 0.03198418437577388, "beta_enc": 0.5389315533076343}, "datetime": {"delta": 8.965931, "elapsed": 3783.44548, "datetime": "2020-06-21 19:09:08"}}
{"target": 8.145833333333334, "params": {"cue_position": 8.0, "beta_rec": 0.6931945583783881, "gamma_fc": 0.37408018773825613, "gamma_cf": 0.6417491808335967, "beta_enc": 0.03463400133772032}, "datetime": {"delta": 8.374327, "elapsed": 3791.819807, "datetime": "2020-06-21 19:09:17"}}
{"target": 7.8125, "params": {"cue_position": 8.0, "beta_rec": 0.5094085814387623, "gamma_fc": 0.6631488914643168, "gamma_cf": 0.5652896703655683, "beta_enc": 0.2754620266501041}, "datetime": {"delta": 8.143034, "elapsed": 3799.962841, "datetime": "2020-06-21 19:09:25"}}
{"target": 8.008333333333333, "params": {"cue_position": 8.0, "beta_rec": 0.9721390871214521, "gamma_fc": 0.6535310326636594, "gamma_cf": 0.3549025108507734, "beta_enc": 0.44137923095350085}, "datetime": {"delta": 8.27311, "elapsed": 3808.235951, "datetime": "2020-06-21 19:09:33"}}
{"target": 7.016666666666667, "params": {"cue_position": 8.0, "beta_rec": 0.884056212378686, "gamma_fc": 0.19127205174117012, "gamma_cf": 0.10806748517233733, "beta_enc": 0.5426164118717204}, "datetime": {"delta": 7.59708, "elapsed": 3815.833031, "datetime": "2020-06-21 19:09:41"}}
{"target": 7.9875, "params": {"cue_position": 8.0, "beta_rec": 0.8540597949343145, "gamma_fc": 0.6235518010455583, "gamma_cf": 0.6263588032086836, "beta_enc": 0.38704623260508586}, "datetime": {"delta": 8.249514, "elapsed": 3824.082545, "datetime": "2020-06-21 19:09:49"}}
{"target": 8.6375, "params": {"cue_position": 8.0, "beta_rec": 0.05033512965945175, "gamma_fc": 0.39845819654904013, "gamma_cf": 0.29572553442388116, "beta_enc": 0.4080471353479287}, "datetime": {"delta": 8.706173, "elapsed": 3832.788718, "datetime": "2020-06-21 19:09:58"}}
{"target": 9.5, "params": {"cue_position": 8.0, "beta_rec": 0.6636026316710936, "gamma_fc": 0.015421822343255842, "gamma_cf": 0.5498899204719812, "beta_enc": 0.37723956753050947}, "datetime": {"delta": 9.281071, "elapsed": 3842.069789, "datetime": "2020-06-21 19:10:07"}}
{"target": 7.995833333333334, "params": {"cue_position": 8.0, "beta_rec": 0.5984272223880148, "gamma_fc": 0.6968783264368051, "gamma_cf": 0.1467479307274827, "beta_enc": 0.9830389835394168}, "datetime": {"delta": 8.265285, "elapsed": 3850.335074, "datetime": "2020-06-21 19:10:15"}}
{"target": 7.966666666666667, "params": {"cue_position": 8.0, "beta_rec": 0.3181087523446168, "gamma_fc": 0.9572253423743934, "gamma_cf": 0.28749810204118764, "beta_enc": 0.9058084167065523}, "datetime": {"delta": 8.25792, "elapsed": 3858.592994, "datetime": "2020-06-21 19:10:23"}}
