{"target": 10.408333333333333, "params": {"cue_position": 0.0, "beta_enc": 0.10901876401906829, "gamma_cf": 1.0, "beta_rec": 0.6337867606119179, "gamma_fc": 0.7662113810757705}, "datetime": {"elapsed": 1268.189763, "datetime": "2020-08-12 14:28:58", "delta": 17.077282}}
{"target": 10.116666666666667, "params": {"cue_position": 0.0, "beta_enc": 0.3424541198435198, "gamma_cf": 1.0, "beta_rec": 0.8458514830276777, "gamma_fc": 0.6264961586242938}, "datetime": {"elapsed": 1284.947474, "datetime": "2020-08-12 14:29:14", "delta": 16.757711}}
{"target": 10.366666666666667, "params": {"cue_position": 0.0, "beta_enc": 0.1434230486702449, "gamma_cf": 1.0, "beta_rec": 0.07838689985494796, "gamma_fc": 0.4585838137084318}, "datetime": {"elapsed": 1302.028641, "datetime": "2020-08-12 14:29:31", "delta": 17.081167}}
{"target": 10.258333333333333, "params": {"cue_position": 0.0, "beta_enc": 0.11334192276759048, "gamma_cf": 1.0, "beta_rec": 0.027783348848669953, "gamma_fc": 0.7469384956075251}, "datetime": {"elapsed": 1318.962254, "datetime": "2020-08-12 14:29:48", "delta": 16.933613}}
{"target": 9.995833333333334, "params": {"cue_position": 0.0, "beta_enc": 0.45240482674645155, "gamma_cf": 1.0, "beta_rec": 0.4500867470007611, "gamma_fc": 0.8031633421141696}, "datetime": {"elapsed": 1335.621074, "datetime": "2020-08-12 14:30:05", "delta": 16.65882}}
{"target": 9.954166666666667, "params": {"cue_position": 0.0, "beta_enc": 0.40239251985773583, "gamma_cf": 1.0, "beta_rec": 0.904686160343623, "gamma_fc": 0.12564138113773882}, "datetime": {"elapsed": 1352.168907, "datetime": "2020-08-12 14:30:22", "delta": 16.547833}}
{"target": 5.816666666666666, "params": {"cue_position": 0.0, "beta_enc": 0.6185135669120855, "gamma_cf": 1.0, "beta_rec": 0.010364261335231939, "gamma_fc": 0.9511937854902045}, "datetime": {"elapsed": 1363.945301, "datetime": "2020-08-12 14:30:33", "delta": 11.776394}}
{"target": 10.829166666666667, "params": {"cue_position": 0.0, "beta_enc": 0.905402033702778, "gamma_cf": 1.0, "beta_rec": 0.7959669419422694, "gamma_fc": 0.15773006987053328}, "datetime": {"elapsed": 1381.485949, "datetime": "2020-08-12 14:30:51", "delta": 17.540648}}
{"target": 9.979166666666666, "params": {"cue_position": 0.0, "beta_enc": 0.187631672902434, "gamma_cf": 1.0, "beta_rec": 0.6224959022999211, "gamma_fc": 0.7111224587658159}, "datetime": {"elapsed": 1398.107371, "datetime": "2020-08-12 14:31:07", "delta": 16.621422}}
{"target": 12.433333333333334, "params": {"cue_position": 0.0, "beta_enc": 0.7318004091422953, "gamma_cf": 1.0, "beta_rec": 0.9092932045442544, "gamma_fc": 0.17343017078712286}, "datetime": {"elapsed": 1417.50606, "datetime": "2020-08-12 14:31:27", "delta": 19.398689}}
{"target": 10.445833333333333, "params": {"cue_position": 0.0, "beta_enc": 0.119457050333729, "gamma_cf": 1.0, "beta_rec": 0.8126105880328287, "gamma_fc": 0.8190891786335308}, "datetime": {"elapsed": 1434.655792, "datetime": "2020-08-12 14:31:44", "delta": 17.149732}}
{"target": 10.0625, "params": {"cue_position": 0.0, "beta_enc": 0.31058725179421, "gamma_cf": 1.0, "beta_rec": 0.9824174492929428, "gamma_fc": 0.31446701118584963}, "datetime": {"elapsed": 1451.385279, "datetime": "2020-08-12 14:32:01", "delta": 16.729487}}
{"target": 3.5083333333333333, "params": {"cue_position": 0.0, "beta_enc": 0.9107728311738374, "gamma_cf": 1.0, "beta_rec": 0.36655664385123443, "gamma_fc": 0.9388864773697133}, "datetime": {"elapsed": 1460.501375, "datetime": "2020-08-12 14:32:10", "delta": 9.116096}}
{"target": 10.3625, "params": {"cue_position": 0.0, "beta_enc": 0.030949006271150714, "gamma_cf": 1.0, "beta_rec": 0.7168786636316892, "gamma_fc": 0.5220512472525107}, "datetime": {"elapsed": 1477.593929, "datetime": "2020-08-12 14:32:27", "delta": 17.092554}}
{"target": 10.104166666666666, "params": {"cue_position": 0.0, "beta_enc": 0.3259898117700253, "gamma_cf": 1.0, "beta_rec": 0.8594893208655858, "gamma_fc": 0.45285349995153745}, "datetime": {"elapsed": 1494.389681, "datetime": "2020-08-12 14:32:44", "delta": 16.795752}}
{"target": 8.208333333333334, "params": {"cue_position": 0.0, "beta_enc": 0.6283090375213571, "gamma_cf": 1.0, "beta_rec": 0.2900968516874258, "gamma_fc": 0.3114442141324628}, "datetime": {"elapsed": 1508.97294, "datetime": "2020-08-12 14:32:58", "delta": 14.583259}}
{"target": 10.145833333333334, "params": {"cue_position": 0.0, "beta_enc": 0.5172675985011298, "gamma_cf": 1.0, "beta_rec": 0.9164058530538978, "gamma_fc": 0.37129376127905445}, "datetime": {"elapsed": 1525.774345, "datetime": "2020-08-12 14:33:15", "delta": 16.801405}}
{"target": 13.866666666666667, "params": {"cue_position": 0.0, "beta_enc": 0.9318611166365406, "gamma_cf": 1.0, "beta_rec": 0.9368683813090937, "gamma_fc": 0.22790028995131695}, "datetime": {"elapsed": 1546.7986, "datetime": "2020-08-12 14:33:36", "delta": 21.024255}}
{"target": 10.454166666666667, "params": {"cue_position": 0.0, "beta_enc": 0.08748220955359087, "gamma_cf": 1.0, "beta_rec": 0.22730973628468876, "gamma_fc": 0.6070941619724605}, "datetime": {"elapsed": 1563.981806, "datetime": "2020-08-12 14:33:53", "delta": 17.183206}}
{"target": 10.0625, "params": {"cue_position": 0.0, "beta_enc": 0.41358641500116133, "gamma_cf": 1.0, "beta_rec": 0.8163515118272141, "gamma_fc": 0.24035562484913886}, "datetime": {"elapsed": 1580.708733, "datetime": "2020-08-12 14:34:10", "delta": 16.726927}}
{"target": 8.479166666666666, "params": {"cue_position": 0.0, "beta_enc": 0.5742190888408597, "gamma_cf": 1.0, "beta_rec": 0.34898759722078887, "gamma_fc": 0.6641025553547935}, "datetime": {"elapsed": 1595.592061, "datetime": "2020-08-12 14:34:25", "delta": 14.883328}}
{"target": 9.291666666666666, "params": {"cue_position": 0.0, "beta_enc": 0.4972500933605313, "gamma_cf": 1.0, "beta_rec": 0.5190159840736788, "gamma_fc": 0.99675342520821}, "datetime": {"elapsed": 1611.40143, "datetime": "2020-08-12 14:34:41", "delta": 15.809369}}
{"target": 6.3625, "params": {"cue_position": 0.0, "beta_enc": 0.8168351087916219, "gamma_cf": 1.0, "beta_rec": 0.5943726238309778, "gamma_fc": 0.5956079336026455}, "datetime": {"elapsed": 1623.837795, "datetime": "2020-08-12 14:34:53", "delta": 12.436365}}
{"target": 10.333333333333334, "params": {"cue_position": 0.0, "beta_enc": 0.032426325314457105, "gamma_cf": 1.0, "beta_rec": 0.09357709581748075, "gamma_fc": 0.37543483316785775}, "datetime": {"elapsed": 1640.868572, "datetime": "2020-08-12 14:35:10", "delta": 17.030777}}
{"target": 1.9875, "params": {"cue_position": 0.0, "beta_enc": 0.9753500342702865, "gamma_cf": 1.0, "beta_rec": 0.1679832931996149, "gamma_fc": 0.8242378396244978}, "datetime": {"elapsed": 1648.201035, "datetime": "2020-08-12 14:35:18", "delta": 7.332463}}
{"target": 10.595833333333333, "params": {"cue_position": 0.0, "beta_enc": 0.6326158167779973, "gamma_cf": 1.0, "beta_rec": 0.668732770206732, "gamma_fc": 0.3530060855418248}, "datetime": {"elapsed": 1665.557767, "datetime": "2020-08-12 14:35:35", "delta": 17.356732}}
{"target": 10.479166666666666, "params": {"cue_position": 0.0, "beta_enc": 0.49207180149355845, "gamma_cf": 1.0, "beta_rec": 0.7300912110901043, "gamma_fc": 0.13766274094560316}, "datetime": {"elapsed": 1682.769688, "datetime": "2020-08-12 14:35:52", "delta": 17.211921}}
{"target": 10.4875, "params": {"cue_position": 0.0, "beta_enc": 0.01088873380347899, "gamma_cf": 1.0, "beta_rec": 0.7582782604769962, "gamma_fc": 0.220234226159156}, "datetime": {"elapsed": 1700.014268, "datetime": "2020-08-12 14:36:09", "delta": 17.24458}}
{"target": 10.454166666666667, "params": {"cue_position": 0.0, "beta_enc": 0.33870802548167966, "gamma_cf": 1.0, "beta_rec": 0.5238961356661317, "gamma_fc": 0.12482254311167629}, "datetime": {"elapsed": 1717.219483, "datetime": "2020-08-12 14:36:27", "delta": 17.205215}}
{"target": 10.516666666666667, "params": {"cue_position": 0.0, "beta_enc": 0.3125013784920495, "gamma_cf": 1.0, "beta_rec": 0.5045191697009946, "gamma_fc": 0.13033578095435427}, "datetime": {"elapsed": 1734.467723, "datetime": "2020-08-12 14:36:44", "delta": 17.24824}}
{"target": 10.395833333333334, "params": {"cue_position": 0.0, "beta_enc": 0.022915131322381765, "gamma_cf": 1.0, "beta_rec": 0.5190823222119895, "gamma_fc": 0.6724698446537339}, "datetime": {"elapsed": 1751.564751, "datetime": "2020-08-12 14:37:01", "delta": 17.097028}}
{"target": 8.470833333333333, "params": {"cue_position": 0.0, "beta_enc": 0.6868082266569918, "gamma_cf": 1.0, "beta_rec": 0.44924675358663757, "gamma_fc": 0.005239837651465851}, "datetime": {"elapsed": 1766.428906, "datetime": "2020-08-12 14:37:16", "delta": 14.864155}}
{"target": 9.979166666666666, "params": {"cue_position": 0.0, "beta_enc": 0.4844284455143756, "gamma_cf": 1.0, "beta_rec": 0.8593178060976, "gamma_fc": 0.6736984238986317}, "datetime": {"elapsed": 1783.021108, "datetime": "2020-08-12 14:37:32", "delta": 16.592202}}
{"target": 8.5375, "params": {"cue_position": 0.0, "beta_enc": 0.5784995797892005, "gamma_cf": 1.0, "beta_rec": 0.27411977516685215, "gamma_fc": 0.35242963021640883}, "datetime": {"elapsed": 1797.986551, "datetime": "2020-08-12 14:37:47", "delta": 14.965443}}
{"target": 4.195833333333334, "params": {"cue_position": 0.0, "beta_enc": 0.8558283672539277, "gamma_cf": 1.0, "beta_rec": 0.1950374860087073, "gamma_fc": 0.773799287244182}, "datetime": {"elapsed": 1807.893148, "datetime": "2020-08-12 14:37:57", "delta": 9.906597}}
{"target": 9.8, "params": {"cue_position": 0.0, "beta_enc": 0.4277373293360762, "gamma_cf": 1.0, "beta_rec": 0.8076984091122095, "gamma_fc": 0.7672845084217665}, "datetime": {"elapsed": 1824.277512, "datetime": "2020-08-12 14:38:14", "delta": 16.384364}}
{"target": 10.104166666666666, "params": {"cue_position": 0.0, "beta_enc": 0.3086419476306511, "gamma_cf": 1.0, "beta_rec": 0.7332450677264275, "gamma_fc": 0.21411213682064845}, "datetime": {"elapsed": 1841.033639, "datetime": "2020-08-12 14:38:30", "delta": 16.756127}}
{"target": 10.491666666666667, "params": {"cue_position": 0.0, "beta_enc": 0.1989479234270667, "gamma_cf": 1.0, "beta_rec": 0.14251833776584466, "gamma_fc": 0.11092036903424063}, "datetime": {"elapsed": 1858.2431, "datetime": "2020-08-12 14:38:48", "delta": 17.209461}}
{"target": 11.675, "params": {"cue_position": 0.0, "beta_enc": 0.6745640237634105, "gamma_cf": 1.0, "beta_rec": 0.7997765368973863, "gamma_fc": 0.20762566180381437}, "datetime": {"elapsed": 1876.823421, "datetime": "2020-08-12 14:39:06", "delta": 18.580321}}
{"target": 3.8125, "params": {"cue_position": 0.0, "beta_enc": 0.9173335630816306, "gamma_cf": 1.0, "beta_rec": 0.7113145181364867, "gamma_fc": 0.8348540476317985}, "datetime": {"elapsed": 1886.311846, "datetime": "2020-08-12 14:39:16", "delta": 9.488425}}
{"target": 9.995833333333334, "params": {"cue_position": 0.0, "beta_enc": 0.43530595762951996, "gamma_cf": 1.0, "beta_rec": 0.9234562151187752, "gamma_fc": 0.1262101037493587}, "datetime": {"elapsed": 1902.929461, "datetime": "2020-08-12 14:39:32", "delta": 16.617615}}
{"target": 2.525, "params": {"cue_position": 0.0, "beta_enc": 0.9760435504677476, "gamma_cf": 1.0, "beta_rec": 0.15983365034409336, "gamma_fc": 0.40420190577514725}, "datetime": {"elapsed": 1910.875326, "datetime": "2020-08-12 14:39:40", "delta": 7.945865}}
{"target": 10.375, "params": {"cue_position": 0.0, "beta_enc": 0.14675148076429412, "gamma_cf": 1.0, "beta_rec": 0.7293189193611234, "gamma_fc": 0.7543059505762987}, "datetime": {"elapsed": 1927.944095, "datetime": "2020-08-12 14:39:57", "delta": 17.068769}}
{"target": 10.420833333333333, "params": {"cue_position": 0.0, "beta_enc": 0.21073239208332073, "gamma_cf": 1.0, "beta_rec": 0.60095424810764, "gamma_fc": 0.5971273029466491}, "datetime": {"elapsed": 1945.086588, "datetime": "2020-08-12 14:40:14", "delta": 17.142493}}
{"target": 10.208333333333334, "params": {"cue_position": 0.0, "beta_enc": 0.29548228565549706, "gamma_cf": 1.0, "beta_rec": 0.7316064712415088, "gamma_fc": 0.7821818168314053}, "datetime": {"elapsed": 1961.968583, "datetime": "2020-08-12 14:40:31", "delta": 16.881995}}
{"target": 10.6125, "params": {"cue_position": 0.0, "beta_enc": 0.056141039661915304, "gamma_cf": 1.0, "beta_rec": 0.8352716024899659, "gamma_fc": 0.30008104592535645}, "datetime": {"elapsed": 1979.341741, "datetime": "2020-08-12 14:40:49", "delta": 17.373158}}
{"target": 10.404166666666667, "params": {"cue_position": 0.0, "beta_enc": 0.08010364380604929, "gamma_cf": 1.0, "beta_rec": 0.9046310029362429, "gamma_fc": 0.49411626589632507}, "datetime": {"elapsed": 1996.454484, "datetime": "2020-08-12 14:41:06", "delta": 17.112743}}
{"target": 10.275, "params": {"cue_position": 0.0, "beta_enc": 0.13216114194293815, "gamma_cf": 1.0, "beta_rec": 0.20645405888943302, "gamma_fc": 0.2615495518329871}, "datetime": {"elapsed": 2013.389782, "datetime": "2020-08-12 14:41:23", "delta": 16.935298}}
{"target": 9.583333333333334, "params": {"cue_position": 0.0, "beta_enc": 0.3570616088827919, "gamma_cf": 1.0, "beta_rec": 0.10806532869723684, "gamma_fc": 0.9857088237131878}, "datetime": {"elapsed": 2029.566425, "datetime": "2020-08-12 14:41:39", "delta": 16.176643}}
{"target": 10.316666666666666, "params": {"cue_position": 0.0, "beta_enc": 0.17716116443841734, "gamma_cf": 1.0, "beta_rec": 0.5724051124346493, "gamma_fc": 0.18960594781829654}, "datetime": {"elapsed": 2046.549593, "datetime": "2020-08-12 14:41:56", "delta": 16.983168}}
{"target": 10.804166666666667, "params": {"cue_position": 0.0, "beta_enc": 0.5279039784081266, "gamma_cf": 1.0, "beta_rec": 0.7400775431590716, "gamma_fc": 0.2166172083287794}, "datetime": {"elapsed": 2064.097841, "datetime": "2020-08-12 14:42:13", "delta": 17.548248}}
{"target": 11.441666666666666, "params": {"cue_position": 0.0, "beta_enc": 0.7591960493171447, "gamma_cf": 1.0, "beta_rec": 0.7229151935562137, "gamma_fc": 0.019775099516344263}, "datetime": {"elapsed": 2082.382097, "datetime": "2020-08-12 14:42:32", "delta": 18.284256}}
{"target": 4.958333333333333, "params": {"cue_position": 0.0, "beta_enc": 0.8602369974231152, "gamma_cf": 1.0, "beta_rec": 0.5589038111609383, "gamma_fc": 0.7169290016924699}, "datetime": {"elapsed": 2093.209248, "datetime": "2020-08-12 14:42:43", "delta": 10.827151}}
{"target": 1.8041666666666667, "params": {"cue_position": 0.0, "beta_enc": 0.9873261748084265, "gamma_cf": 1.0, "beta_rec": 0.2780850486129828, "gamma_fc": 0.8578971045378938}, "datetime": {"elapsed": 2100.315413, "datetime": "2020-08-12 14:42:50", "delta": 7.106165}}
{"target": 8.766666666666667, "params": {"cue_position": 0.0, "beta_enc": 0.7288508775192559, "gamma_cf": 1.0, "beta_rec": 0.5166887829215384, "gamma_fc": 0.3748759435368594}, "datetime": {"elapsed": 2115.51211, "datetime": "2020-08-12 14:43:05", "delta": 15.196697}}
{"target": 7.95, "params": {"cue_position": 0.0, "beta_enc": 0.7703225253299576, "gamma_cf": 1.0, "beta_rec": 0.7506243191751754, "gamma_fc": 0.6973080192643409}, "datetime": {"elapsed": 2129.745434, "datetime": "2020-08-12 14:43:19", "delta": 14.233324}}
{"target": 10.329166666666667, "params": {"cue_position": 0.0, "beta_enc": 0.0031128578251921057, "gamma_cf": 1.0, "beta_rec": 0.7748966467245978, "gamma_fc": 0.12076718430922972}, "datetime": {"elapsed": 2146.772796, "datetime": "2020-08-12 14:43:36", "delta": 17.027362}}
{"target": 10.5875, "params": {"cue_position": 0.0, "beta_enc": 0.2202839877937276, "gamma_cf": 1.0, "beta_rec": 0.3020967312900983, "gamma_fc": 0.2867116496064306}, "datetime": {"elapsed": 2164.079797, "datetime": "2020-08-12 14:43:53", "delta": 17.307001}}
{"target": 10.4375, "params": {"cue_position": 0.0, "beta_enc": 0.13835468979294652, "gamma_cf": 1.0, "beta_rec": 0.29014446310454167, "gamma_fc": 0.45736018169099846}, "datetime": {"elapsed": 2181.253648, "datetime": "2020-08-12 14:44:11", "delta": 17.173851}}
{"target": 10.1375, "params": {"cue_position": 0.0, "beta_enc": 0.44411710701661444, "gamma_cf": 1.0, "beta_rec": 0.8281353607315121, "gamma_fc": 0.6749716048091052}, "datetime": {"elapsed": 2198.084135, "datetime": "2020-08-12 14:44:27", "delta": 16.830487}}
{"target": 10.375, "params": {"cue_position": 0.0, "beta_enc": 0.22148205573352875, "gamma_cf": 1.0, "beta_rec": 0.4672458239265538, "gamma_fc": 0.8773604746948126}, "datetime": {"elapsed": 2215.148129, "datetime": "2020-08-12 14:44:45", "delta": 17.063994}}
{"target": 10.454166666666667, "params": {"cue_position": 0.0, "beta_enc": 0.4476890001456285, "gamma_cf": 1.0, "beta_rec": 0.7844574187919231, "gamma_fc": 0.13184097502750214}, "datetime": {"elapsed": 2232.366664, "datetime": "2020-08-12 14:45:02", "delta": 17.218535}}
{"target": 9.991666666666667, "params": {"cue_position": 0.0, "beta_enc": 0.43298150696764814, "gamma_cf": 1.0, "beta_rec": 0.9093119886549367, "gamma_fc": 0.5047006080958943}, "datetime": {"elapsed": 2249.013462, "datetime": "2020-08-12 14:45:18", "delta": 16.646798}}
{"target": 9.583333333333334, "params": {"cue_position": 0.0, "beta_enc": 0.49805562482800747, "gamma_cf": 1.0, "beta_rec": 0.8428998401928499, "gamma_fc": 0.9427625754329493}, "datetime": {"elapsed": 2265.158745, "datetime": "2020-08-12 14:45:35", "delta": 16.145283}}
{"target": 8.566666666666666, "params": {"cue_position": 0.0, "beta_enc": 0.5178600481723219, "gamma_cf": 1.0, "beta_rec": 0.1944658095278845, "gamma_fc": 0.700726036482538}, "datetime": {"elapsed": 2280.145307, "datetime": "2020-08-12 14:45:50", "delta": 14.986562}}
{"target": 9.775, "params": {"cue_position": 0.0, "beta_enc": 0.5402609403968999, "gamma_cf": 1.0, "beta_rec": 0.9488362882802196, "gamma_fc": 0.007932876194523097}, "datetime": {"elapsed": 2296.50439, "datetime": "2020-08-12 14:46:06", "delta": 16.359083}}
{"target": 1.9708333333333334, "params": {"cue_position": 0.0, "beta_enc": 0.989340056166638, "gamma_cf": 1.0, "beta_rec": 0.07771457033238649, "gamma_fc": 0.008939102371245067}, "datetime": {"elapsed": 2303.794366, "datetime": "2020-08-12 14:46:13", "delta": 7.289976}}
{"target": 6.470833333333333, "params": {"cue_position": 0.0, "beta_enc": 0.8227300054219355, "gamma_cf": 1.0, "beta_rec": 0.8612116383667944, "gamma_fc": 0.8026895196332986}, "datetime": {"elapsed": 2316.341487, "datetime": "2020-08-12 14:46:26", "delta": 12.547121}}
{"target": 8.595833333333333, "params": {"cue_position": 0.0, "beta_enc": 0.47786200443222115, "gamma_cf": 1.0, "beta_rec": 0.13433860865569613, "gamma_fc": 0.49154515001693533}, "datetime": {"elapsed": 2331.368555, "datetime": "2020-08-12 14:46:41", "delta": 15.027068}}
{"target": 5.0875, "params": {"cue_position": 0.0, "beta_enc": 0.8567024965177922, "gamma_cf": 1.0, "beta_rec": 0.41857802576409864, "gamma_fc": 0.5057420174508104}, "datetime": {"elapsed": 2342.303479, "datetime": "2020-08-12 14:46:52", "delta": 10.934924}}
{"target": 10.454166666666667, "params": {"cue_position": 0.0, "beta_enc": 0.1895517028339273, "gamma_cf": 1.0, "beta_rec": 0.9649889241109139, "gamma_fc": 0.1443154002290481}, "datetime": {"elapsed": 2359.460023, "datetime": "2020-08-12 14:47:09", "delta": 17.156544}}
{"target": 10.35, "params": {"cue_position": 0.0, "beta_enc": 0.014092294192442956, "gamma_cf": 1.0, "beta_rec": 0.7159456994623945, "gamma_fc": 0.5070799232841364}, "datetime": {"elapsed": 2376.524568, "datetime": "2020-08-12 14:47:26", "delta": 17.064545}}
{"target": 7.279166666666667, "params": {"cue_position": 0.0, "beta_enc": 0.7918210395041538, "gamma_cf": 1.0, "beta_rec": 0.6957642142718394, "gamma_fc": 0.6477706331874812}, "datetime": {"elapsed": 2390.003705, "datetime": "2020-08-12 14:47:39", "delta": 13.479137}}
{"target": 10.616666666666667, "params": {"cue_position": 0.0, "beta_enc": 0.1797942976929744, "gamma_cf": 1.0, "beta_rec": 0.321819963387904, "gamma_fc": 0.2414187479655988}, "datetime": {"elapsed": 2407.358396, "datetime": "2020-08-12 14:47:57", "delta": 17.354691}}
{"target": 10.091666666666667, "params": {"cue_position": 0.0, "beta_enc": 0.4069219941293579, "gamma_cf": 1.0, "beta_rec": 0.9752223424373121, "gamma_fc": 0.6363061258559836}, "datetime": {"elapsed": 2424.121617, "datetime": "2020-08-12 14:48:13", "delta": 16.763221}}
{"target": 10.170833333333333, "params": {"cue_position": 0.0, "beta_enc": 0.375091018393911, "gamma_cf": 1.0, "beta_rec": 0.8574844990835966, "gamma_fc": 0.7928556779768876}, "datetime": {"elapsed": 2440.940463, "datetime": "2020-08-12 14:48:30", "delta": 16.818846}}
{"target": 10.620833333333334, "params": {"cue_position": 0.0, "beta_enc": 0.43293850873416306, "gamma_cf": 1.0, "beta_rec": 0.3575111673304414, "gamma_fc": 0.26865012390622656}, "datetime": {"elapsed": 2458.29112, "datetime": "2020-08-12 14:48:48", "delta": 17.350657}}
{"target": 4.729166666666667, "params": {"cue_position": 0.0, "beta_enc": 0.8082780137053801, "gamma_cf": 1.0, "beta_rec": 0.2952887943998478, "gamma_fc": 0.8553564125953698}, "datetime": {"elapsed": 2476.871272, "datetime": "2020-08-12 14:49:06", "delta": 18.580152}}
{"target": 4.129166666666666, "params": {"cue_position": 0.0, "beta_enc": 0.8883864343953859, "gamma_cf": 1.0, "beta_rec": 0.18438444236776674, "gamma_fc": 0.4461172190344297}, "datetime": {"elapsed": 2494.320122, "datetime": "2020-08-12 14:49:24", "delta": 17.44885}}
{"target": 4.3625, "params": {"cue_position": 0.0, "beta_enc": 0.9218683054838154, "gamma_cf": 1.0, "beta_rec": 0.2789908904569709, "gamma_fc": 0.2282057333504841}, "datetime": {"elapsed": 2512.217898, "datetime": "2020-08-12 14:49:42", "delta": 17.897776}}
{"target": 10.283333333333333, "params": {"cue_position": 0.0, "beta_enc": 0.013767512557716799, "gamma_cf": 1.0, "beta_rec": 0.4167239623706961, "gamma_fc": 0.7797442954825999}, "datetime": {"elapsed": 2542.329248, "datetime": "2020-08-12 14:50:12", "delta": 30.11135}}
{"target": 10.329166666666667, "params": {"cue_position": 0.0, "beta_enc": 0.17473631282740743, "gamma_cf": 1.0, "beta_rec": 0.34195283630245243, "gamma_fc": 0.6993076236968142}, "datetime": {"elapsed": 2572.517604, "datetime": "2020-08-12 14:50:42", "delta": 30.188356}}
