{"target": -10711.965762312713, "params": {"epsilon_d": 1.5971564809644654, "phi_d": 1.141446082879921, "beta_rec": 0.11405436488304044, "gamma_cf": 0.052585714756748586, "k_intra": 8.478732930219746, "gamma_fc": 0.6028087699572684, "s_cf": 1.3346007947568372, "beta_enc": 0.27420306195142946, "phi_s": 0.31840153064387167}, "datetime": {"delta": 10.522061, "elapsed": 2205.684419, "datetime": "2020-04-27 11:08:53"}}
{"target": -10841.943023266238, "params": {"epsilon_d": 8.126140212712963, "phi_d": 1.4638668818683083, "beta_rec": 0.42546092522908, "gamma_cf": 0.9418920575620866, "k_intra": 7.042954987816086, "gamma_fc": 0.882919695941519, "s_cf": 0.13891310061393564, "beta_enc": 0.6418070546248013, "phi_s": 2.0798243244194285}, "datetime": {"delta": 10.426581, "elapsed": 2216.111, "datetime": "2020-04-27 11:09:03"}}
{"target": -9445.150713670893, "params": {"epsilon_d": 9.07197792002065, "phi_d": 0.7355460366960483, "beta_rec": 0.17216012409571305, "gamma_cf": 0.8071291906759395, "k_intra": 2.6966712172727982, "gamma_fc": 0.8201257159482889, "s_cf": 2.5631761921188994, "beta_enc": 0.9842303066518395, "phi_s": 1.3435220094508573}, "datetime": {"delta": 10.467502, "elapsed": 2226.578502, "datetime": "2020-04-27 11:09:14"}}
{"target": -10573.22492715743, "params": {"epsilon_d": 3.5915253397922067, "phi_d": 0.23194482651775095, "beta_rec": 0.9354265719956611, "gamma_cf": 0.61943022648019, "k_intra": 6.438190597185641, "gamma_fc": 0.9826291327202021, "s_cf": 1.070778896769625, "beta_enc": 0.5053416782245482, "phi_s": 1.4443155637599643}, "datetime": {"delta": 10.428059, "elapsed": 2237.006561, "datetime": "2020-04-27 11:09:24"}}
{"target": -10942.691264730127, "params": {"epsilon_d": 1.3103861792770277, "phi_d": 0.4839063313319385, "beta_rec": 0.28481773399227006, "gamma_cf": 0.6683221598519267, "k_intra": 8.672721606990894, "gamma_fc": 0.7132237794021756, "s_cf": 2.497629341374874, "beta_enc": 0.5789633936695072, "phi_s": 2.41599889400629}, "datetime": {"delta": 10.443848, "elapsed": 2247.450409, "datetime": "2020-04-27 11:09:34"}}
{"target": -10240.888328667632, "params": {"epsilon_d": 2.6880650726177957, "phi_d": 1.4556336869315714, "beta_rec": 0.20500165356605576, "gamma_cf": 0.41855496785742174, "k_intra": 4.779605176366248, "gamma_fc": 0.5876191655044583, "s_cf": 2.6232968593919463, "beta_enc": 0.6818949421760367, "phi_s": 2.5355380595732355}, "datetime": {"delta": 10.484105, "elapsed": 2257.934514, "datetime": "2020-04-27 11:09:45"}}
{"target": -10705.826706338923, "params": {"epsilon_d": 5.752986743177023, "phi_d": 1.0259634375163946, "beta_rec": 0.8778136384928361, "gamma_cf": 0.9640397297257479, "k_intra": 6.043437933386017, "gamma_fc": 0.6458899134254209, "s_cf": 0.25070049666554683, "beta_enc": 0.8350785679390901, "phi_s": 2.075492133939355}, "datetime": {"delta": 10.410193, "elapsed": 2268.344707, "datetime": "2020-04-27 11:09:55"}}
{"target": -9600.23185983341, "params": {"epsilon_d": 6.586492743524883, "phi_d": 0.7778296443378807, "beta_rec": 0.1303291433560078, "gamma_cf": 0.17541505851216116, "k_intra": 0.4526734417727149, "gamma_fc": 0.4070321409263925, "s_cf": 1.5765042672974663, "beta_enc": 0.22109177891074805, "phi_s": 2.896250542062953}, "datetime": {"delta": 10.500937, "elapsed": 2278.845644, "datetime": "2020-04-27 11:10:06"}}
{"target": -9978.582814672998, "params": {"epsilon_d": 9.4407429007197, "phi_d": 2.3090166018089513, "beta_rec": 0.5230562308812908, "gamma_cf": 0.8656994454049334, "k_intra": 2.8458364845742925, "gamma_fc": 0.45285928203734815, "s_cf": 0.8372738285063219, "beta_enc": 0.23596706662428876, "phi_s": 0.7974045419289546}, "datetime": {"delta": 10.407809, "elapsed": 2289.253453, "datetime": "2020-04-27 11:10:16"}}
{"target": -9612.462573817347, "params": {"epsilon_d": 4.53419926464077, "phi_d": 1.3977736030719101, "beta_rec": 0.8641576803545504, "gamma_cf": 0.5618300819839126, "k_intra": 7.966923782640644, "gamma_fc": 0.763039861924168, "s_cf": 2.503325269432075, "beta_enc": 0.17567771876193655, "phi_s": 0.6339699129098152}, "datetime": {"delta": 10.518816, "elapsed": 2299.772269, "datetime": "2020-04-27 11:10:27"}}
{"target": -9645.943996230197, "params": {"epsilon_d": 5.8120806801272655, "phi_d": 0.9587767781381227, "beta_rec": 0.9467335967809917, "gamma_cf": 0.8754011995768419, "k_intra": 2.5240792456817136, "gamma_fc": 0.6477088932762028, "s_cf": 2.890026817256571, "beta_enc": 0.12789816384543023, "phi_s": 1.6454754211917944}, "datetime": {"delta": 10.353535, "elapsed": 2310.125804, "datetime": "2020-04-27 11:10:37"}}
{"target": -9144.685933246383, "params": {"epsilon_d": 3.5035022240247597, "phi_d": 0.6919552499835739, "beta_rec": 0.5099473883052947, "gamma_cf": 0.76974837242269, "k_intra": 4.251353503919144, "gamma_fc": 0.8225798377891815, "s_cf": 0.6760799668196283, "beta_enc": 0.2660460440411599, "phi_s": 0.2945594349536804}, "datetime": {"delta": 10.523492, "elapsed": 2320.649296, "datetime": "2020-04-27 11:10:48"}}
{"target": -11061.415080908255, "params": {"epsilon_d": 8.743526623016912, "phi_d": 2.2516962834673024, "beta_rec": 0.5988290390174195, "gamma_cf": 0.12831811575160176, "k_intra": 6.834876730102923, "gamma_fc": 0.9623698675434064, "s_cf": 1.306692240592612, "beta_enc": 0.345160765116444, "phi_s": 2.9503542791708726}, "datetime": {"delta": 10.399855, "elapsed": 2331.049151, "datetime": "2020-04-27 11:10:58"}}
{"target": -9501.01756830225, "params": {"epsilon_d": 5.177463911640914, "phi_d": 2.329673260034498, "beta_rec": 0.679245028900699, "gamma_cf": 0.29918243342636947, "k_intra": 2.856472135764226, "gamma_fc": 0.19484620545703535, "s_cf": 2.4238590392892583, "beta_enc": 0.5784251193063116, "phi_s": 1.9582698429103538}, "datetime": {"delta": 10.472293, "elapsed": 2341.521444, "datetime": "2020-04-27 11:11:08"}}
{"target": -13640.364505613734, "params": {"epsilon_d": 6.316823077120836, "phi_d": 1.3190717495280768, "beta_rec": 0.2321768118441504, "gamma_cf": 0.3040750894733009, "k_intra": 9.034278456400587, "gamma_fc": 0.12657587044781887, "s_cf": 2.2496300324623912, "beta_enc": 0.565408478773384, "phi_s": 1.3357792632316654}, "datetime": {"delta": 10.439643, "elapsed": 2351.961087, "datetime": "2020-04-27 11:11:19"}}
{"target": -10637.916505756131, "params": {"epsilon_d": 1.8097407725095218, "phi_d": 2.4909328713132823, "beta_rec": 0.0726082764926588, "gamma_cf": 0.3224252533837974, "k_intra": 4.959994863798317, "gamma_fc": 0.3235818216971791, "s_cf": 1.8279068319702345, "beta_enc": 0.9536125638752143, "phi_s": 2.5765200033323103}, "datetime": {"delta": 10.392694, "elapsed": 2362.353781, "datetime": "2020-04-27 11:11:29"}}
{"target": -9872.463427403123, "params": {"epsilon_d": 7.459566072780186, "phi_d": 0.7619224033846193, "beta_rec": 0.186574039003858, "gamma_cf": 0.23729033623778328, "k_intra": 7.495315063400646, "gamma_fc": 0.5855418018338947, "s_cf": 0.21523349106996864, "beta_enc": 0.31615636044796, "phi_s": 0.6060534439609576}, "datetime": {"delta": 10.477083, "elapsed": 2372.830864, "datetime": "2020-04-27 11:11:40"}}
{"target": -9429.324362179063, "params": {"epsilon_d": 1.1358955262750898, "phi_d": 0.7719391102476868, "beta_rec": 0.851453763056296, "gamma_cf": 0.22372268102276505, "k_intra": 6.766802788158273, "gamma_fc": 0.12948147977137942, "s_cf": 0.5039733968388076, "beta_enc": 0.2328119539299528, "phi_s": 1.2994159816251165}, "datetime": {"delta": 10.422981, "elapsed": 2383.253845, "datetime": "2020-04-27 11:11:50"}}
{"target": -9583.641206021022, "params": {"epsilon_d": 4.782353023414129, "phi_d": 0.49789741012074307, "beta_rec": 0.42449502249299137, "gamma_cf": 0.42289952885730925, "k_intra": 7.728076863649124, "gamma_fc": 0.1924809074867479, "s_cf": 0.8886727261130605, "beta_enc": 0.43949555885035585, "phi_s": 1.330447885544855}, "datetime": {"delta": 10.500928, "elapsed": 2393.754773, "datetime": "2020-04-27 11:12:01"}}
{"target": -9934.543026849926, "params": {"epsilon_d": 5.226088565752804, "phi_d": 2.1430418749195654, "beta_rec": 0.6724535305091739, "gamma_cf": 0.19016804177489258, "k_intra": 3.402013279275072, "gamma_fc": 0.5222209958500394, "s_cf": 2.5504655983392013, "beta_enc": 0.37090714877191566, "phi_s": 0.755676087054392}, "datetime": {"delta": 10.404471, "elapsed": 2404.159244, "datetime": "2020-04-27 11:12:11"}}
{"target": -13831.741075392316, "params": {"epsilon_d": 2.6114894881880337, "phi_d": 0.4854280892192985, "beta_rec": 0.5006695109657968, "gamma_cf": 0.1862370541696903, "k_intra": 9.818425934074321, "gamma_fc": 0.5246371564638371, "s_cf": 2.4218594054220226, "beta_enc": 0.5736066984024674, "phi_s": 0.9220410540413656}, "datetime": {"delta": 10.518796, "elapsed": 2414.67804, "datetime": "2020-04-27 11:12:22"}}
{"target": -10131.92506196966, "params": {"epsilon_d": 3.2150113070736075, "phi_d": 2.586170967008569, "beta_rec": 0.2788305328525677, "gamma_cf": 0.42000625957648885, "k_intra": 7.196194284538544, "gamma_fc": 0.6425080860180665, "s_cf": 0.7872479869679252, "beta_enc": 0.6982992086596794, "phi_s": 2.075223264329388}, "datetime": {"delta": 10.410185, "elapsed": 2425.088225, "datetime": "2020-04-27 11:12:32"}}
{"target": -9215.40973055934, "params": {"epsilon_d": 3.143076656235659, "phi_d": 1.9370364192836043, "beta_rec": 0.7812172811356985, "gamma_cf": 0.305035145077899, "k_intra": 1.269524019168013, "gamma_fc": 0.8930514865860142, "s_cf": 2.498880942903988, "beta_enc": 0.933148481802634, "phi_s": 0.9053669241729302}, "datetime": {"delta": 10.519452, "elapsed": 2435.607677, "datetime": "2020-04-27 11:12:43"}}
{"target": -9397.908660688852, "params": {"epsilon_d": 2.004937115096014, "phi_d": 0.5685647155826606, "beta_rec": 0.7333927578593872, "gamma_cf": 0.48149775295098535, "k_intra": 3.9759122346070157, "gamma_fc": 0.8232351637879245, "s_cf": 2.284644837093738, "beta_enc": 0.4280711028002995, "phi_s": 1.9820484456810774}, "datetime": {"delta": 10.393872, "elapsed": 2446.001549, "datetime": "2020-04-27 11:12:53"}}
{"target": -12613.140081454274, "params": {"epsilon_d": 9.014444232622047, "phi_d": 2.4704085841516643, "beta_rec": 0.4514167250462784, "gamma_cf": 0.8719984326277993, "k_intra": 5.913096988909163, "gamma_fc": 0.736468848805764, "s_cf": 0.10727192303697715, "beta_enc": 0.35217337183578434, "phi_s": 2.7321694736895332}, "datetime": {"delta": 10.465681, "elapsed": 2456.46723, "datetime": "2020-04-27 11:13:03"}}
{"target": -10011.50871549118, "params": {"epsilon_d": 7.365839049220278, "phi_d": 1.3281791540050307, "beta_rec": 0.5614535427501097, "gamma_cf": 0.08756401490882501, "k_intra": 2.80341558270399, "gamma_fc": 0.4597794889127781, "s_cf": 2.014044148225548, "beta_enc": 0.45750498961038566, "phi_s": 1.5441380347525362}, "datetime": {"delta": 10.404779, "elapsed": 2466.872009, "datetime": "2020-04-27 11:13:14"}}
{"target": -9375.315042988692, "params": {"epsilon_d": 5.866154632703304, "phi_d": 1.0285992974302376, "beta_rec": 0.62050615378513, "gamma_cf": 0.4283895647990525, "k_intra": 1.9532189744574224, "gamma_fc": 0.10447872824013886, "s_cf": 1.8361252566586634, "beta_enc": 0.5466125250732513, "phi_s": 0.5262365649793008}, "datetime": {"delta": 10.409452, "elapsed": 2477.281461, "datetime": "2020-04-27 11:13:24"}}
{"target": -9189.010207310852, "params": {"epsilon_d": 3.276404125848559, "phi_d": 2.2313318541834883, "beta_rec": 0.5001432502709698, "gamma_cf": 0.6532927262192519, "k_intra": 0.06875100463183602, "gamma_fc": 0.27125513441113935, "s_cf": 2.1237408025445603, "beta_enc": 0.6503495289936421, "phi_s": 1.386161141521412}, "datetime": {"delta": 10.402339, "elapsed": 2487.6838, "datetime": "2020-04-27 11:13:35"}}
{"target": -9314.846647224087, "params": {"epsilon_d": 3.843275009151911, "phi_d": 1.4164626861789078, "beta_rec": 0.0627135400037171, "gamma_cf": 0.6960269107944494, "k_intra": 1.9663839944131742, "gamma_fc": 0.19253653070888427, "s_cf": 2.2753603194000567, "beta_enc": 0.2665390146732784, "phi_s": 1.9013326501115737}, "datetime": {"delta": 10.349463, "elapsed": 2498.033263, "datetime": "2020-04-27 11:13:45"}}
{"target": -9193.145037155762, "params": {"epsilon_d": 3.9348691692303603, "phi_d": 0.5992714093722048, "beta_rec": 0.6246611447949255, "gamma_cf": 0.6701233597109323, "k_intra": 5.283908787332003, "gamma_fc": 0.2832043398957115, "s_cf": 1.5121557146294757, "beta_enc": 0.19876151915709095, "phi_s": 0.1541749173894885}, "datetime": {"delta": 10.458102, "elapsed": 2508.491365, "datetime": "2020-04-27 11:13:55"}}
{"target": -10881.932885057533, "params": {"epsilon_d": 5.412090711470286, "phi_d": 1.5941226188700137, "beta_rec": 0.6383794956703872, "gamma_cf": 0.7749678854597459, "k_intra": 9.894626787054166, "gamma_fc": 0.45366391237078296, "s_cf": 2.273383165181292, "beta_enc": 0.2657599989048038, "phi_s": 1.488587863437868}, "datetime": {"delta": 10.357971, "elapsed": 2518.849336, "datetime": "2020-04-27 11:14:06"}}
{"target": -9374.600395305226, "params": {"epsilon_d": 4.943523376055407, "phi_d": 1.4413342749923883, "beta_rec": 0.3625290707682954, "gamma_cf": 0.18921946110135587, "k_intra": 0.30931790771524487, "gamma_fc": 0.4542250728671757, "s_cf": 1.6274759950399857, "beta_enc": 0.6154194639631739, "phi_s": 0.8959749271303553}, "datetime": {"delta": 10.462689, "elapsed": 2529.312025, "datetime": "2020-04-27 11:14:16"}}
{"target": -9190.180619151228, "params": {"epsilon_d": 3.0006790479207366, "phi_d": 2.0231547863577, "beta_rec": 0.5551312578455223, "gamma_cf": 0.5775329319454461, "k_intra": 4.408974889696413, "gamma_fc": 0.75949286793523, "s_cf": 2.9959373569007917, "beta_enc": 0.12634490926280129, "phi_s": 0.7928388691236149}, "datetime": {"delta": 10.376684, "elapsed": 2539.688709, "datetime": "2020-04-27 11:14:27"}}
{"target": -10219.064732692605, "params": {"epsilon_d": 2.250475528871078, "phi_d": 2.1461831951499404, "beta_rec": 0.9408343315400866, "gamma_cf": 0.49761462816660695, "k_intra": 7.1687145874793945, "gamma_fc": 0.8390592684034622, "s_cf": 2.287107573819962, "beta_enc": 0.3185906694577908, "phi_s": 1.377277623929582}, "datetime": {"delta": 10.430263, "elapsed": 2550.118972, "datetime": "2020-04-27 11:14:37"}}
{"target": -11030.343048861212, "params": {"epsilon_d": 5.326858293131537, "phi_d": 2.6958993613303623, "beta_rec": 0.4414076101413063, "gamma_cf": 0.06612898045823568, "k_intra": 4.677713277669127, "gamma_fc": 0.4516957663036234, "s_cf": 2.220299049277003, "beta_enc": 0.927958219313373, "phi_s": 0.42061657674077957}, "datetime": {"delta": 10.383191, "elapsed": 2560.502163, "datetime": "2020-04-27 11:14:47"}}
{"target": -10447.095118186722, "params": {"epsilon_d": 0.3948511468826469, "phi_d": 2.0405576136116967, "beta_rec": 0.6065747769734918, "gamma_cf": 0.14683270502280346, "k_intra": 0.05867175905652468, "gamma_fc": 0.3555849029195667, "s_cf": 1.6862080968865985, "beta_enc": 0.5909240516938475, "phi_s": 2.623748051875535}, "datetime": {"delta": 10.431857, "elapsed": 2570.93402, "datetime": "2020-04-27 11:14:58"}}
{"target": -10969.363255272474, "params": {"epsilon_d": 3.0915968541164616, "phi_d": 0.6846302397836962, "beta_rec": 0.615764356020176, "gamma_cf": 0.3667953084627756, "k_intra": 8.094073671336272, "gamma_fc": 0.6174457545499898, "s_cf": 2.254471626130121, "beta_enc": 0.5888476427672834, "phi_s": 1.0498197619600385}, "datetime": {"delta": 10.390957, "elapsed": 2581.324977, "datetime": "2020-04-27 11:15:08"}}
{"target": -10068.964898985003, "params": {"epsilon_d": 1.6479335938948911, "phi_d": 2.6526379339338906, "beta_rec": 0.04770616761368438, "gamma_cf": 0.19394547317358085, "k_intra": 6.354898361302468, "gamma_fc": 0.5456011263050604, "s_cf": 0.9907662286067754, "beta_enc": 0.4068282242191079, "phi_s": 2.7173560136245105}, "datetime": {"delta": 10.369406, "elapsed": 2591.694383, "datetime": "2020-04-27 11:15:19"}}
{"target": -9537.889478699333, "params": {"epsilon_d": 3.748911010676232, "phi_d": 1.0250594187635482, "beta_rec": 0.28249978775591666, "gamma_cf": 0.29279728943692085, "k_intra": 2.1550097997271216, "gamma_fc": 0.4723216625791913, "s_cf": 2.8927528948270504, "beta_enc": 0.7780420658130272, "phi_s": 0.45356746028125416}, "datetime": {"delta": 10.440603, "elapsed": 2602.134986, "datetime": "2020-04-27 11:15:29"}}
{"target": -10842.191292647869, "params": {"epsilon_d": 7.486985393656869, "phi_d": 0.9808994590404191, "beta_rec": 0.923108372520405, "gamma_cf": 0.45775951715165114, "k_intra": 6.283950555283189, "gamma_fc": 0.7791600027773186, "s_cf": 2.165705367377545, "beta_enc": 0.5535847084589045, "phi_s": 1.6128120088984885}, "datetime": {"delta": 10.372346, "elapsed": 2612.507332, "datetime": "2020-04-27 11:15:39"}}
{"target": -9580.341594428897, "params": {"epsilon_d": 2.75580200844577, "phi_d": 0.485141705283192, "beta_rec": 0.012621584602784617, "gamma_cf": 0.7967658010425251, "k_intra": 6.257058237483518, "gamma_fc": 0.9369937800671512, "s_cf": 1.6280255035372975, "beta_enc": 0.37478217830347604, "phi_s": 2.2969540418175214}, "datetime": {"delta": 10.494296, "elapsed": 2623.001628, "datetime": "2020-04-27 11:15:50"}}
{"target": -11656.774949816076, "params": {"epsilon_d": 9.48066135590806, "phi_d": 2.208593446370663, "beta_rec": 0.8586258418997056, "gamma_cf": 0.6545720808693692, "k_intra": 7.428454696388503, "gamma_fc": 0.8688323888583819, "s_cf": 2.7767088181856296, "beta_enc": 0.7784821644590917, "phi_s": 2.590493193174198}, "datetime": {"delta": 10.365663, "elapsed": 2633.367291, "datetime": "2020-04-27 11:16:00"}}
{"target": -9739.064293839954, "params": {"epsilon_d": 0.9318106700073795, "phi_d": 2.493008458642617, "beta_rec": 0.3958106865390241, "gamma_cf": 0.8295907610863033, "k_intra": 5.425340785843838, "gamma_fc": 0.5850383979768708, "s_cf": 2.6460852143029547, "beta_enc": 0.9118684013723601, "phi_s": 0.19275413468974428}, "datetime": {"delta": 10.469043, "elapsed": 2643.836334, "datetime": "2020-04-27 11:16:11"}}
{"target": -9850.2757828249, "params": {"epsilon_d": 5.91609634556905, "phi_d": 1.5772848861724107, "beta_rec": 0.6932252389225502, "gamma_cf": 0.6417850059155134, "k_intra": 2.76186564623454, "gamma_fc": 0.4366721689644305, "s_cf": 1.739340044060148, "beta_enc": 0.1311706012039483, "phi_s": 2.668887039734192}, "datetime": {"delta": 10.374828, "elapsed": 2654.211162, "datetime": "2020-04-27 11:16:21"}}
{"target": -10273.43399748841, "params": {"epsilon_d": 9.724176962502376, "phi_d": 1.6735875944279892, "beta_rec": 0.4414350930304055, "gamma_cf": 0.7425482001064746, "k_intra": 6.538775016309957, "gamma_fc": 0.41941225976569607, "s_cf": 0.8976567480896939, "beta_enc": 0.6968340023178851, "phi_s": 2.6637630158981893}, "datetime": {"delta": 10.421467, "elapsed": 2664.632629, "datetime": "2020-04-27 11:16:32"}}
{"target": -10315.92671793493, "params": {"epsilon_d": 3.93175770279035, "phi_d": 1.908300223032119, "beta_rec": 0.191352924535996, "gamma_cf": 0.854074388954821, "k_intra": 6.26732444405475, "gamma_fc": 0.34376042245232497, "s_cf": 0.24597187601241008, "beta_enc": 0.1972607366551036, "phi_s": 1.2833366925089933}, "datetime": {"delta": 10.335343, "elapsed": 2674.967972, "datetime": "2020-04-27 11:16:42"}}
{"target": -9313.43245786321, "params": {"epsilon_d": 4.044736145835497, "phi_d": 1.6946807693687453, "beta_rec": 0.2957959618704388, "gamma_cf": 0.3773018435737564, "k_intra": 0.8724695352834889, "gamma_fc": 0.6972423685039842, "s_cf": 2.9508130522643086, "beta_enc": 0.7703504857292435, "phi_s": 0.14472328479544194}, "datetime": {"delta": 10.455672, "elapsed": 2685.423644, "datetime": "2020-04-27 11:16:52"}}
{"target": -9305.693658545735, "params": {"epsilon_d": 1.552804514202079, "phi_d": 2.322827219503066, "beta_rec": 0.384175816573427, "gamma_cf": 0.6969086386041614, "k_intra": 3.1879064359227214, "gamma_fc": 0.9152275750358971, "s_cf": 2.8759534928857406, "beta_enc": 0.6385845001492133, "phi_s": 0.9337444959194441}, "datetime": {"delta": 10.369667, "elapsed": 2695.793311, "datetime": "2020-04-27 11:17:03"}}
{"target": -12636.694104576622, "params": {"epsilon_d": 9.314273858186462, "phi_d": 2.3369512708842395, "beta_rec": 0.6250530916340018, "gamma_cf": 0.2691154830131933, "k_intra": 6.784048511898585, "gamma_fc": 0.9312541717066847, "s_cf": 2.5183235647477766, "beta_enc": 0.7320841793153267, "phi_s": 1.7577424756613589}, "datetime": {"delta": 10.41126, "elapsed": 2706.204571, "datetime": "2020-04-27 11:17:13"}}
{"target": -9810.908619509206, "params": {"epsilon_d": 6.163365173417941, "phi_d": 0.9285778365767782, "beta_rec": 0.1466940409067313, "gamma_cf": 0.27939240358277023, "k_intra": 1.9903405791994362, "gamma_fc": 0.92429085076057, "s_cf": 1.3979795177468506, "beta_enc": 0.7284536193626764, "phi_s": 0.23819864441206892}, "datetime": {"delta": 10.437091, "elapsed": 2716.641662, "datetime": "2020-04-27 11:17:24"}}
{"target": -10538.682299050735, "params": {"epsilon_d": 9.063236061600763, "phi_d": 1.7728049793728722, "beta_rec": 0.5736037264688375, "gamma_cf": 0.34747919140732497, "k_intra": 8.51386424838996, "gamma_fc": 0.5027755416321298, "s_cf": 0.9072420581435164, "beta_enc": 0.6018290336540006, "phi_s": 1.9965795111454276}, "datetime": {"delta": 10.324631, "elapsed": 2726.966293, "datetime": "2020-04-27 11:17:34"}}
{"target": -9703.151304231202, "params": {"epsilon_d": 1.420600898437876, "phi_d": 0.1696775304293447, "beta_rec": 0.6209902923417142, "gamma_cf": 0.03300542572087522, "k_intra": 4.779836152633134, "gamma_fc": 0.20206990101774353, "s_cf": 0.382989592130645, "beta_enc": 0.5387241714632641, "phi_s": 1.916005894497943}, "datetime": {"delta": 10.452592, "elapsed": 2737.418885, "datetime": "2020-04-27 11:17:44"}}
{"target": -9602.445010435775, "params": {"epsilon_d": 1.2466847923918656, "phi_d": 1.8735634635520908, "beta_rec": 0.4265502965616328, "gamma_cf": 0.2706249385980867, "k_intra": 9.85060508056859, "gamma_fc": 0.11897170555196014, "s_cf": 0.17693221822030256, "beta_enc": 0.32586538394462117, "phi_s": 1.1972261326222224}, "datetime": {"delta": 10.340891, "elapsed": 2747.759776, "datetime": "2020-04-27 11:17:55"}}
