{"target": 9.5, "params": {"beta_enc": 0.013767512557716799, "gamma_fc": 0.7797442954825999, "beta_rec": 0.4167239623706961, "cue_position": 0.0, "gamma_cf": 0.34302810983040655}, "datetime": {"elapsed": 51.521819, "delta": 0.369141, "datetime": "2020-06-14 09:46:31"}}
{"target": 8.5, "params": {"beta_enc": 0.17473631282740743, "gamma_fc": 0.6993076236968142, "beta_rec": 0.34195283630245243, "cue_position": 0.0, "gamma_cf": 0.716770814146376}, "datetime": {"elapsed": 51.869231, "delta": 0.347412, "datetime": "2020-06-14 09:46:32"}}
{"target": 6.625, "params": {"beta_enc": 0.6884973179489188, "gamma_fc": 0.4246491159313397, "beta_rec": 0.25339603448629966, "cue_position": 0.0, "gamma_cf": 0.22729754091594956}, "datetime": {"elapsed": 52.179008, "delta": 0.309777, "datetime": "2020-06-14 09:46:32"}}
{"target": 8.125, "params": {"beta_enc": 0.37192212166768723, "gamma_fc": 0.7073166026816995, "beta_rec": 0.3553079116201222, "cue_position": 0.0, "gamma_cf": 0.6316466268659396}, "datetime": {"elapsed": 52.520105, "delta": 0.341097, "datetime": "2020-06-14 09:46:32"}}
{"target": 7.625, "params": {"beta_enc": 0.6135886945028356, "gamma_fc": 0.5141750435258828, "beta_rec": 0.6483127561631246, "cue_position": 0.0, "gamma_cf": 0.14944679893886248}, "datetime": {"elapsed": 52.852072, "delta": 0.331967, "datetime": "2020-06-14 09:46:33"}}
{"target": 3.875, "params": {"beta_enc": 0.8753327263545391, "gamma_fc": 0.4972891859195163, "beta_rec": 0.18395344154722204, "cue_position": 0.0, "gamma_cf": 0.42893233402990294}, "datetime": {"elapsed": 53.106148, "delta": 0.254076, "datetime": "2020-06-14 09:46:33"}}
{"target": 9.25, "params": {"beta_enc": 0.16151077048601192, "gamma_fc": 0.8003322457764017, "beta_rec": 0.34244064113481054, "cue_position": 0.0, "gamma_cf": 0.844526943229479}, "datetime": {"elapsed": 53.469329, "delta": 0.363181, "datetime": "2020-06-14 09:46:33"}}
{"target": 9.375, "params": {"beta_enc": 0.4266391582681436, "gamma_fc": 0.29694708578690454, "beta_rec": 0.6070154607890389, "cue_position": 0.0, "gamma_cf": 0.5096132942175586}, "datetime": {"elapsed": 53.834906, "delta": 0.365577, "datetime": "2020-06-14 09:46:34"}}
{"target": 7.75, "params": {"beta_enc": 0.8596509535692011, "gamma_fc": 0.4705878794988857, "beta_rec": 0.6715983809063899, "cue_position": 0.0, "gamma_cf": 0.12475130006917923}, "datetime": {"elapsed": 54.16887, "delta": 0.333964, "datetime": "2020-06-14 09:46:34"}}
{"target": 8.75, "params": {"beta_enc": 0.9865727795868815, "gamma_fc": 0.639126848719905, "beta_rec": 0.9482991740726651, "cue_position": 0.0, "gamma_cf": 0.15172487103197363}, "datetime": {"elapsed": 54.523636, "delta": 0.354766, "datetime": "2020-06-14 09:46:34"}}
{"target": 5.875, "params": {"beta_enc": 0.5656621125439275, "gamma_fc": 0.8499698885159654, "beta_rec": 0.468665837661252, "cue_position": 0.0, "gamma_cf": 0.5992697556580301}, "datetime": {"elapsed": 54.819212, "delta": 0.295576, "datetime": "2020-06-14 09:46:35"}}
{"target": 7.75, "params": {"beta_enc": 0.7511210403719374, "gamma_fc": 0.9913465087318091, "beta_rec": 0.579360540297233, "cue_position": 0.0, "gamma_cf": 0.06473998344154885}, "datetime": {"elapsed": 55.155233, "delta": 0.336021, "datetime": "2020-06-14 09:46:35"}}
{"target": 7.75, "params": {"beta_enc": 0.05299454266798953, "gamma_fc": 0.6236704109977018, "beta_rec": 0.19949554613856135, "cue_position": 0.0, "gamma_cf": 0.10750887618516769}, "datetime": {"elapsed": 55.488342, "delta": 0.333109, "datetime": "2020-06-14 09:46:35"}}
{"target": 8.75, "params": {"beta_enc": 0.047992564048867314, "gamma_fc": 0.668456167589482, "beta_rec": 0.28462388100694214, "cue_position": 0.0, "gamma_cf": 0.7035193311050811}, "datetime": {"elapsed": 55.841829, "delta": 0.353487, "datetime": "2020-06-14 09:46:36"}}
{"target": 5.5, "params": {"beta_enc": 0.3785805932506022, "gamma_fc": 0.7953011674056428, "beta_rec": 0.1881942600298212, "cue_position": 0.0, "gamma_cf": 0.34037929076546725}, "datetime": {"elapsed": 56.128744, "delta": 0.286915, "datetime": "2020-06-14 09:46:36"}}
{"target": 8.75, "params": {"beta_enc": 0.4879009391796203, "gamma_fc": 0.3506565024321674, "beta_rec": 0.5256694443509794, "cue_position": 0.0, "gamma_cf": 0.6442320198790318}, "datetime": {"elapsed": 56.482449, "delta": 0.353705, "datetime": "2020-06-14 09:46:36"}}
{"target": 7.375, "params": {"beta_enc": 0.2292050272920657, "gamma_fc": 0.9794833541798064, "beta_rec": 0.4338833762117006, "cue_position": 0.0, "gamma_cf": 0.46978904008636024}, "datetime": {"elapsed": 56.808622, "delta": 0.326173, "datetime": "2020-06-14 09:46:37"}}
{"target": 8.0, "params": {"beta_enc": 0.36437807036823044, "gamma_fc": 0.354952851149572, "beta_rec": 0.7744101333360395, "cue_position": 0.0, "gamma_cf": 0.8891310891074828}, "datetime": {"elapsed": 57.148703, "delta": 0.340081, "datetime": "2020-06-14 09:46:37"}}
{"target": 9.5, "params": {"beta_enc": 0.24551868018650747, "gamma_fc": 0.5564069156709253, "beta_rec": 0.9110192396569683, "cue_position": 0.0, "gamma_cf": 0.9507534280610023}, "datetime": {"elapsed": 57.517444, "delta": 0.368741, "datetime": "2020-06-14 09:46:37"}}
{"target": 7.0, "params": {"beta_enc": 0.3763632166870875, "gamma_fc": 0.03109707545554785, "beta_rec": 0.9950523223391111, "cue_position": 0.0, "gamma_cf": 0.5167063597676121}, "datetime": {"elapsed": 57.835299, "delta": 0.317855, "datetime": "2020-06-14 09:46:38"}}
{"target": 4.0, "params": {"beta_enc": 0.5711757391862334, "gamma_fc": 0.8749025512123809, "beta_rec": 0.18046850899511557, "cue_position": 0.0, "gamma_cf": 0.9809236757505815}, "datetime": {"elapsed": 58.089249, "delta": 0.25395, "datetime": "2020-06-14 09:46:38"}}
{"target": 6.875, "params": {"beta_enc": 0.45183624942087064, "gamma_fc": 0.5285334901775651, "beta_rec": 0.7084608700517172, "cue_position": 0.0, "gamma_cf": 0.4948430841825636}, "datetime": {"elapsed": 58.404671, "delta": 0.315422, "datetime": "2020-06-14 09:46:38"}}
{"target": 7.625, "params": {"beta_enc": 0.1507843983721926, "gamma_fc": 0.4770129944022632, "beta_rec": 0.36939992561190627, "cue_position": 0.0, "gamma_cf": 0.7268937533445626}, "datetime": {"elapsed": 58.736075, "delta": 0.331404, "datetime": "2020-06-14 09:46:39"}}
{"target": 8.0, "params": {"beta_enc": 0.44887883670676554, "gamma_fc": 0.26889202221264585, "beta_rec": 0.8859979711653513, "cue_position": 0.0, "gamma_cf": 0.4090908319168599}, "datetime": {"elapsed": 59.075746, "delta": 0.339671, "datetime": "2020-06-14 09:46:39"}}
{"target": 7.375, "params": {"beta_enc": 0.07201203516976995, "gamma_fc": 0.5035095098483965, "beta_rec": 0.4181361337253158, "cue_position": 0.0, "gamma_cf": 0.29115394055242805}, "datetime": {"elapsed": 59.401195, "delta": 0.325449, "datetime": "2020-06-14 09:46:39"}}
{"target": 2.0, "params": {"beta_enc": 0.9659330650197223, "gamma_fc": 0.777098229275783, "beta_rec": 0.10938291419358459, "cue_position": 0.0, "gamma_cf": 0.49993237109919997}, "datetime": {"elapsed": 59.61363, "delta": 0.212435, "datetime": "2020-06-14 09:46:39"}}
{"target": 8.5, "params": {"beta_enc": 0.14360699787420927, "gamma_fc": 0.1916757389098901, "beta_rec": 0.08320263643587555, "cue_position": 0.0, "gamma_cf": 0.7969622519799001}, "datetime": {"elapsed": 59.960553, "delta": 0.346923, "datetime": "2020-06-14 09:46:40"}}
{"target": 8.875, "params": {"beta_enc": 0.767777192147274, "gamma_fc": 0.3986590599223787, "beta_rec": 0.2902979970618682, "cue_position": 0.0, "gamma_cf": 0.016715589077006432}, "datetime": {"elapsed": 60.316923, "delta": 0.35637, "datetime": "2020-06-14 09:46:40"}}
{"target": 7.25, "params": {"beta_enc": 0.38108149129345237, "gamma_fc": 0.016575882900934147, "beta_rec": 0.6593449361953647, "cue_position": 0.0, "gamma_cf": 0.15260398704227185}, "datetime": {"elapsed": 60.640439, "delta": 0.323516, "datetime": "2020-06-14 09:46:40"}}
{"target": 8.375, "params": {"beta_enc": 0.11379635644740682, "gamma_fc": 0.5579119942437725, "beta_rec": 0.6517892760100904, "cue_position": 0.0, "gamma_cf": 0.32102631416731586}, "datetime": {"elapsed": 60.985005, "delta": 0.344566, "datetime": "2020-06-14 09:46:41"}}
{"target": 6.625, "params": {"beta_enc": 0.9934604630998499, "gamma_fc": 0.03972870668308481, "beta_rec": 0.8344865140180296, "cue_position": 0.0, "gamma_cf": 0.9182585891320579}, "datetime": {"elapsed": 61.295344, "delta": 0.310339, "datetime": "2020-06-14 09:46:41"}}
{"target": 9.0, "params": {"beta_enc": 0.07033344161552524, "gamma_fc": 0.48956496114516856, "beta_rec": 0.4740062899880546, "cue_position": 0.0, "gamma_cf": 0.9372520621284489}, "datetime": {"elapsed": 61.655052, "delta": 0.359708, "datetime": "2020-06-14 09:46:41"}}
{"target": 11.25, "params": {"beta_enc": 0.5396491100933506, "gamma_fc": 0.25358174937162836, "beta_rec": 0.8952603657312208, "cue_position": 0.0, "gamma_cf": 0.8770343892703519}, "datetime": {"elapsed": 62.060458, "delta": 0.405406, "datetime": "2020-06-14 09:46:42"}}
{"target": 7.125, "params": {"beta_enc": 0.27380970415810857, "gamma_fc": 0.6714291710812733, "beta_rec": 0.32836139008759013, "cue_position": 0.0, "gamma_cf": 0.22012867402698122}, "datetime": {"elapsed": 62.382303, "delta": 0.321845, "datetime": "2020-06-14 09:46:42"}}
{"target": 8.0, "params": {"beta_enc": 0.1427932828030004, "gamma_fc": 0.3860040110225955, "beta_rec": 0.09410027449963942, "cue_position": 0.0, "gamma_cf": 0.23686870355699852}, "datetime": {"elapsed": 62.72035, "delta": 0.338047, "datetime": "2020-06-14 09:46:43"}}
{"target": 6.125, "params": {"beta_enc": 0.5715420927253323, "gamma_fc": 0.9511356184186921, "beta_rec": 0.52580196995147, "cue_position": 0.0, "gamma_cf": 0.8741259355980283}, "datetime": {"elapsed": 63.018748, "delta": 0.298398, "datetime": "2020-06-14 09:46:43"}}
{"target": 4.875, "params": {"beta_enc": 0.8125073041746718, "gamma_fc": 0.5546673107876667, "beta_rec": 0.2838018349468743, "cue_position": 0.0, "gamma_cf": 0.3394167240176095}, "datetime": {"elapsed": 63.291464, "delta": 0.272716, "datetime": "2020-06-14 09:46:43"}}
{"target": 2.625, "params": {"beta_enc": 0.9744034689130026, "gamma_fc": 0.7744772660150796, "beta_rec": 0.3117029177189814, "cue_position": 0.0, "gamma_cf": 0.3259672073089859}, "datetime": {"elapsed": 63.516892, "delta": 0.225428, "datetime": "2020-06-14 09:46:43"}}
{"target": 8.875, "params": {"beta_enc": 0.3258099666132048, "gamma_fc": 0.46947902855992574, "beta_rec": 0.889827341447375, "cue_position": 0.0, "gamma_cf": 0.7626320954451107}, "datetime": {"elapsed": 63.872987, "delta": 0.356095, "datetime": "2020-06-14 09:46:44"}}
{"target": 9.75, "params": {"beta_enc": 0.21076450246870537, "gamma_fc": 0.6938554113738997, "beta_rec": 0.041475079576498874, "cue_position": 0.0, "gamma_cf": 0.03711266449399442}, "datetime": {"elapsed": 64.249131, "delta": 0.376144, "datetime": "2020-06-14 09:46:44"}}
{"target": 4.625, "params": {"beta_enc": 0.6703500319361684, "gamma_fc": 0.03985992663545257, "beta_rec": 0.430471782744975, "cue_position": 0.0, "gamma_cf": 0.5360084947395637}, "datetime": {"elapsed": 64.517836, "delta": 0.268705, "datetime": "2020-06-14 09:46:44"}}
{"target": 8.375, "params": {"beta_enc": 0.13479311796067905, "gamma_fc": 0.6051167805003662, "beta_rec": 0.19341639901491836, "cue_position": 0.0, "gamma_cf": 0.05231294643747675}, "datetime": {"elapsed": 64.863565, "delta": 0.345729, "datetime": "2020-06-14 09:46:45"}}
{"target": 9.0, "params": {"beta_enc": 0.5120610275239188, "gamma_fc": 0.4540590560591513, "beta_rec": 0.6174610120171561, "cue_position": 0.0, "gamma_cf": 0.8477004682374377}, "datetime": {"elapsed": 65.221457, "delta": 0.357892, "datetime": "2020-06-14 09:46:45"}}
{"target": 8.75, "params": {"beta_enc": 0.015403519791920894, "gamma_fc": 0.9517756930338517, "beta_rec": 0.8730681484470995, "cue_position": 0.0, "gamma_cf": 0.823003040648471}, "datetime": {"elapsed": 65.574328, "delta": 0.352871, "datetime": "2020-06-14 09:46:45"}}
{"target": 8.625, "params": {"beta_enc": 0.050912383516887205, "gamma_fc": 0.863829145501452, "beta_rec": 0.23507186409101455, "cue_position": 0.0, "gamma_cf": 0.4216578860324509}, "datetime": {"elapsed": 65.924244, "delta": 0.349916, "datetime": "2020-06-14 09:46:46"}}
{"target": 9.0, "params": {"beta_enc": 0.0816239827150681, "gamma_fc": 0.8414221567958434, "beta_rec": 0.4731119528858785, "cue_position": 0.0, "gamma_cf": 0.7728856021671178}, "datetime": {"elapsed": 66.281698, "delta": 0.357454, "datetime": "2020-06-14 09:46:46"}}
{"target": 7.375, "params": {"beta_enc": 0.04329093818615859, "gamma_fc": 0.9438926277837961, "beta_rec": 0.48644074317039476, "cue_position": 0.0, "gamma_cf": 0.9524737816932592}, "datetime": {"elapsed": 66.607268, "delta": 0.32557, "datetime": "2020-06-14 09:46:46"}}
{"target": 8.5, "params": {"beta_enc": 0.6139340023847009, "gamma_fc": 0.4345949734085095, "beta_rec": 0.9734873973251963, "cue_position": 0.0, "gamma_cf": 0.8978507176676818}, "datetime": {"elapsed": 66.955284, "delta": 0.348016, "datetime": "2020-06-14 09:46:47"}}
{"target": 9.125, "params": {"beta_enc": 0.23581463714751372, "gamma_fc": 0.8704248568230661, "beta_rec": 0.9408279632013994, "cue_position": 0.0, "gamma_cf": 0.06491158533912933}, "datetime": {"elapsed": 67.315968, "delta": 0.360684, "datetime": "2020-06-14 09:46:47"}}
{"target": 6.125, "params": {"beta_enc": 0.7013802946333463, "gamma_fc": 0.6004889552745444, "beta_rec": 0.6049268729742817, "cue_position": 0.0, "gamma_cf": 0.2534390424997808}, "datetime": {"elapsed": 67.616452, "delta": 0.300484, "datetime": "2020-06-14 09:46:47"}}
{"target": 2.5, "params": {"beta_enc": 0.8146191812616553, "gamma_fc": 0.6183458693278855, "beta_rec": 0.05411366032399989, "cue_position": 0.0, "gamma_cf": 0.8424458099564136}, "datetime": {"elapsed": 67.840288, "delta": 0.223836, "datetime": "2020-06-14 09:46:48"}}
{"target": 4.5, "params": {"beta_enc": 0.531287810481058, "gamma_fc": 0.42166593484970927, "beta_rec": 0.2482907289970986, "cue_position": 0.0, "gamma_cf": 0.8726861649194619}, "datetime": {"elapsed": 68.105722, "delta": 0.265434, "datetime": "2020-06-14 09:46:48"}}
{"target": 8.125, "params": {"beta_enc": 0.0644302555796068, "gamma_fc": 0.8817706230828073, "beta_rec": 0.8969850695075825, "cue_position": 0.0, "gamma_cf": 0.8262275354923914}, "datetime": {"elapsed": 68.445932, "delta": 0.34021, "datetime": "2020-06-14 09:46:48"}}
{"target": 6.875, "params": {"beta_enc": 0.48675074481833813, "gamma_fc": 0.8550417213473515, "beta_rec": 0.5984646931046363, "cue_position": 0.0, "gamma_cf": 0.624821294185499}, "datetime": {"elapsed": 68.760642, "delta": 0.31471, "datetime": "2020-06-14 09:46:49"}}
{"target": 7.0, "params": {"beta_enc": 0.2821394484048606, "gamma_fc": 0.22700116521465796, "beta_rec": 0.8837555081806009, "cue_position": 0.0, "gamma_cf": 0.11510304096690338}, "datetime": {"elapsed": 69.076865, "delta": 0.316223, "datetime": "2020-06-14 09:46:49"}}
{"target": 8.5, "params": {"beta_enc": 0.5959823856130138, "gamma_fc": 0.8448725182357391, "beta_rec": 0.23944623690468037, "cue_position": 0.0, "gamma_cf": 0.16184771412383514}, "datetime": {"elapsed": 69.423685, "delta": 0.34682, "datetime": "2020-06-14 09:46:49"}}
{"target": 7.0, "params": {"beta_enc": 0.6021836538927108, "gamma_fc": 0.5989852889734197, "beta_rec": 0.9635670871883419, "cue_position": 0.0, "gamma_cf": 0.5956250981349497}, "datetime": {"elapsed": 69.74288, "delta": 0.319195, "datetime": "2020-06-14 09:46:50"}}
{"target": 3.875, "params": {"beta_enc": 0.6157042872039488, "gamma_fc": 0.5346790571795887, "beta_rec": 0.05917720718572239, "cue_position": 0.0, "gamma_cf": 0.9482094981876252}, "datetime": {"elapsed": 69.995889, "delta": 0.253009, "datetime": "2020-06-14 09:46:50"}}
{"target": 8.5, "params": {"beta_enc": 0.1925560209550684, "gamma_fc": 0.9176063476443932, "beta_rec": 0.7529259149799422, "cue_position": 0.0, "gamma_cf": 0.32825610365078084}, "datetime": {"elapsed": 70.34394, "delta": 0.348051, "datetime": "2020-06-14 09:46:50"}}
{"target": 5.375, "params": {"beta_enc": 0.5883673328938768, "gamma_fc": 0.8794835234293169, "beta_rec": 0.8551902839041353, "cue_position": 0.0, "gamma_cf": 0.822578152523871}, "datetime": {"elapsed": 70.627331, "delta": 0.283391, "datetime": "2020-06-14 09:46:50"}}
{"target": 7.5, "params": {"beta_enc": 0.3209863745244532, "gamma_fc": 0.1267357091420086, "beta_rec": 0.12295477155217849, "cue_position": 0.0, "gamma_cf": 0.44034708683123824}, "datetime": {"elapsed": 70.955983, "delta": 0.328652, "datetime": "2020-06-14 09:46:51"}}
{"target": 4.75, "params": {"beta_enc": 0.5898236481098892, "gamma_fc": 0.012096760015357866, "beta_rec": 0.03606831456985993, "cue_position": 0.0, "gamma_cf": 0.7883011896679689}, "datetime": {"elapsed": 71.229627, "delta": 0.273644, "datetime": "2020-06-14 09:46:51"}}
{"target": 7.0, "params": {"beta_enc": 0.3033456717085691, "gamma_fc": 0.29337627848605663, "beta_rec": 0.021375961088070716, "cue_position": 0.0, "gamma_cf": 0.5820299763434618}, "datetime": {"elapsed": 71.548339, "delta": 0.318712, "datetime": "2020-06-14 09:46:51"}}
{"target": 4.625, "params": {"beta_enc": 0.9289494618931157, "gamma_fc": 0.2641376442105696, "beta_rec": 0.5071194235482045, "cue_position": 0.0, "gamma_cf": 0.5878715062961865}, "datetime": {"elapsed": 71.818129, "delta": 0.26979, "datetime": "2020-06-14 09:46:52"}}
{"target": 8.625, "params": {"beta_enc": 0.3052882993474333, "gamma_fc": 0.6958461339323264, "beta_rec": 0.37165457672418245, "cue_position": 0.0, "gamma_cf": 0.5845472661166298}, "datetime": {"elapsed": 72.170951, "delta": 0.352822, "datetime": "2020-06-14 09:46:52"}}
{"target": 7.5, "params": {"beta_enc": 0.07194722016400112, "gamma_fc": 0.7516404040812905, "beta_rec": 0.9710833196254638, "cue_position": 0.0, "gamma_cf": 0.8061631629534083}, "datetime": {"elapsed": 72.498001, "delta": 0.32705, "datetime": "2020-06-14 09:46:52"}}
{"target": 8.875, "params": {"beta_enc": 0.0800609772712173, "gamma_fc": 0.4487372588243219, "beta_rec": 0.48169628302117706, "cue_position": 0.0, "gamma_cf": 0.6724726505249299}, "datetime": {"elapsed": 72.853547, "delta": 0.355546, "datetime": "2020-06-14 09:46:53"}}
{"target": 8.125, "params": {"beta_enc": 0.7043133983839096, "gamma_fc": 0.15098073327964578, "beta_rec": 0.6816453376026229, "cue_position": 0.0, "gamma_cf": 0.6186007425615364}, "datetime": {"elapsed": 73.194139, "delta": 0.340592, "datetime": "2020-06-14 09:46:53"}}
{"target": 6.375, "params": {"beta_enc": 0.760802456305756, "gamma_fc": 0.17667889307234141, "beta_rec": 0.781045822193957, "cue_position": 0.0, "gamma_cf": 0.23376869260410593}, "datetime": {"elapsed": 73.500417, "delta": 0.306278, "datetime": "2020-06-14 09:46:53"}}
{"target": 6.875, "params": {"beta_enc": 0.3910991231067624, "gamma_fc": 0.7600017523497489, "beta_rec": 0.3205646539951602, "cue_position": 0.0, "gamma_cf": 0.6135258996684316}, "datetime": {"elapsed": 73.814595, "delta": 0.314178, "datetime": "2020-06-14 09:46:54"}}
{"target": 5.75, "params": {"beta_enc": 0.4276650996969642, "gamma_fc": 0.19384776750950716, "beta_rec": 0.09944056291558923, "cue_position": 0.0, "gamma_cf": 0.3734071317371953}, "datetime": {"elapsed": 74.104168, "delta": 0.289573, "datetime": "2020-06-14 09:46:54"}}
{"target": 5.0, "params": {"beta_enc": 0.8207464986229382, "gamma_fc": 0.08817368124218106, "beta_rec": 0.5996360084237168, "cue_position": 0.0, "gamma_cf": 0.4911099613042962}, "datetime": {"elapsed": 74.379463, "delta": 0.275295, "datetime": "2020-06-14 09:46:54"}}
{"target": 9.625, "params": {"beta_enc": 0.23507763668617032, "gamma_fc": 0.7293976982561526, "beta_rec": 0.461602080891622, "cue_position": 0.0, "gamma_cf": 0.0254762357788203}, "datetime": {"elapsed": 74.751587, "delta": 0.372124, "datetime": "2020-06-14 09:46:55"}}
{"target": 3.5, "params": {"beta_enc": 0.7249167472191191, "gamma_fc": 0.8646861447635343, "beta_rec": 0.33039174636170277, "cue_position": 0.0, "gamma_cf": 0.42844247595107343}, "datetime": {"elapsed": 74.99724, "delta": 0.245653, "datetime": "2020-06-14 09:46:55"}}
{"target": 4.625, "params": {"beta_enc": 0.6570654246228895, "gamma_fc": 0.8944324184275724, "beta_rec": 0.5810356574180902, "cue_position": 0.0, "gamma_cf": 0.5295466104783949}, "datetime": {"elapsed": 75.268488, "delta": 0.271248, "datetime": "2020-06-14 09:46:55"}}
{"target": 9.375, "params": {"beta_enc": 0.30499397583521604, "gamma_fc": 0.6830743663365642, "beta_rec": 0.8709456091610533, "cue_position": 0.0, "gamma_cf": 0.32984456268188234}, "datetime": {"elapsed": 75.636076, "delta": 0.367588, "datetime": "2020-06-14 09:46:55"}}
{"target": 3.125, "params": {"beta_enc": 0.8992209495659688, "gamma_fc": 0.8497689100179306, "beta_rec": 0.07569688175830336, "cue_position": 0.0, "gamma_cf": 0.1908393632684806}, "datetime": {"elapsed": 75.872596, "delta": 0.23652, "datetime": "2020-06-14 09:46:56"}}
{"target": 4.75, "params": {"beta_enc": 0.6671187886992039, "gamma_fc": 0.8477880437147416, "beta_rec": 0.34433919545005387, "cue_position": 0.0, "gamma_cf": 0.6353709614884534}, "datetime": {"elapsed": 76.145007, "delta": 0.272411, "datetime": "2020-06-14 09:46:56"}}
{"target": 3.25, "params": {"beta_enc": 0.8218493747640105, "gamma_fc": 0.1978327846479193, "beta_rec": 0.6282395971306578, "cue_position": 0.0, "gamma_cf": 0.5899231270757698}, "datetime": {"elapsed": 76.387487, "delta": 0.24248, "datetime": "2020-06-14 09:46:56"}}
{"target": 7.625, "params": {"beta_enc": 0.4293307226164923, "gamma_fc": 0.992700873664818, "beta_rec": 0.3367459987011673, "cue_position": 0.0, "gamma_cf": 0.38023649611726473}, "datetime": {"elapsed": 76.719612, "delta": 0.332125, "datetime": "2020-06-14 09:46:57"}}
{"target": 5.125, "params": {"beta_enc": 0.5188042507334142, "gamma_fc": 0.12341885981472989, "beta_rec": 0.17227970147712546, "cue_position": 0.0, "gamma_cf": 0.37030569377388767}, "datetime": {"elapsed": 76.99795, "delta": 0.278338, "datetime": "2020-06-14 09:46:57"}}
