{"target": 8.095833333333333, "params": {"gamma_fc": 0.14675589081711304, "beta_enc": 0.417022004702574, "gamma_cf": 0.30233257263183977, "beta_rec": 0.7203244934421581, "cue_position": 9.0}, "datetime": {"datetime": "2020-06-20 02:07:45", "elapsed": 0.0, "delta": 0.0}}
{"target": 9.925, "params": {"gamma_fc": 0.538816734003357, "beta_enc": 0.0923385947687978, "gamma_cf": 0.39676747423066994, "beta_rec": 0.1862602113776709, "cue_position": 9.0}, "datetime": {"datetime": "2020-06-20 02:08:17", "elapsed": 31.827399, "delta": 31.827399}}
{"target": 8.591666666666667, "params": {"gamma_fc": 0.027387593197926163, "beta_enc": 0.4191945144032948, "gamma_cf": 0.8781174363909454, "beta_rec": 0.6852195003967595, "cue_position": 9.0}, "datetime": {"datetime": "2020-06-20 02:08:46", "elapsed": 60.887978, "delta": 29.060579}}
{"target": 7.529166666666667, "params": {"gamma_fc": 0.1981014890848788, "beta_enc": 0.6704675101784022, "gamma_cf": 0.14038693859523377, "beta_rec": 0.41730480236712697, "cue_position": 9.0}, "datetime": {"datetime": "2020-06-20 02:09:12", "elapsed": 87.421232, "delta": 26.533254}}
{"target": 7.783333333333333, "params": {"gamma_fc": 0.8763891522960383, "beta_enc": 0.8007445686755367, "gamma_cf": 0.6923226156693141, "beta_rec": 0.9682615757193975, "cue_position": 9.0}, "datetime": {"datetime": "2020-06-20 02:09:40", "elapsed": 114.471438, "delta": 27.050206}}
{"target": 7.0875, "params": {"gamma_fc": 0.8781425034294131, "beta_enc": 0.8946066635038473, "gamma_cf": 0.1698304195645689, "beta_rec": 0.08504421136977791, "cue_position": 9.0}, "datetime": {"datetime": "2020-06-20 02:10:05", "elapsed": 139.928196, "delta": 25.456758}}
{"target": 10.304166666666667, "params": {"gamma_fc": 0.6918771139504734, "beta_enc": 0.0983468338330501, "gamma_cf": 0.5331652849730171, "beta_rec": 0.42110762500505217, "cue_position": 9.0}, "datetime": {"datetime": "2020-06-20 02:10:38", "elapsed": 172.6163, "delta": 32.688104}}
{"target": 8.829166666666667, "params": {"gamma_fc": 0.7501443149449675, "beta_enc": 0.31551563100606295, "gamma_cf": 0.018288277344191806, "beta_rec": 0.6865009276815837, "cue_position": 9.0}, "datetime": {"datetime": "2020-06-20 02:11:07", "elapsed": 202.035782, "delta": 29.419482}}
{"target": 6.533333333333333, "params": {"gamma_fc": 0.10322600657764203, "beta_enc": 0.9888610889064947, "gamma_cf": 0.7892793284514885, "beta_rec": 0.7481656543798394, "cue_position": 9.0}, "datetime": {"datetime": "2020-06-20 02:11:31", "elapsed": 226.36666, "delta": 24.330878}}
{"target": 7.508333333333334, "params": {"gamma_fc": 0.13002857211827767, "beta_enc": 0.44789352617590517, "gamma_cf": 0.28777533858634874, "beta_rec": 0.9085955030930956, "cue_position": 9.0}, "datetime": {"datetime": "2020-06-20 02:11:58", "elapsed": 252.875189, "delta": 26.508529}}
{"target": 9.279166666666667, "params": {"gamma_fc": 0.4915731592803383, "beta_enc": 0.019366957870297075, "gamma_cf": 0.2655466593722262, "beta_rec": 0.678835532939891, "cue_position": 9.0}, "datetime": {"datetime": "2020-06-20 02:12:28", "elapsed": 283.419853, "delta": 30.544664}}
{"target": 10.270833333333334, "params": {"gamma_fc": 0.6997583600209312, "beta_enc": 0.053362545117080384, "gamma_cf": 0.5893055369032842, "beta_rec": 0.5741176054920131, "cue_position": 9.0}, "datetime": {"datetime": "2020-06-20 02:13:01", "elapsed": 316.234365, "delta": 32.814512}}
{"target": 8.75, "params": {"gamma_fc": 0.04995345894608716, "beta_enc": 0.10233442882782584, "gamma_cf": 0.41417926952690265, "beta_rec": 0.4140559878195683, "cue_position": 9.0}, "datetime": {"datetime": "2020-06-20 02:13:31", "elapsed": 345.619889, "delta": 29.385524}}
{"target": 8.491666666666667, "params": {"gamma_fc": 0.5865550405019929, "beta_enc": 0.5358964059155116, "gamma_cf": 0.9445947559908133, "beta_rec": 0.6637946452197888, "cue_position": 9.0}, "datetime": {"datetime": "2020-06-20 02:13:59", "elapsed": 374.438319, "delta": 28.81843}}
{"target": 5.816666666666666, "params": {"gamma_fc": 0.3976768369855336, "beta_enc": 0.9034019152878835, "gamma_cf": 0.8073912887095238, "beta_rec": 0.13747470414623753, "cue_position": 9.0}, "datetime": {"datetime": "2020-06-20 02:14:22", "elapsed": 397.261893, "delta": 22.823574}}
{"target": 10.204166666666667, "params": {"gamma_fc": 0.7259979853504515, "beta_enc": 0.16535419711693278, "gamma_cf": 0.7508121031361555, "beta_rec": 0.9275085803960339, "cue_position": 9.0}, "datetime": {"datetime": "2020-06-20 02:14:55", "elapsed": 429.881792, "delta": 32.619899}}
{"target": 7.095833333333333, "params": {"gamma_fc": 0.2699278917650261, "beta_enc": 0.8833060912058098, "gamma_cf": 0.34889834197784253, "beta_rec": 0.6236722070556089, "cue_position": 9.0}, "datetime": {"datetime": "2020-06-20 02:15:21", "elapsed": 455.689655, "delta": 25.807863}}
{"target": 6.983333333333333, "params": {"gamma_fc": 0.6216957202091218, "beta_enc": 0.8958862181960668, "gamma_cf": 0.6634414978184481, "beta_rec": 0.4280911898712949, "cue_position": 9.0}, "datetime": {"datetime": "2020-06-20 02:15:46", "elapsed": 481.228454, "delta": 25.538799}}
{"target": 9.8375, "params": {"gamma_fc": 0.40813680276128117, "beta_enc": 0.11474597295337519, "gamma_cf": 0.5783896143871318, "beta_rec": 0.9494892587070712, "cue_position": 9.0}, "datetime": {"datetime": "2020-06-20 02:16:20", "elapsed": 514.884099, "delta": 33.655645}}
{"target": 7.979166666666667, "params": {"gamma_fc": 0.6171449136207239, "beta_enc": 0.2370269802430277, "gamma_cf": 0.00287032703115897, "beta_rec": 0.9033795205622538, "cue_position": 9.0}, "datetime": {"datetime": "2020-06-20 02:16:46", "elapsed": 541.298632, "delta": 26.414533}}
{"target": 9.870833333333334, "params": {"gamma_fc": 0.9085351509197992, "beta_enc": 0.32664490177209615, "gamma_cf": 0.35726976000249977, "beta_rec": 0.5270581022576093, "cue_position": 9.0}, "datetime": {"datetime": "2020-06-20 02:17:18", "elapsed": 573.441482, "delta": 32.14285}}
{"target": 8.504166666666666, "params": {"gamma_fc": 0.9973228504514805, "beta_enc": 0.6233601157918027, "gamma_cf": 0.690896917516924, "beta_rec": 0.015821242846556283, "cue_position": 9.0}, "datetime": {"datetime": "2020-06-20 02:17:47", "elapsed": 602.266817, "delta": 28.825335}}
{"target": 10.170833333333333, "params": {"gamma_fc": 0.06600017272206249, "beta_enc": 0.17234050834532855, "gamma_cf": 0.6968181614899002, "beta_rec": 0.13713574962887776, "cue_position": 9.0}, "datetime": {"datetime": "2020-06-20 02:18:08", "elapsed": 622.982234, "delta": 20.715417}}
{"target": 8.2, "params": {"gamma_fc": 0.1242709619721647, "beta_enc": 0.7554630526024664, "gamma_cf": 0.7115247586284718, "beta_rec": 0.7538761884612464, "cue_position": 9.0}, "datetime": {"datetime": "2020-06-20 02:18:24", "elapsed": 638.977032, "delta": 15.994798}}
{"target": 10.445833333333333, "params": {"gamma_fc": 0.860027948682888, "beta_enc": 0.01988013383979559, "gamma_cf": 0.2462110676030459, "beta_rec": 0.026210986877719278, "cue_position": 9.0}, "datetime": {"datetime": "2020-06-20 02:18:55", "elapsed": 669.466383, "delta": 30.489351}}
{"target": 7.829166666666667, "params": {"gamma_fc": 0.2791836790111395, "beta_enc": 0.5388310643416528, "gamma_cf": 0.12417331511991114, "beta_rec": 0.5528219786857659, "cue_position": 9.0}, "datetime": {"datetime": "2020-06-20 02:19:28", "elapsed": 702.69107, "delta": 33.224687}}
{"target": 8.729166666666666, "params": {"gamma_fc": 0.8006326726806163, "beta_enc": 0.5857592714582879, "gamma_cf": 0.01864728937294302, "beta_rec": 0.9695957483196745, "cue_position": 9.0}, "datetime": {"datetime": "2020-06-20 02:19:56", "elapsed": 730.726462, "delta": 28.035392}}
{"target": 10.083333333333334, "params": {"gamma_fc": 0.7471216427371846, "beta_enc": 0.23297427384102043, "gamma_cf": 0.8635418545594287, "beta_rec": 0.8071051956187791, "cue_position": 9.0}, "datetime": {"datetime": "2020-06-20 02:20:26", "elapsed": 761.409015, "delta": 30.682553}}
{"target": 7.858333333333333, "params": {"gamma_fc": 0.044551878544761725, "beta_enc": 0.5562402339904189, "gamma_cf": 0.12134345574073735, "beta_rec": 0.13645522566068502, "cue_position": 9.0}, "datetime": {"datetime": "2020-06-20 02:20:52", "elapsed": 787.112053, "delta": 25.703038}}
{"target": 9.854166666666666, "params": {"gamma_fc": 0.012555980159115854, "beta_enc": 0.1074941291060929, "gamma_cf": 0.5597169820541424, "beta_rec": 0.2257093386078547, "cue_position": 9.0}, "datetime": {"datetime": "2020-06-20 02:21:23", "elapsed": 817.654735, "delta": 30.542682}}
{"target": 7.595833333333333, "params": {"gamma_fc": 0.2523257445703234, "beta_enc": 0.07197427968948678, "gamma_cf": 0.20329323466099047, "beta_rec": 0.967276330000272, "cue_position": 9.0}, "datetime": {"datetime": "2020-06-20 02:21:48", "elapsed": 843.133587, "delta": 25.478852}}
{"target": 6.716666666666667, "params": {"gamma_fc": 0.8468288014900353, "beta_enc": 0.7438258540750929, "gamma_cf": 0.9700199890883123, "beta_rec": 0.1954294811093188, "cue_position": 9.0}, "datetime": {"datetime": "2020-06-20 02:22:11", "elapsed": 866.283756, "delta": 23.150169}}
{"target": 9.775, "params": {"gamma_fc": 0.15679139464608427, "beta_enc": 0.23984775914758616, "gamma_cf": 0.8289808995501787, "beta_rec": 0.49376971426872995, "cue_position": 9.0}, "datetime": {"datetime": "2020-06-20 02:22:41", "elapsed": 895.81331, "delta": 29.529554}}
{"target": 10.433333333333334, "params": {"gamma_fc": 0.5688514370864813, "beta_enc": 0.018576202177409518, "gamma_cf": 0.6063294616533303, "beta_rec": 0.07002214371922233, "cue_position": 9.0}, "datetime": {"datetime": "2020-06-20 02:23:12", "elapsed": 926.671164, "delta": 30.857854}}
{"target": 9.4875, "params": {"gamma_fc": 0.5509482191178968, "beta_enc": 0.31736240932216075, "gamma_cf": 0.3801411726235504, "beta_rec": 0.9886161544124489, "cue_position": 9.0}, "datetime": {"datetime": "2020-06-20 02:23:41", "elapsed": 955.528954, "delta": 28.85779}}
{"target": 7.65, "params": {"gamma_fc": 0.3700841979141063, "beta_enc": 0.7453344309065021, "gamma_cf": 0.06633483442844157, "beta_rec": 0.6692328934531846, "cue_position": 9.0}, "datetime": {"datetime": "2020-06-20 02:24:06", "elapsed": 980.597441, "delta": 25.068487}}
{"target": 7.8, "params": {"gamma_fc": 0.26031509857854096, "beta_enc": 0.6297175070215645, "gamma_cf": 0.06653648135411494, "beta_rec": 0.2101740099148396, "cue_position": 9.0}, "datetime": {"datetime": "2020-06-20 02:24:31", "elapsed": 1006.036696, "delta": 25.439255}}
{"target": 7.683333333333334, "params": {"gamma_fc": 0.9248079703993507, "beta_enc": 0.8047545637433454, "gamma_cf": 0.5246703091237337, "beta_rec": 0.19343428262332774, "cue_position": 9.0}, "datetime": {"datetime": "2020-06-20 02:24:56", "elapsed": 1031.235315, "delta": 25.198619}}
{"target": 10.058333333333334, "params": {"gamma_fc": 0.907815852503524, "beta_enc": 0.263296770487111, "gamma_cf": 0.7721780295432468, "beta_rec": 0.06596109068402378, "cue_position": 9.0}, "datetime": {"datetime": "2020-06-20 02:25:25", "elapsed": 1059.782029, "delta": 28.546714}}
{"target": 5.695833333333334, "params": {"gamma_fc": 0.9490163206876164, "beta_enc": 0.9319720691968373, "gamma_cf": 0.6167783570016576, "beta_rec": 0.013951572975597015, "cue_position": 9.0}, "datetime": {"datetime": "2020-06-20 02:25:44", "elapsed": 1079.150444, "delta": 19.368415}}
{"target": 6.775, "params": {"gamma_fc": 0.39000771414124624, "beta_enc": 0.9501761192470797, "gamma_cf": 0.6415662089463375, "beta_rec": 0.5566531881951564, "cue_position": 9.0}, "datetime": {"datetime": "2020-06-20 02:26:06", "elapsed": 1100.575557, "delta": 21.425113}}
{"target": 9.454166666666667, "params": {"gamma_fc": 0.9187334356336061, "beta_enc": 0.48599066709690975, "gamma_cf": 0.9261814267064536, "beta_rec": 0.6043104829199732, "cue_position": 9.0}, "datetime": {"datetime": "2020-06-20 02:26:32", "elapsed": 1127.114793, "delta": 26.539236}}
{"target": 6.704166666666667, "params": {"gamma_fc": 0.13507915804673132, "beta_enc": 0.3948756129235549, "gamma_cf": 0.12632951943963733, "beta_rec": 0.9632625284407118, "cue_position": 9.0}, "datetime": {"datetime": "2020-06-20 02:26:53", "elapsed": 1148.401079, "delta": 21.286286}}
{"target": 9.0625, "params": {"gamma_fc": 0.015018980742122379, "beta_enc": 0.5056621656768967, "gamma_cf": 0.8271154711707325, "beta_rec": 0.021524805274197978, "cue_position": 9.0}, "datetime": {"datetime": "2020-06-20 02:27:19", "elapsed": 1174.2321, "delta": 25.831021}}
{"target": 10.279166666666667, "params": {"gamma_fc": 0.34473665268329345, "beta_enc": 0.17619625557505525, "gamma_cf": 0.8094906921265821, "beta_rec": 0.332063574366837, "cue_position": 9.0}, "datetime": {"datetime": "2020-06-20 02:27:47", "elapsed": 1202.36618, "delta": 28.13408}}
{"target": 5.0875, "params": {"gamma_fc": 0.9053923187086492, "beta_enc": 0.9401074823333672, "gamma_cf": 0.8447344453922219, "beta_rec": 0.58201417994708, "cue_position": 9.0}, "datetime": {"datetime": "2020-06-20 02:28:06", "elapsed": 1220.57336, "delta": 18.20718}}
{"target": 9.154166666666667, "params": {"gamma_fc": 0.4902535226199277, "beta_enc": 0.45988026581680697, "gamma_cf": 0.28571885173414757, "beta_rec": 0.5463468160203733, "cue_position": 9.0}, "datetime": {"datetime": "2020-06-20 02:28:32", "elapsed": 1246.54947, "delta": 25.97611}}
{"target": 8.875, "params": {"gamma_fc": 0.8073605288848414, "beta_enc": 0.5991103076458784, "gamma_cf": 0.4336763489894583, "beta_rec": 0.015533275550835723, "cue_position": 9.0}, "datetime": {"datetime": "2020-06-20 02:28:57", "elapsed": 1272.052301, "delta": 25.502831}}
{"target": 9.425, "params": {"gamma_fc": 0.7879292338255043, "beta_enc": 0.31524480309537295, "gamma_cf": 0.18401020162746506, "beta_rec": 0.8928887085251513, "cue_position": 9.0}, "datetime": {"datetime": "2020-06-20 02:29:24", "elapsed": 1299.146093, "delta": 27.093792}}
{"target": 8.545833333333333, "params": {"gamma_fc": 0.9186017779775258, "beta_enc": 0.6120311770449339, "gamma_cf": 0.6790688365654296, "beta_rec": 0.053909272073752956, "cue_position": 9.0}, "datetime": {"datetime": "2020-06-20 02:29:52", "elapsed": 1327.126347, "delta": 27.980254}}
{"target": 10.416666666666666, "params": {"gamma_fc": 0.604716100974053, "beta_enc": 0.00040202489135743313, "gamma_cf": 0.9737835383583225, "beta_rec": 0.9767591490310596, "cue_position": 9.0}, "datetime": {"datetime": "2020-06-20 02:30:24", "elapsed": 1358.54826, "delta": 31.421913}}
{"target": 8.208333333333334, "params": {"gamma_fc": 0.586833340656083, "beta_enc": 0.828845807980693, "gamma_cf": 0.28557628169569393, "beta_rec": 0.5747115047081023, "cue_position": 9.0}, "datetime": {"datetime": "2020-06-20 02:30:49", "elapsed": 1384.00369, "delta": 25.45543}}
{"target": 7.7, "params": {"gamma_fc": 0.8644794300545998, "beta_enc": 0.7500217637026599, "gamma_cf": 0.698057248447303, "beta_rec": 0.8583138364290424, "cue_position": 9.0}, "datetime": {"datetime": "2020-06-20 02:31:13", "elapsed": 1408.417531, "delta": 24.413841}}
{"target": 9.604166666666666, "params": {"gamma_fc": 0.4108113499221856, "beta_enc": 0.32268099683674645, "gamma_cf": 0.3821027520315172, "beta_rec": 0.6707887907875872, "cue_position": 9.0}, "datetime": {"datetime": "2020-06-20 02:31:42", "elapsed": 1436.857371, "delta": 28.43984}}
{"target": 9.858333333333333, "params": {"gamma_fc": 0.9738020779272523, "beta_enc": 0.4014795834695406, "gamma_cf": 0.43024727082126435, "beta_rec": 0.3173839459582769, "cue_position": 9.0}, "datetime": {"datetime": "2020-06-20 02:32:10", "elapsed": 1465.394097, "delta": 28.536726}}
{"target": 8.6375, "params": {"gamma_fc": 0.7976388039585666, "beta_enc": 0.6778008914343111, "gamma_cf": 0.343346239774423, "beta_rec": 0.19856988842711087, "cue_position": 9.0}, "datetime": {"datetime": "2020-06-20 02:32:37", "elapsed": 1491.509165, "delta": 26.115068}}
{"target": 7.445833333333334, "params": {"gamma_fc": 0.25236670150458973, "beta_enc": 0.8799982885634318, "gamma_cf": 0.2702082620297578, "beta_rec": 0.903841955826372, "cue_position": 9.0}, "datetime": {"datetime": "2020-06-20 02:33:00", "elapsed": 1515.227863, "delta": 23.718698}}
{"target": 7.820833333333334, "params": {"gamma_fc": 0.7331425252875111, "beta_enc": 0.8548979426974024, "gamma_cf": 0.5724885171916063, "beta_rec": 0.5277146463087466, "cue_position": 9.0}, "datetime": {"datetime": "2020-06-20 02:33:25", "elapsed": 1539.673395, "delta": 24.445532}}
{"target": 8.958333333333334, "params": {"gamma_fc": 0.3426889079532818, "beta_enc": 0.5190116274640558, "gamma_cf": 0.4657098785919809, "beta_rec": 0.770883910501888, "cue_position": 9.0}, "datetime": {"datetime": "2020-06-20 02:33:51", "elapsed": 1566.370614, "delta": 26.697219}}
{"target": 10.3875, "params": {"gamma_fc": 0.18161285133076377, "beta_enc": 0.06820934841670412, "gamma_cf": 0.982817113730445, "beta_rec": 0.37792417932809985, "cue_position": 9.0}, "datetime": {"datetime": "2020-06-20 02:34:21", "elapsed": 1595.864128, "delta": 29.493514}}
{"target": 7.775, "params": {"gamma_fc": 0.16097143681560877, "beta_enc": 0.8118586977205398, "gamma_cf": 0.5694944127453757, "beta_rec": 0.8749616449558981, "cue_position": 9.0}, "datetime": {"datetime": "2020-06-20 02:34:45", "elapsed": 1620.240941, "delta": 24.376813}}
{"target": 9.566666666666666, "params": {"gamma_fc": 0.31226983770191696, "beta_enc": 0.4668800227633063, "gamma_cf": 0.5925118687657968, "beta_rec": 0.345172051155215, "cue_position": 9.0}, "datetime": {"datetime": "2020-06-20 02:35:21", "elapsed": 1656.31095, "delta": 36.070009}}
{"target": 6.395833333333333, "params": {"gamma_fc": 0.19296273201911285, "beta_enc": 0.9163055534683507, "gamma_cf": 0.1108913007440292, "beta_rec": 0.9096355249515571, "cue_position": 9.0}, "datetime": {"datetime": "2020-06-20 02:35:43", "elapsed": 1677.649772, "delta": 21.338822}}
{"target": 9.295833333333333, "params": {"gamma_fc": 0.851671874936367, "beta_enc": 0.49958417067888605, "gamma_cf": 0.24803355837723073, "beta_rec": 0.7285856679745962, "cue_position": 9.0}, "datetime": {"datetime": "2020-06-20 02:36:10", "elapsed": 1704.672129, "delta": 27.022357}}
{"target": 8.725, "params": {"gamma_fc": 0.5158570169685298, "beta_enc": 0.41584871826752734, "gamma_cf": 0.10196725942579743, "beta_rec": 0.6166850671552362, "cue_position": 9.0}, "datetime": {"datetime": "2020-06-20 02:36:36", "elapsed": 1730.640721, "delta": 25.968592}}
{"target": 9.591666666666667, "params": {"gamma_fc": 0.6541373469707443, "beta_enc": 0.47714098704978236, "gamma_cf": 0.5440101188139381, "beta_rec": 0.15267164409316325, "cue_position": 9.0}, "datetime": {"datetime": "2020-06-20 02:37:03", "elapsed": 1758.142873, "delta": 27.502152}}
{"target": 10.2875, "params": {"gamma_fc": 0.7852960282216189, "beta_enc": 0.1445455401246598, "gamma_cf": 0.519351824366033, "beta_rec": 0.7515278171352439, "cue_position": 9.0}, "datetime": {"datetime": "2020-06-20 02:37:32", "elapsed": 1786.903193, "delta": 28.76032}}
{"target": 10.554166666666667, "params": {"gamma_fc": 0.5384405925945437, "beta_enc": 0.02233042799180618, "gamma_cf": 0.8447096076020696, "beta_rec": 0.3243624597261865, "cue_position": 9.0}, "datetime": {"datetime": "2020-06-20 02:38:01", "elapsed": 1815.943732, "delta": 29.040539}}
{"target": 8.45, "params": {"gamma_fc": 0.09874340182034835, "beta_enc": 0.866608274166513, "gamma_cf": 0.8541154438365387, "beta_rec": 0.9498059913536265, "cue_position": 9.0}, "datetime": {"datetime": "2020-06-20 02:38:26", "elapsed": 1841.199656, "delta": 25.255924}}
{"target": 8.045833333333333, "params": {"gamma_fc": 0.03457121987163425, "beta_enc": 0.651304332340991, "gamma_cf": 0.799615261736028, "beta_rec": 0.703516988152653, "cue_position": 9.0}, "datetime": {"datetime": "2020-06-20 02:38:57", "elapsed": 1871.671598, "delta": 30.471942}}
{"target": 8.675, "params": {"gamma_fc": 0.6323033174301278, "beta_enc": 0.7702387345549799, "gamma_cf": 0.2570692988221467, "beta_rec": 0.731728600739527, "cue_position": 9.0}, "datetime": {"datetime": "2020-06-20 02:39:22", "elapsed": 1897.365028, "delta": 25.69343}}
{"target": 10.154166666666667, "params": {"gamma_fc": 0.9904717836238407, "beta_enc": 0.34529746159108154, "gamma_cf": 0.7827494147841719, "beta_rec": 0.7965886780072875, "cue_position": 9.0}, "datetime": {"datetime": "2020-06-20 02:39:51", "elapsed": 1925.904643, "delta": 28.539615}}
{"target": 10.145833333333334, "params": {"gamma_fc": 0.9747403708550822, "beta_enc": 0.30024833953390007, "gamma_cf": 0.5415593788873733, "beta_rec": 0.14300582825809938, "cue_position": 9.0}, "datetime": {"datetime": "2020-06-20 02:40:19", "elapsed": 1954.417837, "delta": 28.513194}}
{"target": 8.508333333333333, "params": {"gamma_fc": 0.1354279030721699, "beta_enc": 0.6366044000018972, "gamma_cf": 0.5264259339055213, "beta_rec": 0.9939130246104789, "cue_position": 9.0}, "datetime": {"datetime": "2020-06-20 02:40:45", "elapsed": 1980.173864, "delta": 25.756027}}
{"target": 9.841666666666667, "params": {"gamma_fc": 0.03039968992878883, "beta_enc": 0.3557051709838811, "gamma_cf": 0.7456371927074961, "beta_rec": 0.026218567296373285, "cue_position": 9.0}, "datetime": {"datetime": "2020-06-20 02:41:18", "elapsed": 2013.026377, "delta": 32.852513}}
{"target": 9.604166666666666, "params": {"gamma_fc": 0.18863680095531088, "beta_enc": 0.36654309724374434, "gamma_cf": 0.6909421420661686, "beta_rec": 0.8623462528380441, "cue_position": 9.0}, "datetime": {"datetime": "2020-06-20 02:41:47", "elapsed": 2041.721547, "delta": 28.69517}}
{"target": 8.2375, "params": {"gamma_fc": 0.24773290176235485, "beta_enc": 0.44190428074842336, "gamma_cf": 0.20390622523312185, "beta_rec": 0.5815774073442912, "cue_position": 9.0}, "datetime": {"datetime": "2020-06-20 02:42:17", "elapsed": 2071.999095, "delta": 30.277548}}
{"target": 8.2, "params": {"gamma_fc": 0.5085162406102396, "beta_enc": 0.26217308377291193, "gamma_cf": 0.05692943841109499, "beta_rec": 0.7501724132979928, "cue_position": 9.0}, "datetime": {"datetime": "2020-06-20 02:42:43", "elapsed": 2097.701689, "delta": 25.702594}}
