{"target": 5.450888888888889, "params": {"gamma_fc": 0.7827494147841719, "beta_enc": 0.7965886780072875, "beta_rec": 0.44614623200345727, "primacy": 0.7}, "datetime": {"delta": 17.698681, "datetime": "2020-11-23 15:08:06", "elapsed": 1782.675618}}
{"target": 7.403333333333334, "params": {"gamma_fc": 0.9013084363492738, "beta_enc": 0.30024833953390007, "beta_rec": 0.14300582825809938, "primacy": 0.7}, "datetime": {"delta": 21.084658, "datetime": "2020-11-23 15:08:27", "elapsed": 1803.760276}}
{"target": 2.4531111111111112, "params": {"gamma_fc": 0.9939130246104789, "beta_enc": 0.9747403708550822, "beta_rec": 0.6366044000018972, "primacy": 0.7}, "datetime": {"delta": 12.335957, "datetime": "2020-11-23 15:08:39", "elapsed": 1816.096233}}
{"target": 6.733777777777777, "params": {"gamma_fc": 0.3557051709838811, "beta_enc": 0.5264259339055213, "beta_rec": 0.1354279030721699, "primacy": 0.7}, "datetime": {"delta": 19.99278, "datetime": "2020-11-23 15:08:59", "elapsed": 1836.089013}}
{"target": 7.392666666666666, "params": {"gamma_fc": 0.03039968992878883, "beta_enc": 0.1603951795196491, "beta_rec": 0.7456371927074961, "primacy": 0.7}, "datetime": {"delta": 20.986741, "datetime": "2020-11-23 15:09:20", "elapsed": 1857.075754}}
{"target": 5.496222222222222, "params": {"gamma_fc": 0.6909421420661686, "beta_enc": 0.8623462528380441, "beta_rec": 0.6926777175073543, "primacy": 0.7}, "datetime": {"delta": 17.731108, "datetime": "2020-11-23 15:09:38", "elapsed": 1874.806862}}
{"target": 7.259555555555555, "params": {"gamma_fc": 0.9897517076637052, "beta_enc": 0.44190428074842336, "beta_rec": 0.5815774073442912, "primacy": 0.7}, "datetime": {"delta": 20.811527, "datetime": "2020-11-23 15:09:59", "elapsed": 1895.618389}}
{"target": 7.534666666666666, "params": {"gamma_fc": 0.7501724132979928, "beta_enc": 0.24773290176235485, "beta_rec": 0.26217308377291193, "primacy": 0.7}, "datetime": {"delta": 21.272894, "datetime": "2020-11-23 15:10:20", "elapsed": 1916.891283}}
{"target": 7.557777777777778, "params": {"gamma_fc": 0.21196016464367595, "beta_enc": 0.05692943841109499, "beta_rec": 0.5085162406102396, "primacy": 0.7}, "datetime": {"delta": 21.306597, "datetime": "2020-11-23 15:10:41", "elapsed": 1938.19788}}
{"target": 7.334888888888889, "params": {"gamma_fc": 0.593432449464621, "beta_enc": 0.29733138150727223, "beta_rec": 0.02760601195450363, "primacy": 0.7}, "datetime": {"delta": 20.946557, "datetime": "2020-11-23 15:11:02", "elapsed": 1959.144437}}
{"target": 7.351777777777778, "params": {"gamma_fc": 0.5111414782971282, "beta_enc": 0.3810161240622142, "beta_rec": 0.7498583107261434, "primacy": 0.7}, "datetime": {"delta": 20.996311, "datetime": "2020-11-23 15:11:23", "elapsed": 1980.140748}}
{"target": 7.271111111111111, "params": {"gamma_fc": 0.03232306662357398, "beta_enc": 0.9594343210617524, "beta_rec": 0.8039608914986468, "primacy": 0.7}, "datetime": {"delta": 20.702341, "datetime": "2020-11-23 15:11:44", "elapsed": 2000.843089}}
{"target": 7.196888888888888, "params": {"gamma_fc": 0.2214327343234883, "beta_enc": 0.46500148156350607, "beta_rec": 0.9475489413950998, "primacy": 0.7}, "datetime": {"delta": 20.73723, "datetime": "2020-11-23 15:12:05", "elapsed": 2021.580319}}
{"target": 7.534222222222222, "params": {"gamma_fc": 0.10901876401906829, "beta_enc": 0.081473964877262, "beta_rec": 0.42861882866378653, "primacy": 0.7}, "datetime": {"delta": 21.300489, "datetime": "2020-11-23 15:12:26", "elapsed": 2042.880808}}
{"target": 5.882, "params": {"gamma_fc": 0.7662113810757705, "beta_enc": 0.8029632373737379, "beta_rec": 0.6968004961201785, "primacy": 0.7}, "datetime": {"delta": 18.423701, "datetime": "2020-11-23 15:12:44", "elapsed": 2061.304509}}
{"target": 4.787777777777778, "params": {"gamma_fc": 0.8240098704123188, "beta_enc": 0.8458514830276777, "beta_rec": 0.42876877499944255, "primacy": 0.7}, "datetime": {"delta": 16.539738, "datetime": "2020-11-23 15:13:01", "elapsed": 2077.844247}}
{"target": 7.514, "params": {"gamma_fc": 0.01833264291300729, "beta_enc": 0.1434230486702449, "beta_rec": 0.07838689985494796, "primacy": 0.7}, "datetime": {"delta": 21.2223, "datetime": "2020-11-23 15:13:22", "elapsed": 2099.066547}}
{"target": 6.908222222222223, "params": {"gamma_fc": 0.027783348848669953, "beta_enc": 0.4585838137084318, "beta_rec": 0.11334192276759048, "primacy": 0.7}, "datetime": {"delta": 20.229818, "datetime": "2020-11-23 15:13:42", "elapsed": 2119.296365}}
{"target": 7.373555555555555, "params": {"gamma_fc": 0.45240482674645155, "beta_enc": 0.3948504804606394, "beta_rec": 0.7469384956075251, "primacy": 0.7}, "datetime": {"delta": 20.980316, "datetime": "2020-11-23 15:14:03", "elapsed": 2140.276681}}
{"target": 7.225333333333333, "params": {"gamma_fc": 0.8031633421141696, "beta_enc": 0.47807250671783097, "beta_rec": 0.47400392656219403, "primacy": 0.7}, "datetime": {"delta": 20.754419, "datetime": "2020-11-23 15:14:24", "elapsed": 2161.0311}}
{"target": 3.3624444444444443, "params": {"gamma_fc": 0.7738743427204187, "beta_enc": 0.904686160343623, "beta_rec": 0.037061047954035864, "primacy": 0.7}, "datetime": {"delta": 13.951519, "datetime": "2020-11-23 15:14:38", "elapsed": 2174.982619}}
{"target": 5.618666666666666, "params": {"gamma_fc": 0.538627282576347, "beta_enc": 0.6185135669120855, "beta_rec": 0.010364261335231939, "primacy": 0.7}, "datetime": {"delta": 17.996845, "datetime": "2020-11-23 15:14:56", "elapsed": 2192.979464}}
{"target": 4.013777777777778, "params": {"gamma_fc": 0.7959669419422694, "beta_enc": 0.9511937854902045, "beta_rec": 0.905402033702778, "primacy": 0.7}, "datetime": {"delta": 15.091866, "datetime": "2020-11-23 15:15:11", "elapsed": 2208.07133}}
{"target": 7.540444444444444, "params": {"gamma_fc": 0.187631672902434, "beta_enc": 0.14555823115839706, "beta_rec": 0.15773006987053328, "primacy": 0.7}, "datetime": {"delta": 21.216822, "datetime": "2020-11-23 15:15:32", "elapsed": 2229.288152}}
{"target": 5.711555555555556, "params": {"gamma_fc": 0.7111224587658159, "beta_enc": 0.9058094960083019, "beta_rec": 0.9899551783590737, "primacy": 0.7}, "datetime": {"delta": 18.114182, "datetime": "2020-11-23 15:15:51", "elapsed": 2247.402334}}
{"target": 5.054666666666668, "params": {"gamma_fc": 0.24985068022503676, "beta_enc": 0.9092932045442544, "beta_rec": 0.4008737323711209, "primacy": 0.7}, "datetime": {"delta": 16.981057, "datetime": "2020-11-23 15:16:07", "elapsed": 2264.383391}}
{"target": 7.549333333333332, "params": {"gamma_fc": 0.14679237341724316, "beta_enc": 0.119457050333729, "beta_rec": 0.8126105880328287, "primacy": 0.7}, "datetime": {"delta": 21.280754, "datetime": "2020-11-23 15:16:29", "elapsed": 2285.664145}}
{"target": 4.78088888888889, "params": {"gamma_fc": 0.9824174492929428, "beta_enc": 0.8190891786335308, "beta_rec": 0.31058725179421, "primacy": 0.7}, "datetime": {"delta": 16.495634, "datetime": "2020-11-23 15:16:45", "elapsed": 2302.159779}}
{"target": 6.887555555555556, "params": {"gamma_fc": 0.9107728311738374, "beta_enc": 0.5336533449712114, "beta_rec": 0.31446701118584963, "primacy": 0.7}, "datetime": {"delta": 20.147444, "datetime": "2020-11-23 15:17:05", "elapsed": 2322.307223}}
{"target": 7.308888888888889, "params": {"gamma_fc": 0.9388864773697133, "beta_enc": 0.43359232727316455, "beta_rec": 0.5122926922783614, "primacy": 0.7}, "datetime": {"delta": 20.899841, "datetime": "2020-11-23 15:17:26", "elapsed": 2343.207064}}
{"target": 7.455555555555554, "params": {"gamma_fc": 0.027287223517468817, "beta_enc": 0.7168786636316892, "beta_rec": 0.8910189542923389, "primacy": 0.7}, "datetime": {"delta": 21.154577, "datetime": "2020-11-23 15:17:47", "elapsed": 2364.361641}}
{"target": 7.430666666666667, "params": {"gamma_fc": 0.5585165509225178, "beta_enc": 0.3259898117700253, "beta_rec": 0.8594893208655858, "primacy": 0.7}, "datetime": {"delta": 21.164692, "datetime": "2020-11-23 15:18:09", "elapsed": 2385.526333}}
{"target": 7.341111111111111, "params": {"gamma_fc": 0.2900968516874258, "beta_enc": 0.45285349995153745, "beta_rec": 0.6283090375213571, "primacy": 0.7}, "datetime": {"delta": 20.98006, "datetime": "2020-11-23 15:18:30", "elapsed": 2406.506393}}
{"target": 6.888666666666666, "params": {"gamma_fc": 0.5172675985011298, "beta_enc": 0.5767559349870908, "beta_rec": 0.3114442141324628, "primacy": 0.7}, "datetime": {"delta": 20.202169, "datetime": "2020-11-23 15:18:50", "elapsed": 2426.708562}}
{"target": 7.3086666666666655, "params": {"gamma_fc": 0.37129376127905445, "beta_enc": 0.426474788501396, "beta_rec": 0.2473960366023854, "primacy": 0.7}, "datetime": {"delta": 20.927967, "datetime": "2020-11-23 15:19:11", "elapsed": 2447.636529}}
{"target": 3.710666666666667, "params": {"gamma_fc": 0.9202065143056605, "beta_enc": 0.9368683813090937, "beta_rec": 0.8443299485657132, "primacy": 0.7}, "datetime": {"delta": 14.672066, "datetime": "2020-11-23 15:19:25", "elapsed": 2462.308595}}
{"target": 7.537333333333334, "params": {"gamma_fc": 0.31437661611405043, "beta_enc": 0.08748220955359087, "beta_rec": 0.22730973628468876, "primacy": 0.7}, "datetime": {"delta": 21.330291, "datetime": "2020-11-23 15:19:47", "elapsed": 2483.638886}}
{"target": 6.7333333333333325, "params": {"gamma_fc": 0.8163515118272141, "beta_enc": 0.6070941619724605, "beta_rec": 0.41358641500116133, "primacy": 0.7}, "datetime": {"delta": 19.922501, "datetime": "2020-11-23 15:20:07", "elapsed": 2503.561387}}
{"target": 6.039111111111111, "params": {"gamma_fc": 0.5742190888408597, "beta_enc": 0.7018765297563104, "beta_rec": 0.24035562484913886, "primacy": 0.7}, "datetime": {"delta": 18.708148, "datetime": "2020-11-23 15:20:25", "elapsed": 2522.269535}}
{"target": 7.526222222222222, "params": {"gamma_fc": 0.6641025553547935, "beta_enc": 0.05696439948283272, "beta_rec": 0.22881367096037586, "primacy": 0.7}, "datetime": {"delta": 21.268656, "datetime": "2020-11-23 15:20:47", "elapsed": 2543.538191}}
{"target": 6.843999999999999, "params": {"gamma_fc": 0.5707158515462564, "beta_enc": 0.5190159840736788, "beta_rec": 0.1747201501089225, "primacy": 0.7}, "datetime": {"delta": 20.171539, "datetime": "2020-11-23 15:21:07", "elapsed": 2563.70973}}
{"target": 5.145333333333332, "params": {"gamma_fc": 0.9759890683309049, "beta_enc": 0.8168351087916219, "beta_rec": 0.5943726238309778, "primacy": 0.7}, "datetime": {"delta": 17.191564, "datetime": "2020-11-23 15:21:24", "elapsed": 2580.901294}}
{"target": 5.870888888888888, "params": {"gamma_fc": 0.09357709581748075, "beta_enc": 0.5956079336026455, "beta_rec": 0.032426325314457105, "primacy": 0.7}, "datetime": {"delta": 18.549363, "datetime": "2020-11-23 15:21:43", "elapsed": 2599.450657}}
{"target": 7.199111111111111, "params": {"gamma_fc": 0.9753500342702865, "beta_enc": 0.4517331486914753, "beta_rec": 0.37543483316785775, "primacy": 0.7}, "datetime": {"delta": 20.789493, "datetime": "2020-11-23 15:22:03", "elapsed": 2620.24015}}
{"target": 3.1535555555555557, "params": {"gamma_fc": 0.8242378396244978, "beta_enc": 0.9727875919326552, "beta_rec": 0.7674748688630131, "primacy": 0.7}, "datetime": {"delta": 13.638235, "datetime": "2020-11-23 15:22:17", "elapsed": 2633.878385}}
{"target": 6.962888888888889, "params": {"gamma_fc": 0.013136356923072245, "beta_enc": 0.668732770206732, "beta_rec": 0.47688233352119336, "primacy": 0.7}, "datetime": {"delta": 20.365481, "datetime": "2020-11-23 15:22:37", "elapsed": 2654.243866}}
{"target": 7.3197777777777775, "params": {"gamma_fc": 0.4686283427461092, "beta_enc": 0.49207180149355845, "beta_rec": 0.7300912110901043, "primacy": 0.7}, "datetime": {"delta": 20.928215, "datetime": "2020-11-23 15:22:58", "elapsed": 2675.172081}}
{"target": 7.532444444444446, "params": {"gamma_fc": 0.7582782604769962, "beta_enc": 0.13766274094560316, "beta_rec": 0.01088873380347899, "primacy": 0.7}, "datetime": {"delta": 21.521359, "datetime": "2020-11-23 15:23:20", "elapsed": 2696.69344}}
{"target": 3.475555555555556, "params": {"gamma_fc": 0.33870802548167966, "beta_enc": 0.9843834501935107, "beta_rec": 0.220234226159156, "primacy": 0.7}, "datetime": {"delta": 14.158782, "datetime": "2020-11-23 15:23:34", "elapsed": 2710.852222}}
{"target": 6.621333333333334, "params": {"gamma_fc": 0.12482254311167629, "beta_enc": 0.7548914570605327, "beta_rec": 0.46385778390029564, "primacy": 0.7}, "datetime": {"delta": 19.715404, "datetime": "2020-11-23 15:23:54", "elapsed": 2730.567626}}
{"target": 7.276000000000001, "params": {"gamma_fc": 0.7701499563120922, "beta_enc": 0.5045191697009946, "beta_rec": 0.6738490080168676, "primacy": 0.7}, "datetime": {"delta": 20.871314, "datetime": "2020-11-23 15:24:15", "elapsed": 2751.43894}}
{"target": 7.590888888888889, "params": {"gamma_fc": 0.8099887106624163, "beta_enc": 0.022915131322381765, "beta_rec": 0.5190823222119895, "primacy": 0.7}, "datetime": {"delta": 21.411657, "datetime": "2020-11-23 15:24:36", "elapsed": 2772.850597}}
{"target": 7.208444444444444, "params": {"gamma_fc": 0.44924675358663757, "beta_enc": 0.6724698446537339, "beta_rec": 0.6868082266569918, "primacy": 0.7}, "datetime": {"delta": 20.682882, "datetime": "2020-11-23 15:24:57", "elapsed": 2793.533479}}
{"target": 5.361777777777777, "params": {"gamma_fc": 0.4844284455143756, "beta_enc": 0.6443610847569929, "beta_rec": 0.005239837651465851, "primacy": 0.7}, "datetime": {"delta": 17.525905, "datetime": "2020-11-23 15:25:14", "elapsed": 2811.059384}}
{"target": 5.810222222222222, "params": {"gamma_fc": 0.6736984238986317, "beta_enc": 0.8303995700373394, "beta_rec": 0.6491541971124779, "primacy": 0.7}, "datetime": {"delta": 18.270921, "datetime": "2020-11-23 15:25:32", "elapsed": 2829.330305}}
{"target": 7.447333333333333, "params": {"gamma_fc": 0.6717297848174203, "beta_enc": 0.27411977516685215, "beta_rec": 0.5605299905360588, "primacy": 0.7}, "datetime": {"delta": 21.089168, "datetime": "2020-11-23 15:25:54", "elapsed": 2850.419473}}
{"target": 4.422888888888889, "params": {"gamma_fc": 0.7473208103319232, "beta_enc": 0.8558283672539277, "beta_rec": 0.1950374860087073, "primacy": 0.7}, "datetime": {"delta": 15.903428, "datetime": "2020-11-23 15:26:09", "elapsed": 2866.322901}}
{"target": 5.532888888888889, "params": {"gamma_fc": 0.8076984091122095, "beta_enc": 0.773799287244182, "beta_rec": 0.4277373293360762, "primacy": 0.7}, "datetime": {"delta": 17.814095, "datetime": "2020-11-23 15:26:27", "elapsed": 2884.136996}}
{"target": 7.464666666666666, "params": {"gamma_fc": 0.3086419476306511, "beta_enc": 0.21369323762958115, "beta_rec": 0.7672845084217665, "primacy": 0.7}, "datetime": {"delta": 21.151636, "datetime": "2020-11-23 15:26:48", "elapsed": 2905.288632}}
{"target": 5.707777777777778, "params": {"gamma_fc": 0.21411213682064845, "beta_enc": 0.7444731530777321, "beta_rec": 0.22139670090820107, "primacy": 0.7}, "datetime": {"delta": 18.106761, "datetime": "2020-11-23 15:27:07", "elapsed": 2923.395393}}
{"target": 7.527111111111111, "params": {"gamma_fc": 0.026627884691621473, "beta_enc": 0.14251833776584466, "beta_rec": 0.3770825992073341, "primacy": 0.7}, "datetime": {"delta": 21.219279, "datetime": "2020-11-23 15:27:28", "elapsed": 2944.614672}}
{"target": 7.429111111111112, "params": {"gamma_fc": 0.0805295271283859, "beta_enc": 0.6745640237634105, "beta_rec": 0.7997765368973863, "primacy": 0.7}, "datetime": {"delta": 21.044704, "datetime": "2020-11-23 15:27:49", "elapsed": 2965.659376}}
{"target": 7.482444444444444, "params": {"gamma_fc": 0.7113145181364867, "beta_enc": 0.20762566180381437, "beta_rec": 0.9173335630816306, "primacy": 0.7}, "datetime": {"delta": 21.15717, "datetime": "2020-11-23 15:28:10", "elapsed": 2986.816546}}
{"target": 7.4415555555555555, "params": {"gamma_fc": 0.43530595762951996, "beta_enc": 0.30451798792062024, "beta_rec": 0.8348540476317985, "primacy": 0.7}, "datetime": {"delta": 21.104826, "datetime": "2020-11-23 15:28:31", "elapsed": 3007.921372}}
{"target": 6.844888888888889, "params": {"gamma_fc": 0.1262101037493587, "beta_enc": 0.7060518043359332, "beta_rec": 0.47803130796528337, "primacy": 0.7}, "datetime": {"delta": 20.011715, "datetime": "2020-11-23 15:28:51", "elapsed": 3027.933087}}
{"target": 7.49311111111111, "params": {"gamma_fc": 0.43118175516037094, "beta_enc": 0.15983365034409336, "beta_rec": 0.2026021252196626, "primacy": 0.7}, "datetime": {"delta": 21.187514, "datetime": "2020-11-23 15:29:12", "elapsed": 3049.120601}}
{"target": 7.515555555555555, "params": {"gamma_fc": 0.18874506687718595, "beta_enc": 0.14675148076429412, "beta_rec": 0.7293189193611234, "primacy": 0.7}, "datetime": {"delta": 21.198677, "datetime": "2020-11-23 15:29:33", "elapsed": 3070.319278}}
{"target": 5.4768888888888885, "params": {"gamma_fc": 0.60095424810764, "beta_enc": 0.7543059505762987, "beta_rec": 0.21073239208332073, "primacy": 0.7}, "datetime": {"delta": 17.77242, "datetime": "2020-11-23 15:29:51", "elapsed": 3088.091698}}
{"target": 7.258, "params": {"gamma_fc": 0.29548228565549706, "beta_enc": 0.6382187106203334, "beta_rec": 0.5971273029466491, "primacy": 0.7}, "datetime": {"delta": 20.76574, "datetime": "2020-11-23 15:30:12", "elapsed": 3108.857438}}
{"target": 3.6093333333333333, "params": {"gamma_fc": 0.7821818168314053, "beta_enc": 0.9453084399999497, "beta_rec": 0.42556139026154693, "primacy": 0.7}, "datetime": {"delta": 14.368884, "datetime": "2020-11-23 15:30:26", "elapsed": 3123.226322}}
{"target": 4.844, "params": {"gamma_fc": 0.3950968688899732, "beta_enc": 0.8352716024899659, "beta_rec": 0.1922500168221477, "primacy": 0.7}, "datetime": {"delta": 16.593636, "datetime": "2020-11-23 15:30:43", "elapsed": 3139.819958}}
{"target": 7.528444444444444, "params": {"gamma_fc": 0.37015417755373825, "beta_enc": 0.08010364380604929, "beta_rec": 0.9046310029362429, "primacy": 0.7}, "datetime": {"delta": 21.243297, "datetime": "2020-11-23 15:31:04", "elapsed": 3161.063255}}
{"target": 6.849777777777779, "params": {"gamma_fc": 0.20645405888943302, "beta_enc": 0.49411626589632507, "beta_rec": 0.13216114194293815, "primacy": 0.7}, "datetime": {"delta": 20.141324, "datetime": "2020-11-23 15:31:24", "elapsed": 3181.204579}}
{"target": 7.101111111111112, "params": {"gamma_fc": 0.3570616088827919, "beta_enc": 0.5079216999452875, "beta_rec": 0.2615495518329871, "primacy": 0.7}, "datetime": {"delta": 20.500708, "datetime": "2020-11-23 15:31:45", "elapsed": 3201.705287}}
{"target": 4.577555555555556, "params": {"gamma_fc": 0.9857088237131878, "beta_enc": 0.7875518396525072, "beta_rec": 0.1065838767888011, "primacy": 0.7}, "datetime": {"delta": 16.16345, "datetime": "2020-11-23 15:32:01", "elapsed": 3217.868737}}
{"target": 6.111111111111111, "params": {"gamma_fc": 0.7871162896558341, "beta_enc": 0.5724051124346493, "beta_rec": 0.044845334589088126, "primacy": 0.7}, "datetime": {"delta": 18.823262, "datetime": "2020-11-23 15:32:20", "elapsed": 3236.691999}}
{"target": 7.244888888888889, "params": {"gamma_fc": 0.14993148491725594, "beta_enc": 0.5279039784081266, "beta_rec": 0.7400775431590716, "primacy": 0.7}, "datetime": {"delta": 20.756387, "datetime": "2020-11-23 15:32:41", "elapsed": 3257.448386}}
{"target": 7.5166666666666675, "params": {"gamma_fc": 0.7229151935562137, "beta_enc": 0.2166172083287794, "beta_rec": 0.7591960493171447, "primacy": 0.7}, "datetime": {"delta": 21.263868, "datetime": "2020-11-23 15:33:02", "elapsed": 3278.712254}}
{"target": 3.6848888888888895, "params": {"gamma_fc": 0.8602369974231152, "beta_enc": 0.8619665576670734, "beta_rec": 0.019775099516344263, "primacy": 0.7}, "datetime": {"delta": 14.574891, "datetime": "2020-11-23 15:33:16", "elapsed": 3293.287145}}
{"target": 7.386222222222223, "params": {"gamma_fc": 0.7169290016924699, "beta_enc": 0.4032204721058492, "beta_rec": 0.7587469310223366, "primacy": 0.7}, "datetime": {"delta": 21.003169, "datetime": "2020-11-23 15:33:37", "elapsed": 3314.290314}}
{"target": 7.327555555555556, "params": {"gamma_fc": 0.9339026083148878, "beta_enc": 0.2780850486129828, "beta_rec": 0.0037936724093425855, "primacy": 0.7}, "datetime": {"delta": 20.90304, "datetime": "2020-11-23 15:33:58", "elapsed": 3335.193354}}
{"target": 6.336666666666667, "params": {"gamma_fc": 0.706956245248761, "beta_enc": 0.7288508775192559, "beta_rec": 0.5166887829215384, "primacy": 0.7}, "datetime": {"delta": 19.19335, "datetime": "2020-11-23 15:34:17", "elapsed": 3354.386704}}
{"target": 7.456444444444445, "params": {"gamma_fc": 0.7506243191751754, "beta_enc": 0.3748759435368594, "beta_rec": 0.7703225253299576, "primacy": 0.7}, "datetime": {"delta": 21.09095, "datetime": "2020-11-23 15:34:39", "elapsed": 3375.477654}}
{"target": 7.153333333333333, "params": {"gamma_fc": 0.0031128578251921057, "beta_enc": 0.4018659239678374, "beta_rec": 0.6973080192643409, "primacy": 0.7}, "datetime": {"delta": 20.692661, "datetime": "2020-11-23 15:34:59", "elapsed": 3396.170315}}
{"target": 4.690222222222223, "params": {"gamma_fc": 0.12076718430922972, "beta_enc": 0.896416602456847, "beta_rec": 0.23931570743750463, "primacy": 0.7}, "datetime": {"delta": 16.341107, "datetime": "2020-11-23 15:35:16", "elapsed": 3412.511422}}
{"target": 7.491555555555555, "params": {"gamma_fc": 0.5431664302380945, "beta_enc": 0.3020967312900983, "beta_rec": 0.8830285085638342, "primacy": 0.7}, "datetime": {"delta": 21.210427, "datetime": "2020-11-23 15:35:37", "elapsed": 3433.721849}}
{"target": 7.521111111111111, "params": {"gamma_fc": 0.6138710897412526, "beta_enc": 0.13835468979294652, "beta_rec": 0.29014446310454167, "primacy": 0.7}, "datetime": {"delta": 21.2664, "datetime": "2020-11-23 15:35:58", "elapsed": 3454.988249}}
{"target": 7.291777777777777, "params": {"gamma_fc": 0.8281353607315121, "beta_enc": 0.45736018169099846, "beta_rec": 0.44411710701661444, "primacy": 0.7}, "datetime": {"delta": 20.871675, "datetime": "2020-11-23 15:36:19", "elapsed": 3475.859924}}
