{"target": 2.766888888888889, "params": {"cue_position": 0.0, "beta_rec": 0.030949006271150714, "beta_enc": 0.9388864773697133, "gamma_fc": 0.027287223517468817, "k": 5.0, "enc_rate": 1.0}, "datetime": {"elapsed": 1650.722104, "delta": 13.16001, "datetime": "2020-11-23 15:10:03"}}
{"target": 7.468666666666667, "params": {"cue_position": 0.0, "beta_rec": 0.8594893208655858, "beta_enc": 0.3259898117700253, "gamma_fc": 0.45285349995153745, "k": 5.0, "enc_rate": 1.0}, "datetime": {"elapsed": 1672.042837, "delta": 21.320733, "datetime": "2020-11-23 15:10:24"}}
{"target": 7.355555555555556, "params": {"cue_position": 0.0, "beta_rec": 0.009348577966515781, "beta_enc": 0.2900968516874258, "gamma_fc": 0.5172675985011298, "k": 5.0, "enc_rate": 1.0}, "datetime": {"elapsed": 1693.350229, "delta": 21.307392, "datetime": "2020-11-23 15:10:46"}}
{"target": 7.233333333333334, "params": {"cue_position": 0.0, "beta_rec": 0.2473960366023854, "beta_enc": 0.426474788501396, "gamma_fc": 0.9368683813090937, "k": 5.0, "enc_rate": 1.0}, "datetime": {"elapsed": 1714.441123, "delta": 21.090894, "datetime": "2020-11-23 15:11:07"}}
{"target": 4.234, "params": {"cue_position": 0.0, "beta_rec": 0.22790028995131695, "beta_enc": 0.9202065143056605, "gamma_fc": 0.31437661611405043, "k": 5.0, "enc_rate": 1.0}, "datetime": {"elapsed": 1730.176379, "delta": 15.735256, "datetime": "2020-11-23 15:11:23"}}
{"target": 7.012444444444443, "params": {"cue_position": 0.0, "beta_rec": 0.41358641500116133, "beta_enc": 0.6070941619724605, "gamma_fc": 0.7018765297563104, "k": 5.0, "enc_rate": 1.0}, "datetime": {"elapsed": 1750.766624, "delta": 20.590245, "datetime": "2020-11-23 15:11:43"}}
{"target": 7.111111111111112, "params": {"cue_position": 0.0, "beta_rec": 0.34898759722078887, "beta_enc": 0.5742190888408597, "gamma_fc": 0.6641025553547935, "k": 5.0, "enc_rate": 1.0}, "datetime": {"elapsed": 1771.572125, "delta": 20.805501, "datetime": "2020-11-23 15:12:04"}}
{"target": 6.850222222222223, "params": {"cue_position": 0.0, "beta_rec": 0.1747201501089225, "beta_enc": 0.5190159840736788, "gamma_fc": 0.8168351087916219, "k": 5.0, "enc_rate": 1.0}, "datetime": {"elapsed": 1792.065631, "delta": 20.493506, "datetime": "2020-11-23 15:12:24"}}
{"target": 9.022222222222222, "params": {"cue_position": 0.0, "beta_rec": 0.9015625846693213, "beta_enc": 0.9759890683309049, "gamma_fc": 0.09357709581748075, "k": 5.0, "enc_rate": 1.0}, "datetime": {"elapsed": 1816.278091, "delta": 24.21246, "datetime": "2020-11-23 15:12:49"}}
{"target": 7.260444444444444, "params": {"cue_position": 0.0, "beta_rec": 0.37543483316785775, "beta_enc": 0.4517331486914753, "gamma_fc": 0.9727875919326552, "k": 5.0, "enc_rate": 1.0}, "datetime": {"elapsed": 1837.590331, "delta": 21.31224, "datetime": "2020-11-23 15:13:10"}}
{"target": 7.658888888888889, "params": {"cue_position": 0.0, "beta_rec": 0.6326158167779973, "beta_enc": 0.8242378396244978, "gamma_fc": 0.013136356923072245, "k": 5.0, "enc_rate": 1.0}, "datetime": {"elapsed": 1859.480745, "delta": 21.890414, "datetime": "2020-11-23 15:13:32"}}
{"target": 7.577333333333333, "params": {"cue_position": 0.0, "beta_rec": 0.7300912110901043, "beta_enc": 0.49207180149355845, "gamma_fc": 0.13766274094560316, "k": 5.0, "enc_rate": 1.0}, "datetime": {"elapsed": 1881.165088, "delta": 21.684343, "datetime": "2020-11-23 15:13:54"}}
{"target": 6.323777777777778, "params": {"cue_position": 0.0, "beta_rec": 0.3199528380776784, "beta_enc": 0.7582782604769962, "gamma_fc": 0.33870802548167966, "k": 5.0, "enc_rate": 1.0}, "datetime": {"elapsed": 1900.915896, "delta": 19.750808, "datetime": "2020-11-23 15:14:13"}}
{"target": 6.684, "params": {"cue_position": 0.0, "beta_rec": 0.46385778390029564, "beta_enc": 0.7548914570605327, "gamma_fc": 0.5045191697009946, "k": 5.0, "enc_rate": 1.0}, "datetime": {"elapsed": 1921.127117, "delta": 20.211221, "datetime": "2020-11-23 15:14:33"}}
{"target": 4.854000000000001, "params": {"cue_position": 0.0, "beta_rec": 0.13033578095435427, "beta_enc": 0.7701499563120922, "gamma_fc": 0.8099887106624163, "k": 5.0, "enc_rate": 1.0}, "datetime": {"elapsed": 1938.182177, "delta": 17.05506, "datetime": "2020-11-23 15:14:51"}}
{"target": 7.249777777777778, "params": {"cue_position": 0.0, "beta_rec": 0.6868082266569918, "beta_enc": 0.6724698446537339, "gamma_fc": 0.6443610847569929, "k": 5.0, "enc_rate": 1.0}, "datetime": {"elapsed": 1959.249834, "delta": 21.067657, "datetime": "2020-11-23 15:15:12"}}
{"target": 7.365333333333334, "params": {"cue_position": 0.0, "beta_rec": 0.8593178060976, "beta_enc": 0.4844284455143756, "gamma_fc": 0.6736984238986317, "k": 5.0, "enc_rate": 1.0}, "datetime": {"elapsed": 1980.567591, "delta": 21.317757, "datetime": "2020-11-23 15:15:33"}}
{"target": 7.514666666666666, "params": {"cue_position": 0.0, "beta_rec": 0.5605299905360588, "beta_enc": 0.27411977516685215, "gamma_fc": 0.8558283672539277, "k": 5.0, "enc_rate": 1.0}, "datetime": {"elapsed": 2002.141263, "delta": 21.573672, "datetime": "2020-11-23 15:15:54"}}
{"target": 5.616222222222222, "params": {"cue_position": 0.0, "beta_rec": 0.2896027461868774, "beta_enc": 0.7473208103319232, "gamma_fc": 0.8076984091122095, "k": 5.0, "enc_rate": 1.0}, "datetime": {"elapsed": 2020.416613, "delta": 18.27535, "datetime": "2020-11-23 15:16:13"}}
{"target": 7.502888888888888, "params": {"cue_position": 0.0, "beta_rec": 0.7672845084217665, "beta_enc": 0.21369323762958115, "gamma_fc": 0.7444731530777321, "k": 5.0, "enc_rate": 1.0}, "datetime": {"elapsed": 2042.131338, "delta": 21.714725, "datetime": "2020-11-23 15:16:34"}}
{"target": 7.606444444444445, "params": {"cue_position": 0.0, "beta_rec": 0.1989479234270667, "beta_enc": 0.21411213682064845, "gamma_fc": 0.026627884691621473, "k": 5.0, "enc_rate": 1.0}, "datetime": {"elapsed": 2063.752548, "delta": 21.62121, "datetime": "2020-11-23 15:16:56"}}
{"target": 7.947777777777778, "params": {"cue_position": 0.0, "beta_rec": 0.7997765368973863, "beta_enc": 0.6745640237634105, "gamma_fc": 0.20762566180381437, "k": 5.0, "enc_rate": 1.0}, "datetime": {"elapsed": 2086.082152, "delta": 22.329604, "datetime": "2020-11-23 15:17:18"}}
{"target": 7.3711111111111105, "params": {"cue_position": 0.0, "beta_rec": 0.5538846110514143, "beta_enc": 0.7113145181364867, "gamma_fc": 0.43530595762951996, "k": 5.0, "enc_rate": 1.0}, "datetime": {"elapsed": 2107.401699, "delta": 21.319547, "datetime": "2020-11-23 15:17:40"}}
{"target": 7.4353333333333325, "params": {"cue_position": 0.0, "beta_rec": 0.47803130796528337, "beta_enc": 0.7060518043359332, "gamma_fc": 0.15983365034409336, "k": 5.0, "enc_rate": 1.0}, "datetime": {"elapsed": 2128.841987, "delta": 21.440288, "datetime": "2020-11-23 15:18:01"}}
{"target": 7.6257777777777775, "params": {"cue_position": 0.0, "beta_rec": 0.40420190577514725, "beta_enc": 0.43118175516037094, "gamma_fc": 0.18874506687718595, "k": 5.0, "enc_rate": 1.0}, "datetime": {"elapsed": 2150.592728, "delta": 21.750741, "datetime": "2020-11-23 15:18:23"}}
{"target": 5.5297777777777775, "params": {"cue_position": 0.0, "beta_rec": 0.21073239208332073, "beta_enc": 0.7543059505762987, "gamma_fc": 0.6382187106203334, "k": 5.0, "enc_rate": 1.0}, "datetime": {"elapsed": 2168.684568, "delta": 18.09184, "datetime": "2020-11-23 15:18:41"}}
{"target": 7.45488888888889, "params": {"cue_position": 0.0, "beta_rec": 0.7316064712415088, "beta_enc": 0.29548228565549706, "gamma_fc": 0.7821818168314053, "k": 5.0, "enc_rate": 1.0}, "datetime": {"elapsed": 2190.161783, "delta": 21.477215, "datetime": "2020-11-23 15:19:03"}}
{"target": 4.932888888888889, "params": {"cue_position": 0.0, "beta_rec": 0.1922500168221477, "beta_enc": 0.8352716024899659, "gamma_fc": 0.08010364380604929, "k": 5.0, "enc_rate": 1.0}, "datetime": {"elapsed": 2207.233868, "delta": 17.072085, "datetime": "2020-11-23 15:19:20"}}
{"target": 7.561111111111112, "params": {"cue_position": 0.0, "beta_rec": 0.5306974384761395, "beta_enc": 0.37015417755373825, "gamma_fc": 0.20645405888943302, "k": 5.0, "enc_rate": 1.0}, "datetime": {"elapsed": 2228.936223, "delta": 21.702355, "datetime": "2020-11-23 15:19:41"}}
{"target": 7.0793333333333335, "params": {"cue_position": 0.0, "beta_rec": 0.2615495518329871, "beta_enc": 0.5079216999452875, "gamma_fc": 0.7875518396525072, "k": 5.0, "enc_rate": 1.0}, "datetime": {"elapsed": 2249.833877, "delta": 20.897654, "datetime": "2020-11-23 15:20:02"}}
{"target": 2.034, "params": {"cue_position": 0.0, "beta_rec": 0.17716116443841734, "beta_enc": 0.9857088237131878, "gamma_fc": 0.7871162896558341, "k": 5.0, "enc_rate": 1.0}, "datetime": {"elapsed": 2261.680893, "delta": 11.847016, "datetime": "2020-11-23 15:20:14"}}
{"target": 7.584444444444445, "params": {"cue_position": 0.0, "beta_rec": 0.7400775431590716, "beta_enc": 0.5279039784081266, "gamma_fc": 0.2166172083287794, "k": 5.0, "enc_rate": 1.0}, "datetime": {"elapsed": 2283.608156, "delta": 21.927263, "datetime": "2020-11-23 15:20:36"}}
{"target": 5.454888888888889, "params": {"cue_position": 0.0, "beta_rec": 0.17654903427708302, "beta_enc": 0.7229151935562137, "gamma_fc": 0.8602369974231152, "k": 5.0, "enc_rate": 1.0}, "datetime": {"elapsed": 2301.615903, "delta": 18.007747, "datetime": "2020-11-23 15:20:54"}}
{"target": 7.394888888888889, "params": {"cue_position": 0.0, "beta_rec": 0.7587469310223366, "beta_enc": 0.4032204721058492, "gamma_fc": 0.2780850486129828, "k": 5.0, "enc_rate": 1.0}, "datetime": {"elapsed": 2323.13608, "delta": 21.520177, "datetime": "2020-11-23 15:21:15"}}
{"target": 5.038888888888889, "params": {"cue_position": 0.0, "beta_rec": 0.8578971045378938, "beta_enc": 0.9339026083148878, "gamma_fc": 0.706956245248761, "k": 5.0, "enc_rate": 1.0}, "datetime": {"elapsed": 2340.663406, "delta": 17.527326, "datetime": "2020-11-23 15:21:33"}}
{"target": 7.435111111111112, "params": {"cue_position": 0.0, "beta_rec": 0.7703225253299576, "beta_enc": 0.3748759435368594, "gamma_fc": 0.4018659239678374, "k": 5.0, "enc_rate": 1.0}, "datetime": {"elapsed": 2362.237727, "delta": 21.574321, "datetime": "2020-11-23 15:21:55"}}
{"target": 7.575333333333333, "params": {"cue_position": 0.0, "beta_rec": 0.7748966467245978, "beta_enc": 0.0031128578251921057, "gamma_fc": 0.12076718430922972, "k": 5.0, "enc_rate": 1.0}, "datetime": {"elapsed": 2383.998793, "delta": 21.761066, "datetime": "2020-11-23 15:22:16"}}
{"target": 7.344222222222223, "params": {"cue_position": 0.0, "beta_rec": 0.8830285085638342, "beta_enc": 0.3020967312900983, "gamma_fc": 0.13835468979294652, "k": 5.0, "enc_rate": 1.0}, "datetime": {"elapsed": 2405.372413, "delta": 21.37362, "datetime": "2020-11-23 15:22:38"}}
{"target": 6.680666666666667, "params": {"cue_position": 0.0, "beta_rec": 0.3241385298974466, "beta_enc": 0.6138710897412526, "gamma_fc": 0.8281353607315121, "k": 5.0, "enc_rate": 1.0}, "datetime": {"elapsed": 2425.659087, "delta": 20.286674, "datetime": "2020-11-23 15:22:58"}}
{"target": 7.501111111111112, "params": {"cue_position": 0.0, "beta_rec": 0.6749716048091052, "beta_enc": 0.3456988211755023, "gamma_fc": 0.31476568732401644, "k": 5.0, "enc_rate": 1.0}, "datetime": {"elapsed": 2447.225861, "delta": 21.566774, "datetime": "2020-11-23 15:23:20"}}
{"target": 4.944444444444445, "params": {"cue_position": 0.0, "beta_rec": 0.4476890001456285, "beta_enc": 0.8773604746948126, "gamma_fc": 0.6562293317171314, "k": 5.0, "enc_rate": 1.0}, "datetime": {"elapsed": 2464.27827, "delta": 17.052409, "datetime": "2020-11-23 15:23:37"}}
{"target": 7.369333333333333, "params": {"cue_position": 0.0, "beta_rec": 0.9093119886549367, "beta_enc": 0.43298150696764814, "gamma_fc": 0.5047006080958943, "k": 5.0, "enc_rate": 1.0}, "datetime": {"elapsed": 2485.732778, "delta": 21.454508, "datetime": "2020-11-23 15:23:58"}}
{"target": 4.077333333333334, "params": {"cue_position": 0.0, "beta_rec": 0.06780693434095375, "beta_enc": 0.8428998401928499, "gamma_fc": 0.5178600481723219, "k": 5.0, "enc_rate": 1.0}, "datetime": {"elapsed": 2501.45753, "delta": 15.724752, "datetime": "2020-11-23 15:24:14"}}
{"target": 4.247333333333334, "params": {"cue_position": 0.0, "beta_rec": 0.25163914235585283, "beta_enc": 0.8479393924434762, "gamma_fc": 0.9488362882802196, "k": 5.0, "enc_rate": 1.0}, "datetime": {"elapsed": 2517.300684, "delta": 15.843154, "datetime": "2020-11-23 15:24:30"}}
{"target": 3.6748888888888884, "params": {"cue_position": 0.0, "beta_rec": 0.007932876194523097, "beta_enc": 0.8379779620477293, "gamma_fc": 0.3221295136147696, "k": 5.0, "enc_rate": 1.0}, "datetime": {"elapsed": 2532.111365, "delta": 14.810681, "datetime": "2020-11-23 15:24:44"}}
{"target": 7.525111111111111, "params": {"cue_position": 0.0, "beta_rec": 0.8227300054219355, "beta_enc": 0.008939102371245067, "gamma_fc": 0.2557451938059312, "k": 5.0, "enc_rate": 1.0}, "datetime": {"elapsed": 2553.767586, "delta": 21.656221, "datetime": "2020-11-23 15:25:06"}}
{"target": 7.092888888888889, "params": {"cue_position": 0.0, "beta_rec": 0.13433860865569613, "beta_enc": 0.47786200443222115, "gamma_fc": 0.49154515001693533, "k": 5.0, "enc_rate": 1.0}, "datetime": {"elapsed": 2574.583717, "delta": 20.816131, "datetime": "2020-11-23 15:25:27"}}
{"target": 7.5282222222222215, "params": {"cue_position": 0.0, "beta_rec": 0.6834649001663011, "beta_enc": 0.41857802576409864, "gamma_fc": 0.1895517028339273, "k": 5.0, "enc_rate": 1.0}, "datetime": {"elapsed": 2596.392461, "delta": 21.808744, "datetime": "2020-11-23 15:25:49"}}
{"target": 7.465111111111111, "params": {"cue_position": 0.0, "beta_rec": 0.10345955611640134, "beta_enc": 0.2942156882442547, "gamma_fc": 0.7159456994623945, "k": 5.0, "enc_rate": 1.0}, "datetime": {"elapsed": 2617.959684, "delta": 21.567223, "datetime": "2020-11-23 15:26:10"}}
{"target": 5.776, "params": {"cue_position": 0.0, "beta_rec": 0.5070799232841364, "beta_enc": 0.7945783511847522, "gamma_fc": 0.7778484768591754, "k": 5.0, "enc_rate": 1.0}, "datetime": {"elapsed": 2636.521581, "delta": 18.561897, "datetime": "2020-11-23 15:26:29"}}
{"target": 6.455111111111111, "params": {"cue_position": 0.0, "beta_rec": 0.1797942976929744, "beta_enc": 0.6477706331874812, "gamma_fc": 0.4086372250132624, "k": 5.0, "enc_rate": 1.0}, "datetime": {"elapsed": 2656.427386, "delta": 19.905805, "datetime": "2020-11-23 15:26:49"}}
{"target": 7.436888888888889, "params": {"cue_position": 0.0, "beta_rec": 0.9752223424373121, "beta_enc": 0.4069219941293579, "gamma_fc": 0.6363061258559836, "k": 5.0, "enc_rate": 1.0}, "datetime": {"elapsed": 2677.860764, "delta": 21.433378, "datetime": "2020-11-23 15:27:10"}}
{"target": 6.821777777777777, "params": {"cue_position": 0.0, "beta_rec": 0.6195867393685738, "beta_enc": 0.8574844990835966, "gamma_fc": 0.43293850873416306, "k": 5.0, "enc_rate": 1.0}, "datetime": {"elapsed": 2698.386947, "delta": 20.526183, "datetime": "2020-11-23 15:27:31"}}
{"target": 7.4717777777777785, "params": {"cue_position": 0.0, "beta_rec": 0.6973688756131394, "beta_enc": 0.33027693652508094, "gamma_fc": 0.2952887943998478, "k": 5.0, "enc_rate": 1.0}, "datetime": {"elapsed": 2720.101086, "delta": 21.714139, "datetime": "2020-11-23 15:27:52"}}
{"target": 7.365555555555555, "params": {"cue_position": 0.0, "beta_rec": 0.8553564125953698, "beta_enc": 0.4879214918052024, "gamma_fc": 0.585348458938251, "k": 5.0, "enc_rate": 1.0}, "datetime": {"elapsed": 2741.445347, "delta": 21.344261, "datetime": "2020-11-23 15:28:14"}}
{"target": 7.379333333333333, "params": {"cue_position": 0.0, "beta_rec": 0.9218683054838154, "beta_enc": 0.4461172190344297, "gamma_fc": 0.6824537097668154, "k": 5.0, "enc_rate": 1.0}, "datetime": {"elapsed": 2762.975991, "delta": 21.530644, "datetime": "2020-11-23 15:28:35"}}
{"target": 7.544, "params": {"cue_position": 0.0, "beta_rec": 0.4167239623706961, "beta_enc": 0.013767512557716799, "gamma_fc": 0.7797442954825999, "k": 5.0, "enc_rate": 1.0}, "datetime": {"elapsed": 2784.685865, "delta": 21.709874, "datetime": "2020-11-23 15:28:57"}}
{"target": 7.386444444444445, "params": {"cue_position": 0.0, "beta_rec": 0.14459772083809674, "beta_enc": 0.34195283630245243, "gamma_fc": 0.6884973179489188, "k": 5.0, "enc_rate": 1.0}, "datetime": {"elapsed": 2806.159132, "delta": 21.473267, "datetime": "2020-11-23 15:29:19"}}
{"target": 6.351333333333334, "params": {"cue_position": 0.0, "beta_rec": 0.22729754091594956, "beta_enc": 0.6923601216234089, "gamma_fc": 0.3553079116201222, "k": 5.0, "enc_rate": 1.0}, "datetime": {"elapsed": 2825.903238, "delta": 19.744106, "datetime": "2020-11-23 15:29:38"}}
{"target": 7.896888888888888, "params": {"cue_position": 0.0, "beta_rec": 0.7073166026816995, "beta_enc": 0.6316466268659396, "gamma_fc": 0.16994071421725776, "k": 5.0, "enc_rate": 1.0}, "datetime": {"elapsed": 2848.377565, "delta": 22.474327, "datetime": "2020-11-23 15:30:01"}}
{"target": 7.442444444444445, "params": {"cue_position": 0.0, "beta_rec": 0.8753327263545391, "beta_enc": 0.5141750435258828, "gamma_fc": 0.42893233402990294, "k": 5.0, "enc_rate": 1.0}, "datetime": {"elapsed": 2869.811617, "delta": 21.434052, "datetime": "2020-11-23 15:30:22"}}
{"target": 7.509111111111112, "params": {"cue_position": 0.0, "beta_rec": 0.34244064113481054, "beta_enc": 0.16151077048601192, "gamma_fc": 0.8003322457764017, "k": 5.0, "enc_rate": 1.0}, "datetime": {"elapsed": 2891.599844, "delta": 21.788227, "datetime": "2020-11-23 15:30:44"}}
{"target": 6.254666666666667, "params": {"cue_position": 0.0, "beta_rec": 0.14546561026621996, "beta_enc": 0.6070154607890389, "gamma_fc": 0.8596509535692011, "k": 5.0, "enc_rate": 1.0}, "datetime": {"elapsed": 2910.878502, "delta": 19.278658, "datetime": "2020-11-23 15:31:03"}}
{"target": 5.939555555555556, "params": {"cue_position": 0.0, "beta_rec": 0.12475130006917923, "beta_enc": 0.633474012622421, "gamma_fc": 0.9482991740726651, "k": 5.0, "enc_rate": 1.0}, "datetime": {"elapsed": 2929.650938, "delta": 18.772436, "datetime": "2020-11-23 15:31:22"}}
{"target": 7.517333333333333, "params": {"cue_position": 0.0, "beta_rec": 0.639126848719905, "beta_enc": 0.15172487103197363, "gamma_fc": 0.42803746946827015, "k": 5.0, "enc_rate": 1.0}, "datetime": {"elapsed": 2951.166752, "delta": 21.515814, "datetime": "2020-11-23 15:31:44"}}
{"target": 8.342888888888888, "params": {"cue_position": 0.0, "beta_rec": 0.7511210403719374, "beta_enc": 0.8499698885159654, "gamma_fc": 0.06473998344154885, "k": 5.0, "enc_rate": 1.0}, "datetime": {"elapsed": 2973.932364, "delta": 22.765612, "datetime": "2020-11-23 15:32:06"}}
{"target": 7.550666666666666, "params": {"cue_position": 0.0, "beta_rec": 0.19949554613856135, "beta_enc": 0.05299454266798953, "gamma_fc": 0.6236704109977018, "k": 5.0, "enc_rate": 1.0}, "datetime": {"elapsed": 2995.597827, "delta": 21.665463, "datetime": "2020-11-23 15:32:28"}}
{"target": 7.441333333333333, "params": {"cue_position": 0.0, "beta_rec": 0.06103668111967109, "beta_enc": 0.28462388100694214, "gamma_fc": 0.3785805932506022, "k": 5.0, "enc_rate": 1.0}, "datetime": {"elapsed": 3017.061022, "delta": 21.463195, "datetime": "2020-11-23 15:32:49"}}
{"target": 6.302444444444444, "params": {"cue_position": 0.0, "beta_rec": 0.34037929076546725, "beta_enc": 0.7470048290299451, "gamma_fc": 0.5256694443509794, "k": 5.0, "enc_rate": 1.0}, "datetime": {"elapsed": 3036.638321, "delta": 19.577299, "datetime": "2020-11-23 15:33:09"}}
{"target": 7.162000000000001, "params": {"cue_position": 0.0, "beta_rec": 0.3506565024321674, "beta_enc": 0.6442320198790318, "gamma_fc": 0.3824674572709176, "k": 5.0, "enc_rate": 1.0}, "datetime": {"elapsed": 3057.541635, "delta": 20.903314, "datetime": "2020-11-23 15:33:30"}}
{"target": 2.315777777777778, "params": {"cue_position": 0.0, "beta_rec": 0.36437807036823044, "beta_enc": 0.9794833541798064, "gamma_fc": 0.8891310891074828, "k": 5.0, "enc_rate": 1.0}, "datetime": {"elapsed": 3069.805812, "delta": 12.264177, "datetime": "2020-11-23 15:33:42"}}
{"target": 7.525555555555556, "params": {"cue_position": 0.0, "beta_rec": 0.9110192396569683, "beta_enc": 0.24551868018650747, "gamma_fc": 0.5564069156709253, "k": 5.0, "enc_rate": 1.0}, "datetime": {"elapsed": 3091.319761, "delta": 21.513949, "datetime": "2020-11-23 15:34:04"}}
{"target": 1.5866666666666667, "params": {"cue_position": 0.0, "beta_rec": 0.05836264614763165, "beta_enc": 0.9950523223391111, "gamma_fc": 0.5711757391862334, "k": 5.0, "enc_rate": 1.0}, "datetime": {"elapsed": 3102.404714, "delta": 11.084953, "datetime": "2020-11-23 15:34:15"}}
{"target": 7.331333333333333, "params": {"cue_position": 0.0, "beta_rec": 0.9809236757505815, "beta_enc": 0.6309592003395305, "gamma_fc": 0.7084608700517172, "k": 5.0, "enc_rate": 1.0}, "datetime": {"elapsed": 3123.541575, "delta": 21.136861, "datetime": "2020-11-23 15:34:36"}}
{"target": 7.751777777777777, "params": {"cue_position": 0.0, "beta_rec": 0.5285334901775651, "beta_enc": 0.4948430841825636, "gamma_fc": 0.14222125307278666, "k": 5.0, "enc_rate": 1.0}, "datetime": {"elapsed": 3145.399789, "delta": 21.858214, "datetime": "2020-11-23 15:34:58"}}
{"target": 7.549111111111111, "params": {"cue_position": 0.0, "beta_rec": 0.44887883670676554, "beta_enc": 0.4770129944022632, "gamma_fc": 0.4090908319168599, "k": 5.0, "enc_rate": 1.0}, "datetime": {"elapsed": 3167.040113, "delta": 21.640324, "datetime": "2020-11-23 15:35:19"}}
{"target": 7.542888888888889, "params": {"cue_position": 0.0, "beta_rec": 0.4181361337253158, "beta_enc": 0.07201203516976995, "gamma_fc": 0.5035095098483965, "k": 5.0, "enc_rate": 1.0}, "datetime": {"elapsed": 3188.593394, "delta": 21.553281, "datetime": "2020-11-23 15:35:41"}}
{"target": 7.536222222222223, "params": {"cue_position": 0.0, "beta_rec": 0.673041054216622, "beta_enc": 0.10938291419358459, "gamma_fc": 0.14360699787420927, "k": 5.0, "enc_rate": 1.0}, "datetime": {"elapsed": 3210.162683, "delta": 21.569289, "datetime": "2020-11-23 15:36:03"}}
