{"target": 8.045833333333333, "params": {"gamma_fc": 0.9572253423743934, "beta_enc": 0.9058084167065523, "gamma_cf": 0.28749810204118764, "beta_rec": 0.3181087523446168, "cue_position": 9.0}, "datetime": {"datetime": "2020-06-20 05:26:20", "elapsed": 11914.555544, "delta": 14.410216}}
{"target": 8.883333333333333, "params": {"gamma_fc": 0.9236157463407607, "beta_enc": 0.7023157547948075, "gamma_cf": 0.26904238725191854, "beta_rec": 0.6250155931933211, "cue_position": 9.0}, "datetime": {"datetime": "2020-06-20 05:26:35", "elapsed": 11929.895164, "delta": 15.33962}}
{"target": 7.829166666666667, "params": {"gamma_fc": 0.6982817992918626, "beta_enc": 0.6780829341239825, "gamma_cf": 0.8339046774992332, "beta_rec": 0.7713625072014619, "cue_position": 9.0}, "datetime": {"datetime": "2020-06-20 05:26:49", "elapsed": 11944.014543, "delta": 14.119379}}
{"target": 10.1, "params": {"gamma_fc": 0.19823229021015376, "beta_enc": 0.146608701776909, "gamma_cf": 0.9158787230673001, "beta_rec": 0.6124611286280749, "cue_position": 9.0}, "datetime": {"datetime": "2020-06-20 05:27:06", "elapsed": 11960.806068, "delta": 16.791525}}
{"target": 10.229166666666666, "params": {"gamma_fc": 0.5735610825770953, "beta_enc": 0.28571649537130284, "gamma_cf": 0.5575878151711118, "beta_rec": 0.04765470496967894, "cue_position": 9.0}, "datetime": {"datetime": "2020-06-20 05:27:23", "elapsed": 11977.659315, "delta": 16.853247}}
{"target": 5.983333333333333, "params": {"gamma_fc": 0.5768293032320249, "beta_enc": 0.905377379959673, "gamma_cf": 0.8512376625014975, "beta_rec": 0.34741393280060506, "cue_position": 9.0}, "datetime": {"datetime": "2020-06-20 05:27:35", "elapsed": 11989.671989, "delta": 12.012674}}
{"target": 8.2375, "params": {"gamma_fc": 0.13339403014523998, "beta_enc": 0.6539929348777337, "gamma_cf": 0.6209523875804722, "beta_rec": 0.27835933039431604, "cue_position": 9.0}, "datetime": {"datetime": "2020-06-20 05:27:49", "elapsed": 12004.309277, "delta": 14.637288}}
{"target": 8.8125, "params": {"gamma_fc": 0.6262089291372217, "beta_enc": 0.03290871659253447, "gamma_cf": 0.02402673463080851, "beta_rec": 0.11341100113082614, "cue_position": 9.0}, "datetime": {"datetime": "2020-06-20 05:28:05", "elapsed": 12019.606515, "delta": 15.297238}}
{"target": 8.325, "params": {"gamma_fc": 0.2705519937974664, "beta_enc": 0.09758261797608447, "gamma_cf": 0.11582674670624904, "beta_rec": 0.25096153771624574, "cue_position": 9.0}, "datetime": {"datetime": "2020-06-20 05:28:19", "elapsed": 12034.284793, "delta": 14.678278}}
{"target": 5.8875, "params": {"gamma_fc": 0.026528351110449155, "beta_enc": 0.021079672835511265, "gamma_cf": 0.3783538388352491, "beta_rec": 0.9850455536104694, "cue_position": 9.0}, "datetime": {"datetime": "2020-06-20 05:28:31", "elapsed": 12046.262159, "delta": 11.977366}}
{"target": 9.6, "params": {"gamma_fc": 0.6147818910832991, "beta_enc": 0.3898387483749842, "gamma_cf": 0.27850417183805665, "beta_rec": 0.4525586263864343, "cue_position": 9.0}, "datetime": {"datetime": "2020-06-20 05:28:48", "elapsed": 12062.470386, "delta": 16.208227}}
{"target": 8.066666666666666, "params": {"gamma_fc": 0.09657903442841353, "beta_enc": 0.6651683545821934, "gamma_cf": 0.7865007628599349, "beta_rec": 0.18596096979633892, "cue_position": 9.0}, "datetime": {"datetime": "2020-06-20 05:29:02", "elapsed": 12076.881941, "delta": 14.411555}}
{"target": 7.745833333333334, "params": {"gamma_fc": 0.4814004591490364, "beta_enc": 0.6060352981689622, "gamma_cf": 0.059528607140071355, "beta_rec": 0.02605993268839324, "cue_position": 9.0}, "datetime": {"datetime": "2020-06-20 05:29:16", "elapsed": 12090.911796, "delta": 14.029855}}
{"target": 5.675, "params": {"gamma_fc": 0.5192975854704402, "beta_enc": 0.9257041086902309, "gamma_cf": 0.8613524744830288, "beta_rec": 0.4055573841390242, "cue_position": 9.0}, "datetime": {"datetime": "2020-06-20 05:29:28", "elapsed": 12102.643191, "delta": 11.731395}}
{"target": 8.308333333333334, "params": {"gamma_fc": 0.20139185371372026, "beta_enc": 0.3189358689174241, "gamma_cf": 0.2600189719566923, "beta_rec": 0.9630323387846756, "cue_position": 9.0}, "datetime": {"datetime": "2020-06-20 05:29:42", "elapsed": 12117.264065, "delta": 14.620874}}
{"target": 8.4875, "params": {"gamma_fc": 0.16224499947880777, "beta_enc": 0.5889087033060773, "gamma_cf": 0.5864294214642616, "beta_rec": 0.8425182098415589, "cue_position": 9.0}, "datetime": {"datetime": "2020-06-20 05:29:57", "elapsed": 12132.118556, "delta": 14.854491}}
{"target": 9.85, "params": {"gamma_fc": 0.6894948631776694, "beta_enc": 0.19459373523814183, "gamma_cf": 0.2659070410478275, "beta_rec": 0.7613352159920956, "cue_position": 9.0}, "datetime": {"datetime": "2020-06-20 05:30:14", "elapsed": 12148.535995, "delta": 16.417439}}
{"target": 10.370833333333334, "params": {"gamma_fc": 0.36221610553001116, "beta_enc": 0.01508930763297911, "gamma_cf": 0.3366231805122991, "beta_rec": 0.03219440386857053, "cue_position": 9.0}, "datetime": {"datetime": "2020-06-20 05:30:30", "elapsed": 12165.457901, "delta": 16.921906}}
{"target": 7.070833333333334, "params": {"gamma_fc": 0.14300410951832265, "beta_enc": 0.8071905755135196, "gamma_cf": 0.6382781332668243, "beta_rec": 0.035980967658641894, "cue_position": 9.0}, "datetime": {"datetime": "2020-06-20 05:30:44", "elapsed": 12178.682091, "delta": 13.22419}}
{"target": 8.7, "params": {"gamma_fc": 0.7454983307481646, "beta_enc": 0.8577386145114406, "gamma_cf": 0.2080974099989472, "beta_rec": 0.6455644082734328, "cue_position": 9.0}, "datetime": {"datetime": "2020-06-20 05:30:59", "elapsed": 12193.810885, "delta": 15.128794}}
{"target": 9.425, "params": {"gamma_fc": 0.9643727973861176, "beta_enc": 0.40340662833417285, "gamma_cf": 0.1374435496242309, "beta_rec": 0.48447006094850675, "cue_position": 9.0}, "datetime": {"datetime": "2020-06-20 05:31:15", "elapsed": 12209.693664, "delta": 15.882779}}
{"target": 10.4875, "params": {"gamma_fc": 0.4558728073695024, "beta_enc": 0.04262968179657989, "gamma_cf": 0.8065850822605141, "beta_rec": 0.09944025725488481, "cue_position": 9.0}, "datetime": {"datetime": "2020-06-20 05:31:32", "elapsed": 12226.806761, "delta": 17.113097}}
{"target": 8.854166666666666, "params": {"gamma_fc": 0.7402936352802216, "beta_enc": 0.6532511422613194, "gamma_cf": 0.5208483405537891, "beta_rec": 0.17432113751983724, "cue_position": 9.0}, "datetime": {"datetime": "2020-06-20 05:31:47", "elapsed": 12242.10358, "delta": 15.296819}}
{"target": 7.970833333333333, "params": {"gamma_fc": 0.23490222080210488, "beta_enc": 0.46247446521502844, "gamma_cf": 0.2490900884519328, "beta_rec": 0.8696140851211128, "cue_position": 9.0}, "datetime": {"datetime": "2020-06-20 05:32:01", "elapsed": 12256.342263, "delta": 14.238683}}
{"target": 9.6375, "params": {"gamma_fc": 0.26161079268292176, "beta_enc": 0.3740467168670696, "gamma_cf": 0.8619059993188329, "beta_rec": 0.7566160562962172, "cue_position": 9.0}, "datetime": {"datetime": "2020-06-20 05:32:18", "elapsed": 12272.501663, "delta": 16.1594}}
{"target": 8.266666666666667, "params": {"gamma_fc": 0.10142077688127671, "beta_enc": 0.4122789279785698, "gamma_cf": 0.3892749454089657, "beta_rec": 0.6115440994503215, "cue_position": 9.0}, "datetime": {"datetime": "2020-06-20 05:32:32", "elapsed": 12287.163222, "delta": 14.661559}}
{"target": 7.179166666666666, "params": {"gamma_fc": 0.7084507915153727, "beta_enc": 0.7122448043972556, "gamma_cf": 0.8634484403326346, "beta_rec": 0.08813516392543386, "cue_position": 9.0}, "datetime": {"datetime": "2020-06-20 05:32:46", "elapsed": 12300.522802, "delta": 13.35958}}
{"target": 9.420833333333333, "params": {"gamma_fc": 0.7864170822798477, "beta_enc": 0.4864245738076861, "gamma_cf": 0.7974959842933487, "beta_rec": 0.6991465654129165, "cue_position": 9.0}, "datetime": {"datetime": "2020-06-20 05:33:15", "elapsed": 12330.457567, "delta": 29.934765}}
{"target": 9.7625, "params": {"gamma_fc": 0.5666455566878987, "beta_enc": 0.15552858387362167, "gamma_cf": 0.3641702986535258, "beta_rec": 0.3178175503505978, "cue_position": 9.0}, "datetime": {"datetime": "2020-06-20 05:33:44", "elapsed": 12359.335986, "delta": 28.878419}}
{"target": 9.6875, "params": {"gamma_fc": 0.4508926565007, "beta_enc": 0.041687442520287776, "gamma_cf": 0.4164625561731081, "beta_rec": 0.6599697189638991, "cue_position": 9.0}, "datetime": {"datetime": "2020-06-20 05:34:13", "elapsed": 12387.979437, "delta": 28.643451}}
{"target": 8.45, "params": {"gamma_fc": 0.5512566489358516, "beta_enc": 0.3487267695476459, "gamma_cf": 0.0681300573940744, "beta_rec": 0.38328031012801256, "cue_position": 9.0}, "datetime": {"datetime": "2020-06-20 05:34:39", "elapsed": 12414.129758, "delta": 26.150321}}
{"target": 9.225, "params": {"gamma_fc": 0.8307513669044257, "beta_enc": 0.5958669456166511, "gamma_cf": 0.2863771315373824, "beta_rec": 0.1454997892217088, "cue_position": 9.0}, "datetime": {"datetime": "2020-06-20 05:35:07", "elapsed": 12441.769951, "delta": 27.640193}}
{"target": 8.916666666666666, "params": {"gamma_fc": 0.3506171893069536, "beta_enc": 0.15342094116241234, "gamma_cf": 0.3434200931086723, "beta_rec": 0.5521388075534814, "cue_position": 9.0}, "datetime": {"datetime": "2020-06-20 05:35:24", "elapsed": 12458.564551, "delta": 16.7946}}
{"target": 10.5375, "params": {"gamma_fc": 0.9323336000741183, "beta_enc": 0.04268713482845983, "gamma_cf": 1.0, "beta_rec": 0.485264242612848, "cue_position": 9.0}, "datetime": {"datetime": "2020-06-20 05:35:57", "elapsed": 12491.926312, "delta": 33.361761}}
{"target": 10.504166666666666, "params": {"gamma_fc": 0.39554333838009353, "beta_enc": 0.009975623662455718, "gamma_cf": 0.9293656272724629, "beta_rec": 0.30206260127755363, "cue_position": 9.0}, "datetime": {"datetime": "2020-06-20 05:36:31", "elapsed": 12525.837145, "delta": 33.910833}}
{"target": 0.0, "params": {"gamma_fc": 1.0, "beta_enc": 0.013302518537030118, "gamma_cf": 0.31525619799694493, "beta_rec": 0.24586249857825354, "cue_position": 9.0}, "datetime": {"datetime": "2020-06-20 05:36:52", "elapsed": 12547.194282, "delta": 21.357137}}
{"target": 10.320833333333333, "params": {"gamma_fc": 0.8126588197177972, "beta_enc": 0.06007572015382315, "gamma_cf": 0.45242439948691876, "beta_rec": 0.22887407602151646, "cue_position": 9.0}, "datetime": {"datetime": "2020-06-20 05:37:30", "elapsed": 12585.047285, "delta": 37.853003}}
{"target": 10.35, "params": {"gamma_fc": 0.8249168676919523, "beta_enc": 0.028898843301705814, "gamma_cf": 0.24912991866616563, "beta_rec": 0.004263959016987365, "cue_position": 9.0}, "datetime": {"datetime": "2020-06-20 05:38:07", "elapsed": 12621.904587, "delta": 36.857302}}
{"target": 10.170833333333333, "params": {"gamma_fc": 0.594638812476758, "beta_enc": 0.02095044091111737, "gamma_cf": 0.6113282855784422, "beta_rec": 0.3485858038425689, "cue_position": 9.0}, "datetime": {"datetime": "2020-06-20 05:38:45", "elapsed": 12660.372507, "delta": 38.46792}}
{"target": 10.204166666666667, "params": {"gamma_fc": 0.7132200719870346, "beta_enc": 0.04980214533096257, "gamma_cf": 0.9334830121227347, "beta_rec": 0.9285390974734854, "cue_position": 9.0}, "datetime": {"datetime": "2020-06-20 05:39:22", "elapsed": 12697.285472, "delta": 36.912965}}
{"target": 10.383333333333333, "params": {"gamma_fc": 0.9326195711401748, "beta_enc": 0.08140575504009151, "gamma_cf": 0.9482197411522164, "beta_rec": 0.5173825613052525, "cue_position": 9.0}, "datetime": {"datetime": "2020-06-20 05:40:16", "elapsed": 12750.572562, "delta": 53.28709}}
{"target": 10.329166666666667, "params": {"gamma_fc": 0.9490681127821079, "beta_enc": 0.021071589574542183, "gamma_cf": 0.9502675856274141, "beta_rec": 0.46340948223906814, "cue_position": 9.0}, "datetime": {"datetime": "2020-06-20 05:40:56", "elapsed": 12790.96471, "delta": 40.392148}}
{"target": 10.108333333333333, "params": {"gamma_fc": 0.9512071710878552, "beta_enc": 0.03759092118051821, "gamma_cf": 0.9622513059838483, "beta_rec": 0.5104330893698216, "cue_position": 9.0}, "datetime": {"datetime": "2020-06-20 05:41:35", "elapsed": 12829.507732, "delta": 38.543022}}
{"target": 10.4875, "params": {"gamma_fc": 0.9362531294711235, "beta_enc": 0.06694878770434723, "gamma_cf": 0.9347400559684799, "beta_rec": 0.46560736857878404, "cue_position": 9.0}, "datetime": {"datetime": "2020-06-20 05:42:15", "elapsed": 12869.51056, "delta": 40.002828}}
{"target": 10.354166666666666, "params": {"gamma_fc": 0.9365581159224496, "beta_enc": 0.05295066941073863, "gamma_cf": 0.9537373122021497, "beta_rec": 0.48229325449817784, "cue_position": 9.0}, "datetime": {"datetime": "2020-06-20 05:42:57", "elapsed": 12911.630214, "delta": 42.119654}}
{"target": 10.4375, "params": {"gamma_fc": 0.9546195268838565, "beta_enc": 0.0902500565129347, "gamma_cf": 0.9046624018899896, "beta_rec": 0.49550297437815005, "cue_position": 9.0}, "datetime": {"datetime": "2020-06-20 05:43:47", "elapsed": 12961.942362, "delta": 50.312148}}
{"target": 10.15, "params": {"gamma_fc": 0.9564943744757429, "beta_enc": 0.04339081997963117, "gamma_cf": 0.9316886651629884, "beta_rec": 0.4836977527863601, "cue_position": 9.0}, "datetime": {"datetime": "2020-06-20 05:44:38", "elapsed": 13012.885366, "delta": 50.943004}}
{"target": 10.225, "params": {"gamma_fc": 0.9358114448618509, "beta_enc": 0.10273858470551894, "gamma_cf": 0.9093707064252976, "beta_rec": 0.4785498567813407, "cue_position": 9.0}, "datetime": {"datetime": "2020-06-20 05:45:31", "elapsed": 13065.90562, "delta": 53.020254}}
{"target": 10.166666666666666, "params": {"gamma_fc": 0.9384236637649159, "beta_enc": 0.10359541431461766, "gamma_cf": 0.9266556671301337, "beta_rec": 0.5374960604127617, "cue_position": 9.0}, "datetime": {"datetime": "2020-06-20 05:46:23", "elapsed": 13118.351726, "delta": 52.446106}}
{"target": 10.170833333333333, "params": {"gamma_fc": 0.4657135351684187, "beta_enc": 0.06331884972167011, "gamma_cf": 0.8800639364892057, "beta_rec": 0.3440728643981187, "cue_position": 9.0}, "datetime": {"datetime": "2020-06-20 05:47:15", "elapsed": 13169.501719, "delta": 51.149993}}
{"target": 10.3, "params": {"gamma_fc": 0.8472847039536643, "beta_enc": 0.07259587668391308, "gamma_cf": 0.43783730428376594, "beta_rec": 0.2448810474750494, "cue_position": 9.0}, "datetime": {"datetime": "2020-06-20 05:48:07", "elapsed": 13221.774968, "delta": 52.273249}}
{"target": 10.233333333333333, "params": {"gamma_fc": 0.9448044346688399, "beta_enc": 0.03345447207502649, "gamma_cf": 0.9606169902070864, "beta_rec": 0.48265012456964673, "cue_position": 9.0}, "datetime": {"datetime": "2020-06-20 05:48:58", "elapsed": 13272.764286, "delta": 50.989318}}
{"target": 10.4375, "params": {"gamma_fc": 0.9357265484100709, "beta_enc": 0.029107422937855103, "gamma_cf": 0.9314349878867323, "beta_rec": 0.43642036915364907, "cue_position": 9.0}, "datetime": {"datetime": "2020-06-20 05:49:52", "elapsed": 13327.165913, "delta": 54.401627}}
{"target": 10.3375, "params": {"gamma_fc": 0.9400928423773197, "beta_enc": 0.05972992728701638, "gamma_cf": 1.0, "beta_rec": 0.5042694612030165, "cue_position": 9.0}, "datetime": {"datetime": "2020-06-20 05:50:43", "elapsed": 13377.52583, "delta": 50.359917}}
{"target": 10.375, "params": {"gamma_fc": 0.7891784979026144, "beta_enc": 0.049814660730337475, "gamma_cf": 0.8728077709522728, "beta_rec": 0.9573880599873981, "cue_position": 9.0}, "datetime": {"datetime": "2020-06-20 05:51:35", "elapsed": 13429.758813, "delta": 52.232983}}
{"target": 10.229166666666666, "params": {"gamma_fc": 0.9393222824444755, "beta_enc": 0.010726145574746987, "gamma_cf": 1.0, "beta_rec": 0.4259174475157694, "cue_position": 9.0}, "datetime": {"datetime": "2020-06-20 05:52:27", "elapsed": 13481.561971, "delta": 51.803158}}
{"target": 10.1875, "params": {"gamma_fc": 0.653060880045894, "beta_enc": 0.07571626704035914, "gamma_cf": 0.6383056579941775, "beta_rec": 0.332974442712063, "cue_position": 9.0}, "datetime": {"datetime": "2020-06-20 05:53:20", "elapsed": 13534.472449, "delta": 52.910478}}
{"target": 10.283333333333333, "params": {"gamma_fc": 0.8377934862516323, "beta_enc": 0.036497541554105464, "gamma_cf": 0.4302662199136471, "beta_rec": 0.22082515706795935, "cue_position": 9.0}, "datetime": {"datetime": "2020-06-20 05:54:12", "elapsed": 13587.444285, "delta": 52.971836}}
{"target": 10.358333333333333, "params": {"gamma_fc": 0.4673294093196079, "beta_enc": 0.09327405521265922, "gamma_cf": 0.9050043594355353, "beta_rec": 0.46667552200434986, "cue_position": 9.0}, "datetime": {"datetime": "2020-06-20 05:55:06", "elapsed": 13640.636723, "delta": 53.192438}}
{"target": 10.358333333333333, "params": {"gamma_fc": 0.9447484903814167, "beta_enc": 0.04612883451207076, "gamma_cf": 0.9478884423305876, "beta_rec": 0.48965211296150557, "cue_position": 9.0}, "datetime": {"datetime": "2020-06-20 05:55:59", "elapsed": 13694.072758, "delta": 53.436035}}
{"target": 10.3375, "params": {"gamma_fc": 0.9506348645600752, "beta_enc": 0.041808372262266726, "gamma_cf": 0.9433467840853076, "beta_rec": 0.465718681639002, "cue_position": 9.0}, "datetime": {"datetime": "2020-06-20 05:56:54", "elapsed": 13749.339924, "delta": 55.267166}}
{"target": 10.375, "params": {"gamma_fc": 0.9341171224931745, "beta_enc": 0.0726087259085281, "gamma_cf": 0.9241483454625038, "beta_rec": 0.4544464380154715, "cue_position": 9.0}, "datetime": {"datetime": "2020-06-20 05:57:47", "elapsed": 13802.007811, "delta": 52.667887}}
{"target": 10.416666666666666, "params": {"gamma_fc": 0.9422369890822871, "beta_enc": 0.012194537574445746, "gamma_cf": 0.9327294983395048, "beta_rec": 0.45408089406678326, "cue_position": 9.0}, "datetime": {"datetime": "2020-06-20 05:58:41", "elapsed": 13855.934867, "delta": 53.927056}}
{"target": 10.195833333333333, "params": {"gamma_fc": 0.9217346453618983, "beta_enc": 0.051294997552514016, "gamma_cf": 1.0, "beta_rec": 0.4832828257383061, "cue_position": 9.0}, "datetime": {"datetime": "2020-06-20 05:59:34", "elapsed": 13909.144263, "delta": 53.209396}}
{"target": 10.270833333333334, "params": {"gamma_fc": 0.939382680241876, "beta_enc": 0.10031065256482248, "gamma_cf": 0.9527118419086115, "beta_rec": 0.5177832895114509, "cue_position": 9.0}, "datetime": {"datetime": "2020-06-20 06:00:30", "elapsed": 13965.045526, "delta": 55.901263}}
{"target": 10.241666666666667, "params": {"gamma_fc": 0.5209889885791783, "beta_enc": 0.03136408198680428, "gamma_cf": 0.8523041992501952, "beta_rec": 0.3297007335641624, "cue_position": 9.0}, "datetime": {"datetime": "2020-06-20 06:01:23", "elapsed": 14018.325917, "delta": 53.280391}}
{"target": 10.2625, "params": {"gamma_fc": 0.637873934372316, "beta_enc": 0.035291378855133386, "gamma_cf": 0.630432551703973, "beta_rec": 0.31848401878287524, "cue_position": 9.0}, "datetime": {"datetime": "2020-06-20 06:02:19", "elapsed": 14074.10198, "delta": 55.776063}}
{"target": 10.366666666666667, "params": {"gamma_fc": 0.7846690927288865, "beta_enc": 0.02504463163435063, "gamma_cf": 0.9009954746108683, "beta_rec": 0.9710856921439298, "cue_position": 9.0}, "datetime": {"datetime": "2020-06-20 06:03:13", "elapsed": 14127.922782, "delta": 53.820802}}
{"target": 10.433333333333334, "params": {"gamma_fc": 0.5523897295197775, "beta_enc": 0.021387007561294562, "gamma_cf": 0.8334836502337782, "beta_rec": 0.3204595451563184, "cue_position": 9.0}, "datetime": {"datetime": "2020-06-20 06:04:07", "elapsed": 14182.457712, "delta": 54.53493}}
{"target": 10.2375, "params": {"gamma_fc": 0.41169688600698645, "beta_enc": 0.023785855516501454, "gamma_cf": 0.917912942576942, "beta_rec": 0.3133532492429173, "cue_position": 9.0}, "datetime": {"datetime": "2020-06-20 06:05:00", "elapsed": 14234.978991, "delta": 52.521279}}
{"target": 10.2875, "params": {"gamma_fc": 0.5444075420506769, "beta_enc": 0.008741832825361114, "gamma_cf": 0.8525033925980505, "beta_rec": 0.3220673914320336, "cue_position": 9.0}, "datetime": {"datetime": "2020-06-20 06:05:54", "elapsed": 14288.784258, "delta": 53.805267}}
{"target": 10.0625, "params": {"gamma_fc": 0.8402819192326331, "beta_enc": 0.2660820831942445, "gamma_cf": 0.5169211647826972, "beta_rec": 0.9245913691616668, "cue_position": 9.0}, "datetime": {"datetime": "2020-06-20 06:06:48", "elapsed": 14343.090027, "delta": 54.305769}}
{"target": 10.233333333333333, "params": {"gamma_fc": 0.48164937542038266, "beta_enc": 0.0730322997319428, "gamma_cf": 0.9264155167118432, "beta_rec": 0.45459795712693635, "cue_position": 9.0}, "datetime": {"datetime": "2020-06-20 06:07:43", "elapsed": 14397.80247, "delta": 54.712443}}
{"target": 10.404166666666667, "params": {"gamma_fc": 0.4887839578953427, "beta_enc": 0.07675755981449517, "gamma_cf": 0.9265823341590643, "beta_rec": 0.4852272743788927, "cue_position": 9.0}, "datetime": {"datetime": "2020-06-20 06:08:40", "elapsed": 14454.845365, "delta": 57.042895}}
{"target": 10.245833333333334, "params": {"gamma_fc": 0.6437314403653738, "beta_enc": 0.0453856048523968, "gamma_cf": 0.5942733010125467, "beta_rec": 0.33456325575145063, "cue_position": 9.0}, "datetime": {"datetime": "2020-06-20 06:09:36", "elapsed": 14510.744497, "delta": 55.899132}}
{"target": 10.295833333333333, "params": {"gamma_fc": 0.47601353922864387, "beta_enc": 0.0800096203373539, "gamma_cf": 0.9486806637982997, "beta_rec": 0.47948776902910456, "cue_position": 9.0}, "datetime": {"datetime": "2020-06-20 06:10:32", "elapsed": 14567.014887, "delta": 56.27039}}
{"target": 10.508333333333333, "params": {"gamma_fc": 0.8166968373592777, "beta_enc": 0.023654188496951487, "gamma_cf": 0.8855761888254475, "beta_rec": 0.9708867637854741, "cue_position": 9.0}, "datetime": {"datetime": "2020-06-20 06:11:29", "elapsed": 14623.841628, "delta": 56.826741}}
{"target": 10.354166666666666, "params": {"gamma_fc": 0.9444201101468742, "beta_enc": 0.00898664868961737, "gamma_cf": 0.9503650956927194, "beta_rec": 0.42758213308982457, "cue_position": 9.0}, "datetime": {"datetime": "2020-06-20 06:12:23", "elapsed": 14678.038855, "delta": 54.197227}}
