{"target": -0.878989430870319, "params": {"phi_s": 1.3725204227553418, "gamma_fc": 0.30233257263183977, "phi_d": 0.36778192482951366, "beta_enc": 0.7203244934421581, "Num": 4.17022004702574, "beta_rec": 0.00011437481734488664, "k": 1.4675589081711304}, "datetime": {"delta": 0.0, "elapsed": 0.0, "datetime": "2020-09-09 12:08:00"}}
{"target": -2.06855054434382, "params": {"phi_s": 2.756234872781891, "gamma_fc": 0.4191945144032948, "phi_d": 0.6929115242214006, "beta_enc": 0.39676747423066994, "Num": 3.4556072704304777, "beta_rec": 0.538816734003357, "k": 6.852195003967595}, "datetime": {"delta": 16.253938, "elapsed": 16.253938, "datetime": "2020-09-09 12:08:16"}}
{"target": -2.7822853311966567, "params": {"phi_s": 2.6014891373510736, "gamma_fc": 0.5586898284457517, "phi_d": 0.6744943183461485, "beta_enc": 0.6704675101784022, "Num": 0.27387593197926163, "beta_rec": 0.41730480236712697, "k": 1.4038693859523377}, "datetime": {"delta": 11.488813, "elapsed": 27.742751, "datetime": "2020-09-09 12:08:27"}}
{"target": -1.5592206104793678, "params": {"phi_s": 1.0781095664657647, "gamma_fc": 0.8763891522960383, "phi_d": 0.3466282129723559, "beta_enc": 0.31342417815924284, "Num": 9.682615757193975, "beta_rec": 0.6923226156693141, "k": 8.946066635038473}, "datetime": {"delta": 21.348459, "elapsed": 49.09121, "datetime": "2020-09-09 12:08:49"}}
{"target": -0.9495485953870494, "params": {"phi_s": 2.3837542279009467, "gamma_fc": 0.42110762500505217, "phi_d": 1.6461793264217495, "beta_enc": 0.8781425034294131, "Num": 1.698304195645689, "beta_rec": 0.0983468338330501, "k": 9.57889530150502}, "datetime": {"delta": 15.452098, "elapsed": 64.543308, "datetime": "2020-09-09 12:09:04"}}
{"target": -0.6904652396501754, "params": {"phi_s": 2.496331308759679, "gamma_fc": 0.018288277344191806, "phi_d": 2.9676971578288347, "beta_enc": 0.6865009276815837, "Num": 3.1551563100606295, "beta_rec": 0.8346256718973729, "k": 7.501443149449675}, "datetime": {"delta": 21.372023, "elapsed": 85.915331, "datetime": "2020-09-09 12:09:26"}}
{"target": -1.0466229043993254, "params": {"phi_s": 1.5755506771726975, "gamma_fc": 0.44789352617590517, "phi_d": 0.9514810302836705, "beta_enc": 0.7892793284514885, "Num": 2.804439920644052, "beta_rec": 0.10322600657764203, "k": 9.085955030930956}, "datetime": {"delta": 16.216488, "elapsed": 102.131819, "datetime": "2020-09-09 12:09:42"}}
{"target": -1.4492296806196145, "params": {"phi_s": 1.1067250902341608, "gamma_fc": 0.21162811600005904, "phi_d": 1.525562161912981, "beta_enc": 0.019366957870297075, "Num": 1.3002857211827767, "beta_rec": 0.678835532939891, "k": 2.655466593722262}, "datetime": {"delta": 17.355764, "elapsed": 119.487583, "datetime": "2020-09-09 12:09:59"}}
{"target": -1.200558835683395, "params": {"phi_s": 2.38880031545549, "gamma_fc": 0.6997583600209312, "phi_d": 1.300762364676748, "beta_enc": 0.14672857490581015, "Num": 5.741176054920131, "beta_rec": 0.5893055369032842, "k": 1.0233442882782584}, "datetime": {"delta": 27.167551, "elapsed": 146.655134, "datetime": "2020-09-09 12:10:26"}}
{"target": -2.728039395734996, "params": {"phi_s": 2.173110081003986, "gamma_fc": 0.6637946452197888, "phi_d": 2.8393247923733584, "beta_enc": 0.04995345894608716, "Num": 4.141792695269027, "beta_rec": 0.5358964059155116, "k": 5.148891120583086}, "datetime": {"delta": 17.085936, "elapsed": 163.74107, "datetime": "2020-09-09 12:10:43"}}
{"target": -2.1875948954462006, "params": {"phi_s": 2.855017160792068, "gamma_fc": 0.8073912887095238, "phi_d": 0.579527171639105, "beta_enc": 0.13747470414623753, "Num": 9.034019152878836, "beta_rec": 0.13927634725075855, "k": 3.9767683698553355}, "datetime": {"delta": 19.709101, "elapsed": 183.450171, "datetime": "2020-09-09 12:11:03"}}
{"target": -0.5484533944709312, "params": {"phi_s": 1.697796683955685, "gamma_fc": 0.8833060912058098, "phi_d": 2.277733058679278, "beta_enc": 0.7508121031361555, "Num": 3.477658597455066, "beta_rec": 0.7259979853504515, "k": 6.236722070556089}, "datetime": {"delta": 19.577241, "elapsed": 203.027412, "datetime": "2020-09-09 12:11:23"}}
{"target": -0.7480043913053562, "params": {"phi_s": 1.2294919459067504, "gamma_fc": 0.9648400471483856, "phi_d": 1.902917588606453, "beta_enc": 0.8958862181960668, "Num": 2.6992789176502607, "beta_rec": 0.4280911898712949, "k": 6.634414978184481}, "datetime": {"delta": 16.905976, "elapsed": 219.933388, "datetime": "2020-09-09 12:11:40"}}
{"target": -1.0605027802824283, "params": {"phi_s": 2.1473589733445717, "gamma_fc": 0.40813680276128117, "phi_d": 2.719800609630536, "beta_enc": 0.4499121334799405, "Num": 9.494892587070712, "beta_rec": 0.5783896143871318, "k": 2.3702698024302773}, "datetime": {"delta": 35.192344, "elapsed": 255.125732, "datetime": "2020-09-09 12:12:15"}}
{"target": -2.7822853311966567, "params": {"phi_s": 2.8170703018395984, "gamma_fc": 0.5270581022576093, "phi_d": 1.1360823040072494, "beta_enc": 0.6171449136207239, "Num": 0.0287032703115897, "beta_rec": 0.32664490177209615, "k": 8.859420993107745}, "datetime": {"delta": 11.528427, "elapsed": 266.654159, "datetime": "2020-09-09 12:12:26"}}
{"target": -2.8586728479619876, "params": {"phi_s": 1.2742714992577555, "gamma_fc": 0.690896917516924, "phi_d": 0.5997874742014527, "beta_enc": 0.015821242846556283, "Num": 6.233601157918027, "beta_rec": 0.9294372337437613, "k": 9.973228504514806}, "datetime": {"delta": 17.943008, "elapsed": 284.597167, "datetime": "2020-09-09 12:12:44"}}
{"target": -0.6945345526065303, "params": {"phi_s": 2.4230495172569437, "gamma_fc": 0.7554630526024664, "phi_d": 2.776771153084802, "beta_enc": 0.6968181614899002, "Num": 9.325954630371635, "beta_rec": 0.06600017272206249, "k": 7.538761884612464}, "datetime": {"delta": 25.619372, "elapsed": 310.216539, "datetime": "2020-09-09 12:13:10"}}
{"target": -1.8205164098348945, "params": {"phi_s": 2.077662128683306, "gamma_fc": 0.028306488020794607, "phi_d": 2.594081051180375, "beta_enc": 0.01988013383979559, "Num": 1.242709619721647, "beta_rec": 0.026210986877719278, "k": 2.462110676030459}, "datetime": {"delta": 15.202904, "elapsed": 325.419443, "datetime": "2020-09-09 12:13:25"}}
{"target": -0.43944229825728265, "params": {"phi_s": 2.12206043851142, "gamma_fc": 0.2791836790111395, "phi_d": 2.9118276701270562, "beta_enc": 0.8420308923596057, "Num": 5.528219786857659, "beta_rec": 0.12417331511991114, "k": 5.857592714582879}, "datetime": {"delta": 24.123172, "elapsed": 349.542615, "datetime": "2020-09-09 12:13:49"}}
{"target": -2.7822853311966567, "params": {"phi_s": 2.4942432854743695, "gamma_fc": 0.8071051956187791, "phi_d": 2.604271378222343, "beta_enc": 0.8006326726806163, "Num": 0.1864728937294302, "beta_rec": 0.23297427384102043, "k": 3.8786064406417173}, "datetime": {"delta": 11.538487, "elapsed": 361.081102, "datetime": "2020-09-09 12:14:01"}}
{"target": -1.2035615660056755, "params": {"phi_s": 1.4514186772157094, "gamma_fc": 0.12134345574073735, "phi_d": 0.4117329744076694, "beta_enc": 0.13645522566068502, "Num": 5.562402339904189, "beta_rec": 0.05991768951221166, "k": 0.44551878544761725}, "datetime": {"delta": 29.742527, "elapsed": 390.823629, "datetime": "2020-09-09 12:14:31"}}
{"target": -0.7868972002844697, "params": {"phi_s": 1.406586469321981, "gamma_fc": 0.07197427968948678, "phi_d": 1.7474913395678322, "beta_enc": 0.5597169820541424, "Num": 7.129889803826766, "beta_rec": 0.012555980159115854, "k": 9.672763300002721}, "datetime": {"delta": 22.401604, "elapsed": 413.225233, "datetime": "2020-09-09 12:14:53"}}
{"target": -1.1423794074029834, "params": {"phi_s": 1.4796955182951723, "gamma_fc": 0.5813589272732578, "phi_d": 2.555803524321102, "beta_enc": 0.7438258540750929, "Num": 2.5232574457032344, "beta_rec": 0.1954294811093188, "k": 9.700199890883123}, "datetime": {"delta": 16.11234, "elapsed": 429.337573, "datetime": "2020-09-09 12:15:09"}}
{"target": -1.076640341848087, "params": {"phi_s": 1.9726902218740636, "gamma_fc": 0.15679139464608427, "phi_d": 0.30306421678574474, "beta_enc": 0.6199557183813798, "Num": 4.937697142687299, "beta_rec": 0.8289808995501787, "k": 0.18576202177409518}, "datetime": {"delta": 28.008939, "elapsed": 457.346512, "datetime": "2020-09-09 12:15:37"}}
{"target": -0.5300414847615358, "params": {"phi_s": 2.1018964382357934, "gamma_fc": 0.9886161544124489, "phi_d": 1.2024094006082962, "beta_enc": 0.5688514370864813, "Num": 6.0632946165333035, "beta_rec": 0.31736240932216075, "k": 5.797452192457969}, "datetime": {"delta": 23.946096, "elapsed": 481.292608, "datetime": "2020-09-09 12:16:01"}}
{"target": -0.6635646555423514, "params": {"phi_s": 1.4203480198296792, "gamma_fc": 0.06633483442844157, "phi_d": 1.926180770362537, "beta_enc": 0.6692328934531846, "Num": 7.453344309065021, "beta_rec": 0.2649195576628094, "k": 3.700841979141063}, "datetime": {"delta": 30.733313, "elapsed": 512.025921, "datetime": "2020-09-09 12:16:32"}}
{"target": -1.5742500772873695, "params": {"phi_s": 2.0493406182474674, "gamma_fc": 0.8047545637433454, "phi_d": 1.9544365545518263, "beta_enc": 0.06653648135411494, "Num": 7.527555537388139, "beta_rec": 0.26031509857854096, "k": 1.9343428262332774}, "datetime": {"delta": 23.130762, "elapsed": 535.156683, "datetime": "2020-09-09 12:16:55"}}
{"target": -2.7051433226610375, "params": {"phi_s": 2.8639441383936743, "gamma_fc": 0.7350659632886695, "phi_d": 2.73266597226022, "beta_enc": 0.263296770487111, "Num": 9.248079703993508, "beta_rec": 0.06596109068402378, "k": 7.721780295432468}, "datetime": {"delta": 19.645269, "elapsed": 554.801952, "datetime": "2020-09-09 12:17:15"}}
{"target": -2.7822853311966567, "params": {"phi_s": 2.831212699532549, "gamma_fc": 0.9490163206876164, "phi_d": 1.7142942457659536, "beta_enc": 0.2343620861214205, "Num": 0.13951572975597015, "beta_rec": 0.6167783570016576, "k": 9.501761192470797}, "datetime": {"delta": 11.516882, "elapsed": 566.318834, "datetime": "2020-09-09 12:17:26"}}
{"target": -1.8320608935208123, "params": {"phi_s": 2.837466871267212, "gamma_fc": 0.6043104829199732, "phi_d": 2.7859261374487154, "beta_enc": 0.39000771414124624, "Num": 6.415662089463376, "beta_rec": 0.48599066709690975, "k": 5.495479215085625}, "datetime": {"delta": 18.091658, "elapsed": 584.410492, "datetime": "2020-09-09 12:17:44"}}
{"target": -0.9413842256303745, "params": {"phi_s": 1.043049610548396, "gamma_fc": 0.12632951943963733, "phi_d": 1.5664202804630005, "beta_enc": 0.9632625284407118, "Num": 3.948756129235549, "beta_rec": 0.17395566668046436, "k": 1.3507915804673132}, "datetime": {"delta": 25.691633, "elapsed": 610.102125, "datetime": "2020-09-09 12:18:10"}}
{"target": -0.8807934627072176, "params": {"phi_s": 2.618981384253164, "gamma_fc": 0.17619625557505525, "phi_d": 0.479890849951659, "beta_enc": 0.8271154711707325, "Num": 9.47970211217681, "beta_rec": 0.015018980742122379, "k": 3.3206357436683698}, "datetime": {"delta": 35.151071, "elapsed": 645.253196, "datetime": "2020-09-09 12:18:45"}}
{"target": -0.7872682964615864, "params": {"phi_s": 1.919760531633614, "gamma_fc": 0.8788319844118441, "phi_d": 2.725637724255083, "beta_enc": 0.9401074823333672, "Num": 3.4473665268329343, "beta_rec": 0.58201417994708, "k": 8.447344453922218}, "datetime": {"delta": 17.139705, "elapsed": 662.392901, "datetime": "2020-09-09 12:19:02"}}
{"target": -0.9498940984971442, "params": {"phi_s": 2.186962816393274, "gamma_fc": 0.4902535226199277, "phi_d": 0.1450464990974236, "beta_enc": 0.7986035911520394, "Num": 5.463468160203733, "beta_rec": 0.28571885173414757, "k": 5.991103076458783}, "datetime": {"delta": 19.229121, "elapsed": 681.622022, "datetime": "2020-09-09 12:19:21"}}
{"target": -0.4910016726157608, "params": {"phi_s": 2.575858467651009, "gamma_fc": 0.8928887085251513, "phi_d": 0.6336295847196487, "beta_enc": 0.8073605288848414, "Num": 4.336763489894583, "beta_rec": 0.31524480309537295, "k": 5.778572152845355}, "datetime": {"delta": 20.701801, "elapsed": 702.323823, "datetime": "2020-09-09 12:19:42"}}
{"target": -2.7460569451089496, "params": {"phi_s": 2.9535182980621193, "gamma_fc": 0.6790688365654296, "phi_d": 0.10116587218493656, "beta_enc": 0.053909272073752956, "Num": 6.120311770449339, "beta_rec": 0.4201936800011322, "k": 9.18601777977526}, "datetime": {"delta": 18.296379, "elapsed": 720.620202, "datetime": "2020-09-09 12:20:00"}}
{"target": -0.7174372773922204, "params": {"phi_s": 1.5711525633913879, "gamma_fc": 0.828845807980693, "phi_d": 1.9214209750913163, "beta_enc": 0.9737835383583225, "Num": 3.7658031474577447, "beta_rec": 0.604716100974053, "k": 5.747115047081023}, "datetime": {"delta": 19.084638, "elapsed": 739.70484, "datetime": "2020-09-09 12:20:19"}}
{"target": -0.6756902098220131, "params": {"phi_s": 1.645361993673493, "gamma_fc": 0.7550821884676802, "phi_d": 2.6069903471583395, "beta_enc": 0.7500217637026599, "Num": 5.868333406560829, "beta_rec": 0.8583138364290424, "k": 6.98057248447303}, "datetime": {"delta": 21.35225, "elapsed": 761.05709, "datetime": "2020-09-09 12:20:41"}}
{"target": -1.00548291262516, "params": {"phi_s": 2.243838735840603, "gamma_fc": 0.4108113499221856, "phi_d": 1.020413443279003, "beta_enc": 0.45087393641334916, "Num": 6.707887907875873, "beta_rec": 0.3821027520315172, "k": 4.014795834695406}, "datetime": {"delta": 24.734091, "elapsed": 785.791181, "datetime": "2020-09-09 12:21:06"}}
{"target": -0.8585982355513662, "params": {"phi_s": 2.595277607917133, "gamma_fc": 0.19856988842711087, "phi_d": 1.0957040953458268, "beta_enc": 0.9738020779272523, "Num": 4.302472708212644, "beta_rec": 0.6778008914343111, "k": 4.267010093480328}, "datetime": {"delta": 25.837912, "elapsed": 811.629093, "datetime": "2020-09-09 12:21:31"}}
{"target": -0.9048733643813387, "params": {"phi_s": 2.055429292617493, "gamma_fc": 0.2702082620297578, "phi_d": 2.579204033822467, "beta_enc": 0.903841955826372, "Num": 8.799982885634318, "beta_rec": 0.6627198123752622, "k": 2.5236670150458975}, "datetime": {"delta": 33.555121, "elapsed": 845.184214, "datetime": "2020-09-09 12:22:05"}}
{"target": -0.5743968045470756, "params": {"phi_s": 1.9314197571839617, "gamma_fc": 0.5190116274640558, "phi_d": 1.749688173043675, "beta_enc": 0.5724885171916063, "Num": 8.02161084004598, "beta_rec": 0.7331425252875111, "k": 7.70883910501888}, "datetime": {"delta": 23.969859, "elapsed": 869.154073, "datetime": "2020-09-09 12:22:29"}}
{"target": -2.9295442021151645, "params": {"phi_s": 2.6237173954410795, "gamma_fc": 0.07962607769825236, "phi_d": 0.6266772688592149, "beta_enc": 0.06820934841670412, "Num": 3.4268890795328177, "beta_rec": 0.37792417932809985, "k": 9.82817113730445}, "datetime": {"delta": 16.197774, "elapsed": 885.351847, "datetime": "2020-09-09 12:22:45"}}
{"target": -0.58153845186364, "params": {"phi_s": 1.4500799156281692, "gamma_fc": 0.16097143681560877, "phi_d": 1.1009989483501235, "beta_enc": 0.6884132523859433, "Num": 8.749616449558982, "beta_rec": 0.5694944127453757, "k": 4.668800227633064}, "datetime": {"delta": 30.734582, "elapsed": 916.086429, "datetime": "2020-09-09 12:23:16"}}
{"target": -1.2539831808547124, "params": {"phi_s": 1.3859254640382257, "gamma_fc": 0.9096355249515571, "phi_d": 0.42158477215768464, "beta_enc": 0.31226983770191696, "Num": 5.925118687657967, "beta_rec": 0.9163055534683507, "k": 2.5711829378219617}, "datetime": {"delta": 25.606358, "elapsed": 941.692787, "datetime": "2020-09-09 12:23:41"}}
{"target": -0.88914285794608, "params": {"phi_s": 2.2333701343104724, "gamma_fc": 0.24803355837723073, "phi_d": 1.3059612829758294, "beta_enc": 0.7285856679745962, "Num": 4.995841706788861, "beta_rec": 0.20819443840879148, "k": 8.516718749363669}, "datetime": {"delta": 18.709451, "elapsed": 960.402238, "datetime": "2020-09-09 12:24:00"}}
{"target": -1.4498493200902964, "params": {"phi_s": 2.0880202376278763, "gamma_fc": 0.47714098704978236, "phi_d": 1.903238072047205, "beta_enc": 0.10196725942579743, "Num": 2.3366613923925006, "beta_rec": 0.5158570169685298, "k": 1.5267164409316325}, "datetime": {"delta": 18.392675, "elapsed": 978.794913, "datetime": "2020-09-09 12:24:19"}}
{"target": -1.4358176240760145, "params": {"phi_s": 1.0446608559836124, "gamma_fc": 0.2220491397999227, "phi_d": 2.3773584818426947, "beta_enc": 0.1445455401246598, "Num": 6.541373469707443, "beta_rec": 0.7515278171352439, "k": 5.19351824366033}, "datetime": {"delta": 30.576877, "elapsed": 1009.37179, "datetime": "2020-09-09 12:24:49"}}
{"target": -1.0302573049324941, "params": {"phi_s": 2.6528139952586827, "gamma_fc": 0.5384405925945437, "phi_d": 2.8544373749255167, "beta_enc": 0.872922376400111, "Num": 3.243624597261865, "beta_rec": 0.8447096076020696, "k": 8.66608274166513}, "datetime": {"delta": 18.039614, "elapsed": 1027.411404, "datetime": "2020-09-09 12:25:07"}}
{"target": -1.8182376233311257, "params": {"phi_s": 1.0691424397432685, "gamma_fc": 0.703516988152653, "phi_d": 2.4188842590344812, "beta_enc": 0.09874340182034835, "Num": 8.541154438365387, "beta_rec": 0.651304332340991, "k": 6.102408126466297}, "datetime": {"delta": 19.798007, "elapsed": 1047.209411, "datetime": "2020-09-09 12:25:27"}}
{"target": -0.42091880609352256, "params": {"phi_s": 2.593177356014575, "gamma_fc": 0.2570692988221467, "phi_d": 1.1013626386141366, "beta_enc": 0.731728600739527, "Num": 7.702387345549799, "beta_rec": 0.2596983932983531, "k": 6.323033174301278}, "datetime": {"delta": 25.954971, "elapsed": 1073.164382, "datetime": "2020-09-09 12:25:53"}}
{"target": -0.8736554496085107, "params": {"phi_s": 2.0831187577747468, "gamma_fc": 0.30024833953390007, "phi_d": 2.713794465412894, "beta_enc": 0.7827494147841719, "Num": 4.461462320034572, "beta_rec": 0.9904717836238407, "k": 1.4300582825809938}, "datetime": {"delta": 27.713447, "elapsed": 1100.877829, "datetime": "2020-09-09 12:26:21"}}
{"target": -0.6472375286863462, "params": {"phi_s": 1.7114103419677622, "gamma_fc": 0.5460708041429516, "phi_d": 0.4927409189092927, "beta_enc": 0.6366044000018972, "Num": 9.747403708550822, "beta_rec": 0.9939130246104789, "k": 5.264259339055213}, "datetime": {"delta": 30.385146, "elapsed": 1131.262975, "datetime": "2020-09-09 12:26:51"}}
{"target": -2.7822853311966567, "params": {"phi_s": 2.3853554350147084, "gamma_fc": 0.03039968992878883, "phi_d": 2.6008041332303278, "beta_enc": 0.1603951795196491, "Num": 0.26218567296373285, "beta_rec": 0.7456371927074961, "k": 3.665430972437443}, "datetime": {"delta": 11.49927, "elapsed": 1142.762245, "datetime": "2020-09-09 12:27:02"}}
{"target": -2.9144765216980977, "params": {"phi_s": 1.4954658035247097, "gamma_fc": 0.5815774073442912, "phi_d": 0.6913280531760533, "beta_enc": 0.18863680095531088, "Num": 6.909421420661685, "beta_rec": 0.44190428074842336, "k": 9.897517076637053}, "datetime": {"delta": 17.920572, "elapsed": 1160.682817, "datetime": "2020-09-09 12:27:20"}}
{"target": -0.4074928870112139, "params": {"phi_s": 2.5972084895204204, "gamma_fc": 0.05692943841109499, "phi_d": 0.7146844774666602, "beta_enc": 0.7501724132979928, "Num": 2.6217308377291193, "beta_rec": 0.4569753274356928, "k": 5.085162406102396}, "datetime": {"delta": 20.42936, "elapsed": 1181.112177, "datetime": "2020-09-09 12:27:41"}}
{"target": -1.8449759913635648, "params": {"phi_s": 2.0222829565942564, "gamma_fc": 0.8438404289311888, "phi_d": 2.274589101105816, "beta_enc": 0.02760601195450363, "Num": 2.9733138150727223, "beta_rec": 0.593432449464621, "k": 3.8101612406221417}, "datetime": {"delta": 15.664345, "elapsed": 1196.776522, "datetime": "2020-09-09 12:27:56"}}
{"target": -0.8681315691843738, "params": {"phi_s": 2.8950978827902, "gamma_fc": 0.03232306662357398, "phi_d": 1.4485042965341677, "beta_enc": 0.9594343210617524, "Num": 5.409518049621886, "beta_rec": 0.8039608914986468, "k": 7.0938725123129505}, "datetime": {"delta": 25.144335, "elapsed": 1221.920857, "datetime": "2020-09-09 12:28:22"}}
{"target": -1.1426117029334324, "params": {"phi_s": 2.6059264747474757, "gamma_fc": 0.42861882866378653, "phi_d": 1.9379816057745618, "beta_enc": 0.2670720196843658, "Num": 2.214327343234883, "beta_rec": 0.081473964877262, "k": 1.090187640190683}, "datetime": {"delta": 20.45439, "elapsed": 1242.375247, "datetime": "2020-09-09 12:28:42"}}
{"target": -0.35609950213941877, "params": {"phi_s": 2.2529923172485873, "gamma_fc": 0.8458514830276777, "phi_d": 2.4896286241957246, "beta_enc": 0.7662113810757705, "Num": 6.9680049612017845, "beta_rec": 0.3424541198435198, "k": 4.287687749994426}, "datetime": {"delta": 26.518302, "elapsed": 1268.893549, "datetime": "2020-09-09 12:29:09"}}
{"target": -1.7062318556667988, "params": {"phi_s": 1.05556669769734, "gamma_fc": 0.06672499763935646, "phi_d": 0.4286915760260124, "beta_enc": 0.07838689985494796, "Num": 1.4342304867024491, "beta_rec": 0.01833264291300729, "k": 4.585838137084318}, "datetime": {"delta": 15.718362, "elapsed": 1284.611911, "datetime": "2020-09-09 12:29:24"}}
{"target": -1.2468593250278595, "params": {"phi_s": 1.948007853124388, "gamma_fc": 0.45240482674645155, "phi_d": 1.4864102694817098, "beta_enc": 0.3948504804606394, "Num": 7.548614813904674, "beta_rec": 0.7469384956075251, "k": 4.500867470007611}, "datetime": {"delta": 23.018451, "elapsed": 1307.630362, "datetime": "2020-09-09 12:29:47"}}
{"target": -1.3694919946633797, "params": {"phi_s": 2.2370271338241707, "gamma_fc": 0.037061047954035864, "phi_d": 0.46436000529944255, "beta_enc": 0.40239251985773583, "Num": 8.031633421141697, "beta_rec": 0.904686160343623, "k": 7.738743427204186}, "datetime": {"delta": 30.799179, "elapsed": 1338.429541, "datetime": "2020-09-09 12:30:18"}}
{"target": -2.7822853311966567, "params": {"phi_s": 2.830548639829575, "gamma_fc": 0.9511937854902045, "phi_d": 2.408304131632581, "beta_enc": 0.538627282576347, "Num": 0.10364261335231939, "beta_rec": 0.0030179566195963625, "k": 9.054020337027781}, "datetime": {"delta": 11.51663, "elapsed": 1349.946171, "datetime": "2020-09-09 12:30:30"}}
