{"target": 5.351111111111111, "params": {"gamma_fc": 0.6102408126466297, "beta_enc": 0.09874340182034835, "beta_rec": 0.651304332340991, "cue_position": 0.0}, "datetime": {"delta": 292.994769, "elapsed": 23715.248995, "datetime": "2020-09-22 00:07:30"}}
{"target": 3.421111111111111, "params": {"gamma_fc": 0.731728600739527, "beta_enc": 0.799615261736028, "beta_rec": 0.03457121987163425, "cue_position": 0.0}, "datetime": {"delta": 223.899467, "elapsed": 23939.148462, "datetime": "2020-09-22 00:11:14"}}
{"target": 5.350555555555555, "params": {"gamma_fc": 0.34529746159108154, "beta_enc": 0.2596983932983531, "beta_rec": 0.2570692988221467, "cue_position": 0.0}, "datetime": {"delta": 297.628197, "elapsed": 24236.776659, "datetime": "2020-09-22 00:16:12"}}
{"target": 3.603888888888889, "params": {"gamma_fc": 0.9904717836238407, "beta_enc": 0.7965886780072875, "beta_rec": 0.44614623200345727, "cue_position": 0.0}, "datetime": {"delta": 230.845519, "elapsed": 24467.622178, "datetime": "2020-09-22 00:20:03"}}
{"target": 5.252222222222223, "params": {"gamma_fc": 0.5415593788873733, "beta_enc": 0.30024833953390007, "beta_rec": 0.14300582825809938, "cue_position": 0.0}, "datetime": {"delta": 289.231418, "elapsed": 24756.853596, "datetime": "2020-09-22 00:24:52"}}
{"target": 2.87, "params": {"gamma_fc": 0.5460708041429516, "beta_enc": 0.9747403708550822, "beta_rec": 0.6366044000018972, "cue_position": 0.0}, "datetime": {"delta": 204.637888, "elapsed": 24961.491484, "datetime": "2020-09-22 00:28:16"}}
{"target": 4.943333333333333, "params": {"gamma_fc": 0.026218567296373285, "beta_enc": 0.5264259339055213, "beta_rec": 0.1354279030721699, "cue_position": 0.0}, "datetime": {"delta": 278.499259, "elapsed": 25239.990743, "datetime": "2020-09-22 00:32:55"}}
{"target": 5.426111111111111, "params": {"gamma_fc": 0.36654309724374434, "beta_enc": 0.1603951795196491, "beta_rec": 0.7456371927074961, "cue_position": 0.0}, "datetime": {"delta": 293.49093, "elapsed": 25533.481673, "datetime": "2020-09-22 00:37:48"}}
{"target": 4.893888888888889, "params": {"gamma_fc": 0.18863680095531088, "beta_enc": 0.8623462528380441, "beta_rec": 0.6926777175073543, "cue_position": 0.0}, "datetime": {"delta": 275.314143, "elapsed": 25808.795816, "datetime": "2020-09-22 00:42:24"}}
{"target": 5.470555555555555, "params": {"gamma_fc": 0.20390622523312185, "beta_enc": 0.44190428074842336, "beta_rec": 0.5815774073442912, "cue_position": 0.0}, "datetime": {"delta": 301.806236, "elapsed": 26110.602052, "datetime": "2020-09-22 00:47:26"}}
{"target": 5.2972222222222225, "params": {"gamma_fc": 0.4569753274356928, "beta_enc": 0.24773290176235485, "beta_rec": 0.26217308377291193, "cue_position": 0.0}, "datetime": {"delta": 291.288055, "elapsed": 26401.890107, "datetime": "2020-09-22 00:52:17"}}
{"target": 5.319444444444445, "params": {"gamma_fc": 0.7986042447602102, "beta_enc": 0.05692943841109499, "beta_rec": 0.5085162406102396, "cue_position": 0.0}, "datetime": {"delta": 291.196872, "elapsed": 26693.086979, "datetime": "2020-09-22 00:57:08"}}
{"target": 5.261111111111111, "params": {"gamma_fc": 0.8438404289311888, "beta_enc": 0.29733138150727223, "beta_rec": 0.02760601195450363, "cue_position": 0.0}, "datetime": {"delta": 288.905149, "elapsed": 26981.992128, "datetime": "2020-09-22 01:01:57"}}
{"target": 5.307777777777778, "params": {"gamma_fc": 0.5409518049621886, "beta_enc": 0.3810161240622142, "beta_rec": 0.7498583107261434, "cue_position": 0.0}, "datetime": {"delta": 290.549111, "elapsed": 27272.541239, "datetime": "2020-09-22 01:06:47"}}
{"target": 6.462222222222222, "params": {"gamma_fc": 0.0, "beta_enc": 0.0006166536731663922, "beta_rec": 0.9747602538042817, "cue_position": 0.0}, "datetime": {"delta": 335.62489, "elapsed": 27608.166129, "datetime": "2020-09-22 01:12:23"}}
{"target": 6.294444444444444, "params": {"gamma_fc": 0.0, "beta_enc": 0.043598020387960915, "beta_rec": 0.9241402509453888, "cue_position": 0.0}, "datetime": {"delta": 333.058049, "elapsed": 27941.224178, "datetime": "2020-09-22 01:17:56"}}
{"target": 6.272777777777778, "params": {"gamma_fc": 0.05099358887738781, "beta_enc": 0.018634097697674323, "beta_rec": 0.9524490603708918, "cue_position": 0.0}, "datetime": {"delta": 327.133347, "elapsed": 28268.357525, "datetime": "2020-09-22 01:23:23"}}
{"target": 6.324999999999999, "params": {"gamma_fc": 0.002959561170557098, "beta_enc": 0.0, "beta_rec": 0.9420659663643115, "cue_position": 0.0}, "datetime": {"delta": 331.567462, "elapsed": 28599.924987, "datetime": "2020-09-22 01:28:55"}}
{"target": 6.423333333333334, "params": {"gamma_fc": 0.010308515124404899, "beta_enc": 0.029031012209457197, "beta_rec": 0.9656741478276366, "cue_position": 0.0}, "datetime": {"delta": 336.312446, "elapsed": 28936.237433, "datetime": "2020-09-22 01:34:31"}}
{"target": 4.966666666666667, "params": {"gamma_fc": 0.0, "beta_enc": 0.7612834418486741, "beta_rec": 1.0, "cue_position": 0.0}, "datetime": {"delta": 288.966285, "elapsed": 29225.203718, "datetime": "2020-09-22 01:39:20"}}
{"target": 5.766666666666667, "params": {"gamma_fc": 0.22623984589490664, "beta_enc": 0.6377046469129628, "beta_rec": 0.8977537007276786, "cue_position": 0.0}, "datetime": {"delta": 323.165923, "elapsed": 29548.369641, "datetime": "2020-09-22 01:44:43"}}
{"target": 5.962777777777777, "params": {"gamma_fc": 0.0531261940508947, "beta_enc": 0.6782408596640445, "beta_rec": 0.7794809296889523, "cue_position": 0.0}, "datetime": {"delta": 326.844751, "elapsed": 29875.214392, "datetime": "2020-09-22 01:50:10"}}
{"target": 2.278888888888889, "params": {"gamma_fc": 0.10625658528700327, "beta_enc": 1.0, "beta_rec": 0.9954305926569921, "cue_position": 0.0}, "datetime": {"delta": 194.577889, "elapsed": 30069.792281, "datetime": "2020-09-22 01:53:25"}}
{"target": 5.996666666666666, "params": {"gamma_fc": 0.027196995652045548, "beta_enc": 0.8177151036942104, "beta_rec": 0.8278265685496934, "cue_position": 0.0}, "datetime": {"delta": 328.886153, "elapsed": 30398.678434, "datetime": "2020-09-22 01:58:54"}}
{"target": 5.929444444444444, "params": {"gamma_fc": 0.0, "beta_enc": 0.5402276351638537, "beta_rec": 0.7439078833554289, "cue_position": 0.0}, "datetime": {"delta": 325.396752, "elapsed": 30724.075186, "datetime": "2020-09-22 02:04:19"}}
{"target": 5.688333333333333, "params": {"gamma_fc": 0.3025703345048693, "beta_enc": 0.715068196914614, "beta_rec": 1.0, "cue_position": 0.0}, "datetime": {"delta": 317.752629, "elapsed": 31041.827815, "datetime": "2020-09-22 02:09:37"}}
{"target": 5.733888888888888, "params": {"gamma_fc": 0.21714186637886645, "beta_enc": 0.7670237866489528, "beta_rec": 0.8412541477064935, "cue_position": 0.0}, "datetime": {"delta": 322.812991, "elapsed": 31364.640806, "datetime": "2020-09-22 02:15:00"}}
{"target": 5.495, "params": {"gamma_fc": 0.2804555946709041, "beta_enc": 0.49665654108954677, "beta_rec": 1.0, "cue_position": 0.0}, "datetime": {"delta": 310.232648, "elapsed": 31674.873454, "datetime": "2020-09-22 02:20:10"}}
{"target": 5.788333333333333, "params": {"gamma_fc": 0.0, "beta_enc": 0.6358981425265227, "beta_rec": 0.6434463834979575, "cue_position": 0.0}, "datetime": {"delta": 320.790104, "elapsed": 31995.663558, "datetime": "2020-09-22 02:25:31"}}
{"target": 5.2572222222222225, "params": {"gamma_fc": 0.0, "beta_enc": 0.09862024132292546, "beta_rec": 0.0, "cue_position": 0.0}, "datetime": {"delta": 300.864336, "elapsed": 32296.527894, "datetime": "2020-09-22 02:30:31"}}
{"target": 5.288333333333333, "params": {"gamma_fc": 0.9188778271545265, "beta_enc": 0.0, "beta_rec": 1.0, "cue_position": 0.0}, "datetime": {"delta": 302.49553, "elapsed": 32599.023424, "datetime": "2020-09-22 02:35:34"}}
{"target": 5.3149999999999995, "params": {"gamma_fc": 1.0, "beta_enc": 0.0418419050202511, "beta_rec": 0.0, "cue_position": 0.0}, "datetime": {"delta": 303.375676, "elapsed": 32902.3991, "datetime": "2020-09-22 02:40:37"}}
{"target": 5.651666666666666, "params": {"gamma_fc": 0.0, "beta_enc": 0.31979960161059684, "beta_rec": 0.7649165303094178, "cue_position": 0.0}, "datetime": {"delta": 318.921894, "elapsed": 33221.320994, "datetime": "2020-09-22 02:45:56"}}
{"target": 5.285, "params": {"gamma_fc": 0.0, "beta_enc": 0.0, "beta_rec": 0.28423830109146975, "cue_position": 0.0}, "datetime": {"delta": 301.760946, "elapsed": 33523.08194, "datetime": "2020-09-22 02:50:58"}}
{"target": 5.276666666666667, "params": {"gamma_fc": 1.0, "beta_enc": 0.0, "beta_rec": 0.75262735711453, "cue_position": 0.0}, "datetime": {"delta": 300.831712, "elapsed": 33823.913652, "datetime": "2020-09-22 02:55:59"}}
{"target": 5.203888888888889, "params": {"gamma_fc": 0.6221847716449578, "beta_enc": 0.0, "beta_rec": 1.0, "cue_position": 0.0}, "datetime": {"delta": 319.504837, "elapsed": 34143.418489, "datetime": "2020-09-22 03:01:18"}}
{"target": 5.471111111111111, "params": {"gamma_fc": 0.0, "beta_enc": 0.3912944683608061, "beta_rec": 0.40165622135352463, "cue_position": 0.0}, "datetime": {"delta": 329.032843, "elapsed": 34472.451332, "datetime": "2020-09-22 03:06:47"}}
{"target": 5.7155555555555555, "params": {"gamma_fc": 0.12438578544173001, "beta_enc": 0.5515787291968982, "beta_rec": 0.7763703811790594, "cue_position": 0.0}, "datetime": {"delta": 318.99086, "elapsed": 34791.442192, "datetime": "2020-09-22 03:12:06"}}
{"target": 0.7577777777777778, "params": {"gamma_fc": 0.0, "beta_enc": 1.0, "beta_rec": 0.0, "cue_position": 0.0}, "datetime": {"delta": 146.124356, "elapsed": 34937.566548, "datetime": "2020-09-22 03:14:33"}}
{"target": 5.240555555555556, "params": {"gamma_fc": 0.5188904719988174, "beta_enc": 0.5716433355516612, "beta_rec": 1.0, "cue_position": 0.0}, "datetime": {"delta": 302.18445, "elapsed": 35239.750998, "datetime": "2020-09-22 03:19:35"}}
{"target": 5.320555555555556, "params": {"gamma_fc": 0.24700175254555484, "beta_enc": 0.0, "beta_rec": 0.2511332330900418, "cue_position": 0.0}, "datetime": {"delta": 306.366628, "elapsed": 35546.117626, "datetime": "2020-09-22 03:24:41"}}
{"target": 5.217777777777778, "params": {"gamma_fc": 1.0, "beta_enc": 0.3655636926359251, "beta_rec": 0.6854234863807427, "cue_position": 0.0}, "datetime": {"delta": 302.10421, "elapsed": 35848.221836, "datetime": "2020-09-22 03:29:43"}}
