{"target": 9.591666666666667, "params": {"beta_rec": 0.7061153963441914, "gamma_cf": 0.49744775799631574, "cue_position": 4.0, "gamma_fc": 0.5322549163692553, "beta_enc": 0.4510546545643959}, "datetime": {"delta": 31.699742, "datetime": "2020-06-20 03:41:45", "elapsed": 6233.811428}}
{"target": 9.916666666666666, "params": {"beta_rec": 0.9456054820025075, "gamma_cf": 0.577112296189171, "cue_position": 4.0, "gamma_fc": 0.40810720759021807, "beta_enc": 0.11387674732089303}, "datetime": {"delta": 31.993355, "datetime": "2020-06-20 03:42:17", "elapsed": 6265.804783}}
{"target": 10.291666666666666, "params": {"beta_rec": 0.7560520666079225, "gamma_cf": 0.3244224870408493, "cue_position": 4.0, "gamma_fc": 0.914105493395682, "beta_enc": 0.1895939205625099}, "datetime": {"delta": 31.109869, "datetime": "2020-06-20 03:42:48", "elapsed": 6296.914652}}
{"target": 9.758333333333333, "params": {"beta_rec": 0.9336361325470884, "gamma_cf": 0.9874798790126212, "cue_position": 4.0, "gamma_fc": 0.03823853870111206, "beta_enc": 0.2575212944050893}, "datetime": {"delta": 29.298787, "datetime": "2020-06-20 03:43:18", "elapsed": 6326.213439}}
{"target": 10.325, "params": {"beta_rec": 0.5222142192796466, "gamma_cf": 0.8653545852908809, "cue_position": 4.0, "gamma_fc": 0.39035412034982775, "beta_enc": 0.1496420760356947}, "datetime": {"delta": 29.667296, "datetime": "2020-06-20 03:43:47", "elapsed": 6355.880735}}
{"target": 9.9875, "params": {"beta_rec": 0.6173901727090398, "gamma_cf": 0.8058135140231413, "cue_position": 4.0, "gamma_fc": 0.2618538186995748, "beta_enc": 0.21557785406835672}, "datetime": {"delta": 29.027093, "datetime": "2020-06-20 03:44:16", "elapsed": 6384.907828}}
{"target": 10.070833333333333, "params": {"beta_rec": 0.4610683915256665, "gamma_cf": 0.7830937057793622, "cue_position": 4.0, "gamma_fc": 0.48242560655547884, "beta_enc": 0.3915058905327753}, "datetime": {"delta": 28.479999, "datetime": "2020-06-20 03:44:45", "elapsed": 6413.387827}}
{"target": 10.495833333333334, "params": {"beta_rec": 0.9605762177252113, "gamma_cf": 0.8507874550549556, "cue_position": 4.0, "gamma_fc": 0.09389924398752492, "beta_enc": 0.8659159525727946}, "datetime": {"delta": 27.612411, "datetime": "2020-06-20 03:45:12", "elapsed": 6441.000238}}
{"target": 10.1, "params": {"beta_rec": 0.4241242494774573, "gamma_cf": 0.8478047048264766, "cue_position": 4.0, "gamma_fc": 0.9912422199926706, "beta_enc": 0.23100216285047415}, "datetime": {"delta": 27.373711, "datetime": "2020-06-20 03:45:40", "elapsed": 6468.373949}}
{"target": 10.345833333333333, "params": {"beta_rec": 0.7329719440448703, "gamma_cf": 0.6517343728898045, "cue_position": 4.0, "gamma_fc": 0.7525524804252661, "beta_enc": 0.14670104191798838}, "datetime": {"delta": 27.77204, "datetime": "2020-06-20 03:46:08", "elapsed": 6496.145989}}
{"target": 9.908333333333333, "params": {"beta_rec": 0.41273736401082806, "gamma_cf": 0.4824891447756682, "cue_position": 4.0, "gamma_fc": 0.47026979535971203, "beta_enc": 0.2667270740855675}, "datetime": {"delta": 26.791691, "datetime": "2020-06-20 03:46:34", "elapsed": 6522.93768}}
{"target": 9.9625, "params": {"beta_rec": 0.9483178184605816, "gamma_cf": 0.5753646898987343, "cue_position": 4.0, "gamma_fc": 0.4054663537116711, "beta_enc": 0.1132980473681546}, "datetime": {"delta": 26.326753, "datetime": "2020-06-20 03:47:01", "elapsed": 6549.264433}}
{"target": 10.116666666666667, "params": {"beta_rec": 0.3713590165501912, "gamma_cf": 0.7257249539299893, "cue_position": 4.0, "gamma_fc": 0.4780384501207265, "beta_enc": 0.14979652696889342}, "datetime": {"delta": 26.148697, "datetime": "2020-06-20 03:47:27", "elapsed": 6575.41313}}
{"target": 9.904166666666667, "params": {"beta_rec": 0.7387171546657005, "gamma_cf": 0.48319632905077503, "cue_position": 4.0, "gamma_fc": 0.7996734566978394, "beta_enc": 0.361852962719614}, "datetime": {"delta": 26.292387, "datetime": "2020-06-20 03:47:53", "elapsed": 6601.705517}}
{"target": 9.891666666666667, "params": {"beta_rec": 0.06560850850371769, "gamma_cf": 0.7737530873026943, "cue_position": 4.0, "gamma_fc": 0.9057497016772047, "beta_enc": 0.26488305668897105}, "datetime": {"delta": 26.250449, "datetime": "2020-06-20 03:48:19", "elapsed": 6627.955966}}
{"target": 10.429166666666667, "params": {"beta_rec": 0.9199647690842062, "gamma_cf": 0.551940067273286, "cue_position": 4.0, "gamma_fc": 0.9636715729744045, "beta_enc": 0.053316387995231834}, "datetime": {"delta": 25.891735, "datetime": "2020-06-20 03:48:45", "elapsed": 6653.847701}}
{"target": 9.845833333333333, "params": {"beta_rec": 0.047110274207682115, "gamma_cf": 0.49417936884088337, "cue_position": 4.0, "gamma_fc": 0.04902774418528639, "beta_enc": 0.22349082465183073}, "datetime": {"delta": 25.158801, "datetime": "2020-06-20 03:49:10", "elapsed": 6679.006502}}
{"target": 10.329166666666667, "params": {"beta_rec": 0.3819945683204461, "gamma_cf": 0.988814508748233, "cue_position": 4.0, "gamma_fc": 0.1770593882823911, "beta_enc": 0.061744950206773064}, "datetime": {"delta": 25.745112, "datetime": "2020-06-20 03:49:36", "elapsed": 6704.751614}}
{"target": 9.229166666666666, "params": {"beta_rec": 0.9408344720322529, "gamma_cf": 0.06354418261427784, "cue_position": 4.0, "gamma_fc": 0.8686261637136534, "beta_enc": 0.24169282348758678}, "datetime": {"delta": 24.814837, "datetime": "2020-06-20 03:50:01", "elapsed": 6729.566451}}
{"target": 10.15, "params": {"beta_rec": 0.9331995959110424, "gamma_cf": 0.4976683549404406, "cue_position": 4.0, "gamma_fc": 0.8235072939289624, "beta_enc": 0.24705935957215397}, "datetime": {"delta": 24.707752, "datetime": "2020-06-20 03:50:26", "elapsed": 6754.274203}}
{"target": 10.066666666666666, "params": {"beta_rec": 0.13230719922608936, "gamma_cf": 0.6554711287026989, "cue_position": 4.0, "gamma_fc": 0.1782360828473963, "beta_enc": 0.05138544794860461}, "datetime": {"delta": 24.538188, "datetime": "2020-06-20 03:50:50", "elapsed": 6778.812391}}
{"target": 9.720833333333333, "params": {"beta_rec": 0.8975858434257585, "gamma_cf": 0.7096100054537371, "cue_position": 4.0, "gamma_fc": 0.5931116114986109, "beta_enc": 0.44904338108327124}, "datetime": {"delta": 24.695864, "datetime": "2020-06-20 03:51:15", "elapsed": 6803.508255}}
{"target": 9.891666666666667, "params": {"beta_rec": 0.41602247090826455, "gamma_cf": 0.47960800604640924, "cue_position": 4.0, "gamma_fc": 0.46866705811482623, "beta_enc": 0.26370038925458217}, "datetime": {"delta": 24.688166, "datetime": "2020-06-20 03:51:40", "elapsed": 6828.196421}}
{"target": 10.241666666666667, "params": {"beta_rec": 0.3128956344232702, "gamma_cf": 0.6165989019503075, "cue_position": 4.0, "gamma_fc": 0.6429657661386335, "beta_enc": 0.041905190882525534}, "datetime": {"delta": 24.178369, "datetime": "2020-06-20 03:52:04", "elapsed": 6852.37479}}
{"target": 10.408333333333333, "params": {"beta_rec": 0.14493382794967402, "gamma_cf": 0.8954790819470191, "cue_position": 4.0, "gamma_fc": 0.8729184416548726, "beta_enc": 0.22516476185145345}, "datetime": {"delta": 24.316784, "datetime": "2020-06-20 03:52:28", "elapsed": 6876.691574}}
{"target": 9.3, "params": {"beta_rec": 0.862347414066959, "gamma_cf": 0.03136592761789214, "cue_position": 4.0, "gamma_fc": 0.8008855266819028, "beta_enc": 0.9148174996462239}, "datetime": {"delta": 23.849931, "datetime": "2020-06-20 03:52:52", "elapsed": 6900.541505}}
{"target": 9.933333333333334, "params": {"beta_rec": 0.7715724060803835, "gamma_cf": 0.8881616816566521, "cue_position": 4.0, "gamma_fc": 0.357529439851583, "beta_enc": 0.3655451363532209}, "datetime": {"delta": 24.4261, "datetime": "2020-06-20 03:53:16", "elapsed": 6924.967605}}
{"target": 9.854166666666666, "params": {"beta_rec": 0.9025240277666882, "gamma_cf": 0.5330469418339571, "cue_position": 4.0, "gamma_fc": 0.4968724670091306, "beta_enc": 0.07835501280455064}, "datetime": {"delta": 23.697412, "datetime": "2020-06-20 03:53:40", "elapsed": 6948.665017}}
{"target": 10.3375, "params": {"beta_rec": 0.632389486661533, "gamma_cf": 0.6899248442050483, "cue_position": 4.0, "gamma_fc": 0.7632520170362274, "beta_enc": 0.10542010755559927}, "datetime": {"delta": 23.934162, "datetime": "2020-06-20 03:54:04", "elapsed": 6972.599179}}
{"target": 9.4375, "params": {"beta_rec": 0.9212012281246702, "gamma_cf": 0.4896611961884533, "cue_position": 4.0, "gamma_fc": 0.2599490823177082, "beta_enc": 0.27540138404453735}, "datetime": {"delta": 23.718617, "datetime": "2020-06-20 03:54:28", "elapsed": 6996.317796}}
{"target": 10.5, "params": {"beta_rec": 0.7562534196452403, "gamma_cf": 0.8415036767083303, "cue_position": 4.0, "gamma_fc": 0.8789936505739525, "beta_enc": 0.10485391246837716}, "datetime": {"delta": 24.025494, "datetime": "2020-06-20 03:54:52", "elapsed": 7020.34329}}
{"target": 9.420833333333333, "params": {"beta_rec": 0.8173330248562367, "gamma_cf": 0.6983728794051893, "cue_position": 4.0, "gamma_fc": 0.24108697958080197, "beta_enc": 0.4106259501581388}, "datetime": {"delta": 23.011953, "datetime": "2020-06-20 03:55:15", "elapsed": 7043.355243}}
{"target": 9.525, "params": {"beta_rec": 0.6135377266571768, "gamma_cf": 0.8479926738078385, "cue_position": 4.0, "gamma_fc": 0.4527046875369156, "beta_enc": 0.5084864513801101}, "datetime": {"delta": 23.671128, "datetime": "2020-06-20 03:55:39", "elapsed": 7067.026371}}
{"target": 9.9875, "params": {"beta_rec": 0.8378822087290977, "gamma_cf": 0.631308888668821, "cue_position": 4.0, "gamma_fc": 0.7051009418679124, "beta_enc": 0.21439959027852673}, "datetime": {"delta": 23.929393, "datetime": "2020-06-20 03:56:02", "elapsed": 7090.955764}}
{"target": 10.654166666666667, "params": {"beta_rec": 0.09808869910892049, "gamma_cf": 0.8070190533400979, "cue_position": 4.0, "gamma_fc": 0.455784234650051, "beta_enc": 0.041265445529479895}, "datetime": {"delta": 24.240399, "datetime": "2020-06-20 03:56:27", "elapsed": 7115.196163}}
{"target": 9.929166666666667, "params": {"beta_rec": 0.04962170356001305, "gamma_cf": 0.4899487035365111, "cue_position": 4.0, "gamma_fc": 0.05262695317669808, "beta_enc": 0.2226824691996927}, "datetime": {"delta": 23.105764, "datetime": "2020-06-20 03:56:50", "elapsed": 7138.301927}}
{"target": 10.308333333333334, "params": {"beta_rec": 0.09978279210992191, "gamma_cf": 0.45640141233971654, "cue_position": 4.0, "gamma_fc": 0.37516087675598286, "beta_enc": 0.035298086017111374}, "datetime": {"delta": 23.901375, "datetime": "2020-06-20 03:57:14", "elapsed": 7162.203302}}
{"target": 10.029166666666667, "params": {"beta_rec": 0.611768820787769, "gamma_cf": 0.6233769951534266, "cue_position": 4.0, "gamma_fc": 0.29672162731486773, "beta_enc": 0.2831565354343779}, "datetime": {"delta": 23.752108, "datetime": "2020-06-20 03:57:37", "elapsed": 7185.95541}}
{"target": 10.1875, "params": {"beta_rec": 0.4876259363913735, "gamma_cf": 0.6706929495313799, "cue_position": 4.0, "gamma_fc": 0.451823749851363, "beta_enc": 0.07359594484033383}, "datetime": {"delta": 23.728603, "datetime": "2020-06-20 03:58:01", "elapsed": 7209.684013}}
{"target": 10.45, "params": {"beta_rec": 0.37779186117462543, "gamma_cf": 0.983329804378612, "cue_position": 4.0, "gamma_fc": 0.18074055879893597, "beta_enc": 0.0642823181122312}, "datetime": {"delta": 23.819236, "datetime": "2020-06-20 03:58:25", "elapsed": 7233.503249}}
{"target": 10.216666666666667, "params": {"beta_rec": 0.47678818768662257, "gamma_cf": 0.8375477740833733, "cue_position": 4.0, "gamma_fc": 0.18450465649803838, "beta_enc": 0.008942681005892128}, "datetime": {"delta": 23.440763, "datetime": "2020-06-20 03:58:48", "elapsed": 7256.944012}}
{"target": 10.0125, "params": {"beta_rec": 0.09841629658452111, "gamma_cf": 0.447034681724812, "cue_position": 4.0, "gamma_fc": 0.37565264051623937, "beta_enc": 0.023256890594571256}, "datetime": {"delta": 23.156968, "datetime": "2020-06-20 03:59:12", "elapsed": 7280.10098}}
{"target": 10.116666666666667, "params": {"beta_rec": 0.9589219764326596, "gamma_cf": 0.8467960037157306, "cue_position": 4.0, "gamma_fc": 0.09385680909359995, "beta_enc": 0.8584750132853013}, "datetime": {"delta": 22.964949, "datetime": "2020-06-20 03:59:35", "elapsed": 7303.065929}}
{"target": 10.533333333333333, "params": {"beta_rec": 0.05482938696252704, "gamma_cf": 0.8458872979925114, "cue_position": 4.0, "gamma_fc": 0.36038967544603945, "beta_enc": 0.1511534385052479}, "datetime": {"delta": 23.2652, "datetime": "2020-06-20 03:59:58", "elapsed": 7326.331129}}
{"target": 10.391666666666667, "params": {"beta_rec": 0.9795125342028752, "gamma_cf": 0.9022779961204982, "cue_position": 4.0, "gamma_fc": 0.8091844181731259, "beta_enc": 0.006818189653458262}, "datetime": {"delta": 23.781494, "datetime": "2020-06-20 04:00:22", "elapsed": 7350.112623}}
{"target": 10.608333333333333, "params": {"beta_rec": 0.14692478139181706, "gamma_cf": 0.8948450906454163, "cue_position": 4.0, "gamma_fc": 0.874453014975866, "beta_enc": 0.22628261046917464}, "datetime": {"delta": 24.072608, "datetime": "2020-06-20 04:00:46", "elapsed": 7374.185231}}
{"target": 10.366666666666667, "params": {"beta_rec": 0.6339805716271102, "gamma_cf": 0.6848640234558644, "cue_position": 4.0, "gamma_fc": 0.7646057038513643, "beta_enc": 0.11475623438824012}, "datetime": {"delta": 23.506973, "datetime": "2020-06-20 04:01:09", "elapsed": 7397.692204}}
{"target": 10.370833333333334, "params": {"beta_rec": 0.5319414592956754, "gamma_cf": 0.7762782370915043, "cue_position": 4.0, "gamma_fc": 0.4268009932751766, "beta_enc": 0.13142713609647405}, "datetime": {"delta": 23.883942, "datetime": "2020-06-20 04:01:33", "elapsed": 7421.576146}}
{"target": 10.229166666666666, "params": {"beta_rec": 0.8726065602093177, "gamma_cf": 0.823386786026886, "cue_position": 4.0, "gamma_fc": 0.9515374304703034, "beta_enc": 0.01770122043851612}, "datetime": {"delta": 23.671287, "datetime": "2020-06-20 04:01:57", "elapsed": 7445.247433}}
{"target": 9.608333333333333, "params": {"beta_rec": 0.9355545901493537, "gamma_cf": 0.9894138218151716, "cue_position": 4.0, "gamma_fc": 0.04172198224983048, "beta_enc": 0.2576971296865943}, "datetime": {"delta": 23.466178, "datetime": "2020-06-20 04:02:20", "elapsed": 7468.713611}}
{"target": 10.683333333333334, "params": {"beta_rec": 0.8711105118694241, "gamma_cf": 0.8236489430883679, "cue_position": 4.0, "gamma_fc": 0.95271728631457, "beta_enc": 0.014604140934237864}, "datetime": {"delta": 23.883537, "datetime": "2020-06-20 04:02:44", "elapsed": 7492.597148}}
{"target": 9.979166666666666, "params": {"beta_rec": 0.6063216933139297, "gamma_cf": 0.6234008558237666, "cue_position": 4.0, "gamma_fc": 0.2859721227795209, "beta_enc": 0.2802100220054905}, "datetime": {"delta": 23.514702, "datetime": "2020-06-20 04:03:08", "elapsed": 7516.11185}}
{"target": 10.404166666666667, "params": {"beta_rec": 0.3475665697765744, "gamma_cf": 0.6985273006263668, "cue_position": 4.0, "gamma_fc": 0.7046859754792215, "beta_enc": 0.1608504806270355}, "datetime": {"delta": 23.533271, "datetime": "2020-06-20 04:03:31", "elapsed": 7539.645121}}
{"target": 9.9875, "params": {"beta_rec": 0.6897659078911774, "gamma_cf": 0.9782002204697807, "cue_position": 4.0, "gamma_fc": 0.12978229318149204, "beta_enc": 0.1952326921251185}, "datetime": {"delta": 23.667305, "datetime": "2020-06-20 04:03:55", "elapsed": 7563.312426}}
{"target": 9.904166666666667, "params": {"beta_rec": 0.9374357156199385, "gamma_cf": 0.4976106015283891, "cue_position": 4.0, "gamma_fc": 0.8222132974014621, "beta_enc": 0.2447378276196594}, "datetime": {"delta": 23.628897, "datetime": "2020-06-20 04:04:18", "elapsed": 7586.941323}}
{"target": 10.154166666666667, "params": {"beta_rec": 0.7171059503394778, "gamma_cf": 0.794312590204689, "cue_position": 4.0, "gamma_fc": 0.5094350078586747, "beta_enc": 0.01599476815205502}, "datetime": {"delta": 23.921919, "datetime": "2020-06-20 04:04:42", "elapsed": 7610.863242}}
{"target": 10.35, "params": {"beta_rec": 0.43203534731204685, "gamma_cf": 0.4266032024585349, "cue_position": 4.0, "gamma_fc": 0.8158939371546357, "beta_enc": 0.07577531618200739}, "datetime": {"delta": 24.094432, "datetime": "2020-06-20 04:05:06", "elapsed": 7634.957674}}
{"target": 9.670833333333333, "params": {"beta_rec": 0.5279083099595574, "gamma_cf": 0.6409491643913292, "cue_position": 4.0, "gamma_fc": 0.3547238227808308, "beta_enc": 0.4899621046134607}, "datetime": {"delta": 23.596053, "datetime": "2020-06-20 04:05:30", "elapsed": 7658.553727}}
{"target": 10.166666666666666, "params": {"beta_rec": 0.5806174997149747, "gamma_cf": 0.6525052298991059, "cue_position": 4.0, "gamma_fc": 0.7164989850046776, "beta_enc": 0.09455462360893852}, "datetime": {"delta": 23.741117, "datetime": "2020-06-20 04:05:54", "elapsed": 7682.294844}}
{"target": 10.370833333333334, "params": {"beta_rec": 0.37332206223666997, "gamma_cf": 0.9826597072050931, "cue_position": 4.0, "gamma_fc": 0.18306039296886112, "beta_enc": 0.06566373072413334}, "datetime": {"delta": 23.891208, "datetime": "2020-06-20 04:06:18", "elapsed": 7706.186052}}
{"target": 10.633333333333333, "params": {"beta_rec": 0.3470773358606034, "gamma_cf": 0.7108774352972234, "cue_position": 4.0, "gamma_fc": 0.6926984778748669, "beta_enc": 0.17281607888553296}, "datetime": {"delta": 23.83863, "datetime": "2020-06-20 04:06:42", "elapsed": 7730.024682}}
{"target": 10.070833333333333, "params": {"beta_rec": 0.6365670782008088, "gamma_cf": 0.7026729889169867, "cue_position": 4.0, "gamma_fc": 0.7731127839203205, "beta_enc": 0.1102042672193897}, "datetime": {"delta": 23.648324, "datetime": "2020-06-20 04:07:05", "elapsed": 7753.673006}}
{"target": 10.075, "params": {"beta_rec": 0.12540656212834567, "gamma_cf": 0.6786839660775473, "cue_position": 4.0, "gamma_fc": 0.8649698660472098, "beta_enc": 0.28517711043963034}, "datetime": {"delta": 23.126501, "datetime": "2020-06-20 04:07:28", "elapsed": 7776.799507}}
{"target": 10.6625, "params": {"beta_rec": 0.37118515159819043, "gamma_cf": 0.9828566168621877, "cue_position": 4.0, "gamma_fc": 0.18898211417731114, "beta_enc": 0.0645817081963781}, "datetime": {"delta": 23.863896, "datetime": "2020-06-20 04:07:52", "elapsed": 7800.663403}}
{"target": 10.070833333333333, "params": {"beta_rec": 0.4950933692294174, "gamma_cf": 0.8174829199887121, "cue_position": 4.0, "gamma_fc": 0.15557530880966064, "beta_enc": 0.24159921065271261}, "datetime": {"delta": 23.388742, "datetime": "2020-06-20 04:08:16", "elapsed": 7824.052145}}
{"target": 10.35, "params": {"beta_rec": 0.030816897863380946, "gamma_cf": 0.3955376153688775, "cue_position": 4.0, "gamma_fc": 0.7472762646078657, "beta_enc": 0.11354757232782015}, "datetime": {"delta": 23.787256, "datetime": "2020-06-20 04:08:39", "elapsed": 7847.839401}}
{"target": 10.4375, "params": {"beta_rec": 0.3340119179712233, "gamma_cf": 0.7220778754861399, "cue_position": 4.0, "gamma_fc": 0.6619448069672845, "beta_enc": 0.12428962503735497}, "datetime": {"delta": 23.693405, "datetime": "2020-06-20 04:09:03", "elapsed": 7871.532806}}
{"target": 10.345833333333333, "params": {"beta_rec": 0.35493666021083603, "gamma_cf": 0.698200934670406, "cue_position": 4.0, "gamma_fc": 0.7038553441010984, "beta_enc": 0.1582402264356555}, "datetime": {"delta": 23.900657, "datetime": "2020-06-20 04:09:27", "elapsed": 7895.433463}}
{"target": 9.933333333333334, "params": {"beta_rec": 0.40591461011803387, "gamma_cf": 0.6986998236251055, "cue_position": 4.0, "gamma_fc": 0.18570209037450336, "beta_enc": 0.4509706132667276}, "datetime": {"delta": 22.925044, "datetime": "2020-06-20 04:09:50", "elapsed": 7918.358507}}
{"target": 10.220833333333333, "params": {"beta_rec": 0.35764720096168245, "gamma_cf": 0.6990471232096009, "cue_position": 4.0, "gamma_fc": 0.6985979729356214, "beta_enc": 0.1625038518511882}, "datetime": {"delta": 23.578635, "datetime": "2020-06-20 04:10:13", "elapsed": 7941.937142}}
{"target": 10.129166666666666, "params": {"beta_rec": 0.05950309751089, "gamma_cf": 0.8439266547229167, "cue_position": 4.0, "gamma_fc": 0.36105166895373286, "beta_enc": 0.1374254554012695}, "datetime": {"delta": 23.209276, "datetime": "2020-06-20 04:10:37", "elapsed": 7965.146418}}
{"target": 9.858333333333333, "params": {"beta_rec": 0.604370263639036, "gamma_cf": 0.8576411736683425, "cue_position": 4.0, "gamma_fc": 0.6756228845699357, "beta_enc": 0.4205656456522726}, "datetime": {"delta": 23.355563, "datetime": "2020-06-20 04:11:00", "elapsed": 7988.501981}}
{"target": 10.25, "params": {"beta_rec": 0.43183051777899717, "gamma_cf": 0.42523341721829566, "cue_position": 4.0, "gamma_fc": 0.8121425562818355, "beta_enc": 0.06721486158601853}, "datetime": {"delta": 23.322445, "datetime": "2020-06-20 04:11:23", "elapsed": 8011.824426}}
{"target": 10.2625, "params": {"beta_rec": 0.37398677986423945, "gamma_cf": 0.987808832320942, "cue_position": 4.0, "gamma_fc": 0.18881381147341003, "beta_enc": 0.05276297625238402}, "datetime": {"delta": 23.771314, "datetime": "2020-06-20 04:11:47", "elapsed": 8035.59574}}
{"target": 10.216666666666667, "params": {"beta_rec": 0.4223420173431569, "gamma_cf": 0.4281017107139402, "cue_position": 4.0, "gamma_fc": 0.8215304311244822, "beta_enc": 0.0760065606954492}, "datetime": {"delta": 23.365923, "datetime": "2020-06-20 04:12:10", "elapsed": 8058.961663}}
{"target": 10.008333333333333, "params": {"beta_rec": 0.5957470347900193, "gamma_cf": 0.6294880388047958, "cue_position": 4.0, "gamma_fc": 0.28710665848950345, "beta_enc": 0.2806533179449918}, "datetime": {"delta": 23.595388, "datetime": "2020-06-20 04:12:34", "elapsed": 8082.557051}}
{"target": 10.391666666666667, "params": {"beta_rec": 0.8997387118345792, "gamma_cf": 0.8249313330456925, "cue_position": 4.0, "gamma_fc": 0.8829200466631826, "beta_enc": 0.06919642968950834}, "datetime": {"delta": 23.797032, "datetime": "2020-06-20 04:12:58", "elapsed": 8106.354083}}
