{"target": 5.420222222222222, "params": {"primacy": 1.0, "beta_rec": 0.6749716048091052, "gamma_fc": 0.22148205573352875, "beta_enc": 0.3456988211755023}, "datetime": {"elapsed": 2960.285372, "delta": 18.52645, "datetime": "2020-10-05 22:39:40"}}
{"target": 5.185555555555555, "params": {"primacy": 1.0, "beta_rec": 0.6268556021628346, "gamma_fc": 0.8773604746948126, "beta_enc": 0.31476568732401644}, "datetime": {"elapsed": 2978.308302, "delta": 18.02293, "datetime": "2020-10-05 22:39:58"}}
{"target": 3.244222222222222, "params": {"primacy": 1.0, "beta_rec": 0.4569657005615504, "gamma_fc": 0.6562293317171314, "beta_enc": 0.7844574187919231}, "datetime": {"elapsed": 2992.718788, "delta": 14.410486, "datetime": "2020-10-05 22:40:12"}}
{"target": 5.153777777777778, "params": {"primacy": 1.0, "beta_rec": 0.9093119886549367, "gamma_fc": 0.6054790010309347, "beta_enc": 0.43298150696764814}, "datetime": {"elapsed": 3010.687345, "delta": 17.968557, "datetime": "2020-10-05 22:40:30"}}
{"target": 4.716444444444444, "params": {"primacy": 1.0, "beta_rec": 0.49805562482800747, "gamma_fc": 0.8428998401928499, "beta_enc": 0.5047006080958943}, "datetime": {"elapsed": 3027.842941, "delta": 17.155596, "datetime": "2020-10-05 22:40:47"}}
{"target": 5.270666666666666, "params": {"primacy": 1.0, "beta_rec": 0.9427625754329493, "gamma_fc": 0.5178600481723219, "beta_enc": 0.5732722715496846}, "datetime": {"elapsed": 3046.085677, "delta": 18.242736, "datetime": "2020-10-05 22:41:06"}}
{"target": 2.444, "params": {"primacy": 1.0, "beta_rec": 0.25163914235585283, "gamma_fc": 0.700726036482538, "beta_enc": 0.8479393924434762}, "datetime": {"elapsed": 3059.000496, "delta": 12.914819, "datetime": "2020-10-05 22:41:19"}}
{"target": 1.8035555555555554, "params": {"primacy": 1.0, "beta_rec": 0.6243367024026759, "gamma_fc": 0.8379779620477293, "beta_enc": 0.9488362882802196}, "datetime": {"elapsed": 3070.671862, "delta": 11.671366, "datetime": "2020-10-05 22:41:30"}}
{"target": 1.3275555555555556, "params": {"primacy": 1.0, "beta_rec": 0.07771457033238649, "gamma_fc": 0.3221295136147696, "beta_enc": 0.989340056166638}, "datetime": {"elapsed": 3081.400727, "delta": 10.728865, "datetime": "2020-10-05 22:41:41"}}
{"target": 5.2940000000000005, "params": {"primacy": 1.0, "beta_rec": 0.8227300054219355, "gamma_fc": 0.8612116383667944, "beta_enc": 0.008939102371245067}, "datetime": {"elapsed": 3099.606065, "delta": 18.205338, "datetime": "2020-10-05 22:41:59"}}
{"target": 5.283777777777777, "params": {"primacy": 1.0, "beta_rec": 0.8026895196332986, "gamma_fc": 0.47786200443222115, "beta_enc": 0.2557451938059312}, "datetime": {"elapsed": 3117.791834, "delta": 18.185769, "datetime": "2020-10-05 22:42:17"}}
{"target": 3.5608888888888885, "params": {"primacy": 1.0, "beta_rec": 0.8959699670066484, "gamma_fc": 0.49154515001693533, "beta_enc": 0.9278489928250108}, "datetime": {"elapsed": 3132.820719, "delta": 15.028885, "datetime": "2020-10-05 22:42:32"}}
{"target": 5.295333333333334, "params": {"primacy": 1.0, "beta_rec": 0.6834649001663011, "gamma_fc": 0.39799063940792245, "beta_enc": 0.41857802576409864}, "datetime": {"elapsed": 3151.064168, "delta": 18.243449, "datetime": "2020-10-05 22:42:51"}}
{"target": 5.362444444444444, "params": {"primacy": 1.0, "beta_rec": 0.9649889241109139, "gamma_fc": 0.2942156882442547, "beta_enc": 0.1895517028339273}, "datetime": {"elapsed": 3169.438695, "delta": 18.374527, "datetime": "2020-10-05 22:43:09"}}
{"target": 5.2526666666666655, "params": {"primacy": 1.0, "beta_rec": 0.014092294192442956, "gamma_fc": 0.7159456994623945, "beta_enc": 0.1443154002290481}, "datetime": {"elapsed": 3187.606128, "delta": 18.167433, "datetime": "2020-10-05 22:43:27"}}
{"target": 3.064888888888889, "params": {"primacy": 1.0, "beta_rec": 0.5070799232841364, "gamma_fc": 0.7918210395041538, "beta_enc": 0.7945783511847522}, "datetime": {"elapsed": 3201.686765, "delta": 14.080637, "datetime": "2020-10-05 22:43:41"}}
{"target": 3.2266666666666666, "params": {"primacy": 1.0, "beta_rec": 0.4064828689770863, "gamma_fc": 0.6477706331874812, "beta_enc": 0.7778484768591754}, "datetime": {"elapsed": 3216.141309, "delta": 14.454544, "datetime": "2020-10-05 22:43:56"}}
{"target": 5.253777777777778, "params": {"primacy": 1.0, "beta_rec": 0.1726046201197925, "gamma_fc": 0.4086372250132624, "beta_enc": 0.321819963387904}, "datetime": {"elapsed": 3234.342394, "delta": 18.201085, "datetime": "2020-10-05 22:44:14"}}
{"target": 5.423555555555556, "params": {"primacy": 1.0, "beta_rec": 0.9752223424373121, "gamma_fc": 0.32031932582203126, "beta_enc": 0.4069219941293579}, "datetime": {"elapsed": 3252.835937, "delta": 18.493543, "datetime": "2020-10-05 22:44:32"}}
{"target": 3.9257777777777774, "params": {"primacy": 1.0, "beta_rec": 0.375091018393911, "gamma_fc": 0.8574844990835966, "beta_enc": 0.6363061258559836}, "datetime": {"elapsed": 3268.571863, "delta": 15.735926, "datetime": "2020-10-05 22:44:48"}}
{"target": 5.2988888888888885, "params": {"primacy": 1.0, "beta_rec": 0.7928556779768876, "gamma_fc": 0.43293850873416306, "beta_enc": 0.25203308013083936}, "datetime": {"elapsed": 3286.818395, "delta": 18.246532, "datetime": "2020-10-05 22:45:06"}}
{"target": 5.350222222222222, "params": {"primacy": 1.0, "beta_rec": 0.6973688756131394, "gamma_fc": 0.26865012390622656, "beta_enc": 0.33027693652508094}, "datetime": {"elapsed": 3305.247835, "delta": 18.42944, "datetime": "2020-10-05 22:45:25"}}
{"target": 5.321111111111111, "params": {"primacy": 1.0, "beta_rec": 0.5441213835853572, "gamma_fc": 0.4879214918052024, "beta_enc": 0.2952887943998478}, "datetime": {"elapsed": 3323.636531, "delta": 18.388696, "datetime": "2020-10-05 22:45:43"}}
{"target": 7.880888888888888, "params": {"primacy": 1.0, "beta_rec": 0.9423686252184217, "gamma_fc": 0.064902404649963, "beta_enc": 0.8133555391718433}, "datetime": {"elapsed": 3348.593191, "delta": 24.95666, "datetime": "2020-10-05 22:46:08"}}
{"target": 8.029333333333334, "params": {"primacy": 1.0, "beta_rec": 0.9624433576542818, "gamma_fc": 0.06096386164918399, "beta_enc": 0.8020699624152592}, "datetime": {"elapsed": 3373.692885, "delta": 25.099694, "datetime": "2020-10-05 22:46:33"}}
{"target": 7.904888888888888, "params": {"primacy": 1.0, "beta_rec": 0.9913210863040932, "gamma_fc": 0.06052917798703872, "beta_enc": 0.7926006016862986}, "datetime": {"elapsed": 3398.571308, "delta": 24.878423, "datetime": "2020-10-05 22:46:58"}}
{"target": 8.146444444444445, "params": {"primacy": 1.0, "beta_rec": 0.9786166550105057, "gamma_fc": 0.016532591049866707, "beta_enc": 0.8062903979224536}, "datetime": {"elapsed": 3424.00994, "delta": 25.438632, "datetime": "2020-10-05 22:47:24"}}
{"target": 8.437999999999999, "params": {"primacy": 1.0, "beta_rec": 0.9824595039623364, "gamma_fc": 0.003516957605492421, "beta_enc": 0.8399108940269078}, "datetime": {"elapsed": 3449.913499, "delta": 25.903559, "datetime": "2020-10-05 22:47:49"}}
{"target": 8.717777777777778, "params": {"primacy": 1.0, "beta_rec": 0.9911129260337582, "gamma_fc": 0.0013287866929198033, "beta_enc": 0.8769217649342365}, "datetime": {"elapsed": 3476.293098, "delta": 26.379599, "datetime": "2020-10-05 22:48:16"}}
{"target": 8.917333333333334, "params": {"primacy": 1.0, "beta_rec": 0.9913950646838927, "gamma_fc": 0.03497051716335642, "beta_enc": 0.9041436884090993}, "datetime": {"elapsed": 3502.817972, "delta": 26.524874, "datetime": "2020-10-05 22:48:42"}}
{"target": 8.964444444444444, "params": {"primacy": 1.0, "beta_rec": 0.9999581394378549, "gamma_fc": 0.01134947158808619, "beta_enc": 0.937889133874706}, "datetime": {"elapsed": 3529.488397, "delta": 26.670425, "datetime": "2020-10-05 22:49:09"}}
{"target": 9.170222222222222, "params": {"primacy": 1.0, "beta_rec": 0.9976605644400913, "gamma_fc": 0.0727467073113417, "beta_enc": 0.9515132445629193}, "datetime": {"elapsed": 3556.55184, "delta": 27.063443, "datetime": "2020-10-05 22:49:36"}}
{"target": 9.182888888888888, "params": {"primacy": 1.0, "beta_rec": 0.9936131497692344, "gamma_fc": 0.13094746419553094, "beta_enc": 0.9831732258313857}, "datetime": {"elapsed": 3583.566825, "delta": 27.014985, "datetime": "2020-10-05 22:50:03"}}
{"target": 9.16622222222222, "params": {"primacy": 1.0, "beta_rec": 0.9977912958435761, "gamma_fc": 0.1142414634102139, "beta_enc": 0.9588773342351431}, "datetime": {"elapsed": 3610.837029, "delta": 27.270204, "datetime": "2020-10-05 22:50:30"}}
{"target": 9.232, "params": {"primacy": 1.0, "beta_rec": 0.9968625066177853, "gamma_fc": 0.11755391000621251, "beta_enc": 0.9955209193615773}, "datetime": {"elapsed": 3638.118199, "delta": 27.28117, "datetime": "2020-10-05 22:50:58"}}
{"target": 9.049555555555555, "params": {"primacy": 1.0, "beta_rec": 0.9975312236681065, "gamma_fc": 0.1660707473898726, "beta_enc": 0.9931037818364487}, "datetime": {"elapsed": 3665.100738, "delta": 26.982539, "datetime": "2020-10-05 22:51:25"}}
{"target": 5.3, "params": {"primacy": 1.0, "beta_rec": 0.00572593788352993, "gamma_fc": 0.9958433937860871, "beta_enc": 0.0017426516374010603}, "datetime": {"elapsed": 3685.925209, "delta": 20.824471, "datetime": "2020-10-05 22:51:45"}}
{"target": 9.312444444444443, "params": {"primacy": 1.0, "beta_rec": 0.999202885033917, "gamma_fc": 0.06990241127021746, "beta_enc": 0.990981825824765}, "datetime": {"elapsed": 3713.300057, "delta": 27.374848, "datetime": "2020-10-05 22:52:13"}}
{"target": 9.400666666666666, "params": {"primacy": 1.0, "beta_rec": 0.9941980170209946, "gamma_fc": 0.035822721902451726, "beta_enc": 0.9980964533999559}, "datetime": {"elapsed": 3740.966022, "delta": 27.665965, "datetime": "2020-10-05 22:52:41"}}
{"target": 5.356222222222222, "params": {"primacy": 1.0, "beta_rec": 0.9917936800594128, "gamma_fc": 0.006583383608922522, "beta_enc": 0.002147547042198883}, "datetime": {"elapsed": 3761.57434, "delta": 20.608318, "datetime": "2020-10-05 22:53:01"}}
{"target": 5.254222222222223, "params": {"primacy": 1.0, "beta_rec": 0.9948312262281284, "gamma_fc": 0.9978428635659907, "beta_enc": 0.13904986512445217}, "datetime": {"elapsed": 3782.124611, "delta": 20.550271, "datetime": "2020-10-05 22:53:22"}}
{"target": 9.132666666666667, "params": {"primacy": 1.0, "beta_rec": 0.9800346548709521, "gamma_fc": 0.019854293790360966, "beta_enc": 0.9913035583416283}, "datetime": {"elapsed": 3809.274579, "delta": 27.149968, "datetime": "2020-10-05 22:53:49"}}
{"target": 4.763777777777778, "params": {"primacy": 1.0, "beta_rec": 0.9947806034020314, "gamma_fc": 0.9977957199476964, "beta_enc": 0.5122651413800298}, "datetime": {"elapsed": 3829.045772, "delta": 19.771193, "datetime": "2020-10-05 22:54:09"}}
{"target": 5.309777777777778, "params": {"primacy": 1.0, "beta_rec": 0.23106823178014047, "gamma_fc": 0.9982673126953501, "beta_enc": 0.008787815586699499}, "datetime": {"elapsed": 3849.64575, "delta": 20.599978, "datetime": "2020-10-05 22:54:29"}}
{"target": 5.3102222222222215, "params": {"primacy": 1.0, "beta_rec": 0.004131579769131033, "gamma_fc": 0.4541434899997764, "beta_enc": 0.018538434528353798}, "datetime": {"elapsed": 3870.350435, "delta": 20.704685, "datetime": "2020-10-05 22:54:50"}}
{"target": 5.494000000000001, "params": {"primacy": 1.0, "beta_rec": 0.9945785592559633, "gamma_fc": 0.003423398927172583, "beta_enc": 0.39910217652986446}, "datetime": {"elapsed": 3891.324821, "delta": 20.974386, "datetime": "2020-10-05 22:55:11"}}
{"target": 5.3406666666666665, "params": {"primacy": 1.0, "beta_rec": 0.9845879721263141, "gamma_fc": 0.582812042497119, "beta_enc": 0.012600596759583693}, "datetime": {"elapsed": 3912.051354, "delta": 20.726533, "datetime": "2020-10-05 22:55:32"}}
{"target": 5.266444444444444, "params": {"primacy": 1.0, "beta_rec": 0.6303565838296498, "gamma_fc": 0.021793772135294875, "beta_enc": 0.0009323479151301939}, "datetime": {"elapsed": 3932.614811, "delta": 20.563457, "datetime": "2020-10-05 22:55:52"}}
{"target": 8.57088888888889, "params": {"primacy": 1.0, "beta_rec": 0.9980236248540295, "gamma_fc": 0.18033439307849586, "beta_enc": 0.8999868469028274}, "datetime": {"elapsed": 3958.997164, "delta": 26.382353, "datetime": "2020-10-05 22:56:19"}}
{"target": 1.3002222222222222, "params": {"primacy": 1.0, "beta_rec": 0.0017578977434162812, "gamma_fc": 0.018187401435901585, "beta_enc": 0.9824262712953518}, "datetime": {"elapsed": 3972.22915, "delta": 13.231986, "datetime": "2020-10-05 22:56:32"}}
{"target": 5.297777777777777, "params": {"primacy": 1.0, "beta_rec": 0.6233208597653909, "gamma_fc": 0.9987333061996163, "beta_enc": 0.007731843206675526}, "datetime": {"elapsed": 3992.970071, "delta": 20.740921, "datetime": "2020-10-05 22:56:53"}}
{"target": 5.2988888888888885, "params": {"primacy": 1.0, "beta_rec": 0.23964594321504806, "gamma_fc": 0.001506535418640098, "beta_enc": 0.004243749201350955}, "datetime": {"elapsed": 4013.641408, "delta": 20.671337, "datetime": "2020-10-05 22:57:13"}}
{"target": 5.400888888888889, "params": {"primacy": 1.0, "beta_rec": 0.3769416146251273, "gamma_fc": 0.007070791924592368, "beta_enc": 0.37497800670475645}, "datetime": {"elapsed": 4034.556313, "delta": 20.914905, "datetime": "2020-10-05 22:57:34"}}
{"target": 5.321777777777778, "params": {"primacy": 1.0, "beta_rec": 0.9952042159067435, "gamma_fc": 0.21488072794958268, "beta_enc": 0.010952236660750514}, "datetime": {"elapsed": 4055.433968, "delta": 20.877655, "datetime": "2020-10-05 22:57:55"}}
{"target": 5.262888888888889, "params": {"primacy": 1.0, "beta_rec": 0.993543908380701, "gamma_fc": 0.9956318348576054, "beta_enc": 0.0011563539199169748}, "datetime": {"elapsed": 4076.10073, "delta": 20.666762, "datetime": "2020-10-05 22:58:16"}}
{"target": 5.233777777777778, "params": {"primacy": 1.0, "beta_rec": 0.8045996656666576, "gamma_fc": 0.996830002186898, "beta_enc": 0.20162009270076786}, "datetime": {"elapsed": 4096.772167, "delta": 20.671437, "datetime": "2020-10-05 22:58:36"}}
{"target": 9.288222222222222, "params": {"primacy": 1.0, "beta_rec": 0.9996798862100177, "gamma_fc": 0.014390013629206777, "beta_enc": 0.9797888459420699}, "datetime": {"elapsed": 4124.389833, "delta": 27.617666, "datetime": "2020-10-05 22:59:04"}}
{"target": 5.273777777777778, "params": {"primacy": 1.0, "beta_rec": 0.7982370510714957, "gamma_fc": 0.5742420662366732, "beta_enc": 0.0015961214101799515}, "datetime": {"elapsed": 4145.121287, "delta": 20.731454, "datetime": "2020-10-05 22:59:25"}}
{"target": 5.2908888888888885, "params": {"primacy": 1.0, "beta_rec": 0.002210245523018961, "gamma_fc": 0.6623304232955364, "beta_enc": 0.001364575905344445}, "datetime": {"elapsed": 4166.000148, "delta": 20.878861, "datetime": "2020-10-05 22:59:46"}}
{"target": 5.244, "params": {"primacy": 1.0, "beta_rec": 0.2844241275984125, "gamma_fc": 0.9974291472835387, "beta_enc": 0.2041004404455926}, "datetime": {"elapsed": 4186.837587, "delta": 20.837439, "datetime": "2020-10-05 23:00:06"}}
{"target": 6.003333333333333, "params": {"primacy": 1.0, "beta_rec": 0.9457910619952794, "gamma_fc": 0.16866623538690817, "beta_enc": 0.9988758166798632}, "datetime": {"elapsed": 4208.888912, "delta": 22.051325, "datetime": "2020-10-05 23:00:28"}}
{"target": 9.4, "params": {"primacy": 1.0, "beta_rec": 0.9935629161301817, "gamma_fc": 0.0031579101506978846, "beta_enc": 0.9942643754938904}, "datetime": {"elapsed": 4236.716479, "delta": 27.827567, "datetime": "2020-10-05 23:00:56"}}
{"target": 5.299111111111111, "params": {"primacy": 1.0, "beta_rec": 0.3643555218538985, "gamma_fc": 0.40046417293486747, "beta_enc": 0.002751879686256564}, "datetime": {"elapsed": 4257.608161, "delta": 20.891682, "datetime": "2020-10-05 23:01:17"}}
{"target": 9.013555555555556, "params": {"primacy": 1.0, "beta_rec": 0.9987786412247595, "gamma_fc": 0.15677629290457296, "beta_enc": 0.9587958804411681}, "datetime": {"elapsed": 4284.831384, "delta": 27.223223, "datetime": "2020-10-05 23:01:44"}}
{"target": 5.213111111111111, "params": {"primacy": 1.0, "beta_rec": 0.004353414722959248, "gamma_fc": 0.3933446093257351, "beta_enc": 0.2358116318144975}, "datetime": {"elapsed": 4305.568404, "delta": 20.73702, "datetime": "2020-10-05 23:02:05"}}
{"target": 8.619333333333334, "params": {"primacy": 1.0, "beta_rec": 0.9998042536298818, "gamma_fc": 0.10280310097717149, "beta_enc": 0.881799604060721}, "datetime": {"elapsed": 4332.166091, "delta": 26.597687, "datetime": "2020-10-05 23:02:32"}}
{"target": 7.864, "params": {"primacy": 1.0, "beta_rec": 0.99648525823086, "gamma_fc": 0.18046852004105185, "beta_enc": 0.8167844869938622}, "datetime": {"elapsed": 4357.465927, "delta": 25.299836, "datetime": "2020-10-05 23:02:57"}}
{"target": 5.418444444444444, "params": {"primacy": 1.0, "beta_rec": 0.5577970616287369, "gamma_fc": 0.0012320283522851971, "beta_enc": 0.22749476138425395}, "datetime": {"elapsed": 4378.705819, "delta": 21.239892, "datetime": "2020-10-05 23:03:18"}}
{"target": 4.908888888888889, "params": {"primacy": 1.0, "beta_rec": 0.9925368265602595, "gamma_fc": 0.7876649801864171, "beta_enc": 0.5286400404673999}, "datetime": {"elapsed": 4398.979792, "delta": 20.273973, "datetime": "2020-10-05 23:03:39"}}
{"target": 7.772222222222223, "params": {"primacy": 1.0, "beta_rec": 0.998401030708669, "gamma_fc": 0.261725354432213, "beta_enc": 0.9242465407006148}, "datetime": {"elapsed": 4424.107629, "delta": 25.127837, "datetime": "2020-10-05 23:04:04"}}
{"target": 6.095777777777777, "params": {"primacy": 1.0, "beta_rec": 0.995244573991109, "gamma_fc": 0.022344242147115945, "beta_enc": 0.5621276225899294}, "datetime": {"elapsed": 4446.440788, "delta": 22.333159, "datetime": "2020-10-05 23:04:26"}}
{"target": 5.2780000000000005, "params": {"primacy": 1.0, "beta_rec": 0.1319366724217973, "gamma_fc": 0.8316376939495557, "beta_enc": 0.0011165774195428524}, "datetime": {"elapsed": 4467.243981, "delta": 20.803193, "datetime": "2020-10-05 23:04:47"}}
{"target": 9.324222222222224, "params": {"primacy": 1.0, "beta_rec": 0.9895429548800347, "gamma_fc": 0.0038278094885310088, "beta_enc": 0.9999207784606855}, "datetime": {"elapsed": 4494.952121, "delta": 27.70814, "datetime": "2020-10-05 23:05:15"}}
{"target": 8.73, "params": {"primacy": 1.0, "beta_rec": 0.9633705456684507, "gamma_fc": 0.009459969555561387, "beta_enc": 0.9257856396510998}, "datetime": {"elapsed": 4521.644529, "delta": 26.692408, "datetime": "2020-10-05 23:05:41"}}
{"target": 9.412222222222223, "params": {"primacy": 1.0, "beta_rec": 0.9991492198281677, "gamma_fc": 0.004065668939858491, "beta_enc": 0.9942270343464876}, "datetime": {"elapsed": 4549.523732, "delta": 27.879203, "datetime": "2020-10-05 23:06:09"}}
{"target": 5.902222222222222, "params": {"primacy": 1.0, "beta_rec": 0.8374465088851468, "gamma_fc": 0.24972547780949794, "beta_enc": 0.7171625657069796}, "datetime": {"elapsed": 4571.333656, "delta": 21.809924, "datetime": "2020-10-05 23:06:31"}}
{"target": 5.884888888888889, "params": {"primacy": 1.0, "beta_rec": 0.999799499982037, "gamma_fc": 0.3751007108928487, "beta_enc": 0.6517953065139653}, "datetime": {"elapsed": 4593.153035, "delta": 21.819379, "datetime": "2020-10-05 23:06:53"}}
{"target": 6.247777777777778, "params": {"primacy": 1.0, "beta_rec": 0.8663863709272782, "gamma_fc": 8.999902695949746e-05, "beta_enc": 0.5227588012129591}, "datetime": {"elapsed": 4615.669681, "delta": 22.516646, "datetime": "2020-10-05 23:07:15"}}
{"target": 5.284000000000001, "params": {"primacy": 1.0, "beta_rec": 0.7342445554412995, "gamma_fc": 0.2837319215147487, "beta_enc": 0.0024591406958388573}, "datetime": {"elapsed": 4636.543547, "delta": 20.873866, "datetime": "2020-10-05 23:07:36"}}
{"target": 5.375111111111112, "params": {"primacy": 1.0, "beta_rec": 0.34778058426594793, "gamma_fc": 0.1977073718768716, "beta_enc": 0.35836739064084966}, "datetime": {"elapsed": 4657.617484, "delta": 21.073937, "datetime": "2020-10-05 23:07:57"}}
{"target": 5.345777777777778, "params": {"primacy": 1.0, "beta_rec": 0.813244979519599, "gamma_fc": 0.0018222254582839215, "beta_enc": 0.0011790037465069236}, "datetime": {"elapsed": 4678.674296, "delta": 21.056812, "datetime": "2020-10-05 23:08:18"}}
{"target": 4.805999999999999, "params": {"primacy": 1.0, "beta_rec": 0.782758558085611, "gamma_fc": 0.9936178641344546, "beta_enc": 0.46408809029690246}, "datetime": {"elapsed": 4698.671076, "delta": 19.99678, "datetime": "2020-10-05 23:08:38"}}
{"target": 9.187777777777777, "params": {"primacy": 1.0, "beta_rec": 0.9998742491240703, "gamma_fc": 0.13957184179434934, "beta_enc": 0.9832773139211402}, "datetime": {"elapsed": 4726.15767, "delta": 27.486594, "datetime": "2020-10-05 23:09:06"}}
{"target": 9.223333333333334, "params": {"primacy": 1.0, "beta_rec": 0.9855658524497988, "gamma_fc": 0.06167232055738481, "beta_enc": 0.9954492286678688}, "datetime": {"elapsed": 4753.737876, "delta": 27.580206, "datetime": "2020-10-05 23:09:33"}}
{"target": 9.319777777777778, "params": {"primacy": 1.0, "beta_rec": 0.9999056135479093, "gamma_fc": 0.04180464275793605, "beta_enc": 0.9991823390180843}, "datetime": {"elapsed": 4781.546889, "delta": 27.809013, "datetime": "2020-10-05 23:10:01"}}
{"target": 9.170666666666667, "params": {"primacy": 1.0, "beta_rec": 0.9840906064720731, "gamma_fc": 0.07740420583941798, "beta_enc": 0.9773664114776878}, "datetime": {"elapsed": 4809.108791, "delta": 27.561902, "datetime": "2020-10-05 23:10:29"}}
{"target": 9.284222222222223, "params": {"primacy": 1.0, "beta_rec": 0.993884566414751, "gamma_fc": 0.044045054431286146, "beta_enc": 0.9772273012075818}, "datetime": {"elapsed": 4836.808944, "delta": 27.700153, "datetime": "2020-10-05 23:10:56"}}
{"target": 8.499111111111112, "params": {"primacy": 1.0, "beta_rec": 0.999587068809191, "gamma_fc": 0.21339773264426043, "beta_enc": 0.9587131560026271}, "datetime": {"elapsed": 4863.168081, "delta": 26.359137, "datetime": "2020-10-05 23:11:23"}}
