{"target": 7.75, "params": {"gamma_cf": 0.2991123446608356, "cue_position": 16.0, "beta_rec": 0.6792129501957186, "gamma_fc": 0.10538467273003926, "beta_enc": 0.5315834658959018}, "datetime": {"delta": 0.327055, "datetime": "2020-06-14 13:02:00", "elapsed": 140.078917}}
{"target": 10.125, "params": {"gamma_cf": 0.8013307032031926, "cue_position": 16.0, "beta_rec": 0.7688528482877579, "gamma_fc": 0.5171205319704266, "beta_enc": 0.28493214572214476}, "datetime": {"delta": 0.371144, "datetime": "2020-06-14 13:02:00", "elapsed": 140.450061}}
{"target": 9.5, "params": {"gamma_cf": 0.029528744942020957, "cue_position": 16.0, "beta_rec": 0.6279619269819027, "gamma_fc": 0.9033311768168756, "beta_enc": 0.23210002184633505}, "datetime": {"delta": 0.359888, "datetime": "2020-06-14 13:02:01", "elapsed": 140.809949}}
{"target": 7.5, "params": {"gamma_cf": 0.9484584043057936, "cue_position": 16.0, "beta_rec": 0.4261307804247122, "gamma_fc": 0.07251552804546335, "beta_enc": 0.4203695688027851}, "datetime": {"delta": 0.321138, "datetime": "2020-06-14 13:02:01", "elapsed": 141.131087}}
{"target": 11.5, "params": {"gamma_cf": 0.49549498136119297, "cue_position": 16.0, "beta_rec": 0.3223574891327107, "gamma_fc": 0.8244596107976835, "beta_enc": 0.17270108813227492}, "datetime": {"delta": 0.399591, "datetime": "2020-06-14 13:02:01", "elapsed": 141.530678}}
{"target": 9.25, "params": {"gamma_cf": 0.18649268827268528, "cue_position": 16.0, "beta_rec": 0.5958299420587015, "gamma_fc": 0.743390512402039, "beta_enc": 0.8539724149421759}, "datetime": {"delta": 0.353908, "datetime": "2020-06-14 13:02:02", "elapsed": 141.884586}}
{"target": 8.25, "params": {"gamma_cf": 0.22824910461538594, "cue_position": 16.0, "beta_rec": 0.5394908909265497, "gamma_fc": 0.17450118757274402, "beta_enc": 0.23721405764354764}, "datetime": {"delta": 0.335295, "datetime": "2020-06-14 13:02:02", "elapsed": 142.219881}}
{"target": 8.5, "params": {"gamma_cf": 0.10463591174495857, "cue_position": 16.0, "beta_rec": 0.14756883769994755, "gamma_fc": 0.2236450455273178, "beta_enc": 0.03973568657585125}, "datetime": {"delta": 0.340514, "datetime": "2020-06-14 13:02:03", "elapsed": 142.560395}}
{"target": 9.125, "params": {"gamma_cf": 0.4135917178017643, "cue_position": 16.0, "beta_rec": 0.6763566354512786, "gamma_fc": 0.13930117132372677, "beta_enc": 0.03275719974597713}, "datetime": {"delta": 0.352189, "datetime": "2020-06-14 13:02:03", "elapsed": 142.912584}}
{"target": 9.625, "params": {"gamma_cf": 0.4228418130386131, "cue_position": 16.0, "beta_rec": 0.4244374662396153, "gamma_fc": 0.10275656387416432, "beta_enc": 0.3772172876115065}, "datetime": {"delta": 0.363146, "datetime": "2020-06-14 13:02:03", "elapsed": 143.27573}}
{"target": 7.625, "params": {"gamma_cf": 0.2719561124527795, "cue_position": 16.0, "beta_rec": 0.1372060034899114, "gamma_fc": 0.3010079430799063, "beta_enc": 0.772580266631544}, "datetime": {"delta": 0.323741, "datetime": "2020-06-14 13:02:04", "elapsed": 143.599471}}
{"target": 7.875, "params": {"gamma_cf": 0.4691344398333771, "cue_position": 16.0, "beta_rec": 0.5177867238134145, "gamma_fc": 0.3395408687963035, "beta_enc": 0.6724207725864325}, "datetime": {"delta": 0.325323, "datetime": "2020-06-14 13:02:04", "elapsed": 143.924794}}
{"target": 6.875, "params": {"gamma_cf": 0.5262296648916304, "cue_position": 16.0, "beta_rec": 0.226095202432549, "gamma_fc": 0.5006195729230891, "beta_enc": 0.7044971982481261}, "datetime": {"delta": 0.305293, "datetime": "2020-06-14 13:02:04", "elapsed": 144.230087}}
{"target": 9.875, "params": {"gamma_cf": 0.9818244178252573, "cue_position": 16.0, "beta_rec": 0.18615566973666398, "gamma_fc": 0.13290623766182708, "beta_enc": 0.25368580688768017}, "datetime": {"delta": 0.367468, "datetime": "2020-06-14 13:02:05", "elapsed": 144.597555}}
{"target": 9.25, "params": {"gamma_cf": 0.27875840869343704, "cue_position": 16.0, "beta_rec": 0.800641174283456, "gamma_fc": 0.31464760677511183, "beta_enc": 0.28346243242805713}, "datetime": {"delta": 0.35566, "datetime": "2020-06-14 13:02:05", "elapsed": 144.953215}}
{"target": 8.0, "params": {"gamma_cf": 0.8573003334512307, "cue_position": 16.0, "beta_rec": 0.6027867622422961, "gamma_fc": 0.6811114704584097, "beta_enc": 0.41994825440192907}, "datetime": {"delta": 0.333933, "datetime": "2020-06-14 13:02:05", "elapsed": 145.287148}}
{"target": 9.875, "params": {"gamma_cf": 0.3073814804278443, "cue_position": 16.0, "beta_rec": 0.92572053533626, "gamma_fc": 0.3049656416420632, "beta_enc": 0.23698206447169834}, "datetime": {"delta": 0.368093, "datetime": "2020-06-14 13:02:06", "elapsed": 145.655241}}
{"target": 7.0, "params": {"gamma_cf": 0.2777127324734242, "cue_position": 16.0, "beta_rec": 0.1260784803971985, "gamma_fc": 0.8272003251393062, "beta_enc": 0.8811683184289046}, "datetime": {"delta": 0.312141, "datetime": "2020-06-14 13:02:06", "elapsed": 145.967382}}
{"target": 9.625, "params": {"gamma_cf": 0.4814458975407394, "cue_position": 16.0, "beta_rec": 0.733366094468834, "gamma_fc": 0.8035946264310272, "beta_enc": 0.3645234475558883}, "datetime": {"delta": 0.361318, "datetime": "2020-06-14 13:02:06", "elapsed": 146.3287}}
{"target": 9.125, "params": {"gamma_cf": 0.7533258058943924, "cue_position": 16.0, "beta_rec": 0.16157403985608987, "gamma_fc": 0.2801926353730937, "beta_enc": 0.39698821167237397}, "datetime": {"delta": 0.356811, "datetime": "2020-06-14 13:02:07", "elapsed": 146.685511}}
{"target": 9.125, "params": {"gamma_cf": 0.7071876097841823, "cue_position": 16.0, "beta_rec": 0.9004489123860653, "gamma_fc": 0.5909005994904067, "beta_enc": 0.45136186123240163}, "datetime": {"delta": 0.352269, "datetime": "2020-06-14 13:02:07", "elapsed": 147.03778}}
{"target": 9.5, "params": {"gamma_cf": 0.39722776623376177, "cue_position": 16.0, "beta_rec": 0.907644646099839, "gamma_fc": 0.5614096837184815, "beta_enc": 0.8173822703971256}, "datetime": {"delta": 0.362449, "datetime": "2020-06-14 13:02:07", "elapsed": 147.400229}}
{"target": 8.25, "params": {"gamma_cf": 0.2796211794498489, "cue_position": 16.0, "beta_rec": 0.08747276218504352, "gamma_fc": 0.42351005310518297, "beta_enc": 0.7339231362848766}, "datetime": {"delta": 0.332595, "datetime": "2020-06-14 13:02:08", "elapsed": 147.732824}}
{"target": 8.375, "params": {"gamma_cf": 0.6204682006051905, "cue_position": 16.0, "beta_rec": 0.660015223526051, "gamma_fc": 0.5824398618892226, "beta_enc": 0.49797863267328835}, "datetime": {"delta": 0.338778, "datetime": "2020-06-14 13:02:08", "elapsed": 148.071602}}
{"target": 9.375, "params": {"gamma_cf": 0.3202066542862888, "cue_position": 16.0, "beta_rec": 0.004976364711265391, "gamma_fc": 0.1469781258549313, "beta_enc": 0.42833239803885637}, "datetime": {"delta": 0.355471, "datetime": "2020-06-14 13:02:08", "elapsed": 148.427073}}
{"target": 9.25, "params": {"gamma_cf": 0.32084890160086454, "cue_position": 16.0, "beta_rec": 0.6114994766596024, "gamma_fc": 0.6532580520244544, "beta_enc": 0.5986638816064357}, "datetime": {"delta": 0.355997, "datetime": "2020-06-14 13:02:09", "elapsed": 148.78307}}
{"target": 10.0, "params": {"gamma_cf": 0.4435038419039351, "cue_position": 16.0, "beta_rec": 0.0058809814446282305, "gamma_fc": 0.6978416560498484, "beta_enc": 0.19028348267904371}, "datetime": {"delta": 0.369366, "datetime": "2020-06-14 13:02:09", "elapsed": 149.152436}}
{"target": 8.375, "params": {"gamma_cf": 0.695996510445494, "cue_position": 16.0, "beta_rec": 0.06261980198391548, "gamma_fc": 0.10281836745431583, "beta_enc": 0.185043349636976}, "datetime": {"delta": 0.336621, "datetime": "2020-06-14 13:02:09", "elapsed": 149.489057}}
{"target": 9.25, "params": {"gamma_cf": 0.750124248068985, "cue_position": 16.0, "beta_rec": 0.4539526504065199, "gamma_fc": 0.1097350212856566, "beta_enc": 0.19583423367499242}, "datetime": {"delta": 0.354004, "datetime": "2020-06-14 13:02:10", "elapsed": 149.843061}}
{"target": 9.875, "params": {"gamma_cf": 0.2035603776619016, "cue_position": 16.0, "beta_rec": 0.3873605221444808, "gamma_fc": 0.5279187975307311, "beta_enc": 0.6246236071556411}, "datetime": {"delta": 0.371319, "datetime": "2020-06-14 13:02:10", "elapsed": 150.21438}}
{"target": 8.875, "params": {"gamma_cf": 0.18417777656089307, "cue_position": 16.0, "beta_rec": 0.018681005996375344, "gamma_fc": 0.6383433300033875, "beta_enc": 0.1721625549559327}, "datetime": {"delta": 0.345584, "datetime": "2020-06-14 13:02:11", "elapsed": 150.559964}}
{"target": 8.75, "params": {"gamma_cf": 0.9894521308362529, "cue_position": 16.0, "beta_rec": 0.7749453799977457, "gamma_fc": 0.5152146961620737, "beta_enc": 0.5365748193404329}, "datetime": {"delta": 0.344555, "datetime": "2020-06-14 13:02:11", "elapsed": 150.904519}}
{"target": 8.75, "params": {"gamma_cf": 0.3624653173000254, "cue_position": 16.0, "beta_rec": 0.7494424707521696, "gamma_fc": 0.48924478546014216, "beta_enc": 0.47882340118547173}, "datetime": {"delta": 0.346176, "datetime": "2020-06-14 13:02:11", "elapsed": 151.250695}}
{"target": 8.875, "params": {"gamma_cf": 0.46252906034220287, "cue_position": 16.0, "beta_rec": 0.39358341429686194, "gamma_fc": 0.2744741128035708, "beta_enc": 0.18913837493884977}, "datetime": {"delta": 0.347947, "datetime": "2020-06-14 13:02:12", "elapsed": 151.598642}}
{"target": 9.5, "params": {"gamma_cf": 0.2929978836283572, "cue_position": 16.0, "beta_rec": 0.029272121403112528, "gamma_fc": 0.5774906810135474, "beta_enc": 0.5267158603586157}, "datetime": {"delta": 0.357644, "datetime": "2020-06-14 13:02:12", "elapsed": 151.956286}}
{"target": 10.5, "params": {"gamma_cf": 0.23890995487021205, "cue_position": 16.0, "beta_rec": 0.44033782679643774, "gamma_fc": 0.9985990885864799, "beta_enc": 0.7327698532613667}, "datetime": {"delta": 0.378996, "datetime": "2020-06-14 13:02:12", "elapsed": 152.335282}}
{"target": 9.0, "params": {"gamma_cf": 0.49756438460506747, "cue_position": 16.0, "beta_rec": 0.9408284143815248, "gamma_fc": 0.8211769648927358, "beta_enc": 0.24287852161976753}, "datetime": {"delta": 0.349648, "datetime": "2020-06-14 13:02:13", "elapsed": 152.68493}}
{"target": 10.125, "params": {"gamma_cf": 0.7541750254551594, "cue_position": 16.0, "beta_rec": 0.705580412120669, "gamma_fc": 0.9199535770148588, "beta_enc": 0.7165880467947342}, "datetime": {"delta": 0.373305, "datetime": "2020-06-14 13:02:13", "elapsed": 153.058235}}
{"target": 9.25, "params": {"gamma_cf": 0.3907730736706927, "cue_position": 16.0, "beta_rec": 0.5279654841547008, "gamma_fc": 0.4672385663332459, "beta_enc": 0.4413517453158379}, "datetime": {"delta": 0.354172, "datetime": "2020-06-14 13:02:13", "elapsed": 153.412407}}
{"target": 7.75, "params": {"gamma_cf": 0.5454711685487195, "cue_position": 16.0, "beta_rec": 0.11055744025544123, "gamma_fc": 0.6065354305165435, "beta_enc": 0.8951377108035733}, "datetime": {"delta": 0.325791, "datetime": "2020-06-14 13:02:14", "elapsed": 153.738198}}
{"target": 8.875, "params": {"gamma_cf": 0.0048720479536060735, "cue_position": 16.0, "beta_rec": 0.14674737976077956, "gamma_fc": 0.6691577977971368, "beta_enc": 0.029782944129560285}, "datetime": {"delta": 0.348125, "datetime": "2020-06-14 13:02:14", "elapsed": 154.086323}}
{"target": 10.375, "params": {"gamma_cf": 0.6157259286130373, "cue_position": 16.0, "beta_rec": 0.5469683092712408, "gamma_fc": 0.30218150041580416, "beta_enc": 0.8702579489225982}, "datetime": {"delta": 0.381938, "datetime": "2020-06-14 13:02:14", "elapsed": 154.468261}}
{"target": 8.375, "params": {"gamma_cf": 0.2015966344081711, "cue_position": 16.0, "beta_rec": 0.5749397272777665, "gamma_fc": 0.32752405584828914, "beta_enc": 0.3667319816609417}, "datetime": {"delta": 0.336533, "datetime": "2020-06-14 13:02:15", "elapsed": 154.804794}}
{"target": 7.5, "params": {"gamma_cf": 0.15635692867625162, "cue_position": 16.0, "beta_rec": 0.3409202491323421, "gamma_fc": 0.1938648596595468, "beta_enc": 0.742921250389697}, "datetime": {"delta": 0.32011, "datetime": "2020-06-14 13:02:15", "elapsed": 155.124904}}
{"target": 8.25, "params": {"gamma_cf": 0.9025365564222451, "cue_position": 16.0, "beta_rec": 0.6351249610913382, "gamma_fc": 0.307160768485095, "beta_enc": 0.4951123625611782}, "datetime": {"delta": 0.335162, "datetime": "2020-06-14 13:02:15", "elapsed": 155.460066}}
{"target": 8.75, "params": {"gamma_cf": 0.2927265620931302, "cue_position": 16.0, "beta_rec": 0.2824280305589726, "gamma_fc": 0.41369073619910135, "beta_enc": 0.7533800731255857}, "datetime": {"delta": 0.346467, "datetime": "2020-06-14 13:02:16", "elapsed": 155.806533}}
{"target": 10.25, "params": {"gamma_cf": 0.9630182395955346, "cue_position": 16.0, "beta_rec": 0.31898600647018904, "gamma_fc": 0.5039830093987828, "beta_enc": 0.21471569566838056}, "datetime": {"delta": 0.375269, "datetime": "2020-06-14 13:02:16", "elapsed": 156.181802}}
{"target": 7.0, "params": {"gamma_cf": 0.7546222253081317, "cue_position": 16.0, "beta_rec": 0.7461601407734211, "gamma_fc": 0.6280230786069259, "beta_enc": 0.9231006825886638}, "datetime": {"delta": 0.31224, "datetime": "2020-06-14 13:02:16", "elapsed": 156.494042}}
{"target": 9.375, "params": {"gamma_cf": 0.30531353144830675, "cue_position": 16.0, "beta_rec": 0.5216593134132719, "gamma_fc": 0.012522836886473265, "beta_enc": 0.30375843415186865}, "datetime": {"delta": 0.357428, "datetime": "2020-06-14 13:02:17", "elapsed": 156.85147}}
{"target": 8.5, "params": {"gamma_cf": 0.6253311549032551, "cue_position": 16.0, "beta_rec": 0.7967454755900841, "gamma_fc": 0.13280748458041103, "beta_enc": 0.26826282913593635}, "datetime": {"delta": 0.341773, "datetime": "2020-06-14 13:02:17", "elapsed": 157.193243}}
{"target": 7.75, "params": {"gamma_cf": 0.8586117030700126, "cue_position": 16.0, "beta_rec": 0.526905346047344, "gamma_fc": 0.9475415511018243, "beta_enc": 0.7575703592474212}, "datetime": {"delta": 0.325138, "datetime": "2020-06-14 13:02:17", "elapsed": 157.518381}}
{"target": 10.375, "params": {"gamma_cf": 0.7271011884036769, "cue_position": 16.0, "beta_rec": 0.8542582098426466, "gamma_fc": 0.8587907562669648, "beta_enc": 0.6545375346228315}, "datetime": {"delta": 0.377217, "datetime": "2020-06-14 13:02:18", "elapsed": 157.895598}}
{"target": 10.5, "params": {"gamma_cf": 0.0840212797987252, "cue_position": 16.0, "beta_rec": 0.9020760015248446, "gamma_fc": 0.8295737184581491, "beta_enc": 0.9230030407536653}, "datetime": {"delta": 0.382356, "datetime": "2020-06-14 13:02:18", "elapsed": 158.277954}}
{"target": 9.375, "params": {"gamma_cf": 0.03198418437577388, "cue_position": 16.0, "beta_rec": 0.542076154739123, "gamma_fc": 0.8779604187251567, "beta_enc": 0.5389315533076343}, "datetime": {"delta": 0.357496, "datetime": "2020-06-14 13:02:19", "elapsed": 158.63545}}
{"target": 10.5, "params": {"gamma_cf": 0.6417491808335967, "cue_position": 16.0, "beta_rec": 0.6931945583783881, "gamma_fc": 0.37408018773825613, "beta_enc": 0.03463400133772032}, "datetime": {"delta": 0.380626, "datetime": "2020-06-14 13:02:19", "elapsed": 159.016076}}
{"target": 11.375, "params": {"gamma_cf": 0.5652896703655683, "cue_position": 16.0, "beta_rec": 0.5094085814387623, "gamma_fc": 0.6631488914643168, "beta_enc": 0.2754620266501041}, "datetime": {"delta": 0.397426, "datetime": "2020-06-14 13:02:19", "elapsed": 159.413502}}
{"target": 8.75, "params": {"gamma_cf": 0.3549025108507734, "cue_position": 16.0, "beta_rec": 0.9721390871214521, "gamma_fc": 0.6535310326636594, "beta_enc": 0.44137923095350085}, "datetime": {"delta": 0.342968, "datetime": "2020-06-14 13:02:20", "elapsed": 159.75647}}
{"target": 8.5, "params": {"gamma_cf": 0.10806748517233733, "cue_position": 16.0, "beta_rec": 0.884056212378686, "gamma_fc": 0.19127205174117012, "beta_enc": 0.5426164118717204}, "datetime": {"delta": 0.340656, "datetime": "2020-06-14 13:02:20", "elapsed": 160.097126}}
{"target": 9.5, "params": {"gamma_cf": 0.6263588032086836, "cue_position": 16.0, "beta_rec": 0.8540597949343145, "gamma_fc": 0.6235518010455583, "beta_enc": 0.38704623260508586}, "datetime": {"delta": 0.358262, "datetime": "2020-06-14 13:02:20", "elapsed": 160.455388}}
{"target": 9.5, "params": {"gamma_cf": 0.29572553442388116, "cue_position": 16.0, "beta_rec": 0.05033512965945175, "gamma_fc": 0.39845819654904013, "beta_enc": 0.4080471353479287}, "datetime": {"delta": 0.361527, "datetime": "2020-06-14 13:02:21", "elapsed": 160.816915}}
{"target": 8.75, "params": {"gamma_cf": 0.5498899204719812, "cue_position": 16.0, "beta_rec": 0.6636026316710936, "gamma_fc": 0.015421822343255842, "beta_enc": 0.37723956753050947}, "datetime": {"delta": 0.344106, "datetime": "2020-06-14 13:02:21", "elapsed": 161.161021}}
{"target": 8.25, "params": {"gamma_cf": 0.1467479307274827, "cue_position": 16.0, "beta_rec": 0.5984272223880148, "gamma_fc": 0.6968783264368051, "beta_enc": 0.9830389835394168}, "datetime": {"delta": 0.337533, "datetime": "2020-06-14 13:02:21", "elapsed": 161.498554}}
{"target": 8.0, "params": {"gamma_cf": 0.28749810204118764, "cue_position": 16.0, "beta_rec": 0.3181087523446168, "gamma_fc": 0.9572253423743934, "beta_enc": 0.9058084167065523}, "datetime": {"delta": 0.328838, "datetime": "2020-06-14 13:02:22", "elapsed": 161.827392}}
{"target": 8.375, "params": {"gamma_cf": 0.26904238725191854, "cue_position": 16.0, "beta_rec": 0.6250155931933211, "gamma_fc": 0.9236157463407607, "beta_enc": 0.7023157547948075}, "datetime": {"delta": 0.33947, "datetime": "2020-06-14 13:02:22", "elapsed": 162.166862}}
{"target": 7.75, "params": {"gamma_cf": 0.8339046774992332, "cue_position": 16.0, "beta_rec": 0.7713625072014619, "gamma_fc": 0.6982817992918626, "beta_enc": 0.6780829341239825}, "datetime": {"delta": 0.325225, "datetime": "2020-06-14 13:02:22", "elapsed": 162.492087}}
{"target": 10.75, "params": {"gamma_cf": 0.9158787230673001, "cue_position": 16.0, "beta_rec": 0.6124611286280749, "gamma_fc": 0.19823229021015376, "beta_enc": 0.146608701776909}, "datetime": {"delta": 0.387757, "datetime": "2020-06-14 13:02:23", "elapsed": 162.879844}}
{"target": 9.875, "params": {"gamma_cf": 0.5575878151711118, "cue_position": 16.0, "beta_rec": 0.04765470496967894, "gamma_fc": 0.5735610825770953, "beta_enc": 0.28571649537130284}, "datetime": {"delta": 0.369758, "datetime": "2020-06-14 13:02:23", "elapsed": 163.249602}}
{"target": 6.25, "params": {"gamma_cf": 0.8512376625014975, "cue_position": 16.0, "beta_rec": 0.34741393280060506, "gamma_fc": 0.5768293032320249, "beta_enc": 0.905377379959673}, "datetime": {"delta": 0.295852, "datetime": "2020-06-14 13:02:23", "elapsed": 163.545454}}
{"target": 8.5, "params": {"gamma_cf": 0.6209523875804722, "cue_position": 16.0, "beta_rec": 0.27835933039431604, "gamma_fc": 0.13339403014523998, "beta_enc": 0.6539929348777337}, "datetime": {"delta": 0.340812, "datetime": "2020-06-14 13:02:24", "elapsed": 163.886266}}
{"target": 8.375, "params": {"gamma_cf": 0.02402673463080851, "cue_position": 16.0, "beta_rec": 0.11341100113082614, "gamma_fc": 0.6262089291372217, "beta_enc": 0.03290871659253447}, "datetime": {"delta": 0.341454, "datetime": "2020-06-14 13:02:24", "elapsed": 164.22772}}
{"target": 9.0, "params": {"gamma_cf": 0.11582674670624904, "cue_position": 16.0, "beta_rec": 0.25096153771624574, "gamma_fc": 0.2705519937974664, "beta_enc": 0.09758261797608447}, "datetime": {"delta": 0.352589, "datetime": "2020-06-14 13:02:25", "elapsed": 164.580309}}
{"target": 7.75, "params": {"gamma_cf": 0.3783538388352491, "cue_position": 16.0, "beta_rec": 0.9850455536104694, "gamma_fc": 0.026528351110449155, "beta_enc": 0.021079672835511265}, "datetime": {"delta": 0.326454, "datetime": "2020-06-14 13:02:25", "elapsed": 164.906763}}
{"target": 10.25, "params": {"gamma_cf": 0.27850417183805665, "cue_position": 16.0, "beta_rec": 0.4525586263864343, "gamma_fc": 0.6147818910832991, "beta_enc": 0.3898387483749842}, "datetime": {"delta": 0.377212, "datetime": "2020-06-14 13:02:25", "elapsed": 165.283975}}
{"target": 6.625, "params": {"gamma_cf": 0.7865007628599349, "cue_position": 16.0, "beta_rec": 0.18596096979633892, "gamma_fc": 0.09657903442841353, "beta_enc": 0.6651683545821934}, "datetime": {"delta": 0.303888, "datetime": "2020-06-14 13:02:26", "elapsed": 165.587863}}
{"target": 8.75, "params": {"gamma_cf": 0.059528607140071355, "cue_position": 16.0, "beta_rec": 0.02605993268839324, "gamma_fc": 0.4814004591490364, "beta_enc": 0.6060352981689622}, "datetime": {"delta": 0.345678, "datetime": "2020-06-14 13:02:26", "elapsed": 165.933541}}
{"target": 6.875, "params": {"gamma_cf": 0.8613524744830288, "cue_position": 16.0, "beta_rec": 0.4055573841390242, "gamma_fc": 0.5192975854704402, "beta_enc": 0.9257041086902309}, "datetime": {"delta": 0.308135, "datetime": "2020-06-14 13:02:26", "elapsed": 166.241676}}
{"target": 8.5, "params": {"gamma_cf": 0.2600189719566923, "cue_position": 16.0, "beta_rec": 0.9630323387846756, "gamma_fc": 0.20139185371372026, "beta_enc": 0.3189358689174241}, "datetime": {"delta": 0.338971, "datetime": "2020-06-14 13:02:27", "elapsed": 166.580647}}
{"target": 8.375, "params": {"gamma_cf": 0.5864294214642616, "cue_position": 16.0, "beta_rec": 0.8425182098415589, "gamma_fc": 0.16224499947880777, "beta_enc": 0.5889087033060773}, "datetime": {"delta": 0.336341, "datetime": "2020-06-14 13:02:27", "elapsed": 166.916988}}
{"target": 10.5, "params": {"gamma_cf": 0.2659070410478275, "cue_position": 16.0, "beta_rec": 0.7613352159920956, "gamma_fc": 0.6894948631776694, "beta_enc": 0.19459373523814183}, "datetime": {"delta": 0.380871, "datetime": "2020-06-14 13:02:27", "elapsed": 167.297859}}
{"target": 11.0, "params": {"gamma_cf": 0.3366231805122991, "cue_position": 16.0, "beta_rec": 0.03219440386857053, "gamma_fc": 0.36221610553001116, "beta_enc": 0.01508930763297911}, "datetime": {"delta": 0.386824, "datetime": "2020-06-14 13:02:28", "elapsed": 167.684683}}
{"target": 7.0, "params": {"gamma_cf": 0.6382781332668243, "cue_position": 16.0, "beta_rec": 0.035980967658641894, "gamma_fc": 0.14300410951832265, "beta_enc": 0.8071905755135196}, "datetime": {"delta": 0.310355, "datetime": "2020-06-14 13:02:28", "elapsed": 167.995038}}
