{"target": -10447.819036320472, "params": {"epsilon_d": 5.452535141070303, "gamma_cf": 0.06347554987814286, "beta_rec": 0.5635091674751708, "lr": 0.14659184563314454, "phi_s": 0.6688372966356939, "beta_enc": 0.9345355051790349, "s_cf": 0.673925993557942, "k_intra": 6.5454130381993805, "phi_d": 2.873457710175855, "gamma_fc": 0.5353001796288375}, "datetime": {"delta": 9.500666, "datetime": "2020-09-13 14:03:17", "elapsed": 3408.758178}}
{"target": -9153.670791425793, "params": {"epsilon_d": 2.6090080369488247, "gamma_cf": 0.33415183351807476, "beta_rec": 0.10843083383187457, "lr": 0.7275038866586078, "phi_s": 2.393829228536153, "beta_enc": 0.27434115340819953, "s_cf": 0.7157485483912336, "k_intra": 2.343564434014873, "phi_d": 2.440854195869626, "gamma_fc": 0.4647318772310227}, "datetime": {"delta": 9.537574, "datetime": "2020-09-13 14:03:26", "elapsed": 3418.295752}}
{"target": -9565.903798889321, "params": {"epsilon_d": 1.0912832824141494, "gamma_cf": 0.3966811014027529, "beta_rec": 0.21045779104067575, "lr": 0.9498289143624183, "phi_s": 0.4389860085853381, "beta_enc": 0.26964324616102264, "s_cf": 0.020481248718401956, "k_intra": 6.553896564824752, "phi_d": 2.291336513679541, "gamma_fc": 0.0872666401760328}, "datetime": {"delta": 9.516083, "datetime": "2020-09-13 14:03:36", "elapsed": 3427.811835}}
{"target": -11664.14170892975, "params": {"epsilon_d": 3.128317479770013, "gamma_cf": 0.7375077987941283, "beta_rec": 0.9928761567590365, "lr": 0.367646057669637, "phi_s": 2.9419977276865437, "beta_enc": 0.3348888297863468, "s_cf": 0.06589377000512553, "k_intra": 5.725575976952813, "phi_d": 0.7039705126872554, "gamma_fc": 0.7165293765913929}, "datetime": {"delta": 9.517595, "datetime": "2020-09-13 14:03:45", "elapsed": 3437.32943}}
{"target": -10082.239244600829, "params": {"epsilon_d": 9.095033534823052, "gamma_cf": 0.7133692630190983, "beta_rec": 0.3088994705101167, "lr": 0.8804974135265312, "phi_s": 0.2113235527315727, "beta_enc": 0.2362277519371, "s_cf": 0.8793008435965847, "k_intra": 1.6450130293866305, "phi_d": 2.401971084052335, "gamma_fc": 0.2653718502380127}, "datetime": {"delta": 9.512601, "datetime": "2020-09-13 14:03:55", "elapsed": 3446.842031}}
{"target": -9299.126585661337, "params": {"epsilon_d": 6.738518768832562, "gamma_cf": 0.03944279853538757, "beta_rec": 0.4575371969863721, "lr": 0.6836374647810503, "phi_s": 1.4889668661444286, "beta_enc": 0.5879397452104611, "s_cf": 0.2898033391923721, "k_intra": 0.8804841780935202, "phi_d": 1.2542339741272621, "gamma_fc": 0.33032120346966154}, "datetime": {"delta": 9.523639, "datetime": "2020-09-13 14:04:04", "elapsed": 3456.36567}}
{"target": -11097.631820612129, "params": {"epsilon_d": 2.811256463638583, "gamma_cf": 0.590595861758878, "beta_rec": 0.046512682267751626, "lr": 0.7304886686536354, "phi_s": 0.8392784089947746, "beta_enc": 0.7882945201123254, "s_cf": 0.04209175984237279, "k_intra": 6.015993359119543, "phi_d": 0.16823095314570158, "gamma_fc": 0.7901335024345391}, "datetime": {"delta": 9.542289, "datetime": "2020-09-13 14:04:14", "elapsed": 3465.907959}}
{"target": -12416.434681308388, "params": {"epsilon_d": 0.1353050810521894, "gamma_cf": 0.4408790383372555, "beta_rec": 0.9891402961407735, "lr": 0.1833587261280697, "phi_s": 0.562980684721549, "beta_enc": 0.5000123984687892, "s_cf": 0.8285756552303601, "k_intra": 6.128886193293469, "phi_d": 2.166951172992532, "gamma_fc": 0.004786418105884538}, "datetime": {"delta": 9.531108, "datetime": "2020-09-13 14:04:24", "elapsed": 3475.439067}}
{"target": -15412.122158050519, "params": {"epsilon_d": 2.305784719232691, "gamma_cf": 0.8076844924516463, "beta_rec": 0.35221627383195075, "lr": 0.1300859726981044, "phi_s": 2.3521795385480435, "beta_enc": 0.2061781637342316, "s_cf": 0.9812101687911365, "k_intra": 8.738335058866241, "phi_d": 1.5469785200586106, "gamma_fc": 0.49026995558970643}, "datetime": {"delta": 9.517127, "datetime": "2020-09-13 14:04:33", "elapsed": 3484.956194}}
{"target": -11696.768983004004, "params": {"epsilon_d": 7.597729555480026, "gamma_cf": 0.07463521512286109, "beta_rec": 0.18300117978695374, "lr": 0.559209716111827, "phi_s": 2.815929525763137, "beta_enc": 0.6733777301945412, "s_cf": 9.695068767479054e-05, "k_intra": 8.278152309219722, "phi_d": 1.5288904064438609, "gamma_fc": 0.76277246372078}, "datetime": {"delta": 9.50565, "datetime": "2020-09-13 14:04:43", "elapsed": 3494.461844}}
{"target": -9348.363237236534, "params": {"epsilon_d": 5.056764632586182, "gamma_cf": 0.5404166504960898, "beta_rec": 0.25195142314544017, "lr": 0.20236734647394483, "phi_s": 1.016176423287633, "beta_enc": 0.00956689437851066, "s_cf": 0.492467985547119, "k_intra": 2.9271137519518673, "phi_d": 2.42081749374876, "gamma_fc": 0.3712924240247065}, "datetime": {"delta": 9.495961, "datetime": "2020-09-13 14:04:52", "elapsed": 3503.957805}}
{"target": -9259.870174167967, "params": {"epsilon_d": 4.086084961771249, "gamma_cf": 0.17690422236042747, "beta_rec": 0.6123589424601151, "lr": 0.9905845925641049, "phi_s": 0.5803550617897724, "beta_enc": 0.8112908917040034, "s_cf": 0.22057551351544413, "k_intra": 4.852126537301182, "phi_d": 0.9241657201696981, "gamma_fc": 0.3976520898471001}, "datetime": {"delta": 9.515064, "datetime": "2020-09-13 14:05:02", "elapsed": 3513.472869}}
{"target": -9550.629018413014, "params": {"epsilon_d": 3.649076984234536, "gamma_cf": 0.28473402479064247, "beta_rec": 0.07604769057476157, "lr": 0.10906495684734574, "phi_s": 0.4178359600365541, "beta_enc": 0.21146734435685288, "s_cf": 0.7202077467752445, "k_intra": 7.802596099564189, "phi_d": 2.566460136565487, "gamma_fc": 0.8875887921433807}, "datetime": {"delta": 9.506386, "datetime": "2020-09-13 14:05:11", "elapsed": 3522.979255}}
{"target": -10495.717459560889, "params": {"epsilon_d": 9.053280360773668, "gamma_cf": 0.8745665148853765, "beta_rec": 0.08680838426747961, "lr": 0.22295141237545357, "phi_s": 2.4702812598905615, "beta_enc": 0.5728242979210983, "s_cf": 0.042128160628106315, "k_intra": 3.695673551173151, "phi_d": 2.991623799090509, "gamma_fc": 0.8438517313619269}, "datetime": {"delta": 9.505665, "datetime": "2020-09-13 14:05:21", "elapsed": 3532.48492}}
{"target": -9382.143160746888, "params": {"epsilon_d": 5.283846967228795, "gamma_cf": 0.24713082560012845, "beta_rec": 0.8121869757489847, "lr": 0.00039838005475179017, "phi_s": 2.9807738379911948, "beta_enc": 0.37327787786482824, "s_cf": 0.6562008343421062, "k_intra": 2.6175104394446755, "phi_d": 0.7708248649716243, "gamma_fc": 0.7928879304474935}, "datetime": {"delta": 9.533607, "datetime": "2020-09-13 14:05:30", "elapsed": 3542.018527}}
{"target": -9550.382349983012, "params": {"epsilon_d": 6.869368982218188, "gamma_cf": 0.640742769936858, "beta_rec": 0.6861397019787449, "lr": 0.8708371928269385, "phi_s": 0.586666417353842, "beta_enc": 0.22066812208717368, "s_cf": 0.29858946127654595, "k_intra": 2.429641169892971, "phi_d": 2.230748375974413, "gamma_fc": 0.07054851672187645}, "datetime": {"delta": 9.534431, "datetime": "2020-09-13 14:05:40", "elapsed": 3551.552958}}
{"target": -9686.356163423901, "params": {"epsilon_d": 2.005163063645068, "gamma_cf": 0.10166529365348886, "beta_rec": 0.826445766022829, "lr": 0.2605135192574243, "phi_s": 0.26223459929976944, "beta_enc": 0.5627220287356469, "s_cf": 0.3516705558700568, "k_intra": 9.12353469252759, "phi_d": 0.41408262286793274, "gamma_fc": 0.3818688895906489}, "datetime": {"delta": 9.520068, "datetime": "2020-09-13 14:05:49", "elapsed": 3561.073026}}
{"target": -10989.990046649707, "params": {"epsilon_d": 6.725568103202951, "gamma_cf": 0.46048358998473815, "beta_rec": 0.583033921230445, "lr": 0.702352620836162, "phi_s": 2.259375987438253, "beta_enc": 0.037626945268522616, "s_cf": 0.5016372020053996, "k_intra": 5.010249644140819, "phi_d": 0.7688586271766057, "gamma_fc": 0.7411168537245286}, "datetime": {"delta": 9.492548, "datetime": "2020-09-13 14:05:59", "elapsed": 3570.565574}}
{"target": -9254.64453181327, "params": {"epsilon_d": 5.059406095753813, "gamma_cf": 0.04153518297857339, "beta_rec": 0.44669779031638923, "lr": 0.14249584698454565, "phi_s": 1.7710228904951313, "beta_enc": 0.7053688299090277, "s_cf": 0.343048695191552, "k_intra": 1.4228750219732444, "phi_d": 1.3567161674226804, "gamma_fc": 0.48930929060426465}, "datetime": {"delta": 9.566853, "datetime": "2020-09-13 14:06:08", "elapsed": 3580.132427}}
{"target": -11963.30480758986, "params": {"epsilon_d": 9.630915727829361, "gamma_cf": 0.7336422859505056, "beta_rec": 0.7414104169799515, "lr": 0.06751405041336966, "phi_s": 2.79370211803171, "beta_enc": 0.16049159026420812, "s_cf": 0.26318010363654454, "k_intra": 8.409081581252352, "phi_d": 1.3653049409378217, "gamma_fc": 0.07706423149742647}, "datetime": {"delta": 9.533032, "datetime": "2020-09-13 14:06:18", "elapsed": 3589.665459}}
{"target": -9475.00998189826, "params": {"epsilon_d": 9.286081213991311, "gamma_cf": 0.32576842070431766, "beta_rec": 0.7622387720608016, "lr": 0.9632355226640739, "phi_s": 2.594254538539824, "beta_enc": 0.12795317189279531, "s_cf": 0.3083449860518661, "k_intra": 1.8248547641171309, "phi_d": 1.7722404404857965, "gamma_fc": 0.23245809784533655}, "datetime": {"delta": 9.508212, "datetime": "2020-09-13 14:06:27", "elapsed": 3599.173671}}
{"target": -9057.032445082335, "params": {"epsilon_d": 2.0711009590737217, "gamma_cf": 0.5189836643290452, "beta_rec": 0.45380418511530174, "lr": 0.3074538821838113, "phi_s": 1.3191658403981037, "beta_enc": 0.056436430358440925, "s_cf": 0.3236894136587639, "k_intra": 2.942882172433129, "phi_d": 0.17010364942301512, "gamma_fc": 0.5379876356177355}, "datetime": {"delta": 9.494967, "datetime": "2020-09-13 14:06:37", "elapsed": 3608.668638}}
{"target": -11457.038731670697, "params": {"epsilon_d": 4.926404407929157, "gamma_cf": 0.0827082980318894, "beta_rec": 0.8597630666919952, "lr": 0.36551882313577333, "phi_s": 2.820008828359436, "beta_enc": 0.6194901252611663, "s_cf": 0.37489434056111615, "k_intra": 8.083269668547564, "phi_d": 1.0591138419729196, "gamma_fc": 0.9334804583342925}, "datetime": {"delta": 9.481246, "datetime": "2020-09-13 14:06:46", "elapsed": 3618.149884}}
{"target": -11105.45035347548, "params": {"epsilon_d": 0.3673976453048744, "gamma_cf": 0.3146309781487783, "beta_rec": 0.9853443380985734, "lr": 0.5511367305514145, "phi_s": 2.290219923472851, "beta_enc": 0.6358022186231704, "s_cf": 0.6840838213346168, "k_intra": 9.223654191512637, "phi_d": 0.25576926138875866, "gamma_fc": 0.23123572194147302}, "datetime": {"delta": 9.528101, "datetime": "2020-09-13 14:06:56", "elapsed": 3627.677985}}
{"target": -9723.271217657453, "params": {"epsilon_d": 8.746015987152932, "gamma_cf": 0.7532514851657419, "beta_rec": 0.9557287749268826, "lr": 0.2208883363414058, "phi_s": 1.747097182862218, "beta_enc": 0.6621741034351711, "s_cf": 0.6630438231677197, "k_intra": 1.3801496204321861, "phi_d": 0.695978597171591, "gamma_fc": 0.2226659543716385}, "datetime": {"delta": 9.5115, "datetime": "2020-09-13 14:07:05", "elapsed": 3637.189485}}
{"target": -10065.660365022395, "params": {"epsilon_d": 3.6316259495312986, "gamma_cf": 0.9677274091080609, "beta_rec": 0.05634939173447451, "lr": 0.6716261486023335, "phi_s": 0.3246849356085895, "beta_enc": 0.5274175204016522, "s_cf": 0.5280671392556082, "k_intra": 3.697397795415153, "phi_d": 0.8688181125230419, "gamma_fc": 0.6955115754051091}, "datetime": {"delta": 9.515464, "datetime": "2020-09-13 14:07:15", "elapsed": 3646.704949}}
{"target": -9841.812039840224, "params": {"epsilon_d": 9.019945945493234, "gamma_cf": 0.6517403667487239, "beta_rec": 0.48165189565416366, "lr": 0.47965808579270763, "phi_s": 1.9758860039798862, "beta_enc": 0.28976912585189274, "s_cf": 0.287735134554958, "k_intra": 1.025865252271354, "phi_d": 1.2725914821294266, "gamma_fc": 0.723319135625947}, "datetime": {"delta": 9.537105, "datetime": "2020-09-13 14:07:24", "elapsed": 3656.242054}}
{"target": -9401.14651405811, "params": {"epsilon_d": 1.1481056778526666, "gamma_cf": 0.19990786306137587, "beta_rec": 0.981016791950987, "lr": 0.7136880913205015, "phi_s": 1.2050286870007678, "beta_enc": 0.38306471221756655, "s_cf": 0.8524032876575542, "k_intra": 6.966542004402304, "phi_d": 2.3757893160694405, "gamma_fc": 0.23904616434577042}, "datetime": {"delta": 9.499023, "datetime": "2020-09-13 14:07:34", "elapsed": 3665.741077}}
{"target": -9704.647227045112, "params": {"epsilon_d": 8.219886443150706, "gamma_cf": 0.6289244383408126, "beta_rec": 0.7132598975767365, "lr": 0.5954556632890023, "phi_s": 1.8423432624924456, "beta_enc": 0.6973465395889892, "s_cf": 0.3228534686765717, "k_intra": 0.3079881116467331, "phi_d": 1.7349143515552943, "gamma_fc": 0.4222276228482986}, "datetime": {"delta": 9.52795, "datetime": "2020-09-13 14:07:43", "elapsed": 3675.269027}}
{"target": -9876.569985830656, "params": {"epsilon_d": 6.498594262094919, "gamma_cf": 0.07167347369091615, "beta_rec": 0.17165630428408674, "lr": 0.29384457057825264, "phi_s": 2.6624170610744877, "beta_enc": 0.5548819768446921, "s_cf": 0.8362672161514131, "k_intra": 2.1613795014659942, "phi_d": 2.6657370640543605, "gamma_fc": 0.8750771337997444}, "datetime": {"delta": 9.538721, "datetime": "2020-09-13 14:07:53", "elapsed": 3684.807748}}
{"target": -10604.63941596548, "params": {"epsilon_d": 7.718022957748861, "gamma_cf": 0.6580829809857549, "beta_rec": 0.9023446392045666, "lr": 0.4247495091830883, "phi_s": 1.2422465995334366, "beta_enc": 0.32693561690624706, "s_cf": 0.06141215405816436, "k_intra": 7.831314722628367, "phi_d": 1.0403401499685576, "gamma_fc": 0.8998030738224682}, "datetime": {"delta": 9.509895, "datetime": "2020-09-13 14:08:02", "elapsed": 3694.317643}}
{"target": -9937.312373505622, "params": {"epsilon_d": 8.656244875574274, "gamma_cf": 0.8887000495302622, "beta_rec": 0.3530436858449395, "lr": 0.6933201557909643, "phi_s": 0.8030868622108497, "beta_enc": 0.3634308930261969, "s_cf": 0.8699876263426785, "k_intra": 3.2819924761463426, "phi_d": 1.9358921768975708, "gamma_fc": 0.9630520868624081}, "datetime": {"delta": 9.54234, "datetime": "2020-09-13 14:08:12", "elapsed": 3703.859983}}
{"target": -9304.741231222702, "params": {"epsilon_d": 1.4466393551422896, "gamma_cf": 0.10681965623961165, "beta_rec": 0.7477140026507801, "lr": 0.4429158313362551, "phi_s": 1.1403557231149466, "beta_enc": 0.2141019157696299, "s_cf": 0.8533495985139066, "k_intra": 5.263181160447106, "phi_d": 2.3567236464882546, "gamma_fc": 0.7203222101235442}, "datetime": {"delta": 9.529674, "datetime": "2020-09-13 14:08:21", "elapsed": 3713.389657}}
{"target": -11900.716582681816, "params": {"epsilon_d": 2.776280022802573, "gamma_cf": 0.4150070363847951, "beta_rec": 0.97912549357449, "lr": 0.7113111101046645, "phi_s": 2.661870590706538, "beta_enc": 0.9621724971568286, "s_cf": 0.3669482381501168, "k_intra": 8.948659340129545, "phi_d": 2.298583620059246, "gamma_fc": 0.7250098843173551}, "datetime": {"delta": 9.477051, "datetime": "2020-09-13 14:08:31", "elapsed": 3722.866708}}
{"target": -11431.611941376887, "params": {"epsilon_d": 6.4758258020429516, "gamma_cf": 0.8951838797241277, "beta_rec": 0.5347699755827457, "lr": 0.7321355547652482, "phi_s": 1.7853015344758592, "beta_enc": 0.5425449416471573, "s_cf": 0.9223207824170438, "k_intra": 9.699385377160038, "phi_d": 1.304345325508289, "gamma_fc": 0.6008274761261335}, "datetime": {"delta": 9.529959, "datetime": "2020-09-13 14:08:40", "elapsed": 3732.396667}}
{"target": -9198.70932483504, "params": {"epsilon_d": 6.6129203209448, "gamma_cf": 0.33614643889956264, "beta_rec": 0.709928603418362, "lr": 0.15076980613173374, "phi_s": 2.160335779152361, "beta_enc": 0.6185003839269733, "s_cf": 0.4010561894105159, "k_intra": 4.078129626004204, "phi_d": 2.4963672883909447, "gamma_fc": 0.20333485512269822}, "datetime": {"delta": 9.505537, "datetime": "2020-09-13 14:08:50", "elapsed": 3741.902204}}
{"target": -9759.907008092694, "params": {"epsilon_d": 6.390639060380273, "gamma_cf": 0.9966028199815464, "beta_rec": 0.8757993398860495, "lr": 0.0836549341630618, "phi_s": 0.5627683974254228, "beta_enc": 0.1713826960883208, "s_cf": 0.8816595339350156, "k_intra": 2.448483591322624, "phi_d": 2.2597511497031144, "gamma_fc": 0.10109788959774524}, "datetime": {"delta": 9.474996, "datetime": "2020-09-13 14:08:59", "elapsed": 3751.3772}}
{"target": -10060.004995751327, "params": {"epsilon_d": 0.42520288791004224, "gamma_cf": 0.614053635731627, "beta_rec": 0.526169262668513, "lr": 0.8953185689241916, "phi_s": 0.11526903454632657, "beta_enc": 0.4914795265388975, "s_cf": 0.832303959586102, "k_intra": 2.1350408934701557, "phi_d": 2.675238712091276, "gamma_fc": 0.22761478909506727}, "datetime": {"delta": 9.457492, "datetime": "2020-09-13 14:09:09", "elapsed": 3760.834692}}
{"target": -9181.839466940764, "params": {"epsilon_d": 6.561738180513871, "gamma_cf": 0.7677856839334473, "beta_rec": 0.5119476580924737, "lr": 0.5734522319827082, "phi_s": 2.5421785080703385, "beta_enc": 0.902298840019556, "s_cf": 0.24044170761914385, "k_intra": 4.591164196426792, "phi_d": 1.764772352018273, "gamma_fc": 0.6854399747525683}, "datetime": {"delta": 9.510236, "datetime": "2020-09-13 14:09:18", "elapsed": 3770.344928}}
{"target": -9814.566228258014, "params": {"epsilon_d": 7.970323611449748, "gamma_cf": 0.8077078189919843, "beta_rec": 0.8123371097183338, "lr": 0.6178867356005426, "phi_s": 2.3323201510908818, "beta_enc": 0.7572264662657039, "s_cf": 0.9586046229255358, "k_intra": 4.175157513022394, "phi_d": 2.2902119968258896, "gamma_fc": 0.8292800223865544}, "datetime": {"delta": 9.58428, "datetime": "2020-09-13 14:09:28", "elapsed": 3779.929208}}
{"target": -10130.300802724907, "params": {"epsilon_d": 4.657390687419055, "gamma_cf": 0.8355253266864215, "beta_rec": 0.5647345919090407, "lr": 0.1920115991267738, "phi_s": 1.8598112242141447, "beta_enc": 0.975075275592005, "s_cf": 0.44184380280217683, "k_intra": 7.663980894608939, "phi_d": 1.8157199412638956, "gamma_fc": 0.219960923956657}, "datetime": {"delta": 9.522432, "datetime": "2020-09-13 14:09:38", "elapsed": 3789.45164}}
{"target": -9042.153651759538, "params": {"epsilon_d": 4.927297109245766, "gamma_cf": 0.4181256356700572, "beta_rec": 0.5434821861417696, "lr": 0.09281535819413889, "phi_s": 1.957454731517013, "beta_enc": 0.8645506528079976, "s_cf": 0.7677822626181597, "k_intra": 3.621494599268943, "phi_d": 1.740351649060559, "gamma_fc": 0.06222518338635219}, "datetime": {"delta": 9.497329, "datetime": "2020-09-13 14:09:47", "elapsed": 3798.948969}}
{"target": -9759.964513838693, "params": {"epsilon_d": 7.502439507791163, "gamma_cf": 0.5488594004307864, "beta_rec": 0.1870607551754626, "lr": 0.29874619238334477, "phi_s": 2.8050862162879935, "beta_enc": 0.6325352563441428, "s_cf": 0.9664972006802195, "k_intra": 0.24827029187908023, "phi_d": 2.101043584868283, "gamma_fc": 0.10217035933438989}, "datetime": {"delta": 9.532789, "datetime": "2020-09-13 14:09:57", "elapsed": 3808.481758}}
{"target": -9482.90571734492, "params": {"epsilon_d": 6.220691252729669, "gamma_cf": 0.23109612753682562, "beta_rec": 0.2932491857068945, "lr": 0.7564703855241026, "phi_s": 1.6065684254007253, "beta_enc": 0.7645480893346467, "s_cf": 0.06563483825850425, "k_intra": 1.6586702947952792, "phi_d": 2.618908096898396, "gamma_fc": 0.7506903716516717}, "datetime": {"delta": 9.51376, "datetime": "2020-09-13 14:10:06", "elapsed": 3817.995518}}
{"target": -9733.031160363458, "params": {"epsilon_d": 1.7975265343005398, "gamma_cf": 0.03855906126279496, "beta_rec": 0.8378286113798175, "lr": 0.042060626449232696, "phi_s": 1.7510639237028087, "beta_enc": 0.4488920207457957, "s_cf": 0.585156672962654, "k_intra": 5.6304072357339505, "phi_d": 2.9561672657690745, "gamma_fc": 0.7326935744791824}, "datetime": {"delta": 9.53482, "datetime": "2020-09-13 14:10:16", "elapsed": 3827.530338}}
{"target": -9794.601813176681, "params": {"epsilon_d": 0.6075073632969408, "gamma_cf": 0.34851320938881547, "beta_rec": 0.9026346706863088, "lr": 0.09146794196561492, "phi_s": 0.9725793560778231, "beta_enc": 0.7899066418664441, "s_cf": 0.9043452577718513, "k_intra": 4.651515316549586, "phi_d": 0.2974487452951985, "gamma_fc": 0.20009186306839266}, "datetime": {"delta": 9.503133, "datetime": "2020-09-13 14:10:25", "elapsed": 3837.033471}}
{"target": -18116.825130249625, "params": {"epsilon_d": 0.0074091296054890066, "gamma_cf": 0.735215554236234, "beta_rec": 0.7637200317833946, "lr": 0.010514008284530196, "phi_s": 2.0937660229669666, "beta_enc": 0.9755419778874962, "s_cf": 0.7020168753413566, "k_intra": 1.6856568225506097, "phi_d": 0.5324682964250601, "gamma_fc": 0.021992509985024777}, "datetime": {"delta": 9.49906, "datetime": "2020-09-13 14:10:35", "elapsed": 3846.532531}}
{"target": -9132.944462181407, "params": {"epsilon_d": 8.473042054246386, "gamma_cf": 0.13035751444155008, "beta_rec": 0.7311908242003646, "lr": 0.40388363755117396, "phi_s": 2.2870877392388955, "beta_enc": 0.37107740662185684, "s_cf": 0.32178620055239215, "k_intra": 3.719214565139027, "phi_d": 0.9015722375950739, "gamma_fc": 0.08740731616174402}, "datetime": {"delta": 9.491676, "datetime": "2020-09-13 14:10:44", "elapsed": 3856.024207}}
{"target": -8872.648010687399, "params": {"epsilon_d": 5.131490075412159, "gamma_cf": 0.42942202968065213, "beta_rec": 0.9113083542736461, "lr": 0.8866478145458545, "phi_s": 1.9014492219255368, "beta_enc": 0.8001443119174996, "s_cf": 0.49500739584280073, "k_intra": 2.7367730380496647, "phi_d": 0.8132385896933034, "gamma_fc": 0.09159480217154525}, "datetime": {"delta": 9.533552, "datetime": "2020-09-13 14:10:54", "elapsed": 3865.557759}}
{"target": -13589.168214899822, "params": {"epsilon_d": 0.6777083245811377, "gamma_cf": 0.680702325466581, "beta_rec": 0.8993685313928761, "lr": 0.3259087204583756, "phi_s": 1.781237436437296, "beta_enc": 0.09437253593421435, "s_cf": 0.7335170182530933, "k_intra": 7.093737908207441, "phi_d": 0.3129764824671961, "gamma_fc": 0.9719981399843843}, "datetime": {"delta": 9.51331, "datetime": "2020-09-13 14:11:03", "elapsed": 3875.071069}}
