{"target": 8.75, "params": {"cue_position": 10.0, "beta_rec": 0.2214327343234883, "beta_enc": 0.9475489413950998, "gamma_fc": 0.42861882866378653, "gamma_cf": 0.081473964877262}, "datetime": {"delta": 0.360029, "elapsed": 27.794978, "datetime": "2020-06-14 09:43:32"}}
{"target": 9.5, "params": {"cue_position": 10.0, "beta_rec": 0.6337867606119179, "beta_enc": 0.10901876401906829, "gamma_fc": 0.7662113810757705, "gamma_cf": 0.6968004961201785}, "datetime": {"delta": 0.374452, "elapsed": 28.16943, "datetime": "2020-06-14 09:43:32"}}
{"target": 8.125, "params": {"cue_position": 10.0, "beta_rec": 0.8458514830276777, "beta_enc": 0.3424541198435198, "gamma_fc": 0.6264961586242938, "gamma_cf": 0.8240098704123188}, "datetime": {"delta": 0.347027, "elapsed": 28.516457, "datetime": "2020-06-14 09:43:32"}}
{"target": 8.75, "params": {"cue_position": 10.0, "beta_rec": 0.07838689985494796, "beta_enc": 0.1434230486702449, "gamma_fc": 0.4585838137084318, "gamma_cf": 0.06672499763935646}, "datetime": {"delta": 0.360377, "elapsed": 28.876834, "datetime": "2020-06-14 09:43:33"}}
{"target": 8.5, "params": {"cue_position": 10.0, "beta_rec": 0.027783348848669953, "beta_enc": 0.11334192276759048, "gamma_fc": 0.7469384956075251, "gamma_cf": 0.3948504804606394}, "datetime": {"delta": 0.359225, "elapsed": 29.236059, "datetime": "2020-06-14 09:43:33"}}
{"target": 8.25, "params": {"cue_position": 10.0, "beta_rec": 0.4500867470007611, "beta_enc": 0.45240482674645155, "gamma_fc": 0.8031633421141696, "gamma_cf": 0.47400392656219403}, "datetime": {"delta": 0.351328, "elapsed": 29.587387, "datetime": "2020-06-14 09:43:33"}}
{"target": 10.625, "params": {"cue_position": 10.0, "beta_rec": 0.904686160343623, "beta_enc": 0.40239251985773583, "gamma_fc": 0.12564138113773882, "gamma_cf": 0.7738743427204187}, "datetime": {"delta": 0.40371, "elapsed": 29.991097, "datetime": "2020-06-14 09:43:34"}}
{"target": 8.25, "params": {"cue_position": 10.0, "beta_rec": 0.010364261335231939, "beta_enc": 0.6185135669120855, "gamma_fc": 0.9511937854902045, "gamma_cf": 0.0030179566195963625}, "datetime": {"delta": 0.353615, "elapsed": 30.344712, "datetime": "2020-06-14 09:43:34"}}
{"target": 8.5, "params": {"cue_position": 10.0, "beta_rec": 0.7959669419422694, "beta_enc": 0.905402033702778, "gamma_fc": 0.15773006987053328, "gamma_cf": 0.14555823115839706}, "datetime": {"delta": 0.358615, "elapsed": 30.703327, "datetime": "2020-06-14 09:43:34"}}
{"target": 8.5, "params": {"cue_position": 10.0, "beta_rec": 0.6224959022999211, "beta_enc": 0.187631672902434, "gamma_fc": 0.7111224587658159, "gamma_cf": 0.9899551783590737}, "datetime": {"delta": 0.356009, "elapsed": 31.059336, "datetime": "2020-06-14 09:43:35"}}
{"target": 5.75, "params": {"cue_position": 10.0, "beta_rec": 0.9092932045442544, "beta_enc": 0.7318004091422953, "gamma_fc": 0.17343017078712286, "gamma_cf": 0.24985068022503676}, "datetime": {"delta": 0.297397, "elapsed": 31.356733, "datetime": "2020-06-14 09:43:35"}}
{"target": 7.75, "params": {"cue_position": 10.0, "beta_rec": 0.8126105880328287, "beta_enc": 0.119457050333729, "gamma_fc": 0.8190891786335308, "gamma_cf": 0.2642974827269007}, "datetime": {"delta": 0.342728, "elapsed": 31.699461, "datetime": "2020-06-14 09:43:35"}}
{"target": 7.75, "params": {"cue_position": 10.0, "beta_rec": 0.9824174492929428, "beta_enc": 0.31058725179421, "gamma_fc": 0.31446701118584963, "gamma_cf": 0.5336533449712114}, "datetime": {"delta": 0.342514, "elapsed": 32.041975, "datetime": "2020-06-14 09:43:36"}}
{"target": 8.375, "params": {"cue_position": 10.0, "beta_rec": 0.36655664385123443, "beta_enc": 0.9107728311738374, "gamma_fc": 0.9388864773697133, "gamma_cf": 0.5122926922783614}, "datetime": {"delta": 0.353399, "elapsed": 32.395374, "datetime": "2020-06-14 09:43:36"}}
{"target": 7.625, "params": {"cue_position": 10.0, "beta_rec": 0.7168786636316892, "beta_enc": 0.030949006271150714, "gamma_fc": 0.5220512472525107, "gamma_cf": 0.027287223517468817}, "datetime": {"delta": 0.33878, "elapsed": 32.734154, "datetime": "2020-06-14 09:43:37"}}
{"target": 9.75, "params": {"cue_position": 10.0, "beta_rec": 0.8594893208655858, "beta_enc": 0.3259898117700253, "gamma_fc": 0.45285349995153745, "gamma_cf": 0.6902278681627478}, "datetime": {"delta": 0.383347, "elapsed": 33.117501, "datetime": "2020-06-14 09:43:37"}}
{"target": 8.875, "params": {"cue_position": 10.0, "beta_rec": 0.2900968516874258, "beta_enc": 0.6283090375213571, "gamma_fc": 0.3114442141324628, "gamma_cf": 0.5767559349870908}, "datetime": {"delta": 0.363009, "elapsed": 33.48051, "datetime": "2020-06-14 09:43:37"}}
{"target": 6.75, "params": {"cue_position": 10.0, "beta_rec": 0.9164058530538978, "beta_enc": 0.5172675985011298, "gamma_fc": 0.37129376127905445, "gamma_cf": 0.2473960366023854}, "datetime": {"delta": 0.319201, "elapsed": 33.799711, "datetime": "2020-06-14 09:43:38"}}
{"target": 7.875, "params": {"cue_position": 10.0, "beta_rec": 0.9368683813090937, "beta_enc": 0.9318611166365406, "gamma_fc": 0.22790028995131695, "gamma_cf": 0.9202065143056605}, "datetime": {"delta": 0.349617, "elapsed": 34.149328, "datetime": "2020-06-14 09:43:38"}}
{"target": 8.75, "params": {"cue_position": 10.0, "beta_rec": 0.22730973628468876, "beta_enc": 0.08748220955359087, "gamma_fc": 0.6070941619724605, "gamma_cf": 0.17476587635631158}, "datetime": {"delta": 0.365884, "elapsed": 34.515212, "datetime": "2020-06-14 09:43:38"}}
{"target": 10.0, "params": {"cue_position": 10.0, "beta_rec": 0.8163515118272141, "beta_enc": 0.41358641500116133, "gamma_fc": 0.24035562484913886, "gamma_cf": 0.7018765297563104}, "datetime": {"delta": 0.388136, "elapsed": 34.903348, "datetime": "2020-06-14 09:43:39"}}
{"target": 8.5, "params": {"cue_position": 10.0, "beta_rec": 0.34898759722078887, "beta_enc": 0.5742190888408597, "gamma_fc": 0.6641025553547935, "gamma_cf": 0.22881367096037586}, "datetime": {"delta": 0.358172, "elapsed": 35.26152, "datetime": "2020-06-14 09:43:39"}}
{"target": 7.625, "params": {"cue_position": 10.0, "beta_rec": 0.5190159840736788, "beta_enc": 0.4972500933605313, "gamma_fc": 0.99675342520821, "gamma_cf": 0.5707158515462564}, "datetime": {"delta": 0.339115, "elapsed": 35.600635, "datetime": "2020-06-14 09:43:39"}}
{"target": 4.875, "params": {"cue_position": 10.0, "beta_rec": 0.5943726238309778, "beta_enc": 0.8168351087916219, "gamma_fc": 0.5956079336026455, "gamma_cf": 0.9015625846693213}, "datetime": {"delta": 0.27657, "elapsed": 35.877205, "datetime": "2020-06-14 09:43:40"}}
{"target": 7.375, "params": {"cue_position": 10.0, "beta_rec": 0.09357709581748075, "beta_enc": 0.032426325314457105, "gamma_fc": 0.37543483316785775, "gamma_cf": 0.4517331486914753}, "datetime": {"delta": 0.337375, "elapsed": 36.21458, "datetime": "2020-06-14 09:43:40"}}
{"target": 4.625, "params": {"cue_position": 10.0, "beta_rec": 0.1679832931996149, "beta_enc": 0.9753500342702865, "gamma_fc": 0.8242378396244978, "gamma_cf": 0.7674748688630131}, "datetime": {"delta": 0.277772, "elapsed": 36.492352, "datetime": "2020-06-14 09:43:40"}}
{"target": 7.875, "params": {"cue_position": 10.0, "beta_rec": 0.668732770206732, "beta_enc": 0.6326158167779973, "gamma_fc": 0.3530060855418248, "gamma_cf": 0.013136356923072245}, "datetime": {"delta": 0.345372, "elapsed": 36.837724, "datetime": "2020-06-14 09:43:41"}}
{"target": 9.625, "params": {"cue_position": 10.0, "beta_rec": 0.7300912110901043, "beta_enc": 0.49207180149355845, "gamma_fc": 0.13766274094560316, "gamma_cf": 0.4574049160894317}, "datetime": {"delta": 0.379611, "elapsed": 37.217335, "datetime": "2020-06-14 09:43:41"}}
{"target": 7.375, "params": {"cue_position": 10.0, "beta_rec": 0.7582782604769962, "beta_enc": 0.01088873380347899, "gamma_fc": 0.220234226159156, "gamma_cf": 0.9843834501935107}, "datetime": {"delta": 0.330537, "elapsed": 37.547872, "datetime": "2020-06-14 09:43:41"}}
{"target": 9.125, "params": {"cue_position": 10.0, "beta_rec": 0.5238961356661317, "beta_enc": 0.33870802548167966, "gamma_fc": 0.12482254311167629, "gamma_cf": 0.46385778390029564}, "datetime": {"delta": 0.368995, "elapsed": 37.916867, "datetime": "2020-06-14 09:43:42"}}
{"target": 8.875, "params": {"cue_position": 10.0, "beta_rec": 0.5045191697009946, "beta_enc": 0.3125013784920495, "gamma_fc": 0.13033578095435427, "gamma_cf": 0.7701499563120922}, "datetime": {"delta": 0.363091, "elapsed": 38.279958, "datetime": "2020-06-14 09:43:42"}}
{"target": 7.875, "params": {"cue_position": 10.0, "beta_rec": 0.5190823222119895, "beta_enc": 0.022915131322381765, "gamma_fc": 0.6724698446537339, "gamma_cf": 0.012603767029876312}, "datetime": {"delta": 0.346565, "elapsed": 38.626523, "datetime": "2020-06-14 09:43:42"}}
{"target": 8.125, "params": {"cue_position": 10.0, "beta_rec": 0.44924675358663757, "beta_enc": 0.6868082266569918, "gamma_fc": 0.005239837651465851, "gamma_cf": 0.6443610847569929}, "datetime": {"delta": 0.351494, "elapsed": 38.978017, "datetime": "2020-06-14 09:43:43"}}
{"target": 7.0, "params": {"cue_position": 10.0, "beta_rec": 0.8593178060976, "beta_enc": 0.4844284455143756, "gamma_fc": 0.6736984238986317, "gamma_cf": 0.6491541971124779}, "datetime": {"delta": 0.326453, "elapsed": 39.30447, "datetime": "2020-06-14 09:43:43"}}
{"target": 9.625, "params": {"cue_position": 10.0, "beta_rec": 0.27411977516685215, "beta_enc": 0.5784995797892005, "gamma_fc": 0.35242963021640883, "gamma_cf": 0.6717297848174203}, "datetime": {"delta": 0.380578, "elapsed": 39.685048, "datetime": "2020-06-14 09:43:43"}}
{"target": 7.75, "params": {"cue_position": 10.0, "beta_rec": 0.1950374860087073, "beta_enc": 0.8558283672539277, "gamma_fc": 0.773799287244182, "gamma_cf": 0.2896027461868774}, "datetime": {"delta": 0.340182, "elapsed": 40.02523, "datetime": "2020-06-14 09:43:44"}}
{"target": 8.875, "params": {"cue_position": 10.0, "beta_rec": 0.8076984091122095, "beta_enc": 0.4277373293360762, "gamma_fc": 0.7672845084217665, "gamma_cf": 0.21369323762958115}, "datetime": {"delta": 0.364721, "elapsed": 40.389951, "datetime": "2020-06-14 09:43:44"}}
{"target": 9.375, "params": {"cue_position": 10.0, "beta_rec": 0.7332450677264275, "beta_enc": 0.3086419476306511, "gamma_fc": 0.21411213682064845, "gamma_cf": 0.22139670090820107}, "datetime": {"delta": 0.376376, "elapsed": 40.766327, "datetime": "2020-06-14 09:43:45"}}
{"target": 8.875, "params": {"cue_position": 10.0, "beta_rec": 0.14251833776584466, "beta_enc": 0.1989479234270667, "gamma_fc": 0.11092036903424063, "gamma_cf": 0.026627884691621473}, "datetime": {"delta": 0.367618, "elapsed": 41.133945, "datetime": "2020-06-14 09:43:45"}}
{"target": 8.75, "params": {"cue_position": 10.0, "beta_rec": 0.7997765368973863, "beta_enc": 0.6745640237634105, "gamma_fc": 0.20762566180381437, "gamma_cf": 0.23170231048579204}, "datetime": {"delta": 0.364432, "elapsed": 41.498377, "datetime": "2020-06-14 09:43:45"}}
{"target": 9.75, "params": {"cue_position": 10.0, "beta_rec": 0.7113145181364867, "beta_enc": 0.9173335630816306, "gamma_fc": 0.8348540476317985, "gamma_cf": 0.30451798792062024}, "datetime": {"delta": 0.384812, "elapsed": 41.883189, "datetime": "2020-06-14 09:43:46"}}
{"target": 7.125, "params": {"cue_position": 10.0, "beta_rec": 0.9234562151187752, "beta_enc": 0.43530595762951996, "gamma_fc": 0.1262101037493587, "gamma_cf": 0.47803130796528337}, "datetime": {"delta": 0.326161, "elapsed": 42.20935, "datetime": "2020-06-14 09:43:46"}}
{"target": 7.0, "params": {"cue_position": 10.0, "beta_rec": 0.15983365034409336, "beta_enc": 0.9760435504677476, "gamma_fc": 0.40420190577514725, "gamma_cf": 0.43118175516037094}, "datetime": {"delta": 0.323684, "elapsed": 42.533034, "datetime": "2020-06-14 09:43:46"}}
{"target": 9.375, "params": {"cue_position": 10.0, "beta_rec": 0.7293189193611234, "beta_enc": 0.14675148076429412, "gamma_fc": 0.7543059505762987, "gamma_cf": 0.6438956443116628}, "datetime": {"delta": 0.376336, "elapsed": 42.90937, "datetime": "2020-06-14 09:43:47"}}
{"target": 6.75, "params": {"cue_position": 10.0, "beta_rec": 0.60095424810764, "beta_enc": 0.21073239208332073, "gamma_fc": 0.5971273029466491, "gamma_cf": 0.6382187106203334}, "datetime": {"delta": 0.320202, "elapsed": 43.229572, "datetime": "2020-06-14 09:43:47"}}
{"target": 6.375, "params": {"cue_position": 10.0, "beta_rec": 0.7316064712415088, "beta_enc": 0.29548228565549706, "gamma_fc": 0.7821818168314053, "gamma_cf": 0.42556139026154693}, "datetime": {"delta": 0.312068, "elapsed": 43.54164, "datetime": "2020-06-14 09:43:47"}}
{"target": 7.75, "params": {"cue_position": 10.0, "beta_rec": 0.8352716024899659, "beta_enc": 0.056141039661915304, "gamma_fc": 0.30008104592535645, "gamma_cf": 0.3950968688899732}, "datetime": {"delta": 0.34289, "elapsed": 43.88453, "datetime": "2020-06-14 09:43:48"}}
{"target": 8.75, "params": {"cue_position": 10.0, "beta_rec": 0.9046310029362429, "beta_enc": 0.08010364380604929, "gamma_fc": 0.49411626589632507, "gamma_cf": 0.5306974384761395}, "datetime": {"delta": 0.361987, "elapsed": 44.246517, "datetime": "2020-06-14 09:43:48"}}
{"target": 8.25, "params": {"cue_position": 10.0, "beta_rec": 0.20645405888943302, "beta_enc": 0.13216114194293815, "gamma_fc": 0.2615495518329871, "gamma_cf": 0.5079216999452875}, "datetime": {"delta": 0.351672, "elapsed": 44.598189, "datetime": "2020-06-14 09:43:48"}}
{"target": 8.625, "params": {"cue_position": 10.0, "beta_rec": 0.10806532869723684, "beta_enc": 0.3570616088827919, "gamma_fc": 0.9857088237131878, "gamma_cf": 0.1065838767888011}, "datetime": {"delta": 0.359005, "elapsed": 44.957194, "datetime": "2020-06-14 09:43:49"}}
{"target": 9.125, "params": {"cue_position": 10.0, "beta_rec": 0.5724051124346493, "beta_enc": 0.17716116443841734, "gamma_fc": 0.18960594781829654, "gamma_cf": 0.7871162896558341}, "datetime": {"delta": 0.36922, "elapsed": 45.326414, "datetime": "2020-06-14 09:43:49"}}
{"target": 8.375, "params": {"cue_position": 10.0, "beta_rec": 0.7400775431590716, "beta_enc": 0.5279039784081266, "gamma_fc": 0.2166172083287794, "gamma_cf": 0.5510871741869717}, "datetime": {"delta": 0.353679, "elapsed": 45.680093, "datetime": "2020-06-14 09:43:49"}}
{"target": 5.5, "params": {"cue_position": 10.0, "beta_rec": 0.7229151935562137, "beta_enc": 0.7591960493171447, "gamma_fc": 0.019775099516344263, "gamma_cf": 0.8619665576670734}, "datetime": {"delta": 0.292051, "elapsed": 45.972144, "datetime": "2020-06-14 09:43:50"}}
{"target": 6.0, "params": {"cue_position": 10.0, "beta_rec": 0.5589038111609383, "beta_enc": 0.8602369974231152, "gamma_fc": 0.7169290016924699, "gamma_cf": 0.7587469310223366}, "datetime": {"delta": 0.303475, "elapsed": 46.275619, "datetime": "2020-06-14 09:43:50"}}
{"target": 3.125, "params": {"cue_position": 10.0, "beta_rec": 0.2780850486129828, "beta_enc": 0.9873261748084265, "gamma_fc": 0.8578971045378938, "gamma_cf": 0.9339026083148878}, "datetime": {"delta": 0.243037, "elapsed": 46.518656, "datetime": "2020-06-14 09:43:50"}}
{"target": 8.0, "params": {"cue_position": 10.0, "beta_rec": 0.5166887829215384, "beta_enc": 0.7288508775192559, "gamma_fc": 0.3748759435368594, "gamma_cf": 0.7805295568767427}, "datetime": {"delta": 0.345204, "elapsed": 46.86386, "datetime": "2020-06-14 09:43:51"}}
{"target": 7.875, "params": {"cue_position": 10.0, "beta_rec": 0.7506243191751754, "beta_enc": 0.7703225253299576, "gamma_fc": 0.6973080192643409, "gamma_cf": 0.4018659239678374}, "datetime": {"delta": 0.342549, "elapsed": 47.206409, "datetime": "2020-06-14 09:43:51"}}
{"target": 4.625, "params": {"cue_position": 10.0, "beta_rec": 0.7748966467245978, "beta_enc": 0.0031128578251921057, "gamma_fc": 0.12076718430922972, "gamma_cf": 0.23931570743750463}, "datetime": {"delta": 0.272107, "elapsed": 47.478516, "datetime": "2020-06-14 09:43:51"}}
{"target": 9.875, "params": {"cue_position": 10.0, "beta_rec": 0.3020967312900983, "beta_enc": 0.2202839877937276, "gamma_fc": 0.2867116496064306, "gamma_cf": 0.5431664302380945}, "datetime": {"delta": 0.383458, "elapsed": 47.861974, "datetime": "2020-06-14 09:43:52"}}
{"target": 7.75, "params": {"cue_position": 10.0, "beta_rec": 0.29014446310454167, "beta_enc": 0.13835468979294652, "gamma_fc": 0.45736018169099846, "gamma_cf": 0.3241385298974466}, "datetime": {"delta": 0.340691, "elapsed": 48.202665, "datetime": "2020-06-14 09:43:52"}}
{"target": 8.0, "params": {"cue_position": 10.0, "beta_rec": 0.8281353607315121, "beta_enc": 0.44411710701661444, "gamma_fc": 0.6749716048091052, "gamma_cf": 0.3456988211755023}, "datetime": {"delta": 0.345576, "elapsed": 48.548241, "datetime": "2020-06-14 09:43:52"}}
{"target": 7.5, "params": {"cue_position": 10.0, "beta_rec": 0.4672458239265538, "beta_enc": 0.22148205573352875, "gamma_fc": 0.8773604746948126, "gamma_cf": 0.6268556021628346}, "datetime": {"delta": 0.333579, "elapsed": 48.88182, "datetime": "2020-06-14 09:43:53"}}
{"target": 10.25, "params": {"cue_position": 10.0, "beta_rec": 0.7844574187919231, "beta_enc": 0.4476890001456285, "gamma_fc": 0.13184097502750214, "gamma_cf": 0.6562293317171314}, "datetime": {"delta": 0.393434, "elapsed": 49.275254, "datetime": "2020-06-14 09:43:53"}}
{"target": 7.375, "params": {"cue_position": 10.0, "beta_rec": 0.9093119886549367, "beta_enc": 0.43298150696764814, "gamma_fc": 0.5047006080958943, "gamma_cf": 0.7667745872371021}, "datetime": {"delta": 0.331205, "elapsed": 49.606459, "datetime": "2020-06-14 09:43:53"}}
{"target": 7.25, "params": {"cue_position": 10.0, "beta_rec": 0.8428998401928499, "beta_enc": 0.49805562482800747, "gamma_fc": 0.9427625754329493, "gamma_cf": 0.5732722715496846}, "datetime": {"delta": 0.328512, "elapsed": 49.934971, "datetime": "2020-06-14 09:43:54"}}
{"target": 8.625, "params": {"cue_position": 10.0, "beta_rec": 0.1944658095278845, "beta_enc": 0.5178600481723219, "gamma_fc": 0.700726036482538, "gamma_cf": 0.25163914235585283}, "datetime": {"delta": 0.359274, "elapsed": 50.294245, "datetime": "2020-06-14 09:43:54"}}
{"target": 10.0, "params": {"cue_position": 10.0, "beta_rec": 0.9488362882802196, "beta_enc": 0.5402609403968999, "gamma_fc": 0.007932876194523097, "gamma_cf": 0.8379779620477293}, "datetime": {"delta": 0.390185, "elapsed": 50.68443, "datetime": "2020-06-14 09:43:54"}}
{"target": 2.375, "params": {"cue_position": 10.0, "beta_rec": 0.07771457033238649, "beta_enc": 0.989340056166638, "gamma_fc": 0.008939102371245067, "gamma_cf": 0.9461523954567653}, "datetime": {"delta": 0.225305, "elapsed": 50.909735, "datetime": "2020-06-14 09:43:55"}}
{"target": 7.875, "params": {"cue_position": 10.0, "beta_rec": 0.8612116383667944, "beta_enc": 0.8227300054219355, "gamma_fc": 0.8026895196332986, "gamma_cf": 0.2557451938059312}, "datetime": {"delta": 0.345005, "elapsed": 51.25474, "datetime": "2020-06-14 09:43:55"}}
{"target": 9.5, "params": {"cue_position": 10.0, "beta_rec": 0.13433860865569613, "beta_enc": 0.47786200443222115, "gamma_fc": 0.49154515001693533, "gamma_cf": 0.8959699670066484}, "datetime": {"delta": 0.379468, "elapsed": 51.634208, "datetime": "2020-06-14 09:43:55"}}
{"target": 6.625, "params": {"cue_position": 10.0, "beta_rec": 0.41857802576409864, "beta_enc": 0.8567024965177922, "gamma_fc": 0.5057420174508104, "gamma_cf": 0.39799063940792245}, "datetime": {"delta": 0.316207, "elapsed": 51.950415, "datetime": "2020-06-14 09:43:56"}}
{"target": 7.25, "params": {"cue_position": 10.0, "beta_rec": 0.9649889241109139, "beta_enc": 0.1895517028339273, "gamma_fc": 0.1443154002290481, "gamma_cf": 0.10345955611640134}, "datetime": {"delta": 0.329875, "elapsed": 52.28029, "datetime": "2020-06-14 09:43:56"}}
{"target": 7.5, "params": {"cue_position": 10.0, "beta_rec": 0.7159456994623945, "beta_enc": 0.014092294192442956, "gamma_fc": 0.5070799232841364, "gamma_cf": 0.7945783511847522}, "datetime": {"delta": 0.333663, "elapsed": 52.613953, "datetime": "2020-06-14 09:43:56"}}
{"target": 9.625, "params": {"cue_position": 10.0, "beta_rec": 0.6957642142718394, "beta_enc": 0.7918210395041538, "gamma_fc": 0.6477706331874812, "gamma_cf": 0.4064828689770863}, "datetime": {"delta": 0.379915, "elapsed": 52.993868, "datetime": "2020-06-14 09:43:57"}}
{"target": 9.625, "params": {"cue_position": 10.0, "beta_rec": 0.321819963387904, "beta_enc": 0.1797942976929744, "gamma_fc": 0.2414187479655988, "gamma_cf": 0.4086372250132624}, "datetime": {"delta": 0.380179, "elapsed": 53.374047, "datetime": "2020-06-14 09:43:57"}}
{"target": 7.25, "params": {"cue_position": 10.0, "beta_rec": 0.9752223424373121, "beta_enc": 0.4069219941293579, "gamma_fc": 0.6363061258559836, "gamma_cf": 0.9824909449748953}, "datetime": {"delta": 0.329653, "elapsed": 53.7037, "datetime": "2020-06-14 09:43:57"}}
{"target": 9.125, "params": {"cue_position": 10.0, "beta_rec": 0.8574844990835966, "beta_enc": 0.375091018393911, "gamma_fc": 0.7928556779768876, "gamma_cf": 0.25203308013083936}, "datetime": {"delta": 0.368296, "elapsed": 54.071996, "datetime": "2020-06-14 09:43:58"}}
{"target": 7.875, "params": {"cue_position": 10.0, "beta_rec": 0.3575111673304414, "beta_enc": 0.43293850873416306, "gamma_fc": 0.26865012390622656, "gamma_cf": 0.6973688756131394}, "datetime": {"delta": 0.342722, "elapsed": 54.414718, "datetime": "2020-06-14 09:43:58"}}
{"target": 8.375, "params": {"cue_position": 10.0, "beta_rec": 0.2952887943998478, "beta_enc": 0.8082780137053801, "gamma_fc": 0.8553564125953698, "gamma_cf": 0.4879214918052024}, "datetime": {"delta": 0.352206, "elapsed": 54.766924, "datetime": "2020-06-14 09:43:59"}}
{"target": 6.375, "params": {"cue_position": 10.0, "beta_rec": 0.18438444236776674, "beta_enc": 0.8883864343953859, "gamma_fc": 0.4461172190344297, "gamma_cf": 0.8982050460171371}, "datetime": {"delta": 0.308801, "elapsed": 55.075725, "datetime": "2020-06-14 09:43:59"}}
{"target": 6.5, "params": {"cue_position": 10.0, "beta_rec": 0.2789908904569709, "beta_enc": 0.9218683054838154, "gamma_fc": 0.2282057333504841, "gamma_cf": 0.6824537097668154}, "datetime": {"delta": 0.316399, "elapsed": 55.392124, "datetime": "2020-06-14 09:43:59"}}
