{"target": 9.620833333333334, "params": {"cue_position": 8.0, "beta_rec": 0.8284681480854713, "gamma_fc": 0.28184508814324294, "gamma_cf": 0.8248585623852319, "beta_enc": 0.5203136358633165}, "datetime": {"delta": 9.435118, "elapsed": 2582.100483, "datetime": "2020-06-21 18:49:07"}}
{"target": 8.354166666666666, "params": {"cue_position": 8.0, "beta_rec": 0.969870570344714, "gamma_fc": 0.5812353422911717, "gamma_cf": 0.25979169330441454, "beta_enc": 0.17849483297748825}, "datetime": {"delta": 8.590868, "elapsed": 2590.691351, "datetime": "2020-06-21 18:49:16"}}
{"target": 5.995833333333334, "params": {"cue_position": 8.0, "beta_rec": 0.0807539078120788, "gamma_fc": 0.22449347883595772, "gamma_cf": 0.6191348314199072, "beta_enc": 0.9552622535381868}, "datetime": {"delta": 7.017174, "elapsed": 2597.708525, "datetime": "2020-06-21 18:49:23"}}
{"target": 6.441666666666666, "params": {"cue_position": 8.0, "beta_rec": 0.5681525429491051, "gamma_fc": 0.08428305143655679, "gamma_cf": 0.10781390079459241, "beta_enc": 0.7651839567335081}, "datetime": {"delta": 7.300286, "elapsed": 2605.008811, "datetime": "2020-06-21 18:49:30"}}
{"target": 8.154166666666667, "params": {"cue_position": 8.0, "beta_rec": 0.4097312611340205, "gamma_fc": 0.6721444096568486, "gamma_cf": 0.3710639450161891, "beta_enc": 0.6251210683054896}, "datetime": {"delta": 8.462138, "elapsed": 2613.470949, "datetime": "2020-06-21 18:49:38"}}
{"target": 7.979166666666667, "params": {"cue_position": 8.0, "beta_rec": 0.8957291085287041, "gamma_fc": 0.7300825577402602, "gamma_cf": 0.9615725424345338, "beta_enc": 0.1895874001915857}, "datetime": {"delta": 8.34056, "elapsed": 2621.811509, "datetime": "2020-06-21 18:49:47"}}
{"target": 7.966666666666667, "params": {"cue_position": 8.0, "beta_rec": 0.7437491963512196, "gamma_fc": 0.605896361217858, "gamma_cf": 0.3144172223907462, "beta_enc": 0.4062884276883151}, "datetime": {"delta": 8.358639, "elapsed": 2630.170148, "datetime": "2020-06-21 18:49:55"}}
{"target": 6.8125, "params": {"cue_position": 8.0, "beta_rec": 0.8786609763158111, "gamma_fc": 0.9410132668189013, "gamma_cf": 0.7661883652028217, "beta_enc": 0.5948471334079176}, "datetime": {"delta": 7.559693, "elapsed": 2637.729841, "datetime": "2020-06-21 18:50:03"}}
{"target": 8.070833333333333, "params": {"cue_position": 8.0, "beta_rec": 0.47608911800210485, "gamma_fc": 0.18373941187600173, "gamma_cf": 0.8433232139195225, "beta_enc": 0.001032932657734631}, "datetime": {"delta": 8.424766, "elapsed": 2646.154607, "datetime": "2020-06-21 18:50:11"}}
{"target": 6.0375, "params": {"cue_position": 8.0, "beta_rec": 0.36436547985702794, "gamma_fc": 0.08539013912317062, "gamma_cf": 0.02771174012236499, "beta_enc": 0.8561592379873718}, "datetime": {"delta": 7.031346, "elapsed": 2653.185953, "datetime": "2020-06-21 18:50:18"}}
{"target": 7.345833333333333, "params": {"cue_position": 8.0, "beta_rec": 0.6095019257734966, "gamma_fc": 0.64990115308969, "gamma_cf": 0.16921418469369054, "beta_enc": 0.9814104657541125}, "datetime": {"delta": 7.911679, "elapsed": 2661.097632, "datetime": "2020-06-21 18:50:26"}}
{"target": 7.854166666666667, "params": {"cue_position": 8.0, "beta_rec": 0.31161391346070466, "gamma_fc": 0.6508312566756971, "gamma_cf": 0.6074418935145536, "beta_enc": 0.03697506835935782}, "datetime": {"delta": 8.248624, "elapsed": 2669.346256, "datetime": "2020-06-21 18:50:34"}}
{"target": 7.616666666666666, "params": {"cue_position": 8.0, "beta_rec": 0.9275809425975434, "gamma_fc": 0.3987155436290084, "gamma_cf": 0.5781739184085382, "beta_enc": 0.8460545992364693}, "datetime": {"delta": 8.084557, "elapsed": 2677.430813, "datetime": "2020-06-21 18:50:42"}}
{"target": 6.575, "params": {"cue_position": 8.0, "beta_rec": 0.15407917183235742, "gamma_fc": 0.548489089666104, "gamma_cf": 0.3110130678848415, "beta_enc": 0.966612492642142}, "datetime": {"delta": 7.361793, "elapsed": 2684.792606, "datetime": "2020-06-21 18:50:50"}}
{"target": 8.404166666666667, "params": {"cue_position": 8.0, "beta_rec": 0.23646965132615538, "gamma_fc": 0.7918638755846716, "gamma_cf": 0.508482013429616, "beta_enc": 0.6820662584328149}, "datetime": {"delta": 8.57805, "elapsed": 2693.370656, "datetime": "2020-06-21 18:50:58"}}
{"target": 8.529166666666667, "params": {"cue_position": 8.0, "beta_rec": 0.11897333717301484, "gamma_fc": 0.9466766792396476, "gamma_cf": 0.47973756704915504, "beta_enc": 0.6924144621670756}, "datetime": {"delta": 8.662758, "elapsed": 2702.033414, "datetime": "2020-06-21 18:51:07"}}
{"target": 8.741666666666667, "params": {"cue_position": 8.0, "beta_rec": 0.08480182166035288, "gamma_fc": 0.7059273667647191, "gamma_cf": 0.8542379729163827, "beta_enc": 0.5534337062482657}, "datetime": {"delta": 8.834684, "elapsed": 2710.868098, "datetime": "2020-06-21 18:51:16"}}
{"target": 6.745833333333334, "params": {"cue_position": 8.0, "beta_rec": 0.32914600179429976, "gamma_fc": 0.5942908535866644, "gamma_cf": 0.6503981324841198, "beta_enc": 0.8949395201529242}, "datetime": {"delta": 7.462089, "elapsed": 2718.330187, "datetime": "2020-06-21 18:51:23"}}
{"target": 7.75, "params": {"cue_position": 8.0, "beta_rec": 0.4268213494482356, "gamma_fc": 0.9866774449680826, "gamma_cf": 0.8456149622311454, "beta_enc": 0.2314629355342478}, "datetime": {"delta": 8.151386, "elapsed": 2726.481573, "datetime": "2020-06-21 18:51:31"}}
{"target": 7.925, "params": {"cue_position": 8.0, "beta_rec": 0.7139280322669613, "gamma_fc": 0.258129649281871, "gamma_cf": 0.6254353783114329, "beta_enc": 0.06657080313237929}, "datetime": {"delta": 8.309469, "elapsed": 2734.791042, "datetime": "2020-06-21 18:51:40"}}
{"target": 7.720833333333333, "params": {"cue_position": 8.0, "beta_rec": 0.37114718446272954, "gamma_fc": 0.9424988742262075, "gamma_cf": 0.9117631736977988, "beta_enc": 0.6510076093084951}, "datetime": {"delta": 8.146098, "elapsed": 2742.93714, "datetime": "2020-06-21 18:51:48"}}
{"target": 8.441666666666666, "params": {"cue_position": 8.0, "beta_rec": 0.21446778083069262, "gamma_fc": 0.7510898073228061, "gamma_cf": 0.7504535467233241, "beta_enc": 0.6135500265601355}, "datetime": {"delta": 8.624641, "elapsed": 2751.561781, "datetime": "2020-06-21 18:51:56"}}
{"target": 8.216666666666667, "params": {"cue_position": 8.0, "beta_rec": 0.8301565261622993, "gamma_fc": 0.7107395698995863, "gamma_cf": 0.6316207452501602, "beta_enc": 0.2117213348484862}, "datetime": {"delta": 8.468935, "elapsed": 2760.030716, "datetime": "2020-06-21 18:52:05"}}
{"target": 7.65, "params": {"cue_position": 8.0, "beta_rec": 0.39026470459958096, "gamma_fc": 0.5874200192375769, "gamma_cf": 0.9029359021217099, "beta_enc": 0.7423834297071017}, "datetime": {"delta": 8.092682, "elapsed": 2768.123398, "datetime": "2020-06-21 18:52:13"}}
{"target": 8.270833333333334, "params": {"cue_position": 8.0, "beta_rec": 0.12897598414227607, "gamma_fc": 0.12643089028968502, "gamma_cf": 0.17272746332288003, "beta_enc": 0.09040971569479861}, "datetime": {"delta": 8.521333, "elapsed": 2776.644731, "datetime": "2020-06-21 18:52:21"}}
{"target": 6.7625, "params": {"cue_position": 8.0, "beta_rec": 0.039411512184444275, "gamma_fc": 0.9735188608362936, "gamma_cf": 0.8790664013584655, "beta_enc": 0.7783008900676276}, "datetime": {"delta": 7.507228, "elapsed": 2784.151959, "datetime": "2020-06-21 18:52:29"}}
{"target": 9.279166666666667, "params": {"cue_position": 8.0, "beta_rec": 0.9762382645603884, "gamma_fc": 0.31129608245616713, "gamma_cf": 0.9485727683760076, "beta_enc": 0.6054220077270481}, "datetime": {"delta": 9.182314, "elapsed": 2793.334273, "datetime": "2020-06-21 18:52:38"}}
{"target": 7.270833333333333, "params": {"cue_position": 8.0, "beta_rec": 0.8106291034469015, "gamma_fc": 0.9306443921654484, "gamma_cf": 0.45855081090250105, "beta_enc": 0.798972840361593}, "datetime": {"delta": 7.819397, "elapsed": 2801.15367, "datetime": "2020-06-21 18:52:46"}}
{"target": 10.475, "params": {"cue_position": 8.0, "beta_rec": 0.9344454925295846, "gamma_fc": 0.03264386596259239, "gamma_cf": 0.9854449149448306, "beta_enc": 0.2578929844270399}, "datetime": {"delta": 9.988539, "elapsed": 2811.142209, "datetime": "2020-06-21 18:52:56"}}
{"target": 7.8625, "params": {"cue_position": 8.0, "beta_rec": 0.5655542353803811, "gamma_fc": 0.3268306848663751, "gamma_cf": 0.259218125650737, "beta_enc": 0.7251666588327084}, "datetime": {"delta": 8.229486, "elapsed": 2819.371695, "datetime": "2020-06-21 18:53:04"}}
{"target": 8.791666666666666, "params": {"cue_position": 8.0, "beta_rec": 0.21926791032506077, "gamma_fc": 0.08318988869699773, "gamma_cf": 0.5023950058982584, "beta_enc": 0.24946220670138775}, "datetime": {"delta": 8.864235, "elapsed": 2828.23593, "datetime": "2020-06-21 18:53:13"}}
{"target": 7.816666666666666, "params": {"cue_position": 8.0, "beta_rec": 0.5336490760837309, "gamma_fc": 0.39994592398513173, "gamma_cf": 0.5153936931431213, "beta_enc": 0.7769841920273803}, "datetime": {"delta": 8.212428, "elapsed": 2836.448358, "datetime": "2020-06-21 18:53:21"}}
{"target": 2.870833333333333, "params": {"cue_position": 8.0, "beta_rec": 0.02824262016291268, "gamma_fc": 0.39091871150145807, "gamma_cf": 0.930854967759968, "beta_enc": 0.986246782436295}, "datetime": {"delta": 4.842913, "elapsed": 2841.291271, "datetime": "2020-06-21 18:53:26"}}
{"target": 8.8, "params": {"cue_position": 8.0, "beta_rec": 0.619213297933239, "gamma_fc": 0.2539338558777352, "gamma_cf": 0.8032081943280084, "beta_enc": 0.2144648711333198}, "datetime": {"delta": 8.854799, "elapsed": 2850.14607, "datetime": "2020-06-21 18:53:35"}}
{"target": 7.754166666666666, "params": {"cue_position": 8.0, "beta_rec": 0.915915790009957, "gamma_fc": 0.8628389805786156, "gamma_cf": 0.5353808917305217, "beta_enc": 0.2908061550326779}, "datetime": {"delta": 8.124616, "elapsed": 2858.270686, "datetime": "2020-06-21 18:53:43"}}
{"target": 7.2875, "params": {"cue_position": 8.0, "beta_rec": 0.9978842782249023, "gamma_fc": 0.04157423394916726, "gamma_cf": 0.29481201179849537, "beta_enc": 0.3525325688050618}, "datetime": {"delta": 7.796637, "elapsed": 2866.067323, "datetime": "2020-06-21 18:53:51"}}
{"target": 5.3125, "params": {"cue_position": 8.0, "beta_rec": 0.4648876309118224, "gamma_fc": 0.7230933996660097, "gamma_cf": 0.6408076240458747, "beta_enc": 0.9897069537867418}, "datetime": {"delta": 6.465798, "elapsed": 2872.533121, "datetime": "2020-06-21 18:53:57"}}
{"target": 8.066666666666666, "params": {"cue_position": 8.0, "beta_rec": 0.9200454054097137, "gamma_fc": 0.963915888684551, "gamma_cf": 0.5519950271541971, "beta_enc": 0.05111090382611627}, "datetime": {"delta": 8.3243, "elapsed": 2880.857421, "datetime": "2020-06-21 18:54:06"}}
{"target": 8.6625, "params": {"cue_position": 8.0, "beta_rec": 0.6021466271365452, "gamma_fc": 0.3006322885237481, "gamma_cf": 0.6280232317552282, "beta_enc": 0.28095553699036746}, "datetime": {"delta": 8.706438, "elapsed": 2889.563859, "datetime": "2020-06-21 18:54:14"}}
{"target": 6.6875, "params": {"cue_position": 8.0, "beta_rec": 0.06978597850420853, "gamma_fc": 0.15045502836766345, "gamma_cf": 0.049396384633314305, "beta_enc": 0.8193583846560202}, "datetime": {"delta": 7.398696, "elapsed": 2896.962555, "datetime": "2020-06-21 18:54:22"}}
{"target": 8.575, "params": {"cue_position": 8.0, "beta_rec": 0.9553899892571747, "gamma_fc": 0.5276215084563493, "gamma_cf": 0.6475529858164272, "beta_enc": 0.39535047379469035}, "datetime": {"delta": 8.664833, "elapsed": 2905.627388, "datetime": "2020-06-21 18:54:30"}}
{"target": 8.6375, "params": {"cue_position": 8.0, "beta_rec": 0.19819922932019185, "gamma_fc": 0.7131639731598145, "gamma_cf": 0.043821509727146934, "beta_enc": 0.353242405983059}, "datetime": {"delta": 8.704623, "elapsed": 2914.332011, "datetime": "2020-06-21 18:54:39"}}
{"target": 8.916666666666666, "params": {"cue_position": 8.0, "beta_rec": 0.4437697927247224, "gamma_fc": 0.9387191733689311, "gamma_cf": 0.10997597244532042, "beta_enc": 0.6538401991962549}, "datetime": {"delta": 8.873858, "elapsed": 2923.205869, "datetime": "2020-06-21 18:54:48"}}
{"target": 7.370833333333334, "params": {"cue_position": 8.0, "beta_rec": 0.6590356596658833, "gamma_fc": 0.48215392215746744, "gamma_cf": 0.41656672901474745, "beta_enc": 0.8476267092393875}, "datetime": {"delta": 7.848717, "elapsed": 2931.054586, "datetime": "2020-06-21 18:54:56"}}
{"target": 6.425, "params": {"cue_position": 8.0, "beta_rec": 0.8635929549181026, "gamma_fc": 0.8754038622793218, "gamma_cf": 0.554518498278167, "beta_enc": 0.9352837700068006}, "datetime": {"delta": 7.222255, "elapsed": 2938.276841, "datetime": "2020-06-21 18:55:03"}}
{"target": 7.545833333333333, "params": {"cue_position": 8.0, "beta_rec": 0.639184755868246, "gamma_fc": 0.91802831908618, "gamma_cf": 0.35162490636044264, "beta_enc": 0.9492644337722901}, "datetime": {"delta": 7.956138, "elapsed": 2946.232979, "datetime": "2020-06-21 18:55:11"}}
{"target": 6.35, "params": {"cue_position": 8.0, "beta_rec": 0.5520558812247628, "gamma_fc": 0.8084113566061418, "gamma_cf": 0.8498718814403323, "beta_enc": 0.8367520498538312}, "datetime": {"delta": 7.165245, "elapsed": 2953.398224, "datetime": "2020-06-21 18:55:18"}}
{"target": 8.1625, "params": {"cue_position": 8.0, "beta_rec": 0.5360025748218121, "gamma_fc": 0.4207131990251918, "gamma_cf": 0.7708318305538303, "beta_enc": 0.13069282439738805}, "datetime": {"delta": 8.370204, "elapsed": 2961.768428, "datetime": "2020-06-21 18:55:27"}}
{"target": 3.1708333333333334, "params": {"cue_position": 8.0, "beta_rec": 0.25077315667300226, "gamma_fc": 0.8087153481852897, "gamma_cf": 0.954200507429589, "beta_enc": 0.9778803933599658}, "datetime": {"delta": 5.020959, "elapsed": 2966.789387, "datetime": "2020-06-21 18:55:32"}}
{"target": 6.6875, "params": {"cue_position": 8.0, "beta_rec": 0.011589589409895185, "gamma_fc": 0.2959350518874113, "gamma_cf": 0.2355219566098693, "beta_enc": 0.9003400045106619}, "datetime": {"delta": 7.400268, "elapsed": 2974.189655, "datetime": "2020-06-21 18:55:39"}}
{"target": 8.183333333333334, "params": {"cue_position": 8.0, "beta_rec": 0.7240848448640741, "gamma_fc": 0.5846916130045258, "gamma_cf": 0.3652744612070937, "beta_enc": 0.7379954964038409}, "datetime": {"delta": 8.388619, "elapsed": 2982.578274, "datetime": "2020-06-21 18:55:47"}}
{"target": 7.604166666666667, "params": {"cue_position": 8.0, "beta_rec": 0.550579559007862, "gamma_fc": 0.7717184824154584, "gamma_cf": 0.39564827226754884, "beta_enc": 0.5337077546342763}, "datetime": {"delta": 8.000384, "elapsed": 2990.578658, "datetime": "2020-06-21 18:55:55"}}
{"target": 8.666666666666666, "params": {"cue_position": 8.0, "beta_rec": 0.655760767903366, "gamma_fc": 0.7233610443943062, "gamma_cf": 0.0035547604644260433, "beta_enc": 0.2512031833493866}, "datetime": {"delta": 8.728803, "elapsed": 2999.307461, "datetime": "2020-06-21 18:56:04"}}
{"target": 8.591666666666667, "params": {"cue_position": 8.0, "beta_rec": 0.5437874916638252, "gamma_fc": 0.9138438752466082, "gamma_cf": 0.24294712577080113, "beta_enc": 0.10899503392964371}, "datetime": {"delta": 8.655159, "elapsed": 3007.96262, "datetime": "2020-06-21 18:56:13"}}
{"target": 8.229166666666666, "params": {"cue_position": 8.0, "beta_rec": 0.23169469139485988, "gamma_fc": 0.5552253185313445, "gamma_cf": 0.10550707999733477, "beta_enc": 0.6223125286916178}, "datetime": {"delta": 8.423509, "elapsed": 3016.386129, "datetime": "2020-06-21 18:56:21"}}
{"target": 8.2375, "params": {"cue_position": 8.0, "beta_rec": 0.5809840726750195, "gamma_fc": 0.71582695285818, "gamma_cf": 0.6494668079547463, "beta_enc": 0.0949560698024915}, "datetime": {"delta": 8.514389, "elapsed": 3024.900518, "datetime": "2020-06-21 18:56:30"}}
{"target": 7.3, "params": {"cue_position": 8.0, "beta_rec": 0.6575214077031101, "gamma_fc": 0.6196819920538628, "gamma_cf": 0.8075122716430321, "beta_enc": 0.5241856145686612}, "datetime": {"delta": 7.967753, "elapsed": 3032.868271, "datetime": "2020-06-21 18:56:38"}}
{"target": 9.116666666666667, "params": {"cue_position": 8.0, "beta_rec": 0.40794998904736746, "gamma_fc": 0.18493502237340165, "gamma_cf": 0.7029317321143713, "beta_enc": 0.45110246212077487}, "datetime": {"delta": 9.05332, "elapsed": 3041.921591, "datetime": "2020-06-21 18:56:47"}}
{"target": 7.0125, "params": {"cue_position": 8.0, "beta_rec": 0.9088080323000569, "gamma_fc": 0.8202024663153499, "gamma_cf": 0.8455176755307064, "beta_enc": 0.5657321466292633}, "datetime": {"delta": 7.633595, "elapsed": 3049.555186, "datetime": "2020-06-21 18:56:54"}}
{"target": 9.291666666666666, "params": {"cue_position": 8.0, "beta_rec": 0.0375838514857032, "gamma_fc": 0.04415479603186245, "gamma_cf": 0.9226386946886712, "beta_enc": 0.4993411012978345}, "datetime": {"delta": 9.143509, "elapsed": 3058.698695, "datetime": "2020-06-21 18:57:04"}}
{"target": 10.2875, "params": {"cue_position": 8.0, "beta_rec": 0.6190396347254709, "gamma_fc": 0.15597523304342242, "gamma_cf": 0.9810797572402973, "beta_enc": 0.3724987664053595}, "datetime": {"delta": 9.787174, "elapsed": 3068.485869, "datetime": "2020-06-21 18:57:13"}}
{"target": 7.958333333333333, "params": {"cue_position": 8.0, "beta_rec": 0.6180113243466446, "gamma_fc": 0.49100852913292925, "gamma_cf": 0.4663089892093414, "beta_enc": 0.5396791951612744}, "datetime": {"delta": 8.247288, "elapsed": 3076.733157, "datetime": "2020-06-21 18:57:22"}}
{"target": 7.533333333333333, "params": {"cue_position": 8.0, "beta_rec": 0.6342807527738734, "gamma_fc": 0.45337742652219837, "gamma_cf": 0.6669425431939752, "beta_enc": 0.766862376326542}, "datetime": {"delta": 7.962192, "elapsed": 3084.695349, "datetime": "2020-06-21 18:57:30"}}
{"target": 7.645833333333333, "params": {"cue_position": 8.0, "beta_rec": 0.6585680415583619, "gamma_fc": 0.6028653375383973, "gamma_cf": 0.7880495511723071, "beta_enc": 0.5257115913414097}, "datetime": {"delta": 8.05658, "elapsed": 3092.751929, "datetime": "2020-06-21 18:57:38"}}
{"target": 4.133333333333334, "params": {"cue_position": 8.0, "beta_rec": 0.22238319353117575, "gamma_fc": 0.6014334096987881, "gamma_cf": 0.8956418025994466, "beta_enc": 0.9803328851373277}, "datetime": {"delta": 5.69717, "elapsed": 3098.449099, "datetime": "2020-06-21 18:57:43"}}
{"target": 7.8875, "params": {"cue_position": 8.0, "beta_rec": 0.41367016420136027, "gamma_fc": 0.20018606573932207, "gamma_cf": 0.9460550298475632, "beta_enc": 0.725958845848815}, "datetime": {"delta": 8.221368, "elapsed": 3106.670467, "datetime": "2020-06-21 18:57:51"}}
{"target": 6.958333333333333, "params": {"cue_position": 8.0, "beta_rec": 0.9695380120998964, "gamma_fc": 0.11737692031312974, "gamma_cf": 0.21520958659442757, "beta_enc": 0.8073652638773204}, "datetime": {"delta": 7.578648, "elapsed": 3114.249115, "datetime": "2020-06-21 18:57:59"}}
{"target": 7.833333333333333, "params": {"cue_position": 8.0, "beta_rec": 0.08121658594273329, "gamma_fc": 0.9052027659330404, "gamma_cf": 0.38961201587930516, "beta_enc": 0.7674235177414532}, "datetime": {"delta": 8.145699, "elapsed": 3122.394814, "datetime": "2020-06-21 18:58:07"}}
{"target": 8.245833333333334, "params": {"cue_position": 8.0, "beta_rec": 0.44087219982229087, "gamma_fc": 0.4621580966913571, "gamma_cf": 0.5952697806732562, "beta_enc": 0.18857760349946784}, "datetime": {"delta": 8.429725, "elapsed": 3130.824539, "datetime": "2020-06-21 18:58:16"}}
{"target": 7.491666666666666, "params": {"cue_position": 8.0, "beta_rec": 0.5738855268923474, "gamma_fc": 0.11396576145918635, "gamma_cf": 0.1935589577238105, "beta_enc": 0.5126497467571176}, "datetime": {"delta": 7.930199, "elapsed": 3138.754738, "datetime": "2020-06-21 18:58:24"}}
{"target": 8.420833333333333, "params": {"cue_position": 8.0, "beta_rec": 0.0524909638531339, "gamma_fc": 0.35911933892411074, "gamma_cf": 0.8477210140360106, "beta_enc": 0.151227927370148}, "datetime": {"delta": 8.54958, "elapsed": 3147.304318, "datetime": "2020-06-21 18:58:32"}}
{"target": 8.1625, "params": {"cue_position": 8.0, "beta_rec": 0.42572441198511624, "gamma_fc": 0.81072123360737, "gamma_cf": 0.4254034655756376, "beta_enc": 0.07531087263581782}, "datetime": {"delta": 8.387039, "elapsed": 3155.691357, "datetime": "2020-06-21 18:58:41"}}
{"target": 6.8, "params": {"cue_position": 8.0, "beta_rec": 0.8699107732683544, "gamma_fc": 0.6826980429032513, "gamma_cf": 0.4702989247821753, "beta_enc": 0.9418862461867052}, "datetime": {"delta": 7.457907, "elapsed": 3163.149264, "datetime": "2020-06-21 18:58:48"}}
{"target": 7.908333333333333, "params": {"cue_position": 8.0, "beta_rec": 0.9824781185020439, "gamma_fc": 0.8071099016661061, "gamma_cf": 0.9062603959616818, "beta_enc": 0.013418310556529534}, "datetime": {"delta": 8.203506, "elapsed": 3171.35277, "datetime": "2020-06-21 18:58:56"}}
{"target": 8.158333333333333, "params": {"cue_position": 8.0, "beta_rec": 0.2689360577850649, "gamma_fc": 0.8493711007306549, "gamma_cf": 0.42880069291408873, "beta_enc": 0.8001396843869877}, "datetime": {"delta": 8.387625, "elapsed": 3179.740395, "datetime": "2020-06-21 18:59:05"}}
{"target": 7.141666666666667, "params": {"cue_position": 8.0, "beta_rec": 0.9354201140070618, "gamma_fc": 0.9806990363557802, "gamma_cf": 0.6193921656967597, "beta_enc": 0.45037964247172024}, "datetime": {"delta": 7.685965, "elapsed": 3187.42636, "datetime": "2020-06-21 18:59:12"}}
{"target": 8.758333333333333, "params": {"cue_position": 8.0, "beta_rec": 0.04549821604060378, "gamma_fc": 0.5321815485216747, "gamma_cf": 0.3347513437136638, "beta_enc": 0.6434625222408049}, "datetime": {"delta": 8.767151, "elapsed": 3196.193511, "datetime": "2020-06-21 18:59:21"}}
{"target": 8.0125, "params": {"cue_position": 8.0, "beta_rec": 0.1222612302300028, "gamma_fc": 0.8671392999990885, "gamma_cf": 0.6813597548913063, "beta_enc": 0.2847462086131314}, "datetime": {"delta": 8.274259, "elapsed": 3204.46777, "datetime": "2020-06-21 18:59:29"}}
