{"target": 11.875, "params": {"cue_position": 8.0, "beta_enc": 0.29119625927117143, "gamma_cf": 0.9178804337426454, "gamma_fc": 0.14965342297986906, "beta_rec": 0.9077243124387473}, "datetime": {"elapsed": 3355.753893, "datetime": "2020-06-14 10:39:50", "delta": 18.391746}}
{"target": 9.375, "params": {"cue_position": 8.0, "beta_enc": 0.4285489388262472, "gamma_cf": 0.8672329884607358, "gamma_fc": 0.011312128053381665, "beta_rec": 0.7154497643698441}, "datetime": {"elapsed": 3374.870955, "datetime": "2020-06-14 10:40:09", "delta": 19.117062}}
{"target": 9.25, "params": {"cue_position": 8.0, "beta_enc": 0.15109075716451514, "gamma_cf": 0.3385091917202817, "gamma_fc": 0.34959451331924685, "beta_rec": 0.5414359103065515}, "datetime": {"elapsed": 3393.512024, "datetime": "2020-06-14 10:40:28", "delta": 18.641069}}
{"target": 9.125, "params": {"cue_position": 8.0, "beta_enc": 0.27408758336893, "gamma_cf": 0.49245345588520983, "gamma_fc": 0.26232322076415315, "beta_rec": 0.9392483892609952}, "datetime": {"elapsed": 3411.715097, "datetime": "2020-06-14 10:40:46", "delta": 18.203073}}
{"target": 7.25, "params": {"cue_position": 8.0, "beta_enc": 0.5495647889133864, "gamma_cf": 0.8721905412278007, "gamma_fc": 0.2555949048809216, "beta_rec": 0.8914904618604333}, "datetime": {"elapsed": 3429.907629, "datetime": "2020-06-14 10:41:04", "delta": 18.192532}}
{"target": 10.125, "params": {"cue_position": 8.0, "beta_enc": 0.4353434743642248, "gamma_cf": 0.8757903436758208, "gamma_fc": 0.052026815414155214, "beta_rec": 0.6740538432812438}, "datetime": {"elapsed": 3451.610832, "datetime": "2020-06-14 10:41:26", "delta": 21.703203}}
{"target": 8.5, "params": {"cue_position": 8.0, "beta_enc": 0.6121163483319573, "gamma_cf": 0.8943408951287618, "gamma_fc": 0.4287333100889744, "beta_rec": 0.973473600153319}, "datetime": {"elapsed": 3470.258053, "datetime": "2020-06-14 10:41:44", "delta": 18.647221}}
{"target": 9.875, "params": {"cue_position": 8.0, "beta_enc": 0.3737347206983651, "gamma_cf": 0.7652816859413519, "gamma_fc": 0.13173858063480004, "beta_rec": 0.9189220890861224}, "datetime": {"elapsed": 3488.238712, "datetime": "2020-06-14 10:42:02", "delta": 17.980659}}
{"target": 10.75, "params": {"cue_position": 8.0, "beta_enc": 0.38489680370576684, "gamma_cf": 0.7609566518009253, "gamma_fc": 0.12806306793693278, "beta_rec": 0.9066147473632628}, "datetime": {"elapsed": 3506.090006, "datetime": "2020-06-14 10:42:20", "delta": 17.851294}}
{"target": 10.0, "params": {"cue_position": 8.0, "beta_enc": 0.29611055314645796, "gamma_cf": 0.9160826106985009, "gamma_fc": 0.14353508245874147, "beta_rec": 0.9064867868030627}, "datetime": {"elapsed": 3525.628244, "datetime": "2020-06-14 10:42:40", "delta": 19.538238}}
{"target": 7.5, "params": {"cue_position": 8.0, "beta_enc": 0.11729178984519273, "gamma_cf": 0.7031920640780235, "gamma_fc": 0.7757324543221261, "beta_rec": 0.6387024646321805}, "datetime": {"elapsed": 3545.355313, "datetime": "2020-06-14 10:43:00", "delta": 19.727069}}
{"target": 11.0, "params": {"cue_position": 8.0, "beta_enc": 0.298108520699242, "gamma_cf": 0.9175157922104079, "gamma_fc": 0.1591703170152382, "beta_rec": 0.9184063173420842}, "datetime": {"elapsed": 3565.386307, "datetime": "2020-06-14 10:43:20", "delta": 20.030994}}
{"target": 9.125, "params": {"cue_position": 8.0, "beta_enc": 0.35242935475847276, "gamma_cf": 0.4666697247639744, "gamma_fc": 0.11621808133268584, "beta_rec": 0.525874662499924}, "datetime": {"elapsed": 3585.916181, "datetime": "2020-06-14 10:43:40", "delta": 20.529874}}
{"target": 9.0, "params": {"cue_position": 8.0, "beta_enc": 0.3637271598706704, "gamma_cf": 0.5378691860993581, "gamma_fc": 0.012524624215780378, "beta_rec": 0.6591931999610607}, "datetime": {"elapsed": 3606.472879, "datetime": "2020-06-14 10:44:01", "delta": 20.556698}}
{"target": 10.625, "params": {"cue_position": 8.0, "beta_enc": 0.30367959510928166, "gamma_cf": 0.9215892197527318, "gamma_fc": 0.15265353127832282, "beta_rec": 0.9144386714782425}, "datetime": {"elapsed": 3626.349738, "datetime": "2020-06-14 10:44:21", "delta": 19.876859}}
{"target": 9.625, "params": {"cue_position": 8.0, "beta_enc": 0.2729592501405267, "gamma_cf": 0.4962764832625983, "gamma_fc": 0.26909290171875355, "beta_rec": 0.9277169063231866}, "datetime": {"elapsed": 3646.516239, "datetime": "2020-06-14 10:44:41", "delta": 20.166501}}
{"target": 11.625, "params": {"cue_position": 8.0, "beta_enc": 0.450546692388741, "gamma_cf": 0.8874849962497782, "gamma_fc": 0.007614622497493784, "beta_rec": 0.6825072031375481}, "datetime": {"elapsed": 3667.036739, "datetime": "2020-06-14 10:45:01", "delta": 20.5205}}
{"target": 8.375, "params": {"cue_position": 8.0, "beta_enc": 0.37697442102628087, "gamma_cf": 0.41421839568202357, "gamma_fc": 0.10027852726571607, "beta_rec": 0.43473025417783917}, "datetime": {"elapsed": 3687.080941, "datetime": "2020-06-14 10:45:21", "delta": 20.044202}}
{"target": 7.75, "params": {"cue_position": 8.0, "beta_enc": 0.8668651799022478, "gamma_cf": 0.8540904930929355, "gamma_fc": 0.10997599674000247, "beta_rec": 0.9573596548259842}, "datetime": {"elapsed": 3707.873644, "datetime": "2020-06-14 10:45:42", "delta": 20.792703}}
{"target": 9.75, "params": {"cue_position": 8.0, "beta_enc": 0.5972692428941494, "gamma_cf": 0.9384531013039489, "gamma_fc": 0.31424395866121724, "beta_rec": 0.9628580394763009}, "datetime": {"elapsed": 3728.639919, "datetime": "2020-06-14 10:46:03", "delta": 20.766275}}
{"target": 9.375, "params": {"cue_position": 8.0, "beta_enc": 0.5200204702817561, "gamma_cf": 0.8248860451746519, "gamma_fc": 0.015758031818006724, "beta_rec": 0.019646632308950362}, "datetime": {"elapsed": 3749.284793, "datetime": "2020-06-14 10:46:23", "delta": 20.644874}}
{"target": 11.125, "params": {"cue_position": 8.0, "beta_enc": 0.43209964039614357, "gamma_cf": 0.8699211246996654, "gamma_fc": 0.02964912047261814, "beta_rec": 0.7131249575152778}, "datetime": {"elapsed": 3770.150219, "datetime": "2020-06-14 10:46:44", "delta": 20.865426}}
{"target": 10.5, "params": {"cue_position": 8.0, "beta_enc": 0.4447301847299595, "gamma_cf": 0.8743342472537965, "gamma_fc": 0.008462687437904681, "beta_rec": 0.6779962633616583}, "datetime": {"elapsed": 3791.078404, "datetime": "2020-06-14 10:47:05", "delta": 20.928185}}
{"target": 9.75, "params": {"cue_position": 8.0, "beta_enc": 0.37926227092815135, "gamma_cf": 0.7756101491680637, "gamma_fc": 0.10625281500786588, "beta_rec": 0.8980144740020802}, "datetime": {"elapsed": 3811.553479, "datetime": "2020-06-14 10:47:26", "delta": 20.475075}}
{"target": 10.75, "params": {"cue_position": 8.0, "beta_enc": 0.36432806751979585, "gamma_cf": 0.5435470736284899, "gamma_fc": 0.02206460340441274, "beta_rec": 0.6740001259811099}, "datetime": {"elapsed": 3831.808126, "datetime": "2020-06-14 10:47:46", "delta": 20.254647}}
{"target": 10.0, "params": {"cue_position": 8.0, "beta_enc": 0.29333119672465, "gamma_cf": 0.9280302406298058, "gamma_fc": 0.16045136885673583, "beta_rec": 0.9017779667177083}, "datetime": {"elapsed": 3851.756765, "datetime": "2020-06-14 10:48:06", "delta": 19.948639}}
{"target": 11.875, "params": {"cue_position": 8.0, "beta_enc": 0.43966701136156805, "gamma_cf": 0.8724382154789492, "gamma_fc": 0.015052696483474848, "beta_rec": 0.6880874269960029}, "datetime": {"elapsed": 3872.610251, "datetime": "2020-06-14 10:48:27", "delta": 20.853486}}
{"target": 10.75, "params": {"cue_position": 8.0, "beta_enc": 0.42767492282420616, "gamma_cf": 0.8592203667803993, "gamma_fc": 0.04799722432369791, "beta_rec": 0.6992814620859678}, "datetime": {"elapsed": 3893.662053, "datetime": "2020-06-14 10:48:48", "delta": 21.051802}}
{"target": 9.875, "params": {"cue_position": 8.0, "beta_enc": 0.6233818034478705, "gamma_cf": 0.8757688880054958, "gamma_fc": 0.423949079292272, "beta_rec": 0.9691501057851497}, "datetime": {"elapsed": 3914.08044, "datetime": "2020-06-14 10:49:08", "delta": 20.418387}}
{"target": 10.5, "params": {"cue_position": 8.0, "beta_enc": 0.4409818859381692, "gamma_cf": 0.8769470732463852, "gamma_fc": 0.012550337909943754, "beta_rec": 0.7015399882343428}, "datetime": {"elapsed": 3934.879683, "datetime": "2020-06-14 10:49:29", "delta": 20.799243}}
{"target": 10.0, "params": {"cue_position": 8.0, "beta_enc": 0.4290032495392483, "gamma_cf": 0.8600147517037071, "gamma_fc": 0.051558482336419686, "beta_rec": 0.6736807134935263}, "datetime": {"elapsed": 3955.405614, "datetime": "2020-06-14 10:49:50", "delta": 20.525931}}
{"target": 6.75, "params": {"cue_position": 8.0, "beta_enc": 0.3972178641412495, "gamma_cf": 0.6264488970126265, "gamma_fc": 0.6307161717130403, "beta_rec": 0.8638730734756398}, "datetime": {"elapsed": 3975.665091, "datetime": "2020-06-14 10:50:10", "delta": 20.259477}}
{"target": 11.625, "params": {"cue_position": 8.0, "beta_enc": 0.42621898709937533, "gamma_cf": 0.8774992330603133, "gamma_fc": 0.00442582179201334, "beta_rec": 0.6999132377981269}, "datetime": {"elapsed": 3996.229868, "datetime": "2020-06-14 10:50:30", "delta": 20.564777}}
{"target": 9.125, "params": {"cue_position": 8.0, "beta_enc": 0.6721161361670666, "gamma_cf": 0.4633227392257413, "gamma_fc": 0.33639541995929856, "beta_rec": 0.5229531987402755}, "datetime": {"elapsed": 4016.629488, "datetime": "2020-06-14 10:50:51", "delta": 20.39962}}
{"target": 7.75, "params": {"cue_position": 8.0, "beta_enc": 0.6113286289264429, "gamma_cf": 0.9414464185100058, "gamma_fc": 0.3072588590233849, "beta_rec": 0.9738128232562326}, "datetime": {"elapsed": 4037.42861, "datetime": "2020-06-14 10:51:12", "delta": 20.799122}}
{"target": 11.75, "params": {"cue_position": 8.0, "beta_enc": 0.4443911920481972, "gamma_cf": 0.8728715444298973, "gamma_fc": 0.0024078098878476117, "beta_rec": 0.6855290492156131}, "datetime": {"elapsed": 4059.044109, "datetime": "2020-06-14 10:51:33", "delta": 21.615499}}
{"target": 10.875, "params": {"cue_position": 8.0, "beta_enc": 0.42606183738625836, "gamma_cf": 0.8730147483895039, "gamma_fc": 0.026083362166476887, "beta_rec": 0.6944286077482004}, "datetime": {"elapsed": 4079.343755, "datetime": "2020-06-14 10:51:54", "delta": 20.299646}}
{"target": 10.375, "params": {"cue_position": 8.0, "beta_enc": 0.45180301925749766, "gamma_cf": 0.8950443128340252, "gamma_fc": 0.010661931330863794, "beta_rec": 0.6801725719163644}, "datetime": {"elapsed": 4100.775506, "datetime": "2020-06-14 10:52:15", "delta": 21.431751}}
{"target": 11.125, "params": {"cue_position": 8.0, "beta_enc": 0.4102604241595249, "gamma_cf": 0.7657726388397935, "gamma_fc": 0.12251613279816198, "beta_rec": 0.9165063492839082}, "datetime": {"elapsed": 4121.639208, "datetime": "2020-06-14 10:52:36", "delta": 20.863702}}
{"target": 9.75, "params": {"cue_position": 8.0, "beta_enc": 0.36194356929494675, "gamma_cf": 0.5420622695140878, "gamma_fc": 0.02720353983941204, "beta_rec": 0.6600468031539458}, "datetime": {"elapsed": 4141.746916, "datetime": "2020-06-14 10:52:56", "delta": 20.107708}}
{"target": 9.625, "params": {"cue_position": 8.0, "beta_enc": 0.4227045393224288, "gamma_cf": 0.8820447354717265, "gamma_fc": 0.02653690390288299, "beta_rec": 0.6799634888136524}, "datetime": {"elapsed": 4161.508624, "datetime": "2020-06-14 10:53:16", "delta": 19.761708}}
{"target": 10.75, "params": {"cue_position": 8.0, "beta_enc": 0.4369802253403804, "gamma_cf": 0.8813733103618109, "gamma_fc": 0.010543646898342085, "beta_rec": 0.7063660594531186}, "datetime": {"elapsed": 4183.115779, "datetime": "2020-06-14 10:53:37", "delta": 21.607155}}
{"target": 9.0, "params": {"cue_position": 8.0, "beta_enc": 0.3869983075598874, "gamma_cf": 0.539863694063988, "gamma_fc": 0.01300368153592013, "beta_rec": 0.6688770269706161}, "datetime": {"elapsed": 4204.096198, "datetime": "2020-06-14 10:53:58", "delta": 20.980419}}
{"target": 10.375, "params": {"cue_position": 8.0, "beta_enc": 0.413175109874521, "gamma_cf": 0.8598202149083282, "gamma_fc": 0.04925300485587136, "beta_rec": 0.6820457399781858}, "datetime": {"elapsed": 4224.494406, "datetime": "2020-06-14 10:54:19", "delta": 20.398208}}
{"target": 9.5, "params": {"cue_position": 8.0, "beta_enc": 0.4164794032014967, "gamma_cf": 0.7709407410659793, "gamma_fc": 0.10999913015204832, "beta_rec": 0.9087223616291387}, "datetime": {"elapsed": 4246.542879, "datetime": "2020-06-14 10:54:41", "delta": 22.048473}}
{"target": 10.375, "params": {"cue_position": 8.0, "beta_enc": 0.2777768531072383, "gamma_cf": 0.9251078329200182, "gamma_fc": 0.14169332482035346, "beta_rec": 0.9159905786560053}, "datetime": {"elapsed": 4268.332794, "datetime": "2020-06-14 10:55:02", "delta": 21.789915}}
{"target": 9.5, "params": {"cue_position": 8.0, "beta_enc": 0.2799065615565749, "gamma_cf": 0.9231282408085252, "gamma_fc": 0.13279576768515777, "beta_rec": 0.9124428891090979}, "datetime": {"elapsed": 4289.496222, "datetime": "2020-06-14 10:55:24", "delta": 21.163428}}
{"target": 9.125, "params": {"cue_position": 8.0, "beta_enc": 0.6098615737828353, "gamma_cf": 0.9169453494695069, "gamma_fc": 0.31620517037080964, "beta_rec": 0.9579558671455609}, "datetime": {"elapsed": 4310.840832, "datetime": "2020-06-14 10:55:45", "delta": 21.34461}}
{"target": 9.25, "params": {"cue_position": 8.0, "beta_enc": 0.5314917702537436, "gamma_cf": 0.8931831357972311, "gamma_fc": 0.24186182606444018, "beta_rec": 0.9076234643299541}, "datetime": {"elapsed": 4332.064938, "datetime": "2020-06-14 10:56:06", "delta": 21.224106}}
{"target": 10.5, "params": {"cue_position": 8.0, "beta_enc": 0.4364494822584135, "gamma_cf": 0.8669275055781568, "gamma_fc": 0.027648105626000286, "beta_rec": 0.6752310967577287}, "datetime": {"elapsed": 4352.067934, "datetime": "2020-06-14 10:56:26", "delta": 20.002996}}
{"target": 9.125, "params": {"cue_position": 8.0, "beta_enc": 0.25389595692359535, "gamma_cf": 0.09247888243947666, "gamma_fc": 0.8542171289782083, "beta_rec": 0.2940912127537978}, "datetime": {"elapsed": 4372.382649, "datetime": "2020-06-14 10:56:47", "delta": 20.314715}}
{"target": 8.125, "params": {"cue_position": 8.0, "beta_enc": 0.6070866232005545, "gamma_cf": 0.6734635757938209, "gamma_fc": 0.9148525982654626, "beta_rec": 0.0629309522885706}, "datetime": {"elapsed": 4391.547774, "datetime": "2020-06-14 10:57:06", "delta": 19.165125}}
{"target": 11.0, "params": {"cue_position": 8.0, "beta_enc": 0.28263027622785863, "gamma_cf": 0.910502585662395, "gamma_fc": 0.13758548992380593, "beta_rec": 0.9199490161676512}, "datetime": {"elapsed": 4412.509711, "datetime": "2020-06-14 10:57:27", "delta": 20.961937}}
{"target": 7.25, "params": {"cue_position": 8.0, "beta_enc": 0.14918423354319543, "gamma_cf": 0.8690786956885213, "gamma_fc": 0.3948671692248862, "beta_rec": 0.5067728768118231}, "datetime": {"elapsed": 4434.743904, "datetime": "2020-06-14 10:57:49", "delta": 22.234193}}
{"target": 9.25, "params": {"cue_position": 8.0, "beta_enc": 0.38062454091557296, "gamma_cf": 0.542764508813916, "gamma_fc": 0.03147212755349804, "beta_rec": 0.6537654586079542}, "datetime": {"elapsed": 4455.396581, "datetime": "2020-06-14 10:58:10", "delta": 20.652677}}
{"target": 11.25, "params": {"cue_position": 8.0, "beta_enc": 0.45092008448352494, "gamma_cf": 0.8712757406251004, "gamma_fc": 0.017416937988519288, "beta_rec": 0.6694557065691693}, "datetime": {"elapsed": 4475.170072, "datetime": "2020-06-14 10:58:29", "delta": 19.773491}}
{"target": 9.125, "params": {"cue_position": 8.0, "beta_enc": 0.46631943691339806, "gamma_cf": 0.5838440785212706, "gamma_fc": 0.3066847172679218, "beta_rec": 0.3373169522890751}, "datetime": {"elapsed": 4496.426893, "datetime": "2020-06-14 10:58:51", "delta": 21.256821}}
{"target": 11.75, "params": {"cue_position": 8.0, "beta_enc": 0.45075534342167545, "gamma_cf": 0.8861818218115337, "gamma_fc": 0.018650320326432546, "beta_rec": 0.662080280730677}, "datetime": {"elapsed": 4517.00397, "datetime": "2020-06-14 10:59:11", "delta": 20.577077}}
{"target": 11.875, "params": {"cue_position": 8.0, "beta_enc": 0.4393619194219217, "gamma_cf": 0.8988923022801142, "gamma_fc": 0.0025934331177424053, "beta_rec": 0.6738649632732577}, "datetime": {"elapsed": 4537.828144, "datetime": "2020-06-14 10:59:32", "delta": 20.824174}}
{"target": 10.5, "params": {"cue_position": 8.0, "beta_enc": 0.4526831236192075, "gamma_cf": 0.8845680482147491, "gamma_fc": 0.01593701386343005, "beta_rec": 0.649459504851948}, "datetime": {"elapsed": 4558.156529, "datetime": "2020-06-14 10:59:52", "delta": 20.328385}}
{"target": 10.875, "params": {"cue_position": 8.0, "beta_enc": 0.4625231821859711, "gamma_cf": 0.899871891996391, "gamma_fc": 0.01912168864736219, "beta_rec": 0.6795813606462789}, "datetime": {"elapsed": 4580.067115, "datetime": "2020-06-14 11:00:14", "delta": 21.910586}}
{"target": 11.75, "params": {"cue_position": 8.0, "beta_enc": 0.429027691384397, "gamma_cf": 0.8832109488473898, "gamma_fc": 0.03380270320347534, "beta_rec": 0.6760851254180199}, "datetime": {"elapsed": 4600.901634, "datetime": "2020-06-14 11:00:35", "delta": 20.834519}}
{"target": 10.5, "params": {"cue_position": 8.0, "beta_enc": 0.4344459947681517, "gamma_cf": 0.8722430819464994, "gamma_fc": 0.019406872404099773, "beta_rec": 0.6591448854584249}, "datetime": {"elapsed": 4622.628741, "datetime": "2020-06-14 11:00:57", "delta": 21.727107}}
{"target": 12.0, "params": {"cue_position": 8.0, "beta_enc": 0.44753704076884626, "gamma_cf": 0.8825436402518427, "gamma_fc": 0.025246986993248455, "beta_rec": 0.6875783673943053}, "datetime": {"elapsed": 4643.278117, "datetime": "2020-06-14 11:01:17", "delta": 20.649376}}
{"target": 11.375, "params": {"cue_position": 8.0, "beta_enc": 0.4354037563628609, "gamma_cf": 0.8579345056201089, "gamma_fc": 0.04823811827381452, "beta_rec": 0.6803767767745821}, "datetime": {"elapsed": 4664.209713, "datetime": "2020-06-14 11:01:38", "delta": 20.931596}}
{"target": 10.875, "params": {"cue_position": 8.0, "beta_enc": 0.27342111594793594, "gamma_cf": 0.9300766463878197, "gamma_fc": 0.14656054890189696, "beta_rec": 0.9152158799656295}, "datetime": {"elapsed": 4683.85067, "datetime": "2020-06-14 11:01:58", "delta": 19.640957}}
{"target": 7.875, "params": {"cue_position": 8.0, "beta_enc": 0.6763578174230856, "gamma_cf": 0.46893312397600095, "gamma_fc": 0.33499545504700273, "beta_rec": 0.5146536903375178}, "datetime": {"elapsed": 4705.02319, "datetime": "2020-06-14 11:02:19", "delta": 21.17252}}
{"target": 10.25, "params": {"cue_position": 8.0, "beta_enc": 0.4188766092150886, "gamma_cf": 0.8747794197384486, "gamma_fc": 0.030506889500903522, "beta_rec": 0.6665676165072638}, "datetime": {"elapsed": 4726.494211, "datetime": "2020-06-14 11:02:41", "delta": 21.471021}}
{"target": 11.0, "params": {"cue_position": 8.0, "beta_enc": 0.42339065913298823, "gamma_cf": 0.9440024551758578, "gamma_fc": 0.06371670891340486, "beta_rec": 0.4202692272872566}, "datetime": {"elapsed": 4748.024364, "datetime": "2020-06-14 11:03:02", "delta": 21.530153}}
{"target": 10.75, "params": {"cue_position": 8.0, "beta_enc": 0.4362437482344085, "gamma_cf": 0.8580947834848494, "gamma_fc": 0.04466637245382199, "beta_rec": 0.7078931323073439}, "datetime": {"elapsed": 4768.452327, "datetime": "2020-06-14 11:03:23", "delta": 20.427963}}
{"target": 12.125, "params": {"cue_position": 8.0, "beta_enc": 0.41800140488589166, "gamma_cf": 0.8696253957527661, "gamma_fc": 0.056305640358905285, "beta_rec": 0.6832167115707204}, "datetime": {"elapsed": 4790.455194, "datetime": "2020-06-14 11:03:45", "delta": 22.002867}}
{"target": 10.5, "params": {"cue_position": 8.0, "beta_enc": 0.43231491654028675, "gamma_cf": 0.8923918981492031, "gamma_fc": 0.0049582319506311645, "beta_rec": 0.6723596023545227}, "datetime": {"elapsed": 4811.517382, "datetime": "2020-06-14 11:04:06", "delta": 21.062188}}
{"target": 9.75, "params": {"cue_position": 8.0, "beta_enc": 0.3732263285272397, "gamma_cf": 0.5421315156651717, "gamma_fc": 0.017639769770715796, "beta_rec": 0.6537227427210853}, "datetime": {"elapsed": 4834.35922, "datetime": "2020-06-14 11:04:29", "delta": 22.841838}}
{"target": 9.625, "params": {"cue_position": 8.0, "beta_enc": 0.40462388839127905, "gamma_cf": 0.7644208962457146, "gamma_fc": 0.11981240670230331, "beta_rec": 0.9251631271188275}, "datetime": {"elapsed": 4855.714876, "datetime": "2020-06-14 11:04:50", "delta": 21.355656}}
{"target": 10.375, "params": {"cue_position": 8.0, "beta_enc": 0.4269948310724271, "gamma_cf": 0.8783689299158474, "gamma_fc": 0.03688173521153271, "beta_rec": 0.6742593810996568}, "datetime": {"elapsed": 4877.984288, "datetime": "2020-06-14 11:05:12", "delta": 22.269412}}
{"target": 10.875, "params": {"cue_position": 8.0, "beta_enc": 0.4442439073884812, "gamma_cf": 0.8909237296088314, "gamma_fc": 0.02274650608202855, "beta_rec": 0.6710165503970681}, "datetime": {"elapsed": 4899.542445, "datetime": "2020-06-14 11:05:34", "delta": 21.558157}}
{"target": 11.375, "params": {"cue_position": 8.0, "beta_enc": 0.43068103827400794, "gamma_cf": 0.8556724045642985, "gamma_fc": 0.04226090009102734, "beta_rec": 0.71512346266983}, "datetime": {"elapsed": 4922.190253, "datetime": "2020-06-14 11:05:56", "delta": 22.647808}}
{"target": 9.375, "params": {"cue_position": 8.0, "beta_enc": 0.4920095656813446, "gamma_cf": 0.9063964558940488, "gamma_fc": 0.31048292705273517, "beta_rec": 0.6277575610161794}, "datetime": {"elapsed": 4944.277618, "datetime": "2020-06-14 11:06:18", "delta": 22.087365}}
{"target": 10.625, "params": {"cue_position": 8.0, "beta_enc": 0.4200492286657467, "gamma_cf": 0.8820516128170237, "gamma_fc": 0.024457049650465135, "beta_rec": 0.7031986403008359}, "datetime": {"elapsed": 4967.479053, "datetime": "2020-06-14 11:06:42", "delta": 23.201435}}
{"target": 8.375, "params": {"cue_position": 8.0, "beta_enc": 0.6880564912780861, "gamma_cf": 0.650314960004112, "gamma_fc": 0.008175571067636667, "beta_rec": 0.45287223909864893}, "datetime": {"elapsed": 4990.158872, "datetime": "2020-06-14 11:07:04", "delta": 22.679819}}
