{"target": 8.25, "params": {"cue_position": 8.0, "beta_enc": 0.7607063056085003, "gamma_cf": 0.052812457398615065, "gamma_fc": 0.9918827155939861, "beta_rec": 0.576193978849032}, "datetime": {"elapsed": 944.338336, "datetime": "2020-06-14 09:59:38", "delta": 11.295386}}
{"target": 9.375, "params": {"cue_position": 8.0, "beta_enc": 0.2872785617216461, "gamma_cf": 0.9249503700939159, "gamma_fc": 0.16048710096860488, "beta_rec": 0.9112004204046618}, "datetime": {"elapsed": 955.6336, "datetime": "2020-06-14 09:59:50", "delta": 11.295264}}
{"target": 7.5, "params": {"cue_position": 8.0, "beta_enc": 0.3436558183707904, "gamma_cf": 0.47110699720757176, "gamma_fc": 0.13399457373818213, "beta_rec": 0.5329029835421135}, "datetime": {"elapsed": 967.292469, "datetime": "2020-06-14 10:00:01", "delta": 11.658869}}
{"target": 10.0, "params": {"cue_position": 8.0, "beta_enc": 0.4334807952530251, "gamma_cf": 0.47867725032918906, "gamma_fc": 0.13494530081366407, "beta_rec": 0.9317026364035881}, "datetime": {"elapsed": 979.123198, "datetime": "2020-06-14 10:00:13", "delta": 11.830729}}
{"target": 7.75, "params": {"cue_position": 8.0, "beta_enc": 0.7613124164225188, "gamma_cf": 0.8575932967435909, "gamma_fc": 0.022619257354430045, "beta_rec": 0.7311600430367557}, "datetime": {"elapsed": 990.469489, "datetime": "2020-06-14 10:00:25", "delta": 11.346291}}
{"target": 7.5, "params": {"cue_position": 8.0, "beta_enc": 0.3629499945485187, "gamma_cf": 0.8903172908302937, "gamma_fc": 0.3518000452732299, "beta_rec": 0.7778825148749456}, "datetime": {"elapsed": 1002.620124, "datetime": "2020-06-14 10:00:37", "delta": 12.150635}}
{"target": 9.625, "params": {"cue_position": 8.0, "beta_enc": 0.27296237081720487, "gamma_cf": 0.6287510346954022, "gamma_fc": 0.14337238161718735, "beta_rec": 0.7919636735752087}, "datetime": {"elapsed": 1014.934471, "datetime": "2020-06-14 10:00:49", "delta": 12.314347}}
{"target": 8.0, "params": {"cue_position": 8.0, "beta_enc": 0.10542010755559927, "gamma_cf": 0.6899248442050483, "gamma_fc": 0.7632520170362274, "beta_rec": 0.632389486661533}, "datetime": {"elapsed": 1028.257905, "datetime": "2020-06-14 10:01:02", "delta": 13.323434}}
{"target": 9.25, "params": {"cue_position": 8.0, "beta_enc": 0.3733056834985007, "gamma_cf": 0.5517810153687429, "gamma_fc": 0.011816688061062508, "beta_rec": 0.6738221878863309}, "datetime": {"elapsed": 1040.366915, "datetime": "2020-06-14 10:01:15", "delta": 12.10901}}
{"target": 9.125, "params": {"cue_position": 8.0, "beta_enc": 0.5385311916538175, "gamma_cf": 0.038433834005294654, "gamma_fc": 0.8817755712737069, "beta_rec": 0.5441556901119694}, "datetime": {"elapsed": 1053.564538, "datetime": "2020-06-14 10:01:28", "delta": 13.197623}}
{"target": 8.25, "params": {"cue_position": 8.0, "beta_enc": 0.3398317353136978, "gamma_cf": 0.9702690074044844, "gamma_fc": 0.5021696597017067, "beta_rec": 0.043750098857917696}, "datetime": {"elapsed": 1066.710528, "datetime": "2020-06-14 10:01:41", "delta": 13.14599}}
{"target": 9.625, "params": {"cue_position": 8.0, "beta_enc": 0.5150244613796742, "gamma_cf": 0.8244847287019642, "gamma_fc": 0.007670385329691443, "beta_rec": 0.02528102566422341}, "datetime": {"elapsed": 1079.744551, "datetime": "2020-06-14 10:01:54", "delta": 13.034023}}
{"target": 9.0, "params": {"cue_position": 8.0, "beta_enc": 0.21439959027852673, "gamma_cf": 0.631308888668821, "gamma_fc": 0.7051009418679124, "beta_rec": 0.8378822087290977}, "datetime": {"elapsed": 1092.555084, "datetime": "2020-06-14 10:02:07", "delta": 12.810533}}
{"target": 10.5, "params": {"cue_position": 8.0, "beta_enc": 0.4216474457553301, "gamma_cf": 0.8794559461967575, "gamma_fc": 0.031010195690980513, "beta_rec": 0.6945267331706196}, "datetime": {"elapsed": 1105.938393, "datetime": "2020-06-14 10:02:20", "delta": 13.383309}}
{"target": 9.5, "params": {"cue_position": 8.0, "beta_enc": 0.22286258607430776, "gamma_cf": 0.6321742937712621, "gamma_fc": 0.7113204223720685, "beta_rec": 0.8329340321034735}, "datetime": {"elapsed": 1118.755849, "datetime": "2020-06-14 10:02:33", "delta": 12.817456}}
{"target": 9.625, "params": {"cue_position": 8.0, "beta_enc": 0.5135517863054883, "gamma_cf": 0.8145306351616792, "gamma_fc": 0.00661873199253693, "beta_rec": 0.020965716035296844}, "datetime": {"elapsed": 1131.874608, "datetime": "2020-06-14 10:02:46", "delta": 13.118759}}
{"target": 7.5, "params": {"cue_position": 8.0, "beta_enc": 0.43886464175357287, "gamma_cf": 0.4745550363868808, "gamma_fc": 0.1380751109572812, "beta_rec": 0.9384466492048528}, "datetime": {"elapsed": 1143.627015, "datetime": "2020-06-14 10:02:58", "delta": 11.752407}}
{"target": 9.375, "params": {"cue_position": 8.0, "beta_enc": 0.16731411883592973, "gamma_cf": 0.7939008193610602, "gamma_fc": 0.1875363591903264, "beta_rec": 0.5769779896459019}, "datetime": {"elapsed": 1156.106488, "datetime": "2020-06-14 10:03:10", "delta": 12.479473}}
{"target": 7.125, "params": {"cue_position": 8.0, "beta_enc": 0.06319088976399555, "gamma_cf": 0.9787084751921161, "gamma_fc": 0.18258786410243535, "beta_rec": 0.3726387444611412}, "datetime": {"elapsed": 1168.80627, "datetime": "2020-06-14 10:03:23", "delta": 12.699782}}
{"target": 11.25, "params": {"cue_position": 8.0, "beta_enc": 0.4320374057532317, "gamma_cf": 0.8769571252562806, "gamma_fc": 0.02721124217528348, "beta_rec": 0.6962116866055745}, "datetime": {"elapsed": 1181.746452, "datetime": "2020-06-14 10:03:36", "delta": 12.940182}}
{"target": 9.75, "params": {"cue_position": 8.0, "beta_enc": 0.4332401281142685, "gamma_cf": 0.48907258339934545, "gamma_fc": 0.13342888034290723, "beta_rec": 0.9222296659725238}, "datetime": {"elapsed": 1194.283145, "datetime": "2020-06-14 10:03:48", "delta": 12.536693}}
{"target": 8.75, "params": {"cue_position": 8.0, "beta_enc": 0.8584750132853013, "gamma_cf": 0.8467960037157306, "gamma_fc": 0.09385680909359995, "beta_rec": 0.9589219764326596}, "datetime": {"elapsed": 1207.066245, "datetime": "2020-06-14 10:04:01", "delta": 12.7831}}
{"target": 7.875, "params": {"cue_position": 8.0, "beta_enc": 0.6688240474734574, "gamma_cf": 0.475247076484169, "gamma_fc": 0.34502464203617267, "beta_rec": 0.5147170171228124}, "datetime": {"elapsed": 1219.858234, "datetime": "2020-06-14 10:04:14", "delta": 12.791989}}
{"target": 10.375, "params": {"cue_position": 8.0, "beta_enc": 0.39616370725772254, "gamma_cf": 0.7851224025905329, "gamma_fc": 0.13532540443368257, "beta_rec": 0.9061941314281586}, "datetime": {"elapsed": 1232.866191, "datetime": "2020-06-14 10:04:27", "delta": 13.007957}}
{"target": 8.875, "params": {"cue_position": 8.0, "beta_enc": 0.5395058359452801, "gamma_cf": 0.03138383769048858, "gamma_fc": 0.8821518524616867, "beta_rec": 0.5493206508188611}, "datetime": {"elapsed": 1245.063273, "datetime": "2020-06-14 10:04:39", "delta": 12.197082}}
{"target": 8.875, "params": {"cue_position": 8.0, "beta_enc": 0.2908013441777183, "gamma_cf": 0.4305587511651089, "gamma_fc": 0.47345418139701456, "beta_rec": 0.946954124560069}, "datetime": {"elapsed": 1257.902881, "datetime": "2020-06-14 10:04:52", "delta": 12.839608}}
{"target": 8.875, "params": {"cue_position": 8.0, "beta_enc": 0.5724049933174826, "gamma_cf": 0.6387670488210552, "gamma_fc": 0.03192834083278202, "beta_rec": 0.8770584004422505}, "datetime": {"elapsed": 1270.241156, "datetime": "2020-06-14 10:05:04", "delta": 12.338275}}
{"target": 7.75, "params": {"cue_position": 8.0, "beta_enc": 0.3193227828238576, "gamma_cf": 0.3794023060407955, "gamma_fc": 0.5557864102479279, "beta_rec": 0.9958233297713432}, "datetime": {"elapsed": 1283.252532, "datetime": "2020-06-14 10:05:17", "delta": 13.011376}}
{"target": 8.75, "params": {"cue_position": 8.0, "beta_enc": 0.8779021499337936, "gamma_cf": 0.8675146007362844, "gamma_fc": 0.09393849582848357, "beta_rec": 0.9476898834723606}, "datetime": {"elapsed": 1295.878783, "datetime": "2020-06-14 10:05:30", "delta": 12.626251}}
{"target": 9.125, "params": {"cue_position": 8.0, "beta_enc": 0.8717981560611969, "gamma_cf": 0.8626017515765917, "gamma_fc": 0.0957045539465099, "beta_rec": 0.947452075183166}, "datetime": {"elapsed": 1309.165137, "datetime": "2020-06-14 10:05:43", "delta": 13.286354}}
{"target": 11.75, "params": {"cue_position": 8.0, "beta_enc": 0.40145018801801946, "gamma_cf": 0.7704389040297074, "gamma_fc": 0.11923195981026091, "beta_rec": 0.8970736122161284}, "datetime": {"elapsed": 1322.141516, "datetime": "2020-06-14 10:05:56", "delta": 12.976379}}
{"target": 7.5, "params": {"cue_position": 8.0, "beta_enc": 0.0695497497610944, "gamma_cf": 0.6629368900517083, "gamma_fc": 0.08279840963168883, "beta_rec": 0.9728844243991789}, "datetime": {"elapsed": 1335.359708, "datetime": "2020-06-14 10:06:10", "delta": 13.218192}}
{"target": 9.5, "params": {"cue_position": 8.0, "beta_enc": 0.1952326921251185, "gamma_cf": 0.9782002204697807, "gamma_fc": 0.12978229318149204, "beta_rec": 0.6897659078911774}, "datetime": {"elapsed": 1348.144417, "datetime": "2020-06-14 10:06:22", "delta": 12.784709}}
{"target": 10.125, "params": {"cue_position": 8.0, "beta_enc": 0.3476735676298518, "gamma_cf": 0.46882621462270746, "gamma_fc": 0.118507179795452, "beta_rec": 0.5298169426623413}, "datetime": {"elapsed": 1361.19697, "datetime": "2020-06-14 10:06:35", "delta": 13.052553}}
{"target": 11.375, "params": {"cue_position": 8.0, "beta_enc": 0.42500551891491867, "gamma_cf": 0.8794424753620598, "gamma_fc": 0.028087821406012625, "beta_rec": 0.6876565042365994}, "datetime": {"elapsed": 1373.941831, "datetime": "2020-06-14 10:06:48", "delta": 12.744861}}
{"target": 7.875, "params": {"cue_position": 8.0, "beta_enc": 0.41565291907948787, "gamma_cf": 0.994440652286227, "gamma_fc": 0.6409923245102079, "beta_rec": 0.9742439461906625}, "datetime": {"elapsed": 1386.779096, "datetime": "2020-06-14 10:07:01", "delta": 12.837265}}
{"target": 8.875, "params": {"cue_position": 8.0, "beta_enc": 0.8686220525845464, "gamma_cf": 0.8442188964140396, "gamma_fc": 0.08991653326784932, "beta_rec": 0.9480192476154111}, "datetime": {"elapsed": 1399.356772, "datetime": "2020-06-14 10:07:14", "delta": 12.577676}}
{"target": 9.125, "params": {"cue_position": 8.0, "beta_enc": 0.20325484914564396, "gamma_cf": 0.75127768304184, "gamma_fc": 0.12060570696364858, "beta_rec": 0.4576553296520598}, "datetime": {"elapsed": 1412.352089, "datetime": "2020-06-14 10:07:27", "delta": 12.995317}}
{"target": 10.125, "params": {"cue_position": 8.0, "beta_enc": 0.41824183004176907, "gamma_cf": 0.945941014745457, "gamma_fc": 0.06577021660068183, "beta_rec": 0.4188435821994708}, "datetime": {"elapsed": 1425.376093, "datetime": "2020-06-14 10:07:40", "delta": 13.024004}}
{"target": 9.5, "params": {"cue_position": 8.0, "beta_enc": 0.2550769587437791, "gamma_cf": 0.09170899316111869, "gamma_fc": 0.8669474903387506, "beta_rec": 0.2987974473884004}, "datetime": {"elapsed": 1438.907631, "datetime": "2020-06-14 10:07:53", "delta": 13.531538}}
{"target": 10.375, "params": {"cue_position": 8.0, "beta_enc": 0.2856034439500112, "gamma_cf": 0.9249639817956303, "gamma_fc": 0.15090623705731332, "beta_rec": 0.916275648747852}, "datetime": {"elapsed": 1452.362604, "datetime": "2020-06-14 10:08:07", "delta": 13.454973}}
{"target": 8.5, "params": {"cue_position": 8.0, "beta_enc": 0.2810233798210485, "gamma_cf": 0.5064064466132745, "gamma_fc": 0.271044194382005, "beta_rec": 0.9302024943532068}, "datetime": {"elapsed": 1465.231026, "datetime": "2020-06-14 10:08:19", "delta": 12.868422}}
{"target": 9.375, "params": {"cue_position": 8.0, "beta_enc": 0.3599007379482587, "gamma_cf": 0.8746779266323436, "gamma_fc": 0.3646121100184445, "beta_rec": 0.7780095241059395}, "datetime": {"elapsed": 1478.856767, "datetime": "2020-06-14 10:08:33", "delta": 13.625741}}
{"target": 9.625, "params": {"cue_position": 8.0, "beta_enc": 0.6089930646389333, "gamma_cf": 0.9425141255390415, "gamma_fc": 0.3234246784799245, "beta_rec": 0.9684495309288887}, "datetime": {"elapsed": 1492.742361, "datetime": "2020-06-14 10:08:47", "delta": 13.885594}}
{"target": 10.75, "params": {"cue_position": 8.0, "beta_enc": 0.29002111656489504, "gamma_cf": 0.9230386400539969, "gamma_fc": 0.16675601046620347, "beta_rec": 0.8915858513197692}, "datetime": {"elapsed": 1506.978035, "datetime": "2020-06-14 10:09:01", "delta": 14.235674}}
{"target": 7.75, "params": {"cue_position": 8.0, "beta_enc": 0.5473789714319369, "gamma_cf": 0.19010740037305407, "gamma_fc": 0.9584296451138719, "beta_rec": 0.182495436972398}, "datetime": {"elapsed": 1521.313716, "datetime": "2020-06-14 10:09:15", "delta": 14.335681}}
{"target": 8.0, "params": {"cue_position": 8.0, "beta_enc": 0.616647070152317, "gamma_cf": 0.689714273983007, "gamma_fc": 0.9117773869303825, "beta_rec": 0.04866963920683065}, "datetime": {"elapsed": 1535.970109, "datetime": "2020-06-14 10:09:30", "delta": 14.656393}}
{"target": 11.0, "params": {"cue_position": 8.0, "beta_enc": 0.4345968272616322, "gamma_cf": 0.8869679184152275, "gamma_fc": 0.01888611510057281, "beta_rec": 0.6803714933300979}, "datetime": {"elapsed": 1550.67675, "datetime": "2020-06-14 10:09:45", "delta": 14.706641}}
{"target": 8.625, "params": {"cue_position": 8.0, "beta_enc": 0.8842600327773538, "gamma_cf": 0.8579501551662724, "gamma_fc": 0.0925598310164446, "beta_rec": 0.9476859986414049}, "datetime": {"elapsed": 1564.721473, "datetime": "2020-06-14 10:09:59", "delta": 14.044723}}
{"target": 9.625, "params": {"cue_position": 8.0, "beta_enc": 0.41785872904202537, "gamma_cf": 0.9462049453337458, "gamma_fc": 0.057659846355614164, "beta_rec": 0.42577117963825506}, "datetime": {"elapsed": 1579.034669, "datetime": "2020-06-14 10:10:13", "delta": 14.313196}}
{"target": 9.625, "params": {"cue_position": 8.0, "beta_enc": 0.5407687927292077, "gamma_cf": 0.863145787000424, "gamma_fc": 0.24666006363106108, "beta_rec": 0.8869653080186309}, "datetime": {"elapsed": 1593.740848, "datetime": "2020-06-14 10:10:28", "delta": 14.706179}}
{"target": 10.125, "params": {"cue_position": 8.0, "beta_enc": 0.43599268866120044, "gamma_cf": 0.8814711165590292, "gamma_fc": 0.010327287955762765, "beta_rec": 0.6731582042571501}, "datetime": {"elapsed": 1608.573434, "datetime": "2020-06-14 10:10:43", "delta": 14.832586}}
{"target": 10.125, "params": {"cue_position": 8.0, "beta_enc": 0.929434484084107, "gamma_cf": 0.08322867588829608, "gamma_fc": 0.8168512986524885, "beta_rec": 0.8973487539763667}, "datetime": {"elapsed": 1623.403643, "datetime": "2020-06-14 10:10:58", "delta": 14.830209}}
{"target": 10.875, "params": {"cue_position": 8.0, "beta_enc": 0.5337391062905811, "gamma_cf": 0.8730964986169352, "gamma_fc": 0.2498855994381829, "beta_rec": 0.8985663804017449}, "datetime": {"elapsed": 1637.609338, "datetime": "2020-06-14 10:11:12", "delta": 14.205695}}
{"target": 9.375, "params": {"cue_position": 8.0, "beta_enc": 0.2556239317219908, "gamma_cf": 0.9838540601874666, "gamma_fc": 0.1303074171115518, "beta_rec": 0.2001679865946201}, "datetime": {"elapsed": 1651.917699, "datetime": "2020-06-14 10:11:26", "delta": 14.308361}}
{"target": 10.0, "params": {"cue_position": 8.0, "beta_enc": 0.5368814261126605, "gamma_cf": 0.8799767598676848, "gamma_fc": 0.25533626862869474, "beta_rec": 0.8914971335205024}, "datetime": {"elapsed": 1666.253624, "datetime": "2020-06-14 10:11:40", "delta": 14.335925}}
{"target": 11.125, "params": {"cue_position": 8.0, "beta_enc": 0.4342839611670323, "gamma_cf": 0.8775461430886864, "gamma_fc": 0.03291051234614395, "beta_rec": 0.6856747033583264}, "datetime": {"elapsed": 1680.989679, "datetime": "2020-06-14 10:11:55", "delta": 14.736055}}
{"target": 9.25, "params": {"cue_position": 8.0, "beta_enc": 0.4427884306969261, "gamma_cf": 0.20567954970684443, "gamma_fc": 0.6949471960496784, "beta_rec": 0.09179581396313718}, "datetime": {"elapsed": 1695.096238, "datetime": "2020-06-14 10:12:09", "delta": 14.106559}}
{"target": 11.0, "params": {"cue_position": 8.0, "beta_enc": 0.4449286477932538, "gamma_cf": 0.8784112603085777, "gamma_fc": 0.04203488346600737, "beta_rec": 0.6933750912139717}, "datetime": {"elapsed": 1709.315747, "datetime": "2020-06-14 10:12:23", "delta": 14.219509}}
{"target": 9.125, "params": {"cue_position": 8.0, "beta_enc": 0.3654655091511956, "gamma_cf": 0.8875919996755991, "gamma_fc": 0.35803752591058546, "beta_rec": 0.771511024957059}, "datetime": {"elapsed": 1723.645539, "datetime": "2020-06-14 10:12:38", "delta": 14.329792}}
{"target": 9.375, "params": {"cue_position": 8.0, "beta_enc": 0.3436972496044576, "gamma_cf": 0.4643062404675816, "gamma_fc": 0.11338088893494425, "beta_rec": 0.5315916358085813}, "datetime": {"elapsed": 1739.134259, "datetime": "2020-06-14 10:12:53", "delta": 15.48872}}
{"target": 9.125, "params": {"cue_position": 8.0, "beta_enc": 0.9324436539135452, "gamma_cf": 0.07053519115474582, "gamma_fc": 0.8162651603332285, "beta_rec": 0.8954385315106426}, "datetime": {"elapsed": 1754.532782, "datetime": "2020-06-14 10:13:09", "delta": 15.398523}}
{"target": 9.125, "params": {"cue_position": 8.0, "beta_enc": 0.3165436172445414, "gamma_cf": 0.5344877111218298, "gamma_fc": 0.3151950516277444, "beta_rec": 0.9825488764488625}, "datetime": {"elapsed": 1769.980962, "datetime": "2020-06-14 10:13:24", "delta": 15.44818}}
{"target": 8.875, "params": {"cue_position": 8.0, "beta_enc": 0.3181996080403401, "gamma_cf": 0.3809066305660812, "gamma_fc": 0.5481992536870947, "beta_rec": 0.98192365818049}, "datetime": {"elapsed": 1785.206948, "datetime": "2020-06-14 10:13:39", "delta": 15.225986}}
{"target": 9.875, "params": {"cue_position": 8.0, "beta_enc": 0.4263060328268744, "gamma_cf": 0.3262486258085837, "gamma_fc": 0.15516361513384858, "beta_rec": 0.0032301290462711796}, "datetime": {"elapsed": 1800.524871, "datetime": "2020-06-14 10:13:55", "delta": 15.317923}}
{"target": 9.875, "params": {"cue_position": 8.0, "beta_enc": 0.4366931764524168, "gamma_cf": 0.8744252877875969, "gamma_fc": 0.034750155612178535, "beta_rec": 0.696619805487843}, "datetime": {"elapsed": 1815.769089, "datetime": "2020-06-14 10:14:10", "delta": 15.244218}}
{"target": 8.875, "params": {"cue_position": 8.0, "beta_enc": 0.4641178655259499, "gamma_cf": 0.5924205033267309, "gamma_fc": 0.32432432519760557, "beta_rec": 0.3410945497174196}, "datetime": {"elapsed": 1830.957378, "datetime": "2020-06-14 10:14:25", "delta": 15.188289}}
{"target": 9.5, "params": {"cue_position": 8.0, "beta_enc": 0.9114652311471692, "gamma_cf": 0.08702833315508252, "gamma_fc": 0.8232290732947655, "beta_rec": 0.9057084188385834}, "datetime": {"elapsed": 1846.484671, "datetime": "2020-06-14 10:14:41", "delta": 15.527293}}
{"target": 9.625, "params": {"cue_position": 8.0, "beta_enc": 0.8740654553000398, "gamma_cf": 0.852445676234695, "gamma_fc": 0.08845358333781017, "beta_rec": 0.9580901943621519}, "datetime": {"elapsed": 1862.401774, "datetime": "2020-06-14 10:14:57", "delta": 15.917103}}
{"target": 8.25, "params": {"cue_position": 8.0, "beta_enc": 0.38371593720327224, "gamma_cf": 0.42514879239499437, "gamma_fc": 0.11128318660027614, "beta_rec": 0.4255166031932781}, "datetime": {"elapsed": 1877.200065, "datetime": "2020-06-14 10:15:11", "delta": 14.798291}}
{"target": 11.125, "params": {"cue_position": 8.0, "beta_enc": 0.4353335629453785, "gamma_cf": 0.8760315139619604, "gamma_fc": 0.0442132100533823, "beta_rec": 0.6875397230332679}, "datetime": {"elapsed": 1892.161459, "datetime": "2020-06-14 10:15:26", "delta": 14.961394}}
{"target": 9.25, "params": {"cue_position": 8.0, "beta_enc": 0.4383107166246881, "gamma_cf": 0.48336865949187724, "gamma_fc": 0.14559749987461323, "beta_rec": 0.9232570992549184}, "datetime": {"elapsed": 1907.153924, "datetime": "2020-06-14 10:15:41", "delta": 14.992465}}
{"target": 8.875, "params": {"cue_position": 8.0, "beta_enc": 0.4945436793000261, "gamma_cf": 0.9171414790222228, "gamma_fc": 0.30438915169874625, "beta_rec": 0.6266248195050286}, "datetime": {"elapsed": 1922.536152, "datetime": "2020-06-14 10:15:57", "delta": 15.382228}}
{"target": 8.25, "params": {"cue_position": 8.0, "beta_enc": 0.3132814778000802, "gamma_cf": 0.3885117424036413, "gamma_fc": 0.5409611801130515, "beta_rec": 0.9929011454234449}, "datetime": {"elapsed": 1937.073577, "datetime": "2020-06-14 10:16:11", "delta": 14.537425}}
{"target": 10.25, "params": {"cue_position": 8.0, "beta_enc": 0.2668788854055807, "gamma_cf": 0.6279440075442868, "gamma_fc": 0.12470714874752498, "beta_rec": 0.7985984262609694}, "datetime": {"elapsed": 1952.227913, "datetime": "2020-06-14 10:16:26", "delta": 15.154336}}
{"target": 11.5, "params": {"cue_position": 8.0, "beta_enc": 0.6153524934694762, "gamma_cf": 0.8934466695805794, "gamma_fc": 0.4301914969391918, "beta_rec": 0.9730171686640174}, "datetime": {"elapsed": 1967.237228, "datetime": "2020-06-14 10:16:41", "delta": 15.009315}}
{"target": 8.875, "params": {"cue_position": 8.0, "beta_enc": 0.887317080286154, "gamma_cf": 0.8633393370298733, "gamma_fc": 0.0986289585598602, "beta_rec": 0.956901119987324}, "datetime": {"elapsed": 1982.478179, "datetime": "2020-06-14 10:16:57", "delta": 15.240951}}
{"target": 7.75, "params": {"cue_position": 8.0, "beta_enc": 0.619949478647285, "gamma_cf": 0.8958056500781969, "gamma_fc": 0.4319228583558302, "beta_rec": 0.9702629186137929}, "datetime": {"elapsed": 1998.151137, "datetime": "2020-06-14 10:17:12", "delta": 15.672958}}
{"target": 11.0, "params": {"cue_position": 8.0, "beta_enc": 0.49716667515850094, "gamma_cf": 0.9098123478081761, "gamma_fc": 0.3059758113135359, "beta_rec": 0.6359455374593526}, "datetime": {"elapsed": 2013.609266, "datetime": "2020-06-14 10:17:28", "delta": 15.458129}}
{"target": 7.875, "params": {"cue_position": 8.0, "beta_enc": 0.48646035141222244, "gamma_cf": 0.362877697218697, "gamma_fc": 0.4924609237629226, "beta_rec": 0.7441955472208669}, "datetime": {"elapsed": 2029.208119, "datetime": "2020-06-14 10:17:43", "delta": 15.598853}}
