{"target": 11.375, "params": {"cue_position": 8.0, "beta_enc": 0.4352804729614552, "gamma_cf": 0.8774355686334119, "gamma_fc": 0.016171772991456224, "beta_rec": 0.6957478972436952}, "datetime": {"elapsed": 9679.770584, "datetime": "2020-06-14 12:25:14", "delta": 36.608693}}
{"target": 11.625, "params": {"cue_position": 8.0, "beta_enc": 0.44857184472922107, "gamma_cf": 0.8678776561934138, "gamma_fc": 0.03350143396781313, "beta_rec": 0.6908824169168511}, "datetime": {"elapsed": 9719.382513, "datetime": "2020-06-14 12:25:54", "delta": 39.611929}}
{"target": 7.375, "params": {"cue_position": 8.0, "beta_enc": 0.3887798390223736, "gamma_cf": 0.633109305033187, "gamma_fc": 0.6279129753983401, "beta_rec": 0.8521469739549578}, "datetime": {"elapsed": 9759.644659, "datetime": "2020-06-14 12:26:34", "delta": 40.262146}}
{"target": 10.625, "params": {"cue_position": 8.0, "beta_enc": 0.4280520849690366, "gamma_cf": 0.8827647879311519, "gamma_fc": 0.023605784649202377, "beta_rec": 0.6993125918225652}, "datetime": {"elapsed": 9797.031448, "datetime": "2020-06-14 12:27:11", "delta": 37.386789}}
{"target": 11.25, "params": {"cue_position": 8.0, "beta_enc": 0.4300386739562392, "gamma_cf": 0.8628190388884391, "gamma_fc": 0.027841858286144272, "beta_rec": 0.6665632205349667}, "datetime": {"elapsed": 9833.558953, "datetime": "2020-06-14 12:27:48", "delta": 36.527505}}
{"target": 7.75, "params": {"cue_position": 8.0, "beta_enc": 0.6029662538452358, "gamma_cf": 0.9042308320284308, "gamma_fc": 0.41568723087913284, "beta_rec": 0.9658590641983316}, "datetime": {"elapsed": 9870.338668, "datetime": "2020-06-14 12:28:24", "delta": 36.779715}}
{"target": 10.25, "params": {"cue_position": 8.0, "beta_enc": 0.3789993596142833, "gamma_cf": 0.7780496932161808, "gamma_fc": 0.12349422358150008, "beta_rec": 0.9201659483829913}, "datetime": {"elapsed": 9903.768356, "datetime": "2020-06-14 12:28:58", "delta": 33.429688}}
{"target": 10.25, "params": {"cue_position": 8.0, "beta_enc": 0.8637639424704857, "gamma_cf": 0.8508872006420873, "gamma_fc": 0.10371174809440398, "beta_rec": 0.9738629984808748}, "datetime": {"elapsed": 9939.177207, "datetime": "2020-06-14 12:29:33", "delta": 35.408851}}
{"target": 11.125, "params": {"cue_position": 8.0, "beta_enc": 0.4357051646126666, "gamma_cf": 0.8619480338614268, "gamma_fc": 0.0582130559354469, "beta_rec": 0.6770740607745842}, "datetime": {"elapsed": 9975.585326, "datetime": "2020-06-14 12:30:10", "delta": 36.408119}}
{"target": 11.125, "params": {"cue_position": 8.0, "beta_enc": 0.43816465493199663, "gamma_cf": 0.8834372445938936, "gamma_fc": 0.006893304325728766, "beta_rec": 0.7059424108680328}, "datetime": {"elapsed": 10011.372944, "datetime": "2020-06-14 12:30:46", "delta": 35.787618}}
{"target": 9.0, "params": {"cue_position": 8.0, "beta_enc": 0.40478764581860605, "gamma_cf": 0.1400953695099948, "gamma_fc": 0.956076458426875, "beta_rec": 0.49116443766962636}, "datetime": {"elapsed": 10047.489295, "datetime": "2020-06-14 12:31:22", "delta": 36.116351}}
{"target": 12.625, "params": {"cue_position": 8.0, "beta_enc": 0.43906228869206065, "gamma_cf": 0.8874468756850074, "gamma_fc": 0.010974454239194853, "beta_rec": 0.6857804954767315}, "datetime": {"elapsed": 10084.037904, "datetime": "2020-06-14 12:31:58", "delta": 36.548609}}
{"target": 10.75, "params": {"cue_position": 8.0, "beta_enc": 0.43543056403820657, "gamma_cf": 0.8735309151642769, "gamma_fc": 0.01592215667023178, "beta_rec": 0.6765173099668363}, "datetime": {"elapsed": 10117.462126, "datetime": "2020-06-14 12:32:32", "delta": 33.424222}}
{"target": 9.75, "params": {"cue_position": 8.0, "beta_enc": 0.29628623518991226, "gamma_cf": 0.9357092665936136, "gamma_fc": 0.16929132646528133, "beta_rec": 0.9163550699543488}, "datetime": {"elapsed": 10151.195834, "datetime": "2020-06-14 12:33:05", "delta": 33.733708}}
{"target": 9.0, "params": {"cue_position": 8.0, "beta_enc": 0.3924937023146554, "gamma_cf": 0.7815485566132617, "gamma_fc": 0.12632550405938547, "beta_rec": 0.9168067964529777}, "datetime": {"elapsed": 10183.333505, "datetime": "2020-06-14 12:33:37", "delta": 32.137671}}
{"target": 10.875, "params": {"cue_position": 8.0, "beta_enc": 0.4297741423788176, "gamma_cf": 0.8553981621780862, "gamma_fc": 0.04421769303901587, "beta_rec": 0.7099308808239425}, "datetime": {"elapsed": 10216.736818, "datetime": "2020-06-14 12:34:11", "delta": 33.403313}}
{"target": 12.125, "params": {"cue_position": 8.0, "beta_enc": 0.41249078242472714, "gamma_cf": 0.8619537135107067, "gamma_fc": 0.049316245228035016, "beta_rec": 0.6928898502547862}, "datetime": {"elapsed": 10250.260355, "datetime": "2020-06-14 12:34:44", "delta": 33.523537}}
{"target": 11.25, "params": {"cue_position": 8.0, "beta_enc": 0.4186361971198943, "gamma_cf": 0.8671012369211474, "gamma_fc": 0.008574992700798312, "beta_rec": 0.6724507324518183}, "datetime": {"elapsed": 10284.063376, "datetime": "2020-06-14 12:35:18", "delta": 33.803021}}
{"target": 10.875, "params": {"cue_position": 8.0, "beta_enc": 0.42521892464715594, "gamma_cf": 0.8967832469577552, "gamma_fc": 0.025982561432612794, "beta_rec": 0.7022869354284572}, "datetime": {"elapsed": 10316.863596, "datetime": "2020-06-14 12:35:51", "delta": 32.80022}}
{"target": 11.125, "params": {"cue_position": 8.0, "beta_enc": 0.462839489838747, "gamma_cf": 0.8780597028602265, "gamma_fc": 0.008617548980281997, "beta_rec": 0.6760758273292885}, "datetime": {"elapsed": 10356.279446, "datetime": "2020-06-14 12:36:30", "delta": 39.41585}}
{"target": 10.375, "params": {"cue_position": 8.0, "beta_enc": 0.4230256795937949, "gamma_cf": 0.8754793851607129, "gamma_fc": 0.04986729114185273, "beta_rec": 0.6980360110357579}, "datetime": {"elapsed": 10393.190211, "datetime": "2020-06-14 12:37:07", "delta": 36.910765}}
{"target": 11.125, "params": {"cue_position": 8.0, "beta_enc": 0.4382756452596076, "gamma_cf": 0.8990130257277704, "gamma_fc": 0.01752785317844452, "beta_rec": 0.7069392690292077}, "datetime": {"elapsed": 10431.471493, "datetime": "2020-06-14 12:37:46", "delta": 38.281282}}
{"target": 9.625, "params": {"cue_position": 8.0, "beta_enc": 0.3509653829881395, "gamma_cf": 0.47098830011495074, "gamma_fc": 0.11502278401752641, "beta_rec": 0.5365949982681603}, "datetime": {"elapsed": 10467.043811, "datetime": "2020-06-14 12:38:21", "delta": 35.572318}}
{"target": 10.375, "params": {"cue_position": 8.0, "beta_enc": 0.44141554578069864, "gamma_cf": 0.8943622704975526, "gamma_fc": 0.020532227226998434, "beta_rec": 0.6960304020594756}, "datetime": {"elapsed": 10505.690516, "datetime": "2020-06-14 12:39:00", "delta": 38.646705}}
{"target": 11.25, "params": {"cue_position": 8.0, "beta_enc": 0.45412457737890966, "gamma_cf": 0.8649928170576301, "gamma_fc": 0.0461597410802661, "beta_rec": 0.690144505694383}, "datetime": {"elapsed": 10542.414837, "datetime": "2020-06-14 12:39:37", "delta": 36.724321}}
{"target": 10.875, "params": {"cue_position": 8.0, "beta_enc": 0.4425823432017021, "gamma_cf": 0.8945995984751732, "gamma_fc": 0.03460334746852112, "beta_rec": 0.673990382410894}, "datetime": {"elapsed": 10585.534995, "datetime": "2020-06-14 12:40:20", "delta": 43.120158}}
{"target": 10.375, "params": {"cue_position": 8.0, "beta_enc": 0.43170966263132704, "gamma_cf": 0.89175933893208, "gamma_fc": 0.049546790718581146, "beta_rec": 0.6572861032250544}, "datetime": {"elapsed": 10629.632865, "datetime": "2020-06-14 12:41:04", "delta": 44.09787}}
{"target": 8.625, "params": {"cue_position": 8.0, "beta_enc": 0.41512260773932674, "gamma_cf": 0.9352724604804395, "gamma_fc": 0.07046818743572414, "beta_rec": 0.4289815748174206}, "datetime": {"elapsed": 10681.589853, "datetime": "2020-06-14 12:41:56", "delta": 51.956988}}
{"target": 10.125, "params": {"cue_position": 8.0, "beta_enc": 0.4454367964076701, "gamma_cf": 0.8862212415699778, "gamma_fc": 0.033396061731407745, "beta_rec": 0.7134610057358739}, "datetime": {"elapsed": 10722.935273, "datetime": "2020-06-14 12:42:37", "delta": 41.34542}}
{"target": 10.875, "params": {"cue_position": 8.0, "beta_enc": 0.4533983702512949, "gamma_cf": 0.8948261888762873, "gamma_fc": 0.0015346206972481902, "beta_rec": 0.6866907907359129}, "datetime": {"elapsed": 10773.512973, "datetime": "2020-06-14 12:43:28", "delta": 50.5777}}
{"target": 11.25, "params": {"cue_position": 8.0, "beta_enc": 0.46894640281235955, "gamma_cf": 0.8837956963194666, "gamma_fc": 0.006237086161864691, "beta_rec": 0.6709307328983771}, "datetime": {"elapsed": 10815.333892, "datetime": "2020-06-14 12:44:09", "delta": 41.820919}}
{"target": 10.5, "params": {"cue_position": 8.0, "beta_enc": 0.3621729975949203, "gamma_cf": 0.8648618066416393, "gamma_fc": 0.26462753161052766, "beta_rec": 0.7486386477085606}, "datetime": {"elapsed": 10860.953196, "datetime": "2020-06-14 12:44:55", "delta": 45.619304}}
{"target": 9.625, "params": {"cue_position": 8.0, "beta_enc": 0.9243366034738106, "gamma_cf": 0.08672636287056201, "gamma_fc": 0.8238863750149436, "beta_rec": 0.8984330542234491}, "datetime": {"elapsed": 10905.203339, "datetime": "2020-06-14 12:45:39", "delta": 44.250143}}
