{"target": 7.076666666666667, "params": {"gamma_fc": 0.6323033174301278, "beta_enc": 0.2596983932983531, "primacy": 0.9, "beta_rec": 0.2570692988221467}, "datetime": {"datetime": "2020-09-19 14:39:53", "elapsed": 15254.742944, "delta": 182.159758}}
{"target": 5.79, "params": {"gamma_fc": 0.7827494147841719, "beta_enc": 0.7965886780072875, "primacy": 0.9, "beta_rec": 0.44614623200345727}, "datetime": {"datetime": "2020-09-19 14:42:31", "elapsed": 15413.584796, "delta": 158.841852}}
{"target": 7.045555555555556, "params": {"gamma_fc": 0.9013084363492738, "beta_enc": 0.30024833953390007, "primacy": 0.9, "beta_rec": 0.14300582825809938}, "datetime": {"datetime": "2020-09-19 14:45:33", "elapsed": 15595.165789, "delta": 181.580993}}
{"target": 2.8555555555555556, "params": {"gamma_fc": 0.9939130246104789, "beta_enc": 0.9747403708550822, "primacy": 0.9, "beta_rec": 0.6366044000018972}, "datetime": {"datetime": "2020-09-19 14:47:19", "elapsed": 15701.158993, "delta": 105.993204}}
{"target": 6.87, "params": {"gamma_fc": 0.3557051709838811, "beta_enc": 0.5264259339055213, "primacy": 0.9, "beta_rec": 0.1354279030721699}, "datetime": {"datetime": "2020-09-19 14:50:17", "elapsed": 15879.555224, "delta": 178.396231}}
{"target": 7.182222222222222, "params": {"gamma_fc": 0.03039968992878883, "beta_enc": 0.1603951795196491, "primacy": 0.9, "beta_rec": 0.7456371927074961}, "datetime": {"datetime": "2020-09-19 14:53:23", "elapsed": 16065.682221, "delta": 186.126997}}
{"target": 5.492222222222222, "params": {"gamma_fc": 0.6909421420661686, "beta_enc": 0.8623462528380441, "primacy": 0.9, "beta_rec": 0.6926777175073543}, "datetime": {"datetime": "2020-09-19 14:55:57", "elapsed": 16219.178241, "delta": 153.49602}}
{"target": 6.921111111111111, "params": {"gamma_fc": 0.9897517076637052, "beta_enc": 0.44190428074842336, "primacy": 0.9, "beta_rec": 0.5815774073442912}, "datetime": {"datetime": "2020-09-19 14:58:56", "elapsed": 16398.56726, "delta": 179.389019}}
{"target": 7.1066666666666665, "params": {"gamma_fc": 0.7501724132979928, "beta_enc": 0.24773290176235485, "primacy": 0.9, "beta_rec": 0.26217308377291193}, "datetime": {"datetime": "2020-09-19 15:01:59", "elapsed": 16581.23069, "delta": 182.66343}}
{"target": 7.065555555555555, "params": {"gamma_fc": 0.21196016464367595, "beta_enc": 0.05692943841109499, "primacy": 0.9, "beta_rec": 0.5085162406102396}, "datetime": {"datetime": "2020-09-19 15:05:01", "elapsed": 16763.214871, "delta": 181.984181}}
{"target": 7.015555555555555, "params": {"gamma_fc": 0.593432449464621, "beta_enc": 0.29733138150727223, "primacy": 0.9, "beta_rec": 0.02760601195450363}, "datetime": {"datetime": "2020-09-19 15:08:02", "elapsed": 16944.557739, "delta": 181.342868}}
{"target": 6.985555555555556, "params": {"gamma_fc": 0.5111414782971282, "beta_enc": 0.3810161240622142, "primacy": 0.9, "beta_rec": 0.7498583107261434}, "datetime": {"datetime": "2020-09-19 15:11:03", "elapsed": 17125.422941, "delta": 180.865202}}
{"target": 7.3966666666666665, "params": {"gamma_fc": 0.0, "beta_enc": 0.7461937286186288, "primacy": 0.9, "beta_rec": 0.6844334163760266}, "datetime": {"datetime": "2020-09-19 15:14:22", "elapsed": 17324.149842, "delta": 198.726901}}
{"target": 7.072222222222222, "params": {"gamma_fc": 0.5542578473901889, "beta_enc": 0.0875261979617594, "primacy": 0.9, "beta_rec": 1.0}, "datetime": {"datetime": "2020-09-19 15:17:32", "elapsed": 17514.489482, "delta": 190.33964}}
{"target": 7.0777777777777775, "params": {"gamma_fc": 1.0, "beta_enc": 0.12634619606061565, "primacy": 0.9, "beta_rec": 0.9022269903008362}, "datetime": {"datetime": "2020-09-19 15:20:41", "elapsed": 17703.11437, "delta": 188.624888}}
{"target": 7.168888888888889, "params": {"gamma_fc": 1.0, "beta_enc": 0.07428323840590668, "primacy": 0.9, "beta_rec": 0.0}, "datetime": {"datetime": "2020-09-19 15:23:52", "elapsed": 17894.520102, "delta": 191.405732}}
{"target": 5.95, "params": {"gamma_fc": 0.0, "beta_enc": 0.0, "primacy": 0.9, "beta_rec": 0.9861093590245952}, "datetime": {"datetime": "2020-09-19 15:26:42", "elapsed": 18063.977904, "delta": 169.457802}}
