{"target": -0.5691995252892189, "params": {"phi_s": 1.0752077572992003, "gamma_fc": 0.9795901743594252, "phi_d": 2.2448746912718853, "beta_enc": 0.9357362666081998, "Num": 6.131123353670123, "beta_rec": 0.5968885249459731, "k": 4.410066204088712}, "datetime": {"delta": 26.49154, "elapsed": 4193.885974, "datetime": "2020-09-09 13:17:54"}}
{"target": -0.48921246838032356, "params": {"phi_s": 1.1061851909050502, "gamma_fc": 0.2772001047825985, "phi_d": 2.3270923470158036, "beta_enc": 0.5182815803268124, "Num": 7.6472663900048605, "beta_rec": 0.0053165329611032375, "k": 5.348322325198115}, "datetime": {"delta": 28.97295, "elapsed": 4222.858924, "datetime": "2020-09-09 13:18:23"}}
{"target": -1.0898616215725871, "params": {"phi_s": 2.838475008512345, "gamma_fc": 0.9314470149929107, "phi_d": 0.9027387415417011, "beta_enc": 0.800994555798356, "Num": 5.490534438505197, "beta_rec": 0.6495830548784789, "k": 0.7473144501476114}, "datetime": {"delta": 29.295459, "elapsed": 4252.154383, "datetime": "2020-09-09 13:18:52"}}
{"target": -0.610546052760415, "params": {"phi_s": 1.279298667368207, "gamma_fc": 0.896043491575002, "phi_d": 2.995709470560437, "beta_enc": 0.5997403444720987, "Num": 7.6500514829814295, "beta_rec": 0.8329681438370704, "k": 9.727203528528248}, "datetime": {"delta": 26.241485, "elapsed": 4278.395868, "datetime": "2020-09-09 13:19:18"}}
{"target": -2.7822853311966567, "params": {"phi_s": 2.3703459938153992, "gamma_fc": 0.971820072977926, "phi_d": 2.541036795938964, "beta_enc": 0.07346665436012334, "Num": 0.7054204474369918, "beta_rec": 0.01474379089994693, "k": 0.9476691645722912}, "datetime": {"delta": 11.550952, "elapsed": 4289.94682, "datetime": "2020-09-09 13:19:30"}}
{"target": -0.9698903796093845, "params": {"phi_s": 1.0518515855685397, "gamma_fc": 0.2538388823471872, "phi_d": 2.20436338193512, "beta_enc": 0.3466948813585782, "Num": 4.875571674829181, "beta_rec": 0.35364778706700506, "k": 9.110179736986264}, "datetime": {"delta": 23.30668, "elapsed": 4313.2535, "datetime": "2020-09-09 13:19:53"}}
{"target": -2.8308490321437745, "params": {"phi_s": 2.593117175073422, "gamma_fc": 0.8846818943092944, "phi_d": 1.0562317298083568, "beta_enc": 0.28130127253681136, "Num": 4.615212532471146, "beta_rec": 0.02896618617789848, "k": 7.710053579546823}, "datetime": {"delta": 16.821841, "elapsed": 4330.075341, "datetime": "2020-09-09 13:20:10"}}
{"target": -2.1263465105854693, "params": {"phi_s": 2.7759929878529293, "gamma_fc": 0.9769161619458502, "phi_d": 2.8606119859469823, "beta_enc": 0.30788244381764673, "Num": 3.2463832220299658, "beta_rec": 0.9281090785007262, "k": 5.235553047168928}, "datetime": {"delta": 16.214246, "elapsed": 4346.289587, "datetime": "2020-09-09 13:20:26"}}
{"target": -1.1602473302047707, "params": {"phi_s": 2.154277965812096, "gamma_fc": 0.7451896871771201, "phi_d": 2.7482630056919435, "beta_enc": 1.0, "Num": 9.290053084003363, "beta_rec": 0.06941179783950692, "k": 7.518791092516748}, "datetime": {"delta": 52.918881, "elapsed": 4399.208468, "datetime": "2020-09-09 13:21:19"}}
{"target": -0.4669225154155815, "params": {"phi_s": 1.8453062499478394, "gamma_fc": 0.16390180403756072, "phi_d": 1.3561339945106792, "beta_enc": 0.7408273848407165, "Num": 1.798023849192248, "beta_rec": 0.8896860400433286, "k": 4.821264676915965}, "datetime": {"delta": 39.957989, "elapsed": 4439.166457, "datetime": "2020-09-09 13:21:59"}}
{"target": -0.8611768970477829, "params": {"phi_s": 2.3736683836514714, "gamma_fc": 0.42384889033838014, "phi_d": 1.2488548540935753, "beta_enc": 1.0, "Num": 7.315716466289185, "beta_rec": 0.3133306069708269, "k": 6.579986632961048}, "datetime": {"delta": 51.47903, "elapsed": 4490.645487, "datetime": "2020-09-09 13:22:50"}}
{"target": -0.95025579181976, "params": {"phi_s": 1.207092418154999, "gamma_fc": 0.16570520847237316, "phi_d": 1.4510898842689255, "beta_enc": 1.0, "Num": 5.936151924318813, "beta_rec": 0.19927207366744693, "k": 8.633215049763743}, "datetime": {"delta": 51.598614, "elapsed": 4542.244101, "datetime": "2020-09-09 13:23:42"}}
{"target": -0.7830902563577073, "params": {"phi_s": 1.0456420979595251, "gamma_fc": 0.43188539187916486, "phi_d": 2.8291215846766593, "beta_enc": 1.0, "Num": 3.0965001568903636, "beta_rec": 0.36526596254041505, "k": 5.143629289711535}, "datetime": {"delta": 45.34595, "elapsed": 4587.590051, "datetime": "2020-09-09 13:24:27"}}
{"target": -0.38459328525842906, "params": {"phi_s": 1.1091948244883527, "gamma_fc": 0.46862001204380416, "phi_d": 2.750640053044086, "beta_enc": 0.7792498311953827, "Num": 3.21860384495719, "beta_rec": 0.37833933832252753, "k": 5.1028021571176225}, "datetime": {"delta": 42.907362, "elapsed": 4630.497413, "datetime": "2020-09-09 13:25:10"}}
{"target": -0.3206092575850854, "params": {"phi_s": 1.0640402954345927, "gamma_fc": 0.4242576178838498, "phi_d": 2.8405611021798904, "beta_enc": 0.8565716023401216, "Num": 3.1719348232669753, "beta_rec": 0.3649368952400049, "k": 5.108219139476558}, "datetime": {"delta": 41.799508, "elapsed": 4672.296921, "datetime": "2020-09-09 13:25:52"}}
{"target": -0.39749681634767187, "params": {"phi_s": 1.4928191980258092, "gamma_fc": 0.8019682397358165, "phi_d": 0.6855892813869982, "beta_enc": 0.7511896171647828, "Num": 6.193999864442308, "beta_rec": 0.16373825375200118, "k": 5.394005582188848}, "datetime": {"delta": 45.33295, "elapsed": 4717.629871, "datetime": "2020-09-09 13:26:37"}}
{"target": -0.3141463574618704, "params": {"phi_s": 1.0697412636212569, "gamma_fc": 0.4385964888166465, "phi_d": 2.811906479318485, "beta_enc": 0.8856044487103116, "Num": 3.1588622730726845, "beta_rec": 0.3681435858162776, "k": 5.1183310110110085}, "datetime": {"delta": 40.077743, "elapsed": 4757.707614, "datetime": "2020-09-09 13:27:17"}}
{"target": -0.400415680197384, "params": {"phi_s": 1.3780537655057925, "gamma_fc": 0.7321689700836953, "phi_d": 0.6838563068886048, "beta_enc": 0.7166391854799343, "Num": 6.173153987751948, "beta_rec": 0.07952457735398857, "k": 5.198221850242697}, "datetime": {"delta": 48.476594, "elapsed": 4806.184208, "datetime": "2020-09-09 13:28:06"}}
{"target": -0.37613508802471063, "params": {"phi_s": 1.1447725335072894, "gamma_fc": 0.5383726555338707, "phi_d": 2.633739850633156, "beta_enc": 0.7201608517220978, "Num": 3.255118019635058, "beta_rec": 0.4066422137843298, "k": 5.135859144752911}, "datetime": {"delta": 43.10372, "elapsed": 4849.287928, "datetime": "2020-09-09 13:28:49"}}
{"target": -0.38824594370726584, "params": {"phi_s": 1.8969864092023658, "gamma_fc": 0.17608749392879364, "phi_d": 1.321462774499379, "beta_enc": 0.6096628659678198, "Num": 1.6332308256120645, "beta_rec": 0.876885221497107, "k": 4.735094853374939}, "datetime": {"delta": 39.755042, "elapsed": 4889.04297, "datetime": "2020-09-09 13:29:29"}}
{"target": -0.2808309311387021, "params": {"phi_s": 1.0551619506428076, "gamma_fc": 0.42046925162488846, "phi_d": 2.8493181373483223, "beta_enc": 0.8924737810181942, "Num": 3.1522477348097717, "beta_rec": 0.3635338533693331, "k": 5.115695213276979}, "datetime": {"delta": 44.180413, "elapsed": 4933.223383, "datetime": "2020-09-09 13:30:13"}}
{"target": -0.308687399796159, "params": {"phi_s": 1.5931411378175315, "gamma_fc": 0.8598438427158, "phi_d": 0.6035595569001732, "beta_enc": 0.7610873709832626, "Num": 6.162673018199881, "beta_rec": 0.250898368757812, "k": 5.64438554327706}, "datetime": {"delta": 46.3933, "elapsed": 4979.616683, "datetime": "2020-09-09 13:30:59"}}
{"target": -0.3429560078877937, "params": {"phi_s": 1.544535542134851, "gamma_fc": 0.8114689469451435, "phi_d": 0.5266115418563859, "beta_enc": 0.7578169773916762, "Num": 6.116028491738638, "beta_rec": 0.2120233287125827, "k": 5.587456223936434}, "datetime": {"delta": 46.21923, "elapsed": 5025.835913, "datetime": "2020-09-09 13:31:46"}}
{"target": -0.33338985372203866, "params": {"phi_s": 1.5188529588185333, "gamma_fc": 0.8373153492906737, "phi_d": 0.604740508161654, "beta_enc": 0.6965372998506547, "Num": 6.227808536057535, "beta_rec": 0.21467924037246022, "k": 5.654457348541742}, "datetime": {"delta": 48.42658, "elapsed": 5074.262493, "datetime": "2020-09-09 13:32:34"}}
{"target": -0.3701467755496557, "params": {"phi_s": 1.613666188872664, "gamma_fc": 0.7770025667780346, "phi_d": 0.5920477228890282, "beta_enc": 0.8030061505190459, "Num": 6.237725228509313, "beta_rec": 0.2224373306499611, "k": 5.64098071492476}, "datetime": {"delta": 46.445867, "elapsed": 5120.70836, "datetime": "2020-09-09 13:33:20"}}
{"target": -0.44529986541184974, "params": {"phi_s": 1.544224834414743, "gamma_fc": 0.9290333228372262, "phi_d": 0.6159422908757655, "beta_enc": 0.784385603302121, "Num": 6.157441540068291, "beta_rec": 0.16084467498511906, "k": 5.646327803098736}, "datetime": {"delta": 45.581313, "elapsed": 5166.289673, "datetime": "2020-09-09 13:34:06"}}
{"target": -0.29518880536203684, "params": {"phi_s": 1.5716139132853835, "gamma_fc": 0.8286132136680825, "phi_d": 0.5914858666679415, "beta_enc": 0.7051337190714062, "Num": 6.170280387355628, "beta_rec": 0.3337208972897397, "k": 5.619597252432437}, "datetime": {"delta": 46.626984, "elapsed": 5212.916657, "datetime": "2020-09-09 13:34:53"}}
{"target": -0.39193011102043995, "params": {"phi_s": 1.6576829280521228, "gamma_fc": 0.825160076949633, "phi_d": 0.6292686494425617, "beta_enc": 0.659952527447623, "Num": 6.136634543754037, "beta_rec": 0.2802961007910492, "k": 5.656385797837805}, "datetime": {"delta": 47.741036, "elapsed": 5260.657693, "datetime": "2020-09-09 13:35:40"}}
{"target": -0.3073929090433254, "params": {"phi_s": 1.5157687032351814, "gamma_fc": 0.8297351854575766, "phi_d": 0.5978419416918025, "beta_enc": 0.7710431137130237, "Num": 6.177477784472217, "beta_rec": 0.32014681598961653, "k": 5.621825345511331}, "datetime": {"delta": 44.594913, "elapsed": 5305.252606, "datetime": "2020-09-09 13:36:25"}}
{"target": -0.2757394974128242, "params": {"phi_s": 1.571890890884509, "gamma_fc": 0.8705933035599323, "phi_d": 0.5428325498120559, "beta_enc": 0.7322210960719374, "Num": 6.211897054736173, "beta_rec": 0.30424224509136816, "k": 5.598410620847753}, "datetime": {"delta": 46.08115, "elapsed": 5351.333756, "datetime": "2020-09-09 13:37:11"}}
{"target": -0.29254179798830804, "params": {"phi_s": 1.5759682954442165, "gamma_fc": 0.8676309975578749, "phi_d": 0.5162323299341555, "beta_enc": 0.7380187502593664, "Num": 6.193574313926718, "beta_rec": 0.3247717619844545, "k": 5.674402842554526}, "datetime": {"delta": 45.934062, "elapsed": 5397.267818, "datetime": "2020-09-09 13:37:57"}}
{"target": -0.37022548316210635, "params": {"phi_s": 2.1046904754097446, "gamma_fc": 0.7872328958931359, "phi_d": 2.4367663640522657, "beta_enc": 0.7891313390931529, "Num": 6.945863938061281, "beta_rec": 0.31971057846507084, "k": 4.186744047955655}, "datetime": {"delta": 46.635299, "elapsed": 5443.903117, "datetime": "2020-09-09 13:38:44"}}
{"target": -0.3162942979151565, "params": {"phi_s": 1.6238202143053024, "gamma_fc": 0.89203157372458, "phi_d": 0.5548995387017255, "beta_enc": 0.7851910332548832, "Num": 6.164809357646391, "beta_rec": 0.3560591442581938, "k": 5.578982222085201}, "datetime": {"delta": 45.461216, "elapsed": 5489.364333, "datetime": "2020-09-09 13:39:29"}}
{"target": -0.37882325366180025, "params": {"phi_s": 2.3925580919626444, "gamma_fc": 0.15050536064742187, "phi_d": 0.8348864351522574, "beta_enc": 0.7125189717947584, "Num": 2.4702600989191272, "beta_rec": 0.40273566633000546, "k": 5.116075473307001}, "datetime": {"delta": 39.377011, "elapsed": 5528.741344, "datetime": "2020-09-09 13:40:08"}}
{"target": -0.31664934426654856, "params": {"phi_s": 1.5740903725270392, "gamma_fc": 0.9010738421344369, "phi_d": 0.6050099745236721, "beta_enc": 0.717250467161748, "Num": 6.26549721616091, "beta_rec": 0.34111587345534927, "k": 5.631905073853808}, "datetime": {"delta": 47.040254, "elapsed": 5575.781598, "datetime": "2020-09-09 13:40:55"}}
{"target": -0.40721723611269683, "params": {"phi_s": 1.4908855591979449, "gamma_fc": 0.826665336463019, "phi_d": 0.5168600052651999, "beta_enc": 0.6556063382908847, "Num": 6.233528501892977, "beta_rec": 0.29924238415636656, "k": 5.50884400421135}, "datetime": {"delta": 48.077489, "elapsed": 5623.859087, "datetime": "2020-09-09 13:41:44"}}
{"target": -0.3492932397094134, "params": {"phi_s": 2.1194637726021544, "gamma_fc": 0.9133643529955565, "phi_d": 2.44027200662441, "beta_enc": 0.8161380956050955, "Num": 6.842457569217674, "beta_rec": 0.3616288040176811, "k": 4.3233407897716605}, "datetime": {"delta": 46.777838, "elapsed": 5670.636925, "datetime": "2020-09-09 13:42:30"}}
{"target": -0.3872417039192785, "params": {"phi_s": 2.2225496889418186, "gamma_fc": 0.9002221075832061, "phi_d": 2.5018905723375773, "beta_enc": 0.8335445785233352, "Num": 6.8270708846276875, "beta_rec": 0.33671720778510617, "k": 4.1702766768451305}, "datetime": {"delta": 47.741157, "elapsed": 5718.378082, "datetime": "2020-09-09 13:43:18"}}
{"target": -0.43794660945019426, "params": {"phi_s": 2.104990188339262, "gamma_fc": 0.9210222440990867, "phi_d": 2.5498099716773504, "beta_enc": 0.8588511359217286, "Num": 6.984086617795441, "beta_rec": 0.3014034961270868, "k": 4.2880750662901885}, "datetime": {"delta": 48.278453, "elapsed": 5766.656535, "datetime": "2020-09-09 13:44:06"}}
{"target": -0.3467077761678832, "params": {"phi_s": 2.2185891524947134, "gamma_fc": 0.8489021175612437, "phi_d": 2.3265076132005946, "beta_enc": 0.8085265415327166, "Num": 6.878990586277716, "beta_rec": 0.26338810515000444, "k": 4.293406428501002}, "datetime": {"delta": 48.193984, "elapsed": 5814.850519, "datetime": "2020-09-09 13:44:55"}}
{"target": -0.45181474521916776, "params": {"phi_s": 2.1693313642003607, "gamma_fc": 0.9213125592059936, "phi_d": 2.379137044534771, "beta_enc": 0.6628619040909373, "Num": 6.886723304238639, "beta_rec": 0.3228995151992919, "k": 4.247972067259502}, "datetime": {"delta": 47.709283, "elapsed": 5862.559802, "datetime": "2020-09-09 13:45:42"}}
{"target": -0.3880835351607149, "params": {"phi_s": 2.203416226914121, "gamma_fc": 0.7533089729724898, "phi_d": 2.411238641996936, "beta_enc": 0.8803673041728016, "Num": 6.859581316436918, "beta_rec": 0.3825975497924353, "k": 4.315274271666678}, "datetime": {"delta": 46.458486, "elapsed": 5909.018288, "datetime": "2020-09-09 13:46:29"}}
{"target": -0.3140293498164183, "params": {"phi_s": 1.0706957612352543, "gamma_fc": 0.40172807708268543, "phi_d": 2.8570656047303626, "beta_enc": 0.8960615457210057, "Num": 3.14106721019976, "beta_rec": 0.3467540918842411, "k": 5.067308838436566}, "datetime": {"delta": 41.619772, "elapsed": 5950.63806, "datetime": "2020-09-09 13:47:10"}}
{"target": -0.3790333082267413, "params": {"phi_s": 2.174195829724645, "gamma_fc": 0.7954688579239936, "phi_d": 2.4781003643188524, "beta_enc": 0.7918367822123846, "Num": 6.828906093696176, "beta_rec": 0.2141651902526859, "k": 4.321608242494246}, "datetime": {"delta": 47.753706, "elapsed": 5998.391766, "datetime": "2020-09-09 13:47:58"}}
{"target": -0.41632728819769177, "params": {"phi_s": 2.385135348662833, "gamma_fc": 0.07436229119785041, "phi_d": 0.8012612325696269, "beta_enc": 0.78655004370516, "Num": 2.519115042109055, "beta_rec": 0.5915082289103564, "k": 4.998367148617334}, "datetime": {"delta": 40.778751, "elapsed": 6039.170517, "datetime": "2020-09-09 13:48:39"}}
{"target": -0.3915231290500921, "params": {"phi_s": 2.3786151946342886, "gamma_fc": 0.21379179155517636, "phi_d": 0.7241676416027715, "beta_enc": 0.8185577749250561, "Num": 2.6540627599067914, "beta_rec": 0.414465392730814, "k": 5.088071891898319}, "datetime": {"delta": 40.314886, "elapsed": 6079.485403, "datetime": "2020-09-09 13:49:19"}}
{"target": -0.36227434259907465, "params": {"phi_s": 2.407950339626659, "gamma_fc": 0.020872505441730655, "phi_d": 0.8478604342509818, "beta_enc": 0.8637319338622709, "Num": 2.592769390042602, "beta_rec": 0.3431173451163051, "k": 5.062824900630897}, "datetime": {"delta": 40.594486, "elapsed": 6120.079889, "datetime": "2020-09-09 13:50:00"}}
{"target": -0.39271164270169445, "params": {"phi_s": 2.3376185674676178, "gamma_fc": 0.0027363163589519167, "phi_d": 0.7021920712164419, "beta_enc": 0.7132624926793311, "Num": 2.5908683127890564, "beta_rec": 0.36257657989402453, "k": 5.058859023797481}, "datetime": {"delta": 40.652308, "elapsed": 6160.732197, "datetime": "2020-09-09 13:50:40"}}
{"target": -0.4402392265614107, "params": {"phi_s": 2.4050645102091375, "gamma_fc": 0.059395355648757815, "phi_d": 0.7059043183727793, "beta_enc": 0.8959479193521781, "Num": 2.4862625241720884, "beta_rec": 0.41029863119564175, "k": 5.1656450428473955}, "datetime": {"delta": 40.449914, "elapsed": 6201.182111, "datetime": "2020-09-09 13:51:21"}}
{"target": -0.3963445961133055, "params": {"phi_s": 2.4538818106593774, "gamma_fc": 0.13381822802490773, "phi_d": 0.7763431396707178, "beta_enc": 0.7919438411704649, "Num": 2.5383162580849605, "beta_rec": 0.3290186044502697, "k": 4.91870927883552}, "datetime": {"delta": 40.768649, "elapsed": 6241.95076, "datetime": "2020-09-09 13:52:02"}}
{"target": -0.6889043879370842, "params": {"phi_s": 1.4458675105385421, "gamma_fc": 0.2460898453501399, "phi_d": 2.3581010191656717, "beta_enc": 0.9091808927934674, "Num": 5.12910628348511, "beta_rec": 0.18228749329541422, "k": 3.876372459595271}, "datetime": {"delta": 49.547268, "elapsed": 6291.498028, "datetime": "2020-09-09 13:52:51"}}
{"target": -0.42731275762779364, "params": {"phi_s": 2.1213697128806897, "gamma_fc": 0.18321868214488468, "phi_d": 1.0071827661971497, "beta_enc": 0.7577733801796871, "Num": 2.4154141336772805, "beta_rec": 0.343437244133297, "k": 5.0503812882201915}, "datetime": {"delta": 40.004311, "elapsed": 6331.502339, "datetime": "2020-09-09 13:53:31"}}
{"target": -0.3500448307742843, "params": {"phi_s": 1.507140397618185, "gamma_fc": 0.7461851760822431, "phi_d": 0.8944604304277929, "beta_enc": 0.7624534035242037, "Num": 6.165528753597532, "beta_rec": 0.16542782463752786, "k": 5.080498632471434}, "datetime": {"delta": 47.222292, "elapsed": 6378.724631, "datetime": "2020-09-09 13:54:18"}}
{"target": -0.40962915579044584, "params": {"phi_s": 1.4040850206166304, "gamma_fc": 0.6901859414198537, "phi_d": 0.9624548554144223, "beta_enc": 0.6968311569800391, "Num": 6.261920238953554, "beta_rec": 0.09688715528803303, "k": 5.169175957533215}, "datetime": {"delta": 46.902243, "elapsed": 6425.626874, "datetime": "2020-09-09 13:55:05"}}
{"target": -0.3915420293566201, "params": {"phi_s": 1.5483310025897365, "gamma_fc": 0.7287350258939004, "phi_d": 0.7876813473276806, "beta_enc": 0.7837023474820558, "Num": 6.281670751682924, "beta_rec": 0.04205249678388345, "k": 5.044345672606975}, "datetime": {"delta": 47.129863, "elapsed": 6472.756737, "datetime": "2020-09-09 13:55:52"}}
{"target": -0.48595321824139415, "params": {"phi_s": 1.4308970016023264, "gamma_fc": 0.6150522741614919, "phi_d": 0.8267381914396498, "beta_enc": 0.8808823966466255, "Num": 6.138462082872459, "beta_rec": 0.11230458054848545, "k": 5.0868544418843635}, "datetime": {"delta": 49.789603, "elapsed": 6522.54634, "datetime": "2020-09-09 13:56:42"}}
{"target": -0.3790708387362063, "params": {"phi_s": 1.4483784463524663, "gamma_fc": 0.9045426945833701, "phi_d": 0.865246622250337, "beta_enc": 0.6914501280605072, "Num": 6.1937338624434295, "beta_rec": 0.089119250197195, "k": 5.042756344921481}, "datetime": {"delta": 47.396086, "elapsed": 6569.942426, "datetime": "2020-09-09 13:57:30"}}
{"target": -0.44324048282991946, "params": {"phi_s": 1.5801519256646448, "gamma_fc": 0.7640331499955753, "phi_d": 0.8444111350039563, "beta_enc": 0.6167389288804958, "Num": 6.142212767222249, "beta_rec": 0.08220909612967708, "k": 5.124092443830895}, "datetime": {"delta": 48.907088, "elapsed": 6618.849514, "datetime": "2020-09-09 13:58:19"}}
{"target": -0.3116082527451567, "params": {"phi_s": 1.076749541673446, "gamma_fc": 0.39982806290868694, "phi_d": 2.8733421754848565, "beta_enc": 0.9067894536448522, "Num": 3.190824378368448, "beta_rec": 0.36825348670561436, "k": 5.1370544167135455}, "datetime": {"delta": 43.12533, "elapsed": 6661.974844, "datetime": "2020-09-09 13:59:02"}}
{"target": -0.39389568113177653, "params": {"phi_s": 1.4186264102523336, "gamma_fc": 0.7684752933507073, "phi_d": 0.8256130987800143, "beta_enc": 0.7045938125182356, "Num": 6.282617802685761, "beta_rec": 0.22195048348647028, "k": 4.990047351283844}, "datetime": {"delta": 48.56941, "elapsed": 6710.544254, "datetime": "2020-09-09 13:59:50"}}
{"target": -0.7557572653104755, "params": {"phi_s": 2.0055668885935645, "gamma_fc": 0.21844104489096508, "phi_d": 2.839448851718178, "beta_enc": 0.9906698307505172, "Num": 5.395590766665462, "beta_rec": 0.3704291479462776, "k": 5.954830403846913}, "datetime": {"delta": 48.543105, "elapsed": 6759.087359, "datetime": "2020-09-09 14:00:39"}}
{"target": -0.3229183318008498, "params": {"phi_s": 1.0711613796014943, "gamma_fc": 0.4350555709212491, "phi_d": 2.88312560793843, "beta_enc": 0.8674777347702296, "Num": 3.1187733778015643, "beta_rec": 0.3773454943707194, "k": 5.132049575253897}, "datetime": {"delta": 43.411516, "elapsed": 6802.498875, "datetime": "2020-09-09 14:01:22"}}
{"target": -0.35280271598964175, "params": {"phi_s": 1.2094306194683142, "gamma_fc": 0.0, "phi_d": 2.4593460542971513, "beta_enc": 0.7246858484589839, "Num": 4.891247381608557, "beta_rec": 0.03894340716880194, "k": 4.053842148010647}, "datetime": {"delta": 46.369054, "elapsed": 6848.867929, "datetime": "2020-09-09 14:02:09"}}
{"target": -0.4053025580002761, "params": {"phi_s": 1.3003058225281061, "gamma_fc": 0.0, "phi_d": 2.467532714598712, "beta_enc": 0.7283932859259087, "Num": 5.026882123185583, "beta_rec": 0.06691304884530024, "k": 4.201685461649477}, "datetime": {"delta": 48.975905, "elapsed": 6897.843834, "datetime": "2020-09-09 14:02:58"}}
