{"target": 14.333333333333334, "params": {"cue_position": 0.0, "beta_enc": 0.9093485845894086, "gamma_cf": 1.0, "beta_rec": 0.9598367606878679, "gamma_fc": 0.007736014772970035}, "datetime": {"elapsed": 7754.210249, "datetime": "2020-08-12 16:17:04", "delta": 27.554695}}
{"target": 14.5, "params": {"cue_position": 0.0, "beta_enc": 0.9082633845757044, "gamma_cf": 1.0, "beta_rec": 0.9461446310426406, "gamma_fc": 0.0022746286971409013}, "datetime": {"elapsed": 7781.843568, "datetime": "2020-08-12 16:17:31", "delta": 27.633319}}
{"target": 14.216666666666667, "params": {"cue_position": 0.0, "beta_enc": 0.9251611696264845, "gamma_cf": 1.0, "beta_rec": 0.9663783550117875, "gamma_fc": 0.024461643390503496}, "datetime": {"elapsed": 7809.27012, "datetime": "2020-08-12 16:17:59", "delta": 27.426552}}
{"target": 14.2, "params": {"cue_position": 0.0, "beta_enc": 0.9142518907777686, "gamma_cf": 1.0, "beta_rec": 0.9526753278558441, "gamma_fc": 0.014283892944735551}, "datetime": {"elapsed": 7836.736353, "datetime": "2020-08-12 16:18:26", "delta": 27.466233}}
{"target": 14.0125, "params": {"cue_position": 0.0, "beta_enc": 0.961626928021156, "gamma_cf": 1.0, "beta_rec": 0.9905061247370276, "gamma_fc": 0.27465957888629566}, "datetime": {"elapsed": 7863.987458, "datetime": "2020-08-12 16:18:53", "delta": 27.251105}}
{"target": 14.5, "params": {"cue_position": 0.0, "beta_enc": 0.9289871783083056, "gamma_cf": 1.0, "beta_rec": 0.9689351178251722, "gamma_fc": 0.043037370823308496}, "datetime": {"elapsed": 7891.806106, "datetime": "2020-08-12 16:19:21", "delta": 27.818648}}
{"target": 14.254166666666666, "params": {"cue_position": 0.0, "beta_enc": 0.9146072151017816, "gamma_cf": 1.0, "beta_rec": 0.9427367070574266, "gamma_fc": 0.005814856474222974}, "datetime": {"elapsed": 7920.358037, "datetime": "2020-08-12 16:19:50", "delta": 28.551931}}
{"target": 14.191666666666666, "params": {"cue_position": 0.0, "beta_enc": 0.9141509460620946, "gamma_cf": 1.0, "beta_rec": 0.9475153959120112, "gamma_fc": 0.016513855097923358}, "datetime": {"elapsed": 7947.97898, "datetime": "2020-08-12 16:20:17", "delta": 27.620943}}
{"target": 14.35, "params": {"cue_position": 0.0, "beta_enc": 0.9170701697104661, "gamma_cf": 1.0, "beta_rec": 0.9629416440627243, "gamma_fc": 0.06227052976809444}, "datetime": {"elapsed": 7975.704153, "datetime": "2020-08-12 16:20:45", "delta": 27.725173}}
{"target": 13.891666666666667, "params": {"cue_position": 0.0, "beta_enc": 0.9213394157637321, "gamma_cf": 1.0, "beta_rec": 0.9662881732425017, "gamma_fc": 0.02572717651381563}, "datetime": {"elapsed": 8003.107153, "datetime": "2020-08-12 16:21:12", "delta": 27.403}}
{"target": 14.158333333333333, "params": {"cue_position": 0.0, "beta_enc": 0.9317025751592853, "gamma_cf": 1.0, "beta_rec": 0.9537539464967443, "gamma_fc": 0.01882100548758714}, "datetime": {"elapsed": 8030.81503, "datetime": "2020-08-12 16:21:40", "delta": 27.707877}}
{"target": 14.316666666666666, "params": {"cue_position": 0.0, "beta_enc": 0.9242876793232425, "gamma_cf": 1.0, "beta_rec": 0.9738016257606285, "gamma_fc": 0.027500508238694432}, "datetime": {"elapsed": 8058.656853, "datetime": "2020-08-12 16:22:08", "delta": 27.841823}}
{"target": 14.441666666666666, "params": {"cue_position": 0.0, "beta_enc": 0.9150675956684577, "gamma_cf": 1.0, "beta_rec": 0.9400819987019688, "gamma_fc": 0.010926070494986173}, "datetime": {"elapsed": 8086.663142, "datetime": "2020-08-12 16:22:36", "delta": 28.006289}}
{"target": 14.358333333333333, "params": {"cue_position": 0.0, "beta_enc": 0.9217413794547621, "gamma_cf": 1.0, "beta_rec": 0.9627395515900384, "gamma_fc": 0.035170899213599616}, "datetime": {"elapsed": 8114.755173, "datetime": "2020-08-12 16:23:04", "delta": 28.092031}}
{"target": 13.891666666666667, "params": {"cue_position": 0.0, "beta_enc": 0.9188696603695183, "gamma_cf": 1.0, "beta_rec": 0.9756326825133067, "gamma_fc": 0.25381710979602456}, "datetime": {"elapsed": 8142.189329, "datetime": "2020-08-12 16:23:32", "delta": 27.434156}}
{"target": 14.220833333333333, "params": {"cue_position": 0.0, "beta_enc": 0.9564036022291282, "gamma_cf": 1.0, "beta_rec": 0.9818209329600964, "gamma_fc": 0.2706078580463378}, "datetime": {"elapsed": 8170.192613, "datetime": "2020-08-12 16:24:00", "delta": 28.003284}}
{"target": 14.0125, "params": {"cue_position": 0.0, "beta_enc": 0.9085969944335713, "gamma_cf": 1.0, "beta_rec": 0.9986711639323359, "gamma_fc": 0.24248886558629035}, "datetime": {"elapsed": 8197.759972, "datetime": "2020-08-12 16:24:27", "delta": 27.567359}}
{"target": 14.541666666666666, "params": {"cue_position": 0.0, "beta_enc": 0.9121472505741105, "gamma_cf": 1.0, "beta_rec": 0.9406001615400188, "gamma_fc": 0.011856677354458167}, "datetime": {"elapsed": 8226.172181, "datetime": "2020-08-12 16:24:56", "delta": 28.412209}}
{"target": 14.175, "params": {"cue_position": 0.0, "beta_enc": 0.9165748124708307, "gamma_cf": 1.0, "beta_rec": 0.9525766615683586, "gamma_fc": 0.03539823955404742}, "datetime": {"elapsed": 8254.191611, "datetime": "2020-08-12 16:25:24", "delta": 28.01943}}
{"target": 14.220833333333333, "params": {"cue_position": 0.0, "beta_enc": 0.9154427229380968, "gamma_cf": 1.0, "beta_rec": 0.9558359697215955, "gamma_fc": 0.02243945796661273}, "datetime": {"elapsed": 8282.331186, "datetime": "2020-08-12 16:25:52", "delta": 28.139575}}
{"target": 13.875, "params": {"cue_position": 0.0, "beta_enc": 0.916056489306328, "gamma_cf": 1.0, "beta_rec": 0.9734526438435289, "gamma_fc": 0.011920125323546787}, "datetime": {"elapsed": 8309.96318, "datetime": "2020-08-12 16:26:19", "delta": 27.631994}}
{"target": 14.041666666666666, "params": {"cue_position": 0.0, "beta_enc": 0.9337487782685742, "gamma_cf": 1.0, "beta_rec": 0.9940691466020797, "gamma_fc": 0.267907929645887}, "datetime": {"elapsed": 8338.158911, "datetime": "2020-08-12 16:26:48", "delta": 28.195731}}
{"target": 14.320833333333333, "params": {"cue_position": 0.0, "beta_enc": 0.917679789915218, "gamma_cf": 1.0, "beta_rec": 0.9576252915987898, "gamma_fc": 0.04815727809732562}, "datetime": {"elapsed": 8366.69209, "datetime": "2020-08-12 16:27:16", "delta": 28.533179}}
{"target": 13.970833333333333, "params": {"cue_position": 0.0, "beta_enc": 0.9411940250621922, "gamma_cf": 1.0, "beta_rec": 0.9913533812061167, "gamma_fc": 0.2801178643310243}, "datetime": {"elapsed": 8395.069091, "datetime": "2020-08-12 16:27:44", "delta": 28.377001}}
{"target": 14.3625, "params": {"cue_position": 0.0, "beta_enc": 0.9134656017857875, "gamma_cf": 1.0, "beta_rec": 0.9346374803923452, "gamma_fc": 0.015847759042472598}, "datetime": {"elapsed": 8423.641105, "datetime": "2020-08-12 16:28:13", "delta": 28.572014}}
{"target": 14.083333333333334, "params": {"cue_position": 0.0, "beta_enc": 0.9044306765914722, "gamma_cf": 1.0, "beta_rec": 0.9506791129480933, "gamma_fc": 0.0939002055292068}, "datetime": {"elapsed": 8452.203514, "datetime": "2020-08-12 16:28:42", "delta": 28.562409}}
{"target": 14.154166666666667, "params": {"cue_position": 0.0, "beta_enc": 0.9212021405005396, "gamma_cf": 1.0, "beta_rec": 0.9568014535362428, "gamma_fc": 0.027779960024947203}, "datetime": {"elapsed": 8480.58125, "datetime": "2020-08-12 16:29:10", "delta": 28.377736}}
{"target": 14.2, "params": {"cue_position": 0.0, "beta_enc": 0.9174890813895091, "gamma_cf": 1.0, "beta_rec": 0.9515576049639854, "gamma_fc": 0.03162697642034684}, "datetime": {"elapsed": 8509.212093, "datetime": "2020-08-12 16:29:39", "delta": 28.630843}}
{"target": 13.7375, "params": {"cue_position": 0.0, "beta_enc": 0.9463587899799812, "gamma_cf": 1.0, "beta_rec": 0.9845785978405528, "gamma_fc": 0.27038111268028175}, "datetime": {"elapsed": 8537.148523, "datetime": "2020-08-12 16:30:07", "delta": 27.93643}}
{"target": 14.0125, "params": {"cue_position": 0.0, "beta_enc": 0.9192683184434937, "gamma_cf": 1.0, "beta_rec": 0.988438980730761, "gamma_fc": 0.25578910433646274}, "datetime": {"elapsed": 8581.783178, "datetime": "2020-08-12 16:30:51", "delta": 44.634655}}
{"target": 14.266666666666667, "params": {"cue_position": 0.0, "beta_enc": 0.924871284521842, "gamma_cf": 1.0, "beta_rec": 0.950799760884859, "gamma_fc": 0.021539585052975263}, "datetime": {"elapsed": 8628.319812, "datetime": "2020-08-12 16:31:38", "delta": 46.536634}}
{"target": 13.808333333333334, "params": {"cue_position": 0.0, "beta_enc": 0.911401542011873, "gamma_cf": 1.0, "beta_rec": 0.9956114931667127, "gamma_fc": 0.24242737812707849}, "datetime": {"elapsed": 8673.810034, "datetime": "2020-08-12 16:32:23", "delta": 45.490222}}
{"target": 14.1875, "params": {"cue_position": 0.0, "beta_enc": 0.9242664733700656, "gamma_cf": 1.0, "beta_rec": 0.9698380885784967, "gamma_fc": 0.028473806351745807}, "datetime": {"elapsed": 8720.273103, "datetime": "2020-08-12 16:33:10", "delta": 46.463069}}
{"target": 14.45, "params": {"cue_position": 0.0, "beta_enc": 0.9076190076249013, "gamma_cf": 1.0, "beta_rec": 0.9562330547785225, "gamma_fc": 0.10720740511678684}, "datetime": {"elapsed": 8767.394546, "datetime": "2020-08-12 16:33:57", "delta": 47.121443}}
{"target": 14.1125, "params": {"cue_position": 0.0, "beta_enc": 0.9163778601899026, "gamma_cf": 1.0, "beta_rec": 0.9550041305866266, "gamma_fc": 0.02903145937504248}, "datetime": {"elapsed": 8813.746453, "datetime": "2020-08-12 16:34:43", "delta": 46.351907}}
{"target": 14.116666666666667, "params": {"cue_position": 0.0, "beta_enc": 0.9185289559762274, "gamma_cf": 1.0, "beta_rec": 0.9368029872478449, "gamma_fc": 0.014381693655905026}, "datetime": {"elapsed": 8860.537748, "datetime": "2020-08-12 16:35:30", "delta": 46.791295}}
{"target": 13.908333333333333, "params": {"cue_position": 0.0, "beta_enc": 0.9072315580046283, "gamma_cf": 1.0, "beta_rec": 0.9745872232702223, "gamma_fc": 0.23419051854485484}, "datetime": {"elapsed": 8906.832544, "datetime": "2020-08-12 16:36:16", "delta": 46.294796}}
{"target": 13.995833333333334, "params": {"cue_position": 0.0, "beta_enc": 0.8941387482553853, "gamma_cf": 1.0, "beta_rec": 0.9476634235884289, "gamma_fc": 0.08589208553435779}, "datetime": {"elapsed": 8953.274649, "datetime": "2020-08-12 16:37:03", "delta": 46.442105}}
{"target": 14.429166666666667, "params": {"cue_position": 0.0, "beta_enc": 0.9186313311850816, "gamma_cf": 1.0, "beta_rec": 0.9461949544982837, "gamma_fc": 0.04278460794305905}, "datetime": {"elapsed": 9000.695953, "datetime": "2020-08-12 16:37:50", "delta": 47.421304}}
{"target": 14.175, "params": {"cue_position": 0.0, "beta_enc": 0.9211382336056997, "gamma_cf": 1.0, "beta_rec": 0.9646422650166596, "gamma_fc": 0.044334541533247895}, "datetime": {"elapsed": 9029.860029, "datetime": "2020-08-12 16:38:19", "delta": 29.164076}}
{"target": 13.833333333333334, "params": {"cue_position": 0.0, "beta_enc": 0.9209351419685007, "gamma_cf": 1.0, "beta_rec": 0.9746631752148416, "gamma_fc": 0.0252861014485114}, "datetime": {"elapsed": 9058.326301, "datetime": "2020-08-12 16:38:48", "delta": 28.466272}}
{"target": 14.083333333333334, "params": {"cue_position": 0.0, "beta_enc": 0.9029534924832411, "gamma_cf": 1.0, "beta_rec": 0.9452380084369256, "gamma_fc": 0.10691469983001303}, "datetime": {"elapsed": 9087.516552, "datetime": "2020-08-12 16:39:17", "delta": 29.190251}}
{"target": 13.9375, "params": {"cue_position": 0.0, "beta_enc": 0.9112282802459784, "gamma_cf": 1.0, "beta_rec": 0.9537384068917674, "gamma_fc": 0.017893888096317104}, "datetime": {"elapsed": 9116.471535, "datetime": "2020-08-12 16:39:46", "delta": 28.954983}}
{"target": 14.141666666666667, "params": {"cue_position": 0.0, "beta_enc": 0.9076288646262932, "gamma_cf": 1.0, "beta_rec": 0.9714433157704876, "gamma_fc": 0.03609213758484664}, "datetime": {"elapsed": 9146.087413, "datetime": "2020-08-12 16:40:15", "delta": 29.615878}}
{"target": 13.991666666666667, "params": {"cue_position": 0.0, "beta_enc": 0.9177602728928618, "gamma_cf": 1.0, "beta_rec": 0.9505840825575962, "gamma_fc": 0.044052552005052974}, "datetime": {"elapsed": 9174.989331, "datetime": "2020-08-12 16:40:44", "delta": 28.901918}}
{"target": 14.1, "params": {"cue_position": 0.0, "beta_enc": 0.9172471466984573, "gamma_cf": 1.0, "beta_rec": 0.966520181277859, "gamma_fc": 0.05566224447340029}, "datetime": {"elapsed": 9204.453036, "datetime": "2020-08-12 16:41:14", "delta": 29.463705}}
{"target": 14.116666666666667, "params": {"cue_position": 0.0, "beta_enc": 0.9078410299452201, "gamma_cf": 1.0, "beta_rec": 0.9562546992891189, "gamma_fc": 0.002983465090334314}, "datetime": {"elapsed": 9233.880293, "datetime": "2020-08-12 16:41:43", "delta": 29.427257}}
{"target": 14.4625, "params": {"cue_position": 0.0, "beta_enc": 0.9144719747341907, "gamma_cf": 1.0, "beta_rec": 0.9390834939211552, "gamma_fc": 0.015873228612433565}, "datetime": {"elapsed": 9263.696426, "datetime": "2020-08-12 16:42:13", "delta": 29.816133}}
{"target": 13.8375, "params": {"cue_position": 0.0, "beta_enc": 0.9044026847702453, "gamma_cf": 1.0, "beta_rec": 0.959345803977782, "gamma_fc": 0.012294958952892787}, "datetime": {"elapsed": 9292.592265, "datetime": "2020-08-12 16:42:42", "delta": 28.895839}}
{"target": 14.1875, "params": {"cue_position": 0.0, "beta_enc": 0.9286994648266967, "gamma_cf": 1.0, "beta_rec": 0.9534139913446045, "gamma_fc": 0.022247099652813955}, "datetime": {"elapsed": 9322.363647, "datetime": "2020-08-12 16:43:12", "delta": 29.771382}}
{"target": 14.233333333333333, "params": {"cue_position": 0.0, "beta_enc": 0.9101601598410846, "gamma_cf": 1.0, "beta_rec": 0.9597492323339714, "gamma_fc": 0.012389529628186735}, "datetime": {"elapsed": 9352.080237, "datetime": "2020-08-12 16:43:41", "delta": 29.71659}}
{"target": 13.995833333333334, "params": {"cue_position": 0.0, "beta_enc": 0.914261658084707, "gamma_cf": 1.0, "beta_rec": 0.9675178353863559, "gamma_fc": 0.035284642001635835}, "datetime": {"elapsed": 9381.310315, "datetime": "2020-08-12 16:44:11", "delta": 29.230078}}
{"target": 14.229166666666666, "params": {"cue_position": 0.0, "beta_enc": 0.9180940022777774, "gamma_cf": 1.0, "beta_rec": 0.9545843982678165, "gamma_fc": 0.05289218274172092}, "datetime": {"elapsed": 9410.687408, "datetime": "2020-08-12 16:44:40", "delta": 29.377093}}
{"target": 14.379166666666666, "params": {"cue_position": 0.0, "beta_enc": 0.9179752562425469, "gamma_cf": 1.0, "beta_rec": 0.943228798832513, "gamma_fc": 0.04523043528532933}, "datetime": {"elapsed": 9441.031934, "datetime": "2020-08-12 16:45:10", "delta": 30.344526}}
{"target": 14.208333333333334, "params": {"cue_position": 0.0, "beta_enc": 0.9142971071938862, "gamma_cf": 1.0, "beta_rec": 0.9366034483229666, "gamma_fc": 0.008982669182899472}, "datetime": {"elapsed": 9470.590912, "datetime": "2020-08-12 16:45:40", "delta": 29.558978}}
{"target": 13.9875, "params": {"cue_position": 0.0, "beta_enc": 0.9013944693146676, "gamma_cf": 1.0, "beta_rec": 0.9359741995051765, "gamma_fc": 0.1012347709039184}, "datetime": {"elapsed": 9500.041852, "datetime": "2020-08-12 16:46:09", "delta": 29.45094}}
{"target": 14.066666666666666, "params": {"cue_position": 0.0, "beta_enc": 0.9058729041191617, "gamma_cf": 1.0, "beta_rec": 0.9534884378989019, "gamma_fc": 0.11004111082238555}, "datetime": {"elapsed": 9529.600605, "datetime": "2020-08-12 16:46:39", "delta": 29.558753}}
{"target": 14.104166666666666, "params": {"cue_position": 0.0, "beta_enc": 0.9072857208654654, "gamma_cf": 1.0, "beta_rec": 0.9557705358771462, "gamma_fc": 0.007723128668638446}, "datetime": {"elapsed": 9577.121129, "datetime": "2020-08-12 16:47:26", "delta": 47.520524}}
{"target": 13.895833333333334, "params": {"cue_position": 0.0, "beta_enc": 0.9091062828744925, "gamma_cf": 1.0, "beta_rec": 0.9397672584359751, "gamma_fc": 0.0586258943704302}, "datetime": {"elapsed": 9624.448085, "datetime": "2020-08-12 16:48:14", "delta": 47.326956}}
{"target": 14.120833333333334, "params": {"cue_position": 0.0, "beta_enc": 0.9220355893505338, "gamma_cf": 1.0, "beta_rec": 0.9488259016340412, "gamma_fc": 0.039588496014348995}, "datetime": {"elapsed": 9671.704081, "datetime": "2020-08-12 16:49:01", "delta": 47.255996}}
{"target": 13.7, "params": {"cue_position": 0.0, "beta_enc": 0.9049200219912907, "gamma_cf": 1.0, "beta_rec": 0.9570691333772713, "gamma_fc": 0.10621864462529175}, "datetime": {"elapsed": 9718.863004, "datetime": "2020-08-12 16:49:48", "delta": 47.158923}}
{"target": 13.908333333333333, "params": {"cue_position": 0.0, "beta_enc": 0.9065983677002433, "gamma_cf": 1.0, "beta_rec": 0.9322257429083065, "gamma_fc": 0.10726921555581874}, "datetime": {"elapsed": 9765.964719, "datetime": "2020-08-12 16:50:35", "delta": 47.101715}}
{"target": 14.029166666666667, "params": {"cue_position": 0.0, "beta_enc": 0.9162699130958911, "gamma_cf": 1.0, "beta_rec": 0.9615843144683799, "gamma_fc": 0.04831791982865441}, "datetime": {"elapsed": 9814.351298, "datetime": "2020-08-12 16:51:24", "delta": 48.386579}}
{"target": 13.970833333333333, "params": {"cue_position": 0.0, "beta_enc": 0.9202090461910091, "gamma_cf": 1.0, "beta_rec": 0.981926325173017, "gamma_fc": 0.25518635194356337}, "datetime": {"elapsed": 9862.981032, "datetime": "2020-08-12 16:52:12", "delta": 48.629734}}
{"target": 13.916666666666666, "params": {"cue_position": 0.0, "beta_enc": 0.9116824688648764, "gamma_cf": 1.0, "beta_rec": 0.9603192180998095, "gamma_fc": 0.11104590887799992}, "datetime": {"elapsed": 9910.560273, "datetime": "2020-08-12 16:53:00", "delta": 47.579241}}
{"target": 14.058333333333334, "params": {"cue_position": 0.0, "beta_enc": 0.9191082660419684, "gamma_cf": 1.0, "beta_rec": 0.9792415645062684, "gamma_fc": 0.24905558396317687}, "datetime": {"elapsed": 9958.419123, "datetime": "2020-08-12 16:53:48", "delta": 47.85885}}
{"target": 14.025, "params": {"cue_position": 0.0, "beta_enc": 0.9086747612156396, "gamma_cf": 1.0, "beta_rec": 0.9575187390552433, "gamma_fc": 0.1079583297789316}, "datetime": {"elapsed": 10006.488394, "datetime": "2020-08-12 16:54:36", "delta": 48.069271}}
{"target": 14.366666666666667, "params": {"cue_position": 0.0, "beta_enc": 0.9225140189877626, "gamma_cf": 1.0, "beta_rec": 0.9453593625651988, "gamma_fc": 0.04520262103963135}, "datetime": {"elapsed": 10037.839415, "datetime": "2020-08-12 16:55:07", "delta": 31.351021}}
{"target": 14.008333333333333, "params": {"cue_position": 0.0, "beta_enc": 0.9109829609914198, "gamma_cf": 1.0, "beta_rec": 0.9413279303053033, "gamma_fc": 0.002771031890552722}, "datetime": {"elapsed": 10068.069125, "datetime": "2020-08-12 16:55:37", "delta": 30.22971}}
{"target": 14.054166666666667, "params": {"cue_position": 0.0, "beta_enc": 0.9199847519810772, "gamma_cf": 1.0, "beta_rec": 0.9737538244864398, "gamma_fc": 0.24851669471275775}, "datetime": {"elapsed": 10098.759652, "datetime": "2020-08-12 16:56:08", "delta": 30.690527}}
{"target": 13.925, "params": {"cue_position": 0.0, "beta_enc": 0.9143142079629282, "gamma_cf": 1.0, "beta_rec": 0.956617671162709, "gamma_fc": 0.049070717390142016}, "datetime": {"elapsed": 10129.019167, "datetime": "2020-08-12 16:56:38", "delta": 30.259515}}
{"target": 14.416666666666666, "params": {"cue_position": 0.0, "beta_enc": 0.9151234758302719, "gamma_cf": 1.0, "beta_rec": 0.9667277286410418, "gamma_fc": 0.014952519238589645}, "datetime": {"elapsed": 10159.825861, "datetime": "2020-08-12 16:57:09", "delta": 30.806694}}
{"target": 14.395833333333334, "params": {"cue_position": 0.0, "beta_enc": 0.9167196453234208, "gamma_cf": 1.0, "beta_rec": 0.9548731643006638, "gamma_fc": 0.00752572996007006}, "datetime": {"elapsed": 10191.099678, "datetime": "2020-08-12 16:57:40", "delta": 31.273817}}
{"target": 14.2875, "params": {"cue_position": 0.0, "beta_enc": 0.922756047676914, "gamma_cf": 1.0, "beta_rec": 0.959248405736176, "gamma_fc": 0.042433568278566924}, "datetime": {"elapsed": 10221.808021, "datetime": "2020-08-12 16:58:11", "delta": 30.708343}}
{"target": 14.291666666666666, "params": {"cue_position": 0.0, "beta_enc": 0.9126368075489134, "gamma_cf": 1.0, "beta_rec": 0.9525763612620121, "gamma_fc": 0.0015443057437436458}, "datetime": {"elapsed": 10252.681078, "datetime": "2020-08-12 16:58:42", "delta": 30.873057}}
{"target": 14.441666666666666, "params": {"cue_position": 0.0, "beta_enc": 0.9289962503578079, "gamma_cf": 1.0, "beta_rec": 0.9565753783052867, "gamma_fc": 0.018201483652236505}, "datetime": {"elapsed": 10301.089498, "datetime": "2020-08-12 16:59:30", "delta": 48.40842}}
{"target": 14.15, "params": {"cue_position": 0.0, "beta_enc": 0.908022971730078, "gamma_cf": 1.0, "beta_rec": 0.9424228258937881, "gamma_fc": 0.05443140462684717}, "datetime": {"elapsed": 10349.427984, "datetime": "2020-08-12 17:00:19", "delta": 48.338486}}
{"target": 13.983333333333333, "params": {"cue_position": 0.0, "beta_enc": 0.9071593108518231, "gamma_cf": 1.0, "beta_rec": 0.9628129023804896, "gamma_fc": 0.0017944416323492085}, "datetime": {"elapsed": 10397.931174, "datetime": "2020-08-12 17:01:07", "delta": 48.50319}}
{"target": 14.254166666666666, "params": {"cue_position": 0.0, "beta_enc": 0.9082657813701674, "gamma_cf": 1.0, "beta_rec": 0.9811918048603965, "gamma_fc": 0.23617545249794236}, "datetime": {"elapsed": 10429.244208, "datetime": "2020-08-12 17:01:39", "delta": 31.313034}}
{"target": 13.958333333333334, "params": {"cue_position": 0.0, "beta_enc": 0.8980933177137226, "gamma_cf": 1.0, "beta_rec": 0.9462353349885297, "gamma_fc": 0.1078013145474186}, "datetime": {"elapsed": 10460.150247, "datetime": "2020-08-12 17:02:10", "delta": 30.906039}}
{"target": 14.020833333333334, "params": {"cue_position": 0.0, "beta_enc": 0.9224153966458812, "gamma_cf": 1.0, "beta_rec": 0.9712363610819289, "gamma_fc": 0.0471471727706364}, "datetime": {"elapsed": 10490.800061, "datetime": "2020-08-12 17:02:40", "delta": 30.649814}}
{"target": 14.270833333333334, "params": {"cue_position": 0.0, "beta_enc": 0.9272228322648225, "gamma_cf": 1.0, "beta_rec": 0.9564949619100676, "gamma_fc": 0.02112052238757456}, "datetime": {"elapsed": 10521.899776, "datetime": "2020-08-12 17:03:11", "delta": 31.099715}}
