{"target": -10433.980224304876, "params": {"epsilon_d": 1.9135887753572, "gamma_cf": 0.9774555643930162, "beta_rec": 0.03587914896601674, "lr": 0.6460907214959392, "phi_s": 2.8610641485672357, "beta_enc": 0.7934846741670334, "s_cf": 0.66977480632724, "k_intra": 5.565916591021018, "phi_d": 0.8890697414504957, "gamma_fc": 0.9607973060206447}, "datetime": {"delta": 9.709859, "datetime": "2020-09-13 13:55:15", "elapsed": 2926.519493}}
{"target": -13243.021505989582, "params": {"epsilon_d": 8.529698498496929, "gamma_cf": 0.7783262186802019, "beta_rec": 0.011103333369922863, "lr": 0.15657242459837717, "phi_s": 0.38077339101030916, "beta_enc": 0.6668079951387617, "s_cf": 0.7069494480386341, "k_intra": 7.40781813019585, "phi_d": 2.184447653261085, "gamma_fc": 0.6849239969048068}, "datetime": {"delta": 9.725114, "datetime": "2020-09-13 13:55:24", "elapsed": 2936.244607}}
{"target": -9132.541801577965, "params": {"epsilon_d": 4.915571847815395, "gamma_cf": 0.20438686629786484, "beta_rec": 0.7762057874603809, "lr": 0.8838175899975118, "phi_s": 2.8217968974294734, "beta_enc": 0.0026317961255032385, "s_cf": 0.9707501480531616, "k_intra": 3.156541317831608, "phi_d": 0.6226772231734439, "gamma_fc": 0.7292466144453952}, "datetime": {"delta": 9.717621, "datetime": "2020-09-13 13:55:34", "elapsed": 2945.962228}}
{"target": -9444.356604530813, "params": {"epsilon_d": 8.421791188670099, "gamma_cf": 0.4246127100946028, "beta_rec": 0.8624863997043009, "lr": 0.9932367844655456, "phi_s": 2.7699592335014542, "beta_enc": 0.3044852440523308, "s_cf": 0.4283352137597225, "k_intra": 2.82437473235045, "phi_d": 0.8416779781605089, "gamma_fc": 0.3636844078527848}, "datetime": {"delta": 9.716203, "datetime": "2020-09-13 13:55:44", "elapsed": 2955.678431}}
{"target": -9697.411952603157, "params": {"epsilon_d": 1.5577732561551283, "gamma_cf": 0.5742833543508832, "beta_rec": 0.8388448341981828, "lr": 0.004877044482226589, "phi_s": 2.532940349122421, "beta_enc": 0.9354270123414087, "s_cf": 0.06282398021726943, "k_intra": 4.058204059990452, "phi_d": 1.0434608563299852, "gamma_fc": 0.6735030146856861}, "datetime": {"delta": 9.757843, "datetime": "2020-09-13 13:55:54", "elapsed": 2965.436274}}
{"target": -10834.090700977396, "params": {"epsilon_d": 5.1415826775618765, "gamma_cf": 0.49816682499451226, "beta_rec": 0.7017873465119159, "lr": 0.8514687668770384, "phi_s": 2.5498079522465416, "beta_enc": 0.10541974643931717, "s_cf": 0.41661914857211835, "k_intra": 6.0351361667131895, "phi_d": 0.9030768637600789, "gamma_fc": 0.37360971892640604}, "datetime": {"delta": 9.692889, "datetime": "2020-09-13 13:56:03", "elapsed": 2975.129163}}
{"target": -9561.519421519257, "params": {"epsilon_d": 2.587217075066073, "gamma_cf": 0.9216369186561401, "beta_rec": 0.7296233785681803, "lr": 0.2730088373119177, "phi_s": 0.8459227705150205, "beta_enc": 0.5009840123939405, "s_cf": 0.8164526703274775, "k_intra": 6.189304230974891, "phi_d": 2.117960523442393, "gamma_fc": 0.7020694642288483}, "datetime": {"delta": 9.744619, "datetime": "2020-09-13 13:56:13", "elapsed": 2984.873782}}
{"target": -18059.573090110694, "params": {"epsilon_d": 5.57828988762059, "gamma_cf": 0.7122809996025021, "beta_rec": 0.1665376436115401, "lr": 0.9758699375629136, "phi_s": 2.3271622405001366, "beta_enc": 0.011472455022906058, "s_cf": 0.49477213383352725, "k_intra": 8.7780950147995, "phi_d": 1.4464034958783054, "gamma_fc": 0.49248065391311036}, "datetime": {"delta": 9.737203, "datetime": "2020-09-13 13:56:23", "elapsed": 2994.610985}}
{"target": -9471.589616882053, "params": {"epsilon_d": 1.0954171721626849, "gamma_cf": 0.9790089375741902, "beta_rec": 0.22487497996736572, "lr": 0.5858283844279211, "phi_s": 0.6113803182326105, "beta_enc": 0.6650987783358207, "s_cf": 0.4188351430524928, "k_intra": 2.85383532449531, "phi_d": 1.2022064953084945, "gamma_fc": 0.8149946597059848}, "datetime": {"delta": 9.754149, "datetime": "2020-09-13 13:56:32", "elapsed": 3004.365134}}
{"target": -11695.822635616994, "params": {"epsilon_d": 3.873683069988095, "gamma_cf": 0.9209130038047522, "beta_rec": 0.016624106532905913, "lr": 0.3186468647803825, "phi_s": 2.872456792529708, "beta_enc": 0.2971877941967276, "s_cf": 0.5646100990687117, "k_intra": 5.74074755196551, "phi_d": 0.7706664551677688, "gamma_fc": 0.8282002587074487}, "datetime": {"delta": 9.683887, "datetime": "2020-09-13 13:56:42", "elapsed": 3014.049021}}
{"target": -9820.81233186029, "params": {"epsilon_d": 9.595962025309191, "gamma_cf": 0.238814133296392, "beta_rec": 0.24948205109862287, "lr": 0.766224806917919, "phi_s": 1.370031581853659, "beta_enc": 0.2176053035591231, "s_cf": 0.7938045071164251, "k_intra": 1.8396193975266917, "phi_d": 2.155416342200658, "gamma_fc": 0.10671408835553786}, "datetime": {"delta": 9.668706, "datetime": "2020-09-13 13:56:52", "elapsed": 3023.717727}}
{"target": -9383.642818293509, "params": {"epsilon_d": 1.1744193622758958, "gamma_cf": 0.8839110659363493, "beta_rec": 0.41359816112910697, "lr": 0.984579778960706, "phi_s": 2.899045176199824, "beta_enc": 0.5175126921426194, "s_cf": 0.6527153684256953, "k_intra": 6.162607233298604, "phi_d": 0.649312263926886, "gamma_fc": 0.2755932144103168}, "datetime": {"delta": 9.679484, "datetime": "2020-09-13 13:57:01", "elapsed": 3033.397211}}
{"target": -10095.77588009243, "params": {"epsilon_d": 9.517757782570937, "gamma_cf": 0.5627805496894249, "beta_rec": 0.7719271460730484, "lr": 0.9890756855079469, "phi_s": 0.16932096016203613, "beta_enc": 0.12873160459654764, "s_cf": 0.8085641504743885, "k_intra": 0.263478788699828, "phi_d": 1.0235256474596792, "gamma_fc": 0.688555199758148}, "datetime": {"delta": 9.631334, "datetime": "2020-09-13 13:57:11", "elapsed": 3043.028545}}
{"target": -16116.932824479154, "params": {"epsilon_d": 0.027358060454003574, "gamma_cf": 0.06336051137403531, "beta_rec": 0.7375885099166811, "lr": 0.8818334807517967, "phi_s": 2.9638048352428807, "beta_enc": 0.9732525517670682, "s_cf": 0.7158319690725937, "k_intra": 3.357151077556031, "phi_d": 2.6336411711351215, "gamma_fc": 0.5842694052275808}, "datetime": {"delta": 9.678321, "datetime": "2020-09-13 13:57:21", "elapsed": 3052.706866}}
{"target": -9552.728946320085, "params": {"epsilon_d": 1.1117695191980603, "gamma_cf": 0.8653641057823798, "beta_rec": 0.3196501118620526, "lr": 0.6460302570715727, "phi_s": 1.320676945093152, "beta_enc": 0.8768836998086516, "s_cf": 0.38615051187059357, "k_intra": 4.193322981668862, "phi_d": 1.8547874890509868, "gamma_fc": 0.30347259796152504}, "datetime": {"delta": 9.667113, "datetime": "2020-09-13 13:57:30", "elapsed": 3062.373979}}
{"target": -9109.133127274976, "params": {"epsilon_d": 2.32854097243996, "gamma_cf": 0.7548078511004613, "beta_rec": 0.5338618843034166, "lr": 0.9892646847358003, "phi_s": 0.7606950719827329, "beta_enc": 0.1226810418590063, "s_cf": 0.030742818349697054, "k_intra": 0.7192696480921446, "phi_d": 2.3633251131655895, "gamma_fc": 0.6748705841645001}, "datetime": {"delta": 9.685331, "datetime": "2020-09-13 13:57:40", "elapsed": 3072.05931}}
{"target": -9420.585368528516, "params": {"epsilon_d": 5.465114993642279, "gamma_cf": 0.6596639554249211, "beta_rec": 0.35274243750107404, "lr": 0.7142955138788785, "phi_s": 2.960567469348509, "beta_enc": 0.47837183107169856, "s_cf": 0.8462417305877817, "k_intra": 0.1354434683912764, "phi_d": 0.9564105016955076, "gamma_fc": 0.7972198073587383}, "datetime": {"delta": 9.672395, "datetime": "2020-09-13 13:57:50", "elapsed": 3081.731705}}
{"target": -9326.931334939254, "params": {"epsilon_d": 1.920756730045573, "gamma_cf": 0.2262515885870655, "beta_rec": 0.5977656853768393, "lr": 0.11195544434158111, "phi_s": 1.9515860706644874, "beta_enc": 0.5604011810847819, "s_cf": 0.12221237823698328, "k_intra": 3.7781354746444173, "phi_d": 1.5826913915393594, "gamma_fc": 0.15401317833795114}, "datetime": {"delta": 9.677647, "datetime": "2020-09-13 13:58:00", "elapsed": 3091.409352}}
{"target": -10264.55881508706, "params": {"epsilon_d": 5.257611872720692, "gamma_cf": 0.6502897692030054, "beta_rec": 0.07034787968520784, "lr": 0.23556623650242037, "phi_s": 0.9782027057746578, "beta_enc": 0.3441963589302681, "s_cf": 0.0887677060791423, "k_intra": 8.138695628094851, "phi_d": 1.8927273413372923, "gamma_fc": 0.6154721413751028}, "datetime": {"delta": 9.660479, "datetime": "2020-09-13 13:58:09", "elapsed": 3101.069831}}
{"target": -11098.31261800374, "params": {"epsilon_d": 9.585742110196708, "gamma_cf": 0.7271654349269293, "beta_rec": 0.07135647494461617, "lr": 0.3521553600965318, "phi_s": 1.536942560766629, "beta_enc": 0.3052614715658132, "s_cf": 0.8726927229848721, "k_intra": 7.862693223485936, "phi_d": 2.743161906938998, "gamma_fc": 0.10146085782400405}, "datetime": {"delta": 9.695902, "datetime": "2020-09-13 13:58:19", "elapsed": 3110.765733}}
{"target": -9140.506698835932, "params": {"epsilon_d": 3.6683694215838267, "gamma_cf": 0.09713268160328525, "beta_rec": 0.36719232590326556, "lr": 0.4665434913737406, "phi_s": 0.88204377253201, "beta_enc": 0.2205297947437237, "s_cf": 0.3548193487216488, "k_intra": 6.597098038387995, "phi_d": 2.6497715522588505, "gamma_fc": 0.3310144340657948}, "datetime": {"delta": 9.674331, "datetime": "2020-09-13 13:58:29", "elapsed": 3120.440064}}
{"target": -9222.92492465033, "params": {"epsilon_d": 1.8821941560628785, "gamma_cf": 0.1732442715081729, "beta_rec": 0.5517379706217076, "lr": 0.5870981348830498, "phi_s": 0.5084881910081639, "beta_enc": 0.32035429015061223, "s_cf": 0.09635855186124331, "k_intra": 3.7664771374633, "phi_d": 0.25994104655458916, "gamma_fc": 0.9394819242084544}, "datetime": {"delta": 9.661474, "datetime": "2020-09-13 13:58:38", "elapsed": 3130.101538}}
{"target": -13828.61126930047, "params": {"epsilon_d": 5.163160456795492, "gamma_cf": 0.1555778979920741, "beta_rec": 0.10314678258346421, "lr": 0.6315937651309106, "phi_s": 1.8391716602863797, "beta_enc": 0.8121155679581462, "s_cf": 0.009519716216558005, "k_intra": 8.8260200250307, "phi_d": 2.894621859617903, "gamma_fc": 0.27881675542884854}, "datetime": {"delta": 9.657909, "datetime": "2020-09-13 13:58:48", "elapsed": 3139.759447}}
{"target": -9414.031003439353, "params": {"epsilon_d": 3.1398432804694645, "gamma_cf": 0.48162493072074175, "beta_rec": 0.02244175435867979, "lr": 0.5582865784476518, "phi_s": 1.5690883437700882, "beta_enc": 0.4156410055204216, "s_cf": 0.19596701454252152, "k_intra": 2.386502029289299, "phi_d": 1.2452683889109784, "gamma_fc": 0.575459341123808}, "datetime": {"delta": 9.664487, "datetime": "2020-09-13 13:58:58", "elapsed": 3149.423934}}
{"target": -9224.208833550652, "params": {"epsilon_d": 3.2997322880551936, "gamma_cf": 0.6441956925382164, "beta_rec": 0.7545170076023864, "lr": 0.880683617907015, "phi_s": 0.6937317508275453, "beta_enc": 0.1567516100034313, "s_cf": 0.6321923752918258, "k_intra": 8.99530915886071, "phi_d": 1.385023060947672, "gamma_fc": 0.5654555965905419}, "datetime": {"delta": 9.667948, "datetime": "2020-09-13 13:59:07", "elapsed": 3159.091882}}
{"target": -10560.121529138421, "params": {"epsilon_d": 9.074732027348, "gamma_cf": 0.7825809780445985, "beta_rec": 0.6924175033786027, "lr": 0.21275903606814206, "phi_s": 2.462050495252153, "beta_enc": 0.6368359753465501, "s_cf": 0.9223224808528965, "k_intra": 6.009655953980898, "phi_d": 1.9889595497938173, "gamma_fc": 0.6252909358558468}, "datetime": {"delta": 9.662062, "datetime": "2020-09-13 13:59:17", "elapsed": 3168.753944}}
{"target": -9826.281097371591, "params": {"epsilon_d": 2.598339757404877, "gamma_cf": 0.33379745682371664, "beta_rec": 0.5610988058726366, "lr": 0.8159066728378224, "phi_s": 1.5700981232521471, "beta_enc": 0.9166501120809326, "s_cf": 0.34853961530569777, "k_intra": 5.255977882178193, "phi_d": 1.831346944575259, "gamma_fc": 0.9977623655688204}, "datetime": {"delta": 9.687564, "datetime": "2020-09-13 13:59:27", "elapsed": 3178.441508}}
{"target": -13228.29146645457, "params": {"epsilon_d": 8.766858065965739, "gamma_cf": 0.5614864815326793, "beta_rec": 0.00673470699420331, "lr": 0.13535439086207324, "phi_s": 1.4407726719918357, "beta_enc": 0.5377705282313024, "s_cf": 0.9606566952869964, "k_intra": 8.181747453311655, "phi_d": 0.18885222446352218, "gamma_fc": 0.024281425324678585}, "datetime": {"delta": 9.644104, "datetime": "2020-09-13 13:59:36", "elapsed": 3188.085612}}
{"target": -12473.861482720898, "params": {"epsilon_d": 8.799355762219236, "gamma_cf": 0.8213720415432885, "beta_rec": 0.0655985161350432, "lr": 0.4274920945605305, "phi_s": 1.7884236222039906, "beta_enc": 0.09361424846399025, "s_cf": 0.7289706693761112, "k_intra": 4.678180478153717, "phi_d": 1.263098085760039, "gamma_fc": 0.8199694222450838}, "datetime": {"delta": 9.661752, "datetime": "2020-09-13 13:59:46", "elapsed": 3197.747364}}
{"target": -9053.958631366051, "params": {"epsilon_d": 5.624661646760131, "gamma_cf": 0.412392608220297, "beta_rec": 0.6547991875604179, "lr": 0.29617671840307525, "phi_s": 2.3110794282627802, "beta_enc": 0.784292002349626, "s_cf": 0.5976197869899762, "k_intra": 2.8624779282618515, "phi_d": 2.079983311876885, "gamma_fc": 0.31991506204385456}, "datetime": {"delta": 9.702893, "datetime": "2020-09-13 13:59:56", "elapsed": 3207.450257}}
{"target": -9983.428708588806, "params": {"epsilon_d": 7.6568611877075385, "gamma_cf": 0.9786938189750454, "beta_rec": 0.1943950205047229, "lr": 0.7923128717707478, "phi_s": 0.8133418774443609, "beta_enc": 0.22286389225356085, "s_cf": 0.5548923810758453, "k_intra": 2.4889814198257976, "phi_d": 2.185579363484729, "gamma_fc": 0.015909961592562527}, "datetime": {"delta": 9.595285, "datetime": "2020-09-13 14:00:05", "elapsed": 3217.045542}}
{"target": -9068.349264344504, "params": {"epsilon_d": 4.636737112127011, "gamma_cf": 0.40484847152272274, "beta_rec": 0.7213842766472296, "lr": 0.09250335815060395, "phi_s": 2.041754300766685, "beta_enc": 0.5855857940990207, "s_cf": 0.6873434739168471, "k_intra": 2.383089084068227, "phi_d": 1.9730618235111625, "gamma_fc": 0.3080094708208896}, "datetime": {"delta": 9.602745, "datetime": "2020-09-13 14:00:15", "elapsed": 3226.648287}}
{"target": -13072.944252614097, "params": {"epsilon_d": 1.2255336491136315, "gamma_cf": 0.5266093357063074, "beta_rec": 0.43825303252098613, "lr": 0.37464997927352073, "phi_s": 2.9077841709096286, "beta_enc": 0.003145720464372448, "s_cf": 0.28712337752879535, "k_intra": 4.992770109633381, "phi_d": 2.460135977944327, "gamma_fc": 0.9797396209018743}, "datetime": {"delta": 9.644186, "datetime": "2020-09-13 14:00:24", "elapsed": 3236.292473}}
{"target": -9697.202576392927, "params": {"epsilon_d": 1.1182423975160782, "gamma_cf": 0.5310473545872221, "beta_rec": 0.9961414373632698, "lr": 0.44577452627472525, "phi_s": 0.38520449895041875, "beta_enc": 0.8030000397465009, "s_cf": 0.3605263049964609, "k_intra": 3.7629418365689817, "phi_d": 2.2776174230272432, "gamma_fc": 0.8135265794850003}, "datetime": {"delta": 9.600997, "datetime": "2020-09-13 14:00:34", "elapsed": 3245.89347}}
{"target": -10456.660231807713, "params": {"epsilon_d": 8.39953771722033, "gamma_cf": 0.7658509922899394, "beta_rec": 0.23858559594258377, "lr": 0.10652465799059307, "phi_s": 2.5192843695394127, "beta_enc": 0.5637062552864558, "s_cf": 0.5444181610032376, "k_intra": 5.229880750137287, "phi_d": 2.8161893668783122, "gamma_fc": 0.9655425795923387}, "datetime": {"delta": 9.595038, "datetime": "2020-09-13 14:00:44", "elapsed": 3255.488508}}
{"target": -11349.565221416764, "params": {"epsilon_d": 7.760811373668977, "gamma_cf": 0.5712539770424174, "beta_rec": 0.8816909193539424, "lr": 0.6222166363139338, "phi_s": 2.105316428306512, "beta_enc": 0.8363022773854041, "s_cf": 0.5320137500773816, "k_intra": 8.443906826433587, "phi_d": 0.6987918816441316, "gamma_fc": 0.6152987214660823}, "datetime": {"delta": 9.601831, "datetime": "2020-09-13 14:00:53", "elapsed": 3265.090339}}
{"target": -10666.489286413249, "params": {"epsilon_d": 2.354977612999136, "gamma_cf": 0.673566697976032, "beta_rec": 0.0007865415296364198, "lr": 0.10810738558851041, "phi_s": 2.308617704449115, "beta_enc": 0.2632470589001895, "s_cf": 0.2848333721183067, "k_intra": 8.307025692405677, "phi_d": 0.3062624406162309, "gamma_fc": 0.8783201996809448}, "datetime": {"delta": 9.626699, "datetime": "2020-09-13 14:01:03", "elapsed": 3274.717038}}
{"target": -9397.709205769703, "params": {"epsilon_d": 0.9853901064055304, "gamma_cf": 0.13559704739235312, "beta_rec": 0.0020003006084317043, "lr": 0.8141358147238202, "phi_s": 2.7389699028790995, "beta_enc": 0.2718030524966213, "s_cf": 0.4435920386203337, "k_intra": 4.453136026153652, "phi_d": 2.455664534568498, "gamma_fc": 0.15936020622919655}, "datetime": {"delta": 9.580291, "datetime": "2020-09-13 14:01:12", "elapsed": 3284.297329}}
{"target": -12111.159904643564, "params": {"epsilon_d": 0.49842558134520987, "gamma_cf": 0.0804314339695471, "beta_rec": 0.4883341181204487, "lr": 0.6919172292767848, "phi_s": 2.148163409198817, "beta_enc": 0.7087105079450133, "s_cf": 0.6613461343815696, "k_intra": 9.816217286230167, "phi_d": 0.8772219873862293, "gamma_fc": 0.24594233521613906}, "datetime": {"delta": 9.61883, "datetime": "2020-09-13 14:01:22", "elapsed": 3293.916159}}
{"target": -9625.365080805925, "params": {"epsilon_d": 7.737279834022938, "gamma_cf": 0.07852291483410356, "beta_rec": 0.3614875846417379, "lr": 0.8530855123898898, "phi_s": 1.7390030969355443, "beta_enc": 0.04329016087390747, "s_cf": 0.7075599478322232, "k_intra": 9.308682962545582, "phi_d": 0.4403950518927492, "gamma_fc": 0.8843841167758716}, "datetime": {"delta": 9.558981, "datetime": "2020-09-13 14:01:32", "elapsed": 3303.47514}}
{"target": -12479.606288157061, "params": {"epsilon_d": 8.157705845493284, "gamma_cf": 0.27801633166878204, "beta_rec": 0.09577602929981288, "lr": 0.7770191493604176, "phi_s": 1.8613919629517373, "beta_enc": 0.8879800899401759, "s_cf": 0.2874728742023305, "k_intra": 7.197957093739197, "phi_d": 0.9545280620967214, "gamma_fc": 0.5922873857659138}, "datetime": {"delta": 9.629042, "datetime": "2020-09-13 14:01:41", "elapsed": 3313.104182}}
{"target": -9595.70177363608, "params": {"epsilon_d": 4.139779162693674, "gamma_cf": 0.8791421856642359, "beta_rec": 0.8145056079423507, "lr": 0.1716106942469242, "phi_s": 0.3718363606164624, "beta_enc": 0.9983167502844696, "s_cf": 0.3179810316787127, "k_intra": 9.287469307277561, "phi_d": 0.9550215142705348, "gamma_fc": 0.7325011151084537}, "datetime": {"delta": 9.603032, "datetime": "2020-09-13 14:01:51", "elapsed": 3322.707214}}
{"target": -9262.124484050324, "params": {"epsilon_d": 4.715199383485827, "gamma_cf": 0.717668980777047, "beta_rec": 0.6327125396187535, "lr": 0.37912260277536525, "phi_s": 1.3241670466659174, "beta_enc": 0.381188613746538, "s_cf": 0.913569686661525, "k_intra": 1.7305671918218446, "phi_d": 1.3704361685407782, "gamma_fc": 0.26922353350171446}, "datetime": {"delta": 9.604236, "datetime": "2020-09-13 14:02:00", "elapsed": 3332.31145}}
{"target": -9142.36167699082, "params": {"epsilon_d": 2.1520966016332697, "gamma_cf": 0.37192301140427286, "beta_rec": 0.3520434026951569, "lr": 0.278364978622443, "phi_s": 2.185278045663919, "beta_enc": 0.2695670183469543, "s_cf": 0.9101787075725445, "k_intra": 5.754270571118745, "phi_d": 0.8525276946727595, "gamma_fc": 0.389855390831109}, "datetime": {"delta": 9.579398, "datetime": "2020-09-13 14:02:10", "elapsed": 3341.890848}}
{"target": -9657.786926346298, "params": {"epsilon_d": 1.3310964487590315, "gamma_cf": 0.6836076828044971, "beta_rec": 0.18228897074998485, "lr": 0.20167873480298304, "phi_s": 1.0167106835487745, "beta_enc": 0.12209681956344154, "s_cf": 0.6696167646858762, "k_intra": 6.045716033063737, "phi_d": 2.471495861710061, "gamma_fc": 0.2140097727076603}, "datetime": {"delta": 9.60342, "datetime": "2020-09-13 14:02:20", "elapsed": 3351.494268}}
{"target": -14649.78705533975, "params": {"epsilon_d": 2.972414453016764, "gamma_cf": 0.6350799325450489, "beta_rec": 0.30594544708616045, "lr": 0.1833469067689233, "phi_s": 2.1646242666101427, "beta_enc": 0.1487335628025609, "s_cf": 0.5575439140774725, "k_intra": 8.452486465038238, "phi_d": 2.3052463164886716, "gamma_fc": 0.6808805271233367}, "datetime": {"delta": 9.590776, "datetime": "2020-09-13 14:02:29", "elapsed": 3361.085044}}
{"target": -9326.227116318005, "params": {"epsilon_d": 1.4687581572257136, "gamma_cf": 0.41557172071663584, "beta_rec": 0.0899951030326972, "lr": 0.3889791392243084, "phi_s": 2.811632608048305, "beta_enc": 0.6501629863156845, "s_cf": 0.055196248654505564, "k_intra": 1.6782116362359434, "phi_d": 1.5440432662735357, "gamma_fc": 0.7113706883010249}, "datetime": {"delta": 9.527737, "datetime": "2020-09-13 14:02:39", "elapsed": 3370.612781}}
{"target": -12286.376238453087, "params": {"epsilon_d": 2.6727261351988885, "gamma_cf": 0.8900573037740913, "beta_rec": 0.9841598458987846, "lr": 0.45985736799923627, "phi_s": 0.7863353926187969, "beta_enc": 0.8290074909485965, "s_cf": 0.687614962160815, "k_intra": 7.990074981966318, "phi_d": 1.8330650817429233, "gamma_fc": 0.29030013877540917}, "datetime": {"delta": 9.539086, "datetime": "2020-09-13 14:02:48", "elapsed": 3380.151867}}
{"target": -16190.061425988391, "params": {"epsilon_d": 4.94328930544013, "gamma_cf": 0.8372059959494197, "beta_rec": 0.5596864990017729, "lr": 0.4002943067357757, "phi_s": 2.3829586954950606, "beta_enc": 0.1486848661132304, "s_cf": 0.4184642639114249, "k_intra": 7.847309599867293, "phi_d": 0.9929272069496251, "gamma_fc": 0.48146851537373303}, "datetime": {"delta": 9.537948, "datetime": "2020-09-13 14:02:58", "elapsed": 3389.689815}}
{"target": -9781.255596906403, "params": {"epsilon_d": 8.196657378893285, "gamma_cf": 0.5813199746267194, "beta_rec": 0.577322531324329, "lr": 0.7021113049141089, "phi_s": 0.41429877492204126, "beta_enc": 0.496766061213335, "s_cf": 0.46621397581308155, "k_intra": 1.6058682850924277, "phi_d": 2.6613751827903207, "gamma_fc": 0.4061429026808099}, "datetime": {"delta": 9.567697, "datetime": "2020-09-13 14:03:07", "elapsed": 3399.257512}}
