{"target": 4.375, "params": {"beta_enc": 0.6345187162918416, "gamma_fc": 0.14923603230975002, "beta_rec": 0.4139198457294089, "cue_position": 0.0, "gamma_cf": 0.9299556236533179}, "datetime": {"elapsed": 77.261949, "delta": 0.263999, "datetime": "2020-06-14 09:46:57"}}
{"target": 8.875, "params": {"beta_enc": 0.3948822625368005, "gamma_fc": 0.48719390907342375, "beta_rec": 0.46157971096238615, "cue_position": 0.0, "gamma_cf": 0.7803635232892685}, "datetime": {"elapsed": 77.618493, "delta": 0.356544, "datetime": "2020-06-14 09:46:57"}}
{"target": 9.5, "params": {"beta_enc": 0.4199935520102408, "gamma_fc": 0.8211218982189646, "beta_rec": 0.26199970471933565, "cue_position": 0.0, "gamma_cf": 0.022271511532804156}, "datetime": {"elapsed": 77.987531, "delta": 0.369038, "datetime": "2020-06-14 09:46:58"}}
{"target": 11.0, "params": {"beta_enc": 0.18846839966641848, "gamma_fc": 0.12277212944941995, "beta_rec": 0.6857568991725472, "cue_position": 0.0, "gamma_cf": 0.9742126278950913}, "datetime": {"elapsed": 78.386902, "delta": 0.399371, "datetime": "2020-06-14 09:46:58"}}
{"target": 5.625, "params": {"beta_enc": 0.18756989261723955, "gamma_fc": 0.0007643854781880233, "beta_rec": 0.8894424754644789, "cue_position": 0.0, "gamma_cf": 0.3092463846587796}, "datetime": {"elapsed": 78.675488, "delta": 0.288586, "datetime": "2020-06-14 09:46:58"}}
{"target": 7.625, "params": {"beta_enc": 0.22759773832225305, "gamma_fc": 0.8730943782696405, "beta_rec": 0.1454036341712357, "cue_position": 0.0, "gamma_cf": 0.8963225568040046}, "datetime": {"elapsed": 79.006157, "delta": 0.330669, "datetime": "2020-06-14 09:46:59"}}
{"target": 6.25, "params": {"beta_enc": 0.7002894376334498, "gamma_fc": 0.36348868328490525, "beta_rec": 0.47049767615220905, "cue_position": 0.0, "gamma_cf": 0.49582639708521237}, "datetime": {"elapsed": 79.30887, "delta": 0.302713, "datetime": "2020-06-14 09:46:59"}}
{"target": 9.125, "params": {"beta_enc": 0.27560310276085875, "gamma_fc": 0.2544381023144221, "beta_rec": 0.9247408135383717, "cue_position": 0.0, "gamma_cf": 0.49288087343132025}, "datetime": {"elapsed": 79.669697, "delta": 0.360827, "datetime": "2020-06-14 09:46:59"}}
{"target": 2.875, "params": {"beta_enc": 0.8849665188380633, "gamma_fc": 0.19086994317230743, "beta_rec": 0.38326345680528673, "cue_position": 0.0, "gamma_cf": 0.7175949621947544}, "datetime": {"elapsed": 79.9024, "delta": 0.232703, "datetime": "2020-06-14 09:47:00"}}
{"target": 9.0, "params": {"beta_enc": 0.11819262934703845, "gamma_fc": 0.24289157496487068, "beta_rec": 0.8369977822135122, "cue_position": 0.0, "gamma_cf": 0.5905205476471171}, "datetime": {"elapsed": 80.260844, "delta": 0.358444, "datetime": "2020-06-14 09:47:00"}}
{"target": 8.75, "params": {"beta_enc": 0.6232471451875841, "gamma_fc": 0.8805385975643267, "beta_rec": 0.638355320741173, "cue_position": 0.0, "gamma_cf": 0.06748934306754228}, "datetime": {"elapsed": 80.613319, "delta": 0.352475, "datetime": "2020-06-14 09:47:00"}}
{"target": 8.25, "params": {"beta_enc": 0.4599567310742584, "gamma_fc": 0.4287951603487977, "beta_rec": 0.7638727180664299, "cue_position": 0.0, "gamma_cf": 0.5913871822675169}, "datetime": {"elapsed": 80.956563, "delta": 0.343244, "datetime": "2020-06-14 09:47:01"}}
{"target": 7.875, "params": {"beta_enc": 0.38210064254913956, "gamma_fc": 0.3028583047175786, "beta_rec": 0.12671338384692277, "cue_position": 0.0, "gamma_cf": 0.07934158295831895}, "datetime": {"elapsed": 81.291999, "delta": 0.335436, "datetime": "2020-06-14 09:47:01"}}
{"target": 9.25, "params": {"beta_enc": 0.7417048002315554, "gamma_fc": 0.6783769722513199, "beta_rec": 0.6150157249710488, "cue_position": 0.0, "gamma_cf": 0.00838307952503159}, "datetime": {"elapsed": 81.657025, "delta": 0.365026, "datetime": "2020-06-14 09:47:01"}}
{"target": 8.625, "params": {"beta_enc": 0.503180690542887, "gamma_fc": 0.8442600050750985, "beta_rec": 0.23090845048417918, "cue_position": 0.0, "gamma_cf": 0.18498296555082983}, "datetime": {"elapsed": 82.006567, "delta": 0.349542, "datetime": "2020-06-14 09:47:02"}}
{"target": 5.125, "params": {"beta_enc": 0.9825897893050853, "gamma_fc": 0.5464545907014307, "beta_rec": 0.9137396248416316, "cue_position": 0.0, "gamma_cf": 0.7802245796913637}, "datetime": {"elapsed": 82.284805, "delta": 0.278238, "datetime": "2020-06-14 09:47:02"}}
{"target": 3.875, "params": {"beta_enc": 0.8164423975559377, "gamma_fc": 0.10023464310313235, "beta_rec": 0.48372695118890585, "cue_position": 0.0, "gamma_cf": 0.7872634475242615}, "datetime": {"elapsed": 82.537916, "delta": 0.253111, "datetime": "2020-06-14 09:47:02"}}
{"target": 6.0, "params": {"beta_enc": 0.5370071168405407, "gamma_fc": 0.39282294499696246, "beta_rec": 0.36598334666965426, "cue_position": 0.0, "gamma_cf": 0.9588025156370005}, "datetime": {"elapsed": 82.834896, "delta": 0.29698, "datetime": "2020-06-14 09:47:03"}}
{"target": 7.625, "params": {"beta_enc": 0.39297299794161644, "gamma_fc": 0.6889550482302514, "beta_rec": 0.7906369935895988, "cue_position": 0.0, "gamma_cf": 0.3938840078553765}, "datetime": {"elapsed": 83.164442, "delta": 0.329546, "datetime": "2020-06-14 09:47:03"}}
{"target": 7.25, "params": {"beta_enc": 0.404001609054379, "gamma_fc": 0.2179689300611679, "beta_rec": 0.1361131542481221, "cue_position": 0.0, "gamma_cf": 0.3344193926972726}, "datetime": {"elapsed": 83.488526, "delta": 0.324084, "datetime": "2020-06-14 09:47:03"}}
{"target": 3.0, "params": {"beta_enc": 0.9257748016364399, "gamma_fc": 0.5419710617714415, "beta_rec": 0.6896393990795577, "cue_position": 0.0, "gamma_cf": 0.746657472123005}, "datetime": {"elapsed": 83.722772, "delta": 0.234246, "datetime": "2020-06-14 09:47:04"}}
{"target": 9.125, "params": {"beta_enc": 0.7005330726195026, "gamma_fc": 0.2631390239238742, "beta_rec": 0.9305598192498451, "cue_position": 0.0, "gamma_cf": 0.1674418575065213}, "datetime": {"elapsed": 84.082472, "delta": 0.3597, "datetime": "2020-06-14 09:47:04"}}
{"target": 7.375, "params": {"beta_enc": 0.07161027944180454, "gamma_fc": 0.089630698927462, "beta_rec": 0.978672805158347, "cue_position": 0.0, "gamma_cf": 0.6605983559285987}, "datetime": {"elapsed": 84.406405, "delta": 0.323933, "datetime": "2020-06-14 09:47:04"}}
{"target": 7.25, "params": {"beta_enc": 0.21077094208701874, "gamma_fc": 0.5379877201396809, "beta_rec": 0.5028243835184045, "cue_position": 0.0, "gamma_cf": 0.38887340269472437}, "datetime": {"elapsed": 84.728589, "delta": 0.322184, "datetime": "2020-06-14 09:47:05"}}
{"target": 8.25, "params": {"beta_enc": 0.33920418488509996, "gamma_fc": 0.6962700831011029, "beta_rec": 0.5559002111265755, "cue_position": 0.0, "gamma_cf": 0.3906104987369058}, "datetime": {"elapsed": 85.071046, "delta": 0.342457, "datetime": "2020-06-14 09:47:05"}}
{"target": 5.5, "params": {"beta_enc": 0.6784824539979241, "gamma_fc": 0.6131123353670123, "beta_rec": 0.6873031493743899, "cue_position": 0.0, "gamma_cf": 0.3580799140129358}, "datetime": {"elapsed": 85.358446, "delta": 0.2874, "datetime": "2020-06-14 09:47:05"}}
{"target": 3.625, "params": {"beta_enc": 0.9357362666081998, "gamma_fc": 0.7396119625075467, "beta_rec": 0.5968885249459731, "cue_position": 0.0, "gamma_cf": 0.4410066204088712}, "datetime": {"elapsed": 85.606126, "delta": 0.24768, "datetime": "2020-06-14 09:47:05"}}
{"target": 5.625, "params": {"beta_enc": 0.03760387864960013, "gamma_fc": 0.2772001047825985, "beta_rec": 0.7647266390004861, "cue_position": 0.0, "gamma_cf": 0.0053165329611032375}, "datetime": {"elapsed": 85.89443, "delta": 0.288304, "datetime": "2020-06-14 09:47:06"}}
{"target": 7.0, "params": {"beta_enc": 0.5348322325198115, "gamma_fc": 0.800994555798356, "beta_rec": 0.7679628782813116, "cue_position": 0.0, "gamma_cf": 0.5490534438505197}, "datetime": {"elapsed": 86.210769, "delta": 0.316339, "datetime": "2020-06-14 09:47:06"}}
{"target": 6.375, "params": {"beta_enc": 0.6495830548784789, "gamma_fc": 0.9192375042561725, "beta_rec": 0.9314470149929107, "cue_position": 0.0, "gamma_cf": 0.2768064626005866}, "datetime": {"elapsed": 86.515088, "delta": 0.304319, "datetime": "2020-06-14 09:47:06"}}
{"target": 4.125, "params": {"beta_enc": 0.7650051482981429, "gamma_fc": 0.9727203528528249, "beta_rec": 0.5997403444720987, "cue_position": 0.0, "gamma_cf": 0.896043491575002}, "datetime": {"elapsed": 86.774021, "delta": 0.258933, "datetime": "2020-06-14 09:47:07"}}
{"target": 5.5, "params": {"beta_enc": 0.9985205070898059, "gamma_fc": 0.01474379089994693, "beta_rec": 0.13964933368410348, "cue_position": 0.0, "gamma_cf": 0.07346665436012334}, "datetime": {"elapsed": 87.059367, "delta": 0.285346, "datetime": "2020-06-14 09:47:07"}}
{"target": 1.375, "params": {"beta_enc": 0.971820072977926, "gamma_fc": 0.4875571674829181, "beta_rec": 0.09476691645722912, "cue_position": 0.0, "gamma_cf": 0.6851729969076996}, "datetime": {"elapsed": 87.260613, "delta": 0.201246, "datetime": "2020-06-14 09:47:07"}}
{"target": 7.625, "params": {"beta_enc": 0.3466948813585782, "gamma_fc": 0.725642545494869, "beta_rec": 0.35364778706700506, "cue_position": 0.0, "gamma_cf": 0.9110179736986265}, "datetime": {"elapsed": 87.589759, "delta": 0.329146, "datetime": "2020-06-14 09:47:07"}}
{"target": 11.0, "params": {"beta_enc": 0.025925792784269874, "gamma_fc": 0.8846818943092944, "beta_rec": 0.46152125324711457, "cue_position": 0.0, "gamma_cf": 0.02896618617789848}, "datetime": {"elapsed": 87.988084, "delta": 0.398325, "datetime": "2020-06-14 09:47:08"}}
{"target": 5.5, "params": {"beta_enc": 0.7710053579546823, "gamma_fc": 0.30788244381764673, "beta_rec": 0.32973507924426093, "cue_position": 0.0, "gamma_cf": 0.3246383222029966}, "datetime": {"elapsed": 88.273507, "delta": 0.285423, "datetime": "2020-06-14 09:47:08"}}
{"target": 2.875, "params": {"beta_enc": 0.9281090785007262, "gamma_fc": 0.8879964939264646, "beta_rec": 0.9769161619458502, "cue_position": 0.0, "gamma_cf": 0.951935167567925}, "datetime": {"elapsed": 88.506535, "delta": 0.233028, "datetime": "2020-06-14 09:47:08"}}
{"target": 6.5, "params": {"beta_enc": 0.5180325615944087, "gamma_fc": 0.6052128951232129, "beta_rec": 0.3727488020974856, "cue_position": 0.0, "gamma_cf": 0.455643424642054}, "datetime": {"elapsed": 88.812237, "delta": 0.305702, "datetime": "2020-06-14 09:47:09"}}
{"target": 5.5, "params": {"beta_enc": 0.9904061968899467, "gamma_fc": 0.18490559027840836, "beta_rec": 0.7739162499564685, "cue_position": 0.0, "gamma_cf": 0.08899822082237796}, "datetime": {"elapsed": 89.098995, "delta": 0.286758, "datetime": "2020-06-14 09:47:09"}}
{"target": 6.25, "params": {"beta_enc": 0.5268518758918344, "gamma_fc": 0.17786474795134855, "beta_rec": 0.417102418106858, "cue_position": 0.0, "gamma_cf": 0.9332023381866817}, "datetime": {"elapsed": 89.401674, "delta": 0.302679, "datetime": "2020-06-14 09:47:09"}}
{"target": 5.875, "params": {"beta_enc": 0.8600667708762162, "gamma_fc": 0.05758350560817371, "beta_rec": 0.9573949263266688, "cue_position": 0.0, "gamma_cf": 0.037862587720430496}, "datetime": {"elapsed": 89.696065, "delta": 0.294391, "datetime": "2020-06-14 09:47:09"}}
{"target": 9.0, "params": {"beta_enc": 0.005797392917688993, "gamma_fc": 0.3560164860311865, "beta_rec": 0.3126811561554764, "cue_position": 0.0, "gamma_cf": 0.29386248547054417}, "datetime": {"elapsed": 90.056031, "delta": 0.359966, "datetime": "2020-06-14 09:47:10"}}
{"target": 2.5, "params": {"beta_enc": 0.9536770184739218, "gamma_fc": 0.6433579246491355, "beta_rec": 0.47695092248677795, "cue_position": 0.0, "gamma_cf": 0.5030051950509548}, "datetime": {"elapsed": 90.279783, "delta": 0.223752, "datetime": "2020-06-14 09:47:10"}}
{"target": 7.25, "params": {"beta_enc": 0.111245672567435, "gamma_fc": 0.8905068324120895, "beta_rec": 0.7580616581331086, "cue_position": 0.0, "gamma_cf": 0.8442498595694283}, "datetime": {"elapsed": 90.603394, "delta": 0.323611, "datetime": "2020-06-14 09:47:10"}}
{"target": 7.75, "params": {"beta_enc": 0.38184239675576115, "gamma_fc": 0.971320469273211, "beta_rec": 0.44380519836651855, "cue_position": 0.0, "gamma_cf": 0.22580692243123512}, "datetime": {"elapsed": 90.937025, "delta": 0.333631, "datetime": "2020-06-14 09:47:11"}}
{"target": 9.125, "params": {"beta_enc": 0.28462396896873543, "gamma_fc": 0.15614956444079475, "beta_rec": 0.9073961422409973, "cue_position": 0.0, "gamma_cf": 0.9225044972603934}, "datetime": {"elapsed": 91.298926, "delta": 0.361901, "datetime": "2020-06-14 09:47:11"}}
{"target": 6.5, "params": {"beta_enc": 0.8797221435013809, "gamma_fc": 0.1599187885892832, "beta_rec": 0.6319949504631371, "cue_position": 0.0, "gamma_cf": 0.3451159147800812}, "datetime": {"elapsed": 91.606994, "delta": 0.308068, "datetime": "2020-06-14 09:47:11"}}
{"target": 9.375, "params": {"beta_enc": 0.4443481574461272, "gamma_fc": 0.6910273415567042, "beta_rec": 0.08377495384546052, "cue_position": 0.0, "gamma_cf": 0.19719634646666928}, "datetime": {"elapsed": 91.973628, "delta": 0.366634, "datetime": "2020-06-14 09:47:12"}}
{"target": 10.375, "params": {"beta_enc": 0.573802869165353, "gamma_fc": 0.034431265307095615, "beta_rec": 0.8733231340367321, "cue_position": 0.0, "gamma_cf": 0.6296079567189131}, "datetime": {"elapsed": 92.36412, "delta": 0.390492, "datetime": "2020-06-14 09:47:12"}}
{"target": 7.75, "params": {"beta_enc": 0.516198461077069, "gamma_fc": 0.2528414820768151, "beta_rec": 0.8632264817138495, "cue_position": 0.0, "gamma_cf": 0.009872975358918512}, "datetime": {"elapsed": 92.698779, "delta": 0.334659, "datetime": "2020-06-14 09:47:12"}}
{"target": 7.5, "params": {"beta_enc": 0.22384967032752534, "gamma_fc": 0.04548214567029407, "beta_rec": 0.047537594227760493, "cue_position": 0.0, "gamma_cf": 0.49019531224423174}, "datetime": {"elapsed": 93.029418, "delta": 0.330639, "datetime": "2020-06-14 09:47:13"}}
{"target": 9.375, "params": {"beta_enc": 0.278328130846902, "gamma_fc": 0.5905465222435671, "beta_rec": 0.6399745691089123, "cue_position": 0.0, "gamma_cf": 0.26965470115905144}, "datetime": {"elapsed": 93.395822, "delta": 0.366404, "datetime": "2020-06-14 09:47:13"}}
{"target": 7.625, "params": {"beta_enc": 0.38053407720964005, "gamma_fc": 0.3533943470016294, "beta_rec": 0.7025230339614009, "cue_position": 0.0, "gamma_cf": 0.6332092658064775}, "datetime": {"elapsed": 93.727207, "delta": 0.331385, "datetime": "2020-06-14 09:47:14"}}
{"target": 8.25, "params": {"beta_enc": 0.28704394615550866, "gamma_fc": 0.9380285431563524, "beta_rec": 0.13320711375110195, "cue_position": 0.0, "gamma_cf": 0.8048358460157946}, "datetime": {"elapsed": 94.069147, "delta": 0.34194, "datetime": "2020-06-14 09:47:14"}}
{"target": 8.0, "params": {"beta_enc": 0.1853805246478023, "gamma_fc": 0.27463424842386297, "beta_rec": 0.9331557628232255, "cue_position": 0.0, "gamma_cf": 0.2835445136036545}, "datetime": {"elapsed": 94.409904, "delta": 0.340757, "datetime": "2020-06-14 09:47:14"}}
{"target": 7.625, "params": {"beta_enc": 0.5514315736733725, "gamma_fc": 0.9473759179539593, "beta_rec": 0.18528923936855235, "cue_position": 0.0, "gamma_cf": 0.1853176459376844}, "datetime": {"elapsed": 94.740289, "delta": 0.330385, "datetime": "2020-06-14 09:47:15"}}
{"target": 7.0, "params": {"beta_enc": 0.4938246574910856, "gamma_fc": 0.9676952459611975, "beta_rec": 0.9639177674239978, "cue_position": 0.0, "gamma_cf": 0.4843157730323856}, "datetime": {"elapsed": 95.05921, "delta": 0.318921, "datetime": "2020-06-14 09:47:15"}}
{"target": 8.5, "params": {"beta_enc": 0.14318978170876284, "gamma_fc": 0.05935722533895749, "beta_rec": 0.6323298746664966, "cue_position": 0.0, "gamma_cf": 0.43383982715272595}, "datetime": {"elapsed": 95.408104, "delta": 0.348894, "datetime": "2020-06-14 09:47:15"}}
{"target": 5.875, "params": {"beta_enc": 0.4927226011660333, "gamma_fc": 0.3914303629842686, "beta_rec": 0.46513394351807746, "cue_position": 0.0, "gamma_cf": 0.25666098995297626}, "datetime": {"elapsed": 95.702759, "delta": 0.294655, "datetime": "2020-06-14 09:47:16"}}
{"target": 8.25, "params": {"beta_enc": 0.24017220722137722, "gamma_fc": 0.8214467402262973, "beta_rec": 0.6864434151723641, "cue_position": 0.0, "gamma_cf": 0.1774295368682619}, "datetime": {"elapsed": 96.045165, "delta": 0.342406, "datetime": "2020-06-14 09:47:16"}}
{"target": 6.25, "params": {"beta_enc": 0.2309885592816333, "gamma_fc": 0.8885421033562281, "beta_rec": 0.05797581337276703, "cue_position": 0.0, "gamma_cf": 0.9351531155423887}, "datetime": {"elapsed": 96.351251, "delta": 0.306086, "datetime": "2020-06-14 09:47:16"}}
{"target": 9.5, "params": {"beta_enc": 0.28926049548291, "gamma_fc": 0.4680495548664728, "beta_rec": 0.9477640661016069, "cue_position": 0.0, "gamma_cf": 0.4346547940716735}, "datetime": {"elapsed": 96.721943, "delta": 0.370692, "datetime": "2020-06-14 09:47:17"}}
{"target": 5.125, "params": {"beta_enc": 0.6298530215834227, "gamma_fc": 0.015443631942760883, "beta_rec": 0.15803183496381268, "cue_position": 0.0, "gamma_cf": 0.26551201747238584}, "datetime": {"elapsed": 97.002504, "delta": 0.280561, "datetime": "2020-06-14 09:47:17"}}
{"target": 6.0, "params": {"beta_enc": 0.6744988441622575, "gamma_fc": 0.14578543121477705, "beta_rec": 0.5514688358127765, "cue_position": 0.0, "gamma_cf": 0.7802023371197586}, "datetime": {"elapsed": 97.297077, "delta": 0.294573, "datetime": "2020-06-14 09:47:17"}}
{"target": 9.125, "params": {"beta_enc": 0.2448806387618836, "gamma_fc": 0.8699761802716075, "beta_rec": 0.2923137620392837, "cue_position": 0.0, "gamma_cf": 0.08793868377060332}, "datetime": {"elapsed": 97.657313, "delta": 0.360236, "datetime": "2020-06-14 09:47:17"}}
{"target": 7.5, "params": {"beta_enc": 0.08818864557151007, "gamma_fc": 0.5572682300749138, "beta_rec": 0.6837103358216379, "cue_position": 0.0, "gamma_cf": 0.010699003144174157}, "datetime": {"elapsed": 97.984368, "delta": 0.327055, "datetime": "2020-06-14 09:47:18"}}
{"target": 9.75, "params": {"beta_enc": 0.9071090552203707, "gamma_fc": 0.8008593551300331, "beta_rec": 0.8604566673368852, "cue_position": 0.0, "gamma_cf": 0.02715882932586222}, "datetime": {"elapsed": 98.358843, "delta": 0.374475, "datetime": "2020-06-14 09:47:18"}}
{"target": 3.875, "params": {"beta_enc": 0.805984932289666, "gamma_fc": 0.8974982823028202, "beta_rec": 0.8684881163027721, "cue_position": 0.0, "gamma_cf": 0.8077788623150765}, "datetime": {"elapsed": 98.611522, "delta": 0.252679, "datetime": "2020-06-14 09:47:18"}}
{"target": 6.75, "params": {"beta_enc": 0.4538299504900123, "gamma_fc": 0.6829068676298748, "beta_rec": 0.5578253037149105, "cue_position": 0.0, "gamma_cf": 0.6919839045242188}, "datetime": {"elapsed": 98.92222, "delta": 0.310698, "datetime": "2020-06-14 09:47:19"}}
{"target": 11.25, "params": {"beta_enc": 0.5203136358633165, "gamma_fc": 0.28184508814324294, "beta_rec": 0.8284681480854713, "cue_position": 0.0, "gamma_cf": 0.8248585623852319}, "datetime": {"elapsed": 99.326631, "delta": 0.404411, "datetime": "2020-06-14 09:47:19"}}
{"target": 9.25, "params": {"beta_enc": 0.17849483297748825, "gamma_fc": 0.5812353422911717, "beta_rec": 0.969870570344714, "cue_position": 0.0, "gamma_cf": 0.25979169330441454}, "datetime": {"elapsed": 99.691041, "delta": 0.36441, "datetime": "2020-06-14 09:47:19"}}
{"target": 2.5, "params": {"beta_enc": 0.9552622535381868, "gamma_fc": 0.22449347883595772, "beta_rec": 0.0807539078120788, "cue_position": 0.0, "gamma_cf": 0.6191348314199072}, "datetime": {"elapsed": 99.916648, "delta": 0.225607, "datetime": "2020-06-14 09:47:20"}}
{"target": 8.25, "params": {"beta_enc": 0.7651839567335081, "gamma_fc": 0.08428305143655679, "beta_rec": 0.5681525429491051, "cue_position": 0.0, "gamma_cf": 0.10781390079459241}, "datetime": {"elapsed": 100.261252, "delta": 0.344604, "datetime": "2020-06-14 09:47:20"}}
{"target": 5.0, "params": {"beta_enc": 0.6251210683054896, "gamma_fc": 0.6721444096568486, "beta_rec": 0.4097312611340205, "cue_position": 0.0, "gamma_cf": 0.3710639450161891}, "datetime": {"elapsed": 100.53919, "delta": 0.277938, "datetime": "2020-06-14 09:47:20"}}
{"target": 7.625, "params": {"beta_enc": 0.1895874001915857, "gamma_fc": 0.7300825577402602, "beta_rec": 0.8957291085287041, "cue_position": 0.0, "gamma_cf": 0.9615725424345338}, "datetime": {"elapsed": 100.870932, "delta": 0.331742, "datetime": "2020-06-14 09:47:21"}}
{"target": 9.375, "params": {"beta_enc": 0.4062884276883151, "gamma_fc": 0.605896361217858, "beta_rec": 0.7437491963512196, "cue_position": 0.0, "gamma_cf": 0.3144172223907462}, "datetime": {"elapsed": 101.236753, "delta": 0.365821, "datetime": "2020-06-14 09:47:21"}}
{"target": 5.625, "params": {"beta_enc": 0.5948471334079176, "gamma_fc": 0.9410132668189013, "beta_rec": 0.8786609763158111, "cue_position": 0.0, "gamma_cf": 0.7661883652028217}, "datetime": {"elapsed": 101.525975, "delta": 0.289222, "datetime": "2020-06-14 09:47:21"}}
{"target": 6.75, "params": {"beta_enc": 0.001032932657734631, "gamma_fc": 0.18373941187600173, "beta_rec": 0.47608911800210485, "cue_position": 0.0, "gamma_cf": 0.8433232139195225}, "datetime": {"elapsed": 101.838837, "delta": 0.312862, "datetime": "2020-06-14 09:47:22"}}
{"target": 5.125, "params": {"beta_enc": 0.8561592379873718, "gamma_fc": 0.08539013912317062, "beta_rec": 0.36436547985702794, "cue_position": 0.0, "gamma_cf": 0.02771174012236499}, "datetime": {"elapsed": 102.117539, "delta": 0.278702, "datetime": "2020-06-14 09:47:22"}}
{"target": 3.625, "params": {"beta_enc": 0.9814104657541125, "gamma_fc": 0.64990115308969, "beta_rec": 0.6095019257734966, "cue_position": 0.0, "gamma_cf": 0.16921418469369054}, "datetime": {"elapsed": 102.368262, "delta": 0.250723, "datetime": "2020-06-14 09:47:22"}}
{"target": 7.625, "params": {"beta_enc": 0.03697506835935782, "gamma_fc": 0.6508312566756971, "beta_rec": 0.31161391346070466, "cue_position": 0.0, "gamma_cf": 0.6074418935145536}, "datetime": {"elapsed": 102.700913, "delta": 0.332651, "datetime": "2020-06-14 09:47:22"}}
