{"target": 9.654166666666667, "params": {"gamma_cf": 0.6919839045242188, "beta_enc": 0.4538299504900123, "beta_rec": 0.5578253037149105, "cue_position": 1.0, "gamma_fc": 0.6829068676298748}, "datetime": {"delta": 26.466628, "datetime": "2020-06-24 19:14:32", "elapsed": 7193.905302}}
{"target": 9.308333333333334, "params": {"gamma_cf": 0.8248585623852319, "beta_enc": 0.5203136358633165, "beta_rec": 0.8284681480854713, "cue_position": 1.0, "gamma_fc": 0.28184508814324294}, "datetime": {"delta": 25.936153, "datetime": "2020-06-24 19:14:58", "elapsed": 7219.841455}}
{"target": 9.1875, "params": {"gamma_cf": 0.25979169330441454, "beta_enc": 0.17849483297748825, "beta_rec": 0.969870570344714, "cue_position": 1.0, "gamma_fc": 0.5812353422911717}, "datetime": {"delta": 25.731122, "datetime": "2020-06-24 19:15:23", "elapsed": 7245.572577}}
{"target": 3.75, "params": {"gamma_cf": 0.6191348314199072, "beta_enc": 0.9552622535381868, "beta_rec": 0.0807539078120788, "cue_position": 1.0, "gamma_fc": 0.22449347883595772}, "datetime": {"delta": 15.432, "datetime": "2020-06-24 19:15:39", "elapsed": 7261.004577}}
{"target": 5.379166666666666, "params": {"gamma_cf": 0.10781390079459241, "beta_enc": 0.7651839567335081, "beta_rec": 0.5681525429491051, "cue_position": 1.0, "gamma_fc": 0.08428305143655679}, "datetime": {"delta": 18.469939, "datetime": "2020-06-24 19:15:57", "elapsed": 7279.474516}}
{"target": 8.145833333333334, "params": {"gamma_cf": 0.3710639450161891, "beta_enc": 0.6251210683054896, "beta_rec": 0.4097312611340205, "cue_position": 1.0, "gamma_fc": 0.6721444096568486}, "datetime": {"delta": 23.676735, "datetime": "2020-06-24 19:16:21", "elapsed": 7303.151251}}
{"target": 10.270833333333334, "params": {"gamma_cf": 0.9615725424345338, "beta_enc": 0.1895874001915857, "beta_rec": 0.8957291085287041, "cue_position": 1.0, "gamma_fc": 0.7300825577402602}, "datetime": {"delta": 28.028486, "datetime": "2020-06-24 19:16:49", "elapsed": 7331.179737}}
{"target": 8.95, "params": {"gamma_cf": 0.3144172223907462, "beta_enc": 0.4062884276883151, "beta_rec": 0.7437491963512196, "cue_position": 1.0, "gamma_fc": 0.605896361217858}, "datetime": {"delta": 25.663998, "datetime": "2020-06-24 19:17:15", "elapsed": 7356.843735}}
{"target": 8.95, "params": {"gamma_cf": 0.7661883652028217, "beta_enc": 0.5948471334079176, "beta_rec": 0.8786609763158111, "cue_position": 1.0, "gamma_fc": 0.9410132668189013}, "datetime": {"delta": 25.745814, "datetime": "2020-06-24 19:17:40", "elapsed": 7382.589549}}
{"target": 10.2, "params": {"gamma_cf": 0.8433232139195225, "beta_enc": 0.001032932657734631, "beta_rec": 0.47608911800210485, "cue_position": 1.0, "gamma_fc": 0.18373941187600173}, "datetime": {"delta": 28.576598, "datetime": "2020-06-24 19:18:09", "elapsed": 7411.166147}}
{"target": 5.1375, "params": {"gamma_cf": 0.02771174012236499, "beta_enc": 0.8561592379873718, "beta_rec": 0.36436547985702794, "cue_position": 1.0, "gamma_fc": 0.08539013912317062}, "datetime": {"delta": 18.493742, "datetime": "2020-06-24 19:18:28", "elapsed": 7429.659889}}
{"target": 5.0875, "params": {"gamma_cf": 0.16921418469369054, "beta_enc": 0.9814104657541125, "beta_rec": 0.6095019257734966, "cue_position": 1.0, "gamma_fc": 0.64990115308969}, "datetime": {"delta": 18.412958, "datetime": "2020-06-24 19:18:46", "elapsed": 7448.072847}}
{"target": 9.883333333333333, "params": {"gamma_cf": 0.6074418935145536, "beta_enc": 0.03697506835935782, "beta_rec": 0.31161391346070466, "cue_position": 1.0, "gamma_fc": 0.6508312566756971}, "datetime": {"delta": 27.627817, "datetime": "2020-06-24 19:19:14", "elapsed": 7475.700664}}
{"target": 6.220833333333333, "params": {"gamma_cf": 0.5781739184085382, "beta_enc": 0.8460545992364693, "beta_rec": 0.9275809425975434, "cue_position": 1.0, "gamma_fc": 0.3987155436290084}, "datetime": {"delta": 22.289827, "datetime": "2020-06-24 19:19:36", "elapsed": 7497.990491}}
{"target": 4.5125, "params": {"gamma_cf": 0.3110130678848415, "beta_enc": 0.966612492642142, "beta_rec": 0.15407917183235742, "cue_position": 1.0, "gamma_fc": 0.548489089666104}, "datetime": {"delta": 17.341444, "datetime": "2020-06-24 19:19:53", "elapsed": 7515.331935}}
{"target": 7.679166666666666, "params": {"gamma_cf": 0.508482013429616, "beta_enc": 0.6820662584328149, "beta_rec": 0.23646965132615538, "cue_position": 1.0, "gamma_fc": 0.7918638755846716}, "datetime": {"delta": 23.561336, "datetime": "2020-06-24 19:20:17", "elapsed": 7538.893271}}
{"target": 7.425, "params": {"gamma_cf": 0.47973756704915504, "beta_enc": 0.6924144621670756, "beta_rec": 0.11897333717301484, "cue_position": 1.0, "gamma_fc": 0.9466766792396476}, "datetime": {"delta": 22.922222, "datetime": "2020-06-24 19:20:40", "elapsed": 7561.815493}}
{"target": 7.345833333333333, "params": {"gamma_cf": 0.8542379729163827, "beta_enc": 0.5534337062482657, "beta_rec": 0.08480182166035288, "cue_position": 1.0, "gamma_fc": 0.7059273667647191}, "datetime": {"delta": 22.619359, "datetime": "2020-06-24 19:21:02", "elapsed": 7584.434852}}
{"target": 4.904166666666667, "params": {"gamma_cf": 0.6503981324841198, "beta_enc": 0.8949395201529242, "beta_rec": 0.32914600179429976, "cue_position": 1.0, "gamma_fc": 0.5942908535866644}, "datetime": {"delta": 17.808841, "datetime": "2020-06-24 19:21:20", "elapsed": 7602.243693}}
{"target": 10.291666666666666, "params": {"gamma_cf": 0.8456149622311454, "beta_enc": 0.2314629355342478, "beta_rec": 0.4268213494482356, "cue_position": 1.0, "gamma_fc": 0.9866774449680826}, "datetime": {"delta": 28.036992, "datetime": "2020-06-24 19:21:48", "elapsed": 7630.280685}}
{"target": 9.695833333333333, "params": {"gamma_cf": 0.6254353783114329, "beta_enc": 0.06657080313237929, "beta_rec": 0.7139280322669613, "cue_position": 1.0, "gamma_fc": 0.258129649281871}, "datetime": {"delta": 26.676739, "datetime": "2020-06-24 19:22:15", "elapsed": 7656.957424}}
{"target": 7.254166666666666, "params": {"gamma_cf": 0.9117631736977988, "beta_enc": 0.6510076093084951, "beta_rec": 0.37114718446272954, "cue_position": 1.0, "gamma_fc": 0.9424988742262075}, "datetime": {"delta": 22.168313, "datetime": "2020-06-24 19:22:37", "elapsed": 7679.125737}}
{"target": 7.341666666666667, "params": {"gamma_cf": 0.7504535467233241, "beta_enc": 0.6135500265601355, "beta_rec": 0.21446778083069262, "cue_position": 1.0, "gamma_fc": 0.7510898073228061}, "datetime": {"delta": 22.308293, "datetime": "2020-06-24 19:22:59", "elapsed": 7701.43403}}
{"target": 10.116666666666667, "params": {"gamma_cf": 0.6316207452501602, "beta_enc": 0.2117213348484862, "beta_rec": 0.8301565261622993, "cue_position": 1.0, "gamma_fc": 0.7107395698995863}, "datetime": {"delta": 27.223734, "datetime": "2020-06-24 19:23:27", "elapsed": 7728.657764}}
{"target": 6.175, "params": {"gamma_cf": 0.9029359021217099, "beta_enc": 0.7423834297071017, "beta_rec": 0.39026470459958096, "cue_position": 1.0, "gamma_fc": 0.5874200192375769}, "datetime": {"delta": 19.939572, "datetime": "2020-06-24 19:23:46", "elapsed": 7748.597336}}
{"target": 8.425, "params": {"gamma_cf": 0.17272746332288003, "beta_enc": 0.09040971569479861, "beta_rec": 0.12897598414227607, "cue_position": 1.0, "gamma_fc": 0.12643089028968502}, "datetime": {"delta": 24.31023, "datetime": "2020-06-24 19:24:11", "elapsed": 7772.907566}}
{"target": 4.358333333333333, "params": {"gamma_cf": 0.8790664013584655, "beta_enc": 0.7783008900676276, "beta_rec": 0.039411512184444275, "cue_position": 1.0, "gamma_fc": 0.9735188608362936}, "datetime": {"delta": 16.605717, "datetime": "2020-06-24 19:24:27", "elapsed": 7789.513283}}
{"target": 9.154166666666667, "params": {"gamma_cf": 0.9485727683760076, "beta_enc": 0.6054220077270481, "beta_rec": 0.9762382645603884, "cue_position": 1.0, "gamma_fc": 0.31129608245616713}, "datetime": {"delta": 25.691636, "datetime": "2020-06-24 19:24:53", "elapsed": 7815.204919}}
{"target": 7.2875, "params": {"gamma_cf": 0.45855081090250105, "beta_enc": 0.798972840361593, "beta_rec": 0.8106291034469015, "cue_position": 1.0, "gamma_fc": 0.9306443921654484}, "datetime": {"delta": 22.500515, "datetime": "2020-06-24 19:25:16", "elapsed": 7837.705434}}
{"target": 8.5875, "params": {"gamma_cf": 0.9854449149448306, "beta_enc": 0.2578929844270399, "beta_rec": 0.9344454925295846, "cue_position": 1.0, "gamma_fc": 0.03264386596259239}, "datetime": {"delta": 25.224009, "datetime": "2020-06-24 19:25:41", "elapsed": 7862.929443}}
{"target": 6.5625, "params": {"gamma_cf": 0.259218125650737, "beta_enc": 0.7251666588327084, "beta_rec": 0.5655542353803811, "cue_position": 1.0, "gamma_fc": 0.3268306848663751}, "datetime": {"delta": 21.334753, "datetime": "2020-06-24 19:26:02", "elapsed": 7884.264196}}
{"target": 9.15, "params": {"gamma_cf": 0.5023950058982584, "beta_enc": 0.24946220670138775, "beta_rec": 0.21926791032506077, "cue_position": 1.0, "gamma_fc": 0.08318988869699773}, "datetime": {"delta": 26.492556, "datetime": "2020-06-24 19:26:29", "elapsed": 7910.756752}}
{"target": 6.545833333333333, "params": {"gamma_cf": 0.5153936931431213, "beta_enc": 0.7769841920273803, "beta_rec": 0.5336490760837309, "cue_position": 1.0, "gamma_fc": 0.39994592398513173}, "datetime": {"delta": 21.330917, "datetime": "2020-06-24 19:26:50", "elapsed": 7932.087669}}
{"target": 1.8458333333333334, "params": {"gamma_cf": 0.930854967759968, "beta_enc": 0.986246782436295, "beta_rec": 0.02824262016291268, "cue_position": 1.0, "gamma_fc": 0.39091871150145807}, "datetime": {"delta": 12.200993, "datetime": "2020-06-24 19:27:02", "elapsed": 7944.288662}}
{"target": 9.820833333333333, "params": {"gamma_cf": 0.8032081943280084, "beta_enc": 0.2144648711333198, "beta_rec": 0.619213297933239, "cue_position": 1.0, "gamma_fc": 0.2539338558777352}, "datetime": {"delta": 27.998668, "datetime": "2020-06-24 19:27:30", "elapsed": 7972.28733}}
{"target": 9.8125, "params": {"gamma_cf": 0.5353808917305217, "beta_enc": 0.2908061550326779, "beta_rec": 0.915915790009957, "cue_position": 1.0, "gamma_fc": 0.8628389805786156}, "datetime": {"delta": 27.822174, "datetime": "2020-06-24 19:27:58", "elapsed": 8000.109504}}
{"target": 6.583333333333333, "params": {"gamma_cf": 0.29481201179849537, "beta_enc": 0.3525325688050618, "beta_rec": 0.9978842782249023, "cue_position": 1.0, "gamma_fc": 0.04157423394916726}, "datetime": {"delta": 21.56435, "datetime": "2020-06-24 19:28:20", "elapsed": 8021.673854}}
{"target": 3.341666666666667, "params": {"gamma_cf": 0.6408076240458747, "beta_enc": 0.9897069537867418, "beta_rec": 0.4648876309118224, "cue_position": 1.0, "gamma_fc": 0.7230933996660097}, "datetime": {"delta": 14.99127, "datetime": "2020-06-24 19:28:35", "elapsed": 8036.665124}}
{"target": 10.529166666666667, "params": {"gamma_cf": 0.5519950271541971, "beta_enc": 0.05111090382611627, "beta_rec": 0.9200454054097137, "cue_position": 1.0, "gamma_fc": 0.963915888684551}, "datetime": {"delta": 28.929674, "datetime": "2020-06-24 19:29:03", "elapsed": 8065.594798}}
{"target": 9.5, "params": {"gamma_cf": 0.6280232317552282, "beta_enc": 0.28095553699036746, "beta_rec": 0.6021466271365452, "cue_position": 1.0, "gamma_fc": 0.3006322885237481}, "datetime": {"delta": 26.660835, "datetime": "2020-06-24 19:29:30", "elapsed": 8092.255633}}
{"target": 5.225, "params": {"gamma_cf": 0.049396384633314305, "beta_enc": 0.8193583846560202, "beta_rec": 0.06978597850420853, "cue_position": 1.0, "gamma_fc": 0.15045502836766345}, "datetime": {"delta": 18.293827, "datetime": "2020-06-24 19:29:48", "elapsed": 8110.54946}}
{"target": 9.575, "params": {"gamma_cf": 0.6475529858164272, "beta_enc": 0.39535047379469035, "beta_rec": 0.9553899892571747, "cue_position": 1.0, "gamma_fc": 0.5276215084563493}, "datetime": {"delta": 26.493803, "datetime": "2020-06-24 19:30:15", "elapsed": 8137.043263}}
{"target": 8.208333333333334, "params": {"gamma_cf": 0.043821509727146934, "beta_enc": 0.353242405983059, "beta_rec": 0.19819922932019185, "cue_position": 1.0, "gamma_fc": 0.7131639731598145}, "datetime": {"delta": 23.8775, "datetime": "2020-06-24 19:30:39", "elapsed": 8160.920763}}
{"target": 8.175, "params": {"gamma_cf": 0.10997597244532042, "beta_enc": 0.6538401991962549, "beta_rec": 0.4437697927247224, "cue_position": 1.0, "gamma_fc": 0.9387191733689311}, "datetime": {"delta": 23.649938, "datetime": "2020-06-24 19:31:02", "elapsed": 8184.570701}}
{"target": 5.995833333333334, "params": {"gamma_cf": 0.41656672901474745, "beta_enc": 0.8476267092393875, "beta_rec": 0.6590356596658833, "cue_position": 1.0, "gamma_fc": 0.48215392215746744}, "datetime": {"delta": 19.373464, "datetime": "2020-06-24 19:31:22", "elapsed": 8203.944165}}
{"target": 5.283333333333333, "params": {"gamma_cf": 0.554518498278167, "beta_enc": 0.9352837700068006, "beta_rec": 0.8635929549181026, "cue_position": 1.0, "gamma_fc": 0.8754038622793218}, "datetime": {"delta": 18.033186, "datetime": "2020-06-24 19:31:40", "elapsed": 8221.977351}}
{"target": 5.258333333333334, "params": {"gamma_cf": 0.35162490636044264, "beta_enc": 0.9492644337722901, "beta_rec": 0.639184755868246, "cue_position": 1.0, "gamma_fc": 0.91802831908618}, "datetime": {"delta": 18.05718, "datetime": "2020-06-24 19:31:58", "elapsed": 8240.034531}}
{"target": 5.058333333333334, "params": {"gamma_cf": 0.8498718814403323, "beta_enc": 0.8367520498538312, "beta_rec": 0.5520558812247628, "cue_position": 1.0, "gamma_fc": 0.8084113566061418}, "datetime": {"delta": 17.787614, "datetime": "2020-06-24 19:32:16", "elapsed": 8257.822145}}
{"target": 10.1875, "params": {"gamma_cf": 0.7708318305538303, "beta_enc": 0.13069282439738805, "beta_rec": 0.5360025748218121, "cue_position": 1.0, "gamma_fc": 0.4207131990251918}, "datetime": {"delta": 27.452655, "datetime": "2020-06-24 19:32:43", "elapsed": 8285.2748}}
{"target": 1.9041666666666666, "params": {"gamma_cf": 0.954200507429589, "beta_enc": 0.9778803933599658, "beta_rec": 0.25077315667300226, "cue_position": 1.0, "gamma_fc": 0.8087153481852897}, "datetime": {"delta": 11.745327, "datetime": "2020-06-24 19:32:55", "elapsed": 8297.020127}}
{"target": 4.683333333333334, "params": {"gamma_cf": 0.2355219566098693, "beta_enc": 0.9003400045106619, "beta_rec": 0.011589589409895185, "cue_position": 1.0, "gamma_fc": 0.2959350518874113}, "datetime": {"delta": 17.18073, "datetime": "2020-06-24 19:33:12", "elapsed": 8314.200857}}
{"target": 7.341666666666667, "params": {"gamma_cf": 0.3652744612070937, "beta_enc": 0.7379954964038409, "beta_rec": 0.7240848448640741, "cue_position": 1.0, "gamma_fc": 0.5846916130045258}, "datetime": {"delta": 22.444157, "datetime": "2020-06-24 19:33:35", "elapsed": 8336.645014}}
{"target": 8.983333333333333, "params": {"gamma_cf": 0.39564827226754884, "beta_enc": 0.5337077546342763, "beta_rec": 0.550579559007862, "cue_position": 1.0, "gamma_fc": 0.7717184824154584}, "datetime": {"delta": 25.628488, "datetime": "2020-06-24 19:34:00", "elapsed": 8362.273502}}
{"target": 8.25, "params": {"gamma_cf": 0.0035547604644260433, "beta_enc": 0.2512031833493866, "beta_rec": 0.655760767903366, "cue_position": 1.0, "gamma_fc": 0.7233610443943062}, "datetime": {"delta": 24.183397, "datetime": "2020-06-24 19:34:24", "elapsed": 8386.456899}}
{"target": 9.6375, "params": {"gamma_cf": 0.24294712577080113, "beta_enc": 0.10899503392964371, "beta_rec": 0.5437874916638252, "cue_position": 1.0, "gamma_fc": 0.9138438752466082}, "datetime": {"delta": 27.001062, "datetime": "2020-06-24 19:34:51", "elapsed": 8413.457961}}
{"target": 7.3125, "params": {"gamma_cf": 0.10550707999733477, "beta_enc": 0.6223125286916178, "beta_rec": 0.23169469139485988, "cue_position": 1.0, "gamma_fc": 0.5552253185313445}, "datetime": {"delta": 22.696882, "datetime": "2020-06-24 19:35:14", "elapsed": 8436.154843}}
{"target": 10.1125, "params": {"gamma_cf": 0.6494668079547463, "beta_enc": 0.0949560698024915, "beta_rec": 0.5809840726750195, "cue_position": 1.0, "gamma_fc": 0.71582695285818}, "datetime": {"delta": 28.097314, "datetime": "2020-06-24 19:35:42", "elapsed": 8464.252157}}
{"target": 9.320833333333333, "params": {"gamma_cf": 0.8075122716430321, "beta_enc": 0.5241856145686612, "beta_rec": 0.6575214077031101, "cue_position": 1.0, "gamma_fc": 0.6196819920538628}, "datetime": {"delta": 26.809804, "datetime": "2020-06-24 19:36:09", "elapsed": 8491.061961}}
{"target": 9.116666666666667, "params": {"gamma_cf": 0.7029317321143713, "beta_enc": 0.45110246212077487, "beta_rec": 0.40794998904736746, "cue_position": 1.0, "gamma_fc": 0.18493502237340165}, "datetime": {"delta": 26.334144, "datetime": "2020-06-24 19:36:35", "elapsed": 8517.396105}}
{"target": 9.183333333333334, "params": {"gamma_cf": 0.8455176755307064, "beta_enc": 0.5657321466292633, "beta_rec": 0.9088080323000569, "cue_position": 1.0, "gamma_fc": 0.8202024663153499}, "datetime": {"delta": 26.305706, "datetime": "2020-06-24 19:37:02", "elapsed": 8543.701811}}
{"target": 7.45, "params": {"gamma_cf": 0.9226386946886712, "beta_enc": 0.4993411012978345, "beta_rec": 0.0375838514857032, "cue_position": 1.0, "gamma_fc": 0.04415479603186245}, "datetime": {"delta": 22.869613, "datetime": "2020-06-24 19:37:24", "elapsed": 8566.571424}}
{"target": 9.7875, "params": {"gamma_cf": 0.9810797572402973, "beta_enc": 0.3724987664053595, "beta_rec": 0.6190396347254709, "cue_position": 1.0, "gamma_fc": 0.15597523304342242}, "datetime": {"delta": 26.864547, "datetime": "2020-06-24 19:37:51", "elapsed": 8593.435971}}
{"target": 8.679166666666667, "params": {"gamma_cf": 0.4663089892093414, "beta_enc": 0.5396791951612744, "beta_rec": 0.6180113243466446, "cue_position": 1.0, "gamma_fc": 0.49100852913292925}, "datetime": {"delta": 24.698114, "datetime": "2020-06-24 19:38:16", "elapsed": 8618.134085}}
{"target": 6.945833333333334, "params": {"gamma_cf": 0.6669425431939752, "beta_enc": 0.766862376326542, "beta_rec": 0.6342807527738734, "cue_position": 1.0, "gamma_fc": 0.45337742652219837}, "datetime": {"delta": 21.389215, "datetime": "2020-06-24 19:38:37", "elapsed": 8639.5233}}
{"target": 9.445833333333333, "params": {"gamma_cf": 0.7880495511723071, "beta_enc": 0.5257115913414097, "beta_rec": 0.6585680415583619, "cue_position": 1.0, "gamma_fc": 0.6028653375383973}, "datetime": {"delta": 26.007838, "datetime": "2020-06-24 19:39:03", "elapsed": 8665.531138}}
{"target": 2.075, "params": {"gamma_cf": 0.8956418025994466, "beta_enc": 0.9803328851373277, "beta_rec": 0.22238319353117575, "cue_position": 1.0, "gamma_fc": 0.6014334096987881}, "datetime": {"delta": 12.109076, "datetime": "2020-06-24 19:39:16", "elapsed": 8677.640214}}
{"target": 6.341666666666667, "params": {"gamma_cf": 0.9460550298475632, "beta_enc": 0.725958845848815, "beta_rec": 0.41367016420136027, "cue_position": 1.0, "gamma_fc": 0.20018606573932207}, "datetime": {"delta": 20.197202, "datetime": "2020-06-24 19:39:36", "elapsed": 8697.837416}}
{"target": 5.254166666666666, "params": {"gamma_cf": 0.21520958659442757, "beta_enc": 0.8073652638773204, "beta_rec": 0.9695380120998964, "cue_position": 1.0, "gamma_fc": 0.11737692031312974}, "datetime": {"delta": 18.092951, "datetime": "2020-06-24 19:39:54", "elapsed": 8715.930367}}
{"target": 6.370833333333334, "params": {"gamma_cf": 0.38961201587930516, "beta_enc": 0.7674235177414532, "beta_rec": 0.08121658594273329, "cue_position": 1.0, "gamma_fc": 0.9052027659330404}, "datetime": {"delta": 20.322897, "datetime": "2020-06-24 19:40:14", "elapsed": 8736.253264}}
{"target": 9.825, "params": {"gamma_cf": 0.5952697806732562, "beta_enc": 0.18857760349946784, "beta_rec": 0.44087219982229087, "cue_position": 1.0, "gamma_fc": 0.4621580966913571}, "datetime": {"delta": 26.831712, "datetime": "2020-06-24 19:40:41", "elapsed": 8763.084976}}
{"target": 6.966666666666667, "params": {"gamma_cf": 0.1935589577238105, "beta_enc": 0.5126497467571176, "beta_rec": 0.5738855268923474, "cue_position": 1.0, "gamma_fc": 0.11396576145918635}, "datetime": {"delta": 21.731989, "datetime": "2020-06-24 19:41:03", "elapsed": 8784.816965}}
{"target": 10.154166666666667, "params": {"gamma_cf": 0.8477210140360106, "beta_enc": 0.151227927370148, "beta_rec": 0.0524909638531339, "cue_position": 1.0, "gamma_fc": 0.35911933892411074}, "datetime": {"delta": 28.063689, "datetime": "2020-06-24 19:41:31", "elapsed": 8812.880654}}
{"target": 9.945833333333333, "params": {"gamma_cf": 0.4254034655756376, "beta_enc": 0.07531087263581782, "beta_rec": 0.42572441198511624, "cue_position": 1.0, "gamma_fc": 0.81072123360737}, "datetime": {"delta": 27.733517, "datetime": "2020-06-24 19:41:59", "elapsed": 8840.614171}}
{"target": 5.0375, "params": {"gamma_cf": 0.4702989247821753, "beta_enc": 0.9418862461867052, "beta_rec": 0.8699107732683544, "cue_position": 1.0, "gamma_fc": 0.6826980429032513}, "datetime": {"delta": 18.309576, "datetime": "2020-06-24 19:42:17", "elapsed": 8858.923747}}
{"target": 10.233333333333333, "params": {"gamma_cf": 0.9062603959616818, "beta_enc": 0.013418310556529534, "beta_rec": 0.9824781185020439, "cue_position": 1.0, "gamma_fc": 0.8071099016661061}, "datetime": {"delta": 28.734034, "datetime": "2020-06-24 19:42:46", "elapsed": 8887.657781}}
{"target": 6.979166666666667, "params": {"gamma_cf": 0.42880069291408873, "beta_enc": 0.8001396843869877, "beta_rec": 0.2689360577850649, "cue_position": 1.0, "gamma_fc": 0.8493711007306549}, "datetime": {"delta": 22.241771, "datetime": "2020-06-24 19:43:08", "elapsed": 8909.899552}}
{"target": 9.654166666666667, "params": {"gamma_cf": 0.6193921656967597, "beta_enc": 0.45037964247172024, "beta_rec": 0.9354201140070618, "cue_position": 1.0, "gamma_fc": 0.9806990363557802}, "datetime": {"delta": 27.438395, "datetime": "2020-06-24 19:43:35", "elapsed": 8937.337947}}
{"target": 7.2375, "params": {"gamma_cf": 0.3347513437136638, "beta_enc": 0.6434625222408049, "beta_rec": 0.04549821604060378, "cue_position": 1.0, "gamma_fc": 0.5321815485216747}, "datetime": {"delta": 22.578824, "datetime": "2020-06-24 19:43:58", "elapsed": 8959.916771}}
