{"target": 10.679166666666667, "params": {"beta_enc": 0.9071090552203707, "gamma_cf": 0.02715882932586222, "cue_position": 16.0, "beta_rec": 0.8604566673368852, "gamma_fc": 0.8008593551300331}, "datetime": {"elapsed": 8575.539473, "datetime": "2020-06-20 04:46:24", "delta": 33.032352}}
{"target": 6.9, "params": {"beta_enc": 0.805984932289666, "gamma_cf": 0.8077788623150765, "cue_position": 16.0, "beta_rec": 0.8684881163027721, "gamma_fc": 0.8974982823028202}, "datetime": {"elapsed": 8600.321405, "datetime": "2020-06-20 04:46:48", "delta": 24.781932}}
{"target": 9.6, "params": {"beta_enc": 0.4538299504900123, "gamma_cf": 0.6919839045242188, "cue_position": 16.0, "beta_rec": 0.5578253037149105, "gamma_fc": 0.6829068676298748}, "datetime": {"elapsed": 8631.22712, "datetime": "2020-06-20 04:47:19", "delta": 30.905715}}
{"target": 8.616666666666667, "params": {"beta_enc": 0.5203136358633165, "gamma_cf": 0.8248585623852319, "cue_position": 16.0, "beta_rec": 0.8284681480854713, "gamma_fc": 0.28184508814324294}, "datetime": {"elapsed": 8659.96088, "datetime": "2020-06-20 04:47:48", "delta": 28.73376}}
{"target": 9.683333333333334, "params": {"beta_enc": 0.17849483297748825, "gamma_cf": 0.25979169330441454, "cue_position": 16.0, "beta_rec": 0.969870570344714, "gamma_fc": 0.5812353422911717}, "datetime": {"elapsed": 8690.92064, "datetime": "2020-06-20 04:48:19", "delta": 30.95976}}
{"target": 6.279166666666667, "params": {"beta_enc": 0.9552622535381868, "gamma_cf": 0.6191348314199072, "cue_position": 16.0, "beta_rec": 0.0807539078120788, "gamma_fc": 0.22449347883595772}, "datetime": {"elapsed": 8714.367832, "datetime": "2020-06-20 04:48:42", "delta": 23.447192}}
{"target": 6.191666666666666, "params": {"beta_enc": 0.7651839567335081, "gamma_cf": 0.10781390079459241, "cue_position": 16.0, "beta_rec": 0.5681525429491051, "gamma_fc": 0.08428305143655679}, "datetime": {"elapsed": 8737.692055, "datetime": "2020-06-20 04:49:06", "delta": 23.324223}}
{"target": 9.016666666666667, "params": {"beta_enc": 0.6251210683054896, "gamma_cf": 0.3710639450161891, "cue_position": 16.0, "beta_rec": 0.4097312611340205, "gamma_fc": 0.6721444096568486}, "datetime": {"elapsed": 8767.205678, "datetime": "2020-06-20 04:49:35", "delta": 29.513623}}
{"target": 10.345833333333333, "params": {"beta_enc": 0.1895874001915857, "gamma_cf": 0.9615725424345338, "cue_position": 16.0, "beta_rec": 0.8957291085287041, "gamma_fc": 0.7300825577402602}, "datetime": {"elapsed": 8799.682358, "datetime": "2020-06-20 04:50:08", "delta": 32.47668}}
{"target": 9.391666666666667, "params": {"beta_enc": 0.4062884276883151, "gamma_cf": 0.3144172223907462, "cue_position": 16.0, "beta_rec": 0.7437491963512196, "gamma_fc": 0.605896361217858}, "datetime": {"elapsed": 8830.266382, "datetime": "2020-06-20 04:50:38", "delta": 30.584024}}
{"target": 9.470833333333333, "params": {"beta_enc": 0.5948471334079176, "gamma_cf": 0.7661883652028217, "cue_position": 16.0, "beta_rec": 0.8786609763158111, "gamma_fc": 0.9410132668189013}, "datetime": {"elapsed": 8861.046078, "datetime": "2020-06-20 04:51:09", "delta": 30.779696}}
{"target": 10.095833333333333, "params": {"beta_enc": 0.001032932657734631, "gamma_cf": 0.8433232139195225, "cue_position": 16.0, "beta_rec": 0.47608911800210485, "gamma_fc": 0.18373941187600173}, "datetime": {"elapsed": 8893.08394, "datetime": "2020-06-20 04:51:41", "delta": 32.037862}}
{"target": 5.966666666666667, "params": {"beta_enc": 0.8561592379873718, "gamma_cf": 0.02771174012236499, "cue_position": 16.0, "beta_rec": 0.36436547985702794, "gamma_fc": 0.08539013912317062}, "datetime": {"elapsed": 8915.896941, "datetime": "2020-06-20 04:52:04", "delta": 22.813001}}
{"target": 8.320833333333333, "params": {"beta_enc": 0.9814104657541125, "gamma_cf": 0.16921418469369054, "cue_position": 16.0, "beta_rec": 0.6095019257734966, "gamma_fc": 0.64990115308969}, "datetime": {"elapsed": 8943.93014, "datetime": "2020-06-20 04:52:32", "delta": 28.033199}}
{"target": 10.191666666666666, "params": {"beta_enc": 0.03697506835935782, "gamma_cf": 0.6074418935145536, "cue_position": 16.0, "beta_rec": 0.31161391346070466, "gamma_fc": 0.6508312566756971}, "datetime": {"elapsed": 8975.993964, "datetime": "2020-06-20 04:53:04", "delta": 32.063824}}
{"target": 7.991666666666666, "params": {"beta_enc": 0.8460545992364693, "gamma_cf": 0.5781739184085382, "cue_position": 16.0, "beta_rec": 0.9275809425975434, "gamma_fc": 0.3987155436290084}, "datetime": {"elapsed": 9003.123568, "datetime": "2020-06-20 04:53:31", "delta": 27.129604}}
{"target": 6.629166666666666, "params": {"beta_enc": 0.966612492642142, "gamma_cf": 0.3110130678848415, "cue_position": 16.0, "beta_rec": 0.15407917183235742, "gamma_fc": 0.548489089666104}, "datetime": {"elapsed": 9027.244357, "datetime": "2020-06-20 04:53:55", "delta": 24.120789}}
{"target": 8.295833333333333, "params": {"beta_enc": 0.6820662584328149, "gamma_cf": 0.508482013429616, "cue_position": 16.0, "beta_rec": 0.23646965132615538, "gamma_fc": 0.7918638755846716}, "datetime": {"elapsed": 9055.052527, "datetime": "2020-06-20 04:54:23", "delta": 27.80817}}
{"target": 8.045833333333333, "params": {"beta_enc": 0.6924144621670756, "gamma_cf": 0.47973756704915504, "cue_position": 16.0, "beta_rec": 0.11897333717301484, "gamma_fc": 0.9466766792396476}, "datetime": {"elapsed": 9082.27576, "datetime": "2020-06-20 04:54:50", "delta": 27.223233}}
{"target": 7.4875, "params": {"beta_enc": 0.5534337062482657, "gamma_cf": 0.8542379729163827, "cue_position": 16.0, "beta_rec": 0.08480182166035288, "gamma_fc": 0.7059273667647191}, "datetime": {"elapsed": 9108.273465, "datetime": "2020-06-20 04:55:16", "delta": 25.997705}}
{"target": 7.095833333333333, "params": {"beta_enc": 0.8949395201529242, "gamma_cf": 0.6503981324841198, "cue_position": 16.0, "beta_rec": 0.32914600179429976, "gamma_fc": 0.5942908535866644}, "datetime": {"elapsed": 9133.372507, "datetime": "2020-06-20 04:55:41", "delta": 25.099042}}
{"target": 10.125, "params": {"beta_enc": 0.2314629355342478, "gamma_cf": 0.8456149622311454, "cue_position": 16.0, "beta_rec": 0.4268213494482356, "gamma_fc": 0.9866774449680826}, "datetime": {"elapsed": 9165.151775, "datetime": "2020-06-20 04:56:13", "delta": 31.779268}}
{"target": 9.708333333333334, "params": {"beta_enc": 0.06657080313237929, "gamma_cf": 0.6254353783114329, "cue_position": 16.0, "beta_rec": 0.7139280322669613, "gamma_fc": 0.258129649281871}, "datetime": {"elapsed": 9196.076462, "datetime": "2020-06-20 04:56:44", "delta": 30.924687}}
{"target": 7.370833333333334, "params": {"beta_enc": 0.6510076093084951, "gamma_cf": 0.9117631736977988, "cue_position": 16.0, "beta_rec": 0.37114718446272954, "gamma_fc": 0.9424988742262075}, "datetime": {"elapsed": 9221.859442, "datetime": "2020-06-20 04:57:10", "delta": 25.78298}}
{"target": 7.879166666666666, "params": {"beta_enc": 0.6135500265601355, "gamma_cf": 0.7504535467233241, "cue_position": 16.0, "beta_rec": 0.21446778083069262, "gamma_fc": 0.7510898073228061}, "datetime": {"elapsed": 9248.737154, "datetime": "2020-06-20 04:57:37", "delta": 26.877712}}
{"target": 10.3625, "params": {"beta_enc": 0.2117213348484862, "gamma_cf": 0.6316207452501602, "cue_position": 16.0, "beta_rec": 0.8301565261622993, "gamma_fc": 0.7107395698995863}, "datetime": {"elapsed": 9280.949417, "datetime": "2020-06-20 04:58:09", "delta": 32.212263}}
{"target": 6.754166666666666, "params": {"beta_enc": 0.7423834297071017, "gamma_cf": 0.9029359021217099, "cue_position": 16.0, "beta_rec": 0.39026470459958096, "gamma_fc": 0.5874200192375769}, "datetime": {"elapsed": 9305.310567, "datetime": "2020-06-20 04:58:33", "delta": 24.36115}}
{"target": 9.195833333333333, "params": {"beta_enc": 0.09040971569479861, "gamma_cf": 0.17272746332288003, "cue_position": 16.0, "beta_rec": 0.12897598414227607, "gamma_fc": 0.12643089028968502}, "datetime": {"elapsed": 9335.05556, "datetime": "2020-06-20 04:59:03", "delta": 29.744993}}
{"target": 5.625, "params": {"beta_enc": 0.7783008900676276, "gamma_cf": 0.8790664013584655, "cue_position": 16.0, "beta_rec": 0.039411512184444275, "gamma_fc": 0.9735188608362936}, "datetime": {"elapsed": 9356.907783, "datetime": "2020-06-20 04:59:25", "delta": 21.852223}}
{"target": 8.216666666666667, "params": {"beta_enc": 0.6054220077270481, "gamma_cf": 0.9485727683760076, "cue_position": 16.0, "beta_rec": 0.9762382645603884, "gamma_fc": 0.31129608245616713}, "datetime": {"elapsed": 9384.329448, "datetime": "2020-06-20 04:59:52", "delta": 27.421665}}
{"target": 9.454166666666667, "params": {"beta_enc": 0.798972840361593, "gamma_cf": 0.45855081090250105, "cue_position": 16.0, "beta_rec": 0.8106291034469015, "gamma_fc": 0.9306443921654484}, "datetime": {"elapsed": 9414.377729, "datetime": "2020-06-20 05:00:22", "delta": 30.048281}}
{"target": 9.029166666666667, "params": {"beta_enc": 0.2578929844270399, "gamma_cf": 0.9854449149448306, "cue_position": 16.0, "beta_rec": 0.9344454925295846, "gamma_fc": 0.03264386596259239}, "datetime": {"elapsed": 9443.642599, "datetime": "2020-06-20 05:00:52", "delta": 29.26487}}
{"target": 7.958333333333333, "params": {"beta_enc": 0.7251666588327084, "gamma_cf": 0.259218125650737, "cue_position": 16.0, "beta_rec": 0.5655542353803811, "gamma_fc": 0.3268306848663751}, "datetime": {"elapsed": 9470.359662, "datetime": "2020-06-20 05:01:18", "delta": 26.717063}}
{"target": 9.320833333333333, "params": {"beta_enc": 0.24946220670138775, "gamma_cf": 0.5023950058982584, "cue_position": 16.0, "beta_rec": 0.21926791032506077, "gamma_fc": 0.08318988869699773}, "datetime": {"elapsed": 9500.235252, "datetime": "2020-06-20 05:01:48", "delta": 29.87559}}
{"target": 7.75, "params": {"beta_enc": 0.7769841920273803, "gamma_cf": 0.5153936931431213, "cue_position": 16.0, "beta_rec": 0.5336490760837309, "gamma_fc": 0.39994592398513173}, "datetime": {"elapsed": 9526.635856, "datetime": "2020-06-20 05:02:15", "delta": 26.400604}}
{"target": 6.225, "params": {"beta_enc": 0.986246782436295, "gamma_cf": 0.930854967759968, "cue_position": 16.0, "beta_rec": 0.02824262016291268, "gamma_fc": 0.39091871150145807}, "datetime": {"elapsed": 9549.556616, "datetime": "2020-06-20 05:02:38", "delta": 22.92076}}
{"target": 9.995833333333334, "params": {"beta_enc": 0.2144648711333198, "gamma_cf": 0.8032081943280084, "cue_position": 16.0, "beta_rec": 0.619213297933239, "gamma_fc": 0.2539338558777352}, "datetime": {"elapsed": 9580.842409, "datetime": "2020-06-20 05:03:09", "delta": 31.285793}}
{"target": 10.129166666666666, "params": {"beta_enc": 0.2908061550326779, "gamma_cf": 0.5353808917305217, "cue_position": 16.0, "beta_rec": 0.915915790009957, "gamma_fc": 0.8628389805786156}, "datetime": {"elapsed": 9611.511378, "datetime": "2020-06-20 05:03:40", "delta": 30.668969}}
{"target": 7.05, "params": {"beta_enc": 0.3525325688050618, "gamma_cf": 0.29481201179849537, "cue_position": 16.0, "beta_rec": 0.9978842782249023, "gamma_fc": 0.04157423394916726}, "datetime": {"elapsed": 9635.310089, "datetime": "2020-06-20 05:04:03", "delta": 23.798711}}
{"target": 6.254166666666666, "params": {"beta_enc": 0.9897069537867418, "gamma_cf": 0.6408076240458747, "cue_position": 16.0, "beta_rec": 0.4648876309118224, "gamma_fc": 0.7230933996660097}, "datetime": {"elapsed": 9656.744737, "datetime": "2020-06-20 05:04:25", "delta": 21.434648}}
{"target": 10.466666666666667, "params": {"beta_enc": 0.05111090382611627, "gamma_cf": 0.5519950271541971, "cue_position": 16.0, "beta_rec": 0.9200454054097137, "gamma_fc": 0.963915888684551}, "datetime": {"elapsed": 9686.69812, "datetime": "2020-06-20 05:04:55", "delta": 29.953383}}
{"target": 9.7625, "params": {"beta_enc": 0.28095553699036746, "gamma_cf": 0.6280232317552282, "cue_position": 16.0, "beta_rec": 0.6021466271365452, "gamma_fc": 0.3006322885237481}, "datetime": {"elapsed": 9715.190232, "datetime": "2020-06-20 05:05:23", "delta": 28.492112}}
{"target": 6.729166666666667, "params": {"beta_enc": 0.8193583846560202, "gamma_cf": 0.049396384633314305, "cue_position": 16.0, "beta_rec": 0.06978597850420853, "gamma_fc": 0.15045502836766345}, "datetime": {"elapsed": 9737.586301, "datetime": "2020-06-20 05:05:46", "delta": 22.396069}}
{"target": 9.695833333333333, "params": {"beta_enc": 0.39535047379469035, "gamma_cf": 0.6475529858164272, "cue_position": 16.0, "beta_rec": 0.9553899892571747, "gamma_fc": 0.5276215084563493}, "datetime": {"elapsed": 9765.909755, "datetime": "2020-06-20 05:06:14", "delta": 28.323454}}
{"target": 9.270833333333334, "params": {"beta_enc": 0.353242405983059, "gamma_cf": 0.043821509727146934, "cue_position": 16.0, "beta_rec": 0.19819922932019185, "gamma_fc": 0.7131639731598145}, "datetime": {"elapsed": 9793.389353, "datetime": "2020-06-20 05:06:41", "delta": 27.479598}}
{"target": 9.866666666666667, "params": {"beta_enc": 0.6538401991962549, "gamma_cf": 0.10997597244532042, "cue_position": 16.0, "beta_rec": 0.4437697927247224, "gamma_fc": 0.9387191733689311}, "datetime": {"elapsed": 9822.043544, "datetime": "2020-06-20 05:07:10", "delta": 28.654191}}
{"target": 7.883333333333334, "params": {"beta_enc": 0.8476267092393875, "gamma_cf": 0.41656672901474745, "cue_position": 16.0, "beta_rec": 0.6590356596658833, "gamma_fc": 0.48215392215746744}, "datetime": {"elapsed": 9846.744111, "datetime": "2020-06-20 05:07:35", "delta": 24.700567}}
{"target": 7.0375, "params": {"beta_enc": 0.9352837700068006, "gamma_cf": 0.554518498278167, "cue_position": 16.0, "beta_rec": 0.8635929549181026, "gamma_fc": 0.8754038622793218}, "datetime": {"elapsed": 9869.776106, "datetime": "2020-06-20 05:07:58", "delta": 23.031995}}
{"target": 8.154166666666667, "params": {"beta_enc": 0.9492644337722901, "gamma_cf": 0.35162490636044264, "cue_position": 16.0, "beta_rec": 0.639184755868246, "gamma_fc": 0.91802831908618}, "datetime": {"elapsed": 9894.759347, "datetime": "2020-06-20 05:08:23", "delta": 24.983241}}
{"target": 6.466666666666667, "params": {"beta_enc": 0.8367520498538312, "gamma_cf": 0.8498718814403323, "cue_position": 16.0, "beta_rec": 0.5520558812247628, "gamma_fc": 0.8084113566061418}, "datetime": {"elapsed": 9916.635689, "datetime": "2020-06-20 05:08:45", "delta": 21.876342}}
{"target": 9.929166666666667, "params": {"beta_enc": 0.13069282439738805, "gamma_cf": 0.7708318305538303, "cue_position": 16.0, "beta_rec": 0.5360025748218121, "gamma_fc": 0.4207131990251918}, "datetime": {"elapsed": 9945.284722, "datetime": "2020-06-20 05:09:13", "delta": 28.649033}}
{"target": 4.529166666666667, "params": {"beta_enc": 0.9778803933599658, "gamma_cf": 0.954200507429589, "cue_position": 16.0, "beta_rec": 0.25077315667300226, "gamma_fc": 0.8087153481852897}, "datetime": {"elapsed": 9963.122, "datetime": "2020-06-20 05:09:31", "delta": 17.837278}}
{"target": 6.520833333333333, "params": {"beta_enc": 0.9003400045106619, "gamma_cf": 0.2355219566098693, "cue_position": 16.0, "beta_rec": 0.011589589409895185, "gamma_fc": 0.2959350518874113}, "datetime": {"elapsed": 9985.054039, "datetime": "2020-06-20 05:09:53", "delta": 21.932039}}
{"target": 9.033333333333333, "params": {"beta_enc": 0.7379954964038409, "gamma_cf": 0.3652744612070937, "cue_position": 16.0, "beta_rec": 0.7240848448640741, "gamma_fc": 0.5846916130045258}, "datetime": {"elapsed": 10012.041141, "datetime": "2020-06-20 05:10:20", "delta": 26.987102}}
{"target": 9.808333333333334, "params": {"beta_enc": 0.5337077546342763, "gamma_cf": 0.39564827226754884, "cue_position": 16.0, "beta_rec": 0.550579559007862, "gamma_fc": 0.7717184824154584}, "datetime": {"elapsed": 10040.570123, "datetime": "2020-06-20 05:10:49", "delta": 28.528982}}
{"target": 8.866666666666667, "params": {"beta_enc": 0.2512031833493866, "gamma_cf": 0.0035547604644260433, "cue_position": 16.0, "beta_rec": 0.655760767903366, "gamma_fc": 0.7233610443943062}, "datetime": {"elapsed": 10067.358557, "datetime": "2020-06-20 05:11:15", "delta": 26.788434}}
{"target": 10.083333333333334, "params": {"beta_enc": 0.10899503392964371, "gamma_cf": 0.24294712577080113, "cue_position": 16.0, "beta_rec": 0.5437874916638252, "gamma_fc": 0.9138438752466082}, "datetime": {"elapsed": 10098.429907, "datetime": "2020-06-20 05:11:47", "delta": 31.07135}}
{"target": 8.904166666666667, "params": {"beta_enc": 0.6223125286916178, "gamma_cf": 0.10550707999733477, "cue_position": 16.0, "beta_rec": 0.23169469139485988, "gamma_fc": 0.5552253185313445}, "datetime": {"elapsed": 10126.233913, "datetime": "2020-06-20 05:12:14", "delta": 27.804006}}
{"target": 10.291666666666666, "params": {"beta_enc": 0.0949560698024915, "gamma_cf": 0.6494668079547463, "cue_position": 16.0, "beta_rec": 0.5809840726750195, "gamma_fc": 0.71582695285818}, "datetime": {"elapsed": 10156.978393, "datetime": "2020-06-20 05:12:45", "delta": 30.74448}}
{"target": 9.25, "params": {"beta_enc": 0.5241856145686612, "gamma_cf": 0.8075122716430321, "cue_position": 16.0, "beta_rec": 0.6575214077031101, "gamma_fc": 0.6196819920538628}, "datetime": {"elapsed": 10185.522299, "datetime": "2020-06-20 05:13:14", "delta": 28.543906}}
{"target": 8.508333333333333, "params": {"beta_enc": 0.45110246212077487, "gamma_cf": 0.7029317321143713, "cue_position": 16.0, "beta_rec": 0.40794998904736746, "gamma_fc": 0.18493502237340165}, "datetime": {"elapsed": 10212.591516, "datetime": "2020-06-20 05:13:41", "delta": 27.069217}}
{"target": 9.179166666666667, "params": {"beta_enc": 0.5657321466292633, "gamma_cf": 0.8455176755307064, "cue_position": 16.0, "beta_rec": 0.9088080323000569, "gamma_fc": 0.8202024663153499}, "datetime": {"elapsed": 10241.00673, "datetime": "2020-06-20 05:14:09", "delta": 28.415214}}
{"target": 7.375, "params": {"beta_enc": 0.4993411012978345, "gamma_cf": 0.9226386946886712, "cue_position": 16.0, "beta_rec": 0.0375838514857032, "gamma_fc": 0.04415479603186245}, "datetime": {"elapsed": 10265.694086, "datetime": "2020-06-20 05:14:34", "delta": 24.687356}}
{"target": 8.658333333333333, "params": {"beta_enc": 0.3724987664053595, "gamma_cf": 0.9810797572402973, "cue_position": 16.0, "beta_rec": 0.6190396347254709, "gamma_fc": 0.15597523304342242}, "datetime": {"elapsed": 10293.076735, "datetime": "2020-06-20 05:15:01", "delta": 27.382649}}
{"target": 9.295833333333333, "params": {"beta_enc": 0.5396791951612744, "gamma_cf": 0.4663089892093414, "cue_position": 16.0, "beta_rec": 0.6180113243466446, "gamma_fc": 0.49100852913292925}, "datetime": {"elapsed": 10321.839185, "datetime": "2020-06-20 05:15:30", "delta": 28.76245}}
{"target": 7.583333333333333, "params": {"beta_enc": 0.766862376326542, "gamma_cf": 0.6669425431939752, "cue_position": 16.0, "beta_rec": 0.6342807527738734, "gamma_fc": 0.45337742652219837}, "datetime": {"elapsed": 10346.999654, "datetime": "2020-06-20 05:15:55", "delta": 25.160469}}
{"target": 9.304166666666667, "params": {"beta_enc": 0.5257115913414097, "gamma_cf": 0.7880495511723071, "cue_position": 16.0, "beta_rec": 0.6585680415583619, "gamma_fc": 0.6028653375383973}, "datetime": {"elapsed": 10375.771222, "datetime": "2020-06-20 05:16:24", "delta": 28.771568}}
{"target": 5.520833333333333, "params": {"beta_enc": 0.9803328851373277, "gamma_cf": 0.8956418025994466, "cue_position": 16.0, "beta_rec": 0.22238319353117575, "gamma_fc": 0.6014334096987881}, "datetime": {"elapsed": 10396.4692, "datetime": "2020-06-20 05:16:45", "delta": 20.697978}}
{"target": 6.779166666666667, "params": {"beta_enc": 0.725958845848815, "gamma_cf": 0.9460550298475632, "cue_position": 16.0, "beta_rec": 0.41367016420136027, "gamma_fc": 0.20018606573932207}, "datetime": {"elapsed": 10419.724821, "datetime": "2020-06-20 05:17:08", "delta": 23.255621}}
{"target": 6.75, "params": {"beta_enc": 0.8073652638773204, "gamma_cf": 0.21520958659442757, "cue_position": 16.0, "beta_rec": 0.9695380120998964, "gamma_fc": 0.11737692031312974}, "datetime": {"elapsed": 10442.808594, "datetime": "2020-06-20 05:17:31", "delta": 23.083773}}
{"target": 7.858333333333333, "params": {"beta_enc": 0.7674235177414532, "gamma_cf": 0.38961201587930516, "cue_position": 16.0, "beta_rec": 0.08121658594273329, "gamma_fc": 0.9052027659330404}, "datetime": {"elapsed": 10468.250084, "datetime": "2020-06-20 05:17:56", "delta": 25.44149}}
{"target": 10.15, "params": {"beta_enc": 0.18857760349946784, "gamma_cf": 0.5952697806732562, "cue_position": 16.0, "beta_rec": 0.44087219982229087, "gamma_fc": 0.4621580966913571}, "datetime": {"elapsed": 10498.464014, "datetime": "2020-06-20 05:18:27", "delta": 30.21393}}
{"target": 7.520833333333333, "params": {"beta_enc": 0.5126497467571176, "gamma_cf": 0.1935589577238105, "cue_position": 16.0, "beta_rec": 0.5738855268923474, "gamma_fc": 0.11396576145918635}, "datetime": {"elapsed": 10523.225374, "datetime": "2020-06-20 05:18:51", "delta": 24.76136}}
{"target": 10.520833333333334, "params": {"beta_enc": 0.151227927370148, "gamma_cf": 0.8477210140360106, "cue_position": 16.0, "beta_rec": 0.0524909638531339, "gamma_fc": 0.35911933892411074}, "datetime": {"elapsed": 10554.21936, "datetime": "2020-06-20 05:19:22", "delta": 30.993986}}
{"target": 10.320833333333333, "params": {"beta_enc": 0.07531087263581782, "gamma_cf": 0.4254034655756376, "cue_position": 16.0, "beta_rec": 0.42572441198511624, "gamma_fc": 0.81072123360737}, "datetime": {"elapsed": 10584.745785, "datetime": "2020-06-20 05:19:53", "delta": 30.526425}}
{"target": 7.645833333333333, "params": {"beta_enc": 0.9418862461867052, "gamma_cf": 0.4702989247821753, "cue_position": 16.0, "beta_rec": 0.8699107732683544, "gamma_fc": 0.6826980429032513}, "datetime": {"elapsed": 10609.667981, "datetime": "2020-06-20 05:20:18", "delta": 24.922196}}
{"target": 10.341666666666667, "params": {"beta_enc": 0.013418310556529534, "gamma_cf": 0.9062603959616818, "cue_position": 16.0, "beta_rec": 0.9824781185020439, "gamma_fc": 0.8071099016661061}, "datetime": {"elapsed": 10640.058528, "datetime": "2020-06-20 05:20:48", "delta": 30.390547}}
