{"target": 8.25, "params": {"gamma_cf": 0.30798624631548577, "cue_position": 16.0, "beta_rec": 0.51839299976701, "gamma_fc": 0.012434910516432862, "beta_enc": 0.3055679609482763}, "datetime": {"delta": 14.487692, "datetime": "2020-06-14 13:33:19", "elapsed": 2019.380077}}
{"target": 10.375, "params": {"gamma_cf": 0.33841165432380704, "cue_position": 16.0, "beta_rec": 0.03542938734450751, "gamma_fc": 0.369188014509947, "beta_enc": 0.021797798627628873}, "datetime": {"delta": 14.890321, "datetime": "2020-06-14 13:33:34", "elapsed": 2034.270398}}
{"target": 7.125, "params": {"gamma_cf": 0.38714714789706417, "cue_position": 16.0, "beta_rec": 0.5280675466848719, "gamma_fc": 0.4671635939482004, "beta_enc": 0.45409160101122803}, "datetime": {"delta": 14.622478, "datetime": "2020-06-14 13:33:49", "elapsed": 2048.892876}}
{"target": 10.75, "params": {"gamma_cf": 0.8206922389297664, "cue_position": 16.0, "beta_rec": 0.8525945141836452, "gamma_fc": 0.6244005652232005, "beta_enc": 0.33672804961018454}, "datetime": {"delta": 14.911964, "datetime": "2020-06-14 13:34:04", "elapsed": 2063.80484}}
{"target": 9.625, "params": {"gamma_cf": 0.5332153093696842, "cue_position": 16.0, "beta_rec": 0.9812931028793979, "gamma_fc": 0.31888125792006794, "beta_enc": 0.30724882206064363}, "datetime": {"delta": 14.856272, "datetime": "2020-06-14 13:34:19", "elapsed": 2078.661112}}
{"target": 10.0, "params": {"gamma_cf": 0.7742058716688784, "cue_position": 16.0, "beta_rec": 0.06071051857744403, "gamma_fc": 0.9109179164256757, "beta_enc": 0.2648741660161784}, "datetime": {"delta": 15.001609, "datetime": "2020-06-14 13:34:34", "elapsed": 2093.662721}}
{"target": 9.625, "params": {"gamma_cf": 0.8014983201053469, "cue_position": 16.0, "beta_rec": 0.08429188040283242, "gamma_fc": 0.18772453316272997, "beta_enc": 0.14180577380233916}, "datetime": {"delta": 14.889184, "datetime": "2020-06-14 13:34:49", "elapsed": 2108.551905}}
{"target": 11.0, "params": {"gamma_cf": 0.622226671235808, "cue_position": 16.0, "beta_rec": 0.8528767089268529, "gamma_fc": 0.626584995658, "beta_enc": 0.3834476176747198}, "datetime": {"delta": 15.092809, "datetime": "2020-06-14 13:35:04", "elapsed": 2123.644714}}
{"target": 8.25, "params": {"gamma_cf": 0.20890882338059336, "cue_position": 16.0, "beta_rec": 0.3917424314990353, "gamma_fc": 0.5304946611832959, "beta_enc": 0.616835259375526}, "datetime": {"delta": 14.970142, "datetime": "2020-06-14 13:35:19", "elapsed": 2138.614856}}
{"target": 8.5, "params": {"gamma_cf": 0.022795024344856363, "cue_position": 16.0, "beta_rec": 0.6306801970580473, "gamma_fc": 0.9089795741276635, "beta_enc": 0.230048920810481}, "datetime": {"delta": 15.112212, "datetime": "2020-06-14 13:35:34", "elapsed": 2153.727068}}
{"target": 9.875, "params": {"gamma_cf": 0.5047653548519333, "cue_position": 16.0, "beta_rec": 0.3239655767726023, "gamma_fc": 0.8260644232426145, "beta_enc": 0.17475727235915484}, "datetime": {"delta": 14.923445, "datetime": "2020-06-14 13:35:49", "elapsed": 2168.650513}}
{"target": 11.25, "params": {"gamma_cf": 0.3276801097764446, "cue_position": 16.0, "beta_rec": 0.6581642310105149, "gamma_fc": 0.5560659582169376, "beta_enc": 0.11683297155895345}, "datetime": {"delta": 15.169585, "datetime": "2020-06-14 13:36:04", "elapsed": 2183.820098}}
{"target": 10.375, "params": {"gamma_cf": 0.5775667192397272, "cue_position": 16.0, "beta_rec": 0.9615528633075161, "gamma_fc": 0.4025351698345955, "beta_enc": 0.1140545658313662}, "datetime": {"delta": 15.125984, "datetime": "2020-06-14 13:36:19", "elapsed": 2198.946082}}
{"target": 10.375, "params": {"gamma_cf": 0.4308373284905297, "cue_position": 16.0, "beta_rec": 0.4297428690562075, "gamma_fc": 0.8136937577010768, "beta_enc": 0.07280271950312145}, "datetime": {"delta": 15.301181, "datetime": "2020-06-14 13:36:34", "elapsed": 2214.247263}}
{"target": 9.625, "params": {"gamma_cf": 0.22345925499987507, "cue_position": 16.0, "beta_rec": 0.3268331299859184, "gamma_fc": 0.6618838207269238, "beta_enc": 0.27001331630028147}, "datetime": {"delta": 15.164165, "datetime": "2020-06-14 13:36:49", "elapsed": 2229.411428}}
{"target": 10.25, "params": {"gamma_cf": 0.46178253264982794, "cue_position": 16.0, "beta_rec": 0.7754915583824671, "gamma_fc": 0.33850860783948633, "beta_enc": 0.5258132186812969}, "datetime": {"delta": 15.376394, "datetime": "2020-06-14 13:37:05", "elapsed": 2244.787822}}
{"target": 7.0, "params": {"gamma_cf": 0.4362461709333495, "cue_position": 16.0, "beta_rec": 0.9566223413361984, "gamma_fc": 0.46446348631335244, "beta_enc": 0.2907042529967945}, "datetime": {"delta": 15.179364, "datetime": "2020-06-14 13:37:20", "elapsed": 2259.967186}}
{"target": 10.125, "params": {"gamma_cf": 0.9170066742287573, "cue_position": 16.0, "beta_rec": 0.62071141558201, "gamma_fc": 0.19138626928744618, "beta_enc": 0.14392388095347985}, "datetime": {"delta": 15.434842, "datetime": "2020-06-14 13:37:35", "elapsed": 2275.402028}}
{"target": 10.125, "params": {"gamma_cf": 0.3823127961976118, "cue_position": 16.0, "beta_rec": 0.6744076358121526, "gamma_fc": 0.4076526267638171, "beta_enc": 0.32632504619224156}, "datetime": {"delta": 15.214287, "datetime": "2020-06-14 13:37:51", "elapsed": 2290.616315}}
{"target": 9.5, "params": {"gamma_cf": 0.2078264133599207, "cue_position": 16.0, "beta_rec": 0.394489408524636, "gamma_fc": 0.5335228635973763, "beta_enc": 0.625811602292215}, "datetime": {"delta": 15.484353, "datetime": "2020-06-14 13:38:06", "elapsed": 2306.100668}}
{"target": 8.375, "params": {"gamma_cf": 0.6132589633688263, "cue_position": 16.0, "beta_rec": 0.5470880278054961, "gamma_fc": 0.29978270762052805, "beta_enc": 0.8647653085017528}, "datetime": {"delta": 17.000734, "datetime": "2020-06-14 13:38:23", "elapsed": 2323.101402}}
{"target": 9.875, "params": {"gamma_cf": 0.9752527304312484, "cue_position": 16.0, "beta_rec": 0.9732480159507597, "gamma_fc": 0.598988851356484, "beta_enc": 0.01268316776609546}, "datetime": {"delta": 15.650046, "datetime": "2020-06-14 13:38:39", "elapsed": 2338.751448}}
{"target": 12.375, "params": {"gamma_cf": 0.33830371642498724, "cue_position": 16.0, "beta_rec": 0.38744932937148224, "gamma_fc": 0.7987873458917957, "beta_enc": 0.022700352447205363}, "datetime": {"delta": 15.485727, "datetime": "2020-06-14 13:38:54", "elapsed": 2354.237175}}
{"target": 10.5, "params": {"gamma_cf": 0.8056413779295911, "cue_position": 16.0, "beta_rec": 0.33512216714183674, "gamma_fc": 0.34313724080443875, "beta_enc": 0.17930059256881625}, "datetime": {"delta": 15.653777, "datetime": "2020-06-14 13:39:10", "elapsed": 2369.890952}}
{"target": 12.125, "params": {"gamma_cf": 0.6435519744677455, "cue_position": 16.0, "beta_rec": 0.6976774034559282, "gamma_fc": 0.37346017254498287, "beta_enc": 0.040580152098411704}, "datetime": {"delta": 16.931281, "datetime": "2020-06-14 13:39:27", "elapsed": 2386.822233}}
{"target": 9.75, "params": {"gamma_cf": 0.4740985935212624, "cue_position": 16.0, "beta_rec": 0.45256313018816985, "gamma_fc": 0.8072254529048979, "beta_enc": 0.4499850172016008}, "datetime": {"delta": 16.756424, "datetime": "2020-06-14 13:39:44", "elapsed": 2403.578657}}
{"target": 11.0, "params": {"gamma_cf": 0.6026713252103337, "cue_position": 16.0, "beta_rec": 0.5720514013859804, "gamma_fc": 0.6989177987142262, "beta_enc": 0.0623270507244188}, "datetime": {"delta": 16.728301, "datetime": "2020-06-14 13:40:00", "elapsed": 2420.306958}}
{"target": 10.0, "params": {"gamma_cf": 0.3355791476583241, "cue_position": 16.0, "beta_rec": 0.3871916752937161, "gamma_fc": 0.7955862093527404, "beta_enc": 0.013336605286593972}, "datetime": {"delta": 16.517111, "datetime": "2020-06-14 13:40:17", "elapsed": 2436.824069}}
{"target": 11.375, "params": {"gamma_cf": 0.8003019993185867, "cue_position": 16.0, "beta_rec": 0.7689282476874225, "gamma_fc": 0.5273038628857524, "beta_enc": 0.29826069690625867}, "datetime": {"delta": 17.157347, "datetime": "2020-06-14 13:40:34", "elapsed": 2453.981416}}
{"target": 9.0, "params": {"gamma_cf": 0.8018345089305408, "cue_position": 16.0, "beta_rec": 0.1268998056559144, "gamma_fc": 0.9400942315044104, "beta_enc": 0.2860176504681977}, "datetime": {"delta": 17.504344, "datetime": "2020-06-14 13:40:51", "elapsed": 2471.48576}}
{"target": 9.75, "params": {"gamma_cf": 0.47424973535484094, "cue_position": 16.0, "beta_rec": 0.42033552715887257, "gamma_fc": 0.47466622570597616, "beta_enc": 0.25663260822758915}, "datetime": {"delta": 17.555715, "datetime": "2020-06-14 13:41:09", "elapsed": 2489.041475}}
{"target": 10.375, "params": {"gamma_cf": 0.702290413794949, "cue_position": 16.0, "beta_rec": 0.2896870853045036, "gamma_fc": 0.661122077757377, "beta_enc": 0.05134288334553205}, "datetime": {"delta": 17.405724, "datetime": "2020-06-14 13:41:26", "elapsed": 2506.447199}}
{"target": 6.5, "params": {"gamma_cf": 0.6187523915401351, "cue_position": 16.0, "beta_rec": 0.5537497058758644, "gamma_fc": 0.30574059322631775, "beta_enc": 0.8756595324288603}, "datetime": {"delta": 17.183997, "datetime": "2020-06-14 13:41:44", "elapsed": 2523.631196}}
{"target": 9.25, "params": {"gamma_cf": 0.7929745867815571, "cue_position": 16.0, "beta_rec": 0.08283684586566575, "gamma_fc": 0.18711969924198046, "beta_enc": 0.14535068831736353}, "datetime": {"delta": 17.592241, "datetime": "2020-06-14 13:42:01", "elapsed": 2541.223437}}
{"target": 8.75, "params": {"gamma_cf": 0.21096939732449138, "cue_position": 16.0, "beta_rec": 0.39715940240530234, "gamma_fc": 0.5301967778554233, "beta_enc": 0.6307723534349516}, "datetime": {"delta": 17.068465, "datetime": "2020-06-14 13:42:18", "elapsed": 2558.291902}}
{"target": 10.125, "params": {"gamma_cf": 0.6562835068549714, "cue_position": 16.0, "beta_rec": 0.9527312020379269, "gamma_fc": 0.5244753333628493, "beta_enc": 0.38961297660062055}, "datetime": {"delta": 17.468498, "datetime": "2020-06-14 13:42:36", "elapsed": 2575.7604}}
{"target": 10.125, "params": {"gamma_cf": 0.5340018808674927, "cue_position": 16.0, "beta_rec": 0.42281149089477954, "gamma_fc": 0.6922853722667939, "beta_enc": 0.10671404703620757}, "datetime": {"delta": 17.350051, "datetime": "2020-06-14 13:42:53", "elapsed": 2593.110451}}
{"target": 10.5, "params": {"gamma_cf": 0.9543950882687674, "cue_position": 16.0, "beta_rec": 0.4836757114770778, "gamma_fc": 0.9449720008610389, "beta_enc": 0.039539480962302975}, "datetime": {"delta": 17.70554, "datetime": "2020-06-14 13:43:11", "elapsed": 2610.815991}}
{"target": 8.625, "params": {"gamma_cf": 0.21960256227491992, "cue_position": 16.0, "beta_rec": 0.44999021457596833, "gamma_fc": 0.9654300350871298, "beta_enc": 0.3832532061344006}, "datetime": {"delta": 19.47905, "datetime": "2020-06-14 13:43:30", "elapsed": 2630.295041}}
{"target": 9.5, "params": {"gamma_cf": 0.7293973289514951, "cue_position": 16.0, "beta_rec": 0.852991537023801, "gamma_fc": 0.8676958479718405, "beta_enc": 0.6487246886682374}, "datetime": {"delta": 20.104431, "datetime": "2020-06-14 13:43:50", "elapsed": 2650.399472}}
{"target": 9.125, "params": {"gamma_cf": 0.34928379812169374, "cue_position": 16.0, "beta_rec": 0.8154139381913348, "gamma_fc": 0.6621254654032264, "beta_enc": 0.4395378959447046}, "datetime": {"delta": 19.845763, "datetime": "2020-06-14 13:44:10", "elapsed": 2670.245235}}
{"target": 9.625, "params": {"gamma_cf": 0.4891920483488651, "cue_position": 16.0, "beta_rec": 0.041369327036774095, "gamma_fc": 0.06154474825663725, "beta_enc": 0.21609069704910122}, "datetime": {"delta": 19.864111, "datetime": "2020-06-14 13:44:30", "elapsed": 2690.109346}}
{"target": 9.25, "params": {"gamma_cf": 0.25089311202311937, "cue_position": 16.0, "beta_rec": 0.7217747941440389, "gamma_fc": 0.8558856366448607, "beta_enc": 0.502557342897527}, "datetime": {"delta": 19.551169, "datetime": "2020-06-14 13:44:50", "elapsed": 2709.660515}}
{"target": 8.875, "params": {"gamma_cf": 0.5305401279567619, "cue_position": 16.0, "beta_rec": 0.983881107838869, "gamma_fc": 0.3110398584892764, "beta_enc": 0.30943954734758894}, "datetime": {"delta": 19.880882, "datetime": "2020-06-14 13:45:09", "elapsed": 2729.541397}}
{"target": 8.375, "params": {"gamma_cf": 0.62834370621874, "cue_position": 16.0, "beta_rec": 0.606930515967364, "gamma_fc": 0.30062352127483316, "beta_enc": 0.27622481132023047}, "datetime": {"delta": 19.929436, "datetime": "2020-06-14 13:45:29", "elapsed": 2749.470833}}
{"target": 8.75, "params": {"gamma_cf": 0.25160164789611195, "cue_position": 16.0, "beta_rec": 0.6048442373261556, "gamma_fc": 0.5887162141403469, "beta_enc": 0.701639847609932}, "datetime": {"delta": 20.02699, "datetime": "2020-06-14 13:45:49", "elapsed": 2769.497823}}
{"target": 10.375, "params": {"gamma_cf": 0.3907166926755353, "cue_position": 16.0, "beta_rec": 0.5087438930487843, "gamma_fc": 0.5417304663558979, "beta_enc": 0.20837140565246748}, "datetime": {"delta": 20.41313, "datetime": "2020-06-14 13:46:10", "elapsed": 2789.910953}}
{"target": 10.625, "params": {"gamma_cf": 0.6285731422112514, "cue_position": 16.0, "beta_rec": 0.7093371322514163, "gamma_fc": 0.348824456456591, "beta_enc": 0.38240265534401097}, "datetime": {"delta": 20.648408, "datetime": "2020-06-14 13:46:31", "elapsed": 2810.559361}}
{"target": 10.125, "params": {"gamma_cf": 0.8450023015282943, "cue_position": 16.0, "beta_rec": 0.3249636645562761, "gamma_fc": 0.5365856804481429, "beta_enc": 0.0119274003860258}, "datetime": {"delta": 20.14711, "datetime": "2020-06-14 13:46:51", "elapsed": 2830.706471}}
{"target": 7.125, "params": {"gamma_cf": 0.36628471635437143, "cue_position": 16.0, "beta_rec": 0.7266217290330178, "gamma_fc": 0.5833655306936283, "beta_enc": 0.7455793973677265}, "datetime": {"delta": 22.770718, "datetime": "2020-06-14 13:47:13", "elapsed": 2853.477189}}
{"target": 11.0, "params": {"gamma_cf": 0.50028285572476, "cue_position": 16.0, "beta_rec": 0.04235952604997306, "gamma_fc": 0.06885044251666861, "beta_enc": 0.20938994240895015}, "datetime": {"delta": 22.492235, "datetime": "2020-06-14 13:47:36", "elapsed": 2875.969424}}
{"target": 10.0, "params": {"gamma_cf": 0.20650272190495356, "cue_position": 16.0, "beta_rec": 0.383888475571906, "gamma_fc": 0.5319449491848616, "beta_enc": 0.6194890441378446}, "datetime": {"delta": 24.043447, "datetime": "2020-06-14 13:48:00", "elapsed": 2900.012871}}
{"target": 9.875, "params": {"gamma_cf": 0.810683040910562, "cue_position": 16.0, "beta_rec": 0.7691052324746089, "gamma_fc": 0.5280630308931124, "beta_enc": 0.29041564762612915}, "datetime": {"delta": 24.051683, "datetime": "2020-06-14 13:48:24", "elapsed": 2924.064554}}
{"target": 8.25, "params": {"gamma_cf": 0.4298560963206739, "cue_position": 16.0, "beta_rec": 0.636013074043309, "gamma_fc": 0.06284000810756529, "beta_enc": 0.1515851951213404}, "datetime": {"delta": 24.196337, "datetime": "2020-06-14 13:48:48", "elapsed": 2948.260891}}
{"target": 10.25, "params": {"gamma_cf": 0.20135790072023252, "cue_position": 16.0, "beta_rec": 0.5804862646634558, "gamma_fc": 0.244168257309759, "beta_enc": 0.4391615313358247}, "datetime": {"delta": 24.057665, "datetime": "2020-06-14 13:49:12", "elapsed": 2972.318556}}
{"target": 9.125, "params": {"gamma_cf": 0.06981185802930012, "cue_position": 16.0, "beta_rec": 0.38240846109023696, "gamma_fc": 0.5540199251462437, "beta_enc": 0.3441622607546848}, "datetime": {"delta": 23.919936, "datetime": "2020-06-14 13:49:36", "elapsed": 2996.238492}}
{"target": 10.625, "params": {"gamma_cf": 0.4287726060864442, "cue_position": 16.0, "beta_rec": 0.31235104148209414, "gamma_fc": 0.9775620261064017, "beta_enc": 0.39641111949120855}, "datetime": {"delta": 24.160732, "datetime": "2020-06-14 13:50:00", "elapsed": 3020.399224}}
{"target": 10.625, "params": {"gamma_cf": 0.8673189503057382, "cue_position": 16.0, "beta_rec": 0.2791991910259283, "gamma_fc": 0.12570446714262462, "beta_enc": 0.19692952670224995}, "datetime": {"delta": 24.874792, "datetime": "2020-06-14 13:50:25", "elapsed": 3045.274016}}
{"target": 10.25, "params": {"gamma_cf": 0.11120534843019336, "cue_position": 16.0, "beta_rec": 0.20045632058296303, "gamma_fc": 0.640475684159096, "beta_enc": 0.05124547891866682}, "datetime": {"delta": 24.46662, "datetime": "2020-06-14 13:50:50", "elapsed": 3069.740636}}
{"target": 9.875, "params": {"gamma_cf": 0.5826135055747288, "cue_position": 16.0, "beta_rec": 0.9497433389832542, "gamma_fc": 0.4029309290904226, "beta_enc": 0.1215370585754898}, "datetime": {"delta": 24.285097, "datetime": "2020-06-14 13:51:14", "elapsed": 3094.025733}}
{"target": 11.125, "params": {"gamma_cf": 0.3775841216938104, "cue_position": 16.0, "beta_rec": 0.675546350463144, "gamma_fc": 0.401985449908964, "beta_enc": 0.3284406640765529}, "datetime": {"delta": 24.426999, "datetime": "2020-06-14 13:51:38", "elapsed": 3118.452732}}
{"target": 8.875, "params": {"gamma_cf": 0.4313489217734938, "cue_position": 16.0, "beta_rec": 0.3064344734069746, "gamma_fc": 0.9766659250461499, "beta_enc": 0.40282452482904485}, "datetime": {"delta": 25.607213, "datetime": "2020-06-14 13:52:04", "elapsed": 3144.059945}}
{"target": 9.375, "params": {"gamma_cf": 0.49548618704314584, "cue_position": 16.0, "beta_rec": 0.9283855220856455, "gamma_fc": 0.2519139085454253, "beta_enc": 0.27959883279712294}, "datetime": {"delta": 25.294997, "datetime": "2020-06-14 13:52:29", "elapsed": 3169.354942}}
{"target": 9.875, "params": {"gamma_cf": 0.42920865335165037, "cue_position": 16.0, "beta_rec": 0.9554078382280088, "gamma_fc": 0.48038983553507886, "beta_enc": 0.28751902461377077}, "datetime": {"delta": 25.089485, "datetime": "2020-06-14 13:52:54", "elapsed": 3194.444427}}
{"target": 9.875, "params": {"gamma_cf": 0.3927705514338158, "cue_position": 16.0, "beta_rec": 0.5541014086685631, "gamma_fc": 0.6973162833163649, "beta_enc": 0.3600314799423857}, "datetime": {"delta": 25.227492, "datetime": "2020-06-14 13:53:20", "elapsed": 3219.671919}}
{"target": 9.625, "params": {"gamma_cf": 0.5363824637278929, "cue_position": 16.0, "beta_rec": 0.9234357304253752, "gamma_fc": 0.8628406108416334, "beta_enc": 0.28213971337025656}, "datetime": {"delta": 25.864353, "datetime": "2020-06-14 13:53:45", "elapsed": 3245.536272}}
{"target": 7.75, "params": {"gamma_cf": 0.4628572621149053, "cue_position": 16.0, "beta_rec": 0.7760402709937894, "gamma_fc": 0.3429847422020933, "beta_enc": 0.5185222499098607}, "datetime": {"delta": 25.387348, "datetime": "2020-06-14 13:54:11", "elapsed": 3270.92362}}
{"target": 9.5, "params": {"gamma_cf": 0.22186219933669205, "cue_position": 16.0, "beta_rec": 0.3295648379379382, "gamma_fc": 0.6670823556208626, "beta_enc": 0.26369747325844883}, "datetime": {"delta": 25.388632, "datetime": "2020-06-14 13:54:36", "elapsed": 3296.312252}}
{"target": 8.5, "params": {"gamma_cf": 0.3954209522947445, "cue_position": 16.0, "beta_rec": 0.5497969366180395, "gamma_fc": 0.6954307684960983, "beta_enc": 0.3402696634349116}, "datetime": {"delta": 25.255319, "datetime": "2020-06-14 13:55:02", "elapsed": 3321.567571}}
{"target": 11.625, "params": {"gamma_cf": 0.03516028780950753, "cue_position": 16.0, "beta_rec": 0.8707253959196917, "gamma_fc": 0.8014990323981825, "beta_enc": 0.8972665358240832}, "datetime": {"delta": 25.865354, "datetime": "2020-06-14 13:55:27", "elapsed": 3347.432925}}
{"target": 11.25, "params": {"gamma_cf": 0.4977741079576449, "cue_position": 16.0, "beta_rec": 0.32272329589976245, "gamma_fc": 0.8248307519025899, "beta_enc": 0.1731646348031389}, "datetime": {"delta": 113.74001, "datetime": "2020-06-14 13:57:21", "elapsed": 3461.172935}}
{"target": 10.375, "params": {"gamma_cf": 0.3604870524420736, "cue_position": 16.0, "beta_rec": 0.529399957364317, "gamma_fc": 0.9061824394761298, "beta_enc": 0.3292740063165812}, "datetime": {"delta": 118.159636, "datetime": "2020-06-14 13:59:19", "elapsed": 3579.332571}}
{"target": 9.625, "params": {"gamma_cf": 0.8088261188972651, "cue_position": 16.0, "beta_rec": 0.13514139748653375, "gamma_fc": 0.9277087722367181, "beta_enc": 0.2922453460717288}, "datetime": {"delta": 118.36884, "datetime": "2020-06-14 14:01:18", "elapsed": 3697.701411}}
{"target": 10.5, "params": {"gamma_cf": 0.35568522822292703, "cue_position": 16.0, "beta_rec": 0.524743370842979, "gamma_fc": 0.9048454875400586, "beta_enc": 0.3200571585089447}, "datetime": {"delta": 119.021763, "datetime": "2020-06-14 14:03:17", "elapsed": 3816.723174}}
{"target": 8.75, "params": {"gamma_cf": 0.5278896138556899, "cue_position": 16.0, "beta_rec": 0.9017113644830123, "gamma_fc": 0.48893341088017006, "beta_enc": 0.07426673796359273}, "datetime": {"delta": 117.838101, "datetime": "2020-06-14 14:05:15", "elapsed": 3934.561275}}
{"target": 10.75, "params": {"gamma_cf": 0.8498229329038478, "cue_position": 16.0, "beta_rec": 0.7651985437427142, "gamma_fc": 0.8932581973885593, "beta_enc": 0.1111948670054217}, "datetime": {"delta": 118.032996, "datetime": "2020-06-14 14:07:13", "elapsed": 4052.594271}}
{"target": 10.5, "params": {"gamma_cf": 0.5515654376200398, "cue_position": 16.0, "beta_rec": 0.14092561146540794, "gamma_fc": 0.976617822940733, "beta_enc": 0.29178860872168744}, "datetime": {"delta": 117.28535, "datetime": "2020-06-14 14:09:10", "elapsed": 4169.879621}}
{"target": 10.5, "params": {"gamma_cf": 0.4337947886705611, "cue_position": 16.0, "beta_rec": 0.9450064054153929, "gamma_fc": 0.4698206111647972, "beta_enc": 0.28878153592991807}, "datetime": {"delta": 114.366155, "datetime": "2020-06-14 14:11:04", "elapsed": 4284.245776}}
{"target": 11.375, "params": {"gamma_cf": 0.7016829360546228, "cue_position": 16.0, "beta_rec": 0.6401786688135969, "gamma_fc": 0.7810620141641902, "beta_enc": 0.10676544347481887}, "datetime": {"delta": 114.286948, "datetime": "2020-06-14 14:12:58", "elapsed": 4398.532724}}
{"target": 10.0, "params": {"gamma_cf": 0.10115852765553279, "cue_position": 16.0, "beta_rec": 0.2004392862525144, "gamma_fc": 0.6394916863090696, "beta_enc": 0.04832171831324339}, "datetime": {"delta": 114.083482, "datetime": "2020-06-14 14:14:53", "elapsed": 4512.616206}}
