{"target": 9.875, "params": {"gamma_cf": 0.34302810983040655, "beta_rec": 0.4167239623706961, "gamma_fc": 0.7797442954825999, "cue_position": 16.0, "beta_enc": 0.013767512557716799}, "datetime": {"delta": 0.370302, "elapsed": 54.367846, "datetime": "2020-06-14 09:41:45"}}
{"target": 9.0, "params": {"gamma_cf": 0.716770814146376, "beta_rec": 0.34195283630245243, "gamma_fc": 0.6993076236968142, "cue_position": 16.0, "beta_enc": 0.17473631282740743}, "datetime": {"delta": 0.354408, "elapsed": 54.722254, "datetime": "2020-06-14 09:41:45"}}
{"target": 8.875, "params": {"gamma_cf": 0.22729754091594956, "beta_rec": 0.25339603448629966, "gamma_fc": 0.4246491159313397, "cue_position": 16.0, "beta_enc": 0.6884973179489188}, "datetime": {"delta": 0.350495, "elapsed": 55.072749, "datetime": "2020-06-14 09:41:46"}}
{"target": 7.625, "params": {"gamma_cf": 0.6316466268659396, "beta_rec": 0.3553079116201222, "gamma_fc": 0.7073166026816995, "cue_position": 16.0, "beta_enc": 0.37192212166768723}, "datetime": {"delta": 0.326715, "elapsed": 55.399464, "datetime": "2020-06-14 09:41:46"}}
{"target": 8.375, "params": {"gamma_cf": 0.14944679893886248, "beta_rec": 0.6483127561631246, "gamma_fc": 0.5141750435258828, "cue_position": 16.0, "beta_enc": 0.6135886945028356}, "datetime": {"delta": 0.341391, "elapsed": 55.740855, "datetime": "2020-06-14 09:41:46"}}
{"target": 6.875, "params": {"gamma_cf": 0.42893233402990294, "beta_rec": 0.18395344154722204, "gamma_fc": 0.4972891859195163, "cue_position": 16.0, "beta_enc": 0.8753327263545391}, "datetime": {"delta": 0.313711, "elapsed": 56.054566, "datetime": "2020-06-14 09:41:47"}}
{"target": 8.375, "params": {"gamma_cf": 0.844526943229479, "beta_rec": 0.34244064113481054, "gamma_fc": 0.8003322457764017, "cue_position": 16.0, "beta_enc": 0.16151077048601192}, "datetime": {"delta": 0.34292, "elapsed": 56.397486, "datetime": "2020-06-14 09:41:47"}}
{"target": 9.0, "params": {"gamma_cf": 0.5096132942175586, "beta_rec": 0.6070154607890389, "gamma_fc": 0.29694708578690454, "cue_position": 16.0, "beta_enc": 0.4266391582681436}, "datetime": {"delta": 0.354399, "elapsed": 56.751885, "datetime": "2020-06-14 09:41:47"}}
{"target": 10.75, "params": {"gamma_cf": 0.12475130006917923, "beta_rec": 0.6715983809063899, "gamma_fc": 0.4705878794988857, "cue_position": 16.0, "beta_enc": 0.8596509535692011}, "datetime": {"delta": 0.388596, "elapsed": 57.140481, "datetime": "2020-06-14 09:41:48"}}
{"target": 10.0, "params": {"gamma_cf": 0.15172487103197363, "beta_rec": 0.9482991740726651, "gamma_fc": 0.639126848719905, "cue_position": 16.0, "beta_enc": 0.9865727795868815}, "datetime": {"delta": 0.374133, "elapsed": 57.514614, "datetime": "2020-06-14 09:41:48"}}
{"target": 8.125, "params": {"gamma_cf": 0.5992697556580301, "beta_rec": 0.468665837661252, "gamma_fc": 0.8499698885159654, "cue_position": 16.0, "beta_enc": 0.5656621125439275}, "datetime": {"delta": 0.336652, "elapsed": 57.851266, "datetime": "2020-06-14 09:41:48"}}
{"target": 11.25, "params": {"gamma_cf": 0.06473998344154885, "beta_rec": 0.579360540297233, "gamma_fc": 0.9913465087318091, "cue_position": 16.0, "beta_enc": 0.7511210403719374}, "datetime": {"delta": 0.397882, "elapsed": 58.249148, "datetime": "2020-06-14 09:41:49"}}
{"target": 10.125, "params": {"gamma_cf": 0.10750887618516769, "beta_rec": 0.19949554613856135, "gamma_fc": 0.6236704109977018, "cue_position": 16.0, "beta_enc": 0.05299454266798953}, "datetime": {"delta": 0.377237, "elapsed": 58.626385, "datetime": "2020-06-14 09:41:49"}}
{"target": 7.875, "params": {"gamma_cf": 0.7035193311050811, "beta_rec": 0.28462388100694214, "gamma_fc": 0.668456167589482, "cue_position": 16.0, "beta_enc": 0.047992564048867314}, "datetime": {"delta": 0.331579, "elapsed": 58.957964, "datetime": "2020-06-14 09:41:50"}}
{"target": 9.25, "params": {"gamma_cf": 0.34037929076546725, "beta_rec": 0.1881942600298212, "gamma_fc": 0.7953011674056428, "cue_position": 16.0, "beta_enc": 0.3785805932506022}, "datetime": {"delta": 0.359311, "elapsed": 59.317275, "datetime": "2020-06-14 09:41:50"}}
{"target": 9.125, "params": {"gamma_cf": 0.6442320198790318, "beta_rec": 0.5256694443509794, "gamma_fc": 0.3506565024321674, "cue_position": 16.0, "beta_enc": 0.4879009391796203}, "datetime": {"delta": 0.356168, "elapsed": 59.673443, "datetime": "2020-06-14 09:41:50"}}
{"target": 9.625, "params": {"gamma_cf": 0.46978904008636024, "beta_rec": 0.4338833762117006, "gamma_fc": 0.9794833541798064, "cue_position": 16.0, "beta_enc": 0.2292050272920657}, "datetime": {"delta": 0.366608, "elapsed": 60.040051, "datetime": "2020-06-14 09:41:51"}}
{"target": 9.125, "params": {"gamma_cf": 0.8891310891074828, "beta_rec": 0.7744101333360395, "gamma_fc": 0.354952851149572, "cue_position": 16.0, "beta_enc": 0.36437807036823044}, "datetime": {"delta": 0.356082, "elapsed": 60.396133, "datetime": "2020-06-14 09:41:51"}}
{"target": 7.125, "params": {"gamma_cf": 0.9507534280610023, "beta_rec": 0.9110192396569683, "gamma_fc": 0.5564069156709253, "cue_position": 16.0, "beta_enc": 0.24551868018650747}, "datetime": {"delta": 0.315536, "elapsed": 60.711669, "datetime": "2020-06-14 09:41:51"}}
{"target": 9.5, "params": {"gamma_cf": 0.5167063597676121, "beta_rec": 0.9950523223391111, "gamma_fc": 0.03109707545554785, "cue_position": 16.0, "beta_enc": 0.3763632166870875}, "datetime": {"delta": 0.363329, "elapsed": 61.074998, "datetime": "2020-06-14 09:41:52"}}
{"target": 10.0, "params": {"gamma_cf": 0.9809236757505815, "beta_rec": 0.18046850899511557, "gamma_fc": 0.8749025512123809, "cue_position": 16.0, "beta_enc": 0.5711757391862334}, "datetime": {"delta": 0.373534, "elapsed": 61.448532, "datetime": "2020-06-14 09:41:52"}}
{"target": 9.0, "params": {"gamma_cf": 0.4948430841825636, "beta_rec": 0.7084608700517172, "gamma_fc": 0.5285334901775651, "cue_position": 16.0, "beta_enc": 0.45183624942087064}, "datetime": {"delta": 0.352646, "elapsed": 61.801178, "datetime": "2020-06-14 09:41:52"}}
{"target": 8.0, "params": {"gamma_cf": 0.7268937533445626, "beta_rec": 0.36939992561190627, "gamma_fc": 0.4770129944022632, "cue_position": 16.0, "beta_enc": 0.1507843983721926}, "datetime": {"delta": 0.333214, "elapsed": 62.134392, "datetime": "2020-06-14 09:41:53"}}
{"target": 10.75, "params": {"gamma_cf": 0.4090908319168599, "beta_rec": 0.8859979711653513, "gamma_fc": 0.26889202221264585, "cue_position": 16.0, "beta_enc": 0.44887883670676554}, "datetime": {"delta": 0.387788, "elapsed": 62.52218, "datetime": "2020-06-14 09:41:53"}}
{"target": 7.375, "params": {"gamma_cf": 0.29115394055242805, "beta_rec": 0.4181361337253158, "gamma_fc": 0.5035095098483965, "cue_position": 16.0, "beta_enc": 0.07201203516976995}, "datetime": {"delta": 0.321013, "elapsed": 62.843193, "datetime": "2020-06-14 09:41:53"}}
{"target": 6.75, "params": {"gamma_cf": 0.49993237109919997, "beta_rec": 0.10938291419358459, "gamma_fc": 0.777098229275783, "cue_position": 16.0, "beta_enc": 0.9659330650197223}, "datetime": {"delta": 0.307325, "elapsed": 63.150518, "datetime": "2020-06-14 09:41:54"}}
{"target": 8.5, "params": {"gamma_cf": 0.7969622519799001, "beta_rec": 0.08320263643587555, "gamma_fc": 0.1916757389098901, "cue_position": 16.0, "beta_enc": 0.14360699787420927}, "datetime": {"delta": 0.343968, "elapsed": 63.494486, "datetime": "2020-06-14 09:41:54"}}
{"target": 8.5, "params": {"gamma_cf": 0.016715589077006432, "beta_rec": 0.2902979970618682, "gamma_fc": 0.3986590599223787, "cue_position": 16.0, "beta_enc": 0.767777192147274}, "datetime": {"delta": 0.343642, "elapsed": 63.838128, "datetime": "2020-06-14 09:41:54"}}
{"target": 7.625, "params": {"gamma_cf": 0.15260398704227185, "beta_rec": 0.6593449361953647, "gamma_fc": 0.016575882900934147, "cue_position": 16.0, "beta_enc": 0.38108149129345237}, "datetime": {"delta": 0.325693, "elapsed": 64.163821, "datetime": "2020-06-14 09:41:55"}}
{"target": 7.75, "params": {"gamma_cf": 0.32102631416731586, "beta_rec": 0.6517892760100904, "gamma_fc": 0.5579119942437725, "cue_position": 16.0, "beta_enc": 0.11379635644740682}, "datetime": {"delta": 0.327725, "elapsed": 64.491546, "datetime": "2020-06-14 09:41:55"}}
{"target": 5.75, "params": {"gamma_cf": 0.9182585891320579, "beta_rec": 0.8344865140180296, "gamma_fc": 0.03972870668308481, "cue_position": 16.0, "beta_enc": 0.9934604630998499}, "datetime": {"delta": 0.287343, "elapsed": 64.778889, "datetime": "2020-06-14 09:41:55"}}
{"target": 8.75, "params": {"gamma_cf": 0.9372520621284489, "beta_rec": 0.4740062899880546, "gamma_fc": 0.48956496114516856, "cue_position": 16.0, "beta_enc": 0.07033344161552524}, "datetime": {"delta": 0.347585, "elapsed": 65.126474, "datetime": "2020-06-14 09:41:56"}}
{"target": 8.875, "params": {"gamma_cf": 0.8770343892703519, "beta_rec": 0.8952603657312208, "gamma_fc": 0.25358174937162836, "cue_position": 16.0, "beta_enc": 0.5396491100933506}, "datetime": {"delta": 0.351074, "elapsed": 65.477548, "datetime": "2020-06-14 09:41:56"}}
{"target": 9.125, "params": {"gamma_cf": 0.22012867402698122, "beta_rec": 0.32836139008759013, "gamma_fc": 0.6714291710812733, "cue_position": 16.0, "beta_enc": 0.27380970415810857}, "datetime": {"delta": 0.35456, "elapsed": 65.832108, "datetime": "2020-06-14 09:41:56"}}
{"target": 9.5, "params": {"gamma_cf": 0.23686870355699852, "beta_rec": 0.09410027449963942, "gamma_fc": 0.3860040110225955, "cue_position": 16.0, "beta_enc": 0.1427932828030004}, "datetime": {"delta": 0.364282, "elapsed": 66.19639, "datetime": "2020-06-14 09:41:57"}}
{"target": 7.0, "params": {"gamma_cf": 0.8741259355980283, "beta_rec": 0.52580196995147, "gamma_fc": 0.9511356184186921, "cue_position": 16.0, "beta_enc": 0.5715420927253323}, "datetime": {"delta": 0.313388, "elapsed": 66.509778, "datetime": "2020-06-14 09:41:57"}}
{"target": 9.125, "params": {"gamma_cf": 0.3394167240176095, "beta_rec": 0.2838018349468743, "gamma_fc": 0.5546673107876667, "cue_position": 16.0, "beta_enc": 0.8125073041746718}, "datetime": {"delta": 0.356586, "elapsed": 66.866364, "datetime": "2020-06-14 09:41:57"}}
{"target": 6.5, "params": {"gamma_cf": 0.3259672073089859, "beta_rec": 0.3117029177189814, "gamma_fc": 0.7744772660150796, "cue_position": 16.0, "beta_enc": 0.9744034689130026}, "datetime": {"delta": 0.302523, "elapsed": 67.168887, "datetime": "2020-06-14 09:41:58"}}
{"target": 10.375, "params": {"gamma_cf": 0.7626320954451107, "beta_rec": 0.889827341447375, "gamma_fc": 0.46947902855992574, "cue_position": 16.0, "beta_enc": 0.3258099666132048}, "datetime": {"delta": 0.378578, "elapsed": 67.547465, "datetime": "2020-06-14 09:41:58"}}
{"target": 9.375, "params": {"gamma_cf": 0.03711266449399442, "beta_rec": 0.041475079576498874, "gamma_fc": 0.6938554113738997, "cue_position": 16.0, "beta_enc": 0.21076450246870537}, "datetime": {"delta": 0.359825, "elapsed": 67.90729, "datetime": "2020-06-14 09:41:59"}}
{"target": 9.25, "params": {"gamma_cf": 0.5360084947395637, "beta_rec": 0.430471782744975, "gamma_fc": 0.03985992663545257, "cue_position": 16.0, "beta_enc": 0.6703500319361684}, "datetime": {"delta": 0.358536, "elapsed": 68.265826, "datetime": "2020-06-14 09:41:59"}}
{"target": 8.625, "params": {"gamma_cf": 0.05231294643747675, "beta_rec": 0.19341639901491836, "gamma_fc": 0.6051167805003662, "cue_position": 16.0, "beta_enc": 0.13479311796067905}, "datetime": {"delta": 0.346187, "elapsed": 68.612013, "datetime": "2020-06-14 09:41:59"}}
{"target": 8.25, "params": {"gamma_cf": 0.8477004682374377, "beta_rec": 0.6174610120171561, "gamma_fc": 0.4540590560591513, "cue_position": 16.0, "beta_enc": 0.5120610275239188}, "datetime": {"delta": 0.337992, "elapsed": 68.950005, "datetime": "2020-06-14 09:42:00"}}
{"target": 6.625, "params": {"gamma_cf": 0.823003040648471, "beta_rec": 0.8730681484470995, "gamma_fc": 0.9517756930338517, "cue_position": 16.0, "beta_enc": 0.015403519791920894}, "datetime": {"delta": 0.303974, "elapsed": 69.253979, "datetime": "2020-06-14 09:42:00"}}
{"target": 8.375, "params": {"gamma_cf": 0.4216578860324509, "beta_rec": 0.23507186409101455, "gamma_fc": 0.863829145501452, "cue_position": 16.0, "beta_enc": 0.050912383516887205}, "datetime": {"delta": 0.339744, "elapsed": 69.593723, "datetime": "2020-06-14 09:42:00"}}
{"target": 8.625, "params": {"gamma_cf": 0.7728856021671178, "beta_rec": 0.4731119528858785, "gamma_fc": 0.8414221567958434, "cue_position": 16.0, "beta_enc": 0.0816239827150681}, "datetime": {"delta": 0.34515, "elapsed": 69.938873, "datetime": "2020-06-14 09:42:01"}}
{"target": 8.75, "params": {"gamma_cf": 0.9524737816932592, "beta_rec": 0.48644074317039476, "gamma_fc": 0.9438926277837961, "cue_position": 16.0, "beta_enc": 0.04329093818615859}, "datetime": {"delta": 0.34772, "elapsed": 70.286593, "datetime": "2020-06-14 09:42:01"}}
{"target": 9.75, "params": {"gamma_cf": 0.8978507176676818, "beta_rec": 0.9734873973251963, "gamma_fc": 0.4345949734085095, "cue_position": 16.0, "beta_enc": 0.6139340023847009}, "datetime": {"delta": 0.367153, "elapsed": 70.653746, "datetime": "2020-06-14 09:42:01"}}
{"target": 7.625, "params": {"gamma_cf": 0.06491158533912933, "beta_rec": 0.9408279632013994, "gamma_fc": 0.8704248568230661, "cue_position": 16.0, "beta_enc": 0.23581463714751372}, "datetime": {"delta": 0.327444, "elapsed": 70.98119, "datetime": "2020-06-14 09:42:02"}}
{"target": 9.25, "params": {"gamma_cf": 0.2534390424997808, "beta_rec": 0.6049268729742817, "gamma_fc": 0.6004889552745444, "cue_position": 16.0, "beta_enc": 0.7013802946333463}, "datetime": {"delta": 0.35813, "elapsed": 71.33932, "datetime": "2020-06-14 09:42:02"}}
{"target": 6.5, "params": {"gamma_cf": 0.8424458099564136, "beta_rec": 0.05411366032399989, "gamma_fc": 0.6183458693278855, "cue_position": 16.0, "beta_enc": 0.8146191812616553}, "datetime": {"delta": 0.303953, "elapsed": 71.643273, "datetime": "2020-06-14 09:42:02"}}
{"target": 10.25, "params": {"gamma_cf": 0.8726861649194619, "beta_rec": 0.2482907289970986, "gamma_fc": 0.42166593484970927, "cue_position": 16.0, "beta_enc": 0.531287810481058}, "datetime": {"delta": 0.377388, "elapsed": 72.020661, "datetime": "2020-06-14 09:42:03"}}
{"target": 9.125, "params": {"gamma_cf": 0.8262275354923914, "beta_rec": 0.8969850695075825, "gamma_fc": 0.8817706230828073, "cue_position": 16.0, "beta_enc": 0.0644302555796068}, "datetime": {"delta": 0.355736, "elapsed": 72.376397, "datetime": "2020-06-14 09:42:03"}}
{"target": 8.0, "params": {"gamma_cf": 0.624821294185499, "beta_rec": 0.5984646931046363, "gamma_fc": 0.8550417213473515, "cue_position": 16.0, "beta_enc": 0.48675074481833813}, "datetime": {"delta": 0.33446, "elapsed": 72.710857, "datetime": "2020-06-14 09:42:03"}}
{"target": 7.125, "params": {"gamma_cf": 0.11510304096690338, "beta_rec": 0.8837555081806009, "gamma_fc": 0.22700116521465796, "cue_position": 16.0, "beta_enc": 0.2821394484048606}, "datetime": {"delta": 0.318518, "elapsed": 73.029375, "datetime": "2020-06-14 09:42:04"}}
{"target": 10.375, "params": {"gamma_cf": 0.16184771412383514, "beta_rec": 0.23944623690468037, "gamma_fc": 0.8448725182357391, "cue_position": 16.0, "beta_enc": 0.5959823856130138}, "datetime": {"delta": 0.383803, "elapsed": 73.413178, "datetime": "2020-06-14 09:42:04"}}
{"target": 7.875, "params": {"gamma_cf": 0.5956250981349497, "beta_rec": 0.9635670871883419, "gamma_fc": 0.5989852889734197, "cue_position": 16.0, "beta_enc": 0.6021836538927108}, "datetime": {"delta": 0.332558, "elapsed": 73.745736, "datetime": "2020-06-14 09:42:04"}}
{"target": 5.625, "params": {"gamma_cf": 0.9482094981876252, "beta_rec": 0.05917720718572239, "gamma_fc": 0.5346790571795887, "cue_position": 16.0, "beta_enc": 0.6157042872039488}, "datetime": {"delta": 0.285678, "elapsed": 74.031414, "datetime": "2020-06-14 09:42:05"}}
{"target": 8.875, "params": {"gamma_cf": 0.32825610365078084, "beta_rec": 0.7529259149799422, "gamma_fc": 0.9176063476443932, "cue_position": 16.0, "beta_enc": 0.1925560209550684}, "datetime": {"delta": 0.351706, "elapsed": 74.38312, "datetime": "2020-06-14 09:42:05"}}
{"target": 8.25, "params": {"gamma_cf": 0.822578152523871, "beta_rec": 0.8551902839041353, "gamma_fc": 0.8794835234293169, "cue_position": 16.0, "beta_enc": 0.5883673328938768}, "datetime": {"delta": 0.339214, "elapsed": 74.722334, "datetime": "2020-06-14 09:42:05"}}
{"target": 10.375, "params": {"gamma_cf": 0.44034708683123824, "beta_rec": 0.12295477155217849, "gamma_fc": 0.1267357091420086, "cue_position": 16.0, "beta_enc": 0.3209863745244532}, "datetime": {"delta": 0.384028, "elapsed": 75.106362, "datetime": "2020-06-14 09:42:06"}}
{"target": 7.375, "params": {"gamma_cf": 0.7883011896679689, "beta_rec": 0.03606831456985993, "gamma_fc": 0.012096760015357866, "cue_position": 16.0, "beta_enc": 0.5898236481098892}, "datetime": {"delta": 0.321326, "elapsed": 75.427688, "datetime": "2020-06-14 09:42:06"}}
{"target": 9.25, "params": {"gamma_cf": 0.5820299763434618, "beta_rec": 0.021375961088070716, "gamma_fc": 0.29337627848605663, "cue_position": 16.0, "beta_enc": 0.3033456717085691}, "datetime": {"delta": 0.359733, "elapsed": 75.787421, "datetime": "2020-06-14 09:42:06"}}
{"target": 6.625, "params": {"gamma_cf": 0.5878715062961865, "beta_rec": 0.5071194235482045, "gamma_fc": 0.2641376442105696, "cue_position": 16.0, "beta_enc": 0.9289494618931157}, "datetime": {"delta": 0.306542, "elapsed": 76.093963, "datetime": "2020-06-14 09:42:07"}}
{"target": 9.0, "params": {"gamma_cf": 0.5845472661166298, "beta_rec": 0.37165457672418245, "gamma_fc": 0.6958461339323264, "cue_position": 16.0, "beta_enc": 0.3052882993474333}, "datetime": {"delta": 0.352196, "elapsed": 76.446159, "datetime": "2020-06-14 09:42:07"}}
{"target": 8.5, "params": {"gamma_cf": 0.8061631629534083, "beta_rec": 0.9710833196254638, "gamma_fc": 0.7516404040812905, "cue_position": 16.0, "beta_enc": 0.07194722016400112}, "datetime": {"delta": 0.343902, "elapsed": 76.790061, "datetime": "2020-06-14 09:42:07"}}
{"target": 7.375, "params": {"gamma_cf": 0.6724726505249299, "beta_rec": 0.48169628302117706, "gamma_fc": 0.4487372588243219, "cue_position": 16.0, "beta_enc": 0.0800609772712173}, "datetime": {"delta": 0.321665, "elapsed": 77.111726, "datetime": "2020-06-14 09:42:08"}}
{"target": 7.875, "params": {"gamma_cf": 0.6186007425615364, "beta_rec": 0.6816453376026229, "gamma_fc": 0.15098073327964578, "cue_position": 16.0, "beta_enc": 0.7043133983839096}, "datetime": {"delta": 0.333034, "elapsed": 77.44476, "datetime": "2020-06-14 09:42:08"}}
{"target": 7.5, "params": {"gamma_cf": 0.23376869260410593, "beta_rec": 0.781045822193957, "gamma_fc": 0.17667889307234141, "cue_position": 16.0, "beta_enc": 0.760802456305756}, "datetime": {"delta": 0.323239, "elapsed": 77.767999, "datetime": "2020-06-14 09:42:08"}}
{"target": 9.375, "params": {"gamma_cf": 0.6135258996684316, "beta_rec": 0.3205646539951602, "gamma_fc": 0.7600017523497489, "cue_position": 16.0, "beta_enc": 0.3910991231067624}, "datetime": {"delta": 0.361064, "elapsed": 78.129063, "datetime": "2020-06-14 09:42:09"}}
{"target": 8.625, "params": {"gamma_cf": 0.3734071317371953, "beta_rec": 0.09944056291558923, "gamma_fc": 0.19384776750950716, "cue_position": 16.0, "beta_enc": 0.4276650996969642}, "datetime": {"delta": 0.345099, "elapsed": 78.474162, "datetime": "2020-06-14 09:42:09"}}
{"target": 8.875, "params": {"gamma_cf": 0.4911099613042962, "beta_rec": 0.5996360084237168, "gamma_fc": 0.08817368124218106, "cue_position": 16.0, "beta_enc": 0.8207464986229382}, "datetime": {"delta": 0.352064, "elapsed": 78.826226, "datetime": "2020-06-14 09:42:09"}}
{"target": 9.25, "params": {"gamma_cf": 0.0254762357788203, "beta_rec": 0.461602080891622, "gamma_fc": 0.7293976982561526, "cue_position": 16.0, "beta_enc": 0.23507763668617032}, "datetime": {"delta": 0.357327, "elapsed": 79.183553, "datetime": "2020-06-14 09:42:10"}}
{"target": 8.0, "params": {"gamma_cf": 0.42844247595107343, "beta_rec": 0.33039174636170277, "gamma_fc": 0.8646861447635343, "cue_position": 16.0, "beta_enc": 0.7249167472191191}, "datetime": {"delta": 0.33371, "elapsed": 79.517263, "datetime": "2020-06-14 09:42:10"}}
{"target": 8.125, "params": {"gamma_cf": 0.5295466104783949, "beta_rec": 0.5810356574180902, "gamma_fc": 0.8944324184275724, "cue_position": 16.0, "beta_enc": 0.6570654246228895}, "datetime": {"delta": 0.336083, "elapsed": 79.853346, "datetime": "2020-06-14 09:42:10"}}
{"target": 6.875, "params": {"gamma_cf": 0.32984456268188234, "beta_rec": 0.8709456091610533, "gamma_fc": 0.6830743663365642, "cue_position": 16.0, "beta_enc": 0.30499397583521604}, "datetime": {"delta": 0.310559, "elapsed": 80.163905, "datetime": "2020-06-14 09:42:11"}}
{"target": 7.75, "params": {"gamma_cf": 0.1908393632684806, "beta_rec": 0.07569688175830336, "gamma_fc": 0.8497689100179306, "cue_position": 16.0, "beta_enc": 0.8992209495659688}, "datetime": {"delta": 0.327596, "elapsed": 80.491501, "datetime": "2020-06-14 09:42:11"}}
{"target": 8.625, "params": {"gamma_cf": 0.6353709614884534, "beta_rec": 0.34433919545005387, "gamma_fc": 0.8477880437147416, "cue_position": 16.0, "beta_enc": 0.6671187886992039}, "datetime": {"delta": 0.344672, "elapsed": 80.836173, "datetime": "2020-06-14 09:42:11"}}
{"target": 7.625, "params": {"gamma_cf": 0.5899231270757698, "beta_rec": 0.6282395971306578, "gamma_fc": 0.1978327846479193, "cue_position": 16.0, "beta_enc": 0.8218493747640105}, "datetime": {"delta": 0.325967, "elapsed": 81.16214, "datetime": "2020-06-14 09:42:12"}}
{"target": 8.75, "params": {"gamma_cf": 0.38023649611726473, "beta_rec": 0.3367459987011673, "gamma_fc": 0.992700873664818, "cue_position": 16.0, "beta_enc": 0.4293307226164923}, "datetime": {"delta": 0.348558, "elapsed": 81.510698, "datetime": "2020-06-14 09:42:12"}}
{"target": 8.25, "params": {"gamma_cf": 0.37030569377388767, "beta_rec": 0.17227970147712546, "gamma_fc": 0.12341885981472989, "cue_position": 16.0, "beta_enc": 0.5188042507334142}, "datetime": {"delta": 0.337543, "elapsed": 81.848241, "datetime": "2020-06-14 09:42:12"}}
