{"target": 9.25, "params": {"cue_position": 8.0, "beta_enc": 0.6345187162918416, "gamma_cf": 0.9299556236533179, "gamma_fc": 0.14923603230975002, "beta_rec": 0.4139198457294089}, "datetime": {"elapsed": 85.771631, "datetime": "2020-06-14 09:45:20", "delta": 0.379886}}
{"target": 9.625, "params": {"cue_position": 8.0, "beta_enc": 0.3948822625368005, "gamma_cf": 0.7803635232892685, "gamma_fc": 0.48719390907342375, "beta_rec": 0.46157971096238615}, "datetime": {"elapsed": 86.164366, "datetime": "2020-06-14 09:45:20", "delta": 0.392735}}
{"target": 8.875, "params": {"cue_position": 8.0, "beta_enc": 0.4199935520102408, "gamma_cf": 0.022271511532804156, "gamma_fc": 0.8211218982189646, "beta_rec": 0.26199970471933565}, "datetime": {"elapsed": 86.54163, "datetime": "2020-06-14 09:45:21", "delta": 0.377264}}
{"target": 9.625, "params": {"cue_position": 8.0, "beta_enc": 0.18846839966641848, "gamma_cf": 0.9742126278950913, "gamma_fc": 0.12277212944941995, "beta_rec": 0.6857568991725472}, "datetime": {"elapsed": 86.935264, "datetime": "2020-06-14 09:45:21", "delta": 0.393634}}
{"target": 7.75, "params": {"cue_position": 8.0, "beta_enc": 0.18756989261723955, "gamma_cf": 0.3092463846587796, "gamma_fc": 0.0007643854781880233, "beta_rec": 0.8894424754644789}, "datetime": {"elapsed": 87.281568, "datetime": "2020-06-14 09:45:21", "delta": 0.346304}}
{"target": 8.375, "params": {"cue_position": 8.0, "beta_enc": 0.22759773832225305, "gamma_cf": 0.8963225568040046, "gamma_fc": 0.8730943782696405, "beta_rec": 0.1454036341712357}, "datetime": {"elapsed": 87.642302, "datetime": "2020-06-14 09:45:22", "delta": 0.360734}}
{"target": 7.25, "params": {"cue_position": 8.0, "beta_enc": 0.7002894376334498, "gamma_cf": 0.49582639708521237, "gamma_fc": 0.36348868328490525, "beta_rec": 0.47049767615220905}, "datetime": {"elapsed": 87.978665, "datetime": "2020-06-14 09:45:22", "delta": 0.336363}}
{"target": 9.625, "params": {"cue_position": 8.0, "beta_enc": 0.27560310276085875, "gamma_cf": 0.49288087343132025, "gamma_fc": 0.2544381023144221, "beta_rec": 0.9247408135383717}, "datetime": {"elapsed": 88.371188, "datetime": "2020-06-14 09:45:23", "delta": 0.392523}}
{"target": 7.5, "params": {"cue_position": 8.0, "beta_enc": 0.8849665188380633, "gamma_cf": 0.7175949621947544, "gamma_fc": 0.19086994317230743, "beta_rec": 0.38326345680528673}, "datetime": {"elapsed": 88.716261, "datetime": "2020-06-14 09:45:23", "delta": 0.345073}}
{"target": 8.25, "params": {"cue_position": 8.0, "beta_enc": 0.11819262934703845, "gamma_cf": 0.5905205476471171, "gamma_fc": 0.24289157496487068, "beta_rec": 0.8369977822135122}, "datetime": {"elapsed": 89.081054, "datetime": "2020-06-14 09:45:23", "delta": 0.364793}}
{"target": 8.5, "params": {"cue_position": 8.0, "beta_enc": 0.6232471451875841, "gamma_cf": 0.06748934306754228, "gamma_fc": 0.8805385975643267, "beta_rec": 0.638355320741173}, "datetime": {"elapsed": 89.444078, "datetime": "2020-06-14 09:45:24", "delta": 0.363024}}
{"target": 6.875, "params": {"cue_position": 8.0, "beta_enc": 0.4599567310742584, "gamma_cf": 0.5913871822675169, "gamma_fc": 0.4287951603487977, "beta_rec": 0.7638727180664299}, "datetime": {"elapsed": 89.774207, "datetime": "2020-06-14 09:45:24", "delta": 0.330129}}
{"target": 8.875, "params": {"cue_position": 8.0, "beta_enc": 0.38210064254913956, "gamma_cf": 0.07934158295831895, "gamma_fc": 0.3028583047175786, "beta_rec": 0.12671338384692277}, "datetime": {"elapsed": 90.146053, "datetime": "2020-06-14 09:45:24", "delta": 0.371846}}
{"target": 8.0, "params": {"cue_position": 8.0, "beta_enc": 0.7417048002315554, "gamma_cf": 0.00838307952503159, "gamma_fc": 0.6783769722513199, "beta_rec": 0.6150157249710488}, "datetime": {"elapsed": 90.499953, "datetime": "2020-06-14 09:45:25", "delta": 0.3539}}
{"target": 8.5, "params": {"cue_position": 8.0, "beta_enc": 0.503180690542887, "gamma_cf": 0.18498296555082983, "gamma_fc": 0.8442600050750985, "beta_rec": 0.23090845048417918}, "datetime": {"elapsed": 90.864511, "datetime": "2020-06-14 09:45:25", "delta": 0.364558}}
{"target": 5.75, "params": {"cue_position": 8.0, "beta_enc": 0.9825897893050853, "gamma_cf": 0.7802245796913637, "gamma_fc": 0.5464545907014307, "beta_rec": 0.9137396248416316}, "datetime": {"elapsed": 91.170454, "datetime": "2020-06-14 09:45:25", "delta": 0.305943}}
{"target": 7.875, "params": {"cue_position": 8.0, "beta_enc": 0.8164423975559377, "gamma_cf": 0.7872634475242615, "gamma_fc": 0.10023464310313235, "beta_rec": 0.48372695118890585}, "datetime": {"elapsed": 91.522682, "datetime": "2020-06-14 09:45:26", "delta": 0.352228}}
{"target": 8.125, "params": {"cue_position": 8.0, "beta_enc": 0.5370071168405407, "gamma_cf": 0.9588025156370005, "gamma_fc": 0.39282294499696246, "beta_rec": 0.36598334666965426}, "datetime": {"elapsed": 91.88169, "datetime": "2020-06-14 09:45:26", "delta": 0.359008}}
{"target": 7.5, "params": {"cue_position": 8.0, "beta_enc": 0.39297299794161644, "gamma_cf": 0.3938840078553765, "gamma_fc": 0.6889550482302514, "beta_rec": 0.7906369935895988}, "datetime": {"elapsed": 92.22337, "datetime": "2020-06-14 09:45:26", "delta": 0.34168}}
{"target": 8.625, "params": {"cue_position": 8.0, "beta_enc": 0.404001609054379, "gamma_cf": 0.3344193926972726, "gamma_fc": 0.2179689300611679, "beta_rec": 0.1361131542481221}, "datetime": {"elapsed": 92.588469, "datetime": "2020-06-14 09:45:27", "delta": 0.365099}}
{"target": 6.375, "params": {"cue_position": 8.0, "beta_enc": 0.9257748016364399, "gamma_cf": 0.746657472123005, "gamma_fc": 0.5419710617714415, "beta_rec": 0.6896393990795577}, "datetime": {"elapsed": 92.904684, "datetime": "2020-06-14 09:45:27", "delta": 0.316215}}
{"target": 7.875, "params": {"cue_position": 8.0, "beta_enc": 0.7005330726195026, "gamma_cf": 0.1674418575065213, "gamma_fc": 0.2631390239238742, "beta_rec": 0.9305598192498451}, "datetime": {"elapsed": 93.254144, "datetime": "2020-06-14 09:45:27", "delta": 0.34946}}
{"target": 9.5, "params": {"cue_position": 8.0, "beta_enc": 0.07161027944180454, "gamma_cf": 0.6605983559285987, "gamma_fc": 0.089630698927462, "beta_rec": 0.978672805158347}, "datetime": {"elapsed": 93.644287, "datetime": "2020-06-14 09:45:28", "delta": 0.390143}}
{"target": 7.375, "params": {"cue_position": 8.0, "beta_enc": 0.21077094208701874, "gamma_cf": 0.38887340269472437, "gamma_fc": 0.5379877201396809, "beta_rec": 0.5028243835184045}, "datetime": {"elapsed": 93.984232, "datetime": "2020-06-14 09:45:28", "delta": 0.339945}}
{"target": 8.5, "params": {"cue_position": 8.0, "beta_enc": 0.33920418488509996, "gamma_cf": 0.3906104987369058, "gamma_fc": 0.6962700831011029, "beta_rec": 0.5559002111265755}, "datetime": {"elapsed": 94.349396, "datetime": "2020-06-14 09:45:29", "delta": 0.365164}}
{"target": 7.125, "params": {"cue_position": 8.0, "beta_enc": 0.6784824539979241, "gamma_cf": 0.3580799140129358, "gamma_fc": 0.6131123353670123, "beta_rec": 0.6873031493743899}, "datetime": {"elapsed": 94.68385, "datetime": "2020-06-14 09:45:29", "delta": 0.334454}}
{"target": 6.125, "params": {"cue_position": 8.0, "beta_enc": 0.9357362666081998, "gamma_cf": 0.4410066204088712, "gamma_fc": 0.7396119625075467, "beta_rec": 0.5968885249459731}, "datetime": {"elapsed": 94.995602, "datetime": "2020-06-14 09:45:29", "delta": 0.311752}}
{"target": 5.125, "params": {"cue_position": 8.0, "beta_enc": 0.03760387864960013, "gamma_cf": 0.0053165329611032375, "gamma_fc": 0.2772001047825985, "beta_rec": 0.7647266390004861}, "datetime": {"elapsed": 95.286641, "datetime": "2020-06-14 09:45:29", "delta": 0.291039}}
{"target": 7.625, "params": {"cue_position": 8.0, "beta_enc": 0.5348322325198115, "gamma_cf": 0.5490534438505197, "gamma_fc": 0.800994555798356, "beta_rec": 0.7679628782813116}, "datetime": {"elapsed": 95.630018, "datetime": "2020-06-14 09:45:30", "delta": 0.343377}}
{"target": 7.5, "params": {"cue_position": 8.0, "beta_enc": 0.6495830548784789, "gamma_cf": 0.2768064626005866, "gamma_fc": 0.9192375042561725, "beta_rec": 0.9314470149929107}, "datetime": {"elapsed": 95.974603, "datetime": "2020-06-14 09:45:30", "delta": 0.344585}}
{"target": 7.125, "params": {"cue_position": 8.0, "beta_enc": 0.7650051482981429, "gamma_cf": 0.896043491575002, "gamma_fc": 0.9727203528528249, "beta_rec": 0.5997403444720987}, "datetime": {"elapsed": 96.309707, "datetime": "2020-06-14 09:45:30", "delta": 0.335104}}
{"target": 6.0, "params": {"cue_position": 8.0, "beta_enc": 0.9985205070898059, "gamma_cf": 0.07346665436012334, "gamma_fc": 0.01474379089994693, "beta_rec": 0.13964933368410348}, "datetime": {"elapsed": 96.619412, "datetime": "2020-06-14 09:45:31", "delta": 0.309705}}
{"target": 5.625, "params": {"cue_position": 8.0, "beta_enc": 0.971820072977926, "gamma_cf": 0.6851729969076996, "gamma_fc": 0.4875571674829181, "beta_rec": 0.09476691645722912}, "datetime": {"elapsed": 96.920234, "datetime": "2020-06-14 09:45:31", "delta": 0.300822}}
{"target": 6.5, "params": {"cue_position": 8.0, "beta_enc": 0.3466948813585782, "gamma_cf": 0.9110179736986265, "gamma_fc": 0.725642545494869, "beta_rec": 0.35364778706700506}, "datetime": {"elapsed": 97.240523, "datetime": "2020-06-14 09:45:31", "delta": 0.320289}}
{"target": 8.625, "params": {"cue_position": 8.0, "beta_enc": 0.025925792784269874, "gamma_cf": 0.02896618617789848, "gamma_fc": 0.8846818943092944, "beta_rec": 0.46152125324711457}, "datetime": {"elapsed": 97.605261, "datetime": "2020-06-14 09:45:32", "delta": 0.364738}}
{"target": 7.25, "params": {"cue_position": 8.0, "beta_enc": 0.7710053579546823, "gamma_cf": 0.3246383222029966, "gamma_fc": 0.30788244381764673, "beta_rec": 0.32973507924426093}, "datetime": {"elapsed": 97.944526, "datetime": "2020-06-14 09:45:32", "delta": 0.339265}}
{"target": 4.375, "params": {"cue_position": 8.0, "beta_enc": 0.9281090785007262, "gamma_cf": 0.951935167567925, "gamma_fc": 0.8879964939264646, "beta_rec": 0.9769161619458502}, "datetime": {"elapsed": 98.218021, "datetime": "2020-06-14 09:45:32", "delta": 0.273495}}
{"target": 8.0, "params": {"cue_position": 8.0, "beta_enc": 0.5180325615944087, "gamma_cf": 0.455643424642054, "gamma_fc": 0.6052128951232129, "beta_rec": 0.3727488020974856}, "datetime": {"elapsed": 98.574303, "datetime": "2020-06-14 09:45:33", "delta": 0.356282}}
{"target": 6.875, "params": {"cue_position": 8.0, "beta_enc": 0.9904061968899467, "gamma_cf": 0.08899822082237796, "gamma_fc": 0.18490559027840836, "beta_rec": 0.7739162499564685}, "datetime": {"elapsed": 98.903871, "datetime": "2020-06-14 09:45:33", "delta": 0.329568}}
{"target": 9.375, "params": {"cue_position": 8.0, "beta_enc": 0.5268518758918344, "gamma_cf": 0.9332023381866817, "gamma_fc": 0.17786474795134855, "beta_rec": 0.417102418106858}, "datetime": {"elapsed": 99.287597, "datetime": "2020-06-14 09:45:33", "delta": 0.383726}}
{"target": 7.375, "params": {"cue_position": 8.0, "beta_enc": 0.8600667708762162, "gamma_cf": 0.037862587720430496, "gamma_fc": 0.05758350560817371, "beta_rec": 0.9573949263266688}, "datetime": {"elapsed": 99.627996, "datetime": "2020-06-14 09:45:34", "delta": 0.340399}}
{"target": 7.75, "params": {"cue_position": 8.0, "beta_enc": 0.005797392917688993, "gamma_cf": 0.29386248547054417, "gamma_fc": 0.3560164860311865, "beta_rec": 0.3126811561554764}, "datetime": {"elapsed": 99.974672, "datetime": "2020-06-14 09:45:34", "delta": 0.346676}}
{"target": 8.0, "params": {"cue_position": 8.0, "beta_enc": 0.9536770184739218, "gamma_cf": 0.5030051950509548, "gamma_fc": 0.6433579246491355, "beta_rec": 0.47695092248677795}, "datetime": {"elapsed": 100.328596, "datetime": "2020-06-14 09:45:34", "delta": 0.353924}}
{"target": 8.0, "params": {"cue_position": 8.0, "beta_enc": 0.111245672567435, "gamma_cf": 0.8442498595694283, "gamma_fc": 0.8905068324120895, "beta_rec": 0.7580616581331086}, "datetime": {"elapsed": 100.683329, "datetime": "2020-06-14 09:45:35", "delta": 0.354733}}
{"target": 9.125, "params": {"cue_position": 8.0, "beta_enc": 0.38184239675576115, "gamma_cf": 0.22580692243123512, "gamma_fc": 0.971320469273211, "beta_rec": 0.44380519836651855}, "datetime": {"elapsed": 101.062852, "datetime": "2020-06-14 09:45:35", "delta": 0.379523}}
{"target": 10.375, "params": {"cue_position": 8.0, "beta_enc": 0.28462396896873543, "gamma_cf": 0.9225044972603934, "gamma_fc": 0.15614956444079475, "beta_rec": 0.9073961422409973}, "datetime": {"elapsed": 101.467794, "datetime": "2020-06-14 09:45:36", "delta": 0.404942}}
{"target": 9.375, "params": {"cue_position": 8.0, "beta_enc": 0.8797221435013809, "gamma_cf": 0.3451159147800812, "gamma_fc": 0.1599187885892832, "beta_rec": 0.6319949504631371}, "datetime": {"elapsed": 101.851221, "datetime": "2020-06-14 09:45:36", "delta": 0.383427}}
{"target": 9.375, "params": {"cue_position": 8.0, "beta_enc": 0.4443481574461272, "gamma_cf": 0.19719634646666928, "gamma_fc": 0.6910273415567042, "beta_rec": 0.08377495384546052}, "datetime": {"elapsed": 102.234108, "datetime": "2020-06-14 09:45:36", "delta": 0.382887}}
{"target": 9.0, "params": {"cue_position": 8.0, "beta_enc": 0.573802869165353, "gamma_cf": 0.6296079567189131, "gamma_fc": 0.034431265307095615, "beta_rec": 0.8733231340367321}, "datetime": {"elapsed": 102.608307, "datetime": "2020-06-14 09:45:37", "delta": 0.374199}}
{"target": 7.5, "params": {"cue_position": 8.0, "beta_enc": 0.516198461077069, "gamma_cf": 0.009872975358918512, "gamma_fc": 0.2528414820768151, "beta_rec": 0.8632264817138495}, "datetime": {"elapsed": 102.949299, "datetime": "2020-06-14 09:45:37", "delta": 0.340992}}
{"target": 8.0, "params": {"cue_position": 8.0, "beta_enc": 0.22384967032752534, "gamma_cf": 0.49019531224423174, "gamma_fc": 0.04548214567029407, "beta_rec": 0.047537594227760493}, "datetime": {"elapsed": 103.302402, "datetime": "2020-06-14 09:45:37", "delta": 0.353103}}
{"target": 8.125, "params": {"cue_position": 8.0, "beta_enc": 0.278328130846902, "gamma_cf": 0.26965470115905144, "gamma_fc": 0.5905465222435671, "beta_rec": 0.6399745691089123}, "datetime": {"elapsed": 103.661142, "datetime": "2020-06-14 09:45:38", "delta": 0.35874}}
{"target": 8.75, "params": {"cue_position": 8.0, "beta_enc": 0.38053407720964005, "gamma_cf": 0.6332092658064775, "gamma_fc": 0.3533943470016294, "beta_rec": 0.7025230339614009}, "datetime": {"elapsed": 104.031345, "datetime": "2020-06-14 09:45:38", "delta": 0.370203}}
{"target": 7.375, "params": {"cue_position": 8.0, "beta_enc": 0.28704394615550866, "gamma_cf": 0.8048358460157946, "gamma_fc": 0.9380285431563524, "beta_rec": 0.13320711375110195}, "datetime": {"elapsed": 104.370193, "datetime": "2020-06-14 09:45:39", "delta": 0.338848}}
{"target": 8.75, "params": {"cue_position": 8.0, "beta_enc": 0.1853805246478023, "gamma_cf": 0.2835445136036545, "gamma_fc": 0.27463424842386297, "beta_rec": 0.9331557628232255}, "datetime": {"elapsed": 104.741377, "datetime": "2020-06-14 09:45:39", "delta": 0.371184}}
{"target": 9.75, "params": {"cue_position": 8.0, "beta_enc": 0.5514315736733725, "gamma_cf": 0.1853176459376844, "gamma_fc": 0.9473759179539593, "beta_rec": 0.18528923936855235}, "datetime": {"elapsed": 105.130924, "datetime": "2020-06-14 09:45:39", "delta": 0.389547}}
{"target": 6.125, "params": {"cue_position": 8.0, "beta_enc": 0.4938246574910856, "gamma_cf": 0.4843157730323856, "gamma_fc": 0.9676952459611975, "beta_rec": 0.9639177674239978}, "datetime": {"elapsed": 105.443716, "datetime": "2020-06-14 09:45:40", "delta": 0.312792}}
{"target": 9.0, "params": {"cue_position": 8.0, "beta_enc": 0.14318978170876284, "gamma_cf": 0.43383982715272595, "gamma_fc": 0.05935722533895749, "beta_rec": 0.6323298746664966}, "datetime": {"elapsed": 105.821402, "datetime": "2020-06-14 09:45:40", "delta": 0.377686}}
{"target": 8.375, "params": {"cue_position": 8.0, "beta_enc": 0.4927226011660333, "gamma_cf": 0.25666098995297626, "gamma_fc": 0.3914303629842686, "beta_rec": 0.46513394351807746}, "datetime": {"elapsed": 106.183492, "datetime": "2020-06-14 09:45:40", "delta": 0.36209}}
{"target": 8.875, "params": {"cue_position": 8.0, "beta_enc": 0.24017220722137722, "gamma_cf": 0.1774295368682619, "gamma_fc": 0.8214467402262973, "beta_rec": 0.6864434151723641}, "datetime": {"elapsed": 106.556629, "datetime": "2020-06-14 09:45:41", "delta": 0.373137}}
{"target": 8.5, "params": {"cue_position": 8.0, "beta_enc": 0.2309885592816333, "gamma_cf": 0.9351531155423887, "gamma_fc": 0.8885421033562281, "beta_rec": 0.05797581337276703}, "datetime": {"elapsed": 106.918957, "datetime": "2020-06-14 09:45:41", "delta": 0.362328}}
{"target": 9.25, "params": {"cue_position": 8.0, "beta_enc": 0.28926049548291, "gamma_cf": 0.4346547940716735, "gamma_fc": 0.4680495548664728, "beta_rec": 0.9477640661016069}, "datetime": {"elapsed": 107.299049, "datetime": "2020-06-14 09:45:41", "delta": 0.380092}}
{"target": 7.625, "params": {"cue_position": 8.0, "beta_enc": 0.6298530215834227, "gamma_cf": 0.26551201747238584, "gamma_fc": 0.015443631942760883, "beta_rec": 0.15803183496381268}, "datetime": {"elapsed": 107.644141, "datetime": "2020-06-14 09:45:42", "delta": 0.345092}}
{"target": 8.5, "params": {"cue_position": 8.0, "beta_enc": 0.6744988441622575, "gamma_cf": 0.7802023371197586, "gamma_fc": 0.14578543121477705, "beta_rec": 0.5514688358127765}, "datetime": {"elapsed": 108.008392, "datetime": "2020-06-14 09:45:42", "delta": 0.364251}}
{"target": 9.5, "params": {"cue_position": 8.0, "beta_enc": 0.2448806387618836, "gamma_cf": 0.08793868377060332, "gamma_fc": 0.8699761802716075, "beta_rec": 0.2923137620392837}, "datetime": {"elapsed": 108.394903, "datetime": "2020-06-14 09:45:43", "delta": 0.386511}}
{"target": 7.375, "params": {"cue_position": 8.0, "beta_enc": 0.08818864557151007, "gamma_cf": 0.010699003144174157, "gamma_fc": 0.5572682300749138, "beta_rec": 0.6837103358216379}, "datetime": {"elapsed": 108.73482, "datetime": "2020-06-14 09:45:43", "delta": 0.339917}}
{"target": 8.625, "params": {"cue_position": 8.0, "beta_enc": 0.9071090552203707, "gamma_cf": 0.02715882932586222, "gamma_fc": 0.8008593551300331, "beta_rec": 0.8604566673368852}, "datetime": {"elapsed": 109.102418, "datetime": "2020-06-14 09:45:43", "delta": 0.367598}}
{"target": 5.5, "params": {"cue_position": 8.0, "beta_enc": 0.805984932289666, "gamma_cf": 0.8077788623150765, "gamma_fc": 0.8974982823028202, "beta_rec": 0.8684881163027721}, "datetime": {"elapsed": 109.401594, "datetime": "2020-06-14 09:45:44", "delta": 0.299176}}
{"target": 10.5, "params": {"cue_position": 8.0, "beta_enc": 0.4538299504900123, "gamma_cf": 0.6919839045242188, "gamma_fc": 0.6829068676298748, "beta_rec": 0.5578253037149105}, "datetime": {"elapsed": 109.808305, "datetime": "2020-06-14 09:45:44", "delta": 0.406711}}
{"target": 8.125, "params": {"cue_position": 8.0, "beta_enc": 0.5203136358633165, "gamma_cf": 0.8248585623852319, "gamma_fc": 0.28184508814324294, "beta_rec": 0.8284681480854713}, "datetime": {"elapsed": 110.174086, "datetime": "2020-06-14 09:45:44", "delta": 0.365781}}
{"target": 8.5, "params": {"cue_position": 8.0, "beta_enc": 0.17849483297748825, "gamma_cf": 0.25979169330441454, "gamma_fc": 0.5812353422911717, "beta_rec": 0.969870570344714}, "datetime": {"elapsed": 110.542851, "datetime": "2020-06-14 09:45:45", "delta": 0.368765}}
{"target": 6.5, "params": {"cue_position": 8.0, "beta_enc": 0.9552622535381868, "gamma_cf": 0.6191348314199072, "gamma_fc": 0.22449347883595772, "beta_rec": 0.0807539078120788}, "datetime": {"elapsed": 110.864802, "datetime": "2020-06-14 09:45:45", "delta": 0.321951}}
{"target": 5.875, "params": {"cue_position": 8.0, "beta_enc": 0.7651839567335081, "gamma_cf": 0.10781390079459241, "gamma_fc": 0.08428305143655679, "beta_rec": 0.5681525429491051}, "datetime": {"elapsed": 111.175025, "datetime": "2020-06-14 09:45:45", "delta": 0.310223}}
{"target": 7.875, "params": {"cue_position": 8.0, "beta_enc": 0.6251210683054896, "gamma_cf": 0.3710639450161891, "gamma_fc": 0.6721444096568486, "beta_rec": 0.4097312611340205}, "datetime": {"elapsed": 111.527191, "datetime": "2020-06-14 09:45:46", "delta": 0.352166}}
{"target": 7.625, "params": {"cue_position": 8.0, "beta_enc": 0.1895874001915857, "gamma_cf": 0.9615725424345338, "gamma_fc": 0.7300825577402602, "beta_rec": 0.8957291085287041}, "datetime": {"elapsed": 111.875242, "datetime": "2020-06-14 09:45:46", "delta": 0.348051}}
{"target": 7.25, "params": {"cue_position": 8.0, "beta_enc": 0.4062884276883151, "gamma_cf": 0.3144172223907462, "gamma_fc": 0.605896361217858, "beta_rec": 0.7437491963512196}, "datetime": {"elapsed": 112.215367, "datetime": "2020-06-14 09:45:46", "delta": 0.340125}}
{"target": 7.375, "params": {"cue_position": 8.0, "beta_enc": 0.5948471334079176, "gamma_cf": 0.7661883652028217, "gamma_fc": 0.9410132668189013, "beta_rec": 0.8786609763158111}, "datetime": {"elapsed": 112.561378, "datetime": "2020-06-14 09:45:47", "delta": 0.346011}}
{"target": 8.75, "params": {"cue_position": 8.0, "beta_enc": 0.001032932657734631, "gamma_cf": 0.8433232139195225, "gamma_fc": 0.18373941187600173, "beta_rec": 0.47608911800210485}, "datetime": {"elapsed": 112.933691, "datetime": "2020-06-14 09:45:47", "delta": 0.372313}}
{"target": 7.0, "params": {"cue_position": 8.0, "beta_enc": 0.8561592379873718, "gamma_cf": 0.02771174012236499, "gamma_fc": 0.08539013912317062, "beta_rec": 0.36436547985702794}, "datetime": {"elapsed": 113.269888, "datetime": "2020-06-14 09:45:47", "delta": 0.336197}}
{"target": 9.0, "params": {"cue_position": 8.0, "beta_enc": 0.9814104657541125, "gamma_cf": 0.16921418469369054, "gamma_fc": 0.64990115308969, "beta_rec": 0.6095019257734966}, "datetime": {"elapsed": 113.646736, "datetime": "2020-06-14 09:45:48", "delta": 0.376848}}
{"target": 8.25, "params": {"cue_position": 8.0, "beta_enc": 0.03697506835935782, "gamma_cf": 0.6074418935145536, "gamma_fc": 0.6508312566756971, "beta_rec": 0.31161391346070466}, "datetime": {"elapsed": 114.008978, "datetime": "2020-06-14 09:45:48", "delta": 0.362242}}
