{"target": 4.5488888888888885, "params": {"cue_position": 10.0, "gamma_fc": 0.30233257263183977, "beta_enc": 0.417022004702574, "beta_rec": 0.7203244934421581}, "datetime": {"elapsed": 0.0, "datetime": "2021-08-17 10:22:04", "delta": 0.0}}
{"target": 8.562222222222223, "params": {"cue_position": 10.0, "gamma_fc": 0.34556072704304774, "beta_enc": 0.14675589081711304, "beta_rec": 0.0923385947687978}, "datetime": {"elapsed": 97.463487, "datetime": "2021-08-17 10:23:42", "delta": 97.463487}}
{"target": 6.6033333333333335, "params": {"cue_position": 10.0, "gamma_fc": 0.6852195003967595, "beta_enc": 0.39676747423066994, "beta_rec": 0.538816734003357}, "datetime": {"elapsed": 192.091205, "datetime": "2021-08-17 10:25:16", "delta": 94.627718}}
{"target": 6.417777777777777, "params": {"cue_position": 10.0, "gamma_fc": 0.6704675101784022, "beta_enc": 0.20445224973151743, "beta_rec": 0.8781174363909454}, "datetime": {"elapsed": 286.718251, "datetime": "2021-08-17 10:26:51", "delta": 94.627046}}
{"target": 4.348888888888889, "params": {"cue_position": 10.0, "gamma_fc": 0.1981014890848788, "beta_enc": 0.41730480236712697, "beta_rec": 0.5586898284457517}, "datetime": {"elapsed": 380.446027, "datetime": "2021-08-17 10:28:25", "delta": 93.727776}}
{"target": 1.788888888888889, "params": {"cue_position": 10.0, "gamma_fc": 0.6923226156693141, "beta_enc": 0.8007445686755367, "beta_rec": 0.9682615757193975}, "datetime": {"elapsed": 474.075299, "datetime": "2021-08-17 10:29:58", "delta": 93.629272}}
{"target": 0.8322222222222222, "params": {"cue_position": 10.0, "gamma_fc": 0.03905478323288236, "beta_enc": 0.8763891522960383, "beta_rec": 0.8946066635038473}, "datetime": {"elapsed": 567.572028, "datetime": "2021-08-17 10:31:32", "delta": 93.496729}}
{"target": 5.157777777777778, "params": {"cue_position": 10.0, "gamma_fc": 0.42110762500505217, "beta_enc": 0.1698304195645689, "beta_rec": 0.8781425034294131}, "datetime": {"elapsed": 662.343606, "datetime": "2021-08-17 10:33:07", "delta": 94.771578}}
{"target": 0.43666666666666665, "params": {"cue_position": 10.0, "gamma_fc": 0.31551563100606295, "beta_enc": 0.9578895301505019, "beta_rec": 0.5331652849730171}, "datetime": {"elapsed": 755.545787, "datetime": "2021-08-17 10:34:40", "delta": 93.202181}}
{"target": 2.9566666666666666, "params": {"cue_position": 10.0, "gamma_fc": 0.7501443149449675, "beta_enc": 0.6865009276815837, "beta_rec": 0.8346256718973729}, "datetime": {"elapsed": 848.935752, "datetime": "2021-08-17 10:36:13", "delta": 93.389965}}
{"target": 0.18222222222222223, "params": {"cue_position": 10.0, "gamma_fc": 0.7892793284514885, "beta_enc": 0.9888610889064947, "beta_rec": 0.7481656543798394}, "datetime": {"elapsed": 941.86454, "datetime": "2021-08-17 10:37:46", "delta": 92.928788}}
{"target": 7.521111111111111, "params": {"cue_position": 10.0, "gamma_fc": 0.2936141483736795, "beta_enc": 0.10322600657764203, "beta_rec": 0.44789352617590517}, "datetime": {"elapsed": 1036.400216, "datetime": "2021-08-17 10:39:21", "delta": 94.535676}}
{"target": 7.83, "params": {"cue_position": 10.0, "gamma_fc": 0.678835532939891, "beta_enc": 0.28777533858634874, "beta_rec": 0.13002857211827767}, "datetime": {"elapsed": 1130.93397, "datetime": "2021-08-17 10:40:55", "delta": 94.533754}}
{"target": 6.981111111111111, "params": {"cue_position": 10.0, "gamma_fc": 0.053362545117080384, "beta_enc": 0.21162811600005904, "beta_rec": 0.2655466593722262}, "datetime": {"elapsed": 1225.478027, "datetime": "2021-08-17 10:42:30", "delta": 94.544057}}
{"target": 3.8044444444444445, "params": {"cue_position": 10.0, "gamma_fc": 0.6997583600209312, "beta_enc": 0.5741176054920131, "beta_rec": 0.14672857490581015}, "datetime": {"elapsed": 1319.233725, "datetime": "2021-08-17 10:44:04", "delta": 93.755698}}
{"target": 8.013333333333334, "params": {"cue_position": 10.0, "gamma_fc": 0.41417926952690265, "beta_enc": 0.10233442882782584, "beta_rec": 0.4140559878195683}, "datetime": {"elapsed": 1414.109371, "datetime": "2021-08-17 10:45:38", "delta": 94.875646}}
{"target": 7.73, "params": {"cue_position": 10.0, "gamma_fc": 0.5148891120583086, "beta_enc": 0.04995345894608716, "beta_rec": 0.5358964059155116}, "datetime": {"elapsed": 1508.863737, "datetime": "2021-08-17 10:47:13", "delta": 94.754366}}
{"target": 0.5677777777777778, "params": {"cue_position": 10.0, "gamma_fc": 0.13747470414623753, "beta_enc": 0.9445947559908133, "beta_rec": 0.5865550405019929}, "datetime": {"elapsed": 1602.138257, "datetime": "2021-08-17 10:48:46", "delta": 93.27452}}
{"target": 3.8644444444444446, "params": {"cue_position": 10.0, "gamma_fc": 0.16535419711693278, "beta_enc": 0.13927634725075855, "beta_rec": 0.8073912887095238}, "datetime": {"elapsed": 1696.276899, "datetime": "2021-08-17 10:50:21", "delta": 94.138642}}
{"target": 0.6944444444444444, "params": {"cue_position": 10.0, "gamma_fc": 0.7259979853504515, "beta_enc": 0.9275085803960339, "beta_rec": 0.34776585974550656}, "datetime": {"elapsed": 1790.986767, "datetime": "2021-08-17 10:51:55", "delta": 94.709868}}
{"target": 0.9922222222222222, "params": {"cue_position": 10.0, "gamma_fc": 0.34889834197784253, "beta_enc": 0.8833060912058098, "beta_rec": 0.6236722070556089}, "datetime": {"elapsed": 1885.806696, "datetime": "2021-08-17 10:53:30", "delta": 94.819929}}
{"target": 6.825555555555556, "params": {"cue_position": 10.0, "gamma_fc": 0.9648400471483856, "beta_enc": 0.2699278917650261, "beta_rec": 0.8958862181960668}, "datetime": {"elapsed": 1981.929623, "datetime": "2021-08-17 10:55:06", "delta": 96.122927}}
{"target": 3.438888888888889, "params": {"cue_position": 10.0, "gamma_fc": 0.9494892587070712, "beta_enc": 0.6634414978184481, "beta_rec": 0.6216957202091218}, "datetime": {"elapsed": 2077.690842, "datetime": "2021-08-17 10:56:42", "delta": 95.761219}}
{"target": 4.251111111111111, "params": {"cue_position": 10.0, "gamma_fc": 0.2370269802430277, "beta_enc": 0.4499121334799405, "beta_rec": 0.5783896143871318}, "datetime": {"elapsed": 2173.405001, "datetime": "2021-08-17 10:58:18", "delta": 95.714159}}
{"target": 0.88, "params": {"cue_position": 10.0, "gamma_fc": 0.6171449136207239, "beta_enc": 0.9033795205622538, "beta_rec": 0.5736794866722859}, "datetime": {"elapsed": 2267.1424, "datetime": "2021-08-17 10:59:51", "delta": 93.737399}}
{"target": 6.3566666666666665, "params": {"cue_position": 10.0, "gamma_fc": 0.35726976000249977, "beta_enc": 0.32664490177209615, "beta_rec": 0.5270581022576093}, "datetime": {"elapsed": 2361.619192, "datetime": "2021-08-17 11:01:26", "delta": 94.476792}}
{"target": 0.8266666666666667, "params": {"cue_position": 10.0, "gamma_fc": 0.9294372337437613, "beta_enc": 0.9085351509197992, "beta_rec": 0.6233601157918027}, "datetime": {"elapsed": 2456.378621, "datetime": "2021-08-17 11:03:01", "delta": 94.759429}}
{"target": 1.6122222222222222, "params": {"cue_position": 10.0, "gamma_fc": 0.13713574962887776, "beta_enc": 0.690896917516924, "beta_rec": 0.9973228504514805}, "datetime": {"elapsed": 2551.926069, "datetime": "2021-08-17 11:04:36", "delta": 95.547448}}
{"target": 0.6777777777777778, "params": {"cue_position": 10.0, "gamma_fc": 0.7554630526024664, "beta_enc": 0.9325954630371636, "beta_rec": 0.6968181614899002}, "datetime": {"elapsed": 2646.80563, "datetime": "2021-08-17 11:06:11", "delta": 94.879561}}
{"target": 1.4166666666666667, "params": {"cue_position": 10.0, "gamma_fc": 0.1242709619721647, "beta_enc": 0.7538761884612464, "beta_rec": 0.9230245355464833}, "datetime": {"elapsed": 2742.368903, "datetime": "2021-08-17 11:07:47", "delta": 95.563273}}
{"target": 8.717777777777778, "params": {"cue_position": 10.0, "gamma_fc": 0.2462110676030459, "beta_enc": 0.01988013383979559, "beta_rec": 0.026210986877719278}, "datetime": {"elapsed": 2831.879947, "datetime": "2021-08-17 11:09:16", "delta": 89.511044}}
{"target": 1.2766666666666666, "params": {"cue_position": 10.0, "gamma_fc": 0.8420308923596057, "beta_enc": 0.860027948682888, "beta_rec": 0.5388310643416528}, "datetime": {"elapsed": 2918.358364, "datetime": "2021-08-17 11:10:43", "delta": 86.478417}}
{"target": 8.53, "params": {"cue_position": 10.0, "gamma_fc": 0.9695957483196745, "beta_enc": 0.12417331511991114, "beta_rec": 0.2791836790111395}, "datetime": {"elapsed": 3007.202969, "datetime": "2021-08-17 11:12:12", "delta": 88.844605}}
{"target": 3.628888888888889, "params": {"cue_position": 10.0, "gamma_fc": 0.23297427384102043, "beta_enc": 0.56103021925571, "beta_rec": 0.01864728937294302}, "datetime": {"elapsed": 3094.401619, "datetime": "2021-08-17 11:13:39", "delta": 87.19865}}
{"target": 1.6644444444444444, "params": {"cue_position": 10.0, "gamma_fc": 0.7471216427371846, "beta_enc": 0.8071051956187791, "beta_rec": 0.38786064406417176}, "datetime": {"elapsed": 3181.242897, "datetime": "2021-08-17 11:15:06", "delta": 86.841278}}
{"target": 3.5144444444444445, "params": {"cue_position": 10.0, "gamma_fc": 0.12134345574073735, "beta_enc": 0.5562402339904189, "beta_rec": 0.13645522566068502}, "datetime": {"elapsed": 3276.106198, "datetime": "2021-08-17 11:16:40", "delta": 94.863301}}
{"target": 8.625555555555556, "params": {"cue_position": 10.0, "gamma_fc": 0.7129889803826767, "beta_enc": 0.044551878544761725, "beta_rec": 0.1074941291060929}, "datetime": {"elapsed": 3374.994947, "datetime": "2021-08-17 11:18:19", "delta": 98.888749}}
{"target": 3.707777777777778, "params": {"cue_position": 10.0, "gamma_fc": 0.967276330000272, "beta_enc": 0.5597169820541424, "beta_rec": 0.012555980159115854}, "datetime": {"elapsed": 3472.92987, "datetime": "2021-08-17 11:19:57", "delta": 97.934923}}
{"target": 4.05, "params": {"cue_position": 10.0, "gamma_fc": 0.7438258540750929, "beta_enc": 0.5681004619199421, "beta_rec": 0.20329323466099047}, "datetime": {"elapsed": 3570.705871, "datetime": "2021-08-17 11:21:35", "delta": 97.776001}}
{"target": 7.9511111111111115, "params": {"cue_position": 10.0, "gamma_fc": 0.8468288014900353, "beta_enc": 0.1954294811093188, "beta_rec": 0.5813589272732578}, "datetime": {"elapsed": 3669.713749, "datetime": "2021-08-17 11:23:14", "delta": 99.007878}}
{"target": 7.964444444444444, "params": {"cue_position": 10.0, "gamma_fc": 0.8289808995501787, "beta_enc": 0.23984775914758616, "beta_rec": 0.49376971426872995}, "datetime": {"elapsed": 3768.72761, "datetime": "2021-08-17 11:24:53", "delta": 99.013861}}
{"target": 8.65, "params": {"cue_position": 10.0, "gamma_fc": 0.4863451109370318, "beta_enc": 0.15679139464608427, "beta_rec": 0.018576202177409518}, "datetime": {"elapsed": 3868.088697, "datetime": "2021-08-17 11:26:32", "delta": 99.361087}}
{"target": 4.1177777777777775, "params": {"cue_position": 10.0, "gamma_fc": 0.9886161544124489, "beta_enc": 0.6063294616533303, "beta_rec": 0.5688514370864813}, "datetime": {"elapsed": 3965.819858, "datetime": "2021-08-17 11:28:10", "delta": 97.731161}}
{"target": 4.2877777777777775, "params": {"cue_position": 10.0, "gamma_fc": 0.7453344309065021, "beta_enc": 0.5797452192457969, "beta_rec": 0.3801411726235504}, "datetime": {"elapsed": 4063.587971, "datetime": "2021-08-17 11:29:48", "delta": 97.768113}}
{"target": 2.6233333333333335, "params": {"cue_position": 10.0, "gamma_fc": 0.3700841979141063, "beta_enc": 0.6692328934531846, "beta_rec": 0.2649195576628094}, "datetime": {"elapsed": 4160.584421, "datetime": "2021-08-17 11:31:25", "delta": 96.99645}}
{"target": 2.7022222222222223, "params": {"cue_position": 10.0, "gamma_fc": 0.06653648135411494, "beta_enc": 0.6297175070215645, "beta_rec": 0.2101740099148396}, "datetime": {"elapsed": 4258.050772, "datetime": "2021-08-17 11:33:02", "delta": 97.466351}}
{"target": 6.59, "params": {"cue_position": 10.0, "gamma_fc": 0.6394608808799401, "beta_enc": 0.26031509857854096, "beta_rec": 0.8047545637433454}, "datetime": {"elapsed": 4356.359796, "datetime": "2021-08-17 11:34:41", "delta": 98.309024}}
{"target": 1.8633333333333333, "params": {"cue_position": 10.0, "gamma_fc": 0.06596109068402378, "beta_enc": 0.5246703091237337, "beta_rec": 0.9248079703993507}, "datetime": {"elapsed": 4453.584282, "datetime": "2021-08-17 11:36:18", "delta": 97.224486}}
{"target": 2.7177777777777776, "params": {"cue_position": 10.0, "gamma_fc": 0.9319720691968373, "beta_enc": 0.7350659632886695, "beta_rec": 0.7721780295432468}, "datetime": {"elapsed": 4550.998883, "datetime": "2021-08-17 11:37:55", "delta": 97.414601}}
{"target": 8.45, "params": {"cue_position": 10.0, "gamma_fc": 0.9490163206876164, "beta_enc": 0.013951572975597015, "beta_rec": 0.2343620861214205}, "datetime": {"elapsed": 4649.795263, "datetime": "2021-08-17 11:39:34", "delta": 98.79638}}
{"target": 0.5011111111111111, "params": {"cue_position": 10.0, "gamma_fc": 0.6415662089463375, "beta_enc": 0.9501761192470797, "beta_rec": 0.5566531881951564}, "datetime": {"elapsed": 4746.442338, "datetime": "2021-08-17 11:41:11", "delta": 96.647075}}
{"target": 6.3566666666666665, "params": {"cue_position": 10.0, "gamma_fc": 0.5495479215085626, "beta_enc": 0.39000771414124624, "beta_rec": 0.48599066709690975}, "datetime": {"elapsed": 4844.644991, "datetime": "2021-08-17 11:42:49", "delta": 98.202653}}
{"target": 0.7122222222222222, "params": {"cue_position": 10.0, "gamma_fc": 0.9632625284407118, "beta_enc": 0.9261814267064536, "beta_rec": 0.9187334356336061}, "datetime": {"elapsed": 4941.543695, "datetime": "2021-08-17 11:44:26", "delta": 96.898704}}
{"target": 8.423333333333334, "params": {"cue_position": 10.0, "gamma_fc": 0.5056621656768967, "beta_enc": 0.17395566668046436, "beta_rec": 0.12632951943963733}, "datetime": {"elapsed": 5040.155289, "datetime": "2021-08-17 11:46:04", "delta": 98.611594}}
{"target": 0.0, "params": {"cue_position": 10.0, "gamma_fc": 0.015018980742122379, "beta_enc": 0.021524805274197978, "beta_rec": 0.947970211217681}, "datetime": {"elapsed": 5136.794165, "datetime": "2021-08-17 11:47:41", "delta": 96.638876}}
{"target": 8.334444444444445, "params": {"cue_position": 10.0, "gamma_fc": 0.8094906921265821, "beta_enc": 0.17619625557505525, "beta_rec": 0.332063574366837}, "datetime": {"elapsed": 5235.471924, "datetime": "2021-08-17 11:49:20", "delta": 98.677759}}
{"target": 6.171111111111111, "params": {"cue_position": 10.0, "gamma_fc": 0.8788319844118441, "beta_enc": 0.34473665268329345, "beta_rec": 0.9401074823333672}, "datetime": {"elapsed": 5333.514316, "datetime": "2021-08-17 11:50:58", "delta": 98.042392}}
{"target": 1.3522222222222222, "params": {"cue_position": 10.0, "gamma_fc": 0.5463468160203733, "beta_enc": 0.8447344453922219, "beta_rec": 0.9053923187086492}, "datetime": {"elapsed": 5430.787896, "datetime": "2021-08-17 11:52:35", "delta": 97.27358}}
{"target": 1.6677777777777778, "params": {"cue_position": 10.0, "gamma_fc": 0.5991103076458784, "beta_enc": 0.7986035911520394, "beta_rec": 0.28571885173414757}, "datetime": {"elapsed": 5527.388195, "datetime": "2021-08-17 11:54:12", "delta": 96.600299}}
{"target": 7.706666666666667, "params": {"cue_position": 10.0, "gamma_fc": 0.8073605288848414, "beta_enc": 0.015533275550835723, "beta_rec": 0.5934814081966372}, "datetime": {"elapsed": 5625.55073, "datetime": "2021-08-17 11:55:50", "delta": 98.162535}}
{"target": 3.1766666666666667, "params": {"cue_position": 10.0, "gamma_fc": 0.18401020162746506, "beta_enc": 0.31524480309537295, "beta_rec": 0.8928887085251513}, "datetime": {"elapsed": 5722.517387, "datetime": "2021-08-17 11:57:27", "delta": 96.966657}}
{"target": 1.7422222222222221, "params": {"cue_position": 10.0, "gamma_fc": 0.4201936800011322, "beta_enc": 0.7879292338255043, "beta_rec": 0.6120311770449339}, "datetime": {"elapsed": 5819.424552, "datetime": "2021-08-17 11:59:04", "delta": 96.907165}}
{"target": 3.201111111111111, "params": {"cue_position": 10.0, "gamma_fc": 0.9767591490310596, "beta_enc": 0.6790688365654296, "beta_rec": 0.9186017779775258}, "datetime": {"elapsed": 5916.618056, "datetime": "2021-08-17 12:00:41", "delta": 97.193504}}
{"target": 5.666666666666667, "params": {"cue_position": 10.0, "gamma_fc": 0.828845807980693, "beta_enc": 0.37658031474577447, "beta_rec": 0.9737835383583225}, "datetime": {"elapsed": 6014.486342, "datetime": "2021-08-17 12:02:19", "delta": 97.868286}}
{"target": 4.072222222222222, "params": {"cue_position": 10.0, "gamma_fc": 0.586833340656083, "beta_enc": 0.5747115047081023, "beta_rec": 0.6280761983073504}, "datetime": {"elapsed": 6111.646574, "datetime": "2021-08-17 12:03:56", "delta": 97.160232}}
{"target": 2.236666666666667, "params": {"cue_position": 10.0, "gamma_fc": 0.698057248447303, "beta_enc": 0.7500217637026599, "beta_rec": 0.8583138364290424}, "datetime": {"elapsed": 6208.847749, "datetime": "2021-08-17 12:05:33", "delta": 97.201175}}
{"target": 1.1844444444444444, "params": {"cue_position": 10.0, "gamma_fc": 0.45087393641334916, "beta_enc": 0.8644794300545998, "beta_rec": 0.32268099683674645}, "datetime": {"elapsed": 6305.461107, "datetime": "2021-08-17 12:07:10", "delta": 96.613358}}
{"target": 5.83, "params": {"cue_position": 10.0, "gamma_fc": 0.3173839459582769, "beta_enc": 0.3821027520315172, "beta_rec": 0.4108113499221856}, "datetime": {"elapsed": 6403.139291, "datetime": "2021-08-17 12:08:47", "delta": 97.678184}}
{"target": 3.598888888888889, "params": {"cue_position": 10.0, "gamma_fc": 0.6778008914343111, "beta_enc": 0.6219193679203014, "beta_rec": 0.43024727082126435}, "datetime": {"elapsed": 6500.116195, "datetime": "2021-08-17 12:10:24", "delta": 96.976904}}
{"target": 8.184444444444445, "params": {"cue_position": 10.0, "gamma_fc": 0.7976388039585666, "beta_enc": 0.19856988842711087, "beta_rec": 0.4267010093480328}, "datetime": {"elapsed": 6598.453133, "datetime": "2021-08-17 12:12:03", "delta": 98.336938}}
{"target": 1.008888888888889, "params": {"cue_position": 10.0, "gamma_fc": 0.2702082620297578, "beta_enc": 0.8799982885634318, "beta_rec": 0.903841955826372}, "datetime": {"elapsed": 6695.524508, "datetime": "2021-08-17 12:13:40", "delta": 97.071375}}
{"target": 6.802222222222222, "params": {"cue_position": 10.0, "gamma_fc": 0.8021610840045981, "beta_enc": 0.25236670150458973, "beta_rec": 0.8548979426974024}, "datetime": {"elapsed": 6793.686707, "datetime": "2021-08-17 12:15:18", "delta": 98.162199}}
{"target": 4.385555555555555, "params": {"cue_position": 10.0, "gamma_fc": 0.770883910501888, "beta_enc": 0.5724885171916063, "beta_rec": 0.7331425252875111}, "datetime": {"elapsed": 6891.192188, "datetime": "2021-08-17 12:16:56", "delta": 97.505481}}
{"target": 2.763333333333333, "params": {"cue_position": 10.0, "gamma_fc": 0.06820934841670412, "beta_enc": 0.5688579907047155, "beta_rec": 0.4657098785919809}, "datetime": {"elapsed": 6988.5493, "datetime": "2021-08-17 12:18:33", "delta": 97.357112}}
{"target": 6.1755555555555555, "params": {"cue_position": 10.0, "gamma_fc": 0.18161285133076377, "beta_enc": 0.37792417932809985, "beta_rec": 0.07962607769825236}, "datetime": {"elapsed": 7086.685331, "datetime": "2021-08-17 12:20:11", "delta": 98.136031}}
{"target": 1.5766666666666667, "params": {"cue_position": 10.0, "gamma_fc": 0.5694944127453757, "beta_enc": 0.8118586977205398, "beta_rec": 0.8749616449558981}, "datetime": {"elapsed": 7184.142034, "datetime": "2021-08-17 12:21:48", "delta": 97.456703}}
{"target": 7.092222222222222, "params": {"cue_position": 10.0, "gamma_fc": 0.2250399578140846, "beta_enc": 0.16097143681560877, "beta_rec": 0.4668800227633063}, "datetime": {"elapsed": 7282.621474, "datetime": "2021-08-17 12:23:27", "delta": 98.47944}}
{"target": 4.047777777777778, "params": {"cue_position": 10.0, "gamma_fc": 0.9096355249515571, "beta_enc": 0.5925118687657968, "beta_rec": 0.31226983770191696}, "datetime": {"elapsed": 7380.136702, "datetime": "2021-08-17 12:25:04", "delta": 97.515228}}
{"target": 7.9511111111111115, "params": {"cue_position": 10.0, "gamma_fc": 0.49958417067888605, "beta_enc": 0.2571182937821962, "beta_rec": 0.1108913007440292}, "datetime": {"elapsed": 7478.866312, "datetime": "2021-08-17 12:26:43", "delta": 98.72961}}
{"target": 2.307777777777778, "params": {"cue_position": 10.0, "gamma_fc": 0.851671874936367, "beta_enc": 0.7285856679745962, "beta_rec": 0.20819443840879148}, "datetime": {"elapsed": 7575.774332, "datetime": "2021-08-17 12:28:20", "delta": 96.90802}}
{"target": 3.74, "params": {"cue_position": 10.0, "gamma_fc": 0.10196725942579743, "beta_enc": 0.41584871826752734, "beta_rec": 0.6166850671552362}, "datetime": {"elapsed": 7673.06868, "datetime": "2021-08-17 12:29:57", "delta": 97.294348}}
{"target": 4.966666666666667, "params": {"cue_position": 10.0, "gamma_fc": 0.6218062317404155, "beta_enc": 0.5158570169685298, "beta_rec": 0.47714098704978236}, "datetime": {"elapsed": 7770.876254, "datetime": "2021-08-17 12:31:35", "delta": 97.807574}}
{"target": 4.752222222222223, "params": {"cue_position": 10.0, "gamma_fc": 0.7515278171352439, "beta_enc": 0.5440101188139381, "beta_rec": 0.6541373469707443}, "datetime": {"elapsed": 7868.471063, "datetime": "2021-08-17 12:33:13", "delta": 97.594809}}
{"target": 4.7877777777777775, "params": {"cue_position": 10.0, "gamma_fc": 0.02233042799180618, "beta_enc": 0.2220491397999227, "beta_rec": 0.519351824366033}, "datetime": {"elapsed": 7965.965443, "datetime": "2021-08-17 12:34:50", "delta": 97.49438}}
{"target": 5.738888888888889, "params": {"cue_position": 10.0, "gamma_fc": 0.5384405925945437, "beta_enc": 0.3243624597261865, "beta_rec": 0.872922376400111}, "datetime": {"elapsed": 8063.79527, "datetime": "2021-08-17 12:36:28", "delta": 97.829827}}
{"target": 1.17, "params": {"cue_position": 10.0, "gamma_fc": 0.8541154438365387, "beta_enc": 0.866608274166513, "beta_rec": 0.9498059913536265}, "datetime": {"elapsed": 8160.694147, "datetime": "2021-08-17 12:38:05", "delta": 96.898877}}
{"target": 7.404444444444445, "params": {"cue_position": 10.0, "gamma_fc": 0.6102408126466297, "beta_enc": 0.09874340182034835, "beta_rec": 0.651304332340991}, "datetime": {"elapsed": 8258.964915, "datetime": "2021-08-17 12:39:43", "delta": 98.270768}}
