{"target": 9.125, "params": {"cue_position": 10.0, "beta_rec": 0.81656396334703, "beta_enc": 0.4156511250456074, "gamma_fc": 0.2557993924294636, "gamma_cf": 0.6983377092912734}, "datetime": {"delta": 66.253713, "elapsed": 15466.007267, "datetime": "2020-06-14 14:00:50"}}
{"target": 11.0, "params": {"cue_position": 10.0, "beta_rec": 0.021228183179002436, "beta_enc": 0.5005533336230403, "gamma_fc": 0.011609920325592715, "gamma_cf": 0.8337903963200597}, "datetime": {"delta": 68.279069, "elapsed": 15534.286336, "datetime": "2020-06-14 14:01:58"}}
{"target": 7.875, "params": {"cue_position": 10.0, "beta_rec": 0.14226956050456363, "beta_enc": 0.20377261777008826, "gamma_fc": 0.10157356851600496, "gamma_cf": 0.02551129062009816}, "datetime": {"delta": 62.911068, "elapsed": 15597.197404, "datetime": "2020-06-14 14:03:01"}}
{"target": 9.75, "params": {"cue_position": 10.0, "beta_rec": 0.6732108411127318, "beta_enc": 0.41968104828769837, "gamma_fc": 0.04283354339199619, "gamma_cf": 0.875576561669844}, "datetime": {"delta": 61.250311, "elapsed": 15658.447715, "datetime": "2020-06-14 14:04:02"}}
{"target": 9.875, "params": {"cue_position": 10.0, "beta_rec": 0.9504054863123654, "beta_enc": 0.2505530349143128, "gamma_fc": 0.04430134390913898, "gamma_cf": 0.9806529180806326}, "datetime": {"delta": 61.544972, "elapsed": 15719.992687, "datetime": "2020-06-14 14:05:04"}}
{"target": 8.125, "params": {"cue_position": 10.0, "beta_rec": 0.7919355250266689, "beta_enc": 0.26679511368362807, "gamma_fc": 0.13200023166103447, "gamma_cf": 0.6244761451977027}, "datetime": {"delta": 59.913918, "elapsed": 15779.906605, "datetime": "2020-06-14 14:06:04"}}
{"target": 9.625, "params": {"cue_position": 10.0, "beta_rec": 0.6286918171335413, "beta_enc": 0.4870220960545245, "gamma_fc": 0.30450789581143123, "gamma_cf": 0.9062910837716687}, "datetime": {"delta": 61.412811, "elapsed": 15841.319416, "datetime": "2020-06-14 14:07:05"}}
{"target": 10.75, "params": {"cue_position": 10.0, "beta_rec": 0.3997508607067325, "beta_enc": 0.4097203239010365, "gamma_fc": 0.052869173913477896, "gamma_cf": 0.9559080046601763}, "datetime": {"delta": 63.865375, "elapsed": 15905.184791, "datetime": "2020-06-14 14:08:09"}}
{"target": 10.125, "params": {"cue_position": 10.0, "beta_rec": 0.7790822130085884, "beta_enc": 0.44438440908785193, "gamma_fc": 0.1301195443355938, "gamma_cf": 0.6559751896415286}, "datetime": {"delta": 64.317194, "elapsed": 15969.501985, "datetime": "2020-06-14 14:09:13"}}
{"target": 10.875, "params": {"cue_position": 10.0, "beta_rec": 0.39652009945311406, "beta_enc": 0.41958978332210195, "gamma_fc": 0.05304207299214947, "gamma_cf": 0.9635624268079545}, "datetime": {"delta": 65.437069, "elapsed": 16034.939054, "datetime": "2020-06-14 14:10:19"}}
{"target": 10.125, "params": {"cue_position": 10.0, "beta_rec": 0.4271267693385138, "beta_enc": 0.4204739084830932, "gamma_fc": 0.0941900927132262, "gamma_cf": 0.9515984345890046}, "datetime": {"delta": 62.814826, "elapsed": 16097.75388, "datetime": "2020-06-14 14:11:22"}}
{"target": 10.75, "params": {"cue_position": 10.0, "beta_rec": 0.6732217308282126, "beta_enc": 0.423754497672022, "gamma_fc": 0.03579312871669993, "gamma_cf": 0.8603060533150748}, "datetime": {"delta": 60.978465, "elapsed": 16158.732345, "datetime": "2020-06-14 14:12:22"}}
{"target": 8.125, "params": {"cue_position": 10.0, "beta_rec": 0.8700520736555475, "beta_enc": 0.8880878994384763, "gamma_fc": 0.78615150208847, "gamma_cf": 0.03513098653383473}, "datetime": {"delta": 63.907886, "elapsed": 16222.640231, "datetime": "2020-06-14 14:13:26"}}
{"target": 10.625, "params": {"cue_position": 10.0, "beta_rec": 0.9253249021773373, "beta_enc": 0.2567702101041326, "gamma_fc": 0.03486255763199675, "gamma_cf": 0.9992663916563229}, "datetime": {"delta": 61.977838, "elapsed": 16284.618069, "datetime": "2020-06-14 14:14:28"}}
{"target": 9.5, "params": {"cue_position": 10.0, "beta_rec": 0.4039218124221039, "beta_enc": 0.42099823857251994, "gamma_fc": 0.07572928779849164, "gamma_cf": 0.9363810419010092}, "datetime": {"delta": 63.076659, "elapsed": 16347.694728, "datetime": "2020-06-14 14:15:31"}}
{"target": 8.75, "params": {"cue_position": 10.0, "beta_rec": 0.6712772145209855, "beta_enc": 0.1960618390971567, "gamma_fc": 0.1187501217545811, "gamma_cf": 0.9795850173932713}, "datetime": {"delta": 48.360438, "elapsed": 16396.055166, "datetime": "2020-06-14 14:16:20"}}
{"target": 10.75, "params": {"cue_position": 10.0, "beta_rec": 0.8837202114858872, "beta_enc": 0.5400521865336828, "gamma_fc": 0.2588956585602934, "gamma_cf": 0.8846335244471124}, "datetime": {"delta": 48.991665, "elapsed": 16445.046831, "datetime": "2020-06-14 14:17:09"}}
{"target": 8.75, "params": {"cue_position": 10.0, "beta_rec": 0.6689057220636063, "beta_enc": 0.41917884848528386, "gamma_fc": 0.036233251770782626, "gamma_cf": 0.8677528809817417}, "datetime": {"delta": 53.975423, "elapsed": 16499.022254, "datetime": "2020-06-14 14:18:03"}}
{"target": 8.125, "params": {"cue_position": 10.0, "beta_rec": 0.6876134899151877, "beta_enc": 0.7898919886056693, "gamma_fc": 0.6423831818923805, "gamma_cf": 0.4092639853532831}, "datetime": {"delta": 56.862653, "elapsed": 16555.884907, "datetime": "2020-06-14 14:19:00"}}
{"target": 10.5, "params": {"cue_position": 10.0, "beta_rec": 0.4019836390603837, "beta_enc": 0.4299662785952887, "gamma_fc": 0.060753321530215065, "gamma_cf": 0.9310710374919465}, "datetime": {"delta": 59.869194, "elapsed": 16615.754101, "datetime": "2020-06-14 14:20:00"}}
{"target": 8.625, "params": {"cue_position": 10.0, "beta_rec": 0.9176704166122674, "beta_enc": 0.2882863890105126, "gamma_fc": 0.1603677317549811, "gamma_cf": 0.9179595182225403}, "datetime": {"delta": 57.133867, "elapsed": 16672.887968, "datetime": "2020-06-14 14:20:57"}}
{"target": 10.375, "params": {"cue_position": 10.0, "beta_rec": 0.8606700976259802, "beta_enc": 0.918592732677124, "gamma_fc": 0.801683656916682, "gamma_cf": 0.03024136658405363}, "datetime": {"delta": 58.917075, "elapsed": 16731.805043, "datetime": "2020-06-14 14:21:56"}}
{"target": 9.75, "params": {"cue_position": 10.0, "beta_rec": 0.6236840648637674, "beta_enc": 0.22787908160838166, "gamma_fc": 0.8989619709780033, "gamma_cf": 0.025469244802863722}, "datetime": {"delta": 56.748489, "elapsed": 16788.553532, "datetime": "2020-06-14 14:22:52"}}
{"target": 9.125, "params": {"cue_position": 10.0, "beta_rec": 0.9574602740394631, "beta_enc": 0.8494238589149793, "gamma_fc": 0.09775730495442281, "gamma_cf": 0.8500020409271984}, "datetime": {"delta": 58.525815, "elapsed": 16847.079347, "datetime": "2020-06-14 14:23:51"}}
{"target": 9.875, "params": {"cue_position": 10.0, "beta_rec": 0.6237612579092474, "beta_enc": 0.4815093689588279, "gamma_fc": 0.29679999257301737, "gamma_cf": 0.9146698078729384}, "datetime": {"delta": 58.589567, "elapsed": 16905.668914, "datetime": "2020-06-14 14:24:49"}}
{"target": 10.625, "params": {"cue_position": 10.0, "beta_rec": 0.6884636739022019, "beta_enc": 0.4242517172425141, "gamma_fc": 0.05863668322041915, "gamma_cf": 0.859587507005569}, "datetime": {"delta": 59.37289, "elapsed": 16965.041804, "datetime": "2020-06-14 14:25:49"}}
{"target": 10.0, "params": {"cue_position": 10.0, "beta_rec": 0.9017985824590696, "beta_enc": 0.3962186168412529, "gamma_fc": 0.12501001780752075, "gamma_cf": 0.7457231309404294}, "datetime": {"delta": 56.46726, "elapsed": 17021.509064, "datetime": "2020-06-14 14:26:45"}}
{"target": 10.125, "params": {"cue_position": 10.0, "beta_rec": 0.8771622662964825, "beta_enc": 0.5422103952237495, "gamma_fc": 0.26394155364139826, "gamma_cf": 0.8744435077175245}, "datetime": {"delta": 57.610845, "elapsed": 17079.119909, "datetime": "2020-06-14 14:27:43"}}
{"target": 7.875, "params": {"cue_position": 10.0, "beta_rec": 0.8009878736114059, "beta_enc": 0.26345976918170855, "gamma_fc": 0.1234538479650874, "gamma_cf": 0.6272902181983355}, "datetime": {"delta": 62.986669, "elapsed": 17142.106578, "datetime": "2020-06-14 14:28:46"}}
{"target": 9.75, "params": {"cue_position": 10.0, "beta_rec": 0.9275144279531314, "beta_enc": 0.26059830481401325, "gamma_fc": 0.014137439818226127, "gamma_cf": 0.9748959627600843}, "datetime": {"delta": 65.061913, "elapsed": 17207.168491, "datetime": "2020-06-14 14:29:51"}}
{"target": 11.625, "params": {"cue_position": 10.0, "beta_rec": 0.6705534066654556, "beta_enc": 0.42993470196781236, "gamma_fc": 0.02522854021116694, "gamma_cf": 0.8790045401228962}, "datetime": {"delta": 61.30086, "elapsed": 17268.469351, "datetime": "2020-06-14 14:30:52"}}
{"target": 9.125, "params": {"cue_position": 10.0, "beta_rec": 0.5892744118687979, "beta_enc": 0.7495068890466905, "gamma_fc": 0.984944309421662, "gamma_cf": 0.05780236413925266}, "datetime": {"delta": 63.436786, "elapsed": 17331.906137, "datetime": "2020-06-14 14:31:56"}}
{"target": 9.5, "params": {"cue_position": 10.0, "beta_rec": 0.6846333988120534, "beta_enc": 0.19280241970607515, "gamma_fc": 0.1271051313123832, "gamma_cf": 0.9736616532943252}, "datetime": {"delta": 57.635195, "elapsed": 17389.541332, "datetime": "2020-06-14 14:32:53"}}
{"target": 10.25, "params": {"cue_position": 10.0, "beta_rec": 0.6878138783334652, "beta_enc": 0.42393351829468473, "gamma_fc": 0.038688015459029446, "gamma_cf": 0.8719124169594216}, "datetime": {"delta": 64.597997, "elapsed": 17454.139329, "datetime": "2020-06-14 14:33:58"}}
{"target": 9.125, "params": {"cue_position": 10.0, "beta_rec": 0.8097593400943744, "beta_enc": 0.42062005732799124, "gamma_fc": 0.24585141885489248, "gamma_cf": 0.695669311717995}, "datetime": {"delta": 60.104907, "elapsed": 17514.244236, "datetime": "2020-06-14 14:34:58"}}
{"target": 10.75, "params": {"cue_position": 10.0, "beta_rec": 0.4142522771860302, "beta_enc": 0.4365922674611924, "gamma_fc": 0.061543456922573354, "gamma_cf": 0.9496546375233671}, "datetime": {"delta": 59.516922, "elapsed": 17573.761158, "datetime": "2020-06-14 14:35:58"}}
{"target": 9.25, "params": {"cue_position": 10.0, "beta_rec": 0.6711928472257648, "beta_enc": 0.42295034196104253, "gamma_fc": 0.01774926942384647, "gamma_cf": 0.8733923653206486}, "datetime": {"delta": 63.299335, "elapsed": 17637.060493, "datetime": "2020-06-14 14:37:01"}}
{"target": 11.25, "params": {"cue_position": 10.0, "beta_rec": 0.661119626038937, "beta_enc": 0.1908900419357017, "gamma_fc": 0.12208578777426526, "gamma_cf": 0.9906281821692307}, "datetime": {"delta": 62.381463, "elapsed": 17699.441956, "datetime": "2020-06-14 14:38:03"}}
{"target": 9.125, "params": {"cue_position": 10.0, "beta_rec": 0.0381040619642824, "beta_enc": 0.4862787558731966, "gamma_fc": 0.04116883468660493, "gamma_cf": 0.9095469161567915}, "datetime": {"delta": 57.212284, "elapsed": 17756.65424, "datetime": "2020-06-14 14:39:00"}}
{"target": 9.75, "params": {"cue_position": 10.0, "beta_rec": 0.6786343305504331, "beta_enc": 0.1823770507654826, "gamma_fc": 0.11239422249554176, "gamma_cf": 0.9823308068812395}, "datetime": {"delta": 64.663158, "elapsed": 17821.317398, "datetime": "2020-06-14 14:40:05"}}
{"target": 8.625, "params": {"cue_position": 10.0, "beta_rec": 0.9079776709832375, "beta_enc": 0.3034875541784453, "gamma_fc": 0.1417903555619101, "gamma_cf": 0.9401783482634803}, "datetime": {"delta": 62.4844, "elapsed": 17883.801798, "datetime": "2020-06-14 14:41:08"}}
{"target": 10.0, "params": {"cue_position": 10.0, "beta_rec": 0.6425878592714744, "beta_enc": 0.8646633365409392, "gamma_fc": 0.7453669643466946, "gamma_cf": 0.2036739100616366}, "datetime": {"delta": 63.969172, "elapsed": 17947.77097, "datetime": "2020-06-14 14:42:12"}}
{"target": 10.25, "params": {"cue_position": 10.0, "beta_rec": 0.692576918297949, "beta_enc": 0.42078596473651364, "gamma_fc": 0.04742415462859595, "gamma_cf": 0.8609479974579123}, "datetime": {"delta": 61.185328, "elapsed": 18008.956298, "datetime": "2020-06-14 14:43:13"}}
{"target": 9.375, "params": {"cue_position": 10.0, "beta_rec": 0.8921874875615089, "beta_enc": 0.5312458411506816, "gamma_fc": 0.2534597490056806, "gamma_cf": 0.8857797873467756}, "datetime": {"delta": 57.749572, "elapsed": 18066.70587, "datetime": "2020-06-14 14:44:10"}}
{"target": 6.5, "params": {"cue_position": 10.0, "beta_rec": 0.38418148648211314, "beta_enc": 0.8378195780037463, "gamma_fc": 0.5481005670505433, "gamma_cf": 0.5084520944269479}, "datetime": {"delta": 60.823003, "elapsed": 18127.528873, "datetime": "2020-06-14 14:45:11"}}
{"target": 8.875, "params": {"cue_position": 10.0, "beta_rec": 0.7969178659930487, "beta_enc": 0.27497302233289234, "gamma_fc": 0.1227658434609078, "gamma_cf": 0.6279789128325834}, "datetime": {"delta": 59.954618, "elapsed": 18187.483491, "datetime": "2020-06-14 14:46:11"}}
{"target": 11.125, "params": {"cue_position": 10.0, "beta_rec": 0.6913068856333084, "beta_enc": 0.4154705916589515, "gamma_fc": 0.06007033644178916, "gamma_cf": 0.8690824772204494}, "datetime": {"delta": 63.188809, "elapsed": 18250.6723, "datetime": "2020-06-14 14:47:14"}}
{"target": 9.0, "params": {"cue_position": 10.0, "beta_rec": 0.6641242261948992, "beta_enc": 0.18480275911790123, "gamma_fc": 0.12981411995469017, "gamma_cf": 0.9779479138995166}, "datetime": {"delta": 61.340289, "elapsed": 18312.012589, "datetime": "2020-06-14 14:48:16"}}
{"target": 8.625, "params": {"cue_position": 10.0, "beta_rec": 0.6688161743841979, "beta_enc": 0.19679623957498416, "gamma_fc": 0.13587472808016388, "gamma_cf": 0.9753432036406203}, "datetime": {"delta": 57.555414, "elapsed": 18369.568003, "datetime": "2020-06-14 14:49:13"}}
{"target": 11.5, "params": {"cue_position": 10.0, "beta_rec": 0.4175126152153221, "beta_enc": 0.44693728772851027, "gamma_fc": 0.07080306585629448, "gamma_cf": 0.9504110874344501}, "datetime": {"delta": 62.063928, "elapsed": 18431.631931, "datetime": "2020-06-14 14:50:15"}}
{"target": 10.25, "params": {"cue_position": 10.0, "beta_rec": 0.7980229749604668, "beta_enc": 0.2768598881910983, "gamma_fc": 0.1343993480870489, "gamma_cf": 0.6292595420858629}, "datetime": {"delta": 58.766819, "elapsed": 18490.39875, "datetime": "2020-06-14 14:51:14"}}
{"target": 9.625, "params": {"cue_position": 10.0, "beta_rec": 0.5120151429615704, "beta_enc": 0.31314139564861077, "gamma_fc": 0.13234987593840664, "gamma_cf": 0.7739418711927465}, "datetime": {"delta": 60.935936, "elapsed": 18551.334686, "datetime": "2020-06-14 14:52:15"}}
{"target": 9.375, "params": {"cue_position": 10.0, "beta_rec": 0.6909739053387713, "beta_enc": 0.4325580415915423, "gamma_fc": 0.005094411299298551, "gamma_cf": 0.8748024587768798}, "datetime": {"delta": 57.618081, "elapsed": 18608.952767, "datetime": "2020-06-14 14:53:13"}}
{"target": 8.875, "params": {"cue_position": 10.0, "beta_rec": 0.38385823714437584, "beta_enc": 0.420336053685328, "gamma_fc": 0.06111875262644206, "gamma_cf": 0.9654481569057878}, "datetime": {"delta": 64.071069, "elapsed": 18673.023836, "datetime": "2020-06-14 14:54:17"}}
{"target": 9.125, "params": {"cue_position": 10.0, "beta_rec": 0.2720499822164264, "beta_enc": 0.20819826018011245, "gamma_fc": 0.13544579017346914, "gamma_cf": 0.8792838474296075}, "datetime": {"delta": 56.755658, "elapsed": 18729.779494, "datetime": "2020-06-14 14:55:14"}}
{"target": 11.375, "params": {"cue_position": 10.0, "beta_rec": 0.6787484456551666, "beta_enc": 0.42539628315049205, "gamma_fc": 0.035621119955561276, "gamma_cf": 0.8534986331987294}, "datetime": {"delta": 59.714748, "elapsed": 18789.494242, "datetime": "2020-06-14 14:56:13"}}
{"target": 9.5, "params": {"cue_position": 10.0, "beta_rec": 0.42551981876595313, "beta_enc": 0.41260908113409567, "gamma_fc": 0.09815779409537784, "gamma_cf": 0.9515174584002367}, "datetime": {"delta": 63.670665, "elapsed": 18853.164907, "datetime": "2020-06-14 14:57:17"}}
{"target": 9.125, "params": {"cue_position": 10.0, "beta_rec": 0.8099942747593375, "beta_enc": 0.414166566907746, "gamma_fc": 0.2542202384479124, "gamma_cf": 0.7165199829152464}, "datetime": {"delta": 58.598998, "elapsed": 18911.763905, "datetime": "2020-06-14 14:58:16"}}
{"target": 9.625, "params": {"cue_position": 10.0, "beta_rec": 0.6893943459292058, "beta_enc": 0.403583272202756, "gamma_fc": 0.011729468269793042, "gamma_cf": 0.8776162731519733}, "datetime": {"delta": 56.775332, "elapsed": 18968.539237, "datetime": "2020-06-14 14:59:12"}}
{"target": 10.875, "params": {"cue_position": 10.0, "beta_rec": 0.9219784675179813, "beta_enc": 0.2676871538838962, "gamma_fc": 0.029081541005242295, "gamma_cf": 0.9929376363655478}, "datetime": {"delta": 62.892384, "elapsed": 19031.431621, "datetime": "2020-06-14 15:00:15"}}
{"target": 9.875, "params": {"cue_position": 10.0, "beta_rec": 0.6431033635278242, "beta_enc": 0.87591038418873, "gamma_fc": 0.7516962597316643, "gamma_cf": 0.20743380323444605}, "datetime": {"delta": 56.745742, "elapsed": 19088.177363, "datetime": "2020-06-14 15:01:12"}}
{"target": 9.5, "params": {"cue_position": 10.0, "beta_rec": 0.4059967189590178, "beta_enc": 0.44404120243798884, "gamma_fc": 0.06150250645816091, "gamma_cf": 0.9585739955924816}, "datetime": {"delta": 63.722102, "elapsed": 19151.899465, "datetime": "2020-06-14 15:02:16"}}
{"target": 8.875, "params": {"cue_position": 10.0, "beta_rec": 0.9023572818323258, "beta_enc": 0.2901159714944792, "gamma_fc": 0.16222818207866752, "gamma_cf": 0.9389987862310738}, "datetime": {"delta": 55.974938, "elapsed": 19207.874403, "datetime": "2020-06-14 15:03:12"}}
{"target": 8.0, "params": {"cue_position": 10.0, "beta_rec": 0.8169180116543302, "beta_enc": 0.3921548928787928, "gamma_fc": 0.23471896582954066, "gamma_cf": 0.6968658034113268}, "datetime": {"delta": 53.490612, "elapsed": 19261.365015, "datetime": "2020-06-14 15:04:05"}}
{"target": 11.0, "params": {"cue_position": 10.0, "beta_rec": 0.8661599162439797, "beta_enc": 0.897326911892258, "gamma_fc": 0.8067213699116464, "gamma_cf": 0.026475983657457736}, "datetime": {"delta": 54.257949, "elapsed": 19315.622964, "datetime": "2020-06-14 15:04:59"}}
{"target": 8.875, "params": {"cue_position": 10.0, "beta_rec": 0.6695956926190034, "beta_enc": 0.42086071735238384, "gamma_fc": 0.025745391954451136, "gamma_cf": 0.8697702623616284}, "datetime": {"delta": 58.056416, "elapsed": 19373.67938, "datetime": "2020-06-14 15:05:57"}}
{"target": 10.125, "params": {"cue_position": 10.0, "beta_rec": 0.4323613841509496, "beta_enc": 0.4155647536543381, "gamma_fc": 0.07243558350825852, "gamma_cf": 0.9495289980865673}, "datetime": {"delta": 54.137878, "elapsed": 19427.817258, "datetime": "2020-06-14 15:06:52"}}
{"target": 8.625, "params": {"cue_position": 10.0, "beta_rec": 0.643104481755987, "beta_enc": 0.8654650136038109, "gamma_fc": 0.7456470195554594, "gamma_cf": 0.21315980607843943}, "datetime": {"delta": 59.17017, "elapsed": 19486.987428, "datetime": "2020-06-14 15:07:51"}}
{"target": 10.0, "params": {"cue_position": 10.0, "beta_rec": 0.3098046846830066, "beta_enc": 0.2234343171787998, "gamma_fc": 0.27887003974918045, "gamma_cf": 0.5319753037597691}, "datetime": {"delta": 58.943612, "elapsed": 19545.93104, "datetime": "2020-06-14 15:08:50"}}
{"target": 8.25, "params": {"cue_position": 10.0, "beta_rec": 0.6358326870821879, "beta_enc": 0.7665447133176966, "gamma_fc": 0.446256526477563, "gamma_cf": 0.6611009140946759}, "datetime": {"delta": 60.184147, "elapsed": 19606.115187, "datetime": "2020-06-14 15:09:50"}}
{"target": 9.875, "params": {"cue_position": 10.0, "beta_rec": 0.6731639698704027, "beta_enc": 0.19397662222070555, "gamma_fc": 0.11450220324506277, "gamma_cf": 0.9852602337894975}, "datetime": {"delta": 62.239274, "elapsed": 19668.354461, "datetime": "2020-06-14 15:10:52"}}
{"target": 10.5, "params": {"cue_position": 10.0, "beta_rec": 0.030126148125715013, "beta_enc": 0.5045975991057968, "gamma_fc": 0.002887914016460602, "gamma_cf": 0.8354610306283745}, "datetime": {"delta": 61.792278, "elapsed": 19730.146739, "datetime": "2020-06-14 15:11:54"}}
{"target": 11.625, "params": {"cue_position": 10.0, "beta_rec": 0.6730051199106836, "beta_enc": 0.4083052020714918, "gamma_fc": 0.013428596746383303, "gamma_cf": 0.8728672327963376}, "datetime": {"delta": 57.589961, "elapsed": 19787.7367, "datetime": "2020-06-14 15:12:52"}}
{"target": 8.125, "params": {"cue_position": 10.0, "beta_rec": 0.11166073554040301, "beta_enc": 0.039795607481001305, "gamma_fc": 0.6311291213888732, "gamma_cf": 0.025214893738528033}, "datetime": {"delta": 62.210639, "elapsed": 19849.947339, "datetime": "2020-06-14 15:13:54"}}
{"target": 9.625, "params": {"cue_position": 10.0, "beta_rec": 0.6692329021820181, "beta_enc": 0.18224995005821387, "gamma_fc": 0.09740704465847383, "gamma_cf": 0.9845510300610618}, "datetime": {"delta": 60.168241, "elapsed": 19910.11558, "datetime": "2020-06-14 15:14:54"}}
{"target": 9.375, "params": {"cue_position": 10.0, "beta_rec": 0.9045537105893264, "beta_enc": 0.3113498215068561, "gamma_fc": 0.16142525382275308, "gamma_cf": 0.9266681682978217}, "datetime": {"delta": 66.710663, "elapsed": 19976.826243, "datetime": "2020-06-14 15:16:01"}}
{"target": 10.25, "params": {"cue_position": 10.0, "beta_rec": 0.680170033342636, "beta_enc": 0.42695896097365293, "gamma_fc": 0.05155936857562704, "gamma_cf": 0.8577563967764156}, "datetime": {"delta": 66.830069, "elapsed": 20043.656312, "datetime": "2020-06-14 15:17:07"}}
{"target": 10.0, "params": {"cue_position": 10.0, "beta_rec": 0.8813514813176627, "beta_enc": 0.5450239308509478, "gamma_fc": 0.2624167604132034, "gamma_cf": 0.8836396534757537}, "datetime": {"delta": 63.953123, "elapsed": 20107.609435, "datetime": "2020-06-14 15:18:11"}}
{"target": 10.0, "params": {"cue_position": 10.0, "beta_rec": 0.015489121055801802, "beta_enc": 0.5071126683743348, "gamma_fc": 0.005476794223023385, "gamma_cf": 0.8363417786940595}, "datetime": {"delta": 65.000298, "elapsed": 20172.609733, "datetime": "2020-06-14 15:19:16"}}
{"target": 11.125, "params": {"cue_position": 10.0, "beta_rec": 0.9457718956461892, "beta_enc": 0.25799054860426407, "gamma_fc": 0.03451531490983928, "gamma_cf": 0.9852419554976778}, "datetime": {"delta": 61.706286, "elapsed": 20234.316019, "datetime": "2020-06-14 15:20:18"}}
