{"target": 7.738666666666667, "params": {"beta_rec": 0.7802161192241521, "gamma_fc": 0.311278730224385, "cue_position": 6.0, "beta_enc": 0.1192501050616895}, "datetime": {"elapsed": 10306.11798, "datetime": "2021-08-25 14:59:28", "delta": 57.292078}}
{"target": 7.73711111111111, "params": {"beta_rec": 0.06637431414884488, "gamma_fc": 0.49863273589448454, "cue_position": 6.0, "beta_enc": 0.1243332669896954}, "datetime": {"elapsed": 10363.730814, "datetime": "2021-08-25 15:00:26", "delta": 57.612834}}
{"target": 7.723111111111112, "params": {"beta_rec": 0.4717504982822496, "gamma_fc": 0.7673937769894696, "cue_position": 6.0, "beta_enc": 0.12117056283237146}, "datetime": {"elapsed": 10421.147661, "datetime": "2021-08-25 15:01:23", "delta": 57.416847}}
{"target": 7.754444444444443, "params": {"beta_rec": 0.5736145620045451, "gamma_fc": 0.6308097008754393, "cue_position": 6.0, "beta_enc": 0.09406893652042236}, "datetime": {"elapsed": 10478.795128, "datetime": "2021-08-25 15:02:21", "delta": 57.647467}}
{"target": 7.717999999999999, "params": {"beta_rec": 0.6470934286791593, "gamma_fc": 0.6579845788302958, "cue_position": 6.0, "beta_enc": 0.1292993002366155}, "datetime": {"elapsed": 10535.961757, "datetime": "2021-08-25 15:03:18", "delta": 57.166629}}
{"target": 7.730222222222221, "params": {"beta_rec": 0.6018569223825827, "gamma_fc": 0.6041649592571964, "cue_position": 6.0, "beta_enc": 0.1243323837692247}, "datetime": {"elapsed": 10593.344262, "datetime": "2021-08-25 15:04:16", "delta": 57.382505}}
{"target": 7.700444444444445, "params": {"beta_rec": 0.7142661299347902, "gamma_fc": 0.6880420811759291, "cue_position": 6.0, "beta_enc": 0.19204391972262638}, "datetime": {"elapsed": 10651.16245, "datetime": "2021-08-25 15:05:13", "delta": 57.818188}}
{"target": 7.700444444444445, "params": {"beta_rec": 0.5258974492422377, "gamma_fc": 0.6093848830019495, "cue_position": 6.0, "beta_enc": 0.11160691300484024}, "datetime": {"elapsed": 10708.249216, "datetime": "2021-08-25 15:06:10", "delta": 57.086766}}
{"target": 7.682666666666667, "params": {"beta_rec": 0.22119317241123646, "gamma_fc": 0.089052490946514, "cue_position": 6.0, "beta_enc": 0.17518738226011385}, "datetime": {"elapsed": 10765.414723, "datetime": "2021-08-25 15:07:08", "delta": 57.165507}}
{"target": 7.770444444444445, "params": {"beta_rec": 0.8889653040074378, "gamma_fc": 0.03992873325597038, "cue_position": 6.0, "beta_enc": 0.0032398008252627775}, "datetime": {"elapsed": 10822.692307, "datetime": "2021-08-25 15:08:05", "delta": 57.277584}}
{"target": 7.700222222222221, "params": {"beta_rec": 0.39485254777223766, "gamma_fc": 0.8141389652689541, "cue_position": 6.0, "beta_enc": 0.14858217099697496}, "datetime": {"elapsed": 10880.148829, "datetime": "2021-08-25 15:09:02", "delta": 57.456522}}
{"target": 7.727111111111111, "params": {"beta_rec": 0.29338189079682586, "gamma_fc": 0.9184251163137996, "cue_position": 6.0, "beta_enc": 0.12182539137741788}, "datetime": {"elapsed": 10937.465406, "datetime": "2021-08-25 15:10:00", "delta": 57.316577}}
{"target": 7.727111111111111, "params": {"beta_rec": 0.2723273650559618, "gamma_fc": 0.4435644148694249, "cue_position": 6.0, "beta_enc": 0.10216251915885155}, "datetime": {"elapsed": 10996.140599, "datetime": "2021-08-25 15:10:58", "delta": 58.675193}}
{"target": 7.6948888888888884, "params": {"beta_rec": 0.2649313264669319, "gamma_fc": 0.5063232902394837, "cue_position": 6.0, "beta_enc": 0.08885970634426756}, "datetime": {"elapsed": 11053.538826, "datetime": "2021-08-25 15:11:56", "delta": 57.398227}}
{"target": 7.7, "params": {"beta_rec": 0.2640243438136672, "gamma_fc": 0.45163298813792974, "cue_position": 6.0, "beta_enc": 0.16849608501150587}, "datetime": {"elapsed": 11110.856242, "datetime": "2021-08-25 15:12:53", "delta": 57.317416}}
{"target": 7.703555555555556, "params": {"beta_rec": 0.5016413973137375, "gamma_fc": 0.03452781866271033, "cue_position": 6.0, "beta_enc": 0.06294937002128488}, "datetime": {"elapsed": 11167.591055, "datetime": "2021-08-25 15:13:50", "delta": 56.734813}}
{"target": 7.715777777777778, "params": {"beta_rec": 0.09753573779973641, "gamma_fc": 0.40348135295675386, "cue_position": 6.0, "beta_enc": 0.12172139897499705}, "datetime": {"elapsed": 11225.21615, "datetime": "2021-08-25 15:14:47", "delta": 57.625095}}
{"target": 7.710666666666667, "params": {"beta_rec": 0.5799767707709265, "gamma_fc": 0.7840767361207791, "cue_position": 6.0, "beta_enc": 0.16362932624745444}, "datetime": {"elapsed": 11283.858443, "datetime": "2021-08-25 15:15:46", "delta": 58.642293}}
{"target": 7.680888888888889, "params": {"beta_rec": 0.7277180617602709, "gamma_fc": 0.7447958096548208, "cue_position": 6.0, "beta_enc": 0.2686208137604633}, "datetime": {"elapsed": 11341.349153, "datetime": "2021-08-25 15:16:44", "delta": 57.49071}}
{"target": 7.688888888888888, "params": {"beta_rec": 0.3503747325276323, "gamma_fc": 0.42576174311491716, "cue_position": 6.0, "beta_enc": 0.11842751208940386}, "datetime": {"elapsed": 11399.541649, "datetime": "2021-08-25 15:17:42", "delta": 58.192496}}
{"target": 7.685555555555555, "params": {"beta_rec": 0.4548575242235674, "gamma_fc": 0.3373751314510821, "cue_position": 6.0, "beta_enc": 0.147250280775325}, "datetime": {"elapsed": 11458.457517, "datetime": "2021-08-25 15:18:41", "delta": 58.915868}}
{"target": 7.7284444444444444, "params": {"beta_rec": 0.7869335241995937, "gamma_fc": 0.44095818883782617, "cue_position": 6.0, "beta_enc": 0.05489867379277335}, "datetime": {"elapsed": 11516.852297, "datetime": "2021-08-25 15:19:39", "delta": 58.39478}}
{"target": 7.724444444444446, "params": {"beta_rec": 0.06677664755952824, "gamma_fc": 0.2165242914639126, "cue_position": 6.0, "beta_enc": 0.05640195790797834}, "datetime": {"elapsed": 11575.585118, "datetime": "2021-08-25 15:20:38", "delta": 58.732821}}
{"target": 7.737555555555557, "params": {"beta_rec": 0.07462881131566695, "gamma_fc": 0.12156369662670308, "cue_position": 6.0, "beta_enc": 0.1201671380911565}, "datetime": {"elapsed": 11634.709338, "datetime": "2021-08-25 15:21:37", "delta": 59.12422}}
{"target": 7.721555555555557, "params": {"beta_rec": 0.5357545881715426, "gamma_fc": 0.6961780718408505, "cue_position": 6.0, "beta_enc": 0.12669350242343677}, "datetime": {"elapsed": 11692.855008, "datetime": "2021-08-25 15:22:35", "delta": 58.14567}}
{"target": 7.731555555555556, "params": {"beta_rec": 0.10708451266700995, "gamma_fc": 0.19559277793152366, "cue_position": 6.0, "beta_enc": 0.12052338558601068}, "datetime": {"elapsed": 11751.03904, "datetime": "2021-08-25 15:23:33", "delta": 58.184032}}
{"target": 7.727555555555556, "params": {"beta_rec": 0.12471129124043516, "gamma_fc": 0.15751112948878768, "cue_position": 6.0, "beta_enc": 0.08654049983845293}, "datetime": {"elapsed": 11811.26883, "datetime": "2021-08-25 15:24:33", "delta": 60.22979}}
{"target": 7.7700000000000005, "params": {"beta_rec": 0.330324034669487, "gamma_fc": 0.16636405398839813, "cue_position": 6.0, "beta_enc": 0.1230616811680329}, "datetime": {"elapsed": 11869.184018, "datetime": "2021-08-25 15:25:31", "delta": 57.915188}}
{"target": 7.745111111111112, "params": {"beta_rec": 0.31578355613788134, "gamma_fc": 0.22476971923682712, "cue_position": 6.0, "beta_enc": 0.12414324796299332}, "datetime": {"elapsed": 11927.768566, "datetime": "2021-08-25 15:26:30", "delta": 58.584548}}
{"target": 7.656444444444444, "params": {"beta_rec": 0.3288564696336464, "gamma_fc": 0.17756055792394082, "cue_position": 6.0, "beta_enc": 0.1664044874916933}, "datetime": {"elapsed": 11985.612659, "datetime": "2021-08-25 15:27:28", "delta": 57.844093}}
{"target": 7.727555555555556, "params": {"beta_rec": 0.11055306409689088, "gamma_fc": 0.6443875844129927, "cue_position": 6.0, "beta_enc": 0.20580917973427357}, "datetime": {"elapsed": 12043.011886, "datetime": "2021-08-25 15:28:25", "delta": 57.399227}}
{"target": 7.773555555555555, "params": {"beta_rec": 0.29404623609614505, "gamma_fc": 0.19001789494269905, "cue_position": 6.0, "beta_enc": 0.0853199398321337}, "datetime": {"elapsed": 12102.198555, "datetime": "2021-08-25 15:29:24", "delta": 59.186669}}
{"target": 7.749555555555555, "params": {"beta_rec": 0.3601004748619582, "gamma_fc": 0.20812849540437045, "cue_position": 6.0, "beta_enc": 0.09151126770143041}, "datetime": {"elapsed": 12160.975566, "datetime": "2021-08-25 15:30:23", "delta": 58.777011}}
{"target": 7.708222222222223, "params": {"beta_rec": 0.3060584818470885, "gamma_fc": 0.2818447691098709, "cue_position": 6.0, "beta_enc": 0.08705888930387971}, "datetime": {"elapsed": 12219.399475, "datetime": "2021-08-25 15:31:22", "delta": 58.423909}}
{"target": 7.741555555555555, "params": {"beta_rec": 0.2752862561395666, "gamma_fc": 0.3686243938492756, "cue_position": 6.0, "beta_enc": 0.10140196866016782}, "datetime": {"elapsed": 12277.495829, "datetime": "2021-08-25 15:32:20", "delta": 58.096354}}
{"target": 7.729333333333334, "params": {"beta_rec": 0.3528467582593209, "gamma_fc": 0.36770692304285496, "cue_position": 6.0, "beta_enc": 0.07959587702333557}, "datetime": {"elapsed": 12335.796765, "datetime": "2021-08-25 15:33:18", "delta": 58.300936}}
{"target": 7.710666666666666, "params": {"beta_rec": 0.5003613860603423, "gamma_fc": 0.7579603294173165, "cue_position": 6.0, "beta_enc": 0.195980738583219}, "datetime": {"elapsed": 12395.189766, "datetime": "2021-08-25 15:34:17", "delta": 59.393001}}
{"target": 7.688888888888888, "params": {"beta_rec": 0.6566565505554381, "gamma_fc": 0.7913221254626228, "cue_position": 6.0, "beta_enc": 0.2216253928944049}, "datetime": {"elapsed": 12454.524302, "datetime": "2021-08-25 15:35:17", "delta": 59.334536}}
{"target": 7.720888888888888, "params": {"beta_rec": 0.7483352854871916, "gamma_fc": 0.8068498963798697, "cue_position": 6.0, "beta_enc": 0.24188149253457708}, "datetime": {"elapsed": 12513.304324, "datetime": "2021-08-25 15:36:15", "delta": 58.780022}}
