{"target": 5.517333333333334, "params": {"beta_enc": 0.799615261736028, "gamma_fc": 0.731728600739527, "cue_position": 4.0, "beta_rec": 0.03457121987163425}, "datetime": {"delta": 53.705598, "elapsed": 4025.460378, "datetime": "2020-10-03 18:15:06"}}
{"target": 7.517777777777778, "params": {"beta_enc": 0.2596983932983531, "gamma_fc": 0.34529746159108154, "cue_position": 4.0, "beta_rec": 0.2570692988221467}, "datetime": {"delta": 45.697381, "elapsed": 4071.157759, "datetime": "2020-10-03 18:15:51"}}
{"target": 5.652222222222222, "params": {"beta_enc": 0.7965886780072875, "gamma_fc": 0.9904717836238407, "cue_position": 4.0, "beta_rec": 0.44614623200345727}, "datetime": {"delta": 50.87876, "elapsed": 4122.036519, "datetime": "2020-10-03 18:16:42"}}
{"target": 7.496444444444445, "params": {"beta_enc": 0.30024833953390007, "gamma_fc": 0.5415593788873733, "cue_position": 4.0, "beta_rec": 0.14300582825809938}, "datetime": {"delta": 49.245809, "elapsed": 4171.282328, "datetime": "2020-10-03 18:17:32"}}
{"target": 4.237555555555556, "params": {"beta_enc": 0.9747403708550822, "gamma_fc": 0.5460708041429516, "cue_position": 4.0, "beta_rec": 0.6366044000018972}, "datetime": {"delta": 34.424689, "elapsed": 4205.707017, "datetime": "2020-10-03 18:18:06"}}
{"target": 7.112, "params": {"beta_enc": 0.5264259339055213, "gamma_fc": 0.026218567296373285, "cue_position": 4.0, "beta_rec": 0.1354279030721699}, "datetime": {"delta": 45.506393, "elapsed": 4251.21341, "datetime": "2020-10-03 18:18:51"}}
{"target": 7.499777777777777, "params": {"beta_enc": 0.1603951795196491, "gamma_fc": 0.36654309724374434, "cue_position": 4.0, "beta_rec": 0.7456371927074961}, "datetime": {"delta": 46.551977, "elapsed": 4297.765387, "datetime": "2020-10-03 18:19:38"}}
{"target": 5.921777777777778, "params": {"beta_enc": 0.8623462528380441, "gamma_fc": 0.18863680095531088, "cue_position": 4.0, "beta_rec": 0.6926777175073543}, "datetime": {"delta": 51.30461, "elapsed": 4349.069997, "datetime": "2020-10-03 18:20:29"}}
{"target": 7.043555555555555, "params": {"beta_enc": 0.44190428074842336, "gamma_fc": 0.20390622523312185, "cue_position": 4.0, "beta_rec": 0.5815774073442912}, "datetime": {"delta": 45.693029, "elapsed": 4394.763026, "datetime": "2020-10-03 18:21:15"}}
{"target": 7.511111111111111, "params": {"beta_enc": 0.24773290176235485, "gamma_fc": 0.4569753274356928, "cue_position": 4.0, "beta_rec": 0.26217308377291193}, "datetime": {"delta": 47.706244, "elapsed": 4442.46927, "datetime": "2020-10-03 18:22:03"}}
{"target": 7.514666666666668, "params": {"beta_enc": 0.05692943841109499, "gamma_fc": 0.7986042447602102, "cue_position": 4.0, "beta_rec": 0.5085162406102396}, "datetime": {"delta": 43.430768, "elapsed": 4485.900038, "datetime": "2020-10-03 18:22:46"}}
{"target": 7.450888888888889, "params": {"beta_enc": 0.29733138150727223, "gamma_fc": 0.8438404289311888, "cue_position": 4.0, "beta_rec": 0.02760601195450363}, "datetime": {"delta": 64.91518, "elapsed": 4550.815218, "datetime": "2020-10-03 18:23:51"}}
{"target": 7.338444444444444, "params": {"beta_enc": 0.3810161240622142, "gamma_fc": 0.5409518049621886, "cue_position": 4.0, "beta_rec": 0.7498583107261434}, "datetime": {"delta": 38.110763, "elapsed": 4588.925981, "datetime": "2020-10-03 18:24:29"}}
{"target": 4.180222222222222, "params": {"beta_enc": 0.9594343210617524, "gamma_fc": 0.7093872512312951, "cue_position": 4.0, "beta_rec": 0.8039608914986468}, "datetime": {"delta": 30.709575, "elapsed": 4619.635556, "datetime": "2020-10-03 18:25:00"}}
{"target": 7.045111111111112, "params": {"beta_enc": 0.46500148156350607, "gamma_fc": 0.2670720196843658, "cue_position": 4.0, "beta_rec": 0.9475489413950998}, "datetime": {"delta": 50.243684, "elapsed": 4669.87924, "datetime": "2020-10-03 18:25:50"}}
{"target": 7.514, "params": {"beta_enc": 0.081473964877262, "gamma_fc": 0.6337867606119179, "cue_position": 4.0, "beta_rec": 0.42861882866378653}, "datetime": {"delta": 38.740828, "elapsed": 4708.620068, "datetime": "2020-10-03 18:26:29"}}
{"target": 5.943777777777777, "params": {"beta_enc": 0.8029632373737379, "gamma_fc": 0.3424541198435198, "cue_position": 4.0, "beta_rec": 0.6968004961201785}, "datetime": {"delta": 38.685206, "elapsed": 4747.305274, "datetime": "2020-10-03 18:27:08"}}
{"target": 5.475555555555555, "params": {"beta_enc": 0.8458514830276777, "gamma_fc": 0.6264961586242938, "cue_position": 4.0, "beta_rec": 0.42876877499944255}, "datetime": {"delta": 49.794021, "elapsed": 4797.099295, "datetime": "2020-10-03 18:27:57"}}
{"target": 7.550888888888889, "params": {"beta_enc": 0.1434230486702449, "gamma_fc": 0.06672499763935646, "cue_position": 4.0, "beta_rec": 0.07838689985494796}, "datetime": {"delta": 38.708922, "elapsed": 4835.808217, "datetime": "2020-10-03 18:28:36"}}
{"target": 7.221111111111111, "params": {"beta_enc": 0.4585838137084318, "gamma_fc": 0.7548614813904674, "cue_position": 4.0, "beta_rec": 0.11334192276759048}, "datetime": {"delta": 37.627491, "elapsed": 4873.435708, "datetime": "2020-10-03 18:29:14"}}
{"target": 7.2524444444444445, "params": {"beta_enc": 0.3948504804606394, "gamma_fc": 0.4500867470007611, "cue_position": 4.0, "beta_rec": 0.7469384956075251}, "datetime": {"delta": 37.600945, "elapsed": 4911.036653, "datetime": "2020-10-03 18:29:51"}}
{"target": 7.1579999999999995, "params": {"beta_enc": 0.47807250671783097, "gamma_fc": 0.40239251985773583, "cue_position": 4.0, "beta_rec": 0.47400392656219403}, "datetime": {"delta": 37.905014, "elapsed": 4948.941667, "datetime": "2020-10-03 18:30:29"}}
{"target": 4.424, "params": {"beta_enc": 0.904686160343623, "gamma_fc": 0.12564138113773882, "cue_position": 4.0, "beta_rec": 0.037061047954035864}, "datetime": {"delta": 37.39067, "elapsed": 4986.332337, "datetime": "2020-10-03 18:31:07"}}
{"target": 6.616666666666667, "params": {"beta_enc": 0.6185135669120855, "gamma_fc": 0.0030179566195963625, "cue_position": 4.0, "beta_rec": 0.010364261335231939}, "datetime": {"delta": 37.910542, "elapsed": 5024.242879, "datetime": "2020-10-03 18:31:44"}}
{"target": 3.756888888888889, "params": {"beta_enc": 0.9511937854902045, "gamma_fc": 0.9152743199147875, "cue_position": 4.0, "beta_rec": 0.905402033702778}, "datetime": {"delta": 27.191014, "elapsed": 5051.433893, "datetime": "2020-10-03 18:32:12"}}
{"target": 7.536222222222223, "params": {"beta_enc": 0.14555823115839706, "gamma_fc": 0.6224959022999211, "cue_position": 4.0, "beta_rec": 0.15773006987053328}, "datetime": {"delta": 61.133021, "elapsed": 5112.566914, "datetime": "2020-10-03 18:33:13"}}
{"target": 4.983777777777777, "params": {"beta_enc": 0.9058094960083019, "gamma_fc": 0.7318004091422953, "cue_position": 4.0, "beta_rec": 0.9899551783590737}, "datetime": {"delta": 33.183228, "elapsed": 5145.750142, "datetime": "2020-10-03 18:33:46"}}
{"target": 5.349777777777777, "params": {"beta_enc": 0.9092932045442544, "gamma_fc": 0.17343017078712286, "cue_position": 4.0, "beta_rec": 0.4008737323711209}, "datetime": {"delta": 32.000401, "elapsed": 5177.750543, "datetime": "2020-10-03 18:34:18"}}
{"target": 7.542888888888889, "params": {"beta_enc": 0.119457050333729, "gamma_fc": 0.2642974827269007, "cue_position": 4.0, "beta_rec": 0.8126105880328287}, "datetime": {"delta": 38.648983, "elapsed": 5216.399526, "datetime": "2020-10-03 18:34:57"}}
{"target": 5.824666666666667, "params": {"beta_enc": 0.8190891786335308, "gamma_fc": 0.2666387021516352, "cue_position": 4.0, "beta_rec": 0.31058725179421}, "datetime": {"delta": 33.329674, "elapsed": 5249.7292, "datetime": "2020-10-03 18:35:30"}}
{"target": 7.0793333333333335, "params": {"beta_enc": 0.5336533449712114, "gamma_fc": 0.36655664385123443, "cue_position": 4.0, "beta_rec": 0.31446701118584963}, "datetime": {"delta": 37.968462, "elapsed": 5287.697662, "datetime": "2020-10-03 18:36:08"}}
{"target": 7.028666666666666, "params": {"beta_enc": 0.43359232727316455, "gamma_fc": 0.030949006271150714, "cue_position": 4.0, "beta_rec": 0.5122926922783614}, "datetime": {"delta": 42.28453, "elapsed": 5329.982192, "datetime": "2020-10-03 18:36:50"}}
{"target": 6.223555555555555, "params": {"beta_enc": 0.7168786636316892, "gamma_fc": 0.5220512472525107, "cue_position": 4.0, "beta_rec": 0.8910189542923389}, "datetime": {"delta": 56.114403, "elapsed": 5386.096595, "datetime": "2020-10-03 18:37:46"}}
{"target": 7.381333333333335, "params": {"beta_enc": 0.3259898117700253, "gamma_fc": 0.6902278681627478, "cue_position": 4.0, "beta_rec": 0.8594893208655858}, "datetime": {"delta": 43.555254, "elapsed": 5429.651849, "datetime": "2020-10-03 18:38:30"}}
{"target": 6.862666666666667, "params": {"beta_enc": 0.45285349995153745, "gamma_fc": 0.009348577966515781, "cue_position": 4.0, "beta_rec": 0.6283090375213571}, "datetime": {"delta": 37.632561, "elapsed": 5467.28441, "datetime": "2020-10-03 18:39:08"}}
{"target": 6.820666666666666, "params": {"beta_enc": 0.5767559349870908, "gamma_fc": 0.9164058530538978, "cue_position": 4.0, "beta_rec": 0.3114442141324628}, "datetime": {"delta": 44.639134, "elapsed": 5511.923544, "datetime": "2020-10-03 18:39:52"}}
{"target": 7.223111111111112, "params": {"beta_enc": 0.426474788501396, "gamma_fc": 0.9318611166365406, "cue_position": 4.0, "beta_rec": 0.2473960366023854}, "datetime": {"delta": 53.150386, "elapsed": 5565.07393, "datetime": "2020-10-03 18:40:45"}}
{"target": 5.835777777777778, "params": {"beta_enc": 0.9368683813090937, "gamma_fc": 0.22790028995131695, "cue_position": 4.0, "beta_rec": 0.8443299485657132}, "datetime": {"delta": 33.425796, "elapsed": 5598.499726, "datetime": "2020-10-03 18:41:19"}}
{"target": 7.580222222222223, "params": {"beta_enc": 0.08748220955359087, "gamma_fc": 0.17476587635631158, "cue_position": 4.0, "beta_rec": 0.22730973628468876}, "datetime": {"delta": 42.664473, "elapsed": 5641.164199, "datetime": "2020-10-03 18:42:01"}}
{"target": 6.767333333333333, "params": {"beta_enc": 0.6070941619724605, "gamma_fc": 0.18513039826903066, "cue_position": 4.0, "beta_rec": 0.41358641500116133}, "datetime": {"delta": 53.178226, "elapsed": 5694.342425, "datetime": "2020-10-03 18:42:55"}}
{"target": 6.457111111111111, "params": {"beta_enc": 0.7018765297563104, "gamma_fc": 0.34898759722078887, "cue_position": 4.0, "beta_rec": 0.24035562484913886}, "datetime": {"delta": 35.289788, "elapsed": 5729.632213, "datetime": "2020-10-03 18:43:30"}}
{"target": 7.546888888888889, "params": {"beta_enc": 0.05696439948283272, "gamma_fc": 0.4972500933605313, "cue_position": 4.0, "beta_rec": 0.22881367096037586}, "datetime": {"delta": 43.129318, "elapsed": 5772.761531, "datetime": "2020-10-03 18:44:13"}}
{"target": 7.020666666666666, "params": {"beta_enc": 0.5190159840736788, "gamma_fc": 0.99675342520821, "cue_position": 4.0, "beta_rec": 0.1747201501089225}, "datetime": {"delta": 39.826891, "elapsed": 5812.588422, "datetime": "2020-10-03 18:44:53"}}
{"target": 5.472222222222223, "params": {"beta_enc": 0.8168351087916219, "gamma_fc": 0.9015625846693213, "cue_position": 4.0, "beta_rec": 0.5943726238309778}, "datetime": {"delta": 32.377796, "elapsed": 5844.966218, "datetime": "2020-10-03 18:45:25"}}
{"target": 6.740666666666667, "params": {"beta_enc": 0.5956079336026455, "gamma_fc": 0.06537171504222639, "cue_position": 4.0, "beta_rec": 0.032426325314457105}, "datetime": {"delta": 36.607446, "elapsed": 5881.573664, "datetime": "2020-10-03 18:46:02"}}
{"target": 7.1835555555555555, "params": {"beta_enc": 0.4517331486914753, "gamma_fc": 0.1679832931996149, "cue_position": 4.0, "beta_rec": 0.37543483316785775}, "datetime": {"delta": 38.031595, "elapsed": 5919.605259, "datetime": "2020-10-03 18:46:40"}}
{"target": 4.114222222222222, "params": {"beta_enc": 0.9727875919326552, "gamma_fc": 0.6326158167779973, "cue_position": 4.0, "beta_rec": 0.7674748688630131}, "datetime": {"delta": 27.853513, "elapsed": 5947.458772, "datetime": "2020-10-03 18:47:08"}}
{"target": 6.534888888888889, "params": {"beta_enc": 0.668732770206732, "gamma_fc": 0.3530060855418248, "cue_position": 4.0, "beta_rec": 0.47688233352119336}, "datetime": {"delta": 47.312746, "elapsed": 5994.771518, "datetime": "2020-10-03 18:47:55"}}
{"target": 6.998222222222222, "params": {"beta_enc": 0.49207180149355845, "gamma_fc": 0.4574049160894317, "cue_position": 4.0, "beta_rec": 0.7300912110901043}, "datetime": {"delta": 52.8759, "elapsed": 6047.647418, "datetime": "2020-10-03 18:48:48"}}
{"target": 7.5202222222222215, "params": {"beta_enc": 0.13766274094560316, "gamma_fc": 0.3199528380776784, "cue_position": 4.0, "beta_rec": 0.01088873380347899}, "datetime": {"delta": 51.981102, "elapsed": 6099.62852, "datetime": "2020-10-03 18:49:40"}}
{"target": 3.1993333333333327, "params": {"beta_enc": 0.9843834501935107, "gamma_fc": 0.5238961356661317, "cue_position": 4.0, "beta_rec": 0.220234226159156}, "datetime": {"delta": 25.293286, "elapsed": 6124.921806, "datetime": "2020-10-03 18:50:05"}}
{"target": 6.173555555555557, "params": {"beta_enc": 0.7548914570605327, "gamma_fc": 0.3125013784920495, "cue_position": 4.0, "beta_rec": 0.46385778390029564}, "datetime": {"delta": 35.836687, "elapsed": 6160.758493, "datetime": "2020-10-03 18:50:41"}}
{"target": 6.852888888888889, "params": {"beta_enc": 0.5045191697009946, "gamma_fc": 0.13033578095435427, "cue_position": 4.0, "beta_rec": 0.6738490080168676}, "datetime": {"delta": 42.352608, "elapsed": 6203.111101, "datetime": "2020-10-03 18:51:23"}}
{"target": 7.543333333333334, "params": {"beta_enc": 0.022915131322381765, "gamma_fc": 0.012603767029876312, "cue_position": 4.0, "beta_rec": 0.5190823222119895}, "datetime": {"delta": 49.658301, "elapsed": 6252.769402, "datetime": "2020-10-03 18:52:13"}}
{"target": 6.2748888888888885, "params": {"beta_enc": 0.6724698446537339, "gamma_fc": 0.9147886867419343, "cue_position": 4.0, "beta_rec": 0.6868082266569918}, "datetime": {"delta": 37.430315, "elapsed": 6290.199717, "datetime": "2020-10-03 18:52:50"}}
{"target": 6.415555555555555, "params": {"beta_enc": 0.6443610847569929, "gamma_fc": 0.8593178060976, "cue_position": 4.0, "beta_rec": 0.005239837651465851}, "datetime": {"delta": 35.17584, "elapsed": 6325.375557, "datetime": "2020-10-03 18:53:26"}}
{"target": 5.632666666666667, "params": {"beta_enc": 0.8303995700373394, "gamma_fc": 0.5784995797892005, "cue_position": 4.0, "beta_rec": 0.6491541971124779}, "datetime": {"delta": 32.692749, "elapsed": 6358.068306, "datetime": "2020-10-03 18:53:58"}}
{"target": 7.4333333333333345, "params": {"beta_enc": 0.27411977516685215, "gamma_fc": 0.35242963021640883, "cue_position": 4.0, "beta_rec": 0.5605299905360588}, "datetime": {"delta": 38.582571, "elapsed": 6396.650877, "datetime": "2020-10-03 18:54:37"}}
{"target": 5.394666666666668, "params": {"beta_enc": 0.8558283672539277, "gamma_fc": 0.2896027461868774, "cue_position": 4.0, "beta_rec": 0.1950374860087073}, "datetime": {"delta": 44.384142, "elapsed": 6441.035019, "datetime": "2020-10-03 18:55:21"}}
{"target": 6.122222222222222, "params": {"beta_enc": 0.773799287244182, "gamma_fc": 0.3535348626679904, "cue_position": 4.0, "beta_rec": 0.4277373293360762}, "datetime": {"delta": 45.120182, "elapsed": 6486.155201, "datetime": "2020-10-03 18:56:06"}}
{"target": 7.5137777777777774, "params": {"beta_enc": 0.21369323762958115, "gamma_fc": 0.7332450677264275, "cue_position": 4.0, "beta_rec": 0.7672845084217665}, "datetime": {"delta": 46.490241, "elapsed": 6532.645442, "datetime": "2020-10-03 18:56:53"}}
{"target": 6.231555555555556, "params": {"beta_enc": 0.7444731530777321, "gamma_fc": 0.1989479234270667, "cue_position": 4.0, "beta_rec": 0.22139670090820107}, "datetime": {"delta": 34.641281, "elapsed": 6567.286723, "datetime": "2020-10-03 18:57:28"}}
{"target": 7.506, "params": {"beta_enc": 0.14251833776584466, "gamma_fc": 0.11092036903424063, "cue_position": 4.0, "beta_rec": 0.3770825992073341}, "datetime": {"delta": 51.796912, "elapsed": 6619.083635, "datetime": "2020-10-03 18:58:19"}}
{"target": 6.434, "params": {"beta_enc": 0.6745640237634105, "gamma_fc": 0.23170231048579204, "cue_position": 4.0, "beta_rec": 0.7997765368973863}, "datetime": {"delta": 35.550341, "elapsed": 6654.633976, "datetime": "2020-10-03 18:58:55"}}
{"target": 7.508222222222221, "params": {"beta_enc": 0.20762566180381437, "gamma_fc": 0.5538846110514143, "cue_position": 4.0, "beta_rec": 0.9173335630816306}, "datetime": {"delta": 38.884667, "elapsed": 6693.518643, "datetime": "2020-10-03 18:59:34"}}
{"target": 7.426666666666667, "params": {"beta_enc": 0.30451798792062024, "gamma_fc": 0.9234562151187752, "cue_position": 4.0, "beta_rec": 0.8348540476317985}, "datetime": {"delta": 69.90214, "elapsed": 6763.420783, "datetime": "2020-10-03 19:00:44"}}
{"target": 6.236666666666666, "params": {"beta_enc": 0.7060518043359332, "gamma_fc": 0.9760435504677476, "cue_position": 4.0, "beta_rec": 0.47803130796528337}, "datetime": {"delta": 62.418628, "elapsed": 6825.839411, "datetime": "2020-10-03 19:01:46"}}
{"target": 7.494888888888889, "params": {"beta_enc": 0.15983365034409336, "gamma_fc": 0.40420190577514725, "cue_position": 4.0, "beta_rec": 0.2026021252196626}, "datetime": {"delta": 50.551681, "elapsed": 6876.391092, "datetime": "2020-10-03 19:02:37"}}
{"target": 7.524444444444444, "params": {"beta_enc": 0.14675148076429412, "gamma_fc": 0.6438956443116628, "cue_position": 4.0, "beta_rec": 0.7293189193611234}, "datetime": {"delta": 53.606689, "elapsed": 6929.997781, "datetime": "2020-10-03 19:03:30"}}
{"target": 6.027777777777777, "params": {"beta_enc": 0.7543059505762987, "gamma_fc": 0.7489283752458364, "cue_position": 4.0, "beta_rec": 0.21073239208332073}, "datetime": {"delta": 61.834682, "elapsed": 6991.832463, "datetime": "2020-10-03 19:04:32"}}
{"target": 6.5424444444444445, "params": {"beta_enc": 0.6382187106203334, "gamma_fc": 0.7316064712415088, "cue_position": 4.0, "beta_rec": 0.5971273029466491}, "datetime": {"delta": 64.795977, "elapsed": 7056.62844, "datetime": "2020-10-03 19:05:37"}}
{"target": 5.090222222222222, "params": {"beta_enc": 0.9453084399999497, "gamma_fc": 0.056141039661915304, "cue_position": 4.0, "beta_rec": 0.42556139026154693}, "datetime": {"delta": 56.008091, "elapsed": 7112.636531, "datetime": "2020-10-03 19:06:33"}}
{"target": 5.563333333333334, "params": {"beta_enc": 0.8352716024899659, "gamma_fc": 0.30008104592535645, "cue_position": 4.0, "beta_rec": 0.1922500168221477}, "datetime": {"delta": 59.39955, "elapsed": 7172.036081, "datetime": "2020-10-03 19:07:32"}}
{"target": 7.560888888888888, "params": {"beta_enc": 0.08010364380604929, "gamma_fc": 0.5306974384761395, "cue_position": 4.0, "beta_rec": 0.9046310029362429}, "datetime": {"delta": 70.846811, "elapsed": 7242.882892, "datetime": "2020-10-03 19:08:43"}}
{"target": 7.182666666666667, "params": {"beta_enc": 0.49411626589632507, "gamma_fc": 0.07618880903232117, "cue_position": 4.0, "beta_rec": 0.13216114194293815}, "datetime": {"delta": 68.893816, "elapsed": 7311.776708, "datetime": "2020-10-03 19:09:52"}}
{"target": 7.121333333333334, "params": {"beta_enc": 0.5079216999452875, "gamma_fc": 0.10806532869723684, "cue_position": 4.0, "beta_rec": 0.2615495518329871}, "datetime": {"delta": 68.475048, "elapsed": 7380.251756, "datetime": "2020-10-03 19:11:01"}}
{"target": 5.756222222222222, "params": {"beta_enc": 0.7875518396525072, "gamma_fc": 0.17716116443841734, "cue_position": 4.0, "beta_rec": 0.1065838767888011}, "datetime": {"delta": 60.621649, "elapsed": 7440.873405, "datetime": "2020-10-03 19:12:01"}}
{"target": 6.830888888888889, "params": {"beta_enc": 0.5724051124346493, "gamma_fc": 0.18960594781829654, "cue_position": 4.0, "beta_rec": 0.044845334589088126}, "datetime": {"delta": 66.812177, "elapsed": 7507.685582, "datetime": "2020-10-03 19:13:08"}}
{"target": 6.9495555555555555, "params": {"beta_enc": 0.5279039784081266, "gamma_fc": 0.5510871741869717, "cue_position": 4.0, "beta_rec": 0.7400775431590716}, "datetime": {"delta": 67.476335, "elapsed": 7575.161917, "datetime": "2020-10-03 19:14:15"}}
{"target": 7.3933333333333335, "params": {"beta_enc": 0.2166172083287794, "gamma_fc": 0.17654903427708302, "cue_position": 4.0, "beta_rec": 0.7591960493171447}, "datetime": {"delta": 70.045529, "elapsed": 7645.207446, "datetime": "2020-10-03 19:15:25"}}
{"target": 4.854, "params": {"beta_enc": 0.8619665576670734, "gamma_fc": 0.5589038111609383, "cue_position": 4.0, "beta_rec": 0.019775099516344263}, "datetime": {"delta": 55.30917, "elapsed": 7700.516616, "datetime": "2020-10-03 19:16:21"}}
{"target": 7.263111111111111, "params": {"beta_enc": 0.4032204721058492, "gamma_fc": 0.9873261748084265, "cue_position": 4.0, "beta_rec": 0.7587469310223366}, "datetime": {"delta": 69.195318, "elapsed": 7769.711934, "datetime": "2020-10-03 19:17:30"}}
{"target": 7.497333333333333, "params": {"beta_enc": 0.2780850486129828, "gamma_fc": 0.8578971045378938, "cue_position": 4.0, "beta_rec": 0.0037936724093425855}, "datetime": {"delta": 70.231253, "elapsed": 7839.943187, "datetime": "2020-10-03 19:18:40"}}
{"target": 6.118444444444444, "params": {"beta_enc": 0.7288508775192559, "gamma_fc": 0.7805295568767427, "cue_position": 4.0, "beta_rec": 0.5166887829215384}, "datetime": {"delta": 62.731121, "elapsed": 7902.674308, "datetime": "2020-10-03 19:19:43"}}
{"target": 7.335333333333333, "params": {"beta_enc": 0.3748759435368594, "gamma_fc": 0.6132112115442597, "cue_position": 4.0, "beta_rec": 0.7703225253299576}, "datetime": {"delta": 69.601339, "elapsed": 7972.275647, "datetime": "2020-10-03 19:20:53"}}
{"target": 7.308, "params": {"beta_enc": 0.4018659239678374, "gamma_fc": 0.7748966467245978, "cue_position": 4.0, "beta_rec": 0.6973080192643409}, "datetime": {"delta": 68.839759, "elapsed": 8041.115406, "datetime": "2020-10-03 19:22:01"}}
{"target": 5.171111111111111, "params": {"beta_enc": 0.896416602456847, "gamma_fc": 0.2202839877937276, "cue_position": 4.0, "beta_rec": 0.23931570743750463}, "datetime": {"delta": 57.155893, "elapsed": 8098.271299, "datetime": "2020-10-03 19:22:59"}}
