{"target": 7.413777777777779, "params": {"cue_position": 0.0, "beta_rec": 0.7969622519799001, "beta_enc": 0.3992186053524538, "gamma_fc": 0.2902979970618682, "k": 5.0, "enc_rate": 1.0}, "datetime": {"elapsed": 3231.638496, "delta": 21.475813, "datetime": "2020-11-23 15:36:24"}}
{"target": 7.558, "params": {"cue_position": 0.0, "beta_rec": 0.3986590599223787, "beta_enc": 0.016715589077006432, "gamma_fc": 0.07091840047038722, "k": 5.0, "enc_rate": 1.0}, "datetime": {"elapsed": 3253.249035, "delta": 21.610539, "datetime": "2020-11-23 15:36:46"}}
{"target": 7.534000000000001, "params": {"cue_position": 0.0, "beta_rec": 0.11379635644740682, "beta_enc": 0.016575882900934147, "gamma_fc": 0.32102631416731586, "k": 5.0, "enc_rate": 1.0}, "datetime": {"elapsed": 3274.845603, "delta": 21.596568, "datetime": "2020-11-23 15:37:07"}}
{"target": 7.855333333333332, "params": {"cue_position": 0.0, "beta_rec": 0.8344865140180296, "beta_enc": 0.9934604630998499, "gamma_fc": 0.03972870668308481, "k": 5.0, "enc_rate": 1.0}, "datetime": {"elapsed": 3296.909989, "delta": 22.064386, "datetime": "2020-11-23 15:37:29"}}
{"target": 7.3966666666666665, "params": {"cue_position": 0.0, "beta_rec": 0.3491674129570773, "beta_enc": 0.4740062899880546, "gamma_fc": 0.5396491100933506, "k": 5.0, "enc_rate": 1.0}, "datetime": {"elapsed": 3318.25795, "delta": 21.347961, "datetime": "2020-11-23 15:37:51"}}
{"target": 7.394222222222221, "params": {"cue_position": 0.0, "beta_rec": 0.8770343892703519, "beta_enc": 0.4466350458236905, "gamma_fc": 0.32836139008759013, "k": 5.0, "enc_rate": 1.0}, "datetime": {"elapsed": 3339.633835, "delta": 21.375885, "datetime": "2020-11-23 15:38:12"}}
{"target": 7.529555555555556, "params": {"cue_position": 0.0, "beta_rec": 0.6714291710812733, "beta_enc": 0.22012867402698122, "gamma_fc": 0.8701917462053776, "k": 5.0, "enc_rate": 1.0}, "datetime": {"elapsed": 3361.330513, "delta": 21.696678, "datetime": "2020-11-23 15:38:34"}}
{"target": 7.417333333333334, "params": {"cue_position": 0.0, "beta_rec": 0.5715420927253323, "beta_enc": 0.3860040110225955, "gamma_fc": 0.8741259355980283, "k": 5.0, "enc_rate": 1.0}, "datetime": {"elapsed": 3382.828784, "delta": 21.498271, "datetime": "2020-11-23 15:38:55"}}
{"target": 5.325111111111111, "params": {"cue_position": 0.0, "beta_rec": 0.2838018349468743, "beta_enc": 0.8125073041746718, "gamma_fc": 0.5546673107876667, "k": 5.0, "enc_rate": 1.0}, "datetime": {"elapsed": 3400.571732, "delta": 17.742948, "datetime": "2020-11-23 15:39:13"}}
{"target": 7.510888888888888, "params": {"cue_position": 0.0, "beta_rec": 0.6687966059228697, "beta_enc": 0.3117029177189814, "gamma_fc": 0.3258099666132048, "k": 5.0, "enc_rate": 1.0}, "datetime": {"elapsed": 3421.979763, "delta": 21.408031, "datetime": "2020-11-23 15:39:34"}}
{"target": 8.392222222222221, "params": {"cue_position": 0.0, "beta_rec": 0.7626320954451107, "beta_enc": 0.7517077209192669, "gamma_fc": 0.041475079576498874, "k": 5.0, "enc_rate": 1.0}, "datetime": {"elapsed": 3444.822181, "delta": 22.842418, "datetime": "2020-11-23 15:39:57"}}
{"target": 7.526888888888889, "params": {"cue_position": 0.0, "beta_rec": 0.6938554113738997, "beta_enc": 0.03711266449399442, "gamma_fc": 0.767788977658173, "k": 5.0, "enc_rate": 1.0}, "datetime": {"elapsed": 3466.353648, "delta": 21.531467, "datetime": "2020-11-23 15:40:19"}}
{"target": 7.514222222222223, "params": {"cue_position": 0.0, "beta_rec": 0.13479311796067905, "beta_enc": 0.03985992663545257, "gamma_fc": 0.05231294643747675, "k": 5.0, "enc_rate": 1.0}, "datetime": {"elapsed": 3487.748583, "delta": 21.394935, "datetime": "2020-11-23 15:40:40"}}
{"target": 7.500444444444445, "params": {"cue_position": 0.0, "beta_rec": 0.6174610120171561, "beta_enc": 0.5120610275239188, "gamma_fc": 0.4540590560591513, "k": 5.0, "enc_rate": 1.0}, "datetime": {"elapsed": 3509.38672, "delta": 21.638137, "datetime": "2020-11-23 15:41:02"}}
{"target": 7.564222222222222, "params": {"cue_position": 0.0, "beta_rec": 0.6562015477440989, "beta_enc": 0.8730681484470995, "gamma_fc": 0.050912383516887205, "k": 5.0, "enc_rate": 1.0}, "datetime": {"elapsed": 3530.927859, "delta": 21.541139, "datetime": "2020-11-23 15:41:23"}}
{"target": 7.554444444444445, "params": {"cue_position": 0.0, "beta_rec": 0.4216578860324509, "beta_enc": 0.0633434434563398, "gamma_fc": 0.4731119528858785, "k": 5.0, "enc_rate": 1.0}, "datetime": {"elapsed": 3552.564284, "delta": 21.636425, "datetime": "2020-11-23 15:41:45"}}
{"target": 8.267999999999999, "params": {"cue_position": 0.0, "beta_rec": 0.8414221567958434, "beta_enc": 0.7728856021671178, "gamma_fc": 0.23941104413775594, "k": 5.0, "enc_rate": 1.0}, "datetime": {"elapsed": 3575.404832, "delta": 22.840548, "datetime": "2020-11-23 15:42:08"}}
{"target": 3.4971111111111113, "params": {"cue_position": 0.0, "beta_rec": 0.6139340023847009, "beta_enc": 0.9438926277837961, "gamma_fc": 0.8978507176676818, "k": 5.0, "enc_rate": 1.0}, "datetime": {"elapsed": 3589.84895, "delta": 14.444118, "datetime": "2020-11-23 15:42:22"}}
{"target": 7.49311111111111, "params": {"cue_position": 0.0, "beta_rec": 0.9408279632013994, "beta_enc": 0.23581463714751372, "gamma_fc": 0.8704248568230661, "k": 5.0, "enc_rate": 1.0}, "datetime": {"elapsed": 3611.463508, "delta": 21.614558, "datetime": "2020-11-23 15:42:44"}}
{"target": 7.106444444444445, "params": {"cue_position": 0.0, "beta_rec": 0.7323748991793305, "beta_enc": 0.6049268729742817, "gamma_fc": 0.8146191812616553, "k": 5.0, "enc_rate": 1.0}, "datetime": {"elapsed": 3632.366956, "delta": 20.903448, "datetime": "2020-11-23 15:43:05"}}
{"target": 7.503777777777778, "params": {"cue_position": 0.0, "beta_rec": 0.8424458099564136, "beta_enc": 0.13051067133926597, "gamma_fc": 0.2482907289970986, "k": 5.0, "enc_rate": 1.0}, "datetime": {"elapsed": 3653.875084, "delta": 21.508128, "datetime": "2020-11-23 15:43:26"}}
{"target": 5.751555555555556, "params": {"cue_position": 0.0, "beta_rec": 0.42166593484970927, "beta_enc": 0.8726861649194619, "gamma_fc": 0.20338083282405106, "k": 5.0, "enc_rate": 1.0}, "datetime": {"elapsed": 3672.33322, "delta": 18.458136, "datetime": "2020-11-23 15:43:45"}}
{"target": 5.033777777777777, "params": {"cue_position": 0.0, "beta_rec": 0.48675074481833813, "beta_enc": 0.8817706230828073, "gamma_fc": 0.624821294185499, "k": 5.0, "enc_rate": 1.0}, "datetime": {"elapsed": 3689.427853, "delta": 17.094633, "datetime": "2020-11-23 15:44:02"}}
{"target": 7.4140000000000015, "params": {"cue_position": 0.0, "beta_rec": 0.8837555081806009, "beta_enc": 0.2821394484048606, "gamma_fc": 0.22700116521465796, "k": 5.0, "enc_rate": 1.0}, "datetime": {"elapsed": 3710.931035, "delta": 21.503182, "datetime": "2020-11-23 15:44:23"}}
{"target": 7.530444444444444, "params": {"cue_position": 0.0, "beta_rec": 0.13141566053746057, "beta_enc": 0.23944623690468037, "gamma_fc": 0.6021836538927108, "k": 5.0, "enc_rate": 1.0}, "datetime": {"elapsed": 3732.402984, "delta": 21.471949, "datetime": "2020-11-23 15:44:45"}}
{"target": 7.592666666666668, "params": {"cue_position": 0.0, "beta_rec": 0.5956250981349497, "beta_enc": 0.34567921329602547, "gamma_fc": 0.05917720718572239, "k": 5.0, "enc_rate": 1.0}, "datetime": {"elapsed": 3754.170799, "delta": 21.767815, "datetime": "2020-11-23 15:45:07"}}
{"target": 5.571111111111112, "params": {"cue_position": 0.0, "beta_rec": 0.5346790571795887, "beta_enc": 0.9482094981876252, "gamma_fc": 0.0073189693278638, "k": 5.0, "enc_rate": 1.0}, "datetime": {"elapsed": 3772.242716, "delta": 18.071917, "datetime": "2020-11-23 15:45:25"}}
{"target": 4.143555555555556, "params": {"cue_position": 0.0, "beta_rec": 0.5883673328938768, "beta_enc": 0.9176063476443932, "gamma_fc": 0.822578152523871, "k": 5.0, "enc_rate": 1.0}, "datetime": {"elapsed": 3787.897058, "delta": 15.654342, "datetime": "2020-11-23 15:45:40"}}
{"target": 7.454888888888888, "params": {"cue_position": 0.0, "beta_rec": 0.12295477155217849, "beta_enc": 0.3209863745244532, "gamma_fc": 0.1267357091420086, "k": 5.0, "enc_rate": 1.0}, "datetime": {"elapsed": 3809.238222, "delta": 21.341164, "datetime": "2020-11-23 15:46:02"}}
{"target": 7.529333333333332, "params": {"cue_position": 0.0, "beta_rec": 0.20018211641098693, "beta_enc": 0.03606831456985993, "gamma_fc": 0.3033456717085691, "k": 5.0, "enc_rate": 1.0}, "datetime": {"elapsed": 3830.76929, "delta": 21.531068, "datetime": "2020-11-23 15:46:23"}}
{"target": 3.304, "params": {"cue_position": 0.0, "beta_rec": 0.5820299763434618, "beta_enc": 0.9974849927283295, "gamma_fc": 0.5071194235482045, "k": 5.0, "enc_rate": 1.0}, "datetime": {"elapsed": 3844.877487, "delta": 14.108197, "datetime": "2020-11-23 15:46:37"}}
{"target": 7.087777777777778, "params": {"cue_position": 0.0, "beta_rec": 0.2641376442105696, "beta_enc": 0.5878715062961865, "gamma_fc": 0.24444799937161088, "k": 5.0, "enc_rate": 1.0}, "datetime": {"elapsed": 3865.902529, "delta": 21.025042, "datetime": "2020-11-23 15:46:58"}}
{"target": 5.270888888888889, "params": {"cue_position": 0.0, "beta_rec": 0.07194722016400112, "beta_enc": 0.6958461339323264, "gamma_fc": 0.8061631629534083, "k": 5.0, "enc_rate": 1.0}, "datetime": {"elapsed": 3883.62788, "delta": 17.725351, "datetime": "2020-11-23 15:47:16"}}
{"target": 7.573777777777778, "params": {"cue_position": 0.0, "beta_rec": 0.48169628302117706, "beta_enc": 0.0800609772712173, "gamma_fc": 0.4487372588243219, "k": 5.0, "enc_rate": 1.0}, "datetime": {"elapsed": 3905.370741, "delta": 21.742861, "datetime": "2020-11-23 15:47:38"}}
{"target": 6.990222222222222, "params": {"cue_position": 0.0, "beta_rec": 0.6971485287527562, "beta_enc": 0.6816453376026229, "gamma_fc": 0.760802456305756, "k": 5.0, "enc_rate": 1.0}, "datetime": {"elapsed": 3925.954199, "delta": 20.583458, "datetime": "2020-11-23 15:47:58"}}
{"target": 4.416444444444444, "params": {"cue_position": 0.0, "beta_rec": 0.23376869260410593, "beta_enc": 0.9041029859138049, "gamma_fc": 0.3205646539951602, "k": 5.0, "enc_rate": 1.0}, "datetime": {"elapsed": 3942.130011, "delta": 16.175812, "datetime": "2020-11-23 15:48:14"}}
{"target": 7.845111111111111, "params": {"cue_position": 0.0, "beta_rec": 0.7600017523497489, "beta_enc": 0.6135258996684316, "gamma_fc": 0.11503501205024624, "k": 5.0, "enc_rate": 1.0}, "datetime": {"elapsed": 3964.268011, "delta": 22.138, "datetime": "2020-11-23 15:48:37"}}
{"target": 7.517111111111111, "params": {"cue_position": 0.0, "beta_rec": 0.8207464986229382, "beta_enc": 0.19384776750950716, "gamma_fc": 0.4911099613042962, "k": 5.0, "enc_rate": 1.0}, "datetime": {"elapsed": 3985.834381, "delta": 21.56637, "datetime": "2020-11-23 15:48:58"}}
{"target": 7.522666666666668, "params": {"cue_position": 0.0, "beta_rec": 0.461602080891622, "beta_enc": 0.23507763668617032, "gamma_fc": 0.7293976982561526, "k": 5.0, "enc_rate": 1.0}, "datetime": {"elapsed": 4007.357347, "delta": 21.522966, "datetime": "2020-11-23 15:49:20"}}
{"target": 7.481999999999999, "params": {"cue_position": 0.0, "beta_rec": 0.8434941260636555, "beta_enc": 0.33039174636170277, "gamma_fc": 0.6570654246228895, "k": 5.0, "enc_rate": 1.0}, "datetime": {"elapsed": 4028.88528, "delta": 21.527933, "datetime": "2020-11-23 15:49:41"}}
{"target": 7.525555555555556, "params": {"cue_position": 0.0, "beta_rec": 0.5295466104783949, "beta_enc": 0.200727488035091, "gamma_fc": 0.8709456091610533, "k": 5.0, "enc_rate": 1.0}, "datetime": {"elapsed": 4050.44427, "delta": 21.55899, "datetime": "2020-11-23 15:50:03"}}
{"target": 7.476444444444445, "params": {"cue_position": 0.0, "beta_rec": 0.6830743663365642, "beta_enc": 0.32984456268188234, "gamma_fc": 0.8785878632047704, "k": 5.0, "enc_rate": 1.0}, "datetime": {"elapsed": 4071.97082, "delta": 21.52655, "datetime": "2020-11-23 15:50:24"}}
{"target": 6.157333333333334, "params": {"cue_position": 0.0, "beta_rec": 0.6671187886992039, "beta_enc": 0.8497689100179306, "gamma_fc": 0.6353709614884534, "k": 5.0, "enc_rate": 1.0}, "datetime": {"elapsed": 4091.144908, "delta": 19.174088, "datetime": "2020-11-23 15:50:44"}}
{"target": 9.116222222222222, "params": {"cue_position": 0.0, "beta_rec": 0.9266684612560008, "beta_enc": 0.959553930282438, "gamma_fc": 0.12318391511991655, "k": 5.0, "enc_rate": 1.0}, "datetime": {"elapsed": 4117.69864, "delta": 26.553732, "datetime": "2020-11-23 15:51:10"}}
{"target": 9.16911111111111, "params": {"cue_position": 0.0, "beta_rec": 0.9314158105287401, "beta_enc": 0.9576563504109481, "gamma_fc": 0.10432385822668386, "k": 5.0, "enc_rate": 1.0}, "datetime": {"elapsed": 4144.28044, "delta": 26.5818, "datetime": "2020-11-23 15:51:37"}}
{"target": 9.127555555555556, "params": {"cue_position": 0.0, "beta_rec": 0.9367497810855456, "beta_enc": 0.9455112319964672, "gamma_fc": 0.08928547978357664, "k": 5.0, "enc_rate": 1.0}, "datetime": {"elapsed": 4170.801741, "delta": 26.521301, "datetime": "2020-11-23 15:52:03"}}
{"target": 9.198444444444444, "params": {"cue_position": 0.0, "beta_rec": 0.9696356344877698, "beta_enc": 0.9983090819046717, "gamma_fc": 0.08927922390399345, "k": 5.0, "enc_rate": 1.0}, "datetime": {"elapsed": 4197.334536, "delta": 26.532795, "datetime": "2020-11-23 15:52:30"}}
{"target": 9.160222222222222, "params": {"cue_position": 0.0, "beta_rec": 0.9689671518258691, "beta_enc": 0.9797058149471304, "gamma_fc": 0.08968845491194244, "k": 5.0, "enc_rate": 1.0}, "datetime": {"elapsed": 4223.933267, "delta": 26.598731, "datetime": "2020-11-23 15:52:56"}}
{"target": 9.136666666666667, "params": {"cue_position": 0.0, "beta_rec": 0.9654917111616012, "beta_enc": 0.9999135175262229, "gamma_fc": 0.07791583619605824, "k": 5.0, "enc_rate": 1.0}, "datetime": {"elapsed": 4250.303842, "delta": 26.370575, "datetime": "2020-11-23 15:53:23"}}
{"target": 9.134222222222224, "params": {"cue_position": 0.0, "beta_rec": 0.9980916680740424, "beta_enc": 0.9933747685511579, "gamma_fc": 0.09639630359030571, "k": 5.0, "enc_rate": 1.0}, "datetime": {"elapsed": 4276.548715, "delta": 26.244873, "datetime": "2020-11-23 15:53:49"}}
{"target": 9.178222222222221, "params": {"cue_position": 0.0, "beta_rec": 0.9595243638567065, "beta_enc": 0.9985798726812245, "gamma_fc": 0.10029119932777708, "k": 5.0, "enc_rate": 1.0}, "datetime": {"elapsed": 4303.109395, "delta": 26.56068, "datetime": "2020-11-23 15:54:15"}}
{"target": 9.007777777777779, "params": {"cue_position": 0.0, "beta_rec": 0.8891101087400696, "beta_enc": 0.9238902483454479, "gamma_fc": 0.11210236223127083, "k": 5.0, "enc_rate": 1.0}, "datetime": {"elapsed": 4329.310057, "delta": 26.200662, "datetime": "2020-11-23 15:54:42"}}
{"target": 7.506666666666666, "params": {"cue_position": 0.0, "beta_rec": 1.0, "beta_enc": 0.0, "gamma_fc": 1.0, "k": 5.0, "enc_rate": 1.0}, "datetime": {"elapsed": 4353.155501, "delta": 23.845444, "datetime": "2020-11-23 15:55:06"}}
{"target": 7.528222222222223, "params": {"cue_position": 0.0, "beta_rec": 1.0, "beta_enc": 0.0, "gamma_fc": 0.7015224350809105, "k": 5.0, "enc_rate": 1.0}, "datetime": {"elapsed": 4377.295571, "delta": 24.14007, "datetime": "2020-11-23 15:55:30"}}
{"target": 7.494888888888889, "params": {"cue_position": 0.0, "beta_rec": 0.5323542821194194, "beta_enc": 0.00014668824111796486, "gamma_fc": 0.9986719939604745, "k": 5.0, "enc_rate": 1.0}, "datetime": {"elapsed": 4401.175603, "delta": 23.880032, "datetime": "2020-11-23 15:55:54"}}
{"target": 7.046222222222222, "params": {"cue_position": 0.0, "beta_rec": 0.9951888734630217, "beta_enc": 0.08122371250896876, "gamma_fc": 0.0002711201410666719, "k": 5.0, "enc_rate": 1.0}, "datetime": {"elapsed": 4424.122714, "delta": 22.947111, "datetime": "2020-11-23 15:56:16"}}
{"target": 7.611555555555556, "params": {"cue_position": 0.0, "beta_rec": 0.35105202561891247, "beta_enc": 0.49338460326444156, "gamma_fc": 0.0014000782166795345, "k": 5.0, "enc_rate": 1.0}, "datetime": {"elapsed": 4448.216395, "delta": 24.093681, "datetime": "2020-11-23 15:56:41"}}
{"target": 7.492, "params": {"cue_position": 0.0, "beta_rec": 0.0, "beta_enc": 0.16318639350346834, "gamma_fc": 0.0, "k": 5.0, "enc_rate": 1.0}, "datetime": {"elapsed": 4472.038267, "delta": 23.821872, "datetime": "2020-11-23 15:57:04"}}
{"target": 8.032222222222222, "params": {"cue_position": 0.0, "beta_rec": 1.0, "beta_enc": 0.7679354832223294, "gamma_fc": 0.4200508739971533, "k": 5.0, "enc_rate": 1.0}, "datetime": {"elapsed": 4496.819089, "delta": 24.780822, "datetime": "2020-11-23 15:57:29"}}
{"target": 7.52488888888889, "params": {"cue_position": 0.0, "beta_rec": 0.004923194462850611, "beta_enc": 0.09213819487572406, "gamma_fc": 0.9972875164738725, "k": 5.0, "enc_rate": 1.0}, "datetime": {"elapsed": 4520.748648, "delta": 23.929559, "datetime": "2020-11-23 15:57:53"}}
{"target": 7.700444444444445, "params": {"cue_position": 0.0, "beta_rec": 1.0, "beta_enc": 0.693640570336117, "gamma_fc": 0.24882771061656436, "k": 5.0, "enc_rate": 1.0}, "datetime": {"elapsed": 4544.773182, "delta": 24.024534, "datetime": "2020-11-23 15:58:17"}}
{"target": 8.023333333333333, "params": {"cue_position": 0.0, "beta_rec": 0.5693672889703222, "beta_enc": 0.5939700909139514, "gamma_fc": 0.005395610772470416, "k": 5.0, "enc_rate": 1.0}, "datetime": {"elapsed": 4569.602957, "delta": 24.829775, "datetime": "2020-11-23 15:58:42"}}
{"target": 9.156, "params": {"cue_position": 0.0, "beta_rec": 0.9829119329679413, "beta_enc": 0.9999067269599203, "gamma_fc": 0.0908412270214407, "k": 5.0, "enc_rate": 1.0}, "datetime": {"elapsed": 4596.091786, "delta": 26.488829, "datetime": "2020-11-23 15:59:08"}}
{"target": 8.815555555555555, "params": {"cue_position": 0.0, "beta_rec": 1.0, "beta_enc": 0.9213638125358624, "gamma_fc": 0.158587411238884, "k": 5.0, "enc_rate": 1.0}, "datetime": {"elapsed": 4623.244402, "delta": 27.152616, "datetime": "2020-11-23 15:59:36"}}
{"target": 8.796222222222223, "params": {"cue_position": 0.0, "beta_rec": 1.0, "beta_enc": 0.92373758091466, "gamma_fc": 0.3207928467249588, "k": 5.0, "enc_rate": 1.0}, "datetime": {"elapsed": 4650.217437, "delta": 26.973035, "datetime": "2020-11-23 16:00:03"}}
{"target": 8.62888888888889, "params": {"cue_position": 0.0, "beta_rec": 0.9030064067505839, "beta_enc": 0.8934919838267538, "gamma_fc": 0.3226873474608387, "k": 5.0, "enc_rate": 1.0}, "datetime": {"elapsed": 4676.804456, "delta": 26.587019, "datetime": "2020-11-23 16:00:29"}}
{"target": 8.486666666666666, "params": {"cue_position": 0.0, "beta_rec": 1.0, "beta_enc": 0.9572649923515946, "gamma_fc": 0.41637356407098064, "k": 5.0, "enc_rate": 1.0}, "datetime": {"elapsed": 4703.185452, "delta": 26.380996, "datetime": "2020-11-23 16:00:56"}}
{"target": 8.966666666666665, "params": {"cue_position": 0.0, "beta_rec": 0.9926411409573516, "beta_enc": 0.9957076997815975, "gamma_fc": 0.26306473742735015, "k": 5.0, "enc_rate": 1.0}, "datetime": {"elapsed": 4730.545865, "delta": 27.360413, "datetime": "2020-11-23 16:01:23"}}
{"target": 8.518666666666665, "params": {"cue_position": 0.0, "beta_rec": 1.0, "beta_enc": 1.0, "gamma_fc": 0.32742768269941996, "k": 5.0, "enc_rate": 1.0}, "datetime": {"elapsed": 4756.997493, "delta": 26.451628, "datetime": "2020-11-23 16:01:49"}}
{"target": 8.982888888888889, "params": {"cue_position": 0.0, "beta_rec": 1.0, "beta_enc": 0.9800748365464468, "gamma_fc": 0.2060950615421372, "k": 5.0, "enc_rate": 1.0}, "datetime": {"elapsed": 4784.427226, "delta": 27.429733, "datetime": "2020-11-23 16:02:17"}}
{"target": 8.98622222222222, "params": {"cue_position": 0.0, "beta_rec": 0.9485984619359175, "beta_enc": 0.9468546953530584, "gamma_fc": 0.24959450194236385, "k": 5.0, "enc_rate": 1.0}, "datetime": {"elapsed": 4812.690324, "delta": 28.263098, "datetime": "2020-11-23 16:02:45"}}
{"target": 6.129777777777778, "params": {"cue_position": 0.0, "beta_rec": 1.0, "beta_enc": 0.7068286832258833, "gamma_fc": 0.0, "k": 5.0, "enc_rate": 1.0}, "datetime": {"elapsed": 4835.446196, "delta": 22.755872, "datetime": "2020-11-23 16:03:08"}}
{"target": 7.821777777777778, "params": {"cue_position": 0.0, "beta_rec": 0.8065127968102003, "beta_enc": 0.7659620233900286, "gamma_fc": 0.43078641353918357, "k": 5.0, "enc_rate": 1.0}, "datetime": {"elapsed": 4860.712, "delta": 25.265804, "datetime": "2020-11-23 16:03:33"}}
{"target": 7.549777777777779, "params": {"cue_position": 0.0, "beta_rec": 0.1864625599873791, "beta_enc": 0.0, "gamma_fc": 1.0, "k": 5.0, "enc_rate": 1.0}, "datetime": {"elapsed": 4885.911566, "delta": 25.199566, "datetime": "2020-11-23 16:03:58"}}
{"target": 7.380444444444445, "params": {"cue_position": 0.0, "beta_rec": 1.0, "beta_enc": 0.3917489211106491, "gamma_fc": 1.0, "k": 5.0, "enc_rate": 1.0}, "datetime": {"elapsed": 4910.646595, "delta": 24.735029, "datetime": "2020-11-23 16:04:23"}}
{"target": 6.64088888888889, "params": {"cue_position": 0.0, "beta_rec": 0.0, "beta_enc": 0.4603812812813023, "gamma_fc": 0.0, "k": 5.0, "enc_rate": 1.0}, "datetime": {"elapsed": 4933.773868, "delta": 23.127273, "datetime": "2020-11-23 16:04:46"}}
{"target": 7.5315555555555544, "params": {"cue_position": 0.0, "beta_rec": 0.0, "beta_enc": 0.12305749599414019, "gamma_fc": 0.20428730568792516, "k": 5.0, "enc_rate": 1.0}, "datetime": {"elapsed": 4958.698923, "delta": 24.925055, "datetime": "2020-11-23 16:05:11"}}
{"target": 7.939777777777778, "params": {"cue_position": 0.0, "beta_rec": 1.0, "beta_enc": 0.8622809844377103, "gamma_fc": 0.5219408243928806, "k": 5.0, "enc_rate": 1.0}, "datetime": {"elapsed": 4983.827888, "delta": 25.128965, "datetime": "2020-11-23 16:05:36"}}
{"target": 7.554666666666667, "params": {"cue_position": 0.0, "beta_rec": 0.618121160026884, "beta_enc": 0.0, "gamma_fc": 0.0, "k": 5.0, "enc_rate": 1.0}, "datetime": {"elapsed": 5008.542783, "delta": 24.714895, "datetime": "2020-11-23 16:06:01"}}
{"target": 8.467111111111112, "params": {"cue_position": 0.0, "beta_rec": 0.8298528444173165, "beta_enc": 0.9188942582294012, "gamma_fc": 0.23324288625077425, "k": 5.0, "enc_rate": 1.0}, "datetime": {"elapsed": 5034.625045, "delta": 26.082262, "datetime": "2020-11-23 16:06:27"}}
