{"target": 5.914888888888889, "params": {"k": 3.0, "beta_rec": 0.7203244934421581, "cue_position": 10.0, "enc_rate": 1.0, "beta_enc": 0.9, "gamma_fc": 0.14675589081711304}, "datetime": {"delta": 0.0, "elapsed": 0.0, "datetime": "2021-03-10 16:30:01"}}
{"target": 5.627111111111111, "params": {"k": 3.0, "beta_rec": 0.34556072704304774, "cue_position": 10.0, "enc_rate": 1.0, "beta_enc": 0.9, "gamma_fc": 0.4191945144032948}, "datetime": {"delta": 30.973109, "elapsed": 30.973109, "datetime": "2021-03-10 16:30:32"}}
{"target": 5.5217777777777775, "params": {"k": 3.0, "beta_rec": 0.8781174363909454, "cue_position": 10.0, "enc_rate": 1.0, "beta_enc": 0.9, "gamma_fc": 0.41730480236712697}, "datetime": {"delta": 30.733443, "elapsed": 61.706552, "datetime": "2021-03-10 16:31:03"}}
{"target": 5.758, "params": {"k": 3.0, "beta_rec": 0.1981014890848788, "cue_position": 10.0, "enc_rate": 1.0, "beta_enc": 0.9, "gamma_fc": 0.31342417815924284}, "datetime": {"delta": 31.526008, "elapsed": 93.23256, "datetime": "2021-03-10 16:31:34"}}
{"target": 5.779111111111111, "params": {"k": 3.0, "beta_rec": 0.8946066635038473, "cue_position": 10.0, "enc_rate": 1.0, "beta_enc": 0.9, "gamma_fc": 0.1698304195645689}, "datetime": {"delta": 33.689197, "elapsed": 126.921757, "datetime": "2021-03-10 16:32:08"}}
{"target": 5.243777777777778, "params": {"k": 3.0, "beta_rec": 0.42110762500505217, "cue_position": 10.0, "enc_rate": 1.0, "beta_enc": 0.9, "gamma_fc": 0.6918771139504734}, "datetime": {"delta": 37.826579, "elapsed": 164.748336, "datetime": "2021-03-10 16:32:46"}}
{"target": 4.720000000000001, "params": {"k": 3.0, "beta_rec": 0.8346256718973729, "cue_position": 10.0, "enc_rate": 1.0, "beta_enc": 0.9, "gamma_fc": 0.9888610889064947}, "datetime": {"delta": 41.047909, "elapsed": 205.796245, "datetime": "2021-03-10 16:33:27"}}
{"target": 4.820666666666666, "params": {"k": 3.0, "beta_rec": 0.7892793284514885, "cue_position": 10.0, "enc_rate": 1.0, "beta_enc": 0.9, "gamma_fc": 0.9085955030930956}, "datetime": {"delta": 48.891378, "elapsed": 254.687623, "datetime": "2021-03-10 16:34:16"}}
{"target": 5.7155555555555555, "params": {"k": 3.0, "beta_rec": 0.13002857211827767, "cue_position": 10.0, "enc_rate": 1.0, "beta_enc": 0.9, "gamma_fc": 0.21162811600005904}, "datetime": {"delta": 50.211903, "elapsed": 304.899526, "datetime": "2021-03-10 16:35:06"}}
{"target": 5.188666666666667, "params": {"k": 3.0, "beta_rec": 0.053362545117080384, "cue_position": 10.0, "enc_rate": 1.0, "beta_enc": 0.9, "gamma_fc": 0.5893055369032842}, "datetime": {"delta": 34.931522, "elapsed": 339.831048, "datetime": "2021-03-10 16:35:41"}}
{"target": 6.113555555555555, "params": {"k": 3.0, "beta_rec": 0.4140559878195683, "cue_position": 10.0, "enc_rate": 1.0, "beta_enc": 0.9, "gamma_fc": 0.04995345894608716}, "datetime": {"delta": 39.893952, "elapsed": 379.725, "datetime": "2021-03-10 16:36:21"}}
{"target": 5.03, "params": {"k": 3.0, "beta_rec": 0.5148891120583086, "cue_position": 10.0, "enc_rate": 1.0, "beta_enc": 0.9, "gamma_fc": 0.9034019152878835}, "datetime": {"delta": 52.012682, "elapsed": 431.737682, "datetime": "2021-03-10 16:37:13"}}
{"target": 4.764666666666667, "params": {"k": 3.0, "beta_rec": 0.8073912887095238, "cue_position": 10.0, "enc_rate": 1.0, "beta_enc": 0.9, "gamma_fc": 0.9275085803960339}, "datetime": {"delta": 46.65831, "elapsed": 478.395992, "datetime": "2021-03-10 16:37:59"}}
{"target": 5.029999999999999, "params": {"k": 3.0, "beta_rec": 0.7259979853504515, "cue_position": 10.0, "enc_rate": 1.0, "beta_enc": 0.9, "gamma_fc": 0.7509424340273372}, "datetime": {"delta": 53.356102, "elapsed": 531.752094, "datetime": "2021-03-10 16:38:53"}}
{"target": 5.083777777777778, "params": {"k": 3.0, "beta_rec": 0.8958862181960668, "cue_position": 10.0, "enc_rate": 1.0, "beta_enc": 0.9, "gamma_fc": 0.6634414978184481}, "datetime": {"delta": 46.570943, "elapsed": 578.323037, "datetime": "2021-03-10 16:39:39"}}
{"target": 5.538666666666666, "params": {"k": 3.0, "beta_rec": 0.9494892587070712, "cue_position": 10.0, "enc_rate": 1.0, "beta_enc": 0.9, "gamma_fc": 0.40813680276128117}, "datetime": {"delta": 48.098075, "elapsed": 626.421112, "datetime": "2021-03-10 16:40:27"}}
{"target": 5.687555555555555, "params": {"k": 3.0, "beta_rec": 0.5736794866722859, "cue_position": 10.0, "enc_rate": 1.0, "beta_enc": 0.9, "gamma_fc": 0.32664490177209615}, "datetime": {"delta": 51.499153, "elapsed": 677.920265, "datetime": "2021-03-10 16:41:19"}}
{"target": 6.1593333333333335, "params": {"k": 3.0, "beta_rec": 0.35726976000249977, "cue_position": 10.0, "enc_rate": 1.0, "beta_enc": 0.9, "gamma_fc": 0.015821242846556283}, "datetime": {"delta": 54.635454, "elapsed": 732.555719, "datetime": "2021-03-10 16:42:13"}}
{"target": 4.677777777777777, "params": {"k": 3.0, "beta_rec": 0.9973228504514805, "cue_position": 10.0, "enc_rate": 1.0, "beta_enc": 0.9, "gamma_fc": 0.9325954630371636}, "datetime": {"delta": 35.896987, "elapsed": 768.452706, "datetime": "2021-03-10 16:42:49"}}
{"target": 5.097777777777778, "params": {"k": 3.0, "beta_rec": 0.7554630526024664, "cue_position": 10.0, "enc_rate": 1.0, "beta_enc": 0.9, "gamma_fc": 0.7115247586284718}, "datetime": {"delta": 52.886789, "elapsed": 821.339495, "datetime": "2021-03-10 16:43:42"}}
{"target": 4.9079999999999995, "params": {"k": 3.0, "beta_rec": 0.026210986877719278, "cue_position": 10.0, "enc_rate": 1.0, "beta_enc": 0.9, "gamma_fc": 0.860027948682888}, "datetime": {"delta": 48.532295, "elapsed": 869.87179, "datetime": "2021-03-10 16:44:31"}}
{"target": 5.217777777777778, "params": {"k": 3.0, "beta_rec": 0.8420308923596057, "cue_position": 10.0, "enc_rate": 1.0, "beta_enc": 0.9, "gamma_fc": 0.5857592714582879}, "datetime": {"delta": 49.056543, "elapsed": 918.928333, "datetime": "2021-03-10 16:45:20"}}
{"target": 4.918222222222222, "params": {"k": 3.0, "beta_rec": 0.01864728937294302, "cue_position": 10.0, "enc_rate": 1.0, "beta_enc": 0.9, "gamma_fc": 0.8071051956187791}, "datetime": {"delta": 46.394074, "elapsed": 965.322407, "datetime": "2021-03-10 16:46:06"}}
{"target": 6.030666666666667, "params": {"k": 3.0, "beta_rec": 0.7471216427371846, "cue_position": 10.0, "enc_rate": 1.0, "beta_enc": 0.9, "gamma_fc": 0.05991768951221166}, "datetime": {"delta": 52.685311, "elapsed": 1018.007718, "datetime": "2021-03-10 16:46:59"}}
{"target": 5.3759999999999994, "params": {"k": 3.0, "beta_rec": 0.1074941291060929, "cue_position": 10.0, "enc_rate": 1.0, "beta_enc": 0.9, "gamma_fc": 0.5597169820541424}, "datetime": {"delta": 48.709122, "elapsed": 1066.71684, "datetime": "2021-03-10 16:47:48"}}
{"target": 5.639111111111111, "params": {"k": 3.0, "beta_rec": 0.967276330000272, "cue_position": 10.0, "enc_rate": 1.0, "beta_enc": 0.9, "gamma_fc": 0.2523257445703234}, "datetime": {"delta": 55.993145, "elapsed": 1122.709985, "datetime": "2021-03-10 16:48:44"}}
{"target": 5.795333333333334, "params": {"k": 3.0, "beta_rec": 0.5813589272732578, "cue_position": 10.0, "enc_rate": 1.0, "beta_enc": 0.9, "gamma_fc": 0.23984775914758616}, "datetime": {"delta": 57.951886, "elapsed": 1180.661871, "datetime": "2021-03-10 16:49:42"}}
{"target": 5.9428888888888896, "params": {"k": 3.0, "beta_rec": 0.8289808995501787, "cue_position": 10.0, "enc_rate": 1.0, "beta_enc": 0.9, "gamma_fc": 0.07002214371922233}, "datetime": {"delta": 58.165041, "elapsed": 1238.826912, "datetime": "2021-03-10 16:50:40"}}
{"target": 5.338222222222223, "params": {"k": 3.0, "beta_rec": 0.5688514370864813, "cue_position": 10.0, "enc_rate": 1.0, "beta_enc": 0.9, "gamma_fc": 0.5797452192457969}, "datetime": {"delta": 40.856929, "elapsed": 1279.683841, "datetime": "2021-03-10 16:51:21"}}
{"target": 5.979555555555555, "params": {"k": 3.0, "beta_rec": 0.7453344309065021, "cue_position": 10.0, "enc_rate": 1.0, "beta_enc": 0.9, "gamma_fc": 0.06633483442844157}, "datetime": {"delta": 50.65798, "elapsed": 1330.341821, "datetime": "2021-03-10 16:52:11"}}
{"target": 5.831777777777778, "params": {"k": 3.0, "beta_rec": 0.2101740099148396, "cue_position": 10.0, "enc_rate": 1.0, "beta_enc": 0.9, "gamma_fc": 0.26031509857854096}, "datetime": {"delta": 48.597047, "elapsed": 1378.938868, "datetime": "2021-03-10 16:53:00"}}
{"target": 5.719111111111111, "params": {"k": 3.0, "beta_rec": 0.6394608808799401, "cue_position": 10.0, "enc_rate": 1.0, "beta_enc": 0.9, "gamma_fc": 0.263296770487111}, "datetime": {"delta": 50.312585, "elapsed": 1429.251453, "datetime": "2021-03-10 16:53:50"}}
{"target": 5.973333333333334, "params": {"k": 3.0, "beta_rec": 0.7721780295432468, "cue_position": 10.0, "enc_rate": 1.0, "beta_enc": 0.9, "gamma_fc": 0.013951572975597015}, "datetime": {"delta": 46.218388, "elapsed": 1475.469841, "datetime": "2021-03-10 16:54:36"}}
{"target": 4.682444444444445, "params": {"k": 3.0, "beta_rec": 0.9490163206876164, "cue_position": 10.0, "enc_rate": 1.0, "beta_enc": 0.9, "gamma_fc": 0.9156063497662745}, "datetime": {"delta": 34.00553, "elapsed": 1509.475371, "datetime": "2021-03-10 16:55:10"}}
{"target": 4.996222222222222, "params": {"k": 3.0, "beta_rec": 0.48599066709690975, "cue_position": 10.0, "enc_rate": 1.0, "beta_enc": 0.9, "gamma_fc": 0.9261814267064536}, "datetime": {"delta": 39.323665, "elapsed": 1548.799036, "datetime": "2021-03-10 16:55:50"}}
{"target": 5.732666666666666, "params": {"k": 3.0, "beta_rec": 0.9632625284407118, "cue_position": 10.0, "enc_rate": 1.0, "beta_enc": 0.9, "gamma_fc": 0.13507915804673132}, "datetime": {"delta": 50.90283, "elapsed": 1599.701866, "datetime": "2021-03-10 16:56:41"}}
{"target": 5.720666666666667, "params": {"k": 3.0, "beta_rec": 0.947970211217681, "cue_position": 10.0, "enc_rate": 1.0, "beta_enc": 0.9, "gamma_fc": 0.17619625557505525}, "datetime": {"delta": 34.73091, "elapsed": 1634.432776, "datetime": "2021-03-10 16:57:15"}}
{"target": 5.253777777777778, "params": {"k": 3.0, "beta_rec": 0.8094906921265821, "cue_position": 10.0, "enc_rate": 1.0, "beta_enc": 0.9, "gamma_fc": 0.58201417994708}, "datetime": {"delta": 46.475745, "elapsed": 1680.908521, "datetime": "2021-03-10 16:58:02"}}
{"target": 4.883111111111111, "params": {"k": 3.0, "beta_rec": 0.9053923187086492, "cue_position": 10.0, "enc_rate": 1.0, "beta_enc": 0.9, "gamma_fc": 0.7986035911520394}, "datetime": {"delta": 53.691971, "elapsed": 1734.600492, "datetime": "2021-03-10 16:58:55"}}
{"target": 5.548444444444444, "params": {"k": 3.0, "beta_rec": 0.5991103076458784, "cue_position": 10.0, "enc_rate": 1.0, "beta_enc": 0.9, "gamma_fc": 0.4336763489894583}, "datetime": {"delta": 42.101618, "elapsed": 1776.70211, "datetime": "2021-03-10 16:59:38"}}
{"target": 4.902666666666667, "params": {"k": 3.0, "beta_rec": 0.8928887085251513, "cue_position": 10.0, "enc_rate": 1.0, "beta_enc": 0.9, "gamma_fc": 0.7879292338255043}, "datetime": {"delta": 38.125639, "elapsed": 1814.827749, "datetime": "2021-03-10 17:00:16"}}
{"target": 6.184666666666667, "params": {"k": 3.0, "beta_rec": 0.4201936800011322, "cue_position": 10.0, "enc_rate": 1.0, "beta_enc": 0.9, "gamma_fc": 0.00040202489135743313}, "datetime": {"delta": 41.421483, "elapsed": 1856.249232, "datetime": "2021-03-10 17:00:57"}}
{"target": 5.198, "params": {"k": 3.0, "beta_rec": 0.9737835383583225, "cue_position": 10.0, "enc_rate": 1.0, "beta_enc": 0.9, "gamma_fc": 0.5747115047081023}, "datetime": {"delta": 54.845517, "elapsed": 1911.094749, "datetime": "2021-03-10 17:01:52"}}
{"target": 5.081777777777778, "params": {"k": 3.0, "beta_rec": 0.586833340656083, "cue_position": 10.0, "enc_rate": 1.0, "beta_enc": 0.9, "gamma_fc": 0.7550821884676802}, "datetime": {"delta": 41.701386, "elapsed": 1952.796135, "datetime": "2021-03-10 17:02:34"}}
{"target": 5.656444444444444, "params": {"k": 3.0, "beta_rec": 0.32268099683674645, "cue_position": 10.0, "enc_rate": 1.0, "beta_enc": 0.9, "gamma_fc": 0.3821027520315172}, "datetime": {"delta": 40.61025, "elapsed": 1993.406385, "datetime": "2021-03-10 17:03:14"}}
{"target": 5.021333333333334, "params": {"k": 3.0, "beta_rec": 0.3173839459582769, "cue_position": 10.0, "enc_rate": 1.0, "beta_enc": 0.9, "gamma_fc": 0.9738020779272523}, "datetime": {"delta": 42.113803, "elapsed": 2035.520188, "datetime": "2021-03-10 17:03:56"}}
{"target": 5.061555555555556, "params": {"k": 3.0, "beta_rec": 0.4267010093480328, "cue_position": 10.0, "enc_rate": 1.0, "beta_enc": 0.9, "gamma_fc": 0.8799982885634318}, "datetime": {"delta": 49.337666, "elapsed": 2084.857854, "datetime": "2021-03-10 17:04:46"}}
{"target": 5.493333333333334, "params": {"k": 3.0, "beta_rec": 0.2702082620297578, "cue_position": 10.0, "enc_rate": 1.0, "beta_enc": 0.9, "gamma_fc": 0.5277146463087466}, "datetime": {"delta": 54.286085, "elapsed": 2139.143939, "datetime": "2021-03-10 17:05:40"}}
{"target": 5.283111111111111, "params": {"k": 3.0, "beta_rec": 0.7331425252875111, "cue_position": 10.0, "enc_rate": 1.0, "beta_enc": 0.9, "gamma_fc": 0.5688579907047155}, "datetime": {"delta": 45.334194, "elapsed": 2184.478133, "datetime": "2021-03-10 17:06:25"}}
{"target": 5.0168888888888885, "params": {"k": 3.0, "beta_rec": 0.06820934841670412, "cue_position": 10.0, "enc_rate": 1.0, "beta_enc": 0.9, "gamma_fc": 0.982817113730445}, "datetime": {"delta": 39.144213, "elapsed": 2223.622346, "datetime": "2021-03-10 17:07:05"}}
{"target": 5.803111111111112, "params": {"k": 3.0, "beta_rec": 0.8749616449558981, "cue_position": 10.0, "enc_rate": 1.0, "beta_enc": 0.9, "gamma_fc": 0.16097143681560877}, "datetime": {"delta": 38.953009, "elapsed": 2262.575355, "datetime": "2021-03-10 17:07:43"}}
{"target": 5.140444444444445, "params": {"k": 3.0, "beta_rec": 0.2250399578140846, "cue_position": 10.0, "enc_rate": 1.0, "beta_enc": 0.9, "gamma_fc": 0.9163055534683507}, "datetime": {"delta": 30.2461, "elapsed": 2292.821455, "datetime": "2021-03-10 17:08:14"}}
{"target": 5.211555555555556, "params": {"k": 3.0, "beta_rec": 0.1108913007440292, "cue_position": 10.0, "enc_rate": 1.0, "beta_enc": 0.9, "gamma_fc": 0.7285856679745962}, "datetime": {"delta": 30.987025, "elapsed": 2323.80848, "datetime": "2021-03-10 17:08:45"}}
{"target": 5.742666666666667, "params": {"k": 3.0, "beta_rec": 0.851671874936367, "cue_position": 10.0, "enc_rate": 1.0, "beta_enc": 0.9, "gamma_fc": 0.23366613923925006}, "datetime": {"delta": 43.952136, "elapsed": 2367.760616, "datetime": "2021-03-10 17:09:29"}}
{"target": 5.386222222222223, "params": {"k": 3.0, "beta_rec": 0.47714098704978236, "cue_position": 10.0, "enc_rate": 1.0, "beta_enc": 0.9, "gamma_fc": 0.5440101188139381}, "datetime": {"delta": 30.944664, "elapsed": 2398.70528, "datetime": "2021-03-10 17:10:00"}}
{"target": 4.926, "params": {"k": 3.0, "beta_rec": 0.7515278171352439, "cue_position": 10.0, "enc_rate": 1.0, "beta_enc": 0.9, "gamma_fc": 0.7852960282216189}, "datetime": {"delta": 37.67384, "elapsed": 2436.37912, "datetime": "2021-03-10 17:10:37"}}
{"target": 4.841111111111111, "params": {"k": 3.0, "beta_rec": 0.872922376400111, "cue_position": 10.0, "enc_rate": 1.0, "beta_enc": 0.9, "gamma_fc": 0.866608274166513}, "datetime": {"delta": 52.420627, "elapsed": 2488.799747, "datetime": "2021-03-10 17:11:30"}}
{"target": 5.088666666666667, "params": {"k": 3.0, "beta_rec": 0.8541154438365387, "cue_position": 10.0, "enc_rate": 1.0, "beta_enc": 0.9, "gamma_fc": 0.703516988152653}, "datetime": {"delta": 53.120543, "elapsed": 2541.92029, "datetime": "2021-03-10 17:12:23"}}
{"target": 5.129555555555555, "params": {"k": 3.0, "beta_rec": 0.03457121987163425, "cue_position": 10.0, "enc_rate": 1.0, "beta_enc": 0.9, "gamma_fc": 0.2596983932983531}, "datetime": {"delta": 30.956428, "elapsed": 2572.876718, "datetime": "2021-03-10 17:12:54"}}
{"target": 5.190666666666667, "params": {"k": 3.0, "beta_rec": 0.34529746159108154, "cue_position": 10.0, "enc_rate": 1.0, "beta_enc": 0.9, "gamma_fc": 0.7827494147841719}, "datetime": {"delta": 37.74617, "elapsed": 2610.622888, "datetime": "2021-03-10 17:13:32"}}
{"target": 5.043333333333334, "params": {"k": 3.0, "beta_rec": 0.14300582825809938, "cue_position": 10.0, "enc_rate": 1.0, "beta_enc": 0.9, "gamma_fc": 0.9747403708550822}, "datetime": {"delta": 40.002506, "elapsed": 2650.625394, "datetime": "2021-03-10 17:14:12"}}
{"target": 5.581555555555556, "params": {"k": 3.0, "beta_rec": 0.5460708041429516, "cue_position": 10.0, "enc_rate": 1.0, "beta_enc": 0.9, "gamma_fc": 0.3557051709838811}, "datetime": {"delta": 31.485147, "elapsed": 2682.110541, "datetime": "2021-03-10 17:14:43"}}
{"target": 4.891111111111111, "params": {"k": 3.0, "beta_rec": 0.7456371927074961, "cue_position": 10.0, "enc_rate": 1.0, "beta_enc": 0.9, "gamma_fc": 0.8623462528380441}, "datetime": {"delta": 36.081534, "elapsed": 2718.192075, "datetime": "2021-03-10 17:15:19"}}
{"target": 5.111111111111112, "params": {"k": 3.0, "beta_rec": 0.18863680095531088, "cue_position": 10.0, "enc_rate": 1.0, "beta_enc": 0.9, "gamma_fc": 0.9897517076637052}, "datetime": {"delta": 32.745294, "elapsed": 2750.937369, "datetime": "2021-03-10 17:15:52"}}
{"target": 6.031111111111111, "params": {"k": 3.0, "beta_rec": 0.26217308377291193, "cue_position": 10.0, "enc_rate": 1.0, "beta_enc": 0.9, "gamma_fc": 0.05692943841109499}, "datetime": {"delta": 33.556429, "elapsed": 2784.493798, "datetime": "2021-03-10 17:16:25"}}
{"target": 5.1626666666666665, "params": {"k": 3.0, "beta_rec": 0.7986042447602102, "cue_position": 10.0, "enc_rate": 1.0, "beta_enc": 0.9, "gamma_fc": 0.593432449464621}, "datetime": {"delta": 35.630699, "elapsed": 2820.124497, "datetime": "2021-03-10 17:17:01"}}
{"target": 4.786888888888889, "params": {"k": 3.0, "beta_rec": 0.7498583107261434, "cue_position": 10.0, "enc_rate": 1.0, "beta_enc": 0.9, "gamma_fc": 0.9594343210617524}, "datetime": {"delta": 43.605809, "elapsed": 2863.730306, "datetime": "2021-03-10 17:17:45"}}
{"target": 5.752666666666667, "params": {"k": 3.0, "beta_rec": 0.7093872512312951, "cue_position": 10.0, "enc_rate": 1.0, "beta_enc": 0.9, "gamma_fc": 0.2214327343234883}, "datetime": {"delta": 34.665892, "elapsed": 2898.396198, "datetime": "2021-03-10 17:18:19"}}
{"target": 5.092888888888889, "params": {"k": 3.0, "beta_rec": 0.42861882866378653, "cue_position": 10.0, "enc_rate": 1.0, "beta_enc": 0.9, "gamma_fc": 0.8029632373737379}, "datetime": {"delta": 30.554163, "elapsed": 2928.950361, "datetime": "2021-03-10 17:18:50"}}
{"target": 5.1768888888888895, "params": {"k": 3.0, "beta_rec": 0.3424541198435198, "cue_position": 10.0, "enc_rate": 1.0, "beta_enc": 0.9, "gamma_fc": 0.8240098704123188}, "datetime": {"delta": 30.493945, "elapsed": 2959.444306, "datetime": "2021-03-10 17:19:20"}}
{"target": 5.992, "params": {"k": 3.0, "beta_rec": 0.6900941829477883, "cue_position": 10.0, "enc_rate": 1.0, "beta_enc": 0.9, "gamma_fc": 0.01603244710091988}, "datetime": {"delta": 45.960484, "elapsed": 3005.40479, "datetime": "2021-03-10 17:20:06"}}
{"target": 6.237333333333334, "params": {"k": 3.0, "beta_rec": 0.3916358025503217, "cue_position": 10.0, "enc_rate": 1.0, "beta_enc": 0.9, "gamma_fc": 0.0}, "datetime": {"delta": 43.12646, "elapsed": 3048.53125, "datetime": "2021-03-10 17:20:49"}}
{"target": 5.883333333333333, "params": {"k": 3.0, "beta_rec": 0.1646097171480241, "cue_position": 10.0, "enc_rate": 1.0, "beta_enc": 0.9, "gamma_fc": 0.0}, "datetime": {"delta": 51.317607, "elapsed": 3099.848857, "datetime": "2021-03-10 17:21:41"}}
{"target": 5.961555555555556, "params": {"k": 3.0, "beta_rec": 0.34720155151450594, "cue_position": 10.0, "enc_rate": 1.0, "beta_enc": 0.9, "gamma_fc": 0.1576073179559887}, "datetime": {"delta": 42.351743, "elapsed": 3142.2006, "datetime": "2021-03-10 17:22:23"}}
{"target": 4.746888888888889, "params": {"k": 3.0, "beta_rec": 0.0, "cue_position": 10.0, "enc_rate": 1.0, "beta_enc": 0.9, "gamma_fc": 0.0}, "datetime": {"delta": 36.348439, "elapsed": 3178.549039, "datetime": "2021-03-10 17:22:59"}}
{"target": 6.101777777777778, "params": {"k": 3.0, "beta_rec": 0.27249976940501835, "cue_position": 10.0, "enc_rate": 1.0, "beta_enc": 0.9, "gamma_fc": 0.0}, "datetime": {"delta": 50.02667, "elapsed": 3228.575709, "datetime": "2021-03-10 17:23:49"}}
{"target": 5.950888888888889, "params": {"k": 3.0, "beta_rec": 0.5277464875109255, "cue_position": 10.0, "enc_rate": 1.0, "beta_enc": 0.9, "gamma_fc": 0.10620440422546394}, "datetime": {"delta": 41.50205, "elapsed": 3270.077759, "datetime": "2021-03-10 17:24:31"}}
{"target": 5.9188888888888895, "params": {"k": 3.0, "beta_rec": 0.4477872409412542, "cue_position": 10.0, "enc_rate": 1.0, "beta_enc": 0.9, "gamma_fc": 0.17073315944745068}, "datetime": {"delta": 41.877836, "elapsed": 3311.955595, "datetime": "2021-03-10 17:25:13"}}
{"target": 5.894222222222221, "params": {"k": 3.0, "beta_rec": 0.21099220331092514, "cue_position": 10.0, "enc_rate": 1.0, "beta_enc": 0.9, "gamma_fc": 0.13291749915398576}, "datetime": {"delta": 37.788342, "elapsed": 3349.743937, "datetime": "2021-03-10 17:25:51"}}
{"target": 3.863777777777778, "params": {"k": 3.0, "beta_rec": 1.0, "cue_position": 10.0, "enc_rate": 1.0, "beta_enc": 0.9, "gamma_fc": 0.0}, "datetime": {"delta": 36.470729, "elapsed": 3386.214666, "datetime": "2021-03-10 17:26:27"}}
{"target": 6.078, "params": {"k": 3.0, "beta_rec": 0.5468849158834205, "cue_position": 10.0, "enc_rate": 1.0, "beta_enc": 0.9, "gamma_fc": 0.0}, "datetime": {"delta": 43.875445, "elapsed": 3430.090111, "datetime": "2021-03-10 17:27:11"}}
{"target": 6.226444444444445, "params": {"k": 3.0, "beta_rec": 0.36695903189419465, "cue_position": 10.0, "enc_rate": 1.0, "beta_enc": 0.9, "gamma_fc": 0.00019682033584722536}, "datetime": {"delta": 39.211156, "elapsed": 3469.301267, "datetime": "2021-03-10 17:27:50"}}
{"target": 5.980888888888889, "params": {"k": 3.0, "beta_rec": 0.6274334691192455, "cue_position": 10.0, "enc_rate": 1.0, "beta_enc": 0.9, "gamma_fc": 0.13027307189210544}, "datetime": {"delta": 52.955236, "elapsed": 3522.256503, "datetime": "2021-03-10 17:28:43"}}
