{"target": 6.471111111111111, "params": {"beta_enc": 0.417022004702574, "beta_rec": 0.7203244934421581, "gamma_fc": 0.30233257263183977, "cue_position": 9.0}, "datetime": {"elapsed": 0.0, "delta": 0.0, "datetime": "2021-08-25 13:08:37"}}
{"target": 6.902222222222223, "params": {"beta_enc": 0.14675589081711304, "beta_rec": 0.0923385947687978, "gamma_fc": 0.34556072704304774, "cue_position": 9.0}, "datetime": {"elapsed": 36.474493, "delta": 36.474493, "datetime": "2021-08-25 13:09:13"}}
{"target": 6.723555555555555, "params": {"beta_enc": 0.39676747423066994, "beta_rec": 0.538816734003357, "gamma_fc": 0.6852195003967595, "cue_position": 9.0}, "datetime": {"elapsed": 71.234342, "delta": 34.759849, "datetime": "2021-08-25 13:09:48"}}
{"target": 6.939555555555555, "params": {"beta_enc": 0.20445224973151743, "beta_rec": 0.8781174363909454, "gamma_fc": 0.6704675101784022, "cue_position": 9.0}, "datetime": {"elapsed": 106.603461, "delta": 35.369119, "datetime": "2021-08-25 13:10:23"}}
{"target": 6.282666666666667, "params": {"beta_enc": 0.41730480236712697, "beta_rec": 0.5586898284457517, "gamma_fc": 0.1981014890848788, "cue_position": 9.0}, "datetime": {"elapsed": 140.010273, "delta": 33.406812, "datetime": "2021-08-25 13:10:57"}}
{"target": 5.010222222222223, "params": {"beta_enc": 0.8007445686755367, "beta_rec": 0.9682615757193975, "gamma_fc": 0.6923226156693141, "cue_position": 9.0}, "datetime": {"elapsed": 169.400093, "delta": 29.38982, "datetime": "2021-08-25 13:11:26"}}
{"target": 4.499111111111111, "params": {"beta_enc": 0.8763891522960383, "beta_rec": 0.8946066635038473, "gamma_fc": 0.03905478323288236, "cue_position": 9.0}, "datetime": {"elapsed": 197.48459, "delta": 28.084497, "datetime": "2021-08-25 13:11:54"}}
{"target": 6.939555555555556, "params": {"beta_enc": 0.1698304195645689, "beta_rec": 0.8781425034294131, "gamma_fc": 0.42110762500505217, "cue_position": 9.0}, "datetime": {"elapsed": 234.021824, "delta": 36.537234, "datetime": "2021-08-25 13:12:31"}}
{"target": 2.859111111111111, "params": {"beta_enc": 0.9578895301505019, "beta_rec": 0.5331652849730171, "gamma_fc": 0.31551563100606295, "cue_position": 9.0}, "datetime": {"elapsed": 257.2275, "delta": 23.205676, "datetime": "2021-08-25 13:12:54"}}
{"target": 5.741777777777778, "params": {"beta_enc": 0.6865009276815837, "beta_rec": 0.8346256718973729, "gamma_fc": 0.7501443149449675, "cue_position": 9.0}, "datetime": {"elapsed": 289.959807, "delta": 32.732307, "datetime": "2021-08-25 13:13:27"}}
{"target": 1.7746666666666666, "params": {"beta_enc": 0.9888610889064947, "beta_rec": 0.7481656543798394, "gamma_fc": 0.7892793284514885, "cue_position": 9.0}, "datetime": {"elapsed": 309.55247, "delta": 19.592663, "datetime": "2021-08-25 13:13:46"}}
{"target": 7.004, "params": {"beta_enc": 0.10322600657764203, "beta_rec": 0.44789352617590517, "gamma_fc": 0.2936141483736795, "cue_position": 9.0}, "datetime": {"elapsed": 346.384516, "delta": 36.832046, "datetime": "2021-08-25 13:14:23"}}
{"target": 6.810888888888888, "params": {"beta_enc": 0.28777533858634874, "beta_rec": 0.13002857211827767, "gamma_fc": 0.678835532939891, "cue_position": 9.0}, "datetime": {"elapsed": 382.601221, "delta": 36.216705, "datetime": "2021-08-25 13:14:59"}}
{"target": 6.8486666666666665, "params": {"beta_enc": 0.21162811600005904, "beta_rec": 0.2655466593722262, "gamma_fc": 0.053362545117080384, "cue_position": 9.0}, "datetime": {"elapsed": 418.817313, "delta": 36.216092, "datetime": "2021-08-25 13:15:36"}}
{"target": 5.7459999999999996, "params": {"beta_enc": 0.5741176054920131, "beta_rec": 0.14672857490581015, "gamma_fc": 0.6997583600209312, "cue_position": 9.0}, "datetime": {"elapsed": 451.497193, "delta": 32.67988, "datetime": "2021-08-25 13:16:08"}}
{"target": 6.9799999999999995, "params": {"beta_enc": 0.10233442882782584, "beta_rec": 0.4140559878195683, "gamma_fc": 0.41417926952690265, "cue_position": 9.0}, "datetime": {"elapsed": 487.949316, "delta": 36.452123, "datetime": "2021-08-25 13:16:45"}}
{"target": 6.98111111111111, "params": {"beta_enc": 0.04995345894608716, "beta_rec": 0.5358964059155116, "gamma_fc": 0.5148891120583086, "cue_position": 9.0}, "datetime": {"elapsed": 524.412329, "delta": 36.463013, "datetime": "2021-08-25 13:17:21"}}
{"target": 3.2824444444444447, "params": {"beta_enc": 0.9445947559908133, "beta_rec": 0.5865550405019929, "gamma_fc": 0.13747470414623753, "cue_position": 9.0}, "datetime": {"elapsed": 548.909717, "delta": 24.497388, "datetime": "2021-08-25 13:17:46"}}
{"target": 6.971111111111111, "params": {"beta_enc": 0.13927634725075855, "beta_rec": 0.8073912887095238, "gamma_fc": 0.16535419711693278, "cue_position": 9.0}, "datetime": {"elapsed": 585.440049, "delta": 36.530332, "datetime": "2021-08-25 13:18:22"}}
{"target": 2.917111111111111, "params": {"beta_enc": 0.9275085803960339, "beta_rec": 0.34776585974550656, "gamma_fc": 0.7259979853504515, "cue_position": 9.0}, "datetime": {"elapsed": 608.82138, "delta": 23.381331, "datetime": "2021-08-25 13:18:46"}}
{"target": 3.9373333333333336, "params": {"beta_enc": 0.8833060912058098, "beta_rec": 0.6236722070556089, "gamma_fc": 0.34889834197784253, "cue_position": 9.0}, "datetime": {"elapsed": 635.52488, "delta": 26.7035, "datetime": "2021-08-25 13:19:12"}}
{"target": 6.901555555555555, "params": {"beta_enc": 0.2699278917650261, "beta_rec": 0.8958862181960668, "gamma_fc": 0.9648400471483856, "cue_position": 9.0}, "datetime": {"elapsed": 671.888076, "delta": 36.363196, "datetime": "2021-08-25 13:19:49"}}
{"target": 5.875111111111112, "params": {"beta_enc": 0.6634414978184481, "beta_rec": 0.6216957202091218, "gamma_fc": 0.9494892587070712, "cue_position": 9.0}, "datetime": {"elapsed": 704.946379, "delta": 33.058303, "datetime": "2021-08-25 13:20:22"}}
{"target": 6.261777777777778, "params": {"beta_enc": 0.4499121334799405, "beta_rec": 0.5783896143871318, "gamma_fc": 0.2370269802430277, "cue_position": 9.0}, "datetime": {"elapsed": 739.218203, "delta": 34.271824, "datetime": "2021-08-25 13:20:56"}}
{"target": 3.5379999999999994, "params": {"beta_enc": 0.9033795205622538, "beta_rec": 0.5736794866722859, "gamma_fc": 0.6171449136207239, "cue_position": 9.0}, "datetime": {"elapsed": 764.753164, "delta": 25.534961, "datetime": "2021-08-25 13:21:22"}}
{"target": 6.6948888888888884, "params": {"beta_enc": 0.32664490177209615, "beta_rec": 0.5270581022576093, "gamma_fc": 0.35726976000249977, "cue_position": 9.0}, "datetime": {"elapsed": 800.381852, "delta": 35.628688, "datetime": "2021-08-25 13:21:57"}}
{"target": 3.3555555555555556, "params": {"beta_enc": 0.9085351509197992, "beta_rec": 0.6233601157918027, "gamma_fc": 0.9294372337437613, "cue_position": 9.0}, "datetime": {"elapsed": 825.226305, "delta": 24.844453, "datetime": "2021-08-25 13:22:22"}}
{"target": 5.546000000000001, "params": {"beta_enc": 0.690896917516924, "beta_rec": 0.9973228504514805, "gamma_fc": 0.13713574962887776, "cue_position": 9.0}, "datetime": {"elapsed": 857.197559, "delta": 31.971254, "datetime": "2021-08-25 13:22:54"}}
{"target": 3.0482222222222224, "params": {"beta_enc": 0.9325954630371636, "beta_rec": 0.6968181614899002, "gamma_fc": 0.7554630526024664, "cue_position": 9.0}, "datetime": {"elapsed": 881.013223, "delta": 23.815664, "datetime": "2021-08-25 13:23:18"}}
{"target": 5.212, "params": {"beta_enc": 0.7538761884612464, "beta_rec": 0.9230245355464833, "gamma_fc": 0.1242709619721647, "cue_position": 9.0}, "datetime": {"elapsed": 911.931753, "delta": 30.91853, "datetime": "2021-08-25 13:23:49"}}
{"target": 7.000666666666666, "params": {"beta_enc": 0.01988013383979559, "beta_rec": 0.026210986877719278, "gamma_fc": 0.2462110676030459, "cue_position": 9.0}, "datetime": {"elapsed": 948.494074, "delta": 36.562321, "datetime": "2021-08-25 13:24:25"}}
{"target": 3.9411111111111112, "params": {"beta_enc": 0.860027948682888, "beta_rec": 0.5388310643416528, "gamma_fc": 0.8420308923596057, "cue_position": 9.0}, "datetime": {"elapsed": 975.295519, "delta": 26.801445, "datetime": "2021-08-25 13:24:52"}}
{"target": 6.983333333333334, "params": {"beta_enc": 0.12417331511991114, "beta_rec": 0.2791836790111395, "gamma_fc": 0.9695957483196745, "cue_position": 9.0}, "datetime": {"elapsed": 1011.663107, "delta": 36.367588, "datetime": "2021-08-25 13:25:29"}}
{"target": 5.504666666666667, "params": {"beta_enc": 0.56103021925571, "beta_rec": 0.01864728937294302, "gamma_fc": 0.23297427384102043, "cue_position": 9.0}, "datetime": {"elapsed": 1043.564722, "delta": 31.901615, "datetime": "2021-08-25 13:26:00"}}
{"target": 4.403777777777778, "params": {"beta_enc": 0.8071051956187791, "beta_rec": 0.38786064406417176, "gamma_fc": 0.7471216427371846, "cue_position": 9.0}, "datetime": {"elapsed": 1071.960782, "delta": 28.39606, "datetime": "2021-08-25 13:26:29"}}
{"target": 5.4797777777777785, "params": {"beta_enc": 0.5562402339904189, "beta_rec": 0.13645522566068502, "gamma_fc": 0.12134345574073735, "cue_position": 9.0}, "datetime": {"elapsed": 1103.783837, "delta": 31.823055, "datetime": "2021-08-25 13:27:01"}}
{"target": 6.998222222222222, "params": {"beta_enc": 0.044551878544761725, "beta_rec": 0.1074941291060929, "gamma_fc": 0.7129889803826767, "cue_position": 9.0}, "datetime": {"elapsed": 1140.241378, "delta": 36.457541, "datetime": "2021-08-25 13:27:37"}}
{"target": 5.535777777777779, "params": {"beta_enc": 0.5597169820541424, "beta_rec": 0.012555980159115854, "gamma_fc": 0.967276330000272, "cue_position": 9.0}, "datetime": {"elapsed": 1172.278384, "delta": 32.037006, "datetime": "2021-08-25 13:28:09"}}
{"target": 5.897777777777778, "params": {"beta_enc": 0.5681004619199421, "beta_rec": 0.20329323466099047, "gamma_fc": 0.7438258540750929, "cue_position": 9.0}, "datetime": {"elapsed": 1205.464309, "delta": 33.185925, "datetime": "2021-08-25 13:28:42"}}
{"target": 6.938888888888888, "params": {"beta_enc": 0.1954294811093188, "beta_rec": 0.5813589272732578, "gamma_fc": 0.8468288014900353, "cue_position": 9.0}, "datetime": {"elapsed": 1241.829821, "delta": 36.365512, "datetime": "2021-08-25 13:29:19"}}
{"target": 6.907111111111111, "params": {"beta_enc": 0.23984775914758616, "beta_rec": 0.49376971426872995, "gamma_fc": 0.8289808995501787, "cue_position": 9.0}, "datetime": {"elapsed": 1278.14274, "delta": 36.312919, "datetime": "2021-08-25 13:29:55"}}
{"target": 6.968444444444444, "params": {"beta_enc": 0.15679139464608427, "beta_rec": 0.018576202177409518, "gamma_fc": 0.4863451109370318, "cue_position": 9.0}, "datetime": {"elapsed": 1314.692543, "delta": 36.549803, "datetime": "2021-08-25 13:30:32"}}
{"target": 6.1146666666666665, "params": {"beta_enc": 0.6063294616533303, "beta_rec": 0.5688514370864813, "gamma_fc": 0.9886161544124489, "cue_position": 9.0}, "datetime": {"elapsed": 1348.51654, "delta": 33.823997, "datetime": "2021-08-25 13:31:05"}}
{"target": 6.063333333333334, "params": {"beta_enc": 0.5797452192457969, "beta_rec": 0.3801411726235504, "gamma_fc": 0.7453344309065021, "cue_position": 9.0}, "datetime": {"elapsed": 1382.207849, "delta": 33.691309, "datetime": "2021-08-25 13:31:39"}}
{"target": 5.109333333333334, "params": {"beta_enc": 0.6692328934531846, "beta_rec": 0.2649195576628094, "gamma_fc": 0.3700841979141063, "cue_position": 9.0}, "datetime": {"elapsed": 1412.943879, "delta": 30.73603, "datetime": "2021-08-25 13:32:10"}}
{"target": 5.056888888888889, "params": {"beta_enc": 0.6297175070215645, "beta_rec": 0.2101740099148396, "gamma_fc": 0.06653648135411494, "cue_position": 9.0}, "datetime": {"elapsed": 1443.576118, "delta": 30.632239, "datetime": "2021-08-25 13:32:40"}}
{"target": 6.899777777777777, "params": {"beta_enc": 0.26031509857854096, "beta_rec": 0.8047545637433454, "gamma_fc": 0.6394608808799401, "cue_position": 9.0}, "datetime": {"elapsed": 1479.941645, "delta": 36.365527, "datetime": "2021-08-25 13:33:17"}}
{"target": 5.787333333333334, "params": {"beta_enc": 0.5246703091237337, "beta_rec": 0.9248079703993507, "gamma_fc": 0.06596109068402378, "cue_position": 9.0}, "datetime": {"elapsed": 1512.633498, "delta": 32.691853, "datetime": "2021-08-25 13:33:49"}}
{"target": 5.476666666666667, "params": {"beta_enc": 0.7350659632886695, "beta_rec": 0.7721780295432468, "gamma_fc": 0.9319720691968373, "cue_position": 9.0}, "datetime": {"elapsed": 1544.188116, "delta": 31.554618, "datetime": "2021-08-25 13:34:21"}}
{"target": 6.976000000000001, "params": {"beta_enc": 0.013951572975597015, "beta_rec": 0.2343620861214205, "gamma_fc": 0.9490163206876164, "cue_position": 9.0}, "datetime": {"elapsed": 1580.619025, "delta": 36.430909, "datetime": "2021-08-25 13:34:57"}}
{"target": 2.800888888888889, "params": {"beta_enc": 0.9501761192470797, "beta_rec": 0.5566531881951564, "gamma_fc": 0.6415662089463375, "cue_position": 9.0}, "datetime": {"elapsed": 1603.67463, "delta": 23.055605, "datetime": "2021-08-25 13:35:21"}}
{"target": 6.660222222222222, "params": {"beta_enc": 0.39000771414124624, "beta_rec": 0.48599066709690975, "gamma_fc": 0.5495479215085626, "cue_position": 9.0}, "datetime": {"elapsed": 1638.904638, "delta": 35.230008, "datetime": "2021-08-25 13:35:56"}}
{"target": 3.150222222222222, "params": {"beta_enc": 0.9261814267064536, "beta_rec": 0.9187334356336061, "gamma_fc": 0.9632625284407118, "cue_position": 9.0}, "datetime": {"elapsed": 1662.473671, "delta": 23.569033, "datetime": "2021-08-25 13:36:19"}}
{"target": 6.981999999999999, "params": {"beta_enc": 0.17395566668046436, "beta_rec": 0.12632951943963733, "gamma_fc": 0.5056621656768967, "cue_position": 9.0}, "datetime": {"elapsed": 1698.493099, "delta": 36.019428, "datetime": "2021-08-25 13:36:55"}}
{"target": 7.088888888888889, "params": {"beta_enc": 0.021524805274197978, "beta_rec": 0.947970211217681, "gamma_fc": 0.015018980742122379, "cue_position": 9.0}, "datetime": {"elapsed": 1735.276745, "delta": 36.783646, "datetime": "2021-08-25 13:37:32"}}
{"target": 6.956, "params": {"beta_enc": 0.17619625557505525, "beta_rec": 0.332063574366837, "gamma_fc": 0.8094906921265821, "cue_position": 9.0}, "datetime": {"elapsed": 1771.821063, "delta": 36.544318, "datetime": "2021-08-25 13:38:09"}}
{"target": 6.842444444444444, "params": {"beta_enc": 0.34473665268329345, "beta_rec": 0.9401074823333672, "gamma_fc": 0.8788319844118441, "cue_position": 9.0}, "datetime": {"elapsed": 1807.740342, "delta": 35.919279, "datetime": "2021-08-25 13:38:45"}}
{"target": 4.581111111111111, "params": {"beta_enc": 0.8447344453922219, "beta_rec": 0.9053923187086492, "gamma_fc": 0.5463468160203733, "cue_position": 9.0}, "datetime": {"elapsed": 1836.724648, "delta": 28.984306, "datetime": "2021-08-25 13:39:14"}}
{"target": 4.33, "params": {"beta_enc": 0.7986035911520394, "beta_rec": 0.28571885173414757, "gamma_fc": 0.5991103076458784, "cue_position": 9.0}, "datetime": {"elapsed": 1864.903248, "delta": 28.1786, "datetime": "2021-08-25 13:39:42"}}
{"target": 6.939333333333335, "params": {"beta_enc": 0.015533275550835723, "beta_rec": 0.5934814081966372, "gamma_fc": 0.8073605288848414, "cue_position": 9.0}, "datetime": {"elapsed": 1901.490936, "delta": 36.587688, "datetime": "2021-08-25 13:40:18"}}
{"target": 6.692444444444443, "params": {"beta_enc": 0.31524480309537295, "beta_rec": 0.8928887085251513, "gamma_fc": 0.18401020162746506, "cue_position": 9.0}, "datetime": {"elapsed": 1937.264482, "delta": 35.773546, "datetime": "2021-08-25 13:40:54"}}
{"target": 4.7, "params": {"beta_enc": 0.7879292338255043, "beta_rec": 0.6120311770449339, "gamma_fc": 0.4201936800011322, "cue_position": 9.0}, "datetime": {"elapsed": 1966.429787, "delta": 29.165305, "datetime": "2021-08-25 13:41:23"}}
{"target": 6.018222222222222, "params": {"beta_enc": 0.6790688365654296, "beta_rec": 0.9186017779775258, "gamma_fc": 0.9767591490310596, "cue_position": 9.0}, "datetime": {"elapsed": 1999.089423, "delta": 32.659636, "datetime": "2021-08-25 13:41:56"}}
{"target": 6.823333333333333, "params": {"beta_enc": 0.37658031474577447, "beta_rec": 0.9737835383583225, "gamma_fc": 0.828845807980693, "cue_position": 9.0}, "datetime": {"elapsed": 2035.080453, "delta": 35.99103, "datetime": "2021-08-25 13:42:32"}}
{"target": 6.165111111111111, "params": {"beta_enc": 0.5747115047081023, "beta_rec": 0.6280761983073504, "gamma_fc": 0.586833340656083, "cue_position": 9.0}, "datetime": {"elapsed": 2069.067128, "delta": 33.986675, "datetime": "2021-08-25 13:43:06"}}
{"target": 5.283111111111111, "params": {"beta_enc": 0.7500217637026599, "beta_rec": 0.8583138364290424, "gamma_fc": 0.698057248447303, "cue_position": 9.0}, "datetime": {"elapsed": 2100.256115, "delta": 31.188987, "datetime": "2021-08-25 13:43:37"}}
{"target": 3.7806666666666664, "params": {"beta_enc": 0.8644794300545998, "beta_rec": 0.32268099683674645, "gamma_fc": 0.45087393641334916, "cue_position": 9.0}, "datetime": {"elapsed": 2126.661458, "delta": 26.405343, "datetime": "2021-08-25 13:44:04"}}
{"target": 6.5726666666666675, "params": {"beta_enc": 0.3821027520315172, "beta_rec": 0.4108113499221856, "gamma_fc": 0.3173839459582769, "cue_position": 9.0}, "datetime": {"elapsed": 2161.911378, "delta": 35.24992, "datetime": "2021-08-25 13:44:39"}}
{"target": 5.844000000000001, "params": {"beta_enc": 0.6219193679203014, "beta_rec": 0.43024727082126435, "gamma_fc": 0.6778008914343111, "cue_position": 9.0}, "datetime": {"elapsed": 2194.837682, "delta": 32.926304, "datetime": "2021-08-25 13:45:12"}}
{"target": 6.963111111111111, "params": {"beta_enc": 0.19856988842711087, "beta_rec": 0.4267010093480328, "gamma_fc": 0.7976388039585666, "cue_position": 9.0}, "datetime": {"elapsed": 2231.311396, "delta": 36.473714, "datetime": "2021-08-25 13:45:48"}}
{"target": 4.6160000000000005, "params": {"beta_enc": 0.8799982885634318, "beta_rec": 0.903841955826372, "gamma_fc": 0.2702082620297578, "cue_position": 9.0}, "datetime": {"elapsed": 2259.991854, "delta": 28.680458, "datetime": "2021-08-25 13:46:17"}}
{"target": 6.926666666666667, "params": {"beta_enc": 0.25236670150458973, "beta_rec": 0.8548979426974024, "gamma_fc": 0.8021610840045981, "cue_position": 9.0}, "datetime": {"elapsed": 2295.486366, "delta": 35.494512, "datetime": "2021-08-25 13:46:52"}}
{"target": 6.312, "params": {"beta_enc": 0.5724885171916063, "beta_rec": 0.7331425252875111, "gamma_fc": 0.770883910501888, "cue_position": 9.0}, "datetime": {"elapsed": 2329.868605, "delta": 34.382239, "datetime": "2021-08-25 13:47:27"}}
{"target": 5.429333333333333, "params": {"beta_enc": 0.5688579907047155, "beta_rec": 0.4657098785919809, "gamma_fc": 0.06820934841670412, "cue_position": 9.0}, "datetime": {"elapsed": 2361.566122, "delta": 31.697517, "datetime": "2021-08-25 13:47:58"}}
{"target": 6.502222222222223, "params": {"beta_enc": 0.37792417932809985, "beta_rec": 0.07962607769825236, "gamma_fc": 0.18161285133076377, "cue_position": 9.0}, "datetime": {"elapsed": 2396.588824, "delta": 35.022702, "datetime": "2021-08-25 13:48:33"}}
{"target": 4.831555555555555, "params": {"beta_enc": 0.8118586977205398, "beta_rec": 0.8749616449558981, "gamma_fc": 0.5694944127453757, "cue_position": 9.0}, "datetime": {"elapsed": 2426.196395, "delta": 29.607571, "datetime": "2021-08-25 13:49:03"}}
{"target": 6.946, "params": {"beta_enc": 0.16097143681560877, "beta_rec": 0.4668800227633063, "gamma_fc": 0.2250399578140846, "cue_position": 9.0}, "datetime": {"elapsed": 2462.023671, "delta": 35.827276, "datetime": "2021-08-25 13:49:39"}}
{"target": 5.963111111111111, "params": {"beta_enc": 0.5925118687657968, "beta_rec": 0.31226983770191696, "gamma_fc": 0.9096355249515571, "cue_position": 9.0}, "datetime": {"elapsed": 2495.211906, "delta": 33.188235, "datetime": "2021-08-25 13:50:12"}}
{"target": 6.844444444444444, "params": {"beta_enc": 0.2571182937821962, "beta_rec": 0.1108913007440292, "gamma_fc": 0.49958417067888605, "cue_position": 9.0}, "datetime": {"elapsed": 2531.280581, "delta": 36.068675, "datetime": "2021-08-25 13:50:48"}}
{"target": 4.804, "params": {"beta_enc": 0.7285856679745962, "beta_rec": 0.20819443840879148, "gamma_fc": 0.851671874936367, "cue_position": 9.0}, "datetime": {"elapsed": 2560.934292, "delta": 29.653711, "datetime": "2021-08-25 13:51:18"}}
{"target": 6.123555555555555, "params": {"beta_enc": 0.41584871826752734, "beta_rec": 0.6166850671552362, "gamma_fc": 0.10196725942579743, "cue_position": 9.0}, "datetime": {"elapsed": 2594.856923, "delta": 33.922631, "datetime": "2021-08-25 13:51:52"}}
{"target": 6.386888888888889, "params": {"beta_enc": 0.5158570169685298, "beta_rec": 0.47714098704978236, "gamma_fc": 0.6218062317404155, "cue_position": 9.0}, "datetime": {"elapsed": 2629.516373, "delta": 34.65945, "datetime": "2021-08-25 13:52:26"}}
{"target": 6.378666666666667, "params": {"beta_enc": 0.5440101188139381, "beta_rec": 0.6541373469707443, "gamma_fc": 0.7515278171352439, "cue_position": 9.0}, "datetime": {"elapsed": 2664.205203, "delta": 34.68883, "datetime": "2021-08-25 13:53:01"}}
{"target": 6.712888888888889, "params": {"beta_enc": 0.2220491397999227, "beta_rec": 0.519351824366033, "gamma_fc": 0.02233042799180618, "cue_position": 9.0}, "datetime": {"elapsed": 2699.936658, "delta": 35.731455, "datetime": "2021-08-25 13:53:37"}}
{"target": 6.869111111111112, "params": {"beta_enc": 0.3243624597261865, "beta_rec": 0.872922376400111, "gamma_fc": 0.5384405925945437, "cue_position": 9.0}, "datetime": {"elapsed": 2736.145653, "delta": 36.208995, "datetime": "2021-08-25 13:54:13"}}
{"target": 4.202888888888889, "params": {"beta_enc": 0.866608274166513, "beta_rec": 0.9498059913536265, "gamma_fc": 0.8541154438365387, "cue_position": 9.0}, "datetime": {"elapsed": 2763.809272, "delta": 27.663619, "datetime": "2021-08-25 13:54:41"}}
{"target": 6.942666666666668, "params": {"beta_enc": 0.09874340182034835, "beta_rec": 0.651304332340991, "gamma_fc": 0.6102408126466297, "cue_position": 9.0}, "datetime": {"elapsed": 2800.191121, "delta": 36.381849, "datetime": "2021-08-25 13:55:17"}}
