{"target": -8649.412546580314, "params": {"epsilon_d": 3.433487137602481, "gamma_cf": 0.32833192479588147, "beta_rec": 0.9438861489803905, "lr": 0.6599893982915572, "phi_s": 2.0861223275769083, "beta_enc": 0.8669964268824791, "s_cf": 0.9868902408688672, "k_intra": 3.564053685515469, "phi_d": 0.40031352593861136, "gamma_fc": 0.171705204173598}, "datetime": {"delta": 59.858485, "datetime": "2020-09-13 19:30:56", "elapsed": 23068.018334}}
{"target": -8649.027743827868, "params": {"epsilon_d": 3.4306926264367563, "gamma_cf": 0.3267287632090881, "beta_rec": 0.9436238919586905, "lr": 0.6641969598209861, "phi_s": 2.0889075295500312, "beta_enc": 0.867661059598669, "s_cf": 0.9943666690125795, "k_intra": 3.5648365894752896, "phi_d": 0.395021133907717, "gamma_fc": 0.1710577715278421}, "datetime": {"delta": 71.960911, "datetime": "2020-09-13 19:32:08", "elapsed": 23139.979245}}
{"target": -8649.076635663816, "params": {"epsilon_d": 3.424028257660828, "gamma_cf": 0.3252772901106367, "beta_rec": 0.9410757046607098, "lr": 0.6674030174829481, "phi_s": 2.0911424712034723, "beta_enc": 0.8616612446015358, "s_cf": 1.0, "k_intra": 3.5660557437319484, "phi_d": 0.3934236881070447, "gamma_fc": 0.17116387586009082}, "datetime": {"delta": 64.199096, "datetime": "2020-09-13 19:33:12", "elapsed": 23204.178341}}
{"target": -8648.562033357774, "params": {"epsilon_d": 3.4277362855979807, "gamma_cf": 0.32646194299793463, "beta_rec": 0.9457417618104277, "lr": 0.6691879151850456, "phi_s": 2.0946590774204097, "beta_enc": 0.8695225326214954, "s_cf": 0.9998304045701414, "k_intra": 3.562963670142624, "phi_d": 0.3897833673181804, "gamma_fc": 0.17231701931610938}, "datetime": {"delta": 69.873294, "datetime": "2020-09-13 19:34:22", "elapsed": 23274.051635}}
{"target": -8649.350164580148, "params": {"epsilon_d": 3.4201419311904915, "gamma_cf": 0.3165472087982702, "beta_rec": 0.9532801351745663, "lr": 0.6773486445273426, "phi_s": 2.104709194455364, "beta_enc": 0.8716280475542841, "s_cf": 0.9955317766034485, "k_intra": 3.5598427146888767, "phi_d": 0.38605214257121784, "gamma_fc": 0.17558686336445223}, "datetime": {"delta": 61.502911, "datetime": "2020-09-13 19:35:24", "elapsed": 23335.554546}}
{"target": -8565.417130430053, "params": {"epsilon_d": 3.687859090943326, "gamma_cf": 0.4068323782727422, "beta_rec": 0.966961862688408, "lr": 0.6280958720700315, "phi_s": 2.27031523991911, "beta_enc": 0.324110128426155, "s_cf": 0.4431585805292609, "k_intra": 8.62253320406027, "phi_d": 0.8537992203181504, "gamma_fc": 0.16257922770313302}, "datetime": {"delta": 64.555256, "datetime": "2020-09-13 19:36:28", "elapsed": 23400.109802}}
{"target": -8648.139288771616, "params": {"epsilon_d": 3.4220467338204315, "gamma_cf": 0.33455646376768555, "beta_rec": 0.9484376115593884, "lr": 0.6635773700449544, "phi_s": 2.099806185765502, "beta_enc": 0.8756484227507755, "s_cf": 1.0, "k_intra": 3.561443180397411, "phi_d": 0.3817034439089218, "gamma_fc": 0.17135334401170452}, "datetime": {"delta": 60.386991, "datetime": "2020-09-13 19:37:29", "elapsed": 23460.496793}}
{"target": -8566.472767930805, "params": {"epsilon_d": 3.677374275742534, "gamma_cf": 0.4013491450137782, "beta_rec": 0.9615784640311688, "lr": 0.6389633598376535, "phi_s": 2.273099498212242, "beta_enc": 0.3248364499613189, "s_cf": 0.4537365250363297, "k_intra": 8.61198010864079, "phi_d": 0.8507124254979044, "gamma_fc": 0.15603826083722522}, "datetime": {"delta": 61.02181, "datetime": "2020-09-13 19:38:30", "elapsed": 23521.518603}}
{"target": -8562.93240302162, "params": {"epsilon_d": 3.682633651738341, "gamma_cf": 0.40613869280442105, "beta_rec": 0.9639897936167315, "lr": 0.6269149594706537, "phi_s": 2.2744293403526528, "beta_enc": 0.3223987733201025, "s_cf": 0.44262173866519666, "k_intra": 8.619041175729226, "phi_d": 0.8453245391360711, "gamma_fc": 0.1610898283588756}, "datetime": {"delta": 60.59095, "datetime": "2020-09-13 19:39:30", "elapsed": 23582.109553}}
{"target": -8555.516336559167, "params": {"epsilon_d": 3.658980842820277, "gamma_cf": 0.4031233441976253, "beta_rec": 0.9512674322795989, "lr": 0.619000364224177, "phi_s": 2.290196226327146, "beta_enc": 0.3172160117959396, "s_cf": 0.43181074122059104, "k_intra": 8.60204482366649, "phi_d": 0.8128727145222181, "gamma_fc": 0.15615067285199766}, "datetime": {"delta": 63.979054, "datetime": "2020-09-13 19:40:34", "elapsed": 23646.088607}}
{"target": -8647.964531931775, "params": {"epsilon_d": 3.4146509761285126, "gamma_cf": 0.33697919478571886, "beta_rec": 0.9483903863189954, "lr": 0.661206589104113, "phi_s": 2.1018674497346392, "beta_enc": 0.8750623520373779, "s_cf": 1.0, "k_intra": 3.561356562786949, "phi_d": 0.38032480057406726, "gamma_fc": 0.16894453571273935}, "datetime": {"delta": 62.598151, "datetime": "2020-09-13 19:41:37", "elapsed": 23708.686758}}
{"target": -8553.867575417706, "params": {"epsilon_d": 3.6455295665842304, "gamma_cf": 0.4020176993183813, "beta_rec": 0.9488722781609338, "lr": 0.6188657004447531, "phi_s": 2.300278081978044, "beta_enc": 0.32005423497642277, "s_cf": 0.4274023578994702, "k_intra": 8.587177684207001, "phi_d": 0.8006615067063202, "gamma_fc": 0.15373141497335305}, "datetime": {"delta": 64.77399, "datetime": "2020-09-13 19:42:42", "elapsed": 23773.460748}}
{"target": -8647.985685782278, "params": {"epsilon_d": 3.407803381909977, "gamma_cf": 0.33874342527035817, "beta_rec": 0.9494483379210671, "lr": 0.6621062974854313, "phi_s": 2.099202706902738, "beta_enc": 0.8764623433776291, "s_cf": 1.0, "k_intra": 3.5621999375628617, "phi_d": 0.38193508686130173, "gamma_fc": 0.1665408657253492}, "datetime": {"delta": 64.445444, "datetime": "2020-09-13 19:43:46", "elapsed": 23837.906192}}
{"target": -8647.94913086053, "params": {"epsilon_d": 3.4093568565762933, "gamma_cf": 0.3394826588885951, "beta_rec": 0.9496799141087319, "lr": 0.6595203535667549, "phi_s": 2.1028166989479042, "beta_enc": 0.87196186167249, "s_cf": 1.0, "k_intra": 3.5600172923564055, "phi_d": 0.38149988388285416, "gamma_fc": 0.16580917000746914}, "datetime": {"delta": 62.03249, "datetime": "2020-09-13 19:44:48", "elapsed": 23899.938682}}
{"target": -8647.9110254773, "params": {"epsilon_d": 3.4068143523229852, "gamma_cf": 0.33860190284519615, "beta_rec": 0.9500555610516989, "lr": 0.6581379334594359, "phi_s": 2.1051008312624773, "beta_enc": 0.8762788597403915, "s_cf": 0.9999831056333103, "k_intra": 3.5581345366203334, "phi_d": 0.38300098199482496, "gamma_fc": 0.16710229162924212}, "datetime": {"delta": 58.611144, "datetime": "2020-09-13 19:45:47", "elapsed": 23958.549826}}
{"target": -8648.08678593935, "params": {"epsilon_d": 3.410459886148616, "gamma_cf": 0.34003322855070794, "beta_rec": 0.9487853748386945, "lr": 0.6600506450949597, "phi_s": 2.104885524219105, "beta_enc": 0.8770456744508853, "s_cf": 1.0, "k_intra": 3.5598976935058406, "phi_d": 0.38033674309394966, "gamma_fc": 0.16716106158444086}, "datetime": {"delta": 65.580134, "datetime": "2020-09-13 19:46:52", "elapsed": 24024.12996}}
{"target": -8647.953872507069, "params": {"epsilon_d": 3.408784783494114, "gamma_cf": 0.33590741955535347, "beta_rec": 0.9509748094668398, "lr": 0.6579928144121115, "phi_s": 2.097542877302915, "beta_enc": 0.8750225318177096, "s_cf": 1.0, "k_intra": 3.5500416062433358, "phi_d": 0.37921261986825217, "gamma_fc": 0.16624980697405348}, "datetime": {"delta": 64.878329, "datetime": "2020-09-13 19:47:57", "elapsed": 24089.008289}}
{"target": -8647.759755549716, "params": {"epsilon_d": 3.3995453585443407, "gamma_cf": 0.33383982887819436, "beta_rec": 0.952587089278729, "lr": 0.6585051532369248, "phi_s": 2.099017303638821, "beta_enc": 0.8757985398954912, "s_cf": 1.0, "k_intra": 3.5546322179039964, "phi_d": 0.3850546775864911, "gamma_fc": 0.1651802404308923}, "datetime": {"delta": 66.262339, "datetime": "2020-09-13 19:49:03", "elapsed": 24155.270628}}
{"target": -8553.487303838807, "params": {"epsilon_d": 3.63932967647425, "gamma_cf": 0.40117916068674764, "beta_rec": 0.9507922552054824, "lr": 0.6198216221531883, "phi_s": 2.3063155114963414, "beta_enc": 0.32166477056590304, "s_cf": 0.4274401081866816, "k_intra": 8.578784994069405, "phi_d": 0.7983856893670519, "gamma_fc": 0.15281470836702257}, "datetime": {"delta": 65.304332, "datetime": "2020-09-13 19:50:09", "elapsed": 24220.57496}}
{"target": -8647.924902691773, "params": {"epsilon_d": 3.4018610434578105, "gamma_cf": 0.333656211289597, "beta_rec": 0.9538763254147582, "lr": 0.6575328258760543, "phi_s": 2.1007225088630794, "beta_enc": 0.8759492464239119, "s_cf": 0.9999999964148185, "k_intra": 3.5591822221775002, "phi_d": 0.38518523334835686, "gamma_fc": 0.16603572909623918}, "datetime": {"delta": 64.641702, "datetime": "2020-09-13 19:51:13", "elapsed": 24285.216662}}
{"target": -8553.322540445752, "params": {"epsilon_d": 3.6402142415724854, "gamma_cf": 0.3993694856397118, "beta_rec": 0.9535233191669897, "lr": 0.6183865828735511, "phi_s": 2.3079931518419667, "beta_enc": 0.3205473375454573, "s_cf": 0.427337703842328, "k_intra": 8.579073422292732, "phi_d": 0.7983992576083194, "gamma_fc": 0.15159880199975242}, "datetime": {"delta": 69.131016, "datetime": "2020-09-13 19:52:22", "elapsed": 24354.347678}}
{"target": -8647.603492946268, "params": {"epsilon_d": 3.4027612130953133, "gamma_cf": 0.33531725451210576, "beta_rec": 0.949335636568281, "lr": 0.6581816423812736, "phi_s": 2.0979323360082813, "beta_enc": 0.8732766888695597, "s_cf": 0.9999999922580903, "k_intra": 3.5541983568252413, "phi_d": 0.38227196127088325, "gamma_fc": 0.1645212098337147}, "datetime": {"delta": 65.382073, "datetime": "2020-09-13 19:53:28", "elapsed": 24419.729751}}
{"target": -8552.367572373214, "params": {"epsilon_d": 3.640165296488755, "gamma_cf": 0.3974937020341169, "beta_rec": 0.9552600523804614, "lr": 0.6183951152836012, "phi_s": 2.3107827671212653, "beta_enc": 0.318755804649044, "s_cf": 0.427538304794861, "k_intra": 8.578779166009177, "phi_d": 0.798126497234476, "gamma_fc": 0.15246343184670813}, "datetime": {"delta": 63.432105, "datetime": "2020-09-13 19:54:31", "elapsed": 24483.161856}}
{"target": -8647.135344171345, "params": {"epsilon_d": 3.3888376647856973, "gamma_cf": 0.33279683973780494, "beta_rec": 0.9453064198341605, "lr": 0.6592003667146336, "phi_s": 2.094859450759185, "beta_enc": 0.8728844860761302, "s_cf": 1.0, "k_intra": 3.5493387536049235, "phi_d": 0.38460756127731827, "gamma_fc": 0.16617380223636918}, "datetime": {"delta": 65.407995, "datetime": "2020-09-13 19:55:37", "elapsed": 24548.569851}}
{"target": -8646.701968007166, "params": {"epsilon_d": 3.358415809428216, "gamma_cf": 0.3346852421142741, "beta_rec": 0.9367831461847431, "lr": 0.6598395775657898, "phi_s": 2.0977202382375544, "beta_enc": 0.8764680558563912, "s_cf": 1.0, "k_intra": 3.5405009843272897, "phi_d": 0.3842407046681119, "gamma_fc": 0.17485028892051613}, "datetime": {"delta": 72.294647, "datetime": "2020-09-13 19:56:49", "elapsed": 24620.864498}}
{"target": -8549.131047260746, "params": {"epsilon_d": 3.6352482773853203, "gamma_cf": 0.38157161236182807, "beta_rec": 0.955109565103442, "lr": 0.6287107935412789, "phi_s": 2.3310084395188344, "beta_enc": 0.30583753921879825, "s_cf": 0.4268468214002571, "k_intra": 8.57619985940253, "phi_d": 0.7886393703476603, "gamma_fc": 0.16223349469363038}, "datetime": {"delta": 65.477528, "datetime": "2020-09-13 19:57:54", "elapsed": 24686.342026}}
{"target": -8646.803234554849, "params": {"epsilon_d": 3.361194681036719, "gamma_cf": 0.3338679626864048, "beta_rec": 0.9346127240644464, "lr": 0.6588095909176914, "phi_s": 2.1017688077083583, "beta_enc": 0.8747410559305834, "s_cf": 1.0, "k_intra": 3.543350120391624, "phi_d": 0.38250969493163023, "gamma_fc": 0.1730030726939707}, "datetime": {"delta": 62.290354, "datetime": "2020-09-13 19:58:57", "elapsed": 24748.63238}}
{"target": -8646.622296043846, "params": {"epsilon_d": 3.3569221869871364, "gamma_cf": 0.33470444220582135, "beta_rec": 0.9383615197334642, "lr": 0.6612977605918336, "phi_s": 2.0931995705919237, "beta_enc": 0.8755383710133847, "s_cf": 1.0, "k_intra": 3.5404493402244297, "phi_d": 0.38855682666944946, "gamma_fc": 0.1708089285203569}, "datetime": {"delta": 66.806366, "datetime": "2020-09-13 20:00:04", "elapsed": 24815.438746}}
{"target": -8646.473995876879, "params": {"epsilon_d": 3.356485307812725, "gamma_cf": 0.3367919382744273, "beta_rec": 0.9401844407840511, "lr": 0.6611769477870195, "phi_s": 2.095194143666164, "beta_enc": 0.8727028282057736, "s_cf": 1.0, "k_intra": 3.540037729268531, "phi_d": 0.38920094208566525, "gamma_fc": 0.1750349970436797}, "datetime": {"delta": 63.09739, "datetime": "2020-09-13 20:01:07", "elapsed": 24878.536136}}
{"target": -8549.504936075631, "params": {"epsilon_d": 3.6326801543185883, "gamma_cf": 0.3775472067945891, "beta_rec": 0.954684618626336, "lr": 0.6325678593264499, "phi_s": 2.334295792110403, "beta_enc": 0.3029792384704581, "s_cf": 0.42671205751508784, "k_intra": 8.573909491163747, "phi_d": 0.7843101098041833, "gamma_fc": 0.16222762969560522}, "datetime": {"delta": 63.919448, "datetime": "2020-09-13 20:02:11", "elapsed": 24942.455584}}
{"target": -8550.257656414775, "params": {"epsilon_d": 3.6363817511485568, "gamma_cf": 0.3786059815147844, "beta_rec": 0.9530229128124532, "lr": 0.6262280200406338, "phi_s": 2.334067334406658, "beta_enc": 0.30480266878983664, "s_cf": 0.42438063867307985, "k_intra": 8.575752015304513, "phi_d": 0.7918669946799117, "gamma_fc": 0.16648880278624442}, "datetime": {"delta": 64.468349, "datetime": "2020-09-13 20:03:15", "elapsed": 25006.923933}}
{"target": -8646.35773041771, "params": {"epsilon_d": 3.3552394042671594, "gamma_cf": 0.3400876139836292, "beta_rec": 0.9433941161894925, "lr": 0.6607523985517575, "phi_s": 2.0942029611271207, "beta_enc": 0.8676009029517893, "s_cf": 1.0, "k_intra": 3.539550775738743, "phi_d": 0.390603990814665, "gamma_fc": 0.17368749788570956}, "datetime": {"delta": 63.388021, "datetime": "2020-09-13 20:04:18", "elapsed": 25070.311954}}
{"target": -8646.218871377348, "params": {"epsilon_d": 3.3466147050674993, "gamma_cf": 0.34075922903392397, "beta_rec": 0.9431065713575643, "lr": 0.6649490019378027, "phi_s": 2.096153703270797, "beta_enc": 0.860584308617772, "s_cf": 1.0, "k_intra": 3.5352347176765164, "phi_d": 0.3903941303850909, "gamma_fc": 0.1749977080087346}, "datetime": {"delta": 65.378508, "datetime": "2020-09-13 20:05:24", "elapsed": 25135.690462}}
{"target": -8646.272139641436, "params": {"epsilon_d": 3.347978063247172, "gamma_cf": 0.3399994060387078, "beta_rec": 0.9426978822231338, "lr": 0.6679589137154149, "phi_s": 2.0911586614156077, "beta_enc": 0.8622142823997614, "s_cf": 0.9999999967451761, "k_intra": 3.5349516589531005, "phi_d": 0.39035984728007367, "gamma_fc": 0.1739537755925934}, "datetime": {"delta": 68.179723, "datetime": "2020-09-13 20:06:32", "elapsed": 25203.870185}}
{"target": -8546.22962894844, "params": {"epsilon_d": 3.6302604030916203, "gamma_cf": 0.3922513810451716, "beta_rec": 0.9628467244095578, "lr": 0.6397169850057118, "phi_s": 2.334457831395039, "beta_enc": 0.30430032077612523, "s_cf": 0.4321628320114423, "k_intra": 8.581378650800719, "phi_d": 0.7808056624014982, "gamma_fc": 0.16105984095835793}, "datetime": {"delta": 67.928256, "datetime": "2020-09-13 20:07:40", "elapsed": 25271.798441}}
{"target": -8646.021612101054, "params": {"epsilon_d": 3.338083586925385, "gamma_cf": 0.33909926583780625, "beta_rec": 0.9417573966481915, "lr": 0.6645054540647906, "phi_s": 2.0945753343976983, "beta_enc": 0.8622243879507421, "s_cf": 1.0, "k_intra": 3.5367744618470276, "phi_d": 0.3913599781431552, "gamma_fc": 0.1754122371037782}, "datetime": {"delta": 72.686377, "datetime": "2020-09-13 20:08:53", "elapsed": 25344.484818}}
{"target": -8645.745591073073, "params": {"epsilon_d": 3.324028320007172, "gamma_cf": 0.33902080847044214, "beta_rec": 0.9446521059900619, "lr": 0.6618722147645623, "phi_s": 2.094516732231483, "beta_enc": 0.8580187972273385, "s_cf": 1.0, "k_intra": 3.5347045960950862, "phi_d": 0.390884592001639, "gamma_fc": 0.17621021082806773}, "datetime": {"delta": 68.23071, "datetime": "2020-09-13 20:10:01", "elapsed": 25412.715528}}
{"target": -8645.565169042995, "params": {"epsilon_d": 3.3046878837829197, "gamma_cf": 0.33616336988484347, "beta_rec": 0.9455975157564305, "lr": 0.6563488227139295, "phi_s": 2.089124883938176, "beta_enc": 0.8554349907765882, "s_cf": 1.0, "k_intra": 3.5329866371695093, "phi_d": 0.3930807012158978, "gamma_fc": 0.17701131691985242}, "datetime": {"delta": 65.50049, "datetime": "2020-09-13 20:11:06", "elapsed": 25478.216018}}
{"target": -8645.854097623675, "params": {"epsilon_d": 3.312785132521518, "gamma_cf": 0.335469483276365, "beta_rec": 0.9457772261196892, "lr": 0.6598919468670097, "phi_s": 2.087858595060709, "beta_enc": 0.8538084846250941, "s_cf": 0.9999203159824623, "k_intra": 3.5353632010494644, "phi_d": 0.3909883805225984, "gamma_fc": 0.17811562390095095}, "datetime": {"delta": 63.841163, "datetime": "2020-09-13 20:12:10", "elapsed": 25542.057181}}
{"target": -8645.199118312763, "params": {"epsilon_d": 3.2939065490917785, "gamma_cf": 0.34036223996198384, "beta_rec": 0.9480071941616277, "lr": 0.6547327357051735, "phi_s": 2.096081441685007, "beta_enc": 0.857617160828635, "s_cf": 1.0, "k_intra": 3.52371940827561, "phi_d": 0.40255745506837987, "gamma_fc": 0.17165553186913432}, "datetime": {"delta": 64.378871, "datetime": "2020-09-13 20:13:15", "elapsed": 25606.436052}}
{"target": -8644.936612545083, "params": {"epsilon_d": 3.285029444979067, "gamma_cf": 0.34072575332121025, "beta_rec": 0.9448809491180844, "lr": 0.655297678412885, "phi_s": 2.0975981494907563, "beta_enc": 0.8576460395539801, "s_cf": 1.0, "k_intra": 3.520743437168966, "phi_d": 0.40239663630262845, "gamma_fc": 0.17117619955795207}, "datetime": {"delta": 64.751513, "datetime": "2020-09-13 20:14:19", "elapsed": 25671.187565}}
{"target": -8644.752163804133, "params": {"epsilon_d": 3.2726849992049605, "gamma_cf": 0.3450283921806982, "beta_rec": 0.9407465851160541, "lr": 0.6607663595637208, "phi_s": 2.096132958718187, "beta_enc": 0.85492940767221, "s_cf": 1.0, "k_intra": 3.514640433949066, "phi_d": 0.4008129750991086, "gamma_fc": 0.17202528971987266}, "datetime": {"delta": 66.311901, "datetime": "2020-09-13 20:15:26", "elapsed": 25737.499466}}
{"target": -8644.771003654429, "params": {"epsilon_d": 3.269895621899111, "gamma_cf": 0.34538716205503145, "beta_rec": 0.9388443470506653, "lr": 0.6611307801446893, "phi_s": 2.1001624575879996, "beta_enc": 0.8532657868689423, "s_cf": 1.0, "k_intra": 3.5160547802429214, "phi_d": 0.40335377112967347, "gamma_fc": 0.17141856333012986}, "datetime": {"delta": 63.820796, "datetime": "2020-09-13 20:16:29", "elapsed": 25801.320262}}
{"target": -8644.817460314407, "params": {"epsilon_d": 3.2752058146254397, "gamma_cf": 0.3453700306657286, "beta_rec": 0.9396976783645065, "lr": 0.6612371285917253, "phi_s": 2.094958422419199, "beta_enc": 0.856551704490348, "s_cf": 1.0, "k_intra": 3.519730026550492, "phi_d": 0.4022407136567913, "gamma_fc": 0.17063330894969472}, "datetime": {"delta": 64.904139, "datetime": "2020-09-13 20:17:34", "elapsed": 25866.224401}}
{"target": -8644.713485048462, "params": {"epsilon_d": 3.2647300240774566, "gamma_cf": 0.3420088822699749, "beta_rec": 0.9414761533392544, "lr": 0.6626983070380246, "phi_s": 2.0951120931246265, "beta_enc": 0.8532614854084252, "s_cf": 1.0, "k_intra": 3.5162175449812496, "phi_d": 0.40179455926517854, "gamma_fc": 0.17002685956974012}, "datetime": {"delta": 65.378377, "datetime": "2020-09-13 20:18:40", "elapsed": 25931.602778}}
{"target": -8545.60912922141, "params": {"epsilon_d": 3.6224056718061757, "gamma_cf": 0.40360413385229743, "beta_rec": 0.9684507871226439, "lr": 0.6454080806977605, "phi_s": 2.3410453213429165, "beta_enc": 0.30234543018376275, "s_cf": 0.432567887504273, "k_intra": 8.583448773302145, "phi_d": 0.7768755801144234, "gamma_fc": 0.16213027068351105}, "datetime": {"delta": 67.010228, "datetime": "2020-09-13 20:19:47", "elapsed": 25998.613006}}
{"target": -8644.843841334387, "params": {"epsilon_d": 3.261842234565394, "gamma_cf": 0.3423908013461942, "beta_rec": 0.9405988413847778, "lr": 0.6626642962695845, "phi_s": 2.095080808561212, "beta_enc": 0.8508327938642839, "s_cf": 1.0, "k_intra": 3.5111464681368436, "phi_d": 0.4038136853836617, "gamma_fc": 0.16913615393724105}, "datetime": {"delta": 65.794933, "datetime": "2020-09-13 20:20:53", "elapsed": 26064.407939}}
{"target": -8544.449320807493, "params": {"epsilon_d": 3.6265623664810014, "gamma_cf": 0.40135614087145927, "beta_rec": 0.9672784985090465, "lr": 0.6467516821465322, "phi_s": 2.339846336843337, "beta_enc": 0.3053039099559612, "s_cf": 0.43431438370027636, "k_intra": 8.584895438448674, "phi_d": 0.7781111219968365, "gamma_fc": 0.16340426581803888}, "datetime": {"delta": 67.570417, "datetime": "2020-09-13 20:22:00", "elapsed": 26131.978356}}
{"target": -8644.473611623167, "params": {"epsilon_d": 3.2666692483852477, "gamma_cf": 0.34232590022882553, "beta_rec": 0.941003212441715, "lr": 0.6649201338219999, "phi_s": 2.0987136023539787, "beta_enc": 0.856713776081106, "s_cf": 1.0, "k_intra": 3.519166829879686, "phi_d": 0.3952415440818719, "gamma_fc": 0.17266614464925714}, "datetime": {"delta": 66.317692, "datetime": "2020-09-13 20:23:06", "elapsed": 26198.296048}}
{"target": -8542.451452514197, "params": {"epsilon_d": 3.6277132496608826, "gamma_cf": 0.39964680098355676, "beta_rec": 0.968947994347261, "lr": 0.6643566988941075, "phi_s": 2.356718186529735, "beta_enc": 0.32376397300841936, "s_cf": 0.4352815299199293, "k_intra": 8.584126614507241, "phi_d": 0.7694207690614271, "gamma_fc": 0.16385082361478806}, "datetime": {"delta": 68.291784, "datetime": "2020-09-13 20:24:15", "elapsed": 26266.587832}}
