{"target": 10.391666666666667, "params": {"gamma_fc": 0.5442012202804853, "beta_enc": 0.01673019143301641, "gamma_cf": 0.8443625578295744, "beta_rec": 0.32226274877583616, "cue_position": 9.0}, "datetime": {"datetime": "2020-06-20 10:02:22", "elapsed": 28477.428899, "delta": 101.637071}}
