{"target": 5.889333333333333, "params": {"k": 3.0, "beta_rec": 0.37980188400048037, "cue_position": 10.0, "enc_rate": 1.0, "beta_enc": 0.9, "gamma_fc": 0.25815593794883857}, "datetime": {"delta": 44.263783, "elapsed": 3566.520286, "datetime": "2021-03-10 17:29:27"}}
{"target": 5.488222222222222, "params": {"k": 3.0, "beta_rec": 0.7361490431672696, "cue_position": 10.0, "enc_rate": 1.0, "beta_enc": 0.9, "gamma_fc": 0.41862093857668947}, "datetime": {"delta": 54.174919, "elapsed": 3620.695205, "datetime": "2021-03-10 17:30:22"}}
{"target": 6.055333333333333, "params": {"k": 3.0, "beta_rec": 0.5906209012818363, "cue_position": 10.0, "enc_rate": 1.0, "beta_enc": 0.9, "gamma_fc": 0.044595944982251105}, "datetime": {"delta": 68.14661, "elapsed": 3688.841815, "datetime": "2021-03-10 17:31:30"}}
{"target": 4.7668888888888885, "params": {"k": 3.0, "beta_rec": 0.0, "cue_position": 10.0, "enc_rate": 1.0, "beta_enc": 0.9, "gamma_fc": 0.4382605978182616}, "datetime": {"delta": 46.622499, "elapsed": 3735.464314, "datetime": "2021-03-10 17:32:16"}}
{"target": 6.181555555555555, "params": {"k": 3.0, "beta_rec": 0.49947346143292737, "cue_position": 10.0, "enc_rate": 1.0, "beta_enc": 0.9, "gamma_fc": 0.033581446365309894}, "datetime": {"delta": 58.411715, "elapsed": 3793.876029, "datetime": "2021-03-10 17:33:15"}}
{"target": 6.165111111111111, "params": {"k": 3.0, "beta_rec": 0.4877286927080233, "cue_position": 10.0, "enc_rate": 1.0, "beta_enc": 0.9, "gamma_fc": 0.0}, "datetime": {"delta": 46.061482, "elapsed": 3839.937511, "datetime": "2021-03-10 17:34:01"}}
{"target": 5.816666666666666, "params": {"k": 3.0, "beta_rec": 0.14304633599438674, "cue_position": 10.0, "enc_rate": 1.0, "beta_enc": 0.9, "gamma_fc": 0.08450961039930083}, "datetime": {"delta": 58.699742, "elapsed": 3898.637253, "datetime": "2021-03-10 17:35:00"}}
{"target": 5.889777777777778, "params": {"k": 3.0, "beta_rec": 0.3006944622077557, "cue_position": 10.0, "enc_rate": 1.0, "beta_enc": 0.9, "gamma_fc": 0.23116850491910473}, "datetime": {"delta": 61.328678, "elapsed": 3959.965931, "datetime": "2021-03-10 17:36:01"}}
{"target": 5.375333333333334, "params": {"k": 3.0, "beta_rec": 0.23292625663781483, "cue_position": 10.0, "enc_rate": 1.0, "beta_enc": 0.9, "gamma_fc": 0.6519571814608731}, "datetime": {"delta": 43.296513, "elapsed": 4003.262444, "datetime": "2021-03-10 17:36:44"}}
{"target": 6.018444444444444, "params": {"k": 3.0, "beta_rec": 0.21607908863156022, "cue_position": 10.0, "enc_rate": 1.0, "beta_enc": 0.9, "gamma_fc": 0.030043872650200365}, "datetime": {"delta": 64.896346, "elapsed": 4068.15879, "datetime": "2021-03-10 17:37:49"}}
{"target": 5.549555555555556, "params": {"k": 3.0, "beta_rec": 0.18492458225125327, "cue_position": 10.0, "enc_rate": 1.0, "beta_enc": 0.9, "gamma_fc": 0.43450149733243576}, "datetime": {"delta": 62.278395, "elapsed": 4130.437185, "datetime": "2021-03-10 17:38:51"}}
{"target": 6.100888888888889, "params": {"k": 3.0, "beta_rec": 0.4679224808824139, "cue_position": 10.0, "enc_rate": 1.0, "beta_enc": 0.9, "gamma_fc": 0.0662798745699946}, "datetime": {"delta": 66.067373, "elapsed": 4196.504558, "datetime": "2021-03-10 17:39:57"}}
{"target": 5.828666666666666, "params": {"k": 3.0, "beta_rec": 0.46965749166061477, "cue_position": 10.0, "enc_rate": 1.0, "beta_enc": 0.9, "gamma_fc": 0.2640249632642621}, "datetime": {"delta": 61.07962, "elapsed": 4257.584178, "datetime": "2021-03-10 17:40:58"}}
{"target": 5.514, "params": {"k": 3.0, "beta_rec": 0.9997457223072154, "cue_position": 10.0, "enc_rate": 1.0, "beta_enc": 0.9, "gamma_fc": 0.3386593716038585}, "datetime": {"delta": 51.046056, "elapsed": 4308.630234, "datetime": "2021-03-10 17:41:50"}}
{"target": 6.079111111111112, "params": {"k": 3.0, "beta_rec": 0.3669806887387814, "cue_position": 10.0, "enc_rate": 1.0, "beta_enc": 0.9, "gamma_fc": 0.09080261300522563}, "datetime": {"delta": 58.288926, "elapsed": 4366.91916, "datetime": "2021-03-10 17:42:48"}}
{"target": 6.135777777777777, "params": {"k": 3.0, "beta_rec": 0.3203755023521493, "cue_position": 10.0, "enc_rate": 1.0, "beta_enc": 0.9, "gamma_fc": 0.0003549244050029543}, "datetime": {"delta": 50.955694, "elapsed": 4417.874854, "datetime": "2021-03-10 17:43:39"}}
{"target": 4.741555555555555, "params": {"k": 3.0, "beta_rec": 0.0, "cue_position": 10.0, "enc_rate": 1.0, "beta_enc": 0.9, "gamma_fc": 0.1422565376575296}, "datetime": {"delta": 38.157858, "elapsed": 4456.032712, "datetime": "2021-03-10 17:44:17"}}
{"target": 5.697333333333333, "params": {"k": 3.0, "beta_rec": 0.4145239916326906, "cue_position": 10.0, "enc_rate": 1.0, "beta_enc": 0.9, "gamma_fc": 0.3483718768680059}, "datetime": {"delta": 54.289491, "elapsed": 4510.322203, "datetime": "2021-03-10 17:45:11"}}
{"target": 6.052666666666666, "params": {"k": 3.0, "beta_rec": 0.5358106529658437, "cue_position": 10.0, "enc_rate": 1.0, "beta_enc": 0.9, "gamma_fc": 0.04381673560126093}, "datetime": {"delta": 45.768483, "elapsed": 4556.090686, "datetime": "2021-03-10 17:45:57"}}
{"target": 6.09911111111111, "params": {"k": 3.0, "beta_rec": 0.617183296498036, "cue_position": 10.0, "enc_rate": 1.0, "beta_enc": 0.9, "gamma_fc": 0.0}, "datetime": {"delta": 56.311496, "elapsed": 4612.402182, "datetime": "2021-03-10 17:46:53"}}
{"target": 6.1962222222222225, "params": {"k": 3.0, "beta_rec": 0.4686155002303263, "cue_position": 10.0, "enc_rate": 1.0, "beta_enc": 0.9, "gamma_fc": 0.025767633565968562}, "datetime": {"delta": 45.631782, "elapsed": 4658.033964, "datetime": "2021-03-10 17:47:39"}}
{"target": 6.062, "params": {"k": 3.0, "beta_rec": 0.29996448504851714, "cue_position": 10.0, "enc_rate": 1.0, "beta_enc": 0.9, "gamma_fc": 0.11344997300194468}, "datetime": {"delta": 46.170419, "elapsed": 4704.204383, "datetime": "2021-03-10 17:48:25"}}
{"target": 4.853111111111112, "params": {"k": 3.0, "beta_rec": 0.5926165028655258, "cue_position": 10.0, "enc_rate": 1.0, "beta_enc": 0.9, "gamma_fc": 0.9997447453554699}, "datetime": {"delta": 38.008838, "elapsed": 4742.213221, "datetime": "2021-03-10 17:49:03"}}
{"target": 4.987111111111112, "params": {"k": 3.0, "beta_rec": 0.9997342920083419, "cue_position": 10.0, "enc_rate": 1.0, "beta_enc": 0.9, "gamma_fc": 0.7177666539960795}, "datetime": {"delta": 39.644166, "elapsed": 4781.857387, "datetime": "2021-03-10 17:49:43"}}
{"target": 5.444666666666667, "params": {"k": 3.0, "beta_rec": 0.3609035336941126, "cue_position": 10.0, "enc_rate": 1.0, "beta_enc": 0.9, "gamma_fc": 0.578199300077024}, "datetime": {"delta": 39.837484, "elapsed": 4821.694871, "datetime": "2021-03-10 17:50:23"}}
{"target": 5.593999999999999, "params": {"k": 3.0, "beta_rec": 0.8911402921991722, "cue_position": 10.0, "enc_rate": 1.0, "beta_enc": 0.9, "gamma_fc": 0.3187301705390493}, "datetime": {"delta": 46.260333, "elapsed": 4867.955204, "datetime": "2021-03-10 17:51:09"}}
{"target": 5.556888888888889, "params": {"k": 3.0, "beta_rec": 0.11320115661377188, "cue_position": 10.0, "enc_rate": 1.0, "beta_enc": 0.9, "gamma_fc": 0.34565778269582625}, "datetime": {"delta": 35.855088, "elapsed": 4903.810292, "datetime": "2021-03-10 17:51:45"}}
{"target": 5.980444444444444, "params": {"k": 3.0, "beta_rec": 0.6485745561694559, "cue_position": 10.0, "enc_rate": 1.0, "beta_enc": 0.9, "gamma_fc": 0.059548582316344634}, "datetime": {"delta": 38.28391, "elapsed": 4942.094202, "datetime": "2021-03-10 17:52:23"}}
{"target": 5.349333333333333, "params": {"k": 3.0, "beta_rec": 0.9999140794295805, "cue_position": 10.0, "enc_rate": 1.0, "beta_enc": 0.9, "gamma_fc": 0.4690686846146248}, "datetime": {"delta": 33.114958, "elapsed": 4975.20916, "datetime": "2021-03-10 17:52:56"}}
{"target": 5.232444444444445, "params": {"k": 3.0, "beta_rec": 0.21667286160548627, "cue_position": 10.0, "enc_rate": 1.0, "beta_enc": 0.9, "gamma_fc": 0.7818260599394012}, "datetime": {"delta": 33.352187, "elapsed": 5008.561347, "datetime": "2021-03-10 17:53:29"}}
{"target": 5.868666666666666, "params": {"k": 3.0, "beta_rec": 0.6583535545198461, "cue_position": 10.0, "enc_rate": 1.0, "beta_enc": 0.9, "gamma_fc": 0.17806355123291484}, "datetime": {"delta": 51.081881, "elapsed": 5059.643228, "datetime": "2021-03-10 17:54:21"}}
{"target": 5.658222222222222, "params": {"k": 3.0, "beta_rec": 0.7743917891684279, "cue_position": 10.0, "enc_rate": 1.0, "beta_enc": 0.9, "gamma_fc": 0.31011396933212054}, "datetime": {"delta": 47.344805, "elapsed": 5106.988033, "datetime": "2021-03-10 17:55:08"}}
{"target": 5.859555555555555, "params": {"k": 3.0, "beta_rec": 0.5253243361373793, "cue_position": 10.0, "enc_rate": 1.0, "beta_enc": 0.9, "gamma_fc": 0.18446950796483952}, "datetime": {"delta": 62.61669, "elapsed": 5169.604723, "datetime": "2021-03-10 17:56:10"}}
{"target": 5.874666666666666, "params": {"k": 3.0, "beta_rec": 0.7854108175523998, "cue_position": 10.0, "enc_rate": 1.0, "beta_enc": 0.9, "gamma_fc": 0.17667608798778045}, "datetime": {"delta": 43.38417, "elapsed": 5212.988893, "datetime": "2021-03-10 17:56:54"}}
{"target": 5.913555555555556, "params": {"k": 3.0, "beta_rec": 0.26618581751688475, "cue_position": 10.0, "enc_rate": 1.0, "beta_enc": 0.9, "gamma_fc": 0.17371732305317078}, "datetime": {"delta": 45.279881, "elapsed": 5258.268774, "datetime": "2021-03-10 17:57:39"}}
{"target": 4.71488888888889, "params": {"k": 3.0, "beta_rec": 0.0006031218545335948, "cue_position": 10.0, "enc_rate": 1.0, "beta_enc": 0.9, "gamma_fc": 0.9972142012291197}, "datetime": {"delta": 44.505187, "elapsed": 5302.773961, "datetime": "2021-03-10 17:58:24"}}
{"target": 5.504888888888888, "params": {"k": 3.0, "beta_rec": 0.9995477977693624, "cue_position": 10.0, "enc_rate": 1.0, "beta_enc": 0.9, "gamma_fc": 0.18066733448100303}, "datetime": {"delta": 50.090836, "elapsed": 5352.864797, "datetime": "2021-03-10 17:59:14"}}
{"target": 5.867333333333333, "params": {"k": 3.0, "beta_rec": 0.8977724629465254, "cue_position": 10.0, "enc_rate": 1.0, "beta_enc": 0.9, "gamma_fc": 0.0898999599618715}, "datetime": {"delta": 35.508755, "elapsed": 5388.373552, "datetime": "2021-03-10 17:59:49"}}
{"target": 5.438444444444444, "params": {"k": 3.0, "beta_rec": 0.45797638806205987, "cue_position": 10.0, "enc_rate": 1.0, "beta_enc": 0.9, "gamma_fc": 0.4456017813519516}, "datetime": {"delta": 53.688955, "elapsed": 5442.062507, "datetime": "2021-03-10 18:00:43"}}
{"target": 5.602444444444445, "params": {"k": 3.0, "beta_rec": 0.6669094499650345, "cue_position": 10.0, "enc_rate": 1.0, "beta_enc": 0.9, "gamma_fc": 0.35562425532504083}, "datetime": {"delta": 33.828184, "elapsed": 5475.890691, "datetime": "2021-03-10 18:01:17"}}
{"target": 6.032, "params": {"k": 3.0, "beta_rec": 0.3222320609870135, "cue_position": 10.0, "enc_rate": 1.0, "beta_enc": 0.9, "gamma_fc": 0.06954206150083031}, "datetime": {"delta": 36.059863, "elapsed": 5511.950554, "datetime": "2021-03-10 18:01:53"}}
{"target": 5.850666666666667, "params": {"k": 3.0, "beta_rec": 0.29041579417262975, "cue_position": 10.0, "enc_rate": 1.0, "beta_enc": 0.9, "gamma_fc": 0.2989314727752974}, "datetime": {"delta": 45.161497, "elapsed": 5557.112051, "datetime": "2021-03-10 18:02:38"}}
{"target": 6.0024444444444445, "params": {"k": 3.0, "beta_rec": 0.41217916429744716, "cue_position": 10.0, "enc_rate": 1.0, "beta_enc": 0.9, "gamma_fc": 0.11434517751137341}, "datetime": {"delta": 39.415687, "elapsed": 5596.527738, "datetime": "2021-03-10 18:03:17"}}
{"target": 6.158222222222223, "params": {"k": 3.0, "beta_rec": 0.3908082525396529, "cue_position": 10.0, "enc_rate": 1.0, "beta_enc": 0.9, "gamma_fc": 0.013475493438043773}, "datetime": {"delta": 49.70516, "elapsed": 5646.232898, "datetime": "2021-03-10 18:04:07"}}
{"target": 4.725777777777778, "params": {"k": 3.0, "beta_rec": 0.00022608884005614893, "cue_position": 10.0, "enc_rate": 1.0, "beta_enc": 0.9, "gamma_fc": 0.6864364634646422}, "datetime": {"delta": 54.47235, "elapsed": 5700.705248, "datetime": "2021-03-10 18:05:02"}}
{"target": 5.474666666666667, "params": {"k": 3.0, "beta_rec": 0.8122704039869068, "cue_position": 10.0, "enc_rate": 1.0, "beta_enc": 0.9, "gamma_fc": 0.4847577475245952}, "datetime": {"delta": 53.172884, "elapsed": 5753.878132, "datetime": "2021-03-10 18:05:55"}}
{"target": 6.061111111111112, "params": {"k": 3.0, "beta_rec": 0.22759021048830008, "cue_position": 10.0, "enc_rate": 1.0, "beta_enc": 0.9, "gamma_fc": 7.1356522921561805e-06}, "datetime": {"delta": 51.396937, "elapsed": 5805.275069, "datetime": "2021-03-10 18:06:46"}}
{"target": 5.444222222222223, "params": {"k": 3.0, "beta_rec": 0.6597597947300043, "cue_position": 10.0, "enc_rate": 1.0, "beta_enc": 0.9, "gamma_fc": 0.4974438458042101}, "datetime": {"delta": 41.558223, "elapsed": 5846.833292, "datetime": "2021-03-10 18:07:28"}}
{"target": 5.944888888888889, "params": {"k": 3.0, "beta_rec": 0.5818892352582282, "cue_position": 10.0, "enc_rate": 1.0, "beta_enc": 0.9, "gamma_fc": 0.15035572886507886}, "datetime": {"delta": 36.019135, "elapsed": 5882.852427, "datetime": "2021-03-10 18:08:04"}}
{"target": 4.553333333333333, "params": {"k": 3.0, "beta_rec": 0.9960562324079526, "cue_position": 10.0, "enc_rate": 1.0, "beta_enc": 0.9, "gamma_fc": 0.9999706400133109}, "datetime": {"delta": 34.500146, "elapsed": 5917.352573, "datetime": "2021-03-10 18:08:38"}}
{"target": 5.172666666666666, "params": {"k": 3.0, "beta_rec": 0.638848213392224, "cue_position": 10.0, "enc_rate": 1.0, "beta_enc": 0.9, "gamma_fc": 0.6532361267083503}, "datetime": {"delta": 33.500366, "elapsed": 5950.852939, "datetime": "2021-03-10 18:09:12"}}
{"target": 5.462666666666666, "params": {"k": 3.0, "beta_rec": 0.10147882954116882, "cue_position": 10.0, "enc_rate": 1.0, "beta_enc": 0.9, "gamma_fc": 0.4604436039341151}, "datetime": {"delta": 35.513711, "elapsed": 5986.36665, "datetime": "2021-03-10 18:09:47"}}
{"target": 5.215333333333334, "params": {"k": 3.0, "beta_rec": 0.5141041904885408, "cue_position": 10.0, "enc_rate": 1.0, "beta_enc": 0.9, "gamma_fc": 0.658352577683189}, "datetime": {"delta": 33.773989, "elapsed": 6020.140639, "datetime": "2021-03-10 18:10:21"}}
{"target": 5.129111111111111, "params": {"k": 3.0, "beta_rec": 0.1275662902772775, "cue_position": 10.0, "enc_rate": 1.0, "beta_enc": 0.9, "gamma_fc": 0.8403519007243906}, "datetime": {"delta": 33.472803, "elapsed": 6053.613442, "datetime": "2021-03-10 18:10:54"}}
{"target": 5.841555555555556, "params": {"k": 3.0, "beta_rec": 0.8573058408738197, "cue_position": 10.0, "enc_rate": 1.0, "beta_enc": 0.9, "gamma_fc": 0.01104717872312122}, "datetime": {"delta": 34.669082, "elapsed": 6088.282524, "datetime": "2021-03-10 18:11:29"}}
{"target": 5.648, "params": {"k": 3.0, "beta_rec": 0.09325684798866263, "cue_position": 10.0, "enc_rate": 1.0, "beta_enc": 0.9, "gamma_fc": 0.0001927318391904409}, "datetime": {"delta": 34.694236, "elapsed": 6122.97676, "datetime": "2021-03-10 18:12:04"}}
{"target": 5.422000000000001, "params": {"k": 3.0, "beta_rec": 0.9128440258349155, "cue_position": 10.0, "enc_rate": 1.0, "beta_enc": 0.9, "gamma_fc": 0.496401117780811}, "datetime": {"delta": 50.740317, "elapsed": 6173.717077, "datetime": "2021-03-10 18:12:55"}}
