{"target": 8.191666666666666, "params": {"beta_enc": 0.8001396843869877, "gamma_cf": 0.42880069291408873, "cue_position": 16.0, "beta_rec": 0.2689360577850649, "gamma_fc": 0.8493711007306549}, "datetime": {"elapsed": 10666.056735, "datetime": "2020-06-20 05:21:14", "delta": 25.998207}}
{"target": 9.791666666666666, "params": {"beta_enc": 0.45037964247172024, "gamma_cf": 0.6193921656967597, "cue_position": 16.0, "beta_rec": 0.9354201140070618, "gamma_fc": 0.9806990363557802}, "datetime": {"elapsed": 10695.332622, "datetime": "2020-06-20 05:21:43", "delta": 29.275887}}
{"target": 8.216666666666667, "params": {"beta_enc": 0.6434625222408049, "gamma_cf": 0.3347513437136638, "cue_position": 16.0, "beta_rec": 0.04549821604060378, "gamma_fc": 0.5321815485216747}, "datetime": {"elapsed": 10721.362128, "datetime": "2020-06-20 05:22:09", "delta": 26.029506}}
{"target": 10.129166666666666, "params": {"beta_enc": 0.2847462086131314, "gamma_cf": 0.6813597548913063, "cue_position": 16.0, "beta_rec": 0.1222612302300028, "gamma_fc": 0.8671392999990885}, "datetime": {"elapsed": 10751.403225, "datetime": "2020-06-20 05:22:40", "delta": 30.041097}}
{"target": 9.741666666666667, "params": {"beta_enc": 0.13238149356273743, "gamma_cf": 0.6465499357511519, "cue_position": 16.0, "beta_rec": 0.798620308278031, "gamma_fc": 0.20492214578063384}, "datetime": {"elapsed": 10780.709605, "datetime": "2020-06-20 05:23:09", "delta": 29.30638}}
{"target": 9.783333333333333, "params": {"beta_enc": 0.2614207144058379, "gamma_cf": 0.477437955592217, "cue_position": 16.0, "beta_rec": 0.41849681753917567, "gamma_fc": 0.4674598920453694}, "datetime": {"elapsed": 10810.216063, "datetime": "2020-06-20 05:23:38", "delta": 29.506458}}
{"target": 6.529166666666667, "params": {"beta_enc": 0.8398407101976674, "gamma_cf": 0.8778014186346996, "cue_position": 16.0, "beta_rec": 0.8701023653075677, "gamma_fc": 0.5710087619370731}, "datetime": {"elapsed": 10832.967341, "datetime": "2020-06-20 05:24:01", "delta": 22.751278}}
{"target": 8.0375, "params": {"beta_enc": 0.9640361333390818, "gamma_cf": 0.31929773707461884, "cue_position": 16.0, "beta_rec": 0.6065443482504677, "gamma_fc": 0.681204184117019}, "datetime": {"elapsed": 10858.938948, "datetime": "2020-06-20 05:24:27", "delta": 25.971607}}
{"target": 10.270833333333334, "params": {"beta_enc": 0.051965688505360985, "gamma_cf": 0.6552012872247357, "cue_position": 16.0, "beta_rec": 0.13454642101194225, "gamma_fc": 0.1753325917713383}, "datetime": {"elapsed": 10889.534096, "datetime": "2020-06-20 05:24:58", "delta": 30.595148}}
{"target": 9.225, "params": {"beta_enc": 0.3411468232515472, "gamma_cf": 0.9642243248492941, "cue_position": 16.0, "beta_rec": 0.04431165583310459, "gamma_fc": 0.5091394025163677}, "datetime": {"elapsed": 10917.912353, "datetime": "2020-06-20 05:25:26", "delta": 28.378257}}
{"target": 10.108333333333333, "params": {"beta_enc": 0.15107451847143194, "gamma_cf": 0.865686014006334, "cue_position": 16.0, "beta_rec": 0.5230085317344643, "gamma_fc": 0.39206586893038686}, "datetime": {"elapsed": 10948.078742, "datetime": "2020-06-20 05:25:56", "delta": 30.166389}}
{"target": 7.091666666666667, "params": {"beta_enc": 0.28386751597340265, "gamma_cf": 0.2542323546573524, "cue_position": 16.0, "beta_rec": 0.7617298626927418, "gamma_fc": 0.08408635417992949}, "datetime": {"elapsed": 10971.985482, "datetime": "2020-06-20 05:26:20", "delta": 23.90674}}
{"target": 6.5875, "params": {"beta_enc": 0.8641440947640269, "gamma_cf": 0.7367109576935199, "cue_position": 16.0, "beta_rec": 0.44789891562027984, "gamma_fc": 0.7964888671311956}, "datetime": {"elapsed": 10995.515676, "datetime": "2020-06-20 05:26:44", "delta": 23.530194}}
{"target": 9.7, "params": {"beta_enc": 0.44750813899031383, "gamma_cf": 0.030997959828255817, "cue_position": 16.0, "beta_rec": 0.18412755617579835, "gamma_fc": 0.9467282696079524}, "datetime": {"elapsed": 11025.012003, "datetime": "2020-06-20 05:27:13", "delta": 29.496327}}
{"target": 8.241666666666667, "params": {"beta_enc": 0.5769778464775016, "gamma_cf": 0.2516595841523237, "cue_position": 16.0, "beta_rec": 0.875388738450687, "gamma_fc": 0.2961299234959044}, "datetime": {"elapsed": 11051.422892, "datetime": "2020-06-20 05:27:40", "delta": 26.410889}}
{"target": 8.983333333333333, "params": {"beta_enc": 0.5329225590316532, "gamma_cf": 0.509898378143109, "cue_position": 16.0, "beta_rec": 0.9620782128470935, "gamma_fc": 0.3437881034368444}, "datetime": {"elapsed": 11079.22631, "datetime": "2020-06-20 05:28:07", "delta": 27.803418}}
{"target": 6.425, "params": {"beta_enc": 0.7697253449571857, "gamma_cf": 0.20412249999433585, "cue_position": 16.0, "beta_rec": 0.802866486432424, "gamma_fc": 0.06708946032885532}, "datetime": {"elapsed": 11101.643139, "datetime": "2020-06-20 05:28:30", "delta": 22.416829}}
{"target": 9.779166666666667, "params": {"beta_enc": 0.1986482644205615, "gamma_cf": 0.8730834972744356, "cue_position": 16.0, "beta_rec": 0.2724008501293822, "gamma_fc": 0.1282309388454863}, "datetime": {"elapsed": 11131.059101, "datetime": "2020-06-20 05:28:59", "delta": 29.415962}}
{"target": 4.854166666666667, "params": {"beta_enc": 0.958188741714896, "gamma_cf": 0.9828807859209906, "cue_position": 16.0, "beta_rec": 0.6831708438541465, "gamma_fc": 0.41610077261814205}, "datetime": {"elapsed": 11150.176894, "datetime": "2020-06-20 05:29:18", "delta": 19.117793}}
{"target": 7.1125, "params": {"beta_enc": 0.5315834658959018, "gamma_cf": 0.2991123446608356, "cue_position": 16.0, "beta_rec": 0.6792129501957186, "gamma_fc": 0.10538467273003926}, "datetime": {"elapsed": 11174.08362, "datetime": "2020-06-20 05:29:42", "delta": 23.906726}}
{"target": 10.079166666666667, "params": {"beta_enc": 0.28493214572214476, "gamma_cf": 0.8013307032031926, "cue_position": 16.0, "beta_rec": 0.7688528482877579, "gamma_fc": 0.5171205319704266}, "datetime": {"elapsed": 11204.312499, "datetime": "2020-06-20 05:30:12", "delta": 30.228879}}
{"target": 9.429166666666667, "params": {"beta_enc": 0.23210002184633505, "gamma_cf": 0.029528744942020957, "cue_position": 16.0, "beta_rec": 0.6279619269819027, "gamma_fc": 0.9033311768168756}, "datetime": {"elapsed": 11232.834137, "datetime": "2020-06-20 05:30:41", "delta": 28.521638}}
{"target": 8.020833333333334, "params": {"beta_enc": 0.4203695688027851, "gamma_cf": 0.9484584043057936, "cue_position": 16.0, "beta_rec": 0.4261307804247122, "gamma_fc": 0.07251552804546335}, "datetime": {"elapsed": 11258.424282, "datetime": "2020-06-20 05:31:07", "delta": 25.590145}}
{"target": 10.266666666666667, "params": {"beta_enc": 0.17270108813227492, "gamma_cf": 0.49549498136119297, "cue_position": 16.0, "beta_rec": 0.3223574891327107, "gamma_fc": 0.8244596107976835}, "datetime": {"elapsed": 11288.626366, "datetime": "2020-06-20 05:31:37", "delta": 30.202084}}
{"target": 9.145833333333334, "params": {"beta_enc": 0.8539724149421759, "gamma_cf": 0.18649268827268528, "cue_position": 16.0, "beta_rec": 0.5958299420587015, "gamma_fc": 0.743390512402039}, "datetime": {"elapsed": 11316.52776, "datetime": "2020-06-20 05:32:05", "delta": 27.901394}}
{"target": 8.275, "params": {"beta_enc": 0.23721405764354764, "gamma_cf": 0.22824910461538594, "cue_position": 16.0, "beta_rec": 0.5394908909265497, "gamma_fc": 0.17450118757274402}, "datetime": {"elapsed": 11342.633691, "datetime": "2020-06-20 05:32:31", "delta": 26.105931}}
{"target": 8.791666666666666, "params": {"beta_enc": 0.03973568657585125, "gamma_cf": 0.10463591174495857, "cue_position": 16.0, "beta_rec": 0.14756883769994755, "gamma_fc": 0.2236450455273178}, "datetime": {"elapsed": 11369.845193, "datetime": "2020-06-20 05:32:58", "delta": 27.211502}}
{"target": 8.308333333333334, "params": {"beta_enc": 0.03275719974597713, "gamma_cf": 0.4135917178017643, "cue_position": 16.0, "beta_rec": 0.6763566354512786, "gamma_fc": 0.13930117132372677}, "datetime": {"elapsed": 11396.061445, "datetime": "2020-06-20 05:33:24", "delta": 26.216252}}
{"target": 8.375, "params": {"beta_enc": 0.3772172876115065, "gamma_cf": 0.4228418130386131, "cue_position": 16.0, "beta_rec": 0.4244374662396153, "gamma_fc": 0.10275656387416432}, "datetime": {"elapsed": 11422.360421, "datetime": "2020-06-20 05:33:50", "delta": 26.298976}}
{"target": 7.266666666666667, "params": {"beta_enc": 0.772580266631544, "gamma_cf": 0.2719561124527795, "cue_position": 16.0, "beta_rec": 0.1372060034899114, "gamma_fc": 0.3010079430799063}, "datetime": {"elapsed": 11446.430326, "datetime": "2020-06-20 05:34:15", "delta": 24.069905}}
{"target": 8.3375, "params": {"beta_enc": 0.6724207725864325, "gamma_cf": 0.4691344398333771, "cue_position": 16.0, "beta_rec": 0.5177867238134145, "gamma_fc": 0.3395408687963035}, "datetime": {"elapsed": 11472.718676, "datetime": "2020-06-20 05:34:41", "delta": 26.28835}}
{"target": 8.304166666666667, "params": {"beta_enc": 0.7044971982481261, "gamma_cf": 0.5262296648916304, "cue_position": 16.0, "beta_rec": 0.226095202432549, "gamma_fc": 0.5006195729230891}, "datetime": {"elapsed": 11498.948676, "datetime": "2020-06-20 05:35:07", "delta": 26.23}}
{"target": 9.908333333333333, "params": {"beta_enc": 0.25368580688768017, "gamma_cf": 0.9818244178252573, "cue_position": 16.0, "beta_rec": 0.18615566973666398, "gamma_fc": 0.13290623766182708}, "datetime": {"elapsed": 11528.495058, "datetime": "2020-06-20 05:35:37", "delta": 29.546382}}
{"target": 8.666666666666666, "params": {"beta_enc": 0.28346243242805713, "gamma_cf": 0.27875840869343704, "cue_position": 16.0, "beta_rec": 0.800641174283456, "gamma_fc": 0.31464760677511183}, "datetime": {"elapsed": 11555.482613, "datetime": "2020-06-20 05:36:04", "delta": 26.987555}}
{"target": 9.791666666666666, "params": {"beta_enc": 0.41994825440192907, "gamma_cf": 0.8573003334512307, "cue_position": 16.0, "beta_rec": 0.6027867622422961, "gamma_fc": 0.6811114704584097}, "datetime": {"elapsed": 11584.683909, "datetime": "2020-06-20 05:36:33", "delta": 29.201296}}
{"target": 8.779166666666667, "params": {"beta_enc": 0.23698206447169834, "gamma_cf": 0.3073814804278443, "cue_position": 16.0, "beta_rec": 0.92572053533626, "gamma_fc": 0.3049656416420632}, "datetime": {"elapsed": 11611.875065, "datetime": "2020-06-20 05:37:00", "delta": 27.191156}}
{"target": 7.554166666666666, "params": {"beta_enc": 0.8811683184289046, "gamma_cf": 0.2777127324734242, "cue_position": 16.0, "beta_rec": 0.1260784803971985, "gamma_fc": 0.8272003251393062}, "datetime": {"elapsed": 11636.491081, "datetime": "2020-06-20 05:37:25", "delta": 24.616016}}
{"target": 9.975, "params": {"beta_enc": 0.3645234475558883, "gamma_cf": 0.4814458975407394, "cue_position": 16.0, "beta_rec": 0.733366094468834, "gamma_fc": 0.8035946264310272}, "datetime": {"elapsed": 11666.15981, "datetime": "2020-06-20 05:37:54", "delta": 29.668729}}
{"target": 9.020833333333334, "params": {"beta_enc": 0.39698821167237397, "gamma_cf": 0.7533258058943924, "cue_position": 16.0, "beta_rec": 0.16157403985608987, "gamma_fc": 0.2801926353730937}, "datetime": {"elapsed": 11693.794007, "datetime": "2020-06-20 05:38:22", "delta": 27.634197}}
{"target": 9.708333333333334, "params": {"beta_enc": 0.45136186123240163, "gamma_cf": 0.7071876097841823, "cue_position": 16.0, "beta_rec": 0.9004489123860653, "gamma_fc": 0.5909005994904067}, "datetime": {"elapsed": 11722.882618, "datetime": "2020-06-20 05:38:51", "delta": 29.088611}}
{"target": 8.883333333333333, "params": {"beta_enc": 0.8173822703971256, "gamma_cf": 0.39722776623376177, "cue_position": 16.0, "beta_rec": 0.907644646099839, "gamma_fc": 0.5614096837184815}, "datetime": {"elapsed": 11750.198711, "datetime": "2020-06-20 05:39:18", "delta": 27.316093}}
{"target": 7.375, "params": {"beta_enc": 0.7339231362848766, "gamma_cf": 0.2796211794498489, "cue_position": 16.0, "beta_rec": 0.08747276218504352, "gamma_fc": 0.42351005310518297}, "datetime": {"elapsed": 11774.464628, "datetime": "2020-06-20 05:39:43", "delta": 24.265917}}
{"target": 9.454166666666667, "params": {"beta_enc": 0.49797863267328835, "gamma_cf": 0.6204682006051905, "cue_position": 16.0, "beta_rec": 0.660015223526051, "gamma_fc": 0.5824398618892226}, "datetime": {"elapsed": 11803.03968, "datetime": "2020-06-20 05:40:11", "delta": 28.575052}}
{"target": 9.054166666666667, "params": {"beta_enc": 0.42833239803885637, "gamma_cf": 0.3202066542862888, "cue_position": 16.0, "beta_rec": 0.004976364711265391, "gamma_fc": 0.1469781258549313}, "datetime": {"elapsed": 11830.780505, "datetime": "2020-06-20 05:40:39", "delta": 27.740825}}
{"target": 9.470833333333333, "params": {"beta_enc": 0.5986638816064357, "gamma_cf": 0.32084890160086454, "cue_position": 16.0, "beta_rec": 0.6114994766596024, "gamma_fc": 0.6532580520244544}, "datetime": {"elapsed": 11859.333153, "datetime": "2020-06-20 05:41:07", "delta": 28.552648}}
{"target": 10.241666666666667, "params": {"beta_enc": 0.19028348267904371, "gamma_cf": 0.4435038419039351, "cue_position": 16.0, "beta_rec": 0.0058809814446282305, "gamma_fc": 0.6978416560498484}, "datetime": {"elapsed": 11889.483556, "datetime": "2020-06-20 05:41:38", "delta": 30.150403}}
{"target": 10.05, "params": {"beta_enc": 0.185043349636976, "gamma_cf": 0.695996510445494, "cue_position": 16.0, "beta_rec": 0.06261980198391548, "gamma_fc": 0.10281836745431583}, "datetime": {"elapsed": 11919.287927, "datetime": "2020-06-20 05:42:07", "delta": 29.804371}}
{"target": 9.925, "params": {"beta_enc": 0.19583423367499242, "gamma_cf": 0.750124248068985, "cue_position": 16.0, "beta_rec": 0.4539526504065199, "gamma_fc": 0.1097350212856566}, "datetime": {"elapsed": 11948.80823, "datetime": "2020-06-20 05:42:37", "delta": 29.520303}}
{"target": 8.945833333333333, "params": {"beta_enc": 0.6246236071556411, "gamma_cf": 0.2035603776619016, "cue_position": 16.0, "beta_rec": 0.3873605221444808, "gamma_fc": 0.5279187975307311}, "datetime": {"elapsed": 11976.270387, "datetime": "2020-06-20 05:43:04", "delta": 27.462157}}
{"target": 9.941666666666666, "params": {"beta_enc": 0.1721625549559327, "gamma_cf": 0.18417777656089307, "cue_position": 16.0, "beta_rec": 0.018681005996375344, "gamma_fc": 0.6383433300033875}, "datetime": {"elapsed": 12005.726389, "datetime": "2020-06-20 05:43:34", "delta": 29.456002}}
{"target": 8.6125, "params": {"beta_enc": 0.5365748193404329, "gamma_cf": 0.9894521308362529, "cue_position": 16.0, "beta_rec": 0.7749453799977457, "gamma_fc": 0.5152146961620737}, "datetime": {"elapsed": 12032.474043, "datetime": "2020-06-20 05:44:01", "delta": 26.747654}}
{"target": 9.4625, "params": {"beta_enc": 0.47882340118547173, "gamma_cf": 0.3624653173000254, "cue_position": 16.0, "beta_rec": 0.7494424707521696, "gamma_fc": 0.48924478546014216}, "datetime": {"elapsed": 12061.031171, "datetime": "2020-06-20 05:44:29", "delta": 28.557128}}
{"target": 9.529166666666667, "params": {"beta_enc": 0.18913837493884977, "gamma_cf": 0.46252906034220287, "cue_position": 16.0, "beta_rec": 0.39358341429686194, "gamma_fc": 0.2744741128035708}, "datetime": {"elapsed": 12089.719042, "datetime": "2020-06-20 05:44:58", "delta": 28.687871}}
{"target": 8.55, "params": {"beta_enc": 0.5267158603586157, "gamma_cf": 0.2929978836283572, "cue_position": 16.0, "beta_rec": 0.029272121403112528, "gamma_fc": 0.5774906810135474}, "datetime": {"elapsed": 12116.371466, "datetime": "2020-06-20 05:45:24", "delta": 26.652424}}
{"target": 10.0, "params": {"beta_enc": 0.7327698532613667, "gamma_cf": 0.23890995487021205, "cue_position": 16.0, "beta_rec": 0.44033782679643774, "gamma_fc": 0.9985990885864799}, "datetime": {"elapsed": 12146.022548, "datetime": "2020-06-20 05:45:54", "delta": 29.651082}}
{"target": 10.1875, "params": {"beta_enc": 0.24287852161976753, "gamma_cf": 0.49756438460506747, "cue_position": 16.0, "beta_rec": 0.9408284143815248, "gamma_fc": 0.8211769648927358}, "datetime": {"elapsed": 12176.196314, "datetime": "2020-06-20 05:46:24", "delta": 30.173766}}
{"target": 8.5, "params": {"beta_enc": 0.7165880467947342, "gamma_cf": 0.7541750254551594, "cue_position": 16.0, "beta_rec": 0.705580412120669, "gamma_fc": 0.9199535770148588}, "datetime": {"elapsed": 12202.879168, "datetime": "2020-06-20 05:46:51", "delta": 26.682854}}
{"target": 9.6875, "params": {"beta_enc": 0.4413517453158379, "gamma_cf": 0.3907730736706927, "cue_position": 16.0, "beta_rec": 0.5279654841547008, "gamma_fc": 0.4672385663332459}, "datetime": {"elapsed": 12232.070879, "datetime": "2020-06-20 05:47:20", "delta": 29.191711}}
{"target": 6.991666666666666, "params": {"beta_enc": 0.8951377108035733, "gamma_cf": 0.5454711685487195, "cue_position": 16.0, "beta_rec": 0.11055744025544123, "gamma_fc": 0.6065354305165435}, "datetime": {"elapsed": 12255.685531, "datetime": "2020-06-20 05:47:44", "delta": 23.614652}}
{"target": 8.479166666666666, "params": {"beta_enc": 0.029782944129560285, "gamma_cf": 0.0048720479536060735, "cue_position": 16.0, "beta_rec": 0.14674737976077956, "gamma_fc": 0.6691577977971368}, "datetime": {"elapsed": 12282.479046, "datetime": "2020-06-20 05:48:11", "delta": 26.793515}}
{"target": 7.304166666666666, "params": {"beta_enc": 0.8702579489225982, "gamma_cf": 0.6157259286130373, "cue_position": 16.0, "beta_rec": 0.5469683092712408, "gamma_fc": 0.30218150041580416}, "datetime": {"elapsed": 12306.771032, "datetime": "2020-06-20 05:48:35", "delta": 24.291986}}
{"target": 8.304166666666667, "params": {"beta_enc": 0.3667319816609417, "gamma_cf": 0.2015966344081711, "cue_position": 16.0, "beta_rec": 0.5749397272777665, "gamma_fc": 0.32752405584828914}, "datetime": {"elapsed": 12333.122927, "datetime": "2020-06-20 05:49:01", "delta": 26.351895}}
{"target": 7.108333333333333, "params": {"beta_enc": 0.742921250389697, "gamma_cf": 0.15635692867625162, "cue_position": 16.0, "beta_rec": 0.3409202491323421, "gamma_fc": 0.1938648596595468}, "datetime": {"elapsed": 12357.003692, "datetime": "2020-06-20 05:49:25", "delta": 23.880765}}
{"target": 8.870833333333334, "params": {"beta_enc": 0.4951123625611782, "gamma_cf": 0.9025365564222451, "cue_position": 16.0, "beta_rec": 0.6351249610913382, "gamma_fc": 0.307160768485095}, "datetime": {"elapsed": 12384.561682, "datetime": "2020-06-20 05:49:53", "delta": 27.55799}}
{"target": 8.116666666666667, "params": {"beta_enc": 0.7533800731255857, "gamma_cf": 0.2927265620931302, "cue_position": 16.0, "beta_rec": 0.2824280305589726, "gamma_fc": 0.41369073619910135}, "datetime": {"elapsed": 12410.511786, "datetime": "2020-06-20 05:50:19", "delta": 25.950104}}
{"target": 10.404166666666667, "params": {"beta_enc": 0.21471569566838056, "gamma_cf": 0.9630182395955346, "cue_position": 16.0, "beta_rec": 0.31898600647018904, "gamma_fc": 0.5039830093987828}, "datetime": {"elapsed": 12441.30391, "datetime": "2020-06-20 05:50:49", "delta": 30.792124}}
{"target": 6.5625, "params": {"beta_enc": 0.9231006825886638, "gamma_cf": 0.7546222253081317, "cue_position": 16.0, "beta_rec": 0.7461601407734211, "gamma_fc": 0.6280230786069259}, "datetime": {"elapsed": 12464.163645, "datetime": "2020-06-20 05:51:12", "delta": 22.859735}}
{"target": 7.654166666666667, "params": {"beta_enc": 0.30375843415186865, "gamma_cf": 0.30531353144830675, "cue_position": 16.0, "beta_rec": 0.5216593134132719, "gamma_fc": 0.012522836886473265}, "datetime": {"elapsed": 12489.375107, "datetime": "2020-06-20 05:51:37", "delta": 25.211462}}
{"target": 9.083333333333334, "params": {"beta_enc": 0.26826282913593635, "gamma_cf": 0.6253311549032551, "cue_position": 16.0, "beta_rec": 0.7967454755900841, "gamma_fc": 0.13280748458041103}, "datetime": {"elapsed": 12517.548749, "datetime": "2020-06-20 05:52:06", "delta": 28.173642}}
{"target": 7.070833333333334, "params": {"beta_enc": 0.7575703592474212, "gamma_cf": 0.8586117030700126, "cue_position": 16.0, "beta_rec": 0.526905346047344, "gamma_fc": 0.9475415511018243}, "datetime": {"elapsed": 12541.455658, "datetime": "2020-06-20 05:52:30", "delta": 23.906909}}
{"target": 9.2875, "params": {"beta_enc": 0.6545375346228315, "gamma_cf": 0.7271011884036769, "cue_position": 16.0, "beta_rec": 0.8542582098426466, "gamma_fc": 0.8587907562669648}, "datetime": {"elapsed": 12569.959753, "datetime": "2020-06-20 05:52:58", "delta": 28.504095}}
{"target": 10.658333333333333, "params": {"beta_enc": 0.9230030407536653, "gamma_cf": 0.0840212797987252, "cue_position": 16.0, "beta_rec": 0.9020760015248446, "gamma_fc": 0.8295737184581491}, "datetime": {"elapsed": 12601.484712, "datetime": "2020-06-20 05:53:30", "delta": 31.524959}}
{"target": 9.575, "params": {"beta_enc": 0.5389315533076343, "gamma_cf": 0.03198418437577388, "cue_position": 16.0, "beta_rec": 0.542076154739123, "gamma_fc": 0.8779604187251567}, "datetime": {"elapsed": 12630.5168, "datetime": "2020-06-20 05:53:59", "delta": 29.032088}}
{"target": 10.1, "params": {"beta_enc": 0.03463400133772032, "gamma_cf": 0.6417491808335967, "cue_position": 16.0, "beta_rec": 0.6931945583783881, "gamma_fc": 0.37408018773825613}, "datetime": {"elapsed": 12660.640698, "datetime": "2020-06-20 05:54:29", "delta": 30.123898}}
{"target": 10.05, "params": {"beta_enc": 0.2754620266501041, "gamma_cf": 0.5652896703655683, "cue_position": 16.0, "beta_rec": 0.5094085814387623, "gamma_fc": 0.6631488914643168}, "datetime": {"elapsed": 12690.564303, "datetime": "2020-06-20 05:54:59", "delta": 29.923605}}
{"target": 9.675, "params": {"beta_enc": 0.44137923095350085, "gamma_cf": 0.3549025108507734, "cue_position": 16.0, "beta_rec": 0.9721390871214521, "gamma_fc": 0.6535310326636594}, "datetime": {"elapsed": 12719.644769, "datetime": "2020-06-20 05:55:28", "delta": 29.080466}}
{"target": 7.133333333333334, "params": {"beta_enc": 0.5426164118717204, "gamma_cf": 0.10806748517233733, "cue_position": 16.0, "beta_rec": 0.884056212378686, "gamma_fc": 0.19127205174117012}, "datetime": {"elapsed": 12743.462263, "datetime": "2020-06-20 05:55:52", "delta": 23.817494}}
