{"target": 9.25, "params": {"gamma_fc": 0.7293976982561526, "beta_enc": 0.23507763668617032, "gamma_cf": 0.0254762357788203, "beta_rec": 0.461602080891622, "cue_position": 9.0}, "datetime": {"datetime": "2020-06-20 03:55:35", "elapsed": 6469.691148, "delta": 28.478912}}
{"target": 8.7875, "params": {"gamma_fc": 0.8646861447635343, "beta_enc": 0.7249167472191191, "gamma_cf": 0.42844247595107343, "beta_rec": 0.33039174636170277, "cue_position": 9.0}, "datetime": {"datetime": "2020-06-20 03:56:02", "elapsed": 6497.214689, "delta": 27.523541}}
{"target": 8.65, "params": {"gamma_fc": 0.8944324184275724, "beta_enc": 0.6570654246228895, "gamma_cf": 0.5295466104783949, "beta_rec": 0.5810356574180902, "cue_position": 9.0}, "datetime": {"datetime": "2020-06-20 03:56:30", "elapsed": 6524.505791, "delta": 27.291102}}
{"target": 9.7125, "params": {"gamma_fc": 0.6830743663365642, "beta_enc": 0.30499397583521604, "gamma_cf": 0.32984456268188234, "beta_rec": 0.8709456091610533, "cue_position": 9.0}, "datetime": {"datetime": "2020-06-20 03:56:59", "elapsed": 6553.981309, "delta": 29.475518}}
{"target": 7.241666666666666, "params": {"gamma_fc": 0.8497689100179306, "beta_enc": 0.8992209495659688, "gamma_cf": 0.1908393632684806, "beta_rec": 0.07569688175830336, "cue_position": 9.0}, "datetime": {"datetime": "2020-06-20 03:57:23", "elapsed": 6578.35268, "delta": 24.371371}}
{"target": 8.525, "params": {"gamma_fc": 0.8477880437147416, "beta_enc": 0.6671187886992039, "gamma_cf": 0.6353709614884534, "beta_rec": 0.34433919545005387, "cue_position": 9.0}, "datetime": {"datetime": "2020-06-20 03:57:50", "elapsed": 6605.386686, "delta": 27.034006}}
{"target": 7.908333333333333, "params": {"gamma_fc": 0.1978327846479193, "beta_enc": 0.8218493747640105, "gamma_cf": 0.5899231270757698, "beta_rec": 0.6282395971306578, "cue_position": 9.0}, "datetime": {"datetime": "2020-06-20 03:58:16", "elapsed": 6631.077258, "delta": 25.690572}}
{"target": 9.525, "params": {"gamma_fc": 0.992700873664818, "beta_enc": 0.4293307226164923, "gamma_cf": 0.38023649611726473, "beta_rec": 0.3367459987011673, "cue_position": 9.0}, "datetime": {"datetime": "2020-06-20 03:58:45", "elapsed": 6660.171354, "delta": 29.094096}}
{"target": 9.020833333333334, "params": {"gamma_fc": 0.12341885981472989, "beta_enc": 0.5188042507334142, "gamma_cf": 0.37030569377388767, "beta_rec": 0.17227970147712546, "cue_position": 9.0}, "datetime": {"datetime": "2020-06-20 03:59:13", "elapsed": 6688.27916, "delta": 28.107806}}
{"target": 7.845833333333333, "params": {"gamma_fc": 0.14923603230975002, "beta_enc": 0.6345187162918416, "gamma_cf": 0.9299556236533179, "beta_rec": 0.4139198457294089, "cue_position": 9.0}, "datetime": {"datetime": "2020-06-20 03:59:39", "elapsed": 6713.97818, "delta": 25.69902}}
{"target": 9.6, "params": {"gamma_fc": 0.48719390907342375, "beta_enc": 0.3948822625368005, "gamma_cf": 0.7803635232892685, "beta_rec": 0.46157971096238615, "cue_position": 9.0}, "datetime": {"datetime": "2020-06-20 04:00:08", "elapsed": 6743.298092, "delta": 29.319912}}
{"target": 8.9875, "params": {"gamma_fc": 0.8211218982189646, "beta_enc": 0.4199935520102408, "gamma_cf": 0.022271511532804156, "beta_rec": 0.26199970471933565, "cue_position": 9.0}, "datetime": {"datetime": "2020-06-20 04:00:36", "elapsed": 6771.393595, "delta": 28.095503}}
{"target": 9.9625, "params": {"gamma_fc": 0.12277212944941995, "beta_enc": 0.18846839966641848, "gamma_cf": 0.9742126278950913, "beta_rec": 0.6857568991725472, "cue_position": 9.0}, "datetime": {"datetime": "2020-06-20 04:01:06", "elapsed": 6801.436883, "delta": 30.043288}}
{"target": 6.583333333333333, "params": {"gamma_fc": 0.0007643854781880233, "beta_enc": 0.18756989261723955, "gamma_cf": 0.3092463846587796, "beta_rec": 0.8894424754644789, "cue_position": 9.0}, "datetime": {"datetime": "2020-06-20 04:01:29", "elapsed": 6824.458017, "delta": 23.021134}}
{"target": 10.2, "params": {"gamma_fc": 0.8730943782696405, "beta_enc": 0.22759773832225305, "gamma_cf": 0.8963225568040046, "beta_rec": 0.1454036341712357, "cue_position": 9.0}, "datetime": {"datetime": "2020-06-20 04:02:00", "elapsed": 6855.016945, "delta": 30.558928}}
{"target": 8.2875, "params": {"gamma_fc": 0.36348868328490525, "beta_enc": 0.7002894376334498, "gamma_cf": 0.49582639708521237, "beta_rec": 0.47049767615220905, "cue_position": 9.0}, "datetime": {"datetime": "2020-06-20 04:02:27", "elapsed": 6881.572825, "delta": 26.55588}}
{"target": 9.175, "params": {"gamma_fc": 0.2544381023144221, "beta_enc": 0.27560310276085875, "gamma_cf": 0.49288087343132025, "beta_rec": 0.9247408135383717, "cue_position": 9.0}, "datetime": {"datetime": "2020-06-20 04:02:55", "elapsed": 6910.003071, "delta": 28.430246}}
{"target": 6.908333333333333, "params": {"gamma_fc": 0.19086994317230743, "beta_enc": 0.8849665188380633, "gamma_cf": 0.7175949621947544, "beta_rec": 0.38326345680528673, "cue_position": 9.0}, "datetime": {"datetime": "2020-06-20 04:03:19", "elapsed": 6933.68776, "delta": 23.684689}}
{"target": 9.4125, "params": {"gamma_fc": 0.24289157496487068, "beta_enc": 0.11819262934703845, "gamma_cf": 0.5905205476471171, "beta_rec": 0.8369977822135122, "cue_position": 9.0}, "datetime": {"datetime": "2020-06-20 04:03:47", "elapsed": 6962.388928, "delta": 28.701168}}
{"target": 9.345833333333333, "params": {"gamma_fc": 0.8805385975643267, "beta_enc": 0.6232471451875841, "gamma_cf": 0.06748934306754228, "beta_rec": 0.638355320741173, "cue_position": 9.0}, "datetime": {"datetime": "2020-06-20 04:04:16", "elapsed": 6990.906172, "delta": 28.517244}}
{"target": 9.3, "params": {"gamma_fc": 0.4287951603487977, "beta_enc": 0.4599567310742584, "gamma_cf": 0.5913871822675169, "beta_rec": 0.7638727180664299, "cue_position": 9.0}, "datetime": {"datetime": "2020-06-20 04:04:45", "elapsed": 7019.510841, "delta": 28.604669}}
{"target": 8.504166666666666, "params": {"gamma_fc": 0.3028583047175786, "beta_enc": 0.38210064254913956, "gamma_cf": 0.07934158295831895, "beta_rec": 0.12671338384692277, "cue_position": 9.0}, "datetime": {"datetime": "2020-06-20 04:05:12", "elapsed": 7046.537969, "delta": 27.027128}}
{"target": 8.941666666666666, "params": {"gamma_fc": 0.6783769722513199, "beta_enc": 0.7417048002315554, "gamma_cf": 0.00838307952503159, "beta_rec": 0.6150157249710488, "cue_position": 9.0}, "datetime": {"datetime": "2020-06-20 04:05:39", "elapsed": 7074.457762, "delta": 27.919793}}
{"target": 9.2, "params": {"gamma_fc": 0.8442600050750985, "beta_enc": 0.503180690542887, "gamma_cf": 0.18498296555082983, "beta_rec": 0.23090845048417918, "cue_position": 9.0}, "datetime": {"datetime": "2020-06-20 04:06:08", "elapsed": 7102.913144, "delta": 28.455382}}
{"target": 5.683333333333334, "params": {"gamma_fc": 0.5464545907014307, "beta_enc": 0.9825897893050853, "gamma_cf": 0.7802245796913637, "beta_rec": 0.9137396248416316, "cue_position": 9.0}, "datetime": {"datetime": "2020-06-20 04:06:29", "elapsed": 7124.052803, "delta": 21.139659}}
{"target": 7.204166666666667, "params": {"gamma_fc": 0.10023464310313235, "beta_enc": 0.8164423975559377, "gamma_cf": 0.7872634475242615, "beta_rec": 0.48372695118890585, "cue_position": 9.0}, "datetime": {"datetime": "2020-06-20 04:06:53", "elapsed": 7148.34971, "delta": 24.296907}}
{"target": 8.375, "params": {"gamma_fc": 0.39282294499696246, "beta_enc": 0.5370071168405407, "gamma_cf": 0.9588025156370005, "beta_rec": 0.36598334666965426, "cue_position": 9.0}, "datetime": {"datetime": "2020-06-20 04:07:20", "elapsed": 7175.072749, "delta": 26.723039}}
{"target": 9.85, "params": {"gamma_fc": 0.6889550482302514, "beta_enc": 0.39297299794161644, "gamma_cf": 0.3938840078553765, "beta_rec": 0.7906369935895988, "cue_position": 9.0}, "datetime": {"datetime": "2020-06-20 04:07:56", "elapsed": 7211.30182, "delta": 36.229071}}
{"target": 9.245833333333334, "params": {"gamma_fc": 0.2179689300611679, "beta_enc": 0.404001609054379, "gamma_cf": 0.3344193926972726, "beta_rec": 0.1361131542481221, "cue_position": 9.0}, "datetime": {"datetime": "2020-06-20 04:08:23", "elapsed": 7238.307733, "delta": 27.005913}}
{"target": 6.475, "params": {"gamma_fc": 0.5419710617714415, "beta_enc": 0.9257748016364399, "gamma_cf": 0.746657472123005, "beta_rec": 0.6896393990795577, "cue_position": 9.0}, "datetime": {"datetime": "2020-06-20 04:08:46", "elapsed": 7261.170082, "delta": 22.862349}}
{"target": 7.520833333333333, "params": {"gamma_fc": 0.2631390239238742, "beta_enc": 0.7005330726195026, "gamma_cf": 0.1674418575065213, "beta_rec": 0.9305598192498451, "cue_position": 9.0}, "datetime": {"datetime": "2020-06-20 04:09:11", "elapsed": 7286.147443, "delta": 24.977361}}
{"target": 9.279166666666667, "params": {"gamma_fc": 0.089630698927462, "beta_enc": 0.07161027944180454, "gamma_cf": 0.6605983559285987, "beta_rec": 0.978672805158347, "cue_position": 9.0}, "datetime": {"datetime": "2020-06-20 04:09:40", "elapsed": 7314.815469, "delta": 28.668026}}
{"target": 9.9375, "params": {"gamma_fc": 0.5379877201396809, "beta_enc": 0.21077094208701874, "gamma_cf": 0.38887340269472437, "beta_rec": 0.5028243835184045, "cue_position": 9.0}, "datetime": {"datetime": "2020-06-20 04:10:10", "elapsed": 7344.859028, "delta": 30.043559}}
{"target": 9.804166666666667, "params": {"gamma_fc": 0.6962700831011029, "beta_enc": 0.33920418488509996, "gamma_cf": 0.3906104987369058, "beta_rec": 0.5559002111265755, "cue_position": 9.0}, "datetime": {"datetime": "2020-06-20 04:10:40", "elapsed": 7374.642874, "delta": 29.783846}}
{"target": 8.933333333333334, "params": {"gamma_fc": 0.6131123353670123, "beta_enc": 0.6784824539979241, "gamma_cf": 0.3580799140129358, "beta_rec": 0.6873031493743899, "cue_position": 9.0}, "datetime": {"datetime": "2020-06-20 04:11:08", "elapsed": 7402.64013, "delta": 27.997256}}
{"target": 7.741666666666666, "params": {"gamma_fc": 0.7396119625075467, "beta_enc": 0.9357362666081998, "gamma_cf": 0.4410066204088712, "beta_rec": 0.5968885249459731, "cue_position": 9.0}, "datetime": {"datetime": "2020-06-20 04:11:33", "elapsed": 7428.126264, "delta": 25.486134}}
{"target": 5.345833333333333, "params": {"gamma_fc": 0.2772001047825985, "beta_enc": 0.03760387864960013, "gamma_cf": 0.0053165329611032375, "beta_rec": 0.7647266390004861, "cue_position": 9.0}, "datetime": {"datetime": "2020-06-20 04:11:54", "elapsed": 7448.595133, "delta": 20.468869}}
{"target": 9.104166666666666, "params": {"gamma_fc": 0.800994555798356, "beta_enc": 0.5348322325198115, "gamma_cf": 0.5490534438505197, "beta_rec": 0.7679628782813116, "cue_position": 9.0}, "datetime": {"datetime": "2020-06-20 04:12:22", "elapsed": 7476.926656, "delta": 28.331523}}
{"target": 8.829166666666667, "params": {"gamma_fc": 0.9192375042561725, "beta_enc": 0.6495830548784789, "gamma_cf": 0.2768064626005866, "beta_rec": 0.9314470149929107, "cue_position": 9.0}, "datetime": {"datetime": "2020-06-20 04:12:50", "elapsed": 7504.706928, "delta": 27.780272}}
{"target": 6.895833333333333, "params": {"gamma_fc": 0.9727203528528249, "beta_enc": 0.7650051482981429, "gamma_cf": 0.896043491575002, "beta_rec": 0.5997403444720987, "cue_position": 9.0}, "datetime": {"datetime": "2020-06-20 04:13:13", "elapsed": 7528.435608, "delta": 23.72868}}
{"target": 4.841666666666667, "params": {"gamma_fc": 0.01474379089994693, "beta_enc": 0.9985205070898059, "gamma_cf": 0.07346665436012334, "beta_rec": 0.13964933368410348, "cue_position": 9.0}, "datetime": {"datetime": "2020-06-20 04:13:33", "elapsed": 7547.867644, "delta": 19.432036}}
{"target": 5.320833333333334, "params": {"gamma_fc": 0.4875571674829181, "beta_enc": 0.971820072977926, "gamma_cf": 0.6851729969076996, "beta_rec": 0.09476691645722912, "cue_position": 9.0}, "datetime": {"datetime": "2020-06-20 04:13:53", "elapsed": 7568.316776, "delta": 20.449132}}
{"target": 9.933333333333334, "params": {"gamma_fc": 0.725642545494869, "beta_enc": 0.3466948813585782, "gamma_cf": 0.9110179736986265, "beta_rec": 0.35364778706700506, "cue_position": 9.0}, "datetime": {"datetime": "2020-06-20 04:14:23", "elapsed": 7598.378411, "delta": 30.061635}}
{"target": 9.366666666666667, "params": {"gamma_fc": 0.8846818943092944, "beta_enc": 0.025925792784269874, "gamma_cf": 0.02896618617789848, "beta_rec": 0.46152125324711457, "cue_position": 9.0}, "datetime": {"datetime": "2020-06-20 04:14:52", "elapsed": 7627.212344, "delta": 28.833933}}
{"target": 7.904166666666667, "params": {"gamma_fc": 0.30788244381764673, "beta_enc": 0.7710053579546823, "gamma_cf": 0.3246383222029966, "beta_rec": 0.32973507924426093, "cue_position": 9.0}, "datetime": {"datetime": "2020-06-20 04:15:18", "elapsed": 7653.05438, "delta": 25.842036}}
{"target": 4.75, "params": {"gamma_fc": 0.8879964939264646, "beta_enc": 0.9281090785007262, "gamma_cf": 0.951935167567925, "beta_rec": 0.9769161619458502, "cue_position": 9.0}, "datetime": {"datetime": "2020-06-20 04:15:37", "elapsed": 7672.275103, "delta": 19.220723}}
{"target": 9.3375, "params": {"gamma_fc": 0.6052128951232129, "beta_enc": 0.5180325615944087, "gamma_cf": 0.455643424642054, "beta_rec": 0.3727488020974856, "cue_position": 9.0}, "datetime": {"datetime": "2020-06-20 04:16:06", "elapsed": 7701.118414, "delta": 28.843311}}
{"target": 5.85, "params": {"gamma_fc": 0.18490559027840836, "beta_enc": 0.9904061968899467, "gamma_cf": 0.08899822082237796, "beta_rec": 0.7739162499564685, "cue_position": 9.0}, "datetime": {"datetime": "2020-06-20 04:16:28", "elapsed": 7722.648844, "delta": 21.53043}}
{"target": 8.45, "params": {"gamma_fc": 0.17786474795134855, "beta_enc": 0.5268518758918344, "gamma_cf": 0.9332023381866817, "beta_rec": 0.417102418106858, "cue_position": 9.0}, "datetime": {"datetime": "2020-06-20 04:16:55", "elapsed": 7749.623279, "delta": 26.974435}}
{"target": 5.529166666666667, "params": {"gamma_fc": 0.05758350560817371, "beta_enc": 0.8600667708762162, "gamma_cf": 0.037862587720430496, "beta_rec": 0.9573949263266688, "cue_position": 9.0}, "datetime": {"datetime": "2020-06-20 04:17:16", "elapsed": 7770.518571, "delta": 20.895292}}
{"target": 9.095833333333333, "params": {"gamma_fc": 0.3560164860311865, "beta_enc": 0.005797392917688993, "gamma_cf": 0.29386248547054417, "beta_rec": 0.3126811561554764, "cue_position": 9.0}, "datetime": {"datetime": "2020-06-20 04:17:44", "elapsed": 7798.841315, "delta": 28.322744}}
{"target": 6.916666666666667, "params": {"gamma_fc": 0.6433579246491355, "beta_enc": 0.9536770184739218, "gamma_cf": 0.5030051950509548, "beta_rec": 0.47695092248677795, "cue_position": 9.0}, "datetime": {"datetime": "2020-06-20 04:18:08", "elapsed": 7822.631295, "delta": 23.78998}}
{"target": 10.425, "params": {"gamma_fc": 0.8905068324120895, "beta_enc": 0.111245672567435, "gamma_cf": 0.8442498595694283, "beta_rec": 0.7580616581331086, "cue_position": 9.0}, "datetime": {"datetime": "2020-06-20 04:18:39", "elapsed": 7853.742594, "delta": 31.111299}}
{"target": 9.75, "params": {"gamma_fc": 0.971320469273211, "beta_enc": 0.38184239675576115, "gamma_cf": 0.22580692243123512, "beta_rec": 0.44380519836651855, "cue_position": 9.0}, "datetime": {"datetime": "2020-06-20 04:19:09", "elapsed": 7883.491607, "delta": 29.749013}}
{"target": 9.6, "params": {"gamma_fc": 0.15614956444079475, "beta_enc": 0.28462396896873543, "gamma_cf": 0.9225044972603934, "beta_rec": 0.9073961422409973, "cue_position": 9.0}, "datetime": {"datetime": "2020-06-20 04:19:38", "elapsed": 7912.917319, "delta": 29.425712}}
{"target": 6.8625, "params": {"gamma_fc": 0.1599187885892832, "beta_enc": 0.8797221435013809, "gamma_cf": 0.3451159147800812, "beta_rec": 0.6319949504631371, "cue_position": 9.0}, "datetime": {"datetime": "2020-06-20 04:20:02", "elapsed": 7936.85652, "delta": 23.939201}}
{"target": 9.041666666666666, "params": {"gamma_fc": 0.6910273415567042, "beta_enc": 0.4443481574461272, "gamma_cf": 0.19719634646666928, "beta_rec": 0.08377495384546052, "cue_position": 9.0}, "datetime": {"datetime": "2020-06-20 04:20:30", "elapsed": 7964.86397, "delta": 28.00745}}
{"target": 8.420833333333333, "params": {"gamma_fc": 0.034431265307095615, "beta_enc": 0.573802869165353, "gamma_cf": 0.6296079567189131, "beta_rec": 0.8733231340367321, "cue_position": 9.0}, "datetime": {"datetime": "2020-06-20 04:20:57", "elapsed": 7991.679251, "delta": 26.815281}}
{"target": 6.775, "params": {"gamma_fc": 0.2528414820768151, "beta_enc": 0.516198461077069, "gamma_cf": 0.009872975358918512, "beta_rec": 0.8632264817138495, "cue_position": 9.0}, "datetime": {"datetime": "2020-06-20 04:21:20", "elapsed": 8014.995066, "delta": 23.315815}}
{"target": 10.358333333333333, "params": {"gamma_fc": 0.04548214567029407, "beta_enc": 0.22384967032752534, "gamma_cf": 0.49019531224423174, "beta_rec": 0.047537594227760493, "cue_position": 9.0}, "datetime": {"datetime": "2020-06-20 04:21:51", "elapsed": 8045.653116, "delta": 30.65805}}
{"target": 9.408333333333333, "params": {"gamma_fc": 0.5905465222435671, "beta_enc": 0.278328130846902, "gamma_cf": 0.26965470115905144, "beta_rec": 0.6399745691089123, "cue_position": 9.0}, "datetime": {"datetime": "2020-06-20 04:22:19", "elapsed": 8074.419782, "delta": 28.766666}}
{"target": 9.745833333333334, "params": {"gamma_fc": 0.3533943470016294, "beta_enc": 0.38053407720964005, "gamma_cf": 0.6332092658064775, "beta_rec": 0.7025230339614009, "cue_position": 9.0}, "datetime": {"datetime": "2020-06-20 04:22:49", "elapsed": 8104.104163, "delta": 29.684381}}
{"target": 10.254166666666666, "params": {"gamma_fc": 0.9380285431563524, "beta_enc": 0.28704394615550866, "gamma_cf": 0.8048358460157946, "beta_rec": 0.13320711375110195, "cue_position": 9.0}, "datetime": {"datetime": "2020-06-20 04:23:20", "elapsed": 8134.574981, "delta": 30.470818}}
{"target": 8.825, "params": {"gamma_fc": 0.27463424842386297, "beta_enc": 0.1853805246478023, "gamma_cf": 0.2835445136036545, "beta_rec": 0.9331557628232255, "cue_position": 9.0}, "datetime": {"datetime": "2020-06-20 04:23:47", "elapsed": 8162.299974, "delta": 27.724993}}
{"target": 9.304166666666667, "params": {"gamma_fc": 0.9473759179539593, "beta_enc": 0.5514315736733725, "gamma_cf": 0.1853176459376844, "beta_rec": 0.18528923936855235, "cue_position": 9.0}, "datetime": {"datetime": "2020-06-20 04:24:16", "elapsed": 8191.014726, "delta": 28.714752}}
{"target": 9.670833333333333, "params": {"gamma_fc": 0.9676952459611975, "beta_enc": 0.4938246574910856, "gamma_cf": 0.4843157730323856, "beta_rec": 0.9639177674239978, "cue_position": 9.0}, "datetime": {"datetime": "2020-06-20 04:24:43", "elapsed": 8217.636844, "delta": 26.622118}}
{"target": 8.1875, "params": {"gamma_fc": 0.05935722533895749, "beta_enc": 0.14318978170876284, "gamma_cf": 0.43383982715272595, "beta_rec": 0.6323298746664966, "cue_position": 9.0}, "datetime": {"datetime": "2020-06-20 04:24:57", "elapsed": 8232.061938, "delta": 14.425094}}
{"target": 8.670833333333333, "params": {"gamma_fc": 0.3914303629842686, "beta_enc": 0.4927226011660333, "gamma_cf": 0.25666098995297626, "beta_rec": 0.46513394351807746, "cue_position": 9.0}, "datetime": {"datetime": "2020-06-20 04:25:12", "elapsed": 8247.024135, "delta": 14.962197}}
{"target": 9.575, "params": {"gamma_fc": 0.8214467402262973, "beta_enc": 0.24017220722137722, "gamma_cf": 0.1774295368682619, "beta_rec": 0.6864434151723641, "cue_position": 9.0}, "datetime": {"datetime": "2020-06-20 04:25:28", "elapsed": 8263.025167, "delta": 16.001032}}
{"target": 10.241666666666667, "params": {"gamma_fc": 0.8885421033562281, "beta_enc": 0.2309885592816333, "gamma_cf": 0.9351531155423887, "beta_rec": 0.05797581337276703, "cue_position": 9.0}, "datetime": {"datetime": "2020-06-20 04:25:45", "elapsed": 8279.769452, "delta": 16.744285}}
{"target": 9.816666666666666, "params": {"gamma_fc": 0.4680495548664728, "beta_enc": 0.28926049548291, "gamma_cf": 0.4346547940716735, "beta_rec": 0.9477640661016069, "cue_position": 9.0}, "datetime": {"datetime": "2020-06-20 04:26:01", "elapsed": 8296.057837, "delta": 16.288385}}
{"target": 7.945833333333334, "params": {"gamma_fc": 0.015443631942760883, "beta_enc": 0.6298530215834227, "gamma_cf": 0.26551201747238584, "beta_rec": 0.15803183496381268, "cue_position": 9.0}, "datetime": {"datetime": "2020-06-20 04:26:15", "elapsed": 8310.24688, "delta": 14.189043}}
{"target": 7.729166666666667, "params": {"gamma_fc": 0.14578543121477705, "beta_enc": 0.6744988441622575, "gamma_cf": 0.7802023371197586, "beta_rec": 0.5514688358127765, "cue_position": 9.0}, "datetime": {"datetime": "2020-06-20 04:26:29", "elapsed": 8324.175996, "delta": 13.929116}}
{"target": 9.516666666666667, "params": {"gamma_fc": 0.8699761802716075, "beta_enc": 0.2448806387618836, "gamma_cf": 0.08793868377060332, "beta_rec": 0.2923137620392837, "cue_position": 9.0}, "datetime": {"datetime": "2020-06-20 04:26:45", "elapsed": 8340.13726, "delta": 15.961264}}
{"target": 7.733333333333333, "params": {"gamma_fc": 0.5572682300749138, "beta_enc": 0.08818864557151007, "gamma_cf": 0.010699003144174157, "beta_rec": 0.6837103358216379, "cue_position": 9.0}, "datetime": {"datetime": "2020-06-20 04:26:59", "elapsed": 8354.179726, "delta": 14.042466}}
{"target": 9.5375, "params": {"gamma_fc": 0.8008593551300331, "beta_enc": 0.9071090552203707, "gamma_cf": 0.02715882932586222, "beta_rec": 0.8604566673368852, "cue_position": 9.0}, "datetime": {"datetime": "2020-06-20 04:27:15", "elapsed": 8370.206137, "delta": 16.026411}}
{"target": 6.891666666666667, "params": {"gamma_fc": 0.8974982823028202, "beta_enc": 0.805984932289666, "gamma_cf": 0.8077788623150765, "beta_rec": 0.8684881163027721, "cue_position": 9.0}, "datetime": {"datetime": "2020-06-20 04:27:28", "elapsed": 8383.240363, "delta": 13.034226}}
{"target": 9.741666666666667, "params": {"gamma_fc": 0.6829068676298748, "beta_enc": 0.4538299504900123, "gamma_cf": 0.6919839045242188, "beta_rec": 0.5578253037149105, "cue_position": 9.0}, "datetime": {"datetime": "2020-06-20 04:27:45", "elapsed": 8399.542094, "delta": 16.301731}}
