{"target": 9.825, "params": {"beta_rec": 0.798620308278031, "gamma_cf": 0.6465499357511519, "cue_position": 4.0, "gamma_fc": 0.20492214578063384, "beta_enc": 0.13238149356273743}, "datetime": {"delta": 10.752932, "datetime": "2020-06-20 03:02:13", "elapsed": 3861.883483}}
{"target": 10.1375, "params": {"beta_rec": 0.41849681753917567, "gamma_cf": 0.477437955592217, "cue_position": 4.0, "gamma_fc": 0.4674598920453694, "beta_enc": 0.2614207144058379}, "datetime": {"delta": 10.955422, "datetime": "2020-06-20 03:02:24", "elapsed": 3872.838905}}
{"target": 8.004166666666666, "params": {"beta_rec": 0.8701023653075677, "gamma_cf": 0.8778014186346996, "cue_position": 4.0, "gamma_fc": 0.5710087619370731, "beta_enc": 0.8398407101976674}, "datetime": {"delta": 9.395875, "datetime": "2020-06-20 03:02:34", "elapsed": 3882.23478}}
{"target": 7.275, "params": {"beta_rec": 0.6065443482504677, "gamma_cf": 0.31929773707461884, "cue_position": 4.0, "gamma_fc": 0.681204184117019, "beta_enc": 0.9640361333390818}, "datetime": {"delta": 8.836599, "datetime": "2020-06-20 03:02:43", "elapsed": 3891.071379}}
{"target": 10.1, "params": {"beta_rec": 0.13454642101194225, "gamma_cf": 0.6552012872247357, "cue_position": 4.0, "gamma_fc": 0.1753325917713383, "beta_enc": 0.051965688505360985}, "datetime": {"delta": 10.93685, "datetime": "2020-06-20 03:02:53", "elapsed": 3902.008229}}
{"target": 9.775, "params": {"beta_rec": 0.04431165583310459, "gamma_cf": 0.9642243248492941, "cue_position": 4.0, "gamma_fc": 0.5091394025163677, "beta_enc": 0.3411468232515472}, "datetime": {"delta": 10.693376, "datetime": "2020-06-20 03:03:04", "elapsed": 3912.701605}}
{"target": 10.395833333333334, "params": {"beta_rec": 0.5230085317344643, "gamma_cf": 0.865686014006334, "cue_position": 4.0, "gamma_fc": 0.39206586893038686, "beta_enc": 0.15107451847143194}, "datetime": {"delta": 11.142084, "datetime": "2020-06-20 03:03:15", "elapsed": 3923.843689}}
{"target": 7.5875, "params": {"beta_rec": 0.7617298626927418, "gamma_cf": 0.2542323546573524, "cue_position": 4.0, "gamma_fc": 0.08408635417992949, "beta_enc": 0.28386751597340265}, "datetime": {"delta": 9.06929, "datetime": "2020-06-20 03:03:24", "elapsed": 3932.912979}}
{"target": 6.358333333333333, "params": {"beta_rec": 0.44789891562027984, "gamma_cf": 0.7367109576935199, "cue_position": 4.0, "gamma_fc": 0.7964888671311956, "beta_enc": 0.8641440947640269}, "datetime": {"delta": 8.199048, "datetime": "2020-06-20 03:03:33", "elapsed": 3941.112027}}
{"target": 8.75, "params": {"beta_rec": 0.18412755617579835, "gamma_cf": 0.030997959828255817, "cue_position": 4.0, "gamma_fc": 0.9467282696079524, "beta_enc": 0.44750813899031383}, "datetime": {"delta": 9.973989, "datetime": "2020-06-20 03:03:43", "elapsed": 3951.086016}}
{"target": 8.408333333333333, "params": {"beta_rec": 0.875388738450687, "gamma_cf": 0.2516595841523237, "cue_position": 4.0, "gamma_fc": 0.2961299234959044, "beta_enc": 0.5769778464775016}, "datetime": {"delta": 9.727674, "datetime": "2020-06-20 03:03:52", "elapsed": 3960.81369}}
{"target": 9.233333333333333, "params": {"beta_rec": 0.9620782128470935, "gamma_cf": 0.509898378143109, "cue_position": 4.0, "gamma_fc": 0.3437881034368444, "beta_enc": 0.5329225590316532}, "datetime": {"delta": 10.348292, "datetime": "2020-06-20 03:04:03", "elapsed": 3971.161982}}
{"target": 6.283333333333333, "params": {"beta_rec": 0.802866486432424, "gamma_cf": 0.20412249999433585, "cue_position": 4.0, "gamma_fc": 0.06708946032885532, "beta_enc": 0.7697253449571857}, "datetime": {"delta": 8.14261, "datetime": "2020-06-20 03:04:11", "elapsed": 3979.304592}}
{"target": 10.120833333333334, "params": {"beta_rec": 0.2724008501293822, "gamma_cf": 0.8730834972744356, "cue_position": 4.0, "gamma_fc": 0.1282309388454863, "beta_enc": 0.1986482644205615}, "datetime": {"delta": 11.004306, "datetime": "2020-06-20 03:04:22", "elapsed": 3990.308898}}
{"target": 5.6625, "params": {"beta_rec": 0.6831708438541465, "gamma_cf": 0.9828807859209906, "cue_position": 4.0, "gamma_fc": 0.41610077261814205, "beta_enc": 0.958188741714896}, "datetime": {"delta": 7.667228, "datetime": "2020-06-20 03:04:29", "elapsed": 3997.976126}}
{"target": 7.566666666666666, "params": {"beta_rec": 0.6792129501957186, "gamma_cf": 0.2991123446608356, "cue_position": 4.0, "gamma_fc": 0.10538467273003926, "beta_enc": 0.5315834658959018}, "datetime": {"delta": 9.098339, "datetime": "2020-06-20 03:04:39", "elapsed": 4007.074465}}
{"target": 10.15, "params": {"beta_rec": 0.7688528482877579, "gamma_cf": 0.8013307032031926, "cue_position": 4.0, "gamma_fc": 0.5171205319704266, "beta_enc": 0.28493214572214476}, "datetime": {"delta": 11.045071, "datetime": "2020-06-20 03:04:50", "elapsed": 4018.119536}}
{"target": 9.391666666666667, "params": {"beta_rec": 0.6279619269819027, "gamma_cf": 0.029528744942020957, "cue_position": 4.0, "gamma_fc": 0.9033311768168756, "beta_enc": 0.23210002184633505}, "datetime": {"delta": 10.483326, "datetime": "2020-06-20 03:05:00", "elapsed": 4028.602862}}
{"target": 10.075, "params": {"beta_rec": 0.4261307804247122, "gamma_cf": 0.9484584043057936, "cue_position": 4.0, "gamma_fc": 0.07251552804546335, "beta_enc": 0.4203695688027851}, "datetime": {"delta": 10.990566, "datetime": "2020-06-20 03:05:11", "elapsed": 4039.593428}}
{"target": 10.133333333333333, "params": {"beta_rec": 0.3223574891327107, "gamma_cf": 0.49549498136119297, "cue_position": 4.0, "gamma_fc": 0.8244596107976835, "beta_enc": 0.17270108813227492}, "datetime": {"delta": 10.989762, "datetime": "2020-06-20 03:05:22", "elapsed": 4050.58319}}
{"target": 8.425, "params": {"beta_rec": 0.5958299420587015, "gamma_cf": 0.18649268827268528, "cue_position": 4.0, "gamma_fc": 0.743390512402039, "beta_enc": 0.8539724149421759}, "datetime": {"delta": 9.749239, "datetime": "2020-06-20 03:05:32", "elapsed": 4060.332429}}
{"target": 7.9, "params": {"beta_rec": 0.5394908909265497, "gamma_cf": 0.22824910461538594, "cue_position": 4.0, "gamma_fc": 0.17450118757274402, "beta_enc": 0.23721405764354764}, "datetime": {"delta": 9.352402, "datetime": "2020-06-20 03:05:41", "elapsed": 4069.684831}}
{"target": 8.508333333333333, "params": {"beta_rec": 0.14756883769994755, "gamma_cf": 0.10463591174495857, "cue_position": 4.0, "gamma_fc": 0.2236450455273178, "beta_enc": 0.03973568657585125}, "datetime": {"delta": 9.806344, "datetime": "2020-06-20 03:05:51", "elapsed": 4079.491175}}
{"target": 8.183333333333334, "params": {"beta_rec": 0.6763566354512786, "gamma_cf": 0.4135917178017643, "cue_position": 4.0, "gamma_fc": 0.13930117132372677, "beta_enc": 0.03275719974597713}, "datetime": {"delta": 9.561209, "datetime": "2020-06-20 03:06:01", "elapsed": 4089.052384}}
{"target": 9.045833333333333, "params": {"beta_rec": 0.4244374662396153, "gamma_cf": 0.4228418130386131, "cue_position": 4.0, "gamma_fc": 0.10275656387416432, "beta_enc": 0.3772172876115065}, "datetime": {"delta": 10.198602, "datetime": "2020-06-20 03:06:11", "elapsed": 4099.250986}}
{"target": 7.204166666666667, "params": {"beta_rec": 0.1372060034899114, "gamma_cf": 0.2719561124527795, "cue_position": 4.0, "gamma_fc": 0.3010079430799063, "beta_enc": 0.772580266631544}, "datetime": {"delta": 8.824307, "datetime": "2020-06-20 03:06:20", "elapsed": 4108.075293}}
{"target": 8.558333333333334, "params": {"beta_rec": 0.5177867238134145, "gamma_cf": 0.4691344398333771, "cue_position": 4.0, "gamma_fc": 0.3395408687963035, "beta_enc": 0.6724207725864325}, "datetime": {"delta": 9.842471, "datetime": "2020-06-20 03:06:29", "elapsed": 4117.917764}}
{"target": 8.075, "params": {"beta_rec": 0.226095202432549, "gamma_cf": 0.5262296648916304, "cue_position": 4.0, "gamma_fc": 0.5006195729230891, "beta_enc": 0.7044971982481261}, "datetime": {"delta": 9.474923, "datetime": "2020-06-20 03:06:39", "elapsed": 4127.392687}}
{"target": 10.366666666666667, "params": {"beta_rec": 0.18615566973666398, "gamma_cf": 0.9818244178252573, "cue_position": 4.0, "gamma_fc": 0.13290623766182708, "beta_enc": 0.25368580688768017}, "datetime": {"delta": 11.205531, "datetime": "2020-06-20 03:06:50", "elapsed": 4138.598218}}
{"target": 8.658333333333333, "params": {"beta_rec": 0.800641174283456, "gamma_cf": 0.27875840869343704, "cue_position": 4.0, "gamma_fc": 0.31464760677511183, "beta_enc": 0.28346243242805713}, "datetime": {"delta": 9.927355, "datetime": "2020-06-20 03:07:00", "elapsed": 4148.525573}}
{"target": 9.779166666666667, "params": {"beta_rec": 0.6027867622422961, "gamma_cf": 0.8573003334512307, "cue_position": 4.0, "gamma_fc": 0.6811114704584097, "beta_enc": 0.41994825440192907}, "datetime": {"delta": 10.748548, "datetime": "2020-06-20 03:07:11", "elapsed": 4159.274121}}
{"target": 9.133333333333333, "params": {"beta_rec": 0.92572053533626, "gamma_cf": 0.3073814804278443, "cue_position": 4.0, "gamma_fc": 0.3049656416420632, "beta_enc": 0.23698206447169834}, "datetime": {"delta": 10.2253, "datetime": "2020-06-20 03:07:21", "elapsed": 4169.499421}}
{"target": 7.225, "params": {"beta_rec": 0.1260784803971985, "gamma_cf": 0.2777127324734242, "cue_position": 4.0, "gamma_fc": 0.8272003251393062, "beta_enc": 0.8811683184289046}, "datetime": {"delta": 8.826391, "datetime": "2020-06-20 03:07:30", "elapsed": 4178.325812}}
{"target": 9.654166666666667, "params": {"beta_rec": 0.733366094468834, "gamma_cf": 0.4814458975407394, "cue_position": 4.0, "gamma_fc": 0.8035946264310272, "beta_enc": 0.3645234475558883}, "datetime": {"delta": 10.655784, "datetime": "2020-06-20 03:07:40", "elapsed": 4188.981596}}
{"target": 9.975, "params": {"beta_rec": 0.16157403985608987, "gamma_cf": 0.7533258058943924, "cue_position": 4.0, "gamma_fc": 0.2801926353730937, "beta_enc": 0.39698821167237397}, "datetime": {"delta": 10.894217, "datetime": "2020-06-20 03:07:51", "elapsed": 4199.875813}}
{"target": 9.995833333333334, "params": {"beta_rec": 0.9004489123860653, "gamma_cf": 0.7071876097841823, "cue_position": 4.0, "gamma_fc": 0.5909005994904067, "beta_enc": 0.45136186123240163}, "datetime": {"delta": 10.912203, "datetime": "2020-06-20 03:08:02", "elapsed": 4210.788016}}
{"target": 7.766666666666667, "params": {"beta_rec": 0.907644646099839, "gamma_cf": 0.39722776623376177, "cue_position": 4.0, "gamma_fc": 0.5614096837184815, "beta_enc": 0.8173822703971256}, "datetime": {"delta": 9.236799, "datetime": "2020-06-20 03:08:12", "elapsed": 4220.024815}}
{"target": 7.420833333333333, "params": {"beta_rec": 0.08747276218504352, "gamma_cf": 0.2796211794498489, "cue_position": 4.0, "gamma_fc": 0.42351005310518297, "beta_enc": 0.7339231362848766}, "datetime": {"delta": 8.973448, "datetime": "2020-06-20 03:08:20", "elapsed": 4228.998263}}
{"target": 9.516666666666667, "params": {"beta_rec": 0.660015223526051, "gamma_cf": 0.6204682006051905, "cue_position": 4.0, "gamma_fc": 0.5824398618892226, "beta_enc": 0.49797863267328835}, "datetime": {"delta": 10.5454, "datetime": "2020-06-20 03:08:31", "elapsed": 4239.543663}}
{"target": 8.791666666666666, "params": {"beta_rec": 0.004976364711265391, "gamma_cf": 0.3202066542862888, "cue_position": 4.0, "gamma_fc": 0.1469781258549313, "beta_enc": 0.42833239803885637}, "datetime": {"delta": 10.022299, "datetime": "2020-06-20 03:08:41", "elapsed": 4249.565962}}
{"target": 8.7, "params": {"beta_rec": 0.6114994766596024, "gamma_cf": 0.32084890160086454, "cue_position": 4.0, "gamma_fc": 0.6532580520244544, "beta_enc": 0.5986638816064357}, "datetime": {"delta": 9.944761, "datetime": "2020-06-20 03:08:51", "elapsed": 4259.510723}}
{"target": 10.133333333333333, "params": {"beta_rec": 0.0058809814446282305, "gamma_cf": 0.4435038419039351, "cue_position": 4.0, "gamma_fc": 0.6978416560498484, "beta_enc": 0.19028348267904371}, "datetime": {"delta": 11.045778, "datetime": "2020-06-20 03:09:02", "elapsed": 4270.556501}}
{"target": 9.970833333333333, "params": {"beta_rec": 0.06261980198391548, "gamma_cf": 0.695996510445494, "cue_position": 4.0, "gamma_fc": 0.10281836745431583, "beta_enc": 0.185043349636976}, "datetime": {"delta": 10.890609, "datetime": "2020-06-20 03:09:13", "elapsed": 4281.44711}}
{"target": 10.1, "params": {"beta_rec": 0.4539526504065199, "gamma_cf": 0.750124248068985, "cue_position": 4.0, "gamma_fc": 0.1097350212856566, "beta_enc": 0.19583423367499242}, "datetime": {"delta": 10.998649, "datetime": "2020-06-20 03:09:24", "elapsed": 4292.445759}}
{"target": 8.295833333333333, "params": {"beta_rec": 0.3873605221444808, "gamma_cf": 0.2035603776619016, "cue_position": 4.0, "gamma_fc": 0.5279187975307311, "beta_enc": 0.6246236071556411}, "datetime": {"delta": 9.644089, "datetime": "2020-06-20 03:09:34", "elapsed": 4302.089848}}
{"target": 9.841666666666667, "params": {"beta_rec": 0.018681005996375344, "gamma_cf": 0.18417777656089307, "cue_position": 4.0, "gamma_fc": 0.6383433300033875, "beta_enc": 0.1721625549559327}, "datetime": {"delta": 10.805987, "datetime": "2020-06-20 03:09:44", "elapsed": 4312.895835}}
{"target": 9.1625, "params": {"beta_rec": 0.7749453799977457, "gamma_cf": 0.9894521308362529, "cue_position": 4.0, "gamma_fc": 0.5152146961620737, "beta_enc": 0.5365748193404329}, "datetime": {"delta": 10.301933, "datetime": "2020-06-20 03:09:55", "elapsed": 4323.197768}}
{"target": 9.220833333333333, "params": {"beta_rec": 0.7494424707521696, "gamma_cf": 0.3624653173000254, "cue_position": 4.0, "gamma_fc": 0.48924478546014216, "beta_enc": 0.47882340118547173}, "datetime": {"delta": 10.296942, "datetime": "2020-06-20 03:10:05", "elapsed": 4333.49471}}
{"target": 9.670833333333333, "params": {"beta_rec": 0.39358341429686194, "gamma_cf": 0.46252906034220287, "cue_position": 4.0, "gamma_fc": 0.2744741128035708, "beta_enc": 0.18913837493884977}, "datetime": {"delta": 10.636983, "datetime": "2020-06-20 03:10:16", "elapsed": 4344.131693}}
{"target": 8.141666666666667, "params": {"beta_rec": 0.029272121403112528, "gamma_cf": 0.2929978836283572, "cue_position": 4.0, "gamma_fc": 0.5774906810135474, "beta_enc": 0.5267158603586157}, "datetime": {"delta": 9.47309, "datetime": "2020-06-20 03:10:25", "elapsed": 4353.604783}}
{"target": 8.4875, "params": {"beta_rec": 0.44033782679643774, "gamma_cf": 0.23890995487021205, "cue_position": 4.0, "gamma_fc": 0.9985990885864799, "beta_enc": 0.7327698532613667}, "datetime": {"delta": 9.74325, "datetime": "2020-06-20 03:10:35", "elapsed": 4363.348033}}
{"target": 10.304166666666667, "params": {"beta_rec": 0.9408284143815248, "gamma_cf": 0.49756438460506747, "cue_position": 4.0, "gamma_fc": 0.8211769648927358, "beta_enc": 0.24287852161976753}, "datetime": {"delta": 11.066025, "datetime": "2020-06-20 03:10:46", "elapsed": 4374.414058}}
{"target": 7.208333333333333, "params": {"beta_rec": 0.705580412120669, "gamma_cf": 0.7541750254551594, "cue_position": 4.0, "gamma_fc": 0.9199535770148588, "beta_enc": 0.7165880467947342}, "datetime": {"delta": 8.766245, "datetime": "2020-06-20 03:10:55", "elapsed": 4383.180303}}
{"target": 9.420833333333333, "params": {"beta_rec": 0.5279654841547008, "gamma_cf": 0.3907730736706927, "cue_position": 4.0, "gamma_fc": 0.4672385663332459, "beta_enc": 0.4413517453158379}, "datetime": {"delta": 10.42034, "datetime": "2020-06-20 03:11:05", "elapsed": 4393.600643}}
{"target": 6.516666666666667, "params": {"beta_rec": 0.11055744025544123, "gamma_cf": 0.5454711685487195, "cue_position": 4.0, "gamma_fc": 0.6065354305165435, "beta_enc": 0.8951377108035733}, "datetime": {"delta": 8.267396, "datetime": "2020-06-20 03:11:13", "elapsed": 4401.868039}}
{"target": 7.970833333333333, "params": {"beta_rec": 0.14674737976077956, "gamma_cf": 0.0048720479536060735, "cue_position": 4.0, "gamma_fc": 0.6691577977971368, "beta_enc": 0.029782944129560285}, "datetime": {"delta": 9.361195, "datetime": "2020-06-20 03:11:23", "elapsed": 4411.229234}}
{"target": 7.458333333333333, "params": {"beta_rec": 0.5469683092712408, "gamma_cf": 0.6157259286130373, "cue_position": 4.0, "gamma_fc": 0.30218150041580416, "beta_enc": 0.8702579489225982}, "datetime": {"delta": 8.980763, "datetime": "2020-06-20 03:11:32", "elapsed": 4420.209997}}
{"target": 8.554166666666667, "params": {"beta_rec": 0.5749397272777665, "gamma_cf": 0.2015966344081711, "cue_position": 4.0, "gamma_fc": 0.32752405584828914, "beta_enc": 0.3667319816609417}, "datetime": {"delta": 9.790753, "datetime": "2020-06-20 03:11:41", "elapsed": 4430.00075}}
{"target": 6.779166666666667, "params": {"beta_rec": 0.3409202491323421, "gamma_cf": 0.15635692867625162, "cue_position": 4.0, "gamma_fc": 0.1938648596595468, "beta_enc": 0.742921250389697}, "datetime": {"delta": 8.457052, "datetime": "2020-06-20 03:11:50", "elapsed": 4438.457802}}
{"target": 9.791666666666666, "params": {"beta_rec": 0.6351249610913382, "gamma_cf": 0.9025365564222451, "cue_position": 4.0, "gamma_fc": 0.307160768485095, "beta_enc": 0.4951123625611782}, "datetime": {"delta": 10.686554, "datetime": "2020-06-20 03:12:01", "elapsed": 4449.144356}}
{"target": 7.645833333333333, "params": {"beta_rec": 0.2824280305589726, "gamma_cf": 0.2927265620931302, "cue_position": 4.0, "gamma_fc": 0.41369073619910135, "beta_enc": 0.7533800731255857}, "datetime": {"delta": 9.112385, "datetime": "2020-06-20 03:12:10", "elapsed": 4458.256741}}
{"target": 10.133333333333333, "params": {"beta_rec": 0.31898600647018904, "gamma_cf": 0.9630182395955346, "cue_position": 4.0, "gamma_fc": 0.5039830093987828, "beta_enc": 0.21471569566838056}, "datetime": {"delta": 14.49104, "datetime": "2020-06-20 03:12:24", "elapsed": 4472.747781}}
{"target": 6.166666666666667, "params": {"beta_rec": 0.7461601407734211, "gamma_cf": 0.7546222253081317, "cue_position": 4.0, "gamma_fc": 0.6280230786069259, "beta_enc": 0.9231006825886638}, "datetime": {"delta": 7.991042, "datetime": "2020-06-20 03:12:32", "elapsed": 4480.738823}}
{"target": 7.808333333333334, "params": {"beta_rec": 0.5216593134132719, "gamma_cf": 0.30531353144830675, "cue_position": 4.0, "gamma_fc": 0.012522836886473265, "beta_enc": 0.30375843415186865}, "datetime": {"delta": 9.20522, "datetime": "2020-06-20 03:12:41", "elapsed": 4489.944043}}
{"target": 9.420833333333333, "params": {"beta_rec": 0.7967454755900841, "gamma_cf": 0.6253311549032551, "cue_position": 4.0, "gamma_fc": 0.13280748458041103, "beta_enc": 0.26826282913593635}, "datetime": {"delta": 10.398274, "datetime": "2020-06-20 03:12:52", "elapsed": 4500.342317}}
{"target": 6.720833333333333, "params": {"beta_rec": 0.526905346047344, "gamma_cf": 0.8586117030700126, "cue_position": 4.0, "gamma_fc": 0.9475415511018243, "beta_enc": 0.7575703592474212}, "datetime": {"delta": 8.418401, "datetime": "2020-06-20 03:13:00", "elapsed": 4508.760718}}
{"target": 8.275, "params": {"beta_rec": 0.8542582098426466, "gamma_cf": 0.7271011884036769, "cue_position": 4.0, "gamma_fc": 0.8587907562669648, "beta_enc": 0.6545375346228315}, "datetime": {"delta": 9.565449, "datetime": "2020-06-20 03:13:10", "elapsed": 4518.326167}}
{"target": 9.383333333333333, "params": {"beta_rec": 0.9020760015248446, "gamma_cf": 0.0840212797987252, "cue_position": 4.0, "gamma_fc": 0.8295737184581491, "beta_enc": 0.9230030407536653}, "datetime": {"delta": 10.379463, "datetime": "2020-06-20 03:13:20", "elapsed": 4528.70563}}
{"target": 8.9875, "params": {"beta_rec": 0.542076154739123, "gamma_cf": 0.03198418437577388, "cue_position": 4.0, "gamma_fc": 0.8779604187251567, "beta_enc": 0.5389315533076343}, "datetime": {"delta": 10.137111, "datetime": "2020-06-20 03:13:30", "elapsed": 4538.842741}}
{"target": 9.845833333333333, "params": {"beta_rec": 0.6931945583783881, "gamma_cf": 0.6417491808335967, "cue_position": 4.0, "gamma_fc": 0.37408018773825613, "beta_enc": 0.03463400133772032}, "datetime": {"delta": 10.76924, "datetime": "2020-06-20 03:13:41", "elapsed": 4549.611981}}
{"target": 10.170833333333333, "params": {"beta_rec": 0.5094085814387623, "gamma_cf": 0.5652896703655683, "cue_position": 4.0, "gamma_fc": 0.6631488914643168, "beta_enc": 0.2754620266501041}, "datetime": {"delta": 11.030155, "datetime": "2020-06-20 03:13:52", "elapsed": 4560.642136}}
{"target": 9.616666666666667, "params": {"beta_rec": 0.9721390871214521, "gamma_cf": 0.3549025108507734, "cue_position": 4.0, "gamma_fc": 0.6535310326636594, "beta_enc": 0.44137923095350085}, "datetime": {"delta": 10.610696, "datetime": "2020-06-20 03:14:03", "elapsed": 4571.252832}}
{"target": 7.1375, "params": {"beta_rec": 0.884056212378686, "gamma_cf": 0.10806748517233733, "cue_position": 4.0, "gamma_fc": 0.19127205174117012, "beta_enc": 0.5426164118717204}, "datetime": {"delta": 8.810222, "datetime": "2020-06-20 03:14:12", "elapsed": 4580.063054}}
{"target": 10.004166666666666, "params": {"beta_rec": 0.8540597949343145, "gamma_cf": 0.6263588032086836, "cue_position": 4.0, "gamma_fc": 0.6235518010455583, "beta_enc": 0.38704623260508586}, "datetime": {"delta": 10.907835, "datetime": "2020-06-20 03:14:22", "elapsed": 4590.970889}}
{"target": 8.770833333333334, "params": {"beta_rec": 0.05033512965945175, "gamma_cf": 0.29572553442388116, "cue_position": 4.0, "gamma_fc": 0.39845819654904013, "beta_enc": 0.4080471353479287}, "datetime": {"delta": 10.006287, "datetime": "2020-06-20 03:14:32", "elapsed": 4600.977176}}
{"target": 8.941666666666666, "params": {"beta_rec": 0.6636026316710936, "gamma_cf": 0.5498899204719812, "cue_position": 4.0, "gamma_fc": 0.015421822343255842, "beta_enc": 0.37723956753050947}, "datetime": {"delta": 10.141767, "datetime": "2020-06-20 03:14:43", "elapsed": 4611.118943}}
{"target": 7.508333333333334, "params": {"beta_rec": 0.5984272223880148, "gamma_cf": 0.1467479307274827, "cue_position": 4.0, "gamma_fc": 0.6968783264368051, "beta_enc": 0.9830389835394168}, "datetime": {"delta": 9.062353, "datetime": "2020-06-20 03:14:52", "elapsed": 4620.181296}}
{"target": 7.445833333333334, "params": {"beta_rec": 0.3181087523446168, "gamma_cf": 0.28749810204118764, "cue_position": 4.0, "gamma_fc": 0.9572253423743934, "beta_enc": 0.9058084167065523}, "datetime": {"delta": 9.004621, "datetime": "2020-06-20 03:15:01", "elapsed": 4629.185917}}
