{"target": -9762.201111227136, "params": {"epsilon_d": 5.665914081984585, "gamma_cf": 0.03410641739832987, "beta_rec": 0.6537514725103031, "lr": 0.3794019439968851, "phi_s": 1.5044059157907606, "beta_enc": 0.35884603365354084, "s_cf": 0.45106879426330315, "k_intra": 3.8000580345247927, "phi_d": 2.554432039813246, "gamma_fc": 0.9206944530487665}, "datetime": {"delta": 9.526952, "datetime": "2020-09-13 14:11:13", "elapsed": 3884.598021}}
{"target": -10438.794551720399, "params": {"epsilon_d": 5.283006926972544, "gamma_cf": 0.6685685244157344, "beta_rec": 0.21177129078883505, "lr": 0.5985364919631379, "phi_s": 2.649595212124181, "beta_enc": 0.6398567153443468, "s_cf": 0.09783920303270877, "k_intra": 7.087611375080664, "phi_d": 2.5400760477292987, "gamma_fc": 0.5387766999829049}, "datetime": {"delta": 9.513898, "datetime": "2020-09-13 14:11:22", "elapsed": 3894.111919}}
{"target": -9162.048278647164, "params": {"epsilon_d": 2.288918677688312, "gamma_cf": 0.7209167071121103, "beta_rec": 0.05465615541932234, "lr": 0.7707683274257636, "phi_s": 0.9413501393077316, "beta_enc": 0.258593994522077, "s_cf": 0.643984696272966, "k_intra": 1.5511951305003646, "phi_d": 1.3885430143810582, "gamma_fc": 0.07854523949262249}, "datetime": {"delta": 9.510584, "datetime": "2020-09-13 14:11:32", "elapsed": 3903.622503}}
{"target": -9727.075610916994, "params": {"epsilon_d": 6.9309434450137966, "gamma_cf": 0.6685507240228905, "beta_rec": 0.03760544037577229, "lr": 0.7127926295339706, "phi_s": 0.2642164347026228, "beta_enc": 0.8869384045483765, "s_cf": 0.680796034257869, "k_intra": 1.9637204002350095, "phi_d": 0.40131321394033315, "gamma_fc": 0.8680120985975806}, "datetime": {"delta": 9.46274, "datetime": "2020-09-13 14:11:41", "elapsed": 3913.085243}}
{"target": -16910.2635032, "params": {"epsilon_d": 0.3695302277333601, "gamma_cf": 0.4654105087333362, "beta_rec": 0.04429908880212374, "lr": 0.22660769655406232, "phi_s": 2.4062130061211, "beta_enc": 0.02263471413364293, "s_cf": 0.8722427093421683, "k_intra": 9.921992236899374, "phi_d": 2.3979026532845293, "gamma_fc": 0.7578694442446711}, "datetime": {"delta": 9.56933, "datetime": "2020-09-13 14:11:51", "elapsed": 3922.654573}}
{"target": -9875.416829725114, "params": {"epsilon_d": 7.967015799841431, "gamma_cf": 0.5674633376679062, "beta_rec": 0.13292505513721076, "lr": 0.006556875385934302, "phi_s": 0.8872304774653559, "beta_enc": 0.3142559902953881, "s_cf": 0.47572362731036943, "k_intra": 0.586416771859708, "phi_d": 1.0164680435832936, "gamma_fc": 0.414653926800871}, "datetime": {"delta": 9.51566, "datetime": "2020-09-13 14:12:00", "elapsed": 3932.170233}}
{"target": -10304.526121639738, "params": {"epsilon_d": 2.8788387087941167, "gamma_cf": 0.8452465332465563, "beta_rec": 0.4166844860606619, "lr": 0.8634118432842225, "phi_s": 2.2682580613638628, "beta_enc": 0.9236118647021984, "s_cf": 0.15732279553013173, "k_intra": 9.155840224499851, "phi_d": 1.952575645687509, "gamma_fc": 0.3069498673705151}, "datetime": {"delta": 9.532917, "datetime": "2020-09-13 14:12:10", "elapsed": 3941.70315}}
{"target": -9733.214609321441, "params": {"epsilon_d": 4.886780535619266, "gamma_cf": 0.2253854580979061, "beta_rec": 0.32703728386624586, "lr": 0.4767340531968478, "phi_s": 0.4543707574758442, "beta_enc": 0.6028742701114563, "s_cf": 0.5030650485510998, "k_intra": 4.115337771846267, "phi_d": 2.192067983509368, "gamma_fc": 0.9019576776682231}, "datetime": {"delta": 9.532977, "datetime": "2020-09-13 14:12:19", "elapsed": 3951.236127}}
{"target": -10719.572954400657, "params": {"epsilon_d": 3.2165072602463463, "gamma_cf": 0.7106653966661972, "beta_rec": 0.6773418599205555, "lr": 0.7422347881751267, "phi_s": 1.1802134801171391, "beta_enc": 0.8131476632864285, "s_cf": 0.5584179211235301, "k_intra": 8.947762383513414, "phi_d": 0.8716933896654714, "gamma_fc": 0.9344395986794815}, "datetime": {"delta": 9.51028, "datetime": "2020-09-13 14:12:29", "elapsed": 3960.746407}}
{"target": -10716.518697794032, "params": {"epsilon_d": 7.935259441176924, "gamma_cf": 0.10394013211011521, "beta_rec": 0.4557468620624855, "lr": 0.8647278683763254, "phi_s": 1.3533327691757548, "beta_enc": 0.38104889685641463, "s_cf": 0.9425111433832147, "k_intra": 7.046190662110386, "phi_d": 2.366872156434333, "gamma_fc": 0.9729965782271728}, "datetime": {"delta": 9.5163, "datetime": "2020-09-13 14:12:38", "elapsed": 3970.262707}}
{"target": -9351.555263972772, "params": {"epsilon_d": 0.9687823026480324, "gamma_cf": 0.20073662192207808, "beta_rec": 0.04624842318955236, "lr": 0.8353208198514046, "phi_s": 2.2631126935045547, "beta_enc": 0.25308621710853185, "s_cf": 0.9690078222420352, "k_intra": 2.236025525659371, "phi_d": 0.1270821930041363, "gamma_fc": 0.5390805363474415}, "datetime": {"delta": 9.519208, "datetime": "2020-09-13 14:12:48", "elapsed": 3979.781915}}
{"target": -9349.939489031782, "params": {"epsilon_d": 7.147796349456051, "gamma_cf": 0.32695741792963406, "beta_rec": 0.6238155064284149, "lr": 0.13115018718805627, "phi_s": 1.1886783359708006, "beta_enc": 0.26718321108499254, "s_cf": 0.22840905181164184, "k_intra": 7.344088461147882, "phi_d": 0.5166893216965829, "gamma_fc": 0.43312657191283765}, "datetime": {"delta": 9.497185, "datetime": "2020-09-13 14:12:57", "elapsed": 3989.2791}}
{"target": -10498.69997187888, "params": {"epsilon_d": 0.9663605983898593, "gamma_cf": 0.915984031116339, "beta_rec": 0.15006568488590488, "lr": 0.547198765072399, "phi_s": 2.268679682993076, "beta_enc": 0.30698639377999937, "s_cf": 0.3315764573464737, "k_intra": 5.6596625673509, "phi_d": 1.406036889641702, "gamma_fc": 0.3458934084716969}, "datetime": {"delta": 9.501514, "datetime": "2020-09-13 14:13:07", "elapsed": 3998.780614}}
{"target": -9835.86342272068, "params": {"epsilon_d": 5.748895927250809, "gamma_cf": 0.3390525769517404, "beta_rec": 0.06803322230708742, "lr": 0.6035862995105342, "phi_s": 0.9534879791022158, "beta_enc": 0.8924774568573424, "s_cf": 0.28549459054495274, "k_intra": 3.0509789424760836, "phi_d": 0.7797829956481602, "gamma_fc": 0.3639003448877939}, "datetime": {"delta": 9.499029, "datetime": "2020-09-13 14:13:16", "elapsed": 4008.279643}}
{"target": -16399.428884993944, "params": {"epsilon_d": 0.4889735117246141, "gamma_cf": 0.8743762125204062, "beta_rec": 0.3716185094539123, "lr": 0.7438783349886023, "phi_s": 2.1128626337743186, "beta_enc": 0.006795445341167383, "s_cf": 0.5907563171285277, "k_intra": 5.9530710452733935, "phi_d": 2.713172842995389, "gamma_fc": 0.7218226314034274}, "datetime": {"delta": 9.565171, "datetime": "2020-09-13 14:13:26", "elapsed": 4017.844814}}
{"target": -9462.946941289434, "params": {"epsilon_d": 5.789512482609071, "gamma_cf": 0.6028443658191326, "beta_rec": 0.40458265152218775, "lr": 0.6631513275630005, "phi_s": 1.3115076032802964, "beta_enc": 0.12425924362545104, "s_cf": 0.9719504621095331, "k_intra": 2.0550032107552516, "phi_d": 0.8436445079182061, "gamma_fc": 0.9607778367838566}, "datetime": {"delta": 9.542208, "datetime": "2020-09-13 14:13:35", "elapsed": 4027.387022}}
{"target": -9406.839453854196, "params": {"epsilon_d": 4.395684484649433, "gamma_cf": 0.04066778988915665, "beta_rec": 0.36202316537554013, "lr": 0.5780799868502333, "phi_s": 1.959441017664013, "beta_enc": 0.3310774305910541, "s_cf": 0.556955944679331, "k_intra": 6.189850995707688, "phi_d": 2.6328969105874527, "gamma_fc": 0.3985702385044282}, "datetime": {"delta": 9.535132, "datetime": "2020-09-13 14:13:45", "elapsed": 4036.922154}}
{"target": -10598.846735232071, "params": {"epsilon_d": 9.961213485585054, "gamma_cf": 0.15170541761946676, "beta_rec": 0.04761678341063902, "lr": 0.5772168940956345, "phi_s": 1.121131540353341, "beta_enc": 0.6406471570721031, "s_cf": 0.9736294639810601, "k_intra": 2.9525147014369124, "phi_d": 1.722726967998084, "gamma_fc": 0.4184468867354262}, "datetime": {"delta": 9.554741, "datetime": "2020-09-13 14:13:55", "elapsed": 4046.476895}}
{"target": -8973.049518766007, "params": {"epsilon_d": 4.554101953612979, "gamma_cf": 0.599406088634455, "beta_rec": 0.889841362934226, "lr": 0.5254705707510926, "phi_s": 0.7208949994128089, "beta_enc": 0.7512716390794671, "s_cf": 0.5107874183129075, "k_intra": 3.042551654400013, "phi_d": 0.6538051958911786, "gamma_fc": 0.4134532757557783}, "datetime": {"delta": 9.556878, "datetime": "2020-09-13 14:14:04", "elapsed": 4056.033773}}
{"target": -10799.585813818961, "params": {"epsilon_d": 9.967006713535815, "gamma_cf": 0.8226829811499062, "beta_rec": 0.4454871086749813, "lr": 0.2253929300307771, "phi_s": 1.1111640620985772, "beta_enc": 0.013852074496518818, "s_cf": 0.6771668179324907, "k_intra": 6.5589031701616705, "phi_d": 0.44207197156107303, "gamma_fc": 0.08346054648688994}, "datetime": {"delta": 9.558078, "datetime": "2020-09-13 14:14:14", "elapsed": 4065.591851}}
{"target": -10212.135787554547, "params": {"epsilon_d": 8.567542693470813, "gamma_cf": 0.4775950236100055, "beta_rec": 0.04396266353157552, "lr": 0.08373326615041132, "phi_s": 1.4181795226902039, "beta_enc": 0.5507645605228727, "s_cf": 0.013894398989847456, "k_intra": 1.8765401155497807, "phi_d": 1.5963120199203495, "gamma_fc": 0.8567762248683984}, "datetime": {"delta": 9.521705, "datetime": "2020-09-13 14:14:23", "elapsed": 4075.113556}}
{"target": -10291.777170908264, "params": {"epsilon_d": 0.40677479922268445, "gamma_cf": 0.1757390673441619, "beta_rec": 0.09363283573135806, "lr": 0.9797697328616091, "phi_s": 2.6155053330922016, "beta_enc": 0.03935458969076633, "s_cf": 0.5785197821401383, "k_intra": 4.767526199665095, "phi_d": 0.30513768864739044, "gamma_fc": 0.5755361511110012}, "datetime": {"delta": 9.540588, "datetime": "2020-09-13 14:14:33", "elapsed": 4084.654144}}
{"target": -10385.146676799328, "params": {"epsilon_d": 0.9915352142160372, "gamma_cf": 0.8630947177469542, "beta_rec": 0.055713610353134935, "lr": 0.013012667941625145, "phi_s": 2.558226996168994, "beta_enc": 0.8764755457125712, "s_cf": 0.9961261910990339, "k_intra": 5.584938010898554, "phi_d": 1.9625331319376742, "gamma_fc": 0.5703840264473814}, "datetime": {"delta": 9.551941, "datetime": "2020-09-13 14:14:42", "elapsed": 4094.206085}}
{"target": -9282.134376972614, "params": {"epsilon_d": 4.04770324982244, "gamma_cf": 0.22802509631100698, "beta_rec": 0.31140904605836806, "lr": 0.684539508216859, "phi_s": 2.3402214879598997, "beta_enc": 0.43295479071736165, "s_cf": 0.21681468807052384, "k_intra": 4.3364360866519895, "phi_d": 2.016138136918251, "gamma_fc": 0.2260985847335475}, "datetime": {"delta": 9.540599, "datetime": "2020-09-13 14:14:52", "elapsed": 4103.746684}}
{"target": -9245.947847806663, "params": {"epsilon_d": 5.618128640839037, "gamma_cf": 0.465670689952025, "beta_rec": 0.7952538274190902, "lr": 0.4638321477729105, "phi_s": 0.7163843179896492, "beta_enc": 0.7287063787328217, "s_cf": 0.3999496048757011, "k_intra": 0.46452851043737975, "phi_d": 1.9974760326531333, "gamma_fc": 0.15819987184631545}, "datetime": {"delta": 9.564213, "datetime": "2020-09-13 14:15:01", "elapsed": 4113.310897}}
{"target": -11222.942550444965, "params": {"epsilon_d": 8.774451285810319, "gamma_cf": 0.8740496481285145, "beta_rec": 0.954903956652196, "lr": 0.20305987805987635, "phi_s": 0.582119920754471, "beta_enc": 0.4976378845098134, "s_cf": 0.8890870796898103, "k_intra": 7.734532831404549, "phi_d": 2.5356732879288835, "gamma_fc": 0.9966005388399094}, "datetime": {"delta": 9.605408, "datetime": "2020-09-13 14:15:11", "elapsed": 4122.916305}}
{"target": -9752.097547093153, "params": {"epsilon_d": 6.062229999118651, "gamma_cf": 0.06061154647401912, "beta_rec": 0.28794466390675777, "lr": 0.7899831709021062, "phi_s": 2.142029577021224, "beta_enc": 0.3385797959346366, "s_cf": 0.5326261668903095, "k_intra": 3.810706983653657, "phi_d": 2.1605875619435837, "gamma_fc": 0.9070881746034647}, "datetime": {"delta": 9.63466, "datetime": "2020-09-13 14:15:21", "elapsed": 4132.550965}}
{"target": -10771.024387434029, "params": {"epsilon_d": 6.915772071461484, "gamma_cf": 0.23581819527828218, "beta_rec": 0.6453979321350892, "lr": 0.8150976476385567, "phi_s": 2.4829617226135743, "beta_enc": 0.4666755104451503, "s_cf": 0.00695491753946309, "k_intra": 9.366171681857523, "phi_d": 2.218768039621875, "gamma_fc": 0.753808208295097}, "datetime": {"delta": 9.663605, "datetime": "2020-09-13 14:15:30", "elapsed": 4142.21457}}
{"target": -12939.294096214615, "params": {"epsilon_d": 7.335181339053596, "gamma_cf": 0.9783732891856411, "beta_rec": 0.3419792015163703, "lr": 0.9210518119248912, "phi_s": 1.9609028342179988, "beta_enc": 0.17482404660476414, "s_cf": 0.001504470185431317, "k_intra": 4.789929328281815, "phi_d": 1.1953275061869209, "gamma_fc": 0.732877846676929}, "datetime": {"delta": 9.697238, "datetime": "2020-09-13 14:15:40", "elapsed": 4151.911808}}
{"target": -9646.052205694752, "params": {"epsilon_d": 3.869897984245252, "gamma_cf": 0.4598205069731719, "beta_rec": 0.2948387688928866, "lr": 0.08266158515440902, "phi_s": 2.945340765623686, "beta_enc": 0.179359544437937, "s_cf": 0.4007584714887198, "k_intra": 2.7984558397310257, "phi_d": 1.6119733604565314, "gamma_fc": 0.7967187589541168}, "datetime": {"delta": 9.908921, "datetime": "2020-09-13 14:15:50", "elapsed": 4161.820729}}
{"target": -9903.736940309225, "params": {"epsilon_d": 6.155835367727537, "gamma_cf": 0.007548336226465446, "beta_rec": 0.7763414987844015, "lr": 0.3040218708681137, "phi_s": 0.9281262655221405, "beta_enc": 0.25719108184185024, "s_cf": 0.4635439312861933, "k_intra": 4.88918532421115, "phi_d": 2.028723447846914, "gamma_fc": 0.9862051049731199}, "datetime": {"delta": 9.698809, "datetime": "2020-09-13 14:16:00", "elapsed": 4171.519538}}
{"target": -9335.46265124388, "params": {"epsilon_d": 4.672231264311034, "gamma_cf": 0.7352057434325322, "beta_rec": 0.12188202717607544, "lr": 0.8324792105112068, "phi_s": 2.958871679051883, "beta_enc": 0.6518210713262587, "s_cf": 0.9378316350189041, "k_intra": 0.21389492015965184, "phi_d": 2.823523457816339, "gamma_fc": 0.9605180403725312}, "datetime": {"delta": 9.733187, "datetime": "2020-09-13 14:16:09", "elapsed": 4181.252725}}
{"target": -9116.325099966483, "params": {"epsilon_d": 1.5286212939582888, "gamma_cf": 0.3605163569932077, "beta_rec": 0.8860201939444051, "lr": 0.3548042438541301, "phi_s": 0.32769934830745734, "beta_enc": 0.1292514080774897, "s_cf": 0.37286967111119407, "k_intra": 2.797853922706043, "phi_d": 1.674704538003549, "gamma_fc": 0.3611619384814453}, "datetime": {"delta": 9.723194, "datetime": "2020-09-13 14:16:19", "elapsed": 4190.975919}}
{"target": -11319.58322719326, "params": {"epsilon_d": 2.429879452919641, "gamma_cf": 0.3127790825576541, "beta_rec": 0.13424940997972545, "lr": 0.26339747282612025, "phi_s": 1.275697311224145, "beta_enc": 0.5832188810001392, "s_cf": 0.30473563628815326, "k_intra": 8.076907953019957, "phi_d": 1.2907429266670367, "gamma_fc": 0.0745338511835042}, "datetime": {"delta": 9.71494, "datetime": "2020-09-13 14:16:29", "elapsed": 4200.690859}}
{"target": -9170.423346771207, "params": {"epsilon_d": 6.813948478763496, "gamma_cf": 0.26689146192540614, "beta_rec": 0.8935593740718485, "lr": 0.27643640136537917, "phi_s": 0.5209259054753564, "beta_enc": 0.12773804697941138, "s_cf": 0.475029547570342, "k_intra": 1.2349501608552904, "phi_d": 0.24222608870997667, "gamma_fc": 0.09243092687336907}, "datetime": {"delta": 9.787214, "datetime": "2020-09-13 14:16:39", "elapsed": 4210.478073}}
{"target": -9239.609464629997, "params": {"epsilon_d": 7.091404544851397, "gamma_cf": 0.5703050741196372, "beta_rec": 0.43406898568131114, "lr": 0.7391050833284443, "phi_s": 2.974515100383651, "beta_enc": 0.935979402514938, "s_cf": 0.35281173510660024, "k_intra": 1.7821120712420169, "phi_d": 1.1161794150859474, "gamma_fc": 0.9762441855878246}, "datetime": {"delta": 9.808786, "datetime": "2020-09-13 14:16:48", "elapsed": 4220.286859}}
{"target": -9652.810447135427, "params": {"epsilon_d": 5.9773665997711465, "gamma_cf": 0.0274479567015824, "beta_rec": 0.8603714469901419, "lr": 0.7924617615840707, "phi_s": 2.380732363443553, "beta_enc": 0.9787831825255726, "s_cf": 0.027951849039794974, "k_intra": 0.56511775487744, "phi_d": 0.3144581434822049, "gamma_fc": 0.18553204944910717}, "datetime": {"delta": 9.780957, "datetime": "2020-09-13 14:16:58", "elapsed": 4230.067816}}
{"target": -11108.653105543706, "params": {"epsilon_d": 5.646064903683536, "gamma_cf": 0.5620612439865807, "beta_rec": 0.2975833866405353, "lr": 0.1614620303618195, "phi_s": 2.3097492440675347, "beta_enc": 0.2552062530564172, "s_cf": 0.535568797816832, "k_intra": 6.3737744004333035, "phi_d": 0.17828489948072068, "gamma_fc": 0.8874009646023955}, "datetime": {"delta": 9.79321, "datetime": "2020-09-13 14:17:08", "elapsed": 4239.861026}}
{"target": -9616.44840930601, "params": {"epsilon_d": 5.898150880978024, "gamma_cf": 0.40563137805667604, "beta_rec": 0.41410504786636004, "lr": 0.49234451053532624, "phi_s": 2.932690152955129, "beta_enc": 0.5786291495500712, "s_cf": 0.8551376400120463, "k_intra": 5.927396360087918, "phi_d": 0.2713998337691315, "gamma_fc": 0.4456924054751884}, "datetime": {"delta": 9.84619, "datetime": "2020-09-13 14:17:18", "elapsed": 4249.707216}}
{"target": -10052.162713622256, "params": {"epsilon_d": 9.328743266395968, "gamma_cf": 0.3979653417007749, "beta_rec": 0.5465248427194851, "lr": 0.7457995222351668, "phi_s": 0.6621218266233311, "beta_enc": 0.3790856278281287, "s_cf": 0.16286677529246074, "k_intra": 0.3048627618559663, "phi_d": 2.4113191720835823, "gamma_fc": 0.9447726993676626}, "datetime": {"delta": 9.832098, "datetime": "2020-09-13 14:17:28", "elapsed": 4259.539314}}
{"target": -9278.966001972478, "params": {"epsilon_d": 5.86542602423981, "gamma_cf": 0.13227109688123084, "beta_rec": 0.4796917118578373, "lr": 0.10799672265927751, "phi_s": 0.176565671020614, "beta_enc": 0.5910782856513744, "s_cf": 0.5396503220994957, "k_intra": 0.6967236072962435, "phi_d": 2.177495264927187, "gamma_fc": 0.2777370697700209}, "datetime": {"delta": 9.931223, "datetime": "2020-09-13 14:17:38", "elapsed": 4269.470537}}
{"target": -9736.023670218363, "params": {"epsilon_d": 5.450388774858136, "gamma_cf": 0.9975477345448952, "beta_rec": 0.8684973001667338, "lr": 0.33510669801549786, "phi_s": 1.3393720649452678, "beta_enc": 0.2986629896367048, "s_cf": 0.22717535449607196, "k_intra": 5.620978129601833, "phi_d": 0.8317423086071318, "gamma_fc": 0.5610758906192658}, "datetime": {"delta": 9.951233, "datetime": "2020-09-13 14:17:48", "elapsed": 4279.42177}}
{"target": -12605.388670140115, "params": {"epsilon_d": 1.0641709315152614, "gamma_cf": 0.723120814600879, "beta_rec": 0.42505123328407723, "lr": 0.19558328224987354, "phi_s": 2.509395825735407, "beta_enc": 0.07087600758773827, "s_cf": 0.22040678596533647, "k_intra": 4.903616586995181, "phi_d": 2.0743968758380538, "gamma_fc": 0.298394028600829}, "datetime": {"delta": 9.919467, "datetime": "2020-09-13 14:17:57", "elapsed": 4289.341237}}
{"target": -9600.37172778761, "params": {"epsilon_d": 6.276363022375808, "gamma_cf": 0.31081682723744186, "beta_rec": 0.25090430845878375, "lr": 0.3717405627965634, "phi_s": 0.14803145800043388, "beta_enc": 0.007808669093839371, "s_cf": 0.5496787483747405, "k_intra": 8.527391992878655, "phi_d": 1.1594700268578082, "gamma_fc": 0.8362061383099221}, "datetime": {"delta": 9.947627, "datetime": "2020-09-13 14:18:07", "elapsed": 4299.288864}}
{"target": -9995.122795871514, "params": {"epsilon_d": 0.5333812925484804, "gamma_cf": 0.1792838074153501, "beta_rec": 0.1126795381335095, "lr": 0.9824324545192039, "phi_s": 1.2222828075891419, "beta_enc": 0.1542705940886464, "s_cf": 0.06248547836660323, "k_intra": 0.35490379236260083, "phi_d": 2.009083054346437, "gamma_fc": 0.1559308109650941}, "datetime": {"delta": 10.035005, "datetime": "2020-09-13 14:18:17", "elapsed": 4309.323869}}
{"target": -9219.89434372512, "params": {"epsilon_d": 4.2277980592661795, "gamma_cf": 0.1082602315952873, "beta_rec": 0.804952434706662, "lr": 0.4272341424296665, "phi_s": 1.2368280137961403, "beta_enc": 0.047245308685862186, "s_cf": 0.044755816930519554, "k_intra": 6.801945327171765, "phi_d": 0.38074404089322567, "gamma_fc": 0.16703413802718148}, "datetime": {"delta": 9.985919, "datetime": "2020-09-13 14:18:27", "elapsed": 4319.309788}}
{"target": -9108.822514920275, "params": {"epsilon_d": 4.574792862679848, "gamma_cf": 0.7686346042762389, "beta_rec": 0.5030796984475948, "lr": 0.1415270310565474, "phi_s": 1.2887059507563055, "beta_enc": 0.271026122662257, "s_cf": 0.14586258326241397, "k_intra": 5.100442364129952, "phi_d": 0.6491718125447008, "gamma_fc": 0.16023033169175893}, "datetime": {"delta": 10.074732, "datetime": "2020-09-13 14:18:37", "elapsed": 4329.38452}}
{"target": -10397.824608583978, "params": {"epsilon_d": 9.420966577475507, "gamma_cf": 0.6699949048304084, "beta_rec": 0.45523181967504345, "lr": 0.42032924958065543, "phi_s": 2.001836070211214, "beta_enc": 0.5623275258632894, "s_cf": 0.18571809897509262, "k_intra": 6.071068554145397, "phi_d": 1.5518327220231514, "gamma_fc": 0.10314223618592588}, "datetime": {"delta": 10.056432, "datetime": "2020-09-13 14:18:48", "elapsed": 4339.440952}}
{"target": -9389.726185059937, "params": {"epsilon_d": 6.147829646515008, "gamma_cf": 0.28555714521016284, "beta_rec": 0.4803797967021062, "lr": 0.5723898542085633, "phi_s": 2.5335667801015753, "beta_enc": 0.35953449531980775, "s_cf": 0.6859128057753072, "k_intra": 2.7854611291025044, "phi_d": 1.0926392715585147, "gamma_fc": 0.5027734555065132}, "datetime": {"delta": 10.114227, "datetime": "2020-09-13 14:18:58", "elapsed": 4349.555179}}
{"target": -10427.571202539355, "params": {"epsilon_d": 1.8519365164165535, "gamma_cf": 0.5425947810664189, "beta_rec": 0.15424606741962144, "lr": 0.33599700118555464, "phi_s": 0.7665742484915579, "beta_enc": 0.8161278187749986, "s_cf": 0.004686739606387769, "k_intra": 5.380585183723921, "phi_d": 1.0409175494010061, "gamma_fc": 0.06139825890862938}, "datetime": {"delta": 10.070893, "datetime": "2020-09-13 14:19:08", "elapsed": 4359.626072}}
