{"target": 14.179166666666667, "params": {"cue_position": 0.0, "beta_enc": 0.9145329046553597, "gamma_cf": 1.0, "beta_rec": 0.9559369756549354, "gamma_fc": 0.006261767425326026}, "datetime": {"elapsed": 10552.687091, "datetime": "2020-08-12 17:03:42", "delta": 30.787315}}
{"target": 14.045833333333333, "params": {"cue_position": 0.0, "beta_enc": 0.9260968184930917, "gamma_cf": 1.0, "beta_rec": 0.9630737628994831, "gamma_fc": 0.044807248245618214}, "datetime": {"elapsed": 10583.396919, "datetime": "2020-08-12 17:04:13", "delta": 30.709828}}
{"target": 13.625, "params": {"cue_position": 0.0, "beta_enc": 0.9244971599023701, "gamma_cf": 1.0, "beta_rec": 0.9904877299010237, "gamma_fc": 0.26460541275108096}, "datetime": {"elapsed": 10613.766669, "datetime": "2020-08-12 17:04:43", "delta": 30.36975}}
{"target": 14.3875, "params": {"cue_position": 0.0, "beta_enc": 0.9239558111209992, "gamma_cf": 1.0, "beta_rec": 0.9589533187704357, "gamma_fc": 0.018668586338120963}, "datetime": {"elapsed": 10644.962109, "datetime": "2020-08-12 17:05:14", "delta": 31.19544}}
{"target": 13.9375, "params": {"cue_position": 0.0, "beta_enc": 0.9294351775276269, "gamma_cf": 1.0, "beta_rec": 0.9945398836466163, "gamma_fc": 0.26345333368439855}, "datetime": {"elapsed": 10675.763451, "datetime": "2020-08-12 17:05:45", "delta": 30.801342}}
{"target": 14.3875, "params": {"cue_position": 0.0, "beta_enc": 0.9180746600467155, "gamma_cf": 1.0, "beta_rec": 0.9362836889565322, "gamma_fc": 0.047893412663535306}, "datetime": {"elapsed": 10707.338733, "datetime": "2020-08-12 17:06:17", "delta": 31.575282}}
{"target": 14.145833333333334, "params": {"cue_position": 0.0, "beta_enc": 0.9150641320006784, "gamma_cf": 1.0, "beta_rec": 0.9496908951142625, "gamma_fc": 0.025266514494780457}, "datetime": {"elapsed": 10738.405714, "datetime": "2020-08-12 17:06:48", "delta": 31.066981}}
{"target": 14.1625, "params": {"cue_position": 0.0, "beta_enc": 0.9202189012875754, "gamma_cf": 1.0, "beta_rec": 0.9377439135072475, "gamma_fc": 0.04198891317456743}, "datetime": {"elapsed": 10787.514305, "datetime": "2020-08-12 17:07:37", "delta": 49.108591}}
{"target": 14.175, "params": {"cue_position": 0.0, "beta_enc": 0.9166372226576226, "gamma_cf": 1.0, "beta_rec": 0.9634836394375326, "gamma_fc": 0.012563747602022435}, "datetime": {"elapsed": 10836.972502, "datetime": "2020-08-12 17:08:26", "delta": 49.458197}}
{"target": 14.0, "params": {"cue_position": 0.0, "beta_enc": 0.9325105089582624, "gamma_cf": 1.0, "beta_rec": 0.9417912299266831, "gamma_fc": 0.2237383221458862}, "datetime": {"elapsed": 10885.450166, "datetime": "2020-08-12 17:09:15", "delta": 48.477664}}
{"target": 13.904166666666667, "params": {"cue_position": 0.0, "beta_enc": 0.9001829423355411, "gamma_cf": 1.0, "beta_rec": 0.9576291067620508, "gamma_fc": 0.1111778373973778}, "datetime": {"elapsed": 10917.563615, "datetime": "2020-08-12 17:09:47", "delta": 32.113449}}
{"target": 14.4125, "params": {"cue_position": 0.0, "beta_enc": 0.920412567051539, "gamma_cf": 1.0, "beta_rec": 0.9408551806760082, "gamma_fc": 0.037993584368226196}, "datetime": {"elapsed": 10949.332265, "datetime": "2020-08-12 17:10:19", "delta": 31.76865}}
{"target": 14.029166666666667, "params": {"cue_position": 0.0, "beta_enc": 0.9430364694174167, "gamma_cf": 1.0, "beta_rec": 0.985241684379352, "gamma_fc": 0.28455250067649507}, "datetime": {"elapsed": 10980.236792, "datetime": "2020-08-12 17:10:50", "delta": 30.904527}}
{"target": 14.066666666666666, "params": {"cue_position": 0.0, "beta_enc": 0.9160646970836344, "gamma_cf": 1.0, "beta_rec": 0.983718613228801, "gamma_fc": 0.2405098610283649}, "datetime": {"elapsed": 11011.418383, "datetime": "2020-08-12 17:11:21", "delta": 31.181591}}
{"target": 14.058333333333334, "params": {"cue_position": 0.0, "beta_enc": 0.9144120708392853, "gamma_cf": 1.0, "beta_rec": 0.9456676023334337, "gamma_fc": 0.0030874315801564522}, "datetime": {"elapsed": 11042.467238, "datetime": "2020-08-12 17:11:52", "delta": 31.048855}}
{"target": 14.5, "params": {"cue_position": 0.0, "beta_enc": 0.9204373780432926, "gamma_cf": 1.0, "beta_rec": 0.9530133218546073, "gamma_fc": 0.033328898912103}, "datetime": {"elapsed": 11074.442835, "datetime": "2020-08-12 17:12:24", "delta": 31.975597}}
{"target": 13.825, "params": {"cue_position": 0.0, "beta_enc": 0.9214742321546605, "gamma_cf": 1.0, "beta_rec": 0.9409393367990682, "gamma_fc": 0.03095302461197269}, "datetime": {"elapsed": 11105.376244, "datetime": "2020-08-12 17:12:55", "delta": 30.933409}}
{"target": 14.020833333333334, "params": {"cue_position": 0.0, "beta_enc": 0.917822139903811, "gamma_cf": 1.0, "beta_rec": 0.9374095338463163, "gamma_fc": 0.05034097206617272}, "datetime": {"elapsed": 11136.772183, "datetime": "2020-08-12 17:13:26", "delta": 31.395939}}
{"target": 13.970833333333333, "params": {"cue_position": 0.0, "beta_enc": 0.8995320681984066, "gamma_cf": 1.0, "beta_rec": 0.9412806560787952, "gamma_fc": 0.09829658591032153}, "datetime": {"elapsed": 11167.758451, "datetime": "2020-08-12 17:13:57", "delta": 30.986268}}
{"target": 14.254166666666666, "params": {"cue_position": 0.0, "beta_enc": 0.9215178246638581, "gamma_cf": 1.0, "beta_rec": 0.9487594010655819, "gamma_fc": 0.02324504071483402}, "datetime": {"elapsed": 11199.287978, "datetime": "2020-08-12 17:14:29", "delta": 31.529527}}
{"target": 14.058333333333334, "params": {"cue_position": 0.0, "beta_enc": 0.9214301949951779, "gamma_cf": 1.0, "beta_rec": 0.9692335824098098, "gamma_fc": 0.2538797387103745}, "datetime": {"elapsed": 11230.614513, "datetime": "2020-08-12 17:15:00", "delta": 31.326535}}
{"target": 14.016666666666667, "params": {"cue_position": 0.0, "beta_enc": 0.9002712294592579, "gamma_cf": 1.0, "beta_rec": 0.9369475468018427, "gamma_fc": 0.11341278150411782}, "datetime": {"elapsed": 11261.931711, "datetime": "2020-08-12 17:15:31", "delta": 31.317198}}
{"target": 14.070833333333333, "params": {"cue_position": 0.0, "beta_enc": 0.9161598773881828, "gamma_cf": 1.0, "beta_rec": 0.9443851738686181, "gamma_fc": 0.03392512621215904}, "datetime": {"elapsed": 11293.34011, "datetime": "2020-08-12 17:16:03", "delta": 31.408399}}
{"target": 13.9625, "params": {"cue_position": 0.0, "beta_enc": 0.9215460256073397, "gamma_cf": 1.0, "beta_rec": 0.9491538590349244, "gamma_fc": 0.034828528481812504}, "datetime": {"elapsed": 11324.6829, "datetime": "2020-08-12 17:16:34", "delta": 31.34279}}
{"target": 14.054166666666667, "params": {"cue_position": 0.0, "beta_enc": 0.9131729939386446, "gamma_cf": 1.0, "beta_rec": 0.9652173814436666, "gamma_fc": 0.01632210301209347}, "datetime": {"elapsed": 11356.149985, "datetime": "2020-08-12 17:17:06", "delta": 31.467085}}
{"target": 14.416666666666666, "params": {"cue_position": 0.0, "beta_enc": 0.9247881523934796, "gamma_cf": 1.0, "beta_rec": 0.9701437883154943, "gamma_fc": 0.034182300986277836}, "datetime": {"elapsed": 11388.002499, "datetime": "2020-08-12 17:17:37", "delta": 31.852514}}
{"target": 14.320833333333333, "params": {"cue_position": 0.0, "beta_enc": 0.9204490102472681, "gamma_cf": 1.0, "beta_rec": 0.9562353158009957, "gamma_fc": 0.05884206524359192}, "datetime": {"elapsed": 11419.907869, "datetime": "2020-08-12 17:18:09", "delta": 31.90537}}
{"target": 14.095833333333333, "params": {"cue_position": 0.0, "beta_enc": 0.9034928875768128, "gamma_cf": 1.0, "beta_rec": 0.9387436992129272, "gamma_fc": 0.11668950564573277}, "datetime": {"elapsed": 11452.001041, "datetime": "2020-08-12 17:18:41", "delta": 32.093172}}
{"target": 14.320833333333333, "params": {"cue_position": 0.0, "beta_enc": 0.9087252204145572, "gamma_cf": 1.0, "beta_rec": 0.9503646425805806, "gamma_fc": 0.09713971938467925}, "datetime": {"elapsed": 11483.999948, "datetime": "2020-08-12 17:19:13", "delta": 31.998907}}
{"target": 14.408333333333333, "params": {"cue_position": 0.0, "beta_enc": 0.9222139659056884, "gamma_cf": 1.0, "beta_rec": 0.951983445181331, "gamma_fc": 0.0308729549035196}, "datetime": {"elapsed": 11515.997376, "datetime": "2020-08-12 17:19:45", "delta": 31.997428}}
{"target": 14.3625, "params": {"cue_position": 0.0, "beta_enc": 0.9194707489105791, "gamma_cf": 1.0, "beta_rec": 0.9708060956889704, "gamma_fc": 0.03421880443825276}, "datetime": {"elapsed": 11548.009286, "datetime": "2020-08-12 17:20:17", "delta": 32.01191}}
{"target": 14.1, "params": {"cue_position": 0.0, "beta_enc": 0.9007674314613878, "gamma_cf": 1.0, "beta_rec": 0.9429235186549535, "gamma_fc": 0.1135577102332345}, "datetime": {"elapsed": 11580.036855, "datetime": "2020-08-12 17:20:49", "delta": 32.027569}}
{"target": 13.883333333333333, "params": {"cue_position": 0.0, "beta_enc": 0.9151942850202731, "gamma_cf": 1.0, "beta_rec": 0.9905500731906032, "gamma_fc": 0.2637356567859144}, "datetime": {"elapsed": 11628.035809, "datetime": "2020-08-12 17:21:37", "delta": 47.998954}}
{"target": 14.3375, "params": {"cue_position": 0.0, "beta_enc": 0.9246180104938211, "gamma_cf": 1.0, "beta_rec": 0.9613801160178436, "gamma_fc": 0.015702523462747142}, "datetime": {"elapsed": 11678.235109, "datetime": "2020-08-12 17:22:28", "delta": 50.1993}}
{"target": 14.466666666666667, "params": {"cue_position": 0.0, "beta_enc": 0.906805388035807, "gamma_cf": 1.0, "beta_rec": 0.9464129988564447, "gamma_fc": 0.015775834726308946}, "datetime": {"elapsed": 11728.857132, "datetime": "2020-08-12 17:23:18", "delta": 50.622023}}
{"target": 13.875, "params": {"cue_position": 0.0, "beta_enc": 0.9084812915102816, "gamma_cf": 1.0, "beta_rec": 0.9540081884457241, "gamma_fc": 0.10641416198486463}, "datetime": {"elapsed": 11778.681157, "datetime": "2020-08-12 17:24:08", "delta": 49.824025}}
{"target": 14.5, "params": {"cue_position": 0.0, "beta_enc": 0.9209285609961942, "gamma_cf": 1.0, "beta_rec": 0.9593660933358725, "gamma_fc": 0.06179869008382943}, "datetime": {"elapsed": 11830.231389, "datetime": "2020-08-12 17:25:00", "delta": 51.550232}}
{"target": 14.308333333333334, "params": {"cue_position": 0.0, "beta_enc": 0.9268205561176429, "gamma_cf": 1.0, "beta_rec": 0.9706502080614451, "gamma_fc": 0.04177084066967189}, "datetime": {"elapsed": 11881.375443, "datetime": "2020-08-12 17:25:51", "delta": 51.144054}}
{"target": 14.191666666666666, "params": {"cue_position": 0.0, "beta_enc": 0.905804884307122, "gamma_cf": 1.0, "beta_rec": 0.9479383768383259, "gamma_fc": 0.0007794994677811085}, "datetime": {"elapsed": 11932.884715, "datetime": "2020-08-12 17:26:42", "delta": 51.509272}}
{"target": 14.3625, "params": {"cue_position": 0.0, "beta_enc": 0.9215934711286682, "gamma_cf": 1.0, "beta_rec": 0.9563980394307126, "gamma_fc": 0.0334487098012406}, "datetime": {"elapsed": 11984.445493, "datetime": "2020-08-12 17:27:34", "delta": 51.560778}}
{"target": 14.204166666666667, "params": {"cue_position": 0.0, "beta_enc": 0.9203110384006511, "gamma_cf": 1.0, "beta_rec": 0.9579378502874922, "gamma_fc": 0.05392354692602985}, "datetime": {"elapsed": 12035.573683, "datetime": "2020-08-12 17:28:25", "delta": 51.12819}}
{"target": 14.070833333333333, "params": {"cue_position": 0.0, "beta_enc": 0.9209122779337612, "gamma_cf": 1.0, "beta_rec": 0.9396854064587253, "gamma_fc": 0.0466760540861673}, "datetime": {"elapsed": 12087.084504, "datetime": "2020-08-12 17:29:16", "delta": 51.510821}}
{"target": 14.066666666666666, "params": {"cue_position": 0.0, "beta_enc": 0.9274512482874956, "gamma_cf": 1.0, "beta_rec": 0.9619301521053298, "gamma_fc": 0.019050460475144755}, "datetime": {"elapsed": 12137.990538, "datetime": "2020-08-12 17:30:07", "delta": 50.906034}}
{"target": 14.341666666666667, "params": {"cue_position": 0.0, "beta_enc": 0.9093869849915444, "gamma_cf": 1.0, "beta_rec": 0.9455436727493692, "gamma_fc": 0.013620015330490174}, "datetime": {"elapsed": 12189.99931, "datetime": "2020-08-12 17:30:59", "delta": 52.008772}}
{"target": 13.983333333333333, "params": {"cue_position": 0.0, "beta_enc": 0.9183065412999125, "gamma_cf": 1.0, "beta_rec": 0.9671110357545475, "gamma_fc": 0.036460540576575884}, "datetime": {"elapsed": 12240.509561, "datetime": "2020-08-12 17:31:50", "delta": 50.510251}}
{"target": 14.158333333333333, "params": {"cue_position": 0.0, "beta_enc": 0.9080469151992683, "gamma_cf": 1.0, "beta_rec": 0.9489307042098906, "gamma_fc": 0.02285527015613331}, "datetime": {"elapsed": 12292.114606, "datetime": "2020-08-12 17:32:41", "delta": 51.605045}}
{"target": 14.141666666666667, "params": {"cue_position": 0.0, "beta_enc": 0.9081558643486358, "gamma_cf": 1.0, "beta_rec": 0.9395684876861631, "gamma_fc": 0.020185441617382893}, "datetime": {"elapsed": 12343.799098, "datetime": "2020-08-12 17:33:33", "delta": 51.684492}}
{"target": 14.15, "params": {"cue_position": 0.0, "beta_enc": 0.9157507367715693, "gamma_cf": 1.0, "beta_rec": 0.9373616383140428, "gamma_fc": 0.044916440182507004}, "datetime": {"elapsed": 12395.452409, "datetime": "2020-08-12 17:34:25", "delta": 51.653311}}
{"target": 14.25, "params": {"cue_position": 0.0, "beta_enc": 0.907293028521696, "gamma_cf": 1.0, "beta_rec": 0.9303786381570127, "gamma_fc": 0.010051107168296047}, "datetime": {"elapsed": 12446.965966, "datetime": "2020-08-12 17:35:16", "delta": 51.513557}}
{"target": 14.35, "params": {"cue_position": 0.0, "beta_enc": 0.9198383529989554, "gamma_cf": 1.0, "beta_rec": 0.9432575550968142, "gamma_fc": 0.041090105619337736}, "datetime": {"elapsed": 12499.463846, "datetime": "2020-08-12 17:36:09", "delta": 52.49788}}
{"target": 14.3, "params": {"cue_position": 0.0, "beta_enc": 0.9253667651926109, "gamma_cf": 1.0, "beta_rec": 0.9672065092305866, "gamma_fc": 0.020134638839450436}, "datetime": {"elapsed": 12551.64451, "datetime": "2020-08-12 17:37:01", "delta": 52.180664}}
{"target": 14.245833333333334, "params": {"cue_position": 0.0, "beta_enc": 0.9121234499969206, "gamma_cf": 1.0, "beta_rec": 0.9438722669710038, "gamma_fc": 0.006453545863934873}, "datetime": {"elapsed": 12603.394243, "datetime": "2020-08-12 17:37:53", "delta": 51.749733}}
{"target": 14.225, "params": {"cue_position": 0.0, "beta_enc": 0.9092743392799298, "gamma_cf": 1.0, "beta_rec": 0.9761462655076983, "gamma_fc": 0.22781265487318159}, "datetime": {"elapsed": 12655.385692, "datetime": "2020-08-12 17:38:45", "delta": 51.991449}}
{"target": 13.820833333333333, "params": {"cue_position": 0.0, "beta_enc": 0.914643563261928, "gamma_cf": 1.0, "beta_rec": 0.9814043984632125, "gamma_fc": 0.23178415611883008}, "datetime": {"elapsed": 12706.362122, "datetime": "2020-08-12 17:39:36", "delta": 50.97643}}
{"target": 14.508333333333333, "params": {"cue_position": 0.0, "beta_enc": 0.9200733306102756, "gamma_cf": 1.0, "beta_rec": 0.9617734702847726, "gamma_fc": 0.06004122162723038}, "datetime": {"elapsed": 12758.922402, "datetime": "2020-08-12 17:40:28", "delta": 52.56028}}
{"target": 14.2625, "params": {"cue_position": 0.0, "beta_enc": 0.9071313331981051, "gamma_cf": 1.0, "beta_rec": 0.952977055413658, "gamma_fc": 0.0964262978428776}, "datetime": {"elapsed": 12793.128965, "datetime": "2020-08-12 17:41:03", "delta": 34.206563}}
{"target": 13.954166666666667, "params": {"cue_position": 0.0, "beta_enc": 0.9238406367459069, "gamma_cf": 1.0, "beta_rec": 0.9584809727664366, "gamma_fc": 0.0075546705018259}, "datetime": {"elapsed": 12826.313773, "datetime": "2020-08-12 17:41:36", "delta": 33.184808}}
{"target": 14.075, "params": {"cue_position": 0.0, "beta_enc": 0.9164640116780852, "gamma_cf": 1.0, "beta_rec": 0.9318554077745673, "gamma_fc": 0.04524292134839614}, "datetime": {"elapsed": 12859.91604, "datetime": "2020-08-12 17:42:09", "delta": 33.602267}}
{"target": 14.008333333333333, "params": {"cue_position": 0.0, "beta_enc": 0.9145550381081389, "gamma_cf": 1.0, "beta_rec": 0.9355959821434139, "gamma_fc": 0.0199654572205491}, "datetime": {"elapsed": 12892.987777, "datetime": "2020-08-12 17:42:42", "delta": 33.071737}}
{"target": 14.408333333333333, "params": {"cue_position": 0.0, "beta_enc": 0.9170507352737015, "gamma_cf": 1.0, "beta_rec": 0.968109006764966, "gamma_fc": 0.03143782736312206}, "datetime": {"elapsed": 12926.843113, "datetime": "2020-08-12 17:43:16", "delta": 33.855336}}
{"target": 14.420833333333333, "params": {"cue_position": 0.0, "beta_enc": 0.9203449133459148, "gamma_cf": 1.0, "beta_rec": 0.9644172185030869, "gamma_fc": 0.017932520124521734}, "datetime": {"elapsed": 12978.417544, "datetime": "2020-08-12 17:44:08", "delta": 51.574431}}
{"target": 14.291666666666666, "params": {"cue_position": 0.0, "beta_enc": 0.9030301177137535, "gamma_cf": 1.0, "beta_rec": 0.9464663291332878, "gamma_fc": 0.018181556717386416}, "datetime": {"elapsed": 13030.401331, "datetime": "2020-08-12 17:45:00", "delta": 51.983787}}
{"target": 13.9625, "params": {"cue_position": 0.0, "beta_enc": 0.920977868229883, "gamma_cf": 1.0, "beta_rec": 0.9464514127109365, "gamma_fc": 0.04788735140866107}, "datetime": {"elapsed": 13081.399057, "datetime": "2020-08-12 17:45:51", "delta": 50.997726}}
{"target": 14.15, "params": {"cue_position": 0.0, "beta_enc": 0.9106707527832613, "gamma_cf": 1.0, "beta_rec": 0.9324052633752468, "gamma_fc": 0.053023047322661276}, "datetime": {"elapsed": 13133.551384, "datetime": "2020-08-12 17:46:43", "delta": 52.152327}}
{"target": 13.933333333333334, "params": {"cue_position": 0.0, "beta_enc": 0.909538572082213, "gamma_cf": 1.0, "beta_rec": 0.9547516935644355, "gamma_fc": 0.03639440160334284}, "datetime": {"elapsed": 13184.831558, "datetime": "2020-08-12 17:47:34", "delta": 51.280174}}
{"target": 13.920833333333333, "params": {"cue_position": 0.0, "beta_enc": 0.9044391088367669, "gamma_cf": 1.0, "beta_rec": 0.9790864889483778, "gamma_fc": 0.232715502568975}, "datetime": {"elapsed": 13237.203072, "datetime": "2020-08-12 17:48:27", "delta": 52.371514}}
{"target": 14.083333333333334, "params": {"cue_position": 0.0, "beta_enc": 0.9212831214275624, "gamma_cf": 1.0, "beta_rec": 0.9564612538903285, "gamma_fc": 0.04608120208054926}, "datetime": {"elapsed": 13289.028343, "datetime": "2020-08-12 17:49:18", "delta": 51.825271}}
{"target": 14.2125, "params": {"cue_position": 0.0, "beta_enc": 0.9218868425010295, "gamma_cf": 1.0, "beta_rec": 0.9519441653546761, "gamma_fc": 0.008350533934624482}, "datetime": {"elapsed": 13341.697515, "datetime": "2020-08-12 17:50:11", "delta": 52.669172}}
{"target": 14.129166666666666, "params": {"cue_position": 0.0, "beta_enc": 0.9212850245237058, "gamma_cf": 1.0, "beta_rec": 0.9563238087243517, "gamma_fc": 0.01611810957764037}, "datetime": {"elapsed": 13393.528494, "datetime": "2020-08-12 17:51:03", "delta": 51.830979}}
{"target": 14.1, "params": {"cue_position": 0.0, "beta_enc": 0.9269305188374539, "gamma_cf": 1.0, "beta_rec": 0.9472628896024097, "gamma_fc": 0.041431861319893626}, "datetime": {"elapsed": 13444.676088, "datetime": "2020-08-12 17:51:54", "delta": 51.147594}}
{"target": 14.354166666666666, "params": {"cue_position": 0.0, "beta_enc": 0.9031806533879365, "gamma_cf": 1.0, "beta_rec": 0.9509504529058722, "gamma_fc": 0.01296070706341268}, "datetime": {"elapsed": 13493.931, "datetime": "2020-08-12 17:52:43", "delta": 49.254912}}
{"target": 13.9, "params": {"cue_position": 0.0, "beta_enc": 0.9620073563831008, "gamma_cf": 1.0, "beta_rec": 0.998000830128871, "gamma_fc": 0.27355976275574323}, "datetime": {"elapsed": 13542.447258, "datetime": "2020-08-12 17:53:32", "delta": 48.516258}}
{"target": 14.208333333333334, "params": {"cue_position": 0.0, "beta_enc": 0.9167559630785244, "gamma_cf": 1.0, "beta_rec": 0.9540177838520736, "gamma_fc": 0.002502022890374822}, "datetime": {"elapsed": 13591.680602, "datetime": "2020-08-12 17:54:21", "delta": 49.233344}}
{"target": 14.029166666666667, "params": {"cue_position": 0.0, "beta_enc": 0.9071847295200482, "gamma_cf": 1.0, "beta_rec": 0.9768029173517605, "gamma_fc": 0.036621119181766804}, "datetime": {"elapsed": 13648.933051, "datetime": "2020-08-12 17:55:18", "delta": 57.252449}}
{"target": 14.166666666666666, "params": {"cue_position": 0.0, "beta_enc": 0.909340488724899, "gamma_cf": 1.0, "beta_rec": 0.9445690828483592, "gamma_fc": 0.019262277884652297}, "datetime": {"elapsed": 13681.171755, "datetime": "2020-08-12 17:55:51", "delta": 32.238704}}
{"target": 13.95, "params": {"cue_position": 0.0, "beta_enc": 0.9177437266035774, "gamma_cf": 1.0, "beta_rec": 0.9676703011144466, "gamma_fc": 0.016615581304291305}, "datetime": {"elapsed": 13713.142571, "datetime": "2020-08-12 17:56:23", "delta": 31.970816}}
{"target": 13.9, "params": {"cue_position": 0.0, "beta_enc": 0.9379134230400602, "gamma_cf": 1.0, "beta_rec": 0.9824174384192346, "gamma_fc": 0.278298111809107}, "datetime": {"elapsed": 13745.058472, "datetime": "2020-08-12 17:56:54", "delta": 31.915901}}
{"target": 13.9375, "params": {"cue_position": 0.0, "beta_enc": 0.9118911542185604, "gamma_cf": 1.0, "beta_rec": 0.9475825179555438, "gamma_fc": 0.04154624826742237}, "datetime": {"elapsed": 13777.138832, "datetime": "2020-08-12 17:57:27", "delta": 32.08036}}
{"target": 14.1875, "params": {"cue_position": 0.0, "beta_enc": 0.9290955770402801, "gamma_cf": 1.0, "beta_rec": 0.9700883052570249, "gamma_fc": 0.046276480192973424}, "datetime": {"elapsed": 13809.400148, "datetime": "2020-08-12 17:57:59", "delta": 32.261316}}
{"target": 13.954166666666667, "params": {"cue_position": 0.0, "beta_enc": 0.9038770062281137, "gamma_cf": 1.0, "beta_rec": 0.9466604220528309, "gamma_fc": 0.013340009815581469}, "datetime": {"elapsed": 13841.640622, "datetime": "2020-08-12 17:58:31", "delta": 32.240474}}
{"target": 14.066666666666666, "params": {"cue_position": 0.0, "beta_enc": 0.9060416667931473, "gamma_cf": 1.0, "beta_rec": 0.9497232344643556, "gamma_fc": 0.01680095030397657}, "datetime": {"elapsed": 13873.706021, "datetime": "2020-08-12 17:59:03", "delta": 32.065399}}
{"target": 14.108333333333333, "params": {"cue_position": 0.0, "beta_enc": 0.9120760965199661, "gamma_cf": 1.0, "beta_rec": 0.9822637276470662, "gamma_fc": 0.2377718416709343}, "datetime": {"elapsed": 13906.457631, "datetime": "2020-08-12 17:59:36", "delta": 32.75161}}
