{"target": 7.479333333333334, "params": {"beta_rec": 0.8830285085638342, "gamma_fc": 0.2867116496064306, "cue_position": 6.0, "beta_enc": 0.3020967312900983}, "datetime": {"elapsed": 5977.022711, "datetime": "2021-08-25 13:47:19", "delta": 37.016948}}
{"target": 7.743333333333334, "params": {"beta_rec": 0.29014446310454167, "gamma_fc": 0.3241385298974466, "cue_position": 6.0, "beta_enc": 0.13835468979294652}, "datetime": {"elapsed": 6014.836316, "datetime": "2021-08-25 13:47:57", "delta": 37.813605}}
{"target": 7.188888888888888, "params": {"beta_rec": 0.44411710701661444, "gamma_fc": 0.4263481542362306, "cue_position": 6.0, "beta_enc": 0.45736018169099846}, "datetime": {"elapsed": 6051.037382, "datetime": "2021-08-25 13:48:33", "delta": 36.201066}}
{"target": 7.529555555555556, "params": {"beta_rec": 0.6749716048091052, "gamma_fc": 0.4672458239265538, "cue_position": 6.0, "beta_enc": 0.3456988211755023}, "datetime": {"elapsed": 6088.283186, "datetime": "2021-08-25 13:49:10", "delta": 37.245804}}
{"target": 7.55, "params": {"beta_rec": 0.6268556021628346, "gamma_fc": 0.4476890001456285, "cue_position": 6.0, "beta_enc": 0.31476568732401644}, "datetime": {"elapsed": 6125.597322, "datetime": "2021-08-25 13:49:48", "delta": 37.314136}}
{"target": 5.4655555555555555, "params": {"beta_rec": 0.4569657005615504, "gamma_fc": 0.13184097502750214, "cue_position": 6.0, "beta_enc": 0.7844574187919231}, "datetime": {"elapsed": 6156.60105, "datetime": "2021-08-25 13:50:19", "delta": 31.003728}}
{"target": 7.466222222222221, "params": {"beta_rec": 0.9093119886549367, "gamma_fc": 0.7667745872371021, "cue_position": 6.0, "beta_enc": 0.43298150696764814}, "datetime": {"elapsed": 6193.598351, "datetime": "2021-08-25 13:50:56", "delta": 36.997301}}
{"target": 6.599555555555556, "params": {"beta_rec": 0.49805562482800747, "gamma_fc": 0.06780693434095375, "cue_position": 6.0, "beta_enc": 0.5047006080958943}, "datetime": {"elapsed": 6228.033393, "datetime": "2021-08-25 13:51:30", "delta": 34.435042}}
{"target": 6.661555555555556, "params": {"beta_rec": 0.9427625754329493, "gamma_fc": 0.1944658095278845, "cue_position": 6.0, "beta_enc": 0.5732722715496846}, "datetime": {"elapsed": 6262.624852, "datetime": "2021-08-25 13:52:05", "delta": 34.591459}}
{"target": 5.269555555555556, "params": {"beta_rec": 0.25163914235585283, "gamma_fc": 0.5402609403968999, "cue_position": 6.0, "beta_enc": 0.8479393924434762}, "datetime": {"elapsed": 6293.004726, "datetime": "2021-08-25 13:52:35", "delta": 30.379874}}
{"target": 4.639999999999999, "params": {"beta_rec": 0.6243367024026759, "gamma_fc": 0.007932876194523097, "cue_position": 6.0, "beta_enc": 0.9488362882802196}, "datetime": {"elapsed": 6321.356534, "datetime": "2021-08-25 13:53:04", "delta": 28.351808}}
{"target": 2.2984444444444447, "params": {"beta_rec": 0.07771457033238649, "gamma_fc": 0.9461523954567653, "cue_position": 6.0, "beta_enc": 0.989340056166638}, "datetime": {"elapsed": 6342.080715, "datetime": "2021-08-25 13:53:24", "delta": 20.724181}}
{"target": 7.720444444444444, "params": {"beta_rec": 0.8227300054219355, "gamma_fc": 0.4398308142085725, "cue_position": 6.0, "beta_enc": 0.008939102371245067}, "datetime": {"elapsed": 6382.149634, "datetime": "2021-08-25 13:54:04", "delta": 40.068919}}
{"target": 7.426666666666667, "params": {"beta_rec": 0.8026895196332986, "gamma_fc": 0.13433860865569613, "cue_position": 6.0, "beta_enc": 0.2557451938059312}, "datetime": {"elapsed": 6419.044375, "datetime": "2021-08-25 13:54:41", "delta": 36.894741}}
{"target": 4.2971111111111115, "params": {"beta_rec": 0.8959699670066484, "gamma_fc": 0.8567024965177922, "cue_position": 6.0, "beta_enc": 0.9278489928250108}, "datetime": {"elapsed": 6446.303741, "datetime": "2021-08-25 13:55:08", "delta": 27.259366}}
{"target": 7.346444444444444, "params": {"beta_rec": 0.6834649001663011, "gamma_fc": 0.5057420174508104, "cue_position": 6.0, "beta_enc": 0.41857802576409864}, "datetime": {"elapsed": 6483.000393, "datetime": "2021-08-25 13:55:45", "delta": 36.696652}}
{"target": 7.535333333333334, "params": {"beta_rec": 0.9649889241109139, "gamma_fc": 0.10345955611640134, "cue_position": 6.0, "beta_enc": 0.1895517028339273}, "datetime": {"elapsed": 6520.206588, "datetime": "2021-08-25 13:56:22", "delta": 37.206195}}
{"target": 7.708666666666668, "params": {"beta_rec": 0.014092294192442956, "gamma_fc": 0.5644983202408741, "cue_position": 6.0, "beta_enc": 0.1443154002290481}, "datetime": {"elapsed": 6557.944513, "datetime": "2021-08-25 13:57:00", "delta": 37.737925}}
{"target": 5.587999999999999, "params": {"beta_rec": 0.5070799232841364, "gamma_fc": 0.6957642142718394, "cue_position": 6.0, "beta_enc": 0.7945783511847522}, "datetime": {"elapsed": 6589.277185, "datetime": "2021-08-25 13:57:31", "delta": 31.332672}}
{"target": 5.502888888888888, "params": {"beta_rec": 0.4064828689770863, "gamma_fc": 0.1797942976929744, "cue_position": 6.0, "beta_enc": 0.7778484768591754}, "datetime": {"elapsed": 6620.37738, "datetime": "2021-08-25 13:58:03", "delta": 31.100195}}
{"target": 7.557777777777778, "params": {"beta_rec": 0.1726046201197925, "gamma_fc": 0.2414187479655988, "cue_position": 6.0, "beta_enc": 0.321819963387904}, "datetime": {"elapsed": 6657.728263, "datetime": "2021-08-25 13:58:40", "delta": 37.350883}}
{"target": 7.572, "params": {"beta_rec": 0.9752223424373121, "gamma_fc": 0.9824909449748953, "cue_position": 6.0, "beta_enc": 0.4069219941293579}, "datetime": {"elapsed": 6695.063116, "datetime": "2021-08-25 13:59:17", "delta": 37.334853}}
{"target": 6.548444444444445, "params": {"beta_rec": 0.375091018393911, "gamma_fc": 0.6195867393685738, "cue_position": 6.0, "beta_enc": 0.6363061258559836}, "datetime": {"elapsed": 6729.297443, "datetime": "2021-08-25 13:59:51", "delta": 34.234327}}
{"target": 7.597111111111111, "params": {"beta_rec": 0.7928556779768876, "gamma_fc": 0.3575111673304414, "cue_position": 6.0, "beta_enc": 0.25203308013083936}, "datetime": {"elapsed": 6766.73247, "datetime": "2021-08-25 14:00:29", "delta": 37.435027}}
{"target": 7.632, "params": {"beta_rec": 0.6973688756131394, "gamma_fc": 0.8082780137053801, "cue_position": 6.0, "beta_enc": 0.33027693652508094}, "datetime": {"elapsed": 6804.208137, "datetime": "2021-08-25 14:01:06", "delta": 37.475667}}
{"target": 7.629555555555555, "params": {"beta_rec": 0.5441213835853572, "gamma_fc": 0.8553564125953698, "cue_position": 6.0, "beta_enc": 0.2952887943998478}, "datetime": {"elapsed": 6841.709584, "datetime": "2021-08-25 14:01:44", "delta": 37.501447}}
{"target": 7.7042222222222225, "params": {"beta_rec": 0.9851319494377752, "gamma_fc": 0.12456065874132355, "cue_position": 6.0, "beta_enc": 0.0}, "datetime": {"elapsed": 6889.270374, "datetime": "2021-08-25 14:02:31", "delta": 47.56079}}
{"target": 7.695777777777778, "params": {"beta_rec": 0.8500808038013312, "gamma_fc": 0.0, "cue_position": 6.0, "beta_enc": 0.0}, "datetime": {"elapsed": 6937.721384, "datetime": "2021-08-25 14:03:20", "delta": 48.45101}}
{"target": 1.0, "params": {"beta_rec": 1.0, "gamma_fc": 0.0, "cue_position": 6.0, "beta_enc": 0.0}, "datetime": {"elapsed": 6962.618308, "datetime": "2021-08-25 14:03:45", "delta": 24.896924}}
{"target": 7.756888888888888, "params": {"beta_rec": 0.9305516607965877, "gamma_fc": 0.040565375635680856, "cue_position": 6.0, "beta_enc": 0.04098159252904365}, "datetime": {"elapsed": 7018.32204, "datetime": "2021-08-25 14:04:40", "delta": 55.703732}}
{"target": 7.773111111111111, "params": {"beta_rec": 0.9321260079749863, "gamma_fc": 0.01354423813072836, "cue_position": 6.0, "beta_enc": 0.023755124588219823}, "datetime": {"elapsed": 7075.269424, "datetime": "2021-08-25 14:05:37", "delta": 56.947384}}
{"target": 7.75688888888889, "params": {"beta_rec": 0.9423919333580363, "gamma_fc": 0.01684258140423744, "cue_position": 6.0, "beta_enc": 0.023686795730680416}, "datetime": {"elapsed": 7132.296651, "datetime": "2021-08-25 14:06:34", "delta": 57.027227}}
{"target": 7.8373333333333335, "params": {"beta_rec": 0.9317158967308742, "gamma_fc": 0.005241472273576435, "cue_position": 6.0, "beta_enc": 0.019230806337341387}, "datetime": {"elapsed": 7189.94695, "datetime": "2021-08-25 14:07:32", "delta": 57.650299}}
{"target": 7.789333333333333, "params": {"beta_rec": 0.9255410412259586, "gamma_fc": 0.06770767423409635, "cue_position": 6.0, "beta_enc": 0.050276667987557255}, "datetime": {"elapsed": 7246.722302, "datetime": "2021-08-25 14:08:29", "delta": 56.775352}}
{"target": 7.728, "params": {"beta_rec": 0.9658656138561019, "gamma_fc": 0.13314618500939365, "cue_position": 6.0, "beta_enc": 0.011238463157776749}, "datetime": {"elapsed": 7303.757671, "datetime": "2021-08-25 14:09:26", "delta": 57.035369}}
{"target": 7.7842222222222235, "params": {"beta_rec": 0.8904754513350479, "gamma_fc": 0.007384728238109256, "cue_position": 6.0, "beta_enc": 0.022890097956173618}, "datetime": {"elapsed": 7360.305017, "datetime": "2021-08-25 14:10:22", "delta": 56.547346}}
{"target": 7.749777777777778, "params": {"beta_rec": 0.0477892794075612, "gamma_fc": 0.5262711895618479, "cue_position": 6.0, "beta_enc": 0.16017744847687873}, "datetime": {"elapsed": 7416.932219, "datetime": "2021-08-25 14:11:19", "delta": 56.627202}}
{"target": 7.766444444444444, "params": {"beta_rec": 0.5630957663103185, "gamma_fc": 0.8013271919771218, "cue_position": 6.0, "beta_enc": 0.04043390858765956}, "datetime": {"elapsed": 7473.103855, "datetime": "2021-08-25 14:12:15", "delta": 56.171636}}
{"target": 7.661333333333334, "params": {"beta_rec": 0.8246661086101922, "gamma_fc": 0.7076290039794781, "cue_position": 6.0, "beta_enc": 0.2401017414261783}, "datetime": {"elapsed": 7528.945379, "datetime": "2021-08-25 14:13:11", "delta": 55.841524}}
{"target": 7.751111111111112, "params": {"beta_rec": 0.9185766237297766, "gamma_fc": 0.04507399110108755, "cue_position": 6.0, "beta_enc": 0.0644561116180541}, "datetime": {"elapsed": 7584.20292, "datetime": "2021-08-25 14:14:06", "delta": 55.257541}}
{"target": 7.674666666666667, "params": {"beta_rec": 0.7928291458394714, "gamma_fc": 0.3509723309681308, "cue_position": 6.0, "beta_enc": 0.1694232306704556}, "datetime": {"elapsed": 7639.993928, "datetime": "2021-08-25 14:15:02", "delta": 55.791008}}
{"target": 7.652888888888889, "params": {"beta_rec": 0.5438624598219214, "gamma_fc": 0.8359901566503724, "cue_position": 6.0, "beta_enc": 0.2334643025684407}, "datetime": {"elapsed": 7696.146029, "datetime": "2021-08-25 14:15:58", "delta": 56.152101}}
{"target": 7.686222222222222, "params": {"beta_rec": 0.8054486315396192, "gamma_fc": 0.2302476771454621, "cue_position": 6.0, "beta_enc": 0.15582635869399855}, "datetime": {"elapsed": 7752.544079, "datetime": "2021-08-25 14:16:55", "delta": 56.39805}}
{"target": 7.701333333333333, "params": {"beta_rec": 0.25795989312486156, "gamma_fc": 0.9543088647574495, "cue_position": 6.0, "beta_enc": 0.06991880672561712}, "datetime": {"elapsed": 7809.025543, "datetime": "2021-08-25 14:17:51", "delta": 56.481464}}
{"target": 7.708444444444444, "params": {"beta_rec": 0.050333323095982, "gamma_fc": 0.3256126876844921, "cue_position": 6.0, "beta_enc": 0.12424057055527955}, "datetime": {"elapsed": 7864.871089, "datetime": "2021-08-25 14:18:47", "delta": 55.845546}}
{"target": 7.698222222222222, "params": {"beta_rec": 0.8781051302238276, "gamma_fc": 0.491145042989329, "cue_position": 6.0, "beta_enc": 0.12225089353731172}, "datetime": {"elapsed": 7921.362732, "datetime": "2021-08-25 14:19:44", "delta": 56.491643}}
{"target": 7.674888888888889, "params": {"beta_rec": 0.26200331724589976, "gamma_fc": 0.37312489032806656, "cue_position": 6.0, "beta_enc": 0.18252746001847506}, "datetime": {"elapsed": 7977.259824, "datetime": "2021-08-25 14:20:39", "delta": 55.897092}}
{"target": 7.739111111111112, "params": {"beta_rec": 0.21487572734326582, "gamma_fc": 0.48909509048533556, "cue_position": 6.0, "beta_enc": 0.09732889651306272}, "datetime": {"elapsed": 8032.769131, "datetime": "2021-08-25 14:21:35", "delta": 55.509307}}
{"target": 7.685777777777778, "params": {"beta_rec": 0.13151974400548402, "gamma_fc": 0.542053569498594, "cue_position": 6.0, "beta_enc": 0.21570414630046397}, "datetime": {"elapsed": 8088.523423, "datetime": "2021-08-25 14:22:31", "delta": 55.754292}}
{"target": 7.698444444444445, "params": {"beta_rec": 0.8701421714961355, "gamma_fc": 0.6120818508695595, "cue_position": 6.0, "beta_enc": 0.2258754019934291}, "datetime": {"elapsed": 8144.933665, "datetime": "2021-08-25 14:23:27", "delta": 56.410242}}
{"target": 7.700222222222223, "params": {"beta_rec": 0.1961219335178449, "gamma_fc": 0.4573021617952327, "cue_position": 6.0, "beta_enc": 0.2054745756344587}, "datetime": {"elapsed": 8203.881593, "datetime": "2021-08-25 14:24:26", "delta": 58.947928}}
{"target": 7.724222222222222, "params": {"beta_rec": 0.839542346098819, "gamma_fc": 0.4516449066534878, "cue_position": 6.0, "beta_enc": 0.05350291156768665}, "datetime": {"elapsed": 8259.704675, "datetime": "2021-08-25 14:25:22", "delta": 55.823082}}
{"target": 7.7155555555555555, "params": {"beta_rec": 0.4316930800272558, "gamma_fc": 0.26687468162150496, "cue_position": 6.0, "beta_enc": 0.1399054972983735}, "datetime": {"elapsed": 8316.573545, "datetime": "2021-08-25 14:26:19", "delta": 56.86887}}
{"target": 7.745111111111112, "params": {"beta_rec": 0.40403073133939743, "gamma_fc": 0.35450998659710037, "cue_position": 6.0, "beta_enc": 0.11800794375867522}, "datetime": {"elapsed": 8373.091765, "datetime": "2021-08-25 14:27:15", "delta": 56.51822}}
{"target": 7.742222222222222, "params": {"beta_rec": 0.0846725602605612, "gamma_fc": 0.46093398300305227, "cue_position": 6.0, "beta_enc": 0.17120939923230336}, "datetime": {"elapsed": 8430.075778, "datetime": "2021-08-25 14:28:12", "delta": 56.984013}}
{"target": 7.719777777777777, "params": {"beta_rec": 0.249897081075489, "gamma_fc": 0.15760109624862992, "cue_position": 6.0, "beta_enc": 0.12383958020399308}, "datetime": {"elapsed": 8486.367648, "datetime": "2021-08-25 14:29:09", "delta": 56.29187}}
{"target": 7.678222222222222, "params": {"beta_rec": 0.2969811010408549, "gamma_fc": 0.09442719920904974, "cue_position": 6.0, "beta_enc": 0.17261419546517703}, "datetime": {"elapsed": 8542.654067, "datetime": "2021-08-25 14:30:05", "delta": 56.286419}}
{"target": 7.732666666666665, "params": {"beta_rec": 0.05733927944217964, "gamma_fc": 0.3771075800457269, "cue_position": 6.0, "beta_enc": 0.15295092350577033}, "datetime": {"elapsed": 8599.743952, "datetime": "2021-08-25 14:31:02", "delta": 57.089885}}
{"target": 7.722888888888889, "params": {"beta_rec": 0.1089190792670026, "gamma_fc": 0.5842371610947397, "cue_position": 6.0, "beta_enc": 0.14658312722293262}, "datetime": {"elapsed": 8656.45077, "datetime": "2021-08-25 14:31:59", "delta": 56.706818}}
{"target": 7.721555555555556, "params": {"beta_rec": 0.8320840957722838, "gamma_fc": 0.42401121507693834, "cue_position": 6.0, "beta_enc": 0.15237477950672734}, "datetime": {"elapsed": 8713.231997, "datetime": "2021-08-25 14:32:55", "delta": 56.781227}}
{"target": 7.732666666666667, "params": {"beta_rec": 0.33477345422066856, "gamma_fc": 0.35915203937085965, "cue_position": 6.0, "beta_enc": 0.1339067148868369}, "datetime": {"elapsed": 8770.260948, "datetime": "2021-08-25 14:33:52", "delta": 57.028951}}
{"target": 7.742444444444445, "params": {"beta_rec": 0.13010226612282355, "gamma_fc": 0.41710247460422056, "cue_position": 6.0, "beta_enc": 0.16457997372236646}, "datetime": {"elapsed": 8827.100002, "datetime": "2021-08-25 14:34:49", "delta": 56.839054}}
{"target": 7.718666666666667, "params": {"beta_rec": 0.8814416569233626, "gamma_fc": 0.5536127870250431, "cue_position": 6.0, "beta_enc": 0.16534885852401607}, "datetime": {"elapsed": 8883.17519, "datetime": "2021-08-25 14:35:45", "delta": 56.075188}}
{"target": 7.7, "params": {"beta_rec": 0.7791744139849529, "gamma_fc": 0.674744893374025, "cue_position": 6.0, "beta_enc": 0.1906725113029614}, "datetime": {"elapsed": 8940.732675, "datetime": "2021-08-25 14:36:43", "delta": 57.557485}}
{"target": 7.719111111111111, "params": {"beta_rec": 0.11613286631592439, "gamma_fc": 0.6707627621744024, "cue_position": 6.0, "beta_enc": 0.08655067025645947}, "datetime": {"elapsed": 8996.797389, "datetime": "2021-08-25 14:37:39", "delta": 56.064714}}
{"target": 7.729555555555555, "params": {"beta_rec": 0.5348845984683036, "gamma_fc": 0.8053068422795797, "cue_position": 6.0, "beta_enc": 0.11057962179876338}, "datetime": {"elapsed": 9053.149112, "datetime": "2021-08-25 14:38:35", "delta": 56.351723}}
{"target": 7.707777777777778, "params": {"beta_rec": 0.4870668787088347, "gamma_fc": 0.8175856368997572, "cue_position": 6.0, "beta_enc": 0.17879679079314442}, "datetime": {"elapsed": 9109.200524, "datetime": "2021-08-25 14:39:31", "delta": 56.051412}}
{"target": 7.721111111111111, "params": {"beta_rec": 0.03149683725380246, "gamma_fc": 0.26223659474378563, "cue_position": 6.0, "beta_enc": 0.06346684452517144}, "datetime": {"elapsed": 9165.609106, "datetime": "2021-08-25 14:40:28", "delta": 56.408582}}
{"target": 7.693111111111111, "params": {"beta_rec": 0.8680776582651945, "gamma_fc": 0.4827958527099003, "cue_position": 6.0, "beta_enc": 0.19458833423289645}, "datetime": {"elapsed": 9222.260737, "datetime": "2021-08-25 14:41:24", "delta": 56.651631}}
{"target": 7.726444444444445, "params": {"beta_rec": 0.5077078052124563, "gamma_fc": 0.5579551426534034, "cue_position": 6.0, "beta_enc": 0.07145931064664936}, "datetime": {"elapsed": 9278.888633, "datetime": "2021-08-25 14:42:21", "delta": 56.627896}}
{"target": 7.696, "params": {"beta_rec": 0.8000765974578478, "gamma_fc": 0.7761634780004169, "cue_position": 6.0, "beta_enc": 0.28426702803233656}, "datetime": {"elapsed": 9335.426524, "datetime": "2021-08-25 14:43:18", "delta": 56.537891}}
{"target": 7.732666666666667, "params": {"beta_rec": 0.11507386919038891, "gamma_fc": 0.09449805938176237, "cue_position": 6.0, "beta_enc": 0.14147619589836202}, "datetime": {"elapsed": 9392.920359, "datetime": "2021-08-25 14:44:15", "delta": 57.493835}}
{"target": 7.713555555555556, "params": {"beta_rec": 0.19751161848694737, "gamma_fc": 0.15851850906375922, "cue_position": 6.0, "beta_enc": 0.11957886724309273}, "datetime": {"elapsed": 9449.012196, "datetime": "2021-08-25 14:45:11", "delta": 56.091837}}
{"target": 7.724222222222222, "params": {"beta_rec": 0.16506242953652925, "gamma_fc": 0.5452862371047227, "cue_position": 6.0, "beta_enc": 0.1163684110646143}, "datetime": {"elapsed": 9506.234353, "datetime": "2021-08-25 14:46:08", "delta": 57.222157}}
{"target": 7.728666666666666, "params": {"beta_rec": 0.14906696492179844, "gamma_fc": 0.46949557965797556, "cue_position": 6.0, "beta_enc": 0.13107283878754775}, "datetime": {"elapsed": 9562.275069, "datetime": "2021-08-25 14:47:04", "delta": 56.040716}}
{"target": 7.6015555555555565, "params": {"beta_rec": 0.8971780826495053, "gamma_fc": 0.9470178410324311, "cue_position": 6.0, "beta_enc": 0.32814766718704674}, "datetime": {"elapsed": 9618.490758, "datetime": "2021-08-25 14:48:01", "delta": 56.215689}}
{"target": 7.684666666666667, "params": {"beta_rec": 0.23047139462413502, "gamma_fc": 0.20893985371667612, "cue_position": 6.0, "beta_enc": 0.11953391911540995}, "datetime": {"elapsed": 9675.376655, "datetime": "2021-08-25 14:48:58", "delta": 56.885897}}
{"target": 7.619999999999999, "params": {"beta_rec": 0.8662137879913392, "gamma_fc": 0.8038533170615499, "cue_position": 6.0, "beta_enc": 0.31847899576670763}, "datetime": {"elapsed": 9731.919664, "datetime": "2021-08-25 14:49:54", "delta": 56.543009}}
{"target": 7.712666666666666, "params": {"beta_rec": 0.3496755391504393, "gamma_fc": 0.30492379754891646, "cue_position": 6.0, "beta_enc": 0.1339247923471601}, "datetime": {"elapsed": 9789.197656, "datetime": "2021-08-25 14:50:51", "delta": 57.277992}}
{"target": 7.762222222222222, "params": {"beta_rec": 0.4772065743084791, "gamma_fc": 0.6314817284802704, "cue_position": 6.0, "beta_enc": 0.08240979703510146}, "datetime": {"elapsed": 9846.04312, "datetime": "2021-08-25 14:51:48", "delta": 56.845464}}
{"target": 7.712888888888889, "params": {"beta_rec": 0.53717465997665, "gamma_fc": 0.7581468147675937, "cue_position": 6.0, "beta_enc": 0.07640664657050339}, "datetime": {"elapsed": 9903.492423, "datetime": "2021-08-25 14:52:46", "delta": 57.449303}}
{"target": 7.748, "params": {"beta_rec": 0.5645213134679281, "gamma_fc": 0.5681680493074049, "cue_position": 6.0, "beta_enc": 0.07548155455011947}, "datetime": {"elapsed": 9962.828013, "datetime": "2021-08-25 14:53:45", "delta": 59.33559}}
{"target": 7.730222222222221, "params": {"beta_rec": 0.5999199814721714, "gamma_fc": 0.7927045107800723, "cue_position": 6.0, "beta_enc": 0.05806936561090478}, "datetime": {"elapsed": 10020.3414, "datetime": "2021-08-25 14:54:43", "delta": 57.513387}}
{"target": 7.70311111111111, "params": {"beta_rec": 0.398261598665347, "gamma_fc": 0.17919984116170012, "cue_position": 6.0, "beta_enc": 0.14466742907569646}, "datetime": {"elapsed": 10077.637591, "datetime": "2021-08-25 14:55:40", "delta": 57.296191}}
{"target": 7.720444444444444, "params": {"beta_rec": 0.9912630613463331, "gamma_fc": 0.15534866352280374, "cue_position": 6.0, "beta_enc": 0.0}, "datetime": {"elapsed": 10134.375516, "datetime": "2021-08-25 14:56:37", "delta": 56.737925}}
{"target": 7.734, "params": {"beta_rec": 0.46015769462251466, "gamma_fc": 0.6814377112436155, "cue_position": 6.0, "beta_enc": 0.09591739724546725}, "datetime": {"elapsed": 10191.433853, "datetime": "2021-08-25 14:57:34", "delta": 57.058337}}
{"target": 7.726000000000001, "params": {"beta_rec": 0.8078989940696895, "gamma_fc": 0.3900727762021949, "cue_position": 6.0, "beta_enc": 0.08629295147154156}, "datetime": {"elapsed": 10248.825902, "datetime": "2021-08-25 14:58:31", "delta": 57.392049}}
