{"target": 10.25, "params": {"gamma_fc": 0.7797442954825999, "cue_position": 15.0, "beta_rec": 0.4167239623706961, "gamma_cf": 0.34302810983040655, "beta_enc": 0.013767512557716799}, "datetime": {"elapsed": 54.617184, "delta": 0.372992, "datetime": "2020-06-13 20:40:09"}}
{"target": 10.0, "params": {"gamma_fc": 0.6993076236968142, "cue_position": 15.0, "beta_rec": 0.34195283630245243, "gamma_cf": 0.716770814146376, "beta_enc": 0.17473631282740743}, "datetime": {"elapsed": 54.984786, "delta": 0.367602, "datetime": "2020-06-13 20:40:09"}}
{"target": 9.25, "params": {"gamma_fc": 0.4246491159313397, "cue_position": 15.0, "beta_rec": 0.25339603448629966, "gamma_cf": 0.22729754091594956, "beta_enc": 0.6884973179489188}, "datetime": {"elapsed": 55.335483, "delta": 0.350697, "datetime": "2020-06-13 20:40:09"}}
{"target": 9.5, "params": {"gamma_fc": 0.7073166026816995, "cue_position": 15.0, "beta_rec": 0.3553079116201222, "gamma_cf": 0.6316466268659396, "beta_enc": 0.37192212166768723}, "datetime": {"elapsed": 55.690127, "delta": 0.354644, "datetime": "2020-06-13 20:40:10"}}
{"target": 8.125, "params": {"gamma_fc": 0.5141750435258828, "cue_position": 15.0, "beta_rec": 0.6483127561631246, "gamma_cf": 0.14944679893886248, "beta_enc": 0.6135886945028356}, "datetime": {"elapsed": 56.019907, "delta": 0.32978, "datetime": "2020-06-13 20:40:10"}}
{"target": 6.125, "params": {"gamma_fc": 0.4972891859195163, "cue_position": 15.0, "beta_rec": 0.18395344154722204, "gamma_cf": 0.42893233402990294, "beta_enc": 0.8753327263545391}, "datetime": {"elapsed": 56.309711, "delta": 0.289804, "datetime": "2020-06-13 20:40:10"}}
{"target": 8.5, "params": {"gamma_fc": 0.8003322457764017, "cue_position": 15.0, "beta_rec": 0.34244064113481054, "gamma_cf": 0.844526943229479, "beta_enc": 0.16151077048601192}, "datetime": {"elapsed": 56.649318, "delta": 0.339607, "datetime": "2020-06-13 20:40:11"}}
{"target": 9.0, "params": {"gamma_fc": 0.29694708578690454, "cue_position": 15.0, "beta_rec": 0.6070154607890389, "gamma_cf": 0.5096132942175586, "beta_enc": 0.4266391582681436}, "datetime": {"elapsed": 56.999738, "delta": 0.35042, "datetime": "2020-06-13 20:40:11"}}
{"target": 10.125, "params": {"gamma_fc": 0.4705878794988857, "cue_position": 15.0, "beta_rec": 0.6715983809063899, "gamma_cf": 0.12475130006917923, "beta_enc": 0.8596509535692011}, "datetime": {"elapsed": 57.368969, "delta": 0.369231, "datetime": "2020-06-13 20:40:12"}}
{"target": 9.75, "params": {"gamma_fc": 0.639126848719905, "cue_position": 15.0, "beta_rec": 0.9482991740726651, "gamma_cf": 0.15172487103197363, "beta_enc": 0.9865727795868815}, "datetime": {"elapsed": 57.731151, "delta": 0.362182, "datetime": "2020-06-13 20:40:12"}}
{"target": 9.5, "params": {"gamma_fc": 0.8499698885159654, "cue_position": 15.0, "beta_rec": 0.468665837661252, "gamma_cf": 0.5992697556580301, "beta_enc": 0.5656621125439275}, "datetime": {"elapsed": 58.087732, "delta": 0.356581, "datetime": "2020-06-13 20:40:12"}}
{"target": 10.875, "params": {"gamma_fc": 0.9913465087318091, "cue_position": 15.0, "beta_rec": 0.579360540297233, "gamma_cf": 0.06473998344154885, "beta_enc": 0.7511210403719374}, "datetime": {"elapsed": 58.475061, "delta": 0.387329, "datetime": "2020-06-13 20:40:13"}}
{"target": 9.75, "params": {"gamma_fc": 0.6236704109977018, "cue_position": 15.0, "beta_rec": 0.19949554613856135, "gamma_cf": 0.10750887618516769, "beta_enc": 0.05299454266798953}, "datetime": {"elapsed": 58.840266, "delta": 0.365205, "datetime": "2020-06-13 20:40:13"}}
{"target": 11.25, "params": {"gamma_fc": 0.668456167589482, "cue_position": 15.0, "beta_rec": 0.28462388100694214, "gamma_cf": 0.7035193311050811, "beta_enc": 0.047992564048867314}, "datetime": {"elapsed": 59.232546, "delta": 0.39228, "datetime": "2020-06-13 20:40:13"}}
{"target": 10.875, "params": {"gamma_fc": 0.7953011674056428, "cue_position": 15.0, "beta_rec": 0.1881942600298212, "gamma_cf": 0.34037929076546725, "beta_enc": 0.3785805932506022}, "datetime": {"elapsed": 59.619612, "delta": 0.387066, "datetime": "2020-06-13 20:40:14"}}
{"target": 9.0, "params": {"gamma_fc": 0.3506565024321674, "cue_position": 15.0, "beta_rec": 0.5256694443509794, "gamma_cf": 0.6442320198790318, "beta_enc": 0.4879009391796203}, "datetime": {"elapsed": 59.96612, "delta": 0.346508, "datetime": "2020-06-13 20:40:14"}}
{"target": 10.5, "params": {"gamma_fc": 0.9794833541798064, "cue_position": 15.0, "beta_rec": 0.4338833762117006, "gamma_cf": 0.46978904008636024, "beta_enc": 0.2292050272920657}, "datetime": {"elapsed": 60.34086, "delta": 0.37474, "datetime": "2020-06-13 20:40:14"}}
{"target": 9.5, "params": {"gamma_fc": 0.354952851149572, "cue_position": 15.0, "beta_rec": 0.7744101333360395, "gamma_cf": 0.8891310891074828, "beta_enc": 0.36437807036823044}, "datetime": {"elapsed": 60.703569, "delta": 0.362709, "datetime": "2020-06-13 20:40:15"}}
{"target": 11.5, "params": {"gamma_fc": 0.5564069156709253, "cue_position": 15.0, "beta_rec": 0.9110192396569683, "gamma_cf": 0.9507534280610023, "beta_enc": 0.24551868018650747}, "datetime": {"elapsed": 61.101289, "delta": 0.39772, "datetime": "2020-06-13 20:40:15"}}
{"target": 7.375, "params": {"gamma_fc": 0.03109707545554785, "cue_position": 15.0, "beta_rec": 0.9950523223391111, "gamma_cf": 0.5167063597676121, "beta_enc": 0.3763632166870875}, "datetime": {"elapsed": 61.414182, "delta": 0.312893, "datetime": "2020-06-13 20:40:16"}}
{"target": 6.375, "params": {"gamma_fc": 0.8749025512123809, "cue_position": 15.0, "beta_rec": 0.18046850899511557, "gamma_cf": 0.9809236757505815, "beta_enc": 0.5711757391862334}, "datetime": {"elapsed": 61.70985, "delta": 0.295668, "datetime": "2020-06-13 20:40:16"}}
{"target": 9.125, "params": {"gamma_fc": 0.5285334901775651, "cue_position": 15.0, "beta_rec": 0.7084608700517172, "gamma_cf": 0.4948430841825636, "beta_enc": 0.45183624942087064}, "datetime": {"elapsed": 62.05819, "delta": 0.34834, "datetime": "2020-06-13 20:40:16"}}
{"target": 10.25, "params": {"gamma_fc": 0.4770129944022632, "cue_position": 15.0, "beta_rec": 0.36939992561190627, "gamma_cf": 0.7268937533445626, "beta_enc": 0.1507843983721926}, "datetime": {"elapsed": 62.429025, "delta": 0.370835, "datetime": "2020-06-13 20:40:17"}}
{"target": 9.125, "params": {"gamma_fc": 0.26889202221264585, "cue_position": 15.0, "beta_rec": 0.8859979711653513, "gamma_cf": 0.4090908319168599, "beta_enc": 0.44887883670676554}, "datetime": {"elapsed": 62.778723, "delta": 0.349698, "datetime": "2020-06-13 20:40:17"}}
{"target": 8.5, "params": {"gamma_fc": 0.5035095098483965, "cue_position": 15.0, "beta_rec": 0.4181361337253158, "gamma_cf": 0.29115394055242805, "beta_enc": 0.07201203516976995}, "datetime": {"elapsed": 63.117695, "delta": 0.338972, "datetime": "2020-06-13 20:40:17"}}
{"target": 7.625, "params": {"gamma_fc": 0.777098229275783, "cue_position": 15.0, "beta_rec": 0.10938291419358459, "gamma_cf": 0.49993237109919997, "beta_enc": 0.9659330650197223}, "datetime": {"elapsed": 63.443667, "delta": 0.325972, "datetime": "2020-06-13 20:40:18"}}
{"target": 9.875, "params": {"gamma_fc": 0.1916757389098901, "cue_position": 15.0, "beta_rec": 0.08320263643587555, "gamma_cf": 0.7969622519799001, "beta_enc": 0.14360699787420927}, "datetime": {"elapsed": 63.808263, "delta": 0.364596, "datetime": "2020-06-13 20:40:18"}}
{"target": 7.0, "params": {"gamma_fc": 0.3986590599223787, "cue_position": 15.0, "beta_rec": 0.2902979970618682, "gamma_cf": 0.016715589077006432, "beta_enc": 0.767777192147274}, "datetime": {"elapsed": 64.114659, "delta": 0.306396, "datetime": "2020-06-13 20:40:18"}}
{"target": 6.5, "params": {"gamma_fc": 0.016575882900934147, "cue_position": 15.0, "beta_rec": 0.6593449361953647, "gamma_cf": 0.15260398704227185, "beta_enc": 0.38108149129345237}, "datetime": {"elapsed": 64.413705, "delta": 0.299046, "datetime": "2020-06-13 20:40:19"}}
{"target": 11.375, "params": {"gamma_fc": 0.5579119942437725, "cue_position": 15.0, "beta_rec": 0.6517892760100904, "gamma_cf": 0.32102631416731586, "beta_enc": 0.11379635644740682}, "datetime": {"elapsed": 64.806914, "delta": 0.393209, "datetime": "2020-06-13 20:40:19"}}
{"target": 6.625, "params": {"gamma_fc": 0.03972870668308481, "cue_position": 15.0, "beta_rec": 0.8344865140180296, "gamma_cf": 0.9182585891320579, "beta_enc": 0.9934604630998499}, "datetime": {"elapsed": 65.108155, "delta": 0.301241, "datetime": "2020-06-13 20:40:19"}}
{"target": 9.625, "params": {"gamma_fc": 0.48956496114516856, "cue_position": 15.0, "beta_rec": 0.4740062899880546, "gamma_cf": 0.9372520621284489, "beta_enc": 0.07033344161552524}, "datetime": {"elapsed": 65.470802, "delta": 0.362647, "datetime": "2020-06-13 20:40:20"}}
{"target": 7.625, "params": {"gamma_fc": 0.25358174937162836, "cue_position": 15.0, "beta_rec": 0.8952603657312208, "gamma_cf": 0.8770343892703519, "beta_enc": 0.5396491100933506}, "datetime": {"elapsed": 65.790158, "delta": 0.319356, "datetime": "2020-06-13 20:40:20"}}
{"target": 10.125, "params": {"gamma_fc": 0.6714291710812733, "cue_position": 15.0, "beta_rec": 0.32836139008759013, "gamma_cf": 0.22012867402698122, "beta_enc": 0.27380970415810857}, "datetime": {"elapsed": 66.159184, "delta": 0.369026, "datetime": "2020-06-13 20:40:20"}}
{"target": 9.125, "params": {"gamma_fc": 0.3860040110225955, "cue_position": 15.0, "beta_rec": 0.09410027449963942, "gamma_cf": 0.23686870355699852, "beta_enc": 0.1427932828030004}, "datetime": {"elapsed": 66.510197, "delta": 0.351013, "datetime": "2020-06-13 20:40:21"}}
{"target": 10.125, "params": {"gamma_fc": 0.9511356184186921, "cue_position": 15.0, "beta_rec": 0.52580196995147, "gamma_cf": 0.8741259355980283, "beta_enc": 0.5715420927253323}, "datetime": {"elapsed": 66.883337, "delta": 0.37314, "datetime": "2020-06-13 20:40:21"}}
{"target": 8.125, "params": {"gamma_fc": 0.5546673107876667, "cue_position": 15.0, "beta_rec": 0.2838018349468743, "gamma_cf": 0.3394167240176095, "beta_enc": 0.8125073041746718}, "datetime": {"elapsed": 67.212733, "delta": 0.329396, "datetime": "2020-06-13 20:40:21"}}
{"target": 6.5, "params": {"gamma_fc": 0.7744772660150796, "cue_position": 15.0, "beta_rec": 0.3117029177189814, "gamma_cf": 0.3259672073089859, "beta_enc": 0.9744034689130026}, "datetime": {"elapsed": 67.510975, "delta": 0.298242, "datetime": "2020-06-13 20:40:22"}}
{"target": 9.25, "params": {"gamma_fc": 0.55170516778211, "cue_position": 15.0, "beta_rec": 0.904987007821082, "gamma_cf": 0.9528238110080206, "beta_enc": 0.21392656985793176}, "datetime": {"elapsed": 82.182853, "delta": 14.671878, "datetime": "2020-06-13 20:40:36"}}
{"target": 9.375, "params": {"gamma_fc": 0.5599392039745078, "cue_position": 15.0, "beta_rec": 0.9077258601490888, "gamma_cf": 0.9444195110849124, "beta_enc": 0.2765789543290705}, "datetime": {"elapsed": 99.052564, "delta": 16.869711, "datetime": "2020-06-13 20:40:53"}}
{"target": 9.5, "params": {"gamma_fc": 0.5545234417432222, "cue_position": 15.0, "beta_rec": 0.6534728383297304, "gamma_cf": 0.3181280924853399, "beta_enc": 0.10871011571675937}, "datetime": {"elapsed": 102.94322, "delta": 3.890656, "datetime": "2020-06-13 20:40:57"}}
{"target": 10.375, "params": {"gamma_fc": 0.22578789655630116, "cue_position": 15.0, "beta_rec": 0.7560834634265067, "gamma_cf": 0.9750425896458035, "beta_enc": 0.007280823027096983}, "datetime": {"elapsed": 105.478374, "delta": 2.535154, "datetime": "2020-06-13 20:41:00"}}
{"target": 11.625, "params": {"gamma_fc": 0.5657828642566866, "cue_position": 15.0, "beta_rec": 0.06239028154905091, "gamma_cf": 0.6074557415594736, "beta_enc": 0.017107010460302607}, "datetime": {"elapsed": 107.944318, "delta": 2.465944, "datetime": "2020-06-13 20:41:02"}}
{"target": 9.625, "params": {"gamma_fc": 0.5379167092202453, "cue_position": 15.0, "beta_rec": 0.3273023096955293, "gamma_cf": 0.8469685695267125, "beta_enc": 0.02319300884174259}, "datetime": {"elapsed": 110.369111, "delta": 2.424793, "datetime": "2020-06-13 20:41:05"}}
{"target": 9.125, "params": {"gamma_fc": 0.2522282720050122, "cue_position": 15.0, "beta_rec": 0.8136495496272139, "gamma_cf": 0.706707916550715, "beta_enc": 0.4163771474975161}, "datetime": {"elapsed": 112.785944, "delta": 2.416833, "datetime": "2020-06-13 20:41:07"}}
{"target": 9.375, "params": {"gamma_fc": 0.9748221970189463, "cue_position": 15.0, "beta_rec": 0.1417390365591804, "gamma_cf": 0.5255104980991857, "beta_enc": 0.2949455487285231}, "datetime": {"elapsed": 115.210599, "delta": 2.424655, "datetime": "2020-06-13 20:41:09"}}
{"target": 10.25, "params": {"gamma_fc": 0.9687877085754323, "cue_position": 15.0, "beta_rec": 0.14731431325996613, "gamma_cf": 0.5439284820378464, "beta_enc": 0.3082186459542601}, "datetime": {"elapsed": 117.632541, "delta": 2.421942, "datetime": "2020-06-13 20:41:12"}}
{"target": 9.375, "params": {"gamma_fc": 0.15403361794888837, "cue_position": 15.0, "beta_rec": 0.4955598468003271, "gamma_cf": 0.8317185758833445, "beta_enc": 0.23319136505050894}, "datetime": {"elapsed": 120.048198, "delta": 2.415657, "datetime": "2020-06-13 20:41:14"}}
{"target": 8.0, "params": {"gamma_fc": 0.6161981958623158, "cue_position": 15.0, "beta_rec": 0.18592504558506595, "gamma_cf": 0.11019915510858458, "beta_enc": 0.04831164929887777}, "datetime": {"elapsed": 122.415439, "delta": 2.367241, "datetime": "2020-06-13 20:41:17"}}
{"target": 9.5, "params": {"gamma_fc": 0.5273975267259106, "cue_position": 15.0, "beta_rec": 0.18716175544220315, "gamma_cf": 0.39776519396494914, "beta_enc": 0.08253821361203373}, "datetime": {"elapsed": 124.823383, "delta": 2.407944, "datetime": "2020-06-13 20:41:19"}}
{"target": 10.625, "params": {"gamma_fc": 0.6901110551860622, "cue_position": 15.0, "beta_rec": 0.40974649988399503, "gamma_cf": 0.532327355102097, "beta_enc": 0.10388460690089896}, "datetime": {"elapsed": 127.303619, "delta": 2.480236, "datetime": "2020-06-13 20:41:21"}}
{"target": 8.0, "params": {"gamma_fc": 0.9402577611961531, "cue_position": 15.0, "beta_rec": 0.5246654136240846, "gamma_cf": 0.8744146041085052, "beta_enc": 0.5807780844888789}, "datetime": {"elapsed": 129.703278, "delta": 2.399659, "datetime": "2020-06-13 20:41:24"}}
{"target": 10.0, "params": {"gamma_fc": 0.9813029254705398, "cue_position": 15.0, "beta_rec": 0.3310875140699864, "gamma_cf": 0.42208245551944146, "beta_enc": 0.3926067333859997}, "datetime": {"elapsed": 132.128025, "delta": 2.424747, "datetime": "2020-06-13 20:41:26"}}
{"target": 9.875, "params": {"gamma_fc": 0.3781032156626367, "cue_position": 15.0, "beta_rec": 0.09770781138699214, "gamma_cf": 0.45487634663466936, "beta_enc": 0.0303160498853845}, "datetime": {"elapsed": 134.613253, "delta": 2.485228, "datetime": "2020-06-13 20:41:29"}}
{"target": 11.5, "params": {"gamma_fc": 0.6675022311364083, "cue_position": 15.0, "beta_rec": 0.2846947189554725, "gamma_cf": 0.7056022326128932, "beta_enc": 0.045349269479487725}, "datetime": {"elapsed": 137.092803, "delta": 2.47955, "datetime": "2020-06-13 20:41:31"}}
{"target": 9.625, "params": {"gamma_fc": 0.5719230636534619, "cue_position": 15.0, "beta_rec": 0.08397235944183723, "gamma_cf": 0.6041717714832846, "beta_enc": 0.02468738452010233}, "datetime": {"elapsed": 139.599743, "delta": 2.50694, "datetime": "2020-06-13 20:41:34"}}
{"target": 10.625, "params": {"gamma_fc": 0.6724524226239165, "cue_position": 15.0, "beta_rec": 0.277503324031655, "gamma_cf": 0.7173283534875404, "beta_enc": 0.0418941632743991}, "datetime": {"elapsed": 142.093148, "delta": 2.493405, "datetime": "2020-06-13 20:41:36"}}
{"target": 8.75, "params": {"gamma_fc": 0.6194366862512776, "cue_position": 15.0, "beta_rec": 0.21663936141439954, "gamma_cf": 0.18216185172184773, "beta_enc": 0.0946930503925979}, "datetime": {"elapsed": 144.555571, "delta": 2.462423, "datetime": "2020-06-13 20:41:39"}}
{"target": 10.375, "params": {"gamma_fc": 0.4545327139697727, "cue_position": 15.0, "beta_rec": 0.8590641243386342, "gamma_cf": 0.6963938224464425, "beta_enc": 0.3359237504134728}, "datetime": {"elapsed": 147.072857, "delta": 2.517286, "datetime": "2020-06-13 20:41:41"}}
{"target": 10.125, "params": {"gamma_fc": 0.605403683887315, "cue_position": 15.0, "beta_rec": 0.9768949434286753, "gamma_cf": 0.9735406774622855, "beta_enc": 0.009501929394088782}, "datetime": {"elapsed": 149.586376, "delta": 2.513519, "datetime": "2020-06-13 20:41:44"}}
{"target": 8.75, "params": {"gamma_fc": 0.3742099024793513, "cue_position": 15.0, "beta_rec": 0.0904973382218924, "gamma_cf": 0.4490390127740851, "beta_enc": 0.03446288908009401}, "datetime": {"elapsed": 152.111938, "delta": 2.525562, "datetime": "2020-06-13 20:41:46"}}
{"target": 10.75, "params": {"gamma_fc": 0.23249389436553325, "cue_position": 15.0, "beta_rec": 0.7578905233177813, "gamma_cf": 0.9697940092230248, "beta_enc": 0.0091594571196979}, "datetime": {"elapsed": 154.755608, "delta": 2.64367, "datetime": "2020-06-13 20:41:49"}}
{"target": 11.625, "params": {"gamma_fc": 0.974577720251206, "cue_position": 15.0, "beta_rec": 0.4350801104083504, "gamma_cf": 0.4710316618011242, "beta_enc": 0.22437117916109195}, "datetime": {"elapsed": 157.425753, "delta": 2.670145, "datetime": "2020-06-13 20:41:52"}}
{"target": 10.125, "params": {"gamma_fc": 0.7728011882703957, "cue_position": 15.0, "beta_rec": 0.6430039046186096, "gamma_cf": 0.6964417746482299, "beta_enc": 0.10782779228091588}, "datetime": {"elapsed": 160.061952, "delta": 2.636199, "datetime": "2020-06-13 20:41:54"}}
{"target": 9.75, "params": {"gamma_fc": 0.5370079885814869, "cue_position": 15.0, "beta_rec": 0.30994152749890225, "gamma_cf": 0.8430931848882669, "beta_enc": 0.026676381902547064}, "datetime": {"elapsed": 162.67291, "delta": 2.610958, "datetime": "2020-06-13 20:41:57"}}
{"target": 10.5, "params": {"gamma_fc": 0.7191200159389137, "cue_position": 15.0, "beta_rec": 0.6266936156713082, "gamma_cf": 0.9780393602109552, "beta_enc": 0.18756335049650463}, "datetime": {"elapsed": 165.321904, "delta": 2.648994, "datetime": "2020-06-13 20:41:59"}}
{"target": 11.125, "params": {"gamma_fc": 0.0724780859256966, "cue_position": 15.0, "beta_rec": 0.14497755043095362, "gamma_cf": 0.6906407758973349, "beta_enc": 0.16394110367456416}, "datetime": {"elapsed": 168.009689, "delta": 2.687785, "datetime": "2020-06-13 20:42:02"}}
{"target": 9.75, "params": {"gamma_fc": 0.6914349850715327, "cue_position": 15.0, "beta_rec": 0.5739982663739144, "gamma_cf": 0.5962027654638061, "beta_enc": 0.050046067900315405}, "datetime": {"elapsed": 170.592359, "delta": 2.58267, "datetime": "2020-06-13 20:42:05"}}
{"target": 10.125, "params": {"gamma_fc": 0.5982113580340581, "cue_position": 15.0, "beta_rec": 0.9670540989760494, "gamma_cf": 0.9812956594061502, "beta_enc": 0.015218142595595952}, "datetime": {"elapsed": 173.240485, "delta": 2.648126, "datetime": "2020-06-13 20:42:07"}}
{"target": 10.375, "params": {"gamma_fc": 0.973591737414812, "cue_position": 15.0, "beta_rec": 0.1389978552781309, "gamma_cf": 0.5467337391653178, "beta_enc": 0.29821892143595496}, "datetime": {"elapsed": 175.899444, "delta": 2.658959, "datetime": "2020-06-13 20:42:10"}}
{"target": 9.875, "params": {"gamma_fc": 0.6029174146043429, "cue_position": 15.0, "beta_rec": 0.9742356885413384, "gamma_cf": 0.9757615854345343, "beta_enc": 0.0025810040813523736}, "datetime": {"elapsed": 178.618326, "delta": 2.718882, "datetime": "2020-06-13 20:42:13"}}
{"target": 9.125, "params": {"gamma_fc": 0.7073956983536185, "cue_position": 15.0, "beta_rec": 0.614846344651491, "gamma_cf": 0.9894283069854778, "beta_enc": 0.19938257412305416}, "datetime": {"elapsed": 181.264322, "delta": 2.645996, "datetime": "2020-06-13 20:42:15"}}
{"target": 10.375, "params": {"gamma_fc": 0.5082975806633303, "cue_position": 15.0, "beta_rec": 0.7016398818318116, "gamma_cf": 0.7936017490609418, "beta_enc": 0.02292339790791198}, "datetime": {"elapsed": 183.958647, "delta": 2.694325, "datetime": "2020-06-13 20:42:18"}}
{"target": 10.625, "params": {"gamma_fc": 0.9569490858880259, "cue_position": 15.0, "beta_rec": 0.5264093829369028, "gamma_cf": 0.8739716777456537, "beta_enc": 0.5666058019474952}, "datetime": {"elapsed": 186.754305, "delta": 2.795658, "datetime": "2020-06-13 20:42:21"}}
{"target": 9.625, "params": {"gamma_fc": 0.7965811359048407, "cue_position": 15.0, "beta_rec": 0.18636172860588937, "gamma_cf": 0.34424176708667176, "beta_enc": 0.3764018098582968}, "datetime": {"elapsed": 189.555089, "delta": 2.800784, "datetime": "2020-06-13 20:42:24"}}
{"target": 11.625, "params": {"gamma_fc": 0.17394070597477918, "cue_position": 15.0, "beta_rec": 0.3719633974906835, "gamma_cf": 0.9881115509169395, "beta_enc": 0.07032453705170871}, "datetime": {"elapsed": 192.312082, "delta": 2.756993, "datetime": "2020-06-13 20:42:26"}}
{"target": 10.0, "params": {"gamma_fc": 0.9612634821649975, "cue_position": 15.0, "beta_rec": 0.430371606350499, "gamma_cf": 0.4609642101114565, "beta_enc": 0.226574356114161}, "datetime": {"elapsed": 195.043577, "delta": 2.731495, "datetime": "2020-06-13 20:42:29"}}
{"target": 9.625, "params": {"gamma_fc": 0.17529063547646462, "cue_position": 15.0, "beta_rec": 0.3730122080098423, "gamma_cf": 0.9871799764472189, "beta_enc": 0.0699523593510043}, "datetime": {"elapsed": 197.798586, "delta": 2.755009, "datetime": "2020-06-13 20:42:32"}}
{"target": 10.625, "params": {"gamma_fc": 0.7562892705121834, "cue_position": 15.0, "beta_rec": 0.7338913670387263, "gamma_cf": 0.6563060262987185, "beta_enc": 0.14941675272020405}, "datetime": {"elapsed": 203.717219, "delta": 5.918633, "datetime": "2020-06-13 20:42:38"}}
{"target": 10.625, "params": {"gamma_fc": 0.7887832950332898, "cue_position": 15.0, "beta_rec": 0.8809327460872196, "gamma_cf": 0.1856140731657132, "beta_enc": 0.3222570353020028}, "datetime": {"elapsed": 209.612462, "delta": 5.895243, "datetime": "2020-06-13 20:42:44"}}
{"target": 11.0, "params": {"gamma_fc": 0.7796926202889478, "cue_position": 15.0, "beta_rec": 0.40221625578945286, "gamma_cf": 0.34716042650407675, "beta_enc": 0.013427951622831724}, "datetime": {"elapsed": 215.57016, "delta": 5.957698, "datetime": "2020-06-13 20:42:50"}}
