{"target": 6.751777777777778, "params": {"beta_enc": 0.3020967312900983, "beta_rec": 0.8830285085638342, "gamma_fc": 0.2867116496064306, "cue_position": 9.0}, "datetime": {"elapsed": 5543.256438, "delta": 34.723115, "datetime": "2021-08-25 14:41:00"}}
{"target": 6.958444444444444, "params": {"beta_enc": 0.13835468979294652, "beta_rec": 0.29014446310454167, "gamma_fc": 0.3241385298974466, "cue_position": 9.0}, "datetime": {"elapsed": 5578.399963, "delta": 35.143525, "datetime": "2021-08-25 14:41:35"}}
{"target": 6.413555555555556, "params": {"beta_enc": 0.45736018169099846, "beta_rec": 0.44411710701661444, "gamma_fc": 0.4263481542362306, "cue_position": 9.0}, "datetime": {"elapsed": 5611.949013, "delta": 33.54905, "datetime": "2021-08-25 14:42:09"}}
{"target": 6.752, "params": {"beta_enc": 0.3456988211755023, "beta_rec": 0.6749716048091052, "gamma_fc": 0.4672458239265538, "cue_position": 9.0}, "datetime": {"elapsed": 5646.823875, "delta": 34.874862, "datetime": "2021-08-25 14:42:44"}}
{"target": 6.830000000000001, "params": {"beta_enc": 0.31476568732401644, "beta_rec": 0.6268556021628346, "gamma_fc": 0.4476890001456285, "cue_position": 9.0}, "datetime": {"elapsed": 5681.579618, "delta": 34.755743, "datetime": "2021-08-25 14:43:18"}}
{"target": 4.395555555555555, "params": {"beta_enc": 0.7844574187919231, "beta_rec": 0.4569657005615504, "gamma_fc": 0.13184097502750214, "cue_position": 9.0}, "datetime": {"elapsed": 5708.803662, "delta": 27.224044, "datetime": "2021-08-25 14:43:46"}}
{"target": 6.705777777777778, "params": {"beta_enc": 0.43298150696764814, "beta_rec": 0.9093119886549367, "gamma_fc": 0.7667745872371021, "cue_position": 9.0}, "datetime": {"elapsed": 5743.156119, "delta": 34.352457, "datetime": "2021-08-25 14:44:20"}}
{"target": 5.766, "params": {"beta_enc": 0.5047006080958943, "beta_rec": 0.49805562482800747, "gamma_fc": 0.06780693434095375, "cue_position": 9.0}, "datetime": {"elapsed": 5774.679843, "delta": 31.523724, "datetime": "2021-08-25 14:44:52"}}
{"target": 5.99, "params": {"beta_enc": 0.5732722715496846, "beta_rec": 0.9427625754329493, "gamma_fc": 0.1944658095278845, "cue_position": 9.0}, "datetime": {"elapsed": 5807.294223, "delta": 32.61438, "datetime": "2021-08-25 14:45:24"}}
{"target": 3.802222222222222, "params": {"beta_enc": 0.8479393924434762, "beta_rec": 0.25163914235585283, "gamma_fc": 0.5402609403968999, "cue_position": 9.0}, "datetime": {"elapsed": 5832.783167, "delta": 25.488944, "datetime": "2021-08-25 14:45:50"}}
{"target": 3.362222222222222, "params": {"beta_enc": 0.9488362882802196, "beta_rec": 0.6243367024026759, "gamma_fc": 0.007932876194523097, "cue_position": 9.0}, "datetime": {"elapsed": 5856.661095, "delta": 23.877928, "datetime": "2021-08-25 14:46:14"}}
{"target": 1.5195555555555553, "params": {"beta_enc": 0.989340056166638, "beta_rec": 0.07771457033238649, "gamma_fc": 0.9461523954567653, "cue_position": 9.0}, "datetime": {"elapsed": 5874.711107, "delta": 18.050012, "datetime": "2021-08-25 14:46:32"}}
{"target": 7.0086666666666675, "params": {"beta_enc": 0.008939102371245067, "beta_rec": 0.8227300054219355, "gamma_fc": 0.4398308142085725, "cue_position": 9.0}, "datetime": {"elapsed": 5910.378859, "delta": 35.667752, "datetime": "2021-08-25 14:47:07"}}
{"target": 6.726222222222222, "params": {"beta_enc": 0.2557451938059312, "beta_rec": 0.8026895196332986, "gamma_fc": 0.13433860865569613, "cue_position": 9.0}, "datetime": {"elapsed": 5945.08943, "delta": 34.710571, "datetime": "2021-08-25 14:47:42"}}
{"target": 3.253111111111111, "params": {"beta_enc": 0.9278489928250108, "beta_rec": 0.8959699670066484, "gamma_fc": 0.8567024965177922, "cue_position": 9.0}, "datetime": {"elapsed": 5968.701206, "delta": 23.611776, "datetime": "2021-08-25 14:48:06"}}
{"target": 6.63911111111111, "params": {"beta_enc": 0.41857802576409864, "beta_rec": 0.6834649001663011, "gamma_fc": 0.5057420174508104, "cue_position": 9.0}, "datetime": {"elapsed": 6003.024088, "delta": 34.322882, "datetime": "2021-08-25 14:48:40"}}
{"target": 6.879333333333333, "params": {"beta_enc": 0.1895517028339273, "beta_rec": 0.9649889241109139, "gamma_fc": 0.10345955611640134, "cue_position": 9.0}, "datetime": {"elapsed": 6038.964787, "delta": 35.940699, "datetime": "2021-08-25 14:49:16"}}
{"target": 6.977333333333334, "params": {"beta_enc": 0.1443154002290481, "beta_rec": 0.014092294192442956, "gamma_fc": 0.5644983202408741, "cue_position": 9.0}, "datetime": {"elapsed": 6075.231646, "delta": 36.266859, "datetime": "2021-08-25 14:49:52"}}
{"target": 4.586222222222223, "params": {"beta_enc": 0.7945783511847522, "beta_rec": 0.5070799232841364, "gamma_fc": 0.6957642142718394, "cue_position": 9.0}, "datetime": {"elapsed": 6103.964937, "delta": 28.733291, "datetime": "2021-08-25 14:50:21"}}
{"target": 4.391333333333334, "params": {"beta_enc": 0.7778484768591754, "beta_rec": 0.4064828689770863, "gamma_fc": 0.1797942976929744, "cue_position": 9.0}, "datetime": {"elapsed": 6132.040417, "delta": 28.07548, "datetime": "2021-08-25 14:50:49"}}
{"target": 6.647555555555556, "params": {"beta_enc": 0.321819963387904, "beta_rec": 0.1726046201197925, "gamma_fc": 0.2414187479655988, "cue_position": 9.0}, "datetime": {"elapsed": 6167.095968, "delta": 35.055551, "datetime": "2021-08-25 14:51:24"}}
{"target": 6.805777777777777, "params": {"beta_enc": 0.4069219941293579, "beta_rec": 0.9752223424373121, "gamma_fc": 0.9824909449748953, "cue_position": 9.0}, "datetime": {"elapsed": 6202.172648, "delta": 35.07668, "datetime": "2021-08-25 14:51:59"}}
{"target": 5.661777777777777, "params": {"beta_enc": 0.6363061258559836, "beta_rec": 0.375091018393911, "gamma_fc": 0.6195867393685738, "cue_position": 9.0}, "datetime": {"elapsed": 6234.158694, "delta": 31.986046, "datetime": "2021-08-25 14:52:31"}}
{"target": 6.868444444444444, "params": {"beta_enc": 0.25203308013083936, "beta_rec": 0.7928556779768876, "gamma_fc": 0.3575111673304414, "cue_position": 9.0}, "datetime": {"elapsed": 6270.135564, "delta": 35.97687, "datetime": "2021-08-25 14:53:07"}}
{"target": 6.841555555555556, "params": {"beta_enc": 0.33027693652508094, "beta_rec": 0.6973688756131394, "gamma_fc": 0.8082780137053801, "cue_position": 9.0}, "datetime": {"elapsed": 6306.073404, "delta": 35.93784, "datetime": "2021-08-25 14:53:43"}}
{"target": 6.928, "params": {"beta_enc": 0.2952887943998478, "beta_rec": 0.5441213835853572, "gamma_fc": 0.8553564125953698, "cue_position": 9.0}, "datetime": {"elapsed": 6342.270099, "delta": 36.196695, "datetime": "2021-08-25 14:54:19"}}
{"target": 6.987111111111112, "params": {"beta_enc": 0.0, "beta_rec": 0.8497606175345698, "gamma_fc": 0.06049807615702893, "cue_position": 9.0}, "datetime": {"elapsed": 6384.752308, "delta": 42.482209, "datetime": "2021-08-25 14:55:02"}}
{"target": 1.0, "params": {"beta_enc": 0.0, "beta_rec": 1.0, "gamma_fc": 2.7755575615628914e-17, "cue_position": 9.0}, "datetime": {"elapsed": 6408.499964, "delta": 23.747656, "datetime": "2021-08-25 14:55:25"}}
{"target": 7.082444444444444, "params": {"beta_enc": 0.0381232233352502, "beta_rec": 0.912202060432346, "gamma_fc": 0.019334660126975378, "cue_position": 9.0}, "datetime": {"elapsed": 6462.386239, "delta": 53.886275, "datetime": "2021-08-25 14:56:19"}}
{"target": 7.077333333333333, "params": {"beta_enc": 0.022710838946845887, "beta_rec": 0.9454095535988063, "gamma_fc": 0.01693463151160737, "cue_position": 9.0}, "datetime": {"elapsed": 6516.535404, "delta": 54.149165, "datetime": "2021-08-25 14:57:13"}}
{"target": 7.120222222222222, "params": {"beta_enc": 0.023423945838993883, "beta_rec": 0.9421542776197082, "gamma_fc": 0.00706056672362247, "cue_position": 9.0}, "datetime": {"elapsed": 6572.224732, "delta": 55.689328, "datetime": "2021-08-25 14:58:09"}}
{"target": 7.058888888888889, "params": {"beta_enc": 0.04512658426932574, "beta_rec": 0.8922557796172729, "gamma_fc": 0.017647672146151865, "cue_position": 9.0}, "datetime": {"elapsed": 6628.313909, "delta": 56.089177, "datetime": "2021-08-25 14:59:05"}}
{"target": 6.953555555555556, "params": {"beta_enc": 0.15885465699921547, "beta_rec": 0.05559505352031143, "gamma_fc": 0.5362162444323074, "cue_position": 9.0}, "datetime": {"elapsed": 6683.640147, "delta": 55.326238, "datetime": "2021-08-25 15:00:01"}}
{"target": 6.949333333333334, "params": {"beta_enc": 0.06191683102314137, "beta_rec": 0.8397413148661631, "gamma_fc": 0.45630616327265033, "cue_position": 9.0}, "datetime": {"elapsed": 6738.764608, "delta": 55.124461, "datetime": "2021-08-25 15:00:56"}}
{"target": 7.008222222222223, "params": {"beta_enc": 0.07130319598710907, "beta_rec": 0.2589078241325375, "gamma_fc": 0.9497287949935508, "cue_position": 9.0}, "datetime": {"elapsed": 6794.115976, "delta": 55.351368, "datetime": "2021-08-25 15:01:51"}}
{"target": 6.948666666666666, "params": {"beta_enc": 0.17860010831679407, "beta_rec": 0.8134506747110561, "gamma_fc": 0.20989007530322643, "cue_position": 9.0}, "datetime": {"elapsed": 6848.92996, "delta": 54.813984, "datetime": "2021-08-25 15:02:46"}}
{"target": 6.973111111111112, "params": {"beta_enc": 0.16663032398179356, "beta_rec": 0.7999885594455552, "gamma_fc": 0.3526356968626648, "cue_position": 9.0}, "datetime": {"elapsed": 6904.679325, "delta": 55.749365, "datetime": "2021-08-25 15:03:42"}}
{"target": 6.938444444444444, "params": {"beta_enc": 0.06885456561175968, "beta_rec": 0.037335042829157485, "gamma_fc": 0.2705986780387188, "cue_position": 9.0}, "datetime": {"elapsed": 6959.582986, "delta": 54.903661, "datetime": "2021-08-25 15:04:36"}}
{"target": 7.017111111111111, "params": {"beta_enc": 0.11724165663696723, "beta_rec": 0.21297069406503716, "gamma_fc": 0.4833657537215557, "cue_position": 9.0}, "datetime": {"elapsed": 7014.943622, "delta": 55.360636, "datetime": "2021-08-25 15:05:32"}}
{"target": 6.940444444444445, "params": {"beta_enc": 0.14298161577532426, "beta_rec": 0.8788808282528578, "gamma_fc": 0.5173484848755249, "cue_position": 9.0}, "datetime": {"elapsed": 7070.663986, "delta": 55.720364, "datetime": "2021-08-25 15:06:28"}}
{"target": 6.923777777777778, "params": {"beta_enc": 0.13954045857135344, "beta_rec": 0.4231317342343713, "gamma_fc": 0.2900056928202516, "cue_position": 9.0}, "datetime": {"elapsed": 7124.660767, "delta": 53.996781, "datetime": "2021-08-25 15:07:22"}}
{"target": 6.911777777777779, "params": {"beta_enc": 0.25404169961871703, "beta_rec": 0.8324001228240084, "gamma_fc": 0.7192529394959117, "cue_position": 9.0}, "datetime": {"elapsed": 7177.757919, "delta": 53.097152, "datetime": "2021-08-25 15:08:15"}}
{"target": 6.942888888888888, "params": {"beta_enc": 0.17831866769704816, "beta_rec": 0.26469237711351223, "gamma_fc": 0.3932948823672683, "cue_position": 9.0}, "datetime": {"elapsed": 7231.761888, "delta": 54.003969, "datetime": "2021-08-25 15:09:09"}}
{"target": 6.948222222222222, "params": {"beta_enc": 0.231045502289541, "beta_rec": 0.8681782526146382, "gamma_fc": 0.5944967747726658, "cue_position": 9.0}, "datetime": {"elapsed": 7285.336107, "delta": 53.574219, "datetime": "2021-08-25 15:10:02"}}
{"target": 6.944222222222223, "params": {"beta_enc": 0.06527304950314436, "beta_rec": 0.5655290607922157, "gamma_fc": 0.7914988178153659, "cue_position": 9.0}, "datetime": {"elapsed": 7339.246123, "delta": 53.910016, "datetime": "2021-08-25 15:10:56"}}
{"target": 6.930666666666667, "params": {"beta_enc": 0.19464400820992245, "beta_rec": 0.19324549492164528, "gamma_fc": 0.4662585527609276, "cue_position": 9.0}, "datetime": {"elapsed": 7392.381883, "delta": 53.13576, "datetime": "2021-08-25 15:11:49"}}
{"target": 6.9797777777777785, "params": {"beta_enc": 0.08204626395506906, "beta_rec": 0.11407299696172342, "gamma_fc": 0.6777271807034494, "cue_position": 9.0}, "datetime": {"elapsed": 7445.427766, "delta": 53.045883, "datetime": "2021-08-25 15:12:42"}}
{"target": 7.063555555555555, "params": {"beta_enc": 0.060689405584234746, "beta_rec": 0.9196347883732485, "gamma_fc": 0.006392824345257009, "cue_position": 9.0}, "datetime": {"elapsed": 7499.130026, "delta": 53.70226, "datetime": "2021-08-25 15:13:36"}}
{"target": 6.894666666666666, "params": {"beta_enc": 0.24949817749532435, "beta_rec": 0.5642862611685058, "gamma_fc": 0.8249111232599247, "cue_position": 9.0}, "datetime": {"elapsed": 7551.759331, "delta": 52.629305, "datetime": "2021-08-25 15:14:29"}}
{"target": 6.982444444444445, "params": {"beta_enc": 0.07574636369880079, "beta_rec": 0.5038945113213436, "gamma_fc": 0.5564812175937369, "cue_position": 9.0}, "datetime": {"elapsed": 7605.002777, "delta": 53.243446, "datetime": "2021-08-25 15:15:22"}}
{"target": 6.971111111111111, "params": {"beta_enc": 0.14607389526518733, "beta_rec": 0.26743813437587305, "gamma_fc": 0.1368166157096432, "cue_position": 9.0}, "datetime": {"elapsed": 7658.818961, "delta": 53.816184, "datetime": "2021-08-25 15:16:16"}}
{"target": 6.946666666666667, "params": {"beta_enc": 0.21173547067277348, "beta_rec": 0.13640620550531599, "gamma_fc": 0.5711434755923013, "cue_position": 9.0}, "datetime": {"elapsed": 7711.46961, "delta": 52.650649, "datetime": "2021-08-25 15:17:08"}}
{"target": 6.963111111111111, "params": {"beta_enc": 0.1102015932228582, "beta_rec": 0.17765118873881913, "gamma_fc": 0.5331787522971098, "cue_position": 9.0}, "datetime": {"elapsed": 7765.244151, "delta": 53.774541, "datetime": "2021-08-25 15:18:02"}}
{"target": 6.9575555555555555, "params": {"beta_enc": 0.14094399427670404, "beta_rec": 0.12721240131930295, "gamma_fc": 0.10479992403428323, "cue_position": 9.0}, "datetime": {"elapsed": 7819.661152, "delta": 54.417001, "datetime": "2021-08-25 15:18:57"}}
{"target": 7.013111111111111, "params": {"beta_enc": 0.11113873164771063, "beta_rec": 0.4347944957033285, "gamma_fc": 0.3569415791237007, "cue_position": 9.0}, "datetime": {"elapsed": 7873.847013, "delta": 54.185861, "datetime": "2021-08-25 15:19:51"}}
{"target": 6.910444444444444, "params": {"beta_enc": 0.15655028524722106, "beta_rec": 0.3886872081799468, "gamma_fc": 0.8175734942878158, "cue_position": 9.0}, "datetime": {"elapsed": 7928.151209, "delta": 54.304196, "datetime": "2021-08-25 15:20:45"}}
{"target": 6.962666666666666, "params": {"beta_enc": 0.1845431651628333, "beta_rec": 0.8016166556244749, "gamma_fc": 0.6566176353293812, "cue_position": 9.0}, "datetime": {"elapsed": 7981.680555, "delta": 53.529346, "datetime": "2021-08-25 15:21:39"}}
{"target": 6.878444444444445, "params": {"beta_enc": 0.1816088576795032, "beta_rec": 0.8917168908824376, "gamma_fc": 0.13169614545848862, "cue_position": 9.0}, "datetime": {"elapsed": 8035.140302, "delta": 53.459747, "datetime": "2021-08-25 15:22:32"}}
{"target": 6.943555555555555, "params": {"beta_enc": 0.11510539306094546, "beta_rec": 0.3708736787262301, "gamma_fc": 0.36819939116560024, "cue_position": 9.0}, "datetime": {"elapsed": 8089.524357, "delta": 54.384055, "datetime": "2021-08-25 15:23:26"}}
{"target": 6.982666666666667, "params": {"beta_enc": 0.17601256940435236, "beta_rec": 0.8064681523446957, "gamma_fc": 0.42078699693978033, "cue_position": 9.0}, "datetime": {"elapsed": 8144.100257, "delta": 54.5759, "datetime": "2021-08-25 15:24:21"}}
{"target": 6.956, "params": {"beta_enc": 0.15355502145569105, "beta_rec": 0.5069383586084723, "gamma_fc": 0.8079472937093503, "cue_position": 9.0}, "datetime": {"elapsed": 8198.236437, "delta": 54.13618, "datetime": "2021-08-25 15:25:15"}}
{"target": 6.951111111111111, "params": {"beta_enc": 0.1417035289832529, "beta_rec": 0.21070198659126554, "gamma_fc": 0.17782586563918676, "cue_position": 9.0}, "datetime": {"elapsed": 8251.954804, "delta": 53.718367, "datetime": "2021-08-25 15:26:09"}}
{"target": 6.8260000000000005, "params": {"beta_enc": 0.3248074249617277, "beta_rec": 0.8584797108773088, "gamma_fc": 0.7973797690106534, "cue_position": 9.0}, "datetime": {"elapsed": 8305.162617, "delta": 53.207813, "datetime": "2021-08-25 15:27:02"}}
{"target": 6.946, "params": {"beta_enc": 0.11876743841332041, "beta_rec": 0.1574027958769788, "gamma_fc": 0.4557632638207015, "cue_position": 9.0}, "datetime": {"elapsed": 8360.20671, "delta": 55.044093, "datetime": "2021-08-25 15:27:57"}}
{"target": 6.993777777777777, "params": {"beta_enc": 0.10227498392217915, "beta_rec": 0.8005613209052856, "gamma_fc": 0.39174550706731054, "cue_position": 9.0}, "datetime": {"elapsed": 8413.992608, "delta": 53.785898, "datetime": "2021-08-25 15:28:51"}}
{"target": 7.009333333333333, "params": {"beta_enc": 0.08501517217562202, "beta_rec": 0.49278544530848023, "gamma_fc": 0.49245351255447245, "cue_position": 9.0}, "datetime": {"elapsed": 8468.655962, "delta": 54.663354, "datetime": "2021-08-25 15:29:46"}}
{"target": 6.992666666666667, "params": {"beta_enc": 0.12031222095806308, "beta_rec": 0.28634091034940273, "gamma_fc": 0.9162617587509662, "cue_position": 9.0}, "datetime": {"elapsed": 8522.240623, "delta": 53.584661, "datetime": "2021-08-25 15:30:39"}}
{"target": 7.011777777777778, "params": {"beta_enc": 0.09808359452303186, "beta_rec": 0.5443298546281957, "gamma_fc": 0.520833229788951, "cue_position": 9.0}, "datetime": {"elapsed": 8576.303984, "delta": 54.063361, "datetime": "2021-08-25 15:31:33"}}
{"target": 6.992444444444445, "params": {"beta_enc": 0.10232561779266097, "beta_rec": 0.249281777367211, "gamma_fc": 0.432585370417789, "cue_position": 9.0}, "datetime": {"elapsed": 8629.416999, "delta": 53.113015, "datetime": "2021-08-25 15:32:26"}}
{"target": 7.011777777777778, "params": {"beta_enc": 0.06784437283925261, "beta_rec": 0.5021267203412115, "gamma_fc": 0.03664029943066974, "cue_position": 9.0}, "datetime": {"elapsed": 8684.419702, "delta": 55.002703, "datetime": "2021-08-25 15:33:21"}}
{"target": 6.941111111111111, "params": {"beta_enc": 0.130141310367091, "beta_rec": 0.41391930571185437, "gamma_fc": 0.18883818583262021, "cue_position": 9.0}, "datetime": {"elapsed": 8739.145799, "delta": 54.726097, "datetime": "2021-08-25 15:34:16"}}
{"target": 6.952444444444444, "params": {"beta_enc": 0.1298324701192678, "beta_rec": 0.28062101039812304, "gamma_fc": 0.2090896543689156, "cue_position": 9.0}, "datetime": {"elapsed": 8792.810047, "delta": 53.664248, "datetime": "2021-08-25 15:35:10"}}
{"target": 6.963333333333334, "params": {"beta_enc": 0.23345989135001552, "beta_rec": 0.859875815245602, "gamma_fc": 0.5026144187478254, "cue_position": 9.0}, "datetime": {"elapsed": 8846.942725, "delta": 54.132678, "datetime": "2021-08-25 15:36:04"}}
{"target": 6.9751111111111115, "params": {"beta_enc": 0.10935657629475111, "beta_rec": 0.4708273887426768, "gamma_fc": 0.7168273247388174, "cue_position": 9.0}, "datetime": {"elapsed": 8901.089477, "delta": 54.146752, "datetime": "2021-08-25 15:36:58"}}
{"target": 7.009333333333333, "params": {"beta_enc": 0.09481149832300007, "beta_rec": 0.49149493018183465, "gamma_fc": 0.6463625826605841, "cue_position": 9.0}, "datetime": {"elapsed": 8955.02654, "delta": 53.937063, "datetime": "2021-08-25 15:37:52"}}
{"target": 6.973777777777778, "params": {"beta_enc": 0.13562104863783098, "beta_rec": 0.08744924755769036, "gamma_fc": 0.6084899003628081, "cue_position": 9.0}, "datetime": {"elapsed": 9009.403258, "delta": 54.376718, "datetime": "2021-08-25 15:38:46"}}
{"target": 6.957111111111111, "params": {"beta_enc": 0.1393960079817392, "beta_rec": 0.04253623819200083, "gamma_fc": 0.4001708018351427, "cue_position": 9.0}, "datetime": {"elapsed": 9064.052848, "delta": 54.64959, "datetime": "2021-08-25 15:39:41"}}
{"target": 6.9604444444444455, "params": {"beta_enc": 0.11940468631398375, "beta_rec": 0.48401339857058595, "gamma_fc": 0.41486554891358207, "cue_position": 9.0}, "datetime": {"elapsed": 9118.164829, "delta": 54.111981, "datetime": "2021-08-25 15:40:35"}}
{"target": 6.944444444444445, "params": {"beta_enc": 0.09443732883377204, "beta_rec": 0.5678566574700625, "gamma_fc": 0.5978289032537383, "cue_position": 9.0}, "datetime": {"elapsed": 9171.942048, "delta": 53.777219, "datetime": "2021-08-25 15:41:29"}}
{"target": 6.959333333333333, "params": {"beta_enc": 0.13518875031447564, "beta_rec": 0.4621630320964159, "gamma_fc": 0.10564136783303645, "cue_position": 9.0}, "datetime": {"elapsed": 9225.929072, "delta": 53.987024, "datetime": "2021-08-25 15:42:23"}}
{"target": 7.016666666666666, "params": {"beta_enc": 0.043850245170054876, "beta_rec": 0.7839682778350036, "gamma_fc": 0.43489328987268033, "cue_position": 9.0}, "datetime": {"elapsed": 9279.971561, "delta": 54.042489, "datetime": "2021-08-25 15:43:17"}}
{"target": 6.794, "params": {"beta_enc": 0.34353106967658303, "beta_rec": 0.9014400980422773, "gamma_fc": 0.9607603017628316, "cue_position": 9.0}, "datetime": {"elapsed": 9334.223179, "delta": 54.251618, "datetime": "2021-08-25 15:44:11"}}
{"target": 6.963555555555556, "params": {"beta_enc": 0.03750924244768018, "beta_rec": 0.8137323316646368, "gamma_fc": 0.40102059350680974, "cue_position": 9.0}, "datetime": {"elapsed": 9388.386976, "delta": 54.163797, "datetime": "2021-08-25 15:45:05"}}
{"target": 6.975333333333333, "params": {"beta_enc": 0.14628065975888582, "beta_rec": 0.7413169329564696, "gamma_fc": 0.576137426043334, "cue_position": 9.0}, "datetime": {"elapsed": 9443.301713, "delta": 54.914737, "datetime": "2021-08-25 15:46:00"}}
{"target": 6.979333333333332, "params": {"beta_enc": 0.1644647692671357, "beta_rec": 0.6811218102002431, "gamma_fc": 0.6030158424763505, "cue_position": 9.0}, "datetime": {"elapsed": 9496.708672, "delta": 53.406959, "datetime": "2021-08-25 15:46:54"}}
{"target": 7.015555555555555, "params": {"beta_enc": 0.14859790247929472, "beta_rec": 0.8585129257277055, "gamma_fc": 0.5929552295120414, "cue_position": 9.0}, "datetime": {"elapsed": 9552.010895, "delta": 55.302223, "datetime": "2021-08-25 15:47:49"}}
{"target": 6.972222222222221, "params": {"beta_enc": 0.09175168013056519, "beta_rec": 0.8321840645174566, "gamma_fc": 0.5505885025505153, "cue_position": 9.0}, "datetime": {"elapsed": 9607.016679, "delta": 55.005784, "datetime": "2021-08-25 15:48:44"}}
