{"target": 8.0, "params": {"gamma_cf": 0.2080974099989472, "beta_rec": 0.6455644082734328, "gamma_fc": 0.7454983307481646, "cue_position": 16.0, "beta_enc": 0.8577386145114406}, "datetime": {"delta": 0.33522, "elapsed": 164.349617, "datetime": "2020-06-14 09:43:35"}}
{"target": 8.5, "params": {"gamma_cf": 0.1374435496242309, "beta_rec": 0.48447006094850675, "gamma_fc": 0.9643727973861176, "cue_position": 16.0, "beta_enc": 0.40340662833417285}, "datetime": {"delta": 0.343118, "elapsed": 164.692735, "datetime": "2020-06-14 09:43:35"}}
{"target": 6.625, "params": {"gamma_cf": 0.8065850822605141, "beta_rec": 0.09944025725488481, "gamma_fc": 0.4558728073695024, "cue_position": 16.0, "beta_enc": 0.04262968179657989}, "datetime": {"delta": 0.306779, "elapsed": 164.999514, "datetime": "2020-06-14 09:43:36"}}
{"target": 9.625, "params": {"gamma_cf": 0.5208483405537891, "beta_rec": 0.17432113751983724, "gamma_fc": 0.7402936352802216, "cue_position": 16.0, "beta_enc": 0.6532511422613194}, "datetime": {"delta": 0.366202, "elapsed": 165.365716, "datetime": "2020-06-14 09:43:36"}}
{"target": 9.125, "params": {"gamma_cf": 0.2490900884519328, "beta_rec": 0.8696140851211128, "gamma_fc": 0.23490222080210488, "cue_position": 16.0, "beta_enc": 0.46247446521502844}, "datetime": {"delta": 0.353932, "elapsed": 165.719648, "datetime": "2020-06-14 09:43:36"}}
{"target": 10.375, "params": {"gamma_cf": 0.8619059993188329, "beta_rec": 0.7566160562962172, "gamma_fc": 0.26161079268292176, "cue_position": 16.0, "beta_enc": 0.3740467168670696}, "datetime": {"delta": 0.381302, "elapsed": 166.10095, "datetime": "2020-06-14 09:43:37"}}
{"target": 7.875, "params": {"gamma_cf": 0.3892749454089657, "beta_rec": 0.6115440994503215, "gamma_fc": 0.10142077688127671, "cue_position": 16.0, "beta_enc": 0.4122789279785698}, "datetime": {"delta": 0.330452, "elapsed": 166.431402, "datetime": "2020-06-14 09:43:37"}}
{"target": 6.5, "params": {"gamma_cf": 0.8634484403326346, "beta_rec": 0.08813516392543386, "gamma_fc": 0.7084507915153727, "cue_position": 16.0, "beta_enc": 0.7122448043972556}, "datetime": {"delta": 0.304488, "elapsed": 166.73589, "datetime": "2020-06-14 09:43:37"}}
{"target": 8.5, "params": {"gamma_cf": 0.7974959842933487, "beta_rec": 0.6991465654129165, "gamma_fc": 0.7864170822798477, "cue_position": 16.0, "beta_enc": 0.4864245738076861}, "datetime": {"delta": 0.344485, "elapsed": 167.080375, "datetime": "2020-06-14 09:43:38"}}
{"target": 8.875, "params": {"gamma_cf": 0.3641702986535258, "beta_rec": 0.3178175503505978, "gamma_fc": 0.5666455566878987, "cue_position": 16.0, "beta_enc": 0.15552858387362167}, "datetime": {"delta": 0.353272, "elapsed": 167.433647, "datetime": "2020-06-14 09:43:38"}}
{"target": 7.375, "params": {"gamma_cf": 0.4164625561731081, "beta_rec": 0.6599697189638991, "gamma_fc": 0.4508926565007, "cue_position": 16.0, "beta_enc": 0.041687442520287776}, "datetime": {"delta": 0.319763, "elapsed": 167.75341, "datetime": "2020-06-14 09:43:38"}}
{"target": 9.625, "params": {"gamma_cf": 0.0681300573940744, "beta_rec": 0.38328031012801256, "gamma_fc": 0.5512566489358516, "cue_position": 16.0, "beta_enc": 0.3487267695476459}, "datetime": {"delta": 0.36457, "elapsed": 168.11798, "datetime": "2020-06-14 09:43:39"}}
{"target": 10.25, "params": {"gamma_cf": 0.2863771315373824, "beta_rec": 0.1454997892217088, "gamma_fc": 0.8307513669044257, "cue_position": 16.0, "beta_enc": 0.5958669456166511}, "datetime": {"delta": 0.3789, "elapsed": 168.49688, "datetime": "2020-06-14 09:43:39"}}
{"target": 6.75, "params": {"gamma_cf": 0.3434200931086723, "beta_rec": 0.5521388075534814, "gamma_fc": 0.3506171893069536, "cue_position": 16.0, "beta_enc": 0.15342094116241234}, "datetime": {"delta": 0.30835, "elapsed": 168.80523, "datetime": "2020-06-14 09:43:39"}}
{"target": 9.375, "params": {"gamma_cf": 0.8169651221861415, "beta_rec": 0.6609370958732123, "gamma_fc": 0.6243466040526843, "cue_position": 16.0, "beta_enc": 0.515593197580959}, "datetime": {"delta": 23.564534, "elapsed": 192.369764, "datetime": "2020-06-14 09:44:03"}}
{"target": 7.625, "params": {"gamma_cf": 0.3637206328960295, "beta_rec": 0.32669461207591377, "gamma_fc": 0.5711284700870471, "cue_position": 16.0, "beta_enc": 0.15354266995743648}, "datetime": {"delta": 10.032977, "elapsed": 202.402741, "datetime": "2020-06-14 09:44:13"}}
{"target": 9.5, "params": {"gamma_cf": 0.8764726998081668, "beta_rec": 0.49275265345820507, "gamma_fc": 0.9886102906254632, "cue_position": 16.0, "beta_enc": 0.46826593511479886}, "datetime": {"delta": 9.748962, "elapsed": 212.151703, "datetime": "2020-06-14 09:44:23"}}
{"target": 7.5, "params": {"gamma_cf": 0.11121113124940518, "beta_rec": 0.27159027976270644, "gamma_fc": 0.14139309651588017, "cue_position": 16.0, "beta_enc": 0.7339320025314597}, "datetime": {"delta": 9.636556, "elapsed": 221.788259, "datetime": "2020-06-14 09:44:32"}}
{"target": 8.375, "params": {"gamma_cf": 0.7000118966954749, "beta_rec": 0.40529277126951024, "gamma_fc": 0.2575364664792211, "cue_position": 16.0, "beta_enc": 0.4251565121991604}, "datetime": {"delta": 9.772925, "elapsed": 231.561184, "datetime": "2020-06-14 09:44:42"}}
{"target": 8.0, "params": {"gamma_cf": 0.6970599069600242, "beta_rec": 0.9611880173375691, "gamma_fc": 0.27826656566926067, "cue_position": 16.0, "beta_enc": 0.7202266616290103}, "datetime": {"delta": 9.713059, "elapsed": 241.274243, "datetime": "2020-06-14 09:44:52"}}
{"target": 9.25, "params": {"gamma_cf": 0.8688554488071389, "beta_rec": 0.3183881987420122, "gamma_fc": 0.4494799621163327, "cue_position": 16.0, "beta_enc": 0.5812578887033732}, "datetime": {"delta": 9.831941, "elapsed": 251.106184, "datetime": "2020-06-14 09:45:02"}}
{"target": 8.5, "params": {"gamma_cf": 0.9556680423995485, "beta_rec": 0.6781117906558245, "gamma_fc": 0.5953848184569863, "cue_position": 16.0, "beta_enc": 0.7652473756088521}, "datetime": {"delta": 9.780935, "elapsed": 260.887119, "datetime": "2020-06-14 09:45:11"}}
{"target": 7.875, "params": {"gamma_cf": 0.9116519440834079, "beta_rec": 0.3781700737261816, "gamma_fc": 0.8688296880621564, "cue_position": 16.0, "beta_enc": 0.28694132375969206}, "datetime": {"delta": 9.95146, "elapsed": 270.838579, "datetime": "2020-06-14 09:45:21"}}
{"target": 7.75, "params": {"gamma_cf": 0.5493129937627782, "beta_rec": 0.15060302438653295, "gamma_fc": 0.7288946367124146, "cue_position": 16.0, "beta_enc": 0.24100140121796398}, "datetime": {"delta": 9.816631, "elapsed": 280.65521, "datetime": "2020-06-14 09:45:31"}}
{"target": 8.25, "params": {"gamma_cf": 0.7085624414663471, "beta_rec": 0.2425973388597179, "gamma_fc": 0.9083800569656001, "cue_position": 16.0, "beta_enc": 0.6640754234928464}, "datetime": {"delta": 9.943817, "elapsed": 290.599027, "datetime": "2020-06-14 09:45:41"}}
{"target": 7.75, "params": {"gamma_cf": 0.9071821982277523, "beta_rec": 0.052156622004829734, "gamma_fc": 0.8193158904396622, "cue_position": 16.0, "beta_enc": 0.1533554124530082}, "datetime": {"delta": 9.878248, "elapsed": 300.477275, "datetime": "2020-06-14 09:45:51"}}
{"target": 5.625, "params": {"gamma_cf": 0.9590286506900272, "beta_rec": 0.27986182965889417, "gamma_fc": 0.43429728409229507, "cue_position": 16.0, "beta_enc": 0.948654058229408}, "datetime": {"delta": 10.083333, "elapsed": 310.560608, "datetime": "2020-06-14 09:46:01"}}
{"target": 8.75, "params": {"gamma_cf": 0.2481114939987591, "beta_rec": 0.6814201273911853, "gamma_fc": 0.3000207794015386, "cue_position": 16.0, "beta_enc": 0.07831808878164181}, "datetime": {"delta": 9.997787, "elapsed": 320.558395, "datetime": "2020-06-14 09:46:11"}}
{"target": 9.0, "params": {"gamma_cf": 0.47797448672974985, "beta_rec": 0.28855149120512724, "gamma_fc": 0.7603074113278431, "cue_position": 16.0, "beta_enc": 0.07503381676243248}, "datetime": {"delta": 10.060528, "elapsed": 330.618923, "datetime": "2020-06-14 09:46:21"}}
{"target": 7.625, "params": {"gamma_cf": 0.6248345824468625, "beta_rec": 0.1585029942798274, "gamma_fc": 0.27411002488457203, "cue_position": 16.0, "beta_enc": 0.10350372550814813}, "datetime": {"delta": 9.966187, "elapsed": 340.58511, "datetime": "2020-06-14 09:46:31"}}
{"target": 9.0, "params": {"gamma_cf": 0.5119829028554661, "beta_rec": 0.01212128773521759, "gamma_fc": 0.6904763901664884, "cue_position": 16.0, "beta_enc": 0.19653715814403294}, "datetime": {"delta": 10.238846, "elapsed": 350.823956, "datetime": "2020-06-14 09:46:41"}}
{"target": 6.625, "params": {"gamma_cf": 0.9923628257738171, "beta_rec": 0.6306161156769221, "gamma_fc": 0.947303113190028, "cue_position": 16.0, "beta_enc": 0.6878662962594048}, "datetime": {"delta": 10.023337, "elapsed": 360.847293, "datetime": "2020-06-14 09:46:51"}}
{"target": 7.875, "params": {"gamma_cf": 0.26175989229187835, "beta_rec": 0.46071674173071897, "gamma_fc": 0.3834645138674886, "cue_position": 16.0, "beta_enc": 0.6520660589772426}, "datetime": {"delta": 10.180519, "elapsed": 371.027812, "datetime": "2020-06-14 09:47:02"}}
{"target": 6.875, "params": {"gamma_cf": 0.468250221306556, "beta_rec": 0.2340065868229957, "gamma_fc": 0.7278753311644572, "cue_position": 16.0, "beta_enc": 0.8928043864646914}, "datetime": {"delta": 10.061307, "elapsed": 381.089119, "datetime": "2020-06-14 09:47:12"}}
{"target": 6.125, "params": {"gamma_cf": 0.33118328028823796, "beta_rec": 0.244175286149948, "gamma_fc": 0.5061090837716329, "cue_position": 16.0, "beta_enc": 0.12539436915145474}, "datetime": {"delta": 10.151158, "elapsed": 391.240277, "datetime": "2020-06-14 09:47:22"}}
{"target": 8.25, "params": {"gamma_cf": 0.28689832509911894, "beta_rec": 0.6364777439692066, "gamma_fc": 0.2862557484640177, "cue_position": 16.0, "beta_enc": 0.025344951579384545}, "datetime": {"delta": 10.133041, "elapsed": 401.373318, "datetime": "2020-06-14 09:47:32"}}
{"target": 6.125, "params": {"gamma_cf": 0.9388806296190497, "beta_rec": 0.014275832939369626, "gamma_fc": 0.8887506581968635, "cue_position": 16.0, "beta_enc": 0.679539840338371}, "datetime": {"delta": 10.196187, "elapsed": 411.569505, "datetime": "2020-06-14 09:47:42"}}
{"target": 9.0, "params": {"gamma_cf": 0.8162519451494668, "beta_rec": 0.5243152310936421, "gamma_fc": 0.045578177216713756, "cue_position": 16.0, "beta_enc": 0.4287563633139756}, "datetime": {"delta": 10.220322, "elapsed": 421.789827, "datetime": "2020-06-14 09:47:52"}}
{"target": 8.25, "params": {"gamma_cf": 0.41472168900502104, "beta_rec": 0.18829342776590519, "gamma_fc": 0.2057022165386918, "cue_position": 16.0, "beta_enc": 0.44869485567716294}, "datetime": {"delta": 10.387389, "elapsed": 432.177216, "datetime": "2020-06-14 09:48:03"}}
{"target": 6.25, "params": {"gamma_cf": 0.7486685692929704, "beta_rec": 0.10455724007127187, "gamma_fc": 0.10100521181848299, "cue_position": 16.0, "beta_enc": 0.8969987097076535}, "datetime": {"delta": 10.190842, "elapsed": 442.368058, "datetime": "2020-06-14 09:48:13"}}
{"target": 9.125, "params": {"gamma_cf": 0.3883351846116576, "beta_rec": 0.5893897881826643, "gamma_fc": 0.23005186072226635, "cue_position": 16.0, "beta_enc": 0.7673282382187449}, "datetime": {"delta": 10.272204, "elapsed": 452.640262, "datetime": "2020-06-14 09:48:23"}}
{"target": 8.0, "params": {"gamma_cf": 0.5735353033834864, "beta_rec": 0.5879145024261659, "gamma_fc": 0.9435302226957697, "cue_position": 16.0, "beta_enc": 0.15282108283380158}, "datetime": {"delta": 10.220438, "elapsed": 462.8607, "datetime": "2020-06-14 09:48:33"}}
{"target": 7.375, "params": {"gamma_cf": 0.5574767114350314, "beta_rec": 0.8926481318928035, "gamma_fc": 0.38079490100907376, "cue_position": 16.0, "beta_enc": 0.9504963210398595}, "datetime": {"delta": 10.369109, "elapsed": 473.229809, "datetime": "2020-06-14 09:48:44"}}
{"target": 7.375, "params": {"gamma_cf": 0.8788305381153134, "beta_rec": 0.6107009636698492, "gamma_fc": 0.7581264612016851, "cue_position": 16.0, "beta_enc": 0.3446389416722052}, "datetime": {"delta": 10.53442, "elapsed": 483.764229, "datetime": "2020-06-14 09:48:54"}}
{"target": 7.875, "params": {"gamma_cf": 0.500780683139732, "beta_rec": 0.3431555657006532, "gamma_fc": 0.8331534765269011, "cue_position": 16.0, "beta_enc": 0.8281610108499056}, "datetime": {"delta": 10.402583, "elapsed": 494.166812, "datetime": "2020-06-14 09:49:05"}}
{"target": 8.875, "params": {"gamma_cf": 0.9074119017068994, "beta_rec": 0.06703919584288998, "gamma_fc": 0.23216096662147856, "cue_position": 16.0, "beta_enc": 0.4045473275260042}, "datetime": {"delta": 10.355635, "elapsed": 504.522447, "datetime": "2020-06-14 09:49:15"}}
{"target": 9.375, "params": {"gamma_cf": 0.21350758933251623, "beta_rec": 0.7063275701648251, "gamma_fc": 0.9862301129567373, "cue_position": 16.0, "beta_enc": 0.5694550711028323}, "datetime": {"delta": 10.656838, "elapsed": 515.179285, "datetime": "2020-06-14 09:49:26"}}
{"target": 7.625, "params": {"gamma_cf": 0.9775855005097102, "beta_rec": 0.28415954739357974, "gamma_fc": 0.455968007352309, "cue_position": 16.0, "beta_enc": 0.4293440895915318}, "datetime": {"delta": 10.596357, "elapsed": 525.775642, "datetime": "2020-06-14 09:49:36"}}
{"target": 6.5, "params": {"gamma_cf": 0.7012991442896498, "beta_rec": 0.5094507700185913, "gamma_fc": 0.6220284549117926, "cue_position": 16.0, "beta_enc": 0.9629269710414871}, "datetime": {"delta": 10.500932, "elapsed": 536.276574, "datetime": "2020-06-14 09:49:47"}}
{"target": 6.5, "params": {"gamma_cf": 0.6783826985068082, "beta_rec": 0.49914570210691955, "gamma_fc": 0.7832775961763109, "cue_position": 16.0, "beta_enc": 0.46205690170927727}, "datetime": {"delta": 10.382083, "elapsed": 546.658657, "datetime": "2020-06-14 09:49:57"}}
{"target": 7.0, "params": {"gamma_cf": 0.9006569488432602, "beta_rec": 0.6871022953767755, "gamma_fc": 0.31457333080280825, "cue_position": 16.0, "beta_enc": 0.7690158012882077}, "datetime": {"delta": 10.593069, "elapsed": 557.251726, "datetime": "2020-06-14 09:50:08"}}
{"target": 9.0, "params": {"gamma_cf": 0.5050416233872638, "beta_rec": 0.87189901190581, "gamma_fc": 0.6976818966126833, "cue_position": 16.0, "beta_enc": 0.8211825316847394}, "datetime": {"delta": 10.472221, "elapsed": 567.723947, "datetime": "2020-06-14 09:50:18"}}
{"target": 7.875, "params": {"gamma_cf": 0.021134270676419487, "beta_rec": 0.875579758700658, "gamma_fc": 0.7784276711184273, "cue_position": 16.0, "beta_enc": 0.019176828492209252}, "datetime": {"delta": 10.513177, "elapsed": 578.237124, "datetime": "2020-06-14 09:50:29"}}
{"target": 8.625, "params": {"gamma_cf": 0.4259902371487505, "beta_rec": 0.9325672272196929, "gamma_fc": 0.8809996536110839, "cue_position": 16.0, "beta_enc": 0.841076530831431}, "datetime": {"delta": 10.780482, "elapsed": 589.017606, "datetime": "2020-06-14 09:50:40"}}
{"target": 10.875, "params": {"gamma_cf": 0.9956698535005722, "beta_rec": 0.8234958901720848, "gamma_fc": 0.0618647509675927, "cue_position": 16.0, "beta_enc": 0.25647638870399714}, "datetime": {"delta": 10.864242, "elapsed": 599.881848, "datetime": "2020-06-14 09:50:50"}}
{"target": 10.0, "params": {"gamma_cf": 0.16577203262863083, "beta_rec": 0.9124074186042022, "gamma_fc": 0.820125837831011, "cue_position": 16.0, "beta_enc": 0.8298056925582071}, "datetime": {"delta": 10.651495, "elapsed": 610.533343, "datetime": "2020-06-14 09:51:01"}}
{"target": 9.0, "params": {"gamma_cf": 0.31631173249900313, "beta_rec": 0.3698901686118483, "gamma_fc": 0.09812531914682021, "cue_position": 16.0, "beta_enc": 0.5317930648801407}, "datetime": {"delta": 10.62718, "elapsed": 621.160523, "datetime": "2020-06-14 09:51:12"}}
{"target": 7.875, "params": {"gamma_cf": 0.37787307326572617, "beta_rec": 0.3207433543855238, "gamma_fc": 0.5211883387406114, "cue_position": 16.0, "beta_enc": 0.7813492600107266}, "datetime": {"delta": 10.824153, "elapsed": 631.984676, "datetime": "2020-06-14 09:51:23"}}
{"target": 8.125, "params": {"gamma_cf": 0.24411056214492488, "beta_rec": 0.3755206780257555, "gamma_fc": 0.5838429236900464, "cue_position": 16.0, "beta_enc": 0.07142380012926586}, "datetime": {"delta": 10.826723, "elapsed": 642.811399, "datetime": "2020-06-14 09:51:33"}}
{"target": 8.5, "params": {"gamma_cf": 0.7973406994753832, "beta_rec": 0.4559061732848312, "gamma_fc": 0.6606889115864296, "cue_position": 16.0, "beta_enc": 0.5945933363779776}, "datetime": {"delta": 10.663058, "elapsed": 653.474457, "datetime": "2020-06-14 09:51:44"}}
{"target": 7.875, "params": {"gamma_cf": 0.14661788463223424, "beta_rec": 0.3805844352489963, "gamma_fc": 0.7434963563335222, "cue_position": 16.0, "beta_enc": 0.862086013350233}, "datetime": {"delta": 10.726325, "elapsed": 664.200782, "datetime": "2020-06-14 09:51:55"}}
{"target": 7.25, "params": {"gamma_cf": 0.9715377933124759, "beta_rec": 0.3207408575991416, "gamma_fc": 0.09289804950355318, "cue_position": 16.0, "beta_enc": 0.8424439275311448}, "datetime": {"delta": 10.936021, "elapsed": 675.136803, "datetime": "2020-06-14 09:52:06"}}
{"target": 9.375, "params": {"gamma_cf": 0.6921598154189054, "beta_rec": 0.40914216412419757, "gamma_fc": 0.20965110599377446, "cue_position": 16.0, "beta_enc": 0.4830061517239528}, "datetime": {"delta": 11.023523, "elapsed": 686.160326, "datetime": "2020-06-14 09:52:17"}}
{"target": 7.0, "params": {"gamma_cf": 0.7670287290168624, "beta_rec": 0.07830942873963553, "gamma_fc": 0.8902902068455065, "cue_position": 16.0, "beta_enc": 0.024002012582142074}, "datetime": {"delta": 10.803225, "elapsed": 696.963551, "datetime": "2020-06-14 09:52:28"}}
{"target": 6.625, "params": {"gamma_cf": 0.7051569011324095, "beta_rec": 0.38065052918245446, "gamma_fc": 0.2818268219437077, "cue_position": 16.0, "beta_enc": 0.968990082827298}, "datetime": {"delta": 10.771389, "elapsed": 707.73494, "datetime": "2020-06-14 09:52:38"}}
{"target": 10.5, "params": {"gamma_cf": 0.26906308625026465, "beta_rec": 0.7832256352263093, "gamma_fc": 0.5836449557761353, "cue_position": 16.0, "beta_enc": 0.8728264673187444}, "datetime": {"delta": 11.128141, "elapsed": 718.863081, "datetime": "2020-06-14 09:52:49"}}
{"target": 6.125, "params": {"gamma_cf": 0.018082092681219852, "beta_rec": 0.7217434696636166, "gamma_fc": 0.05136510361851987, "cue_position": 16.0, "beta_enc": 0.13984312584779424}, "datetime": {"delta": 11.017203, "elapsed": 729.880284, "datetime": "2020-06-14 09:53:00"}}
{"target": 7.75, "params": {"gamma_cf": 0.6349830907356592, "beta_rec": 0.17393543502961695, "gamma_fc": 0.29563911547983435, "cue_position": 16.0, "beta_enc": 0.05040754300622041}, "datetime": {"delta": 10.885981, "elapsed": 740.766265, "datetime": "2020-06-14 09:53:11"}}
{"target": 7.75, "params": {"gamma_cf": 0.6465528501268477, "beta_rec": 0.29490923042178996, "gamma_fc": 0.4560413289245894, "cue_position": 16.0, "beta_enc": 0.01241267997704687}, "datetime": {"delta": 10.926343, "elapsed": 751.692608, "datetime": "2020-06-14 09:53:22"}}
{"target": 9.875, "params": {"gamma_cf": 0.4627025752039273, "beta_rec": 0.2535943565377281, "gamma_fc": 0.5916208247953917, "cue_position": 16.0, "beta_enc": 0.3843403720549856}, "datetime": {"delta": 11.239153, "elapsed": 762.931761, "datetime": "2020-06-14 09:53:34"}}
{"target": 8.125, "params": {"gamma_cf": 0.651511295127256, "beta_rec": 0.9171771303699116, "gamma_fc": 0.7854962806995579, "cue_position": 16.0, "beta_enc": 0.1579067328768342}, "datetime": {"delta": 11.272502, "elapsed": 774.204263, "datetime": "2020-06-14 09:53:45"}}
{"target": 9.375, "params": {"gamma_cf": 0.3766579954293039, "beta_rec": 0.8582044342997976, "gamma_fc": 0.5893197574782113, "cue_position": 16.0, "beta_enc": 0.8143267606533015}, "datetime": {"delta": 11.119606, "elapsed": 785.323869, "datetime": "2020-06-14 09:53:56"}}
{"target": 10.125, "params": {"gamma_cf": 0.7061580188390342, "beta_rec": 0.8537703103192161, "gamma_fc": 0.2185001790055352, "cue_position": 16.0, "beta_enc": 0.2947113595592957}, "datetime": {"delta": 11.084395, "elapsed": 796.408264, "datetime": "2020-06-14 09:54:07"}}
{"target": 7.875, "params": {"gamma_cf": 0.8622615490694003, "beta_rec": 0.8004286460357222, "gamma_fc": 0.9717378596201286, "cue_position": 16.0, "beta_enc": 0.6849762144508424}, "datetime": {"delta": 11.297737, "elapsed": 807.706001, "datetime": "2020-06-14 09:54:18"}}
{"target": 10.125, "params": {"gamma_cf": 0.4085558656861571, "beta_rec": 0.3946596880397226, "gamma_fc": 0.9873484375536896, "cue_position": 16.0, "beta_enc": 0.7659978888495119}, "datetime": {"delta": 11.307438, "elapsed": 819.013439, "datetime": "2020-06-14 09:54:30"}}
{"target": 8.375, "params": {"gamma_cf": 0.2573923860836018, "beta_rec": 0.49569867010938995, "gamma_fc": 0.5913090304530814, "cue_position": 16.0, "beta_enc": 0.136535300846922}, "datetime": {"delta": 11.118143, "elapsed": 830.131582, "datetime": "2020-06-14 09:54:41"}}
{"target": 8.125, "params": {"gamma_cf": 0.1859636180097035, "beta_rec": 0.5064501824319559, "gamma_fc": 0.38587147014853174, "cue_position": 16.0, "beta_enc": 0.8475494317698935}, "datetime": {"delta": 11.150744, "elapsed": 841.282326, "datetime": "2020-06-14 09:54:52"}}
{"target": 8.0, "params": {"gamma_cf": 0.45788870828933204, "beta_rec": 0.3430950845283971, "gamma_fc": 0.10612698622272398, "cue_position": 16.0, "beta_enc": 0.2031248665839982}, "datetime": {"delta": 11.398043, "elapsed": 852.680369, "datetime": "2020-06-14 09:55:03"}}
{"target": 7.125, "params": {"gamma_cf": 0.4576870538632123, "beta_rec": 0.9903444936180463, "gamma_fc": 0.7601881015089806, "cue_position": 16.0, "beta_enc": 0.2363966600289762}, "datetime": {"delta": 11.442223, "elapsed": 864.122592, "datetime": "2020-06-14 09:55:15"}}
{"target": 6.75, "params": {"gamma_cf": 0.609611889164812, "beta_rec": 0.5739044011014558, "gamma_fc": 0.8698781131309591, "cue_position": 16.0, "beta_enc": 0.9134715087693581}, "datetime": {"delta": 11.206688, "elapsed": 875.32928, "datetime": "2020-06-14 09:55:26"}}
