{"target": 9.625, "params": {"cue_position": 10.0, "beta_rec": 0.6737118458232314, "beta_enc": 0.19855291550695808, "gamma_fc": 0.11810689466845714, "gamma_cf": 0.9909961488050307}, "datetime": {"delta": 65.895262, "elapsed": 20300.211281, "datetime": "2020-06-14 15:21:24"}}
{"target": 10.0, "params": {"cue_position": 10.0, "beta_rec": 0.6743754633126813, "beta_enc": 0.42643088726214085, "gamma_fc": 0.03905136049345914, "gamma_cf": 0.8609949814990614}, "datetime": {"delta": 60.964199, "elapsed": 20361.17548, "datetime": "2020-06-14 15:22:25"}}
{"target": 11.75, "params": {"cue_position": 10.0, "beta_rec": 0.6947126885835572, "beta_enc": 0.4302957537825256, "gamma_fc": 0.06149550588552766, "gamma_cf": 0.8585275244654158}, "datetime": {"delta": 62.674073, "elapsed": 20423.849553, "datetime": "2020-06-14 15:23:28"}}
{"target": 9.375, "params": {"cue_position": 10.0, "beta_rec": 0.7899204526359184, "beta_enc": 0.44536568091040496, "gamma_fc": 0.11438352858985701, "gamma_cf": 0.6722419380559894}, "datetime": {"delta": 62.680604, "elapsed": 20486.530157, "datetime": "2020-06-14 15:24:30"}}
{"target": 10.25, "params": {"cue_position": 10.0, "beta_rec": 0.9222570441188356, "beta_enc": 0.25657223884004066, "gamma_fc": 0.027148103564587744, "gamma_cf": 0.9775323748046745}, "datetime": {"delta": 61.041651, "elapsed": 20547.571808, "datetime": "2020-06-14 15:25:31"}}
{"target": 10.375, "params": {"cue_position": 10.0, "beta_rec": 0.6665632205349667, "beta_enc": 0.4300386739562392, "gamma_fc": 0.027841858286144272, "gamma_cf": 0.8628190388884391}, "datetime": {"delta": 68.850077, "elapsed": 20616.421885, "datetime": "2020-06-14 15:26:40"}}
{"target": 9.625, "params": {"cue_position": 10.0, "beta_rec": 0.951529540341525, "beta_enc": 0.28395187339841876, "gamma_fc": 0.46524754974059657, "gamma_cf": 0.43563386013428296}, "datetime": {"delta": 63.723564, "elapsed": 20680.145449, "datetime": "2020-06-14 15:27:44"}}
{"target": 10.125, "params": {"cue_position": 10.0, "beta_rec": 0.02044354761777467, "beta_enc": 0.5065130023504414, "gamma_fc": 0.012539144488783682, "gamma_cf": 0.8201297551834061}, "datetime": {"delta": 60.490506, "elapsed": 20740.635955, "datetime": "2020-06-14 15:28:44"}}
{"target": 6.75, "params": {"cue_position": 10.0, "beta_rec": 0.9738629984808748, "beta_enc": 0.8637639424704857, "gamma_fc": 0.10371174809440398, "gamma_cf": 0.8508872006420873}, "datetime": {"delta": 63.349211, "elapsed": 20803.985166, "datetime": "2020-06-14 15:29:48"}}
{"target": 6.0, "params": {"cue_position": 10.0, "beta_rec": 0.958871923832559, "beta_enc": 0.8613373057242145, "gamma_fc": 0.09779335236123154, "gamma_cf": 0.8524704381571859}, "datetime": {"delta": 65.922042, "elapsed": 20869.907208, "datetime": "2020-06-14 15:30:54"}}
{"target": 10.0, "params": {"cue_position": 10.0, "beta_rec": 0.7059424108680328, "beta_enc": 0.43816465493199663, "gamma_fc": 0.006893304325728766, "gamma_cf": 0.8834372445938936}, "datetime": {"delta": 67.569166, "elapsed": 20937.476374, "datetime": "2020-06-14 15:32:01"}}
{"target": 11.875, "params": {"cue_position": 10.0, "beta_rec": 0.6713315848022057, "beta_enc": 0.4006607364321346, "gamma_fc": 0.0006933062870067008, "gamma_cf": 0.8685518403248693}, "datetime": {"delta": 71.985786, "elapsed": 21009.46216, "datetime": "2020-06-14 15:33:13"}}
{"target": 10.0, "params": {"cue_position": 10.0, "beta_rec": 0.4057036316156407, "beta_enc": 0.4091049423411375, "gamma_fc": 0.055603946476872834, "gamma_cf": 0.9412124613967688}, "datetime": {"delta": 70.113466, "elapsed": 21079.575626, "datetime": "2020-06-14 15:34:23"}}
{"target": 10.375, "params": {"cue_position": 10.0, "beta_rec": 0.895942998173445, "beta_enc": 0.3906756431684302, "gamma_fc": 0.11488298414573372, "gamma_cf": 0.7574377109552258}, "datetime": {"delta": 72.358194, "elapsed": 21151.93382, "datetime": "2020-06-14 15:35:36"}}
{"target": 10.375, "params": {"cue_position": 10.0, "beta_rec": 0.02698518007112538, "beta_enc": 0.341911348228252, "gamma_fc": 0.02134799595667003, "gamma_cf": 0.7451501879559951}, "datetime": {"delta": 67.650523, "elapsed": 21219.584343, "datetime": "2020-06-14 15:36:43"}}
{"target": 10.125, "params": {"cue_position": 10.0, "beta_rec": 0.6660552121149785, "beta_enc": 0.19172396373860456, "gamma_fc": 0.12906917500395065, "gamma_cf": 0.9929926783093211}, "datetime": {"delta": 72.166344, "elapsed": 21291.750687, "datetime": "2020-06-14 15:37:56"}}
{"target": 8.875, "params": {"cue_position": 10.0, "beta_rec": 0.6740029135249462, "beta_enc": 0.1776934378647993, "gamma_fc": 0.13907864940973347, "gamma_cf": 0.993723096119517}, "datetime": {"delta": 67.877945, "elapsed": 21359.628632, "datetime": "2020-06-14 15:39:03"}}
{"target": 10.5, "params": {"cue_position": 10.0, "beta_rec": 0.6928898502547862, "beta_enc": 0.41249078242472714, "gamma_fc": 0.049316245228035016, "gamma_cf": 0.8619537135107067}, "datetime": {"delta": 71.515899, "elapsed": 21431.144531, "datetime": "2020-06-14 15:40:15"}}
{"target": 9.125, "params": {"cue_position": 10.0, "beta_rec": 0.6724507324518183, "beta_enc": 0.4186361971198943, "gamma_fc": 0.008574992700798312, "gamma_cf": 0.8671012369211474}, "datetime": {"delta": 65.90739, "elapsed": 21497.051921, "datetime": "2020-06-14 15:41:21"}}
{"target": 10.25, "params": {"cue_position": 10.0, "beta_rec": 0.414000996634886, "beta_enc": 0.4308123027891102, "gamma_fc": 0.048166290888504215, "gamma_cf": 0.9456438869013527}, "datetime": {"delta": 68.642072, "elapsed": 21565.693993, "datetime": "2020-06-14 15:42:29"}}
{"target": 11.0, "params": {"cue_position": 10.0, "beta_rec": 0.8640286107969373, "beta_enc": 0.8971060685301682, "gamma_fc": 0.7981171036924259, "gamma_cf": 0.035613809210996106}, "datetime": {"delta": 67.985607, "elapsed": 21633.6796, "datetime": "2020-06-14 15:43:37"}}
{"target": 10.125, "params": {"cue_position": 10.0, "beta_rec": 0.6257601344935868, "beta_enc": 0.4898753526275358, "gamma_fc": 0.29234426395096313, "gamma_cf": 0.9133170853823219}, "datetime": {"delta": 70.718994, "elapsed": 21704.398594, "datetime": "2020-06-14 15:44:48"}}
{"target": 9.375, "params": {"cue_position": 10.0, "beta_rec": 0.6233229988307898, "beta_enc": 0.4935508370678281, "gamma_fc": 0.2977890891428031, "gamma_cf": 0.9142795227936276}, "datetime": {"delta": 70.185906, "elapsed": 21774.5845, "datetime": "2020-06-14 15:45:58"}}
{"target": 10.625, "params": {"cue_position": 10.0, "beta_rec": 0.9279290429800314, "beta_enc": 0.24246663806986068, "gamma_fc": 0.010762690690765075, "gamma_cf": 0.9677324611503464}, "datetime": {"delta": 72.552661, "elapsed": 21847.137161, "datetime": "2020-06-14 15:47:11"}}
{"target": 10.75, "params": {"cue_position": 10.0, "beta_rec": 0.41767854746459854, "beta_enc": 0.43673430223861687, "gamma_fc": 0.08931689673690468, "gamma_cf": 0.9419149492465314}, "datetime": {"delta": 67.738966, "elapsed": 21914.876127, "datetime": "2020-06-14 15:48:19"}}
{"target": 9.0, "params": {"cue_position": 10.0, "beta_rec": 0.41832568248309177, "beta_enc": 0.5191693828007026, "gamma_fc": 0.1782385116902253, "gamma_cf": 0.9398587660031672}, "datetime": {"delta": 68.073071, "elapsed": 21982.949198, "datetime": "2020-06-14 15:49:27"}}
{"target": 9.5, "params": {"cue_position": 10.0, "beta_rec": 0.36309531809870266, "beta_enc": 0.550633975324943, "gamma_fc": 0.3851219193157043, "gamma_cf": 0.9546237556713739}, "datetime": {"delta": 68.741156, "elapsed": 22051.690354, "datetime": "2020-06-14 15:50:35"}}
{"target": 9.25, "params": {"cue_position": 10.0, "beta_rec": 0.9347299459036414, "beta_enc": 0.2756479179572272, "gamma_fc": 0.026655900964936863, "gamma_cf": 0.9795408079544825}, "datetime": {"delta": 57.343517, "elapsed": 22109.033871, "datetime": "2020-06-14 15:51:33"}}
{"target": 9.25, "params": {"cue_position": 10.0, "beta_rec": 0.46993219744074943, "beta_enc": 0.026109341384559552, "gamma_fc": 0.8877030279485226, "gamma_cf": 0.032606810900100404}, "datetime": {"delta": 54.165018, "elapsed": 22163.198889, "datetime": "2020-06-14 15:52:27"}}
{"target": 9.375, "params": {"cue_position": 10.0, "beta_rec": 0.8707311610047723, "beta_enc": 0.9074673685064575, "gamma_fc": 0.7992533931367227, "gamma_cf": 0.02844135708691853}, "datetime": {"delta": 60.615928, "elapsed": 22223.814817, "datetime": "2020-06-14 15:53:28"}}
{"target": 8.625, "params": {"cue_position": 10.0, "beta_rec": 0.6436610486380655, "beta_enc": 0.49405511352435694, "gamma_fc": 0.2901782831381434, "gamma_cf": 0.9087654521131425}, "datetime": {"delta": 65.962833, "elapsed": 22289.77765, "datetime": "2020-06-14 15:54:34"}}
{"target": 9.875, "params": {"cue_position": 10.0, "beta_rec": 0.8995564589848094, "beta_enc": 0.5352130570789978, "gamma_fc": 0.24311819246466104, "gamma_cf": 0.8690302794459349}, "datetime": {"delta": 68.122858, "elapsed": 22357.900508, "datetime": "2020-06-14 15:55:42"}}
{"target": 8.625, "params": {"cue_position": 10.0, "beta_rec": 0.6760166754373089, "beta_enc": 0.18944136458319105, "gamma_fc": 0.13100125914649774, "gamma_cf": 0.978802706277396}, "datetime": {"delta": 65.036847, "elapsed": 22422.937355, "datetime": "2020-06-14 15:56:47"}}
{"target": 10.375, "params": {"cue_position": 10.0, "beta_rec": 0.9615187936919555, "beta_enc": 0.8592216919653134, "gamma_fc": 0.094103076900653, "gamma_cf": 0.8370992924259524}, "datetime": {"delta": 65.584875, "elapsed": 22488.52223, "datetime": "2020-06-14 15:57:52"}}
