{"target": 9.195833333333333, "params": {"beta_enc": 0.4069219941293579, "cue_position": 0.0, "gamma_fc": 0.6363061258559836, "gamma_cf": 0.9824909449748953, "beta_rec": 0.9752223424373121}, "datetime": {"elapsed": 3358.993935, "datetime": "2020-07-13 11:15:43", "delta": 25.286535}}
{"target": 8.0625, "params": {"beta_enc": 0.375091018393911, "cue_position": 0.0, "gamma_fc": 0.7928556779768876, "gamma_cf": 0.25203308013083936, "beta_rec": 0.8574844990835966}, "datetime": {"elapsed": 3382.232738, "datetime": "2020-07-13 11:16:06", "delta": 23.238803}}
{"target": 7.270833333333333, "params": {"beta_enc": 0.43293850873416306, "cue_position": 0.0, "gamma_fc": 0.26865012390622656, "gamma_cf": 0.6973688756131394, "beta_rec": 0.3575111673304414}, "datetime": {"elapsed": 3403.964735, "datetime": "2020-07-13 11:16:28", "delta": 21.731997}}
{"target": 6.320833333333334, "params": {"beta_enc": 0.8082780137053801, "cue_position": 0.0, "gamma_fc": 0.8553564125953698, "gamma_cf": 0.4879214918052024, "beta_rec": 0.2952887943998478}, "datetime": {"elapsed": 3423.911023, "datetime": "2020-07-13 11:16:48", "delta": 19.946288}}
{"target": 4.258333333333334, "params": {"beta_enc": 0.8883864343953859, "cue_position": 0.0, "gamma_fc": 0.4461172190344297, "gamma_cf": 0.8982050460171371, "beta_rec": 0.18438444236776674}, "datetime": {"elapsed": 3440.010474, "datetime": "2020-07-13 11:17:04", "delta": 16.099451}}
{"target": 5.7625, "params": {"beta_enc": 0.9218683054838154, "cue_position": 0.0, "gamma_fc": 0.2282057333504841, "gamma_cf": 0.6824537097668154, "beta_rec": 0.2789908904569709}, "datetime": {"elapsed": 3458.888488, "datetime": "2020-07-13 11:17:23", "delta": 18.878014}}
{"target": 8.0375, "params": {"beta_enc": 0.013767512557716799, "cue_position": 0.0, "gamma_fc": 0.7797442954825999, "gamma_cf": 0.34302810983040655, "beta_rec": 0.4167239623706961}, "datetime": {"elapsed": 3482.050479, "datetime": "2020-07-13 11:17:46", "delta": 23.161991}}
{"target": 8.458333333333334, "params": {"beta_enc": 0.17473631282740743, "cue_position": 0.0, "gamma_fc": 0.6993076236968142, "gamma_cf": 0.716770814146376, "beta_rec": 0.34195283630245243}, "datetime": {"elapsed": 3505.943504, "datetime": "2020-07-13 11:18:10", "delta": 23.893025}}
{"target": 6.529166666666667, "params": {"beta_enc": 0.6884973179489188, "cue_position": 0.0, "gamma_fc": 0.4246491159313397, "gamma_cf": 0.22729754091594956, "beta_rec": 0.25339603448629966}, "datetime": {"elapsed": 3526.26071, "datetime": "2020-07-13 11:18:30", "delta": 20.317206}}
{"target": 7.45, "params": {"beta_enc": 0.37192212166768723, "cue_position": 0.0, "gamma_fc": 0.7073166026816995, "gamma_cf": 0.6316466268659396, "beta_rec": 0.3553079116201222}, "datetime": {"elapsed": 3548.283837, "datetime": "2020-07-13 11:18:52", "delta": 22.023127}}
{"target": 6.616666666666666, "params": {"beta_enc": 0.6135886945028356, "cue_position": 0.0, "gamma_fc": 0.5141750435258828, "gamma_cf": 0.14944679893886248, "beta_rec": 0.6483127561631246}, "datetime": {"elapsed": 3568.776586, "datetime": "2020-07-13 11:19:13", "delta": 20.492749}}
{"target": 6.029166666666667, "params": {"beta_enc": 0.8753327263545391, "cue_position": 0.0, "gamma_fc": 0.4972891859195163, "gamma_cf": 0.42893233402990294, "beta_rec": 0.18395344154722204}, "datetime": {"elapsed": 3588.189673, "datetime": "2020-07-13 11:19:32", "delta": 19.413087}}
{"target": 8.270833333333334, "params": {"beta_enc": 0.16151077048601192, "cue_position": 0.0, "gamma_fc": 0.8003322457764017, "gamma_cf": 0.844526943229479, "beta_rec": 0.34244064113481054}, "datetime": {"elapsed": 3611.778471, "datetime": "2020-07-13 11:19:56", "delta": 23.588798}}
{"target": 7.575, "params": {"beta_enc": 0.4266391582681436, "cue_position": 0.0, "gamma_fc": 0.29694708578690454, "gamma_cf": 0.5096132942175586, "beta_rec": 0.6070154607890389}, "datetime": {"elapsed": 3634.128725, "datetime": "2020-07-13 11:20:18", "delta": 22.350254}}
{"target": 6.470833333333333, "params": {"beta_enc": 0.8596509535692011, "cue_position": 0.0, "gamma_fc": 0.4705878794988857, "gamma_cf": 0.12475130006917923, "beta_rec": 0.6715983809063899}, "datetime": {"elapsed": 3654.444538, "datetime": "2020-07-13 11:20:38", "delta": 20.315813}}
{"target": 6.341666666666667, "params": {"beta_enc": 0.9865727795868815, "cue_position": 0.0, "gamma_fc": 0.639126848719905, "gamma_cf": 0.15172487103197363, "beta_rec": 0.9482991740726651}, "datetime": {"elapsed": 3674.507276, "datetime": "2020-07-13 11:20:58", "delta": 20.062738}}
{"target": 7.170833333333333, "params": {"beta_enc": 0.5656621125439275, "cue_position": 0.0, "gamma_fc": 0.8499698885159654, "gamma_cf": 0.5992697556580301, "beta_rec": 0.468665837661252}, "datetime": {"elapsed": 3696.10782, "datetime": "2020-07-13 11:21:20", "delta": 21.600544}}
{"target": 7.775, "params": {"beta_enc": 0.7511210403719374, "cue_position": 0.0, "gamma_fc": 0.9913465087318091, "gamma_cf": 0.06473998344154885, "beta_rec": 0.579360540297233}, "datetime": {"elapsed": 3718.816707, "datetime": "2020-07-13 11:21:43", "delta": 22.708887}}
{"target": 7.545833333333333, "params": {"beta_enc": 0.05299454266798953, "cue_position": 0.0, "gamma_fc": 0.6236704109977018, "gamma_cf": 0.10750887618516769, "beta_rec": 0.19949554613856135}, "datetime": {"elapsed": 3741.085365, "datetime": "2020-07-13 11:22:05", "delta": 22.268658}}
{"target": 8.354166666666666, "params": {"beta_enc": 0.047992564048867314, "cue_position": 0.0, "gamma_fc": 0.668456167589482, "gamma_cf": 0.7035193311050811, "beta_rec": 0.28462388100694214}, "datetime": {"elapsed": 3764.826144, "datetime": "2020-07-13 11:22:29", "delta": 23.740779}}
{"target": 7.245833333333334, "params": {"beta_enc": 0.3785805932506022, "cue_position": 0.0, "gamma_fc": 0.7953011674056428, "gamma_cf": 0.34037929076546725, "beta_rec": 0.1881942600298212}, "datetime": {"elapsed": 3786.492829, "datetime": "2020-07-13 11:22:50", "delta": 21.666685}}
{"target": 7.666666666666667, "params": {"beta_enc": 0.4879009391796203, "cue_position": 0.0, "gamma_fc": 0.3506565024321674, "gamma_cf": 0.6442320198790318, "beta_rec": 0.5256694443509794}, "datetime": {"elapsed": 3808.947193, "datetime": "2020-07-13 11:23:13", "delta": 22.454364}}
{"target": 8.083333333333334, "params": {"beta_enc": 0.2292050272920657, "cue_position": 0.0, "gamma_fc": 0.9794833541798064, "gamma_cf": 0.46978904008636024, "beta_rec": 0.4338833762117006}, "datetime": {"elapsed": 3832.206704, "datetime": "2020-07-13 11:23:36", "delta": 23.259511}}
{"target": 9.55, "params": {"beta_enc": 0.36437807036823044, "cue_position": 0.0, "gamma_fc": 0.354952851149572, "gamma_cf": 0.8891310891074828, "beta_rec": 0.7744101333360395}, "datetime": {"elapsed": 3858.147774, "datetime": "2020-07-13 11:24:02", "delta": 25.94107}}
{"target": 9.770833333333334, "params": {"beta_enc": 0.24551868018650747, "cue_position": 0.0, "gamma_fc": 0.5564069156709253, "gamma_cf": 0.9507534280610023, "beta_rec": 0.9110192396569683}, "datetime": {"elapsed": 3884.512523, "datetime": "2020-07-13 11:24:28", "delta": 26.364749}}
{"target": 7.8625, "params": {"beta_enc": 0.3763632166870875, "cue_position": 0.0, "gamma_fc": 0.03109707545554785, "gamma_cf": 0.5167063597676121, "beta_rec": 0.9950523223391111}, "datetime": {"elapsed": 3907.346276, "datetime": "2020-07-13 11:24:51", "delta": 22.833753}}
{"target": 4.583333333333333, "params": {"beta_enc": 0.5711757391862334, "cue_position": 0.0, "gamma_fc": 0.8749025512123809, "gamma_cf": 0.9809236757505815, "beta_rec": 0.18046850899511557}, "datetime": {"elapsed": 3924.051833, "datetime": "2020-07-13 11:25:08", "delta": 16.705557}}
{"target": 7.541666666666667, "params": {"beta_enc": 0.45183624942087064, "cue_position": 0.0, "gamma_fc": 0.5285334901775651, "gamma_cf": 0.4948430841825636, "beta_rec": 0.7084608700517172}, "datetime": {"elapsed": 3946.29244, "datetime": "2020-07-13 11:25:30", "delta": 22.240607}}
{"target": 8.925, "params": {"beta_enc": 0.1507843983721926, "cue_position": 0.0, "gamma_fc": 0.4770129944022632, "gamma_cf": 0.7268937533445626, "beta_rec": 0.36939992561190627}, "datetime": {"elapsed": 3971.073418, "datetime": "2020-07-13 11:25:55", "delta": 24.780978}}
{"target": 7.354166666666667, "params": {"beta_enc": 0.44887883670676554, "cue_position": 0.0, "gamma_fc": 0.26889202221264585, "gamma_cf": 0.4090908319168599, "beta_rec": 0.8859979711653513}, "datetime": {"elapsed": 3992.921022, "datetime": "2020-07-13 11:26:17", "delta": 21.847604}}
{"target": 7.283333333333333, "params": {"beta_enc": 0.07201203516976995, "cue_position": 0.0, "gamma_fc": 0.5035095098483965, "gamma_cf": 0.29115394055242805, "beta_rec": 0.4181361337253158}, "datetime": {"elapsed": 4014.698517, "datetime": "2020-07-13 11:26:39", "delta": 21.777495}}
{"target": 6.320833333333334, "params": {"beta_enc": 0.9659330650197223, "cue_position": 0.0, "gamma_fc": 0.777098229275783, "gamma_cf": 0.49993237109919997, "beta_rec": 0.10938291419358459}, "datetime": {"elapsed": 4034.640972, "datetime": "2020-07-13 11:26:59", "delta": 19.942455}}
{"target": 7.395833333333333, "params": {"beta_enc": 0.14360699787420927, "cue_position": 0.0, "gamma_fc": 0.1916757389098901, "gamma_cf": 0.7969622519799001, "beta_rec": 0.08320263643587555}, "datetime": {"elapsed": 4056.636945, "datetime": "2020-07-13 11:27:21", "delta": 21.995973}}
{"target": 6.5125, "params": {"beta_enc": 0.767777192147274, "cue_position": 0.0, "gamma_fc": 0.3986590599223787, "gamma_cf": 0.016715589077006432, "beta_rec": 0.2902979970618682}, "datetime": {"elapsed": 4076.952691, "datetime": "2020-07-13 11:27:41", "delta": 20.315746}}
{"target": 6.5125, "params": {"beta_enc": 0.38108149129345237, "cue_position": 0.0, "gamma_fc": 0.016575882900934147, "gamma_cf": 0.15260398704227185, "beta_rec": 0.6593449361953647}, "datetime": {"elapsed": 4097.263464, "datetime": "2020-07-13 11:28:01", "delta": 20.310773}}
{"target": 7.395833333333333, "params": {"beta_enc": 0.11379635644740682, "cue_position": 0.0, "gamma_fc": 0.5579119942437725, "gamma_cf": 0.32102631416731586, "beta_rec": 0.6517892760100904}, "datetime": {"elapsed": 4119.207475, "datetime": "2020-07-13 11:28:23", "delta": 21.944011}}
{"target": 6.170833333333333, "params": {"beta_enc": 0.9934604630998499, "cue_position": 0.0, "gamma_fc": 0.03972870668308481, "gamma_cf": 0.9182585891320579, "beta_rec": 0.8344865140180296}, "datetime": {"elapsed": 4138.862729, "datetime": "2020-07-13 11:28:43", "delta": 19.655254}}
{"target": 8.945833333333333, "params": {"beta_enc": 0.07033344161552524, "cue_position": 0.0, "gamma_fc": 0.48956496114516856, "gamma_cf": 0.9372520621284489, "beta_rec": 0.4740062899880546}, "datetime": {"elapsed": 4163.693565, "datetime": "2020-07-13 11:29:08", "delta": 24.830836}}
{"target": 8.445833333333333, "params": {"beta_enc": 0.5396491100933506, "cue_position": 0.0, "gamma_fc": 0.25358174937162836, "gamma_cf": 0.8770343892703519, "beta_rec": 0.8952603657312208}, "datetime": {"elapsed": 4187.599994, "datetime": "2020-07-13 11:29:32", "delta": 23.906429}}
{"target": 7.379166666666666, "params": {"beta_enc": 0.27380970415810857, "cue_position": 0.0, "gamma_fc": 0.6714291710812733, "gamma_cf": 0.22012867402698122, "beta_rec": 0.32836139008759013}, "datetime": {"elapsed": 4209.542835, "datetime": "2020-07-13 11:29:53", "delta": 21.942841}}
{"target": 8.141666666666667, "params": {"beta_enc": 0.1427932828030004, "cue_position": 0.0, "gamma_fc": 0.3860040110225955, "gamma_cf": 0.23686870355699852, "beta_rec": 0.09410027449963942}, "datetime": {"elapsed": 4232.967224, "datetime": "2020-07-13 11:30:17", "delta": 23.424389}}
{"target": 7.195833333333334, "params": {"beta_enc": 0.5715420927253323, "cue_position": 0.0, "gamma_fc": 0.9511356184186921, "gamma_cf": 0.8741259355980283, "beta_rec": 0.52580196995147}, "datetime": {"elapsed": 4254.546585, "datetime": "2020-07-13 11:30:38", "delta": 21.579361}}
{"target": 6.633333333333334, "params": {"beta_enc": 0.8125073041746718, "cue_position": 0.0, "gamma_fc": 0.5546673107876667, "gamma_cf": 0.3394167240176095, "beta_rec": 0.2838018349468743}, "datetime": {"elapsed": 4275.073479, "datetime": "2020-07-13 11:30:59", "delta": 20.526894}}
{"target": 6.575, "params": {"beta_enc": 0.9744034689130026, "cue_position": 0.0, "gamma_fc": 0.7744772660150796, "gamma_cf": 0.3259672073089859, "beta_rec": 0.3117029177189814}, "datetime": {"elapsed": 4295.496604, "datetime": "2020-07-13 11:31:19", "delta": 20.423125}}
{"target": 9.941666666666666, "params": {"beta_enc": 0.284750060175712, "cue_position": 0.0, "gamma_fc": 0.5227960761486474, "gamma_cf": 0.9366663935495803, "beta_rec": 0.8826923546743927}, "datetime": {"elapsed": 4329.168606, "datetime": "2020-07-13 11:31:53", "delta": 33.672002}}
{"target": 9.7875, "params": {"beta_enc": 0.29790515743038687, "cue_position": 0.0, "gamma_fc": 0.4571825988352732, "gamma_cf": 0.9611933936211194, "beta_rec": 0.8364634280287588}, "datetime": {"elapsed": 4361.664703, "datetime": "2020-07-13 11:32:26", "delta": 32.496097}}
{"target": 9.379166666666666, "params": {"beta_enc": 0.31304907623652317, "cue_position": 0.0, "gamma_fc": 0.5237763946269448, "gamma_cf": 0.9053900850423408, "beta_rec": 0.8933241214203375}, "datetime": {"elapsed": 4392.655191, "datetime": "2020-07-13 11:32:57", "delta": 30.990488}}
{"target": 9.604166666666666, "params": {"beta_enc": 0.2683041079361816, "cue_position": 0.0, "gamma_fc": 0.532665887275601, "gamma_cf": 0.9546128888126745, "beta_rec": 0.8699722368961952}, "datetime": {"elapsed": 4428.240596, "datetime": "2020-07-13 11:33:32", "delta": 35.585405}}
{"target": 9.575, "params": {"beta_enc": 0.27673778031237933, "cue_position": 0.0, "gamma_fc": 0.5103173954542127, "gamma_cf": 0.9401755091438146, "beta_rec": 0.8977489758460853}, "datetime": {"elapsed": 4475.885296, "datetime": "2020-07-13 11:34:20", "delta": 47.6447}}
{"target": 9.5625, "params": {"beta_enc": 0.2898091074568865, "cue_position": 0.0, "gamma_fc": 0.5302738105803634, "gamma_cf": 0.9331859527653679, "beta_rec": 0.8760574385305535}, "datetime": {"elapsed": 4542.120316, "datetime": "2020-07-13 11:35:26", "delta": 66.23502}}
{"target": 9.929166666666667, "params": {"beta_enc": 0.2835342789383738, "cue_position": 0.0, "gamma_fc": 0.515595612655715, "gamma_cf": 0.9401940652778842, "beta_rec": 0.8813308676621306}, "datetime": {"elapsed": 4607.762688, "datetime": "2020-07-13 11:36:32", "delta": 65.642372}}
{"target": 9.741666666666667, "params": {"beta_enc": 0.27996133595181655, "cue_position": 0.0, "gamma_fc": 0.5255242979696942, "gamma_cf": 0.9374181585829994, "beta_rec": 0.8891990716485928}, "datetime": {"elapsed": 4671.664435, "datetime": "2020-07-13 11:37:36", "delta": 63.901747}}
{"target": 9.675, "params": {"beta_enc": 0.2882327128865317, "cue_position": 0.0, "gamma_fc": 0.5171699655691919, "gamma_cf": 0.9344473940477555, "beta_rec": 0.8833654857819732}, "datetime": {"elapsed": 4734.731334, "datetime": "2020-07-13 11:38:39", "delta": 63.066899}}
{"target": 10.129166666666666, "params": {"beta_enc": 0.2819046665201949, "cue_position": 0.0, "gamma_fc": 0.5208325848101194, "gamma_cf": 0.9408079727392337, "beta_rec": 0.8805517516712936}, "datetime": {"elapsed": 4789.972468, "datetime": "2020-07-13 11:39:34", "delta": 55.241134}}
{"target": 9.741666666666667, "params": {"beta_enc": 0.2797213461234281, "cue_position": 0.0, "gamma_fc": 0.5224467343101533, "gamma_cf": 0.9433718955835237, "beta_rec": 0.8786161133098958}, "datetime": {"elapsed": 4840.875827, "datetime": "2020-07-13 11:40:25", "delta": 50.903359}}
{"target": 9.8, "params": {"beta_enc": 0.29937666540826635, "cue_position": 0.0, "gamma_fc": 0.5138397254535092, "gamma_cf": 0.9091804058024647, "beta_rec": 0.8859451391672029}, "datetime": {"elapsed": 4872.61331, "datetime": "2020-07-13 11:40:57", "delta": 31.737483}}
{"target": 9.0, "params": {"beta_enc": 0.3511877422392948, "cue_position": 0.0, "gamma_fc": 0.6307228767171521, "gamma_cf": 0.8287478608340764, "beta_rec": 0.8488041778960327}, "datetime": {"elapsed": 4903.192353, "datetime": "2020-07-13 11:41:27", "delta": 30.579043}}
{"target": 9.025, "params": {"beta_enc": 0.24974014403897912, "cue_position": 0.0, "gamma_fc": 0.15323867771876723, "gamma_cf": 0.8205225319092325, "beta_rec": 0.49565500187701966}, "datetime": {"elapsed": 4933.336668, "datetime": "2020-07-13 11:41:57", "delta": 30.144315}}
{"target": 9.858333333333333, "params": {"beta_enc": 0.23194767630288837, "cue_position": 0.0, "gamma_fc": 0.560370350185208, "gamma_cf": 0.955045004148594, "beta_rec": 0.8893964688350299}, "datetime": {"elapsed": 4965.991407, "datetime": "2020-07-13 11:42:30", "delta": 32.654739}}
{"target": 9.85, "params": {"beta_enc": 0.30912137934948336, "cue_position": 0.0, "gamma_fc": 0.5170115405500748, "gamma_cf": 0.8961592477534274, "beta_rec": 0.8789587309401121}, "datetime": {"elapsed": 4998.275668, "datetime": "2020-07-13 11:43:02", "delta": 32.284261}}
{"target": 9.029166666666667, "params": {"beta_enc": 0.18576570836037923, "cue_position": 0.0, "gamma_fc": 0.1851285256209763, "gamma_cf": 0.7924287139271641, "beta_rec": 0.561953356372162}, "datetime": {"elapsed": 5028.621352, "datetime": "2020-07-13 11:43:33", "delta": 30.345684}}
{"target": 9.979166666666666, "params": {"beta_enc": 0.30025481213460836, "cue_position": 0.0, "gamma_fc": 0.4745739623964571, "gamma_cf": 0.9554247477162344, "beta_rec": 0.8344617013444205}, "datetime": {"elapsed": 5060.680856, "datetime": "2020-07-13 11:44:05", "delta": 32.059504}}
{"target": 9.483333333333333, "params": {"beta_enc": 0.3053283033271168, "cue_position": 0.0, "gamma_fc": 0.5187846273035359, "gamma_cf": 0.9047100223602699, "beta_rec": 0.8807115669199266}, "datetime": {"elapsed": 5092.274212, "datetime": "2020-07-13 11:44:36", "delta": 31.593356}}
{"target": 9.883333333333333, "params": {"beta_enc": 0.2816025467244522, "cue_position": 0.0, "gamma_fc": 0.5201383502836924, "gamma_cf": 0.9397333665198107, "beta_rec": 0.8824805881358783}, "datetime": {"elapsed": 5124.247402, "datetime": "2020-07-13 11:45:08", "delta": 31.97319}}
{"target": 9.425, "params": {"beta_enc": 0.3085819756903866, "cue_position": 0.0, "gamma_fc": 0.5215319162590955, "gamma_cf": 0.8841450317842546, "beta_rec": 0.8939603117849771}, "datetime": {"elapsed": 5155.178245, "datetime": "2020-07-13 11:45:39", "delta": 30.930843}}
{"target": 9.870833333333334, "params": {"beta_enc": 0.3072121194628023, "cue_position": 0.0, "gamma_fc": 0.5156422964819268, "gamma_cf": 0.8955939069935586, "beta_rec": 0.8869709493913455}, "datetime": {"elapsed": 5187.275926, "datetime": "2020-07-13 11:46:11", "delta": 32.097681}}
{"target": 9.395833333333334, "params": {"beta_enc": 0.4192637907556421, "cue_position": 0.0, "gamma_fc": 0.028304563199302274, "gamma_cf": 0.8917936996013054, "beta_rec": 0.6846698702815589}, "datetime": {"elapsed": 5218.004799, "datetime": "2020-07-13 11:46:42", "delta": 30.728873}}
{"target": 9.595833333333333, "params": {"beta_enc": 0.6227762251871382, "cue_position": 0.0, "gamma_fc": 0.9374995281074288, "gamma_cf": 0.011730805904923147, "beta_rec": 0.0076789680026795315}, "datetime": {"elapsed": 5249.571649, "datetime": "2020-07-13 11:47:14", "delta": 31.56685}}
{"target": 9.533333333333333, "params": {"beta_enc": 0.624640132788778, "cue_position": 0.0, "gamma_fc": 0.9464735380765763, "gamma_cf": 0.008239600708806753, "beta_rec": 0.009925393305843135}, "datetime": {"elapsed": 5281.137402, "datetime": "2020-07-13 11:47:45", "delta": 31.565753}}
{"target": 9.375, "params": {"beta_enc": 0.2992291383059861, "cue_position": 0.0, "gamma_fc": 0.5163270623283992, "gamma_cf": 0.9039927535706974, "beta_rec": 0.8930505635357066}, "datetime": {"elapsed": 5312.438133, "datetime": "2020-07-13 11:48:16", "delta": 31.300731}}
{"target": 9.275, "params": {"beta_enc": 0.41297444771537495, "cue_position": 0.0, "gamma_fc": 0.027993814771228254, "gamma_cf": 0.8865012341657834, "beta_rec": 0.6755659302100485}, "datetime": {"elapsed": 5342.769428, "datetime": "2020-07-13 11:48:47", "delta": 30.331295}}
{"target": 9.745833333333334, "params": {"beta_enc": 0.3101175790541978, "cue_position": 0.0, "gamma_fc": 0.5068144750496755, "gamma_cf": 0.8934860266616158, "beta_rec": 0.8797330351214013}, "datetime": {"elapsed": 5374.667491, "datetime": "2020-07-13 11:49:19", "delta": 31.898063}}
{"target": 9.716666666666667, "params": {"beta_enc": 0.2832567048009941, "cue_position": 0.0, "gamma_fc": 0.5208783856491668, "gamma_cf": 0.940709598970512, "beta_rec": 0.8795704804322543}, "datetime": {"elapsed": 5406.807064, "datetime": "2020-07-13 11:49:51", "delta": 32.139573}}
{"target": 10.0625, "params": {"beta_enc": 0.25279288156560475, "cue_position": 0.0, "gamma_fc": 0.5425180596054043, "gamma_cf": 0.9607593887104438, "beta_rec": 0.9112736972805685}, "datetime": {"elapsed": 5438.207558, "datetime": "2020-07-13 11:50:22", "delta": 31.400494}}
{"target": 9.208333333333334, "params": {"beta_enc": 0.06639677195229775, "cue_position": 0.0, "gamma_fc": 0.1838229653001512, "gamma_cf": 0.9857221755564589, "beta_rec": 0.3845837788021943}, "datetime": {"elapsed": 5467.936556, "datetime": "2020-07-13 11:50:52", "delta": 29.728998}}
{"target": 9.920833333333333, "params": {"beta_enc": 0.2997119952798938, "cue_position": 0.0, "gamma_fc": 0.47055729640837424, "gamma_cf": 0.9567570220650033, "beta_rec": 0.8349243314659374}, "datetime": {"elapsed": 5499.135327, "datetime": "2020-07-13 11:51:23", "delta": 31.198771}}
{"target": 9.679166666666667, "params": {"beta_enc": 0.30849398073001877, "cue_position": 0.0, "gamma_fc": 0.5127498676350983, "gamma_cf": 0.8966079770124963, "beta_rec": 0.8818577860351}, "datetime": {"elapsed": 5530.04233, "datetime": "2020-07-13 11:51:54", "delta": 30.907003}}
{"target": 9.904166666666667, "params": {"beta_enc": 0.29125735749387704, "cue_position": 0.0, "gamma_fc": 0.510546713557557, "gamma_cf": 0.931914586552632, "beta_rec": 0.8698709117554803}, "datetime": {"elapsed": 5561.051678, "datetime": "2020-07-13 11:52:25", "delta": 31.009348}}
