{"target": 8.625, "params": {"cue_position": 10.0, "beta_rec": 0.7203244934421581, "beta_enc": 0.417022004702574, "gamma_fc": 0.14675589081711304, "gamma_cf": 0.30233257263183977}, "datetime": {"delta": 0.0, "elapsed": 0.0, "datetime": "2020-06-14 09:43:04"}}
{"target": 8.625, "params": {"cue_position": 10.0, "beta_rec": 0.1862602113776709, "beta_enc": 0.0923385947687978, "gamma_fc": 0.538816734003357, "gamma_cf": 0.39676747423066994}, "datetime": {"delta": 0.360985, "elapsed": 0.360985, "datetime": "2020-06-14 09:43:04"}}
{"target": 9.75, "params": {"cue_position": 10.0, "beta_rec": 0.6852195003967595, "beta_enc": 0.4191945144032948, "gamma_fc": 0.027387593197926163, "gamma_cf": 0.8781174363909454}, "datetime": {"delta": 0.381, "elapsed": 0.741985, "datetime": "2020-06-14 09:43:05"}}
{"target": 7.125, "params": {"cue_position": 10.0, "beta_rec": 0.41730480236712697, "beta_enc": 0.6704675101784022, "gamma_fc": 0.1981014890848788, "gamma_cf": 0.14038693859523377}, "datetime": {"delta": 0.330058, "elapsed": 1.072043, "datetime": "2020-06-14 09:43:05"}}
{"target": 5.625, "params": {"cue_position": 10.0, "beta_rec": 0.9682615757193975, "beta_enc": 0.8007445686755367, "gamma_fc": 0.8763891522960383, "gamma_cf": 0.6923226156693141}, "datetime": {"delta": 0.29337, "elapsed": 1.365413, "datetime": "2020-06-14 09:43:05"}}
{"target": 7.25, "params": {"cue_position": 10.0, "beta_rec": 0.08504421136977791, "beta_enc": 0.8946066635038473, "gamma_fc": 0.8781425034294131, "gamma_cf": 0.1698304195645689}, "datetime": {"delta": 0.327553, "elapsed": 1.692966, "datetime": "2020-06-14 09:43:05"}}
{"target": 6.25, "params": {"cue_position": 10.0, "beta_rec": 0.42110762500505217, "beta_enc": 0.0983468338330501, "gamma_fc": 0.6918771139504734, "gamma_cf": 0.5331652849730171}, "datetime": {"delta": 0.306989, "elapsed": 1.999955, "datetime": "2020-06-14 09:43:06"}}
{"target": 8.75, "params": {"cue_position": 10.0, "beta_rec": 0.6865009276815837, "beta_enc": 0.31551563100606295, "gamma_fc": 0.7501443149449675, "gamma_cf": 0.018288277344191806}, "datetime": {"delta": 0.360279, "elapsed": 2.360234, "datetime": "2020-06-14 09:43:06"}}
{"target": 7.25, "params": {"cue_position": 10.0, "beta_rec": 0.7481656543798394, "beta_enc": 0.9888610889064947, "gamma_fc": 0.10322600657764203, "gamma_cf": 0.7892793284514885}, "datetime": {"delta": 0.32812, "elapsed": 2.688354, "datetime": "2020-06-14 09:43:06"}}
{"target": 10.25, "params": {"cue_position": 10.0, "beta_rec": 0.9085955030930956, "beta_enc": 0.44789352617590517, "gamma_fc": 0.13002857211827767, "gamma_cf": 0.28777533858634874}, "datetime": {"delta": 0.396451, "elapsed": 3.084805, "datetime": "2020-06-14 09:43:07"}}
{"target": 7.5, "params": {"cue_position": 10.0, "beta_rec": 0.678835532939891, "beta_enc": 0.019366957870297075, "gamma_fc": 0.4915731592803383, "gamma_cf": 0.2655466593722262}, "datetime": {"delta": 0.335101, "elapsed": 3.419906, "datetime": "2020-06-14 09:43:07"}}
{"target": 6.625, "params": {"cue_position": 10.0, "beta_rec": 0.5741176054920131, "beta_enc": 0.053362545117080384, "gamma_fc": 0.6997583600209312, "gamma_cf": 0.5893055369032842}, "datetime": {"delta": 0.314148, "elapsed": 3.734054, "datetime": "2020-06-14 09:43:08"}}
{"target": 7.75, "params": {"cue_position": 10.0, "beta_rec": 0.4140559878195683, "beta_enc": 0.10233442882782584, "gamma_fc": 0.04995345894608716, "gamma_cf": 0.41417926952690265}, "datetime": {"delta": 0.337095, "elapsed": 4.071149, "datetime": "2020-06-14 09:43:08"}}
{"target": 8.375, "params": {"cue_position": 10.0, "beta_rec": 0.6637946452197888, "beta_enc": 0.5358964059155116, "gamma_fc": 0.5865550405019929, "gamma_cf": 0.9445947559908133}, "datetime": {"delta": 0.352184, "elapsed": 4.423333, "datetime": "2020-06-14 09:43:08"}}
{"target": 5.25, "params": {"cue_position": 10.0, "beta_rec": 0.13747470414623753, "beta_enc": 0.9034019152878835, "gamma_fc": 0.3976768369855336, "gamma_cf": 0.8073912887095238}, "datetime": {"delta": 0.284751, "elapsed": 4.708084, "datetime": "2020-06-14 09:43:08"}}
{"target": 7.5, "params": {"cue_position": 10.0, "beta_rec": 0.9275085803960339, "beta_enc": 0.16535419711693278, "gamma_fc": 0.7259979853504515, "gamma_cf": 0.7508121031361555}, "datetime": {"delta": 0.334325, "elapsed": 5.042409, "datetime": "2020-06-14 09:43:09"}}
{"target": 6.75, "params": {"cue_position": 10.0, "beta_rec": 0.6236722070556089, "beta_enc": 0.8833060912058098, "gamma_fc": 0.2699278917650261, "gamma_cf": 0.34889834197784253}, "datetime": {"delta": 0.31932, "elapsed": 5.361729, "datetime": "2020-06-14 09:43:09"}}
{"target": 5.75, "params": {"cue_position": 10.0, "beta_rec": 0.4280911898712949, "beta_enc": 0.8958862181960668, "gamma_fc": 0.6216957202091218, "gamma_cf": 0.6634414978184481}, "datetime": {"delta": 0.296141, "elapsed": 5.65787, "datetime": "2020-06-14 09:43:09"}}
{"target": 8.375, "params": {"cue_position": 10.0, "beta_rec": 0.9494892587070712, "beta_enc": 0.11474597295337519, "gamma_fc": 0.40813680276128117, "gamma_cf": 0.5783896143871318}, "datetime": {"delta": 0.353264, "elapsed": 6.011134, "datetime": "2020-06-14 09:43:10"}}
{"target": 7.25, "params": {"cue_position": 10.0, "beta_rec": 0.9033795205622538, "beta_enc": 0.2370269802430277, "gamma_fc": 0.6171449136207239, "gamma_cf": 0.00287032703115897}, "datetime": {"delta": 0.328919, "elapsed": 6.340053, "datetime": "2020-06-14 09:43:10"}}
{"target": 7.75, "params": {"cue_position": 10.0, "beta_rec": 0.5270581022576093, "beta_enc": 0.32664490177209615, "gamma_fc": 0.9085351509197992, "gamma_cf": 0.35726976000249977}, "datetime": {"delta": 0.337422, "elapsed": 6.677475, "datetime": "2020-06-14 09:43:10"}}
{"target": 9.25, "params": {"cue_position": 10.0, "beta_rec": 0.015821242846556283, "beta_enc": 0.6233601157918027, "gamma_fc": 0.9973228504514805, "gamma_cf": 0.690896917516924}, "datetime": {"delta": 0.374927, "elapsed": 7.052402, "datetime": "2020-06-14 09:43:11"}}
{"target": 9.125, "params": {"cue_position": 10.0, "beta_rec": 0.13713574962887776, "beta_enc": 0.17234050834532855, "gamma_fc": 0.06600017272206249, "gamma_cf": 0.6968181614899002}, "datetime": {"delta": 0.369178, "elapsed": 7.42158, "datetime": "2020-06-14 09:43:11"}}
{"target": 7.375, "params": {"cue_position": 10.0, "beta_rec": 0.7538761884612464, "beta_enc": 0.7554630526024664, "gamma_fc": 0.1242709619721647, "gamma_cf": 0.7115247586284718}, "datetime": {"delta": 0.330551, "elapsed": 7.752131, "datetime": "2020-06-14 09:43:12"}}
{"target": 8.0, "params": {"cue_position": 10.0, "beta_rec": 0.026210986877719278, "beta_enc": 0.01988013383979559, "gamma_fc": 0.860027948682888, "gamma_cf": 0.2462110676030459}, "datetime": {"delta": 0.347127, "elapsed": 8.099258, "datetime": "2020-06-14 09:43:12"}}
{"target": 7.125, "params": {"cue_position": 10.0, "beta_rec": 0.5528219786857659, "beta_enc": 0.5388310643416528, "gamma_fc": 0.2791836790111395, "gamma_cf": 0.12417331511991114}, "datetime": {"delta": 0.325805, "elapsed": 8.425063, "datetime": "2020-06-14 09:43:12"}}
{"target": 7.75, "params": {"cue_position": 10.0, "beta_rec": 0.9695957483196745, "beta_enc": 0.5857592714582879, "gamma_fc": 0.8006326726806163, "gamma_cf": 0.01864728937294302}, "datetime": {"delta": 0.337925, "elapsed": 8.762988, "datetime": "2020-06-14 09:43:13"}}
{"target": 7.625, "params": {"cue_position": 10.0, "beta_rec": 0.8071051956187791, "beta_enc": 0.23297427384102043, "gamma_fc": 0.7471216427371846, "gamma_cf": 0.8635418545594287}, "datetime": {"delta": 0.336311, "elapsed": 9.099299, "datetime": "2020-06-14 09:43:13"}}
{"target": 7.0, "params": {"cue_position": 10.0, "beta_rec": 0.13645522566068502, "beta_enc": 0.5562402339904189, "gamma_fc": 0.044551878544761725, "gamma_cf": 0.12134345574073735}, "datetime": {"delta": 0.322599, "elapsed": 9.421898, "datetime": "2020-06-14 09:43:13"}}
{"target": 8.625, "params": {"cue_position": 10.0, "beta_rec": 0.2257093386078547, "beta_enc": 0.1074941291060929, "gamma_fc": 0.012555980159115854, "gamma_cf": 0.5597169820541424}, "datetime": {"delta": 0.357702, "elapsed": 9.7796, "datetime": "2020-06-14 09:43:14"}}
{"target": 8.0, "params": {"cue_position": 10.0, "beta_rec": 0.967276330000272, "beta_enc": 0.07197427968948678, "gamma_fc": 0.2523257445703234, "gamma_cf": 0.20329323466099047}, "datetime": {"delta": 0.347388, "elapsed": 10.126988, "datetime": "2020-06-14 09:43:14"}}
{"target": 6.5, "params": {"cue_position": 10.0, "beta_rec": 0.1954294811093188, "beta_enc": 0.7438258540750929, "gamma_fc": 0.8468288014900353, "gamma_cf": 0.9700199890883123}, "datetime": {"delta": 0.310896, "elapsed": 10.437884, "datetime": "2020-06-14 09:43:14"}}
{"target": 8.75, "params": {"cue_position": 10.0, "beta_rec": 0.49376971426872995, "beta_enc": 0.23984775914758616, "gamma_fc": 0.15679139464608427, "gamma_cf": 0.8289808995501787}, "datetime": {"delta": 0.360129, "elapsed": 10.798013, "datetime": "2020-06-14 09:43:15"}}
{"target": 9.5, "params": {"cue_position": 10.0, "beta_rec": 0.07002214371922233, "beta_enc": 0.018576202177409518, "gamma_fc": 0.5688514370864813, "gamma_cf": 0.6063294616533303}, "datetime": {"delta": 0.375317, "elapsed": 11.17333, "datetime": "2020-06-14 09:43:15"}}
{"target": 9.25, "params": {"cue_position": 10.0, "beta_rec": 0.9886161544124489, "beta_enc": 0.31736240932216075, "gamma_fc": 0.5509482191178968, "gamma_cf": 0.3801411726235504}, "datetime": {"delta": 0.369243, "elapsed": 11.542573, "datetime": "2020-06-14 09:43:15"}}
{"target": 8.25, "params": {"cue_position": 10.0, "beta_rec": 0.6692328934531846, "beta_enc": 0.7453344309065021, "gamma_fc": 0.3700841979141063, "gamma_cf": 0.06633483442844157}, "datetime": {"delta": 0.349475, "elapsed": 11.892048, "datetime": "2020-06-14 09:43:16"}}
{"target": 9.75, "params": {"cue_position": 10.0, "beta_rec": 0.2101740099148396, "beta_enc": 0.6297175070215645, "gamma_fc": 0.26031509857854096, "gamma_cf": 0.06653648135411494}, "datetime": {"delta": 0.379743, "elapsed": 12.271791, "datetime": "2020-06-14 09:43:16"}}
{"target": 8.75, "params": {"cue_position": 10.0, "beta_rec": 0.19343428262332774, "beta_enc": 0.8047545637433454, "gamma_fc": 0.9248079703993507, "gamma_cf": 0.5246703091237337}, "datetime": {"delta": 0.359135, "elapsed": 12.630926, "datetime": "2020-06-14 09:43:16"}}
{"target": 7.375, "params": {"cue_position": 10.0, "beta_rec": 0.06596109068402378, "beta_enc": 0.263296770487111, "gamma_fc": 0.907815852503524, "gamma_cf": 0.7721780295432468}, "datetime": {"delta": 0.328889, "elapsed": 12.959815, "datetime": "2020-06-14 09:43:17"}}
{"target": 5.375, "params": {"cue_position": 10.0, "beta_rec": 0.013951572975597015, "beta_enc": 0.9319720691968373, "gamma_fc": 0.9490163206876164, "gamma_cf": 0.6167783570016576}, "datetime": {"delta": 0.289611, "elapsed": 13.249426, "datetime": "2020-06-14 09:43:17"}}
{"target": 5.375, "params": {"cue_position": 10.0, "beta_rec": 0.5566531881951564, "beta_enc": 0.9501761192470797, "gamma_fc": 0.39000771414124624, "gamma_cf": 0.6415662089463375}, "datetime": {"delta": 0.292585, "elapsed": 13.542011, "datetime": "2020-06-14 09:43:17"}}
{"target": 7.5, "params": {"cue_position": 10.0, "beta_rec": 0.6043104829199732, "beta_enc": 0.48599066709690975, "gamma_fc": 0.9187334356336061, "gamma_cf": 0.9261814267064536}, "datetime": {"delta": 0.334218, "elapsed": 13.876229, "datetime": "2020-06-14 09:43:18"}}
{"target": 6.75, "params": {"cue_position": 10.0, "beta_rec": 0.9632625284407118, "beta_enc": 0.3948756129235549, "gamma_fc": 0.13507915804673132, "gamma_cf": 0.12632951943963733}, "datetime": {"delta": 0.315877, "elapsed": 14.192106, "datetime": "2020-06-14 09:43:18"}}
{"target": 9.5, "params": {"cue_position": 10.0, "beta_rec": 0.021524805274197978, "beta_enc": 0.5056621656768967, "gamma_fc": 0.015018980742122379, "gamma_cf": 0.8271154711707325}, "datetime": {"delta": 0.374578, "elapsed": 14.566684, "datetime": "2020-06-14 09:43:18"}}
{"target": 8.25, "params": {"cue_position": 10.0, "beta_rec": 0.332063574366837, "beta_enc": 0.17619625557505525, "gamma_fc": 0.34473665268329345, "gamma_cf": 0.8094906921265821}, "datetime": {"delta": 0.350691, "elapsed": 14.917375, "datetime": "2020-06-14 09:43:19"}}
{"target": 5.0, "params": {"cue_position": 10.0, "beta_rec": 0.58201417994708, "beta_enc": 0.9401074823333672, "gamma_fc": 0.9053923187086492, "gamma_cf": 0.8447344453922219}, "datetime": {"delta": 0.28062, "elapsed": 15.197995, "datetime": "2020-06-14 09:43:19"}}
{"target": 9.375, "params": {"cue_position": 10.0, "beta_rec": 0.5463468160203733, "beta_enc": 0.45988026581680697, "gamma_fc": 0.4902535226199277, "gamma_cf": 0.28571885173414757}, "datetime": {"delta": 0.378848, "elapsed": 15.576843, "datetime": "2020-06-14 09:43:19"}}
{"target": 9.375, "params": {"cue_position": 10.0, "beta_rec": 0.015533275550835723, "beta_enc": 0.5991103076458784, "gamma_fc": 0.8073605288848414, "gamma_cf": 0.4336763489894583}, "datetime": {"delta": 0.371909, "elapsed": 15.948752, "datetime": "2020-06-14 09:43:20"}}
{"target": 8.0, "params": {"cue_position": 10.0, "beta_rec": 0.8928887085251513, "beta_enc": 0.31524480309537295, "gamma_fc": 0.7879292338255043, "gamma_cf": 0.18401020162746506}, "datetime": {"delta": 0.343727, "elapsed": 16.292479, "datetime": "2020-06-14 09:43:20"}}
{"target": 8.625, "params": {"cue_position": 10.0, "beta_rec": 0.053909272073752956, "beta_enc": 0.6120311770449339, "gamma_fc": 0.9186017779775258, "gamma_cf": 0.6790688365654296}, "datetime": {"delta": 0.357545, "elapsed": 16.650024, "datetime": "2020-06-14 09:43:20"}}
{"target": 8.25, "params": {"cue_position": 10.0, "beta_rec": 0.9767591490310596, "beta_enc": 0.00040202489135743313, "gamma_fc": 0.604716100974053, "gamma_cf": 0.9737835383583225}, "datetime": {"delta": 0.353087, "elapsed": 17.003111, "datetime": "2020-06-14 09:43:21"}}
{"target": 7.875, "params": {"cue_position": 10.0, "beta_rec": 0.5747115047081023, "beta_enc": 0.828845807980693, "gamma_fc": 0.586833340656083, "gamma_cf": 0.28557628169569393}, "datetime": {"delta": 0.343855, "elapsed": 17.346966, "datetime": "2020-06-14 09:43:21"}}
{"target": 7.5, "params": {"cue_position": 10.0, "beta_rec": 0.8583138364290424, "beta_enc": 0.7500217637026599, "gamma_fc": 0.8644794300545998, "gamma_cf": 0.698057248447303}, "datetime": {"delta": 0.334206, "elapsed": 17.681172, "datetime": "2020-06-14 09:43:21"}}
{"target": 8.375, "params": {"cue_position": 10.0, "beta_rec": 0.6707887907875872, "beta_enc": 0.32268099683674645, "gamma_fc": 0.4108113499221856, "gamma_cf": 0.3821027520315172}, "datetime": {"delta": 0.352886, "elapsed": 18.034058, "datetime": "2020-06-14 09:43:22"}}
{"target": 9.5, "params": {"cue_position": 10.0, "beta_rec": 0.3173839459582769, "beta_enc": 0.4014795834695406, "gamma_fc": 0.9738020779272523, "gamma_cf": 0.43024727082126435}, "datetime": {"delta": 0.377634, "elapsed": 18.411692, "datetime": "2020-06-14 09:43:22"}}
{"target": 6.875, "params": {"cue_position": 10.0, "beta_rec": 0.19856988842711087, "beta_enc": 0.6778008914343111, "gamma_fc": 0.7976388039585666, "gamma_cf": 0.343346239774423}, "datetime": {"delta": 0.319905, "elapsed": 18.731597, "datetime": "2020-06-14 09:43:22"}}
{"target": 6.625, "params": {"cue_position": 10.0, "beta_rec": 0.903841955826372, "beta_enc": 0.8799982885634318, "gamma_fc": 0.25236670150458973, "gamma_cf": 0.2702082620297578}, "datetime": {"delta": 0.317291, "elapsed": 19.048888, "datetime": "2020-06-14 09:43:23"}}
{"target": 7.0, "params": {"cue_position": 10.0, "beta_rec": 0.5277146463087466, "beta_enc": 0.8548979426974024, "gamma_fc": 0.7331425252875111, "gamma_cf": 0.5724885171916063}, "datetime": {"delta": 0.325261, "elapsed": 19.374149, "datetime": "2020-06-14 09:43:23"}}
{"target": 7.875, "params": {"cue_position": 10.0, "beta_rec": 0.770883910501888, "beta_enc": 0.5190116274640558, "gamma_fc": 0.3426889079532818, "gamma_cf": 0.4657098785919809}, "datetime": {"delta": 0.343074, "elapsed": 19.717223, "datetime": "2020-06-14 09:43:23"}}
{"target": 8.125, "params": {"cue_position": 10.0, "beta_rec": 0.37792417932809985, "beta_enc": 0.06820934841670412, "gamma_fc": 0.18161285133076377, "gamma_cf": 0.982817113730445}, "datetime": {"delta": 0.349143, "elapsed": 20.066366, "datetime": "2020-06-14 09:43:24"}}
{"target": 8.5, "params": {"cue_position": 10.0, "beta_rec": 0.8749616449558981, "beta_enc": 0.8118586977205398, "gamma_fc": 0.16097143681560877, "gamma_cf": 0.5694944127453757}, "datetime": {"delta": 0.353723, "elapsed": 20.420089, "datetime": "2020-06-14 09:43:24"}}
{"target": 8.25, "params": {"cue_position": 10.0, "beta_rec": 0.345172051155215, "beta_enc": 0.4668800227633063, "gamma_fc": 0.31226983770191696, "gamma_cf": 0.5925118687657968}, "datetime": {"delta": 0.350575, "elapsed": 20.770664, "datetime": "2020-06-14 09:43:25"}}
{"target": 5.875, "params": {"cue_position": 10.0, "beta_rec": 0.9096355249515571, "beta_enc": 0.9163055534683507, "gamma_fc": 0.19296273201911285, "gamma_cf": 0.1108913007440292}, "datetime": {"delta": 0.298634, "elapsed": 21.069298, "datetime": "2020-06-14 09:43:25"}}
{"target": 7.5, "params": {"cue_position": 10.0, "beta_rec": 0.7285856679745962, "beta_enc": 0.49958417067888605, "gamma_fc": 0.851671874936367, "gamma_cf": 0.24803355837723073}, "datetime": {"delta": 0.331515, "elapsed": 21.400813, "datetime": "2020-06-14 09:43:25"}}
{"target": 8.0, "params": {"cue_position": 10.0, "beta_rec": 0.6166850671552362, "beta_enc": 0.41584871826752734, "gamma_fc": 0.5158570169685298, "gamma_cf": 0.10196725942579743}, "datetime": {"delta": 0.344458, "elapsed": 21.745271, "datetime": "2020-06-14 09:43:26"}}
{"target": 9.375, "params": {"cue_position": 10.0, "beta_rec": 0.15267164409316325, "beta_enc": 0.47714098704978236, "gamma_fc": 0.6541373469707443, "gamma_cf": 0.5440101188139381}, "datetime": {"delta": 0.37463, "elapsed": 22.119901, "datetime": "2020-06-14 09:43:26"}}
{"target": 8.5, "params": {"cue_position": 10.0, "beta_rec": 0.7515278171352439, "beta_enc": 0.1445455401246598, "gamma_fc": 0.7852960282216189, "gamma_cf": 0.519351824366033}, "datetime": {"delta": 0.357453, "elapsed": 22.477354, "datetime": "2020-06-14 09:43:26"}}
{"target": 6.875, "params": {"cue_position": 10.0, "beta_rec": 0.3243624597261865, "beta_enc": 0.02233042799180618, "gamma_fc": 0.5384405925945437, "gamma_cf": 0.8447096076020696}, "datetime": {"delta": 0.318421, "elapsed": 22.795775, "datetime": "2020-06-14 09:43:27"}}
{"target": 10.125, "params": {"cue_position": 10.0, "beta_rec": 0.9498059913536265, "beta_enc": 0.866608274166513, "gamma_fc": 0.09874340182034835, "gamma_cf": 0.8541154438365387}, "datetime": {"delta": 0.388984, "elapsed": 23.184759, "datetime": "2020-06-14 09:43:27"}}
{"target": 9.25, "params": {"cue_position": 10.0, "beta_rec": 0.703516988152653, "beta_enc": 0.651304332340991, "gamma_fc": 0.03457121987163425, "gamma_cf": 0.799615261736028}, "datetime": {"delta": 0.37079, "elapsed": 23.555549, "datetime": "2020-06-14 09:43:27"}}
{"target": 7.625, "params": {"cue_position": 10.0, "beta_rec": 0.731728600739527, "beta_enc": 0.7702387345549799, "gamma_fc": 0.6323033174301278, "gamma_cf": 0.2570692988221467}, "datetime": {"delta": 0.33837, "elapsed": 23.893919, "datetime": "2020-06-14 09:43:28"}}
{"target": 7.875, "params": {"cue_position": 10.0, "beta_rec": 0.7965886780072875, "beta_enc": 0.34529746159108154, "gamma_fc": 0.9904717836238407, "gamma_cf": 0.7827494147841719}, "datetime": {"delta": 0.344963, "elapsed": 24.238882, "datetime": "2020-06-14 09:43:28"}}
{"target": 9.625, "params": {"cue_position": 10.0, "beta_rec": 0.14300582825809938, "beta_enc": 0.30024833953390007, "gamma_fc": 0.9747403708550822, "gamma_cf": 0.5415593788873733}, "datetime": {"delta": 0.384195, "elapsed": 24.623077, "datetime": "2020-06-14 09:43:28"}}
{"target": 8.375, "params": {"cue_position": 10.0, "beta_rec": 0.9939130246104789, "beta_enc": 0.6366044000018972, "gamma_fc": 0.1354279030721699, "gamma_cf": 0.5264259339055213}, "datetime": {"delta": 0.35361, "elapsed": 24.976687, "datetime": "2020-06-14 09:43:29"}}
{"target": 9.5, "params": {"cue_position": 10.0, "beta_rec": 0.026218567296373285, "beta_enc": 0.3557051709838811, "gamma_fc": 0.03039968992878883, "gamma_cf": 0.7456371927074961}, "datetime": {"delta": 0.377948, "elapsed": 25.354635, "datetime": "2020-06-14 09:43:29"}}
{"target": 8.75, "params": {"cue_position": 10.0, "beta_rec": 0.8623462528380441, "beta_enc": 0.36654309724374434, "gamma_fc": 0.18863680095531088, "gamma_cf": 0.6909421420661686}, "datetime": {"delta": 0.359951, "elapsed": 25.714586, "datetime": "2020-06-14 09:43:29"}}
{"target": 8.0, "params": {"cue_position": 10.0, "beta_rec": 0.5815774073442912, "beta_enc": 0.44190428074842336, "gamma_fc": 0.24773290176235485, "gamma_cf": 0.20390622523312185}, "datetime": {"delta": 0.345189, "elapsed": 26.059775, "datetime": "2020-06-14 09:43:30"}}
{"target": 7.375, "params": {"cue_position": 10.0, "beta_rec": 0.7501724132979928, "beta_enc": 0.26217308377291193, "gamma_fc": 0.5085162406102396, "gamma_cf": 0.05692943841109499}, "datetime": {"delta": 0.332282, "elapsed": 26.392057, "datetime": "2020-06-14 09:43:30"}}
{"target": 8.0, "params": {"cue_position": 10.0, "beta_rec": 0.7986042447602102, "beta_enc": 0.21196016464367595, "gamma_fc": 0.593432449464621, "gamma_cf": 0.02760601195450363}, "datetime": {"delta": 0.345768, "elapsed": 26.737825, "datetime": "2020-06-14 09:43:31"}}
{"target": 9.625, "params": {"cue_position": 10.0, "beta_rec": 0.3810161240622142, "beta_enc": 0.8438404289311888, "gamma_fc": 0.5409518049621886, "gamma_cf": 0.5111414782971282}, "datetime": {"delta": 0.379804, "elapsed": 27.117629, "datetime": "2020-06-14 09:43:31"}}
{"target": 6.625, "params": {"cue_position": 10.0, "beta_rec": 0.8039608914986468, "beta_enc": 0.9594343210617524, "gamma_fc": 0.46500148156350607, "gamma_cf": 0.7093872512312951}, "datetime": {"delta": 0.31732, "elapsed": 27.434949, "datetime": "2020-06-14 09:43:31"}}
