{"target": 8.345833333333333, "params": {"cue_position": 8.0, "beta_rec": 0.9752223424373121, "gamma_fc": 0.6363061258559836, "gamma_cf": 0.9824909449748953, "beta_enc": 0.4069219941293579}, "datetime": {"delta": 8.569234, "elapsed": 1285.769955, "datetime": "2020-06-21 18:27:31"}}
{"target": 8.1375, "params": {"cue_position": 8.0, "beta_rec": 0.8574844990835966, "gamma_fc": 0.7928556779768876, "gamma_cf": 0.25203308013083936, "beta_enc": 0.375091018393911}, "datetime": {"delta": 8.446261, "elapsed": 1294.216216, "datetime": "2020-06-21 18:27:39"}}
{"target": 8.595833333333333, "params": {"cue_position": 8.0, "beta_rec": 0.3575111673304414, "gamma_fc": 0.26865012390622656, "gamma_cf": 0.6973688756131394, "beta_enc": 0.43293850873416306}, "datetime": {"delta": 8.76454, "elapsed": 1302.980756, "datetime": "2020-06-21 18:27:48"}}
{"target": 8.108333333333333, "params": {"cue_position": 8.0, "beta_rec": 0.2952887943998478, "gamma_fc": 0.8553564125953698, "gamma_cf": 0.4879214918052024, "beta_enc": 0.8082780137053801}, "datetime": {"delta": 8.425086, "elapsed": 1311.405842, "datetime": "2020-06-21 18:27:56"}}
{"target": 5.7875, "params": {"cue_position": 8.0, "beta_rec": 0.18438444236776674, "gamma_fc": 0.4461172190344297, "gamma_cf": 0.8982050460171371, "beta_enc": 0.8883864343953859}, "datetime": {"delta": 6.844482, "elapsed": 1318.250324, "datetime": "2020-06-21 18:28:03"}}
{"target": 6.229166666666667, "params": {"cue_position": 8.0, "beta_rec": 0.2789908904569709, "gamma_fc": 0.2282057333504841, "gamma_cf": 0.6824537097668154, "beta_enc": 0.9218683054838154}, "datetime": {"delta": 7.133634, "elapsed": 1325.383958, "datetime": "2020-06-21 18:28:10"}}
{"target": 8.483333333333333, "params": {"cue_position": 8.0, "beta_rec": 0.4167239623706961, "gamma_fc": 0.7797442954825999, "gamma_cf": 0.34302810983040655, "beta_enc": 0.013767512557716799}, "datetime": {"delta": 8.664359, "elapsed": 1334.048317, "datetime": "2020-06-21 18:28:19"}}
{"target": 7.958333333333333, "params": {"cue_position": 8.0, "beta_rec": 0.34195283630245243, "gamma_fc": 0.6993076236968142, "gamma_cf": 0.716770814146376, "beta_enc": 0.17473631282740743}, "datetime": {"delta": 8.313896, "elapsed": 1342.362213, "datetime": "2020-06-21 18:28:27"}}
{"target": 7.85, "params": {"cue_position": 8.0, "beta_rec": 0.25339603448629966, "gamma_fc": 0.4246491159313397, "gamma_cf": 0.22729754091594956, "beta_enc": 0.6884973179489188}, "datetime": {"delta": 8.244549, "elapsed": 1350.606762, "datetime": "2020-06-21 18:28:35"}}
{"target": 8.004166666666666, "params": {"cue_position": 8.0, "beta_rec": 0.3553079116201222, "gamma_fc": 0.7073166026816995, "gamma_cf": 0.6316466268659396, "beta_enc": 0.37192212166768723}, "datetime": {"delta": 8.350511, "elapsed": 1358.957273, "datetime": "2020-06-21 18:28:44"}}
{"target": 7.795833333333333, "params": {"cue_position": 8.0, "beta_rec": 0.6483127561631246, "gamma_fc": 0.5141750435258828, "gamma_cf": 0.14944679893886248, "beta_enc": 0.6135886945028356}, "datetime": {"delta": 8.198145, "elapsed": 1367.155418, "datetime": "2020-06-21 18:28:52"}}
{"target": 7.241666666666666, "params": {"cue_position": 8.0, "beta_rec": 0.18395344154722204, "gamma_fc": 0.4972891859195163, "gamma_cf": 0.42893233402990294, "beta_enc": 0.8753327263545391}, "datetime": {"delta": 7.829396, "elapsed": 1374.984814, "datetime": "2020-06-21 18:29:00"}}
{"target": 7.941666666666666, "params": {"cue_position": 8.0, "beta_rec": 0.34244064113481054, "gamma_fc": 0.8003322457764017, "gamma_cf": 0.844526943229479, "beta_enc": 0.16151077048601192}, "datetime": {"delta": 8.325709, "elapsed": 1383.310523, "datetime": "2020-06-21 18:29:08"}}
{"target": 8.220833333333333, "params": {"cue_position": 8.0, "beta_rec": 0.6070154607890389, "gamma_fc": 0.29694708578690454, "gamma_cf": 0.5096132942175586, "beta_enc": 0.4266391582681436}, "datetime": {"delta": 8.514792, "elapsed": 1391.825315, "datetime": "2020-06-21 18:29:17"}}
{"target": 7.833333333333333, "params": {"cue_position": 8.0, "beta_rec": 0.6715983809063899, "gamma_fc": 0.4705878794988857, "gamma_cf": 0.12475130006917923, "beta_enc": 0.8596509535692011}, "datetime": {"delta": 8.168749, "elapsed": 1399.994064, "datetime": "2020-06-21 18:29:25"}}
{"target": 8.416666666666666, "params": {"cue_position": 8.0, "beta_rec": 0.9482991740726651, "gamma_fc": 0.639126848719905, "gamma_cf": 0.15172487103197363, "beta_enc": 0.9865727795868815}, "datetime": {"delta": 8.556396, "elapsed": 1408.55046, "datetime": "2020-06-21 18:29:33"}}
{"target": 7.220833333333333, "params": {"cue_position": 8.0, "beta_rec": 0.468665837661252, "gamma_fc": 0.8499698885159654, "gamma_cf": 0.5992697556580301, "beta_enc": 0.5656621125439275}, "datetime": {"delta": 7.767457, "elapsed": 1416.317917, "datetime": "2020-06-21 18:29:41"}}
{"target": 8.958333333333334, "params": {"cue_position": 8.0, "beta_rec": 0.579360540297233, "gamma_fc": 0.9913465087318091, "gamma_cf": 0.06473998344154885, "beta_enc": 0.7511210403719374}, "datetime": {"delta": 8.953426, "elapsed": 1425.271343, "datetime": "2020-06-21 18:29:50"}}
{"target": 8.7875, "params": {"cue_position": 8.0, "beta_rec": 0.19949554613856135, "gamma_fc": 0.6236704109977018, "gamma_cf": 0.10750887618516769, "beta_enc": 0.05299454266798953}, "datetime": {"delta": 8.857139, "elapsed": 1434.128482, "datetime": "2020-06-21 18:29:59"}}
{"target": 8.004166666666666, "params": {"cue_position": 8.0, "beta_rec": 0.28462388100694214, "gamma_fc": 0.668456167589482, "gamma_cf": 0.7035193311050811, "beta_enc": 0.047992564048867314}, "datetime": {"delta": 8.321395, "elapsed": 1442.449877, "datetime": "2020-06-21 18:30:07"}}
{"target": 8.4125, "params": {"cue_position": 8.0, "beta_rec": 0.1881942600298212, "gamma_fc": 0.7953011674056428, "gamma_cf": 0.34037929076546725, "beta_enc": 0.3785805932506022}, "datetime": {"delta": 8.59681, "elapsed": 1451.046687, "datetime": "2020-06-21 18:30:16"}}
{"target": 8.375, "params": {"cue_position": 8.0, "beta_rec": 0.5256694443509794, "gamma_fc": 0.3506565024321674, "gamma_cf": 0.6442320198790318, "beta_enc": 0.4879009391796203}, "datetime": {"delta": 8.573421, "elapsed": 1459.620108, "datetime": "2020-06-21 18:30:24"}}
{"target": 7.8625, "params": {"cue_position": 8.0, "beta_rec": 0.4338833762117006, "gamma_fc": 0.9794833541798064, "gamma_cf": 0.46978904008636024, "beta_enc": 0.2292050272920657}, "datetime": {"delta": 8.207954, "elapsed": 1467.828062, "datetime": "2020-06-21 18:30:33"}}
{"target": 9.370833333333334, "params": {"cue_position": 8.0, "beta_rec": 0.7744101333360395, "gamma_fc": 0.354952851149572, "gamma_cf": 0.8891310891074828, "beta_enc": 0.36437807036823044}, "datetime": {"delta": 9.234611, "elapsed": 1477.062673, "datetime": "2020-06-21 18:30:42"}}
{"target": 8.383333333333333, "params": {"cue_position": 8.0, "beta_rec": 0.9110192396569683, "gamma_fc": 0.5564069156709253, "gamma_cf": 0.9507534280610023, "beta_enc": 0.24551868018650747}, "datetime": {"delta": 8.578555, "elapsed": 1485.641228, "datetime": "2020-06-21 18:30:50"}}
{"target": 8.883333333333333, "params": {"cue_position": 8.0, "beta_rec": 0.9950523223391111, "gamma_fc": 0.03109707545554785, "gamma_cf": 0.5167063597676121, "beta_enc": 0.3763632166870875}, "datetime": {"delta": 8.911366, "elapsed": 1494.552594, "datetime": "2020-06-21 18:30:59"}}
{"target": 8.2, "params": {"cue_position": 8.0, "beta_rec": 0.18046850899511557, "gamma_fc": 0.8749025512123809, "gamma_cf": 0.9809236757505815, "beta_enc": 0.5711757391862334}, "datetime": {"delta": 8.42647, "elapsed": 1502.979064, "datetime": "2020-06-21 18:31:08"}}
{"target": 8.375, "params": {"cue_position": 8.0, "beta_rec": 0.7084608700517172, "gamma_fc": 0.5285334901775651, "gamma_cf": 0.4948430841825636, "beta_enc": 0.45183624942087064}, "datetime": {"delta": 8.563873, "elapsed": 1511.542937, "datetime": "2020-06-21 18:31:16"}}
{"target": 8.054166666666667, "params": {"cue_position": 8.0, "beta_rec": 0.36939992561190627, "gamma_fc": 0.4770129944022632, "gamma_cf": 0.7268937533445626, "beta_enc": 0.1507843983721926}, "datetime": {"delta": 8.345241, "elapsed": 1519.888178, "datetime": "2020-06-21 18:31:25"}}
{"target": 8.733333333333333, "params": {"cue_position": 8.0, "beta_rec": 0.8859979711653513, "gamma_fc": 0.26889202221264585, "gamma_cf": 0.4090908319168599, "beta_enc": 0.44887883670676554}, "datetime": {"delta": 8.779709, "elapsed": 1528.667887, "datetime": "2020-06-21 18:31:33"}}
{"target": 8.341666666666667, "params": {"cue_position": 8.0, "beta_rec": 0.4181361337253158, "gamma_fc": 0.5035095098483965, "gamma_cf": 0.29115394055242805, "beta_enc": 0.07201203516976995}, "datetime": {"delta": 8.557854, "elapsed": 1537.225741, "datetime": "2020-06-21 18:31:42"}}
{"target": 6.025, "params": {"cue_position": 8.0, "beta_rec": 0.10938291419358459, "gamma_fc": 0.777098229275783, "gamma_cf": 0.49993237109919997, "beta_enc": 0.9659330650197223}, "datetime": {"delta": 6.960694, "elapsed": 1544.186435, "datetime": "2020-06-21 18:31:49"}}
{"target": 8.416666666666666, "params": {"cue_position": 8.0, "beta_rec": 0.08320263643587555, "gamma_fc": 0.1916757389098901, "gamma_cf": 0.7969622519799001, "beta_enc": 0.14360699787420927}, "datetime": {"delta": 8.60256, "elapsed": 1552.788995, "datetime": "2020-06-21 18:31:58"}}
{"target": 7.341666666666667, "params": {"cue_position": 8.0, "beta_rec": 0.2902979970618682, "gamma_fc": 0.3986590599223787, "gamma_cf": 0.016715589077006432, "beta_enc": 0.767777192147274}, "datetime": {"delta": 7.84973, "elapsed": 1560.638725, "datetime": "2020-06-21 18:32:05"}}
{"target": 7.004166666666666, "params": {"cue_position": 8.0, "beta_rec": 0.6593449361953647, "gamma_fc": 0.016575882900934147, "gamma_cf": 0.15260398704227185, "beta_enc": 0.38108149129345237}, "datetime": {"delta": 7.589834, "elapsed": 1568.228559, "datetime": "2020-06-21 18:32:13"}}
{"target": 8.2875, "params": {"cue_position": 8.0, "beta_rec": 0.6517892760100904, "gamma_fc": 0.5579119942437725, "gamma_cf": 0.32102631416731586, "beta_enc": 0.11379635644740682}, "datetime": {"delta": 8.430901, "elapsed": 1576.65946, "datetime": "2020-06-21 18:32:21"}}
{"target": 6.775, "params": {"cue_position": 8.0, "beta_rec": 0.8344865140180296, "gamma_fc": 0.03972870668308481, "gamma_cf": 0.9182585891320579, "beta_enc": 0.9934604630998499}, "datetime": {"delta": 7.440654, "elapsed": 1584.100114, "datetime": "2020-06-21 18:32:29"}}
{"target": 8.095833333333333, "params": {"cue_position": 8.0, "beta_rec": 0.4740062899880546, "gamma_fc": 0.48956496114516856, "gamma_cf": 0.9372520621284489, "beta_enc": 0.07033344161552524}, "datetime": {"delta": 8.341489, "elapsed": 1592.441603, "datetime": "2020-06-21 18:32:37"}}
{"target": 9.904166666666667, "params": {"cue_position": 8.0, "beta_rec": 0.8952603657312208, "gamma_fc": 0.25358174937162836, "gamma_cf": 0.8770343892703519, "beta_enc": 0.5396491100933506}, "datetime": {"delta": 9.53874, "elapsed": 1601.980343, "datetime": "2020-06-21 18:32:47"}}
{"target": 8.316666666666666, "params": {"cue_position": 8.0, "beta_rec": 0.32836139008759013, "gamma_fc": 0.6714291710812733, "gamma_cf": 0.22012867402698122, "beta_enc": 0.27380970415810857}, "datetime": {"delta": 8.503094, "elapsed": 1610.483437, "datetime": "2020-06-21 18:32:55"}}
{"target": 8.441666666666666, "params": {"cue_position": 8.0, "beta_rec": 0.09410027449963942, "gamma_fc": 0.3860040110225955, "gamma_cf": 0.23686870355699852, "beta_enc": 0.1427932828030004}, "datetime": {"delta": 8.612795, "elapsed": 1619.096232, "datetime": "2020-06-21 18:33:04"}}
{"target": 6.6, "params": {"cue_position": 8.0, "beta_rec": 0.52580196995147, "gamma_fc": 0.9511356184186921, "gamma_cf": 0.8741259355980283, "beta_enc": 0.5715420927253323}, "datetime": {"delta": 7.355843, "elapsed": 1626.452075, "datetime": "2020-06-21 18:33:11"}}
{"target": 7.6125, "params": {"cue_position": 8.0, "beta_rec": 0.2838018349468743, "gamma_fc": 0.5546673107876667, "gamma_cf": 0.3394167240176095, "beta_enc": 0.8125073041746718}, "datetime": {"delta": 8.030151, "elapsed": 1634.482226, "datetime": "2020-06-21 18:33:19"}}
{"target": 7.0375, "params": {"cue_position": 8.0, "beta_rec": 0.3117029177189814, "gamma_fc": 0.7744772660150796, "gamma_cf": 0.3259672073089859, "beta_enc": 0.9744034689130026}, "datetime": {"delta": 7.654246, "elapsed": 1642.136472, "datetime": "2020-06-21 18:33:27"}}
{"target": 8.604166666666666, "params": {"cue_position": 8.0, "beta_rec": 0.889827341447375, "gamma_fc": 0.46947902855992574, "gamma_cf": 0.7626320954451107, "beta_enc": 0.3258099666132048}, "datetime": {"delta": 8.708653, "elapsed": 1650.845125, "datetime": "2020-06-21 18:33:36"}}
{"target": 8.720833333333333, "params": {"cue_position": 8.0, "beta_rec": 0.041475079576498874, "gamma_fc": 0.6938554113738997, "gamma_cf": 0.03711266449399442, "beta_enc": 0.21076450246870537}, "datetime": {"delta": 8.801331, "elapsed": 1659.646456, "datetime": "2020-06-21 18:33:44"}}
{"target": 8.729166666666666, "params": {"cue_position": 8.0, "beta_rec": 0.430471782744975, "gamma_fc": 0.03985992663545257, "gamma_cf": 0.5360084947395637, "beta_enc": 0.6703500319361684}, "datetime": {"delta": 8.886299, "elapsed": 1668.532755, "datetime": "2020-06-21 18:33:53"}}
{"target": 8.7875, "params": {"cue_position": 8.0, "beta_rec": 0.19341639901491836, "gamma_fc": 0.6051167805003662, "gamma_cf": 0.05231294643747675, "beta_enc": 0.13479311796067905}, "datetime": {"delta": 8.848826, "elapsed": 1677.381581, "datetime": "2020-06-21 18:34:02"}}
{"target": 7.975, "params": {"cue_position": 8.0, "beta_rec": 0.6174610120171561, "gamma_fc": 0.4540590560591513, "gamma_cf": 0.8477004682374377, "beta_enc": 0.5120610275239188}, "datetime": {"delta": 8.282802, "elapsed": 1685.664383, "datetime": "2020-06-21 18:34:10"}}
{"target": 7.891666666666667, "params": {"cue_position": 8.0, "beta_rec": 0.8730681484470995, "gamma_fc": 0.9517756930338517, "gamma_cf": 0.823003040648471, "beta_enc": 0.015403519791920894}, "datetime": {"delta": 8.239108, "elapsed": 1693.903491, "datetime": "2020-06-21 18:34:19"}}
{"target": 8.079166666666667, "params": {"cue_position": 8.0, "beta_rec": 0.23507186409101455, "gamma_fc": 0.863829145501452, "gamma_cf": 0.4216578860324509, "beta_enc": 0.050912383516887205}, "datetime": {"delta": 8.36531, "elapsed": 1702.268801, "datetime": "2020-06-21 18:34:27"}}
{"target": 8.041666666666666, "params": {"cue_position": 8.0, "beta_rec": 0.4731119528858785, "gamma_fc": 0.8414221567958434, "gamma_cf": 0.7728856021671178, "beta_enc": 0.0816239827150681}, "datetime": {"delta": 8.333997, "elapsed": 1710.602798, "datetime": "2020-06-21 18:34:35"}}
{"target": 8.129166666666666, "params": {"cue_position": 8.0, "beta_rec": 0.48644074317039476, "gamma_fc": 0.9438926277837961, "gamma_cf": 0.9524737816932592, "beta_enc": 0.04329093818615859}, "datetime": {"delta": 8.399546, "elapsed": 1719.002344, "datetime": "2020-06-21 18:34:44"}}
{"target": 8.7125, "params": {"cue_position": 8.0, "beta_rec": 0.9734873973251963, "gamma_fc": 0.4345949734085095, "gamma_cf": 0.8978507176676818, "beta_enc": 0.6139340023847009}, "datetime": {"delta": 8.797549, "elapsed": 1727.799893, "datetime": "2020-06-21 18:34:53"}}
{"target": 8.7875, "params": {"cue_position": 8.0, "beta_rec": 0.9408279632013994, "gamma_fc": 0.8704248568230661, "gamma_cf": 0.06491158533912933, "beta_enc": 0.23581463714751372}, "datetime": {"delta": 8.840933, "elapsed": 1736.640826, "datetime": "2020-06-21 18:35:01"}}
{"target": 7.833333333333333, "params": {"cue_position": 8.0, "beta_rec": 0.6049268729742817, "gamma_fc": 0.6004889552745444, "gamma_cf": 0.2534390424997808, "beta_enc": 0.7013802946333463}, "datetime": {"delta": 8.179758, "elapsed": 1744.820584, "datetime": "2020-06-21 18:35:10"}}
{"target": 6.454166666666667, "params": {"cue_position": 8.0, "beta_rec": 0.05411366032399989, "gamma_fc": 0.6183458693278855, "gamma_cf": 0.8424458099564136, "beta_enc": 0.8146191812616553}, "datetime": {"delta": 7.27954, "elapsed": 1752.100124, "datetime": "2020-06-21 18:35:17"}}
{"target": 8.6125, "params": {"cue_position": 8.0, "beta_rec": 0.2482907289970986, "gamma_fc": 0.42166593484970927, "gamma_cf": 0.8726861649194619, "beta_enc": 0.531287810481058}, "datetime": {"delta": 8.733761, "elapsed": 1760.833885, "datetime": "2020-06-21 18:35:26"}}
{"target": 7.979166666666667, "params": {"cue_position": 8.0, "beta_rec": 0.8969850695075825, "gamma_fc": 0.8817706230828073, "gamma_cf": 0.8262275354923914, "beta_enc": 0.0644302555796068}, "datetime": {"delta": 8.296258, "elapsed": 1769.130143, "datetime": "2020-06-21 18:35:34"}}
{"target": 7.245833333333334, "params": {"cue_position": 8.0, "beta_rec": 0.5984646931046363, "gamma_fc": 0.8550417213473515, "gamma_cf": 0.624821294185499, "beta_enc": 0.48675074481833813}, "datetime": {"delta": 7.801806, "elapsed": 1776.931949, "datetime": "2020-06-21 18:35:42"}}
{"target": 7.5625, "params": {"cue_position": 8.0, "beta_rec": 0.8837555081806009, "gamma_fc": 0.22700116521465796, "gamma_cf": 0.11510304096690338, "beta_enc": 0.2821394484048606}, "datetime": {"delta": 7.999493, "elapsed": 1784.931442, "datetime": "2020-06-21 18:35:50"}}
{"target": 8.575, "params": {"cue_position": 8.0, "beta_rec": 0.23944623690468037, "gamma_fc": 0.8448725182357391, "gamma_cf": 0.16184771412383514, "beta_enc": 0.5959823856130138}, "datetime": {"delta": 8.692356, "elapsed": 1793.623798, "datetime": "2020-06-21 18:35:58"}}
{"target": 7.9, "params": {"cue_position": 8.0, "beta_rec": 0.9635670871883419, "gamma_fc": 0.5989852889734197, "gamma_cf": 0.5956250981349497, "beta_enc": 0.6021836538927108}, "datetime": {"delta": 8.240744, "elapsed": 1801.864542, "datetime": "2020-06-21 18:36:07"}}
{"target": 8.716666666666667, "params": {"cue_position": 8.0, "beta_rec": 0.05917720718572239, "gamma_fc": 0.5346790571795887, "gamma_cf": 0.9482094981876252, "beta_enc": 0.6157042872039488}, "datetime": {"delta": 8.79788, "elapsed": 1810.662422, "datetime": "2020-06-21 18:36:15"}}
{"target": 8.520833333333334, "params": {"cue_position": 8.0, "beta_rec": 0.7529259149799422, "gamma_fc": 0.9176063476443932, "gamma_cf": 0.32825610365078084, "beta_enc": 0.1925560209550684}, "datetime": {"delta": 8.671241, "elapsed": 1819.333663, "datetime": "2020-06-21 18:36:24"}}
{"target": 6.945833333333334, "params": {"cue_position": 8.0, "beta_rec": 0.8551902839041353, "gamma_fc": 0.8794835234293169, "gamma_cf": 0.822578152523871, "beta_enc": 0.5883673328938768}, "datetime": {"delta": 7.600195, "elapsed": 1826.933858, "datetime": "2020-06-21 18:36:32"}}
{"target": 8.7, "params": {"cue_position": 8.0, "beta_rec": 0.12295477155217849, "gamma_fc": 0.1267357091420086, "gamma_cf": 0.44034708683123824, "beta_enc": 0.3209863745244532}, "datetime": {"delta": 8.762087, "elapsed": 1835.695945, "datetime": "2020-06-21 18:36:41"}}
{"target": 9.145833333333334, "params": {"cue_position": 8.0, "beta_rec": 0.03606831456985993, "gamma_fc": 0.012096760015357866, "gamma_cf": 0.7883011896679689, "beta_enc": 0.5898236481098892}, "datetime": {"delta": 9.085478, "elapsed": 1844.781423, "datetime": "2020-06-21 18:36:50"}}
{"target": 8.554166666666667, "params": {"cue_position": 8.0, "beta_rec": 0.021375961088070716, "gamma_fc": 0.29337627848605663, "gamma_cf": 0.5820299763434618, "beta_enc": 0.3033456717085691}, "datetime": {"delta": 8.683274, "elapsed": 1853.464697, "datetime": "2020-06-21 18:36:58"}}
{"target": 6.920833333333333, "params": {"cue_position": 8.0, "beta_rec": 0.5071194235482045, "gamma_fc": 0.2641376442105696, "gamma_cf": 0.5878715062961865, "beta_enc": 0.9289494618931157}, "datetime": {"delta": 7.581869, "elapsed": 1861.046566, "datetime": "2020-06-21 18:37:06"}}
{"target": 7.920833333333333, "params": {"cue_position": 8.0, "beta_rec": 0.37165457672418245, "gamma_fc": 0.6958461339323264, "gamma_cf": 0.5845472661166298, "beta_enc": 0.3052882993474333}, "datetime": {"delta": 8.242575, "elapsed": 1869.289141, "datetime": "2020-06-21 18:37:14"}}
{"target": 7.9625, "params": {"cue_position": 8.0, "beta_rec": 0.9710833196254638, "gamma_fc": 0.7516404040812905, "gamma_cf": 0.8061631629534083, "beta_enc": 0.07194722016400112}, "datetime": {"delta": 8.262004, "elapsed": 1877.551145, "datetime": "2020-06-21 18:37:22"}}
{"target": 8.1625, "params": {"cue_position": 8.0, "beta_rec": 0.48169628302117706, "gamma_fc": 0.4487372588243219, "gamma_cf": 0.6724726505249299, "beta_enc": 0.0800609772712173}, "datetime": {"delta": 8.421483, "elapsed": 1885.972628, "datetime": "2020-06-21 18:37:31"}}
{"target": 8.554166666666667, "params": {"cue_position": 8.0, "beta_rec": 0.6816453376026229, "gamma_fc": 0.15098073327964578, "gamma_cf": 0.6186007425615364, "beta_enc": 0.7043133983839096}, "datetime": {"delta": 8.673817, "elapsed": 1894.646445, "datetime": "2020-06-21 18:37:39"}}
{"target": 7.008333333333334, "params": {"cue_position": 8.0, "beta_rec": 0.781045822193957, "gamma_fc": 0.17667889307234141, "gamma_cf": 0.23376869260410593, "beta_enc": 0.760802456305756}, "datetime": {"delta": 7.646526, "elapsed": 1902.292971, "datetime": "2020-06-21 18:37:47"}}
{"target": 7.708333333333333, "params": {"cue_position": 8.0, "beta_rec": 0.3205646539951602, "gamma_fc": 0.7600017523497489, "gamma_cf": 0.6135258996684316, "beta_enc": 0.3910991231067624}, "datetime": {"delta": 8.113464, "elapsed": 1910.406435, "datetime": "2020-06-21 18:37:55"}}
{"target": 9.033333333333333, "params": {"cue_position": 8.0, "beta_rec": 0.09944056291558923, "gamma_fc": 0.19384776750950716, "gamma_cf": 0.3734071317371953, "beta_enc": 0.4276650996969642}, "datetime": {"delta": 9.015432, "elapsed": 1919.421867, "datetime": "2020-06-21 18:38:04"}}
{"target": 7.4125, "params": {"cue_position": 8.0, "beta_rec": 0.5996360084237168, "gamma_fc": 0.08817368124218106, "gamma_cf": 0.4911099613042962, "beta_enc": 0.8207464986229382}, "datetime": {"delta": 7.891872, "elapsed": 1927.313739, "datetime": "2020-06-21 18:38:12"}}
