{"target": 9.5, "params": {"gamma_fc": 0.5428119898936752, "cue_position": 15.0, "beta_rec": 0.17373525023841419, "gamma_cf": 0.4004951661277003, "beta_enc": 0.08426098668565629}, "datetime": {"elapsed": 221.564562, "delta": 5.994402, "datetime": "2020-06-13 20:42:56"}}
{"target": 8.5, "params": {"gamma_fc": 0.37493494360674173, "cue_position": 15.0, "beta_rec": 0.9247113245854299, "gamma_cf": 0.259672091322218, "beta_enc": 0.5205737015222353}, "datetime": {"elapsed": 227.588145, "delta": 6.023583, "datetime": "2020-06-13 20:43:02"}}
{"target": 10.25, "params": {"gamma_fc": 0.5339967329903077, "cue_position": 15.0, "beta_rec": 0.1794838027732205, "gamma_cf": 0.4006376321423918, "beta_enc": 0.08537349507069003}, "datetime": {"elapsed": 233.697583, "delta": 6.109438, "datetime": "2020-06-13 20:43:08"}}
{"target": 10.625, "params": {"gamma_fc": 0.3861605141089445, "cue_position": 15.0, "beta_rec": 0.10375073847899152, "gamma_cf": 0.4452859597910116, "beta_enc": 0.030058781607297913}, "datetime": {"elapsed": 239.166928, "delta": 5.469345, "datetime": "2020-06-13 20:43:13"}}
{"target": 10.125, "params": {"gamma_fc": 0.15307443302966983, "cue_position": 15.0, "beta_rec": 0.4992786381183436, "gamma_cf": 0.823720952699969, "beta_enc": 0.24106325526288175}, "datetime": {"elapsed": 244.731366, "delta": 5.564438, "datetime": "2020-06-13 20:43:19"}}
{"target": 10.5, "params": {"gamma_fc": 0.18844800961360875, "cue_position": 15.0, "beta_rec": 0.37055638472088526, "gamma_cf": 0.988772926409824, "beta_enc": 0.06640868086070795}, "datetime": {"elapsed": 249.772293, "delta": 5.040927, "datetime": "2020-06-13 20:43:24"}}
{"target": 10.25, "params": {"gamma_fc": 0.21361051538328968, "cue_position": 15.0, "beta_rec": 0.7494657305631292, "gamma_cf": 0.9769754074665158, "beta_enc": 0.0067592710946315915}, "datetime": {"elapsed": 254.595213, "delta": 4.82292, "datetime": "2020-06-13 20:43:29"}}
{"target": 10.125, "params": {"gamma_fc": 0.7727275696339212, "cue_position": 15.0, "beta_rec": 0.4045849534491026, "gamma_cf": 0.3385562585499906, "beta_enc": 0.015704099989344966}, "datetime": {"elapsed": 259.219293, "delta": 4.62408, "datetime": "2020-06-13 20:43:33"}}
{"target": 9.875, "params": {"gamma_fc": 0.07071001423566492, "cue_position": 15.0, "beta_rec": 0.15063057379998623, "gamma_cf": 0.6943958452181823, "beta_enc": 0.15431636741923282}, "datetime": {"elapsed": 263.40999, "delta": 4.190697, "datetime": "2020-06-13 20:43:38"}}
{"target": 9.25, "params": {"gamma_fc": 0.5503213673787296, "cue_position": 15.0, "beta_rec": 0.18966067644282514, "gamma_cf": 0.39253325629140057, "beta_enc": 0.09711422203898212}, "datetime": {"elapsed": 267.423589, "delta": 4.013599, "datetime": "2020-06-13 20:43:42"}}
{"target": 11.125, "params": {"gamma_fc": 0.6575882990297442, "cue_position": 15.0, "beta_rec": 0.28175799738148644, "gamma_cf": 0.6999531934024649, "beta_enc": 0.03407445613903726}, "datetime": {"elapsed": 271.481479, "delta": 4.05789, "datetime": "2020-06-13 20:43:46"}}
{"target": 10.375, "params": {"gamma_fc": 0.7589867209133911, "cue_position": 15.0, "beta_rec": 0.72388606893119, "gamma_cf": 0.6416363745390061, "beta_enc": 0.14138856679318035}, "datetime": {"elapsed": 275.460014, "delta": 3.978535, "datetime": "2020-06-13 20:43:50"}}
{"target": 10.625, "params": {"gamma_fc": 0.7525524804252661, "cue_position": 15.0, "beta_rec": 0.7329719440448703, "gamma_cf": 0.6517343728898045, "beta_enc": 0.14670104191798838}, "datetime": {"elapsed": 279.312041, "delta": 3.852027, "datetime": "2020-06-13 20:43:53"}}
{"target": 8.875, "params": {"gamma_fc": 0.9874223258662636, "cue_position": 15.0, "beta_rec": 0.3424924987790887, "gamma_cf": 0.4204608021031513, "beta_enc": 0.3859366749959271}, "datetime": {"elapsed": 282.813131, "delta": 3.50109, "datetime": "2020-06-13 20:43:57"}}
{"target": 8.375, "params": {"gamma_fc": 0.4547279982612258, "cue_position": 15.0, "beta_rec": 0.8615409681711148, "gamma_cf": 0.6962668086474101, "beta_enc": 0.3342941259601351}, "datetime": {"elapsed": 286.784767, "delta": 3.971636, "datetime": "2020-06-13 20:44:01"}}
{"target": 10.125, "params": {"gamma_fc": 0.47876302840179086, "cue_position": 15.0, "beta_rec": 0.3723083466402733, "gamma_cf": 0.7251165393730872, "beta_enc": 0.14878572374161553}, "datetime": {"elapsed": 294.695892, "delta": 7.911125, "datetime": "2020-06-13 20:44:09"}}
{"target": 10.25, "params": {"gamma_fc": 0.7832490722984986, "cue_position": 15.0, "beta_rec": 0.7423817475387379, "gamma_cf": 0.5151183767086018, "beta_enc": 0.14329083523919195}, "datetime": {"elapsed": 301.678643, "delta": 6.982751, "datetime": "2020-06-13 20:44:16"}}
{"target": 10.5, "params": {"gamma_fc": 0.16939759041879032, "cue_position": 15.0, "beta_rec": 0.37404231880311, "gamma_cf": 0.9814629251379168, "beta_enc": 0.07520957649031146}, "datetime": {"elapsed": 308.533528, "delta": 6.854885, "datetime": "2020-06-13 20:44:23"}}
{"target": 10.5, "params": {"gamma_fc": 0.593053171185456, "cue_position": 15.0, "beta_rec": 0.6039006287318678, "gamma_cf": 0.6306423682962944, "beta_enc": 0.19800239580559065}, "datetime": {"elapsed": 314.569632, "delta": 6.036104, "datetime": "2020-06-13 20:44:29"}}
{"target": 9.875, "params": {"gamma_fc": 0.06627298226456568, "cue_position": 15.0, "beta_rec": 0.15386408389566408, "gamma_cf": 0.6998851309861108, "beta_enc": 0.16007829188869171}, "datetime": {"elapsed": 320.468592, "delta": 5.89896, "datetime": "2020-06-13 20:44:35"}}
{"target": 10.125, "params": {"gamma_fc": 0.6010765876343651, "cue_position": 15.0, "beta_rec": 0.5950417794578725, "gamma_cf": 0.629961141349702, "beta_enc": 0.20633331489351692}, "datetime": {"elapsed": 326.282815, "delta": 5.814223, "datetime": "2020-06-13 20:44:40"}}
{"target": 10.875, "params": {"gamma_fc": 0.9907320676621384, "cue_position": 15.0, "beta_rec": 0.43718342494329265, "gamma_cf": 0.47963691087168425, "beta_enc": 0.23272943968834003}, "datetime": {"elapsed": 331.56345, "delta": 5.280635, "datetime": "2020-06-13 20:44:46"}}
{"target": 9.875, "params": {"gamma_fc": 0.05256698752247224, "cue_position": 15.0, "beta_rec": 0.41349872805915033, "gamma_cf": 0.41175740277740525, "beta_enc": 0.09551441881975009}, "datetime": {"elapsed": 336.995184, "delta": 5.431734, "datetime": "2020-06-13 20:44:51"}}
{"target": 10.0, "params": {"gamma_fc": 0.1471101802464202, "cue_position": 15.0, "beta_rec": 0.48962187824946657, "gamma_cf": 0.8207930226339895, "beta_enc": 0.2531042178419872}, "datetime": {"elapsed": 342.144633, "delta": 5.149449, "datetime": "2020-06-13 20:44:56"}}
{"target": 10.375, "params": {"gamma_fc": 0.3963674014834788, "cue_position": 15.0, "beta_rec": 0.1091021482834631, "gamma_cf": 0.4392059143771887, "beta_enc": 0.02860513649574492}, "datetime": {"elapsed": 347.451601, "delta": 5.306968, "datetime": "2020-06-13 20:45:02"}}
{"target": 9.25, "params": {"gamma_fc": 0.5661789868529192, "cue_position": 15.0, "beta_rec": 0.06337584451441126, "gamma_cf": 0.6073102846817434, "beta_enc": 0.017296946919202145}, "datetime": {"elapsed": 352.715505, "delta": 5.263904, "datetime": "2020-06-13 20:45:07"}}
{"target": 10.375, "params": {"gamma_fc": 0.003976210220115739, "cue_position": 15.0, "beta_rec": 0.16853577639340056, "gamma_cf": 0.8498480443235641, "beta_enc": 0.1679304359101884}, "datetime": {"elapsed": 358.052555, "delta": 5.33705, "datetime": "2020-06-13 20:45:12"}}
{"target": 9.125, "params": {"gamma_fc": 0.7865940760318932, "cue_position": 15.0, "beta_rec": 0.887088619586907, "gamma_cf": 0.17949193762750493, "beta_enc": 0.32322236898388446}, "datetime": {"elapsed": 363.414159, "delta": 5.361604, "datetime": "2020-06-13 20:45:18"}}
{"target": 8.375, "params": {"gamma_fc": 0.6751018561428643, "cue_position": 15.0, "beta_rec": 0.8245405603227011, "gamma_cf": 0.3476819244102911, "beta_enc": 0.43897103098033885}, "datetime": {"elapsed": 368.752718, "delta": 5.338559, "datetime": "2020-06-13 20:45:23"}}
{"target": 3.5, "params": {"gamma_fc": 0.5404989835582731, "cue_position": 15.0, "beta_rec": 0.7531857117604591, "gamma_cf": 0.9377781233538482, "beta_enc": 0.9290253812815991}, "datetime": {"elapsed": 374.025317, "delta": 5.272599, "datetime": "2020-06-13 20:45:28"}}
{"target": 9.625, "params": {"gamma_fc": 0.7788396448317101, "cue_position": 15.0, "beta_rec": 0.7398109593661574, "gamma_cf": 0.5131527372917163, "beta_enc": 0.14089516226169463}, "datetime": {"elapsed": 379.425304, "delta": 5.399987, "datetime": "2020-06-13 20:45:34"}}
{"target": 10.375, "params": {"gamma_fc": 0.7632520170362274, "cue_position": 15.0, "beta_rec": 0.632389486661533, "gamma_cf": 0.6899248442050483, "beta_enc": 0.10542010755559927}, "datetime": {"elapsed": 384.887962, "delta": 5.462658, "datetime": "2020-06-13 20:45:39"}}
{"target": 7.5, "params": {"gamma_fc": 0.31906246416471473, "cue_position": 15.0, "beta_rec": 0.826367351217674, "gamma_cf": 0.5931043573514357, "beta_enc": 0.8151178265186164}, "datetime": {"elapsed": 390.323368, "delta": 5.435406, "datetime": "2020-06-13 20:45:44"}}
{"target": 10.75, "params": {"gamma_fc": 0.20170622041481656, "cue_position": 15.0, "beta_rec": 0.7420791689350076, "gamma_cf": 0.7600751234184551, "beta_enc": 0.3018036837763787}, "datetime": {"elapsed": 395.819034, "delta": 5.495666, "datetime": "2020-06-13 20:45:50"}}
{"target": 8.875, "params": {"gamma_fc": 0.5814868007410612, "cue_position": 15.0, "beta_rec": 0.892673248438828, "gamma_cf": 0.5463506664539869, "beta_enc": 0.8215472277834082}, "datetime": {"elapsed": 401.279663, "delta": 5.460629, "datetime": "2020-06-13 20:45:55"}}
{"target": 10.5, "params": {"gamma_fc": 0.14042002201097237, "cue_position": 15.0, "beta_rec": 0.6627549298194059, "gamma_cf": 0.6836526309289085, "beta_enc": 0.05442917041360107}, "datetime": {"elapsed": 406.839909, "delta": 5.560246, "datetime": "2020-06-13 20:46:01"}}
{"target": 9.625, "params": {"gamma_fc": 0.4360766930542024, "cue_position": 15.0, "beta_rec": 0.3180534294353542, "gamma_cf": 0.1717845976055481, "beta_enc": 0.5031348735771223}, "datetime": {"elapsed": 412.360841, "delta": 5.520932, "datetime": "2020-06-13 20:46:07"}}
{"target": 6.375, "params": {"gamma_fc": 0.3184475658981162, "cue_position": 15.0, "beta_rec": 0.3443521099116499, "gamma_cf": 0.673087342035815, "beta_enc": 0.9728796732837471}, "datetime": {"elapsed": 417.815942, "delta": 5.455101, "datetime": "2020-06-13 20:46:12"}}
{"target": 7.625, "params": {"gamma_fc": 0.5447938165864682, "cue_position": 15.0, "beta_rec": 0.15524653472102823, "gamma_cf": 0.05826347071930782, "beta_enc": 0.9815804191035736}, "datetime": {"elapsed": 423.344654, "delta": 5.528712, "datetime": "2020-06-13 20:46:17"}}
{"target": 10.125, "params": {"gamma_fc": 0.37516087675598286, "cue_position": 15.0, "beta_rec": 0.09978279210992191, "gamma_cf": 0.45640141233971654, "beta_enc": 0.035298086017111374}, "datetime": {"elapsed": 428.937286, "delta": 5.592632, "datetime": "2020-06-13 20:46:23"}}
{"target": 9.0, "params": {"gamma_fc": 0.5617703611483525, "cue_position": 15.0, "beta_rec": 0.6541391224152239, "gamma_cf": 0.3165022310368376, "beta_enc": 0.10597076834071051}, "datetime": {"elapsed": 434.541738, "delta": 5.604452, "datetime": "2020-06-13 20:46:29"}}
{"target": 8.75, "params": {"gamma_fc": 0.5545224711810226, "cue_position": 15.0, "beta_rec": 0.6507639112083627, "gamma_cf": 0.3210321663527831, "beta_enc": 0.10144287356384352}, "datetime": {"elapsed": 440.145228, "delta": 5.60349, "datetime": "2020-06-13 20:46:34"}}
{"target": 9.125, "params": {"gamma_fc": 0.6219748721226163, "cue_position": 15.0, "beta_rec": 0.9994318604459295, "gamma_cf": 0.20773238284225992, "beta_enc": 0.39198556424745434}, "datetime": {"elapsed": 445.813394, "delta": 5.668166, "datetime": "2020-06-13 20:46:40"}}
{"target": 9.75, "params": {"gamma_fc": 0.6312664550015676, "cue_position": 15.0, "beta_rec": 0.20394816253937953, "gamma_cf": 0.10826396724128373, "beta_enc": 0.05034867952597699}, "datetime": {"elapsed": 451.477793, "delta": 5.664399, "datetime": "2020-06-13 20:46:46"}}
{"target": 9.5, "params": {"gamma_fc": 0.37565264051623937, "cue_position": 15.0, "beta_rec": 0.09841629658452111, "gamma_cf": 0.447034681724812, "beta_enc": 0.023256890594571256}, "datetime": {"elapsed": 457.167034, "delta": 5.689241, "datetime": "2020-06-13 20:46:51"}}
{"target": 10.875, "params": {"gamma_fc": 0.6285709149200612, "cue_position": 15.0, "beta_rec": 0.8510647437372911, "gamma_cf": 0.8262750357195189, "beta_enc": 0.34807088078120996}, "datetime": {"elapsed": 462.859747, "delta": 5.692713, "datetime": "2020-06-13 20:46:57"}}
{"target": 10.75, "params": {"gamma_fc": 0.7065792792753622, "cue_position": 15.0, "beta_rec": 0.6224293722790065, "gamma_cf": 0.984718324490828, "beta_enc": 0.19158100867300676}, "datetime": {"elapsed": 468.664977, "delta": 5.80523, "datetime": "2020-06-13 20:47:03"}}
{"target": 10.0, "params": {"gamma_fc": 0.5538594612452337, "cue_position": 15.0, "beta_rec": 0.1870164895037737, "gamma_cf": 0.3919387534211588, "beta_enc": 0.10090049982863769}, "datetime": {"elapsed": 474.405794, "delta": 5.740817, "datetime": "2020-06-13 20:47:09"}}
{"target": 6.625, "params": {"gamma_fc": 0.27896139300900724, "cue_position": 15.0, "beta_rec": 0.8449200818555821, "gamma_cf": 0.0950361126515119, "beta_enc": 0.8290883682485372}, "datetime": {"elapsed": 480.124286, "delta": 5.718492, "datetime": "2020-06-13 20:47:14"}}
{"target": 10.25, "params": {"gamma_fc": 0.9547416274134388, "cue_position": 15.0, "beta_rec": 0.4340145331754528, "gamma_cf": 0.4654961730818893, "beta_enc": 0.22361779914937074}, "datetime": {"elapsed": 485.940378, "delta": 5.816092, "datetime": "2020-06-13 20:47:20"}}
{"target": 8.5, "params": {"gamma_fc": 0.1981699905897153, "cue_position": 15.0, "beta_rec": 0.06519998160513496, "gamma_cf": 0.5238072328580478, "beta_enc": 0.6782042666877428}, "datetime": {"elapsed": 491.774336, "delta": 5.833958, "datetime": "2020-06-13 20:47:26"}}
{"target": 9.125, "params": {"gamma_fc": 0.5557864102479279, "cue_position": 15.0, "beta_rec": 0.9958233297713432, "gamma_cf": 0.3794023060407955, "beta_enc": 0.3193227828238576}, "datetime": {"elapsed": 497.582358, "delta": 5.808022, "datetime": "2020-06-13 20:47:32"}}
{"target": 9.875, "params": {"gamma_fc": 0.5298054647713514, "cue_position": 15.0, "beta_rec": 0.17522259858217748, "gamma_cf": 0.4074062108014802, "beta_enc": 0.0856403037040856}, "datetime": {"elapsed": 503.431261, "delta": 5.848903, "datetime": "2020-06-13 20:47:38"}}
{"target": 9.375, "params": {"gamma_fc": 0.4971476489181137, "cue_position": 15.0, "beta_rec": 0.548579168864038, "gamma_cf": 0.28452158807063876, "beta_enc": 0.45615426205974563}, "datetime": {"elapsed": 509.261368, "delta": 5.830107, "datetime": "2020-06-13 20:47:43"}}
{"target": 8.5, "params": {"gamma_fc": 0.7772496019533358, "cue_position": 15.0, "beta_rec": 0.505458520126971, "gamma_cf": 0.30728291980540157, "beta_enc": 0.9007302433889561}, "datetime": {"elapsed": 515.120116, "delta": 5.858748, "datetime": "2020-06-13 20:47:49"}}
{"target": 10.5, "params": {"gamma_fc": 0.19527527536945155, "cue_position": 15.0, "beta_rec": 0.08333825868919786, "gamma_cf": 0.7927210894861276, "beta_enc": 0.14499872006455095}, "datetime": {"elapsed": 521.015396, "delta": 5.89528, "datetime": "2020-06-13 20:47:55"}}
{"target": 9.625, "params": {"gamma_fc": 0.9723089808528426, "cue_position": 15.0, "beta_rec": 0.13340122625648632, "gamma_cf": 0.5437349595415181, "beta_enc": 0.2963012988583743}, "datetime": {"elapsed": 526.945178, "delta": 5.929782, "datetime": "2020-06-13 20:48:01"}}
{"target": 7.75, "params": {"gamma_fc": 0.2426563798773379, "cue_position": 15.0, "beta_rec": 0.2821742074388378, "gamma_cf": 0.11998211129643988, "beta_enc": 0.020907493529244148}, "datetime": {"elapsed": 532.809913, "delta": 5.864735, "datetime": "2020-06-13 20:48:07"}}
{"target": 9.25, "params": {"gamma_fc": 0.6329364928376309, "cue_position": 15.0, "beta_rec": 0.7342593971396955, "gamma_cf": 0.26077114676960333, "beta_enc": 0.7755217063170383}, "datetime": {"elapsed": 538.76742, "delta": 5.957507, "datetime": "2020-06-13 20:48:13"}}
{"target": 10.75, "params": {"gamma_fc": 0.8695682355817073, "cue_position": 15.0, "beta_rec": 0.467799336320013, "gamma_cf": 0.6257666080999601, "beta_enc": 0.22532400280812093}, "datetime": {"elapsed": 544.723045, "delta": 5.955625, "datetime": "2020-06-13 20:48:19"}}
{"target": 10.375, "params": {"gamma_fc": 0.3547238227808308, "cue_position": 15.0, "beta_rec": 0.5279083099595574, "gamma_cf": 0.6409491643913292, "beta_enc": 0.4899621046134607}, "datetime": {"elapsed": 550.749032, "delta": 6.025987, "datetime": "2020-06-13 20:48:25"}}
{"target": 8.375, "params": {"gamma_fc": 0.34315283694660126, "cue_position": 15.0, "beta_rec": 0.1419769541332826, "gamma_cf": 0.32218304209901505, "beta_enc": 0.7216179882341054}, "datetime": {"elapsed": 556.686913, "delta": 5.937881, "datetime": "2020-06-13 20:48:31"}}
{"target": 11.125, "params": {"gamma_fc": 0.18306039296886112, "cue_position": 15.0, "beta_rec": 0.37332206223666997, "gamma_cf": 0.9826597072050931, "beta_enc": 0.06566373072413334}, "datetime": {"elapsed": 562.777199, "delta": 6.090286, "datetime": "2020-06-13 20:48:37"}}
{"target": 9.75, "params": {"gamma_fc": 0.6926984778748669, "cue_position": 15.0, "beta_rec": 0.3470773358606034, "gamma_cf": 0.7108774352972234, "beta_enc": 0.17281607888553296}, "datetime": {"elapsed": 568.811856, "delta": 6.034657, "datetime": "2020-06-13 20:48:43"}}
{"target": 11.5, "params": {"gamma_fc": 0.7731127839203205, "cue_position": 15.0, "beta_rec": 0.6365670782008088, "gamma_cf": 0.7026729889169867, "beta_enc": 0.1102042672193897}, "datetime": {"elapsed": 574.93572, "delta": 6.123864, "datetime": "2020-06-13 20:48:49"}}
{"target": 11.0, "params": {"gamma_fc": 0.619742230973507, "cue_position": 15.0, "beta_rec": 0.19633835251916887, "gamma_cf": 0.1091963380451546, "beta_enc": 0.05003682446335567}, "datetime": {"elapsed": 581.044442, "delta": 6.108722, "datetime": "2020-06-13 20:48:55"}}
{"target": 10.75, "params": {"gamma_fc": 0.18898211417731114, "cue_position": 15.0, "beta_rec": 0.37118515159819043, "gamma_cf": 0.9828566168621877, "beta_enc": 0.0645817081963781}, "datetime": {"elapsed": 587.193455, "delta": 6.149013, "datetime": "2020-06-13 20:49:01"}}
{"target": 10.75, "params": {"gamma_fc": 0.15557530880966064, "cue_position": 15.0, "beta_rec": 0.4950933692294174, "gamma_cf": 0.8174829199887121, "beta_enc": 0.24159921065271261}, "datetime": {"elapsed": 593.302016, "delta": 6.108561, "datetime": "2020-06-13 20:49:07"}}
{"target": 8.5, "params": {"gamma_fc": 0.8887724895225111, "cue_position": 15.0, "beta_rec": 0.6922868589581326, "gamma_cf": 0.4457145922482165, "beta_enc": 0.8357746842955388}, "datetime": {"elapsed": 599.361246, "delta": 6.05923, "datetime": "2020-06-13 20:49:14"}}
{"target": 9.5, "params": {"gamma_fc": 0.9780161865973886, "cue_position": 15.0, "beta_rec": 0.3291896135493406, "gamma_cf": 0.42504429835766167, "beta_enc": 0.3961748119773114}, "datetime": {"elapsed": 605.463679, "delta": 6.102433, "datetime": "2020-06-13 20:49:20"}}
{"target": 10.625, "params": {"gamma_fc": 0.5428299515738821, "cue_position": 15.0, "beta_rec": 0.19374078265192463, "gamma_cf": 0.39246997249574656, "beta_enc": 0.10151960496959656}, "datetime": {"elapsed": 611.650799, "delta": 6.18712, "datetime": "2020-06-13 20:49:26"}}
{"target": 11.0, "params": {"gamma_fc": 0.5426336801478071, "cue_position": 15.0, "beta_rec": 0.16900693434015823, "gamma_cf": 0.4054486451566519, "beta_enc": 0.08489288550151464}, "datetime": {"elapsed": 617.909472, "delta": 6.258673, "datetime": "2020-06-13 20:49:32"}}
{"target": 10.875, "params": {"gamma_fc": 0.4365148796944358, "cue_position": 15.0, "beta_rec": 0.8921417544966584, "gamma_cf": 0.6078393878613104, "beta_enc": 0.17038178151173633}, "datetime": {"elapsed": 624.162697, "delta": 6.253225, "datetime": "2020-06-13 20:49:38"}}
{"target": 10.5, "params": {"gamma_fc": 0.661915654752048, "cue_position": 15.0, "beta_rec": 0.28082463932886437, "gamma_cf": 0.6936705473575066, "beta_enc": 0.03264992764631569}, "datetime": {"elapsed": 630.40819, "delta": 6.245493, "datetime": "2020-06-13 20:49:45"}}
{"target": 8.5, "params": {"gamma_fc": 0.9529670902574302, "cue_position": 15.0, "beta_rec": 0.07282467498475698, "gamma_cf": 0.4774910465572151, "beta_enc": 0.9455539638836458}, "datetime": {"elapsed": 636.637422, "delta": 6.229232, "datetime": "2020-06-13 20:49:51"}}
{"target": 11.0, "params": {"gamma_fc": 0.5380093768842306, "cue_position": 15.0, "beta_rec": 0.3232593082310309, "gamma_cf": 0.8428110492571396, "beta_enc": 0.013772990976594457}, "datetime": {"elapsed": 642.927473, "delta": 6.290051, "datetime": "2020-06-13 20:49:57"}}
{"target": 6.25, "params": {"gamma_fc": 0.5512357024638389, "cue_position": 15.0, "beta_rec": 0.9670302879946948, "gamma_cf": 0.7554245907539987, "beta_enc": 0.922693284710127}, "datetime": {"elapsed": 649.177526, "delta": 6.250053, "datetime": "2020-06-13 20:50:03"}}
{"target": 11.0, "params": {"gamma_fc": 0.033959560110933595, "cue_position": 15.0, "beta_rec": 0.08482902047063212, "gamma_cf": 0.8247885950560484, "beta_enc": 0.2578873072599167}, "datetime": {"elapsed": 655.469879, "delta": 6.292353, "datetime": "2020-06-13 20:50:10"}}
{"target": 6.5, "params": {"gamma_fc": 0.054552289502780016, "cue_position": 15.0, "beta_rec": 0.41226853556318177, "gamma_cf": 0.6016168329166146, "beta_enc": 0.876952288744639}, "datetime": {"elapsed": 661.778345, "delta": 6.308466, "datetime": "2020-06-13 20:50:16"}}
{"target": 5.375, "params": {"gamma_fc": 0.07513417391905097, "cue_position": 15.0, "beta_rec": 0.3350711806819787, "gamma_cf": 0.6763473499149859, "beta_enc": 0.8603574053273682}, "datetime": {"elapsed": 668.011403, "delta": 6.233058, "datetime": "2020-06-13 20:50:22"}}
