{"target": 8.625, "params": {"gamma_fc": 0.8633607990058976, "cue_position": 15.0, "beta_rec": 0.8530803873932646, "gamma_cf": 0.48907772847725073, "beta_enc": 0.671976848303283}, "datetime": {"elapsed": 1272.153268, "delta": 8.976379, "datetime": "2020-06-13 21:00:26"}}
{"target": 8.875, "params": {"gamma_fc": 0.08814668604096554, "cue_position": 15.0, "beta_rec": 0.6933470048193525, "gamma_cf": 0.7020536560489432, "beta_enc": 0.33476087382641584}, "datetime": {"elapsed": 1280.918617, "delta": 8.765349, "datetime": "2020-06-13 21:00:35"}}
{"target": 9.75, "params": {"gamma_fc": 0.847504948163581, "cue_position": 15.0, "beta_rec": 0.26929893035882957, "gamma_cf": 0.8933563142927881, "beta_enc": 0.28378446736442153}, "datetime": {"elapsed": 1289.821343, "delta": 8.902726, "datetime": "2020-06-13 21:00:44"}}
{"target": 11.0, "params": {"gamma_fc": 0.955474858438963, "cue_position": 15.0, "beta_rec": 0.10899993193314805, "gamma_cf": 0.7433277771906435, "beta_enc": 0.21717233621936427}, "datetime": {"elapsed": 1299.046428, "delta": 9.225085, "datetime": "2020-06-13 21:00:53"}}
{"target": 6.75, "params": {"gamma_fc": 0.06712089518913966, "cue_position": 15.0, "beta_rec": 0.598346073536558, "gamma_cf": 0.19051339337551743, "beta_enc": 0.5084303467501654}, "datetime": {"elapsed": 1308.189366, "delta": 9.142938, "datetime": "2020-06-13 21:01:02"}}
{"target": 10.625, "params": {"gamma_fc": 0.5361274113390792, "cue_position": 15.0, "beta_rec": 0.306910613707565, "gamma_cf": 0.8471873531174545, "beta_enc": 0.023099895378952184}, "datetime": {"elapsed": 1317.61895, "delta": 9.429584, "datetime": "2020-06-13 21:01:12"}}
{"target": 3.125, "params": {"gamma_fc": 0.5004581415304638, "cue_position": 15.0, "beta_rec": 0.18600065942375543, "gamma_cf": 0.9126693203058214, "beta_enc": 0.9085659496965282}, "datetime": {"elapsed": 1326.92348, "delta": 9.30453, "datetime": "2020-06-13 21:01:21"}}
{"target": 10.625, "params": {"gamma_fc": 0.39541222384355856, "cue_position": 15.0, "beta_rec": 0.8140858316462879, "gamma_cf": 0.3473770728608431, "beta_enc": 0.250350254945811}, "datetime": {"elapsed": 1336.392512, "delta": 9.469032, "datetime": "2020-06-13 21:01:31"}}
{"target": 10.625, "params": {"gamma_fc": 0.565989475914653, "cue_position": 15.0, "beta_rec": 0.06783674330557254, "gamma_cf": 0.6021513293407459, "beta_enc": 0.020751570777244543}, "datetime": {"elapsed": 1346.07477, "delta": 9.682258, "datetime": "2020-06-13 21:01:40"}}
{"target": 4.875, "params": {"gamma_fc": 0.08295740874015745, "cue_position": 15.0, "beta_rec": 0.513006417031436, "gamma_cf": 0.9276712501596418, "beta_enc": 0.6690238208706109}, "datetime": {"elapsed": 1355.827631, "delta": 9.752861, "datetime": "2020-06-13 21:01:50"}}
{"target": 10.375, "params": {"gamma_fc": 0.992846461227215, "cue_position": 15.0, "beta_rec": 0.4346947332214025, "gamma_cf": 0.47307996232560134, "beta_enc": 0.23932797163710862}, "datetime": {"elapsed": 1365.485676, "delta": 9.658045, "datetime": "2020-06-13 21:02:00"}}
{"target": 11.375, "params": {"gamma_fc": 0.5945103774161761, "cue_position": 15.0, "beta_rec": 0.6068009853225074, "gamma_cf": 0.6318654649014416, "beta_enc": 0.205349096472895}, "datetime": {"elapsed": 1374.987364, "delta": 9.501688, "datetime": "2020-06-13 21:02:09"}}
{"target": 9.625, "params": {"gamma_fc": 0.49079484132738294, "cue_position": 15.0, "beta_rec": 0.5419193725818033, "gamma_cf": 0.2912790158963384, "beta_enc": 0.45552876607622217}, "datetime": {"elapsed": 1384.896829, "delta": 9.909465, "datetime": "2020-06-13 21:02:19"}}
{"target": 8.625, "params": {"gamma_fc": 0.916391363005113, "cue_position": 15.0, "beta_rec": 0.6025817862324744, "gamma_cf": 0.9327598212789804, "beta_enc": 0.4862075726231151}, "datetime": {"elapsed": 1394.740438, "delta": 9.843609, "datetime": "2020-06-13 21:02:29"}}
{"target": 9.75, "params": {"gamma_fc": 0.27894953378807463, "cue_position": 15.0, "beta_rec": 0.6159540396674765, "gamma_cf": 0.29847472163361144, "beta_enc": 0.3336957646074997}, "datetime": {"elapsed": 1404.71648, "delta": 9.976042, "datetime": "2020-06-13 21:02:39"}}
{"target": 8.625, "params": {"gamma_fc": 0.9336231144488301, "cue_position": 15.0, "beta_rec": 0.6787564192090777, "gamma_cf": 0.7446943824729965, "beta_enc": 0.5295831164441078}, "datetime": {"elapsed": 1414.506429, "delta": 9.789949, "datetime": "2020-06-13 21:02:49"}}
{"target": 6.875, "params": {"gamma_fc": 0.5963529515590766, "cue_position": 15.0, "beta_rec": 0.6831314367141864, "gamma_cf": 0.6657653585403392, "beta_enc": 0.7741445659449161}, "datetime": {"elapsed": 1424.847931, "delta": 10.341502, "datetime": "2020-06-13 21:02:59"}}
{"target": 11.25, "params": {"gamma_fc": 0.9575902792641369, "cue_position": 15.0, "beta_rec": 0.10802457519221431, "gamma_cf": 0.7404947341102761, "beta_enc": 0.2174407551515367}, "datetime": {"elapsed": 1435.017137, "delta": 10.169206, "datetime": "2020-06-13 21:03:09"}}
{"target": 9.75, "params": {"gamma_fc": 0.06259787299102137, "cue_position": 15.0, "beta_rec": 0.1410665056218544, "gamma_cf": 0.6868846029985364, "beta_enc": 0.16444283335808152}, "datetime": {"elapsed": 1473.183629, "delta": 38.166492, "datetime": "2020-06-13 21:03:47"}}
{"target": 10.875, "params": {"gamma_fc": 0.976617822940733, "cue_position": 15.0, "beta_rec": 0.14092561146540794, "gamma_cf": 0.5515654376200398, "beta_enc": 0.29178860872168744}, "datetime": {"elapsed": 1511.596748, "delta": 38.413119, "datetime": "2020-06-13 21:04:26"}}
{"target": 10.125, "params": {"gamma_fc": 0.6000278796394787, "cue_position": 15.0, "beta_rec": 0.9689523489114311, "gamma_cf": 0.9646926235901768, "beta_enc": 0.018773114302959026}, "datetime": {"elapsed": 1550.030794, "delta": 38.434046, "datetime": "2020-06-13 21:05:04"}}
{"target": 10.75, "params": {"gamma_fc": 0.7810620141641902, "cue_position": 15.0, "beta_rec": 0.6401786688135969, "gamma_cf": 0.7016829360546228, "beta_enc": 0.10676544347481887}, "datetime": {"elapsed": 1588.449956, "delta": 38.419162, "datetime": "2020-06-13 21:05:43"}}
{"target": 9.25, "params": {"gamma_fc": 0.6290951889722604, "cue_position": 15.0, "beta_rec": 0.8536123875005792, "gamma_cf": 0.8247475181395902, "beta_enc": 0.3485582428044587}, "datetime": {"elapsed": 1627.270028, "delta": 38.820072, "datetime": "2020-06-13 21:06:21"}}
{"target": 10.875, "params": {"gamma_fc": 0.6772000391308413, "cue_position": 15.0, "beta_rec": 0.2915967378440757, "gamma_cf": 0.7105230920260511, "beta_enc": 0.05152879189700921}, "datetime": {"elapsed": 1665.751272, "delta": 38.481244, "datetime": "2020-06-13 21:07:00"}}
{"target": 10.625, "params": {"gamma_fc": 0.08421253756491698, "cue_position": 15.0, "beta_rec": 0.14688277788990023, "gamma_cf": 0.6922001680728207, "beta_enc": 0.15081122194435315}, "datetime": {"elapsed": 1704.172425, "delta": 38.421153, "datetime": "2020-06-13 21:07:38"}}
{"target": 8.875, "params": {"gamma_fc": 0.6695836407241952, "cue_position": 15.0, "beta_rec": 0.8525628658775641, "gamma_cf": 0.6492957829563021, "beta_enc": 0.48629178745581936}, "datetime": {"elapsed": 1742.805214, "delta": 38.632789, "datetime": "2020-06-13 21:08:17"}}
{"target": 9.5, "params": {"gamma_fc": 0.678520713245485, "cue_position": 15.0, "beta_rec": 0.32544482270108377, "gamma_cf": 0.22072065401690433, "beta_enc": 0.2827105953610618}, "datetime": {"elapsed": 1781.600874, "delta": 38.79566, "datetime": "2020-06-13 21:08:56"}}
{"target": 9.25, "params": {"gamma_fc": 0.1559548117141446, "cue_position": 15.0, "beta_rec": 0.511534870040432, "gamma_cf": 0.8175653702099872, "beta_enc": 0.24489045330485304}, "datetime": {"elapsed": 1820.474255, "delta": 38.873381, "datetime": "2020-06-13 21:09:35"}}
{"target": 11.375, "params": {"gamma_fc": 0.7593334308071871, "cue_position": 15.0, "beta_rec": 0.638964987708506, "gamma_cf": 0.6965772275870137, "beta_enc": 0.10531472927453389}, "datetime": {"elapsed": 1859.797475, "delta": 39.32322, "datetime": "2020-06-13 21:10:14"}}
{"target": 10.0, "params": {"gamma_fc": 0.5843088081324463, "cue_position": 15.0, "beta_rec": 0.9706551190200359, "gamma_cf": 0.9855420607314769, "beta_enc": 0.0077590396866290545}, "datetime": {"elapsed": 1899.233884, "delta": 39.436409, "datetime": "2020-06-13 21:10:53"}}
{"target": 9.0, "params": {"gamma_fc": 0.5379600275678023, "cue_position": 15.0, "beta_rec": 0.32384142643557984, "gamma_cf": 0.8437490897684115, "beta_enc": 0.016444287985805994}, "datetime": {"elapsed": 1938.848248, "delta": 39.614364, "datetime": "2020-06-13 21:11:33"}}
{"target": 10.5, "params": {"gamma_fc": 0.19415512054116824, "cue_position": 15.0, "beta_rec": 0.0754837623766712, "gamma_cf": 0.7965718265309403, "beta_enc": 0.14314899217795596}, "datetime": {"elapsed": 1948.596491, "delta": 9.748243, "datetime": "2020-06-13 21:11:43"}}
{"target": 8.75, "params": {"gamma_fc": 0.38124395867937544, "cue_position": 15.0, "beta_rec": 0.10135298578099017, "gamma_cf": 0.4524763206986031, "beta_enc": 0.03499472094663725}, "datetime": {"elapsed": 1958.391147, "delta": 9.794656, "datetime": "2020-06-13 21:11:53"}}
{"target": 10.25, "params": {"gamma_fc": 0.737854604092105, "cue_position": 15.0, "beta_rec": 0.6482626327685121, "gamma_cf": 0.7828584314511959, "beta_enc": 0.20681217820924458}, "datetime": {"elapsed": 1968.495957, "delta": 10.10481, "datetime": "2020-06-13 21:12:03"}}
{"target": 10.25, "params": {"gamma_fc": 0.7757324543221261, "cue_position": 15.0, "beta_rec": 0.6387024646321805, "gamma_cf": 0.7031920640780235, "beta_enc": 0.11729178984519273}, "datetime": {"elapsed": 1978.162806, "delta": 9.666849, "datetime": "2020-06-13 21:12:12"}}
{"target": 7.875, "params": {"gamma_fc": 0.6738323824575744, "cue_position": 15.0, "beta_rec": 0.5174907950092368, "gamma_cf": 0.020438213032037855, "beta_enc": 0.025979954119796367}, "datetime": {"elapsed": 1988.050386, "delta": 9.88758, "datetime": "2020-06-13 21:12:22"}}
{"target": 9.5, "params": {"gamma_fc": 0.43736280846365416, "cue_position": 15.0, "beta_rec": 0.8996279428804236, "gamma_cf": 0.6039985554936879, "beta_enc": 0.16408275411887707}, "datetime": {"elapsed": 1998.28308, "delta": 10.232694, "datetime": "2020-06-13 21:12:32"}}
{"target": 10.0, "params": {"gamma_fc": 0.6810705173511216, "cue_position": 15.0, "beta_rec": 0.2889785623092789, "gamma_cf": 0.7033791982370947, "beta_enc": 0.049111524898126646}, "datetime": {"elapsed": 2008.513344, "delta": 10.230264, "datetime": "2020-06-13 21:12:43"}}
{"target": 10.25, "params": {"gamma_fc": 0.7849238896381222, "cue_position": 15.0, "beta_rec": 0.4189472773859171, "gamma_cf": 0.33616454260218354, "beta_enc": 0.016106035923240225}, "datetime": {"elapsed": 2019.227034, "delta": 10.71369, "datetime": "2020-06-13 21:12:53"}}
{"target": 9.875, "params": {"gamma_fc": 0.7704693539950676, "cue_position": 15.0, "beta_rec": 0.09890076461905639, "gamma_cf": 0.44827760143788986, "beta_enc": 0.03250520903088927}, "datetime": {"elapsed": 2029.588718, "delta": 10.361684, "datetime": "2020-06-13 21:13:04"}}
{"target": 11.0, "params": {"gamma_fc": 0.1917846851308206, "cue_position": 15.0, "beta_rec": 0.08427527543710767, "gamma_cf": 0.7846220401971394, "beta_enc": 0.14514982796520393}, "datetime": {"elapsed": 2039.870779, "delta": 10.282061, "datetime": "2020-06-13 21:13:14"}}
{"target": 9.375, "params": {"gamma_fc": 0.5627445941721734, "cue_position": 15.0, "beta_rec": 0.17574100988378671, "gamma_cf": 0.4255191128919211, "beta_enc": 0.516481057310223}, "datetime": {"elapsed": 2050.380247, "delta": 10.509468, "datetime": "2020-06-13 21:13:25"}}
{"target": 10.0, "params": {"gamma_fc": 0.774854831431373, "cue_position": 15.0, "beta_rec": 0.7447169325256068, "gamma_cf": 0.5155995821754206, "beta_enc": 0.14458447969290933}, "datetime": {"elapsed": 2060.959967, "delta": 10.57972, "datetime": "2020-06-13 21:13:35"}}
{"target": 6.75, "params": {"gamma_fc": 0.42517389394850025, "cue_position": 15.0, "beta_rec": 0.25265060054089716, "gamma_cf": 0.2207639186436653, "beta_enc": 0.688438984822656}, "datetime": {"elapsed": 2072.054378, "delta": 11.094411, "datetime": "2020-06-13 21:13:46"}}
{"target": 4.375, "params": {"gamma_fc": 0.9526456125363366, "cue_position": 15.0, "beta_rec": 0.19564306589727531, "gamma_cf": 0.7286263594601857, "beta_enc": 0.9982558221568688}, "datetime": {"elapsed": 2082.773921, "delta": 10.719543, "datetime": "2020-06-13 21:13:57"}}
{"target": 10.125, "params": {"gamma_fc": 0.10794341006122721, "cue_position": 15.0, "beta_rec": 0.16375260061928465, "gamma_cf": 0.9044780846247251, "beta_enc": 0.2915933499850968}, "datetime": {"elapsed": 2093.309444, "delta": 10.535523, "datetime": "2020-06-13 21:14:07"}}
{"target": 10.5, "params": {"gamma_fc": 0.5352351168400982, "cue_position": 15.0, "beta_rec": 0.31271844825942297, "gamma_cf": 0.8516316903387606, "beta_enc": 0.022231447609767696}, "datetime": {"elapsed": 2103.933979, "delta": 10.624535, "datetime": "2020-06-13 21:14:18"}}
{"target": 4.625, "params": {"gamma_fc": 0.8203726182915783, "cue_position": 15.0, "beta_rec": 0.06576419541152001, "gamma_cf": 0.7078268802812036, "beta_enc": 0.833341700360446}, "datetime": {"elapsed": 2114.682822, "delta": 10.748843, "datetime": "2020-06-13 21:14:29"}}
{"target": 8.875, "params": {"gamma_fc": 0.5845234177293919, "cue_position": 15.0, "beta_rec": 0.9109869033876468, "gamma_cf": 0.39927242664062557, "beta_enc": 0.9252481470794323}, "datetime": {"elapsed": 2125.278885, "delta": 10.596063, "datetime": "2020-06-13 21:14:39"}}
{"target": 9.625, "params": {"gamma_fc": 0.1233977022051852, "cue_position": 15.0, "beta_rec": 0.26464752300114003, "gamma_cf": 0.7505973627482634, "beta_enc": 0.12749429824971392}, "datetime": {"elapsed": 2136.088559, "delta": 10.809674, "datetime": "2020-06-13 21:14:50"}}
{"target": 8.875, "params": {"gamma_fc": 0.39295426885853857, "cue_position": 15.0, "beta_rec": 0.10282388040753698, "gamma_cf": 0.4372013712546815, "beta_enc": 0.02669199921315768}, "datetime": {"elapsed": 2146.782283, "delta": 10.693724, "datetime": "2020-06-13 21:15:01"}}
{"target": 10.625, "params": {"gamma_fc": 0.9772238821676329, "cue_position": 15.0, "beta_rec": 0.33410160741280037, "gamma_cf": 0.41796067363666856, "beta_enc": 0.39329783996554224}, "datetime": {"elapsed": 2157.503513, "delta": 10.72123, "datetime": "2020-06-13 21:15:12"}}
{"target": 10.0, "params": {"gamma_fc": 0.5348162425450699, "cue_position": 15.0, "beta_rec": 0.7067662273871334, "gamma_cf": 0.4917730166617795, "beta_enc": 0.45521716484315444}, "datetime": {"elapsed": 2168.772511, "delta": 11.268998, "datetime": "2020-06-13 21:15:23"}}
{"target": 11.125, "params": {"gamma_fc": 0.18867793800510257, "cue_position": 15.0, "beta_rec": 0.3766780306507077, "gamma_cf": 0.9813602958749293, "beta_enc": 0.07264046291484294}, "datetime": {"elapsed": 2179.499275, "delta": 10.726764, "datetime": "2020-06-13 21:15:34"}}
{"target": 10.5, "params": {"gamma_fc": 0.39557868200915847, "cue_position": 15.0, "beta_rec": 0.09660571253691275, "gamma_cf": 0.2343409837305459, "beta_enc": 0.2770242543017507}, "datetime": {"elapsed": 2190.912062, "delta": 11.412787, "datetime": "2020-06-13 21:15:45"}}
{"target": 9.0, "params": {"gamma_fc": 0.6345891090488778, "cue_position": 15.0, "beta_rec": 0.08926799230151627, "gamma_cf": 0.18962494262504714, "beta_enc": 0.46073340381828765}, "datetime": {"elapsed": 2202.088595, "delta": 11.176533, "datetime": "2020-06-13 21:15:56"}}
{"target": 7.5, "params": {"gamma_fc": 0.1160033722429964, "cue_position": 15.0, "beta_rec": 0.6982173823096172, "gamma_cf": 0.30036330336747274, "beta_enc": 0.10110990317492718}, "datetime": {"elapsed": 2213.283352, "delta": 11.194757, "datetime": "2020-06-13 21:16:07"}}
{"target": 10.75, "params": {"gamma_fc": 0.775310289100755, "cue_position": 15.0, "beta_rec": 0.744313112261574, "gamma_cf": 0.5118424331701674, "beta_enc": 0.14145216137071304}, "datetime": {"elapsed": 2224.937458, "delta": 11.654106, "datetime": "2020-06-13 21:16:19"}}
{"target": 10.875, "params": {"gamma_fc": 0.7925422868321819, "cue_position": 15.0, "beta_rec": 0.41168024982180695, "gamma_cf": 0.3396215596589628, "beta_enc": 0.019901112850234215}, "datetime": {"elapsed": 2269.468518, "delta": 44.53106, "datetime": "2020-06-13 21:17:04"}}
{"target": 10.5, "params": {"gamma_fc": 0.6537832306202317, "cue_position": 15.0, "beta_rec": 0.28366017579373715, "gamma_cf": 0.7081422833510789, "beta_enc": 0.04092921516617465}, "datetime": {"elapsed": 2314.365705, "delta": 44.897187, "datetime": "2020-06-13 21:17:49"}}
{"target": 9.25, "params": {"gamma_fc": 0.21845471504474778, "cue_position": 15.0, "beta_rec": 0.7306694861465333, "gamma_cf": 0.22188527038128236, "beta_enc": 0.30441048771003154}, "datetime": {"elapsed": 2326.395173, "delta": 12.029468, "datetime": "2020-06-13 21:18:01"}}
{"target": 9.25, "params": {"gamma_fc": 0.9716334714888591, "cue_position": 15.0, "beta_rec": 0.14384319442569982, "gamma_cf": 0.5387466162566916, "beta_enc": 0.3051712988519011}, "datetime": {"elapsed": 2338.437499, "delta": 12.042326, "datetime": "2020-06-13 21:18:13"}}
{"target": 4.625, "params": {"gamma_fc": 0.7947902577632662, "cue_position": 15.0, "beta_rec": 0.09058910358049332, "gamma_cf": 0.7754540271132442, "beta_enc": 0.9395566392312434}, "datetime": {"elapsed": 2350.589275, "delta": 12.151776, "datetime": "2020-06-13 21:18:25"}}
{"target": 10.25, "params": {"gamma_fc": 0.513250172250142, "cue_position": 15.0, "beta_rec": 0.7114400987737229, "gamma_cf": 0.7964916079253926, "beta_enc": 0.013307491049364684}, "datetime": {"elapsed": 2396.661673, "delta": 46.072398, "datetime": "2020-06-13 21:19:11"}}
{"target": 10.75, "params": {"gamma_fc": 0.5348091988325109, "cue_position": 15.0, "beta_rec": 0.30932874792671194, "gamma_cf": 0.8442990925069825, "beta_enc": 0.007481415653901924}, "datetime": {"elapsed": 2442.381383, "delta": 45.71971, "datetime": "2020-06-13 21:19:57"}}
{"target": 9.125, "params": {"gamma_fc": 0.14028686354585906, "cue_position": 15.0, "beta_rec": 0.6563053575901893, "gamma_cf": 0.6877270187075188, "beta_enc": 0.04646491517196383}, "datetime": {"elapsed": 2488.443885, "delta": 46.062502, "datetime": "2020-06-13 21:20:43"}}
{"target": 9.0, "params": {"gamma_fc": 0.5473111572241797, "cue_position": 15.0, "beta_rec": 0.9820120724685415, "gamma_cf": 0.3771986712472113, "beta_enc": 0.3162027187681882}, "datetime": {"elapsed": 2534.805027, "delta": 46.361142, "datetime": "2020-06-13 21:21:29"}}
{"target": 8.5, "params": {"gamma_fc": 0.2733140307948517, "cue_position": 15.0, "beta_rec": 0.636432328376963, "gamma_cf": 0.17399251717237252, "beta_enc": 0.008184056003096574}, "datetime": {"elapsed": 2547.098424, "delta": 12.293397, "datetime": "2020-06-13 21:21:41"}}
{"target": 8.625, "params": {"gamma_fc": 0.3887437005718609, "cue_position": 15.0, "beta_rec": 0.9370744629154908, "gamma_cf": 0.6109814086703648, "beta_enc": 0.5261395931606683}, "datetime": {"elapsed": 2559.571118, "delta": 12.472694, "datetime": "2020-06-13 21:21:54"}}
{"target": 10.5, "params": {"gamma_fc": 0.06416794727392505, "cue_position": 15.0, "beta_rec": 0.15866944294264895, "gamma_cf": 0.700513635080138, "beta_enc": 0.16170821427398685}, "datetime": {"elapsed": 2571.817754, "delta": 12.246636, "datetime": "2020-06-13 21:22:06"}}
{"target": 10.25, "params": {"gamma_fc": 0.7740656160616982, "cue_position": 15.0, "beta_rec": 0.4017008257337825, "gamma_cf": 0.350523308776698, "beta_enc": 0.02408593303011497}, "datetime": {"elapsed": 2618.604415, "delta": 46.786661, "datetime": "2020-06-13 21:22:53"}}
{"target": 10.5, "params": {"gamma_fc": 0.170513320214136, "cue_position": 15.0, "beta_rec": 0.38266777074645486, "gamma_cf": 0.9824660674167173, "beta_enc": 0.07510932990574637}, "datetime": {"elapsed": 2631.20595, "delta": 12.601535, "datetime": "2020-06-13 21:23:05"}}
{"target": 9.75, "params": {"gamma_fc": 0.5156283304029662, "cue_position": 15.0, "beta_rec": 0.7131824088633509, "gamma_cf": 0.7946986093779053, "beta_enc": 0.01524991627617589}, "datetime": {"elapsed": 2643.685485, "delta": 12.479535, "datetime": "2020-06-13 21:23:18"}}
{"target": 9.5, "params": {"gamma_fc": 0.6726889572576997, "cue_position": 15.0, "beta_rec": 0.3202946154271328, "gamma_cf": 0.21834868068439883, "beta_enc": 0.27738077164971997}, "datetime": {"elapsed": 2691.862176, "delta": 48.176691, "datetime": "2020-06-13 21:24:06"}}
{"target": 10.625, "params": {"gamma_fc": 0.4392271909983404, "cue_position": 15.0, "beta_rec": 0.8918375360259019, "gamma_cf": 0.6117530457336453, "beta_enc": 0.15874964693178517}, "datetime": {"elapsed": 2740.389628, "delta": 48.527452, "datetime": "2020-06-13 21:24:55"}}
{"target": 8.0, "params": {"gamma_fc": 0.3607208509759695, "cue_position": 15.0, "beta_rec": 0.5246861785153898, "gamma_cf": 0.6323078886543628, "beta_enc": 0.48328253052181214}, "datetime": {"elapsed": 2789.209673, "delta": 48.820045, "datetime": "2020-06-13 21:25:43"}}
{"target": 9.625, "params": {"gamma_fc": 0.6169833682722256, "cue_position": 15.0, "beta_rec": 0.20252101552920132, "gamma_cf": 0.10558986337454246, "beta_enc": 0.054698140624578895}, "datetime": {"elapsed": 2838.918546, "delta": 49.708873, "datetime": "2020-06-13 21:26:33"}}
{"target": 9.375, "params": {"gamma_fc": 0.37741632693555793, "cue_position": 15.0, "beta_rec": 0.1003669963341326, "gamma_cf": 0.4626436890291551, "beta_enc": 0.033491719423030086}, "datetime": {"elapsed": 2888.177015, "delta": 49.258469, "datetime": "2020-06-13 21:27:22"}}
{"target": 11.25, "params": {"gamma_fc": 0.6029565628788924, "cue_position": 15.0, "beta_rec": 0.6082541123436795, "gamma_cf": 0.6358092671726696, "beta_enc": 0.2083970265639017}, "datetime": {"elapsed": 2937.673973, "delta": 49.496958, "datetime": "2020-06-13 21:28:12"}}
{"target": 10.125, "params": {"gamma_fc": 0.5588382475381716, "cue_position": 15.0, "beta_rec": 0.6410261616381575, "gamma_cf": 0.32525977645895, "beta_enc": 0.12064729849958811}, "datetime": {"elapsed": 2986.926402, "delta": 49.252429, "datetime": "2020-06-13 21:29:01"}}
