{"target": 2.2088888888888887, "params": {"k": 3.0, "beta_enc": 0.9934604630998499, "gamma_fc": 0.9182585891320579, "enc_rate": 1.0, "beta_rec": 0.8344865140180296, "primacy": 0.8}, "datetime": {"elapsed": 5848.114622, "datetime": "2020-10-05 16:04:14", "delta": 21.356733}}
{"target": 7.395999999999999, "params": {"k": 3.0, "beta_enc": 0.4740062899880546, "gamma_fc": 0.48956496114516856, "enc_rate": 1.0, "beta_rec": 0.3491674129570773, "primacy": 0.8}, "datetime": {"elapsed": 5886.028611, "datetime": "2020-10-05 16:04:52", "delta": 37.913989}}
{"target": 7.388666666666667, "params": {"k": 3.0, "beta_enc": 0.4466350458236905, "gamma_fc": 0.27380970415810857, "enc_rate": 1.0, "beta_rec": 0.8770343892703519, "primacy": 0.8}, "datetime": {"elapsed": 5924.074711, "datetime": "2020-10-05 16:05:30", "delta": 38.0461}}
{"target": 7.477777777777779, "params": {"k": 3.0, "beta_enc": 0.22012867402698122, "gamma_fc": 0.09410027449963942, "enc_rate": 1.0, "beta_rec": 0.6714291710812733, "primacy": 0.8}, "datetime": {"elapsed": 5962.362555, "datetime": "2020-10-05 16:06:08", "delta": 38.287844}}
{"target": 7.536444444444444, "params": {"k": 3.0, "beta_enc": 0.3860040110225955, "gamma_fc": 0.07602387944210687, "enc_rate": 1.0, "beta_rec": 0.5715420927253323, "primacy": 0.8}, "datetime": {"elapsed": 6000.876603, "datetime": "2020-10-05 16:06:47", "delta": 38.514048}}
{"target": 6.182444444444444, "params": {"k": 3.0, "beta_enc": 0.8125073041746718, "gamma_fc": 0.3394167240176095, "enc_rate": 1.0, "beta_rec": 0.2838018349468743, "primacy": 0.8}, "datetime": {"elapsed": 6034.922133, "datetime": "2020-10-05 16:07:21", "delta": 34.04553}}
{"target": 7.455111111111111, "params": {"k": 3.0, "beta_enc": 0.3117029177189814, "gamma_fc": 0.7744772660150796, "enc_rate": 1.0, "beta_rec": 0.6687966059228697, "primacy": 0.8}, "datetime": {"elapsed": 6073.170714, "datetime": "2020-10-05 16:07:59", "delta": 38.248581}}
{"target": 7.336666666666668, "params": {"k": 3.0, "beta_enc": 0.7517077209192669, "gamma_fc": 0.21076450246870537, "enc_rate": 1.0, "beta_rec": 0.7626320954451107, "primacy": 0.8}, "datetime": {"elapsed": 6110.875788, "datetime": "2020-10-05 16:08:37", "delta": 37.705074}}
{"target": 7.534666666666666, "params": {"k": 3.0, "beta_enc": 0.03711266449399442, "gamma_fc": 0.430471782744975, "enc_rate": 1.0, "beta_rec": 0.6938554113738997, "primacy": 0.8}, "datetime": {"elapsed": 6149.310892, "datetime": "2020-10-05 16:09:15", "delta": 38.435104}}
{"target": 7.496888888888888, "params": {"k": 3.0, "beta_enc": 0.03985992663545257, "gamma_fc": 0.3356638011646498, "enc_rate": 1.0, "beta_rec": 0.13479311796067905, "primacy": 0.8}, "datetime": {"elapsed": 6187.518896, "datetime": "2020-10-05 16:09:53", "delta": 38.208004}}
{"target": 7.272666666666666, "params": {"k": 3.0, "beta_enc": 0.5120610275239188, "gamma_fc": 0.8477004682374377, "enc_rate": 1.0, "beta_rec": 0.6174610120171561, "primacy": 0.8}, "datetime": {"elapsed": 6225.17115, "datetime": "2020-10-05 16:10:31", "delta": 37.652254}}
{"target": 5.10911111111111, "params": {"k": 3.0, "beta_enc": 0.8730681484470995, "gamma_fc": 0.9517756930338517, "enc_rate": 1.0, "beta_rec": 0.6562015477440989, "primacy": 0.8}, "datetime": {"elapsed": 6255.941064, "datetime": "2020-10-05 16:11:02", "delta": 30.769914}}
{"target": 7.541333333333334, "params": {"k": 3.0, "beta_enc": 0.0633434434563398, "gamma_fc": 0.0816239827150681, "enc_rate": 1.0, "beta_rec": 0.4216578860324509, "primacy": 0.8}, "datetime": {"elapsed": 6294.652441, "datetime": "2020-10-05 16:11:41", "delta": 38.711377}}
{"target": 6.891333333333333, "params": {"k": 3.0, "beta_enc": 0.7728856021671178, "gamma_fc": 0.48644074317039476, "enc_rate": 1.0, "beta_rec": 0.8414221567958434, "primacy": 0.8}, "datetime": {"elapsed": 6330.976344, "datetime": "2020-10-05 16:12:17", "delta": 36.323903}}
{"target": 5.962222222222222, "params": {"k": 3.0, "beta_enc": 0.9438926277837961, "gamma_fc": 0.344861343716251, "enc_rate": 1.0, "beta_rec": 0.6139340023847009, "primacy": 0.8}, "datetime": {"elapsed": 6364.393414, "datetime": "2020-10-05 16:12:50", "delta": 33.41707}}
{"target": 7.408444444444444, "params": {"k": 3.0, "beta_enc": 0.23581463714751372, "gamma_fc": 0.06491158533912933, "enc_rate": 1.0, "beta_rec": 0.9408279632013994, "primacy": 0.8}, "datetime": {"elapsed": 6402.360713, "datetime": "2020-10-05 16:13:28", "delta": 37.967299}}
{"target": 7.195555555555555, "params": {"k": 3.0, "beta_enc": 0.6049268729742817, "gamma_fc": 0.6004889552745444, "enc_rate": 1.0, "beta_rec": 0.7323748991793305, "primacy": 0.8}, "datetime": {"elapsed": 6439.639014, "datetime": "2020-10-05 16:14:06", "delta": 37.278301}}
{"target": 7.562666666666667, "params": {"k": 3.0, "beta_enc": 0.13051067133926597, "gamma_fc": 0.531287810481058, "enc_rate": 1.0, "beta_rec": 0.8424458099564136, "primacy": 0.8}, "datetime": {"elapsed": 6478.423177, "datetime": "2020-10-05 16:14:44", "delta": 38.784163}}
{"target": 5.038444444444444, "params": {"k": 3.0, "beta_enc": 0.8726861649194619, "gamma_fc": 0.8969850695075825, "enc_rate": 1.0, "beta_rec": 0.42166593484970927, "primacy": 0.8}, "datetime": {"elapsed": 6508.653156, "datetime": "2020-10-05 16:15:15", "delta": 30.229979}}
{"target": 5.892222222222221, "params": {"k": 3.0, "beta_enc": 0.8817706230828073, "gamma_fc": 0.527267456485417, "enc_rate": 1.0, "beta_rec": 0.48675074481833813, "primacy": 0.8}, "datetime": {"elapsed": 6541.897791, "datetime": "2020-10-05 16:15:48", "delta": 33.244635}}
{"target": 7.444, "params": {"k": 3.0, "beta_enc": 0.2821394484048606, "gamma_fc": 0.11510304096690338, "enc_rate": 1.0, "beta_rec": 0.8837555081806009, "primacy": 0.8}, "datetime": {"elapsed": 6579.535879, "datetime": "2020-10-05 16:16:25", "delta": 37.638088}}
{"target": 7.495777777777778, "params": {"k": 3.0, "beta_enc": 0.23944623690468037, "gamma_fc": 0.8448725182357391, "enc_rate": 1.0, "beta_rec": 0.13141566053746057, "primacy": 0.8}, "datetime": {"elapsed": 6617.687616, "datetime": "2020-10-05 16:17:04", "delta": 38.151737}}
{"target": 7.452000000000001, "params": {"k": 3.0, "beta_enc": 0.34567921329602547, "gamma_fc": 0.6157042872039488, "enc_rate": 1.0, "beta_rec": 0.5956250981349497, "primacy": 0.8}, "datetime": {"elapsed": 6655.983096, "datetime": "2020-10-05 16:17:42", "delta": 38.29548}}
{"target": 4.353777777777777, "params": {"k": 3.0, "beta_enc": 0.9482094981876252, "gamma_fc": 0.7529259149799422, "enc_rate": 1.0, "beta_rec": 0.5346790571795887, "primacy": 0.8}, "datetime": {"elapsed": 6684.083193, "datetime": "2020-10-05 16:18:10", "delta": 28.100097}}
{"target": 5.415111111111111, "params": {"k": 3.0, "beta_enc": 0.9176063476443932, "gamma_fc": 0.6046720523491877, "enc_rate": 1.0, "beta_rec": 0.5883673328938768, "primacy": 0.8}, "datetime": {"elapsed": 6715.69728, "datetime": "2020-10-05 16:18:42", "delta": 31.614087}}
{"target": 7.518000000000001, "params": {"k": 3.0, "beta_enc": 0.3209863745244532, "gamma_fc": 0.44034708683123824, "enc_rate": 1.0, "beta_rec": 0.12295477155217849, "primacy": 0.8}, "datetime": {"elapsed": 6753.860091, "datetime": "2020-10-05 16:19:20", "delta": 38.162811}}
{"target": 7.565777777777778, "params": {"k": 3.0, "beta_enc": 0.03606831456985993, "gamma_fc": 0.012096760015357866, "enc_rate": 1.0, "beta_rec": 0.20018211641098693, "primacy": 0.8}, "datetime": {"elapsed": 6791.910997, "datetime": "2020-10-05 16:19:58", "delta": 38.050906}}
{"target": 1.8960000000000001, "params": {"k": 3.0, "beta_enc": 0.9974849927283295, "gamma_fc": 0.9289494618931157, "enc_rate": 1.0, "beta_rec": 0.5820299763434618, "primacy": 0.8}, "datetime": {"elapsed": 6811.915855, "datetime": "2020-10-05 16:20:18", "delta": 20.004858}}
{"target": 7.158666666666666, "params": {"k": 3.0, "beta_enc": 0.5878715062961865, "gamma_fc": 0.37165457672418245, "enc_rate": 1.0, "beta_rec": 0.2641376442105696, "primacy": 0.8}, "datetime": {"elapsed": 6849.065473, "datetime": "2020-10-05 16:20:55", "delta": 37.149618}}
{"target": 5.894888888888888, "params": {"k": 3.0, "beta_enc": 0.6958461339323264, "gamma_fc": 0.7530706558694549, "enc_rate": 1.0, "beta_rec": 0.07194722016400112, "primacy": 0.8}, "datetime": {"elapsed": 6882.090453, "datetime": "2020-10-05 16:21:28", "delta": 33.02498}}
{"target": 7.574444444444444, "params": {"k": 3.0, "beta_enc": 0.0800609772712173, "gamma_fc": 0.6724726505249299, "enc_rate": 1.0, "beta_rec": 0.48169628302117706, "primacy": 0.8}, "datetime": {"elapsed": 6920.471518, "datetime": "2020-10-05 16:22:06", "delta": 38.381065}}
{"target": 7.4528888888888885, "params": {"k": 3.0, "beta_enc": 0.6816453376026229, "gamma_fc": 0.15098073327964578, "enc_rate": 1.0, "beta_rec": 0.6971485287527562, "primacy": 0.8}, "datetime": {"elapsed": 6958.652524, "datetime": "2020-10-05 16:22:45", "delta": 38.181006}}
{"target": 5.162222222222223, "params": {"k": 3.0, "beta_enc": 0.9041029859138049, "gamma_fc": 0.3910991231067624, "enc_rate": 1.0, "beta_rec": 0.23376869260410593, "primacy": 0.8}, "datetime": {"elapsed": 6989.459817, "datetime": "2020-10-05 16:23:15", "delta": 30.807293}}
{"target": 7.42911111111111, "params": {"k": 3.0, "beta_enc": 0.6135258996684316, "gamma_fc": 0.09944056291558923, "enc_rate": 1.0, "beta_rec": 0.7600017523497489, "primacy": 0.8}, "datetime": {"elapsed": 7027.57366, "datetime": "2020-10-05 16:23:53", "delta": 38.113843}}
{"target": 7.512222222222222, "params": {"k": 3.0, "beta_enc": 0.19384776750950716, "gamma_fc": 0.688845259018665, "enc_rate": 1.0, "beta_rec": 0.8207464986229382, "primacy": 0.8}, "datetime": {"elapsed": 7065.905356, "datetime": "2020-10-05 16:24:32", "delta": 38.331696}}
{"target": 7.554666666666667, "params": {"k": 3.0, "beta_enc": 0.23507763668617032, "gamma_fc": 0.0254762357788203, "enc_rate": 1.0, "beta_rec": 0.461602080891622, "primacy": 0.8}, "datetime": {"elapsed": 7104.103238, "datetime": "2020-10-05 16:25:10", "delta": 38.197882}}
{"target": 7.4462222222222225, "params": {"k": 3.0, "beta_enc": 0.33039174636170277, "gamma_fc": 0.8646861447635343, "enc_rate": 1.0, "beta_rec": 0.8434941260636555, "primacy": 0.8}, "datetime": {"elapsed": 7145.92777, "datetime": "2020-10-05 16:25:52", "delta": 41.824532}}
{"target": 7.51, "params": {"k": 3.0, "beta_enc": 0.200727488035091, "gamma_fc": 0.30499397583521604, "enc_rate": 1.0, "beta_rec": 0.5295466104783949, "primacy": 0.8}, "datetime": {"elapsed": 7184.291377, "datetime": "2020-10-05 16:26:30", "delta": 38.363607}}
{"target": 7.481333333333334, "params": {"k": 3.0, "beta_enc": 0.32984456268188234, "gamma_fc": 0.07569688175830336, "enc_rate": 1.0, "beta_rec": 0.6830743663365642, "primacy": 0.8}, "datetime": {"elapsed": 7222.452787, "datetime": "2020-10-05 16:27:08", "delta": 38.16141}}
{"target": 7.209555555555555, "params": {"k": 3.0, "beta_enc": 0.8497689100179306, "gamma_fc": 0.151375569992799, "enc_rate": 1.0, "beta_rec": 0.6671187886992039, "primacy": 0.8}, "datetime": {"elapsed": 7259.703255, "datetime": "2020-10-05 16:27:46", "delta": 37.250468}}
{"target": 7.544444444444444, "params": {"k": 3.0, "beta_enc": 0.0, "gamma_fc": 0.07045047570849342, "enc_rate": 1.0, "beta_rec": 0.8853177055521678, "primacy": 0.8}, "datetime": {"elapsed": 7312.248836, "datetime": "2020-10-05 16:28:38", "delta": 52.545581}}
{"target": 1.0, "params": {"k": 3.0, "beta_enc": 0.0, "gamma_fc": 0.0, "enc_rate": 1.0, "beta_rec": 1.0, "primacy": 0.8}, "datetime": {"elapsed": 7340.648482, "datetime": "2020-10-05 16:29:07", "delta": 28.399646}}
{"target": 7.5955555555555545, "params": {"k": 3.0, "beta_enc": 0.037615187752582546, "gamma_fc": 0.029013555550340797, "enc_rate": 1.0, "beta_rec": 0.9128689531886325, "primacy": 0.8}, "datetime": {"elapsed": 7403.563616, "datetime": "2020-10-05 16:30:09", "delta": 62.915134}}
{"target": 7.614888888888889, "params": {"k": 3.0, "beta_enc": 0.02780676666570134, "gamma_fc": 0.020082991361428947, "enc_rate": 1.0, "beta_rec": 0.9333438017626278, "primacy": 0.8}, "datetime": {"elapsed": 7467.791783, "datetime": "2020-10-05 16:31:14", "delta": 64.228167}}
{"target": 7.577555555555556, "params": {"k": 3.0, "beta_enc": 0.04509686477107176, "gamma_fc": 0.04263136608464266, "enc_rate": 1.0, "beta_rec": 0.8963577347188036, "primacy": 0.8}, "datetime": {"elapsed": 7531.59881, "datetime": "2020-10-05 16:32:17", "delta": 63.807027}}
{"target": 7.535333333333334, "params": {"k": 3.0, "beta_enc": 0.05852164454597056, "gamma_fc": 0.3426603947649287, "enc_rate": 1.0, "beta_rec": 0.41427440459233705, "primacy": 0.8}, "datetime": {"elapsed": 7592.564263, "datetime": "2020-10-05 16:33:18", "delta": 60.965453}}
{"target": 7.581777777777778, "params": {"k": 3.0, "beta_enc": 0.019319426461900963, "gamma_fc": 0.022414270260857617, "enc_rate": 1.0, "beta_rec": 0.9382017239848124, "primacy": 0.8}, "datetime": {"elapsed": 7655.814701, "datetime": "2020-10-05 16:34:22", "delta": 63.250438}}
{"target": 7.597999999999999, "params": {"k": 3.0, "beta_enc": 0.026608471162811304, "gamma_fc": 0.014679395921583167, "enc_rate": 1.0, "beta_rec": 0.9429804533947866, "primacy": 0.8}, "datetime": {"elapsed": 7718.889161, "datetime": "2020-10-05 16:35:25", "delta": 63.07446}}
{"target": 7.553999999999999, "params": {"k": 3.0, "beta_enc": 0.025299194240041005, "gamma_fc": 0.07674786427858582, "enc_rate": 1.0, "beta_rec": 0.8744893414112909, "primacy": 0.8}, "datetime": {"elapsed": 7780.122491, "datetime": "2020-10-05 16:36:26", "delta": 61.23333}}
{"target": 7.4946666666666655, "params": {"k": 3.0, "beta_enc": 0.05658460753736748, "gamma_fc": 0.6627474095116574, "enc_rate": 1.0, "beta_rec": 0.445162951331163, "primacy": 0.8}, "datetime": {"elapsed": 7841.979848, "datetime": "2020-10-05 16:37:28", "delta": 61.857357}}
{"target": 7.546222222222222, "params": {"k": 3.0, "beta_enc": 0.0471345017725039, "gamma_fc": 0.05161161142469438, "enc_rate": 1.0, "beta_rec": 0.19577162706031156, "primacy": 0.8}, "datetime": {"elapsed": 7904.150872, "datetime": "2020-10-05 16:38:30", "delta": 62.171024}}
{"target": 7.5168888888888885, "params": {"k": 3.0, "beta_enc": 0.36781985686023405, "gamma_fc": 0.10601138214706977, "enc_rate": 1.0, "beta_rec": 0.5554239226378753, "primacy": 0.8}, "datetime": {"elapsed": 7966.823375, "datetime": "2020-10-05 16:39:33", "delta": 62.672503}}
{"target": 7.527111111111111, "params": {"k": 3.0, "beta_enc": 0.2899156540926636, "gamma_fc": 0.4765863052174875, "enc_rate": 1.0, "beta_rec": 0.1404537088262589, "primacy": 0.8}, "datetime": {"elapsed": 8029.847523, "datetime": "2020-10-05 16:40:36", "delta": 63.024148}}
{"target": 7.55111111111111, "params": {"k": 3.0, "beta_enc": 0.12416185336014551, "gamma_fc": 0.4518463810243805, "enc_rate": 1.0, "beta_rec": 0.7056352139603265, "primacy": 0.8}, "datetime": {"elapsed": 8090.92163, "datetime": "2020-10-05 16:41:37", "delta": 61.074107}}
{"target": 7.514222222222221, "params": {"k": 3.0, "beta_enc": 0.06826062642229698, "gamma_fc": 0.4378014281305703, "enc_rate": 1.0, "beta_rec": 0.7306270759495416, "primacy": 0.8}, "datetime": {"elapsed": 8154.774137, "datetime": "2020-10-05 16:42:41", "delta": 63.852507}}
{"target": 7.510666666666667, "params": {"k": 3.0, "beta_enc": 0.054299014151165344, "gamma_fc": 0.7585786773130535, "enc_rate": 1.0, "beta_rec": 0.7385729125761751, "primacy": 0.8}, "datetime": {"elapsed": 8218.464447, "datetime": "2020-10-05 16:43:44", "delta": 63.69031}}
{"target": 7.551555555555555, "params": {"k": 3.0, "beta_enc": 0.170024268027791, "gamma_fc": 0.826596482190489, "enc_rate": 1.0, "beta_rec": 0.38707484743002757, "primacy": 0.8}, "datetime": {"elapsed": 8282.946186, "datetime": "2020-10-05 16:44:49", "delta": 64.481739}}
{"target": 7.569555555555556, "params": {"k": 3.0, "beta_enc": 0.13297575660477112, "gamma_fc": 0.50432024236282, "enc_rate": 1.0, "beta_rec": 0.7952315790300968, "primacy": 0.8}, "datetime": {"elapsed": 8347.383614, "datetime": "2020-10-05 16:45:53", "delta": 64.437428}}
{"target": 7.501777777777778, "params": {"k": 3.0, "beta_enc": 0.07121801865243013, "gamma_fc": 0.940829634167493, "enc_rate": 1.0, "beta_rec": 0.721163080978628, "primacy": 0.8}, "datetime": {"elapsed": 8410.995216, "datetime": "2020-10-05 16:46:57", "delta": 63.611602}}
{"target": 7.4717777777777785, "params": {"k": 3.0, "beta_enc": 0.22486804571154134, "gamma_fc": 0.8695813249549587, "enc_rate": 1.0, "beta_rec": 0.6071596424068005, "primacy": 0.8}, "datetime": {"elapsed": 8473.48361, "datetime": "2020-10-05 16:47:59", "delta": 62.488394}}
{"target": 7.628666666666666, "params": {"k": 3.0, "beta_enc": 0.040135229670084614, "gamma_fc": 0.03529859448004966, "enc_rate": 1.0, "beta_rec": 0.9316461861058265, "primacy": 0.8}, "datetime": {"elapsed": 8539.147024, "datetime": "2020-10-05 16:49:05", "delta": 65.663414}}
{"target": 7.516222222222223, "params": {"k": 3.0, "beta_enc": 0.2505414452598548, "gamma_fc": 0.4120277973663245, "enc_rate": 1.0, "beta_rec": 0.22006598214934972, "primacy": 0.8}, "datetime": {"elapsed": 8602.924745, "datetime": "2020-10-05 16:50:09", "delta": 63.777721}}
{"target": 7.5408888888888885, "params": {"k": 3.0, "beta_enc": 0.16201082580286863, "gamma_fc": 0.46337023861034693, "enc_rate": 1.0, "beta_rec": 0.7476120508836067, "primacy": 0.8}, "datetime": {"elapsed": 8666.018975, "datetime": "2020-10-05 16:51:12", "delta": 63.09423}}
{"target": 7.493333333333334, "params": {"k": 3.0, "beta_enc": 0.17988311160620835, "gamma_fc": 0.34955561001148006, "enc_rate": 1.0, "beta_rec": 0.24529556156396662, "primacy": 0.8}, "datetime": {"elapsed": 8730.132187, "datetime": "2020-10-05 16:52:16", "delta": 64.113212}}
{"target": 7.535555555555556, "params": {"k": 3.0, "beta_enc": 0.16385871611543062, "gamma_fc": 0.5313985689028261, "enc_rate": 1.0, "beta_rec": 0.8083427388957236, "primacy": 0.8}, "datetime": {"elapsed": 8793.185611, "datetime": "2020-10-05 16:53:19", "delta": 63.053424}}
{"target": 7.54511111111111, "params": {"k": 3.0, "beta_enc": 0.1693807737603107, "gamma_fc": 0.4317934403817473, "enc_rate": 1.0, "beta_rec": 0.6919806513873902, "primacy": 0.8}, "datetime": {"elapsed": 8855.604854, "datetime": "2020-10-05 16:54:21", "delta": 62.419243}}
{"target": 7.531333333333333, "params": {"k": 3.0, "beta_enc": 0.13902677964959867, "gamma_fc": 0.5757913081415958, "enc_rate": 1.0, "beta_rec": 0.8950544513259221, "primacy": 0.8}, "datetime": {"elapsed": 8919.389733, "datetime": "2020-10-05 16:55:25", "delta": 63.784879}}
{"target": 7.5202222222222215, "params": {"k": 3.0, "beta_enc": 0.1172109620223594, "gamma_fc": 0.4762977457316257, "enc_rate": 1.0, "beta_rec": 0.40103011730332416, "primacy": 0.8}, "datetime": {"elapsed": 8982.255704, "datetime": "2020-10-05 16:56:28", "delta": 62.865971}}
{"target": 7.488222222222222, "params": {"k": 3.0, "beta_enc": 0.249212655553641, "gamma_fc": 0.6920297515704, "enc_rate": 1.0, "beta_rec": 0.8253536648404737, "primacy": 0.8}, "datetime": {"elapsed": 9046.05426, "datetime": "2020-10-05 16:57:32", "delta": 63.798556}}
{"target": 7.515777777777778, "params": {"k": 3.0, "beta_enc": 0.0796636055842133, "gamma_fc": 0.18599206436876317, "enc_rate": 1.0, "beta_rec": 0.9263240810454116, "primacy": 0.8}, "datetime": {"elapsed": 9109.74486, "datetime": "2020-10-05 16:58:36", "delta": 63.6906}}
{"target": 7.515111111111111, "params": {"k": 3.0, "beta_enc": 0.16292996484621805, "gamma_fc": 0.1302789740742058, "enc_rate": 1.0, "beta_rec": 0.8270881644973942, "primacy": 0.8}, "datetime": {"elapsed": 9172.93782, "datetime": "2020-10-05 16:59:39", "delta": 63.19296}}
{"target": 7.569111111111111, "params": {"k": 3.0, "beta_enc": 0.053296693485503414, "gamma_fc": 0.4589551111510194, "enc_rate": 1.0, "beta_rec": 0.8039845807791283, "primacy": 0.8}, "datetime": {"elapsed": 9238.150183, "datetime": "2020-10-05 17:00:44", "delta": 65.212363}}
{"target": 7.536, "params": {"k": 3.0, "beta_enc": 0.02725058221186194, "gamma_fc": 0.43188349342425586, "enc_rate": 1.0, "beta_rec": 0.7810599130056616, "primacy": 0.8}, "datetime": {"elapsed": 9301.716131, "datetime": "2020-10-05 17:01:48", "delta": 63.565948}}
{"target": 7.4688888888888885, "params": {"k": 3.0, "beta_enc": 0.0988649229489232, "gamma_fc": 0.884699386104407, "enc_rate": 1.0, "beta_rec": 0.40097510846022577, "primacy": 0.8}, "datetime": {"elapsed": 9365.268196, "datetime": "2020-10-05 17:02:51", "delta": 63.552065}}
{"target": 7.526666666666666, "params": {"k": 3.0, "beta_enc": 0.031662046976559936, "gamma_fc": 0.3074300064285385, "enc_rate": 1.0, "beta_rec": 0.40637866675891365, "primacy": 0.8}, "datetime": {"elapsed": 9429.855218, "datetime": "2020-10-05 17:03:56", "delta": 64.587022}}
{"target": 7.544222222222222, "params": {"k": 3.0, "beta_enc": 0.16301536634392508, "gamma_fc": 0.481881867787143, "enc_rate": 1.0, "beta_rec": 0.6915283473101348, "primacy": 0.8}, "datetime": {"elapsed": 9493.24545, "datetime": "2020-10-05 17:04:59", "delta": 63.390232}}
{"target": 7.528444444444444, "params": {"k": 3.0, "beta_enc": 0.11066548117206468, "gamma_fc": 0.6786057880759987, "enc_rate": 1.0, "beta_rec": 0.4634197139215386, "primacy": 0.8}, "datetime": {"elapsed": 9558.818179, "datetime": "2020-10-05 17:06:05", "delta": 65.572729}}
{"target": 7.577111111111111, "params": {"k": 3.0, "beta_enc": 0.10982546200320163, "gamma_fc": 0.16077938709998793, "enc_rate": 1.0, "beta_rec": 0.8397582258620172, "primacy": 0.8}, "datetime": {"elapsed": 9623.726874, "datetime": "2020-10-05 17:07:10", "delta": 64.908695}}
{"target": 7.5584444444444445, "params": {"k": 3.0, "beta_enc": 0.06278288981962889, "gamma_fc": 0.20056478090655183, "enc_rate": 1.0, "beta_rec": 0.8108661296284403, "primacy": 0.8}, "datetime": {"elapsed": 9687.817193, "datetime": "2020-10-05 17:08:14", "delta": 64.090319}}
{"target": 7.5617777777777775, "params": {"k": 3.0, "beta_enc": 0.0, "gamma_fc": 0.10192447631870606, "enc_rate": 1.0, "beta_rec": 0.8628994296037585, "primacy": 0.8}, "datetime": {"elapsed": 9752.394524, "datetime": "2020-10-05 17:09:18", "delta": 64.577331}}
