{"target": 10.366666666666667, "params": {"gamma_fc": 0.864538682478008, "beta_enc": 0.23390127515829354, "gamma_cf": 0.9203299113408008, "beta_rec": 0.09935308485267126, "cue_position": 9.0}, "datetime": {"datetime": "2020-06-20 08:09:34", "elapsed": 21708.960317, "delta": 102.23644}}
{"target": 10.1, "params": {"gamma_fc": 0.8871310117419584, "beta_enc": 0.22105952818517421, "gamma_cf": 0.927652105468706, "beta_rec": 0.091104026278644, "cue_position": 9.0}, "datetime": {"datetime": "2020-06-20 08:11:17", "elapsed": 21811.950807, "delta": 102.99049}}
{"target": 10.0875, "params": {"gamma_fc": 0.8735931800368395, "beta_enc": 0.22239783546319072, "gamma_cf": 0.9247600543365235, "beta_rec": 0.1116088976828494, "cue_position": 9.0}, "datetime": {"datetime": "2020-06-20 08:13:00", "elapsed": 21915.306075, "delta": 103.355268}}
{"target": 10.270833333333334, "params": {"gamma_fc": 0.8720688413571731, "beta_enc": 0.22615680192840926, "gamma_cf": 0.9236590160338982, "beta_rec": 0.09346482199865364, "cue_position": 9.0}, "datetime": {"datetime": "2020-06-20 08:14:48", "elapsed": 22022.569261, "delta": 107.263186}}
{"target": 10.241666666666667, "params": {"gamma_fc": 0.878773243821207, "beta_enc": 0.21581404532030551, "gamma_cf": 0.8953579411469642, "beta_rec": 0.10713892109491625, "cue_position": 9.0}, "datetime": {"datetime": "2020-06-20 08:16:38", "elapsed": 22133.31914, "delta": 110.749879}}
{"target": 10.095833333333333, "params": {"gamma_fc": 0.8950032614491463, "beta_enc": 0.24468018536181116, "gamma_cf": 0.9460930935995286, "beta_rec": 0.047132288387933756, "cue_position": 9.0}, "datetime": {"datetime": "2020-06-20 08:18:19", "elapsed": 22234.136718, "delta": 100.817578}}
{"target": 10.345833333333333, "params": {"gamma_fc": 0.8814015117290037, "beta_enc": 0.23682002031763708, "gamma_cf": 0.9242850050888864, "beta_rec": 0.10356560468108301, "cue_position": 9.0}, "datetime": {"datetime": "2020-06-20 08:20:04", "elapsed": 22339.12776, "delta": 104.991042}}
{"target": 10.195833333333333, "params": {"gamma_fc": 0.8648329484713516, "beta_enc": 0.24925370253987159, "gamma_cf": 0.8909714715227302, "beta_rec": 0.10972339953448923, "cue_position": 9.0}, "datetime": {"datetime": "2020-06-20 08:21:48", "elapsed": 22443.405153, "delta": 104.277393}}
{"target": 10.245833333333334, "params": {"gamma_fc": 0.7684792707665885, "beta_enc": 0.08774252304577924, "gamma_cf": 0.802711179210449, "beta_rec": 0.9666163702988897, "cue_position": 9.0}, "datetime": {"datetime": "2020-06-20 08:23:34", "elapsed": 22549.293656, "delta": 105.888503}}
{"target": 10.208333333333334, "params": {"gamma_fc": 0.9239138726731299, "beta_enc": 0.2796973718132634, "gamma_cf": 0.7829799728391282, "beta_rec": 0.10849610745797673, "cue_position": 9.0}, "datetime": {"datetime": "2020-06-20 08:25:24", "elapsed": 22658.642277, "delta": 109.348621}}
{"target": 10.366666666666667, "params": {"gamma_fc": 0.8128363963407386, "beta_enc": 0.044662666599016874, "gamma_cf": 0.8790891361792388, "beta_rec": 0.9664735404167033, "cue_position": 9.0}, "datetime": {"datetime": "2020-06-20 08:27:09", "elapsed": 22764.350235, "delta": 105.707958}}
{"target": 10.445833333333333, "params": {"gamma_fc": 0.8629283423638618, "beta_enc": 0.02951605631128568, "gamma_cf": 0.24034355452012163, "beta_rec": 0.004187473298567481, "cue_position": 9.0}, "datetime": {"datetime": "2020-06-20 08:28:59", "elapsed": 22873.809267, "delta": 109.459032}}
{"target": 10.316666666666666, "params": {"gamma_fc": 0.8804360792231113, "beta_enc": 0.2332417469831349, "gamma_cf": 0.8796050730509405, "beta_rec": 0.16173376342756338, "cue_position": 9.0}, "datetime": {"datetime": "2020-06-20 08:30:44", "elapsed": 22979.376863, "delta": 105.567596}}
{"target": 10.141666666666667, "params": {"gamma_fc": 0.8397310158300507, "beta_enc": 0.0582901861287445, "gamma_cf": 0.4330960579702198, "beta_rec": 0.22894097798903934, "cue_position": 9.0}, "datetime": {"datetime": "2020-06-20 08:32:32", "elapsed": 23087.032484, "delta": 107.655621}}
{"target": 10.2875, "params": {"gamma_fc": 0.8505990799725107, "beta_enc": 0.042821090414725184, "gamma_cf": 0.4273265373371056, "beta_rec": 0.2556862607413312, "cue_position": 9.0}, "datetime": {"datetime": "2020-06-20 08:34:18", "elapsed": 23193.315424, "delta": 106.28294}}
{"target": 10.216666666666667, "params": {"gamma_fc": 0.8185529825694405, "beta_enc": 0.047083765975572144, "gamma_cf": 0.4444268963491766, "beta_rec": 0.2497765505598134, "cue_position": 9.0}, "datetime": {"datetime": "2020-06-20 08:36:07", "elapsed": 23302.310496, "delta": 108.995072}}
{"target": 10.204166666666667, "params": {"gamma_fc": 0.7639385946740549, "beta_enc": 0.1365795613388432, "gamma_cf": 0.6305716984436063, "beta_rec": 0.7150237990187295, "cue_position": 9.0}, "datetime": {"datetime": "2020-06-20 08:37:51", "elapsed": 23406.004067, "delta": 103.693571}}
{"target": 10.304166666666667, "params": {"gamma_fc": 0.7362054837185169, "beta_enc": 0.1531243604535766, "gamma_cf": 0.6385588518947792, "beta_rec": 0.7170661131967714, "cue_position": 9.0}, "datetime": {"datetime": "2020-06-20 08:39:39", "elapsed": 23513.637365, "delta": 107.633298}}
{"target": 10.283333333333333, "params": {"gamma_fc": 0.41730278603804327, "beta_enc": 0.13320094901234047, "gamma_cf": 0.863474094532489, "beta_rec": 0.5257245965310945, "cue_position": 9.0}, "datetime": {"datetime": "2020-06-20 08:41:21", "elapsed": 23615.716911, "delta": 102.079546}}
{"target": 10.3875, "params": {"gamma_fc": 0.7785669253237406, "beta_enc": 0.05892446126725884, "gamma_cf": 0.8016546418834155, "beta_rec": 0.9751025636975503, "cue_position": 9.0}, "datetime": {"datetime": "2020-06-20 08:43:11", "elapsed": 23726.187041, "delta": 110.47013}}
{"target": 10.420833333333333, "params": {"gamma_fc": 0.8021377998984394, "beta_enc": 0.029397858976462733, "gamma_cf": 0.8628311006216705, "beta_rec": 0.9440483229771283, "cue_position": 9.0}, "datetime": {"datetime": "2020-06-20 08:44:59", "elapsed": 23833.684143, "delta": 107.497102}}
{"target": 10.425, "params": {"gamma_fc": 0.8068322152902584, "beta_enc": 0.021600785339707874, "gamma_cf": 0.8979918885919224, "beta_rec": 0.9597891651015895, "cue_position": 9.0}, "datetime": {"datetime": "2020-06-20 08:46:49", "elapsed": 23943.49998, "delta": 109.815837}}
{"target": 10.379166666666666, "params": {"gamma_fc": 0.7969376970517555, "beta_enc": 0.05383836723669991, "gamma_cf": 0.8408361157033628, "beta_rec": 0.9327857888000185, "cue_position": 9.0}, "datetime": {"datetime": "2020-06-20 08:48:43", "elapsed": 24057.519643, "delta": 114.019663}}
{"target": 10.275, "params": {"gamma_fc": 0.9526536984010696, "beta_enc": 0.08628487781267533, "gamma_cf": 0.925244123414888, "beta_rec": 0.47209175972291306, "cue_position": 9.0}, "datetime": {"datetime": "2020-06-20 08:50:30", "elapsed": 24164.543199, "delta": 107.023556}}
{"target": 10.425, "params": {"gamma_fc": 0.9289210541593201, "beta_enc": 0.041387273627479765, "gamma_cf": 0.9284158169556973, "beta_rec": 0.4596778455968786, "cue_position": 9.0}, "datetime": {"datetime": "2020-06-20 08:52:22", "elapsed": 24276.533527, "delta": 111.990328}}
{"target": 10.425, "params": {"gamma_fc": 0.8342027563506094, "beta_enc": 0.06210153274500909, "gamma_cf": 0.8167870693272102, "beta_rec": 0.9247826525908687, "cue_position": 9.0}, "datetime": {"datetime": "2020-06-20 08:54:10", "elapsed": 24385.417201, "delta": 108.883674}}
{"target": 10.2625, "params": {"gamma_fc": 0.8014951589978753, "beta_enc": 0.07191471008087252, "gamma_cf": 0.7996577628606162, "beta_rec": 0.9483425362660141, "cue_position": 9.0}, "datetime": {"datetime": "2020-06-20 08:55:57", "elapsed": 24491.831911, "delta": 106.41471}}
{"target": 10.516666666666667, "params": {"gamma_fc": 0.8608655398636709, "beta_enc": 0.048778223657104686, "gamma_cf": 0.8191267925737516, "beta_rec": 0.9218230716208746, "cue_position": 9.0}, "datetime": {"datetime": "2020-06-20 08:57:54", "elapsed": 24609.436799, "delta": 117.604888}}
{"target": 10.8625, "params": {"gamma_fc": 0.8458807595238563, "beta_enc": 0.04351285784845671, "gamma_cf": 0.8328198549878215, "beta_rec": 0.9294627008806522, "cue_position": 9.0}, "datetime": {"datetime": "2020-06-20 09:01:11", "elapsed": 24805.698743, "delta": 196.261944}}
{"target": 10.354166666666666, "params": {"gamma_fc": 0.8419541809337215, "beta_enc": 0.036422638006342496, "gamma_cf": 0.831528432612813, "beta_rec": 0.9319277053418491, "cue_position": 9.0}, "datetime": {"datetime": "2020-06-20 09:02:56", "elapsed": 24911.045825, "delta": 105.347082}}
{"target": 10.279166666666667, "params": {"gamma_fc": 0.8474194467142011, "beta_enc": 0.04667233800945189, "gamma_cf": 0.8335319413267585, "beta_rec": 0.9284476478634196, "cue_position": 9.0}, "datetime": {"datetime": "2020-06-20 09:04:47", "elapsed": 25021.601568, "delta": 110.555743}}
{"target": 10.433333333333334, "params": {"gamma_fc": 0.845256564801203, "beta_enc": 0.04222316396053995, "gamma_cf": 0.832482191501373, "beta_rec": 0.9298301812815944, "cue_position": 9.0}, "datetime": {"datetime": "2020-06-20 09:08:25", "elapsed": 25240.028708, "delta": 218.42714}}
{"target": 10.508333333333333, "params": {"gamma_fc": 0.8674835363183151, "beta_enc": 0.01631230129999585, "gamma_cf": 0.2414989984506153, "beta_rec": 0.017279603421004354, "cue_position": 9.0}, "datetime": {"datetime": "2020-06-20 09:10:16", "elapsed": 25350.530418, "delta": 110.50171}}
{"target": 10.2, "params": {"gamma_fc": 0.8426574984640448, "beta_enc": 0.04987499616219148, "gamma_cf": 0.4332536557360869, "beta_rec": 0.24236441832023847, "cue_position": 9.0}, "datetime": {"datetime": "2020-06-20 09:11:50", "elapsed": 25445.001805, "delta": 94.471387}}
{"target": 10.291666666666666, "params": {"gamma_fc": 0.5442561027887458, "beta_enc": 0.02660296848795794, "gamma_cf": 0.83862694002884, "beta_rec": 0.3222252326542673, "cue_position": 9.0}, "datetime": {"datetime": "2020-06-20 09:13:37", "elapsed": 25552.130054, "delta": 107.128249}}
{"target": 10.570833333333333, "params": {"gamma_fc": 0.4902807505701813, "beta_enc": 0.076939815870721, "gamma_cf": 0.9355552526996668, "beta_rec": 0.47762486911273994, "cue_position": 9.0}, "datetime": {"datetime": "2020-06-20 09:15:28", "elapsed": 25662.939142, "delta": 110.809088}}
{"target": 10.241666666666667, "params": {"gamma_fc": 0.8582920275393464, "beta_enc": 0.02158713266070727, "gamma_cf": 0.23985116256280875, "beta_rec": 0.012422208103880644, "cue_position": 9.0}, "datetime": {"datetime": "2020-06-20 09:17:15", "elapsed": 25769.855755, "delta": 106.916613}}
{"target": 10.354166666666666, "params": {"gamma_fc": 0.7253235277405304, "beta_enc": 0.19043561612953108, "gamma_cf": 0.9402910525808114, "beta_rec": 0.8846379038326194, "cue_position": 9.0}, "datetime": {"datetime": "2020-06-20 09:18:46", "elapsed": 25860.614738, "delta": 90.758983}}
{"target": 10.25, "params": {"gamma_fc": 0.7296159084981385, "beta_enc": 0.1938986202375896, "gamma_cf": 0.934132742153669, "beta_rec": 0.8785697436984268, "cue_position": 9.0}, "datetime": {"datetime": "2020-06-20 09:20:09", "elapsed": 25943.948363, "delta": 83.333625}}
{"target": 10.133333333333333, "params": {"gamma_fc": 0.8145928073207503, "beta_enc": 0.023139201096658013, "gamma_cf": 0.9125260491072994, "beta_rec": 0.9665795655419644, "cue_position": 9.0}, "datetime": {"datetime": "2020-06-20 09:21:08", "elapsed": 26002.90516, "delta": 58.956797}}
{"target": 10.545833333333333, "params": {"gamma_fc": 0.38841299411915264, "beta_enc": 0.01791665706837983, "gamma_cf": 0.930063594912527, "beta_rec": 0.301333356827845, "cue_position": 9.0}, "datetime": {"datetime": "2020-06-20 09:22:10", "elapsed": 26064.692092, "delta": 61.786932}}
{"target": 9.9875, "params": {"gamma_fc": 0.8760174642152216, "beta_enc": 0.22631200165207885, "gamma_cf": 0.9187553280097721, "beta_rec": 0.10150677188453062, "cue_position": 9.0}, "datetime": {"datetime": "2020-06-20 09:23:10", "elapsed": 26125.073051, "delta": 60.380959}}
{"target": 10.6375, "params": {"gamma_fc": 0.9500726967932854, "beta_enc": 0.0923848299642234, "gamma_cf": 0.9083726656436207, "beta_rec": 0.4888535797971696, "cue_position": 9.0}, "datetime": {"datetime": "2020-06-20 09:24:10", "elapsed": 26185.08915, "delta": 60.016099}}
{"target": 10.1125, "params": {"gamma_fc": 0.49642106191114893, "beta_enc": 0.07633757338109232, "gamma_cf": 0.9394138026385075, "beta_rec": 0.47308357331765966, "cue_position": 9.0}, "datetime": {"datetime": "2020-06-20 09:25:11", "elapsed": 26245.89921, "delta": 60.81006}}
{"target": 10.591666666666667, "params": {"gamma_fc": 0.38895083341490727, "beta_enc": 0.011368700741503488, "gamma_cf": 0.9314259570696787, "beta_rec": 0.30861501822678766, "cue_position": 9.0}, "datetime": {"datetime": "2020-06-20 09:26:12", "elapsed": 26307.012517, "delta": 61.113307}}
{"target": 10.5875, "params": {"gamma_fc": 0.598988851356484, "beta_enc": 0.01268316776609546, "gamma_cf": 0.9752527304312484, "beta_rec": 0.9732480159507597, "cue_position": 9.0}, "datetime": {"datetime": "2020-06-20 09:27:15", "elapsed": 26370.118492, "delta": 63.105975}}
{"target": 10.3625, "params": {"gamma_fc": 0.900949876976646, "beta_enc": 0.10964718965950135, "gamma_cf": 0.8373842134534525, "beta_rec": 0.7753802090201277, "cue_position": 9.0}, "datetime": {"datetime": "2020-06-20 09:28:17", "elapsed": 26432.191075, "delta": 62.072583}}
{"target": 10.175, "params": {"gamma_fc": 0.7742720061038785, "beta_enc": 0.0684564413517259, "gamma_cf": 0.8019209900001609, "beta_rec": 0.9646713168823912, "cue_position": 9.0}, "datetime": {"datetime": "2020-06-20 09:29:21", "elapsed": 26496.199661, "delta": 64.008586}}
{"target": 10.545833333333333, "params": {"gamma_fc": 0.870295483703021, "beta_enc": 0.009545513653910726, "gamma_cf": 0.24466652202034483, "beta_rec": 0.0201646280040943, "cue_position": 9.0}, "datetime": {"datetime": "2020-06-20 09:30:25", "elapsed": 26559.549082, "delta": 63.349421}}
{"target": 10.475, "params": {"gamma_fc": 0.8558918616943251, "beta_enc": 0.049733545537764504, "gamma_cf": 0.4260700395911279, "beta_rec": 0.240005185198384, "cue_position": 9.0}, "datetime": {"datetime": "2020-06-20 09:31:27", "elapsed": 26622.407971, "delta": 62.858889}}
{"target": 10.070833333333333, "params": {"gamma_fc": 0.4361068887670776, "beta_enc": 0.06700353921286614, "gamma_cf": 0.8108438832959688, "beta_rec": 0.09240279688879482, "cue_position": 9.0}, "datetime": {"datetime": "2020-06-20 09:32:31", "elapsed": 26685.78234, "delta": 63.374369}}
{"target": 10.158333333333333, "params": {"gamma_fc": 0.8741687630682337, "beta_enc": 0.23046278636434825, "gamma_cf": 0.9290239274690327, "beta_rec": 0.1009596814648868, "cue_position": 9.0}, "datetime": {"datetime": "2020-06-20 09:33:35", "elapsed": 26749.917135, "delta": 64.134795}}
{"target": 10.220833333333333, "params": {"gamma_fc": 0.8661479518836037, "beta_enc": 0.22132115219121518, "gamma_cf": 0.9252479988161689, "beta_rec": 0.09780685314956894, "cue_position": 9.0}, "datetime": {"datetime": "2020-06-20 09:34:40", "elapsed": 26814.654758, "delta": 64.737623}}
{"target": 10.341666666666667, "params": {"gamma_fc": 0.4846322903036845, "beta_enc": 0.0740551696771807, "gamma_cf": 0.9341603910067423, "beta_rec": 0.4782537479820662, "cue_position": 9.0}, "datetime": {"datetime": "2020-06-20 09:35:44", "elapsed": 26879.447734, "delta": 64.792976}}
{"target": 10.479166666666666, "params": {"gamma_fc": 0.943383784618594, "beta_enc": 0.08880976961465004, "gamma_cf": 0.9044103647217013, "beta_rec": 0.48559050561796846, "cue_position": 9.0}, "datetime": {"datetime": "2020-06-20 09:36:50", "elapsed": 26944.578645, "delta": 65.130911}}
{"target": 10.208333333333334, "params": {"gamma_fc": 0.39417979097062555, "beta_enc": 0.01781996814946713, "gamma_cf": 0.9345100307372429, "beta_rec": 0.3049345132496365, "cue_position": 9.0}, "datetime": {"datetime": "2020-06-20 09:37:50", "elapsed": 27004.971144, "delta": 60.392499}}
{"target": 10.183333333333334, "params": {"gamma_fc": 0.9323539652771612, "beta_enc": 0.283330593456394, "gamma_cf": 0.8013176953925256, "beta_rec": 0.12558191237004154, "cue_position": 9.0}, "datetime": {"datetime": "2020-06-20 09:38:48", "elapsed": 27063.180502, "delta": 58.209358}}
{"target": 10.3125, "params": {"gamma_fc": 0.8412420100581469, "beta_enc": 0.04371900560229945, "gamma_cf": 0.43191348438580346, "beta_rec": 0.2300965152086274, "cue_position": 9.0}, "datetime": {"datetime": "2020-06-20 09:39:49", "elapsed": 27123.540279, "delta": 60.359777}}
{"target": 10.508333333333333, "params": {"gamma_fc": 0.9099462424166631, "beta_enc": 0.1119601659897593, "gamma_cf": 0.8364676770969737, "beta_rec": 0.7782349706837816, "cue_position": 9.0}, "datetime": {"datetime": "2020-06-20 09:40:51", "elapsed": 27185.671044, "delta": 62.130765}}
{"target": 10.325, "params": {"gamma_fc": 0.3868349171371709, "beta_enc": 0.02310101141063736, "gamma_cf": 0.9307832750777325, "beta_rec": 0.29503252163453647, "cue_position": 9.0}, "datetime": {"datetime": "2020-06-20 09:41:52", "elapsed": 27247.071661, "delta": 61.400617}}
{"target": 10.479166666666666, "params": {"gamma_fc": 0.8104422399595402, "beta_enc": 0.026132404537354485, "gamma_cf": 0.8971080245297611, "beta_rec": 0.9719753877593086, "cue_position": 9.0}, "datetime": {"datetime": "2020-06-20 09:42:53", "elapsed": 27308.317919, "delta": 61.246258}}
{"target": 10.375, "params": {"gamma_fc": 0.8293527428775793, "beta_enc": 0.05021506112218174, "gamma_cf": 0.43540625094936813, "beta_rec": 0.24170346931969197, "cue_position": 9.0}, "datetime": {"datetime": "2020-06-20 09:43:55", "elapsed": 27369.648126, "delta": 61.330207}}
{"target": 10.333333333333334, "params": {"gamma_fc": 0.7602059862541963, "beta_enc": 0.07622021050643087, "gamma_cf": 0.806832055666746, "beta_rec": 0.966697324263963, "cue_position": 9.0}, "datetime": {"datetime": "2020-06-20 09:44:56", "elapsed": 27431.161823, "delta": 61.513697}}
{"target": 10.1, "params": {"gamma_fc": 0.5320080916224599, "beta_enc": 0.028406015923240276, "gamma_cf": 0.8448619220203926, "beta_rec": 0.32505427921703123, "cue_position": 9.0}, "datetime": {"datetime": "2020-06-20 09:45:57", "elapsed": 27491.754891, "delta": 60.593068}}
{"target": 10.316666666666666, "params": {"gamma_fc": 0.8756061265094237, "beta_enc": 0.017267063374078094, "gamma_cf": 0.23861888097962494, "beta_rec": 0.019476780923636406, "cue_position": 9.0}, "datetime": {"datetime": "2020-06-20 09:46:58", "elapsed": 27553.24913, "delta": 61.494239}}
{"target": 10.158333333333333, "params": {"gamma_fc": 0.7268646350185778, "beta_enc": 0.18859999024815507, "gamma_cf": 0.9519645153094489, "beta_rec": 0.8912835154816167, "cue_position": 9.0}, "datetime": {"datetime": "2020-06-20 09:48:00", "elapsed": 27614.829684, "delta": 61.580554}}
{"target": 10.345833333333333, "params": {"gamma_fc": 0.8056867167261501, "beta_enc": 0.020038311480622406, "gamma_cf": 0.8849608049121115, "beta_rec": 0.9860509494280933, "cue_position": 9.0}, "datetime": {"datetime": "2020-06-20 09:49:00", "elapsed": 27675.367443, "delta": 60.537759}}
{"target": 10.5, "params": {"gamma_fc": 0.9376536905205207, "beta_enc": 0.06949156199922463, "gamma_cf": 0.9280154426659442, "beta_rec": 0.46173818429410035, "cue_position": 9.0}, "datetime": {"datetime": "2020-06-20 09:50:02", "elapsed": 27737.133115, "delta": 61.765672}}
{"target": 10.295833333333333, "params": {"gamma_fc": 0.6159216835481902, "beta_enc": 0.008885852221962006, "gamma_cf": 0.9714216506709141, "beta_rec": 0.9689151870772021, "cue_position": 9.0}, "datetime": {"datetime": "2020-06-20 09:51:03", "elapsed": 27797.639869, "delta": 60.506754}}
{"target": 10.445833333333333, "params": {"gamma_fc": 0.8349452364919656, "beta_enc": 0.026924192193502568, "gamma_cf": 0.2483838909655865, "beta_rec": 0.00947789726324835, "cue_position": 9.0}, "datetime": {"datetime": "2020-06-20 09:52:04", "elapsed": 27859.082187, "delta": 61.442318}}
{"target": 10.375, "params": {"gamma_fc": 0.4307759855343505, "beta_enc": 0.06750829586426507, "gamma_cf": 0.8204684472157542, "beta_rec": 0.09077766953986158, "cue_position": 9.0}, "datetime": {"datetime": "2020-06-20 09:53:06", "elapsed": 27920.50725, "delta": 61.425063}}
{"target": 10.320833333333333, "params": {"gamma_fc": 0.4926899628187426, "beta_enc": 0.07274821193785541, "gamma_cf": 0.9313818203856126, "beta_rec": 0.4796877474564022, "cue_position": 9.0}, "datetime": {"datetime": "2020-06-20 09:54:09", "elapsed": 27983.616916, "delta": 63.109666}}
{"target": 10.245833333333334, "params": {"gamma_fc": 0.44409262338488426, "beta_enc": 0.056503199646572855, "gamma_cf": 0.8102312188560034, "beta_rec": 0.09673688021415718, "cue_position": 9.0}, "datetime": {"datetime": "2020-06-20 09:55:10", "elapsed": 28045.049791, "delta": 61.432875}}
{"target": 10.383333333333333, "params": {"gamma_fc": 0.8321860294899568, "beta_enc": 0.024549873875446483, "gamma_cf": 0.2426679333949776, "beta_rec": 0.004873037433758735, "cue_position": 9.0}, "datetime": {"datetime": "2020-06-20 09:57:11", "elapsed": 28165.660692, "delta": 120.610901}}
{"target": 10.3375, "params": {"gamma_fc": 0.9346618434362487, "beta_enc": 0.060782741412452844, "gamma_cf": 0.9307700282729532, "beta_rec": 0.4606269946302823, "cue_position": 9.0}, "datetime": {"datetime": "2020-06-20 09:58:34", "elapsed": 28249.34912, "delta": 83.688428}}
{"target": 10.5125, "params": {"gamma_fc": 0.629111909328091, "beta_enc": 0.008346780010565533, "gamma_cf": 0.9667980451239481, "beta_rec": 0.9608725356792643, "cue_position": 9.0}, "datetime": {"datetime": "2020-06-20 09:59:39", "elapsed": 28313.99425, "delta": 64.64513}}
{"target": 10.433333333333334, "params": {"gamma_fc": 0.85978690827476, "beta_enc": 0.04799608344914231, "gamma_cf": 0.813064852389612, "beta_rec": 0.920676384389247, "cue_position": 9.0}, "datetime": {"datetime": "2020-06-20 10:00:41", "elapsed": 28375.791828, "delta": 61.797578}}
