{"target": -9192.045319860985, "params": {"epsilon_d": 6.618883678367976, "gamma_cf": 0.43383982715272595, "beta_rec": 0.6323298746664966, "lr": 0.46513394351807746, "phi_s": 0.844316870863631, "beta_enc": 0.14318978170876284, "s_cf": 0.3914303629842686, "k_intra": 4.927226011660332, "phi_d": 2.4395657512471045, "gamma_fc": 0.05935722533895749}, "datetime": {"delta": 9.649575, "datetime": "2020-09-13 13:30:57", "elapsed": 1468.614959}}
{"target": -9941.662381023234, "params": {"epsilon_d": 9.898834533371154, "gamma_cf": 0.1774295368682619, "beta_rec": 0.6864434151723641, "lr": 0.05797581337276703, "phi_s": 2.8119440350729272, "beta_enc": 0.24017220722137722, "s_cf": 0.8885421033562281, "k_intra": 2.3098855928163333, "phi_d": 0.5025679023324535, "gamma_fc": 0.8214467402262973}, "datetime": {"delta": 9.67152, "datetime": "2020-09-13 13:31:06", "elapsed": 1478.286479}}
{"target": -9647.849682201158, "params": {"epsilon_d": 8.49930535231419, "gamma_cf": 0.4346547940716735, "beta_rec": 0.9477640661016069, "lr": 0.15803183496381268, "phi_s": 0.8699848506699189, "beta_enc": 0.28926049548291, "s_cf": 0.015443631942760883, "k_intra": 6.298530215834227, "phi_d": 0.14286805155206944, "gamma_fc": 0.4680495548664728}, "datetime": {"delta": 9.672302, "datetime": "2020-09-13 13:31:16", "elapsed": 1487.958781}}
{"target": -9054.393056685336, "params": {"epsilon_d": 3.2164814560277764, "gamma_cf": 0.7802023371197586, "beta_rec": 0.5514688358127765, "lr": 0.2923137620392837, "phi_s": 0.35502218293474963, "beta_enc": 0.6744988441622575, "s_cf": 0.8699761802716075, "k_intra": 2.448806387618836, "phi_d": 0.6682026448470771, "gamma_fc": 0.14578543121477705}, "datetime": {"delta": 9.681088, "datetime": "2020-09-13 13:31:26", "elapsed": 1497.639869}}
{"target": -9630.409826517029, "params": {"epsilon_d": 1.2040087685772338, "gamma_cf": 0.010699003144174157, "beta_rec": 0.6837103358216379, "lr": 0.8604566673368852, "phi_s": 0.17876060504500046, "beta_enc": 0.08818864557151007, "s_cf": 0.8008593551300331, "k_intra": 9.071090552203707, "phi_d": 1.081509013942925, "gamma_fc": 0.5572682300749138}, "datetime": {"delta": 9.682787, "datetime": "2020-09-13 13:31:35", "elapsed": 1507.322656}}
{"target": -9673.087282429356, "params": {"epsilon_d": 6.696465998755331, "gamma_cf": 0.8077788623150765, "beta_rec": 0.8684881163027721, "lr": 0.5578253037149105, "phi_s": 2.1067533231202344, "beta_enc": 0.805984932289666, "s_cf": 0.6829068676298748, "k_intra": 4.538299504900123, "phi_d": 1.5677802736018809, "gamma_fc": 0.8974982823028202}, "datetime": {"delta": 9.648464, "datetime": "2020-09-13 13:31:45", "elapsed": 1516.97112}}
{"target": -9331.956025266883, "params": {"epsilon_d": 5.057793867898664, "gamma_cf": 0.8248585623852319, "beta_rec": 0.8284681480854713, "lr": 0.969870570344714, "phi_s": 0.8533959105828021, "beta_enc": 0.5203136358633165, "s_cf": 0.5812353422911717, "k_intra": 1.7849483297748825, "phi_d": 2.2516246238226225, "gamma_fc": 0.28184508814324294}, "datetime": {"delta": 9.673319, "datetime": "2020-09-13 13:31:55", "elapsed": 1526.644439}}
{"target": -11851.231273460357, "params": {"epsilon_d": 0.8353420706174108, "gamma_cf": 0.6191348314199072, "beta_rec": 0.0807539078120788, "lr": 0.5681525429491051, "phi_s": 0.412660312304318, "beta_enc": 0.9552622535381868, "s_cf": 0.08428305143655679, "k_intra": 7.651839567335081, "phi_d": 2.031945461648136, "gamma_fc": 0.22449347883595772}, "datetime": {"delta": 9.673778, "datetime": "2020-09-13 13:32:04", "elapsed": 1536.318217}}
{"target": -9528.97718255133, "params": {"epsilon_d": 0.8725252387198179, "gamma_cf": 0.3710639450161891, "beta_rec": 0.4097312611340205, "lr": 0.8957291085287041, "phi_s": 2.888560373060148, "beta_enc": 0.6251210683054896, "s_cf": 0.7300825577402602, "k_intra": 1.895874001915857, "phi_d": 2.8545545277522533, "gamma_fc": 0.6721444096568486}, "datetime": {"delta": 9.668188, "datetime": "2020-09-13 13:32:14", "elapsed": 1545.986405}}
{"target": -9285.226440536984, "params": {"epsilon_d": 2.8798687927475153, "gamma_cf": 0.3144172223907462, "beta_rec": 0.7437491963512196, "lr": 0.8786609763158111, "phi_s": 2.321946259088183, "beta_enc": 0.4062884276883151, "s_cf": 0.9410132668189013, "k_intra": 5.948471334079176, "phi_d": 0.8383421914156731, "gamma_fc": 0.605896361217858}, "datetime": {"delta": 9.65145, "datetime": "2020-09-13 13:32:24", "elapsed": 1555.637855}}
{"target": -9598.770052297776, "params": {"epsilon_d": 6.5704032902472935, "gamma_cf": 0.8433232139195225, "beta_rec": 0.47608911800210485, "lr": 0.36436547985702794, "phi_s": 0.18036404635485848, "beta_enc": 0.001032932657734631, "s_cf": 0.08539013912317062, "k_intra": 8.561592379873717, "phi_d": 2.6875943949009002, "gamma_fc": 0.18373941187600173}, "datetime": {"delta": 9.669663, "datetime": "2020-09-13 13:32:33", "elapsed": 1565.307518}}
{"target": -9179.603458433987, "params": {"epsilon_d": 4.176323468141833, "gamma_cf": 0.16921418469369054, "beta_rec": 0.6095019257734966, "lr": 0.31161391346070466, "phi_s": 1.8615814911922055, "beta_enc": 0.9814104657541125, "s_cf": 0.6508312566756971, "k_intra": 0.3697506835935782, "phi_d": 1.0380896712683185, "gamma_fc": 0.64990115308969}, "datetime": {"delta": 9.674613, "datetime": "2020-09-13 13:32:43", "elapsed": 1574.982131}}
{"target": -11092.53472077749, "params": {"epsilon_d": 6.604577276110996, "gamma_cf": 0.5781739184085382, "beta_rec": 0.9275809425975434, "lr": 0.15407917183235742, "phi_s": 1.0019378968660404, "beta_enc": 0.8460545992364693, "s_cf": 0.548489089666104, "k_intra": 9.66612492642142, "phi_d": 2.6957517450810804, "gamma_fc": 0.3987155436290084}, "datetime": {"delta": 9.63938, "datetime": "2020-09-13 13:32:53", "elapsed": 1584.621511}}
{"target": -10213.865124570573, "params": {"epsilon_d": 1.6773668505027162, "gamma_cf": 0.508482013429616, "beta_rec": 0.23646965132615538, "lr": 0.11897333717301484, "phi_s": 1.4912389444425498, "beta_enc": 0.6820662584328149, "s_cf": 0.9466766792396476, "k_intra": 6.924144621670756, "phi_d": 2.7121524237080257, "gamma_fc": 0.7918638755846716}, "datetime": {"delta": 9.669403, "datetime": "2020-09-13 13:33:02", "elapsed": 1594.290914}}
{"target": -11945.755163347178, "params": {"epsilon_d": 2.024630356745356, "gamma_cf": 0.8542379729163827, "beta_rec": 0.08480182166035288, "lr": 0.32914600179429976, "phi_s": 1.9861545842039474, "beta_enc": 0.5534337062482657, "s_cf": 0.5942908535866644, "k_intra": 8.949395201529242, "phi_d": 1.6312040502491159, "gamma_fc": 0.7059273667647191}, "datetime": {"delta": 9.686609, "datetime": "2020-09-13 13:33:12", "elapsed": 1603.977523}}
{"target": -9068.82638945176, "params": {"epsilon_d": 2.4811146406017484, "gamma_cf": 0.8456149622311454, "beta_rec": 0.4268213494482356, "lr": 0.7139280322669613, "phi_s": 1.9137625971031555, "beta_enc": 0.2314629355342478, "s_cf": 0.258129649281871, "k_intra": 0.6657080313237929, "phi_d": 1.0573351013773153, "gamma_fc": 0.9866774449680826}, "datetime": {"delta": 9.698389, "datetime": "2020-09-13 13:33:22", "elapsed": 1613.675912}}
{"target": -10019.460065379008, "params": {"epsilon_d": 2.948208795369637, "gamma_cf": 0.9117631736977988, "beta_rec": 0.37114718446272954, "lr": 0.21446778083069262, "phi_s": 2.27631528549764, "beta_enc": 0.6510076093084951, "s_cf": 0.7510898073228061, "k_intra": 6.135500265601355, "phi_d": 2.824314725627862, "gamma_fc": 0.9424988742262075}, "datetime": {"delta": 9.693991, "datetime": "2020-09-13 13:33:31", "elapsed": 1623.369903}}
{"target": -14104.309838837315, "params": {"epsilon_d": 2.400951541612101, "gamma_cf": 0.6316207452501602, "beta_rec": 0.8301565261622993, "lr": 0.39026470459958096, "phi_s": 2.7185141161529587, "beta_enc": 0.2117213348484862, "s_cf": 0.5874200192375769, "k_intra": 7.423834297071017, "phi_d": 2.3034936504766823, "gamma_fc": 0.7107395698995863}, "datetime": {"delta": 9.682382, "datetime": "2020-09-13 13:33:41", "elapsed": 1633.052285}}
{"target": -9850.27458744642, "params": {"epsilon_d": 1.052625266627869, "gamma_cf": 0.17272746332288003, "beta_rec": 0.12897598414227607, "lr": 0.039411512184444275, "phi_s": 2.6492925639395497, "beta_enc": 0.09040971569479861, "s_cf": 0.9735188608362936, "k_intra": 7.7830089006762755, "phi_d": 0.8005194102885056, "gamma_fc": 0.12643089028968502}, "datetime": {"delta": 9.694043, "datetime": "2020-09-13 13:33:51", "elapsed": 1642.746328}}
{"target": -11981.334757322475, "params": {"epsilon_d": 0.4345154171497678, "gamma_cf": 0.9485727683760076, "beta_rec": 0.9762382645603884, "lr": 0.8106291034469015, "phi_s": 1.429797351617253, "beta_enc": 0.6054220077270481, "s_cf": 0.9306443921654484, "k_intra": 7.9897284036159295, "phi_d": 2.593995915583, "gamma_fc": 0.31129608245616713}, "datetime": {"delta": 9.658233, "datetime": "2020-09-13 13:34:01", "elapsed": 1652.404561}}
{"target": -10001.996322194129, "params": {"epsilon_d": 6.191196332516605, "gamma_cf": 0.9854449149448306, "beta_rec": 0.9344454925295846, "lr": 0.5655542353803811, "phi_s": 0.8517325643871372, "beta_enc": 0.2578929844270399, "s_cf": 0.3268306848663751, "k_intra": 7.251666588327083, "phi_d": 1.5280297374551268, "gamma_fc": 0.03264386596259239}, "datetime": {"delta": 9.679209, "datetime": "2020-09-13 13:34:10", "elapsed": 1662.08377}}
{"target": -10100.87810587907, "params": {"epsilon_d": 7.996608375248389, "gamma_cf": 0.5023950058982584, "beta_rec": 0.21926791032506077, "lr": 0.5336490760837309, "phi_s": 1.5946417101150518, "beta_enc": 0.24946220670138775, "s_cf": 0.39994592398513173, "k_intra": 7.769841920273803, "phi_d": 2.244224583304508, "gamma_fc": 0.08318988869699773}, "datetime": {"delta": 9.653342, "datetime": "2020-09-13 13:34:20", "elapsed": 1671.737112}}
{"target": -9636.099147509196, "params": {"epsilon_d": 9.327639079648582, "gamma_cf": 0.930854967759968, "beta_rec": 0.02824262016291268, "lr": 0.619213297933239, "phi_s": 2.4293037635512245, "beta_enc": 0.986246782436295, "s_cf": 0.2539338558777352, "k_intra": 2.144648711333198, "phi_d": 0.6161197728634913, "gamma_fc": 0.39091871150145807}, "datetime": {"delta": 9.652286, "datetime": "2020-09-13 13:34:29", "elapsed": 1681.389398}}
{"target": -9892.596855115033, "params": {"epsilon_d": 9.02916833474409, "gamma_cf": 0.5353808917305217, "beta_rec": 0.915915790009957, "lr": 0.9978842782249023, "phi_s": 0.9549548342156365, "beta_enc": 0.2908061550326779, "s_cf": 0.04157423394916726, "k_intra": 3.525325688050618, "phi_d": 1.3577002442744335, "gamma_fc": 0.8628389805786156}, "datetime": {"delta": 9.65641, "datetime": "2020-09-13 13:34:39", "elapsed": 1691.045808}}
{"target": -9251.531125508458, "params": {"epsilon_d": 7.345850140503707, "gamma_cf": 0.6408076240458747, "beta_rec": 0.4648876309118224, "lr": 0.9200454054097137, "phi_s": 1.7007855787471717, "beta_enc": 0.9897069537867418, "s_cf": 0.963915888684551, "k_intra": 0.5111090382611627, "phi_d": 2.7878395319165, "gamma_fc": 0.7230933996660097}, "datetime": {"delta": 9.672818, "datetime": "2020-09-13 13:34:49", "elapsed": 1700.718626}}
{"target": -9216.689062720689, "params": {"epsilon_d": 3.9646269005262393, "gamma_cf": 0.6280232317552282, "beta_rec": 0.6021466271365452, "lr": 0.06978597850420853, "phi_s": 0.2432495154366115, "beta_enc": 0.28095553699036746, "s_cf": 0.15045502836766345, "k_intra": 8.193583846560202, "phi_d": 0.22144495386998922, "gamma_fc": 0.3006322885237481}, "datetime": {"delta": 9.668633, "datetime": "2020-09-13 13:34:58", "elapsed": 1710.387259}}
{"target": -9057.681851991443, "params": {"epsilon_d": 1.1079543969595618, "gamma_cf": 0.6475529858164272, "beta_rec": 0.9553899892571747, "lr": 0.19819922932019185, "phi_s": 0.22708237820872612, "beta_enc": 0.39535047379469035, "s_cf": 0.7131639731598145, "k_intra": 3.53242405983059, "phi_d": 0.7397228373572736, "gamma_fc": 0.5276215084563493}, "datetime": {"delta": 9.637697, "datetime": "2020-09-13 13:35:08", "elapsed": 1720.024956}}
{"target": -11343.164380740736, "params": {"epsilon_d": 7.189394880898437, "gamma_cf": 0.10997597244532042, "beta_rec": 0.4437697927247224, "lr": 0.6590356596658833, "phi_s": 1.3080435141427678, "beta_enc": 0.6538401991962549, "s_cf": 0.48215392215746744, "k_intra": 8.476267092393876, "phi_d": 1.1986103891190223, "gamma_fc": 0.9387191733689311}, "datetime": {"delta": 9.70045, "datetime": "2020-09-13 13:35:18", "elapsed": 1729.725406}}
{"target": -11182.62472726213, "params": {"epsilon_d": 4.779238492165594, "gamma_cf": 0.554518498278167, "beta_rec": 0.8635929549181026, "lr": 0.639184755868246, "phi_s": 1.1197122284452836, "beta_enc": 0.9352837700068006, "s_cf": 0.91802831908618, "k_intra": 9.4926443377229, "phi_d": 2.2707089282602855, "gamma_fc": 0.8754038622793218}, "datetime": {"delta": 9.733122, "datetime": "2020-09-13 13:35:28", "elapsed": 1739.458528}}
{"target": -9402.282217573968, "params": {"epsilon_d": 8.676272096151736, "gamma_cf": 0.8498718814403323, "beta_rec": 0.5520558812247628, "lr": 0.5360025748218121, "phi_s": 2.335412308606108, "beta_enc": 0.8367520498538312, "s_cf": 0.4207131990251918, "k_intra": 1.3069282439738805, "phi_d": 2.7122710326500563, "gamma_fc": 0.8084113566061418}, "datetime": {"delta": 9.75069, "datetime": "2020-09-13 13:35:37", "elapsed": 1749.209218}}
{"target": -9587.607436249982, "params": {"epsilon_d": 3.336102288478977, "gamma_cf": 0.954200507429589, "beta_rec": 0.25077315667300226, "lr": 0.011589589409895185, "phi_s": 0.7830136741686209, "beta_enc": 0.9778803933599658, "s_cf": 0.2959350518874113, "k_intra": 9.003400045106618, "phi_d": 1.201316855798585, "gamma_fc": 0.8087153481852897}, "datetime": {"delta": 9.717046, "datetime": "2020-09-13 13:35:47", "elapsed": 1758.926264}}
{"target": -9393.542004358926, "params": {"epsilon_d": 4.6179941019906146, "gamma_cf": 0.3652744612070937, "beta_rec": 0.7240848448640741, "lr": 0.550579559007862, "phi_s": 1.2473799895758917, "beta_enc": 0.7379954964038409, "s_cf": 0.7717184824154584, "k_intra": 5.337077546342764, "phi_d": 1.8848835062325076, "gamma_fc": 0.5846916130045258}, "datetime": {"delta": 9.731988, "datetime": "2020-09-13 13:35:57", "elapsed": 1768.658252}}
{"target": -9971.31728769837, "params": {"epsilon_d": 9.603971482200182, "gamma_cf": 0.0035547604644260433, "beta_rec": 0.655760767903366, "lr": 0.5437874916638252, "phi_s": 0.8045466647353232, "beta_enc": 0.2512031833493866, "s_cf": 0.9138438752466082, "k_intra": 1.0899503392964371, "phi_d": 1.9180564483729703, "gamma_fc": 0.7233610443943062}, "datetime": {"delta": 9.73462, "datetime": "2020-09-13 13:36:06", "elapsed": 1778.392872}}
{"target": -9739.904459435358, "params": {"epsilon_d": 7.701321875998075, "gamma_cf": 0.10550707999733477, "beta_rec": 0.23169469139485988, "lr": 0.5809840726750195, "phi_s": 1.9834537430687644, "beta_enc": 0.6223125286916178, "s_cf": 0.71582695285818, "k_intra": 0.9495606980249149, "phi_d": 0.8336423268885462, "gamma_fc": 0.5552253185313445}, "datetime": {"delta": 9.720933, "datetime": "2020-09-13 13:36:16", "elapsed": 1788.113805}}
{"target": -10048.667128608424, "params": {"epsilon_d": 8.132938453250556, "gamma_cf": 0.8075122716430321, "beta_rec": 0.6575214077031101, "lr": 0.40794998904736746, "phi_s": 2.138502023131677, "beta_enc": 0.5241856145686612, "s_cf": 0.18493502237340165, "k_intra": 4.511024621207749, "phi_d": 2.636768097722654, "gamma_fc": 0.6196819920538628}, "datetime": {"delta": 9.73165, "datetime": "2020-09-13 13:36:26", "elapsed": 1797.845455}}
{"target": -10757.149260860753, "params": {"epsilon_d": 1.5068999224827118, "gamma_cf": 0.8455176755307064, "beta_rec": 0.9088080323000569, "lr": 0.0375838514857032, "phi_s": 2.7756522145971467, "beta_enc": 0.5657321466292633, "s_cf": 0.04415479603186245, "k_intra": 4.993411012978345, "phi_d": 0.5277572656511128, "gamma_fc": 0.8202024663153499}, "datetime": {"delta": 9.692813, "datetime": "2020-09-13 13:36:36", "elapsed": 1807.538268}}
{"target": -8967.766834338307, "params": {"epsilon_d": 1.9694803891401669, "gamma_cf": 0.9810797572402973, "beta_rec": 0.6190396347254709, "lr": 0.6180113243466446, "phi_s": 1.45229606870709, "beta_enc": 0.3724987664053595, "s_cf": 0.49100852913292925, "k_intra": 5.396791951612744, "phi_d": 0.7698708511421413, "gamma_fc": 0.15597523304342242}, "datetime": {"delta": 9.70644, "datetime": "2020-09-13 13:36:45", "elapsed": 1817.244708}}
{"target": -9377.742913923024, "params": {"epsilon_d": 4.675500530653396, "gamma_cf": 0.6669425431939752, "beta_rec": 0.6342807527738734, "lr": 0.6585680415583619, "phi_s": 2.3853436983996907, "beta_enc": 0.766862376326542, "s_cf": 0.6028653375383973, "k_intra": 5.257115913414097, "phi_d": 0.6254666076661988, "gamma_fc": 0.45337742652219837}, "datetime": {"delta": 9.720525, "datetime": "2020-09-13 13:36:55", "elapsed": 1826.965233}}
{"target": -9289.054033044187, "params": {"epsilon_d": 4.662664741665735, "gamma_cf": 0.8956418025994466, "beta_rec": 0.22238319353117575, "lr": 0.41367016420136027, "phi_s": 2.8435595865579333, "beta_enc": 0.9803328851373277, "s_cf": 0.20018606573932207, "k_intra": 7.25958845848815, "phi_d": 2.0844979033108273, "gamma_fc": 0.6014334096987881}, "datetime": {"delta": 9.737259, "datetime": "2020-09-13 13:37:05", "elapsed": 1836.702492}}
{"target": -13003.761296389344, "params": {"epsilon_d": 0.14568731763331733, "gamma_cf": 0.21520958659442757, "beta_rec": 0.9695380120998964, "lr": 0.08121658594273329, "phi_s": 1.229874846049985, "beta_enc": 0.8073652638773204, "s_cf": 0.9052027659330404, "k_intra": 7.674235177414532, "phi_d": 2.995399319913632, "gamma_fc": 0.11737692031312974}, "datetime": {"delta": 9.733447, "datetime": "2020-09-13 13:37:15", "elapsed": 1846.435939}}
{"target": -9770.97604775749, "params": {"epsilon_d": 8.448118190062035, "gamma_cf": 0.5952697806732562, "beta_rec": 0.44087219982229087, "lr": 0.5738855268923474, "phi_s": 0.6613209773990504, "beta_enc": 0.18857760349946784, "s_cf": 0.11396576145918635, "k_intra": 5.126497467571176, "phi_d": 1.3769257019982202, "gamma_fc": 0.4621580966913571}, "datetime": {"delta": 9.733468, "datetime": "2020-09-13 13:37:24", "elapsed": 1856.169407}}
{"target": -9501.671865173481, "params": {"epsilon_d": 5.586764110636315, "gamma_cf": 0.8477210140360106, "beta_rec": 0.0524909638531339, "lr": 0.42572441198511624, "phi_s": 1.333670050169349, "beta_enc": 0.151227927370148, "s_cf": 0.81072123360737, "k_intra": 0.7531087263581782, "phi_d": 1.8458227315688038, "gamma_fc": 0.35911933892411074}, "datetime": {"delta": 9.756298, "datetime": "2020-09-13 13:37:34", "elapsed": 1865.925705}}
{"target": -9452.086417407818, "params": {"epsilon_d": 7.039994982798885, "gamma_cf": 0.4702989247821753, "beta_rec": 0.8699107732683544, "lr": 0.9824781185020439, "phi_s": 2.7281551482888773, "beta_enc": 0.9418862461867052, "s_cf": 0.8071099016661061, "k_intra": 0.13418310556529534, "phi_d": 0.5990242623037982, "gamma_fc": 0.6826980429032513}, "datetime": {"delta": 9.734483, "datetime": "2020-09-13 13:37:44", "elapsed": 1875.660188}}
{"target": -9532.710664432012, "params": {"epsilon_d": 2.191538057572581, "gamma_cf": 0.42880069291408873, "beta_rec": 0.2689360577850649, "lr": 0.9354201140070618, "phi_s": 1.8962372805206031, "beta_enc": 0.8001396843869877, "s_cf": 0.9806990363557802, "k_intra": 4.503796424717202, "phi_d": 1.1227700490300403, "gamma_fc": 0.8493711007306549}, "datetime": {"delta": 9.744355, "datetime": "2020-09-13 13:37:54", "elapsed": 1885.404543}}
{"target": -9825.811124298978, "params": {"epsilon_d": 4.635570909517118, "gamma_cf": 0.3347513437136638, "beta_rec": 0.04549821604060378, "lr": 0.1222612302300028, "phi_s": 2.075943289184788, "beta_enc": 0.6434625222408049, "s_cf": 0.8671392999990885, "k_intra": 2.847462086131314, "phi_d": 2.0380380673773253, "gamma_fc": 0.5321815485216747}, "datetime": {"delta": 9.736416, "datetime": "2020-09-13 13:38:03", "elapsed": 1895.140959}}
{"target": -9603.522920127558, "params": {"epsilon_d": 8.267687384051289, "gamma_cf": 0.6465499357511519, "beta_rec": 0.798620308278031, "lr": 0.41849681753917567, "phi_s": 1.4845700712174295, "beta_enc": 0.13238149356273743, "s_cf": 0.4674598920453694, "k_intra": 2.614207144058379, "phi_d": 1.6712173110699209, "gamma_fc": 0.20492214578063384}, "datetime": {"delta": 9.728578, "datetime": "2020-09-13 13:38:13", "elapsed": 1904.869537}}
{"target": -12847.118663545818, "params": {"epsilon_d": 8.167539643767668, "gamma_cf": 0.8778014186346996, "beta_rec": 0.8701023653075677, "lr": 0.6065443482504677, "phi_s": 1.0259634375163946, "beta_enc": 0.8398407101976674, "s_cf": 0.681204184117019, "k_intra": 9.640361333390818, "phi_d": 1.851448449131076, "gamma_fc": 0.5710087619370731}, "datetime": {"delta": 9.72317, "datetime": "2020-09-13 13:38:23", "elapsed": 1914.592707}}
{"target": -11474.319436924088, "params": {"epsilon_d": 1.3024216757276508, "gamma_cf": 0.6552012872247357, "beta_rec": 0.13454642101194225, "lr": 0.04431165583310459, "phi_s": 2.896250542062953, "beta_enc": 0.051965688505360985, "s_cf": 0.5091394025163677, "k_intra": 3.411468232515472, "phi_d": 0.7778296443378807, "gamma_fc": 0.1753325917713383}, "datetime": {"delta": 9.746828, "datetime": "2020-09-13 13:38:32", "elapsed": 1924.339535}}
{"target": -9903.916938554525, "params": {"epsilon_d": 9.435093839110808, "gamma_cf": 0.865686014006334, "beta_rec": 0.5230085317344643, "lr": 0.7617298626927418, "phi_s": 0.8372738285063219, "beta_enc": 0.15107451847143194, "s_cf": 0.08408635417992949, "k_intra": 2.8386751597340263, "phi_d": 0.7974045419289546, "gamma_fc": 0.39206586893038686}, "datetime": {"delta": 9.745983, "datetime": "2020-09-13 13:38:42", "elapsed": 1934.085518}}
{"target": -9275.139687769775, "params": {"epsilon_d": 5.617862606099736, "gamma_cf": 0.7367109576935199, "beta_rec": 0.44789891562027984, "lr": 0.18412755617579835, "phi_s": 0.18989408350194187, "beta_enc": 0.8641440947640269, "s_cf": 0.9467282696079524, "k_intra": 4.4750813899031385, "phi_d": 2.503325269432075, "gamma_fc": 0.7964888671311956}, "datetime": {"delta": 9.745188, "datetime": "2020-09-13 13:38:52", "elapsed": 1943.830706}}
