{"target": 7.709555555555555, "params": {"primacy": 0.9, "gamma_fc": 0.0005961425876308546, "beta_enc": 0.470949963296619, "beta_rec": 0.518378152279376}, "datetime": {"delta": 43.306996, "datetime": "2020-10-03 20:11:26", "elapsed": 10674.700141}}
{"target": 8.253555555555556, "params": {"primacy": 0.9, "gamma_fc": 0.14191621907514307, "beta_enc": 0.8033264601047055, "beta_rec": 0.7810890322203998}, "datetime": {"delta": 45.089221, "datetime": "2020-10-03 20:12:11", "elapsed": 10719.789362}}
{"target": 9.010666666666669, "params": {"primacy": 0.9, "gamma_fc": 0.051682478875195836, "beta_enc": 0.9968000153200581, "beta_rec": 0.9919961426409458}, "datetime": {"delta": 46.529553, "datetime": "2020-10-03 20:12:57", "elapsed": 10766.318915}}
{"target": 7.299333333333332, "params": {"primacy": 0.9, "gamma_fc": 0.0005794997665903301, "beta_enc": 0.3026817840186149, "beta_rec": 0.0053658197377222105}, "datetime": {"delta": 41.822999, "datetime": "2020-10-03 20:13:39", "elapsed": 10808.141914}}
{"target": 8.59511111111111, "params": {"primacy": 0.9, "gamma_fc": 0.00029700283940059524, "beta_enc": 0.8353811930815327, "beta_rec": 0.9108775778458708}, "datetime": {"delta": 45.010869, "datetime": "2020-10-03 20:14:24", "elapsed": 10853.152783}}
{"target": 8.884666666666666, "params": {"primacy": 0.9, "gamma_fc": 0.24451332456915764, "beta_enc": 0.985202855931159, "beta_rec": 0.9988292825256504}, "datetime": {"delta": 46.388994, "datetime": "2020-10-03 20:15:10", "elapsed": 10899.541777}}
{"target": 7.541333333333332, "params": {"primacy": 0.9, "gamma_fc": 0.3617636166328817, "beta_enc": 0.6323945087277799, "beta_rec": 0.9994155028029176}, "datetime": {"delta": 44.123117, "datetime": "2020-10-03 20:15:55", "elapsed": 10943.664894}}
{"target": 7.301777777777778, "params": {"primacy": 0.9, "gamma_fc": 0.7447604166758662, "beta_enc": 0.36177802763831146, "beta_rec": 0.10754679328994743}, "datetime": {"delta": 40.762122, "datetime": "2020-10-03 20:16:35", "elapsed": 10984.427016}}
{"target": 7.458444444444444, "params": {"primacy": 0.9, "gamma_fc": 0.8386628539227878, "beta_enc": 0.3683526614054271, "beta_rec": 0.9995656058545496}, "datetime": {"delta": 42.312181, "datetime": "2020-10-03 20:17:18", "elapsed": 11026.739197}}
{"target": 7.564222222222222, "params": {"primacy": 0.9, "gamma_fc": 0.5784149405547987, "beta_enc": 4.707367007150687e-05, "beta_rec": 0.43127672427808394}, "datetime": {"delta": 42.747916, "datetime": "2020-10-03 20:18:00", "elapsed": 11069.487113}}
{"target": 7.55311111111111, "params": {"primacy": 0.9, "gamma_fc": 0.6985767885276077, "beta_enc": 0.0016213605996889813, "beta_rec": 0.8275615973924421}, "datetime": {"delta": 43.260801, "datetime": "2020-10-03 20:18:44", "elapsed": 11112.747914}}
{"target": 7.5537777777777775, "params": {"primacy": 0.9, "gamma_fc": 0.38237037501028537, "beta_enc": 0.002640692029501568, "beta_rec": 0.9988653386715358}, "datetime": {"delta": 43.405112, "datetime": "2020-10-03 20:19:27", "elapsed": 11156.153026}}
{"target": 7.521111111111111, "params": {"primacy": 0.9, "gamma_fc": 0.20652600374640062, "beta_enc": 0.24976815298905064, "beta_rec": 0.5027084067645884}, "datetime": {"delta": 43.128358, "datetime": "2020-10-03 20:20:10", "elapsed": 11199.281384}}
{"target": 7.524222222222223, "params": {"primacy": 0.9, "gamma_fc": 0.5422780195332672, "beta_enc": 0.14157953412421043, "beta_rec": 0.6617964399916864}, "datetime": {"delta": 42.612445, "datetime": "2020-10-03 20:20:53", "elapsed": 11241.893829}}
{"target": 7.542, "params": {"primacy": 0.9, "gamma_fc": 0.8452683214011713, "beta_enc": 0.00983296246241172, "beta_rec": 5.8164121883086395e-05}, "datetime": {"delta": 40.975526, "datetime": "2020-10-03 20:21:34", "elapsed": 11282.869355}}
{"target": 7.3740000000000006, "params": {"primacy": 0.9, "gamma_fc": 0.5830051559542332, "beta_enc": 0.5655021381775183, "beta_rec": 0.5806875591205117}, "datetime": {"delta": 42.304503, "datetime": "2020-10-03 20:22:16", "elapsed": 11325.173858}}
{"target": 6.991333333333334, "params": {"primacy": 0.9, "gamma_fc": 0.9992894221988027, "beta_enc": 0.5899176879517655, "beta_rec": 0.7286134081515256}, "datetime": {"delta": 40.49896, "datetime": "2020-10-03 20:22:57", "elapsed": 11365.672818}}
{"target": 7.363555555555555, "params": {"primacy": 0.9, "gamma_fc": 0.0014688187802888164, "beta_enc": 0.5287216925966244, "beta_rec": 0.36160170185732443}, "datetime": {"delta": 41.425726, "datetime": "2020-10-03 20:23:38", "elapsed": 11407.098544}}
{"target": 7.552, "params": {"primacy": 0.9, "gamma_fc": 0.5479072394844087, "beta_enc": 0.11521611956324695, "beta_rec": 0.0784454233733558}, "datetime": {"delta": 41.791641, "datetime": "2020-10-03 20:24:20", "elapsed": 11448.890185}}
{"target": 7.269777777777779, "params": {"primacy": 0.9, "gamma_fc": 0.8572798582010625, "beta_enc": 0.529088135540749, "beta_rec": 0.8470676831305906}, "datetime": {"delta": 40.069178, "datetime": "2020-10-03 20:25:00", "elapsed": 11488.959363}}
{"target": 8.048222222222222, "params": {"primacy": 0.9, "gamma_fc": 0.0016680249747901277, "beta_enc": 0.7289987666228859, "beta_rec": 0.7035308911792811}, "datetime": {"delta": 42.433093, "datetime": "2020-10-03 20:25:42", "elapsed": 11531.392456}}
{"target": 7.534666666666666, "params": {"primacy": 0.9, "gamma_fc": 0.381724073254728, "beta_enc": 0.003916794189826933, "beta_rec": 0.7805897632667078}, "datetime": {"delta": 40.996625, "datetime": "2020-10-03 20:26:23", "elapsed": 11572.389081}}
{"target": 8.97488888888889, "params": {"primacy": 0.9, "gamma_fc": 0.018618063413728958, "beta_enc": 0.9972450413753836, "beta_rec": 0.9747716967082103}, "datetime": {"delta": 44.836988, "datetime": "2020-10-03 20:27:08", "elapsed": 11617.226069}}
{"target": 8.973333333333333, "params": {"primacy": 0.9, "gamma_fc": 0.05762339432497343, "beta_enc": 0.9772111128105821, "beta_rec": 0.9507162504123561}, "datetime": {"delta": 45.112393, "datetime": "2020-10-03 20:27:53", "elapsed": 11662.338462}}
{"target": 9.042444444444445, "params": {"primacy": 0.9, "gamma_fc": 0.04072730744915609, "beta_enc": 0.9782887914906092, "beta_rec": 0.9764398733991422}, "datetime": {"delta": 46.554153, "datetime": "2020-10-03 20:28:40", "elapsed": 11708.892615}}
{"target": 8.842, "params": {"primacy": 0.9, "gamma_fc": 0.1509499100614322, "beta_enc": 0.9251219098923855, "beta_rec": 0.9287018453991}, "datetime": {"delta": 44.415458, "datetime": "2020-10-03 20:29:24", "elapsed": 11753.308073}}
{"target": 8.306666666666668, "params": {"primacy": 0.9, "gamma_fc": 0.1285802854241591, "beta_enc": 0.7857537741687481, "beta_rec": 0.9071699235240314}, "datetime": {"delta": 43.441632, "datetime": "2020-10-03 20:30:08", "elapsed": 11796.749705}}
{"target": 7.486222222222222, "params": {"primacy": 0.9, "gamma_fc": 0.5444656128961999, "beta_enc": 0.7116882306278703, "beta_rec": 0.831693045814736}, "datetime": {"delta": 41.032493, "datetime": "2020-10-03 20:30:49", "elapsed": 11837.782198}}
{"target": 8.998444444444445, "params": {"primacy": 0.9, "gamma_fc": 0.0006327559982544084, "beta_enc": 0.9825939575323897, "beta_rec": 0.9864150159483357}, "datetime": {"delta": 44.601506, "datetime": "2020-10-03 20:31:33", "elapsed": 11882.383704}}
{"target": 8.445333333333334, "params": {"primacy": 0.9, "gamma_fc": 0.22133401204053338, "beta_enc": 0.8485883008977632, "beta_rec": 0.9972392072451459}, "datetime": {"delta": 44.452734, "datetime": "2020-10-03 20:32:18", "elapsed": 11926.836438}}
{"target": 8.956222222222223, "params": {"primacy": 0.9, "gamma_fc": 0.001417611934830143, "beta_enc": 0.9546247552936804, "beta_rec": 0.9149141632392769}, "datetime": {"delta": 45.903781, "datetime": "2020-10-03 20:33:04", "elapsed": 11972.740219}}
{"target": 7.324666666666667, "params": {"primacy": 0.9, "gamma_fc": 0.6972437860752508, "beta_enc": 0.41684653082015116, "beta_rec": 0.3030853512412211}, "datetime": {"delta": 41.046493, "datetime": "2020-10-03 20:33:45", "elapsed": 12013.786712}}
{"target": 7.513111111111111, "params": {"primacy": 0.9, "gamma_fc": 0.8378638762503547, "beta_enc": 0.0, "beta_rec": 0.6708065945179347}, "datetime": {"delta": 41.25265, "datetime": "2020-10-03 20:34:26", "elapsed": 12055.039362}}
