{"target": 8.375, "params": {"gamma_cf": 0.30233257263183977, "beta_rec": 0.7203244934421581, "gamma_fc": 0.14675589081711304, "cue_position": 16.0, "beta_enc": 0.417022004702574}, "datetime": {"delta": 0.0, "elapsed": 0.0, "datetime": "2020-06-14 09:40:51"}}
{"target": 8.875, "params": {"gamma_cf": 0.39676747423066994, "beta_rec": 0.1862602113776709, "gamma_fc": 0.538816734003357, "cue_position": 16.0, "beta_enc": 0.0923385947687978}, "datetime": {"delta": 0.354898, "elapsed": 0.354898, "datetime": "2020-06-14 09:40:51"}}
{"target": 9.0, "params": {"gamma_cf": 0.8781174363909454, "beta_rec": 0.6852195003967595, "gamma_fc": 0.027387593197926163, "cue_position": 16.0, "beta_enc": 0.4191945144032948}, "datetime": {"delta": 0.355699, "elapsed": 0.710597, "datetime": "2020-06-14 09:40:51"}}
{"target": 8.75, "params": {"gamma_cf": 0.14038693859523377, "beta_rec": 0.41730480236712697, "gamma_fc": 0.1981014890848788, "cue_position": 16.0, "beta_enc": 0.6704675101784022}, "datetime": {"delta": 0.352417, "elapsed": 1.063014, "datetime": "2020-06-14 09:40:52"}}
{"target": 6.5, "params": {"gamma_cf": 0.6923226156693141, "beta_rec": 0.9682615757193975, "gamma_fc": 0.8763891522960383, "cue_position": 16.0, "beta_enc": 0.8007445686755367}, "datetime": {"delta": 0.302583, "elapsed": 1.365597, "datetime": "2020-06-14 09:40:52"}}
{"target": 9.25, "params": {"gamma_cf": 0.1698304195645689, "beta_rec": 0.08504421136977791, "gamma_fc": 0.8781425034294131, "cue_position": 16.0, "beta_enc": 0.8946066635038473}, "datetime": {"delta": 0.357217, "elapsed": 1.722814, "datetime": "2020-06-14 09:40:52"}}
{"target": 7.625, "params": {"gamma_cf": 0.5331652849730171, "beta_rec": 0.42110762500505217, "gamma_fc": 0.6918771139504734, "cue_position": 16.0, "beta_enc": 0.0983468338330501}, "datetime": {"delta": 0.32626, "elapsed": 2.049074, "datetime": "2020-06-14 09:40:53"}}
{"target": 8.375, "params": {"gamma_cf": 0.018288277344191806, "beta_rec": 0.6865009276815837, "gamma_fc": 0.7501443149449675, "cue_position": 16.0, "beta_enc": 0.31551563100606295}, "datetime": {"delta": 0.341506, "elapsed": 2.39058, "datetime": "2020-06-14 09:40:53"}}
{"target": 3.625, "params": {"gamma_cf": 0.7892793284514885, "beta_rec": 0.7481656543798394, "gamma_fc": 0.10322600657764203, "cue_position": 16.0, "beta_enc": 0.9888610889064947}, "datetime": {"delta": 0.2443, "elapsed": 2.63488, "datetime": "2020-06-14 09:40:53"}}
{"target": 9.0, "params": {"gamma_cf": 0.28777533858634874, "beta_rec": 0.9085955030930956, "gamma_fc": 0.13002857211827767, "cue_position": 16.0, "beta_enc": 0.44789352617590517}, "datetime": {"delta": 0.356902, "elapsed": 2.991782, "datetime": "2020-06-14 09:40:54"}}
{"target": 7.125, "params": {"gamma_cf": 0.2655466593722262, "beta_rec": 0.678835532939891, "gamma_fc": 0.4915731592803383, "cue_position": 16.0, "beta_enc": 0.019366957870297075}, "datetime": {"delta": 0.316815, "elapsed": 3.308597, "datetime": "2020-06-14 09:40:54"}}
{"target": 7.5, "params": {"gamma_cf": 0.5893055369032842, "beta_rec": 0.5741176054920131, "gamma_fc": 0.6997583600209312, "cue_position": 16.0, "beta_enc": 0.053362545117080384}, "datetime": {"delta": 0.323533, "elapsed": 3.63213, "datetime": "2020-06-14 09:40:54"}}
{"target": 8.75, "params": {"gamma_cf": 0.41417926952690265, "beta_rec": 0.4140559878195683, "gamma_fc": 0.04995345894608716, "cue_position": 16.0, "beta_enc": 0.10233442882782584}, "datetime": {"delta": 0.347604, "elapsed": 3.979734, "datetime": "2020-06-14 09:40:55"}}
{"target": 11.125, "params": {"gamma_cf": 0.9445947559908133, "beta_rec": 0.6637946452197888, "gamma_fc": 0.5865550405019929, "cue_position": 16.0, "beta_enc": 0.5358964059155116}, "datetime": {"delta": 0.393626, "elapsed": 4.37336, "datetime": "2020-06-14 09:40:55"}}
{"target": 4.875, "params": {"gamma_cf": 0.8073912887095238, "beta_rec": 0.13747470414623753, "gamma_fc": 0.3976768369855336, "cue_position": 16.0, "beta_enc": 0.9034019152878835}, "datetime": {"delta": 0.269222, "elapsed": 4.642582, "datetime": "2020-06-14 09:40:55"}}
{"target": 10.0, "params": {"gamma_cf": 0.7508121031361555, "beta_rec": 0.9275085803960339, "gamma_fc": 0.7259979853504515, "cue_position": 16.0, "beta_enc": 0.16535419711693278}, "datetime": {"delta": 0.374054, "elapsed": 5.016636, "datetime": "2020-06-14 09:40:56"}}
{"target": 8.0, "params": {"gamma_cf": 0.34889834197784253, "beta_rec": 0.6236722070556089, "gamma_fc": 0.2699278917650261, "cue_position": 16.0, "beta_enc": 0.8833060912058098}, "datetime": {"delta": 0.331824, "elapsed": 5.34846, "datetime": "2020-06-14 09:40:56"}}
{"target": 6.125, "params": {"gamma_cf": 0.6634414978184481, "beta_rec": 0.4280911898712949, "gamma_fc": 0.6216957202091218, "cue_position": 16.0, "beta_enc": 0.8958862181960668}, "datetime": {"delta": 0.296576, "elapsed": 5.645036, "datetime": "2020-06-14 09:40:56"}}
{"target": 9.875, "params": {"gamma_cf": 0.5783896143871318, "beta_rec": 0.9494892587070712, "gamma_fc": 0.40813680276128117, "cue_position": 16.0, "beta_enc": 0.11474597295337519}, "datetime": {"delta": 0.372468, "elapsed": 6.017504, "datetime": "2020-06-14 09:40:57"}}
{"target": 7.75, "params": {"gamma_cf": 0.00287032703115897, "beta_rec": 0.9033795205622538, "gamma_fc": 0.6171449136207239, "cue_position": 16.0, "beta_enc": 0.2370269802430277}, "datetime": {"delta": 0.328287, "elapsed": 6.345791, "datetime": "2020-06-14 09:40:57"}}
{"target": 7.875, "params": {"gamma_cf": 0.35726976000249977, "beta_rec": 0.5270581022576093, "gamma_fc": 0.9085351509197992, "cue_position": 16.0, "beta_enc": 0.32664490177209615}, "datetime": {"delta": 0.331594, "elapsed": 6.677385, "datetime": "2020-06-14 09:40:57"}}
{"target": 7.5, "params": {"gamma_cf": 0.690896917516924, "beta_rec": 0.015821242846556283, "gamma_fc": 0.9973228504514805, "cue_position": 16.0, "beta_enc": 0.6233601157918027}, "datetime": {"delta": 0.325793, "elapsed": 7.003178, "datetime": "2020-06-14 09:40:58"}}
{"target": 9.5, "params": {"gamma_cf": 0.6968181614899002, "beta_rec": 0.13713574962887776, "gamma_fc": 0.06600017272206249, "cue_position": 16.0, "beta_enc": 0.17234050834532855}, "datetime": {"delta": 0.363915, "elapsed": 7.367093, "datetime": "2020-06-14 09:40:58"}}
{"target": 8.125, "params": {"gamma_cf": 0.7115247586284718, "beta_rec": 0.7538761884612464, "gamma_fc": 0.1242709619721647, "cue_position": 16.0, "beta_enc": 0.7554630526024664}, "datetime": {"delta": 0.335057, "elapsed": 7.70215, "datetime": "2020-06-14 09:40:58"}}
{"target": 9.125, "params": {"gamma_cf": 0.2462110676030459, "beta_rec": 0.026210986877719278, "gamma_fc": 0.860027948682888, "cue_position": 16.0, "beta_enc": 0.01988013383979559}, "datetime": {"delta": 0.35583, "elapsed": 8.05798, "datetime": "2020-06-14 09:40:59"}}
{"target": 9.125, "params": {"gamma_cf": 0.12417331511991114, "beta_rec": 0.5528219786857659, "gamma_fc": 0.2791836790111395, "cue_position": 16.0, "beta_enc": 0.5388310643416528}, "datetime": {"delta": 0.355661, "elapsed": 8.413641, "datetime": "2020-06-14 09:40:59"}}
{"target": 11.375, "params": {"gamma_cf": 0.01864728937294302, "beta_rec": 0.9695957483196745, "gamma_fc": 0.8006326726806163, "cue_position": 16.0, "beta_enc": 0.5857592714582879}, "datetime": {"delta": 0.398197, "elapsed": 8.811838, "datetime": "2020-06-14 09:40:59"}}
{"target": 7.75, "params": {"gamma_cf": 0.8635418545594287, "beta_rec": 0.8071051956187791, "gamma_fc": 0.7471216427371846, "cue_position": 16.0, "beta_enc": 0.23297427384102043}, "datetime": {"delta": 0.329124, "elapsed": 9.140962, "datetime": "2020-06-14 09:41:00"}}
{"target": 8.625, "params": {"gamma_cf": 0.12134345574073735, "beta_rec": 0.13645522566068502, "gamma_fc": 0.044551878544761725, "cue_position": 16.0, "beta_enc": 0.5562402339904189}, "datetime": {"delta": 0.346639, "elapsed": 9.487601, "datetime": "2020-06-14 09:41:00"}}
{"target": 7.625, "params": {"gamma_cf": 0.5597169820541424, "beta_rec": 0.2257093386078547, "gamma_fc": 0.012555980159115854, "cue_position": 16.0, "beta_enc": 0.1074941291060929}, "datetime": {"delta": 0.32559, "elapsed": 9.813191, "datetime": "2020-06-14 09:41:00"}}
{"target": 6.375, "params": {"gamma_cf": 0.20329323466099047, "beta_rec": 0.967276330000272, "gamma_fc": 0.2523257445703234, "cue_position": 16.0, "beta_enc": 0.07197427968948678}, "datetime": {"delta": 0.300785, "elapsed": 10.113976, "datetime": "2020-06-14 09:41:01"}}
{"target": 5.875, "params": {"gamma_cf": 0.9700199890883123, "beta_rec": 0.1954294811093188, "gamma_fc": 0.8468288014900353, "cue_position": 16.0, "beta_enc": 0.7438258540750929}, "datetime": {"delta": 0.290976, "elapsed": 10.404952, "datetime": "2020-06-14 09:41:01"}}
{"target": 9.5, "params": {"gamma_cf": 0.8289808995501787, "beta_rec": 0.49376971426872995, "gamma_fc": 0.15679139464608427, "cue_position": 16.0, "beta_enc": 0.23984775914758616}, "datetime": {"delta": 0.365978, "elapsed": 10.77093, "datetime": "2020-06-14 09:41:01"}}
{"target": 8.5, "params": {"gamma_cf": 0.6063294616533303, "beta_rec": 0.07002214371922233, "gamma_fc": 0.5688514370864813, "cue_position": 16.0, "beta_enc": 0.018576202177409518}, "datetime": {"delta": 0.343939, "elapsed": 11.114869, "datetime": "2020-06-14 09:41:02"}}
{"target": 9.0, "params": {"gamma_cf": 0.3801411726235504, "beta_rec": 0.9886161544124489, "gamma_fc": 0.5509482191178968, "cue_position": 16.0, "beta_enc": 0.31736240932216075}, "datetime": {"delta": 0.35389, "elapsed": 11.468759, "datetime": "2020-06-14 09:41:02"}}
{"target": 8.75, "params": {"gamma_cf": 0.06633483442844157, "beta_rec": 0.6692328934531846, "gamma_fc": 0.3700841979141063, "cue_position": 16.0, "beta_enc": 0.7453344309065021}, "datetime": {"delta": 0.348019, "elapsed": 11.816778, "datetime": "2020-06-14 09:41:02"}}
{"target": 8.875, "params": {"gamma_cf": 0.06653648135411494, "beta_rec": 0.2101740099148396, "gamma_fc": 0.26031509857854096, "cue_position": 16.0, "beta_enc": 0.6297175070215645}, "datetime": {"delta": 0.353784, "elapsed": 12.170562, "datetime": "2020-06-14 09:41:03"}}
{"target": 8.875, "params": {"gamma_cf": 0.5246703091237337, "beta_rec": 0.19343428262332774, "gamma_fc": 0.9248079703993507, "cue_position": 16.0, "beta_enc": 0.8047545637433454}, "datetime": {"delta": 0.352734, "elapsed": 12.523296, "datetime": "2020-06-14 09:41:03"}}
{"target": 8.625, "params": {"gamma_cf": 0.7721780295432468, "beta_rec": 0.06596109068402378, "gamma_fc": 0.907815852503524, "cue_position": 16.0, "beta_enc": 0.263296770487111}, "datetime": {"delta": 0.344813, "elapsed": 12.868109, "datetime": "2020-06-14 09:41:03"}}
{"target": 6.5, "params": {"gamma_cf": 0.6167783570016576, "beta_rec": 0.013951572975597015, "gamma_fc": 0.9490163206876164, "cue_position": 16.0, "beta_enc": 0.9319720691968373}, "datetime": {"delta": 0.30361, "elapsed": 13.171719, "datetime": "2020-06-14 09:41:04"}}
{"target": 7.375, "params": {"gamma_cf": 0.6415662089463375, "beta_rec": 0.5566531881951564, "gamma_fc": 0.39000771414124624, "cue_position": 16.0, "beta_enc": 0.9501761192470797}, "datetime": {"delta": 0.320265, "elapsed": 13.491984, "datetime": "2020-06-14 09:41:04"}}
{"target": 6.625, "params": {"gamma_cf": 0.9261814267064536, "beta_rec": 0.6043104829199732, "gamma_fc": 0.9187334356336061, "cue_position": 16.0, "beta_enc": 0.48599066709690975}, "datetime": {"delta": 0.304519, "elapsed": 13.796503, "datetime": "2020-06-14 09:41:04"}}
{"target": 6.375, "params": {"gamma_cf": 0.12632951943963733, "beta_rec": 0.9632625284407118, "gamma_fc": 0.13507915804673132, "cue_position": 16.0, "beta_enc": 0.3948756129235549}, "datetime": {"delta": 0.300325, "elapsed": 14.096828, "datetime": "2020-06-14 09:41:05"}}
{"target": 8.25, "params": {"gamma_cf": 0.8271154711707325, "beta_rec": 0.021524805274197978, "gamma_fc": 0.015018980742122379, "cue_position": 16.0, "beta_enc": 0.5056621656768967}, "datetime": {"delta": 0.338173, "elapsed": 14.435001, "datetime": "2020-06-14 09:41:05"}}
{"target": 9.5, "params": {"gamma_cf": 0.8094906921265821, "beta_rec": 0.332063574366837, "gamma_fc": 0.34473665268329345, "cue_position": 16.0, "beta_enc": 0.17619625557505525}, "datetime": {"delta": 0.363398, "elapsed": 14.798399, "datetime": "2020-06-14 09:41:05"}}
{"target": 4.125, "params": {"gamma_cf": 0.8447344453922219, "beta_rec": 0.58201417994708, "gamma_fc": 0.9053923187086492, "cue_position": 16.0, "beta_enc": 0.9401074823333672}, "datetime": {"delta": 0.255227, "elapsed": 15.053626, "datetime": "2020-06-14 09:41:06"}}
{"target": 8.75, "params": {"gamma_cf": 0.28571885173414757, "beta_rec": 0.5463468160203733, "gamma_fc": 0.4902535226199277, "cue_position": 16.0, "beta_enc": 0.45988026581680697}, "datetime": {"delta": 0.349515, "elapsed": 15.403141, "datetime": "2020-06-14 09:41:06"}}
{"target": 8.125, "params": {"gamma_cf": 0.4336763489894583, "beta_rec": 0.015533275550835723, "gamma_fc": 0.8073605288848414, "cue_position": 16.0, "beta_enc": 0.5991103076458784}, "datetime": {"delta": 0.334904, "elapsed": 15.738045, "datetime": "2020-06-14 09:41:06"}}
{"target": 8.5, "params": {"gamma_cf": 0.18401020162746506, "beta_rec": 0.8928887085251513, "gamma_fc": 0.7879292338255043, "cue_position": 16.0, "beta_enc": 0.31524480309537295}, "datetime": {"delta": 0.344425, "elapsed": 16.08247, "datetime": "2020-06-14 09:41:07"}}
{"target": 8.0, "params": {"gamma_cf": 0.6790688365654296, "beta_rec": 0.053909272073752956, "gamma_fc": 0.9186017779775258, "cue_position": 16.0, "beta_enc": 0.6120311770449339}, "datetime": {"delta": 0.334611, "elapsed": 16.417081, "datetime": "2020-06-14 09:41:07"}}
{"target": 9.75, "params": {"gamma_cf": 0.9737835383583225, "beta_rec": 0.9767591490310596, "gamma_fc": 0.604716100974053, "cue_position": 16.0, "beta_enc": 0.00040202489135743313}, "datetime": {"delta": 0.368462, "elapsed": 16.785543, "datetime": "2020-06-14 09:41:07"}}
{"target": 9.0, "params": {"gamma_cf": 0.28557628169569393, "beta_rec": 0.5747115047081023, "gamma_fc": 0.586833340656083, "cue_position": 16.0, "beta_enc": 0.828845807980693}, "datetime": {"delta": 0.353973, "elapsed": 17.139516, "datetime": "2020-06-14 09:41:08"}}
{"target": 7.875, "params": {"gamma_cf": 0.698057248447303, "beta_rec": 0.8583138364290424, "gamma_fc": 0.8644794300545998, "cue_position": 16.0, "beta_enc": 0.7500217637026599}, "datetime": {"delta": 0.331073, "elapsed": 17.470589, "datetime": "2020-06-14 09:41:08"}}
{"target": 8.125, "params": {"gamma_cf": 0.3821027520315172, "beta_rec": 0.6707887907875872, "gamma_fc": 0.4108113499221856, "cue_position": 16.0, "beta_enc": 0.32268099683674645}, "datetime": {"delta": 0.335323, "elapsed": 17.805912, "datetime": "2020-06-14 09:41:08"}}
{"target": 8.0, "params": {"gamma_cf": 0.43024727082126435, "beta_rec": 0.3173839459582769, "gamma_fc": 0.9738020779272523, "cue_position": 16.0, "beta_enc": 0.4014795834695406}, "datetime": {"delta": 0.334333, "elapsed": 18.140245, "datetime": "2020-06-14 09:41:09"}}
{"target": 8.0, "params": {"gamma_cf": 0.343346239774423, "beta_rec": 0.19856988842711087, "gamma_fc": 0.7976388039585666, "cue_position": 16.0, "beta_enc": 0.6778008914343111}, "datetime": {"delta": 0.335555, "elapsed": 18.4758, "datetime": "2020-06-14 09:41:09"}}
{"target": 7.0, "params": {"gamma_cf": 0.2702082620297578, "beta_rec": 0.903841955826372, "gamma_fc": 0.25236670150458973, "cue_position": 16.0, "beta_enc": 0.8799982885634318}, "datetime": {"delta": 0.313561, "elapsed": 18.789361, "datetime": "2020-06-14 09:41:09"}}
{"target": 6.5, "params": {"gamma_cf": 0.5724885171916063, "beta_rec": 0.5277146463087466, "gamma_fc": 0.7331425252875111, "cue_position": 16.0, "beta_enc": 0.8548979426974024}, "datetime": {"delta": 0.302332, "elapsed": 19.091693, "datetime": "2020-06-14 09:41:10"}}
{"target": 9.5, "params": {"gamma_cf": 0.4657098785919809, "beta_rec": 0.770883910501888, "gamma_fc": 0.3426889079532818, "cue_position": 16.0, "beta_enc": 0.5190116274640558}, "datetime": {"delta": 0.362814, "elapsed": 19.454507, "datetime": "2020-06-14 09:41:10"}}
{"target": 8.125, "params": {"gamma_cf": 0.982817113730445, "beta_rec": 0.37792417932809985, "gamma_fc": 0.18161285133076377, "cue_position": 16.0, "beta_enc": 0.06820934841670412}, "datetime": {"delta": 0.334823, "elapsed": 19.78933, "datetime": "2020-06-14 09:41:10"}}
{"target": 10.5, "params": {"gamma_cf": 0.5694944127453757, "beta_rec": 0.8749616449558981, "gamma_fc": 0.16097143681560877, "cue_position": 16.0, "beta_enc": 0.8118586977205398}, "datetime": {"delta": 0.383624, "elapsed": 20.172954, "datetime": "2020-06-14 09:41:11"}}
{"target": 9.75, "params": {"gamma_cf": 0.5925118687657968, "beta_rec": 0.345172051155215, "gamma_fc": 0.31226983770191696, "cue_position": 16.0, "beta_enc": 0.4668800227633063}, "datetime": {"delta": 0.369581, "elapsed": 20.542535, "datetime": "2020-06-14 09:41:11"}}
{"target": 7.125, "params": {"gamma_cf": 0.1108913007440292, "beta_rec": 0.9096355249515571, "gamma_fc": 0.19296273201911285, "cue_position": 16.0, "beta_enc": 0.9163055534683507}, "datetime": {"delta": 0.315825, "elapsed": 20.85836, "datetime": "2020-06-14 09:41:11"}}
{"target": 8.75, "params": {"gamma_cf": 0.24803355837723073, "beta_rec": 0.7285856679745962, "gamma_fc": 0.851671874936367, "cue_position": 16.0, "beta_enc": 0.49958417067888605}, "datetime": {"delta": 0.350275, "elapsed": 21.208635, "datetime": "2020-06-14 09:41:12"}}
{"target": 9.875, "params": {"gamma_cf": 0.10196725942579743, "beta_rec": 0.6166850671552362, "gamma_fc": 0.5158570169685298, "cue_position": 16.0, "beta_enc": 0.41584871826752734}, "datetime": {"delta": 0.371835, "elapsed": 21.58047, "datetime": "2020-06-14 09:41:12"}}
{"target": 8.875, "params": {"gamma_cf": 0.5440101188139381, "beta_rec": 0.15267164409316325, "gamma_fc": 0.6541373469707443, "cue_position": 16.0, "beta_enc": 0.47714098704978236}, "datetime": {"delta": 0.351843, "elapsed": 21.932313, "datetime": "2020-06-14 09:41:13"}}
{"target": 8.25, "params": {"gamma_cf": 0.519351824366033, "beta_rec": 0.7515278171352439, "gamma_fc": 0.7852960282216189, "cue_position": 16.0, "beta_enc": 0.1445455401246598}, "datetime": {"delta": 0.338855, "elapsed": 22.271168, "datetime": "2020-06-14 09:41:13"}}
{"target": 6.875, "params": {"gamma_cf": 0.8447096076020696, "beta_rec": 0.3243624597261865, "gamma_fc": 0.5384405925945437, "cue_position": 16.0, "beta_enc": 0.02233042799180618}, "datetime": {"delta": 0.31043, "elapsed": 22.581598, "datetime": "2020-06-14 09:41:13"}}
{"target": 6.25, "params": {"gamma_cf": 0.8541154438365387, "beta_rec": 0.9498059913536265, "gamma_fc": 0.09874340182034835, "cue_position": 16.0, "beta_enc": 0.866608274166513}, "datetime": {"delta": 0.297983, "elapsed": 22.879581, "datetime": "2020-06-14 09:41:13"}}
{"target": 7.0, "params": {"gamma_cf": 0.799615261736028, "beta_rec": 0.703516988152653, "gamma_fc": 0.03457121987163425, "cue_position": 16.0, "beta_enc": 0.651304332340991}, "datetime": {"delta": 0.315295, "elapsed": 23.194876, "datetime": "2020-06-14 09:41:14"}}
{"target": 7.625, "params": {"gamma_cf": 0.2570692988221467, "beta_rec": 0.731728600739527, "gamma_fc": 0.6323033174301278, "cue_position": 16.0, "beta_enc": 0.7702387345549799}, "datetime": {"delta": 0.325913, "elapsed": 23.520789, "datetime": "2020-06-14 09:41:14"}}
{"target": 6.75, "params": {"gamma_cf": 0.7827494147841719, "beta_rec": 0.7965886780072875, "gamma_fc": 0.9904717836238407, "cue_position": 16.0, "beta_enc": 0.34529746159108154}, "datetime": {"delta": 0.307404, "elapsed": 23.828193, "datetime": "2020-06-14 09:41:14"}}
{"target": 8.125, "params": {"gamma_cf": 0.5415593788873733, "beta_rec": 0.14300582825809938, "gamma_fc": 0.9747403708550822, "cue_position": 16.0, "beta_enc": 0.30024833953390007}, "datetime": {"delta": 0.334099, "elapsed": 24.162292, "datetime": "2020-06-14 09:41:15"}}
{"target": 9.25, "params": {"gamma_cf": 0.5264259339055213, "beta_rec": 0.9939130246104789, "gamma_fc": 0.1354279030721699, "cue_position": 16.0, "beta_enc": 0.6366044000018972}, "datetime": {"delta": 0.356706, "elapsed": 24.518998, "datetime": "2020-06-14 09:41:15"}}
{"target": 9.0, "params": {"gamma_cf": 0.7456371927074961, "beta_rec": 0.026218567296373285, "gamma_fc": 0.03039968992878883, "cue_position": 16.0, "beta_enc": 0.3557051709838811}, "datetime": {"delta": 0.353572, "elapsed": 24.87257, "datetime": "2020-06-14 09:41:15"}}
{"target": 8.875, "params": {"gamma_cf": 0.6909421420661686, "beta_rec": 0.8623462528380441, "gamma_fc": 0.18863680095531088, "cue_position": 16.0, "beta_enc": 0.36654309724374434}, "datetime": {"delta": 0.351469, "elapsed": 25.224039, "datetime": "2020-06-14 09:41:16"}}
{"target": 8.875, "params": {"gamma_cf": 0.20390622523312185, "beta_rec": 0.5815774073442912, "gamma_fc": 0.24773290176235485, "cue_position": 16.0, "beta_enc": 0.44190428074842336}, "datetime": {"delta": 0.351447, "elapsed": 25.575486, "datetime": "2020-06-14 09:41:16"}}
{"target": 8.75, "params": {"gamma_cf": 0.05692943841109499, "beta_rec": 0.7501724132979928, "gamma_fc": 0.5085162406102396, "cue_position": 16.0, "beta_enc": 0.26217308377291193}, "datetime": {"delta": 0.348022, "elapsed": 25.923508, "datetime": "2020-06-14 09:41:17"}}
{"target": 7.5, "params": {"gamma_cf": 0.02760601195450363, "beta_rec": 0.7986042447602102, "gamma_fc": 0.593432449464621, "cue_position": 16.0, "beta_enc": 0.21196016464367595}, "datetime": {"delta": 0.322125, "elapsed": 26.245633, "datetime": "2020-06-14 09:41:17"}}
{"target": 7.125, "params": {"gamma_cf": 0.5111414782971282, "beta_rec": 0.3810161240622142, "gamma_fc": 0.5409518049621886, "cue_position": 16.0, "beta_enc": 0.8438404289311888}, "datetime": {"delta": 0.315764, "elapsed": 26.561397, "datetime": "2020-06-14 09:41:17"}}
{"target": 5.75, "params": {"gamma_cf": 0.7093872512312951, "beta_rec": 0.8039608914986468, "gamma_fc": 0.46500148156350607, "cue_position": 16.0, "beta_enc": 0.9594343210617524}, "datetime": {"delta": 0.28899, "elapsed": 26.850387, "datetime": "2020-06-14 09:41:17"}}
