{"target": 8.0, "params": {"cue_position": 10.0, "beta_rec": 0.517612247364245, "beta_enc": 0.2732704627550099, "gamma_fc": 0.6602827450516383, "gamma_cf": 0.5678006495490434}, "datetime": {"delta": 11.457665, "elapsed": 879.59941, "datetime": "2020-06-14 09:57:43"}}
{"target": 7.625, "params": {"cue_position": 10.0, "beta_rec": 0.23263438737517428, "beta_enc": 0.05891529649237637, "gamma_fc": 0.8605933419965381, "gamma_cf": 0.42829030001198376}, "datetime": {"delta": 11.763822, "elapsed": 891.363232, "datetime": "2020-06-14 09:57:55"}}
{"target": 9.125, "params": {"cue_position": 10.0, "beta_rec": 0.42002990649423066, "beta_enc": 0.26500849845713287, "gamma_fc": 0.46507787664736616, "gamma_cf": 0.4781426909072863}, "datetime": {"delta": 12.190091, "elapsed": 903.553323, "datetime": "2020-06-14 09:58:07"}}
{"target": 9.625, "params": {"cue_position": 10.0, "beta_rec": 0.17625734556405015, "beta_enc": 0.5762000596386389, "gamma_fc": 0.8678412608871849, "gamma_cf": 0.9848223349915509}, "datetime": {"delta": 11.499192, "elapsed": 915.052515, "datetime": "2020-06-14 09:58:19"}}
{"target": 9.375, "params": {"cue_position": 10.0, "beta_rec": 0.27360165020257843, "beta_enc": 0.6601124216620631, "gamma_fc": 0.12646086318230298, "gamma_cf": 0.626473980825098}, "datetime": {"delta": 11.307151, "elapsed": 926.359666, "datetime": "2020-06-14 09:58:30"}}
{"target": 10.0, "params": {"cue_position": 10.0, "beta_rec": 0.862347414066959, "beta_enc": 0.9148174996462239, "gamma_fc": 0.8008855266819028, "gamma_cf": 0.03136592761789214}, "datetime": {"delta": 12.03062, "elapsed": 938.390286, "datetime": "2020-06-14 09:58:42"}}
{"target": 6.5, "params": {"cue_position": 10.0, "beta_rec": 0.9041873700983961, "beta_enc": 0.4559942263059533, "gamma_fc": 0.12297126579792206, "gamma_cf": 0.2879736672698884}, "datetime": {"delta": 11.621923, "elapsed": 950.012209, "datetime": "2020-06-14 09:58:54"}}
{"target": 9.75, "params": {"cue_position": 10.0, "beta_rec": 0.7919636735752087, "beta_enc": 0.27296237081720487, "gamma_fc": 0.14337238161718735, "gamma_cf": 0.6287510346954022}, "datetime": {"delta": 11.909762, "elapsed": 961.921971, "datetime": "2020-06-14 09:59:06"}}
{"target": 7.0, "params": {"cue_position": 10.0, "beta_rec": 0.632389486661533, "beta_enc": 0.10542010755559927, "gamma_fc": 0.7632520170362274, "gamma_cf": 0.6899248442050483}, "datetime": {"delta": 11.590059, "elapsed": 973.51203, "datetime": "2020-06-14 09:59:17"}}
{"target": 7.5, "params": {"cue_position": 10.0, "beta_rec": 0.6738221878863309, "beta_enc": 0.3733056834985007, "gamma_fc": 0.011816688061062508, "gamma_cf": 0.5517810153687429}, "datetime": {"delta": 12.294874, "elapsed": 985.806904, "datetime": "2020-06-14 09:59:30"}}
{"target": 10.125, "params": {"cue_position": 10.0, "beta_rec": 0.8214251107847208, "beta_enc": 0.40114385885698034, "gamma_fc": 0.24212068939481834, "gamma_cf": 0.697117539244952}, "datetime": {"delta": 12.357535, "elapsed": 998.164439, "datetime": "2020-06-14 09:59:42"}}
{"target": 10.625, "params": {"cue_position": 10.0, "beta_rec": 0.03782031967888133, "beta_enc": 0.49790865705973053, "gamma_fc": 0.044314398664302423, "gamma_cf": 0.9201584159469444}, "datetime": {"delta": 11.910846, "elapsed": 1010.075285, "datetime": "2020-06-14 09:59:54"}}
{"target": 8.875, "params": {"cue_position": 10.0, "beta_rec": 0.18853156780063524, "beta_enc": 0.13587388255310387, "gamma_fc": 0.6067842348605356, "gamma_cf": 0.049168952252828635}, "datetime": {"delta": 13.609902, "elapsed": 1023.685187, "datetime": "2020-06-14 10:00:07"}}
{"target": 9.25, "params": {"cue_position": 10.0, "beta_rec": 0.6762848997879689, "beta_enc": 0.17661817970372662, "gamma_fc": 0.11369715691928495, "gamma_cf": 0.9777751011908072}, "datetime": {"delta": 12.90166, "elapsed": 1036.586847, "datetime": "2020-06-14 10:00:20"}}
{"target": 6.875, "params": {"cue_position": 10.0, "beta_rec": 0.09350379976142838, "beta_enc": 0.04583214106077504, "gamma_fc": 0.45549770437178383, "gamma_cf": 0.8085761570813512}, "datetime": {"delta": 13.46775, "elapsed": 1050.054597, "datetime": "2020-06-14 10:00:34"}}
{"target": 7.875, "params": {"cue_position": 10.0, "beta_rec": 0.31598341204058006, "beta_enc": 0.40482802690500747, "gamma_fc": 0.9768045732132957, "gamma_cf": 0.4340561286662987}, "datetime": {"delta": 13.469922, "elapsed": 1063.524519, "datetime": "2020-06-14 10:00:47"}}
{"target": 8.125, "params": {"cue_position": 10.0, "beta_rec": 0.5186839042874345, "beta_enc": 0.15953744961516347, "gamma_fc": 0.3988405016355432, "gamma_cf": 0.8634567936333711}, "datetime": {"delta": 14.64392, "elapsed": 1078.168439, "datetime": "2020-06-14 10:01:02"}}
{"target": 10.5, "params": {"cue_position": 10.0, "beta_rec": 0.3650218859489006, "beta_enc": 0.531880308654331, "gamma_fc": 0.38316119707676644, "gamma_cf": 0.9493335526623103}, "datetime": {"delta": 14.582935, "elapsed": 1092.751374, "datetime": "2020-06-14 10:01:17"}}
{"target": 8.75, "params": {"cue_position": 10.0, "beta_rec": 0.4379076321806563, "beta_enc": 0.4314138172711566, "gamma_fc": 0.0942955019498617, "gamma_cf": 0.9486694913302938}, "datetime": {"delta": 13.803516, "elapsed": 1106.55489, "datetime": "2020-06-14 10:01:30"}}
{"target": 9.75, "params": {"cue_position": 10.0, "beta_rec": 0.6172836168380212, "beta_enc": 0.3616665424286082, "gamma_fc": 0.1580607721758749, "gamma_cf": 0.9810913291696972}, "datetime": {"delta": 14.030931, "elapsed": 1120.585821, "datetime": "2020-06-14 10:01:44"}}
{"target": 8.125, "params": {"cue_position": 10.0, "beta_rec": 0.47678818768662257, "beta_enc": 0.008942681005892128, "gamma_fc": 0.18450465649803838, "gamma_cf": 0.8375477740833733}, "datetime": {"delta": 13.519531, "elapsed": 1134.105352, "datetime": "2020-06-14 10:01:58"}}
{"target": 9.75, "params": {"cue_position": 10.0, "beta_rec": 0.42349733914130283, "beta_enc": 0.06783958312065885, "gamma_fc": 0.8033441713687981, "gamma_cf": 0.4330028906773533}, "datetime": {"delta": 13.583236, "elapsed": 1147.688588, "datetime": "2020-06-14 10:02:11"}}
{"target": 10.0, "params": {"cue_position": 10.0, "beta_rec": 0.9589219764326596, "beta_enc": 0.8584750132853013, "gamma_fc": 0.09385680909359995, "gamma_cf": 0.8467960037157306}, "datetime": {"delta": 13.300833, "elapsed": 1160.989421, "datetime": "2020-06-14 10:02:25"}}
{"target": 8.875, "params": {"cue_position": 10.0, "beta_rec": 0.6953559038737018, "beta_enc": 0.7847781211273432, "gamma_fc": 0.6518599640264592, "gamma_cf": 0.41302424931057535}, "datetime": {"delta": 12.428496, "elapsed": 1173.417917, "datetime": "2020-06-14 10:02:37"}}
{"target": 6.5, "params": {"cue_position": 10.0, "beta_rec": 0.9686442200842329, "beta_enc": 0.44493114699453595, "gamma_fc": 0.6558991411735164, "gamma_cf": 0.35364926308082034}, "datetime": {"delta": 12.736272, "elapsed": 1186.154189, "datetime": "2020-06-14 10:02:50"}}
{"target": 9.5, "params": {"cue_position": 10.0, "beta_rec": 0.9486046733751573, "beta_enc": 0.5437105944457282, "gamma_fc": 0.006442035132480095, "gamma_cf": 0.8434286354712847}, "datetime": {"delta": 14.124955, "elapsed": 1200.279144, "datetime": "2020-06-14 10:03:04"}}
{"target": 8.375, "params": {"cue_position": 10.0, "beta_rec": 0.946954124560069, "beta_enc": 0.2908013441777183, "gamma_fc": 0.47345418139701456, "gamma_cf": 0.4305587511651089}, "datetime": {"delta": 13.932369, "elapsed": 1214.211513, "datetime": "2020-06-14 10:03:18"}}
{"target": 7.75, "params": {"cue_position": 10.0, "beta_rec": 0.7123313551825019, "beta_enc": 0.9088936848197935, "gamma_fc": 0.8433548787331714, "gamma_cf": 0.3080119832522987}, "datetime": {"delta": 14.18113, "elapsed": 1228.392643, "datetime": "2020-06-14 10:03:32"}}
{"target": 12.25, "params": {"cue_position": 10.0, "beta_rec": 0.4081022970037471, "beta_enc": 0.4219064138617449, "gamma_fc": 0.05890235529954213, "gamma_cf": 0.9446500060480768}, "datetime": {"delta": 14.277934, "elapsed": 1242.670577, "datetime": "2020-06-14 10:03:46"}}
{"target": 11.5, "params": {"cue_position": 10.0, "beta_rec": 0.9355545901493537, "beta_enc": 0.2576971296865943, "gamma_fc": 0.04172198224983048, "gamma_cf": 0.9894138218151716}, "datetime": {"delta": 13.287233, "elapsed": 1255.95781, "datetime": "2020-06-14 10:04:00"}}
{"target": 10.0, "params": {"cue_position": 10.0, "beta_rec": 0.548579168864038, "beta_enc": 0.45615426205974563, "gamma_fc": 0.4971476489181137, "gamma_cf": 0.28452158807063876}, "datetime": {"delta": 12.984974, "elapsed": 1268.942784, "datetime": "2020-06-14 10:04:13"}}
{"target": 11.625, "params": {"cue_position": 10.0, "beta_rec": 0.8970736122161284, "beta_enc": 0.40145018801801946, "gamma_fc": 0.11923195981026091, "gamma_cf": 0.7704389040297074}, "datetime": {"delta": 13.640412, "elapsed": 1282.583196, "datetime": "2020-06-14 10:04:26"}}
{"target": 9.125, "params": {"cue_position": 10.0, "beta_rec": 0.9728844243991789, "beta_enc": 0.0695497497610944, "gamma_fc": 0.08279840963168883, "gamma_cf": 0.6629368900517083}, "datetime": {"delta": 12.840292, "elapsed": 1295.423488, "datetime": "2020-06-14 10:04:39"}}
{"target": 10.125, "params": {"cue_position": 10.0, "beta_rec": 0.9289547310719793, "beta_enc": 0.2595311646513786, "gamma_fc": 0.03154740763718222, "gamma_cf": 0.9939443420414019}, "datetime": {"delta": 13.713159, "elapsed": 1309.136647, "datetime": "2020-06-14 10:04:53"}}
{"target": 9.375, "params": {"cue_position": 10.0, "beta_rec": 0.666561414616773, "beta_enc": 0.18924292082374938, "gamma_fc": 0.11621148606331733, "gamma_cf": 0.9764892062989983}, "datetime": {"delta": 12.674108, "elapsed": 1321.810755, "datetime": "2020-06-14 10:05:06"}}
{"target": 7.75, "params": {"cue_position": 10.0, "beta_rec": 0.6875522038073436, "beta_enc": 0.18932208943767415, "gamma_fc": 0.11735381051965088, "gamma_cf": 0.9710051599260798}, "datetime": {"delta": 13.424114, "elapsed": 1335.234869, "datetime": "2020-06-14 10:05:19"}}
{"target": 8.25, "params": {"cue_position": 10.0, "beta_rec": 0.43203534731204685, "beta_enc": 0.07577531618200739, "gamma_fc": 0.8158939371546357, "gamma_cf": 0.4266032024585349}, "datetime": {"delta": 13.195361, "elapsed": 1348.43023, "datetime": "2020-06-14 10:05:32"}}
{"target": 8.125, "params": {"cue_position": 10.0, "beta_rec": 0.9480192476154111, "beta_enc": 0.8686220525845464, "gamma_fc": 0.08991653326784932, "gamma_cf": 0.8442188964140396}, "datetime": {"delta": 13.933204, "elapsed": 1362.363434, "datetime": "2020-06-14 10:05:46"}}
{"target": 8.5, "params": {"cue_position": 10.0, "beta_rec": 0.6217388780074995, "beta_enc": 0.8260454765700889, "gamma_fc": 0.18574766454197444, "gamma_cf": 0.5890697063245802}, "datetime": {"delta": 13.332421, "elapsed": 1375.695855, "datetime": "2020-06-14 10:05:59"}}
{"target": 9.5, "params": {"cue_position": 10.0, "beta_rec": 0.4188435821994708, "beta_enc": 0.41824183004176907, "gamma_fc": 0.06577021660068183, "gamma_cf": 0.945941014745457}, "datetime": {"delta": 14.149709, "elapsed": 1389.845564, "datetime": "2020-06-14 10:06:14"}}
{"target": 7.75, "params": {"cue_position": 10.0, "beta_rec": 0.3470773358606034, "beta_enc": 0.17281607888553296, "gamma_fc": 0.6926984778748669, "gamma_cf": 0.7108774352972234}, "datetime": {"delta": 13.512712, "elapsed": 1403.358276, "datetime": "2020-06-14 10:06:27"}}
{"target": 10.0, "params": {"cue_position": 10.0, "beta_rec": 0.9108136627414792, "beta_enc": 0.28595263364703105, "gamma_fc": 0.1512444016930659, "gamma_cf": 0.9218762114064243}, "datetime": {"delta": 14.087309, "elapsed": 1417.445585, "datetime": "2020-06-14 10:06:41"}}
{"target": 9.375, "params": {"cue_position": 10.0, "beta_rec": 0.8649548555219827, "beta_enc": 0.9053454606274003, "gamma_fc": 0.7943284621619542, "gamma_cf": 0.018645239120456902}, "datetime": {"delta": 13.43088, "elapsed": 1430.876465, "datetime": "2020-06-14 10:06:55"}}
{"target": 9.75, "params": {"cue_position": 10.0, "beta_rec": 0.6183112153235144, "beta_enc": 0.36726358905250733, "gamma_fc": 0.170178330666511, "gamma_cf": 0.9775792195628381}, "datetime": {"delta": 13.96213, "elapsed": 1444.838595, "datetime": "2020-06-14 10:07:09"}}
{"target": 7.625, "params": {"cue_position": 10.0, "beta_rec": 0.5382246878098427, "beta_enc": 0.45382556498697, "gamma_fc": 0.5033358058718064, "gamma_cf": 0.2882790574080967}, "datetime": {"delta": 13.622686, "elapsed": 1458.461281, "datetime": "2020-06-14 10:07:22"}}
{"target": 9.0, "params": {"cue_position": 10.0, "beta_rec": 0.3659509058784044, "beta_enc": 0.5337154496727097, "gamma_fc": 0.3806041529877302, "gamma_cf": 0.9408457182453016}, "datetime": {"delta": 13.65498, "elapsed": 1472.116261, "datetime": "2020-06-14 10:07:36"}}
{"target": 8.375, "params": {"cue_position": 10.0, "beta_rec": 0.141804466019272, "beta_enc": 0.5929719674988486, "gamma_fc": 0.8324302447363697, "gamma_cf": 0.29004995193576255}, "datetime": {"delta": 13.63219, "elapsed": 1485.748451, "datetime": "2020-06-14 10:07:50"}}
{"target": 10.5, "params": {"cue_position": 10.0, "beta_rec": 0.8072186255480293, "beta_enc": 0.4178165064661947, "gamma_fc": 0.24867162284418864, "gamma_cf": 0.7170699075825743}, "datetime": {"delta": 13.710668, "elapsed": 1499.459119, "datetime": "2020-06-14 10:08:03"}}
{"target": 9.75, "params": {"cue_position": 10.0, "beta_rec": 0.8578169211893856, "beta_enc": 0.9008653595126047, "gamma_fc": 0.7961094622675525, "gamma_cf": 0.0283671784538716}, "datetime": {"delta": 13.303505, "elapsed": 1512.762624, "datetime": "2020-06-14 10:08:17"}}
{"target": 9.25, "params": {"cue_position": 10.0, "beta_rec": 0.6621770449686545, "beta_enc": 0.1893054936122015, "gamma_fc": 0.11701738631980585, "gamma_cf": 0.9864960717275582}, "datetime": {"delta": 14.040266, "elapsed": 1526.80289, "datetime": "2020-06-14 10:08:31"}}
{"target": 10.875, "params": {"cue_position": 10.0, "beta_rec": 0.42577117963825506, "beta_enc": 0.41785872904202537, "gamma_fc": 0.057659846355614164, "gamma_cf": 0.9462049453337458}, "datetime": {"delta": 13.575407, "elapsed": 1540.378297, "datetime": "2020-06-14 10:08:44"}}
{"target": 8.625, "params": {"cue_position": 10.0, "beta_rec": 0.38797086537157555, "beta_enc": 0.8479131470888388, "gamma_fc": 0.5448837776094433, "gamma_cf": 0.5034799507974774}, "datetime": {"delta": 14.205593, "elapsed": 1554.58389, "datetime": "2020-06-14 10:08:58"}}
{"target": 7.5, "params": {"cue_position": 10.0, "beta_rec": 0.6328853971063853, "beta_enc": 0.49066184718271655, "gamma_fc": 0.3165422117753621, "gamma_cf": 0.8989859039532603}, "datetime": {"delta": 13.66597, "elapsed": 1568.24986, "datetime": "2020-06-14 10:09:12"}}
{"target": 10.25, "params": {"cue_position": 10.0, "beta_rec": 0.4234181166304466, "beta_enc": 0.4357071561112529, "gamma_fc": 0.08482315349987601, "gamma_cf": 0.9519486598864427}, "datetime": {"delta": 14.666562, "elapsed": 1582.916422, "datetime": "2020-06-14 10:09:27"}}
{"target": 10.5, "params": {"cue_position": 10.0, "beta_rec": 0.8985663804017449, "beta_enc": 0.5337391062905811, "gamma_fc": 0.2498855994381829, "gamma_cf": 0.8730964986169352}, "datetime": {"delta": 14.208855, "elapsed": 1597.125277, "datetime": "2020-06-14 10:09:41"}}
{"target": 9.0, "params": {"cue_position": 10.0, "beta_rec": 0.04211200222817746, "beta_enc": 0.4983229305826534, "gamma_fc": 0.04291630734808638, "gamma_cf": 0.9115786508818455}, "datetime": {"delta": 14.222014, "elapsed": 1611.347291, "datetime": "2020-06-14 10:09:55"}}
{"target": 11.125, "params": {"cue_position": 10.0, "beta_rec": 0.8914971335205024, "beta_enc": 0.5368814261126605, "gamma_fc": 0.25533626862869474, "gamma_cf": 0.8799767598676848}, "datetime": {"delta": 14.390555, "elapsed": 1625.737846, "datetime": "2020-06-14 10:10:10"}}
{"target": 9.5, "params": {"cue_position": 10.0, "beta_rec": 0.9495735675299977, "beta_enc": 0.538101268785482, "gamma_fc": 0.0044943703012738645, "gamma_cf": 0.8276504165874694}, "datetime": {"delta": 14.439933, "elapsed": 1640.177779, "datetime": "2020-06-14 10:10:24"}}
{"target": 7.0, "params": {"cue_position": 10.0, "beta_rec": 0.6372419907864311, "beta_enc": 0.7760024314215335, "gamma_fc": 0.4529597624197609, "gamma_cf": 0.6719442224569234}, "datetime": {"delta": 13.661552, "elapsed": 1653.839331, "datetime": "2020-06-14 10:10:38"}}
{"target": 8.125, "params": {"cue_position": 10.0, "beta_rec": 0.8679452410711, "beta_enc": 0.006993801102888275, "gamma_fc": 0.9481719192760464, "gamma_cf": 0.8203586813388709}, "datetime": {"delta": 14.502321, "elapsed": 1668.341652, "datetime": "2020-06-14 10:10:52"}}
{"target": 9.625, "params": {"cue_position": 10.0, "beta_rec": 0.27269025970333816, "beta_enc": 0.5791895910293317, "gamma_fc": 0.35628252157302276, "gamma_cf": 0.6592872373895073}, "datetime": {"delta": 14.611014, "elapsed": 1682.952666, "datetime": "2020-06-14 10:11:07"}}
{"target": 10.25, "params": {"cue_position": 10.0, "beta_rec": 0.6758299514374729, "beta_enc": 0.42156819899898645, "gamma_fc": 0.042690906048574395, "gamma_cf": 0.861444911878879}, "datetime": {"delta": 14.738981, "elapsed": 1697.691647, "datetime": "2020-06-14 10:11:21"}}
{"target": 8.25, "params": {"cue_position": 10.0, "beta_rec": 0.16151995282141463, "beta_enc": 0.6375133125398332, "gamma_fc": 0.008763460405988743, "gamma_cf": 0.2626087039812859}, "datetime": {"delta": 14.374121, "elapsed": 1712.065768, "datetime": "2020-06-14 10:11:36"}}
{"target": 8.25, "params": {"cue_position": 10.0, "beta_rec": 0.008348770078636325, "beta_enc": 0.6177218136430819, "gamma_fc": 0.997790701877579, "gamma_cf": 0.6814525464190625}, "datetime": {"delta": 14.867437, "elapsed": 1726.933205, "datetime": "2020-06-14 10:11:51"}}
{"target": 9.0, "params": {"cue_position": 10.0, "beta_rec": 0.14366889141346717, "beta_enc": 0.30354672396462434, "gamma_fc": 0.9729137313654018, "gamma_cf": 0.5320436991217706}, "datetime": {"delta": 14.647033, "elapsed": 1741.580238, "datetime": "2020-06-14 10:12:05"}}
{"target": 11.125, "params": {"cue_position": 10.0, "beta_rec": 0.6725473751043657, "beta_enc": 0.18610681310715804, "gamma_fc": 0.12726133161109487, "gamma_cf": 0.974563470978666}, "datetime": {"delta": 14.884979, "elapsed": 1756.465217, "datetime": "2020-06-14 10:12:20"}}
{"target": 6.625, "params": {"cue_position": 10.0, "beta_rec": 0.6258814229509801, "beta_enc": 0.7576321616035991, "gamma_fc": 0.44960273980347987, "gamma_cf": 0.6650646657092782}, "datetime": {"delta": 14.3933, "elapsed": 1770.858517, "datetime": "2020-06-14 10:12:35"}}
{"target": 10.375, "params": {"cue_position": 10.0, "beta_rec": 0.421129472774985, "beta_enc": 0.4295070573830796, "gamma_fc": 0.054834152331296626, "gamma_cf": 0.9451135790957637}, "datetime": {"delta": 15.274875, "elapsed": 1786.133392, "datetime": "2020-06-14 10:12:50"}}
{"target": 9.25, "params": {"cue_position": 10.0, "beta_rec": 0.6750183073046233, "beta_enc": 0.18287403334770957, "gamma_fc": 0.13741607978470383, "gamma_cf": 0.9747179711907018}, "datetime": {"delta": 14.841964, "elapsed": 1800.975356, "datetime": "2020-06-14 10:13:05"}}
{"target": 8.5, "params": {"cue_position": 10.0, "beta_rec": 0.629996679667078, "beta_enc": 0.8286798872015545, "gamma_fc": 0.1985182431178658, "gamma_cf": 0.5935125900938665}, "datetime": {"delta": 15.241366, "elapsed": 1816.216722, "datetime": "2020-06-14 10:13:20"}}
{"target": 8.5, "params": {"cue_position": 10.0, "beta_rec": 0.8599640228107944, "beta_enc": 0.3344530794560947, "gamma_fc": 0.4565895674808723, "gamma_cf": 0.6869448574598952}, "datetime": {"delta": 14.89616, "elapsed": 1831.112882, "datetime": "2020-06-14 10:13:35"}}
{"target": 7.875, "params": {"cue_position": 10.0, "beta_rec": 0.9004370561137421, "beta_enc": 0.44761632801137297, "gamma_fc": 0.1307403939927566, "gamma_cf": 0.2881165548572552}, "datetime": {"delta": 14.544472, "elapsed": 1845.657354, "datetime": "2020-06-14 10:13:49"}}
{"target": 8.875, "params": {"cue_position": 10.0, "beta_rec": 0.30306346327073785, "beta_enc": 0.0035842021259537837, "gamma_fc": 0.35701493776668924, "gamma_cf": 0.30005854008483457}, "datetime": {"delta": 14.908749, "elapsed": 1860.566103, "datetime": "2020-06-14 10:14:04"}}
{"target": 9.125, "params": {"cue_position": 10.0, "beta_rec": 0.6999359333331627, "beta_enc": 0.7837707574170354, "gamma_fc": 0.6510373650943754, "gamma_cf": 0.40440245764474103}, "datetime": {"delta": 15.19219, "elapsed": 1875.758293, "datetime": "2020-06-14 10:14:20"}}
{"target": 8.375, "params": {"cue_position": 10.0, "beta_rec": 0.95987889284541, "beta_enc": 0.8511101179292763, "gamma_fc": 0.08625755846679317, "gamma_cf": 0.8426121024883361}, "datetime": {"delta": 14.701155, "elapsed": 1890.459448, "datetime": "2020-06-14 10:14:34"}}
{"target": 10.125, "params": {"cue_position": 10.0, "beta_rec": 0.7985984262609694, "beta_enc": 0.2668788854055807, "gamma_fc": 0.12470714874752498, "gamma_cf": 0.6279440075442868}, "datetime": {"delta": 15.568674, "elapsed": 1906.028122, "datetime": "2020-06-14 10:14:50"}}
{"target": 8.375, "params": {"cue_position": 10.0, "beta_rec": 0.2600482291090557, "beta_enc": 0.1973708502944974, "gamma_fc": 0.1287911773881747, "gamma_cf": 0.8783034344975439}, "datetime": {"delta": 15.431269, "elapsed": 1921.459391, "datetime": "2020-06-14 10:15:05"}}
{"target": 9.625, "params": {"cue_position": 10.0, "beta_rec": 0.8175801050308489, "beta_enc": 0.40236315351251195, "gamma_fc": 0.23856465318948483, "gamma_cf": 0.7044765859314727}, "datetime": {"delta": 15.599943, "elapsed": 1937.059334, "datetime": "2020-06-14 10:15:21"}}
{"target": 8.375, "params": {"cue_position": 10.0, "beta_rec": 0.8620948726011046, "beta_enc": 0.3227567970032895, "gamma_fc": 0.45780930405984666, "gamma_cf": 0.6970496939084944}, "datetime": {"delta": 14.735579, "elapsed": 1951.794913, "datetime": "2020-06-14 10:15:36"}}
{"target": 8.625, "params": {"cue_position": 10.0, "beta_rec": 0.832495119245993, "beta_enc": 0.5228225801782168, "gamma_fc": 0.2849577134478343, "gamma_cf": 0.8114452368317061}, "datetime": {"delta": 15.35871, "elapsed": 1967.153623, "datetime": "2020-06-14 10:15:51"}}
