{"target": 5.908888888888889, "params": {"beta_enc": 0.21419328317039066, "primacy": 0.9, "beta_rec": 0.751869763118772, "gamma_fc": 0.6191237284205664}, "datetime": {"elapsed": 22565.619503, "delta": 260.546886, "datetime": "2020-09-24 02:23:40"}}
{"target": 5.959111111111111, "params": {"beta_enc": 0.2947906353126755, "primacy": 0.9, "beta_rec": 0.3288628101509243, "gamma_fc": 0.0}, "datetime": {"elapsed": 22826.626549, "delta": 261.007046, "datetime": "2020-09-24 02:28:01"}}
{"target": 5.882888888888888, "params": {"beta_enc": 0.07528767446297013, "primacy": 0.9, "beta_rec": 0.7536156715858087, "gamma_fc": 0.847899944850798}, "datetime": {"elapsed": 23085.552077, "delta": 258.925528, "datetime": "2020-09-24 02:32:20"}}
{"target": 5.951111111111111, "params": {"beta_enc": 0.08983864881457505, "primacy": 0.9, "beta_rec": 0.07022302658084405, "gamma_fc": 0.4610321048047228}, "datetime": {"elapsed": 23347.447668, "delta": 261.895591, "datetime": "2020-09-24 02:36:42"}}
{"target": 5.924222222222222, "params": {"beta_enc": 0.09140175918386373, "primacy": 0.9, "beta_rec": 0.9683275443875248, "gamma_fc": 0.6308897269895436}, "datetime": {"elapsed": 23608.741207, "delta": 261.293539, "datetime": "2020-09-24 02:41:03"}}
{"target": 5.941333333333334, "params": {"beta_enc": 0.0, "primacy": 0.9, "beta_rec": 0.7621082809090162, "gamma_fc": 0.5726301457297002}, "datetime": {"elapsed": 23870.330857, "delta": 261.58965, "datetime": "2020-09-24 02:45:25"}}
{"target": 5.9079999999999995, "params": {"beta_enc": 0.23773445081657696, "primacy": 0.9, "beta_rec": 0.9676691366784191, "gamma_fc": 0.8381391004719646}, "datetime": {"elapsed": 24132.654768, "delta": 262.323911, "datetime": "2020-09-24 02:49:47"}}
{"target": 5.895777777777779, "params": {"beta_enc": 0.0, "primacy": 0.9, "beta_rec": 0.3130423517765631, "gamma_fc": 0.19762024121586916}, "datetime": {"elapsed": 24393.559474, "delta": 260.904706, "datetime": "2020-09-24 02:54:08"}}
{"target": 5.847555555555556, "params": {"beta_enc": 0.3414300678412945, "primacy": 0.9, "beta_rec": 1.0, "gamma_fc": 0.6207367050639593}, "datetime": {"elapsed": 24652.954144, "delta": 259.39467, "datetime": "2020-09-24 02:58:28"}}
{"target": 5.841777777777778, "params": {"beta_enc": 0.27430536185298005, "primacy": 0.9, "beta_rec": 0.8023526391527852, "gamma_fc": 1.0}, "datetime": {"elapsed": 24911.727071, "delta": 258.772927, "datetime": "2020-09-24 03:02:46"}}
