{"target": -9738.079366836828, "params": {"epsilon_d": 7.517077209192669, "gamma_cf": 0.7626320954451107, "beta_rec": 0.889827341447375, "lr": 0.041475079576498874, "phi_s": 0.20762672703258384, "beta_enc": 0.3258099666132048, "s_cf": 0.6938554113738997, "k_intra": 2.107645024687054, "phi_d": 1.033303519913709, "gamma_fc": 0.46947902855992574}, "datetime": {"delta": 9.705915, "datetime": "2020-09-13 13:22:51", "elapsed": 983.246479}}
{"target": -9600.689856025625, "params": {"epsilon_d": 7.67788977658173, "gamma_cf": 0.5360084947395637, "beta_rec": 0.430471782744975, "lr": 0.19341639901491836, "phi_s": 0.25170754466868256, "beta_enc": 0.6703500319361684, "s_cf": 0.6051167805003662, "k_intra": 1.3479311796067905, "phi_d": 1.0734250233774845, "gamma_fc": 0.03985992663545257}, "datetime": {"delta": 9.736599, "datetime": "2020-09-13 13:23:01", "elapsed": 992.983078}}
{"target": -9299.313229677806, "params": {"epsilon_d": 4.32355594764344, "gamma_cf": 0.8477004682374377, "beta_rec": 0.6174610120171561, "lr": 0.8730681484470995, "phi_s": 2.4867088178805656, "beta_enc": 0.5120610275239188, "s_cf": 0.9517756930338517, "k_intra": 0.15403519791920894, "phi_d": 2.0029844884578867, "gamma_fc": 0.4540590560591513}, "datetime": {"delta": 9.687086, "datetime": "2020-09-13 13:23:11", "elapsed": 1002.670164}}
{"target": -9689.756910793842, "params": {"epsilon_d": 0.633434434563398, "gamma_cf": 0.4216578860324509, "beta_rec": 0.23507186409101455, "lr": 0.4731119528858785, "phi_s": 2.3413682462846417, "beta_enc": 0.050912383516887205, "s_cf": 0.8414221567958434, "k_intra": 0.816239827150681, "phi_d": 0.4640750184452985, "gamma_fc": 0.863829145501452}, "datetime": {"delta": 9.69634, "datetime": "2020-09-13 13:23:20", "elapsed": 1012.366504}}
{"target": -18346.916485731756, "params": {"epsilon_d": 2.3941104413775594, "gamma_cf": 0.9524737816932592, "beta_rec": 0.48644074317039476, "lr": 0.9734873973251963, "phi_s": 2.7037670812362773, "beta_enc": 0.04329093818615859, "s_cf": 0.4345949734085095, "k_intra": 6.139340023847009, "phi_d": 1.100097896777128, "gamma_fc": 0.9438926277837961}, "datetime": {"delta": 9.692032, "datetime": "2020-09-13 13:23:30", "elapsed": 1022.058536}}
{"target": -10023.439709647546, "params": {"epsilon_d": 6.842180509832275, "gamma_cf": 0.06491158533912933, "beta_rec": 0.9408279632013994, "lr": 0.6049268729742817, "phi_s": 0.8349732232493642, "beta_enc": 0.23581463714751372, "s_cf": 0.6004889552745444, "k_intra": 7.013802946333463, "phi_d": 2.2238872076200584, "gamma_fc": 0.8704248568230661}, "datetime": {"delta": 9.703801, "datetime": "2020-09-13 13:23:40", "elapsed": 1031.762337}}
{"target": -10347.017401671797, "params": {"epsilon_d": 1.3051067133926597, "gamma_cf": 0.8424458099564136, "beta_rec": 0.05411366032399989, "lr": 0.2482907289970986, "phi_s": 2.6307898782664396, "beta_enc": 0.8146191812616553, "s_cf": 0.42166593484970927, "k_intra": 5.31287810481058, "phi_d": 0.955727868223538, "gamma_fc": 0.6183458693278855}, "datetime": {"delta": 9.698364, "datetime": "2020-09-13 13:23:50", "elapsed": 1041.460701}}
{"target": -12568.548668267033, "params": {"epsilon_d": 2.033808328240511, "gamma_cf": 0.8262275354923914, "beta_rec": 0.8969850695075825, "lr": 0.5984646931046363, "phi_s": 1.9119817531379473, "beta_enc": 0.0644302555796068, "s_cf": 0.8550417213473515, "k_intra": 4.867507448183382, "phi_d": 1.629075623807709, "gamma_fc": 0.8817706230828073}, "datetime": {"delta": 9.752052, "datetime": "2020-09-13 13:23:59", "elapsed": 1051.212753}}
{"target": -9229.70292455134, "params": {"epsilon_d": 5.6769033011914924, "gamma_cf": 0.11510304096690338, "beta_rec": 0.8837555081806009, "lr": 0.23944623690468037, "phi_s": 0.5693583709591219, "beta_enc": 0.2821394484048606, "s_cf": 0.8448725182357391, "k_intra": 5.9598238561301375, "phi_d": 0.4811054155586356, "gamma_fc": 0.22700116521465796}, "datetime": {"delta": 9.738663, "datetime": "2020-09-13 13:24:09", "elapsed": 1060.951416}}
{"target": -9992.744031075217, "params": {"epsilon_d": 3.4567921329602544, "gamma_cf": 0.5956250981349497, "beta_rec": 0.9635670871883419, "lr": 0.05917720718572239, "phi_s": 2.849807544744113, "beta_enc": 0.6021836538927108, "s_cf": 0.5346790571795887, "k_intra": 6.157042872039487, "phi_d": 2.2759198352665893, "gamma_fc": 0.5989852889734197}, "datetime": {"delta": 9.690652, "datetime": "2020-09-13 13:24:19", "elapsed": 1070.642068}}
{"target": -13962.720139215875, "params": {"epsilon_d": 0.073189693278638, "gamma_cf": 0.32825610365078084, "beta_rec": 0.7529259149799422, "lr": 0.8551902839041353, "phi_s": 2.485476642319226, "beta_enc": 0.1925560209550684, "s_cf": 0.8794835234293169, "k_intra": 5.883673328938768, "phi_d": 1.8535489518126445, "gamma_fc": 0.9176063476443932}, "datetime": {"delta": 9.701071, "datetime": "2020-09-13 13:24:28", "elapsed": 1080.343139}}
{"target": -9675.22852473128, "params": {"epsilon_d": 7.213033441865708, "gamma_cf": 0.44034708683123824, "beta_rec": 0.12295477155217849, "lr": 0.03606831456985993, "phi_s": 2.38607345003711, "beta_enc": 0.3209863745244532, "s_cf": 0.012096760015357866, "k_intra": 5.898236481098892, "phi_d": 0.680528137591862, "gamma_fc": 0.1267357091420086}, "datetime": {"delta": 9.686105, "datetime": "2020-09-13 13:24:38", "elapsed": 1090.029244}}
{"target": -11168.116336756033, "params": {"epsilon_d": 9.974849927283294, "gamma_cf": 0.5820299763434618, "beta_rec": 0.021375961088070716, "lr": 0.5071194235482045, "phi_s": 1.8048273682589409, "beta_enc": 0.3033456717085691, "s_cf": 0.2641376442105696, "k_intra": 9.289494618931156, "phi_d": 1.41860745990198, "gamma_fc": 0.29337627848605663}, "datetime": {"delta": 9.699147, "datetime": "2020-09-13 13:24:48", "elapsed": 1099.728391}}
{"target": -9096.661256731817, "params": {"epsilon_d": 2.444479993716109, "gamma_cf": 0.5845472661166298, "beta_rec": 0.37165457672418245, "lr": 0.9710833196254638, "phi_s": 2.437873172564884, "beta_enc": 0.3052882993474333, "s_cf": 0.7516404040812905, "k_intra": 0.7194722016400112, "phi_d": 2.283904902021419, "gamma_fc": 0.6958461339323264}, "datetime": {"delta": 9.754128, "datetime": "2020-09-13 13:24:58", "elapsed": 1109.482519}}
{"target": -12924.061503741574, "params": {"epsilon_d": 4.456729564016561, "gamma_cf": 0.6724726505249299, "beta_rec": 0.48169628302117706, "lr": 0.6816453376026229, "phi_s": 1.8939421534284557, "beta_enc": 0.0800609772712173, "s_cf": 0.15098073327964578, "k_intra": 7.0431339838390965, "phi_d": 2.121730733382993, "gamma_fc": 0.4487372588243219}, "datetime": {"delta": 9.710235, "datetime": "2020-09-13 13:25:07", "elapsed": 1119.192754}}
{"target": -9317.458552354976, "params": {"epsilon_d": 9.04102985913805, "gamma_cf": 0.23376869260410593, "beta_rec": 0.781045822193957, "lr": 0.3205646539951602, "phi_s": 1.8792251090384517, "beta_enc": 0.760802456305756, "s_cf": 0.7600017523497489, "k_intra": 3.9109912310676243, "phi_d": 2.464883094116316, "gamma_fc": 0.17667889307234141}, "datetime": {"delta": 9.69175, "datetime": "2020-09-13 13:25:17", "elapsed": 1128.884504}}
{"target": -10459.328667672005, "params": {"epsilon_d": 1.1503501205024624, "gamma_cf": 0.3734071317371953, "beta_rec": 0.09944056291558923, "lr": 0.5996360084237168, "phi_s": 1.524218887782459, "beta_enc": 0.4276650996969642, "s_cf": 0.08817368124218106, "k_intra": 8.207464986229382, "phi_d": 2.0976512511541285, "gamma_fc": 0.19384776750950716}, "datetime": {"delta": 9.736621, "datetime": "2020-09-13 13:25:27", "elapsed": 1138.621125}}
{"target": -9546.688081048158, "params": {"epsilon_d": 1.9859150305392625, "gamma_cf": 0.0254762357788203, "beta_rec": 0.461602080891622, "lr": 0.33039174636170277, "phi_s": 1.342483180258113, "beta_enc": 0.23507763668617032, "s_cf": 0.8646861447635343, "k_intra": 7.249167472191191, "phi_d": 2.546132965584601, "gamma_fc": 0.7293976982561526}, "datetime": {"delta": 9.726237, "datetime": "2020-09-13 13:25:36", "elapsed": 1148.347362}}
{"target": -9139.934660358938, "params": {"epsilon_d": 2.00727488035091, "gamma_cf": 0.5295466104783949, "beta_rec": 0.5810356574180902, "lr": 0.8709456091610533, "phi_s": 1.0565492317774587, "beta_enc": 0.6570654246228895, "s_cf": 0.6830743663365642, "k_intra": 3.0499397583521604, "phi_d": 2.7353612912893257, "gamma_fc": 0.8944324184275724}, "datetime": {"delta": 9.719468, "datetime": "2020-09-13 13:25:46", "elapsed": 1158.06683}}
{"target": -12630.102280604637, "params": {"epsilon_d": 8.785878632047705, "gamma_cf": 0.1908393632684806, "beta_rec": 0.07569688175830336, "lr": 0.34433919545005387, "phi_s": 1.942575788316515, "beta_enc": 0.8992209495659688, "s_cf": 0.8477880437147416, "k_intra": 6.67118788699204, "phi_d": 0.5389891529791171, "gamma_fc": 0.8497689100179306}, "datetime": {"delta": 9.727209, "datetime": "2020-09-13 13:25:56", "elapsed": 1167.794039}}
{"target": -9627.236779050385, "params": {"epsilon_d": 9.56301509755232, "gamma_cf": 0.5899231270757698, "beta_rec": 0.6282395971306578, "lr": 0.3367459987011673, "phi_s": 1.2026858387400678, "beta_enc": 0.8218493747640105, "s_cf": 0.992700873664818, "k_intra": 4.293307226164923, "phi_d": 2.976640534531115, "gamma_fc": 0.1978327846479193}, "datetime": {"delta": 9.720362, "datetime": "2020-09-13 13:26:06", "elapsed": 1177.514401}}
{"target": -10599.852144382685, "params": {"epsilon_d": 0.7457407125147986, "gamma_cf": 0.37030569377388767, "beta_rec": 0.17227970147712546, "lr": 0.4139198457294089, "phi_s": 2.7968713085946217, "beta_enc": 0.5188042507334142, "s_cf": 0.14923603230975002, "k_intra": 6.345187162918417, "phi_d": 2.9736553343238055, "gamma_fc": 0.12341885981472989}, "datetime": {"delta": 9.689381, "datetime": "2020-09-13 13:26:15", "elapsed": 1187.203782}}
{"target": -9602.102745993692, "params": {"epsilon_d": 5.609487551219452, "gamma_cf": 0.7803635232892685, "beta_rec": 0.46157971096238615, "lr": 0.26199970471933565, "phi_s": 0.16458738344513207, "beta_enc": 0.3948822625368005, "s_cf": 0.8211218982189646, "k_intra": 4.199935520102408, "phi_d": 2.7413378033515996, "gamma_fc": 0.48719390907342375}, "datetime": {"delta": 9.693154, "datetime": "2020-09-13 13:26:25", "elapsed": 1196.896936}}
{"target": -9226.400227932214, "params": {"epsilon_d": 3.5520938933964374, "gamma_cf": 0.9742126278950913, "beta_rec": 0.6857568991725472, "lr": 0.8894424754644789, "phi_s": 0.9968145155104609, "beta_enc": 0.18846839966641848, "s_cf": 0.0007643854781880233, "k_intra": 1.8756989261723955, "phi_d": 1.7918783123638609, "gamma_fc": 0.12277212944941995}, "datetime": {"delta": 9.716047, "datetime": "2020-09-13 13:26:35", "elapsed": 1206.612983}}
{"target": -11777.231465916388, "params": {"epsilon_d": 2.034338243700906, "gamma_cf": 0.8963225568040046, "beta_rec": 0.1454036341712357, "lr": 0.47049767615220905, "phi_s": 1.537896551547116, "beta_enc": 0.22759773832225305, "s_cf": 0.36348868328490525, "k_intra": 7.002894376334497, "phi_d": 2.498694406763636, "gamma_fc": 0.8730943782696405}, "datetime": {"delta": 9.728174, "datetime": "2020-09-13 13:26:44", "elapsed": 1216.341157}}
{"target": -8884.209862027583, "params": {"epsilon_d": 3.8698923425629217, "gamma_cf": 0.49288087343132025, "beta_rec": 0.9247408135383717, "lr": 0.38326345680528673, "phi_s": 2.1810253903647876, "beta_enc": 0.27560310276085875, "s_cf": 0.19086994317230743, "k_intra": 8.849665188380634, "phi_d": 0.9629666744102382, "gamma_fc": 0.2544381023144221}, "datetime": {"delta": 9.720375, "datetime": "2020-09-13 13:26:54", "elapsed": 1226.061532}}
{"target": -9467.937593255463, "params": {"epsilon_d": 7.441359213695352, "gamma_cf": 0.5905205476471171, "beta_rec": 0.8369977822135122, "lr": 0.638355320741173, "phi_s": 0.2957190948958726, "beta_enc": 0.11819262934703845, "s_cf": 0.8805385975643267, "k_intra": 6.23247145187584, "phi_d": 1.049951387925743, "gamma_fc": 0.24289157496487068}, "datetime": {"delta": 9.730165, "datetime": "2020-09-13 13:27:04", "elapsed": 1235.791697}}
{"target": -8966.80333280367, "params": {"epsilon_d": 2.538886209427397, "gamma_cf": 0.5913871822675169, "beta_rec": 0.7638727180664299, "lr": 0.12671338384692277, "phi_s": 0.33009059057912493, "beta_enc": 0.4599567310742584, "s_cf": 0.3028583047175786, "k_intra": 3.8210064254913956, "phi_d": 0.8083733233060298, "gamma_fc": 0.4287951603487977}, "datetime": {"delta": 9.724444, "datetime": "2020-09-13 13:27:14", "elapsed": 1245.516141}}
{"target": -10291.009161390633, "params": {"epsilon_d": 6.724110989339258, "gamma_cf": 0.00838307952503159, "beta_rec": 0.6150157249710488, "lr": 0.23090845048417918, "phi_s": 0.6364506000974065, "beta_enc": 0.7417048002315554, "s_cf": 0.8442600050750985, "k_intra": 5.031806905428871, "phi_d": 0.6071998760475744, "gamma_fc": 0.6783769722513199}, "datetime": {"delta": 9.688003, "datetime": "2020-09-13 13:27:23", "elapsed": 1255.204144}}
{"target": -10719.414187436989, "params": {"epsilon_d": 3.473694203728128, "gamma_cf": 0.7802245796913637, "beta_rec": 0.9137396248416316, "lr": 0.48372695118890585, "phi_s": 2.3830639978203583, "beta_enc": 0.9825897893050853, "s_cf": 0.10023464310313235, "k_intra": 8.164423975559377, "phi_d": 1.8108587650682708, "gamma_fc": 0.5464545907014307}, "datetime": {"delta": 9.738247, "datetime": "2020-09-13 13:27:33", "elapsed": 1264.942391}}
{"target": -9700.665153283664, "params": {"epsilon_d": 6.043068436688722, "gamma_cf": 0.9588025156370005, "beta_rec": 0.36598334666965426, "lr": 0.7906369935895988, "phi_s": 1.2422636227805919, "beta_enc": 0.5370071168405407, "s_cf": 0.6889550482302514, "k_intra": 3.929729979416164, "phi_d": 1.9707273573477366, "gamma_fc": 0.39282294499696246}, "datetime": {"delta": 9.70385, "datetime": "2020-09-13 13:27:43", "elapsed": 1274.646241}}
{"target": -10383.721283233233, "params": {"epsilon_d": 4.506432686721345, "gamma_cf": 0.3344193926972726, "beta_rec": 0.1361131542481221, "lr": 0.6896393990795577, "phi_s": 2.2653066691567147, "beta_enc": 0.404001609054379, "s_cf": 0.5419710617714415, "k_intra": 9.257748016364399, "phi_d": 1.8365805828079236, "gamma_fc": 0.2179689300611679}, "datetime": {"delta": 9.732784, "datetime": "2020-09-13 13:27:52", "elapsed": 1284.379025}}
{"target": -9293.20894306298, "params": {"epsilon_d": 8.62616694505222, "gamma_cf": 0.1674418575065213, "beta_rec": 0.9305598192498451, "lr": 0.978672805158347, "phi_s": 2.0157352321929363, "beta_enc": 0.7005330726195026, "s_cf": 0.089630698927462, "k_intra": 0.7161027944180454, "phi_d": 0.7855138861150891, "gamma_fc": 0.2631390239238742}, "datetime": {"delta": 9.721004, "datetime": "2020-09-13 13:28:02", "elapsed": 1294.100029}}
{"target": -9229.278234283009, "params": {"epsilon_d": 1.0495366832992803, "gamma_cf": 0.38887340269472437, "beta_rec": 0.5028243835184045, "lr": 0.5559002111265755, "phi_s": 1.2327704463370268, "beta_enc": 0.21077094208701874, "s_cf": 0.6962700831011029, "k_intra": 3.3920418488509996, "phi_d": 1.6566281336331459, "gamma_fc": 0.5379877201396809}, "datetime": {"delta": 9.734343, "datetime": "2020-09-13 13:28:12", "elapsed": 1303.834372}}
{"target": -10622.400934884146, "params": {"epsilon_d": 5.614912587993742, "gamma_cf": 0.3580799140129358, "beta_rec": 0.6873031493743899, "lr": 0.5968885249459731, "phi_s": 1.3789191991857264, "beta_enc": 0.6784824539979241, "s_cf": 0.7396119625075467, "k_intra": 9.357362666081997, "phi_d": 2.940811505642333, "gamma_fc": 0.6131123353670123}, "datetime": {"delta": 9.739343, "datetime": "2020-09-13 13:28:22", "elapsed": 1313.573715}}
{"target": -9047.198236633312, "params": {"epsilon_d": 5.182815803268124, "gamma_cf": 0.0053165329611032375, "beta_rec": 0.7647266390004861, "lr": 0.7679628782813116, "phi_s": 1.6922549871665071, "beta_enc": 0.03760387864960013, "s_cf": 0.800994555798356, "k_intra": 5.348322325198115, "phi_d": 0.25396852681232274, "gamma_fc": 0.2772001047825985}, "datetime": {"delta": 9.693822, "datetime": "2020-09-13 13:28:31", "elapsed": 1323.267537}}
{"target": -11706.371392253386, "params": {"epsilon_d": 0.7473144501476114, "gamma_cf": 0.2768064626005866, "beta_rec": 0.9314470149929107, "lr": 0.5997403444720987, "phi_s": 2.6985261255675055, "beta_enc": 0.6495830548784789, "s_cf": 0.9727203528528249, "k_intra": 7.6500514829814295, "phi_d": 2.5156076171275044, "gamma_fc": 0.9192375042561725}, "datetime": {"delta": 9.72569, "datetime": "2020-09-13 13:28:41", "elapsed": 1332.993227}}
{"target": -17536.99800643407, "params": {"epsilon_d": 0.7054204474369918, "gamma_cf": 0.07346665436012334, "beta_rec": 0.13964933368410348, "lr": 0.09476691645722912, "phi_s": 2.087001691032329, "beta_enc": 0.9985205070898059, "s_cf": 0.4875571674829181, "k_intra": 9.71820072977926, "phi_d": 2.541036795938964, "gamma_fc": 0.01474379089994693}, "datetime": {"delta": 9.767809, "datetime": "2020-09-13 13:28:51", "elapsed": 1342.761036}}
{"target": -9156.771774628234, "params": {"epsilon_d": 2.5383888234718723, "gamma_cf": 0.9110179736986265, "beta_rec": 0.35364778706700506, "lr": 0.46152125324711457, "phi_s": 0.18400193991590558, "beta_enc": 0.3466948813585782, "s_cf": 0.8846818943092944, "k_intra": 0.25925792784269874, "phi_d": 0.9157736903567529, "gamma_fc": 0.725642545494869}, "datetime": {"delta": 9.707066, "datetime": "2020-09-13 13:29:01", "elapsed": 1352.468102}}
{"target": -11394.979736192006, "params": {"epsilon_d": 7.96558587536711, "gamma_cf": 0.3246383222029966, "beta_rec": 0.32973507924426093, "lr": 0.9769161619458502, "phi_s": 2.8606119859469823, "beta_enc": 0.7710053579546823, "s_cf": 0.8879964939264646, "k_intra": 9.281090785007262, "phi_d": 1.6183103836789892, "gamma_fc": 0.30788244381764673}, "datetime": {"delta": 9.711725, "datetime": "2020-09-13 13:29:10", "elapsed": 1362.179827}}
{"target": -10557.50739418473, "params": {"epsilon_d": 7.103545783196093, "gamma_cf": 0.455643424642054, "beta_rec": 0.3727488020974856, "lr": 0.7739162499564685, "phi_s": 0.35809484038489603, "beta_enc": 0.5180325615944087, "s_cf": 0.18490559027840836, "k_intra": 9.904061968899466, "phi_d": 1.0694015744820962, "gamma_fc": 0.6052128951232129}, "datetime": {"delta": 9.727036, "datetime": "2020-09-13 13:29:20", "elapsed": 1371.906863}}
{"target": -11667.560521580051, "params": {"epsilon_d": 8.006596581292397, "gamma_cf": 0.9332023381866817, "beta_rec": 0.417102418106858, "lr": 0.9573949263266688, "phi_s": 0.20980150438924844, "beta_enc": 0.5268518758918344, "s_cf": 0.05758350560817371, "k_intra": 8.600667708762161, "phi_d": 2.882464759864368, "gamma_fc": 0.17786474795134855}, "datetime": {"delta": 9.692003, "datetime": "2020-09-13 13:29:30", "elapsed": 1381.598866}}
{"target": -10765.41323186821, "params": {"epsilon_d": 0.5569841271210463, "gamma_cf": 0.29386248547054417, "beta_rec": 0.3126811561554764, "lr": 0.47695092248677795, "phi_s": 1.5587150656477688, "beta_enc": 0.005797392917688993, "s_cf": 0.6433579246491355, "k_intra": 9.536770184739218, "phi_d": 0.906891483021858, "gamma_fc": 0.3560164860311865}, "datetime": {"delta": 9.628815, "datetime": "2020-09-13 13:29:39", "elapsed": 1391.227681}}
{"target": -9883.051669601442, "params": {"epsilon_d": 8.519457712872956, "gamma_cf": 0.8442498595694283, "beta_rec": 0.7580616581331086, "lr": 0.44380519836651855, "phi_s": 0.7548400750505818, "beta_enc": 0.111245672567435, "s_cf": 0.971320469273211, "k_intra": 3.8184239675576115, "phi_d": 0.39458628024388187, "gamma_fc": 0.8905068324120895}, "datetime": {"delta": 9.660016, "datetime": "2020-09-13 13:29:49", "elapsed": 1400.887697}}
{"target": -9938.746761598943, "params": {"epsilon_d": 8.90552286378311, "gamma_cf": 0.9225044972603934, "beta_rec": 0.9073961422409973, "lr": 0.6319949504631371, "phi_s": 1.1008361528622355, "beta_enc": 0.28462396896873543, "s_cf": 0.1599187885892832, "k_intra": 8.797221435013808, "phi_d": 0.710821717414527, "gamma_fc": 0.15614956444079475}, "datetime": {"delta": 9.642714, "datetime": "2020-09-13 13:29:59", "elapsed": 1410.530411}}
{"target": -9564.800471613582, "params": {"epsilon_d": 1.6531849048023983, "gamma_cf": 0.19719634646666928, "beta_rec": 0.08377495384546052, "lr": 0.8733231340367321, "phi_s": 1.9258630744848482, "beta_enc": 0.4443481574461272, "s_cf": 0.034431265307095615, "k_intra": 5.738028691653529, "phi_d": 0.8094387905857034, "gamma_fc": 0.6910273415567042}, "datetime": {"delta": 9.723976, "datetime": "2020-09-13 13:30:08", "elapsed": 1420.254387}}
{"target": -9325.898279265573, "params": {"epsilon_d": 9.841265438849168, "gamma_cf": 0.009872975358918512, "beta_rec": 0.8632264817138495, "lr": 0.047537594227760493, "phi_s": 1.521566405508272, "beta_enc": 0.516198461077069, "s_cf": 0.04548214567029407, "k_intra": 2.2384967032752536, "phi_d": 0.1295001231591494, "gamma_fc": 0.2528414820768151}, "datetime": {"delta": 9.679755, "datetime": "2020-09-13 13:30:18", "elapsed": 1429.934142}}
{"target": -9067.650712859546, "params": {"epsilon_d": 2.9469204156090423, "gamma_cf": 0.26965470115905144, "beta_rec": 0.6399745691089123, "lr": 0.7025230339614009, "phi_s": 1.9363068708387847, "beta_enc": 0.278328130846902, "s_cf": 0.3533943470016294, "k_intra": 3.8053407720964003, "phi_d": 1.5387594586245972, "gamma_fc": 0.5905465222435671}, "datetime": {"delta": 9.680997, "datetime": "2020-09-13 13:30:28", "elapsed": 1439.615139}}
{"target": -10085.111969485251, "params": {"epsilon_d": 9.370803847989643, "gamma_cf": 0.8048358460157946, "beta_rec": 0.13320711375110195, "lr": 0.9331557628232255, "phi_s": 0.922279089450598, "beta_enc": 0.28704394615550866, "s_cf": 0.27463424842386297, "k_intra": 1.853805246478023, "phi_d": 2.813684302307186, "gamma_fc": 0.9380285431563524}, "datetime": {"delta": 9.678229, "datetime": "2020-09-13 13:30:37", "elapsed": 1449.293368}}
{"target": -10065.31362244612, "params": {"epsilon_d": 4.421011106267658, "gamma_cf": 0.1853176459376844, "beta_rec": 0.18528923936855235, "lr": 0.9639177674239978, "phi_s": 1.5045157417939183, "beta_enc": 0.5514315736733725, "s_cf": 0.9676952459611975, "k_intra": 4.938246574910856, "phi_d": 1.9703308502854142, "gamma_fc": 0.9473759179539593}, "datetime": {"delta": 9.672016, "datetime": "2020-09-13 13:30:47", "elapsed": 1458.965384}}
