{"target": 10.5, "params": {"gamma_fc": 0.4308980436941061, "cue_position": 15.0, "beta_rec": 0.895336855785959, "gamma_cf": 0.6090884425979388, "beta_enc": 0.17528741877766152}, "datetime": {"elapsed": 674.431257, "delta": 6.419854, "datetime": "2020-06-13 20:50:29"}}
{"target": 10.75, "params": {"gamma_fc": 0.8505078723941939, "cue_position": 15.0, "beta_rec": 0.2700902514693867, "gamma_cf": 0.8971424572225127, "beta_enc": 0.28761991993820435}, "datetime": {"elapsed": 680.78084, "delta": 6.349583, "datetime": "2020-06-13 20:50:35"}}
{"target": 9.625, "params": {"gamma_fc": 0.7871076661820331, "cue_position": 15.0, "beta_rec": 0.7429723345172917, "gamma_cf": 0.5224987672625238, "beta_enc": 0.14676511602071363}, "datetime": {"elapsed": 687.229347, "delta": 6.448507, "datetime": "2020-06-13 20:50:41"}}
{"target": 11.75, "params": {"gamma_fc": 0.6623427932758211, "cue_position": 15.0, "beta_rec": 0.27983139005568103, "gamma_cf": 0.6913616883934355, "beta_enc": 0.038140386347418564}, "datetime": {"elapsed": 693.699436, "delta": 6.470089, "datetime": "2020-06-13 20:50:48"}}
{"target": 10.25, "params": {"gamma_fc": 0.6210560408199836, "cue_position": 15.0, "beta_rec": 0.20435291959528012, "gamma_cf": 0.1072072922062769, "beta_enc": 0.057991251082828654}, "datetime": {"elapsed": 700.191348, "delta": 6.491912, "datetime": "2020-06-13 20:50:54"}}
{"target": 10.875, "params": {"gamma_fc": 0.772492266491759, "cue_position": 15.0, "beta_rec": 0.7412760410740841, "gamma_cf": 0.5070715759876184, "beta_enc": 0.1375559904061231}, "datetime": {"elapsed": 706.65949, "delta": 6.468142, "datetime": "2020-06-13 20:51:01"}}
{"target": 9.125, "params": {"gamma_fc": 0.3151950516277444, "cue_position": 15.0, "beta_rec": 0.9825488764488625, "gamma_cf": 0.5344877111218298, "beta_enc": 0.3165436172445414}, "datetime": {"elapsed": 713.155166, "delta": 6.495676, "datetime": "2020-06-13 20:51:07"}}
{"target": 11.0, "params": {"gamma_fc": 0.5481992536870947, "cue_position": 15.0, "beta_rec": 0.98192365818049, "gamma_cf": 0.3809066305660812, "beta_enc": 0.3181996080403401}, "datetime": {"elapsed": 719.66849, "delta": 6.513324, "datetime": "2020-06-13 20:51:14"}}
{"target": 7.125, "params": {"gamma_fc": 0.4348691939744048, "cue_position": 15.0, "beta_rec": 0.7656710239801062, "gamma_cf": 0.9589471583427723, "beta_enc": 0.6302122229037923}, "datetime": {"elapsed": 726.215487, "delta": 6.546997, "datetime": "2020-06-13 20:51:20"}}
{"target": 11.25, "params": {"gamma_fc": 0.5399303013413419, "cue_position": 15.0, "beta_rec": 0.18598087562871712, "gamma_cf": 0.3960089896961767, "beta_enc": 0.08294880453544973}, "datetime": {"elapsed": 732.782468, "delta": 6.566981, "datetime": "2020-06-13 20:51:27"}}
{"target": 9.0, "params": {"gamma_fc": 0.6649800889901365, "cue_position": 15.0, "beta_rec": 0.32898741081699723, "gamma_cf": 0.22067510451556216, "beta_enc": 0.27005412600227297}, "datetime": {"elapsed": 739.382885, "delta": 6.600417, "datetime": "2020-06-13 20:51:34"}}
{"target": 7.25, "params": {"gamma_fc": 0.4956563827574373, "cue_position": 15.0, "beta_rec": 0.6774085806740039, "gamma_cf": 0.9560998609397905, "beta_enc": 0.7518486840910086}, "datetime": {"elapsed": 745.98363, "delta": 6.600745, "datetime": "2020-06-13 20:51:40"}}
{"target": 8.875, "params": {"gamma_fc": 0.16387316416736786, "cue_position": 15.0, "beta_rec": 0.14432065067539035, "gamma_cf": 0.5390336766065984, "beta_enc": 0.3210328123758198}, "datetime": {"elapsed": 752.683941, "delta": 6.700311, "datetime": "2020-06-13 20:51:47"}}
{"target": 9.625, "params": {"gamma_fc": 0.7934219765470768, "cue_position": 15.0, "beta_rec": 0.1832756814667349, "gamma_cf": 0.3400754599563506, "beta_enc": 0.38319066467129126}, "datetime": {"elapsed": 759.300078, "delta": 6.616137, "datetime": "2020-06-13 20:51:53"}}
{"target": 10.5, "params": {"gamma_fc": 0.17921940471961084, "cue_position": 15.0, "beta_rec": 0.5642992937767682, "gamma_cf": 0.8129401397352223, "beta_enc": 0.14295302405341714}, "datetime": {"elapsed": 766.03801, "delta": 6.737932, "datetime": "2020-06-13 20:52:00"}}
{"target": 10.375, "params": {"gamma_fc": 0.6385558786405091, "cue_position": 15.0, "beta_rec": 0.2357387120076685, "gamma_cf": 0.40591811955078483, "beta_enc": 0.48010077572089926}, "datetime": {"elapsed": 772.809474, "delta": 6.771464, "datetime": "2020-06-13 20:52:07"}}
{"target": 10.25, "params": {"gamma_fc": 0.706643388570144, "cue_position": 15.0, "beta_rec": 0.618411486708596, "gamma_cf": 0.9892127320991778, "beta_enc": 0.1852423510813973}, "datetime": {"elapsed": 779.576951, "delta": 6.767477, "datetime": "2020-06-13 20:52:14"}}
{"target": 8.625, "params": {"gamma_fc": 0.5684388510874242, "cue_position": 15.0, "beta_rec": 0.7284649923503574, "gamma_cf": 0.6976935574815737, "beta_enc": 0.6500855861936212}, "datetime": {"elapsed": 786.320633, "delta": 6.743682, "datetime": "2020-06-13 20:52:20"}}
{"target": 8.5, "params": {"gamma_fc": 0.9389850797833046, "cue_position": 15.0, "beta_rec": 0.5637759523830189, "gamma_cf": 0.21257516176509006, "beta_enc": 0.9019229127254408}, "datetime": {"elapsed": 793.13498, "delta": 6.814347, "datetime": "2020-06-13 20:52:27"}}
{"target": 6.125, "params": {"gamma_fc": 0.9611588770953352, "cue_position": 15.0, "beta_rec": 0.3948004464714189, "gamma_cf": 0.43513793840043313, "beta_enc": 0.9975451729403216}, "datetime": {"elapsed": 799.878549, "delta": 6.743569, "datetime": "2020-06-13 20:52:34"}}
{"target": 9.5, "params": {"gamma_fc": 0.14275570049275255, "cue_position": 15.0, "beta_rec": 0.6622735794752183, "gamma_cf": 0.6905373986518315, "beta_enc": 0.05553117223790438}, "datetime": {"elapsed": 806.75924, "delta": 6.880691, "datetime": "2020-06-13 20:52:41"}}
{"target": 10.25, "params": {"gamma_fc": 0.45780930405984666, "cue_position": 15.0, "beta_rec": 0.8620948726011046, "gamma_cf": 0.6970496939084944, "beta_enc": 0.3227567970032895}, "datetime": {"elapsed": 813.588394, "delta": 6.829154, "datetime": "2020-06-13 20:52:48"}}
{"target": 9.75, "params": {"gamma_fc": 0.5942779181978256, "cue_position": 15.0, "beta_rec": 0.5939781870907773, "gamma_cf": 0.634612938423793, "beta_enc": 0.21506766318443826}, "datetime": {"elapsed": 820.465655, "delta": 6.877261, "datetime": "2020-06-13 20:52:55"}}
{"target": 10.5, "params": {"gamma_fc": 0.6186080964132867, "cue_position": 15.0, "beta_rec": 0.36368556507502037, "gamma_cf": 0.17935879577880864, "beta_enc": 0.2219003783923147}, "datetime": {"elapsed": 827.365042, "delta": 6.899387, "datetime": "2020-06-13 20:53:02"}}
{"target": 9.625, "params": {"gamma_fc": 0.2873955906854856, "cue_position": 15.0, "beta_rec": 0.14713249210853396, "gamma_cf": 0.7622759422711605, "beta_enc": 0.2866937783943819}, "datetime": {"elapsed": 834.340405, "delta": 6.975363, "datetime": "2020-06-13 20:53:08"}}
{"target": 10.0, "params": {"gamma_fc": 0.9573959831312562, "cue_position": 15.0, "beta_rec": 0.10730509027169322, "gamma_cf": 0.743025845320409, "beta_enc": 0.225277572190148}, "datetime": {"elapsed": 841.31911, "delta": 6.978705, "datetime": "2020-06-13 20:53:15"}}
{"target": 8.25, "params": {"gamma_fc": 0.960331931265502, "cue_position": 15.0, "beta_rec": 0.434136728715555, "gamma_cf": 0.4657357992200589, "beta_enc": 0.21852960708825153}, "datetime": {"elapsed": 848.312444, "delta": 6.993334, "datetime": "2020-06-13 20:53:22"}}
{"target": 9.875, "params": {"gamma_fc": 0.31888125792006794, "cue_position": 15.0, "beta_rec": 0.9812931028793979, "gamma_cf": 0.5332153093696842, "beta_enc": 0.30724882206064363}, "datetime": {"elapsed": 855.318656, "delta": 7.006212, "datetime": "2020-06-13 20:53:29"}}
{"target": 9.875, "params": {"gamma_fc": 0.5564353865170036, "cue_position": 15.0, "beta_rec": 0.17866518754597382, "gamma_cf": 0.39058030403264243, "beta_enc": 0.0981931258921569}, "datetime": {"elapsed": 862.399713, "delta": 7.081057, "datetime": "2020-06-13 20:53:37"}}
{"target": 11.125, "params": {"gamma_fc": 0.5523151789495494, "cue_position": 15.0, "beta_rec": 0.9058463378057452, "gamma_cf": 0.9570943967445632, "beta_enc": 0.21108313663597134}, "datetime": {"elapsed": 869.508677, "delta": 7.108964, "datetime": "2020-06-13 20:53:44"}}
{"target": 11.625, "params": {"gamma_fc": 0.755917734610012, "cue_position": 15.0, "beta_rec": 0.7181858757940625, "gamma_cf": 0.6412152481852988, "beta_enc": 0.1373828110508758}, "datetime": {"elapsed": 876.67887, "delta": 7.170193, "datetime": "2020-06-13 20:53:51"}}
{"target": 9.125, "params": {"gamma_fc": 0.7146315836472185, "cue_position": 15.0, "beta_rec": 0.5136437950613821, "gamma_cf": 0.2899686973675428, "beta_enc": 0.5851314111361409}, "datetime": {"elapsed": 883.811176, "delta": 7.132306, "datetime": "2020-06-13 20:53:58"}}
{"target": 11.125, "params": {"gamma_fc": 0.0017755587532224393, "cue_position": 15.0, "beta_rec": 0.1636047121293822, "gamma_cf": 0.8447515509567164, "beta_enc": 0.16513835870819193}, "datetime": {"elapsed": 891.075642, "delta": 7.264466, "datetime": "2020-06-13 20:54:05"}}
{"target": 7.625, "params": {"gamma_fc": 0.06528885541145724, "cue_position": 15.0, "beta_rec": 0.4896854660823575, "gamma_cf": 0.4687742282154229, "beta_enc": 0.8443435430787596}, "datetime": {"elapsed": 898.213508, "delta": 7.137866, "datetime": "2020-06-13 20:54:12"}}
{"target": 7.125, "params": {"gamma_fc": 0.9465730346987562, "cue_position": 15.0, "beta_rec": 0.4343164900315333, "gamma_cf": 0.5717505694555819, "beta_enc": 0.8993139220120725}, "datetime": {"elapsed": 905.446609, "delta": 7.233101, "datetime": "2020-06-13 20:54:20"}}
{"target": 10.25, "params": {"gamma_fc": 0.505175822955835, "cue_position": 15.0, "beta_rec": 0.6978067697324306, "gamma_cf": 0.7949191724056163, "beta_enc": 0.017303995419111318}, "datetime": {"elapsed": 912.732441, "delta": 7.285832, "datetime": "2020-06-13 20:54:27"}}
{"target": 9.5, "params": {"gamma_fc": 0.19796540445582367, "cue_position": 15.0, "beta_rec": 0.046851867710518524, "gamma_cf": 0.5782449465638101, "beta_enc": 0.3542518899627437}, "datetime": {"elapsed": 920.079776, "delta": 7.347335, "datetime": "2020-06-13 20:54:34"}}
{"target": 8.25, "params": {"gamma_fc": 0.504357042251078, "cue_position": 15.0, "beta_rec": 0.38287311812935, "gamma_cf": 0.7107108686087206, "beta_enc": 0.6079586433734753}, "datetime": {"elapsed": 927.329425, "delta": 7.249649, "datetime": "2020-06-13 20:54:41"}}
{"target": 8.875, "params": {"gamma_fc": 0.33502619465747796, "cue_position": 15.0, "beta_rec": 0.2682823945503934, "gamma_cf": 0.2746329404267326, "beta_enc": 0.704861458132025}, "datetime": {"elapsed": 934.674331, "delta": 7.344906, "datetime": "2020-06-13 20:54:49"}}
{"target": 9.75, "params": {"gamma_fc": 0.1002191038068464, "cue_position": 15.0, "beta_rec": 0.8690311427608869, "gamma_cf": 0.4533519170811241, "beta_enc": 0.26320316894326223}, "datetime": {"elapsed": 942.003571, "delta": 7.32924, "datetime": "2020-06-13 20:54:56"}}
{"target": 8.625, "params": {"gamma_fc": 0.8930590144837635, "cue_position": 15.0, "beta_rec": 0.3742402253977316, "gamma_cf": 0.28488885229355543, "beta_enc": 0.3968854525880896}, "datetime": {"elapsed": 949.472439, "delta": 7.468868, "datetime": "2020-06-13 20:55:04"}}
{"target": 10.25, "params": {"gamma_fc": 0.13801949780076017, "cue_position": 15.0, "beta_rec": 0.6621991993905403, "gamma_cf": 0.6857560506858554, "beta_enc": 0.05220113414584615}, "datetime": {"elapsed": 956.855615, "delta": 7.383176, "datetime": "2020-06-13 20:55:11"}}
{"target": 8.625, "params": {"gamma_fc": 0.6886450142254033, "cue_position": 15.0, "beta_rec": 0.34600308818072156, "gamma_cf": 0.7059483008423901, "beta_enc": 0.16732793771645227}, "datetime": {"elapsed": 964.263738, "delta": 7.408123, "datetime": "2020-06-13 20:55:18"}}
{"target": 10.25, "params": {"gamma_fc": 0.6614438732612069, "cue_position": 15.0, "beta_rec": 0.2862435238653086, "gamma_cf": 0.7019665672912361, "beta_enc": 0.05359130221191266}, "datetime": {"elapsed": 971.716271, "delta": 7.452533, "datetime": "2020-06-13 20:55:26"}}
{"target": 7.5, "params": {"gamma_fc": 0.23499494010000266, "cue_position": 15.0, "beta_rec": 0.8209070532490228, "gamma_cf": 0.7017858320231805, "beta_enc": 0.41744529625154125}, "datetime": {"elapsed": 979.140835, "delta": 7.424564, "datetime": "2020-06-13 20:55:33"}}
{"target": 9.5, "params": {"gamma_fc": 0.7013562718210996, "cue_position": 15.0, "beta_rec": 0.6133952306323449, "gamma_cf": 0.9860377622787118, "beta_enc": 0.19826330667738223}, "datetime": {"elapsed": 986.552178, "delta": 7.411343, "datetime": "2020-06-13 20:55:41"}}
{"target": 10.125, "params": {"gamma_fc": 0.34313724080443875, "cue_position": 15.0, "beta_rec": 0.33512216714183674, "gamma_cf": 0.8056413779295911, "beta_enc": 0.17930059256881625}, "datetime": {"elapsed": 994.087008, "delta": 7.53483, "datetime": "2020-06-13 20:55:48"}}
{"target": 7.5, "params": {"gamma_fc": 0.04763146547970476, "cue_position": 15.0, "beta_rec": 0.4409988669413706, "gamma_cf": 0.0822766754106743, "beta_enc": 0.4158239466555532}, "datetime": {"elapsed": 1001.519299, "delta": 7.432291, "datetime": "2020-06-13 20:55:56"}}
{"target": 10.625, "params": {"gamma_fc": 0.8072254529048979, "cue_position": 15.0, "beta_rec": 0.45256313018816985, "gamma_cf": 0.4740985935212624, "beta_enc": 0.4499850172016008}, "datetime": {"elapsed": 1009.122281, "delta": 7.602982, "datetime": "2020-06-13 20:56:03"}}
{"target": 10.25, "params": {"gamma_fc": 0.45842287849340635, "cue_position": 15.0, "beta_rec": 0.8640380986099645, "gamma_cf": 0.6934026863907337, "beta_enc": 0.3201231000016369}, "datetime": {"elapsed": 1016.682846, "delta": 7.560565, "datetime": "2020-06-13 20:56:11"}}
{"target": 8.0, "params": {"gamma_fc": 0.6915291592169419, "cue_position": 15.0, "beta_rec": 0.4426765572067711, "gamma_cf": 0.38296928426046284, "beta_enc": 0.9390458627137104}, "datetime": {"elapsed": 1024.288603, "delta": 7.605757, "datetime": "2020-06-13 20:56:18"}}
{"target": 4.25, "params": {"gamma_fc": 0.535596611940606, "cue_position": 15.0, "beta_rec": 0.0651117196490103, "gamma_cf": 0.803019259083903, "beta_enc": 0.9221728254162985}, "datetime": {"elapsed": 1031.772411, "delta": 7.483808, "datetime": "2020-06-13 20:56:26"}}
{"target": 8.25, "params": {"gamma_fc": 0.13022800657147204, "cue_position": 15.0, "beta_rec": 0.27133155100053974, "gamma_cf": 0.49874808846913576, "beta_enc": 0.4093129772878926}, "datetime": {"elapsed": 1039.351712, "delta": 7.579301, "datetime": "2020-06-13 20:56:33"}}
{"target": 9.75, "params": {"gamma_fc": 0.18397722531848448, "cue_position": 15.0, "beta_rec": 0.38635000463950375, "gamma_cf": 0.12903547944257543, "beta_enc": 0.4910922499171593}, "datetime": {"elapsed": 1046.883606, "delta": 7.531894, "datetime": "2020-06-13 20:56:41"}}
{"target": 10.875, "params": {"gamma_fc": 0.661122077757377, "cue_position": 15.0, "beta_rec": 0.2896870853045036, "gamma_cf": 0.702290413794949, "beta_enc": 0.05134288334553205}, "datetime": {"elapsed": 1054.602108, "delta": 7.718502, "datetime": "2020-06-13 20:56:49"}}
{"target": 7.625, "params": {"gamma_fc": 0.24980089322088783, "cue_position": 15.0, "beta_rec": 0.3148876459385874, "gamma_cf": 0.39285232496288935, "beta_enc": 0.5483594416906624}, "datetime": {"elapsed": 1062.237105, "delta": 7.634997, "datetime": "2020-06-13 20:56:56"}}
{"target": 10.75, "params": {"gamma_fc": 0.18711969924198046, "cue_position": 15.0, "beta_rec": 0.08283684586566575, "gamma_cf": 0.7929745867815571, "beta_enc": 0.14535068831736353}, "datetime": {"elapsed": 1070.072343, "delta": 7.835238, "datetime": "2020-06-13 20:57:04"}}
{"target": 5.125, "params": {"gamma_fc": 0.2992614745827764, "cue_position": 15.0, "beta_rec": 0.12609691550049407, "gamma_cf": 0.6676268962808858, "beta_enc": 0.975513648317417}, "datetime": {"elapsed": 1077.754961, "delta": 7.682618, "datetime": "2020-06-13 20:57:12"}}
{"target": 7.625, "params": {"gamma_fc": 0.2657608350113698, "cue_position": 15.0, "beta_rec": 0.7712003827160603, "gamma_cf": 0.10331553848881181, "beta_enc": 0.1301381099284903}, "datetime": {"elapsed": 1085.532421, "delta": 7.77746, "datetime": "2020-06-13 20:57:20"}}
{"target": 9.125, "params": {"gamma_fc": 0.6922853722667939, "cue_position": 15.0, "beta_rec": 0.42281149089477954, "gamma_cf": 0.5340018808674927, "beta_enc": 0.10671404703620757}, "datetime": {"elapsed": 1093.238286, "delta": 7.705865, "datetime": "2020-06-13 20:57:27"}}
{"target": 4.375, "params": {"gamma_fc": 0.12429042301202364, "cue_position": 15.0, "beta_rec": 0.4058100799875991, "gamma_cf": 0.7550236857374767, "beta_enc": 0.8909431090490851}, "datetime": {"elapsed": 1100.895422, "delta": 7.657136, "datetime": "2020-06-13 20:57:35"}}
{"target": 3.125, "params": {"gamma_fc": 0.5819726474454452, "cue_position": 15.0, "beta_rec": 0.026998235010444627, "gamma_cf": 0.9022799153276752, "beta_enc": 0.880425605335591}, "datetime": {"elapsed": 1109.105479, "delta": 8.210057, "datetime": "2020-06-13 20:57:43"}}
{"target": 11.75, "params": {"gamma_fc": 0.7641755611154133, "cue_position": 15.0, "beta_rec": 0.7195387228747256, "gamma_cf": 0.6391128112915749, "beta_enc": 0.13355446860375375}, "datetime": {"elapsed": 1117.617386, "delta": 8.511907, "datetime": "2020-06-13 20:57:52"}}
{"target": 6.375, "params": {"gamma_fc": 0.36664468624801816, "cue_position": 15.0, "beta_rec": 0.8989901225127727, "gamma_cf": 0.08861093748241344, "beta_enc": 0.8052576899257692}, "datetime": {"elapsed": 1125.926091, "delta": 8.308705, "datetime": "2020-06-13 20:58:00"}}
{"target": 10.625, "params": {"gamma_fc": 0.7178721383403375, "cue_position": 15.0, "beta_rec": 0.3851708488455914, "gamma_cf": 0.42195633690353984, "beta_enc": 0.07975264897224132}, "datetime": {"elapsed": 1134.562123, "delta": 8.636032, "datetime": "2020-06-13 20:58:09"}}
{"target": 9.625, "params": {"gamma_fc": 0.43874186392617986, "cue_position": 15.0, "beta_rec": 0.8934599335902651, "gamma_cf": 0.6044163651184432, "beta_enc": 0.1651472755045551}, "datetime": {"elapsed": 1143.041445, "delta": 8.479322, "datetime": "2020-06-13 20:58:17"}}
{"target": 8.75, "params": {"gamma_fc": 0.3110398584892764, "cue_position": 15.0, "beta_rec": 0.983881107838869, "gamma_cf": 0.5305401279567619, "beta_enc": 0.30943954734758894}, "datetime": {"elapsed": 1151.65904, "delta": 8.617595, "datetime": "2020-06-13 20:58:26"}}
{"target": 6.375, "params": {"gamma_fc": 0.5211687198841054, "cue_position": 15.0, "beta_rec": 0.5746851923877222, "gamma_cf": 0.7801438113918617, "beta_enc": 0.8465575204436855}, "datetime": {"elapsed": 1160.176273, "delta": 8.517233, "datetime": "2020-06-13 20:58:34"}}
{"target": 9.875, "params": {"gamma_fc": 0.0027895188816656757, "cue_position": 15.0, "beta_rec": 0.25130312151093614, "gamma_cf": 0.3489666722746352, "beta_enc": 0.1096498428738577}, "datetime": {"elapsed": 1168.644871, "delta": 8.468598, "datetime": "2020-06-13 20:58:43"}}
{"target": 10.375, "params": {"gamma_fc": 0.965899344948471, "cue_position": 15.0, "beta_rec": 0.31459796324013045, "gamma_cf": 0.43291923920550457, "beta_enc": 0.3985209812527615}, "datetime": {"elapsed": 1177.118138, "delta": 8.473267, "datetime": "2020-06-13 20:58:51"}}
{"target": 10.5, "params": {"gamma_fc": 0.07243187051835764, "cue_position": 15.0, "beta_rec": 0.14057842966473388, "gamma_cf": 0.691571390170065, "beta_enc": 0.1667534660104787}, "datetime": {"elapsed": 1185.75482, "delta": 8.636682, "datetime": "2020-06-13 20:59:00"}}
{"target": 10.25, "params": {"gamma_fc": 0.5365856804481429, "cue_position": 15.0, "beta_rec": 0.3249636645562761, "gamma_cf": 0.8450023015282943, "beta_enc": 0.0119274003860258}, "datetime": {"elapsed": 1193.955095, "delta": 8.200275, "datetime": "2020-06-13 20:59:08"}}
{"target": 9.125, "params": {"gamma_fc": 0.4862332058222799, "cue_position": 15.0, "beta_rec": 0.48177350103164207, "gamma_cf": 0.9391156877513306, "beta_enc": 0.06992674039341185}, "datetime": {"elapsed": 1202.615765, "delta": 8.66067, "datetime": "2020-06-13 20:59:17"}}
{"target": 6.5, "params": {"gamma_fc": 0.0012953212690670624, "cue_position": 15.0, "beta_rec": 0.9505857450369944, "gamma_cf": 0.506290728941756, "beta_enc": 0.7784578123580128}, "datetime": {"elapsed": 1211.214042, "delta": 8.598277, "datetime": "2020-06-13 20:59:25"}}
{"target": 7.5, "params": {"gamma_fc": 0.48573982795335535, "cue_position": 15.0, "beta_rec": 0.6504171125774956, "gamma_cf": 0.06927100202569625, "beta_enc": 0.8433026220333621}, "datetime": {"elapsed": 1219.783434, "delta": 8.569392, "datetime": "2020-06-13 20:59:34"}}
{"target": 10.375, "params": {"gamma_fc": 0.8030905323718367, "cue_position": 15.0, "beta_rec": 0.18614456874127427, "gamma_cf": 0.34917119214690007, "beta_enc": 0.3786592697525929}, "datetime": {"elapsed": 1228.403817, "delta": 8.620383, "datetime": "2020-06-13 20:59:43"}}
{"target": 8.5, "params": {"gamma_fc": 0.4826034539919587, "cue_position": 15.0, "beta_rec": 0.8707889771617214, "gamma_cf": 0.8702389818607134, "beta_enc": 0.49061734782719624}, "datetime": {"elapsed": 1237.164443, "delta": 8.760626, "datetime": "2020-06-13 20:59:51"}}
{"target": 9.375, "params": {"gamma_fc": 0.244168257309759, "cue_position": 15.0, "beta_rec": 0.5804862646634558, "gamma_cf": 0.20135790072023252, "beta_enc": 0.4391615313358247}, "datetime": {"elapsed": 1245.594019, "delta": 8.429576, "datetime": "2020-06-13 21:00:00"}}
{"target": 6.0, "params": {"gamma_fc": 0.14885294775773528, "cue_position": 15.0, "beta_rec": 0.8791507235710304, "gamma_cf": 0.6386074017570452, "beta_enc": 0.9908616807264059}, "datetime": {"elapsed": 1254.138942, "delta": 8.544923, "datetime": "2020-06-13 21:00:08"}}
{"target": 9.25, "params": {"gamma_fc": 0.9945369326889567, "cue_position": 15.0, "beta_rec": 0.5841536929589791, "gamma_cf": 0.0682558757297409, "beta_enc": 0.7464605311670461}, "datetime": {"elapsed": 1263.176889, "delta": 9.037947, "datetime": "2020-06-13 21:00:17"}}
