{"target": 6.6625, "params": {"cue_position": 0.0, "beta_enc": 0.6884973179489188, "gamma_cf": 1.0, "beta_rec": 0.25339603448629966, "gamma_fc": 0.4246491159313397}, "datetime": {"elapsed": 2595.147596, "datetime": "2020-08-12 14:51:05", "delta": 22.629992}}
{"target": 10.133333333333333, "params": {"cue_position": 0.0, "beta_enc": 0.37192212166768723, "gamma_cf": 1.0, "beta_rec": 0.3553079116201222, "gamma_fc": 0.7073166026816995}, "datetime": {"elapsed": 2624.865355, "datetime": "2020-08-12 14:51:34", "delta": 29.717759}}
{"target": 9.820833333333333, "params": {"cue_position": 0.0, "beta_enc": 0.6135886945028356, "gamma_cf": 1.0, "beta_rec": 0.6483127561631246, "gamma_fc": 0.5141750435258828}, "datetime": {"elapsed": 2653.848592, "datetime": "2020-08-12 14:52:03", "delta": 28.983237}}
{"target": 4.3125, "params": {"cue_position": 0.0, "beta_enc": 0.8753327263545391, "gamma_cf": 1.0, "beta_rec": 0.18395344154722204, "gamma_fc": 0.4972891859195163}, "datetime": {"elapsed": 2671.63683, "datetime": "2020-08-12 14:52:21", "delta": 17.788238}}
{"target": 10.620833333333334, "params": {"cue_position": 0.0, "beta_enc": 0.16151077048601192, "gamma_cf": 1.0, "beta_rec": 0.34244064113481054, "gamma_fc": 0.8003322457764017}, "datetime": {"elapsed": 2702.457037, "datetime": "2020-08-12 14:52:52", "delta": 30.820207}}
{"target": 10.445833333333333, "params": {"cue_position": 0.0, "beta_enc": 0.4266391582681436, "gamma_cf": 1.0, "beta_rec": 0.6070154607890389, "gamma_fc": 0.29694708578690454}, "datetime": {"elapsed": 2732.894387, "datetime": "2020-08-12 14:53:22", "delta": 30.43735}}
{"target": 7.158333333333333, "params": {"cue_position": 0.0, "beta_enc": 0.8596509535692011, "gamma_cf": 1.0, "beta_rec": 0.6715983809063899, "gamma_fc": 0.4705878794988857}, "datetime": {"elapsed": 2756.535173, "datetime": "2020-08-12 14:53:46", "delta": 23.640786}}
{"target": 4.308333333333334, "params": {"cue_position": 0.0, "beta_enc": 0.9865727795868815, "gamma_cf": 1.0, "beta_rec": 0.9482991740726651, "gamma_fc": 0.639126848719905}, "datetime": {"elapsed": 2774.286289, "datetime": "2020-08-12 14:54:04", "delta": 17.751116}}
{"target": 8.995833333333334, "params": {"cue_position": 0.0, "beta_enc": 0.5656621125439275, "gamma_cf": 1.0, "beta_rec": 0.468665837661252, "gamma_fc": 0.8499698885159654}, "datetime": {"elapsed": 2801.694842, "datetime": "2020-08-12 14:54:31", "delta": 27.408553}}
{"target": 5.825, "params": {"cue_position": 0.0, "beta_enc": 0.7511210403719374, "gamma_cf": 1.0, "beta_rec": 0.579360540297233, "gamma_fc": 0.9913465087318091}, "datetime": {"elapsed": 2822.588297, "datetime": "2020-08-12 14:54:52", "delta": 20.893455}}
{"target": 10.441666666666666, "params": {"cue_position": 0.0, "beta_enc": 0.05299454266798953, "gamma_cf": 1.0, "beta_rec": 0.19949554613856135, "gamma_fc": 0.6236704109977018}, "datetime": {"elapsed": 2852.979143, "datetime": "2020-08-12 14:55:22", "delta": 30.390846}}
{"target": 10.445833333333333, "params": {"cue_position": 0.0, "beta_enc": 0.047992564048867314, "gamma_cf": 1.0, "beta_rec": 0.28462388100694214, "gamma_fc": 0.668456167589482}, "datetime": {"elapsed": 2883.364711, "datetime": "2020-08-12 14:55:53", "delta": 30.385568}}
{"target": 9.720833333333333, "params": {"cue_position": 0.0, "beta_enc": 0.3785805932506022, "gamma_cf": 1.0, "beta_rec": 0.1881942600298212, "gamma_fc": 0.7953011674056428}, "datetime": {"elapsed": 2912.297916, "datetime": "2020-08-12 14:56:22", "delta": 28.933205}}
{"target": 10.2375, "params": {"cue_position": 0.0, "beta_enc": 0.4879009391796203, "gamma_cf": 1.0, "beta_rec": 0.5256694443509794, "gamma_fc": 0.3506565024321674}, "datetime": {"elapsed": 2942.279544, "datetime": "2020-08-12 14:56:52", "delta": 29.981628}}
{"target": 10.241666666666667, "params": {"cue_position": 0.0, "beta_enc": 0.2292050272920657, "gamma_cf": 1.0, "beta_rec": 0.4338833762117006, "gamma_fc": 0.9794833541798064}, "datetime": {"elapsed": 2972.306185, "datetime": "2020-08-12 14:57:22", "delta": 30.026641}}
{"target": 10.008333333333333, "params": {"cue_position": 0.0, "beta_enc": 0.36437807036823044, "gamma_cf": 1.0, "beta_rec": 0.7744101333360395, "gamma_fc": 0.354952851149572}, "datetime": {"elapsed": 3001.844155, "datetime": "2020-08-12 14:57:51", "delta": 29.53797}}
{"target": 10.266666666666667, "params": {"cue_position": 0.0, "beta_enc": 0.24551868018650747, "gamma_cf": 1.0, "beta_rec": 0.9110192396569683, "gamma_fc": 0.5564069156709253}, "datetime": {"elapsed": 3031.919155, "datetime": "2020-08-12 14:58:21", "delta": 30.075}}
{"target": 9.379166666666666, "params": {"cue_position": 0.0, "beta_enc": 0.3763632166870875, "gamma_cf": 1.0, "beta_rec": 0.9950523223391111, "gamma_fc": 0.03109707545554785}, "datetime": {"elapsed": 3060.187763, "datetime": "2020-08-12 14:58:50", "delta": 28.268608}}
{"target": 7.616666666666666, "params": {"cue_position": 0.0, "beta_enc": 0.5711757391862334, "gamma_cf": 1.0, "beta_rec": 0.18046850899511557, "gamma_fc": 0.8749025512123809}, "datetime": {"elapsed": 3084.801045, "datetime": "2020-08-12 14:59:14", "delta": 24.613282}}
{"target": 10.066666666666666, "params": {"cue_position": 0.0, "beta_enc": 0.45183624942087064, "gamma_cf": 1.0, "beta_rec": 0.7084608700517172, "gamma_fc": 0.5285334901775651}, "datetime": {"elapsed": 3114.41187, "datetime": "2020-08-12 14:59:44", "delta": 29.610825}}
{"target": 10.304166666666667, "params": {"cue_position": 0.0, "beta_enc": 0.1507843983721926, "gamma_cf": 1.0, "beta_rec": 0.36939992561190627, "gamma_fc": 0.4770129944022632}, "datetime": {"elapsed": 3144.575399, "datetime": "2020-08-12 15:00:14", "delta": 30.163529}}
{"target": 10.220833333333333, "params": {"cue_position": 0.0, "beta_enc": 0.44887883670676554, "gamma_cf": 1.0, "beta_rec": 0.8859979711653513, "gamma_fc": 0.26889202221264585}, "datetime": {"elapsed": 3174.580807, "datetime": "2020-08-12 15:00:44", "delta": 30.005408}}
{"target": 10.370833333333334, "params": {"cue_position": 0.0, "beta_enc": 0.07201203516976995, "gamma_cf": 1.0, "beta_rec": 0.4181361337253158, "gamma_fc": 0.5035095098483965}, "datetime": {"elapsed": 3204.845753, "datetime": "2020-08-12 15:01:14", "delta": 30.264946}}
{"target": 2.3125, "params": {"cue_position": 0.0, "beta_enc": 0.9659330650197223, "gamma_cf": 1.0, "beta_rec": 0.10938291419358459, "gamma_fc": 0.777098229275783}, "datetime": {"elapsed": 3218.500442, "datetime": "2020-08-12 15:01:28", "delta": 13.654689}}
{"target": 10.375, "params": {"cue_position": 0.0, "beta_enc": 0.14360699787420927, "gamma_cf": 1.0, "beta_rec": 0.08320263643587555, "gamma_fc": 0.1916757389098901}, "datetime": {"elapsed": 3248.768104, "datetime": "2020-08-12 15:01:58", "delta": 30.267662}}
{"target": 6.158333333333333, "params": {"cue_position": 0.0, "beta_enc": 0.767777192147274, "gamma_cf": 1.0, "beta_rec": 0.2902979970618682, "gamma_fc": 0.3986590599223787}, "datetime": {"elapsed": 3270.337433, "datetime": "2020-08-12 15:02:20", "delta": 21.569329}}
{"target": 10.541666666666666, "params": {"cue_position": 0.0, "beta_enc": 0.38108149129345237, "gamma_cf": 1.0, "beta_rec": 0.6593449361953647, "gamma_fc": 0.016575882900934147}, "datetime": {"elapsed": 3300.937343, "datetime": "2020-08-12 15:02:50", "delta": 30.59991}}
{"target": 10.466666666666667, "params": {"cue_position": 0.0, "beta_enc": 0.11379635644740682, "gamma_cf": 1.0, "beta_rec": 0.6517892760100904, "gamma_fc": 0.5579119942437725}, "datetime": {"elapsed": 3331.406701, "datetime": "2020-08-12 15:03:21", "delta": 30.469358}}
{"target": 8.770833333333334, "params": {"cue_position": 0.0, "beta_enc": 0.9934604630998499, "gamma_cf": 1.0, "beta_rec": 0.8344865140180296, "gamma_fc": 0.03972870668308481}, "datetime": {"elapsed": 3358.316991, "datetime": "2020-08-12 15:03:48", "delta": 26.91029}}
{"target": 10.5625, "params": {"cue_position": 0.0, "beta_enc": 0.07033344161552524, "gamma_cf": 1.0, "beta_rec": 0.4740062899880546, "gamma_fc": 0.48956496114516856}, "datetime": {"elapsed": 3389.050019, "datetime": "2020-08-12 15:04:18", "delta": 30.733028}}
{"target": 10.583333333333334, "params": {"cue_position": 0.0, "beta_enc": 0.5396491100933506, "gamma_cf": 1.0, "beta_rec": 0.8952603657312208, "gamma_fc": 0.25358174937162836}, "datetime": {"elapsed": 3419.804191, "datetime": "2020-08-12 15:04:49", "delta": 30.754172}}
{"target": 10.225, "params": {"cue_position": 0.0, "beta_enc": 0.27380970415810857, "gamma_cf": 1.0, "beta_rec": 0.32836139008759013, "gamma_fc": 0.6714291710812733}, "datetime": {"elapsed": 3449.822136, "datetime": "2020-08-12 15:05:19", "delta": 30.017945}}
{"target": 10.408333333333333, "params": {"cue_position": 0.0, "beta_enc": 0.1427932828030004, "gamma_cf": 1.0, "beta_rec": 0.09410027449963942, "gamma_fc": 0.3860040110225955}, "datetime": {"elapsed": 3480.192801, "datetime": "2020-08-12 15:05:50", "delta": 30.370665}}
{"target": 8.733333333333333, "params": {"cue_position": 0.0, "beta_enc": 0.5715420927253323, "gamma_cf": 1.0, "beta_rec": 0.52580196995147, "gamma_fc": 0.9511356184186921}, "datetime": {"elapsed": 3507.114587, "datetime": "2020-08-12 15:06:16", "delta": 26.921786}}
{"target": 5.308333333333334, "params": {"cue_position": 0.0, "beta_enc": 0.8125073041746718, "gamma_cf": 1.0, "beta_rec": 0.2838018349468743, "gamma_fc": 0.5546673107876667}, "datetime": {"elapsed": 3526.9698, "datetime": "2020-08-12 15:06:36", "delta": 19.855213}}
{"target": 2.35, "params": {"cue_position": 0.0, "beta_enc": 0.9744034689130026, "gamma_cf": 1.0, "beta_rec": 0.3117029177189814, "gamma_fc": 0.7744772660150796}, "datetime": {"elapsed": 3540.682245, "datetime": "2020-08-12 15:06:50", "delta": 13.712445}}
{"target": 13.95, "params": {"cue_position": 0.0, "beta_enc": 0.9379464416954123, "gamma_cf": 1.0, "beta_rec": 0.9509162762149862, "gamma_fc": 0.22519678776859367}, "datetime": {"elapsed": 3582.044769, "datetime": "2020-08-12 15:07:31", "delta": 41.362524}}
{"target": 13.729166666666666, "params": {"cue_position": 0.0, "beta_enc": 0.8785285642262898, "gamma_cf": 1.0, "beta_rec": 0.9822265852342104, "gamma_fc": 0.12993700478530387}, "datetime": {"elapsed": 3622.735682, "datetime": "2020-08-12 15:08:12", "delta": 40.690913}}
{"target": 13.216666666666667, "params": {"cue_position": 0.0, "beta_enc": 0.8524663298655147, "gamma_cf": 1.0, "beta_rec": 0.96588651598858, "gamma_fc": 0.06580082377426877}, "datetime": {"elapsed": 3662.160799, "datetime": "2020-08-12 15:08:52", "delta": 39.425117}}
{"target": 13.9625, "params": {"cue_position": 0.0, "beta_enc": 0.9233733937007409, "gamma_cf": 1.0, "beta_rec": 0.9618269701383522, "gamma_fc": 0.21873718951822618}, "datetime": {"elapsed": 3703.434739, "datetime": "2020-08-12 15:09:33", "delta": 41.27394}}
{"target": 13.670833333333333, "params": {"cue_position": 0.0, "beta_enc": 0.8683717998656286, "gamma_cf": 1.0, "beta_rec": 0.9518122034527992, "gamma_fc": 0.13380358998633868}, "datetime": {"elapsed": 3743.772486, "datetime": "2020-08-12 15:10:13", "delta": 40.337747}}
{"target": 14.245833333333334, "params": {"cue_position": 0.0, "beta_enc": 0.9022291685865882, "gamma_cf": 1.0, "beta_rec": 0.9585171801122144, "gamma_fc": 0.10865477077895223}, "datetime": {"elapsed": 3785.616327, "datetime": "2020-08-12 15:10:55", "delta": 41.843841}}
{"target": 13.9875, "params": {"cue_position": 0.0, "beta_enc": 0.9180349203417988, "gamma_cf": 1.0, "beta_rec": 0.9658721761783486, "gamma_fc": 0.10959700913474502}, "datetime": {"elapsed": 3826.636411, "datetime": "2020-08-12 15:11:36", "delta": 41.020084}}
{"target": 14.158333333333333, "params": {"cue_position": 0.0, "beta_enc": 0.8933243618617782, "gamma_cf": 1.0, "beta_rec": 0.9474165916022567, "gamma_fc": 0.08123576165273005}, "datetime": {"elapsed": 3868.031477, "datetime": "2020-08-12 15:12:17", "delta": 41.395066}}
{"target": 14.15, "params": {"cue_position": 0.0, "beta_enc": 0.9099328998842298, "gamma_cf": 1.0, "beta_rec": 0.9288743709227909, "gamma_fc": 0.10698514052724906}, "datetime": {"elapsed": 3909.431628, "datetime": "2020-08-12 15:12:59", "delta": 41.400151}}
{"target": 14.375, "params": {"cue_position": 0.0, "beta_enc": 0.9357942560886209, "gamma_cf": 1.0, "beta_rec": 0.9864618072040988, "gamma_fc": 0.269400273116338}, "datetime": {"elapsed": 3951.365984, "datetime": "2020-08-12 15:13:41", "delta": 41.934356}}
{"target": 13.8, "params": {"cue_position": 0.0, "beta_enc": 0.9394772157855241, "gamma_cf": 1.0, "beta_rec": 0.9889079820735849, "gamma_fc": 0.2880039988978226}, "datetime": {"elapsed": 3992.045408, "datetime": "2020-08-12 15:14:21", "delta": 40.679424}}
{"target": 14.166666666666666, "params": {"cue_position": 0.0, "beta_enc": 0.9214507712894585, "gamma_cf": 1.0, "beta_rec": 0.9760023967108548, "gamma_fc": 0.25294798544381825}, "datetime": {"elapsed": 4033.550272, "datetime": "2020-08-12 15:15:03", "delta": 41.504864}}
{"target": 14.279166666666667, "params": {"cue_position": 0.0, "beta_enc": 0.9456890081040293, "gamma_cf": 1.0, "beta_rec": 0.9961817890959843, "gamma_fc": 0.26465094739223216}, "datetime": {"elapsed": 4075.495381, "datetime": "2020-08-12 15:15:45", "delta": 41.945109}}
{"target": 13.829166666666667, "params": {"cue_position": 0.0, "beta_enc": 0.9430191782105047, "gamma_cf": 1.0, "beta_rec": 0.9895313315191985, "gamma_fc": 0.25801981030854815}, "datetime": {"elapsed": 4116.452716, "datetime": "2020-08-12 15:16:26", "delta": 40.957335}}
{"target": 13.979166666666666, "params": {"cue_position": 0.0, "beta_enc": 0.9130001322724488, "gamma_cf": 1.0, "beta_rec": 0.9865312193712336, "gamma_fc": 0.26171563092569905}, "datetime": {"elapsed": 4157.875439, "datetime": "2020-08-12 15:17:07", "delta": 41.422723}}
{"target": 14.145833333333334, "params": {"cue_position": 0.0, "beta_enc": 0.929570436440903, "gamma_cf": 1.0, "beta_rec": 0.9977020678143944, "gamma_fc": 0.26695382151167324}, "datetime": {"elapsed": 4200.227808, "datetime": "2020-08-12 15:17:50", "delta": 42.352369}}
{"target": 13.783333333333333, "params": {"cue_position": 0.0, "beta_enc": 0.9175896769434824, "gamma_cf": 1.0, "beta_rec": 0.9639334048764838, "gamma_fc": 0.2582054073935665}, "datetime": {"elapsed": 4243.149789, "datetime": "2020-08-12 15:18:33", "delta": 42.921981}}
{"target": 14.195833333333333, "params": {"cue_position": 0.0, "beta_enc": 0.9601083917705486, "gamma_cf": 1.0, "beta_rec": 0.9908677131789221, "gamma_fc": 0.2794647045657085}, "datetime": {"elapsed": 4285.962538, "datetime": "2020-08-12 15:19:15", "delta": 42.812749}}
{"target": 14.720833333333333, "params": {"cue_position": 0.0, "beta_enc": 0.9486681304901472, "gamma_cf": 1.0, "beta_rec": 0.9922661656992957, "gamma_fc": 0.27381411586778615}, "datetime": {"elapsed": 4329.705921, "datetime": "2020-08-12 15:19:59", "delta": 43.743383}}
{"target": 13.6125, "params": {"cue_position": 0.0, "beta_enc": 0.8733455670174324, "gamma_cf": 1.0, "beta_rec": 0.9591814064457886, "gamma_fc": 0.21603700221244096}, "datetime": {"elapsed": 4370.702103, "datetime": "2020-08-12 15:20:40", "delta": 40.996182}}
{"target": 13.9625, "params": {"cue_position": 0.0, "beta_enc": 0.9148820929522097, "gamma_cf": 1.0, "beta_rec": 0.9464766318573392, "gamma_fc": 0.14882477613037326}, "datetime": {"elapsed": 4412.514467, "datetime": "2020-08-12 15:21:22", "delta": 41.812364}}
{"target": 13.995833333333334, "params": {"cue_position": 0.0, "beta_enc": 0.8758374325180359, "gamma_cf": 1.0, "beta_rec": 0.9035532714429964, "gamma_fc": 0.0824157044973135}, "datetime": {"elapsed": 4454.179982, "datetime": "2020-08-12 15:22:04", "delta": 41.665515}}
{"target": 13.55, "params": {"cue_position": 0.0, "beta_enc": 0.8804871947277831, "gamma_cf": 1.0, "beta_rec": 0.898258150782824, "gamma_fc": 0.12442923661948532}, "datetime": {"elapsed": 4495.127014, "datetime": "2020-08-12 15:22:45", "delta": 40.947032}}
{"target": 13.595833333333333, "params": {"cue_position": 0.0, "beta_enc": 0.820083821083881, "gamma_cf": 1.0, "beta_rec": 0.8890442558728179, "gamma_fc": 0.0825464435508555}, "datetime": {"elapsed": 4535.966331, "datetime": "2020-08-12 15:23:25", "delta": 40.839317}}
{"target": 13.654166666666667, "params": {"cue_position": 0.0, "beta_enc": 0.8544602543635595, "gamma_cf": 1.0, "beta_rec": 0.9096604180580892, "gamma_fc": 0.04314778710789169}, "datetime": {"elapsed": 4577.206677, "datetime": "2020-08-12 15:24:07", "delta": 41.240346}}
{"target": 13.220833333333333, "params": {"cue_position": 0.0, "beta_enc": 0.8454412801868059, "gamma_cf": 1.0, "beta_rec": 0.8531851931931609, "gamma_fc": 0.06654477921177884}, "datetime": {"elapsed": 4617.420775, "datetime": "2020-08-12 15:24:47", "delta": 40.214098}}
{"target": 12.779166666666667, "params": {"cue_position": 0.0, "beta_enc": 0.7599390385661359, "gamma_cf": 1.0, "beta_rec": 0.8471204528641425, "gamma_fc": 0.10378169529301602}, "datetime": {"elapsed": 4656.818526, "datetime": "2020-08-12 15:25:26", "delta": 39.397751}}
{"target": 14.083333333333334, "params": {"cue_position": 0.0, "beta_enc": 0.9072266240907548, "gamma_cf": 1.0, "beta_rec": 0.9186310583217524, "gamma_fc": 0.05143875403471983}, "datetime": {"elapsed": 4699.045729, "datetime": "2020-08-12 15:26:08", "delta": 42.227203}}
{"target": 14.3625, "params": {"cue_position": 0.0, "beta_enc": 0.9147131313817352, "gamma_cf": 1.0, "beta_rec": 0.9566390656683025, "gamma_fc": 0.04462645678335131}, "datetime": {"elapsed": 4741.431132, "datetime": "2020-08-12 15:26:51", "delta": 42.385403}}
{"target": 14.429166666666667, "params": {"cue_position": 0.0, "beta_enc": 0.9103733889440531, "gamma_cf": 1.0, "beta_rec": 0.95156514498476, "gamma_fc": 0.013756800229659638}, "datetime": {"elapsed": 4784.175804, "datetime": "2020-08-12 15:27:34", "delta": 42.744672}}
{"target": 13.954166666666667, "params": {"cue_position": 0.0, "beta_enc": 0.8892065133212421, "gamma_cf": 1.0, "beta_rec": 0.9453596306489029, "gamma_fc": 0.03354857844902315}, "datetime": {"elapsed": 4825.940733, "datetime": "2020-08-12 15:28:15", "delta": 41.764929}}
{"target": 14.1875, "params": {"cue_position": 0.0, "beta_enc": 0.9318180874833192, "gamma_cf": 1.0, "beta_rec": 0.94906281925525, "gamma_fc": 0.021262968980450127}, "datetime": {"elapsed": 4868.491702, "datetime": "2020-08-12 15:28:58", "delta": 42.550969}}
{"target": 14.108333333333333, "params": {"cue_position": 0.0, "beta_enc": 0.9163403372452003, "gamma_cf": 1.0, "beta_rec": 0.9785093396991116, "gamma_fc": 0.01098865074770905}, "datetime": {"elapsed": 4910.402895, "datetime": "2020-08-12 15:29:40", "delta": 41.911193}}
{"target": 13.8125, "params": {"cue_position": 0.0, "beta_enc": 0.9198902633867052, "gamma_cf": 1.0, "beta_rec": 0.9943667007589481, "gamma_fc": 0.05049227396763967}, "datetime": {"elapsed": 4952.150867, "datetime": "2020-08-12 15:30:22", "delta": 41.747972}}
{"target": 13.829166666666667, "params": {"cue_position": 0.0, "beta_enc": 0.9471035994124417, "gamma_cf": 1.0, "beta_rec": 0.9982562966589017, "gamma_fc": 0.27715516866110923}, "datetime": {"elapsed": 4994.02761, "datetime": "2020-08-12 15:31:03", "delta": 41.876743}}
{"target": 13.658333333333333, "params": {"cue_position": 0.0, "beta_enc": 0.9533942423778251, "gamma_cf": 1.0, "beta_rec": 0.9693379326632297, "gamma_fc": 0.27803856318389064}, "datetime": {"elapsed": 5036.071782, "datetime": "2020-08-12 15:31:45", "delta": 42.044172}}
{"target": 14.329166666666667, "params": {"cue_position": 0.0, "beta_enc": 0.9561101578499089, "gamma_cf": 1.0, "beta_rec": 0.9849794747053817, "gamma_fc": 0.27097875173054664}, "datetime": {"elapsed": 5078.767045, "datetime": "2020-08-12 15:32:28", "delta": 42.695263}}
{"target": 14.183333333333334, "params": {"cue_position": 0.0, "beta_enc": 0.9028763556380556, "gamma_cf": 1.0, "beta_rec": 0.9736248383426684, "gamma_fc": 0.039885432384140995}, "datetime": {"elapsed": 5121.771051, "datetime": "2020-08-12 15:33:11", "delta": 43.004006}}
{"target": 14.3125, "params": {"cue_position": 0.0, "beta_enc": 0.9051083435941704, "gamma_cf": 1.0, "beta_rec": 0.9754293220960776, "gamma_fc": 0.23257286954249823}, "datetime": {"elapsed": 5165.125028, "datetime": "2020-08-12 15:33:54", "delta": 43.353977}}
{"target": 14.070833333333333, "params": {"cue_position": 0.0, "beta_enc": 0.9119276520035882, "gamma_cf": 1.0, "beta_rec": 0.9565282822794807, "gamma_fc": 0.029991283672215818}, "datetime": {"elapsed": 5208.312135, "datetime": "2020-08-12 15:34:38", "delta": 43.187107}}
{"target": 14.233333333333333, "params": {"cue_position": 0.0, "beta_enc": 0.9179099337458746, "gamma_cf": 1.0, "beta_rec": 0.9603788141778998, "gamma_fc": 0.06497117385844535}, "datetime": {"elapsed": 5251.377842, "datetime": "2020-08-12 15:35:21", "delta": 43.065707}}
{"target": 14.283333333333333, "params": {"cue_position": 0.0, "beta_enc": 0.9157235387305868, "gamma_cf": 1.0, "beta_rec": 0.9484737509209882, "gamma_fc": 0.0}, "datetime": {"elapsed": 5294.177916, "datetime": "2020-08-12 15:36:04", "delta": 42.800074}}
{"target": 13.758333333333333, "params": {"cue_position": 0.0, "beta_enc": 0.8962399662578074, "gamma_cf": 1.0, "beta_rec": 0.9587833229888554, "gamma_fc": 0.0018936168890904387}, "datetime": {"elapsed": 5319.672394, "datetime": "2020-08-12 15:36:29", "delta": 25.494478}}
{"target": 14.291666666666666, "params": {"cue_position": 0.0, "beta_enc": 0.9042765100989244, "gamma_cf": 1.0, "beta_rec": 0.931124631648796, "gamma_fc": 0.007131165822130248}, "datetime": {"elapsed": 5345.355129, "datetime": "2020-08-12 15:36:55", "delta": 25.682735}}
{"target": 13.991666666666667, "params": {"cue_position": 0.0, "beta_enc": 0.9220150766950642, "gamma_cf": 1.0, "beta_rec": 0.9394666695323836, "gamma_fc": 0.054690892389206276}, "datetime": {"elapsed": 5370.400121, "datetime": "2020-08-12 15:37:20", "delta": 25.044992}}
{"target": 14.2, "params": {"cue_position": 0.0, "beta_enc": 0.9166500852773299, "gamma_cf": 1.0, "beta_rec": 0.9329139524033547, "gamma_fc": 0.017817601703998813}, "datetime": {"elapsed": 5396.179334, "datetime": "2020-08-12 15:37:46", "delta": 25.779213}}
