{"target": -8793.16629266645, "params": {"epsilon_d": 5.060542107760635, "gamma_cf": 0.34027031183034495, "beta_rec": 0.8824496659888933, "lr": 0.8523963875056618, "phi_s": 1.8691333986009624, "beta_enc": 0.9180148057172163, "s_cf": 0.6195578532094561, "k_intra": 2.970590833831885, "phi_d": 0.8035688685264494, "gamma_fc": 0.13288756472708402}, "datetime": {"delta": 43.201569, "datetime": "2020-09-13 15:00:07", "elapsed": 6819.229287}}
{"target": -8793.067705882166, "params": {"epsilon_d": 5.059014783127121, "gamma_cf": 0.34056168489811894, "beta_rec": 0.882182658825967, "lr": 0.8481469522439397, "phi_s": 1.8678204022905776, "beta_enc": 0.9165676424487198, "s_cf": 0.6185906991950276, "k_intra": 2.9793034862603407, "phi_d": 0.80531296818299, "gamma_fc": 0.13459753922922527}, "datetime": {"delta": 45.508513, "datetime": "2020-09-13 15:00:53", "elapsed": 6864.7378}}
{"target": -8793.101078170446, "params": {"epsilon_d": 5.059751069858036, "gamma_cf": 0.34086134333325985, "beta_rec": 0.8825750515654248, "lr": 0.8475403795562567, "phi_s": 1.8654762915589327, "beta_enc": 0.917257213653185, "s_cf": 0.6158357280120147, "k_intra": 2.980933245980016, "phi_d": 0.8053119752028379, "gamma_fc": 0.13652555680041767}, "datetime": {"delta": 44.987257, "datetime": "2020-09-13 15:01:38", "elapsed": 6909.725057}}
{"target": -8792.633654052488, "params": {"epsilon_d": 5.057252204626173, "gamma_cf": 0.34208219496074044, "beta_rec": 0.8832873386336738, "lr": 0.8465639426283336, "phi_s": 1.8691980664127321, "beta_enc": 0.9166109436653359, "s_cf": 0.6199648800063967, "k_intra": 2.980882111784234, "phi_d": 0.8065828578991786, "gamma_fc": 0.13530674230222395}, "datetime": {"delta": 49.442383, "datetime": "2020-09-13 15:02:27", "elapsed": 6959.16744}}
{"target": -8787.584314718839, "params": {"epsilon_d": 5.037592480364127, "gamma_cf": 0.35985210642671217, "beta_rec": 0.8998973685481972, "lr": 0.8368848040394918, "phi_s": 1.877581320672077, "beta_enc": 0.9265569981041518, "s_cf": 0.626845354325749, "k_intra": 2.9892745816057587, "phi_d": 0.8098980086139898, "gamma_fc": 0.13786889183923504}, "datetime": {"delta": 44.68965, "datetime": "2020-09-13 15:03:12", "elapsed": 7003.85709}}
{"target": -8784.735254790285, "params": {"epsilon_d": 5.0129844243289154, "gamma_cf": 0.3700400058346094, "beta_rec": 0.9251492709538791, "lr": 0.8312253467978462, "phi_s": 1.8718186261797807, "beta_enc": 0.9499722219827684, "s_cf": 0.6194864181648991, "k_intra": 3.005629733288444, "phi_d": 0.7985904181456827, "gamma_fc": 0.12884102261967342}, "datetime": {"delta": 44.979451, "datetime": "2020-09-13 15:03:57", "elapsed": 7048.836541}}
{"target": -8785.156064972278, "params": {"epsilon_d": 5.017067389399152, "gamma_cf": 0.3716869122317841, "beta_rec": 0.9244998951095289, "lr": 0.8318633713552286, "phi_s": 1.873527803961698, "beta_enc": 0.9486357416787464, "s_cf": 0.620710077567365, "k_intra": 3.004953412445572, "phi_d": 0.8000936954124459, "gamma_fc": 0.12955353155877744}, "datetime": {"delta": 47.642687, "datetime": "2020-09-13 15:04:45", "elapsed": 7096.479228}}
{"target": -8781.854812794561, "params": {"epsilon_d": 4.971714884493617, "gamma_cf": 0.35642289519705334, "beta_rec": 0.9203180619011888, "lr": 0.8248029180753462, "phi_s": 1.8617861386564158, "beta_enc": 0.9392166379801709, "s_cf": 0.6159680942482367, "k_intra": 2.9995315999668772, "phi_d": 0.7960636948571865, "gamma_fc": 0.14014503758247657}, "datetime": {"delta": 45.233953, "datetime": "2020-09-13 15:05:30", "elapsed": 7141.713181}}
{"target": -8781.690391720416, "params": {"epsilon_d": 4.965576726164942, "gamma_cf": 0.3569665134300837, "beta_rec": 0.9218447468944795, "lr": 0.8256128600457663, "phi_s": 1.8590069392072293, "beta_enc": 0.937212845657127, "s_cf": 0.6164969373468209, "k_intra": 3.002188221773741, "phi_d": 0.7971609432457478, "gamma_fc": 0.14199704800952231}, "datetime": {"delta": 47.780305, "datetime": "2020-09-13 15:06:18", "elapsed": 7189.493486}}
{"target": -8781.841309963993, "params": {"epsilon_d": 4.961253603452632, "gamma_cf": 0.3599072797124388, "beta_rec": 0.9219723975959633, "lr": 0.829302889086572, "phi_s": 1.8524711911888458, "beta_enc": 0.9351880561590781, "s_cf": 0.6178312485949675, "k_intra": 3.0065949384609194, "phi_d": 0.8004402662885298, "gamma_fc": 0.14246918910840398}, "datetime": {"delta": 47.543266, "datetime": "2020-09-13 15:07:05", "elapsed": 7237.036752}}
{"target": -8781.337165719908, "params": {"epsilon_d": 4.963199417013039, "gamma_cf": 0.35478569123056636, "beta_rec": 0.9267172455317548, "lr": 0.8253229141444538, "phi_s": 1.860946043988791, "beta_enc": 0.9341752560799015, "s_cf": 0.6189005225251367, "k_intra": 3.007134406610956, "phi_d": 0.7953432551873221, "gamma_fc": 0.14807938730411996}, "datetime": {"delta": 47.967167, "datetime": "2020-09-13 15:07:53", "elapsed": 7285.003919}}
{"target": -8780.938522547362, "params": {"epsilon_d": 4.963054545324804, "gamma_cf": 0.35237073826898213, "beta_rec": 0.9303379188208771, "lr": 0.8245703925039923, "phi_s": 1.8604483864856765, "beta_enc": 0.9322637382575858, "s_cf": 0.6241994932097285, "k_intra": 3.011703245991461, "phi_d": 0.7907707060085303, "gamma_fc": 0.1548477388079679}, "datetime": {"delta": 47.365817, "datetime": "2020-09-13 15:08:40", "elapsed": 7332.369736}}
{"target": -8779.976441865896, "params": {"epsilon_d": 4.961263919697854, "gamma_cf": 0.35327317520755647, "beta_rec": 0.9279796945334255, "lr": 0.8190632797255852, "phi_s": 1.8515797694134872, "beta_enc": 0.9328466298662332, "s_cf": 0.6320993129171186, "k_intra": 3.0144317602589896, "phi_d": 0.7816938860817805, "gamma_fc": 0.15797293228934772}, "datetime": {"delta": 47.475944, "datetime": "2020-09-13 15:09:28", "elapsed": 7379.84568}}
{"target": -8657.562693556303, "params": {"epsilon_d": 3.8151081503037725, "gamma_cf": 0.36516819103865206, "beta_rec": 0.9652178715478403, "lr": 0.4413861234781699, "phi_s": 2.0610444084537547, "beta_enc": 0.29608212880821894, "s_cf": 0.17968677781728865, "k_intra": 8.778166607527153, "phi_d": 0.9663735909577668, "gamma_fc": 0.16006761681320722}, "datetime": {"delta": 47.147965, "datetime": "2020-09-13 15:10:15", "elapsed": 7426.993645}}
{"target": -8663.756831063612, "params": {"epsilon_d": 3.795501526054098, "gamma_cf": 0.3019317749713238, "beta_rec": 0.9394653885069923, "lr": 0.43797141951347773, "phi_s": 2.106110205078183, "beta_enc": 0.31730454477882375, "s_cf": 0.2155012399836241, "k_intra": 8.763587770236905, "phi_d": 0.91902700849835, "gamma_fc": 0.20831968368939133}, "datetime": {"delta": 45.783036, "datetime": "2020-09-13 15:11:01", "elapsed": 7472.776681}}
{"target": -8779.082588263338, "params": {"epsilon_d": 4.949212902560662, "gamma_cf": 0.36299997167935494, "beta_rec": 0.9232363549692321, "lr": 0.8002286181002334, "phi_s": 1.8376259387469742, "beta_enc": 0.9283901792079612, "s_cf": 0.6367729634946562, "k_intra": 3.027311228265759, "phi_d": 0.7690491580849175, "gamma_fc": 0.1578484294562865}, "datetime": {"delta": 48.135629, "datetime": "2020-09-13 15:11:49", "elapsed": 7520.91231}}
{"target": -8648.093825931915, "params": {"epsilon_d": 3.8057886302222763, "gamma_cf": 0.34889134073241773, "beta_rec": 0.9509138378429778, "lr": 0.43810703234821996, "phi_s": 2.0693350570989972, "beta_enc": 0.3150306167407454, "s_cf": 0.2025832284119838, "k_intra": 8.785177096815776, "phi_d": 0.9337571772971325, "gamma_fc": 0.18296432081899422}, "datetime": {"delta": 47.067645, "datetime": "2020-09-13 15:12:36", "elapsed": 7567.979955}}
{"target": -8779.04814765584, "params": {"epsilon_d": 4.9482281510942006, "gamma_cf": 0.36378737842384923, "beta_rec": 0.922308327139814, "lr": 0.7993656654875404, "phi_s": 1.8384318873958834, "beta_enc": 0.9282132822534409, "s_cf": 0.6362417616975138, "k_intra": 3.0286041256360177, "phi_d": 0.7685723992290924, "gamma_fc": 0.1581555011471878}, "datetime": {"delta": 45.686195, "datetime": "2020-09-13 15:13:22", "elapsed": 7613.66615}}
{"target": -8778.84395262675, "params": {"epsilon_d": 4.947069578830561, "gamma_cf": 0.36482258285854674, "beta_rec": 0.9196681081075914, "lr": 0.7993894703380873, "phi_s": 1.8399225962385282, "beta_enc": 0.9285228734329891, "s_cf": 0.6365918275594277, "k_intra": 3.031343065520585, "phi_d": 0.7676676636030358, "gamma_fc": 0.15955311431025646}, "datetime": {"delta": 45.860689, "datetime": "2020-09-13 15:14:08", "elapsed": 7659.526839}}
{"target": -8668.38455365775, "params": {"epsilon_d": 3.800323761546743, "gamma_cf": 0.3375516389443002, "beta_rec": 0.9710247173398419, "lr": 0.43862494655201123, "phi_s": 2.0691655385501084, "beta_enc": 0.3122250348276467, "s_cf": 0.18386851991918782, "k_intra": 8.775629921892643, "phi_d": 0.9560185794664995, "gamma_fc": 0.21534644208195639}, "datetime": {"delta": 46.41498, "datetime": "2020-09-13 15:14:54", "elapsed": 7705.941819}}
{"target": -8643.651201421966, "params": {"epsilon_d": 3.805566876488372, "gamma_cf": 0.37545803201379424, "beta_rec": 0.9489697823199511, "lr": 0.43192472570102985, "phi_s": 2.0561502846561455, "beta_enc": 0.31813537716488044, "s_cf": 0.21305890580385006, "k_intra": 8.787592500542065, "phi_d": 0.9352381463642971, "gamma_fc": 0.16311544690523908}, "datetime": {"delta": 44.343676, "datetime": "2020-09-13 15:15:38", "elapsed": 7750.285495}}
{"target": -8644.268772215108, "params": {"epsilon_d": 3.805792712768656, "gamma_cf": 0.37510928926360493, "beta_rec": 0.9488683073463138, "lr": 0.43154223510864465, "phi_s": 2.0563943772027815, "beta_enc": 0.31879729337927015, "s_cf": 0.21257661150199653, "k_intra": 8.787626300107465, "phi_d": 0.9352076087731687, "gamma_fc": 0.16293716807483768}, "datetime": {"delta": 48.083937, "datetime": "2020-09-13 15:16:26", "elapsed": 7798.369432}}
{"target": -8777.966312843519, "params": {"epsilon_d": 4.943543083803583, "gamma_cf": 0.3670738875572144, "beta_rec": 0.9134411149537155, "lr": 0.8023470874047697, "phi_s": 1.846098140045795, "beta_enc": 0.9323857385722708, "s_cf": 0.6383349200274245, "k_intra": 3.0368582360553895, "phi_d": 0.7652421219387286, "gamma_fc": 0.1622857913405062}, "datetime": {"delta": 48.364007, "datetime": "2020-09-13 15:17:15", "elapsed": 7846.733439}}
{"target": -8775.748271460836, "params": {"epsilon_d": 4.928520589146669, "gamma_cf": 0.3713220798627478, "beta_rec": 0.9083356461968369, "lr": 0.8060838409603531, "phi_s": 1.8536376184072136, "beta_enc": 0.940916302358977, "s_cf": 0.647878340552087, "k_intra": 3.039817024009611, "phi_d": 0.7599482537267199, "gamma_fc": 0.16146865330338683}, "datetime": {"delta": 47.596206, "datetime": "2020-09-13 15:18:02", "elapsed": 7894.329645}}
{"target": -8636.761170451855, "params": {"epsilon_d": 3.79129162297611, "gamma_cf": 0.37722061738361445, "beta_rec": 0.9462614632113123, "lr": 0.4552439879154737, "phi_s": 2.0511384553468073, "beta_enc": 0.28073395051647765, "s_cf": 0.23170537837031857, "k_intra": 8.78956375566004, "phi_d": 0.9312255775478592, "gamma_fc": 0.1725799131887537}, "datetime": {"delta": 46.037164, "datetime": "2020-09-13 15:18:48", "elapsed": 7940.366809}}
{"target": -8634.622141460264, "params": {"epsilon_d": 3.793277043609878, "gamma_cf": 0.3769391608588243, "beta_rec": 0.9470039170260093, "lr": 0.4521265250274671, "phi_s": 2.051298923461385, "beta_enc": 0.2863087161820805, "s_cf": 0.22840054340325386, "k_intra": 8.789185201076785, "phi_d": 0.9320389349436846, "gamma_fc": 0.17168194904159712}, "datetime": {"delta": 46.425303, "datetime": "2020-09-13 15:19:35", "elapsed": 7986.792112}}
{"target": -8635.980160817824, "params": {"epsilon_d": 3.7773245926866403, "gamma_cf": 0.3960073775407231, "beta_rec": 0.9497600861641965, "lr": 0.4735716921529982, "phi_s": 2.058155995380275, "beta_enc": 0.30648741781033145, "s_cf": 0.21103119960393074, "k_intra": 8.774189331303184, "phi_d": 0.928288887409715, "gamma_fc": 0.17435240257673557}, "datetime": {"delta": 46.625198, "datetime": "2020-09-13 15:20:22", "elapsed": 8033.41731}}
{"target": -8771.233031391292, "params": {"epsilon_d": 4.884929586224295, "gamma_cf": 0.37688256037327184, "beta_rec": 0.9111807160615534, "lr": 0.7965740037261521, "phi_s": 1.8612276998588413, "beta_enc": 0.946053126214825, "s_cf": 0.6781489099513349, "k_intra": 3.037225842540288, "phi_d": 0.7567222043164018, "gamma_fc": 0.15372049669794513}, "datetime": {"delta": 45.178901, "datetime": "2020-09-13 15:21:07", "elapsed": 8078.596211}}
{"target": -8769.015651555696, "params": {"epsilon_d": 4.860744085669477, "gamma_cf": 0.37626908225837974, "beta_rec": 0.9098240489570195, "lr": 0.7782859397149392, "phi_s": 1.8632869110623775, "beta_enc": 0.942769752567872, "s_cf": 0.6962572788072251, "k_intra": 3.0458303605622534, "phi_d": 0.7694546542880842, "gamma_fc": 0.1556113350719915}, "datetime": {"delta": 44.243265, "datetime": "2020-09-13 15:21:51", "elapsed": 8122.839476}}
{"target": -8768.13503483687, "params": {"epsilon_d": 4.852148939027778, "gamma_cf": 0.3733787010950253, "beta_rec": 0.9072844821084137, "lr": 0.7622242135339167, "phi_s": 1.8573027974289131, "beta_enc": 0.945626328946659, "s_cf": 0.7019396408644435, "k_intra": 3.062749130880831, "phi_d": 0.7859136179181291, "gamma_fc": 0.16129446696460994}, "datetime": {"delta": 49.538381, "datetime": "2020-09-13 15:22:40", "elapsed": 8172.377857}}
{"target": -8768.128685332922, "params": {"epsilon_d": 4.852912017953273, "gamma_cf": 0.37349863026040403, "beta_rec": 0.908655223649074, "lr": 0.7604658519006378, "phi_s": 1.8564847114594936, "beta_enc": 0.9483640024987198, "s_cf": 0.7017318349072145, "k_intra": 3.063569925877721, "phi_d": 0.7880934106262582, "gamma_fc": 0.16155045882049235}, "datetime": {"delta": 47.259041, "datetime": "2020-09-13 15:23:28", "elapsed": 8219.636898}}
{"target": -8767.900816735715, "params": {"epsilon_d": 4.8505055120684055, "gamma_cf": 0.37373871666388575, "beta_rec": 0.9072236636647778, "lr": 0.7593491953421477, "phi_s": 1.8558336988769817, "beta_enc": 0.9474274116046494, "s_cf": 0.7018682345867057, "k_intra": 3.0659490206405176, "phi_d": 0.7869055334706795, "gamma_fc": 0.1606436026438545}, "datetime": {"delta": 46.965835, "datetime": "2020-09-13 15:24:15", "elapsed": 8266.602733}}
{"target": -8634.72347692541, "params": {"epsilon_d": 3.7858230129182995, "gamma_cf": 0.38770401259130344, "beta_rec": 0.9515097436481551, "lr": 0.4562620340551795, "phi_s": 2.049187449836754, "beta_enc": 0.2975635572205583, "s_cf": 0.21797089447358553, "k_intra": 8.782289585552832, "phi_d": 0.9320790437593092, "gamma_fc": 0.17504363131827977}, "datetime": {"delta": 49.206978, "datetime": "2020-09-13 15:25:04", "elapsed": 8315.809711}}
{"target": -8766.016025373327, "params": {"epsilon_d": 4.830841926599436, "gamma_cf": 0.3766341504950491, "beta_rec": 0.9038341814526302, "lr": 0.7498030793856431, "phi_s": 1.8457540862561963, "beta_enc": 0.9470578222724653, "s_cf": 0.6978835163214743, "k_intra": 3.0835882146526155, "phi_d": 0.7757943767951276, "gamma_fc": 0.15064177315901425}, "datetime": {"delta": 46.464723, "datetime": "2020-09-13 15:25:50", "elapsed": 8362.274434}}
{"target": -8764.38563359, "params": {"epsilon_d": 4.805170385140397, "gamma_cf": 0.37782699430280936, "beta_rec": 0.9051994476340729, "lr": 0.7427072169194472, "phi_s": 1.8289389482951903, "beta_enc": 0.9456517580738665, "s_cf": 0.6930897338635018, "k_intra": 3.0951923057206927, "phi_d": 0.7674543453258553, "gamma_fc": 0.14947833210182143}, "datetime": {"delta": 44.816569, "datetime": "2020-09-13 15:26:35", "elapsed": 8407.091003}}
{"target": -8634.854409521125, "params": {"epsilon_d": 3.7942022637278026, "gamma_cf": 0.3854174597651978, "beta_rec": 0.9445424170201797, "lr": 0.46893075177630467, "phi_s": 2.055432178799194, "beta_enc": 0.2983527724161135, "s_cf": 0.2169877602047785, "k_intra": 8.790741902842882, "phi_d": 0.9283550330079613, "gamma_fc": 0.16593164271730512}, "datetime": {"delta": 47.409052, "datetime": "2020-09-13 15:27:23", "elapsed": 8454.500055}}
{"target": -8764.52358707712, "params": {"epsilon_d": 4.777410671645445, "gamma_cf": 0.3825712176843882, "beta_rec": 0.9059873298864399, "lr": 0.7372139531897335, "phi_s": 1.8081010796284462, "beta_enc": 0.9430857157971106, "s_cf": 0.6900902077459371, "k_intra": 3.0956680994839574, "phi_d": 0.7650510543287268, "gamma_fc": 0.1643595582247823}, "datetime": {"delta": 48.052452, "datetime": "2020-09-13 15:28:11", "elapsed": 8502.552507}}
{"target": -8762.155796593595, "params": {"epsilon_d": 4.78738121402675, "gamma_cf": 0.3676629080736544, "beta_rec": 0.9134367992874791, "lr": 0.7431837068581469, "phi_s": 1.8149985063019847, "beta_enc": 0.9430669372070134, "s_cf": 0.6891087465209675, "k_intra": 3.1016602280100205, "phi_d": 0.7651017044773676, "gamma_fc": 0.15089156767308004}, "datetime": {"delta": 48.86222, "datetime": "2020-09-13 15:29:00", "elapsed": 8551.414727}}
{"target": -8632.504229912467, "params": {"epsilon_d": 3.789061477449986, "gamma_cf": 0.3797933681316044, "beta_rec": 0.9453197534045978, "lr": 0.4625942845714801, "phi_s": 2.064190786344657, "beta_enc": 0.29648713200127513, "s_cf": 0.2228684771933175, "k_intra": 8.777701808743997, "phi_d": 0.9304034790469918, "gamma_fc": 0.17038056763000312}, "datetime": {"delta": 47.677045, "datetime": "2020-09-13 15:29:47", "elapsed": 8599.091772}}
{"target": -8760.222364483232, "params": {"epsilon_d": 4.773072082733003, "gamma_cf": 0.33754634249526466, "beta_rec": 0.9265359216801293, "lr": 0.7502857462228464, "phi_s": 1.8051734588398323, "beta_enc": 0.937681198882767, "s_cf": 0.6872117034136614, "k_intra": 3.1097633277453096, "phi_d": 0.7663403798388134, "gamma_fc": 0.15143079001092777}, "datetime": {"delta": 49.17458, "datetime": "2020-09-13 15:30:36", "elapsed": 8648.266352}}
{"target": -8760.432340031308, "params": {"epsilon_d": 4.773827339515479, "gamma_cf": 0.33570533503469024, "beta_rec": 0.9251657650973802, "lr": 0.7493361232844398, "phi_s": 1.803927057970727, "beta_enc": 0.9375630729323131, "s_cf": 0.6870178928754911, "k_intra": 3.1087551856467353, "phi_d": 0.765888865490404, "gamma_fc": 0.15078855360169166}, "datetime": {"delta": 48.479988, "datetime": "2020-09-13 15:31:25", "elapsed": 8696.74634}}
{"target": -8759.389574318027, "params": {"epsilon_d": 4.76471659893281, "gamma_cf": 0.34435740866710857, "beta_rec": 0.9362532820741861, "lr": 0.7554393035488614, "phi_s": 1.8136284585308218, "beta_enc": 0.9335470980622329, "s_cf": 0.689351793751404, "k_intra": 3.1241556546903695, "phi_d": 0.7699320779630395, "gamma_fc": 0.15724650628892262}, "datetime": {"delta": 48.89969, "datetime": "2020-09-13 15:32:14", "elapsed": 8745.64603}}
{"target": -8759.110202639893, "params": {"epsilon_d": 4.760580295162489, "gamma_cf": 0.34482900481396644, "beta_rec": 0.9362760516467316, "lr": 0.7532860255724745, "phi_s": 1.8132460489050368, "beta_enc": 0.9299888143536981, "s_cf": 0.6899932270733835, "k_intra": 3.131746366755226, "phi_d": 0.7710624740096946, "gamma_fc": 0.15796006357852316}, "datetime": {"delta": 48.400161, "datetime": "2020-09-13 15:33:02", "elapsed": 8794.046191}}
{"target": -8759.11177982519, "params": {"epsilon_d": 4.753195706890781, "gamma_cf": 0.3462541863891217, "beta_rec": 0.9336737009520962, "lr": 0.7431476458267321, "phi_s": 1.8018298578850067, "beta_enc": 0.9210040931625704, "s_cf": 0.6898347900518716, "k_intra": 3.1483915863627123, "phi_d": 0.7754378014377711, "gamma_fc": 0.15680969451571591}, "datetime": {"delta": 48.386046, "datetime": "2020-09-13 15:33:51", "elapsed": 8842.432237}}
{"target": -8758.767589422927, "params": {"epsilon_d": 4.753399694046954, "gamma_cf": 0.3437308439464955, "beta_rec": 0.9318572465590631, "lr": 0.7445183679422887, "phi_s": 1.814359423298484, "beta_enc": 0.9233561032586859, "s_cf": 0.6890785281432604, "k_intra": 3.1431162697475195, "phi_d": 0.7710332862573798, "gamma_fc": 0.15923649335940038}, "datetime": {"delta": 47.634168, "datetime": "2020-09-13 15:34:38", "elapsed": 8890.066405}}
{"target": -8758.808727764086, "params": {"epsilon_d": 4.75073128311475, "gamma_cf": 0.34161293439939666, "beta_rec": 0.9319767986326203, "lr": 0.7403701738904415, "phi_s": 1.8183358198655757, "beta_enc": 0.9222059445549752, "s_cf": 0.6867523989503839, "k_intra": 3.142765825346124, "phi_d": 0.7694029653615682, "gamma_fc": 0.16013482025894277}, "datetime": {"delta": 49.267624, "datetime": "2020-09-13 15:35:27", "elapsed": 8939.334029}}
{"target": -8758.52628443127, "params": {"epsilon_d": 4.753205172674962, "gamma_cf": 0.3424295946649523, "beta_rec": 0.9272825330113323, "lr": 0.7445841641050426, "phi_s": 1.8169629960689895, "beta_enc": 0.9236573168095754, "s_cf": 0.6889873252347664, "k_intra": 3.1472706942040007, "phi_d": 0.768408245401794, "gamma_fc": 0.16155417489848128}, "datetime": {"delta": 46.825218, "datetime": "2020-09-13 15:36:14", "elapsed": 8986.159247}}
{"target": -8758.214074787678, "params": {"epsilon_d": 4.754611279505667, "gamma_cf": 0.34139058425944707, "beta_rec": 0.9244047770222584, "lr": 0.7465185479652567, "phi_s": 1.8141814396474316, "beta_enc": 0.9266359357016063, "s_cf": 0.686402858777686, "k_intra": 3.155581738226385, "phi_d": 0.7604995667073488, "gamma_fc": 0.16681012187973623}, "datetime": {"delta": 47.548375, "datetime": "2020-09-13 15:37:02", "elapsed": 9033.707622}}
{"target": -8630.624511581264, "params": {"epsilon_d": 3.787552422183111, "gamma_cf": 0.3720868190340968, "beta_rec": 0.9402103665493631, "lr": 0.46572667116606364, "phi_s": 2.080818159599411, "beta_enc": 0.29378712815983593, "s_cf": 0.22951792237364, "k_intra": 8.766357582454866, "phi_d": 0.9305360402166459, "gamma_fc": 0.1675299392272221}, "datetime": {"delta": 48.324749, "datetime": "2020-09-13 15:37:50", "elapsed": 9082.032371}}
{"target": -8757.996176355718, "params": {"epsilon_d": 4.756106650373428, "gamma_cf": 0.341642859722173, "beta_rec": 0.9265044144994821, "lr": 0.745299404668893, "phi_s": 1.8110507502218678, "beta_enc": 0.9275543554680366, "s_cf": 0.6867951195703469, "k_intra": 3.1577532149672285, "phi_d": 0.7561077307206964, "gamma_fc": 0.16863422082483046}, "datetime": {"delta": 48.57323, "datetime": "2020-09-13 15:38:39", "elapsed": 9130.605601}}
