{"target": 8.875, "params": {"cue_position": 10.0, "beta_rec": 0.4295408246863053, "beta_enc": 0.42327985100138643, "gamma_fc": 0.07617611564134052, "gamma_cf": 0.956792600782118}, "datetime": {"delta": 21.131107, "elapsed": 1988.28473, "datetime": "2020-06-14 10:16:12"}}
{"target": 8.0, "params": {"cue_position": 10.0, "beta_rec": 0.49713035462286737, "beta_enc": 0.21665032087335567, "gamma_fc": 0.5349937753612654, "gamma_cf": 0.3923809867216985}, "datetime": {"delta": 23.01851, "elapsed": 2011.30324, "datetime": "2020-06-14 10:16:35"}}
{"target": 9.5, "params": {"cue_position": 10.0, "beta_rec": 0.6589012757347816, "beta_enc": 0.3738695927572965, "gamma_fc": 0.013994407544868692, "gamma_cf": 0.549141215970926}, "datetime": {"delta": 22.003931, "elapsed": 2033.307171, "datetime": "2020-06-14 10:16:57"}}
{"target": 8.375, "params": {"cue_position": 10.0, "beta_rec": 0.5424137227170157, "beta_enc": 0.45570172122857866, "gamma_fc": 0.4937966770662058, "gamma_cf": 0.2976678216677704}, "datetime": {"delta": 22.534099, "elapsed": 2055.84127, "datetime": "2020-06-14 10:17:20"}}
{"target": 9.625, "params": {"cue_position": 10.0, "beta_rec": 0.780224101701854, "beta_enc": 0.4454800233685975, "gamma_fc": 0.12249785733422547, "gamma_cf": 0.6617919602465007}, "datetime": {"delta": 22.232316, "elapsed": 2078.073586, "datetime": "2020-06-14 10:17:42"}}
{"target": 6.75, "params": {"cue_position": 10.0, "beta_rec": 0.3866286215532917, "beta_enc": 0.8444421373250938, "gamma_fc": 0.5353399844107428, "gamma_cf": 0.5103541114946195}, "datetime": {"delta": 21.979333, "elapsed": 2100.052919, "datetime": "2020-06-14 10:18:04"}}
{"target": 10.125, "params": {"cue_position": 10.0, "beta_rec": 0.4740706344480309, "beta_enc": 0.026018007206420668, "gamma_fc": 0.8851659586322334, "gamma_cf": 0.03728390091057043}, "datetime": {"delta": 22.922941, "elapsed": 2122.97586, "datetime": "2020-06-14 10:18:27"}}
{"target": 9.75, "params": {"cue_position": 10.0, "beta_rec": 0.11506319492146821, "beta_enc": 0.04438710686081748, "gamma_fc": 0.6281401344146631, "gamma_cf": 0.018061509534439524}, "datetime": {"delta": 22.766626, "elapsed": 2145.742486, "datetime": "2020-06-14 10:18:50"}}
{"target": 8.5, "params": {"cue_position": 10.0, "beta_rec": 0.7417065854977714, "beta_enc": 0.30975190547271225, "gamma_fc": 0.20992082580031635, "gamma_cf": 0.21568951093210809}, "datetime": {"delta": 22.418309, "elapsed": 2168.160795, "datetime": "2020-06-14 10:19:12"}}
{"target": 9.625, "params": {"cue_position": 10.0, "beta_rec": 0.6306801970580473, "beta_enc": 0.230048920810481, "gamma_fc": 0.9089795741276635, "gamma_cf": 0.022795024344856363}, "datetime": {"delta": 22.310708, "elapsed": 2190.471503, "datetime": "2020-06-14 10:19:34"}}
{"target": 7.75, "params": {"cue_position": 10.0, "beta_rec": 0.5910969672662786, "beta_enc": 0.8568792200105959, "gamma_fc": 0.7532581538129451, "gamma_cf": 0.1914256986377355}, "datetime": {"delta": 21.55442, "elapsed": 2212.025923, "datetime": "2020-06-14 10:19:56"}}
{"target": 8.625, "params": {"cue_position": 10.0, "beta_rec": 0.7999425590594809, "beta_enc": 0.4103914067522515, "gamma_fc": 0.25305686073866773, "gamma_cf": 0.7098383982156713}, "datetime": {"delta": 22.311516, "elapsed": 2234.337439, "datetime": "2020-06-14 10:20:18"}}
{"target": 8.625, "params": {"cue_position": 10.0, "beta_rec": 0.6476174473744588, "beta_enc": 0.8518237018902436, "gamma_fc": 0.7542796564603879, "gamma_cf": 0.20056496898281806}, "datetime": {"delta": 22.019811, "elapsed": 2256.35725, "datetime": "2020-06-14 10:20:40"}}
{"target": 9.375, "params": {"cue_position": 10.0, "beta_rec": 0.9573667118554703, "beta_enc": 0.5409540002734954, "gamma_fc": 0.009582071737740394, "gamma_cf": 0.8383995764127584}, "datetime": {"delta": 22.346421, "elapsed": 2278.703671, "datetime": "2020-06-14 10:21:02"}}
{"target": 9.375, "params": {"cue_position": 10.0, "beta_rec": 0.1436990025472813, "beta_enc": 0.2059852327011299, "gamma_fc": 0.1107971778203366, "gamma_cf": 0.03351380564957518}, "datetime": {"delta": 21.802858, "elapsed": 2300.506529, "datetime": "2020-06-14 10:21:24"}}
{"target": 8.625, "params": {"cue_position": 10.0, "beta_rec": 0.5131415792170683, "beta_enc": 0.20560848044086022, "gamma_fc": 0.5403657089093641, "gamma_cf": 0.38288032552147366}, "datetime": {"delta": 22.306876, "elapsed": 2322.813405, "datetime": "2020-06-14 10:21:47"}}
{"target": 9.0, "params": {"cue_position": 10.0, "beta_rec": 0.9566223413361984, "beta_enc": 0.2907042529967945, "gamma_fc": 0.46446348631335244, "gamma_cf": 0.4362461709333495}, "datetime": {"delta": 21.900766, "elapsed": 2344.714171, "datetime": "2020-06-14 10:22:08"}}
{"target": 10.25, "params": {"cue_position": 10.0, "beta_rec": 0.6784534630669846, "beta_enc": 0.2006480144682421, "gamma_fc": 0.11499441336566929, "gamma_cf": 0.9745954421293684}, "datetime": {"delta": 22.457441, "elapsed": 2367.171612, "datetime": "2020-06-14 10:22:31"}}
{"target": 10.0, "params": {"cue_position": 10.0, "beta_rec": 0.4272081722150205, "beta_enc": 0.4292540427123728, "gamma_fc": 0.07112144458048131, "gamma_cf": 0.9473421460144104}, "datetime": {"delta": 21.323905, "elapsed": 2388.495517, "datetime": "2020-06-14 10:22:52"}}
{"target": 7.375, "params": {"cue_position": 10.0, "beta_rec": 0.5502307483983208, "beta_enc": 0.4634276236418644, "gamma_fc": 0.5002125329010034, "gamma_cf": 0.27933267450706634}, "datetime": {"delta": 20.997783, "elapsed": 2409.4933, "datetime": "2020-06-14 10:23:13"}}
{"target": 9.125, "params": {"cue_position": 10.0, "beta_rec": 0.302592581865438, "beta_enc": 0.22759586043879643, "gamma_fc": 0.2855338260083967, "gamma_cf": 0.5380893285281243}, "datetime": {"delta": 21.255437, "elapsed": 2430.748737, "datetime": "2020-06-14 10:23:35"}}
{"target": 8.5, "params": {"cue_position": 10.0, "beta_rec": 0.8209070532490228, "beta_enc": 0.41744529625154125, "gamma_fc": 0.23499494010000266, "gamma_cf": 0.7017858320231805}, "datetime": {"delta": 21.185603, "elapsed": 2451.93434, "datetime": "2020-06-14 10:23:56"}}
{"target": 9.125, "params": {"cue_position": 10.0, "beta_rec": 0.3300856024592317, "beta_enc": 0.7253043515592674, "gamma_fc": 0.8749329726383485, "gamma_cf": 0.4260775093834456}, "datetime": {"delta": 20.75163, "elapsed": 2472.68597, "datetime": "2020-06-14 10:24:16"}}
{"target": 8.375, "params": {"cue_position": 10.0, "beta_rec": 0.19124699240791254, "beta_enc": 0.2480071508902344, "gamma_fc": 0.13758259058824762, "gamma_cf": 0.9698282720972478}, "datetime": {"delta": 21.5337, "elapsed": 2494.21967, "datetime": "2020-06-14 10:24:38"}}
{"target": 9.625, "params": {"cue_position": 10.0, "beta_rec": 0.943674005193068, "beta_enc": 0.2575330527678745, "gamma_fc": 0.027652553533002222, "gamma_cf": 0.9730354710091419}, "datetime": {"delta": 21.451088, "elapsed": 2515.670758, "datetime": "2020-06-14 10:24:59"}}
{"target": 9.875, "params": {"cue_position": 10.0, "beta_rec": 0.636391193810498, "beta_enc": 0.4975869415091063, "gamma_fc": 0.3018604369104015, "gamma_cf": 0.904547969526717}, "datetime": {"delta": 21.072808, "elapsed": 2536.743566, "datetime": "2020-06-14 10:25:21"}}
{"target": 10.0, "params": {"cue_position": 10.0, "beta_rec": 0.5096669134171998, "beta_enc": 0.30558425461746586, "gamma_fc": 0.1318110327883466, "gamma_cf": 0.77258556017154}, "datetime": {"delta": 20.312411, "elapsed": 2557.055977, "datetime": "2020-06-14 10:25:41"}}
{"target": 9.75, "params": {"cue_position": 10.0, "beta_rec": 0.9421556614624255, "beta_enc": 0.5426284449911982, "gamma_fc": 0.012270251043288605, "gamma_cf": 0.8316238836096452}, "datetime": {"delta": 21.032852, "elapsed": 2578.088829, "datetime": "2020-06-14 10:26:02"}}
{"target": 7.875, "params": {"cue_position": 10.0, "beta_rec": 0.42853798716148483, "beta_enc": 0.07564042883669486, "gamma_fc": 0.8100836639897004, "gamma_cf": 0.4349074567208657}, "datetime": {"delta": 21.158718, "elapsed": 2599.247547, "datetime": "2020-06-14 10:26:23"}}
{"target": 8.75, "params": {"cue_position": 10.0, "beta_rec": 0.10721159074031883, "beta_enc": 0.4242448398985703, "gamma_fc": 0.19597917117435903, "gamma_cf": 0.38057041050394547}, "datetime": {"delta": 19.32297, "elapsed": 2618.570517, "datetime": "2020-06-14 10:26:42"}}
{"target": 8.875, "params": {"cue_position": 10.0, "beta_rec": 0.2653348413246225, "beta_enc": 0.2154767584833185, "gamma_fc": 0.13640908966378185, "gamma_cf": 0.8778694649132879}, "datetime": {"delta": 16.866606, "elapsed": 2635.437123, "datetime": "2020-06-14 10:26:59"}}
{"target": 9.75, "params": {"cue_position": 10.0, "beta_rec": 0.411907740271488, "beta_enc": 0.43265178188771714, "gamma_fc": 0.08660679737625987, "gamma_cf": 0.9456433953549009}, "datetime": {"delta": 17.060879, "elapsed": 2652.498002, "datetime": "2020-06-14 10:27:16"}}
{"target": 9.375, "params": {"cue_position": 10.0, "beta_rec": 0.8958566256093039, "beta_enc": 0.38911196142993487, "gamma_fc": 0.11915880313219873, "gamma_cf": 0.7702098554800484}, "datetime": {"delta": 16.822228, "elapsed": 2669.32023, "datetime": "2020-06-14 10:27:33"}}
{"target": 9.0, "params": {"cue_position": 10.0, "beta_rec": 0.8183442212121559, "beta_enc": 0.41064754864162456, "gamma_fc": 0.23884034399585452, "gamma_cf": 0.7146987829320185}, "datetime": {"delta": 16.840905, "elapsed": 2686.161135, "datetime": "2020-06-14 10:27:50"}}
{"target": 11.125, "params": {"cue_position": 10.0, "beta_rec": 0.9391921728660397, "beta_enc": 0.26754867973762986, "gamma_fc": 0.019797525460160226, "gamma_cf": 0.9935042605759762}, "datetime": {"delta": 17.808104, "elapsed": 2703.969239, "datetime": "2020-06-14 10:28:08"}}
{"target": 10.875, "params": {"cue_position": 10.0, "beta_rec": 0.4129518719942581, "beta_enc": 0.4328307317243998, "gamma_fc": 0.057555806904267426, "gamma_cf": 0.959558159615501}, "datetime": {"delta": 18.599779, "elapsed": 2722.569018, "datetime": "2020-06-14 10:28:26"}}
{"target": 10.0, "params": {"cue_position": 10.0, "beta_rec": 0.8210888315318443, "beta_enc": 0.5195576748270372, "gamma_fc": 0.2858133632684525, "gamma_cf": 0.8282783992163715}, "datetime": {"delta": 18.905888, "elapsed": 2741.474906, "datetime": "2020-06-14 10:28:45"}}
{"target": 8.25, "params": {"cue_position": 10.0, "beta_rec": 0.6852787296070258, "beta_enc": 0.2009394509192287, "gamma_fc": 0.12548528380846724, "gamma_cf": 0.9775181431843646}, "datetime": {"delta": 19.528614, "elapsed": 2761.00352, "datetime": "2020-06-14 10:29:05"}}
{"target": 9.625, "params": {"cue_position": 10.0, "beta_rec": 0.6832842820627353, "beta_enc": 0.417206482704366, "gamma_fc": 0.040425159215559336, "gamma_cf": 0.8652323385602558}, "datetime": {"delta": 19.197539, "elapsed": 2780.201059, "datetime": "2020-06-14 10:29:24"}}
{"target": 9.375, "params": {"cue_position": 10.0, "beta_rec": 0.4761075898881876, "beta_enc": 0.02711204238342968, "gamma_fc": 0.8760071585173166, "gamma_cf": 0.02911528451057621}, "datetime": {"delta": 19.959941, "elapsed": 2800.161, "datetime": "2020-06-14 10:29:44"}}
{"target": 10.0, "params": {"cue_position": 10.0, "beta_rec": 0.2732255524457792, "beta_enc": 0.576683677982422, "gamma_fc": 0.34444672583286207, "gamma_cf": 0.6676694788196363}, "datetime": {"delta": 19.54727, "elapsed": 2819.70827, "datetime": "2020-06-14 10:30:03"}}
{"target": 9.5, "params": {"cue_position": 10.0, "beta_rec": 0.7918239361904186, "beta_enc": 0.27807587545441725, "gamma_fc": 0.1400601456926437, "gamma_cf": 0.6253799186581125}, "datetime": {"delta": 20.298683, "elapsed": 2840.006953, "datetime": "2020-06-14 10:30:24"}}
{"target": 8.375, "params": {"cue_position": 10.0, "beta_rec": 0.6133621445973078, "beta_enc": 0.3831129052868022, "gamma_fc": 0.170429589635536, "gamma_cf": 0.981469234256808}, "datetime": {"delta": 18.847923, "elapsed": 2858.854876, "datetime": "2020-06-14 10:30:43"}}
{"target": 9.25, "params": {"cue_position": 10.0, "beta_rec": 0.2611868817785763, "beta_enc": 0.21884530763279952, "gamma_fc": 0.12871991236837244, "gamma_cf": 0.8809740514399584}, "datetime": {"delta": 19.967313, "elapsed": 2878.822189, "datetime": "2020-06-14 10:31:03"}}
{"target": 10.375, "params": {"cue_position": 10.0, "beta_rec": 0.5130066168055873, "beta_enc": 0.3079574923412395, "gamma_fc": 0.13203480268173517, "gamma_cf": 0.7708897158315904}, "datetime": {"delta": 19.933031, "elapsed": 2898.75522, "datetime": "2020-06-14 10:31:23"}}
{"target": 10.75, "params": {"cue_position": 10.0, "beta_rec": 0.42209127454681494, "beta_enc": 0.4466217881943474, "gamma_fc": 0.08921843441356425, "gamma_cf": 0.9481631646569757}, "datetime": {"delta": 20.207516, "elapsed": 2918.962736, "datetime": "2020-06-14 10:31:43"}}
{"target": 10.75, "params": {"cue_position": 10.0, "beta_rec": 0.4039349965423553, "beta_enc": 0.41461531768981597, "gamma_fc": 0.05955659188022011, "gamma_cf": 0.94176393550347}, "datetime": {"delta": 19.7166, "elapsed": 2938.679336, "datetime": "2020-06-14 10:32:02"}}
{"target": 7.75, "params": {"cue_position": 10.0, "beta_rec": 0.9000015458290997, "beta_enc": 0.5419408810073213, "gamma_fc": 0.24697768773538198, "gamma_cf": 0.8843620031762818}, "datetime": {"delta": 19.141017, "elapsed": 2957.820353, "datetime": "2020-06-14 10:32:22"}}
{"target": 9.0, "params": {"cue_position": 10.0, "beta_rec": 0.41192350338612405, "beta_enc": 0.2657626503528526, "gamma_fc": 0.4631980393004538, "gamma_cf": 0.4860047238826479}, "datetime": {"delta": 18.606841, "elapsed": 2976.427194, "datetime": "2020-06-14 10:32:40"}}
{"target": 10.0, "params": {"cue_position": 10.0, "beta_rec": 0.14796865107331647, "beta_enc": 0.47610581934896856, "gamma_fc": 0.6598709030245404, "gamma_cf": 0.5498074462717423}, "datetime": {"delta": 19.230883, "elapsed": 2995.658077, "datetime": "2020-06-14 10:32:59"}}
{"target": 8.875, "params": {"cue_position": 10.0, "beta_rec": 0.9421448924324977, "beta_enc": 0.5497413897100711, "gamma_fc": 0.01355665963267827, "gamma_cf": 0.8412654445546351}, "datetime": {"delta": 18.621165, "elapsed": 3014.279242, "datetime": "2020-06-14 10:33:18"}}
{"target": 10.375, "params": {"cue_position": 10.0, "beta_rec": 0.8681316476256695, "beta_enc": 0.9012007088100171, "gamma_fc": 0.7924155349457399, "gamma_cf": 0.028863813543244965}, "datetime": {"delta": 20.126212, "elapsed": 3034.405454, "datetime": "2020-06-14 10:33:38"}}
{"target": 8.375, "params": {"cue_position": 10.0, "beta_rec": 0.3584988364184105, "beta_enc": 0.5382935199958344, "gamma_fc": 0.38075002960189874, "gamma_cf": 0.9634818996965814}, "datetime": {"delta": 18.945309, "elapsed": 3053.350763, "datetime": "2020-06-14 10:33:57"}}
{"target": 6.625, "params": {"cue_position": 10.0, "beta_rec": 0.4162284728724389, "beta_enc": 0.07615895992385613, "gamma_fc": 0.8014038448585147, "gamma_cf": 0.4360225526665289}, "datetime": {"delta": 19.611735, "elapsed": 3072.962498, "datetime": "2020-06-14 10:34:17"}}
{"target": 8.75, "params": {"cue_position": 10.0, "beta_rec": 0.48922287234228024, "beta_enc": 0.04677052555676331, "gamma_fc": 0.939875190182352, "gamma_cf": 0.9546008487007344}, "datetime": {"delta": 19.449451, "elapsed": 3092.411949, "datetime": "2020-06-14 10:34:36"}}
{"target": 11.25, "params": {"cue_position": 10.0, "beta_rec": 0.9047984405080578, "beta_enc": 0.396059612133807, "gamma_fc": 0.11842814191066897, "gamma_cf": 0.7584455606723085}, "datetime": {"delta": 20.507972, "elapsed": 3112.919921, "datetime": "2020-06-14 10:34:57"}}
{"target": 9.5, "params": {"cue_position": 10.0, "beta_rec": 0.5841536929589791, "beta_enc": 0.7464605311670461, "gamma_fc": 0.9945369326889567, "gamma_cf": 0.0682558757297409}, "datetime": {"delta": 19.609133, "elapsed": 3132.529054, "datetime": "2020-06-14 10:35:16"}}
{"target": 10.375, "params": {"cue_position": 10.0, "beta_rec": 0.2791991910259283, "beta_enc": 0.19692952670224995, "gamma_fc": 0.12570446714262462, "gamma_cf": 0.8673189503057382}, "datetime": {"delta": 20.030255, "elapsed": 3152.559309, "datetime": "2020-06-14 10:35:36"}}
{"target": 9.875, "params": {"cue_position": 10.0, "beta_rec": 0.426468660409251, "beta_enc": 0.43722054907926144, "gamma_fc": 0.08752969504667496, "gamma_cf": 0.9501360829767351}, "datetime": {"delta": 19.42212, "elapsed": 3171.981429, "datetime": "2020-06-14 10:35:56"}}
{"target": 11.25, "params": {"cue_position": 10.0, "beta_rec": 0.4073283537331146, "beta_enc": 0.4249164760379248, "gamma_fc": 0.051710130779214825, "gamma_cf": 0.9415061737154318}, "datetime": {"delta": 19.817996, "elapsed": 3191.799425, "datetime": "2020-06-14 10:36:16"}}
{"target": 9.5, "params": {"cue_position": 10.0, "beta_rec": 0.8887129305196836, "beta_enc": 0.5303314989128991, "gamma_fc": 0.25970813127923154, "gamma_cf": 0.8845966738105102}, "datetime": {"delta": 19.095006, "elapsed": 3210.894431, "datetime": "2020-06-14 10:36:35"}}
{"target": 11.625, "params": {"cue_position": 10.0, "beta_rec": 0.9031941779145514, "beta_enc": 0.2933446857232991, "gamma_fc": 0.14851264979242396, "gamma_cf": 0.9243745790279402}, "datetime": {"delta": 20.003268, "elapsed": 3230.897699, "datetime": "2020-06-14 10:36:55"}}
{"target": 9.75, "params": {"cue_position": 10.0, "beta_rec": 0.9658590065677727, "beta_enc": 0.8607590420435689, "gamma_fc": 0.0998271855171654, "gamma_cf": 0.851563398910898}, "datetime": {"delta": 19.290108, "elapsed": 3250.187807, "datetime": "2020-06-14 10:37:14"}}
{"target": 9.125, "params": {"cue_position": 10.0, "beta_rec": 0.7281668762546695, "beta_enc": 0.48958227268365073, "gamma_fc": 0.14835386526039518, "gamma_cf": 0.45946824658256136}, "datetime": {"delta": 18.967031, "elapsed": 3269.154838, "datetime": "2020-06-14 10:37:33"}}
{"target": 9.625, "params": {"cue_position": 10.0, "beta_rec": 0.04006508929748459, "beta_enc": 0.5017336838571548, "gamma_fc": 0.042995568810346926, "gamma_cf": 0.9206518789687687}, "datetime": {"delta": 19.652699, "elapsed": 3288.807537, "datetime": "2020-06-14 10:37:53"}}
{"target": 10.375, "params": {"cue_position": 10.0, "beta_rec": 0.6914806401291191, "beta_enc": 0.41468013628286726, "gamma_fc": 0.015814511553110977, "gamma_cf": 0.872556386719768}, "datetime": {"delta": 20.140645, "elapsed": 3308.948182, "datetime": "2020-06-14 10:38:13"}}
{"target": 9.25, "params": {"cue_position": 10.0, "beta_rec": 0.42032431546217675, "beta_enc": 0.4388517006961854, "gamma_fc": 0.08065219859423367, "gamma_cf": 0.9367553778211909}, "datetime": {"delta": 19.13828, "elapsed": 3328.086462, "datetime": "2020-06-14 10:38:32"}}
{"target": 9.75, "params": {"cue_position": 10.0, "beta_rec": 0.4716436282413239, "beta_enc": 0.02358985081250009, "gamma_fc": 0.8740158892735231, "gamma_cf": 0.018629576151805716}, "datetime": {"delta": 19.801431, "elapsed": 3347.887893, "datetime": "2020-06-14 10:38:52"}}
{"target": 8.875, "params": {"cue_position": 10.0, "beta_rec": 0.8691186959421632, "beta_enc": 0.911753770467886, "gamma_fc": 0.8102181044963795, "gamma_cf": 0.033246223130964925}, "datetime": {"delta": 19.296024, "elapsed": 3367.183917, "datetime": "2020-06-14 10:39:11"}}
{"target": 8.75, "params": {"cue_position": 10.0, "beta_rec": 0.2729519655398853, "beta_enc": 0.5728600813519831, "gamma_fc": 0.35893024469627743, "gamma_cf": 0.6639830374047768}, "datetime": {"delta": 19.940396, "elapsed": 3387.124313, "datetime": "2020-06-14 10:39:31"}}
{"target": 7.75, "params": {"cue_position": 10.0, "beta_rec": 0.8324436643841139, "beta_enc": 0.511148493691712, "gamma_fc": 0.2924618467865252, "gamma_cf": 0.8275925566022925}, "datetime": {"delta": 19.620697, "elapsed": 3406.74501, "datetime": "2020-06-14 10:39:51"}}
{"target": 7.125, "params": {"cue_position": 10.0, "beta_rec": 0.9074364998049674, "beta_enc": 0.2395789131598629, "gamma_fc": 0.5482617105859025, "gamma_cf": 0.9481745694057063}, "datetime": {"delta": 20.171059, "elapsed": 3426.916069, "datetime": "2020-06-14 10:40:11"}}
{"target": 8.875, "params": {"cue_position": 10.0, "beta_rec": 0.1069447001919297, "beta_enc": 0.030047349244852417, "gamma_fc": 0.644307013746996, "gamma_cf": 0.012532516992786014}, "datetime": {"delta": 19.913372, "elapsed": 3446.829441, "datetime": "2020-06-14 10:40:31"}}
{"target": 9.125, "params": {"cue_position": 10.0, "beta_rec": 0.3357039842760091, "beta_enc": 0.7242258988802264, "gamma_fc": 0.8664072374030333, "gamma_cf": 0.4255796193712521}, "datetime": {"delta": 20.932358, "elapsed": 3467.761799, "datetime": "2020-06-14 10:40:52"}}
{"target": 9.625, "params": {"cue_position": 10.0, "beta_rec": 0.8980738938871513, "beta_enc": 0.3009258239661391, "gamma_fc": 0.14600125442541234, "gamma_cf": 0.9288885067176241}, "datetime": {"delta": 19.9257, "elapsed": 3487.687499, "datetime": "2020-06-14 10:41:11"}}
{"target": 9.125, "params": {"cue_position": 10.0, "beta_rec": 0.983357559076574, "beta_enc": 0.06607712998053528, "gamma_fc": 0.08908381686218703, "gamma_cf": 0.6587111239196115}, "datetime": {"delta": 20.923308, "elapsed": 3508.610807, "datetime": "2020-06-14 10:41:32"}}
{"target": 11.25, "params": {"cue_position": 10.0, "beta_rec": 0.41042846833823055, "beta_enc": 0.4226887367923795, "gamma_fc": 0.05254778823077244, "gamma_cf": 0.9478612130960518}, "datetime": {"delta": 20.000157, "elapsed": 3528.610964, "datetime": "2020-06-14 10:41:52"}}
{"target": 9.5, "params": {"cue_position": 10.0, "beta_rec": 0.9484156126039801, "beta_enc": 0.2873203978838154, "gamma_fc": 0.46185479486693903, "gamma_cf": 0.43934529619082063}, "datetime": {"delta": 20.663101, "elapsed": 3549.274065, "datetime": "2020-06-14 10:42:13"}}
{"target": 10.75, "params": {"cue_position": 10.0, "beta_rec": 0.7043479009749002, "beta_enc": 0.42039649809148394, "gamma_fc": 0.016828642343213684, "gamma_cf": 0.8702149211838989}, "datetime": {"delta": 20.195119, "elapsed": 3569.469184, "datetime": "2020-06-14 10:42:33"}}
{"target": 10.375, "params": {"cue_position": 10.0, "beta_rec": 0.9126775720447609, "beta_enc": 0.3037572053243146, "gamma_fc": 0.14930971250720237, "gamma_cf": 0.9165216701093527}, "datetime": {"delta": 20.745081, "elapsed": 3590.214265, "datetime": "2020-06-14 10:42:54"}}
