{"target": 7.3373333333333335, "params": {"gamma_fc": 0.14675589081711304, "enc_rate": 1.0, "cue_position": 3.0, "k": 3.0, "beta_rec": 0.7203244934421581, "beta_enc": 0.417022004702574}, "datetime": {"elapsed": 0.0, "delta": 0.0, "datetime": "2021-04-07 11:16:01"}}
{"target": 7.566666666666667, "params": {"gamma_fc": 0.4191945144032948, "enc_rate": 1.0, "cue_position": 3.0, "k": 3.0, "beta_rec": 0.34556072704304774, "beta_enc": 0.1862602113776709}, "datetime": {"elapsed": 35.528961, "delta": 35.528961, "datetime": "2021-04-07 11:16:36"}}
{"target": 7.504666666666667, "params": {"gamma_fc": 0.41730480236712697, "enc_rate": 1.0, "cue_position": 3.0, "k": 3.0, "beta_rec": 0.8781174363909454, "beta_enc": 0.20445224973151743}, "datetime": {"elapsed": 70.953672, "delta": 35.424711, "datetime": "2021-04-07 11:17:12"}}
{"target": 7.547777777777777, "params": {"gamma_fc": 0.31342417815924284, "enc_rate": 1.0, "cue_position": 3.0, "k": 3.0, "beta_rec": 0.1981014890848788, "beta_enc": 0.14038693859523377}, "datetime": {"elapsed": 106.409742, "delta": 35.45607, "datetime": "2021-04-07 11:17:47"}}
{"target": 6.598000000000001, "params": {"gamma_fc": 0.1698304195645689, "enc_rate": 1.0, "cue_position": 3.0, "k": 3.0, "beta_rec": 0.8946066635038473, "beta_enc": 0.8763891522960383}, "datetime": {"elapsed": 139.144782, "delta": 32.73504, "datetime": "2021-04-07 11:18:20"}}
{"target": 7.524000000000001, "params": {"gamma_fc": 0.6918771139504734, "enc_rate": 1.0, "cue_position": 3.0, "k": 3.0, "beta_rec": 0.42110762500505217, "beta_enc": 0.0983468338330501}, "datetime": {"elapsed": 174.531939, "delta": 35.387157, "datetime": "2021-04-07 11:18:55"}}
{"target": 6.513777777777778, "params": {"gamma_fc": 0.9888610889064947, "enc_rate": 1.0, "cue_position": 3.0, "k": 3.0, "beta_rec": 0.8346256718973729, "beta_enc": 0.6865009276815837}, "datetime": {"elapsed": 207.023913, "delta": 32.491974, "datetime": "2021-04-07 11:19:28"}}
{"target": 7.473333333333332, "params": {"gamma_fc": 0.9085955030930956, "enc_rate": 1.0, "cue_position": 3.0, "k": 3.0, "beta_rec": 0.7892793284514885, "beta_enc": 0.2804439920644052}, "datetime": {"elapsed": 241.99748, "delta": 34.973567, "datetime": "2021-04-07 11:20:03"}}
{"target": 7.527111111111111, "params": {"gamma_fc": 0.21162811600005904, "enc_rate": 1.0, "cue_position": 3.0, "k": 3.0, "beta_rec": 0.13002857211827767, "beta_enc": 0.28777533858634874}, "datetime": {"elapsed": 277.150932, "delta": 35.153452, "datetime": "2021-04-07 11:20:38"}}
{"target": 7.1913333333333345, "params": {"gamma_fc": 0.5893055369032842, "enc_rate": 1.0, "cue_position": 3.0, "k": 3.0, "beta_rec": 0.053362545117080384, "beta_enc": 0.4915731592803383}, "datetime": {"elapsed": 311.379001, "delta": 34.228069, "datetime": "2021-04-07 11:21:12"}}
{"target": 7.607111111111111, "params": {"gamma_fc": 0.04995345894608716, "enc_rate": 1.0, "cue_position": 3.0, "k": 3.0, "beta_rec": 0.4140559878195683, "beta_enc": 0.10233442882782584}, "datetime": {"elapsed": 346.696707, "delta": 35.317706, "datetime": "2021-04-07 11:21:47"}}
{"target": 6.724666666666667, "params": {"gamma_fc": 0.9034019152878835, "enc_rate": 1.0, "cue_position": 3.0, "k": 3.0, "beta_rec": 0.5148891120583086, "beta_enc": 0.6637946452197888}, "datetime": {"elapsed": 379.580998, "delta": 32.884291, "datetime": "2021-04-07 11:22:20"}}
{"target": 7.559555555555557, "params": {"gamma_fc": 0.9275085803960339, "enc_rate": 1.0, "cue_position": 3.0, "k": 3.0, "beta_rec": 0.8073912887095238, "beta_enc": 0.13927634725075855}, "datetime": {"elapsed": 414.947749, "delta": 35.366751, "datetime": "2021-04-07 11:22:56"}}
{"target": 6.376666666666667, "params": {"gamma_fc": 0.7509424340273372, "enc_rate": 1.0, "cue_position": 3.0, "k": 3.0, "beta_rec": 0.7259979853504515, "beta_enc": 0.7508121031361555}, "datetime": {"elapsed": 446.999475, "delta": 32.051726, "datetime": "2021-04-07 11:23:28"}}
{"target": 7.454666666666666, "params": {"gamma_fc": 0.6634414978184481, "enc_rate": 1.0, "cue_position": 3.0, "k": 3.0, "beta_rec": 0.8958862181960668, "beta_enc": 0.2699278917650261}, "datetime": {"elapsed": 482.317412, "delta": 35.317937, "datetime": "2021-04-07 11:24:03"}}
{"target": 7.544666666666667, "params": {"gamma_fc": 0.40813680276128117, "enc_rate": 1.0, "cue_position": 3.0, "k": 3.0, "beta_rec": 0.9494892587070712, "beta_enc": 0.11474597295337519}, "datetime": {"elapsed": 517.815984, "delta": 35.498572, "datetime": "2021-04-07 11:24:38"}}
{"target": 6.136666666666666, "params": {"gamma_fc": 0.32664490177209615, "enc_rate": 1.0, "cue_position": 3.0, "k": 3.0, "beta_rec": 0.5736794866722859, "beta_enc": 0.9033795205622538}, "datetime": {"elapsed": 549.25937, "delta": 31.443386, "datetime": "2021-04-07 11:25:10"}}
{"target": 6.296444444444444, "params": {"gamma_fc": 0.015821242846556283, "enc_rate": 1.0, "cue_position": 3.0, "k": 3.0, "beta_rec": 0.35726976000249977, "beta_enc": 0.8859420993107745}, "datetime": {"elapsed": 581.19873, "delta": 31.93936, "datetime": "2021-04-07 11:25:42"}}
{"target": 6.525111111111111, "params": {"gamma_fc": 0.9325954630371636, "enc_rate": 1.0, "cue_position": 3.0, "k": 3.0, "beta_rec": 0.9973228504514805, "beta_enc": 0.690896917516924}, "datetime": {"elapsed": 613.6622, "delta": 32.46347, "datetime": "2021-04-07 11:26:14"}}
{"target": 7.5408888888888885, "params": {"gamma_fc": 0.7115247586284718, "enc_rate": 1.0, "cue_position": 3.0, "k": 3.0, "beta_rec": 0.7554630526024664, "beta_enc": 0.06600017272206249}, "datetime": {"elapsed": 649.08618, "delta": 35.42398, "datetime": "2021-04-07 11:26:50"}}
{"target": 7.563555555555555, "params": {"gamma_fc": 0.860027948682888, "enc_rate": 1.0, "cue_position": 3.0, "k": 3.0, "beta_rec": 0.026210986877719278, "beta_enc": 0.01988013383979559}, "datetime": {"elapsed": 684.612518, "delta": 35.526338, "datetime": "2021-04-07 11:27:25"}}
{"target": 7.135111111111111, "params": {"gamma_fc": 0.5857592714582879, "enc_rate": 1.0, "cue_position": 3.0, "k": 3.0, "beta_rec": 0.8420308923596057, "beta_enc": 0.5528219786857659}, "datetime": {"elapsed": 718.806337, "delta": 34.193819, "datetime": "2021-04-07 11:27:59"}}
{"target": 6.944666666666667, "params": {"gamma_fc": 0.8071051956187791, "enc_rate": 1.0, "cue_position": 3.0, "k": 3.0, "beta_rec": 0.01864728937294302, "beta_enc": 0.56103021925571}, "datetime": {"elapsed": 754.719362, "delta": 35.913025, "datetime": "2021-04-07 11:28:35"}}
{"target": 6.977333333333334, "params": {"gamma_fc": 0.05991768951221166, "enc_rate": 1.0, "cue_position": 3.0, "k": 3.0, "beta_rec": 0.7471216427371846, "beta_enc": 0.8635418545594287}, "datetime": {"elapsed": 788.141259, "delta": 33.421897, "datetime": "2021-04-07 11:29:09"}}
{"target": 7.529111111111111, "params": {"gamma_fc": 0.5597169820541424, "enc_rate": 1.0, "cue_position": 3.0, "k": 3.0, "beta_rec": 0.1074941291060929, "beta_enc": 0.044551878544761725}, "datetime": {"elapsed": 823.262072, "delta": 35.120813, "datetime": "2021-04-07 11:29:44"}}
{"target": 7.5535555555555565, "params": {"gamma_fc": 0.2523257445703234, "enc_rate": 1.0, "cue_position": 3.0, "k": 3.0, "beta_rec": 0.967276330000272, "beta_enc": 0.07197427968948678}, "datetime": {"elapsed": 858.45521, "delta": 35.193138, "datetime": "2021-04-07 11:30:19"}}
{"target": 7.518888888888888, "params": {"gamma_fc": 0.23984775914758616, "enc_rate": 1.0, "cue_position": 3.0, "k": 3.0, "beta_rec": 0.5813589272732578, "beta_enc": 0.1954294811093188}, "datetime": {"elapsed": 893.407192, "delta": 34.951982, "datetime": "2021-04-07 11:30:54"}}
{"target": 7.1211111111111105, "params": {"gamma_fc": 0.07002214371922233, "enc_rate": 1.0, "cue_position": 3.0, "k": 3.0, "beta_rec": 0.8289808995501787, "beta_enc": 0.6199557183813798}, "datetime": {"elapsed": 927.359613, "delta": 33.952421, "datetime": "2021-04-07 11:31:28"}}
{"target": 7.049111111111111, "params": {"gamma_fc": 0.5797452192457969, "enc_rate": 1.0, "cue_position": 3.0, "k": 3.0, "beta_rec": 0.5688514370864813, "beta_enc": 0.6063294616533303}, "datetime": {"elapsed": 961.195303, "delta": 33.83569, "datetime": "2021-04-07 11:32:02"}}
{"target": 7.255111111111111, "params": {"gamma_fc": 0.06633483442844157, "enc_rate": 1.0, "cue_position": 3.0, "k": 3.0, "beta_rec": 0.7453344309065021, "beta_enc": 0.5509482191178968}, "datetime": {"elapsed": 995.413963, "delta": 34.21866, "datetime": "2021-04-07 11:32:36"}}
{"target": 7.100888888888889, "params": {"gamma_fc": 0.26031509857854096, "enc_rate": 1.0, "cue_position": 3.0, "k": 3.0, "beta_rec": 0.2101740099148396, "beta_enc": 0.6297175070215645}, "datetime": {"elapsed": 1029.215741, "delta": 33.801778, "datetime": "2021-04-07 11:33:10"}}
{"target": 7.525777777777778, "params": {"gamma_fc": 0.263296770487111, "enc_rate": 1.0, "cue_position": 3.0, "k": 3.0, "beta_rec": 0.6394608808799401, "beta_enc": 0.19343428262332774}, "datetime": {"elapsed": 1064.311196, "delta": 35.095455, "datetime": "2021-04-07 11:33:45"}}
{"target": 7.2091111111111115, "params": {"gamma_fc": 0.013951572975597015, "enc_rate": 1.0, "cue_position": 3.0, "k": 3.0, "beta_rec": 0.7721780295432468, "beta_enc": 0.7350659632886695}, "datetime": {"elapsed": 1098.358513, "delta": 34.047317, "datetime": "2021-04-07 11:34:19"}}
{"target": 6.874444444444444, "params": {"gamma_fc": 0.9156063497662745, "enc_rate": 1.0, "cue_position": 3.0, "k": 3.0, "beta_rec": 0.9490163206876164, "beta_enc": 0.6167783570016576}, "datetime": {"elapsed": 1131.637284, "delta": 33.278771, "datetime": "2021-04-07 11:34:52"}}
{"target": 7.377777777777777, "params": {"gamma_fc": 0.9261814267064536, "enc_rate": 1.0, "cue_position": 3.0, "k": 3.0, "beta_rec": 0.48599066709690975, "beta_enc": 0.39000771414124624}, "datetime": {"elapsed": 1166.172618, "delta": 34.535334, "datetime": "2021-04-07 11:35:27"}}
{"target": 7.3055555555555545, "params": {"gamma_fc": 0.13507915804673132, "enc_rate": 1.0, "cue_position": 3.0, "k": 3.0, "beta_rec": 0.9632625284407118, "beta_enc": 0.3948756129235549}, "datetime": {"elapsed": 1200.601097, "delta": 34.428479, "datetime": "2021-04-07 11:36:01"}}
{"target": 7.530444444444444, "params": {"gamma_fc": 0.17619625557505525, "enc_rate": 1.0, "cue_position": 3.0, "k": 3.0, "beta_rec": 0.947970211217681, "beta_enc": 0.021524805274197978}, "datetime": {"elapsed": 1235.679183, "delta": 35.078086, "datetime": "2021-04-07 11:36:36"}}
{"target": 7.504222222222222, "params": {"gamma_fc": 0.58201417994708, "enc_rate": 1.0, "cue_position": 3.0, "k": 3.0, "beta_rec": 0.8094906921265821, "beta_enc": 0.1309968448109169}, "datetime": {"elapsed": 1274.048311, "delta": 38.369128, "datetime": "2021-04-07 11:37:15"}}
{"target": 5.633555555555556, "params": {"gamma_fc": 0.7986035911520394, "enc_rate": 1.0, "cue_position": 3.0, "k": 3.0, "beta_rec": 0.9053923187086492, "beta_enc": 0.8447344453922219}, "datetime": {"elapsed": 1303.999667, "delta": 29.951356, "datetime": "2021-04-07 11:37:45"}}
{"target": 7.3482222222222235, "params": {"gamma_fc": 0.4336763489894583, "enc_rate": 1.0, "cue_position": 3.0, "k": 3.0, "beta_rec": 0.5991103076458784, "beta_enc": 0.4902535226199277}, "datetime": {"elapsed": 1339.427392, "delta": 35.427725, "datetime": "2021-04-07 11:38:20"}}
{"target": 7.4591111111111115, "params": {"gamma_fc": 0.7879292338255043, "enc_rate": 1.0, "cue_position": 3.0, "k": 3.0, "beta_rec": 0.8928887085251513, "beta_enc": 0.31524480309537295}, "datetime": {"elapsed": 1374.688224, "delta": 35.260832, "datetime": "2021-04-07 11:38:55"}}
{"target": 7.555333333333333, "params": {"gamma_fc": 0.00040202489135743313, "enc_rate": 1.0, "cue_position": 3.0, "k": 3.0, "beta_rec": 0.4201936800011322, "beta_enc": 0.053909272073752956}, "datetime": {"elapsed": 1410.28049, "delta": 35.592266, "datetime": "2021-04-07 11:39:31"}}
{"target": 7.460666666666667, "params": {"gamma_fc": 0.5747115047081023, "enc_rate": 1.0, "cue_position": 3.0, "k": 3.0, "beta_rec": 0.9737835383583225, "beta_enc": 0.37658031474577447}, "datetime": {"elapsed": 1445.564292, "delta": 35.283802, "datetime": "2021-04-07 11:40:06"}}
{"target": 7.435777777777778, "params": {"gamma_fc": 0.7550821884676802, "enc_rate": 1.0, "cue_position": 3.0, "k": 3.0, "beta_rec": 0.586833340656083, "beta_enc": 0.28557628169569393}, "datetime": {"elapsed": 1480.842708, "delta": 35.278416, "datetime": "2021-04-07 11:40:41"}}
{"target": 6.078444444444445, "params": {"gamma_fc": 0.3821027520315172, "enc_rate": 1.0, "cue_position": 3.0, "k": 3.0, "beta_rec": 0.32268099683674645, "beta_enc": 0.8644794300545998}, "datetime": {"elapsed": 1512.180729, "delta": 31.338021, "datetime": "2021-04-07 11:41:13"}}
{"target": 7.332666666666666, "params": {"gamma_fc": 0.9738020779272523, "enc_rate": 1.0, "cue_position": 3.0, "k": 3.0, "beta_rec": 0.3173839459582769, "beta_enc": 0.4014795834695406}, "datetime": {"elapsed": 1547.050413, "delta": 34.869684, "datetime": "2021-04-07 11:41:48"}}
{"target": 7.445333333333333, "params": {"gamma_fc": 0.8799982885634318, "enc_rate": 1.0, "cue_position": 3.0, "k": 3.0, "beta_rec": 0.4267010093480328, "beta_enc": 0.19856988842711087}, "datetime": {"elapsed": 1582.161773, "delta": 35.11136, "datetime": "2021-04-07 11:42:23"}}
{"target": 6.915555555555555, "params": {"gamma_fc": 0.5277146463087466, "enc_rate": 1.0, "cue_position": 3.0, "k": 3.0, "beta_rec": 0.2702082620297578, "beta_enc": 0.6627198123752622}, "datetime": {"elapsed": 1615.688762, "delta": 33.526989, "datetime": "2021-04-07 11:42:56"}}
{"target": 7.096888888888889, "params": {"gamma_fc": 0.5688579907047155, "enc_rate": 1.0, "cue_position": 3.0, "k": 3.0, "beta_rec": 0.7331425252875111, "beta_enc": 0.5724885171916063}, "datetime": {"elapsed": 1649.672849, "delta": 33.984087, "datetime": "2021-04-07 11:43:30"}}
{"target": 7.421777777777777, "params": {"gamma_fc": 0.982817113730445, "enc_rate": 1.0, "cue_position": 3.0, "k": 3.0, "beta_rec": 0.06820934841670412, "beta_enc": 0.3426889079532818}, "datetime": {"elapsed": 1684.767125, "delta": 35.094276, "datetime": "2021-04-07 11:44:05"}}
{"target": 6.830888888888889, "params": {"gamma_fc": 0.16097143681560877, "enc_rate": 1.0, "cue_position": 3.0, "k": 3.0, "beta_rec": 0.8749616449558981, "beta_enc": 0.8118586977205398}, "datetime": {"elapsed": 1717.938835, "delta": 33.17171, "datetime": "2021-04-07 11:44:39"}}
{"target": 7.445777777777778, "params": {"gamma_fc": 0.9163055534683507, "enc_rate": 1.0, "cue_position": 3.0, "k": 3.0, "beta_rec": 0.2250399578140846, "beta_enc": 0.345172051155215}, "datetime": {"elapsed": 1752.860986, "delta": 34.922151, "datetime": "2021-04-07 11:45:13"}}
{"target": 7.497111111111112, "params": {"gamma_fc": 0.7285856679745962, "enc_rate": 1.0, "cue_position": 3.0, "k": 3.0, "beta_rec": 0.1108913007440292, "beta_enc": 0.2571182937821962}, "datetime": {"elapsed": 1788.06185, "delta": 35.200864, "datetime": "2021-04-07 11:45:49"}}
{"target": 7.501777777777777, "params": {"gamma_fc": 0.23366613923925006, "enc_rate": 1.0, "cue_position": 3.0, "k": 3.0, "beta_rec": 0.851671874936367, "beta_enc": 0.24803355837723073}, "datetime": {"elapsed": 1823.393994, "delta": 35.332144, "datetime": "2021-04-07 11:46:24"}}
{"target": 7.29511111111111, "params": {"gamma_fc": 0.5440101188139381, "enc_rate": 1.0, "cue_position": 3.0, "k": 3.0, "beta_rec": 0.47714098704978236, "beta_enc": 0.5158570169685298}, "datetime": {"elapsed": 1857.988655, "delta": 34.594661, "datetime": "2021-04-07 11:46:59"}}
{"target": 7.493777777777778, "params": {"gamma_fc": 0.7852960282216189, "enc_rate": 1.0, "cue_position": 3.0, "k": 3.0, "beta_rec": 0.7515278171352439, "beta_enc": 0.1445455401246598}, "datetime": {"elapsed": 1893.040506, "delta": 35.051851, "datetime": "2021-04-07 11:47:34"}}
{"target": 7.447111111111111, "params": {"gamma_fc": 0.866608274166513, "enc_rate": 1.0, "cue_position": 3.0, "k": 3.0, "beta_rec": 0.872922376400111, "beta_enc": 0.3243624597261865}, "datetime": {"elapsed": 1928.010308, "delta": 34.969802, "datetime": "2021-04-07 11:48:09"}}
{"target": 5.903333333333334, "params": {"gamma_fc": 0.703516988152653, "enc_rate": 1.0, "cue_position": 3.0, "k": 3.0, "beta_rec": 0.8541154438365387, "beta_enc": 0.8264069976293413}, "datetime": {"elapsed": 1958.533001, "delta": 30.522693, "datetime": "2021-04-07 11:48:39"}}
{"target": 5.88, "params": {"gamma_fc": 0.2596983932983531, "enc_rate": 1.0, "cue_position": 3.0, "k": 3.0, "beta_rec": 0.03457121987163425, "beta_enc": 0.799615261736028}, "datetime": {"elapsed": 1989.041739, "delta": 30.508738, "datetime": "2021-04-07 11:49:10"}}
{"target": 6.928, "params": {"gamma_fc": 0.7827494147841719, "enc_rate": 1.0, "cue_position": 3.0, "k": 3.0, "beta_rec": 0.34529746159108154, "beta_enc": 0.6323033174301278}, "datetime": {"elapsed": 2022.700141, "delta": 33.658402, "datetime": "2021-04-07 11:49:43"}}
{"target": 7.478666666666666, "params": {"gamma_fc": 0.9747403708550822, "enc_rate": 1.0, "cue_position": 3.0, "k": 3.0, "beta_rec": 0.14300582825809938, "beta_enc": 0.30024833953390007}, "datetime": {"elapsed": 2058.0109, "delta": 35.310759, "datetime": "2021-04-07 11:50:19"}}
{"target": 4.540222222222222, "params": {"gamma_fc": 0.3557051709838811, "enc_rate": 1.0, "cue_position": 3.0, "k": 3.0, "beta_rec": 0.5460708041429516, "beta_enc": 0.9939130246104789}, "datetime": {"elapsed": 2084.526686, "delta": 26.515786, "datetime": "2021-04-07 11:50:45"}}
{"target": 7.521111111111111, "params": {"gamma_fc": 0.8623462528380441, "enc_rate": 1.0, "cue_position": 3.0, "k": 3.0, "beta_rec": 0.7456371927074961, "beta_enc": 0.1603951795196491}, "datetime": {"elapsed": 2119.827882, "delta": 35.301196, "datetime": "2021-04-07 11:51:20"}}
{"target": 6.484222222222224, "params": {"gamma_fc": 0.9897517076637052, "enc_rate": 1.0, "cue_position": 3.0, "k": 3.0, "beta_rec": 0.18863680095531088, "beta_enc": 0.6909421420661686}, "datetime": {"elapsed": 2153.768191, "delta": 33.940309, "datetime": "2021-04-07 11:51:54"}}
{"target": 7.529777777777778, "params": {"gamma_fc": 0.05692943841109499, "enc_rate": 1.0, "cue_position": 3.0, "k": 3.0, "beta_rec": 0.26217308377291193, "beta_enc": 0.24773290176235485}, "datetime": {"elapsed": 2189.029686, "delta": 35.261495, "datetime": "2021-04-07 11:52:30"}}
{"target": 7.4542222222222225, "params": {"gamma_fc": 0.593432449464621, "enc_rate": 1.0, "cue_position": 3.0, "k": 3.0, "beta_rec": 0.7986042447602102, "beta_enc": 0.21196016464367595}, "datetime": {"elapsed": 2224.199337, "delta": 35.169651, "datetime": "2021-04-07 11:53:05"}}
{"target": 7.373555555555555, "params": {"gamma_fc": 0.9594343210617524, "enc_rate": 1.0, "cue_position": 3.0, "k": 3.0, "beta_rec": 0.7498583107261434, "beta_enc": 0.3810161240622142}, "datetime": {"elapsed": 2259.243276, "delta": 35.043939, "datetime": "2021-04-07 11:53:40"}}
{"target": 7.5535555555555565, "params": {"gamma_fc": 0.2214327343234883, "enc_rate": 1.0, "cue_position": 3.0, "k": 3.0, "beta_rec": 0.7093872512312951, "beta_enc": 0.03232306662357398}, "datetime": {"elapsed": 2294.667885, "delta": 35.424609, "datetime": "2021-04-07 11:54:15"}}
{"target": 7.512222222222222, "params": {"gamma_fc": 0.8029632373737379, "enc_rate": 1.0, "cue_position": 3.0, "k": 3.0, "beta_rec": 0.42861882866378653, "beta_enc": 0.081473964877262}, "datetime": {"elapsed": 2329.928438, "delta": 35.260553, "datetime": "2021-04-07 11:54:51"}}
{"target": 6.2717777777777775, "params": {"gamma_fc": 0.8240098704123188, "enc_rate": 1.0, "cue_position": 3.0, "k": 3.0, "beta_rec": 0.3424541198435198, "beta_enc": 0.7662113810757705}, "datetime": {"elapsed": 2361.700271, "delta": 31.771833, "datetime": "2021-04-07 11:55:22"}}
{"target": 7.531333333333333, "params": {"gamma_fc": 0.4585838137084318, "enc_rate": 1.0, "cue_position": 3.0, "k": 3.0, "beta_rec": 0.07838689985494796, "beta_enc": 0.1434230486702449}, "datetime": {"elapsed": 2397.114407, "delta": 35.414136, "datetime": "2021-04-07 11:55:58"}}
{"target": 7.560888888888888, "params": {"gamma_fc": 0.45240482674645155, "enc_rate": 1.0, "cue_position": 3.0, "k": 3.0, "beta_rec": 0.7548614813904674, "beta_enc": 0.027783348848669953}, "datetime": {"elapsed": 2432.392659, "delta": 35.278252, "datetime": "2021-04-07 11:56:33"}}
{"target": 7.230222222222221, "params": {"gamma_fc": 0.904686160343623, "enc_rate": 1.0, "cue_position": 3.0, "k": 3.0, "beta_rec": 0.47400392656219403, "beta_enc": 0.47807250671783097}, "datetime": {"elapsed": 2466.70286, "delta": 34.310201, "datetime": "2021-04-07 11:57:07"}}
{"target": 6.274444444444445, "params": {"gamma_fc": 0.538627282576347, "enc_rate": 1.0, "cue_position": 3.0, "k": 3.0, "beta_rec": 0.12564138113773882, "beta_enc": 0.7738743427204187}, "datetime": {"elapsed": 2498.612088, "delta": 31.909228, "datetime": "2021-04-07 11:57:39"}}
{"target": 6.353555555555555, "params": {"gamma_fc": 0.14555823115839706, "enc_rate": 1.0, "cue_position": 3.0, "k": 3.0, "beta_rec": 0.905402033702778, "beta_enc": 0.9511937854902045}, "datetime": {"elapsed": 2530.440558, "delta": 31.82847, "datetime": "2021-04-07 11:58:11"}}
{"target": 7.4993333333333325, "params": {"gamma_fc": 0.7111224587658159, "enc_rate": 1.0, "cue_position": 3.0, "k": 3.0, "beta_rec": 0.6224959022999211, "beta_enc": 0.187631672902434}, "datetime": {"elapsed": 2565.525025, "delta": 35.084467, "datetime": "2021-04-07 11:58:46"}}
{"target": 6.128, "params": {"gamma_fc": 0.119457050333729, "enc_rate": 1.0, "cue_position": 3.0, "k": 3.0, "beta_rec": 0.4008737323711209, "beta_enc": 0.9092932045442544}, "datetime": {"elapsed": 2596.704098, "delta": 31.179073, "datetime": "2021-04-07 11:59:17"}}
{"target": 7.528444444444444, "params": {"gamma_fc": 0.9824174492929428, "enc_rate": 1.0, "cue_position": 3.0, "k": 3.0, "beta_rec": 0.2642974827269007, "beta_enc": 0.14679237341724316}, "datetime": {"elapsed": 2632.097817, "delta": 35.393719, "datetime": "2021-04-07 11:59:53"}}
