{"target": 7.313555555555555, "params": {"enc_rate": 1.0, "k": 3.0, "beta_enc": 0.3992186053524538, "gamma_fc": 0.2902979970618682, "beta_rec": 0.7969622519799001, "cue_position": 4.0}, "datetime": {"elapsed": 5461.379028, "delta": 35.847873, "datetime": "2021-04-07 12:46:22"}}
{"target": 7.563777777777777, "params": {"enc_rate": 1.0, "k": 3.0, "beta_enc": 0.016715589077006432, "gamma_fc": 0.07091840047038722, "beta_rec": 0.3986590599223787, "cue_position": 4.0}, "datetime": {"elapsed": 5498.161855, "delta": 36.782827, "datetime": "2021-04-07 12:46:58"}}
{"target": 7.529111111111112, "params": {"enc_rate": 1.0, "k": 3.0, "beta_enc": 0.016575882900934147, "gamma_fc": 0.32102631416731586, "beta_rec": 0.11379635644740682, "cue_position": 4.0}, "datetime": {"elapsed": 5534.579524, "delta": 36.417669, "datetime": "2021-04-07 12:47:35"}}
{"target": 6.0600000000000005, "params": {"enc_rate": 1.0, "k": 3.0, "beta_enc": 0.9934604630998499, "gamma_fc": 0.03972870668308481, "beta_rec": 0.8344865140180296, "cue_position": 4.0}, "datetime": {"elapsed": 5566.56596, "delta": 31.986436, "datetime": "2021-04-07 12:48:07"}}
{"target": 7.26, "params": {"enc_rate": 1.0, "k": 3.0, "beta_enc": 0.4740062899880546, "gamma_fc": 0.5396491100933506, "beta_rec": 0.3491674129570773, "cue_position": 4.0}, "datetime": {"elapsed": 5602.203893, "delta": 35.637933, "datetime": "2021-04-07 12:48:42"}}
{"target": 7.2526666666666655, "params": {"enc_rate": 1.0, "k": 3.0, "beta_enc": 0.4466350458236905, "gamma_fc": 0.32836139008759013, "beta_rec": 0.8770343892703519, "cue_position": 4.0}, "datetime": {"elapsed": 5638.189823, "delta": 35.98593, "datetime": "2021-04-07 12:49:18"}}
{"target": 7.4862222222222226, "params": {"enc_rate": 1.0, "k": 3.0, "beta_enc": 0.22012867402698122, "gamma_fc": 0.8701917462053776, "beta_rec": 0.6714291710812733, "cue_position": 4.0}, "datetime": {"elapsed": 5675.089939, "delta": 36.900116, "datetime": "2021-04-07 12:49:55"}}
{"target": 7.364222222222222, "params": {"enc_rate": 1.0, "k": 3.0, "beta_enc": 0.3860040110225955, "gamma_fc": 0.8741259355980283, "beta_rec": 0.5715420927253323, "cue_position": 4.0}, "datetime": {"elapsed": 5711.118151, "delta": 36.028212, "datetime": "2021-04-07 12:50:31"}}
{"target": 6.203333333333333, "params": {"enc_rate": 1.0, "k": 3.0, "beta_enc": 0.8125073041746718, "gamma_fc": 0.5546673107876667, "beta_rec": 0.2838018349468743, "cue_position": 4.0}, "datetime": {"elapsed": 5743.775022, "delta": 32.656871, "datetime": "2021-04-07 12:51:04"}}
{"target": 7.430666666666667, "params": {"enc_rate": 1.0, "k": 3.0, "beta_enc": 0.3117029177189814, "gamma_fc": 0.3258099666132048, "beta_rec": 0.6687966059228697, "cue_position": 4.0}, "datetime": {"elapsed": 5780.1651, "delta": 36.390078, "datetime": "2021-04-07 12:51:40"}}
{"target": 6.8917777777777784, "params": {"enc_rate": 1.0, "k": 3.0, "beta_enc": 0.7517077209192669, "gamma_fc": 0.041475079576498874, "beta_rec": 0.7626320954451107, "cue_position": 4.0}, "datetime": {"elapsed": 5814.665738, "delta": 34.500638, "datetime": "2021-04-07 12:52:15"}}
{"target": 7.514888888888889, "params": {"enc_rate": 1.0, "k": 3.0, "beta_enc": 0.03711266449399442, "gamma_fc": 0.767788977658173, "beta_rec": 0.6938554113738997, "cue_position": 4.0}, "datetime": {"elapsed": 5850.956715, "delta": 36.290977, "datetime": "2021-04-07 12:52:51"}}
{"target": 7.543111111111111, "params": {"enc_rate": 1.0, "k": 3.0, "beta_enc": 0.03985992663545257, "gamma_fc": 0.05231294643747675, "beta_rec": 0.13479311796067905, "cue_position": 4.0}, "datetime": {"elapsed": 5887.420104, "delta": 36.463389, "datetime": "2021-04-07 12:53:28"}}
{"target": 7.178444444444445, "params": {"enc_rate": 1.0, "k": 3.0, "beta_enc": 0.5120610275239188, "gamma_fc": 0.4540590560591513, "beta_rec": 0.6174610120171561, "cue_position": 4.0}, "datetime": {"elapsed": 5922.7939, "delta": 35.373796, "datetime": "2021-04-07 12:54:03"}}
{"target": 6.6048888888888895, "params": {"enc_rate": 1.0, "k": 3.0, "beta_enc": 0.8730681484470995, "gamma_fc": 0.050912383516887205, "beta_rec": 0.6562015477440989, "cue_position": 4.0}, "datetime": {"elapsed": 5956.296776, "delta": 33.502876, "datetime": "2021-04-07 12:54:36"}}
{"target": 7.548888888888889, "params": {"enc_rate": 1.0, "k": 3.0, "beta_enc": 0.0633434434563398, "gamma_fc": 0.4731119528858785, "beta_rec": 0.4216578860324509, "cue_position": 4.0}, "datetime": {"elapsed": 5992.610582, "delta": 36.313806, "datetime": "2021-04-07 12:55:13"}}
{"target": 6.556666666666667, "params": {"enc_rate": 1.0, "k": 3.0, "beta_enc": 0.7728856021671178, "gamma_fc": 0.23941104413775594, "beta_rec": 0.8414221567958434, "cue_position": 4.0}, "datetime": {"elapsed": 6026.130686, "delta": 33.520104, "datetime": "2021-04-07 12:55:46"}}
{"target": 4.370666666666667, "params": {"enc_rate": 1.0, "k": 3.0, "beta_enc": 0.9438926277837961, "gamma_fc": 0.8978507176676818, "beta_rec": 0.6139340023847009, "cue_position": 4.0}, "datetime": {"elapsed": 6052.879216, "delta": 26.74853, "datetime": "2021-04-07 12:56:13"}}
{"target": 7.501333333333333, "params": {"enc_rate": 1.0, "k": 3.0, "beta_enc": 0.23581463714751372, "gamma_fc": 0.8704248568230661, "beta_rec": 0.9408279632013994, "cue_position": 4.0}, "datetime": {"elapsed": 6088.987413, "delta": 36.108197, "datetime": "2021-04-07 12:56:49"}}
{"target": 6.860444444444445, "params": {"enc_rate": 1.0, "k": 3.0, "beta_enc": 0.6049268729742817, "gamma_fc": 0.8146191812616553, "beta_rec": 0.7323748991793305, "cue_position": 4.0}, "datetime": {"elapsed": 6123.481268, "delta": 34.493855, "datetime": "2021-04-07 12:57:24"}}
{"target": 7.5006666666666675, "params": {"enc_rate": 1.0, "k": 3.0, "beta_enc": 0.13051067133926597, "gamma_fc": 0.2482907289970986, "beta_rec": 0.8424458099564136, "cue_position": 4.0}, "datetime": {"elapsed": 6159.790164, "delta": 36.308896, "datetime": "2021-04-07 12:58:00"}}
{"target": 6.183999999999999, "params": {"enc_rate": 1.0, "k": 3.0, "beta_enc": 0.8726861649194619, "gamma_fc": 0.20338083282405106, "beta_rec": 0.42166593484970927, "cue_position": 4.0}, "datetime": {"elapsed": 6192.153455, "delta": 32.363291, "datetime": "2021-04-07 12:58:32"}}
{"target": 5.684222222222222, "params": {"enc_rate": 1.0, "k": 3.0, "beta_enc": 0.8817706230828073, "gamma_fc": 0.624821294185499, "beta_rec": 0.48675074481833813, "cue_position": 4.0}, "datetime": {"elapsed": 6223.037493, "delta": 30.884038, "datetime": "2021-04-07 12:59:03"}}
{"target": 7.447555555555556, "params": {"enc_rate": 1.0, "k": 3.0, "beta_enc": 0.2821394484048606, "gamma_fc": 0.22700116521465796, "beta_rec": 0.8837555081806009, "cue_position": 4.0}, "datetime": {"elapsed": 6259.093038, "delta": 36.055545, "datetime": "2021-04-07 12:59:39"}}
{"target": 7.501333333333333, "params": {"enc_rate": 1.0, "k": 3.0, "beta_enc": 0.23944623690468037, "gamma_fc": 0.6021836538927108, "beta_rec": 0.13141566053746057, "cue_position": 4.0}, "datetime": {"elapsed": 6295.372956, "delta": 36.279918, "datetime": "2021-04-07 13:00:16"}}
{"target": 7.369555555555555, "params": {"enc_rate": 1.0, "k": 3.0, "beta_enc": 0.34567921329602547, "gamma_fc": 0.05917720718572239, "beta_rec": 0.5956250981349497, "cue_position": 4.0}, "datetime": {"elapsed": 6331.297983, "delta": 35.925027, "datetime": "2021-04-07 13:00:51"}}
{"target": 6.160888888888889, "params": {"enc_rate": 1.0, "k": 3.0, "beta_enc": 0.9482094981876252, "gamma_fc": 0.0073189693278638, "beta_rec": 0.5346790571795887, "cue_position": 4.0}, "datetime": {"elapsed": 6363.524099, "delta": 32.226116, "datetime": "2021-04-07 13:01:24"}}
{"target": 4.961111111111111, "params": {"enc_rate": 1.0, "k": 3.0, "beta_enc": 0.9176063476443932, "gamma_fc": 0.822578152523871, "beta_rec": 0.5883673328938768, "cue_position": 4.0}, "datetime": {"elapsed": 6392.26427, "delta": 28.740171, "datetime": "2021-04-07 13:01:52"}}
{"target": 7.524666666666667, "params": {"enc_rate": 1.0, "k": 3.0, "beta_enc": 0.3209863745244532, "gamma_fc": 0.1267357091420086, "beta_rec": 0.12295477155217849, "cue_position": 4.0}, "datetime": {"elapsed": 6428.661902, "delta": 36.397632, "datetime": "2021-04-07 13:02:29"}}
{"target": 7.532444444444444, "params": {"enc_rate": 1.0, "k": 3.0, "beta_enc": 0.03606831456985993, "gamma_fc": 0.3033456717085691, "beta_rec": 0.20018211641098693, "cue_position": 4.0}, "datetime": {"elapsed": 6464.984749, "delta": 36.322847, "datetime": "2021-04-07 13:03:05"}}
{"target": 3.820888888888889, "params": {"enc_rate": 1.0, "k": 3.0, "beta_enc": 0.9974849927283295, "gamma_fc": 0.5071194235482045, "beta_rec": 0.5820299763434618, "cue_position": 4.0}, "datetime": {"elapsed": 6490.43422, "delta": 25.449471, "datetime": "2021-04-07 13:03:31"}}
{"target": 7.147333333333333, "params": {"enc_rate": 1.0, "k": 3.0, "beta_enc": 0.5878715062961865, "gamma_fc": 0.24444799937161088, "beta_rec": 0.2641376442105696, "cue_position": 4.0}, "datetime": {"elapsed": 6526.040876, "delta": 35.606656, "datetime": "2021-04-07 13:04:06"}}
{"target": 6.556, "params": {"enc_rate": 1.0, "k": 3.0, "beta_enc": 0.6958461339323264, "gamma_fc": 0.8061631629534083, "beta_rec": 0.07194722016400112, "cue_position": 4.0}, "datetime": {"elapsed": 6559.628644, "delta": 33.587768, "datetime": "2021-04-07 13:04:40"}}
{"target": 7.538888888888889, "params": {"enc_rate": 1.0, "k": 3.0, "beta_enc": 0.0800609772712173, "gamma_fc": 0.4487372588243219, "beta_rec": 0.48169628302117706, "cue_position": 4.0}, "datetime": {"elapsed": 6596.17685, "delta": 36.548206, "datetime": "2021-04-07 13:05:16"}}
{"target": 6.626888888888888, "params": {"enc_rate": 1.0, "k": 3.0, "beta_enc": 0.6816453376026229, "gamma_fc": 0.760802456305756, "beta_rec": 0.6971485287527562, "cue_position": 4.0}, "datetime": {"elapsed": 6629.927656, "delta": 33.750806, "datetime": "2021-04-07 13:05:50"}}
{"target": 5.614888888888889, "params": {"enc_rate": 1.0, "k": 3.0, "beta_enc": 0.9041029859138049, "gamma_fc": 0.3205646539951602, "beta_rec": 0.23376869260410593, "cue_position": 4.0}, "datetime": {"elapsed": 6660.685225, "delta": 30.757569, "datetime": "2021-04-07 13:06:21"}}
{"target": 6.990888888888888, "params": {"enc_rate": 1.0, "k": 3.0, "beta_enc": 0.6135258996684316, "gamma_fc": 0.11503501205024624, "beta_rec": 0.7600017523497489, "cue_position": 4.0}, "datetime": {"elapsed": 6695.506948, "delta": 34.821723, "datetime": "2021-04-07 13:06:56"}}
{"target": 7.515777777777778, "params": {"enc_rate": 1.0, "k": 3.0, "beta_enc": 0.19384776750950716, "gamma_fc": 0.4911099613042962, "beta_rec": 0.8207464986229382, "cue_position": 4.0}, "datetime": {"elapsed": 6731.840501, "delta": 36.333553, "datetime": "2021-04-07 13:07:32"}}
{"target": 7.464, "params": {"enc_rate": 1.0, "k": 3.0, "beta_enc": 0.23507763668617032, "gamma_fc": 0.7293976982561526, "beta_rec": 0.461602080891622, "cue_position": 4.0}, "datetime": {"elapsed": 6768.225992, "delta": 36.385491, "datetime": "2021-04-07 13:08:08"}}
{"target": 7.446666666666667, "params": {"enc_rate": 1.0, "k": 3.0, "beta_enc": 0.33039174636170277, "gamma_fc": 0.6570654246228895, "beta_rec": 0.8434941260636555, "cue_position": 4.0}, "datetime": {"elapsed": 6804.34253, "delta": 36.116538, "datetime": "2021-04-07 13:08:44"}}
{"target": 7.502888888888888, "params": {"enc_rate": 1.0, "k": 3.0, "beta_enc": 0.200727488035091, "gamma_fc": 0.8709456091610533, "beta_rec": 0.5295466104783949, "cue_position": 4.0}, "datetime": {"elapsed": 6840.800821, "delta": 36.458291, "datetime": "2021-04-07 13:09:21"}}
{"target": 7.452444444444444, "params": {"enc_rate": 1.0, "k": 3.0, "beta_enc": 0.32984456268188234, "gamma_fc": 0.8785878632047704, "beta_rec": 0.6830743663365642, "cue_position": 4.0}, "datetime": {"elapsed": 6877.098018, "delta": 36.297197, "datetime": "2021-04-07 13:09:57"}}
{"target": 5.869777777777778, "params": {"enc_rate": 1.0, "k": 3.0, "beta_enc": 0.8497689100179306, "gamma_fc": 0.6353709614884534, "beta_rec": 0.6671187886992039, "cue_position": 4.0}, "datetime": {"elapsed": 6911.570458, "delta": 34.47244, "datetime": "2021-04-07 13:10:32"}}
{"target": 7.5200000000000005, "params": {"enc_rate": 1.0, "k": 3.0, "beta_enc": 0.029969704337874034, "gamma_fc": 0.3803493343259086, "beta_rec": 0.40781199854720446, "cue_position": 4.0}, "datetime": {"elapsed": 6957.054928, "delta": 45.48447, "datetime": "2021-04-07 13:11:17"}}
{"target": 7.538888888888889, "params": {"enc_rate": 1.0, "k": 3.0, "beta_enc": 0.1454377095728642, "gamma_fc": 0.7652433825169281, "beta_rec": 0.1469397226722926, "cue_position": 4.0}, "datetime": {"elapsed": 7001.709556, "delta": 44.654628, "datetime": "2021-04-07 13:12:02"}}
{"target": 7.520444444444445, "params": {"enc_rate": 1.0, "k": 3.0, "beta_enc": 0.0, "gamma_fc": 0.20603271954825694, "beta_rec": 0.6584442080387923, "cue_position": 4.0}, "datetime": {"elapsed": 7047.62843, "delta": 45.918874, "datetime": "2021-04-07 13:12:48"}}
{"target": 7.5424444444444445, "params": {"enc_rate": 1.0, "k": 3.0, "beta_enc": 0.06436465938607568, "gamma_fc": 0.9841294145460613, "beta_rec": 0.0, "cue_position": 4.0}, "datetime": {"elapsed": 7093.557629, "delta": 45.929199, "datetime": "2021-04-07 13:13:34"}}
{"target": 7.55488888888889, "params": {"enc_rate": 1.0, "k": 3.0, "beta_enc": 0.059362240285099774, "gamma_fc": 0.4873536134196242, "beta_rec": 1.0, "cue_position": 4.0}, "datetime": {"elapsed": 7140.756266, "delta": 47.198637, "datetime": "2021-04-07 13:14:21"}}
{"target": 7.550666666666666, "params": {"enc_rate": 1.0, "k": 3.0, "beta_enc": 0.0, "gamma_fc": 0.007477544474272072, "beta_rec": 0.3129599600536858, "cue_position": 4.0}, "datetime": {"elapsed": 7185.590379, "delta": 44.834113, "datetime": "2021-04-07 13:15:06"}}
{"target": 7.584666666666666, "params": {"enc_rate": 1.0, "k": 3.0, "beta_enc": 0.030397773497663858, "gamma_fc": 0.13443741926142952, "beta_rec": 1.0, "cue_position": 4.0}, "datetime": {"elapsed": 7230.86398, "delta": 45.273601, "datetime": "2021-04-07 13:15:51"}}
{"target": 7.519777777777778, "params": {"enc_rate": 1.0, "k": 3.0, "beta_enc": 0.1332211481424362, "gamma_fc": 0.42214488862452, "beta_rec": 0.0, "cue_position": 4.0}, "datetime": {"elapsed": 7275.890551, "delta": 45.026571, "datetime": "2021-04-07 13:16:36"}}
{"target": 7.539777777777777, "params": {"enc_rate": 1.0, "k": 3.0, "beta_enc": 0.0, "gamma_fc": 0.19093405240674502, "beta_rec": 1.0, "cue_position": 4.0}, "datetime": {"elapsed": 7323.388081, "delta": 47.49753, "datetime": "2021-04-07 13:17:24"}}
{"target": 7.593111111111111, "params": {"enc_rate": 1.0, "k": 3.0, "beta_enc": 0.08711681837901197, "gamma_fc": 0.12442682033974872, "beta_rec": 0.9932996531267037, "cue_position": 4.0}, "datetime": {"elapsed": 7370.148584, "delta": 46.760503, "datetime": "2021-04-07 13:18:10"}}
{"target": 7.599111111111111, "params": {"enc_rate": 1.0, "k": 3.0, "beta_enc": 0.046637548597367504, "gamma_fc": 0.04913395217513118, "beta_rec": 0.9754501420443806, "cue_position": 4.0}, "datetime": {"elapsed": 7419.081347, "delta": 48.932763, "datetime": "2021-04-07 13:18:59"}}
{"target": 7.530222222222223, "params": {"enc_rate": 1.0, "k": 3.0, "beta_enc": 0.11343327384901218, "gamma_fc": 0.8445435216553256, "beta_rec": 0.0, "cue_position": 4.0}, "datetime": {"elapsed": 7463.614217, "delta": 44.53287, "datetime": "2021-04-07 13:19:44"}}
{"target": 7.483555555555554, "params": {"enc_rate": 1.0, "k": 3.0, "beta_enc": 0.0, "gamma_fc": 1.0, "beta_rec": 0.13119441229362108, "cue_position": 4.0}, "datetime": {"elapsed": 7509.968737, "delta": 46.35452, "datetime": "2021-04-07 13:20:30"}}
{"target": 7.547555555555556, "params": {"enc_rate": 1.0, "k": 3.0, "beta_enc": 0.04666304333215498, "gamma_fc": 0.8150792334765609, "beta_rec": 1.0, "cue_position": 4.0}, "datetime": {"elapsed": 7555.428741, "delta": 45.460004, "datetime": "2021-04-07 13:21:16"}}
{"target": 7.5424444444444445, "params": {"enc_rate": 1.0, "k": 3.0, "beta_enc": 0.13630585941198306, "gamma_fc": 0.0, "beta_rec": 0.0, "cue_position": 4.0}, "datetime": {"elapsed": 7601.537369, "delta": 46.108628, "datetime": "2021-04-07 13:22:02"}}
{"target": 7.533111111111111, "params": {"enc_rate": 1.0, "k": 3.0, "beta_enc": 0.06366907469346787, "gamma_fc": 0.4533268328804888, "beta_rec": 0.2103076484623767, "cue_position": 4.0}, "datetime": {"elapsed": 7648.869876, "delta": 47.332507, "datetime": "2021-04-07 13:22:49"}}
{"target": 7.520444444444445, "params": {"enc_rate": 1.0, "k": 3.0, "beta_enc": 0.21538002587326105, "gamma_fc": 0.22562801495841897, "beta_rec": 0.43255973065421194, "cue_position": 4.0}, "datetime": {"elapsed": 7695.462087, "delta": 46.592211, "datetime": "2021-04-07 13:23:36"}}
{"target": 7.5328888888888885, "params": {"enc_rate": 1.0, "k": 3.0, "beta_enc": 0.0, "gamma_fc": 0.7646652371935393, "beta_rec": 0.0, "cue_position": 4.0}, "datetime": {"elapsed": 7739.501414, "delta": 44.039327, "datetime": "2021-04-07 13:24:20"}}
{"target": 1.0, "params": {"enc_rate": 1.0, "k": 3.0, "beta_enc": 0.0, "gamma_fc": 0.0, "beta_rec": 1.0, "cue_position": 4.0}, "datetime": {"elapsed": 7763.394914, "delta": 23.8935, "datetime": "2021-04-07 13:24:44"}}
{"target": 7.62511111111111, "params": {"enc_rate": 1.0, "k": 3.0, "beta_enc": 0.07619980106433344, "gamma_fc": 0.07097313067405797, "beta_rec": 0.9644870492701536, "cue_position": 4.0}, "datetime": {"elapsed": 7822.27369, "delta": 58.878776, "datetime": "2021-04-07 13:25:42"}}
{"target": 7.581111111111111, "params": {"enc_rate": 1.0, "k": 3.0, "beta_enc": 0.06011398519142074, "gamma_fc": 0.0630702399219538, "beta_rec": 0.9678293873186762, "cue_position": 4.0}, "datetime": {"elapsed": 7875.606458, "delta": 53.332768, "datetime": "2021-04-07 13:26:36"}}
{"target": 7.573111111111112, "params": {"enc_rate": 1.0, "k": 3.0, "beta_enc": 0.08480284456033049, "gamma_fc": 0.07091358265026475, "beta_rec": 0.9661344901362132, "cue_position": 4.0}, "datetime": {"elapsed": 7928.563648, "delta": 52.95719, "datetime": "2021-04-07 13:27:29"}}
{"target": 7.605111111111111, "params": {"enc_rate": 1.0, "k": 3.0, "beta_enc": 0.07702904885284598, "gamma_fc": 0.08651509866882576, "beta_rec": 0.9566750454434604, "cue_position": 4.0}, "datetime": {"elapsed": 7982.33452, "delta": 53.770872, "datetime": "2021-04-07 13:28:22"}}
{"target": 7.569333333333333, "params": {"enc_rate": 1.0, "k": 3.0, "beta_enc": 0.058431235429531506, "gamma_fc": 0.1387152299255311, "beta_rec": 0.9974555013714168, "cue_position": 4.0}, "datetime": {"elapsed": 8034.574646, "delta": 52.240126, "datetime": "2021-04-07 13:29:15"}}
{"target": 7.603777777777779, "params": {"enc_rate": 1.0, "k": 3.0, "beta_enc": 0.055866788223635555, "gamma_fc": 0.05059500378669701, "beta_rec": 0.9725481720604787, "cue_position": 4.0}, "datetime": {"elapsed": 8091.064926, "delta": 56.49028, "datetime": "2021-04-07 13:30:11"}}
{"target": 7.646444444444444, "params": {"enc_rate": 1.0, "k": 3.0, "beta_enc": 0.05915209615089112, "gamma_fc": 0.07609675353817569, "beta_rec": 0.987420898749046, "cue_position": 4.0}, "datetime": {"elapsed": 8145.430015, "delta": 54.365089, "datetime": "2021-04-07 13:31:06"}}
{"target": 7.557555555555555, "params": {"enc_rate": 1.0, "k": 3.0, "beta_enc": 0.04069775717212027, "gamma_fc": 0.03386704036094948, "beta_rec": 0.3695088419623541, "cue_position": 4.0}, "datetime": {"elapsed": 8199.235211, "delta": 53.805196, "datetime": "2021-04-07 13:31:59"}}
{"target": 7.564222222222222, "params": {"enc_rate": 1.0, "k": 3.0, "beta_enc": 0.03741747964755612, "gamma_fc": 0.17027479615442478, "beta_rec": 0.7311755213910144, "cue_position": 4.0}, "datetime": {"elapsed": 8259.808941, "delta": 60.57373, "datetime": "2021-04-07 13:33:00"}}
{"target": 7.563111111111111, "params": {"enc_rate": 1.0, "k": 3.0, "beta_enc": 0.07194834907714254, "gamma_fc": 0.355151401831952, "beta_rec": 0.1570352839899973, "cue_position": 4.0}, "datetime": {"elapsed": 8312.532514, "delta": 52.723573, "datetime": "2021-04-07 13:33:53"}}
{"target": 7.536222222222223, "params": {"enc_rate": 1.0, "k": 3.0, "beta_enc": 0.14610979783112193, "gamma_fc": 0.7849818492596494, "beta_rec": 0.40959164329593944, "cue_position": 4.0}, "datetime": {"elapsed": 8370.491373, "delta": 57.958859, "datetime": "2021-04-07 13:34:51"}}
{"target": 7.561111111111112, "params": {"enc_rate": 1.0, "k": 3.0, "beta_enc": 0.06324740287240192, "gamma_fc": 0.9250068030612418, "beta_rec": 0.039266563153640785, "cue_position": 4.0}, "datetime": {"elapsed": 8423.863493, "delta": 53.37212, "datetime": "2021-04-07 13:35:44"}}
{"target": 7.566666666666667, "params": {"enc_rate": 1.0, "k": 3.0, "beta_enc": 0.05467383503447785, "gamma_fc": 0.8105927155675359, "beta_rec": 0.02991279590329044, "cue_position": 4.0}, "datetime": {"elapsed": 8477.090612, "delta": 53.227119, "datetime": "2021-04-07 13:36:37"}}
{"target": 7.521333333333333, "params": {"enc_rate": 1.0, "k": 3.0, "beta_enc": 0.10278361739575877, "gamma_fc": 0.4160110052740064, "beta_rec": 0.40045750847347555, "cue_position": 4.0}, "datetime": {"elapsed": 8530.097966, "delta": 53.007354, "datetime": "2021-04-07 13:37:30"}}
{"target": 7.558666666666667, "params": {"enc_rate": 1.0, "k": 3.0, "beta_enc": 0.09244182931195973, "gamma_fc": 0.47020344558485033, "beta_rec": 0.9417679688599983, "cue_position": 4.0}, "datetime": {"elapsed": 8583.167929, "delta": 53.069963, "datetime": "2021-04-07 13:38:23"}}
{"target": 7.563555555555555, "params": {"enc_rate": 1.0, "k": 3.0, "beta_enc": 0.09294337105064876, "gamma_fc": 0.5602094624115566, "beta_rec": 0.15635932115171058, "cue_position": 4.0}, "datetime": {"elapsed": 8637.306395, "delta": 54.138466, "datetime": "2021-04-07 13:39:17"}}
{"target": 7.5664444444444445, "params": {"enc_rate": 1.0, "k": 3.0, "beta_enc": 0.2484821173695933, "gamma_fc": 0.10319665929079988, "beta_rec": 0.1801826291140872, "cue_position": 4.0}, "datetime": {"elapsed": 8694.329809, "delta": 57.023414, "datetime": "2021-04-07 13:40:14"}}
