{"target": 6.355555555555555, "params": {"beta_enc": 0.417022004702574, "gamma_fc": 0.00011437481734488664, "primacy": 0.4, "beta_rec": 0.7203244934421581}, "datetime": {"datetime": "2020-09-17 21:39:24", "elapsed": 0.0, "delta": 0.0}}
{"target": 7.06, "params": {"beta_enc": 0.14675589081711304, "gamma_fc": 0.1862602113776709, "primacy": 0.4, "beta_rec": 0.0923385947687978}, "datetime": {"datetime": "2020-09-17 21:40:32", "elapsed": 67.19038, "delta": 67.19038}}
{"target": 6.858888888888889, "params": {"beta_enc": 0.39676747423066994, "gamma_fc": 0.4191945144032948, "primacy": 0.4, "beta_rec": 0.538816734003357}, "datetime": {"datetime": "2020-09-17 21:41:37", "elapsed": 132.906638, "delta": 65.716258}}
{"target": 6.876666666666667, "params": {"beta_enc": 0.20445224973151743, "gamma_fc": 0.027387593197926163, "primacy": 0.4, "beta_rec": 0.8781174363909454}, "datetime": {"datetime": "2020-09-17 21:42:43", "elapsed": 198.779966, "delta": 65.873328}}
{"target": 6.7, "params": {"beta_enc": 0.41730480236712697, "gamma_fc": 0.14038693859523377, "primacy": 0.4, "beta_rec": 0.5586898284457517}, "datetime": {"datetime": "2020-09-17 21:43:48", "elapsed": 263.397379, "delta": 64.617413}}
{"target": 6.554444444444444, "params": {"beta_enc": 0.8007445686755367, "gamma_fc": 0.31342417815924284, "primacy": 0.4, "beta_rec": 0.9682615757193975}, "datetime": {"datetime": "2020-09-17 21:44:52", "elapsed": 327.095571, "delta": 63.698192}}
{"target": 6.592222222222222, "params": {"beta_enc": 0.8763891522960383, "gamma_fc": 0.08504421136977791, "primacy": 0.4, "beta_rec": 0.8946066635038473}, "datetime": {"datetime": "2020-09-17 21:45:56", "elapsed": 391.117005, "delta": 64.021434}}
{"target": 6.973333333333334, "params": {"beta_enc": 0.1698304195645689, "gamma_fc": 0.0983468338330501, "primacy": 0.4, "beta_rec": 0.8781425034294131}, "datetime": {"datetime": "2020-09-17 21:47:02", "elapsed": 457.469221, "delta": 66.352216}}
{"target": 3.4755555555555557, "params": {"beta_enc": 0.9578895301505019, "gamma_fc": 0.6918771139504734, "primacy": 0.4, "beta_rec": 0.5331652849730171}, "datetime": {"datetime": "2020-09-17 21:47:45", "elapsed": 500.872579, "delta": 43.403358}}
{"target": 6.304444444444444, "params": {"beta_enc": 0.6865009276815837, "gamma_fc": 0.018288277344191806, "primacy": 0.4, "beta_rec": 0.8346256718973729}, "datetime": {"datetime": "2020-09-17 21:48:47", "elapsed": 562.874564, "delta": 62.001985}}
{"target": 4.832222222222223, "params": {"beta_enc": 0.9888610889064947, "gamma_fc": 0.2804439920644052, "primacy": 0.4, "beta_rec": 0.7481656543798394}, "datetime": {"datetime": "2020-09-17 21:49:40", "elapsed": 615.303086, "delta": 52.428522}}
{"target": 7.131111111111111, "params": {"beta_enc": 0.10322600657764203, "gamma_fc": 0.9085955030930956, "primacy": 0.4, "beta_rec": 0.44789352617590517}, "datetime": {"datetime": "2020-09-17 21:50:47", "elapsed": 682.929313, "delta": 67.626227}}
{"target": 6.916666666666667, "params": {"beta_enc": 0.28777533858634874, "gamma_fc": 0.019366957870297075, "primacy": 0.4, "beta_rec": 0.13002857211827767}, "datetime": {"datetime": "2020-09-17 21:51:51", "elapsed": 746.938731, "delta": 64.009418}}
{"target": 7.091111111111111, "params": {"beta_enc": 0.21162811600005904, "gamma_fc": 0.4915731592803383, "primacy": 0.4, "beta_rec": 0.2655466593722262}, "datetime": {"datetime": "2020-09-17 21:52:59", "elapsed": 814.200834, "delta": 67.262103}}
{"target": 5.964444444444444, "params": {"beta_enc": 0.5741176054920131, "gamma_fc": 0.5893055369032842, "primacy": 0.4, "beta_rec": 0.14672857490581015}, "datetime": {"datetime": "2020-09-17 21:53:59", "elapsed": 874.096138, "delta": 59.895304}}
{"target": 7.137777777777778, "params": {"beta_enc": 0.10233442882782584, "gamma_fc": 0.6944001577277451, "primacy": 0.4, "beta_rec": 0.4140559878195683}, "datetime": {"datetime": "2020-09-17 21:55:06", "elapsed": 941.663488, "delta": 67.56735}}
{"target": 7.082222222222223, "params": {"beta_enc": 0.04995345894608716, "gamma_fc": 0.6637946452197888, "primacy": 0.4, "beta_rec": 0.5358964059155116}, "datetime": {"datetime": "2020-09-17 21:56:13", "elapsed": 1008.690889, "delta": 67.027401}}
{"target": 3.261111111111111, "params": {"beta_enc": 0.9445947559908133, "gamma_fc": 0.9034019152878835, "primacy": 0.4, "beta_rec": 0.5865550405019929}, "datetime": {"datetime": "2020-09-17 21:56:55", "elapsed": 1050.646067, "delta": 41.955178}}
{"target": 7.108888888888889, "params": {"beta_enc": 0.13927634725075855, "gamma_fc": 0.3976768369855336, "primacy": 0.4, "beta_rec": 0.8073912887095238}, "datetime": {"datetime": "2020-09-17 21:58:02", "elapsed": 1117.958453, "delta": 67.312386}}
{"target": 3.578888888888889, "params": {"beta_enc": 0.9275085803960339, "gamma_fc": 0.7508121031361555, "primacy": 0.4, "beta_rec": 0.34776585974550656}, "datetime": {"datetime": "2020-09-17 21:58:47", "elapsed": 1162.135951, "delta": 44.177498}}
{"target": 4.334444444444444, "params": {"beta_enc": 0.8833060912058098, "gamma_fc": 0.7509424340273372, "primacy": 0.4, "beta_rec": 0.6236722070556089}, "datetime": {"datetime": "2020-09-17 21:59:36", "elapsed": 1211.139384, "delta": 49.003433}}
{"target": 7.093333333333334, "params": {"beta_enc": 0.2699278917650261, "gamma_fc": 0.4280911898712949, "primacy": 0.4, "beta_rec": 0.8958862181960668}, "datetime": {"datetime": "2020-09-17 22:00:36", "elapsed": 1271.068844, "delta": 59.92946}}
{"target": 6.361111111111111, "params": {"beta_enc": 0.6634414978184481, "gamma_fc": 0.11474597295337519, "primacy": 0.4, "beta_rec": 0.6216957202091218}, "datetime": {"datetime": "2020-09-17 22:01:27", "elapsed": 1322.443726, "delta": 51.374882}}
{"target": 6.775555555555556, "params": {"beta_enc": 0.4499121334799405, "gamma_fc": 0.40813680276128117, "primacy": 0.4, "beta_rec": 0.5783896143871318}, "datetime": {"datetime": "2020-09-17 22:02:21", "elapsed": 1376.136772, "delta": 53.693046}}
{"target": 5.1433333333333335, "params": {"beta_enc": 0.9033795205622538, "gamma_fc": 0.00287032703115897, "primacy": 0.4, "beta_rec": 0.5736794866722859}, "datetime": {"datetime": "2020-09-17 22:03:05", "elapsed": 1420.815449, "delta": 44.678677}}
{"target": 6.977777777777778, "params": {"beta_enc": 0.32664490177209615, "gamma_fc": 0.8859420993107745, "primacy": 0.4, "beta_rec": 0.5270581022576093}, "datetime": {"datetime": "2020-09-17 22:04:00", "elapsed": 1475.594176, "delta": 54.778727}}
{"target": 5.233333333333333, "params": {"beta_enc": 0.9085351509197992, "gamma_fc": 0.015821242846556283, "primacy": 0.4, "beta_rec": 0.6233601157918027}, "datetime": {"datetime": "2020-09-17 22:04:45", "elapsed": 1520.800462, "delta": 45.206286}}
{"target": 6.43, "params": {"beta_enc": 0.690896917516924, "gamma_fc": 0.17234050834532855, "primacy": 0.4, "beta_rec": 0.9973228504514805}, "datetime": {"datetime": "2020-09-17 22:05:37", "elapsed": 1572.640832, "delta": 51.84037}}
{"target": 5.596666666666667, "params": {"beta_enc": 0.9325954630371636, "gamma_fc": 0.06600017272206249, "primacy": 0.4, "beta_rec": 0.6968181614899002}, "datetime": {"datetime": "2020-09-17 22:06:24", "elapsed": 1619.845612, "delta": 47.20478}}
{"target": 5.87, "params": {"beta_enc": 0.7538761884612464, "gamma_fc": 0.7115247586284718, "primacy": 0.4, "beta_rec": 0.9230245355464833}, "datetime": {"datetime": "2020-09-17 22:07:14", "elapsed": 1669.951239, "delta": 50.105627}}
{"target": 7.118888888888889, "params": {"beta_enc": 0.01988013383979559, "gamma_fc": 0.028306488020794607, "primacy": 0.4, "beta_rec": 0.026210986877719278}, "datetime": {"datetime": "2020-09-17 22:08:22", "elapsed": 1737.395377, "delta": 67.444138}}
{"target": 4.726666666666667, "params": {"beta_enc": 0.860027948682888, "gamma_fc": 0.5528219786857659, "primacy": 0.4, "beta_rec": 0.5388310643416528}, "datetime": {"datetime": "2020-09-17 22:09:14", "elapsed": 1789.133143, "delta": 51.737766}}
{"target": 7.177777777777778, "params": {"beta_enc": 0.12417331511991114, "gamma_fc": 0.5857592714582879, "primacy": 0.4, "beta_rec": 0.2791836790111395}, "datetime": {"datetime": "2020-09-17 22:10:21", "elapsed": 1856.966666, "delta": 67.833523}}
{"target": 5.624444444444444, "params": {"beta_enc": 0.56103021925571, "gamma_fc": 0.8006326726806163, "primacy": 0.4, "beta_rec": 0.01864728937294302}, "datetime": {"datetime": "2020-09-17 22:11:19", "elapsed": 1914.692381, "delta": 57.725715}}
{"target": 4.637777777777778, "params": {"beta_enc": 0.8071051956187791, "gamma_fc": 0.8635418545594287, "primacy": 0.4, "beta_rec": 0.38786064406417176}, "datetime": {"datetime": "2020-09-17 22:12:10", "elapsed": 1965.7597, "delta": 51.067319}}
{"target": 5.785555555555556, "params": {"beta_enc": 0.5562402339904189, "gamma_fc": 0.05991768951221166, "primacy": 0.4, "beta_rec": 0.13645522566068502}, "datetime": {"datetime": "2020-09-17 22:13:09", "elapsed": 2024.525846, "delta": 58.766146}}
{"target": 7.147777777777778, "params": {"beta_enc": 0.044551878544761725, "gamma_fc": 0.2257093386078547, "primacy": 0.4, "beta_rec": 0.1074941291060929}, "datetime": {"datetime": "2020-09-17 22:14:17", "elapsed": 2092.097253, "delta": 67.571407}}
{"target": 5.6322222222222225, "params": {"beta_enc": 0.5597169820541424, "gamma_fc": 0.07197427968948678, "primacy": 0.4, "beta_rec": 0.012555980159115854}, "datetime": {"datetime": "2020-09-17 22:15:14", "elapsed": 2149.882631, "delta": 57.785378}}
{"target": 6.047777777777778, "params": {"beta_enc": 0.5681004619199421, "gamma_fc": 0.2523257445703234, "primacy": 0.4, "beta_rec": 0.20329323466099047}, "datetime": {"datetime": "2020-09-17 22:16:15", "elapsed": 2210.18151, "delta": 60.298879}}
{"target": 7.165555555555556, "params": {"beta_enc": 0.1954294811093188, "gamma_fc": 0.9700199890883123, "primacy": 0.4, "beta_rec": 0.5813589272732578}, "datetime": {"datetime": "2020-09-17 22:17:22", "elapsed": 2277.96324, "delta": 67.78173}}
{"target": 7.052222222222222, "params": {"beta_enc": 0.23984775914758616, "gamma_fc": 0.6199557183813798, "primacy": 0.4, "beta_rec": 0.49376971426872995}, "datetime": {"datetime": "2020-09-17 22:18:29", "elapsed": 2344.823016, "delta": 66.859776}}
{"target": 7.035555555555556, "params": {"beta_enc": 0.15679139464608427, "gamma_fc": 0.07002214371922233, "primacy": 0.4, "beta_rec": 0.018576202177409518}, "datetime": {"datetime": "2020-09-17 22:19:36", "elapsed": 2411.786313, "delta": 66.963297}}
{"target": 6.377777777777778, "params": {"beta_enc": 0.6063294616533303, "gamma_fc": 0.31736240932216075, "primacy": 0.4, "beta_rec": 0.5688514370864813}, "datetime": {"datetime": "2020-09-17 22:20:39", "elapsed": 2474.362488, "delta": 62.576175}}
{"target": 6.224444444444444, "params": {"beta_enc": 0.5797452192457969, "gamma_fc": 0.5509482191178968, "primacy": 0.4, "beta_rec": 0.3801411726235504}, "datetime": {"datetime": "2020-09-17 22:21:39", "elapsed": 2534.411415, "delta": 60.048927}}
{"target": 5.538888888888889, "params": {"beta_enc": 0.6692328934531846, "gamma_fc": 0.06633483442844157, "primacy": 0.4, "beta_rec": 0.2649195576628094}, "datetime": {"datetime": "2020-09-17 22:22:36", "elapsed": 2591.463045, "delta": 57.05163}}
{"target": 5.771111111111111, "params": {"beta_enc": 0.6297175070215645, "gamma_fc": 0.7527555537388139, "primacy": 0.4, "beta_rec": 0.2101740099148396}, "datetime": {"datetime": "2020-09-17 22:23:35", "elapsed": 2650.194504, "delta": 58.731459}}
{"target": 6.87, "params": {"beta_enc": 0.26031509857854096, "gamma_fc": 0.19343428262332774, "primacy": 0.4, "beta_rec": 0.8047545637433454}, "datetime": {"datetime": "2020-09-17 22:24:41", "elapsed": 2716.092951, "delta": 65.898447}}
{"target": 6.633333333333334, "params": {"beta_enc": 0.5246703091237337, "gamma_fc": 0.263296770487111, "primacy": 0.4, "beta_rec": 0.9248079703993507}, "datetime": {"datetime": "2020-09-17 22:25:45", "elapsed": 2780.366562, "delta": 64.273611}}
{"target": 5.69, "params": {"beta_enc": 0.7350659632886695, "gamma_fc": 0.907815852503524, "primacy": 0.4, "beta_rec": 0.7721780295432468}, "datetime": {"datetime": "2020-09-17 22:26:43", "elapsed": 2838.407045, "delta": 58.040483}}
{"target": 7.131111111111111, "params": {"beta_enc": 0.013951572975597015, "gamma_fc": 0.6167783570016576, "primacy": 0.4, "beta_rec": 0.2343620861214205}, "datetime": {"datetime": "2020-09-17 22:27:50", "elapsed": 2905.833188, "delta": 67.426143}}
{"target": 3.1266666666666665, "params": {"beta_enc": 0.9501761192470797, "gamma_fc": 0.9156063497662745, "primacy": 0.4, "beta_rec": 0.5566531881951564}, "datetime": {"datetime": "2020-09-17 22:28:31", "elapsed": 2946.901044, "delta": 41.067856}}
{"target": 6.937777777777778, "params": {"beta_enc": 0.39000771414124624, "gamma_fc": 0.6043104829199732, "primacy": 0.4, "beta_rec": 0.48599066709690975}, "datetime": {"datetime": "2020-09-17 22:29:38", "elapsed": 3013.167497, "delta": 66.266453}}
{"target": 5.891111111111111, "params": {"beta_enc": 0.9261814267064536, "gamma_fc": 0.3948756129235549, "primacy": 0.4, "beta_rec": 0.9187334356336061}, "datetime": {"datetime": "2020-09-17 22:30:37", "elapsed": 3072.60434, "delta": 59.436843}}
{"target": 6.9688888888888885, "params": {"beta_enc": 0.17395566668046436, "gamma_fc": 0.13507915804673132, "primacy": 0.4, "beta_rec": 0.12632951943963733}, "datetime": {"datetime": "2020-09-17 22:31:44", "elapsed": 3139.359965, "delta": 66.755625}}
{"target": 7.051111111111111, "params": {"beta_enc": 0.021524805274197978, "gamma_fc": 0.8271154711707325, "primacy": 0.4, "beta_rec": 0.947970211217681}, "datetime": {"datetime": "2020-09-17 22:32:51", "elapsed": 3206.529717, "delta": 67.169752}}
{"target": 7.16, "params": {"beta_enc": 0.17619625557505525, "gamma_fc": 0.1309968448109169, "primacy": 0.4, "beta_rec": 0.332063574366837}, "datetime": {"datetime": "2020-09-17 22:33:59", "elapsed": 3274.410723, "delta": 67.881006}}
{"target": 6.955555555555556, "params": {"beta_enc": 0.34473665268329345, "gamma_fc": 0.58201417994708, "primacy": 0.4, "beta_rec": 0.9401074823333672}, "datetime": {"datetime": "2020-09-17 22:35:05", "elapsed": 3341.007704, "delta": 66.596981}}
{"target": 5.903333333333333, "params": {"beta_enc": 0.8447344453922219, "gamma_fc": 0.45988026581680697, "primacy": 0.4, "beta_rec": 0.9053923187086492}, "datetime": {"datetime": "2020-09-17 22:36:05", "elapsed": 3400.619038, "delta": 59.611334}}
{"target": 4.838888888888889, "params": {"beta_enc": 0.7986035911520394, "gamma_fc": 0.4902535226199277, "primacy": 0.4, "beta_rec": 0.28571885173414757}, "datetime": {"datetime": "2020-09-17 22:36:58", "elapsed": 3453.27649, "delta": 52.657452}}
{"target": 7.2011111111111115, "params": {"beta_enc": 0.015533275550835723, "gamma_fc": 0.4336763489894583, "primacy": 0.4, "beta_rec": 0.5934814081966372}, "datetime": {"datetime": "2020-09-17 22:38:06", "elapsed": 3521.308903, "delta": 68.032413}}
{"target": 6.984444444444445, "params": {"beta_enc": 0.31524480309537295, "gamma_fc": 0.5778572152845355, "primacy": 0.4, "beta_rec": 0.8928887085251513}, "datetime": {"datetime": "2020-09-17 22:39:12", "elapsed": 3587.988555, "delta": 66.679652}}
{"target": 6.038888888888889, "params": {"beta_enc": 0.7879292338255043, "gamma_fc": 0.053909272073752956, "primacy": 0.4, "beta_rec": 0.6120311770449339}, "datetime": {"datetime": "2020-09-17 22:40:13", "elapsed": 3648.458699, "delta": 60.470144}}
{"target": 6.022222222222222, "params": {"beta_enc": 0.6790688365654296, "gamma_fc": 0.00040202489135743313, "primacy": 0.4, "beta_rec": 0.9186017779775258}, "datetime": {"datetime": "2020-09-17 22:41:13", "elapsed": 3708.903126, "delta": 60.444427}}
{"target": 6.996666666666667, "params": {"beta_enc": 0.37658031474577447, "gamma_fc": 0.604716100974053, "primacy": 0.4, "beta_rec": 0.9737835383583225}, "datetime": {"datetime": "2020-09-17 22:42:20", "elapsed": 3775.641783, "delta": 66.738657}}
{"target": 6.473333333333334, "params": {"beta_enc": 0.5747115047081023, "gamma_fc": 0.28557628169569393, "primacy": 0.4, "beta_rec": 0.6280761983073504}, "datetime": {"datetime": "2020-09-17 22:43:23", "elapsed": 3838.929084, "delta": 63.287301}}
{"target": 5.811111111111111, "params": {"beta_enc": 0.7500217637026599, "gamma_fc": 0.7550821884676802, "primacy": 0.4, "beta_rec": 0.8583138364290424}, "datetime": {"datetime": "2020-09-17 22:44:22", "elapsed": 3897.802868, "delta": 58.873784}}
{"target": 4.463333333333333, "params": {"beta_enc": 0.8644794300545998, "gamma_fc": 0.6707887907875872, "primacy": 0.4, "beta_rec": 0.32268099683674645}, "datetime": {"datetime": "2020-09-17 22:45:12", "elapsed": 3947.135361, "delta": 49.332493}}
{"target": 6.916666666666667, "params": {"beta_enc": 0.3821027520315172, "gamma_fc": 0.4014795834695406, "primacy": 0.4, "beta_rec": 0.4108113499221856}, "datetime": {"datetime": "2020-09-17 22:46:06", "elapsed": 4001.672349, "delta": 54.536988}}
{"target": 6.114444444444445, "params": {"beta_enc": 0.6219193679203014, "gamma_fc": 0.9738020779272523, "primacy": 0.4, "beta_rec": 0.43024727082126435}, "datetime": {"datetime": "2020-09-17 22:46:56", "elapsed": 4051.740205, "delta": 50.067856}}
{"target": 7.064444444444445, "params": {"beta_enc": 0.19856988842711087, "gamma_fc": 0.343346239774423, "primacy": 0.4, "beta_rec": 0.4267010093480328}, "datetime": {"datetime": "2020-09-17 22:47:51", "elapsed": 4107.030453, "delta": 55.290248}}
{"target": 4.995555555555556, "params": {"beta_enc": 0.8799982885634318, "gamma_fc": 0.6627198123752622, "primacy": 0.4, "beta_rec": 0.903841955826372}, "datetime": {"datetime": "2020-09-17 22:48:36", "elapsed": 4151.085498, "delta": 44.055045}}
{"target": 7.0088888888888885, "params": {"beta_enc": 0.25236670150458973, "gamma_fc": 0.5277146463087466, "primacy": 0.4, "beta_rec": 0.8548979426974024}, "datetime": {"datetime": "2020-09-17 22:49:31", "elapsed": 4206.110708, "delta": 55.02521}}
{"target": 6.595555555555555, "params": {"beta_enc": 0.5724885171916063, "gamma_fc": 0.5190116274640558, "primacy": 0.4, "beta_rec": 0.7331425252875111}, "datetime": {"datetime": "2020-09-17 22:50:23", "elapsed": 4258.956505, "delta": 52.845797}}
{"target": 6.48, "params": {"beta_enc": 0.5688579907047155, "gamma_fc": 0.3426889079532818, "primacy": 0.4, "beta_rec": 0.4657098785919809}, "datetime": {"datetime": "2020-09-17 22:51:17", "elapsed": 4312.271894, "delta": 53.315389}}
{"target": 6.751111111111111, "params": {"beta_enc": 0.37792417932809985, "gamma_fc": 0.982817113730445, "primacy": 0.4, "beta_rec": 0.07962607769825236}, "datetime": {"datetime": "2020-09-17 22:52:11", "elapsed": 4366.471919, "delta": 54.200025}}
{"target": 5.558888888888889, "params": {"beta_enc": 0.8118586977205398, "gamma_fc": 0.6884132523859433, "primacy": 0.4, "beta_rec": 0.8749616449558981}, "datetime": {"datetime": "2020-09-17 22:52:58", "elapsed": 4413.5941, "delta": 47.122181}}
{"target": 7.123333333333333, "params": {"beta_enc": 0.16097143681560877, "gamma_fc": 0.345172051155215, "primacy": 0.4, "beta_rec": 0.4668800227633063}, "datetime": {"datetime": "2020-09-17 22:53:54", "elapsed": 4469.239116, "delta": 55.645016}}
{"target": 6.111111111111111, "params": {"beta_enc": 0.5925118687657968, "gamma_fc": 0.9163055534683507, "primacy": 0.4, "beta_rec": 0.31226983770191696}, "datetime": {"datetime": "2020-09-17 22:54:44", "elapsed": 4519.164462, "delta": 49.925346}}
{"target": 7.024444444444445, "params": {"beta_enc": 0.2571182937821962, "gamma_fc": 0.19296273201911285, "primacy": 0.4, "beta_rec": 0.1108913007440292}, "datetime": {"datetime": "2020-09-17 22:55:45", "elapsed": 4580.842561, "delta": 61.678099}}
{"target": 5.282222222222222, "params": {"beta_enc": 0.7285856679745962, "gamma_fc": 0.24803355837723073, "primacy": 0.4, "beta_rec": 0.20819443840879148}, "datetime": {"datetime": "2020-09-17 22:56:41", "elapsed": 4636.328014, "delta": 55.485453}}
{"target": 6.63, "params": {"beta_enc": 0.41584871826752734, "gamma_fc": 0.23366613923925006, "primacy": 0.4, "beta_rec": 0.6166850671552362}, "datetime": {"datetime": "2020-09-17 22:57:45", "elapsed": 4700.613646, "delta": 64.285632}}
{"target": 6.5055555555555555, "params": {"beta_enc": 0.5158570169685298, "gamma_fc": 0.15267164409316325, "primacy": 0.4, "beta_rec": 0.47714098704978236}, "datetime": {"datetime": "2020-09-17 22:58:48", "elapsed": 4763.922773, "delta": 63.309127}}
{"target": 6.624444444444444, "params": {"beta_enc": 0.5440101188139381, "gamma_fc": 0.1445455401246598, "primacy": 0.4, "beta_rec": 0.6541373469707443}, "datetime": {"datetime": "2020-09-17 22:59:52", "elapsed": 4827.974132, "delta": 64.051359}}
{"target": 7.025555555555556, "params": {"beta_enc": 0.2220491397999227, "gamma_fc": 0.7852960282216189, "primacy": 0.4, "beta_rec": 0.519351824366033}, "datetime": {"datetime": "2020-09-17 23:00:59", "elapsed": 4894.817118, "delta": 66.842986}}
{"target": 7.05, "params": {"beta_enc": 0.3243624597261865, "gamma_fc": 0.8447096076020696, "primacy": 0.4, "beta_rec": 0.872922376400111}, "datetime": {"datetime": "2020-09-17 23:02:06", "elapsed": 4961.890926, "delta": 67.073808}}
{"target": 4.545555555555556, "params": {"beta_enc": 0.866608274166513, "gamma_fc": 0.8264069976293413, "primacy": 0.4, "beta_rec": 0.9498059913536265}, "datetime": {"datetime": "2020-09-17 23:02:57", "elapsed": 5012.374022, "delta": 50.483096}}
{"target": 7.084444444444444, "params": {"beta_enc": 0.09874340182034835, "gamma_fc": 0.703516988152653, "primacy": 0.4, "beta_rec": 0.651304332340991}, "datetime": {"datetime": "2020-09-17 23:04:04", "elapsed": 5079.542191, "delta": 67.168169}}
{"target": 4.058888888888889, "params": {"beta_enc": 0.799615261736028, "gamma_fc": 0.7702387345549799, "primacy": 0.4, "beta_rec": 0.03457121987163425}, "datetime": {"datetime": "2020-09-17 23:04:51", "elapsed": 5126.786127, "delta": 47.243936}}
{"target": 7.035555555555556, "params": {"beta_enc": 0.2596983932983531, "gamma_fc": 0.6323033174301278, "primacy": 0.4, "beta_rec": 0.2570692988221467}, "datetime": {"datetime": "2020-09-17 23:05:58", "elapsed": 5193.615348, "delta": 66.829221}}
