{"target": 7.570833333333334, "params": {"gamma_cf": 0.30233257263183977, "beta_enc": 0.417022004702574, "beta_rec": 0.7203244934421581, "cue_position": 1.0, "gamma_fc": 0.14675589081711304}, "datetime": {"delta": 0.0, "datetime": "2020-06-24 17:14:38", "elapsed": 0.0}}
{"target": 9.670833333333333, "params": {"gamma_cf": 0.39676747423066994, "beta_enc": 0.0923385947687978, "beta_rec": 0.1862602113776709, "cue_position": 1.0, "gamma_fc": 0.538816734003357}, "datetime": {"delta": 25.137017, "datetime": "2020-06-24 17:15:03", "elapsed": 25.137017}}
{"target": 9.420833333333333, "params": {"gamma_cf": 0.8781174363909454, "beta_enc": 0.4191945144032948, "beta_rec": 0.6852195003967595, "cue_position": 1.0, "gamma_fc": 0.027387593197926163}, "datetime": {"delta": 24.824597, "datetime": "2020-06-24 17:15:28", "elapsed": 49.961614}}
{"target": 6.458333333333333, "params": {"gamma_cf": 0.14038693859523377, "beta_enc": 0.6704675101784022, "beta_rec": 0.41730480236712697, "cue_position": 1.0, "gamma_fc": 0.1981014890848788}, "datetime": {"delta": 19.354512, "datetime": "2020-06-24 17:15:47", "elapsed": 69.316126}}
{"target": 6.7625, "params": {"gamma_cf": 0.6923226156693141, "beta_enc": 0.8007445686755367, "beta_rec": 0.9682615757193975, "cue_position": 1.0, "gamma_fc": 0.8763891522960383}, "datetime": {"delta": 19.938444, "datetime": "2020-06-24 17:16:07", "elapsed": 89.25457}}
{"target": 5.408333333333333, "params": {"gamma_cf": 0.1698304195645689, "beta_enc": 0.8946066635038473, "beta_rec": 0.08504421136977791, "cue_position": 1.0, "gamma_fc": 0.8781425034294131}, "datetime": {"delta": 17.49037, "datetime": "2020-06-24 17:16:25", "elapsed": 106.74494}}
{"target": 10.166666666666666, "params": {"gamma_cf": 0.5331652849730171, "beta_enc": 0.0983468338330501, "beta_rec": 0.42110762500505217, "cue_position": 1.0, "gamma_fc": 0.6918771139504734}, "datetime": {"delta": 26.153816, "datetime": "2020-06-24 17:16:51", "elapsed": 132.898756}}
{"target": 8.116666666666667, "params": {"gamma_cf": 0.018288277344191806, "beta_enc": 0.31551563100606295, "beta_rec": 0.6865009276815837, "cue_position": 1.0, "gamma_fc": 0.7501443149449675}, "datetime": {"delta": 22.443342, "datetime": "2020-06-24 17:17:13", "elapsed": 155.342098}}
{"target": 2.5208333333333335, "params": {"gamma_cf": 0.7892793284514885, "beta_enc": 0.9888610889064947, "beta_rec": 0.7481656543798394, "cue_position": 1.0, "gamma_fc": 0.10322600657764203}, "datetime": {"delta": 12.325569, "datetime": "2020-06-24 17:17:26", "elapsed": 167.667667}}
{"target": 7.529166666666667, "params": {"gamma_cf": 0.28777533858634874, "beta_enc": 0.44789352617590517, "beta_rec": 0.9085955030930956, "cue_position": 1.0, "gamma_fc": 0.13002857211827767}, "datetime": {"delta": 21.379651, "datetime": "2020-06-24 17:17:47", "elapsed": 189.047318}}
{"target": 8.745833333333334, "params": {"gamma_cf": 0.2655466593722262, "beta_enc": 0.019366957870297075, "beta_rec": 0.678835532939891, "cue_position": 1.0, "gamma_fc": 0.4915731592803383}, "datetime": {"delta": 23.795988, "datetime": "2020-06-24 17:18:11", "elapsed": 212.843306}}
{"target": 10.204166666666667, "params": {"gamma_cf": 0.5893055369032842, "beta_enc": 0.053362545117080384, "beta_rec": 0.5741176054920131, "cue_position": 1.0, "gamma_fc": 0.6997583600209312}, "datetime": {"delta": 26.347795, "datetime": "2020-06-24 17:18:37", "elapsed": 239.191101}}
{"target": 8.570833333333333, "params": {"gamma_cf": 0.41417926952690265, "beta_enc": 0.10233442882782584, "beta_rec": 0.4140559878195683, "cue_position": 1.0, "gamma_fc": 0.04995345894608716}, "datetime": {"delta": 23.358265, "datetime": "2020-06-24 17:19:00", "elapsed": 262.549366}}
{"target": 9.295833333333333, "params": {"gamma_cf": 0.9445947559908133, "beta_enc": 0.5358964059155116, "beta_rec": 0.6637946452197888, "cue_position": 1.0, "gamma_fc": 0.5865550405019929}, "datetime": {"delta": 24.542932, "datetime": "2020-06-24 17:19:25", "elapsed": 287.092298}}
{"target": 3.7291666666666665, "params": {"gamma_cf": 0.8073912887095238, "beta_enc": 0.9034019152878835, "beta_rec": 0.13747470414623753, "cue_position": 1.0, "gamma_fc": 0.3976768369855336}, "datetime": {"delta": 14.532582, "datetime": "2020-06-24 17:19:40", "elapsed": 301.62488}}
{"target": 10.383333333333333, "params": {"gamma_cf": 0.7508121031361555, "beta_enc": 0.16535419711693278, "beta_rec": 0.9275085803960339, "cue_position": 1.0, "gamma_fc": 0.7259979853504515}, "datetime": {"delta": 26.660773, "datetime": "2020-06-24 17:20:06", "elapsed": 328.285653}}
{"target": 5.170833333333333, "params": {"gamma_cf": 0.34889834197784253, "beta_enc": 0.8833060912058098, "beta_rec": 0.6236722070556089, "cue_position": 1.0, "gamma_fc": 0.2699278917650261}, "datetime": {"delta": 17.016367, "datetime": "2020-06-24 17:20:23", "elapsed": 345.30202}}
{"target": 4.85, "params": {"gamma_cf": 0.6634414978184481, "beta_enc": 0.8958862181960668, "beta_rec": 0.4280911898712949, "cue_position": 1.0, "gamma_fc": 0.6216957202091218}, "datetime": {"delta": 16.556388, "datetime": "2020-06-24 17:20:40", "elapsed": 361.858408}}
{"target": 9.970833333333333, "params": {"gamma_cf": 0.5783896143871318, "beta_enc": 0.11474597295337519, "beta_rec": 0.9494892587070712, "cue_position": 1.0, "gamma_fc": 0.40813680276128117}, "datetime": {"delta": 25.764232, "datetime": "2020-06-24 17:21:06", "elapsed": 387.62264}}
{"target": 8.041666666666666, "params": {"gamma_cf": 0.00287032703115897, "beta_enc": 0.2370269802430277, "beta_rec": 0.9033795205622538, "cue_position": 1.0, "gamma_fc": 0.6171449136207239}, "datetime": {"delta": 22.336255, "datetime": "2020-06-24 17:21:28", "elapsed": 409.958895}}
{"target": 9.241666666666667, "params": {"gamma_cf": 0.35726976000249977, "beta_enc": 0.32664490177209615, "beta_rec": 0.5270581022576093, "cue_position": 1.0, "gamma_fc": 0.9085351509197992}, "datetime": {"delta": 24.525545, "datetime": "2020-06-24 17:21:52", "elapsed": 434.48444}}
{"target": 6.316666666666666, "params": {"gamma_cf": 0.690896917516924, "beta_enc": 0.6233601157918027, "beta_rec": 0.015821242846556283, "cue_position": 1.0, "gamma_fc": 0.9973228504514805}, "datetime": {"delta": 19.017089, "datetime": "2020-06-24 17:22:11", "elapsed": 453.501529}}
{"target": 9.991666666666667, "params": {"gamma_cf": 0.6968181614899002, "beta_enc": 0.17234050834532855, "beta_rec": 0.13713574962887776, "cue_position": 1.0, "gamma_fc": 0.06600017272206249}, "datetime": {"delta": 27.064594, "datetime": "2020-06-24 17:22:38", "elapsed": 480.566123}}
{"target": 6.654166666666667, "params": {"gamma_cf": 0.7115247586284718, "beta_enc": 0.7554630526024664, "beta_rec": 0.7538761884612464, "cue_position": 1.0, "gamma_fc": 0.1242709619721647}, "datetime": {"delta": 20.043857, "datetime": "2020-06-24 17:22:59", "elapsed": 500.60998}}
{"target": 10.629166666666666, "params": {"gamma_cf": 0.2462110676030459, "beta_enc": 0.01988013383979559, "beta_rec": 0.026210986877719278, "cue_position": 1.0, "gamma_fc": 0.860027948682888}, "datetime": {"delta": 26.864772, "datetime": "2020-06-24 17:23:25", "elapsed": 527.474752}}
{"target": 6.870833333333334, "params": {"gamma_cf": 0.12417331511991114, "beta_enc": 0.5388310643416528, "beta_rec": 0.5528219786857659, "cue_position": 1.0, "gamma_fc": 0.2791836790111395}, "datetime": {"delta": 20.200649, "datetime": "2020-06-24 17:23:46", "elapsed": 547.675401}}
{"target": 8.029166666666667, "params": {"gamma_cf": 0.01864728937294302, "beta_enc": 0.5857592714582879, "beta_rec": 0.9695957483196745, "cue_position": 1.0, "gamma_fc": 0.8006326726806163}, "datetime": {"delta": 22.188423, "datetime": "2020-06-24 17:24:08", "elapsed": 569.863824}}
{"target": 10.279166666666667, "params": {"gamma_cf": 0.8635418545594287, "beta_enc": 0.23297427384102043, "beta_rec": 0.8071051956187791, "cue_position": 1.0, "gamma_fc": 0.7471216427371846}, "datetime": {"delta": 26.47895, "datetime": "2020-06-24 17:24:34", "elapsed": 596.342774}}
{"target": 6.804166666666666, "params": {"gamma_cf": 0.12134345574073735, "beta_enc": 0.5562402339904189, "beta_rec": 0.13645522566068502, "cue_position": 1.0, "gamma_fc": 0.044551878544761725}, "datetime": {"delta": 20.252211, "datetime": "2020-06-24 17:24:54", "elapsed": 616.594985}}
{"target": 9.6625, "params": {"gamma_cf": 0.5597169820541424, "beta_enc": 0.1074941291060929, "beta_rec": 0.2257093386078547, "cue_position": 1.0, "gamma_fc": 0.012555980159115854}, "datetime": {"delta": 25.467645, "datetime": "2020-06-24 17:25:20", "elapsed": 642.06263}}
{"target": 7.516666666666667, "params": {"gamma_cf": 0.20329323466099047, "beta_enc": 0.07197427968948678, "beta_rec": 0.967276330000272, "cue_position": 1.0, "gamma_fc": 0.2523257445703234}, "datetime": {"delta": 21.635451, "datetime": "2020-06-24 17:25:42", "elapsed": 663.698081}}
{"target": 5.5375, "params": {"gamma_cf": 0.9700199890883123, "beta_enc": 0.7438258540750929, "beta_rec": 0.1954294811093188, "cue_position": 1.0, "gamma_fc": 0.8468288014900353}, "datetime": {"delta": 18.005925, "datetime": "2020-06-24 17:26:00", "elapsed": 681.704006}}
{"target": 9.879166666666666, "params": {"gamma_cf": 0.8289808995501787, "beta_enc": 0.23984775914758616, "beta_rec": 0.49376971426872995, "cue_position": 1.0, "gamma_fc": 0.15679139464608427}, "datetime": {"delta": 25.586578, "datetime": "2020-06-24 17:26:25", "elapsed": 707.290584}}
{"target": 10.2625, "params": {"gamma_cf": 0.6063294616533303, "beta_enc": 0.018576202177409518, "beta_rec": 0.07002214371922233, "cue_position": 1.0, "gamma_fc": 0.5688514370864813}, "datetime": {"delta": 26.041774, "datetime": "2020-06-24 17:26:51", "elapsed": 733.332358}}
{"target": 9.3875, "params": {"gamma_cf": 0.3801411726235504, "beta_enc": 0.31736240932216075, "beta_rec": 0.9886161544124489, "cue_position": 1.0, "gamma_fc": 0.5509482191178968}, "datetime": {"delta": 24.636377, "datetime": "2020-06-24 17:27:16", "elapsed": 757.968735}}
{"target": 6.7375, "params": {"gamma_cf": 0.06633483442844157, "beta_enc": 0.7453344309065021, "beta_rec": 0.6692328934531846, "cue_position": 1.0, "gamma_fc": 0.3700841979141063}, "datetime": {"delta": 19.835068, "datetime": "2020-06-24 17:27:36", "elapsed": 777.803803}}
{"target": 6.554166666666666, "params": {"gamma_cf": 0.06653648135411494, "beta_enc": 0.6297175070215645, "beta_rec": 0.2101740099148396, "cue_position": 1.0, "gamma_fc": 0.26031509857854096}, "datetime": {"delta": 19.792704, "datetime": "2020-06-24 17:27:55", "elapsed": 797.596507}}
{"target": 6.375, "params": {"gamma_cf": 0.5246703091237337, "beta_enc": 0.8047545637433454, "beta_rec": 0.19343428262332774, "cue_position": 1.0, "gamma_fc": 0.9248079703993507}, "datetime": {"delta": 19.509428, "datetime": "2020-06-24 17:28:15", "elapsed": 817.105935}}
{"target": 9.85, "params": {"gamma_cf": 0.7721780295432468, "beta_enc": 0.263296770487111, "beta_rec": 0.06596109068402378, "cue_position": 1.0, "gamma_fc": 0.907815852503524}, "datetime": {"delta": 25.692733, "datetime": "2020-06-24 17:28:41", "elapsed": 842.798668}}
{"target": 3.720833333333333, "params": {"gamma_cf": 0.6167783570016576, "beta_enc": 0.9319720691968373, "beta_rec": 0.013951572975597015, "cue_position": 1.0, "gamma_fc": 0.9490163206876164}, "datetime": {"delta": 14.796568, "datetime": "2020-06-24 17:28:55", "elapsed": 857.595236}}
{"target": 3.816666666666667, "params": {"gamma_cf": 0.6415662089463375, "beta_enc": 0.9501761192470797, "beta_rec": 0.5566531881951564, "cue_position": 1.0, "gamma_fc": 0.39000771414124624}, "datetime": {"delta": 14.87457, "datetime": "2020-06-24 17:29:10", "elapsed": 872.469806}}
{"target": 9.433333333333334, "params": {"gamma_cf": 0.9261814267064536, "beta_enc": 0.48599066709690975, "beta_rec": 0.6043104829199732, "cue_position": 1.0, "gamma_fc": 0.9187334356336061}, "datetime": {"delta": 24.860329, "datetime": "2020-06-24 17:29:35", "elapsed": 897.330135}}
{"target": 6.2375, "params": {"gamma_cf": 0.12632951943963733, "beta_enc": 0.3948756129235549, "beta_rec": 0.9632625284407118, "cue_position": 1.0, "gamma_fc": 0.13507915804673132}, "datetime": {"delta": 19.131975, "datetime": "2020-06-24 17:29:54", "elapsed": 916.46211}}
{"target": 7.416666666666667, "params": {"gamma_cf": 0.8271154711707325, "beta_enc": 0.5056621656768967, "beta_rec": 0.021524805274197978, "cue_position": 1.0, "gamma_fc": 0.015018980742122379}, "datetime": {"delta": 21.249827, "datetime": "2020-06-24 17:30:16", "elapsed": 937.711937}}
{"target": 10.254166666666666, "params": {"gamma_cf": 0.8094906921265821, "beta_enc": 0.17619625557505525, "beta_rec": 0.332063574366837, "cue_position": 1.0, "gamma_fc": 0.34473665268329345}, "datetime": {"delta": 26.224202, "datetime": "2020-06-24 17:30:42", "elapsed": 963.936139}}
{"target": 3.6625, "params": {"gamma_cf": 0.8447344453922219, "beta_enc": 0.9401074823333672, "beta_rec": 0.58201417994708, "cue_position": 1.0, "gamma_fc": 0.9053923187086492}, "datetime": {"delta": 14.418504, "datetime": "2020-06-24 17:30:56", "elapsed": 978.354643}}
{"target": 8.345833333333333, "params": {"gamma_cf": 0.28571885173414757, "beta_enc": 0.45988026581680697, "beta_rec": 0.5463468160203733, "cue_position": 1.0, "gamma_fc": 0.4902535226199277}, "datetime": {"delta": 22.893877, "datetime": "2020-06-24 17:31:19", "elapsed": 1001.24852}}
{"target": 7.116666666666666, "params": {"gamma_cf": 0.4336763489894583, "beta_enc": 0.5991103076458784, "beta_rec": 0.015533275550835723, "cue_position": 1.0, "gamma_fc": 0.8073605288848414}, "datetime": {"delta": 20.892736, "datetime": "2020-06-24 17:31:40", "elapsed": 1022.141256}}
{"target": 9.154166666666667, "params": {"gamma_cf": 0.18401020162746506, "beta_enc": 0.31524480309537295, "beta_rec": 0.8928887085251513, "cue_position": 1.0, "gamma_fc": 0.7879292338255043}, "datetime": {"delta": 24.467315, "datetime": "2020-06-24 17:32:05", "elapsed": 1046.608571}}
{"target": 6.7875, "params": {"gamma_cf": 0.6790688365654296, "beta_enc": 0.6120311770449339, "beta_rec": 0.053909272073752956, "cue_position": 1.0, "gamma_fc": 0.9186017779775258}, "datetime": {"delta": 20.237952, "datetime": "2020-06-24 17:32:25", "elapsed": 1066.846523}}
{"target": 10.404166666666667, "params": {"gamma_cf": 0.9737835383583225, "beta_enc": 0.00040202489135743313, "beta_rec": 0.9767591490310596, "cue_position": 1.0, "gamma_fc": 0.604716100974053}, "datetime": {"delta": 26.662615, "datetime": "2020-06-24 17:32:51", "elapsed": 1093.509138}}
{"target": 6.4625, "params": {"gamma_cf": 0.28557628169569393, "beta_enc": 0.828845807980693, "beta_rec": 0.5747115047081023, "cue_position": 1.0, "gamma_fc": 0.586833340656083}, "datetime": {"delta": 19.387905, "datetime": "2020-06-24 17:33:11", "elapsed": 1112.897043}}
{"target": 7.45, "params": {"gamma_cf": 0.698057248447303, "beta_enc": 0.7500217637026599, "beta_rec": 0.8583138364290424, "cue_position": 1.0, "gamma_fc": 0.8644794300545998}, "datetime": {"delta": 21.122565, "datetime": "2020-06-24 17:33:32", "elapsed": 1134.019608}}
{"target": 8.995833333333334, "params": {"gamma_cf": 0.3821027520315172, "beta_enc": 0.32268099683674645, "beta_rec": 0.6707887907875872, "cue_position": 1.0, "gamma_fc": 0.4108113499221856}, "datetime": {"delta": 23.91856, "datetime": "2020-06-24 17:33:56", "elapsed": 1157.938168}}
{"target": 9.416666666666666, "params": {"gamma_cf": 0.43024727082126435, "beta_enc": 0.4014795834695406, "beta_rec": 0.3173839459582769, "cue_position": 1.0, "gamma_fc": 0.9738020779272523}, "datetime": {"delta": 24.752053, "datetime": "2020-06-24 17:34:21", "elapsed": 1182.690221}}
{"target": 7.625, "params": {"gamma_cf": 0.343346239774423, "beta_enc": 0.6778008914343111, "beta_rec": 0.19856988842711087, "cue_position": 1.0, "gamma_fc": 0.7976388039585666}, "datetime": {"delta": 21.779873, "datetime": "2020-06-24 17:34:42", "elapsed": 1204.470094}}
{"target": 5.454166666666667, "params": {"gamma_cf": 0.2702082620297578, "beta_enc": 0.8799982885634318, "beta_rec": 0.903841955826372, "cue_position": 1.0, "gamma_fc": 0.25236670150458973}, "datetime": {"delta": 17.836564, "datetime": "2020-06-24 17:35:00", "elapsed": 1222.306658}}
{"target": 6.195833333333334, "params": {"gamma_cf": 0.5724885171916063, "beta_enc": 0.8548979426974024, "beta_rec": 0.5277146463087466, "cue_position": 1.0, "gamma_fc": 0.7331425252875111}, "datetime": {"delta": 19.156372, "datetime": "2020-06-24 17:35:19", "elapsed": 1241.46303}}
{"target": 8.416666666666666, "params": {"gamma_cf": 0.4657098785919809, "beta_enc": 0.5190116274640558, "beta_rec": 0.770883910501888, "cue_position": 1.0, "gamma_fc": 0.3426889079532818}, "datetime": {"delta": 23.026041, "datetime": "2020-06-24 17:35:42", "elapsed": 1264.489071}}
{"target": 10.075, "params": {"gamma_cf": 0.982817113730445, "beta_enc": 0.06820934841670412, "beta_rec": 0.37792417932809985, "cue_position": 1.0, "gamma_fc": 0.18161285133076377}, "datetime": {"delta": 26.066935, "datetime": "2020-06-24 17:36:08", "elapsed": 1290.556006}}
{"target": 6.179166666666666, "params": {"gamma_cf": 0.5694944127453757, "beta_enc": 0.8118586977205398, "beta_rec": 0.8749616449558981, "cue_position": 1.0, "gamma_fc": 0.16097143681560877}, "datetime": {"delta": 18.903154, "datetime": "2020-06-24 17:36:27", "elapsed": 1309.45916}}
{"target": 9.175, "params": {"gamma_cf": 0.5925118687657968, "beta_enc": 0.4668800227633063, "beta_rec": 0.345172051155215, "cue_position": 1.0, "gamma_fc": 0.31226983770191696}, "datetime": {"delta": 24.143843, "datetime": "2020-06-24 17:36:52", "elapsed": 1333.603003}}
{"target": 5.220833333333333, "params": {"gamma_cf": 0.1108913007440292, "beta_enc": 0.9163055534683507, "beta_rec": 0.9096355249515571, "cue_position": 1.0, "gamma_fc": 0.19296273201911285}, "datetime": {"delta": 17.232791, "datetime": "2020-06-24 17:37:09", "elapsed": 1350.835794}}
{"target": 9.141666666666667, "params": {"gamma_cf": 0.24803355837723073, "beta_enc": 0.49958417067888605, "beta_rec": 0.7285856679745962, "cue_position": 1.0, "gamma_fc": 0.851671874936367}, "datetime": {"delta": 24.260049, "datetime": "2020-06-24 17:37:33", "elapsed": 1375.095843}}
{"target": 8.129166666666666, "params": {"gamma_cf": 0.10196725942579743, "beta_enc": 0.41584871826752734, "beta_rec": 0.6166850671552362, "cue_position": 1.0, "gamma_fc": 0.5158570169685298}, "datetime": {"delta": 22.6813, "datetime": "2020-06-24 17:37:56", "elapsed": 1397.777143}}
{"target": 8.816666666666666, "params": {"gamma_cf": 0.5440101188139381, "beta_enc": 0.47714098704978236, "beta_rec": 0.15267164409316325, "cue_position": 1.0, "gamma_fc": 0.6541373469707443}, "datetime": {"delta": 23.925015, "datetime": "2020-06-24 17:38:20", "elapsed": 1421.702158}}
{"target": 10.045833333333333, "params": {"gamma_cf": 0.519351824366033, "beta_enc": 0.1445455401246598, "beta_rec": 0.7515278171352439, "cue_position": 1.0, "gamma_fc": 0.7852960282216189}, "datetime": {"delta": 26.197187, "datetime": "2020-06-24 17:38:46", "elapsed": 1447.899345}}
{"target": 10.1125, "params": {"gamma_cf": 0.8447096076020696, "beta_enc": 0.02233042799180618, "beta_rec": 0.3243624597261865, "cue_position": 1.0, "gamma_fc": 0.5384405925945437}, "datetime": {"delta": 26.385968, "datetime": "2020-06-24 17:39:12", "elapsed": 1474.285313}}
{"target": 4.9625, "params": {"gamma_cf": 0.8541154438365387, "beta_enc": 0.866608274166513, "beta_rec": 0.9498059913536265, "cue_position": 1.0, "gamma_fc": 0.09874340182034835}, "datetime": {"delta": 16.888998, "datetime": "2020-06-24 17:39:29", "elapsed": 1491.174311}}
{"target": 7.908333333333333, "params": {"gamma_cf": 0.799615261736028, "beta_enc": 0.651304332340991, "beta_rec": 0.703516988152653, "cue_position": 1.0, "gamma_fc": 0.03457121987163425}, "datetime": {"delta": 22.087118, "datetime": "2020-06-24 17:39:51", "elapsed": 1513.261429}}
{"target": 7.070833333333334, "params": {"gamma_cf": 0.2570692988221467, "beta_enc": 0.7702387345549799, "beta_rec": 0.731728600739527, "cue_position": 1.0, "gamma_fc": 0.6323033174301278}, "datetime": {"delta": 20.422882, "datetime": "2020-06-24 17:40:12", "elapsed": 1533.684311}}
{"target": 9.941666666666666, "params": {"gamma_cf": 0.7827494147841719, "beta_enc": 0.34529746159108154, "beta_rec": 0.7965886780072875, "cue_position": 1.0, "gamma_fc": 0.9904717836238407}, "datetime": {"delta": 25.638393, "datetime": "2020-06-24 17:40:37", "elapsed": 1559.322704}}
{"target": 9.7, "params": {"gamma_cf": 0.5415593788873733, "beta_enc": 0.30024833953390007, "beta_rec": 0.14300582825809938, "cue_position": 1.0, "gamma_fc": 0.9747403708550822}, "datetime": {"delta": 24.789793, "datetime": "2020-06-24 17:41:02", "elapsed": 1584.112497}}
{"target": 7.458333333333333, "params": {"gamma_cf": 0.5264259339055213, "beta_enc": 0.6366044000018972, "beta_rec": 0.9939130246104789, "cue_position": 1.0, "gamma_fc": 0.1354279030721699}, "datetime": {"delta": 20.471685, "datetime": "2020-06-24 17:41:22", "elapsed": 1604.584182}}
{"target": 9.15, "params": {"gamma_cf": 0.7456371927074961, "beta_enc": 0.3557051709838811, "beta_rec": 0.026218567296373285, "cue_position": 1.0, "gamma_fc": 0.03039968992878883}, "datetime": {"delta": 23.398494, "datetime": "2020-06-24 17:41:46", "elapsed": 1627.982676}}
{"target": 8.908333333333333, "params": {"gamma_cf": 0.6909421420661686, "beta_enc": 0.36654309724374434, "beta_rec": 0.8623462528380441, "cue_position": 1.0, "gamma_fc": 0.18863680095531088}, "datetime": {"delta": 23.016568, "datetime": "2020-06-24 17:42:09", "elapsed": 1650.999244}}
{"target": 7.495833333333334, "params": {"gamma_cf": 0.20390622523312185, "beta_enc": 0.44190428074842336, "beta_rec": 0.5815774073442912, "cue_position": 1.0, "gamma_fc": 0.24773290176235485}, "datetime": {"delta": 20.622332, "datetime": "2020-06-24 17:42:30", "elapsed": 1671.621576}}
{"target": 7.854166666666667, "params": {"gamma_cf": 0.05692943841109499, "beta_enc": 0.26217308377291193, "beta_rec": 0.7501724132979928, "cue_position": 1.0, "gamma_fc": 0.5085162406102396}, "datetime": {"delta": 21.183635, "datetime": "2020-06-24 17:42:51", "elapsed": 1692.805211}}
