{"target": 10.75, "params": {"gamma_fc": 0.7644536657975497, "cue_position": 15.0, "beta_rec": 0.8567852578612153, "gamma_cf": 0.408197712688148, "beta_enc": 0.1418642750071225}, "datetime": {"elapsed": 11444.286009, "delta": 19.064502, "datetime": "2020-06-13 23:49:58"}}
{"target": 5.875, "params": {"gamma_fc": 0.9627266407001486, "cue_position": 15.0, "beta_rec": 0.1250658403427165, "gamma_cf": 0.5509959505657751, "beta_enc": 0.9433604526416504}, "datetime": {"elapsed": 11463.736325, "delta": 19.450316, "datetime": "2020-06-13 23:50:18"}}
{"target": 10.75, "params": {"gamma_fc": 0.9661508927952283, "cue_position": 15.0, "beta_rec": 0.14030472220724077, "gamma_cf": 0.548315260825574, "beta_enc": 0.2814301224403635}, "datetime": {"elapsed": 11547.308593, "delta": 83.572268, "datetime": "2020-06-13 23:51:41"}}
{"target": 10.625, "params": {"gamma_fc": 0.5975230033039569, "cue_position": 15.0, "beta_rec": 0.5907452882572086, "gamma_cf": 0.6282350109628689, "beta_enc": 0.20103613463129177}, "datetime": {"elapsed": 11630.472509, "delta": 83.163916, "datetime": "2020-06-13 23:53:05"}}
{"target": 9.375, "params": {"gamma_fc": 0.8389025056982097, "cue_position": 15.0, "beta_rec": 0.4261566509988802, "gamma_cf": 0.5288729455989841, "beta_enc": 0.2219537662885942}, "datetime": {"elapsed": 11649.626919, "delta": 19.15441, "datetime": "2020-06-13 23:53:24"}}
{"target": 8.125, "params": {"gamma_fc": 0.6752577073957298, "cue_position": 15.0, "beta_rec": 0.5392572784055497, "gamma_cf": 0.5939435647733984, "beta_enc": 0.9892296115720723}, "datetime": {"elapsed": 11668.64289, "delta": 19.015971, "datetime": "2020-06-13 23:53:43"}}
{"target": 9.375, "params": {"gamma_fc": 0.9903272036109633, "cue_position": 15.0, "beta_rec": 0.44287403399325065, "gamma_cf": 0.48991961416806884, "beta_enc": 0.23314117204066875}, "datetime": {"elapsed": 11753.026754, "delta": 84.383864, "datetime": "2020-06-13 23:55:07"}}
{"target": 9.375, "params": {"gamma_fc": 0.6947682428323186, "cue_position": 15.0, "beta_rec": 0.41150680949908525, "gamma_cf": 0.5380400255271813, "beta_enc": 0.10320031341908897}, "datetime": {"elapsed": 11837.700932, "delta": 84.674178, "datetime": "2020-06-13 23:56:32"}}
{"target": 9.625, "params": {"gamma_fc": 0.7581828642221113, "cue_position": 15.0, "beta_rec": 0.7204212009462352, "gamma_cf": 0.6398679242887501, "beta_enc": 0.1303984109841947}, "datetime": {"elapsed": 11922.729484, "delta": 85.028552, "datetime": "2020-06-13 23:57:57"}}
{"target": 10.5, "params": {"gamma_fc": 0.540113047549437, "cue_position": 15.0, "beta_rec": 0.16550711454199396, "gamma_cf": 0.4081961886211736, "beta_enc": 0.0793368657510215}, "datetime": {"elapsed": 12008.402769, "delta": 85.673285, "datetime": "2020-06-13 23:59:23"}}
{"target": 9.75, "params": {"gamma_fc": 0.19445281692304262, "cue_position": 15.0, "beta_rec": 0.08169314249004345, "gamma_cf": 0.7885127874259578, "beta_enc": 0.13192719506779804}, "datetime": {"elapsed": 12095.01047, "delta": 86.607701, "datetime": "2020-06-14 00:00:49"}}
{"target": 10.125, "params": {"gamma_fc": 0.7696613219411073, "cue_position": 15.0, "beta_rec": 0.7306520019877263, "gamma_cf": 0.6450157342316095, "beta_enc": 0.13247985581612853}, "datetime": {"elapsed": 12181.943048, "delta": 86.932578, "datetime": "2020-06-14 00:02:16"}}
{"target": 9.5, "params": {"gamma_fc": 0.07099898152063588, "cue_position": 15.0, "beta_rec": 0.1368353130580915, "gamma_cf": 0.6932693916570705, "beta_enc": 0.18005467419791676}, "datetime": {"elapsed": 12269.098505, "delta": 87.155457, "datetime": "2020-06-14 00:03:43"}}
{"target": 9.875, "params": {"gamma_fc": 0.6372361261978873, "cue_position": 15.0, "beta_rec": 0.4756939737287821, "gamma_cf": 0.5045215188779916, "beta_enc": 0.6051282992365644}, "datetime": {"elapsed": 12356.37663, "delta": 87.278125, "datetime": "2020-06-14 00:05:11"}}
{"target": 11.125, "params": {"gamma_fc": 0.18394000249140185, "cue_position": 15.0, "beta_rec": 0.3719881608844736, "gamma_cf": 0.9999841641921497, "beta_enc": 0.0645135572251414}, "datetime": {"elapsed": 12443.267806, "delta": 86.891176, "datetime": "2020-06-14 00:06:37"}}
{"target": 8.375, "params": {"gamma_fc": 0.7495328359486644, "cue_position": 15.0, "beta_rec": 0.27119457142574066, "gamma_cf": 0.7328845932737974, "beta_enc": 0.43774931521928706}, "datetime": {"elapsed": 12463.037587, "delta": 19.769781, "datetime": "2020-06-14 00:06:57"}}
{"target": 11.125, "params": {"gamma_fc": 0.5546160019177679, "cue_position": 15.0, "beta_rec": 0.6637829355123047, "gamma_cf": 0.657442204047033, "beta_enc": 0.5018984537374255}, "datetime": {"elapsed": 12482.927662, "delta": 19.890075, "datetime": "2020-06-14 00:07:17"}}
{"target": 7.5, "params": {"gamma_fc": 0.5446439625963159, "cue_position": 15.0, "beta_rec": 0.4114556700243901, "gamma_cf": 0.24577125782451914, "beta_enc": 0.9587643103521643}, "datetime": {"elapsed": 12502.806098, "delta": 19.878436, "datetime": "2020-06-14 00:07:37"}}
{"target": 6.125, "params": {"gamma_fc": 0.539424666753562, "cue_position": 15.0, "beta_rec": 0.5172929095228428, "gamma_cf": 0.7895199429535911, "beta_enc": 0.8237789437875775}, "datetime": {"elapsed": 12522.656334, "delta": 19.850236, "datetime": "2020-06-14 00:07:57"}}
{"target": 10.125, "params": {"gamma_fc": 0.06489243614768281, "cue_position": 15.0, "beta_rec": 0.1379906660101783, "gamma_cf": 0.7000800443225591, "beta_enc": 0.17056677990727775}, "datetime": {"elapsed": 12611.829065, "delta": 89.172731, "datetime": "2020-06-14 00:09:26"}}
{"target": 9.5, "params": {"gamma_fc": 0.7742485771072645, "cue_position": 15.0, "beta_rec": 0.8597611766858662, "gamma_cf": 0.4012341528192723, "beta_enc": 0.14749004981691993}, "datetime": {"elapsed": 12701.284238, "delta": 89.455173, "datetime": "2020-06-14 00:10:55"}}
{"target": 9.5, "params": {"gamma_fc": 0.7032264883139281, "cue_position": 15.0, "beta_rec": 0.41876156959097444, "gamma_cf": 0.5206985564681966, "beta_enc": 0.09486745908055161}, "datetime": {"elapsed": 12791.494897, "delta": 90.210659, "datetime": "2020-06-14 00:12:26"}}
{"target": 8.5, "params": {"gamma_fc": 0.2113562537562227, "cue_position": 15.0, "beta_rec": 0.7319787401555977, "gamma_cf": 0.7522994264849512, "beta_enc": 0.29146021643400744}, "datetime": {"elapsed": 12882.110787, "delta": 90.61589, "datetime": "2020-06-14 00:13:56"}}
{"target": 10.25, "params": {"gamma_fc": 0.465817627088709, "cue_position": 15.0, "beta_rec": 0.7432023136513684, "gamma_cf": 0.5497449284810677, "beta_enc": 0.0813347924155774}, "datetime": {"elapsed": 12972.395306, "delta": 90.284519, "datetime": "2020-06-14 00:15:27"}}
{"target": 10.0, "params": {"gamma_fc": 0.970656462131241, "cue_position": 15.0, "beta_rec": 0.5426365561246385, "gamma_cf": 0.7356203777911683, "beta_enc": 0.04851071176741795}, "datetime": {"elapsed": 13062.907307, "delta": 90.512001, "datetime": "2020-06-14 00:16:57"}}
{"target": 10.5, "params": {"gamma_fc": 0.5818184261051583, "cue_position": 15.0, "beta_rec": 0.9752612961090128, "gamma_cf": 0.9774442520178719, "beta_enc": 0.006625767064615484}, "datetime": {"elapsed": 13154.299782, "delta": 91.392475, "datetime": "2020-06-14 00:18:28"}}
{"target": 10.5, "params": {"gamma_fc": 0.49376680324290867, "cue_position": 15.0, "beta_rec": 0.9056228276928944, "gamma_cf": 0.5282983244196219, "beta_enc": 0.07484252575997441}, "datetime": {"elapsed": 13246.049559, "delta": 91.749777, "datetime": "2020-06-14 00:20:00"}}
{"target": 9.5, "params": {"gamma_fc": 0.9953456189330321, "cue_position": 15.0, "beta_rec": 0.42917347191968136, "gamma_cf": 0.4765445766443429, "beta_enc": 0.24570819554460366}, "datetime": {"elapsed": 13337.646007, "delta": 91.596448, "datetime": "2020-06-14 00:21:32"}}
{"target": 10.75, "params": {"gamma_fc": 0.5010447311854171, "cue_position": 15.0, "beta_rec": 0.9017969114354563, "gamma_cf": 0.5262456670694398, "beta_enc": 0.08314874487613233}, "datetime": {"elapsed": 13429.435102, "delta": 91.789095, "datetime": "2020-06-14 00:23:04"}}
{"target": 9.625, "params": {"gamma_fc": 0.5470971468222711, "cue_position": 15.0, "beta_rec": 0.3194009958944788, "gamma_cf": 0.834639122340687, "beta_enc": 0.013711021991804295}, "datetime": {"elapsed": 13521.868861, "delta": 92.433759, "datetime": "2020-06-14 00:24:36"}}
{"target": 10.0, "params": {"gamma_fc": 0.43116082493597363, "cue_position": 15.0, "beta_rec": 0.8886229625441698, "gamma_cf": 0.6195499174257729, "beta_enc": 0.17940092106850258}, "datetime": {"elapsed": 13614.524086, "delta": 92.655225, "datetime": "2020-06-14 00:26:09"}}
{"target": 9.75, "params": {"gamma_fc": 0.17989403193101627, "cue_position": 15.0, "beta_rec": 0.5659815356572662, "gamma_cf": 0.8119357643620706, "beta_enc": 0.1461169170341612}, "datetime": {"elapsed": 13707.198369, "delta": 92.674283, "datetime": "2020-06-14 00:27:41"}}
{"target": 9.125, "params": {"gamma_fc": 0.5013606891515745, "cue_position": 15.0, "beta_rec": 0.916758872951369, "gamma_cf": 0.5193351224011119, "beta_enc": 0.0917938693838779}, "datetime": {"elapsed": 13799.038907, "delta": 91.840538, "datetime": "2020-06-14 00:29:13"}}
{"target": 10.25, "params": {"gamma_fc": 0.4020366704954439, "cue_position": 15.0, "beta_rec": 0.09761303130792431, "gamma_cf": 0.2290493431542121, "beta_enc": 0.27638744432317675}, "datetime": {"elapsed": 13891.185538, "delta": 92.146631, "datetime": "2020-06-14 00:30:45"}}
{"target": 9.0, "params": {"gamma_fc": 0.7745845303111469, "cue_position": 15.0, "beta_rec": 0.7387238054739649, "gamma_cf": 0.5048319686016961, "beta_enc": 0.14169393469541558}, "datetime": {"elapsed": 13984.165699, "delta": 92.980161, "datetime": "2020-06-14 00:32:18"}}
{"target": 9.0, "params": {"gamma_fc": 0.03856446419762205, "cue_position": 15.0, "beta_rec": 0.09271089394144505, "gamma_cf": 0.8360177942249599, "beta_enc": 0.25566793676945754}, "datetime": {"elapsed": 14077.479615, "delta": 93.313916, "datetime": "2020-06-14 00:33:52"}}
{"target": 11.0, "params": {"gamma_fc": 0.2021131456648565, "cue_position": 15.0, "beta_rec": 0.38642949069079013, "gamma_cf": 0.9747103138367966, "beta_enc": 0.06802472240963564}, "datetime": {"elapsed": 14171.119122, "delta": 93.639507, "datetime": "2020-06-14 00:35:25"}}
{"target": 9.75, "params": {"gamma_fc": 0.07745089093762392, "cue_position": 15.0, "beta_rec": 0.1384527201143766, "gamma_cf": 0.6914776263915932, "beta_enc": 0.16968685516782223}, "datetime": {"elapsed": 14264.871107, "delta": 93.751985, "datetime": "2020-06-14 00:36:59"}}
{"target": 10.5, "params": {"gamma_fc": 0.6861291215509518, "cue_position": 15.0, "beta_rec": 0.5686098040061246, "gamma_cf": 0.5988241618196002, "beta_enc": 0.04747739966532616}, "datetime": {"elapsed": 14359.201811, "delta": 94.330704, "datetime": "2020-06-14 00:38:33"}}
{"target": 10.625, "params": {"gamma_fc": 0.07785776800614919, "cue_position": 15.0, "beta_rec": 0.15206811465429393, "gamma_cf": 0.6870157265322047, "beta_enc": 0.16458491648511253}, "datetime": {"elapsed": 14453.817496, "delta": 94.615685, "datetime": "2020-06-14 00:40:08"}}
{"target": 10.5, "params": {"gamma_fc": 0.7491562558591632, "cue_position": 15.0, "beta_rec": 0.7956366706762208, "gamma_cf": 0.8674825480312146, "beta_enc": 0.2391481877129812}, "datetime": {"elapsed": 14548.637654, "delta": 94.820158, "datetime": "2020-06-14 00:41:43"}}
{"target": 10.75, "params": {"gamma_fc": 0.7793831430522093, "cue_position": 15.0, "beta_rec": 0.42090007050031275, "gamma_cf": 0.34560708357725745, "beta_enc": 0.004944458519144712}, "datetime": {"elapsed": 14643.447898, "delta": 94.810244, "datetime": "2020-06-14 00:43:18"}}
{"target": 9.25, "params": {"gamma_fc": 0.5897776266581457, "cue_position": 15.0, "beta_rec": 0.9837005138683419, "gamma_cf": 0.9815843382491533, "beta_enc": 0.006982475008262101}, "datetime": {"elapsed": 14738.38706, "delta": 94.939162, "datetime": "2020-06-14 00:44:53"}}
{"target": 10.75, "params": {"gamma_fc": 0.6126543403483264, "cue_position": 15.0, "beta_rec": 0.9691462854441857, "gamma_cf": 0.9753985515819162, "beta_enc": 0.01211186152727195}, "datetime": {"elapsed": 14834.008227, "delta": 95.621167, "datetime": "2020-06-14 00:46:28"}}
{"target": 9.25, "params": {"gamma_fc": 0.29179466448087754, "cue_position": 15.0, "beta_rec": 0.14210021583202137, "gamma_cf": 0.7687455941127529, "beta_enc": 0.2895520637960307}, "datetime": {"elapsed": 14929.507416, "delta": 95.499189, "datetime": "2020-06-14 00:48:04"}}
{"target": 12.25, "params": {"gamma_fc": 0.9766128167908867, "cue_position": 15.0, "beta_rec": 0.127386150760451, "gamma_cf": 0.5413269020512351, "beta_enc": 0.3070903493618441}, "datetime": {"elapsed": 15025.211939, "delta": 95.704523, "datetime": "2020-06-14 00:49:39"}}
{"target": 10.75, "params": {"gamma_fc": 0.6018418179953139, "cue_position": 15.0, "beta_rec": 0.9741107312823117, "gamma_cf": 0.95839223672234, "beta_enc": 0.001130395882698032}, "datetime": {"elapsed": 15121.422878, "delta": 96.210939, "datetime": "2020-06-14 00:51:16"}}
{"target": 10.375, "params": {"gamma_fc": 0.18213085926412909, "cue_position": 15.0, "beta_rec": 0.08703566836558296, "gamma_cf": 0.7915066591555989, "beta_enc": 0.13751114094586192}, "datetime": {"elapsed": 15217.839088, "delta": 96.41621, "datetime": "2020-06-14 00:52:52"}}
{"target": 10.375, "params": {"gamma_fc": 0.07268391459082013, "cue_position": 15.0, "beta_rec": 0.15238713096402356, "gamma_cf": 0.6971721484508837, "beta_enc": 0.16027136124723895}, "datetime": {"elapsed": 15314.410628, "delta": 96.57154, "datetime": "2020-06-14 00:54:29"}}
{"target": 9.5, "params": {"gamma_fc": 0.6266698272008291, "cue_position": 15.0, "beta_rec": 0.8580516463141955, "gamma_cf": 0.828200563512436, "beta_enc": 0.34274551603529346}, "datetime": {"elapsed": 15411.698404, "delta": 97.287776, "datetime": "2020-06-14 00:56:06"}}
{"target": 11.75, "params": {"gamma_fc": 0.22651774225576482, "cue_position": 15.0, "beta_rec": 0.7589827865418126, "gamma_cf": 0.9597984641267086, "beta_enc": 0.010924649943165665}, "datetime": {"elapsed": 15508.667518, "delta": 96.969114, "datetime": "2020-06-14 00:57:43"}}
{"target": 8.25, "params": {"gamma_fc": 0.5316898516379984, "cue_position": 15.0, "beta_rec": 0.16995508691686712, "gamma_cf": 0.4106016002467354, "beta_enc": 0.08263930029093369}, "datetime": {"elapsed": 15607.184806, "delta": 98.517288, "datetime": "2020-06-14 00:59:21"}}
{"target": 7.625, "params": {"gamma_fc": 0.39575219420198293, "cue_position": 15.0, "beta_rec": 0.8132159960936741, "gamma_cf": 0.34753247446387026, "beta_enc": 0.24153953234170622}, "datetime": {"elapsed": 15705.881087, "delta": 98.696281, "datetime": "2020-06-14 01:01:00"}}
{"target": 10.625, "params": {"gamma_fc": 0.5512608133873266, "cue_position": 15.0, "beta_rec": 0.9185725317714907, "gamma_cf": 0.9456567019369503, "beta_enc": 0.21531025163207473}, "datetime": {"elapsed": 15803.963129, "delta": 98.082042, "datetime": "2020-06-14 01:02:38"}}
{"target": 10.625, "params": {"gamma_fc": 0.7746712893126447, "cue_position": 15.0, "beta_rec": 0.7152910538548929, "gamma_cf": 0.6334960003691976, "beta_enc": 0.12348075492852983}, "datetime": {"elapsed": 15903.208165, "delta": 99.245036, "datetime": "2020-06-14 01:04:17"}}
{"target": 9.625, "params": {"gamma_fc": 0.462433992994859, "cue_position": 15.0, "beta_rec": 0.8626769246532815, "gamma_cf": 0.7060393742318218, "beta_enc": 0.32215178931953914}, "datetime": {"elapsed": 16002.963787, "delta": 99.755622, "datetime": "2020-06-14 01:05:57"}}
{"target": 9.375, "params": {"gamma_fc": 0.030808918523791973, "cue_position": 15.0, "beta_rec": 0.026181359485245026, "gamma_cf": 0.739457492648563, "beta_enc": 0.35549561732839763}, "datetime": {"elapsed": 16102.764558, "delta": 99.800771, "datetime": "2020-06-14 01:07:37"}}
