{"target": 11.058333333333334, "params": {"cue_position": 8.0, "beta_rec": 0.873495218201058, "gamma_fc": 0.11101991333102655, "gamma_cf": 1.0, "beta_enc": 0.40020205951249993}, "datetime": {"delta": 35.538815, "elapsed": 5311.580396, "datetime": "2020-06-21 19:34:36"}}
{"target": 11.045833333333333, "params": {"cue_position": 8.0, "beta_rec": 0.9156987946710434, "gamma_fc": 0.09175833730901957, "gamma_cf": 1.0, "beta_enc": 0.4446539770720349}, "datetime": {"delta": 36.82552, "elapsed": 5348.405916, "datetime": "2020-06-21 19:35:13"}}
{"target": 10.9625, "params": {"cue_position": 8.0, "beta_rec": 0.8832066875533574, "gamma_fc": 0.15336575353648765, "gamma_cf": 1.0, "beta_enc": 0.46434313524093723}, "datetime": {"delta": 38.770817, "elapsed": 5387.176733, "datetime": "2020-06-21 19:35:52"}}
{"target": 10.745833333333334, "params": {"cue_position": 8.0, "beta_rec": 0.9244003750431758, "gamma_fc": 0.17062037253558407, "gamma_cf": 1.0, "beta_enc": 0.41009575438682794}, "datetime": {"delta": 37.362255, "elapsed": 5424.538988, "datetime": "2020-06-21 19:36:29"}}
{"target": 6.1375, "params": {"cue_position": 8.0, "beta_rec": 0.8053505338415635, "gamma_fc": 0.9415855775332498, "gamma_cf": 0.0008245699401023881, "beta_enc": 0.0}, "datetime": {"delta": 32.993443, "elapsed": 5457.532431, "datetime": "2020-06-21 19:37:02"}}
{"target": 11.425, "params": {"cue_position": 8.0, "beta_rec": 0.7804532660432353, "gamma_fc": 0.020403647025041275, "gamma_cf": 1.0, "beta_enc": 0.420732985668139}, "datetime": {"delta": 40.42742, "elapsed": 5497.959851, "datetime": "2020-06-21 19:37:43"}}
{"target": 10.725, "params": {"cue_position": 8.0, "beta_rec": 0.7236297866435429, "gamma_fc": 0.04490593230468325, "gamma_cf": 0.8297714742561072, "beta_enc": 0.3771942749751712}, "datetime": {"delta": 37.983894, "elapsed": 5535.943745, "datetime": "2020-06-21 19:38:21"}}
{"target": 10.633333333333333, "params": {"cue_position": 8.0, "beta_rec": 0.8426841410189236, "gamma_fc": 0.18176938231435746, "gamma_cf": 0.9453808202576814, "beta_enc": 0.43067134454953565}, "datetime": {"delta": 38.432685, "elapsed": 5574.37643, "datetime": "2020-06-21 19:38:59"}}
{"target": 10.070833333333333, "params": {"cue_position": 8.0, "beta_rec": 0.8390336496326394, "gamma_fc": 0.06548887829769133, "gamma_cf": 0.8053214409093165, "beta_enc": 0.32832574255474384}, "datetime": {"delta": 36.017768, "elapsed": 5610.394198, "datetime": "2020-06-21 19:39:35"}}
{"target": 11.104166666666666, "params": {"cue_position": 8.0, "beta_rec": 0.871865568979169, "gamma_fc": 0.0, "gamma_cf": 1.0, "beta_enc": 0.42769760691516184}, "datetime": {"delta": 38.274372, "elapsed": 5648.66857, "datetime": "2020-06-21 19:40:13"}}
{"target": 10.616666666666667, "params": {"cue_position": 8.0, "beta_rec": 0.507051622099186, "gamma_fc": 0.03884766008268661, "gamma_cf": 0.9510867578834734, "beta_enc": 0.49254863043552793}, "datetime": {"delta": 38.359783, "elapsed": 5687.028353, "datetime": "2020-06-21 19:40:52"}}
{"target": 10.383333333333333, "params": {"cue_position": 8.0, "beta_rec": 0.7833019308268232, "gamma_fc": 0.04441006637204938, "gamma_cf": 1.0, "beta_enc": 0.5131458723623339}, "datetime": {"delta": 35.789071, "elapsed": 5722.817424, "datetime": "2020-06-21 19:41:28"}}
{"target": 10.591666666666667, "params": {"cue_position": 8.0, "beta_rec": 0.941288127840389, "gamma_fc": 0.024505301343933947, "gamma_cf": 0.9519516048770031, "beta_enc": 0.4388270795735142}, "datetime": {"delta": 37.545427, "elapsed": 5760.362851, "datetime": "2020-06-21 19:42:05"}}
{"target": 10.1125, "params": {"cue_position": 8.0, "beta_rec": 0.9743573713989767, "gamma_fc": 0.06746424705526859, "gamma_cf": 0.9190058248230308, "beta_enc": 0.3117114780703932}, "datetime": {"delta": 38.667245, "elapsed": 5799.030096, "datetime": "2020-06-21 19:42:44"}}
{"target": 10.241666666666667, "params": {"cue_position": 8.0, "beta_rec": 0.9451991559426797, "gamma_fc": 0.14539759404378005, "gamma_cf": 0.9632385908428026, "beta_enc": 0.5005816783037267}, "datetime": {"delta": 36.727502, "elapsed": 5835.757598, "datetime": "2020-06-21 19:43:21"}}
{"target": 11.195833333333333, "params": {"cue_position": 8.0, "beta_rec": 0.5074170775619019, "gamma_fc": 0.03396218953380841, "gamma_cf": 1.0, "beta_enc": 0.43256053570963154}, "datetime": {"delta": 35.337467, "elapsed": 5871.095065, "datetime": "2020-06-21 19:43:56"}}
{"target": 10.383333333333333, "params": {"cue_position": 8.0, "beta_rec": 0.5089309113292425, "gamma_fc": 0.09198505358366753, "gamma_cf": 1.0, "beta_enc": 0.4280338080201499}, "datetime": {"delta": 36.795488, "elapsed": 5907.890553, "datetime": "2020-06-21 19:44:33"}}
{"target": 10.916666666666666, "params": {"cue_position": 8.0, "beta_rec": 0.4743893649871815, "gamma_fc": 0.0, "gamma_cf": 1.0, "beta_enc": 0.45013385733712324}, "datetime": {"delta": 38.142514, "elapsed": 5946.033067, "datetime": "2020-06-21 19:45:11"}}
{"target": 11.108333333333333, "params": {"cue_position": 8.0, "beta_rec": 0.5271458481715233, "gamma_fc": 0.0, "gamma_cf": 1.0, "beta_enc": 0.40702443180379133}, "datetime": {"delta": 39.208087, "elapsed": 5985.241154, "datetime": "2020-06-21 19:45:50"}}
{"target": 10.745833333333334, "params": {"cue_position": 8.0, "beta_rec": 0.49395708993199733, "gamma_fc": 0.0027200718864521787, "gamma_cf": 0.9583873387408179, "beta_enc": 0.4215745798195946}, "datetime": {"delta": 37.639604, "elapsed": 6022.880758, "datetime": "2020-06-21 19:46:28"}}
{"target": 10.225, "params": {"cue_position": 8.0, "beta_rec": 0.9450451108928823, "gamma_fc": 0.0, "gamma_cf": 1.0, "beta_enc": 0.3669872654267637}, "datetime": {"delta": 36.052119, "elapsed": 6058.932877, "datetime": "2020-06-21 19:47:04"}}
{"target": 10.5875, "params": {"cue_position": 8.0, "beta_rec": 0.8561215977209883, "gamma_fc": 0.044106662182092804, "gamma_cf": 0.9211355802680536, "beta_enc": 0.23880766445393284}, "datetime": {"delta": 36.724228, "elapsed": 6095.657105, "datetime": "2020-06-21 19:47:40"}}
{"target": 10.5, "params": {"cue_position": 8.0, "beta_rec": 0.8567122999579521, "gamma_fc": 0.08882192937331974, "gamma_cf": 1.0, "beta_enc": 0.2833395184159328}, "datetime": {"delta": 35.762469, "elapsed": 6131.419574, "datetime": "2020-06-21 19:48:16"}}
{"target": 10.195833333333333, "params": {"cue_position": 8.0, "beta_rec": 0.660103195170978, "gamma_fc": 0.11173183535115493, "gamma_cf": 0.8677623016004363, "beta_enc": 0.34288014169762976}, "datetime": {"delta": 35.290981, "elapsed": 6166.710555, "datetime": "2020-06-21 19:48:52"}}
{"target": 10.191666666666666, "params": {"cue_position": 8.0, "beta_rec": 0.918575760428238, "gamma_fc": 0.07919096159262251, "gamma_cf": 0.9460852316367735, "beta_enc": 0.18290599332357654}, "datetime": {"delta": 34.59131, "elapsed": 6201.301865, "datetime": "2020-06-21 19:49:26"}}
{"target": 10.054166666666667, "params": {"cue_position": 8.0, "beta_rec": 0.8548919744663617, "gamma_fc": 0.14980857426787753, "gamma_cf": 0.8386817421842211, "beta_enc": 0.47328894869746563}, "datetime": {"delta": 38.171955, "elapsed": 6239.47382, "datetime": "2020-06-21 19:50:04"}}
{"target": 9.116666666666667, "params": {"cue_position": 8.0, "beta_rec": 0.6212165979281422, "gamma_fc": 0.9156158674011831, "gamma_cf": 0.06047250323124751, "beta_enc": 0.03073059606463453}, "datetime": {"delta": 36.823306, "elapsed": 6276.297126, "datetime": "2020-06-21 19:50:41"}}
{"target": 11.045833333333333, "params": {"cue_position": 8.0, "beta_rec": 0.8753937466298182, "gamma_fc": 0.05004768433474338, "gamma_cf": 1.0, "beta_enc": 0.4163835729870529}, "datetime": {"delta": 37.235186, "elapsed": 6313.532312, "datetime": "2020-06-21 19:51:18"}}
{"target": 10.225, "params": {"cue_position": 8.0, "beta_rec": 0.9025189897565173, "gamma_fc": 0.0, "gamma_cf": 1.0, "beta_enc": 0.4932684185609293}, "datetime": {"delta": 36.375221, "elapsed": 6349.907533, "datetime": "2020-06-21 19:51:55"}}
{"target": 10.245833333333334, "params": {"cue_position": 8.0, "beta_rec": 0.8342085435934063, "gamma_fc": 0.18299004660235874, "gamma_cf": 1.0, "beta_enc": 0.3634261051849331}, "datetime": {"delta": 37.819511, "elapsed": 6387.727044, "datetime": "2020-06-21 19:52:33"}}
{"target": 10.333333333333334, "params": {"cue_position": 8.0, "beta_rec": 0.882920767289634, "gamma_fc": 0.0, "gamma_cf": 0.8594582042462029, "beta_enc": 0.40445745769365954}, "datetime": {"delta": 35.505916, "elapsed": 6423.23296, "datetime": "2020-06-21 19:53:08"}}
{"target": 10.858333333333333, "params": {"cue_position": 8.0, "beta_rec": 0.8308833711422734, "gamma_fc": 0.11550571107343446, "gamma_cf": 1.0, "beta_enc": 0.4405720600844885}, "datetime": {"delta": 37.047766, "elapsed": 6460.280726, "datetime": "2020-06-21 19:53:45"}}
{"target": 10.3625, "params": {"cue_position": 8.0, "beta_rec": 0.7927859041165911, "gamma_fc": 0.004548527488641975, "gamma_cf": 0.7734233860333078, "beta_enc": 0.420532657547294}, "datetime": {"delta": 37.922603, "elapsed": 6498.203329, "datetime": "2020-06-21 19:54:23"}}
{"target": 10.9, "params": {"cue_position": 8.0, "beta_rec": 0.47035359737814575, "gamma_fc": 0.02390928147827005, "gamma_cf": 1.0, "beta_enc": 0.3702939476108727}, "datetime": {"delta": 37.496226, "elapsed": 6535.699555, "datetime": "2020-06-21 19:55:01"}}
{"target": 10.095833333333333, "params": {"cue_position": 8.0, "beta_rec": 0.5277085063650319, "gamma_fc": 0.07212299319457387, "gamma_cf": 0.9763163107970544, "beta_enc": 0.32568024963654435}, "datetime": {"delta": 37.758967, "elapsed": 6573.458522, "datetime": "2020-06-21 19:55:38"}}
{"target": 10.9125, "params": {"cue_position": 8.0, "beta_rec": 0.8421981190774768, "gamma_fc": 0.0, "gamma_cf": 0.9971561217590418, "beta_enc": 0.23761727777727898}, "datetime": {"delta": 35.408861, "elapsed": 6608.867383, "datetime": "2020-06-21 19:56:14"}}
{"target": 10.8375, "params": {"cue_position": 8.0, "beta_rec": 0.7790412661309999, "gamma_fc": 0.0, "gamma_cf": 0.9517421426906729, "beta_enc": 0.2572219420911482}, "datetime": {"delta": 38.193621, "elapsed": 6647.061004, "datetime": "2020-06-21 19:56:52"}}
{"target": 10.695833333333333, "params": {"cue_position": 8.0, "beta_rec": 0.8227273804072412, "gamma_fc": 0.0, "gamma_cf": 0.9578879326106654, "beta_enc": 0.17613130623307877}, "datetime": {"delta": 36.459943, "elapsed": 6683.520947, "datetime": "2020-06-21 19:57:28"}}
{"target": 10.466666666666667, "params": {"cue_position": 8.0, "beta_rec": 0.8995360108843347, "gamma_fc": 0.0, "gamma_cf": 0.9565417205555977, "beta_enc": 0.19163490206897088}, "datetime": {"delta": 35.202319, "elapsed": 6718.723266, "datetime": "2020-06-21 19:58:04"}}
{"target": 10.270833333333334, "params": {"cue_position": 8.0, "beta_rec": 0.8093270616669724, "gamma_fc": 0.05036600937693336, "gamma_cf": 0.9949856270382691, "beta_enc": 0.2088191469957643}, "datetime": {"delta": 35.973852, "elapsed": 6754.697118, "datetime": "2020-06-21 19:58:40"}}
{"target": 10.283333333333333, "params": {"cue_position": 8.0, "beta_rec": 0.7848566309061882, "gamma_fc": 0.0, "gamma_cf": 0.8739611798999033, "beta_enc": 0.20916006732087009}, "datetime": {"delta": 36.578696, "elapsed": 6791.275814, "datetime": "2020-06-21 19:59:16"}}
{"target": 11.058333333333334, "params": {"cue_position": 8.0, "beta_rec": 0.8418260691468479, "gamma_fc": 0.0, "gamma_cf": 1.0, "beta_enc": 0.3137695679709444}, "datetime": {"delta": 38.423241, "elapsed": 6829.699055, "datetime": "2020-06-21 19:59:55"}}
{"target": 9.925, "params": {"cue_position": 8.0, "beta_rec": 0.9031029451901311, "gamma_fc": 0.2444114527135768, "gamma_cf": 0.8758822649430279, "beta_enc": 0.40247574329761293}, "datetime": {"delta": 37.583707, "elapsed": 6867.282762, "datetime": "2020-06-21 20:00:32"}}
{"target": 10.375, "params": {"cue_position": 8.0, "beta_rec": 0.8629341621224174, "gamma_fc": 0.25386344446182374, "gamma_cf": 0.9923064238990046, "beta_enc": 0.4767668641343043}, "datetime": {"delta": 35.655387, "elapsed": 6902.938149, "datetime": "2020-06-21 20:01:08"}}
{"target": 9.9125, "params": {"cue_position": 8.0, "beta_rec": 0.8927703593878075, "gamma_fc": 0.038073077155107236, "gamma_cf": 0.7075229044583458, "beta_enc": 0.39492363011936116}, "datetime": {"delta": 37.352435, "elapsed": 6940.290584, "datetime": "2020-06-21 20:01:45"}}
{"target": 11.2625, "params": {"cue_position": 8.0, "beta_rec": 0.8132948993375694, "gamma_fc": 0.0, "gamma_cf": 1.0, "beta_enc": 0.4262459008338942}, "datetime": {"delta": 39.401081, "elapsed": 6979.691665, "datetime": "2020-06-21 20:02:25"}}
{"target": 10.1125, "params": {"cue_position": 8.0, "beta_rec": 0.7060328474664456, "gamma_fc": 0.03803042808068241, "gamma_cf": 0.7121364729522651, "beta_enc": 0.35769815938454397}, "datetime": {"delta": 38.128213, "elapsed": 7017.819878, "datetime": "2020-06-21 20:03:03"}}
{"target": 10.541666666666666, "params": {"cue_position": 8.0, "beta_rec": 0.8536430977466549, "gamma_fc": 0.0, "gamma_cf": 0.9497272452461325, "beta_enc": 0.2815170065346363}, "datetime": {"delta": 40.270531, "elapsed": 7058.090409, "datetime": "2020-06-21 20:03:43"}}
{"target": 10.704166666666667, "params": {"cue_position": 8.0, "beta_rec": 0.6470814557557668, "gamma_fc": 0.0, "gamma_cf": 0.852906160459364, "beta_enc": 0.3221464729019253}, "datetime": {"delta": 40.179868, "elapsed": 7098.270277, "datetime": "2020-06-21 20:04:23"}}
{"target": 10.820833333333333, "params": {"cue_position": 8.0, "beta_rec": 0.6832260397384693, "gamma_fc": 0.0, "gamma_cf": 0.9048946488124741, "beta_enc": 0.25560434225777373}, "datetime": {"delta": 39.83759, "elapsed": 7138.107867, "datetime": "2020-06-21 20:05:03"}}
{"target": 10.1125, "params": {"cue_position": 8.0, "beta_rec": 0.6642905535739188, "gamma_fc": 0.04322644854749006, "gamma_cf": 0.8333479140863365, "beta_enc": 0.2465240954350242}, "datetime": {"delta": 36.471152, "elapsed": 7174.579019, "datetime": "2020-06-21 20:05:39"}}
{"target": 11.045833333333333, "params": {"cue_position": 8.0, "beta_rec": 0.7177810371193902, "gamma_fc": 0.0, "gamma_cf": 0.9533179863816599, "beta_enc": 0.1877039084831435}, "datetime": {"delta": 36.270207, "elapsed": 7210.849226, "datetime": "2020-06-21 20:06:16"}}
{"target": 10.945833333333333, "params": {"cue_position": 8.0, "beta_rec": 0.7139007535198476, "gamma_fc": 0.0, "gamma_cf": 0.9925118781410277, "beta_enc": 0.23377732139302917}, "datetime": {"delta": 35.442924, "elapsed": 7246.29215, "datetime": "2020-06-21 20:06:51"}}
{"target": 10.341666666666667, "params": {"cue_position": 8.0, "beta_rec": 0.643406048119073, "gamma_fc": 0.0, "gamma_cf": 0.9611419671178538, "beta_enc": 0.2011769362537139}, "datetime": {"delta": 36.816539, "elapsed": 7283.108689, "datetime": "2020-06-21 20:07:28"}}
{"target": 11.116666666666667, "params": {"cue_position": 8.0, "beta_rec": 0.7422410884821423, "gamma_fc": 0.0, "gamma_cf": 1.0, "beta_enc": 0.16069237705345799}, "datetime": {"delta": 39.94261, "elapsed": 7323.051299, "datetime": "2020-06-21 20:08:08"}}
{"target": 10.566666666666666, "params": {"cue_position": 8.0, "beta_rec": 0.743600699665754, "gamma_fc": 0.0, "gamma_cf": 0.958512865329051, "beta_enc": 0.10689140856675201}, "datetime": {"delta": 38.224327, "elapsed": 7361.275626, "datetime": "2020-06-21 20:08:46"}}
{"target": 11.0125, "params": {"cue_position": 8.0, "beta_rec": 0.7794378963667373, "gamma_fc": 0.0, "gamma_cf": 1.0, "beta_enc": 0.299359118105795}, "datetime": {"delta": 41.343759, "elapsed": 7402.619385, "datetime": "2020-06-21 20:09:27"}}
{"target": 10.620833333333334, "params": {"cue_position": 8.0, "beta_rec": 0.37579731709347436, "gamma_fc": 0.0, "gamma_cf": 1.0, "beta_enc": 0.39002443822350136}, "datetime": {"delta": 39.256302, "elapsed": 7441.875687, "datetime": "2020-06-21 20:10:07"}}
{"target": 10.208333333333334, "params": {"cue_position": 8.0, "beta_rec": 0.3589774371823415, "gamma_fc": 0.026742733622675006, "gamma_cf": 1.0, "beta_enc": 0.4852138092197764}, "datetime": {"delta": 35.362268, "elapsed": 7477.237955, "datetime": "2020-06-21 20:10:42"}}
{"target": 9.966666666666667, "params": {"cue_position": 8.0, "beta_rec": 0.41010534623472217, "gamma_fc": 0.0, "gamma_cf": 0.9499328143386957, "beta_enc": 0.3103515633171865}, "datetime": {"delta": 37.381668, "elapsed": 7514.619623, "datetime": "2020-06-21 20:11:19"}}
{"target": 11.008333333333333, "params": {"cue_position": 8.0, "beta_rec": 0.687475309585623, "gamma_fc": 0.0, "gamma_cf": 1.0, "beta_enc": 0.13548615252154625}, "datetime": {"delta": 37.336256, "elapsed": 7551.955879, "datetime": "2020-06-21 20:11:57"}}
{"target": 10.233333333333333, "params": {"cue_position": 8.0, "beta_rec": 0.9872319462228787, "gamma_fc": 0.06417228348826826, "gamma_cf": 0.8304607582890108, "beta_enc": 0.419730771146918}, "datetime": {"delta": 36.531431, "elapsed": 7588.48731, "datetime": "2020-06-21 20:12:33"}}
{"target": 9.783333333333333, "params": {"cue_position": 8.0, "beta_rec": 0.2899636679570835, "gamma_fc": 0.06027494833355672, "gamma_cf": 0.9705320542463657, "beta_enc": 0.39935239670104705}, "datetime": {"delta": 35.019679, "elapsed": 7623.506989, "datetime": "2020-06-21 20:13:08"}}
{"target": 10.520833333333334, "params": {"cue_position": 8.0, "beta_rec": 0.607062684711974, "gamma_fc": 0.016148700118668743, "gamma_cf": 0.7725028623825969, "beta_enc": 0.403210798699818}, "datetime": {"delta": 36.470601, "elapsed": 7659.97759, "datetime": "2020-06-21 20:13:45"}}
{"target": 10.175, "params": {"cue_position": 8.0, "beta_rec": 0.6366985418044051, "gamma_fc": 0.1024145901420611, "gamma_cf": 0.7632675479279734, "beta_enc": 0.4404834960126507}, "datetime": {"delta": 37.65446, "elapsed": 7697.63205, "datetime": "2020-06-21 20:14:22"}}
{"target": 9.991666666666667, "params": {"cue_position": 8.0, "beta_rec": 0.5658593241505119, "gamma_fc": 0.028552282535724064, "gamma_cf": 0.8404406842462934, "beta_enc": 0.48490182809805804}, "datetime": {"delta": 39.205267, "elapsed": 7736.837317, "datetime": "2020-06-21 20:15:02"}}
{"target": 10.220833333333333, "params": {"cue_position": 8.0, "beta_rec": 0.6834914803464823, "gamma_fc": 0.0, "gamma_cf": 0.7460298988669403, "beta_enc": 0.45530225556332193}, "datetime": {"delta": 34.319765, "elapsed": 7771.157082, "datetime": "2020-06-21 20:15:36"}}
{"target": 10.0125, "params": {"cue_position": 8.0, "beta_rec": 0.5781985402898919, "gamma_fc": 0.04395281360542273, "gamma_cf": 0.6670609221014946, "beta_enc": 0.42142509929712124}, "datetime": {"delta": 33.9885, "elapsed": 7805.145582, "datetime": "2020-06-21 20:16:10"}}
{"target": 9.8, "params": {"cue_position": 8.0, "beta_rec": 0.9607751682408798, "gamma_fc": 0.1457586412496751, "gamma_cf": 0.7775257683551843, "beta_enc": 0.30044686478688165}, "datetime": {"delta": 32.765186, "elapsed": 7837.910768, "datetime": "2020-06-21 20:16:43"}}
{"target": 10.1625, "params": {"cue_position": 8.0, "beta_rec": 0.6000062222475769, "gamma_fc": 0.0, "gamma_cf": 0.7358557486684992, "beta_enc": 0.30893513269541845}, "datetime": {"delta": 33.033695, "elapsed": 7870.944463, "datetime": "2020-06-21 20:17:16"}}
{"target": 9.3875, "params": {"cue_position": 8.0, "beta_rec": 0.5818978673009673, "gamma_fc": 0.2265773898384346, "gamma_cf": 0.9296175661361954, "beta_enc": 0.3544438986424733}, "datetime": {"delta": 34.161897, "elapsed": 7905.10636, "datetime": "2020-06-21 20:17:50"}}
{"target": 10.404166666666667, "params": {"cue_position": 8.0, "beta_rec": 0.3885640412165535, "gamma_fc": 0.0, "gamma_cf": 0.8909211353835764, "beta_enc": 0.48916162358014503}, "datetime": {"delta": 35.268467, "elapsed": 7940.374827, "datetime": "2020-06-21 20:18:25"}}
{"target": 10.195833333333333, "params": {"cue_position": 8.0, "beta_rec": 0.4323703068797673, "gamma_fc": 0.0, "gamma_cf": 0.7940103524910985, "beta_enc": 0.41419732146086513}, "datetime": {"delta": 34.372852, "elapsed": 7974.747679, "datetime": "2020-06-21 20:19:00"}}
{"target": 9.804166666666667, "params": {"cue_position": 8.0, "beta_rec": 0.375700791925785, "gamma_fc": 0.07542398764452647, "gamma_cf": 0.8191675897767324, "beta_enc": 0.4965456549342386}, "datetime": {"delta": 32.671485, "elapsed": 8007.419164, "datetime": "2020-06-21 20:19:32"}}
{"target": 10.516666666666667, "params": {"cue_position": 8.0, "beta_rec": 0.5325046262224963, "gamma_fc": 0.0, "gamma_cf": 0.8348504126661705, "beta_enc": 0.33705886843405725}, "datetime": {"delta": 32.419676, "elapsed": 8039.83884, "datetime": "2020-06-21 20:20:05"}}
{"target": 9.945833333333333, "params": {"cue_position": 8.0, "beta_rec": 0.36027492596439187, "gamma_fc": 0.0, "gamma_cf": 0.8904479408923446, "beta_enc": 0.3994220147010958}, "datetime": {"delta": 32.541113, "elapsed": 8072.379953, "datetime": "2020-06-21 20:20:37"}}
{"target": 10.158333333333333, "params": {"cue_position": 8.0, "beta_rec": 0.507514175350435, "gamma_fc": 0.0, "gamma_cf": 0.733563875739894, "beta_enc": 0.37067920530060083}, "datetime": {"delta": 33.09841, "elapsed": 8105.478363, "datetime": "2020-06-21 20:21:10"}}
{"target": 11.15, "params": {"cue_position": 8.0, "beta_rec": 0.8531235703637055, "gamma_fc": 0.0, "gamma_cf": 1.0, "beta_enc": 0.09154473632363336}, "datetime": {"delta": 33.861056, "elapsed": 8139.339419, "datetime": "2020-06-21 20:21:44"}}
{"target": 10.958333333333334, "params": {"cue_position": 8.0, "beta_rec": 0.8275795018464925, "gamma_fc": 0.0, "gamma_cf": 1.0, "beta_enc": 0.03652319378697199}, "datetime": {"delta": 34.625454, "elapsed": 8173.964873, "datetime": "2020-06-21 20:22:19"}}
{"target": 10.770833333333334, "params": {"cue_position": 8.0, "beta_rec": 0.8648723158540711, "gamma_fc": 0.0, "gamma_cf": 0.9488931675754559, "beta_enc": 0.0643920393389977}, "datetime": {"delta": 35.044678, "elapsed": 8209.009551, "datetime": "2020-06-21 20:22:54"}}
{"target": 11.029166666666667, "params": {"cue_position": 8.0, "beta_rec": 0.8008929976517276, "gamma_fc": 0.0, "gamma_cf": 1.0, "beta_enc": 0.09360671245737455}, "datetime": {"delta": 34.726109, "elapsed": 8243.73566, "datetime": "2020-06-21 20:23:29"}}
