{"target": 5.824000000000001, "params": {"primacy": 1.0, "beta_rec": 0.7203244934421581, "gamma_fc": 0.00011437481734488664, "beta_enc": 0.417022004702574}, "datetime": {"elapsed": 0.0, "delta": 0.0, "datetime": "2020-10-05 21:50:20"}}
{"target": 5.300666666666666, "params": {"primacy": 1.0, "beta_rec": 0.0923385947687978, "gamma_fc": 0.1862602113776709, "beta_enc": 0.14675589081711304}, "datetime": {"elapsed": 18.377113, "delta": 18.377113, "datetime": "2020-10-05 21:50:38"}}
{"target": 5.294444444444444, "params": {"primacy": 1.0, "beta_rec": 0.538816734003357, "gamma_fc": 0.4191945144032948, "beta_enc": 0.39676747423066994}, "datetime": {"elapsed": 36.674322, "delta": 18.297209, "datetime": "2020-10-05 21:50:56"}}
{"target": 5.464222222222222, "params": {"primacy": 1.0, "beta_rec": 0.8781174363909454, "gamma_fc": 0.027387593197926163, "beta_enc": 0.20445224973151743}, "datetime": {"elapsed": 55.25709, "delta": 18.582768, "datetime": "2020-10-05 21:51:15"}}
{"target": 5.523777777777777, "params": {"primacy": 1.0, "beta_rec": 0.5586898284457517, "gamma_fc": 0.14038693859523377, "beta_enc": 0.41730480236712697}, "datetime": {"elapsed": 73.947054, "delta": 18.689964, "datetime": "2020-10-05 21:51:34"}}
{"target": 6.477777777777777, "params": {"primacy": 1.0, "beta_rec": 0.9682615757193975, "gamma_fc": 0.31342417815924284, "beta_enc": 0.8007445686755367}, "datetime": {"elapsed": 94.316485, "delta": 20.369431, "datetime": "2020-10-05 21:51:54"}}
{"target": 6.840222222222222, "params": {"primacy": 1.0, "beta_rec": 0.8946066635038473, "gamma_fc": 0.08504421136977791, "beta_enc": 0.8763891522960383}, "datetime": {"elapsed": 115.264119, "delta": 20.947634, "datetime": "2020-10-05 21:52:15"}}
{"target": 5.385111111111111, "params": {"primacy": 1.0, "beta_rec": 0.8781425034294131, "gamma_fc": 0.0983468338330501, "beta_enc": 0.1698304195645689}, "datetime": {"elapsed": 133.737809, "delta": 18.47369, "datetime": "2020-10-05 21:52:33"}}
{"target": 1.894222222222222, "params": {"primacy": 1.0, "beta_rec": 0.5331652849730171, "gamma_fc": 0.6918771139504734, "beta_enc": 0.9578895301505019}, "datetime": {"elapsed": 145.588226, "delta": 11.850417, "datetime": "2020-10-05 21:52:45"}}
{"target": 6.6544444444444455, "params": {"primacy": 1.0, "beta_rec": 0.8346256718973729, "gamma_fc": 0.018288277344191806, "beta_enc": 0.6865009276815837}, "datetime": {"elapsed": 166.206556, "delta": 20.61833, "datetime": "2020-10-05 21:53:06"}}
{"target": 2.737111111111111, "params": {"primacy": 1.0, "beta_rec": 0.7481656543798394, "gamma_fc": 0.2804439920644052, "beta_enc": 0.9888610889064947}, "datetime": {"elapsed": 179.660509, "delta": 13.453953, "datetime": "2020-10-05 21:53:19"}}
{"target": 5.243555555555556, "params": {"primacy": 1.0, "beta_rec": 0.44789352617590517, "gamma_fc": 0.9085955030930956, "beta_enc": 0.10322600657764203}, "datetime": {"elapsed": 197.800158, "delta": 18.139649, "datetime": "2020-10-05 21:53:37"}}
{"target": 5.211333333333333, "params": {"primacy": 1.0, "beta_rec": 0.13002857211827767, "gamma_fc": 0.019366957870297075, "beta_enc": 0.28777533858634874}, "datetime": {"elapsed": 215.933852, "delta": 18.133694, "datetime": "2020-10-05 21:53:56"}}
{"target": 5.305777777777777, "params": {"primacy": 1.0, "beta_rec": 0.2655466593722262, "gamma_fc": 0.4915731592803383, "beta_enc": 0.21162811600005904}, "datetime": {"elapsed": 234.181379, "delta": 18.247527, "datetime": "2020-10-05 21:54:14"}}
{"target": 4.211777777777778, "params": {"primacy": 1.0, "beta_rec": 0.14672857490581015, "gamma_fc": 0.5893055369032842, "beta_enc": 0.5741176054920131}, "datetime": {"elapsed": 250.422147, "delta": 16.240768, "datetime": "2020-10-05 21:54:30"}}
{"target": 5.298, "params": {"primacy": 1.0, "beta_rec": 0.4140559878195683, "gamma_fc": 0.6944001577277451, "beta_enc": 0.10233442882782584}, "datetime": {"elapsed": 268.61972, "delta": 18.197573, "datetime": "2020-10-05 21:54:48"}}
{"target": 5.319111111111111, "params": {"primacy": 1.0, "beta_rec": 0.5358964059155116, "gamma_fc": 0.6637946452197888, "beta_enc": 0.04995345894608716}, "datetime": {"elapsed": 286.857312, "delta": 18.237592, "datetime": "2020-10-05 21:55:06"}}
{"target": 1.753777777777778, "params": {"primacy": 1.0, "beta_rec": 0.5865550405019929, "gamma_fc": 0.9034019152878835, "beta_enc": 0.9445947559908133}, "datetime": {"elapsed": 298.457454, "delta": 11.600142, "datetime": "2020-10-05 21:55:18"}}
{"target": 5.329777777777778, "params": {"primacy": 1.0, "beta_rec": 0.8073912887095238, "gamma_fc": 0.3976768369855336, "beta_enc": 0.13927634725075855}, "datetime": {"elapsed": 316.733157, "delta": 18.275703, "datetime": "2020-10-05 21:55:36"}}
{"target": 1.9293333333333333, "params": {"primacy": 1.0, "beta_rec": 0.34776585974550656, "gamma_fc": 0.7508121031361555, "beta_enc": 0.9275085803960339}, "datetime": {"elapsed": 328.624267, "delta": 11.89111, "datetime": "2020-10-05 21:55:48"}}
{"target": 2.4766666666666666, "params": {"primacy": 1.0, "beta_rec": 0.6236722070556089, "gamma_fc": 0.7509424340273372, "beta_enc": 0.8833060912058098}, "datetime": {"elapsed": 341.578501, "delta": 12.954234, "datetime": "2020-10-05 21:56:01"}}
{"target": 5.298222222222222, "params": {"primacy": 1.0, "beta_rec": 0.8958862181960668, "gamma_fc": 0.4280911898712949, "beta_enc": 0.2699278917650261}, "datetime": {"elapsed": 359.83394, "delta": 18.255439, "datetime": "2020-10-05 21:56:19"}}
{"target": 5.290666666666667, "params": {"primacy": 1.0, "beta_rec": 0.6216957202091218, "gamma_fc": 0.11474597295337519, "beta_enc": 0.6634414978184481}, "datetime": {"elapsed": 378.097956, "delta": 18.264016, "datetime": "2020-10-05 21:56:38"}}
{"target": 5.276444444444445, "params": {"primacy": 1.0, "beta_rec": 0.5783896143871318, "gamma_fc": 0.40813680276128117, "beta_enc": 0.4499121334799405}, "datetime": {"elapsed": 396.264625, "delta": 18.166669, "datetime": "2020-10-05 21:56:56"}}
{"target": 3.2328888888888883, "params": {"primacy": 1.0, "beta_rec": 0.5736794866722859, "gamma_fc": 0.00287032703115897, "beta_enc": 0.9033795205622538}, "datetime": {"elapsed": 410.607416, "delta": 14.342791, "datetime": "2020-10-05 21:57:10"}}
{"target": 5.137555555555555, "params": {"primacy": 1.0, "beta_rec": 0.5270581022576093, "gamma_fc": 0.8859420993107745, "beta_enc": 0.32664490177209615}, "datetime": {"elapsed": 428.500334, "delta": 17.892918, "datetime": "2020-10-05 21:57:28"}}
{"target": 3.361777777777778, "params": {"primacy": 1.0, "beta_rec": 0.6233601157918027, "gamma_fc": 0.015821242846556283, "beta_enc": 0.9085351509197992}, "datetime": {"elapsed": 443.069164, "delta": 14.56883, "datetime": "2020-10-05 21:57:43"}}
{"target": 6.765777777777778, "params": {"primacy": 1.0, "beta_rec": 0.9973228504514805, "gamma_fc": 0.17234050834532855, "beta_enc": 0.690896917516924}, "datetime": {"elapsed": 463.84273, "delta": 20.773566, "datetime": "2020-10-05 21:58:03"}}
{"target": 3.5155555555555553, "params": {"primacy": 1.0, "beta_rec": 0.6968181614899002, "gamma_fc": 0.06600017272206249, "beta_enc": 0.9325954630371636}, "datetime": {"elapsed": 478.768052, "delta": 14.925322, "datetime": "2020-10-05 21:58:18"}}
{"target": 4.0904444444444445, "params": {"primacy": 1.0, "beta_rec": 0.9230245355464833, "gamma_fc": 0.7115247586284718, "beta_enc": 0.7538761884612464}, "datetime": {"elapsed": 494.755726, "delta": 15.987674, "datetime": "2020-10-05 21:58:34"}}
{"target": 5.277333333333333, "params": {"primacy": 1.0, "beta_rec": 0.026210986877719278, "gamma_fc": 0.028306488020794607, "beta_enc": 0.01988013383979559}, "datetime": {"elapsed": 512.962424, "delta": 18.206698, "datetime": "2020-10-05 21:58:53"}}
{"target": 2.9395555555555557, "params": {"primacy": 1.0, "beta_rec": 0.5388310643416528, "gamma_fc": 0.5528219786857659, "beta_enc": 0.860027948682888}, "datetime": {"elapsed": 526.809984, "delta": 13.84756, "datetime": "2020-10-05 21:59:06"}}
{"target": 5.294222222222222, "params": {"primacy": 1.0, "beta_rec": 0.2791836790111395, "gamma_fc": 0.5857592714582879, "beta_enc": 0.12417331511991114}, "datetime": {"elapsed": 545.033287, "delta": 18.223303, "datetime": "2020-10-05 21:59:25"}}
{"target": 3.927111111111111, "params": {"primacy": 1.0, "beta_rec": 0.01864728937294302, "gamma_fc": 0.8006326726806163, "beta_enc": 0.56103021925571}, "datetime": {"elapsed": 560.792851, "delta": 15.759564, "datetime": "2020-10-05 21:59:40"}}
{"target": 2.736222222222222, "params": {"primacy": 1.0, "beta_rec": 0.38786064406417176, "gamma_fc": 0.8635418545594287, "beta_enc": 0.8071051956187791}, "datetime": {"elapsed": 574.233006, "delta": 13.440155, "datetime": "2020-10-05 21:59:54"}}
{"target": 4.305999999999999, "params": {"primacy": 1.0, "beta_rec": 0.13645522566068502, "gamma_fc": 0.05991768951221166, "beta_enc": 0.5562402339904189}, "datetime": {"elapsed": 590.667664, "delta": 16.434658, "datetime": "2020-10-05 22:00:10"}}
{"target": 5.298888888888889, "params": {"primacy": 1.0, "beta_rec": 0.1074941291060929, "gamma_fc": 0.2257093386078547, "beta_enc": 0.044551878544761725}, "datetime": {"elapsed": 608.90574, "delta": 18.238076, "datetime": "2020-10-05 22:00:28"}}
{"target": 3.949777777777778, "params": {"primacy": 1.0, "beta_rec": 0.012555980159115854, "gamma_fc": 0.07197427968948678, "beta_enc": 0.5597169820541424}, "datetime": {"elapsed": 624.659617, "delta": 15.753877, "datetime": "2020-10-05 22:00:44"}}
{"target": 4.429111111111111, "params": {"primacy": 1.0, "beta_rec": 0.20329323466099047, "gamma_fc": 0.2523257445703234, "beta_enc": 0.5681004619199421}, "datetime": {"elapsed": 641.378794, "delta": 16.719177, "datetime": "2020-10-05 22:01:01"}}
{"target": 5.224444444444444, "params": {"primacy": 1.0, "beta_rec": 0.5813589272732578, "gamma_fc": 0.9700199890883123, "beta_enc": 0.1954294811093188}, "datetime": {"elapsed": 659.460062, "delta": 18.081268, "datetime": "2020-10-05 22:01:19"}}
{"target": 5.287777777777778, "params": {"primacy": 1.0, "beta_rec": 0.49376971426872995, "gamma_fc": 0.6199557183813798, "beta_enc": 0.23984775914758616}, "datetime": {"elapsed": 677.688013, "delta": 18.227951, "datetime": "2020-10-05 22:01:37"}}
{"target": 5.283111111111111, "params": {"primacy": 1.0, "beta_rec": 0.018576202177409518, "gamma_fc": 0.07002214371922233, "beta_enc": 0.15679139464608427}, "datetime": {"elapsed": 695.895758, "delta": 18.207745, "datetime": "2020-10-05 22:01:55"}}
{"target": 5.137777777777778, "params": {"primacy": 1.0, "beta_rec": 0.5688514370864813, "gamma_fc": 0.31736240932216075, "beta_enc": 0.6063294616533303}, "datetime": {"elapsed": 713.836257, "delta": 17.940499, "datetime": "2020-10-05 22:02:13"}}
{"target": 4.592222222222223, "params": {"primacy": 1.0, "beta_rec": 0.3801411726235504, "gamma_fc": 0.5509482191178968, "beta_enc": 0.5797452192457969}, "datetime": {"elapsed": 730.747316, "delta": 16.911059, "datetime": "2020-10-05 22:02:30"}}
{"target": 3.966222222222222, "params": {"primacy": 1.0, "beta_rec": 0.2649195576628094, "gamma_fc": 0.06633483442844157, "beta_enc": 0.6692328934531846}, "datetime": {"elapsed": 746.622596, "delta": 15.87528, "datetime": "2020-10-05 22:02:46"}}
{"target": 3.8546666666666667, "params": {"primacy": 1.0, "beta_rec": 0.2101740099148396, "gamma_fc": 0.7527555537388139, "beta_enc": 0.6297175070215645}, "datetime": {"elapsed": 762.277293, "delta": 15.654697, "datetime": "2020-10-05 22:03:02"}}
{"target": 5.434444444444444, "params": {"primacy": 1.0, "beta_rec": 0.8047545637433454, "gamma_fc": 0.19343428262332774, "beta_enc": 0.26031509857854096}, "datetime": {"elapsed": 780.847717, "delta": 18.570424, "datetime": "2020-10-05 22:03:20"}}
{"target": 5.671555555555556, "params": {"primacy": 1.0, "beta_rec": 0.9248079703993507, "gamma_fc": 0.263296770487111, "beta_enc": 0.5246703091237337}, "datetime": {"elapsed": 799.830695, "delta": 18.982978, "datetime": "2020-10-05 22:03:39"}}
{"target": 3.5195555555555558, "params": {"primacy": 1.0, "beta_rec": 0.7721780295432468, "gamma_fc": 0.907815852503524, "beta_enc": 0.7350659632886695}, "datetime": {"elapsed": 814.82099, "delta": 14.990295, "datetime": "2020-10-05 22:03:54"}}
{"target": 5.313333333333334, "params": {"primacy": 1.0, "beta_rec": 0.2343620861214205, "gamma_fc": 0.6167783570016576, "beta_enc": 0.013951572975597015}, "datetime": {"elapsed": 833.223393, "delta": 18.402403, "datetime": "2020-10-05 22:04:13"}}
{"target": 1.684, "params": {"primacy": 1.0, "beta_rec": 0.5566531881951564, "gamma_fc": 0.9156063497662745, "beta_enc": 0.9501761192470797}, "datetime": {"elapsed": 844.689907, "delta": 11.466514, "datetime": "2020-10-05 22:04:24"}}
{"target": 5.173777777777778, "params": {"primacy": 1.0, "beta_rec": 0.48599066709690975, "gamma_fc": 0.6043104829199732, "beta_enc": 0.39000771414124624}, "datetime": {"elapsed": 862.795206, "delta": 18.105299, "datetime": "2020-10-05 22:04:42"}}
{"target": 4.496888888888888, "params": {"primacy": 1.0, "beta_rec": 0.9187334356336061, "gamma_fc": 0.3948756129235549, "beta_enc": 0.9261814267064536}, "datetime": {"elapsed": 879.56025, "delta": 16.765044, "datetime": "2020-10-05 22:04:59"}}
{"target": 5.345555555555555, "params": {"primacy": 1.0, "beta_rec": 0.12632951943963733, "gamma_fc": 0.13507915804673132, "beta_enc": 0.17395566668046436}, "datetime": {"elapsed": 897.985116, "delta": 18.424866, "datetime": "2020-10-05 22:05:18"}}
{"target": 5.284, "params": {"primacy": 1.0, "beta_rec": 0.947970211217681, "gamma_fc": 0.8271154711707325, "beta_enc": 0.021524805274197978}, "datetime": {"elapsed": 916.362419, "delta": 18.377303, "datetime": "2020-10-05 22:05:36"}}
{"target": 5.343333333333333, "params": {"primacy": 1.0, "beta_rec": 0.332063574366837, "gamma_fc": 0.1309968448109169, "beta_enc": 0.17619625557505525}, "datetime": {"elapsed": 934.68199, "delta": 18.319571, "datetime": "2020-10-05 22:05:54"}}
{"target": 5.2315555555555555, "params": {"primacy": 1.0, "beta_rec": 0.9401074823333672, "gamma_fc": 0.58201417994708, "beta_enc": 0.34473665268329345}, "datetime": {"elapsed": 952.827197, "delta": 18.145207, "datetime": "2020-10-05 22:06:12"}}
{"target": 4.674, "params": {"primacy": 1.0, "beta_rec": 0.9053923187086492, "gamma_fc": 0.45988026581680697, "beta_enc": 0.8447344453922219}, "datetime": {"elapsed": 969.876787, "delta": 17.04959, "datetime": "2020-10-05 22:06:29"}}
{"target": 3.054666666666667, "params": {"primacy": 1.0, "beta_rec": 0.28571885173414757, "gamma_fc": 0.4902535226199277, "beta_enc": 0.7986035911520394}, "datetime": {"elapsed": 983.977734, "delta": 14.100947, "datetime": "2020-10-05 22:06:44"}}
{"target": 5.3, "params": {"primacy": 1.0, "beta_rec": 0.5934814081966372, "gamma_fc": 0.4336763489894583, "beta_enc": 0.015533275550835723}, "datetime": {"elapsed": 1002.305675, "delta": 18.327941, "datetime": "2020-10-05 22:07:02"}}
{"target": 5.251555555555555, "params": {"primacy": 1.0, "beta_rec": 0.8928887085251513, "gamma_fc": 0.5778572152845355, "beta_enc": 0.31524480309537295}, "datetime": {"elapsed": 1020.569865, "delta": 18.26419, "datetime": "2020-10-05 22:07:20"}}
{"target": 4.414666666666667, "params": {"primacy": 1.0, "beta_rec": 0.6120311770449339, "gamma_fc": 0.053909272073752956, "beta_enc": 0.7879292338255043}, "datetime": {"elapsed": 1037.151463, "delta": 16.581598, "datetime": "2020-10-05 22:07:37"}}
{"target": 7.136444444444445, "params": {"primacy": 1.0, "beta_rec": 0.9186017779775258, "gamma_fc": 0.00040202489135743313, "beta_enc": 0.6790688365654296}, "datetime": {"elapsed": 1058.581532, "delta": 21.430069, "datetime": "2020-10-05 22:07:58"}}
{"target": 5.206, "params": {"primacy": 1.0, "beta_rec": 0.9737835383583225, "gamma_fc": 0.604716100974053, "beta_enc": 0.37658031474577447}, "datetime": {"elapsed": 1076.634021, "delta": 18.052489, "datetime": "2020-10-05 22:08:16"}}
{"target": 5.362222222222222, "params": {"primacy": 1.0, "beta_rec": 0.6280761983073504, "gamma_fc": 0.28557628169569393, "beta_enc": 0.5747115047081023}, "datetime": {"elapsed": 1094.966317, "delta": 18.332296, "datetime": "2020-10-05 22:08:35"}}
{"target": 3.840222222222222, "params": {"primacy": 1.0, "beta_rec": 0.8583138364290424, "gamma_fc": 0.7550821884676802, "beta_enc": 0.7500217637026599}, "datetime": {"elapsed": 1110.551279, "delta": 15.584962, "datetime": "2020-10-05 22:08:50"}}
{"target": 2.4033333333333333, "params": {"primacy": 1.0, "beta_rec": 0.32268099683674645, "gamma_fc": 0.6707887907875872, "beta_enc": 0.8644794300545998}, "datetime": {"elapsed": 1123.359616, "delta": 12.808337, "datetime": "2020-10-05 22:09:03"}}
{"target": 5.247111111111112, "params": {"primacy": 1.0, "beta_rec": 0.4108113499221856, "gamma_fc": 0.4014795834695406, "beta_enc": 0.3821027520315172}, "datetime": {"elapsed": 1141.494344, "delta": 18.134728, "datetime": "2020-10-05 22:09:21"}}
{"target": 4.0024444444444445, "params": {"primacy": 1.0, "beta_rec": 0.43024727082126435, "gamma_fc": 0.9738020779272523, "beta_enc": 0.6219193679203014}, "datetime": {"elapsed": 1157.330782, "delta": 15.836438, "datetime": "2020-10-05 22:09:37"}}
{"target": 5.356444444444445, "params": {"primacy": 1.0, "beta_rec": 0.4267010093480328, "gamma_fc": 0.343346239774423, "beta_enc": 0.19856988842711087}, "datetime": {"elapsed": 1175.632147, "delta": 18.301365, "datetime": "2020-10-05 22:09:55"}}
{"target": 3.1493333333333333, "params": {"primacy": 1.0, "beta_rec": 0.903841955826372, "gamma_fc": 0.6627198123752622, "beta_enc": 0.8799982885634318}, "datetime": {"elapsed": 1189.877647, "delta": 14.2455, "datetime": "2020-10-05 22:10:09"}}
{"target": 5.305555555555555, "params": {"primacy": 1.0, "beta_rec": 0.8548979426974024, "gamma_fc": 0.5277146463087466, "beta_enc": 0.25236670150458973}, "datetime": {"elapsed": 1208.099935, "delta": 18.222288, "datetime": "2020-10-05 22:10:28"}}
{"target": 5.0955555555555545, "params": {"primacy": 1.0, "beta_rec": 0.7331425252875111, "gamma_fc": 0.5190116274640558, "beta_enc": 0.5724885171916063}, "datetime": {"elapsed": 1225.924118, "delta": 17.824183, "datetime": "2020-10-05 22:10:45"}}
{"target": 4.961555555555556, "params": {"primacy": 1.0, "beta_rec": 0.4657098785919809, "gamma_fc": 0.3426889079532818, "beta_enc": 0.5688579907047155}, "datetime": {"elapsed": 1243.500435, "delta": 17.576317, "datetime": "2020-10-05 22:11:03"}}
{"target": 4.8757777777777775, "params": {"primacy": 1.0, "beta_rec": 0.07962607769825236, "gamma_fc": 0.982817113730445, "beta_enc": 0.37792417932809985}, "datetime": {"elapsed": 1260.942151, "delta": 17.441716, "datetime": "2020-10-05 22:11:21"}}
{"target": 3.5828888888888892, "params": {"primacy": 1.0, "beta_rec": 0.8749616449558981, "gamma_fc": 0.6884132523859433, "beta_enc": 0.8118586977205398}, "datetime": {"elapsed": 1275.939033, "delta": 14.996882, "datetime": "2020-10-05 22:11:36"}}
{"target": 5.3164444444444445, "params": {"primacy": 1.0, "beta_rec": 0.4668800227633063, "gamma_fc": 0.345172051155215, "beta_enc": 0.16097143681560877}, "datetime": {"elapsed": 1294.257699, "delta": 18.318666, "datetime": "2020-10-05 22:11:54"}}
{"target": 4.114444444444445, "params": {"primacy": 1.0, "beta_rec": 0.31226983770191696, "gamma_fc": 0.9163055534683507, "beta_enc": 0.5925118687657968}, "datetime": {"elapsed": 1310.33475, "delta": 16.077051, "datetime": "2020-10-05 22:12:10"}}
{"target": 5.2444444444444445, "params": {"primacy": 1.0, "beta_rec": 0.1108913007440292, "gamma_fc": 0.19296273201911285, "beta_enc": 0.2571182937821962}, "datetime": {"elapsed": 1328.487645, "delta": 18.152895, "datetime": "2020-10-05 22:12:28"}}
{"target": 3.4446666666666665, "params": {"primacy": 1.0, "beta_rec": 0.20819443840879148, "gamma_fc": 0.24803355837723073, "beta_enc": 0.7285856679745962}, "datetime": {"elapsed": 1343.327862, "delta": 14.840217, "datetime": "2020-10-05 22:12:43"}}
{"target": 5.502222222222223, "params": {"primacy": 1.0, "beta_rec": 0.6166850671552362, "gamma_fc": 0.23366613923925006, "beta_enc": 0.41584871826752734}, "datetime": {"elapsed": 1361.942833, "delta": 18.614971, "datetime": "2020-10-05 22:13:02"}}
{"target": 5.354666666666667, "params": {"primacy": 1.0, "beta_rec": 0.47714098704978236, "gamma_fc": 0.15267164409316325, "beta_enc": 0.5158570169685298}, "datetime": {"elapsed": 1380.347615, "delta": 18.404782, "datetime": "2020-10-05 22:13:20"}}
{"target": 5.606444444444445, "params": {"primacy": 1.0, "beta_rec": 0.6541373469707443, "gamma_fc": 0.1445455401246598, "beta_enc": 0.5440101188139381}, "datetime": {"elapsed": 1399.151244, "delta": 18.803629, "datetime": "2020-10-05 22:13:39"}}
{"target": 5.244222222222223, "params": {"primacy": 1.0, "beta_rec": 0.519351824366033, "gamma_fc": 0.7852960282216189, "beta_enc": 0.2220491397999227}, "datetime": {"elapsed": 1417.293512, "delta": 18.142268, "datetime": "2020-10-05 22:13:57"}}
{"target": 5.188444444444444, "params": {"primacy": 1.0, "beta_rec": 0.872922376400111, "gamma_fc": 0.8447096076020696, "beta_enc": 0.3243624597261865}, "datetime": {"elapsed": 1435.337321, "delta": 18.043809, "datetime": "2020-10-05 22:14:15"}}
{"target": 2.7786666666666666, "params": {"primacy": 1.0, "beta_rec": 0.9498059913536265, "gamma_fc": 0.8264069976293413, "beta_enc": 0.866608274166513}, "datetime": {"elapsed": 1448.856205, "delta": 13.518884, "datetime": "2020-10-05 22:14:28"}}
{"target": 5.265333333333333, "params": {"primacy": 1.0, "beta_rec": 0.651304332340991, "gamma_fc": 0.703516988152653, "beta_enc": 0.09874340182034835}, "datetime": {"elapsed": 1467.057633, "delta": 18.201428, "datetime": "2020-10-05 22:14:47"}}
{"target": 2.4864444444444445, "params": {"primacy": 1.0, "beta_rec": 0.03457121987163425, "gamma_fc": 0.7702387345549799, "beta_enc": 0.799615261736028}, "datetime": {"elapsed": 1480.057834, "delta": 13.000201, "datetime": "2020-10-05 22:15:00"}}
{"target": 5.2395555555555555, "params": {"primacy": 1.0, "beta_rec": 0.2570692988221467, "gamma_fc": 0.6323033174301278, "beta_enc": 0.2596983932983531}, "datetime": {"elapsed": 1498.171787, "delta": 18.113953, "datetime": "2020-10-05 22:15:18"}}
