{"target": 5.468666666666667, "params": {"beta_rec": 0.03457121987163425, "gamma_fc": 0.731728600739527, "cue_position": 6.0, "beta_enc": 0.799615261736028}, "datetime": {"elapsed": 3000.76635, "datetime": "2021-08-25 12:57:43", "delta": 31.055722}}
{"target": 7.593999999999999, "params": {"beta_rec": 0.2570692988221467, "gamma_fc": 0.34529746159108154, "cue_position": 6.0, "beta_enc": 0.2596983932983531}, "datetime": {"elapsed": 3038.13132, "datetime": "2021-08-25 12:58:20", "delta": 37.36497}}
{"target": 5.777333333333333, "params": {"beta_rec": 0.44614623200345727, "gamma_fc": 0.9904717836238407, "cue_position": 6.0, "beta_enc": 0.7965886780072875}, "datetime": {"elapsed": 3070.019087, "datetime": "2021-08-25 12:58:52", "delta": 31.887767}}
{"target": 7.5873333333333335, "params": {"beta_rec": 0.14300582825809938, "gamma_fc": 0.5415593788873733, "cue_position": 6.0, "beta_enc": 0.30024833953390007}, "datetime": {"elapsed": 3107.479222, "datetime": "2021-08-25 12:59:30", "delta": 37.460135}}
{"target": 4.0344444444444445, "params": {"beta_rec": 0.6366044000018972, "gamma_fc": 0.5460708041429516, "cue_position": 6.0, "beta_enc": 0.9747403708550822}, "datetime": {"elapsed": 3133.907582, "datetime": "2021-08-25 12:59:56", "delta": 26.42836}}
{"target": 6.88, "params": {"beta_rec": 0.1354279030721699, "gamma_fc": 0.026218567296373285, "cue_position": 6.0, "beta_enc": 0.5264259339055213}, "datetime": {"elapsed": 3169.267619, "datetime": "2021-08-25 13:00:31", "delta": 35.360037}}
{"target": 7.707777777777778, "params": {"beta_rec": 0.7456371927074961, "gamma_fc": 0.36654309724374434, "cue_position": 6.0, "beta_enc": 0.1603951795196491}, "datetime": {"elapsed": 3207.052058, "datetime": "2021-08-25 13:01:09", "delta": 37.784439}}
{"target": 4.979555555555555, "params": {"beta_rec": 0.6926777175073543, "gamma_fc": 0.18863680095531088, "cue_position": 6.0, "beta_enc": 0.8623462528380441}, "datetime": {"elapsed": 3236.511993, "datetime": "2021-08-25 13:01:39", "delta": 29.459935}}
{"target": 6.961777777777778, "params": {"beta_rec": 0.5815774073442912, "gamma_fc": 0.20390622523312185, "cue_position": 6.0, "beta_enc": 0.44190428074842336}, "datetime": {"elapsed": 3272.131876, "datetime": "2021-08-25 13:02:14", "delta": 35.619883}}
{"target": 7.665555555555555, "params": {"beta_rec": 0.26217308377291193, "gamma_fc": 0.4569753274356928, "cue_position": 6.0, "beta_enc": 0.24773290176235485}, "datetime": {"elapsed": 3309.804365, "datetime": "2021-08-25 13:02:52", "delta": 37.672489}}
{"target": 7.711333333333333, "params": {"beta_rec": 0.5085162406102396, "gamma_fc": 0.7986042447602102, "cue_position": 6.0, "beta_enc": 0.05692943841109499}, "datetime": {"elapsed": 3347.619437, "datetime": "2021-08-25 13:03:30", "delta": 37.815072}}
{"target": 7.658444444444444, "params": {"beta_rec": 0.02760601195450363, "gamma_fc": 0.8438404289311888, "cue_position": 6.0, "beta_enc": 0.29733138150727223}, "datetime": {"elapsed": 3385.356264, "datetime": "2021-08-25 13:04:08", "delta": 37.736827}}
{"target": 7.521111111111111, "params": {"beta_rec": 0.7498583107261434, "gamma_fc": 0.5409518049621886, "cue_position": 6.0, "beta_enc": 0.3810161240622142}, "datetime": {"elapsed": 3422.657053, "datetime": "2021-08-25 13:04:45", "delta": 37.300789}}
{"target": 4.024222222222223, "params": {"beta_rec": 0.8039608914986468, "gamma_fc": 0.7093872512312951, "cue_position": 6.0, "beta_enc": 0.9594343210617524}, "datetime": {"elapsed": 3449.114685, "datetime": "2021-08-25 13:05:11", "delta": 26.457632}}
{"target": 7.148444444444445, "params": {"beta_rec": 0.9475489413950998, "gamma_fc": 0.2670720196843658, "cue_position": 6.0, "beta_enc": 0.46500148156350607}, "datetime": {"elapsed": 3485.298273, "datetime": "2021-08-25 13:05:47", "delta": 36.183588}}
{"target": 7.727777777777777, "params": {"beta_rec": 0.42861882866378653, "gamma_fc": 0.6337867606119179, "cue_position": 6.0, "beta_enc": 0.081473964877262}, "datetime": {"elapsed": 3523.201017, "datetime": "2021-08-25 13:06:25", "delta": 37.902744}}
{"target": 5.331333333333333, "params": {"beta_rec": 0.6968004961201785, "gamma_fc": 0.3424541198435198, "cue_position": 6.0, "beta_enc": 0.8029632373737379}, "datetime": {"elapsed": 3553.808851, "datetime": "2021-08-25 13:06:56", "delta": 30.607834}}
{"target": 5.227555555555556, "params": {"beta_rec": 0.42876877499944255, "gamma_fc": 0.6264961586242938, "cue_position": 6.0, "beta_enc": 0.8458514830276777}, "datetime": {"elapsed": 3584.17596, "datetime": "2021-08-25 13:07:26", "delta": 30.367109}}
{"target": 7.734888888888888, "params": {"beta_rec": 0.07838689985494796, "gamma_fc": 0.06672499763935646, "cue_position": 6.0, "beta_enc": 0.1434230486702449}, "datetime": {"elapsed": 3622.17822, "datetime": "2021-08-25 13:08:04", "delta": 38.00226}}
{"target": 7.262666666666666, "params": {"beta_rec": 0.11334192276759048, "gamma_fc": 0.7548614813904674, "cue_position": 6.0, "beta_enc": 0.4585838137084318}, "datetime": {"elapsed": 3658.806064, "datetime": "2021-08-25 13:08:41", "delta": 36.627844}}
{"target": 7.407555555555556, "params": {"beta_rec": 0.7469384956075251, "gamma_fc": 0.4500867470007611, "cue_position": 6.0, "beta_enc": 0.3948504804606394}, "datetime": {"elapsed": 3695.827926, "datetime": "2021-08-25 13:09:18", "delta": 37.021862}}
{"target": 7.085333333333334, "params": {"beta_rec": 0.47400392656219403, "gamma_fc": 0.40239251985773583, "cue_position": 6.0, "beta_enc": 0.47807250671783097}, "datetime": {"elapsed": 3731.860794, "datetime": "2021-08-25 13:09:54", "delta": 36.032868}}
{"target": 4.507111111111111, "params": {"beta_rec": 0.037061047954035864, "gamma_fc": 0.12564138113773882, "cue_position": 6.0, "beta_enc": 0.904686160343623}, "datetime": {"elapsed": 3759.94801, "datetime": "2021-08-25 13:10:22", "delta": 28.087216}}
{"target": 6.541333333333332, "params": {"beta_rec": 0.010364261335231939, "gamma_fc": 0.0030179566195963625, "cue_position": 6.0, "beta_enc": 0.6185135669120855}, "datetime": {"elapsed": 3794.27737, "datetime": "2021-08-25 13:10:56", "delta": 34.32936}}
{"target": 3.8608888888888893, "params": {"beta_rec": 0.905402033702778, "gamma_fc": 0.9152743199147875, "cue_position": 6.0, "beta_enc": 0.9511937854902045}, "datetime": {"elapsed": 3820.141775, "datetime": "2021-08-25 13:11:22", "delta": 25.864405}}
{"target": 7.701777777777778, "params": {"beta_rec": 0.15773006987053328, "gamma_fc": 0.6224959022999211, "cue_position": 6.0, "beta_enc": 0.14555823115839706}, "datetime": {"elapsed": 3857.86931, "datetime": "2021-08-25 13:12:00", "delta": 37.727535}}
{"target": 4.462444444444444, "params": {"beta_rec": 0.9899551783590737, "gamma_fc": 0.7318004091422953, "cue_position": 6.0, "beta_enc": 0.9058094960083019}, "datetime": {"elapsed": 3885.708468, "datetime": "2021-08-25 13:12:28", "delta": 27.839158}}
{"target": 4.868, "params": {"beta_rec": 0.4008737323711209, "gamma_fc": 0.17343017078712286, "cue_position": 6.0, "beta_enc": 0.9092932045442544}, "datetime": {"elapsed": 3914.925179, "datetime": "2021-08-25 13:12:57", "delta": 29.216711}}
{"target": 7.746444444444445, "params": {"beta_rec": 0.8126105880328287, "gamma_fc": 0.2642974827269007, "cue_position": 6.0, "beta_enc": 0.119457050333729}, "datetime": {"elapsed": 3952.820851, "datetime": "2021-08-25 13:13:35", "delta": 37.895672}}
{"target": 5.395999999999999, "params": {"beta_rec": 0.31058725179421, "gamma_fc": 0.2666387021516352, "cue_position": 6.0, "beta_enc": 0.8190891786335308}, "datetime": {"elapsed": 3983.63928, "datetime": "2021-08-25 13:14:06", "delta": 30.818429}}
{"target": 6.862666666666667, "params": {"beta_rec": 0.31446701118584963, "gamma_fc": 0.36655664385123443, "cue_position": 6.0, "beta_enc": 0.5336533449712114}, "datetime": {"elapsed": 4018.882178, "datetime": "2021-08-25 13:14:41", "delta": 35.242898}}
{"target": 6.75688888888889, "params": {"beta_rec": 0.5122926922783614, "gamma_fc": 0.030949006271150714, "cue_position": 6.0, "beta_enc": 0.43359232727316455}, "datetime": {"elapsed": 4053.845415, "datetime": "2021-08-25 13:15:16", "delta": 34.963237}}
{"target": 6.0584444444444445, "params": {"beta_rec": 0.8910189542923389, "gamma_fc": 0.5220512472525107, "cue_position": 6.0, "beta_enc": 0.7168786636316892}, "datetime": {"elapsed": 4086.643676, "datetime": "2021-08-25 13:15:49", "delta": 32.798261}}
{"target": 7.63488888888889, "params": {"beta_rec": 0.8594893208655858, "gamma_fc": 0.6902278681627478, "cue_position": 6.0, "beta_enc": 0.3259898117700253}, "datetime": {"elapsed": 4124.205059, "datetime": "2021-08-25 13:16:26", "delta": 37.561383}}
{"target": 6.509333333333333, "params": {"beta_rec": 0.6283090375213571, "gamma_fc": 0.009348577966515781, "cue_position": 6.0, "beta_enc": 0.45285349995153745}, "datetime": {"elapsed": 4158.408676, "datetime": "2021-08-25 13:17:01", "delta": 34.203617}}
{"target": 6.989555555555556, "params": {"beta_rec": 0.3114442141324628, "gamma_fc": 0.9164058530538978, "cue_position": 6.0, "beta_enc": 0.5767559349870908}, "datetime": {"elapsed": 4194.00539, "datetime": "2021-08-25 13:17:36", "delta": 35.596714}}
{"target": 7.442, "params": {"beta_rec": 0.2473960366023854, "gamma_fc": 0.9318611166365406, "cue_position": 6.0, "beta_enc": 0.426474788501396}, "datetime": {"elapsed": 4230.981026, "datetime": "2021-08-25 13:18:13", "delta": 36.975636}}
{"target": 4.492666666666667, "params": {"beta_rec": 0.8443299485657132, "gamma_fc": 0.22790028995131695, "cue_position": 6.0, "beta_enc": 0.9368683813090937}, "datetime": {"elapsed": 4258.877069, "datetime": "2021-08-25 13:18:41", "delta": 27.896043}}
{"target": 7.742888888888889, "params": {"beta_rec": 0.22730973628468876, "gamma_fc": 0.17476587635631158, "cue_position": 6.0, "beta_enc": 0.08748220955359087}, "datetime": {"elapsed": 4296.689836, "datetime": "2021-08-25 13:19:19", "delta": 37.812767}}
{"target": 6.326444444444445, "params": {"beta_rec": 0.41358641500116133, "gamma_fc": 0.18513039826903066, "cue_position": 6.0, "beta_enc": 0.6070941619724605}, "datetime": {"elapsed": 4330.29917, "datetime": "2021-08-25 13:19:52", "delta": 33.609334}}
{"target": 6.107111111111111, "params": {"beta_rec": 0.24035562484913886, "gamma_fc": 0.34898759722078887, "cue_position": 6.0, "beta_enc": 0.7018765297563104}, "datetime": {"elapsed": 4363.274575, "datetime": "2021-08-25 13:20:25", "delta": 32.975405}}
{"target": 7.7493333333333325, "params": {"beta_rec": 0.22881367096037586, "gamma_fc": 0.4972500933605313, "cue_position": 6.0, "beta_enc": 0.05696439948283272}, "datetime": {"elapsed": 4401.086807, "datetime": "2021-08-25 13:21:03", "delta": 37.812232}}
{"target": 7.157555555555556, "params": {"beta_rec": 0.1747201501089225, "gamma_fc": 0.99675342520821, "cue_position": 6.0, "beta_enc": 0.5190159840736788}, "datetime": {"elapsed": 4437.244225, "datetime": "2021-08-25 13:21:39", "delta": 36.157418}}
{"target": 5.5264444444444445, "params": {"beta_rec": 0.5943726238309778, "gamma_fc": 0.9015625846693213, "cue_position": 6.0, "beta_enc": 0.8168351087916219}, "datetime": {"elapsed": 4468.425755, "datetime": "2021-08-25 13:22:11", "delta": 31.18153}}
{"target": 6.677777777777777, "params": {"beta_rec": 0.032426325314457105, "gamma_fc": 0.06537171504222639, "cue_position": 6.0, "beta_enc": 0.5956079336026455}, "datetime": {"elapsed": 4503.089783, "datetime": "2021-08-25 13:22:45", "delta": 34.664028}}
{"target": 6.992444444444445, "params": {"beta_rec": 0.37543483316785775, "gamma_fc": 0.1679832931996149, "cue_position": 6.0, "beta_enc": 0.4517331486914753}, "datetime": {"elapsed": 4538.699761, "datetime": "2021-08-25 13:23:21", "delta": 35.609978}}
{"target": 3.944888888888889, "params": {"beta_rec": 0.7674748688630131, "gamma_fc": 0.6326158167779973, "cue_position": 6.0, "beta_enc": 0.9727875919326552}, "datetime": {"elapsed": 4565.854467, "datetime": "2021-08-25 13:23:48", "delta": 27.154706}}
{"target": 6.204666666666666, "params": {"beta_rec": 0.47688233352119336, "gamma_fc": 0.3530060855418248, "cue_position": 6.0, "beta_enc": 0.668732770206732}, "datetime": {"elapsed": 4599.557512, "datetime": "2021-08-25 13:24:22", "delta": 33.703045}}
{"target": 7.1033333333333335, "params": {"beta_rec": 0.7300912110901043, "gamma_fc": 0.4574049160894317, "cue_position": 6.0, "beta_enc": 0.49207180149355845}, "datetime": {"elapsed": 4635.555747, "datetime": "2021-08-25 13:24:58", "delta": 35.998235}}
{"target": 7.71088888888889, "params": {"beta_rec": 0.01088873380347899, "gamma_fc": 0.3199528380776784, "cue_position": 6.0, "beta_enc": 0.13766274094560316}, "datetime": {"elapsed": 4673.419545, "datetime": "2021-08-25 13:25:36", "delta": 37.863798}}
{"target": 3.3973333333333335, "params": {"beta_rec": 0.220234226159156, "gamma_fc": 0.5238961356661317, "cue_position": 6.0, "beta_enc": 0.9843834501935107}, "datetime": {"elapsed": 4697.751793, "datetime": "2021-08-25 13:26:00", "delta": 24.332248}}
{"target": 5.669777777777777, "params": {"beta_rec": 0.46385778390029564, "gamma_fc": 0.3125013784920495, "cue_position": 6.0, "beta_enc": 0.7548914570605327}, "datetime": {"elapsed": 4729.397519, "datetime": "2021-08-25 13:26:32", "delta": 31.645726}}
{"target": 6.600888888888889, "params": {"beta_rec": 0.6738490080168676, "gamma_fc": 0.13033578095435427, "cue_position": 6.0, "beta_enc": 0.5045191697009946}, "datetime": {"elapsed": 4763.940238, "datetime": "2021-08-25 13:27:06", "delta": 34.542719}}
{"target": 7.735111111111112, "params": {"beta_rec": 0.5190823222119895, "gamma_fc": 0.012603767029876312, "cue_position": 6.0, "beta_enc": 0.022915131322381765}, "datetime": {"elapsed": 4801.796793, "datetime": "2021-08-25 13:27:44", "delta": 37.856555}}
{"target": 6.556444444444445, "params": {"beta_rec": 0.6868082266569918, "gamma_fc": 0.9147886867419343, "cue_position": 6.0, "beta_enc": 0.6724698446537339}, "datetime": {"elapsed": 4836.199805, "datetime": "2021-08-25 13:28:18", "delta": 34.403012}}
{"target": 6.451555555555555, "params": {"beta_rec": 0.005239837651465851, "gamma_fc": 0.8593178060976, "cue_position": 6.0, "beta_enc": 0.6443610847569929}, "datetime": {"elapsed": 4870.315216, "datetime": "2021-08-25 13:28:52", "delta": 34.115411}}
{"target": 5.168666666666667, "params": {"beta_rec": 0.6491541971124779, "gamma_fc": 0.5784995797892005, "cue_position": 6.0, "beta_enc": 0.8303995700373394}, "datetime": {"elapsed": 4900.292371, "datetime": "2021-08-25 13:29:22", "delta": 29.977155}}
{"target": 7.581111111111111, "params": {"beta_rec": 0.5605299905360588, "gamma_fc": 0.35242963021640883, "cue_position": 6.0, "beta_enc": 0.27411977516685215}, "datetime": {"elapsed": 4937.690062, "datetime": "2021-08-25 13:30:00", "delta": 37.397691}}
{"target": 5.224444444444444, "params": {"beta_rec": 0.1950374860087073, "gamma_fc": 0.2896027461868774, "cue_position": 6.0, "beta_enc": 0.8558283672539277}, "datetime": {"elapsed": 4967.922106, "datetime": "2021-08-25 13:30:30", "delta": 30.232044}}
{"target": 5.641555555555556, "params": {"beta_rec": 0.4277373293360762, "gamma_fc": 0.3535348626679904, "cue_position": 6.0, "beta_enc": 0.773799287244182}, "datetime": {"elapsed": 4999.504472, "datetime": "2021-08-25 13:31:02", "delta": 31.582366}}
{"target": 7.722222222222223, "params": {"beta_rec": 0.7672845084217665, "gamma_fc": 0.7332450677264275, "cue_position": 6.0, "beta_enc": 0.21369323762958115}, "datetime": {"elapsed": 5037.274344, "datetime": "2021-08-25 13:31:39", "delta": 37.769872}}
{"target": 5.821777777777777, "params": {"beta_rec": 0.22139670090820107, "gamma_fc": 0.1989479234270667, "cue_position": 6.0, "beta_enc": 0.7444731530777321}, "datetime": {"elapsed": 5069.363072, "datetime": "2021-08-25 13:32:12", "delta": 32.088728}}
{"target": 7.711777777777778, "params": {"beta_rec": 0.3770825992073341, "gamma_fc": 0.11092036903424063, "cue_position": 6.0, "beta_enc": 0.14251833776584466}, "datetime": {"elapsed": 5107.054888, "datetime": "2021-08-25 13:32:49", "delta": 37.691816}}
{"target": 6.056, "params": {"beta_rec": 0.7997765368973863, "gamma_fc": 0.23170231048579204, "cue_position": 6.0, "beta_enc": 0.6745640237634105}, "datetime": {"elapsed": 5139.821454, "datetime": "2021-08-25 13:33:22", "delta": 32.766566}}
{"target": 7.689333333333335, "params": {"beta_rec": 0.9173335630816306, "gamma_fc": 0.5538846110514143, "cue_position": 6.0, "beta_enc": 0.20762566180381437}, "datetime": {"elapsed": 5177.508788, "datetime": "2021-08-25 13:34:00", "delta": 37.687334}}
{"target": 7.626444444444445, "params": {"beta_rec": 0.8348540476317985, "gamma_fc": 0.9234562151187752, "cue_position": 6.0, "beta_enc": 0.30451798792062024}, "datetime": {"elapsed": 5215.093367, "datetime": "2021-08-25 13:34:37", "delta": 37.584579}}
{"target": 6.4286666666666665, "params": {"beta_rec": 0.47803130796528337, "gamma_fc": 0.9760435504677476, "cue_position": 6.0, "beta_enc": 0.7060518043359332}, "datetime": {"elapsed": 5249.023692, "datetime": "2021-08-25 13:35:11", "delta": 33.930325}}
{"target": 7.698888888888888, "params": {"beta_rec": 0.2026021252196626, "gamma_fc": 0.40420190577514725, "cue_position": 6.0, "beta_enc": 0.15983365034409336}, "datetime": {"elapsed": 5286.821427, "datetime": "2021-08-25 13:35:49", "delta": 37.797735}}
{"target": 7.708666666666668, "params": {"beta_rec": 0.7293189193611234, "gamma_fc": 0.6438956443116628, "cue_position": 6.0, "beta_enc": 0.14675148076429412}, "datetime": {"elapsed": 5324.589745, "datetime": "2021-08-25 13:36:27", "delta": 37.768318}}
{"target": 5.970444444444444, "params": {"beta_rec": 0.21073239208332073, "gamma_fc": 0.7489283752458364, "cue_position": 6.0, "beta_enc": 0.7543059505762987}, "datetime": {"elapsed": 5357.118454, "datetime": "2021-08-25 13:36:59", "delta": 32.528709}}
{"target": 6.634, "params": {"beta_rec": 0.5971273029466491, "gamma_fc": 0.7316064712415088, "cue_position": 6.0, "beta_enc": 0.6382187106203334}, "datetime": {"elapsed": 5391.7098, "datetime": "2021-08-25 13:37:34", "delta": 34.591346}}
{"target": 4.7028888888888885, "params": {"beta_rec": 0.42556139026154693, "gamma_fc": 0.056141039661915304, "cue_position": 6.0, "beta_enc": 0.9453084399999497}, "datetime": {"elapsed": 5420.300134, "datetime": "2021-08-25 13:38:02", "delta": 28.590334}}
{"target": 5.353111111111112, "params": {"beta_rec": 0.1922500168221477, "gamma_fc": 0.30008104592535645, "cue_position": 6.0, "beta_enc": 0.8352716024899659}, "datetime": {"elapsed": 5450.972392, "datetime": "2021-08-25 13:38:33", "delta": 30.672258}}
{"target": 7.683777777777777, "params": {"beta_rec": 0.9046310029362429, "gamma_fc": 0.5306974384761395, "cue_position": 6.0, "beta_enc": 0.08010364380604929}, "datetime": {"elapsed": 5488.738608, "datetime": "2021-08-25 13:39:11", "delta": 37.766216}}
{"target": 6.998222222222222, "params": {"beta_rec": 0.13216114194293815, "gamma_fc": 0.07618880903232117, "cue_position": 6.0, "beta_enc": 0.49411626589632507}, "datetime": {"elapsed": 5524.499868, "datetime": "2021-08-25 13:39:47", "delta": 35.76126}}
{"target": 6.826444444444445, "params": {"beta_rec": 0.2615495518329871, "gamma_fc": 0.10806532869723684, "cue_position": 6.0, "beta_enc": 0.5079216999452875}, "datetime": {"elapsed": 5559.759947, "datetime": "2021-08-25 13:40:22", "delta": 35.260079}}
{"target": 5.600444444444444, "params": {"beta_rec": 0.1065838767888011, "gamma_fc": 0.17716116443841734, "cue_position": 6.0, "beta_enc": 0.7875518396525072}, "datetime": {"elapsed": 5591.135243, "datetime": "2021-08-25 13:40:53", "delta": 31.375296}}
{"target": 6.8213333333333335, "params": {"beta_rec": 0.044845334589088126, "gamma_fc": 0.18960594781829654, "cue_position": 6.0, "beta_enc": 0.5724051124346493}, "datetime": {"elapsed": 5626.294913, "datetime": "2021-08-25 13:41:28", "delta": 35.15967}}
{"target": 7.090222222222222, "params": {"beta_rec": 0.7400775431590716, "gamma_fc": 0.5510871741869717, "cue_position": 6.0, "beta_enc": 0.5279039784081266}, "datetime": {"elapsed": 5662.164663, "datetime": "2021-08-25 13:42:04", "delta": 35.86975}}
{"target": 7.577555555555556, "params": {"beta_rec": 0.7591960493171447, "gamma_fc": 0.17654903427708302, "cue_position": 6.0, "beta_enc": 0.2166172083287794}, "datetime": {"elapsed": 5699.588417, "datetime": "2021-08-25 13:42:42", "delta": 37.423754}}
{"target": 4.903111111111111, "params": {"beta_rec": 0.019775099516344263, "gamma_fc": 0.5589038111609383, "cue_position": 6.0, "beta_enc": 0.8619665576670734}, "datetime": {"elapsed": 5728.918457, "datetime": "2021-08-25 13:43:11", "delta": 29.33004}}
{"target": 7.517555555555556, "params": {"beta_rec": 0.7587469310223366, "gamma_fc": 0.9873261748084265, "cue_position": 6.0, "beta_enc": 0.4032204721058492}, "datetime": {"elapsed": 5766.102065, "datetime": "2021-08-25 13:43:48", "delta": 37.183608}}
{"target": 7.610444444444444, "params": {"beta_rec": 0.0037936724093425855, "gamma_fc": 0.8578971045378938, "cue_position": 6.0, "beta_enc": 0.2780850486129828}, "datetime": {"elapsed": 5803.568623, "datetime": "2021-08-25 13:44:26", "delta": 37.466558}}
{"target": 6.078666666666667, "params": {"beta_rec": 0.5166887829215384, "gamma_fc": 0.7805295568767427, "cue_position": 6.0, "beta_enc": 0.7288508775192559}, "datetime": {"elapsed": 5836.408046, "datetime": "2021-08-25 13:44:59", "delta": 32.839423}}
{"target": 7.510888888888888, "params": {"beta_rec": 0.7703225253299576, "gamma_fc": 0.6132112115442597, "cue_position": 6.0, "beta_enc": 0.3748759435368594}, "datetime": {"elapsed": 5873.494902, "datetime": "2021-08-25 13:45:36", "delta": 37.086856}}
{"target": 7.510222222222223, "params": {"beta_rec": 0.6973080192643409, "gamma_fc": 0.7748966467245978, "cue_position": 6.0, "beta_enc": 0.4018659239678374}, "datetime": {"elapsed": 5910.627874, "datetime": "2021-08-25 13:46:13", "delta": 37.132972}}
{"target": 4.947111111111111, "params": {"beta_rec": 0.23931570743750463, "gamma_fc": 0.2202839877937276, "cue_position": 6.0, "beta_enc": 0.896416602456847}, "datetime": {"elapsed": 5940.005763, "datetime": "2021-08-25 13:46:42", "delta": 29.377889}}
