{"target": 11.75, "params": {"gamma_cf": 0.9646533124335882, "cue_position": 16.0, "beta_rec": 0.3138195400777686, "gamma_fc": 0.5077990065385003, "beta_enc": 0.21124545058672983}, "datetime": {"delta": 113.116443, "datetime": "2020-06-14 14:16:46", "elapsed": 4625.732649}}
{"target": 9.25, "params": {"gamma_cf": 0.9152352344591972, "cue_position": 16.0, "beta_rec": 0.3591639217796606, "gamma_fc": 0.729081779785648, "beta_enc": 0.3411243109275828}, "datetime": {"delta": 113.776046, "datetime": "2020-06-14 14:18:39", "elapsed": 4739.508695}}
{"target": 9.375, "params": {"gamma_cf": 0.8541346224390898, "cue_position": 16.0, "beta_rec": 0.42328352591300367, "gamma_fc": 0.9876001096180923, "beta_enc": 0.22848049237268497}, "datetime": {"delta": 113.246995, "datetime": "2020-06-14 14:20:33", "elapsed": 4852.75569}}
{"target": 9.375, "params": {"gamma_cf": 0.6537870685273217, "cue_position": 16.0, "beta_rec": 0.8553569326339944, "gamma_fc": 0.6703134384946394, "beta_enc": 0.49162510338560583}, "datetime": {"delta": 113.804517, "datetime": "2020-06-14 14:22:27", "elapsed": 4966.560207}}
{"target": 9.875, "params": {"gamma_cf": 0.4947498006565778, "cue_position": 16.0, "beta_rec": 0.3311566410443063, "gamma_fc": 0.8303080594541665, "beta_enc": 0.16483449272331474}, "datetime": {"delta": 113.947052, "datetime": "2020-06-14 14:24:20", "elapsed": 5080.507259}}
{"target": 9.75, "params": {"gamma_cf": 0.35780213935236327, "cue_position": 16.0, "beta_rec": 0.5268389418402022, "gamma_fc": 0.9056129976228089, "beta_enc": 0.3243148274136592}, "datetime": {"delta": 115.195564, "datetime": "2020-06-14 14:26:16", "elapsed": 5195.702823}}
{"target": 10.375, "params": {"gamma_cf": 0.9138823139925519, "cue_position": 16.0, "beta_rec": 0.6174629850334653, "gamma_fc": 0.20521676308940018, "beta_enc": 0.13742012958368333}, "datetime": {"delta": 115.647265, "datetime": "2020-06-14 14:28:11", "elapsed": 5311.350088}}
{"target": 9.625, "params": {"gamma_cf": 0.8436570490288746, "cue_position": 16.0, "beta_rec": 0.3237647421196124, "gamma_fc": 0.5381396911839192, "beta_enc": 0.017208977500876826}, "datetime": {"delta": 117.881841, "datetime": "2020-06-14 14:30:09", "elapsed": 5429.231929}}
{"target": 8.875, "params": {"gamma_cf": 0.5459555393958198, "cue_position": 16.0, "beta_rec": 0.3004935718574341, "gamma_fc": 0.28786534153231585, "beta_enc": 0.21731972686760953}, "datetime": {"delta": 125.443024, "datetime": "2020-06-14 14:32:15", "elapsed": 5554.674953}}
{"target": 10.0, "params": {"gamma_cf": 0.4524763206986031, "cue_position": 16.0, "beta_rec": 0.10135298578099017, "gamma_fc": 0.38124395867937544, "beta_enc": 0.03499472094663725}, "datetime": {"delta": 127.652117, "datetime": "2020-06-14 14:34:22", "elapsed": 5682.32707}}
{"target": 10.5, "params": {"gamma_cf": 0.5660898554038243, "cue_position": 16.0, "beta_rec": 0.8381541344537382, "gamma_fc": 0.9383466057543155, "beta_enc": 0.50417125296689}, "datetime": {"delta": 127.338749, "datetime": "2020-06-14 14:36:30", "elapsed": 5809.665819}}
{"target": 10.125, "params": {"gamma_cf": 0.801442463420732, "cue_position": 16.0, "beta_rec": 0.772559641633092, "gamma_fc": 0.5264981746625966, "beta_enc": 0.28977201534481123}, "datetime": {"delta": 122.751434, "datetime": "2020-06-14 14:38:32", "elapsed": 5932.417253}}
{"target": 10.625, "params": {"gamma_cf": 0.8569593334495051, "cue_position": 16.0, "beta_rec": 0.7724927285362667, "gamma_fc": 0.8892477410044524, "beta_enc": 0.11652303375614959}, "datetime": {"delta": 120.477799, "datetime": "2020-06-14 14:40:33", "elapsed": 6052.895052}}
{"target": 10.375, "params": {"gamma_cf": 0.32660261850018013, "cue_position": 16.0, "beta_rec": 0.03543269179753872, "gamma_fc": 0.3601446920445114, "beta_enc": 0.01456446116707677}, "datetime": {"delta": 121.190938, "datetime": "2020-06-14 14:42:34", "elapsed": 6174.08599}}
{"target": 10.75, "params": {"gamma_cf": 0.7670148018855151, "cue_position": 16.0, "beta_rec": 0.8870492396786999, "gamma_fc": 0.47433710848181965, "beta_enc": 0.3224107367957152}, "datetime": {"delta": 120.940301, "datetime": "2020-06-14 14:44:35", "elapsed": 6295.026291}}
{"target": 10.375, "params": {"gamma_cf": 0.33616454260218354, "cue_position": 16.0, "beta_rec": 0.4189472773859171, "gamma_fc": 0.7849238896381222, "beta_enc": 0.016106035923240225}, "datetime": {"delta": 120.005425, "datetime": "2020-06-14 14:46:35", "elapsed": 6415.031716}}
{"target": 9.625, "params": {"gamma_cf": 0.7125523182475773, "cue_position": 16.0, "beta_rec": 0.8985264667076008, "gamma_fc": 0.5973942686162423, "beta_enc": 0.4495834885570339}, "datetime": {"delta": 118.214256, "datetime": "2020-06-14 14:48:33", "elapsed": 6533.245972}}
{"target": 12.0, "params": {"gamma_cf": 0.7846220401971394, "cue_position": 16.0, "beta_rec": 0.08427527543710767, "gamma_fc": 0.1917846851308206, "beta_enc": 0.14514982796520393}, "datetime": {"delta": 119.12412, "datetime": "2020-06-14 14:50:32", "elapsed": 6652.370092}}
{"target": 9.75, "params": {"gamma_cf": 0.6367662654101346, "cue_position": 16.0, "beta_rec": 0.7087157171879191, "gamma_fc": 0.3439132945109362, "beta_enc": 0.37942318587905444}, "datetime": {"delta": 119.997384, "datetime": "2020-06-14 14:52:32", "elapsed": 6772.367476}}
{"target": 10.5, "params": {"gamma_cf": 0.6427908912476958, "cue_position": 16.0, "beta_rec": 0.8572911391570973, "gamma_fc": 0.6671215548201077, "beta_enc": 0.488595605207937}, "datetime": {"delta": 120.681994, "datetime": "2020-06-14 14:54:33", "elapsed": 6893.04947}}
{"target": 9.375, "params": {"gamma_cf": 0.5472986400199693, "cue_position": 16.0, "beta_rec": 0.1426345902313515, "gamma_fc": 0.6531835169961805, "beta_enc": 0.4795697963156692}, "datetime": {"delta": 119.728947, "datetime": "2020-06-14 14:56:33", "elapsed": 7012.778417}}
{"target": 9.625, "params": {"gamma_cf": 0.7675041050396554, "cue_position": 16.0, "beta_rec": 0.5039152683328296, "gamma_fc": 0.12758915711741736, "beta_enc": 0.3192658790111057}, "datetime": {"delta": 120.992137, "datetime": "2020-06-14 14:58:34", "elapsed": 7133.770554}}
{"target": 9.375, "params": {"gamma_cf": 0.47982330227925885, "cue_position": 16.0, "beta_rec": 0.4093573784825776, "gamma_fc": 0.46688945744507604, "beta_enc": 0.2622513967188417}, "datetime": {"delta": 119.684138, "datetime": "2020-06-14 15:00:33", "elapsed": 7253.454692}}
{"target": 10.25, "params": {"gamma_cf": 0.5032334480400695, "cue_position": 16.0, "beta_rec": 0.04854565987014359, "gamma_fc": 0.055946125891172094, "beta_enc": 0.224188802952219}, "datetime": {"delta": 121.486091, "datetime": "2020-06-14 15:02:35", "elapsed": 7374.940783}}
{"target": 10.375, "params": {"gamma_cf": 0.4276424258423094, "cue_position": 16.0, "beta_rec": 0.4274095141108267, "gamma_fc": 0.8118381692937127, "beta_enc": 0.07423967257818247}, "datetime": {"delta": 118.533962, "datetime": "2020-06-14 15:04:33", "elapsed": 7493.474745}}
{"target": 9.25, "params": {"gamma_cf": 0.5335243433232243, "cue_position": 16.0, "beta_rec": 0.2961036339030323, "gamma_fc": 0.29238413371396255, "beta_enc": 0.21970416122187986}, "datetime": {"delta": 119.098083, "datetime": "2020-06-14 15:06:33", "elapsed": 7612.572828}}
{"target": 9.75, "params": {"gamma_cf": 0.5539743838649875, "cue_position": 16.0, "beta_rec": 0.9128892041563633, "gamma_fc": 0.9647064729922562, "beta_enc": 0.05178491261992535}, "datetime": {"delta": 118.719753, "datetime": "2020-06-14 15:08:31", "elapsed": 7731.292581}}
{"target": 9.625, "params": {"gamma_cf": 0.7935044389312745, "cue_position": 16.0, "beta_rec": 0.09277825583103871, "gamma_fc": 0.19255708844222208, "beta_enc": 0.14597042690026152}, "datetime": {"delta": 119.858558, "datetime": "2020-06-14 15:10:31", "elapsed": 7851.151139}}
{"target": 10.25, "params": {"gamma_cf": 0.420131353799715, "cue_position": 16.0, "beta_rec": 0.4315745437276114, "gamma_fc": 0.8130144612080817, "beta_enc": 0.07483410935560642}, "datetime": {"delta": 118.809164, "datetime": "2020-06-14 15:12:30", "elapsed": 7969.960303}}
{"target": 10.375, "params": {"gamma_cf": 0.9555228308440895, "cue_position": 16.0, "beta_rec": 0.49461896745955525, "gamma_fc": 0.9464857234641079, "beta_enc": 0.03783334163618768}, "datetime": {"delta": 118.677094, "datetime": "2020-06-14 15:14:29", "elapsed": 8088.637397}}
{"target": 8.625, "params": {"gamma_cf": 0.6026533979943623, "cue_position": 16.0, "beta_rec": 0.5726354318063775, "gamma_fc": 0.7019749132551801, "beta_enc": 0.060894655796353135}, "datetime": {"delta": 118.09714, "datetime": "2020-06-14 15:16:27", "elapsed": 8206.734537}}
{"target": 11.75, "params": {"gamma_cf": 0.825322642416397, "cue_position": 16.0, "beta_rec": 0.8697281860234316, "gamma_fc": 0.9513380299073533, "beta_enc": 0.01500916089292681}, "datetime": {"delta": 126.393839, "datetime": "2020-06-14 15:18:33", "elapsed": 8333.128376}}
{"target": 10.75, "params": {"gamma_cf": 0.44501117992053374, "cue_position": 16.0, "beta_rec": 0.10585799836478182, "gamma_fc": 0.3789379224102142, "beta_enc": 0.03680902438791078}, "datetime": {"delta": 125.167914, "datetime": "2020-06-14 15:20:38", "elapsed": 8458.29629}}
{"target": 9.5, "params": {"gamma_cf": 0.7285231190812722, "cue_position": 16.0, "beta_rec": 0.8557464446192595, "gamma_fc": 0.8612847792245836, "beta_enc": 0.6553156023548273}, "datetime": {"delta": 124.358226, "datetime": "2020-06-14 15:22:43", "elapsed": 8582.654516}}
{"target": 8.75, "params": {"gamma_cf": 0.8553346343955738, "cue_position": 16.0, "beta_rec": 0.8077201822828753, "gamma_fc": 0.7457764698359453, "beta_enc": 0.22580315296135223}, "datetime": {"delta": 125.970835, "datetime": "2020-06-14 15:24:49", "elapsed": 8708.625351}}
{"target": 9.5, "params": {"gamma_cf": 0.3396215596589628, "cue_position": 16.0, "beta_rec": 0.41168024982180695, "gamma_fc": 0.7925422868321819, "beta_enc": 0.019901112850234215}, "datetime": {"delta": 127.336383, "datetime": "2020-06-14 15:26:56", "elapsed": 8835.961734}}
{"target": 10.75, "params": {"gamma_cf": 0.7748205587589092, "cue_position": 16.0, "beta_rec": 0.47512267597688185, "gamma_fc": 0.8381796054743381, "beta_enc": 0.08412452350370825}, "datetime": {"delta": 129.048655, "datetime": "2020-06-14 15:29:05", "elapsed": 8965.010389}}
{"target": 9.625, "params": {"gamma_cf": 0.5108729766150821, "cue_position": 16.0, "beta_rec": 0.21106471016015171, "gamma_fc": 0.26355096401589195, "beta_enc": 0.12355056961394129}, "datetime": {"delta": 127.160282, "datetime": "2020-06-14 15:31:12", "elapsed": 9092.170671}}
{"target": 11.125, "params": {"gamma_cf": 0.5387466162566916, "cue_position": 16.0, "beta_rec": 0.14384319442569982, "gamma_fc": 0.9716334714888591, "beta_enc": 0.3051712988519011}, "datetime": {"delta": 125.691297, "datetime": "2020-06-14 15:33:18", "elapsed": 9217.861968}}
{"target": 9.625, "params": {"gamma_cf": 0.24607693142590237, "cue_position": 16.0, "beta_rec": 0.19925516043297797, "gamma_fc": 0.6892637989395477, "beta_enc": 0.519357054495968}, "datetime": {"delta": 123.86827, "datetime": "2020-06-14 15:35:22", "elapsed": 9341.730238}}
{"target": 10.125, "params": {"gamma_cf": 0.9846996864533039, "cue_position": 16.0, "beta_rec": 0.7556609262874291, "gamma_fc": 0.2274423982376208, "beta_enc": 0.01763027097852743}, "datetime": {"delta": 123.142031, "datetime": "2020-06-14 15:37:25", "elapsed": 9464.872269}}
{"target": 10.875, "params": {"gamma_cf": 0.8121962570411896, "cue_position": 16.0, "beta_rec": 0.13719587489309448, "gamma_fc": 0.9293192517828156, "beta_enc": 0.2877170429331234}, "datetime": {"delta": 122.569723, "datetime": "2020-06-14 15:39:27", "elapsed": 9587.441992}}
{"target": 9.5, "params": {"gamma_cf": 0.07120369180964636, "cue_position": 16.0, "beta_rec": 0.5850530121013384, "gamma_fc": 0.9874490166976465, "beta_enc": 0.7548255475292173}, "datetime": {"delta": 120.319253, "datetime": "2020-06-14 15:41:28", "elapsed": 9707.761245}}
{"target": 8.625, "params": {"gamma_cf": 0.38314529315480117, "cue_position": 16.0, "beta_rec": 0.9868570651957984, "gamma_fc": 0.5492256092431801, "beta_enc": 0.3160707042790561}, "datetime": {"delta": 120.979127, "datetime": "2020-06-14 15:43:29", "elapsed": 9828.740372}}
{"target": 10.5, "params": {"gamma_cf": 0.6978705224627908, "cue_position": 16.0, "beta_rec": 0.5569098194990457, "gamma_fc": 0.6877814228575964, "beta_enc": 0.450486195801194}, "datetime": {"delta": 124.299335, "datetime": "2020-06-14 15:45:33", "elapsed": 9953.039707}}
{"target": 10.375, "params": {"gamma_cf": 0.6354797272785522, "cue_position": 16.0, "beta_rec": 0.8530280900012034, "gamma_fc": 0.6621196012546176, "beta_enc": 0.4831583704383987}, "datetime": {"delta": 125.890975, "datetime": "2020-06-14 15:47:39", "elapsed": 10078.930682}}
{"target": 10.0, "params": {"gamma_cf": 0.5845272108883622, "cue_position": 16.0, "beta_rec": 0.9604047780517222, "gamma_fc": 0.405578899802743, "beta_enc": 0.11458358464023233}, "datetime": {"delta": 124.982651, "datetime": "2020-06-14 15:49:44", "elapsed": 10203.913333}}
{"target": 10.625, "params": {"gamma_cf": 0.34061672536892806, "cue_position": 16.0, "beta_rec": 0.039970667088144785, "gamma_fc": 0.36722083402446737, "beta_enc": 0.023520121033888897}, "datetime": {"delta": 126.85296, "datetime": "2020-06-14 15:51:51", "elapsed": 10330.766293}}
{"target": 10.875, "params": {"gamma_cf": 0.4994875079956831, "cue_position": 16.0, "beta_rec": 0.3127858271643613, "gamma_fc": 0.8297552438840964, "beta_enc": 0.16945341098500344}, "datetime": {"delta": 126.275629, "datetime": "2020-06-14 15:53:57", "elapsed": 10457.041922}}
{"target": 10.0, "params": {"gamma_cf": 0.8432886839800279, "cue_position": 16.0, "beta_rec": 0.48775580707795696, "gamma_fc": 0.1765653406166472, "beta_enc": 6.138486817697242e-05}, "datetime": {"delta": 125.352972, "datetime": "2020-06-14 15:56:02", "elapsed": 10582.394894}}
{"target": 10.375, "params": {"gamma_cf": 0.21834868068439883, "cue_position": 16.0, "beta_rec": 0.3202946154271328, "gamma_fc": 0.6726889572576997, "beta_enc": 0.27738077164971997}, "datetime": {"delta": 127.247609, "datetime": "2020-06-14 15:58:10", "elapsed": 10709.642503}}
{"target": 10.125, "params": {"gamma_cf": 0.3616321131350094, "cue_position": 16.0, "beta_rec": 0.5250654497823293, "gamma_fc": 0.9162720022965727, "beta_enc": 0.32153890807035024}, "datetime": {"delta": 124.24369, "datetime": "2020-06-14 16:00:14", "elapsed": 10833.886193}}
{"target": 8.25, "params": {"gamma_cf": 0.6450444825799443, "cue_position": 16.0, "beta_rec": 0.6853679079573758, "gamma_fc": 0.3777848931805943, "beta_enc": 0.03547156647753591}, "datetime": {"delta": 125.215952, "datetime": "2020-06-14 16:02:19", "elapsed": 10959.102145}}
{"target": 8.0, "params": {"gamma_cf": 0.10558986337454246, "cue_position": 16.0, "beta_rec": 0.20252101552920132, "gamma_fc": 0.6169833682722256, "beta_enc": 0.054698140624578895}, "datetime": {"delta": 126.855295, "datetime": "2020-06-14 16:04:26", "elapsed": 11085.95744}}
{"target": 11.0, "params": {"gamma_cf": 0.4626436890291551, "cue_position": 16.0, "beta_rec": 0.1003669963341326, "gamma_fc": 0.37741632693555793, "beta_enc": 0.033491719423030086}, "datetime": {"delta": 129.939643, "datetime": "2020-06-14 16:06:36", "elapsed": 11215.897083}}
{"target": 9.875, "params": {"gamma_cf": 0.8220829825037502, "cue_position": 16.0, "beta_rec": 0.8927716087102224, "gamma_fc": 0.8833661524584405, "beta_enc": 0.06146975433735502}, "datetime": {"delta": 128.721138, "datetime": "2020-06-14 16:08:45", "elapsed": 11344.618221}}
{"target": 10.875, "params": {"gamma_cf": 0.6035452120288435, "cue_position": 16.0, "beta_rec": 0.5714875497886251, "gamma_fc": 0.6965977863056374, "beta_enc": 0.06396907169515871}, "datetime": {"delta": 126.588558, "datetime": "2020-06-14 16:10:51", "elapsed": 11471.206779}}
{"target": 10.25, "params": {"gamma_cf": 0.4371605985319542, "cue_position": 16.0, "beta_rec": 0.4348365228550847, "gamma_fc": 0.8124578919201796, "beta_enc": 0.07180872471324273}, "datetime": {"delta": 129.110564, "datetime": "2020-06-14 16:13:00", "elapsed": 11600.317343}}
{"target": 10.5, "params": {"gamma_cf": 0.5483849779378739, "cue_position": 16.0, "beta_rec": 0.1355788152289351, "gamma_fc": 0.9795891563349445, "beta_enc": 0.28687580701726456}, "datetime": {"delta": 125.823012, "datetime": "2020-06-14 16:15:06", "elapsed": 11726.140355}}
{"target": 9.375, "params": {"gamma_cf": 0.37401947329753193, "cue_position": 16.0, "beta_rec": 0.6719667389835924, "gamma_fc": 0.40338843329426655, "beta_enc": 0.3250282588837191}, "datetime": {"delta": 126.739622, "datetime": "2020-06-14 16:17:13", "elapsed": 11852.879977}}
{"target": 9.125, "params": {"gamma_cf": 0.34678715021660655, "cue_position": 16.0, "beta_rec": 0.04464997595364628, "gamma_fc": 0.3665830402195699, "beta_enc": 0.029263796418902643}, "datetime": {"delta": 127.464804, "datetime": "2020-06-14 16:19:20", "elapsed": 11980.344781}}
{"target": 9.875, "params": {"gamma_cf": 0.5111554270917456, "cue_position": 16.0, "beta_rec": 0.3214152618657431, "gamma_fc": 0.8292263460298247, "beta_enc": 0.17365889263999512}, "datetime": {"delta": 128.202013, "datetime": "2020-06-14 16:21:28", "elapsed": 12108.546794}}
{"target": 10.375, "params": {"gamma_cf": 0.8168709542286855, "cue_position": 16.0, "beta_rec": 0.8587850071583805, "gamma_fc": 0.8775867592133041, "beta_enc": 0.584017670186507}, "datetime": {"delta": 126.601726, "datetime": "2020-06-14 16:23:35", "elapsed": 12235.14852}}
{"target": 9.875, "params": {"gamma_cf": 0.5342705302303989, "cue_position": 16.0, "beta_rec": 0.14117195254481507, "gamma_fc": 0.9681454968135373, "beta_enc": 0.30339669658607893}, "datetime": {"delta": 128.60316, "datetime": "2020-06-14 16:25:44", "elapsed": 12363.75168}}
{"target": 7.125, "params": {"gamma_cf": 0.06332969320428461, "cue_position": 16.0, "beta_rec": 0.2070611576184952, "gamma_fc": 0.2589091617625481, "beta_enc": 0.6339573568475877}, "datetime": {"delta": 127.486624, "datetime": "2020-06-14 16:27:51", "elapsed": 12491.238304}}
{"target": 9.375, "params": {"gamma_cf": 0.9805952777470232, "cue_position": 16.0, "beta_rec": 0.9691344962785313, "gamma_fc": 0.5995300902878732, "beta_enc": 0.01798244876010202}, "datetime": {"delta": 130.341352, "datetime": "2020-06-14 16:30:02", "elapsed": 12621.579656}}
{"target": 11.125, "params": {"gamma_cf": 0.6537195484376768, "cue_position": 16.0, "beta_rec": 0.8648118090814827, "gamma_fc": 0.6759453997695909, "beta_enc": 0.4933666046035051}, "datetime": {"delta": 129.688242, "datetime": "2020-06-14 16:32:11", "elapsed": 12751.267898}}
{"target": 10.875, "params": {"gamma_cf": 0.6232412316739111, "cue_position": 16.0, "beta_rec": 0.857700069125284, "gamma_fc": 0.6289641060570743, "beta_enc": 0.38759436545637216}, "datetime": {"delta": 131.200734, "datetime": "2020-06-14 16:34:22", "elapsed": 12882.468632}}
{"target": 10.0, "params": {"gamma_cf": 0.3793102098803558, "cue_position": 16.0, "beta_rec": 0.32836136389596016, "gamma_fc": 0.9991716599220419, "beta_enc": 0.42535052426287234}, "datetime": {"delta": 128.453274, "datetime": "2020-06-14 16:36:31", "elapsed": 13010.921906}}
{"target": 9.5, "params": {"gamma_cf": 0.8408395454832714, "cue_position": 16.0, "beta_rec": 0.3464207124553591, "gamma_fc": 0.7963868707238537, "beta_enc": 0.160762635319174}, "datetime": {"delta": 129.101237, "datetime": "2020-06-14 16:38:40", "elapsed": 13140.023143}}
{"target": 9.375, "params": {"gamma_cf": 0.39996065204918574, "cue_position": 16.0, "beta_rec": 0.18389404639415763, "gamma_fc": 0.5442322598062064, "beta_enc": 0.08838818372059243}, "datetime": {"delta": 129.055348, "datetime": "2020-06-14 16:40:49", "elapsed": 13269.078491}}
{"target": 9.75, "params": {"gamma_cf": 0.2160165910512476, "cue_position": 16.0, "beta_rec": 0.3298382263795381, "gamma_fc": 0.6765258872310933, "beta_enc": 0.2825167609661249}, "datetime": {"delta": 129.567597, "datetime": "2020-06-14 16:42:59", "elapsed": 13398.646088}}
{"target": 11.125, "params": {"gamma_cf": 0.4442236365290573, "cue_position": 16.0, "beta_rec": 0.0076252607240463455, "gamma_fc": 0.6942445226024471, "beta_enc": 0.19558096706656514}, "datetime": {"delta": 129.498535, "datetime": "2020-06-14 16:45:08", "elapsed": 13528.144623}}
{"target": 10.25, "params": {"gamma_cf": 0.7841800472205027, "cue_position": 16.0, "beta_rec": 0.09284243900053557, "gamma_fc": 0.18967308671160055, "beta_enc": 0.14391206677473334}, "datetime": {"delta": 127.278206, "datetime": "2020-06-14 16:47:15", "elapsed": 13655.422829}}
{"target": 11.75, "params": {"gamma_cf": 0.6358429722444996, "cue_position": 16.0, "beta_rec": 0.7323321815622834, "gamma_fc": 0.7594318980761947, "beta_enc": 0.13948193837522205}, "datetime": {"delta": 124.556159, "datetime": "2020-06-14 16:49:20", "elapsed": 13779.978988}}
{"target": 9.375, "params": {"gamma_cf": 0.8223064580747982, "cue_position": 16.0, "beta_rec": 0.8523442130148148, "gamma_fc": 0.6143612495393235, "beta_enc": 0.33921980939556484}, "datetime": {"delta": 125.336109, "datetime": "2020-06-14 16:51:25", "elapsed": 13905.315097}}
{"target": 8.25, "params": {"gamma_cf": 0.944200495861767, "cue_position": 16.0, "beta_rec": 0.05233869742062547, "gamma_fc": 0.8833213184164967, "beta_enc": 0.2331592288013974}, "datetime": {"delta": 125.70052, "datetime": "2020-06-14 16:53:31", "elapsed": 14031.015617}}
{"target": 8.75, "params": {"gamma_cf": 0.2441187376711923, "cue_position": 16.0, "beta_rec": 0.2011903539014902, "gamma_fc": 0.6929882058186547, "beta_enc": 0.5152634270144435}, "datetime": {"delta": 125.726419, "datetime": "2020-06-14 16:55:37", "elapsed": 14156.742036}}
{"target": 8.75, "params": {"gamma_cf": 0.5895123199387798, "cue_position": 16.0, "beta_rec": 0.8365931288649106, "gamma_fc": 0.24224515145469927, "beta_enc": 0.10789089080344927}, "datetime": {"delta": 126.082059, "datetime": "2020-06-14 16:57:43", "elapsed": 14282.824095}}
