{"target": 8.75, "params": {"beta_enc": 0.8577386145114406, "gamma_fc": 0.7454983307481646, "beta_rec": 0.6455644082734328, "cue_position": 0.0, "gamma_cf": 0.2080974099989472}, "datetime": {"elapsed": 153.090105, "delta": 0.355936, "datetime": "2020-06-14 09:48:13"}}
{"target": 7.75, "params": {"beta_enc": 0.40340662833417285, "gamma_fc": 0.9643727973861176, "beta_rec": 0.48447006094850675, "cue_position": 0.0, "gamma_cf": 0.1374435496242309}, "datetime": {"elapsed": 153.425019, "delta": 0.334914, "datetime": "2020-06-14 09:48:13"}}
{"target": 8.25, "params": {"beta_enc": 0.04262968179657989, "gamma_fc": 0.4558728073695024, "beta_rec": 0.09944025725488481, "cue_position": 0.0, "gamma_cf": 0.8065850822605141}, "datetime": {"elapsed": 153.770178, "delta": 0.345159, "datetime": "2020-06-14 09:48:14"}}
{"target": 3.125, "params": {"beta_enc": 0.6532511422613194, "gamma_fc": 0.7402936352802216, "beta_rec": 0.17432113751983724, "cue_position": 0.0, "gamma_cf": 0.5208483405537891}, "datetime": {"elapsed": 154.009668, "delta": 0.23949, "datetime": "2020-06-14 09:48:14"}}
{"target": 7.625, "params": {"beta_enc": 0.46247446521502844, "gamma_fc": 0.23490222080210488, "beta_rec": 0.8696140851211128, "cue_position": 0.0, "gamma_cf": 0.2490900884519328}, "datetime": {"elapsed": 154.342244, "delta": 0.332576, "datetime": "2020-06-14 09:48:14"}}
{"target": 8.875, "params": {"beta_enc": 0.3740467168670696, "gamma_fc": 0.26161079268292176, "beta_rec": 0.7566160562962172, "cue_position": 0.0, "gamma_cf": 0.8619059993188329}, "datetime": {"elapsed": 154.700759, "delta": 0.358515, "datetime": "2020-06-14 09:48:14"}}
{"target": 6.875, "params": {"beta_enc": 0.4122789279785698, "gamma_fc": 0.10142077688127671, "beta_rec": 0.6115440994503215, "cue_position": 0.0, "gamma_cf": 0.3892749454089657}, "datetime": {"elapsed": 155.019617, "delta": 0.318858, "datetime": "2020-06-14 09:48:15"}}
{"target": 3.375, "params": {"beta_enc": 0.7122448043972556, "gamma_fc": 0.7084507915153727, "beta_rec": 0.08813516392543386, "cue_position": 0.0, "gamma_cf": 0.8634484403326346}, "datetime": {"elapsed": 155.266472, "delta": 0.246855, "datetime": "2020-06-14 09:48:15"}}
{"target": 7.125, "params": {"beta_enc": 0.4864245738076861, "gamma_fc": 0.7864170822798477, "beta_rec": 0.6991465654129165, "cue_position": 0.0, "gamma_cf": 0.7974959842933487}, "datetime": {"elapsed": 155.592107, "delta": 0.325635, "datetime": "2020-06-14 09:48:15"}}
{"target": 7.75, "params": {"beta_enc": 0.15552858387362167, "gamma_fc": 0.5666455566878987, "beta_rec": 0.3178175503505978, "cue_position": 0.0, "gamma_cf": 0.3641702986535258}, "datetime": {"elapsed": 155.929507, "delta": 0.3374, "datetime": "2020-06-14 09:48:16"}}
{"target": 7.0, "params": {"beta_enc": 0.041687442520287776, "gamma_fc": 0.4508926565007, "beta_rec": 0.6599697189638991, "cue_position": 0.0, "gamma_cf": 0.4164625561731081}, "datetime": {"elapsed": 156.249973, "delta": 0.320466, "datetime": "2020-06-14 09:48:16"}}
{"target": 8.25, "params": {"beta_enc": 0.3487267695476459, "gamma_fc": 0.5512566489358516, "beta_rec": 0.38328031012801256, "cue_position": 0.0, "gamma_cf": 0.0681300573940744}, "datetime": {"elapsed": 156.593716, "delta": 0.343743, "datetime": "2020-06-14 09:48:16"}}
{"target": 6.375, "params": {"beta_enc": 0.5958669456166511, "gamma_fc": 0.8307513669044257, "beta_rec": 0.1454997892217088, "cue_position": 0.0, "gamma_cf": 0.2863771315373824}, "datetime": {"elapsed": 156.902414, "delta": 0.308698, "datetime": "2020-06-14 09:48:17"}}
{"target": 6.625, "params": {"beta_enc": 0.15342094116241234, "gamma_fc": 0.3506171893069536, "beta_rec": 0.5521388075534814, "cue_position": 0.0, "gamma_cf": 0.3434200931086723}, "datetime": {"elapsed": 157.2148, "delta": 0.312386, "datetime": "2020-06-14 09:48:17"}}
{"target": 14.625, "params": {"beta_enc": 0.9212732873485333, "gamma_fc": 0.21627209466057937, "beta_rec": 0.9420295575908584, "cue_position": 0.0, "gamma_cf": 0.9139997440987513}, "datetime": {"elapsed": 165.328092, "delta": 8.113292, "datetime": "2020-06-14 09:48:25"}}
{"target": 12.0, "params": {"beta_enc": 0.885688697705301, "gamma_fc": 0.19456667880133827, "beta_rec": 0.9332615591437294, "cue_position": 0.0, "gamma_cf": 0.8915331819579893}, "datetime": {"elapsed": 174.067621, "delta": 8.739529, "datetime": "2020-06-14 09:48:34"}}
{"target": 15.375, "params": {"beta_enc": 0.9222827732836326, "gamma_fc": 0.18646681959391476, "beta_rec": 0.964169679726503, "cue_position": 0.0, "gamma_cf": 0.9269074990485678}, "datetime": {"elapsed": 182.36384, "delta": 8.296219, "datetime": "2020-06-14 09:48:42"}}
{"target": 13.5, "params": {"beta_enc": 0.9496216718040023, "gamma_fc": 0.18350206006243452, "beta_rec": 0.9486731497860703, "cue_position": 0.0, "gamma_cf": 0.8953947122032924}, "datetime": {"elapsed": 190.262486, "delta": 7.898646, "datetime": "2020-06-14 09:48:50"}}
{"target": 14.75, "params": {"beta_enc": 0.9330815174429997, "gamma_fc": 0.21277698349267304, "beta_rec": 0.9687959579621266, "cue_position": 0.0, "gamma_cf": 0.9091913650681444}, "datetime": {"elapsed": 198.616327, "delta": 8.353841, "datetime": "2020-06-14 09:48:58"}}
{"target": 14.0, "params": {"beta_enc": 0.8747216489729687, "gamma_fc": 0.21510391366307202, "beta_rec": 0.9873224410035984, "cue_position": 0.0, "gamma_cf": 0.93318452715638}, "datetime": {"elapsed": 206.817598, "delta": 8.201271, "datetime": "2020-06-14 09:49:07"}}
{"target": 15.625, "params": {"beta_enc": 0.9005692532927272, "gamma_fc": 0.10868855678659473, "beta_rec": 0.9765942395691497, "cue_position": 0.0, "gamma_cf": 0.9168437460209689}, "datetime": {"elapsed": 215.104673, "delta": 8.287075, "datetime": "2020-06-14 09:49:15"}}
{"target": 15.625, "params": {"beta_enc": 0.903491239432416, "gamma_fc": 0.1217645007519007, "beta_rec": 0.9620699007876926, "cue_position": 0.0, "gamma_cf": 0.9413429440998303}, "datetime": {"elapsed": 223.291033, "delta": 8.18636, "datetime": "2020-06-14 09:49:23"}}
{"target": 15.5, "params": {"beta_enc": 0.8776595714733061, "gamma_fc": 0.09543316252066758, "beta_rec": 0.984278017805308, "cue_position": 0.0, "gamma_cf": 0.9774418676765084}, "datetime": {"elapsed": 232.577691, "delta": 9.286658, "datetime": "2020-06-14 09:49:32"}}
{"target": 15.0, "params": {"beta_enc": 0.8870563158040825, "gamma_fc": 0.1318780678995758, "beta_rec": 0.9744215469763566, "cue_position": 0.0, "gamma_cf": 0.937361129590493}, "datetime": {"elapsed": 240.974242, "delta": 8.396551, "datetime": "2020-06-14 09:49:41"}}
{"target": 15.5, "params": {"beta_enc": 0.9126133345895026, "gamma_fc": 0.0841780871592589, "beta_rec": 0.9597678211942, "cue_position": 0.0, "gamma_cf": 0.9329479911886903}, "datetime": {"elapsed": 249.544813, "delta": 8.570571, "datetime": "2020-06-14 09:49:49"}}
{"target": 13.75, "params": {"beta_enc": 0.9093328350956145, "gamma_fc": 0.0828402658015508, "beta_rec": 0.9668233832513285, "cue_position": 0.0, "gamma_cf": 0.9697150717085342}, "datetime": {"elapsed": 258.309764, "delta": 8.764951, "datetime": "2020-06-14 09:49:58"}}
{"target": 13.125, "params": {"beta_enc": 0.8999757861476689, "gamma_fc": 0.08690664996271436, "beta_rec": 0.9625682425490737, "cue_position": 0.0, "gamma_cf": 0.9244812940639017}, "datetime": {"elapsed": 266.640276, "delta": 8.330512, "datetime": "2020-06-14 09:50:06"}}
{"target": 15.25, "params": {"beta_enc": 0.9241320958298991, "gamma_fc": 0.10828548469279498, "beta_rec": 0.9748381883343016, "cue_position": 0.0, "gamma_cf": 0.9115717846077096}, "datetime": {"elapsed": 275.143977, "delta": 8.503701, "datetime": "2020-06-14 09:50:15"}}
{"target": 15.25, "params": {"beta_enc": 0.9652205847304179, "gamma_fc": 0.08633882911272794, "beta_rec": 0.956404738199453, "cue_position": 0.0, "gamma_cf": 0.9541239575335897}, "datetime": {"elapsed": 283.791998, "delta": 8.648021, "datetime": "2020-06-14 09:50:24"}}
{"target": 15.875, "params": {"beta_enc": 0.9338254773617437, "gamma_fc": 0.06743842297908531, "beta_rec": 0.9677486018609973, "cue_position": 0.0, "gamma_cf": 0.9566442679437035}, "datetime": {"elapsed": 291.959595, "delta": 8.167597, "datetime": "2020-06-14 09:50:32"}}
{"target": 15.5, "params": {"beta_enc": 0.9307620579272685, "gamma_fc": 0.1504677798975027, "beta_rec": 0.9437237924717946, "cue_position": 0.0, "gamma_cf": 0.9468836582850219}, "datetime": {"elapsed": 300.201393, "delta": 8.241798, "datetime": "2020-06-14 09:50:40"}}
{"target": 14.25, "params": {"beta_enc": 0.9221082786134857, "gamma_fc": 0.14855219770859673, "beta_rec": 0.9754039268993535, "cue_position": 0.0, "gamma_cf": 0.948321082323639}, "datetime": {"elapsed": 308.841865, "delta": 8.640472, "datetime": "2020-06-14 09:50:49"}}
{"target": 15.375, "params": {"beta_enc": 0.9103235537393456, "gamma_fc": 0.11272674154979256, "beta_rec": 0.9573025360202476, "cue_position": 0.0, "gamma_cf": 0.9253065158972092}, "datetime": {"elapsed": 316.981161, "delta": 8.139296, "datetime": "2020-06-14 09:50:57"}}
{"target": 15.375, "params": {"beta_enc": 0.9389856431112226, "gamma_fc": 0.0844069487056226, "beta_rec": 0.9714786464109253, "cue_position": 0.0, "gamma_cf": 0.9434333101018614}, "datetime": {"elapsed": 325.386015, "delta": 8.404854, "datetime": "2020-06-14 09:51:05"}}
{"target": 15.875, "params": {"beta_enc": 0.9364827095709659, "gamma_fc": 0.06400835216304845, "beta_rec": 0.936105740066278, "cue_position": 0.0, "gamma_cf": 0.9668093751136876}, "datetime": {"elapsed": 333.689886, "delta": 8.303871, "datetime": "2020-06-14 09:51:13"}}
{"target": 14.875, "params": {"beta_enc": 0.9051543139388968, "gamma_fc": 0.16366154684446688, "beta_rec": 0.9764026946191048, "cue_position": 0.0, "gamma_cf": 0.8965830751717215}, "datetime": {"elapsed": 341.792674, "delta": 8.102788, "datetime": "2020-06-14 09:51:22"}}
{"target": 13.875, "params": {"beta_enc": 0.9547012381063876, "gamma_fc": 0.058923804145945, "beta_rec": 0.9575675200231146, "cue_position": 0.0, "gamma_cf": 0.9686971473506586}, "datetime": {"elapsed": 349.983081, "delta": 8.190407, "datetime": "2020-06-14 09:51:30"}}
{"target": 12.5, "params": {"beta_enc": 0.9851755765122294, "gamma_fc": 0.10222475536349951, "beta_rec": 0.934195472097448, "cue_position": 0.0, "gamma_cf": 0.9437779446372353}, "datetime": {"elapsed": 358.108136, "delta": 8.125055, "datetime": "2020-06-14 09:51:38"}}
{"target": 14.25, "params": {"beta_enc": 0.9375278855073564, "gamma_fc": 0.09756881715534815, "beta_rec": 0.9484507838406174, "cue_position": 0.0, "gamma_cf": 0.9732449069917389}, "datetime": {"elapsed": 366.997587, "delta": 8.889451, "datetime": "2020-06-14 09:51:47"}}
{"target": 15.375, "params": {"beta_enc": 0.8717593605008372, "gamma_fc": 0.10335924345368726, "beta_rec": 0.9936492769080761, "cue_position": 0.0, "gamma_cf": 0.9746069266336922}, "datetime": {"elapsed": 375.31442, "delta": 8.316833, "datetime": "2020-06-14 09:51:55"}}
{"target": 14.375, "params": {"beta_enc": 0.944390915770849, "gamma_fc": 0.0635381029738541, "beta_rec": 0.9471691490914647, "cue_position": 0.0, "gamma_cf": 0.944766458534569}, "datetime": {"elapsed": 383.30624, "delta": 7.99182, "datetime": "2020-06-14 09:52:03"}}
{"target": 15.25, "params": {"beta_enc": 0.9165104229824957, "gamma_fc": 0.16911278925100115, "beta_rec": 0.9595630870561349, "cue_position": 0.0, "gamma_cf": 0.915251452684389}, "datetime": {"elapsed": 391.223057, "delta": 7.916817, "datetime": "2020-06-14 09:52:11"}}
{"target": 12.125, "params": {"beta_enc": 0.9395310560238961, "gamma_fc": 0.18959855118102598, "beta_rec": 0.9432358147086803, "cue_position": 0.0, "gamma_cf": 0.9242655007397704}, "datetime": {"elapsed": 399.560332, "delta": 8.337275, "datetime": "2020-06-14 09:52:19"}}
{"target": 14.5, "params": {"beta_enc": 0.9410717005620516, "gamma_fc": 0.1157421113160968, "beta_rec": 0.96288132566548, "cue_position": 0.0, "gamma_cf": 0.926113861067869}, "datetime": {"elapsed": 407.997777, "delta": 8.437445, "datetime": "2020-06-14 09:52:28"}}
{"target": 15.5, "params": {"beta_enc": 0.9105468930829677, "gamma_fc": 0.10885544914309642, "beta_rec": 0.9695161028824391, "cue_position": 0.0, "gamma_cf": 0.9236629694383454}, "datetime": {"elapsed": 415.984913, "delta": 7.987136, "datetime": "2020-06-14 09:52:36"}}
{"target": 15.5, "params": {"beta_enc": 0.9311471125983308, "gamma_fc": 0.08779647932841184, "beta_rec": 0.9411537065276258, "cue_position": 0.0, "gamma_cf": 0.9367289954616691}, "datetime": {"elapsed": 425.229251, "delta": 9.244338, "datetime": "2020-06-14 09:52:45"}}
{"target": 13.875, "params": {"beta_enc": 0.8993556977532515, "gamma_fc": 0.20756061091715106, "beta_rec": 0.9814281958329091, "cue_position": 0.0, "gamma_cf": 0.9218542290588745}, "datetime": {"elapsed": 434.123964, "delta": 8.894713, "datetime": "2020-06-14 09:52:54"}}
{"target": 15.5, "params": {"beta_enc": 0.9143998735225589, "gamma_fc": 0.12857431654226315, "beta_rec": 0.9829617758271073, "cue_position": 0.0, "gamma_cf": 0.9104673482456104}, "datetime": {"elapsed": 443.073695, "delta": 8.949731, "datetime": "2020-06-14 09:53:03"}}
{"target": 13.0, "params": {"beta_enc": 0.8902932677798732, "gamma_fc": 0.12106572037188879, "beta_rec": 0.9866990245110215, "cue_position": 0.0, "gamma_cf": 0.883351496893959}, "datetime": {"elapsed": 452.01153, "delta": 8.937835, "datetime": "2020-06-14 09:53:12"}}
{"target": 14.375, "params": {"beta_enc": 0.926355613863469, "gamma_fc": 0.13892312585093558, "beta_rec": 0.934538707065369, "cue_position": 0.0, "gamma_cf": 0.9447922564306721}, "datetime": {"elapsed": 460.14122, "delta": 8.12969, "datetime": "2020-06-14 09:53:20"}}
{"target": 14.875, "params": {"beta_enc": 0.9315242391321188, "gamma_fc": 0.06298520182660938, "beta_rec": 0.9629025975374504, "cue_position": 0.0, "gamma_cf": 0.9663653402295941}, "datetime": {"elapsed": 468.649705, "delta": 8.508485, "datetime": "2020-06-14 09:53:28"}}
{"target": 15.0, "params": {"beta_enc": 0.9213022434975118, "gamma_fc": 0.0826463476200947, "beta_rec": 0.9586215479066807, "cue_position": 0.0, "gamma_cf": 0.9399089563122608}, "datetime": {"elapsed": 477.96664, "delta": 9.316935, "datetime": "2020-06-14 09:53:38"}}
{"target": 15.5, "params": {"beta_enc": 0.9099820798015799, "gamma_fc": 0.10947583148826856, "beta_rec": 0.9900212222489359, "cue_position": 0.0, "gamma_cf": 0.954695760957547}, "datetime": {"elapsed": 486.959066, "delta": 8.992426, "datetime": "2020-06-14 09:53:47"}}
{"target": 15.5, "params": {"beta_enc": 0.9216130279092944, "gamma_fc": 0.07088101551397985, "beta_rec": 0.9946262700074019, "cue_position": 0.0, "gamma_cf": 0.9442273173003984}, "datetime": {"elapsed": 495.336456, "delta": 8.37739, "datetime": "2020-06-14 09:53:55"}}
{"target": 15.5, "params": {"beta_enc": 0.8971249979961191, "gamma_fc": 0.11213511853176716, "beta_rec": 0.9932755970897515, "cue_position": 0.0, "gamma_cf": 0.9398824100877612}, "datetime": {"elapsed": 504.333152, "delta": 8.996696, "datetime": "2020-06-14 09:54:04"}}
{"target": 15.75, "params": {"beta_enc": 0.879397776588924, "gamma_fc": 0.09703312959684629, "beta_rec": 0.9930490659818165, "cue_position": 0.0, "gamma_cf": 0.9707970067583878}, "datetime": {"elapsed": 513.422761, "delta": 9.089609, "datetime": "2020-06-14 09:54:13"}}
{"target": 14.75, "params": {"beta_enc": 0.9129792080151279, "gamma_fc": 0.11807394433322116, "beta_rec": 0.9838554501166247, "cue_position": 0.0, "gamma_cf": 0.9125662139116824}, "datetime": {"elapsed": 522.347583, "delta": 8.924822, "datetime": "2020-06-14 09:54:22"}}
{"target": 15.375, "params": {"beta_enc": 0.8937975610002792, "gamma_fc": 0.11575245111605281, "beta_rec": 0.9732402678580581, "cue_position": 0.0, "gamma_cf": 0.9384788729850125}, "datetime": {"elapsed": 530.392449, "delta": 8.044866, "datetime": "2020-06-14 09:54:30"}}
{"target": 15.125, "params": {"beta_enc": 0.9168576827179593, "gamma_fc": 0.1873380052815089, "beta_rec": 0.9782917218720079, "cue_position": 0.0, "gamma_cf": 0.9165610095474767}, "datetime": {"elapsed": 538.840656, "delta": 8.448207, "datetime": "2020-06-14 09:54:39"}}
{"target": 15.125, "params": {"beta_enc": 0.8960986193322413, "gamma_fc": 0.08460208628310129, "beta_rec": 0.9730350760007079, "cue_position": 0.0, "gamma_cf": 0.9448467048488404}, "datetime": {"elapsed": 547.480289, "delta": 8.639633, "datetime": "2020-06-14 09:54:47"}}
{"target": 15.125, "params": {"beta_enc": 0.8994538626067593, "gamma_fc": 0.1299218387314217, "beta_rec": 0.9841797422982589, "cue_position": 0.0, "gamma_cf": 0.9256412105722641}, "datetime": {"elapsed": 556.362552, "delta": 8.882263, "datetime": "2020-06-14 09:54:56"}}
{"target": 14.875, "params": {"beta_enc": 0.931699188917661, "gamma_fc": 0.10136801218725322, "beta_rec": 0.9469381402130572, "cue_position": 0.0, "gamma_cf": 0.9482827178476472}, "datetime": {"elapsed": 564.551389, "delta": 8.188837, "datetime": "2020-06-14 09:55:04"}}
{"target": 15.375, "params": {"beta_enc": 0.935983180389361, "gamma_fc": 0.0794552456192893, "beta_rec": 0.9709133332827089, "cue_position": 0.0, "gamma_cf": 0.9623890217221499}, "datetime": {"elapsed": 573.398924, "delta": 8.847535, "datetime": "2020-06-14 09:55:13"}}
{"target": 13.625, "params": {"beta_enc": 0.9097475298017034, "gamma_fc": 0.13413820833048828, "beta_rec": 0.963929188276167, "cue_position": 0.0, "gamma_cf": 0.888329053196991}, "datetime": {"elapsed": 582.16363, "delta": 8.764706, "datetime": "2020-06-14 09:55:22"}}
{"target": 15.25, "params": {"beta_enc": 0.9341722057560121, "gamma_fc": 0.08919493497060105, "beta_rec": 0.9877616607549387, "cue_position": 0.0, "gamma_cf": 0.9523465704848135}, "datetime": {"elapsed": 591.15409, "delta": 8.99046, "datetime": "2020-06-14 09:55:31"}}
{"target": 12.75, "params": {"beta_enc": 0.9564452127853537, "gamma_fc": 0.09312499880291536, "beta_rec": 0.9162656540040516, "cue_position": 0.0, "gamma_cf": 0.965266035821629}, "datetime": {"elapsed": 599.581433, "delta": 8.427343, "datetime": "2020-06-14 09:55:39"}}
{"target": 14.5, "params": {"beta_enc": 0.9461602944880164, "gamma_fc": 0.1411383499733938, "beta_rec": 0.9388393533725503, "cue_position": 0.0, "gamma_cf": 0.9420884456811274}, "datetime": {"elapsed": 608.275795, "delta": 8.694362, "datetime": "2020-06-14 09:55:48"}}
{"target": 14.75, "params": {"beta_enc": 0.8993315665695597, "gamma_fc": 0.1747393595514678, "beta_rec": 0.970993827286295, "cue_position": 0.0, "gamma_cf": 0.9405380115503577}, "datetime": {"elapsed": 617.295973, "delta": 9.020178, "datetime": "2020-06-14 09:55:57"}}
{"target": 15.0, "params": {"beta_enc": 0.8871222728968474, "gamma_fc": 0.11082950335994113, "beta_rec": 0.9977074100101149, "cue_position": 0.0, "gamma_cf": 0.9492980830510838}, "datetime": {"elapsed": 626.638718, "delta": 9.342745, "datetime": "2020-06-14 09:56:06"}}
{"target": 15.5, "params": {"beta_enc": 0.9142986179222253, "gamma_fc": 0.13452954741961143, "beta_rec": 0.9877852737491841, "cue_position": 0.0, "gamma_cf": 0.8979141229839674}, "datetime": {"elapsed": 635.276994, "delta": 8.638276, "datetime": "2020-06-14 09:56:15"}}
{"target": 15.875, "params": {"beta_enc": 0.9119515809581772, "gamma_fc": 0.05972797808778563, "beta_rec": 0.9805939687636532, "cue_position": 0.0, "gamma_cf": 0.953951339425724}, "datetime": {"elapsed": 644.501973, "delta": 9.224979, "datetime": "2020-06-14 09:56:24"}}
{"target": 15.25, "params": {"beta_enc": 0.9221237319704663, "gamma_fc": 0.14497821092672158, "beta_rec": 0.9614274343255195, "cue_position": 0.0, "gamma_cf": 0.9098176666453691}, "datetime": {"elapsed": 653.844627, "delta": 9.342654, "datetime": "2020-06-14 09:56:34"}}
{"target": 14.5, "params": {"beta_enc": 0.9305704451954088, "gamma_fc": 0.15429385806057616, "beta_rec": 0.9731119863389717, "cue_position": 0.0, "gamma_cf": 0.8965136106040339}, "datetime": {"elapsed": 663.342545, "delta": 9.497918, "datetime": "2020-06-14 09:56:43"}}
{"target": 14.375, "params": {"beta_enc": 0.9231980900906367, "gamma_fc": 0.06957567387959895, "beta_rec": 0.9917923143700871, "cue_position": 0.0, "gamma_cf": 0.9717034212647799}, "datetime": {"elapsed": 672.26871, "delta": 8.926165, "datetime": "2020-06-14 09:56:52"}}
{"target": 13.875, "params": {"beta_enc": 0.9159317733432397, "gamma_fc": 0.1986918305248886, "beta_rec": 0.9461974251370535, "cue_position": 0.0, "gamma_cf": 0.9063032231763991}, "datetime": {"elapsed": 681.42373, "delta": 9.15502, "datetime": "2020-06-14 09:57:01"}}
{"target": 13.0, "params": {"beta_enc": 0.9208699437832761, "gamma_fc": 0.228522494661759, "beta_rec": 0.9646366832871986, "cue_position": 0.0, "gamma_cf": 0.9264279134305056}, "datetime": {"elapsed": 690.69074, "delta": 9.26701, "datetime": "2020-06-14 09:57:10"}}
{"target": 14.75, "params": {"beta_enc": 0.9339797824886729, "gamma_fc": 0.08363710434549443, "beta_rec": 0.9557783133910124, "cue_position": 0.0, "gamma_cf": 0.8971797108400529}, "datetime": {"elapsed": 700.27831, "delta": 9.58757, "datetime": "2020-06-14 09:57:20"}}
{"target": 15.25, "params": {"beta_enc": 0.9408107225105807, "gamma_fc": 0.0665595689436067, "beta_rec": 0.9208528892315976, "cue_position": 0.0, "gamma_cf": 0.9844509580806062}, "datetime": {"elapsed": 709.100114, "delta": 8.821804, "datetime": "2020-06-14 09:57:29"}}
{"target": 15.375, "params": {"beta_enc": 0.9280844579684572, "gamma_fc": 0.1556550162990058, "beta_rec": 0.9668726768006447, "cue_position": 0.0, "gamma_cf": 0.9211999132493807}, "datetime": {"elapsed": 718.500086, "delta": 9.399972, "datetime": "2020-06-14 09:57:38"}}
{"target": 14.125, "params": {"beta_enc": 0.9274541280262126, "gamma_fc": 0.07026614737873849, "beta_rec": 0.9299882637470686, "cue_position": 0.0, "gamma_cf": 0.96554880890624}, "datetime": {"elapsed": 727.892784, "delta": 9.392698, "datetime": "2020-06-14 09:57:48"}}
{"target": 14.75, "params": {"beta_enc": 0.8974647047079127, "gamma_fc": 0.1576962235083086, "beta_rec": 0.9572256733222559, "cue_position": 0.0, "gamma_cf": 0.9375124437266721}, "datetime": {"elapsed": 737.506923, "delta": 9.614139, "datetime": "2020-06-14 09:57:57"}}
