{"target": -9059.996779882895, "params": {"epsilon_d": 3.1437661611405043, "gamma_cf": 0.17476587635631158, "beta_rec": 0.22730973628468876, "lr": 0.8163515118272141, "phi_s": 2.1354419362933004, "beta_enc": 0.08748220955359087, "s_cf": 0.24035562484913886, "k_intra": 4.135864150011614, "phi_d": 0.6368781549801888, "gamma_fc": 0.6070941619724605}, "datetime": {"delta": 9.819129, "datetime": "2020-09-13 13:14:43", "elapsed": 495.065337}}
{"target": -10230.102941822834, "params": {"epsilon_d": 0.5696439948283272, "gamma_cf": 0.22881367096037586, "beta_rec": 0.34898759722078887, "lr": 0.5190159840736788, "phi_s": 1.7550759694841436, "beta_enc": 0.5742190888408597, "s_cf": 0.99675342520821, "k_intra": 4.972500933605312, "phi_d": 0.6066884353158752, "gamma_fc": 0.6641025553547935}, "datetime": {"delta": 9.798723, "datetime": "2020-09-13 13:14:53", "elapsed": 504.86406}}
{"target": -9715.527392604447, "params": {"epsilon_d": 9.759890683309049, "gamma_cf": 0.9015625846693213, "beta_rec": 0.5943726238309778, "lr": 0.09357709581748075, "phi_s": 1.4100261312052784, "beta_enc": 0.8168351087916219, "s_cf": 0.37543483316785775, "k_intra": 0.32426325314457105, "phi_d": 0.2895779736224565, "gamma_fc": 0.5956079336026455}, "datetime": {"delta": 9.814069, "datetime": "2020-09-13 13:15:03", "elapsed": 514.678129}}
{"target": -9705.584557592438, "params": {"epsilon_d": 9.727875919326552, "gamma_cf": 0.7674748688630131, "beta_rec": 0.1679832931996149, "lr": 0.668732770206732, "phi_s": 0.13809543507690952, "beta_enc": 0.9753500342702865, "s_cf": 0.3530060855418248, "k_intra": 6.3261581677799725, "phi_d": 1.4829587672114608, "gamma_fc": 0.8242378396244978}, "datetime": {"delta": 9.824862, "datetime": "2020-09-13 13:15:13", "elapsed": 524.502991}}
{"target": -9210.409707461109, "params": {"epsilon_d": 4.686283427461092, "gamma_cf": 0.4574049160894317, "beta_rec": 0.7300912110901043, "lr": 0.7582782604769962, "phi_s": 2.954712005561181, "beta_enc": 0.49207180149355845, "s_cf": 0.220234226159156, "k_intra": 0.1088873380347899, "phi_d": 1.0278632304252673, "gamma_fc": 0.13766274094560316}, "datetime": {"delta": 9.845343, "datetime": "2020-09-13 13:15:22", "elapsed": 534.348334}}
{"target": -9476.327696843333, "params": {"epsilon_d": 7.548914570605327, "gamma_cf": 0.46385778390029564, "beta_rec": 0.5238961356661317, "lr": 0.5045191697009946, "phi_s": 2.3334348733050674, "beta_enc": 0.33870802548167966, "s_cf": 0.13033578095435427, "k_intra": 3.125013784920495, "phi_d": 2.0541621232489162, "gamma_fc": 0.12482254311167629}, "datetime": {"delta": 9.819387, "datetime": "2020-09-13 13:15:32", "elapsed": 544.167721}}
{"target": -9139.62056109422, "params": {"epsilon_d": 8.099887106624163, "gamma_cf": 0.012603767029876312, "beta_rec": 0.5190823222119895, "lr": 0.44924675358663757, "phi_s": 1.9686471457952797, "beta_enc": 0.022915131322381765, "s_cf": 0.005239837651465851, "k_intra": 6.868082266569918, "phi_d": 2.7528871915516095, "gamma_fc": 0.6724698446537339}, "datetime": {"delta": 9.835218, "datetime": "2020-09-13 13:15:42", "elapsed": 554.002939}}
{"target": -10352.958489231787, "params": {"epsilon_d": 8.303995700373395, "gamma_cf": 0.6491541971124779, "beta_rec": 0.8593178060976, "lr": 0.27411977516685215, "phi_s": 2.0480163759705188, "beta_enc": 0.4844284455143756, "s_cf": 0.35242963021640883, "k_intra": 5.784995797892005, "phi_d": 1.7255369725545706, "gamma_fc": 0.6736984238986317}, "datetime": {"delta": 9.850877, "datetime": "2020-09-13 13:15:52", "elapsed": 563.853816}}
{"target": -10247.635801847417, "params": {"epsilon_d": 7.473208103319232, "gamma_cf": 0.2896027461868774, "beta_rec": 0.1950374860087073, "lr": 0.8076984091122095, "phi_s": 0.7197103891257853, "beta_enc": 0.8558283672539277, "s_cf": 0.7672845084217665, "k_intra": 4.277373293360762, "phi_d": 1.1252511017371722, "gamma_fc": 0.773799287244182}, "datetime": {"delta": 9.809818, "datetime": "2020-09-13 13:16:02", "elapsed": 573.663634}}
{"target": -9312.598003558138, "params": {"epsilon_d": 7.444731530777321, "gamma_cf": 0.22139670090820107, "beta_rec": 0.7332450677264275, "lr": 0.14251833776584466, "phi_s": 0.17722086560570227, "beta_enc": 0.3086419476306511, "s_cf": 0.11092036903424063, "k_intra": 1.9894792342706669, "phi_d": 1.193539537701269, "gamma_fc": 0.21411213682064845}, "datetime": {"delta": 9.867787, "datetime": "2020-09-13 13:16:12", "elapsed": 583.531421}}
{"target": -10332.89860630051, "params": {"epsilon_d": 0.805295271283859, "gamma_cf": 0.23170231048579204, "beta_rec": 0.7997765368973863, "lr": 0.7113145181364867, "phi_s": 0.9831021649697986, "beta_enc": 0.6745640237634105, "s_cf": 0.8348540476317985, "k_intra": 9.173335630816306, "phi_d": 1.7062653720491014, "gamma_fc": 0.20762566180381437}, "datetime": {"delta": 9.859145, "datetime": "2020-09-13 13:16:21", "elapsed": 593.390566}}
{"target": -9374.626633013131, "params": {"epsilon_d": 7.060518043359332, "gamma_cf": 0.47803130796528337, "beta_rec": 0.9234562151187752, "lr": 0.15983365034409336, "phi_s": 1.3504270899650759, "beta_enc": 0.43530595762951996, "s_cf": 0.40420190577514725, "k_intra": 9.760435504677476, "phi_d": 0.6875461631370214, "gamma_fc": 0.1262101037493587}, "datetime": {"delta": 9.868261, "datetime": "2020-09-13 13:16:31", "elapsed": 603.258827}}
{"target": -9221.35002812932, "params": {"epsilon_d": 1.8874506687718595, "gamma_cf": 0.6438956443116628, "beta_rec": 0.7293189193611234, "lr": 0.60095424810764, "phi_s": 1.950834260798967, "beta_enc": 0.14675148076429412, "s_cf": 0.5971273029466491, "k_intra": 2.107323920833207, "phi_d": 2.2718922882129258, "gamma_fc": 0.7543059505762987}, "datetime": {"delta": 9.811258, "datetime": "2020-09-13 13:16:41", "elapsed": 613.070085}}
{"target": -9962.034252845031, "params": {"epsilon_d": 9.453084399999497, "gamma_cf": 0.42556139026154693, "beta_rec": 0.7316064712415088, "lr": 0.8352716024899659, "phi_s": 1.2457809197809224, "beta_enc": 0.29548228565549706, "s_cf": 0.30008104592535645, "k_intra": 0.561410396619153, "phi_d": 0.6575250487842283, "gamma_fc": 0.7821818168314053}, "datetime": {"delta": 9.856636, "datetime": "2020-09-13 13:16:51", "elapsed": 622.926721}}
{"target": -9092.326657548148, "params": {"epsilon_d": 3.7015417755373825, "gamma_cf": 0.5306974384761395, "beta_rec": 0.9046310029362429, "lr": 0.20645405888943302, "phi_s": 1.5729729298413337, "beta_enc": 0.08010364380604929, "s_cf": 0.2615495518329871, "k_intra": 1.3216114194293815, "phi_d": 0.3209475461937314, "gamma_fc": 0.49411626589632507}, "datetime": {"delta": 9.819639, "datetime": "2020-09-13 13:17:01", "elapsed": 632.74636}}
{"target": -9912.39799849949, "params": {"epsilon_d": 7.875518396525072, "gamma_cf": 0.1065838767888011, "beta_rec": 0.10806532869723684, "lr": 0.5724051124346493, "phi_s": 2.382637240001919, "beta_enc": 0.3570616088827919, "s_cf": 0.18960594781829654, "k_intra": 1.7716116443841734, "phi_d": 0.23005147030835557, "gamma_fc": 0.9857088237131878}, "datetime": {"delta": 9.774797, "datetime": "2020-09-13 13:17:11", "elapsed": 642.521157}}
{"target": -9278.02351438978, "params": {"epsilon_d": 1.4993148491725594, "gamma_cf": 0.5510871741869717, "beta_rec": 0.7400775431590716, "lr": 0.7229151935562137, "phi_s": 2.599703017234513, "beta_enc": 0.5279039784081266, "s_cf": 0.019775099516344263, "k_intra": 7.591960493171447, "phi_d": 0.6119921994035407, "gamma_fc": 0.2166172083287794}, "datetime": {"delta": 9.745828, "datetime": "2020-09-13 13:17:20", "elapsed": 652.266985}}
{"target": -15362.865568372954, "params": {"epsilon_d": 4.032204721058492, "gamma_cf": 0.7587469310223366, "beta_rec": 0.5589038111609383, "lr": 0.2780850486129828, "phi_s": 2.8083175641131746, "beta_enc": 0.8602369974231152, "s_cf": 0.8578971045378938, "k_intra": 9.873261748084266, "phi_d": 0.1110016499870935, "gamma_fc": 0.7169290016924699}, "datetime": {"delta": 9.757926, "datetime": "2020-09-13 13:17:30", "elapsed": 662.024911}}
{"target": -10353.092352460173, "params": {"epsilon_d": 7.0695624524876095, "gamma_cf": 0.7805295568767427, "beta_rec": 0.5166887829215384, "lr": 0.7506243191751754, "phi_s": 1.2654111795067284, "beta_enc": 0.7288508775192559, "s_cf": 0.6973080192643409, "k_intra": 7.703225253299576, "phi_d": 1.8783125134783532, "gamma_fc": 0.3748759435368594}, "datetime": {"delta": 9.748248, "datetime": "2020-09-13 13:17:40", "elapsed": 671.773159}}
{"target": -9101.93356868316, "params": {"epsilon_d": 8.96416602456847, "gamma_cf": 0.23931570743750463, "beta_rec": 0.7748966467245978, "lr": 0.3020967312900983, "phi_s": 1.675182647690474, "beta_enc": 0.0031128578251921057, "s_cf": 0.2867116496064306, "k_intra": 2.2028398779372758, "phi_d": 2.660782674835119, "gamma_fc": 0.12076718430922972}, "datetime": {"delta": 9.758652, "datetime": "2020-09-13 13:17:50", "elapsed": 681.531811}}
{"target": -9417.814887231614, "params": {"epsilon_d": 6.138710897412526, "gamma_cf": 0.3241385298974466, "beta_rec": 0.29014446310454167, "lr": 0.8281353607315121, "phi_s": 1.1025265814089569, "beta_enc": 0.13835468979294652, "s_cf": 0.6749716048091052, "k_intra": 4.441171070166145, "phi_d": 1.3364096472850688, "gamma_fc": 0.45736018169099846}, "datetime": {"delta": 9.785472, "datetime": "2020-09-13 13:17:59", "elapsed": 691.317283}}
{"target": -10144.25646238137, "params": {"epsilon_d": 3.147656873240164, "gamma_cf": 0.6268556021628346, "beta_rec": 0.4672458239265538, "lr": 0.7844574187919231, "phi_s": 2.003065061979681, "beta_enc": 0.22148205573352875, "s_cf": 0.13184097502750214, "k_intra": 4.476890001456285, "phi_d": 1.4252005316284961, "gamma_fc": 0.8773604746948126}, "datetime": {"delta": 9.732235, "datetime": "2020-09-13 13:18:09", "elapsed": 701.049518}}
{"target": -9619.621278727136, "params": {"epsilon_d": 6.054790010309347, "gamma_cf": 0.7667745872371021, "beta_rec": 0.9093119886549367, "lr": 0.8428998401928499, "phi_s": 1.7624895874940856, "beta_enc": 0.43298150696764814, "s_cf": 0.9427625754329493, "k_intra": 4.980556248280075, "phi_d": 0.29664010958876585, "gamma_fc": 0.5047006080958943}, "datetime": {"delta": 9.738149, "datetime": "2020-09-13 13:18:19", "elapsed": 710.787667}}
{"target": -10228.365152815477, "params": {"epsilon_d": 8.479393924434762, "gamma_cf": 0.25163914235585283, "beta_rec": 0.1944658095278845, "lr": 0.9488362882802196, "phi_s": 2.530136089938415, "beta_enc": 0.5178600481723219, "s_cf": 0.007932876194523097, "k_intra": 5.402609403968999, "phi_d": 1.9105764369677602, "gamma_fc": 0.700726036482538}, "datetime": {"delta": 9.756911, "datetime": "2020-09-13 13:18:29", "elapsed": 720.544578}}
{"target": -9404.589936495784, "params": {"epsilon_d": 3.2212951361476962, "gamma_cf": 0.9461523954567653, "beta_rec": 0.07771457033238649, "lr": 0.8612116383667944, "phi_s": 0.8416610620372004, "beta_enc": 0.989340056166638, "s_cf": 0.8026895196332986, "k_intra": 8.227300054219356, "phi_d": 1.3755093612048603, "gamma_fc": 0.008939102371245067}, "datetime": {"delta": 9.760375, "datetime": "2020-09-13 13:18:38", "elapsed": 730.304953}}
{"target": -11925.178918164778, "params": {"epsilon_d": 9.278489928250108, "gamma_cf": 0.8959699670066484, "beta_rec": 0.13433860865569613, "lr": 0.41857802576409864, "phi_s": 1.254172854282975, "beta_enc": 0.47786200443222115, "s_cf": 0.5057420174508104, "k_intra": 8.567024965177922, "phi_d": 2.0820482104822733, "gamma_fc": 0.49154515001693533}, "datetime": {"delta": 9.767895, "datetime": "2020-09-13 13:18:48", "elapsed": 740.072848}}
{"target": -9247.801547596246, "params": {"epsilon_d": 2.9421568824425472, "gamma_cf": 0.10345955611640134, "beta_rec": 0.9649889241109139, "lr": 0.7159456994623945, "phi_s": 2.4042772184357815, "beta_enc": 0.1895517028339273, "s_cf": 0.5070799232841364, "k_intra": 0.14092294192442956, "phi_d": 1.737045128698535, "gamma_fc": 0.1443154002290481}, "datetime": {"delta": 9.792106, "datetime": "2020-09-13 13:18:58", "elapsed": 749.864954}}
{"target": -9448.565564210287, "params": {"epsilon_d": 7.7784847685917535, "gamma_cf": 0.4064828689770863, "beta_rec": 0.6957642142718394, "lr": 0.321819963387904, "phi_s": 1.285047952538461, "beta_enc": 0.7918210395041538, "s_cf": 0.2414187479655988, "k_intra": 1.797942976929744, "phi_d": 0.6005533983473982, "gamma_fc": 0.6477706331874812}, "datetime": {"delta": 9.781158, "datetime": "2020-09-13 13:19:08", "elapsed": 759.646112}}
{"target": -9131.963376624923, "params": {"epsilon_d": 3.2031932582203124, "gamma_cf": 0.9824909449748953, "beta_rec": 0.9752223424373121, "lr": 0.8574844990835966, "phi_s": 0.830895932379434, "beta_enc": 0.4069219941293579, "s_cf": 0.7928556779768876, "k_intra": 3.7509101839391104, "phi_d": 1.896801544168864, "gamma_fc": 0.6363061258559836}, "datetime": {"delta": 9.781357, "datetime": "2020-09-13 13:19:18", "elapsed": 769.427469}}
{"target": -9696.950993134118, "params": {"epsilon_d": 3.3027693652508097, "gamma_cf": 0.6973688756131394, "beta_rec": 0.3575111673304414, "lr": 0.2952887943998478, "phi_s": 1.514972326235087, "beta_enc": 0.43293850873416306, "s_cf": 0.8553564125953698, "k_intra": 8.0827801370538, "phi_d": 1.677952012397536, "gamma_fc": 0.26865012390622656}, "datetime": {"delta": 9.796383, "datetime": "2020-09-13 13:19:27", "elapsed": 779.223852}}
{"target": -10600.137847408816, "params": {"epsilon_d": 5.853484589382511, "gamma_cf": 0.8982050460171371, "beta_rec": 0.18438444236776674, "lr": 0.2789908904569709, "phi_s": 2.0791157583237645, "beta_enc": 0.8883864343953859, "s_cf": 0.2282057333504841, "k_intra": 9.218683054838154, "phi_d": 1.8656104051620077, "gamma_fc": 0.4461172190344297}, "datetime": {"delta": 9.705962, "datetime": "2020-09-13 13:19:37", "elapsed": 788.929814}}
{"target": -9767.020072010962, "params": {"epsilon_d": 9.38481891856734, "gamma_cf": 0.34302810983040655, "beta_rec": 0.4167239623706961, "lr": 0.34195283630245243, "phi_s": 2.1786353610244906, "beta_enc": 0.013767512557716799, "s_cf": 0.6993076236968142, "k_intra": 1.7473631282740743, "phi_d": 0.5193333904304805, "gamma_fc": 0.7797442954825999}, "datetime": {"delta": 9.744334, "datetime": "2020-09-13 13:19:47", "elapsed": 798.674148}}
{"target": -9734.66626847948, "params": {"epsilon_d": 6.923601216234089, "gamma_cf": 0.22729754091594956, "beta_rec": 0.25339603448629966, "lr": 0.3553079116201222, "phi_s": 1.931775217911225, "beta_enc": 0.6884973179489188, "s_cf": 0.7073166026816995, "k_intra": 3.719221216676872, "phi_d": 0.2671989409996435, "gamma_fc": 0.4246491159313397}, "datetime": {"delta": 9.685385, "datetime": "2020-09-13 13:19:56", "elapsed": 808.359533}}
{"target": -10042.353657575937, "params": {"epsilon_d": 1.6994071421725776, "gamma_cf": 0.14944679893886248, "beta_rec": 0.6483127561631246, "lr": 0.18395344154722204, "phi_s": 1.3439037686867186, "beta_enc": 0.6135886945028356, "s_cf": 0.4972891859195163, "k_intra": 8.75332726354539, "phi_d": 1.4422334442539537, "gamma_fc": 0.5141750435258828}, "datetime": {"delta": 9.709949, "datetime": "2020-09-13 13:20:06", "elapsed": 818.069482}}
{"target": -10262.904324983629, "params": {"epsilon_d": 2.618804041035202, "gamma_cf": 0.844526943229479, "beta_rec": 0.34244064113481054, "lr": 0.6070154607890389, "phi_s": 1.57787855323092, "beta_enc": 0.16151077048601192, "s_cf": 0.29694708578690454, "k_intra": 4.266391582681436, "phi_d": 0.5218502697720379, "gamma_fc": 0.8003322457764017}, "datetime": {"delta": 9.701395, "datetime": "2020-09-13 13:20:16", "elapsed": 827.770877}}
{"target": -11206.270371445984, "params": {"epsilon_d": 6.33474012622421, "gamma_cf": 0.12475130006917923, "beta_rec": 0.6715983809063899, "lr": 0.9482991740726651, "phi_s": 0.5400021259927236, "beta_enc": 0.8596509535692011, "s_cf": 0.639126848719905, "k_intra": 9.865727795868814, "phi_d": 1.9707483567552864, "gamma_fc": 0.4705878794988857}, "datetime": {"delta": 9.727358, "datetime": "2020-09-13 13:20:26", "elapsed": 837.498235}}
{"target": -10050.353053872706, "params": {"epsilon_d": 4.280374694682702, "gamma_cf": 0.5992697556580301, "beta_rec": 0.468665837661252, "lr": 0.579360540297233, "phi_s": 0.2877459519804917, "beta_enc": 0.5656621125439275, "s_cf": 0.9913465087318091, "k_intra": 7.511210403719374, "phi_d": 2.7816421264544813, "gamma_fc": 0.8499698885159654}, "datetime": {"delta": 9.692224, "datetime": "2020-09-13 13:20:35", "elapsed": 847.190459}}
{"target": -9223.459884071692, "params": {"epsilon_d": 4.227526616445609, "gamma_cf": 0.10750887618516769, "beta_rec": 0.19949554613856135, "lr": 0.28462388100694214, "phi_s": 2.1402060602047355, "beta_enc": 0.05299454266798953, "s_cf": 0.668456167589482, "k_intra": 0.47992564048867314, "phi_d": 0.2770063752470462, "gamma_fc": 0.6236704109977018}, "datetime": {"delta": 9.696769, "datetime": "2020-09-13 13:20:45", "elapsed": 856.887228}}
{"target": -9798.331438051973, "params": {"epsilon_d": 7.470048290299451, "gamma_cf": 0.34037929076546725, "beta_rec": 0.1881942600298212, "lr": 0.5256694443509794, "phi_s": 1.9682728576491921, "beta_enc": 0.3785805932506022, "s_cf": 0.3506565024321674, "k_intra": 4.8790093917962025, "phi_d": 0.18262346352554493, "gamma_fc": 0.7953011674056428}, "datetime": {"delta": 9.707864, "datetime": "2020-09-13 13:20:55", "elapsed": 866.595092}}
{"target": -9880.24199463777, "params": {"epsilon_d": 3.824674572709176, "gamma_cf": 0.46978904008636024, "beta_rec": 0.4338833762117006, "lr": 0.7744101333360395, "phi_s": 2.6784801584117, "beta_enc": 0.2292050272920657, "s_cf": 0.354952851149572, "k_intra": 3.6437807036823044, "phi_d": 1.7030260299946882, "gamma_fc": 0.9794833541798064}, "datetime": {"delta": 9.691421, "datetime": "2020-09-13 13:21:04", "elapsed": 876.286513}}
{"target": -10113.907292578042, "params": {"epsilon_d": 0.4353426375776537, "gamma_cf": 0.9507534280610023, "beta_rec": 0.9110192396569683, "lr": 0.9950523223391111, "phi_s": 1.5984484433260753, "beta_enc": 0.24551868018650747, "s_cf": 0.03109707545554785, "k_intra": 3.7636321668708748, "phi_d": 0.26925167382813175, "gamma_fc": 0.5564069156709253}, "datetime": {"delta": 9.701074, "datetime": "2020-09-13 13:21:14", "elapsed": 885.987587}}
{"target": -10044.264561926755, "params": {"epsilon_d": 6.309592003395305, "gamma_cf": 0.9809236757505815, "beta_rec": 0.18046850899511557, "lr": 0.7084608700517172, "phi_s": 1.5350449441294345, "beta_enc": 0.5711757391862334, "s_cf": 0.5285334901775651, "k_intra": 4.518362494208707, "phi_d": 2.354659375009249, "gamma_fc": 0.8749025512123809}, "datetime": {"delta": 9.693382, "datetime": "2020-09-13 13:21:24", "elapsed": 895.680969}}
{"target": -9515.273199053112, "params": {"epsilon_d": 1.4222125307278666, "gamma_cf": 0.7268937533445626, "beta_rec": 0.36939992561190627, "lr": 0.8859979711653513, "phi_s": 1.2863634125588939, "beta_enc": 0.1507843983721926, "s_cf": 0.26889202221264585, "k_intra": 4.488788367067656, "phi_d": 1.6300944397035282, "gamma_fc": 0.4770129944022632}, "datetime": {"delta": 9.695773, "datetime": "2020-09-13 13:21:33", "elapsed": 905.376742}}
{"target": -11723.377719052774, "params": {"epsilon_d": 0.2575348240658337, "gamma_cf": 0.29115394055242805, "beta_rec": 0.4181361337253158, "lr": 0.10938291419358459, "phi_s": 1.54980387618768, "beta_enc": 0.07201203516976995, "s_cf": 0.777098229275783, "k_intra": 9.659330650197223, "phi_d": 2.0518190572282036, "gamma_fc": 0.5035095098483965}, "datetime": {"delta": 9.766185, "datetime": "2020-09-13 13:21:43", "elapsed": 915.142927}}
{"target": -9419.513223467593, "params": {"epsilon_d": 3.992186053524538, "gamma_cf": 0.7969622519799001, "beta_rec": 0.08320263643587555, "lr": 0.2902979970618682, "phi_s": 0.14847520832331865, "beta_enc": 0.14360699787420927, "s_cf": 0.3986590599223787, "k_intra": 7.67777192147274, "phi_d": 0.7289853140742064, "gamma_fc": 0.1916757389098901}, "datetime": {"delta": 9.710337, "datetime": "2020-09-13 13:21:53", "elapsed": 924.853264}}
{"target": -10383.915932630262, "params": {"epsilon_d": 0.7091840047038722, "gamma_cf": 0.15260398704227185, "beta_rec": 0.6593449361953647, "lr": 0.6517892760100904, "phi_s": 1.030976311085216, "beta_enc": 0.38108149129345237, "s_cf": 0.5579119942437725, "k_intra": 1.1379635644740682, "phi_d": 1.2677048713072658, "gamma_fc": 0.016575882900934147}, "datetime": {"delta": 9.761617, "datetime": "2020-09-13 13:22:03", "elapsed": 934.614881}}
{"target": -9957.442299764465, "params": {"epsilon_d": 6.9962318239958385, "gamma_cf": 0.9182585891320579, "beta_rec": 0.8344865140180296, "lr": 0.4740062899880546, "phi_s": 2.8180309801725016, "beta_enc": 0.9934604630998499, "s_cf": 0.48956496114516856, "k_intra": 0.7033344161552524, "phi_d": 1.1125854975755243, "gamma_fc": 0.03972870668308481}, "datetime": {"delta": 9.723036, "datetime": "2020-09-13 13:22:12", "elapsed": 944.337917}}
{"target": -9255.023475289152, "params": {"epsilon_d": 4.466350458236905, "gamma_cf": 0.8770343892703519, "beta_rec": 0.8952603657312208, "lr": 0.32836139008759013, "phi_s": 0.7383731546782455, "beta_enc": 0.5396491100933506, "s_cf": 0.6714291710812733, "k_intra": 2.738097041581086, "phi_d": 1.687936384394765, "gamma_fc": 0.25358174937162836}, "datetime": {"delta": 9.745933, "datetime": "2020-09-13 13:22:22", "elapsed": 954.08385}}
{"target": -10076.673261446564, "params": {"epsilon_d": 8.701917462053776, "gamma_cf": 0.23686870355699852, "beta_rec": 0.09410027449963942, "lr": 0.52580196995147, "phi_s": 2.634965213234282, "beta_enc": 0.1427932828030004, "s_cf": 0.9511356184186921, "k_intra": 5.715420927253323, "phi_d": 0.32046925038210994, "gamma_fc": 0.3860040110225955}, "datetime": {"delta": 9.714032, "datetime": "2020-09-13 13:22:32", "elapsed": 963.797882}}
{"target": -11659.359899089803, "params": {"epsilon_d": 5.278467961179595, "gamma_cf": 0.3394167240176095, "beta_rec": 0.2838018349468743, "lr": 0.3117029177189814, "phi_s": 1.0453049011960591, "beta_enc": 0.8125073041746718, "s_cf": 0.7744772660150796, "k_intra": 9.744034689130025, "phi_d": 2.039510157176322, "gamma_fc": 0.5546673107876667}, "datetime": {"delta": 9.742682, "datetime": "2020-09-13 13:22:42", "elapsed": 973.540564}}
