{"target": -0.3657249767498688, "params": {"phi_s": 1.4056005606132098, "gamma_fc": 0.0, "phi_d": 2.532555180746811, "beta_enc": 0.7550220289053028, "Num": 4.848012663362897, "beta_rec": 0.0, "k": 4.0257065864382255}, "datetime": {"delta": 46.521452, "elapsed": 6944.365286, "datetime": "2020-09-09 14:03:44"}}
{"target": -0.35678121566434295, "params": {"phi_s": 1.359264578334965, "gamma_fc": 0.0, "phi_d": 2.306999503197876, "beta_enc": 0.7084674121069656, "Num": 4.846310117757985, "beta_rec": 0.017837525452119585, "k": 4.064707376755528}, "datetime": {"delta": 47.521912, "elapsed": 6991.887198, "datetime": "2020-09-09 14:04:32"}}
{"target": -0.42291794799410465, "params": {"phi_s": 1.3179355267260948, "gamma_fc": 0.0, "phi_d": 2.422668763472553, "beta_enc": 0.8229362048077831, "Num": 4.793475080464766, "beta_rec": 0.15607715605789058, "k": 4.103076158693981}, "datetime": {"delta": 47.393712, "elapsed": 7039.28091, "datetime": "2020-09-09 14:05:19"}}
{"target": -0.4498115406562059, "params": {"phi_s": 1.3398448784497126, "gamma_fc": 0.0, "phi_d": 2.4467560166611935, "beta_enc": 0.5661496948328418, "Num": 4.899061083515642, "beta_rec": 0.07954253416026438, "k": 4.0038790284429435}, "datetime": {"delta": 47.628703, "elapsed": 7086.909613, "datetime": "2020-09-09 14:06:07"}}
{"target": -0.47017423242676737, "params": {"phi_s": 1.304620668732301, "gamma_fc": 0.0, "phi_d": 2.3836819687152393, "beta_enc": 0.8416254837656876, "Num": 4.956487778365812, "beta_rec": 0.0, "k": 4.0025450076945654}, "datetime": {"delta": 47.492791, "elapsed": 7134.402404, "datetime": "2020-09-09 14:06:54"}}
{"target": -0.3338860373513294, "params": {"phi_s": 1.3083784487957308, "gamma_fc": 0.15594890147059493, "phi_d": 2.441619531673511, "beta_enc": 0.7075426263891252, "Num": 4.846056793785438, "beta_rec": 0.00097967972275307, "k": 4.118881103161179}, "datetime": {"delta": 46.363223, "elapsed": 7180.765627, "datetime": "2020-09-09 14:07:40"}}
{"target": -0.6247925484442638, "params": {"phi_s": 1.8941822273565294, "gamma_fc": 0.9018598874735513, "phi_d": 2.2306740498652253, "beta_enc": 0.9496937828134022, "Num": 6.672948058861149, "beta_rec": 0.2897988154023606, "k": 4.316996526758936}, "datetime": {"delta": 50.463655, "elapsed": 7231.229282, "datetime": "2020-09-09 14:08:31"}}
{"target": -0.7622448056721625, "params": {"phi_s": 1.1664361572819466, "gamma_fc": 0.9357028520290402, "phi_d": 2.048156714858918, "beta_enc": 0.6289626134497942, "Num": 1.7691564640571347, "beta_rec": 0.3606964220081712, "k": 6.64536973910839}, "datetime": {"delta": 39.413369, "elapsed": 7270.642651, "datetime": "2020-09-09 14:09:10"}}
{"target": -0.8611383334433647, "params": {"phi_s": 2.679930504838664, "gamma_fc": 0.3228169767240691, "phi_d": 1.0437238892316014, "beta_enc": 0.5029248511011556, "Num": 7.484056673487311, "beta_rec": 0.2804899882950289, "k": 6.457972226803866}, "datetime": {"delta": 47.894504, "elapsed": 7318.537155, "datetime": "2020-09-09 14:09:58"}}
{"target": -0.4567546665496976, "params": {"phi_s": 2.449748074013515, "gamma_fc": 0.18541297995016498, "phi_d": 1.0941673249858466, "beta_enc": 0.8814131569133374, "Num": 7.877234731197434, "beta_rec": 0.30356742932328007, "k": 6.313756368811232}, "datetime": {"delta": 51.048278, "elapsed": 7369.585433, "datetime": "2020-09-09 14:10:49"}}
{"target": -0.8771022686772307, "params": {"phi_s": 1.7787191931401904, "gamma_fc": 0.39910597556644345, "phi_d": 2.1390573255680745, "beta_enc": 1.0, "Num": 6.14465296053825, "beta_rec": 0.444955854901056, "k": 7.610305567740519}, "datetime": {"delta": 49.227459, "elapsed": 7418.812892, "datetime": "2020-09-09 14:11:39"}}
{"target": -0.8230941926696395, "params": {"phi_s": 1.7614504024648334, "gamma_fc": 0.36827225761788857, "phi_d": 1.735736144546809, "beta_enc": 1.0, "Num": 6.061377786184522, "beta_rec": 0.29906891946817643, "k": 8.033087246098928}, "datetime": {"delta": 50.701311, "elapsed": 7469.514203, "datetime": "2020-09-09 14:12:29"}}
{"target": -0.5402046487803696, "params": {"phi_s": 1.7855879505325793, "gamma_fc": 0.417035690017101, "phi_d": 2.142196808205165, "beta_enc": 0.9380487281695045, "Num": 5.903555614674189, "beta_rec": 0.4553398589112334, "k": 8.039865532893403}, "datetime": {"delta": 45.4672, "elapsed": 7514.981403, "datetime": "2020-09-09 14:13:15"}}
{"target": -0.33433007205374543, "params": {"phi_s": 1.0086263167395981, "gamma_fc": 0.44050529570406494, "phi_d": 2.8652918505872416, "beta_enc": 0.8972172531584229, "Num": 3.177926279509416, "beta_rec": 0.3685205447825008, "k": 5.099489230174446}, "datetime": {"delta": 45.412645, "elapsed": 7560.394048, "datetime": "2020-09-09 14:14:00"}}
{"target": -0.30039920791296476, "params": {"phi_s": 1.0413128034254397, "gamma_fc": 0.3787461207803665, "phi_d": 2.8376910335125425, "beta_enc": 0.877634767467458, "Num": 3.143193026138157, "beta_rec": 0.346407835524927, "k": 5.135426425976364}, "datetime": {"delta": 44.432682, "elapsed": 7604.82673, "datetime": "2020-09-09 14:14:45"}}
{"target": -0.5089037724996943, "params": {"phi_s": 2.6860010649117285, "gamma_fc": 0.2074517318491822, "phi_d": 1.2088710554903155, "beta_enc": 0.8995350007388342, "Num": 7.756615964226934, "beta_rec": 0.15540811192329146, "k": 6.200007437771535}, "datetime": {"delta": 51.959779, "elapsed": 7656.786509, "datetime": "2020-09-09 14:15:37"}}
{"target": -1.1309445105379334, "params": {"phi_s": 1.7170360448176183, "gamma_fc": 1.0, "phi_d": 2.0930361760012737, "beta_enc": 1.0, "Num": 3.390495829928398, "beta_rec": 0.6664043513117991, "k": 6.313499299562119}, "datetime": {"delta": 40.197172, "elapsed": 7696.983681, "datetime": "2020-09-09 14:16:17"}}
{"target": -0.4102458190281926, "params": {"phi_s": 2.4031090758004283, "gamma_fc": 0.10917009817352626, "phi_d": 0.9624688166412977, "beta_enc": 0.6705109524711866, "Num": 2.717542062373893, "beta_rec": 0.3700564069815428, "k": 5.022864924211695}, "datetime": {"delta": 42.159248, "elapsed": 7739.142929, "datetime": "2020-09-09 14:16:59"}}
{"target": -0.2876517323436125, "params": {"phi_s": 1.6389193214324347, "gamma_fc": 0.90069018791777, "phi_d": 1.1032731682229258, "beta_enc": 0.8195971725799718, "Num": 6.261973168377172, "beta_rec": 0.2740728566921718, "k": 5.0747827556012695}, "datetime": {"delta": 49.52955, "elapsed": 7788.672479, "datetime": "2020-09-09 14:17:48"}}
{"target": -0.3024015020584215, "params": {"phi_s": 1.5894464844640426, "gamma_fc": 0.8704145772450026, "phi_d": 1.1413292559931931, "beta_enc": 0.8165427704431197, "Num": 6.248505975975993, "beta_rec": 0.21926987055401967, "k": 4.953684615569037}, "datetime": {"delta": 49.436806, "elapsed": 7838.109285, "datetime": "2020-09-09 14:18:38"}}
{"target": -0.25273917640762583, "params": {"phi_s": 1.5869877333910964, "gamma_fc": 0.9125206098975688, "phi_d": 1.1853701599582194, "beta_enc": 0.7964272270731013, "Num": 6.169736714847416, "beta_rec": 0.3255781135943243, "k": 5.068800286928486}, "datetime": {"delta": 49.367946, "elapsed": 7887.477231, "datetime": "2020-09-09 14:19:27"}}
{"target": -0.2706050647947697, "params": {"phi_s": 1.664218790197483, "gamma_fc": 0.9257950956973544, "phi_d": 1.289338191024275, "beta_enc": 0.7954953183802802, "Num": 6.160215788374051, "beta_rec": 0.3344180476210025, "k": 5.095573241463461}, "datetime": {"delta": 49.733062, "elapsed": 7937.210293, "datetime": "2020-09-09 14:20:17"}}
{"target": -0.28649833917200335, "params": {"phi_s": 1.6388915702151057, "gamma_fc": 0.952947058342964, "phi_d": 1.180396617840147, "beta_enc": 0.8307811318066797, "Num": 6.121117331328574, "beta_rec": 0.37652811772096856, "k": 5.0218925120318}, "datetime": {"delta": 48.735433, "elapsed": 7985.945726, "datetime": "2020-09-09 14:21:06"}}
{"target": -0.27189058565874613, "params": {"phi_s": 1.5339598840274817, "gamma_fc": 0.9381377708392646, "phi_d": 1.262021266553953, "beta_enc": 0.8272020324811103, "Num": 6.216289073818154, "beta_rec": 0.3498594561008007, "k": 5.081838162443779}, "datetime": {"delta": 48.994409, "elapsed": 8034.940135, "datetime": "2020-09-09 14:21:55"}}
{"target": -0.2961411671968617, "params": {"phi_s": 1.591710486612517, "gamma_fc": 0.8926502357315373, "phi_d": 1.2213149295358425, "beta_enc": 0.7238042744073431, "Num": 6.206693408215434, "beta_rec": 0.370391568442549, "k": 5.064048396911644}, "datetime": {"delta": 49.051539, "elapsed": 8083.991674, "datetime": "2020-09-09 14:22:44"}}
{"target": -0.3267990587456953, "params": {"phi_s": 1.5728308168728093, "gamma_fc": 0.9453899490558625, "phi_d": 1.214540281894952, "beta_enc": 0.8150119297271062, "Num": 6.13532993661639, "beta_rec": 0.25985392113028816, "k": 5.110576734079696}, "datetime": {"delta": 50.272387, "elapsed": 8134.264061, "datetime": "2020-09-09 14:23:34"}}
{"target": -0.296923393202534, "params": {"phi_s": 1.6030879392430837, "gamma_fc": 0.8711404151891424, "phi_d": 1.2076053359744527, "beta_enc": 0.8469108079969963, "Num": 6.19447884227471, "beta_rec": 0.356098114420514, "k": 5.0654147553881845}, "datetime": {"delta": 50.713827, "elapsed": 8184.977888, "datetime": "2020-09-09 14:24:25"}}
{"target": -0.27642329743965444, "params": {"phi_s": 1.5912596976826827, "gamma_fc": 0.9738540225522296, "phi_d": 1.1872668129535118, "beta_enc": 0.7872827298146524, "Num": 6.210427501158338, "beta_rec": 0.33149756146392584, "k": 5.0417187690104255}, "datetime": {"delta": 51.202298, "elapsed": 8236.180186, "datetime": "2020-09-09 14:25:16"}}
{"target": -0.24319660730138087, "params": {"phi_s": 1.518470534953131, "gamma_fc": 0.9014064343114743, "phi_d": 1.089838374521341, "beta_enc": 0.7791208664565616, "Num": 6.163727602078473, "beta_rec": 0.3266479481757142, "k": 5.049327702959745}, "datetime": {"delta": 49.75906, "elapsed": 8285.939246, "datetime": "2020-09-09 14:26:06"}}
{"target": -0.2927824128626926, "params": {"phi_s": 1.6845932776932633, "gamma_fc": 1.0, "phi_d": 1.4358835788313484, "beta_enc": 0.7856208865228894, "Num": 6.113974209289082, "beta_rec": 0.46228058022281443, "k": 5.18713699384003}, "datetime": {"delta": 48.85028, "elapsed": 8334.789526, "datetime": "2020-09-09 14:26:55"}}
{"target": -0.2608555913590521, "params": {"phi_s": 1.5482925074606404, "gamma_fc": 0.9735331043829383, "phi_d": 1.4907858791794564, "beta_enc": 0.805044968971639, "Num": 6.113235587211779, "beta_rec": 0.41158737683614766, "k": 5.016741729945778}, "datetime": {"delta": 48.237952, "elapsed": 8383.027478, "datetime": "2020-09-09 14:27:43"}}
{"target": -0.28470747699343685, "params": {"phi_s": 1.4293439033377957, "gamma_fc": 0.9513200756216295, "phi_d": 1.3232335694909323, "beta_enc": 0.7942145261590237, "Num": 6.09370300728081, "beta_rec": 0.4243232159730615, "k": 5.011918552008433}, "datetime": {"delta": 49.02599, "elapsed": 8432.053468, "datetime": "2020-09-09 14:28:32"}}
{"target": -0.2931133113109675, "params": {"phi_s": 1.7547466001551304, "gamma_fc": 0.9766858417928097, "phi_d": 1.5481981844253023, "beta_enc": 0.7791789626199335, "Num": 6.110590888070674, "beta_rec": 0.3688380553742923, "k": 5.041017703448801}, "datetime": {"delta": 48.034423, "elapsed": 8480.087891, "datetime": "2020-09-09 14:29:20"}}
{"target": -0.3393480237195671, "params": {"phi_s": 1.542218167856425, "gamma_fc": 1.0, "phi_d": 1.6101458613637212, "beta_enc": 0.8429694039216622, "Num": 6.229203999897184, "beta_rec": 0.4091189708037893, "k": 5.083968717085559}, "datetime": {"delta": 48.261053, "elapsed": 8528.348944, "datetime": "2020-09-09 14:30:08"}}
{"target": -0.26923696828037036, "params": {"phi_s": 1.6438419521534253, "gamma_fc": 0.9267318082278023, "phi_d": 1.4261685685715548, "beta_enc": 0.7554700701345675, "Num": 6.024232538588581, "beta_rec": 0.4068057183103144, "k": 5.051117924498268}, "datetime": {"delta": 48.703787, "elapsed": 8577.052731, "datetime": "2020-09-09 14:30:57"}}
{"target": -0.37084667622188716, "params": {"phi_s": 1.596508345414652, "gamma_fc": 1.0, "phi_d": 1.5936849182618074, "beta_enc": 0.859853051432059, "Num": 5.985327280725845, "beta_rec": 0.5056971374777534, "k": 4.950544857504012}, "datetime": {"delta": 45.975566, "elapsed": 8623.028297, "datetime": "2020-09-09 14:31:43"}}
{"target": -0.3096179646916224, "params": {"phi_s": 1.492511873542643, "gamma_fc": 0.90619719849912, "phi_d": 1.4882786965273092, "beta_enc": 0.7610739224705169, "Num": 6.1123553775122375, "beta_rec": 0.3083667339355916, "k": 4.88917146354977}, "datetime": {"delta": 50.3605, "elapsed": 8673.388797, "datetime": "2020-09-09 14:32:33"}}
{"target": -0.3082311284561852, "params": {"phi_s": 1.6222235762449322, "gamma_fc": 1.0, "phi_d": 1.4244537954871763, "beta_enc": 0.7379881837144721, "Num": 6.108028400314291, "beta_rec": 0.383976496060571, "k": 5.026667848692075}, "datetime": {"delta": 49.896578, "elapsed": 8723.285375, "datetime": "2020-09-09 14:33:23"}}
{"target": -0.2650374129778992, "params": {"phi_s": 1.5994763166172328, "gamma_fc": 0.8844754475639233, "phi_d": 1.5009070580840265, "beta_enc": 0.822327081964508, "Num": 6.092910846996625, "beta_rec": 0.3911847952010756, "k": 5.071177263291321}, "datetime": {"delta": 48.609592, "elapsed": 8771.894967, "datetime": "2020-09-09 14:34:12"}}
{"target": -0.2802498413280165, "params": {"phi_s": 1.8977987751123495, "gamma_fc": 0.9046526192458724, "phi_d": 1.4126374498701666, "beta_enc": 0.7686556703480684, "Num": 6.03672535276245, "beta_rec": 0.3916000598646735, "k": 5.18211279545858}, "datetime": {"delta": 49.017701, "elapsed": 8820.912668, "datetime": "2020-09-09 14:35:01"}}
{"target": -0.3146036289976063, "params": {"phi_s": 1.3508331755930048, "gamma_fc": 0.9383262058290407, "phi_d": 1.4657591153366487, "beta_enc": 0.8915965498861027, "Num": 6.198342314873211, "beta_rec": 0.38548879705739486, "k": 4.9330610793632665}, "datetime": {"delta": 47.550059, "elapsed": 8868.462727, "datetime": "2020-09-09 14:35:48"}}
{"target": -0.3356503562783472, "params": {"phi_s": 2.0746205744364072, "gamma_fc": 0.9941633670741614, "phi_d": 1.4872445597382968, "beta_enc": 0.7855673149882402, "Num": 6.166692356844202, "beta_rec": 0.3720514758069526, "k": 5.347860638858687}, "datetime": {"delta": 47.268575, "elapsed": 8915.731302, "datetime": "2020-09-09 14:36:35"}}
{"target": -0.316679435855836, "params": {"phi_s": 1.888589140719713, "gamma_fc": 0.913297610570057, "phi_d": 1.6121258707714994, "beta_enc": 0.7524328502636746, "Num": 6.012793607983245, "beta_rec": 0.36389629135858914, "k": 5.272546786834199}, "datetime": {"delta": 48.174481, "elapsed": 8963.905783, "datetime": "2020-09-09 14:37:24"}}
{"target": -0.3753603043049738, "params": {"phi_s": 2.055944124580763, "gamma_fc": 1.0, "phi_d": 1.4522558977838647, "beta_enc": 0.7878887177458, "Num": 5.933788234840183, "beta_rec": 0.5209802738100434, "k": 5.41044964431341}, "datetime": {"delta": 45.676601, "elapsed": 9009.582384, "datetime": "2020-09-09 14:38:09"}}
{"target": -0.3697703035183835, "params": {"phi_s": 1.8562802967809386, "gamma_fc": 0.9677985450445425, "phi_d": 1.5102893623607945, "beta_enc": 0.8883889173044831, "Num": 6.04540065826823, "beta_rec": 0.3853194421833989, "k": 5.166722995478786}, "datetime": {"delta": 47.582676, "elapsed": 9057.16506, "datetime": "2020-09-09 14:38:57"}}
{"target": -0.4232892534514694, "params": {"phi_s": 1.955366083947442, "gamma_fc": 0.9005041232753582, "phi_d": 1.457523982552481, "beta_enc": 0.633467346036365, "Num": 6.095751410437266, "beta_rec": 0.4347309793186222, "k": 5.319136424090559}, "datetime": {"delta": 47.69323, "elapsed": 9104.85829, "datetime": "2020-09-09 14:39:45"}}
{"target": -0.38242038086714963, "params": {"phi_s": 2.202756230236779, "gamma_fc": 0.9625931226624254, "phi_d": 1.4657207406339097, "beta_enc": 0.7481813734098869, "Num": 5.981742551361258, "beta_rec": 0.22956451509922154, "k": 5.276088289776436}, "datetime": {"delta": 46.63141, "elapsed": 9151.4897, "datetime": "2020-09-09 14:40:31"}}
{"target": -0.26114244606742726, "params": {"phi_s": 1.460661856198435, "gamma_fc": 0.9019924756981424, "phi_d": 1.557313394412421, "beta_enc": 0.7667095191327299, "Num": 6.0803617858199495, "beta_rec": 0.443733753305455, "k": 5.037738801452625}, "datetime": {"delta": 49.228371, "elapsed": 9200.718071, "datetime": "2020-09-09 14:41:20"}}
{"target": -0.28029406540441404, "params": {"phi_s": 1.8379046654672444, "gamma_fc": 0.8129632331790111, "phi_d": 1.57922875805527, "beta_enc": 0.7138451979676478, "Num": 6.013576460066409, "beta_rec": 0.3026833967961438, "k": 5.022369473074504}, "datetime": {"delta": 50.448022, "elapsed": 9251.166093, "datetime": "2020-09-09 14:42:11"}}
{"target": -0.2936938865763645, "params": {"phi_s": 1.6492663935314265, "gamma_fc": 0.8700292082135834, "phi_d": 1.6903260666058468, "beta_enc": 0.7150480647005252, "Num": 6.004652377869298, "beta_rec": 0.3498891787974, "k": 5.041107711576051}, "datetime": {"delta": 49.778325, "elapsed": 9300.944418, "datetime": "2020-09-09 14:43:01"}}
{"target": -0.5211517574425966, "params": {"phi_s": 2.339128684169322, "gamma_fc": 1.0, "phi_d": 1.4542017245722219, "beta_enc": 0.8753740324099661, "Num": 6.118469040038714, "beta_rec": 0.35618657710283663, "k": 5.706861071952298}, "datetime": {"delta": 46.2758, "elapsed": 9347.220218, "datetime": "2020-09-09 14:43:47"}}
{"target": -0.2723282905284732, "params": {"phi_s": 1.5900492600532172, "gamma_fc": 0.9273148245005971, "phi_d": 1.0753668594916677, "beta_enc": 0.7687576984464412, "Num": 6.132749271778015, "beta_rec": 0.37865518275845467, "k": 5.137082240894121}, "datetime": {"delta": 48.553684, "elapsed": 9395.773902, "datetime": "2020-09-09 14:44:35"}}
{"target": -0.31089722875874404, "params": {"phi_s": 1.9184120935372373, "gamma_fc": 0.8739464421110923, "phi_d": 1.2975073949022475, "beta_enc": 0.7356684498553073, "Num": 6.073037910005933, "beta_rec": 0.26922364863513176, "k": 5.032254376896749}, "datetime": {"delta": 48.495322, "elapsed": 9444.269224, "datetime": "2020-09-09 14:45:24"}}
{"target": -0.960466178990683, "params": {"phi_s": 2.5192839736388706, "gamma_fc": 0.6099883552201831, "phi_d": 2.032062828473354, "beta_enc": 1.0, "Num": 1.5208352595979024, "beta_rec": 0.7817842633289319, "k": 2.3688601740161745}, "datetime": {"delta": 39.187875, "elapsed": 9483.457099, "datetime": "2020-09-09 14:46:03"}}
{"target": -0.3887702254228886, "params": {"phi_s": 1.989611755672067, "gamma_fc": 0.8720509665156342, "phi_d": 1.7528457215981352, "beta_enc": 0.7184854731253544, "Num": 6.138625681360815, "beta_rec": 0.19526155910089268, "k": 5.051433114836917}, "datetime": {"delta": 49.824894, "elapsed": 9533.281993, "datetime": "2020-09-09 14:46:53"}}
{"target": -0.5151527380775281, "params": {"phi_s": 2.6270099440799846, "gamma_fc": 0.7601860421696602, "phi_d": 0.3250728866168561, "beta_enc": 0.7723922190499682, "Num": 4.180742029857128, "beta_rec": 0.5773870023596294, "k": 3.10235681141916}, "datetime": {"delta": 46.090829, "elapsed": 9579.372822, "datetime": "2020-09-09 14:47:39"}}
{"target": -0.5017078397454537, "params": {"phi_s": 1.9764421927347362, "gamma_fc": 0.38034883818903337, "phi_d": 3.0, "beta_enc": 0.8999759927589054, "Num": 5.67505287857094, "beta_rec": 0.0, "k": 5.624847078713392}, "datetime": {"delta": 49.826778, "elapsed": 9629.1996, "datetime": "2020-09-09 14:48:29"}}
{"target": -0.48246742247361674, "params": {"phi_s": 1.0670885071822092, "gamma_fc": 0.24271262744195304, "phi_d": 2.2061771352244133, "beta_enc": 0.802449283989695, "Num": 7.750675722655629, "beta_rec": 0.0, "k": 4.925029345369673}, "datetime": {"delta": 51.658491, "elapsed": 9680.858091, "datetime": "2020-09-09 14:49:21"}}
{"target": -0.5656289497573749, "params": {"phi_s": 1.8993389303939492, "gamma_fc": 0.0, "phi_d": 1.1753174868886254, "beta_enc": 0.47107130523663215, "Num": 1.7384513872510343, "beta_rec": 1.0, "k": 4.720189344936541}, "datetime": {"delta": 45.062194, "elapsed": 9725.920285, "datetime": "2020-09-09 14:50:06"}}
{"target": -0.4501948347971903, "params": {"phi_s": 1.7948673761043186, "gamma_fc": 0.44680698314144957, "phi_d": 1.3685556931607055, "beta_enc": 0.6146410345049576, "Num": 1.613211386009448, "beta_rec": 1.0, "k": 4.71337218827731}, "datetime": {"delta": 42.002727, "elapsed": 9767.923012, "datetime": "2020-09-09 14:50:48"}}
{"target": -0.2808768501339631, "params": {"phi_s": 1.3468500400064805, "gamma_fc": 0.9071336204407792, "phi_d": 1.1133153017332955, "beta_enc": 0.8091816970890833, "Num": 6.248734901663189, "beta_rec": 0.2994314056853513, "k": 5.002021799356651}, "datetime": {"delta": 50.013481, "elapsed": 9817.936493, "datetime": "2020-09-09 14:51:38"}}
{"target": -0.9247311186134075, "params": {"phi_s": 1.0251432103772335, "gamma_fc": 0.14947204233179306, "phi_d": 1.488555330730926, "beta_enc": 0.9663921910900833, "Num": 8.620216744042859, "beta_rec": 0.5789163716534543, "k": 4.716396307486878}, "datetime": {"delta": 56.267613, "elapsed": 9874.204106, "datetime": "2020-09-09 14:52:34"}}
{"target": -0.8097956545622838, "params": {"phi_s": 1.8190191737326498, "gamma_fc": 0.2590499363428852, "phi_d": 2.071039224365703, "beta_enc": 1.0, "Num": 3.9139001322941573, "beta_rec": 0.18116103468177816, "k": 8.812923909902743}, "datetime": {"delta": 48.04988, "elapsed": 9922.253986, "datetime": "2020-09-09 14:53:22"}}
{"target": -0.5751351865512717, "params": {"phi_s": 2.1245047075361634, "gamma_fc": 0.434045870758236, "phi_d": 3.0, "beta_enc": 0.793696040957955, "Num": 5.719170004994644, "beta_rec": 0.0, "k": 6.088030464988927}, "datetime": {"delta": 46.972323, "elapsed": 9969.226309, "datetime": "2020-09-09 14:54:09"}}
{"target": -0.4767871348418151, "params": {"phi_s": 2.2430356646897223, "gamma_fc": 0.006872011070326518, "phi_d": 3.0, "beta_enc": 0.8249875129381752, "Num": 5.55381449673401, "beta_rec": 0.0, "k": 5.729705619674395}, "datetime": {"delta": 48.422387, "elapsed": 10017.648696, "datetime": "2020-09-09 14:54:57"}}
