{"target": 10.375, "params": {"gamma_fc": 0.8233961112131433, "cue_position": 15.0, "beta_rec": 0.81260921127262, "gamma_cf": 0.27213713879638546, "beta_enc": 0.11938166477433232}, "datetime": {"elapsed": 7404.339405, "delta": 59.210994, "datetime": "2020-06-13 22:42:38"}}
{"target": 9.375, "params": {"gamma_fc": 0.06664978815314093, "cue_position": 15.0, "beta_rec": 0.16099856336735419, "gamma_cf": 0.7059077009666929, "beta_enc": 0.17077197960089496}, "datetime": {"elapsed": 7465.079379, "delta": 60.739974, "datetime": "2020-06-13 22:43:39"}}
{"target": 9.625, "params": {"gamma_fc": 0.3964612325282588, "cue_position": 15.0, "beta_rec": 0.8146144294580324, "gamma_cf": 0.3390518875477625, "beta_enc": 0.2519205304662958}, "datetime": {"elapsed": 7525.458667, "delta": 60.379288, "datetime": "2020-06-13 22:44:40"}}
{"target": 10.75, "params": {"gamma_fc": 0.7863467998325124, "cue_position": 15.0, "beta_rec": 0.6334611246731093, "gamma_cf": 0.699685448600133, "beta_enc": 0.11923906326899392}, "datetime": {"elapsed": 7586.104631, "delta": 60.645964, "datetime": "2020-06-13 22:45:40"}}
{"target": 9.25, "params": {"gamma_fc": 0.7463631410936514, "cue_position": 15.0, "beta_rec": 0.021795426115639893, "gamma_cf": 0.3984702040220449, "beta_enc": 0.11588784737535085}, "datetime": {"elapsed": 7645.201057, "delta": 59.096426, "datetime": "2020-06-13 22:46:39"}}
{"target": 11.125, "params": {"gamma_fc": 0.7441245938070306, "cue_position": 15.0, "beta_rec": 0.8066461318219252, "gamma_cf": 0.8637358816703076, "beta_enc": 0.2398560862860637}, "datetime": {"elapsed": 7704.52939, "delta": 59.328333, "datetime": "2020-06-13 22:47:39"}}
{"target": 11.125, "params": {"gamma_fc": 0.6549172969993351, "cue_position": 15.0, "beta_rec": 0.29079481827058684, "gamma_cf": 0.6978107041583788, "beta_enc": 0.040812470572407}, "datetime": {"elapsed": 7764.682085, "delta": 60.152695, "datetime": "2020-06-13 22:48:39"}}
{"target": 9.75, "params": {"gamma_fc": 0.5541830375843004, "cue_position": 15.0, "beta_rec": 0.9070214136039628, "gamma_cf": 0.9526165009001097, "beta_enc": 0.20653119179922452}, "datetime": {"elapsed": 7821.45789, "delta": 56.775805, "datetime": "2020-06-13 22:49:36"}}
{"target": 9.125, "params": {"gamma_fc": 0.009362161106121869, "cue_position": 15.0, "beta_rec": 0.2470128008428819, "gamma_cf": 0.3484886842862165, "beta_enc": 0.10693451513006913}, "datetime": {"elapsed": 7878.309036, "delta": 56.851146, "datetime": "2020-06-13 22:50:32"}}
{"target": 9.875, "params": {"gamma_fc": 0.761863391473826, "cue_position": 15.0, "beta_rec": 0.7294036251743296, "gamma_cf": 0.6395065528906939, "beta_enc": 0.14194026637615464}, "datetime": {"elapsed": 7935.490829, "delta": 57.181793, "datetime": "2020-06-13 22:51:30"}}
{"target": 10.25, "params": {"gamma_fc": 0.1927971765070262, "cue_position": 15.0, "beta_rec": 0.37727849479753883, "gamma_cf": 0.9883626536057815, "beta_enc": 0.058599652022418014}, "datetime": {"elapsed": 7992.266161, "delta": 56.775332, "datetime": "2020-06-13 22:52:26"}}
{"target": 9.75, "params": {"gamma_fc": 0.5606453333605825, "cue_position": 15.0, "beta_rec": 0.18722798674998797, "gamma_cf": 0.3949352342954361, "beta_enc": 0.0955941707703043}, "datetime": {"elapsed": 8049.22302, "delta": 56.956859, "datetime": "2020-06-13 22:53:23"}}
{"target": 10.875, "params": {"gamma_fc": 0.9835590686424845, "cue_position": 15.0, "beta_rec": 0.3378227830047692, "gamma_cf": 0.4144896326913411, "beta_enc": 0.40244072900074634}, "datetime": {"elapsed": 8106.274546, "delta": 57.051526, "datetime": "2020-06-13 22:54:20"}}
{"target": 9.75, "params": {"gamma_fc": 0.2201062643586934, "cue_position": 15.0, "beta_rec": 0.7488278657065558, "gamma_cf": 0.9685506787062286, "beta_enc": 0.010264065565741332}, "datetime": {"elapsed": 8163.566725, "delta": 57.292179, "datetime": "2020-06-13 22:55:18"}}
{"target": 10.5, "params": {"gamma_fc": 0.7689913101416522, "cue_position": 15.0, "beta_rec": 0.7246031211577456, "gamma_cf": 0.6382877678654862, "beta_enc": 0.13074890733287858}, "datetime": {"elapsed": 8221.125165, "delta": 57.55844, "datetime": "2020-06-13 22:56:15"}}
{"target": 9.75, "params": {"gamma_fc": 0.5555352303171831, "cue_position": 15.0, "beta_rec": 0.6400582156024591, "gamma_cf": 0.33195571454809336, "beta_enc": 0.12753899924676093}, "datetime": {"elapsed": 8277.209632, "delta": 56.084467, "datetime": "2020-06-13 22:57:11"}}
{"target": 10.0, "params": {"gamma_fc": 0.5319475344293779, "cue_position": 15.0, "beta_rec": 0.3220434444286021, "gamma_cf": 0.8369588636173844, "beta_enc": 0.016070230432587596}, "datetime": {"elapsed": 8333.503921, "delta": 56.294289, "datetime": "2020-06-13 22:58:08"}}
{"target": 10.5, "params": {"gamma_fc": 0.5609001167056686, "cue_position": 15.0, "beta_rec": 0.9025055202573784, "gamma_cf": 0.9558235330820621, "beta_enc": 0.2167725506473518}, "datetime": {"elapsed": 8389.721308, "delta": 56.217387, "datetime": "2020-06-13 22:59:04"}}
{"target": 9.125, "params": {"gamma_fc": 0.7873410121302361, "cue_position": 15.0, "beta_rec": 0.4154230348356647, "gamma_cf": 0.34548309511681163, "beta_enc": 0.019858181461449464}, "datetime": {"elapsed": 8446.713249, "delta": 56.991941, "datetime": "2020-06-13 23:00:01"}}
{"target": 9.5, "params": {"gamma_fc": 0.5513498268755374, "cue_position": 15.0, "beta_rec": 0.6512126281305807, "gamma_cf": 0.32715869382309715, "beta_enc": 0.10879790406359535}, "datetime": {"elapsed": 8504.413836, "delta": 57.700587, "datetime": "2020-06-13 23:00:59"}}
{"target": 10.375, "params": {"gamma_fc": 0.6071367891236772, "cue_position": 15.0, "beta_rec": 0.9605321326633102, "gamma_cf": 0.9513483117312991, "beta_enc": 0.029314575838652823}, "datetime": {"elapsed": 8562.347944, "delta": 57.934108, "datetime": "2020-06-13 23:01:56"}}
{"target": 10.75, "params": {"gamma_fc": 0.7568505894195531, "cue_position": 15.0, "beta_rec": 0.6350731702721656, "gamma_cf": 0.6866794550904403, "beta_enc": 0.1042005341260056}, "datetime": {"elapsed": 8620.911275, "delta": 58.563331, "datetime": "2020-06-13 23:02:55"}}
{"target": 10.875, "params": {"gamma_fc": 0.7750082639924996, "cue_position": 15.0, "beta_rec": 0.7446943879972672, "gamma_cf": 0.5379842341222428, "beta_enc": 0.15063562211493975}, "datetime": {"elapsed": 8679.249225, "delta": 58.33795, "datetime": "2020-06-13 23:03:53"}}
{"target": 10.75, "params": {"gamma_fc": 0.23370256095410258, "cue_position": 15.0, "beta_rec": 0.7501655573136041, "gamma_cf": 0.9622685103226621, "beta_enc": 0.0029360406240735992}, "datetime": {"elapsed": 8737.508161, "delta": 58.258936, "datetime": "2020-06-13 23:04:52"}}
{"target": 9.75, "params": {"gamma_fc": 0.5593347682891334, "cue_position": 15.0, "beta_rec": 0.6531964948827289, "gamma_cf": 0.3279324869765814, "beta_enc": 0.10621054875344027}, "datetime": {"elapsed": 8796.464497, "delta": 58.956336, "datetime": "2020-06-13 23:05:51"}}
{"target": 9.625, "params": {"gamma_fc": 0.15627949331114555, "cue_position": 15.0, "beta_rec": 0.3863210469200261, "gamma_cf": 0.9834141735385672, "beta_enc": 0.07918437297831471}, "datetime": {"elapsed": 8855.238968, "delta": 58.774471, "datetime": "2020-06-13 23:06:49"}}
{"target": 10.625, "params": {"gamma_fc": 0.6518668738612112, "cue_position": 15.0, "beta_rec": 0.2736860370139794, "gamma_cf": 0.6787468559690637, "beta_enc": 0.030040519387878106}, "datetime": {"elapsed": 8913.5898, "delta": 58.350832, "datetime": "2020-06-13 23:07:48"}}
{"target": 10.625, "params": {"gamma_fc": 0.6567006599084074, "cue_position": 15.0, "beta_rec": 0.3018892933617544, "gamma_cf": 0.6967694328773599, "beta_enc": 0.031910333652082734}, "datetime": {"elapsed": 8972.949351, "delta": 59.359551, "datetime": "2020-06-13 23:08:47"}}
{"target": 9.875, "params": {"gamma_fc": 0.2379154305619593, "cue_position": 15.0, "beta_rec": 0.7553171417215084, "gamma_cf": 0.9633407875699787, "beta_enc": 0.007788173384756902}, "datetime": {"elapsed": 9033.196441, "delta": 60.24709, "datetime": "2020-06-13 23:09:47"}}
{"target": 9.375, "params": {"gamma_fc": 0.7812345726395039, "cue_position": 15.0, "beta_rec": 0.4066292325688896, "gamma_cf": 0.3420332130981286, "beta_enc": 0.027461247379965803}, "datetime": {"elapsed": 9092.714101, "delta": 59.51766, "datetime": "2020-06-13 23:10:47"}}
{"target": 9.25, "params": {"gamma_fc": 0.1997993566382279, "cue_position": 15.0, "beta_rec": 0.08243446363277052, "gamma_cf": 0.7934606534841536, "beta_enc": 0.14907535462214982}, "datetime": {"elapsed": 9152.768865, "delta": 60.054764, "datetime": "2020-06-13 23:11:47"}}
{"target": 9.0, "params": {"gamma_fc": 0.5569620763542908, "cue_position": 15.0, "beta_rec": 0.9169073231469288, "gamma_cf": 0.9524080313548563, "beta_enc": 0.24731768582764158}, "datetime": {"elapsed": 9212.985682, "delta": 60.216817, "datetime": "2020-06-13 23:12:47"}}
{"target": 9.875, "params": {"gamma_fc": 0.43287540777549505, "cue_position": 15.0, "beta_rec": 0.8901130273219875, "gamma_cf": 0.6201883233383709, "beta_enc": 0.1761344188636903}, "datetime": {"elapsed": 9274.616349, "delta": 61.630667, "datetime": "2020-06-13 23:13:49"}}
{"target": 9.875, "params": {"gamma_fc": 0.5456859727501938, "cue_position": 15.0, "beta_rec": 0.9132541744765581, "gamma_cf": 0.9501026868316015, "beta_enc": 0.21377126327160223}, "datetime": {"elapsed": 9336.702575, "delta": 62.086226, "datetime": "2020-06-13 23:14:51"}}
{"target": 11.125, "params": {"gamma_fc": 0.6291324141460557, "cue_position": 15.0, "beta_rec": 0.8523997313780015, "gamma_cf": 0.8295706731600841, "beta_enc": 0.34476201412417184}, "datetime": {"elapsed": 9398.764461, "delta": 62.061886, "datetime": "2020-06-13 23:15:53"}}
{"target": 10.875, "params": {"gamma_fc": 0.6967553771547383, "cue_position": 15.0, "beta_rec": 0.4150142574772062, "gamma_cf": 0.5246823606138123, "beta_enc": 0.10274729715555997}, "datetime": {"elapsed": 9459.812674, "delta": 61.048213, "datetime": "2020-06-13 23:16:54"}}
{"target": 10.625, "params": {"gamma_fc": 0.1985901513616658, "cue_position": 15.0, "beta_rec": 0.38473735094461603, "gamma_cf": 0.9766573406063946, "beta_enc": 0.06761522531862874}, "datetime": {"elapsed": 9521.342089, "delta": 61.529415, "datetime": "2020-06-13 23:17:55"}}
{"target": 10.625, "params": {"gamma_fc": 0.7890268745004764, "cue_position": 15.0, "beta_rec": 0.7335369787076363, "gamma_cf": 0.528979062858565, "beta_enc": 0.13431836256244023}, "datetime": {"elapsed": 9582.167786, "delta": 60.825697, "datetime": "2020-06-13 23:18:56"}}
{"target": 12.125, "params": {"gamma_fc": 0.6866230194619586, "cue_position": 15.0, "beta_rec": 0.2852640345875018, "gamma_cf": 0.7199226521623661, "beta_enc": 0.048900830756304026}, "datetime": {"elapsed": 9644.029946, "delta": 61.86216, "datetime": "2020-06-13 23:19:58"}}
{"target": 10.25, "params": {"gamma_fc": 0.5455359379519368, "cue_position": 15.0, "beta_rec": 0.18397542815038448, "gamma_cf": 0.3950099966441709, "beta_enc": 0.07686242608052107}, "datetime": {"elapsed": 9705.659199, "delta": 61.629253, "datetime": "2020-06-13 23:21:00"}}
{"target": 10.0, "params": {"gamma_fc": 0.8577220684513187, "cue_position": 15.0, "beta_rec": 0.27415746924170725, "gamma_cf": 0.8961791424905845, "beta_enc": 0.27981825864334187}, "datetime": {"elapsed": 9767.178926, "delta": 61.519727, "datetime": "2020-06-13 23:22:01"}}
{"target": 9.0, "params": {"gamma_fc": 0.6423831818923805, "cue_position": 15.0, "beta_rec": 0.6876134899151877, "gamma_cf": 0.4092639853532831, "beta_enc": 0.7898919886056693}, "datetime": {"elapsed": 9829.197985, "delta": 62.019059, "datetime": "2020-06-13 23:23:03"}}
{"target": 9.5, "params": {"gamma_fc": 0.5447906261695161, "cue_position": 15.0, "beta_rec": 0.9055487232772187, "gamma_cf": 0.9508232256182192, "beta_enc": 0.2064047950442317}, "datetime": {"elapsed": 9891.297424, "delta": 62.099439, "datetime": "2020-06-13 23:24:05"}}
{"target": 11.0, "params": {"gamma_fc": 0.9695187237429076, "cue_position": 15.0, "beta_rec": 0.14573244675719332, "gamma_cf": 0.5489200837311877, "beta_enc": 0.2889500459683071}, "datetime": {"elapsed": 9953.557914, "delta": 62.26049, "datetime": "2020-06-13 23:25:08"}}
{"target": 10.0, "params": {"gamma_fc": 0.5350400285719356, "cue_position": 15.0, "beta_rec": 0.19485259164016078, "gamma_cf": 0.38757941640355287, "beta_enc": 0.10097965244525031}, "datetime": {"elapsed": 10016.35022, "delta": 62.792306, "datetime": "2020-06-13 23:26:10"}}
{"target": 9.625, "params": {"gamma_fc": 0.9535374528674598, "cue_position": 15.0, "beta_rec": 0.43380031650218154, "gamma_cf": 0.4758737852675957, "beta_enc": 0.2231511838425897}, "datetime": {"elapsed": 10079.09561, "delta": 62.74539, "datetime": "2020-06-13 23:27:13"}}
{"target": 10.5, "params": {"gamma_fc": 0.7844136416431767, "cue_position": 15.0, "beta_rec": 0.7487817130930139, "gamma_cf": 0.540090707464339, "beta_enc": 0.14899626798624754}, "datetime": {"elapsed": 10142.43976, "delta": 63.34415, "datetime": "2020-06-13 23:28:17"}}
{"target": 9.25, "params": {"gamma_fc": 0.55908602760403, "cue_position": 15.0, "beta_rec": 0.6338844232968159, "gamma_cf": 0.3268781988674514, "beta_enc": 0.12440306003371693}, "datetime": {"elapsed": 10205.919391, "delta": 63.479631, "datetime": "2020-06-13 23:29:20"}}
{"target": 10.5, "params": {"gamma_fc": 0.5592704247613601, "cue_position": 15.0, "beta_rec": 0.6500491893299104, "gamma_cf": 0.3183822006649446, "beta_enc": 0.11125156167312722}, "datetime": {"elapsed": 10269.496101, "delta": 63.57671, "datetime": "2020-06-13 23:30:24"}}
{"target": 10.0, "params": {"gamma_fc": 0.7559900174888828, "cue_position": 15.0, "beta_rec": 0.7273162303593991, "gamma_cf": 0.6467268189670858, "beta_enc": 0.1492216726165292}, "datetime": {"elapsed": 10332.360699, "delta": 62.864598, "datetime": "2020-06-13 23:31:27"}}
{"target": 10.5, "params": {"gamma_fc": 0.5680897477956285, "cue_position": 15.0, "beta_rec": 0.8991552805975678, "gamma_cf": 0.9560041104424953, "beta_enc": 0.22073776957791924}, "datetime": {"elapsed": 10395.201905, "delta": 62.841206, "datetime": "2020-06-13 23:32:29"}}
{"target": 10.5, "params": {"gamma_fc": 0.9813826150617971, "cue_position": 15.0, "beta_rec": 0.33650138595835255, "gamma_cf": 0.41585356610297725, "beta_enc": 0.39918845386708834}, "datetime": {"elapsed": 10457.895811, "delta": 62.693906, "datetime": "2020-06-13 23:33:32"}}
{"target": 10.75, "params": {"gamma_fc": 0.807063298040262, "cue_position": 15.0, "beta_rec": 0.19287917073074834, "gamma_cf": 0.3501475911654761, "beta_enc": 0.36483137089091067}, "datetime": {"elapsed": 10519.259489, "delta": 61.363678, "datetime": "2020-06-13 23:34:33"}}
{"target": 10.75, "params": {"gamma_fc": 0.5953313583549414, "cue_position": 15.0, "beta_rec": 0.6004645297712732, "gamma_cf": 0.6303348310370614, "beta_enc": 0.21312993678297}, "datetime": {"elapsed": 10580.831751, "delta": 61.572262, "datetime": "2020-06-13 23:35:35"}}
{"target": 11.0, "params": {"gamma_fc": 0.6577968261739139, "cue_position": 15.0, "beta_rec": 0.29626678679510043, "gamma_cf": 0.6985001323877144, "beta_enc": 0.03437515570924621}, "datetime": {"elapsed": 10641.277532, "delta": 60.445781, "datetime": "2020-06-13 23:36:35"}}
{"target": 10.625, "params": {"gamma_fc": 0.19312977883550586, "cue_position": 15.0, "beta_rec": 0.3879893031392091, "gamma_cf": 0.9911109023746073, "beta_enc": 0.06581858562906229}, "datetime": {"elapsed": 10699.870533, "delta": 58.593001, "datetime": "2020-06-13 23:37:34"}}
{"target": 10.75, "params": {"gamma_fc": 0.6978955871807715, "cue_position": 15.0, "beta_rec": 0.34410897131932694, "gamma_cf": 0.7200429082956978, "beta_enc": 0.17891575997009457}, "datetime": {"elapsed": 10758.713518, "delta": 58.842985, "datetime": "2020-06-13 23:38:33"}}
{"target": 10.125, "params": {"gamma_fc": 0.6003502522632226, "cue_position": 15.0, "beta_rec": 0.9702546308043084, "gamma_cf": 0.9585109799357873, "beta_enc": 0.0213760681880506}, "datetime": {"elapsed": 10817.658485, "delta": 58.944967, "datetime": "2020-06-13 23:39:32"}}
{"target": 8.0, "params": {"gamma_fc": 0.47133547207723836, "cue_position": 15.0, "beta_rec": 0.6779690707375254, "gamma_cf": 0.1219717865489236, "beta_enc": 0.8578725933268226}, "datetime": {"elapsed": 10876.17102, "delta": 58.512535, "datetime": "2020-06-13 23:40:30"}}
{"target": 11.5, "params": {"gamma_fc": 0.691418433167931, "cue_position": 15.0, "beta_rec": 0.28737294106028755, "gamma_cf": 0.726670247510391, "beta_enc": 0.047179417750966235}, "datetime": {"elapsed": 10935.62604, "delta": 59.45502, "datetime": "2020-06-13 23:41:30"}}
{"target": 9.875, "params": {"gamma_fc": 0.18764238730878935, "cue_position": 15.0, "beta_rec": 0.08834746361199997, "gamma_cf": 0.7907638161838111, "beta_enc": 0.14124585574495008}, "datetime": {"elapsed": 10993.122982, "delta": 57.496942, "datetime": "2020-06-13 23:42:27"}}
{"target": 9.0, "params": {"gamma_fc": 0.20210815568565654, "cue_position": 15.0, "beta_rec": 0.3908583112251448, "gamma_cf": 0.9782436551387246, "beta_enc": 0.06469336247735658}, "datetime": {"elapsed": 11050.297076, "delta": 57.174094, "datetime": "2020-06-13 23:43:24"}}
{"target": 8.875, "params": {"gamma_fc": 0.6614694965073993, "cue_position": 15.0, "beta_rec": 0.2803745697920529, "gamma_cf": 0.6928660783117192, "beta_enc": 0.03745021341044335}, "datetime": {"elapsed": 11108.311545, "delta": 58.014469, "datetime": "2020-06-13 23:44:22"}}
{"target": 4.25, "params": {"gamma_fc": 0.8489346688880443, "cue_position": 15.0, "beta_rec": 0.20806445453675493, "gamma_cf": 0.9167696369953865, "beta_enc": 0.8286419762182167}, "datetime": {"elapsed": 11125.743739, "delta": 17.432194, "datetime": "2020-06-13 23:44:40"}}
{"target": 10.75, "params": {"gamma_fc": 0.9725862166993375, "cue_position": 15.0, "beta_rec": 0.5377558218378266, "gamma_cf": 0.736358620640416, "beta_enc": 0.049172724918069566}, "datetime": {"elapsed": 11143.130754, "delta": 17.387015, "datetime": "2020-06-13 23:44:57"}}
{"target": 10.25, "params": {"gamma_fc": 0.9117176903508927, "cue_position": 15.0, "beta_rec": 0.30055745318999416, "gamma_cf": 0.6229692868862381, "beta_enc": 0.4532076241248487}, "datetime": {"elapsed": 11161.182193, "delta": 18.051439, "datetime": "2020-06-13 23:45:15"}}
{"target": 8.25, "params": {"gamma_fc": 0.002152611435642271, "cue_position": 15.0, "beta_rec": 0.4045777457609726, "gamma_cf": 0.44678185294174255, "beta_enc": 0.4741018707831699}, "datetime": {"elapsed": 11179.534651, "delta": 18.352458, "datetime": "2020-06-13 23:45:34"}}
{"target": 7.125, "params": {"gamma_fc": 0.2906353837780674, "cue_position": 15.0, "beta_rec": 0.04856140920844787, "gamma_cf": 0.5067695027072858, "beta_enc": 0.81130295292799}, "datetime": {"elapsed": 11197.361467, "delta": 17.826816, "datetime": "2020-06-13 23:45:52"}}
{"target": 10.625, "params": {"gamma_fc": 0.3102620774834859, "cue_position": 15.0, "beta_rec": 0.32647838032743737, "gamma_cf": 0.27186008437901477, "beta_enc": 0.25046932337439587}, "datetime": {"elapsed": 11215.102485, "delta": 17.741018, "datetime": "2020-06-13 23:46:09"}}
{"target": 6.875, "params": {"gamma_fc": 0.018163658510479408, "cue_position": 15.0, "beta_rec": 0.17211761299833483, "gamma_cf": 0.56359135614382, "beta_enc": 0.6721581865041598}, "datetime": {"elapsed": 11232.626037, "delta": 17.523552, "datetime": "2020-06-13 23:46:27"}}
{"target": 7.375, "params": {"gamma_fc": 0.0003542889005770933, "cue_position": 15.0, "beta_rec": 0.15546579379184977, "gamma_cf": 0.5120497479759878, "beta_enc": 0.6207258272786876}, "datetime": {"elapsed": 11251.566741, "delta": 18.940704, "datetime": "2020-06-13 23:46:46"}}
{"target": 9.625, "params": {"gamma_fc": 0.9574331999226781, "cue_position": 15.0, "beta_rec": 0.9337590358276027, "gamma_cf": 0.770176481029933, "beta_enc": 0.5635964283212482}, "datetime": {"elapsed": 11270.564963, "delta": 18.998222, "datetime": "2020-06-13 23:47:05"}}
{"target": 6.25, "params": {"gamma_fc": 0.15753220740158858, "cue_position": 15.0, "beta_rec": 0.7886858640932324, "gamma_cf": 0.38160496000111954, "beta_enc": 0.878005135279653}, "datetime": {"elapsed": 11289.659594, "delta": 19.094631, "datetime": "2020-06-13 23:47:24"}}
{"target": 8.375, "params": {"gamma_fc": 0.8730311486643916, "cue_position": 15.0, "beta_rec": 0.12023066914097291, "gamma_cf": 0.32283408051314355, "beta_enc": 0.4803130403009369}, "datetime": {"elapsed": 11309.104771, "delta": 19.445177, "datetime": "2020-06-13 23:47:43"}}
{"target": 9.25, "params": {"gamma_fc": 0.6413216217762557, "cue_position": 15.0, "beta_rec": 0.33679620105685915, "gamma_cf": 0.975220002131004, "beta_enc": 0.5789732134542593}, "datetime": {"elapsed": 11328.441061, "delta": 19.33629, "datetime": "2020-06-13 23:48:03"}}
{"target": 11.375, "params": {"gamma_fc": 0.46721590282144443, "cue_position": 15.0, "beta_rec": 0.737734125253518, "gamma_cf": 0.5500138038558606, "beta_enc": 0.0873176832288467}, "datetime": {"elapsed": 11347.920087, "delta": 19.479026, "datetime": "2020-06-13 23:48:22"}}
{"target": 7.375, "params": {"gamma_fc": 0.2732387463828345, "cue_position": 15.0, "beta_rec": 0.0034563204826448812, "gamma_cf": 0.1818604571176281, "beta_enc": 0.8146398504310471}, "datetime": {"elapsed": 11366.97597, "delta": 19.055883, "datetime": "2020-06-13 23:48:41"}}
{"target": 10.25, "params": {"gamma_fc": 0.6404999292389572, "cue_position": 15.0, "beta_rec": 0.4791727181138129, "gamma_cf": 0.502241399549397, "beta_enc": 0.6139376382112485}, "datetime": {"elapsed": 11386.571581, "delta": 19.595611, "datetime": "2020-06-13 23:49:01"}}
{"target": 6.875, "params": {"gamma_fc": 0.11785221641573662, "cue_position": 15.0, "beta_rec": 0.7355590600919013, "gamma_cf": 0.1601830545528894, "beta_enc": 0.08693630285375054}, "datetime": {"elapsed": 11405.841902, "delta": 19.270321, "datetime": "2020-06-13 23:49:20"}}
{"target": 8.25, "params": {"gamma_fc": 0.15522123064517124, "cue_position": 15.0, "beta_rec": 0.3160974343520685, "gamma_cf": 0.0006080808112481906, "beta_enc": 0.31729996049212406}, "datetime": {"elapsed": 11425.221507, "delta": 19.379605, "datetime": "2020-06-13 23:49:39"}}
