{"target": 5.445925925925927, "params": {"cue_position": 0.0, "gamma_fc": 0.30233257263183977, "beta_enc": 0.417022004702574, "beta_rec": 0.7203244934421581}, "datetime": {"delta": 0.0, "datetime": "2020-09-22 16:08:20", "elapsed": 0.0}}
{"target": 5.3677777777777775, "params": {"cue_position": 0.0, "gamma_fc": 0.34556072704304774, "beta_enc": 0.14675589081711304, "beta_rec": 0.0923385947687978}, "datetime": {"delta": 445.521098, "datetime": "2020-09-22 16:15:45", "elapsed": 445.521098}}
{"target": 5.242962962962963, "params": {"cue_position": 0.0, "gamma_fc": 0.6852195003967595, "beta_enc": 0.39676747423066994, "beta_rec": 0.538816734003357}, "datetime": {"delta": 438.61903, "datetime": "2020-09-22 16:23:04", "elapsed": 884.140128}}
{"target": 5.283333333333334, "params": {"cue_position": 0.0, "gamma_fc": 0.6704675101784022, "beta_enc": 0.20445224973151743, "beta_rec": 0.8781174363909454}, "datetime": {"delta": 440.563914, "datetime": "2020-09-22 16:30:24", "elapsed": 1324.704042}}
{"target": 5.435185185185184, "params": {"cue_position": 0.0, "gamma_fc": 0.1981014890848788, "beta_enc": 0.41730480236712697, "beta_rec": 0.5586898284457517}, "datetime": {"delta": 448.877216, "datetime": "2020-09-22 16:37:53", "elapsed": 1773.581258}}
{"target": 4.564074074074075, "params": {"cue_position": 0.0, "gamma_fc": 0.6923226156693141, "beta_enc": 0.8007445686755367, "beta_rec": 0.9682615757193975}, "datetime": {"delta": 401.429821, "datetime": "2020-09-22 16:44:35", "elapsed": 2175.011079}}
{"target": 5.895555555555556, "params": {"cue_position": 0.0, "gamma_fc": 0.03905478323288236, "beta_enc": 0.8763891522960383, "beta_rec": 0.8946066635038473}, "datetime": {"delta": 473.033728, "datetime": "2020-09-22 16:52:28", "elapsed": 2648.044807}}
{"target": 5.403703703703703, "params": {"cue_position": 0.0, "gamma_fc": 0.42110762500505217, "beta_enc": 0.1698304195645689, "beta_rec": 0.8781425034294131}, "datetime": {"delta": 450.253562, "datetime": "2020-09-22 16:59:58", "elapsed": 3098.298369}}
{"target": 3.4244444444444446, "params": {"cue_position": 0.0, "gamma_fc": 0.31551563100606295, "beta_enc": 0.9578895301505019, "beta_rec": 0.5331652849730171}, "datetime": {"delta": 339.185638, "datetime": "2020-09-22 17:05:37", "elapsed": 3437.484007}}
{"target": 4.881111111111111, "params": {"cue_position": 0.0, "gamma_fc": 0.7501443149449675, "beta_enc": 0.6865009276815837, "beta_rec": 0.8346256718973729}, "datetime": {"delta": 418.251201, "datetime": "2020-09-22 17:12:35", "elapsed": 3855.735208}}
{"target": 2.1285185185185185, "params": {"cue_position": 0.0, "gamma_fc": 0.7892793284514885, "beta_enc": 0.9888610889064947, "beta_rec": 0.7481656543798394}, "datetime": {"delta": 268.517992, "datetime": "2020-09-22 17:17:04", "elapsed": 4124.2532}}
{"target": 5.317407407407408, "params": {"cue_position": 0.0, "gamma_fc": 0.2936141483736795, "beta_enc": 0.10322600657764203, "beta_rec": 0.44789352617590517}, "datetime": {"delta": 441.218622, "datetime": "2020-09-22 17:24:25", "elapsed": 4565.471822}}
{"target": 5.225555555555555, "params": {"cue_position": 0.0, "gamma_fc": 0.678835532939891, "beta_enc": 0.28777533858634874, "beta_rec": 0.13002857211827767}, "datetime": {"delta": 435.240428, "datetime": "2020-09-22 17:31:40", "elapsed": 5000.71225}}
{"target": 5.317777777777778, "params": {"cue_position": 0.0, "gamma_fc": 0.053362545117080384, "beta_enc": 0.21162811600005904, "beta_rec": 0.2655466593722262}, "datetime": {"delta": 438.84334, "datetime": "2020-09-22 17:38:59", "elapsed": 5439.55559}}
{"target": 4.711111111111111, "params": {"cue_position": 0.0, "gamma_fc": 0.6997583600209312, "beta_enc": 0.5741176054920131, "beta_rec": 0.14672857490581015}, "datetime": {"delta": 408.106845, "datetime": "2020-09-22 17:45:47", "elapsed": 5847.662435}}
{"target": 5.286296296296296, "params": {"cue_position": 0.0, "gamma_fc": 0.41417926952690265, "beta_enc": 0.10233442882782584, "beta_rec": 0.4140559878195683}, "datetime": {"delta": 439.764502, "datetime": "2020-09-22 17:53:07", "elapsed": 6287.426937}}
{"target": 5.328888888888889, "params": {"cue_position": 0.0, "gamma_fc": 0.5148891120583086, "beta_enc": 0.04995345894608716, "beta_rec": 0.5358964059155116}, "datetime": {"delta": 447.281472, "datetime": "2020-09-22 18:00:34", "elapsed": 6734.708409}}
{"target": 3.871111111111111, "params": {"cue_position": 0.0, "gamma_fc": 0.13747470414623753, "beta_enc": 0.9445947559908133, "beta_rec": 0.5865550405019929}, "datetime": {"delta": 363.285298, "datetime": "2020-09-22 18:06:38", "elapsed": 7097.993707}}
{"target": 5.5633333333333335, "params": {"cue_position": 0.0, "gamma_fc": 0.16535419711693278, "beta_enc": 0.13927634725075855, "beta_rec": 0.8073912887095238}, "datetime": {"delta": 455.055567, "datetime": "2020-09-22 18:14:13", "elapsed": 7553.049274}}
{"target": 2.915185185185185, "params": {"cue_position": 0.0, "gamma_fc": 0.7259979853504515, "beta_enc": 0.9275085803960339, "beta_rec": 0.34776585974550656}, "datetime": {"delta": 311.217686, "datetime": "2020-09-22 18:19:24", "elapsed": 7864.26696}}
{"target": 4.326296296296296, "params": {"cue_position": 0.0, "gamma_fc": 0.34889834197784253, "beta_enc": 0.8833060912058098, "beta_rec": 0.6236722070556089}, "datetime": {"delta": 392.243269, "datetime": "2020-09-22 18:25:56", "elapsed": 8256.510229}}
{"target": 5.271481481481482, "params": {"cue_position": 0.0, "gamma_fc": 0.9648400471483856, "beta_enc": 0.2699278917650261, "beta_rec": 0.8958862181960668}, "datetime": {"delta": 440.774477, "datetime": "2020-09-22 18:33:17", "elapsed": 8697.284706}}
{"target": 4.594814814814815, "params": {"cue_position": 0.0, "gamma_fc": 0.9494892587070712, "beta_enc": 0.6634414978184481, "beta_rec": 0.6216957202091218}, "datetime": {"delta": 403.21723, "datetime": "2020-09-22 18:40:00", "elapsed": 9100.501936}}
{"target": 5.497777777777777, "params": {"cue_position": 0.0, "gamma_fc": 0.2370269802430277, "beta_enc": 0.4499121334799405, "beta_rec": 0.5783896143871318}, "datetime": {"delta": 452.126717, "datetime": "2020-09-22 18:47:32", "elapsed": 9552.628653}}
{"target": 3.5088888888888885, "params": {"cue_position": 0.0, "gamma_fc": 0.6171449136207239, "beta_enc": 0.9033795205622538, "beta_rec": 0.5736794866722859}, "datetime": {"delta": 343.929478, "datetime": "2020-09-22 18:53:16", "elapsed": 9896.558131}}
{"target": 5.384074074074074, "params": {"cue_position": 0.0, "gamma_fc": 0.35726976000249977, "beta_enc": 0.32664490177209615, "beta_rec": 0.5270581022576093}, "datetime": {"delta": 451.32644, "datetime": "2020-09-22 19:00:47", "elapsed": 10347.884571}}
{"target": 2.9055555555555554, "params": {"cue_position": 0.0, "gamma_fc": 0.9294372337437613, "beta_enc": 0.9085351509197992, "beta_rec": 0.6233601157918027}, "datetime": {"delta": 311.925989, "datetime": "2020-09-22 19:05:59", "elapsed": 10659.81056}}
{"target": 5.868888888888889, "params": {"cue_position": 0.0, "gamma_fc": 0.13713574962887776, "beta_enc": 0.690896917516924, "beta_rec": 0.9973228504514805}, "datetime": {"delta": 472.761345, "datetime": "2020-09-22 19:13:52", "elapsed": 11132.571905}}
{"target": 2.9922222222222223, "params": {"cue_position": 0.0, "gamma_fc": 0.7554630526024664, "beta_enc": 0.9325954630371636, "beta_rec": 0.6968181614899002}, "datetime": {"delta": 315.645002, "datetime": "2020-09-22 19:19:08", "elapsed": 11448.216907}}
{"target": 6.018518518518519, "params": {"cue_position": 0.0, "gamma_fc": 0.1242709619721647, "beta_enc": 0.7538761884612464, "beta_rec": 0.9230245355464833}, "datetime": {"delta": 484.106548, "datetime": "2020-09-22 19:27:12", "elapsed": 11932.323455}}
{"target": 5.284074074074074, "params": {"cue_position": 0.0, "gamma_fc": 0.2462110676030459, "beta_enc": 0.01988013383979559, "beta_rec": 0.026210986877719278}, "datetime": {"delta": 439.730026, "datetime": "2020-09-22 19:34:32", "elapsed": 12372.053481}}
{"target": 3.455185185185185, "params": {"cue_position": 0.0, "gamma_fc": 0.8420308923596057, "beta_enc": 0.860027948682888, "beta_rec": 0.5388310643416528}, "datetime": {"delta": 340.896637, "datetime": "2020-09-22 19:40:13", "elapsed": 12712.950118}}
{"target": 5.311481481481482, "params": {"cue_position": 0.0, "gamma_fc": 0.9695957483196745, "beta_enc": 0.12417331511991114, "beta_rec": 0.2791836790111395}, "datetime": {"delta": 443.103418, "datetime": "2020-09-22 19:47:36", "elapsed": 13156.053536}}
{"target": 4.514074074074074, "params": {"cue_position": 0.0, "gamma_fc": 0.23297427384102043, "beta_enc": 0.56103021925571, "beta_rec": 0.01864728937294302}, "datetime": {"delta": 398.572527, "datetime": "2020-09-22 19:54:14", "elapsed": 13554.626063}}
{"target": 3.8507407407407404, "params": {"cue_position": 0.0, "gamma_fc": 0.7471216427371846, "beta_enc": 0.8071051956187791, "beta_rec": 0.38786064406417176}, "datetime": {"delta": 367.335314, "datetime": "2020-09-22 20:00:22", "elapsed": 13921.961377}}
{"target": 4.797037037037037, "params": {"cue_position": 0.0, "gamma_fc": 0.12134345574073735, "beta_enc": 0.5562402339904189, "beta_rec": 0.13645522566068502}, "datetime": {"delta": 414.207986, "datetime": "2020-09-22 20:07:16", "elapsed": 14336.169363}}
{"target": 5.232592592592593, "params": {"cue_position": 0.0, "gamma_fc": 0.7129889803826767, "beta_enc": 0.044551878544761725, "beta_rec": 0.1074941291060929}, "datetime": {"delta": 438.083096, "datetime": "2020-09-22 20:14:34", "elapsed": 14774.252459}}
{"target": 4.4837037037037035, "params": {"cue_position": 0.0, "gamma_fc": 0.967276330000272, "beta_enc": 0.5597169820541424, "beta_rec": 0.012555980159115854}, "datetime": {"delta": 397.733156, "datetime": "2020-09-22 20:21:12", "elapsed": 15171.985615}}
{"target": 4.78925925925926, "params": {"cue_position": 0.0, "gamma_fc": 0.7438258540750929, "beta_enc": 0.5681004619199421, "beta_rec": 0.20329323466099047}, "datetime": {"delta": 419.112217, "datetime": "2020-09-22 20:28:11", "elapsed": 15591.097832}}
{"target": 5.283703703703704, "params": {"cue_position": 0.0, "gamma_fc": 0.8468288014900353, "beta_enc": 0.1954294811093188, "beta_rec": 0.5813589272732578}, "datetime": {"delta": 438.718968, "datetime": "2020-09-22 20:35:29", "elapsed": 16029.8168}}
{"target": 5.311481481481482, "params": {"cue_position": 0.0, "gamma_fc": 0.8289808995501787, "beta_enc": 0.23984775914758616, "beta_rec": 0.49376971426872995}, "datetime": {"delta": 440.569258, "datetime": "2020-09-22 20:42:50", "elapsed": 16470.386058}}
{"target": 5.289629629629629, "params": {"cue_position": 0.0, "gamma_fc": 0.4863451109370318, "beta_enc": 0.15679139464608427, "beta_rec": 0.018576202177409518}, "datetime": {"delta": 440.829044, "datetime": "2020-09-22 20:50:11", "elapsed": 16911.215102}}
{"target": 4.761481481481481, "params": {"cue_position": 0.0, "gamma_fc": 0.9886161544124489, "beta_enc": 0.6063294616533303, "beta_rec": 0.5688514370864813}, "datetime": {"delta": 417.086197, "datetime": "2020-09-22 20:57:08", "elapsed": 17328.301299}}
{"target": 4.914444444444444, "params": {"cue_position": 0.0, "gamma_fc": 0.7453344309065021, "beta_enc": 0.5797452192457969, "beta_rec": 0.3801411726235504}, "datetime": {"delta": 419.627981, "datetime": "2020-09-22 21:04:08", "elapsed": 17747.92928}}
{"target": 4.714444444444445, "params": {"cue_position": 0.0, "gamma_fc": 0.3700841979141063, "beta_enc": 0.6692328934531846, "beta_rec": 0.2649195576628094}, "datetime": {"delta": 407.012012, "datetime": "2020-09-22 21:10:55", "elapsed": 18154.941292}}
{"target": 4.786666666666667, "params": {"cue_position": 0.0, "gamma_fc": 0.06653648135411494, "beta_enc": 0.6297175070215645, "beta_rec": 0.2101740099148396}, "datetime": {"delta": 412.82758, "datetime": "2020-09-22 21:17:47", "elapsed": 18567.768872}}
{"target": 5.3096296296296295, "params": {"cue_position": 0.0, "gamma_fc": 0.6394608808799401, "beta_enc": 0.26031509857854096, "beta_rec": 0.8047545637433454}, "datetime": {"delta": 442.661433, "datetime": "2020-09-22 21:25:10", "elapsed": 19010.430305}}
{"target": 5.772962962962963, "params": {"cue_position": 0.0, "gamma_fc": 0.06596109068402378, "beta_enc": 0.5246703091237337, "beta_rec": 0.9248079703993507}, "datetime": {"delta": 466.82108, "datetime": "2020-09-22 21:32:57", "elapsed": 19477.251385}}
{"target": 4.342592592592593, "params": {"cue_position": 0.0, "gamma_fc": 0.9319720691968373, "beta_enc": 0.7350659632886695, "beta_rec": 0.7721780295432468}, "datetime": {"delta": 388.723231, "datetime": "2020-09-22 21:39:26", "elapsed": 19865.974616}}
{"target": 5.284074074074074, "params": {"cue_position": 0.0, "gamma_fc": 0.9490163206876164, "beta_enc": 0.013951572975597015, "beta_rec": 0.2343620861214205}, "datetime": {"delta": 440.453684, "datetime": "2020-09-22 21:46:46", "elapsed": 20306.4283}}
{"target": 2.9196296296296294, "params": {"cue_position": 0.0, "gamma_fc": 0.6415662089463375, "beta_enc": 0.9501761192470797, "beta_rec": 0.5566531881951564}, "datetime": {"delta": 311.075791, "datetime": "2020-09-22 21:51:57", "elapsed": 20617.504091}}
{"target": 5.28962962962963, "params": {"cue_position": 0.0, "gamma_fc": 0.5495479215085626, "beta_enc": 0.39000771414124624, "beta_rec": 0.48599066709690975}, "datetime": {"delta": 443.431024, "datetime": "2020-09-22 21:59:21", "elapsed": 21060.935115}}
{"target": 2.661111111111111, "params": {"cue_position": 0.0, "gamma_fc": 0.9632625284407118, "beta_enc": 0.9261814267064536, "beta_rec": 0.9187334356336061}, "datetime": {"delta": 297.09025, "datetime": "2020-09-22 22:04:18", "elapsed": 21358.025365}}
{"target": 5.361481481481481, "params": {"cue_position": 0.0, "gamma_fc": 0.5056621656768967, "beta_enc": 0.17395566668046436, "beta_rec": 0.12632951943963733}, "datetime": {"delta": 444.356358, "datetime": "2020-09-22 22:11:42", "elapsed": 21802.381723}}
{"target": 6.408518518518519, "params": {"cue_position": 0.0, "gamma_fc": 0.015018980742122379, "beta_enc": 0.021524805274197978, "beta_rec": 0.947970211217681}, "datetime": {"delta": 501.405019, "datetime": "2020-09-22 22:20:03", "elapsed": 22303.786742}}
{"target": 5.298518518518519, "params": {"cue_position": 0.0, "gamma_fc": 0.8094906921265821, "beta_enc": 0.17619625557505525, "beta_rec": 0.332063574366837}, "datetime": {"delta": 443.008843, "datetime": "2020-09-22 22:27:26", "elapsed": 22746.795585}}
{"target": 5.265185185185185, "params": {"cue_position": 0.0, "gamma_fc": 0.8788319844118441, "beta_enc": 0.34473665268329345, "beta_rec": 0.9401074823333672}, "datetime": {"delta": 439.114667, "datetime": "2020-09-22 22:34:45", "elapsed": 23185.910252}}
{"target": 4.743703703703703, "params": {"cue_position": 0.0, "gamma_fc": 0.5463468160203733, "beta_enc": 0.8447344453922219, "beta_rec": 0.9053923187086492}, "datetime": {"delta": 410.513525, "datetime": "2020-09-22 22:41:36", "elapsed": 23596.423777}}
{"target": 3.9103703703703707, "params": {"cue_position": 0.0, "gamma_fc": 0.5991103076458784, "beta_enc": 0.7986035911520394, "beta_rec": 0.28571885173414757}, "datetime": {"delta": 365.164256, "datetime": "2020-09-22 22:47:41", "elapsed": 23961.588033}}
{"target": 5.252962962962962, "params": {"cue_position": 0.0, "gamma_fc": 0.8073605288848414, "beta_enc": 0.015533275550835723, "beta_rec": 0.5934814081966372}, "datetime": {"delta": 442.166144, "datetime": "2020-09-22 22:55:03", "elapsed": 24403.754177}}
{"target": 5.532962962962962, "params": {"cue_position": 0.0, "gamma_fc": 0.18401020162746506, "beta_enc": 0.31524480309537295, "beta_rec": 0.8928887085251513}, "datetime": {"delta": 454.430094, "datetime": "2020-09-22 23:02:38", "elapsed": 24858.184271}}
{"target": 4.761111111111112, "params": {"cue_position": 0.0, "gamma_fc": 0.4201936800011322, "beta_enc": 0.7879292338255043, "beta_rec": 0.6120311770449339}, "datetime": {"delta": 411.237318, "datetime": "2020-09-22 23:09:29", "elapsed": 25269.421589}}
{"target": 4.657777777777778, "params": {"cue_position": 0.0, "gamma_fc": 0.9767591490310596, "beta_enc": 0.6790688365654296, "beta_rec": 0.9186017779775258}, "datetime": {"delta": 405.753394, "datetime": "2020-09-22 23:16:15", "elapsed": 25675.174983}}
{"target": 5.189629629629629, "params": {"cue_position": 0.0, "gamma_fc": 0.828845807980693, "beta_enc": 0.37658031474577447, "beta_rec": 0.9737835383583225}, "datetime": {"delta": 434.523904, "datetime": "2020-09-22 23:23:29", "elapsed": 26109.698887}}
{"target": 5.226296296296296, "params": {"cue_position": 0.0, "gamma_fc": 0.586833340656083, "beta_enc": 0.5747115047081023, "beta_rec": 0.6280761983073504}, "datetime": {"delta": 439.72492, "datetime": "2020-09-22 23:30:49", "elapsed": 26549.423807}}
{"target": 4.75074074074074, "params": {"cue_position": 0.0, "gamma_fc": 0.698057248447303, "beta_enc": 0.7500217637026599, "beta_rec": 0.8583138364290424}, "datetime": {"delta": 410.918679, "datetime": "2020-09-22 23:37:40", "elapsed": 26960.342486}}
{"target": 3.6966666666666668, "params": {"cue_position": 0.0, "gamma_fc": 0.45087393641334916, "beta_enc": 0.8644794300545998, "beta_rec": 0.32268099683674645}, "datetime": {"delta": 353.466417, "datetime": "2020-09-22 23:43:33", "elapsed": 27313.808903}}
{"target": 5.3677777777777775, "params": {"cue_position": 0.0, "gamma_fc": 0.3173839459582769, "beta_enc": 0.3821027520315172, "beta_rec": 0.4108113499221856}, "datetime": {"delta": 444.331664, "datetime": "2020-09-22 23:50:58", "elapsed": 27758.140567}}
{"target": 4.875925925925926, "params": {"cue_position": 0.0, "gamma_fc": 0.6778008914343111, "beta_enc": 0.6219193679203014, "beta_rec": 0.43024727082126435}, "datetime": {"delta": 421.417266, "datetime": "2020-09-22 23:57:59", "elapsed": 28179.557833}}
{"target": 5.3100000000000005, "params": {"cue_position": 0.0, "gamma_fc": 0.7976388039585666, "beta_enc": 0.19856988842711087, "beta_rec": 0.4267010093480328}, "datetime": {"delta": 441.33102, "datetime": "2020-09-23 00:05:20", "elapsed": 28620.888853}}
{"target": 5.450740740740741, "params": {"cue_position": 0.0, "gamma_fc": 0.2702082620297578, "beta_enc": 0.8799982885634318, "beta_rec": 0.903841955826372}, "datetime": {"delta": 448.544979, "datetime": "2020-09-23 00:12:49", "elapsed": 29069.433832}}
{"target": 5.334444444444444, "params": {"cue_position": 0.0, "gamma_fc": 0.8021610840045981, "beta_enc": 0.25236670150458973, "beta_rec": 0.8548979426974024}, "datetime": {"delta": 443.055592, "datetime": "2020-09-23 00:20:12", "elapsed": 29512.489424}}
{"target": 5.071111111111111, "params": {"cue_position": 0.0, "gamma_fc": 0.770883910501888, "beta_enc": 0.5724885171916063, "beta_rec": 0.7331425252875111}, "datetime": {"delta": 432.727552, "datetime": "2020-09-23 00:27:25", "elapsed": 29945.216976}}
{"target": 5.434814814814814, "params": {"cue_position": 0.0, "gamma_fc": 0.06820934841670412, "beta_enc": 0.5688579907047155, "beta_rec": 0.4657098785919809}, "datetime": {"delta": 446.137856, "datetime": "2020-09-23 00:34:51", "elapsed": 30391.354832}}
{"target": 5.164444444444444, "params": {"cue_position": 0.0, "gamma_fc": 0.18161285133076377, "beta_enc": 0.37792417932809985, "beta_rec": 0.07962607769825236}, "datetime": {"delta": 433.682094, "datetime": "2020-09-23 00:42:05", "elapsed": 30825.036926}}
{"target": 4.785555555555555, "params": {"cue_position": 0.0, "gamma_fc": 0.5694944127453757, "beta_enc": 0.8118586977205398, "beta_rec": 0.8749616449558981}, "datetime": {"delta": 412.751929, "datetime": "2020-09-23 00:48:57", "elapsed": 31237.788855}}
{"target": 5.414814814814815, "params": {"cue_position": 0.0, "gamma_fc": 0.2250399578140846, "beta_enc": 0.16097143681560877, "beta_rec": 0.4668800227633063}, "datetime": {"delta": 452.300474, "datetime": "2020-09-23 00:56:30", "elapsed": 31690.089329}}
{"target": 4.666296296296296, "params": {"cue_position": 0.0, "gamma_fc": 0.9096355249515571, "beta_enc": 0.5925118687657968, "beta_rec": 0.31226983770191696}, "datetime": {"delta": 406.540144, "datetime": "2020-09-23 01:03:16", "elapsed": 32096.629473}}
{"target": 5.351851851851852, "params": {"cue_position": 0.0, "gamma_fc": 0.49958417067888605, "beta_enc": 0.2571182937821962, "beta_rec": 0.1108913007440292}, "datetime": {"delta": 443.647357, "datetime": "2020-09-23 01:10:40", "elapsed": 32540.27683}}
{"target": 4.017777777777778, "params": {"cue_position": 0.0, "gamma_fc": 0.851671874936367, "beta_enc": 0.7285856679745962, "beta_rec": 0.20819443840879148}, "datetime": {"delta": 369.265846, "datetime": "2020-09-23 01:16:49", "elapsed": 32909.542676}}
{"target": 5.553703703703704, "params": {"cue_position": 0.0, "gamma_fc": 0.10196725942579743, "beta_enc": 0.41584871826752734, "beta_rec": 0.6166850671552362}, "datetime": {"delta": 454.930728, "datetime": "2020-09-23 01:24:24", "elapsed": 33364.473404}}
{"target": 5.1755555555555555, "params": {"cue_position": 0.0, "gamma_fc": 0.6218062317404155, "beta_enc": 0.5158570169685298, "beta_rec": 0.47714098704978236}, "datetime": {"delta": 437.055893, "datetime": "2020-09-23 01:31:41", "elapsed": 33801.529297}}
{"target": 5.125555555555555, "params": {"cue_position": 0.0, "gamma_fc": 0.7515278171352439, "beta_enc": 0.5440101188139381, "beta_rec": 0.6541373469707443}, "datetime": {"delta": 431.868161, "datetime": "2020-09-23 01:38:53", "elapsed": 34233.397458}}
{"target": 5.402962962962963, "params": {"cue_position": 0.0, "gamma_fc": 0.02233042799180618, "beta_enc": 0.2220491397999227, "beta_rec": 0.519351824366033}, "datetime": {"delta": 446.705461, "datetime": "2020-09-23 01:46:20", "elapsed": 34680.102919}}
{"target": 5.325185185185185, "params": {"cue_position": 0.0, "gamma_fc": 0.5384405925945437, "beta_enc": 0.3243624597261865, "beta_rec": 0.872922376400111}, "datetime": {"delta": 442.117908, "datetime": "2020-09-23 01:53:42", "elapsed": 35122.220827}}
{"target": 3.607777777777778, "params": {"cue_position": 0.0, "gamma_fc": 0.8541154438365387, "beta_enc": 0.866608274166513, "beta_rec": 0.9498059913536265}, "datetime": {"delta": 352.62568, "datetime": "2020-09-23 01:59:34", "elapsed": 35474.846507}}
