{"target": 7.462888888888889, "params": {"enc_rate": 1.0, "beta_enc": 0.9, "beta_rec": 0.7203244934421581, "gamma_fc": 0.14675589081711304, "k": 3.0, "cue_position": 0.0}, "datetime": {"delta": 0.0, "elapsed": 0.0, "datetime": "2021-03-11 16:15:22"}}
{"target": 5.573333333333333, "params": {"enc_rate": 1.0, "beta_enc": 0.9, "beta_rec": 0.34556072704304774, "gamma_fc": 0.4191945144032948, "k": 3.0, "cue_position": 0.0}, "datetime": {"delta": 19.708709, "elapsed": 19.708709, "datetime": "2021-03-11 16:15:41"}}
{"target": 6.818666666666667, "params": {"enc_rate": 1.0, "beta_enc": 0.9, "beta_rec": 0.8781174363909454, "gamma_fc": 0.41730480236712697, "k": 3.0, "cue_position": 0.0}, "datetime": {"delta": 21.929087, "elapsed": 41.637796, "datetime": "2021-03-11 16:16:03"}}
{"target": 5.063777777777777, "params": {"enc_rate": 1.0, "beta_enc": 0.9, "beta_rec": 0.1981014890848788, "gamma_fc": 0.31342417815924284, "k": 3.0, "cue_position": 0.0}, "datetime": {"delta": 18.654439, "elapsed": 60.292235, "datetime": "2021-03-11 16:16:22"}}
{"target": 7.444222222222221, "params": {"enc_rate": 1.0, "beta_enc": 0.9, "beta_rec": 0.8946066635038473, "gamma_fc": 0.1698304195645689, "k": 3.0, "cue_position": 0.0}, "datetime": {"delta": 23.063578, "elapsed": 83.355813, "datetime": "2021-03-11 16:16:45"}}
{"target": 5.125111111111111, "params": {"enc_rate": 1.0, "beta_enc": 0.9, "beta_rec": 0.42110762500505217, "gamma_fc": 0.6918771139504734, "k": 3.0, "cue_position": 0.0}, "datetime": {"delta": 18.797601, "elapsed": 102.153414, "datetime": "2021-03-11 16:17:04"}}
{"target": 4.660222222222222, "params": {"enc_rate": 1.0, "beta_enc": 0.9, "beta_rec": 0.8346256718973729, "gamma_fc": 0.9888610889064947, "k": 3.0, "cue_position": 0.0}, "datetime": {"delta": 17.90617, "elapsed": 120.059584, "datetime": "2021-03-11 16:17:22"}}
{"target": 4.837777777777778, "params": {"enc_rate": 1.0, "beta_enc": 0.9, "beta_rec": 0.7892793284514885, "gamma_fc": 0.9085955030930956, "k": 3.0, "cue_position": 0.0}, "datetime": {"delta": 18.319087, "elapsed": 138.378671, "datetime": "2021-03-11 16:17:40"}}
{"target": 4.679333333333333, "params": {"enc_rate": 1.0, "beta_enc": 0.9, "beta_rec": 0.13002857211827767, "gamma_fc": 0.21162811600005904, "k": 3.0, "cue_position": 0.0}, "datetime": {"delta": 17.934489, "elapsed": 156.31316, "datetime": "2021-03-11 16:17:58"}}
{"target": 3.937555555555556, "params": {"enc_rate": 1.0, "beta_enc": 0.9, "beta_rec": 0.053362545117080384, "gamma_fc": 0.5893055369032842, "k": 3.0, "cue_position": 0.0}, "datetime": {"delta": 16.530969, "elapsed": 172.844129, "datetime": "2021-03-11 16:18:14"}}
{"target": 6.332222222222223, "params": {"enc_rate": 1.0, "beta_enc": 0.9, "beta_rec": 0.4140559878195683, "gamma_fc": 0.04995345894608716, "k": 3.0, "cue_position": 0.0}, "datetime": {"delta": 21.068351, "elapsed": 193.91248, "datetime": "2021-03-11 16:18:35"}}
{"target": 4.62688888888889, "params": {"enc_rate": 1.0, "beta_enc": 0.9, "beta_rec": 0.5148891120583086, "gamma_fc": 0.9034019152878835, "k": 3.0, "cue_position": 0.0}, "datetime": {"delta": 17.842663, "elapsed": 211.755143, "datetime": "2021-03-11 16:18:53"}}
{"target": 4.728888888888888, "params": {"enc_rate": 1.0, "beta_enc": 0.9, "beta_rec": 0.8073912887095238, "gamma_fc": 0.9275085803960339, "k": 3.0, "cue_position": 0.0}, "datetime": {"delta": 18.177363, "elapsed": 229.932506, "datetime": "2021-03-11 16:19:11"}}
{"target": 5.306444444444445, "params": {"enc_rate": 1.0, "beta_enc": 0.9, "beta_rec": 0.7259979853504515, "gamma_fc": 0.7509424340273372, "k": 3.0, "cue_position": 0.0}, "datetime": {"delta": 19.264922, "elapsed": 249.197428, "datetime": "2021-03-11 16:19:31"}}
{"target": 5.787333333333334, "params": {"enc_rate": 1.0, "beta_enc": 0.9, "beta_rec": 0.8958862181960668, "gamma_fc": 0.6634414978184481, "k": 3.0, "cue_position": 0.0}, "datetime": {"delta": 20.160886, "elapsed": 269.358314, "datetime": "2021-03-11 16:19:51"}}
{"target": 6.781999999999999, "params": {"enc_rate": 1.0, "beta_enc": 0.9, "beta_rec": 0.9494892587070712, "gamma_fc": 0.40813680276128117, "k": 3.0, "cue_position": 0.0}, "datetime": {"delta": 21.949409, "elapsed": 291.307723, "datetime": "2021-03-11 16:20:13"}}
{"target": 6.558, "params": {"enc_rate": 1.0, "beta_enc": 0.9, "beta_rec": 0.5736794866722859, "gamma_fc": 0.32664490177209615, "k": 3.0, "cue_position": 0.0}, "datetime": {"delta": 21.501398, "elapsed": 312.809121, "datetime": "2021-03-11 16:20:34"}}
{"target": 6.127555555555555, "params": {"enc_rate": 1.0, "beta_enc": 0.9, "beta_rec": 0.35726976000249977, "gamma_fc": 0.015821242846556283, "k": 3.0, "cue_position": 0.0}, "datetime": {"delta": 20.721095, "elapsed": 333.530216, "datetime": "2021-03-11 16:20:55"}}
{"target": 4.804888888888889, "params": {"enc_rate": 1.0, "beta_enc": 0.9, "beta_rec": 0.9973228504514805, "gamma_fc": 0.9325954630371636, "k": 3.0, "cue_position": 0.0}, "datetime": {"delta": 18.180992, "elapsed": 351.711208, "datetime": "2021-03-11 16:21:13"}}
{"target": 5.518666666666666, "params": {"enc_rate": 1.0, "beta_enc": 0.9, "beta_rec": 0.7554630526024664, "gamma_fc": 0.7115247586284718, "k": 3.0, "cue_position": 0.0}, "datetime": {"delta": 19.548088, "elapsed": 371.259296, "datetime": "2021-03-11 16:21:33"}}
{"target": 3.6431111111111107, "params": {"enc_rate": 1.0, "beta_enc": 0.9, "beta_rec": 0.026210986877719278, "gamma_fc": 0.860027948682888, "k": 3.0, "cue_position": 0.0}, "datetime": {"delta": 15.957538, "elapsed": 387.216834, "datetime": "2021-03-11 16:21:49"}}
{"target": 6.048666666666667, "params": {"enc_rate": 1.0, "beta_enc": 0.9, "beta_rec": 0.8420308923596057, "gamma_fc": 0.5857592714582879, "k": 3.0, "cue_position": 0.0}, "datetime": {"delta": 20.538027, "elapsed": 407.754861, "datetime": "2021-03-11 16:22:09"}}
{"target": 3.677777777777778, "params": {"enc_rate": 1.0, "beta_enc": 0.9, "beta_rec": 0.01864728937294302, "gamma_fc": 0.8071051956187791, "k": 3.0, "cue_position": 0.0}, "datetime": {"delta": 16.099165, "elapsed": 423.854026, "datetime": "2021-03-11 16:22:25"}}
{"target": 7.644444444444443, "params": {"enc_rate": 1.0, "beta_enc": 0.9, "beta_rec": 0.7471216427371846, "gamma_fc": 0.05991768951221166, "k": 3.0, "cue_position": 0.0}, "datetime": {"delta": 23.441899, "elapsed": 447.295925, "datetime": "2021-03-11 16:22:49"}}
{"target": 4.272, "params": {"enc_rate": 1.0, "beta_enc": 0.9, "beta_rec": 0.1074941291060929, "gamma_fc": 0.5597169820541424, "k": 3.0, "cue_position": 0.0}, "datetime": {"delta": 17.156991, "elapsed": 464.452916, "datetime": "2021-03-11 16:23:06"}}
{"target": 7.045555555555555, "params": {"enc_rate": 1.0, "beta_enc": 0.9, "beta_rec": 0.967276330000272, "gamma_fc": 0.2523257445703234, "k": 3.0, "cue_position": 0.0}, "datetime": {"delta": 22.312689, "elapsed": 486.765605, "datetime": "2021-03-11 16:23:28"}}
{"target": 6.783555555555556, "params": {"enc_rate": 1.0, "beta_enc": 0.9, "beta_rec": 0.5813589272732578, "gamma_fc": 0.23984775914758616, "k": 3.0, "cue_position": 0.0}, "datetime": {"delta": 21.858727, "elapsed": 508.624332, "datetime": "2021-03-11 16:23:50"}}
{"target": 7.726000000000001, "params": {"enc_rate": 1.0, "beta_enc": 0.9, "beta_rec": 0.8289808995501787, "gamma_fc": 0.07002214371922233, "k": 3.0, "cue_position": 0.0}, "datetime": {"delta": 23.553663, "elapsed": 532.177995, "datetime": "2021-03-11 16:24:14"}}
{"target": 5.774444444444445, "params": {"enc_rate": 1.0, "beta_enc": 0.9, "beta_rec": 0.5688514370864813, "gamma_fc": 0.5797452192457969, "k": 3.0, "cue_position": 0.0}, "datetime": {"delta": 20.066141, "elapsed": 552.244136, "datetime": "2021-03-11 16:24:34"}}
{"target": 7.6466666666666665, "params": {"enc_rate": 1.0, "beta_enc": 0.9, "beta_rec": 0.7453344309065021, "gamma_fc": 0.06633483442844157, "k": 3.0, "cue_position": 0.0}, "datetime": {"delta": 23.380054, "elapsed": 575.62419, "datetime": "2021-03-11 16:24:57"}}
{"target": 5.200888888888889, "params": {"enc_rate": 1.0, "beta_enc": 0.9, "beta_rec": 0.2101740099148396, "gamma_fc": 0.26031509857854096, "k": 3.0, "cue_position": 0.0}, "datetime": {"delta": 18.94609, "elapsed": 594.57028, "datetime": "2021-03-11 16:25:16"}}
{"target": 6.976666666666667, "params": {"enc_rate": 1.0, "beta_enc": 0.9, "beta_rec": 0.6394608808799401, "gamma_fc": 0.263296770487111, "k": 3.0, "cue_position": 0.0}, "datetime": {"delta": 22.216521, "elapsed": 616.786801, "datetime": "2021-03-11 16:25:38"}}
{"target": 7.844444444444444, "params": {"enc_rate": 1.0, "beta_enc": 0.9, "beta_rec": 0.7721780295432468, "gamma_fc": 0.013951572975597015, "k": 3.0, "cue_position": 0.0}, "datetime": {"delta": 23.773577, "elapsed": 640.560378, "datetime": "2021-03-11 16:26:02"}}
{"target": 4.912222222222221, "params": {"enc_rate": 1.0, "beta_enc": 0.9, "beta_rec": 0.9490163206876164, "gamma_fc": 0.9156063497662745, "k": 3.0, "cue_position": 0.0}, "datetime": {"delta": 18.459316, "elapsed": 659.019694, "datetime": "2021-03-11 16:26:21"}}
{"target": 4.586222222222222, "params": {"enc_rate": 1.0, "beta_enc": 0.9, "beta_rec": 0.48599066709690975, "gamma_fc": 0.9261814267064536, "k": 3.0, "cue_position": 0.0}, "datetime": {"delta": 17.748016, "elapsed": 676.76771, "datetime": "2021-03-11 16:26:38"}}
{"target": 7.221333333333334, "params": {"enc_rate": 1.0, "beta_enc": 0.9, "beta_rec": 0.9632625284407118, "gamma_fc": 0.13507915804673132, "k": 3.0, "cue_position": 0.0}, "datetime": {"delta": 22.701114, "elapsed": 699.468824, "datetime": "2021-03-11 16:27:01"}}
{"target": 7.204666666666666, "params": {"enc_rate": 1.0, "beta_enc": 0.9, "beta_rec": 0.947970211217681, "gamma_fc": 0.17619625557505525, "k": 3.0, "cue_position": 0.0}, "datetime": {"delta": 22.658301, "elapsed": 722.127125, "datetime": "2021-03-11 16:27:24"}}
{"target": 6.057333333333333, "params": {"enc_rate": 1.0, "beta_enc": 0.9, "beta_rec": 0.8094906921265821, "gamma_fc": 0.58201417994708, "k": 3.0, "cue_position": 0.0}, "datetime": {"delta": 20.587672, "elapsed": 742.714797, "datetime": "2021-03-11 16:27:44"}}
{"target": 5.249777777777778, "params": {"enc_rate": 1.0, "beta_enc": 0.9, "beta_rec": 0.9053923187086492, "gamma_fc": 0.7986035911520394, "k": 3.0, "cue_position": 0.0}, "datetime": {"delta": 19.174218, "elapsed": 761.889015, "datetime": "2021-03-11 16:28:03"}}
{"target": 6.321777777777777, "params": {"enc_rate": 1.0, "beta_enc": 0.9, "beta_rec": 0.5991103076458784, "gamma_fc": 0.4336763489894583, "k": 3.0, "cue_position": 0.0}, "datetime": {"delta": 21.132407, "elapsed": 783.021422, "datetime": "2021-03-11 16:28:25"}}
{"target": 5.277111111111112, "params": {"enc_rate": 1.0, "beta_enc": 0.9, "beta_rec": 0.8928887085251513, "gamma_fc": 0.7879292338255043, "k": 3.0, "cue_position": 0.0}, "datetime": {"delta": 19.120389, "elapsed": 802.141811, "datetime": "2021-03-11 16:28:44"}}
{"target": 6.389777777777778, "params": {"enc_rate": 1.0, "beta_enc": 0.9, "beta_rec": 0.4201936800011322, "gamma_fc": 0.00040202489135743313, "k": 3.0, "cue_position": 0.0}, "datetime": {"delta": 21.199014, "elapsed": 823.340825, "datetime": "2021-03-11 16:29:05"}}
{"target": 6.18288888888889, "params": {"enc_rate": 1.0, "beta_enc": 0.9, "beta_rec": 0.9737835383583225, "gamma_fc": 0.5747115047081023, "k": 3.0, "cue_position": 0.0}, "datetime": {"delta": 20.788087, "elapsed": 844.128912, "datetime": "2021-03-11 16:29:26"}}
{"target": 5.176222222222222, "params": {"enc_rate": 1.0, "beta_enc": 0.9, "beta_rec": 0.586833340656083, "gamma_fc": 0.7550821884676802, "k": 3.0, "cue_position": 0.0}, "datetime": {"delta": 18.867175, "elapsed": 862.996087, "datetime": "2021-03-11 16:29:45"}}
{"target": 5.5713333333333335, "params": {"enc_rate": 1.0, "beta_enc": 0.9, "beta_rec": 0.32268099683674645, "gamma_fc": 0.3821027520315172, "k": 3.0, "cue_position": 0.0}, "datetime": {"delta": 19.69149, "elapsed": 882.687577, "datetime": "2021-03-11 16:30:04"}}
{"target": 4.272222222222222, "params": {"enc_rate": 1.0, "beta_enc": 0.9, "beta_rec": 0.3173839459582769, "gamma_fc": 0.9738020779272523, "k": 3.0, "cue_position": 0.0}, "datetime": {"delta": 17.143721, "elapsed": 899.831298, "datetime": "2021-03-11 16:30:21"}}
{"target": 4.644, "params": {"enc_rate": 1.0, "beta_enc": 0.9, "beta_rec": 0.4267010093480328, "gamma_fc": 0.8799982885634318, "k": 3.0, "cue_position": 0.0}, "datetime": {"delta": 17.86199, "elapsed": 917.693288, "datetime": "2021-03-11 16:30:39"}}
{"target": 5.165333333333334, "params": {"enc_rate": 1.0, "beta_enc": 0.9, "beta_rec": 0.2702082620297578, "gamma_fc": 0.5277146463087466, "k": 3.0, "cue_position": 0.0}, "datetime": {"delta": 18.812607, "elapsed": 936.505895, "datetime": "2021-03-11 16:30:58"}}
{"target": 6.053111111111112, "params": {"enc_rate": 1.0, "beta_enc": 0.9, "beta_rec": 0.7331425252875111, "gamma_fc": 0.5688579907047155, "k": 3.0, "cue_position": 0.0}, "datetime": {"delta": 20.51483, "elapsed": 957.020725, "datetime": "2021-03-11 16:31:19"}}
{"target": 3.7768888888888887, "params": {"enc_rate": 1.0, "beta_enc": 0.9, "beta_rec": 0.06820934841670412, "gamma_fc": 0.982817113730445, "k": 3.0, "cue_position": 0.0}, "datetime": {"delta": 16.264, "elapsed": 973.284725, "datetime": "2021-03-11 16:31:35"}}
{"target": 7.514444444444445, "params": {"enc_rate": 1.0, "beta_enc": 0.9, "beta_rec": 0.8749616449558981, "gamma_fc": 0.16097143681560877, "k": 3.0, "cue_position": 0.0}, "datetime": {"delta": 23.194082, "elapsed": 996.478807, "datetime": "2021-03-11 16:31:58"}}
{"target": 4.254666666666667, "params": {"enc_rate": 1.0, "beta_enc": 0.9, "beta_rec": 0.2250399578140846, "gamma_fc": 0.9163055534683507, "k": 3.0, "cue_position": 0.0}, "datetime": {"delta": 17.127922, "elapsed": 1013.606729, "datetime": "2021-03-11 16:32:15"}}
{"target": 4.161333333333333, "params": {"enc_rate": 1.0, "beta_enc": 0.9, "beta_rec": 0.1108913007440292, "gamma_fc": 0.7285856679745962, "k": 3.0, "cue_position": 0.0}, "datetime": {"delta": 16.95818, "elapsed": 1030.564909, "datetime": "2021-03-11 16:32:32"}}
{"target": 7.401777777777778, "params": {"enc_rate": 1.0, "beta_enc": 0.9, "beta_rec": 0.851671874936367, "gamma_fc": 0.23366613923925006, "k": 3.0, "cue_position": 0.0}, "datetime": {"delta": 22.980568, "elapsed": 1053.545477, "datetime": "2021-03-11 16:32:55"}}
{"target": 5.6402222222222225, "params": {"enc_rate": 1.0, "beta_enc": 0.9, "beta_rec": 0.47714098704978236, "gamma_fc": 0.5440101188139381, "k": 3.0, "cue_position": 0.0}, "datetime": {"delta": 19.795522, "elapsed": 1073.340999, "datetime": "2021-03-11 16:33:15"}}
{"target": 5.196666666666667, "params": {"enc_rate": 1.0, "beta_enc": 0.9, "beta_rec": 0.7515278171352439, "gamma_fc": 0.7852960282216189, "k": 3.0, "cue_position": 0.0}, "datetime": {"delta": 18.90337, "elapsed": 1092.244369, "datetime": "2021-03-11 16:33:34"}}
{"target": 4.988222222222222, "params": {"enc_rate": 1.0, "beta_enc": 0.9, "beta_rec": 0.872922376400111, "gamma_fc": 0.866608274166513, "k": 3.0, "cue_position": 0.0}, "datetime": {"delta": 18.527091, "elapsed": 1110.77146, "datetime": "2021-03-11 16:33:52"}}
{"target": 5.567555555555556, "params": {"enc_rate": 1.0, "beta_enc": 0.9, "beta_rec": 0.8541154438365387, "gamma_fc": 0.703516988152653, "k": 3.0, "cue_position": 0.0}, "datetime": {"delta": 19.6206, "elapsed": 1130.39206, "datetime": "2021-03-11 16:34:12"}}
{"target": 3.8946666666666667, "params": {"enc_rate": 1.0, "beta_enc": 0.9, "beta_rec": 0.03457121987163425, "gamma_fc": 0.2596983932983531, "k": 3.0, "cue_position": 0.0}, "datetime": {"delta": 16.426407, "elapsed": 1146.818467, "datetime": "2021-03-11 16:34:28"}}
{"target": 4.688, "params": {"enc_rate": 1.0, "beta_enc": 0.9, "beta_rec": 0.34529746159108154, "gamma_fc": 0.7827494147841719, "k": 3.0, "cue_position": 0.0}, "datetime": {"delta": 17.955692, "elapsed": 1164.774159, "datetime": "2021-03-11 16:34:46"}}
{"target": 3.9251111111111117, "params": {"enc_rate": 1.0, "beta_enc": 0.9, "beta_rec": 0.14300582825809938, "gamma_fc": 0.9747403708550822, "k": 3.0, "cue_position": 0.0}, "datetime": {"delta": 16.568553, "elapsed": 1181.342712, "datetime": "2021-03-11 16:35:03"}}
{"target": 6.337111111111111, "params": {"enc_rate": 1.0, "beta_enc": 0.9, "beta_rec": 0.5460708041429516, "gamma_fc": 0.3557051709838811, "k": 3.0, "cue_position": 0.0}, "datetime": {"delta": 21.099155, "elapsed": 1202.441867, "datetime": "2021-03-11 16:35:24"}}
{"target": 4.924888888888889, "params": {"enc_rate": 1.0, "beta_enc": 0.9, "beta_rec": 0.7456371927074961, "gamma_fc": 0.8623462528380441, "k": 3.0, "cue_position": 0.0}, "datetime": {"delta": 18.489258, "elapsed": 1220.931125, "datetime": "2021-03-11 16:35:42"}}
{"target": 3.9824444444444445, "params": {"enc_rate": 1.0, "beta_enc": 0.9, "beta_rec": 0.18863680095531088, "gamma_fc": 0.9897517076637052, "k": 3.0, "cue_position": 0.0}, "datetime": {"delta": 16.670087, "elapsed": 1237.601212, "datetime": "2021-03-11 16:35:59"}}
{"target": 5.605333333333333, "params": {"enc_rate": 1.0, "beta_enc": 0.9, "beta_rec": 0.26217308377291193, "gamma_fc": 0.05692943841109499, "k": 3.0, "cue_position": 0.0}, "datetime": {"delta": 19.781155, "elapsed": 1257.382367, "datetime": "2021-03-11 16:36:19"}}
{"target": 5.969111111111111, "params": {"enc_rate": 1.0, "beta_enc": 0.9, "beta_rec": 0.7986042447602102, "gamma_fc": 0.593432449464621, "k": 3.0, "cue_position": 0.0}, "datetime": {"delta": 20.509905, "elapsed": 1277.892272, "datetime": "2021-03-11 16:36:39"}}
{"target": 4.671777777777779, "params": {"enc_rate": 1.0, "beta_enc": 0.9, "beta_rec": 0.7498583107261434, "gamma_fc": 0.9594343210617524, "k": 3.0, "cue_position": 0.0}, "datetime": {"delta": 17.940856, "elapsed": 1295.833128, "datetime": "2021-03-11 16:36:57"}}
{"target": 7.153555555555556, "params": {"enc_rate": 1.0, "beta_enc": 0.9, "beta_rec": 0.7093872512312951, "gamma_fc": 0.2214327343234883, "k": 3.0, "cue_position": 0.0}, "datetime": {"delta": 22.556547, "elapsed": 1318.389675, "datetime": "2021-03-11 16:37:20"}}
{"target": 4.856666666666667, "params": {"enc_rate": 1.0, "beta_enc": 0.9, "beta_rec": 0.42861882866378653, "gamma_fc": 0.8029632373737379, "k": 3.0, "cue_position": 0.0}, "datetime": {"delta": 18.258075, "elapsed": 1336.64775, "datetime": "2021-03-11 16:37:38"}}
{"target": 4.624, "params": {"enc_rate": 1.0, "beta_enc": 0.9, "beta_rec": 0.3424541198435198, "gamma_fc": 0.8240098704123188, "k": 3.0, "cue_position": 0.0}, "datetime": {"delta": 17.814988, "elapsed": 1354.462738, "datetime": "2021-03-11 16:37:56"}}
{"target": 4.247777777777778, "params": {"enc_rate": 1.0, "beta_enc": 0.9, "beta_rec": 0.07838689985494796, "gamma_fc": 0.4585838137084318, "k": 3.0, "cue_position": 0.0}, "datetime": {"delta": 17.228329, "elapsed": 1371.691067, "datetime": "2021-03-11 16:38:13"}}
{"target": 6.532666666666667, "params": {"enc_rate": 1.0, "beta_enc": 0.9, "beta_rec": 0.7548614813904674, "gamma_fc": 0.45240482674645155, "k": 3.0, "cue_position": 0.0}, "datetime": {"delta": 21.428251, "elapsed": 1393.119318, "datetime": "2021-03-11 16:38:35"}}
{"target": 4.618888888888889, "params": {"enc_rate": 1.0, "beta_enc": 0.9, "beta_rec": 0.47400392656219403, "gamma_fc": 0.904686160343623, "k": 3.0, "cue_position": 0.0}, "datetime": {"delta": 17.864058, "elapsed": 1410.983376, "datetime": "2021-03-11 16:38:53"}}
{"target": 4.436888888888889, "params": {"enc_rate": 1.0, "beta_enc": 0.9, "beta_rec": 0.12564138113773882, "gamma_fc": 0.538627282576347, "k": 3.0, "cue_position": 0.0}, "datetime": {"delta": 17.478013, "elapsed": 1428.461389, "datetime": "2021-03-11 16:39:10"}}
{"target": 7.468666666666667, "params": {"enc_rate": 1.0, "beta_enc": 0.9, "beta_rec": 0.905402033702778, "gamma_fc": 0.14555823115839706, "k": 3.0, "cue_position": 0.0}, "datetime": {"delta": 23.150755, "elapsed": 1451.612144, "datetime": "2021-03-11 16:39:33"}}
{"target": 5.346444444444446, "params": {"enc_rate": 1.0, "beta_enc": 0.9, "beta_rec": 0.6224959022999211, "gamma_fc": 0.7111224587658159, "k": 3.0, "cue_position": 0.0}, "datetime": {"delta": 19.216865, "elapsed": 1470.829009, "datetime": "2021-03-11 16:39:52"}}
{"target": 6.274222222222223, "params": {"enc_rate": 1.0, "beta_enc": 0.9, "beta_rec": 0.4008737323711209, "gamma_fc": 0.119457050333729, "k": 3.0, "cue_position": 0.0}, "datetime": {"delta": 20.997978, "elapsed": 1491.826987, "datetime": "2021-03-11 16:40:13"}}
{"target": 4.205555555555556, "params": {"enc_rate": 1.0, "beta_enc": 0.9, "beta_rec": 0.2642974827269007, "gamma_fc": 0.9824174492929428, "k": 3.0, "cue_position": 0.0}, "datetime": {"delta": 17.032776, "elapsed": 1508.859763, "datetime": "2021-03-11 16:40:30"}}
{"target": 5.4477777777777785, "params": {"enc_rate": 1.0, "beta_enc": 0.9, "beta_rec": 0.31446701118584963, "gamma_fc": 0.43359232727316455, "k": 3.0, "cue_position": 0.0}, "datetime": {"delta": 19.372294, "elapsed": 1528.232057, "datetime": "2021-03-11 16:40:50"}}
{"target": 3.8693333333333335, "params": {"enc_rate": 1.0, "beta_enc": 0.9, "beta_rec": 0.030949006271150714, "gamma_fc": 0.027287223517468817, "k": 3.0, "cue_position": 0.0}, "datetime": {"delta": 16.379862, "elapsed": 1544.611919, "datetime": "2021-03-11 16:41:06"}}
{"target": 6.715777777777778, "params": {"enc_rate": 1.0, "beta_enc": 0.9, "beta_rec": 0.8594893208655858, "gamma_fc": 0.45285349995153745, "k": 3.0, "cue_position": 0.0}, "datetime": {"delta": 21.709899, "elapsed": 1566.321818, "datetime": "2021-03-11 16:41:28"}}
{"target": 3.605777777777778, "params": {"enc_rate": 1.0, "beta_enc": 0.9, "beta_rec": 0.009348577966515781, "gamma_fc": 0.5172675985011298, "k": 3.0, "cue_position": 0.0}, "datetime": {"delta": 15.95878, "elapsed": 1582.280598, "datetime": "2021-03-11 16:41:44"}}
{"target": 4.170222222222223, "params": {"enc_rate": 1.0, "beta_enc": 0.9, "beta_rec": 0.2473960366023854, "gamma_fc": 0.9368683813090937, "k": 3.0, "cue_position": 0.0}, "datetime": {"delta": 16.983617, "elapsed": 1599.264215, "datetime": "2021-03-11 16:42:01"}}
