{"target": 2.1922222222222225, "params": {"enc_rate": 1.0, "k": 3.0, "gamma_fc": 0.9182585891320579, "primacy": 0.4, "beta_rec": 0.8344865140180296, "beta_enc": 0.9934604630998499}, "datetime": {"delta": 19.667464, "datetime": "2020-10-05 15:59:47", "elapsed": 5551.546496}}
{"target": 7.274444444444444, "params": {"enc_rate": 1.0, "k": 3.0, "gamma_fc": 0.48956496114516856, "primacy": 0.4, "beta_rec": 0.3491674129570773, "beta_enc": 0.4740062899880546}, "datetime": {"delta": 35.133183, "datetime": "2020-10-05 16:00:22", "elapsed": 5586.679679}}
{"target": 7.252000000000001, "params": {"enc_rate": 1.0, "k": 3.0, "gamma_fc": 0.27380970415810857, "primacy": 0.4, "beta_rec": 0.8770343892703519, "beta_enc": 0.4466350458236905}, "datetime": {"delta": 35.0103, "datetime": "2020-10-05 16:00:57", "elapsed": 5621.689979}}
{"target": 7.456222222222221, "params": {"enc_rate": 1.0, "k": 3.0, "gamma_fc": 0.09410027449963942, "primacy": 0.4, "beta_rec": 0.6714291710812733, "beta_enc": 0.22012867402698122}, "datetime": {"delta": 35.638205, "datetime": "2020-10-05 16:01:33", "elapsed": 5657.328184}}
{"target": 7.264444444444445, "params": {"enc_rate": 1.0, "k": 3.0, "gamma_fc": 0.07602387944210687, "primacy": 0.4, "beta_rec": 0.5715420927253323, "beta_enc": 0.3860040110225955}, "datetime": {"delta": 34.961718, "datetime": "2020-10-05 16:02:08", "elapsed": 5692.289902}}
{"target": 6.061555555555556, "params": {"enc_rate": 1.0, "k": 3.0, "gamma_fc": 0.3394167240176095, "primacy": 0.4, "beta_rec": 0.2838018349468743, "beta_enc": 0.8125073041746718}, "datetime": {"delta": 31.483249, "datetime": "2020-10-05 16:02:39", "elapsed": 5723.773151}}
{"target": 7.471333333333334, "params": {"enc_rate": 1.0, "k": 3.0, "gamma_fc": 0.7744772660150796, "primacy": 0.4, "beta_rec": 0.6687966059228697, "beta_enc": 0.3117029177189814}, "datetime": {"delta": 35.566832, "datetime": "2020-10-05 16:03:15", "elapsed": 5759.339983}}
{"target": 6.811333333333333, "params": {"enc_rate": 1.0, "k": 3.0, "gamma_fc": 0.21076450246870537, "primacy": 0.4, "beta_rec": 0.7626320954451107, "beta_enc": 0.7517077209192669}, "datetime": {"delta": 34.651865, "datetime": "2020-10-05 16:03:49", "elapsed": 5793.991848}}
{"target": 7.521333333333334, "params": {"enc_rate": 1.0, "k": 3.0, "gamma_fc": 0.430471782744975, "primacy": 0.4, "beta_rec": 0.6938554113738997, "beta_enc": 0.03711266449399442}, "datetime": {"delta": 36.886959, "datetime": "2020-10-05 16:04:26", "elapsed": 5830.878807}}
{"target": 7.542888888888889, "params": {"enc_rate": 1.0, "k": 3.0, "gamma_fc": 0.3356638011646498, "primacy": 0.4, "beta_rec": 0.13479311796067905, "beta_enc": 0.03985992663545257}, "datetime": {"delta": 36.984305, "datetime": "2020-10-05 16:05:03", "elapsed": 5867.863112}}
{"target": 7.222444444444444, "params": {"enc_rate": 1.0, "k": 3.0, "gamma_fc": 0.8477004682374377, "primacy": 0.4, "beta_rec": 0.6174610120171561, "beta_enc": 0.5120610275239188}, "datetime": {"delta": 36.020823, "datetime": "2020-10-05 16:05:39", "elapsed": 5903.883935}}
{"target": 5.053111111111112, "params": {"enc_rate": 1.0, "k": 3.0, "gamma_fc": 0.9517756930338517, "primacy": 0.4, "beta_rec": 0.6562015477440989, "beta_enc": 0.8730681484470995}, "datetime": {"delta": 29.419114, "datetime": "2020-10-05 16:06:09", "elapsed": 5933.303049}}
{"target": 7.541333333333334, "params": {"enc_rate": 1.0, "k": 3.0, "gamma_fc": 0.0816239827150681, "primacy": 0.4, "beta_rec": 0.4216578860324509, "beta_enc": 0.0633434434563398}, "datetime": {"delta": 37.087732, "datetime": "2020-10-05 16:06:46", "elapsed": 5970.390781}}
{"target": 6.547777777777777, "params": {"enc_rate": 1.0, "k": 3.0, "gamma_fc": 0.48644074317039476, "primacy": 0.4, "beta_rec": 0.8414221567958434, "beta_enc": 0.7728856021671178}, "datetime": {"delta": 34.10758, "datetime": "2020-10-05 16:07:20", "elapsed": 6004.498361}}
{"target": 5.653777777777778, "params": {"enc_rate": 1.0, "k": 3.0, "gamma_fc": 0.344861343716251, "primacy": 0.4, "beta_rec": 0.6139340023847009, "beta_enc": 0.9438926277837961}, "datetime": {"delta": 31.342866, "datetime": "2020-10-05 16:07:51", "elapsed": 6035.841227}}
{"target": 7.345111111111111, "params": {"enc_rate": 1.0, "k": 3.0, "gamma_fc": 0.06491158533912933, "primacy": 0.4, "beta_rec": 0.9408279632013994, "beta_enc": 0.23581463714751372}, "datetime": {"delta": 36.485289, "datetime": "2020-10-05 16:08:28", "elapsed": 6072.326516}}
{"target": 7.036, "params": {"enc_rate": 1.0, "k": 3.0, "gamma_fc": 0.6004889552745444, "primacy": 0.4, "beta_rec": 0.7323748991793305, "beta_enc": 0.6049268729742817}, "datetime": {"delta": 35.540803, "datetime": "2020-10-05 16:09:03", "elapsed": 6107.867319}}
{"target": 7.554222222222222, "params": {"enc_rate": 1.0, "k": 3.0, "gamma_fc": 0.531287810481058, "primacy": 0.4, "beta_rec": 0.8424458099564136, "beta_enc": 0.13051067133926597}, "datetime": {"delta": 37.114325, "datetime": "2020-10-05 16:09:40", "elapsed": 6144.981644}}
{"target": 5.175333333333334, "params": {"enc_rate": 1.0, "k": 3.0, "gamma_fc": 0.8969850695075825, "primacy": 0.4, "beta_rec": 0.42166593484970927, "beta_enc": 0.8726861649194619}, "datetime": {"delta": 29.830737, "datetime": "2020-10-05 16:10:10", "elapsed": 6174.812381}}
{"target": 5.717555555555556, "params": {"enc_rate": 1.0, "k": 3.0, "gamma_fc": 0.527267456485417, "primacy": 0.4, "beta_rec": 0.48675074481833813, "beta_enc": 0.8817706230828073}, "datetime": {"delta": 31.443397, "datetime": "2020-10-05 16:10:42", "elapsed": 6206.255778}}
{"target": 7.381333333333333, "params": {"enc_rate": 1.0, "k": 3.0, "gamma_fc": 0.11510304096690338, "primacy": 0.4, "beta_rec": 0.8837555081806009, "beta_enc": 0.2821394484048606}, "datetime": {"delta": 36.530049, "datetime": "2020-10-05 16:11:18", "elapsed": 6242.785827}}
{"target": 7.5024444444444445, "params": {"enc_rate": 1.0, "k": 3.0, "gamma_fc": 0.8448725182357391, "primacy": 0.4, "beta_rec": 0.13141566053746057, "beta_enc": 0.23944623690468037}, "datetime": {"delta": 36.897834, "datetime": "2020-10-05 16:11:55", "elapsed": 6279.683661}}
{"target": 7.410888888888889, "params": {"enc_rate": 1.0, "k": 3.0, "gamma_fc": 0.6157042872039488, "primacy": 0.4, "beta_rec": 0.5956250981349497, "beta_enc": 0.34567921329602547}, "datetime": {"delta": 36.646736, "datetime": "2020-10-05 16:12:32", "elapsed": 6316.330397}}
{"target": 4.444000000000001, "params": {"enc_rate": 1.0, "k": 3.0, "gamma_fc": 0.7529259149799422, "primacy": 0.4, "beta_rec": 0.5346790571795887, "beta_enc": 0.9482094981876252}, "datetime": {"delta": 27.481119, "datetime": "2020-10-05 16:12:59", "elapsed": 6343.811516}}
{"target": 5.251333333333333, "params": {"enc_rate": 1.0, "k": 3.0, "gamma_fc": 0.6046720523491877, "primacy": 0.4, "beta_rec": 0.5883673328938768, "beta_enc": 0.9176063476443932}, "datetime": {"delta": 30.001981, "datetime": "2020-10-05 16:13:29", "elapsed": 6373.813497}}
{"target": 7.400666666666668, "params": {"enc_rate": 1.0, "k": 3.0, "gamma_fc": 0.44034708683123824, "primacy": 0.4, "beta_rec": 0.12295477155217849, "beta_enc": 0.3209863745244532}, "datetime": {"delta": 36.509369, "datetime": "2020-10-05 16:14:06", "elapsed": 6410.322866}}
{"target": 7.567333333333333, "params": {"enc_rate": 1.0, "k": 3.0, "gamma_fc": 0.012096760015357866, "primacy": 0.4, "beta_rec": 0.20018211641098693, "beta_enc": 0.03606831456985993}, "datetime": {"delta": 37.023043, "datetime": "2020-10-05 16:14:43", "elapsed": 6447.345909}}
{"target": 1.8906666666666667, "params": {"enc_rate": 1.0, "k": 3.0, "gamma_fc": 0.9289494618931157, "primacy": 0.4, "beta_rec": 0.5820299763434618, "beta_enc": 0.9974849927283295}, "datetime": {"delta": 19.260168, "datetime": "2020-10-05 16:15:02", "elapsed": 6466.606077}}
{"target": 6.905555555555556, "params": {"enc_rate": 1.0, "k": 3.0, "gamma_fc": 0.37165457672418245, "primacy": 0.4, "beta_rec": 0.2641376442105696, "beta_enc": 0.5878715062961865}, "datetime": {"delta": 35.157141, "datetime": "2020-10-05 16:15:37", "elapsed": 6501.763218}}
{"target": 5.965999999999999, "params": {"enc_rate": 1.0, "k": 3.0, "gamma_fc": 0.7530706558694549, "primacy": 0.4, "beta_rec": 0.07194722016400112, "beta_enc": 0.6958461339323264}, "datetime": {"delta": 32.334557, "datetime": "2020-10-05 16:16:09", "elapsed": 6534.097775}}
{"target": 7.535777777777779, "params": {"enc_rate": 1.0, "k": 3.0, "gamma_fc": 0.6724726505249299, "primacy": 0.4, "beta_rec": 0.48169628302117706, "beta_enc": 0.0800609772712173}, "datetime": {"delta": 37.068943, "datetime": "2020-10-05 16:16:46", "elapsed": 6571.166718}}
{"target": 6.966444444444444, "params": {"enc_rate": 1.0, "k": 3.0, "gamma_fc": 0.15098073327964578, "primacy": 0.4, "beta_rec": 0.6971485287527562, "beta_enc": 0.6816453376026229}, "datetime": {"delta": 35.286241, "datetime": "2020-10-05 16:17:22", "elapsed": 6606.452959}}
{"target": 5.432444444444444, "params": {"enc_rate": 1.0, "k": 3.0, "gamma_fc": 0.3910991231067624, "primacy": 0.4, "beta_rec": 0.23376869260410593, "beta_enc": 0.9041029859138049}, "datetime": {"delta": 30.626394, "datetime": "2020-10-05 16:17:52", "elapsed": 6637.079353}}
{"target": 6.972666666666667, "params": {"enc_rate": 1.0, "k": 3.0, "gamma_fc": 0.09944056291558923, "primacy": 0.4, "beta_rec": 0.7600017523497489, "beta_enc": 0.6135258996684316}, "datetime": {"delta": 35.369532, "datetime": "2020-10-05 16:18:28", "elapsed": 6672.448885}}
{"target": 7.53888888888889, "params": {"enc_rate": 1.0, "k": 3.0, "gamma_fc": 0.688845259018665, "primacy": 0.4, "beta_rec": 0.8207464986229382, "beta_enc": 0.19384776750950716}, "datetime": {"delta": 37.013936, "datetime": "2020-10-05 16:19:05", "elapsed": 6709.462821}}
{"target": 7.410666666666667, "params": {"enc_rate": 1.0, "k": 3.0, "gamma_fc": 0.0254762357788203, "primacy": 0.4, "beta_rec": 0.461602080891622, "beta_enc": 0.23507763668617032}, "datetime": {"delta": 36.727937, "datetime": "2020-10-05 16:19:41", "elapsed": 6746.190758}}
{"target": 7.418888888888889, "params": {"enc_rate": 1.0, "k": 3.0, "gamma_fc": 0.8646861447635343, "primacy": 0.4, "beta_rec": 0.8434941260636555, "beta_enc": 0.33039174636170277}, "datetime": {"delta": 36.733964, "datetime": "2020-10-05 16:20:18", "elapsed": 6782.924722}}
{"target": 7.483555555555556, "params": {"enc_rate": 1.0, "k": 3.0, "gamma_fc": 0.30499397583521604, "primacy": 0.4, "beta_rec": 0.5295466104783949, "beta_enc": 0.200727488035091}, "datetime": {"delta": 36.885401, "datetime": "2020-10-05 16:20:55", "elapsed": 6819.810123}}
{"target": 7.319777777777778, "params": {"enc_rate": 1.0, "k": 3.0, "gamma_fc": 0.07569688175830336, "primacy": 0.4, "beta_rec": 0.6830743663365642, "beta_enc": 0.32984456268188234}, "datetime": {"delta": 36.549337, "datetime": "2020-10-05 16:21:32", "elapsed": 6856.35946}}
{"target": 6.611555555555556, "params": {"enc_rate": 1.0, "k": 3.0, "gamma_fc": 0.151375569992799, "primacy": 0.4, "beta_rec": 0.6671187886992039, "beta_enc": 0.8497689100179306}, "datetime": {"delta": 34.292735, "datetime": "2020-10-05 16:22:06", "elapsed": 6890.652195}}
{"target": 7.537333333333334, "params": {"enc_rate": 1.0, "k": 3.0, "gamma_fc": 0.04110945767376041, "primacy": 0.4, "beta_rec": 1.0, "beta_enc": 0.0}, "datetime": {"delta": 46.240568, "datetime": "2020-10-05 16:22:52", "elapsed": 6936.892763}}
{"target": 7.545333333333334, "params": {"enc_rate": 1.0, "k": 3.0, "gamma_fc": 0.0029051852587418637, "primacy": 0.4, "beta_rec": 0.8859580081798455, "beta_enc": 0.0}, "datetime": {"delta": 45.844673, "datetime": "2020-10-05 16:23:38", "elapsed": 6982.737436}}
{"target": 7.531555555555556, "params": {"enc_rate": 1.0, "k": 3.0, "gamma_fc": 0.0, "primacy": 0.4, "beta_rec": 0.0, "beta_enc": 0.0}, "datetime": {"delta": 47.076349, "datetime": "2020-10-05 16:24:25", "elapsed": 7029.813785}}
{"target": 7.548666666666667, "params": {"enc_rate": 1.0, "k": 3.0, "gamma_fc": 0.44716543222669464, "primacy": 0.4, "beta_rec": 1.0, "beta_enc": 0.1865937219274078}, "datetime": {"delta": 48.100553, "datetime": "2020-10-05 16:25:13", "elapsed": 7077.914338}}
{"target": 7.548222222222222, "params": {"enc_rate": 1.0, "k": 3.0, "gamma_fc": 0.20400206075001154, "primacy": 0.4, "beta_rec": 0.5145774395819875, "beta_enc": 0.0}, "datetime": {"delta": 47.696641, "datetime": "2020-10-05 16:26:01", "elapsed": 7125.610979}}
{"target": 7.3904444444444435, "params": {"enc_rate": 1.0, "k": 3.0, "gamma_fc": 0.0, "primacy": 0.4, "beta_rec": 0.9646584414966183, "beta_enc": 0.061344225322228677}, "datetime": {"delta": 48.207653, "datetime": "2020-10-05 16:26:49", "elapsed": 7173.818632}}
{"target": 7.539555555555556, "params": {"enc_rate": 1.0, "k": 3.0, "gamma_fc": 0.035401644382698785, "primacy": 0.4, "beta_rec": 0.9396783391964677, "beta_enc": 0.0}, "datetime": {"delta": 47.839797, "datetime": "2020-10-05 16:27:37", "elapsed": 7221.658429}}
{"target": 7.671111111111111, "params": {"enc_rate": 1.0, "k": 3.0, "gamma_fc": 0.0, "primacy": 0.4, "beta_rec": 0.9536566232422301, "beta_enc": 0.0007297249096505466}, "datetime": {"delta": 47.692594, "datetime": "2020-10-05 16:28:25", "elapsed": 7269.351023}}
{"target": 7.486666666666666, "params": {"enc_rate": 1.0, "k": 3.0, "gamma_fc": 0.24981889407250554, "primacy": 0.4, "beta_rec": 1.0, "beta_enc": 0.17672567632163652}, "datetime": {"delta": 47.134204, "datetime": "2020-10-05 16:29:12", "elapsed": 7316.485227}}
{"target": 7.552444444444444, "params": {"enc_rate": 1.0, "k": 3.0, "gamma_fc": 1.0, "primacy": 0.4, "beta_rec": 1.0, "beta_enc": 0.0}, "datetime": {"delta": 48.585923, "datetime": "2020-10-05 16:30:00", "elapsed": 7365.07115}}
{"target": 7.522, "params": {"enc_rate": 1.0, "k": 3.0, "gamma_fc": 0.7756738663461125, "primacy": 0.4, "beta_rec": 1.0, "beta_enc": 0.0}, "datetime": {"delta": 47.982404, "datetime": "2020-10-05 16:30:48", "elapsed": 7413.053554}}
{"target": 7.549777777777779, "params": {"enc_rate": 1.0, "k": 3.0, "gamma_fc": 0.8336737026344396, "primacy": 0.4, "beta_rec": 0.2605403183892107, "beta_enc": 0.0}, "datetime": {"delta": 48.021513, "datetime": "2020-10-05 16:31:36", "elapsed": 7461.075067}}
{"target": 7.546444444444445, "params": {"enc_rate": 1.0, "k": 3.0, "gamma_fc": 1.0, "primacy": 0.4, "beta_rec": 0.0, "beta_enc": 0.0}, "datetime": {"delta": 49.60662, "datetime": "2020-10-05 16:32:26", "elapsed": 7510.681687}}
{"target": 7.4975555555555555, "params": {"enc_rate": 1.0, "k": 3.0, "gamma_fc": 1.0, "primacy": 0.4, "beta_rec": 0.0, "beta_enc": 0.18196297872475203}, "datetime": {"delta": 49.454224, "datetime": "2020-10-05 16:33:15", "elapsed": 7560.135911}}
{"target": 7.49888888888889, "params": {"enc_rate": 1.0, "k": 3.0, "gamma_fc": 0.37278280940951825, "primacy": 0.4, "beta_rec": 0.0, "beta_enc": 0.09542136201591836}, "datetime": {"delta": 46.948637, "datetime": "2020-10-05 16:34:02", "elapsed": 7607.084548}}
{"target": 7.523777777777778, "params": {"enc_rate": 1.0, "k": 3.0, "gamma_fc": 0.0, "primacy": 0.4, "beta_rec": 0.2474621392406736, "beta_enc": 0.17402715124548895}, "datetime": {"delta": 47.650885, "datetime": "2020-10-05 16:34:50", "elapsed": 7654.735433}}
{"target": 7.534666666666666, "params": {"enc_rate": 1.0, "k": 3.0, "gamma_fc": 0.8563035502050536, "primacy": 0.4, "beta_rec": 0.0, "beta_enc": 0.0}, "datetime": {"delta": 48.161798, "datetime": "2020-10-05 16:35:38", "elapsed": 7702.897231}}
{"target": 7.493777777777778, "params": {"enc_rate": 1.0, "k": 3.0, "gamma_fc": 0.25719279625926983, "primacy": 0.4, "beta_rec": 0.6724439486492791, "beta_enc": 0.047894463589057745}, "datetime": {"delta": 47.553455, "datetime": "2020-10-05 16:36:26", "elapsed": 7750.450686}}
{"target": 7.536666666666667, "params": {"enc_rate": 1.0, "k": 3.0, "gamma_fc": 0.6078852652257724, "primacy": 0.4, "beta_rec": 0.626874824465997, "beta_enc": 0.0}, "datetime": {"delta": 47.26936, "datetime": "2020-10-05 16:37:13", "elapsed": 7797.720046}}
{"target": 7.568222222222222, "params": {"enc_rate": 1.0, "k": 3.0, "gamma_fc": 0.20620023806057497, "primacy": 0.4, "beta_rec": 0.3746075423447156, "beta_enc": 0.0014711991812762504}, "datetime": {"delta": 49.305542, "datetime": "2020-10-05 16:38:02", "elapsed": 7847.025588}}
{"target": 7.578222222222221, "params": {"enc_rate": 1.0, "k": 3.0, "gamma_fc": 0.3065027703476119, "primacy": 0.4, "beta_rec": 0.8722712726446118, "beta_enc": 0.07922213091767835}, "datetime": {"delta": 47.332177, "datetime": "2020-10-05 16:38:50", "elapsed": 7894.357765}}
{"target": 7.513333333333333, "params": {"enc_rate": 1.0, "k": 3.0, "gamma_fc": 1.0, "primacy": 0.4, "beta_rec": 0.8561876105106957, "beta_enc": 0.0}, "datetime": {"delta": 48.173453, "datetime": "2020-10-05 16:39:38", "elapsed": 7942.531218}}
{"target": 7.5135555555555555, "params": {"enc_rate": 1.0, "k": 3.0, "gamma_fc": 0.5403234373631904, "primacy": 0.4, "beta_rec": 0.2510988283567271, "beta_enc": 0.0}, "datetime": {"delta": 47.657939, "datetime": "2020-10-05 16:40:25", "elapsed": 7990.189157}}
{"target": 7.5073333333333325, "params": {"enc_rate": 1.0, "k": 3.0, "gamma_fc": 0.8360216761275074, "primacy": 0.4, "beta_rec": 0.5664058700865602, "beta_enc": 0.0}, "datetime": {"delta": 51.019204, "datetime": "2020-10-05 16:41:16", "elapsed": 8041.208361}}
{"target": 7.5680000000000005, "params": {"enc_rate": 1.0, "k": 3.0, "gamma_fc": 0.5723023193213643, "primacy": 0.4, "beta_rec": 0.0, "beta_enc": 0.0}, "datetime": {"delta": 50.247213, "datetime": "2020-10-05 16:42:07", "elapsed": 8091.455574}}
{"target": 7.543777777777779, "params": {"enc_rate": 1.0, "k": 3.0, "gamma_fc": 1.0, "primacy": 0.4, "beta_rec": 0.2646636787661431, "beta_enc": 0.0}, "datetime": {"delta": 51.035678, "datetime": "2020-10-05 16:42:58", "elapsed": 8142.491252}}
{"target": 7.483777777777779, "params": {"enc_rate": 1.0, "k": 3.0, "gamma_fc": 0.24492762513091348, "primacy": 0.4, "beta_rec": 0.1291924076129337, "beta_enc": 0.19458043586804744}, "datetime": {"delta": 50.76114, "datetime": "2020-10-05 16:43:49", "elapsed": 8193.252392}}
{"target": 7.469555555555554, "params": {"enc_rate": 1.0, "k": 3.0, "gamma_fc": 0.5148818885771962, "primacy": 0.4, "beta_rec": 1.0, "beta_enc": 0.0}, "datetime": {"delta": 51.661142, "datetime": "2020-10-05 16:44:40", "elapsed": 8244.913534}}
{"target": 7.540000000000001, "params": {"enc_rate": 1.0, "k": 3.0, "gamma_fc": 0.0, "primacy": 0.4, "beta_rec": 0.5133122163994934, "beta_enc": 0.0}, "datetime": {"delta": 51.723239, "datetime": "2020-10-05 16:45:32", "elapsed": 8296.636773}}
{"target": 7.5135555555555555, "params": {"enc_rate": 1.0, "k": 3.0, "gamma_fc": 0.0, "primacy": 0.4, "beta_rec": 0.34411964508489173, "beta_enc": 0.0}, "datetime": {"delta": 49.737625, "datetime": "2020-10-05 16:46:22", "elapsed": 8346.374398}}
{"target": 7.540222222222222, "params": {"enc_rate": 1.0, "k": 3.0, "gamma_fc": 0.0, "primacy": 0.4, "beta_rec": 0.0, "beta_enc": 0.16362050632360214}, "datetime": {"delta": 52.84724, "datetime": "2020-10-05 16:47:15", "elapsed": 8399.221638}}
{"target": 7.571333333333333, "params": {"enc_rate": 1.0, "k": 3.0, "gamma_fc": 0.0, "primacy": 0.4, "beta_rec": 0.6193087357004649, "beta_enc": 0.0941520676509985}, "datetime": {"delta": 51.210288, "datetime": "2020-10-05 16:48:06", "elapsed": 8450.431926}}
{"target": 7.537111111111111, "params": {"enc_rate": 1.0, "k": 3.0, "gamma_fc": 1.0, "primacy": 0.4, "beta_rec": 0.5411806787653859, "beta_enc": 0.0}, "datetime": {"delta": 52.776044, "datetime": "2020-10-05 16:48:58", "elapsed": 8503.20797}}
{"target": 7.5202222222222215, "params": {"enc_rate": 1.0, "k": 3.0, "gamma_fc": 0.709228740997727, "primacy": 0.4, "beta_rec": 0.2500302384313251, "beta_enc": 0.15874125547324877}, "datetime": {"delta": 50.513412, "datetime": "2020-10-05 16:49:49", "elapsed": 8553.721382}}
{"target": 7.572444444444445, "params": {"enc_rate": 1.0, "k": 3.0, "gamma_fc": 0.9457902732459192, "primacy": 0.4, "beta_rec": 0.12053754710186772, "beta_enc": 0.0}, "datetime": {"delta": 51.9007, "datetime": "2020-10-05 16:50:41", "elapsed": 8605.622082}}
{"target": 7.484888888888889, "params": {"enc_rate": 1.0, "k": 3.0, "gamma_fc": 0.6431865100651849, "primacy": 0.4, "beta_rec": 0.8633262422422744, "beta_enc": 0.0}, "datetime": {"delta": 52.752735, "datetime": "2020-10-05 16:51:34", "elapsed": 8658.374817}}
{"target": 7.503777777777778, "params": {"enc_rate": 1.0, "k": 3.0, "gamma_fc": 1.0, "primacy": 0.4, "beta_rec": 1.0, "beta_enc": 0.12998637703000965}, "datetime": {"delta": 53.271751, "datetime": "2020-10-05 16:52:27", "elapsed": 8711.646568}}
{"target": 7.516444444444444, "params": {"enc_rate": 1.0, "k": 3.0, "gamma_fc": 0.751197459733659, "primacy": 0.4, "beta_rec": 1.0, "beta_enc": 0.15203775096536176}, "datetime": {"delta": 52.017511, "datetime": "2020-10-05 16:53:19", "elapsed": 8763.664079}}
{"target": 7.533777777777779, "params": {"enc_rate": 1.0, "k": 3.0, "gamma_fc": 0.8179679035643066, "primacy": 0.4, "beta_rec": 0.0, "beta_enc": 0.139091087796637}, "datetime": {"delta": 53.118896, "datetime": "2020-10-05 16:54:12", "elapsed": 8816.782975}}
{"target": 7.504, "params": {"enc_rate": 1.0, "k": 3.0, "gamma_fc": 0.5829946347599839, "primacy": 0.4, "beta_rec": 1.0, "beta_enc": 0.25767611852527406}, "datetime": {"delta": 51.67005, "datetime": "2020-10-05 16:55:04", "elapsed": 8868.453025}}
{"target": 7.4944444444444445, "params": {"enc_rate": 1.0, "k": 3.0, "gamma_fc": 1.0, "primacy": 0.4, "beta_rec": 0.37265531062102214, "beta_enc": 0.26288715731035295}, "datetime": {"delta": 52.442054, "datetime": "2020-10-05 16:55:56", "elapsed": 8920.895079}}
{"target": 7.533555555555556, "params": {"enc_rate": 1.0, "k": 3.0, "gamma_fc": 0.1989172767273701, "primacy": 0.4, "beta_rec": 0.368237897331018, "beta_enc": 0.19466413163052568}, "datetime": {"delta": 52.23911, "datetime": "2020-10-05 16:56:48", "elapsed": 8973.134189}}
{"target": 7.531333333333333, "params": {"enc_rate": 1.0, "k": 3.0, "gamma_fc": 0.391576404865234, "primacy": 0.4, "beta_rec": 0.0, "beta_enc": 0.0}, "datetime": {"delta": 52.350758, "datetime": "2020-10-05 16:57:41", "elapsed": 9025.484947}}
