{"target": 7.266666666666667, "params": {"beta_enc": 0.21196016464367595, "cue_position": 0.0, "gamma_fc": 0.593432449464621, "gamma_cf": 0.02760601195450363, "beta_rec": 0.7986042447602102}, "datetime": {"elapsed": 1645.872508, "datetime": "2020-07-13 10:47:10", "delta": 21.728912}}
{"target": 6.191666666666666, "params": {"beta_enc": 0.8438404289311888, "cue_position": 0.0, "gamma_fc": 0.5409518049621886, "gamma_cf": 0.5111414782971282, "beta_rec": 0.3810161240622142}, "datetime": {"elapsed": 1665.557684, "datetime": "2020-07-13 10:47:29", "delta": 19.685176}}
{"target": 5.904166666666667, "params": {"beta_enc": 0.9594343210617524, "cue_position": 0.0, "gamma_fc": 0.46500148156350607, "gamma_cf": 0.7093872512312951, "beta_rec": 0.8039608914986468}, "datetime": {"elapsed": 1684.707679, "datetime": "2020-07-13 10:47:49", "delta": 19.149995}}
{"target": 6.595833333333333, "params": {"beta_enc": 0.9475489413950998, "cue_position": 0.0, "gamma_fc": 0.42861882866378653, "gamma_cf": 0.081473964877262, "beta_rec": 0.2214327343234883}, "datetime": {"elapsed": 1705.171716, "datetime": "2020-07-13 10:48:09", "delta": 20.464037}}
{"target": 8.429166666666667, "params": {"beta_enc": 0.10901876401906829, "cue_position": 0.0, "gamma_fc": 0.7662113810757705, "gamma_cf": 0.6968004961201785, "beta_rec": 0.6337867606119179}, "datetime": {"elapsed": 1729.010974, "datetime": "2020-07-13 10:48:33", "delta": 23.839258}}
{"target": 9.525, "params": {"beta_enc": 0.3424541198435198, "cue_position": 0.0, "gamma_fc": 0.6264961586242938, "gamma_cf": 0.8240098704123188, "beta_rec": 0.8458514830276777}, "datetime": {"elapsed": 1754.913544, "datetime": "2020-07-13 10:48:59", "delta": 25.90257}}
{"target": 7.975, "params": {"beta_enc": 0.1434230486702449, "cue_position": 0.0, "gamma_fc": 0.4585838137084318, "gamma_cf": 0.06672499763935646, "beta_rec": 0.07838689985494796}, "datetime": {"elapsed": 1777.968173, "datetime": "2020-07-13 10:49:22", "delta": 23.054629}}
{"target": 7.591666666666667, "params": {"beta_enc": 0.11334192276759048, "cue_position": 0.0, "gamma_fc": 0.7469384956075251, "gamma_cf": 0.3948504804606394, "beta_rec": 0.027783348848669953}, "datetime": {"elapsed": 1800.293059, "datetime": "2020-07-13 10:49:44", "delta": 22.324886}}
{"target": 7.5875, "params": {"beta_enc": 0.45240482674645155, "cue_position": 0.0, "gamma_fc": 0.8031633421141696, "gamma_cf": 0.47400392656219403, "beta_rec": 0.4500867470007611}, "datetime": {"elapsed": 1822.622953, "datetime": "2020-07-13 10:50:07", "delta": 22.329894}}
{"target": 8.9625, "params": {"beta_enc": 0.40239251985773583, "cue_position": 0.0, "gamma_fc": 0.12564138113773882, "gamma_cf": 0.7738743427204187, "beta_rec": 0.904686160343623}, "datetime": {"elapsed": 1847.456173, "datetime": "2020-07-13 10:50:31", "delta": 24.83322}}
{"target": 9.6625, "params": {"beta_enc": 0.6185135669120855, "cue_position": 0.0, "gamma_fc": 0.9511937854902045, "gamma_cf": 0.0030179566195963625, "beta_rec": 0.010364261335231939}, "datetime": {"elapsed": 1873.614565, "datetime": "2020-07-13 10:50:58", "delta": 26.158392}}
{"target": 6.179166666666666, "params": {"beta_enc": 0.905402033702778, "cue_position": 0.0, "gamma_fc": 0.15773006987053328, "gamma_cf": 0.14555823115839706, "beta_rec": 0.7959669419422694}, "datetime": {"elapsed": 1893.256879, "datetime": "2020-07-13 10:51:17", "delta": 19.642314}}
{"target": 8.829166666666667, "params": {"beta_enc": 0.187631672902434, "cue_position": 0.0, "gamma_fc": 0.7111224587658159, "gamma_cf": 0.9899551783590737, "beta_rec": 0.6224959022999211}, "datetime": {"elapsed": 1917.873501, "datetime": "2020-07-13 10:51:42", "delta": 24.616622}}
{"target": 6.941666666666666, "params": {"beta_enc": 0.7318004091422953, "cue_position": 0.0, "gamma_fc": 0.17343017078712286, "gamma_cf": 0.24985068022503676, "beta_rec": 0.9092932045442544}, "datetime": {"elapsed": 1938.969193, "datetime": "2020-07-13 10:52:03", "delta": 21.095692}}
{"target": 8.233333333333333, "params": {"beta_enc": 0.119457050333729, "cue_position": 0.0, "gamma_fc": 0.8190891786335308, "gamma_cf": 0.2642974827269007, "beta_rec": 0.8126105880328287}, "datetime": {"elapsed": 1962.483257, "datetime": "2020-07-13 10:52:26", "delta": 23.514064}}
{"target": 7.983333333333333, "params": {"beta_enc": 0.31058725179421, "cue_position": 0.0, "gamma_fc": 0.31446701118584963, "gamma_cf": 0.5336533449712114, "beta_rec": 0.9824174492929428}, "datetime": {"elapsed": 1985.527618, "datetime": "2020-07-13 10:52:49", "delta": 23.044361}}
{"target": 6.433333333333334, "params": {"beta_enc": 0.9107728311738374, "cue_position": 0.0, "gamma_fc": 0.9388864773697133, "gamma_cf": 0.5122926922783614, "beta_rec": 0.36655664385123443}, "datetime": {"elapsed": 2005.712069, "datetime": "2020-07-13 10:53:10", "delta": 20.184451}}
{"target": 6.554166666666666, "params": {"beta_enc": 0.030949006271150714, "cue_position": 0.0, "gamma_fc": 0.5220512472525107, "gamma_cf": 0.027287223517468817, "beta_rec": 0.7168786636316892}, "datetime": {"elapsed": 2026.114152, "datetime": "2020-07-13 10:53:30", "delta": 20.402083}}
{"target": 8.729166666666666, "params": {"beta_enc": 0.3259898117700253, "cue_position": 0.0, "gamma_fc": 0.45285349995153745, "gamma_cf": 0.6902278681627478, "beta_rec": 0.8594893208655858}, "datetime": {"elapsed": 2050.612231, "datetime": "2020-07-13 10:53:55", "delta": 24.498079}}
{"target": 6.058333333333334, "params": {"beta_enc": 0.6283090375213571, "cue_position": 0.0, "gamma_fc": 0.3114442141324628, "gamma_cf": 0.5767559349870908, "beta_rec": 0.2900968516874258}, "datetime": {"elapsed": 2070.08849, "datetime": "2020-07-13 10:54:14", "delta": 19.476259}}
{"target": 7.2125, "params": {"beta_enc": 0.5172675985011298, "cue_position": 0.0, "gamma_fc": 0.37129376127905445, "gamma_cf": 0.2473960366023854, "beta_rec": 0.9164058530538978}, "datetime": {"elapsed": 2091.730543, "datetime": "2020-07-13 10:54:36", "delta": 21.642053}}
{"target": 6.2, "params": {"beta_enc": 0.9318611166365406, "cue_position": 0.0, "gamma_fc": 0.22790028995131695, "gamma_cf": 0.9202065143056605, "beta_rec": 0.9368683813090937}, "datetime": {"elapsed": 2111.427725, "datetime": "2020-07-13 10:54:55", "delta": 19.697182}}
{"target": 7.558333333333334, "params": {"beta_enc": 0.08748220955359087, "cue_position": 0.0, "gamma_fc": 0.6070941619724605, "gamma_cf": 0.17476587635631158, "beta_rec": 0.22730973628468876}, "datetime": {"elapsed": 2133.671079, "datetime": "2020-07-13 10:55:18", "delta": 22.243354}}
{"target": 8.175, "params": {"beta_enc": 0.41358641500116133, "cue_position": 0.0, "gamma_fc": 0.24035562484913886, "gamma_cf": 0.7018765297563104, "beta_rec": 0.8163515118272141}, "datetime": {"elapsed": 2157.069704, "datetime": "2020-07-13 10:55:41", "delta": 23.398625}}
{"target": 7.033333333333333, "params": {"beta_enc": 0.5742190888408597, "cue_position": 0.0, "gamma_fc": 0.6641025553547935, "gamma_cf": 0.22881367096037586, "beta_rec": 0.34898759722078887}, "datetime": {"elapsed": 2178.337053, "datetime": "2020-07-13 10:56:02", "delta": 21.267349}}
{"target": 7.65, "params": {"beta_enc": 0.4972500933605313, "cue_position": 0.0, "gamma_fc": 0.99675342520821, "gamma_cf": 0.5707158515462564, "beta_rec": 0.5190159840736788}, "datetime": {"elapsed": 2200.748851, "datetime": "2020-07-13 10:56:25", "delta": 22.411798}}
{"target": 6.475, "params": {"beta_enc": 0.8168351087916219, "cue_position": 0.0, "gamma_fc": 0.5956079336026455, "gamma_cf": 0.9015625846693213, "beta_rec": 0.5943726238309778}, "datetime": {"elapsed": 2220.972307, "datetime": "2020-07-13 10:56:45", "delta": 20.223456}}
{"target": 8.25, "params": {"beta_enc": 0.032426325314457105, "cue_position": 0.0, "gamma_fc": 0.37543483316785775, "gamma_cf": 0.4517331486914753, "beta_rec": 0.09357709581748075}, "datetime": {"elapsed": 2244.487535, "datetime": "2020-07-13 10:57:08", "delta": 23.515228}}
{"target": 5.766666666666667, "params": {"beta_enc": 0.9753500342702865, "cue_position": 0.0, "gamma_fc": 0.8242378396244978, "gamma_cf": 0.7674748688630131, "beta_rec": 0.1679832931996149}, "datetime": {"elapsed": 2263.365639, "datetime": "2020-07-13 10:57:27", "delta": 18.878104}}
{"target": 6.345833333333333, "params": {"beta_enc": 0.6326158167779973, "cue_position": 0.0, "gamma_fc": 0.3530060855418248, "gamma_cf": 0.013136356923072245, "beta_rec": 0.668732770206732}, "datetime": {"elapsed": 2283.304113, "datetime": "2020-07-13 10:57:47", "delta": 19.938474}}
{"target": 7.233333333333333, "params": {"beta_enc": 0.49207180149355845, "cue_position": 0.0, "gamma_fc": 0.13766274094560316, "gamma_cf": 0.4574049160894317, "beta_rec": 0.7300912110901043}, "datetime": {"elapsed": 2304.934009, "datetime": "2020-07-13 10:58:09", "delta": 21.629896}}
{"target": 9.125, "params": {"beta_enc": 0.01088873380347899, "cue_position": 0.0, "gamma_fc": 0.220234226159156, "gamma_cf": 0.9843834501935107, "beta_rec": 0.7582782604769962}, "datetime": {"elapsed": 2330.127969, "datetime": "2020-07-13 10:58:34", "delta": 25.19396}}
{"target": 7.425, "params": {"beta_enc": 0.33870802548167966, "cue_position": 0.0, "gamma_fc": 0.12482254311167629, "gamma_cf": 0.46385778390029564, "beta_rec": 0.5238961356661317}, "datetime": {"elapsed": 2352.111585, "datetime": "2020-07-13 10:58:56", "delta": 21.983616}}
{"target": 8.95, "params": {"beta_enc": 0.3125013784920495, "cue_position": 0.0, "gamma_fc": 0.13033578095435427, "gamma_cf": 0.7701499563120922, "beta_rec": 0.5045191697009946}, "datetime": {"elapsed": 2376.916782, "datetime": "2020-07-13 10:59:21", "delta": 24.805197}}
{"target": 6.475, "params": {"beta_enc": 0.022915131322381765, "cue_position": 0.0, "gamma_fc": 0.6724698446537339, "gamma_cf": 0.012603767029876312, "beta_rec": 0.5190823222119895}, "datetime": {"elapsed": 2397.134585, "datetime": "2020-07-13 10:59:41", "delta": 20.217803}}
{"target": 6.320833333333334, "params": {"beta_enc": 0.6868082266569918, "cue_position": 0.0, "gamma_fc": 0.005239837651465851, "gamma_cf": 0.6443610847569929, "beta_rec": 0.44924675358663757}, "datetime": {"elapsed": 2417.031424, "datetime": "2020-07-13 11:00:01", "delta": 19.896839}}
{"target": 8.304166666666667, "params": {"beta_enc": 0.4844284455143756, "cue_position": 0.0, "gamma_fc": 0.6736984238986317, "gamma_cf": 0.6491541971124779, "beta_rec": 0.8593178060976}, "datetime": {"elapsed": 2440.648916, "datetime": "2020-07-13 11:00:25", "delta": 23.617492}}
{"target": 5.966666666666667, "params": {"beta_enc": 0.5784995797892005, "cue_position": 0.0, "gamma_fc": 0.35242963021640883, "gamma_cf": 0.6717297848174203, "beta_rec": 0.27411977516685215}, "datetime": {"elapsed": 2459.912941, "datetime": "2020-07-13 11:00:44", "delta": 19.264025}}
{"target": 6.804166666666666, "params": {"beta_enc": 0.8558283672539277, "cue_position": 0.0, "gamma_fc": 0.773799287244182, "gamma_cf": 0.2896027461868774, "beta_rec": 0.1950374860087073}, "datetime": {"elapsed": 2480.782609, "datetime": "2020-07-13 11:01:05", "delta": 20.869668}}
{"target": 7.5875, "params": {"beta_enc": 0.4277373293360762, "cue_position": 0.0, "gamma_fc": 0.7672845084217665, "gamma_cf": 0.21369323762958115, "beta_rec": 0.8076984091122095}, "datetime": {"elapsed": 2503.079635, "datetime": "2020-07-13 11:01:27", "delta": 22.297026}}
{"target": 6.666666666666667, "params": {"beta_enc": 0.3086419476306511, "cue_position": 0.0, "gamma_fc": 0.21411213682064845, "gamma_cf": 0.22139670090820107, "beta_rec": 0.7332450677264275}, "datetime": {"elapsed": 2523.651306, "datetime": "2020-07-13 11:01:48", "delta": 20.571671}}
{"target": 7.258333333333334, "params": {"beta_enc": 0.1989479234270667, "cue_position": 0.0, "gamma_fc": 0.11092036903424063, "gamma_cf": 0.026627884691621473, "beta_rec": 0.14251833776584466}, "datetime": {"elapsed": 2545.353905, "datetime": "2020-07-13 11:02:09", "delta": 21.702599}}
{"target": 6.441666666666666, "params": {"beta_enc": 0.6745640237634105, "cue_position": 0.0, "gamma_fc": 0.20762566180381437, "gamma_cf": 0.23170231048579204, "beta_rec": 0.7997765368973863}, "datetime": {"elapsed": 2565.522001, "datetime": "2020-07-13 11:02:29", "delta": 20.168096}}
{"target": 6.979166666666667, "params": {"beta_enc": 0.9173335630816306, "cue_position": 0.0, "gamma_fc": 0.8348540476317985, "gamma_cf": 0.30451798792062024, "beta_rec": 0.7113145181364867}, "datetime": {"elapsed": 2586.687699, "datetime": "2020-07-13 11:02:51", "delta": 21.165698}}
{"target": 7.541666666666667, "params": {"beta_enc": 0.43530595762951996, "cue_position": 0.0, "gamma_fc": 0.1262101037493587, "gamma_cf": 0.47803130796528337, "beta_rec": 0.9234562151187752}, "datetime": {"elapsed": 2608.913954, "datetime": "2020-07-13 11:03:13", "delta": 22.226255}}
{"target": 6.325, "params": {"beta_enc": 0.9760435504677476, "cue_position": 0.0, "gamma_fc": 0.40420190577514725, "gamma_cf": 0.43118175516037094, "beta_rec": 0.15983365034409336}, "datetime": {"elapsed": 2628.864766, "datetime": "2020-07-13 11:03:33", "delta": 19.950812}}
{"target": 8.775, "params": {"beta_enc": 0.14675148076429412, "cue_position": 0.0, "gamma_fc": 0.7543059505762987, "gamma_cf": 0.6438956443116628, "beta_rec": 0.7293189193611234}, "datetime": {"elapsed": 2653.394245, "datetime": "2020-07-13 11:03:57", "delta": 24.529479}}
{"target": 8.625, "params": {"beta_enc": 0.21073239208332073, "cue_position": 0.0, "gamma_fc": 0.5971273029466491, "gamma_cf": 0.6382187106203334, "beta_rec": 0.60095424810764}, "datetime": {"elapsed": 2677.59369, "datetime": "2020-07-13 11:04:22", "delta": 24.199445}}
{"target": 8.291666666666666, "params": {"beta_enc": 0.29548228565549706, "cue_position": 0.0, "gamma_fc": 0.7821818168314053, "gamma_cf": 0.42556139026154693, "beta_rec": 0.7316064712415088}, "datetime": {"elapsed": 2701.218036, "datetime": "2020-07-13 11:04:45", "delta": 23.624346}}
{"target": 7.1875, "params": {"beta_enc": 0.056141039661915304, "cue_position": 0.0, "gamma_fc": 0.30008104592535645, "gamma_cf": 0.3950968688899732, "beta_rec": 0.8352716024899659}, "datetime": {"elapsed": 2722.751028, "datetime": "2020-07-13 11:05:07", "delta": 21.532992}}
{"target": 8.2, "params": {"beta_enc": 0.08010364380604929, "cue_position": 0.0, "gamma_fc": 0.49411626589632507, "gamma_cf": 0.5306974384761395, "beta_rec": 0.9046310029362429}, "datetime": {"elapsed": 2746.177526, "datetime": "2020-07-13 11:05:30", "delta": 23.426498}}
{"target": 7.954166666666667, "params": {"beta_enc": 0.13216114194293815, "cue_position": 0.0, "gamma_fc": 0.2615495518329871, "gamma_cf": 0.5079216999452875, "beta_rec": 0.20645405888943302}, "datetime": {"elapsed": 2769.17681, "datetime": "2020-07-13 11:05:53", "delta": 22.999284}}
{"target": 8.391666666666667, "params": {"beta_enc": 0.3570616088827919, "cue_position": 0.0, "gamma_fc": 0.9857088237131878, "gamma_cf": 0.1065838767888011, "beta_rec": 0.10806532869723684}, "datetime": {"elapsed": 2792.984687, "datetime": "2020-07-13 11:06:17", "delta": 23.807877}}
{"target": 9.258333333333333, "params": {"beta_enc": 0.17716116443841734, "cue_position": 0.0, "gamma_fc": 0.18960594781829654, "gamma_cf": 0.7871162896558341, "beta_rec": 0.5724051124346493}, "datetime": {"elapsed": 2818.364429, "datetime": "2020-07-13 11:06:42", "delta": 25.379742}}
{"target": 7.354166666666667, "params": {"beta_enc": 0.5279039784081266, "cue_position": 0.0, "gamma_fc": 0.2166172083287794, "gamma_cf": 0.5510871741869717, "beta_rec": 0.7400775431590716}, "datetime": {"elapsed": 2840.209129, "datetime": "2020-07-13 11:07:04", "delta": 21.8447}}
{"target": 6.995833333333334, "params": {"beta_enc": 0.7591960493171447, "cue_position": 0.0, "gamma_fc": 0.019775099516344263, "gamma_cf": 0.8619665576670734, "beta_rec": 0.7229151935562137}, "datetime": {"elapsed": 2861.379951, "datetime": "2020-07-13 11:07:25", "delta": 21.170822}}
{"target": 6.320833333333334, "params": {"beta_enc": 0.8602369974231152, "cue_position": 0.0, "gamma_fc": 0.7169290016924699, "gamma_cf": 0.7587469310223366, "beta_rec": 0.5589038111609383}, "datetime": {"elapsed": 2881.315146, "datetime": "2020-07-13 11:07:45", "delta": 19.935195}}
{"target": 5.329166666666667, "params": {"beta_enc": 0.9873261748084265, "cue_position": 0.0, "gamma_fc": 0.8578971045378938, "gamma_cf": 0.9339026083148878, "beta_rec": 0.2780850486129828}, "datetime": {"elapsed": 2899.439991, "datetime": "2020-07-13 11:08:03", "delta": 18.124845}}
{"target": 6.2, "params": {"beta_enc": 0.7288508775192559, "cue_position": 0.0, "gamma_fc": 0.3748759435368594, "gamma_cf": 0.7805295568767427, "beta_rec": 0.5166887829215384}, "datetime": {"elapsed": 2919.129655, "datetime": "2020-07-13 11:08:23", "delta": 19.689664}}
{"target": 7.225, "params": {"beta_enc": 0.7703225253299576, "cue_position": 0.0, "gamma_fc": 0.6973080192643409, "gamma_cf": 0.4018659239678374, "beta_rec": 0.7506243191751754}, "datetime": {"elapsed": 2940.739217, "datetime": "2020-07-13 11:08:45", "delta": 21.609562}}
{"target": 6.445833333333334, "params": {"beta_enc": 0.0031128578251921057, "cue_position": 0.0, "gamma_fc": 0.12076718430922972, "gamma_cf": 0.23931570743750463, "beta_rec": 0.7748966467245978}, "datetime": {"elapsed": 2960.916091, "datetime": "2020-07-13 11:09:05", "delta": 20.176874}}
{"target": 7.8125, "params": {"beta_enc": 0.2202839877937276, "cue_position": 0.0, "gamma_fc": 0.2867116496064306, "gamma_cf": 0.5431664302380945, "beta_rec": 0.3020967312900983}, "datetime": {"elapsed": 2983.624632, "datetime": "2020-07-13 11:09:28", "delta": 22.708541}}
{"target": 7.541666666666667, "params": {"beta_enc": 0.13835468979294652, "cue_position": 0.0, "gamma_fc": 0.45736018169099846, "gamma_cf": 0.3241385298974466, "beta_rec": 0.29014446310454167}, "datetime": {"elapsed": 3005.833936, "datetime": "2020-07-13 11:09:50", "delta": 22.209304}}
{"target": 8.016666666666667, "params": {"beta_enc": 0.44411710701661444, "cue_position": 0.0, "gamma_fc": 0.6749716048091052, "gamma_cf": 0.3456988211755023, "beta_rec": 0.8281353607315121}, "datetime": {"elapsed": 3028.904929, "datetime": "2020-07-13 11:10:13", "delta": 23.070993}}
{"target": 7.620833333333334, "params": {"beta_enc": 0.22148205573352875, "cue_position": 0.0, "gamma_fc": 0.8773604746948126, "gamma_cf": 0.6268556021628346, "beta_rec": 0.4672458239265538}, "datetime": {"elapsed": 3051.291419, "datetime": "2020-07-13 11:10:35", "delta": 22.38649}}
{"target": 8.1, "params": {"beta_enc": 0.4476890001456285, "cue_position": 0.0, "gamma_fc": 0.13184097502750214, "gamma_cf": 0.6562293317171314, "beta_rec": 0.7844574187919231}, "datetime": {"elapsed": 3074.524177, "datetime": "2020-07-13 11:10:58", "delta": 23.232758}}
{"target": 9.2, "params": {"beta_enc": 0.43298150696764814, "cue_position": 0.0, "gamma_fc": 0.5047006080958943, "gamma_cf": 0.7667745872371021, "beta_rec": 0.9093119886549367}, "datetime": {"elapsed": 3099.848205, "datetime": "2020-07-13 11:11:24", "delta": 25.324028}}
{"target": 8.291666666666666, "params": {"beta_enc": 0.49805562482800747, "cue_position": 0.0, "gamma_fc": 0.9427625754329493, "gamma_cf": 0.5732722715496846, "beta_rec": 0.8428998401928499}, "datetime": {"elapsed": 3123.486494, "datetime": "2020-07-13 11:11:47", "delta": 23.638289}}
{"target": 7.079166666666667, "params": {"beta_enc": 0.5178600481723219, "cue_position": 0.0, "gamma_fc": 0.700726036482538, "gamma_cf": 0.25163914235585283, "beta_rec": 0.1944658095278845}, "datetime": {"elapsed": 3144.912301, "datetime": "2020-07-13 11:12:09", "delta": 21.425807}}
{"target": 8.433333333333334, "params": {"beta_enc": 0.5402609403968999, "cue_position": 0.0, "gamma_fc": 0.007932876194523097, "gamma_cf": 0.8379779620477293, "beta_rec": 0.9488362882802196}, "datetime": {"elapsed": 3168.839016, "datetime": "2020-07-13 11:12:33", "delta": 23.926715}}
{"target": 5.095833333333333, "params": {"beta_enc": 0.989340056166638, "cue_position": 0.0, "gamma_fc": 0.008939102371245067, "gamma_cf": 0.9461523954567653, "beta_rec": 0.07771457033238649}, "datetime": {"elapsed": 3186.5128, "datetime": "2020-07-13 11:12:50", "delta": 17.673784}}
{"target": 7.145833333333333, "params": {"beta_enc": 0.8227300054219355, "cue_position": 0.0, "gamma_fc": 0.8026895196332986, "gamma_cf": 0.2557451938059312, "beta_rec": 0.8612116383667944}, "datetime": {"elapsed": 3208.021616, "datetime": "2020-07-13 11:13:12", "delta": 21.508816}}
{"target": 4.7375, "params": {"beta_enc": 0.47786200443222115, "cue_position": 0.0, "gamma_fc": 0.49154515001693533, "gamma_cf": 0.8959699670066484, "beta_rec": 0.13433860865569613}, "datetime": {"elapsed": 3225.046024, "datetime": "2020-07-13 11:13:29", "delta": 17.024408}}
{"target": 6.475, "params": {"beta_enc": 0.8567024965177922, "cue_position": 0.0, "gamma_fc": 0.5057420174508104, "gamma_cf": 0.39799063940792245, "beta_rec": 0.41857802576409864}, "datetime": {"elapsed": 3245.274591, "datetime": "2020-07-13 11:13:49", "delta": 20.228567}}
{"target": 6.945833333333334, "params": {"beta_enc": 0.1895517028339273, "cue_position": 0.0, "gamma_fc": 0.1443154002290481, "gamma_cf": 0.10345955611640134, "beta_rec": 0.9649889241109139}, "datetime": {"elapsed": 3266.377027, "datetime": "2020-07-13 11:14:10", "delta": 21.102436}}
{"target": 8.520833333333334, "params": {"beta_enc": 0.014092294192442956, "cue_position": 0.0, "gamma_fc": 0.5070799232841364, "gamma_cf": 0.7945783511847522, "beta_rec": 0.7159456994623945}, "datetime": {"elapsed": 3290.371402, "datetime": "2020-07-13 11:14:34", "delta": 23.994375}}
{"target": 6.875, "params": {"beta_enc": 0.7918210395041538, "cue_position": 0.0, "gamma_fc": 0.6477706331874812, "gamma_cf": 0.4064828689770863, "beta_rec": 0.6957642142718394}, "datetime": {"elapsed": 3311.364748, "datetime": "2020-07-13 11:14:55", "delta": 20.993346}}
{"target": 7.6, "params": {"beta_enc": 0.1797942976929744, "cue_position": 0.0, "gamma_fc": 0.2414187479655988, "gamma_cf": 0.4086372250132624, "beta_rec": 0.321819963387904}, "datetime": {"elapsed": 3333.7074, "datetime": "2020-07-13 11:15:18", "delta": 22.342652}}
