{"target": 9.233333333333333, "params": {"beta_rec": 0.8284681480854713, "gamma_cf": 0.8248585623852319, "cue_position": 4.0, "gamma_fc": 0.28184508814324294, "beta_enc": 0.5203136358633165}, "datetime": {"delta": 10.579492, "datetime": "2020-06-20 02:49:40", "elapsed": 3108.848473}}
{"target": 9.554166666666667, "params": {"beta_rec": 0.969870570344714, "gamma_cf": 0.25979169330441454, "cue_position": 4.0, "gamma_fc": 0.5812353422911717, "beta_enc": 0.17849483297748825}, "datetime": {"delta": 10.679228, "datetime": "2020-06-20 02:49:51", "elapsed": 3119.527701}}
{"target": 5.858333333333333, "params": {"beta_rec": 0.0807539078120788, "gamma_cf": 0.6191348314199072, "cue_position": 4.0, "gamma_fc": 0.22449347883595772, "beta_enc": 0.9552622535381868}, "datetime": {"delta": 7.894725, "datetime": "2020-06-20 02:49:59", "elapsed": 3127.422426}}
{"target": 6.170833333333333, "params": {"beta_rec": 0.5681525429491051, "gamma_cf": 0.10781390079459241, "cue_position": 4.0, "gamma_fc": 0.08428305143655679, "beta_enc": 0.7651839567335081}, "datetime": {"delta": 8.124277, "datetime": "2020-06-20 02:50:07", "elapsed": 3135.546703}}
{"target": 8.65, "params": {"beta_rec": 0.4097312611340205, "gamma_cf": 0.3710639450161891, "cue_position": 4.0, "gamma_fc": 0.6721444096568486, "beta_enc": 0.6251210683054896}, "datetime": {"delta": 9.987131, "datetime": "2020-06-20 02:50:17", "elapsed": 3145.533834}}
{"target": 10.095833333333333, "params": {"beta_rec": 0.8957291085287041, "gamma_cf": 0.9615725424345338, "cue_position": 4.0, "gamma_fc": 0.7300825577402602, "beta_enc": 0.1895874001915857}, "datetime": {"delta": 11.045936, "datetime": "2020-06-20 02:50:28", "elapsed": 3156.57977}}
{"target": 9.495833333333334, "params": {"beta_rec": 0.7437491963512196, "gamma_cf": 0.3144172223907462, "cue_position": 4.0, "gamma_fc": 0.605896361217858, "beta_enc": 0.4062884276883151}, "datetime": {"delta": 10.648286, "datetime": "2020-06-20 02:50:39", "elapsed": 3167.228056}}
{"target": 8.8, "params": {"beta_rec": 0.8786609763158111, "gamma_cf": 0.7661883652028217, "cue_position": 4.0, "gamma_fc": 0.9410132668189013, "beta_enc": 0.5948471334079176}, "datetime": {"delta": 10.054029, "datetime": "2020-06-20 02:50:49", "elapsed": 3177.282085}}
{"target": 10.054166666666667, "params": {"beta_rec": 0.47608911800210485, "gamma_cf": 0.8433232139195225, "cue_position": 4.0, "gamma_fc": 0.18373941187600173, "beta_enc": 0.001032932657734631}, "datetime": {"delta": 10.981865, "datetime": "2020-06-20 02:51:00", "elapsed": 3188.26395}}
{"target": 5.775, "params": {"beta_rec": 0.36436547985702794, "gamma_cf": 0.02771174012236499, "cue_position": 4.0, "gamma_fc": 0.08539013912317062, "beta_enc": 0.8561592379873718}, "datetime": {"delta": 7.73452, "datetime": "2020-06-20 02:51:07", "elapsed": 3195.99847}}
{"target": 7.720833333333333, "params": {"beta_rec": 0.6095019257734966, "gamma_cf": 0.16921418469369054, "cue_position": 4.0, "gamma_fc": 0.64990115308969, "beta_enc": 0.9814104657541125}, "datetime": {"delta": 9.199701, "datetime": "2020-06-20 02:51:17", "elapsed": 3205.198171}}
{"target": 10.141666666666667, "params": {"beta_rec": 0.31161391346070466, "gamma_cf": 0.6074418935145536, "cue_position": 4.0, "gamma_fc": 0.6508312566756971, "beta_enc": 0.03697506835935782}, "datetime": {"delta": 10.983188, "datetime": "2020-06-20 02:51:28", "elapsed": 3216.181359}}
{"target": 8.3, "params": {"beta_rec": 0.9275809425975434, "gamma_cf": 0.5781739184085382, "cue_position": 4.0, "gamma_fc": 0.3987155436290084, "beta_enc": 0.8460545992364693}, "datetime": {"delta": 9.641203, "datetime": "2020-06-20 02:51:37", "elapsed": 3225.822562}}
{"target": 6.483333333333333, "params": {"beta_rec": 0.15407917183235742, "gamma_cf": 0.3110130678848415, "cue_position": 4.0, "gamma_fc": 0.548489089666104, "beta_enc": 0.966612492642142}, "datetime": {"delta": 8.261948, "datetime": "2020-06-20 02:51:46", "elapsed": 3234.08451}}
{"target": 7.758333333333334, "params": {"beta_rec": 0.23646965132615538, "gamma_cf": 0.508482013429616, "cue_position": 4.0, "gamma_fc": 0.7918638755846716, "beta_enc": 0.6820662584328149}, "datetime": {"delta": 9.207863, "datetime": "2020-06-20 02:51:55", "elapsed": 3243.292373}}
{"target": 7.941666666666666, "params": {"beta_rec": 0.11897333717301484, "gamma_cf": 0.47973756704915504, "cue_position": 4.0, "gamma_fc": 0.9466766792396476, "beta_enc": 0.6924144621670756}, "datetime": {"delta": 9.372545, "datetime": "2020-06-20 02:52:04", "elapsed": 3252.664918}}
{"target": 8.3125, "params": {"beta_rec": 0.08480182166035288, "gamma_cf": 0.8542379729163827, "cue_position": 4.0, "gamma_fc": 0.7059273667647191, "beta_enc": 0.5534337062482657}, "datetime": {"delta": 9.666961, "datetime": "2020-06-20 02:52:14", "elapsed": 3262.331879}}
{"target": 6.575, "params": {"beta_rec": 0.32914600179429976, "gamma_cf": 0.6503981324841198, "cue_position": 4.0, "gamma_fc": 0.5942908535866644, "beta_enc": 0.8949395201529242}, "datetime": {"delta": 8.335037, "datetime": "2020-06-20 02:52:22", "elapsed": 3270.666916}}
{"target": 10.158333333333333, "params": {"beta_rec": 0.4268213494482356, "gamma_cf": 0.8456149622311454, "cue_position": 4.0, "gamma_fc": 0.9866774449680826, "beta_enc": 0.2314629355342478}, "datetime": {"delta": 10.994837, "datetime": "2020-06-20 02:52:33", "elapsed": 3281.661753}}
{"target": 9.625, "params": {"beta_rec": 0.7139280322669613, "gamma_cf": 0.6254353783114329, "cue_position": 4.0, "gamma_fc": 0.258129649281871, "beta_enc": 0.06657080313237929}, "datetime": {"delta": 10.624962, "datetime": "2020-06-20 02:52:44", "elapsed": 3292.286715}}
{"target": 7.866666666666666, "params": {"beta_rec": 0.37114718446272954, "gamma_cf": 0.9117631736977988, "cue_position": 4.0, "gamma_fc": 0.9424988742262075, "beta_enc": 0.6510076093084951}, "datetime": {"delta": 9.33577, "datetime": "2020-06-20 02:52:53", "elapsed": 3301.622485}}
{"target": 8.116666666666667, "params": {"beta_rec": 0.21446778083069262, "gamma_cf": 0.7504535467233241, "cue_position": 4.0, "gamma_fc": 0.7510898073228061, "beta_enc": 0.6135500265601355}, "datetime": {"delta": 9.491941, "datetime": "2020-06-20 02:53:03", "elapsed": 3311.114426}}
{"target": 10.25, "params": {"beta_rec": 0.8301565261622993, "gamma_cf": 0.6316207452501602, "cue_position": 4.0, "gamma_fc": 0.7107395698995863, "beta_enc": 0.2117213348484862}, "datetime": {"delta": 11.082518, "datetime": "2020-06-20 02:53:14", "elapsed": 3322.196944}}
{"target": 7.433333333333334, "params": {"beta_rec": 0.39026470459958096, "gamma_cf": 0.9029359021217099, "cue_position": 4.0, "gamma_fc": 0.5874200192375769, "beta_enc": 0.7423834297071017}, "datetime": {"delta": 8.971026, "datetime": "2020-06-20 02:53:23", "elapsed": 3331.16797}}
{"target": 9.120833333333334, "params": {"beta_rec": 0.12897598414227607, "gamma_cf": 0.17272746332288003, "cue_position": 4.0, "gamma_fc": 0.12643089028968502, "beta_enc": 0.09040971569479861}, "datetime": {"delta": 10.255174, "datetime": "2020-06-20 02:53:33", "elapsed": 3341.423144}}
{"target": 6.304166666666666, "params": {"beta_rec": 0.039411512184444275, "gamma_cf": 0.8790664013584655, "cue_position": 4.0, "gamma_fc": 0.9735188608362936, "beta_enc": 0.7783008900676276}, "datetime": {"delta": 8.151066, "datetime": "2020-06-20 02:53:41", "elapsed": 3349.57421}}
{"target": 9.308333333333334, "params": {"beta_rec": 0.9762382645603884, "gamma_cf": 0.9485727683760076, "cue_position": 4.0, "gamma_fc": 0.31129608245616713, "beta_enc": 0.6054220077270481}, "datetime": {"delta": 10.387475, "datetime": "2020-06-20 02:53:51", "elapsed": 3359.961685}}
{"target": 7.629166666666666, "params": {"beta_rec": 0.8106291034469015, "gamma_cf": 0.45855081090250105, "cue_position": 4.0, "gamma_fc": 0.9306443921654484, "beta_enc": 0.798972840361593}, "datetime": {"delta": 9.114915, "datetime": "2020-06-20 02:54:01", "elapsed": 3369.0766}}
{"target": 9.425, "params": {"beta_rec": 0.9344454925295846, "gamma_cf": 0.9854449149448306, "cue_position": 4.0, "gamma_fc": 0.03264386596259239, "beta_enc": 0.2578929844270399}, "datetime": {"delta": 10.456275, "datetime": "2020-06-20 02:54:11", "elapsed": 3379.532875}}
{"target": 7.966666666666667, "params": {"beta_rec": 0.5655542353803811, "gamma_cf": 0.259218125650737, "cue_position": 4.0, "gamma_fc": 0.3268306848663751, "beta_enc": 0.7251666588327084}, "datetime": {"delta": 9.375286, "datetime": "2020-06-20 02:54:20", "elapsed": 3388.908161}}
{"target": 9.633333333333333, "params": {"beta_rec": 0.21926791032506077, "gamma_cf": 0.5023950058982584, "cue_position": 4.0, "gamma_fc": 0.08318988869699773, "beta_enc": 0.24946220670138775}, "datetime": {"delta": 10.615372, "datetime": "2020-06-20 02:54:31", "elapsed": 3399.523533}}
{"target": 7.829166666666667, "params": {"beta_rec": 0.5336490760837309, "gamma_cf": 0.5153936931431213, "cue_position": 4.0, "gamma_fc": 0.39994592398513173, "beta_enc": 0.7769841920273803}, "datetime": {"delta": 9.23751, "datetime": "2020-06-20 02:54:40", "elapsed": 3408.761043}}
{"target": 2.925, "params": {"beta_rec": 0.02824262016291268, "gamma_cf": 0.930854967759968, "cue_position": 4.0, "gamma_fc": 0.39091871150145807, "beta_enc": 0.986246782436295}, "datetime": {"delta": 5.572144, "datetime": "2020-06-20 02:54:46", "elapsed": 3414.333187}}
{"target": 10.183333333333334, "params": {"beta_rec": 0.619213297933239, "gamma_cf": 0.8032081943280084, "cue_position": 4.0, "gamma_fc": 0.2539338558777352, "beta_enc": 0.2144648711333198}, "datetime": {"delta": 10.987266, "datetime": "2020-06-20 02:54:57", "elapsed": 3425.320453}}
{"target": 10.170833333333333, "params": {"beta_rec": 0.915915790009957, "gamma_cf": 0.5353808917305217, "cue_position": 4.0, "gamma_fc": 0.8628389805786156, "beta_enc": 0.2908061550326779}, "datetime": {"delta": 10.942351, "datetime": "2020-06-20 02:55:08", "elapsed": 3436.262804}}
{"target": 7.475, "params": {"beta_rec": 0.9978842782249023, "gamma_cf": 0.29481201179849537, "cue_position": 4.0, "gamma_fc": 0.04157423394916726, "beta_enc": 0.3525325688050618}, "datetime": {"delta": 8.962294, "datetime": "2020-06-20 02:55:17", "elapsed": 3445.225098}}
{"target": 5.691666666666666, "params": {"beta_rec": 0.4648876309118224, "gamma_cf": 0.6408076240458747, "cue_position": 4.0, "gamma_fc": 0.7230933996660097, "beta_enc": 0.9897069537867418}, "datetime": {"delta": 7.632912, "datetime": "2020-06-20 02:55:24", "elapsed": 3452.85801}}
{"target": 10.479166666666666, "params": {"beta_rec": 0.9200454054097137, "gamma_cf": 0.5519950271541971, "cue_position": 4.0, "gamma_fc": 0.963915888684551, "beta_enc": 0.05111090382611627}, "datetime": {"delta": 11.215585, "datetime": "2020-06-20 02:55:36", "elapsed": 3464.073595}}
{"target": 9.883333333333333, "params": {"beta_rec": 0.6021466271365452, "gamma_cf": 0.6280232317552282, "cue_position": 4.0, "gamma_fc": 0.3006322885237481, "beta_enc": 0.28095553699036746}, "datetime": {"delta": 10.740558, "datetime": "2020-06-20 02:55:46", "elapsed": 3474.814153}}
{"target": 6.6875, "params": {"beta_rec": 0.06978597850420853, "gamma_cf": 0.049396384633314305, "cue_position": 4.0, "gamma_fc": 0.15045502836766345, "beta_enc": 0.8193583846560202}, "datetime": {"delta": 8.370804, "datetime": "2020-06-20 02:55:55", "elapsed": 3483.184957}}
{"target": 9.579166666666667, "params": {"beta_rec": 0.9553899892571747, "gamma_cf": 0.6475529858164272, "cue_position": 4.0, "gamma_fc": 0.5276215084563493, "beta_enc": 0.39535047379469035}, "datetime": {"delta": 10.526798, "datetime": "2020-06-20 02:56:05", "elapsed": 3493.711755}}
{"target": 8.75, "params": {"beta_rec": 0.19819922932019185, "gamma_cf": 0.043821509727146934, "cue_position": 4.0, "gamma_fc": 0.7131639731598145, "beta_enc": 0.353242405983059}, "datetime": {"delta": 9.923344, "datetime": "2020-06-20 02:56:15", "elapsed": 3503.635099}}
{"target": 8.7125, "params": {"beta_rec": 0.4437697927247224, "gamma_cf": 0.10997597244532042, "cue_position": 4.0, "gamma_fc": 0.9387191733689311, "beta_enc": 0.6538401991962549}, "datetime": {"delta": 9.880703, "datetime": "2020-06-20 02:56:25", "elapsed": 3513.515802}}
{"target": 7.804166666666666, "params": {"beta_rec": 0.6590356596658833, "gamma_cf": 0.41656672901474745, "cue_position": 4.0, "gamma_fc": 0.48215392215746744, "beta_enc": 0.8476267092393875}, "datetime": {"delta": 9.236213, "datetime": "2020-06-20 02:56:34", "elapsed": 3522.752015}}
{"target": 7.270833333333333, "params": {"beta_rec": 0.8635929549181026, "gamma_cf": 0.554518498278167, "cue_position": 4.0, "gamma_fc": 0.8754038622793218, "beta_enc": 0.9352837700068006}, "datetime": {"delta": 8.828075, "datetime": "2020-06-20 02:56:43", "elapsed": 3531.58009}}
{"target": 7.5875, "params": {"beta_rec": 0.639184755868246, "gamma_cf": 0.35162490636044264, "cue_position": 4.0, "gamma_fc": 0.91802831908618, "beta_enc": 0.9492644337722901}, "datetime": {"delta": 9.068558, "datetime": "2020-06-20 02:56:52", "elapsed": 3540.648648}}
{"target": 6.245833333333334, "params": {"beta_rec": 0.5520558812247628, "gamma_cf": 0.8498718814403323, "cue_position": 4.0, "gamma_fc": 0.8084113566061418, "beta_enc": 0.8367520498538312}, "datetime": {"delta": 8.077417, "datetime": "2020-06-20 02:57:00", "elapsed": 3548.726065}}
{"target": 10.108333333333333, "params": {"beta_rec": 0.5360025748218121, "gamma_cf": 0.7708318305538303, "cue_position": 4.0, "gamma_fc": 0.4207131990251918, "beta_enc": 0.13069282439738805}, "datetime": {"delta": 10.944652, "datetime": "2020-06-20 02:57:11", "elapsed": 3559.670717}}
{"target": 3.375, "params": {"beta_rec": 0.25077315667300226, "gamma_cf": 0.954200507429589, "cue_position": 4.0, "gamma_fc": 0.8087153481852897, "beta_enc": 0.9778803933599658}, "datetime": {"delta": 5.915927, "datetime": "2020-06-20 02:57:17", "elapsed": 3565.586644}}
{"target": 6.529166666666667, "params": {"beta_rec": 0.011589589409895185, "gamma_cf": 0.2355219566098693, "cue_position": 4.0, "gamma_fc": 0.2959350518874113, "beta_enc": 0.9003400045106619}, "datetime": {"delta": 8.276364, "datetime": "2020-06-20 02:57:25", "elapsed": 3573.863008}}
{"target": 7.95, "params": {"beta_rec": 0.7240848448640741, "gamma_cf": 0.3652744612070937, "cue_position": 4.0, "gamma_fc": 0.5846916130045258, "beta_enc": 0.7379954964038409}, "datetime": {"delta": 9.328765, "datetime": "2020-06-20 02:57:35", "elapsed": 3583.191773}}
{"target": 9.1625, "params": {"beta_rec": 0.550579559007862, "gamma_cf": 0.39564827226754884, "cue_position": 4.0, "gamma_fc": 0.7717184824154584, "beta_enc": 0.5337077546342763}, "datetime": {"delta": 10.218498, "datetime": "2020-06-20 02:57:45", "elapsed": 3593.410271}}
{"target": 8.725, "params": {"beta_rec": 0.655760767903366, "gamma_cf": 0.0035547604644260433, "cue_position": 4.0, "gamma_fc": 0.7233610443943062, "beta_enc": 0.2512031833493866}, "datetime": {"delta": 9.884996, "datetime": "2020-06-20 02:57:55", "elapsed": 3603.295267}}
{"target": 10.191666666666666, "params": {"beta_rec": 0.5437874916638252, "gamma_cf": 0.24294712577080113, "cue_position": 4.0, "gamma_fc": 0.9138438752466082, "beta_enc": 0.10899503392964371}, "datetime": {"delta": 10.986829, "datetime": "2020-06-20 02:58:06", "elapsed": 3614.282096}}
{"target": 7.845833333333333, "params": {"beta_rec": 0.23169469139485988, "gamma_cf": 0.10550707999733477, "cue_position": 4.0, "gamma_fc": 0.5552253185313445, "beta_enc": 0.6223125286916178}, "datetime": {"delta": 9.240839, "datetime": "2020-06-20 02:58:15", "elapsed": 3623.522935}}
{"target": 10.3625, "params": {"beta_rec": 0.5809840726750195, "gamma_cf": 0.6494668079547463, "cue_position": 4.0, "gamma_fc": 0.71582695285818, "beta_enc": 0.0949560698024915}, "datetime": {"delta": 11.110973, "datetime": "2020-06-20 02:58:26", "elapsed": 3634.633908}}
{"target": 9.416666666666666, "params": {"beta_rec": 0.6575214077031101, "gamma_cf": 0.8075122716430321, "cue_position": 4.0, "gamma_fc": 0.6196819920538628, "beta_enc": 0.5241856145686612}, "datetime": {"delta": 10.408887, "datetime": "2020-06-20 02:58:37", "elapsed": 3645.042795}}
{"target": 9.779166666666667, "params": {"beta_rec": 0.40794998904736746, "gamma_cf": 0.7029317321143713, "cue_position": 4.0, "gamma_fc": 0.18493502237340165, "beta_enc": 0.45110246212077487}, "datetime": {"delta": 10.695571, "datetime": "2020-06-20 02:58:47", "elapsed": 3655.738366}}
{"target": 9.054166666666667, "params": {"beta_rec": 0.9088080323000569, "gamma_cf": 0.8455176755307064, "cue_position": 4.0, "gamma_fc": 0.8202024663153499, "beta_enc": 0.5657321466292633}, "datetime": {"delta": 10.149797, "datetime": "2020-06-20 02:58:57", "elapsed": 3665.888163}}
{"target": 8.666666666666666, "params": {"beta_rec": 0.0375838514857032, "gamma_cf": 0.9226386946886712, "cue_position": 4.0, "gamma_fc": 0.04415479603186245, "beta_enc": 0.4993411012978345}, "datetime": {"delta": 9.859933, "datetime": "2020-06-20 02:59:07", "elapsed": 3675.748096}}
{"target": 9.820833333333333, "params": {"beta_rec": 0.6190396347254709, "gamma_cf": 0.9810797572402973, "cue_position": 4.0, "gamma_fc": 0.15597523304342242, "beta_enc": 0.3724987664053595}, "datetime": {"delta": 10.705701, "datetime": "2020-06-20 02:59:18", "elapsed": 3686.453797}}
{"target": 9.175, "params": {"beta_rec": 0.6180113243466446, "gamma_cf": 0.4663089892093414, "cue_position": 4.0, "gamma_fc": 0.49100852913292925, "beta_enc": 0.5396791951612744}, "datetime": {"delta": 10.229175, "datetime": "2020-06-20 02:59:28", "elapsed": 3696.682972}}
{"target": 7.85, "params": {"beta_rec": 0.6342807527738734, "gamma_cf": 0.6669425431939752, "cue_position": 4.0, "gamma_fc": 0.45337742652219837, "beta_enc": 0.766862376326542}, "datetime": {"delta": 9.241897, "datetime": "2020-06-20 02:59:37", "elapsed": 3705.924869}}
{"target": 9.479166666666666, "params": {"beta_rec": 0.6585680415583619, "gamma_cf": 0.7880495511723071, "cue_position": 4.0, "gamma_fc": 0.6028653375383973, "beta_enc": 0.5257115913414097}, "datetime": {"delta": 10.449431, "datetime": "2020-06-20 02:59:48", "elapsed": 3716.3743}}
{"target": 3.8625, "params": {"beta_rec": 0.22238319353117575, "gamma_cf": 0.8956418025994466, "cue_position": 4.0, "gamma_fc": 0.6014334096987881, "beta_enc": 0.9803328851373277}, "datetime": {"delta": 6.28171, "datetime": "2020-06-20 02:59:54", "elapsed": 3722.65601}}
{"target": 8.520833333333334, "params": {"beta_rec": 0.41367016420136027, "gamma_cf": 0.9460550298475632, "cue_position": 4.0, "gamma_fc": 0.20018606573932207, "beta_enc": 0.725958845848815}, "datetime": {"delta": 9.73002, "datetime": "2020-06-20 03:00:04", "elapsed": 3732.38603}}
{"target": 6.579166666666667, "params": {"beta_rec": 0.9695380120998964, "gamma_cf": 0.21520958659442757, "cue_position": 4.0, "gamma_fc": 0.11737692031312974, "beta_enc": 0.8073652638773204}, "datetime": {"delta": 8.312946, "datetime": "2020-06-20 03:00:12", "elapsed": 3740.698976}}
{"target": 7.55, "params": {"beta_rec": 0.08121658594273329, "gamma_cf": 0.38961201587930516, "cue_position": 4.0, "gamma_fc": 0.9052027659330404, "beta_enc": 0.7674235177414532}, "datetime": {"delta": 9.040925, "datetime": "2020-06-20 03:00:21", "elapsed": 3749.739901}}
{"target": 9.858333333333333, "params": {"beta_rec": 0.44087219982229087, "gamma_cf": 0.5952697806732562, "cue_position": 4.0, "gamma_fc": 0.4621580966913571, "beta_enc": 0.18857760349946784}, "datetime": {"delta": 10.739344, "datetime": "2020-06-20 03:00:32", "elapsed": 3760.479245}}
{"target": 7.091666666666667, "params": {"beta_rec": 0.5738855268923474, "gamma_cf": 0.1935589577238105, "cue_position": 4.0, "gamma_fc": 0.11396576145918635, "beta_enc": 0.5126497467571176}, "datetime": {"delta": 8.70311, "datetime": "2020-06-20 03:00:41", "elapsed": 3769.182355}}
{"target": 10.304166666666667, "params": {"beta_rec": 0.0524909638531339, "gamma_cf": 0.8477210140360106, "cue_position": 4.0, "gamma_fc": 0.35911933892411074, "beta_enc": 0.151227927370148}, "datetime": {"delta": 11.075909, "datetime": "2020-06-20 03:00:52", "elapsed": 3780.258264}}
{"target": 10.441666666666666, "params": {"beta_rec": 0.42572441198511624, "gamma_cf": 0.4254034655756376, "cue_position": 4.0, "gamma_fc": 0.81072123360737, "beta_enc": 0.07531087263581782}, "datetime": {"delta": 11.205828, "datetime": "2020-06-20 03:01:03", "elapsed": 3791.464092}}
{"target": 7.216666666666667, "params": {"beta_rec": 0.8699107732683544, "gamma_cf": 0.4702989247821753, "cue_position": 4.0, "gamma_fc": 0.6826980429032513, "beta_enc": 0.9418862461867052}, "datetime": {"delta": 8.799059, "datetime": "2020-06-20 03:01:12", "elapsed": 3800.263151}}
{"target": 10.425, "params": {"beta_rec": 0.9824781185020439, "gamma_cf": 0.9062603959616818, "cue_position": 4.0, "gamma_fc": 0.8071099016661061, "beta_enc": 0.013418310556529534}, "datetime": {"delta": 11.154877, "datetime": "2020-06-20 03:01:23", "elapsed": 3811.418028}}
{"target": 7.5625, "params": {"beta_rec": 0.2689360577850649, "gamma_cf": 0.42880069291408873, "cue_position": 4.0, "gamma_fc": 0.8493711007306549, "beta_enc": 0.8001396843869877}, "datetime": {"delta": 9.057972, "datetime": "2020-06-20 03:01:32", "elapsed": 3820.476}}
{"target": 9.504166666666666, "params": {"beta_rec": 0.9354201140070618, "gamma_cf": 0.6193921656967597, "cue_position": 4.0, "gamma_fc": 0.9806990363557802, "beta_enc": 0.45037964247172024}, "datetime": {"delta": 10.492508, "datetime": "2020-06-20 03:01:42", "elapsed": 3830.968508}}
{"target": 7.858333333333333, "params": {"beta_rec": 0.04549821604060378, "gamma_cf": 0.3347513437136638, "cue_position": 4.0, "gamma_fc": 0.5321815485216747, "beta_enc": 0.6434625222408049}, "datetime": {"delta": 9.297506, "datetime": "2020-06-20 03:01:52", "elapsed": 3840.266014}}
{"target": 9.9875, "params": {"beta_rec": 0.1222612302300028, "gamma_cf": 0.6813597548913063, "cue_position": 4.0, "gamma_fc": 0.8671392999990885, "beta_enc": 0.2847462086131314}, "datetime": {"delta": 10.864537, "datetime": "2020-06-20 03:02:03", "elapsed": 3851.130551}}
