{"target": 5.216888888888889, "params": {"enc_rate": 1.0, "beta_enc": 0.9, "beta_rec": 0.22790028995131695, "gamma_fc": 0.31437661611405043, "k": 3.0, "cue_position": 0.0}, "datetime": {"delta": 18.939918, "elapsed": 1618.204133, "datetime": "2021-03-11 16:42:20"}}
{"target": 5.063111111111111, "params": {"enc_rate": 1.0, "beta_enc": 0.9, "beta_rec": 0.41358641500116133, "gamma_fc": 0.7018765297563104, "k": 3.0, "cue_position": 0.0}, "datetime": {"delta": 18.657679, "elapsed": 1636.861812, "datetime": "2021-03-11 16:42:38"}}
{"target": 5.096666666666666, "params": {"enc_rate": 1.0, "beta_enc": 0.9, "beta_rec": 0.34898759722078887, "gamma_fc": 0.6641025553547935, "k": 3.0, "cue_position": 0.0}, "datetime": {"delta": 18.746364, "elapsed": 1655.608176, "datetime": "2021-03-11 16:42:57"}}
{"target": 4.243111111111111, "params": {"enc_rate": 1.0, "beta_enc": 0.9, "beta_rec": 0.1747201501089225, "gamma_fc": 0.8168351087916219, "k": 3.0, "cue_position": 0.0}, "datetime": {"delta": 17.21172, "elapsed": 1672.819896, "datetime": "2021-03-11 16:43:14"}}
{"target": 7.527111111111111, "params": {"enc_rate": 1.0, "beta_enc": 0.9, "beta_rec": 0.9015625846693213, "gamma_fc": 0.09357709581748075, "k": 3.0, "cue_position": 0.0}, "datetime": {"delta": 23.307017, "elapsed": 1696.126913, "datetime": "2021-03-11 16:43:38"}}
{"target": 4.328666666666667, "params": {"enc_rate": 1.0, "beta_enc": 0.9, "beta_rec": 0.37543483316785775, "gamma_fc": 0.9727875919326552, "k": 3.0, "cue_position": 0.0}, "datetime": {"delta": 17.355684, "elapsed": 1713.482597, "datetime": "2021-03-11 16:43:55"}}
{"target": 7.325333333333333, "params": {"enc_rate": 1.0, "beta_enc": 0.9, "beta_rec": 0.6326158167779973, "gamma_fc": 0.013136356923072245, "k": 3.0, "cue_position": 0.0}, "datetime": {"delta": 22.988672, "elapsed": 1736.471269, "datetime": "2021-03-11 16:44:18"}}
{"target": 7.459333333333333, "params": {"enc_rate": 1.0, "beta_enc": 0.9, "beta_rec": 0.7300912110901043, "gamma_fc": 0.13766274094560316, "k": 3.0, "cue_position": 0.0}, "datetime": {"delta": 23.177656, "elapsed": 1759.648925, "datetime": "2021-03-11 16:44:41"}}
{"target": 5.5840000000000005, "params": {"enc_rate": 1.0, "beta_enc": 0.9, "beta_rec": 0.3199528380776784, "gamma_fc": 0.33870802548167966, "k": 3.0, "cue_position": 0.0}, "datetime": {"delta": 19.690584, "elapsed": 1779.339509, "datetime": "2021-03-11 16:45:01"}}
{"target": 5.796666666666667, "params": {"enc_rate": 1.0, "beta_enc": 0.9, "beta_rec": 0.46385778390029564, "gamma_fc": 0.5045191697009946, "k": 3.0, "cue_position": 0.0}, "datetime": {"delta": 20.115938, "elapsed": 1799.455447, "datetime": "2021-03-11 16:45:21"}}
{"target": 4.202444444444444, "params": {"enc_rate": 1.0, "beta_enc": 0.9, "beta_rec": 0.13033578095435427, "gamma_fc": 0.8099887106624163, "k": 3.0, "cue_position": 0.0}, "datetime": {"delta": 17.032862, "elapsed": 1816.488309, "datetime": "2021-03-11 16:45:38"}}
{"target": 5.686222222222222, "params": {"enc_rate": 1.0, "beta_enc": 0.9, "beta_rec": 0.6868082266569918, "gamma_fc": 0.6443610847569929, "k": 3.0, "cue_position": 0.0}, "datetime": {"delta": 19.829891, "elapsed": 1836.3182, "datetime": "2021-03-11 16:45:58"}}
{"target": 5.75111111111111, "params": {"enc_rate": 1.0, "beta_enc": 0.9, "beta_rec": 0.8593178060976, "gamma_fc": 0.6736984238986317, "k": 3.0, "cue_position": 0.0}, "datetime": {"delta": 19.974193, "elapsed": 1856.292393, "datetime": "2021-03-11 16:46:18"}}
{"target": 4.8406666666666665, "params": {"enc_rate": 1.0, "beta_enc": 0.9, "beta_rec": 0.5605299905360588, "gamma_fc": 0.8558283672539277, "k": 3.0, "cue_position": 0.0}, "datetime": {"delta": 18.248064, "elapsed": 1874.540457, "datetime": "2021-03-11 16:46:36"}}
{"target": 4.586222222222222, "params": {"enc_rate": 1.0, "beta_enc": 0.9, "beta_rec": 0.2896027461868774, "gamma_fc": 0.8076984091122095, "k": 3.0, "cue_position": 0.0}, "datetime": {"delta": 17.807637, "elapsed": 1892.348094, "datetime": "2021-03-11 16:46:54"}}
{"target": 5.348444444444445, "params": {"enc_rate": 1.0, "beta_enc": 0.9, "beta_rec": 0.7672845084217665, "gamma_fc": 0.7444731530777321, "k": 3.0, "cue_position": 0.0}, "datetime": {"delta": 19.212558, "elapsed": 1911.560652, "datetime": "2021-03-11 16:47:13"}}
{"target": 5.220666666666666, "params": {"enc_rate": 1.0, "beta_enc": 0.9, "beta_rec": 0.1989479234270667, "gamma_fc": 0.026627884691621473, "k": 3.0, "cue_position": 0.0}, "datetime": {"delta": 18.902828, "elapsed": 1930.46348, "datetime": "2021-03-11 16:47:32"}}
{"target": 7.394, "params": {"enc_rate": 1.0, "beta_enc": 0.9, "beta_rec": 0.7997765368973863, "gamma_fc": 0.20762566180381437, "k": 3.0, "cue_position": 0.0}, "datetime": {"delta": 22.869047, "elapsed": 1953.332527, "datetime": "2021-03-11 16:47:55"}}
{"target": 6.113777777777777, "params": {"enc_rate": 1.0, "beta_enc": 0.9, "beta_rec": 0.5538846110514143, "gamma_fc": 0.43530595762951996, "k": 3.0, "cue_position": 0.0}, "datetime": {"delta": 20.561535, "elapsed": 1973.894062, "datetime": "2021-03-11 16:48:15"}}
{"target": 6.612444444444444, "params": {"enc_rate": 1.0, "beta_enc": 0.9, "beta_rec": 0.47803130796528337, "gamma_fc": 0.15983365034409336, "k": 3.0, "cue_position": 0.0}, "datetime": {"delta": 21.533866, "elapsed": 1995.427928, "datetime": "2021-03-11 16:48:37"}}
{"target": 6.187777777777778, "params": {"enc_rate": 1.0, "beta_enc": 0.9, "beta_rec": 0.40420190577514725, "gamma_fc": 0.18874506687718595, "k": 3.0, "cue_position": 0.0}, "datetime": {"delta": 20.699162, "elapsed": 2016.12709, "datetime": "2021-03-11 16:48:58"}}
{"target": 4.702, "params": {"enc_rate": 1.0, "beta_enc": 0.9, "beta_rec": 0.21073239208332073, "gamma_fc": 0.6382187106203334, "k": 3.0, "cue_position": 0.0}, "datetime": {"delta": 17.924389, "elapsed": 2034.051479, "datetime": "2021-03-11 16:49:16"}}
{"target": 5.206222222222222, "params": {"enc_rate": 1.0, "beta_enc": 0.9, "beta_rec": 0.7316064712415088, "gamma_fc": 0.7821818168314053, "k": 3.0, "cue_position": 0.0}, "datetime": {"delta": 18.871327, "elapsed": 2052.922806, "datetime": "2021-03-11 16:49:34"}}
{"target": 5.105555555555556, "params": {"enc_rate": 1.0, "beta_enc": 0.9, "beta_rec": 0.1922500168221477, "gamma_fc": 0.08010364380604929, "k": 3.0, "cue_position": 0.0}, "datetime": {"delta": 18.654501, "elapsed": 2071.577307, "datetime": "2021-03-11 16:49:53"}}
{"target": 6.708222222222221, "params": {"enc_rate": 1.0, "beta_enc": 0.9, "beta_rec": 0.5306974384761395, "gamma_fc": 0.20645405888943302, "k": 3.0, "cue_position": 0.0}, "datetime": {"delta": 21.664862, "elapsed": 2093.242169, "datetime": "2021-03-11 16:50:15"}}
{"target": 4.501333333333333, "params": {"enc_rate": 1.0, "beta_enc": 0.9, "beta_rec": 0.2615495518329871, "gamma_fc": 0.7875518396525072, "k": 3.0, "cue_position": 0.0}, "datetime": {"delta": 17.613691, "elapsed": 2110.85586, "datetime": "2021-03-11 16:50:32"}}
{"target": 4.359333333333333, "params": {"enc_rate": 1.0, "beta_enc": 0.9, "beta_rec": 0.17716116443841734, "gamma_fc": 0.7871162896558341, "k": 3.0, "cue_position": 0.0}, "datetime": {"delta": 17.245155, "elapsed": 2128.101015, "datetime": "2021-03-11 16:50:50"}}
{"target": 7.237777777777777, "params": {"enc_rate": 1.0, "beta_enc": 0.9, "beta_rec": 0.7400775431590716, "gamma_fc": 0.2166172083287794, "k": 3.0, "cue_position": 0.0}, "datetime": {"delta": 22.645313, "elapsed": 2150.746328, "datetime": "2021-03-11 16:51:12"}}
{"target": 4.200222222222221, "params": {"enc_rate": 1.0, "beta_enc": 0.9, "beta_rec": 0.17654903427708302, "gamma_fc": 0.8602369974231152, "k": 3.0, "cue_position": 0.0}, "datetime": {"delta": 17.000942, "elapsed": 2167.74727, "datetime": "2021-03-11 16:51:29"}}
{"target": 7.161111111111111, "params": {"enc_rate": 1.0, "beta_enc": 0.9, "beta_rec": 0.7587469310223366, "gamma_fc": 0.2780850486129828, "k": 3.0, "cue_position": 0.0}, "datetime": {"delta": 22.557602, "elapsed": 2190.304872, "datetime": "2021-03-11 16:51:52"}}
{"target": 5.6433333333333335, "params": {"enc_rate": 1.0, "beta_enc": 0.9, "beta_rec": 0.8578971045378938, "gamma_fc": 0.706956245248761, "k": 3.0, "cue_position": 0.0}, "datetime": {"delta": 19.891199, "elapsed": 2210.196071, "datetime": "2021-03-11 16:52:12"}}
{"target": 6.761777777777778, "params": {"enc_rate": 1.0, "beta_enc": 0.9, "beta_rec": 0.7703225253299576, "gamma_fc": 0.4018659239678374, "k": 3.0, "cue_position": 0.0}, "datetime": {"delta": 21.917252, "elapsed": 2232.113323, "datetime": "2021-03-11 16:52:34"}}
{"target": 7.590888888888889, "params": {"enc_rate": 1.0, "beta_enc": 0.9, "beta_rec": 0.7748966467245978, "gamma_fc": 0.12076718430922972, "k": 3.0, "cue_position": 0.0}, "datetime": {"delta": 23.353002, "elapsed": 2255.466325, "datetime": "2021-03-11 16:52:57"}}
{"target": 7.506444444444445, "params": {"enc_rate": 1.0, "beta_enc": 0.9, "beta_rec": 0.8830285085638342, "gamma_fc": 0.13835468979294652, "k": 3.0, "cue_position": 0.0}, "datetime": {"delta": 23.194557, "elapsed": 2278.660882, "datetime": "2021-03-11 16:53:20"}}
{"target": 4.584222222222222, "params": {"enc_rate": 1.0, "beta_enc": 0.9, "beta_rec": 0.3241385298974466, "gamma_fc": 0.8281353607315121, "k": 3.0, "cue_position": 0.0}, "datetime": {"delta": 17.745709, "elapsed": 2296.406591, "datetime": "2021-03-11 16:53:38"}}
{"target": 6.867111111111112, "params": {"enc_rate": 1.0, "beta_enc": 0.9, "beta_rec": 0.6749716048091052, "gamma_fc": 0.31476568732401644, "k": 3.0, "cue_position": 0.0}, "datetime": {"delta": 22.023384, "elapsed": 2318.429975, "datetime": "2021-03-11 16:54:00"}}
{"target": 5.272666666666668, "params": {"enc_rate": 1.0, "beta_enc": 0.9, "beta_rec": 0.4476890001456285, "gamma_fc": 0.6562293317171314, "k": 3.0, "cue_position": 0.0}, "datetime": {"delta": 18.982509, "elapsed": 2337.412484, "datetime": "2021-03-11 16:54:19"}}
{"target": 6.498444444444445, "params": {"enc_rate": 1.0, "beta_enc": 0.9, "beta_rec": 0.9093119886549367, "gamma_fc": 0.5047006080958943, "k": 3.0, "cue_position": 0.0}, "datetime": {"delta": 21.2926, "elapsed": 2358.705084, "datetime": "2021-03-11 16:54:40"}}
{"target": 4.076444444444444, "params": {"enc_rate": 1.0, "beta_enc": 0.9, "beta_rec": 0.06780693434095375, "gamma_fc": 0.5178600481723219, "k": 3.0, "cue_position": 0.0}, "datetime": {"delta": 16.744103, "elapsed": 2375.449187, "datetime": "2021-03-11 16:54:57"}}
{"target": 4.189555555555556, "params": {"enc_rate": 1.0, "beta_enc": 0.9, "beta_rec": 0.25163914235585283, "gamma_fc": 0.9488362882802196, "k": 3.0, "cue_position": 0.0}, "datetime": {"delta": 16.946274, "elapsed": 2392.395461, "datetime": "2021-03-11 16:55:14"}}
{"target": 3.5955555555555554, "params": {"enc_rate": 1.0, "beta_enc": 0.9, "beta_rec": 0.007932876194523097, "gamma_fc": 0.3221295136147696, "k": 3.0, "cue_position": 0.0}, "datetime": {"delta": 15.797053, "elapsed": 2408.192514, "datetime": "2021-03-11 16:55:30"}}
{"target": 7.266222222222223, "params": {"enc_rate": 1.0, "beta_enc": 0.9, "beta_rec": 0.8227300054219355, "gamma_fc": 0.2557451938059312, "k": 3.0, "cue_position": 0.0}, "datetime": {"delta": 22.739816, "elapsed": 2430.93233, "datetime": "2021-03-11 16:55:52"}}
{"target": 4.519333333333334, "params": {"enc_rate": 1.0, "beta_enc": 0.9, "beta_rec": 0.13433860865569613, "gamma_fc": 0.49154515001693533, "k": 3.0, "cue_position": 0.0}, "datetime": {"delta": 17.575615, "elapsed": 2448.507945, "datetime": "2021-03-11 16:56:10"}}
{"target": 7.250444444444445, "params": {"enc_rate": 1.0, "beta_enc": 0.9, "beta_rec": 0.6834649001663011, "gamma_fc": 0.1895517028339273, "k": 3.0, "cue_position": 0.0}, "datetime": {"delta": 22.630413, "elapsed": 2471.138358, "datetime": "2021-03-11 16:56:33"}}
{"target": 4.124444444444444, "params": {"enc_rate": 1.0, "beta_enc": 0.9, "beta_rec": 0.10345955611640134, "gamma_fc": 0.7159456994623945, "k": 3.0, "cue_position": 0.0}, "datetime": {"delta": 16.819857, "elapsed": 2487.958215, "datetime": "2021-03-11 16:56:50"}}
{"target": 5.038222222222222, "params": {"enc_rate": 1.0, "beta_enc": 0.9, "beta_rec": 0.5070799232841364, "gamma_fc": 0.7778484768591754, "k": 3.0, "cue_position": 0.0}, "datetime": {"delta": 18.53928, "elapsed": 2506.497495, "datetime": "2021-03-11 16:57:08"}}
{"target": 4.885555555555556, "params": {"enc_rate": 1.0, "beta_enc": 0.9, "beta_rec": 0.1797942976929744, "gamma_fc": 0.4086372250132624, "k": 3.0, "cue_position": 0.0}, "datetime": {"delta": 18.335736, "elapsed": 2524.833231, "datetime": "2021-03-11 16:57:26"}}
{"target": 5.920666666666667, "params": {"enc_rate": 1.0, "beta_enc": 0.9, "beta_rec": 0.9752223424373121, "gamma_fc": 0.6363061258559836, "k": 3.0, "cue_position": 0.0}, "datetime": {"delta": 20.218374, "elapsed": 2545.051605, "datetime": "2021-03-11 16:57:47"}}
{"target": 6.348222222222222, "params": {"enc_rate": 1.0, "beta_enc": 0.9, "beta_rec": 0.6195867393685738, "gamma_fc": 0.43293850873416306, "k": 3.0, "cue_position": 0.0}, "datetime": {"delta": 21.018075, "elapsed": 2566.06968, "datetime": "2021-03-11 16:58:08"}}
{"target": 6.9464444444444435, "params": {"enc_rate": 1.0, "beta_enc": 0.9, "beta_rec": 0.6973688756131394, "gamma_fc": 0.2952887943998478, "k": 3.0, "cue_position": 0.0}, "datetime": {"delta": 22.113055, "elapsed": 2588.182735, "datetime": "2021-03-11 16:58:30"}}
{"target": 6.1275555555555545, "params": {"enc_rate": 1.0, "beta_enc": 0.9, "beta_rec": 0.8553564125953698, "gamma_fc": 0.585348458938251, "k": 3.0, "cue_position": 0.0}, "datetime": {"delta": 20.616277, "elapsed": 2608.799012, "datetime": "2021-03-11 16:58:50"}}
{"target": 5.73288888888889, "params": {"enc_rate": 1.0, "beta_enc": 0.9, "beta_rec": 0.9218683054838154, "gamma_fc": 0.6824537097668154, "k": 3.0, "cue_position": 0.0}, "datetime": {"delta": 19.970324, "elapsed": 2628.769336, "datetime": "2021-03-11 16:59:10"}}
{"target": 4.893111111111111, "params": {"enc_rate": 1.0, "beta_enc": 0.9, "beta_rec": 0.4167239623706961, "gamma_fc": 0.7797442954825999, "k": 3.0, "cue_position": 0.0}, "datetime": {"delta": 18.327675, "elapsed": 2647.097011, "datetime": "2021-03-11 16:59:29"}}
{"target": 4.344444444444445, "params": {"enc_rate": 1.0, "beta_enc": 0.9, "beta_rec": 0.14459772083809674, "gamma_fc": 0.6884973179489188, "k": 3.0, "cue_position": 0.0}, "datetime": {"delta": 17.27915, "elapsed": 2664.376161, "datetime": "2021-03-11 16:59:46"}}
{"target": 5.186000000000001, "params": {"enc_rate": 1.0, "beta_enc": 0.9, "beta_rec": 0.22729754091594956, "gamma_fc": 0.3553079116201222, "k": 3.0, "cue_position": 0.0}, "datetime": {"delta": 18.924555, "elapsed": 2683.300716, "datetime": "2021-03-11 17:00:05"}}
{"target": 7.354222222222222, "params": {"enc_rate": 1.0, "beta_enc": 0.9, "beta_rec": 0.7073166026816995, "gamma_fc": 0.16994071421725776, "k": 3.0, "cue_position": 0.0}, "datetime": {"delta": 22.994667, "elapsed": 2706.295383, "datetime": "2021-03-11 17:00:28"}}
{"target": 6.727333333333332, "params": {"enc_rate": 1.0, "beta_enc": 0.9, "beta_rec": 0.8753327263545391, "gamma_fc": 0.42893233402990294, "k": 3.0, "cue_position": 0.0}, "datetime": {"delta": 21.835892, "elapsed": 2728.131275, "datetime": "2021-03-11 17:00:50"}}
{"target": 4.714888888888889, "params": {"enc_rate": 1.0, "beta_enc": 0.9, "beta_rec": 0.34244064113481054, "gamma_fc": 0.8003322457764017, "k": 3.0, "cue_position": 0.0}, "datetime": {"delta": 18.076657, "elapsed": 2746.207932, "datetime": "2021-03-11 17:01:08"}}
{"target": 4.102666666666667, "params": {"enc_rate": 1.0, "beta_enc": 0.9, "beta_rec": 0.14546561026621996, "gamma_fc": 0.8596509535692011, "k": 3.0, "cue_position": 0.0}, "datetime": {"delta": 16.814968, "elapsed": 2763.0229, "datetime": "2021-03-11 17:01:25"}}
{"target": 3.971111111111111, "params": {"enc_rate": 1.0, "beta_enc": 0.9, "beta_rec": 0.12475130006917923, "gamma_fc": 0.9482991740726651, "k": 3.0, "cue_position": 0.0}, "datetime": {"delta": 16.539536, "elapsed": 2779.562436, "datetime": "2021-03-11 17:01:41"}}
{"target": 6.490444444444445, "params": {"enc_rate": 1.0, "beta_enc": 0.9, "beta_rec": 0.639126848719905, "gamma_fc": 0.42803746946827015, "k": 3.0, "cue_position": 0.0}, "datetime": {"delta": 21.241082, "elapsed": 2800.803518, "datetime": "2021-03-11 17:02:02"}}
{"target": 7.693555555555555, "params": {"enc_rate": 1.0, "beta_enc": 0.9, "beta_rec": 0.7511210403719374, "gamma_fc": 0.06473998344154885, "k": 3.0, "cue_position": 0.0}, "datetime": {"delta": 23.42036, "elapsed": 2824.223878, "datetime": "2021-03-11 17:02:26"}}
{"target": 4.620222222222223, "params": {"enc_rate": 1.0, "beta_enc": 0.9, "beta_rec": 0.19949554613856135, "gamma_fc": 0.6236704109977018, "k": 3.0, "cue_position": 0.0}, "datetime": {"delta": 17.864068, "elapsed": 2842.087946, "datetime": "2021-03-11 17:02:44"}}
{"target": 4.0937777777777775, "params": {"enc_rate": 1.0, "beta_enc": 0.9, "beta_rec": 0.06103668111967109, "gamma_fc": 0.3785805932506022, "k": 3.0, "cue_position": 0.0}, "datetime": {"delta": 16.784116, "elapsed": 2858.872062, "datetime": "2021-03-11 17:03:00"}}
{"target": 5.3071111111111104, "params": {"enc_rate": 1.0, "beta_enc": 0.9, "beta_rec": 0.34037929076546725, "gamma_fc": 0.5256694443509794, "k": 3.0, "cue_position": 0.0}, "datetime": {"delta": 19.088494, "elapsed": 2877.960556, "datetime": "2021-03-11 17:03:20"}}
{"target": 5.6835555555555555, "params": {"enc_rate": 1.0, "beta_enc": 0.9, "beta_rec": 0.3506565024321674, "gamma_fc": 0.3824674572709176, "k": 3.0, "cue_position": 0.0}, "datetime": {"delta": 19.796681, "elapsed": 2897.757237, "datetime": "2021-03-11 17:03:39"}}
{"target": 4.571777777777777, "params": {"enc_rate": 1.0, "beta_enc": 0.9, "beta_rec": 0.36437807036823044, "gamma_fc": 0.8891310891074828, "k": 3.0, "cue_position": 0.0}, "datetime": {"delta": 17.662413, "elapsed": 2915.41965, "datetime": "2021-03-11 17:03:57"}}
{"target": 6.2284444444444444, "params": {"enc_rate": 1.0, "beta_enc": 0.9, "beta_rec": 0.9110192396569683, "gamma_fc": 0.5564069156709253, "k": 3.0, "cue_position": 0.0}, "datetime": {"delta": 20.83344, "elapsed": 2936.25309, "datetime": "2021-03-11 17:04:18"}}
{"target": 3.9884444444444442, "params": {"enc_rate": 1.0, "beta_enc": 0.9, "beta_rec": 0.05836264614763165, "gamma_fc": 0.5711757391862334, "k": 3.0, "cue_position": 0.0}, "datetime": {"delta": 16.601065, "elapsed": 2952.854155, "datetime": "2021-03-11 17:04:34"}}
{"target": 5.572, "params": {"enc_rate": 1.0, "beta_enc": 0.9, "beta_rec": 0.9809236757505815, "gamma_fc": 0.7084608700517172, "k": 3.0, "cue_position": 0.0}, "datetime": {"delta": 19.608023, "elapsed": 2972.462178, "datetime": "2021-03-11 17:04:54"}}
{"target": 6.743333333333334, "params": {"enc_rate": 1.0, "beta_enc": 0.9, "beta_rec": 0.5285334901775651, "gamma_fc": 0.14222125307278666, "k": 3.0, "cue_position": 0.0}, "datetime": {"delta": 21.775351, "elapsed": 2994.237529, "datetime": "2021-03-11 17:05:16"}}
{"target": 5.997333333333333, "params": {"enc_rate": 1.0, "beta_enc": 0.9, "beta_rec": 0.44887883670676554, "gamma_fc": 0.4090908319168599, "k": 3.0, "cue_position": 0.0}, "datetime": {"delta": 20.324905, "elapsed": 3014.562434, "datetime": "2021-03-11 17:05:36"}}
{"target": 5.6211111111111105, "params": {"enc_rate": 1.0, "beta_enc": 0.9, "beta_rec": 0.4181361337253158, "gamma_fc": 0.5035095098483965, "k": 3.0, "cue_position": 0.0}, "datetime": {"delta": 19.662794, "elapsed": 3034.225228, "datetime": "2021-03-11 17:05:56"}}
{"target": 7.256222222222223, "params": {"enc_rate": 1.0, "beta_enc": 0.9, "beta_rec": 0.673041054216622, "gamma_fc": 0.14360699787420927, "k": 3.0, "cue_position": 0.0}, "datetime": {"delta": 22.714018, "elapsed": 3056.939246, "datetime": "2021-03-11 17:06:18"}}
{"target": 7.155111111111111, "params": {"enc_rate": 1.0, "beta_enc": 0.9, "beta_rec": 0.7969622519799001, "gamma_fc": 0.2902979970618682, "k": 3.0, "cue_position": 0.0}, "datetime": {"delta": 22.504865, "elapsed": 3079.444111, "datetime": "2021-03-11 17:06:41"}}
{"target": 6.314666666666667, "params": {"enc_rate": 1.0, "beta_enc": 0.9, "beta_rec": 0.3986590599223787, "gamma_fc": 0.07091840047038722, "k": 3.0, "cue_position": 0.0}, "datetime": {"delta": 20.941942, "elapsed": 3100.386053, "datetime": "2021-03-11 17:07:02"}}
{"target": 4.527333333333333, "params": {"enc_rate": 1.0, "beta_enc": 0.9, "beta_rec": 0.11379635644740682, "gamma_fc": 0.32102631416731586, "k": 3.0, "cue_position": 0.0}, "datetime": {"delta": 17.623853, "elapsed": 3118.009906, "datetime": "2021-03-11 17:07:20"}}
{"target": 7.796222222222222, "params": {"enc_rate": 1.0, "beta_enc": 0.9, "beta_rec": 0.8344865140180296, "gamma_fc": 0.03972870668308481, "k": 3.0, "cue_position": 0.0}, "datetime": {"delta": 23.644871, "elapsed": 3141.654777, "datetime": "2021-03-11 17:07:43"}}
{"target": 5.296444444444444, "params": {"enc_rate": 1.0, "beta_enc": 0.9, "beta_rec": 0.3491674129570773, "gamma_fc": 0.5396491100933506, "k": 3.0, "cue_position": 0.0}, "datetime": {"delta": 19.153173, "elapsed": 3160.80795, "datetime": "2021-03-11 17:08:02"}}
{"target": 7.092444444444444, "params": {"enc_rate": 1.0, "beta_enc": 0.9, "beta_rec": 0.8770343892703519, "gamma_fc": 0.32836139008759013, "k": 3.0, "cue_position": 0.0}, "datetime": {"delta": 22.449552, "elapsed": 3183.257502, "datetime": "2021-03-11 17:08:25"}}
{"target": 4.8997777777777785, "params": {"enc_rate": 1.0, "beta_enc": 0.9, "beta_rec": 0.6714291710812733, "gamma_fc": 0.8701917462053776, "k": 3.0, "cue_position": 0.0}, "datetime": {"delta": 18.420133, "elapsed": 3201.677635, "datetime": "2021-03-11 17:08:43"}}
{"target": 4.843333333333334, "params": {"enc_rate": 1.0, "beta_enc": 0.9, "beta_rec": 0.5715420927253323, "gamma_fc": 0.8741259355980283, "k": 3.0, "cue_position": 0.0}, "datetime": {"delta": 18.305901, "elapsed": 3219.983536, "datetime": "2021-03-11 17:09:02"}}
{"target": 5.130666666666666, "params": {"enc_rate": 1.0, "beta_enc": 0.9, "beta_rec": 0.2838018349468743, "gamma_fc": 0.5546673107876667, "k": 3.0, "cue_position": 0.0}, "datetime": {"delta": 18.769765, "elapsed": 3238.753301, "datetime": "2021-03-11 17:09:20"}}
