{"target": 9.25, "params": {"gamma_cf": 0.40362693004899786, "beta_rec": 0.8507138852432611, "gamma_fc": 0.185454771412898, "cue_position": 16.0, "beta_enc": 0.5228265942135797}, "datetime": {"delta": 18.337138, "elapsed": 4426.123134, "datetime": "2020-06-14 10:54:37"}}
{"target": 8.125, "params": {"gamma_cf": 0.707153454420517, "beta_rec": 0.6305826012967681, "gamma_fc": 0.9812655793742681, "cue_position": 16.0, "beta_enc": 0.5904460998449924}, "datetime": {"delta": 18.437815, "elapsed": 4444.560949, "datetime": "2020-06-14 10:54:55"}}
{"target": 7.375, "params": {"gamma_cf": 0.39969193261709934, "beta_rec": 0.7518435360370709, "gamma_fc": 0.48430129450437664, "cue_position": 16.0, "beta_enc": 0.9586935094375425}, "datetime": {"delta": 17.961426, "elapsed": 4462.522375, "datetime": "2020-06-14 10:55:13"}}
{"target": 9.5, "params": {"gamma_cf": 0.5579994509951522, "beta_rec": 0.6560429007106495, "gamma_fc": 0.32390660522280224, "cue_position": 16.0, "beta_enc": 0.6139096339989967}, "datetime": {"delta": 19.17122, "elapsed": 4481.693595, "datetime": "2020-06-14 10:55:32"}}
{"target": 7.625, "params": {"gamma_cf": 0.14495761135460417, "beta_rec": 0.08315037020770977, "gamma_fc": 0.384027144559004, "cue_position": 16.0, "beta_enc": 0.6954621803393838}, "datetime": {"delta": 18.386285, "elapsed": 4500.07988, "datetime": "2020-06-14 10:55:51"}}
{"target": 7.75, "params": {"gamma_cf": 0.3081812073543251, "beta_rec": 0.5641821603565014, "gamma_fc": 0.7028208072306438, "cue_position": 16.0, "beta_enc": 0.5234720844449052}, "datetime": {"delta": 18.562098, "elapsed": 4518.641978, "datetime": "2020-06-14 10:56:09"}}
{"target": 10.625, "params": {"gamma_cf": 0.28686843724811084, "beta_rec": 0.14884202502591948, "gamma_fc": 0.6129035857658848, "cue_position": 16.0, "beta_enc": 0.41179260282263896}, "datetime": {"delta": 18.37547, "elapsed": 4537.017448, "datetime": "2020-06-14 10:56:28"}}
{"target": 9.875, "params": {"gamma_cf": 0.2649220150611298, "beta_rec": 0.46684956224605, "gamma_fc": 0.1250739319550508, "cue_position": 16.0, "beta_enc": 0.6077825113131039}, "datetime": {"delta": 18.71209, "elapsed": 4555.729538, "datetime": "2020-06-14 10:56:46"}}
{"target": 8.625, "params": {"gamma_cf": 0.3653435896974171, "beta_rec": 0.7959979935983843, "gamma_fc": 0.5456606233406708, "cue_position": 16.0, "beta_enc": 0.0993334241450361}, "datetime": {"delta": 18.620763, "elapsed": 4574.350301, "datetime": "2020-06-14 10:57:05"}}
{"target": 8.625, "params": {"gamma_cf": 0.6482015607460955, "beta_rec": 0.48581338104765803, "gamma_fc": 0.04704427509193332, "cue_position": 16.0, "beta_enc": 0.5189019040040691}, "datetime": {"delta": 18.706048, "elapsed": 4593.056349, "datetime": "2020-06-14 10:57:24"}}
{"target": 9.0, "params": {"gamma_cf": 0.22552283194418143, "beta_rec": 0.588482343032092, "gamma_fc": 0.9860806626568677, "cue_position": 16.0, "beta_enc": 0.33553499195178527}, "datetime": {"delta": 18.232714, "elapsed": 4611.289063, "datetime": "2020-06-14 10:57:42"}}
{"target": 5.75, "params": {"gamma_cf": 0.8024097195145, "beta_rec": 0.3623606166413964, "gamma_fc": 0.6478969480041211, "cue_position": 16.0, "beta_enc": 0.7510072895832759}, "datetime": {"delta": 18.700586, "elapsed": 4629.989649, "datetime": "2020-06-14 10:58:01"}}
{"target": 6.375, "params": {"gamma_cf": 0.7048998735457744, "beta_rec": 0.8609564775058727, "gamma_fc": 0.7953501523483051, "cue_position": 16.0, "beta_enc": 0.8646238989964501}, "datetime": {"delta": 18.642209, "elapsed": 4648.631858, "datetime": "2020-06-14 10:58:19"}}
{"target": 7.375, "params": {"gamma_cf": 0.716185495640576, "beta_rec": 0.5980958463823478, "gamma_fc": 0.7879625103293519, "cue_position": 16.0, "beta_enc": 0.4968803343796103}, "datetime": {"delta": 19.391057, "elapsed": 4668.022915, "datetime": "2020-06-14 10:58:39"}}
{"target": 7.875, "params": {"gamma_cf": 0.4031751694432608, "beta_rec": 0.7302582306074386, "gamma_fc": 0.4316498659961773, "cue_position": 16.0, "beta_enc": 0.12158943214792717}, "datetime": {"delta": 18.519524, "elapsed": 4686.542439, "datetime": "2020-06-14 10:58:57"}}
{"target": 7.75, "params": {"gamma_cf": 0.31382437876307967, "beta_rec": 0.6841183271831961, "gamma_fc": 0.2558017616555419, "cue_position": 16.0, "beta_enc": 0.9289394455772071}, "datetime": {"delta": 18.892415, "elapsed": 4705.434854, "datetime": "2020-06-14 10:59:16"}}
{"target": 8.875, "params": {"gamma_cf": 0.6128938693207487, "beta_rec": 0.11631856924576633, "gamma_fc": 0.46716541556232216, "cue_position": 16.0, "beta_enc": 0.49514071012197924}, "datetime": {"delta": 18.880706, "elapsed": 4724.31556, "datetime": "2020-06-14 10:59:35"}}
{"target": 9.5, "params": {"gamma_cf": 0.466968084377669, "beta_rec": 0.7447774620033959, "gamma_fc": 0.7910504993981087, "cue_position": 16.0, "beta_enc": 0.622625197475126}, "datetime": {"delta": 18.919651, "elapsed": 4743.235211, "datetime": "2020-06-14 10:59:54"}}
{"target": 7.25, "params": {"gamma_cf": 0.6690460359182617, "beta_rec": 0.9552564403463586, "gamma_fc": 0.7126025256113963, "cue_position": 16.0, "beta_enc": 0.8620644362791711}, "datetime": {"delta": 18.371364, "elapsed": 4761.606575, "datetime": "2020-06-14 11:00:12"}}
{"target": 9.5, "params": {"gamma_cf": 0.25433490003913495, "beta_rec": 0.9675702409269815, "gamma_fc": 0.9757433202171314, "cue_position": 16.0, "beta_enc": 0.9941708005543812}, "datetime": {"delta": 19.016889, "elapsed": 4780.623464, "datetime": "2020-06-14 11:00:31"}}
{"target": 9.125, "params": {"gamma_cf": 0.4238267053294472, "beta_rec": 0.3326476422785626, "gamma_fc": 0.9325343795599403, "cue_position": 16.0, "beta_enc": 0.6063395173352594}, "datetime": {"delta": 18.90391, "elapsed": 4799.527374, "datetime": "2020-06-14 11:00:50"}}
{"target": 8.375, "params": {"gamma_cf": 0.2527115204377871, "beta_rec": 0.45240607169601765, "gamma_fc": 0.7852601137074451, "cue_position": 16.0, "beta_enc": 0.17499795298432352}, "datetime": {"delta": 19.140311, "elapsed": 4818.667685, "datetime": "2020-06-14 11:01:09"}}
{"target": 7.875, "params": {"gamma_cf": 0.2697509435444032, "beta_rec": 0.5688174194594048, "gamma_fc": 0.3293386289907596, "cue_position": 16.0, "beta_enc": 0.3290216560205521}, "datetime": {"delta": 18.777002, "elapsed": 4837.444687, "datetime": "2020-06-14 11:01:28"}}
{"target": 7.75, "params": {"gamma_cf": 0.6000235688990936, "beta_rec": 0.6346755851693101, "gamma_fc": 0.4126741586465952, "cue_position": 16.0, "beta_enc": 0.7048662588552618}, "datetime": {"delta": 19.349379, "elapsed": 4856.794066, "datetime": "2020-06-14 11:01:47"}}
{"target": 7.0, "params": {"gamma_cf": 0.8064242524435332, "beta_rec": 0.21401082428729357, "gamma_fc": 0.6863909803381335, "cue_position": 16.0, "beta_enc": 0.27026573143411836}, "datetime": {"delta": 19.353323, "elapsed": 4876.147389, "datetime": "2020-06-14 11:02:07"}}
{"target": 7.0, "params": {"gamma_cf": 0.26913621534897203, "beta_rec": 0.43582631935806604, "gamma_fc": 0.12364770516718615, "cue_position": 16.0, "beta_enc": 0.6434079235705057}, "datetime": {"delta": 19.141961, "elapsed": 4895.28935, "datetime": "2020-06-14 11:02:26"}}
{"target": 8.875, "params": {"gamma_cf": 0.5462534747152156, "beta_rec": 0.6569103114053995, "gamma_fc": 0.9277938191829093, "cue_position": 16.0, "beta_enc": 0.7803967928326648}, "datetime": {"delta": 18.892126, "elapsed": 4914.181476, "datetime": "2020-06-14 11:02:45"}}
{"target": 6.875, "params": {"gamma_cf": 0.6991351134584766, "beta_rec": 0.010608102345807224, "gamma_fc": 0.8058259502327226, "cue_position": 16.0, "beta_enc": 0.8868953200576977}, "datetime": {"delta": 19.184924, "elapsed": 4933.3664, "datetime": "2020-06-14 11:03:04"}}
{"target": 8.0, "params": {"gamma_cf": 0.598230792718048, "beta_rec": 0.09953581738782014, "gamma_fc": 0.12793097752918325, "cue_position": 16.0, "beta_enc": 0.779058677524969}, "datetime": {"delta": 19.109874, "elapsed": 4952.476274, "datetime": "2020-06-14 11:03:23"}}
{"target": 9.75, "params": {"gamma_cf": 0.8451478611584211, "beta_rec": 0.6940902315334068, "gamma_fc": 0.556225695975005, "cue_position": 16.0, "beta_enc": 0.48735449927717567}, "datetime": {"delta": 19.750351, "elapsed": 4972.226625, "datetime": "2020-06-14 11:03:43"}}
{"target": 9.875, "params": {"gamma_cf": 0.18210676013682348, "beta_rec": 0.11610665080972637, "gamma_fc": 0.3579172638439798, "cue_position": 16.0, "beta_enc": 0.5443459866943008}, "datetime": {"delta": 19.204595, "elapsed": 4991.43122, "datetime": "2020-06-14 11:04:02"}}
{"target": 3.25, "params": {"gamma_cf": 0.9472151020338708, "beta_rec": 0.4918997413783355, "gamma_fc": 0.24082872962810042, "cue_position": 16.0, "beta_enc": 0.9876801820858043}, "datetime": {"delta": 19.142543, "elapsed": 5010.573763, "datetime": "2020-06-14 11:04:21"}}
{"target": 7.75, "params": {"gamma_cf": 0.9196781448593982, "beta_rec": 0.8235330370081099, "gamma_fc": 0.9039435607434916, "cue_position": 16.0, "beta_enc": 0.023918783094521667}, "datetime": {"delta": 19.258772, "elapsed": 5029.832535, "datetime": "2020-06-14 11:04:40"}}
{"target": 8.125, "params": {"gamma_cf": 0.39955582522292565, "beta_rec": 0.12005372875461462, "gamma_fc": 0.9178458694678548, "cue_position": 16.0, "beta_enc": 0.557420517143405}, "datetime": {"delta": 19.397781, "elapsed": 5049.230316, "datetime": "2020-06-14 11:05:00"}}
{"target": 8.5, "params": {"gamma_cf": 0.6685220947886352, "beta_rec": 0.9983536200834304, "gamma_fc": 0.8155365415079027, "cue_position": 16.0, "beta_enc": 0.00900477374358577}, "datetime": {"delta": 19.982186, "elapsed": 5069.212502, "datetime": "2020-06-14 11:05:20"}}
{"target": 7.75, "params": {"gamma_cf": 0.15520259828173433, "beta_rec": 0.009913374168448952, "gamma_fc": 0.991922757970156, "cue_position": 16.0, "beta_enc": 0.6903732370386756}, "datetime": {"delta": 19.38597, "elapsed": 5088.598472, "datetime": "2020-06-14 11:05:39"}}
{"target": 7.75, "params": {"gamma_cf": 0.34709089225135636, "beta_rec": 0.6842145989282526, "gamma_fc": 0.42111405751108244, "cue_position": 16.0, "beta_enc": 0.6386911527358794}, "datetime": {"delta": 19.177065, "elapsed": 5107.775537, "datetime": "2020-06-14 11:05:58"}}
{"target": 8.5, "params": {"gamma_cf": 0.19696817368748176, "beta_rec": 0.16095032450020053, "gamma_fc": 0.270791114888427, "cue_position": 16.0, "beta_enc": 0.4832782628990365}, "datetime": {"delta": 19.611561, "elapsed": 5127.387098, "datetime": "2020-06-14 11:06:18"}}
{"target": 9.25, "params": {"gamma_cf": 0.5932125649059783, "beta_rec": 0.20240610689895555, "gamma_fc": 0.39348483189581374, "cue_position": 16.0, "beta_enc": 0.8461220462000918}, "datetime": {"delta": 19.784015, "elapsed": 5147.171113, "datetime": "2020-06-14 11:06:38"}}
{"target": 8.75, "params": {"gamma_cf": 0.3192780167798357, "beta_rec": 0.9553060304721458, "gamma_fc": 0.7721038132633843, "cue_position": 16.0, "beta_enc": 0.5915217853171262}, "datetime": {"delta": 19.542553, "elapsed": 5166.713666, "datetime": "2020-06-14 11:06:57"}}
{"target": 8.875, "params": {"gamma_cf": 0.436063208253481, "beta_rec": 0.3142149889129162, "gamma_fc": 0.9813045603005961, "cue_position": 16.0, "beta_enc": 0.10238585131917122}, "datetime": {"delta": 19.640283, "elapsed": 5186.353949, "datetime": "2020-06-14 11:07:17"}}
{"target": 7.625, "params": {"gamma_cf": 0.24691616404835925, "beta_rec": 0.8240150067647227, "gamma_fc": 0.3971442459615453, "cue_position": 16.0, "beta_enc": 0.29339290375542226}, "datetime": {"delta": 20.151515, "elapsed": 5206.505464, "datetime": "2020-06-14 11:07:37"}}
{"target": 7.25, "params": {"gamma_cf": 0.817494663810732, "beta_rec": 0.46917351188408873, "gamma_fc": 0.929220262190359, "cue_position": 16.0, "beta_enc": 0.4402150501786152}, "datetime": {"delta": 19.433147, "elapsed": 5225.938611, "datetime": "2020-06-14 11:07:57"}}
{"target": 10.125, "params": {"gamma_cf": 0.009979921829664229, "beta_rec": 0.4933255595707168, "gamma_fc": 0.945506229621509, "cue_position": 16.0, "beta_enc": 0.9968492383311971}, "datetime": {"delta": 19.870191, "elapsed": 5245.808802, "datetime": "2020-06-14 11:08:16"}}
{"target": 7.25, "params": {"gamma_cf": 0.02982358636244431, "beta_rec": 0.30165314926694065, "gamma_fc": 0.0622917071314073, "cue_position": 16.0, "beta_enc": 0.3691882661289261}, "datetime": {"delta": 20.18602, "elapsed": 5265.994822, "datetime": "2020-06-14 11:08:37"}}
{"target": 8.625, "params": {"gamma_cf": 0.8620634234289452, "beta_rec": 0.4651930516959749, "gamma_fc": 0.3158117852098985, "cue_position": 16.0, "beta_enc": 0.03032382293668978}, "datetime": {"delta": 20.558395, "elapsed": 5286.553217, "datetime": "2020-06-14 11:08:57"}}
{"target": 9.375, "params": {"gamma_cf": 0.005998749953203042, "beta_rec": 0.6699606808235125, "gamma_fc": 0.5540453337013037, "cue_position": 16.0, "beta_enc": 0.9955579655992546}, "datetime": {"delta": 19.852892, "elapsed": 5306.406109, "datetime": "2020-06-14 11:09:17"}}
{"target": 9.25, "params": {"gamma_cf": 0.13804028755344855, "beta_rec": 0.3906297586480346, "gamma_fc": 0.5944129813661987, "cue_position": 16.0, "beta_enc": 0.19583238058410657}, "datetime": {"delta": 20.597126, "elapsed": 5327.003235, "datetime": "2020-06-14 11:09:38"}}
{"target": 9.0, "params": {"gamma_cf": 0.2210062792455112, "beta_rec": 0.8278865410575413, "gamma_fc": 0.3182326026231027, "cue_position": 16.0, "beta_enc": 0.3851495878809317}, "datetime": {"delta": 19.993755, "elapsed": 5346.99699, "datetime": "2020-06-14 11:09:58"}}
{"target": 7.25, "params": {"gamma_cf": 0.27635111124381284, "beta_rec": 0.24105609868625277, "gamma_fc": 0.6478631712324335, "cue_position": 16.0, "beta_enc": 0.18792714240724795}, "datetime": {"delta": 20.028787, "elapsed": 5367.025777, "datetime": "2020-06-14 11:10:18"}}
{"target": 8.25, "params": {"gamma_cf": 0.45609682354264003, "beta_rec": 0.4269592991555746, "gamma_fc": 0.8662440803478889, "cue_position": 16.0, "beta_enc": 0.03179991470945809}, "datetime": {"delta": 20.021952, "elapsed": 5387.047729, "datetime": "2020-06-14 11:10:38"}}
{"target": 10.375, "params": {"gamma_cf": 0.6449725825210797, "beta_rec": 0.512353502778391, "gamma_fc": 0.6013915618369677, "cue_position": 16.0, "beta_enc": 0.6122157396660692}, "datetime": {"delta": 20.162204, "elapsed": 5407.209933, "datetime": "2020-06-14 11:10:58"}}
{"target": 9.125, "params": {"gamma_cf": 0.19209267555912946, "beta_rec": 0.41386924071851805, "gamma_fc": 0.776199502691239, "cue_position": 16.0, "beta_enc": 0.5796988241097897}, "datetime": {"delta": 20.002825, "elapsed": 5427.212758, "datetime": "2020-06-14 11:11:18"}}
{"target": 7.375, "params": {"gamma_cf": 0.3273420684170111, "beta_rec": 0.39051551461345446, "gamma_fc": 0.1850148576633971, "cue_position": 16.0, "beta_enc": 0.9297229269038417}, "datetime": {"delta": 20.675255, "elapsed": 5447.888013, "datetime": "2020-06-14 11:11:38"}}
{"target": 7.625, "params": {"gamma_cf": 0.32379899754095076, "beta_rec": 0.32833116722507005, "gamma_fc": 0.5488488451745293, "cue_position": 16.0, "beta_enc": 0.3136601360699053}, "datetime": {"delta": 19.985843, "elapsed": 5467.873856, "datetime": "2020-06-14 11:11:58"}}
{"target": 5.75, "params": {"gamma_cf": 0.8756061008435922, "beta_rec": 0.7809612754995993, "gamma_fc": 0.964580390113571, "cue_position": 16.0, "beta_enc": 0.9349694889079759}, "datetime": {"delta": 20.220505, "elapsed": 5488.094361, "datetime": "2020-06-14 11:12:19"}}
{"target": 10.125, "params": {"gamma_cf": 0.7425494371314643, "beta_rec": 0.39351241876482246, "gamma_fc": 0.555621388384475, "cue_position": 16.0, "beta_enc": 0.5905518757298748}, "datetime": {"delta": 21.32834, "elapsed": 5509.422701, "datetime": "2020-06-14 11:12:40"}}
{"target": 8.375, "params": {"gamma_cf": 0.9362537458328902, "beta_rec": 0.6114784001177885, "gamma_fc": 0.1940739234906036, "cue_position": 16.0, "beta_enc": 0.5792992513423803}, "datetime": {"delta": 20.379397, "elapsed": 5529.802098, "datetime": "2020-06-14 11:13:00"}}
{"target": 9.125, "params": {"gamma_cf": 0.7984756134439116, "beta_rec": 0.14887996238560652, "gamma_fc": 0.40357837319337475, "cue_position": 16.0, "beta_enc": 0.5467188547504636}, "datetime": {"delta": 20.054426, "elapsed": 5549.856524, "datetime": "2020-06-14 11:13:20"}}
{"target": 6.875, "params": {"gamma_cf": 0.7639541234041934, "beta_rec": 0.39606309825296304, "gamma_fc": 0.8953918344835419, "cue_position": 16.0, "beta_enc": 0.3201326787768045}, "datetime": {"delta": 19.706231, "elapsed": 5569.562755, "datetime": "2020-06-14 11:13:40"}}
{"target": 8.375, "params": {"gamma_cf": 0.27230479804620367, "beta_rec": 0.8955869671259007, "gamma_fc": 0.8584312247972152, "cue_position": 16.0, "beta_enc": 0.4284833027635523}, "datetime": {"delta": 19.920225, "elapsed": 5589.48298, "datetime": "2020-06-14 11:14:00"}}
{"target": 8.125, "params": {"gamma_cf": 0.9030883523916479, "beta_rec": 0.9678963822931906, "gamma_fc": 0.9424935614271521, "cue_position": 16.0, "beta_enc": 0.41153858632078666}, "datetime": {"delta": 19.792308, "elapsed": 5609.275288, "datetime": "2020-06-14 11:14:20"}}
{"target": 9.125, "params": {"gamma_cf": 0.0319762078419733, "beta_rec": 0.244921403168183, "gamma_fc": 0.5076227040460026, "cue_position": 16.0, "beta_enc": 0.29110786659990684}, "datetime": {"delta": 20.158736, "elapsed": 5629.434024, "datetime": "2020-06-14 11:14:40"}}
{"target": 8.125, "params": {"gamma_cf": 0.6981765177597367, "beta_rec": 0.047826202872182644, "gamma_fc": 0.4588791387445391, "cue_position": 16.0, "beta_enc": 0.16997346204009822}, "datetime": {"delta": 20.172151, "elapsed": 5649.606175, "datetime": "2020-06-14 11:15:00"}}
{"target": 8.75, "params": {"gamma_cf": 0.17764187560534095, "beta_rec": 0.9890217055041978, "gamma_fc": 0.5560937826297564, "cue_position": 16.0, "beta_enc": 0.7902402309168014}, "datetime": {"delta": 19.870195, "elapsed": 5669.47637, "datetime": "2020-06-14 11:15:20"}}
{"target": 8.375, "params": {"gamma_cf": 0.579409366771134, "beta_rec": 0.909557146026498, "gamma_fc": 0.8790876371342933, "cue_position": 16.0, "beta_enc": 0.41458696485772906}, "datetime": {"delta": 20.220676, "elapsed": 5689.697046, "datetime": "2020-06-14 11:15:40"}}
{"target": 9.125, "params": {"gamma_cf": 0.9548091337309701, "beta_rec": 0.8202387838564815, "gamma_fc": 0.1894991834863432, "cue_position": 16.0, "beta_enc": 0.4517038793180014}, "datetime": {"delta": 19.806471, "elapsed": 5709.503517, "datetime": "2020-06-14 11:16:00"}}
{"target": 7.875, "params": {"gamma_cf": 0.6442186068516726, "beta_rec": 0.8263818902864593, "gamma_fc": 0.8096485304150467, "cue_position": 16.0, "beta_enc": 0.4147665764996302}, "datetime": {"delta": 20.187248, "elapsed": 5729.690765, "datetime": "2020-06-14 11:16:20"}}
{"target": 8.5, "params": {"gamma_cf": 0.5617883768283669, "beta_rec": 0.2598055736878291, "gamma_fc": 0.7313482663561067, "cue_position": 16.0, "beta_enc": 0.1355262870801689}, "datetime": {"delta": 20.66368, "elapsed": 5750.354445, "datetime": "2020-06-14 11:16:41"}}
{"target": 8.625, "params": {"gamma_cf": 0.31321981113596686, "beta_rec": 0.20604858647755286, "gamma_fc": 0.41263569818244905, "cue_position": 16.0, "beta_enc": 0.7292337635796131}, "datetime": {"delta": 20.012663, "elapsed": 5770.367108, "datetime": "2020-06-14 11:17:01"}}
{"target": 9.5, "params": {"gamma_cf": 0.6142855178357016, "beta_rec": 0.9518827343752029, "gamma_fc": 0.6911114718427742, "cue_position": 16.0, "beta_enc": 0.4351775362264274}, "datetime": {"delta": 20.163395, "elapsed": 5790.530503, "datetime": "2020-06-14 11:17:21"}}
{"target": 6.25, "params": {"gamma_cf": 0.7791824644031196, "beta_rec": 0.5041794251660234, "gamma_fc": 0.054915121231725705, "cue_position": 16.0, "beta_enc": 0.9006690078504566}, "datetime": {"delta": 20.545055, "elapsed": 5811.075558, "datetime": "2020-06-14 11:17:42"}}
{"target": 7.375, "params": {"gamma_cf": 0.48311673111942166, "beta_rec": 0.26338101812674286, "gamma_fc": 0.173762580399363, "cue_position": 16.0, "beta_enc": 0.9671886764541106}, "datetime": {"delta": 20.718467, "elapsed": 5831.794025, "datetime": "2020-06-14 11:18:02"}}
{"target": 8.0, "params": {"gamma_cf": 0.6606386708107291, "beta_rec": 0.8781750280345452, "gamma_fc": 0.9207506531597396, "cue_position": 16.0, "beta_enc": 0.26287975815876585}, "datetime": {"delta": 20.747615, "elapsed": 5852.54164, "datetime": "2020-06-14 11:18:23"}}
{"target": 6.375, "params": {"gamma_cf": 0.965898644880172, "beta_rec": 0.23143931528144346, "gamma_fc": 0.08096838931674, "cue_position": 16.0, "beta_enc": 0.7527648352009373}, "datetime": {"delta": 19.994029, "elapsed": 5872.535669, "datetime": "2020-06-14 11:18:43"}}
{"target": 8.125, "params": {"gamma_cf": 0.5130654938883464, "beta_rec": 0.009123872939211464, "gamma_fc": 0.4205638629606442, "cue_position": 16.0, "beta_enc": 0.8020279885126088}, "datetime": {"delta": 20.696571, "elapsed": 5893.23224, "datetime": "2020-06-14 11:19:04"}}
{"target": 7.5, "params": {"gamma_cf": 0.33801413373898026, "beta_rec": 0.8368942383726937, "gamma_fc": 0.5666724198928261, "cue_position": 16.0, "beta_enc": 0.0180279544779669}, "datetime": {"delta": 20.767891, "elapsed": 5914.000131, "datetime": "2020-06-14 11:19:25"}}
{"target": 8.25, "params": {"gamma_cf": 0.7697745587033491, "beta_rec": 0.8041670029995852, "gamma_fc": 0.3325001424818075, "cue_position": 16.0, "beta_enc": 0.6370880615631608}, "datetime": {"delta": 20.574903, "elapsed": 5934.575034, "datetime": "2020-06-14 11:19:45"}}
{"target": 8.625, "params": {"gamma_cf": 0.2924880709370161, "beta_rec": 0.614222480986565, "gamma_fc": 0.9318871649842954, "cue_position": 16.0, "beta_enc": 0.44610832639206177}, "datetime": {"delta": 20.691, "elapsed": 5955.266034, "datetime": "2020-06-14 11:20:06"}}
{"target": 6.0, "params": {"gamma_cf": 0.07711586407829973, "beta_rec": 0.6108053541823709, "gamma_fc": 0.3833579816552336, "cue_position": 16.0, "beta_enc": 0.016275165651920998}, "datetime": {"delta": 21.236572, "elapsed": 5976.502606, "datetime": "2020-06-14 11:20:27"}}
