{"target": 9.125, "params": {"gamma_cf": 0.17935879577880864, "beta_rec": 0.36368556507502037, "gamma_fc": 0.6186080964132867, "cue_position": 16.0, "beta_enc": 0.2219003783923147}, "datetime": {"delta": 13.407559, "elapsed": 1888.840659, "datetime": "2020-06-14 10:12:19"}}
{"target": 9.625, "params": {"gamma_cf": 0.7622759422711605, "beta_rec": 0.14713249210853396, "gamma_fc": 0.2873955906854856, "cue_position": 16.0, "beta_enc": 0.2866937783943819}, "datetime": {"delta": 13.759156, "elapsed": 1902.599815, "datetime": "2020-06-14 10:12:33"}}
{"target": 8.875, "params": {"gamma_cf": 0.743025845320409, "beta_rec": 0.10730509027169322, "gamma_fc": 0.9573959831312562, "cue_position": 16.0, "beta_enc": 0.225277572190148}, "datetime": {"delta": 13.465055, "elapsed": 1916.06487, "datetime": "2020-06-14 10:12:47"}}
{"target": 8.25, "params": {"gamma_cf": 0.949231902098578, "beta_rec": 0.051751407903339874, "gamma_fc": 0.4271510557768834, "cue_position": 16.0, "beta_enc": 0.26226957158056474}, "datetime": {"delta": 13.79618, "elapsed": 1929.86105, "datetime": "2020-06-14 10:13:00"}}
{"target": 8.375, "params": {"gamma_cf": 0.8209919468098734, "beta_rec": 0.4458426581888244, "gamma_fc": 0.8062030582428706, "cue_position": 16.0, "beta_enc": 0.5759452649470765}, "datetime": {"delta": 13.737933, "elapsed": 1943.598983, "datetime": "2020-06-14 10:13:14"}}
{"target": 10.0, "params": {"gamma_cf": 0.263210724926762, "beta_rec": 0.6189261095904315, "gamma_fc": 0.6048625298102743, "cue_position": 16.0, "beta_enc": 0.5299292501173587}, "datetime": {"delta": 13.839627, "elapsed": 1957.43861, "datetime": "2020-06-14 10:13:28"}}
{"target": 8.0, "params": {"gamma_cf": 0.822936549031455, "beta_rec": 0.5843625269830017, "gamma_fc": 0.5681976533680548, "cue_position": 16.0, "beta_enc": 0.6965321029162365}, "datetime": {"delta": 13.669102, "elapsed": 1971.107712, "datetime": "2020-06-14 10:13:42"}}
{"target": 10.625, "params": {"gamma_cf": 0.1953476216364214, "beta_rec": 0.43747839927135646, "gamma_fc": 0.7765947634490644, "cue_position": 16.0, "beta_enc": 0.23553575981837604}, "datetime": {"delta": 13.916291, "elapsed": 1985.024003, "datetime": "2020-06-14 10:13:56"}}
{"target": 7.75, "params": {"gamma_cf": 0.2899686973675428, "beta_rec": 0.5136437950613821, "gamma_fc": 0.7146315836472185, "cue_position": 16.0, "beta_enc": 0.5851314111361409}, "datetime": {"delta": 13.800619, "elapsed": 1998.824622, "datetime": "2020-06-14 10:14:09"}}
{"target": 10.375, "params": {"gamma_cf": 0.7080103710092014, "beta_rec": 0.5371440326379803, "gamma_fc": 0.29176777663639186, "cue_position": 16.0, "beta_enc": 0.5192450482539317}, "datetime": {"delta": 13.98213, "elapsed": 2012.806752, "datetime": "2020-06-14 10:14:23"}}
{"target": 7.25, "params": {"gamma_cf": 0.4687742282154229, "beta_rec": 0.4896854660823575, "gamma_fc": 0.06528885541145724, "cue_position": 16.0, "beta_enc": 0.8443435430787596}, "datetime": {"delta": 13.624883, "elapsed": 2026.431635, "datetime": "2020-06-14 10:14:37"}}
{"target": 7.5, "params": {"gamma_cf": 0.5717505694555819, "beta_rec": 0.4343164900315333, "gamma_fc": 0.9465730346987562, "cue_position": 16.0, "beta_enc": 0.8993139220120725}, "datetime": {"delta": 13.944608, "elapsed": 2040.376243, "datetime": "2020-06-14 10:14:51"}}
{"target": 8.75, "params": {"gamma_cf": 0.2837101457888238, "beta_rec": 0.7216770818842013, "gamma_fc": 0.6371085436406416, "cue_position": 16.0, "beta_enc": 0.4820621004560154}, "datetime": {"delta": 13.895311, "elapsed": 2054.271554, "datetime": "2020-06-14 10:15:05"}}
{"target": 10.0, "params": {"gamma_cf": 0.5782449465638101, "beta_rec": 0.046851867710518524, "gamma_fc": 0.19796540445582367, "cue_position": 16.0, "beta_enc": 0.3542518899627437}, "datetime": {"delta": 14.08013, "elapsed": 2068.351684, "datetime": "2020-06-14 10:15:19"}}
{"target": 8.0, "params": {"gamma_cf": 0.7107108686087206, "beta_rec": 0.38287311812935, "gamma_fc": 0.504357042251078, "cue_position": 16.0, "beta_enc": 0.6079586433734753}, "datetime": {"delta": 13.875173, "elapsed": 2082.226857, "datetime": "2020-06-14 10:15:33"}}
{"target": 8.125, "params": {"gamma_cf": 0.2746329404267326, "beta_rec": 0.2682823945503934, "gamma_fc": 0.33502619465747796, "cue_position": 16.0, "beta_enc": 0.704861458132025}, "datetime": {"delta": 14.075241, "elapsed": 2096.302098, "datetime": "2020-06-14 10:15:47"}}
{"target": 9.0, "params": {"gamma_cf": 0.4533519170811241, "beta_rec": 0.8690311427608869, "gamma_fc": 0.1002191038068464, "cue_position": 16.0, "beta_enc": 0.26320316894326223}, "datetime": {"delta": 13.822953, "elapsed": 2110.125051, "datetime": "2020-06-14 10:16:01"}}
{"target": 7.625, "params": {"gamma_cf": 0.28488885229355543, "beta_rec": 0.3742402253977316, "gamma_fc": 0.8930590144837635, "cue_position": 16.0, "beta_enc": 0.3968854525880896}, "datetime": {"delta": 14.122941, "elapsed": 2124.247992, "datetime": "2020-06-14 10:16:15"}}
{"target": 7.625, "params": {"gamma_cf": 0.1596980163068139, "beta_rec": 0.6819286304745426, "gamma_fc": 0.6024679855419597, "cue_position": 16.0, "beta_enc": 0.9858299625955099}, "datetime": {"delta": 13.896625, "elapsed": 2138.144617, "datetime": "2020-06-14 10:16:29"}}
{"target": 8.875, "params": {"gamma_cf": 0.9831772547720983, "beta_rec": 0.5085729807780967, "gamma_fc": 0.3506592236296803, "cue_position": 16.0, "beta_enc": 0.11299371694355642}, "datetime": {"delta": 14.201793, "elapsed": 2152.34641, "datetime": "2020-06-14 10:16:43"}}
{"target": 8.5, "params": {"gamma_cf": 0.6638328728799957, "beta_rec": 0.19317783579803527, "gamma_fc": 0.08543377221706139, "cue_position": 16.0, "beta_enc": 0.4798087212831512}, "datetime": {"delta": 14.103692, "elapsed": 2166.450102, "datetime": "2020-06-14 10:16:57"}}
{"target": 9.125, "params": {"gamma_cf": 0.30103493159767925, "beta_rec": 0.7841481575519694, "gamma_fc": 0.5268365068275692, "cue_position": 16.0, "beta_enc": 0.27368001838008527}, "datetime": {"delta": 14.274351, "elapsed": 2180.724453, "datetime": "2020-06-14 10:17:11"}}
{"target": 7.5, "params": {"gamma_cf": 0.9933387943084281, "beta_rec": 0.916894071308213, "gamma_fc": 0.6396509157522842, "cue_position": 16.0, "beta_enc": 0.6950701489699851}, "datetime": {"delta": 14.055274, "elapsed": 2194.779727, "datetime": "2020-06-14 10:17:25"}}
{"target": 8.5, "params": {"gamma_cf": 0.9914377457616882, "beta_rec": 0.5596823279395703, "gamma_fc": 0.3201033465720362, "cue_position": 16.0, "beta_enc": 0.10434198810003592}, "datetime": {"delta": 14.317862, "elapsed": 2209.097589, "datetime": "2020-06-14 10:17:40"}}
{"target": 9.125, "params": {"gamma_cf": 0.0822766754106743, "beta_rec": 0.4409988669413706, "gamma_fc": 0.04763146547970476, "cue_position": 16.0, "beta_enc": 0.4158239466555532}, "datetime": {"delta": 14.20333, "elapsed": 2223.300919, "datetime": "2020-06-14 10:17:54"}}
{"target": 8.75, "params": {"gamma_cf": 0.44277351839223333, "beta_rec": 0.1770297522849199, "gamma_fc": 0.7434807990738775, "cue_position": 16.0, "beta_enc": 0.11495772665569859}, "datetime": {"delta": 14.28594, "elapsed": 2237.586859, "datetime": "2020-06-14 10:18:08"}}
{"target": 8.875, "params": {"gamma_cf": 0.8003649964338193, "beta_rec": 0.5278243870289123, "gamma_fc": 0.5162253248300074, "cue_position": 16.0, "beta_enc": 0.6120789359459633}, "datetime": {"delta": 14.06474, "elapsed": 2251.651599, "datetime": "2020-06-14 10:18:22"}}
{"target": 8.25, "params": {"gamma_cf": 0.38296928426046284, "beta_rec": 0.4426765572067711, "gamma_fc": 0.6915291592169419, "cue_position": 16.0, "beta_enc": 0.9390458627137104}, "datetime": {"delta": 14.437921, "elapsed": 2266.08952, "datetime": "2020-06-14 10:18:37"}}
{"target": 6.0, "params": {"gamma_cf": 0.803019259083903, "beta_rec": 0.0651117196490103, "gamma_fc": 0.535596611940606, "cue_position": 16.0, "beta_enc": 0.9221728254162985}, "datetime": {"delta": 14.266442, "elapsed": 2280.355962, "datetime": "2020-06-14 10:18:51"}}
{"target": 8.625, "params": {"gamma_cf": 0.49874808846913576, "beta_rec": 0.27133155100053974, "gamma_fc": 0.13022800657147204, "cue_position": 16.0, "beta_enc": 0.4093129772878926}, "datetime": {"delta": 14.470237, "elapsed": 2294.826199, "datetime": "2020-06-14 10:19:05"}}
{"target": 7.375, "params": {"gamma_cf": 0.12903547944257543, "beta_rec": 0.38635000463950375, "gamma_fc": 0.18397722531848448, "cue_position": 16.0, "beta_enc": 0.4910922499171593}, "datetime": {"delta": 14.270477, "elapsed": 2309.096676, "datetime": "2020-06-14 10:19:20"}}
{"target": 9.625, "params": {"gamma_cf": 0.4970846977053869, "beta_rec": 0.4545282623680861, "gamma_fc": 0.45167540930500694, "cue_position": 16.0, "beta_enc": 0.4282471143441464}, "datetime": {"delta": 14.518122, "elapsed": 2323.614798, "datetime": "2020-06-14 10:19:34"}}
{"target": 8.75, "params": {"gamma_cf": 0.39285232496288935, "beta_rec": 0.3148876459385874, "gamma_fc": 0.24980089322088783, "cue_position": 16.0, "beta_enc": 0.5483594416906624}, "datetime": {"delta": 14.400948, "elapsed": 2338.015746, "datetime": "2020-06-14 10:19:49"}}
{"target": 9.375, "params": {"gamma_cf": 0.9832446005895347, "beta_rec": 0.5814143843432446, "gamma_fc": 0.24154890247862626, "cue_position": 16.0, "beta_enc": 0.20207168639653916}, "datetime": {"delta": 14.539529, "elapsed": 2352.555275, "datetime": "2020-06-14 10:20:03"}}
{"target": 6.75, "params": {"gamma_cf": 0.6676268962808858, "beta_rec": 0.12609691550049407, "gamma_fc": 0.2992614745827764, "cue_position": 16.0, "beta_enc": 0.975513648317417}, "datetime": {"delta": 14.223295, "elapsed": 2366.77857, "datetime": "2020-06-14 10:20:17"}}
{"target": 6.125, "params": {"gamma_cf": 0.10331553848881181, "beta_rec": 0.7712003827160603, "gamma_fc": 0.2657608350113698, "cue_position": 16.0, "beta_enc": 0.1301381099284903}, "datetime": {"delta": 14.543203, "elapsed": 2381.321773, "datetime": "2020-06-14 10:20:32"}}
{"target": 4.375, "params": {"gamma_cf": 0.9618183410530429, "beta_rec": 0.09996230894496605, "gamma_fc": 0.13978156538227615, "cue_position": 16.0, "beta_enc": 0.7065726608986775}, "datetime": {"delta": 14.544043, "elapsed": 2395.865816, "datetime": "2020-06-14 10:20:46"}}
{"target": 7.375, "params": {"gamma_cf": 0.7550236857374767, "beta_rec": 0.4058100799875991, "gamma_fc": 0.12429042301202364, "cue_position": 16.0, "beta_enc": 0.8909431090490851}, "datetime": {"delta": 14.718947, "elapsed": 2410.584763, "datetime": "2020-06-14 10:21:01"}}
{"target": 5.875, "params": {"gamma_cf": 0.9022799153276752, "beta_rec": 0.026998235010444627, "gamma_fc": 0.5819726474454452, "cue_position": 16.0, "beta_enc": 0.880425605335591}, "datetime": {"delta": 14.481812, "elapsed": 2425.066575, "datetime": "2020-06-14 10:21:16"}}
{"target": 8.5, "params": {"gamma_cf": 0.6419958363765489, "beta_rec": 0.1675323965750528, "gamma_fc": 0.5052759950971224, "cue_position": 16.0, "beta_enc": 0.5993797759286514}, "datetime": {"delta": 14.6882, "elapsed": 2439.754775, "datetime": "2020-06-14 10:21:30"}}
{"target": 9.25, "params": {"gamma_cf": 0.08861093748241344, "beta_rec": 0.8989901225127727, "gamma_fc": 0.36664468624801816, "cue_position": 16.0, "beta_enc": 0.8052576899257692}, "datetime": {"delta": 14.752789, "elapsed": 2454.507564, "datetime": "2020-06-14 10:21:45"}}
{"target": 7.375, "params": {"gamma_cf": 0.42195633690353984, "beta_rec": 0.3851708488455914, "gamma_fc": 0.7178721383403375, "cue_position": 16.0, "beta_enc": 0.07975264897224132}, "datetime": {"delta": 14.711418, "elapsed": 2469.218982, "datetime": "2020-06-14 10:22:00"}}
{"target": 8.25, "params": {"gamma_cf": 0.9974864390677746, "beta_rec": 0.33501554248960475, "gamma_fc": 0.45769969034146973, "cue_position": 16.0, "beta_enc": 0.2483188372341807}, "datetime": {"delta": 14.546118, "elapsed": 2483.7651, "datetime": "2020-06-14 10:22:14"}}
{"target": 4.75, "params": {"gamma_cf": 0.9364656609664489, "beta_rec": 0.14890909001451047, "gamma_fc": 0.8561303321398221, "cue_position": 16.0, "beta_enc": 0.9024161709134036}, "datetime": {"delta": 14.727601, "elapsed": 2498.492701, "datetime": "2020-06-14 10:22:29"}}
{"target": 6.625, "params": {"gamma_cf": 0.7801438113918617, "beta_rec": 0.5746851923877222, "gamma_fc": 0.5211687198841054, "cue_position": 16.0, "beta_enc": 0.8465575204436855}, "datetime": {"delta": 14.520321, "elapsed": 2513.013022, "datetime": "2020-06-14 10:22:44"}}
{"target": 7.625, "params": {"gamma_cf": 0.3489666722746352, "beta_rec": 0.25130312151093614, "gamma_fc": 0.0027895188816656757, "cue_position": 16.0, "beta_enc": 0.1096498428738577}, "datetime": {"delta": 14.779547, "elapsed": 2527.792569, "datetime": "2020-06-14 10:22:58"}}
{"target": 8.875, "params": {"gamma_cf": 0.7367058383711056, "beta_rec": 0.6426658702450434, "gamma_fc": 0.2676406488896469, "cue_position": 16.0, "beta_enc": 0.23098520462994376}, "datetime": {"delta": 14.821865, "elapsed": 2542.614434, "datetime": "2020-06-14 10:23:13"}}
{"target": 8.375, "params": {"gamma_cf": 0.4036864353508661, "beta_rec": 0.1206286827662757, "gamma_fc": 0.5687759401514928, "cue_position": 16.0, "beta_enc": 0.7346163171101836}, "datetime": {"delta": 14.814412, "elapsed": 2557.428846, "datetime": "2020-06-14 10:23:28"}}
{"target": 9.0, "params": {"gamma_cf": 0.6196512460408333, "beta_rec": 0.9055684394635086, "gamma_fc": 0.4439428509791715, "cue_position": 16.0, "beta_enc": 0.5111062381539522}, "datetime": {"delta": 14.890487, "elapsed": 2572.319333, "datetime": "2020-06-14 10:23:43"}}
{"target": 9.125, "params": {"gamma_cf": 0.6368543001720914, "beta_rec": 0.03818020022636048, "gamma_fc": 0.6030055349866555, "cue_position": 16.0, "beta_enc": 0.36718213914028863}, "datetime": {"delta": 15.026009, "elapsed": 2587.345342, "datetime": "2020-06-14 10:23:58"}}
{"target": 7.75, "params": {"gamma_cf": 0.506290728941756, "beta_rec": 0.9505857450369944, "gamma_fc": 0.0012953212690670624, "cue_position": 16.0, "beta_enc": 0.7784578123580128}, "datetime": {"delta": 14.731676, "elapsed": 2602.077018, "datetime": "2020-06-14 10:24:13"}}
{"target": 8.125, "params": {"gamma_cf": 0.06927100202569625, "beta_rec": 0.6504171125774956, "gamma_fc": 0.48573982795335535, "cue_position": 16.0, "beta_enc": 0.8433026220333621}, "datetime": {"delta": 14.897778, "elapsed": 2616.974796, "datetime": "2020-06-14 10:24:28"}}
{"target": 6.25, "params": {"gamma_cf": 0.8758244036696116, "beta_rec": 0.8653198720985038, "gamma_fc": 0.5837183141164343, "cue_position": 16.0, "beta_enc": 0.1440315935065578}, "datetime": {"delta": 14.886466, "elapsed": 2631.861262, "datetime": "2020-06-14 10:24:42"}}
{"target": 10.25, "params": {"gamma_cf": 0.8702389818607134, "beta_rec": 0.8707889771617214, "gamma_fc": 0.4826034539919587, "cue_position": 16.0, "beta_enc": 0.49061734782719624}, "datetime": {"delta": 15.102258, "elapsed": 2646.96352, "datetime": "2020-06-14 10:24:58"}}
{"target": 8.5, "params": {"gamma_cf": 0.9342665908706538, "beta_rec": 0.9117389821064569, "gamma_fc": 0.8776029837666556, "cue_position": 16.0, "beta_enc": 0.6585807760637161}, "datetime": {"delta": 15.036077, "elapsed": 2661.999597, "datetime": "2020-06-14 10:25:13"}}
{"target": 8.625, "params": {"gamma_cf": 0.6386074017570452, "beta_rec": 0.8791507235710304, "gamma_fc": 0.14885294775773528, "cue_position": 16.0, "beta_enc": 0.9908616807264059}, "datetime": {"delta": 15.032914, "elapsed": 2677.032511, "datetime": "2020-06-14 10:25:28"}}
{"target": 8.375, "params": {"gamma_cf": 0.007696557103396007, "beta_rec": 0.3072133989214928, "gamma_fc": 0.6335198979706539, "cue_position": 16.0, "beta_enc": 0.7266573111703546}, "datetime": {"delta": 15.062753, "elapsed": 2692.095264, "datetime": "2020-06-14 10:25:43"}}
{"target": 10.25, "params": {"gamma_cf": 0.48907772847725073, "beta_rec": 0.8530803873932646, "gamma_fc": 0.8633607990058976, "cue_position": 16.0, "beta_enc": 0.671976848303283}, "datetime": {"delta": 15.203544, "elapsed": 2707.298808, "datetime": "2020-06-14 10:25:58"}}
{"target": 10.125, "params": {"gamma_cf": 0.7020536560489432, "beta_rec": 0.6933470048193525, "gamma_fc": 0.08814668604096554, "cue_position": 16.0, "beta_enc": 0.33476087382641584}, "datetime": {"delta": 15.186028, "elapsed": 2722.484836, "datetime": "2020-06-14 10:26:13"}}
{"target": 8.25, "params": {"gamma_cf": 0.6387910589504817, "beta_rec": 0.9092978624500182, "gamma_fc": 0.6127347606706182, "cue_position": 16.0, "beta_enc": 0.584585037809086}, "datetime": {"delta": 15.09833, "elapsed": 2737.583166, "datetime": "2020-06-14 10:26:28"}}
{"target": 5.5, "params": {"gamma_cf": 0.9890351056358627, "beta_rec": 0.44842225753301557, "gamma_fc": 0.2693781601888775, "cue_position": 16.0, "beta_enc": 0.7721799766713608}, "datetime": {"delta": 15.102371, "elapsed": 2752.685537, "datetime": "2020-06-14 10:26:43"}}
{"target": 6.875, "params": {"gamma_cf": 0.19051339337551743, "beta_rec": 0.598346073536558, "gamma_fc": 0.06712089518913966, "cue_position": 16.0, "beta_enc": 0.5084303467501654}, "datetime": {"delta": 15.264877, "elapsed": 2767.950414, "datetime": "2020-06-14 10:26:59"}}
{"target": 7.625, "params": {"gamma_cf": 0.6866717269763088, "beta_rec": 0.9097104937315826, "gamma_fc": 0.7534211923289139, "cue_position": 16.0, "beta_enc": 0.42842895235921086}, "datetime": {"delta": 15.325054, "elapsed": 2783.275468, "datetime": "2020-06-14 10:27:14"}}
{"target": 5.875, "params": {"gamma_cf": 0.9126693203058214, "beta_rec": 0.18600065942375543, "gamma_fc": 0.5004581415304638, "cue_position": 16.0, "beta_enc": 0.9085659496965282}, "datetime": {"delta": 15.23413, "elapsed": 2798.509598, "datetime": "2020-06-14 10:27:29"}}
{"target": 9.125, "params": {"gamma_cf": 0.3473770728608431, "beta_rec": 0.8140858316462879, "gamma_fc": 0.39541222384355856, "cue_position": 16.0, "beta_enc": 0.250350254945811}, "datetime": {"delta": 15.023909, "elapsed": 2813.533507, "datetime": "2020-06-14 10:27:44"}}
{"target": 10.75, "params": {"gamma_cf": 0.1216870872942506, "beta_rec": 0.7241181016950436, "gamma_fc": 0.8786732102411147, "cue_position": 16.0, "beta_enc": 0.937860878980847}, "datetime": {"delta": 15.483804, "elapsed": 2829.017311, "datetime": "2020-06-14 10:28:00"}}
{"target": 8.125, "params": {"gamma_cf": 0.9276712501596418, "beta_rec": 0.513006417031436, "gamma_fc": 0.08295740874015745, "cue_position": 16.0, "beta_enc": 0.6690238208706109}, "datetime": {"delta": 15.215681, "elapsed": 2844.232992, "datetime": "2020-06-14 10:28:15"}}
{"target": 5.875, "params": {"gamma_cf": 0.6226085912053811, "beta_rec": 0.006572065466468935, "gamma_fc": 0.6137831287953633, "cue_position": 16.0, "beta_enc": 0.9364495347880823}, "datetime": {"delta": 15.320405, "elapsed": 2859.553397, "datetime": "2020-06-14 10:28:30"}}
{"target": 6.875, "params": {"gamma_cf": 0.47047160237412, "beta_rec": 0.5747350561759405, "gamma_fc": 0.07681090204813423, "cue_position": 16.0, "beta_enc": 0.728403830226251}, "datetime": {"delta": 15.235802, "elapsed": 2874.789199, "datetime": "2020-06-14 10:28:45"}}
{"target": 8.125, "params": {"gamma_cf": 0.45205976168184936, "beta_rec": 0.16663780260794192, "gamma_fc": 0.7896619103854937, "cue_position": 16.0, "beta_enc": 0.2950948272334539}, "datetime": {"delta": 15.571186, "elapsed": 2890.360385, "datetime": "2020-06-14 10:29:01"}}
{"target": 8.5, "params": {"gamma_cf": 0.49764591837233174, "beta_rec": 0.3298807050836974, "gamma_fc": 0.8297521834183283, "cue_position": 16.0, "beta_enc": 0.18655257841145922}, "datetime": {"delta": 15.409134, "elapsed": 2905.769519, "datetime": "2020-06-14 10:29:16"}}
{"target": 8.875, "params": {"gamma_cf": 0.29847472163361144, "beta_rec": 0.6159540396674765, "gamma_fc": 0.27894953378807463, "cue_position": 16.0, "beta_enc": 0.3336957646074997}, "datetime": {"delta": 15.66738, "elapsed": 2921.436899, "datetime": "2020-06-14 10:29:32"}}
{"target": 9.5, "params": {"gamma_cf": 0.7446943824729965, "beta_rec": 0.6787564192090777, "gamma_fc": 0.9336231144488301, "cue_position": 16.0, "beta_enc": 0.5295831164441078}, "datetime": {"delta": 15.581591, "elapsed": 2937.01849, "datetime": "2020-06-14 10:29:48"}}
{"target": 9.875, "params": {"gamma_cf": 0.6657653585403392, "beta_rec": 0.6831314367141864, "gamma_fc": 0.5963529515590766, "cue_position": 16.0, "beta_enc": 0.7741445659449161}, "datetime": {"delta": 15.6582, "elapsed": 2952.67669, "datetime": "2020-06-14 10:30:03"}}
{"target": 7.875, "params": {"gamma_cf": 0.24180365915744373, "beta_rec": 0.37941520116179606, "gamma_fc": 0.17847484719881623, "cue_position": 16.0, "beta_enc": 0.012554698569907652}, "datetime": {"delta": 15.308801, "elapsed": 2967.985491, "datetime": "2020-06-14 10:30:19"}}
{"target": 7.5, "params": {"gamma_cf": 0.4466942831554026, "beta_rec": 0.6632124101051149, "gamma_fc": 0.443665772407454, "cue_position": 16.0, "beta_enc": 0.1040245515220033}, "datetime": {"delta": 15.634511, "elapsed": 2983.620002, "datetime": "2020-06-14 10:30:34"}}
{"target": 9.25, "params": {"gamma_cf": 0.29888203962061244, "beta_rec": 0.9671977924583643, "gamma_fc": 0.5194053954350946, "cue_position": 16.0, "beta_enc": 0.14384244730567175}, "datetime": {"delta": 15.658325, "elapsed": 2999.278327, "datetime": "2020-06-14 10:30:50"}}
{"target": 5.75, "params": {"gamma_cf": 0.9561995922497524, "beta_rec": 0.057408517265660985, "gamma_fc": 0.5861704309082909, "cue_position": 16.0, "beta_enc": 0.9954528702809495}, "datetime": {"delta": 15.744725, "elapsed": 3015.023052, "datetime": "2020-06-14 10:31:06"}}
{"target": 8.125, "params": {"gamma_cf": 0.2581934392551475, "beta_rec": 0.29458950525682137, "gamma_fc": 0.2607571357808067, "cue_position": 16.0, "beta_enc": 0.07573715366605926}, "datetime": {"delta": 15.570846, "elapsed": 3030.593898, "datetime": "2020-06-14 10:31:21"}}
{"target": 6.5, "params": {"gamma_cf": 0.059724928899145935, "beta_rec": 0.5666714148133951, "gamma_fc": 0.04767663937656452, "cue_position": 16.0, "beta_enc": 0.038094783770232454}, "datetime": {"delta": 15.799055, "elapsed": 3046.392953, "datetime": "2020-06-14 10:31:37"}}
