{"target": 7.875, "params": {"cue_position": 10.0, "beta_rec": 0.12741120567164332, "beta_enc": 0.32866830127674695, "gamma_fc": 0.12953375456830352, "gamma_cf": 0.4458858533707728}, "datetime": {"delta": 20.045664, "elapsed": 3610.259929, "datetime": "2020-06-14 10:43:14"}}
{"target": 9.125, "params": {"cue_position": 10.0, "beta_rec": 0.9077243124387473, "beta_enc": 0.29119625927117143, "gamma_fc": 0.14965342297986906, "gamma_cf": 0.9178804337426454}, "datetime": {"delta": 20.705877, "elapsed": 3630.965806, "datetime": "2020-06-14 10:43:35"}}
{"target": 10.5, "params": {"cue_position": 10.0, "beta_rec": 0.9343021614046005, "beta_enc": 0.26750162134202715, "gamma_fc": 0.03487060022122679, "gamma_cf": 0.994757114540501}, "datetime": {"delta": 20.249128, "elapsed": 3651.214934, "datetime": "2020-06-14 10:43:55"}}
{"target": 9.875, "params": {"cue_position": 10.0, "beta_rec": 0.891728338961538, "beta_enc": 0.5250463843380565, "gamma_fc": 0.27185481550711, "gamma_cf": 0.8833663902320813}, "datetime": {"delta": 21.053861, "elapsed": 3672.268795, "datetime": "2020-06-14 10:44:16"}}
{"target": 9.5, "params": {"cue_position": 10.0, "beta_rec": 0.3657080562144902, "beta_enc": 0.5483122082198677, "gamma_fc": 0.3789037839322047, "gamma_cf": 0.954771975946931}, "datetime": {"delta": 20.294627, "elapsed": 3692.563422, "datetime": "2020-06-14 10:44:36"}}
{"target": 8.0, "params": {"cue_position": 10.0, "beta_rec": 0.8914904618604333, "beta_enc": 0.5495647889133864, "gamma_fc": 0.2555949048809216, "gamma_cf": 0.8721905412278007}, "datetime": {"delta": 21.137443, "elapsed": 3713.700865, "datetime": "2020-06-14 10:44:57"}}
{"target": 9.25, "params": {"cue_position": 10.0, "beta_rec": 0.8965082763567184, "beta_enc": 0.5206312997167812, "gamma_fc": 0.2706968767812554, "gamma_cf": 0.880350478188241}, "datetime": {"delta": 20.609933, "elapsed": 3734.310798, "datetime": "2020-06-14 10:45:18"}}
{"target": 8.0, "params": {"cue_position": 10.0, "beta_rec": 0.29745549457033604, "beta_enc": 0.21438903632445794, "gamma_fc": 0.29103825314612886, "gamma_cf": 0.5318831929813821}, "datetime": {"delta": 21.253692, "elapsed": 3755.56449, "datetime": "2020-06-14 10:45:39"}}
{"target": 10.0, "params": {"cue_position": 10.0, "beta_rec": 0.3041838198308009, "beta_enc": 0.2249084402112848, "gamma_fc": 0.28452686194006754, "gamma_cf": 0.5467469477877912}, "datetime": {"delta": 20.927399, "elapsed": 3776.491889, "datetime": "2020-06-14 10:46:00"}}
{"target": 9.875, "params": {"cue_position": 10.0, "beta_rec": 0.02220944620678178, "beta_enc": 0.3502427783651515, "gamma_fc": 0.02579572323994961, "gamma_cf": 0.7457913121242653}, "datetime": {"delta": 21.478437, "elapsed": 3797.970326, "datetime": "2020-06-14 10:46:22"}}
{"target": 9.25, "params": {"cue_position": 10.0, "beta_rec": 0.9064867868030627, "beta_enc": 0.29611055314645796, "gamma_fc": 0.14353508245874147, "gamma_cf": 0.9160826106985009}, "datetime": {"delta": 20.954288, "elapsed": 3818.924614, "datetime": "2020-06-14 10:46:43"}}
{"target": 7.25, "params": {"cue_position": 10.0, "beta_rec": 0.6387024646321805, "beta_enc": 0.11729178984519273, "gamma_fc": 0.7757324543221261, "gamma_cf": 0.7031920640780235}, "datetime": {"delta": 21.396697, "elapsed": 3840.321311, "datetime": "2020-06-14 10:47:04"}}
{"target": 6.375, "params": {"cue_position": 10.0, "beta_rec": 0.9464367713068028, "beta_enc": 0.5307679588770774, "gamma_fc": 0.008900091072867489, "gamma_cf": 0.8399478122407493}, "datetime": {"delta": 21.212701, "elapsed": 3861.534012, "datetime": "2020-06-14 10:47:25"}}
{"target": 9.125, "params": {"cue_position": 10.0, "beta_rec": 0.3629573484384898, "beta_enc": 0.525284136016513, "gamma_fc": 0.37790099972287916, "gamma_cf": 0.9562448005510338}, "datetime": {"delta": 22.46296, "elapsed": 3883.996972, "datetime": "2020-06-14 10:47:48"}}
{"target": 10.75, "params": {"cue_position": 10.0, "beta_rec": 0.4196686888827399, "beta_enc": 0.4217058222652096, "gamma_fc": 0.06779034007471485, "gamma_cf": 0.9601180053614792}, "datetime": {"delta": 21.34598, "elapsed": 3905.342952, "datetime": "2020-06-14 10:48:09"}}
{"target": 8.75, "params": {"cue_position": 10.0, "beta_rec": 0.9144386714782425, "beta_enc": 0.30367959510928166, "gamma_fc": 0.15265353127832282, "gamma_cf": 0.9215892197527318}, "datetime": {"delta": 22.063561, "elapsed": 3927.406513, "datetime": "2020-06-14 10:48:31"}}
{"target": 10.625, "params": {"cue_position": 10.0, "beta_rec": 0.6297720608527901, "beta_enc": 0.3732407768093875, "gamma_fc": 0.149210573275253, "gamma_cf": 0.9756450695331765}, "datetime": {"delta": 21.025373, "elapsed": 3948.431886, "datetime": "2020-06-14 10:48:52"}}
{"target": 8.125, "params": {"cue_position": 10.0, "beta_rec": 0.8374270904797413, "beta_enc": 0.12297972118147216, "gamma_fc": 0.25524919326817774, "gamma_cf": 0.5892155296448481}, "datetime": {"delta": 22.437045, "elapsed": 3970.868931, "datetime": "2020-06-14 10:49:15"}}
{"target": 8.125, "params": {"cue_position": 10.0, "beta_rec": 0.9134701943886011, "beta_enc": 0.2495531688123662, "gamma_fc": 0.5619586465256798, "gamma_cf": 0.9524786176887912}, "datetime": {"delta": 21.484198, "elapsed": 3992.353129, "datetime": "2020-06-14 10:49:36"}}
{"target": 9.0, "params": {"cue_position": 10.0, "beta_rec": 0.11806802457449905, "beta_enc": 0.03202436574820833, "gamma_fc": 0.6231276471040126, "gamma_cf": 0.01481529198189313}, "datetime": {"delta": 22.305065, "elapsed": 4014.658194, "datetime": "2020-06-14 10:49:58"}}
{"target": 7.875, "params": {"cue_position": 10.0, "beta_rec": 0.3607586212919912, "beta_enc": 0.5418237163276424, "gamma_fc": 0.39764694029836845, "gamma_cf": 0.9605644595453718}, "datetime": {"delta": 21.286175, "elapsed": 4035.944369, "datetime": "2020-06-14 10:50:20"}}
{"target": 11.0, "params": {"cue_position": 10.0, "beta_rec": 0.4137419980647392, "beta_enc": 0.43683051496847447, "gamma_fc": 0.06528369138278844, "gamma_cf": 0.9485541543064585}, "datetime": {"delta": 22.74915, "elapsed": 4058.693519, "datetime": "2020-06-14 10:50:42"}}
{"target": 9.25, "params": {"cue_position": 10.0, "beta_rec": 0.6735120914982033, "beta_enc": 0.19578111443860835, "gamma_fc": 0.1276586184033559, "gamma_cf": 0.9784463025933877}, "datetime": {"delta": 22.5174, "elapsed": 4081.210919, "datetime": "2020-06-14 10:51:05"}}
{"target": 10.0, "params": {"cue_position": 10.0, "beta_rec": 0.8112023425509309, "beta_enc": 0.41603682901943795, "gamma_fc": 0.2523970530082117, "gamma_cf": 0.6963834339928968}, "datetime": {"delta": 21.904902, "elapsed": 4103.115821, "datetime": "2020-06-14 10:51:27"}}
{"target": 8.625, "params": {"cue_position": 10.0, "beta_rec": 0.42458838217157585, "beta_enc": 0.06862332011453492, "gamma_fc": 0.8063623833334768, "gamma_cf": 0.4263514481622549}, "datetime": {"delta": 21.441068, "elapsed": 4124.556889, "datetime": "2020-06-14 10:51:48"}}
{"target": 10.375, "params": {"cue_position": 10.0, "beta_rec": 0.39263596807025314, "beta_enc": 0.4215834558802861, "gamma_fc": 0.05291130763658858, "gamma_cf": 0.9413940737102445}, "datetime": {"delta": 23.124388, "elapsed": 4147.681277, "datetime": "2020-06-14 10:52:11"}}
{"target": 9.625, "params": {"cue_position": 10.0, "beta_rec": 0.9017779667177083, "beta_enc": 0.29333119672465, "gamma_fc": 0.16045136885673583, "gamma_cf": 0.9280302406298058}, "datetime": {"delta": 21.740911, "elapsed": 4169.422188, "datetime": "2020-06-14 10:52:33"}}
{"target": 9.875, "params": {"cue_position": 10.0, "beta_rec": 0.9002779055938497, "beta_enc": 0.40618879769904614, "gamma_fc": 0.13072497851319287, "gamma_cf": 0.7635582171730076}, "datetime": {"delta": 22.147939, "elapsed": 4191.570127, "datetime": "2020-06-14 10:52:55"}}
{"target": 10.125, "params": {"cue_position": 10.0, "beta_rec": 0.67547673382588, "beta_enc": 0.19006137482665086, "gamma_fc": 0.09697124192652595, "gamma_cf": 0.9829828031885286}, "datetime": {"delta": 20.911805, "elapsed": 4212.481932, "datetime": "2020-06-14 10:53:16"}}
{"target": 9.5, "params": {"cue_position": 10.0, "beta_rec": 0.8096130608163646, "beta_enc": 0.4120659487843331, "gamma_fc": 0.24526544852701493, "gamma_cf": 0.7069894056976552}, "datetime": {"delta": 22.720288, "elapsed": 4235.20222, "datetime": "2020-06-14 10:53:39"}}
{"target": 7.625, "params": {"cue_position": 10.0, "beta_rec": 0.15635183750382342, "beta_enc": 0.6289369755602067, "gamma_fc": 0.010132557158731736, "gamma_cf": 0.270278182980662}, "datetime": {"delta": 21.505463, "elapsed": 4256.707683, "datetime": "2020-06-14 10:54:00"}}
{"target": 9.875, "params": {"cue_position": 10.0, "beta_rec": 0.6778095778505089, "beta_enc": 0.18423519205364758, "gamma_fc": 0.12971613591314168, "gamma_cf": 0.9635331875128665}, "datetime": {"delta": 21.708154, "elapsed": 4278.415837, "datetime": "2020-06-14 10:54:22"}}
{"target": 9.25, "params": {"cue_position": 10.0, "beta_rec": 0.3893280442228033, "beta_enc": 0.4141456412911114, "gamma_fc": 0.04381868051340965, "gamma_cf": 0.9460272753249508}, "datetime": {"delta": 21.415871, "elapsed": 4299.831708, "datetime": "2020-06-14 10:54:44"}}
{"target": 10.375, "params": {"cue_position": 10.0, "beta_rec": 0.6999132377981269, "beta_enc": 0.42621898709937533, "gamma_fc": 0.00442582179201334, "gamma_cf": 0.8774992330603133}, "datetime": {"delta": 22.683061, "elapsed": 4322.514769, "datetime": "2020-06-14 10:55:06"}}
{"target": 10.25, "params": {"cue_position": 10.0, "beta_rec": 0.4081208976830943, "beta_enc": 0.4219346789363967, "gamma_fc": 0.0579997058660544, "gamma_cf": 0.9445685830886876}, "datetime": {"delta": 21.353914, "elapsed": 4343.868683, "datetime": "2020-06-14 10:55:28"}}
{"target": 9.375, "params": {"cue_position": 10.0, "beta_rec": 0.9738128232562326, "beta_enc": 0.6113286289264429, "gamma_fc": 0.3072588590233849, "gamma_cf": 0.9414464185100058}, "datetime": {"delta": 135.62418, "elapsed": 4479.492863, "datetime": "2020-06-14 10:57:43"}}
{"target": 10.0, "params": {"cue_position": 10.0, "beta_rec": 0.9398292939936446, "beta_enc": 0.2554452744334117, "gamma_fc": 0.03732943053741411, "gamma_cf": 0.9841505932170881}, "datetime": {"delta": 136.247738, "elapsed": 4615.740601, "datetime": "2020-06-14 11:00:00"}}
{"target": 6.75, "params": {"cue_position": 10.0, "beta_rec": 0.731210999390674, "beta_enc": 0.30529094919399336, "gamma_fc": 0.21754891589521885, "gamma_cf": 0.22177959835572558}, "datetime": {"delta": 134.010221, "elapsed": 4749.750822, "datetime": "2020-06-14 11:02:14"}}
{"target": 12.125, "params": {"cue_position": 10.0, "beta_rec": 0.4168933530892247, "beta_enc": 0.4206582495087955, "gamma_fc": 0.05952057404133726, "gamma_cf": 0.9441226036644437}, "datetime": {"delta": 137.229017, "elapsed": 4886.979839, "datetime": "2020-06-14 11:04:31"}}
{"target": 8.25, "params": {"cue_position": 10.0, "beta_rec": 0.29992698658655137, "beta_enc": 0.23001760221338707, "gamma_fc": 0.2807453326100453, "gamma_cf": 0.546526521817955}, "datetime": {"delta": 122.660451, "elapsed": 5009.64029, "datetime": "2020-06-14 11:06:33"}}
{"target": 9.375, "params": {"cue_position": 10.0, "beta_rec": 0.0064675694570885955, "beta_enc": 0.43728780140132595, "gamma_fc": 0.14430554546693497, "gamma_cf": 0.320108285307767}, "datetime": {"delta": 123.419613, "elapsed": 5133.059903, "datetime": "2020-06-14 11:08:37"}}
{"target": 9.75, "params": {"cue_position": 10.0, "beta_rec": 0.6799634888136524, "beta_enc": 0.4227045393224288, "gamma_fc": 0.02653690390288299, "gamma_cf": 0.8820447354717265}, "datetime": {"delta": 125.037251, "elapsed": 5258.097154, "datetime": "2020-06-14 11:10:42"}}
{"target": 9.875, "params": {"cue_position": 10.0, "beta_rec": 0.27319060720293464, "beta_enc": 0.574842208857775, "gamma_fc": 0.34073995414168634, "gamma_cf": 0.6663309071602269}, "datetime": {"delta": 120.426718, "elapsed": 5378.523872, "datetime": "2020-06-14 11:12:42"}}
{"target": 7.25, "params": {"cue_position": 10.0, "beta_rec": 0.9919178592018884, "beta_enc": 0.31871515952033436, "gamma_fc": 0.5538356136550907, "gamma_cf": 0.37623483303193583}, "datetime": {"delta": 124.513077, "elapsed": 5503.036949, "datetime": "2020-06-14 11:14:47"}}
{"target": 10.875, "params": {"cue_position": 10.0, "beta_rec": 0.6820457399781858, "beta_enc": 0.413175109874521, "gamma_fc": 0.04925300485587136, "gamma_cf": 0.8598202149083282}, "datetime": {"delta": 120.161637, "elapsed": 5623.198586, "datetime": "2020-06-14 11:16:47"}}
{"target": 8.875, "params": {"cue_position": 10.0, "beta_rec": 0.9780875805792053, "beta_enc": 0.06667289503006313, "gamma_fc": 0.07603172063568664, "gamma_cf": 0.659962306451776}, "datetime": {"delta": 122.590829, "elapsed": 5745.789415, "datetime": "2020-06-14 11:18:50"}}
{"target": 9.875, "params": {"cue_position": 10.0, "beta_rec": 0.9412357501284129, "beta_enc": 0.2510202439348843, "gamma_fc": 0.02696692036570203, "gamma_cf": 0.97713584732194}, "datetime": {"delta": 121.678334, "elapsed": 5867.467749, "datetime": "2020-06-14 11:20:51"}}
{"target": 7.625, "params": {"cue_position": 10.0, "beta_rec": 0.6629418786861304, "beta_enc": 0.18769730917813754, "gamma_fc": 0.11286271898140199, "gamma_cf": 0.9796165979471299}, "datetime": {"delta": 126.01727, "elapsed": 5993.485019, "datetime": "2020-06-14 11:22:57"}}
{"target": 8.75, "params": {"cue_position": 10.0, "beta_rec": 0.012366666129144943, "beta_enc": 0.34864862736452484, "gamma_fc": 0.032707804136729024, "gamma_cf": 0.746392964980686}, "datetime": {"delta": 120.453426, "elapsed": 6113.938445, "datetime": "2020-06-14 11:24:58"}}
{"target": 10.625, "params": {"cue_position": 10.0, "beta_rec": 0.3678060061555126, "beta_enc": 0.5270009222912296, "gamma_fc": 0.3820381228994165, "gamma_cf": 0.9400401463724473}, "datetime": {"delta": 121.82394, "elapsed": 6235.762385, "datetime": "2020-06-14 11:27:00"}}
{"target": 8.0, "params": {"cue_position": 10.0, "beta_rec": 0.9160171312645395, "beta_enc": 0.45225756762063496, "gamma_fc": 0.13324601289051585, "gamma_cf": 0.2827533141130901}, "datetime": {"delta": 120.977833, "elapsed": 6356.740218, "datetime": "2020-06-14 11:29:01"}}
{"target": 9.625, "params": {"cue_position": 10.0, "beta_rec": 0.5367667860952829, "beta_enc": 0.11500491446748307, "gamma_fc": 0.9158749206025887, "gamma_cf": 0.24245164489249893}, "datetime": {"delta": 121.973058, "elapsed": 6478.713276, "datetime": "2020-06-14 11:31:02"}}
{"target": 10.5, "params": {"cue_position": 10.0, "beta_rec": 0.4085861289227616, "beta_enc": 0.43186988501850576, "gamma_fc": 0.05287463336579179, "gamma_cf": 0.9353735014592359}, "datetime": {"delta": 122.388224, "elapsed": 6601.1015, "datetime": "2020-06-14 11:33:05"}}
{"target": 8.75, "params": {"cue_position": 10.0, "beta_rec": 0.4194088428994118, "beta_enc": 0.42925409596390063, "gamma_fc": 0.08299379867803436, "gamma_cf": 0.9413298976744123}, "datetime": {"delta": 127.803908, "elapsed": 6728.905408, "datetime": "2020-06-14 11:35:13"}}
{"target": 9.5, "params": {"cue_position": 10.0, "beta_rec": 0.788143568849187, "beta_enc": 0.4418557812061049, "gamma_fc": 0.13078451560427296, "gamma_cf": 0.6666612245099413}, "datetime": {"delta": 128.616616, "elapsed": 6857.522024, "datetime": "2020-06-14 11:37:21"}}
{"target": 7.875, "params": {"cue_position": 10.0, "beta_rec": 0.27132063986914534, "beta_enc": 0.21638889400901307, "gamma_fc": 0.13656869004958716, "gamma_cf": 0.88531209434192}, "datetime": {"delta": 119.378902, "elapsed": 6976.900926, "datetime": "2020-06-14 11:39:21"}}
{"target": 9.0, "params": {"cue_position": 10.0, "beta_rec": 0.19906685550596115, "beta_enc": 0.35276463152368587, "gamma_fc": 0.7074962508569104, "gamma_cf": 0.04277319615983599}, "datetime": {"delta": 120.294798, "elapsed": 7097.195724, "datetime": "2020-06-14 11:41:21"}}
{"target": 10.25, "params": {"cue_position": 10.0, "beta_rec": 0.6348903746845648, "beta_enc": 0.48702326598587997, "gamma_fc": 0.2989963463972547, "gamma_cf": 0.9043994075501594}, "datetime": {"delta": 122.946855, "elapsed": 7220.142579, "datetime": "2020-06-14 11:43:24"}}
{"target": 11.0, "params": {"cue_position": 10.0, "beta_rec": 0.42723079138870046, "beta_enc": 0.4209977847651386, "gamma_fc": 0.06422019859791583, "gamma_cf": 0.9387443388640724}, "datetime": {"delta": 121.54558, "elapsed": 7341.688159, "datetime": "2020-06-14 11:45:25"}}
{"target": 7.625, "params": {"cue_position": 10.0, "beta_rec": 0.030977552689328447, "beta_enc": 0.3520832569642991, "gamma_fc": 0.03391023529445725, "gamma_cf": 0.7560240216231602}, "datetime": {"delta": 116.805302, "elapsed": 7458.493461, "datetime": "2020-06-14 11:47:22"}}
{"target": 7.625, "params": {"cue_position": 10.0, "beta_rec": 0.3191428860619592, "beta_enc": 0.38790880434597463, "gamma_fc": 0.7654186291115973, "gamma_cf": 0.615230783635338}, "datetime": {"delta": 117.820457, "elapsed": 7576.313918, "datetime": "2020-06-14 11:49:20"}}
{"target": 10.0, "params": {"cue_position": 10.0, "beta_rec": 0.6689456329736615, "beta_enc": 0.19237186528016803, "gamma_fc": 0.13166456907714919, "gamma_cf": 0.9750138420936778}, "datetime": {"delta": 121.186191, "elapsed": 7697.500109, "datetime": "2020-06-14 11:51:21"}}
{"target": 9.25, "params": {"cue_position": 10.0, "beta_rec": 0.4793864771681706, "beta_enc": 0.026671022003440625, "gamma_fc": 0.884534483167598, "gamma_cf": 0.035591010452415306}, "datetime": {"delta": 117.435987, "elapsed": 7814.936096, "datetime": "2020-06-14 11:53:19"}}
{"target": 9.5, "params": {"cue_position": 10.0, "beta_rec": 0.42481137860911977, "beta_enc": 0.4289028877178592, "gamma_fc": 0.07055082088775455, "gamma_cf": 0.9504756950193081}, "datetime": {"delta": 115.210674, "elapsed": 7930.14677, "datetime": "2020-06-14 11:55:14"}}
{"target": 11.0, "params": {"cue_position": 10.0, "beta_rec": 0.41541551562141943, "beta_enc": 0.44026865898556766, "gamma_fc": 0.06072347558564073, "gamma_cf": 0.9488420072274223}, "datetime": {"delta": 112.316391, "elapsed": 8042.463161, "datetime": "2020-06-14 11:57:06"}}
{"target": 8.5, "params": {"cue_position": 10.0, "beta_rec": 0.8896700658652683, "beta_enc": 0.5312331230995057, "gamma_fc": 0.24691362269029782, "gamma_cf": 0.8853417286881118}, "datetime": {"delta": 104.246101, "elapsed": 8146.709262, "datetime": "2020-06-14 11:58:50"}}
{"target": 6.875, "params": {"cue_position": 10.0, "beta_rec": 0.9700241193536562, "beta_enc": 0.4381017711771974, "gamma_fc": 0.6472434144912704, "gamma_cf": 0.3568111452870312}, "datetime": {"delta": 104.131336, "elapsed": 8250.840598, "datetime": "2020-06-14 12:00:35"}}
{"target": 9.5, "params": {"cue_position": 10.0, "beta_rec": 0.15307378882007505, "beta_enc": 0.478680263216388, "gamma_fc": 0.6435995268112629, "gamma_cf": 0.5451148429678064}, "datetime": {"delta": 110.064328, "elapsed": 8360.904926, "datetime": "2020-06-14 12:02:25"}}
{"target": 10.625, "params": {"cue_position": 10.0, "beta_rec": 0.671538600942551, "beta_enc": 0.1819441328915712, "gamma_fc": 0.13088286770786506, "gamma_cf": 0.9824896641362648}, "datetime": {"delta": 112.266113, "elapsed": 8473.171039, "datetime": "2020-06-14 12:04:17"}}
{"target": 11.375, "params": {"cue_position": 10.0, "beta_rec": 0.4202692272872566, "beta_enc": 0.42339065913298823, "gamma_fc": 0.06371670891340486, "gamma_cf": 0.9440024551758578}, "datetime": {"delta": 106.858493, "elapsed": 8580.029532, "datetime": "2020-06-14 12:06:04"}}
{"target": 11.125, "params": {"cue_position": 10.0, "beta_rec": 0.6851863521807459, "beta_enc": 0.406896176464702, "gamma_fc": 0.018453327937791197, "gamma_cf": 0.876757655199451}, "datetime": {"delta": 97.097642, "elapsed": 8677.127174, "datetime": "2020-06-14 12:07:41"}}
{"target": 11.25, "params": {"cue_position": 10.0, "beta_rec": 0.6832167115707204, "beta_enc": 0.41800140488589166, "gamma_fc": 0.056305640358905285, "gamma_cf": 0.8696253957527661}, "datetime": {"delta": 94.261756, "elapsed": 8771.38893, "datetime": "2020-06-14 12:09:15"}}
{"target": 11.0, "params": {"cue_position": 10.0, "beta_rec": 0.4151892908956317, "beta_enc": 0.41086780850554283, "gamma_fc": 0.05617619118346506, "gamma_cf": 0.9523076408149777}, "datetime": {"delta": 93.749791, "elapsed": 8865.138721, "datetime": "2020-06-14 12:10:49"}}
{"target": 8.625, "params": {"cue_position": 10.0, "beta_rec": 0.27439614410614255, "beta_enc": 0.2108625546253169, "gamma_fc": 0.13311933348072214, "gamma_cf": 0.8794877867687279}, "datetime": {"delta": 94.669919, "elapsed": 8959.80864, "datetime": "2020-06-14 12:12:24"}}
{"target": 8.0, "params": {"cue_position": 10.0, "beta_rec": 0.2640819833360746, "beta_enc": 0.660702377447892, "gamma_fc": 0.12647427083984342, "gamma_cf": 0.6279080455607801}, "datetime": {"delta": 98.946736, "elapsed": 9058.755376, "datetime": "2020-06-14 12:14:03"}}
{"target": 11.375, "params": {"cue_position": 10.0, "beta_rec": 0.6807717689211258, "beta_enc": 0.42982780946101007, "gamma_fc": 0.02390871785738302, "gamma_cf": 0.8747457499593336}, "datetime": {"delta": 99.143677, "elapsed": 9157.899053, "datetime": "2020-06-14 12:15:42"}}
{"target": 9.375, "params": {"cue_position": 10.0, "beta_rec": 0.36436030628992166, "beta_enc": 0.5412502176999611, "gamma_fc": 0.3993366485247666, "gamma_cf": 0.9446791510018017}, "datetime": {"delta": 92.457175, "elapsed": 9250.356228, "datetime": "2020-06-14 12:17:14"}}
{"target": 9.75, "params": {"cue_position": 10.0, "beta_rec": 0.9403286431212442, "beta_enc": 0.25442475354992944, "gamma_fc": 0.04315065631152204, "gamma_cf": 0.993719420057697}, "datetime": {"delta": 93.448683, "elapsed": 9343.804911, "datetime": "2020-06-14 12:18:48"}}
{"target": 8.75, "params": {"cue_position": 10.0, "beta_rec": 0.6277575610161794, "beta_enc": 0.4920095656813446, "gamma_fc": 0.31048292705273517, "gamma_cf": 0.9063964558940488}, "datetime": {"delta": 90.051187, "elapsed": 9433.856098, "datetime": "2020-06-14 12:20:18"}}
{"target": 9.625, "params": {"cue_position": 10.0, "beta_rec": 0.7846202211885667, "beta_enc": 0.4476891785400957, "gamma_fc": 0.12225660994843124, "gamma_cf": 0.6618890985715707}, "datetime": {"delta": 89.310931, "elapsed": 9523.167029, "datetime": "2020-06-14 12:21:47"}}
