{"target": -8486.263736218772, "params": {"epsilon_d": 2.3238944565266926, "phi_d": 0.47658939906741393, "beta_rec": 0.9447259583182939, "gamma_cf": 0.5844228694214642, "k_intra": 5.789707124523335, "gamma_fc": 0.16688099385869432, "s_cf": 1.024449581874699, "beta_enc": 0.3296214513203332, "phi_s": 2.5265414808584863}, "datetime": {"delta": 44.606591, "elapsed": 15385.410894, "datetime": "2020-04-27 14:48:32"}}
{"target": -8487.21304978977, "params": {"epsilon_d": 2.3105167429578737, "phi_d": 0.4925731694536272, "beta_rec": 0.939750831018685, "gamma_cf": 0.5913838502461578, "k_intra": 5.780216564975673, "gamma_fc": 0.1613867725730711, "s_cf": 1.0222993779280263, "beta_enc": 0.33516830278786275, "phi_s": 2.549771294302798}, "datetime": {"delta": 45.104921, "elapsed": 15430.515815, "datetime": "2020-04-27 14:49:17"}}
{"target": -8487.390547852914, "params": {"epsilon_d": 2.319369744691417, "phi_d": 0.45190216359632884, "beta_rec": 0.9352973403531445, "gamma_cf": 0.5894195035597787, "k_intra": 5.765370103066063, "gamma_fc": 0.17050056067285066, "s_cf": 1.034322633483617, "beta_enc": 0.3220531553121618, "phi_s": 2.5090789549456707}, "datetime": {"delta": 44.735452, "elapsed": 15475.251267, "datetime": "2020-04-27 14:50:02"}}
{"target": -8486.842166571685, "params": {"epsilon_d": 2.323340966341602, "phi_d": 0.458058662311417, "beta_rec": 0.9480876123049213, "gamma_cf": 0.5884997371151042, "k_intra": 5.762030791536965, "gamma_fc": 0.17516144468864706, "s_cf": 1.059838497296534, "beta_enc": 0.3230786429911737, "phi_s": 2.524533959775647}, "datetime": {"delta": 45.426793, "elapsed": 15520.67806, "datetime": "2020-04-27 14:50:48"}}
{"target": -8486.67660465701, "params": {"epsilon_d": 2.3183798872535193, "phi_d": 0.4775832615400536, "beta_rec": 0.9407433892807447, "gamma_cf": 0.5773487068979756, "k_intra": 5.769676300531404, "gamma_fc": 0.17409129969826095, "s_cf": 0.9803999272259233, "beta_enc": 0.3247105722430135, "phi_s": 2.507184603944176}, "datetime": {"delta": 46.77845, "elapsed": 15567.45651, "datetime": "2020-04-27 14:51:34"}}
{"target": -8486.722213643136, "params": {"epsilon_d": 2.3174665065849243, "phi_d": 0.4764834963796675, "beta_rec": 0.9449221417255544, "gamma_cf": 0.5750632570648827, "k_intra": 5.778325242762775, "gamma_fc": 0.1763809239782711, "s_cf": 0.9643165360312392, "beta_enc": 0.32743957528502016, "phi_s": 2.506572032667056}, "datetime": {"delta": 46.471246, "elapsed": 15613.927756, "datetime": "2020-04-27 14:52:21"}}
{"target": -8489.520840945579, "params": {"epsilon_d": 2.355334813811973, "phi_d": 0.47517173020356823, "beta_rec": 0.9323613294449202, "gamma_cf": 0.5999948274999644, "k_intra": 5.716828151629098, "gamma_fc": 0.1767173285949475, "s_cf": 1.0002109060578164, "beta_enc": 0.32375817810109786, "phi_s": 2.468326194141578}, "datetime": {"delta": 50.552817, "elapsed": 15664.480573, "datetime": "2020-04-27 14:53:11"}}
{"target": -8486.73757284829, "params": {"epsilon_d": 2.328449729698361, "phi_d": 0.4776788263667076, "beta_rec": 0.9447616940759869, "gamma_cf": 0.5980394214086495, "k_intra": 5.772712753517573, "gamma_fc": 0.1653482819288532, "s_cf": 1.0797103747082346, "beta_enc": 0.331243972751518, "phi_s": 2.5407657139212305}, "datetime": {"delta": 47.954428, "elapsed": 15712.435001, "datetime": "2020-04-27 14:53:59"}}
{"target": -8487.206567896912, "params": {"epsilon_d": 2.3195377706286764, "phi_d": 0.47550780630021544, "beta_rec": 0.9350789215309602, "gamma_cf": 0.5762657285551053, "k_intra": 5.774693908229505, "gamma_fc": 0.17227880399155712, "s_cf": 0.9655163206820907, "beta_enc": 0.33067207593917775, "phi_s": 2.5056357696740714}, "datetime": {"delta": 46.168024, "elapsed": 15758.603025, "datetime": "2020-04-27 14:54:46"}}
{"target": -8487.232907892363, "params": {"epsilon_d": 2.306919986829394, "phi_d": 0.47717345590268295, "beta_rec": 0.950503327409541, "gamma_cf": 0.5837536183708824, "k_intra": 5.777831490633943, "gamma_fc": 0.17238699510465857, "s_cf": 1.0016668839659117, "beta_enc": 0.31945435394123844, "phi_s": 2.522998585235534}, "datetime": {"delta": 46.285183, "elapsed": 15804.888208, "datetime": "2020-04-27 14:55:32"}}
{"target": -8488.131274381974, "params": {"epsilon_d": 2.30589206156807, "phi_d": 0.47589679146775404, "beta_rec": 0.955107762175244, "gamma_cf": 0.5950746998257901, "k_intra": 5.791770758280336, "gamma_fc": 0.15824676593447007, "s_cf": 1.071582241660432, "beta_enc": 0.32284925822284477, "phi_s": 2.5475891875851513}, "datetime": {"delta": 47.479976, "elapsed": 15852.368184, "datetime": "2020-04-27 14:56:19"}}
{"target": -8489.365881608981, "params": {"epsilon_d": 2.325948997400631, "phi_d": 0.4749588100745636, "beta_rec": 0.9408736928897221, "gamma_cf": 0.5767722349026926, "k_intra": 5.748254815157408, "gamma_fc": 0.18045043616063786, "s_cf": 0.9580311160577123, "beta_enc": 0.3203220172476438, "phi_s": 2.4419666155690836}, "datetime": {"delta": 51.071943, "elapsed": 15903.440127, "datetime": "2020-04-27 14:57:10"}}
{"target": -8489.742848313175, "params": {"epsilon_d": 2.3254991281373876, "phi_d": 0.467434573040904, "beta_rec": 0.948014511298322, "gamma_cf": 0.5826368288099588, "k_intra": 5.74547743188039, "gamma_fc": 0.17756022026389726, "s_cf": 0.9498271290679791, "beta_enc": 0.3204956896021116, "phi_s": 2.4439862211152614}, "datetime": {"delta": 44.642309, "elapsed": 15948.082436, "datetime": "2020-04-27 14:57:55"}}
{"target": -8488.222682173291, "params": {"epsilon_d": 2.3103332810093535, "phi_d": 0.5030754951119467, "beta_rec": 0.9497016282507623, "gamma_cf": 0.5810504345106119, "k_intra": 5.787344702287065, "gamma_fc": 0.19168249923222477, "s_cf": 0.9772740970807978, "beta_enc": 0.3304646287346703, "phi_s": 2.508400201818843}, "datetime": {"delta": 50.644073, "elapsed": 15998.726509, "datetime": "2020-04-27 14:58:46"}}
{"target": -8488.390431515321, "params": {"epsilon_d": 2.3293580620838386, "phi_d": 0.46031899339464194, "beta_rec": 0.9388237650961454, "gamma_cf": 0.6058885112227395, "k_intra": 5.7681071112525455, "gamma_fc": 0.15974860441213118, "s_cf": 1.0629314420496534, "beta_enc": 0.3303215658361982, "phi_s": 2.5314075097470488}, "datetime": {"delta": 45.373484, "elapsed": 16044.099993, "datetime": "2020-04-27 14:59:31"}}
{"target": -8486.213863186158, "params": {"epsilon_d": 2.317829526498291, "phi_d": 0.4908185610012543, "beta_rec": 0.9399590269590206, "gamma_cf": 0.5826140463362302, "k_intra": 5.801615937821566, "gamma_fc": 0.17171959074413695, "s_cf": 0.980413445722913, "beta_enc": 0.32514312166118936, "phi_s": 2.516579618217018}, "datetime": {"delta": 45.930259, "elapsed": 16090.030252, "datetime": "2020-04-27 15:00:17"}}
{"target": -8486.923362391233, "params": {"epsilon_d": 2.287625581595243, "phi_d": 0.458413991685279, "beta_rec": 0.9316869791025952, "gamma_cf": 0.5789938190281041, "k_intra": 5.775115702556592, "gamma_fc": 0.17048204038078452, "s_cf": 1.0478767684455712, "beta_enc": 0.32785504237026764, "phi_s": 2.513896762241763}, "datetime": {"delta": 47.974154, "elapsed": 16138.004406, "datetime": "2020-04-27 15:01:05"}}
{"target": -8488.28955066067, "params": {"epsilon_d": 2.2634848770305904, "phi_d": 0.4450886124879085, "beta_rec": 0.9381360596002003, "gamma_cf": 0.5776238660197143, "k_intra": 5.785341900188637, "gamma_fc": 0.16425507278389476, "s_cf": 1.0499154200146328, "beta_enc": 0.3317972875451474, "phi_s": 2.5191397751538105}, "datetime": {"delta": 46.356132, "elapsed": 16184.360538, "datetime": "2020-04-27 15:01:51"}}
{"target": -8488.709348956734, "params": {"epsilon_d": 2.3081994647101203, "phi_d": 0.47851985849977136, "beta_rec": 0.9300503877982711, "gamma_cf": 0.5898681482200469, "k_intra": 5.776787930597828, "gamma_fc": 0.16719210789536787, "s_cf": 1.0252773813328693, "beta_enc": 0.3381641255235677, "phi_s": 2.514910158913295}, "datetime": {"delta": 48.836707, "elapsed": 16233.197245, "datetime": "2020-04-27 15:02:40"}}
{"target": -8488.09735959614, "params": {"epsilon_d": 2.29548951101947, "phi_d": 0.45303878138332304, "beta_rec": 0.9528926075113563, "gamma_cf": 0.5986636037749737, "k_intra": 5.7622372059400275, "gamma_fc": 0.18278182339323754, "s_cf": 1.095342077880633, "beta_enc": 0.32455308262321675, "phi_s": 2.5172997638662733}, "datetime": {"delta": 45.806129, "elapsed": 16279.003374, "datetime": "2020-04-27 15:03:26"}}
{"target": -8487.30630182653, "params": {"epsilon_d": 2.3056093548043646, "phi_d": 0.4684019989098513, "beta_rec": 0.9382143689383546, "gamma_cf": 0.5752759328986401, "k_intra": 5.762905985132106, "gamma_fc": 0.16548676637969756, "s_cf": 1.0125915375592442, "beta_enc": 0.32406333666869247, "phi_s": 2.511365364237167}, "datetime": {"delta": 46.57589, "elapsed": 16325.579264, "datetime": "2020-04-27 15:04:13"}}
{"target": -8486.25672912657, "params": {"epsilon_d": 2.338695096407324, "phi_d": 0.4960350390369822, "beta_rec": 0.9445291060707575, "gamma_cf": 0.5933677284274288, "k_intra": 5.779828948268017, "gamma_fc": 0.1752085811503475, "s_cf": 1.0139845686479123, "beta_enc": 0.32668101126359056, "phi_s": 2.537824503685437}, "datetime": {"delta": 46.242914, "elapsed": 16371.822178, "datetime": "2020-04-27 15:04:59"}}
{"target": -8487.624328128784, "params": {"epsilon_d": 2.287389483385998, "phi_d": 0.44649415007161225, "beta_rec": 0.9353334122070228, "gamma_cf": 0.5829906337027861, "k_intra": 5.755230007971468, "gamma_fc": 0.1710452786255671, "s_cf": 1.0815731508045334, "beta_enc": 0.3307544847112272, "phi_s": 2.52958745943166}, "datetime": {"delta": 46.80096, "elapsed": 16418.623138, "datetime": "2020-04-27 15:05:46"}}
{"target": -8485.955170272915, "params": {"epsilon_d": 2.3033556599836604, "phi_d": 0.48797921520023246, "beta_rec": 0.9474741985096834, "gamma_cf": 0.5793379756275523, "k_intra": 5.798730860106657, "gamma_fc": 0.17797124551644308, "s_cf": 1.0182645865702575, "beta_enc": 0.3349906430173667, "phi_s": 2.5465616262859645}, "datetime": {"delta": 45.760398, "elapsed": 16464.383536, "datetime": "2020-04-27 15:06:31"}}
{"target": -8488.965146321814, "params": {"epsilon_d": 2.312145643085381, "phi_d": 0.47571979812075904, "beta_rec": 0.9400487082825961, "gamma_cf": 0.5887271353337972, "k_intra": 5.751717547420437, "gamma_fc": 0.1672347779028502, "s_cf": 0.9858359691187778, "beta_enc": 0.33713056537362535, "phi_s": 2.519489554033104}, "datetime": {"delta": 47.328028, "elapsed": 16511.711564, "datetime": "2020-04-27 15:07:19"}}
{"target": -8488.629751876264, "params": {"epsilon_d": 2.3136215764459322, "phi_d": 0.46759192775512876, "beta_rec": 0.9218840532307201, "gamma_cf": 0.5684399635149665, "k_intra": 5.784581411627392, "gamma_fc": 0.16970203134557882, "s_cf": 0.9678809104717698, "beta_enc": 0.32540884572988876, "phi_s": 2.485469356112029}, "datetime": {"delta": 47.153483, "elapsed": 16558.865047, "datetime": "2020-04-27 15:08:06"}}
{"target": -8487.37496762761, "params": {"epsilon_d": 2.339708912664783, "phi_d": 0.5328079974547142, "beta_rec": 0.9616145400708898, "gamma_cf": 0.5789763849417996, "k_intra": 5.82144426025742, "gamma_fc": 0.17965753355164482, "s_cf": 1.0074172195654085, "beta_enc": 0.3310755983108634, "phi_s": 2.5507123656642454}, "datetime": {"delta": 45.279372, "elapsed": 16604.144419, "datetime": "2020-04-27 15:08:51"}}
{"target": -8487.326242978826, "params": {"epsilon_d": 2.312965007720396, "phi_d": 0.46337988172794087, "beta_rec": 0.9349619080330003, "gamma_cf": 0.5914119332466726, "k_intra": 5.752496727251658, "gamma_fc": 0.1711826477579596, "s_cf": 1.036791808955713, "beta_enc": 0.32826854349185436, "phi_s": 2.4880584716354637}, "datetime": {"delta": 47.297839, "elapsed": 16651.442258, "datetime": "2020-04-27 15:09:38"}}
{"target": -8486.934862913056, "params": {"epsilon_d": 2.2984553827208014, "phi_d": 0.4642984983423212, "beta_rec": 0.9480371976959697, "gamma_cf": 0.5770839321934845, "k_intra": 5.75727207077477, "gamma_fc": 0.17671036481753896, "s_cf": 1.0594757281290643, "beta_enc": 0.330137638902311, "phi_s": 2.5176675456589597}, "datetime": {"delta": 47.410132, "elapsed": 16698.85239, "datetime": "2020-04-27 15:10:26"}}
{"target": -8489.578495607206, "params": {"epsilon_d": 2.2770911508363647, "phi_d": 0.446958484945363, "beta_rec": 0.9297021925795715, "gamma_cf": 0.5641061670781344, "k_intra": 5.787557636794401, "gamma_fc": 0.16323058766654505, "s_cf": 1.0154538483301476, "beta_enc": 0.3312003266011406, "phi_s": 2.5104021757834545}, "datetime": {"delta": 48.038825, "elapsed": 16746.891215, "datetime": "2020-04-27 15:11:14"}}
{"target": -8488.282012974913, "params": {"epsilon_d": 2.332405501997533, "phi_d": 0.49826983291509575, "beta_rec": 0.9521515269270818, "gamma_cf": 0.5878215780068669, "k_intra": 5.779741439911837, "gamma_fc": 0.17569346132481958, "s_cf": 1.0512739434038023, "beta_enc": 0.34078226121437616, "phi_s": 2.558675566049978}, "datetime": {"delta": 45.857572, "elapsed": 16792.748787, "datetime": "2020-04-27 15:12:00"}}
{"target": -8486.712096191495, "params": {"epsilon_d": 2.3442682075088666, "phi_d": 0.504399117640986, "beta_rec": 0.93846880878741, "gamma_cf": 0.5784070178866271, "k_intra": 5.7964619162054, "gamma_fc": 0.1777477495954334, "s_cf": 0.9736588815777294, "beta_enc": 0.32463562543110014, "phi_s": 2.5306593747228496}, "datetime": {"delta": 46.024296, "elapsed": 16838.773083, "datetime": "2020-04-27 15:12:46"}}
{"target": -8486.830339395527, "params": {"epsilon_d": 2.2924637622021486, "phi_d": 0.46088922801443905, "beta_rec": 0.9252365529899211, "gamma_cf": 0.5837562905023029, "k_intra": 5.7780710286375365, "gamma_fc": 0.16825347783400602, "s_cf": 1.0263561725431527, "beta_enc": 0.33374935818796037, "phi_s": 2.549394299867295}, "datetime": {"delta": 47.391475, "elapsed": 16886.164558, "datetime": "2020-04-27 15:13:33"}}
{"target": -8487.902013800891, "params": {"epsilon_d": 2.315510002290914, "phi_d": 0.47284852687482926, "beta_rec": 0.9420016450459042, "gamma_cf": 0.5782839048254524, "k_intra": 5.78077723042685, "gamma_fc": 0.1751873316816357, "s_cf": 0.9699012144458068, "beta_enc": 0.3180008057181061, "phi_s": 2.5120390060833167}, "datetime": {"delta": 48.088478, "elapsed": 16934.253036, "datetime": "2020-04-27 15:14:21"}}
{"target": -8486.96473056453, "params": {"epsilon_d": 2.280451983470521, "phi_d": 0.4764998151450304, "beta_rec": 0.9422452660552486, "gamma_cf": 0.5588967041702332, "k_intra": 5.789966727861325, "gamma_fc": 0.18340378994585418, "s_cf": 0.998189537499197, "beta_enc": 0.3232713311176734, "phi_s": 2.541123250501001}, "datetime": {"delta": 47.39408, "elapsed": 16981.647116, "datetime": "2020-04-27 15:15:09"}}
{"target": -8489.043087157992, "params": {"epsilon_d": 2.3272864180875477, "phi_d": 0.47192165652994567, "beta_rec": 0.9440169149031998, "gamma_cf": 0.5794903245841291, "k_intra": 5.776852164299189, "gamma_fc": 0.17360579717145802, "s_cf": 1.0482923789125562, "beta_enc": 0.3372479466053132, "phi_s": 2.499056501076337}, "datetime": {"delta": 46.228404, "elapsed": 17027.87552, "datetime": "2020-04-27 15:15:55"}}
{"target": -8486.297458456858, "params": {"epsilon_d": 2.283466913389589, "phi_d": 0.459047365497282, "beta_rec": 0.9369634521994623, "gamma_cf": 0.5787872105016683, "k_intra": 5.778598495414777, "gamma_fc": 0.17834924892440351, "s_cf": 0.9882905604452462, "beta_enc": 0.3264501083535705, "phi_s": 2.53355461485535}, "datetime": {"delta": 48.086146, "elapsed": 17075.961666, "datetime": "2020-04-27 15:16:43"}}
{"target": -8486.773751894108, "params": {"epsilon_d": 2.3392295166799713, "phi_d": 0.5007819277403336, "beta_rec": 0.9313982463399617, "gamma_cf": 0.5769453260476444, "k_intra": 5.7971678560282625, "gamma_fc": 0.17040210694740898, "s_cf": 0.9850540403990565, "beta_enc": 0.32813798324508814, "phi_s": 2.522993870652577}, "datetime": {"delta": 49.291925, "elapsed": 17125.253591, "datetime": "2020-04-27 15:17:32"}}
{"target": -8487.226912246479, "params": {"epsilon_d": 2.321417541844179, "phi_d": 0.5035396060395138, "beta_rec": 0.9462752565882677, "gamma_cf": 0.5772945296586014, "k_intra": 5.811927636251105, "gamma_fc": 0.1880478684984519, "s_cf": 0.9627958025381683, "beta_enc": 0.33250559943801633, "phi_s": 2.531153175554522}, "datetime": {"delta": 48.545775, "elapsed": 17173.799366, "datetime": "2020-04-27 15:18:21"}}
{"target": -8488.990299440684, "params": {"epsilon_d": 2.3133313238601874, "phi_d": 0.47782496197850566, "beta_rec": 0.9391764810302764, "gamma_cf": 0.5958305113093667, "k_intra": 5.783029586031832, "gamma_fc": 0.1822220768275566, "s_cf": 1.0650772001558502, "beta_enc": 0.318300322320141, "phi_s": 2.5497447986453223}, "datetime": {"delta": 48.158279, "elapsed": 17221.957645, "datetime": "2020-04-27 15:19:09"}}
{"target": -8487.66835357119, "params": {"epsilon_d": 2.3276614588247755, "phi_d": 0.5151640690173982, "beta_rec": 0.9355685528071487, "gamma_cf": 0.566584166618299, "k_intra": 5.8248638392474765, "gamma_fc": 0.16085460978348348, "s_cf": 0.9955772040988135, "beta_enc": 0.3283364534052872, "phi_s": 2.559643238085832}, "datetime": {"delta": 48.210743, "elapsed": 17270.168388, "datetime": "2020-04-27 15:19:57"}}
{"target": -8486.070105335892, "params": {"epsilon_d": 2.271942191530898, "phi_d": 0.45164377626276386, "beta_rec": 0.939284036784577, "gamma_cf": 0.5812548076273615, "k_intra": 5.795587638623867, "gamma_fc": 0.17526904288087217, "s_cf": 1.0062652631433757, "beta_enc": 0.3243510724519918, "phi_s": 2.5474820331521437}, "datetime": {"delta": 48.521813, "elapsed": 17318.690201, "datetime": "2020-04-27 15:20:46"}}
{"target": -8504.321003001916, "params": {"epsilon_d": 2.3465019695627385, "phi_d": 0.4352642002532639, "beta_rec": 0.9413403220541587, "gamma_cf": 0.5490212211815904, "k_intra": 5.682460957708895, "gamma_fc": 0.19204551906261053, "s_cf": 0.8830170883327714, "beta_enc": 0.2997972755433397, "phi_s": 2.3043354363904194}, "datetime": {"delta": 44.251812, "elapsed": 17362.942013, "datetime": "2020-04-27 15:21:30"}}
{"target": -8487.89656432057, "params": {"epsilon_d": 2.2522046934418984, "phi_d": 0.4434975152274227, "beta_rec": 0.9314835778413508, "gamma_cf": 0.5657215421083187, "k_intra": 5.776852764924082, "gamma_fc": 0.17413409534466945, "s_cf": 1.0007835342238607, "beta_enc": 0.33223347695506633, "phi_s": 2.534630838349337}, "datetime": {"delta": 44.872412, "elapsed": 17407.814425, "datetime": "2020-04-27 15:22:15"}}
{"target": -8487.819598831304, "params": {"epsilon_d": 2.2789061707235243, "phi_d": 0.4643413128374655, "beta_rec": 0.9466742343827166, "gamma_cf": 0.5707869924978087, "k_intra": 5.7938642120933785, "gamma_fc": 0.17465744185217544, "s_cf": 0.9893470331168416, "beta_enc": 0.337012494128887, "phi_s": 2.5302432819167557}, "datetime": {"delta": 50.002113, "elapsed": 17457.816538, "datetime": "2020-04-27 15:23:05"}}
{"target": -8486.676293232733, "params": {"epsilon_d": 2.3308902222298205, "phi_d": 0.5120953585532632, "beta_rec": 0.9395660058358953, "gamma_cf": 0.5951938176695631, "k_intra": 5.785173915692884, "gamma_fc": 0.17154731547876073, "s_cf": 1.014444878773842, "beta_enc": 0.33231411093067953, "phi_s": 2.5339659611071825}, "datetime": {"delta": 49.705389, "elapsed": 17507.521927, "datetime": "2020-04-27 15:23:54"}}
{"target": -8488.10923422444, "params": {"epsilon_d": 2.292027026225112, "phi_d": 0.46169763200145386, "beta_rec": 0.9227808268059761, "gamma_cf": 0.5812684915840116, "k_intra": 5.770602586113376, "gamma_fc": 0.17864225013102872, "s_cf": 0.9979394130131134, "beta_enc": 0.3309469153817959, "phi_s": 2.4925406907036445}, "datetime": {"delta": 47.081209, "elapsed": 17554.603136, "datetime": "2020-04-27 15:24:42"}}
{"target": -8489.663892612461, "params": {"epsilon_d": 2.316135739103826, "phi_d": 0.5089183923655748, "beta_rec": 0.9513546106836711, "gamma_cf": 0.5809111209487375, "k_intra": 5.828506169219197, "gamma_fc": 0.17424333559134417, "s_cf": 0.9829968586290274, "beta_enc": 0.31452896093792926, "phi_s": 2.5663408237872765}, "datetime": {"delta": 45.242862, "elapsed": 17599.845998, "datetime": "2020-04-27 15:25:27"}}
{"target": -8489.193317512165, "params": {"epsilon_d": 2.339251815452967, "phi_d": 0.5098330491768894, "beta_rec": 0.9565607996215019, "gamma_cf": 0.5922717048279291, "k_intra": 5.781236285800495, "gamma_fc": 0.15990151404243452, "s_cf": 1.0307453423345712, "beta_enc": 0.3241209874262111, "phi_s": 2.5320364880737554}, "datetime": {"delta": 46.679324, "elapsed": 17646.525322, "datetime": "2020-04-27 15:26:13"}}
{"target": -8489.236944555027, "params": {"epsilon_d": 2.316882425617826, "phi_d": 0.4499234114151848, "beta_rec": 0.9250922369956577, "gamma_cf": 0.5717083816809482, "k_intra": 5.743545849108578, "gamma_fc": 0.1756376423136905, "s_cf": 0.9879665103043774, "beta_enc": 0.3318608388812239, "phi_s": 2.4912485402180904}, "datetime": {"delta": 50.243047, "elapsed": 17696.768369, "datetime": "2020-04-27 15:27:04"}}
{"target": -8489.438093257177, "params": {"epsilon_d": 2.2658875536262695, "phi_d": 0.42504953364559483, "beta_rec": 0.9279557385537684, "gamma_cf": 0.5932685336594116, "k_intra": 5.742842366235107, "gamma_fc": 0.16738112694778756, "s_cf": 1.0810274128234731, "beta_enc": 0.3231902093564914, "phi_s": 2.515186595606145}, "datetime": {"delta": 45.067867, "elapsed": 17741.836236, "datetime": "2020-04-27 15:27:49"}}
{"target": -8487.376689154155, "params": {"epsilon_d": 2.247980499915477, "phi_d": 0.43383012251084974, "beta_rec": 0.9322117133089629, "gamma_cf": 0.571925907017853, "k_intra": 5.783190530159845, "gamma_fc": 0.17592642304967016, "s_cf": 1.0170187134129398, "beta_enc": 0.3270348232624342, "phi_s": 2.5557817283122795}, "datetime": {"delta": 48.18852, "elapsed": 17790.024756, "datetime": "2020-04-27 15:28:37"}}
{"target": -8487.678891038, "params": {"epsilon_d": 2.242959431516081, "phi_d": 0.4475252059293684, "beta_rec": 0.9515451348023993, "gamma_cf": 0.5756639995712723, "k_intra": 5.7778606206480845, "gamma_fc": 0.17076719243743468, "s_cf": 1.0328007556388137, "beta_enc": 0.3186247206362556, "phi_s": 2.541863028390819}, "datetime": {"delta": 46.856631, "elapsed": 17836.881387, "datetime": "2020-04-27 15:29:24"}}
