{"target": 8.995833333333334, "params": {"gamma_fc": 0.28184508814324294, "beta_enc": 0.5203136358633165, "gamma_cf": 0.8248585623852319, "beta_rec": 0.8284681480854713, "cue_position": 9.0}, "datetime": {"datetime": "2020-06-20 04:28:00", "elapsed": 8415.024736, "delta": 15.482642}}
{"target": 9.7125, "params": {"gamma_fc": 0.5812353422911717, "beta_enc": 0.17849483297748825, "gamma_cf": 0.25979169330441454, "beta_rec": 0.969870570344714, "cue_position": 9.0}, "datetime": {"datetime": "2020-06-20 04:28:16", "elapsed": 8431.256353, "delta": 16.231617}}
{"target": 5.633333333333334, "params": {"gamma_fc": 0.22449347883595772, "beta_enc": 0.9552622535381868, "gamma_cf": 0.6191348314199072, "beta_rec": 0.0807539078120788, "cue_position": 9.0}, "datetime": {"datetime": "2020-06-20 04:28:28", "elapsed": 8442.917564, "delta": 11.661211}}
{"target": 6.204166666666667, "params": {"gamma_fc": 0.08428305143655679, "beta_enc": 0.7651839567335081, "gamma_cf": 0.10781390079459241, "beta_rec": 0.5681525429491051, "cue_position": 9.0}, "datetime": {"datetime": "2020-06-20 04:28:40", "elapsed": 8455.210306, "delta": 12.292742}}
{"target": 9.091666666666667, "params": {"gamma_fc": 0.6721444096568486, "beta_enc": 0.6251210683054896, "gamma_cf": 0.3710639450161891, "beta_rec": 0.4097312611340205, "cue_position": 9.0}, "datetime": {"datetime": "2020-06-20 04:28:56", "elapsed": 8470.80154, "delta": 15.591234}}
{"target": 10.391666666666667, "params": {"gamma_fc": 0.7300825577402602, "beta_enc": 0.1895874001915857, "gamma_cf": 0.9615725424345338, "beta_rec": 0.8957291085287041, "cue_position": 9.0}, "datetime": {"datetime": "2020-06-20 04:29:13", "elapsed": 8487.843719, "delta": 17.042179}}
{"target": 9.2375, "params": {"gamma_fc": 0.605896361217858, "beta_enc": 0.4062884276883151, "gamma_cf": 0.3144172223907462, "beta_rec": 0.7437491963512196, "cue_position": 9.0}, "datetime": {"datetime": "2020-06-20 04:29:29", "elapsed": 8503.596242, "delta": 15.752523}}
{"target": 8.720833333333333, "params": {"gamma_fc": 0.9410132668189013, "beta_enc": 0.5948471334079176, "gamma_cf": 0.7661883652028217, "beta_rec": 0.8786609763158111, "cue_position": 9.0}, "datetime": {"datetime": "2020-06-20 04:29:44", "elapsed": 8518.73094, "delta": 15.134698}}
{"target": 10.1875, "params": {"gamma_fc": 0.18373941187600173, "beta_enc": 0.001032932657734631, "gamma_cf": 0.8433232139195225, "beta_rec": 0.47608911800210485, "cue_position": 9.0}, "datetime": {"datetime": "2020-06-20 04:30:01", "elapsed": 8535.546335, "delta": 16.815395}}
{"target": 5.908333333333333, "params": {"gamma_fc": 0.08539013912317062, "beta_enc": 0.8561592379873718, "gamma_cf": 0.02771174012236499, "beta_rec": 0.36436547985702794, "cue_position": 9.0}, "datetime": {"datetime": "2020-06-20 04:30:13", "elapsed": 8547.491621, "delta": 11.945286}}
{"target": 7.7875, "params": {"gamma_fc": 0.64990115308969, "beta_enc": 0.9814104657541125, "gamma_cf": 0.16921418469369054, "beta_rec": 0.6095019257734966, "cue_position": 9.0}, "datetime": {"datetime": "2020-06-20 04:30:27", "elapsed": 8561.585465, "delta": 14.093844}}
{"target": 10.483333333333333, "params": {"gamma_fc": 0.6508312566756971, "beta_enc": 0.03697506835935782, "gamma_cf": 0.6074418935145536, "beta_rec": 0.31161391346070466, "cue_position": 9.0}, "datetime": {"datetime": "2020-06-20 04:30:44", "elapsed": 8578.708804, "delta": 17.123339}}
{"target": 7.583333333333333, "params": {"gamma_fc": 0.3987155436290084, "beta_enc": 0.8460545992364693, "gamma_cf": 0.5781739184085382, "beta_rec": 0.9275809425975434, "cue_position": 9.0}, "datetime": {"datetime": "2020-06-20 04:30:58", "elapsed": 8592.558211, "delta": 13.849407}}
{"target": 6.504166666666666, "params": {"gamma_fc": 0.548489089666104, "beta_enc": 0.966612492642142, "gamma_cf": 0.3110130678848415, "beta_rec": 0.15407917183235742, "cue_position": 9.0}, "datetime": {"datetime": "2020-06-20 04:31:10", "elapsed": 8605.139927, "delta": 12.581716}}
{"target": 8.35, "params": {"gamma_fc": 0.7918638755846716, "beta_enc": 0.6820662584328149, "gamma_cf": 0.508482013429616, "beta_rec": 0.23646965132615538, "cue_position": 9.0}, "datetime": {"datetime": "2020-06-20 04:31:25", "elapsed": 8619.767688, "delta": 14.627761}}
{"target": 8.5625, "params": {"gamma_fc": 0.9466766792396476, "beta_enc": 0.6924144621670756, "gamma_cf": 0.47973756704915504, "beta_rec": 0.11897333717301484, "cue_position": 9.0}, "datetime": {"datetime": "2020-06-20 04:31:40", "elapsed": 8634.584235, "delta": 14.816547}}
{"target": 8.920833333333333, "params": {"gamma_fc": 0.7059273667647191, "beta_enc": 0.5534337062482657, "gamma_cf": 0.8542379729163827, "beta_rec": 0.08480182166035288, "cue_position": 9.0}, "datetime": {"datetime": "2020-06-20 04:31:55", "elapsed": 8649.926719, "delta": 15.342484}}
{"target": 6.591666666666667, "params": {"gamma_fc": 0.5942908535866644, "beta_enc": 0.8949395201529242, "gamma_cf": 0.6503981324841198, "beta_rec": 0.32914600179429976, "cue_position": 9.0}, "datetime": {"datetime": "2020-06-20 04:32:08", "elapsed": 8662.622446, "delta": 12.695727}}
{"target": 10.058333333333334, "params": {"gamma_fc": 0.9866774449680826, "beta_enc": 0.2314629355342478, "gamma_cf": 0.8456149622311454, "beta_rec": 0.4268213494482356, "cue_position": 9.0}, "datetime": {"datetime": "2020-06-20 04:32:24", "elapsed": 8679.228978, "delta": 16.606532}}
{"target": 9.708333333333334, "params": {"gamma_fc": 0.258129649281871, "beta_enc": 0.06657080313237929, "gamma_cf": 0.6254353783114329, "beta_rec": 0.7139280322669613, "cue_position": 9.0}, "datetime": {"datetime": "2020-06-20 04:32:41", "elapsed": 8695.47171, "delta": 16.242732}}
{"target": 8.129166666666666, "params": {"gamma_fc": 0.9424988742262075, "beta_enc": 0.6510076093084951, "gamma_cf": 0.9117631736977988, "beta_rec": 0.37114718446272954, "cue_position": 9.0}, "datetime": {"datetime": "2020-06-20 04:32:55", "elapsed": 8709.953528, "delta": 14.481818}}
{"target": 8.5625, "params": {"gamma_fc": 0.7510898073228061, "beta_enc": 0.6135500265601355, "gamma_cf": 0.7504535467233241, "beta_rec": 0.21446778083069262, "cue_position": 9.0}, "datetime": {"datetime": "2020-06-20 04:33:10", "elapsed": 8724.93415, "delta": 14.980622}}
{"target": 10.1375, "params": {"gamma_fc": 0.7107395698995863, "beta_enc": 0.2117213348484862, "gamma_cf": 0.6316207452501602, "beta_rec": 0.8301565261622993, "cue_position": 9.0}, "datetime": {"datetime": "2020-06-20 04:33:27", "elapsed": 8741.650101, "delta": 16.715951}}
{"target": 7.45, "params": {"gamma_fc": 0.5874200192375769, "beta_enc": 0.7423834297071017, "gamma_cf": 0.9029359021217099, "beta_rec": 0.39026470459958096, "cue_position": 9.0}, "datetime": {"datetime": "2020-06-20 04:33:40", "elapsed": 8755.300182, "delta": 13.650081}}
{"target": 9.229166666666666, "params": {"gamma_fc": 0.12643089028968502, "beta_enc": 0.09040971569479861, "gamma_cf": 0.17272746332288003, "beta_rec": 0.12897598414227607, "cue_position": 9.0}, "datetime": {"datetime": "2020-06-20 04:33:56", "elapsed": 8771.034957, "delta": 15.734775}}
{"target": 6.3, "params": {"gamma_fc": 0.9735188608362936, "beta_enc": 0.7783008900676276, "gamma_cf": 0.8790664013584655, "beta_rec": 0.039411512184444275, "cue_position": 9.0}, "datetime": {"datetime": "2020-06-20 04:34:08", "elapsed": 8783.404262, "delta": 12.369305}}
{"target": 8.458333333333334, "params": {"gamma_fc": 0.31129608245616713, "beta_enc": 0.6054220077270481, "gamma_cf": 0.9485727683760076, "beta_rec": 0.9762382645603884, "cue_position": 9.0}, "datetime": {"datetime": "2020-06-20 04:34:23", "elapsed": 8798.263679, "delta": 14.859417}}
{"target": 8.370833333333334, "params": {"gamma_fc": 0.9306443921654484, "beta_enc": 0.798972840361593, "gamma_cf": 0.45855081090250105, "beta_rec": 0.8106291034469015, "cue_position": 9.0}, "datetime": {"datetime": "2020-06-20 04:34:38", "elapsed": 8812.979203, "delta": 14.715524}}
{"target": 9.170833333333333, "params": {"gamma_fc": 0.03264386596259239, "beta_enc": 0.2578929844270399, "gamma_cf": 0.9854449149448306, "beta_rec": 0.9344454925295846, "cue_position": 9.0}, "datetime": {"datetime": "2020-06-20 04:34:54", "elapsed": 8828.644619, "delta": 15.665416}}
{"target": 7.8875, "params": {"gamma_fc": 0.3268306848663751, "beta_enc": 0.7251666588327084, "gamma_cf": 0.259218125650737, "beta_rec": 0.5655542353803811, "cue_position": 9.0}, "datetime": {"datetime": "2020-06-20 04:35:08", "elapsed": 8842.828615, "delta": 14.183996}}
{"target": 9.516666666666667, "params": {"gamma_fc": 0.08318988869699773, "beta_enc": 0.24946220670138775, "gamma_cf": 0.5023950058982584, "beta_rec": 0.21926791032506077, "cue_position": 9.0}, "datetime": {"datetime": "2020-06-20 04:35:24", "elapsed": 8858.885729, "delta": 16.057114}}
{"target": 7.7125, "params": {"gamma_fc": 0.39994592398513173, "beta_enc": 0.7769841920273803, "gamma_cf": 0.5153936931431213, "beta_rec": 0.5336490760837309, "cue_position": 9.0}, "datetime": {"datetime": "2020-06-20 04:35:38", "elapsed": 8872.87062, "delta": 13.984891}}
{"target": 2.970833333333333, "params": {"gamma_fc": 0.39091871150145807, "beta_enc": 0.986246782436295, "gamma_cf": 0.930854967759968, "beta_rec": 0.02824262016291268, "cue_position": 9.0}, "datetime": {"datetime": "2020-06-20 04:35:49", "elapsed": 8883.96857, "delta": 11.09795}}
{"target": 10.233333333333333, "params": {"gamma_fc": 0.2539338558777352, "beta_enc": 0.2144648711333198, "gamma_cf": 0.8032081943280084, "beta_rec": 0.619213297933239, "cue_position": 9.0}, "datetime": {"datetime": "2020-06-20 04:36:19", "elapsed": 8914.018701, "delta": 30.050131}}
{"target": 10.329166666666667, "params": {"gamma_fc": 0.8628389805786156, "beta_enc": 0.2908061550326779, "gamma_cf": 0.5353808917305217, "beta_rec": 0.915915790009957, "cue_position": 9.0}, "datetime": {"datetime": "2020-06-20 04:36:49", "elapsed": 8944.26267, "delta": 30.243969}}
{"target": 7.145833333333333, "params": {"gamma_fc": 0.04157423394916726, "beta_enc": 0.3525325688050618, "gamma_cf": 0.29481201179849537, "beta_rec": 0.9978842782249023, "cue_position": 9.0}, "datetime": {"datetime": "2020-06-20 04:37:13", "elapsed": 8968.08141, "delta": 23.81874}}
{"target": 5.725, "params": {"gamma_fc": 0.7230933996660097, "beta_enc": 0.9897069537867418, "gamma_cf": 0.6408076240458747, "beta_rec": 0.4648876309118224, "cue_position": 9.0}, "datetime": {"datetime": "2020-06-20 04:37:34", "elapsed": 8988.962299, "delta": 20.880889}}
{"target": 10.329166666666667, "params": {"gamma_fc": 0.963915888684551, "beta_enc": 0.05111090382611627, "gamma_cf": 0.5519950271541971, "beta_rec": 0.9200454054097137, "cue_position": 9.0}, "datetime": {"datetime": "2020-06-20 04:38:04", "elapsed": 9019.247024, "delta": 30.284725}}
{"target": 9.733333333333333, "params": {"gamma_fc": 0.3006322885237481, "beta_enc": 0.28095553699036746, "gamma_cf": 0.6280232317552282, "beta_rec": 0.6021466271365452, "cue_position": 9.0}, "datetime": {"datetime": "2020-06-20 04:38:33", "elapsed": 9048.2156, "delta": 28.968576}}
{"target": 6.795833333333333, "params": {"gamma_fc": 0.15045502836766345, "beta_enc": 0.8193583846560202, "gamma_cf": 0.049396384633314305, "beta_rec": 0.06978597850420853, "cue_position": 9.0}, "datetime": {"datetime": "2020-06-20 04:38:56", "elapsed": 9071.127449, "delta": 22.911849}}
{"target": 10.141666666666667, "params": {"gamma_fc": 0.5276215084563493, "beta_enc": 0.39535047379469035, "gamma_cf": 0.6475529858164272, "beta_rec": 0.9553899892571747, "cue_position": 9.0}, "datetime": {"datetime": "2020-06-20 04:39:26", "elapsed": 9100.889804, "delta": 29.762355}}
{"target": 8.816666666666666, "params": {"gamma_fc": 0.7131639731598145, "beta_enc": 0.353242405983059, "gamma_cf": 0.043821509727146934, "beta_rec": 0.19819922932019185, "cue_position": 9.0}, "datetime": {"datetime": "2020-06-20 04:39:53", "elapsed": 9127.939049, "delta": 27.049245}}
{"target": 9.241666666666667, "params": {"gamma_fc": 0.9387191733689311, "beta_enc": 0.6538401991962549, "gamma_cf": 0.10997597244532042, "beta_rec": 0.4437697927247224, "cue_position": 9.0}, "datetime": {"datetime": "2020-06-20 04:40:21", "elapsed": 9155.883289, "delta": 27.94424}}
{"target": 8.020833333333334, "params": {"gamma_fc": 0.48215392215746744, "beta_enc": 0.8476267092393875, "gamma_cf": 0.41656672901474745, "beta_rec": 0.6590356596658833, "cue_position": 9.0}, "datetime": {"datetime": "2020-06-20 04:40:46", "elapsed": 9181.376865, "delta": 25.493576}}
{"target": 7.204166666666667, "params": {"gamma_fc": 0.8754038622793218, "beta_enc": 0.9352837700068006, "gamma_cf": 0.554518498278167, "beta_rec": 0.8635929549181026, "cue_position": 9.0}, "datetime": {"datetime": "2020-06-20 04:41:10", "elapsed": 9205.130849, "delta": 23.753984}}
{"target": 8.2125, "params": {"gamma_fc": 0.91802831908618, "beta_enc": 0.9492644337722901, "gamma_cf": 0.35162490636044264, "beta_rec": 0.639184755868246, "cue_position": 9.0}, "datetime": {"datetime": "2020-06-20 04:41:36", "elapsed": 9230.972618, "delta": 25.841769}}
{"target": 6.3625, "params": {"gamma_fc": 0.8084113566061418, "beta_enc": 0.8367520498538312, "gamma_cf": 0.8498718814403323, "beta_rec": 0.5520558812247628, "cue_position": 9.0}, "datetime": {"datetime": "2020-06-20 04:41:59", "elapsed": 9253.955597, "delta": 22.982979}}
{"target": 10.029166666666667, "params": {"gamma_fc": 0.4207131990251918, "beta_enc": 0.13069282439738805, "gamma_cf": 0.7708318305538303, "beta_rec": 0.5360025748218121, "cue_position": 9.0}, "datetime": {"datetime": "2020-06-20 04:42:29", "elapsed": 9283.476648, "delta": 29.521051}}
{"target": 3.1166666666666667, "params": {"gamma_fc": 0.8087153481852897, "beta_enc": 0.9778803933599658, "gamma_cf": 0.954200507429589, "beta_rec": 0.25077315667300226, "cue_position": 9.0}, "datetime": {"datetime": "2020-06-20 04:42:44", "elapsed": 9298.713294, "delta": 15.236646}}
{"target": 6.520833333333333, "params": {"gamma_fc": 0.2959350518874113, "beta_enc": 0.9003400045106619, "gamma_cf": 0.2355219566098693, "beta_rec": 0.011589589409895185, "cue_position": 9.0}, "datetime": {"datetime": "2020-06-20 04:43:06", "elapsed": 9320.914382, "delta": 22.201088}}
{"target": 8.575, "params": {"gamma_fc": 0.5846916130045258, "beta_enc": 0.7379954964038409, "gamma_cf": 0.3652744612070937, "beta_rec": 0.7240848448640741, "cue_position": 9.0}, "datetime": {"datetime": "2020-06-20 04:43:32", "elapsed": 9347.384073, "delta": 26.469691}}
{"target": 9.2375, "params": {"gamma_fc": 0.7717184824154584, "beta_enc": 0.5337077546342763, "gamma_cf": 0.39564827226754884, "beta_rec": 0.550579559007862, "cue_position": 9.0}, "datetime": {"datetime": "2020-06-20 04:44:00", "elapsed": 9375.151761, "delta": 27.767688}}
{"target": 8.675, "params": {"gamma_fc": 0.7233610443943062, "beta_enc": 0.2512031833493866, "gamma_cf": 0.0035547604644260433, "beta_rec": 0.655760767903366, "cue_position": 9.0}, "datetime": {"datetime": "2020-06-20 04:44:27", "elapsed": 9401.7636, "delta": 26.611839}}
{"target": 10.1625, "params": {"gamma_fc": 0.9138438752466082, "beta_enc": 0.10899503392964371, "gamma_cf": 0.24294712577080113, "beta_rec": 0.5437874916638252, "cue_position": 9.0}, "datetime": {"datetime": "2020-06-20 04:44:56", "elapsed": 9431.265257, "delta": 29.501657}}
{"target": 8.441666666666666, "params": {"gamma_fc": 0.5552253185313445, "beta_enc": 0.6223125286916178, "gamma_cf": 0.10550707999733477, "beta_rec": 0.23169469139485988, "cue_position": 9.0}, "datetime": {"datetime": "2020-06-20 04:45:22", "elapsed": 9457.296284, "delta": 26.031027}}
{"target": 10.2625, "params": {"gamma_fc": 0.71582695285818, "beta_enc": 0.0949560698024915, "gamma_cf": 0.6494668079547463, "beta_rec": 0.5809840726750195, "cue_position": 9.0}, "datetime": {"datetime": "2020-06-20 04:45:52", "elapsed": 9486.966286, "delta": 29.670002}}
{"target": 8.941666666666666, "params": {"gamma_fc": 0.6196819920538628, "beta_enc": 0.5241856145686612, "gamma_cf": 0.8075122716430321, "beta_rec": 0.6575214077031101, "cue_position": 9.0}, "datetime": {"datetime": "2020-06-20 04:46:19", "elapsed": 9514.032262, "delta": 27.065976}}
{"target": 9.295833333333333, "params": {"gamma_fc": 0.18493502237340165, "beta_enc": 0.45110246212077487, "gamma_cf": 0.7029317321143713, "beta_rec": 0.40794998904736746, "cue_position": 9.0}, "datetime": {"datetime": "2020-06-20 04:46:47", "elapsed": 9541.81043, "delta": 27.778168}}
{"target": 9.0375, "params": {"gamma_fc": 0.8202024663153499, "beta_enc": 0.5657321466292633, "gamma_cf": 0.8455176755307064, "beta_rec": 0.9088080323000569, "cue_position": 9.0}, "datetime": {"datetime": "2020-06-20 04:47:14", "elapsed": 9569.076222, "delta": 27.265792}}
{"target": 8.879166666666666, "params": {"gamma_fc": 0.04415479603186245, "beta_enc": 0.4993411012978345, "gamma_cf": 0.9226386946886712, "beta_rec": 0.0375838514857032, "cue_position": 9.0}, "datetime": {"datetime": "2020-06-20 04:47:41", "elapsed": 9596.118913, "delta": 27.042691}}
{"target": 8.891666666666667, "params": {"gamma_fc": 0.15597523304342242, "beta_enc": 0.3724987664053595, "gamma_cf": 0.9810797572402973, "beta_rec": 0.6190396347254709, "cue_position": 9.0}, "datetime": {"datetime": "2020-06-20 04:48:08", "elapsed": 9623.19775, "delta": 27.078837}}
{"target": 9.075, "params": {"gamma_fc": 0.49100852913292925, "beta_enc": 0.5396791951612744, "gamma_cf": 0.4663089892093414, "beta_rec": 0.6180113243466446, "cue_position": 9.0}, "datetime": {"datetime": "2020-06-20 04:48:36", "elapsed": 9651.351301, "delta": 28.153551}}
{"target": 7.775, "params": {"gamma_fc": 0.45337742652219837, "beta_enc": 0.766862376326542, "gamma_cf": 0.6669425431939752, "beta_rec": 0.6342807527738734, "cue_position": 9.0}, "datetime": {"datetime": "2020-06-20 04:49:01", "elapsed": 9676.349069, "delta": 24.997768}}
{"target": 8.970833333333333, "params": {"gamma_fc": 0.6028653375383973, "beta_enc": 0.5257115913414097, "gamma_cf": 0.7880495511723071, "beta_rec": 0.6585680415583619, "cue_position": 9.0}, "datetime": {"datetime": "2020-06-20 04:49:29", "elapsed": 9703.760426, "delta": 27.411357}}
{"target": 4.1, "params": {"gamma_fc": 0.6014334096987881, "beta_enc": 0.9803328851373277, "gamma_cf": 0.8956418025994466, "beta_rec": 0.22238319353117575, "cue_position": 9.0}, "datetime": {"datetime": "2020-06-20 04:49:46", "elapsed": 9721.119176, "delta": 17.35875}}
{"target": 7.25, "params": {"gamma_fc": 0.20018606573932207, "beta_enc": 0.725958845848815, "gamma_cf": 0.9460550298475632, "beta_rec": 0.41367016420136027, "cue_position": 9.0}, "datetime": {"datetime": "2020-06-20 04:50:10", "elapsed": 9745.063627, "delta": 23.944451}}
{"target": 6.533333333333333, "params": {"gamma_fc": 0.11737692031312974, "beta_enc": 0.8073652638773204, "gamma_cf": 0.21520958659442757, "beta_rec": 0.9695380120998964, "cue_position": 9.0}, "datetime": {"datetime": "2020-06-20 04:50:33", "elapsed": 9767.510065, "delta": 22.446438}}
{"target": 7.7875, "params": {"gamma_fc": 0.9052027659330404, "beta_enc": 0.7674235177414532, "gamma_cf": 0.38961201587930516, "beta_rec": 0.08121658594273329, "cue_position": 9.0}, "datetime": {"datetime": "2020-06-20 04:50:58", "elapsed": 9792.510237, "delta": 25.000172}}
{"target": 10.208333333333334, "params": {"gamma_fc": 0.4621580966913571, "beta_enc": 0.18857760349946784, "gamma_cf": 0.5952697806732562, "beta_rec": 0.44087219982229087, "cue_position": 9.0}, "datetime": {"datetime": "2020-06-20 04:51:29", "elapsed": 9824.400381, "delta": 31.890144}}
{"target": 7.575, "params": {"gamma_fc": 0.11396576145918635, "beta_enc": 0.5126497467571176, "gamma_cf": 0.1935589577238105, "beta_rec": 0.5738855268923474, "cue_position": 9.0}, "datetime": {"datetime": "2020-06-20 04:51:54", "elapsed": 9848.854854, "delta": 24.454473}}
{"target": 10.229166666666666, "params": {"gamma_fc": 0.35911933892411074, "beta_enc": 0.151227927370148, "gamma_cf": 0.8477210140360106, "beta_rec": 0.0524909638531339, "cue_position": 9.0}, "datetime": {"datetime": "2020-06-20 04:52:24", "elapsed": 9878.769422, "delta": 29.914568}}
{"target": 10.091666666666667, "params": {"gamma_fc": 0.81072123360737, "beta_enc": 0.07531087263581782, "gamma_cf": 0.4254034655756376, "beta_rec": 0.42572441198511624, "cue_position": 9.0}, "datetime": {"datetime": "2020-06-20 04:52:54", "elapsed": 9908.48576, "delta": 29.716338}}
{"target": 7.366666666666666, "params": {"gamma_fc": 0.6826980429032513, "beta_enc": 0.9418862461867052, "gamma_cf": 0.4702989247821753, "beta_rec": 0.8699107732683544, "cue_position": 9.0}, "datetime": {"datetime": "2020-06-20 04:53:18", "elapsed": 9932.576304, "delta": 24.090544}}
{"target": 10.491666666666667, "params": {"gamma_fc": 0.8071099016661061, "beta_enc": 0.013418310556529534, "gamma_cf": 0.9062603959616818, "beta_rec": 0.9824781185020439, "cue_position": 9.0}, "datetime": {"datetime": "2020-06-20 04:53:48", "elapsed": 9963.071003, "delta": 30.494699}}
{"target": 7.8875, "params": {"gamma_fc": 0.8493711007306549, "beta_enc": 0.8001396843869877, "gamma_cf": 0.42880069291408873, "beta_rec": 0.2689360577850649, "cue_position": 9.0}, "datetime": {"datetime": "2020-06-20 04:54:13", "elapsed": 9988.306975, "delta": 25.235972}}
{"target": 9.441666666666666, "params": {"gamma_fc": 0.9806990363557802, "beta_enc": 0.45037964247172024, "gamma_cf": 0.6193921656967597, "beta_rec": 0.9354201140070618, "cue_position": 9.0}, "datetime": {"datetime": "2020-06-20 04:54:42", "elapsed": 10016.734842, "delta": 28.427867}}
{"target": 8.529166666666667, "params": {"gamma_fc": 0.5321815485216747, "beta_enc": 0.6434625222408049, "gamma_cf": 0.3347513437136638, "beta_rec": 0.04549821604060378, "cue_position": 9.0}, "datetime": {"datetime": "2020-06-20 04:55:08", "elapsed": 10043.197416, "delta": 26.462574}}
{"target": 9.933333333333334, "params": {"gamma_fc": 0.8671392999990885, "beta_enc": 0.2847462086131314, "gamma_cf": 0.6813597548913063, "beta_rec": 0.1222612302300028, "cue_position": 9.0}, "datetime": {"datetime": "2020-06-20 04:55:37", "elapsed": 10072.457391, "delta": 29.259975}}
