{"target": 5.148888888888889, "params": {"beta_rec": 0.7203244934421581, "beta_enc": 0.8, "cue_position": 10.0, "gamma_fc": 0.30233257263183977}, "datetime": {"elapsed": 0.0, "delta": 0.0, "datetime": "2020-09-22 16:44:07"}}
{"target": 4.593333333333334, "params": {"beta_rec": 0.0923385947687978, "beta_enc": 0.8, "cue_position": 10.0, "gamma_fc": 0.34556072704304774}, "datetime": {"elapsed": 40.26025, "delta": 40.26025, "datetime": "2020-09-22 16:44:47"}}
{"target": 4.863333333333333, "params": {"beta_rec": 0.538816734003357, "beta_enc": 0.8, "cue_position": 10.0, "gamma_fc": 0.6852195003967595}, "datetime": {"elapsed": 82.674007, "delta": 42.413757, "datetime": "2020-09-22 16:45:30"}}
{"target": 4.981111111111111, "params": {"beta_rec": 0.8781174363909454, "beta_enc": 0.8, "cue_position": 10.0, "gamma_fc": 0.6704675101784022}, "datetime": {"elapsed": 125.328873, "delta": 42.654866, "datetime": "2020-09-22 16:46:12"}}
{"target": 5.067777777777778, "params": {"beta_rec": 0.5586898284457517, "beta_enc": 0.8, "cue_position": 10.0, "gamma_fc": 0.1981014890848788}, "datetime": {"elapsed": 168.708592, "delta": 43.379719, "datetime": "2020-09-22 16:46:56"}}
{"target": 5.133333333333334, "params": {"beta_rec": 0.9682615757193975, "beta_enc": 0.8, "cue_position": 10.0, "gamma_fc": 0.6923226156693141}, "datetime": {"elapsed": 212.350228, "delta": 43.641636, "datetime": "2020-09-22 16:47:39"}}
{"target": 5.238888888888889, "params": {"beta_rec": 0.8946066635038473, "beta_enc": 0.8, "cue_position": 10.0, "gamma_fc": 0.03905478323288236}, "datetime": {"elapsed": 256.38989, "delta": 44.039662, "datetime": "2020-09-22 16:48:23"}}
{"target": 5.3533333333333335, "params": {"beta_rec": 0.8781425034294131, "beta_enc": 0.8, "cue_position": 10.0, "gamma_fc": 0.42110762500505217}, "datetime": {"elapsed": 301.1287, "delta": 44.73881, "datetime": "2020-09-22 16:49:08"}}
{"target": 5.026666666666666, "params": {"beta_rec": 0.5331652849730171, "beta_enc": 0.8, "cue_position": 10.0, "gamma_fc": 0.31551563100606295}, "datetime": {"elapsed": 344.011832, "delta": 42.883132, "datetime": "2020-09-22 16:49:51"}}
{"target": 5.086666666666667, "params": {"beta_rec": 0.8346256718973729, "beta_enc": 0.8, "cue_position": 10.0, "gamma_fc": 0.7501443149449675}, "datetime": {"elapsed": 387.30531, "delta": 43.293478, "datetime": "2020-09-22 16:50:34"}}
{"target": 5.0055555555555555, "params": {"beta_rec": 0.7481656543798394, "beta_enc": 0.8, "cue_position": 10.0, "gamma_fc": 0.7892793284514885}, "datetime": {"elapsed": 429.368118, "delta": 42.062808, "datetime": "2020-09-22 16:51:16"}}
{"target": 4.993333333333333, "params": {"beta_rec": 0.44789352617590517, "beta_enc": 0.8, "cue_position": 10.0, "gamma_fc": 0.2936141483736795}, "datetime": {"elapsed": 472.384828, "delta": 43.01671, "datetime": "2020-09-22 16:51:59"}}
{"target": 4.754444444444444, "params": {"beta_rec": 0.13002857211827767, "beta_enc": 0.8, "cue_position": 10.0, "gamma_fc": 0.678835532939891}, "datetime": {"elapsed": 513.911049, "delta": 41.526221, "datetime": "2020-09-22 16:52:41"}}
{"target": 4.913333333333333, "params": {"beta_rec": 0.2655466593722262, "beta_enc": 0.8, "cue_position": 10.0, "gamma_fc": 0.053362545117080384}, "datetime": {"elapsed": 555.561737, "delta": 41.650688, "datetime": "2020-09-22 16:53:22"}}
{"target": 4.688888888888889, "params": {"beta_rec": 0.14672857490581015, "beta_enc": 0.8, "cue_position": 10.0, "gamma_fc": 0.6997583600209312}, "datetime": {"elapsed": 597.110172, "delta": 41.548435, "datetime": "2020-09-22 16:54:04"}}
{"target": 4.944444444444445, "params": {"beta_rec": 0.4140559878195683, "beta_enc": 0.8, "cue_position": 10.0, "gamma_fc": 0.41417926952690265}, "datetime": {"elapsed": 639.467232, "delta": 42.35706, "datetime": "2020-09-22 16:54:46"}}
{"target": 4.918888888888889, "params": {"beta_rec": 0.5358964059155116, "beta_enc": 0.8, "cue_position": 10.0, "gamma_fc": 0.5148891120583086}, "datetime": {"elapsed": 681.152281, "delta": 41.685049, "datetime": "2020-09-22 16:55:28"}}
{"target": 5.158888888888889, "params": {"beta_rec": 0.5865550405019929, "beta_enc": 0.8, "cue_position": 10.0, "gamma_fc": 0.13747470414623753}, "datetime": {"elapsed": 725.233964, "delta": 44.081683, "datetime": "2020-09-22 16:56:12"}}
{"target": 5.318888888888889, "params": {"beta_rec": 0.8073912887095238, "beta_enc": 0.8, "cue_position": 10.0, "gamma_fc": 0.16535419711693278}, "datetime": {"elapsed": 769.344526, "delta": 44.110562, "datetime": "2020-09-22 16:56:56"}}
{"target": 4.847777777777778, "params": {"beta_rec": 0.34776585974550656, "beta_enc": 0.8, "cue_position": 10.0, "gamma_fc": 0.7259979853504515}, "datetime": {"elapsed": 811.758679, "delta": 42.414153, "datetime": "2020-09-22 16:57:39"}}
{"target": 5.136666666666667, "params": {"beta_rec": 0.6236722070556089, "beta_enc": 0.8, "cue_position": 10.0, "gamma_fc": 0.34889834197784253}, "datetime": {"elapsed": 854.86645, "delta": 43.107771, "datetime": "2020-09-22 16:58:22"}}
{"target": 5.017777777777778, "params": {"beta_rec": 0.8958862181960668, "beta_enc": 0.8, "cue_position": 10.0, "gamma_fc": 0.9648400471483856}, "datetime": {"elapsed": 898.034849, "delta": 43.168399, "datetime": "2020-09-22 16:59:05"}}
{"target": 4.87, "params": {"beta_rec": 0.6216957202091218, "beta_enc": 0.8, "cue_position": 10.0, "gamma_fc": 0.9494892587070712}, "datetime": {"elapsed": 939.797558, "delta": 41.762709, "datetime": "2020-09-22 16:59:47"}}
{"target": 5.116666666666666, "params": {"beta_rec": 0.5783896143871318, "beta_enc": 0.8, "cue_position": 10.0, "gamma_fc": 0.2370269802430277}, "datetime": {"elapsed": 983.49225, "delta": 43.694692, "datetime": "2020-09-22 17:00:30"}}
{"target": 4.943333333333333, "params": {"beta_rec": 0.5736794866722859, "beta_enc": 0.8, "cue_position": 10.0, "gamma_fc": 0.6171449136207239}, "datetime": {"elapsed": 1025.876525, "delta": 42.384275, "datetime": "2020-09-22 17:01:13"}}
{"target": 4.901111111111111, "params": {"beta_rec": 0.5270581022576093, "beta_enc": 0.8, "cue_position": 10.0, "gamma_fc": 0.35726976000249977}, "datetime": {"elapsed": 1068.258778, "delta": 42.382253, "datetime": "2020-09-22 17:01:55"}}
{"target": 5.024444444444445, "params": {"beta_rec": 0.6233601157918027, "beta_enc": 0.8, "cue_position": 10.0, "gamma_fc": 0.9294372337437613}, "datetime": {"elapsed": 1111.138543, "delta": 42.879765, "datetime": "2020-09-22 17:02:38"}}
{"target": 5.745555555555556, "params": {"beta_rec": 0.9973228504514805, "beta_enc": 0.8, "cue_position": 10.0, "gamma_fc": 0.13713574962887776}, "datetime": {"elapsed": 1157.296987, "delta": 46.158444, "datetime": "2020-09-22 17:03:24"}}
{"target": 4.944444444444445, "params": {"beta_rec": 0.6968181614899002, "beta_enc": 0.8, "cue_position": 10.0, "gamma_fc": 0.7554630526024664}, "datetime": {"elapsed": 1200.18634, "delta": 42.889353, "datetime": "2020-09-22 17:04:07"}}
{"target": 5.414444444444444, "params": {"beta_rec": 0.9230245355464833, "beta_enc": 0.8, "cue_position": 10.0, "gamma_fc": 0.1242709619721647}, "datetime": {"elapsed": 1244.790584, "delta": 44.604244, "datetime": "2020-09-22 17:04:52"}}
{"target": 4.3244444444444445, "params": {"beta_rec": 0.026210986877719278, "beta_enc": 0.8, "cue_position": 10.0, "gamma_fc": 0.2462110676030459}, "datetime": {"elapsed": 1284.249166, "delta": 39.458582, "datetime": "2020-09-22 17:05:31"}}
{"target": 4.907777777777778, "params": {"beta_rec": 0.5388310643416528, "beta_enc": 0.8, "cue_position": 10.0, "gamma_fc": 0.8420308923596057}, "datetime": {"elapsed": 1326.361021, "delta": 42.111855, "datetime": "2020-09-22 17:06:13"}}
{"target": 4.855555555555555, "params": {"beta_rec": 0.2791836790111395, "beta_enc": 0.8, "cue_position": 10.0, "gamma_fc": 0.9695957483196745}, "datetime": {"elapsed": 1368.447017, "delta": 42.085996, "datetime": "2020-09-22 17:06:55"}}
{"target": 4.3244444444444445, "params": {"beta_rec": 0.01864728937294302, "beta_enc": 0.8, "cue_position": 10.0, "gamma_fc": 0.23297427384102043}, "datetime": {"elapsed": 1407.854024, "delta": 39.407007, "datetime": "2020-09-22 17:07:35"}}
{"target": 4.873333333333333, "params": {"beta_rec": 0.38786064406417176, "beta_enc": 0.8, "cue_position": 10.0, "gamma_fc": 0.7471216427371846}, "datetime": {"elapsed": 1449.804296, "delta": 41.950272, "datetime": "2020-09-22 17:08:17"}}
{"target": 4.716666666666667, "params": {"beta_rec": 0.13645522566068502, "beta_enc": 0.8, "cue_position": 10.0, "gamma_fc": 0.12134345574073735}, "datetime": {"elapsed": 1491.458294, "delta": 41.653998, "datetime": "2020-09-22 17:08:58"}}
{"target": 4.58, "params": {"beta_rec": 0.1074941291060929, "beta_enc": 0.8, "cue_position": 10.0, "gamma_fc": 0.7129889803826767}, "datetime": {"elapsed": 1531.548729, "delta": 40.090435, "datetime": "2020-09-22 17:09:38"}}
{"target": 4.223333333333334, "params": {"beta_rec": 0.012555980159115854, "beta_enc": 0.8, "cue_position": 10.0, "gamma_fc": 0.967276330000272}, "datetime": {"elapsed": 1570.783576, "delta": 39.234847, "datetime": "2020-09-22 17:10:18"}}
{"target": 4.7, "params": {"beta_rec": 0.20329323466099047, "beta_enc": 0.8, "cue_position": 10.0, "gamma_fc": 0.7438258540750929}, "datetime": {"elapsed": 1611.44012, "delta": 40.656544, "datetime": "2020-09-22 17:10:58"}}
{"target": 4.9222222222222225, "params": {"beta_rec": 0.5813589272732578, "beta_enc": 0.8, "cue_position": 10.0, "gamma_fc": 0.8468288014900353}, "datetime": {"elapsed": 1654.234476, "delta": 42.794356, "datetime": "2020-09-22 17:11:41"}}
{"target": 4.852222222222222, "params": {"beta_rec": 0.49376971426872995, "beta_enc": 0.8, "cue_position": 10.0, "gamma_fc": 0.8289808995501787}, "datetime": {"elapsed": 1695.813158, "delta": 41.578682, "datetime": "2020-09-22 17:12:23"}}
{"target": 4.253333333333333, "params": {"beta_rec": 0.018576202177409518, "beta_enc": 0.8, "cue_position": 10.0, "gamma_fc": 0.4863451109370318}, "datetime": {"elapsed": 1734.891515, "delta": 39.078357, "datetime": "2020-09-22 17:13:02"}}
{"target": 4.764444444444444, "params": {"beta_rec": 0.5688514370864813, "beta_enc": 0.8, "cue_position": 10.0, "gamma_fc": 0.9886161544124489}, "datetime": {"elapsed": 1776.389046, "delta": 41.497531, "datetime": "2020-09-22 17:13:43"}}
{"target": 4.767777777777778, "params": {"beta_rec": 0.3801411726235504, "beta_enc": 0.8, "cue_position": 10.0, "gamma_fc": 0.7453344309065021}, "datetime": {"elapsed": 1818.048667, "delta": 41.659621, "datetime": "2020-09-22 17:14:25"}}
{"target": 4.873333333333333, "params": {"beta_rec": 0.2649195576628094, "beta_enc": 0.8, "cue_position": 10.0, "gamma_fc": 0.3700841979141063}, "datetime": {"elapsed": 1860.325797, "delta": 42.27713, "datetime": "2020-09-22 17:15:07"}}
{"target": 4.858888888888889, "params": {"beta_rec": 0.2101740099148396, "beta_enc": 0.8, "cue_position": 10.0, "gamma_fc": 0.06653648135411494}, "datetime": {"elapsed": 1902.260111, "delta": 41.934314, "datetime": "2020-09-22 17:15:49"}}
{"target": 4.94, "params": {"beta_rec": 0.8047545637433454, "beta_enc": 0.8, "cue_position": 10.0, "gamma_fc": 0.6394608808799401}, "datetime": {"elapsed": 1945.027276, "delta": 42.767165, "datetime": "2020-09-22 17:16:32"}}
{"target": 5.122222222222222, "params": {"beta_rec": 0.9248079703993507, "beta_enc": 0.8, "cue_position": 10.0, "gamma_fc": 0.06596109068402378}, "datetime": {"elapsed": 1987.841347, "delta": 42.814071, "datetime": "2020-09-22 17:17:15"}}
{"target": 4.966666666666667, "params": {"beta_rec": 0.7721780295432468, "beta_enc": 0.8, "cue_position": 10.0, "gamma_fc": 0.9319720691968373}, "datetime": {"elapsed": 2030.692167, "delta": 42.85082, "datetime": "2020-09-22 17:17:58"}}
{"target": 4.738888888888889, "params": {"beta_rec": 0.2343620861214205, "beta_enc": 0.8, "cue_position": 10.0, "gamma_fc": 0.9490163206876164}, "datetime": {"elapsed": 2072.232108, "delta": 41.539941, "datetime": "2020-09-22 17:18:39"}}
{"target": 4.995555555555556, "params": {"beta_rec": 0.5566531881951564, "beta_enc": 0.8, "cue_position": 10.0, "gamma_fc": 0.6415662089463375}, "datetime": {"elapsed": 2114.855832, "delta": 42.623724, "datetime": "2020-09-22 17:19:22"}}
{"target": 4.858888888888889, "params": {"beta_rec": 0.48599066709690975, "beta_enc": 0.8, "cue_position": 10.0, "gamma_fc": 0.5495479215085626}, "datetime": {"elapsed": 2157.215987, "delta": 42.360155, "datetime": "2020-09-22 17:20:04"}}
{"target": 5.162222222222222, "params": {"beta_rec": 0.9187334356336061, "beta_enc": 0.8, "cue_position": 10.0, "gamma_fc": 0.9632625284407118}, "datetime": {"elapsed": 2200.232892, "delta": 43.016905, "datetime": "2020-09-22 17:20:47"}}
{"target": 4.66, "params": {"beta_rec": 0.12632951943963733, "beta_enc": 0.8, "cue_position": 10.0, "gamma_fc": 0.5056621656768967}, "datetime": {"elapsed": 2240.556313, "delta": 40.323421, "datetime": "2020-09-22 17:21:27"}}
{"target": 5.153333333333333, "params": {"beta_rec": 0.947970211217681, "beta_enc": 0.8, "cue_position": 10.0, "gamma_fc": 0.015018980742122379}, "datetime": {"elapsed": 2283.574764, "delta": 43.018451, "datetime": "2020-09-22 17:22:11"}}
{"target": 4.823333333333333, "params": {"beta_rec": 0.332063574366837, "beta_enc": 0.8, "cue_position": 10.0, "gamma_fc": 0.8094906921265821}, "datetime": {"elapsed": 2324.769707, "delta": 41.194943, "datetime": "2020-09-22 17:22:52"}}
{"target": 5.098888888888889, "params": {"beta_rec": 0.9401074823333672, "beta_enc": 0.8, "cue_position": 10.0, "gamma_fc": 0.8788319844118441}, "datetime": {"elapsed": 2367.545077, "delta": 42.77537, "datetime": "2020-09-22 17:23:34"}}
{"target": 5.156666666666666, "params": {"beta_rec": 0.9053923187086492, "beta_enc": 0.8, "cue_position": 10.0, "gamma_fc": 0.5463468160203733}, "datetime": {"elapsed": 2410.546254, "delta": 43.001177, "datetime": "2020-09-22 17:24:17"}}
{"target": 4.937777777777778, "params": {"beta_rec": 0.28571885173414757, "beta_enc": 0.8, "cue_position": 10.0, "gamma_fc": 0.5991103076458784}, "datetime": {"elapsed": 2452.615231, "delta": 42.068977, "datetime": "2020-09-22 17:25:00"}}
{"target": 4.876666666666667, "params": {"beta_rec": 0.5934814081966372, "beta_enc": 0.8, "cue_position": 10.0, "gamma_fc": 0.8073605288848414}, "datetime": {"elapsed": 2494.657312, "delta": 42.042081, "datetime": "2020-09-22 17:25:42"}}
{"target": 5.28, "params": {"beta_rec": 0.8928887085251513, "beta_enc": 0.8, "cue_position": 10.0, "gamma_fc": 0.18401020162746506}, "datetime": {"elapsed": 2538.93823, "delta": 44.280918, "datetime": "2020-09-22 17:26:26"}}
{"target": 5.013333333333334, "params": {"beta_rec": 0.6120311770449339, "beta_enc": 0.8, "cue_position": 10.0, "gamma_fc": 0.4201936800011322}, "datetime": {"elapsed": 2581.875623, "delta": 42.937393, "datetime": "2020-09-22 17:27:09"}}
{"target": 5.088888888888889, "params": {"beta_rec": 0.9186017779775258, "beta_enc": 0.8, "cue_position": 10.0, "gamma_fc": 0.9767591490310596}, "datetime": {"elapsed": 2625.242033, "delta": 43.36641, "datetime": "2020-09-22 17:27:52"}}
{"target": 4.987777777777778, "params": {"beta_rec": 0.9737835383583225, "beta_enc": 0.8, "cue_position": 10.0, "gamma_fc": 0.828845807980693}, "datetime": {"elapsed": 2668.054448, "delta": 42.812415, "datetime": "2020-09-22 17:28:35"}}
{"target": 4.932222222222222, "params": {"beta_rec": 0.6280761983073504, "beta_enc": 0.8, "cue_position": 10.0, "gamma_fc": 0.586833340656083}, "datetime": {"elapsed": 2710.587674, "delta": 42.533226, "datetime": "2020-09-22 17:29:18"}}
{"target": 5.142222222222222, "params": {"beta_rec": 0.8583138364290424, "beta_enc": 0.8, "cue_position": 10.0, "gamma_fc": 0.698057248447303}, "datetime": {"elapsed": 2754.209792, "delta": 43.622118, "datetime": "2020-09-22 17:30:01"}}
{"target": 4.96, "params": {"beta_rec": 0.32268099683674645, "beta_enc": 0.8, "cue_position": 10.0, "gamma_fc": 0.45087393641334916}, "datetime": {"elapsed": 2796.892705, "delta": 42.682913, "datetime": "2020-09-22 17:30:44"}}
{"target": 4.8, "params": {"beta_rec": 0.4108113499221856, "beta_enc": 0.8, "cue_position": 10.0, "gamma_fc": 0.3173839459582769}, "datetime": {"elapsed": 2838.699915, "delta": 41.80721, "datetime": "2020-09-22 17:31:26"}}
{"target": 4.974444444444444, "params": {"beta_rec": 0.43024727082126435, "beta_enc": 0.8, "cue_position": 10.0, "gamma_fc": 0.6778008914343111}, "datetime": {"elapsed": 2881.441099, "delta": 42.741184, "datetime": "2020-09-22 17:32:08"}}
{"target": 4.908888888888889, "params": {"beta_rec": 0.4267010093480328, "beta_enc": 0.8, "cue_position": 10.0, "gamma_fc": 0.7976388039585666}, "datetime": {"elapsed": 2923.836593, "delta": 42.395494, "datetime": "2020-09-22 17:32:51"}}
{"target": 5.405555555555556, "params": {"beta_rec": 0.903841955826372, "beta_enc": 0.8, "cue_position": 10.0, "gamma_fc": 0.2702082620297578}, "datetime": {"elapsed": 2968.944864, "delta": 45.108271, "datetime": "2020-09-22 17:33:36"}}
{"target": 4.937777777777778, "params": {"beta_rec": 0.8548979426974024, "beta_enc": 0.8, "cue_position": 10.0, "gamma_fc": 0.8021610840045981}, "datetime": {"elapsed": 3011.556075, "delta": 42.611211, "datetime": "2020-09-22 17:34:18"}}
{"target": 4.84, "params": {"beta_rec": 0.7331425252875111, "beta_enc": 0.8, "cue_position": 10.0, "gamma_fc": 0.770883910501888}, "datetime": {"elapsed": 3053.559044, "delta": 42.002969, "datetime": "2020-09-22 17:35:00"}}
{"target": 5.022222222222222, "params": {"beta_rec": 0.4657098785919809, "beta_enc": 0.8, "cue_position": 10.0, "gamma_fc": 0.06820934841670412}, "datetime": {"elapsed": 3096.569062, "delta": 43.010018, "datetime": "2020-09-22 17:35:44"}}
{"target": 4.441111111111111, "params": {"beta_rec": 0.07962607769825236, "beta_enc": 0.8, "cue_position": 10.0, "gamma_fc": 0.18161285133076377}, "datetime": {"elapsed": 3136.421388, "delta": 39.852326, "datetime": "2020-09-22 17:36:23"}}
{"target": 5.013333333333334, "params": {"beta_rec": 0.8749616449558981, "beta_enc": 0.8, "cue_position": 10.0, "gamma_fc": 0.5694944127453757}, "datetime": {"elapsed": 3179.311996, "delta": 42.890608, "datetime": "2020-09-22 17:37:06"}}
{"target": 4.975555555555555, "params": {"beta_rec": 0.4668800227633063, "beta_enc": 0.8, "cue_position": 10.0, "gamma_fc": 0.2250399578140846}, "datetime": {"elapsed": 3221.996803, "delta": 42.684807, "datetime": "2020-09-22 17:37:49"}}
{"target": 4.817777777777778, "params": {"beta_rec": 0.31226983770191696, "beta_enc": 0.8, "cue_position": 10.0, "gamma_fc": 0.9096355249515571}, "datetime": {"elapsed": 3263.811837, "delta": 41.815034, "datetime": "2020-09-22 17:38:31"}}
{"target": 4.605555555555555, "params": {"beta_rec": 0.1108913007440292, "beta_enc": 0.8, "cue_position": 10.0, "gamma_fc": 0.49958417067888605}, "datetime": {"elapsed": 3304.552837, "delta": 40.741, "datetime": "2020-09-22 17:39:11"}}
{"target": 4.7, "params": {"beta_rec": 0.20819443840879148, "beta_enc": 0.8, "cue_position": 10.0, "gamma_fc": 0.851671874936367}, "datetime": {"elapsed": 3345.833533, "delta": 41.280696, "datetime": "2020-09-22 17:39:53"}}
{"target": 5.234444444444445, "params": {"beta_rec": 0.6166850671552362, "beta_enc": 0.8, "cue_position": 10.0, "gamma_fc": 0.10196725942579743}, "datetime": {"elapsed": 3389.887443, "delta": 44.05391, "datetime": "2020-09-22 17:40:37"}}
{"target": 4.914444444444444, "params": {"beta_rec": 0.47714098704978236, "beta_enc": 0.8, "cue_position": 10.0, "gamma_fc": 0.6218062317404155}, "datetime": {"elapsed": 3432.269515, "delta": 42.382072, "datetime": "2020-09-22 17:41:19"}}
{"target": 4.847777777777778, "params": {"beta_rec": 0.6541373469707443, "beta_enc": 0.8, "cue_position": 10.0, "gamma_fc": 0.7515278171352439}, "datetime": {"elapsed": 3474.323895, "delta": 42.05438, "datetime": "2020-09-22 17:42:01"}}
{"target": 5.148888888888889, "params": {"beta_rec": 0.519351824366033, "beta_enc": 0.8, "cue_position": 10.0, "gamma_fc": 0.02233042799180618}, "datetime": {"elapsed": 3517.878286, "delta": 43.554391, "datetime": "2020-09-22 17:42:45"}}
{"target": 5.014444444444444, "params": {"beta_rec": 0.872922376400111, "beta_enc": 0.8, "cue_position": 10.0, "gamma_fc": 0.5384405925945437}, "datetime": {"elapsed": 3560.791747, "delta": 42.913461, "datetime": "2020-09-22 17:43:28"}}
{"target": 5.082222222222223, "params": {"beta_rec": 0.9498059913536265, "beta_enc": 0.8, "cue_position": 10.0, "gamma_fc": 0.8541154438365387}, "datetime": {"elapsed": 3604.074076, "delta": 43.282329, "datetime": "2020-09-22 17:44:11"}}
{"target": 5.003333333333333, "params": {"beta_rec": 0.651304332340991, "beta_enc": 0.8, "cue_position": 10.0, "gamma_fc": 0.6102408126466297}, "datetime": {"elapsed": 3647.032673, "delta": 42.958597, "datetime": "2020-09-22 17:44:54"}}
{"target": 4.336666666666667, "params": {"beta_rec": 0.03457121987163425, "beta_enc": 0.8, "cue_position": 10.0, "gamma_fc": 0.731728600739527}, "datetime": {"elapsed": 3686.28383, "delta": 39.251157, "datetime": "2020-09-22 17:45:33"}}
{"target": 4.863333333333333, "params": {"beta_rec": 0.2570692988221467, "beta_enc": 0.8, "cue_position": 10.0, "gamma_fc": 0.34529746159108154}, "datetime": {"elapsed": 3728.325832, "delta": 42.042002, "datetime": "2020-09-22 17:46:15"}}
{"target": 4.8933333333333335, "params": {"beta_rec": 0.44614623200345727, "beta_enc": 0.8, "cue_position": 10.0, "gamma_fc": 0.9904717836238407}, "datetime": {"elapsed": 3770.655543, "delta": 42.329711, "datetime": "2020-09-22 17:46:58"}}
{"target": 4.723333333333334, "params": {"beta_rec": 0.14300582825809938, "beta_enc": 0.8, "cue_position": 10.0, "gamma_fc": 0.5415593788873733}, "datetime": {"elapsed": 3812.013664, "delta": 41.358121, "datetime": "2020-09-22 17:47:39"}}
{"target": 4.9, "params": {"beta_rec": 0.6366044000018972, "beta_enc": 0.8, "cue_position": 10.0, "gamma_fc": 0.5460708041429516}, "datetime": {"elapsed": 3854.178723, "delta": 42.165059, "datetime": "2020-09-22 17:48:21"}}
{"target": 4.728888888888889, "params": {"beta_rec": 0.1354279030721699, "beta_enc": 0.8, "cue_position": 10.0, "gamma_fc": 0.026218567296373285}, "datetime": {"elapsed": 3895.408565, "delta": 41.229842, "datetime": "2020-09-22 17:49:02"}}
