{"target": 5.353333333333333, "params": {"cue_position": 0.0, "gamma_fc": 0.6102408126466297, "beta_enc": 0.09874340182034835, "beta_rec": 0.651304332340991}, "datetime": {"delta": 444.018218, "datetime": "2020-09-23 02:06:58", "elapsed": 35918.864725}}
{"target": 3.3381481481481483, "params": {"cue_position": 0.0, "gamma_fc": 0.731728600739527, "beta_enc": 0.799615261736028, "beta_rec": 0.03457121987163425}, "datetime": {"delta": 334.872282, "datetime": "2020-09-23 02:12:33", "elapsed": 36253.737007}}
{"target": 5.329629629629629, "params": {"cue_position": 0.0, "gamma_fc": 0.34529746159108154, "beta_enc": 0.2596983932983531, "beta_rec": 0.2570692988221467}, "datetime": {"delta": 442.767286, "datetime": "2020-09-23 02:19:56", "elapsed": 36696.504293}}
{"target": 3.7059259259259263, "params": {"cue_position": 0.0, "gamma_fc": 0.9904717836238407, "beta_enc": 0.7965886780072875, "beta_rec": 0.44614623200345727}, "datetime": {"delta": 358.426813, "datetime": "2020-09-23 02:25:55", "elapsed": 37054.931106}}
{"target": 5.293703703703703, "params": {"cue_position": 0.0, "gamma_fc": 0.5415593788873733, "beta_enc": 0.30024833953390007, "beta_rec": 0.14300582825809938}, "datetime": {"delta": 440.09819, "datetime": "2020-09-23 02:33:15", "elapsed": 37495.029296}}
{"target": 2.921111111111111, "params": {"cue_position": 0.0, "gamma_fc": 0.5460708041429516, "beta_enc": 0.9747403708550822, "beta_rec": 0.6366044000018972}, "datetime": {"delta": 311.99329, "datetime": "2020-09-23 02:38:27", "elapsed": 37807.022586}}
{"target": 4.91925925925926, "params": {"cue_position": 0.0, "gamma_fc": 0.026218567296373285, "beta_enc": 0.5264259339055213, "beta_rec": 0.1354279030721699}, "datetime": {"delta": 421.098894, "datetime": "2020-09-23 02:45:28", "elapsed": 38228.12148}}
{"target": 5.391481481481481, "params": {"cue_position": 0.0, "gamma_fc": 0.36654309724374434, "beta_enc": 0.1603951795196491, "beta_rec": 0.7456371927074961}, "datetime": {"delta": 446.402264, "datetime": "2020-09-23 02:52:54", "elapsed": 38674.523744}}
{"target": 4.892592592592592, "params": {"cue_position": 0.0, "gamma_fc": 0.18863680095531088, "beta_enc": 0.8623462528380441, "beta_rec": 0.6926777175073543}, "datetime": {"delta": 419.173479, "datetime": "2020-09-23 02:59:53", "elapsed": 39093.697223}}
{"target": 5.476296296296296, "params": {"cue_position": 0.0, "gamma_fc": 0.20390622523312185, "beta_enc": 0.44190428074842336, "beta_rec": 0.5815774073442912}, "datetime": {"delta": 449.575911, "datetime": "2020-09-23 03:07:23", "elapsed": 39543.273134}}
{"target": 5.300740740740741, "params": {"cue_position": 0.0, "gamma_fc": 0.4569753274356928, "beta_enc": 0.24773290176235485, "beta_rec": 0.26217308377291193}, "datetime": {"delta": 440.634238, "datetime": "2020-09-23 03:14:43", "elapsed": 39983.907372}}
{"target": 5.304444444444444, "params": {"cue_position": 0.0, "gamma_fc": 0.7986042447602102, "beta_enc": 0.05692943841109499, "beta_rec": 0.5085162406102396}, "datetime": {"delta": 440.988818, "datetime": "2020-09-23 03:22:04", "elapsed": 40424.89619}}
{"target": 5.202592592592593, "params": {"cue_position": 0.0, "gamma_fc": 0.8438404289311888, "beta_enc": 0.29733138150727223, "beta_rec": 0.02760601195450363}, "datetime": {"delta": 440.366979, "datetime": "2020-09-23 03:29:25", "elapsed": 40865.263169}}
{"target": 5.264444444444444, "params": {"cue_position": 0.0, "gamma_fc": 0.5409518049621886, "beta_enc": 0.3810161240622142, "beta_rec": 0.7498583107261434}, "datetime": {"delta": 438.872332, "datetime": "2020-09-23 03:36:44", "elapsed": 41304.135501}}
{"target": 2.852592592592593, "params": {"cue_position": 0.0, "gamma_fc": 0.7093872512312951, "beta_enc": 0.9594343210617524, "beta_rec": 0.8039608914986468}, "datetime": {"delta": 308.095743, "datetime": "2020-09-23 03:41:52", "elapsed": 41612.231244}}
{"target": 5.498148148148148, "params": {"cue_position": 0.0, "gamma_fc": 0.2670720196843658, "beta_enc": 0.46500148156350607, "beta_rec": 0.9475489413950998}, "datetime": {"delta": 452.597238, "datetime": "2020-09-23 03:49:24", "elapsed": 42064.828482}}
{"target": 5.295925925925926, "params": {"cue_position": 0.0, "gamma_fc": 0.6337867606119179, "beta_enc": 0.081473964877262, "beta_rec": 0.42861882866378653}, "datetime": {"delta": 444.318695, "datetime": "2020-09-23 03:56:49", "elapsed": 42509.147177}}
{"target": 5.055925925925926, "params": {"cue_position": 0.0, "gamma_fc": 0.3424541198435198, "beta_enc": 0.8029632373737379, "beta_rec": 0.6968004961201785}, "datetime": {"delta": 428.963787, "datetime": "2020-09-23 04:03:58", "elapsed": 42938.110964}}
{"target": 3.7648148148148146, "params": {"cue_position": 0.0, "gamma_fc": 0.6264961586242938, "beta_enc": 0.8458514830276777, "beta_rec": 0.42876877499944255}, "datetime": {"delta": 357.713016, "datetime": "2020-09-23 04:09:55", "elapsed": 43295.82398}}
{"target": 5.29925925925926, "params": {"cue_position": 0.0, "gamma_fc": 0.06672499763935646, "beta_enc": 0.1434230486702449, "beta_rec": 0.07838689985494796}, "datetime": {"delta": 441.238153, "datetime": "2020-09-23 04:17:17", "elapsed": 43737.062133}}
{"target": 4.988148148148148, "params": {"cue_position": 0.0, "gamma_fc": 0.7548614813904674, "beta_enc": 0.4585838137084318, "beta_rec": 0.11334192276759048}, "datetime": {"delta": 423.976264, "datetime": "2020-09-23 04:24:21", "elapsed": 44161.038397}}
{"target": 5.356296296296296, "params": {"cue_position": 0.0, "gamma_fc": 0.4500867470007611, "beta_enc": 0.3948504804606394, "beta_rec": 0.7469384956075251}, "datetime": {"delta": 447.38, "datetime": "2020-09-23 04:31:48", "elapsed": 44608.418397}}
{"target": 5.2988888888888885, "params": {"cue_position": 0.0, "gamma_fc": 0.40239251985773583, "beta_enc": 0.47807250671783097, "beta_rec": 0.47400392656219403}, "datetime": {"delta": 441.00137, "datetime": "2020-09-23 04:39:09", "elapsed": 45049.419767}}
{"target": 2.8414814814814817, "params": {"cue_position": 0.0, "gamma_fc": 0.12564138113773882, "beta_enc": 0.904686160343623, "beta_rec": 0.037061047954035864}, "datetime": {"delta": 306.993365, "datetime": "2020-09-23 04:44:16", "elapsed": 45356.413132}}
{"target": 4.251111111111111, "params": {"cue_position": 0.0, "gamma_fc": 0.0030179566195963625, "beta_enc": 0.6185135669120855, "beta_rec": 0.010364261335231939}, "datetime": {"delta": 384.492269, "datetime": "2020-09-23 04:50:40", "elapsed": 45740.905401}}
{"target": 2.4422222222222225, "params": {"cue_position": 0.0, "gamma_fc": 0.9152743199147875, "beta_enc": 0.9511937854902045, "beta_rec": 0.905402033702778}, "datetime": {"delta": 288.558568, "datetime": "2020-09-23 04:55:29", "elapsed": 46029.463969}}
{"target": 5.322592592592593, "params": {"cue_position": 0.0, "gamma_fc": 0.6224959022999211, "beta_enc": 0.14555823115839706, "beta_rec": 0.15773006987053328}, "datetime": {"delta": 442.494925, "datetime": "2020-09-23 05:02:52", "elapsed": 46471.958894}}
{"target": 3.5733333333333337, "params": {"cue_position": 0.0, "gamma_fc": 0.7318004091422953, "beta_enc": 0.9058094960083019, "beta_rec": 0.9899551783590737}, "datetime": {"delta": 347.967225, "datetime": "2020-09-23 05:08:40", "elapsed": 46819.926119}}
{"target": 3.8081481481481476, "params": {"cue_position": 0.0, "gamma_fc": 0.17343017078712286, "beta_enc": 0.9092932045442544, "beta_rec": 0.4008737323711209}, "datetime": {"delta": 360.075668, "datetime": "2020-09-23 05:14:40", "elapsed": 47180.001787}}
{"target": 5.445555555555555, "params": {"cue_position": 0.0, "gamma_fc": 0.2642974827269007, "beta_enc": 0.119457050333729, "beta_rec": 0.8126105880328287}, "datetime": {"delta": 450.401832, "datetime": "2020-09-23 05:22:10", "elapsed": 47630.403619}}
{"target": 4.147037037037037, "params": {"cue_position": 0.0, "gamma_fc": 0.2666387021516352, "beta_enc": 0.8190891786335308, "beta_rec": 0.31058725179421}, "datetime": {"delta": 383.380099, "datetime": "2020-09-23 05:28:33", "elapsed": 48013.783718}}
{"target": 5.163333333333333, "params": {"cue_position": 0.0, "gamma_fc": 0.36655664385123443, "beta_enc": 0.5336533449712114, "beta_rec": 0.31446701118584963}, "datetime": {"delta": 434.4762, "datetime": "2020-09-23 05:35:48", "elapsed": 48448.259918}}
{"target": 5.535925925925926, "params": {"cue_position": 0.0, "gamma_fc": 0.030949006271150714, "beta_enc": 0.43359232727316455, "beta_rec": 0.5122926922783614}, "datetime": {"delta": 454.105933, "datetime": "2020-09-23 05:43:22", "elapsed": 48902.365851}}
{"target": 5.294444444444444, "params": {"cue_position": 0.0, "gamma_fc": 0.5220512472525107, "beta_enc": 0.7168786636316892, "beta_rec": 0.8910189542923389}, "datetime": {"delta": 440.693075, "datetime": "2020-09-23 05:50:43", "elapsed": 49343.058926}}
{"target": 5.2700000000000005, "params": {"cue_position": 0.0, "gamma_fc": 0.6902278681627478, "beta_enc": 0.3259898117700253, "beta_rec": 0.8594893208655858}, "datetime": {"delta": 441.265411, "datetime": "2020-09-23 05:58:04", "elapsed": 49784.324337}}
{"target": 5.666666666666667, "params": {"cue_position": 0.0, "gamma_fc": 0.009348577966515781, "beta_enc": 0.45285349995153745, "beta_rec": 0.6283090375213571}, "datetime": {"delta": 461.111203, "datetime": "2020-09-23 06:05:45", "elapsed": 50245.43554}}
{"target": 4.735185185185185, "params": {"cue_position": 0.0, "gamma_fc": 0.9164058530538978, "beta_enc": 0.5767559349870908, "beta_rec": 0.3114442141324628}, "datetime": {"delta": 410.600342, "datetime": "2020-09-23 06:12:36", "elapsed": 50656.035882}}
{"target": 5.107407407407407, "params": {"cue_position": 0.0, "gamma_fc": 0.9318611166365406, "beta_enc": 0.426474788501396, "beta_rec": 0.2473960366023854}, "datetime": {"delta": 430.623407, "datetime": "2020-09-23 06:19:46", "elapsed": 51086.659289}}
{"target": 4.776666666666666, "params": {"cue_position": 0.0, "gamma_fc": 0.22790028995131695, "beta_enc": 0.9368683813090937, "beta_rec": 0.8443299485657132}, "datetime": {"delta": 416.796796, "datetime": "2020-09-23 06:26:43", "elapsed": 51503.456085}}
{"target": 5.383333333333333, "params": {"cue_position": 0.0, "gamma_fc": 0.17476587635631158, "beta_enc": 0.08748220955359087, "beta_rec": 0.22730973628468876}, "datetime": {"delta": 446.260535, "datetime": "2020-09-23 06:34:09", "elapsed": 51949.71662}}
{"target": 5.25037037037037, "params": {"cue_position": 0.0, "gamma_fc": 0.18513039826903066, "beta_enc": 0.6070941619724605, "beta_rec": 0.41358641500116133}, "datetime": {"delta": 439.001888, "datetime": "2020-09-23 06:41:28", "elapsed": 52388.718508}}
{"target": 4.463333333333333, "params": {"cue_position": 0.0, "gamma_fc": 0.34898759722078887, "beta_enc": 0.7018765297563104, "beta_rec": 0.24035562484913886}, "datetime": {"delta": 395.084491, "datetime": "2020-09-23 06:48:03", "elapsed": 52783.802999}}
{"target": 5.3244444444444445, "params": {"cue_position": 0.0, "gamma_fc": 0.4972500933605313, "beta_enc": 0.05696439948283272, "beta_rec": 0.22881367096037586}, "datetime": {"delta": 448.127759, "datetime": "2020-09-23 06:55:32", "elapsed": 53231.930758}}
{"target": 4.823703703703704, "params": {"cue_position": 0.0, "gamma_fc": 0.99675342520821, "beta_enc": 0.5190159840736788, "beta_rec": 0.1747201501089225}, "datetime": {"delta": 415.482225, "datetime": "2020-09-23 07:02:27", "elapsed": 53647.412983}}
{"target": 3.748148148148148, "params": {"cue_position": 0.0, "gamma_fc": 0.9015625846693213, "beta_enc": 0.8168351087916219, "beta_rec": 0.5943726238309778}, "datetime": {"delta": 356.786566, "datetime": "2020-09-23 07:08:24", "elapsed": 54004.199549}}
{"target": 4.453333333333333, "params": {"cue_position": 0.0, "gamma_fc": 0.06537171504222639, "beta_enc": 0.5956079336026455, "beta_rec": 0.032426325314457105}, "datetime": {"delta": 394.808071, "datetime": "2020-09-23 07:14:59", "elapsed": 54399.00762}}
{"target": 5.373703703703704, "params": {"cue_position": 0.0, "gamma_fc": 0.1679832931996149, "beta_enc": 0.4517331486914753, "beta_rec": 0.37543483316785775}, "datetime": {"delta": 444.717611, "datetime": "2020-09-23 07:22:23", "elapsed": 54843.725231}}
{"target": 2.78, "params": {"cue_position": 0.0, "gamma_fc": 0.6326158167779973, "beta_enc": 0.9727875919326552, "beta_rec": 0.7674748688630131}, "datetime": {"delta": 307.591831, "datetime": "2020-09-23 07:27:31", "elapsed": 55151.317062}}
{"target": 5.1248148148148145, "params": {"cue_position": 0.0, "gamma_fc": 0.3530060855418248, "beta_enc": 0.668732770206732, "beta_rec": 0.47688233352119336}, "datetime": {"delta": 431.927022, "datetime": "2020-09-23 07:34:43", "elapsed": 55583.244084}}
{"target": 5.37925925925926, "params": {"cue_position": 0.0, "gamma_fc": 0.4574049160894317, "beta_enc": 0.49207180149355845, "beta_rec": 0.7300912110901043}, "datetime": {"delta": 445.245591, "datetime": "2020-09-23 07:42:08", "elapsed": 56028.489675}}
{"target": 5.2807407407407405, "params": {"cue_position": 0.0, "gamma_fc": 0.3199528380776784, "beta_enc": 0.13766274094560316, "beta_rec": 0.01088873380347899}, "datetime": {"delta": 439.993558, "datetime": "2020-09-23 07:49:28", "elapsed": 56468.483233}}
{"target": 2.532222222222222, "params": {"cue_position": 0.0, "gamma_fc": 0.5238961356661317, "beta_enc": 0.9843834501935107, "beta_rec": 0.220234226159156}, "datetime": {"delta": 289.925309, "datetime": "2020-09-23 07:54:18", "elapsed": 56758.408542}}
{"target": 4.811851851851852, "params": {"cue_position": 0.0, "gamma_fc": 0.3125013784920495, "beta_enc": 0.7548914570605327, "beta_rec": 0.46385778390029564}, "datetime": {"delta": 418.284444, "datetime": "2020-09-23 08:01:16", "elapsed": 57176.692986}}
{"target": 5.601481481481481, "params": {"cue_position": 0.0, "gamma_fc": 0.13033578095435427, "beta_enc": 0.5045191697009946, "beta_rec": 0.6738490080168676}, "datetime": {"delta": 456.700426, "datetime": "2020-09-23 08:08:53", "elapsed": 57633.393412}}
{"target": 5.428148148148147, "params": {"cue_position": 0.0, "gamma_fc": 0.012603767029876312, "beta_enc": 0.022915131322381765, "beta_rec": 0.5190823222119895}, "datetime": {"delta": 447.92097, "datetime": "2020-09-23 08:16:21", "elapsed": 58081.314382}}
{"target": 4.667777777777778, "params": {"cue_position": 0.0, "gamma_fc": 0.9147886867419343, "beta_enc": 0.6724698446537339, "beta_rec": 0.6868082266569918}, "datetime": {"delta": 407.035193, "datetime": "2020-09-23 08:23:08", "elapsed": 58488.349575}}
{"target": 4.091851851851852, "params": {"cue_position": 0.0, "gamma_fc": 0.8593178060976, "beta_enc": 0.6443610847569929, "beta_rec": 0.005239837651465851}, "datetime": {"delta": 378.067672, "datetime": "2020-09-23 08:29:26", "elapsed": 58866.417247}}
{"target": 4.269259259259259, "params": {"cue_position": 0.0, "gamma_fc": 0.5784995797892005, "beta_enc": 0.8303995700373394, "beta_rec": 0.6491541971124779}, "datetime": {"delta": 384.694524, "datetime": "2020-09-23 08:35:51", "elapsed": 59251.111771}}
{"target": 5.332962962962963, "params": {"cue_position": 0.0, "gamma_fc": 0.35242963021640883, "beta_enc": 0.27411977516685215, "beta_rec": 0.5605299905360588}, "datetime": {"delta": 442.369723, "datetime": "2020-09-23 08:43:13", "elapsed": 59693.481494}}
{"target": 3.623703703703704, "params": {"cue_position": 0.0, "gamma_fc": 0.2896027461868774, "beta_enc": 0.8558283672539277, "beta_rec": 0.1950374860087073}, "datetime": {"delta": 350.277845, "datetime": "2020-09-23 08:49:03", "elapsed": 60043.759339}}
{"target": 4.557777777777777, "params": {"cue_position": 0.0, "gamma_fc": 0.3535348626679904, "beta_enc": 0.773799287244182, "beta_rec": 0.4277373293360762}, "datetime": {"delta": 405.609043, "datetime": "2020-09-23 08:55:49", "elapsed": 60449.368382}}
{"target": 5.285925925925926, "params": {"cue_position": 0.0, "gamma_fc": 0.7332450677264275, "beta_enc": 0.21369323762958115, "beta_rec": 0.7672845084217665}, "datetime": {"delta": 441.044365, "datetime": "2020-09-23 09:03:10", "elapsed": 60890.412747}}
{"target": 4.3281481481481485, "params": {"cue_position": 0.0, "gamma_fc": 0.1989479234270667, "beta_enc": 0.7444731530777321, "beta_rec": 0.22139670090820107}, "datetime": {"delta": 390.500753, "datetime": "2020-09-23 09:09:40", "elapsed": 61280.9135}}
{"target": 5.334074074074074, "params": {"cue_position": 0.0, "gamma_fc": 0.11092036903424063, "beta_enc": 0.14251833776584466, "beta_rec": 0.3770825992073341}, "datetime": {"delta": 442.653937, "datetime": "2020-09-23 09:17:03", "elapsed": 61723.567437}}
{"target": 5.7555555555555555, "params": {"cue_position": 0.0, "gamma_fc": 0.23170231048579204, "beta_enc": 0.6745640237634105, "beta_rec": 0.7997765368973863}, "datetime": {"delta": 468.041442, "datetime": "2020-09-23 09:24:51", "elapsed": 62191.608879}}
{"target": 5.344814814814814, "params": {"cue_position": 0.0, "gamma_fc": 0.5538846110514143, "beta_enc": 0.20762566180381437, "beta_rec": 0.9173335630816306}, "datetime": {"delta": 444.065177, "datetime": "2020-09-23 09:32:15", "elapsed": 62635.674056}}
{"target": 5.284444444444444, "params": {"cue_position": 0.0, "gamma_fc": 0.9234562151187752, "beta_enc": 0.30451798792062024, "beta_rec": 0.8348540476317985}, "datetime": {"delta": 439.805877, "datetime": "2020-09-23 09:39:35", "elapsed": 63075.479933}}
{"target": 4.349259259259259, "params": {"cue_position": 0.0, "gamma_fc": 0.9760435504677476, "beta_enc": 0.7060518043359332, "beta_rec": 0.47803130796528337}, "datetime": {"delta": 389.488352, "datetime": "2020-09-23 09:46:05", "elapsed": 63464.968285}}
{"target": 5.312222222222222, "params": {"cue_position": 0.0, "gamma_fc": 0.40420190577514725, "beta_enc": 0.15983365034409336, "beta_rec": 0.2026021252196626}, "datetime": {"delta": 441.574281, "datetime": "2020-09-23 09:53:26", "elapsed": 63906.542566}}
{"target": 5.33074074074074, "params": {"cue_position": 0.0, "gamma_fc": 0.6438956443116628, "beta_enc": 0.14675148076429412, "beta_rec": 0.7293189193611234}, "datetime": {"delta": 448.497566, "datetime": "2020-09-23 10:00:55", "elapsed": 64355.040132}}
{"target": 4.008518518518518, "params": {"cue_position": 0.0, "gamma_fc": 0.7489283752458364, "beta_enc": 0.7543059505762987, "beta_rec": 0.21073239208332073}, "datetime": {"delta": 370.888764, "datetime": "2020-09-23 10:07:06", "elapsed": 64725.928896}}
{"target": 4.892592592592592, "params": {"cue_position": 0.0, "gamma_fc": 0.7316064712415088, "beta_enc": 0.6382187106203334, "beta_rec": 0.5971273029466491}, "datetime": {"delta": 419.017998, "datetime": "2020-09-23 10:14:05", "elapsed": 65144.946894}}
{"target": 3.605185185185185, "params": {"cue_position": 0.0, "gamma_fc": 0.056141039661915304, "beta_enc": 0.9453084399999497, "beta_rec": 0.42556139026154693}, "datetime": {"delta": 348.878763, "datetime": "2020-09-23 10:19:53", "elapsed": 65493.825657}}
{"target": 3.8077777777777775, "params": {"cue_position": 0.0, "gamma_fc": 0.30008104592535645, "beta_enc": 0.8352716024899659, "beta_rec": 0.1922500168221477}, "datetime": {"delta": 364.61351, "datetime": "2020-09-23 10:25:58", "elapsed": 65858.439167}}
{"target": 5.387777777777778, "params": {"cue_position": 0.0, "gamma_fc": 0.5306974384761395, "beta_enc": 0.08010364380604929, "beta_rec": 0.9046310029362429}, "datetime": {"delta": 445.326438, "datetime": "2020-09-23 10:33:23", "elapsed": 66303.765605}}
{"target": 4.998888888888889, "params": {"cue_position": 0.0, "gamma_fc": 0.07618880903232117, "beta_enc": 0.49411626589632507, "beta_rec": 0.13216114194293815}, "datetime": {"delta": 424.704158, "datetime": "2020-09-23 10:40:28", "elapsed": 66728.469763}}
{"target": 5.19037037037037, "params": {"cue_position": 0.0, "gamma_fc": 0.10806532869723684, "beta_enc": 0.5079216999452875, "beta_rec": 0.2615495518329871}, "datetime": {"delta": 434.548375, "datetime": "2020-09-23 10:47:43", "elapsed": 67163.018138}}
{"target": 3.7974074074074076, "params": {"cue_position": 0.0, "gamma_fc": 0.17716116443841734, "beta_enc": 0.7875518396525072, "beta_rec": 0.1065838767888011}, "datetime": {"delta": 359.125932, "datetime": "2020-09-23 10:53:42", "elapsed": 67522.14407}}
{"target": 4.558888888888888, "params": {"cue_position": 0.0, "gamma_fc": 0.18960594781829654, "beta_enc": 0.5724051124346493, "beta_rec": 0.044845334589088126}, "datetime": {"delta": 403.595366, "datetime": "2020-09-23 11:00:25", "elapsed": 67925.739436}}
{"target": 5.338148148148149, "params": {"cue_position": 0.0, "gamma_fc": 0.5510871741869717, "beta_enc": 0.5279039784081266, "beta_rec": 0.7400775431590716}, "datetime": {"delta": 442.712525, "datetime": "2020-09-23 11:07:48", "elapsed": 68368.451961}}
{"target": 5.456296296296297, "params": {"cue_position": 0.0, "gamma_fc": 0.17654903427708302, "beta_enc": 0.2166172083287794, "beta_rec": 0.7591960493171447}, "datetime": {"delta": 449.049948, "datetime": "2020-09-23 11:15:17", "elapsed": 68817.501909}}
{"target": 2.972962962962963, "params": {"cue_position": 0.0, "gamma_fc": 0.5589038111609383, "beta_enc": 0.8619665576670734, "beta_rec": 0.019775099516344263}, "datetime": {"delta": 313.937917, "datetime": "2020-09-23 11:20:31", "elapsed": 69131.439826}}
{"target": 5.158148148148149, "params": {"cue_position": 0.0, "gamma_fc": 0.9873261748084265, "beta_enc": 0.4032204721058492, "beta_rec": 0.7587469310223366}, "datetime": {"delta": 436.031888, "datetime": "2020-09-23 11:27:47", "elapsed": 69567.471714}}
{"target": 5.242592592592593, "params": {"cue_position": 0.0, "gamma_fc": 0.8578971045378938, "beta_enc": 0.2780850486129828, "beta_rec": 0.0037936724093425855}, "datetime": {"delta": 437.486315, "datetime": "2020-09-23 11:35:05", "elapsed": 70004.958029}}
{"target": 4.437407407407407, "params": {"cue_position": 0.0, "gamma_fc": 0.7805295568767427, "beta_enc": 0.7288508775192559, "beta_rec": 0.5166887829215384}, "datetime": {"delta": 392.442303, "datetime": "2020-09-23 11:41:37", "elapsed": 70397.400332}}
{"target": 5.263703703703704, "params": {"cue_position": 0.0, "gamma_fc": 0.6132112115442597, "beta_enc": 0.3748759435368594, "beta_rec": 0.7703225253299576}, "datetime": {"delta": 437.762417, "datetime": "2020-09-23 11:48:55", "elapsed": 70835.162749}}
