{"target": -1.1408613571255568, "params": {"phi_s": 2.3183768106259754, "gamma_fc": 0.7522271309549974, "phi_d": 3.0, "beta_enc": 1.0, "Num": 4.83356884929267, "beta_rec": 0.0, "k": 2.775725077637331}, "datetime": {"delta": 52.314203, "elapsed": 16461.802051, "datetime": "2020-09-09 16:42:22"}}
{"target": -1.03781781869741, "params": {"phi_s": 1.0, "gamma_fc": 0.3279597086455602, "phi_d": 0.49721891403641905, "beta_enc": 1.0, "Num": 7.891845257775714, "beta_rec": 0.5317013289170222, "k": 6.567825695653094}, "datetime": {"delta": 51.934015, "elapsed": 16513.736066, "datetime": "2020-09-09 16:43:13"}}
{"target": -0.6846014480475617, "params": {"phi_s": 2.2555365791811086, "gamma_fc": 1.0, "phi_d": 3.0, "beta_enc": 0.8460175724542502, "Num": 1.8642179256785072, "beta_rec": 1.0, "k": 6.757042829219991}, "datetime": {"delta": 39.181473, "elapsed": 16552.917539, "datetime": "2020-09-09 16:43:53"}}
{"target": -0.9318463835820381, "params": {"phi_s": 1.0, "gamma_fc": 1.0, "phi_d": 1.3280176926292688, "beta_enc": 1.0, "Num": 2.800123931241844, "beta_rec": 0.0, "k": 7.053948129625384}, "datetime": {"delta": 44.182545, "elapsed": 16597.100084, "datetime": "2020-09-09 16:44:37"}}
{"target": -0.846499698898182, "params": {"phi_s": 2.5202337749702193, "gamma_fc": 0.0, "phi_d": 2.079002908188285, "beta_enc": 0.8213194906997278, "Num": 7.831600481192775, "beta_rec": 0.9683966769831502, "k": 7.427554213097696}, "datetime": {"delta": 47.470323, "elapsed": 16644.570407, "datetime": "2020-09-09 16:45:24"}}
{"target": -0.9802018266355168, "params": {"phi_s": 2.6865669298184445, "gamma_fc": 0.0, "phi_d": 0.6123237595060332, "beta_enc": 1.0, "Num": 3.106450928753033, "beta_rec": 0.42778033734081894, "k": 4.715118593916241}, "datetime": {"delta": 45.119812, "elapsed": 16689.690219, "datetime": "2020-09-09 16:46:09"}}
{"target": -0.24994664709586312, "params": {"phi_s": 1.212262532006107, "gamma_fc": 0.6689918229389459, "phi_d": 3.0, "beta_enc": 0.7517941527283775, "Num": 5.703033577585974, "beta_rec": 0.7876787311350916, "k": 4.629385378902902}, "datetime": {"delta": 46.650956, "elapsed": 16736.341175, "datetime": "2020-09-09 16:46:56"}}
{"target": -0.5353086651197085, "params": {"phi_s": 1.0, "gamma_fc": 0.0, "phi_d": 3.0, "beta_enc": 0.48907672771628435, "Num": 5.428341662476216, "beta_rec": 0.0, "k": 4.689351454314895}, "datetime": {"delta": 50.465007, "elapsed": 16786.806182, "datetime": "2020-09-09 16:47:47"}}
{"target": -1.0549292665180412, "params": {"phi_s": 1.0, "gamma_fc": 0.1133903723128886, "phi_d": 3.0, "beta_enc": 1.0, "Num": 4.612125600142013, "beta_rec": 0.0911556397480967, "k": 2.9505930748802194}, "datetime": {"delta": 49.913745, "elapsed": 16836.719927, "datetime": "2020-09-09 16:48:36"}}
{"target": -0.3922810784942109, "params": {"phi_s": 1.0, "gamma_fc": 0.24832235173920456, "phi_d": 3.0, "beta_enc": 0.7513668299127161, "Num": 5.972261651996649, "beta_rec": 0.0, "k": 4.33395250614759}, "datetime": {"delta": 48.165369, "elapsed": 16884.885296, "datetime": "2020-09-09 16:49:25"}}
{"target": -0.43321873068247707, "params": {"phi_s": 1.0, "gamma_fc": 0.6853203975489975, "phi_d": 3.0, "beta_enc": 0.7355766476213992, "Num": 6.549325336894886, "beta_rec": 0.0, "k": 4.408924471106544}, "datetime": {"delta": 50.573198, "elapsed": 16935.458494, "datetime": "2020-09-09 16:50:15"}}
{"target": -0.8545524911221312, "params": {"phi_s": 1.0, "gamma_fc": 0.3769843730064395, "phi_d": 3.0, "beta_enc": 0.9815075450186861, "Num": 6.682748120051848, "beta_rec": 0.31616292865765333, "k": 4.027039855457112}, "datetime": {"delta": 53.140531, "elapsed": 16988.599025, "datetime": "2020-09-09 16:51:08"}}
{"target": -0.4717611104257634, "params": {"phi_s": 1.0, "gamma_fc": 0.7322828572499676, "phi_d": 3.0, "beta_enc": 0.6057123072643801, "Num": 6.035557426633571, "beta_rec": 0.0, "k": 4.543497706548591}, "datetime": {"delta": 50.332694, "elapsed": 17038.931719, "datetime": "2020-09-09 16:51:59"}}
{"target": -0.4309622719024877, "params": {"phi_s": 1.4188206248571615, "gamma_fc": 0.0025583313690015676, "phi_d": 3.0, "beta_enc": 0.6945283934200729, "Num": 7.377635902778882, "beta_rec": 0.0, "k": 5.425373862077101}, "datetime": {"delta": 50.490409, "elapsed": 17089.422128, "datetime": "2020-09-09 16:52:49"}}
{"target": -0.4306975499034365, "params": {"phi_s": 1.2960846904566496, "gamma_fc": 0.5347389793839803, "phi_d": 3.0, "beta_enc": 0.6748521541067176, "Num": 7.018049530987422, "beta_rec": 0.0, "k": 5.078145879634359}, "datetime": {"delta": 50.523831, "elapsed": 17139.945959, "datetime": "2020-09-09 16:53:40"}}
{"target": -0.4249225081890654, "params": {"phi_s": 1.0, "gamma_fc": 0.30180465084987607, "phi_d": 3.0, "beta_enc": 0.8016440239818465, "Num": 7.232319624871152, "beta_rec": 0.0, "k": 5.468983573493656}, "datetime": {"delta": 50.813558, "elapsed": 17190.759517, "datetime": "2020-09-09 16:54:30"}}
{"target": -0.41557480740098773, "params": {"phi_s": 1.0, "gamma_fc": 1.0, "phi_d": 3.0, "beta_enc": 0.6358543689638506, "Num": 6.989684036443286, "beta_rec": 0.0, "k": 4.831353152757919}, "datetime": {"delta": 48.583347, "elapsed": 17239.342864, "datetime": "2020-09-09 16:55:19"}}
{"target": -0.4999903519579055, "params": {"phi_s": 1.0, "gamma_fc": 1.0, "phi_d": 3.0, "beta_enc": 0.5137410380431379, "Num": 7.10375790352412, "beta_rec": 0.0, "k": 5.477889203650642}, "datetime": {"delta": 51.352272, "elapsed": 17290.695136, "datetime": "2020-09-09 16:56:10"}}
{"target": -0.5503112591479394, "params": {"phi_s": 1.0, "gamma_fc": 0.9741164668825962, "phi_d": 3.0, "beta_enc": 0.6482896086817417, "Num": 6.681063495821581, "beta_rec": 0.619014517325184, "k": 4.701772373257541}, "datetime": {"delta": 50.594909, "elapsed": 17341.290045, "datetime": "2020-09-09 16:57:01"}}
{"target": -0.6563703872163089, "params": {"phi_s": 1.2461915828333334, "gamma_fc": 0.48046050849099886, "phi_d": 3.0, "beta_enc": 0.46508516897237395, "Num": 7.447726601713337, "beta_rec": 0.0, "k": 5.3292313384125745}, "datetime": {"delta": 52.51964, "elapsed": 17393.809685, "datetime": "2020-09-09 16:57:54"}}
{"target": -0.623997658648082, "params": {"phi_s": 1.3344289275381263, "gamma_fc": 0.0, "phi_d": 2.5867440768050685, "beta_enc": 0.8933565823504727, "Num": 7.333051559297571, "beta_rec": 0.0, "k": 5.680951251014866}, "datetime": {"delta": 52.99445, "elapsed": 17446.804135, "datetime": "2020-09-09 16:58:47"}}
{"target": -0.41178896401229015, "params": {"phi_s": 1.0, "gamma_fc": 0.7194745548933774, "phi_d": 3.0, "beta_enc": 0.6489505353379433, "Num": 6.647638413429441, "beta_rec": 0.0, "k": 5.065311029541391}, "datetime": {"delta": 48.899775, "elapsed": 17495.70391, "datetime": "2020-09-09 16:59:35"}}
{"target": -0.397809621336189, "params": {"phi_s": 1.4091591678106397, "gamma_fc": 1.0, "phi_d": 3.0, "beta_enc": 0.7573556807533174, "Num": 6.596434711603466, "beta_rec": 0.0, "k": 4.888888041816624}, "datetime": {"delta": 49.261494, "elapsed": 17544.965404, "datetime": "2020-09-09 17:00:25"}}
{"target": -1.2188293183754575, "params": {"phi_s": 1.033914451816874, "gamma_fc": 0.9079618503300303, "phi_d": 3.0, "beta_enc": 1.0, "Num": 7.020629323419702, "beta_rec": 0.0, "k": 5.194135242673407}, "datetime": {"delta": 55.875545, "elapsed": 17600.840949, "datetime": "2020-09-09 17:01:21"}}
{"target": -0.90461030248354, "params": {"phi_s": 1.1260903387776828, "gamma_fc": 0.9490018940433119, "phi_d": 3.0, "beta_enc": 0.35423959263641597, "Num": 6.759284428302033, "beta_rec": 0.0, "k": 4.902756703412319}, "datetime": {"delta": 50.546223, "elapsed": 17651.387172, "datetime": "2020-09-09 17:02:11"}}
{"target": -0.43900143074046416, "params": {"phi_s": 1.0, "gamma_fc": 0.10234721226227358, "phi_d": 3.0, "beta_enc": 0.6313706649925058, "Num": 6.891919062417268, "beta_rec": 0.0, "k": 5.257371447754307}, "datetime": {"delta": 48.906251, "elapsed": 17700.293423, "datetime": "2020-09-09 17:03:00"}}
{"target": -0.45729924931652777, "params": {"phi_s": 1.4086884596879092, "gamma_fc": 0.5321722293693745, "phi_d": 3.0, "beta_enc": 0.8141265587249696, "Num": 6.432281681162376, "beta_rec": 0.0, "k": 4.810182285317436}, "datetime": {"delta": 50.481034, "elapsed": 17750.774457, "datetime": "2020-09-09 17:03:50"}}
{"target": -0.58781216989679, "params": {"phi_s": 1.0, "gamma_fc": 0.49825198546247523, "phi_d": 3.0, "beta_enc": 0.4454062753512733, "Num": 6.898586633325848, "beta_rec": 0.0, "k": 5.83343791908857}, "datetime": {"delta": 51.793957, "elapsed": 17802.568414, "datetime": "2020-09-09 17:04:42"}}
{"target": -0.4907052345258134, "params": {"phi_s": 1.0, "gamma_fc": 1.0, "phi_d": 3.0, "beta_enc": 0.7394045266976798, "Num": 7.157288345062929, "beta_rec": 0.0, "k": 4.365143754652674}, "datetime": {"delta": 51.496298, "elapsed": 17854.064712, "datetime": "2020-09-09 17:05:34"}}
{"target": -0.458921063910658, "params": {"phi_s": 1.3148808792511462, "gamma_fc": 1.0, "phi_d": 3.0, "beta_enc": 0.8792582319317601, "Num": 6.396381096701958, "beta_rec": 0.1636952796845244, "k": 4.541749832232315}, "datetime": {"delta": 50.707333, "elapsed": 17904.772045, "datetime": "2020-09-09 17:06:24"}}
{"target": -1.1566897761742228, "params": {"phi_s": 1.0, "gamma_fc": 1.0, "phi_d": 3.0, "beta_enc": 1.0, "Num": 8.377646403384304, "beta_rec": 0.5319848844339525, "k": 10.0}, "datetime": {"delta": 42.8172, "elapsed": 17947.589245, "datetime": "2020-09-09 17:07:07"}}
{"target": -1.0990665484600513, "params": {"phi_s": 1.4390907325740365, "gamma_fc": 0.7505789585417025, "phi_d": 3.0, "beta_enc": 1.0, "Num": 6.894414595527943, "beta_rec": 1.0, "k": 10.0}, "datetime": {"delta": 51.454248, "elapsed": 17999.043493, "datetime": "2020-09-09 17:07:59"}}
{"target": -0.5249656439896457, "params": {"phi_s": 1.0, "gamma_fc": 0.5897797929887357, "phi_d": 0.1, "beta_enc": 0.5697941714314847, "Num": 3.076155827874323, "beta_rec": 1.0, "k": 5.0948466752769725}, "datetime": {"delta": 42.866275, "elapsed": 18041.909768, "datetime": "2020-09-09 17:08:42"}}
{"target": -0.9365490454004065, "params": {"phi_s": 1.0, "gamma_fc": 0.0, "phi_d": 0.1, "beta_enc": 0.19605647782591681, "Num": 3.210624133514429, "beta_rec": 1.0, "k": 4.824494999507979}, "datetime": {"delta": 48.561647, "elapsed": 18090.471415, "datetime": "2020-09-09 17:09:30"}}
{"target": -0.7910821645740389, "params": {"phi_s": 1.0, "gamma_fc": 1.0, "phi_d": 0.1, "beta_enc": 0.8536229707486611, "Num": 3.234151532116974, "beta_rec": 0.5436727512446125, "k": 5.079842589934043}, "datetime": {"delta": 38.66225, "elapsed": 18129.133665, "datetime": "2020-09-09 17:10:09"}}
{"target": -0.4479931072538267, "params": {"phi_s": 1.6166786005855658, "gamma_fc": 0.7377227767468749, "phi_d": 0.4199589167303682, "beta_enc": 0.7301455519734974, "Num": 2.5598304486100307, "beta_rec": 1.0, "k": 5.206985157511524}, "datetime": {"delta": 42.228815, "elapsed": 18171.36248, "datetime": "2020-09-09 17:10:51"}}
{"target": -1.1565722168694015, "params": {"phi_s": 1.2030946962926672, "gamma_fc": 0.534365932719581, "phi_d": 0.18528705591026015, "beta_enc": 1.0, "Num": 2.5631698646589482, "beta_rec": 1.0, "k": 5.6125081496853895}, "datetime": {"delta": 46.390065, "elapsed": 18217.752545, "datetime": "2020-09-09 17:11:37"}}
{"target": -1.1370185037618217, "params": {"phi_s": 1.5532998998837595, "gamma_fc": 0.8924861294367462, "phi_d": 0.33473352464079414, "beta_enc": 0.4615844537825872, "Num": 2.8303003634132557, "beta_rec": 1.0, "k": 4.83280355683601}, "datetime": {"delta": 40.441943, "elapsed": 18258.194488, "datetime": "2020-09-09 17:12:18"}}
{"target": -0.4827432411293955, "params": {"phi_s": 1.9102004227494351, "gamma_fc": 0.698656283909698, "phi_d": 0.7360163329996755, "beta_enc": 0.7758923282736486, "Num": 2.275565148122928, "beta_rec": 0.8805264442640387, "k": 5.281257946899178}, "datetime": {"delta": 41.108217, "elapsed": 18299.302705, "datetime": "2020-09-09 17:12:59"}}
{"target": -0.6004286105909467, "params": {"phi_s": 1.0, "gamma_fc": 0.4702772444850196, "phi_d": 0.36758997902251767, "beta_enc": 0.8120470020616827, "Num": 3.6160885787099986, "beta_rec": 1.0, "k": 5.123029942882269}, "datetime": {"delta": 43.382392, "elapsed": 18342.685097, "datetime": "2020-09-09 17:13:42"}}
{"target": -0.7334956196741399, "params": {"phi_s": 2.03449058976294, "gamma_fc": 0.6196252061177214, "phi_d": 0.5225806758590017, "beta_enc": 0.9570333683632675, "Num": 2.763360935171522, "beta_rec": 1.0, "k": 5.334391188754922}, "datetime": {"delta": 44.848823, "elapsed": 18387.53392, "datetime": "2020-09-09 17:14:27"}}
{"target": -1.2309097030179332, "params": {"phi_s": 1.0, "gamma_fc": 0.0, "phi_d": 2.0793721868430413, "beta_enc": 1.0, "Num": 7.000988265079493, "beta_rec": 0.0, "k": 9.147670469774187}, "datetime": {"delta": 56.982845, "elapsed": 18444.516765, "datetime": "2020-09-09 17:15:24"}}
{"target": -1.7688006601118682, "params": {"phi_s": 1.0, "gamma_fc": 0.0, "phi_d": 1.4571915230953953, "beta_enc": 0.23115325960018637, "Num": 6.111491996441149, "beta_rec": 0.0, "k": 8.518425343256455}, "datetime": {"delta": 41.407232, "elapsed": 18485.923997, "datetime": "2020-09-09 17:16:06"}}
{"target": -0.9757892048250929, "params": {"phi_s": 1.0, "gamma_fc": 0.2704813997414778, "phi_d": 1.5621465476389855, "beta_enc": 0.6770950414218894, "Num": 6.428547810564746, "beta_rec": 0.15991556669519594, "k": 8.982881945077112}, "datetime": {"delta": 45.119376, "elapsed": 18531.043373, "datetime": "2020-09-09 17:16:51"}}
{"target": -2.7270102438820487, "params": {"phi_s": 1.376956428080702, "gamma_fc": 0.0, "phi_d": 2.698851338601965, "beta_enc": 0.0, "Num": 7.387212837186801, "beta_rec": 0.0, "k": 9.982519753936613}, "datetime": {"delta": 42.119428, "elapsed": 18573.162801, "datetime": "2020-09-09 17:17:33"}}
{"target": -1.095622648148058, "params": {"phi_s": 1.9257995060766677, "gamma_fc": 0.0, "phi_d": 1.2497102246634335, "beta_enc": 1.0, "Num": 4.4593666870123485, "beta_rec": 0.0, "k": 3.3460714098528497}, "datetime": {"delta": 51.818389, "elapsed": 18624.98119, "datetime": "2020-09-09 17:18:25"}}
