{"target": -12656.613074720814, "params": {"epsilon_d": 0.10113231069171438, "phi_d": 0.6401546129952456, "beta_rec": 0.7203524609928139, "gamma_cf": 0.30240233937457656, "k_intra": 0.9324625617402901, "gamma_fc": 0.23208030173540176, "s_cf": 1.2506256752689429, "beta_enc": 0.47531980423231657, "phi_s": 1.1021261084248386}, "datetime": {"delta": 0.0, "elapsed": 0.0, "datetime": "2020-04-27 10:32:07"}}
{"target": -9745.414387494275, "params": {"epsilon_d": 6.883673053927919, "phi_d": 2.0443557795173666, "beta_rec": 0.41925259495185446, "gamma_cf": 0.20453180450654426, "k_intra": 0.2836020560472824, "gamma_fc": 0.8903056927518509, "s_cf": 1.7202005024926799, "beta_enc": 0.5849350606030213, "phi_s": 1.3101839268646682}, "datetime": {"delta": 10.232675, "elapsed": 10.232675, "datetime": "2020-04-27 10:32:17"}}
{"target": -16297.655006402767, "params": {"epsilon_d": 8.027371229887814, "phi_d": 2.641528541658511, "beta_rec": 0.1981816789359703, "gamma_cf": 0.9682647495618256, "k_intra": 6.926302930536448, "gamma_fc": 0.38208176034331853, "s_cf": 0.3466282129723559, "beta_enc": 0.2263482447357104, "phi_s": 2.6943593241611574}, "datetime": {"delta": 10.327555, "elapsed": 20.56023, "datetime": "2020-04-27 10:32:27"}}
{"target": -10178.239256505134, "params": {"epsilon_d": 8.79361078395119, "phi_d": 1.6461793264217495, "beta_rec": 0.16991343652261243, "gamma_cf": 0.09843699914966679, "k_intra": 9.579316406203514, "gamma_fc": 0.478996862504547, "s_cf": 1.0149953299175825, "beta_enc": 0.13514930490959415, "phi_s": 2.106443630456373}, "datetime": {"delta": 10.361701, "elapsed": 30.921931, "datetime": "2020-04-27 10:32:38"}}
{"target": -13391.813528462157, "params": {"epsilon_d": 0.28105394570749886, "phi_d": 0.913287576986775, "beta_rec": 0.8346422093301832, "gamma_cf": 0.750169300513473, "k_intra": 7.4841748872545955, "gamma_fc": 0.9899749800158453, "s_cf": 0.3993554190751619, "beta_enc": 0.7178508349134253, "phi_s": 2.3889100525093165}, "datetime": {"delta": 10.292471, "elapsed": 41.214402, "datetime": "2020-04-27 10:32:48"}}
{"target": -9102.364204886586, "params": {"epsilon_d": 3.006780068899427, "phi_d": 2.0686230455256838, "beta_rec": 0.9086046435427862, "gamma_cf": 0.28784656105249007, "k_intra": 0.2034759091242678, "gamma_fc": 0.2170257149064499, "s_cf": 0.870085312179456, "beta_enc": 0.5031041735583147, "phi_s": 0.7137215364001712}, "datetime": {"delta": 10.416089, "elapsed": 51.630491, "datetime": "2020-04-27 10:32:59"}}
{"target": -12861.673827756507, "params": {"epsilon_d": 5.783764294370929, "phi_d": 0.3967698436006949, "beta_rec": 0.05345720886256868, "gamma_cf": 0.14681390204831957, "k_intra": 7.000586016609103, "gamma_fc": 0.6303749832129558, "s_cf": 2.1137604574104607, "beta_enc": 0.5424158433523045, "phi_s": 1.300762364676748}, "datetime": {"delta": 10.295471, "elapsed": 61.925962, "datetime": "2020-04-27 10:33:09"}}
{"target": -11978.68763996791, "params": {"epsilon_d": 5.405374418563564, "phi_d": 1.8010096174557795, "beta_rec": 0.05004846360019256, "gamma_cf": 0.6638282657552669, "k_intra": 9.446501612348225, "gamma_fc": 0.5634002008524778, "s_cf": 0.4986766420240888, "beta_enc": 0.47276134257421243, "phi_s": 2.719865554334862}, "datetime": {"delta": 10.408158, "elapsed": 72.33412, "datetime": "2020-04-27 10:33:19"}}
{"target": -9821.035165147086, "params": {"epsilon_d": 4.037000686156782, "phi_d": 2.277355099094851, "beta_rec": 0.8074105495806528, "gamma_cf": 0.16543766169722107, "k_intra": 3.48418093885761, "gamma_fc": 0.9347577223564305, "s_cf": 2.6615876644968486, "beta_enc": 0.2253487125256827, "phi_s": 2.2053941575163094}, "datetime": {"delta": 10.318809, "elapsed": 82.652929, "datetime": "2020-04-27 10:33:30"}}
{"target": -9999.557772420592, "params": {"epsilon_d": 3.5540935855806413, "phi_d": 2.898036136730318, "beta_rec": 0.7509673397839345, "gamma_cf": 0.27000089897584956, "k_intra": 4.286630986814236, "gamma_fc": 0.9062975963764601, "s_cf": 1.902917588606453, "beta_enc": 0.661304986350048, "phi_s": 2.0239803436734993}, "datetime": {"delta": 10.376849, "elapsed": 93.029778, "datetime": "2020-04-27 10:33:40"}}
{"target": -9206.196802971073, "params": {"epsilon_d": 4.554130121451411, "phi_d": 2.719800609630536, "beta_rec": 0.9494943097812005, "gamma_cf": 0.578431775425693, "k_intra": 2.3778995326278465, "gamma_fc": 0.46732312248515306, "s_cf": 0.10832394839036102, "beta_enc": 0.20327137565803766, "phi_s": 1.763670511349629}, "datetime": {"delta": 10.263161, "elapsed": 103.292939, "datetime": "2020-04-27 10:33:50"}}
{"target": -11092.683564770557, "params": {"epsilon_d": 5.317875212350332, "phi_d": 1.907744335796228, "beta_rec": 0.32671223728191895, "gamma_cf": 0.8859535051008435, "k_intra": 9.086266157688794, "gamma_fc": 0.42154278400224976, "s_cf": 2.7953679778569076, "beta_enc": 0.6554304222586514, "phi_s": 0.14588160425501323}, "datetime": {"delta": 10.370164, "elapsed": 113.663103, "datetime": "2020-04-27 10:34:01"}}
{"target": -12576.687036925914, "params": {"epsilon_d": 1.8061710326187528, "phi_d": 0.29140050089398123, "beta_rec": 0.9973231181664354, "gamma_cf": 0.13722203605391486, "k_intra": 6.9712134332841025, "gamma_fc": 0.9393359167334472, "s_cf": 2.2862409465376143, "beta_enc": 0.7218072257652316, "phi_s": 2.2908428525471525}, "datetime": {"delta": 10.291169, "elapsed": 123.954272, "datetime": "2020-04-27 10:34:11"}}
{"target": -9479.779664484133, "params": {"epsilon_d": 1.3302825235244307, "phi_d": 0.8140120960488331, "beta_rec": 0.7115536061526089, "gamma_cf": 0.01997814582641161, "k_intra": 0.2927818153277381, "gamma_fc": 0.12358988818994736, "s_cf": 1.6626100865907933, "beta_enc": 0.930722081991835, "phi_s": 2.594081051180375}, "datetime": {"delta": 10.315948, "elapsed": 134.27022, "datetime": "2020-04-27 10:34:21"}}
{"target": -12638.910931275983, "params": {"epsilon_d": 1.3293158196871204, "phi_d": 1.7269876358415588, "beta_rec": 0.8420466892703697, "gamma_cf": 0.27925576064323837, "k_intra": 9.696261525713549, "gamma_fc": 0.627183344312459, "s_cf": 2.421834750773787, "beta_enc": 0.5975397808171893, "phi_s": 0.15407713918153476}, "datetime": {"delta": 10.398542, "elapsed": 144.668762, "datetime": "2020-04-27 10:34:32"}}
{"target": -9164.574288209738, "params": {"epsilon_d": 3.939820376235301, "phi_d": 0.4957201544159866, "beta_rec": 0.8071244850992173, "gamma_cf": 0.8635555003739728, "k_intra": 5.566839937564285, "gamma_fc": 0.7724094784634662, "s_cf": 0.45189602164813836, "beta_enc": 0.3096768464569184, "phi_s": 0.27376129958541384}, "datetime": {"delta": 10.307182, "elapsed": 154.975944, "datetime": "2020-04-27 10:34:42"}}
{"target": -9137.868595301257, "params": {"epsilon_d": 2.3345224522177617, "phi_d": 0.3087254110995117, "beta_rec": 0.1075833796931823, "gamma_cf": 0.7130176814846384, "k_intra": 0.1354342417895674, "gamma_fc": 0.6037452838487282, "s_cf": 1.7474913395678322, "beta_enc": 0.14009669069028557, "phi_s": 2.905101357000789}, "datetime": {"delta": 10.371762, "elapsed": 165.347706, "datetime": "2020-04-27 10:34:52"}}
{"target": -11358.666212329697, "params": {"epsilon_d": 7.46387595534342, "phi_d": 2.555803524321102, "beta_rec": 0.2524005119958664, "gamma_cf": 0.19550993816120785, "k_intra": 9.70049969099224, "gamma_fc": 0.623223034545932, "s_cf": 1.5319321713793168, "beta_enc": 0.28296391119489145, "phi_s": 0.7955585015279998}, "datetime": {"delta": 10.292754, "elapsed": 175.64046, "datetime": "2020-04-27 10:35:03"}}
{"target": -9550.512117026654, "params": {"epsilon_d": 1.6522348069962345, "phi_d": 1.8583554387946581, "beta_rec": 0.8289980014602237, "gamma_cf": 0.018674344557191778, "k_intra": 4.868587658260948, "gamma_fc": 0.16301992934730009, "s_cf": 1.0203509870342662, "beta_enc": 0.6579601465432418, "phi_s": 1.7496691675507958}, "datetime": {"delta": 10.375967, "elapsed": 186.016427, "datetime": "2020-04-27 10:35:13"}}
{"target": -9434.570917968638, "params": {"epsilon_d": 3.863397608973149, "phi_d": 0.8682667172221472, "beta_rec": 0.5797872447238723, "gamma_cf": 0.550993124295985, "k_intra": 6.695636605597314, "gamma_fc": 0.7708009878158518, "s_cf": 1.1732441739509083, "beta_enc": 0.989754538971204, "phi_s": 0.29237101984248054}, "datetime": {"delta": 10.264766, "elapsed": 196.281193, "datetime": "2020-04-27 10:35:23"}}
{"target": -12877.189319334479, "params": {"epsilon_d": 7.552279982014257, "phi_d": 0.6609594196076504, "beta_rec": 0.2102529925138481, "gamma_cf": 0.06662982770597953, "k_intra": 8.049498091796021, "gamma_fc": 0.33428358872068686, "s_cf": 1.6215438964588278, "beta_enc": 0.666745756319408, "phi_s": 1.9544365545518263}, "datetime": {"delta": 10.342873, "elapsed": 206.624066, "datetime": "2020-04-27 10:35:34"}}
{"target": -11284.274628097213, "params": {"epsilon_d": 0.7530147977718354, "phi_d": 2.802719000670828, "beta_rec": 0.2633704408100623, "gamma_cf": 0.7350924566923406, "k_intra": 9.079080366510205, "gamma_fc": 0.7949602265889221, "s_cf": 0.7796500497521195, "beta_enc": 0.9323271733594156, "phi_s": 0.14045956162923134}, "datetime": {"delta": 10.335514, "elapsed": 216.95958, "datetime": "2020-04-27 10:35:44"}}
{"target": -11254.160198437536, "params": {"epsilon_d": 9.50674358054609, "phi_d": 1.2310223710096142, "beta_rec": 0.9490214190555477, "gamma_cf": 0.5566975228763369, "k_intra": 6.419246427373912, "gamma_fc": 0.924045714789647, "s_cf": 1.8525004004679224, "beta_enc": 0.6551005213014919, "phi_s": 1.5093729345810383}, "datetime": {"delta": 10.357451, "elapsed": 227.317031, "datetime": "2020-04-27 10:35:54"}}
{"target": -10044.391658441382, "params": {"epsilon_d": 9.1954610127727, "phi_d": 0.4663556063749482, "beta_rec": 0.926188808563783, "gamma_cf": 0.3949361253622625, "k_intra": 1.747817110137839, "gamma_fc": 0.9669362755966406, "s_cf": 1.5664202804630005, "beta_enc": 0.5945931293577064, "phi_s": 0.4917295583355208}, "datetime": {"delta": 10.393897, "elapsed": 237.710928, "datetime": "2020-04-27 10:36:05"}}
{"target": -9329.951476055441, "params": {"epsilon_d": 8.288443164590252, "phi_d": 0.479890849951659, "beta_rec": 0.9479754141965592, "gamma_cf": 0.015117478844048167, "k_intra": 3.327315107924701, "gamma_fc": 0.2585766300175497, "s_cf": 1.099736292781551, "beta_enc": 0.11937232474677818, "phi_s": 2.447523007167088}, "datetime": {"delta": 10.264577, "elapsed": 247.975505, "datetime": "2020-04-27 10:36:15"}}
{"target": -9180.47225872755, "params": {"epsilon_d": 8.800436645677257, "phi_d": 1.6844057664590826, "beta_rec": 0.5820559785290853, "gamma_cf": 0.8447499719476826, "k_intra": 4.604203855509901, "gamma_fc": 0.9148530868377843, "s_cf": 0.9285846700290279, "beta_enc": 0.9460967341000305, "phi_s": 2.415950414340914}, "datetime": {"delta": 10.439437, "elapsed": 258.414942, "datetime": "2020-04-27 10:36:25"}}
{"target": -11794.816447491352, "params": {"epsilon_d": 0.2537794279532737, "phi_d": 1.0142099289765816, "beta_rec": 0.5991503966151137, "gamma_cf": 0.5935220600558175, "k_intra": 8.075531683559566, "gamma_fc": 0.49030871409051247, "s_cf": 1.775785924325153, "beta_enc": 0.5412281703579349, "phi_s": 2.689377254722939}, "datetime": {"delta": 10.289347, "elapsed": 268.704289, "datetime": "2020-04-27 10:36:36"}}
{"target": -12966.657894786442, "params": {"epsilon_d": 6.1591086527448455, "phi_d": 2.763945156134825, "beta_rec": 0.7879504409021217, "gamma_cf": 0.054003881146545585, "k_intra": 6.7938976772886415, "gamma_fc": 0.478174312001019, "s_cf": 2.932601532190073, "beta_enc": 0.26560918146471857, "phi_s": 0.10116587218493656}, "datetime": {"delta": 10.42753, "elapsed": 279.131819, "datetime": "2020-04-27 10:36:46"}}
{"target": -10357.161655419493, "params": {"epsilon_d": 6.086689399643125, "phi_d": 0.9281712169175124, "beta_rec": 0.9737861600044867, "gamma_cf": 0.8288629233998949, "k_intra": 6.28448122109043, "gamma_fc": 0.6172403542372921, "s_cf": 2.275063114737714, "beta_enc": 0.4389222832711971, "phi_s": 1.8018166879026405}, "datetime": {"delta": 10.317691, "elapsed": 289.44951, "datetime": "2020-04-27 10:36:56"}}
{"target": -10597.281767117966, "params": {"epsilon_d": 7.010766759628299, "phi_d": 1.4075344155987126, "beta_rec": 0.7551066802488334, "gamma_cf": 0.8644929821115943, "k_intra": 6.711180019967997, "gamma_fc": 0.3904128971530718, "s_cf": 1.2913529147743383, "beta_enc": 0.8724824527861381, "phi_s": 1.2080979808914}, "datetime": {"delta": 10.418508, "elapsed": 299.868018, "datetime": "2020-04-27 10:37:07"}}
{"target": -10198.568835253836, "params": {"epsilon_d": 6.257001742410984, "phi_d": 0.6758526764386215, "beta_rec": 0.3174522075636811, "gamma_cf": 0.4303042460941822, "k_intra": 6.781230905428768, "gamma_fc": 0.9764218701345271, "s_cf": 1.0957040953458268, "beta_enc": 0.4613316251225865, "phi_s": 1.337432927109295}, "datetime": {"delta": 10.288466, "elapsed": 310.156484, "datetime": "2020-04-27 10:37:17"}}
{"target": -9542.252148128262, "params": {"epsilon_d": 9.048035362681082, "phi_d": 2.579204033822467, "beta_rec": 0.8800102887345754, "gamma_cf": 0.6627535403940247, "k_intra": 2.5311433480308514, "gamma_fc": 0.343187435826782, "s_cf": 2.4262671436133343, "beta_enc": 0.8178749235627099, "phi_s": 1.6303724742953654}, "datetime": {"delta": 10.401727, "elapsed": 320.558211, "datetime": "2020-04-27 10:37:27"}}
{"target": -9452.1990715105, "params": {"epsilon_d": 5.238215111894153, "phi_d": 1.093797833064517, "beta_rec": 0.7331692110349823, "gamma_cf": 0.7709068221108378, "k_intra": 4.662441687133889, "gamma_fc": 0.611972191634244, "s_cf": 1.1959801200514897, "beta_enc": 0.6152396654724457, "phi_s": 0.29780711040844193}, "datetime": {"delta": 10.359701, "elapsed": 330.917912, "datetime": "2020-04-27 10:37:38"}}
{"target": -9197.609379788288, "params": {"epsilon_d": 1.8979672281745614, "phi_d": 1.7515337969615896, "beta_rec": 0.9828188320190719, "gamma_cf": 0.8118775118507677, "k_intra": 6.887248391335573, "gamma_fc": 0.8874654804603083, "s_cf": 1.4539520660135883, "beta_enc": 0.17166346992842713, "phi_s": 0.5668171667652654}, "datetime": {"delta": 10.307504, "elapsed": 341.225416, "datetime": "2020-04-27 10:37:48"}}
{"target": -10427.130198329369, "params": {"epsilon_d": 5.965867500781388, "phi_d": 0.8456430519683689, "beta_rec": 0.22511745381830317, "gamma_cf": 0.3123386107181468, "k_intra": 9.097258894266055, "gamma_fc": 0.9246749981215157, "s_cf": 0.6595919228554272, "beta_enc": 0.4106548460396935, "phi_s": 0.42158477215768464}, "datetime": {"delta": 10.423303, "elapsed": 351.648719, "datetime": "2020-04-27 10:37:59"}}
{"target": -9365.60880637952, "params": {"epsilon_d": 2.161124940247036, "phi_d": 1.888386694750185, "beta_rec": 0.7286128094077987, "gamma_cf": 0.248108755021393, "k_intra": 4.164328695492598, "gamma_fc": 0.8665046874427302, "s_cf": 0.39570505233481257, "beta_enc": 0.5496257536109974, "phi_s": 0.7776318037938251}, "datetime": {"delta": 10.251345, "elapsed": 361.900064, "datetime": "2020-04-27 10:38:09"}}
{"target": -9641.123237209391, "params": {"epsilon_d": 1.6114492765223163, "phi_d": 0.5191820663615134, "beta_rec": 0.4771932729510774, "gamma_cf": 0.6218440511172415, "k_intra": 6.5448320962377355, "gamma_fc": 0.5896091069325443, "s_cf": 0.7439425054197758, "beta_enc": 0.5642713152716768, "phi_s": 2.279430669692207}, "datetime": {"delta": 10.371684, "elapsed": 372.271748, "datetime": "2020-04-27 10:38:19"}}
{"target": -14385.521544527324, "params": {"epsilon_d": 0.3210712371188812, "phi_d": 1.6614777185241767, "beta_rec": 0.7853174986187967, "gamma_cf": 0.3244300234802139, "k_intra": 8.448648979944675, "gamma_fc": 0.8856301387601, "s_cf": 2.8544373749255167, "beta_enc": 0.5674166419294298, "phi_s": 2.6131639950828878}, "datetime": {"delta": 10.266911, "elapsed": 382.538659, "datetime": "2020-04-27 10:38:29"}}
{"target": -9876.040320659145, "params": {"epsilon_d": 1.0775596780214487, "phi_d": 2.4188842590344812, "beta_rec": 0.854130032292155, "gamma_cf": 0.651339201907757, "k_intra": 6.10630571833983, "gamma_fc": 0.7331652893373877, "s_cf": 2.3336923302094417, "beta_enc": 0.8437662978664072, "phi_s": 0.20025653762773932}, "datetime": {"delta": 10.422129, "elapsed": 392.960788, "datetime": "2020-04-27 10:38:40"}}
{"target": -10860.873262702473, "params": {"epsilon_d": 2.6449860583392524, "phi_d": 1.3938240728100262, "beta_rec": 0.25977242345902324, "gamma_cf": 0.6323400870983847, "k_intra": 7.967920893292802, "gamma_fc": 0.41076771543197343, "s_cf": 2.972368172509138, "beta_enc": 0.7585557406655743, "phi_s": 2.3699733028740986}, "datetime": {"delta": 10.345137, "elapsed": 403.305925, "datetime": "2020-04-27 10:38:50"}}
{"target": -10783.36977479712, "params": {"epsilon_d": 9.022953519857811, "phi_d": 2.9823477713703888, "beta_rec": 0.14309152767527356, "gamma_cf": 0.5416052229494845, "k_intra": 6.369677956018953, "gamma_fc": 0.9772663337695741, "s_cf": 1.6266352083260118, "beta_enc": 0.3702235055805101, "phi_s": 1.6836053320145596}, "datetime": {"delta": 10.407143, "elapsed": 413.713068, "datetime": "2020-04-27 10:39:01"}}
{"target": -10290.973820567366, "params": {"epsilon_d": 0.3595638162340955, "phi_d": 1.1629749820068587, "beta_rec": 0.3557696004667827, "gamma_cf": 0.16047914000169713, "k_intra": 0.3136929023886004, "gamma_fc": 0.7710734734367465, "s_cf": 2.1087653807713274, "beta_enc": 0.22188511276495293, "phi_s": 2.6008041332303278}, "datetime": {"delta": 10.288063, "elapsed": 424.001131, "datetime": "2020-04-27 10:39:11"}}
{"target": -9449.952935175326, "params": {"epsilon_d": 4.474852379409391, "phi_d": 0.818425415110829, "beta_rec": 0.18871793727521535, "gamma_cf": 0.5816192496035567, "k_intra": 2.047023190078887, "gamma_fc": 0.9907765368973347, "s_cf": 2.2754999985641793, "beta_enc": 0.7218479278595517, "phi_s": 0.8603019429414446}, "datetime": {"delta": 10.378355, "elapsed": 434.379486, "datetime": "2020-04-27 10:39:21"}}
{"target": -10395.775186779194, "params": {"epsilon_d": 5.134310782041371, "phi_d": 0.1800574346680605, "beta_rec": 0.05702374546725388, "gamma_cf": 0.21203896862721158, "k_intra": 2.9803405012576496, "gamma_fc": 0.8187438202841891, "s_cf": 2.5471372439004476, "beta_enc": 0.5112777946921235, "phi_s": 1.820954103447401}, "datetime": {"delta": 10.383296, "elapsed": 444.762782, "datetime": "2020-04-27 10:39:32"}}
{"target": -11804.713039619426, "params": {"epsilon_d": 5.160300635141569, "phi_d": 0.19373689320836457, "beta_rec": 0.7498833248950708, "gamma_cf": 0.5409977097816924, "k_intra": 8.041569306071482, "gamma_fc": 0.9634908889555772, "s_cf": 1.4485042965341677, "beta_enc": 0.4429145116559928, "phi_s": 2.1572230285707557}, "datetime": {"delta": 10.328599, "elapsed": 455.091381, "datetime": "2020-04-27 10:39:42"}}
{"target": -9232.93299435409, "params": {"epsilon_d": 2.7440129948752214, "phi_d": 1.9379816057745618, "beta_rec": 0.22151059105005597, "gamma_cf": 0.08156581748077427, "k_intra": 1.0990974525504922, "gamma_fc": 0.4857569457974079, "s_cf": 2.1207214387485176, "beta_enc": 0.9527940472555898, "phi_s": 2.42859338838384}, "datetime": {"delta": 10.460034, "elapsed": 465.551415, "datetime": "2020-04-27 10:39:52"}}
{"target": -10469.765558586798, "params": {"epsilon_d": 8.473929681974008, "phi_d": 0.5159268411437102, "beta_rec": 0.3425198744315355, "gamma_cf": 0.4288258981219426, "k_intra": 6.268696624656695, "gamma_fc": 0.8416088833710869, "s_cf": 0.15316466444772114, "beta_enc": 0.7895902429681935, "phi_s": 0.3273220095793491}, "datetime": {"delta": 10.316083, "elapsed": 475.867498, "datetime": "2020-04-27 10:40:03"}}
{"target": -9406.96183094769, "params": {"epsilon_d": 1.222085035399146, "phi_d": 2.266121637261823, "beta_rec": 0.458637955327061, "gamma_cf": 0.027880570513785084, "k_intra": 3.9545562998017876, "gamma_fc": 0.7793753332514206, "s_cf": 1.4052515663022074, "beta_enc": 0.16005249787542083, "phi_s": 1.4119739975647096}, "datetime": {"delta": 10.411501, "elapsed": 486.278999, "datetime": "2020-04-27 10:40:13"}}
{"target": -9902.089426534158, "params": {"epsilon_d": 8.051317086930279, "phi_d": 2.344235593889214, "beta_rec": 0.4740565261695378, "gamma_cf": 0.40245228060575006, "k_intra": 0.3802398690608183, "gamma_fc": 0.9142175443092607, "s_cf": 1.893689344045048, "beta_enc": 0.5302652560460479, "phi_s": 0.46436000529944255}, "datetime": {"delta": 10.306141, "elapsed": 496.58514, "datetime": "2020-04-27 10:40:24"}}
{"target": -12189.873255596845, "params": {"epsilon_d": 0.129877770534004, "phi_d": 2.7542955277528836, "beta_rec": 0.5386734198480894, "gamma_cf": 0.9511986661116555, "k_intra": 7.961709750003271, "gamma_fc": 0.9148618303325002, "s_cf": 0.5574172026245465, "beta_enc": 0.10932783520170875, "phi_s": 0.5221188703593515}, "datetime": {"delta": 10.434067, "elapsed": 507.019207, "datetime": "2020-04-27 10:40:34"}}
{"target": -11695.209387618968, "params": {"epsilon_d": 9.067514010482189, "phi_d": 2.736950293178338, "beta_rec": 0.6225336527096912, "gamma_cf": 0.9899561828412378, "k_intra": 7.32068608733153, "gamma_fc": 0.7400102128892343, "s_cf": 0.8245669726526066, "beta_enc": 0.2688685056121906, "phi_s": 1.2625338238762507}, "datetime": {"delta": 10.327097, "elapsed": 517.346304, "datetime": "2020-04-27 10:40:44"}}
{"target": -10275.967389089703, "params": {"epsilon_d": 8.144844821525004, "phi_d": 1.000703030203209, "beta_rec": 0.11954510462869562, "gamma_cf": 0.14687769417990143, "k_intra": 8.192700894548972, "gamma_fc": 0.3378677344542106, "s_cf": 0.873252236239742, "beta_enc": 0.2560871537084106, "phi_s": 2.949010602949534}, "datetime": {"delta": 10.375428, "elapsed": 527.721732, "datetime": "2020-04-27 10:40:55"}}
{"target": -10961.16906685074, "params": {"epsilon_d": 9.116651028620991, "phi_d": 2.8227707843721688, "beta_rec": 0.314535564484731, "gamma_cf": 0.3666199881868493, "k_intra": 5.12780399586083, "gamma_fc": 0.49023309454584807, "s_cf": 2.1789481245318987, "beta_enc": 0.5802880104740903, "phi_s": 0.18975211818633708}, "datetime": {"delta": 10.307719, "elapsed": 538.029451, "datetime": "2020-04-27 10:41:05"}}
