{"target": 6.135111111111111, "params": {"beta_enc": 0.417022004702574, "primacy": 0.9, "beta_rec": 0.7203244934421581, "gamma_fc": 0.00011437481734488664}, "datetime": {"elapsed": 0.0, "delta": 0.0, "datetime": "2020-09-23 20:07:35"}}
{"target": 5.943777777777777, "params": {"beta_enc": 0.14675589081711304, "primacy": 0.9, "beta_rec": 0.0923385947687978, "gamma_fc": 0.1862602113776709}, "datetime": {"elapsed": 249.147679, "delta": 249.147679, "datetime": "2020-09-23 20:11:44"}}
{"target": 5.876222222222222, "params": {"beta_enc": 0.39676747423066994, "primacy": 0.9, "beta_rec": 0.538816734003357, "gamma_fc": 0.4191945144032948}, "datetime": {"elapsed": 501.45137, "delta": 252.303691, "datetime": "2020-09-23 20:15:56"}}
{"target": 6.128444444444445, "params": {"beta_enc": 0.20445224973151743, "primacy": 0.9, "beta_rec": 0.8781174363909454, "gamma_fc": 0.027387593197926163}, "datetime": {"elapsed": 758.154698, "delta": 256.703328, "datetime": "2020-09-23 20:20:13"}}
{"target": 6.022444444444444, "params": {"beta_enc": 0.41730480236712697, "primacy": 0.9, "beta_rec": 0.5586898284457517, "gamma_fc": 0.14038693859523377}, "datetime": {"elapsed": 1014.906417, "delta": 256.751719, "datetime": "2020-09-23 20:24:30"}}
{"target": 6.274666666666667, "params": {"beta_enc": 0.8007445686755367, "primacy": 0.9, "beta_rec": 0.9682615757193975, "gamma_fc": 0.31342417815924284}, "datetime": {"elapsed": 1277.6229, "delta": 262.716483, "datetime": "2020-09-23 20:28:52"}}
{"target": 6.437333333333333, "params": {"beta_enc": 0.8763891522960383, "primacy": 0.9, "beta_rec": 0.8946066635038473, "gamma_fc": 0.08504421136977791}, "datetime": {"elapsed": 1545.553897, "delta": 267.930997, "datetime": "2020-09-23 20:33:20"}}
{"target": 6.169111111111111, "params": {"beta_enc": 0.1698304195645689, "primacy": 0.9, "beta_rec": 0.8781425034294131, "gamma_fc": 0.0983468338330501}, "datetime": {"elapsed": 1806.553536, "delta": 260.999639, "datetime": "2020-09-23 20:37:41"}}
{"target": 2.9426666666666668, "params": {"beta_enc": 0.9578895301505019, "primacy": 0.9, "beta_rec": 0.5331652849730171, "gamma_fc": 0.6918771139504734}, "datetime": {"elapsed": 1973.486159, "delta": 166.932623, "datetime": "2020-09-23 20:40:28"}}
{"target": 6.481333333333334, "params": {"beta_enc": 0.6865009276815837, "primacy": 0.9, "beta_rec": 0.8346256718973729, "gamma_fc": 0.018288277344191806}, "datetime": {"elapsed": 2243.75924, "delta": 270.273081, "datetime": "2020-09-23 20:44:58"}}
{"target": 3.811555555555556, "params": {"beta_enc": 0.9888610889064947, "primacy": 0.9, "beta_rec": 0.7481656543798394, "gamma_fc": 0.2804439920644052}, "datetime": {"elapsed": 2436.311369, "delta": 192.552129, "datetime": "2020-09-23 20:48:11"}}
{"target": 5.862666666666668, "params": {"beta_enc": 0.10322600657764203, "primacy": 0.9, "beta_rec": 0.44789352617590517, "gamma_fc": 0.9085955030930956}, "datetime": {"elapsed": 2688.450488, "delta": 252.139119, "datetime": "2020-09-23 20:52:23"}}
{"target": 5.905333333333333, "params": {"beta_enc": 0.28777533858634874, "primacy": 0.9, "beta_rec": 0.13002857211827767, "gamma_fc": 0.019366957870297075}, "datetime": {"elapsed": 2941.817768, "delta": 253.36728, "datetime": "2020-09-23 20:56:36"}}
{"target": 5.956444444444444, "params": {"beta_enc": 0.21162811600005904, "primacy": 0.9, "beta_rec": 0.2655466593722262, "gamma_fc": 0.4915731592803383}, "datetime": {"elapsed": 3196.689432, "delta": 254.871664, "datetime": "2020-09-23 21:00:51"}}
{"target": 5.184666666666667, "params": {"beta_enc": 0.5741176054920131, "primacy": 0.9, "beta_rec": 0.14672857490581015, "gamma_fc": 0.5893055369032842}, "datetime": {"elapsed": 3429.008827, "delta": 232.319395, "datetime": "2020-09-23 21:04:44"}}
{"target": 5.904888888888889, "params": {"beta_enc": 0.10233442882782584, "primacy": 0.9, "beta_rec": 0.4140559878195683, "gamma_fc": 0.6944001577277451}, "datetime": {"elapsed": 3682.168001, "delta": 253.159174, "datetime": "2020-09-23 21:08:57"}}
{"target": 5.897777777777779, "params": {"beta_enc": 0.04995345894608716, "primacy": 0.9, "beta_rec": 0.5358964059155116, "gamma_fc": 0.6637946452197888}, "datetime": {"elapsed": 3935.334655, "delta": 253.166654, "datetime": "2020-09-23 21:13:10"}}
{"target": 2.7006666666666668, "params": {"beta_enc": 0.9445947559908133, "primacy": 0.9, "beta_rec": 0.5865550405019929, "gamma_fc": 0.9034019152878835}, "datetime": {"elapsed": 4095.239625, "delta": 159.90497, "datetime": "2020-09-23 21:15:50"}}
{"target": 5.938444444444444, "params": {"beta_enc": 0.13927634725075855, "primacy": 0.9, "beta_rec": 0.8073912887095238, "gamma_fc": 0.3976768369855336}, "datetime": {"elapsed": 4349.851133, "delta": 254.611508, "datetime": "2020-09-23 21:20:05"}}
{"target": 3.0582222222222226, "params": {"beta_enc": 0.9275085803960339, "primacy": 0.9, "beta_rec": 0.34776585974550656, "gamma_fc": 0.7508121031361555}, "datetime": {"elapsed": 4520.434491, "delta": 170.583358, "datetime": "2020-09-23 21:22:55"}}
{"target": 3.724444444444444, "params": {"beta_enc": 0.8833060912058098, "primacy": 0.9, "beta_rec": 0.6236722070556089, "gamma_fc": 0.7509424340273372}, "datetime": {"elapsed": 4710.835633, "delta": 190.401142, "datetime": "2020-09-23 21:26:06"}}
{"target": 5.940666666666667, "params": {"beta_enc": 0.2699278917650261, "primacy": 0.9, "beta_rec": 0.8958862181960668, "gamma_fc": 0.4280911898712949}, "datetime": {"elapsed": 4966.027029, "delta": 255.191396, "datetime": "2020-09-23 21:30:21"}}
{"target": 6.068444444444443, "params": {"beta_enc": 0.6634414978184481, "primacy": 0.9, "beta_rec": 0.6216957202091218, "gamma_fc": 0.11474597295337519}, "datetime": {"elapsed": 5224.865932, "delta": 258.838903, "datetime": "2020-09-23 21:34:40"}}
{"target": 5.892, "params": {"beta_enc": 0.4499121334799405, "primacy": 0.9, "beta_rec": 0.5783896143871318, "gamma_fc": 0.40813680276128117}, "datetime": {"elapsed": 5478.599751, "delta": 253.733819, "datetime": "2020-09-23 21:38:53"}}
{"target": 4.7364444444444445, "params": {"beta_enc": 0.9033795205622538, "primacy": 0.9, "beta_rec": 0.5736794866722859, "gamma_fc": 0.00287032703115897}, "datetime": {"elapsed": 5698.417702, "delta": 219.817951, "datetime": "2020-09-23 21:42:33"}}
{"target": 5.864222222222222, "params": {"beta_enc": 0.32664490177209615, "primacy": 0.9, "beta_rec": 0.5270581022576093, "gamma_fc": 0.8859420993107745}, "datetime": {"elapsed": 5951.173756, "delta": 252.756054, "datetime": "2020-09-23 21:46:46"}}
{"target": 4.866000000000001, "params": {"beta_enc": 0.9085351509197992, "primacy": 0.9, "beta_rec": 0.6233601157918027, "gamma_fc": 0.015821242846556283}, "datetime": {"elapsed": 6174.677445, "delta": 223.503689, "datetime": "2020-09-23 21:50:29"}}
{"target": 6.2297777777777785, "params": {"beta_enc": 0.690896917516924, "primacy": 0.9, "beta_rec": 0.9973228504514805, "gamma_fc": 0.17234050834532855}, "datetime": {"elapsed": 6438.286215, "delta": 263.60877, "datetime": "2020-09-23 21:54:53"}}
{"target": 4.905555555555556, "params": {"beta_enc": 0.9325954630371636, "primacy": 0.9, "beta_rec": 0.6968181614899002, "gamma_fc": 0.06600017272206249}, "datetime": {"elapsed": 6662.738844, "delta": 224.452629, "datetime": "2020-09-23 21:58:37"}}
{"target": 5.283777777777778, "params": {"beta_enc": 0.7538761884612464, "primacy": 0.9, "beta_rec": 0.9230245355464833, "gamma_fc": 0.7115247586284718}, "datetime": {"elapsed": 6898.733656, "delta": 235.994812, "datetime": "2020-09-23 22:02:33"}}
{"target": 5.88288888888889, "params": {"beta_enc": 0.01988013383979559, "primacy": 0.9, "beta_rec": 0.026210986877719278, "gamma_fc": 0.028306488020794607}, "datetime": {"elapsed": 7151.61045, "delta": 252.876794, "datetime": "2020-09-23 22:06:46"}}
{"target": 4.251555555555555, "params": {"beta_enc": 0.860027948682888, "primacy": 0.9, "beta_rec": 0.5388310643416528, "gamma_fc": 0.5528219786857659}, "datetime": {"elapsed": 7356.907532, "delta": 205.297082, "datetime": "2020-09-23 22:10:12"}}
{"target": 5.942444444444445, "params": {"beta_enc": 0.12417331511991114, "primacy": 0.9, "beta_rec": 0.2791836790111395, "gamma_fc": 0.5857592714582879}, "datetime": {"elapsed": 7612.027562, "delta": 255.12003, "datetime": "2020-09-23 22:14:27"}}
{"target": 4.904222222222222, "params": {"beta_enc": 0.56103021925571, "primacy": 0.9, "beta_rec": 0.01864728937294302, "gamma_fc": 0.8006326726806163}, "datetime": {"elapsed": 7836.4169, "delta": 224.389338, "datetime": "2020-09-23 22:18:11"}}
{"target": 4.000222222222222, "params": {"beta_enc": 0.8071051956187791, "primacy": 0.9, "beta_rec": 0.38786064406417176, "gamma_fc": 0.8635418545594287}, "datetime": {"elapsed": 8034.401328, "delta": 197.984428, "datetime": "2020-09-23 22:21:29"}}
{"target": 5.260888888888889, "params": {"beta_enc": 0.5562402339904189, "primacy": 0.9, "beta_rec": 0.13645522566068502, "gamma_fc": 0.05991768951221166}, "datetime": {"elapsed": 8269.322486, "delta": 234.921158, "datetime": "2020-09-23 22:25:24"}}
{"target": 5.9142222222222225, "params": {"beta_enc": 0.044551878544761725, "primacy": 0.9, "beta_rec": 0.1074941291060929, "gamma_fc": 0.2257093386078547}, "datetime": {"elapsed": 8523.722708, "delta": 254.400222, "datetime": "2020-09-23 22:29:38"}}
{"target": 4.918666666666667, "params": {"beta_enc": 0.5597169820541424, "primacy": 0.9, "beta_rec": 0.012555980159115854, "gamma_fc": 0.07197427968948678}, "datetime": {"elapsed": 8750.698514, "delta": 226.975806, "datetime": "2020-09-23 22:33:25"}}
{"target": 5.367333333333334, "params": {"beta_enc": 0.5681004619199421, "primacy": 0.9, "beta_rec": 0.20329323466099047, "gamma_fc": 0.2523257445703234}, "datetime": {"elapsed": 8989.329673, "delta": 238.631159, "datetime": "2020-09-23 22:37:24"}}
{"target": 5.934, "params": {"beta_enc": 0.1954294811093188, "primacy": 0.9, "beta_rec": 0.5813589272732578, "gamma_fc": 0.9700199890883123}, "datetime": {"elapsed": 9244.318084, "delta": 254.988411, "datetime": "2020-09-23 22:41:39"}}
{"target": 5.894444444444444, "params": {"beta_enc": 0.23984775914758616, "primacy": 0.9, "beta_rec": 0.49376971426872995, "gamma_fc": 0.6199557183813798}, "datetime": {"elapsed": 9497.726934, "delta": 253.40885, "datetime": "2020-09-23 22:45:52"}}
{"target": 5.858, "params": {"beta_enc": 0.15679139464608427, "primacy": 0.9, "beta_rec": 0.018576202177409518, "gamma_fc": 0.07002214371922233}, "datetime": {"elapsed": 9750.407572, "delta": 252.680638, "datetime": "2020-09-23 22:50:05"}}
{"target": 5.8788888888888895, "params": {"beta_enc": 0.6063294616533303, "primacy": 0.9, "beta_rec": 0.5688514370864813, "gamma_fc": 0.31736240932216075}, "datetime": {"elapsed": 10003.199201, "delta": 252.791629, "datetime": "2020-09-23 22:54:18"}}
{"target": 5.570666666666666, "params": {"beta_enc": 0.5797452192457969, "primacy": 0.9, "beta_rec": 0.3801411726235504, "gamma_fc": 0.5509482191178968}, "datetime": {"elapsed": 10247.088008, "delta": 243.888807, "datetime": "2020-09-23 22:58:22"}}
{"target": 5.160444444444444, "params": {"beta_enc": 0.6692328934531846, "primacy": 0.9, "beta_rec": 0.2649195576628094, "gamma_fc": 0.06633483442844157}, "datetime": {"elapsed": 10481.669426, "delta": 234.581418, "datetime": "2020-09-23 23:02:16"}}
{"target": 5.0024444444444445, "params": {"beta_enc": 0.6297175070215645, "primacy": 0.9, "beta_rec": 0.2101740099148396, "gamma_fc": 0.7527555537388139}, "datetime": {"elapsed": 10708.851027, "delta": 227.181601, "datetime": "2020-09-23 23:06:04"}}
{"target": 6.008000000000001, "params": {"beta_enc": 0.26031509857854096, "primacy": 0.9, "beta_rec": 0.8047545637433454, "gamma_fc": 0.19343428262332774}, "datetime": {"elapsed": 10965.567904, "delta": 256.716877, "datetime": "2020-09-23 23:10:20"}}
{"target": 6.021333333333333, "params": {"beta_enc": 0.5246703091237337, "primacy": 0.9, "beta_rec": 0.9248079703993507, "gamma_fc": 0.263296770487111}, "datetime": {"elapsed": 11222.509381, "delta": 256.941477, "datetime": "2020-09-23 23:14:37"}}
{"target": 4.857333333333333, "params": {"beta_enc": 0.7350659632886695, "primacy": 0.9, "beta_rec": 0.7721780295432468, "gamma_fc": 0.907815852503524}, "datetime": {"elapsed": 11445.19179, "delta": 222.682409, "datetime": "2020-09-23 23:18:20"}}
{"target": 5.930666666666666, "params": {"beta_enc": 0.013951572975597015, "primacy": 0.9, "beta_rec": 0.2343620861214205, "gamma_fc": 0.6167783570016576}, "datetime": {"elapsed": 11699.363758, "delta": 254.171968, "datetime": "2020-09-23 23:22:34"}}
{"target": 6.612666666666667, "params": {"beta_enc": 0.8395121897381921, "primacy": 0.9, "beta_rec": 0.9291669107323135, "gamma_fc": 0.06678481162295319}, "datetime": {"elapsed": 11976.067625, "delta": 276.703867, "datetime": "2020-09-23 23:27:11"}}
{"target": 6.653777777777778, "params": {"beta_enc": 0.8596920074425933, "primacy": 0.9, "beta_rec": 0.9751785415553896, "gamma_fc": 0.010291234252447868}, "datetime": {"elapsed": 12255.257916, "delta": 279.190291, "datetime": "2020-09-23 23:31:50"}}
{"target": 6.412000000000001, "params": {"beta_enc": 0.8800057014052677, "primacy": 0.9, "beta_rec": 1.0, "gamma_fc": 0.06605582085560907}, "datetime": {"elapsed": 12526.102974, "delta": 270.845058, "datetime": "2020-09-23 23:36:21"}}
{"target": 6.624666666666667, "params": {"beta_enc": 0.8351780992758032, "primacy": 0.9, "beta_rec": 0.9389012211357142, "gamma_fc": 0.0}, "datetime": {"elapsed": 12803.31708, "delta": 277.214106, "datetime": "2020-09-23 23:40:58"}}
{"target": 6.496444444444444, "params": {"beta_enc": 0.7441325963285669, "primacy": 0.9, "beta_rec": 0.8699589841259173, "gamma_fc": 0.13434805923947285}, "datetime": {"elapsed": 13078.096598, "delta": 274.779518, "datetime": "2020-09-23 23:45:33"}}
{"target": 6.074888888888889, "params": {"beta_enc": 0.0, "primacy": 0.9, "beta_rec": 0.6077263369518754, "gamma_fc": 0.0}, "datetime": {"elapsed": 13339.757709, "delta": 261.661111, "datetime": "2020-09-23 23:49:54"}}
{"target": 5.854222222222223, "params": {"beta_enc": 0.0, "primacy": 0.9, "beta_rec": 1.0, "gamma_fc": 1.0}, "datetime": {"elapsed": 13595.375772, "delta": 255.618063, "datetime": "2020-09-23 23:54:10"}}
{"target": 1.0, "params": {"beta_enc": 0.0, "primacy": 0.9, "beta_rec": 1.0, "gamma_fc": 0.0}, "datetime": {"elapsed": 13708.909337, "delta": 113.533565, "datetime": "2020-09-23 23:56:04"}}
{"target": 6.063111111111112, "params": {"beta_enc": 0.20174192774177246, "primacy": 0.9, "beta_rec": 0.7418524509884404, "gamma_fc": 0.0512058846384555}, "datetime": {"elapsed": 13973.646029, "delta": 264.736692, "datetime": "2020-09-24 00:00:28"}}
{"target": 5.995555555555557, "params": {"beta_enc": 0.0309819325924561, "primacy": 0.9, "beta_rec": 0.415214823955657, "gamma_fc": 0.03061461428802448}, "datetime": {"elapsed": 14238.423485, "delta": 264.777456, "datetime": "2020-09-24 00:04:53"}}
{"target": 6.074666666666666, "params": {"beta_enc": 0.3100945150175898, "primacy": 0.9, "beta_rec": 0.9046730510804861, "gamma_fc": 0.07887684029259648}, "datetime": {"elapsed": 14502.964374, "delta": 264.540889, "datetime": "2020-09-24 00:09:18"}}
{"target": 6.61511111111111, "params": {"beta_enc": 0.88902689379189, "primacy": 0.9, "beta_rec": 0.9565258523567866, "gamma_fc": 0.0}, "datetime": {"elapsed": 14782.896959, "delta": 279.932585, "datetime": "2020-09-24 00:13:58"}}
{"target": 5.490222222222222, "params": {"beta_enc": 0.8117245604276351, "primacy": 0.9, "beta_rec": 1.0, "gamma_fc": 0.0}, "datetime": {"elapsed": 15029.593471, "delta": 246.696512, "datetime": "2020-09-24 00:18:04"}}
{"target": 6.644444444444444, "params": {"beta_enc": 0.8664258818990979, "primacy": 0.9, "beta_rec": 0.9607425340111394, "gamma_fc": 0.012546926361810078}, "datetime": {"elapsed": 15312.219709, "delta": 282.626238, "datetime": "2020-09-24 00:22:47"}}
{"target": 6.635777777777778, "params": {"beta_enc": 0.8788488653003268, "primacy": 0.9, "beta_rec": 0.9804481570952608, "gamma_fc": 0.0}, "datetime": {"elapsed": 15596.470726, "delta": 284.251017, "datetime": "2020-09-24 00:27:31"}}
{"target": 6.556444444444443, "params": {"beta_enc": 0.8241230236844669, "primacy": 0.9, "beta_rec": 0.8876966628466462, "gamma_fc": 0.012703935769316237}, "datetime": {"elapsed": 15881.925955, "delta": 285.455229, "datetime": "2020-09-24 00:32:17"}}
{"target": 6.488444444444444, "params": {"beta_enc": 0.818607494446178, "primacy": 0.9, "beta_rec": 0.9152415665374768, "gamma_fc": 0.11964393162989047}, "datetime": {"elapsed": 16160.810327, "delta": 278.884372, "datetime": "2020-09-24 00:36:55"}}
{"target": 6.364888888888889, "params": {"beta_enc": 0.6639367775121219, "primacy": 0.9, "beta_rec": 0.8091410145153078, "gamma_fc": 0.0901678335558778}, "datetime": {"elapsed": 16435.765624, "delta": 274.955297, "datetime": "2020-09-24 00:41:30"}}
{"target": 6.277333333333334, "params": {"beta_enc": 0.7083735195772531, "primacy": 0.9, "beta_rec": 0.9307620085971872, "gamma_fc": 0.23619349896712344}, "datetime": {"elapsed": 16708.665807, "delta": 272.900183, "datetime": "2020-09-24 00:46:03"}}
{"target": 6.588444444444444, "params": {"beta_enc": 0.7567863104193273, "primacy": 0.9, "beta_rec": 0.8507288884067059, "gamma_fc": 0.06613407010698084}, "datetime": {"elapsed": 16990.383366, "delta": 281.717559, "datetime": "2020-09-24 00:50:45"}}
{"target": 6.510222222222223, "params": {"beta_enc": 0.7269858794717403, "primacy": 0.9, "beta_rec": 0.7924172721577171, "gamma_fc": 0.02036769374082806}, "datetime": {"elapsed": 17269.424993, "delta": 279.041627, "datetime": "2020-09-24 00:55:24"}}
{"target": 6.371333333333333, "params": {"beta_enc": 0.6239583536512959, "primacy": 0.9, "beta_rec": 0.7424690351194639, "gamma_fc": 0.0}, "datetime": {"elapsed": 17543.772033, "delta": 274.34704, "datetime": "2020-09-24 00:59:58"}}
{"target": 6.587999999999999, "params": {"beta_enc": 0.8171825811851964, "primacy": 0.9, "beta_rec": 0.8949818599372656, "gamma_fc": 0.0662612135021563}, "datetime": {"elapsed": 17826.623781, "delta": 282.851748, "datetime": "2020-09-24 01:04:41"}}
{"target": 6.080444444444444, "params": {"beta_enc": 0.6927663728623445, "primacy": 0.9, "beta_rec": 1.0, "gamma_fc": 0.33162764956399}, "datetime": {"elapsed": 18092.946313, "delta": 266.322532, "datetime": "2020-09-24 01:09:08"}}
{"target": 6.172444444444444, "params": {"beta_enc": 0.5296457031743939, "primacy": 0.9, "beta_rec": 0.6930146495625189, "gamma_fc": 0.10947807142941061}, "datetime": {"elapsed": 18361.323498, "delta": 268.377185, "datetime": "2020-09-24 01:13:36"}}
{"target": 6.286888888888889, "params": {"beta_enc": 0.7956626892459996, "primacy": 0.9, "beta_rec": 1.0, "gamma_fc": 0.22936611346589522}, "datetime": {"elapsed": 18632.668992, "delta": 271.345494, "datetime": "2020-09-24 01:18:07"}}
{"target": 6.229555555555556, "params": {"beta_enc": 0.5395395558143586, "primacy": 0.9, "beta_rec": 0.6091124374886346, "gamma_fc": 0.0}, "datetime": {"elapsed": 18902.090633, "delta": 269.421641, "datetime": "2020-09-24 01:22:37"}}
{"target": 5.992222222222222, "params": {"beta_enc": 0.059463648237747246, "primacy": 0.9, "beta_rec": 0.5556874590971002, "gamma_fc": 0.17827093625707777}, "datetime": {"elapsed": 19165.06615, "delta": 262.975517, "datetime": "2020-09-24 01:27:00"}}
{"target": 6.022, "params": {"beta_enc": 0.21737878156562554, "primacy": 0.9, "beta_rec": 0.4982628242649152, "gamma_fc": 0.0}, "datetime": {"elapsed": 19428.464001, "delta": 263.397851, "datetime": "2020-09-24 01:31:23"}}
{"target": 5.968444444444444, "params": {"beta_enc": 0.19623859106199787, "primacy": 0.9, "beta_rec": 0.34019198843469506, "gamma_fc": 0.19300372376549152}, "datetime": {"elapsed": 19691.38373, "delta": 262.919729, "datetime": "2020-09-24 01:35:46"}}
{"target": 5.948, "params": {"beta_enc": 0.03971001494313914, "primacy": 0.9, "beta_rec": 0.38925003821029863, "gamma_fc": 0.39568230685357314}, "datetime": {"elapsed": 19954.895733, "delta": 263.512003, "datetime": "2020-09-24 01:40:10"}}
{"target": 3.1857777777777785, "params": {"beta_enc": 1.0, "primacy": 0.9, "beta_rec": 0.9754518781263145, "gamma_fc": 0.0}, "datetime": {"elapsed": 20134.980753, "delta": 180.08502, "datetime": "2020-09-24 01:43:10"}}
{"target": 6.669777777777777, "params": {"beta_enc": 0.8661899272571675, "primacy": 0.9, "beta_rec": 0.9572254045323412, "gamma_fc": 0.0}, "datetime": {"elapsed": 20416.403255, "delta": 281.422502, "datetime": "2020-09-24 01:47:51"}}
{"target": 6.686, "params": {"beta_enc": 0.8595895583135831, "primacy": 0.9, "beta_rec": 0.920392225867908, "gamma_fc": 0.0027534813139598047}, "datetime": {"elapsed": 20700.897702, "delta": 284.494447, "datetime": "2020-09-24 01:52:36"}}
{"target": 6.458, "params": {"beta_enc": 0.7615329953754724, "primacy": 0.9, "beta_rec": 0.8128270992756556, "gamma_fc": 0.10032667503991588}, "datetime": {"elapsed": 20977.783103, "delta": 276.885401, "datetime": "2020-09-24 01:57:12"}}
{"target": 6.260888888888889, "params": {"beta_enc": 0.5313995592954076, "primacy": 0.9, "beta_rec": 0.8213091095862621, "gamma_fc": 0.0}, "datetime": {"elapsed": 21248.54021, "delta": 270.757107, "datetime": "2020-09-24 02:01:43"}}
{"target": 6.204000000000001, "params": {"beta_enc": 0.6030336759925011, "primacy": 0.9, "beta_rec": 0.9067297496648282, "gamma_fc": 0.14045862792571623}, "datetime": {"elapsed": 21517.691778, "delta": 269.151568, "datetime": "2020-09-24 02:06:12"}}
{"target": 6.006444444444445, "params": {"beta_enc": 0.13437426177954712, "primacy": 0.9, "beta_rec": 0.24604292797949498, "gamma_fc": 0.0}, "datetime": {"elapsed": 21780.200305, "delta": 262.508527, "datetime": "2020-09-24 02:10:35"}}
{"target": 5.950444444444445, "params": {"beta_enc": 0.15522867333725926, "primacy": 0.9, "beta_rec": 0.5752408182302968, "gamma_fc": 0.39334814252742}, "datetime": {"elapsed": 22040.843023, "delta": 260.642718, "datetime": "2020-09-24 02:14:56"}}
{"target": 6.066888888888889, "params": {"beta_enc": 0.41107026796038965, "primacy": 0.9, "beta_rec": 0.4655869989381081, "gamma_fc": 0.0}, "datetime": {"elapsed": 22305.072617, "delta": 264.229594, "datetime": "2020-09-24 02:19:20"}}
