{"target": 7.276000000000001, "params": {"enc_rate": 1.0, "k": 3.0, "beta_enc": 0.417022004702574, "gamma_fc": 0.14675589081711304, "beta_rec": 0.7203244934421581, "cue_position": 4.0}, "datetime": {"elapsed": 0.0, "delta": 0.0, "datetime": "2021-04-07 11:15:20"}}
{"target": 7.524444444444444, "params": {"enc_rate": 1.0, "k": 3.0, "beta_enc": 0.1862602113776709, "gamma_fc": 0.4191945144032948, "beta_rec": 0.34556072704304774, "cue_position": 4.0}, "datetime": {"elapsed": 37.288133, "delta": 37.288133, "datetime": "2021-04-07 11:15:57"}}
{"target": 7.485111111111111, "params": {"enc_rate": 1.0, "k": 3.0, "beta_enc": 0.20445224973151743, "gamma_fc": 0.41730480236712697, "beta_rec": 0.8781174363909454, "cue_position": 4.0}, "datetime": {"elapsed": 74.511183, "delta": 37.22305, "datetime": "2021-04-07 11:16:35"}}
{"target": 7.515777777777776, "params": {"enc_rate": 1.0, "k": 3.0, "beta_enc": 0.14038693859523377, "gamma_fc": 0.31342417815924284, "beta_rec": 0.1981014890848788, "cue_position": 4.0}, "datetime": {"elapsed": 111.794679, "delta": 37.283496, "datetime": "2021-04-07 11:17:12"}}
{"target": 6.358666666666666, "params": {"enc_rate": 1.0, "k": 3.0, "beta_enc": 0.8763891522960383, "gamma_fc": 0.1698304195645689, "beta_rec": 0.8946066635038473, "cue_position": 4.0}, "datetime": {"elapsed": 145.64167, "delta": 33.846991, "datetime": "2021-04-07 11:17:46"}}
{"target": 7.513111111111111, "params": {"enc_rate": 1.0, "k": 3.0, "beta_enc": 0.0983468338330501, "gamma_fc": 0.6918771139504734, "beta_rec": 0.42110762500505217, "cue_position": 4.0}, "datetime": {"elapsed": 182.963085, "delta": 37.321415, "datetime": "2021-04-07 11:18:23"}}
{"target": 6.471555555555556, "params": {"enc_rate": 1.0, "k": 3.0, "beta_enc": 0.6865009276815837, "gamma_fc": 0.9888610889064947, "beta_rec": 0.8346256718973729, "cue_position": 4.0}, "datetime": {"elapsed": 217.225998, "delta": 34.262913, "datetime": "2021-04-07 11:18:57"}}
{"target": 7.443555555555555, "params": {"enc_rate": 1.0, "k": 3.0, "beta_enc": 0.2804439920644052, "gamma_fc": 0.9085955030930956, "beta_rec": 0.7892793284514885, "cue_position": 4.0}, "datetime": {"elapsed": 254.190334, "delta": 36.964336, "datetime": "2021-04-07 11:19:34"}}
{"target": 7.503777777777778, "params": {"enc_rate": 1.0, "k": 3.0, "beta_enc": 0.28777533858634874, "gamma_fc": 0.21162811600005904, "beta_rec": 0.13002857211827767, "cue_position": 4.0}, "datetime": {"elapsed": 290.273727, "delta": 36.083393, "datetime": "2021-04-07 11:20:10"}}
{"target": 7.309555555555555, "params": {"enc_rate": 1.0, "k": 3.0, "beta_enc": 0.4915731592803383, "gamma_fc": 0.5893055369032842, "beta_rec": 0.053362545117080384, "cue_position": 4.0}, "datetime": {"elapsed": 325.802807, "delta": 35.52908, "datetime": "2021-04-07 11:20:46"}}
{"target": 7.521111111111111, "params": {"enc_rate": 1.0, "k": 3.0, "beta_enc": 0.10233442882782584, "gamma_fc": 0.04995345894608716, "beta_rec": 0.4140559878195683, "cue_position": 4.0}, "datetime": {"elapsed": 361.901776, "delta": 36.098969, "datetime": "2021-04-07 11:21:22"}}
{"target": 6.698, "params": {"enc_rate": 1.0, "k": 3.0, "beta_enc": 0.6637946452197888, "gamma_fc": 0.9034019152878835, "beta_rec": 0.5148891120583086, "cue_position": 4.0}, "datetime": {"elapsed": 395.570414, "delta": 33.668638, "datetime": "2021-04-07 11:21:56"}}
{"target": 7.503333333333333, "params": {"enc_rate": 1.0, "k": 3.0, "beta_enc": 0.13927634725075855, "gamma_fc": 0.9275085803960339, "beta_rec": 0.8073912887095238, "cue_position": 4.0}, "datetime": {"elapsed": 431.639791, "delta": 36.069377, "datetime": "2021-04-07 11:22:32"}}
{"target": 6.313777777777778, "params": {"enc_rate": 1.0, "k": 3.0, "beta_enc": 0.7508121031361555, "gamma_fc": 0.7509424340273372, "beta_rec": 0.7259979853504515, "cue_position": 4.0}, "datetime": {"elapsed": 464.945518, "delta": 33.305727, "datetime": "2021-04-07 11:23:05"}}
{"target": 7.441777777777777, "params": {"enc_rate": 1.0, "k": 3.0, "beta_enc": 0.2699278917650261, "gamma_fc": 0.6634414978184481, "beta_rec": 0.8958862181960668, "cue_position": 4.0}, "datetime": {"elapsed": 501.378469, "delta": 36.432951, "datetime": "2021-04-07 11:23:42"}}
{"target": 7.5537777777777775, "params": {"enc_rate": 1.0, "k": 3.0, "beta_enc": 0.11474597295337519, "gamma_fc": 0.40813680276128117, "beta_rec": 0.9494892587070712, "cue_position": 4.0}, "datetime": {"elapsed": 539.101816, "delta": 37.723347, "datetime": "2021-04-07 11:24:19"}}
{"target": 6.014444444444445, "params": {"enc_rate": 1.0, "k": 3.0, "beta_enc": 0.9033795205622538, "gamma_fc": 0.32664490177209615, "beta_rec": 0.5736794866722859, "cue_position": 4.0}, "datetime": {"elapsed": 572.130968, "delta": 33.029152, "datetime": "2021-04-07 11:24:52"}}
{"target": 6.176222222222222, "params": {"enc_rate": 1.0, "k": 3.0, "beta_enc": 0.8859420993107745, "gamma_fc": 0.015821242846556283, "beta_rec": 0.35726976000249977, "cue_position": 4.0}, "datetime": {"elapsed": 605.602903, "delta": 33.471935, "datetime": "2021-04-07 11:25:26"}}
{"target": 6.495555555555555, "params": {"enc_rate": 1.0, "k": 3.0, "beta_enc": 0.690896917516924, "gamma_fc": 0.9325954630371636, "beta_rec": 0.9973228504514805, "cue_position": 4.0}, "datetime": {"elapsed": 640.009702, "delta": 34.406799, "datetime": "2021-04-07 11:26:00"}}
{"target": 7.537333333333334, "params": {"enc_rate": 1.0, "k": 3.0, "beta_enc": 0.06600017272206249, "gamma_fc": 0.7115247586284718, "beta_rec": 0.7554630526024664, "cue_position": 4.0}, "datetime": {"elapsed": 677.525368, "delta": 37.515666, "datetime": "2021-04-07 11:26:38"}}
{"target": 7.569333333333335, "params": {"enc_rate": 1.0, "k": 3.0, "beta_enc": 0.01988013383979559, "gamma_fc": 0.860027948682888, "beta_rec": 0.026210986877719278, "cue_position": 4.0}, "datetime": {"elapsed": 715.197403, "delta": 37.672035, "datetime": "2021-04-07 11:27:15"}}
{"target": 7.061555555555556, "params": {"enc_rate": 1.0, "k": 3.0, "beta_enc": 0.5528219786857659, "gamma_fc": 0.5857592714582879, "beta_rec": 0.8420308923596057, "cue_position": 4.0}, "datetime": {"elapsed": 751.285058, "delta": 36.087655, "datetime": "2021-04-07 11:27:51"}}
{"target": 7.067111111111112, "params": {"enc_rate": 1.0, "k": 3.0, "beta_enc": 0.56103021925571, "gamma_fc": 0.8071051956187791, "beta_rec": 0.01864728937294302, "cue_position": 4.0}, "datetime": {"elapsed": 788.145574, "delta": 36.860516, "datetime": "2021-04-07 11:28:28"}}
{"target": 6.654222222222222, "params": {"enc_rate": 1.0, "k": 3.0, "beta_enc": 0.8635418545594287, "gamma_fc": 0.05991768951221166, "beta_rec": 0.7471216427371846, "cue_position": 4.0}, "datetime": {"elapsed": 822.167706, "delta": 34.022132, "datetime": "2021-04-07 11:29:02"}}
{"target": 7.530888888888889, "params": {"enc_rate": 1.0, "k": 3.0, "beta_enc": 0.044551878544761725, "gamma_fc": 0.5597169820541424, "beta_rec": 0.1074941291060929, "cue_position": 4.0}, "datetime": {"elapsed": 858.155968, "delta": 35.988262, "datetime": "2021-04-07 11:29:38"}}
{"target": 7.550222222222222, "params": {"enc_rate": 1.0, "k": 3.0, "beta_enc": 0.07197427968948678, "gamma_fc": 0.2523257445703234, "beta_rec": 0.967276330000272, "cue_position": 4.0}, "datetime": {"elapsed": 894.427116, "delta": 36.271148, "datetime": "2021-04-07 11:30:15"}}
{"target": 7.544444444444444, "params": {"enc_rate": 1.0, "k": 3.0, "beta_enc": 0.1954294811093188, "gamma_fc": 0.23984775914758616, "beta_rec": 0.5813589272732578, "cue_position": 4.0}, "datetime": {"elapsed": 930.501988, "delta": 36.074872, "datetime": "2021-04-07 11:30:51"}}
{"target": 6.974222222222222, "params": {"enc_rate": 1.0, "k": 3.0, "beta_enc": 0.6199557183813798, "gamma_fc": 0.07002214371922233, "beta_rec": 0.8289808995501787, "cue_position": 4.0}, "datetime": {"elapsed": 965.017391, "delta": 34.515403, "datetime": "2021-04-07 11:31:25"}}
{"target": 6.972888888888889, "params": {"enc_rate": 1.0, "k": 3.0, "beta_enc": 0.6063294616533303, "gamma_fc": 0.5797452192457969, "beta_rec": 0.5688514370864813, "cue_position": 4.0}, "datetime": {"elapsed": 999.518788, "delta": 34.501397, "datetime": "2021-04-07 11:32:00"}}
{"target": 7.0584444444444445, "params": {"enc_rate": 1.0, "k": 3.0, "beta_enc": 0.5509482191178968, "gamma_fc": 0.06633483442844157, "beta_rec": 0.7453344309065021, "cue_position": 4.0}, "datetime": {"elapsed": 1034.146371, "delta": 34.627583, "datetime": "2021-04-07 11:32:34"}}
{"target": 7.021777777777777, "params": {"enc_rate": 1.0, "k": 3.0, "beta_enc": 0.6297175070215645, "gamma_fc": 0.26031509857854096, "beta_rec": 0.2101740099148396, "cue_position": 4.0}, "datetime": {"elapsed": 1068.729595, "delta": 34.583224, "datetime": "2021-04-07 11:33:09"}}
{"target": 7.519555555555556, "params": {"enc_rate": 1.0, "k": 3.0, "beta_enc": 0.19343428262332774, "gamma_fc": 0.263296770487111, "beta_rec": 0.6394608808799401, "cue_position": 4.0}, "datetime": {"elapsed": 1104.761159, "delta": 36.031564, "datetime": "2021-04-07 11:33:45"}}
{"target": 6.895555555555555, "params": {"enc_rate": 1.0, "k": 3.0, "beta_enc": 0.7350659632886695, "gamma_fc": 0.013951572975597015, "beta_rec": 0.7721780295432468, "cue_position": 4.0}, "datetime": {"elapsed": 1138.836794, "delta": 34.075635, "datetime": "2021-04-07 11:34:19"}}
{"target": 6.858, "params": {"enc_rate": 1.0, "k": 3.0, "beta_enc": 0.6167783570016576, "gamma_fc": 0.9156063497662745, "beta_rec": 0.9490163206876164, "cue_position": 4.0}, "datetime": {"elapsed": 1173.04637, "delta": 34.209576, "datetime": "2021-04-07 11:34:53"}}
{"target": 7.374666666666667, "params": {"enc_rate": 1.0, "k": 3.0, "beta_enc": 0.39000771414124624, "gamma_fc": 0.9261814267064536, "beta_rec": 0.48599066709690975, "cue_position": 4.0}, "datetime": {"elapsed": 1208.598571, "delta": 35.552201, "datetime": "2021-04-07 11:35:29"}}
{"target": 7.267111111111111, "params": {"enc_rate": 1.0, "k": 3.0, "beta_enc": 0.3948756129235549, "gamma_fc": 0.13507915804673132, "beta_rec": 0.9632625284407118, "cue_position": 4.0}, "datetime": {"elapsed": 1243.998352, "delta": 35.399781, "datetime": "2021-04-07 11:36:04"}}
{"target": 7.566888888888888, "params": {"enc_rate": 1.0, "k": 3.0, "beta_enc": 0.021524805274197978, "gamma_fc": 0.17619625557505525, "beta_rec": 0.947970211217681, "cue_position": 4.0}, "datetime": {"elapsed": 1280.212373, "delta": 36.214021, "datetime": "2021-04-07 11:36:40"}}
{"target": 7.522666666666668, "params": {"enc_rate": 1.0, "k": 3.0, "beta_enc": 0.1309968448109169, "gamma_fc": 0.58201417994708, "beta_rec": 0.8094906921265821, "cue_position": 4.0}, "datetime": {"elapsed": 1319.712875, "delta": 39.500502, "datetime": "2021-04-07 11:37:20"}}
{"target": 5.599777777777778, "params": {"enc_rate": 1.0, "k": 3.0, "beta_enc": 0.8447344453922219, "gamma_fc": 0.7986035911520394, "beta_rec": 0.9053923187086492, "cue_position": 4.0}, "datetime": {"elapsed": 1350.424681, "delta": 30.711806, "datetime": "2021-04-07 11:37:51"}}
{"target": 7.218888888888889, "params": {"enc_rate": 1.0, "k": 3.0, "beta_enc": 0.4902535226199277, "gamma_fc": 0.4336763489894583, "beta_rec": 0.5991103076458784, "cue_position": 4.0}, "datetime": {"elapsed": 1386.467942, "delta": 36.043261, "datetime": "2021-04-07 11:38:27"}}
{"target": 7.451555555555555, "params": {"enc_rate": 1.0, "k": 3.0, "beta_enc": 0.31524480309537295, "gamma_fc": 0.7879292338255043, "beta_rec": 0.8928887085251513, "cue_position": 4.0}, "datetime": {"elapsed": 1422.760837, "delta": 36.292895, "datetime": "2021-04-07 11:39:03"}}
{"target": 7.541777777777779, "params": {"enc_rate": 1.0, "k": 3.0, "beta_enc": 0.053909272073752956, "gamma_fc": 0.00040202489135743313, "beta_rec": 0.4201936800011322, "cue_position": 4.0}, "datetime": {"elapsed": 1459.413949, "delta": 36.653112, "datetime": "2021-04-07 11:39:40"}}
{"target": 7.378444444444445, "params": {"enc_rate": 1.0, "k": 3.0, "beta_enc": 0.37658031474577447, "gamma_fc": 0.5747115047081023, "beta_rec": 0.9737835383583225, "cue_position": 4.0}, "datetime": {"elapsed": 1495.415416, "delta": 36.001467, "datetime": "2021-04-07 11:40:16"}}
{"target": 7.446222222222221, "params": {"enc_rate": 1.0, "k": 3.0, "beta_enc": 0.28557628169569393, "gamma_fc": 0.7550821884676802, "beta_rec": 0.586833340656083, "cue_position": 4.0}, "datetime": {"elapsed": 1531.693852, "delta": 36.278436, "datetime": "2021-04-07 11:40:52"}}
{"target": 6.024222222222223, "params": {"enc_rate": 1.0, "k": 3.0, "beta_enc": 0.8644794300545998, "gamma_fc": 0.3821027520315172, "beta_rec": 0.32268099683674645, "cue_position": 4.0}, "datetime": {"elapsed": 1563.7013, "delta": 32.007448, "datetime": "2021-04-07 11:41:24"}}
{"target": 7.400222222222223, "params": {"enc_rate": 1.0, "k": 3.0, "beta_enc": 0.4014795834695406, "gamma_fc": 0.9738020779272523, "beta_rec": 0.3173839459582769, "cue_position": 4.0}, "datetime": {"elapsed": 1599.733158, "delta": 36.031858, "datetime": "2021-04-07 11:42:00"}}
{"target": 7.518000000000001, "params": {"enc_rate": 1.0, "k": 3.0, "beta_enc": 0.19856988842711087, "gamma_fc": 0.8799982885634318, "beta_rec": 0.4267010093480328, "cue_position": 4.0}, "datetime": {"elapsed": 1636.017162, "delta": 36.284004, "datetime": "2021-04-07 11:42:36"}}
{"target": 6.879333333333333, "params": {"enc_rate": 1.0, "k": 3.0, "beta_enc": 0.6627198123752622, "gamma_fc": 0.5277146463087466, "beta_rec": 0.2702082620297578, "cue_position": 4.0}, "datetime": {"elapsed": 1670.358807, "delta": 34.341645, "datetime": "2021-04-07 11:43:10"}}
{"target": 7.071111111111111, "params": {"enc_rate": 1.0, "k": 3.0, "beta_enc": 0.5724885171916063, "gamma_fc": 0.5688579907047155, "beta_rec": 0.7331425252875111, "cue_position": 4.0}, "datetime": {"elapsed": 1705.457697, "delta": 35.09889, "datetime": "2021-04-07 11:43:46"}}
{"target": 7.454444444444445, "params": {"enc_rate": 1.0, "k": 3.0, "beta_enc": 0.3426889079532818, "gamma_fc": 0.982817113730445, "beta_rec": 0.06820934841670412, "cue_position": 4.0}, "datetime": {"elapsed": 1741.520762, "delta": 36.063065, "datetime": "2021-04-07 11:44:22"}}
{"target": 6.504444444444445, "params": {"enc_rate": 1.0, "k": 3.0, "beta_enc": 0.8118586977205398, "gamma_fc": 0.16097143681560877, "beta_rec": 0.8749616449558981, "cue_position": 4.0}, "datetime": {"elapsed": 1774.723002, "delta": 33.20224, "datetime": "2021-04-07 11:44:55"}}
{"target": 7.4206666666666665, "params": {"enc_rate": 1.0, "k": 3.0, "beta_enc": 0.345172051155215, "gamma_fc": 0.9163055534683507, "beta_rec": 0.2250399578140846, "cue_position": 4.0}, "datetime": {"elapsed": 1810.599307, "delta": 35.876305, "datetime": "2021-04-07 11:45:31"}}
{"target": 7.515111111111111, "params": {"enc_rate": 1.0, "k": 3.0, "beta_enc": 0.2571182937821962, "gamma_fc": 0.7285856679745962, "beta_rec": 0.1108913007440292, "cue_position": 4.0}, "datetime": {"elapsed": 1846.96544, "delta": 36.366133, "datetime": "2021-04-07 11:46:07"}}
{"target": 7.484666666666667, "params": {"enc_rate": 1.0, "k": 3.0, "beta_enc": 0.24803355837723073, "gamma_fc": 0.23366613923925006, "beta_rec": 0.851671874936367, "cue_position": 4.0}, "datetime": {"elapsed": 1883.147733, "delta": 36.182293, "datetime": "2021-04-07 11:46:43"}}
{"target": 7.234444444444444, "params": {"enc_rate": 1.0, "k": 3.0, "beta_enc": 0.5158570169685298, "gamma_fc": 0.5440101188139381, "beta_rec": 0.47714098704978236, "cue_position": 4.0}, "datetime": {"elapsed": 1918.551073, "delta": 35.40334, "datetime": "2021-04-07 11:47:19"}}
{"target": 7.538222222222222, "params": {"enc_rate": 1.0, "k": 3.0, "beta_enc": 0.1445455401246598, "gamma_fc": 0.7852960282216189, "beta_rec": 0.7515278171352439, "cue_position": 4.0}, "datetime": {"elapsed": 1954.823422, "delta": 36.272349, "datetime": "2021-04-07 11:47:55"}}
{"target": 7.412222222222222, "params": {"enc_rate": 1.0, "k": 3.0, "beta_enc": 0.3243624597261865, "gamma_fc": 0.866608274166513, "beta_rec": 0.872922376400111, "cue_position": 4.0}, "datetime": {"elapsed": 1990.76751, "delta": 35.944088, "datetime": "2021-04-07 11:48:31"}}
{"target": 5.833555555555556, "params": {"enc_rate": 1.0, "k": 3.0, "beta_enc": 0.8264069976293413, "gamma_fc": 0.703516988152653, "beta_rec": 0.8541154438365387, "cue_position": 4.0}, "datetime": {"elapsed": 2022.00526, "delta": 31.23775, "datetime": "2021-04-07 11:49:02"}}
{"target": 5.943333333333333, "params": {"enc_rate": 1.0, "k": 3.0, "beta_enc": 0.799615261736028, "gamma_fc": 0.2596983932983531, "beta_rec": 0.03457121987163425, "cue_position": 4.0}, "datetime": {"elapsed": 2053.667895, "delta": 31.662635, "datetime": "2021-04-07 11:49:34"}}
{"target": 6.886, "params": {"enc_rate": 1.0, "k": 3.0, "beta_enc": 0.6323033174301278, "gamma_fc": 0.7827494147841719, "beta_rec": 0.34529746159108154, "cue_position": 4.0}, "datetime": {"elapsed": 2088.244495, "delta": 34.5766, "datetime": "2021-04-07 11:50:08"}}
{"target": 7.4655555555555555, "params": {"enc_rate": 1.0, "k": 3.0, "beta_enc": 0.30024833953390007, "gamma_fc": 0.9747403708550822, "beta_rec": 0.14300582825809938, "cue_position": 4.0}, "datetime": {"elapsed": 2124.483319, "delta": 36.238824, "datetime": "2021-04-07 11:50:45"}}
{"target": 4.536222222222223, "params": {"enc_rate": 1.0, "k": 3.0, "beta_enc": 0.9939130246104789, "gamma_fc": 0.3557051709838811, "beta_rec": 0.5460708041429516, "cue_position": 4.0}, "datetime": {"elapsed": 2151.794108, "delta": 27.310789, "datetime": "2021-04-07 11:51:12"}}
{"target": 7.526444444444445, "params": {"enc_rate": 1.0, "k": 3.0, "beta_enc": 0.1603951795196491, "gamma_fc": 0.8623462528380441, "beta_rec": 0.7456371927074961, "cue_position": 4.0}, "datetime": {"elapsed": 2189.734692, "delta": 37.940584, "datetime": "2021-04-07 11:51:50"}}
{"target": 6.627111111111111, "params": {"enc_rate": 1.0, "k": 3.0, "beta_enc": 0.6909421420661686, "gamma_fc": 0.9897517076637052, "beta_rec": 0.18863680095531088, "cue_position": 4.0}, "datetime": {"elapsed": 2223.494644, "delta": 33.759952, "datetime": "2021-04-07 11:52:24"}}
{"target": 7.5282222222222215, "params": {"enc_rate": 1.0, "k": 3.0, "beta_enc": 0.24773290176235485, "gamma_fc": 0.05692943841109499, "beta_rec": 0.26217308377291193, "cue_position": 4.0}, "datetime": {"elapsed": 2260.021594, "delta": 36.52695, "datetime": "2021-04-07 11:53:00"}}
{"target": 7.505777777777777, "params": {"enc_rate": 1.0, "k": 3.0, "beta_enc": 0.21196016464367595, "gamma_fc": 0.593432449464621, "beta_rec": 0.7986042447602102, "cue_position": 4.0}, "datetime": {"elapsed": 2296.844183, "delta": 36.822589, "datetime": "2021-04-07 11:53:37"}}
{"target": 7.354444444444444, "params": {"enc_rate": 1.0, "k": 3.0, "beta_enc": 0.3810161240622142, "gamma_fc": 0.9594343210617524, "beta_rec": 0.7498583107261434, "cue_position": 4.0}, "datetime": {"elapsed": 2332.806832, "delta": 35.962649, "datetime": "2021-04-07 11:54:13"}}
{"target": 7.586, "params": {"enc_rate": 1.0, "k": 3.0, "beta_enc": 0.03232306662357398, "gamma_fc": 0.2214327343234883, "beta_rec": 0.7093872512312951, "cue_position": 4.0}, "datetime": {"elapsed": 2369.402482, "delta": 36.59565, "datetime": "2021-04-07 11:54:50"}}
{"target": 7.563777777777777, "params": {"enc_rate": 1.0, "k": 3.0, "beta_enc": 0.081473964877262, "gamma_fc": 0.8029632373737379, "beta_rec": 0.42861882866378653, "cue_position": 4.0}, "datetime": {"elapsed": 2405.844534, "delta": 36.442052, "datetime": "2021-04-07 11:55:26"}}
{"target": 6.331333333333333, "params": {"enc_rate": 1.0, "k": 3.0, "beta_enc": 0.7662113810757705, "gamma_fc": 0.8240098704123188, "beta_rec": 0.3424541198435198, "cue_position": 4.0}, "datetime": {"elapsed": 2438.710327, "delta": 32.865793, "datetime": "2021-04-07 11:55:59"}}
{"target": 7.571555555555555, "params": {"enc_rate": 1.0, "k": 3.0, "beta_enc": 0.1434230486702449, "gamma_fc": 0.4585838137084318, "beta_rec": 0.07838689985494796, "cue_position": 4.0}, "datetime": {"elapsed": 2475.141639, "delta": 36.431312, "datetime": "2021-04-07 11:56:35"}}
{"target": 7.546222222222222, "params": {"enc_rate": 1.0, "k": 3.0, "beta_enc": 0.027783348848669953, "gamma_fc": 0.45240482674645155, "beta_rec": 0.7548614813904674, "cue_position": 4.0}, "datetime": {"elapsed": 2511.371341, "delta": 36.229702, "datetime": "2021-04-07 11:57:12"}}
{"target": 7.1962222222222225, "params": {"enc_rate": 1.0, "k": 3.0, "beta_enc": 0.47807250671783097, "gamma_fc": 0.904686160343623, "beta_rec": 0.47400392656219403, "cue_position": 4.0}, "datetime": {"elapsed": 2547.080555, "delta": 35.709214, "datetime": "2021-04-07 11:57:47"}}
{"target": 6.281777777777778, "params": {"enc_rate": 1.0, "k": 3.0, "beta_enc": 0.7738743427204187, "gamma_fc": 0.538627282576347, "beta_rec": 0.12564138113773882, "cue_position": 4.0}, "datetime": {"elapsed": 2579.676175, "delta": 32.59562, "datetime": "2021-04-07 11:58:20"}}
{"target": 6.134222222222222, "params": {"enc_rate": 1.0, "k": 3.0, "beta_enc": 0.9511937854902045, "gamma_fc": 0.14555823115839706, "beta_rec": 0.905402033702778, "cue_position": 4.0}, "datetime": {"elapsed": 2611.823118, "delta": 32.146943, "datetime": "2021-04-07 11:58:52"}}
{"target": 7.538888888888889, "params": {"enc_rate": 1.0, "k": 3.0, "beta_enc": 0.187631672902434, "gamma_fc": 0.7111224587658159, "beta_rec": 0.6224959022999211, "cue_position": 4.0}, "datetime": {"elapsed": 2648.0797, "delta": 36.256582, "datetime": "2021-04-07 11:59:28"}}
{"target": 6.0391111111111115, "params": {"enc_rate": 1.0, "k": 3.0, "beta_enc": 0.9092932045442544, "gamma_fc": 0.119457050333729, "beta_rec": 0.4008737323711209, "cue_position": 4.0}, "datetime": {"elapsed": 2680.054543, "delta": 31.974843, "datetime": "2021-04-07 12:00:00"}}
{"target": 7.534222222222222, "params": {"enc_rate": 1.0, "k": 3.0, "beta_enc": 0.14679237341724316, "gamma_fc": 0.9824174492929428, "beta_rec": 0.2642974827269007, "cue_position": 4.0}, "datetime": {"elapsed": 2716.355611, "delta": 36.301068, "datetime": "2021-04-07 12:00:36"}}
{"target": 7.231777777777777, "params": {"enc_rate": 1.0, "k": 3.0, "beta_enc": 0.5336533449712114, "gamma_fc": 0.43359232727316455, "beta_rec": 0.31446701118584963, "cue_position": 4.0}, "datetime": {"elapsed": 2751.737135, "delta": 35.381524, "datetime": "2021-04-07 12:01:12"}}
