{"target": 8.5, "params": {"gamma_cf": 0.081473964877262, "beta_rec": 0.2214327343234883, "gamma_fc": 0.42861882866378653, "cue_position": 16.0, "beta_enc": 0.9475489413950998}, "datetime": {"delta": 0.344354, "elapsed": 27.194741, "datetime": "2020-06-14 09:41:18"}}
{"target": 7.75, "params": {"gamma_cf": 0.6968004961201785, "beta_rec": 0.6337867606119179, "gamma_fc": 0.7662113810757705, "cue_position": 16.0, "beta_enc": 0.10901876401906829}, "datetime": {"delta": 0.32997, "elapsed": 27.524711, "datetime": "2020-06-14 09:41:18"}}
{"target": 8.375, "params": {"gamma_cf": 0.8240098704123188, "beta_rec": 0.8458514830276777, "gamma_fc": 0.6264961586242938, "cue_position": 16.0, "beta_enc": 0.3424541198435198}, "datetime": {"delta": 0.340865, "elapsed": 27.865576, "datetime": "2020-06-14 09:41:18"}}
{"target": 9.25, "params": {"gamma_cf": 0.06672499763935646, "beta_rec": 0.07838689985494796, "gamma_fc": 0.4585838137084318, "cue_position": 16.0, "beta_enc": 0.1434230486702449}, "datetime": {"delta": 0.358065, "elapsed": 28.223641, "datetime": "2020-06-14 09:41:19"}}
{"target": 8.125, "params": {"gamma_cf": 0.3948504804606394, "beta_rec": 0.027783348848669953, "gamma_fc": 0.7469384956075251, "cue_position": 16.0, "beta_enc": 0.11334192276759048}, "datetime": {"delta": 0.336433, "elapsed": 28.560074, "datetime": "2020-06-14 09:41:19"}}
{"target": 9.75, "params": {"gamma_cf": 0.47400392656219403, "beta_rec": 0.4500867470007611, "gamma_fc": 0.8031633421141696, "cue_position": 16.0, "beta_enc": 0.45240482674645155}, "datetime": {"delta": 0.368747, "elapsed": 28.928821, "datetime": "2020-06-14 09:41:20"}}
{"target": 9.125, "params": {"gamma_cf": 0.7738743427204187, "beta_rec": 0.904686160343623, "gamma_fc": 0.12564138113773882, "cue_position": 16.0, "beta_enc": 0.40239251985773583}, "datetime": {"delta": 0.35854, "elapsed": 29.287361, "datetime": "2020-06-14 09:41:20"}}
{"target": 8.75, "params": {"gamma_cf": 0.0030179566195963625, "beta_rec": 0.010364261335231939, "gamma_fc": 0.9511937854902045, "cue_position": 16.0, "beta_enc": 0.6185135669120855}, "datetime": {"delta": 0.349301, "elapsed": 29.636662, "datetime": "2020-06-14 09:41:20"}}
{"target": 5.875, "params": {"gamma_cf": 0.14555823115839706, "beta_rec": 0.7959669419422694, "gamma_fc": 0.15773006987053328, "cue_position": 16.0, "beta_enc": 0.905402033702778}, "datetime": {"delta": 0.291871, "elapsed": 29.928533, "datetime": "2020-06-14 09:41:21"}}
{"target": 8.5, "params": {"gamma_cf": 0.9899551783590737, "beta_rec": 0.6224959022999211, "gamma_fc": 0.7111224587658159, "cue_position": 16.0, "beta_enc": 0.187631672902434}, "datetime": {"delta": 0.343049, "elapsed": 30.271582, "datetime": "2020-06-14 09:41:21"}}
{"target": 7.5, "params": {"gamma_cf": 0.24985068022503676, "beta_rec": 0.9092932045442544, "gamma_fc": 0.17343017078712286, "cue_position": 16.0, "beta_enc": 0.7318004091422953}, "datetime": {"delta": 0.324028, "elapsed": 30.59561, "datetime": "2020-06-14 09:41:21"}}
{"target": 7.875, "params": {"gamma_cf": 0.2642974827269007, "beta_rec": 0.8126105880328287, "gamma_fc": 0.8190891786335308, "cue_position": 16.0, "beta_enc": 0.119457050333729}, "datetime": {"delta": 0.333655, "elapsed": 30.929265, "datetime": "2020-06-14 09:41:22"}}
{"target": 7.75, "params": {"gamma_cf": 0.5336533449712114, "beta_rec": 0.9824174492929428, "gamma_fc": 0.31446701118584963, "cue_position": 16.0, "beta_enc": 0.31058725179421}, "datetime": {"delta": 0.330383, "elapsed": 31.259648, "datetime": "2020-06-14 09:41:22"}}
{"target": 7.625, "params": {"gamma_cf": 0.5122926922783614, "beta_rec": 0.36655664385123443, "gamma_fc": 0.9388864773697133, "cue_position": 16.0, "beta_enc": 0.9107728311738374}, "datetime": {"delta": 0.32795, "elapsed": 31.587598, "datetime": "2020-06-14 09:41:22"}}
{"target": 6.375, "params": {"gamma_cf": 0.027287223517468817, "beta_rec": 0.7168786636316892, "gamma_fc": 0.5220512472525107, "cue_position": 16.0, "beta_enc": 0.030949006271150714}, "datetime": {"delta": 0.300713, "elapsed": 31.888311, "datetime": "2020-06-14 09:41:22"}}
{"target": 9.375, "params": {"gamma_cf": 0.6902278681627478, "beta_rec": 0.8594893208655858, "gamma_fc": 0.45285349995153745, "cue_position": 16.0, "beta_enc": 0.3259898117700253}, "datetime": {"delta": 0.359497, "elapsed": 32.247808, "datetime": "2020-06-14 09:41:23"}}
{"target": 7.625, "params": {"gamma_cf": 0.5767559349870908, "beta_rec": 0.2900968516874258, "gamma_fc": 0.3114442141324628, "cue_position": 16.0, "beta_enc": 0.6283090375213571}, "datetime": {"delta": 0.326128, "elapsed": 32.573936, "datetime": "2020-06-14 09:41:23"}}
{"target": 8.125, "params": {"gamma_cf": 0.2473960366023854, "beta_rec": 0.9164058530538978, "gamma_fc": 0.37129376127905445, "cue_position": 16.0, "beta_enc": 0.5172675985011298}, "datetime": {"delta": 0.336042, "elapsed": 32.909978, "datetime": "2020-06-14 09:41:24"}}
{"target": 6.125, "params": {"gamma_cf": 0.9202065143056605, "beta_rec": 0.9368683813090937, "gamma_fc": 0.22790028995131695, "cue_position": 16.0, "beta_enc": 0.9318611166365406}, "datetime": {"delta": 0.297501, "elapsed": 33.207479, "datetime": "2020-06-14 09:41:24"}}
{"target": 7.625, "params": {"gamma_cf": 0.17476587635631158, "beta_rec": 0.22730973628468876, "gamma_fc": 0.6070941619724605, "cue_position": 16.0, "beta_enc": 0.08748220955359087}, "datetime": {"delta": 0.328375, "elapsed": 33.535854, "datetime": "2020-06-14 09:41:24"}}
{"target": 9.0, "params": {"gamma_cf": 0.7018765297563104, "beta_rec": 0.8163515118272141, "gamma_fc": 0.24035562484913886, "cue_position": 16.0, "beta_enc": 0.41358641500116133}, "datetime": {"delta": 0.352242, "elapsed": 33.888096, "datetime": "2020-06-14 09:41:24"}}
{"target": 9.375, "params": {"gamma_cf": 0.22881367096037586, "beta_rec": 0.34898759722078887, "gamma_fc": 0.6641025553547935, "cue_position": 16.0, "beta_enc": 0.5742190888408597}, "datetime": {"delta": 0.360918, "elapsed": 34.249014, "datetime": "2020-06-14 09:41:25"}}
{"target": 8.875, "params": {"gamma_cf": 0.5707158515462564, "beta_rec": 0.5190159840736788, "gamma_fc": 0.99675342520821, "cue_position": 16.0, "beta_enc": 0.4972500933605313}, "datetime": {"delta": 0.349095, "elapsed": 34.598109, "datetime": "2020-06-14 09:41:25"}}
{"target": 5.125, "params": {"gamma_cf": 0.9015625846693213, "beta_rec": 0.5943726238309778, "gamma_fc": 0.5956079336026455, "cue_position": 16.0, "beta_enc": 0.8168351087916219}, "datetime": {"delta": 0.276076, "elapsed": 34.874185, "datetime": "2020-06-14 09:41:25"}}
{"target": 7.625, "params": {"gamma_cf": 0.4517331486914753, "beta_rec": 0.09357709581748075, "gamma_fc": 0.37543483316785775, "cue_position": 16.0, "beta_enc": 0.032426325314457105}, "datetime": {"delta": 0.327596, "elapsed": 35.201781, "datetime": "2020-06-14 09:41:26"}}
{"target": 6.0, "params": {"gamma_cf": 0.7674748688630131, "beta_rec": 0.1679832931996149, "gamma_fc": 0.8242378396244978, "cue_position": 16.0, "beta_enc": 0.9753500342702865}, "datetime": {"delta": 0.294322, "elapsed": 35.496103, "datetime": "2020-06-14 09:41:26"}}
{"target": 8.0, "params": {"gamma_cf": 0.013136356923072245, "beta_rec": 0.668732770206732, "gamma_fc": 0.3530060855418248, "cue_position": 16.0, "beta_enc": 0.6326158167779973}, "datetime": {"delta": 0.335198, "elapsed": 35.831301, "datetime": "2020-06-14 09:41:26"}}
{"target": 8.5, "params": {"gamma_cf": 0.4574049160894317, "beta_rec": 0.7300912110901043, "gamma_fc": 0.13766274094560316, "cue_position": 16.0, "beta_enc": 0.49207180149355845}, "datetime": {"delta": 0.344251, "elapsed": 36.175552, "datetime": "2020-06-14 09:41:27"}}
{"target": 8.0, "params": {"gamma_cf": 0.9843834501935107, "beta_rec": 0.7582782604769962, "gamma_fc": 0.220234226159156, "cue_position": 16.0, "beta_enc": 0.01088873380347899}, "datetime": {"delta": 0.331035, "elapsed": 36.506587, "datetime": "2020-06-14 09:41:27"}}
{"target": 8.125, "params": {"gamma_cf": 0.46385778390029564, "beta_rec": 0.5238961356661317, "gamma_fc": 0.12482254311167629, "cue_position": 16.0, "beta_enc": 0.33870802548167966}, "datetime": {"delta": 0.335959, "elapsed": 36.842546, "datetime": "2020-06-14 09:41:27"}}
{"target": 9.875, "params": {"gamma_cf": 0.7701499563120922, "beta_rec": 0.5045191697009946, "gamma_fc": 0.13033578095435427, "cue_position": 16.0, "beta_enc": 0.3125013784920495}, "datetime": {"delta": 0.370505, "elapsed": 37.213051, "datetime": "2020-06-14 09:41:28"}}
{"target": 6.875, "params": {"gamma_cf": 0.012603767029876312, "beta_rec": 0.5190823222119895, "gamma_fc": 0.6724698446537339, "cue_position": 16.0, "beta_enc": 0.022915131322381765}, "datetime": {"delta": 0.314005, "elapsed": 37.527056, "datetime": "2020-06-14 09:41:28"}}
{"target": 7.375, "params": {"gamma_cf": 0.6443610847569929, "beta_rec": 0.44924675358663757, "gamma_fc": 0.005239837651465851, "cue_position": 16.0, "beta_enc": 0.6868082266569918}, "datetime": {"delta": 0.322638, "elapsed": 37.849694, "datetime": "2020-06-14 09:41:28"}}
{"target": 8.0, "params": {"gamma_cf": 0.6491541971124779, "beta_rec": 0.8593178060976, "gamma_fc": 0.6736984238986317, "cue_position": 16.0, "beta_enc": 0.4844284455143756}, "datetime": {"delta": 0.334381, "elapsed": 38.184075, "datetime": "2020-06-14 09:41:29"}}
{"target": 9.875, "params": {"gamma_cf": 0.6717297848174203, "beta_rec": 0.27411977516685215, "gamma_fc": 0.35242963021640883, "cue_position": 16.0, "beta_enc": 0.5784995797892005}, "datetime": {"delta": 0.371512, "elapsed": 38.555587, "datetime": "2020-06-14 09:41:29"}}
{"target": 8.5, "params": {"gamma_cf": 0.2896027461868774, "beta_rec": 0.1950374860087073, "gamma_fc": 0.773799287244182, "cue_position": 16.0, "beta_enc": 0.8558283672539277}, "datetime": {"delta": 0.343425, "elapsed": 38.899012, "datetime": "2020-06-14 09:41:29"}}
{"target": 6.875, "params": {"gamma_cf": 0.21369323762958115, "beta_rec": 0.8076984091122095, "gamma_fc": 0.7672845084217665, "cue_position": 16.0, "beta_enc": 0.4277373293360762}, "datetime": {"delta": 0.310057, "elapsed": 39.209069, "datetime": "2020-06-14 09:41:30"}}
{"target": 7.5, "params": {"gamma_cf": 0.22139670090820107, "beta_rec": 0.7332450677264275, "gamma_fc": 0.21411213682064845, "cue_position": 16.0, "beta_enc": 0.3086419476306511}, "datetime": {"delta": 0.323813, "elapsed": 39.532882, "datetime": "2020-06-14 09:41:30"}}
{"target": 8.625, "params": {"gamma_cf": 0.026627884691621473, "beta_rec": 0.14251833776584466, "gamma_fc": 0.11092036903424063, "cue_position": 16.0, "beta_enc": 0.1989479234270667}, "datetime": {"delta": 0.347726, "elapsed": 39.880608, "datetime": "2020-06-14 09:41:30"}}
{"target": 10.25, "params": {"gamma_cf": 0.23170231048579204, "beta_rec": 0.7997765368973863, "gamma_fc": 0.20762566180381437, "cue_position": 16.0, "beta_enc": 0.6745640237634105}, "datetime": {"delta": 0.379816, "elapsed": 40.260424, "datetime": "2020-06-14 09:41:31"}}
{"target": 7.75, "params": {"gamma_cf": 0.30451798792062024, "beta_rec": 0.7113145181364867, "gamma_fc": 0.8348540476317985, "cue_position": 16.0, "beta_enc": 0.9173335630816306}, "datetime": {"delta": 0.32948, "elapsed": 40.589904, "datetime": "2020-06-14 09:41:31"}}
{"target": 8.625, "params": {"gamma_cf": 0.47803130796528337, "beta_rec": 0.9234562151187752, "gamma_fc": 0.1262101037493587, "cue_position": 16.0, "beta_enc": 0.43530595762951996}, "datetime": {"delta": 0.345621, "elapsed": 40.935525, "datetime": "2020-06-14 09:41:32"}}
{"target": 5.75, "params": {"gamma_cf": 0.43118175516037094, "beta_rec": 0.15983365034409336, "gamma_fc": 0.40420190577514725, "cue_position": 16.0, "beta_enc": 0.9760435504677476}, "datetime": {"delta": 0.288357, "elapsed": 41.223882, "datetime": "2020-06-14 09:41:32"}}
{"target": 6.75, "params": {"gamma_cf": 0.6438956443116628, "beta_rec": 0.7293189193611234, "gamma_fc": 0.7543059505762987, "cue_position": 16.0, "beta_enc": 0.14675148076429412}, "datetime": {"delta": 0.30951, "elapsed": 41.533392, "datetime": "2020-06-14 09:41:32"}}
{"target": 8.25, "params": {"gamma_cf": 0.6382187106203334, "beta_rec": 0.60095424810764, "gamma_fc": 0.5971273029466491, "cue_position": 16.0, "beta_enc": 0.21073239208332073}, "datetime": {"delta": 0.340172, "elapsed": 41.873564, "datetime": "2020-06-14 09:41:32"}}
{"target": 8.25, "params": {"gamma_cf": 0.42556139026154693, "beta_rec": 0.7316064712415088, "gamma_fc": 0.7821818168314053, "cue_position": 16.0, "beta_enc": 0.29548228565549706}, "datetime": {"delta": 0.338159, "elapsed": 42.211723, "datetime": "2020-06-14 09:41:33"}}
{"target": 7.75, "params": {"gamma_cf": 0.3950968688899732, "beta_rec": 0.8352716024899659, "gamma_fc": 0.30008104592535645, "cue_position": 16.0, "beta_enc": 0.056141039661915304}, "datetime": {"delta": 0.328637, "elapsed": 42.54036, "datetime": "2020-06-14 09:41:33"}}
{"target": 7.625, "params": {"gamma_cf": 0.5306974384761395, "beta_rec": 0.9046310029362429, "gamma_fc": 0.49411626589632507, "cue_position": 16.0, "beta_enc": 0.08010364380604929}, "datetime": {"delta": 0.325236, "elapsed": 42.865596, "datetime": "2020-06-14 09:41:33"}}
{"target": 9.125, "params": {"gamma_cf": 0.5079216999452875, "beta_rec": 0.20645405888943302, "gamma_fc": 0.2615495518329871, "cue_position": 16.0, "beta_enc": 0.13216114194293815}, "datetime": {"delta": 0.355019, "elapsed": 43.220615, "datetime": "2020-06-14 09:41:34"}}
{"target": 8.0, "params": {"gamma_cf": 0.1065838767888011, "beta_rec": 0.10806532869723684, "gamma_fc": 0.9857088237131878, "cue_position": 16.0, "beta_enc": 0.3570616088827919}, "datetime": {"delta": 0.335255, "elapsed": 43.55587, "datetime": "2020-06-14 09:41:34"}}
{"target": 9.625, "params": {"gamma_cf": 0.7871162896558341, "beta_rec": 0.5724051124346493, "gamma_fc": 0.18960594781829654, "cue_position": 16.0, "beta_enc": 0.17716116443841734}, "datetime": {"delta": 0.36812, "elapsed": 43.92399, "datetime": "2020-06-14 09:41:35"}}
{"target": 8.125, "params": {"gamma_cf": 0.5510871741869717, "beta_rec": 0.7400775431590716, "gamma_fc": 0.2166172083287794, "cue_position": 16.0, "beta_enc": 0.5279039784081266}, "datetime": {"delta": 0.337693, "elapsed": 44.261683, "datetime": "2020-06-14 09:41:35"}}
{"target": 4.625, "params": {"gamma_cf": 0.8619665576670734, "beta_rec": 0.7229151935562137, "gamma_fc": 0.019775099516344263, "cue_position": 16.0, "beta_enc": 0.7591960493171447}, "datetime": {"delta": 0.265165, "elapsed": 44.526848, "datetime": "2020-06-14 09:41:35"}}
{"target": 7.5, "params": {"gamma_cf": 0.7587469310223366, "beta_rec": 0.5589038111609383, "gamma_fc": 0.7169290016924699, "cue_position": 16.0, "beta_enc": 0.8602369974231152}, "datetime": {"delta": 0.323273, "elapsed": 44.850121, "datetime": "2020-06-14 09:41:35"}}
{"target": 4.25, "params": {"gamma_cf": 0.9339026083148878, "beta_rec": 0.2780850486129828, "gamma_fc": 0.8578971045378938, "cue_position": 16.0, "beta_enc": 0.9873261748084265}, "datetime": {"delta": 0.25679, "elapsed": 45.106911, "datetime": "2020-06-14 09:41:36"}}
{"target": 8.625, "params": {"gamma_cf": 0.7805295568767427, "beta_rec": 0.5166887829215384, "gamma_fc": 0.3748759435368594, "cue_position": 16.0, "beta_enc": 0.7288508775192559}, "datetime": {"delta": 0.348342, "elapsed": 45.455253, "datetime": "2020-06-14 09:41:36"}}
{"target": 10.75, "params": {"gamma_cf": 0.4018659239678374, "beta_rec": 0.7506243191751754, "gamma_fc": 0.6973080192643409, "cue_position": 16.0, "beta_enc": 0.7703225253299576}, "datetime": {"delta": 0.389654, "elapsed": 45.844907, "datetime": "2020-06-14 09:41:36"}}
{"target": 5.375, "params": {"gamma_cf": 0.23931570743750463, "beta_rec": 0.7748966467245978, "gamma_fc": 0.12076718430922972, "cue_position": 16.0, "beta_enc": 0.0031128578251921057}, "datetime": {"delta": 0.281203, "elapsed": 46.12611, "datetime": "2020-06-14 09:41:37"}}
{"target": 7.625, "params": {"gamma_cf": 0.5431664302380945, "beta_rec": 0.3020967312900983, "gamma_fc": 0.2867116496064306, "cue_position": 16.0, "beta_enc": 0.2202839877937276}, "datetime": {"delta": 0.327164, "elapsed": 46.453274, "datetime": "2020-06-14 09:41:37"}}
{"target": 11.0, "params": {"gamma_cf": 0.3241385298974466, "beta_rec": 0.29014446310454167, "gamma_fc": 0.45736018169099846, "cue_position": 16.0, "beta_enc": 0.13835468979294652}, "datetime": {"delta": 0.394331, "elapsed": 46.847605, "datetime": "2020-06-14 09:41:37"}}
{"target": 9.5, "params": {"gamma_cf": 0.3456988211755023, "beta_rec": 0.8281353607315121, "gamma_fc": 0.6749716048091052, "cue_position": 16.0, "beta_enc": 0.44411710701661444}, "datetime": {"delta": 0.364548, "elapsed": 47.212153, "datetime": "2020-06-14 09:41:38"}}
{"target": 7.75, "params": {"gamma_cf": 0.6268556021628346, "beta_rec": 0.4672458239265538, "gamma_fc": 0.8773604746948126, "cue_position": 16.0, "beta_enc": 0.22148205573352875}, "datetime": {"delta": 0.330287, "elapsed": 47.54244, "datetime": "2020-06-14 09:41:38"}}
{"target": 9.375, "params": {"gamma_cf": 0.6562293317171314, "beta_rec": 0.7844574187919231, "gamma_fc": 0.13184097502750214, "cue_position": 16.0, "beta_enc": 0.4476890001456285}, "datetime": {"delta": 0.361886, "elapsed": 47.904326, "datetime": "2020-06-14 09:41:39"}}
{"target": 10.0, "params": {"gamma_cf": 0.7667745872371021, "beta_rec": 0.9093119886549367, "gamma_fc": 0.5047006080958943, "cue_position": 16.0, "beta_enc": 0.43298150696764814}, "datetime": {"delta": 0.374606, "elapsed": 48.278932, "datetime": "2020-06-14 09:41:39"}}
{"target": 10.25, "params": {"gamma_cf": 0.5732722715496846, "beta_rec": 0.8428998401928499, "gamma_fc": 0.9427625754329493, "cue_position": 16.0, "beta_enc": 0.49805562482800747}, "datetime": {"delta": 0.380041, "elapsed": 48.658973, "datetime": "2020-06-14 09:41:39"}}
{"target": 9.0, "params": {"gamma_cf": 0.25163914235585283, "beta_rec": 0.1944658095278845, "gamma_fc": 0.700726036482538, "cue_position": 16.0, "beta_enc": 0.5178600481723219}, "datetime": {"delta": 0.352714, "elapsed": 49.011687, "datetime": "2020-06-14 09:41:40"}}
{"target": 8.875, "params": {"gamma_cf": 0.8379779620477293, "beta_rec": 0.9488362882802196, "gamma_fc": 0.007932876194523097, "cue_position": 16.0, "beta_enc": 0.5402609403968999}, "datetime": {"delta": 0.3507, "elapsed": 49.362387, "datetime": "2020-06-14 09:41:40"}}
{"target": 7.375, "params": {"gamma_cf": 0.9461523954567653, "beta_rec": 0.07771457033238649, "gamma_fc": 0.008939102371245067, "cue_position": 16.0, "beta_enc": 0.989340056166638}, "datetime": {"delta": 0.320305, "elapsed": 49.682692, "datetime": "2020-06-14 09:41:40"}}
{"target": 9.75, "params": {"gamma_cf": 0.2557451938059312, "beta_rec": 0.8612116383667944, "gamma_fc": 0.8026895196332986, "cue_position": 16.0, "beta_enc": 0.8227300054219355}, "datetime": {"delta": 0.37038, "elapsed": 50.053072, "datetime": "2020-06-14 09:41:41"}}
{"target": 9.875, "params": {"gamma_cf": 0.8959699670066484, "beta_rec": 0.13433860865569613, "gamma_fc": 0.49154515001693533, "cue_position": 16.0, "beta_enc": 0.47786200443222115}, "datetime": {"delta": 0.373196, "elapsed": 50.426268, "datetime": "2020-06-14 09:41:41"}}
{"target": 7.25, "params": {"gamma_cf": 0.39799063940792245, "beta_rec": 0.41857802576409864, "gamma_fc": 0.5057420174508104, "cue_position": 16.0, "beta_enc": 0.8567024965177922}, "datetime": {"delta": 0.320457, "elapsed": 50.746725, "datetime": "2020-06-14 09:41:41"}}
{"target": 6.125, "params": {"gamma_cf": 0.10345955611640134, "beta_rec": 0.9649889241109139, "gamma_fc": 0.1443154002290481, "cue_position": 16.0, "beta_enc": 0.1895517028339273}, "datetime": {"delta": 0.297011, "elapsed": 51.043736, "datetime": "2020-06-14 09:41:42"}}
{"target": 6.375, "params": {"gamma_cf": 0.7945783511847522, "beta_rec": 0.7159456994623945, "gamma_fc": 0.5070799232841364, "cue_position": 16.0, "beta_enc": 0.014092294192442956}, "datetime": {"delta": 0.302316, "elapsed": 51.346052, "datetime": "2020-06-14 09:41:42"}}
{"target": 9.125, "params": {"gamma_cf": 0.4064828689770863, "beta_rec": 0.6957642142718394, "gamma_fc": 0.6477706331874812, "cue_position": 16.0, "beta_enc": 0.7918210395041538}, "datetime": {"delta": 0.358533, "elapsed": 51.704585, "datetime": "2020-06-14 09:41:42"}}
{"target": 7.25, "params": {"gamma_cf": 0.4086372250132624, "beta_rec": 0.321819963387904, "gamma_fc": 0.2414187479655988, "cue_position": 16.0, "beta_enc": 0.1797942976929744}, "datetime": {"delta": 0.318541, "elapsed": 52.023126, "datetime": "2020-06-14 09:41:43"}}
{"target": 7.375, "params": {"gamma_cf": 0.9824909449748953, "beta_rec": 0.9752223424373121, "gamma_fc": 0.6363061258559836, "cue_position": 16.0, "beta_enc": 0.4069219941293579}, "datetime": {"delta": 0.319859, "elapsed": 52.342985, "datetime": "2020-06-14 09:41:43"}}
{"target": 7.75, "params": {"gamma_cf": 0.25203308013083936, "beta_rec": 0.8574844990835966, "gamma_fc": 0.7928556779768876, "cue_position": 16.0, "beta_enc": 0.375091018393911}, "datetime": {"delta": 0.330083, "elapsed": 52.673068, "datetime": "2020-06-14 09:41:43"}}
{"target": 9.875, "params": {"gamma_cf": 0.6973688756131394, "beta_rec": 0.3575111673304414, "gamma_fc": 0.26865012390622656, "cue_position": 16.0, "beta_enc": 0.43293850873416306}, "datetime": {"delta": 0.371798, "elapsed": 53.044866, "datetime": "2020-06-14 09:41:44"}}
{"target": 8.0, "params": {"gamma_cf": 0.4879214918052024, "beta_rec": 0.2952887943998478, "gamma_fc": 0.8553564125953698, "cue_position": 16.0, "beta_enc": 0.8082780137053801}, "datetime": {"delta": 0.336556, "elapsed": 53.381422, "datetime": "2020-06-14 09:41:44"}}
{"target": 6.625, "params": {"gamma_cf": 0.8982050460171371, "beta_rec": 0.18438444236776674, "gamma_fc": 0.4461172190344297, "cue_position": 16.0, "beta_enc": 0.8883864343953859}, "datetime": {"delta": 0.306439, "elapsed": 53.687861, "datetime": "2020-06-14 09:41:44"}}
{"target": 6.75, "params": {"gamma_cf": 0.6824537097668154, "beta_rec": 0.2789908904569709, "gamma_fc": 0.2282057333504841, "cue_position": 16.0, "beta_enc": 0.9218683054838154}, "datetime": {"delta": 0.309683, "elapsed": 53.997544, "datetime": "2020-06-14 09:41:45"}}
