{"target": 6.775999999999999, "params": {"gamma_fc": 0.14675589081711304, "beta_rec": 0.7203244934421581, "k": 2.0, "beta_enc": 0.7, "cue_position": 10.0, "enc_rate": 1.0}, "datetime": {"delta": 0.0, "elapsed": 0.0, "datetime": "2020-10-07 21:46:32"}}
{"target": 6.7077777777777765, "params": {"gamma_fc": 0.4191945144032948, "beta_rec": 0.34556072704304774, "k": 2.0, "beta_enc": 0.7, "cue_position": 10.0, "enc_rate": 1.0}, "datetime": {"delta": 21.194053, "elapsed": 21.194053, "datetime": "2020-10-07 21:46:53"}}
{"target": 6.739333333333333, "params": {"gamma_fc": 0.41730480236712697, "beta_rec": 0.8781174363909454, "k": 2.0, "beta_enc": 0.7, "cue_position": 10.0, "enc_rate": 1.0}, "datetime": {"delta": 21.169906, "elapsed": 42.363959, "datetime": "2020-10-07 21:47:15"}}
{"target": 6.617333333333333, "params": {"gamma_fc": 0.31342417815924284, "beta_rec": 0.1981014890848788, "k": 2.0, "beta_enc": 0.7, "cue_position": 10.0, "enc_rate": 1.0}, "datetime": {"delta": 20.920869, "elapsed": 63.284828, "datetime": "2020-10-07 21:47:36"}}
{"target": 6.725333333333334, "params": {"gamma_fc": 0.1698304195645689, "beta_rec": 0.8946066635038473, "k": 2.0, "beta_enc": 0.7, "cue_position": 10.0, "enc_rate": 1.0}, "datetime": {"delta": 21.125107, "elapsed": 84.409935, "datetime": "2020-10-07 21:47:57"}}
{"target": 6.7137777777777785, "params": {"gamma_fc": 0.6918771139504734, "beta_rec": 0.42110762500505217, "k": 2.0, "beta_enc": 0.7, "cue_position": 10.0, "enc_rate": 1.0}, "datetime": {"delta": 21.090898, "elapsed": 105.500833, "datetime": "2020-10-07 21:48:18"}}
{"target": 6.645333333333333, "params": {"gamma_fc": 0.9888610889064947, "beta_rec": 0.8346256718973729, "k": 2.0, "beta_enc": 0.7, "cue_position": 10.0, "enc_rate": 1.0}, "datetime": {"delta": 20.955781, "elapsed": 126.456614, "datetime": "2020-10-07 21:48:39"}}
{"target": 6.592444444444444, "params": {"gamma_fc": 0.9085955030930956, "beta_rec": 0.7892793284514885, "k": 2.0, "beta_enc": 0.7, "cue_position": 10.0, "enc_rate": 1.0}, "datetime": {"delta": 20.929614, "elapsed": 147.386228, "datetime": "2020-10-07 21:49:00"}}
{"target": 6.473555555555556, "params": {"gamma_fc": 0.21162811600005904, "beta_rec": 0.13002857211827767, "k": 2.0, "beta_enc": 0.7, "cue_position": 10.0, "enc_rate": 1.0}, "datetime": {"delta": 20.671277, "elapsed": 168.057505, "datetime": "2020-10-07 21:49:20"}}
{"target": 6.3420000000000005, "params": {"gamma_fc": 0.5893055369032842, "beta_rec": 0.053362545117080384, "k": 2.0, "beta_enc": 0.7, "cue_position": 10.0, "enc_rate": 1.0}, "datetime": {"delta": 20.419, "elapsed": 188.476505, "datetime": "2020-10-07 21:49:41"}}
{"target": 6.645777777777778, "params": {"gamma_fc": 0.04995345894608716, "beta_rec": 0.4140559878195683, "k": 2.0, "beta_enc": 0.7, "cue_position": 10.0, "enc_rate": 1.0}, "datetime": {"delta": 20.968609, "elapsed": 209.445114, "datetime": "2020-10-07 21:50:02"}}
{"target": 6.689333333333333, "params": {"gamma_fc": 0.9034019152878835, "beta_rec": 0.5148891120583086, "k": 2.0, "beta_enc": 0.7, "cue_position": 10.0, "enc_rate": 1.0}, "datetime": {"delta": 21.05762, "elapsed": 230.502734, "datetime": "2020-10-07 21:50:23"}}
{"target": 6.6773333333333325, "params": {"gamma_fc": 0.9275085803960339, "beta_rec": 0.8073912887095238, "k": 2.0, "beta_enc": 0.7, "cue_position": 10.0, "enc_rate": 1.0}, "datetime": {"delta": 21.111191, "elapsed": 251.613925, "datetime": "2020-10-07 21:50:44"}}
{"target": 6.698888888888888, "params": {"gamma_fc": 0.7509424340273372, "beta_rec": 0.7259979853504515, "k": 2.0, "beta_enc": 0.7, "cue_position": 10.0, "enc_rate": 1.0}, "datetime": {"delta": 21.134411, "elapsed": 272.748336, "datetime": "2020-10-07 21:51:05"}}
{"target": 6.717333333333332, "params": {"gamma_fc": 0.6634414978184481, "beta_rec": 0.8958862181960668, "k": 2.0, "beta_enc": 0.7, "cue_position": 10.0, "enc_rate": 1.0}, "datetime": {"delta": 21.14371, "elapsed": 293.892046, "datetime": "2020-10-07 21:51:26"}}
{"target": 6.778666666666668, "params": {"gamma_fc": 0.40813680276128117, "beta_rec": 0.9494892587070712, "k": 2.0, "beta_enc": 0.7, "cue_position": 10.0, "enc_rate": 1.0}, "datetime": {"delta": 21.200517, "elapsed": 315.092563, "datetime": "2020-10-07 21:51:47"}}
{"target": 6.781555555555556, "params": {"gamma_fc": 0.32664490177209615, "beta_rec": 0.5736794866722859, "k": 2.0, "beta_enc": 0.7, "cue_position": 10.0, "enc_rate": 1.0}, "datetime": {"delta": 21.211062, "elapsed": 336.303625, "datetime": "2020-10-07 21:52:09"}}
{"target": 6.578, "params": {"gamma_fc": 0.015821242846556283, "beta_rec": 0.35726976000249977, "k": 2.0, "beta_enc": 0.7, "cue_position": 10.0, "enc_rate": 1.0}, "datetime": {"delta": 20.88022, "elapsed": 357.183845, "datetime": "2020-10-07 21:52:29"}}
{"target": 6.6948888888888884, "params": {"gamma_fc": 0.9325954630371636, "beta_rec": 0.9973228504514805, "k": 2.0, "beta_enc": 0.7, "cue_position": 10.0, "enc_rate": 1.0}, "datetime": {"delta": 21.07227, "elapsed": 378.256115, "datetime": "2020-10-07 21:52:50"}}
{"target": 6.7042222222222225, "params": {"gamma_fc": 0.7115247586284718, "beta_rec": 0.7554630526024664, "k": 2.0, "beta_enc": 0.7, "cue_position": 10.0, "enc_rate": 1.0}, "datetime": {"delta": 21.116522, "elapsed": 399.372637, "datetime": "2020-10-07 21:53:12"}}
{"target": 6.286666666666666, "params": {"gamma_fc": 0.860027948682888, "beta_rec": 0.026210986877719278, "k": 2.0, "beta_enc": 0.7, "cue_position": 10.0, "enc_rate": 1.0}, "datetime": {"delta": 20.386569, "elapsed": 419.759206, "datetime": "2020-10-07 21:53:32"}}
{"target": 6.7331111111111115, "params": {"gamma_fc": 0.5857592714582879, "beta_rec": 0.8420308923596057, "k": 2.0, "beta_enc": 0.7, "cue_position": 10.0, "enc_rate": 1.0}, "datetime": {"delta": 21.19003, "elapsed": 440.949236, "datetime": "2020-10-07 21:53:53"}}
{"target": 6.256666666666666, "params": {"gamma_fc": 0.8071051956187791, "beta_rec": 0.01864728937294302, "k": 2.0, "beta_enc": 0.7, "cue_position": 10.0, "enc_rate": 1.0}, "datetime": {"delta": 20.392588, "elapsed": 461.341824, "datetime": "2020-10-07 21:54:14"}}
{"target": 6.754666666666667, "params": {"gamma_fc": 0.05991768951221166, "beta_rec": 0.7471216427371846, "k": 2.0, "beta_enc": 0.7, "cue_position": 10.0, "enc_rate": 1.0}, "datetime": {"delta": 21.259959, "elapsed": 482.601783, "datetime": "2020-10-07 21:54:35"}}
{"target": 6.5295555555555564, "params": {"gamma_fc": 0.5597169820541424, "beta_rec": 0.1074941291060929, "k": 2.0, "beta_enc": 0.7, "cue_position": 10.0, "enc_rate": 1.0}, "datetime": {"delta": 20.869142, "elapsed": 503.470925, "datetime": "2020-10-07 21:54:56"}}
{"target": 6.747111111111112, "params": {"gamma_fc": 0.2523257445703234, "beta_rec": 0.967276330000272, "k": 2.0, "beta_enc": 0.7, "cue_position": 10.0, "enc_rate": 1.0}, "datetime": {"delta": 21.219595, "elapsed": 524.69052, "datetime": "2020-10-07 21:55:17"}}
{"target": 6.792, "params": {"gamma_fc": 0.23984775914758616, "beta_rec": 0.5813589272732578, "k": 2.0, "beta_enc": 0.7, "cue_position": 10.0, "enc_rate": 1.0}, "datetime": {"delta": 21.285031, "elapsed": 545.975551, "datetime": "2020-10-07 21:55:38"}}
{"target": 6.729333333333334, "params": {"gamma_fc": 0.07002214371922233, "beta_rec": 0.8289808995501787, "k": 2.0, "beta_enc": 0.7, "cue_position": 10.0, "enc_rate": 1.0}, "datetime": {"delta": 21.111762, "elapsed": 567.087313, "datetime": "2020-10-07 21:55:59"}}
{"target": 6.754444444444445, "params": {"gamma_fc": 0.5797452192457969, "beta_rec": 0.5688514370864813, "k": 2.0, "beta_enc": 0.7, "cue_position": 10.0, "enc_rate": 1.0}, "datetime": {"delta": 21.218422, "elapsed": 588.305735, "datetime": "2020-10-07 21:56:21"}}
{"target": 6.754444444444443, "params": {"gamma_fc": 0.06633483442844157, "beta_rec": 0.7453344309065021, "k": 2.0, "beta_enc": 0.7, "cue_position": 10.0, "enc_rate": 1.0}, "datetime": {"delta": 21.193494, "elapsed": 609.499229, "datetime": "2020-10-07 21:56:42"}}
{"target": 6.632666666666667, "params": {"gamma_fc": 0.26031509857854096, "beta_rec": 0.2101740099148396, "k": 2.0, "beta_enc": 0.7, "cue_position": 10.0, "enc_rate": 1.0}, "datetime": {"delta": 20.951825, "elapsed": 630.451054, "datetime": "2020-10-07 21:57:03"}}
{"target": 6.722888888888889, "params": {"gamma_fc": 0.263296770487111, "beta_rec": 0.6394608808799401, "k": 2.0, "beta_enc": 0.7, "cue_position": 10.0, "enc_rate": 1.0}, "datetime": {"delta": 21.136909, "elapsed": 651.587963, "datetime": "2020-10-07 21:57:24"}}
{"target": 6.7268888888888885, "params": {"gamma_fc": 0.013951572975597015, "beta_rec": 0.7721780295432468, "k": 2.0, "beta_enc": 0.7, "cue_position": 10.0, "enc_rate": 1.0}, "datetime": {"delta": 21.095875, "elapsed": 672.683838, "datetime": "2020-10-07 21:57:45"}}
{"target": 6.622888888888889, "params": {"gamma_fc": 0.9156063497662745, "beta_rec": 0.9490163206876164, "k": 2.0, "beta_enc": 0.7, "cue_position": 10.0, "enc_rate": 1.0}, "datetime": {"delta": 20.963344, "elapsed": 693.647182, "datetime": "2020-10-07 21:58:06"}}
{"target": 6.679333333333334, "params": {"gamma_fc": 0.9261814267064536, "beta_rec": 0.48599066709690975, "k": 2.0, "beta_enc": 0.7, "cue_position": 10.0, "enc_rate": 1.0}, "datetime": {"delta": 21.060064, "elapsed": 714.707246, "datetime": "2020-10-07 21:58:27"}}
{"target": 6.687333333333333, "params": {"gamma_fc": 0.13507915804673132, "beta_rec": 0.9632625284407118, "k": 2.0, "beta_enc": 0.7, "cue_position": 10.0, "enc_rate": 1.0}, "datetime": {"delta": 21.04404, "elapsed": 735.751286, "datetime": "2020-10-07 21:58:48"}}
{"target": 6.721777777777777, "params": {"gamma_fc": 0.17619625557505525, "beta_rec": 0.947970211217681, "k": 2.0, "beta_enc": 0.7, "cue_position": 10.0, "enc_rate": 1.0}, "datetime": {"delta": 21.111412, "elapsed": 756.862698, "datetime": "2020-10-07 21:59:09"}}
{"target": 6.664666666666667, "params": {"gamma_fc": 0.58201417994708, "beta_rec": 0.8094906921265821, "k": 2.0, "beta_enc": 0.7, "cue_position": 10.0, "enc_rate": 1.0}, "datetime": {"delta": 21.004809, "elapsed": 777.867507, "datetime": "2020-10-07 21:59:30"}}
{"target": 6.702444444444444, "params": {"gamma_fc": 0.7986035911520394, "beta_rec": 0.9053923187086492, "k": 2.0, "beta_enc": 0.7, "cue_position": 10.0, "enc_rate": 1.0}, "datetime": {"delta": 21.121479, "elapsed": 798.988986, "datetime": "2020-10-07 21:59:51"}}
{"target": 6.76888888888889, "params": {"gamma_fc": 0.4336763489894583, "beta_rec": 0.5991103076458784, "k": 2.0, "beta_enc": 0.7, "cue_position": 10.0, "enc_rate": 1.0}, "datetime": {"delta": 21.159719, "elapsed": 820.148705, "datetime": "2020-10-07 22:00:12"}}
{"target": 6.692666666666666, "params": {"gamma_fc": 0.7879292338255043, "beta_rec": 0.8928887085251513, "k": 2.0, "beta_enc": 0.7, "cue_position": 10.0, "enc_rate": 1.0}, "datetime": {"delta": 21.053037, "elapsed": 841.201742, "datetime": "2020-10-07 22:00:33"}}
{"target": 6.668666666666667, "params": {"gamma_fc": 0.00040202489135743313, "beta_rec": 0.4201936800011322, "k": 2.0, "beta_enc": 0.7, "cue_position": 10.0, "enc_rate": 1.0}, "datetime": {"delta": 20.997575, "elapsed": 862.199317, "datetime": "2020-10-07 22:00:54"}}
{"target": 6.6995555555555555, "params": {"gamma_fc": 0.5747115047081023, "beta_rec": 0.9737835383583225, "k": 2.0, "beta_enc": 0.7, "cue_position": 10.0, "enc_rate": 1.0}, "datetime": {"delta": 21.056793, "elapsed": 883.25611, "datetime": "2020-10-07 22:01:15"}}
{"target": 6.661333333333333, "params": {"gamma_fc": 0.7550821884676802, "beta_rec": 0.586833340656083, "k": 2.0, "beta_enc": 0.7, "cue_position": 10.0, "enc_rate": 1.0}, "datetime": {"delta": 20.985258, "elapsed": 904.241368, "datetime": "2020-10-07 22:01:36"}}
{"target": 6.700888888888889, "params": {"gamma_fc": 0.3821027520315172, "beta_rec": 0.32268099683674645, "k": 2.0, "beta_enc": 0.7, "cue_position": 10.0, "enc_rate": 1.0}, "datetime": {"delta": 21.1167, "elapsed": 925.358068, "datetime": "2020-10-07 22:01:58"}}
{"target": 6.6788888888888875, "params": {"gamma_fc": 0.9738020779272523, "beta_rec": 0.3173839459582769, "k": 2.0, "beta_enc": 0.7, "cue_position": 10.0, "enc_rate": 1.0}, "datetime": {"delta": 21.11976, "elapsed": 946.477828, "datetime": "2020-10-07 22:02:19"}}
{"target": 6.711333333333333, "params": {"gamma_fc": 0.8799982885634318, "beta_rec": 0.4267010093480328, "k": 2.0, "beta_enc": 0.7, "cue_position": 10.0, "enc_rate": 1.0}, "datetime": {"delta": 21.158785, "elapsed": 967.636613, "datetime": "2020-10-07 22:02:40"}}
{"target": 6.7075555555555555, "params": {"gamma_fc": 0.5277146463087466, "beta_rec": 0.2702082620297578, "k": 2.0, "beta_enc": 0.7, "cue_position": 10.0, "enc_rate": 1.0}, "datetime": {"delta": 21.164239, "elapsed": 988.800852, "datetime": "2020-10-07 22:03:01"}}
{"target": 6.690444444444445, "params": {"gamma_fc": 0.5688579907047155, "beta_rec": 0.7331425252875111, "k": 2.0, "beta_enc": 0.7, "cue_position": 10.0, "enc_rate": 1.0}, "datetime": {"delta": 21.164188, "elapsed": 1009.96504, "datetime": "2020-10-07 22:03:22"}}
{"target": 6.424444444444444, "params": {"gamma_fc": 0.982817113730445, "beta_rec": 0.06820934841670412, "k": 2.0, "beta_enc": 0.7, "cue_position": 10.0, "enc_rate": 1.0}, "datetime": {"delta": 20.750661, "elapsed": 1030.715701, "datetime": "2020-10-07 22:03:43"}}
{"target": 6.743777777777777, "params": {"gamma_fc": 0.16097143681560877, "beta_rec": 0.8749616449558981, "k": 2.0, "beta_enc": 0.7, "cue_position": 10.0, "enc_rate": 1.0}, "datetime": {"delta": 21.236128, "elapsed": 1051.951829, "datetime": "2020-10-07 22:04:04"}}
{"target": 6.656666666666666, "params": {"gamma_fc": 0.9163055534683507, "beta_rec": 0.2250399578140846, "k": 2.0, "beta_enc": 0.7, "cue_position": 10.0, "enc_rate": 1.0}, "datetime": {"delta": 21.043882, "elapsed": 1072.995711, "datetime": "2020-10-07 22:04:25"}}
{"target": 6.527555555555556, "params": {"gamma_fc": 0.7285856679745962, "beta_rec": 0.1108913007440292, "k": 2.0, "beta_enc": 0.7, "cue_position": 10.0, "enc_rate": 1.0}, "datetime": {"delta": 20.779061, "elapsed": 1093.774772, "datetime": "2020-10-07 22:04:46"}}
{"target": 6.794666666666667, "params": {"gamma_fc": 0.23366613923925006, "beta_rec": 0.851671874936367, "k": 2.0, "beta_enc": 0.7, "cue_position": 10.0, "enc_rate": 1.0}, "datetime": {"delta": 21.229745, "elapsed": 1115.004517, "datetime": "2020-10-07 22:05:07"}}
{"target": 6.720444444444444, "params": {"gamma_fc": 0.5440101188139381, "beta_rec": 0.47714098704978236, "k": 2.0, "beta_enc": 0.7, "cue_position": 10.0, "enc_rate": 1.0}, "datetime": {"delta": 21.150101, "elapsed": 1136.154618, "datetime": "2020-10-07 22:05:28"}}
{"target": 6.698666666666666, "params": {"gamma_fc": 0.7852960282216189, "beta_rec": 0.7515278171352439, "k": 2.0, "beta_enc": 0.7, "cue_position": 10.0, "enc_rate": 1.0}, "datetime": {"delta": 21.076279, "elapsed": 1157.230897, "datetime": "2020-10-07 22:05:49"}}
{"target": 6.648222222222222, "params": {"gamma_fc": 0.866608274166513, "beta_rec": 0.872922376400111, "k": 2.0, "beta_enc": 0.7, "cue_position": 10.0, "enc_rate": 1.0}, "datetime": {"delta": 20.978989, "elapsed": 1178.209886, "datetime": "2020-10-07 22:06:10"}}
{"target": 6.721333333333334, "params": {"gamma_fc": 0.703516988152653, "beta_rec": 0.8541154438365387, "k": 2.0, "beta_enc": 0.7, "cue_position": 10.0, "enc_rate": 1.0}, "datetime": {"delta": 21.123586, "elapsed": 1199.333472, "datetime": "2020-10-07 22:06:32"}}
{"target": 6.294444444444444, "params": {"gamma_fc": 0.2596983932983531, "beta_rec": 0.03457121987163425, "k": 2.0, "beta_enc": 0.7, "cue_position": 10.0, "enc_rate": 1.0}, "datetime": {"delta": 20.32948, "elapsed": 1219.662952, "datetime": "2020-10-07 22:06:52"}}
{"target": 6.69888888888889, "params": {"gamma_fc": 0.7827494147841719, "beta_rec": 0.34529746159108154, "k": 2.0, "beta_enc": 0.7, "cue_position": 10.0, "enc_rate": 1.0}, "datetime": {"delta": 21.060338, "elapsed": 1240.72329, "datetime": "2020-10-07 22:07:13"}}
{"target": 6.540444444444444, "params": {"gamma_fc": 0.9747403708550822, "beta_rec": 0.14300582825809938, "k": 2.0, "beta_enc": 0.7, "cue_position": 10.0, "enc_rate": 1.0}, "datetime": {"delta": 20.851685, "elapsed": 1261.574975, "datetime": "2020-10-07 22:07:34"}}
{"target": 6.737777777777778, "params": {"gamma_fc": 0.3557051709838811, "beta_rec": 0.5460708041429516, "k": 2.0, "beta_enc": 0.7, "cue_position": 10.0, "enc_rate": 1.0}, "datetime": {"delta": 21.158396, "elapsed": 1282.733371, "datetime": "2020-10-07 22:07:55"}}
{"target": 6.661111111111111, "params": {"gamma_fc": 0.8623462528380441, "beta_rec": 0.7456371927074961, "k": 2.0, "beta_enc": 0.7, "cue_position": 10.0, "enc_rate": 1.0}, "datetime": {"delta": 21.058311, "elapsed": 1303.791682, "datetime": "2020-10-07 22:08:16"}}
{"target": 6.577111111111111, "params": {"gamma_fc": 0.9897517076637052, "beta_rec": 0.18863680095531088, "k": 2.0, "beta_enc": 0.7, "cue_position": 10.0, "enc_rate": 1.0}, "datetime": {"delta": 20.874239, "elapsed": 1324.665921, "datetime": "2020-10-07 22:08:37"}}
{"target": 6.569555555555556, "params": {"gamma_fc": 0.05692943841109499, "beta_rec": 0.26217308377291193, "k": 2.0, "beta_enc": 0.7, "cue_position": 10.0, "enc_rate": 1.0}, "datetime": {"delta": 20.858209, "elapsed": 1345.52413, "datetime": "2020-10-07 22:08:58"}}
{"target": 6.7299999999999995, "params": {"gamma_fc": 0.593432449464621, "beta_rec": 0.7986042447602102, "k": 2.0, "beta_enc": 0.7, "cue_position": 10.0, "enc_rate": 1.0}, "datetime": {"delta": 21.17597, "elapsed": 1366.7001, "datetime": "2020-10-07 22:09:19"}}
{"target": 6.677111111111111, "params": {"gamma_fc": 0.9594343210617524, "beta_rec": 0.7498583107261434, "k": 2.0, "beta_enc": 0.7, "cue_position": 10.0, "enc_rate": 1.0}, "datetime": {"delta": 21.033331, "elapsed": 1387.733431, "datetime": "2020-10-07 22:09:40"}}
{"target": 6.8164444444444445, "params": {"gamma_fc": 0.2214327343234883, "beta_rec": 0.7093872512312951, "k": 2.0, "beta_enc": 0.7, "cue_position": 10.0, "enc_rate": 1.0}, "datetime": {"delta": 21.280373, "elapsed": 1409.013804, "datetime": "2020-10-07 22:10:01"}}
{"target": 6.709777777777778, "params": {"gamma_fc": 0.8029632373737379, "beta_rec": 0.42861882866378653, "k": 2.0, "beta_enc": 0.7, "cue_position": 10.0, "enc_rate": 1.0}, "datetime": {"delta": 21.109134, "elapsed": 1430.122938, "datetime": "2020-10-07 22:10:22"}}
{"target": 6.6466666666666665, "params": {"gamma_fc": 0.8240098704123188, "beta_rec": 0.3424541198435198, "k": 2.0, "beta_enc": 0.7, "cue_position": 10.0, "enc_rate": 1.0}, "datetime": {"delta": 20.972214, "elapsed": 1451.095152, "datetime": "2020-10-07 22:10:43"}}
{"target": 6.411333333333333, "params": {"gamma_fc": 0.4585838137084318, "beta_rec": 0.07838689985494796, "k": 2.0, "beta_enc": 0.7, "cue_position": 10.0, "enc_rate": 1.0}, "datetime": {"delta": 20.611131, "elapsed": 1471.706283, "datetime": "2020-10-07 22:11:04"}}
{"target": 6.778666666666666, "params": {"gamma_fc": 0.45240482674645155, "beta_rec": 0.7548614813904674, "k": 2.0, "beta_enc": 0.7, "cue_position": 10.0, "enc_rate": 1.0}, "datetime": {"delta": 21.238802, "elapsed": 1492.945085, "datetime": "2020-10-07 22:11:25"}}
{"target": 6.6913333333333345, "params": {"gamma_fc": 0.904686160343623, "beta_rec": 0.47400392656219403, "k": 2.0, "beta_enc": 0.7, "cue_position": 10.0, "enc_rate": 1.0}, "datetime": {"delta": 21.113561, "elapsed": 1514.058646, "datetime": "2020-10-07 22:11:46"}}
{"target": 6.605333333333332, "params": {"gamma_fc": 0.538627282576347, "beta_rec": 0.12564138113773882, "k": 2.0, "beta_enc": 0.7, "cue_position": 10.0, "enc_rate": 1.0}, "datetime": {"delta": 20.980457, "elapsed": 1535.039103, "datetime": "2020-10-07 22:12:07"}}
{"target": 6.757555555555555, "params": {"gamma_fc": 0.14555823115839706, "beta_rec": 0.905402033702778, "k": 2.0, "beta_enc": 0.7, "cue_position": 10.0, "enc_rate": 1.0}, "datetime": {"delta": 21.23464, "elapsed": 1556.273743, "datetime": "2020-10-07 22:12:29"}}
{"target": 6.713111111111111, "params": {"gamma_fc": 0.7111224587658159, "beta_rec": 0.6224959022999211, "k": 2.0, "beta_enc": 0.7, "cue_position": 10.0, "enc_rate": 1.0}, "datetime": {"delta": 21.163573, "elapsed": 1577.437316, "datetime": "2020-10-07 22:12:50"}}
{"target": 6.760222222222223, "params": {"gamma_fc": 0.119457050333729, "beta_rec": 0.4008737323711209, "k": 2.0, "beta_enc": 0.7, "cue_position": 10.0, "enc_rate": 1.0}, "datetime": {"delta": 21.259821, "elapsed": 1598.697137, "datetime": "2020-10-07 22:13:11"}}
{"target": 6.634888888888888, "params": {"gamma_fc": 0.9824174492929428, "beta_rec": 0.2642974827269007, "k": 2.0, "beta_enc": 0.7, "cue_position": 10.0, "enc_rate": 1.0}, "datetime": {"delta": 20.947088, "elapsed": 1619.644225, "datetime": "2020-10-07 22:13:32"}}
{"target": 6.721777777777777, "params": {"gamma_fc": 0.43359232727316455, "beta_rec": 0.31446701118584963, "k": 2.0, "beta_enc": 0.7, "cue_position": 10.0, "enc_rate": 1.0}, "datetime": {"delta": 21.119251, "elapsed": 1640.763476, "datetime": "2020-10-07 22:13:53"}}
{"target": 6.197333333333334, "params": {"gamma_fc": 0.027287223517468817, "beta_rec": 0.030949006271150714, "k": 2.0, "beta_enc": 0.7, "cue_position": 10.0, "enc_rate": 1.0}, "datetime": {"delta": 20.187947, "elapsed": 1660.951423, "datetime": "2020-10-07 22:14:13"}}
{"target": 6.740888888888888, "params": {"gamma_fc": 0.45285349995153745, "beta_rec": 0.8594893208655858, "k": 2.0, "beta_enc": 0.7, "cue_position": 10.0, "enc_rate": 1.0}, "datetime": {"delta": 21.152309, "elapsed": 1682.103732, "datetime": "2020-10-07 22:14:34"}}
{"target": 6.197333333333334, "params": {"gamma_fc": 0.5172675985011298, "beta_rec": 0.009348577966515781, "k": 2.0, "beta_enc": 0.7, "cue_position": 10.0, "enc_rate": 1.0}, "datetime": {"delta": 20.204851, "elapsed": 1702.308583, "datetime": "2020-10-07 22:14:55"}}
{"target": 6.668000000000001, "params": {"gamma_fc": 0.9368683813090937, "beta_rec": 0.2473960366023854, "k": 2.0, "beta_enc": 0.7, "cue_position": 10.0, "enc_rate": 1.0}, "datetime": {"delta": 21.005897, "elapsed": 1723.31448, "datetime": "2020-10-07 22:15:16"}}
