{"target": 9.504166666666666, "params": {"beta_enc": 0.187535204857463, "cue_position": 0.0, "gamma_fc": 0.1738102166818738, "gamma_cf": 0.7884226028315037, "beta_rec": 0.5660731098876334}, "datetime": {"elapsed": 5591.500715, "datetime": "2020-07-13 11:52:55", "delta": 30.449037}}
{"target": 9.495833333333334, "params": {"beta_enc": 0.3131990730368064, "cue_position": 0.0, "gamma_fc": 0.5208194701219919, "gamma_cf": 0.9044065440275773, "beta_rec": 0.9001401902811992}, "datetime": {"elapsed": 5621.816043, "datetime": "2020-07-13 11:53:26", "delta": 30.315328}}
{"target": 8.883333333333333, "params": {"beta_enc": 0.4166126428191818, "cue_position": 0.0, "gamma_fc": 0.026672418087178483, "gamma_cf": 0.8856214108608407, "beta_rec": 0.6825085265480733}, "datetime": {"elapsed": 5651.311319, "datetime": "2020-07-13 11:53:55", "delta": 29.495276}}
{"target": 9.704166666666667, "params": {"beta_enc": 0.2218996372886355, "cue_position": 0.0, "gamma_fc": 0.5612693029334911, "gamma_cf": 0.9571390429435582, "beta_rec": 0.8861325920399921}, "datetime": {"elapsed": 5682.214983, "datetime": "2020-07-13 11:54:26", "delta": 30.903664}}
{"target": 10.029166666666667, "params": {"beta_enc": 0.2835516809420659, "cue_position": 0.0, "gamma_fc": 0.5261375709445085, "gamma_cf": 0.9356311365969462, "beta_rec": 0.8830411788308493}, "datetime": {"elapsed": 5713.858694, "datetime": "2020-07-13 11:54:58", "delta": 31.643711}}
{"target": 9.333333333333334, "params": {"beta_enc": 0.07255951230987416, "cue_position": 0.0, "gamma_fc": 0.18213526534478233, "gamma_cf": 0.9802678243507074, "beta_rec": 0.3843290526135439}, "datetime": {"elapsed": 5744.211472, "datetime": "2020-07-13 11:55:28", "delta": 30.352778}}
{"target": 9.716666666666667, "params": {"beta_enc": 0.24560654832368778, "cue_position": 0.0, "gamma_fc": 0.5365727517497739, "gamma_cf": 0.9435164493738684, "beta_rec": 0.9119150580763967}, "datetime": {"elapsed": 5775.222907, "datetime": "2020-07-13 11:55:59", "delta": 31.011435}}
{"target": 9.15, "params": {"beta_enc": 0.39648204486106753, "cue_position": 0.0, "gamma_fc": 0.038414188040816644, "gamma_cf": 0.8904607223053737, "beta_rec": 0.6769597199281017}, "datetime": {"elapsed": 5805.134786, "datetime": "2020-07-13 11:56:29", "delta": 29.911879}}
{"target": 9.954166666666667, "params": {"beta_enc": 0.22722916729832102, "cue_position": 0.0, "gamma_fc": 0.5604417264536897, "gamma_cf": 0.9560120408398748, "beta_rec": 0.8886781718834655}, "datetime": {"elapsed": 5836.899416, "datetime": "2020-07-13 11:57:01", "delta": 31.76463}}
{"target": 9.145833333333334, "params": {"beta_enc": 0.3451808779331964, "cue_position": 0.0, "gamma_fc": 0.6239791727718235, "gamma_cf": 0.824952309220415, "beta_rec": 0.8512707521539412}, "datetime": {"elapsed": 5866.991208, "datetime": "2020-07-13 11:57:31", "delta": 30.091792}}
{"target": 8.9625, "params": {"beta_enc": 0.41815964662850236, "cue_position": 0.0, "gamma_fc": 0.015154778503438826, "gamma_cf": 0.905057483821612, "beta_rec": 0.6707471949556094}, "datetime": {"elapsed": 5896.602245, "datetime": "2020-07-13 11:58:01", "delta": 29.611037}}
{"target": 9.6625, "params": {"beta_enc": 0.23765499717370864, "cue_position": 0.0, "gamma_fc": 0.5664892047269448, "gamma_cf": 0.962377204265646, "beta_rec": 0.89599273577795}, "datetime": {"elapsed": 5927.561326, "datetime": "2020-07-13 11:58:31", "delta": 30.959081}}
{"target": 9.5375, "params": {"beta_enc": 0.28817496134601983, "cue_position": 0.0, "gamma_fc": 0.5038151546260279, "gamma_cf": 0.9263151213091022, "beta_rec": 0.874634598669733}, "datetime": {"elapsed": 5958.216508, "datetime": "2020-07-13 11:59:02", "delta": 30.655182}}
{"target": 9.1625, "params": {"beta_enc": 0.18296595131085286, "cue_position": 0.0, "gamma_fc": 0.18026494695612874, "gamma_cf": 0.7876008278184281, "beta_rec": 0.5691650039816784}, "datetime": {"elapsed": 5988.630763, "datetime": "2020-07-13 11:59:33", "delta": 30.414255}}
{"target": 9.820833333333333, "params": {"beta_enc": 0.27335961517979535, "cue_position": 0.0, "gamma_fc": 0.5136007855861168, "gamma_cf": 0.95207874762131, "beta_rec": 0.8847811002745871}, "datetime": {"elapsed": 6020.140074, "datetime": "2020-07-13 12:00:04", "delta": 31.509311}}
{"target": 9.758333333333333, "params": {"beta_enc": 0.2759844765759416, "cue_position": 0.0, "gamma_fc": 0.509320221327385, "gamma_cf": 0.9157389242727628, "beta_rec": 0.8758329083333122}, "datetime": {"elapsed": 6051.416116, "datetime": "2020-07-13 12:00:35", "delta": 31.276042}}
{"target": 9.666666666666666, "params": {"beta_enc": 0.30453734517189324, "cue_position": 0.0, "gamma_fc": 0.5205336541420316, "gamma_cf": 0.9163738078190348, "beta_rec": 0.8760177308760131}, "datetime": {"elapsed": 6082.422172, "datetime": "2020-07-13 12:01:06", "delta": 31.006056}}
{"target": 9.866666666666667, "params": {"beta_enc": 0.2810533894993254, "cue_position": 0.0, "gamma_fc": 0.520945117892954, "gamma_cf": 0.9411659737206816, "beta_rec": 0.8807084626733885}, "datetime": {"elapsed": 6114.120516, "datetime": "2020-07-13 12:01:38", "delta": 31.698344}}
{"target": 9.5125, "params": {"beta_enc": 0.2719668710651504, "cue_position": 0.0, "gamma_fc": 0.5030258031665947, "gamma_cf": 0.9085864506085356, "beta_rec": 0.8904102396876095}, "datetime": {"elapsed": 6147.821314, "datetime": "2020-07-13 12:02:12", "delta": 33.700798}}
{"target": 9.720833333333333, "params": {"beta_enc": 0.3033565024970044, "cue_position": 0.0, "gamma_fc": 0.5248654086349229, "gamma_cf": 0.9209029948347386, "beta_rec": 0.8743087791968409}, "datetime": {"elapsed": 6181.952206, "datetime": "2020-07-13 12:02:46", "delta": 34.130892}}
{"target": 9.75, "params": {"beta_enc": 0.2659613192659743, "cue_position": 0.0, "gamma_fc": 0.5342789367730136, "gamma_cf": 0.9641912775708871, "beta_rec": 0.8666001986929033}, "datetime": {"elapsed": 6215.982741, "datetime": "2020-07-13 12:03:20", "delta": 34.030535}}
{"target": 9.725, "params": {"beta_enc": 0.619837896581528, "cue_position": 0.0, "gamma_fc": 0.9466631420774638, "gamma_cf": 0.0058596019368394375, "beta_rec": 0.009466869796962452}, "datetime": {"elapsed": 6249.972099, "datetime": "2020-07-13 12:03:54", "delta": 33.989358}}
{"target": 9.3625, "params": {"beta_enc": 0.43701289465088, "cue_position": 0.0, "gamma_fc": 0.030717440551028985, "gamma_cf": 0.8844825075513444, "beta_rec": 0.6932128355490901}, "datetime": {"elapsed": 6283.11208, "datetime": "2020-07-13 12:04:27", "delta": 33.139981}}
{"target": 9.066666666666666, "params": {"beta_enc": 0.3342941259601351, "cue_position": 0.0, "gamma_fc": 0.4547279982612258, "gamma_cf": 0.6962668086474101, "beta_rec": 0.8615409681711148}, "datetime": {"elapsed": 6315.937446, "datetime": "2020-07-13 12:05:00", "delta": 32.825366}}
{"target": 9.733333333333333, "params": {"beta_enc": 0.2757596720197447, "cue_position": 0.0, "gamma_fc": 0.5022685656132616, "gamma_cf": 0.9115331491947537, "beta_rec": 0.8684128762408526}, "datetime": {"elapsed": 6350.032803, "datetime": "2020-07-13 12:05:34", "delta": 34.095357}}
{"target": 9.675, "params": {"beta_enc": 0.2640875096858445, "cue_position": 0.0, "gamma_fc": 0.5272778819628072, "gamma_cf": 0.9349255889452273, "beta_rec": 0.8904172650576515}, "datetime": {"elapsed": 6384.106902, "datetime": "2020-07-13 12:06:08", "delta": 34.074099}}
{"target": 9.195833333333333, "params": {"beta_enc": 0.39489702386785897, "cue_position": 0.0, "gamma_fc": 0.039789713002180815, "gamma_cf": 0.8816797426993656, "beta_rec": 0.6824456985144491}, "datetime": {"elapsed": 6416.459285, "datetime": "2020-07-13 12:06:40", "delta": 32.352383}}
{"target": 9.5625, "params": {"beta_enc": 0.3072046801906452, "cue_position": 0.0, "gamma_fc": 0.5260989539527242, "gamma_cf": 0.9123149133817205, "beta_rec": 0.882625501934025}, "datetime": {"elapsed": 6449.610218, "datetime": "2020-07-13 12:07:14", "delta": 33.150933}}
{"target": 9.670833333333333, "params": {"beta_enc": 0.31816172717150437, "cue_position": 0.0, "gamma_fc": 0.5221623635326722, "gamma_cf": 0.8964583165022942, "beta_rec": 0.8931527294936049}, "datetime": {"elapsed": 6483.016204, "datetime": "2020-07-13 12:07:47", "delta": 33.405986}}
{"target": 9.766666666666667, "params": {"beta_enc": 0.3014176072903896, "cue_position": 0.0, "gamma_fc": 0.4725202312305137, "gamma_cf": 0.955867728693213, "beta_rec": 0.8335170961573212}, "datetime": {"elapsed": 6516.604057, "datetime": "2020-07-13 12:08:21", "delta": 33.587853}}
{"target": 9.766666666666667, "params": {"beta_enc": 0.29623082927832123, "cue_position": 0.0, "gamma_fc": 0.4663703818376421, "gamma_cf": 0.9614109990960307, "beta_rec": 0.8218179401219207}, "datetime": {"elapsed": 6550.089927, "datetime": "2020-07-13 12:08:54", "delta": 33.48587}}
{"target": 10.141666666666667, "params": {"beta_enc": 0.28068307134149617, "cue_position": 0.0, "gamma_fc": 0.49920535800391996, "gamma_cf": 0.9458525069248559, "beta_rec": 0.8870155276458946}, "datetime": {"elapsed": 6584.146782, "datetime": "2020-07-13 12:09:28", "delta": 34.056855}}
{"target": 9.7875, "params": {"beta_enc": 0.36692956728963955, "cue_position": 0.0, "gamma_fc": 0.35672195193608847, "gamma_cf": 0.8853185757279178, "beta_rec": 0.7750859016055227}, "datetime": {"elapsed": 6617.262218, "datetime": "2020-07-13 12:10:01", "delta": 33.115436}}
{"target": 9.720833333333333, "params": {"beta_enc": 0.289292964103276, "cue_position": 0.0, "gamma_fc": 0.5079139468416368, "gamma_cf": 0.9413031485603238, "beta_rec": 0.8972121479368345}, "datetime": {"elapsed": 6650.288147, "datetime": "2020-07-13 12:10:34", "delta": 33.025929}}
{"target": 9.770833333333334, "params": {"beta_enc": 0.3071758856630137, "cue_position": 0.0, "gamma_fc": 0.5178180881789068, "gamma_cf": 0.9007736326823396, "beta_rec": 0.8579379719362253}, "datetime": {"elapsed": 6683.436806, "datetime": "2020-07-13 12:11:07", "delta": 33.148659}}
{"target": 9.595833333333333, "params": {"beta_enc": 0.3096351985125906, "cue_position": 0.0, "gamma_fc": 0.5126249469053313, "gamma_cf": 0.9101467885079938, "beta_rec": 0.8465173171929501}, "datetime": {"elapsed": 6716.360471, "datetime": "2020-07-13 12:11:40", "delta": 32.923665}}
{"target": 9.008333333333333, "params": {"beta_enc": 0.42573759725036253, "cue_position": 0.0, "gamma_fc": 0.03338730823219782, "gamma_cf": 0.8927691188495886, "beta_rec": 0.7032903817757657}, "datetime": {"elapsed": 6747.983068, "datetime": "2020-07-13 12:12:12", "delta": 31.622597}}
{"target": 8.754166666666666, "params": {"beta_enc": 0.1483941916285596, "cue_position": 0.0, "gamma_fc": 0.47778887943493303, "gamma_cf": 0.7220138811660511, "beta_rec": 0.3629581990530739}, "datetime": {"elapsed": 6779.279404, "datetime": "2020-07-13 12:12:43", "delta": 31.296336}}
{"target": 9.3875, "params": {"beta_enc": 0.3664395344162629, "cue_position": 0.0, "gamma_fc": 0.3581080253585011, "gamma_cf": 0.886807016584029, "beta_rec": 0.7718832433807085}, "datetime": {"elapsed": 6811.715225, "datetime": "2020-07-13 12:13:16", "delta": 32.435821}}
{"target": 9.516666666666667, "params": {"beta_enc": 0.27785413469395026, "cue_position": 0.0, "gamma_fc": 0.5266220075594497, "gamma_cf": 0.9550584175048129, "beta_rec": 0.8661062763235494}, "datetime": {"elapsed": 6844.327891, "datetime": "2020-07-13 12:13:48", "delta": 32.612666}}
{"target": 9.104166666666666, "params": {"beta_enc": 0.43218453256838596, "cue_position": 0.0, "gamma_fc": 0.019900509064826988, "gamma_cf": 0.8848464814391298, "beta_rec": 0.6945733641352819}, "datetime": {"elapsed": 6875.976366, "datetime": "2020-07-13 12:14:20", "delta": 31.648475}}
{"target": 9.483333333333333, "params": {"beta_enc": 0.26011774695785195, "cue_position": 0.0, "gamma_fc": 0.526893507804723, "gamma_cf": 0.9233046707930004, "beta_rec": 0.889221884733332}, "datetime": {"elapsed": 6908.340844, "datetime": "2020-07-13 12:14:52", "delta": 32.364478}}
{"target": 9.670833333333333, "params": {"beta_enc": 0.30806565339794145, "cue_position": 0.0, "gamma_fc": 0.515690262213206, "gamma_cf": 0.9324990897179708, "beta_rec": 0.8706190195318435}, "datetime": {"elapsed": 6940.987015, "datetime": "2020-07-13 12:15:25", "delta": 32.646171}}
{"target": 9.720833333333333, "params": {"beta_enc": 0.27555120900423713, "cue_position": 0.0, "gamma_fc": 0.5318974875455809, "gamma_cf": 0.9230202787812363, "beta_rec": 0.864867647840798}, "datetime": {"elapsed": 6974.012729, "datetime": "2020-07-13 12:15:58", "delta": 33.025714}}
{"target": 10.104166666666666, "params": {"beta_enc": 0.29047143043000717, "cue_position": 0.0, "gamma_fc": 0.5099436910192828, "gamma_cf": 0.9297272989589311, "beta_rec": 0.8732004902214853}, "datetime": {"elapsed": 7007.638934, "datetime": "2020-07-13 12:16:32", "delta": 33.626205}}
{"target": 9.741666666666667, "params": {"beta_enc": 0.27772999569478596, "cue_position": 0.0, "gamma_fc": 0.5314009492544488, "gamma_cf": 0.9184663822621111, "beta_rec": 0.8792652255151221}, "datetime": {"elapsed": 7040.661479, "datetime": "2020-07-13 12:17:05", "delta": 33.022545}}
{"target": 9.325, "params": {"beta_enc": 0.4216474457553301, "cue_position": 0.0, "gamma_fc": 0.031010195690980513, "gamma_cf": 0.8794559461967575, "beta_rec": 0.6945267331706196}, "datetime": {"elapsed": 7072.957651, "datetime": "2020-07-13 12:17:37", "delta": 32.296172}}
{"target": 9.895833333333334, "params": {"beta_enc": 0.271590036355949, "cue_position": 0.0, "gamma_fc": 0.5005371528847705, "gamma_cf": 0.9117210059722184, "beta_rec": 0.884362036795536}, "datetime": {"elapsed": 7106.180906, "datetime": "2020-07-13 12:18:10", "delta": 33.223255}}
{"target": 9.054166666666667, "params": {"beta_enc": 0.3418119428108013, "cue_position": 0.0, "gamma_fc": 0.6317417385288399, "gamma_cf": 0.8217363612175905, "beta_rec": 0.8566210966450089}, "datetime": {"elapsed": 7137.732806, "datetime": "2020-07-13 12:18:42", "delta": 31.5519}}
{"target": 10.108333333333333, "params": {"beta_enc": 0.298602003990187, "cue_position": 0.0, "gamma_fc": 0.5068718017823334, "gamma_cf": 0.9334872644508361, "beta_rec": 0.8709750347797477}, "datetime": {"elapsed": 7171.423472, "datetime": "2020-07-13 12:19:15", "delta": 33.690666}}
{"target": 9.829166666666667, "params": {"beta_enc": 0.23550927676890132, "cue_position": 0.0, "gamma_fc": 0.5580924521904536, "gamma_cf": 0.9605035685709165, "beta_rec": 0.9017060317426823}, "datetime": {"elapsed": 7204.460906, "datetime": "2020-07-13 12:19:48", "delta": 33.037434}}
{"target": 9.545833333333333, "params": {"beta_enc": 0.2963675792924856, "cue_position": 0.0, "gamma_fc": 0.5083839334508921, "gamma_cf": 0.931962657751332, "beta_rec": 0.871802925093723}, "datetime": {"elapsed": 7237.381769, "datetime": "2020-07-13 12:20:21", "delta": 32.920863}}
{"target": 9.545833333333333, "params": {"beta_enc": 0.3022176675846763, "cue_position": 0.0, "gamma_fc": 0.5304650183046307, "gamma_cf": 0.9139865842490285, "beta_rec": 0.875763588934899}, "datetime": {"elapsed": 7270.164445, "datetime": "2020-07-13 12:20:54", "delta": 32.782676}}
{"target": 8.779166666666667, "params": {"beta_enc": 0.4434291622694556, "cue_position": 0.0, "gamma_fc": 0.5193806475779383, "gamma_cf": 0.7609074342789136, "beta_rec": 0.9072332360089712}, "datetime": {"elapsed": 7301.388644, "datetime": "2020-07-13 12:21:25", "delta": 31.224199}}
{"target": 9.633333333333333, "params": {"beta_enc": 0.22887402753258268, "cue_position": 0.0, "gamma_fc": 0.5663605278304136, "gamma_cf": 0.9668090718833807, "beta_rec": 0.8960831933246988}, "datetime": {"elapsed": 7334.778522, "datetime": "2020-07-13 12:21:59", "delta": 33.389878}}
{"target": 9.425, "params": {"beta_enc": 0.26580383786211914, "cue_position": 0.0, "gamma_fc": 0.5060047102912093, "gamma_cf": 0.9236834035309454, "beta_rec": 0.8976083992102007}, "datetime": {"elapsed": 7367.26166, "datetime": "2020-07-13 12:22:31", "delta": 32.483138}}
{"target": 9.895833333333334, "params": {"beta_enc": 0.2751369188378896, "cue_position": 0.0, "gamma_fc": 0.5039419933485882, "gamma_cf": 0.9131548456341321, "beta_rec": 0.8757513538910241}, "datetime": {"elapsed": 7400.588261, "datetime": "2020-07-13 12:23:05", "delta": 33.326601}}
{"target": 9.9125, "params": {"beta_enc": 0.2375570751156003, "cue_position": 0.0, "gamma_fc": 0.5668055124541801, "gamma_cf": 0.9477517332482958, "beta_rec": 0.9165255172291168}, "datetime": {"elapsed": 7433.974859, "datetime": "2020-07-13 12:23:38", "delta": 33.386598}}
{"target": 9.991666666666667, "params": {"beta_enc": 0.25145958456813833, "cue_position": 0.0, "gamma_fc": 0.5433641082243554, "gamma_cf": 0.9587071145407368, "beta_rec": 0.9111599800748682}, "datetime": {"elapsed": 7467.600621, "datetime": "2020-07-13 12:24:12", "delta": 33.625762}}
{"target": 9.733333333333333, "params": {"beta_enc": 0.2824023322822074, "cue_position": 0.0, "gamma_fc": 0.5206998022508, "gamma_cf": 0.9401783690117265, "beta_rec": 0.8811013787253764}, "datetime": {"elapsed": 7501.03151, "datetime": "2020-07-13 12:24:45", "delta": 33.430889}}
{"target": 9.8125, "params": {"beta_enc": 0.30777052081606293, "cue_position": 0.0, "gamma_fc": 0.5216934754357123, "gamma_cf": 0.8937280578568962, "beta_rec": 0.9021580411330794}, "datetime": {"elapsed": 7552.945118, "datetime": "2020-07-13 12:25:37", "delta": 51.913608}}
{"target": 9.875, "params": {"beta_enc": 0.23790170591197546, "cue_position": 0.0, "gamma_fc": 0.5645396495995922, "gamma_cf": 0.9461690233066968, "beta_rec": 0.9110298517386313}, "datetime": {"elapsed": 7604.938093, "datetime": "2020-07-13 12:26:29", "delta": 51.992975}}
{"target": 9.7, "params": {"beta_enc": 0.2523265390091919, "cue_position": 0.0, "gamma_fc": 0.5338325754704136, "gamma_cf": 0.9437929243617571, "beta_rec": 0.9032166269972806}, "datetime": {"elapsed": 7656.721801, "datetime": "2020-07-13 12:27:21", "delta": 51.783708}}
{"target": 10.1625, "params": {"beta_enc": 0.3044753738904197, "cue_position": 0.0, "gamma_fc": 0.4699016406240314, "gamma_cf": 0.9599078781972701, "beta_rec": 0.8360730681335465}, "datetime": {"elapsed": 7709.45488, "datetime": "2020-07-13 12:28:13", "delta": 52.733079}}
{"target": 9.629166666666666, "params": {"beta_enc": 0.2737624523927248, "cue_position": 0.0, "gamma_fc": 0.5270937542475129, "gamma_cf": 0.9496566513775186, "beta_rec": 0.866320056361643}, "datetime": {"elapsed": 7761.073997, "datetime": "2020-07-13 12:29:05", "delta": 51.619117}}
{"target": 9.7125, "params": {"beta_enc": 0.2615060821414509, "cue_position": 0.0, "gamma_fc": 0.5422462888132457, "gamma_cf": 0.9486642302783151, "beta_rec": 0.869709032206595}, "datetime": {"elapsed": 7812.719418, "datetime": "2020-07-13 12:29:57", "delta": 51.645421}}
{"target": 8.575, "params": {"beta_enc": 0.3143582357302541, "cue_position": 0.0, "gamma_fc": 0.13579257669690392, "gamma_cf": 0.7611948848201456, "beta_rec": 0.5091550928550841}, "datetime": {"elapsed": 7862.36341, "datetime": "2020-07-13 12:30:46", "delta": 49.643992}}
{"target": 9.175, "params": {"beta_enc": 0.42500551891491867, "cue_position": 0.0, "gamma_fc": 0.028087821406012625, "gamma_cf": 0.8794424753620598, "beta_rec": 0.6876565042365994}, "datetime": {"elapsed": 7913.228667, "datetime": "2020-07-13 12:31:37", "delta": 50.865257}}
{"target": 9.583333333333334, "params": {"beta_enc": 0.42073155606944435, "cue_position": 0.0, "gamma_fc": 0.0231316801358028, "gamma_cf": 0.9121175726329466, "beta_rec": 0.674481422715313}, "datetime": {"elapsed": 7964.787763, "datetime": "2020-07-13 12:32:29", "delta": 51.559096}}
{"target": 9.116666666666667, "params": {"beta_enc": 0.17489577870184025, "cue_position": 0.0, "gamma_fc": 0.19509783090591382, "gamma_cf": 0.7719287794830548, "beta_rec": 0.5750483257002413}, "datetime": {"elapsed": 8015.604775, "datetime": "2020-07-13 12:33:20", "delta": 50.817012}}
{"target": 8.766666666666667, "params": {"beta_enc": 0.30904346493498513, "cue_position": 0.0, "gamma_fc": 0.13417920333906752, "gamma_cf": 0.7753726894308907, "beta_rec": 0.5125683143039907}, "datetime": {"elapsed": 8066.094578, "datetime": "2020-07-13 12:34:10", "delta": 50.489803}}
{"target": 9.716666666666667, "params": {"beta_enc": 0.2729391198429877, "cue_position": 0.0, "gamma_fc": 0.5031579377353085, "gamma_cf": 0.9115295362866869, "beta_rec": 0.8836178083526754}, "datetime": {"elapsed": 8118.629948, "datetime": "2020-07-13 12:35:03", "delta": 52.53537}}
{"target": 9.6875, "params": {"beta_enc": 0.23491216765393108, "cue_position": 0.0, "gamma_fc": 0.5622298575341398, "gamma_cf": 0.9624851997471193, "beta_rec": 0.9005987220589803}, "datetime": {"elapsed": 8170.717748, "datetime": "2020-07-13 12:35:55", "delta": 52.0878}}
{"target": 9.758333333333333, "params": {"beta_enc": 0.22586419817547831, "cue_position": 0.0, "gamma_fc": 0.5717746022829897, "gamma_cf": 0.9447004617948995, "beta_rec": 0.9135717294152521}, "datetime": {"elapsed": 8223.463365, "datetime": "2020-07-13 12:36:47", "delta": 52.745617}}
{"target": 8.233333333333333, "params": {"beta_enc": 0.10907251186752531, "cue_position": 0.0, "gamma_fc": 0.6929126147373654, "gamma_cf": 0.5401599426694252, "beta_rec": 0.4252972081685886}, "datetime": {"elapsed": 8273.331245, "datetime": "2020-07-13 12:37:37", "delta": 49.86788}}
{"target": 9.491666666666667, "params": {"beta_enc": 0.3157864684487177, "cue_position": 0.0, "gamma_fc": 0.5205568828590968, "gamma_cf": 0.888413975208541, "beta_rec": 0.894820799955935}, "datetime": {"elapsed": 8325.493741, "datetime": "2020-07-13 12:38:29", "delta": 52.162496}}
{"target": 9.470833333333333, "params": {"beta_enc": 0.24159921065271261, "cue_position": 0.0, "gamma_fc": 0.15557530880966064, "gamma_cf": 0.8174829199887121, "beta_rec": 0.4950933692294174}, "datetime": {"elapsed": 8377.609966, "datetime": "2020-07-13 12:39:22", "delta": 52.116225}}
{"target": 9.85, "params": {"beta_enc": 0.31080416220274754, "cue_position": 0.0, "gamma_fc": 0.5341238736869132, "gamma_cf": 0.9157730352817204, "beta_rec": 0.8793749863379323}, "datetime": {"elapsed": 8430.461666, "datetime": "2020-07-13 12:40:14", "delta": 52.8517}}
