{"target": 14.266666666666667, "params": {"cue_position": 0.0, "beta_enc": 0.9303360335030897, "gamma_cf": 1.0, "beta_rec": 0.971784637014904, "gamma_fc": 0.04147031978378304}, "datetime": {"elapsed": 5421.500443, "datetime": "2020-08-12 15:38:11", "delta": 25.321109}}
{"target": 13.716666666666667, "params": {"cue_position": 0.0, "beta_enc": 0.8881896221837197, "gamma_cf": 1.0, "beta_rec": 0.9376944100647613, "gamma_fc": 0.1733647470710632}, "datetime": {"elapsed": 5446.47646, "datetime": "2020-08-12 15:38:36", "delta": 24.976017}}
{"target": 13.816666666666666, "params": {"cue_position": 0.0, "beta_enc": 0.8824474419059376, "gamma_cf": 1.0, "beta_rec": 0.9247172611021107, "gamma_fc": 0.06038793180513853}, "datetime": {"elapsed": 5471.713006, "datetime": "2020-08-12 15:39:01", "delta": 25.236546}}
{"target": 13.720833333333333, "params": {"cue_position": 0.0, "beta_enc": 0.8933930690506495, "gamma_cf": 1.0, "beta_rec": 0.977783934188768, "gamma_fc": 0.08443769684550873}, "datetime": {"elapsed": 5496.696263, "datetime": "2020-08-12 15:39:26", "delta": 24.983257}}
{"target": 13.945833333333333, "params": {"cue_position": 0.0, "beta_enc": 0.8954919125134834, "gamma_cf": 1.0, "beta_rec": 0.938080499126821, "gamma_fc": 0.12440976035868495}, "datetime": {"elapsed": 5522.697855, "datetime": "2020-08-12 15:39:52", "delta": 26.001592}}
{"target": 13.7, "params": {"cue_position": 0.0, "beta_enc": 0.9027932146392267, "gamma_cf": 1.0, "beta_rec": 0.9521400039142541, "gamma_fc": 0.23157220746091361}, "datetime": {"elapsed": 5548.315199, "datetime": "2020-08-12 15:40:18", "delta": 25.617344}}
{"target": 13.875, "params": {"cue_position": 0.0, "beta_enc": 0.8963534593341888, "gamma_cf": 1.0, "beta_rec": 0.9741288438623805, "gamma_fc": 0.17168834064701907}, "datetime": {"elapsed": 5573.471712, "datetime": "2020-08-12 15:40:43", "delta": 25.156513}}
{"target": 14.383333333333333, "params": {"cue_position": 0.0, "beta_enc": 0.9092036827684368, "gamma_cf": 1.0, "beta_rec": 0.9971896893335966, "gamma_fc": 0.23797946195997738}, "datetime": {"elapsed": 5599.349642, "datetime": "2020-08-12 15:41:09", "delta": 25.87793}}
{"target": 13.941666666666666, "params": {"cue_position": 0.0, "beta_enc": 0.9316251471148356, "gamma_cf": 1.0, "beta_rec": 0.9418369665540774, "gamma_fc": 0.19112880067239668}, "datetime": {"elapsed": 5625.17372, "datetime": "2020-08-12 15:41:35", "delta": 25.824078}}
{"target": 13.241666666666667, "params": {"cue_position": 0.0, "beta_enc": 0.8481173901268161, "gamma_cf": 1.0, "beta_rec": 0.8840409649124408, "gamma_fc": 0.10104349021018644}, "datetime": {"elapsed": 5649.484533, "datetime": "2020-08-12 15:41:59", "delta": 24.310813}}
{"target": 13.966666666666667, "params": {"cue_position": 0.0, "beta_enc": 0.9441948267777711, "gamma_cf": 1.0, "beta_rec": 0.9890167764286892, "gamma_fc": 0.27278290459634325}, "datetime": {"elapsed": 5675.167216, "datetime": "2020-08-12 15:42:25", "delta": 25.682683}}
{"target": 13.983333333333333, "params": {"cue_position": 0.0, "beta_enc": 0.9077109501182632, "gamma_cf": 1.0, "beta_rec": 0.9477437589651901, "gamma_fc": 0.19188448274900635}, "datetime": {"elapsed": 5700.320066, "datetime": "2020-08-12 15:42:50", "delta": 25.15285}}
{"target": 13.495833333333334, "params": {"cue_position": 0.0, "beta_enc": 0.9285972932446961, "gamma_cf": 1.0, "beta_rec": 0.9850823452678127, "gamma_fc": 0.26729432383335644}, "datetime": {"elapsed": 5725.239896, "datetime": "2020-08-12 15:43:15", "delta": 24.91983}}
{"target": 13.841666666666667, "params": {"cue_position": 0.0, "beta_enc": 0.9123081668113637, "gamma_cf": 1.0, "beta_rec": 0.9739688563901441, "gamma_fc": 0.05593934438932402}, "datetime": {"elapsed": 5750.254991, "datetime": "2020-08-12 15:43:40", "delta": 25.015095}}
{"target": 13.916666666666666, "params": {"cue_position": 0.0, "beta_enc": 0.911482110458358, "gamma_cf": 1.0, "beta_rec": 0.9776867744214972, "gamma_fc": 0.24150450761483966}, "datetime": {"elapsed": 5775.76806, "datetime": "2020-08-12 15:44:05", "delta": 25.513069}}
{"target": 14.525, "params": {"cue_position": 0.0, "beta_enc": 0.9222150650195904, "gamma_cf": 1.0, "beta_rec": 0.9689437102708499, "gamma_fc": 0.027400537678134662}, "datetime": {"elapsed": 5801.926719, "datetime": "2020-08-12 15:44:31", "delta": 26.158659}}
{"target": 14.1, "params": {"cue_position": 0.0, "beta_enc": 0.903903307101527, "gamma_cf": 1.0, "beta_rec": 0.9402425439437548, "gamma_fc": 0.05690062844471244}, "datetime": {"elapsed": 5827.198535, "datetime": "2020-08-12 15:44:57", "delta": 25.271816}}
{"target": 13.75, "params": {"cue_position": 0.0, "beta_enc": 0.907285864895026, "gamma_cf": 1.0, "beta_rec": 0.998642669347798, "gamma_fc": 0.2523935327900618}, "datetime": {"elapsed": 5852.015232, "datetime": "2020-08-12 15:45:21", "delta": 24.816697}}
{"target": 13.845833333333333, "params": {"cue_position": 0.0, "beta_enc": 0.8991029528144728, "gamma_cf": 1.0, "beta_rec": 0.9741951920202515, "gamma_fc": 0.22110636558977786}, "datetime": {"elapsed": 5877.425029, "datetime": "2020-08-12 15:45:47", "delta": 25.409797}}
{"target": 13.6, "params": {"cue_position": 0.0, "beta_enc": 0.8987679392656183, "gamma_cf": 1.0, "beta_rec": 0.9554928678907761, "gamma_fc": 0.1599636252309539}, "datetime": {"elapsed": 5902.366333, "datetime": "2020-08-12 15:46:12", "delta": 24.941304}}
{"target": 14.329166666666667, "params": {"cue_position": 0.0, "beta_enc": 0.8974862984684702, "gamma_cf": 1.0, "beta_rec": 0.9381721945165513, "gamma_fc": 0.10051896906834472}, "datetime": {"elapsed": 5928.032372, "datetime": "2020-08-12 15:46:37", "delta": 25.666039}}
{"target": 13.683333333333334, "params": {"cue_position": 0.0, "beta_enc": 0.9235318738085756, "gamma_cf": 1.0, "beta_rec": 0.9416101575934276, "gamma_fc": 0.2091941161807431}, "datetime": {"elapsed": 5953.098003, "datetime": "2020-08-12 15:47:02", "delta": 25.065631}}
{"target": 14.0875, "params": {"cue_position": 0.0, "beta_enc": 0.9085094576818669, "gamma_cf": 1.0, "beta_rec": 0.9533859949797582, "gamma_fc": 0.09237288546494028}, "datetime": {"elapsed": 5978.800764, "datetime": "2020-08-12 15:47:28", "delta": 25.702761}}
{"target": 14.1375, "params": {"cue_position": 0.0, "beta_enc": 0.9028589903339047, "gamma_cf": 1.0, "beta_rec": 0.9440799389721336, "gamma_fc": 0.006951745881586646}, "datetime": {"elapsed": 6004.389408, "datetime": "2020-08-12 15:47:54", "delta": 25.588644}}
{"target": 14.166666666666666, "params": {"cue_position": 0.0, "beta_enc": 0.9121759244216969, "gamma_cf": 1.0, "beta_rec": 0.9642954981373578, "gamma_fc": 0.006834272612557868}, "datetime": {"elapsed": 6030.03095, "datetime": "2020-08-12 15:48:19", "delta": 25.641542}}
{"target": 14.133333333333333, "params": {"cue_position": 0.0, "beta_enc": 0.9160274001243394, "gamma_cf": 1.0, "beta_rec": 0.9455670121805635, "gamma_fc": 0.013069545246386038}, "datetime": {"elapsed": 6055.589508, "datetime": "2020-08-12 15:48:45", "delta": 25.558558}}
{"target": 14.079166666666667, "params": {"cue_position": 0.0, "beta_enc": 0.8812700952524967, "gamma_cf": 1.0, "beta_rec": 0.9272137745025295, "gamma_fc": 0.09778675480050891}, "datetime": {"elapsed": 6080.994274, "datetime": "2020-08-12 15:49:10", "delta": 25.404766}}
{"target": 14.1625, "params": {"cue_position": 0.0, "beta_enc": 0.9596492842001878, "gamma_cf": 1.0, "beta_rec": 0.9950873713019913, "gamma_fc": 0.27339350144383123}, "datetime": {"elapsed": 6106.83129, "datetime": "2020-08-12 15:49:36", "delta": 25.837016}}
{"target": 13.841666666666667, "params": {"cue_position": 0.0, "beta_enc": 0.9504993334632433, "gamma_cf": 1.0, "beta_rec": 0.9925643729092224, "gamma_fc": 0.27365136290155667}, "datetime": {"elapsed": 6132.867776, "datetime": "2020-08-12 15:50:02", "delta": 26.036486}}
{"target": 14.05, "params": {"cue_position": 0.0, "beta_enc": 0.967302731920741, "gamma_cf": 1.0, "beta_rec": 0.9895032368604172, "gamma_fc": 0.27066651096323524}, "datetime": {"elapsed": 6158.328134, "datetime": "2020-08-12 15:50:28", "delta": 25.460358}}
{"target": 13.9875, "params": {"cue_position": 0.0, "beta_enc": 0.9398999819896258, "gamma_cf": 1.0, "beta_rec": 0.990781122397486, "gamma_fc": 0.2632585408486726}, "datetime": {"elapsed": 6183.521909, "datetime": "2020-08-12 15:50:53", "delta": 25.193775}}
{"target": 13.804166666666667, "params": {"cue_position": 0.0, "beta_enc": 0.907589919685624, "gamma_cf": 1.0, "beta_rec": 0.9646527319724097, "gamma_fc": 0.0443801383982253}, "datetime": {"elapsed": 6225.610498, "datetime": "2020-08-12 15:51:35", "delta": 42.088589}}
{"target": 14.4125, "params": {"cue_position": 0.0, "beta_enc": 0.9171702800529316, "gamma_cf": 1.0, "beta_rec": 0.9519753668022463, "gamma_fc": 0.056430413783518873}, "datetime": {"elapsed": 6268.99282, "datetime": "2020-08-12 15:52:18", "delta": 43.382322}}
{"target": 14.05, "params": {"cue_position": 0.0, "beta_enc": 0.9213041923858032, "gamma_cf": 1.0, "beta_rec": 0.969461691158361, "gamma_fc": 0.04202605398829884}, "datetime": {"elapsed": 6312.006865, "datetime": "2020-08-12 15:53:01", "delta": 43.014045}}
{"target": 14.141666666666667, "params": {"cue_position": 0.0, "beta_enc": 0.9135739301727951, "gamma_cf": 1.0, "beta_rec": 0.9593746008910302, "gamma_fc": 0.015171224529106797}, "datetime": {"elapsed": 6355.048504, "datetime": "2020-08-12 15:53:44", "delta": 43.041639}}
{"target": 14.408333333333333, "params": {"cue_position": 0.0, "beta_enc": 0.9007143700627843, "gamma_cf": 1.0, "beta_rec": 0.9450746455402901, "gamma_fc": 0.10947331775098301}, "datetime": {"elapsed": 6398.658681, "datetime": "2020-08-12 15:54:28", "delta": 43.610177}}
{"target": 14.020833333333334, "params": {"cue_position": 0.0, "beta_enc": 0.9140266133817261, "gamma_cf": 1.0, "beta_rec": 0.9459234828495764, "gamma_fc": 0.050181564315886336}, "datetime": {"elapsed": 6441.723553, "datetime": "2020-08-12 15:55:11", "delta": 43.064872}}
{"target": 13.766666666666667, "params": {"cue_position": 0.0, "beta_enc": 0.9289808378134965, "gamma_cf": 1.0, "beta_rec": 0.9481796646091419, "gamma_fc": 0.223211926457372}, "datetime": {"elapsed": 6484.385899, "datetime": "2020-08-12 15:55:54", "delta": 42.662346}}
{"target": 13.870833333333334, "params": {"cue_position": 0.0, "beta_enc": 0.9041240057520215, "gamma_cf": 1.0, "beta_rec": 0.9514825460742737, "gamma_fc": 0.10240954345330422}, "datetime": {"elapsed": 6527.486126, "datetime": "2020-08-12 15:56:37", "delta": 43.100227}}
{"target": 14.2, "params": {"cue_position": 0.0, "beta_enc": 0.9443572538659625, "gamma_cf": 1.0, "beta_rec": 0.9918375309718076, "gamma_fc": 0.27803865057584465}, "datetime": {"elapsed": 6571.080485, "datetime": "2020-08-12 15:57:20", "delta": 43.594359}}
{"target": 14.095833333333333, "params": {"cue_position": 0.0, "beta_enc": 0.9396984089790733, "gamma_cf": 1.0, "beta_rec": 0.9946723904970199, "gamma_fc": 0.26906768671776937}, "datetime": {"elapsed": 6614.273353, "datetime": "2020-08-12 15:58:04", "delta": 43.192868}}
{"target": 13.9875, "params": {"cue_position": 0.0, "beta_enc": 0.9620203238488655, "gamma_cf": 1.0, "beta_rec": 0.9846164434835497, "gamma_fc": 0.2719628053215266}, "datetime": {"elapsed": 6640.942377, "datetime": "2020-08-12 15:58:30", "delta": 26.669024}}
{"target": 13.754166666666666, "params": {"cue_position": 0.0, "beta_enc": 0.9464615253058287, "gamma_cf": 1.0, "beta_rec": 0.9950743926756346, "gamma_fc": 0.27161070037178947}, "datetime": {"elapsed": 6666.024532, "datetime": "2020-08-12 15:58:55", "delta": 25.082155}}
{"target": 14.266666666666667, "params": {"cue_position": 0.0, "beta_enc": 0.9641909065987707, "gamma_cf": 1.0, "beta_rec": 0.9929285388452713, "gamma_fc": 0.2732851672199791}, "datetime": {"elapsed": 6691.727526, "datetime": "2020-08-12 15:59:21", "delta": 25.702994}}
{"target": 13.891666666666667, "params": {"cue_position": 0.0, "beta_enc": 0.9056882405801969, "gamma_cf": 1.0, "beta_rec": 0.9688441600132995, "gamma_fc": 0.22793234755222752}, "datetime": {"elapsed": 6717.119369, "datetime": "2020-08-12 15:59:46", "delta": 25.391843}}
{"target": 14.216666666666667, "params": {"cue_position": 0.0, "beta_enc": 0.9133565512399174, "gamma_cf": 1.0, "beta_rec": 0.955862759511292, "gamma_fc": 0.0011329866286020618}, "datetime": {"elapsed": 6742.734742, "datetime": "2020-08-12 16:00:12", "delta": 25.615373}}
{"target": 13.758333333333333, "params": {"cue_position": 0.0, "beta_enc": 0.9080615038635513, "gamma_cf": 1.0, "beta_rec": 0.9918245680959705, "gamma_fc": 0.23646690003796977}, "datetime": {"elapsed": 6767.844897, "datetime": "2020-08-12 16:00:37", "delta": 25.110155}}
{"target": 13.770833333333334, "params": {"cue_position": 0.0, "beta_enc": 0.9471548216263976, "gamma_cf": 1.0, "beta_rec": 0.9911671605519142, "gamma_fc": 0.2740174633393764}, "datetime": {"elapsed": 6793.129638, "datetime": "2020-08-12 16:01:03", "delta": 25.284741}}
{"target": 14.066666666666666, "params": {"cue_position": 0.0, "beta_enc": 0.9074503344762357, "gamma_cf": 1.0, "beta_rec": 0.9360769781863728, "gamma_fc": 0.011016413728145213}, "datetime": {"elapsed": 6818.763215, "datetime": "2020-08-12 16:01:28", "delta": 25.633577}}
{"target": 14.295833333333333, "params": {"cue_position": 0.0, "beta_enc": 0.9209734096001541, "gamma_cf": 1.0, "beta_rec": 0.9673345270307044, "gamma_fc": 0.029735300395888054}, "datetime": {"elapsed": 6862.357385, "datetime": "2020-08-12 16:02:12", "delta": 43.59417}}
{"target": 13.979166666666666, "params": {"cue_position": 0.0, "beta_enc": 0.9462223536696989, "gamma_cf": 1.0, "beta_rec": 0.9893905109197301, "gamma_fc": 0.2665477250513123}, "datetime": {"elapsed": 6905.517026, "datetime": "2020-08-12 16:02:55", "delta": 43.159641}}
{"target": 14.120833333333334, "params": {"cue_position": 0.0, "beta_enc": 0.9344889933265381, "gamma_cf": 1.0, "beta_rec": 0.946936033332638, "gamma_fc": 0.22601403100690154}, "datetime": {"elapsed": 6932.228562, "datetime": "2020-08-12 16:03:22", "delta": 26.711536}}
{"target": 14.020833333333334, "params": {"cue_position": 0.0, "beta_enc": 0.9145410151414742, "gamma_cf": 1.0, "beta_rec": 0.9527271712171358, "gamma_fc": 0.0534032041157273}, "datetime": {"elapsed": 6957.969308, "datetime": "2020-08-12 16:03:47", "delta": 25.740746}}
{"target": 14.179166666666667, "params": {"cue_position": 0.0, "beta_enc": 0.9076189103518058, "gamma_cf": 1.0, "beta_rec": 0.948674757462773, "gamma_fc": 0.0075197440755395695}, "datetime": {"elapsed": 6983.925758, "datetime": "2020-08-12 16:04:13", "delta": 25.95645}}
{"target": 13.566666666666666, "params": {"cue_position": 0.0, "beta_enc": 0.9091514694681021, "gamma_cf": 1.0, "beta_rec": 0.9901771616551475, "gamma_fc": 0.25608411401483666}, "datetime": {"elapsed": 7009.163274, "datetime": "2020-08-12 16:04:39", "delta": 25.237516}}
{"target": 14.291666666666666, "params": {"cue_position": 0.0, "beta_enc": 0.9273321199562446, "gamma_cf": 1.0, "beta_rec": 0.9667813622174268, "gamma_fc": 0.040603371883100925}, "datetime": {"elapsed": 7035.332125, "datetime": "2020-08-12 16:05:05", "delta": 26.168851}}
{"target": 14.425, "params": {"cue_position": 0.0, "beta_enc": 0.9121990332627798, "gamma_cf": 1.0, "beta_rec": 0.9459115743116453, "gamma_fc": 0.009531334174821104}, "datetime": {"elapsed": 7061.929017, "datetime": "2020-08-12 16:05:31", "delta": 26.596892}}
{"target": 14.245833333333334, "params": {"cue_position": 0.0, "beta_enc": 0.9174308776219817, "gamma_cf": 1.0, "beta_rec": 0.9576419258451098, "gamma_fc": 0.060558701355576124}, "datetime": {"elapsed": 7088.454817, "datetime": "2020-08-12 16:05:58", "delta": 26.5258}}
{"target": 14.1, "params": {"cue_position": 0.0, "beta_enc": 0.9124527590390501, "gamma_cf": 1.0, "beta_rec": 0.9660885348617356, "gamma_fc": 0.04863262856001671}, "datetime": {"elapsed": 7114.412194, "datetime": "2020-08-12 16:06:24", "delta": 25.957377}}
{"target": 13.995833333333334, "params": {"cue_position": 0.0, "beta_enc": 0.9422745121082213, "gamma_cf": 1.0, "beta_rec": 0.9849956558967915, "gamma_fc": 0.26696368166172446}, "datetime": {"elapsed": 7140.269146, "datetime": "2020-08-12 16:06:50", "delta": 25.856952}}
{"target": 14.170833333333333, "params": {"cue_position": 0.0, "beta_enc": 0.9219584926121778, "gamma_cf": 1.0, "beta_rec": 0.9437201839543553, "gamma_fc": 0.053975838246771546}, "datetime": {"elapsed": 7166.37858, "datetime": "2020-08-12 16:07:16", "delta": 26.109434}}
{"target": 14.208333333333334, "params": {"cue_position": 0.0, "beta_enc": 0.9211762349225121, "gamma_cf": 1.0, "beta_rec": 0.9534669428927078, "gamma_fc": 0.01877032452711569}, "datetime": {"elapsed": 7192.519605, "datetime": "2020-08-12 16:07:42", "delta": 26.141025}}
{"target": 13.75, "params": {"cue_position": 0.0, "beta_enc": 0.9016719824589705, "gamma_cf": 1.0, "beta_rec": 0.9757860515347111, "gamma_fc": 0.2271123725665113}, "datetime": {"elapsed": 7218.26359, "datetime": "2020-08-12 16:08:08", "delta": 25.743985}}
{"target": 14.225, "params": {"cue_position": 0.0, "beta_enc": 0.9203353028976019, "gamma_cf": 1.0, "beta_rec": 0.9587057397694011, "gamma_fc": 0.03950195556637881}, "datetime": {"elapsed": 7244.54903, "datetime": "2020-08-12 16:08:34", "delta": 26.28544}}
{"target": 14.066666666666666, "params": {"cue_position": 0.0, "beta_enc": 0.8989398204514218, "gamma_cf": 1.0, "beta_rec": 0.939719431652261, "gamma_fc": 0.10464609241995204}, "datetime": {"elapsed": 7270.623367, "datetime": "2020-08-12 16:09:00", "delta": 26.074337}}
{"target": 14.120833333333334, "params": {"cue_position": 0.0, "beta_enc": 0.9403420236859695, "gamma_cf": 1.0, "beta_rec": 0.9880997650632087, "gamma_fc": 0.271389940605289}, "datetime": {"elapsed": 7297.117526, "datetime": "2020-08-12 16:09:26", "delta": 26.494159}}
{"target": 14.208333333333334, "params": {"cue_position": 0.0, "beta_enc": 0.901417408797733, "gamma_cf": 1.0, "beta_rec": 0.9503456796334425, "gamma_fc": 0.1084849634750743}, "datetime": {"elapsed": 7323.668566, "datetime": "2020-08-12 16:09:53", "delta": 26.55104}}
{"target": 14.454166666666667, "params": {"cue_position": 0.0, "beta_enc": 0.9439359126824777, "gamma_cf": 1.0, "beta_rec": 0.9945858500792292, "gamma_fc": 0.2623649887916013}, "datetime": {"elapsed": 7350.621492, "datetime": "2020-08-12 16:10:20", "delta": 26.952926}}
{"target": 14.258333333333333, "params": {"cue_position": 0.0, "beta_enc": 0.9170622057519762, "gamma_cf": 1.0, "beta_rec": 0.9457943230965614, "gamma_fc": 0.05514941828377468}, "datetime": {"elapsed": 7377.389132, "datetime": "2020-08-12 16:10:47", "delta": 26.76764}}
{"target": 13.954166666666667, "params": {"cue_position": 0.0, "beta_enc": 0.9456270269512307, "gamma_cf": 1.0, "beta_rec": 0.9943158521428719, "gamma_fc": 0.2809666895471724}, "datetime": {"elapsed": 7403.724899, "datetime": "2020-08-12 16:11:13", "delta": 26.335767}}
{"target": 13.854166666666666, "params": {"cue_position": 0.0, "beta_enc": 0.911443485689846, "gamma_cf": 1.0, "beta_rec": 0.9738160394326779, "gamma_fc": 0.043506889873497046}, "datetime": {"elapsed": 7429.902751, "datetime": "2020-08-12 16:11:39", "delta": 26.177852}}
{"target": 14.291666666666666, "params": {"cue_position": 0.0, "beta_enc": 0.9193209596816553, "gamma_cf": 1.0, "beta_rec": 0.9615991193396242, "gamma_fc": 0.03223270936142664}, "datetime": {"elapsed": 7456.837539, "datetime": "2020-08-12 16:12:06", "delta": 26.934788}}
{"target": 14.2125, "params": {"cue_position": 0.0, "beta_enc": 0.904523555274879, "gamma_cf": 1.0, "beta_rec": 0.954706898810321, "gamma_fc": 0.00433159271895263}, "datetime": {"elapsed": 7483.590089, "datetime": "2020-08-12 16:12:33", "delta": 26.75255}}
{"target": 14.141666666666667, "params": {"cue_position": 0.0, "beta_enc": 0.9335731749265329, "gamma_cf": 1.0, "beta_rec": 0.9967195922448656, "gamma_fc": 0.2633382627764378}, "datetime": {"elapsed": 7510.269197, "datetime": "2020-08-12 16:13:00", "delta": 26.679108}}
{"target": 14.2625, "params": {"cue_position": 0.0, "beta_enc": 0.9325535816769116, "gamma_cf": 1.0, "beta_rec": 0.9891772666446915, "gamma_fc": 0.26612520700577014}, "datetime": {"elapsed": 7537.081511, "datetime": "2020-08-12 16:13:26", "delta": 26.812314}}
{"target": 13.995833333333334, "params": {"cue_position": 0.0, "beta_enc": 0.9190421220372579, "gamma_cf": 1.0, "beta_rec": 0.9480107871698292, "gamma_fc": 0.018305298484146526}, "datetime": {"elapsed": 7563.609404, "datetime": "2020-08-12 16:13:53", "delta": 26.527893}}
{"target": 14.141666666666667, "params": {"cue_position": 0.0, "beta_enc": 0.9477670168877584, "gamma_cf": 1.0, "beta_rec": 0.9945356274717476, "gamma_fc": 0.2767623415137196}, "datetime": {"elapsed": 7590.429659, "datetime": "2020-08-12 16:14:20", "delta": 26.820255}}
{"target": 14.2125, "params": {"cue_position": 0.0, "beta_enc": 0.9113209407387056, "gamma_cf": 1.0, "beta_rec": 0.9504331410226355, "gamma_fc": 0.006662614135651501}, "datetime": {"elapsed": 7617.71447, "datetime": "2020-08-12 16:14:47", "delta": 27.284811}}
{"target": 13.9875, "params": {"cue_position": 0.0, "beta_enc": 0.9052754699146456, "gamma_cf": 1.0, "beta_rec": 0.9356632765236461, "gamma_fc": 0.006519826651126899}, "datetime": {"elapsed": 7644.595341, "datetime": "2020-08-12 16:15:14", "delta": 26.880871}}
{"target": 13.954166666666667, "params": {"cue_position": 0.0, "beta_enc": 0.9159322607294769, "gamma_cf": 1.0, "beta_rec": 0.9609096158688125, "gamma_fc": 0.04154308231570214}, "datetime": {"elapsed": 7671.759475, "datetime": "2020-08-12 16:15:41", "delta": 27.164134}}
{"target": 14.120833333333334, "params": {"cue_position": 0.0, "beta_enc": 0.9060250307234676, "gamma_cf": 1.0, "beta_rec": 0.9714005343894743, "gamma_fc": 0.042279882041401325}, "datetime": {"elapsed": 7699.180622, "datetime": "2020-08-12 16:16:09", "delta": 27.421147}}
{"target": 14.2375, "params": {"cue_position": 0.0, "beta_enc": 0.9197747900595789, "gamma_cf": 1.0, "beta_rec": 0.9512662973395268, "gamma_fc": 0.051150997891278416}, "datetime": {"elapsed": 7726.655554, "datetime": "2020-08-12 16:16:36", "delta": 27.474932}}
