{"target": 9.75, "params": {"cue_position": 8.0, "beta_enc": 0.5385619815262453, "gamma_cf": 0.9308396324764995, "gamma_fc": 0.1762326790820029, "beta_rec": 0.4098835550682929}, "datetime": {"elapsed": 2045.038877, "datetime": "2020-06-14 10:17:59", "delta": 15.830758}}
{"target": 9.875, "params": {"cue_position": 8.0, "beta_enc": 0.3738695927572965, "gamma_cf": 0.549141215970926, "gamma_fc": 0.013994407544868692, "beta_rec": 0.6589012757347816}, "datetime": {"elapsed": 2060.391421, "datetime": "2020-06-14 10:18:15", "delta": 15.352544}}
{"target": 7.75, "params": {"cue_position": 8.0, "beta_enc": 0.38976281877908603, "gamma_cf": 0.2739103119398868, "gamma_fc": 0.6113827130863151, "beta_rec": 0.46232005749345184}, "datetime": {"elapsed": 2075.380178, "datetime": "2020-06-14 10:18:30", "delta": 14.988757}}
{"target": 9.625, "params": {"cue_position": 8.0, "beta_enc": 0.30724882206064363, "gamma_cf": 0.5332153093696842, "gamma_fc": 0.31888125792006794, "beta_rec": 0.9812931028793979}, "datetime": {"elapsed": 2091.076256, "datetime": "2020-06-14 10:18:45", "delta": 15.696078}}
{"target": 9.0, "params": {"cue_position": 8.0, "beta_enc": 0.5231846701492406, "gamma_cf": 0.8181211897302166, "gamma_fc": 0.012068881856792557, "beta_rec": 0.017600805126747665}, "datetime": {"elapsed": 2106.89648, "datetime": "2020-06-14 10:19:01", "delta": 15.820224}}
{"target": 10.625, "params": {"cue_position": 8.0, "beta_enc": 0.3974598533409561, "gamma_cf": 0.766698152879922, "gamma_fc": 0.10229748460855836, "beta_rec": 0.8947908257259816}, "datetime": {"elapsed": 2122.344876, "datetime": "2020-06-14 10:19:17", "delta": 15.448396}}
{"target": 7.375, "params": {"cue_position": 8.0, "beta_enc": 0.3834476176747198, "gamma_cf": 0.622226671235808, "gamma_fc": 0.626584995658, "beta_rec": 0.8528767089268529}, "datetime": {"elapsed": 2138.165126, "datetime": "2020-06-14 10:19:32", "delta": 15.82025}}
{"target": 11.25, "params": {"cue_position": 8.0, "beta_enc": 0.4336353705927707, "gamma_cf": 0.873267917818949, "gamma_fc": 0.02626350036907621, "beta_rec": 0.674503076357814}, "datetime": {"elapsed": 2154.262379, "datetime": "2020-06-14 10:19:48", "delta": 16.097253}}
{"target": 7.75, "params": {"cue_position": 8.0, "beta_enc": 0.230048920810481, "gamma_cf": 0.022795024344856363, "gamma_fc": 0.9089795741276635, "beta_rec": 0.6306801970580473}, "datetime": {"elapsed": 2169.874074, "datetime": "2020-06-14 10:20:04", "delta": 15.611695}}
{"target": 8.5, "params": {"cue_position": 8.0, "beta_enc": 0.3199735144961813, "gamma_cf": 0.2719670645973027, "gamma_fc": 0.19666793590006226, "beta_rec": 0.9577449732122827}, "datetime": {"elapsed": 2185.280111, "datetime": "2020-06-14 10:20:19", "delta": 15.406037}}
{"target": 6.75, "params": {"cue_position": 8.0, "beta_enc": 0.3189692049763932, "gamma_cf": 0.3879749873102356, "gamma_fc": 0.4146229534244901, "beta_rec": 0.6724601251234908}, "datetime": {"elapsed": 2201.597374, "datetime": "2020-06-14 10:20:36", "delta": 16.317263}}
{"target": 10.5, "params": {"cue_position": 8.0, "beta_enc": 0.44538801898819236, "gamma_cf": 0.883806228176295, "gamma_fc": 0.016434801327271042, "beta_rec": 0.6640407402454406}, "datetime": {"elapsed": 2218.220751, "datetime": "2020-06-14 10:20:52", "delta": 16.623377}}
{"target": 8.0, "params": {"cue_position": 8.0, "beta_enc": 0.45820356216824687, "gamma_cf": 0.243757816206565, "gamma_fc": 0.23778009931721533, "beta_rec": 0.8602210177663233}, "datetime": {"elapsed": 2234.487693, "datetime": "2020-06-14 10:21:09", "delta": 16.266942}}
{"target": 7.625, "params": {"cue_position": 8.0, "beta_enc": 0.6131642819845988, "gamma_cf": 0.893165752881258, "gamma_fc": 0.43229994651230697, "beta_rec": 0.9921813961232743}, "datetime": {"elapsed": 2250.740951, "datetime": "2020-06-14 10:21:25", "delta": 16.253258}}
{"target": 9.375, "params": {"cue_position": 8.0, "beta_enc": 0.602809335437349, "gamma_cf": 0.4454610714829995, "gamma_fc": 0.820722349867012, "beta_rec": 0.013723031275373998}, "datetime": {"elapsed": 2267.193514, "datetime": "2020-06-14 10:21:41", "delta": 16.452563}}
{"target": 8.875, "params": {"cue_position": 8.0, "beta_enc": 0.2512946537785977, "gamma_cf": 0.0836206663301883, "gamma_fc": 0.8674758854829397, "beta_rec": 0.29638677526575125}, "datetime": {"elapsed": 2283.635956, "datetime": "2020-06-14 10:21:58", "delta": 16.442442}}
{"target": 12.375, "params": {"cue_position": 8.0, "beta_enc": 0.4310677510810299, "gamma_cf": 0.8796332882360668, "gamma_fc": 0.006370245789118045, "beta_rec": 0.684166103245504}, "datetime": {"elapsed": 2300.181136, "datetime": "2020-06-14 10:22:14", "delta": 16.54518}}
{"target": 9.25, "params": {"cue_position": 8.0, "beta_enc": 0.2861214639103271, "gamma_cf": 0.9243792061943527, "gamma_fc": 0.17241128290609853, "beta_rec": 0.9155505865809901}, "datetime": {"elapsed": 2316.182675, "datetime": "2020-06-14 10:22:30", "delta": 16.001539}}
{"target": 8.75, "params": {"cue_position": 8.0, "beta_enc": 0.34154096136828727, "gamma_cf": 0.4704858282195178, "gamma_fc": 0.12289579458032796, "beta_rec": 0.515325277915628}, "datetime": {"elapsed": 2333.000585, "datetime": "2020-06-14 10:22:47", "delta": 16.81791}}
{"target": 8.625, "params": {"cue_position": 8.0, "beta_enc": 0.9317740340266901, "gamma_cf": 0.08076801969930347, "gamma_fc": 0.8183035804570346, "beta_rec": 0.906141634816557}, "datetime": {"elapsed": 2349.338032, "datetime": "2020-06-14 10:23:03", "delta": 16.337447}}
{"target": 10.625, "params": {"cue_position": 8.0, "beta_enc": 0.6051747873769514, "gamma_cf": 0.8989541949894279, "gamma_fc": 0.4241177565654657, "beta_rec": 0.9673030524278156}, "datetime": {"elapsed": 2366.010235, "datetime": "2020-06-14 10:23:20", "delta": 16.672203}}
{"target": 10.625, "params": {"cue_position": 8.0, "beta_enc": 0.4137842263193301, "gamma_cf": 0.7634083410639904, "gamma_fc": 0.10963010722517885, "beta_rec": 0.9042553653477691}, "datetime": {"elapsed": 2381.875295, "datetime": "2020-06-14 10:23:36", "delta": 15.86506}}
{"target": 9.5, "params": {"cue_position": 8.0, "beta_enc": 0.38071749808186695, "gamma_cf": 0.857817780121401, "gamma_fc": 0.26135112709909747, "beta_rec": 0.7565089866585598}, "datetime": {"elapsed": 2397.860691, "datetime": "2020-06-14 10:23:52", "delta": 15.985396}}
{"target": 8.75, "params": {"cue_position": 8.0, "beta_enc": 0.20038561671492172, "gamma_cf": 0.7404046267586051, "gamma_fc": 0.11601525198514195, "beta_rec": 0.4632160105639783}, "datetime": {"elapsed": 2413.658389, "datetime": "2020-06-14 10:24:08", "delta": 15.797698}}
{"target": 9.875, "params": {"cue_position": 8.0, "beta_enc": 0.4921293516415242, "gamma_cf": 0.9099577894471352, "gamma_fc": 0.3057586580390984, "beta_rec": 0.6371305642510767}, "datetime": {"elapsed": 2429.649276, "datetime": "2020-06-14 10:24:24", "delta": 15.990887}}
{"target": 10.0, "params": {"cue_position": 8.0, "beta_enc": 0.4288074531407752, "gamma_cf": 0.4837028432007323, "gamma_fc": 0.1269924589845597, "beta_rec": 0.9347460380191954}, "datetime": {"elapsed": 2445.027572, "datetime": "2020-06-14 10:24:39", "delta": 15.378296}}
{"target": 8.75, "params": {"cue_position": 8.0, "beta_enc": 0.1893849408284586, "gamma_cf": 0.44540238957908324, "gamma_fc": 0.6943320637278931, "beta_rec": 0.012743265369456504}, "datetime": {"elapsed": 2460.985189, "datetime": "2020-06-14 10:24:55", "delta": 15.957617}}
{"target": 9.75, "params": {"cue_position": 8.0, "beta_enc": 0.5453704344885976, "gamma_cf": 0.924157625235289, "gamma_fc": 0.18065485435704554, "beta_rec": 0.42122611553402756}, "datetime": {"elapsed": 2477.291382, "datetime": "2020-06-14 10:25:11", "delta": 16.306193}}
{"target": 9.125, "params": {"cue_position": 8.0, "beta_enc": 0.4015043901358212, "gamma_cf": 0.7811613809367214, "gamma_fc": 0.14131838058090895, "beta_rec": 0.9065228555398787}, "datetime": {"elapsed": 2493.539507, "datetime": "2020-06-14 10:25:28", "delta": 16.248125}}
{"target": 10.625, "params": {"cue_position": 8.0, "beta_enc": 0.3807552121179286, "gamma_cf": 0.5404757013974354, "gamma_fc": 0.017995214187639608, "beta_rec": 0.6598513762403266}, "datetime": {"elapsed": 2509.593836, "datetime": "2020-06-14 10:25:44", "delta": 16.054329}}
{"target": 9.25, "params": {"cue_position": 8.0, "beta_enc": 0.3508605147669537, "gamma_cf": 0.8739323956401257, "gamma_fc": 0.36704004938312984, "beta_rec": 0.7790685634202524}, "datetime": {"elapsed": 2526.254862, "datetime": "2020-06-14 10:26:00", "delta": 16.661026}}
{"target": 10.75, "params": {"cue_position": 8.0, "beta_enc": 0.38911196142993487, "gamma_cf": 0.7702098554800484, "gamma_fc": 0.11915880313219873, "beta_rec": 0.8958566256093039}, "datetime": {"elapsed": 2543.029565, "datetime": "2020-06-14 10:26:17", "delta": 16.774703}}
{"target": 8.875, "params": {"cue_position": 8.0, "beta_enc": 0.04371597724323062, "gamma_cf": 0.44589047455805575, "gamma_fc": 0.3734485509260361, "beta_rec": 0.08749369386007}, "datetime": {"elapsed": 2560.236861, "datetime": "2020-06-14 10:26:34", "delta": 17.207296}}
{"target": 11.125, "params": {"cue_position": 8.0, "beta_enc": 0.43040423470342193, "gamma_cf": 0.8766224759724431, "gamma_fc": 0.024756348973473674, "beta_rec": 0.7023273769391177}, "datetime": {"elapsed": 2572.308023, "datetime": "2020-06-14 10:26:46", "delta": 12.071162}}
{"target": 8.625, "params": {"cue_position": 8.0, "beta_enc": 0.6838998493200468, "gamma_cf": 0.4590312977946419, "gamma_fc": 0.33531186152106907, "beta_rec": 0.5227978703421555}, "datetime": {"elapsed": 2584.587156, "datetime": "2020-06-14 10:26:59", "delta": 12.279133}}
{"target": 10.25, "params": {"cue_position": 8.0, "beta_enc": 0.36501094515336385, "gamma_cf": 0.5435156585219169, "gamma_fc": 0.019750044917706044, "beta_rec": 0.6651073315580169}, "datetime": {"elapsed": 2597.029406, "datetime": "2020-06-14 10:27:11", "delta": 12.44225}}
{"target": 10.0, "params": {"cue_position": 8.0, "beta_enc": 0.4437103784497085, "gamma_cf": 0.8717857458750491, "gamma_fc": 0.027142505886235235, "beta_rec": 0.6868439319156404}, "datetime": {"elapsed": 2609.314509, "datetime": "2020-06-14 10:27:23", "delta": 12.285103}}
{"target": 11.0, "params": {"cue_position": 8.0, "beta_enc": 0.417206482704366, "gamma_cf": 0.8652323385602558, "gamma_fc": 0.040425159215559336, "beta_rec": 0.6832842820627353}, "datetime": {"elapsed": 2622.276175, "datetime": "2020-06-14 10:27:36", "delta": 12.961666}}
{"target": 7.5, "params": {"cue_position": 8.0, "beta_enc": 0.21748249590553537, "gamma_cf": 0.6252523415857841, "gamma_fc": 0.7157652269435916, "beta_rec": 0.8356696945824182}, "datetime": {"elapsed": 2636.201446, "datetime": "2020-06-14 10:27:50", "delta": 13.925271}}
{"target": 9.375, "params": {"cue_position": 8.0, "beta_enc": 0.5370256964264696, "gamma_cf": 0.8675068020544516, "gamma_fc": 0.258203537207239, "beta_rec": 0.879375022774984}, "datetime": {"elapsed": 2650.069067, "datetime": "2020-06-14 10:28:04", "delta": 13.867621}}
{"target": 10.0, "params": {"cue_position": 8.0, "beta_enc": 0.4283831541593084, "gamma_cf": 0.8650855235841375, "gamma_fc": 0.054780060808327535, "beta_rec": 0.6890693897617786}, "datetime": {"elapsed": 2664.77238, "datetime": "2020-06-14 10:28:19", "delta": 14.703313}}
{"target": 8.875, "params": {"cue_position": 8.0, "beta_enc": 0.06888676646015668, "gamma_cf": 0.9884732730939245, "gamma_fc": 0.18370665765172667, "beta_rec": 0.38954845711885633}, "datetime": {"elapsed": 2679.996322, "datetime": "2020-06-14 10:28:34", "delta": 15.223942}}
{"target": 8.875, "params": {"cue_position": 8.0, "beta_enc": 0.30943954734758894, "gamma_cf": 0.5305401279567619, "gamma_fc": 0.3110398584892764, "beta_rec": 0.983881107838869}, "datetime": {"elapsed": 2696.000517, "datetime": "2020-06-14 10:28:50", "delta": 16.004195}}
{"target": 8.75, "params": {"cue_position": 8.0, "beta_enc": 0.40592003096244755, "gamma_cf": 0.14380760600015663, "gamma_fc": 0.9713126042489474, "beta_rec": 0.478480221431241}, "datetime": {"elapsed": 2712.168641, "datetime": "2020-06-14 10:29:06", "delta": 16.168124}}
{"target": 7.375, "params": {"cue_position": 8.0, "beta_enc": 0.43779315007868413, "gamma_cf": 0.2027572242011283, "gamma_fc": 0.6831112186063375, "beta_rec": 0.08966958743097442}, "datetime": {"elapsed": 2728.69735, "datetime": "2020-06-14 10:29:23", "delta": 16.528709}}
{"target": 7.5, "params": {"cue_position": 8.0, "beta_enc": 0.39867335933011083, "gamma_cf": 0.7878258270255925, "gamma_fc": 0.48708275607191287, "beta_rec": 0.4698022922020697}, "datetime": {"elapsed": 2744.407426, "datetime": "2020-06-14 10:29:39", "delta": 15.710076}}
{"target": 10.625, "params": {"cue_position": 8.0, "beta_enc": 0.5419408810073213, "gamma_cf": 0.8843620031762818, "gamma_fc": 0.24697768773538198, "beta_rec": 0.9000015458290997}, "datetime": {"elapsed": 2760.606418, "datetime": "2020-06-14 10:29:55", "delta": 16.198992}}
{"target": 7.75, "params": {"cue_position": 8.0, "beta_enc": 0.09948244206263768, "gamma_cf": 0.7085020526819663, "gamma_fc": 0.7773558788560877, "beta_rec": 0.6360456279522995}, "datetime": {"elapsed": 2777.055569, "datetime": "2020-06-14 10:30:11", "delta": 16.449151}}
{"target": 7.0, "params": {"cue_position": 8.0, "beta_enc": 0.3868095475055401, "gamma_cf": 0.28553117884405643, "gamma_fc": 0.6181550712134316, "beta_rec": 0.44568272004531606}, "datetime": {"elapsed": 2793.45682, "datetime": "2020-06-14 10:30:28", "delta": 16.401251}}
{"target": 9.125, "params": {"cue_position": 8.0, "beta_enc": 0.41157181059199854, "gamma_cf": 0.7793330983582966, "gamma_fc": 0.13211944507192586, "beta_rec": 0.9009997255301571}, "datetime": {"elapsed": 2809.123454, "datetime": "2020-06-14 10:30:43", "delta": 15.666634}}
{"target": 10.75, "params": {"cue_position": 8.0, "beta_enc": 0.6122052491523364, "gamma_cf": 0.9328264135928407, "gamma_fc": 0.3228566483575218, "beta_rec": 0.9592038637947613}, "datetime": {"elapsed": 2825.649442, "datetime": "2020-06-14 10:31:00", "delta": 16.525988}}
{"target": 10.125, "params": {"cue_position": 8.0, "beta_enc": 0.29705343664349215, "gamma_cf": 0.9141077198051885, "gamma_fc": 0.1696764529057101, "beta_rec": 0.9094169544309376}, "datetime": {"elapsed": 2842.706348, "datetime": "2020-06-14 10:31:17", "delta": 17.056906}}
{"target": 9.125, "params": {"cue_position": 8.0, "beta_enc": 0.22242860657223273, "gamma_cf": 0.8426738391735585, "gamma_fc": 0.9836095949563689, "beta_rec": 0.41644882432745267}, "datetime": {"elapsed": 2859.026804, "datetime": "2020-06-14 10:31:33", "delta": 16.320456}}
{"target": 7.625, "params": {"cue_position": 8.0, "beta_enc": 0.026274112401141303, "gamma_cf": 0.1060150063631321, "gamma_fc": 0.22766450239740144, "beta_rec": 0.14569431709738545}, "datetime": {"elapsed": 2875.560615, "datetime": "2020-06-14 10:31:50", "delta": 16.533811}}
{"target": 8.25, "params": {"cue_position": 8.0, "beta_enc": 0.4975181209183521, "gamma_cf": 0.9174891952666211, "gamma_fc": 0.3087002257577841, "beta_rec": 0.6394345306955941}, "datetime": {"elapsed": 2892.363372, "datetime": "2020-06-14 10:32:07", "delta": 16.802757}}
{"target": 8.375, "params": {"cue_position": 8.0, "beta_enc": 0.6049788290524098, "gamma_cf": 0.8977662458275815, "gamma_fc": 0.4374460472927878, "beta_rec": 0.9754806098262481}, "datetime": {"elapsed": 2908.737624, "datetime": "2020-06-14 10:32:23", "delta": 16.374252}}
{"target": 10.625, "params": {"cue_position": 8.0, "beta_enc": 0.4243300873506577, "gamma_cf": 0.7731011647666782, "gamma_fc": 0.10646584612666454, "beta_rec": 0.9022383143990316}, "datetime": {"elapsed": 2925.88401, "datetime": "2020-06-14 10:32:40", "delta": 17.146386}}
{"target": 9.5, "params": {"cue_position": 8.0, "beta_enc": 0.2733223154807405, "gamma_cf": 0.6219333117339164, "gamma_fc": 0.12424713955617561, "beta_rec": 0.8101276452150762}, "datetime": {"elapsed": 2942.89437, "datetime": "2020-06-14 10:32:57", "delta": 17.01036}}
{"target": 10.0, "params": {"cue_position": 8.0, "beta_enc": 0.4486794756948699, "gamma_cf": 0.8818975316840906, "gamma_fc": 0.030350162835889094, "beta_rec": 0.6797173909184341}, "datetime": {"elapsed": 2959.850276, "datetime": "2020-06-14 10:33:14", "delta": 16.955906}}
{"target": 6.75, "params": {"cue_position": 8.0, "beta_enc": 0.11673177236457888, "gamma_cf": 0.6998230168884723, "gamma_fc": 0.7575080412849997, "beta_rec": 0.6466336326956165}, "datetime": {"elapsed": 2977.132164, "datetime": "2020-06-14 10:33:31", "delta": 17.281888}}
{"target": 10.75, "params": {"cue_position": 8.0, "beta_enc": 0.3736459687539774, "gamma_cf": 0.5394745120964098, "gamma_fc": 0.010320538196442963, "beta_rec": 0.6589291245724939}, "datetime": {"elapsed": 2994.362495, "datetime": "2020-06-14 10:33:49", "delta": 17.230331}}
{"target": 10.0, "params": {"cue_position": 8.0, "beta_enc": 0.8607590420435689, "gamma_cf": 0.851563398910898, "gamma_fc": 0.0998271855171654, "beta_rec": 0.9658590065677727}, "datetime": {"elapsed": 3012.118284, "datetime": "2020-06-14 10:34:06", "delta": 17.755789}}
{"target": 7.875, "params": {"cue_position": 8.0, "beta_enc": 0.5485693849864418, "gamma_cf": 0.8711396848054491, "gamma_fc": 0.23561680293490217, "beta_rec": 0.8912163792458649}, "datetime": {"elapsed": 3029.9898, "datetime": "2020-06-14 10:34:24", "delta": 17.871516}}
{"target": 8.375, "params": {"cue_position": 8.0, "beta_enc": 0.42922826903110134, "gamma_cf": 0.4823503283161018, "gamma_fc": 0.12075207292092272, "beta_rec": 0.9322132924644521}, "datetime": {"elapsed": 3046.781121, "datetime": "2020-06-14 10:34:41", "delta": 16.791321}}
{"target": 9.25, "params": {"cue_position": 8.0, "beta_enc": 0.6130818548235162, "gamma_cf": 0.9471070500336531, "gamma_fc": 0.31197171939882273, "beta_rec": 0.965311415850918}, "datetime": {"elapsed": 3064.81767, "datetime": "2020-06-14 10:34:59", "delta": 18.036549}}
{"target": 9.25, "params": {"cue_position": 8.0, "beta_enc": 0.3734747776315891, "gamma_cf": 0.5350137897702355, "gamma_fc": 0.017013391386896504, "beta_rec": 0.6645772079526028}, "datetime": {"elapsed": 3082.699693, "datetime": "2020-06-14 10:35:17", "delta": 17.882023}}
{"target": 7.875, "params": {"cue_position": 8.0, "beta_enc": 0.1027793747422231, "gamma_cf": 0.6869357437283705, "gamma_fc": 0.7693012458614508, "beta_rec": 0.6509036764485413}, "datetime": {"elapsed": 3100.848675, "datetime": "2020-06-14 10:35:35", "delta": 18.148982}}
{"target": 7.625, "params": {"cue_position": 8.0, "beta_enc": 0.5406145246801021, "gamma_cf": 0.8644621399551817, "gamma_fc": 0.25064570115188767, "beta_rec": 0.9075817916701485}, "datetime": {"elapsed": 3118.126598, "datetime": "2020-06-14 10:35:52", "delta": 17.277923}}
{"target": 10.875, "params": {"cue_position": 8.0, "beta_enc": 0.4596936586176127, "gamma_cf": 0.8870489787859395, "gamma_fc": 0.012079742834096963, "beta_rec": 0.6664031841008458}, "datetime": {"elapsed": 3136.036164, "datetime": "2020-06-14 10:36:10", "delta": 17.909566}}
{"target": 7.25, "params": {"cue_position": 8.0, "beta_enc": 0.17521338659740962, "gamma_cf": 0.4883733913520752, "gamma_fc": 0.8237292960505069, "beta_rec": 0.3280702185034006}, "datetime": {"elapsed": 3154.366264, "datetime": "2020-06-14 10:36:29", "delta": 18.3301}}
{"target": 11.5, "params": {"cue_position": 8.0, "beta_enc": 0.3823489798559365, "gamma_cf": 0.7752234252842235, "gamma_fc": 0.1279295878166915, "beta_rec": 0.908587007143586}, "datetime": {"elapsed": 3173.14403, "datetime": "2020-06-14 10:36:47", "delta": 18.777766}}
{"target": 11.75, "params": {"cue_position": 8.0, "beta_enc": 0.4475022986865197, "gamma_cf": 0.8816100014136268, "gamma_fc": 0.008498522754444404, "beta_rec": 0.6826119977503292}, "datetime": {"elapsed": 3191.397803, "datetime": "2020-06-14 10:37:06", "delta": 18.253773}}
{"target": 8.75, "params": {"cue_position": 8.0, "beta_enc": 0.45720613621956996, "gamma_cf": 0.6944758777202786, "gamma_fc": 0.6778812884412755, "beta_rec": 0.5759862205326075}, "datetime": {"elapsed": 3209.39267, "datetime": "2020-06-14 10:37:24", "delta": 17.994867}}
{"target": 10.625, "params": {"cue_position": 8.0, "beta_enc": 0.36933912043328576, "gamma_cf": 0.7730453360044658, "gamma_fc": 0.13338957454357814, "beta_rec": 0.9125261647741362}, "datetime": {"elapsed": 3227.198327, "datetime": "2020-06-14 10:37:41", "delta": 17.805657}}
{"target": 11.375, "params": {"cue_position": 8.0, "beta_enc": 0.43935256538631884, "gamma_cf": 0.8766246730134434, "gamma_fc": 0.014684747538879273, "beta_rec": 0.6929453135795456}, "datetime": {"elapsed": 3245.470854, "datetime": "2020-06-14 10:38:00", "delta": 18.272527}}
{"target": 8.75, "params": {"cue_position": 8.0, "beta_enc": 0.37817628189616537, "gamma_cf": 0.775021652178196, "gamma_fc": 0.11166448959360387, "beta_rec": 0.9095073413580896}, "datetime": {"elapsed": 3263.606509, "datetime": "2020-06-14 10:38:18", "delta": 18.135655}}
{"target": 10.375, "params": {"cue_position": 8.0, "beta_enc": 0.2866486047598492, "gamma_cf": 0.48545814684026967, "gamma_fc": 0.2611209304731026, "beta_rec": 0.9315614225845632}, "datetime": {"elapsed": 3281.941058, "datetime": "2020-06-14 10:38:36", "delta": 18.334549}}
{"target": 10.625, "params": {"cue_position": 8.0, "beta_enc": 0.42039649809148394, "gamma_cf": 0.8702149211838989, "gamma_fc": 0.016828642343213684, "beta_rec": 0.7043479009749002}, "datetime": {"elapsed": 3300.431, "datetime": "2020-06-14 10:38:55", "delta": 18.489942}}
{"target": 9.875, "params": {"cue_position": 8.0, "beta_enc": 0.3075457541157617, "gamma_cf": 0.5376044551087187, "gamma_fc": 0.31286153663941985, "beta_rec": 0.9746642769213673}, "datetime": {"elapsed": 3318.886389, "datetime": "2020-06-14 10:39:13", "delta": 18.455389}}
{"target": 9.25, "params": {"cue_position": 8.0, "beta_enc": 0.4102366360858547, "gamma_cf": 0.7776679505188114, "gamma_fc": 0.11102971172709408, "beta_rec": 0.8912869738244711}, "datetime": {"elapsed": 3337.362147, "datetime": "2020-06-14 10:39:32", "delta": 18.475758}}
