{"target": 5.211111111111111, "params": {"gamma_fc": 0.00011437481734488664, "primacy": 0.2, "beta_rec": 0.7203244934421581, "beta_enc": 0.417022004702574}, "datetime": {"delta": 0.0, "elapsed": 0.0, "datetime": "2020-10-06 21:00:01"}}
{"target": 6.041333333333333, "params": {"gamma_fc": 0.1862602113776709, "primacy": 0.2, "beta_rec": 0.0923385947687978, "beta_enc": 0.14675589081711304}, "datetime": {"delta": 42.117567, "elapsed": 42.117567, "datetime": "2020-10-06 21:00:44"}}
{"target": 5.630222222222223, "params": {"gamma_fc": 0.4191945144032948, "primacy": 0.2, "beta_rec": 0.538816734003357, "beta_enc": 0.39676747423066994}, "datetime": {"delta": 58.824916, "elapsed": 100.942483, "datetime": "2020-10-06 21:01:42"}}
{"target": 5.7764444444444445, "params": {"gamma_fc": 0.027387593197926163, "primacy": 0.2, "beta_rec": 0.8781174363909454, "beta_enc": 0.20445224973151743}, "datetime": {"delta": 59.813978, "elapsed": 160.756461, "datetime": "2020-10-06 21:02:42"}}
{"target": 5.4286666666666665, "params": {"gamma_fc": 0.14038693859523377, "primacy": 0.2, "beta_rec": 0.5586898284457517, "beta_enc": 0.41730480236712697}, "datetime": {"delta": 57.263938, "elapsed": 218.020399, "datetime": "2020-10-06 21:03:40"}}
{"target": 4.966222222222222, "params": {"gamma_fc": 0.31342417815924284, "primacy": 0.2, "beta_rec": 0.9682615757193975, "beta_enc": 0.8007445686755367}, "datetime": {"delta": 54.595395, "elapsed": 272.615794, "datetime": "2020-10-06 21:04:34"}}
{"target": 5.133111111111111, "params": {"gamma_fc": 0.08504421136977791, "primacy": 0.2, "beta_rec": 0.8946066635038473, "beta_enc": 0.8763891522960383}, "datetime": {"delta": 55.326761, "elapsed": 327.942555, "datetime": "2020-10-06 21:05:29"}}
{"target": 5.993999999999999, "params": {"gamma_fc": 0.0983468338330501, "primacy": 0.2, "beta_rec": 0.8781425034294131, "beta_enc": 0.1698304195645689}, "datetime": {"delta": 61.036186, "elapsed": 388.978741, "datetime": "2020-10-06 21:06:30"}}
{"target": 2.5428888888888883, "params": {"gamma_fc": 0.6918771139504734, "primacy": 0.2, "beta_rec": 0.5331652849730171, "beta_enc": 0.9578895301505019}, "datetime": {"delta": 40.401876, "elapsed": 429.380617, "datetime": "2020-10-06 21:07:11"}}
{"target": 5.0891111111111105, "params": {"gamma_fc": 0.018288277344191806, "primacy": 0.2, "beta_rec": 0.8346256718973729, "beta_enc": 0.6865009276815837}, "datetime": {"delta": 54.863677, "elapsed": 484.244294, "datetime": "2020-10-06 21:08:06"}}
{"target": 3.2955555555555565, "params": {"gamma_fc": 0.2804439920644052, "primacy": 0.2, "beta_rec": 0.7481656543798394, "beta_enc": 0.9888610889064947}, "datetime": {"delta": 44.962057, "elapsed": 529.206351, "datetime": "2020-10-06 21:08:51"}}
{"target": 6.014888888888889, "params": {"gamma_fc": 0.9085955030930956, "primacy": 0.2, "beta_rec": 0.44789352617590517, "beta_enc": 0.10322600657764203}, "datetime": {"delta": 53.721174, "elapsed": 582.927525, "datetime": "2020-10-06 21:09:44"}}
{"target": 5.753555555555556, "params": {"gamma_fc": 0.019366957870297075, "primacy": 0.2, "beta_rec": 0.13002857211827767, "beta_enc": 0.28777533858634874}, "datetime": {"delta": 32.823273, "elapsed": 615.750798, "datetime": "2020-10-06 21:10:17"}}
{"target": 6.001555555555556, "params": {"gamma_fc": 0.4915731592803383, "primacy": 0.2, "beta_rec": 0.2655466593722262, "beta_enc": 0.21162811600005904}, "datetime": {"delta": 51.242025, "elapsed": 666.992823, "datetime": "2020-10-06 21:11:08"}}
{"target": 4.632222222222222, "params": {"gamma_fc": 0.5893055369032842, "primacy": 0.2, "beta_rec": 0.14672857490581015, "beta_enc": 0.5741176054920131}, "datetime": {"delta": 53.17547, "elapsed": 720.168293, "datetime": "2020-10-06 21:12:02"}}
{"target": 6.074888888888889, "params": {"gamma_fc": 0.6944001577277451, "primacy": 0.2, "beta_rec": 0.4140559878195683, "beta_enc": 0.10233442882782584}, "datetime": {"delta": 61.562225, "elapsed": 781.730518, "datetime": "2020-10-06 21:13:03"}}
{"target": 6.081111111111111, "params": {"gamma_fc": 0.6637946452197888, "primacy": 0.2, "beta_rec": 0.5358964059155116, "beta_enc": 0.04995345894608716}, "datetime": {"delta": 61.602033, "elapsed": 843.332551, "datetime": "2020-10-06 21:14:05"}}
{"target": 2.3337777777777777, "params": {"gamma_fc": 0.9034019152878835, "primacy": 0.2, "beta_rec": 0.5865550405019929, "beta_enc": 0.9445947559908133}, "datetime": {"delta": 39.366284, "elapsed": 882.698835, "datetime": "2020-10-06 21:14:44"}}
{"target": 6.078666666666666, "params": {"gamma_fc": 0.3976768369855336, "primacy": 0.2, "beta_rec": 0.8073912887095238, "beta_enc": 0.13927634725075855}, "datetime": {"delta": 61.165056, "elapsed": 943.863891, "datetime": "2020-10-06 21:15:45"}}
{"target": 2.6824444444444446, "params": {"gamma_fc": 0.7508121031361555, "primacy": 0.2, "beta_rec": 0.34776585974550656, "beta_enc": 0.9275085803960339}, "datetime": {"delta": 41.409051, "elapsed": 985.272942, "datetime": "2020-10-06 21:16:27"}}
{"target": 2.9424444444444444, "params": {"gamma_fc": 0.7509424340273372, "primacy": 0.2, "beta_rec": 0.6236722070556089, "beta_enc": 0.8833060912058098}, "datetime": {"delta": 42.571679, "elapsed": 1027.844621, "datetime": "2020-10-06 21:17:09"}}
{"target": 5.967555555555555, "params": {"gamma_fc": 0.4280911898712949, "primacy": 0.2, "beta_rec": 0.8958862181960668, "beta_enc": 0.2699278917650261}, "datetime": {"delta": 60.012295, "elapsed": 1087.856916, "datetime": "2020-10-06 21:18:09"}}
{"target": 4.737333333333334, "params": {"gamma_fc": 0.11474597295337519, "primacy": 0.2, "beta_rec": 0.6216957202091218, "beta_enc": 0.6634414978184481}, "datetime": {"delta": 46.714124, "elapsed": 1134.57104, "datetime": "2020-10-06 21:18:56"}}
{"target": 5.478444444444444, "params": {"gamma_fc": 0.40813680276128117, "primacy": 0.2, "beta_rec": 0.5783896143871318, "beta_enc": 0.4499121334799405}, "datetime": {"delta": 46.29057, "elapsed": 1180.86161, "datetime": "2020-10-06 21:19:42"}}
{"target": 3.763333333333333, "params": {"gamma_fc": 0.00287032703115897, "primacy": 0.2, "beta_rec": 0.5736794866722859, "beta_enc": 0.9033795205622538}, "datetime": {"delta": 47.466137, "elapsed": 1228.327747, "datetime": "2020-10-06 21:20:30"}}
{"target": 5.884888888888889, "params": {"gamma_fc": 0.8859420993107745, "primacy": 0.2, "beta_rec": 0.5270581022576093, "beta_enc": 0.32664490177209615}, "datetime": {"delta": 60.155951, "elapsed": 1288.483698, "datetime": "2020-10-06 21:21:30"}}
{"target": 3.8257777777777777, "params": {"gamma_fc": 0.015821242846556283, "primacy": 0.2, "beta_rec": 0.6233601157918027, "beta_enc": 0.9085351509197992}, "datetime": {"delta": 47.914951, "elapsed": 1336.398649, "datetime": "2020-10-06 21:22:18"}}
{"target": 5.473111111111111, "params": {"gamma_fc": 0.17234050834532855, "primacy": 0.2, "beta_rec": 0.9973228504514805, "beta_enc": 0.690896917516924}, "datetime": {"delta": 57.835284, "elapsed": 1394.233933, "datetime": "2020-10-06 21:23:16"}}
{"target": 3.814, "params": {"gamma_fc": 0.06600017272206249, "primacy": 0.2, "beta_rec": 0.6968181614899002, "beta_enc": 0.9325954630371636}, "datetime": {"delta": 48.16554, "elapsed": 1442.399473, "datetime": "2020-10-06 21:24:04"}}
{"target": 4.107111111111111, "params": {"gamma_fc": 0.7115247586284718, "primacy": 0.2, "beta_rec": 0.9230245355464833, "beta_enc": 0.7538761884612464}, "datetime": {"delta": 49.456647, "elapsed": 1491.85612, "datetime": "2020-10-06 21:24:53"}}
{"target": 6.0520000000000005, "params": {"gamma_fc": 0.028306488020794607, "primacy": 0.2, "beta_rec": 0.026210986877719278, "beta_enc": 0.01988013383979559}, "datetime": {"delta": 46.122152, "elapsed": 1537.978272, "datetime": "2020-10-06 21:25:39"}}
{"target": 3.2615555555555558, "params": {"gamma_fc": 0.5528219786857659, "primacy": 0.2, "beta_rec": 0.5388310643416528, "beta_enc": 0.860027948682888}, "datetime": {"delta": 45.020358, "elapsed": 1582.99863, "datetime": "2020-10-06 21:26:24"}}
{"target": 6.023333333333333, "params": {"gamma_fc": 0.5857592714582879, "primacy": 0.2, "beta_rec": 0.2791836790111395, "beta_enc": 0.12417331511991114}, "datetime": {"delta": 61.312744, "elapsed": 1644.311374, "datetime": "2020-10-06 21:27:26"}}
{"target": 4.58, "params": {"gamma_fc": 0.8006326726806163, "primacy": 0.2, "beta_rec": 0.01864728937294302, "beta_enc": 0.56103021925571}, "datetime": {"delta": 53.054303, "elapsed": 1697.365677, "datetime": "2020-10-06 21:28:19"}}
{"target": 3.3562222222222227, "params": {"gamma_fc": 0.8635418545594287, "primacy": 0.2, "beta_rec": 0.38786064406417176, "beta_enc": 0.8071051956187791}, "datetime": {"delta": 43.933869, "elapsed": 1741.299546, "datetime": "2020-10-06 21:29:03"}}
{"target": 4.6324444444444435, "params": {"gamma_fc": 0.05991768951221166, "primacy": 0.2, "beta_rec": 0.13645522566068502, "beta_enc": 0.5562402339904189}, "datetime": {"delta": 44.027672, "elapsed": 1785.327218, "datetime": "2020-10-06 21:29:47"}}
{"target": 6.078222222222223, "params": {"gamma_fc": 0.2257093386078547, "primacy": 0.2, "beta_rec": 0.1074941291060929, "beta_enc": 0.044551878544761725}, "datetime": {"delta": 60.438773, "elapsed": 1845.765991, "datetime": "2020-10-06 21:30:47"}}
{"target": 4.543111111111111, "params": {"gamma_fc": 0.07197427968948678, "primacy": 0.2, "beta_rec": 0.012555980159115854, "beta_enc": 0.5597169820541424}, "datetime": {"delta": 52.479204, "elapsed": 1898.245195, "datetime": "2020-10-06 21:31:40"}}
{"target": 4.6899999999999995, "params": {"gamma_fc": 0.2523257445703234, "primacy": 0.2, "beta_rec": 0.20329323466099047, "beta_enc": 0.5681004619199421}, "datetime": {"delta": 53.395323, "elapsed": 1951.640518, "datetime": "2020-10-06 21:32:33"}}
{"target": 6.003555555555556, "params": {"gamma_fc": 0.9700199890883123, "primacy": 0.2, "beta_rec": 0.5813589272732578, "beta_enc": 0.1954294811093188}, "datetime": {"delta": 53.80616, "elapsed": 2005.446678, "datetime": "2020-10-06 21:33:27"}}
{"target": 5.997777777777778, "params": {"gamma_fc": 0.6199557183813798, "primacy": 0.2, "beta_rec": 0.49376971426872995, "beta_enc": 0.23984775914758616}, "datetime": {"delta": 51.214308, "elapsed": 2056.660986, "datetime": "2020-10-06 21:34:18"}}
{"target": 6.044888888888889, "params": {"gamma_fc": 0.07002214371922233, "primacy": 0.2, "beta_rec": 0.018576202177409518, "beta_enc": 0.15679139464608427}, "datetime": {"delta": 60.090901, "elapsed": 2116.751887, "datetime": "2020-10-06 21:35:18"}}
{"target": 4.885111111111111, "params": {"gamma_fc": 0.31736240932216075, "primacy": 0.2, "beta_rec": 0.5688514370864813, "beta_enc": 0.6063294616533303}, "datetime": {"delta": 54.258749, "elapsed": 2171.010636, "datetime": "2020-10-06 21:36:12"}}
{"target": 4.916888888888889, "params": {"gamma_fc": 0.5509482191178968, "primacy": 0.2, "beta_rec": 0.3801411726235504, "beta_enc": 0.5797452192457969}, "datetime": {"delta": 52.720741, "elapsed": 2223.731377, "datetime": "2020-10-06 21:37:05"}}
{"target": 4.111777777777778, "params": {"gamma_fc": 0.06633483442844157, "primacy": 0.2, "beta_rec": 0.2649195576628094, "beta_enc": 0.6692328934531846}, "datetime": {"delta": 50.209262, "elapsed": 2273.940639, "datetime": "2020-10-06 21:37:55"}}
{"target": 4.460666666666667, "params": {"gamma_fc": 0.7527555537388139, "primacy": 0.2, "beta_rec": 0.2101740099148396, "beta_enc": 0.6297175070215645}, "datetime": {"delta": 44.093788, "elapsed": 2318.034427, "datetime": "2020-10-06 21:38:40"}}
{"target": 5.866222222222222, "params": {"gamma_fc": 0.19343428262332774, "primacy": 0.2, "beta_rec": 0.8047545637433454, "beta_enc": 0.26031509857854096}, "datetime": {"delta": 58.180397, "elapsed": 2376.214824, "datetime": "2020-10-06 21:39:38"}}
{"target": 5.466888888888889, "params": {"gamma_fc": 0.263296770487111, "primacy": 0.2, "beta_rec": 0.9248079703993507, "beta_enc": 0.5246703091237337}, "datetime": {"delta": 54.367583, "elapsed": 2430.582407, "datetime": "2020-10-06 21:40:32"}}
{"target": 4.107777777777777, "params": {"gamma_fc": 0.907815852503524, "primacy": 0.2, "beta_rec": 0.7721780295432468, "beta_enc": 0.7350659632886695}, "datetime": {"delta": 46.844203, "elapsed": 2477.42661, "datetime": "2020-10-06 21:41:19"}}
{"target": 6.062666666666667, "params": {"gamma_fc": 0.6167783570016576, "primacy": 0.2, "beta_rec": 0.2343620861214205, "beta_enc": 0.013951572975597015}, "datetime": {"delta": 55.267199, "elapsed": 2532.693809, "datetime": "2020-10-06 21:42:14"}}
{"target": 2.305777777777778, "params": {"gamma_fc": 0.9156063497662745, "primacy": 0.2, "beta_rec": 0.5566531881951564, "beta_enc": 0.9501761192470797}, "datetime": {"delta": 37.4347, "elapsed": 2570.128509, "datetime": "2020-10-06 21:42:52"}}
{"target": 5.755111111111111, "params": {"gamma_fc": 0.6043104829199732, "primacy": 0.2, "beta_rec": 0.48599066709690975, "beta_enc": 0.39000771414124624}, "datetime": {"delta": 59.880007, "elapsed": 2630.008516, "datetime": "2020-10-06 21:43:51"}}
{"target": 4.1162222222222224, "params": {"gamma_fc": 0.3948756129235549, "primacy": 0.2, "beta_rec": 0.9187334356336061, "beta_enc": 0.9261814267064536}, "datetime": {"delta": 45.774913, "elapsed": 2675.783429, "datetime": "2020-10-06 21:44:37"}}
{"target": 6.025111111111111, "params": {"gamma_fc": 0.13507915804673132, "primacy": 0.2, "beta_rec": 0.12632951943963733, "beta_enc": 0.17395566668046436}, "datetime": {"delta": 48.131529, "elapsed": 2723.914958, "datetime": "2020-10-06 21:45:25"}}
{"target": 6.0602222222222215, "params": {"gamma_fc": 0.8271154711707325, "primacy": 0.2, "beta_rec": 0.947970211217681, "beta_enc": 0.021524805274197978}, "datetime": {"delta": 49.942712, "elapsed": 2773.85767, "datetime": "2020-10-06 21:46:15"}}
{"target": 6.000888888888889, "params": {"gamma_fc": 0.1309968448109169, "primacy": 0.2, "beta_rec": 0.332063574366837, "beta_enc": 0.17619625557505525}, "datetime": {"delta": 49.361287, "elapsed": 2823.218957, "datetime": "2020-10-06 21:47:05"}}
{"target": 5.880444444444445, "params": {"gamma_fc": 0.58201417994708, "primacy": 0.2, "beta_rec": 0.9401074823333672, "beta_enc": 0.34473665268329345}, "datetime": {"delta": 48.533072, "elapsed": 2871.752029, "datetime": "2020-10-06 21:47:53"}}
{"target": 4.158666666666667, "params": {"gamma_fc": 0.45988026581680697, "primacy": 0.2, "beta_rec": 0.9053923187086492, "beta_enc": 0.8447344453922219}, "datetime": {"delta": 44.190959, "elapsed": 2915.942988, "datetime": "2020-10-06 21:48:37"}}
{"target": 3.5273333333333334, "params": {"gamma_fc": 0.4902535226199277, "primacy": 0.2, "beta_rec": 0.28571885173414757, "beta_enc": 0.7986035911520394}, "datetime": {"delta": 41.104359, "elapsed": 2957.047347, "datetime": "2020-10-06 21:49:19"}}
{"target": 6.041777777777778, "params": {"gamma_fc": 0.4336763489894583, "primacy": 0.2, "beta_rec": 0.5934814081966372, "beta_enc": 0.015533275550835723}, "datetime": {"delta": 58.016225, "elapsed": 3015.063572, "datetime": "2020-10-06 21:50:17"}}
{"target": 5.900888888888889, "params": {"gamma_fc": 0.5778572152845355, "primacy": 0.2, "beta_rec": 0.8928887085251513, "beta_enc": 0.31524480309537295}, "datetime": {"delta": 51.490909, "elapsed": 3066.554481, "datetime": "2020-10-06 21:51:08"}}
{"target": 4.368666666666667, "params": {"gamma_fc": 0.053909272073752956, "primacy": 0.2, "beta_rec": 0.6120311770449339, "beta_enc": 0.7879292338255043}, "datetime": {"delta": 49.458993, "elapsed": 3116.013474, "datetime": "2020-10-06 21:51:57"}}
{"target": 5.132, "params": {"gamma_fc": 0.00040202489135743313, "primacy": 0.2, "beta_rec": 0.9186017779775258, "beta_enc": 0.6790688365654296}, "datetime": {"delta": 47.990839, "elapsed": 3164.004313, "datetime": "2020-10-06 21:52:45"}}
{"target": 5.837111111111112, "params": {"gamma_fc": 0.604716100974053, "primacy": 0.2, "beta_rec": 0.9737835383583225, "beta_enc": 0.37658031474577447}, "datetime": {"delta": 46.410469, "elapsed": 3210.414782, "datetime": "2020-10-06 21:53:32"}}
{"target": 5.065555555555555, "params": {"gamma_fc": 0.28557628169569393, "primacy": 0.2, "beta_rec": 0.6280761983073504, "beta_enc": 0.5747115047081023}, "datetime": {"delta": 44.56455, "elapsed": 3254.979332, "datetime": "2020-10-06 21:54:16"}}
{"target": 4.137111111111111, "params": {"gamma_fc": 0.7550821884676802, "primacy": 0.2, "beta_rec": 0.8583138364290424, "beta_enc": 0.7500217637026599}, "datetime": {"delta": 39.550307, "elapsed": 3294.529639, "datetime": "2020-10-06 21:54:56"}}
{"target": 3.1115555555555554, "params": {"gamma_fc": 0.6707887907875872, "primacy": 0.2, "beta_rec": 0.32268099683674645, "beta_enc": 0.8644794300545998}, "datetime": {"delta": 42.197273, "elapsed": 3336.726912, "datetime": "2020-10-06 21:55:38"}}
{"target": 5.629333333333333, "params": {"gamma_fc": 0.4014795834695406, "primacy": 0.2, "beta_rec": 0.4108113499221856, "beta_enc": 0.3821027520315172}, "datetime": {"delta": 58.890433, "elapsed": 3395.617345, "datetime": "2020-10-06 21:56:37"}}
{"target": 4.671333333333334, "params": {"gamma_fc": 0.9738020779272523, "primacy": 0.2, "beta_rec": 0.43024727082126435, "beta_enc": 0.6219193679203014}, "datetime": {"delta": 53.505607, "elapsed": 3449.122952, "datetime": "2020-10-06 21:57:31"}}
{"target": 6.036222222222222, "params": {"gamma_fc": 0.343346239774423, "primacy": 0.2, "beta_rec": 0.4267010093480328, "beta_enc": 0.19856988842711087}, "datetime": {"delta": 61.416675, "elapsed": 3510.539627, "datetime": "2020-10-06 21:58:32"}}
{"target": 3.3693333333333335, "params": {"gamma_fc": 0.6627198123752622, "primacy": 0.2, "beta_rec": 0.903841955826372, "beta_enc": 0.8799982885634318}, "datetime": {"delta": 45.522486, "elapsed": 3556.062113, "datetime": "2020-10-06 21:59:18"}}
{"target": 6.005333333333333, "params": {"gamma_fc": 0.5277146463087466, "primacy": 0.2, "beta_rec": 0.8548979426974024, "beta_enc": 0.25236670150458973}, "datetime": {"delta": 53.39043, "elapsed": 3609.452543, "datetime": "2020-10-06 22:00:11"}}
{"target": 5.141555555555556, "params": {"gamma_fc": 0.5190116274640558, "primacy": 0.2, "beta_rec": 0.7331425252875111, "beta_enc": 0.5724885171916063}, "datetime": {"delta": 51.963185, "elapsed": 3661.415728, "datetime": "2020-10-06 22:01:03"}}
{"target": 4.900666666666668, "params": {"gamma_fc": 0.3426889079532818, "primacy": 0.2, "beta_rec": 0.4657098785919809, "beta_enc": 0.5688579907047155}, "datetime": {"delta": 51.917455, "elapsed": 3713.333183, "datetime": "2020-10-06 22:01:55"}}
{"target": 5.5953333333333335, "params": {"gamma_fc": 0.982817113730445, "primacy": 0.2, "beta_rec": 0.07962607769825236, "beta_enc": 0.37792417932809985}, "datetime": {"delta": 57.989701, "elapsed": 3771.322884, "datetime": "2020-10-06 22:02:53"}}
{"target": 3.7324444444444445, "params": {"gamma_fc": 0.6884132523859433, "primacy": 0.2, "beta_rec": 0.8749616449558981, "beta_enc": 0.8118586977205398}, "datetime": {"delta": 44.992036, "elapsed": 3816.31492, "datetime": "2020-10-06 22:03:38"}}
{"target": 6.061111111111111, "params": {"gamma_fc": 0.345172051155215, "primacy": 0.2, "beta_rec": 0.4668800227633063, "beta_enc": 0.16097143681560877}, "datetime": {"delta": 60.983119, "elapsed": 3877.298039, "datetime": "2020-10-06 22:04:39"}}
{"target": 4.766, "params": {"gamma_fc": 0.9163055534683507, "primacy": 0.2, "beta_rec": 0.31226983770191696, "beta_enc": 0.5925118687657968}, "datetime": {"delta": 41.52513, "elapsed": 3918.823169, "datetime": "2020-10-06 22:05:20"}}
{"target": 5.8886666666666665, "params": {"gamma_fc": 0.19296273201911285, "primacy": 0.2, "beta_rec": 0.1108913007440292, "beta_enc": 0.2571182937821962}, "datetime": {"delta": 53.258621, "elapsed": 3972.08179, "datetime": "2020-10-06 22:06:14"}}
{"target": 3.791777777777778, "params": {"gamma_fc": 0.24803355837723073, "primacy": 0.2, "beta_rec": 0.20819443840879148, "beta_enc": 0.7285856679745962}, "datetime": {"delta": 47.403629, "elapsed": 4019.485419, "datetime": "2020-10-06 22:07:01"}}
{"target": 5.538222222222222, "params": {"gamma_fc": 0.23366613923925006, "primacy": 0.2, "beta_rec": 0.6166850671552362, "beta_enc": 0.41584871826752734}, "datetime": {"delta": 45.998698, "elapsed": 4065.484117, "datetime": "2020-10-06 22:07:47"}}
{"target": 5.065777777777778, "params": {"gamma_fc": 0.15267164409316325, "primacy": 0.2, "beta_rec": 0.47714098704978236, "beta_enc": 0.5158570169685298}, "datetime": {"delta": 52.418938, "elapsed": 4117.903055, "datetime": "2020-10-06 22:08:39"}}
{"target": 5.148222222222222, "params": {"gamma_fc": 0.1445455401246598, "primacy": 0.2, "beta_rec": 0.6541373469707443, "beta_enc": 0.5440101188139381}, "datetime": {"delta": 54.778324, "elapsed": 4172.681379, "datetime": "2020-10-06 22:09:34"}}
{"target": 6.0037777777777785, "params": {"gamma_fc": 0.7852960282216189, "primacy": 0.2, "beta_rec": 0.519351824366033, "beta_enc": 0.2220491397999227}, "datetime": {"delta": 54.683565, "elapsed": 4227.364944, "datetime": "2020-10-06 22:10:29"}}
{"target": 5.925333333333333, "params": {"gamma_fc": 0.8447096076020696, "primacy": 0.2, "beta_rec": 0.872922376400111, "beta_enc": 0.3243624597261865}, "datetime": {"delta": 54.816338, "elapsed": 4282.181282, "datetime": "2020-10-06 22:11:24"}}
{"target": 3.094222222222222, "params": {"gamma_fc": 0.8264069976293413, "primacy": 0.2, "beta_rec": 0.9498059913536265, "beta_enc": 0.866608274166513}, "datetime": {"delta": 41.80234, "elapsed": 4323.983622, "datetime": "2020-10-06 22:12:05"}}
{"target": 6.075777777777778, "params": {"gamma_fc": 0.703516988152653, "primacy": 0.2, "beta_rec": 0.651304332340991, "beta_enc": 0.09874340182034835}, "datetime": {"delta": 55.14963, "elapsed": 4379.133252, "datetime": "2020-10-06 22:13:01"}}
{"target": 3.1124444444444443, "params": {"gamma_fc": 0.7702387345549799, "primacy": 0.2, "beta_rec": 0.03457121987163425, "beta_enc": 0.799615261736028}, "datetime": {"delta": 36.971873, "elapsed": 4416.105125, "datetime": "2020-10-06 22:13:38"}}
{"target": 5.9702222222222225, "params": {"gamma_fc": 0.6323033174301278, "primacy": 0.2, "beta_rec": 0.2570692988221467, "beta_enc": 0.2596983932983531}, "datetime": {"delta": 61.069527, "elapsed": 4477.174652, "datetime": "2020-10-06 22:14:39"}}
