{"target": 6.042222222222223, "params": {"beta_rec": 0.7203244934421581, "primacy": 0.0, "beta_enc": 0.417022004702574, "gamma_fc": 0.00011437481734488664}, "datetime": {"datetime": "2020-09-17 12:03:38", "delta": 0.0, "elapsed": 0.0}}
{"target": 7.631111111111111, "params": {"beta_rec": 0.0923385947687978, "primacy": 0.0, "beta_enc": 0.14675589081711304, "gamma_fc": 0.1862602113776709}, "datetime": {"datetime": "2020-09-17 12:05:13", "delta": 94.483364, "elapsed": 94.483364}}
{"target": 6.321111111111111, "params": {"beta_rec": 0.538816734003357, "primacy": 0.0, "beta_enc": 0.39676747423066994, "gamma_fc": 0.4191945144032948}, "datetime": {"datetime": "2020-09-17 12:06:39", "delta": 86.251527, "elapsed": 180.734891}}
{"target": 7.388888888888889, "params": {"beta_rec": 0.8781174363909454, "primacy": 0.0, "beta_enc": 0.20445224973151743, "gamma_fc": 0.027387593197926163}, "datetime": {"datetime": "2020-09-17 12:08:10", "delta": 91.28467, "elapsed": 272.019561}}
{"target": 6.011111111111111, "params": {"beta_rec": 0.5586898284457517, "primacy": 0.0, "beta_enc": 0.41730480236712697, "gamma_fc": 0.14038693859523377}, "datetime": {"datetime": "2020-09-17 12:09:09", "delta": 58.984853, "elapsed": 331.004414}}
{"target": 5.592222222222222, "params": {"beta_rec": 0.9682615757193975, "primacy": 0.0, "beta_enc": 0.8007445686755367, "gamma_fc": 0.31342417815924284}, "datetime": {"datetime": "2020-09-17 12:10:00", "delta": 50.953072, "elapsed": 381.957486}}
{"target": 6.475555555555555, "params": {"beta_rec": 0.8946066635038473, "primacy": 0.0, "beta_enc": 0.8763891522960383, "gamma_fc": 0.08504421136977791}, "datetime": {"datetime": "2020-09-17 12:11:23", "delta": 82.287714, "elapsed": 464.2452}}
{"target": 7.552222222222222, "params": {"beta_rec": 0.8781425034294131, "primacy": 0.0, "beta_enc": 0.1698304195645689, "gamma_fc": 0.0983468338330501}, "datetime": {"datetime": "2020-09-17 12:12:57", "delta": 94.034856, "elapsed": 558.280056}}
{"target": 3.43, "params": {"beta_rec": 0.5331652849730171, "primacy": 0.0, "beta_enc": 0.9578895301505019, "gamma_fc": 0.6918771139504734}, "datetime": {"datetime": "2020-09-17 12:14:06", "delta": 69.444052, "elapsed": 627.724108}}
{"target": 5.9, "params": {"beta_rec": 0.8346256718973729, "primacy": 0.0, "beta_enc": 0.6865009276815837, "gamma_fc": 0.018288277344191806}, "datetime": {"datetime": "2020-09-17 12:15:27", "delta": 80.835198, "elapsed": 708.559306}}
{"target": 6.575555555555556, "params": {"beta_rec": 0.7481656543798394, "primacy": 0.0, "beta_enc": 0.9888610889064947, "gamma_fc": 0.2804439920644052}, "datetime": {"datetime": "2020-09-17 12:16:53", "delta": 85.973893, "elapsed": 794.533199}}
{"target": 7.726666666666667, "params": {"beta_rec": 0.44789352617590517, "primacy": 0.0, "beta_enc": 0.10322600657764203, "gamma_fc": 0.9085955030930956}, "datetime": {"datetime": "2020-09-17 12:18:30", "delta": 97.113011, "elapsed": 891.64621}}
{"target": 6.678888888888889, "params": {"beta_rec": 0.13002857211827767, "primacy": 0.0, "beta_enc": 0.28777533858634874, "gamma_fc": 0.019366957870297075}, "datetime": {"datetime": "2020-09-17 12:20:04", "delta": 93.604179, "elapsed": 985.250389}}
{"target": 7.414444444444444, "params": {"beta_rec": 0.2655466593722262, "primacy": 0.0, "beta_enc": 0.21162811600005904, "gamma_fc": 0.4915731592803383}, "datetime": {"datetime": "2020-09-17 12:21:42", "delta": 98.665969, "elapsed": 1083.916358}}
{"target": 4.572222222222222, "params": {"beta_rec": 0.14672857490581015, "primacy": 0.0, "beta_enc": 0.5741176054920131, "gamma_fc": 0.5893055369032842}, "datetime": {"datetime": "2020-09-17 12:22:37", "delta": 54.245261, "elapsed": 1138.161619}}
{"target": 7.667777777777777, "params": {"beta_rec": 0.4140559878195683, "primacy": 0.0, "beta_enc": 0.10233442882782584, "gamma_fc": 0.6944001577277451}, "datetime": {"datetime": "2020-09-17 12:24:01", "delta": 84.246792, "elapsed": 1222.408411}}
{"target": 7.664444444444444, "params": {"beta_rec": 0.5358964059155116, "primacy": 0.0, "beta_enc": 0.04995345894608716, "gamma_fc": 0.6637946452197888}, "datetime": {"datetime": "2020-09-17 12:25:35", "delta": 93.698062, "elapsed": 1316.106473}}
{"target": 2.7344444444444442, "params": {"beta_rec": 0.5865550405019929, "primacy": 0.0, "beta_enc": 0.9445947559908133, "gamma_fc": 0.9034019152878835}, "datetime": {"datetime": "2020-09-17 12:26:39", "delta": 64.142626, "elapsed": 1380.249099}}
{"target": 7.711111111111111, "params": {"beta_rec": 0.8073912887095238, "primacy": 0.0, "beta_enc": 0.13927634725075855, "gamma_fc": 0.3976768369855336}, "datetime": {"datetime": "2020-09-17 12:28:13", "delta": 94.061494, "elapsed": 1474.310593}}
{"target": 3.9644444444444447, "params": {"beta_rec": 0.34776585974550656, "primacy": 0.0, "beta_enc": 0.9275085803960339, "gamma_fc": 0.7508121031361555}, "datetime": {"datetime": "2020-09-17 12:29:18", "delta": 65.567783, "elapsed": 1539.878376}}
{"target": 2.997777777777778, "params": {"beta_rec": 0.6236722070556089, "primacy": 0.0, "beta_enc": 0.8833060912058098, "gamma_fc": 0.7509424340273372}, "datetime": {"datetime": "2020-09-17 12:30:19", "delta": 60.913899, "elapsed": 1600.792275}}
{"target": 7.207777777777777, "params": {"beta_rec": 0.8958862181960668, "primacy": 0.0, "beta_enc": 0.2699278917650261, "gamma_fc": 0.4280911898712949}, "datetime": {"datetime": "2020-09-17 12:31:50", "delta": 91.217538, "elapsed": 1692.009813}}
{"target": 5.326666666666667, "params": {"beta_rec": 0.6216957202091218, "primacy": 0.0, "beta_enc": 0.6634414978184481, "gamma_fc": 0.11474597295337519}, "datetime": {"datetime": "2020-09-17 12:33:10", "delta": 79.15696, "elapsed": 1771.166773}}
{"target": 5.988888888888889, "params": {"beta_rec": 0.5783896143871318, "primacy": 0.0, "beta_enc": 0.4499121334799405, "gamma_fc": 0.40813680276128117}, "datetime": {"datetime": "2020-09-17 12:34:34", "delta": 84.103003, "elapsed": 1855.269776}}
{"target": 6.484444444444445, "params": {"beta_rec": 0.5736794866722859, "primacy": 0.0, "beta_enc": 0.9033795205622538, "gamma_fc": 0.00287032703115897}, "datetime": {"datetime": "2020-09-17 12:36:03", "delta": 89.48147, "elapsed": 1944.751246}}
{"target": 7.202222222222222, "params": {"beta_rec": 0.5270581022576093, "primacy": 0.0, "beta_enc": 0.32664490177209615, "gamma_fc": 0.8859420993107745}, "datetime": {"datetime": "2020-09-17 12:37:37", "delta": 93.632833, "elapsed": 2038.384079}}
{"target": 6.513333333333334, "params": {"beta_rec": 0.6233601157918027, "primacy": 0.0, "beta_enc": 0.9085351509197992, "gamma_fc": 0.015821242846556283}, "datetime": {"datetime": "2020-09-17 12:39:04", "delta": 86.759828, "elapsed": 2125.143907}}
{"target": 6.0, "params": {"beta_rec": 0.9973228504514805, "primacy": 0.0, "beta_enc": 0.690896917516924, "gamma_fc": 0.17234050834532855}, "datetime": {"datetime": "2020-09-17 12:40:26", "delta": 82.53811, "elapsed": 2207.682017}}
{"target": 6.498888888888889, "params": {"beta_rec": 0.6968181614899002, "primacy": 0.0, "beta_enc": 0.9325954630371636, "gamma_fc": 0.06600017272206249}, "datetime": {"datetime": "2020-09-17 12:41:50", "delta": 84.310877, "elapsed": 2291.992894}}
{"target": 3.578888888888889, "params": {"beta_rec": 0.9230245355464833, "primacy": 0.0, "beta_enc": 0.7538761884612464, "gamma_fc": 0.7115247586284718}, "datetime": {"datetime": "2020-09-17 12:43:01", "delta": 70.035228, "elapsed": 2362.028122}}
{"target": 7.786666666666667, "params": {"beta_rec": 0.026210986877719278, "primacy": 0.0, "beta_enc": 0.01988013383979559, "gamma_fc": 0.028306488020794607}, "datetime": {"datetime": "2020-09-17 12:44:36", "delta": 95.500647, "elapsed": 2457.528769}}
{"target": 3.811111111111111, "params": {"beta_rec": 0.5388310643416528, "primacy": 0.0, "beta_enc": 0.860027948682888, "gamma_fc": 0.5528219786857659}, "datetime": {"datetime": "2020-09-17 12:45:49", "delta": 72.937553, "elapsed": 2530.466322}}
{"target": 7.698888888888889, "params": {"beta_rec": 0.2791836790111395, "primacy": 0.0, "beta_enc": 0.12417331511991114, "gamma_fc": 0.5857592714582879}, "datetime": {"datetime": "2020-09-17 12:47:25", "delta": 95.678055, "elapsed": 2626.144377}}
{"target": 4.4622222222222225, "params": {"beta_rec": 0.01864728937294302, "primacy": 0.0, "beta_enc": 0.56103021925571, "gamma_fc": 0.8006326726806163}, "datetime": {"datetime": "2020-09-17 12:48:43", "delta": 78.148874, "elapsed": 2704.293251}}
{"target": 3.401111111111111, "params": {"beta_rec": 0.38786064406417176, "primacy": 0.0, "beta_enc": 0.8071051956187791, "gamma_fc": 0.8635418545594287}, "datetime": {"datetime": "2020-09-17 12:49:54", "delta": 70.772639, "elapsed": 2775.06589}}
{"target": 4.656666666666666, "params": {"beta_rec": 0.13645522566068502, "primacy": 0.0, "beta_enc": 0.5562402339904189, "gamma_fc": 0.05991768951221166}, "datetime": {"datetime": "2020-09-17 12:51:13", "delta": 79.355639, "elapsed": 2854.421529}}
{"target": 7.726666666666667, "params": {"beta_rec": 0.1074941291060929, "primacy": 0.0, "beta_enc": 0.044551878544761725, "gamma_fc": 0.2257093386078547}, "datetime": {"datetime": "2020-09-17 12:52:50", "delta": 97.326518, "elapsed": 2951.748047}}
{"target": 4.391111111111111, "params": {"beta_rec": 0.012555980159115854, "primacy": 0.0, "beta_enc": 0.5597169820541424, "gamma_fc": 0.07197427968948678}, "datetime": {"datetime": "2020-09-17 12:54:10", "delta": 79.600342, "elapsed": 3031.348389}}
{"target": 4.68, "params": {"beta_rec": 0.20329323466099047, "primacy": 0.0, "beta_enc": 0.5681004619199421, "gamma_fc": 0.2523257445703234}, "datetime": {"datetime": "2020-09-17 12:55:31", "delta": 80.804143, "elapsed": 3112.152532}}
{"target": 7.621111111111111, "params": {"beta_rec": 0.5813589272732578, "primacy": 0.0, "beta_enc": 0.1954294811093188, "gamma_fc": 0.9700199890883123}, "datetime": {"datetime": "2020-09-17 12:56:56", "delta": 85.706468, "elapsed": 3197.859}}
{"target": 7.383333333333334, "params": {"beta_rec": 0.49376971426872995, "primacy": 0.0, "beta_enc": 0.23984775914758616, "gamma_fc": 0.6199557183813798}, "datetime": {"datetime": "2020-09-17 12:58:29", "delta": 92.900942, "elapsed": 3290.759942}}
{"target": 7.623333333333333, "params": {"beta_rec": 0.018576202177409518, "primacy": 0.0, "beta_enc": 0.15679139464608427, "gamma_fc": 0.07002214371922233}, "datetime": {"datetime": "2020-09-17 13:00:04", "delta": 94.720746, "elapsed": 3385.480688}}
{"target": 5.017777777777778, "params": {"beta_rec": 0.5688514370864813, "primacy": 0.0, "beta_enc": 0.6063294616533303, "gamma_fc": 0.31736240932216075}, "datetime": {"datetime": "2020-09-17 13:01:25", "delta": 80.672003, "elapsed": 3466.152691}}
{"target": 4.761111111111111, "params": {"beta_rec": 0.3801411726235504, "primacy": 0.0, "beta_enc": 0.5797452192457969, "gamma_fc": 0.5509482191178968}, "datetime": {"datetime": "2020-09-17 13:02:43", "delta": 78.146997, "elapsed": 3544.299688}}
{"target": 4.3966666666666665, "params": {"beta_rec": 0.2649195576628094, "primacy": 0.0, "beta_enc": 0.6692328934531846, "gamma_fc": 0.06633483442844157}, "datetime": {"datetime": "2020-09-17 13:04:02", "delta": 78.754678, "elapsed": 3623.054366}}
{"target": 4.254444444444444, "params": {"beta_rec": 0.2101740099148396, "primacy": 0.0, "beta_enc": 0.6297175070215645, "gamma_fc": 0.7527555537388139}, "datetime": {"datetime": "2020-09-17 13:05:20", "delta": 78.907832, "elapsed": 3701.962198}}
{"target": 7.171111111111111, "params": {"beta_rec": 0.8047545637433454, "primacy": 0.0, "beta_enc": 0.26031509857854096, "gamma_fc": 0.19343428262332774}, "datetime": {"datetime": "2020-09-17 13:06:59", "delta": 98.228337, "elapsed": 3800.190535}}
{"target": 6.001111111111111, "params": {"beta_rec": 0.9248079703993507, "primacy": 0.0, "beta_enc": 0.5246703091237337, "gamma_fc": 0.263296770487111}, "datetime": {"datetime": "2020-09-17 13:08:27", "delta": 87.853947, "elapsed": 3888.044482}}
{"target": 3.3133333333333335, "params": {"beta_rec": 0.7721780295432468, "primacy": 0.0, "beta_enc": 0.7350659632886695, "gamma_fc": 0.907815852503524}, "datetime": {"datetime": "2020-09-17 13:09:38", "delta": 71.431834, "elapsed": 3959.476316}}
{"target": 7.711111111111111, "params": {"beta_rec": 0.2343620861214205, "primacy": 0.0, "beta_enc": 0.013951572975597015, "gamma_fc": 0.6167783570016576}, "datetime": {"datetime": "2020-09-17 13:11:13", "delta": 94.970895, "elapsed": 4054.447211}}
{"target": 2.93, "params": {"beta_rec": 0.5566531881951564, "primacy": 0.0, "beta_enc": 0.9501761192470797, "gamma_fc": 0.9156063497662745}, "datetime": {"datetime": "2020-09-17 13:12:25", "delta": 72.105142, "elapsed": 4126.552353}}
{"target": 6.55, "params": {"beta_rec": 0.48599066709690975, "primacy": 0.0, "beta_enc": 0.39000771414124624, "gamma_fc": 0.6043104829199732}, "datetime": {"datetime": "2020-09-17 13:13:54", "delta": 88.985569, "elapsed": 4215.537922}}
{"target": 5.685555555555555, "params": {"beta_rec": 0.9187334356336061, "primacy": 0.0, "beta_enc": 0.9261814267064536, "gamma_fc": 0.3948756129235549}, "datetime": {"datetime": "2020-09-17 13:15:15", "delta": 80.905095, "elapsed": 4296.443017}}
{"target": 7.4222222222222225, "params": {"beta_rec": 0.12632951943963733, "primacy": 0.0, "beta_enc": 0.17395566668046436, "gamma_fc": 0.13507915804673132}, "datetime": {"datetime": "2020-09-17 13:16:48", "delta": 93.501938, "elapsed": 4389.944955}}
{"target": 7.6866666666666665, "params": {"beta_rec": 0.947970211217681, "primacy": 0.0, "beta_enc": 0.021524805274197978, "gamma_fc": 0.8271154711707325}, "datetime": {"datetime": "2020-09-17 13:18:23", "delta": 95.020438, "elapsed": 4484.965393}}
{"target": 7.314444444444445, "params": {"beta_rec": 0.332063574366837, "primacy": 0.0, "beta_enc": 0.17619625557505525, "gamma_fc": 0.1309968448109169}, "datetime": {"datetime": "2020-09-17 13:19:56", "delta": 92.949763, "elapsed": 4577.915156}}
{"target": 6.984444444444445, "params": {"beta_rec": 0.9401074823333672, "primacy": 0.0, "beta_enc": 0.34473665268329345, "gamma_fc": 0.58201417994708}, "datetime": {"datetime": "2020-09-17 13:21:28", "delta": 91.614475, "elapsed": 4669.529631}}
{"target": 4.726666666666667, "params": {"beta_rec": 0.9053923187086492, "primacy": 0.0, "beta_enc": 0.8447344453922219, "gamma_fc": 0.45988026581680697}, "datetime": {"datetime": "2020-09-17 13:22:43", "delta": 74.818778, "elapsed": 4744.348409}}
{"target": 4.046666666666667, "params": {"beta_rec": 0.28571885173414757, "primacy": 0.0, "beta_enc": 0.7986035911520394, "gamma_fc": 0.4902535226199277}, "datetime": {"datetime": "2020-09-17 13:23:56", "delta": 73.021759, "elapsed": 4817.370168}}
{"target": 7.782222222222222, "params": {"beta_rec": 0.5934814081966372, "primacy": 0.0, "beta_enc": 0.015533275550835723, "gamma_fc": 0.4336763489894583}, "datetime": {"datetime": "2020-09-17 13:25:32", "delta": 95.68431, "elapsed": 4913.054478}}
{"target": 7.182222222222222, "params": {"beta_rec": 0.8928887085251513, "primacy": 0.0, "beta_enc": 0.31524480309537295, "gamma_fc": 0.5778572152845355}, "datetime": {"datetime": "2020-09-17 13:27:04", "delta": 92.418299, "elapsed": 5005.472777}}
{"target": 5.716666666666667, "params": {"beta_rec": 0.6120311770449339, "primacy": 0.0, "beta_enc": 0.7879292338255043, "gamma_fc": 0.053909272073752956}, "datetime": {"datetime": "2020-09-17 13:28:27", "delta": 82.957146, "elapsed": 5088.429923}}
{"target": 6.1466666666666665, "params": {"beta_rec": 0.9186017779775258, "primacy": 0.0, "beta_enc": 0.6790688365654296, "gamma_fc": 0.00040202489135743313}, "datetime": {"datetime": "2020-09-17 13:29:53", "delta": 86.231404, "elapsed": 5174.661327}}
{"target": 6.717777777777778, "params": {"beta_rec": 0.9737835383583225, "primacy": 0.0, "beta_enc": 0.37658031474577447, "gamma_fc": 0.604716100974053}, "datetime": {"datetime": "2020-09-17 13:31:27", "delta": 94.2111, "elapsed": 5268.872427}}
{"target": 5.2188888888888885, "params": {"beta_rec": 0.6280761983073504, "primacy": 0.0, "beta_enc": 0.5747115047081023, "gamma_fc": 0.28557628169569393}, "datetime": {"datetime": "2020-09-17 13:32:47", "delta": 80.131437, "elapsed": 5349.003864}}
{"target": 3.4455555555555555, "params": {"beta_rec": 0.8583138364290424, "primacy": 0.0, "beta_enc": 0.7500217637026599, "gamma_fc": 0.7550821884676802}, "datetime": {"datetime": "2020-09-17 13:33:58", "delta": 70.140644, "elapsed": 5419.144508}}
{"target": 3.881111111111111, "params": {"beta_rec": 0.32268099683674645, "primacy": 0.0, "beta_enc": 0.8644794300545998, "gamma_fc": 0.6707887907875872}, "datetime": {"datetime": "2020-09-17 13:35:09", "delta": 71.879463, "elapsed": 5491.023971}}
{"target": 6.398888888888889, "params": {"beta_rec": 0.4108113499221856, "primacy": 0.0, "beta_enc": 0.3821027520315172, "gamma_fc": 0.4014795834695406}, "datetime": {"datetime": "2020-09-17 13:36:42", "delta": 92.394547, "elapsed": 5583.418518}}
{"target": 4.561111111111111, "params": {"beta_rec": 0.43024727082126435, "primacy": 0.0, "beta_enc": 0.6219193679203014, "gamma_fc": 0.9738020779272523}, "datetime": {"datetime": "2020-09-17 13:37:59", "delta": 76.974964, "elapsed": 5660.393482}}
{"target": 7.456666666666667, "params": {"beta_rec": 0.4267010093480328, "primacy": 0.0, "beta_enc": 0.19856988842711087, "gamma_fc": 0.343346239774423}, "datetime": {"datetime": "2020-09-17 13:39:34", "delta": 95.332959, "elapsed": 5755.726441}}
{"target": 3.1344444444444446, "params": {"beta_rec": 0.903841955826372, "primacy": 0.0, "beta_enc": 0.8799982885634318, "gamma_fc": 0.6627198123752622}, "datetime": {"datetime": "2020-09-17 13:40:42", "delta": 67.785212, "elapsed": 5823.511653}}
{"target": 7.395555555555555, "params": {"beta_rec": 0.8548979426974024, "primacy": 0.0, "beta_enc": 0.25236670150458973, "gamma_fc": 0.5277146463087466}, "datetime": {"datetime": "2020-09-17 13:42:16", "delta": 93.711237, "elapsed": 5917.22289}}
{"target": 5.126666666666667, "params": {"beta_rec": 0.7331425252875111, "primacy": 0.0, "beta_enc": 0.5724885171916063, "gamma_fc": 0.5190116274640558}, "datetime": {"datetime": "2020-09-17 13:43:36", "delta": 80.387243, "elapsed": 5997.610133}}
{"target": 4.975555555555555, "params": {"beta_rec": 0.4657098785919809, "primacy": 0.0, "beta_enc": 0.5688579907047155, "gamma_fc": 0.3426889079532818}, "datetime": {"datetime": "2020-09-17 13:44:56", "delta": 79.927599, "elapsed": 6077.537732}}
{"target": 6.2444444444444445, "params": {"beta_rec": 0.07962607769825236, "primacy": 0.0, "beta_enc": 0.37792417932809985, "gamma_fc": 0.982817113730445}, "datetime": {"datetime": "2020-09-17 13:46:24", "delta": 88.295874, "elapsed": 6165.833606}}
{"target": 3.3644444444444446, "params": {"beta_rec": 0.8749616449558981, "primacy": 0.0, "beta_enc": 0.8118586977205398, "gamma_fc": 0.6884132523859433}, "datetime": {"datetime": "2020-09-17 13:47:35", "delta": 71.093324, "elapsed": 6236.92693}}
{"target": 7.522222222222222, "params": {"beta_rec": 0.4668800227633063, "primacy": 0.0, "beta_enc": 0.16097143681560877, "gamma_fc": 0.345172051155215}, "datetime": {"datetime": "2020-09-17 13:49:13", "delta": 98.064632, "elapsed": 6334.991562}}
{"target": 4.682222222222222, "params": {"beta_rec": 0.31226983770191696, "primacy": 0.0, "beta_enc": 0.5925118687657968, "gamma_fc": 0.9163055534683507}, "datetime": {"datetime": "2020-09-17 13:50:32", "delta": 78.754613, "elapsed": 6413.746175}}
{"target": 7.116666666666666, "params": {"beta_rec": 0.1108913007440292, "primacy": 0.0, "beta_enc": 0.2571182937821962, "gamma_fc": 0.19296273201911285}, "datetime": {"datetime": "2020-09-17 13:52:05", "delta": 92.965941, "elapsed": 6506.712116}}
{"target": 4.232222222222222, "params": {"beta_rec": 0.20819443840879148, "primacy": 0.0, "beta_enc": 0.7285856679745962, "gamma_fc": 0.24803355837723073}, "datetime": {"datetime": "2020-09-17 13:53:23", "delta": 77.860172, "elapsed": 6584.572288}}
{"target": 6.1066666666666665, "params": {"beta_rec": 0.6166850671552362, "primacy": 0.0, "beta_enc": 0.41584871826752734, "gamma_fc": 0.23366613923925006}, "datetime": {"datetime": "2020-09-17 13:54:52", "delta": 89.419566, "elapsed": 6673.991854}}
{"target": 5.167777777777777, "params": {"beta_rec": 0.47714098704978236, "primacy": 0.0, "beta_enc": 0.5158570169685298, "gamma_fc": 0.15267164409316325}, "datetime": {"datetime": "2020-09-17 13:56:14", "delta": 81.564825, "elapsed": 6755.556679}}
{"target": 5.497777777777777, "params": {"beta_rec": 0.6541373469707443, "primacy": 0.0, "beta_enc": 0.5440101188139381, "gamma_fc": 0.1445455401246598}, "datetime": {"datetime": "2020-09-17 13:57:35", "delta": 80.56359, "elapsed": 6836.120269}}
{"target": 7.543333333333333, "params": {"beta_rec": 0.519351824366033, "primacy": 0.0, "beta_enc": 0.2220491397999227, "gamma_fc": 0.7852960282216189}, "datetime": {"datetime": "2020-09-17 13:59:09", "delta": 94.57609, "elapsed": 6930.696359}}
{"target": 7.1755555555555555, "params": {"beta_rec": 0.872922376400111, "primacy": 0.0, "beta_enc": 0.3243624597261865, "gamma_fc": 0.8447096076020696}, "datetime": {"datetime": "2020-09-17 14:00:42", "delta": 92.611274, "elapsed": 7023.307633}}
{"target": 2.2144444444444447, "params": {"beta_rec": 0.9498059913536265, "primacy": 0.0, "beta_enc": 0.866608274166513, "gamma_fc": 0.8264069976293413}, "datetime": {"datetime": "2020-09-17 14:01:43", "delta": 61.133138, "elapsed": 7084.440771}}
{"target": 7.691111111111111, "params": {"beta_rec": 0.651304332340991, "primacy": 0.0, "beta_enc": 0.09874340182034835, "gamma_fc": 0.703516988152653}, "datetime": {"datetime": "2020-09-17 14:03:18", "delta": 95.257072, "elapsed": 7179.697843}}
{"target": 4.086666666666667, "params": {"beta_rec": 0.03457121987163425, "primacy": 0.0, "beta_enc": 0.799615261736028, "gamma_fc": 0.7702387345549799}, "datetime": {"datetime": "2020-09-17 14:04:33", "delta": 74.774714, "elapsed": 7254.472557}}
{"target": 7.276666666666666, "params": {"beta_rec": 0.2570692988221467, "primacy": 0.0, "beta_enc": 0.2596983932983531, "gamma_fc": 0.6323033174301278}, "datetime": {"datetime": "2020-09-17 14:06:10", "delta": 97.538293, "elapsed": 7352.01085}}
