{"target": 7.179777777777778, "params": {"beta_rec": 0.7203244934421581, "gamma_fc": 0.30233257263183977, "cue_position": 6.0, "beta_enc": 0.417022004702574}, "datetime": {"elapsed": 0.0, "datetime": "2021-08-25 12:07:42", "delta": 0.0}}
{"target": 7.732666666666667, "params": {"beta_rec": 0.0923385947687978, "gamma_fc": 0.34556072704304774, "cue_position": 6.0, "beta_enc": 0.14675589081711304}, "datetime": {"elapsed": 37.956289, "datetime": "2021-08-25 12:08:20", "delta": 37.956289}}
{"target": 7.486, "params": {"beta_rec": 0.538816734003357, "gamma_fc": 0.6852195003967595, "cue_position": 6.0, "beta_enc": 0.39676747423066994}, "datetime": {"elapsed": 75.11715, "datetime": "2021-08-25 12:08:57", "delta": 37.160861}}
{"target": 7.7028888888888885, "params": {"beta_rec": 0.8781174363909454, "gamma_fc": 0.6704675101784022, "cue_position": 6.0, "beta_enc": 0.20445224973151743}, "datetime": {"elapsed": 112.944245, "datetime": "2021-08-25 12:09:35", "delta": 37.827095}}
{"target": 7.026888888888889, "params": {"beta_rec": 0.5586898284457517, "gamma_fc": 0.1981014890848788, "cue_position": 6.0, "beta_enc": 0.41730480236712697}, "datetime": {"elapsed": 148.787291, "datetime": "2021-08-25 12:10:11", "delta": 35.843046}}
{"target": 5.415555555555555, "params": {"beta_rec": 0.9682615757193975, "gamma_fc": 0.6923226156693141, "cue_position": 6.0, "beta_enc": 0.8007445686755367}, "datetime": {"elapsed": 179.922261, "datetime": "2021-08-25 12:10:42", "delta": 31.13497}}
{"target": 4.8053333333333335, "params": {"beta_rec": 0.8946066635038473, "gamma_fc": 0.03905478323288236, "cue_position": 6.0, "beta_enc": 0.8763891522960383}, "datetime": {"elapsed": 208.881999, "datetime": "2021-08-25 12:11:11", "delta": 28.959738}}
{"target": 7.725333333333334, "params": {"beta_rec": 0.8781425034294131, "gamma_fc": 0.42110762500505217, "cue_position": 6.0, "beta_enc": 0.1698304195645689}, "datetime": {"elapsed": 246.810177, "datetime": "2021-08-25 12:11:49", "delta": 37.928178}}
{"target": 4.426222222222222, "params": {"beta_rec": 0.5331652849730171, "gamma_fc": 0.31551563100606295, "cue_position": 6.0, "beta_enc": 0.9578895301505019}, "datetime": {"elapsed": 274.516852, "datetime": "2021-08-25 12:12:17", "delta": 27.706675}}
{"target": 6.386666666666667, "params": {"beta_rec": 0.8346256718973729, "gamma_fc": 0.7501443149449675, "cue_position": 6.0, "beta_enc": 0.6865009276815837}, "datetime": {"elapsed": 308.363544, "datetime": "2021-08-25 12:12:51", "delta": 33.846692}}
{"target": 3.0311111111111115, "params": {"beta_rec": 0.7481656543798394, "gamma_fc": 0.7892793284514885, "cue_position": 6.0, "beta_enc": 0.9888610889064947}, "datetime": {"elapsed": 331.585504, "datetime": "2021-08-25 12:13:14", "delta": 23.22196}}
{"target": 7.708888888888889, "params": {"beta_rec": 0.44789352617590517, "gamma_fc": 0.2936141483736795, "cue_position": 6.0, "beta_enc": 0.10322600657764203}, "datetime": {"elapsed": 369.449369, "datetime": "2021-08-25 12:13:52", "delta": 37.863865}}
{"target": 7.636666666666668, "params": {"beta_rec": 0.13002857211827767, "gamma_fc": 0.678835532939891, "cue_position": 6.0, "beta_enc": 0.28777533858634874}, "datetime": {"elapsed": 407.099386, "datetime": "2021-08-25 12:14:29", "delta": 37.650017}}
{"target": 7.685777777777778, "params": {"beta_rec": 0.2655466593722262, "gamma_fc": 0.053362545117080384, "cue_position": 6.0, "beta_enc": 0.21162811600005904}, "datetime": {"elapsed": 444.860245, "datetime": "2021-08-25 12:15:07", "delta": 37.760859}}
{"target": 6.934222222222222, "params": {"beta_rec": 0.14672857490581015, "gamma_fc": 0.6997583600209312, "cue_position": 6.0, "beta_enc": 0.5741176054920131}, "datetime": {"elapsed": 480.333773, "datetime": "2021-08-25 12:15:42", "delta": 35.473528}}
{"target": 7.718888888888889, "params": {"beta_rec": 0.4140559878195683, "gamma_fc": 0.41417926952690265, "cue_position": 6.0, "beta_enc": 0.10233442882782584}, "datetime": {"elapsed": 518.069287, "datetime": "2021-08-25 12:16:20", "delta": 37.735514}}
{"target": 7.716666666666667, "params": {"beta_rec": 0.5358964059155116, "gamma_fc": 0.5148891120583086, "cue_position": 6.0, "beta_enc": 0.04995345894608716}, "datetime": {"elapsed": 555.846942, "datetime": "2021-08-25 12:16:58", "delta": 37.777655}}
{"target": 4.652888888888889, "params": {"beta_rec": 0.5865550405019929, "gamma_fc": 0.13747470414623753, "cue_position": 6.0, "beta_enc": 0.9445947559908133}, "datetime": {"elapsed": 584.245859, "datetime": "2021-08-25 12:17:26", "delta": 28.398917}}
{"target": 7.653777777777778, "params": {"beta_rec": 0.8073912887095238, "gamma_fc": 0.16535419711693278, "cue_position": 6.0, "beta_enc": 0.13927634725075855}, "datetime": {"elapsed": 621.975346, "datetime": "2021-08-25 12:18:04", "delta": 37.729487}}
{"target": 4.564, "params": {"beta_rec": 0.34776585974550656, "gamma_fc": 0.7259979853504515, "cue_position": 6.0, "beta_enc": 0.9275085803960339}, "datetime": {"elapsed": 650.075161, "datetime": "2021-08-25 12:18:32", "delta": 28.099815}}
{"target": 4.860666666666667, "params": {"beta_rec": 0.6236722070556089, "gamma_fc": 0.34889834197784253, "cue_position": 6.0, "beta_enc": 0.8833060912058098}, "datetime": {"elapsed": 679.105495, "datetime": "2021-08-25 12:19:01", "delta": 29.030334}}
{"target": 7.6497777777777785, "params": {"beta_rec": 0.8958862181960668, "gamma_fc": 0.9648400471483856, "cue_position": 6.0, "beta_enc": 0.2699278917650261}, "datetime": {"elapsed": 716.691798, "datetime": "2021-08-25 12:19:39", "delta": 37.586303}}
{"target": 6.602222222222222, "params": {"beta_rec": 0.6216957202091218, "gamma_fc": 0.9494892587070712, "cue_position": 6.0, "beta_enc": 0.6634414978184481}, "datetime": {"elapsed": 751.11502, "datetime": "2021-08-25 12:20:13", "delta": 34.423222}}
{"target": 6.978, "params": {"beta_rec": 0.5783896143871318, "gamma_fc": 0.2370269802430277, "cue_position": 6.0, "beta_enc": 0.4499121334799405}, "datetime": {"elapsed": 786.78933, "datetime": "2021-08-25 12:20:49", "delta": 35.67431}}
{"target": 4.706888888888889, "params": {"beta_rec": 0.5736794866722859, "gamma_fc": 0.6171449136207239, "cue_position": 6.0, "beta_enc": 0.9033795205622538}, "datetime": {"elapsed": 815.36165, "datetime": "2021-08-25 12:21:18", "delta": 28.57232}}
{"target": 7.492666666666667, "params": {"beta_rec": 0.5270581022576093, "gamma_fc": 0.35726976000249977, "cue_position": 6.0, "beta_enc": 0.32664490177209615}, "datetime": {"elapsed": 852.485423, "datetime": "2021-08-25 12:21:55", "delta": 37.123773}}
{"target": 4.572444444444445, "params": {"beta_rec": 0.6233601157918027, "gamma_fc": 0.9294372337437613, "cue_position": 6.0, "beta_enc": 0.9085351509197992}, "datetime": {"elapsed": 880.575997, "datetime": "2021-08-25 12:22:23", "delta": 28.090574}}
{"target": 6.236666666666666, "params": {"beta_rec": 0.9973228504514805, "gamma_fc": 0.13713574962887776, "cue_position": 6.0, "beta_enc": 0.690896917516924}, "datetime": {"elapsed": 913.919225, "datetime": "2021-08-25 12:22:56", "delta": 33.343228}}
{"target": 4.398, "params": {"beta_rec": 0.6968181614899002, "gamma_fc": 0.7554630526024664, "cue_position": 6.0, "beta_enc": 0.9325954630371636}, "datetime": {"elapsed": 941.50566, "datetime": "2021-08-25 12:23:24", "delta": 27.586435}}
{"target": 5.598444444444445, "params": {"beta_rec": 0.9230245355464833, "gamma_fc": 0.1242709619721647, "cue_position": 6.0, "beta_enc": 0.7538761884612464}, "datetime": {"elapsed": 974.251237, "datetime": "2021-08-25 12:23:56", "delta": 32.745577}}
{"target": 7.723555555555556, "params": {"beta_rec": 0.026210986877719278, "gamma_fc": 0.2462110676030459, "cue_position": 6.0, "beta_enc": 0.01988013383979559}, "datetime": {"elapsed": 1012.77193, "datetime": "2021-08-25 12:24:35", "delta": 38.520693}}
{"target": 5.178888888888888, "params": {"beta_rec": 0.5388310643416528, "gamma_fc": 0.8420308923596057, "cue_position": 6.0, "beta_enc": 0.860027948682888}, "datetime": {"elapsed": 1042.835199, "datetime": "2021-08-25 12:25:05", "delta": 30.063269}}
{"target": 7.723333333333334, "params": {"beta_rec": 0.2791836790111395, "gamma_fc": 0.9695957483196745, "cue_position": 6.0, "beta_enc": 0.12417331511991114}, "datetime": {"elapsed": 1080.570626, "datetime": "2021-08-25 12:25:43", "delta": 37.735427}}
{"target": 6.8917777777777784, "params": {"beta_rec": 0.01864728937294302, "gamma_fc": 0.23297427384102043, "cue_position": 6.0, "beta_enc": 0.56103021925571}, "datetime": {"elapsed": 1115.879364, "datetime": "2021-08-25 12:26:18", "delta": 35.308738}}
{"target": 5.636222222222223, "params": {"beta_rec": 0.38786064406417176, "gamma_fc": 0.7471216427371846, "cue_position": 6.0, "beta_enc": 0.8071051956187791}, "datetime": {"elapsed": 1147.455497, "datetime": "2021-08-25 12:26:50", "delta": 31.576133}}
{"target": 6.794444444444444, "params": {"beta_rec": 0.13645522566068502, "gamma_fc": 0.12134345574073735, "cue_position": 6.0, "beta_enc": 0.5562402339904189}, "datetime": {"elapsed": 1182.540029, "datetime": "2021-08-25 12:27:25", "delta": 35.084532}}
{"target": 7.706444444444445, "params": {"beta_rec": 0.1074941291060929, "gamma_fc": 0.7129889803826767, "cue_position": 6.0, "beta_enc": 0.044551878544761725}, "datetime": {"elapsed": 1220.326792, "datetime": "2021-08-25 12:28:02", "delta": 37.786763}}
{"target": 6.870444444444445, "params": {"beta_rec": 0.012555980159115854, "gamma_fc": 0.967276330000272, "cue_position": 6.0, "beta_enc": 0.5597169820541424}, "datetime": {"elapsed": 1255.628182, "datetime": "2021-08-25 12:28:38", "delta": 35.30139}}
{"target": 6.97488888888889, "params": {"beta_rec": 0.20329323466099047, "gamma_fc": 0.7438258540750929, "cue_position": 6.0, "beta_enc": 0.5681004619199421}, "datetime": {"elapsed": 1291.147557, "datetime": "2021-08-25 12:29:13", "delta": 35.519375}}
{"target": 7.686888888888889, "params": {"beta_rec": 0.5813589272732578, "gamma_fc": 0.8468288014900353, "cue_position": 6.0, "beta_enc": 0.1954294811093188}, "datetime": {"elapsed": 1328.8436, "datetime": "2021-08-25 12:29:51", "delta": 37.696043}}
{"target": 7.726222222222222, "params": {"beta_rec": 0.49376971426872995, "gamma_fc": 0.8289808995501787, "cue_position": 6.0, "beta_enc": 0.23984775914758616}, "datetime": {"elapsed": 1366.641154, "datetime": "2021-08-25 12:30:29", "delta": 37.797554}}
{"target": 7.727111111111111, "params": {"beta_rec": 0.018576202177409518, "gamma_fc": 0.4863451109370318, "cue_position": 6.0, "beta_enc": 0.15679139464608427}, "datetime": {"elapsed": 1404.462385, "datetime": "2021-08-25 12:31:07", "delta": 37.821231}}
{"target": 6.929333333333332, "params": {"beta_rec": 0.5688514370864813, "gamma_fc": 0.9886161544124489, "cue_position": 6.0, "beta_enc": 0.6063294616533303}, "datetime": {"elapsed": 1439.858348, "datetime": "2021-08-25 12:31:42", "delta": 35.395963}}
{"target": 6.932, "params": {"beta_rec": 0.3801411726235504, "gamma_fc": 0.7453344309065021, "cue_position": 6.0, "beta_enc": 0.5797452192457969}, "datetime": {"elapsed": 1475.301339, "datetime": "2021-08-25 12:32:17", "delta": 35.442991}}
{"target": 6.245333333333333, "params": {"beta_rec": 0.2649195576628094, "gamma_fc": 0.3700841979141063, "cue_position": 6.0, "beta_enc": 0.6692328934531846}, "datetime": {"elapsed": 1508.707767, "datetime": "2021-08-25 12:32:51", "delta": 33.406428}}
{"target": 6.354222222222222, "params": {"beta_rec": 0.2101740099148396, "gamma_fc": 0.06653648135411494, "cue_position": 6.0, "beta_enc": 0.6297175070215645}, "datetime": {"elapsed": 1542.471688, "datetime": "2021-08-25 12:33:25", "delta": 33.763921}}
{"target": 7.638222222222223, "params": {"beta_rec": 0.8047545637433454, "gamma_fc": 0.6394608808799401, "cue_position": 6.0, "beta_enc": 0.26031509857854096}, "datetime": {"elapsed": 1580.024784, "datetime": "2021-08-25 12:34:02", "delta": 37.553096}}
{"target": 6.417111111111112, "params": {"beta_rec": 0.9248079703993507, "gamma_fc": 0.06596109068402378, "cue_position": 6.0, "beta_enc": 0.5246703091237337}, "datetime": {"elapsed": 1613.877716, "datetime": "2021-08-25 12:34:36", "delta": 33.852932}}
{"target": 6.1097777777777775, "params": {"beta_rec": 0.7721780295432468, "gamma_fc": 0.9319720691968373, "cue_position": 6.0, "beta_enc": 0.7350659632886695}, "datetime": {"elapsed": 1646.828086, "datetime": "2021-08-25 12:35:09", "delta": 32.95037}}
{"target": 7.7184444444444456, "params": {"beta_rec": 0.2343620861214205, "gamma_fc": 0.9490163206876164, "cue_position": 6.0, "beta_enc": 0.013951572975597015}, "datetime": {"elapsed": 1684.664234, "datetime": "2021-08-25 12:35:47", "delta": 37.836148}}
{"target": 4.273333333333333, "params": {"beta_rec": 0.5566531881951564, "gamma_fc": 0.6415662089463375, "cue_position": 6.0, "beta_enc": 0.9501761192470797}, "datetime": {"elapsed": 1711.896288, "datetime": "2021-08-25 12:36:14", "delta": 27.232054}}
{"target": 7.474444444444444, "params": {"beta_rec": 0.48599066709690975, "gamma_fc": 0.5495479215085626, "cue_position": 6.0, "beta_enc": 0.39000771414124624}, "datetime": {"elapsed": 1748.994575, "datetime": "2021-08-25 12:36:51", "delta": 37.098287}}
{"target": 4.332, "params": {"beta_rec": 0.9187334356336061, "gamma_fc": 0.9632625284407118, "cue_position": 6.0, "beta_enc": 0.9261814267064536}, "datetime": {"elapsed": 1776.419034, "datetime": "2021-08-25 12:37:19", "delta": 27.424459}}
{"target": 7.74888888888889, "params": {"beta_rec": 0.12632951943963733, "gamma_fc": 0.5056621656768967, "cue_position": 6.0, "beta_enc": 0.17395566668046436}, "datetime": {"elapsed": 1814.296482, "datetime": "2021-08-25 12:37:56", "delta": 37.877448}}
{"target": 7.770666666666666, "params": {"beta_rec": 0.947970211217681, "gamma_fc": 0.015018980742122379, "cue_position": 6.0, "beta_enc": 0.021524805274197978}, "datetime": {"elapsed": 1852.252361, "datetime": "2021-08-25 12:38:34", "delta": 37.955879}}
{"target": 7.676, "params": {"beta_rec": 0.332063574366837, "gamma_fc": 0.8094906921265821, "cue_position": 6.0, "beta_enc": 0.17619625557505525}, "datetime": {"elapsed": 1889.913419, "datetime": "2021-08-25 12:39:12", "delta": 37.661058}}
{"target": 7.605111111111111, "params": {"beta_rec": 0.9401074823333672, "gamma_fc": 0.8788319844118441, "cue_position": 6.0, "beta_enc": 0.34473665268329345}, "datetime": {"elapsed": 1927.393907, "datetime": "2021-08-25 12:39:50", "delta": 37.480488}}
{"target": 5.023777777777778, "params": {"beta_rec": 0.9053923187086492, "gamma_fc": 0.5463468160203733, "cue_position": 6.0, "beta_enc": 0.8447344453922219}, "datetime": {"elapsed": 1957.026439, "datetime": "2021-08-25 12:40:19", "delta": 29.632532}}
{"target": 5.6353333333333335, "params": {"beta_rec": 0.28571885173414757, "gamma_fc": 0.5991103076458784, "cue_position": 6.0, "beta_enc": 0.7986035911520394}, "datetime": {"elapsed": 1988.598324, "datetime": "2021-08-25 12:40:51", "delta": 31.571885}}
{"target": 7.75688888888889, "params": {"beta_rec": 0.5934814081966372, "gamma_fc": 0.8073605288848414, "cue_position": 6.0, "beta_enc": 0.015533275550835723}, "datetime": {"elapsed": 2026.55759, "datetime": "2021-08-25 12:41:29", "delta": 37.959266}}
{"target": 7.356222222222222, "params": {"beta_rec": 0.8928887085251513, "gamma_fc": 0.18401020162746506, "cue_position": 6.0, "beta_enc": 0.31524480309537295}, "datetime": {"elapsed": 2063.292389, "datetime": "2021-08-25 12:42:05", "delta": 36.734799}}
{"target": 5.429555555555555, "params": {"beta_rec": 0.6120311770449339, "gamma_fc": 0.4201936800011322, "cue_position": 6.0, "beta_enc": 0.7879292338255043}, "datetime": {"elapsed": 2094.187608, "datetime": "2021-08-25 12:42:36", "delta": 30.895219}}
{"target": 6.51888888888889, "params": {"beta_rec": 0.9186017779775258, "gamma_fc": 0.9767591490310596, "cue_position": 6.0, "beta_enc": 0.6790688365654296}, "datetime": {"elapsed": 2128.343843, "datetime": "2021-08-25 12:43:11", "delta": 34.156235}}
{"target": 7.558222222222223, "params": {"beta_rec": 0.9737835383583225, "gamma_fc": 0.828845807980693, "cue_position": 6.0, "beta_enc": 0.37658031474577447}, "datetime": {"elapsed": 2165.593362, "datetime": "2021-08-25 12:43:48", "delta": 37.249519}}
{"target": 6.905111111111111, "params": {"beta_rec": 0.6280761983073504, "gamma_fc": 0.586833340656083, "cue_position": 6.0, "beta_enc": 0.5747115047081023}, "datetime": {"elapsed": 2200.944837, "datetime": "2021-08-25 12:44:23", "delta": 35.351475}}
{"target": 5.866222222222222, "params": {"beta_rec": 0.8583138364290424, "gamma_fc": 0.698057248447303, "cue_position": 6.0, "beta_enc": 0.7500217637026599}, "datetime": {"elapsed": 2233.140528, "datetime": "2021-08-25 12:44:55", "delta": 32.195691}}
{"target": 5.108888888888889, "params": {"beta_rec": 0.32268099683674645, "gamma_fc": 0.45087393641334916, "cue_position": 6.0, "beta_enc": 0.8644794300545998}, "datetime": {"elapsed": 2263.058912, "datetime": "2021-08-25 12:45:25", "delta": 29.918384}}
{"target": 7.350444444444444, "params": {"beta_rec": 0.4108113499221856, "gamma_fc": 0.3173839459582769, "cue_position": 6.0, "beta_enc": 0.3821027520315172}, "datetime": {"elapsed": 2299.758862, "datetime": "2021-08-25 12:46:02", "delta": 36.69995}}
{"target": 6.678888888888889, "params": {"beta_rec": 0.43024727082126435, "gamma_fc": 0.6778008914343111, "cue_position": 6.0, "beta_enc": 0.6219193679203014}, "datetime": {"elapsed": 2334.392001, "datetime": "2021-08-25 12:46:37", "delta": 34.633139}}
{"target": 7.703555555555556, "params": {"beta_rec": 0.4267010093480328, "gamma_fc": 0.7976388039585666, "cue_position": 6.0, "beta_enc": 0.19856988842711087}, "datetime": {"elapsed": 2372.098631, "datetime": "2021-08-25 12:47:14", "delta": 37.70663}}
{"target": 4.8102222222222215, "params": {"beta_rec": 0.903841955826372, "gamma_fc": 0.2702082620297578, "cue_position": 6.0, "beta_enc": 0.8799982885634318}, "datetime": {"elapsed": 2400.993378, "datetime": "2021-08-25 12:47:43", "delta": 28.894747}}
{"target": 7.680444444444444, "params": {"beta_rec": 0.8548979426974024, "gamma_fc": 0.8021610840045981, "cue_position": 6.0, "beta_enc": 0.25236670150458973}, "datetime": {"elapsed": 2438.69128, "datetime": "2021-08-25 12:48:21", "delta": 37.697902}}
{"target": 7.052444444444444, "params": {"beta_rec": 0.7331425252875111, "gamma_fc": 0.770883910501888, "cue_position": 6.0, "beta_enc": 0.5724885171916063}, "datetime": {"elapsed": 2474.458452, "datetime": "2021-08-25 12:48:57", "delta": 35.767172}}
{"target": 6.356222222222223, "params": {"beta_rec": 0.4657098785919809, "gamma_fc": 0.06820934841670412, "cue_position": 6.0, "beta_enc": 0.5688579907047155}, "datetime": {"elapsed": 2508.17128, "datetime": "2021-08-25 12:49:30", "delta": 33.712828}}
{"target": 7.412222222222222, "params": {"beta_rec": 0.07962607769825236, "gamma_fc": 0.18161285133076377, "cue_position": 6.0, "beta_enc": 0.37792417932809985}, "datetime": {"elapsed": 2545.081525, "datetime": "2021-08-25 12:50:07", "delta": 36.910245}}
{"target": 5.260666666666666, "params": {"beta_rec": 0.8749616449558981, "gamma_fc": 0.5694944127453757, "cue_position": 6.0, "beta_enc": 0.8118586977205398}, "datetime": {"elapsed": 2575.290295, "datetime": "2021-08-25 12:50:37", "delta": 30.20877}}
{"target": 7.686666666666666, "params": {"beta_rec": 0.4668800227633063, "gamma_fc": 0.2250399578140846, "cue_position": 6.0, "beta_enc": 0.16097143681560877}, "datetime": {"elapsed": 2613.018986, "datetime": "2021-08-25 12:51:15", "delta": 37.728691}}
{"target": 6.907555555555556, "params": {"beta_rec": 0.31226983770191696, "gamma_fc": 0.9096355249515571, "cue_position": 6.0, "beta_enc": 0.5925118687657968}, "datetime": {"elapsed": 2648.399333, "datetime": "2021-08-25 12:51:51", "delta": 35.380347}}
{"target": 7.6688888888888895, "params": {"beta_rec": 0.1108913007440292, "gamma_fc": 0.49958417067888605, "cue_position": 6.0, "beta_enc": 0.2571182937821962}, "datetime": {"elapsed": 2686.029045, "datetime": "2021-08-25 12:52:28", "delta": 37.629712}}
{"target": 6.182444444444445, "params": {"beta_rec": 0.20819443840879148, "gamma_fc": 0.851671874936367, "cue_position": 6.0, "beta_enc": 0.7285856679745962}, "datetime": {"elapsed": 2719.211042, "datetime": "2021-08-25 12:53:01", "delta": 33.181997}}
{"target": 6.8937777777777764, "params": {"beta_rec": 0.6166850671552362, "gamma_fc": 0.10196725942579743, "cue_position": 6.0, "beta_enc": 0.41584871826752734}, "datetime": {"elapsed": 2755.592356, "datetime": "2021-08-25 12:53:38", "delta": 36.381314}}
{"target": 7.104444444444445, "params": {"beta_rec": 0.47714098704978236, "gamma_fc": 0.6218062317404155, "cue_position": 6.0, "beta_enc": 0.5158570169685298}, "datetime": {"elapsed": 2792.230869, "datetime": "2021-08-25 12:54:14", "delta": 36.638513}}
{"target": 7.126666666666667, "params": {"beta_rec": 0.6541373469707443, "gamma_fc": 0.7515278171352439, "cue_position": 6.0, "beta_enc": 0.5440101188139381}, "datetime": {"elapsed": 2828.280413, "datetime": "2021-08-25 12:54:50", "delta": 36.049544}}
{"target": 7.462888888888889, "params": {"beta_rec": 0.519351824366033, "gamma_fc": 0.02233042799180618, "cue_position": 6.0, "beta_enc": 0.2220491397999227}, "datetime": {"elapsed": 2865.337507, "datetime": "2021-08-25 12:55:27", "delta": 37.057094}}
{"target": 7.575555555555556, "params": {"beta_rec": 0.872922376400111, "gamma_fc": 0.5384405925945437, "cue_position": 6.0, "beta_enc": 0.3243624597261865}, "datetime": {"elapsed": 2902.722076, "datetime": "2021-08-25 12:56:05", "delta": 37.384569}}
{"target": 4.908444444444444, "params": {"beta_rec": 0.9498059913536265, "gamma_fc": 0.8541154438365387, "cue_position": 6.0, "beta_enc": 0.866608274166513}, "datetime": {"elapsed": 2931.944294, "datetime": "2021-08-25 12:56:34", "delta": 29.222218}}
{"target": 7.714888888888889, "params": {"beta_rec": 0.651304332340991, "gamma_fc": 0.6102408126466297, "cue_position": 6.0, "beta_enc": 0.09874340182034835}, "datetime": {"elapsed": 2969.710628, "datetime": "2021-08-25 12:57:12", "delta": 37.766334}}
