{"target": 5.634444444444444, "params": {"cue_position": 5.0, "gamma_fc": 0.30233257263183977, "beta_rec": 0.7203244934421581, "beta_enc": 0.417022004702574}, "datetime": {"elapsed": 0.0, "delta": 0.0, "datetime": "2021-08-17 10:21:14"}}
{"target": 8.668888888888889, "params": {"cue_position": 5.0, "gamma_fc": 0.34556072704304774, "beta_rec": 0.0923385947687978, "beta_enc": 0.14675589081711304}, "datetime": {"elapsed": 107.246822, "delta": 107.246822, "datetime": "2021-08-17 10:23:01"}}
{"target": 7.107777777777778, "params": {"cue_position": 5.0, "gamma_fc": 0.6852195003967595, "beta_rec": 0.538816734003357, "beta_enc": 0.39676747423066994}, "datetime": {"elapsed": 213.669125, "delta": 106.422303, "datetime": "2021-08-17 10:24:47"}}
{"target": 6.446666666666666, "params": {"cue_position": 5.0, "gamma_fc": 0.6704675101784022, "beta_rec": 0.8781174363909454, "beta_enc": 0.20445224973151743}, "datetime": {"elapsed": 320.077329, "delta": 106.408204, "datetime": "2021-08-17 10:26:34"}}
{"target": 6.121111111111111, "params": {"cue_position": 5.0, "gamma_fc": 0.1981014890848788, "beta_rec": 0.5586898284457517, "beta_enc": 0.41730480236712697}, "datetime": {"elapsed": 426.313997, "delta": 106.236668, "datetime": "2021-08-17 10:28:20"}}
{"target": 4.305555555555555, "params": {"cue_position": 5.0, "gamma_fc": 0.6923226156693141, "beta_rec": 0.9682615757193975, "beta_enc": 0.8007445686755367}, "datetime": {"elapsed": 532.791686, "delta": 106.477689, "datetime": "2021-08-17 10:30:06"}}
{"target": 0.17555555555555555, "params": {"cue_position": 5.0, "gamma_fc": 0.03905478323288236, "beta_rec": 0.8946066635038473, "beta_enc": 0.8763891522960383}, "datetime": {"elapsed": 639.40163, "delta": 106.609944, "datetime": "2021-08-17 10:31:53"}}
{"target": 5.366666666666666, "params": {"cue_position": 5.0, "gamma_fc": 0.42110762500505217, "beta_rec": 0.8781425034294131, "beta_enc": 0.1698304195645689}, "datetime": {"elapsed": 745.402835, "delta": 106.001205, "datetime": "2021-08-17 10:33:39"}}
{"target": 2.7855555555555553, "params": {"cue_position": 5.0, "gamma_fc": 0.31551563100606295, "beta_rec": 0.5331652849730171, "beta_enc": 0.9578895301505019}, "datetime": {"elapsed": 851.165062, "delta": 105.762227, "datetime": "2021-08-17 10:35:25"}}
{"target": 4.703333333333333, "params": {"cue_position": 5.0, "gamma_fc": 0.7501443149449675, "beta_rec": 0.8346256718973729, "beta_enc": 0.6865009276815837}, "datetime": {"elapsed": 957.438009, "delta": 106.272947, "datetime": "2021-08-17 10:37:11"}}
{"target": 1.8655555555555556, "params": {"cue_position": 5.0, "gamma_fc": 0.7892793284514885, "beta_rec": 0.7481656543798394, "beta_enc": 0.9888610889064947}, "datetime": {"elapsed": 1062.852634, "delta": 105.414625, "datetime": "2021-08-17 10:38:56"}}
{"target": 7.724444444444444, "params": {"cue_position": 5.0, "gamma_fc": 0.2936141483736795, "beta_rec": 0.44789352617590517, "beta_enc": 0.10322600657764203}, "datetime": {"elapsed": 1169.960933, "delta": 107.108299, "datetime": "2021-08-17 10:40:44"}}
{"target": 8.446666666666667, "params": {"cue_position": 5.0, "gamma_fc": 0.678835532939891, "beta_rec": 0.13002857211827767, "beta_enc": 0.28777533858634874}, "datetime": {"elapsed": 1275.122171, "delta": 105.161238, "datetime": "2021-08-17 10:42:29"}}
{"target": 7.992222222222222, "params": {"cue_position": 5.0, "gamma_fc": 0.053362545117080384, "beta_rec": 0.2655466593722262, "beta_enc": 0.21162811600005904}, "datetime": {"elapsed": 1376.933889, "delta": 101.811718, "datetime": "2021-08-17 10:44:10"}}
{"target": 5.977777777777778, "params": {"cue_position": 5.0, "gamma_fc": 0.6997583600209312, "beta_rec": 0.14672857490581015, "beta_enc": 0.5741176054920131}, "datetime": {"elapsed": 1477.887951, "delta": 100.954062, "datetime": "2021-08-17 10:45:51"}}
{"target": 8.03, "params": {"cue_position": 5.0, "gamma_fc": 0.41417926952690265, "beta_rec": 0.4140559878195683, "beta_enc": 0.10233442882782584}, "datetime": {"elapsed": 1579.468728, "delta": 101.580777, "datetime": "2021-08-17 10:47:33"}}
{"target": 7.695555555555556, "params": {"cue_position": 5.0, "gamma_fc": 0.5148891120583086, "beta_rec": 0.5358964059155116, "beta_enc": 0.04995345894608716}, "datetime": {"elapsed": 1680.64958, "delta": 101.180852, "datetime": "2021-08-17 10:49:14"}}
{"target": 3.628888888888889, "params": {"cue_position": 5.0, "gamma_fc": 0.13747470414623753, "beta_rec": 0.5865550405019929, "beta_enc": 0.9445947559908133}, "datetime": {"elapsed": 1780.947637, "delta": 100.298057, "datetime": "2021-08-17 10:50:55"}}
{"target": 3.9266666666666667, "params": {"cue_position": 5.0, "gamma_fc": 0.16535419711693278, "beta_rec": 0.8073912887095238, "beta_enc": 0.13927634725075855}, "datetime": {"elapsed": 1880.797736, "delta": 99.850099, "datetime": "2021-08-17 10:52:34"}}
{"target": 2.0966666666666667, "params": {"cue_position": 5.0, "gamma_fc": 0.7259979853504515, "beta_rec": 0.34776585974550656, "beta_enc": 0.9275085803960339}, "datetime": {"elapsed": 1980.431608, "delta": 99.633872, "datetime": "2021-08-17 10:54:14"}}
{"target": 4.271111111111111, "params": {"cue_position": 5.0, "gamma_fc": 0.34889834197784253, "beta_rec": 0.6236722070556089, "beta_enc": 0.8833060912058098}, "datetime": {"elapsed": 2080.943839, "delta": 100.512231, "datetime": "2021-08-17 10:55:55"}}
{"target": 6.855555555555555, "params": {"cue_position": 5.0, "gamma_fc": 0.9648400471483856, "beta_rec": 0.8958862181960668, "beta_enc": 0.2699278917650261}, "datetime": {"elapsed": 2182.756656, "delta": 101.812817, "datetime": "2021-08-17 10:57:36"}}
{"target": 5.22, "params": {"cue_position": 5.0, "gamma_fc": 0.9494892587070712, "beta_rec": 0.6216957202091218, "beta_enc": 0.6634414978184481}, "datetime": {"elapsed": 2284.19899, "delta": 101.442334, "datetime": "2021-08-17 10:59:18"}}
{"target": 6.105555555555555, "params": {"cue_position": 5.0, "gamma_fc": 0.2370269802430277, "beta_rec": 0.5783896143871318, "beta_enc": 0.4499121334799405}, "datetime": {"elapsed": 2386.229355, "delta": 102.030365, "datetime": "2021-08-17 11:01:00"}}
{"target": 3.247777777777778, "params": {"cue_position": 5.0, "gamma_fc": 0.6171449136207239, "beta_rec": 0.5736794866722859, "beta_enc": 0.9033795205622538}, "datetime": {"elapsed": 2487.899332, "delta": 101.669977, "datetime": "2021-08-17 11:02:41"}}
{"target": 7.055555555555555, "params": {"cue_position": 5.0, "gamma_fc": 0.35726976000249977, "beta_rec": 0.5270581022576093, "beta_enc": 0.32664490177209615}, "datetime": {"elapsed": 2590.661264, "delta": 102.761932, "datetime": "2021-08-17 11:04:24"}}
{"target": 2.8444444444444446, "params": {"cue_position": 5.0, "gamma_fc": 0.9294372337437613, "beta_rec": 0.6233601157918027, "beta_enc": 0.9085351509197992}, "datetime": {"elapsed": 2692.218587, "delta": 101.557323, "datetime": "2021-08-17 11:06:06"}}
{"target": 3.6822222222222223, "params": {"cue_position": 5.0, "gamma_fc": 0.13713574962887776, "beta_rec": 0.9973228504514805, "beta_enc": 0.690896917516924}, "datetime": {"elapsed": 2794.942328, "delta": 102.723741, "datetime": "2021-08-17 11:07:49"}}
{"target": 2.942222222222222, "params": {"cue_position": 5.0, "gamma_fc": 0.7554630526024664, "beta_rec": 0.6968181614899002, "beta_enc": 0.9325954630371636}, "datetime": {"elapsed": 2896.9728, "delta": 102.030472, "datetime": "2021-08-17 11:09:31"}}
{"target": 4.206666666666667, "params": {"cue_position": 5.0, "gamma_fc": 0.1242709619721647, "beta_rec": 0.9230245355464833, "beta_enc": 0.7538761884612464}, "datetime": {"elapsed": 2998.786247, "delta": 101.813447, "datetime": "2021-08-17 11:11:12"}}
{"target": 8.664444444444445, "params": {"cue_position": 5.0, "gamma_fc": 0.2462110676030459, "beta_rec": 0.026210986877719278, "beta_enc": 0.01988013383979559}, "datetime": {"elapsed": 3101.836309, "delta": 103.050062, "datetime": "2021-08-17 11:12:55"}}
{"target": 3.2855555555555553, "params": {"cue_position": 5.0, "gamma_fc": 0.8420308923596057, "beta_rec": 0.5388310643416528, "beta_enc": 0.860027948682888}, "datetime": {"elapsed": 3203.104538, "delta": 101.268229, "datetime": "2021-08-17 11:14:37"}}
{"target": 8.566666666666666, "params": {"cue_position": 5.0, "gamma_fc": 0.9695957483196745, "beta_rec": 0.2791836790111395, "beta_enc": 0.12417331511991114}, "datetime": {"elapsed": 3307.539834, "delta": 104.435296, "datetime": "2021-08-17 11:16:21"}}
{"target": 5.746666666666667, "params": {"cue_position": 5.0, "gamma_fc": 0.23297427384102043, "beta_rec": 0.01864728937294302, "beta_enc": 0.56103021925571}, "datetime": {"elapsed": 3413.190736, "delta": 105.650902, "datetime": "2021-08-17 11:18:07"}}
{"target": 3.6911111111111112, "params": {"cue_position": 5.0, "gamma_fc": 0.7471216427371846, "beta_rec": 0.38786064406417176, "beta_enc": 0.8071051956187791}, "datetime": {"elapsed": 3518.178403, "delta": 104.987667, "datetime": "2021-08-17 11:19:52"}}
{"target": 6.1177777777777775, "params": {"cue_position": 5.0, "gamma_fc": 0.12134345574073735, "beta_rec": 0.13645522566068502, "beta_enc": 0.5562402339904189}, "datetime": {"elapsed": 3623.900971, "delta": 105.722568, "datetime": "2021-08-17 11:21:37"}}
{"target": 8.605555555555556, "params": {"cue_position": 5.0, "gamma_fc": 0.7129889803826767, "beta_rec": 0.1074941291060929, "beta_enc": 0.044551878544761725}, "datetime": {"elapsed": 3730.468562, "delta": 106.567591, "datetime": "2021-08-17 11:23:24"}}
{"target": 5.7844444444444445, "params": {"cue_position": 5.0, "gamma_fc": 0.967276330000272, "beta_rec": 0.012555980159115854, "beta_enc": 0.5597169820541424}, "datetime": {"elapsed": 3836.919255, "delta": 106.450693, "datetime": "2021-08-17 11:25:10"}}
{"target": 6.167777777777777, "params": {"cue_position": 5.0, "gamma_fc": 0.7438258540750929, "beta_rec": 0.20329323466099047, "beta_enc": 0.5681004619199421}, "datetime": {"elapsed": 3943.603226, "delta": 106.683971, "datetime": "2021-08-17 11:26:57"}}
{"target": 7.953333333333333, "params": {"cue_position": 5.0, "gamma_fc": 0.8468288014900353, "beta_rec": 0.5813589272732578, "beta_enc": 0.1954294811093188}, "datetime": {"elapsed": 4050.702869, "delta": 107.099643, "datetime": "2021-08-17 11:28:44"}}
{"target": 8.057777777777778, "params": {"cue_position": 5.0, "gamma_fc": 0.8289808995501787, "beta_rec": 0.49376971426872995, "beta_enc": 0.23984775914758616}, "datetime": {"elapsed": 4157.509265, "delta": 106.806396, "datetime": "2021-08-17 11:30:31"}}
{"target": 8.704444444444444, "params": {"cue_position": 5.0, "gamma_fc": 0.4863451109370318, "beta_rec": 0.018576202177409518, "beta_enc": 0.15679139464608427}, "datetime": {"elapsed": 4265.07587, "delta": 107.566605, "datetime": "2021-08-17 11:32:19"}}
{"target": 5.7555555555555555, "params": {"cue_position": 5.0, "gamma_fc": 0.9886161544124489, "beta_rec": 0.5688514370864813, "beta_enc": 0.6063294616533303}, "datetime": {"elapsed": 4371.596008, "delta": 106.520138, "datetime": "2021-08-17 11:34:05"}}
{"target": 6.056666666666667, "params": {"cue_position": 5.0, "gamma_fc": 0.7453344309065021, "beta_rec": 0.3801411726235504, "beta_enc": 0.5797452192457969}, "datetime": {"elapsed": 4478.299319, "delta": 106.703311, "datetime": "2021-08-17 11:35:52"}}
{"target": 5.322222222222222, "params": {"cue_position": 5.0, "gamma_fc": 0.3700841979141063, "beta_rec": 0.2649195576628094, "beta_enc": 0.6692328934531846}, "datetime": {"elapsed": 4584.860196, "delta": 106.560877, "datetime": "2021-08-17 11:37:38"}}
{"target": 4.918888888888889, "params": {"cue_position": 5.0, "gamma_fc": 0.06653648135411494, "beta_rec": 0.2101740099148396, "beta_enc": 0.6297175070215645}, "datetime": {"elapsed": 4691.319345, "delta": 106.459149, "datetime": "2021-08-17 11:39:25"}}
{"target": 6.8, "params": {"cue_position": 5.0, "gamma_fc": 0.6394608808799401, "beta_rec": 0.8047545637433454, "beta_enc": 0.26031509857854096}, "datetime": {"elapsed": 4798.214667, "delta": 106.895322, "datetime": "2021-08-17 11:41:12"}}
{"target": 2.758888888888889, "params": {"cue_position": 5.0, "gamma_fc": 0.06596109068402378, "beta_rec": 0.9248079703993507, "beta_enc": 0.5246703091237337}, "datetime": {"elapsed": 4904.305491, "delta": 106.090824, "datetime": "2021-08-17 11:42:58"}}
{"target": 4.572222222222222, "params": {"cue_position": 5.0, "gamma_fc": 0.9319720691968373, "beta_rec": 0.7721780295432468, "beta_enc": 0.7350659632886695}, "datetime": {"elapsed": 5010.468193, "delta": 106.162702, "datetime": "2021-08-17 11:44:44"}}
{"target": 8.4, "params": {"cue_position": 5.0, "gamma_fc": 0.9490163206876164, "beta_rec": 0.2343620861214205, "beta_enc": 0.013951572975597015}, "datetime": {"elapsed": 5117.500298, "delta": 107.032105, "datetime": "2021-08-17 11:46:31"}}
{"target": 2.3766666666666665, "params": {"cue_position": 5.0, "gamma_fc": 0.6415662089463375, "beta_rec": 0.5566531881951564, "beta_enc": 0.9501761192470797}, "datetime": {"elapsed": 5222.750395, "delta": 105.250097, "datetime": "2021-08-17 11:48:16"}}
{"target": 7.302222222222222, "params": {"cue_position": 5.0, "gamma_fc": 0.5495479215085626, "beta_rec": 0.48599066709690975, "beta_enc": 0.39000771414124624}, "datetime": {"elapsed": 5328.942155, "delta": 106.19176, "datetime": "2021-08-17 11:50:03"}}
{"target": 3.263333333333333, "params": {"cue_position": 5.0, "gamma_fc": 0.9632625284407118, "beta_rec": 0.9187334356336061, "beta_enc": 0.9261814267064536}, "datetime": {"elapsed": 5434.804785, "delta": 105.86263, "datetime": "2021-08-17 11:51:48"}}
{"target": 8.686666666666667, "params": {"cue_position": 5.0, "gamma_fc": 0.5056621656768967, "beta_rec": 0.12632951943963733, "beta_enc": 0.17395566668046436}, "datetime": {"elapsed": 5541.757546, "delta": 106.952761, "datetime": "2021-08-17 11:53:35"}}
{"target": 0.0, "params": {"cue_position": 5.0, "gamma_fc": 0.015018980742122379, "beta_rec": 0.947970211217681, "beta_enc": 0.021524805274197978}, "datetime": {"elapsed": 5646.29494, "delta": 104.537394, "datetime": "2021-08-17 11:55:20"}}
{"target": 8.422222222222222, "params": {"cue_position": 5.0, "gamma_fc": 0.8094906921265821, "beta_rec": 0.332063574366837, "beta_enc": 0.17619625557505525}, "datetime": {"elapsed": 5752.976184, "delta": 106.681244, "datetime": "2021-08-17 11:57:07"}}
{"target": 6.314444444444445, "params": {"cue_position": 5.0, "gamma_fc": 0.8788319844118441, "beta_rec": 0.9401074823333672, "beta_enc": 0.34473665268329345}, "datetime": {"elapsed": 5859.347095, "delta": 106.370911, "datetime": "2021-08-17 11:58:53"}}
{"target": 4.278888888888889, "params": {"cue_position": 5.0, "gamma_fc": 0.5463468160203733, "beta_rec": 0.9053923187086492, "beta_enc": 0.8447344453922219}, "datetime": {"elapsed": 5965.881805, "delta": 106.53471, "datetime": "2021-08-17 12:00:39"}}
{"target": 3.6933333333333334, "params": {"cue_position": 5.0, "gamma_fc": 0.5991103076458784, "beta_rec": 0.28571885173414757, "beta_enc": 0.7986035911520394}, "datetime": {"elapsed": 6071.395427, "delta": 105.513622, "datetime": "2021-08-17 12:02:25"}}
{"target": 7.722222222222222, "params": {"cue_position": 5.0, "gamma_fc": 0.8073605288848414, "beta_rec": 0.5934814081966372, "beta_enc": 0.015533275550835723}, "datetime": {"elapsed": 6178.118269, "delta": 106.722842, "datetime": "2021-08-17 12:04:12"}}
{"target": 3.8155555555555556, "params": {"cue_position": 5.0, "gamma_fc": 0.18401020162746506, "beta_rec": 0.8928887085251513, "beta_enc": 0.31524480309537295}, "datetime": {"elapsed": 6283.628888, "delta": 105.510619, "datetime": "2021-08-17 12:05:57"}}
{"target": 4.762222222222222, "params": {"cue_position": 5.0, "gamma_fc": 0.4201936800011322, "beta_rec": 0.6120311770449339, "beta_enc": 0.7879292338255043}, "datetime": {"elapsed": 6389.700582, "delta": 106.071694, "datetime": "2021-08-17 12:07:43"}}
{"target": 4.653333333333333, "params": {"cue_position": 5.0, "gamma_fc": 0.9767591490310596, "beta_rec": 0.9186017779775258, "beta_enc": 0.6790688365654296}, "datetime": {"elapsed": 6495.594433, "delta": 105.893851, "datetime": "2021-08-17 12:09:29"}}
{"target": 5.954444444444444, "params": {"cue_position": 5.0, "gamma_fc": 0.828845807980693, "beta_rec": 0.9737835383583225, "beta_enc": 0.37658031474577447}, "datetime": {"elapsed": 6602.014812, "delta": 106.420379, "datetime": "2021-08-17 12:11:16"}}
{"target": 5.748888888888889, "params": {"cue_position": 5.0, "gamma_fc": 0.586833340656083, "beta_rec": 0.6280761983073504, "beta_enc": 0.5747115047081023}, "datetime": {"elapsed": 6708.264491, "delta": 106.249679, "datetime": "2021-08-17 12:13:02"}}
{"target": 4.593333333333334, "params": {"cue_position": 5.0, "gamma_fc": 0.698057248447303, "beta_rec": 0.8583138364290424, "beta_enc": 0.7500217637026599}, "datetime": {"elapsed": 6814.52484, "delta": 106.260349, "datetime": "2021-08-17 12:14:48"}}
{"target": 3.0533333333333332, "params": {"cue_position": 5.0, "gamma_fc": 0.45087393641334916, "beta_rec": 0.32268099683674645, "beta_enc": 0.8644794300545998}, "datetime": {"elapsed": 6919.699457, "delta": 105.174617, "datetime": "2021-08-17 12:16:33"}}
{"target": 7.153333333333333, "params": {"cue_position": 5.0, "gamma_fc": 0.3173839459582769, "beta_rec": 0.4108113499221856, "beta_enc": 0.3821027520315172}, "datetime": {"elapsed": 7026.228512, "delta": 106.529055, "datetime": "2021-08-17 12:18:20"}}
{"target": 5.748888888888889, "params": {"cue_position": 5.0, "gamma_fc": 0.6778008914343111, "beta_rec": 0.43024727082126435, "beta_enc": 0.6219193679203014}, "datetime": {"elapsed": 7132.176864, "delta": 105.948352, "datetime": "2021-08-17 12:20:06"}}
{"target": 8.294444444444444, "params": {"cue_position": 5.0, "gamma_fc": 0.7976388039585666, "beta_rec": 0.4267010093480328, "beta_enc": 0.19856988842711087}, "datetime": {"elapsed": 7239.050369, "delta": 106.873505, "datetime": "2021-08-17 12:21:53"}}
{"target": 4.391111111111111, "params": {"cue_position": 5.0, "gamma_fc": 0.2702082620297578, "beta_rec": 0.903841955826372, "beta_enc": 0.8799982885634318}, "datetime": {"elapsed": 7345.556903, "delta": 106.506534, "datetime": "2021-08-17 12:23:39"}}
{"target": 6.8933333333333335, "params": {"cue_position": 5.0, "gamma_fc": 0.8021610840045981, "beta_rec": 0.8548979426974024, "beta_enc": 0.25236670150458973}, "datetime": {"elapsed": 7451.842791, "delta": 106.285888, "datetime": "2021-08-17 12:25:25"}}
{"target": 5.5488888888888885, "params": {"cue_position": 5.0, "gamma_fc": 0.770883910501888, "beta_rec": 0.7331425252875111, "beta_enc": 0.5724885171916063}, "datetime": {"elapsed": 7558.095076, "delta": 106.252285, "datetime": "2021-08-17 12:27:12"}}
{"target": 5.704444444444444, "params": {"cue_position": 5.0, "gamma_fc": 0.06820934841670412, "beta_rec": 0.4657098785919809, "beta_enc": 0.5688579907047155}, "datetime": {"elapsed": 7664.689654, "delta": 106.594578, "datetime": "2021-08-17 12:28:58"}}
{"target": 7.8566666666666665, "params": {"cue_position": 5.0, "gamma_fc": 0.18161285133076377, "beta_rec": 0.07962607769825236, "beta_enc": 0.37792417932809985}, "datetime": {"elapsed": 7771.668599, "delta": 106.978945, "datetime": "2021-08-17 12:30:45"}}
{"target": 4.38, "params": {"cue_position": 5.0, "gamma_fc": 0.5694944127453757, "beta_rec": 0.8749616449558981, "beta_enc": 0.8118586977205398}, "datetime": {"elapsed": 7878.049271, "delta": 106.380672, "datetime": "2021-08-17 12:32:32"}}
{"target": 7.414444444444444, "params": {"cue_position": 5.0, "gamma_fc": 0.2250399578140846, "beta_rec": 0.4668800227633063, "beta_enc": 0.16097143681560877}, "datetime": {"elapsed": 7984.851033, "delta": 106.801762, "datetime": "2021-08-17 12:34:18"}}
{"target": 5.993333333333333, "params": {"cue_position": 5.0, "gamma_fc": 0.9096355249515571, "beta_rec": 0.31226983770191696, "beta_enc": 0.5925118687657968}, "datetime": {"elapsed": 8090.905803, "delta": 106.05477, "datetime": "2021-08-17 12:36:04"}}
{"target": 8.497777777777777, "params": {"cue_position": 5.0, "gamma_fc": 0.49958417067888605, "beta_rec": 0.1108913007440292, "beta_enc": 0.2571182937821962}, "datetime": {"elapsed": 8197.870866, "delta": 106.965063, "datetime": "2021-08-17 12:37:51"}}
{"target": 4.226666666666667, "params": {"cue_position": 5.0, "gamma_fc": 0.851671874936367, "beta_rec": 0.20819443840879148, "beta_enc": 0.7285856679745962}, "datetime": {"elapsed": 8303.171272, "delta": 105.300406, "datetime": "2021-08-17 12:39:37"}}
{"target": 5.536666666666667, "params": {"cue_position": 5.0, "gamma_fc": 0.10196725942579743, "beta_rec": 0.6166850671552362, "beta_enc": 0.41584871826752734}, "datetime": {"elapsed": 8408.858828, "delta": 105.687556, "datetime": "2021-08-17 12:41:22"}}
{"target": 6.415555555555556, "params": {"cue_position": 5.0, "gamma_fc": 0.6218062317404155, "beta_rec": 0.47714098704978236, "beta_enc": 0.5158570169685298}, "datetime": {"elapsed": 8514.814608, "delta": 105.95578, "datetime": "2021-08-17 12:43:08"}}
{"target": 5.944444444444445, "params": {"cue_position": 5.0, "gamma_fc": 0.7515278171352439, "beta_rec": 0.6541373469707443, "beta_enc": 0.5440101188139381}, "datetime": {"elapsed": 8620.568617, "delta": 105.754009, "datetime": "2021-08-17 12:44:54"}}
{"target": 2.0866666666666664, "params": {"cue_position": 5.0, "gamma_fc": 0.02233042799180618, "beta_rec": 0.519351824366033, "beta_enc": 0.2220491397999227}, "datetime": {"elapsed": 8726.462909, "delta": 105.894292, "datetime": "2021-08-17 12:46:40"}}
{"target": 5.873333333333333, "params": {"cue_position": 5.0, "gamma_fc": 0.5384405925945437, "beta_rec": 0.872922376400111, "beta_enc": 0.3243624597261865}, "datetime": {"elapsed": 8832.465151, "delta": 106.002242, "datetime": "2021-08-17 12:48:26"}}
{"target": 4.033333333333333, "params": {"cue_position": 5.0, "gamma_fc": 0.8541154438365387, "beta_rec": 0.9498059913536265, "beta_enc": 0.866608274166513}, "datetime": {"elapsed": 8938.552576, "delta": 106.087425, "datetime": "2021-08-17 12:50:12"}}
{"target": 7.431111111111111, "params": {"cue_position": 5.0, "gamma_fc": 0.6102408126466297, "beta_rec": 0.651304332340991, "beta_enc": 0.09874340182034835}, "datetime": {"elapsed": 9044.819236, "delta": 106.26666, "datetime": "2021-08-17 12:51:58"}}
