{"target": 14.054166666666667, "params": {"cue_position": 0.0, "beta_enc": 0.9070200713187102, "gamma_cf": 1.0, "beta_rec": 0.9368538214803324, "gamma_fc": 0.05022619703954878}, "datetime": {"elapsed": 13938.894393, "datetime": "2020-08-12 18:00:08", "delta": 32.436762}}
{"target": 14.375, "params": {"cue_position": 0.0, "beta_enc": 0.9243871993132682, "gamma_cf": 1.0, "beta_rec": 0.9426799878533786, "gamma_fc": 0.04071372006188547}, "datetime": {"elapsed": 13971.793582, "datetime": "2020-08-12 18:00:41", "delta": 32.899189}}
{"target": 14.008333333333333, "params": {"cue_position": 0.0, "beta_enc": 0.9173712624161041, "gamma_cf": 1.0, "beta_rec": 0.9751678747728552, "gamma_fc": 0.030455678045618884}, "datetime": {"elapsed": 14004.159721, "datetime": "2020-08-12 18:01:14", "delta": 32.366139}}
{"target": 14.204166666666667, "params": {"cue_position": 0.0, "beta_enc": 0.912122276274029, "gamma_cf": 1.0, "beta_rec": 0.9648424847392314, "gamma_fc": 0.11286039917751789}, "datetime": {"elapsed": 14036.805542, "datetime": "2020-08-12 18:01:46", "delta": 32.645821}}
{"target": 14.3375, "params": {"cue_position": 0.0, "beta_enc": 0.9157736394869077, "gamma_cf": 1.0, "beta_rec": 0.9515490539382917, "gamma_fc": 0.00841238372438291}, "datetime": {"elapsed": 14069.596916, "datetime": "2020-08-12 18:02:19", "delta": 32.791374}}
{"target": 14.041666666666666, "params": {"cue_position": 0.0, "beta_enc": 0.8979604794001708, "gamma_cf": 1.0, "beta_rec": 0.9472980145972497, "gamma_fc": 0.08245053229578181}, "datetime": {"elapsed": 14102.277361, "datetime": "2020-08-12 18:02:52", "delta": 32.680445}}
{"target": 14.395833333333334, "params": {"cue_position": 0.0, "beta_enc": 0.9056240077212238, "gamma_cf": 1.0, "beta_rec": 0.9429973150262446, "gamma_fc": 0.017447171189173667}, "datetime": {"elapsed": 14135.445221, "datetime": "2020-08-12 18:03:25", "delta": 33.16786}}
{"target": 13.745833333333334, "params": {"cue_position": 0.0, "beta_enc": 0.9019312775730972, "gamma_cf": 1.0, "beta_rec": 0.9493834345628716, "gamma_fc": 0.023591382107688963}, "datetime": {"elapsed": 14167.787495, "datetime": "2020-08-12 18:03:57", "delta": 32.342274}}
