{"target": -11694.593129657407, "params": {"epsilon_d": 9.316931618268578, "phi_d": 0.6392868124093828, "beta_rec": 0.45261337052379563, "gamma_cf": 0.27857632142087285, "k_intra": 6.655031862276112, "gamma_fc": 0.6533037019749691, "s_cf": 2.380852212293811, "beta_enc": 0.45085487353748577, "phi_s": 1.5667137120606522}, "datetime": {"delta": 10.446131, "elapsed": 2758.205907, "datetime": "2020-04-27 11:18:05"}}
{"target": -12094.778313836754, "params": {"epsilon_d": 0.3579933336150931, "phi_d": 2.7845419152016695, "beta_rec": 0.6060746946391453, "gamma_cf": 0.007146019137694643, "k_intra": 4.819190586898873, "gamma_fc": 0.15357574642606422, "s_cf": 0.3175946540759683, "beta_enc": 0.18692113098557217, "phi_s": 1.2761164140031702}, "datetime": {"delta": 10.377553, "elapsed": 2768.58346, "datetime": "2020-04-27 11:18:16"}}
{"target": -9031.805852694148, "params": {"epsilon_d": 3.2574651022824987, "phi_d": 0.6840363757697887, "beta_rec": 0.5193456557118932, "gamma_cf": 0.9630360355507972, "k_intra": 2.607589529847356, "gamma_fc": 0.9444355916521404, "s_cf": 2.543302808540521, "beta_enc": 0.8752172270347259, "phi_s": 1.807835239587624}, "datetime": {"delta": 10.487206, "elapsed": 2779.070666, "datetime": "2020-04-27 11:18:26"}}
{"target": -9192.391901069763, "params": {"epsilon_d": 1.7062254948401971, "phi_d": 0.8711304190386996, "beta_rec": 0.5864707785221152, "gamma_cf": 0.194674275864618, "k_intra": 1.509483628906979, "gamma_fc": 0.7852016943928861, "s_cf": 0.14375899213563942, "beta_enc": 0.4030489807705494, "phi_s": 2.099535103215241}, "datetime": {"delta": 10.368056, "elapsed": 2789.438722, "datetime": "2020-04-27 11:18:36"}}
{"target": -9195.709958049803, "params": {"epsilon_d": 3.4325694870717616, "phi_d": 1.139346209413443, "beta_rec": 0.2875971874300262, "gamma_cf": 0.36227988391945815, "k_intra": 0.36944986690983256, "gamma_fc": 0.8264715179621677, "s_cf": 0.5147119176031357, "beta_enc": 0.12897496348171347, "phi_s": 1.9510065864737904}, "datetime": {"delta": 10.482713, "elapsed": 2799.921435, "datetime": "2020-04-27 11:18:47"}}
{"target": -9745.921766562238, "params": {"epsilon_d": 1.2414049122522681, "phi_d": 1.5049631767506697, "beta_rec": 0.6455998518326054, "gamma_cf": 0.20817660025794732, "k_intra": 4.040032217058386, "gamma_fc": 0.7709484976733482, "s_cf": 0.49858629391026954, "beta_enc": 0.8719647530602965, "phi_s": 2.6736197264109096}, "datetime": {"delta": 10.382292, "elapsed": 2810.303727, "datetime": "2020-04-27 11:18:57"}}
{"target": -10875.414437067437, "params": {"epsilon_d": 1.0844585468233596, "phi_d": 1.9944283125578264, "beta_rec": 0.04272541882840023, "gamma_cf": 0.22331610709734945, "k_intra": 4.5641693456213295, "gamma_fc": 0.8259265740344627, "s_cf": 0.583493605486932, "beta_enc": 0.9679355176475058, "phi_s": 0.605531298807528}, "datetime": {"delta": 10.380611, "elapsed": 2820.684338, "datetime": "2020-04-27 11:19:08"}}
{"target": -9118.41257850888, "params": {"epsilon_d": 4.678497205628782, "phi_d": 0.7812164403261042, "beta_rec": 0.7403196059166937, "gamma_cf": 0.8696271237126008, "k_intra": 2.498409983634809, "gamma_fc": 0.6943707412035762, "s_cf": 2.29418656325903, "beta_enc": 0.5687635064984102, "phi_s": 1.184735478914502}, "datetime": {"delta": 10.376062, "elapsed": 2831.0604, "datetime": "2020-04-27 11:19:18"}}
{"target": -9650.981185757899, "params": {"epsilon_d": 2.6899468475609254, "phi_d": 1.2288973416860005, "beta_rec": 0.8619198087189011, "gamma_cf": 0.4123377000857719, "k_intra": 5.472876213599926, "gamma_fc": 0.6503896895052893, "s_cf": 2.165509932752041, "beta_enc": 0.9441438978788039, "phi_s": 0.3941202529557024}, "datetime": {"delta": 10.384175, "elapsed": 2841.444575, "datetime": "2020-04-27 11:19:28"}}
{"target": -13436.09356190922, "params": {"epsilon_d": 8.648139559293082, "phi_d": 1.2454624742951188, "beta_rec": 0.8660908216307822, "gamma_cf": 0.7084799464362211, "k_intra": 6.994474188475036, "gamma_fc": 0.5377821164269175, "s_cf": 2.3806095386115587, "beta_enc": 0.17932164753289048, "phi_s": 2.412738354450711}, "datetime": {"delta": 10.486873, "elapsed": 2851.931448, "datetime": "2020-04-27 11:19:39"}}
{"target": -9233.340148810843, "params": {"epsilon_d": 3.5054334501813047, "phi_d": 2.0139121849953074, "beta_rec": 0.3178857685955627, "gamma_cf": 0.36423388162366044, "k_intra": 0.4264575507776749, "gamma_fc": 0.6099810010191089, "s_cf": 1.3077414129020135, "beta_enc": 0.2399757254862595, "phi_s": 0.6847321012642396}, "datetime": {"delta": 10.35871, "elapsed": 2862.290158, "datetime": "2020-04-27 11:19:49"}}
{"target": -9650.857854186605, "params": {"epsilon_d": 3.8944750702673248, "phi_d": 1.8280141422882883, "beta_rec": 0.3487918968706912, "gamma_cf": 0.18038803024167457, "k_intra": 5.517053922869157, "gamma_fc": 0.16131705165466698, "s_cf": 0.7697309541341599, "beta_enc": 0.50580339085063, "phi_s": 0.5219493887429555}, "datetime": {"delta": 10.419339, "elapsed": 2872.709497, "datetime": "2020-04-27 11:20:00"}}
{"target": -9212.891946679601, "params": {"epsilon_d": 1.6188673175078823, "phi_d": 1.1167898489901655, "beta_rec": 0.8307682917677353, "gamma_cf": 0.5521835936727261, "k_intra": 3.440766730155636, "gamma_fc": 0.6113257459229732, "s_cf": 1.70469745343261, "beta_enc": 0.3577394183836442, "phi_s": 2.8814248508056868}, "datetime": {"delta": 10.30952, "elapsed": 2883.019017, "datetime": "2020-04-27 11:20:10"}}
{"target": -9451.90072250018, "params": {"epsilon_d": 6.501834818550726, "phi_d": 1.435258581030907, "beta_rec": 0.49079104243276883, "gamma_cf": 0.6052902604285113, "k_intra": 3.353458523517086, "gamma_fc": 0.23065596362808607, "s_cf": 1.1529126384530448, "beta_enc": 0.6874580808108592, "phi_s": 0.47068281865851613}, "datetime": {"delta": 10.457099, "elapsed": 2893.476116, "datetime": "2020-04-27 11:20:20"}}
{"target": -10342.342223870344, "params": {"epsilon_d": 3.480593392210857, "phi_d": 0.290303796988132, "beta_rec": 0.8475178520101749, "gamma_cf": 0.22686664173419827, "k_intra": 6.833809835746247, "gamma_fc": 0.46736326256705396, "s_cf": 2.113490122878813, "beta_enc": 0.30532747086363, "phi_s": 0.6241147194486703}, "datetime": {"delta": 10.338793, "elapsed": 2903.814909, "datetime": "2020-04-27 11:20:31"}}
{"target": -12912.929636631517, "params": {"epsilon_d": 8.804065749312295, "phi_d": 0.5371450113988687, "beta_rec": 0.6177925041821068, "gamma_cf": 0.16888331005858584, "k_intra": 9.173428989209286, "gamma_fc": 0.7331929589812857, "s_cf": 1.6853852590633323, "beta_enc": 0.7770309443236838, "phi_s": 0.8069155344489254}, "datetime": {"delta": 10.468962, "elapsed": 2914.283871, "datetime": "2020-04-27 11:20:41"}}
{"target": -10887.332450573433, "params": {"epsilon_d": 0.6699194224085642, "phi_d": 2.795696091885788, "beta_rec": 0.6906700168743158, "gamma_cf": 0.16084806590922746, "k_intra": 9.7064807973551, "gamma_fc": 0.7446144758316593, "s_cf": 0.4704556103204205, "beta_enc": 0.4097074032783977, "phi_s": 2.7130942809261596}, "datetime": {"delta": 10.427628, "elapsed": 2924.711499, "datetime": "2020-04-27 11:20:52"}}
{"target": -15865.651185064013, "params": {"epsilon_d": 5.47114830813343, "phi_d": 0.6465159820426586, "beta_rec": 0.07235753033919116, "gamma_cf": 0.8824979242850813, "k_intra": 7.81933570110544, "gamma_fc": 0.5786127100601997, "s_cf": 0.6435318351035192, "beta_enc": 0.23133602626444313, "phi_s": 2.6030226544823716}, "datetime": {"delta": 10.455937, "elapsed": 2935.167436, "datetime": "2020-04-27 11:21:02"}}
{"target": -9372.292004978608, "params": {"epsilon_d": 5.595533857083541, "phi_d": 0.4048105003379435, "beta_rec": 0.42154886132705527, "gamma_cf": 0.9707449353204424, "k_intra": 2.7464417513632537, "gamma_fc": 0.18257845009707235, "s_cf": 0.938132141244532, "beta_enc": 0.14928771345987094, "phi_s": 1.2322749465390876}, "datetime": {"delta": 10.342125, "elapsed": 2945.509561, "datetime": "2020-04-27 11:21:12"}}
{"target": -9973.63318427391, "params": {"epsilon_d": 9.289457380676, "phi_d": 1.7677034842672705, "beta_rec": 0.3483218560825719, "gamma_cf": 0.7899688016034021, "k_intra": 1.3037144499695297, "gamma_fc": 0.874910231752578, "s_cf": 2.617891857178578, "beta_enc": 0.5619703145211159, "phi_s": 0.7228693540660903}, "datetime": {"delta": 10.349729, "elapsed": 2955.85929, "datetime": "2020-04-27 11:21:23"}}
{"target": -9250.511333425204, "params": {"epsilon_d": 3.8229650479184247, "phi_d": 0.44431817482652136, "beta_rec": 0.10583364070853916, "gamma_cf": 0.40215369670258416, "k_intra": 0.9696693576117924, "gamma_fc": 0.3494980746808144, "s_cf": 2.8572992188253896, "beta_enc": 0.11351747957808167, "phi_s": 1.0220397861572683}, "datetime": {"delta": 10.447955, "elapsed": 2966.307245, "datetime": "2020-04-27 11:21:33"}}
{"target": -9112.158020492332, "params": {"epsilon_d": 2.6560677736740916, "phi_d": 1.4400441596934523, "beta_rec": 0.7473055930271165, "gamma_cf": 0.03733653158522374, "k_intra": 1.535532252499953, "gamma_fc": 0.11444698825035587, "s_cf": 2.2135633026409463, "beta_enc": 0.2866659083373916, "phi_s": 2.2921131828596346}, "datetime": {"delta": 10.376043, "elapsed": 2976.683288, "datetime": "2020-04-27 11:21:44"}}
{"target": -9861.892942854256, "params": {"epsilon_d": 8.159330158419086, "phi_d": 0.23609944535607466, "beta_rec": 0.4791913648350373, "gamma_cf": 0.8384190660883412, "k_intra": 0.052607533887000284, "gamma_fc": 0.387925030376187, "s_cf": 0.8906336151102733, "beta_enc": 0.41715049823473305, "phi_s": 2.239641395051554}, "datetime": {"delta": 10.436932, "elapsed": 2987.12022, "datetime": "2020-04-27 11:21:54"}}
{"target": -10122.382479068501, "params": {"epsilon_d": 8.486417869213724, "phi_d": 1.5847977689253765, "beta_rec": 0.19211206290454116, "gamma_cf": 0.5034272718755894, "k_intra": 2.8879150849766906, "gamma_fc": 0.5744441581500352, "s_cf": 0.9041556169953091, "beta_enc": 0.533337230967987, "phi_s": 0.10569457160930809}, "datetime": {"delta": 10.359876, "elapsed": 2997.480096, "datetime": "2020-04-27 11:22:04"}}
{"target": -10527.39871930507, "params": {"epsilon_d": 0.9509270530164365, "phi_d": 1.542140397138324, "beta_rec": 0.28402249120040707, "gamma_cf": 0.5218290311131351, "k_intra": 9.426558371725637, "gamma_fc": 0.8096312200361636, "s_cf": 0.9434938196503647, "beta_enc": 0.4138866851845924, "phi_s": 1.821886189230786}, "datetime": {"delta": 10.470605, "elapsed": 3007.950701, "datetime": "2020-04-27 11:22:15"}}
{"target": -10023.486932792925, "params": {"epsilon_d": 7.350371681108621, "phi_d": 1.8230185508854646, "beta_rec": 0.13195850355936822, "gamma_cf": 0.7344959884063994, "k_intra": 4.1414681939601605, "gamma_fc": 0.2614150149729717, "s_cf": 2.377569954619711, "beta_enc": 0.23424355802816993, "phi_s": 0.4633176439398313}, "datetime": {"delta": 10.358497, "elapsed": 3018.309198, "datetime": "2020-04-27 11:22:25"}}
{"target": -11843.464944767542, "params": {"epsilon_d": 7.04196010999446, "phi_d": 1.3142551576657813, "beta_rec": 0.6152601693393037, "gamma_cf": 0.9871843637581678, "k_intra": 8.645518454366496, "gamma_fc": 0.6061550103614604, "s_cf": 2.783257444790422, "beta_enc": 0.6579929829882151, "phi_s": 1.9979611185595596}, "datetime": {"delta": 10.479722, "elapsed": 3028.78892, "datetime": "2020-04-27 11:22:36"}}
{"target": -11664.709139038458, "params": {"epsilon_d": 6.237462369230136, "phi_d": 0.5649373727663224, "beta_rec": 0.3031503678754719, "gamma_cf": 0.35138318852615674, "k_intra": 6.105948536876238, "gamma_fc": 0.3901300076209776, "s_cf": 2.842339426460535, "beta_enc": 0.6977357340796677, "phi_s": 1.5115429136974845}, "datetime": {"delta": 10.364762, "elapsed": 3039.153682, "datetime": "2020-04-27 11:22:46"}}
{"target": -10386.170031891581, "params": {"epsilon_d": 4.741505601457591, "phi_d": 0.13327898655685877, "beta_rec": 0.18904369698648685, "gamma_cf": 0.8409237406703871, "k_intra": 8.279754362197629, "gamma_fc": 0.8584009503355293, "s_cf": 2.9996397839653612, "beta_enc": 0.44552281778068414, "phi_s": 0.874416898792056}, "datetime": {"delta": 10.459475, "elapsed": 3049.613157, "datetime": "2020-04-27 11:22:57"}}
{"target": -9682.996036690873, "params": {"epsilon_d": 7.921258890966585, "phi_d": 0.6634409480499416, "beta_rec": 0.49014048713802455, "gamma_cf": 0.1223016887028468, "k_intra": 4.885923650758028, "gamma_fc": 0.6961682626221231, "s_cf": 0.626313452917418, "beta_enc": 0.20771494947323788, "phi_s": 2.648027077089889}, "datetime": {"delta": 10.374759, "elapsed": 3059.987916, "datetime": "2020-04-27 11:23:07"}}
{"target": -9197.380351241893, "params": {"epsilon_d": 5.67046157727296, "phi_d": 1.8021904009660696, "beta_rec": 0.7408527955101093, "gamma_cf": 0.6288786844403313, "k_intra": 3.0872895006747676, "gamma_fc": 0.207068856959804, "s_cf": 2.025443636155122, "beta_enc": 0.6751475733652977, "phi_s": 1.2468447772917832}, "datetime": {"delta": 10.393092, "elapsed": 3070.381008, "datetime": "2020-04-27 11:23:17"}}
{"target": -11406.905061299878, "params": {"epsilon_d": 9.042399738616316, "phi_d": 2.39127701132311, "beta_rec": 0.19030306710325232, "gamma_cf": 0.38323753284605017, "k_intra": 6.177649307119402, "gamma_fc": 0.9488118976554292, "s_cf": 1.6403196137405955, "beta_enc": 0.8667591803238685, "phi_s": 1.5928487422823554}, "datetime": {"delta": 10.41738, "elapsed": 3080.798388, "datetime": "2020-04-27 11:23:28"}}
{"target": -9305.26338093795, "params": {"epsilon_d": 3.8998369274181948, "phi_d": 0.623670552733885, "beta_rec": 0.12945177075663275, "gamma_cf": 0.21505498314359847, "k_intra": 2.756119429954342, "gamma_fc": 0.12957873029372494, "s_cf": 0.33558603105107443, "beta_enc": 0.39483450888937477, "phi_s": 2.639037913610556}, "datetime": {"delta": 10.356106, "elapsed": 3091.154494, "datetime": "2020-04-27 11:23:38"}}
{"target": -11441.214308775321, "params": {"epsilon_d": 9.200336321100707, "phi_d": 2.0784398573744567, "beta_rec": 0.7040602924667806, "gamma_cf": 0.2515333063867109, "k_intra": 9.605439682823446, "gamma_fc": 0.11917101831524342, "s_cf": 1.4698829824241955, "beta_enc": 0.2655060391736949, "phi_s": 1.000921818585182}, "datetime": {"delta": 10.442889, "elapsed": 3101.597383, "datetime": "2020-04-27 11:23:49"}}
{"target": -9981.209042612556, "params": {"epsilon_d": 8.757429186549652, "phi_d": 2.817804857293165, "beta_rec": 0.3739311852081356, "gamma_cf": 0.7261999710487966, "k_intra": 3.5171445732536344, "gamma_fc": 0.95890663416179, "s_cf": 1.962735652080567, "beta_enc": 0.6393302864908871, "phi_s": 1.4893916652546577}, "datetime": {"delta": 10.37377, "elapsed": 3111.971153, "datetime": "2020-04-27 11:23:59"}}
{"target": -10632.868866017208, "params": {"epsilon_d": 4.022967736098669, "phi_d": 2.828462707186467, "beta_rec": 0.8093570352087796, "gamma_cf": 0.4480011839169197, "k_intra": 7.17839645887864, "gamma_fc": 0.8355493235014756, "s_cf": 0.6188486754609551, "beta_enc": 0.7629824842793986, "phi_s": 2.9408338271117396}, "datetime": {"delta": 10.485765, "elapsed": 3122.456918, "datetime": "2020-04-27 11:24:09"}}
{"target": -9682.671254486211, "params": {"epsilon_d": 7.49908907307701, "phi_d": 1.084513443460698, "beta_rec": 0.7160148486343189, "gamma_cf": 0.6032192362771022, "k_intra": 2.5273847164862775, "gamma_fc": 0.8895697877993602, "s_cf": 1.0135785580088459, "beta_enc": 0.3051274706314797, "phi_s": 1.534475859510036}, "datetime": {"delta": 10.383248, "elapsed": 3132.840166, "datetime": "2020-04-27 11:24:20"}}
{"target": -9368.664557417807, "params": {"epsilon_d": 2.2816323214215792, "phi_d": 0.2025495665248105, "beta_rec": 0.6825098314900145, "gamma_cf": 0.48538892022298374, "k_intra": 3.2483714187805366, "gamma_fc": 0.9936832218737306, "s_cf": 1.5595896724390208, "beta_enc": 0.590895180407624, "phi_s": 2.4703200149236384}, "datetime": {"delta": 10.474561, "elapsed": 3143.314727, "datetime": "2020-04-27 11:24:30"}}
{"target": -9220.922063792148, "params": {"epsilon_d": 4.104692361805542, "phi_d": 0.8113733179479788, "beta_rec": 0.8903159967215187, "gamma_cf": 0.9292802548221829, "k_intra": 0.7775545248990617, "gamma_fc": 0.46187035642050545, "s_cf": 2.277112047830153, "beta_enc": 0.14750547050671348, "phi_s": 1.1157554665508882}, "datetime": {"delta": 10.382231, "elapsed": 3153.696958, "datetime": "2020-04-27 11:24:41"}}
{"target": -9871.11888366798, "params": {"epsilon_d": 8.74512965617809, "phi_d": 2.146848423367041, "beta_rec": 0.4310305563605018, "gamma_cf": 0.5338077152636459, "k_intra": 0.2549796456757759, "gamma_fc": 0.192839247774151, "s_cf": 2.3769792625616897, "beta_enc": 0.2662733371143553, "phi_s": 2.9394697237788296}, "datetime": {"delta": 10.510012, "elapsed": 3164.20697, "datetime": "2020-04-27 11:24:51"}}
{"target": -10016.319929553878, "params": {"epsilon_d": 7.975476831956785, "phi_d": 2.6142661558624574, "beta_rec": 0.6754799709264521, "gamma_cf": 0.04011378389407643, "k_intra": 6.957021384355809, "gamma_fc": 0.3382134685451686, "s_cf": 0.6112007711519517, "beta_enc": 0.7882535771608757, "phi_s": 2.0563599282687903}, "datetime": {"delta": 10.382704, "elapsed": 3174.589674, "datetime": "2020-04-27 11:25:02"}}
{"target": -10282.364584454814, "params": {"epsilon_d": 0.9581197847870533, "phi_d": 2.592182652072485, "beta_rec": 0.9033883622408417, "gamma_cf": 0.19308073757049557, "k_intra": 7.386734587340022, "gamma_fc": 0.347673727549474, "s_cf": 0.6789721548898204, "beta_enc": 0.9426776139511238, "phi_s": 1.7771349236094984}, "datetime": {"delta": 10.496301, "elapsed": 3185.085975, "datetime": "2020-04-27 11:25:12"}}
{"target": -10284.284906625491, "params": {"epsilon_d": 9.182222249898402, "phi_d": 0.38374202720215267, "beta_rec": 0.13794541434408072, "gamma_cf": 0.7645544873164325, "k_intra": 4.541214681276672, "gamma_fc": 0.5591924504254698, "s_cf": 0.44983510653644976, "beta_enc": 0.4735808988592263, "phi_s": 1.024158533270949}, "datetime": {"delta": 10.411152, "elapsed": 3195.497127, "datetime": "2020-04-27 11:25:22"}}
{"target": -9293.554048452974, "params": {"epsilon_d": 2.3500460760100728, "phi_d": 1.2243448821660887, "beta_rec": 0.544929218305527, "gamma_cf": 0.2242804189720107, "k_intra": 3.095638795639397, "gamma_fc": 0.33435837776420696, "s_cf": 2.070712094146136, "beta_enc": 0.804104257026034, "phi_s": 0.9628919038939879}, "datetime": {"delta": 10.46476, "elapsed": 3205.961887, "datetime": "2020-04-27 11:25:33"}}
{"target": -9705.02071853795, "params": {"epsilon_d": 7.478389541294353, "phi_d": 0.7754548583131119, "beta_rec": 0.328177503899875, "gamma_cf": 0.9428137042767772, "k_intra": 2.415853833619824, "gamma_fc": 0.822459295141796, "s_cf": 2.659242851089967, "beta_enc": 0.13156625737457103, "phi_s": 0.6519767046798484}, "datetime": {"delta": 10.437507, "elapsed": 3216.399394, "datetime": "2020-04-27 11:25:43"}}
{"target": -12582.759325996929, "params": {"epsilon_d": 2.6843923409063972, "phi_d": 0.35798142178705505, "beta_rec": 0.758204805350786, "gamma_cf": 0.03317853522317488, "k_intra": 7.264756079854057, "gamma_fc": 0.7601029300618893, "s_cf": 2.8502593415481656, "beta_enc": 0.3140701185170979, "phi_s": 1.0474336479958446}, "datetime": {"delta": 10.389619, "elapsed": 3226.789013, "datetime": "2020-04-27 11:25:54"}}
{"target": -9908.356602506065, "params": {"epsilon_d": 5.986578492305096, "phi_d": 2.083597720939177, "beta_rec": 0.08676380540564482, "gamma_cf": 0.9309967663594374, "k_intra": 5.134992813663578, "gamma_fc": 0.2204004769687823, "s_cf": 0.13265369112734948, "beta_enc": 0.24665409872396604, "phi_s": 0.5983063028597986}, "datetime": {"delta": 10.439083, "elapsed": 3237.228096, "datetime": "2020-04-27 11:26:04"}}
{"target": -9318.541340088743, "params": {"epsilon_d": 2.648837009695978, "phi_d": 1.7688103199484488, "beta_rec": 0.03532774752629418, "gamma_cf": 0.6517188633374944, "k_intra": 0.10697888978241751, "gamma_fc": 0.35720464002018604, "s_cf": 0.5393907793711571, "beta_enc": 0.8989148174317523, "phi_s": 0.9925976071706606}, "datetime": {"delta": 10.333172, "elapsed": 3247.561268, "datetime": "2020-04-27 11:26:14"}}
{"target": -9261.605690722925, "params": {"epsilon_d": 7.299630867318443, "phi_d": 0.7867447477132938, "beta_rec": 0.16505577067216257, "gamma_cf": 0.8907351190743636, "k_intra": 1.8507281009128838, "gamma_fc": 0.8728436041542508, "s_cf": 2.8010758550680777, "beta_enc": 0.974154980559322, "phi_s": 0.15325164585746}, "datetime": {"delta": 10.449887, "elapsed": 3258.011155, "datetime": "2020-04-27 11:26:25"}}
{"target": -9477.433620623764, "params": {"epsilon_d": 1.1827397895178515, "phi_d": 0.9704983163845404, "beta_rec": 0.5955066223526458, "gamma_cf": 0.17362529257781728, "k_intra": 2.5240531652664475, "gamma_fc": 0.6192643338393475, "s_cf": 0.649815985311018, "beta_enc": 0.8984090589915757, "phi_s": 0.5958633119347533}, "datetime": {"delta": 10.352103, "elapsed": 3268.363258, "datetime": "2020-04-27 11:26:35"}}
{"target": -10415.717897250981, "params": {"epsilon_d": 5.164640907680852, "phi_d": 2.4018945669521883, "beta_rec": 0.5099229852311731, "gamma_cf": 0.9971390854869842, "k_intra": 7.564137184993476, "gamma_fc": 0.21663623554312583, "s_cf": 1.4419407227810432, "beta_enc": 0.5170790389514063, "phi_s": 1.7961595364345098}, "datetime": {"delta": 10.465823, "elapsed": 3278.829081, "datetime": "2020-04-27 11:26:46"}}
{"target": -11080.348924413356, "params": {"epsilon_d": 0.5978802666841668, "phi_d": 1.7600493690885106, "beta_rec": 0.8281974010512173, "gamma_cf": 0.9629874547125452, "k_intra": 5.735590724792579, "gamma_fc": 0.10660590257827943, "s_cf": 1.2156765969835892, "beta_enc": 0.9040839736152514, "phi_s": 2.519701027892499}, "datetime": {"delta": 10.346316, "elapsed": 3289.175397, "datetime": "2020-04-27 11:26:56"}}
{"target": -13674.195995970942, "params": {"epsilon_d": 0.34597401760093954, "phi_d": 0.5422405511074957, "beta_rec": 0.5817291006419879, "gamma_cf": 0.36185958133107066, "k_intra": 8.68910090685465, "gamma_fc": 0.9867851218767906, "s_cf": 2.4518910663224274, "beta_enc": 0.18193678214138398, "phi_s": 2.4165956582626382}, "datetime": {"delta": 10.409259, "elapsed": 3299.584656, "datetime": "2020-04-27 11:27:07"}}
