{"target": -8486.457045545905, "params": {"epsilon_d": 2.3016048687621367, "phi_d": 0.49046839490388877, "beta_rec": 0.9309874865685012, "gamma_cf": 0.5914950761060698, "k_intra": 5.7918933024227846, "gamma_fc": 0.17432365062047717, "s_cf": 0.9911336106351637, "beta_enc": 0.33436862706700915, "phi_s": 2.5424448037116854}, "datetime": {"delta": 46.445497, "elapsed": 17883.326884, "datetime": "2020-04-27 15:30:10"}}
{"target": -8489.748492875713, "params": {"epsilon_d": 2.289003464825133, "phi_d": 0.4472406755916557, "beta_rec": 0.9520965156914731, "gamma_cf": 0.5888226424171741, "k_intra": 5.743307696360613, "gamma_fc": 0.16045331655054682, "s_cf": 1.1067695299592013, "beta_enc": 0.3250584578710935, "phi_s": 2.504995485420596}, "datetime": {"delta": 46.66587, "elapsed": 17929.992754, "datetime": "2020-04-27 15:30:57"}}
{"target": -8485.715391043035, "params": {"epsilon_d": 2.2917153888973503, "phi_d": 0.4606659518998607, "beta_rec": 0.934227606260453, "gamma_cf": 0.58515474055864, "k_intra": 5.798847311365344, "gamma_fc": 0.17393590677319312, "s_cf": 1.0071355718047381, "beta_enc": 0.32649194244689383, "phi_s": 2.548230350608001}, "datetime": {"delta": 47.750261, "elapsed": 17977.743015, "datetime": "2020-04-27 15:31:45"}}
{"target": -8485.861095469161, "params": {"epsilon_d": 2.273797744827904, "phi_d": 0.47332287667181655, "beta_rec": 0.9380003856104697, "gamma_cf": 0.5722021195296254, "k_intra": 5.802096453885101, "gamma_fc": 0.17620080665478396, "s_cf": 0.9710839008475044, "beta_enc": 0.326110150264033, "phi_s": 2.5259576923558207}, "datetime": {"delta": 47.151695, "elapsed": 18024.89471, "datetime": "2020-04-27 15:32:32"}}
{"target": -8489.804612243928, "params": {"epsilon_d": 2.282440532394271, "phi_d": 0.47170074533325346, "beta_rec": 0.932067968695923, "gamma_cf": 0.5641207920096676, "k_intra": 5.790686418831796, "gamma_fc": 0.17516839245673885, "s_cf": 0.9551949623447791, "beta_enc": 0.3143555688464006, "phi_s": 2.528612168144477}, "datetime": {"delta": 46.890731, "elapsed": 18071.785441, "datetime": "2020-04-27 15:33:19"}}
{"target": -8487.808248384294, "params": {"epsilon_d": 2.2542275062958046, "phi_d": 0.4368254882552887, "beta_rec": 0.9334698198066812, "gamma_cf": 0.5879736310512008, "k_intra": 5.7626451500156435, "gamma_fc": 0.17506391589402667, "s_cf": 1.054262349558488, "beta_enc": 0.32469670817056734, "phi_s": 2.508249628614889}, "datetime": {"delta": 48.942602, "elapsed": 18120.728043, "datetime": "2020-04-27 15:34:08"}}
{"target": -8487.97372372106, "params": {"epsilon_d": 2.2623997068834423, "phi_d": 0.454656699292802, "beta_rec": 0.9232756594132637, "gamma_cf": 0.5735631846052794, "k_intra": 5.7789377521429, "gamma_fc": 0.17856148477778555, "s_cf": 1.0128638168778916, "beta_enc": 0.3241646744426926, "phi_s": 2.50923550818044}, "datetime": {"delta": 47.216335, "elapsed": 18167.944378, "datetime": "2020-04-27 15:34:55"}}
{"target": -8486.146945760212, "params": {"epsilon_d": 2.276157751789225, "phi_d": 0.4844517885325624, "beta_rec": 0.9410968397290076, "gamma_cf": 0.5567153434748063, "k_intra": 5.824300937177248, "gamma_fc": 0.17664302956950254, "s_cf": 0.9967872458645132, "beta_enc": 0.3270309144970413, "phi_s": 2.546133798917118}, "datetime": {"delta": 49.00139, "elapsed": 18216.945768, "datetime": "2020-04-27 15:35:44"}}
{"target": -8487.132162517388, "params": {"epsilon_d": 2.313799870553564, "phi_d": 0.4959483051277313, "beta_rec": 0.9408264414794351, "gamma_cf": 0.5865420125129126, "k_intra": 5.792901098052612, "gamma_fc": 0.18097547758854549, "s_cf": 0.9667837237318536, "beta_enc": 0.3319460633517796, "phi_s": 2.514203897064939}, "datetime": {"delta": 48.127871, "elapsed": 18265.073639, "datetime": "2020-04-27 15:36:32"}}
{"target": -8485.204172641636, "params": {"epsilon_d": 2.280070597662366, "phi_d": 0.49775018286123535, "beta_rec": 0.9357046629734788, "gamma_cf": 0.5719761290737788, "k_intra": 5.830797767194671, "gamma_fc": 0.17518778134289972, "s_cf": 0.9824368588271226, "beta_enc": 0.3262607532421726, "phi_s": 2.553924394297523}, "datetime": {"delta": 47.554874, "elapsed": 18312.628513, "datetime": "2020-04-27 15:37:20"}}
{"target": -8488.990053598987, "params": {"epsilon_d": 2.2264816594994232, "phi_d": 0.4459620504285205, "beta_rec": 0.9335799474534089, "gamma_cf": 0.5830492541703178, "k_intra": 5.80582503770024, "gamma_fc": 0.1815872387322619, "s_cf": 0.9941010985207949, "beta_enc": 0.3192467630583452, "phi_s": 2.5365347576493953}, "datetime": {"delta": 48.37191, "elapsed": 18361.000423, "datetime": "2020-04-27 15:38:08"}}
{"target": -8485.58410275657, "params": {"epsilon_d": 2.2705442125259827, "phi_d": 0.4895061290119898, "beta_rec": 0.9312867889710997, "gamma_cf": 0.5792323704884218, "k_intra": 5.82525179617869, "gamma_fc": 0.1796047128242945, "s_cf": 0.9791832932047126, "beta_enc": 0.3309448835546069, "phi_s": 2.5471704143084155}, "datetime": {"delta": 49.068406, "elapsed": 18410.068829, "datetime": "2020-04-27 15:38:57"}}
{"target": -8488.651231252854, "params": {"epsilon_d": 2.3708050591068544, "phi_d": 0.5018272368385135, "beta_rec": 0.942679459553589, "gamma_cf": 0.5684854557873806, "k_intra": 5.765457180599568, "gamma_fc": 0.18388835059956302, "s_cf": 0.9662743537096863, "beta_enc": 0.326760049502475, "phi_s": 2.483536899502623}, "datetime": {"delta": 48.258785, "elapsed": 18458.327614, "datetime": "2020-04-27 15:39:45"}}
{"target": -8487.79300212785, "params": {"epsilon_d": 2.3303225555597766, "phi_d": 0.49444729749572136, "beta_rec": 0.9465803915551687, "gamma_cf": 0.5846677038076582, "k_intra": 5.772423251737382, "gamma_fc": 0.16584047978751917, "s_cf": 1.0582254212315878, "beta_enc": 0.3329988147220751, "phi_s": 2.5212773208541726}, "datetime": {"delta": 44.201422, "elapsed": 18502.529036, "datetime": "2020-04-27 15:40:29"}}
{"target": -8487.32958720408, "params": {"epsilon_d": 2.2639730710034462, "phi_d": 0.4581185951579863, "beta_rec": 0.9441437626041436, "gamma_cf": 0.5906396832667947, "k_intra": 5.779037151221537, "gamma_fc": 0.1752422559861705, "s_cf": 1.0290902473433468, "beta_enc": 0.3194251333407043, "phi_s": 2.5347683896572066}, "datetime": {"delta": 44.360975, "elapsed": 18546.890011, "datetime": "2020-04-27 15:41:14"}}
{"target": -8485.070527386042, "params": {"epsilon_d": 2.2873182662723646, "phi_d": 0.5128043262296552, "beta_rec": 0.9333568883359845, "gamma_cf": 0.5777181626962651, "k_intra": 5.837729078070645, "gamma_fc": 0.17208700539390065, "s_cf": 0.9976899510702447, "beta_enc": 0.3332215454271758, "phi_s": 2.5694479397693972}, "datetime": {"delta": 49.896896, "elapsed": 18596.786907, "datetime": "2020-04-27 15:42:04"}}
{"target": -8487.505478253443, "params": {"epsilon_d": 2.28242410859559, "phi_d": 0.5029478245070491, "beta_rec": 0.9235425779987938, "gamma_cf": 0.5750335605432125, "k_intra": 5.839300010288867, "gamma_fc": 0.17249732418602237, "s_cf": 0.9913011811231479, "beta_enc": 0.3396607131214005, "phi_s": 2.5528372532073917}, "datetime": {"delta": 48.997636, "elapsed": 18645.784543, "datetime": "2020-04-27 15:42:53"}}
{"target": -8486.659476773946, "params": {"epsilon_d": 2.2488163473732095, "phi_d": 0.46038571410400586, "beta_rec": 0.9269755226027291, "gamma_cf": 0.5701426685960874, "k_intra": 5.786051209941946, "gamma_fc": 0.17515333623666854, "s_cf": 1.003760171173314, "beta_enc": 0.3246687893321354, "phi_s": 2.5556115371619486}, "datetime": {"delta": 53.384793, "elapsed": 18699.169336, "datetime": "2020-04-27 15:43:46"}}
{"target": -8486.212852226823, "params": {"epsilon_d": 2.2565446751339993, "phi_d": 0.4678187510235486, "beta_rec": 0.9533229347124461, "gamma_cf": 0.5906619960276203, "k_intra": 5.799447367043305, "gamma_fc": 0.1705272532501156, "s_cf": 1.0487636108017806, "beta_enc": 0.3277112781915782, "phi_s": 2.5230403084859736}, "datetime": {"delta": 47.71266, "elapsed": 18746.881996, "datetime": "2020-04-27 15:44:34"}}
{"target": -8488.197737493805, "params": {"epsilon_d": 2.3186553588836145, "phi_d": 0.4783015423989611, "beta_rec": 0.952752724502666, "gamma_cf": 0.5743547595521172, "k_intra": 5.774093384738817, "gamma_fc": 0.1876190626413561, "s_cf": 0.970197081850628, "beta_enc": 0.32554433901461055, "phi_s": 2.4754970379429153}, "datetime": {"delta": 47.539736, "elapsed": 18794.421732, "datetime": "2020-04-27 15:45:21"}}
{"target": -8485.704204936817, "params": {"epsilon_d": 2.222730673618662, "phi_d": 0.4545446244646531, "beta_rec": 0.9371344972633178, "gamma_cf": 0.5753909124340378, "k_intra": 5.8014578886513295, "gamma_fc": 0.1710633685830215, "s_cf": 1.0189695251198585, "beta_enc": 0.3281636982750628, "phi_s": 2.558518665564879}, "datetime": {"delta": 47.559279, "elapsed": 18841.981011, "datetime": "2020-04-27 15:46:09"}}
{"target": -8487.98456814316, "params": {"epsilon_d": 2.2782356784107294, "phi_d": 0.4846557466555792, "beta_rec": 0.9342291898338475, "gamma_cf": 0.5671270524702611, "k_intra": 5.7884529646092036, "gamma_fc": 0.17947580064533084, "s_cf": 0.9884825133508333, "beta_enc": 0.3375551061192858, "phi_s": 2.527196673039193}, "datetime": {"delta": 47.404543, "elapsed": 18889.385554, "datetime": "2020-04-27 15:46:56"}}
{"target": -8485.613298390897, "params": {"epsilon_d": 2.225420472757287, "phi_d": 0.4961627282036244, "beta_rec": 0.9406413798433634, "gamma_cf": 0.5663271389276062, "k_intra": 5.837253452657001, "gamma_fc": 0.17443092901717935, "s_cf": 1.0438991315862118, "beta_enc": 0.3301011750608391, "phi_s": 2.576387042655016}, "datetime": {"delta": 48.800272, "elapsed": 18938.185826, "datetime": "2020-04-27 15:47:45"}}
{"target": -8488.159181985191, "params": {"epsilon_d": 2.232949547485551, "phi_d": 0.4546913342671677, "beta_rec": 0.9302922206539389, "gamma_cf": 0.568815677403048, "k_intra": 5.805426768845298, "gamma_fc": 0.18491443994343226, "s_cf": 0.9763527994113304, "beta_enc": 0.3347912470178363, "phi_s": 2.548352895480031}, "datetime": {"delta": 50.530406, "elapsed": 18988.716232, "datetime": "2020-04-27 15:48:36"}}
{"target": -8485.741481205649, "params": {"epsilon_d": 2.236732126091389, "phi_d": 0.4719035873402308, "beta_rec": 0.9447354011306094, "gamma_cf": 0.5721649489110296, "k_intra": 5.814590307750992, "gamma_fc": 0.1831081128510024, "s_cf": 1.011254714507718, "beta_enc": 0.3296681041481976, "phi_s": 2.545348680836292}, "datetime": {"delta": 51.885425, "elapsed": 19040.601657, "datetime": "2020-04-27 15:49:28"}}
{"target": -8488.951825652393, "params": {"epsilon_d": 2.292403888034381, "phi_d": 0.45429129009923425, "beta_rec": 0.9156672060419889, "gamma_cf": 0.5615554243831127, "k_intra": 5.788263049193029, "gamma_fc": 0.16982587672364266, "s_cf": 0.9951213969641914, "beta_enc": 0.3317148673660161, "phi_s": 2.5376516428516687}, "datetime": {"delta": 52.838646, "elapsed": 19093.440303, "datetime": "2020-04-27 15:50:20"}}
{"target": -8486.169213347916, "params": {"epsilon_d": 2.2290647019994725, "phi_d": 0.44943300867504077, "beta_rec": 0.9333100342971843, "gamma_cf": 0.5750383664518931, "k_intra": 5.797373878325638, "gamma_fc": 0.17290325369027973, "s_cf": 1.0361145723526022, "beta_enc": 0.32549477650187203, "phi_s": 2.5717168242683277}, "datetime": {"delta": 51.29295, "elapsed": 19144.733253, "datetime": "2020-04-27 15:51:12"}}
{"target": -8487.154389538697, "params": {"epsilon_d": 2.2954459162609075, "phi_d": 0.49532167838033675, "beta_rec": 0.9573302871946913, "gamma_cf": 0.5799987860652202, "k_intra": 5.775600328449956, "gamma_fc": 0.17429278682388924, "s_cf": 1.0592629713011095, "beta_enc": 0.32669085945220394, "phi_s": 2.5108148461317072}, "datetime": {"delta": 48.942433, "elapsed": 19193.675686, "datetime": "2020-04-27 15:52:01"}}
{"target": -8486.406549749126, "params": {"epsilon_d": 2.222216977533084, "phi_d": 0.47476292214535054, "beta_rec": 0.9590413525414154, "gamma_cf": 0.5716839236144294, "k_intra": 5.81011909298293, "gamma_fc": 0.182837385013478, "s_cf": 1.055659703471821, "beta_enc": 0.32964024037101275, "phi_s": 2.5690876116813612}, "datetime": {"delta": 51.329783, "elapsed": 19245.005469, "datetime": "2020-04-27 15:52:52"}}
{"target": -8486.209044468947, "params": {"epsilon_d": 2.2432752774298343, "phi_d": 0.4808226940151149, "beta_rec": 0.9494082325325159, "gamma_cf": 0.5900753990577072, "k_intra": 5.783944321132028, "gamma_fc": 0.18048790932350275, "s_cf": 1.080372879377584, "beta_enc": 0.3323394518060348, "phi_s": 2.529435591208571}, "datetime": {"delta": 51.041053, "elapsed": 19296.046522, "datetime": "2020-04-27 15:53:43"}}
{"target": -8487.285639627959, "params": {"epsilon_d": 2.222756508420561, "phi_d": 0.4507868237016432, "beta_rec": 0.9400931508751937, "gamma_cf": 0.5957683110526005, "k_intra": 5.78236319325521, "gamma_fc": 0.17963228924351463, "s_cf": 1.082613669119684, "beta_enc": 0.3311498621071186, "phi_s": 2.530941648104278}, "datetime": {"delta": 49.766412, "elapsed": 19345.812934, "datetime": "2020-04-27 15:54:33"}}
{"target": -8485.62331040768, "params": {"epsilon_d": 2.301173138714402, "phi_d": 0.502557115802321, "beta_rec": 0.9404661197989205, "gamma_cf": 0.5945606161816077, "k_intra": 5.836164241185168, "gamma_fc": 0.16571470395525675, "s_cf": 0.9946276777490197, "beta_enc": 0.32730883371019465, "phi_s": 2.5558892827804796}, "datetime": {"delta": 48.697801, "elapsed": 19394.510735, "datetime": "2020-04-27 15:55:21"}}
{"target": -8489.512647186823, "params": {"epsilon_d": 2.2162559216282283, "phi_d": 0.4617832928067513, "beta_rec": 0.9541893187324029, "gamma_cf": 0.5797792367209783, "k_intra": 5.786811710440744, "gamma_fc": 0.15680863453407043, "s_cf": 1.0478444439181023, "beta_enc": 0.32512249490195755, "phi_s": 2.5164227877726213}, "datetime": {"delta": 48.00052, "elapsed": 19442.511255, "datetime": "2020-04-27 15:56:09"}}
{"target": -8487.331176278682, "params": {"epsilon_d": 2.2601949279721767, "phi_d": 0.4484943850030646, "beta_rec": 0.9469818740856633, "gamma_cf": 0.5823232466783327, "k_intra": 5.746154905408668, "gamma_fc": 0.17447864472429644, "s_cf": 1.0783346016351936, "beta_enc": 0.32285839413080936, "phi_s": 2.517065000758844}, "datetime": {"delta": 48.814033, "elapsed": 19491.325288, "datetime": "2020-04-27 15:56:58"}}
{"target": -8486.49422578113, "params": {"epsilon_d": 2.241242646838654, "phi_d": 0.511318694433555, "beta_rec": 0.9518638274364449, "gamma_cf": 0.5653291163936276, "k_intra": 5.832739266254346, "gamma_fc": 0.17527177180587236, "s_cf": 1.0378967478883245, "beta_enc": 0.32709398971014036, "phi_s": 2.557133361667381}, "datetime": {"delta": 49.163628, "elapsed": 19540.488916, "datetime": "2020-04-27 15:57:47"}}
{"target": -8486.88166074595, "params": {"epsilon_d": 2.2311983424273825, "phi_d": 0.4873362840187356, "beta_rec": 0.9553956547655046, "gamma_cf": 0.5747981599486124, "k_intra": 5.831845395105009, "gamma_fc": 0.17266284482503907, "s_cf": 0.9866373502891856, "beta_enc": 0.3374234797807622, "phi_s": 2.563265222781961}, "datetime": {"delta": 50.754996, "elapsed": 19591.243912, "datetime": "2020-04-27 15:58:38"}}
{"target": -8486.921961063894, "params": {"epsilon_d": 2.309492896435973, "phi_d": 0.4693764380120517, "beta_rec": 0.9557259689121822, "gamma_cf": 0.5834571658279567, "k_intra": 5.77477083302198, "gamma_fc": 0.18447338761978013, "s_cf": 1.040564095042932, "beta_enc": 0.3279955723562017, "phi_s": 2.5231002732354817}, "datetime": {"delta": 50.855254, "elapsed": 19642.099166, "datetime": "2020-04-27 15:59:29"}}
{"target": -8487.742870941705, "params": {"epsilon_d": 2.2813268155566395, "phi_d": 0.4490947623165376, "beta_rec": 0.9298630010329995, "gamma_cf": 0.5779730453401619, "k_intra": 5.758789741032018, "gamma_fc": 0.16661112136436176, "s_cf": 1.0578303001545395, "beta_enc": 0.3340124631241506, "phi_s": 2.557586985138426}, "datetime": {"delta": 47.023705, "elapsed": 19689.122871, "datetime": "2020-04-27 16:00:16"}}
{"target": -8487.724551280897, "params": {"epsilon_d": 2.2901004646818057, "phi_d": 0.4697524674294644, "beta_rec": 0.9509961270132551, "gamma_cf": 0.6053841082544325, "k_intra": 5.799127708074842, "gamma_fc": 0.16040956131261216, "s_cf": 1.0710067767275713, "beta_enc": 0.3270901603346012, "phi_s": 2.529377336877983}, "datetime": {"delta": 48.741277, "elapsed": 19737.864148, "datetime": "2020-04-27 16:01:05"}}
{"target": -8485.891521290292, "params": {"epsilon_d": 2.2532168716129677, "phi_d": 0.5067750958057086, "beta_rec": 0.9607782009371916, "gamma_cf": 0.5919100939382155, "k_intra": 5.83795407670416, "gamma_fc": 0.17745355737790872, "s_cf": 1.052897626413311, "beta_enc": 0.3319401939837917, "phi_s": 2.562080040728297}, "datetime": {"delta": 51.925064, "elapsed": 19789.789212, "datetime": "2020-04-27 16:01:57"}}
{"target": -8489.327724267807, "params": {"epsilon_d": 2.356966935927248, "phi_d": 0.4731265519963117, "beta_rec": 0.9438952510977944, "gamma_cf": 0.5978442269709349, "k_intra": 5.741893131296284, "gamma_fc": 0.18914718966507255, "s_cf": 1.0242188321721493, "beta_enc": 0.33000108016564433, "phi_s": 2.5322086816689557}, "datetime": {"delta": 49.572198, "elapsed": 19839.36141, "datetime": "2020-04-27 16:02:46"}}
{"target": -8487.167519367184, "params": {"epsilon_d": 2.2369038594578328, "phi_d": 0.4569165192746999, "beta_rec": 0.9257344638846987, "gamma_cf": 0.5767556633876281, "k_intra": 5.7980250673806975, "gamma_fc": 0.16774262711383026, "s_cf": 1.0030319868824848, "beta_enc": 0.3225203801460218, "phi_s": 2.5313608279422537}, "datetime": {"delta": 49.434825, "elapsed": 19888.796235, "datetime": "2020-04-27 16:03:36"}}
{"target": -8488.922921039912, "params": {"epsilon_d": 2.2304381140774523, "phi_d": 0.4372080042405816, "beta_rec": 0.9302826348424009, "gamma_cf": 0.5723202091933949, "k_intra": 5.785310917104007, "gamma_fc": 0.1767538623744995, "s_cf": 1.0560881407427725, "beta_enc": 0.32008075904394145, "phi_s": 2.559999189108758}, "datetime": {"delta": 49.213266, "elapsed": 19938.009501, "datetime": "2020-04-27 16:04:25"}}
{"target": -8487.187442760172, "params": {"epsilon_d": 2.240186140194893, "phi_d": 0.5066648798330321, "beta_rec": 0.9466525970708481, "gamma_cf": 0.5849680132265784, "k_intra": 5.820111629944452, "gamma_fc": 0.16864419734291214, "s_cf": 1.0558017821883208, "beta_enc": 0.340935479716867, "phi_s": 2.5755819533325455}, "datetime": {"delta": 48.394062, "elapsed": 19986.403563, "datetime": "2020-04-27 16:05:13"}}
{"target": -8489.32527848313, "params": {"epsilon_d": 2.2968594424070856, "phi_d": 0.47226947209802705, "beta_rec": 0.9371872887947228, "gamma_cf": 0.5737328752648405, "k_intra": 5.743895342693379, "gamma_fc": 0.1901649311840905, "s_cf": 1.0022800097582762, "beta_enc": 0.3226290436863162, "phi_s": 2.4476096790993207}, "datetime": {"delta": 50.793708, "elapsed": 20037.197271, "datetime": "2020-04-27 16:06:04"}}
{"target": -8489.312382639904, "params": {"epsilon_d": 2.292832083769701, "phi_d": 0.42708501213132805, "beta_rec": 0.9371373732007744, "gamma_cf": 0.5922747191827209, "k_intra": 5.766390270274064, "gamma_fc": 0.16454036086396004, "s_cf": 1.0391290720257491, "beta_enc": 0.32044295947174517, "phi_s": 2.5024781315717863}, "datetime": {"delta": 48.701059, "elapsed": 20085.89833, "datetime": "2020-04-27 16:06:53"}}
{"target": -8487.929595667796, "params": {"epsilon_d": 2.2029303622480865, "phi_d": 0.44186474685816657, "beta_rec": 0.9192624418630165, "gamma_cf": 0.5813172738892584, "k_intra": 5.794274207508563, "gamma_fc": 0.1732149211947579, "s_cf": 1.0439553611869676, "beta_enc": 0.3284729087625764, "phi_s": 2.570376350538953}, "datetime": {"delta": 51.061906, "elapsed": 20136.960236, "datetime": "2020-04-27 16:07:44"}}
{"target": -8487.53440543151, "params": {"epsilon_d": 2.2416955431597057, "phi_d": 0.4744681672492419, "beta_rec": 0.9557299519333282, "gamma_cf": 0.5899663699927946, "k_intra": 5.764548154242004, "gamma_fc": 0.17489301347192154, "s_cf": 1.0873635425601238, "beta_enc": 0.32823885783503726, "phi_s": 2.4826074891500807}, "datetime": {"delta": 52.830014, "elapsed": 20189.79025, "datetime": "2020-04-27 16:08:37"}}
{"target": -8493.400280255955, "params": {"epsilon_d": 2.243414313648368, "phi_d": 0.4453810444093066, "beta_rec": 0.9463343119847344, "gamma_cf": 0.5778320729709017, "k_intra": 5.784982660325626, "gamma_fc": 0.18229515714376224, "s_cf": 1.0331691201234334, "beta_enc": 0.34491274580710474, "phi_s": 2.5225059694565526}, "datetime": {"delta": 50.229277, "elapsed": 20240.019527, "datetime": "2020-04-27 16:09:27"}}
{"target": -8484.507275041015, "params": {"epsilon_d": 2.2198197845566487, "phi_d": 0.4811722401179579, "beta_rec": 0.9427819799858558, "gamma_cf": 0.5890886358940917, "k_intra": 5.841260117967493, "gamma_fc": 0.17067162114968812, "s_cf": 1.0447302296789587, "beta_enc": 0.32950973957823576, "phi_s": 2.5632262903373606}, "datetime": {"delta": 53.638492, "elapsed": 20293.658019, "datetime": "2020-04-27 16:10:21"}}
{"target": -8486.299664342427, "params": {"epsilon_d": 2.2152300318436233, "phi_d": 0.4646733566619549, "beta_rec": 0.9558414431465588, "gamma_cf": 0.594368997570033, "k_intra": 5.831756902179285, "gamma_fc": 0.16607501502236877, "s_cf": 1.0884097605522411, "beta_enc": 0.3262873690328242, "phi_s": 2.570406919157383}, "datetime": {"delta": 53.747965, "elapsed": 20347.405984, "datetime": "2020-04-27 16:11:14"}}
{"target": -8486.906245489048, "params": {"epsilon_d": 2.2817529964519037, "phi_d": 0.5100942436244613, "beta_rec": 0.9381277177537349, "gamma_cf": 0.5797087152636523, "k_intra": 5.824089119070523, "gamma_fc": 0.18637745019653126, "s_cf": 0.9980092649906541, "beta_enc": 0.3265326938075113, "phi_s": 2.5093483083103423}, "datetime": {"delta": 50.696141, "elapsed": 20398.102125, "datetime": "2020-04-27 16:12:05"}}
{"target": -8485.347435822368, "params": {"epsilon_d": 2.188433978994062, "phi_d": 0.4764076199517722, "beta_rec": 0.9368013548194432, "gamma_cf": 0.591626561993061, "k_intra": 5.81868447328765, "gamma_fc": 0.16890997700220786, "s_cf": 1.0638004283102107, "beta_enc": 0.335348700776054, "phi_s": 2.5911817463183264}, "datetime": {"delta": 52.165969, "elapsed": 20450.268094, "datetime": "2020-04-27 16:12:57"}}
