{"target": -10132.73065778189, "params": {"epsilon_d": 8.45807360973734, "phi_d": 0.39458628024388187, "beta_rec": 0.8519605767101668, "gamma_cf": 0.8905177817288483, "k_intra": 4.44361393168152, "gamma_fc": 0.4436581570801851, "s_cf": 2.916829360892312, "beta_enc": 0.7822554923197977, "phi_s": 0.7548400750505818}, "datetime": {"delta": 10.488619, "elapsed": 1652.185189, "datetime": "2020-04-27 10:59:39"}}
{"target": -10456.64870046984, "params": {"epsilon_d": 8.91646763514528, "phi_d": 1.9327853563430977, "beta_rec": 0.9074054026267732, "gamma_cf": 0.9225122468106673, "k_intra": 8.798424213578794, "gamma_fc": 0.24053460799671528, "s_cf": 1.1008361528622355, "beta_enc": 0.35616157207186194, "phi_s": 0.710821717414527}, "datetime": {"delta": 10.439379, "elapsed": 1662.624568, "datetime": "2020-04-27 10:59:50"}}
{"target": -9722.124427342744, "params": {"epsilon_d": 0.9293720430700592, "phi_d": 1.7640283205795235, "beta_rec": 0.4444037226303826, "gamma_cf": 0.1654019586311918, "k_intra": 6.913363142151475, "gamma_fc": 0.27747671182000233, "s_cf": 0.8094387905857034, "beta_enc": 0.2439269097303549, "phi_s": 2.6326370887065234}, "datetime": {"delta": 10.500855, "elapsed": 1673.125423, "datetime": "2020-04-27 11:00:00"}}
{"target": -9540.899738266427, "params": {"epsilon_d": 5.210364764662983, "phi_d": 0.8332402980227638, "beta_rec": 0.03452782218056491, "gamma_cf": 0.8632401590656782, "k_intra": 0.10863102383559593, "gamma_fc": 0.9857138894964251, "s_cf": 0.23785902326050543, "beta_enc": 0.6666471610470218, "phi_s": 0.7491640439498235}, "datetime": {"delta": 10.441458, "elapsed": 1683.566881, "datetime": "2020-04-27 11:00:10"}}
{"target": -9785.336951126717, "params": {"epsilon_d": 0.5502732421359113, "phi_d": 0.8819986333612491, "beta_rec": 0.4902462927130073, "gamma_cf": 0.27840029803381733, "k_intra": 2.953973495193433, "gamma_fc": 0.675977112198021, "s_cf": 1.2035488239079561, "beta_enc": 0.10915521063559809, "phi_s": 1.8125849145063446}, "datetime": {"delta": 10.383818, "elapsed": 1693.950699, "datetime": "2020-04-27 11:00:21"}}
{"target": -9506.397818520943, "params": {"epsilon_d": 6.368771731484127, "phi_d": 2.8175331159169965, "beta_rec": 0.4961743388547361, "gamma_cf": 0.3534590075669293, "k_intra": 1.3407390663735086, "gamma_fc": 0.3583395515399578, "s_cf": 2.820282775153422, "beta_enc": 0.7322707305652608, "phi_s": 2.4340239534458044}, "datetime": {"delta": 10.462383, "elapsed": 1704.413082, "datetime": "2020-04-27 11:00:31"}}
{"target": -9467.991416768875, "params": {"epsilon_d": 9.363956756152117, "phi_d": 0.6373387941688018, "beta_rec": 0.9331624472469432, "gamma_cf": 0.28361615915229416, "k_intra": 5.518801420996991, "gamma_fc": 0.34717082358147666, "s_cf": 0.6374211732192847, "beta_enc": 0.2668424721830221, "phi_s": 1.3820932208176209}, "datetime": {"delta": 10.361498, "elapsed": 1714.77458, "datetime": "2020-04-27 11:00:42"}}
{"target": -11053.99624998993, "params": {"epsilon_d": 9.642785897497578, "phi_d": 0.5152503669554123, "beta_rec": 0.4938752750253365, "gamma_cf": 0.6449771783449606, "k_intra": 9.677275507152363, "gamma_fc": 0.535884195729147, "s_cf": 2.0194762667267128, "beta_enc": 0.9526383261585634, "phi_s": 1.9337566365328402}, "datetime": {"delta": 10.522371, "elapsed": 1725.296951, "datetime": "2020-04-27 11:00:52"}}
{"target": -9892.017421477065, "params": {"epsilon_d": 4.977953751543729, "phi_d": 1.235148052654379, "beta_rec": 0.0594512896164236, "gamma_cf": 0.46518743012372565, "k_intra": 2.5740432896302328, "gamma_fc": 0.8260721296973772, "s_cf": 2.0906859039998555, "beta_enc": 0.4904558444374534, "phi_s": 0.7964994009419939}, "datetime": {"delta": 10.403826, "elapsed": 1735.700777, "datetime": "2020-04-27 11:01:03"}}
{"target": -9561.757882395721, "params": {"epsilon_d": 8.232322728240343, "phi_d": 2.8119440350729272, "beta_rec": 0.17751179391457508, "gamma_cf": 0.23106546042570514, "k_intra": 1.3967770152762795, "gamma_fc": 0.15217823203549033, "s_cf": 0.9388554369004389, "beta_enc": 0.990895108003404, "phi_s": 2.6767720997330615}, "datetime": {"delta": 10.485127, "elapsed": 1746.185904, "datetime": "2020-04-27 11:01:13"}}
{"target": -9097.2691686881, "params": {"epsilon_d": 4.403082461309568, "phi_d": 0.14286805155206944, "beta_rec": 0.8499455421778958, "gamma_cf": 0.46810274991098616, "k_intra": 1.5887380312884887, "gamma_fc": 0.6668677194250804, "s_cf": 0.14478653263400657, "beta_enc": 0.9529876594914463, "phi_s": 0.8699848506699189}, "datetime": {"delta": 10.401448, "elapsed": 1756.587352, "datetime": "2020-04-27 11:01:24"}}
{"target": -9005.8949893523, "params": {"epsilon_d": 3.284316641467499, "phi_d": 0.9477099099139228, "beta_rec": 0.5515136889291952, "gamma_cf": 0.7802243168860467, "k_intra": 2.456357581231217, "gamma_fc": 0.23120688809329937, "s_cf": 0.35502218293474963, "beta_enc": 0.7070489597460318, "phi_s": 0.6682026448470771}, "datetime": {"delta": 10.503626, "elapsed": 1767.090978, "datetime": "2020-04-27 11:01:34"}}
{"target": -11613.618224013528, "params": {"epsilon_d": 6.868732324634215, "phi_d": 2.730616260139075, "beta_rec": 0.08827982670695292, "gamma_cf": 0.12048883677003762, "k_intra": 5.577109618448389, "gamma_fc": 0.10962910282975674, "s_cf": 1.081509013942925, "beta_enc": 0.8829785622444467, "phi_s": 2.5953243352769673}, "datetime": {"delta": 10.392368, "elapsed": 1777.483346, "datetime": "2020-04-27 11:01:44"}}
{"target": -14128.037419732376, "params": {"epsilon_d": 8.079250829667693, "phi_d": 2.7027450186781787, "beta_rec": 0.8008792691945201, "gamma_cf": 0.8685012674911419, "k_intra": 8.079710834527614, "gamma_fc": 0.7026819398879798, "s_cf": 1.7176933807732404, "beta_enc": 0.12444294639327601, "phi_s": 1.4161068564210357}, "datetime": {"delta": 10.484495, "elapsed": 1787.967841, "datetime": "2020-04-27 11:01:55"}}
{"target": -9889.613706014594, "params": {"epsilon_d": 6.860777989535761, "phi_d": 2.4920898309171724, "beta_rec": 0.6920147061337664, "gamma_cf": 0.5203616044997301, "k_intra": 5.062736074030766, "gamma_fc": 0.8456213332769241, "s_cf": 0.6176350156347159, "beta_enc": 0.5555180159454113, "phi_s": 0.9173507556154045}, "datetime": {"delta": 10.445487, "elapsed": 1798.413328, "datetime": "2020-04-27 11:02:05"}}
{"target": -9326.86134832326, "params": {"epsilon_d": 2.671937763713704, "phi_d": 0.34224920047904916, "beta_rec": 0.7419653315035312, "gamma_cf": 0.5812772187569426, "k_intra": 0.8167315390426673, "gamma_fc": 0.9597360281843681, "s_cf": 0.7510310886242774, "beta_enc": 0.9728835133102426, "phi_s": 1.895491011117731}, "datetime": {"delta": 10.426018, "elapsed": 1808.839346, "datetime": "2020-04-27 11:02:16"}}
{"target": -10190.206149483496, "params": {"epsilon_d": 6.695262093212603, "phi_d": 1.2882206572886594, "beta_rec": 0.5681957276948102, "gamma_cf": 0.10790311940451296, "k_intra": 6.254959472371842, "gamma_fc": 0.1758547462929011, "s_cf": 1.1760854405469485, "beta_enc": 0.7886655610601573, "phi_s": 0.3530323192287472}, "datetime": {"delta": 10.516655, "elapsed": 1819.356001, "datetime": "2020-04-27 11:02:26"}}
{"target": -11054.960094213408, "params": {"epsilon_d": 8.967718174434172, "phi_d": 1.2782364402961137, "beta_rec": 0.18966844145156656, "gamma_cf": 0.9498514042411993, "k_intra": 7.3035247518252, "gamma_fc": 0.9654152881910805, "s_cf": 0.9351619498967794, "beta_enc": 0.7049299686911638, "phi_s": 2.256872669418537}, "datetime": {"delta": 10.402422, "elapsed": 1829.758423, "datetime": "2020-04-27 11:02:37"}}
{"target": -10125.885132196086, "params": {"epsilon_d": 5.988986620738384, "phi_d": 2.8289384737748136, "beta_rec": 0.6059357715817362, "gamma_cf": 0.8786731102181795, "k_intra": 7.664221768376189, "gamma_fc": 0.32914068009451924, "s_cf": 1.4806584422061042, "beta_enc": 0.3829755001516716, "phi_s": 0.10299550470743044}, "datetime": {"delta": 10.514824, "elapsed": 1840.273247, "datetime": "2020-04-27 11:02:47"}}
{"target": -11702.608069274507, "params": {"epsilon_d": 1.9190201775724174, "phi_d": 0.18036404635485848, "beta_rec": 0.8433388815981305, "gamma_cf": 0.8561736220635731, "k_intra": 8.923816553468964, "gamma_fc": 0.4279289318713252, "s_cf": 2.9460903506869265, "beta_enc": 0.6913362961222563, "phi_s": 0.3476314034571948}, "datetime": {"delta": 10.416568, "elapsed": 1850.689815, "datetime": "2020-04-27 11:02:58"}}
{"target": -9109.060333521134, "params": {"epsilon_d": 1.7752204284675366, "phi_d": 1.0380896712683185, "beta_rec": 0.41769058357950184, "gamma_cf": 0.6499361629743811, "k_intra": 3.1230229954724393, "gamma_fc": 0.13327756152342204, "s_cf": 1.9874106443595216, "beta_enc": 0.6485517331961469, "phi_s": 1.8615814911922055}, "datetime": {"delta": 10.488772, "elapsed": 1861.178587, "datetime": "2020-04-27 11:03:08"}}
{"target": -12215.59074011546, "params": {"epsilon_d": 6.638531503349887, "phi_d": 0.5468295983138365, "beta_rec": 0.9275881845032836, "gamma_cf": 0.5782161010166973, "k_intra": 9.666458801494999, "gamma_fc": 0.4588439892661076, "s_cf": 1.0019378968660404, "beta_enc": 0.8614491393128224, "phi_s": 2.6957517450810804}, "datetime": {"delta": 10.399679, "elapsed": 1871.578266, "datetime": "2020-04-27 11:03:19"}}
{"target": -13043.341368829406, "params": {"epsilon_d": 2.4410495481289383, "phi_d": 2.1080019402845194, "beta_rec": 0.6820980518069716, "gamma_cf": 0.16781991138176658, "k_intra": 7.92072011709087, "gamma_fc": 0.5576338120866544, "s_cf": 2.7121524237080257, "beta_enc": 0.5936401806994936, "phi_s": 0.445022677801743}, "datetime": {"delta": 10.495569, "elapsed": 1882.073835, "datetime": "2020-04-27 11:03:29"}}
{"target": -10120.252611010805, "params": {"epsilon_d": 5.57899369185783, "phi_d": 2.1471893636176853, "beta_rec": 0.9466820115717236, "gamma_cf": 0.08489334147818685, "k_intra": 8.543837349434662, "gamma_fc": 0.2822167321070821, "s_cf": 1.0545234052034693, "beta_enc": 0.5317638103442396, "phi_s": 2.6953246084434803}, "datetime": {"delta": 10.392138, "elapsed": 1892.465973, "datetime": "2020-04-27 11:03:39"}}
{"target": -9327.0953099953, "params": {"epsilon_d": 5.983479450507978, "phi_d": 2.5522833904703215, "beta_rec": 0.6504330926708713, "gamma_cf": 0.23153978924069435, "k_intra": 2.4886335259611463, "gamma_fc": 0.484139214503412, "s_cf": 0.2930553290838999, "beta_enc": 0.5752012569738635, "phi_s": 2.9613645904074395}, "datetime": {"delta": 10.460816, "elapsed": 1902.926789, "datetime": "2020-04-27 11:03:50"}}
{"target": -10590.740170829387, "params": {"epsilon_d": 6.291810245283186, "phi_d": 0.9549805506571946, "beta_rec": 0.3301825406438544, "gamma_cf": 0.25820383631694277, "k_intra": 3.717760372782668, "gamma_fc": 0.6859068483776456, "s_cf": 2.833246735256002, "beta_enc": 0.7425352290402651, "phi_s": 2.7441132037236167}, "datetime": {"delta": 10.446595, "elapsed": 1913.373384, "datetime": "2020-04-27 11:04:00"}}
{"target": -10026.600210326396, "params": {"epsilon_d": 9.400246821970978, "phi_d": 2.507453925870668, "beta_rec": 0.21454633405260953, "gamma_cf": 0.7504785013686518, "k_intra": 2.125096135136377, "gamma_fc": 0.7759808265905255, "s_cf": 1.9317001612254647, "beta_enc": 0.6521950239041219, "phi_s": 0.7962759470675091}, "datetime": {"delta": 10.416619, "elapsed": 1923.790003, "datetime": "2020-04-27 11:04:11"}}
{"target": -9679.533248637083, "params": {"epsilon_d": 3.9636205755358516, "phi_d": 0.362188175514916, "beta_rec": 0.742409191364131, "gamma_cf": 0.7598494141764258, "k_intra": 5.8783259921833935, "gamma_fc": 0.9126423119095389, "s_cf": 0.405261327322082, "beta_enc": 0.7396656129096276, "phi_s": 0.47403035401260063}, "datetime": {"delta": 10.521515, "elapsed": 1934.311518, "datetime": "2020-04-27 11:04:21"}}
{"target": -15875.214748353586, "params": {"epsilon_d": 7.805178811669513, "phi_d": 2.9232046964252514, "beta_rec": 0.12651824720065605, "gamma_cf": 0.03950757103322584, "k_intra": 8.79187334957107, "gamma_fc": 0.31740257560677765, "s_cf": 2.9310909672251264, "beta_enc": 0.255454716990592, "phi_s": 1.8557238224084396}, "datetime": {"delta": 10.420346, "elapsed": 1944.731864, "datetime": "2020-04-27 11:04:32"}}
{"target": -18180.50177998593, "params": {"epsilon_d": 3.1818312163160547, "phi_d": 1.429797351617253, "beta_rec": 0.94857791109917, "gamma_cf": 0.7989929430775569, "k_intra": 8.601385929887645, "gamma_fc": 0.8295661931022114, "s_cf": 0.8478896548384156, "beta_enc": 0.13910638754347912, "phi_s": 2.7988687372798005}, "datetime": {"delta": 10.514022, "elapsed": 1955.245886, "datetime": "2020-04-27 11:04:42"}}
{"target": -11344.787660453048, "params": {"epsilon_d": 9.855904657953822, "phi_d": 1.5280297374551268, "beta_rec": 0.6191577212883353, "gamma_cf": 0.032740601575996134, "k_intra": 5.659886811450007, "gamma_fc": 0.7526499929494376, "s_cf": 1.047808986112488, "beta_enc": 0.9410009432766262, "phi_s": 0.8517325643871372}, "datetime": {"delta": 10.361921, "elapsed": 1965.607807, "datetime": "2020-04-27 11:04:53"}}
{"target": -10720.999912411353, "params": {"epsilon_d": 8.016642291495906, "phi_d": 1.6475823206428197, "beta_rec": 0.21934598353402826, "gamma_cf": 0.5024447663976686, "k_intra": 7.7720720783535295, "gamma_fc": 0.17487089982729798, "s_cf": 1.5946417101150518, "beta_enc": 0.324515986031249, "phi_s": 2.244224583304508}, "datetime": {"delta": 10.462888, "elapsed": 1976.070695, "datetime": "2020-04-27 11:05:03"}}
{"target": -10961.188235165922, "params": {"epsilon_d": 0.3796019396128355, "phi_d": 0.7219481262866274, "beta_rec": 0.9862481577580514, "gamma_cf": 0.9327706315740618, "k_intra": 3.915277927899566, "gamma_fc": 0.9377694709839712, "s_cf": 0.6161197728634913, "beta_enc": 0.4599513315866186, "phi_s": 1.8957185640063932}, "datetime": {"delta": 10.377146, "elapsed": 1986.447841, "datetime": "2020-04-27 11:05:13"}}
{"target": -9428.18648883336, "params": {"epsilon_d": 2.9789809348235115, "phi_d": 2.6022330436779852, "beta_rec": 0.2540084624921474, "gamma_cf": 0.9159241984309561, "k_intra": 5.358455108387912, "gamma_fc": 0.9126251501269681, "s_cf": 2.9938644068522167, "beta_enc": 0.8228873748952076, "phi_s": 1.1223444495346793}, "datetime": {"delta": 10.532744, "elapsed": 1996.980585, "datetime": "2020-04-27 11:05:24"}}
{"target": -10956.392012462433, "params": {"epsilon_d": 0.5115849160967559, "phi_d": 1.9583421097330365, "beta_rec": 0.2948825305973155, "gamma_cf": 0.9897079830913631, "k_intra": 7.348504290363203, "gamma_fc": 0.5183988678206402, "s_cf": 0.2482216210957372, "beta_enc": 0.49032076546447934, "phi_s": 2.196970859031428}, "datetime": {"delta": 10.442602, "elapsed": 2007.423187, "datetime": "2020-04-27 11:05:34"}}
{"target": -11548.461952198895, "params": {"epsilon_d": 5.564750768826551, "phi_d": 1.2497418011526094, "beta_rec": 0.9268485337804513, "gamma_cf": 0.9639194970956826, "k_intra": 6.025444805094087, "gamma_fc": 0.3528599832913307, "s_cf": 0.9718336367188695, "beta_enc": 0.9280408648687423, "phi_s": 1.9212673720901619}, "datetime": {"delta": 10.475562, "elapsed": 2017.898749, "datetime": "2020-04-27 11:05:45"}}
{"target": -11396.080687157655, "params": {"epsilon_d": 0.5145879459699632, "phi_d": 2.8706309688458065, "beta_rec": 0.06987899990635811, "gamma_cf": 0.049491444994850975, "k_intra": 3.9595512332089564, "gamma_fc": 0.2354095255308971, "s_cf": 1.9779036588676389, "beta_enc": 0.8374225461904181, "phi_s": 0.42130677511827286}, "datetime": {"delta": 10.42946, "elapsed": 2028.328209, "datetime": "2020-04-27 11:05:55"}}
{"target": -11969.708073494709, "params": {"epsilon_d": 2.0621723702698995, "phi_d": 1.9961365776691393, "beta_rec": 0.35330708174246067, "gamma_cf": 0.22067202243915102, "k_intra": 7.134508091866547, "gamma_fc": 0.13943935875443225, "s_cf": 2.184924515460547, "beta_enc": 0.5748593576107144, "phi_s": 1.386932398901695}, "datetime": {"delta": 10.374625, "elapsed": 2038.702834, "datetime": "2020-04-27 11:06:06"}}
{"target": -10521.393733137867, "params": {"epsilon_d": 8.491504421469937, "phi_d": 1.4982463742566556, "beta_rec": 0.9387253014515942, "gamma_cf": 0.6590697560999167, "k_intra": 4.171501622857327, "gamma_fc": 0.4409480517955586, "s_cf": 2.6044195692624976, "beta_enc": 0.19897837520078837, "phi_s": 2.812322933019722}, "datetime": {"delta": 10.497152, "elapsed": 2049.199986, "datetime": "2020-04-27 11:06:16"}}
{"target": -12159.335566829197, "params": {"epsilon_d": 8.766498236565285, "phi_d": 1.1197122284452836, "beta_rec": 0.5545630464283392, "gamma_cf": 0.9492695073289129, "k_intra": 7.487717997696639, "gamma_fc": 0.6752662802814213, "s_cf": 2.5265809445761107, "beta_enc": 0.5301314642949034, "phi_s": 2.762282125349922}, "datetime": {"delta": 10.392295, "elapsed": 2059.592281, "datetime": "2020-04-27 11:06:27"}}
{"target": -10013.57462957257, "params": {"epsilon_d": 8.51373162625929, "phi_d": 2.7122710326500563, "beta_rec": 0.8676404468942122, "gamma_cf": 0.8084305154704812, "k_intra": 5.364665722469903, "gamma_fc": 0.21762354195764927, "s_cf": 1.3200682771730563, "beta_enc": 0.5968502931022865, "phi_s": 2.335412308606108}, "datetime": {"delta": 10.484904, "elapsed": 2070.077185, "datetime": "2020-04-27 11:06:37"}}
{"target": -9656.070544150089, "params": {"epsilon_d": 3.4027412655941873, "phi_d": 0.13360980928869604, "beta_rec": 0.25084807935733494, "gamma_cf": 0.954205087378846, "k_intra": 9.004396645061512, "gamma_fc": 0.8278438133667607, "s_cf": 0.7830136741686209, "beta_enc": 0.9800923540239692, "phi_s": 1.201316855798585}, "datetime": {"delta": 10.401453, "elapsed": 2080.478638, "datetime": "2020-04-27 11:06:47"}}
{"target": -9803.271713208842, "params": {"epsilon_d": 7.268439964154333, "phi_d": 1.6477524884394015, "beta_rec": 0.7380216968542005, "gamma_cf": 0.46185323025804154, "k_intra": 5.8510692139152125, "gamma_fc": 0.42874701508638435, "s_cf": 1.8848835062325076, "beta_enc": 0.36634154669867025, "phi_s": 1.6966807211227999}, "datetime": {"delta": 10.517734, "elapsed": 2090.996372, "datetime": "2020-04-27 11:06:58"}}
{"target": -9151.182452391435, "params": {"epsilon_d": 2.5869115151589277, "phi_d": 2.1977470287434877, "beta_rec": 0.7717413105672168, "gamma_cf": 0.6557951918265756, "k_intra": 0.04551205703961617, "gamma_fc": 0.9643574333980163, "s_cf": 1.6769837258250933, "beta_enc": 0.456083445040794, "phi_s": 0.4160855983959668}, "datetime": {"delta": 10.402265, "elapsed": 2101.398637, "datetime": "2020-04-27 11:07:08"}}
{"target": -10871.665464745776, "params": {"epsilon_d": 9.14705436494142, "phi_d": 0.40597053199227084, "beta_rec": 0.24302283105822403, "gamma_cf": 0.6223502974387486, "k_intra": 7.703620554122077, "gamma_fc": 0.30852522225537393, "s_cf": 0.37537260242722537, "beta_enc": 0.6642244150123011, "phi_s": 1.710153423740899}, "datetime": {"delta": 10.474353, "elapsed": 2111.87299, "datetime": "2020-04-27 11:07:19"}}
{"target": -10394.237069700697, "params": {"epsilon_d": 6.529721398751988, "phi_d": 2.4585521514426616, "beta_rec": 0.2530548147089164, "gamma_cf": 0.7158553701628941, "k_intra": 6.57863886295407, "gamma_fc": 0.5717670531117951, "s_cf": 1.897077776956202, "beta_enc": 0.6228856654075176, "phi_s": 2.441785587764793}, "datetime": {"delta": 10.364937, "elapsed": 2122.237927, "datetime": "2020-04-27 11:07:29"}}
{"target": -10550.04018491537, "params": {"epsilon_d": 8.760001437053198, "phi_d": 2.735543293670165, "beta_rec": 0.4080091940484627, "gamma_cf": 0.7029614389411599, "k_intra": 5.66166414482634, "gamma_fc": 0.2664415201360615, "s_cf": 2.5520012590390486, "beta_enc": 0.5059922159086974, "phi_s": 0.5370009775199864}, "datetime": {"delta": 10.387364, "elapsed": 2132.625291, "datetime": "2020-04-27 11:07:40"}}
{"target": -10156.949635698602, "params": {"epsilon_d": 0.4720801297084617, "phi_d": 1.1802464225755427, "beta_rec": 0.4993911671877047, "gamma_cf": 0.14758775514639574, "k_intra": 0.45110641235830595, "gamma_fc": 0.9303748252198041, "s_cf": 0.6711493128506484, "beta_enc": 0.8381822196838149, "phi_s": 1.8952149407038654}, "datetime": {"delta": 10.393854, "elapsed": 2143.019145, "datetime": "2020-04-27 11:07:50"}}
{"target": -9651.502443133268, "params": {"epsilon_d": 5.442824032096616, "phi_d": 1.523924734485495, "beta_rec": 0.15605963552011806, "gamma_cf": 0.6180495232142099, "k_intra": 4.668426802201321, "gamma_fc": 0.3078909538027335, "s_cf": 1.9394141830442329, "beta_enc": 0.9829717815162675, "phi_s": 2.323900891346972}, "datetime": {"delta": 10.401649, "elapsed": 2153.420794, "datetime": "2020-04-27 11:08:00"}}
{"target": -9329.432238256597, "params": {"epsilon_d": 4.588436522569764, "phi_d": 2.3853436983996907, "beta_rec": 0.6669758489396558, "gamma_cf": 0.5257590201822755, "k_intra": 1.820141865719078, "gamma_fc": 0.6927112374025257, "s_cf": 2.9429653668982505, "beta_enc": 0.5207950477588057, "phi_s": 1.8483094788613523}, "datetime": {"delta": 10.479791, "elapsed": 2163.900585, "datetime": "2020-04-27 11:08:11"}}
{"target": -10905.54801907782, "params": {"epsilon_d": 8.966853845734521, "phi_d": 2.0844979033108273, "beta_rec": 0.46631984751915684, "gamma_cf": 0.6014732663578183, "k_intra": 4.142564940371589, "gamma_fc": 0.7533629612639334, "s_cf": 0.680539590644034, "beta_enc": 0.3001448741780582, "phi_s": 2.8435595865579333}, "datetime": {"delta": 10.347935, "elapsed": 2174.24852, "datetime": "2020-04-27 11:08:21"}}
{"target": -11900.6909247669, "params": {"epsilon_d": 0.24423044445698416, "phi_d": 0.33552809923392657, "beta_rec": 0.9695410582986864, "gamma_cf": 0.21528806563576813, "k_intra": 7.676560942237118, "gamma_fc": 0.20563922828181677, "s_cf": 1.229874846049985, "beta_enc": 0.8266287374895884, "phi_s": 2.995399319913632}, "datetime": {"delta": 10.492828, "elapsed": 2184.741348, "datetime": "2020-04-27 11:08:32"}}
{"target": -9251.73584484702, "params": {"epsilon_d": 4.464634778240679, "phi_d": 1.586684265595641, "beta_rec": 0.1886587457391179, "gamma_cf": 0.8448273378243029, "k_intra": 4.626959385946657, "gamma_fc": 0.6357428026059305, "s_cf": 1.3769257019982202, "beta_enc": 0.9146824893397364, "phi_s": 1.7642680279878076}, "datetime": {"delta": 10.42101, "elapsed": 2195.162358, "datetime": "2020-04-27 11:08:42"}}
