{"target": -11348.660268295045, "params": {"epsilon_d": 6.552713832499895, "phi_d": 2.9810353429895646, "beta_rec": 0.11388497681176209, "gamma_cf": 0.4027165864897017, "k_intra": 5.583540822495287, "gamma_fc": 0.3889236827505843, "s_cf": 2.128907228958793, "beta_enc": 0.11491829461084074, "phi_s": 2.520010890652286}, "datetime": {"delta": 10.35461, "elapsed": 1098.24329, "datetime": "2020-04-27 10:50:25"}}
{"target": -14105.822480448085, "params": {"epsilon_d": 0.7963010719936998, "phi_d": 1.5197383873209889, "beta_rec": 0.03982473381241651, "gamma_cf": 0.4740588893590558, "k_intra": 9.373148100663204, "gamma_fc": 0.41425067166136964, "s_cf": 2.6962550606205404, "beta_enc": 0.9264327302188521, "phi_s": 1.6649824192707168}, "datetime": {"delta": 10.594724, "elapsed": 1108.838014, "datetime": "2020-04-27 10:50:36"}}
{"target": -8890.781936326715, "params": {"epsilon_d": 2.610459318779121, "phi_d": 0.7383731546782455, "beta_rec": 0.8770466858314249, "gamma_cf": 0.27388232318769273, "k_intra": 5.480167062104725, "gamma_fc": 0.3955252510788312, "s_cf": 0.5141005201287012, "beta_enc": 0.5019715412413215, "phi_s": 2.0471445961356927}, "datetime": {"delta": 10.476986, "elapsed": 1119.315, "datetime": "2020-04-27 10:50:46"}}
{"target": -9878.467476095171, "params": {"epsilon_d": 2.4450001652142856, "phi_d": 0.32046925038210994, "beta_rec": 0.8702047270307571, "gamma_cf": 0.38606541062149324, "k_intra": 5.262761679815185, "gamma_fc": 0.614387883452799, "s_cf": 2.858293293414207, "beta_enc": 0.1846902470496755, "phi_s": 2.634965213234282}, "datetime": {"delta": 10.511548, "elapsed": 1129.826548, "datetime": "2020-04-27 10:50:57"}}
{"target": -11760.661585908545, "params": {"epsilon_d": 5.325683281567799, "phi_d": 1.0039384613850462, "beta_rec": 0.2838734547633796, "gamma_cf": 0.3394827823452077, "k_intra": 9.744290654440896, "gamma_fc": 0.5992005797089001, "s_cf": 1.0453049011960591, "beta_enc": 0.8312565737572046, "phi_s": 2.039510157176322}, "datetime": {"delta": 10.41353, "elapsed": 1140.240078, "datetime": "2020-04-27 10:51:07"}}
{"target": -9885.195360259679, "params": {"epsilon_d": 8.909290680329011, "phi_d": 0.7112170571592455, "beta_rec": 0.3258773856165435, "gamma_cf": 0.7517325501471749, "k_intra": 4.700095495313658, "gamma_fc": 0.7863688859005996, "s_cf": 1.033303519913709, "beta_enc": 0.7970295394135717, "phi_s": 0.22027773077184676}, "datetime": {"delta": 10.524201, "elapsed": 1150.764279, "datetime": "2020-04-27 10:51:18"}}
{"target": -9591.838116284269, "params": {"epsilon_d": 6.736465316168067, "phi_d": 0.21559378724281247, "beta_rec": 0.6938860258327624, "gamma_cf": 0.4305287355667005, "k_intra": 5.3647248624482415, "gamma_fc": 0.7910100798923557, "s_cf": 0.6609075571432632, "beta_enc": 0.133401398044595, "phi_s": 0.49090004208596927}, "datetime": {"delta": 10.356684, "elapsed": 1161.120963, "datetime": "2020-04-27 10:51:28"}}
{"target": -10030.822022972628, "params": {"epsilon_d": 6.0906561269536255, "phi_d": 2.5583313578885694, "beta_rec": 0.052407715142833, "gamma_cf": 0.5121098214211665, "k_intra": 4.329232391695797, "gamma_fc": 0.6557149108154404, "s_cf": 0.1446702073965706, "beta_enc": 0.4020974210481848, "phi_s": 1.416771262571539}, "datetime": {"delta": 10.479766, "elapsed": 1171.600729, "datetime": "2020-04-27 10:51:39"}}
{"target": -9744.918478301093, "params": {"epsilon_d": 8.247730102419862, "phi_d": 0.2836959860233854, "beta_rec": 0.6562359275893245, "gamma_cf": 0.9517805154645483, "k_intra": 2.358367922269235, "gamma_fc": 0.1458211451651985, "s_cf": 2.605104521954211, "beta_enc": 0.8857613336023895, "phi_s": 1.3228078694941077}, "datetime": {"delta": 10.337679, "elapsed": 1181.938408, "datetime": "2020-04-27 10:51:49"}}
{"target": -9167.067034998778, "params": {"epsilon_d": 1.342876787106364, "phi_d": 1.5106781551941448, "beta_rec": 0.4731646416905899, "gamma_cf": 0.772908313606901, "k_intra": 0.4424764724797243, "gamma_fc": 0.857279941116259, "s_cf": 2.862173966910452, "beta_enc": 0.1734615844435613, "phi_s": 0.7942920279994922}, "datetime": {"delta": 10.392913, "elapsed": 1192.331321, "datetime": "2020-04-27 10:51:59"}}
{"target": -10535.648635442949, "params": {"epsilon_d": 9.737525233519444, "phi_d": 0.7838624477277898, "beta_rec": 0.6139726089844624, "gamma_cf": 0.34492685758187935, "k_intra": 4.35160378435101, "gamma_fc": 0.9080656459009135, "s_cf": 2.08423234785136, "beta_enc": 0.9495033650054165, "phi_s": 2.828401093284058}, "datetime": {"delta": 10.444582, "elapsed": 1202.775903, "datetime": "2020-04-27 10:52:10"}}
{"target": -10049.836378311216, "params": {"epsilon_d": 7.043664916870128, "phi_d": 1.8414179702961788, "beta_rec": 0.8704378143373839, "gamma_cf": 0.6049663802869842, "k_intra": 2.5418560345728096, "gamma_fc": 0.7591374092613975, "s_cf": 0.25692961493959965, "beta_enc": 0.1584204268052164, "phi_s": 2.4623956256588007}, "datetime": {"delta": 10.417878, "elapsed": 1213.193781, "datetime": "2020-04-27 10:52:20"}}
{"target": -9352.597021591271, "params": {"epsilon_d": 6.221624106346066, "phi_d": 2.6307898782664396, "beta_rec": 0.8424615653754179, "gamma_cf": 0.5313346817000099, "k_intra": 2.9578349667424635, "gamma_fc": 0.32346165609738875, "s_cf": 0.2868477411808597, "beta_enc": 0.21745960420533939, "phi_s": 1.322831211064157}, "datetime": {"delta": 10.477752, "elapsed": 1223.671533, "datetime": "2020-04-27 10:52:31"}}
{"target": -9751.987930088544, "params": {"epsilon_d": 8.279652601374675, "phi_d": 1.629075623807709, "beta_rec": 0.20346049474076866, "gamma_cf": 0.881782446020499, "k_intra": 5.988662284115317, "gamma_fc": 0.5380756703365044, "s_cf": 2.579620991907319, "beta_enc": 0.9072865625568243, "phi_s": 1.9119817531379473}, "datetime": {"delta": 10.421576, "elapsed": 1234.093109, "datetime": "2020-04-27 10:52:41"}}
{"target": -9172.178166293968, "params": {"epsilon_d": 5.720134268179578, "phi_d": 0.7943940870235731, "beta_rec": 0.8837671326297828, "gamma_cf": 0.1151915306628067, "k_intra": 5.9638640322740075, "gamma_fc": 0.3043010486931922, "s_cf": 0.5693583709591219, "beta_enc": 0.3539255035643746, "phi_s": 0.4811054155586356}, "datetime": {"delta": 10.513288, "elapsed": 1244.606397, "datetime": "2020-04-27 10:52:52"}}
{"target": -11107.349633819918, "params": {"epsilon_d": 9.639314163164585, "phi_d": 1.8855424328914514, "beta_rec": 0.6022234355273215, "gamma_cf": 0.34574464537469585, "k_intra": 5.993863036844463, "gamma_fc": 0.6360625883214547, "s_cf": 2.2759198352665893, "beta_enc": 0.8603852664121652, "phi_s": 0.27161390083859493}, "datetime": {"delta": 10.3609, "elapsed": 1254.967297, "datetime": "2020-04-27 10:53:02"}}
{"target": -8944.499171312164, "params": {"epsilon_d": 2.0063046074551774, "phi_d": 2.7610584081687404, "beta_rec": 0.5347255892738708, "gamma_cf": 0.7529506223884442, "k_intra": 3.2892784754713005, "gamma_fc": 0.10658707239507742, "s_cf": 2.5800518233219925, "beta_enc": 0.9533885483688627, "phi_s": 1.8062652653922426}, "datetime": {"delta": 10.462446, "elapsed": 1265.429743, "datetime": "2020-04-27 10:53:12"}}
{"target": -10749.445176425388, "params": {"epsilon_d": 8.806886881950238, "phi_d": 1.377006551810591, "beta_rec": 0.8225958947086186, "gamma_cf": 0.32105427588700075, "k_intra": 7.215820408423842, "gamma_fc": 0.21065929439696063, "s_cf": 1.8104885795186787, "beta_enc": 0.644204847114269, "phi_s": 0.46753355651182493}, "datetime": {"delta": 10.363411, "elapsed": 1275.793154, "datetime": "2020-04-27 10:53:23"}}
{"target": -9575.136914071023, "params": {"epsilon_d": 7.904181777712892, "phi_d": 2.9927064789121554, "beta_rec": 0.20026209819934582, "gamma_cf": 0.012195550339356329, "k_intra": 0.22354585126982646, "gamma_fc": 0.37301110453771213, "s_cf": 0.9507912076095641, "beta_enc": 0.13246148311287395, "phi_s": 1.787886931396039}, "datetime": {"delta": 10.486182, "elapsed": 1286.279336, "datetime": "2020-04-27 10:53:33"}}
{"target": -9012.278220269949, "params": {"epsilon_d": 4.601453052768828, "phi_d": 1.1777982725001293, "beta_rec": 0.5071687116058496, "gamma_cf": 0.5879127191455569, "k_intra": 3.0598301104808585, "gamma_fc": 0.3377238797895127, "s_cf": 1.7951870717382263, "beta_enc": 0.936054515703804, "phi_s": 0.8088991981776715}, "datetime": {"delta": 10.429153, "elapsed": 1296.708489, "datetime": "2020-04-27 10:53:44"}}
{"target": -12153.62334923563, "params": {"epsilon_d": 9.713724864292091, "phi_d": 0.3321768340865302, "beta_rec": 0.07204002544198473, "gamma_cf": 0.753095348803868, "k_intra": 7.518887636772092, "gamma_fc": 0.8255468466580674, "s_cf": 1.3924515735648026, "beta_enc": 0.7262615205390938, "phi_s": 1.4969192207614135}, "datetime": {"delta": 10.457143, "elapsed": 1307.165632, "datetime": "2020-04-27 10:53:54"}}
{"target": -10291.194667144478, "params": {"epsilon_d": 7.072702644000705, "phi_d": 0.5378441265109728, "beta_rec": 0.4487923850984395, "gamma_cf": 0.6816771730688627, "k_intra": 6.189821418189749, "gamma_fc": 0.7274336758774806, "s_cf": 2.3650328843624755, "beta_enc": 0.7052253854724368, "phi_s": 2.3063271232866924}, "datetime": {"delta": 10.432382, "elapsed": 1317.598014, "datetime": "2020-04-27 10:54:05"}}
{"target": -11277.495775972526, "params": {"epsilon_d": 1.84912104141618, "phi_d": 1.8792251090384517, "beta_rec": 0.23384531573484552, "gamma_cf": 0.39116001319445176, "k_intra": 8.156614520766206, "gamma_fc": 0.3885081885956442, "s_cf": 1.3402287891211961, "beta_enc": 0.9136926873224244, "phi_s": 2.304005081814272}, "datetime": {"delta": 10.379496, "elapsed": 1327.97751, "datetime": "2020-04-27 10:54:15"}}
{"target": -9315.708503535629, "params": {"epsilon_d": 3.796730604198234, "phi_d": 2.0976512511541285, "beta_rec": 0.11512350854904123, "gamma_cf": 0.1939283827327562, "k_intra": 6.000363724152931, "gamma_fc": 0.8386718487606444, "s_cf": 0.3557036756023251, "beta_enc": 0.1894965066240303, "phi_s": 1.524218887782459}, "datetime": {"delta": 10.479846, "elapsed": 1338.457356, "datetime": "2020-04-27 10:54:25"}}
{"target": -10234.731640752272, "params": {"epsilon_d": 2.0660558802338698, "phi_d": 1.058136064448938, "beta_rec": 0.46165592068353284, "gamma_cf": 0.025573688155242417, "k_intra": 7.251918304719, "gamma_fc": 0.7564579284305374, "s_cf": 1.342483180258113, "beta_enc": 0.3115698730175533, "phi_s": 2.546132965584601}, "datetime": {"delta": 10.420605, "elapsed": 1348.877961, "datetime": "2020-04-27 10:54:36"}}
{"target": -14211.601033919536, "params": {"epsilon_d": 5.852253008439092, "phi_d": 0.9844825299221265, "beta_rec": 0.6570997180804272, "gamma_cf": 0.20080741528628748, "k_intra": 8.945379860091448, "gamma_fc": 0.5765919494305555, "s_cf": 2.7353612912893257, "beta_enc": 0.8782175302871809, "phi_s": 2.625742266567055}, "datetime": {"delta": 10.535354, "elapsed": 1359.413315, "datetime": "2020-04-27 10:54:46"}}
{"target": -10117.148542894767, "params": {"epsilon_d": 9.002287400703091, "phi_d": 2.564329839051999, "beta_rec": 0.6831060588999305, "gamma_cf": 0.07578931207012753, "k_intra": 1.9164852390521214, "gamma_fc": 0.8907290768842934, "s_cf": 1.0985836668051563, "beta_enc": 0.39686010641369407, "phi_s": 2.034644487227691}, "datetime": {"delta": 10.419573, "elapsed": 1369.832888, "datetime": "2020-04-27 10:54:57"}}
{"target": -10166.173455390102, "params": {"epsilon_d": 8.493101632775941, "phi_d": 1.8107770685197324, "beta_rec": 0.6354074243923046, "gamma_cf": 0.8218671898265342, "k_intra": 9.563452082454768, "gamma_fc": 0.665415637417592, "s_cf": 1.3450590955878277, "beta_enc": 0.2362380129935191, "phi_s": 0.6737150754789659}, "datetime": {"delta": 10.510275, "elapsed": 1380.343163, "datetime": "2020-04-27 10:55:07"}}
{"target": -9016.984963700992, "params": {"epsilon_d": 3.864341311560921, "phi_d": 0.3162648066292916, "beta_rec": 0.9919458174060903, "gamma_cf": 0.9927016035774515, "k_intra": 1.7310742177564833, "gamma_fc": 0.5669238256600728, "s_cf": 0.4579146934627166, "beta_enc": 0.4030713988310506, "phi_s": 1.1738865119442743}, "datetime": {"delta": 10.396494, "elapsed": 1390.739657, "datetime": "2020-04-27 10:55:18"}}
{"target": -10148.186401968826, "params": {"epsilon_d": 9.910064762001957, "phi_d": 1.4385811617909199, "beta_rec": 0.41397845374483594, "gamma_cf": 0.9299626280909525, "k_intra": 3.9548738027426364, "gamma_fc": 0.23431242907877503, "s_cf": 2.3630542175388785, "beta_enc": 0.6710668446626574, "phi_s": 1.726751389853641}, "datetime": {"delta": 10.471209, "elapsed": 1401.210866, "datetime": "2020-04-27 10:55:28"}}
{"target": -10042.238456612326, "params": {"epsilon_d": 2.693797076721423, "phi_d": 0.6465583590326136, "beta_rec": 0.4200515526550398, "gamma_cf": 0.9108150584728498, "k_intra": 8.213007763207457, "gamma_fc": 0.12004436037952375, "s_cf": 1.130107229084967, "beta_enc": 0.5384745181660814, "phi_s": 2.088695007600387}, "datetime": {"delta": 10.408408, "elapsed": 1411.619274, "datetime": "2020-04-27 10:55:39"}}
{"target": -9564.139464801085, "params": {"epsilon_d": 1.9569419369106718, "phi_d": 0.10221671788674527, "beta_rec": 0.12285985223647501, "gamma_cf": 0.8894535312169324, "k_intra": 3.099371382741208, "gamma_fc": 0.6250656831474051, "s_cf": 0.5216705390965836, "beta_enc": 0.9767913651055822, "phi_s": 0.7600334411345339}, "datetime": {"delta": 10.52911, "elapsed": 1422.148384, "datetime": "2020-04-27 10:55:49"}}
{"target": -10015.997393386786, "params": {"epsilon_d": 8.743634344869442, "phi_d": 1.537896551547116, "beta_rec": 0.8963329245483243, "gamma_cf": 0.7003194086896865, "k_intra": 8.27308866329956, "gamma_fc": 0.5234479085369882, "s_cf": 0.8992489980064904, "beta_enc": 0.2830904419330815, "phi_s": 1.1541171815262252}, "datetime": {"delta": 10.415701, "elapsed": 1432.564085, "datetime": "2020-04-27 10:55:59"}}
{"target": -9609.919107923246, "params": {"epsilon_d": 4.97952064697007, "phi_d": 0.9629666744102382, "beta_rec": 0.38705053533286654, "gamma_cf": 0.25451265850419064, "k_intra": 3.8388019334848145, "gamma_fc": 0.896469866954257, "s_cf": 0.6535228351996916, "beta_enc": 0.9322667321845345, "phi_s": 2.1810253903647876}, "datetime": {"delta": 10.463008, "elapsed": 1443.027093, "datetime": "2020-04-27 10:56:10"}}
{"target": -9471.868397946711, "params": {"epsilon_d": 7.4669456215583985, "phi_d": 1.9512304301494017, "beta_rec": 0.8370140824352909, "gamma_cf": 0.5905614955923524, "k_intra": 6.236238980423964, "gamma_fc": 0.31860241746838364, "s_cf": 0.2957190948958726, "beta_enc": 0.2063733664123346, "phi_s": 1.049951387925743}, "datetime": {"delta": 10.47765, "elapsed": 1453.504743, "datetime": "2020-04-27 10:56:20"}}
{"target": -9817.799241591052, "params": {"epsilon_d": 7.662339908857656, "phi_d": 1.2080918633925048, "beta_rec": 0.46001073540115095, "gamma_cf": 0.2539632320806454, "k_intra": 4.293663651884489, "gamma_fc": 0.6322484640407652, "s_cf": 0.8083733233060298, "beta_enc": 0.8924847378078941, "phi_s": 0.467468813156076}, "datetime": {"delta": 10.426399, "elapsed": 1463.931142, "datetime": "2020-04-27 10:56:31"}}
{"target": -9756.194118854157, "params": {"epsilon_d": 7.442877522292398, "phi_d": 2.0672932195288274, "beta_rec": 0.3029280188871068, "gamma_cf": 0.6150542233985518, "k_intra": 0.09374696445506557, "gamma_fc": 0.7051699890405332, "s_cf": 0.7696345064041196, "beta_enc": 0.17140742466248704, "phi_s": 1.5592240025743724}, "datetime": {"delta": 10.53644, "elapsed": 1474.467582, "datetime": "2020-04-27 10:56:41"}}
{"target": -10552.984108313793, "params": {"epsilon_d": 8.458174050243475, "phi_d": 2.362651281104955, "beta_rec": 0.18506446725427472, "gamma_cf": 0.9825915303261549, "k_intra": 3.4802205095244, "gamma_fc": 0.9223656623574684, "s_cf": 2.4676829529122193, "beta_enc": 0.25740685808373, "phi_s": 1.684718313034149}, "datetime": {"delta": 10.411644, "elapsed": 1484.879226, "datetime": "2020-04-27 10:56:52"}}
{"target": -10006.485074437596, "params": {"epsilon_d": 7.893908130490188, "phi_d": 1.8524898466397295, "beta_rec": 0.5899923031695737, "gamma_cf": 0.10032461963882204, "k_intra": 3.666173633229846, "gamma_fc": 0.5833064051564867, "s_cf": 1.2391865404911913, "beta_enc": 0.5353542560700153, "phi_s": 2.8805272953473016}, "datetime": {"delta": 10.47329, "elapsed": 1495.352516, "datetime": "2020-04-27 10:57:02"}}
{"target": -9589.195349368762, "params": {"epsilon_d": 6.486276150945721, "phi_d": 0.49472814731955406, "beta_rec": 0.7906579298902399, "gamma_cf": 0.3939446194545909, "k_intra": 4.045976074453246, "gamma_fc": 0.7200595434072263, "s_cf": 1.0698162388220906, "beta_enc": 0.4536756981474548, "phi_s": 1.40686547914919}, "datetime": {"delta": 10.365523, "elapsed": 1505.718039, "datetime": "2020-04-27 10:57:13"}}
{"target": -11641.326082652255, "params": {"epsilon_d": 6.927430050887621, "phi_d": 2.1315459105965577, "beta_rec": 0.9257822241562762, "gamma_cf": 0.5988610085343595, "k_intra": 5.4242909070967, "gamma_fc": 0.7719917249107046, "s_cf": 2.6015884140651435, "beta_enc": 0.29617203705505113, "phi_s": 2.798623475824551}, "datetime": {"delta": 10.530136, "elapsed": 1516.248175, "datetime": "2020-04-27 10:57:23"}}
{"target": -9109.956802851644, "params": {"epsilon_d": 0.808941766473865, "phi_d": 0.3599290268896398, "beta_rec": 0.26321271002148183, "gamma_cf": 0.9786749378778311, "k_intra": 6.609377575726701, "gamma_fc": 0.31274568879433806, "s_cf": 1.5581907122033731, "beta_enc": 0.2506976717558692, "phi_s": 0.7112357320523544}, "datetime": {"delta": 10.41386, "elapsed": 1526.662035, "datetime": "2020-04-27 10:57:34"}}
{"target": -9932.554076653547, "params": {"epsilon_d": 5.426078429382841, "phi_d": 1.2327704463370268, "beta_rec": 0.3889345153544549, "gamma_cf": 0.33927026446661146, "k_intra": 5.372315536205216, "gamma_fc": 0.6003101900139179, "s_cf": 2.0675991165939798, "beta_enc": 0.19445830149693522, "phi_s": 2.1191832409931988}, "datetime": {"delta": 10.524386, "elapsed": 1537.186421, "datetime": "2020-04-27 10:57:44"}}
{"target": -9958.85139969398, "params": {"epsilon_d": 3.6449911487280646, "phi_d": 2.940811505642333, "beta_rec": 0.5615351096734943, "gamma_cf": 0.6131510241334756, "k_intra": 5.972916364210271, "gamma_fc": 0.9421626399473798, "s_cf": 2.2448746912718853, "beta_enc": 0.7185728344369509, "phi_s": 1.3789191991857264}, "datetime": {"delta": 10.417527, "elapsed": 1547.603948, "datetime": "2020-04-27 10:57:55"}}
{"target": -9873.787052301233, "params": {"epsilon_d": 5.230987645235443, "phi_d": 2.3270923470158036, "beta_rec": 0.764750166336586, "gamma_cf": 0.005416001307807127, "k_intra": 5.352974002872917, "gamma_fc": 0.3494800943043387, "s_cf": 1.6922549871665071, "beta_enc": 0.13384349078464014, "phi_s": 0.25396852681232274}, "datetime": {"delta": 10.497899, "elapsed": 1558.101847, "datetime": "2020-04-27 10:58:05"}}
{"target": -15799.203579734261, "params": {"epsilon_d": 9.321325448429816, "phi_d": 2.3185149300646146, "beta_rec": 0.6496180965729911, "gamma_cf": 0.07482397187025967, "k_intra": 9.193182667519164, "gamma_fc": 0.349125816340528, "s_cf": 2.5156076171275044, "beta_enc": 0.8208951002185204, "phi_s": 1.8392469989690863}, "datetime": {"delta": 10.46019, "elapsed": 1568.562037, "datetime": "2020-04-27 10:58:15"}}
{"target": -9325.019966425683, "params": {"epsilon_d": 9.985353020189079, "phi_d": 0.1427569936098461, "beta_rec": 0.9727230808175396, "gamma_cf": 0.13973536875073506, "k_intra": 0.7439318770576322, "gamma_fc": 0.16348784026932928, "s_cf": 0.3748240577259645, "beta_enc": 0.9064391424175018, "phi_s": 2.9182782116359856}, "datetime": {"delta": 10.447713, "elapsed": 1579.00975, "datetime": "2020-04-27 10:58:26"}}
{"target": -9027.42932098531, "params": {"epsilon_d": 4.926815958080889, "phi_d": 2.741952123726017, "beta_rec": 0.6852044796080088, "gamma_cf": 0.3467602118704423, "k_intra": 2.5458504346484, "gamma_fc": 0.4182830083603045, "s_cf": 0.17518479907438264, "beta_enc": 0.8575631435672647, "phi_s": 2.20436338193512}, "datetime": {"delta": 10.496634, "elapsed": 1589.506384, "datetime": "2020-04-27 10:58:36"}}
{"target": -10318.909346123339, "params": {"epsilon_d": 0.386765243161195, "phi_d": 2.4100199038564623, "beta_rec": 0.2813731424095577, "gamma_cf": 0.8846934261198636, "k_intra": 3.3040534416501663, "gamma_fc": 0.7939048221592141, "s_cf": 0.9928590870711754, "beta_enc": 0.5153691279224031, "phi_s": 1.04145113438869}, "datetime": {"delta": 10.438253, "elapsed": 1599.944637, "datetime": "2020-04-27 10:58:47"}}
{"target": -9372.794683247872, "params": {"epsilon_d": 5.283197516697239, "phi_d": 1.1809715260827083, "beta_rec": 0.9769184703296556, "gamma_cf": 0.9519399740511681, "k_intra": 5.185145290328142, "gamma_fc": 0.8991968445338182, "s_cf": 1.4213659314619567, "beta_enc": 0.9352981706506536, "phi_s": 2.1600282771268673}, "datetime": {"delta": 10.516277, "elapsed": 1610.460914, "datetime": "2020-04-27 10:58:57"}}
{"target": -9524.24247780448, "params": {"epsilon_d": 7.761770874569038, "phi_d": 1.6278704400863198, "beta_rec": 0.9904071562702577, "gamma_cf": 0.33434297735332685, "k_intra": 1.8572068468812997, "gamma_fc": 0.18009839874014016, "s_cf": 2.421913008574795, "beta_enc": 0.6446916056108916, "phi_s": 1.3095970125098881}, "datetime": {"delta": 10.357431, "elapsed": 1620.818345, "datetime": "2020-04-27 10:59:08"}}
{"target": -9290.016499613705, "params": {"epsilon_d": 8.61466103167454, "phi_d": 0.26699216626370376, "beta_rec": 0.1779469614765534, "gamma_cf": 0.9573991868340361, "k_intra": 0.3882472513271007, "gamma_fc": 0.963523546164804, "s_cf": 1.0067753528508816, "beta_enc": 0.9398821043680136, "phi_s": 0.11681243946129809}, "datetime": {"delta": 10.447065, "elapsed": 1631.26541, "datetime": "2020-04-27 10:59:18"}}
{"target": -10163.765215023852, "params": {"epsilon_d": 3.6245632117087467, "phi_d": 1.5587150656477688, "beta_rec": 0.2939330992219971, "gamma_cf": 0.9536816507720745, "k_intra": 2.7896020397890897, "gamma_fc": 0.5292558302381002, "s_cf": 0.4226124504455615, "beta_enc": 0.15012857144089417, "phi_s": 1.9657379814824931}, "datetime": {"delta": 10.43116, "elapsed": 1641.69657, "datetime": "2020-04-27 10:59:29"}}
