{"target": 7.525111111111111, "params": {"k": 5.0, "cue_position": 10.0, "gamma_fc": 0.37691548803194913, "beta_rec": 1.0, "beta_enc": 0.19260499341184986, "enc_rate": 1.0}, "datetime": {"elapsed": 5407.310798, "delta": 30.369394, "datetime": "2021-03-11 17:40:59"}}
{"target": 7.531333333333333, "params": {"k": 5.0, "cue_position": 10.0, "gamma_fc": 0.6525021063291956, "beta_rec": 0.07049936141732124, "beta_enc": 0.09222052065039549, "enc_rate": 1.0}, "datetime": {"elapsed": 5435.798794, "delta": 28.487996, "datetime": "2021-03-11 17:41:27"}}
{"target": 7.528666666666666, "params": {"k": 5.0, "cue_position": 10.0, "gamma_fc": 0.06799391081758688, "beta_rec": 0.0, "beta_enc": 0.041570001889271305, "enc_rate": 1.0}, "datetime": {"elapsed": 5465.854712, "delta": 30.055918, "datetime": "2021-03-11 17:41:57"}}
{"target": 7.563777777777778, "params": {"k": 5.0, "cue_position": 10.0, "gamma_fc": 1.0, "beta_rec": 0.6334877006946301, "beta_enc": 0.07968488274316579, "enc_rate": 1.0}, "datetime": {"elapsed": 5496.645492, "delta": 30.79078, "datetime": "2021-03-11 17:42:28"}}
{"target": 7.534000000000001, "params": {"k": 5.0, "cue_position": 10.0, "gamma_fc": 1.0, "beta_rec": 0.6654018395411501, "beta_enc": 0.0, "enc_rate": 1.0}, "datetime": {"elapsed": 5527.458661, "delta": 30.813169, "datetime": "2021-03-11 17:42:59"}}
{"target": 7.518666666666666, "params": {"k": 5.0, "cue_position": 10.0, "gamma_fc": 0.9272277813407165, "beta_rec": 0.6825856209771165, "beta_enc": 0.08139915603315497, "enc_rate": 1.0}, "datetime": {"elapsed": 5557.131957, "delta": 29.673296, "datetime": "2021-03-11 17:43:29"}}
{"target": 7.535555555555556, "params": {"k": 5.0, "cue_position": 10.0, "gamma_fc": 1.0, "beta_rec": 0.3253809514044983, "beta_enc": 0.04629855883841771, "enc_rate": 1.0}, "datetime": {"elapsed": 5587.297394, "delta": 30.165437, "datetime": "2021-03-11 17:43:59"}}
{"target": 7.501333333333333, "params": {"k": 5.0, "cue_position": 10.0, "gamma_fc": 0.5541463290825986, "beta_rec": 0.1495741192352964, "beta_enc": 0.0, "enc_rate": 1.0}, "datetime": {"elapsed": 5617.49725, "delta": 30.199856, "datetime": "2021-03-11 17:44:29"}}
{"target": 7.522888888888889, "params": {"k": 5.0, "cue_position": 10.0, "gamma_fc": 0.41914486574534376, "beta_rec": 0.14917488773412113, "beta_enc": 0.09792054449269458, "enc_rate": 1.0}, "datetime": {"elapsed": 5648.098165, "delta": 30.600915, "datetime": "2021-03-11 17:45:00"}}
{"target": 7.508, "params": {"k": 5.0, "cue_position": 10.0, "gamma_fc": 0.13277585158574753, "beta_rec": 0.052158423961149364, "beta_enc": 0.0858253564970478, "enc_rate": 1.0}, "datetime": {"elapsed": 5677.845929, "delta": 29.747764, "datetime": "2021-03-11 17:45:29"}}
{"target": 7.503333333333333, "params": {"k": 5.0, "cue_position": 10.0, "gamma_fc": 0.19671634876503313, "beta_rec": 0.0, "beta_enc": 0.11601742390238733, "enc_rate": 1.0}, "datetime": {"elapsed": 5706.965041, "delta": 29.119112, "datetime": "2021-03-11 17:45:59"}}
{"target": 7.527333333333334, "params": {"k": 5.0, "cue_position": 10.0, "gamma_fc": 0.18676606698362194, "beta_rec": 0.0, "beta_enc": 0.0, "enc_rate": 1.0}, "datetime": {"elapsed": 5737.089325, "delta": 30.124284, "datetime": "2021-03-11 17:46:29"}}
{"target": 7.51288888888889, "params": {"k": 5.0, "cue_position": 10.0, "gamma_fc": 0.24661153048923548, "beta_rec": 0.13079223317652275, "beta_enc": 0.10849787141452433, "enc_rate": 1.0}, "datetime": {"elapsed": 5767.451054, "delta": 30.361729, "datetime": "2021-03-11 17:46:59"}}
{"target": 7.535333333333334, "params": {"k": 5.0, "cue_position": 10.0, "gamma_fc": 0.023791380252477727, "beta_rec": 0.2703674928311155, "beta_enc": 0.029215462194793443, "enc_rate": 1.0}, "datetime": {"elapsed": 5797.258633, "delta": 29.807579, "datetime": "2021-03-11 17:47:29"}}
{"target": 7.522666666666668, "params": {"k": 5.0, "cue_position": 10.0, "gamma_fc": 0.0, "beta_rec": 0.0, "beta_enc": 0.1503607197490078, "enc_rate": 1.0}, "datetime": {"elapsed": 5827.769027, "delta": 30.510394, "datetime": "2021-03-11 17:47:59"}}
{"target": 7.562666666666667, "params": {"k": 5.0, "cue_position": 10.0, "gamma_fc": 0.4202524042958449, "beta_rec": 0.05071987103663833, "beta_enc": 0.061063363674961624, "enc_rate": 1.0}, "datetime": {"elapsed": 5864.60755, "delta": 36.838523, "datetime": "2021-03-11 17:48:36"}}
{"target": 7.519555555555556, "params": {"k": 5.0, "cue_position": 10.0, "gamma_fc": 0.798951889968411, "beta_rec": 0.03623674173099753, "beta_enc": 0.15721862171212567, "enc_rate": 1.0}, "datetime": {"elapsed": 5895.191, "delta": 30.58345, "datetime": "2021-03-11 17:49:07"}}
{"target": 7.556222222222222, "params": {"k": 5.0, "cue_position": 10.0, "gamma_fc": 0.18649971565833715, "beta_rec": 0.7878076190548843, "beta_enc": 0.06265895240510656, "enc_rate": 1.0}, "datetime": {"elapsed": 5925.947724, "delta": 30.756724, "datetime": "2021-03-11 17:49:38"}}
{"target": 1.0, "params": {"k": 5.0, "cue_position": 10.0, "gamma_fc": 0.0, "beta_rec": 1.0, "beta_enc": 0.0, "enc_rate": 1.0}, "datetime": {"elapsed": 5943.853767, "delta": 17.906043, "datetime": "2021-03-11 17:49:55"}}
{"target": 7.512222222222223, "params": {"k": 5.0, "cue_position": 10.0, "gamma_fc": 0.19910800421540886, "beta_rec": 0.9120702860276266, "beta_enc": 0.014469478024187299, "enc_rate": 1.0}, "datetime": {"elapsed": 5974.136708, "delta": 30.282941, "datetime": "2021-03-11 17:50:26"}}
{"target": 7.570666666666666, "params": {"k": 5.0, "cue_position": 10.0, "gamma_fc": 0.1449929887572587, "beta_rec": 0.751764070262839, "beta_enc": 0.0036233222534594743, "enc_rate": 1.0}, "datetime": {"elapsed": 6004.137566, "delta": 30.000858, "datetime": "2021-03-11 17:50:56"}}
{"target": 7.547777777777777, "params": {"k": 5.0, "cue_position": 10.0, "gamma_fc": 0.20403835684066493, "beta_rec": 0.9589664334412349, "beta_enc": 0.041057651377245326, "enc_rate": 1.0}, "datetime": {"elapsed": 6034.751647, "delta": 30.614081, "datetime": "2021-03-11 17:51:26"}}
{"target": 7.565777777777778, "params": {"k": 5.0, "cue_position": 10.0, "gamma_fc": 0.2798775912910712, "beta_rec": 0.7489657194654661, "beta_enc": 0.0, "enc_rate": 1.0}, "datetime": {"elapsed": 6065.233226, "delta": 30.481579, "datetime": "2021-03-11 17:51:57"}}
{"target": 7.560222222222222, "params": {"k": 5.0, "cue_position": 10.0, "gamma_fc": 0.1630262174749317, "beta_rec": 0.792480392410259, "beta_enc": 0.0, "enc_rate": 1.0}, "datetime": {"elapsed": 6095.24885, "delta": 30.015624, "datetime": "2021-03-11 17:52:27"}}
{"target": 7.5566666666666675, "params": {"k": 5.0, "cue_position": 10.0, "gamma_fc": 0.3167053826842598, "beta_rec": 1.0, "beta_enc": 0.12049266910342259, "enc_rate": 1.0}, "datetime": {"elapsed": 6125.727661, "delta": 30.478811, "datetime": "2021-03-11 17:52:57"}}
{"target": 7.512222222222222, "params": {"k": 5.0, "cue_position": 10.0, "gamma_fc": 0.5837417114748695, "beta_rec": 0.6640449727964296, "beta_enc": 0.18248223813577916, "enc_rate": 1.0}, "datetime": {"elapsed": 6155.358376, "delta": 29.630715, "datetime": "2021-03-11 17:53:27"}}
{"target": 7.536666666666666, "params": {"k": 5.0, "cue_position": 10.0, "gamma_fc": 1.0, "beta_rec": 0.5382413489482218, "beta_enc": 0.08159017526614278, "enc_rate": 1.0}, "datetime": {"elapsed": 6186.29872, "delta": 30.940344, "datetime": "2021-03-11 17:53:58"}}
{"target": 7.531777777777778, "params": {"k": 5.0, "cue_position": 10.0, "gamma_fc": 0.8803125477521574, "beta_rec": 0.28419733324462887, "beta_enc": 0.128694852393358, "enc_rate": 1.0}, "datetime": {"elapsed": 6216.692006, "delta": 30.393286, "datetime": "2021-03-11 17:54:28"}}
{"target": 7.471333333333334, "params": {"k": 5.0, "cue_position": 10.0, "gamma_fc": 0.16555335847829272, "beta_rec": 0.1273273489069603, "beta_enc": 0.16028229759210738, "enc_rate": 1.0}, "datetime": {"elapsed": 6246.709317, "delta": 30.017311, "datetime": "2021-03-11 17:54:58"}}
{"target": 7.562222222222222, "params": {"k": 5.0, "cue_position": 10.0, "gamma_fc": 0.1325667830581727, "beta_rec": 0.25460046178877815, "beta_enc": 0.047837741923723975, "enc_rate": 1.0}, "datetime": {"elapsed": 6277.533526, "delta": 30.824209, "datetime": "2021-03-11 17:55:29"}}
{"target": 7.5311111111111115, "params": {"k": 5.0, "cue_position": 10.0, "gamma_fc": 0.28881554712391416, "beta_rec": 0.2869396595691611, "beta_enc": 0.1315187863688334, "enc_rate": 1.0}, "datetime": {"elapsed": 6309.380494, "delta": 31.846968, "datetime": "2021-03-11 17:56:01"}}
{"target": 7.548, "params": {"k": 5.0, "cue_position": 10.0, "gamma_fc": 0.0974683127456985, "beta_rec": 0.505273717139448, "beta_enc": 0.03687884749614771, "enc_rate": 1.0}, "datetime": {"elapsed": 6340.39829, "delta": 31.017796, "datetime": "2021-03-11 17:56:32"}}
{"target": 7.511111111111111, "params": {"k": 5.0, "cue_position": 10.0, "gamma_fc": 0.2968638320198328, "beta_rec": 0.6361959978853852, "beta_enc": 0.049110760033119906, "enc_rate": 1.0}, "datetime": {"elapsed": 6370.519341, "delta": 30.121051, "datetime": "2021-03-11 17:57:02"}}
{"target": 7.493777777777778, "params": {"k": 5.0, "cue_position": 10.0, "gamma_fc": 0.49771873141524875, "beta_rec": 0.09075953212404417, "beta_enc": 0.05794452386994012, "enc_rate": 1.0}, "datetime": {"elapsed": 6400.949126, "delta": 30.429785, "datetime": "2021-03-11 17:57:33"}}
{"target": 7.523111111111111, "params": {"k": 5.0, "cue_position": 10.0, "gamma_fc": 0.3927889286614195, "beta_rec": 0.011751816589665232, "beta_enc": 0.07687333069590001, "enc_rate": 1.0}, "datetime": {"elapsed": 6431.545457, "delta": 30.596331, "datetime": "2021-03-11 17:58:03"}}
{"target": 7.530222222222223, "params": {"k": 5.0, "cue_position": 10.0, "gamma_fc": 0.5711681597667169, "beta_rec": 0.13312843070808777, "beta_enc": 0.07349613734851593, "enc_rate": 1.0}, "datetime": {"elapsed": 6462.57061, "delta": 31.025153, "datetime": "2021-03-11 17:58:34"}}
{"target": 7.513777777777778, "params": {"k": 5.0, "cue_position": 10.0, "gamma_fc": 0.45103799718517135, "beta_rec": 0.17435133058020777, "beta_enc": 0.021024383971678277, "enc_rate": 1.0}, "datetime": {"elapsed": 6494.849953, "delta": 32.279343, "datetime": "2021-03-11 17:59:06"}}
{"target": 7.518444444444444, "params": {"k": 5.0, "cue_position": 10.0, "gamma_fc": 0.3834853226975722, "beta_rec": 0.06460090937529302, "beta_enc": 0.054391852144634864, "enc_rate": 1.0}, "datetime": {"elapsed": 6525.792392, "delta": 30.942439, "datetime": "2021-03-11 17:59:37"}}
{"target": 7.524222222222223, "params": {"k": 5.0, "cue_position": 10.0, "gamma_fc": 0.602233844355461, "beta_rec": 0.060332693822703065, "beta_enc": 0.03537696886240102, "enc_rate": 1.0}, "datetime": {"elapsed": 6556.794317, "delta": 31.001925, "datetime": "2021-03-11 18:00:08"}}
{"target": 7.531999999999999, "params": {"k": 5.0, "cue_position": 10.0, "gamma_fc": 0.5823218143318484, "beta_rec": 0.03795492669905268, "beta_enc": 0.13369683918341085, "enc_rate": 1.0}, "datetime": {"elapsed": 6588.327355, "delta": 31.533038, "datetime": "2021-03-11 18:00:40"}}
{"target": 7.56288888888889, "params": {"k": 5.0, "cue_position": 10.0, "gamma_fc": 0.1958934273737179, "beta_rec": 0.15636776128401833, "beta_enc": 0.0, "enc_rate": 1.0}, "datetime": {"elapsed": 6618.618498, "delta": 30.291143, "datetime": "2021-03-11 18:01:10"}}
{"target": 7.465999999999999, "params": {"k": 5.0, "cue_position": 10.0, "gamma_fc": 0.37888672856457994, "beta_rec": 0.21355081799455736, "beta_enc": 0.1904068688796845, "enc_rate": 1.0}, "datetime": {"elapsed": 6649.402214, "delta": 30.783716, "datetime": "2021-03-11 18:01:41"}}
{"target": 7.521333333333334, "params": {"k": 5.0, "cue_position": 10.0, "gamma_fc": 0.2564703956424689, "beta_rec": 1.0, "beta_enc": 0.0, "enc_rate": 1.0}, "datetime": {"elapsed": 6680.82071, "delta": 31.418496, "datetime": "2021-03-11 18:02:12"}}
{"target": 7.591111111111111, "params": {"k": 5.0, "cue_position": 10.0, "gamma_fc": 1.0, "beta_rec": 0.0, "beta_enc": 0.10736249566027031, "enc_rate": 1.0}, "datetime": {"elapsed": 6711.372476, "delta": 30.551766, "datetime": "2021-03-11 18:02:43"}}
{"target": 7.557777777777778, "params": {"k": 5.0, "cue_position": 10.0, "gamma_fc": 1.0, "beta_rec": 0.0, "beta_enc": 0.16080480685528697, "enc_rate": 1.0}, "datetime": {"elapsed": 6742.764516, "delta": 31.39204, "datetime": "2021-03-11 18:03:14"}}
{"target": 7.530888888888889, "params": {"k": 5.0, "cue_position": 10.0, "gamma_fc": 0.8166616042220322, "beta_rec": 1.0, "beta_enc": 0.0, "enc_rate": 1.0}, "datetime": {"elapsed": 6772.717259, "delta": 29.952743, "datetime": "2021-03-11 18:03:44"}}
{"target": 7.499777777777777, "params": {"k": 5.0, "cue_position": 10.0, "gamma_fc": 1.0, "beta_rec": 0.7042582553522281, "beta_enc": 0.1630092998431475, "enc_rate": 1.0}, "datetime": {"elapsed": 6803.500328, "delta": 30.783069, "datetime": "2021-03-11 18:04:15"}}
{"target": 7.554222222222222, "params": {"k": 5.0, "cue_position": 10.0, "gamma_fc": 0.778092646405795, "beta_rec": 0.24936213687474454, "beta_enc": 0.0, "enc_rate": 1.0}, "datetime": {"elapsed": 6833.927721, "delta": 30.427393, "datetime": "2021-03-11 18:04:45"}}
{"target": 7.517777777777778, "params": {"k": 5.0, "cue_position": 10.0, "gamma_fc": 0.6923040976640654, "beta_rec": 0.3207580714239226, "beta_enc": 0.0, "enc_rate": 1.0}, "datetime": {"elapsed": 6864.969069, "delta": 31.041348, "datetime": "2021-03-11 18:05:17"}}
{"target": 7.517777777777779, "params": {"k": 5.0, "cue_position": 10.0, "gamma_fc": 0.8835975886986283, "beta_rec": 0.26468260321151527, "beta_enc": 0.0, "enc_rate": 1.0}, "datetime": {"elapsed": 6895.820727, "delta": 30.851658, "datetime": "2021-03-11 18:05:47"}}
{"target": 7.575777777777778, "params": {"k": 5.0, "cue_position": 10.0, "gamma_fc": 0.49133204036072764, "beta_rec": 1.0, "beta_enc": 0.0, "enc_rate": 1.0}, "datetime": {"elapsed": 6928.326736, "delta": 32.506009, "datetime": "2021-03-11 18:06:20"}}
{"target": 7.578, "params": {"k": 5.0, "cue_position": 10.0, "gamma_fc": 0.5143036433873724, "beta_rec": 1.0, "beta_enc": 0.06717209486820562, "enc_rate": 1.0}, "datetime": {"elapsed": 6959.598883, "delta": 31.272147, "datetime": "2021-03-11 18:06:51"}}
{"target": 7.473333333333334, "params": {"k": 5.0, "cue_position": 10.0, "gamma_fc": 0.5626315724158019, "beta_rec": 1.0, "beta_enc": 0.0, "enc_rate": 1.0}, "datetime": {"elapsed": 6990.420568, "delta": 30.821685, "datetime": "2021-03-11 18:07:22"}}
{"target": 7.5504444444444445, "params": {"k": 5.0, "cue_position": 10.0, "gamma_fc": 0.45234948619617504, "beta_rec": 1.0, "beta_enc": 0.0378280950940282, "enc_rate": 1.0}, "datetime": {"elapsed": 7022.829876, "delta": 32.409308, "datetime": "2021-03-11 18:07:54"}}
{"target": 7.494222222222222, "params": {"k": 5.0, "cue_position": 10.0, "gamma_fc": 0.5156809012416989, "beta_rec": 1.0, "beta_enc": 0.14423404341180115, "enc_rate": 1.0}, "datetime": {"elapsed": 7054.034969, "delta": 31.205093, "datetime": "2021-03-11 18:08:26"}}
{"target": 7.537999999999999, "params": {"k": 5.0, "cue_position": 10.0, "gamma_fc": 0.49861039918824185, "beta_rec": 0.9410713268153558, "beta_enc": 0.04196308188319875, "enc_rate": 1.0}, "datetime": {"elapsed": 7085.255744, "delta": 31.220775, "datetime": "2021-03-11 18:08:57"}}
{"target": 7.492666666666667, "params": {"k": 5.0, "cue_position": 10.0, "gamma_fc": 0.1846869555313339, "beta_rec": 0.4650013442076616, "beta_enc": 0.0, "enc_rate": 1.0}, "datetime": {"elapsed": 7116.175979, "delta": 30.920235, "datetime": "2021-03-11 18:09:28"}}
{"target": 7.548222222222222, "params": {"k": 5.0, "cue_position": 10.0, "gamma_fc": 1.0, "beta_rec": 0.8931188081984321, "beta_enc": 0.0, "enc_rate": 1.0}, "datetime": {"elapsed": 7147.280133, "delta": 31.104154, "datetime": "2021-03-11 18:09:59"}}
{"target": 7.529777777777778, "params": {"k": 5.0, "cue_position": 10.0, "gamma_fc": 0.9099543862220731, "beta_rec": 0.8810384515497046, "beta_enc": 0.0, "enc_rate": 1.0}, "datetime": {"elapsed": 7178.697789, "delta": 31.417656, "datetime": "2021-03-11 18:10:30"}}
{"target": 7.532666666666667, "params": {"k": 5.0, "cue_position": 10.0, "gamma_fc": 1.0, "beta_rec": 1.0, "beta_enc": 0.0, "enc_rate": 1.0}, "datetime": {"elapsed": 7210.267804, "delta": 31.570015, "datetime": "2021-03-11 18:11:02"}}
{"target": 7.523999999999999, "params": {"k": 5.0, "cue_position": 10.0, "gamma_fc": 1.0, "beta_rec": 0.9326405838087971, "beta_enc": 0.10858699440740358, "enc_rate": 1.0}, "datetime": {"elapsed": 7242.022674, "delta": 31.75487, "datetime": "2021-03-11 18:11:34"}}
{"target": 7.457333333333333, "params": {"k": 5.0, "cue_position": 10.0, "gamma_fc": 1.0, "beta_rec": 1.0, "beta_enc": 0.274423552367941, "enc_rate": 1.0}, "datetime": {"elapsed": 7273.591218, "delta": 31.568544, "datetime": "2021-03-11 18:12:05"}}
{"target": 7.526444444444445, "params": {"k": 5.0, "cue_position": 10.0, "gamma_fc": 0.28854953378053694, "beta_rec": 0.9514466214339549, "beta_enc": 0.15846127234087887, "enc_rate": 1.0}, "datetime": {"elapsed": 7305.474348, "delta": 31.88313, "datetime": "2021-03-11 18:12:37"}}
{"target": 7.515555555555555, "params": {"k": 5.0, "cue_position": 10.0, "gamma_fc": 0.10946827765896015, "beta_rec": 0.20877446553814683, "beta_enc": 0.0, "enc_rate": 1.0}, "datetime": {"elapsed": 7337.243862, "delta": 31.769514, "datetime": "2021-03-11 18:13:09"}}
{"target": 7.537333333333334, "params": {"k": 5.0, "cue_position": 10.0, "gamma_fc": 0.06899220878457304, "beta_rec": 0.26482358945282825, "beta_enc": 0.09440916541335985, "enc_rate": 1.0}, "datetime": {"elapsed": 7368.336983, "delta": 31.093121, "datetime": "2021-03-11 18:13:40"}}
