{"target": 9.254166666666666, "params": {"beta_enc": 0.1797942976929744, "gamma_cf": 0.4086372250132624, "cue_position": 16.0, "beta_rec": 0.321819963387904, "gamma_fc": 0.2414187479655988}, "datetime": {"elapsed": 4298.543626, "datetime": "2020-06-20 03:35:07", "delta": 28.331535}}
{"target": 9.679166666666667, "params": {"beta_enc": 0.4069219941293579, "gamma_cf": 0.9824909449748953, "cue_position": 16.0, "beta_rec": 0.9752223424373121, "gamma_fc": 0.6363061258559836}, "datetime": {"elapsed": 4327.664063, "datetime": "2020-06-20 03:35:36", "delta": 29.120437}}
{"target": 9.725, "params": {"beta_enc": 0.375091018393911, "gamma_cf": 0.25203308013083936, "cue_position": 16.0, "beta_rec": 0.8574844990835966, "gamma_fc": 0.7928556779768876}, "datetime": {"elapsed": 4356.926993, "datetime": "2020-06-20 03:36:05", "delta": 29.26293}}
{"target": 8.816666666666666, "params": {"beta_enc": 0.43293850873416306, "gamma_cf": 0.6973688756131394, "cue_position": 16.0, "beta_rec": 0.3575111673304414, "gamma_fc": 0.26865012390622656}, "datetime": {"elapsed": 4384.286707, "datetime": "2020-06-20 03:36:32", "delta": 27.359714}}
{"target": 8.054166666666667, "params": {"beta_enc": 0.8082780137053801, "gamma_cf": 0.4879214918052024, "cue_position": 16.0, "beta_rec": 0.2952887943998478, "gamma_fc": 0.8553564125953698}, "datetime": {"elapsed": 4409.984193, "datetime": "2020-06-20 03:36:58", "delta": 25.697486}}
{"target": 6.566666666666666, "params": {"beta_enc": 0.8883864343953859, "gamma_cf": 0.8982050460171371, "cue_position": 16.0, "beta_rec": 0.18438444236776674, "gamma_fc": 0.4461172190344297}, "datetime": {"elapsed": 4432.614282, "datetime": "2020-06-20 03:37:21", "delta": 22.630089}}
{"target": 6.9, "params": {"beta_enc": 0.9218683054838154, "gamma_cf": 0.6824537097668154, "cue_position": 16.0, "beta_rec": 0.2789908904569709, "gamma_fc": 0.2282057333504841}, "datetime": {"elapsed": 4455.919997, "datetime": "2020-06-20 03:37:44", "delta": 23.305715}}
{"target": 10.008333333333333, "params": {"beta_enc": 0.013767512557716799, "gamma_cf": 0.34302810983040655, "cue_position": 16.0, "beta_rec": 0.4167239623706961, "gamma_fc": 0.7797442954825999}, "datetime": {"elapsed": 4485.652961, "datetime": "2020-06-20 03:38:14", "delta": 29.732964}}
{"target": 10.216666666666667, "params": {"beta_enc": 0.17473631282740743, "gamma_cf": 0.716770814146376, "cue_position": 16.0, "beta_rec": 0.34195283630245243, "gamma_fc": 0.6993076236968142}, "datetime": {"elapsed": 4515.816178, "datetime": "2020-06-20 03:38:44", "delta": 30.163217}}
{"target": 8.345833333333333, "params": {"beta_enc": 0.6884973179489188, "gamma_cf": 0.22729754091594956, "cue_position": 16.0, "beta_rec": 0.25339603448629966, "gamma_fc": 0.4246491159313397}, "datetime": {"elapsed": 4542.135513, "datetime": "2020-06-20 03:39:10", "delta": 26.319335}}
{"target": 10.104166666666666, "params": {"beta_enc": 0.37192212166768723, "gamma_cf": 0.6316466268659396, "cue_position": 16.0, "beta_rec": 0.3553079116201222, "gamma_fc": 0.7073166026816995}, "datetime": {"elapsed": 4572.076687, "datetime": "2020-06-20 03:39:40", "delta": 29.941174}}
{"target": 9.095833333333333, "params": {"beta_enc": 0.6135886945028356, "gamma_cf": 0.14944679893886248, "cue_position": 16.0, "beta_rec": 0.6483127561631246, "gamma_fc": 0.5141750435258828}, "datetime": {"elapsed": 4599.939515, "datetime": "2020-06-20 03:40:08", "delta": 27.862828}}
{"target": 7.2875, "params": {"beta_enc": 0.8753327263545391, "gamma_cf": 0.42893233402990294, "cue_position": 16.0, "beta_rec": 0.18395344154722204, "gamma_fc": 0.4972891859195163}, "datetime": {"elapsed": 4624.029921, "datetime": "2020-06-20 03:40:32", "delta": 24.090406}}
{"target": 10.170833333333333, "params": {"beta_enc": 0.16151077048601192, "gamma_cf": 0.844526943229479, "cue_position": 16.0, "beta_rec": 0.34244064113481054, "gamma_fc": 0.8003322457764017}, "datetime": {"elapsed": 4654.150339, "datetime": "2020-06-20 03:41:02", "delta": 30.120418}}
{"target": 9.308333333333334, "params": {"beta_enc": 0.4266391582681436, "gamma_cf": 0.5096132942175586, "cue_position": 16.0, "beta_rec": 0.6070154607890389, "gamma_fc": 0.29694708578690454}, "datetime": {"elapsed": 4682.502929, "datetime": "2020-06-20 03:41:31", "delta": 28.35259}}
{"target": 8.354166666666666, "params": {"beta_enc": 0.8596509535692011, "gamma_cf": 0.12475130006917923, "cue_position": 16.0, "beta_rec": 0.6715983809063899, "gamma_fc": 0.4705878794988857}, "datetime": {"elapsed": 4708.838922, "datetime": "2020-06-20 03:41:57", "delta": 26.335993}}
{"target": 9.345833333333333, "params": {"beta_enc": 0.9865727795868815, "gamma_cf": 0.15172487103197363, "cue_position": 16.0, "beta_rec": 0.9482991740726651, "gamma_fc": 0.639126848719905}, "datetime": {"elapsed": 4737.144952, "datetime": "2020-06-20 03:42:25", "delta": 28.30603}}
{"target": 9.183333333333334, "params": {"beta_enc": 0.5656621125439275, "gamma_cf": 0.5992697556580301, "cue_position": 16.0, "beta_rec": 0.468665837661252, "gamma_fc": 0.8499698885159654}, "datetime": {"elapsed": 4765.057571, "datetime": "2020-06-20 03:42:53", "delta": 27.912619}}
{"target": 10.433333333333334, "params": {"beta_enc": 0.7511210403719374, "gamma_cf": 0.06473998344154885, "cue_position": 16.0, "beta_rec": 0.579360540297233, "gamma_fc": 0.9913465087318091}, "datetime": {"elapsed": 4795.567048, "datetime": "2020-06-20 03:43:24", "delta": 30.509477}}
{"target": 9.629166666666666, "params": {"beta_enc": 0.05299454266798953, "gamma_cf": 0.10750887618516769, "cue_position": 16.0, "beta_rec": 0.19949554613856135, "gamma_fc": 0.6236704109977018}, "datetime": {"elapsed": 4824.434449, "datetime": "2020-06-20 03:43:53", "delta": 28.867401}}
{"target": 10.204166666666667, "params": {"beta_enc": 0.047992564048867314, "gamma_cf": 0.7035193311050811, "cue_position": 16.0, "beta_rec": 0.28462388100694214, "gamma_fc": 0.668456167589482}, "datetime": {"elapsed": 4854.456374, "datetime": "2020-06-20 03:44:23", "delta": 30.021925}}
{"target": 9.670833333333333, "params": {"beta_enc": 0.3785805932506022, "gamma_cf": 0.34037929076546725, "cue_position": 16.0, "beta_rec": 0.1881942600298212, "gamma_fc": 0.7953011674056428}, "datetime": {"elapsed": 4883.357101, "datetime": "2020-06-20 03:44:51", "delta": 28.900727}}
{"target": 9.208333333333334, "params": {"beta_enc": 0.4879009391796203, "gamma_cf": 0.6442320198790318, "cue_position": 16.0, "beta_rec": 0.5256694443509794, "gamma_fc": 0.3506565024321674}, "datetime": {"elapsed": 4911.315912, "datetime": "2020-06-20 03:45:19", "delta": 27.958811}}
{"target": 10.379166666666666, "params": {"beta_enc": 0.2292050272920657, "gamma_cf": 0.46978904008636024, "cue_position": 16.0, "beta_rec": 0.4338833762117006, "gamma_fc": 0.9794833541798064}, "datetime": {"elapsed": 4941.610762, "datetime": "2020-06-20 03:45:50", "delta": 30.29485}}
{"target": 9.633333333333333, "params": {"beta_enc": 0.36437807036823044, "gamma_cf": 0.8891310891074828, "cue_position": 16.0, "beta_rec": 0.7744101333360395, "gamma_fc": 0.354952851149572}, "datetime": {"elapsed": 4970.422233, "datetime": "2020-06-20 03:46:19", "delta": 28.811471}}
{"target": 10.258333333333333, "params": {"beta_enc": 0.24551868018650747, "gamma_cf": 0.9507534280610023, "cue_position": 16.0, "beta_rec": 0.9110192396569683, "gamma_fc": 0.5564069156709253}, "datetime": {"elapsed": 5000.428871, "datetime": "2020-06-20 03:46:49", "delta": 30.006638}}
{"target": 7.825, "params": {"beta_enc": 0.3763632166870875, "gamma_cf": 0.5167063597676121, "cue_position": 16.0, "beta_rec": 0.9950523223391111, "gamma_fc": 0.03109707545554785}, "datetime": {"elapsed": 5025.482182, "datetime": "2020-06-20 03:47:14", "delta": 25.053311}}
{"target": 7.645833333333333, "params": {"beta_enc": 0.5711757391862334, "gamma_cf": 0.9809236757505815, "cue_position": 16.0, "beta_rec": 0.18046850899511557, "gamma_fc": 0.8749025512123809}, "datetime": {"elapsed": 5050.178865, "datetime": "2020-06-20 03:47:38", "delta": 24.696683}}
{"target": 9.7375, "params": {"beta_enc": 0.45183624942087064, "gamma_cf": 0.4948430841825636, "cue_position": 16.0, "beta_rec": 0.7084608700517172, "gamma_fc": 0.5285334901775651}, "datetime": {"elapsed": 5079.149406, "datetime": "2020-06-20 03:48:07", "delta": 28.970541}}
{"target": 10.125, "params": {"beta_enc": 0.1507843983721926, "gamma_cf": 0.7268937533445626, "cue_position": 16.0, "beta_rec": 0.36939992561190627, "gamma_fc": 0.4770129944022632}, "datetime": {"elapsed": 5108.933088, "datetime": "2020-06-20 03:48:37", "delta": 29.783682}}
{"target": 9.091666666666667, "params": {"beta_enc": 0.44887883670676554, "gamma_cf": 0.4090908319168599, "cue_position": 16.0, "beta_rec": 0.8859979711653513, "gamma_fc": 0.26889202221264585}, "datetime": {"elapsed": 5136.585546, "datetime": "2020-06-20 03:49:05", "delta": 27.652458}}
{"target": 9.504166666666666, "params": {"beta_enc": 0.07201203516976995, "gamma_cf": 0.29115394055242805, "cue_position": 16.0, "beta_rec": 0.4181361337253158, "gamma_fc": 0.5035095098483965}, "datetime": {"elapsed": 5165.080934, "datetime": "2020-06-20 03:49:33", "delta": 28.495388}}
{"target": 6.754166666666666, "params": {"beta_enc": 0.9659330650197223, "gamma_cf": 0.49993237109919997, "cue_position": 16.0, "beta_rec": 0.10938291419358459, "gamma_fc": 0.777098229275783}, "datetime": {"elapsed": 5187.915721, "datetime": "2020-06-20 03:49:56", "delta": 22.834787}}
{"target": 10.1, "params": {"beta_enc": 0.14360699787420927, "gamma_cf": 0.7969622519799001, "cue_position": 16.0, "beta_rec": 0.08320263643587555, "gamma_fc": 0.1916757389098901}, "datetime": {"elapsed": 5217.679677, "datetime": "2020-06-20 03:50:26", "delta": 29.763956}}
{"target": 7.625, "params": {"beta_enc": 0.767777192147274, "gamma_cf": 0.016715589077006432, "cue_position": 16.0, "beta_rec": 0.2902979970618682, "gamma_fc": 0.3986590599223787}, "datetime": {"elapsed": 5242.360822, "datetime": "2020-06-20 03:50:50", "delta": 24.681145}}
{"target": 6.408333333333333, "params": {"beta_enc": 0.38108149129345237, "gamma_cf": 0.15260398704227185, "cue_position": 16.0, "beta_rec": 0.6593449361953647, "gamma_fc": 0.016575882900934147}, "datetime": {"elapsed": 5264.501115, "datetime": "2020-06-20 03:51:13", "delta": 22.140293}}
{"target": 9.7875, "params": {"beta_enc": 0.11379635644740682, "gamma_cf": 0.32102631416731586, "cue_position": 16.0, "beta_rec": 0.6517892760100904, "gamma_fc": 0.5579119942437725}, "datetime": {"elapsed": 5293.572863, "datetime": "2020-06-20 03:51:42", "delta": 29.071748}}
{"target": 7.4375, "params": {"beta_enc": 0.9934604630998499, "gamma_cf": 0.9182585891320579, "cue_position": 16.0, "beta_rec": 0.8344865140180296, "gamma_fc": 0.03972870668308481}, "datetime": {"elapsed": 5317.825816, "datetime": "2020-06-20 03:52:06", "delta": 24.252953}}
{"target": 10.3625, "params": {"beta_enc": 0.07033344161552524, "gamma_cf": 0.9372520621284489, "cue_position": 16.0, "beta_rec": 0.4740062899880546, "gamma_fc": 0.48956496114516856}, "datetime": {"elapsed": 5348.110068, "datetime": "2020-06-20 03:52:36", "delta": 30.284252}}
{"target": 8.633333333333333, "params": {"beta_enc": 0.5396491100933506, "gamma_cf": 0.8770343892703519, "cue_position": 16.0, "beta_rec": 0.8952603657312208, "gamma_fc": 0.25358174937162836}, "datetime": {"elapsed": 5374.81566, "datetime": "2020-06-20 03:53:03", "delta": 26.705592}}
{"target": 9.6125, "params": {"beta_enc": 0.27380970415810857, "gamma_cf": 0.22012867402698122, "cue_position": 16.0, "beta_rec": 0.32836139008759013, "gamma_fc": 0.6714291710812733}, "datetime": {"elapsed": 5403.564157, "datetime": "2020-06-20 03:53:32", "delta": 28.748497}}
{"target": 9.808333333333334, "params": {"beta_enc": 0.1427932828030004, "gamma_cf": 0.23686870355699852, "cue_position": 16.0, "beta_rec": 0.09410027449963942, "gamma_fc": 0.3860040110225955}, "datetime": {"elapsed": 5432.648229, "datetime": "2020-06-20 03:54:01", "delta": 29.084072}}
{"target": 8.6875, "params": {"beta_enc": 0.5715420927253323, "gamma_cf": 0.8741259355980283, "cue_position": 16.0, "beta_rec": 0.52580196995147, "gamma_fc": 0.9511356184186921}, "datetime": {"elapsed": 5459.486589, "datetime": "2020-06-20 03:54:28", "delta": 26.83836}}
{"target": 8.108333333333333, "params": {"beta_enc": 0.8125073041746718, "gamma_cf": 0.3394167240176095, "cue_position": 16.0, "beta_rec": 0.2838018349468743, "gamma_fc": 0.5546673107876667}, "datetime": {"elapsed": 5485.095673, "datetime": "2020-06-20 03:54:53", "delta": 25.609084}}
{"target": 7.666666666666667, "params": {"beta_enc": 0.9744034689130026, "gamma_cf": 0.3259672073089859, "cue_position": 16.0, "beta_rec": 0.3117029177189814, "gamma_fc": 0.7744772660150796}, "datetime": {"elapsed": 5509.786956, "datetime": "2020-06-20 03:55:18", "delta": 24.691283}}
{"target": 10.166666666666666, "params": {"beta_enc": 0.3258099666132048, "gamma_cf": 0.7626320954451107, "cue_position": 16.0, "beta_rec": 0.889827341447375, "gamma_fc": 0.46947902855992574}, "datetime": {"elapsed": 5539.59668, "datetime": "2020-06-20 03:55:48", "delta": 29.809724}}
{"target": 9.883333333333333, "params": {"beta_enc": 0.21076450246870537, "gamma_cf": 0.03711266449399442, "cue_position": 16.0, "beta_rec": 0.041475079576498874, "gamma_fc": 0.6938554113738997}, "datetime": {"elapsed": 5568.91524, "datetime": "2020-06-20 03:56:17", "delta": 29.31856}}
{"target": 7.195833333333334, "params": {"beta_enc": 0.6703500319361684, "gamma_cf": 0.5360084947395637, "cue_position": 16.0, "beta_rec": 0.430471782744975, "gamma_fc": 0.03985992663545257}, "datetime": {"elapsed": 5592.685189, "datetime": "2020-06-20 03:56:41", "delta": 23.769949}}
{"target": 9.245833333333334, "params": {"beta_enc": 0.13479311796067905, "gamma_cf": 0.05231294643747675, "cue_position": 16.0, "beta_rec": 0.19341639901491836, "gamma_fc": 0.6051167805003662}, "datetime": {"elapsed": 5620.662782, "datetime": "2020-06-20 03:57:09", "delta": 27.977593}}
{"target": 9.058333333333334, "params": {"beta_enc": 0.5120610275239188, "gamma_cf": 0.8477004682374377, "cue_position": 16.0, "beta_rec": 0.6174610120171561, "gamma_fc": 0.4540590560591513}, "datetime": {"elapsed": 5648.255221, "datetime": "2020-06-20 03:57:36", "delta": 27.592439}}
{"target": 10.329166666666667, "params": {"beta_enc": 0.015403519791920894, "gamma_cf": 0.823003040648471, "cue_position": 16.0, "beta_rec": 0.8730681484470995, "gamma_fc": 0.9517756930338517}, "datetime": {"elapsed": 5678.37499, "datetime": "2020-06-20 03:58:06", "delta": 30.119769}}
{"target": 10.333333333333334, "params": {"beta_enc": 0.050912383516887205, "gamma_cf": 0.4216578860324509, "cue_position": 16.0, "beta_rec": 0.23507186409101455, "gamma_fc": 0.863829145501452}, "datetime": {"elapsed": 5708.519548, "datetime": "2020-06-20 03:58:37", "delta": 30.144558}}
{"target": 10.454166666666667, "params": {"beta_enc": 0.0816239827150681, "gamma_cf": 0.7728856021671178, "cue_position": 16.0, "beta_rec": 0.4731119528858785, "gamma_fc": 0.8414221567958434}, "datetime": {"elapsed": 5738.9213, "datetime": "2020-06-20 03:59:07", "delta": 30.401752}}
{"target": 10.358333333333333, "params": {"beta_enc": 0.04329093818615859, "gamma_cf": 0.9524737816932592, "cue_position": 16.0, "beta_rec": 0.48644074317039476, "gamma_fc": 0.9438926277837961}, "datetime": {"elapsed": 5769.145493, "datetime": "2020-06-20 03:59:37", "delta": 30.224193}}
{"target": 8.4625, "params": {"beta_enc": 0.6139340023847009, "gamma_cf": 0.8978507176676818, "cue_position": 16.0, "beta_rec": 0.9734873973251963, "gamma_fc": 0.4345949734085095}, "datetime": {"elapsed": 5795.458128, "datetime": "2020-06-20 04:00:04", "delta": 26.312635}}
{"target": 9.445833333333333, "params": {"beta_enc": 0.23581463714751372, "gamma_cf": 0.06491158533912933, "cue_position": 16.0, "beta_rec": 0.9408279632013994, "gamma_fc": 0.8704248568230661}, "datetime": {"elapsed": 5823.782756, "datetime": "2020-06-20 04:00:32", "delta": 28.324628}}
{"target": 8.729166666666666, "params": {"beta_enc": 0.7013802946333463, "gamma_cf": 0.2534390424997808, "cue_position": 16.0, "beta_rec": 0.6049268729742817, "gamma_fc": 0.6004889552745444}, "datetime": {"elapsed": 5850.651835, "datetime": "2020-06-20 04:00:59", "delta": 26.869079}}
{"target": 5.904166666666667, "params": {"beta_enc": 0.8146191812616553, "gamma_cf": 0.8424458099564136, "cue_position": 16.0, "beta_rec": 0.05411366032399989, "gamma_fc": 0.6183458693278855}, "datetime": {"elapsed": 5871.76769, "datetime": "2020-06-20 04:01:20", "delta": 21.115855}}
{"target": 7.995833333333334, "params": {"beta_enc": 0.531287810481058, "gamma_cf": 0.8726861649194619, "cue_position": 16.0, "beta_rec": 0.2482907289970986, "gamma_fc": 0.42166593484970927}, "datetime": {"elapsed": 5897.27378, "datetime": "2020-06-20 04:01:45", "delta": 25.50609}}
{"target": 10.4, "params": {"beta_enc": 0.0644302555796068, "gamma_cf": 0.8262275354923914, "cue_position": 16.0, "beta_rec": 0.8969850695075825, "gamma_fc": 0.8817706230828073}, "datetime": {"elapsed": 5927.736418, "datetime": "2020-06-20 04:02:16", "delta": 30.462638}}
{"target": 9.754166666666666, "params": {"beta_enc": 0.48675074481833813, "gamma_cf": 0.624821294185499, "cue_position": 16.0, "beta_rec": 0.5984646931046363, "gamma_fc": 0.8550417213473515}, "datetime": {"elapsed": 5956.899086, "datetime": "2020-06-20 04:02:45", "delta": 29.162668}}
{"target": 7.204166666666667, "params": {"beta_enc": 0.2821394484048606, "gamma_cf": 0.11510304096690338, "cue_position": 16.0, "beta_rec": 0.8837555081806009, "gamma_fc": 0.22700116521465796}, "datetime": {"elapsed": 5980.780722, "datetime": "2020-06-20 04:03:09", "delta": 23.881636}}
{"target": 9.583333333333334, "params": {"beta_enc": 0.5959823856130138, "gamma_cf": 0.16184771412383514, "cue_position": 16.0, "beta_rec": 0.23944623690468037, "gamma_fc": 0.8448725182357391}, "datetime": {"elapsed": 6009.529441, "datetime": "2020-06-20 04:03:38", "delta": 28.748719}}
{"target": 9.15, "params": {"beta_enc": 0.6021836538927108, "gamma_cf": 0.5956250981349497, "cue_position": 16.0, "beta_rec": 0.9635670871883419, "gamma_fc": 0.5989852889734197}, "datetime": {"elapsed": 6039.67906, "datetime": "2020-06-20 04:04:08", "delta": 30.149619}}
{"target": 6.733333333333333, "params": {"beta_enc": 0.6157042872039488, "gamma_cf": 0.9482094981876252, "cue_position": 16.0, "beta_rec": 0.05917720718572239, "gamma_fc": 0.5346790571795887}, "datetime": {"elapsed": 6064.892133, "datetime": "2020-06-20 04:04:33", "delta": 25.213073}}
{"target": 10.320833333333333, "params": {"beta_enc": 0.1925560209550684, "gamma_cf": 0.32825610365078084, "cue_position": 16.0, "beta_rec": 0.7529259149799422, "gamma_fc": 0.9176063476443932}, "datetime": {"elapsed": 6098.208611, "datetime": "2020-06-20 04:05:06", "delta": 33.316478}}
{"target": 9.475, "params": {"beta_enc": 0.5883673328938768, "gamma_cf": 0.822578152523871, "cue_position": 16.0, "beta_rec": 0.8551902839041353, "gamma_fc": 0.8794835234293169}, "datetime": {"elapsed": 6129.597484, "datetime": "2020-06-20 04:05:38", "delta": 31.388873}}
{"target": 9.45, "params": {"beta_enc": 0.3209863745244532, "gamma_cf": 0.44034708683123824, "cue_position": 16.0, "beta_rec": 0.12295477155217849, "gamma_fc": 0.1267357091420086}, "datetime": {"elapsed": 6160.400289, "datetime": "2020-06-20 04:06:09", "delta": 30.802805}}
{"target": 7.129166666666666, "params": {"beta_enc": 0.5898236481098892, "gamma_cf": 0.7883011896679689, "cue_position": 16.0, "beta_rec": 0.03606831456985993, "gamma_fc": 0.012096760015357866}, "datetime": {"elapsed": 6185.937066, "datetime": "2020-06-20 04:06:34", "delta": 25.536777}}
{"target": 9.470833333333333, "params": {"beta_enc": 0.3033456717085691, "gamma_cf": 0.5820299763434618, "cue_position": 16.0, "beta_rec": 0.021375961088070716, "gamma_fc": 0.29337627848605663}, "datetime": {"elapsed": 6216.650573, "datetime": "2020-06-20 04:07:05", "delta": 30.713507}}
{"target": 6.875, "params": {"beta_enc": 0.9289494618931157, "gamma_cf": 0.5878715062961865, "cue_position": 16.0, "beta_rec": 0.5071194235482045, "gamma_fc": 0.2641376442105696}, "datetime": {"elapsed": 6241.62883, "datetime": "2020-06-20 04:07:30", "delta": 24.978257}}
{"target": 10.120833333333334, "params": {"beta_enc": 0.3052882993474333, "gamma_cf": 0.5845472661166298, "cue_position": 16.0, "beta_rec": 0.37165457672418245, "gamma_fc": 0.6958461339323264}, "datetime": {"elapsed": 6273.784453, "datetime": "2020-06-20 04:08:02", "delta": 32.155623}}
{"target": 10.4, "params": {"beta_enc": 0.07194722016400112, "gamma_cf": 0.8061631629534083, "cue_position": 16.0, "beta_rec": 0.9710833196254638, "gamma_fc": 0.7516404040812905}, "datetime": {"elapsed": 6306.567142, "datetime": "2020-06-20 04:08:35", "delta": 32.782689}}
{"target": 10.2875, "params": {"beta_enc": 0.0800609772712173, "gamma_cf": 0.6724726505249299, "cue_position": 16.0, "beta_rec": 0.48169628302117706, "gamma_fc": 0.4487372588243219}, "datetime": {"elapsed": 6338.946428, "datetime": "2020-06-20 04:09:07", "delta": 32.379286}}
{"target": 8.191666666666666, "params": {"beta_enc": 0.7043133983839096, "gamma_cf": 0.6186007425615364, "cue_position": 16.0, "beta_rec": 0.6816453376026229, "gamma_fc": 0.15098073327964578}, "datetime": {"elapsed": 6366.775021, "datetime": "2020-06-20 04:09:35", "delta": 27.828593}}
{"target": 7.025, "params": {"beta_enc": 0.760802456305756, "gamma_cf": 0.23376869260410593, "cue_position": 16.0, "beta_rec": 0.781045822193957, "gamma_fc": 0.17667889307234141}, "datetime": {"elapsed": 6392.009256, "datetime": "2020-06-20 04:10:00", "delta": 25.234235}}
{"target": 10.025, "params": {"beta_enc": 0.3910991231067624, "gamma_cf": 0.6135258996684316, "cue_position": 16.0, "beta_rec": 0.3205646539951602, "gamma_fc": 0.7600017523497489}, "datetime": {"elapsed": 6423.869854, "datetime": "2020-06-20 04:10:32", "delta": 31.860598}}
