{"target": 4.486666666666666, "params": {"beta_rec": 0.07771457033238649, "beta_enc": 0.8, "cue_position": 10.0, "gamma_fc": 0.9461523954567653}, "datetime": {"elapsed": 7809.680807, "delta": 39.96297, "datetime": "2020-09-22 18:54:17"}}
{"target": 5.164444444444444, "params": {"beta_rec": 0.8227300054219355, "beta_enc": 0.8, "cue_position": 10.0, "gamma_fc": 0.4398308142085725}, "datetime": {"elapsed": 7853.209997, "delta": 43.52919, "datetime": "2020-09-22 18:55:00"}}
{"target": 5.304444444444444, "params": {"beta_rec": 0.8026895196332986, "beta_enc": 0.8, "cue_position": 10.0, "gamma_fc": 0.13433860865569613}, "datetime": {"elapsed": 7897.469242, "delta": 44.259245, "datetime": "2020-09-22 18:55:44"}}
{"target": 5.136666666666667, "params": {"beta_rec": 0.8959699670066484, "beta_enc": 0.8, "cue_position": 10.0, "gamma_fc": 0.8567024965177922}, "datetime": {"elapsed": 7940.901404, "delta": 43.432162, "datetime": "2020-09-22 18:56:28"}}
{"target": 4.9688888888888885, "params": {"beta_rec": 0.6834649001663011, "beta_enc": 0.8, "cue_position": 10.0, "gamma_fc": 0.5057420174508104}, "datetime": {"elapsed": 7983.414198, "delta": 42.512794, "datetime": "2020-09-22 18:57:10"}}
{"target": 5.448888888888889, "params": {"beta_rec": 0.9649889241109139, "beta_enc": 0.8, "cue_position": 10.0, "gamma_fc": 0.10345955611640134}, "datetime": {"elapsed": 8028.489004, "delta": 45.074806, "datetime": "2020-09-22 18:57:55"}}
{"target": 4.33, "params": {"beta_rec": 0.014092294192442956, "beta_enc": 0.8, "cue_position": 10.0, "gamma_fc": 0.5644983202408741}, "datetime": {"elapsed": 8067.627822, "delta": 39.138818, "datetime": "2020-09-22 18:58:35"}}
{"target": 4.998888888888889, "params": {"beta_rec": 0.5070799232841364, "beta_enc": 0.8, "cue_position": 10.0, "gamma_fc": 0.6957642142718394}, "datetime": {"elapsed": 8110.333708, "delta": 42.705886, "datetime": "2020-09-22 18:59:17"}}
{"target": 5.011111111111111, "params": {"beta_rec": 0.4064828689770863, "beta_enc": 0.8, "cue_position": 10.0, "gamma_fc": 0.1797942976929744}, "datetime": {"elapsed": 8153.108548, "delta": 42.77484, "datetime": "2020-09-22 19:00:00"}}
{"target": 4.728888888888889, "params": {"beta_rec": 0.1726046201197925, "beta_enc": 0.8, "cue_position": 10.0, "gamma_fc": 0.2414187479655988}, "datetime": {"elapsed": 8194.384352, "delta": 41.275804, "datetime": "2020-09-22 19:00:41"}}
{"target": 5.153333333333333, "params": {"beta_rec": 0.9752223424373121, "beta_enc": 0.8, "cue_position": 10.0, "gamma_fc": 0.9824909449748953}, "datetime": {"elapsed": 8237.870316, "delta": 43.485964, "datetime": "2020-09-22 19:01:25"}}
{"target": 4.804444444444444, "params": {"beta_rec": 0.375091018393911, "beta_enc": 0.8, "cue_position": 10.0, "gamma_fc": 0.6195867393685738}, "datetime": {"elapsed": 8279.493843, "delta": 41.623527, "datetime": "2020-09-22 19:02:06"}}
{"target": 5.228888888888889, "params": {"beta_rec": 0.7928556779768876, "beta_enc": 0.8, "cue_position": 10.0, "gamma_fc": 0.3575111673304414}, "datetime": {"elapsed": 8323.341592, "delta": 43.847749, "datetime": "2020-09-22 19:02:50"}}
{"target": 5.053333333333334, "params": {"beta_rec": 0.6973688756131394, "beta_enc": 0.8, "cue_position": 10.0, "gamma_fc": 0.8082780137053801}, "datetime": {"elapsed": 8366.283805, "delta": 42.942213, "datetime": "2020-09-22 19:03:33"}}
{"target": 4.9255555555555555, "params": {"beta_rec": 0.5441213835853572, "beta_enc": 0.8, "cue_position": 10.0, "gamma_fc": 0.8553564125953698}, "datetime": {"elapsed": 8408.579298, "delta": 42.295493, "datetime": "2020-09-22 19:04:16"}}
{"target": 5.4655555555555555, "params": {"beta_rec": 1.0, "beta_enc": 0.8, "cue_position": 10.0, "gamma_fc": 0.16070401886149382}, "datetime": {"elapsed": 8458.018362, "delta": 49.439064, "datetime": "2020-09-22 19:05:05"}}
{"target": 5.3933333333333335, "params": {"beta_rec": 1.0, "beta_enc": 0.8, "cue_position": 10.0, "gamma_fc": 0.12368039430438446}, "datetime": {"elapsed": 8507.425335, "delta": 49.406973, "datetime": "2020-09-22 19:05:54"}}
{"target": 5.485555555555556, "params": {"beta_rec": 0.9881918319217723, "beta_enc": 0.8, "cue_position": 10.0, "gamma_fc": 0.14072879197458624}, "datetime": {"elapsed": 8558.116638, "delta": 50.691303, "datetime": "2020-09-22 19:06:45"}}
{"target": 5.594444444444444, "params": {"beta_rec": 0.9988623614681537, "beta_enc": 0.8, "cue_position": 10.0, "gamma_fc": 0.13880412228508476}, "datetime": {"elapsed": 8609.741804, "delta": 51.625166, "datetime": "2020-09-22 19:07:37"}}
{"target": 5.528888888888889, "params": {"beta_rec": 0.9956034601572926, "beta_enc": 0.8, "cue_position": 10.0, "gamma_fc": 0.13210154855984924}, "datetime": {"elapsed": 8661.802148, "delta": 52.060344, "datetime": "2020-09-22 19:08:29"}}
{"target": 5.616666666666666, "params": {"beta_rec": 0.9942974833663384, "beta_enc": 0.8, "cue_position": 10.0, "gamma_fc": 0.1727135829987478}, "datetime": {"elapsed": 8715.822255, "delta": 54.020107, "datetime": "2020-09-22 19:09:23"}}
{"target": 5.392222222222222, "params": {"beta_rec": 0.9480674590692932, "beta_enc": 0.8, "cue_position": 10.0, "gamma_fc": 0.09702416404629818}, "datetime": {"elapsed": 8769.347992, "delta": 53.525737, "datetime": "2020-09-22 19:10:16"}}
{"target": 5.674444444444444, "params": {"beta_rec": 0.995118977911937, "beta_enc": 0.8, "cue_position": 10.0, "gamma_fc": 0.13675992924015234}, "datetime": {"elapsed": 8824.462254, "delta": 55.114262, "datetime": "2020-09-22 19:11:11"}}
{"target": 5.528888888888889, "params": {"beta_rec": 0.9988351027437224, "beta_enc": 0.8, "cue_position": 10.0, "gamma_fc": 0.13477674736985737}, "datetime": {"elapsed": 8878.833055, "delta": 54.370801, "datetime": "2020-09-22 19:12:06"}}
{"target": 5.591111111111111, "params": {"beta_rec": 0.9866676913743139, "beta_enc": 0.8, "cue_position": 10.0, "gamma_fc": 0.15343978275611372}, "datetime": {"elapsed": 8935.378913, "delta": 56.545858, "datetime": "2020-09-22 19:13:02"}}
{"target": 5.542222222222223, "params": {"beta_rec": 0.9903022730902085, "beta_enc": 0.8, "cue_position": 10.0, "gamma_fc": 0.1654209339367762}, "datetime": {"elapsed": 8991.483228, "delta": 56.104315, "datetime": "2020-09-22 19:13:58"}}
{"target": 5.464444444444444, "params": {"beta_rec": 0.9919752110392742, "beta_enc": 0.8, "cue_position": 10.0, "gamma_fc": 0.11540108558224813}, "datetime": {"elapsed": 9046.945653, "delta": 55.462425, "datetime": "2020-09-22 19:14:54"}}
{"target": 5.395555555555555, "params": {"beta_rec": 0.9786382976589986, "beta_enc": 0.8, "cue_position": 10.0, "gamma_fc": 0.14863053413643124}, "datetime": {"elapsed": 9101.94579, "delta": 55.000137, "datetime": "2020-09-22 19:15:49"}}
{"target": 5.528888888888889, "params": {"beta_rec": 1.0, "beta_enc": 0.8, "cue_position": 10.0, "gamma_fc": 0.18019914378824275}, "datetime": {"elapsed": 9157.482081, "delta": 55.536291, "datetime": "2020-09-22 19:16:44"}}
{"target": 5.526666666666666, "params": {"beta_rec": 0.9330707244068158, "beta_enc": 0.8, "cue_position": 10.0, "gamma_fc": 0.268254744567809}, "datetime": {"elapsed": 9213.725985, "delta": 56.243904, "datetime": "2020-09-22 19:17:41"}}
{"target": 5.402222222222222, "params": {"beta_rec": 0.9384223578374989, "beta_enc": 0.8, "cue_position": 10.0, "gamma_fc": 0.2574196460349635}, "datetime": {"elapsed": 9268.308227, "delta": 54.582242, "datetime": "2020-09-22 19:18:35"}}
{"target": 5.3533333333333335, "params": {"beta_rec": 0.9482233866103035, "beta_enc": 0.8, "cue_position": 10.0, "gamma_fc": 0.11390483392664175}, "datetime": {"elapsed": 9323.312109, "delta": 55.003882, "datetime": "2020-09-22 19:19:30"}}
{"target": 5.3133333333333335, "params": {"beta_rec": 0.940108570187157, "beta_enc": 0.8, "cue_position": 10.0, "gamma_fc": 0.27934367766869167}, "datetime": {"elapsed": 9377.62137, "delta": 54.309261, "datetime": "2020-09-22 19:20:25"}}
{"target": 5.426666666666667, "params": {"beta_rec": 0.9871905591834151, "beta_enc": 0.8, "cue_position": 10.0, "gamma_fc": 0.18223968154997688}, "datetime": {"elapsed": 9432.552157, "delta": 54.930787, "datetime": "2020-09-22 19:21:19"}}
{"target": 5.368888888888889, "params": {"beta_rec": 0.9193747463724422, "beta_enc": 0.8, "cue_position": 10.0, "gamma_fc": 0.2638078644680795}, "datetime": {"elapsed": 9487.756927, "delta": 55.20477, "datetime": "2020-09-22 19:22:15"}}
{"target": 5.437777777777778, "params": {"beta_rec": 0.9911445367193282, "beta_enc": 0.8, "cue_position": 10.0, "gamma_fc": 0.14747882442936788}, "datetime": {"elapsed": 9542.191608, "delta": 54.434681, "datetime": "2020-09-22 19:23:09"}}
{"target": 5.371111111111111, "params": {"beta_rec": 0.9285322904031318, "beta_enc": 0.8, "cue_position": 10.0, "gamma_fc": 0.10809149832796552}, "datetime": {"elapsed": 9597.372107, "delta": 55.180499, "datetime": "2020-09-22 19:24:04"}}
{"target": 5.601111111111111, "params": {"beta_rec": 0.9998755780071039, "beta_enc": 0.8, "cue_position": 10.0, "gamma_fc": 0.17062102490947684}, "datetime": {"elapsed": 9653.744775, "delta": 56.372668, "datetime": "2020-09-22 19:25:01"}}
{"target": 5.483333333333333, "params": {"beta_rec": 0.9137260161904918, "beta_enc": 0.8, "cue_position": 10.0, "gamma_fc": 0.2828504629926439}, "datetime": {"elapsed": 9709.569674, "delta": 55.824899, "datetime": "2020-09-22 19:25:57"}}
{"target": 5.368888888888889, "params": {"beta_rec": 0.9002752356461572, "beta_enc": 0.8, "cue_position": 10.0, "gamma_fc": 0.28781634911548887}, "datetime": {"elapsed": 9763.586336, "delta": 54.016662, "datetime": "2020-09-22 19:26:51"}}
{"target": 5.435555555555555, "params": {"beta_rec": 0.9258183242266301, "beta_enc": 0.8, "cue_position": 10.0, "gamma_fc": 0.19024922802470107}, "datetime": {"elapsed": 9818.20754, "delta": 54.621204, "datetime": "2020-09-22 19:27:45"}}
{"target": 5.48, "params": {"beta_rec": 0.9374889193880321, "beta_enc": 0.8, "cue_position": 10.0, "gamma_fc": 0.17900882656903175}, "datetime": {"elapsed": 9873.154746, "delta": 54.947206, "datetime": "2020-09-22 19:28:40"}}
{"target": 5.458888888888889, "params": {"beta_rec": 0.9201894065746519, "beta_enc": 0.8, "cue_position": 10.0, "gamma_fc": 0.1729286685226047}, "datetime": {"elapsed": 9928.847019, "delta": 55.692273, "datetime": "2020-09-22 19:29:36"}}
{"target": 5.403333333333333, "params": {"beta_rec": 0.929713162665025, "beta_enc": 0.8, "cue_position": 10.0, "gamma_fc": 0.1567553974471529}, "datetime": {"elapsed": 9983.341109, "delta": 54.49409, "datetime": "2020-09-22 19:30:30"}}
{"target": 5.441111111111111, "params": {"beta_rec": 0.9118279939659539, "beta_enc": 0.8, "cue_position": 10.0, "gamma_fc": 0.15159090037026982}, "datetime": {"elapsed": 10038.103722, "delta": 54.762613, "datetime": "2020-09-22 19:31:25"}}
{"target": 5.328888888888889, "params": {"beta_rec": 0.9030117686797315, "beta_enc": 0.8, "cue_position": 10.0, "gamma_fc": 0.16588619654312406}, "datetime": {"elapsed": 10092.482089, "delta": 54.378367, "datetime": "2020-09-22 19:32:19"}}
{"target": 5.475555555555555, "params": {"beta_rec": 0.9249846043034038, "beta_enc": 0.8, "cue_position": 10.0, "gamma_fc": 0.1403371912723623}, "datetime": {"elapsed": 10147.147709, "delta": 54.66562, "datetime": "2020-09-22 19:33:14"}}
{"target": 5.421111111111111, "params": {"beta_rec": 0.9080331485701751, "beta_enc": 0.8, "cue_position": 10.0, "gamma_fc": 0.134128706693233}, "datetime": {"elapsed": 10201.125076, "delta": 53.977367, "datetime": "2020-09-22 19:34:08"}}
{"target": 5.482222222222222, "params": {"beta_rec": 0.9565115255861854, "beta_enc": 0.8, "cue_position": 10.0, "gamma_fc": 0.18116486353909142}, "datetime": {"elapsed": 10255.745623, "delta": 54.620547, "datetime": "2020-09-22 19:35:03"}}
{"target": 5.5055555555555555, "params": {"beta_rec": 0.9627481257155608, "beta_enc": 0.8, "cue_position": 10.0, "gamma_fc": 0.19622198339882177}, "datetime": {"elapsed": 10310.33179, "delta": 54.586167, "datetime": "2020-09-22 19:35:57"}}
{"target": 5.427777777777778, "params": {"beta_rec": 0.9565653637327008, "beta_enc": 0.8, "cue_position": 10.0, "gamma_fc": 0.21220951452166492}, "datetime": {"elapsed": 10363.964722, "delta": 53.632932, "datetime": "2020-09-22 19:36:51"}}
{"target": 5.427777777777778, "params": {"beta_rec": 0.975094133450982, "beta_enc": 0.8, "cue_position": 10.0, "gamma_fc": 0.20901197473640376}, "datetime": {"elapsed": 10417.767757, "delta": 53.803035, "datetime": "2020-09-22 19:37:45"}}
{"target": 5.541111111111111, "params": {"beta_rec": 0.9674967932974873, "beta_enc": 0.8, "cue_position": 10.0, "gamma_fc": 0.0862513492521155}, "datetime": {"elapsed": 10472.726367, "delta": 54.95861, "datetime": "2020-09-22 19:38:40"}}
{"target": 5.411111111111111, "params": {"beta_rec": 0.9803584556695597, "beta_enc": 0.8, "cue_position": 10.0, "gamma_fc": 0.09146346458311565}, "datetime": {"elapsed": 10526.726905, "delta": 54.000538, "datetime": "2020-09-22 19:39:34"}}
{"target": 5.502222222222223, "params": {"beta_rec": 0.9570948939744811, "beta_enc": 0.8, "cue_position": 10.0, "gamma_fc": 0.07460952652388447}, "datetime": {"elapsed": 10581.263753, "delta": 54.536848, "datetime": "2020-09-22 19:40:28"}}
{"target": 5.452222222222222, "params": {"beta_rec": 0.9723357661677722, "beta_enc": 0.8, "cue_position": 10.0, "gamma_fc": 0.07134007986870705}, "datetime": {"elapsed": 10635.229071, "delta": 53.965318, "datetime": "2020-09-22 19:41:22"}}
{"target": 5.466666666666667, "params": {"beta_rec": 0.9617660988895749, "beta_enc": 0.8, "cue_position": 10.0, "gamma_fc": 0.25309593421060006}, "datetime": {"elapsed": 10688.93492, "delta": 53.705849, "datetime": "2020-09-22 19:42:16"}}
{"target": 5.547777777777778, "params": {"beta_rec": 0.9670664353419559, "beta_enc": 0.8, "cue_position": 10.0, "gamma_fc": 0.23250736074605408}, "datetime": {"elapsed": 10743.582856, "delta": 54.647936, "datetime": "2020-09-22 19:43:11"}}
{"target": 5.424444444444444, "params": {"beta_rec": 0.954339799450582, "beta_enc": 0.8, "cue_position": 10.0, "gamma_fc": 0.2361021363622408}, "datetime": {"elapsed": 10797.575769, "delta": 53.992913, "datetime": "2020-09-22 19:44:05"}}
{"target": 5.454444444444444, "params": {"beta_rec": 0.9793917423737053, "beta_enc": 0.8, "cue_position": 10.0, "gamma_fc": 0.2413763950042747}, "datetime": {"elapsed": 10850.927938, "delta": 53.352169, "datetime": "2020-09-22 19:44:58"}}
{"target": 5.56, "params": {"beta_rec": 0.9812742904467707, "beta_enc": 0.8, "cue_position": 10.0, "gamma_fc": 0.2257149282246027}, "datetime": {"elapsed": 10905.287551, "delta": 54.359613, "datetime": "2020-09-22 19:45:52"}}
{"target": 5.5744444444444445, "params": {"beta_rec": 0.9968690721971748, "beta_enc": 0.8, "cue_position": 10.0, "gamma_fc": 0.21923485239017332}, "datetime": {"elapsed": 10959.924453, "delta": 54.636902, "datetime": "2020-09-22 19:46:47"}}
{"target": 5.423333333333333, "params": {"beta_rec": 0.9974307594489972, "beta_enc": 0.8, "cue_position": 10.0, "gamma_fc": 0.2316934283929963}, "datetime": {"elapsed": 11014.24823, "delta": 54.323777, "datetime": "2020-09-22 19:47:41"}}
{"target": 5.595555555555555, "params": {"beta_rec": 0.9999427265111421, "beta_enc": 0.8, "cue_position": 10.0, "gamma_fc": 0.2048781697168054}, "datetime": {"elapsed": 11068.718777, "delta": 54.470547, "datetime": "2020-09-22 19:48:36"}}
{"target": 5.648888888888889, "params": {"beta_rec": 0.9906827949567736, "beta_enc": 0.8, "cue_position": 10.0, "gamma_fc": 0.20786621457795462}, "datetime": {"elapsed": 11123.32302, "delta": 54.604243, "datetime": "2020-09-22 19:49:30"}}
{"target": 5.124444444444444, "params": {"beta_rec": 0.7845965571980761, "beta_enc": 0.8, "cue_position": 10.0, "gamma_fc": 0.15628426997974126}, "datetime": {"elapsed": 11175.263312, "delta": 51.940292, "datetime": "2020-09-22 19:50:22"}}
{"target": 5.376666666666667, "params": {"beta_rec": 0.9587274822246808, "beta_enc": 0.8, "cue_position": 10.0, "gamma_fc": 0.05449006052455366}, "datetime": {"elapsed": 11228.67004, "delta": 53.406728, "datetime": "2020-09-22 19:51:16"}}
{"target": 5.45, "params": {"beta_rec": 0.9703044834787066, "beta_enc": 0.8, "cue_position": 10.0, "gamma_fc": 0.2702401280985798}, "datetime": {"elapsed": 11282.360551, "delta": 53.690511, "datetime": "2020-09-22 19:52:09"}}
{"target": 5.48, "params": {"beta_rec": 0.9895114160890343, "beta_enc": 0.8, "cue_position": 10.0, "gamma_fc": 0.26367045654189214}, "datetime": {"elapsed": 11336.637337, "delta": 54.276786, "datetime": "2020-09-22 19:53:04"}}
{"target": 5.63, "params": {"beta_rec": 0.9892246204492142, "beta_enc": 0.8, "cue_position": 10.0, "gamma_fc": 0.2816523162753267}, "datetime": {"elapsed": 11391.118746, "delta": 54.481409, "datetime": "2020-09-22 19:53:58"}}
{"target": 5.476666666666667, "params": {"beta_rec": 1.0, "beta_enc": 0.8, "cue_position": 10.0, "gamma_fc": 0.27898023832440516}, "datetime": {"elapsed": 11445.701108, "delta": 54.582362, "datetime": "2020-09-22 19:54:53"}}
{"target": 5.535555555555556, "params": {"beta_rec": 0.9840138127828547, "beta_enc": 0.8, "cue_position": 10.0, "gamma_fc": 0.29288724606307714}, "datetime": {"elapsed": 11500.607285, "delta": 54.906177, "datetime": "2020-09-22 19:55:48"}}
{"target": 5.386666666666667, "params": {"beta_rec": 0.9784635192244374, "beta_enc": 0.8, "cue_position": 10.0, "gamma_fc": 0.2827913864788509}, "datetime": {"elapsed": 11554.582795, "delta": 53.97551, "datetime": "2020-09-22 19:56:42"}}
{"target": 5.48, "params": {"beta_rec": 0.995678866110495, "beta_enc": 0.8, "cue_position": 10.0, "gamma_fc": 0.2934388075820686}, "datetime": {"elapsed": 11608.452789, "delta": 53.869994, "datetime": "2020-09-22 19:57:35"}}
{"target": 5.34, "params": {"beta_rec": 0.9834089170442021, "beta_enc": 0.8, "cue_position": 10.0, "gamma_fc": 0.31253663194060904}, "datetime": {"elapsed": 11661.61078, "delta": 53.157991, "datetime": "2020-09-22 19:58:29"}}
{"target": 5.2588888888888885, "params": {"beta_rec": 0.8248124920485479, "beta_enc": 0.8, "cue_position": 10.0, "gamma_fc": 0.14748984800417486}, "datetime": {"elapsed": 11714.442686, "delta": 52.831906, "datetime": "2020-09-22 19:59:21"}}
{"target": 5.231111111111111, "params": {"beta_rec": 0.8011962916007089, "beta_enc": 0.8, "cue_position": 10.0, "gamma_fc": 0.2016638202801745}, "datetime": {"elapsed": 11767.401699, "delta": 52.959013, "datetime": "2020-09-22 20:00:14"}}
{"target": 5.35, "params": {"beta_rec": 0.8768887015008576, "beta_enc": 0.8, "cue_position": 10.0, "gamma_fc": 0.2621438047726013}, "datetime": {"elapsed": 11820.60884, "delta": 53.207141, "datetime": "2020-09-22 20:01:08"}}
{"target": 5.334444444444444, "params": {"beta_rec": 0.8533673136752408, "beta_enc": 0.8, "cue_position": 10.0, "gamma_fc": 0.2723000662640407}, "datetime": {"elapsed": 11873.777466, "delta": 53.168626, "datetime": "2020-09-22 20:02:01"}}
{"target": 5.467777777777778, "params": {"beta_rec": 0.92696697946839, "beta_enc": 0.8, "cue_position": 10.0, "gamma_fc": 0.21653934859101515}, "datetime": {"elapsed": 11927.423699, "delta": 53.646233, "datetime": "2020-09-22 20:02:54"}}
{"target": 5.36, "params": {"beta_rec": 0.907839694736093, "beta_enc": 0.8, "cue_position": 10.0, "gamma_fc": 0.2075180144702462}, "datetime": {"elapsed": 11980.494187, "delta": 53.070488, "datetime": "2020-09-22 20:03:47"}}
{"target": 5.305555555555555, "params": {"beta_rec": 0.9118018790201008, "beta_enc": 0.8, "cue_position": 10.0, "gamma_fc": 0.23105690800812181}, "datetime": {"elapsed": 12033.421386, "delta": 52.927199, "datetime": "2020-09-22 20:04:40"}}
{"target": 5.122222222222222, "params": {"beta_rec": 0.8547307701144146, "beta_enc": 0.8, "cue_position": 10.0, "gamma_fc": 0.42002651399663365}, "datetime": {"elapsed": 12085.15747, "delta": 51.736084, "datetime": "2020-09-22 20:05:32"}}
{"target": 5.387777777777778, "params": {"beta_rec": 0.9020707671799766, "beta_enc": 0.8, "cue_position": 10.0, "gamma_fc": 0.10831546201924377}, "datetime": {"elapsed": 12138.562344, "delta": 53.404874, "datetime": "2020-09-22 20:06:25"}}
{"target": 5.285555555555556, "params": {"beta_rec": 0.8833949896405041, "beta_enc": 0.8, "cue_position": 10.0, "gamma_fc": 0.12451016269370167}, "datetime": {"elapsed": 12191.72306, "delta": 53.160716, "datetime": "2020-09-22 20:07:19"}}
{"target": 5.268888888888889, "params": {"beta_rec": 0.8915563308307788, "beta_enc": 0.8, "cue_position": 10.0, "gamma_fc": 0.44034806636221424}, "datetime": {"elapsed": 12244.552946, "delta": 52.829886, "datetime": "2020-09-22 20:08:11"}}
{"target": 5.361111111111111, "params": {"beta_rec": 0.900358423993042, "beta_enc": 0.8, "cue_position": 10.0, "gamma_fc": 0.4130586048277654}, "datetime": {"elapsed": 12297.47207, "delta": 52.919124, "datetime": "2020-09-22 20:09:04"}}
{"target": 5.335555555555556, "params": {"beta_rec": 0.8838945969425279, "beta_enc": 0.8, "cue_position": 10.0, "gamma_fc": 0.39620454927020965}, "datetime": {"elapsed": 12350.80352, "delta": 53.33145, "datetime": "2020-09-22 20:09:58"}}
{"target": 5.171111111111111, "params": {"beta_rec": 0.7729701599042517, "beta_enc": 0.8, "cue_position": 10.0, "gamma_fc": 0.21425072618332072}, "datetime": {"elapsed": 12402.923088, "delta": 52.119568, "datetime": "2020-09-22 20:10:50"}}
{"target": 5.261111111111111, "params": {"beta_rec": 0.8799880760231475, "beta_enc": 0.8, "cue_position": 10.0, "gamma_fc": 0.23164359807151919}, "datetime": {"elapsed": 12455.435389, "delta": 52.512301, "datetime": "2020-09-22 20:11:42"}}
{"target": 5.453333333333333, "params": {"beta_rec": 0.8303888332384611, "beta_enc": 0.8, "cue_position": 10.0, "gamma_fc": 0.18145468029439624}, "datetime": {"elapsed": 12509.605205, "delta": 54.169816, "datetime": "2020-09-22 20:12:37"}}
{"target": 5.236666666666666, "params": {"beta_rec": 0.8505489811021772, "beta_enc": 0.8, "cue_position": 10.0, "gamma_fc": 0.175992775786802}, "datetime": {"elapsed": 12561.855109, "delta": 52.249904, "datetime": "2020-09-22 20:13:29"}}
