{"target": 7.442666666666668, "params": {"primacy": 0.9, "gamma_fc": 0.8773604746948126, "beta_enc": 0.31476568732401644, "beta_rec": 0.6268556021628346}, "datetime": {"delta": 36.247272, "datetime": "2020-10-03 19:07:16", "elapsed": 6825.529879}}
{"target": 5.945111111111112, "params": {"primacy": 0.9, "gamma_fc": 0.6562293317171314, "beta_enc": 0.7844574187919231, "beta_rec": 0.4569657005615504}, "datetime": {"delta": 31.845269, "datetime": "2020-10-03 19:07:48", "elapsed": 6857.375148}}
{"target": 7.434666666666668, "params": {"primacy": 0.9, "gamma_fc": 0.6054790010309347, "beta_enc": 0.43298150696764814, "beta_rec": 0.9093119886549367}, "datetime": {"delta": 36.161508, "datetime": "2020-10-03 19:08:24", "elapsed": 6893.536656}}
{"target": 7.220222222222222, "params": {"primacy": 0.9, "gamma_fc": 0.8428998401928499, "beta_enc": 0.5047006080958943, "beta_rec": 0.49805562482800747}, "datetime": {"delta": 36.023307, "datetime": "2020-10-03 19:09:00", "elapsed": 6929.559963}}
{"target": 7.405777777777777, "params": {"primacy": 0.9, "gamma_fc": 0.5178600481723219, "beta_enc": 0.5732722715496846, "beta_rec": 0.9427625754329493}, "datetime": {"delta": 35.727746, "datetime": "2020-10-03 19:09:36", "elapsed": 6965.287709}}
{"target": 4.628444444444445, "params": {"primacy": 0.9, "gamma_fc": 0.700726036482538, "beta_enc": 0.8479393924434762, "beta_rec": 0.25163914235585283}, "datetime": {"delta": 28.356301, "datetime": "2020-10-03 19:10:05", "elapsed": 6993.64401}}
{"target": 3.5100000000000002, "params": {"primacy": 0.9, "gamma_fc": 0.8379779620477293, "beta_enc": 0.9488362882802196, "beta_rec": 0.6243367024026759}, "datetime": {"delta": 23.921781, "datetime": "2020-10-03 19:10:28", "elapsed": 7017.565791}}
{"target": 2.290222222222222, "params": {"primacy": 0.9, "gamma_fc": 0.3221295136147696, "beta_enc": 0.989340056166638, "beta_rec": 0.07771457033238649}, "datetime": {"delta": 20.575168, "datetime": "2020-10-03 19:10:49", "elapsed": 7038.140959}}
{"target": 7.552666666666667, "params": {"primacy": 0.9, "gamma_fc": 0.8612116383667944, "beta_enc": 0.008939102371245067, "beta_rec": 0.8227300054219355}, "datetime": {"delta": 36.627753, "datetime": "2020-10-03 19:11:26", "elapsed": 7074.768712}}
{"target": 7.517555555555555, "params": {"primacy": 0.9, "gamma_fc": 0.47786200443222115, "beta_enc": 0.2557451938059312, "beta_rec": 0.8026895196332986}, "datetime": {"delta": 36.433315, "datetime": "2020-10-03 19:12:02", "elapsed": 7111.202027}}
{"target": 7.36111111111111, "params": {"primacy": 0.9, "gamma_fc": 0.49154515001693533, "beta_enc": 0.9278489928250108, "beta_rec": 0.8959699670066484}, "datetime": {"delta": 46.940244, "datetime": "2020-10-03 19:12:49", "elapsed": 7158.142271}}
{"target": 7.431555555555557, "params": {"primacy": 0.9, "gamma_fc": 0.39799063940792245, "beta_enc": 0.41857802576409864, "beta_rec": 0.6834649001663011}, "datetime": {"delta": 46.337931, "datetime": "2020-10-03 19:13:35", "elapsed": 7204.480202}}
{"target": 7.493777777777777, "params": {"primacy": 0.9, "gamma_fc": 0.2942156882442547, "beta_enc": 0.1895517028339273, "beta_rec": 0.9649889241109139}, "datetime": {"delta": 40.614507, "datetime": "2020-10-03 19:14:16", "elapsed": 7245.094709}}
{"target": 7.5086666666666675, "params": {"primacy": 0.9, "gamma_fc": 0.7159456994623945, "beta_enc": 0.1443154002290481, "beta_rec": 0.014092294192442956}, "datetime": {"delta": 38.505603, "datetime": "2020-10-03 19:14:55", "elapsed": 7283.600312}}
{"target": 5.615333333333334, "params": {"primacy": 0.9, "gamma_fc": 0.7918210395041538, "beta_enc": 0.7945783511847522, "beta_rec": 0.5070799232841364}, "datetime": {"delta": 32.201771, "datetime": "2020-10-03 19:15:27", "elapsed": 7315.802083}}
{"target": 5.915111111111111, "params": {"primacy": 0.9, "gamma_fc": 0.6477706331874812, "beta_enc": 0.7778484768591754, "beta_rec": 0.4064828689770863}, "datetime": {"delta": 33.778242, "datetime": "2020-10-03 19:16:01", "elapsed": 7349.580325}}
{"target": 7.473111111111111, "params": {"primacy": 0.9, "gamma_fc": 0.4086372250132624, "beta_enc": 0.321819963387904, "beta_rec": 0.1726046201197925}, "datetime": {"delta": 38.593972, "datetime": "2020-10-03 19:16:39", "elapsed": 7388.174297}}
{"target": 7.327111111111111, "params": {"primacy": 0.9, "gamma_fc": 0.32031932582203126, "beta_enc": 0.4069219941293579, "beta_rec": 0.9752223424373121}, "datetime": {"delta": 37.480323, "datetime": "2020-10-03 19:17:17", "elapsed": 7425.65462}}
{"target": 6.566444444444445, "params": {"primacy": 0.9, "gamma_fc": 0.8574844990835966, "beta_enc": 0.6363061258559836, "beta_rec": 0.375091018393911}, "datetime": {"delta": 35.223334, "datetime": "2020-10-03 19:17:52", "elapsed": 7460.877954}}
{"target": 7.449333333333334, "params": {"primacy": 0.9, "gamma_fc": 0.43293850873416306, "beta_enc": 0.25203308013083936, "beta_rec": 0.7928556779768876}, "datetime": {"delta": 38.471834, "datetime": "2020-10-03 19:18:30", "elapsed": 7499.349788}}
{"target": 7.420888888888889, "params": {"primacy": 0.9, "gamma_fc": 0.26865012390622656, "beta_enc": 0.33027693652508094, "beta_rec": 0.6973688756131394}, "datetime": {"delta": 39.045869, "datetime": "2020-10-03 19:19:09", "elapsed": 7538.395657}}
{"target": 7.488888888888889, "params": {"primacy": 0.9, "gamma_fc": 0.4879214918052024, "beta_enc": 0.2952887943998478, "beta_rec": 0.5441213835853572}, "datetime": {"delta": 38.363889, "datetime": "2020-10-03 19:19:48", "elapsed": 7576.759546}}
{"target": 8.76, "params": {"primacy": 0.9, "gamma_fc": 0.2040653986870164, "beta_enc": 0.9271023306368029, "beta_rec": 1.0}, "datetime": {"delta": 60.498344, "datetime": "2020-10-03 19:20:48", "elapsed": 7637.25789}}
{"target": 8.801333333333334, "params": {"primacy": 0.9, "gamma_fc": 0.09786825274759377, "beta_enc": 0.8967000154067898, "beta_rec": 0.9539129601604699}, "datetime": {"delta": 50.192121, "datetime": "2020-10-03 19:21:38", "elapsed": 7687.450011}}
{"target": 8.696222222222223, "params": {"primacy": 0.9, "gamma_fc": 0.32272129640321345, "beta_enc": 0.9260895527044312, "beta_rec": 0.9990787009473248}, "datetime": {"delta": 44.20294, "datetime": "2020-10-03 19:22:23", "elapsed": 7731.652951}}
{"target": 8.714222222222222, "params": {"primacy": 0.9, "gamma_fc": 0.08310430685275612, "beta_enc": 0.9451806034461911, "beta_rec": 1.0}, "datetime": {"delta": 44.247558, "datetime": "2020-10-03 19:23:07", "elapsed": 7775.900509}}
{"target": 8.772444444444444, "params": {"primacy": 0.9, "gamma_fc": 0.03675713194796348, "beta_enc": 0.8818216653285356, "beta_rec": 0.9387835925294191}, "datetime": {"delta": 49.027199, "datetime": "2020-10-03 19:23:56", "elapsed": 7824.927708}}
{"target": 8.612, "params": {"primacy": 0.9, "gamma_fc": 0.12306549754038432, "beta_enc": 0.8826936132205223, "beta_rec": 0.9892661185881583}, "datetime": {"delta": 44.14316, "datetime": "2020-10-03 19:24:40", "elapsed": 7869.070868}}
{"target": 8.883555555555557, "params": {"primacy": 0.9, "gamma_fc": 0.08883299834296793, "beta_enc": 0.9244659772441621, "beta_rec": 0.9425764802058327}, "datetime": {"delta": 45.198264, "datetime": "2020-10-03 19:25:25", "elapsed": 7914.269132}}
{"target": 8.986222222222223, "params": {"primacy": 0.9, "gamma_fc": 0.14105034292800592, "beta_enc": 0.9698706557016048, "beta_rec": 0.9585542772582316}, "datetime": {"delta": 45.992509, "datetime": "2020-10-03 19:26:11", "elapsed": 7960.261641}}
{"target": 8.91911111111111, "params": {"primacy": 0.9, "gamma_fc": 0.15731826575757912, "beta_enc": 0.9984812066269646, "beta_rec": 0.9770834564483376}, "datetime": {"delta": 46.131663, "datetime": "2020-10-03 19:26:57", "elapsed": 8006.393304}}
{"target": 8.881333333333334, "params": {"primacy": 0.9, "gamma_fc": 0.1778454585859067, "beta_enc": 0.9628588934437107, "beta_rec": 0.9439636997333363}, "datetime": {"delta": 55.28042, "datetime": "2020-10-03 19:27:53", "elapsed": 8061.673724}}
{"target": 7.543333333333334, "params": {"primacy": 0.9, "gamma_fc": 1.0, "beta_enc": 0.0, "beta_rec": 0.0}, "datetime": {"delta": 41.514863, "datetime": "2020-10-03 19:28:34", "elapsed": 8103.188587}}
{"target": 8.985555555555555, "params": {"primacy": 0.9, "gamma_fc": 0.09994671483875395, "beta_enc": 0.9981569039794217, "beta_rec": 0.9619876266523578}, "datetime": {"delta": 45.512672, "datetime": "2020-10-03 19:29:20", "elapsed": 8148.701259}}
{"target": 7.528888888888889, "params": {"primacy": 0.9, "gamma_fc": 0.998587882247176, "beta_enc": 0.0688115547412933, "beta_rec": 0.9892952744978476}, "datetime": {"delta": 41.462065, "datetime": "2020-10-03 19:30:01", "elapsed": 8190.163324}}
{"target": 1.0, "params": {"primacy": 0.9, "gamma_fc": 0.0, "beta_enc": 0.0, "beta_rec": 1.0}, "datetime": {"delta": 19.925802, "datetime": "2020-10-03 19:30:21", "elapsed": 8210.089126}}
{"target": 8.949111111111112, "params": {"primacy": 0.9, "gamma_fc": 0.12082655128991981, "beta_enc": 0.9921864653033634, "beta_rec": 0.9412854151319091}, "datetime": {"delta": 46.458429, "datetime": "2020-10-03 19:31:07", "elapsed": 8256.547555}}
{"target": 9.062000000000001, "params": {"primacy": 0.9, "gamma_fc": 0.000759170600085346, "beta_enc": 0.9853873299457926, "beta_rec": 0.9590207075467433}, "datetime": {"delta": 45.762994, "datetime": "2020-10-03 19:31:53", "elapsed": 8302.310549}}
{"target": 7.264222222222223, "params": {"primacy": 0.9, "gamma_fc": 0.9977765046295501, "beta_enc": 0.520793488022115, "beta_rec": 0.9906569060740701}, "datetime": {"delta": 41.8318, "datetime": "2020-10-03 19:32:35", "elapsed": 8344.142349}}
{"target": 7.511777777777778, "params": {"primacy": 0.9, "gamma_fc": 1.0, "beta_enc": 0.0, "beta_rec": 0.24667904593111814}, "datetime": {"delta": 42.820927, "datetime": "2020-10-03 19:33:18", "elapsed": 8386.963276}}
{"target": 8.977555555555554, "params": {"primacy": 0.9, "gamma_fc": 0.009552769581585352, "beta_enc": 0.9955269083937253, "beta_rec": 0.9432718500151286}, "datetime": {"delta": 45.136308, "datetime": "2020-10-03 19:34:03", "elapsed": 8432.099584}}
{"target": 9.063555555555556, "params": {"primacy": 0.9, "gamma_fc": 0.0014204897108915926, "beta_enc": 0.9958584026945111, "beta_rec": 0.9812059085884823}, "datetime": {"delta": 46.143812, "datetime": "2020-10-03 19:34:49", "elapsed": 8478.243396}}
{"target": 7.537999999999999, "params": {"primacy": 0.9, "gamma_fc": 0.4207140804626497, "beta_enc": 0.004862044722839465, "beta_rec": 0.0018208715379374185}, "datetime": {"delta": 41.857271, "datetime": "2020-10-03 19:35:31", "elapsed": 8520.100667}}
{"target": 7.537777777777778, "params": {"primacy": 0.9, "gamma_fc": 0.5918768970291829, "beta_enc": 0.004472526153506018, "beta_rec": 0.9960252999155963}, "datetime": {"delta": 41.780575, "datetime": "2020-10-03 19:36:13", "elapsed": 8561.881242}}
{"target": 7.558888888888889, "params": {"primacy": 0.9, "gamma_fc": 0.9959915261257958, "beta_enc": 0.004138021660296642, "beta_rec": 0.6037598106779652}, "datetime": {"delta": 42.286008, "datetime": "2020-10-03 19:36:55", "elapsed": 8604.16725}}
{"target": 7.598000000000001, "params": {"primacy": 0.9, "gamma_fc": 0.0038320841445275144, "beta_enc": 0.3853829000861523, "beta_rec": 0.3744408446343763}, "datetime": {"delta": 47.740521, "datetime": "2020-10-03 19:37:43", "elapsed": 8651.907771}}
{"target": 7.472666666666666, "params": {"primacy": 0.9, "gamma_fc": 0.9917752889824814, "beta_enc": 0.2872780938822249, "beta_rec": 0.9969210350519319}, "datetime": {"delta": 41.657688, "datetime": "2020-10-03 19:38:24", "elapsed": 8693.565459}}
{"target": 7.561333333333335, "params": {"primacy": 0.9, "gamma_fc": 0.008949359647314137, "beta_enc": 0.007175013866290825, "beta_rec": 0.2623702604327598}, "datetime": {"delta": 41.573919, "datetime": "2020-10-03 19:39:06", "elapsed": 8735.139378}}
{"target": 8.941333333333333, "params": {"primacy": 0.9, "gamma_fc": 0.002636737627669361, "beta_enc": 0.9503234973510306, "beta_rec": 0.964124215096196}, "datetime": {"delta": 46.784494, "datetime": "2020-10-03 19:39:53", "elapsed": 8781.923872}}
{"target": 8.65311111111111, "params": {"primacy": 0.9, "gamma_fc": 0.33081009745922874, "beta_enc": 0.9948439721429534, "beta_rec": 0.9988609910095363}, "datetime": {"delta": 45.676721, "datetime": "2020-10-03 19:40:39", "elapsed": 8827.600593}}
{"target": 8.421333333333333, "params": {"primacy": 0.9, "gamma_fc": 0.0007356703647327656, "beta_enc": 0.8192551773444495, "beta_rec": 0.8049562217966993}, "datetime": {"delta": 45.469581, "datetime": "2020-10-03 19:41:24", "elapsed": 8873.070174}}
{"target": 7.544444444444444, "params": {"primacy": 0.9, "gamma_fc": 0.5645858000619153, "beta_enc": 0.0018134145745875019, "beta_rec": 0.7980507410038946}, "datetime": {"delta": 49.961652, "datetime": "2020-10-03 19:42:14", "elapsed": 8923.031826}}
{"target": 7.532666666666667, "params": {"primacy": 0.9, "gamma_fc": 0.9980013661491252, "beta_enc": 0.16649112050778048, "beta_rec": 0.7893760441630864}, "datetime": {"delta": 42.388328, "datetime": "2020-10-03 19:42:56", "elapsed": 8965.420154}}
{"target": 7.563111111111111, "params": {"primacy": 0.9, "gamma_fc": 0.641962443530827, "beta_enc": 0.0006347850304880831, "beta_rec": 0.005422066808673853}, "datetime": {"delta": 45.490705, "datetime": "2020-10-03 19:43:42", "elapsed": 9010.910859}}
{"target": 7.548, "params": {"primacy": 0.9, "gamma_fc": 0.9975422321978231, "beta_enc": 0.16313302570075017, "beta_rec": 0.18146143312291507}, "datetime": {"delta": 56.632451, "datetime": "2020-10-03 19:44:38", "elapsed": 9067.54331}}
{"target": 8.326666666666666, "params": {"primacy": 0.9, "gamma_fc": 0.4420005859103523, "beta_enc": 0.9062933028487061, "beta_rec": 0.9983846439273654}, "datetime": {"delta": 45.438601, "datetime": "2020-10-03 19:45:24", "elapsed": 9112.981911}}
{"target": 8.48311111111111, "params": {"primacy": 0.9, "gamma_fc": 0.20704061856115552, "beta_enc": 0.8309195326585959, "beta_rec": 0.8969851051473605}, "datetime": {"delta": 44.373952, "datetime": "2020-10-03 19:46:08", "elapsed": 9157.355863}}
{"target": 7.5424444444444445, "params": {"primacy": 0.9, "gamma_fc": 0.002314960754758455, "beta_enc": 0.0010507995414626992, "beta_rec": 0.5821741569668388}, "datetime": {"delta": 56.088716, "datetime": "2020-10-03 19:47:04", "elapsed": 9213.444579}}
{"target": 7.432444444444444, "params": {"primacy": 0.9, "gamma_fc": 0.4059915175295563, "beta_enc": 0.2143508902440907, "beta_rec": 0.003142018629604504}, "datetime": {"delta": 40.628019, "datetime": "2020-10-03 19:47:45", "elapsed": 9254.072598}}
{"target": 7.5280000000000005, "params": {"primacy": 0.9, "gamma_fc": 0.4180357371740855, "beta_enc": 0.00031906063008402263, "beta_rec": 0.35594466667282265}, "datetime": {"delta": 53.157534, "datetime": "2020-10-03 19:48:38", "elapsed": 9307.230132}}
{"target": 7.550888888888889, "params": {"primacy": 0.9, "gamma_fc": 0.8479557403128469, "beta_enc": 0.001783930207811868, "beta_rec": 0.11381564848552117}, "datetime": {"delta": 41.549053, "datetime": "2020-10-03 19:49:20", "elapsed": 9348.779185}}
{"target": 7.3422222222222215, "params": {"primacy": 0.9, "gamma_fc": 0.9935880368915535, "beta_enc": 0.4306533187133835, "beta_rec": 0.7882992106540759}, "datetime": {"delta": 41.042542, "datetime": "2020-10-03 19:50:01", "elapsed": 9389.821727}}
{"target": 7.477111111111111, "params": {"primacy": 0.9, "gamma_fc": 0.003232429318841823, "beta_enc": 0.22864097806062755, "beta_rec": 0.5466787626323889}, "datetime": {"delta": 43.603714, "datetime": "2020-10-03 19:50:44", "elapsed": 9433.425441}}
{"target": 8.861777777777778, "params": {"primacy": 0.9, "gamma_fc": 0.00014451328659492724, "beta_enc": 0.9025953319537601, "beta_rec": 0.9055733255508879}, "datetime": {"delta": 59.077868, "datetime": "2020-10-03 19:51:43", "elapsed": 9492.503309}}
{"target": 7.253777777777778, "params": {"primacy": 0.9, "gamma_fc": 0.8083317168508293, "beta_enc": 0.5459301064351278, "beta_rec": 0.9968279661798117}, "datetime": {"delta": 40.789098, "datetime": "2020-10-03 19:52:24", "elapsed": 9533.292407}}
{"target": 6.411777777777777, "params": {"primacy": 0.9, "gamma_fc": 0.0021318908153296068, "beta_enc": 0.3587781197156632, "beta_rec": 0.9983686589479266}, "datetime": {"delta": 39.911994, "datetime": "2020-10-03 19:53:04", "elapsed": 9573.204401}}
{"target": 7.539333333333333, "params": {"primacy": 0.9, "gamma_fc": 0.2415716844794693, "beta_enc": 0.0021891373762690236, "beta_rec": 0.69650707767851}, "datetime": {"delta": 54.55519, "datetime": "2020-10-03 19:53:59", "elapsed": 9627.759591}}
{"target": 7.548222222222222, "params": {"primacy": 0.9, "gamma_fc": 0.9988813634166026, "beta_enc": 0.007485961194949375, "beta_rec": 0.8263865091133024}, "datetime": {"delta": 44.852658, "datetime": "2020-10-03 19:54:44", "elapsed": 9672.612249}}
{"target": 7.7957777777777775, "params": {"primacy": 0.9, "gamma_fc": 0.4979629867658393, "beta_enc": 0.7623125315802434, "beta_rec": 0.9996007272186245}, "datetime": {"delta": 43.440022, "datetime": "2020-10-03 19:55:27", "elapsed": 9716.052271}}
{"target": 7.468888888888889, "params": {"primacy": 0.9, "gamma_fc": 0.9999980718370529, "beta_enc": 0.2575904741520122, "beta_rec": 0.3329185836814875}, "datetime": {"delta": 43.761766, "datetime": "2020-10-03 19:56:11", "elapsed": 9759.814037}}
{"target": 6.356, "params": {"primacy": 0.9, "gamma_fc": 0.9892285469069613, "beta_enc": 0.753388049327582, "beta_rec": 0.998855967573206}, "datetime": {"delta": 38.037963, "datetime": "2020-10-03 19:56:49", "elapsed": 9797.852}}
{"target": 7.580000000000001, "params": {"primacy": 0.9, "gamma_fc": 0.1863461375680715, "beta_enc": 0.35548151973113185, "beta_rec": 0.3360736846310054}, "datetime": {"delta": 55.567518, "datetime": "2020-10-03 19:57:44", "elapsed": 9853.419518}}
{"target": 7.822666666666666, "params": {"primacy": 0.9, "gamma_fc": 0.0002703849443633777, "beta_enc": 0.5867681799810077, "beta_rec": 0.6396215765439911}, "datetime": {"delta": 43.475434, "datetime": "2020-10-03 19:58:28", "elapsed": 9896.894952}}
{"target": 7.568222222222222, "params": {"primacy": 0.9, "gamma_fc": 0.49473497497193597, "beta_enc": 0.13736962131281216, "beta_rec": 0.9994432212765263}, "datetime": {"delta": 53.8855, "datetime": "2020-10-03 19:59:22", "elapsed": 9950.780452}}
{"target": 7.545555555555555, "params": {"primacy": 0.9, "gamma_fc": 0.19791094275241128, "beta_enc": 0.00111886904424352, "beta_rec": 0.30573473215413793}, "datetime": {"delta": 42.102227, "datetime": "2020-10-03 20:00:04", "elapsed": 9992.882679}}
{"target": 7.882888888888888, "params": {"primacy": 0.9, "gamma_fc": 0.29596396323793417, "beta_enc": 0.7239542241793063, "beta_rec": 0.8072700917468262}, "datetime": {"delta": 43.503017, "datetime": "2020-10-03 20:00:47", "elapsed": 10036.385696}}
{"target": 7.542222222222222, "params": {"primacy": 0.9, "gamma_fc": 0.830687492000915, "beta_enc": 0.003754619550092042, "beta_rec": 0.3141477294435814}, "datetime": {"delta": 47.026233, "datetime": "2020-10-03 20:01:34", "elapsed": 10083.411929}}
{"target": 7.544444444444444, "params": {"primacy": 0.9, "gamma_fc": 0.9975251794463876, "beta_enc": 0.004471141135501622, "beta_rec": 0.4432077324986333}, "datetime": {"delta": 43.673796, "datetime": "2020-10-03 20:02:18", "elapsed": 10127.085725}}
{"target": 7.528444444444444, "params": {"primacy": 0.9, "gamma_fc": 0.20965674411935298, "beta_enc": 0.0027628602610761943, "beta_rec": 0.0005763361153171553}, "datetime": {"delta": 41.099702, "datetime": "2020-10-03 20:02:59", "elapsed": 10168.185427}}
{"target": 7.573555555555555, "params": {"primacy": 0.9, "gamma_fc": 0.009094803914793115, "beta_enc": 0.0011599701386257877, "beta_rec": 0.42570176079930666}, "datetime": {"delta": 44.996132, "datetime": "2020-10-03 20:03:44", "elapsed": 10213.181559}}
{"target": 7.496888888888888, "params": {"primacy": 0.9, "gamma_fc": 0.8599833471050076, "beta_enc": 0.18102985533143157, "beta_rec": 0.9966381506589552}, "datetime": {"delta": 52.74632, "datetime": "2020-10-03 20:04:37", "elapsed": 10265.927879}}
{"target": 1.9977777777777779, "params": {"primacy": 0.9, "gamma_fc": 0.0012205110761737137, "beta_enc": 0.980020096669304, "beta_rec": 0.0002989530868735546}, "datetime": {"delta": 23.227238, "datetime": "2020-10-03 20:05:00", "elapsed": 10289.155117}}
{"target": 9.054444444444446, "params": {"primacy": 0.9, "gamma_fc": 0.0012089289495131883, "beta_enc": 0.9994105840591669, "beta_rec": 0.963488695657395}, "datetime": {"delta": 46.144208, "datetime": "2020-10-03 20:05:46", "elapsed": 10335.299325}}
{"target": 9.058, "params": {"primacy": 0.9, "gamma_fc": 0.0369831341954171, "beta_enc": 0.9861008254881152, "beta_rec": 0.971391051328664}, "datetime": {"delta": 49.471611, "datetime": "2020-10-03 20:06:36", "elapsed": 10384.770936}}
{"target": 8.882444444444445, "params": {"primacy": 0.9, "gamma_fc": 0.25560874969003644, "beta_enc": 0.9948196922749631, "beta_rec": 0.9747405706773535}, "datetime": {"delta": 53.079285, "datetime": "2020-10-03 20:07:29", "elapsed": 10437.850221}}
{"target": 7.507777777777778, "params": {"primacy": 0.9, "gamma_fc": 0.9991557002484703, "beta_enc": 0.15044457028575497, "beta_rec": 0.008324919900281058}, "datetime": {"delta": 48.064552, "datetime": "2020-10-03 20:08:17", "elapsed": 10485.914773}}
{"target": 7.070666666666666, "params": {"primacy": 0.9, "gamma_fc": 0.29648040040886336, "beta_enc": 0.36326656619862463, "beta_rec": 0.0022184808056846528}, "datetime": {"delta": 42.446412, "datetime": "2020-10-03 20:08:59", "elapsed": 10528.361185}}
{"target": 7.546222222222224, "params": {"primacy": 0.9, "gamma_fc": 0.45682507389166693, "beta_enc": 0.003889725395698873, "beta_rec": 0.1517678090779513}, "datetime": {"delta": 45.75485, "datetime": "2020-10-03 20:09:45", "elapsed": 10574.116035}}
{"target": 8.762444444444446, "params": {"primacy": 0.9, "gamma_fc": 0.2608639003774116, "beta_enc": 0.9343959416385893, "beta_rec": 0.9451763694480771}, "datetime": {"delta": 57.27711, "datetime": "2020-10-03 20:10:42", "elapsed": 10631.393145}}
