{"target": 7.564888888888888, "params": {"beta_enc": 0.0, "k": 3.0, "enc_rate": 1.0, "gamma_fc": 0.3444459695606262, "beta_rec": 0.5409318026331579, "cue_position": 8.0}, "datetime": {"delta": 50.934228, "datetime": "2021-04-07 13:43:08", "elapsed": 8905.297286}}
{"target": 7.545111111111112, "params": {"beta_enc": 0.0, "k": 3.0, "enc_rate": 1.0, "gamma_fc": 0.3367316219753268, "beta_rec": 0.3985410629817051, "cue_position": 8.0}, "datetime": {"delta": 51.302322, "datetime": "2021-04-07 13:43:59", "elapsed": 8956.599608}}
{"target": 7.543333333333334, "params": {"beta_enc": 0.0, "k": 3.0, "enc_rate": 1.0, "gamma_fc": 0.39161727353660286, "beta_rec": 1.0, "cue_position": 8.0}, "datetime": {"delta": 52.217762, "datetime": "2021-04-07 13:44:51", "elapsed": 9008.81737}}
{"target": 7.5344444444444445, "params": {"beta_enc": 0.0389462557344914, "k": 3.0, "enc_rate": 1.0, "gamma_fc": 0.4117124165277486, "beta_rec": 0.9044835159154564, "cue_position": 8.0}, "datetime": {"delta": 51.091071, "datetime": "2021-04-07 13:45:42", "elapsed": 9059.908441}}
{"target": 7.532444444444446, "params": {"beta_enc": 0.14405835276211287, "k": 3.0, "enc_rate": 1.0, "gamma_fc": 0.5956987395020188, "beta_rec": 0.2867179237049065, "cue_position": 8.0}, "datetime": {"delta": 52.490721, "datetime": "2021-04-07 13:46:35", "elapsed": 9112.399162}}
{"target": 7.544444444444444, "params": {"beta_enc": 0.0, "k": 3.0, "enc_rate": 1.0, "gamma_fc": 0.48548225652841237, "beta_rec": 0.5530263927923662, "cue_position": 8.0}, "datetime": {"delta": 51.941042, "datetime": "2021-04-07 13:47:27", "elapsed": 9164.340204}}
{"target": 7.515555555555555, "params": {"beta_enc": 0.12261140298704595, "k": 3.0, "enc_rate": 1.0, "gamma_fc": 1.0, "beta_rec": 0.0, "cue_position": 8.0}, "datetime": {"delta": 51.127739, "datetime": "2021-04-07 13:48:18", "elapsed": 9215.467943}}
{"target": 7.458666666666668, "params": {"beta_enc": 0.3003323828739347, "k": 3.0, "enc_rate": 1.0, "gamma_fc": 1.0, "beta_rec": 1.0, "cue_position": 8.0}, "datetime": {"delta": 53.70083, "datetime": "2021-04-07 13:49:12", "elapsed": 9269.168773}}
{"target": 7.569111111111111, "params": {"beta_enc": 0.0, "k": 3.0, "enc_rate": 1.0, "gamma_fc": 1.0, "beta_rec": 1.0, "cue_position": 8.0}, "datetime": {"delta": 53.043886, "datetime": "2021-04-07 13:50:05", "elapsed": 9322.212659}}
{"target": 7.549777777777779, "params": {"beta_enc": 0.0, "k": 3.0, "enc_rate": 1.0, "gamma_fc": 0.891173937718029, "beta_rec": 1.0, "cue_position": 8.0}, "datetime": {"delta": 52.307925, "datetime": "2021-04-07 13:50:57", "elapsed": 9374.520584}}
{"target": 7.520444444444445, "params": {"beta_enc": 0.1014323352408031, "k": 3.0, "enc_rate": 1.0, "gamma_fc": 0.9866023008126447, "beta_rec": 1.0, "cue_position": 8.0}, "datetime": {"delta": 52.436222, "datetime": "2021-04-07 13:51:49", "elapsed": 9426.956806}}
{"target": 7.549555555555555, "params": {"beta_enc": 0.0, "k": 3.0, "enc_rate": 1.0, "gamma_fc": 1.0, "beta_rec": 0.2852580265867986, "cue_position": 8.0}, "datetime": {"delta": 52.224099, "datetime": "2021-04-07 13:52:42", "elapsed": 9479.180905}}
{"target": 7.506666666666666, "params": {"beta_enc": 0.08134029229639173, "k": 3.0, "enc_rate": 1.0, "gamma_fc": 0.6449641706805987, "beta_rec": 0.557314016309305, "cue_position": 8.0}, "datetime": {"delta": 53.848993, "datetime": "2021-04-07 13:53:36", "elapsed": 9533.029898}}
{"target": 7.5651111111111105, "params": {"beta_enc": 0.0, "k": 3.0, "enc_rate": 1.0, "gamma_fc": 0.6981616452261976, "beta_rec": 0.2699830361431104, "cue_position": 8.0}, "datetime": {"delta": 52.403297, "datetime": "2021-04-07 13:54:28", "elapsed": 9585.433195}}
{"target": 7.528444444444444, "params": {"beta_enc": 0.07702141779615528, "k": 3.0, "enc_rate": 1.0, "gamma_fc": 0.5294550287381246, "beta_rec": 0.0, "cue_position": 8.0}, "datetime": {"delta": 53.811972, "datetime": "2021-04-07 13:55:22", "elapsed": 9639.245167}}
{"target": 4.990666666666667, "params": {"beta_enc": 0.07019851741576039, "k": 3.0, "enc_rate": 1.0, "gamma_fc": 0.0, "beta_rec": 1.0, "cue_position": 8.0}, "datetime": {"delta": 44.684027, "datetime": "2021-04-07 13:56:06", "elapsed": 9683.929194}}
{"target": 7.562666666666667, "params": {"beta_enc": 0.08324668850728839, "k": 3.0, "enc_rate": 1.0, "gamma_fc": 0.12701841238952727, "beta_rec": 1.0, "cue_position": 8.0}, "datetime": {"delta": 53.036015, "datetime": "2021-04-07 13:56:59", "elapsed": 9736.965209}}
{"target": 7.550666666666666, "params": {"beta_enc": 0.004741562080738393, "k": 3.0, "enc_rate": 1.0, "gamma_fc": 0.05697526831033528, "beta_rec": 0.9682133208031769, "cue_position": 8.0}, "datetime": {"delta": 53.284154, "datetime": "2021-04-07 13:57:53", "elapsed": 9790.249363}}
{"target": 7.548222222222222, "params": {"beta_enc": 0.0, "k": 3.0, "enc_rate": 1.0, "gamma_fc": 0.0194202179716531, "beta_rec": 0.9220204616403949, "cue_position": 8.0}, "datetime": {"delta": 55.898312, "datetime": "2021-04-07 13:58:49", "elapsed": 9846.147675}}
{"target": 7.596444444444444, "params": {"beta_enc": 0.06890166545451364, "k": 3.0, "enc_rate": 1.0, "gamma_fc": 0.10813069587427115, "beta_rec": 0.9890806873477551, "cue_position": 8.0}, "datetime": {"delta": 54.464696, "datetime": "2021-04-07 13:59:43", "elapsed": 9900.612371}}
{"target": 7.582444444444445, "params": {"beta_enc": 0.06648953643028391, "k": 3.0, "enc_rate": 1.0, "gamma_fc": 0.02936649867595117, "beta_rec": 0.8167892618459394, "cue_position": 8.0}, "datetime": {"delta": 54.998353, "datetime": "2021-04-07 14:00:38", "elapsed": 9955.610724}}
{"target": 7.587777777777778, "params": {"beta_enc": 0.07032459747284266, "k": 3.0, "enc_rate": 1.0, "gamma_fc": 0.10471637292169575, "beta_rec": 0.8604751078729115, "cue_position": 8.0}, "datetime": {"delta": 56.746618, "datetime": "2021-04-07 14:01:35", "elapsed": 10012.357342}}
{"target": 7.554222222222222, "params": {"beta_enc": 0.022078109771190346, "k": 3.0, "enc_rate": 1.0, "gamma_fc": 0.26551687385893863, "beta_rec": 0.9318164869480998, "cue_position": 8.0}, "datetime": {"delta": 55.892508, "datetime": "2021-04-07 14:02:31", "elapsed": 10068.24985}}
{"target": 7.61888888888889, "params": {"beta_enc": 0.02925499670305956, "k": 3.0, "enc_rate": 1.0, "gamma_fc": 0.0, "beta_rec": 0.8157326138644742, "cue_position": 8.0}, "datetime": {"delta": 56.6593, "datetime": "2021-04-07 14:03:27", "elapsed": 10124.90915}}
{"target": 7.516, "params": {"beta_enc": 0.0, "k": 3.0, "enc_rate": 1.0, "gamma_fc": 0.09484697811644756, "beta_rec": 1.0, "cue_position": 8.0}, "datetime": {"delta": 54.727742, "datetime": "2021-04-07 14:04:22", "elapsed": 10179.636892}}
{"target": 7.562888888888888, "params": {"beta_enc": 0.03126780818656332, "k": 3.0, "enc_rate": 1.0, "gamma_fc": 0.0702134420465868, "beta_rec": 0.7671935275277535, "cue_position": 8.0}, "datetime": {"delta": 54.628373, "datetime": "2021-04-07 14:05:17", "elapsed": 10234.265265}}
{"target": 7.581333333333333, "params": {"beta_enc": 0.03607747338114104, "k": 3.0, "enc_rate": 1.0, "gamma_fc": 0.07301771505888424, "beta_rec": 0.819046140824709, "cue_position": 8.0}, "datetime": {"delta": 56.892674, "datetime": "2021-04-07 14:06:14", "elapsed": 10291.157939}}
{"target": 7.584444444444443, "params": {"beta_enc": 0.09848433003377935, "k": 3.0, "enc_rate": 1.0, "gamma_fc": 0.11317080838629426, "beta_rec": 0.9274284625693939, "cue_position": 8.0}, "datetime": {"delta": 67.628155, "datetime": "2021-04-07 14:07:21", "elapsed": 10358.786094}}
{"target": 7.525555555555556, "params": {"beta_enc": 0.02259061085519943, "k": 3.0, "enc_rate": 1.0, "gamma_fc": 0.1932092858138686, "beta_rec": 0.8899729912333898, "cue_position": 8.0}, "datetime": {"delta": 53.564973, "datetime": "2021-04-07 14:08:15", "elapsed": 10412.351067}}
{"target": 7.500888888888889, "params": {"beta_enc": 0.078087852369703, "k": 3.0, "enc_rate": 1.0, "gamma_fc": 0.3409913166550414, "beta_rec": 0.9847690352360247, "cue_position": 8.0}, "datetime": {"delta": 54.696905, "datetime": "2021-04-07 14:09:10", "elapsed": 10467.047972}}
{"target": 7.557333333333334, "params": {"beta_enc": 0.0, "k": 3.0, "enc_rate": 1.0, "gamma_fc": 0.948400191405533, "beta_rec": 0.9285760005752635, "cue_position": 8.0}, "datetime": {"delta": 55.342295, "datetime": "2021-04-07 14:10:05", "elapsed": 10522.390267}}
{"target": 7.536444444444444, "params": {"beta_enc": 0.002356135859280986, "k": 3.0, "enc_rate": 1.0, "gamma_fc": 0.9324680158325904, "beta_rec": 0.44324688837987875, "cue_position": 8.0}, "datetime": {"delta": 54.417847, "datetime": "2021-04-07 14:10:59", "elapsed": 10576.808114}}
{"target": 7.523999999999999, "params": {"beta_enc": 0.07122709725119675, "k": 3.0, "enc_rate": 1.0, "gamma_fc": 0.19856361627339453, "beta_rec": 0.11653211786786888, "cue_position": 8.0}, "datetime": {"delta": 53.646477, "datetime": "2021-04-07 14:11:53", "elapsed": 10630.454591}}
{"target": 7.556888888888889, "params": {"beta_enc": 0.07686218743008875, "k": 3.0, "enc_rate": 1.0, "gamma_fc": 0.7359843869854634, "beta_rec": 0.25333806466351394, "cue_position": 8.0}, "datetime": {"delta": 53.312873, "datetime": "2021-04-07 14:12:46", "elapsed": 10683.767464}}
{"target": 7.527777777777777, "params": {"beta_enc": 0.012838204621261222, "k": 3.0, "enc_rate": 1.0, "gamma_fc": 0.6099303767769669, "beta_rec": 0.34075773367611156, "cue_position": 8.0}, "datetime": {"delta": 54.777455, "datetime": "2021-04-07 14:13:41", "elapsed": 10738.544919}}
{"target": 7.540666666666667, "params": {"beta_enc": 0.0, "k": 3.0, "enc_rate": 1.0, "gamma_fc": 0.38746806294397457, "beta_rec": 0.6410573836498353, "cue_position": 8.0}, "datetime": {"delta": 53.592702, "datetime": "2021-04-07 14:14:35", "elapsed": 10792.137621}}
{"target": 7.487777777777778, "params": {"beta_enc": 0.06706529582433851, "k": 3.0, "enc_rate": 1.0, "gamma_fc": 1.0, "beta_rec": 0.08853218752481962, "cue_position": 8.0}, "datetime": {"delta": 54.821405, "datetime": "2021-04-07 14:15:29", "elapsed": 10846.959026}}
{"target": 7.564888888888889, "params": {"beta_enc": 0.09615835698206474, "k": 3.0, "enc_rate": 1.0, "gamma_fc": 0.30927186212337066, "beta_rec": 0.4798130201267425, "cue_position": 8.0}, "datetime": {"delta": 54.709566, "datetime": "2021-04-07 14:16:24", "elapsed": 10901.668592}}
{"target": 7.556666666666667, "params": {"beta_enc": 0.0, "k": 3.0, "enc_rate": 1.0, "gamma_fc": 0.8371066557327801, "beta_rec": 0.18919570736347774, "cue_position": 8.0}, "datetime": {"delta": 54.408508, "datetime": "2021-04-07 14:17:19", "elapsed": 10956.0771}}
{"target": 7.575555555555555, "params": {"beta_enc": 0.0400061613405225, "k": 3.0, "enc_rate": 1.0, "gamma_fc": 0.41947589415511993, "beta_rec": 0.08432847508901403, "cue_position": 8.0}, "datetime": {"delta": 53.948966, "datetime": "2021-04-07 14:18:13", "elapsed": 11010.026066}}
{"target": 7.562222222222222, "params": {"beta_enc": 0.0, "k": 3.0, "enc_rate": 1.0, "gamma_fc": 0.9462228500014445, "beta_rec": 0.6857065777070459, "cue_position": 8.0}, "datetime": {"delta": 58.868363, "datetime": "2021-04-07 14:19:11", "elapsed": 11068.894429}}
{"target": 7.5391111111111115, "params": {"beta_enc": 0.0, "k": 3.0, "enc_rate": 1.0, "gamma_fc": 0.874776806901175, "beta_rec": 0.7768913186844822, "cue_position": 8.0}, "datetime": {"delta": 55.317348, "datetime": "2021-04-07 14:20:07", "elapsed": 11124.211777}}
{"target": 7.55, "params": {"beta_enc": 0.06318519788473279, "k": 3.0, "enc_rate": 1.0, "gamma_fc": 0.9109847560081219, "beta_rec": 0.6418657612296177, "cue_position": 8.0}, "datetime": {"delta": 55.073196, "datetime": "2021-04-07 14:21:02", "elapsed": 11179.284973}}
{"target": 7.5231111111111115, "params": {"beta_enc": 0.0917992888719079, "k": 3.0, "enc_rate": 1.0, "gamma_fc": 0.5364983956983956, "beta_rec": 0.6569751982579534, "cue_position": 8.0}, "datetime": {"delta": 53.217472, "datetime": "2021-04-07 14:21:55", "elapsed": 11232.502445}}
{"target": 7.548, "params": {"beta_enc": 0.0, "k": 3.0, "enc_rate": 1.0, "gamma_fc": 0.6635098496337855, "beta_rec": 0.12315528386582407, "cue_position": 8.0}, "datetime": {"delta": 58.500831, "datetime": "2021-04-07 14:22:54", "elapsed": 11291.003276}}
{"target": 7.5, "params": {"beta_enc": 0.20989201850852165, "k": 3.0, "enc_rate": 1.0, "gamma_fc": 0.3754972754272046, "beta_rec": 0.5026705383765593, "cue_position": 8.0}, "datetime": {"delta": 53.700972, "datetime": "2021-04-07 14:23:47", "elapsed": 11344.704248}}
{"target": 7.51, "params": {"beta_enc": 0.0, "k": 3.0, "enc_rate": 1.0, "gamma_fc": 0.0802940642303659, "beta_rec": 0.048619018707195774, "cue_position": 8.0}, "datetime": {"delta": 54.171868, "datetime": "2021-04-07 14:24:41", "elapsed": 11398.876116}}
{"target": 7.551777777777778, "params": {"beta_enc": 0.17702810946594078, "k": 3.0, "enc_rate": 1.0, "gamma_fc": 0.2135619962843858, "beta_rec": 0.0, "cue_position": 8.0}, "datetime": {"delta": 54.137171, "datetime": "2021-04-07 14:25:36", "elapsed": 11453.013287}}
{"target": 7.50488888888889, "params": {"beta_enc": 0.11771017773225416, "k": 3.0, "enc_rate": 1.0, "gamma_fc": 0.4747645168026393, "beta_rec": 0.21706360282069861, "cue_position": 8.0}, "datetime": {"delta": 55.533666, "datetime": "2021-04-07 14:26:31", "elapsed": 11508.546953}}
{"target": 7.559555555555555, "params": {"beta_enc": 0.06212447753498344, "k": 3.0, "enc_rate": 1.0, "gamma_fc": 0.23171330357152717, "beta_rec": 0.5468138856451189, "cue_position": 8.0}, "datetime": {"delta": 55.55257, "datetime": "2021-04-07 14:27:27", "elapsed": 11564.099523}}
{"target": 7.522888888888889, "params": {"beta_enc": 0.06906365475185111, "k": 3.0, "enc_rate": 1.0, "gamma_fc": 1.0, "beta_rec": 0.6639258755084609, "cue_position": 8.0}, "datetime": {"delta": 53.555546, "datetime": "2021-04-07 14:28:20", "elapsed": 11617.655069}}
{"target": 7.498666666666668, "params": {"beta_enc": 0.0, "k": 3.0, "enc_rate": 1.0, "gamma_fc": 0.32597922860147677, "beta_rec": 0.0, "cue_position": 8.0}, "datetime": {"delta": 57.829011, "datetime": "2021-04-07 14:29:18", "elapsed": 11675.48408}}
{"target": 7.578444444444445, "params": {"beta_enc": 0.0, "k": 3.0, "enc_rate": 1.0, "gamma_fc": 0.4896017240937508, "beta_rec": 0.05071002591635118, "cue_position": 8.0}, "datetime": {"delta": 53.868595, "datetime": "2021-04-07 14:30:12", "elapsed": 11729.352675}}
{"target": 7.514, "params": {"beta_enc": 0.1681150024066534, "k": 3.0, "enc_rate": 1.0, "gamma_fc": 0.3033694838709809, "beta_rec": 0.06361930614746526, "cue_position": 8.0}, "datetime": {"delta": 53.361714, "datetime": "2021-04-07 14:31:05", "elapsed": 11782.714389}}
{"target": 7.510666666666667, "params": {"beta_enc": 0.21678725294508364, "k": 3.0, "enc_rate": 1.0, "gamma_fc": 0.8614599256033224, "beta_rec": 0.21047961703819384, "cue_position": 8.0}, "datetime": {"delta": 55.316392, "datetime": "2021-04-07 14:32:01", "elapsed": 11838.030781}}
{"target": 7.532222222222222, "params": {"beta_enc": 0.12626111189463748, "k": 3.0, "enc_rate": 1.0, "gamma_fc": 0.10649406163163042, "beta_rec": 0.21846474458233484, "cue_position": 8.0}, "datetime": {"delta": 53.070221, "datetime": "2021-04-07 14:32:54", "elapsed": 11891.101002}}
{"target": 7.539555555555556, "params": {"beta_enc": 0.07807494523783232, "k": 3.0, "enc_rate": 1.0, "gamma_fc": 0.0013038682166732762, "beta_rec": 0.2555464200879468, "cue_position": 8.0}, "datetime": {"delta": 48.958983, "datetime": "2021-04-07 14:33:43", "elapsed": 11940.059985}}
{"target": 7.492222222222222, "params": {"beta_enc": 0.17938158852742753, "k": 3.0, "enc_rate": 1.0, "gamma_fc": 0.2605499729617438, "beta_rec": 0.3776676987598427, "cue_position": 8.0}, "datetime": {"delta": 48.097129, "datetime": "2021-04-07 14:34:31", "elapsed": 11988.157114}}
{"target": 7.537111111111111, "params": {"beta_enc": 0.0, "k": 3.0, "enc_rate": 1.0, "gamma_fc": 1.0, "beta_rec": 0.7977899289924034, "cue_position": 8.0}, "datetime": {"delta": 48.903435, "datetime": "2021-04-07 14:35:20", "elapsed": 12037.060549}}
{"target": 7.556444444444445, "params": {"beta_enc": 0.10139283712975222, "k": 3.0, "enc_rate": 1.0, "gamma_fc": 0.7970615598935782, "beta_rec": 1.0, "cue_position": 8.0}, "datetime": {"delta": 49.790132, "datetime": "2021-04-07 14:36:09", "elapsed": 12086.850681}}
{"target": 7.522888888888889, "params": {"beta_enc": 0.08647925396779436, "k": 3.0, "enc_rate": 1.0, "gamma_fc": 0.8020129954389823, "beta_rec": 0.9019281907002776, "cue_position": 8.0}, "datetime": {"delta": 48.189073, "datetime": "2021-04-07 14:36:58", "elapsed": 12135.039754}}
{"target": 7.534444444444444, "params": {"beta_enc": 0.0, "k": 3.0, "enc_rate": 1.0, "gamma_fc": 0.7251820550300025, "beta_rec": 1.0, "cue_position": 8.0}, "datetime": {"delta": 48.826797, "datetime": "2021-04-07 14:37:46", "elapsed": 12183.866551}}
{"target": 7.438444444444445, "params": {"beta_enc": 0.3364384539934424, "k": 3.0, "enc_rate": 1.0, "gamma_fc": 0.5837214992605966, "beta_rec": 0.6811595671514384, "cue_position": 8.0}, "datetime": {"delta": 47.605482, "datetime": "2021-04-07 14:38:34", "elapsed": 12231.472033}}
