{"target": -8583.648973539553, "params": {"epsilon_d": 3.7287964442108, "gamma_cf": 0.3713710119285671, "beta_rec": 0.983608525560217, "lr": 0.5866801397085785, "phi_s": 2.2234094938253586, "beta_enc": 0.2980129432808547, "s_cf": 0.3814075655002679, "k_intra": 8.675364533188638, "phi_d": 0.9083684969846311, "gamma_fc": 0.1706354784323274}, "datetime": {"delta": 57.057787, "datetime": "2020-09-13 17:49:05", "elapsed": 16957.317266}}
{"target": -8669.275997012957, "params": {"epsilon_d": 3.8790869653269984, "gamma_cf": 0.32499725653184763, "beta_rec": 0.9394446306879178, "lr": 0.6970175861578631, "phi_s": 1.9613352993266195, "beta_enc": 0.8853880814829299, "s_cf": 0.9217500434284001, "k_intra": 3.531671352131245, "phi_d": 0.3795419735632241, "gamma_fc": 0.16351996004102}, "datetime": {"delta": 59.513706, "datetime": "2020-09-13 17:50:05", "elapsed": 17016.830972}}
{"target": -8668.687871767872, "params": {"epsilon_d": 3.8697442073593318, "gamma_cf": 0.3253759784391683, "beta_rec": 0.938504410260734, "lr": 0.698348411315712, "phi_s": 1.9555144841671561, "beta_enc": 0.8842614131941449, "s_cf": 0.9254438254218135, "k_intra": 3.5298601572673927, "phi_d": 0.37330793475472884, "gamma_fc": 0.15880374262754995}, "datetime": {"delta": 55.324925, "datetime": "2020-09-13 17:51:00", "elapsed": 17072.155897}}
{"target": -8668.0916774459, "params": {"epsilon_d": 3.854094130097268, "gamma_cf": 0.320508748534474, "beta_rec": 0.9365782033294935, "lr": 0.7061623486525052, "phi_s": 1.9504413390306883, "beta_enc": 0.8864376890887325, "s_cf": 0.9292637518975436, "k_intra": 3.5218550193417517, "phi_d": 0.3678607993472186, "gamma_fc": 0.1604786270792825}, "datetime": {"delta": 59.738099, "datetime": "2020-09-13 17:52:00", "elapsed": 17131.893996}}
{"target": -8668.125639536942, "params": {"epsilon_d": 3.850569547413317, "gamma_cf": 0.3176131245633889, "beta_rec": 0.9377713932518447, "lr": 0.7069330178140415, "phi_s": 1.9491983168661942, "beta_enc": 0.8882218796029983, "s_cf": 0.9270476523921917, "k_intra": 3.5195005383793956, "phi_d": 0.36746708312741166, "gamma_fc": 0.16244402470953875}, "datetime": {"delta": 59.834081, "datetime": "2020-09-13 17:53:00", "elapsed": 17191.728077}}
{"target": -8582.358397303833, "params": {"epsilon_d": 3.7301669269489017, "gamma_cf": 0.37559202310666123, "beta_rec": 0.9816177272763276, "lr": 0.5799364717330474, "phi_s": 2.224598758027888, "beta_enc": 0.3060563486002802, "s_cf": 0.38722949578478055, "k_intra": 8.667267814930328, "phi_d": 0.9077712285333946, "gamma_fc": 0.1607044397759559}, "datetime": {"delta": 59.792835, "datetime": "2020-09-13 17:54:00", "elapsed": 17251.520912}}
{"target": -8668.097633458974, "params": {"epsilon_d": 3.8513895036177015, "gamma_cf": 0.31772136570209475, "beta_rec": 0.9347744226466593, "lr": 0.708678941562246, "phi_s": 1.9498410099196266, "beta_enc": 0.8877229251558434, "s_cf": 0.9329895459338936, "k_intra": 3.521433986929468, "phi_d": 0.36645491871971797, "gamma_fc": 0.16135717532193306}, "datetime": {"delta": 59.082847, "datetime": "2020-09-13 17:54:59", "elapsed": 17310.603759}}
{"target": -8668.052234406769, "params": {"epsilon_d": 3.8527071655765464, "gamma_cf": 0.31901022854197475, "beta_rec": 0.9374660154197784, "lr": 0.7106046219824408, "phi_s": 1.949725544228689, "beta_enc": 0.8880118787828152, "s_cf": 0.9324241543728524, "k_intra": 3.518570263377898, "phi_d": 0.3679956940472092, "gamma_fc": 0.162907269560807}, "datetime": {"delta": 58.175238, "datetime": "2020-09-13 17:55:57", "elapsed": 17368.778997}}
{"target": -8582.029839660534, "params": {"epsilon_d": 3.7312982285010188, "gamma_cf": 0.3755435288214422, "beta_rec": 0.9813477700869804, "lr": 0.5823766905768869, "phi_s": 2.2266801256335214, "beta_enc": 0.3062222635409294, "s_cf": 0.38882496393413113, "k_intra": 8.66745872676554, "phi_d": 0.90717670618056, "gamma_fc": 0.16043358373255637}, "datetime": {"delta": 57.13778, "datetime": "2020-09-13 17:56:54", "elapsed": 17425.916777}}
{"target": -8668.06996708051, "params": {"epsilon_d": 3.851893059109034, "gamma_cf": 0.3221414844551867, "beta_rec": 0.9380403944937453, "lr": 0.7099928592536864, "phi_s": 1.9492105911686077, "beta_enc": 0.8869049010163433, "s_cf": 0.9302559287352817, "k_intra": 3.5198355627633626, "phi_d": 0.3675791341517334, "gamma_fc": 0.1657254381629768}, "datetime": {"delta": 54.613179, "datetime": "2020-09-13 17:57:49", "elapsed": 17480.529956}}
{"target": -8667.74581386505, "params": {"epsilon_d": 3.8514247829677077, "gamma_cf": 0.3202874724208649, "beta_rec": 0.9372375202740095, "lr": 0.7121942725696387, "phi_s": 1.9516251162644869, "beta_enc": 0.888769862591059, "s_cf": 0.9345122089647209, "k_intra": 3.521148819143582, "phi_d": 0.3667007365266575, "gamma_fc": 0.16172689043025737}, "datetime": {"delta": 55.87682, "datetime": "2020-09-13 17:58:45", "elapsed": 17536.406776}}
{"target": -8666.852216292671, "params": {"epsilon_d": 3.8323277379935803, "gamma_cf": 0.32948273018991997, "beta_rec": 0.9453659876787938, "lr": 0.7172309195009621, "phi_s": 1.960779641354452, "beta_enc": 0.9044233360918814, "s_cf": 0.9369583638826967, "k_intra": 3.5281904426802426, "phi_d": 0.3732696140152049, "gamma_fc": 0.15530377342306947}, "datetime": {"delta": 54.448582, "datetime": "2020-09-13 17:59:39", "elapsed": 17590.855358}}
{"target": -8666.869174586189, "params": {"epsilon_d": 3.8337659196160487, "gamma_cf": 0.3289926153888801, "beta_rec": 0.9443868019273978, "lr": 0.7166666036394559, "phi_s": 1.9611858812494145, "beta_enc": 0.9034608465869819, "s_cf": 0.93503498869895, "k_intra": 3.527814313309784, "phi_d": 0.37191231611596404, "gamma_fc": 0.15592039466874114}, "datetime": {"delta": 57.612797, "datetime": "2020-09-13 18:00:37", "elapsed": 17648.468155}}
{"target": -8666.900555671735, "params": {"epsilon_d": 3.83421485293529, "gamma_cf": 0.3290400941509635, "beta_rec": 0.9460180155061393, "lr": 0.715656126351968, "phi_s": 1.9612245178436438, "beta_enc": 0.9042825441586535, "s_cf": 0.9371764907065283, "k_intra": 3.531168545068816, "phi_d": 0.3718981566297229, "gamma_fc": 0.15495947662051904}, "datetime": {"delta": 59.799888, "datetime": "2020-09-13 18:01:36", "elapsed": 17708.268043}}
{"target": -8582.020093587196, "params": {"epsilon_d": 3.7360750338740805, "gamma_cf": 0.3751324586235064, "beta_rec": 0.9802458720344639, "lr": 0.583723008746803, "phi_s": 2.230367406916134, "beta_enc": 0.30944766246565214, "s_cf": 0.3896790716386732, "k_intra": 8.666674921170483, "phi_d": 0.9079223965891824, "gamma_fc": 0.16096085420762332}, "datetime": {"delta": 54.443859, "datetime": "2020-09-13 18:02:31", "elapsed": 17762.711902}}
{"target": -8666.92555443359, "params": {"epsilon_d": 3.8315984290017684, "gamma_cf": 0.33160595637206486, "beta_rec": 0.9443908318833235, "lr": 0.7189803534205186, "phi_s": 1.9628161688214811, "beta_enc": 0.901820427415346, "s_cf": 0.9340438457735459, "k_intra": 3.525175661137404, "phi_d": 0.3745417284030152, "gamma_fc": 0.15275003310907523}, "datetime": {"delta": 60.684001, "datetime": "2020-09-13 18:03:31", "elapsed": 17823.395903}}
{"target": -8667.073401015616, "params": {"epsilon_d": 3.8378495223275064, "gamma_cf": 0.3299825136771208, "beta_rec": 0.944207157508102, "lr": 0.7163166276208307, "phi_s": 1.9579180140645023, "beta_enc": 0.9044078041061536, "s_cf": 0.9382438618088722, "k_intra": 3.5259355980605362, "phi_d": 0.37114145132505916, "gamma_fc": 0.1555172226123824}, "datetime": {"delta": 58.265234, "datetime": "2020-09-13 18:04:30", "elapsed": 17881.661137}}
{"target": -8580.912615275953, "params": {"epsilon_d": 3.734844295821443, "gamma_cf": 0.3775240329010591, "beta_rec": 0.9788196146424253, "lr": 0.582911238868786, "phi_s": 2.2296479674753074, "beta_enc": 0.3059224319937457, "s_cf": 0.3903135932551249, "k_intra": 8.669029027821685, "phi_d": 0.9087693613046038, "gamma_fc": 0.16293201414465952}, "datetime": {"delta": 58.807421, "datetime": "2020-09-13 18:05:29", "elapsed": 17940.468558}}
{"target": -8665.715461802263, "params": {"epsilon_d": 3.815110244084782, "gamma_cf": 0.3274044042536002, "beta_rec": 0.9459490409128195, "lr": 0.7159164095391418, "phi_s": 1.9706845383253555, "beta_enc": 0.8949112776880669, "s_cf": 0.9368847827460183, "k_intra": 3.529431305027585, "phi_d": 0.37137445082837856, "gamma_fc": 0.1587144594223994}, "datetime": {"delta": 60.453249, "datetime": "2020-09-13 18:06:29", "elapsed": 18000.921807}}
{"target": -8664.203891549754, "params": {"epsilon_d": 3.779603266132564, "gamma_cf": 0.32639497696780095, "beta_rec": 0.9478076060678411, "lr": 0.7096352603040037, "phi_s": 1.985208476380102, "beta_enc": 0.8830864754373295, "s_cf": 0.944114427775312, "k_intra": 3.527006537635353, "phi_d": 0.3693383328877291, "gamma_fc": 0.16708437143119165}, "datetime": {"delta": 60.248929, "datetime": "2020-09-13 18:07:29", "elapsed": 18061.170736}}
{"target": -8663.417268006411, "params": {"epsilon_d": 3.7589573683011377, "gamma_cf": 0.32797813251022145, "beta_rec": 0.9469977295329246, "lr": 0.7064469798522556, "phi_s": 1.9904513034498776, "beta_enc": 0.8775025070038684, "s_cf": 0.9474711548177988, "k_intra": 3.525941426399016, "phi_d": 0.37137397940609984, "gamma_fc": 0.1689612784610824}, "datetime": {"delta": 56.599239, "datetime": "2020-09-13 18:08:26", "elapsed": 18117.769975}}
{"target": -8662.325638956048, "params": {"epsilon_d": 3.715490152601793, "gamma_cf": 0.32912281234677576, "beta_rec": 0.940425419624608, "lr": 0.7068758130542053, "phi_s": 1.9885421390707094, "beta_enc": 0.8674036551585643, "s_cf": 0.9447526765513423, "k_intra": 3.5291695945089065, "phi_d": 0.3865256453529095, "gamma_fc": 0.16882559904640787}, "datetime": {"delta": 58.728526, "datetime": "2020-09-13 18:09:25", "elapsed": 18176.498501}}
{"target": -8662.339771261475, "params": {"epsilon_d": 3.710982077448176, "gamma_cf": 0.32841980940361026, "beta_rec": 0.939729355121513, "lr": 0.7077565804185851, "phi_s": 1.9887461010559326, "beta_enc": 0.8666417802564461, "s_cf": 0.9441380258387971, "k_intra": 3.527670437983815, "phi_d": 0.3886788771026957, "gamma_fc": 0.16946593027917842}, "datetime": {"delta": 56.559585, "datetime": "2020-09-13 18:10:21", "elapsed": 18233.058086}}
{"target": -8662.269947200179, "params": {"epsilon_d": 3.7117065876835085, "gamma_cf": 0.32939089031261803, "beta_rec": 0.9396849028290946, "lr": 0.7087836466101173, "phi_s": 1.9899814875885355, "beta_enc": 0.8664085495122167, "s_cf": 0.9442204911103337, "k_intra": 3.5339555541183785, "phi_d": 0.38933873435547206, "gamma_fc": 0.16921945019385717}, "datetime": {"delta": 59.555972, "datetime": "2020-09-13 18:11:21", "elapsed": 18292.614058}}
{"target": -8662.247001086665, "params": {"epsilon_d": 3.7100425247335265, "gamma_cf": 0.33152555268869227, "beta_rec": 0.9395832785934173, "lr": 0.7107521050768328, "phi_s": 1.9883488774024152, "beta_enc": 0.86523892985788, "s_cf": 0.9446534848014995, "k_intra": 3.5342360313365813, "phi_d": 0.3899027477657043, "gamma_fc": 0.16848117501826043}, "datetime": {"delta": 63.921916, "datetime": "2020-09-13 18:12:25", "elapsed": 18356.535974}}
{"target": -8662.099974134742, "params": {"epsilon_d": 3.7096244742567017, "gamma_cf": 0.33074223902982985, "beta_rec": 0.9414418791625488, "lr": 0.7087207360990896, "phi_s": 1.986768741196807, "beta_enc": 0.8661207208664324, "s_cf": 0.945133446158449, "k_intra": 3.5358518540324235, "phi_d": 0.3890043787048298, "gamma_fc": 0.16782639802042795}, "datetime": {"delta": 62.070923, "datetime": "2020-09-13 18:13:27", "elapsed": 18418.606897}}
{"target": -8661.97906767186, "params": {"epsilon_d": 3.7037741906137036, "gamma_cf": 0.3289474204967359, "beta_rec": 0.9492350300545147, "lr": 0.7072611005343844, "phi_s": 1.97851661783661, "beta_enc": 0.8663609245069891, "s_cf": 0.9466752817269527, "k_intra": 3.539997111791066, "phi_d": 0.38661846543888667, "gamma_fc": 0.1644548197924473}, "datetime": {"delta": 58.261747, "datetime": "2020-09-13 18:14:25", "elapsed": 18476.868644}}
{"target": -8662.030597787027, "params": {"epsilon_d": 3.704392698142282, "gamma_cf": 0.32987366800739204, "beta_rec": 0.9491150622673928, "lr": 0.7085775476610852, "phi_s": 1.9827711274436872, "beta_enc": 0.8651016991710135, "s_cf": 0.9457240827217533, "k_intra": 3.5382361126027515, "phi_d": 0.384935670308125, "gamma_fc": 0.16473604754250962}, "datetime": {"delta": 58.351486, "datetime": "2020-09-13 18:15:23", "elapsed": 18535.22013}}
{"target": -8662.162112045538, "params": {"epsilon_d": 3.7080652148141415, "gamma_cf": 0.3307116816409212, "beta_rec": 0.9458772728983876, "lr": 0.7081551892670969, "phi_s": 1.9776419115239539, "beta_enc": 0.8662923727169048, "s_cf": 0.9478259650627646, "k_intra": 3.5395837354331867, "phi_d": 0.389615490205852, "gamma_fc": 0.16833934731669153}, "datetime": {"delta": 58.412342, "datetime": "2020-09-13 18:16:22", "elapsed": 18593.632472}}
{"target": -8661.40070249416, "params": {"epsilon_d": 3.700130391980126, "gamma_cf": 0.3264657789179576, "beta_rec": 0.9432177664778505, "lr": 0.7058682692489818, "phi_s": 1.9856071887458426, "beta_enc": 0.8667121876475514, "s_cf": 0.9450602417105222, "k_intra": 3.542006527177813, "phi_d": 0.3853370716367941, "gamma_fc": 0.1574923567261922}, "datetime": {"delta": 58.951371, "datetime": "2020-09-13 18:17:21", "elapsed": 18652.583843}}
{"target": -8661.676198057463, "params": {"epsilon_d": 3.6896168639755276, "gamma_cf": 0.3222661254836101, "beta_rec": 0.9331405231679182, "lr": 0.7009649379576804, "phi_s": 1.9845144405476056, "beta_enc": 0.8665003704378103, "s_cf": 0.9506568628752504, "k_intra": 3.5492358583045154, "phi_d": 0.3835644843139799, "gamma_fc": 0.14528880886883558}, "datetime": {"delta": 63.257957, "datetime": "2020-09-13 18:18:24", "elapsed": 18715.8418}}
{"target": -8661.56266008504, "params": {"epsilon_d": 3.7021780693266755, "gamma_cf": 0.32351424799230055, "beta_rec": 0.9419225849617101, "lr": 0.7014881346358725, "phi_s": 1.9855231003057225, "beta_enc": 0.872932173034224, "s_cf": 0.9374866018043738, "k_intra": 3.5480346137373595, "phi_d": 0.38853960078181915, "gamma_fc": 0.14796511846171667}, "datetime": {"delta": 57.620421, "datetime": "2020-09-13 18:19:22", "elapsed": 18773.462221}}
{"target": -8661.223103783774, "params": {"epsilon_d": 3.69852776465557, "gamma_cf": 0.3217490127235678, "beta_rec": 0.940897151747845, "lr": 0.706226497943648, "phi_s": 1.9859387616288597, "beta_enc": 0.8716646438853897, "s_cf": 0.9450184128914784, "k_intra": 3.5452507797014796, "phi_d": 0.38330983239968747, "gamma_fc": 0.15357030196986668}, "datetime": {"delta": 59.167686, "datetime": "2020-09-13 18:20:21", "elapsed": 18832.629907}}
{"target": -8579.55814505826, "params": {"epsilon_d": 3.7354602170694076, "gamma_cf": 0.3870440616428276, "beta_rec": 0.9735505550058596, "lr": 0.5819960895068688, "phi_s": 2.236766627444176, "beta_enc": 0.2993876111863997, "s_cf": 0.404325557007591, "k_intra": 8.666723039280516, "phi_d": 0.9099767022526396, "gamma_fc": 0.1629156659398399}, "datetime": {"delta": 56.188946, "datetime": "2020-09-13 18:21:17", "elapsed": 18888.818853}}
{"target": -8661.219249295578, "params": {"epsilon_d": 3.6977964343094625, "gamma_cf": 0.31815377241664455, "beta_rec": 0.9399410470589965, "lr": 0.7107592450112432, "phi_s": 1.9853012902599625, "beta_enc": 0.8762756112467824, "s_cf": 0.94613190758257, "k_intra": 3.5438583942777817, "phi_d": 0.3812081151640919, "gamma_fc": 0.15418765796757505}, "datetime": {"delta": 55.982112, "datetime": "2020-09-13 18:22:13", "elapsed": 18944.800965}}
{"target": -8661.107327981847, "params": {"epsilon_d": 3.696360987175517, "gamma_cf": 0.3183541856670813, "beta_rec": 0.938817440450119, "lr": 0.710340345229441, "phi_s": 1.9857591784143358, "beta_enc": 0.8743384089645897, "s_cf": 0.9459219406842031, "k_intra": 3.5479512276094276, "phi_d": 0.37671281607451723, "gamma_fc": 0.1543627841357829}, "datetime": {"delta": 56.635216, "datetime": "2020-09-13 18:23:10", "elapsed": 19001.436181}}
{"target": -8661.452308194637, "params": {"epsilon_d": 3.693479545287677, "gamma_cf": 0.3166807843923601, "beta_rec": 0.9374941941766088, "lr": 0.7079244677047305, "phi_s": 1.9834765191071269, "beta_enc": 0.874231289270846, "s_cf": 0.9395226675322869, "k_intra": 3.55002527940307, "phi_d": 0.3769292467318144, "gamma_fc": 0.15576360627709918}, "datetime": {"delta": 58.169401, "datetime": "2020-09-13 18:24:08", "elapsed": 19059.605582}}
{"target": -8660.929064126864, "params": {"epsilon_d": 3.705399832983697, "gamma_cf": 0.3203576082842156, "beta_rec": 0.9408164452510774, "lr": 0.711885236278734, "phi_s": 1.9911758080899957, "beta_enc": 0.875108602141599, "s_cf": 0.9522131827738536, "k_intra": 3.5469582908459745, "phi_d": 0.3773043501775203, "gamma_fc": 0.15112829863763272}, "datetime": {"delta": 65.948313, "datetime": "2020-09-13 18:25:14", "elapsed": 19125.553895}}
{"target": -8660.667467593497, "params": {"epsilon_d": 3.701212589845268, "gamma_cf": 0.31984127227958564, "beta_rec": 0.9419793914286182, "lr": 0.7149787829925933, "phi_s": 1.99145749673982, "beta_enc": 0.8766792082542543, "s_cf": 0.9547731972627633, "k_intra": 3.549926401584533, "phi_d": 0.37916444707909946, "gamma_fc": 0.15017188441885043}, "datetime": {"delta": 63.476978, "datetime": "2020-09-13 18:26:17", "elapsed": 19189.030873}}
{"target": -8660.314970833191, "params": {"epsilon_d": 3.6917700989485978, "gamma_cf": 0.3162184720814024, "beta_rec": 0.9454028488559247, "lr": 0.7159954547185585, "phi_s": 1.999538563150932, "beta_enc": 0.8789178359242154, "s_cf": 0.9572576982775473, "k_intra": 3.5594136689781606, "phi_d": 0.3844107743168313, "gamma_fc": 0.151028182781986}, "datetime": {"delta": 60.518437, "datetime": "2020-09-13 18:27:18", "elapsed": 19249.54931}}
{"target": -8660.05467013597, "params": {"epsilon_d": 3.6880367688940052, "gamma_cf": 0.31533185386875684, "beta_rec": 0.9478155957148746, "lr": 0.7162884752117347, "phi_s": 2.0067696335532457, "beta_enc": 0.8791198632597512, "s_cf": 0.9582908194322698, "k_intra": 3.5619054080683683, "phi_d": 0.3845754673131953, "gamma_fc": 0.1541276006709191}, "datetime": {"delta": 67.463712, "datetime": "2020-09-13 18:28:25", "elapsed": 19317.013022}}
{"target": -8659.280867384721, "params": {"epsilon_d": 3.6803470448326703, "gamma_cf": 0.3187013006462034, "beta_rec": 0.9495602764346148, "lr": 0.7105435487178853, "phi_s": 2.011034726241906, "beta_enc": 0.8811600807475225, "s_cf": 0.9606355436643943, "k_intra": 3.562277954074418, "phi_d": 0.3821857260110982, "gamma_fc": 0.1557508666123399}, "datetime": {"delta": 59.374726, "datetime": "2020-09-13 18:29:24", "elapsed": 19376.387748}}
{"target": -8579.784987245785, "params": {"epsilon_d": 3.7325330729727404, "gamma_cf": 0.3862134550578784, "beta_rec": 0.9732566596363716, "lr": 0.5811381325576594, "phi_s": 2.235081754042109, "beta_enc": 0.2983245532348877, "s_cf": 0.4040118340430372, "k_intra": 8.665532057067677, "phi_d": 0.9083989270517459, "gamma_fc": 0.1617853902176712}, "datetime": {"delta": 58.640675, "datetime": "2020-09-13 18:30:23", "elapsed": 19435.028423}}
{"target": -8659.12485279784, "params": {"epsilon_d": 3.658767192791379, "gamma_cf": 0.3362187122000757, "beta_rec": 0.949534514335874, "lr": 0.7006410704924753, "phi_s": 2.0170216524804734, "beta_enc": 0.9008355754400517, "s_cf": 0.9659895195002194, "k_intra": 3.5616113226909154, "phi_d": 0.3775193312522304, "gamma_fc": 0.15891260220443496}, "datetime": {"delta": 62.579, "datetime": "2020-09-13 18:31:26", "elapsed": 19497.607423}}
{"target": -8658.362037460865, "params": {"epsilon_d": 3.6666308966336536, "gamma_cf": 0.3238693413848727, "beta_rec": 0.9506939011995168, "lr": 0.6993835686074711, "phi_s": 2.019040067332212, "beta_enc": 0.891937791467494, "s_cf": 0.9647006981567032, "k_intra": 3.563059509289719, "phi_d": 0.3790850414799161, "gamma_fc": 0.15895695391709966}, "datetime": {"delta": 63.723458, "datetime": "2020-09-13 18:32:29", "elapsed": 19561.330881}}
{"target": -8658.369502992324, "params": {"epsilon_d": 3.662807587867368, "gamma_cf": 0.31580032158058385, "beta_rec": 0.9521698856775647, "lr": 0.6856686217683022, "phi_s": 2.0260249844245832, "beta_enc": 0.894124006938436, "s_cf": 0.9710713291639622, "k_intra": 3.5614309718682424, "phi_d": 0.37886070870173344, "gamma_fc": 0.16237285949670494}, "datetime": {"delta": 60.272777, "datetime": "2020-09-13 18:33:30", "elapsed": 19621.603658}}
{"target": -8658.354309481922, "params": {"epsilon_d": 3.6666893325958445, "gamma_cf": 0.3191612969684354, "beta_rec": 0.9511633510799897, "lr": 0.6901845475139089, "phi_s": 2.021825254588691, "beta_enc": 0.8944052226234875, "s_cf": 0.9680327976528151, "k_intra": 3.5649783028382487, "phi_d": 0.3768148441875681, "gamma_fc": 0.16007033752988442}, "datetime": {"delta": 63.011031, "datetime": "2020-09-13 18:34:33", "elapsed": 19684.614689}}
{"target": -8658.245218998212, "params": {"epsilon_d": 3.659221992315809, "gamma_cf": 0.317891660194354, "beta_rec": 0.9532904210502143, "lr": 0.6898295996377805, "phi_s": 2.0273025803771194, "beta_enc": 0.8905770600725388, "s_cf": 0.9682887236348833, "k_intra": 3.5624466602747016, "phi_d": 0.3801535502796772, "gamma_fc": 0.16212048190160924}, "datetime": {"delta": 61.518709, "datetime": "2020-09-13 18:35:34", "elapsed": 19746.133398}}
{"target": -8580.610774299428, "params": {"epsilon_d": 3.734874271307393, "gamma_cf": 0.3875719797080998, "beta_rec": 0.977137775946494, "lr": 0.5831741873928455, "phi_s": 2.238156825657678, "beta_enc": 0.29753959680342534, "s_cf": 0.40642096017679535, "k_intra": 8.666989665608133, "phi_d": 0.911051141963677, "gamma_fc": 0.1620360187364324}, "datetime": {"delta": 67.693899, "datetime": "2020-09-13 18:36:42", "elapsed": 19813.827297}}
{"target": -8658.262394008223, "params": {"epsilon_d": 3.662896057426609, "gamma_cf": 0.3194234756386471, "beta_rec": 0.9534511905858177, "lr": 0.6876796982588214, "phi_s": 2.027771712812972, "beta_enc": 0.8900831597182761, "s_cf": 0.9670147776015868, "k_intra": 3.564002426913742, "phi_d": 0.37535888595550754, "gamma_fc": 0.1591383270464481}, "datetime": {"delta": 63.939967, "datetime": "2020-09-13 18:37:46", "elapsed": 19877.767264}}
