{"target": -8536.843112095154, "params": {"epsilon_d": 2.5389117429908707, "phi_d": 0.4587135914844972, "beta_rec": 0.9599477829437721, "gamma_cf": 0.5161929925355555, "k_intra": 5.60624037948221, "gamma_fc": 0.21130431021824292, "s_cf": 0.6732598148109232, "beta_enc": 0.31023731204411165, "phi_s": 2.067159390671184}, "datetime": {"delta": 40.872528, "elapsed": 8385.57198, "datetime": "2020-04-27 12:51:53"}}
{"target": -8533.397961897874, "params": {"epsilon_d": 2.5182025652171367, "phi_d": 0.4552926095974329, "beta_rec": 0.958448728157232, "gamma_cf": 0.5098536946033911, "k_intra": 5.615691577512556, "gamma_fc": 0.20787421273204917, "s_cf": 0.6898609792721522, "beta_enc": 0.3104936701752266, "phi_s": 2.092799555094279}, "datetime": {"delta": 39.549504, "elapsed": 8425.121484, "datetime": "2020-04-27 12:52:32"}}
{"target": -8529.768855098, "params": {"epsilon_d": 2.4897352264868897, "phi_d": 0.4458615324618361, "beta_rec": 0.9606576823097195, "gamma_cf": 0.5050904165838264, "k_intra": 5.628701141342043, "gamma_fc": 0.2006463457072691, "s_cf": 0.709859024285149, "beta_enc": 0.3154327870903259, "phi_s": 2.1249865624471553}, "datetime": {"delta": 40.181096, "elapsed": 8465.30258, "datetime": "2020-04-27 12:53:12"}}
{"target": -8530.229502077193, "params": {"epsilon_d": 2.4750560644244146, "phi_d": 0.4361811365606217, "beta_rec": 0.9644477562656673, "gamma_cf": 0.5010113086859803, "k_intra": 5.639198175136204, "gamma_fc": 0.19495986676163293, "s_cf": 0.7157199958986529, "beta_enc": 0.32091573735985185, "phi_s": 2.1392604132575785}, "datetime": {"delta": 40.34939, "elapsed": 8505.65197, "datetime": "2020-04-27 12:53:53"}}
{"target": -8527.51876580834, "params": {"epsilon_d": 2.482718877875887, "phi_d": 0.44708644403889947, "beta_rec": 0.9622315599803442, "gamma_cf": 0.5083352418406414, "k_intra": 5.6282827120880565, "gamma_fc": 0.19890080379863567, "s_cf": 0.72233748937731, "beta_enc": 0.31535968183600954, "phi_s": 2.137716216213923}, "datetime": {"delta": 41.986707, "elapsed": 8547.638677, "datetime": "2020-04-27 12:54:35"}}
{"target": -8524.927777116913, "params": {"epsilon_d": 2.477636392463264, "phi_d": 0.4501827756648568, "beta_rec": 0.9709282969817327, "gamma_cf": 0.5139434339894954, "k_intra": 5.625195645198854, "gamma_fc": 0.19560432209973722, "s_cf": 0.7482617756819708, "beta_enc": 0.3121961875712502, "phi_s": 2.1589076032985215}, "datetime": {"delta": 39.543048, "elapsed": 8587.181725, "datetime": "2020-04-27 12:55:14"}}
{"target": -8526.200938953558, "params": {"epsilon_d": 2.481269971732056, "phi_d": 0.4495534545782355, "beta_rec": 0.9758286509825318, "gamma_cf": 0.5120581521586588, "k_intra": 5.625382671178158, "gamma_fc": 0.19559571604541012, "s_cf": 0.752332392741651, "beta_enc": 0.30881897551822113, "phi_s": 2.1606135771692014}, "datetime": {"delta": 39.617749, "elapsed": 8626.799474, "datetime": "2020-04-27 12:55:54"}}
{"target": -8522.9554393302, "params": {"epsilon_d": 2.454232780055128, "phi_d": 0.45788773205735195, "beta_rec": 0.9571583296993968, "gamma_cf": 0.5275392274849049, "k_intra": 5.620159748749123, "gamma_fc": 0.18689953489823594, "s_cf": 0.7608527173138773, "beta_enc": 0.32871052094779657, "phi_s": 2.1746097827762103}, "datetime": {"delta": 40.784907, "elapsed": 8667.584381, "datetime": "2020-04-27 12:56:35"}}
{"target": -8522.765170404089, "params": {"epsilon_d": 2.4596819768490636, "phi_d": 0.4545985407664945, "beta_rec": 0.9596454227332292, "gamma_cf": 0.5286267132676137, "k_intra": 5.6210579783776184, "gamma_fc": 0.1883322613259584, "s_cf": 0.7566360960737791, "beta_enc": 0.3271059181516744, "phi_s": 2.171914811752188}, "datetime": {"delta": 41.084211, "elapsed": 8708.668592, "datetime": "2020-04-27 12:57:16"}}
{"target": -8522.323740970693, "params": {"epsilon_d": 2.460737864179113, "phi_d": 0.45391543024672903, "beta_rec": 0.9595770499170967, "gamma_cf": 0.5317113367190726, "k_intra": 5.619148339815832, "gamma_fc": 0.1905251441667892, "s_cf": 0.7543662462870336, "beta_enc": 0.327027967793833, "phi_s": 2.170578378324838}, "datetime": {"delta": 40.138666, "elapsed": 8748.807258, "datetime": "2020-04-27 12:57:56"}}
{"target": -8521.930060082645, "params": {"epsilon_d": 2.4558784266906155, "phi_d": 0.44835415105651616, "beta_rec": 0.965250395812066, "gamma_cf": 0.537589666968992, "k_intra": 5.613316809770745, "gamma_fc": 0.1970384299378331, "s_cf": 0.7539085171808336, "beta_enc": 0.3270758693381984, "phi_s": 2.1728003090423997}, "datetime": {"delta": 40.717332, "elapsed": 8789.52459, "datetime": "2020-04-27 12:58:36"}}
{"target": -8520.600782047384, "params": {"epsilon_d": 2.4551188059891342, "phi_d": 0.44815154521825434, "beta_rec": 0.9631763859523439, "gamma_cf": 0.5392557124300953, "k_intra": 5.614834215420514, "gamma_fc": 0.19779823920273198, "s_cf": 0.7545877484028469, "beta_enc": 0.32523592588710526, "phi_s": 2.173120648640792}, "datetime": {"delta": 41.304739, "elapsed": 8830.829329, "datetime": "2020-04-27 12:59:18"}}
{"target": -8519.061266513207, "params": {"epsilon_d": 2.4226061458950836, "phi_d": 0.4307989811212031, "beta_rec": 0.9387881657885414, "gamma_cf": 0.558523827293624, "k_intra": 5.6430202282329205, "gamma_fc": 0.2019722606667502, "s_cf": 0.7789968987068553, "beta_enc": 0.29290413678393323, "phi_s": 2.190999855682221}, "datetime": {"delta": 40.262302, "elapsed": 8871.091631, "datetime": "2020-04-27 12:59:58"}}
{"target": -8515.764104785509, "params": {"epsilon_d": 2.43952107626748, "phi_d": 0.4418399222128035, "beta_rec": 0.9487239169288585, "gamma_cf": 0.5504700258159209, "k_intra": 5.633933822512215, "gamma_fc": 0.20719501460161277, "s_cf": 0.7660901611357721, "beta_enc": 0.3053531641843383, "phi_s": 2.1813256636024962}, "datetime": {"delta": 39.867685, "elapsed": 8910.959316, "datetime": "2020-04-27 13:00:38"}}
{"target": -8516.675828815825, "params": {"epsilon_d": 2.439946007430983, "phi_d": 0.4530000611420947, "beta_rec": 0.9505882562153067, "gamma_cf": 0.5509270279895736, "k_intra": 5.644300002938166, "gamma_fc": 0.21861678479469837, "s_cf": 0.7660834191116779, "beta_enc": 0.30882300227320786, "phi_s": 2.187468485542241}, "datetime": {"delta": 41.213807, "elapsed": 8952.173123, "datetime": "2020-04-27 13:01:19"}}
{"target": -8516.810760901764, "params": {"epsilon_d": 2.4431399996499943, "phi_d": 0.44390910499149633, "beta_rec": 0.9460872244840508, "gamma_cf": 0.5505287670674706, "k_intra": 5.634196452474047, "gamma_fc": 0.21336073447720144, "s_cf": 0.7684455825882192, "beta_enc": 0.305767115071256, "phi_s": 2.172627238626178}, "datetime": {"delta": 42.370716, "elapsed": 8994.543839, "datetime": "2020-04-27 13:02:01"}}
{"target": -8519.864597279442, "params": {"epsilon_d": 2.4411990942903827, "phi_d": 0.45066139595070115, "beta_rec": 0.9482776767500529, "gamma_cf": 0.549910920028873, "k_intra": 5.631831156017617, "gamma_fc": 0.20672018664168973, "s_cf": 0.7533918541034234, "beta_enc": 0.29705930805924086, "phi_s": 2.1927161787451204}, "datetime": {"delta": 41.731308, "elapsed": 9036.275147, "datetime": "2020-04-27 13:02:43"}}
{"target": -8515.081788323861, "params": {"epsilon_d": 2.4278249594285852, "phi_d": 0.4324873779373855, "beta_rec": 0.9673065345532992, "gamma_cf": 0.5577106616971592, "k_intra": 5.656311043549146, "gamma_fc": 0.20272595273704003, "s_cf": 0.7780823879357813, "beta_enc": 0.32002975639556663, "phi_s": 2.182744268427322}, "datetime": {"delta": 39.118592, "elapsed": 9075.393739, "datetime": "2020-04-27 13:03:22"}}
{"target": -8514.570538746428, "params": {"epsilon_d": 2.4348814023736, "phi_d": 0.42661628043240907, "beta_rec": 0.9528508115728211, "gamma_cf": 0.5487532424737076, "k_intra": 5.6492638561126425, "gamma_fc": 0.2113630503216695, "s_cf": 0.7792198780644071, "beta_enc": 0.32341475398479463, "phi_s": 2.193683558212492}, "datetime": {"delta": 42.965613, "elapsed": 9118.359352, "datetime": "2020-04-27 13:04:05"}}
{"target": -8514.281419694242, "params": {"epsilon_d": 2.4341521813508407, "phi_d": 0.432072274403983, "beta_rec": 0.9549046411933841, "gamma_cf": 0.5483682596892457, "k_intra": 5.648432745980406, "gamma_fc": 0.20961569178406933, "s_cf": 0.7755136518135471, "beta_enc": 0.32012270142888966, "phi_s": 2.186984920445349}, "datetime": {"delta": 39.83517, "elapsed": 9158.194522, "datetime": "2020-04-27 13:04:45"}}
{"target": -8514.315820715135, "params": {"epsilon_d": 2.434159154643266, "phi_d": 0.43314090864915183, "beta_rec": 0.9562091969100094, "gamma_cf": 0.5470402917027889, "k_intra": 5.648258201429935, "gamma_fc": 0.20987658153654895, "s_cf": 0.7776647802837581, "beta_enc": 0.3204906585182508, "phi_s": 2.187426598971536}, "datetime": {"delta": 40.291375, "elapsed": 9198.485897, "datetime": "2020-04-27 13:05:25"}}
{"target": -8514.292746421415, "params": {"epsilon_d": 2.430388853754145, "phi_d": 0.42986558736383, "beta_rec": 0.9609428284058756, "gamma_cf": 0.5510959237248281, "k_intra": 5.649544101097134, "gamma_fc": 0.20988719167667283, "s_cf": 0.7785195273645936, "beta_enc": 0.31936458544454566, "phi_s": 2.191686376235266}, "datetime": {"delta": 40.970111, "elapsed": 9239.456008, "datetime": "2020-04-27 13:06:06"}}
{"target": -8513.293419041633, "params": {"epsilon_d": 2.4299723697125635, "phi_d": 0.43411969375170456, "beta_rec": 0.955960734357499, "gamma_cf": 0.5500222360017187, "k_intra": 5.6513941544656285, "gamma_fc": 0.21018735152955426, "s_cf": 0.7792199480962909, "beta_enc": 0.3176424657365186, "phi_s": 2.1936597168913345}, "datetime": {"delta": 42.694315, "elapsed": 9282.150323, "datetime": "2020-04-27 13:06:49"}}
{"target": -8512.55005283036, "params": {"epsilon_d": 2.4222721140961534, "phi_d": 0.44053053353495225, "beta_rec": 0.9587557764011444, "gamma_cf": 0.5460788380800877, "k_intra": 5.6542750613493595, "gamma_fc": 0.20808862006395473, "s_cf": 0.7892136840676094, "beta_enc": 0.3211103371268899, "phi_s": 2.2000243592881974}, "datetime": {"delta": 41.212045, "elapsed": 9323.362368, "datetime": "2020-04-27 13:07:30"}}
{"target": -8510.990973374066, "params": {"epsilon_d": 2.4108838145094973, "phi_d": 0.4407862546453329, "beta_rec": 0.9585257786221046, "gamma_cf": 0.5427690429503069, "k_intra": 5.659119677048649, "gamma_fc": 0.20737268609658854, "s_cf": 0.800878498891069, "beta_enc": 0.32097766012088286, "phi_s": 2.210904515492227}, "datetime": {"delta": 42.677901, "elapsed": 9366.040269, "datetime": "2020-04-27 13:08:13"}}
{"target": -8509.997616818835, "params": {"epsilon_d": 2.3866668951595593, "phi_d": 0.4407866903581087, "beta_rec": 0.959829458193014, "gamma_cf": 0.5346166837416223, "k_intra": 5.669242878536985, "gamma_fc": 0.20663462968248822, "s_cf": 0.8194837871750702, "beta_enc": 0.32510862349723846, "phi_s": 2.230381385098433}, "datetime": {"delta": 40.882044, "elapsed": 9406.922313, "datetime": "2020-04-27 13:08:54"}}
{"target": -8509.711089385653, "params": {"epsilon_d": 2.387669895180079, "phi_d": 0.44256732314778524, "beta_rec": 0.9588044973621367, "gamma_cf": 0.5357915074337382, "k_intra": 5.669788236549656, "gamma_fc": 0.20834390651349569, "s_cf": 0.820833237238007, "beta_enc": 0.32432380283642626, "phi_s": 2.228386227019775}, "datetime": {"delta": 43.446961, "elapsed": 9450.369274, "datetime": "2020-04-27 13:09:37"}}
{"target": -8509.51785456963, "params": {"epsilon_d": 2.3869691341713475, "phi_d": 0.44428961616232365, "beta_rec": 0.9562518672454551, "gamma_cf": 0.5362676483908653, "k_intra": 5.672565132827284, "gamma_fc": 0.20877186616418317, "s_cf": 0.8278584234896162, "beta_enc": 0.3269161211023497, "phi_s": 2.2313249305269354}, "datetime": {"delta": 39.661296, "elapsed": 9490.03057, "datetime": "2020-04-27 13:10:17"}}
{"target": -8509.153396197491, "params": {"epsilon_d": 2.388315808293983, "phi_d": 0.4435162198596991, "beta_rec": 0.9560688222388263, "gamma_cf": 0.5381356653735403, "k_intra": 5.671877692903625, "gamma_fc": 0.2063442642085244, "s_cf": 0.8316799724471757, "beta_enc": 0.32729362354854974, "phi_s": 2.2298866528641623}, "datetime": {"delta": 42.268479, "elapsed": 9532.299049, "datetime": "2020-04-27 13:10:59"}}
{"target": -8508.756904801738, "params": {"epsilon_d": 2.3879685890174835, "phi_d": 0.4437224446705577, "beta_rec": 0.9580827734346783, "gamma_cf": 0.5401597013750778, "k_intra": 5.669085011665813, "gamma_fc": 0.2033951330182947, "s_cf": 0.8367430779524513, "beta_enc": 0.3270674627294757, "phi_s": 2.2298759830876453}, "datetime": {"delta": 41.610082, "elapsed": 9573.909131, "datetime": "2020-04-27 13:11:41"}}
{"target": -8507.971670120744, "params": {"epsilon_d": 2.3875621260954007, "phi_d": 0.4458959010203779, "beta_rec": 0.9603857465099711, "gamma_cf": 0.541549019738494, "k_intra": 5.666062981080845, "gamma_fc": 0.2025592333303287, "s_cf": 0.8454436140693524, "beta_enc": 0.32644124503603406, "phi_s": 2.2363362875578447}, "datetime": {"delta": 41.307579, "elapsed": 9615.21671, "datetime": "2020-04-27 13:12:22"}}
{"target": -8506.746617134893, "params": {"epsilon_d": 2.3835031602511556, "phi_d": 0.44852949533004555, "beta_rec": 0.9636050905715483, "gamma_cf": 0.5433718609081636, "k_intra": 5.66393646492086, "gamma_fc": 0.20319775991603264, "s_cf": 0.8543997172946975, "beta_enc": 0.3245401114079622, "phi_s": 2.247589021112083}, "datetime": {"delta": 41.056251, "elapsed": 9656.272961, "datetime": "2020-04-27 13:13:03"}}
{"target": -8505.844086316432, "params": {"epsilon_d": 2.3769375281022063, "phi_d": 0.4520750453358521, "beta_rec": 0.9711478295612368, "gamma_cf": 0.5481776654014389, "k_intra": 5.665794176591992, "gamma_fc": 0.20547132336485235, "s_cf": 0.8637365619740912, "beta_enc": 0.32177294945327345, "phi_s": 2.2660500347886785}, "datetime": {"delta": 44.205278, "elapsed": 9700.478239, "datetime": "2020-04-27 13:13:47"}}
{"target": -8505.419704484728, "params": {"epsilon_d": 2.375939153838081, "phi_d": 0.4524194695237384, "beta_rec": 0.972155341748246, "gamma_cf": 0.550589912698807, "k_intra": 5.671434768760453, "gamma_fc": 0.204482296220693, "s_cf": 0.8679232040335224, "beta_enc": 0.3221151763700064, "phi_s": 2.2690343372799173}, "datetime": {"delta": 40.515179, "elapsed": 9740.993418, "datetime": "2020-04-27 13:14:28"}}
{"target": -8504.725935079177, "params": {"epsilon_d": 2.372915015224791, "phi_d": 0.4524267447234317, "beta_rec": 0.9732661132880928, "gamma_cf": 0.5496575901664867, "k_intra": 5.679382954133836, "gamma_fc": 0.19762549528587006, "s_cf": 0.8728222967971319, "beta_enc": 0.32083696443829124, "phi_s": 2.2738800511374255}, "datetime": {"delta": 43.065204, "elapsed": 9784.058622, "datetime": "2020-04-27 13:15:11"}}
{"target": -8504.477512507741, "params": {"epsilon_d": 2.37132710780086, "phi_d": 0.4524907169580462, "beta_rec": 0.9737900932226498, "gamma_cf": 0.5440836045542967, "k_intra": 5.686062635309082, "gamma_fc": 0.19308687160167742, "s_cf": 0.8781095327529831, "beta_enc": 0.3181663079597113, "phi_s": 2.2816479913741388}, "datetime": {"delta": 42.017511, "elapsed": 9826.076133, "datetime": "2020-04-27 13:15:53"}}
{"target": -8504.708625268791, "params": {"epsilon_d": 2.3712799917825933, "phi_d": 0.45390584199826195, "beta_rec": 0.974426573247572, "gamma_cf": 0.5451607483739693, "k_intra": 5.685758513572513, "gamma_fc": 0.1935488115528633, "s_cf": 0.8789937319445414, "beta_enc": 0.31957257662956207, "phi_s": 2.2801813231874286}, "datetime": {"delta": 41.971509, "elapsed": 9868.047642, "datetime": "2020-04-27 13:16:35"}}
{"target": -8504.287279475175, "params": {"epsilon_d": 2.371539071954943, "phi_d": 0.44989189775197563, "beta_rec": 0.9732892758501874, "gamma_cf": 0.5459159401383913, "k_intra": 5.682771957212659, "gamma_fc": 0.19279131652297207, "s_cf": 0.877096994807753, "beta_enc": 0.31679047948265937, "phi_s": 2.2802040500061294}, "datetime": {"delta": 42.578061, "elapsed": 9910.625703, "datetime": "2020-04-27 13:17:18"}}
{"target": -8503.735850253954, "params": {"epsilon_d": 2.3727280671602355, "phi_d": 0.44386907051464575, "beta_rec": 0.9716725210112178, "gamma_cf": 0.5454001046164871, "k_intra": 5.684265695786964, "gamma_fc": 0.19127291115474018, "s_cf": 0.8778952664725119, "beta_enc": 0.3148089072188989, "phi_s": 2.284011170507712}, "datetime": {"delta": 43.010166, "elapsed": 9953.635869, "datetime": "2020-04-27 13:18:01"}}
{"target": -8502.734135990648, "params": {"epsilon_d": 2.3756797855854788, "phi_d": 0.43699025316485607, "beta_rec": 0.9685045993449303, "gamma_cf": 0.5451838700320061, "k_intra": 5.684652227068967, "gamma_fc": 0.19306377288668486, "s_cf": 0.8784796263433221, "beta_enc": 0.3177788898947502, "phi_s": 2.290788334271675}, "datetime": {"delta": 42.844505, "elapsed": 9996.480374, "datetime": "2020-04-27 13:18:43"}}
{"target": -8502.732438063877, "params": {"epsilon_d": 2.3752542929945495, "phi_d": 0.43278922765327194, "beta_rec": 0.9648831426629983, "gamma_cf": 0.5475260125646596, "k_intra": 5.6842197467064715, "gamma_fc": 0.19234295789424405, "s_cf": 0.8848484278894004, "beta_enc": 0.3269679154401971, "phi_s": 2.3036396784219977}, "datetime": {"delta": 42.560166, "elapsed": 10039.04054, "datetime": "2020-04-27 13:19:26"}}
{"target": -8502.369041155307, "params": {"epsilon_d": 2.3784947833212744, "phi_d": 0.4315247976702981, "beta_rec": 0.9680309294092494, "gamma_cf": 0.5465761356977206, "k_intra": 5.685672754979932, "gamma_fc": 0.19521186785380448, "s_cf": 0.8849671913659416, "beta_enc": 0.3223303418243224, "phi_s": 2.302651891682812}, "datetime": {"delta": 45.12503, "elapsed": 10084.16557, "datetime": "2020-04-27 13:20:11"}}
{"target": -8503.256949582312, "params": {"epsilon_d": 2.380197405980452, "phi_d": 0.4324509191937869, "beta_rec": 0.9718119612053407, "gamma_cf": 0.5479450727607124, "k_intra": 5.689666198352404, "gamma_fc": 0.19569673949465688, "s_cf": 0.8851761548966238, "beta_enc": 0.3226918454145425, "phi_s": 2.2992013667152875}, "datetime": {"delta": 45.579499, "elapsed": 10129.745069, "datetime": "2020-04-27 13:20:57"}}
{"target": -8500.359566874293, "params": {"epsilon_d": 2.371986745816963, "phi_d": 0.4340978635720768, "beta_rec": 0.9557372812068177, "gamma_cf": 0.5418183743699935, "k_intra": 5.682606582156021, "gamma_fc": 0.19750333184965263, "s_cf": 0.8899244231090628, "beta_enc": 0.318745522952468, "phi_s": 2.30971143681631}, "datetime": {"delta": 41.600566, "elapsed": 10171.345635, "datetime": "2020-04-27 13:21:38"}}
{"target": -8501.209803988762, "params": {"epsilon_d": 2.3613363793015156, "phi_d": 0.43602498093988296, "beta_rec": 0.9421395016595113, "gamma_cf": 0.5362849294682677, "k_intra": 5.687919438404556, "gamma_fc": 0.20580665225969916, "s_cf": 0.9147679774552767, "beta_enc": 0.3130763631383132, "phi_s": 2.3266523215297297}, "datetime": {"delta": 43.604029, "elapsed": 10214.949664, "datetime": "2020-04-27 13:22:22"}}
{"target": -8501.469092831288, "params": {"epsilon_d": 2.3772477779535643, "phi_d": 0.43851004458982457, "beta_rec": 0.9427002436953665, "gamma_cf": 0.5374870478968445, "k_intra": 5.682645475391696, "gamma_fc": 0.20205493508514777, "s_cf": 0.8904009570087213, "beta_enc": 0.3120202465931917, "phi_s": 2.3178522249122455}, "datetime": {"delta": 42.981245, "elapsed": 10257.930909, "datetime": "2020-04-27 13:23:05"}}
{"target": -8501.038395301499, "params": {"epsilon_d": 2.3593552513993328, "phi_d": 0.42856009878644324, "beta_rec": 0.9543975249608897, "gamma_cf": 0.53731347762921, "k_intra": 5.681722257841545, "gamma_fc": 0.20482801416161842, "s_cf": 0.9018297635034271, "beta_enc": 0.3167974381386623, "phi_s": 2.317990080470277}, "datetime": {"delta": 44.273427, "elapsed": 10302.204336, "datetime": "2020-04-27 13:23:49"}}
{"target": -8500.004402002754, "params": {"epsilon_d": 2.36801594176533, "phi_d": 0.43692357273313426, "beta_rec": 0.9488613467283381, "gamma_cf": 0.5422012902648872, "k_intra": 5.681586607190178, "gamma_fc": 0.20100392701132347, "s_cf": 0.9022809800829609, "beta_enc": 0.31991802070356873, "phi_s": 2.31004108925755}, "datetime": {"delta": 45.877264, "elapsed": 10348.0816, "datetime": "2020-04-27 13:24:35"}}
{"target": -8499.540039807063, "params": {"epsilon_d": 2.368491234152232, "phi_d": 0.4380433406724434, "beta_rec": 0.945776924901776, "gamma_cf": 0.5413303800726826, "k_intra": 5.681451517153088, "gamma_fc": 0.1975644002643696, "s_cf": 0.9116271382901948, "beta_enc": 0.3169095924695999, "phi_s": 2.312427310495217}, "datetime": {"delta": 45.226838, "elapsed": 10393.308438, "datetime": "2020-04-27 13:25:20"}}
{"target": -8499.48745357412, "params": {"epsilon_d": 2.371430362962552, "phi_d": 0.43614171292557435, "beta_rec": 0.9501084846258503, "gamma_cf": 0.5446558846225062, "k_intra": 5.674483769594858, "gamma_fc": 0.19535287327985112, "s_cf": 0.9124932163760116, "beta_enc": 0.31424259188140363, "phi_s": 2.3095074668858397}, "datetime": {"delta": 43.46818, "elapsed": 10436.776618, "datetime": "2020-04-27 13:26:04"}}
{"target": -8498.754018661986, "params": {"epsilon_d": 2.3672873072266665, "phi_d": 0.4406229884692935, "beta_rec": 0.9493806779532146, "gamma_cf": 0.5477323861143125, "k_intra": 5.67826960775911, "gamma_fc": 0.1941027858669414, "s_cf": 0.9155038233109533, "beta_enc": 0.31355305043722015, "phi_s": 2.3136236489635045}, "datetime": {"delta": 45.640313, "elapsed": 10482.416931, "datetime": "2020-04-27 13:26:49"}}
{"target": -8497.443327981056, "params": {"epsilon_d": 2.3636620261194223, "phi_d": 0.44201045769508773, "beta_rec": 0.9470843714720553, "gamma_cf": 0.5569448434268068, "k_intra": 5.678517920357726, "gamma_fc": 0.18881779044893593, "s_cf": 0.9180034882559858, "beta_enc": 0.3135903352932009, "phi_s": 2.318415979101803}, "datetime": {"delta": 42.716031, "elapsed": 10525.132962, "datetime": "2020-04-27 13:27:32"}}
{"target": -8496.094421975413, "params": {"epsilon_d": 2.3575732886914462, "phi_d": 0.4412638047055049, "beta_rec": 0.9421363759125758, "gamma_cf": 0.5738556488933025, "k_intra": 5.68154400486326, "gamma_fc": 0.18205625497866174, "s_cf": 0.9284106985520576, "beta_enc": 0.3126429225492382, "phi_s": 2.329689010513934}, "datetime": {"delta": 43.870866, "elapsed": 10569.003828, "datetime": "2020-04-27 13:28:16"}}
