{"target": 6.936888888888889, "params": {"beta_rec": 0.7203244934421581, "beta_enc": 0.417022004702574, "cue_position": 1.0, "gamma_fc": 0.30233257263183977}, "datetime": {"elapsed": 0.0, "delta": 0.0, "datetime": "2021-08-25 13:02:51"}}
{"target": 6.988666666666667, "params": {"beta_rec": 0.0923385947687978, "beta_enc": 0.14675589081711304, "cue_position": 1.0, "gamma_fc": 0.34556072704304774}, "datetime": {"elapsed": 35.434122, "delta": 35.434122, "datetime": "2021-08-25 13:03:26"}}
{"target": 6.853111111111112, "params": {"beta_rec": 0.538816734003357, "beta_enc": 0.39676747423066994, "cue_position": 1.0, "gamma_fc": 0.6852195003967595}, "datetime": {"elapsed": 70.409892, "delta": 34.97577, "datetime": "2021-08-25 13:04:01"}}
{"target": 6.931777777777778, "params": {"beta_rec": 0.8781174363909454, "beta_enc": 0.20445224973151743, "cue_position": 1.0, "gamma_fc": 0.6704675101784022}, "datetime": {"elapsed": 105.694826, "delta": 35.284934, "datetime": "2021-08-25 13:04:36"}}
{"target": 7.001555555555557, "params": {"beta_rec": 0.5586898284457517, "beta_enc": 0.41730480236712697, "cue_position": 1.0, "gamma_fc": 0.1981014890848788}, "datetime": {"elapsed": 141.06096, "delta": 35.366134, "datetime": "2021-08-25 13:05:12"}}
{"target": 5.899111111111111, "params": {"beta_rec": 0.9682615757193975, "beta_enc": 0.8007445686755367, "cue_position": 1.0, "gamma_fc": 0.6923226156693141}, "datetime": {"elapsed": 173.109157, "delta": 32.048197, "datetime": "2021-08-25 13:05:44"}}
{"target": 7.767555555555555, "params": {"beta_rec": 0.8946066635038473, "beta_enc": 0.8763891522960383, "cue_position": 1.0, "gamma_fc": 0.03905478323288236}, "datetime": {"elapsed": 210.679754, "delta": 37.570597, "datetime": "2021-08-25 13:06:21"}}
{"target": 6.921555555555555, "params": {"beta_rec": 0.8781425034294131, "beta_enc": 0.1698304195645689, "cue_position": 1.0, "gamma_fc": 0.42110762500505217}, "datetime": {"elapsed": 245.841048, "delta": 35.161294, "datetime": "2021-08-25 13:06:57"}}
{"target": 4.527555555555556, "params": {"beta_rec": 0.5331652849730171, "beta_enc": 0.9578895301505019, "cue_position": 1.0, "gamma_fc": 0.31551563100606295}, "datetime": {"elapsed": 273.547527, "delta": 27.706479, "datetime": "2021-08-25 13:07:24"}}
{"target": 6.231777777777778, "params": {"beta_rec": 0.8346256718973729, "beta_enc": 0.6865009276815837, "cue_position": 1.0, "gamma_fc": 0.7501443149449675}, "datetime": {"elapsed": 306.606519, "delta": 33.058992, "datetime": "2021-08-25 13:07:57"}}
{"target": 2.4833333333333334, "params": {"beta_rec": 0.7481656543798394, "beta_enc": 0.9888610889064947, "cue_position": 1.0, "gamma_fc": 0.7892793284514885}, "datetime": {"elapsed": 327.778646, "delta": 21.172127, "datetime": "2021-08-25 13:08:19"}}
{"target": 6.998888888888888, "params": {"beta_rec": 0.44789352617590517, "beta_enc": 0.10322600657764203, "cue_position": 1.0, "gamma_fc": 0.2936141483736795}, "datetime": {"elapsed": 363.196598, "delta": 35.417952, "datetime": "2021-08-25 13:08:54"}}
{"target": 6.925111111111112, "params": {"beta_rec": 0.13002857211827767, "beta_enc": 0.28777533858634874, "cue_position": 1.0, "gamma_fc": 0.678835532939891}, "datetime": {"elapsed": 398.384767, "delta": 35.188169, "datetime": "2021-08-25 13:09:29"}}
{"target": 7.001555555555555, "params": {"beta_rec": 0.2655466593722262, "beta_enc": 0.21162811600005904, "cue_position": 1.0, "gamma_fc": 0.053362545117080384}, "datetime": {"elapsed": 433.816015, "delta": 35.431248, "datetime": "2021-08-25 13:10:05"}}
{"target": 6.079777777777778, "params": {"beta_rec": 0.14672857490581015, "beta_enc": 0.5741176054920131, "cue_position": 1.0, "gamma_fc": 0.6997583600209312}, "datetime": {"elapsed": 466.369196, "delta": 32.553181, "datetime": "2021-08-25 13:10:37"}}
{"target": 6.952222222222223, "params": {"beta_rec": 0.4140559878195683, "beta_enc": 0.10233442882782584, "cue_position": 1.0, "gamma_fc": 0.41417926952690265}, "datetime": {"elapsed": 501.537066, "delta": 35.16787, "datetime": "2021-08-25 13:11:12"}}
{"target": 7.0088888888888885, "params": {"beta_rec": 0.5358964059155116, "beta_enc": 0.04995345894608716, "cue_position": 1.0, "gamma_fc": 0.5148891120583086}, "datetime": {"elapsed": 536.842353, "delta": 35.305287, "datetime": "2021-08-25 13:11:48"}}
{"target": 5.358666666666666, "params": {"beta_rec": 0.5865550405019929, "beta_enc": 0.9445947559908133, "cue_position": 1.0, "gamma_fc": 0.13747470414623753}, "datetime": {"elapsed": 567.117076, "delta": 30.274723, "datetime": "2021-08-25 13:12:18"}}
{"target": 6.968666666666667, "params": {"beta_rec": 0.8073912887095238, "beta_enc": 0.13927634725075855, "cue_position": 1.0, "gamma_fc": 0.16535419711693278}, "datetime": {"elapsed": 602.422208, "delta": 35.305132, "datetime": "2021-08-25 13:12:53"}}
{"target": 3.685111111111111, "params": {"beta_rec": 0.34776585974550656, "beta_enc": 0.9275085803960339, "cue_position": 1.0, "gamma_fc": 0.7259979853504515}, "datetime": {"elapsed": 627.470457, "delta": 25.048249, "datetime": "2021-08-25 13:13:18"}}
{"target": 5.823777777777778, "params": {"beta_rec": 0.6236722070556089, "beta_enc": 0.8833060912058098, "cue_position": 1.0, "gamma_fc": 0.34889834197784253}, "datetime": {"elapsed": 659.167332, "delta": 31.696875, "datetime": "2021-08-25 13:13:50"}}
{"target": 6.901555555555556, "params": {"beta_rec": 0.8958862181960668, "beta_enc": 0.2699278917650261, "cue_position": 1.0, "gamma_fc": 0.9648400471483856}, "datetime": {"elapsed": 694.20369, "delta": 35.036358, "datetime": "2021-08-25 13:14:25"}}
{"target": 5.957111111111111, "params": {"beta_rec": 0.6216957202091218, "beta_enc": 0.6634414978184481, "cue_position": 1.0, "gamma_fc": 0.9494892587070712}, "datetime": {"elapsed": 726.361495, "delta": 32.157805, "datetime": "2021-08-25 13:14:57"}}
{"target": 7.021777777777777, "params": {"beta_rec": 0.5783896143871318, "beta_enc": 0.4499121334799405, "cue_position": 1.0, "gamma_fc": 0.2370269802430277}, "datetime": {"elapsed": 761.692713, "delta": 35.331218, "datetime": "2021-08-25 13:15:32"}}
{"target": 4.64, "params": {"beta_rec": 0.5736794866722859, "beta_enc": 0.9033795205622538, "cue_position": 1.0, "gamma_fc": 0.6171449136207239}, "datetime": {"elapsed": 789.816763, "delta": 28.12405, "datetime": "2021-08-25 13:16:01"}}
{"target": 6.980666666666667, "params": {"beta_rec": 0.5270581022576093, "beta_enc": 0.32664490177209615, "cue_position": 1.0, "gamma_fc": 0.35726976000249977}, "datetime": {"elapsed": 825.04701, "delta": 35.230247, "datetime": "2021-08-25 13:16:36"}}
{"target": 3.7359999999999998, "params": {"beta_rec": 0.6233601157918027, "beta_enc": 0.9085351509197992, "cue_position": 1.0, "gamma_fc": 0.9294372337437613}, "datetime": {"elapsed": 850.251893, "delta": 25.204883, "datetime": "2021-08-25 13:17:01"}}
{"target": 6.943111111111111, "params": {"beta_rec": 0.9973228504514805, "beta_enc": 0.690896917516924, "cue_position": 1.0, "gamma_fc": 0.13713574962887776}, "datetime": {"elapsed": 885.39907, "delta": 35.147177, "datetime": "2021-08-25 13:17:36"}}
{"target": 3.929555555555555, "params": {"beta_rec": 0.6968181614899002, "beta_enc": 0.9325954630371636, "cue_position": 1.0, "gamma_fc": 0.7554630526024664}, "datetime": {"elapsed": 911.221965, "delta": 25.822895, "datetime": "2021-08-25 13:18:02"}}
{"target": 7.294888888888889, "params": {"beta_rec": 0.9230245355464833, "beta_enc": 0.7538761884612464, "cue_position": 1.0, "gamma_fc": 0.1242709619721647}, "datetime": {"elapsed": 947.440843, "delta": 36.218878, "datetime": "2021-08-25 13:18:38"}}
{"target": 7.034444444444444, "params": {"beta_rec": 0.026210986877719278, "beta_enc": 0.01988013383979559, "cue_position": 1.0, "gamma_fc": 0.2462110676030459}, "datetime": {"elapsed": 982.875555, "delta": 35.434712, "datetime": "2021-08-25 13:19:14"}}
{"target": 4.431333333333333, "params": {"beta_rec": 0.5388310643416528, "beta_enc": 0.860027948682888, "cue_position": 1.0, "gamma_fc": 0.8420308923596057}, "datetime": {"elapsed": 1010.279223, "delta": 27.403668, "datetime": "2021-08-25 13:19:41"}}
{"target": 6.992444444444445, "params": {"beta_rec": 0.2791836790111395, "beta_enc": 0.12417331511991114, "cue_position": 1.0, "gamma_fc": 0.9695957483196745}, "datetime": {"elapsed": 1045.541459, "delta": 35.262236, "datetime": "2021-08-25 13:20:16"}}
{"target": 5.734888888888889, "params": {"beta_rec": 0.01864728937294302, "beta_enc": 0.56103021925571, "cue_position": 1.0, "gamma_fc": 0.23297427384102043}, "datetime": {"elapsed": 1077.065563, "delta": 31.524104, "datetime": "2021-08-25 13:20:48"}}
{"target": 4.936222222222222, "params": {"beta_rec": 0.38786064406417176, "beta_enc": 0.8071051956187791, "cue_position": 1.0, "gamma_fc": 0.7471216427371846}, "datetime": {"elapsed": 1106.128909, "delta": 29.063346, "datetime": "2021-08-25 13:21:17"}}
{"target": 6.252666666666667, "params": {"beta_rec": 0.13645522566068502, "beta_enc": 0.5562402339904189, "cue_position": 1.0, "gamma_fc": 0.12134345574073735}, "datetime": {"elapsed": 1139.15957, "delta": 33.030661, "datetime": "2021-08-25 13:21:50"}}
{"target": 6.946444444444445, "params": {"beta_rec": 0.1074941291060929, "beta_enc": 0.044551878544761725, "cue_position": 1.0, "gamma_fc": 0.7129889803826767}, "datetime": {"elapsed": 1174.347099, "delta": 35.187529, "datetime": "2021-08-25 13:22:25"}}
{"target": 5.742444444444445, "params": {"beta_rec": 0.012555980159115854, "beta_enc": 0.5597169820541424, "cue_position": 1.0, "gamma_fc": 0.967276330000272}, "datetime": {"elapsed": 1205.901991, "delta": 31.554892, "datetime": "2021-08-25 13:22:57"}}
{"target": 6.260222222222223, "params": {"beta_rec": 0.20329323466099047, "beta_enc": 0.5681004619199421, "cue_position": 1.0, "gamma_fc": 0.7438258540750929}, "datetime": {"elapsed": 1238.946877, "delta": 33.044886, "datetime": "2021-08-25 13:23:30"}}
{"target": 6.946888888888888, "params": {"beta_rec": 0.5813589272732578, "beta_enc": 0.1954294811093188, "cue_position": 1.0, "gamma_fc": 0.8468288014900353}, "datetime": {"elapsed": 1274.606945, "delta": 35.660068, "datetime": "2021-08-25 13:24:05"}}
{"target": 6.921777777777777, "params": {"beta_rec": 0.49376971426872995, "beta_enc": 0.23984775914758616, "cue_position": 1.0, "gamma_fc": 0.8289808995501787}, "datetime": {"elapsed": 1309.684034, "delta": 35.077089, "datetime": "2021-08-25 13:24:40"}}
{"target": 6.970888888888889, "params": {"beta_rec": 0.018576202177409518, "beta_enc": 0.15679139464608427, "cue_position": 1.0, "gamma_fc": 0.4863451109370318}, "datetime": {"elapsed": 1344.878466, "delta": 35.194432, "datetime": "2021-08-25 13:25:16"}}
{"target": 6.147777777777778, "params": {"beta_rec": 0.5688514370864813, "beta_enc": 0.6063294616533303, "cue_position": 1.0, "gamma_fc": 0.9886161544124489}, "datetime": {"elapsed": 1377.61389, "delta": 32.735424, "datetime": "2021-08-25 13:25:48"}}
{"target": 6.319111111111111, "params": {"beta_rec": 0.3801411726235504, "beta_enc": 0.5797452192457969, "cue_position": 1.0, "gamma_fc": 0.7453344309065021}, "datetime": {"elapsed": 1410.86849, "delta": 33.2546, "datetime": "2021-08-25 13:26:22"}}
{"target": 6.112444444444445, "params": {"beta_rec": 0.2649195576628094, "beta_enc": 0.6692328934531846, "cue_position": 1.0, "gamma_fc": 0.3700841979141063}, "datetime": {"elapsed": 1443.489654, "delta": 32.621164, "datetime": "2021-08-25 13:26:54"}}
{"target": 6.203333333333333, "params": {"beta_rec": 0.2101740099148396, "beta_enc": 0.6297175070215645, "cue_position": 1.0, "gamma_fc": 0.06653648135411494}, "datetime": {"elapsed": 1476.426501, "delta": 32.936847, "datetime": "2021-08-25 13:27:27"}}
{"target": 6.9448888888888884, "params": {"beta_rec": 0.8047545637433454, "beta_enc": 0.26031509857854096, "cue_position": 1.0, "gamma_fc": 0.6394608808799401}, "datetime": {"elapsed": 1511.560017, "delta": 35.133516, "datetime": "2021-08-25 13:28:02"}}
{"target": 6.804444444444445, "params": {"beta_rec": 0.9248079703993507, "beta_enc": 0.5246703091237337, "cue_position": 1.0, "gamma_fc": 0.06596109068402378}, "datetime": {"elapsed": 1546.320239, "delta": 34.760222, "datetime": "2021-08-25 13:28:37"}}
{"target": 5.614222222222223, "params": {"beta_rec": 0.7721780295432468, "beta_enc": 0.7350659632886695, "cue_position": 1.0, "gamma_fc": 0.9319720691968373}, "datetime": {"elapsed": 1577.399709, "delta": 31.07947, "datetime": "2021-08-25 13:29:08"}}
{"target": 7.019333333333334, "params": {"beta_rec": 0.2343620861214205, "beta_enc": 0.013951572975597015, "cue_position": 1.0, "gamma_fc": 0.9490163206876164}, "datetime": {"elapsed": 1612.729482, "delta": 35.329773, "datetime": "2021-08-25 13:29:43"}}
{"target": 3.807555555555555, "params": {"beta_rec": 0.5566531881951564, "beta_enc": 0.9501761192470797, "cue_position": 1.0, "gamma_fc": 0.6415662089463375}, "datetime": {"elapsed": 1638.20142, "delta": 25.471938, "datetime": "2021-08-25 13:30:09"}}
{"target": 6.879777777777778, "params": {"beta_rec": 0.48599066709690975, "beta_enc": 0.39000771414124624, "cue_position": 1.0, "gamma_fc": 0.5495479215085626}, "datetime": {"elapsed": 1673.274922, "delta": 35.073502, "datetime": "2021-08-25 13:30:44"}}
{"target": 3.4593333333333325, "params": {"beta_rec": 0.9187334356336061, "beta_enc": 0.9261814267064536, "cue_position": 1.0, "gamma_fc": 0.9632625284407118}, "datetime": {"elapsed": 1697.635686, "delta": 24.360764, "datetime": "2021-08-25 13:31:08"}}
{"target": 6.955333333333334, "params": {"beta_rec": 0.12632951943963733, "beta_enc": 0.17395566668046436, "cue_position": 1.0, "gamma_fc": 0.5056621656768967}, "datetime": {"elapsed": 1732.884131, "delta": 35.248445, "datetime": "2021-08-25 13:31:44"}}
{"target": 7.030888888888889, "params": {"beta_rec": 0.947970211217681, "beta_enc": 0.021524805274197978, "cue_position": 1.0, "gamma_fc": 0.015018980742122379}, "datetime": {"elapsed": 1768.325655, "delta": 35.441524, "datetime": "2021-08-25 13:32:19"}}
{"target": 6.950666666666668, "params": {"beta_rec": 0.332063574366837, "beta_enc": 0.17619625557505525, "cue_position": 1.0, "gamma_fc": 0.8094906921265821}, "datetime": {"elapsed": 1803.529801, "delta": 35.204146, "datetime": "2021-08-25 13:32:54"}}
{"target": 6.842666666666668, "params": {"beta_rec": 0.9401074823333672, "beta_enc": 0.34473665268329345, "cue_position": 1.0, "gamma_fc": 0.8788319844118441}, "datetime": {"elapsed": 1838.35079, "delta": 34.820989, "datetime": "2021-08-25 13:33:29"}}
{"target": 6.257333333333333, "params": {"beta_rec": 0.9053923187086492, "beta_enc": 0.8447344453922219, "cue_position": 1.0, "gamma_fc": 0.5463468160203733}, "datetime": {"elapsed": 1871.404183, "delta": 33.053393, "datetime": "2021-08-25 13:34:02"}}
{"target": 5.048444444444444, "params": {"beta_rec": 0.28571885173414757, "beta_enc": 0.7986035911520394, "cue_position": 1.0, "gamma_fc": 0.5991103076458784}, "datetime": {"elapsed": 1900.800894, "delta": 29.396711, "datetime": "2021-08-25 13:34:32"}}
{"target": 6.967111111111111, "params": {"beta_rec": 0.5934814081966372, "beta_enc": 0.015533275550835723, "cue_position": 1.0, "gamma_fc": 0.8073605288848414}, "datetime": {"elapsed": 1936.123895, "delta": 35.323001, "datetime": "2021-08-25 13:35:07"}}
{"target": 6.892888888888889, "params": {"beta_rec": 0.8928887085251513, "beta_enc": 0.31524480309537295, "cue_position": 1.0, "gamma_fc": 0.18401020162746506}, "datetime": {"elapsed": 1971.287306, "delta": 35.163411, "datetime": "2021-08-25 13:35:42"}}
{"target": 6.300666666666666, "params": {"beta_rec": 0.6120311770449339, "beta_enc": 0.7879292338255043, "cue_position": 1.0, "gamma_fc": 0.4201936800011322}, "datetime": {"elapsed": 2004.601521, "delta": 33.314215, "datetime": "2021-08-25 13:36:15"}}
{"target": 5.920666666666667, "params": {"beta_rec": 0.9186017779775258, "beta_enc": 0.6790688365654296, "cue_position": 1.0, "gamma_fc": 0.9767591490310596}, "datetime": {"elapsed": 2036.599902, "delta": 31.998381, "datetime": "2021-08-25 13:36:47"}}
{"target": 6.825777777777778, "params": {"beta_rec": 0.9737835383583225, "beta_enc": 0.37658031474577447, "cue_position": 1.0, "gamma_fc": 0.828845807980693}, "datetime": {"elapsed": 2071.3804, "delta": 34.780498, "datetime": "2021-08-25 13:37:22"}}
{"target": 6.689111111111112, "params": {"beta_rec": 0.6280761983073504, "beta_enc": 0.5747115047081023, "cue_position": 1.0, "gamma_fc": 0.586833340656083}, "datetime": {"elapsed": 2105.623934, "delta": 34.243534, "datetime": "2021-08-25 13:37:56"}}
{"target": 6.1082222222222216, "params": {"beta_rec": 0.8583138364290424, "beta_enc": 0.7500217637026599, "cue_position": 1.0, "gamma_fc": 0.698057248447303}, "datetime": {"elapsed": 2138.246715, "delta": 32.622781, "datetime": "2021-08-25 13:38:29"}}
{"target": 4.767333333333333, "params": {"beta_rec": 0.32268099683674645, "beta_enc": 0.8644794300545998, "cue_position": 1.0, "gamma_fc": 0.45087393641334916}, "datetime": {"elapsed": 2166.828405, "delta": 28.58169, "datetime": "2021-08-25 13:38:58"}}
{"target": 7.015555555555555, "params": {"beta_rec": 0.4108113499221856, "beta_enc": 0.3821027520315172, "cue_position": 1.0, "gamma_fc": 0.3173839459582769}, "datetime": {"elapsed": 2202.183965, "delta": 35.35556, "datetime": "2021-08-25 13:39:33"}}
{"target": 6.357111111111111, "params": {"beta_rec": 0.43024727082126435, "beta_enc": 0.6219193679203014, "cue_position": 1.0, "gamma_fc": 0.6778008914343111}, "datetime": {"elapsed": 2235.56039, "delta": 33.376425, "datetime": "2021-08-25 13:40:06"}}
{"target": 6.976444444444444, "params": {"beta_rec": 0.4267010093480328, "beta_enc": 0.19856988842711087, "cue_position": 1.0, "gamma_fc": 0.7976388039585666}, "datetime": {"elapsed": 2270.798316, "delta": 35.237926, "datetime": "2021-08-25 13:40:42"}}
{"target": 7.374888888888888, "params": {"beta_rec": 0.903841955826372, "beta_enc": 0.8799982885634318, "cue_position": 1.0, "gamma_fc": 0.2702082620297578}, "datetime": {"elapsed": 2307.142736, "delta": 36.34442, "datetime": "2021-08-25 13:41:18"}}
{"target": 6.918888888888889, "params": {"beta_rec": 0.8548979426974024, "beta_enc": 0.25236670150458973, "cue_position": 1.0, "gamma_fc": 0.8021610840045981}, "datetime": {"elapsed": 2342.22501, "delta": 35.082274, "datetime": "2021-08-25 13:41:53"}}
{"target": 6.531333333333333, "params": {"beta_rec": 0.7331425252875111, "beta_enc": 0.5724885171916063, "cue_position": 1.0, "gamma_fc": 0.770883910501888}, "datetime": {"elapsed": 2376.043007, "delta": 33.817997, "datetime": "2021-08-25 13:42:27"}}
{"target": 7.081555555555556, "params": {"beta_rec": 0.4657098785919809, "beta_enc": 0.5688579907047155, "cue_position": 1.0, "gamma_fc": 0.06820934841670412}, "datetime": {"elapsed": 2411.572431, "delta": 35.529424, "datetime": "2021-08-25 13:43:02"}}
{"target": 6.786444444444444, "params": {"beta_rec": 0.07962607769825236, "beta_enc": 0.37792417932809985, "cue_position": 1.0, "gamma_fc": 0.18161285133076377}, "datetime": {"elapsed": 2446.248415, "delta": 34.675984, "datetime": "2021-08-25 13:43:37"}}
{"target": 6.260222222222223, "params": {"beta_rec": 0.8749616449558981, "beta_enc": 0.8118586977205398, "cue_position": 1.0, "gamma_fc": 0.5694944127453757}, "datetime": {"elapsed": 2479.294326, "delta": 33.045911, "datetime": "2021-08-25 13:44:10"}}
{"target": 7.0088888888888885, "params": {"beta_rec": 0.4668800227633063, "beta_enc": 0.16097143681560877, "cue_position": 1.0, "gamma_fc": 0.2250399578140846}, "datetime": {"elapsed": 2514.586665, "delta": 35.292339, "datetime": "2021-08-25 13:44:45"}}
{"target": 6.113555555555555, "params": {"beta_rec": 0.31226983770191696, "beta_enc": 0.5925118687657968, "cue_position": 1.0, "gamma_fc": 0.9096355249515571}, "datetime": {"elapsed": 2547.245949, "delta": 32.659284, "datetime": "2021-08-25 13:45:18"}}
{"target": 6.905777777777777, "params": {"beta_rec": 0.1108913007440292, "beta_enc": 0.2571182937821962, "cue_position": 1.0, "gamma_fc": 0.49958417067888605}, "datetime": {"elapsed": 2582.25781, "delta": 35.011861, "datetime": "2021-08-25 13:45:53"}}
{"target": 5.141555555555556, "params": {"beta_rec": 0.20819443840879148, "beta_enc": 0.7285856679745962, "cue_position": 1.0, "gamma_fc": 0.851671874936367}, "datetime": {"elapsed": 2611.939594, "delta": 29.681784, "datetime": "2021-08-25 13:46:23"}}
{"target": 7.079333333333333, "params": {"beta_rec": 0.6166850671552362, "beta_enc": 0.41584871826752734, "cue_position": 1.0, "gamma_fc": 0.10196725942579743}, "datetime": {"elapsed": 2647.447069, "delta": 35.507475, "datetime": "2021-08-25 13:46:58"}}
{"target": 6.734666666666667, "params": {"beta_rec": 0.47714098704978236, "beta_enc": 0.5158570169685298, "cue_position": 1.0, "gamma_fc": 0.6218062317404155}, "datetime": {"elapsed": 2681.993085, "delta": 34.546016, "datetime": "2021-08-25 13:47:33"}}
{"target": 6.613555555555555, "params": {"beta_rec": 0.6541373469707443, "beta_enc": 0.5440101188139381, "cue_position": 1.0, "gamma_fc": 0.7515278171352439}, "datetime": {"elapsed": 2716.195184, "delta": 34.202099, "datetime": "2021-08-25 13:48:07"}}
{"target": 7.0282222222222215, "params": {"beta_rec": 0.519351824366033, "beta_enc": 0.2220491397999227, "cue_position": 1.0, "gamma_fc": 0.02233042799180618}, "datetime": {"elapsed": 2751.529248, "delta": 35.334064, "datetime": "2021-08-25 13:48:42"}}
{"target": 6.914, "params": {"beta_rec": 0.872922376400111, "beta_enc": 0.3243624597261865, "cue_position": 1.0, "gamma_fc": 0.5384405925945437}, "datetime": {"elapsed": 2786.533416, "delta": 35.004168, "datetime": "2021-08-25 13:49:17"}}
{"target": 4.601333333333334, "params": {"beta_rec": 0.9498059913536265, "beta_enc": 0.866608274166513, "cue_position": 1.0, "gamma_fc": 0.8541154438365387}, "datetime": {"elapsed": 2814.43817, "delta": 27.904754, "datetime": "2021-08-25 13:49:45"}}
{"target": 6.9671111111111115, "params": {"beta_rec": 0.651304332340991, "beta_enc": 0.09874340182034835, "cue_position": 1.0, "gamma_fc": 0.6102408126466297}, "datetime": {"elapsed": 2849.695754, "delta": 35.257584, "datetime": "2021-08-25 13:50:20"}}
