{"target": 6.8164444444444445, "params": {"enc_rate": 1.0, "beta_enc": 0.9, "beta_rec": 0.6687966059228697, "gamma_fc": 0.3258099666132048, "k": 3.0, "cue_position": 0.0}, "datetime": {"delta": 21.979438, "elapsed": 3260.732739, "datetime": "2021-03-11 17:09:42"}}
{"target": 7.738000000000001, "params": {"enc_rate": 1.0, "beta_enc": 0.9, "beta_rec": 0.7626320954451107, "gamma_fc": 0.041475079576498874, "k": 3.0, "cue_position": 0.0}, "datetime": {"delta": 23.532764, "elapsed": 3284.265503, "datetime": "2021-03-11 17:10:06"}}
{"target": 5.249333333333334, "params": {"enc_rate": 1.0, "beta_enc": 0.9, "beta_rec": 0.6938554113738997, "gamma_fc": 0.767788977658173, "k": 3.0, "cue_position": 0.0}, "datetime": {"delta": 18.988769, "elapsed": 3303.254272, "datetime": "2021-03-11 17:10:25"}}
{"target": 4.745333333333333, "params": {"enc_rate": 1.0, "beta_enc": 0.9, "beta_rec": 0.13479311796067905, "gamma_fc": 0.05231294643747675, "k": 3.0, "cue_position": 0.0}, "datetime": {"delta": 18.050768, "elapsed": 3321.30504, "datetime": "2021-03-11 17:10:43"}}
{"target": 6.306, "params": {"enc_rate": 1.0, "beta_enc": 0.9, "beta_rec": 0.6174610120171561, "gamma_fc": 0.4540590560591513, "k": 3.0, "cue_position": 0.0}, "datetime": {"delta": 20.960125, "elapsed": 3342.265165, "datetime": "2021-03-11 17:11:04"}}
{"target": 7.406888888888889, "params": {"enc_rate": 1.0, "beta_enc": 0.9, "beta_rec": 0.6562015477440989, "gamma_fc": 0.050912383516887205, "k": 3.0, "cue_position": 0.0}, "datetime": {"delta": 22.933687, "elapsed": 3365.198852, "datetime": "2021-03-11 17:11:27"}}
{"target": 5.723999999999999, "params": {"enc_rate": 1.0, "beta_enc": 0.9, "beta_rec": 0.4216578860324509, "gamma_fc": 0.4731119528858785, "k": 3.0, "cue_position": 0.0}, "datetime": {"delta": 19.916651, "elapsed": 3385.115503, "datetime": "2021-03-11 17:11:47"}}
{"target": 7.3597777777777775, "params": {"enc_rate": 1.0, "beta_enc": 0.9, "beta_rec": 0.8414221567958434, "gamma_fc": 0.23941104413775594, "k": 3.0, "cue_position": 0.0}, "datetime": {"delta": 22.871876, "elapsed": 3407.987379, "datetime": "2021-03-11 17:12:10"}}
{"target": 4.766, "params": {"enc_rate": 1.0, "beta_enc": 0.9, "beta_rec": 0.6139340023847009, "gamma_fc": 0.8978507176676818, "k": 3.0, "cue_position": 0.0}, "datetime": {"delta": 18.06077, "elapsed": 3426.048149, "datetime": "2021-03-11 17:12:28"}}
{"target": 4.989111111111111, "params": {"enc_rate": 1.0, "beta_enc": 0.9, "beta_rec": 0.9408279632013994, "gamma_fc": 0.8704248568230661, "k": 3.0, "cue_position": 0.0}, "datetime": {"delta": 18.506626, "elapsed": 3444.554775, "datetime": "2021-03-11 17:12:46"}}
{"target": 5.164888888888889, "params": {"enc_rate": 1.0, "beta_enc": 0.9, "beta_rec": 0.7323748991793305, "gamma_fc": 0.8146191812616553, "k": 3.0, "cue_position": 0.0}, "datetime": {"delta": 18.791952, "elapsed": 3463.346727, "datetime": "2021-03-11 17:13:05"}}
{"target": 7.344222222222223, "params": {"enc_rate": 1.0, "beta_enc": 0.9, "beta_rec": 0.8424458099564136, "gamma_fc": 0.2482907289970986, "k": 3.0, "cue_position": 0.0}, "datetime": {"delta": 22.886627, "elapsed": 3486.233354, "datetime": "2021-03-11 17:13:28"}}
{"target": 6.282666666666667, "params": {"enc_rate": 1.0, "beta_enc": 0.9, "beta_rec": 0.42166593484970927, "gamma_fc": 0.20338083282405106, "k": 3.0, "cue_position": 0.0}, "datetime": {"delta": 20.860313, "elapsed": 3507.093667, "datetime": "2021-03-11 17:13:49"}}
{"target": 5.4206666666666665, "params": {"enc_rate": 1.0, "beta_enc": 0.9, "beta_rec": 0.48675074481833813, "gamma_fc": 0.624821294185499, "k": 3.0, "cue_position": 0.0}, "datetime": {"delta": 19.291941, "elapsed": 3526.385608, "datetime": "2021-03-11 17:14:08"}}
{"target": 7.32688888888889, "params": {"enc_rate": 1.0, "beta_enc": 0.9, "beta_rec": 0.8837555081806009, "gamma_fc": 0.22700116521465796, "k": 3.0, "cue_position": 0.0}, "datetime": {"delta": 22.781986, "elapsed": 3549.167594, "datetime": "2021-03-11 17:14:31"}}
{"target": 4.386444444444445, "params": {"enc_rate": 1.0, "beta_enc": 0.9, "beta_rec": 0.13141566053746057, "gamma_fc": 0.6021836538927108, "k": 3.0, "cue_position": 0.0}, "datetime": {"delta": 17.318704, "elapsed": 3566.486298, "datetime": "2021-03-11 17:14:48"}}
{"target": 7.188666666666667, "params": {"enc_rate": 1.0, "beta_enc": 0.9, "beta_rec": 0.5956250981349497, "gamma_fc": 0.05917720718572239, "k": 3.0, "cue_position": 0.0}, "datetime": {"delta": 22.579695, "elapsed": 3589.065993, "datetime": "2021-03-11 17:15:11"}}
{"target": 7.018444444444445, "params": {"enc_rate": 1.0, "beta_enc": 0.9, "beta_rec": 0.5346790571795887, "gamma_fc": 0.0073189693278638, "k": 3.0, "cue_position": 0.0}, "datetime": {"delta": 22.253539, "elapsed": 3611.319532, "datetime": "2021-03-11 17:15:33"}}
{"target": 5.042888888888888, "params": {"enc_rate": 1.0, "beta_enc": 0.9, "beta_rec": 0.5883673328938768, "gamma_fc": 0.822578152523871, "k": 3.0, "cue_position": 0.0}, "datetime": {"delta": 18.589336, "elapsed": 3629.908868, "datetime": "2021-03-11 17:15:51"}}
{"target": 4.6033333333333335, "params": {"enc_rate": 1.0, "beta_enc": 0.9, "beta_rec": 0.12295477155217849, "gamma_fc": 0.1267357091420086, "k": 3.0, "cue_position": 0.0}, "datetime": {"delta": 17.780004, "elapsed": 3647.688872, "datetime": "2021-03-11 17:16:09"}}
{"target": 5.115777777777778, "params": {"enc_rate": 1.0, "beta_enc": 0.9, "beta_rec": 0.20018211641098693, "gamma_fc": 0.3033456717085691, "k": 3.0, "cue_position": 0.0}, "datetime": {"delta": 18.754443, "elapsed": 3666.443315, "datetime": "2021-03-11 17:16:28"}}
{"target": 6.043777777777778, "params": {"enc_rate": 1.0, "beta_enc": 0.9, "beta_rec": 0.5820299763434618, "gamma_fc": 0.5071194235482045, "k": 3.0, "cue_position": 0.0}, "datetime": {"delta": 20.518459, "elapsed": 3686.961774, "datetime": "2021-03-11 17:16:49"}}
{"target": 5.549555555555555, "params": {"enc_rate": 1.0, "beta_enc": 0.9, "beta_rec": 0.2641376442105696, "gamma_fc": 0.24444799937161088, "k": 3.0, "cue_position": 0.0}, "datetime": {"delta": 19.683349, "elapsed": 3706.645123, "datetime": "2021-03-11 17:17:08"}}
{"target": 3.8564444444444446, "params": {"enc_rate": 1.0, "beta_enc": 0.9, "beta_rec": 0.07194722016400112, "gamma_fc": 0.8061631629534083, "k": 3.0, "cue_position": 0.0}, "datetime": {"delta": 16.399971, "elapsed": 3723.045094, "datetime": "2021-03-11 17:17:25"}}
{"target": 5.956888888888889, "params": {"enc_rate": 1.0, "beta_enc": 0.9, "beta_rec": 0.48169628302117706, "gamma_fc": 0.4487372588243219, "k": 3.0, "cue_position": 0.0}, "datetime": {"delta": 20.364767, "elapsed": 3743.409861, "datetime": "2021-03-11 17:17:45"}}
{"target": 5.273333333333333, "params": {"enc_rate": 1.0, "beta_enc": 0.9, "beta_rec": 0.6971485287527562, "gamma_fc": 0.760802456305756, "k": 3.0, "cue_position": 0.0}, "datetime": {"delta": 19.068206, "elapsed": 3762.478067, "datetime": "2021-03-11 17:18:04"}}
{"target": 5.269555555555555, "params": {"enc_rate": 1.0, "beta_enc": 0.9, "beta_rec": 0.23376869260410593, "gamma_fc": 0.3205646539951602, "k": 3.0, "cue_position": 0.0}, "datetime": {"delta": 19.034675, "elapsed": 3781.512742, "datetime": "2021-03-11 17:18:23"}}
{"target": 7.551333333333334, "params": {"enc_rate": 1.0, "beta_enc": 0.9, "beta_rec": 0.7600017523497489, "gamma_fc": 0.11503501205024624, "k": 3.0, "cue_position": 0.0}, "datetime": {"delta": 23.261113, "elapsed": 3804.773855, "datetime": "2021-03-11 17:18:46"}}
{"target": 6.502888888888888, "params": {"enc_rate": 1.0, "beta_enc": 0.9, "beta_rec": 0.8207464986229382, "gamma_fc": 0.4911099613042962, "k": 3.0, "cue_position": 0.0}, "datetime": {"delta": 21.321303, "elapsed": 3826.095158, "datetime": "2021-03-11 17:19:08"}}
{"target": 5.045999999999999, "params": {"enc_rate": 1.0, "beta_enc": 0.9, "beta_rec": 0.461602080891622, "gamma_fc": 0.7293976982561526, "k": 3.0, "cue_position": 0.0}, "datetime": {"delta": 18.599348, "elapsed": 3844.694506, "datetime": "2021-03-11 17:19:26"}}
{"target": 5.762666666666666, "params": {"enc_rate": 1.0, "beta_enc": 0.9, "beta_rec": 0.8434941260636555, "gamma_fc": 0.6570654246228895, "k": 3.0, "cue_position": 0.0}, "datetime": {"delta": 19.965381, "elapsed": 3864.659887, "datetime": "2021-03-11 17:19:46"}}
{"target": 4.804222222222223, "params": {"enc_rate": 1.0, "beta_enc": 0.9, "beta_rec": 0.5295466104783949, "gamma_fc": 0.8709456091610533, "k": 3.0, "cue_position": 0.0}, "datetime": {"delta": 18.115566, "elapsed": 3882.775453, "datetime": "2021-03-11 17:20:04"}}
{"target": 4.942222222222222, "params": {"enc_rate": 1.0, "beta_enc": 0.9, "beta_rec": 0.6830743663365642, "gamma_fc": 0.8785878632047704, "k": 3.0, "cue_position": 0.0}, "datetime": {"delta": 18.422063, "elapsed": 3901.197516, "datetime": "2021-03-11 17:20:23"}}
{"target": 5.691777777777777, "params": {"enc_rate": 1.0, "beta_enc": 0.9, "beta_rec": 0.6671187886992039, "gamma_fc": 0.6353709614884534, "k": 3.0, "cue_position": 0.0}, "datetime": {"delta": 19.795614, "elapsed": 3920.99313, "datetime": "2021-03-11 17:20:43"}}
{"target": 7.865111111111112, "params": {"enc_rate": 1.0, "beta_enc": 0.9, "beta_rec": 0.7834510785179317, "gamma_fc": 0.008746822842927958, "k": 3.0, "cue_position": 0.0}, "datetime": {"delta": 26.422856, "elapsed": 3947.415986, "datetime": "2021-03-11 17:21:09"}}
{"target": 7.8231111111111105, "params": {"enc_rate": 1.0, "beta_enc": 0.9, "beta_rec": 0.7982637746202687, "gamma_fc": 0.034396876914576054, "k": 3.0, "cue_position": 0.0}, "datetime": {"delta": 26.788836, "elapsed": 3974.204822, "datetime": "2021-03-11 17:21:36"}}
{"target": 7.8342222222222215, "params": {"enc_rate": 1.0, "beta_enc": 0.9, "beta_rec": 0.7771774833418318, "gamma_fc": 0.0, "k": 3.0, "cue_position": 0.0}, "datetime": {"delta": 26.495885, "elapsed": 4000.700707, "datetime": "2021-03-11 17:22:02"}}
{"target": 7.808888888888889, "params": {"enc_rate": 1.0, "beta_enc": 0.9, "beta_rec": 0.8618300633987281, "gamma_fc": 0.004732459292889634, "k": 3.0, "cue_position": 0.0}, "datetime": {"delta": 26.041966, "elapsed": 4026.742673, "datetime": "2021-03-11 17:22:28"}}
{"target": 7.875333333333333, "params": {"enc_rate": 1.0, "beta_enc": 0.9, "beta_rec": 0.8240753442357311, "gamma_fc": 0.00388925804278506, "k": 3.0, "cue_position": 0.0}, "datetime": {"delta": 26.453038, "elapsed": 4053.195711, "datetime": "2021-03-11 17:22:55"}}
{"target": 7.496444444444444, "params": {"enc_rate": 1.0, "beta_enc": 0.9, "beta_rec": 0.9476702844504913, "gamma_fc": 0.0, "k": 3.0, "cue_position": 0.0}, "datetime": {"delta": 25.978876, "elapsed": 4079.174587, "datetime": "2021-03-11 17:23:21"}}
{"target": 7.856444444444445, "params": {"enc_rate": 1.0, "beta_enc": 0.9, "beta_rec": 0.8095457226892294, "gamma_fc": 0.010249267418266927, "k": 3.0, "cue_position": 0.0}, "datetime": {"delta": 26.340667, "elapsed": 4105.515254, "datetime": "2021-03-11 17:23:47"}}
{"target": 7.895555555555555, "params": {"enc_rate": 1.0, "beta_enc": 0.9, "beta_rec": 0.837344217366401, "gamma_fc": 0.009082698216073104, "k": 3.0, "cue_position": 0.0}, "datetime": {"delta": 26.301531, "elapsed": 4131.816785, "datetime": "2021-03-11 17:24:13"}}
{"target": 6.638888888888888, "params": {"enc_rate": 1.0, "beta_enc": 0.9, "beta_rec": 1.0, "gamma_fc": 0.026724485084098946, "k": 3.0, "cue_position": 0.0}, "datetime": {"delta": 23.874594, "elapsed": 4155.691379, "datetime": "2021-03-11 17:24:37"}}
{"target": 7.718666666666667, "params": {"enc_rate": 1.0, "beta_enc": 0.9, "beta_rec": 0.7888945105986254, "gamma_fc": 0.0756863740958289, "k": 3.0, "cue_position": 0.0}, "datetime": {"delta": 25.930057, "elapsed": 4181.621436, "datetime": "2021-03-11 17:25:03"}}
{"target": 7.680666666666667, "params": {"enc_rate": 1.0, "beta_enc": 0.9, "beta_rec": 0.9062921206753608, "gamma_fc": 0.03045048591775369, "k": 3.0, "cue_position": 0.0}, "datetime": {"delta": 25.926425, "elapsed": 4207.547861, "datetime": "2021-03-11 17:25:29"}}
{"target": 7.864222222222223, "params": {"enc_rate": 1.0, "beta_enc": 0.9, "beta_rec": 0.8396431571074663, "gamma_fc": 0.000316582729723236, "k": 3.0, "cue_position": 0.0}, "datetime": {"delta": 26.317052, "elapsed": 4233.864913, "datetime": "2021-03-11 17:25:55"}}
{"target": 6.766444444444444, "params": {"enc_rate": 1.0, "beta_enc": 0.9, "beta_rec": 1.0, "gamma_fc": 0.33288960923308314, "k": 3.0, "cue_position": 0.0}, "datetime": {"delta": 24.1654, "elapsed": 4258.030313, "datetime": "2021-03-11 17:26:20"}}
{"target": 7.817777777777778, "params": {"enc_rate": 1.0, "beta_enc": 0.9, "beta_rec": 0.8603916341426415, "gamma_fc": 0.02946634383424329, "k": 3.0, "cue_position": 0.0}, "datetime": {"delta": 26.124749, "elapsed": 4284.155062, "datetime": "2021-03-11 17:26:46"}}
{"target": 7.599333333333332, "params": {"enc_rate": 1.0, "beta_enc": 0.9, "beta_rec": 0.825259981911268, "gamma_fc": 0.1284569336448396, "k": 3.0, "cue_position": 0.0}, "datetime": {"delta": 25.765147, "elapsed": 4309.920209, "datetime": "2021-03-11 17:27:11"}}
{"target": 7.660444444444446, "params": {"enc_rate": 1.0, "beta_enc": 0.9, "beta_rec": 0.7022640841775253, "gamma_fc": 0.0005588941388594559, "k": 3.0, "cue_position": 0.0}, "datetime": {"delta": 25.843966, "elapsed": 4335.764175, "datetime": "2021-03-11 17:27:37"}}
{"target": 6.470666666666666, "params": {"enc_rate": 1.0, "beta_enc": 0.9, "beta_rec": 0.9998135493599692, "gamma_fc": 0.461388347274273, "k": 3.0, "cue_position": 0.0}, "datetime": {"delta": 23.498194, "elapsed": 4359.262369, "datetime": "2021-03-11 17:28:01"}}
{"target": 7.747111111111112, "params": {"enc_rate": 1.0, "beta_enc": 0.9, "beta_rec": 0.9002051251545704, "gamma_fc": 0.0006544606454604862, "k": 3.0, "cue_position": 0.0}, "datetime": {"delta": 26.225031, "elapsed": 4385.4874, "datetime": "2021-03-11 17:28:27"}}
{"target": 6.738444444444444, "params": {"enc_rate": 1.0, "beta_enc": 0.9, "beta_rec": 0.9998698532885884, "gamma_fc": 0.19701233758706505, "k": 3.0, "cue_position": 0.0}, "datetime": {"delta": 24.06861, "elapsed": 4409.55601, "datetime": "2021-03-11 17:28:51"}}
{"target": 7.833555555555556, "params": {"enc_rate": 1.0, "beta_enc": 0.9, "beta_rec": 0.8315562190633371, "gamma_fc": 0.017245746524924055, "k": 3.0, "cue_position": 0.0}, "datetime": {"delta": 25.988179, "elapsed": 4435.544189, "datetime": "2021-03-11 17:29:17"}}
{"target": 7.841333333333333, "params": {"enc_rate": 1.0, "beta_enc": 0.9, "beta_rec": 0.8472605348326687, "gamma_fc": 0.012466607797505747, "k": 3.0, "cue_position": 0.0}, "datetime": {"delta": 26.138167, "elapsed": 4461.682356, "datetime": "2021-03-11 17:29:43"}}
{"target": 7.735111111111111, "params": {"enc_rate": 1.0, "beta_enc": 0.9, "beta_rec": 0.8625671224432472, "gamma_fc": 0.056517087508068935, "k": 3.0, "cue_position": 0.0}, "datetime": {"delta": 26.550116, "elapsed": 4488.232472, "datetime": "2021-03-11 17:30:10"}}
{"target": 7.760000000000001, "params": {"enc_rate": 1.0, "beta_enc": 0.9, "beta_rec": 0.7451628021001171, "gamma_fc": 0.0006817037631302592, "k": 3.0, "cue_position": 0.0}, "datetime": {"delta": 26.567945, "elapsed": 4514.800417, "datetime": "2021-03-11 17:30:36"}}
{"target": 7.777333333333333, "params": {"enc_rate": 1.0, "beta_enc": 0.9, "beta_rec": 0.8810381735382554, "gamma_fc": 0.017796811450587313, "k": 3.0, "cue_position": 0.0}, "datetime": {"delta": 26.416052, "elapsed": 4541.216469, "datetime": "2021-03-11 17:31:03"}}
{"target": 7.535555555555556, "params": {"enc_rate": 1.0, "beta_enc": 0.9, "beta_rec": 0.8055125405407205, "gamma_fc": 0.16255832191554398, "k": 3.0, "cue_position": 0.0}, "datetime": {"delta": 25.716393, "elapsed": 4566.932862, "datetime": "2021-03-11 17:31:28"}}
{"target": 7.388888888888888, "params": {"enc_rate": 1.0, "beta_enc": 0.9, "beta_rec": 0.9444133097341646, "gamma_fc": 0.0671078127713357, "k": 3.0, "cue_position": 0.0}, "datetime": {"delta": 25.890205, "elapsed": 4592.823067, "datetime": "2021-03-11 17:31:54"}}
{"target": 7.0551111111111116, "params": {"enc_rate": 1.0, "beta_enc": 0.9, "beta_rec": 0.9358820806248148, "gamma_fc": 0.3149462422114073, "k": 3.0, "cue_position": 0.0}, "datetime": {"delta": 25.067148, "elapsed": 4617.890215, "datetime": "2021-03-11 17:32:19"}}
{"target": 7.079777777777778, "params": {"enc_rate": 1.0, "beta_enc": 0.9, "beta_rec": 0.6069597469602867, "gamma_fc": 0.15520742588388753, "k": 3.0, "cue_position": 0.0}, "datetime": {"delta": 24.931047, "elapsed": 4642.821262, "datetime": "2021-03-11 17:32:44"}}
{"target": 6.303333333333333, "params": {"enc_rate": 1.0, "beta_enc": 0.9, "beta_rec": 0.4766168640320685, "gamma_fc": 0.2914698694686963, "k": 3.0, "cue_position": 0.0}, "datetime": {"delta": 23.672951, "elapsed": 4666.494213, "datetime": "2021-03-11 17:33:08"}}
{"target": 6.864666666666667, "params": {"enc_rate": 1.0, "beta_enc": 0.9, "beta_rec": 0.5137321575011312, "gamma_fc": 0.06424979619191741, "k": 3.0, "cue_position": 0.0}, "datetime": {"delta": 24.628465, "elapsed": 4691.122678, "datetime": "2021-03-11 17:33:33"}}
{"target": 6.952, "params": {"enc_rate": 1.0, "beta_enc": 0.9, "beta_rec": 0.8228788480418363, "gamma_fc": 0.36277010111951336, "k": 3.0, "cue_position": 0.0}, "datetime": {"delta": 24.507526, "elapsed": 4715.630204, "datetime": "2021-03-11 17:33:57"}}
{"target": 7.869777777777777, "params": {"enc_rate": 1.0, "beta_enc": 0.9, "beta_rec": 0.7980397506802884, "gamma_fc": 0.001142555033755266, "k": 3.0, "cue_position": 0.0}, "datetime": {"delta": 26.344592, "elapsed": 4741.974796, "datetime": "2021-03-11 17:34:24"}}
{"target": 7.285777777777779, "params": {"enc_rate": 1.0, "beta_enc": 0.9, "beta_rec": 0.6353047149257008, "gamma_fc": 0.09704958183516432, "k": 3.0, "cue_position": 0.0}, "datetime": {"delta": 25.205587, "elapsed": 4767.180383, "datetime": "2021-03-11 17:34:49"}}
{"target": 7.572222222222221, "params": {"enc_rate": 1.0, "beta_enc": 0.9, "beta_rec": 0.6714426152926939, "gamma_fc": 0.0002703849443633777, "k": 3.0, "cue_position": 0.0}, "datetime": {"delta": 26.019952, "elapsed": 4793.200335, "datetime": "2021-03-11 17:35:15"}}
{"target": 6.8742222222222225, "params": {"enc_rate": 1.0, "beta_enc": 0.9, "beta_rec": 0.7340074903154458, "gamma_fc": 0.35000601276114707, "k": 3.0, "cue_position": 0.0}, "datetime": {"delta": 24.532705, "elapsed": 4817.73304, "datetime": "2021-03-11 17:35:39"}}
{"target": 4.444444444444445, "params": {"enc_rate": 1.0, "beta_enc": 0.9, "beta_rec": 0.6048035598815011, "gamma_fc": 0.9995557883568608, "k": 3.0, "cue_position": 0.0}, "datetime": {"delta": 20.213465, "elapsed": 4837.946505, "datetime": "2021-03-11 17:35:59"}}
{"target": 7.743555555555557, "params": {"enc_rate": 1.0, "beta_enc": 0.9, "beta_rec": 0.7855812503816022, "gamma_fc": 0.02358285529999893, "k": 3.0, "cue_position": 0.0}, "datetime": {"delta": 26.278422, "elapsed": 4864.224927, "datetime": "2021-03-11 17:36:26"}}
{"target": 7.753777777777778, "params": {"enc_rate": 1.0, "beta_enc": 0.9, "beta_rec": 0.8084985582613413, "gamma_fc": 0.04903367799879987, "k": 3.0, "cue_position": 0.0}, "datetime": {"delta": 26.597186, "elapsed": 4890.822113, "datetime": "2021-03-11 17:36:52"}}
{"target": 7.761111111111111, "params": {"enc_rate": 1.0, "beta_enc": 0.9, "beta_rec": 0.7473966873556198, "gamma_fc": 0.01701707705906297, "k": 3.0, "cue_position": 0.0}, "datetime": {"delta": 26.560813, "elapsed": 4917.382926, "datetime": "2021-03-11 17:37:19"}}
{"target": 7.654000000000001, "params": {"enc_rate": 1.0, "beta_enc": 0.9, "beta_rec": 0.8513568113004004, "gamma_fc": 0.09581593013043395, "k": 3.0, "cue_position": 0.0}, "datetime": {"delta": 26.193728, "elapsed": 4943.576654, "datetime": "2021-03-11 17:37:45"}}
{"target": 7.431777777777778, "params": {"enc_rate": 1.0, "beta_enc": 0.9, "beta_rec": 0.695457630184533, "gamma_fc": 0.09490288042622808, "k": 3.0, "cue_position": 0.0}, "datetime": {"delta": 25.870619, "elapsed": 4969.447273, "datetime": "2021-03-11 17:38:11"}}
{"target": 7.439333333333333, "params": {"enc_rate": 1.0, "beta_enc": 0.9, "beta_rec": 0.7667227180857047, "gamma_fc": 0.17041334236229955, "k": 3.0, "cue_position": 0.0}, "datetime": {"delta": 26.200057, "elapsed": 4995.64733, "datetime": "2021-03-11 17:38:37"}}
{"target": 7.150888888888889, "params": {"enc_rate": 1.0, "beta_enc": 0.9, "beta_rec": 0.5786624991915862, "gamma_fc": 5.060972315562573e-05, "k": 3.0, "cue_position": 0.0}, "datetime": {"delta": 25.354914, "elapsed": 5021.002244, "datetime": "2021-03-11 17:39:03"}}
{"target": 7.5651111111111105, "params": {"enc_rate": 1.0, "beta_enc": 0.9, "beta_rec": 0.6915635961518819, "gamma_fc": 0.026633517870722323, "k": 3.0, "cue_position": 0.0}, "datetime": {"delta": 25.987928, "elapsed": 5046.990172, "datetime": "2021-03-11 17:39:29"}}
{"target": 7.457333333333334, "params": {"enc_rate": 1.0, "beta_enc": 0.9, "beta_rec": 0.8418970621523686, "gamma_fc": 0.18537798411534867, "k": 3.0, "cue_position": 0.0}, "datetime": {"delta": 25.89567, "elapsed": 5072.885842, "datetime": "2021-03-11 17:39:54"}}
{"target": 7.213333333333334, "params": {"enc_rate": 1.0, "beta_enc": 0.9, "beta_rec": 0.9011902470018724, "gamma_fc": 0.27368050348871475, "k": 3.0, "cue_position": 0.0}, "datetime": {"delta": 25.438389, "elapsed": 5098.324231, "datetime": "2021-03-11 17:40:20"}}
{"target": 5.715111111111112, "params": {"enc_rate": 1.0, "beta_enc": 0.9, "beta_rec": 0.3074301672251784, "gamma_fc": 0.14486299332700275, "k": 3.0, "cue_position": 0.0}, "datetime": {"delta": 22.715967, "elapsed": 5121.040198, "datetime": "2021-03-11 17:40:43"}}
{"target": 6.865333333333334, "params": {"enc_rate": 1.0, "beta_enc": 0.9, "beta_rec": 0.9982913411992705, "gamma_fc": 0.10017498049232931, "k": 3.0, "cue_position": 0.0}, "datetime": {"delta": 24.993296, "elapsed": 5146.033494, "datetime": "2021-03-11 17:41:08"}}
{"target": 7.613333333333334, "params": {"enc_rate": 1.0, "beta_enc": 0.9, "beta_rec": 0.8097609708667097, "gamma_fc": 0.10097435570004186, "k": 3.0, "cue_position": 0.0}, "datetime": {"delta": 26.182962, "elapsed": 5172.216456, "datetime": "2021-03-11 17:41:34"}}
