{"target": 10.25, "params": {"cue_position": 8.0, "beta_enc": 0.5005533336230403, "gamma_cf": 0.8337903963200597, "gamma_fc": 0.011609920325592715, "beta_rec": 0.021228183179002436}, "datetime": {"elapsed": 7171.679926, "datetime": "2020-06-14 11:43:26", "delta": 29.49523}}
{"target": 10.75, "params": {"cue_position": 8.0, "beta_enc": 0.4315779817971873, "gamma_cf": 0.8971612760145001, "gamma_fc": 0.0045131225564537525, "beta_rec": 0.676573278638098}, "datetime": {"elapsed": 7199.802735, "datetime": "2020-06-14 11:43:54", "delta": 28.122809}}
{"target": 12.0, "params": {"cue_position": 8.0, "beta_enc": 0.41968104828769837, "gamma_cf": 0.875576561669844, "gamma_fc": 0.04283354339199619, "beta_rec": 0.6732108411127318}, "datetime": {"elapsed": 7226.62578, "datetime": "2020-06-14 11:44:21", "delta": 26.823045}}
{"target": 11.75, "params": {"cue_position": 8.0, "beta_enc": 0.8821741834418773, "gamma_cf": 0.8498149341945801, "gamma_fc": 0.10086777270955771, "beta_rec": 0.9558637306959877}, "datetime": {"elapsed": 7251.085276, "datetime": "2020-06-14 11:44:45", "delta": 24.459496}}
{"target": 9.0, "params": {"cue_position": 8.0, "beta_enc": 0.26679511368362807, "gamma_cf": 0.6244761451977027, "gamma_fc": 0.13200023166103447, "beta_rec": 0.7919355250266689}, "datetime": {"elapsed": 7276.069739, "datetime": "2020-06-14 11:45:10", "delta": 24.984463}}
{"target": 10.125, "params": {"cue_position": 8.0, "beta_enc": 0.37862432516307243, "gamma_cf": 0.7633934488686797, "gamma_fc": 0.11230895936499818, "beta_rec": 0.9165011314210554}, "datetime": {"elapsed": 7303.610187, "datetime": "2020-06-14 11:45:38", "delta": 27.540448}}
{"target": 10.625, "params": {"cue_position": 8.0, "beta_enc": 0.3831678214804257, "gamma_cf": 0.7682715723519686, "gamma_fc": 0.1299924117154312, "beta_rec": 0.8947332477827202}, "datetime": {"elapsed": 7331.690242, "datetime": "2020-06-14 11:46:06", "delta": 28.080055}}
{"target": 7.0, "params": {"cue_position": 8.0, "beta_enc": 0.380060087610506, "gamma_cf": 0.8643509590151883, "gamma_fc": 0.2705963600103424, "beta_rec": 0.7382577224372977}, "datetime": {"elapsed": 7358.450431, "datetime": "2020-06-14 11:46:33", "delta": 26.760189}}
{"target": 10.0, "params": {"cue_position": 8.0, "beta_enc": 0.5483367090728968, "gamma_cf": 0.8834085138785696, "gamma_fc": 0.24624859523077613, "beta_rec": 0.8900962198960949}, "datetime": {"elapsed": 7383.626852, "datetime": "2020-06-14 11:46:58", "delta": 25.176421}}
{"target": 11.375, "params": {"cue_position": 8.0, "beta_enc": 0.4422854832027069, "gamma_cf": 0.884852057595768, "gamma_fc": 0.03104992218577518, "beta_rec": 0.670332404478398}, "datetime": {"elapsed": 7408.45882, "datetime": "2020-06-14 11:47:23", "delta": 24.831968}}
{"target": 10.625, "params": {"cue_position": 8.0, "beta_enc": 0.423754497672022, "gamma_cf": 0.8603060533150748, "gamma_fc": 0.03579312871669993, "beta_rec": 0.6732217308282126}, "datetime": {"elapsed": 7436.609786, "datetime": "2020-06-14 11:47:51", "delta": 28.150966}}
{"target": 10.0, "params": {"cue_position": 8.0, "beta_enc": 0.407350600177139, "gamma_cf": 0.7674242413135631, "gamma_fc": 0.13525127705633666, "beta_rec": 0.9197202683361891}, "datetime": {"elapsed": 7467.882727, "datetime": "2020-06-14 11:48:22", "delta": 31.272941}}
{"target": 9.0, "params": {"cue_position": 8.0, "beta_enc": 0.26758776915177407, "gamma_cf": 0.9234561033897034, "gamma_fc": 0.14955721430779023, "beta_rec": 0.9073042107993503}, "datetime": {"elapsed": 7495.879023, "datetime": "2020-06-14 11:48:50", "delta": 27.996296}}
{"target": 8.375, "params": {"cue_position": 8.0, "beta_enc": 0.42099823857251994, "gamma_cf": 0.9363810419010092, "gamma_fc": 0.07572928779849164, "beta_rec": 0.4039218124221039}, "datetime": {"elapsed": 7523.838789, "datetime": "2020-06-14 11:49:18", "delta": 27.959766}}
{"target": 10.375, "params": {"cue_position": 8.0, "beta_enc": 0.41348225874134414, "gamma_cf": 0.92656966478701, "gamma_fc": 0.06609182494494814, "beta_rec": 0.41975153697262757}, "datetime": {"elapsed": 7552.977183, "datetime": "2020-06-14 11:49:47", "delta": 29.138394}}
{"target": 9.5, "params": {"cue_position": 8.0, "beta_enc": 0.36362501522379964, "gamma_cf": 0.8795188510188356, "gamma_fc": 0.255183004584693, "beta_rec": 0.7504751177018821}, "datetime": {"elapsed": 7582.166429, "datetime": "2020-06-14 11:50:16", "delta": 29.189246}}
{"target": 11.875, "params": {"cue_position": 8.0, "beta_enc": 0.41917884848528386, "gamma_cf": 0.8677528809817417, "gamma_fc": 0.036233251770782626, "beta_rec": 0.6689057220636063}, "datetime": {"elapsed": 7611.197703, "datetime": "2020-06-14 11:50:45", "delta": 29.031274}}
{"target": 9.875, "params": {"cue_position": 8.0, "beta_enc": 0.39994745713797053, "gamma_cf": 0.757459250806447, "gamma_fc": 0.1369365490246074, "beta_rec": 0.9125725621795258}, "datetime": {"elapsed": 7638.465754, "datetime": "2020-06-14 11:51:13", "delta": 27.268051}}
{"target": 11.625, "params": {"cue_position": 8.0, "beta_enc": 0.41919970923228445, "gamma_cf": 0.8800158342157481, "gamma_fc": 0.05128147406424721, "beta_rec": 0.6751334124338708}, "datetime": {"elapsed": 7667.591492, "datetime": "2020-06-14 11:51:42", "delta": 29.125738}}
{"target": 10.875, "params": {"cue_position": 8.0, "beta_enc": 0.2882863890105126, "gamma_cf": 0.9179595182225403, "gamma_fc": 0.1603677317549811, "beta_rec": 0.9176704166122674}, "datetime": {"elapsed": 7695.719932, "datetime": "2020-06-14 11:52:10", "delta": 28.12844}}
{"target": 11.625, "params": {"cue_position": 8.0, "beta_enc": 0.4029040328355097, "gamma_cf": 0.7751799543536697, "gamma_fc": 0.11796344156175587, "beta_rec": 0.9177459331012175}, "datetime": {"elapsed": 7722.671374, "datetime": "2020-06-14 11:52:37", "delta": 26.951442}}
{"target": 9.875, "params": {"cue_position": 8.0, "beta_enc": 0.4317679624661964, "gamma_cf": 0.8999388983935935, "gamma_fc": 0.01426560131026644, "beta_rec": 0.6945501335890903}, "datetime": {"elapsed": 7747.954425, "datetime": "2020-06-14 11:53:02", "delta": 25.283051}}
{"target": 11.875, "params": {"cue_position": 8.0, "beta_enc": 0.44562495564410276, "gamma_cf": 0.866147394906174, "gamma_fc": 0.02325388895963376, "beta_rec": 0.6971869450709781}, "datetime": {"elapsed": 7775.139868, "datetime": "2020-06-14 11:53:29", "delta": 27.185443}}
{"target": 8.875, "params": {"cue_position": 8.0, "beta_enc": 0.2895798583962693, "gamma_cf": 0.9306267521289411, "gamma_fc": 0.13820022522042696, "beta_rec": 0.8881154410691453}, "datetime": {"elapsed": 7803.357211, "datetime": "2020-06-14 11:53:58", "delta": 28.217343}}
{"target": 7.875, "params": {"cue_position": 8.0, "beta_enc": 0.8754304426039632, "gamma_cf": 0.845170644858822, "gamma_fc": 0.10350078398952822, "beta_rec": 0.9542748865292232}, "datetime": {"elapsed": 7830.984128, "datetime": "2020-06-14 11:54:25", "delta": 27.626917}}
{"target": 12.125, "params": {"cue_position": 8.0, "beta_enc": 0.43451651397798585, "gamma_cf": 0.88806759285467, "gamma_fc": 0.016165185931026227, "beta_rec": 0.6764965546563332}, "datetime": {"elapsed": 7857.122351, "datetime": "2020-06-14 11:54:51", "delta": 26.138223}}
{"target": 8.375, "params": {"cue_position": 8.0, "beta_enc": 0.287635555339973, "gamma_cf": 0.917906255925812, "gamma_fc": 0.17798750779017225, "beta_rec": 0.9231216572124089}, "datetime": {"elapsed": 7888.999764, "datetime": "2020-06-14 11:55:23", "delta": 31.877413}}
{"target": 10.875, "params": {"cue_position": 8.0, "beta_enc": 0.4437356789795853, "gamma_cf": 0.8815673801744167, "gamma_fc": 0.022337532738462285, "beta_rec": 0.707914684354703}, "datetime": {"elapsed": 7924.545274, "datetime": "2020-06-14 11:55:59", "delta": 35.54551}}
{"target": 11.125, "params": {"cue_position": 8.0, "beta_enc": 0.44003578697599355, "gamma_cf": 0.8828115215086456, "gamma_fc": 0.05683743052557322, "beta_rec": 0.6879011595084449}, "datetime": {"elapsed": 7958.229017, "datetime": "2020-06-14 11:56:32", "delta": 33.683743}}
{"target": 10.75, "params": {"cue_position": 8.0, "beta_enc": 0.42993470196781236, "gamma_cf": 0.8790045401228962, "gamma_fc": 0.02522854021116694, "beta_rec": 0.6705534066654556}, "datetime": {"elapsed": 7988.2794, "datetime": "2020-06-14 11:57:02", "delta": 30.050383}}
{"target": 11.0, "params": {"cue_position": 8.0, "beta_enc": 0.45390189263056546, "gamma_cf": 0.8746076243599948, "gamma_fc": 0.04711938699934515, "beta_rec": 0.6730978267683937}, "datetime": {"elapsed": 8024.259445, "datetime": "2020-06-14 11:57:38", "delta": 35.980045}}
{"target": 8.5, "params": {"cue_position": 8.0, "beta_enc": 0.21398924289973653, "gamma_cf": 0.8089701735948007, "gamma_fc": 0.2607035503221179, "beta_rec": 0.6100780927194057}, "datetime": {"elapsed": 8056.120995, "datetime": "2020-06-14 11:58:10", "delta": 31.86155}}
{"target": 11.125, "params": {"cue_position": 8.0, "beta_enc": 0.42393351829468473, "gamma_cf": 0.8719124169594216, "gamma_fc": 0.038688015459029446, "beta_rec": 0.6878138783334652}, "datetime": {"elapsed": 8087.00422, "datetime": "2020-06-14 11:58:41", "delta": 30.883225}}
{"target": 10.25, "params": {"cue_position": 8.0, "beta_enc": 0.4140801394542387, "gamma_cf": 0.8710111776344757, "gamma_fc": 0.02667088472184087, "beta_rec": 0.716665748998076}, "datetime": {"elapsed": 8120.081522, "datetime": "2020-06-14 11:59:14", "delta": 33.077302}}
{"target": 10.0, "params": {"cue_position": 8.0, "beta_enc": 0.39283865006986307, "gamma_cf": 0.7538925392306688, "gamma_fc": 0.10619023675323236, "beta_rec": 0.9003496248687586}, "datetime": {"elapsed": 8152.701908, "datetime": "2020-06-14 11:59:47", "delta": 32.620386}}
{"target": 9.625, "params": {"cue_position": 8.0, "beta_enc": 0.4034639537279062, "gamma_cf": 0.7707769737166232, "gamma_fc": 0.11188185666123562, "beta_rec": 0.8857486615814906}, "datetime": {"elapsed": 8183.485828, "datetime": "2020-06-14 12:00:18", "delta": 30.78392}}
{"target": 9.375, "params": {"cue_position": 8.0, "beta_enc": 0.405449544963556, "gamma_cf": 0.7667969715963296, "gamma_fc": 0.13183451140478952, "beta_rec": 0.9159862529126281}, "datetime": {"elapsed": 8219.360741, "datetime": "2020-06-14 12:00:54", "delta": 35.874913}}
{"target": 10.625, "params": {"cue_position": 8.0, "beta_enc": 0.43123237345617693, "gamma_cf": 0.8970378421369825, "gamma_fc": 0.016340981523715103, "beta_rec": 0.6757603833214404}, "datetime": {"elapsed": 8251.593439, "datetime": "2020-06-14 12:01:26", "delta": 32.232698}}
{"target": 10.375, "params": {"cue_position": 8.0, "beta_enc": 0.3849191526933615, "gamma_cf": 0.778561570444569, "gamma_fc": 0.13432746252434424, "beta_rec": 0.9155095764167216}, "datetime": {"elapsed": 8284.49965, "datetime": "2020-06-14 12:01:59", "delta": 32.906211}}
{"target": 8.875, "params": {"cue_position": 8.0, "beta_enc": 0.3034875541784453, "gamma_cf": 0.9401783482634803, "gamma_fc": 0.1417903555619101, "beta_rec": 0.9079776709832375}, "datetime": {"elapsed": 8316.316388, "datetime": "2020-06-14 12:02:30", "delta": 31.816738}}
{"target": 10.125, "params": {"cue_position": 8.0, "beta_enc": 0.6092761131208864, "gamma_cf": 0.9373384221507819, "gamma_fc": 0.3293754506889579, "beta_rec": 0.9682342127204784}, "datetime": {"elapsed": 8348.539959, "datetime": "2020-06-14 12:03:03", "delta": 32.223571}}
{"target": 10.375, "params": {"cue_position": 8.0, "beta_enc": 0.42078596473651364, "gamma_cf": 0.8609479974579123, "gamma_fc": 0.04742415462859595, "beta_rec": 0.692576918297949}, "datetime": {"elapsed": 8379.854726, "datetime": "2020-06-14 12:03:34", "delta": 31.314767}}
{"target": 11.375, "params": {"cue_position": 8.0, "beta_enc": 0.44914480486575015, "gamma_cf": 0.8604792164796318, "gamma_fc": 0.023060385181131515, "beta_rec": 0.7044420822164125}, "datetime": {"elapsed": 8412.484662, "datetime": "2020-06-14 12:04:07", "delta": 32.629936}}
{"target": 11.375, "params": {"cue_position": 8.0, "beta_enc": 0.4319475838803135, "gamma_cf": 0.7786856949160093, "gamma_fc": 0.10580376818425163, "beta_rec": 0.9015194243049127}, "datetime": {"elapsed": 8443.160027, "datetime": "2020-06-14 12:04:37", "delta": 30.675365}}
{"target": 10.625, "params": {"cue_position": 8.0, "beta_enc": 0.43404765181575466, "gamma_cf": 0.8859635479268518, "gamma_fc": 0.014750054043644933, "beta_rec": 0.6817099605146679}, "datetime": {"elapsed": 8477.0542, "datetime": "2020-06-14 12:05:11", "delta": 33.894173}}
{"target": 11.0, "params": {"cue_position": 8.0, "beta_enc": 0.4154705916589515, "gamma_cf": 0.8690824772204494, "gamma_fc": 0.06007033644178916, "beta_rec": 0.6913068856333084}, "datetime": {"elapsed": 8509.34002, "datetime": "2020-06-14 12:05:43", "delta": 32.28582}}
{"target": 10.875, "params": {"cue_position": 8.0, "beta_enc": 0.4278460227990547, "gamma_cf": 0.8685658140393459, "gamma_fc": 0.007296463654898, "beta_rec": 0.6736216906253635}, "datetime": {"elapsed": 8541.525934, "datetime": "2020-06-14 12:06:16", "delta": 32.185914}}
{"target": 10.625, "params": {"cue_position": 8.0, "beta_enc": 0.4295331342642166, "gamma_cf": 0.8810856563897568, "gamma_fc": 0.02232134324459978, "beta_rec": 0.6531879759734417}, "datetime": {"elapsed": 8573.715172, "datetime": "2020-06-14 12:06:48", "delta": 32.189238}}
{"target": 7.25, "params": {"cue_position": 8.0, "beta_enc": 0.28006035868797624, "gamma_cf": 0.4889322415178201, "gamma_fc": 0.2622453923620346, "beta_rec": 0.9282751743234283}, "datetime": {"elapsed": 8606.965479, "datetime": "2020-06-14 12:07:21", "delta": 33.250307}}
{"target": 9.25, "params": {"cue_position": 8.0, "beta_enc": 0.40208086675050436, "gamma_cf": 0.9236221575574444, "gamma_fc": 0.08247549357548323, "beta_rec": 0.4166858760492912}, "datetime": {"elapsed": 8640.842202, "datetime": "2020-06-14 12:07:55", "delta": 33.876723}}
{"target": 9.5, "params": {"cue_position": 8.0, "beta_enc": 0.4342667803871274, "gamma_cf": 0.8901071657645533, "gamma_fc": 0.018137366860833448, "beta_rec": 0.6757764555111182}, "datetime": {"elapsed": 8676.076673, "datetime": "2020-06-14 12:08:30", "delta": 35.234471}}
{"target": 10.625, "params": {"cue_position": 8.0, "beta_enc": 0.4325580415915423, "gamma_cf": 0.8748024587768798, "gamma_fc": 0.005094411299298551, "beta_rec": 0.6909739053387713}, "datetime": {"elapsed": 8707.66924, "datetime": "2020-06-14 12:09:02", "delta": 31.592567}}
{"target": 10.625, "params": {"cue_position": 8.0, "beta_enc": 0.3648976195447804, "gamma_cf": 0.7560493537813902, "gamma_fc": 0.12003696811372122, "beta_rec": 0.8963250693230521}, "datetime": {"elapsed": 8741.522841, "datetime": "2020-06-14 12:09:36", "delta": 33.853601}}
{"target": 9.5, "params": {"cue_position": 8.0, "beta_enc": 0.31184709918248454, "gamma_cf": 0.5412702472844791, "gamma_fc": 0.30889553585634466, "beta_rec": 0.9862425946750641}, "datetime": {"elapsed": 8776.607249, "datetime": "2020-06-14 12:10:11", "delta": 35.084408}}
{"target": 10.5, "params": {"cue_position": 8.0, "beta_enc": 0.42539628315049205, "gamma_cf": 0.8534986331987294, "gamma_fc": 0.035621119955561276, "beta_rec": 0.6787484456551666}, "datetime": {"elapsed": 8806.481695, "datetime": "2020-06-14 12:10:41", "delta": 29.874446}}
{"target": 9.875, "params": {"cue_position": 8.0, "beta_enc": 0.28374274255760434, "gamma_cf": 0.9119800941037708, "gamma_fc": 0.14316912282745564, "beta_rec": 0.908640807843508}, "datetime": {"elapsed": 8838.473679, "datetime": "2020-06-14 12:11:13", "delta": 31.991984}}
{"target": 11.0, "params": {"cue_position": 8.0, "beta_enc": 0.9214627120117574, "gamma_cf": 0.08490419516346691, "gamma_fc": 0.8196076444885172, "beta_rec": 0.8968572517008385}, "datetime": {"elapsed": 8869.297695, "datetime": "2020-06-14 12:11:43", "delta": 30.824016}}
{"target": 10.625, "params": {"cue_position": 8.0, "beta_enc": 0.42015323671801164, "gamma_cf": 0.8464693148103771, "gamma_fc": 0.05338028925306704, "beta_rec": 0.685569044513679}, "datetime": {"elapsed": 8900.721085, "datetime": "2020-06-14 12:12:15", "delta": 31.42339}}
{"target": 9.5, "params": {"cue_position": 8.0, "beta_enc": 0.3582243430364279, "gamma_cf": 0.5437946896475769, "gamma_fc": 0.029637717127263596, "beta_rec": 0.6704095651068861}, "datetime": {"elapsed": 8932.120313, "datetime": "2020-06-14 12:12:46", "delta": 31.399228}}
{"target": 6.375, "params": {"cue_position": 8.0, "beta_enc": 0.477344844897196, "gamma_cf": 0.3610225121305555, "gamma_fc": 0.480274930032361, "beta_rec": 0.740956601978289}, "datetime": {"elapsed": 8968.708151, "datetime": "2020-06-14 12:13:23", "delta": 36.587838}}
{"target": 10.25, "params": {"cue_position": 8.0, "beta_enc": 0.27589827069356765, "gamma_cf": 0.9184266785064766, "gamma_fc": 0.14079393598152568, "beta_rec": 0.9154864279573016}, "datetime": {"elapsed": 9001.306728, "datetime": "2020-06-14 12:13:55", "delta": 32.598577}}
{"target": 10.75, "params": {"cue_position": 8.0, "beta_enc": 0.44947676299484984, "gamma_cf": 0.8670130729751965, "gamma_fc": 0.049116616016291914, "beta_rec": 0.6658197108419137}, "datetime": {"elapsed": 9034.026131, "datetime": "2020-06-14 12:14:28", "delta": 32.719403}}
{"target": 9.875, "params": {"cue_position": 8.0, "beta_enc": 0.42419177621263626, "gamma_cf": 0.9001749693691705, "gamma_fc": 0.04226082891599803, "beta_rec": 0.6805212879710436}, "datetime": {"elapsed": 9065.60786, "datetime": "2020-06-14 12:15:00", "delta": 31.581729}}
{"target": 8.875, "params": {"cue_position": 8.0, "beta_enc": 0.43028559602934935, "gamma_cf": 0.8845208305666855, "gamma_fc": 0.013071681397435087, "beta_rec": 0.6914094359999842}, "datetime": {"elapsed": 9100.132282, "datetime": "2020-06-14 12:15:34", "delta": 34.524422}}
{"target": 10.125, "params": {"cue_position": 8.0, "beta_enc": 0.42086071735238384, "gamma_cf": 0.8697702623616284, "gamma_fc": 0.025745391954451136, "beta_rec": 0.6695956926190034}, "datetime": {"elapsed": 9132.169741, "datetime": "2020-06-14 12:16:06", "delta": 32.037459}}
{"target": 9.875, "params": {"cue_position": 8.0, "beta_enc": 0.39458316814435357, "gamma_cf": 0.7656998767061265, "gamma_fc": 0.13798875388871934, "beta_rec": 0.9153243197643193}, "datetime": {"elapsed": 9165.066105, "datetime": "2020-06-14 12:16:39", "delta": 32.896364}}
{"target": 11.375, "params": {"cue_position": 8.0, "beta_enc": 0.38797806193274886, "gamma_cf": 0.7831841549758582, "gamma_fc": 0.13685665362712374, "beta_rec": 0.9018404311389787}, "datetime": {"elapsed": 9195.80017, "datetime": "2020-06-14 12:17:10", "delta": 30.734065}}
{"target": 10.25, "params": {"cue_position": 8.0, "beta_enc": 0.508854655765455, "gamma_cf": 0.8239081804834876, "gamma_fc": 0.026882986555738952, "beta_rec": 0.030095097481481536}, "datetime": {"elapsed": 9230.265939, "datetime": "2020-06-14 12:17:44", "delta": 34.465769}}
{"target": 10.0, "params": {"cue_position": 8.0, "beta_enc": 0.44446726311177887, "gamma_cf": 0.870146848158208, "gamma_fc": 0.009534524266361921, "beta_rec": 0.6727241972585438}, "datetime": {"elapsed": 9262.354141, "datetime": "2020-06-14 12:18:17", "delta": 32.088202}}
{"target": 6.25, "params": {"cue_position": 8.0, "beta_enc": 0.6202611378061738, "gamma_cf": 0.8876327782999678, "gamma_fc": 0.44610282030400805, "beta_rec": 0.9721496036289093}, "datetime": {"elapsed": 9295.668759, "datetime": "2020-06-14 12:18:50", "delta": 33.314618}}
{"target": 9.5, "params": {"cue_position": 8.0, "beta_enc": 0.5045975991057968, "gamma_cf": 0.8354610306283745, "gamma_fc": 0.002887914016460602, "beta_rec": 0.030126148125715013}, "datetime": {"elapsed": 9327.904101, "datetime": "2020-06-14 12:19:22", "delta": 32.235342}}
{"target": 10.375, "params": {"cue_position": 8.0, "beta_enc": 0.46698499880187383, "gamma_cf": 0.8891854121910401, "gamma_fc": 0.027566071507763912, "beta_rec": 0.6577929699063004}, "datetime": {"elapsed": 9361.715398, "datetime": "2020-06-14 12:19:56", "delta": 33.811297}}
{"target": 8.375, "params": {"cue_position": 8.0, "beta_enc": 0.2576328095221063, "gamma_cf": 0.6290246055222182, "gamma_fc": 0.12136556152824629, "beta_rec": 0.8101326964861016}, "datetime": {"elapsed": 9394.041158, "datetime": "2020-06-14 12:20:28", "delta": 32.32576}}
{"target": 10.5, "params": {"cue_position": 8.0, "beta_enc": 0.45293742808220017, "gamma_cf": 0.9154541452550581, "gamma_fc": 0.008688043230770548, "beta_rec": 0.684922743241793}, "datetime": {"elapsed": 9427.945364, "datetime": "2020-06-14 12:21:02", "delta": 33.904206}}
{"target": 11.375, "params": {"cue_position": 8.0, "beta_enc": 0.4482748828648757, "gamma_cf": 0.8607179198797683, "gamma_fc": 0.02269343884390007, "beta_rec": 0.7139055554519329}, "datetime": {"elapsed": 9461.748193, "datetime": "2020-06-14 12:21:36", "delta": 33.802829}}
{"target": 11.375, "params": {"cue_position": 8.0, "beta_enc": 0.42695896097365293, "gamma_cf": 0.8577563967764156, "gamma_fc": 0.05155936857562704, "beta_rec": 0.680170033342636}, "datetime": {"elapsed": 9498.760245, "datetime": "2020-06-14 12:22:13", "delta": 37.012052}}
{"target": 11.625, "params": {"cue_position": 8.0, "beta_enc": 0.435771314923045, "gamma_cf": 0.893215813904708, "gamma_fc": 0.005993208002388228, "beta_rec": 0.6981336494254272}, "datetime": {"elapsed": 9533.447855, "datetime": "2020-06-14 12:22:48", "delta": 34.68761}}
{"target": 10.25, "params": {"cue_position": 8.0, "beta_enc": 0.36810916359214807, "gamma_cf": 0.7724116718859819, "gamma_fc": 0.15006275331846608, "beta_rec": 0.8977495513930884}, "datetime": {"elapsed": 9570.336787, "datetime": "2020-06-14 12:23:24", "delta": 36.888932}}
{"target": 10.625, "params": {"cue_position": 8.0, "beta_enc": 0.40096145874023637, "gamma_cf": 0.7690761846516199, "gamma_fc": 0.10661882830620828, "beta_rec": 0.9044024351986161}, "datetime": {"elapsed": 9607.958117, "datetime": "2020-06-14 12:24:02", "delta": 37.62133}}
{"target": 8.25, "params": {"cue_position": 8.0, "beta_enc": 0.3136886590177971, "gamma_cf": 0.9206721197913704, "gamma_fc": 0.1328056176373782, "beta_rec": 0.9097039904218868}, "datetime": {"elapsed": 9643.161891, "datetime": "2020-06-14 12:24:37", "delta": 35.203774}}
