{"target": 7.125, "params": {"gamma_cf": 0.5781739184085382, "cue_position": 16.0, "beta_rec": 0.9275809425975434, "gamma_fc": 0.3987155436290084, "beta_enc": 0.8460545992364693}, "datetime": {"delta": 0.315552, "datetime": "2020-06-14 13:01:33", "elapsed": 112.666095}}
{"target": 7.5, "params": {"gamma_cf": 0.3110130678848415, "cue_position": 16.0, "beta_rec": 0.15407917183235742, "gamma_fc": 0.548489089666104, "beta_enc": 0.966612492642142}, "datetime": {"delta": 0.320807, "datetime": "2020-06-14 13:01:33", "elapsed": 112.986902}}
{"target": 8.75, "params": {"gamma_cf": 0.508482013429616, "cue_position": 16.0, "beta_rec": 0.23646965132615538, "gamma_fc": 0.7918638755846716, "beta_enc": 0.6820662584328149}, "datetime": {"delta": 0.347082, "datetime": "2020-06-14 13:01:33", "elapsed": 113.333984}}
{"target": 7.875, "params": {"gamma_cf": 0.47973756704915504, "cue_position": 16.0, "beta_rec": 0.11897333717301484, "gamma_fc": 0.9466766792396476, "beta_enc": 0.6924144621670756}, "datetime": {"delta": 0.326225, "datetime": "2020-06-14 13:01:34", "elapsed": 113.660209}}
{"target": 7.875, "params": {"gamma_cf": 0.8542379729163827, "cue_position": 16.0, "beta_rec": 0.08480182166035288, "gamma_fc": 0.7059273667647191, "beta_enc": 0.5534337062482657}, "datetime": {"delta": 0.329032, "datetime": "2020-06-14 13:01:34", "elapsed": 113.989241}}
{"target": 6.75, "params": {"gamma_cf": 0.6503981324841198, "cue_position": 16.0, "beta_rec": 0.32914600179429976, "gamma_fc": 0.5942908535866644, "beta_enc": 0.8949395201529242}, "datetime": {"delta": 0.30426, "datetime": "2020-06-14 13:01:34", "elapsed": 114.293501}}
{"target": 10.25, "params": {"gamma_cf": 0.8456149622311454, "cue_position": 16.0, "beta_rec": 0.4268213494482356, "gamma_fc": 0.9866774449680826, "beta_enc": 0.2314629355342478}, "datetime": {"delta": 0.375082, "datetime": "2020-06-14 13:01:35", "elapsed": 114.668583}}
{"target": 9.375, "params": {"gamma_cf": 0.6254353783114329, "cue_position": 16.0, "beta_rec": 0.7139280322669613, "gamma_fc": 0.258129649281871, "beta_enc": 0.06657080313237929}, "datetime": {"delta": 0.356555, "datetime": "2020-06-14 13:01:35", "elapsed": 115.025138}}
{"target": 8.625, "params": {"gamma_cf": 0.9117631736977988, "cue_position": 16.0, "beta_rec": 0.37114718446272954, "gamma_fc": 0.9424988742262075, "beta_enc": 0.6510076093084951}, "datetime": {"delta": 0.341162, "datetime": "2020-06-14 13:01:35", "elapsed": 115.3663}}
{"target": 8.75, "params": {"gamma_cf": 0.7504535467233241, "cue_position": 16.0, "beta_rec": 0.21446778083069262, "gamma_fc": 0.7510898073228061, "beta_enc": 0.6135500265601355}, "datetime": {"delta": 0.345014, "datetime": "2020-06-14 13:01:36", "elapsed": 115.711314}}
{"target": 9.75, "params": {"gamma_cf": 0.6316207452501602, "cue_position": 16.0, "beta_rec": 0.8301565261622993, "gamma_fc": 0.7107395698995863, "beta_enc": 0.2117213348484862}, "datetime": {"delta": 0.364501, "datetime": "2020-06-14 13:01:36", "elapsed": 116.075815}}
{"target": 6.75, "params": {"gamma_cf": 0.9029359021217099, "cue_position": 16.0, "beta_rec": 0.39026470459958096, "gamma_fc": 0.5874200192375769, "beta_enc": 0.7423834297071017}, "datetime": {"delta": 0.306642, "datetime": "2020-06-14 13:01:36", "elapsed": 116.382457}}
{"target": 9.5, "params": {"gamma_cf": 0.17272746332288003, "cue_position": 16.0, "beta_rec": 0.12897598414227607, "gamma_fc": 0.12643089028968502, "beta_enc": 0.09040971569479861}, "datetime": {"delta": 0.360255, "datetime": "2020-06-14 13:01:37", "elapsed": 116.742712}}
{"target": 6.125, "params": {"gamma_cf": 0.8790664013584655, "cue_position": 16.0, "beta_rec": 0.039411512184444275, "gamma_fc": 0.9735188608362936, "beta_enc": 0.7783008900676276}, "datetime": {"delta": 0.293418, "datetime": "2020-06-14 13:01:37", "elapsed": 117.03613}}
{"target": 8.375, "params": {"gamma_cf": 0.9485727683760076, "cue_position": 16.0, "beta_rec": 0.9762382645603884, "gamma_fc": 0.31129608245616713, "beta_enc": 0.6054220077270481}, "datetime": {"delta": 0.337277, "datetime": "2020-06-14 13:01:37", "elapsed": 117.373407}}
{"target": 10.25, "params": {"gamma_cf": 0.45855081090250105, "cue_position": 16.0, "beta_rec": 0.8106291034469015, "gamma_fc": 0.9306443921654484, "beta_enc": 0.798972840361593}, "datetime": {"delta": 0.376057, "datetime": "2020-06-14 13:01:38", "elapsed": 117.749464}}
{"target": 9.5, "params": {"gamma_cf": 0.9854449149448306, "cue_position": 16.0, "beta_rec": 0.9344454925295846, "gamma_fc": 0.03264386596259239, "beta_enc": 0.2578929844270399}, "datetime": {"delta": 0.361824, "datetime": "2020-06-14 13:01:38", "elapsed": 118.111288}}
{"target": 8.875, "params": {"gamma_cf": 0.259218125650737, "cue_position": 16.0, "beta_rec": 0.5655542353803811, "gamma_fc": 0.3268306848663751, "beta_enc": 0.7251666588327084}, "datetime": {"delta": 0.348154, "datetime": "2020-06-14 13:01:38", "elapsed": 118.459442}}
{"target": 9.25, "params": {"gamma_cf": 0.5023950058982584, "cue_position": 16.0, "beta_rec": 0.21926791032506077, "gamma_fc": 0.08318988869699773, "beta_enc": 0.24946220670138775}, "datetime": {"delta": 0.356064, "datetime": "2020-06-14 13:01:39", "elapsed": 118.815506}}
{"target": 7.5, "params": {"gamma_cf": 0.5153936931431213, "cue_position": 16.0, "beta_rec": 0.5336490760837309, "gamma_fc": 0.39994592398513173, "beta_enc": 0.7769841920273803}, "datetime": {"delta": 0.320786, "datetime": "2020-06-14 13:01:39", "elapsed": 119.136292}}
{"target": 5.375, "params": {"gamma_cf": 0.930854967759968, "cue_position": 16.0, "beta_rec": 0.02824262016291268, "gamma_fc": 0.39091871150145807, "beta_enc": 0.986246782436295}, "datetime": {"delta": 0.275633, "datetime": "2020-06-14 13:01:39", "elapsed": 119.411925}}
{"target": 7.875, "params": {"gamma_cf": 0.8032081943280084, "cue_position": 16.0, "beta_rec": 0.619213297933239, "gamma_fc": 0.2539338558777352, "beta_enc": 0.2144648711333198}, "datetime": {"delta": 0.329505, "datetime": "2020-06-14 13:01:40", "elapsed": 119.74143}}
{"target": 10.0, "params": {"gamma_cf": 0.5353808917305217, "cue_position": 16.0, "beta_rec": 0.915915790009957, "gamma_fc": 0.8628389805786156, "beta_enc": 0.2908061550326779}, "datetime": {"delta": 0.371167, "datetime": "2020-06-14 13:01:40", "elapsed": 120.112597}}
{"target": 9.0, "params": {"gamma_cf": 0.29481201179849537, "cue_position": 16.0, "beta_rec": 0.9978842782249023, "gamma_fc": 0.04157423394916726, "beta_enc": 0.3525325688050618}, "datetime": {"delta": 0.351226, "datetime": "2020-06-14 13:01:40", "elapsed": 120.463823}}
{"target": 7.125, "params": {"gamma_cf": 0.6408076240458747, "cue_position": 16.0, "beta_rec": 0.4648876309118224, "gamma_fc": 0.7230933996660097, "beta_enc": 0.9897069537867418}, "datetime": {"delta": 0.312241, "datetime": "2020-06-14 13:01:41", "elapsed": 120.776064}}
{"target": 11.125, "params": {"gamma_cf": 0.5519950271541971, "cue_position": 16.0, "beta_rec": 0.9200454054097137, "gamma_fc": 0.963915888684551, "beta_enc": 0.05111090382611627}, "datetime": {"delta": 0.393568, "datetime": "2020-06-14 13:01:41", "elapsed": 121.169632}}
{"target": 9.375, "params": {"gamma_cf": 0.6280232317552282, "cue_position": 16.0, "beta_rec": 0.6021466271365452, "gamma_fc": 0.3006322885237481, "beta_enc": 0.28095553699036746}, "datetime": {"delta": 0.357817, "datetime": "2020-06-14 13:01:41", "elapsed": 121.527449}}
{"target": 6.5, "params": {"gamma_cf": 0.049396384633314305, "cue_position": 16.0, "beta_rec": 0.06978597850420853, "gamma_fc": 0.15045502836766345, "beta_enc": 0.8193583846560202}, "datetime": {"delta": 0.301123, "datetime": "2020-06-14 13:01:42", "elapsed": 121.828572}}
{"target": 9.75, "params": {"gamma_cf": 0.6475529858164272, "cue_position": 16.0, "beta_rec": 0.9553899892571747, "gamma_fc": 0.5276215084563493, "beta_enc": 0.39535047379469035}, "datetime": {"delta": 0.363425, "datetime": "2020-06-14 13:01:42", "elapsed": 122.191997}}
{"target": 9.0, "params": {"gamma_cf": 0.043821509727146934, "cue_position": 16.0, "beta_rec": 0.19819922932019185, "gamma_fc": 0.7131639731598145, "beta_enc": 0.353242405983059}, "datetime": {"delta": 0.3521, "datetime": "2020-06-14 13:01:42", "elapsed": 122.544097}}
{"target": 9.0, "params": {"gamma_cf": 0.10997597244532042, "cue_position": 16.0, "beta_rec": 0.4437697927247224, "gamma_fc": 0.9387191733689311, "beta_enc": 0.6538401991962549}, "datetime": {"delta": 0.349347, "datetime": "2020-06-14 13:01:43", "elapsed": 122.893444}}
{"target": 8.375, "params": {"gamma_cf": 0.41656672901474745, "cue_position": 16.0, "beta_rec": 0.6590356596658833, "gamma_fc": 0.48215392215746744, "beta_enc": 0.8476267092393875}, "datetime": {"delta": 0.338985, "datetime": "2020-06-14 13:01:43", "elapsed": 123.232429}}
{"target": 7.375, "params": {"gamma_cf": 0.554518498278167, "cue_position": 16.0, "beta_rec": 0.8635929549181026, "gamma_fc": 0.8754038622793218, "beta_enc": 0.9352837700068006}, "datetime": {"delta": 0.315033, "datetime": "2020-06-14 13:01:43", "elapsed": 123.547462}}
{"target": 7.0, "params": {"gamma_cf": 0.35162490636044264, "cue_position": 16.0, "beta_rec": 0.639184755868246, "gamma_fc": 0.91802831908618, "beta_enc": 0.9492644337722901}, "datetime": {"delta": 0.310193, "datetime": "2020-06-14 13:01:44", "elapsed": 123.857655}}
{"target": 8.0, "params": {"gamma_cf": 0.8498718814403323, "cue_position": 16.0, "beta_rec": 0.5520558812247628, "gamma_fc": 0.8084113566061418, "beta_enc": 0.8367520498538312}, "datetime": {"delta": 0.3305, "datetime": "2020-06-14 13:01:44", "elapsed": 124.188155}}
{"target": 10.75, "params": {"gamma_cf": 0.7708318305538303, "cue_position": 16.0, "beta_rec": 0.5360025748218121, "gamma_fc": 0.4207131990251918, "beta_enc": 0.13069282439738805}, "datetime": {"delta": 0.385784, "datetime": "2020-06-14 13:01:45", "elapsed": 124.573939}}
{"target": 3.375, "params": {"gamma_cf": 0.954200507429589, "cue_position": 16.0, "beta_rec": 0.25077315667300226, "gamma_fc": 0.8087153481852897, "beta_enc": 0.9778803933599658}, "datetime": {"delta": 0.235539, "datetime": "2020-06-14 13:01:45", "elapsed": 124.809478}}
{"target": 7.25, "params": {"gamma_cf": 0.2355219566098693, "cue_position": 16.0, "beta_rec": 0.011589589409895185, "gamma_fc": 0.2959350518874113, "beta_enc": 0.9003400045106619}, "datetime": {"delta": 0.315872, "datetime": "2020-06-14 13:01:45", "elapsed": 125.12535}}
{"target": 9.875, "params": {"gamma_cf": 0.3652744612070937, "cue_position": 16.0, "beta_rec": 0.7240848448640741, "gamma_fc": 0.5846916130045258, "beta_enc": 0.7379954964038409}, "datetime": {"delta": 0.367545, "datetime": "2020-06-14 13:01:45", "elapsed": 125.492895}}
{"target": 8.5, "params": {"gamma_cf": 0.39564827226754884, "cue_position": 16.0, "beta_rec": 0.550579559007862, "gamma_fc": 0.7717184824154584, "beta_enc": 0.5337077546342763}, "datetime": {"delta": 0.341228, "datetime": "2020-06-14 13:01:46", "elapsed": 125.834123}}
{"target": 6.75, "params": {"gamma_cf": 0.0035547604644260433, "cue_position": 16.0, "beta_rec": 0.655760767903366, "gamma_fc": 0.7233610443943062, "beta_enc": 0.2512031833493866}, "datetime": {"delta": 0.30496, "datetime": "2020-06-14 13:01:46", "elapsed": 126.139083}}
{"target": 9.625, "params": {"gamma_cf": 0.24294712577080113, "cue_position": 16.0, "beta_rec": 0.5437874916638252, "gamma_fc": 0.9138438752466082, "beta_enc": 0.10899503392964371}, "datetime": {"delta": 0.363593, "datetime": "2020-06-14 13:01:46", "elapsed": 126.502676}}
{"target": 8.5, "params": {"gamma_cf": 0.10550707999733477, "cue_position": 16.0, "beta_rec": 0.23169469139485988, "gamma_fc": 0.5552253185313445, "beta_enc": 0.6223125286916178}, "datetime": {"delta": 0.339858, "datetime": "2020-06-14 13:01:47", "elapsed": 126.842534}}
{"target": 10.375, "params": {"gamma_cf": 0.6494668079547463, "cue_position": 16.0, "beta_rec": 0.5809840726750195, "gamma_fc": 0.71582695285818, "beta_enc": 0.0949560698024915}, "datetime": {"delta": 0.377007, "datetime": "2020-06-14 13:01:47", "elapsed": 127.219541}}
{"target": 9.0, "params": {"gamma_cf": 0.8075122716430321, "cue_position": 16.0, "beta_rec": 0.6575214077031101, "gamma_fc": 0.6196819920538628, "beta_enc": 0.5241856145686612}, "datetime": {"delta": 0.350426, "datetime": "2020-06-14 13:01:48", "elapsed": 127.569967}}
{"target": 9.5, "params": {"gamma_cf": 0.7029317321143713, "cue_position": 16.0, "beta_rec": 0.40794998904736746, "gamma_fc": 0.18493502237340165, "beta_enc": 0.45110246212077487}, "datetime": {"delta": 0.360644, "datetime": "2020-06-14 13:01:48", "elapsed": 127.930611}}
{"target": 9.5, "params": {"gamma_cf": 0.8455176755307064, "cue_position": 16.0, "beta_rec": 0.9088080323000569, "gamma_fc": 0.8202024663153499, "beta_enc": 0.5657321466292633}, "datetime": {"delta": 0.36151, "datetime": "2020-06-14 13:01:48", "elapsed": 128.292121}}
{"target": 7.0, "params": {"gamma_cf": 0.9226386946886712, "cue_position": 16.0, "beta_rec": 0.0375838514857032, "gamma_fc": 0.04415479603186245, "beta_enc": 0.4993411012978345}, "datetime": {"delta": 0.308557, "datetime": "2020-06-14 13:01:49", "elapsed": 128.600678}}
{"target": 10.375, "params": {"gamma_cf": 0.9810797572402973, "cue_position": 16.0, "beta_rec": 0.6190396347254709, "gamma_fc": 0.15597523304342242, "beta_enc": 0.3724987664053595}, "datetime": {"delta": 0.379303, "datetime": "2020-06-14 13:01:49", "elapsed": 128.979981}}
{"target": 9.25, "params": {"gamma_cf": 0.4663089892093414, "cue_position": 16.0, "beta_rec": 0.6180113243466446, "gamma_fc": 0.49100852913292925, "beta_enc": 0.5396791951612744}, "datetime": {"delta": 0.353791, "datetime": "2020-06-14 13:01:49", "elapsed": 129.333772}}
{"target": 7.875, "params": {"gamma_cf": 0.6669425431939752, "cue_position": 16.0, "beta_rec": 0.6342807527738734, "gamma_fc": 0.45337742652219837, "beta_enc": 0.766862376326542}, "datetime": {"delta": 0.328123, "datetime": "2020-06-14 13:01:50", "elapsed": 129.661895}}
{"target": 7.5, "params": {"gamma_cf": 0.7880495511723071, "cue_position": 16.0, "beta_rec": 0.6585680415583619, "gamma_fc": 0.6028653375383973, "beta_enc": 0.5257115913414097}, "datetime": {"delta": 0.322443, "datetime": "2020-06-14 13:01:50", "elapsed": 129.984338}}
{"target": 6.125, "params": {"gamma_cf": 0.8956418025994466, "cue_position": 16.0, "beta_rec": 0.22238319353117575, "gamma_fc": 0.6014334096987881, "beta_enc": 0.9803328851373277}, "datetime": {"delta": 0.293308, "datetime": "2020-06-14 13:01:50", "elapsed": 130.277646}}
{"target": 5.125, "params": {"gamma_cf": 0.9460550298475632, "cue_position": 16.0, "beta_rec": 0.41367016420136027, "gamma_fc": 0.20018606573932207, "beta_enc": 0.725958845848815}, "datetime": {"delta": 0.272777, "datetime": "2020-06-14 13:01:51", "elapsed": 130.550423}}
{"target": 7.125, "params": {"gamma_cf": 0.21520958659442757, "cue_position": 16.0, "beta_rec": 0.9695380120998964, "gamma_fc": 0.11737692031312974, "beta_enc": 0.8073652638773204}, "datetime": {"delta": 0.30968, "datetime": "2020-06-14 13:01:51", "elapsed": 130.860103}}
{"target": 7.5, "params": {"gamma_cf": 0.38961201587930516, "cue_position": 16.0, "beta_rec": 0.08121658594273329, "gamma_fc": 0.9052027659330404, "beta_enc": 0.7674235177414532}, "datetime": {"delta": 0.320245, "datetime": "2020-06-14 13:01:51", "elapsed": 131.180348}}
{"target": 10.0, "params": {"gamma_cf": 0.5952697806732562, "cue_position": 16.0, "beta_rec": 0.44087219982229087, "gamma_fc": 0.4621580966913571, "beta_enc": 0.18857760349946784}, "datetime": {"delta": 0.369645, "datetime": "2020-06-14 13:01:52", "elapsed": 131.549993}}
{"target": 6.875, "params": {"gamma_cf": 0.1935589577238105, "cue_position": 16.0, "beta_rec": 0.5738855268923474, "gamma_fc": 0.11396576145918635, "beta_enc": 0.5126497467571176}, "datetime": {"delta": 0.307794, "datetime": "2020-06-14 13:01:52", "elapsed": 131.857787}}
{"target": 9.5, "params": {"gamma_cf": 0.8477210140360106, "cue_position": 16.0, "beta_rec": 0.0524909638531339, "gamma_fc": 0.35911933892411074, "beta_enc": 0.151227927370148}, "datetime": {"delta": 0.360211, "datetime": "2020-06-14 13:01:52", "elapsed": 132.217998}}
{"target": 11.125, "params": {"gamma_cf": 0.4254034655756376, "cue_position": 16.0, "beta_rec": 0.42572441198511624, "gamma_fc": 0.81072123360737, "beta_enc": 0.07531087263581782}, "datetime": {"delta": 0.393514, "datetime": "2020-06-14 13:01:53", "elapsed": 132.611512}}
{"target": 9.25, "params": {"gamma_cf": 0.4702989247821753, "cue_position": 16.0, "beta_rec": 0.8699107732683544, "gamma_fc": 0.6826980429032513, "beta_enc": 0.9418862461867052}, "datetime": {"delta": 0.356476, "datetime": "2020-06-14 13:01:53", "elapsed": 132.967988}}
{"target": 10.0, "params": {"gamma_cf": 0.9062603959616818, "cue_position": 16.0, "beta_rec": 0.9824781185020439, "gamma_fc": 0.8071099016661061, "beta_enc": 0.013418310556529534}, "datetime": {"delta": 0.372172, "datetime": "2020-06-14 13:01:53", "elapsed": 133.34016}}
{"target": 8.75, "params": {"gamma_cf": 0.42880069291408873, "cue_position": 16.0, "beta_rec": 0.2689360577850649, "gamma_fc": 0.8493711007306549, "beta_enc": 0.8001396843869877}, "datetime": {"delta": 0.344151, "datetime": "2020-06-14 13:01:54", "elapsed": 133.684311}}
{"target": 8.875, "params": {"gamma_cf": 0.6193921656967597, "cue_position": 16.0, "beta_rec": 0.9354201140070618, "gamma_fc": 0.9806990363557802, "beta_enc": 0.45037964247172024}, "datetime": {"delta": 0.349386, "datetime": "2020-06-14 13:01:54", "elapsed": 134.033697}}
{"target": 8.5, "params": {"gamma_cf": 0.3347513437136638, "cue_position": 16.0, "beta_rec": 0.04549821604060378, "gamma_fc": 0.5321815485216747, "beta_enc": 0.6434625222408049}, "datetime": {"delta": 0.339838, "datetime": "2020-06-14 13:01:54", "elapsed": 134.373535}}
{"target": 10.0, "params": {"gamma_cf": 0.6813597548913063, "cue_position": 16.0, "beta_rec": 0.1222612302300028, "gamma_fc": 0.8671392999990885, "beta_enc": 0.2847462086131314}, "datetime": {"delta": 0.36982, "datetime": "2020-06-14 13:01:55", "elapsed": 134.743355}}
{"target": 10.25, "params": {"gamma_cf": 0.6465499357511519, "cue_position": 16.0, "beta_rec": 0.798620308278031, "gamma_fc": 0.20492214578063384, "beta_enc": 0.13238149356273743}, "datetime": {"delta": 0.375388, "datetime": "2020-06-14 13:01:55", "elapsed": 135.118743}}
{"target": 10.75, "params": {"gamma_cf": 0.477437955592217, "cue_position": 16.0, "beta_rec": 0.41849681753917567, "gamma_fc": 0.4674598920453694, "beta_enc": 0.2614207144058379}, "datetime": {"delta": 0.385283, "datetime": "2020-06-14 13:01:55", "elapsed": 135.504026}}
{"target": 6.75, "params": {"gamma_cf": 0.8778014186346996, "cue_position": 16.0, "beta_rec": 0.8701023653075677, "gamma_fc": 0.5710087619370731, "beta_enc": 0.8398407101976674}, "datetime": {"delta": 0.303976, "datetime": "2020-06-14 13:01:56", "elapsed": 135.808002}}
{"target": 6.25, "params": {"gamma_cf": 0.31929773707461884, "cue_position": 16.0, "beta_rec": 0.6065443482504677, "gamma_fc": 0.681204184117019, "beta_enc": 0.9640361333390818}, "datetime": {"delta": 0.296999, "datetime": "2020-06-14 13:01:56", "elapsed": 136.105001}}
{"target": 11.0, "params": {"gamma_cf": 0.6552012872247357, "cue_position": 16.0, "beta_rec": 0.13454642101194225, "gamma_fc": 0.1753325917713383, "beta_enc": 0.051965688505360985}, "datetime": {"delta": 0.391679, "datetime": "2020-06-14 13:01:56", "elapsed": 136.49668}}
{"target": 9.125, "params": {"gamma_cf": 0.9642243248492941, "cue_position": 16.0, "beta_rec": 0.04431165583310459, "gamma_fc": 0.5091394025163677, "beta_enc": 0.3411468232515472}, "datetime": {"delta": 0.354888, "datetime": "2020-06-14 13:01:57", "elapsed": 136.851568}}
{"target": 10.5, "params": {"gamma_cf": 0.865686014006334, "cue_position": 16.0, "beta_rec": 0.5230085317344643, "gamma_fc": 0.39206586893038686, "beta_enc": 0.15107451847143194}, "datetime": {"delta": 0.382522, "datetime": "2020-06-14 13:01:57", "elapsed": 137.23409}}
{"target": 6.375, "params": {"gamma_cf": 0.2542323546573524, "cue_position": 16.0, "beta_rec": 0.7617298626927418, "gamma_fc": 0.08408635417992949, "beta_enc": 0.28386751597340265}, "datetime": {"delta": 0.298111, "datetime": "2020-06-14 13:01:57", "elapsed": 137.532201}}
{"target": 5.5, "params": {"gamma_cf": 0.7367109576935199, "cue_position": 16.0, "beta_rec": 0.44789891562027984, "gamma_fc": 0.7964888671311956, "beta_enc": 0.8641440947640269}, "datetime": {"delta": 0.278733, "datetime": "2020-06-14 13:01:58", "elapsed": 137.810934}}
{"target": 10.0, "params": {"gamma_cf": 0.030997959828255817, "cue_position": 16.0, "beta_rec": 0.18412755617579835, "gamma_fc": 0.9467282696079524, "beta_enc": 0.44750813899031383}, "datetime": {"delta": 0.370693, "datetime": "2020-06-14 13:01:58", "elapsed": 138.181627}}
{"target": 7.375, "params": {"gamma_cf": 0.2516595841523237, "cue_position": 16.0, "beta_rec": 0.875388738450687, "gamma_fc": 0.2961299234959044, "beta_enc": 0.5769778464775016}, "datetime": {"delta": 0.314355, "datetime": "2020-06-14 13:01:58", "elapsed": 138.495982}}
{"target": 9.375, "params": {"gamma_cf": 0.509898378143109, "cue_position": 16.0, "beta_rec": 0.9620782128470935, "gamma_fc": 0.3437881034368444, "beta_enc": 0.5329225590316532}, "datetime": {"delta": 0.358048, "datetime": "2020-06-14 13:01:59", "elapsed": 138.85403}}
{"target": 5.625, "params": {"gamma_cf": 0.20412249999433585, "cue_position": 16.0, "beta_rec": 0.802866486432424, "gamma_fc": 0.06708946032885532, "beta_enc": 0.7697253449571857}, "datetime": {"delta": 0.280576, "datetime": "2020-06-14 13:01:59", "elapsed": 139.134606}}
{"target": 9.375, "params": {"gamma_cf": 0.8730834972744356, "cue_position": 16.0, "beta_rec": 0.2724008501293822, "gamma_fc": 0.1282309388454863, "beta_enc": 0.1986482644205615}, "datetime": {"delta": 0.358284, "datetime": "2020-06-14 13:01:59", "elapsed": 139.49289}}
{"target": 4.5, "params": {"gamma_cf": 0.9828807859209906, "cue_position": 16.0, "beta_rec": 0.6831708438541465, "gamma_fc": 0.41610077261814205, "beta_enc": 0.958188741714896}, "datetime": {"delta": 0.258972, "datetime": "2020-06-14 13:02:00", "elapsed": 139.751862}}
