{"target": 5.448888888888889, "params": {"gamma_fc": 0.30233257263183977, "beta_enc": 0.417022004702574, "beta_rec": 0.7203244934421581, "cue_position": 0.0}, "datetime": {"delta": 0.0, "elapsed": 0.0, "datetime": "2020-09-21 17:32:15"}}
{"target": 5.258333333333333, "params": {"gamma_fc": 0.34556072704304774, "beta_enc": 0.14675589081711304, "beta_rec": 0.0923385947687978, "cue_position": 0.0}, "datetime": {"delta": 288.568905, "elapsed": 288.568905, "datetime": "2020-09-21 17:37:04"}}
{"target": 5.296111111111111, "params": {"gamma_fc": 0.6852195003967595, "beta_enc": 0.39676747423066994, "beta_rec": 0.538816734003357, "cue_position": 0.0}, "datetime": {"delta": 289.796245, "elapsed": 578.36515, "datetime": "2020-09-21 17:41:53"}}
{"target": 5.321666666666667, "params": {"gamma_fc": 0.6704675101784022, "beta_enc": 0.20445224973151743, "beta_rec": 0.8781174363909454, "cue_position": 0.0}, "datetime": {"delta": 293.914435, "elapsed": 872.279585, "datetime": "2020-09-21 17:46:47"}}
{"target": 5.531111111111111, "params": {"gamma_fc": 0.1981014890848788, "beta_enc": 0.41730480236712697, "beta_rec": 0.5586898284457517, "cue_position": 0.0}, "datetime": {"delta": 296.762646, "elapsed": 1169.042231, "datetime": "2020-09-21 17:51:44"}}
{"target": 4.635555555555555, "params": {"gamma_fc": 0.6923226156693141, "beta_enc": 0.8007445686755367, "beta_rec": 0.9682615757193975, "cue_position": 0.0}, "datetime": {"delta": 263.961687, "elapsed": 1433.003918, "datetime": "2020-09-21 17:56:08"}}
{"target": 5.897222222222222, "params": {"gamma_fc": 0.03905478323288236, "beta_enc": 0.8763891522960383, "beta_rec": 0.8946066635038473, "cue_position": 0.0}, "datetime": {"delta": 277.372193, "elapsed": 1710.376111, "datetime": "2020-09-21 18:00:45"}}
{"target": 5.377777777777778, "params": {"gamma_fc": 0.42110762500505217, "beta_enc": 0.1698304195645689, "beta_rec": 0.8781425034294131, "cue_position": 0.0}, "datetime": {"delta": 292.328701, "elapsed": 2002.704812, "datetime": "2020-09-21 18:05:38"}}
{"target": 3.3655555555555554, "params": {"gamma_fc": 0.31551563100606295, "beta_enc": 0.9578895301505019, "beta_rec": 0.5331652849730171, "cue_position": 0.0}, "datetime": {"delta": 220.704828, "elapsed": 2223.40964, "datetime": "2020-09-21 18:09:18"}}
{"target": 4.871666666666666, "params": {"gamma_fc": 0.7501443149449675, "beta_enc": 0.6865009276815837, "beta_rec": 0.8346256718973729, "cue_position": 0.0}, "datetime": {"delta": 277.478792, "elapsed": 2500.888432, "datetime": "2020-09-21 18:13:56"}}
{"target": 2.075, "params": {"gamma_fc": 0.7892793284514885, "beta_enc": 0.9888610889064947, "beta_rec": 0.7481656543798394, "cue_position": 0.0}, "datetime": {"delta": 175.765457, "elapsed": 2676.653889, "datetime": "2020-09-21 18:16:52"}}
{"target": 5.323333333333333, "params": {"gamma_fc": 0.2936141483736795, "beta_enc": 0.10322600657764203, "beta_rec": 0.44789352617590517, "cue_position": 0.0}, "datetime": {"delta": 291.929334, "elapsed": 2968.583223, "datetime": "2020-09-21 18:21:44"}}
{"target": 5.248888888888889, "params": {"gamma_fc": 0.678835532939891, "beta_enc": 0.28777533858634874, "beta_rec": 0.13002857211827767, "cue_position": 0.0}, "datetime": {"delta": 289.023498, "elapsed": 3257.606721, "datetime": "2020-09-21 18:26:33"}}
{"target": 5.3933333333333335, "params": {"gamma_fc": 0.053362545117080384, "beta_enc": 0.21162811600005904, "beta_rec": 0.2655466593722262, "cue_position": 0.0}, "datetime": {"delta": 294.496512, "elapsed": 3552.103233, "datetime": "2020-09-21 18:31:27"}}
{"target": 4.698333333333334, "params": {"gamma_fc": 0.6997583600209312, "beta_enc": 0.5741176054920131, "beta_rec": 0.14672857490581015, "cue_position": 0.0}, "datetime": {"delta": 269.715792, "elapsed": 3821.819025, "datetime": "2020-09-21 18:35:57"}}
{"target": 5.338333333333333, "params": {"gamma_fc": 0.41417926952690265, "beta_enc": 0.10233442882782584, "beta_rec": 0.4140559878195683, "cue_position": 0.0}, "datetime": {"delta": 292.248663, "elapsed": 4114.067688, "datetime": "2020-09-21 18:40:49"}}
{"target": 5.300000000000001, "params": {"gamma_fc": 0.5148891120583086, "beta_enc": 0.04995345894608716, "beta_rec": 0.5358964059155116, "cue_position": 0.0}, "datetime": {"delta": 292.67221, "elapsed": 4406.739898, "datetime": "2020-09-21 18:45:42"}}
{"target": 3.9155555555555557, "params": {"gamma_fc": 0.13747470414623753, "beta_enc": 0.9445947559908133, "beta_rec": 0.5865550405019929, "cue_position": 0.0}, "datetime": {"delta": 241.752946, "elapsed": 4648.492844, "datetime": "2020-09-21 18:49:43"}}
{"target": 5.510555555555555, "params": {"gamma_fc": 0.16535419711693278, "beta_enc": 0.13927634725075855, "beta_rec": 0.8073912887095238, "cue_position": 0.0}, "datetime": {"delta": 298.454436, "elapsed": 4946.94728, "datetime": "2020-09-21 18:54:42"}}
{"target": 2.9522222222222223, "params": {"gamma_fc": 0.7259979853504515, "beta_enc": 0.9275085803960339, "beta_rec": 0.34776585974550656, "cue_position": 0.0}, "datetime": {"delta": 205.473224, "elapsed": 5152.420504, "datetime": "2020-09-21 18:58:07"}}
{"target": 4.281666666666666, "params": {"gamma_fc": 0.34889834197784253, "beta_enc": 0.8833060912058098, "beta_rec": 0.6236722070556089, "cue_position": 0.0}, "datetime": {"delta": 252.73251, "elapsed": 5405.153014, "datetime": "2020-09-21 19:02:20"}}
{"target": 5.307777777777778, "params": {"gamma_fc": 0.9648400471483856, "beta_enc": 0.2699278917650261, "beta_rec": 0.8958862181960668, "cue_position": 0.0}, "datetime": {"delta": 290.865677, "elapsed": 5696.018691, "datetime": "2020-09-21 19:07:11"}}
{"target": 4.651111111111112, "params": {"gamma_fc": 0.9494892587070712, "beta_enc": 0.6634414978184481, "beta_rec": 0.6216957202091218, "cue_position": 0.0}, "datetime": {"delta": 268.098025, "elapsed": 5964.116716, "datetime": "2020-09-21 19:11:39"}}
{"target": 5.455, "params": {"gamma_fc": 0.2370269802430277, "beta_enc": 0.4499121334799405, "beta_rec": 0.5783896143871318, "cue_position": 0.0}, "datetime": {"delta": 298.529611, "elapsed": 6262.646327, "datetime": "2020-09-21 19:16:38"}}
{"target": 3.469444444444444, "params": {"gamma_fc": 0.6171449136207239, "beta_enc": 0.9033795205622538, "beta_rec": 0.5736794866722859, "cue_position": 0.0}, "datetime": {"delta": 225.234862, "elapsed": 6487.881189, "datetime": "2020-09-21 19:20:23"}}
{"target": 5.3933333333333335, "params": {"gamma_fc": 0.35726976000249977, "beta_enc": 0.32664490177209615, "beta_rec": 0.5270581022576093, "cue_position": 0.0}, "datetime": {"delta": 294.958914, "elapsed": 6782.840103, "datetime": "2020-09-21 19:25:18"}}
{"target": 2.917777777777778, "params": {"gamma_fc": 0.9294372337437613, "beta_enc": 0.9085351509197992, "beta_rec": 0.6233601157918027, "cue_position": 0.0}, "datetime": {"delta": 206.830403, "elapsed": 6989.670506, "datetime": "2020-09-21 19:28:45"}}
{"target": 5.907777777777778, "params": {"gamma_fc": 0.13713574962887776, "beta_enc": 0.690896917516924, "beta_rec": 0.9973228504514805, "cue_position": 0.0}, "datetime": {"delta": 313.830359, "elapsed": 7303.500865, "datetime": "2020-09-21 19:33:58"}}
{"target": 2.9716666666666667, "params": {"gamma_fc": 0.7554630526024664, "beta_enc": 0.9325954630371636, "beta_rec": 0.6968181614899002, "cue_position": 0.0}, "datetime": {"delta": 208.92738, "elapsed": 7512.428245, "datetime": "2020-09-21 19:37:27"}}
{"target": 6.009444444444444, "params": {"gamma_fc": 0.1242709619721647, "beta_enc": 0.7538761884612464, "beta_rec": 0.9230245355464833, "cue_position": 0.0}, "datetime": {"delta": 316.84252, "elapsed": 7829.270765, "datetime": "2020-09-21 19:42:44"}}
{"target": 5.331111111111111, "params": {"gamma_fc": 0.2462110676030459, "beta_enc": 0.01988013383979559, "beta_rec": 0.026210986877719278, "cue_position": 0.0}, "datetime": {"delta": 295.698973, "elapsed": 8124.969738, "datetime": "2020-09-21 19:47:40"}}
{"target": 3.4299999999999997, "params": {"gamma_fc": 0.8420308923596057, "beta_enc": 0.860027948682888, "beta_rec": 0.5388310643416528, "cue_position": 0.0}, "datetime": {"delta": 224.446723, "elapsed": 8349.416461, "datetime": "2020-09-21 19:51:24"}}
{"target": 5.273333333333333, "params": {"gamma_fc": 0.9695957483196745, "beta_enc": 0.12417331511991114, "beta_rec": 0.2791836790111395, "cue_position": 0.0}, "datetime": {"delta": 290.468645, "elapsed": 8639.885106, "datetime": "2020-09-21 19:56:15"}}
{"target": 4.5216666666666665, "params": {"gamma_fc": 0.23297427384102043, "beta_enc": 0.56103021925571, "beta_rec": 0.01864728937294302, "cue_position": 0.0}, "datetime": {"delta": 263.933105, "elapsed": 8903.818211, "datetime": "2020-09-21 20:00:39"}}
{"target": 3.8311111111111114, "params": {"gamma_fc": 0.7471216427371846, "beta_enc": 0.8071051956187791, "beta_rec": 0.38786064406417176, "cue_position": 0.0}, "datetime": {"delta": 239.045921, "elapsed": 9142.864132, "datetime": "2020-09-21 20:04:38"}}
{"target": 4.804444444444444, "params": {"gamma_fc": 0.12134345574073735, "beta_enc": 0.5562402339904189, "beta_rec": 0.13645522566068502, "cue_position": 0.0}, "datetime": {"delta": 273.244218, "elapsed": 9416.10835, "datetime": "2020-09-21 20:09:11"}}
{"target": 5.345555555555556, "params": {"gamma_fc": 0.7129889803826767, "beta_enc": 0.044551878544761725, "beta_rec": 0.1074941291060929, "cue_position": 0.0}, "datetime": {"delta": 296.25474, "elapsed": 9712.36309, "datetime": "2020-09-21 20:14:07"}}
{"target": 4.491666666666667, "params": {"gamma_fc": 0.967276330000272, "beta_enc": 0.5597169820541424, "beta_rec": 0.012555980159115854, "cue_position": 0.0}, "datetime": {"delta": 261.809011, "elapsed": 9974.172101, "datetime": "2020-09-21 20:18:29"}}
{"target": 4.796666666666667, "params": {"gamma_fc": 0.7438258540750929, "beta_enc": 0.5681004619199421, "beta_rec": 0.20329323466099047, "cue_position": 0.0}, "datetime": {"delta": 273.574202, "elapsed": 10247.746303, "datetime": "2020-09-21 20:23:03"}}
{"target": 5.3227777777777785, "params": {"gamma_fc": 0.8468288014900353, "beta_enc": 0.1954294811093188, "beta_rec": 0.5813589272732578, "cue_position": 0.0}, "datetime": {"delta": 292.896295, "elapsed": 10540.642598, "datetime": "2020-09-21 20:27:56"}}
{"target": 5.273333333333333, "params": {"gamma_fc": 0.8289808995501787, "beta_enc": 0.23984775914758616, "beta_rec": 0.49376971426872995, "cue_position": 0.0}, "datetime": {"delta": 291.276328, "elapsed": 10831.918926, "datetime": "2020-09-21 20:32:47"}}
{"target": 5.232777777777778, "params": {"gamma_fc": 0.4863451109370318, "beta_enc": 0.15679139464608427, "beta_rec": 0.018576202177409518, "cue_position": 0.0}, "datetime": {"delta": 297.383253, "elapsed": 11129.302179, "datetime": "2020-09-21 20:37:44"}}
{"target": 4.791666666666667, "params": {"gamma_fc": 0.9886161544124489, "beta_enc": 0.6063294616533303, "beta_rec": 0.5688514370864813, "cue_position": 0.0}, "datetime": {"delta": 290.675892, "elapsed": 11419.978071, "datetime": "2020-09-21 20:42:35"}}
{"target": 4.8805555555555555, "params": {"gamma_fc": 0.7453344309065021, "beta_enc": 0.5797452192457969, "beta_rec": 0.3801411726235504, "cue_position": 0.0}, "datetime": {"delta": 279.211914, "elapsed": 11699.189985, "datetime": "2020-09-21 20:47:14"}}
{"target": 4.7027777777777775, "params": {"gamma_fc": 0.3700841979141063, "beta_enc": 0.6692328934531846, "beta_rec": 0.2649195576628094, "cue_position": 0.0}, "datetime": {"delta": 270.958882, "elapsed": 11970.148867, "datetime": "2020-09-21 20:51:45"}}
{"target": 4.798333333333334, "params": {"gamma_fc": 0.06653648135411494, "beta_enc": 0.6297175070215645, "beta_rec": 0.2101740099148396, "cue_position": 0.0}, "datetime": {"delta": 273.718587, "elapsed": 12243.867454, "datetime": "2020-09-21 20:56:19"}}
{"target": 5.318333333333333, "params": {"gamma_fc": 0.6394608808799401, "beta_enc": 0.26031509857854096, "beta_rec": 0.8047545637433454, "cue_position": 0.0}, "datetime": {"delta": 291.099828, "elapsed": 12534.967282, "datetime": "2020-09-21 21:01:10"}}
{"target": 5.690555555555555, "params": {"gamma_fc": 0.06596109068402378, "beta_enc": 0.5246703091237337, "beta_rec": 0.9248079703993507, "cue_position": 0.0}, "datetime": {"delta": 304.259193, "elapsed": 12839.226475, "datetime": "2020-09-21 21:06:14"}}
{"target": 4.4272222222222215, "params": {"gamma_fc": 0.9319720691968373, "beta_enc": 0.7350659632886695, "beta_rec": 0.7721780295432468, "cue_position": 0.0}, "datetime": {"delta": 258.505461, "elapsed": 13097.731936, "datetime": "2020-09-21 21:10:33"}}
{"target": 5.307777777777778, "params": {"gamma_fc": 0.9490163206876164, "beta_enc": 0.013951572975597015, "beta_rec": 0.2343620861214205, "cue_position": 0.0}, "datetime": {"delta": 293.54756, "elapsed": 13391.279496, "datetime": "2020-09-21 21:15:26"}}
{"target": 2.9205555555555556, "params": {"gamma_fc": 0.6415662089463375, "beta_enc": 0.9501761192470797, "beta_rec": 0.5566531881951564, "cue_position": 0.0}, "datetime": {"delta": 205.946757, "elapsed": 13597.226253, "datetime": "2020-09-21 21:18:52"}}
{"target": 5.302222222222222, "params": {"gamma_fc": 0.5495479215085626, "beta_enc": 0.39000771414124624, "beta_rec": 0.48599066709690975, "cue_position": 0.0}, "datetime": {"delta": 292.242052, "elapsed": 13889.468305, "datetime": "2020-09-21 21:23:44"}}
{"target": 2.7199999999999998, "params": {"gamma_fc": 0.9632625284407118, "beta_enc": 0.9261814267064536, "beta_rec": 0.9187334356336061, "cue_position": 0.0}, "datetime": {"delta": 198.596303, "elapsed": 14088.064608, "datetime": "2020-09-21 21:27:03"}}
{"target": 5.295555555555556, "params": {"gamma_fc": 0.5056621656768967, "beta_enc": 0.17395566668046436, "beta_rec": 0.12632951943963733, "cue_position": 0.0}, "datetime": {"delta": 291.47532, "elapsed": 14379.539928, "datetime": "2020-09-21 21:31:54"}}
{"target": 6.52, "params": {"gamma_fc": 0.015018980742122379, "beta_enc": 0.021524805274197978, "beta_rec": 0.947970211217681, "cue_position": 0.0}, "datetime": {"delta": 335.064871, "elapsed": 14714.604799, "datetime": "2020-09-21 21:37:30"}}
{"target": 5.283333333333333, "params": {"gamma_fc": 0.8094906921265821, "beta_enc": 0.17619625557505525, "beta_rec": 0.332063574366837, "cue_position": 0.0}, "datetime": {"delta": 292.243941, "elapsed": 15006.84874, "datetime": "2020-09-21 21:42:22"}}
{"target": 5.263333333333334, "params": {"gamma_fc": 0.8788319844118441, "beta_enc": 0.34473665268329345, "beta_rec": 0.9401074823333672, "cue_position": 0.0}, "datetime": {"delta": 294.065626, "elapsed": 15300.914366, "datetime": "2020-09-21 21:47:16"}}
{"target": 4.631111111111111, "params": {"gamma_fc": 0.5463468160203733, "beta_enc": 0.8447344453922219, "beta_rec": 0.9053923187086492, "cue_position": 0.0}, "datetime": {"delta": 267.750161, "elapsed": 15568.664527, "datetime": "2020-09-21 21:51:44"}}
{"target": 3.931111111111111, "params": {"gamma_fc": 0.5991103076458784, "beta_enc": 0.7986035911520394, "beta_rec": 0.28571885173414757, "cue_position": 0.0}, "datetime": {"delta": 242.957194, "elapsed": 15811.621721, "datetime": "2020-09-21 21:55:47"}}
{"target": 5.311666666666667, "params": {"gamma_fc": 0.8073605288848414, "beta_enc": 0.015533275550835723, "beta_rec": 0.5934814081966372, "cue_position": 0.0}, "datetime": {"delta": 292.93125, "elapsed": 16104.552971, "datetime": "2020-09-21 22:00:39"}}
{"target": 5.482777777777778, "params": {"gamma_fc": 0.18401020162746506, "beta_enc": 0.31524480309537295, "beta_rec": 0.8928887085251513, "cue_position": 0.0}, "datetime": {"delta": 298.173455, "elapsed": 16402.726426, "datetime": "2020-09-21 22:05:38"}}
{"target": 4.818333333333333, "params": {"gamma_fc": 0.4201936800011322, "beta_enc": 0.7879292338255043, "beta_rec": 0.6120311770449339, "cue_position": 0.0}, "datetime": {"delta": 275.0936, "elapsed": 16677.820026, "datetime": "2020-09-21 22:10:13"}}
{"target": 4.703333333333333, "params": {"gamma_fc": 0.9767591490310596, "beta_enc": 0.6790688365654296, "beta_rec": 0.9186017779775258, "cue_position": 0.0}, "datetime": {"delta": 274.963526, "elapsed": 16952.783552, "datetime": "2020-09-21 22:14:48"}}
{"target": 5.23, "params": {"gamma_fc": 0.828845807980693, "beta_enc": 0.37658031474577447, "beta_rec": 0.9737835383583225, "cue_position": 0.0}, "datetime": {"delta": 288.432094, "elapsed": 17241.215646, "datetime": "2020-09-21 22:19:36"}}
{"target": 5.129444444444444, "params": {"gamma_fc": 0.586833340656083, "beta_enc": 0.5747115047081023, "beta_rec": 0.6280761983073504, "cue_position": 0.0}, "datetime": {"delta": 286.341976, "elapsed": 17527.557622, "datetime": "2020-09-21 22:24:22"}}
{"target": 4.775, "params": {"gamma_fc": 0.698057248447303, "beta_enc": 0.7500217637026599, "beta_rec": 0.8583138364290424, "cue_position": 0.0}, "datetime": {"delta": 271.631303, "elapsed": 17799.188925, "datetime": "2020-09-21 22:28:54"}}
{"target": 3.622777777777778, "params": {"gamma_fc": 0.45087393641334916, "beta_enc": 0.8644794300545998, "beta_rec": 0.32268099683674645, "cue_position": 0.0}, "datetime": {"delta": 231.672177, "elapsed": 18030.861102, "datetime": "2020-09-21 22:32:46"}}
{"target": 5.386111111111111, "params": {"gamma_fc": 0.3173839459582769, "beta_enc": 0.3821027520315172, "beta_rec": 0.4108113499221856, "cue_position": 0.0}, "datetime": {"delta": 295.055871, "elapsed": 18325.916973, "datetime": "2020-09-21 22:37:41"}}
{"target": 4.866666666666667, "params": {"gamma_fc": 0.6778008914343111, "beta_enc": 0.6219193679203014, "beta_rec": 0.43024727082126435, "cue_position": 0.0}, "datetime": {"delta": 276.465043, "elapsed": 18602.382016, "datetime": "2020-09-21 22:42:17"}}
{"target": 5.270555555555555, "params": {"gamma_fc": 0.7976388039585666, "beta_enc": 0.19856988842711087, "beta_rec": 0.4267010093480328, "cue_position": 0.0}, "datetime": {"delta": 294.240169, "elapsed": 18896.622185, "datetime": "2020-09-21 22:47:12"}}
{"target": 5.435555555555556, "params": {"gamma_fc": 0.2702082620297578, "beta_enc": 0.8799982885634318, "beta_rec": 0.903841955826372, "cue_position": 0.0}, "datetime": {"delta": 297.183487, "elapsed": 19193.805672, "datetime": "2020-09-21 22:52:09"}}
{"target": 5.3022222222222215, "params": {"gamma_fc": 0.8021610840045981, "beta_enc": 0.25236670150458973, "beta_rec": 0.8548979426974024, "cue_position": 0.0}, "datetime": {"delta": 291.781965, "elapsed": 19485.587637, "datetime": "2020-09-21 22:57:01"}}
{"target": 5.120555555555556, "params": {"gamma_fc": 0.770883910501888, "beta_enc": 0.5724885171916063, "beta_rec": 0.7331425252875111, "cue_position": 0.0}, "datetime": {"delta": 284.65362, "elapsed": 19770.241257, "datetime": "2020-09-21 23:01:45"}}
{"target": 5.4222222222222225, "params": {"gamma_fc": 0.06820934841670412, "beta_enc": 0.5688579907047155, "beta_rec": 0.4657098785919809, "cue_position": 0.0}, "datetime": {"delta": 295.5027, "elapsed": 20065.743957, "datetime": "2020-09-21 23:06:41"}}
{"target": 5.107777777777778, "params": {"gamma_fc": 0.18161285133076377, "beta_enc": 0.37792417932809985, "beta_rec": 0.07962607769825236, "cue_position": 0.0}, "datetime": {"delta": 285.117674, "elapsed": 20350.861631, "datetime": "2020-09-21 23:11:26"}}
{"target": 4.788333333333333, "params": {"gamma_fc": 0.5694944127453757, "beta_enc": 0.8118586977205398, "beta_rec": 0.8749616449558981, "cue_position": 0.0}, "datetime": {"delta": 278.946747, "elapsed": 20629.808378, "datetime": "2020-09-21 23:16:05"}}
{"target": 5.3438888888888885, "params": {"gamma_fc": 0.2250399578140846, "beta_enc": 0.16097143681560877, "beta_rec": 0.4668800227633063, "cue_position": 0.0}, "datetime": {"delta": 293.934131, "elapsed": 20923.742509, "datetime": "2020-09-21 23:20:59"}}
{"target": 4.684444444444445, "params": {"gamma_fc": 0.9096355249515571, "beta_enc": 0.5925118687657968, "beta_rec": 0.31226983770191696, "cue_position": 0.0}, "datetime": {"delta": 270.140416, "elapsed": 21193.882925, "datetime": "2020-09-21 23:25:29"}}
{"target": 5.267777777777778, "params": {"gamma_fc": 0.49958417067888605, "beta_enc": 0.2571182937821962, "beta_rec": 0.1108913007440292, "cue_position": 0.0}, "datetime": {"delta": 289.225738, "elapsed": 21483.108663, "datetime": "2020-09-21 23:30:18"}}
{"target": 3.9627777777777777, "params": {"gamma_fc": 0.851671874936367, "beta_enc": 0.7285856679745962, "beta_rec": 0.20819443840879148, "cue_position": 0.0}, "datetime": {"delta": 242.958257, "elapsed": 21726.06692, "datetime": "2020-09-21 23:34:21"}}
{"target": 5.5472222222222225, "params": {"gamma_fc": 0.10196725942579743, "beta_enc": 0.41584871826752734, "beta_rec": 0.6166850671552362, "cue_position": 0.0}, "datetime": {"delta": 299.788432, "elapsed": 22025.855352, "datetime": "2020-09-21 23:39:21"}}
{"target": 5.203888888888889, "params": {"gamma_fc": 0.6218062317404155, "beta_enc": 0.5158570169685298, "beta_rec": 0.47714098704978236, "cue_position": 0.0}, "datetime": {"delta": 291.159626, "elapsed": 22317.014978, "datetime": "2020-09-21 23:44:12"}}
{"target": 5.126111111111111, "params": {"gamma_fc": 0.7515278171352439, "beta_enc": 0.5440101188139381, "beta_rec": 0.6541373469707443, "cue_position": 0.0}, "datetime": {"delta": 285.811406, "elapsed": 22602.826384, "datetime": "2020-09-21 23:48:58"}}
{"target": 5.454444444444444, "params": {"gamma_fc": 0.02233042799180618, "beta_enc": 0.2220491397999227, "beta_rec": 0.519351824366033, "cue_position": 0.0}, "datetime": {"delta": 298.110618, "elapsed": 22900.937002, "datetime": "2020-09-21 23:53:56"}}
{"target": 5.27, "params": {"gamma_fc": 0.5384405925945437, "beta_enc": 0.3243624597261865, "beta_rec": 0.872922376400111, "cue_position": 0.0}, "datetime": {"delta": 290.089244, "elapsed": 23191.026246, "datetime": "2020-09-21 23:58:46"}}
{"target": 3.6044444444444443, "params": {"gamma_fc": 0.8541154438365387, "beta_enc": 0.866608274166513, "beta_rec": 0.9498059913536265, "cue_position": 0.0}, "datetime": {"delta": 231.22798, "elapsed": 23422.254226, "datetime": "2020-09-22 00:02:37"}}
