{"target": 7.551555555555555, "params": {"cue_position": 0.0, "beta_rec": 0.0, "beta_enc": 7.421688908921139e-18, "gamma_fc": 0.6648748719674382, "k": 5.0, "enc_rate": 1.0}, "datetime": {"elapsed": 5059.0693, "delta": 24.444255, "datetime": "2020-11-23 16:06:51"}}
{"target": 9.144222222222222, "params": {"cue_position": 0.0, "beta_rec": 0.9946441746679738, "beta_enc": 0.992014399102754, "gamma_fc": 0.12569822532197117, "k": 5.0, "enc_rate": 1.0}, "datetime": {"elapsed": 5086.115748, "delta": 27.046448, "datetime": "2020-11-23 16:07:18"}}
{"target": 7.535333333333332, "params": {"cue_position": 0.0, "beta_rec": 0.7499463477636237, "beta_enc": 0.0, "gamma_fc": 1.0, "k": 5.0, "enc_rate": 1.0}, "datetime": {"elapsed": 5110.814956, "delta": 24.699208, "datetime": "2020-11-23 16:07:43"}}
{"target": 7.546666666666667, "params": {"cue_position": 0.0, "beta_rec": 0.4914199453652185, "beta_enc": 0.0, "gamma_fc": 0.2637874440629125, "k": 5.0, "enc_rate": 1.0}, "datetime": {"elapsed": 5135.325918, "delta": 24.510962, "datetime": "2020-11-23 16:08:08"}}
{"target": 7.514444444444445, "params": {"cue_position": 0.0, "beta_rec": 0.5886590442212699, "beta_enc": 0.0, "gamma_fc": 0.5880510639022196, "k": 5.0, "enc_rate": 1.0}, "datetime": {"elapsed": 5159.775907, "delta": 24.449989, "datetime": "2020-11-23 16:08:32"}}
{"target": 7.531999999999999, "params": {"cue_position": 0.0, "beta_rec": 1.0, "beta_enc": 0.0, "gamma_fc": 0.5044794053549305, "k": 5.0, "enc_rate": 1.0}, "datetime": {"elapsed": 5184.210376, "delta": 24.434469, "datetime": "2020-11-23 16:08:57"}}
{"target": 7.328888888888889, "params": {"cue_position": 0.0, "beta_rec": 0.7719957259412835, "beta_enc": 0.19801811666853697, "gamma_fc": 0.0029686142775572355, "k": 5.0, "enc_rate": 1.0}, "datetime": {"elapsed": 5208.354279, "delta": 24.143903, "datetime": "2020-11-23 16:09:21"}}
{"target": 8.662222222222223, "params": {"cue_position": 0.0, "beta_rec": 0.9783529554883179, "beta_enc": 0.8663264915089958, "gamma_fc": 0.26355427183825475, "k": 5.0, "enc_rate": 1.0}, "datetime": {"elapsed": 5234.852645, "delta": 26.498366, "datetime": "2020-11-23 16:09:47"}}
{"target": 7.572666666666666, "params": {"cue_position": 0.0, "beta_rec": 0.011722700139491837, "beta_enc": 0.009153702608367342, "gamma_fc": 0.007756145515030788, "k": 5.0, "enc_rate": 1.0}, "datetime": {"elapsed": 5259.382071, "delta": 24.529426, "datetime": "2020-11-23 16:10:12"}}
{"target": 7.8871111111111105, "params": {"cue_position": 0.0, "beta_rec": 0.6774311452280286, "beta_enc": 0.7571588091802904, "gamma_fc": 0.29036785093183726, "k": 5.0, "enc_rate": 1.0}, "datetime": {"elapsed": 5284.394775, "delta": 25.012704, "datetime": "2020-11-23 16:10:37"}}
{"target": 7.498666666666667, "params": {"cue_position": 0.0, "beta_rec": 0.5293770145135838, "beta_enc": 0.306971886587844, "gamma_fc": 0.5351790851337833, "k": 5.0, "enc_rate": 1.0}, "datetime": {"elapsed": 5308.814147, "delta": 24.419372, "datetime": "2020-11-23 16:11:01"}}
{"target": 7.659111111111112, "params": {"cue_position": 0.0, "beta_rec": 0.43085271879923376, "beta_enc": 0.3255334833760864, "gamma_fc": 0.0, "k": 5.0, "enc_rate": 1.0}, "datetime": {"elapsed": 5333.250917, "delta": 24.43677, "datetime": "2020-11-23 16:11:26"}}
{"target": 8.248888888888889, "params": {"cue_position": 0.0, "beta_rec": 0.683741555587928, "beta_enc": 0.6763209228385896, "gamma_fc": 0.0, "k": 5.0, "enc_rate": 1.0}, "datetime": {"elapsed": 5358.767314, "delta": 25.516397, "datetime": "2020-11-23 16:11:51"}}
{"target": 6.719555555555554, "params": {"cue_position": 0.0, "beta_rec": 0.0041279127334262755, "beta_enc": 0.45395824348651637, "gamma_fc": 0.27452347714628655, "k": 5.0, "enc_rate": 1.0}, "datetime": {"elapsed": 5381.817913, "delta": 23.050599, "datetime": "2020-11-23 16:12:14"}}
{"target": 7.544888888888889, "params": {"cue_position": 0.0, "beta_rec": 0.214073161974082, "beta_enc": 0.001990465148912657, "gamma_fc": 0.7916340011578358, "k": 5.0, "enc_rate": 1.0}, "datetime": {"elapsed": 5406.05411, "delta": 24.236197, "datetime": "2020-11-23 16:12:38"}}
{"target": 7.515111111111111, "params": {"cue_position": 0.0, "beta_rec": 0.0005189502645857047, "beta_enc": 0.0024690563657339126, "gamma_fc": 0.44404369739998195, "k": 5.0, "enc_rate": 1.0}, "datetime": {"elapsed": 5430.500419, "delta": 24.446309, "datetime": "2020-11-23 16:13:03"}}
{"target": 7.549111111111111, "params": {"cue_position": 0.0, "beta_rec": 0.8857306800084491, "beta_enc": 0.0008647255850519064, "gamma_fc": 0.835315564648154, "k": 5.0, "enc_rate": 1.0}, "datetime": {"elapsed": 5454.721414, "delta": 24.220995, "datetime": "2020-11-23 16:13:27"}}
{"target": 7.4944444444444445, "params": {"cue_position": 0.0, "beta_rec": 1.0, "beta_enc": 0.18094536498654967, "gamma_fc": 1.0, "k": 5.0, "enc_rate": 1.0}, "datetime": {"elapsed": 5479.006029, "delta": 24.284615, "datetime": "2020-11-23 16:13:51"}}
{"target": 7.498, "params": {"cue_position": 0.0, "beta_rec": 0.5858653846185337, "beta_enc": 0.219846649259993, "gamma_fc": 1.0, "k": 5.0, "enc_rate": 1.0}, "datetime": {"elapsed": 5503.560586, "delta": 24.554557, "datetime": "2020-11-23 16:14:16"}}
{"target": 7.478, "params": {"cue_position": 0.0, "beta_rec": 8.275167753180046e-05, "beta_enc": 0.21196919903618427, "gamma_fc": 0.8409452446162085, "k": 5.0, "enc_rate": 1.0}, "datetime": {"elapsed": 5527.705079, "delta": 24.144493, "datetime": "2020-11-23 16:14:40"}}
{"target": 8.845777777777778, "params": {"cue_position": 0.0, "beta_rec": 0.8288916765181513, "beta_enc": 0.866995781974669, "gamma_fc": 0.0024542265662490514, "k": 5.0, "enc_rate": 1.0}, "datetime": {"elapsed": 5554.306765, "delta": 26.601686, "datetime": "2020-11-23 16:15:07"}}
{"target": 8.651555555555555, "params": {"cue_position": 0.0, "beta_rec": 0.924269567628366, "beta_enc": 0.9960389355389043, "gamma_fc": 0.2564679672115402, "k": 5.0, "enc_rate": 1.0}, "datetime": {"elapsed": 5580.618094, "delta": 26.311329, "datetime": "2020-11-23 16:15:33"}}
{"target": 7.575333333333333, "params": {"cue_position": 0.0, "beta_rec": 0.2887127323361509, "beta_enc": 0.3360625666451329, "gamma_fc": 0.31873247039414976, "k": 5.0, "enc_rate": 1.0}, "datetime": {"elapsed": 5605.142276, "delta": 24.524182, "datetime": "2020-11-23 16:15:58"}}
{"target": 8.736, "params": {"cue_position": 0.0, "beta_rec": 0.8566438718616004, "beta_enc": 0.8296775443042298, "gamma_fc": 0.040473811663277126, "k": 5.0, "enc_rate": 1.0}, "datetime": {"elapsed": 5631.437245, "delta": 26.294969, "datetime": "2020-11-23 16:16:24"}}
{"target": 7.549111111111111, "params": {"cue_position": 0.0, "beta_rec": 0.36106579035358155, "beta_enc": 0.00476443417718686, "gamma_fc": 0.9835528155208801, "k": 5.0, "enc_rate": 1.0}, "datetime": {"elapsed": 5655.940303, "delta": 24.503058, "datetime": "2020-11-23 16:16:48"}}
{"target": 1.0835555555555554, "params": {"cue_position": 0.0, "beta_rec": 0.9908794225730567, "beta_enc": 0.999825630527177, "gamma_fc": 0.9977307977665784, "k": 5.0, "enc_rate": 1.0}, "datetime": {"elapsed": 5668.839272, "delta": 12.898969, "datetime": "2020-11-23 16:17:01"}}
{"target": 7.526000000000001, "params": {"cue_position": 0.0, "beta_rec": 0.0004581460497865564, "beta_enc": 0.0022338004370956455, "gamma_fc": 0.17412270953746767, "k": 5.0, "enc_rate": 1.0}, "datetime": {"elapsed": 5693.320461, "delta": 24.481189, "datetime": "2020-11-23 16:17:26"}}
{"target": 7.434666666666668, "params": {"cue_position": 0.0, "beta_rec": 0.9986083557850429, "beta_enc": 0.5904097456863467, "gamma_fc": 0.4131984638758447, "k": 5.0, "enc_rate": 1.0}, "datetime": {"elapsed": 5717.713051, "delta": 24.39259, "datetime": "2020-11-23 16:17:50"}}
{"target": 6.605333333333332, "params": {"cue_position": 0.0, "beta_rec": 0.9838511613509259, "beta_enc": 0.3047700971254803, "gamma_fc": 0.0012339261262799273, "k": 5.0, "enc_rate": 1.0}, "datetime": {"elapsed": 5740.899126, "delta": 23.186075, "datetime": "2020-11-23 16:18:13"}}
{"target": 9.181555555555555, "params": {"cue_position": 0.0, "beta_rec": 0.9443756498598485, "beta_enc": 0.9813221035805921, "gamma_fc": 0.08717417630276414, "k": 5.0, "enc_rate": 1.0}, "datetime": {"elapsed": 5768.204118, "delta": 27.304992, "datetime": "2020-11-23 16:18:41"}}
{"target": 8.191777777777778, "params": {"cue_position": 0.0, "beta_rec": 0.933667123819335, "beta_enc": 0.888512983922423, "gamma_fc": 0.4322493558372258, "k": 5.0, "enc_rate": 1.0}, "datetime": {"elapsed": 5793.74199, "delta": 25.537872, "datetime": "2020-11-23 16:19:06"}}
{"target": 7.551333333333332, "params": {"cue_position": 0.0, "beta_rec": 0.37139848598610203, "beta_enc": 0.16646877699951446, "gamma_fc": 0.23937596864847033, "k": 5.0, "enc_rate": 1.0}, "datetime": {"elapsed": 5818.506791, "delta": 24.764801, "datetime": "2020-11-23 16:19:31"}}
{"target": 7.525555555555556, "params": {"cue_position": 0.0, "beta_rec": 0.22089030116372643, "beta_enc": 0.3881829747819683, "gamma_fc": 0.00024391723287442435, "k": 5.0, "enc_rate": 1.0}, "datetime": {"elapsed": 5843.311986, "delta": 24.805195, "datetime": "2020-11-23 16:19:56"}}
{"target": 7.154888888888888, "params": {"cue_position": 0.0, "beta_rec": 0.6390420195492478, "beta_enc": 0.5123189787251186, "gamma_fc": 0.9998368852789676, "k": 5.0, "enc_rate": 1.0}, "datetime": {"elapsed": 5867.191189, "delta": 23.879203, "datetime": "2020-11-23 16:20:20"}}
{"target": 7.524222222222223, "params": {"cue_position": 0.0, "beta_rec": 0.22837586359419026, "beta_enc": 5.260276510721251e-05, "gamma_fc": 0.4797739692919334, "k": 5.0, "enc_rate": 1.0}, "datetime": {"elapsed": 5891.652537, "delta": 24.461348, "datetime": "2020-11-23 16:20:44"}}
{"target": 7.449111111111111, "params": {"cue_position": 0.0, "beta_rec": 0.9978718747105457, "beta_enc": 0.3030783735164877, "gamma_fc": 0.36857604154932455, "k": 5.0, "enc_rate": 1.0}, "datetime": {"elapsed": 5916.035549, "delta": 24.383012, "datetime": "2020-11-23 16:21:08"}}
{"target": 7.688, "params": {"cue_position": 0.0, "beta_rec": 0.5541890487792286, "beta_enc": 0.6120912102095203, "gamma_fc": 0.2707042478808873, "k": 5.0, "enc_rate": 1.0}, "datetime": {"elapsed": 5940.82581, "delta": 24.790261, "datetime": "2020-11-23 16:21:33"}}
{"target": 7.534666666666666, "params": {"cue_position": 0.0, "beta_rec": 0.843441566142016, "beta_enc": 0.0016847314145390646, "gamma_fc": 0.005401658576737578, "k": 5.0, "enc_rate": 1.0}, "datetime": {"elapsed": 5965.295041, "delta": 24.469231, "datetime": "2020-11-23 16:21:58"}}
{"target": 7.571777777777777, "params": {"cue_position": 0.0, "beta_rec": 0.9989316557673004, "beta_enc": 0.15526803129797517, "gamma_fc": 0.662445742689457, "k": 5.0, "enc_rate": 1.0}, "datetime": {"elapsed": 5990.026146, "delta": 24.731105, "datetime": "2020-11-23 16:22:22"}}
{"target": 7.254444444444445, "params": {"cue_position": 0.0, "beta_rec": 0.37882207487522934, "beta_enc": 0.6657318204341147, "gamma_fc": 0.0018830783732243228, "k": 5.0, "enc_rate": 1.0}, "datetime": {"elapsed": 6014.391905, "delta": 24.365759, "datetime": "2020-11-23 16:22:47"}}
{"target": 7.5471111111111115, "params": {"cue_position": 0.0, "beta_rec": 0.24038956223229224, "beta_enc": 0.0009572906171371187, "gamma_fc": 0.004458611836505422, "k": 5.0, "enc_rate": 1.0}, "datetime": {"elapsed": 6039.161683, "delta": 24.769778, "datetime": "2020-11-23 16:23:12"}}
{"target": 7.530888888888889, "params": {"cue_position": 0.0, "beta_rec": 0.56329203146341, "beta_enc": 0.18796471098049572, "gamma_fc": 0.00047188810834608574, "k": 5.0, "enc_rate": 1.0}, "datetime": {"elapsed": 6063.791291, "delta": 24.629608, "datetime": "2020-11-23 16:23:36"}}
{"target": 8.524666666666667, "params": {"cue_position": 0.0, "beta_rec": 0.7614603367883125, "beta_enc": 0.8221387734356291, "gamma_fc": 0.00021740380351686905, "k": 5.0, "enc_rate": 1.0}, "datetime": {"elapsed": 6090.318398, "delta": 26.527107, "datetime": "2020-11-23 16:24:03"}}
{"target": 9.004444444444443, "params": {"cue_position": 0.0, "beta_rec": 0.9996879611039948, "beta_enc": 0.9514638695626457, "gamma_fc": 0.24474153446863844, "k": 5.0, "enc_rate": 1.0}, "datetime": {"elapsed": 6117.245342, "delta": 26.926944, "datetime": "2020-11-23 16:24:30"}}
{"target": 7.506666666666666, "params": {"cue_position": 0.0, "beta_rec": 0.0017212883750467034, "beta_enc": 0.1714026230422956, "gamma_fc": 0.6502716053841788, "k": 5.0, "enc_rate": 1.0}, "datetime": {"elapsed": 6142.053192, "delta": 24.80785, "datetime": "2020-11-23 16:24:54"}}
{"target": 7.503333333333333, "params": {"cue_position": 0.0, "beta_rec": 0.3196768461810022, "beta_enc": 0.2759527616986893, "gamma_fc": 0.5951286461142463, "k": 5.0, "enc_rate": 1.0}, "datetime": {"elapsed": 6166.596322, "delta": 24.54313, "datetime": "2020-11-23 16:25:19"}}
{"target": 7.719777777777777, "params": {"cue_position": 0.0, "beta_rec": 0.6492974030988434, "beta_enc": 0.4461780411002225, "gamma_fc": 2.5016589403348277e-05, "k": 5.0, "enc_rate": 1.0}, "datetime": {"elapsed": 6191.54225, "delta": 24.945928, "datetime": "2020-11-23 16:25:44"}}
{"target": 9.006444444444446, "params": {"cue_position": 0.0, "beta_rec": 0.8839375812341395, "beta_enc": 0.9073607048404834, "gamma_fc": 0.04635868478993732, "k": 5.0, "enc_rate": 1.0}, "datetime": {"elapsed": 6218.686793, "delta": 27.144543, "datetime": "2020-11-23 16:26:11"}}
{"target": 6.649555555555556, "params": {"cue_position": 0.0, "beta_rec": 0.16149470784883146, "beta_enc": 0.5774745507988511, "gamma_fc": 0.0002599064205814905, "k": 5.0, "enc_rate": 1.0}, "datetime": {"elapsed": 6241.955252, "delta": 23.268459, "datetime": "2020-11-23 16:26:34"}}
{"target": 9.135777777777779, "params": {"cue_position": 0.0, "beta_rec": 0.9130979275809411, "beta_enc": 0.9505371695153324, "gamma_fc": 0.08620063129142341, "k": 5.0, "enc_rate": 1.0}, "datetime": {"elapsed": 6269.596557, "delta": 27.641305, "datetime": "2020-11-23 16:27:02"}}
{"target": 7.461333333333333, "params": {"cue_position": 0.0, "beta_rec": 0.6216525526514239, "beta_enc": 0.4442786093642802, "gamma_fc": 0.6624968213911709, "k": 5.0, "enc_rate": 1.0}, "datetime": {"elapsed": 6294.370966, "delta": 24.774409, "datetime": "2020-11-23 16:27:27"}}
{"target": 7.484444444444445, "params": {"cue_position": 0.0, "beta_rec": 0.9995004525652939, "beta_enc": 0.09212331195023504, "gamma_fc": 0.8563650123229574, "k": 5.0, "enc_rate": 1.0}, "datetime": {"elapsed": 6319.261522, "delta": 24.890556, "datetime": "2020-11-23 16:27:52"}}
{"target": 8.912666666666665, "params": {"cue_position": 0.0, "beta_rec": 0.9002652110320264, "beta_enc": 0.862922128181743, "gamma_fc": 0.00525271237570879, "k": 5.0, "enc_rate": 1.0}, "datetime": {"elapsed": 6346.51766, "delta": 27.256138, "datetime": "2020-11-23 16:28:19"}}
{"target": 7.366, "params": {"cue_position": 0.0, "beta_rec": 0.9977858044945807, "beta_enc": 0.4597482883667322, "gamma_fc": 0.8389664430393869, "k": 5.0, "enc_rate": 1.0}, "datetime": {"elapsed": 6370.983839, "delta": 24.466179, "datetime": "2020-11-23 16:28:43"}}
{"target": 7.530222222222223, "params": {"cue_position": 0.0, "beta_rec": 0.9995200703244397, "beta_enc": 0.6936513046242576, "gamma_fc": 0.5539513782138831, "k": 5.0, "enc_rate": 1.0}, "datetime": {"elapsed": 6395.713435, "delta": 24.729596, "datetime": "2020-11-23 16:29:08"}}
{"target": 9.073111111111112, "params": {"cue_position": 0.0, "beta_rec": 0.8959626049146616, "beta_enc": 0.9212503615781995, "gamma_fc": 0.004100606229894499, "k": 5.0, "enc_rate": 1.0}, "datetime": {"elapsed": 6422.991864, "delta": 27.278429, "datetime": "2020-11-23 16:29:35"}}
{"target": 7.508, "params": {"cue_position": 0.0, "beta_rec": 0.5877440374164686, "beta_enc": 0.0021931487560832297, "gamma_fc": 0.39632699892512446, "k": 5.0, "enc_rate": 1.0}, "datetime": {"elapsed": 6448.249521, "delta": 25.257657, "datetime": "2020-11-23 16:30:01"}}
{"target": 7.277111111111111, "params": {"cue_position": 0.0, "beta_rec": 0.8486038880709776, "beta_enc": 0.4442104571247091, "gamma_fc": 0.003511151720654526, "k": 5.0, "enc_rate": 1.0}, "datetime": {"elapsed": 6472.56196, "delta": 24.312439, "datetime": "2020-11-23 16:30:25"}}
{"target": 7.521333333333334, "params": {"cue_position": 0.0, "beta_rec": 0.8618247297710313, "beta_enc": 0.001719290970581655, "gamma_fc": 0.6121323385826901, "k": 5.0, "enc_rate": 1.0}, "datetime": {"elapsed": 6497.61807, "delta": 25.05611, "datetime": "2020-11-23 16:30:50"}}
{"target": 7.416444444444444, "params": {"cue_position": 0.0, "beta_rec": 0.41817045800857944, "beta_enc": 0.39816120535286903, "gamma_fc": 0.733092784662271, "k": 5.0, "enc_rate": 1.0}, "datetime": {"elapsed": 6522.241334, "delta": 24.623264, "datetime": "2020-11-23 16:31:15"}}
{"target": 5.830666666666667, "params": {"cue_position": 0.0, "beta_rec": 0.999189937987194, "beta_enc": 0.99805754849773, "gamma_fc": 0.5329500252672339, "k": 5.0, "enc_rate": 1.0}, "datetime": {"elapsed": 6544.222821, "delta": 21.981487, "datetime": "2020-11-23 16:31:37"}}
{"target": 8.540444444444445, "params": {"cue_position": 0.0, "beta_rec": 0.9964462700122857, "beta_enc": 0.8979108413393119, "gamma_fc": 0.404662290271542, "k": 5.0, "enc_rate": 1.0}, "datetime": {"elapsed": 6570.740584, "delta": 26.517763, "datetime": "2020-11-23 16:32:03"}}
{"target": 7.522444444444444, "params": {"cue_position": 0.0, "beta_rec": 0.9981147132500517, "beta_enc": 0.0005003146047815044, "gamma_fc": 0.3194940084046345, "k": 5.0, "enc_rate": 1.0}, "datetime": {"elapsed": 6596.04492, "delta": 25.304336, "datetime": "2020-11-23 16:32:28"}}
