{"target": 7.549777777777779, "params": {"beta_enc": 0.0, "gamma_fc": 0.8757742494447243, "cue_position": 10.0, "k": 3.0, "beta_rec": 0.680476468979836, "enc_rate": 1.0}, "datetime": {"elapsed": 11951.851937, "delta": 68.650528, "datetime": "2021-04-07 14:32:47"}}
{"target": 7.502666666666667, "params": {"beta_enc": 0.0, "gamma_fc": 0.865855268200153, "cue_position": 10.0, "k": 3.0, "beta_rec": 1.0, "enc_rate": 1.0}, "datetime": {"elapsed": 12008.831613, "delta": 56.979676, "datetime": "2021-04-07 14:33:43"}}
{"target": 7.4684444444444456, "params": {"beta_enc": 0.16650524607748343, "gamma_fc": 1.0, "cue_position": 10.0, "k": 3.0, "beta_rec": 0.4586024526379308, "enc_rate": 1.0}, "datetime": {"elapsed": 12060.427942, "delta": 51.596329, "datetime": "2021-04-07 14:34:35"}}
{"target": 7.545999999999999, "params": {"beta_enc": 0.0, "gamma_fc": 0.0, "cue_position": 10.0, "k": 3.0, "beta_rec": 0.4951983197944301, "enc_rate": 1.0}, "datetime": {"elapsed": 12112.113174, "delta": 51.685232, "datetime": "2021-04-07 14:35:27"}}
{"target": 7.535111111111112, "params": {"beta_enc": 0.0, "gamma_fc": 0.10222008459088955, "cue_position": 10.0, "k": 3.0, "beta_rec": 0.0, "enc_rate": 1.0}, "datetime": {"elapsed": 12164.114259, "delta": 52.001085, "datetime": "2021-04-07 14:36:19"}}
{"target": 7.5311111111111115, "params": {"beta_enc": 0.04233618964604167, "gamma_fc": 0.7500294131329174, "cue_position": 10.0, "k": 3.0, "beta_rec": 0.29557825437017754, "enc_rate": 1.0}, "datetime": {"elapsed": 12220.808416, "delta": 56.694157, "datetime": "2021-04-07 14:37:15"}}
{"target": 7.513111111111111, "params": {"beta_enc": 0.16869727050031488, "gamma_fc": 0.9014417040232869, "cue_position": 10.0, "k": 3.0, "beta_rec": 0.0, "enc_rate": 1.0}, "datetime": {"elapsed": 12268.826862, "delta": 48.018446, "datetime": "2021-04-07 14:38:03"}}
