{"target": 8.25, "params": {"gamma_fc": 0.42861882866378653, "cue_position": 15.0, "beta_rec": 0.2214327343234883, "gamma_cf": 0.081473964877262, "beta_enc": 0.9475489413950998}, "datetime": {"elapsed": 27.293391, "delta": 0.334137, "datetime": "2020-06-13 20:39:41"}}
{"target": 11.125, "params": {"gamma_fc": 0.7662113810757705, "cue_position": 15.0, "beta_rec": 0.6337867606119179, "gamma_cf": 0.6968004961201785, "beta_enc": 0.10901876401906829}, "datetime": {"elapsed": 27.682846, "delta": 0.389455, "datetime": "2020-06-13 20:39:42"}}
{"target": 9.25, "params": {"gamma_fc": 0.6264961586242938, "cue_position": 15.0, "beta_rec": 0.8458514830276777, "gamma_cf": 0.8240098704123188, "beta_enc": 0.3424541198435198}, "datetime": {"elapsed": 28.035917, "delta": 0.353071, "datetime": "2020-06-13 20:39:42"}}
{"target": 8.5, "params": {"gamma_fc": 0.4585838137084318, "cue_position": 15.0, "beta_rec": 0.07838689985494796, "gamma_cf": 0.06672499763935646, "beta_enc": 0.1434230486702449}, "datetime": {"elapsed": 28.371391, "delta": 0.335474, "datetime": "2020-06-13 20:39:43"}}
{"target": 9.5, "params": {"gamma_fc": 0.7469384956075251, "cue_position": 15.0, "beta_rec": 0.027783348848669953, "gamma_cf": 0.3948504804606394, "beta_enc": 0.11334192276759048}, "datetime": {"elapsed": 28.728065, "delta": 0.356674, "datetime": "2020-06-13 20:39:43"}}
{"target": 9.125, "params": {"gamma_fc": 0.8031633421141696, "cue_position": 15.0, "beta_rec": 0.4500867470007611, "gamma_cf": 0.47400392656219403, "beta_enc": 0.45240482674645155}, "datetime": {"elapsed": 29.07775, "delta": 0.349685, "datetime": "2020-06-13 20:39:43"}}
{"target": 9.125, "params": {"gamma_fc": 0.12564138113773882, "cue_position": 15.0, "beta_rec": 0.904686160343623, "gamma_cf": 0.7738743427204187, "beta_enc": 0.40239251985773583}, "datetime": {"elapsed": 29.428498, "delta": 0.350748, "datetime": "2020-06-13 20:39:44"}}
{"target": 7.5, "params": {"gamma_fc": 0.9511937854902045, "cue_position": 15.0, "beta_rec": 0.010364261335231939, "gamma_cf": 0.0030179566195963625, "beta_enc": 0.6185135669120855}, "datetime": {"elapsed": 29.746539, "delta": 0.318041, "datetime": "2020-06-13 20:39:44"}}
{"target": 6.375, "params": {"gamma_fc": 0.15773006987053328, "cue_position": 15.0, "beta_rec": 0.7959669419422694, "gamma_cf": 0.14555823115839706, "beta_enc": 0.905402033702778}, "datetime": {"elapsed": 30.042255, "delta": 0.295716, "datetime": "2020-06-13 20:39:44"}}
{"target": 11.0, "params": {"gamma_fc": 0.7111224587658159, "cue_position": 15.0, "beta_rec": 0.6224959022999211, "gamma_cf": 0.9899551783590737, "beta_enc": 0.187631672902434}, "datetime": {"elapsed": 30.427776, "delta": 0.385521, "datetime": "2020-06-13 20:39:45"}}
{"target": 7.375, "params": {"gamma_fc": 0.17343017078712286, "cue_position": 15.0, "beta_rec": 0.9092932045442544, "gamma_cf": 0.24985068022503676, "beta_enc": 0.7318004091422953}, "datetime": {"elapsed": 30.743986, "delta": 0.31621, "datetime": "2020-06-13 20:39:45"}}
{"target": 9.75, "params": {"gamma_fc": 0.8190891786335308, "cue_position": 15.0, "beta_rec": 0.8126105880328287, "gamma_cf": 0.2642974827269007, "beta_enc": 0.119457050333729}, "datetime": {"elapsed": 31.107795, "delta": 0.363809, "datetime": "2020-06-13 20:39:45"}}
{"target": 10.125, "params": {"gamma_fc": 0.31446701118584963, "cue_position": 15.0, "beta_rec": 0.9824174492929428, "gamma_cf": 0.5336533449712114, "beta_enc": 0.31058725179421}, "datetime": {"elapsed": 31.478114, "delta": 0.370319, "datetime": "2020-06-13 20:39:46"}}
{"target": 7.0, "params": {"gamma_fc": 0.9388864773697133, "cue_position": 15.0, "beta_rec": 0.36655664385123443, "gamma_cf": 0.5122926922783614, "beta_enc": 0.9107728311738374}, "datetime": {"elapsed": 31.788185, "delta": 0.310071, "datetime": "2020-06-13 20:39:46"}}
{"target": 7.625, "params": {"gamma_fc": 0.5220512472525107, "cue_position": 15.0, "beta_rec": 0.7168786636316892, "gamma_cf": 0.027287223517468817, "beta_enc": 0.030949006271150714}, "datetime": {"elapsed": 32.107371, "delta": 0.319186, "datetime": "2020-06-13 20:39:46"}}
{"target": 9.875, "params": {"gamma_fc": 0.45285349995153745, "cue_position": 15.0, "beta_rec": 0.8594893208655858, "gamma_cf": 0.6902278681627478, "beta_enc": 0.3259898117700253}, "datetime": {"elapsed": 32.470966, "delta": 0.363595, "datetime": "2020-06-13 20:39:47"}}
{"target": 7.125, "params": {"gamma_fc": 0.3114442141324628, "cue_position": 15.0, "beta_rec": 0.2900968516874258, "gamma_cf": 0.5767559349870908, "beta_enc": 0.6283090375213571}, "datetime": {"elapsed": 32.784044, "delta": 0.313078, "datetime": "2020-06-13 20:39:47"}}
{"target": 9.875, "params": {"gamma_fc": 0.37129376127905445, "cue_position": 15.0, "beta_rec": 0.9164058530538978, "gamma_cf": 0.2473960366023854, "beta_enc": 0.5172675985011298}, "datetime": {"elapsed": 33.15096, "delta": 0.366916, "datetime": "2020-06-13 20:39:47"}}
{"target": 6.25, "params": {"gamma_fc": 0.22790028995131695, "cue_position": 15.0, "beta_rec": 0.9368683813090937, "gamma_cf": 0.9202065143056605, "beta_enc": 0.9318611166365406}, "datetime": {"elapsed": 33.443555, "delta": 0.292595, "datetime": "2020-06-13 20:39:48"}}
{"target": 10.125, "params": {"gamma_fc": 0.6070941619724605, "cue_position": 15.0, "beta_rec": 0.22730973628468876, "gamma_cf": 0.17476587635631158, "beta_enc": 0.08748220955359087}, "datetime": {"elapsed": 33.811563, "delta": 0.368008, "datetime": "2020-06-13 20:39:48"}}
{"target": 9.875, "params": {"gamma_fc": 0.24035562484913886, "cue_position": 15.0, "beta_rec": 0.8163515118272141, "gamma_cf": 0.7018765297563104, "beta_enc": 0.41358641500116133}, "datetime": {"elapsed": 34.17541, "delta": 0.363847, "datetime": "2020-06-13 20:39:48"}}
{"target": 8.25, "params": {"gamma_fc": 0.6641025553547935, "cue_position": 15.0, "beta_rec": 0.34898759722078887, "gamma_cf": 0.22881367096037586, "beta_enc": 0.5742190888408597}, "datetime": {"elapsed": 34.508373, "delta": 0.332963, "datetime": "2020-06-13 20:39:49"}}
{"target": 9.375, "params": {"gamma_fc": 0.99675342520821, "cue_position": 15.0, "beta_rec": 0.5190159840736788, "gamma_cf": 0.5707158515462564, "beta_enc": 0.4972500933605313}, "datetime": {"elapsed": 34.863305, "delta": 0.354932, "datetime": "2020-06-13 20:39:49"}}
{"target": 5.75, "params": {"gamma_fc": 0.5956079336026455, "cue_position": 15.0, "beta_rec": 0.5943726238309778, "gamma_cf": 0.9015625846693213, "beta_enc": 0.8168351087916219}, "datetime": {"elapsed": 35.147186, "delta": 0.283881, "datetime": "2020-06-13 20:39:49"}}
{"target": 11.125, "params": {"gamma_fc": 0.37543483316785775, "cue_position": 15.0, "beta_rec": 0.09357709581748075, "gamma_cf": 0.4517331486914753, "beta_enc": 0.032426325314457105}, "datetime": {"elapsed": 35.536892, "delta": 0.389706, "datetime": "2020-06-13 20:39:50"}}
{"target": 4.625, "params": {"gamma_fc": 0.8242378396244978, "cue_position": 15.0, "beta_rec": 0.1679832931996149, "gamma_cf": 0.7674748688630131, "beta_enc": 0.9753500342702865}, "datetime": {"elapsed": 35.798341, "delta": 0.261449, "datetime": "2020-06-13 20:39:50"}}
{"target": 7.625, "params": {"gamma_fc": 0.3530060855418248, "cue_position": 15.0, "beta_rec": 0.668732770206732, "gamma_cf": 0.013136356923072245, "beta_enc": 0.6326158167779973}, "datetime": {"elapsed": 36.118317, "delta": 0.319976, "datetime": "2020-06-13 20:39:50"}}
{"target": 8.75, "params": {"gamma_fc": 0.13766274094560316, "cue_position": 15.0, "beta_rec": 0.7300912110901043, "gamma_cf": 0.4574049160894317, "beta_enc": 0.49207180149355845}, "datetime": {"elapsed": 36.459814, "delta": 0.341497, "datetime": "2020-06-13 20:39:51"}}
{"target": 11.125, "params": {"gamma_fc": 0.220234226159156, "cue_position": 15.0, "beta_rec": 0.7582782604769962, "gamma_cf": 0.9843834501935107, "beta_enc": 0.01088873380347899}, "datetime": {"elapsed": 36.847726, "delta": 0.387912, "datetime": "2020-06-13 20:39:51"}}
{"target": 8.375, "params": {"gamma_fc": 0.12482254311167629, "cue_position": 15.0, "beta_rec": 0.5238961356661317, "gamma_cf": 0.46385778390029564, "beta_enc": 0.33870802548167966}, "datetime": {"elapsed": 37.184663, "delta": 0.336937, "datetime": "2020-06-13 20:39:51"}}
{"target": 8.5, "params": {"gamma_fc": 0.13033578095435427, "cue_position": 15.0, "beta_rec": 0.5045191697009946, "gamma_cf": 0.7701499563120922, "beta_enc": 0.3125013784920495}, "datetime": {"elapsed": 37.521795, "delta": 0.337132, "datetime": "2020-06-13 20:39:52"}}
{"target": 9.25, "params": {"gamma_fc": 0.6724698446537339, "cue_position": 15.0, "beta_rec": 0.5190823222119895, "gamma_cf": 0.012603767029876312, "beta_enc": 0.022915131322381765}, "datetime": {"elapsed": 37.876376, "delta": 0.354581, "datetime": "2020-06-13 20:39:52"}}
{"target": 6.875, "params": {"gamma_fc": 0.005239837651465851, "cue_position": 15.0, "beta_rec": 0.44924675358663757, "gamma_cf": 0.6443610847569929, "beta_enc": 0.6868082266569918}, "datetime": {"elapsed": 38.18119, "delta": 0.304814, "datetime": "2020-06-13 20:39:52"}}
{"target": 10.125, "params": {"gamma_fc": 0.6736984238986317, "cue_position": 15.0, "beta_rec": 0.8593178060976, "gamma_cf": 0.6491541971124779, "beta_enc": 0.4844284455143756}, "datetime": {"elapsed": 38.551555, "delta": 0.370365, "datetime": "2020-06-13 20:39:53"}}
{"target": 8.625, "params": {"gamma_fc": 0.35242963021640883, "cue_position": 15.0, "beta_rec": 0.27411977516685215, "gamma_cf": 0.6717297848174203, "beta_enc": 0.5784995797892005}, "datetime": {"elapsed": 38.892197, "delta": 0.340642, "datetime": "2020-06-13 20:39:53"}}
{"target": 8.75, "params": {"gamma_fc": 0.773799287244182, "cue_position": 15.0, "beta_rec": 0.1950374860087073, "gamma_cf": 0.2896027461868774, "beta_enc": 0.8558283672539277}, "datetime": {"elapsed": 39.23502, "delta": 0.342823, "datetime": "2020-06-13 20:39:53"}}
{"target": 9.25, "params": {"gamma_fc": 0.7672845084217665, "cue_position": 15.0, "beta_rec": 0.8076984091122095, "gamma_cf": 0.21369323762958115, "beta_enc": 0.4277373293360762}, "datetime": {"elapsed": 39.586912, "delta": 0.351892, "datetime": "2020-06-13 20:39:54"}}
{"target": 9.125, "params": {"gamma_fc": 0.21411213682064845, "cue_position": 15.0, "beta_rec": 0.7332450677264275, "gamma_cf": 0.22139670090820107, "beta_enc": 0.3086419476306511}, "datetime": {"elapsed": 39.938773, "delta": 0.351861, "datetime": "2020-06-13 20:39:54"}}
{"target": 8.5, "params": {"gamma_fc": 0.11092036903424063, "cue_position": 15.0, "beta_rec": 0.14251833776584466, "gamma_cf": 0.026627884691621473, "beta_enc": 0.1989479234270667}, "datetime": {"elapsed": 40.276798, "delta": 0.338025, "datetime": "2020-06-13 20:39:54"}}
{"target": 7.125, "params": {"gamma_fc": 0.20762566180381437, "cue_position": 15.0, "beta_rec": 0.7997765368973863, "gamma_cf": 0.23170231048579204, "beta_enc": 0.6745640237634105}, "datetime": {"elapsed": 40.586291, "delta": 0.309493, "datetime": "2020-06-13 20:39:55"}}
{"target": 8.625, "params": {"gamma_fc": 0.8348540476317985, "cue_position": 15.0, "beta_rec": 0.7113145181364867, "gamma_cf": 0.30451798792062024, "beta_enc": 0.9173335630816306}, "datetime": {"elapsed": 40.926909, "delta": 0.340618, "datetime": "2020-06-13 20:39:55"}}
{"target": 8.5, "params": {"gamma_fc": 0.1262101037493587, "cue_position": 15.0, "beta_rec": 0.9234562151187752, "gamma_cf": 0.47803130796528337, "beta_enc": 0.43530595762951996}, "datetime": {"elapsed": 41.265986, "delta": 0.339077, "datetime": "2020-06-13 20:39:55"}}
{"target": 6.25, "params": {"gamma_fc": 0.40420190577514725, "cue_position": 15.0, "beta_rec": 0.15983365034409336, "gamma_cf": 0.43118175516037094, "beta_enc": 0.9760435504677476}, "datetime": {"elapsed": 41.557608, "delta": 0.291622, "datetime": "2020-06-13 20:39:56"}}
{"target": 10.25, "params": {"gamma_fc": 0.7543059505762987, "cue_position": 15.0, "beta_rec": 0.7293189193611234, "gamma_cf": 0.6438956443116628, "beta_enc": 0.14675148076429412}, "datetime": {"elapsed": 41.928634, "delta": 0.371026, "datetime": "2020-06-13 20:39:56"}}
{"target": 11.25, "params": {"gamma_fc": 0.5971273029466491, "cue_position": 15.0, "beta_rec": 0.60095424810764, "gamma_cf": 0.6382187106203334, "beta_enc": 0.21073239208332073}, "datetime": {"elapsed": 42.322059, "delta": 0.393425, "datetime": "2020-06-13 20:39:56"}}
{"target": 9.125, "params": {"gamma_fc": 0.7821818168314053, "cue_position": 15.0, "beta_rec": 0.7316064712415088, "gamma_cf": 0.42556139026154693, "beta_enc": 0.29548228565549706}, "datetime": {"elapsed": 42.671828, "delta": 0.349769, "datetime": "2020-06-13 20:39:57"}}
{"target": 9.5, "params": {"gamma_fc": 0.30008104592535645, "cue_position": 15.0, "beta_rec": 0.8352716024899659, "gamma_cf": 0.3950968688899732, "beta_enc": 0.056141039661915304}, "datetime": {"elapsed": 43.027228, "delta": 0.3554, "datetime": "2020-06-13 20:39:57"}}
{"target": 11.0, "params": {"gamma_fc": 0.49411626589632507, "cue_position": 15.0, "beta_rec": 0.9046310029362429, "gamma_cf": 0.5306974384761395, "beta_enc": 0.08010364380604929}, "datetime": {"elapsed": 43.412699, "delta": 0.385471, "datetime": "2020-06-13 20:39:58"}}
{"target": 9.75, "params": {"gamma_fc": 0.2615495518329871, "cue_position": 15.0, "beta_rec": 0.20645405888943302, "gamma_cf": 0.5079216999452875, "beta_enc": 0.13216114194293815}, "datetime": {"elapsed": 43.772291, "delta": 0.359592, "datetime": "2020-06-13 20:39:58"}}
{"target": 8.75, "params": {"gamma_fc": 0.9857088237131878, "cue_position": 15.0, "beta_rec": 0.10806532869723684, "gamma_cf": 0.1065838767888011, "beta_enc": 0.3570616088827919}, "datetime": {"elapsed": 44.115222, "delta": 0.342931, "datetime": "2020-06-13 20:39:58"}}
{"target": 8.25, "params": {"gamma_fc": 0.18960594781829654, "cue_position": 15.0, "beta_rec": 0.5724051124346493, "gamma_cf": 0.7871162896558341, "beta_enc": 0.17716116443841734}, "datetime": {"elapsed": 44.449248, "delta": 0.334026, "datetime": "2020-06-13 20:39:59"}}
{"target": 9.75, "params": {"gamma_fc": 0.2166172083287794, "cue_position": 15.0, "beta_rec": 0.7400775431590716, "gamma_cf": 0.5510871741869717, "beta_enc": 0.5279039784081266}, "datetime": {"elapsed": 44.809916, "delta": 0.360668, "datetime": "2020-06-13 20:39:59"}}
{"target": 7.125, "params": {"gamma_fc": 0.019775099516344263, "cue_position": 15.0, "beta_rec": 0.7229151935562137, "gamma_cf": 0.8619665576670734, "beta_enc": 0.7591960493171447}, "datetime": {"elapsed": 45.119676, "delta": 0.30976, "datetime": "2020-06-13 20:39:59"}}
{"target": 7.5, "params": {"gamma_fc": 0.7169290016924699, "cue_position": 15.0, "beta_rec": 0.5589038111609383, "gamma_cf": 0.7587469310223366, "beta_enc": 0.8602369974231152}, "datetime": {"elapsed": 45.438055, "delta": 0.318379, "datetime": "2020-06-13 20:40:00"}}
{"target": 3.25, "params": {"gamma_fc": 0.8578971045378938, "cue_position": 15.0, "beta_rec": 0.2780850486129828, "gamma_cf": 0.9339026083148878, "beta_enc": 0.9873261748084265}, "datetime": {"elapsed": 45.671219, "delta": 0.233164, "datetime": "2020-06-13 20:40:00"}}
{"target": 7.25, "params": {"gamma_fc": 0.3748759435368594, "cue_position": 15.0, "beta_rec": 0.5166887829215384, "gamma_cf": 0.7805295568767427, "beta_enc": 0.7288508775192559}, "datetime": {"elapsed": 45.984665, "delta": 0.313446, "datetime": "2020-06-13 20:40:00"}}
{"target": 8.0, "params": {"gamma_fc": 0.6973080192643409, "cue_position": 15.0, "beta_rec": 0.7506243191751754, "gamma_cf": 0.4018659239678374, "beta_enc": 0.7703225253299576}, "datetime": {"elapsed": 46.31499, "delta": 0.330325, "datetime": "2020-06-13 20:40:00"}}
{"target": 5.125, "params": {"gamma_fc": 0.12076718430922972, "cue_position": 15.0, "beta_rec": 0.7748966467245978, "gamma_cf": 0.23931570743750463, "beta_enc": 0.0031128578251921057}, "datetime": {"elapsed": 46.588007, "delta": 0.273017, "datetime": "2020-06-13 20:40:01"}}
{"target": 9.5, "params": {"gamma_fc": 0.2867116496064306, "cue_position": 15.0, "beta_rec": 0.3020967312900983, "gamma_cf": 0.5431664302380945, "beta_enc": 0.2202839877937276}, "datetime": {"elapsed": 46.946638, "delta": 0.358631, "datetime": "2020-06-13 20:40:01"}}
{"target": 9.5, "params": {"gamma_fc": 0.45736018169099846, "cue_position": 15.0, "beta_rec": 0.29014446310454167, "gamma_cf": 0.3241385298974466, "beta_enc": 0.13835468979294652}, "datetime": {"elapsed": 47.305213, "delta": 0.358575, "datetime": "2020-06-13 20:40:01"}}
{"target": 9.875, "params": {"gamma_fc": 0.6749716048091052, "cue_position": 15.0, "beta_rec": 0.8281353607315121, "gamma_cf": 0.3456988211755023, "beta_enc": 0.44411710701661444}, "datetime": {"elapsed": 47.669333, "delta": 0.36412, "datetime": "2020-06-13 20:40:02"}}
{"target": 9.125, "params": {"gamma_fc": 0.8773604746948126, "cue_position": 15.0, "beta_rec": 0.4672458239265538, "gamma_cf": 0.6268556021628346, "beta_enc": 0.22148205573352875}, "datetime": {"elapsed": 48.017843, "delta": 0.34851, "datetime": "2020-06-13 20:40:02"}}
{"target": 8.125, "params": {"gamma_fc": 0.13184097502750214, "cue_position": 15.0, "beta_rec": 0.7844574187919231, "gamma_cf": 0.6562293317171314, "beta_enc": 0.4476890001456285}, "datetime": {"elapsed": 48.347359, "delta": 0.329516, "datetime": "2020-06-13 20:40:02"}}
{"target": 8.125, "params": {"gamma_fc": 0.5047006080958943, "cue_position": 15.0, "beta_rec": 0.9093119886549367, "gamma_cf": 0.7667745872371021, "beta_enc": 0.43298150696764814}, "datetime": {"elapsed": 48.676031, "delta": 0.328672, "datetime": "2020-06-13 20:40:03"}}
{"target": 8.125, "params": {"gamma_fc": 0.9427625754329493, "cue_position": 15.0, "beta_rec": 0.8428998401928499, "gamma_cf": 0.5732722715496846, "beta_enc": 0.49805562482800747}, "datetime": {"elapsed": 49.003281, "delta": 0.32725, "datetime": "2020-06-13 20:40:03"}}
{"target": 8.375, "params": {"gamma_fc": 0.700726036482538, "cue_position": 15.0, "beta_rec": 0.1944658095278845, "gamma_cf": 0.25163914235585283, "beta_enc": 0.5178600481723219}, "datetime": {"elapsed": 49.33725, "delta": 0.333969, "datetime": "2020-06-13 20:40:03"}}
{"target": 8.625, "params": {"gamma_fc": 0.007932876194523097, "cue_position": 15.0, "beta_rec": 0.9488362882802196, "gamma_cf": 0.8379779620477293, "beta_enc": 0.5402609403968999}, "datetime": {"elapsed": 49.675354, "delta": 0.338104, "datetime": "2020-06-13 20:40:04"}}
{"target": 2.5, "params": {"gamma_fc": 0.008939102371245067, "cue_position": 15.0, "beta_rec": 0.07771457033238649, "gamma_cf": 0.9461523954567653, "beta_enc": 0.989340056166638}, "datetime": {"elapsed": 49.892225, "delta": 0.216871, "datetime": "2020-06-13 20:40:04"}}
{"target": 9.75, "params": {"gamma_fc": 0.8026895196332986, "cue_position": 15.0, "beta_rec": 0.8612116383667944, "gamma_cf": 0.2557451938059312, "beta_enc": 0.8227300054219355}, "datetime": {"elapsed": 50.253186, "delta": 0.360961, "datetime": "2020-06-13 20:40:04"}}
{"target": 8.75, "params": {"gamma_fc": 0.49154515001693533, "cue_position": 15.0, "beta_rec": 0.13433860865569613, "gamma_cf": 0.8959699670066484, "beta_enc": 0.47786200443222115}, "datetime": {"elapsed": 50.598054, "delta": 0.344868, "datetime": "2020-06-13 20:40:05"}}
{"target": 7.25, "params": {"gamma_fc": 0.5057420174508104, "cue_position": 15.0, "beta_rec": 0.41857802576409864, "gamma_cf": 0.39799063940792245, "beta_enc": 0.8567024965177922}, "datetime": {"elapsed": 50.911157, "delta": 0.313103, "datetime": "2020-06-13 20:40:05"}}
{"target": 5.25, "params": {"gamma_fc": 0.1443154002290481, "cue_position": 15.0, "beta_rec": 0.9649889241109139, "gamma_cf": 0.10345955611640134, "beta_enc": 0.1895517028339273}, "datetime": {"elapsed": 51.183481, "delta": 0.272324, "datetime": "2020-06-13 20:40:05"}}
{"target": 10.25, "params": {"gamma_fc": 0.5070799232841364, "cue_position": 15.0, "beta_rec": 0.7159456994623945, "gamma_cf": 0.7945783511847522, "beta_enc": 0.014092294192442956}, "datetime": {"elapsed": 51.553671, "delta": 0.37019, "datetime": "2020-06-13 20:40:06"}}
{"target": 10.0, "params": {"gamma_fc": 0.6477706331874812, "cue_position": 15.0, "beta_rec": 0.6957642142718394, "gamma_cf": 0.4064828689770863, "beta_enc": 0.7918210395041538}, "datetime": {"elapsed": 51.921448, "delta": 0.367777, "datetime": "2020-06-13 20:40:06"}}
{"target": 9.125, "params": {"gamma_fc": 0.2414187479655988, "cue_position": 15.0, "beta_rec": 0.321819963387904, "gamma_cf": 0.4086372250132624, "beta_enc": 0.1797942976929744}, "datetime": {"elapsed": 52.27419, "delta": 0.352742, "datetime": "2020-06-13 20:40:06"}}
{"target": 8.0, "params": {"gamma_fc": 0.6363061258559836, "cue_position": 15.0, "beta_rec": 0.9752223424373121, "gamma_cf": 0.9824909449748953, "beta_enc": 0.4069219941293579}, "datetime": {"elapsed": 52.602792, "delta": 0.328602, "datetime": "2020-06-13 20:40:07"}}
{"target": 8.75, "params": {"gamma_fc": 0.7928556779768876, "cue_position": 15.0, "beta_rec": 0.8574844990835966, "gamma_cf": 0.25203308013083936, "beta_enc": 0.375091018393911}, "datetime": {"elapsed": 52.94627, "delta": 0.343478, "datetime": "2020-06-13 20:40:07"}}
{"target": 9.25, "params": {"gamma_fc": 0.26865012390622656, "cue_position": 15.0, "beta_rec": 0.3575111673304414, "gamma_cf": 0.6973688756131394, "beta_enc": 0.43293850873416306}, "datetime": {"elapsed": 53.298684, "delta": 0.352414, "datetime": "2020-06-13 20:40:07"}}
{"target": 9.0, "params": {"gamma_fc": 0.8553564125953698, "cue_position": 15.0, "beta_rec": 0.2952887943998478, "gamma_cf": 0.4879214918052024, "beta_enc": 0.8082780137053801}, "datetime": {"elapsed": 53.644755, "delta": 0.346071, "datetime": "2020-06-13 20:40:08"}}
{"target": 4.625, "params": {"gamma_fc": 0.4461172190344297, "cue_position": 15.0, "beta_rec": 0.18438444236776674, "gamma_cf": 0.8982050460171371, "beta_enc": 0.8883864343953859}, "datetime": {"elapsed": 53.906014, "delta": 0.261259, "datetime": "2020-06-13 20:40:08"}}
{"target": 8.375, "params": {"gamma_fc": 0.2282057333504841, "cue_position": 15.0, "beta_rec": 0.2789908904569709, "gamma_cf": 0.6824537097668154, "beta_enc": 0.9218683054838154}, "datetime": {"elapsed": 54.244192, "delta": 0.338178, "datetime": "2020-06-13 20:40:08"}}
