{"target": 6.2091111111111115, "params": {"k": 5.0, "beta_rec": 0.0, "gamma_fc": 0.0, "cue_position": 0.0, "enc_rate": 0.8, "beta_enc": 0.18533502863919418}, "datetime": {"elapsed": 4614.160817, "datetime": "2020-11-23 15:58:44", "delta": 23.509545}}
{"target": 6.248, "params": {"k": 5.0, "beta_rec": 0.20067895069873434, "gamma_fc": 0.8088262946791587, "cue_position": 0.0, "enc_rate": 0.8, "beta_enc": 0.0}, "datetime": {"elapsed": 4637.982066, "datetime": "2020-11-23 15:59:08", "delta": 23.821249}}
{"target": 6.251333333333333, "params": {"k": 5.0, "beta_rec": 1.0, "gamma_fc": 0.35543172906486026, "cue_position": 0.0, "enc_rate": 0.8, "beta_enc": 0.27829338225881567}, "datetime": {"elapsed": 4661.675898, "datetime": "2020-11-23 15:59:32", "delta": 23.693832}}
{"target": 6.270666666666667, "params": {"k": 5.0, "beta_rec": 0.45132880422392024, "gamma_fc": 0.275736625821174, "cue_position": 0.0, "enc_rate": 0.8, "beta_enc": 0.0}, "datetime": {"elapsed": 4685.693905, "datetime": "2020-11-23 15:59:56", "delta": 24.018007}}
{"target": 6.286666666666666, "params": {"k": 5.0, "beta_rec": 0.4107650124586836, "gamma_fc": 1.0, "cue_position": 0.0, "enc_rate": 0.8, "beta_enc": 0.0}, "datetime": {"elapsed": 4708.891258, "datetime": "2020-11-23 16:00:19", "delta": 23.197353}}
{"target": 6.245777777777778, "params": {"k": 5.0, "beta_rec": 0.9016347873586371, "gamma_fc": 0.8636068658699754, "cue_position": 0.0, "enc_rate": 0.8, "beta_enc": 0.003267697195445618}, "datetime": {"elapsed": 4732.346609, "datetime": "2020-11-23 16:00:42", "delta": 23.455351}}
{"target": 6.275777777777778, "params": {"k": 5.0, "beta_rec": 0.5226762163827549, "gamma_fc": 0.5221477962017994, "cue_position": 0.0, "enc_rate": 0.8, "beta_enc": 0.3087742706063432}, "datetime": {"elapsed": 4755.8042, "datetime": "2020-11-23 16:01:06", "delta": 23.457591}}
{"target": 6.267111111111111, "params": {"k": 5.0, "beta_rec": 0.28650286733825286, "gamma_fc": 0.32744243976207843, "cue_position": 0.0, "enc_rate": 0.8, "beta_enc": 0.3435922468998775}, "datetime": {"elapsed": 4778.53646, "datetime": "2020-11-23 16:01:29", "delta": 22.73226}}
{"target": 6.366666666666667, "params": {"k": 5.0, "beta_rec": 0.9972212067619847, "gamma_fc": 0.3582049899547034, "cue_position": 0.0, "enc_rate": 0.8, "beta_enc": 0.5836799151460103}, "datetime": {"elapsed": 4801.397806, "datetime": "2020-11-23 16:01:51", "delta": 22.861346}}
{"target": 6.26, "params": {"k": 5.0, "beta_rec": 0.0, "gamma_fc": 0.7313744998604941, "cue_position": 0.0, "enc_rate": 0.8, "beta_enc": 0.16126476358737402}, "datetime": {"elapsed": 4823.924254, "datetime": "2020-11-23 16:02:14", "delta": 22.526448}}
{"target": 6.275111111111111, "params": {"k": 5.0, "beta_rec": 0.2591969712025913, "gamma_fc": 0.0, "cue_position": 0.0, "enc_rate": 0.8, "beta_enc": 0.0}, "datetime": {"elapsed": 4846.509455, "datetime": "2020-11-23 16:02:37", "delta": 22.585201}}
{"target": 6.233555555555556, "params": {"k": 5.0, "beta_rec": 0.0, "gamma_fc": 0.19465972890858158, "cue_position": 0.0, "enc_rate": 0.8, "beta_enc": 0.0}, "datetime": {"elapsed": 4869.02939, "datetime": "2020-11-23 16:02:59", "delta": 22.519935}}
{"target": 5.777333333333333, "params": {"k": 5.0, "beta_rec": 0.0, "gamma_fc": 0.25470324137924305, "cue_position": 0.0, "enc_rate": 0.8, "beta_enc": 0.4250446268075576}, "datetime": {"elapsed": 4890.650241, "datetime": "2020-11-23 16:03:21", "delta": 21.620851}}
{"target": 6.263333333333334, "params": {"k": 5.0, "beta_rec": 0.44455610316403094, "gamma_fc": 0.0, "cue_position": 0.0, "enc_rate": 0.8, "beta_enc": 0.6576336616396191}, "datetime": {"elapsed": 4913.511404, "datetime": "2020-11-23 16:03:44", "delta": 22.861163}}
{"target": 6.252222222222223, "params": {"k": 5.0, "beta_rec": 0.5453642694425898, "gamma_fc": 1.0, "cue_position": 0.0, "enc_rate": 0.8, "beta_enc": 0.2033056927414628}, "datetime": {"elapsed": 4936.02727, "datetime": "2020-11-23 16:04:06", "delta": 22.515866}}
{"target": 6.263333333333334, "params": {"k": 5.0, "beta_rec": 1.0, "gamma_fc": 0.713568432538764, "cue_position": 0.0, "enc_rate": 0.8, "beta_enc": 0.15330360237226695}, "datetime": {"elapsed": 4958.637942, "datetime": "2020-11-23 16:04:29", "delta": 22.610672}}
{"target": 6.378666666666667, "params": {"k": 5.0, "beta_rec": 0.5953047334419492, "gamma_fc": 0.0, "cue_position": 0.0, "enc_rate": 0.8, "beta_enc": 0.19687505933114832}, "datetime": {"elapsed": 4981.540264, "datetime": "2020-11-23 16:04:52", "delta": 22.902322}}
{"target": 6.640888888888888, "params": {"k": 5.0, "beta_rec": 0.9269552113297798, "gamma_fc": 0.29879721324079356, "cue_position": 0.0, "enc_rate": 0.8, "beta_enc": 0.7055938376338419}, "datetime": {"elapsed": 5004.713349, "datetime": "2020-11-23 16:05:15", "delta": 23.173085}}
{"target": 6.101111111111111, "params": {"k": 5.0, "beta_rec": 1.0, "gamma_fc": 0.5067892675880694, "cue_position": 0.0, "enc_rate": 0.8, "beta_enc": 0.0}, "datetime": {"elapsed": 5026.882257, "datetime": "2020-11-23 16:05:37", "delta": 22.168908}}
{"target": 6.842666666666668, "params": {"k": 5.0, "beta_rec": 0.995219741597894, "gamma_fc": 0.15634107293790112, "cue_position": 0.0, "enc_rate": 0.8, "beta_enc": 0.9061162809419417}, "datetime": {"elapsed": 5050.418474, "datetime": "2020-11-23 16:06:00", "delta": 23.536217}}
{"target": 6.304444444444444, "params": {"k": 5.0, "beta_rec": 0.22578950433774858, "gamma_fc": 0.4786969245770366, "cue_position": 0.0, "enc_rate": 0.8, "beta_enc": 0.00043077421130388593}, "datetime": {"elapsed": 5072.879822, "datetime": "2020-11-23 16:06:23", "delta": 22.461348}}
{"target": 6.798888888888888, "params": {"k": 5.0, "beta_rec": 0.7640443733311257, "gamma_fc": 0.0011412506103415376, "cue_position": 0.0, "enc_rate": 0.8, "beta_enc": 0.6202510857318233}, "datetime": {"elapsed": 5096.416848, "datetime": "2020-11-23 16:06:46", "delta": 23.537026}}
{"target": 6.248888888888889, "params": {"k": 5.0, "beta_rec": 0.3696339328365619, "gamma_fc": 0.22764295655696742, "cue_position": 0.0, "enc_rate": 0.8, "beta_enc": 0.20343722426651706}, "datetime": {"elapsed": 5118.853814, "datetime": "2020-11-23 16:07:09", "delta": 22.436966}}
{"target": 6.444444444444445, "params": {"k": 5.0, "beta_rec": 0.7292834615121991, "gamma_fc": 0.0, "cue_position": 0.0, "enc_rate": 0.8, "beta_enc": 0.3675539540276399}, "datetime": {"elapsed": 5141.549022, "datetime": "2020-11-23 16:07:32", "delta": 22.695208}}
{"target": 6.216444444444444, "params": {"k": 5.0, "beta_rec": 0.982534208921621, "gamma_fc": 0.9968923405623051, "cue_position": 0.0, "enc_rate": 0.8, "beta_enc": 0.15360560242857957}, "datetime": {"elapsed": 5163.685868, "datetime": "2020-11-23 16:07:54", "delta": 22.136846}}
{"target": 6.198666666666666, "params": {"k": 5.0, "beta_rec": 0.9996057317657618, "gamma_fc": 0.4262993764859069, "cue_position": 0.0, "enc_rate": 0.8, "beta_enc": 0.9028948602395294}, "datetime": {"elapsed": 5185.746974, "datetime": "2020-11-23 16:08:16", "delta": 22.061106}}
{"target": 3.4191111111111114, "params": {"k": 5.0, "beta_rec": 1.0, "gamma_fc": 0.2623879254164294, "cue_position": 0.0, "enc_rate": 0.8, "beta_enc": 1.0}, "datetime": {"elapsed": 5202.784302, "datetime": "2020-11-23 16:08:33", "delta": 17.037328}}
{"target": 6.216444444444444, "params": {"k": 5.0, "beta_rec": 1.0, "gamma_fc": 0.4991628095576484, "cue_position": 0.0, "enc_rate": 0.8, "beta_enc": 0.8222374244585887}, "datetime": {"elapsed": 5227.005996, "datetime": "2020-11-23 16:08:57", "delta": 24.221694}}
{"target": 6.648444444444445, "params": {"k": 5.0, "beta_rec": 1.0, "gamma_fc": 0.31518557253969265, "cue_position": 0.0, "enc_rate": 0.8, "beta_enc": 0.786566951116868}, "datetime": {"elapsed": 5251.938542, "datetime": "2020-11-23 16:09:22", "delta": 24.932546}}
{"target": 6.984666666666667, "params": {"k": 5.0, "beta_rec": 0.9541225121447143, "gamma_fc": 0.1335657969218533, "cue_position": 0.0, "enc_rate": 0.8, "beta_enc": 0.8831070570787914}, "datetime": {"elapsed": 5277.880397, "datetime": "2020-11-23 16:09:48", "delta": 25.941855}}
{"target": 6.444, "params": {"k": 5.0, "beta_rec": 0.9098269285291275, "gamma_fc": 0.39436899720293345, "cue_position": 0.0, "enc_rate": 0.8, "beta_enc": 0.8152480856807629}, "datetime": {"elapsed": 5302.6673, "datetime": "2020-11-23 16:10:13", "delta": 24.786903}}
{"target": 6.632666666666667, "params": {"k": 5.0, "beta_rec": 0.6384820409708042, "gamma_fc": 0.0757031937985799, "cue_position": 0.0, "enc_rate": 0.8, "beta_enc": 0.7053099415207829}, "datetime": {"elapsed": 5327.415591, "datetime": "2020-11-23 16:10:37", "delta": 24.748291}}
{"target": 6.955333333333333, "params": {"k": 5.0, "beta_rec": 0.9955252396736288, "gamma_fc": 0.1280350936000445, "cue_position": 0.0, "enc_rate": 0.8, "beta_enc": 0.8832433935511356}, "datetime": {"elapsed": 5352.863624, "datetime": "2020-11-23 16:11:03", "delta": 25.448033}}
{"target": 6.864222222222222, "params": {"k": 5.0, "beta_rec": 0.8203369200947284, "gamma_fc": 0.13486407829190505, "cue_position": 0.0, "enc_rate": 0.8, "beta_enc": 0.748564542583718}, "datetime": {"elapsed": 5377.58146, "datetime": "2020-11-23 16:11:28", "delta": 24.717836}}
{"target": 6.392444444444445, "params": {"k": 5.0, "beta_rec": 0.5743199893810741, "gamma_fc": 0.27327191693756675, "cue_position": 0.0, "enc_rate": 0.8, "beta_enc": 0.5965477001574235}, "datetime": {"elapsed": 5401.493255, "datetime": "2020-11-23 16:11:52", "delta": 23.911795}}
{"target": 6.2446666666666655, "params": {"k": 5.0, "beta_rec": 0.32317158844363003, "gamma_fc": 0.586210406196247, "cue_position": 0.0, "enc_rate": 0.8, "beta_enc": 0.2795335466946811}, "datetime": {"elapsed": 5425.33401, "datetime": "2020-11-23 16:12:15", "delta": 23.840755}}
{"target": 6.147777777777778, "params": {"k": 5.0, "beta_rec": 0.0, "gamma_fc": 0.8618200981460247, "cue_position": 0.0, "enc_rate": 0.8, "beta_enc": 0.2629236001347836}, "datetime": {"elapsed": 5448.840902, "datetime": "2020-11-23 16:12:39", "delta": 23.506892}}
{"target": 6.172, "params": {"k": 5.0, "beta_rec": 0.6160105890253335, "gamma_fc": 0.6588643556226892, "cue_position": 0.0, "enc_rate": 0.8, "beta_enc": 0.4436779297027613}, "datetime": {"elapsed": 5472.125332, "datetime": "2020-11-23 16:13:02", "delta": 23.28443}}
{"target": 5.971777777777778, "params": {"k": 5.0, "beta_rec": 0.6326799525604799, "gamma_fc": 0.9993730078058991, "cue_position": 0.0, "enc_rate": 0.8, "beta_enc": 0.5172181762378922}, "datetime": {"elapsed": 5495.016053, "datetime": "2020-11-23 16:13:25", "delta": 22.890721}}
{"target": 6.359333333333333, "params": {"k": 5.0, "beta_rec": 1.0, "gamma_fc": 0.20999604856068688, "cue_position": 0.0, "enc_rate": 0.8, "beta_enc": 0.19298937299467767}, "datetime": {"elapsed": 5518.502429, "datetime": "2020-11-23 16:13:49", "delta": 23.486376}}
{"target": 4.494222222222222, "params": {"k": 5.0, "beta_rec": 1.0, "gamma_fc": 0.0, "cue_position": 0.0, "enc_rate": 0.8, "beta_enc": 0.5231551147534107}, "datetime": {"elapsed": 5538.637164, "datetime": "2020-11-23 16:14:09", "delta": 20.134735}}
{"target": 6.767333333333335, "params": {"k": 5.0, "beta_rec": 0.8942039098495311, "gamma_fc": 0.18296563776548766, "cue_position": 0.0, "enc_rate": 0.8, "beta_enc": 0.7174505435881477}, "datetime": {"elapsed": 5563.448633, "datetime": "2020-11-23 16:14:34", "delta": 24.811469}}
{"target": 6.122222222222222, "params": {"k": 5.0, "beta_rec": 1.0, "gamma_fc": 0.8265051497185307, "cue_position": 0.0, "enc_rate": 0.8, "beta_enc": 0.4420470021771482}, "datetime": {"elapsed": 5586.565297, "datetime": "2020-11-23 16:14:57", "delta": 23.116664}}
{"target": 6.801333333333334, "params": {"k": 5.0, "beta_rec": 0.9997193367583508, "gamma_fc": 0.21288631890464593, "cue_position": 0.0, "enc_rate": 0.8, "beta_enc": 0.8050468805725055}, "datetime": {"elapsed": 5611.372279, "datetime": "2020-11-23 16:15:21", "delta": 24.806982}}
{"target": 6.244888888888889, "params": {"k": 5.0, "beta_rec": 1.0, "gamma_fc": 0.25099675835840646, "cue_position": 0.0, "enc_rate": 0.8, "beta_enc": 0.43572137240601466}, "datetime": {"elapsed": 5634.714929, "datetime": "2020-11-23 16:15:45", "delta": 23.34265}}
{"target": 6.635111111111111, "params": {"k": 5.0, "beta_rec": 0.7474121922075669, "gamma_fc": 0.0, "cue_position": 0.0, "enc_rate": 0.8, "beta_enc": 0.49048936142489774}, "datetime": {"elapsed": 5659.695338, "datetime": "2020-11-23 16:16:10", "delta": 24.980409}}
{"target": 6.412000000000001, "params": {"k": 5.0, "beta_rec": 0.6759153587149216, "gamma_fc": 0.3010489329773175, "cue_position": 0.0, "enc_rate": 0.8, "beta_enc": 0.7222763758256099}, "datetime": {"elapsed": 5683.880309, "datetime": "2020-11-23 16:16:34", "delta": 24.184971}}
{"target": 6.303777777777777, "params": {"k": 5.0, "beta_rec": 0.47081622485059393, "gamma_fc": 0.36181777276909977, "cue_position": 0.0, "enc_rate": 0.8, "beta_enc": 0.29431157179746315}, "datetime": {"elapsed": 5707.487535, "datetime": "2020-11-23 16:16:58", "delta": 23.607226}}
{"target": 6.266444444444444, "params": {"k": 5.0, "beta_rec": 0.5922375636550514, "gamma_fc": 0.3927421660864887, "cue_position": 0.0, "enc_rate": 0.8, "beta_enc": 0.004212633920619546}, "datetime": {"elapsed": 5730.940063, "datetime": "2020-11-23 16:17:21", "delta": 23.452528}}
{"target": 6.240222222222222, "params": {"k": 5.0, "beta_rec": 0.8579538018341667, "gamma_fc": 0.5999387515754109, "cue_position": 0.0, "enc_rate": 0.8, "beta_enc": 0.0}, "datetime": {"elapsed": 5754.006906, "datetime": "2020-11-23 16:17:44", "delta": 23.066843}}
{"target": 6.2284444444444444, "params": {"k": 5.0, "beta_rec": 0.255611767395502, "gamma_fc": 0.15857935910861096, "cue_position": 0.0, "enc_rate": 0.8, "beta_enc": 0.0}, "datetime": {"elapsed": 5777.160723, "datetime": "2020-11-23 16:18:07", "delta": 23.153817}}
{"target": 6.210666666666667, "params": {"k": 5.0, "beta_rec": 0.12252636595564545, "gamma_fc": 0.9164463790404157, "cue_position": 0.0, "enc_rate": 0.8, "beta_enc": 0.11613192635369268}, "datetime": {"elapsed": 5800.163739, "datetime": "2020-11-23 16:18:30", "delta": 23.003016}}
{"target": 6.234, "params": {"k": 5.0, "beta_rec": 0.0, "gamma_fc": 0.33791259220041747, "cue_position": 0.0, "enc_rate": 0.8, "beta_enc": 0.1436376808558113}, "datetime": {"elapsed": 5822.948141, "datetime": "2020-11-23 16:18:53", "delta": 22.784402}}
{"target": 6.286444444444444, "params": {"k": 5.0, "beta_rec": 0.5620923760433104, "gamma_fc": 0.8592295566385906, "cue_position": 0.0, "enc_rate": 0.8, "beta_enc": 0.0}, "datetime": {"elapsed": 5846.008987, "datetime": "2020-11-23 16:19:16", "delta": 23.060846}}
{"target": 0.7897777777777777, "params": {"k": 5.0, "beta_rec": 1.0, "gamma_fc": 1.0, "cue_position": 0.0, "enc_rate": 0.8, "beta_enc": 1.0}, "datetime": {"elapsed": 5859.243541, "datetime": "2020-11-23 16:19:29", "delta": 13.234554}}
{"target": 6.378888888888889, "params": {"k": 5.0, "beta_rec": 0.8477464236200458, "gamma_fc": 0.09611864199964204, "cue_position": 0.0, "enc_rate": 0.8, "beta_enc": 0.42594578157623364}, "datetime": {"elapsed": 5882.747892, "datetime": "2020-11-23 16:19:53", "delta": 23.504351}}
{"target": 6.163555555555556, "params": {"k": 5.0, "beta_rec": 0.4154041589327691, "gamma_fc": 0.7119323787718936, "cue_position": 0.0, "enc_rate": 0.8, "beta_enc": 0.39750989248910595}, "datetime": {"elapsed": 5905.945281, "datetime": "2020-11-23 16:20:16", "delta": 23.197389}}
{"target": 6.206, "params": {"k": 5.0, "beta_rec": 0.24352689550516338, "gamma_fc": 0.16564202645517748, "cue_position": 0.0, "enc_rate": 0.8, "beta_enc": 0.4128037191497651}, "datetime": {"elapsed": 5929.128855, "datetime": "2020-11-23 16:20:39", "delta": 23.183574}}
{"target": 6.276888888888888, "params": {"k": 5.0, "beta_rec": 1.0, "gamma_fc": 0.5409059474275143, "cue_position": 0.0, "enc_rate": 0.8, "beta_enc": 0.14891734859560116}, "datetime": {"elapsed": 5952.451262, "datetime": "2020-11-23 16:21:03", "delta": 23.322407}}
{"target": 6.262444444444444, "params": {"k": 5.0, "beta_rec": 0.9996904338097902, "gamma_fc": 0.5403003709065194, "cue_position": 0.0, "enc_rate": 0.8, "beta_enc": 0.5475830719416044}, "datetime": {"elapsed": 5975.531732, "datetime": "2020-11-23 16:21:26", "delta": 23.08047}}
{"target": 6.267555555555555, "params": {"k": 5.0, "beta_rec": 0.9980682696989197, "gamma_fc": 0.8548763679165947, "cue_position": 0.0, "enc_rate": 0.8, "beta_enc": 0.07058446746089109}, "datetime": {"elapsed": 5998.555008, "datetime": "2020-11-23 16:21:49", "delta": 23.023276}}
{"target": 5.432666666666667, "params": {"k": 5.0, "beta_rec": 0.12100176972923991, "gamma_fc": 0.0, "cue_position": 0.0, "enc_rate": 0.8, "beta_enc": 0.6007288619106674}, "datetime": {"elapsed": 6019.872487, "datetime": "2020-11-23 16:22:10", "delta": 21.317479}}
