{"target": 8.0, "params": {"gamma_cf": 0.6069554753035141, "beta_rec": 0.37011461427199666, "gamma_fc": 0.2453103721170089, "cue_position": 16.0, "beta_enc": 0.7510294733743035}, "datetime": {"delta": 24.056572, "elapsed": 7803.841514, "datetime": "2020-06-14 11:50:54"}}
{"target": 7.0, "params": {"gamma_cf": 0.4441106393594394, "beta_rec": 0.8917584929584564, "gamma_fc": 0.31342782499923594, "cue_position": 16.0, "beta_enc": 0.3507952371278268}, "datetime": {"delta": 24.184762, "elapsed": 7828.026276, "datetime": "2020-06-14 11:51:19"}}
{"target": 7.375, "params": {"gamma_cf": 0.7915300918494185, "beta_rec": 0.4772611072255165, "gamma_fc": 0.786264025286634, "cue_position": 16.0, "beta_enc": 0.7562738409528831}, "datetime": {"delta": 24.099236, "elapsed": 7852.125512, "datetime": "2020-06-14 11:51:43"}}
{"target": 7.375, "params": {"gamma_cf": 0.3060440118231418, "beta_rec": 0.28739118781443973, "gamma_fc": 0.2768145528713245, "cue_position": 16.0, "beta_enc": 0.8258235945596093}, "datetime": {"delta": 24.040189, "elapsed": 7876.165701, "datetime": "2020-06-14 11:52:07"}}
{"target": 9.5, "params": {"gamma_cf": 0.23825594006712525, "beta_rec": 0.3816861037420124, "gamma_fc": 0.5763296059315326, "cue_position": 16.0, "beta_enc": 0.5132381217075739}, "datetime": {"delta": 24.076137, "elapsed": 7900.241838, "datetime": "2020-06-14 11:52:31"}}
{"target": 7.875, "params": {"gamma_cf": 0.37450735568492444, "beta_rec": 0.4808735498184876, "gamma_fc": 0.8444067973152485, "cue_position": 16.0, "beta_enc": 0.7846508702458176}, "datetime": {"delta": 25.027163, "elapsed": 7925.269001, "datetime": "2020-06-14 11:52:56"}}
{"target": 6.625, "params": {"gamma_cf": 0.961194306701724, "beta_rec": 0.21677864971655159, "gamma_fc": 0.4060586204138452, "cue_position": 16.0, "beta_enc": 0.8236037334710293}, "datetime": {"delta": 23.917209, "elapsed": 7949.18621, "datetime": "2020-06-14 11:53:20"}}
{"target": 9.75, "params": {"gamma_cf": 0.8155817419284287, "beta_rec": 0.4030329828676952, "gamma_fc": 0.3799546130138204, "cue_position": 16.0, "beta_enc": 0.5934273728100691}, "datetime": {"delta": 23.87844, "elapsed": 7973.06465, "datetime": "2020-06-14 11:53:44"}}
{"target": 11.75, "params": {"gamma_cf": 0.7341730833669898, "beta_rec": 0.4011849509400225, "gamma_fc": 0.35798461300583995, "cue_position": 16.0, "beta_enc": 0.5264678029383906}, "datetime": {"delta": 23.606914, "elapsed": 7996.671564, "datetime": "2020-06-14 11:54:07"}}
{"target": 10.125, "params": {"gamma_cf": 0.09170965875050086, "beta_rec": 0.2754559622182233, "gamma_fc": 0.7484438553293038, "cue_position": 16.0, "beta_enc": 0.00047735402239734714}, "datetime": {"delta": 23.759859, "elapsed": 8020.431423, "datetime": "2020-06-14 11:54:31"}}
{"target": 9.25, "params": {"gamma_cf": 0.7086828081682531, "beta_rec": 0.6215796236696295, "gamma_fc": 0.43400735760936715, "cue_position": 16.0, "beta_enc": 0.4388914983632801}, "datetime": {"delta": 23.152573, "elapsed": 8043.583996, "datetime": "2020-06-14 11:54:54"}}
{"target": 9.0, "params": {"gamma_cf": 0.16276316275379976, "beta_rec": 0.34710736013396826, "gamma_fc": 0.3485333778768892, "cue_position": 16.0, "beta_enc": 0.4252764896141962}, "datetime": {"delta": 23.797631, "elapsed": 8067.381627, "datetime": "2020-06-14 11:55:18"}}
{"target": 7.625, "params": {"gamma_cf": 0.026075529924231344, "beta_rec": 0.827044963142022, "gamma_fc": 0.46121449813826276, "cue_position": 16.0, "beta_enc": 0.5643499687947653}, "datetime": {"delta": 24.440662, "elapsed": 8091.822289, "datetime": "2020-06-14 11:55:42"}}
{"target": 8.75, "params": {"gamma_cf": 0.19248885840882912, "beta_rec": 0.22317466501103722, "gamma_fc": 0.8730230585407281, "cue_position": 16.0, "beta_enc": 0.16281173282005956}, "datetime": {"delta": 24.366454, "elapsed": 8116.188743, "datetime": "2020-06-14 11:56:07"}}
{"target": 10.625, "params": {"gamma_cf": 0.1898445409167091, "beta_rec": 0.29782178168841067, "gamma_fc": 0.9721391813703595, "cue_position": 16.0, "beta_enc": 0.566878941912226}, "datetime": {"delta": 23.938779, "elapsed": 8140.127522, "datetime": "2020-06-14 11:56:31"}}
{"target": 7.5, "params": {"gamma_cf": 0.16521971900318233, "beta_rec": 0.1121752467251308, "gamma_fc": 0.5883134420129991, "cue_position": 16.0, "beta_enc": 0.9466103804057003}, "datetime": {"delta": 24.278314, "elapsed": 8164.405836, "datetime": "2020-06-14 11:56:55"}}
{"target": 8.125, "params": {"gamma_cf": 0.5288682941543695, "beta_rec": 0.8331514103526465, "gamma_fc": 0.18501851751061538, "cue_position": 16.0, "beta_enc": 0.6298488973774601}, "datetime": {"delta": 23.696874, "elapsed": 8188.10271, "datetime": "2020-06-14 11:57:19"}}
{"target": 6.375, "params": {"gamma_cf": 0.9009448045449963, "beta_rec": 0.7000444629566814, "gamma_fc": 0.13727933411803017, "cue_position": 16.0, "beta_enc": 0.991297264666152}, "datetime": {"delta": 24.604234, "elapsed": 8212.706944, "datetime": "2020-06-14 11:57:43"}}
{"target": 8.75, "params": {"gamma_cf": 0.20791256658400226, "beta_rec": 0.10201930901810086, "gamma_fc": 0.9276800288975056, "cue_position": 16.0, "beta_enc": 0.1805568860332717}, "datetime": {"delta": 24.065843, "elapsed": 8236.772787, "datetime": "2020-06-14 11:58:07"}}
{"target": 7.75, "params": {"gamma_cf": 0.05706634124852428, "beta_rec": 0.09264756910009686, "gamma_fc": 0.6456945556057809, "cue_position": 16.0, "beta_enc": 0.9089551482849251}, "datetime": {"delta": 24.916251, "elapsed": 8261.689038, "datetime": "2020-06-14 11:58:32"}}
{"target": 7.875, "params": {"gamma_cf": 0.3763924691983733, "beta_rec": 0.24270294107820667, "gamma_fc": 0.7003619904937992, "cue_position": 16.0, "beta_enc": 0.007026829285157188}, "datetime": {"delta": 24.654294, "elapsed": 8286.343332, "datetime": "2020-06-14 11:58:57"}}
{"target": 9.0, "params": {"gamma_cf": 0.9861447026212565, "beta_rec": 0.8454517098898106, "gamma_fc": 0.5636143151722964, "cue_position": 16.0, "beta_enc": 0.21475561488902517}, "datetime": {"delta": 25.402749, "elapsed": 8311.746081, "datetime": "2020-06-14 11:59:22"}}
{"target": 7.75, "params": {"gamma_cf": 0.5991565708618275, "beta_rec": 0.8873135332996792, "gamma_fc": 0.5301233378129317, "cue_position": 16.0, "beta_enc": 0.37469560503470134}, "datetime": {"delta": 25.159442, "elapsed": 8336.905523, "datetime": "2020-06-14 11:59:48"}}
{"target": 6.125, "params": {"gamma_cf": 0.8549149464927747, "beta_rec": 0.6186025214348578, "gamma_fc": 0.9460715319680418, "cue_position": 16.0, "beta_enc": 0.9505928729382889}, "datetime": {"delta": 24.899276, "elapsed": 8361.804799, "datetime": "2020-06-14 12:00:12"}}
{"target": 7.75, "params": {"gamma_cf": 0.8976882719042669, "beta_rec": 0.797692777812131, "gamma_fc": 0.7696016621521369, "cue_position": 16.0, "beta_enc": 0.7131856859050301}, "datetime": {"delta": 25.332547, "elapsed": 8387.137346, "datetime": "2020-06-14 12:00:38"}}
{"target": 9.125, "params": {"gamma_cf": 0.2825528208819509, "beta_rec": 0.23669255814336332, "gamma_fc": 0.9582379543403827, "cue_position": 16.0, "beta_enc": 0.40743519779099924}, "datetime": {"delta": 24.967811, "elapsed": 8412.105157, "datetime": "2020-06-14 12:01:03"}}
{"target": 9.375, "params": {"gamma_cf": 0.3242900377125594, "beta_rec": 0.532449817532107, "gamma_fc": 0.6880053103099265, "cue_position": 16.0, "beta_enc": 0.11090698359046458}, "datetime": {"delta": 24.555936, "elapsed": 8436.661093, "datetime": "2020-06-14 12:01:27"}}
{"target": 7.875, "params": {"gamma_cf": 0.4831714300428389, "beta_rec": 0.19304599363516517, "gamma_fc": 0.4628282257819921, "cue_position": 16.0, "beta_enc": 0.19787167939403383}, "datetime": {"delta": 26.005186, "elapsed": 8462.666279, "datetime": "2020-06-14 12:01:53"}}
{"target": 8.5, "params": {"gamma_cf": 0.14312094946602916, "beta_rec": 0.7559437846767166, "gamma_fc": 0.5893299932005764, "cue_position": 16.0, "beta_enc": 0.47892240354968263}, "datetime": {"delta": 24.889095, "elapsed": 8487.555374, "datetime": "2020-06-14 12:02:18"}}
{"target": 6.875, "params": {"gamma_cf": 0.5334185233844371, "beta_rec": 0.8398324834726504, "gamma_fc": 0.2311919217167503, "cue_position": 16.0, "beta_enc": 0.9338998183930478}, "datetime": {"delta": 24.90207, "elapsed": 8512.457444, "datetime": "2020-06-14 12:02:43"}}
{"target": 6.875, "params": {"gamma_cf": 0.2964795535418181, "beta_rec": 0.7316260761708748, "gamma_fc": 0.3983358599832042, "cue_position": 16.0, "beta_enc": 0.8428873401456681}, "datetime": {"delta": 25.199664, "elapsed": 8537.657108, "datetime": "2020-06-14 12:03:08"}}
{"target": 7.625, "params": {"gamma_cf": 0.7104178258865341, "beta_rec": 0.25840076600520845, "gamma_fc": 0.9780485099540263, "cue_position": 16.0, "beta_enc": 0.13272622999197703}, "datetime": {"delta": 25.49478, "elapsed": 8563.151888, "datetime": "2020-06-14 12:03:34"}}
{"target": 6.375, "params": {"gamma_cf": 0.024771364522035877, "beta_rec": 0.7437617096295303, "gamma_fc": 0.16203846194101745, "cue_position": 16.0, "beta_enc": 0.675715120995111}, "datetime": {"delta": 25.682097, "elapsed": 8588.833985, "datetime": "2020-06-14 12:03:59"}}
{"target": 7.875, "params": {"gamma_cf": 0.1353212365368871, "beta_rec": 0.37376289351650027, "gamma_fc": 0.8448345961637513, "cue_position": 16.0, "beta_enc": 0.20567940969155307}, "datetime": {"delta": 26.372222, "elapsed": 8615.206207, "datetime": "2020-06-14 12:04:26"}}
