{"target": 10.125, "params": {"gamma_cf": 0.06796234397895573, "cue_position": 16.0, "beta_rec": 0.07394529877534017, "gamma_fc": 0.4670568461561788, "beta_enc": 0.1482887860525739}, "datetime": {"delta": 125.392636, "datetime": "2020-06-14 16:59:48", "elapsed": 14408.216731}}
{"target": 10.25, "params": {"gamma_cf": 0.5348811159499549, "cue_position": 16.0, "beta_rec": 0.42345073960133806, "gamma_fc": 0.6872160016030624, "beta_enc": 0.0985925401947565}, "datetime": {"delta": 127.179321, "datetime": "2020-06-14 17:01:55", "elapsed": 14535.396052}}
{"target": 10.125, "params": {"gamma_cf": 0.032373879664742033, "cue_position": 16.0, "beta_rec": 0.8606085475631111, "gamma_fc": 0.8044473559896941, "beta_enc": 0.9080141734575854}, "datetime": {"delta": 123.382326, "datetime": "2020-06-14 17:03:59", "elapsed": 14658.778378}}
{"target": 9.625, "params": {"gamma_cf": 0.8176104588153889, "cue_position": 16.0, "beta_rec": 0.13461378291655324, "gamma_fc": 0.9178000267983688, "beta_enc": 0.28860655501321353}, "datetime": {"delta": 120.801702, "datetime": "2020-06-14 17:06:00", "elapsed": 14779.58008}}
{"target": 10.375, "params": {"gamma_cf": 0.7784577938099501, "cue_position": 16.0, "beta_rec": 0.5392493093978941, "gamma_fc": 0.4222625996983357, "beta_enc": 0.13058128098276744}, "datetime": {"delta": 122.942961, "datetime": "2020-06-14 17:08:02", "elapsed": 14902.523041}}
{"target": 9.75, "params": {"gamma_cf": 0.9144085631077964, "cue_position": 16.0, "beta_rec": 0.6142427729076096, "gamma_fc": 0.19061090420443472, "beta_enc": 0.14036080030268971}, "datetime": {"delta": 119.243878, "datetime": "2020-06-14 17:10:02", "elapsed": 15021.766919}}
{"target": 9.875, "params": {"gamma_cf": 0.16033145835413787, "cue_position": 16.0, "beta_rec": 0.2447796452947657, "gamma_fc": 0.8519279334591866, "beta_enc": 0.6059279108114805}, "datetime": {"delta": 119.058421, "datetime": "2020-06-14 17:12:01", "elapsed": 15140.82534}}
{"target": 11.0, "params": {"gamma_cf": 0.3885899860345501, "cue_position": 16.0, "beta_rec": 0.023072190897384992, "gamma_fc": 0.7533346428151058, "beta_enc": 0.11379191036685177}, "datetime": {"delta": 119.278334, "datetime": "2020-06-14 17:14:00", "elapsed": 15260.103674}}
{"target": 11.625, "params": {"gamma_cf": 0.5384870791378616, "cue_position": 16.0, "beta_rec": 0.4211078768728407, "gamma_fc": 0.6911038896293614, "beta_enc": 0.10818533536652686}, "datetime": {"delta": 122.081659, "datetime": "2020-06-14 17:16:02", "elapsed": 15382.185333}}
{"target": 10.25, "params": {"gamma_cf": 0.5620089596068247, "cue_position": 16.0, "beta_rec": 0.511377468868833, "gamma_fc": 0.6653481454093011, "beta_enc": 0.27370919475186506}, "datetime": {"delta": 119.350985, "datetime": "2020-06-14 17:18:01", "elapsed": 15501.536318}}
{"target": 11.25, "params": {"gamma_cf": 0.7792013773805964, "cue_position": 16.0, "beta_rec": 0.5306116934220615, "gamma_fc": 0.40914132846755014, "beta_enc": 0.13539242065944446}, "datetime": {"delta": 119.132079, "datetime": "2020-06-14 17:20:01", "elapsed": 15620.668397}}
{"target": 9.25, "params": {"gamma_cf": 0.34594274044972395, "cue_position": 16.0, "beta_rec": 0.38853933029017973, "gamma_fc": 0.8017863525697512, "beta_enc": 0.028611527913491197}, "datetime": {"delta": 117.950824, "datetime": "2020-06-14 17:21:59", "elapsed": 15738.619221}}
{"target": 9.375, "params": {"gamma_cf": 0.03501265067745141, "cue_position": 16.0, "beta_rec": 0.8650807327711881, "gamma_fc": 0.7981027467089493, "beta_enc": 0.8907818710860602}, "datetime": {"delta": 119.119075, "datetime": "2020-06-14 17:23:58", "elapsed": 15857.738296}}
{"target": 8.0, "params": {"gamma_cf": 0.060987000824814896, "cue_position": 16.0, "beta_rec": 0.9416382731680045, "gamma_fc": 0.8793513922031414, "beta_enc": 0.23157903544822778}, "datetime": {"delta": 119.368934, "datetime": "2020-06-14 17:25:57", "elapsed": 15977.10723}}
{"target": 11.5, "params": {"gamma_cf": 0.33973511447980875, "cue_position": 16.0, "beta_rec": 0.38783868598864457, "gamma_fc": 0.7969697324250118, "beta_enc": 0.015248070489989773}, "datetime": {"delta": 118.554324, "datetime": "2020-06-14 17:27:56", "elapsed": 16095.661554}}
{"target": 8.75, "params": {"gamma_cf": 0.955011986620142, "cue_position": 16.0, "beta_rec": 0.48668453351417706, "gamma_fc": 0.9410474436084862, "beta_enc": 0.028599650609948846}, "datetime": {"delta": 111.872459, "datetime": "2020-06-14 17:29:47", "elapsed": 16207.534013}}
{"target": 11.625, "params": {"gamma_cf": 0.9355697321554791, "cue_position": 16.0, "beta_rec": 0.471495596559417, "gamma_fc": 0.4852104346464581, "beta_enc": 0.07419064810771636}, "datetime": {"delta": 112.902125, "datetime": "2020-06-14 17:31:40", "elapsed": 16320.436138}}
{"target": 9.875, "params": {"gamma_cf": 0.6600904672484345, "cue_position": 16.0, "beta_rec": 0.5842059367016379, "gamma_fc": 0.7135765478740661, "beta_enc": 0.09032258163952245}, "datetime": {"delta": 111.410414, "datetime": "2020-06-14 17:33:32", "elapsed": 16431.846552}}
{"target": 8.25, "params": {"gamma_cf": 0.6222988095954496, "cue_position": 16.0, "beta_rec": 0.7117592636414884, "gamma_fc": 0.34478288134723123, "beta_enc": 0.38730610589931236}, "datetime": {"delta": 111.908462, "datetime": "2020-06-14 17:35:24", "elapsed": 16543.755014}}
{"target": 10.0, "params": {"gamma_cf": 0.6988988449313863, "cue_position": 16.0, "beta_rec": 0.2904975047431113, "gamma_fc": 0.6579553582197056, "beta_enc": 0.048460189290196354}, "datetime": {"delta": 111.231482, "datetime": "2020-06-14 17:37:15", "elapsed": 16654.986496}}
{"target": 9.25, "params": {"gamma_cf": 0.49863539619431607, "cue_position": 16.0, "beta_rec": 0.04913909518739912, "gamma_fc": 0.050548655543116494, "beta_enc": 0.21894756456536346}, "datetime": {"delta": 111.789315, "datetime": "2020-06-14 17:39:07", "elapsed": 16766.775811}}
{"target": 11.125, "params": {"gamma_cf": 0.8043009003301278, "cue_position": 16.0, "beta_rec": 0.3328741357887661, "gamma_fc": 0.33731650962990556, "beta_enc": 0.17402473699982857}, "datetime": {"delta": 113.013982, "datetime": "2020-06-14 17:41:00", "elapsed": 16879.789793}}
{"target": 11.25, "params": {"gamma_cf": 0.954847651615491, "cue_position": 16.0, "beta_rec": 0.4870048137339499, "gamma_fc": 0.9510365344799938, "beta_enc": 0.03832211581093936}, "datetime": {"delta": 111.149148, "datetime": "2020-06-14 17:42:51", "elapsed": 16990.938941}}
{"target": 8.5, "params": {"gamma_cf": 0.41117912517118393, "cue_position": 16.0, "beta_rec": 0.3159332013886177, "gamma_fc": 0.24033473462928912, "beta_enc": 0.18173494532846424}, "datetime": {"delta": 109.028889, "datetime": "2020-06-14 17:44:40", "elapsed": 17099.96783}}
{"target": 9.125, "params": {"gamma_cf": 0.8056977493381517, "cue_position": 16.0, "beta_rec": 0.7709338422321771, "gamma_fc": 0.5326082858980402, "beta_enc": 0.2970203174081777}, "datetime": {"delta": 108.762659, "datetime": "2020-06-14 17:46:29", "elapsed": 17208.730489}}
{"target": 10.625, "params": {"gamma_cf": 0.33437875041877607, "cue_position": 16.0, "beta_rec": 0.03199066058102806, "gamma_fc": 0.37059579296299217, "beta_enc": 0.01691131934761214}, "datetime": {"delta": 112.363988, "datetime": "2020-06-14 17:48:21", "elapsed": 17321.094477}}
{"target": 9.625, "params": {"gamma_cf": 0.7690374689883589, "cue_position": 16.0, "beta_rec": 0.8816400577619711, "gamma_fc": 0.9391788806510836, "beta_enc": 0.5887975602764249}, "datetime": {"delta": 111.156902, "datetime": "2020-06-14 17:50:12", "elapsed": 17432.251379}}
{"target": 10.375, "params": {"gamma_cf": 0.45155823318809984, "cue_position": 16.0, "beta_rec": 0.08784972993562223, "gamma_fc": 0.3774421772244039, "beta_enc": 0.034051061983885744}, "datetime": {"delta": 113.762825, "datetime": "2020-06-14 17:52:06", "elapsed": 17546.014204}}
{"target": 11.125, "params": {"gamma_cf": 0.6000819000883442, "cue_position": 16.0, "beta_rec": 0.5656498150029549, "gamma_fc": 0.7012341989113979, "beta_enc": 0.06501576343573512}, "datetime": {"delta": 110.819032, "datetime": "2020-06-14 17:53:57", "elapsed": 17656.833236}}
{"target": 8.75, "params": {"gamma_cf": 0.9627343983503812, "cue_position": 16.0, "beta_rec": 0.3086060925487567, "gamma_fc": 0.5030620786265527, "beta_enc": 0.20225996725030526}, "datetime": {"delta": 108.62215, "datetime": "2020-06-14 17:55:45", "elapsed": 17765.455386}}
{"target": 10.875, "params": {"gamma_cf": 0.4438279031711232, "cue_position": 16.0, "beta_rec": 0.007130594117393363, "gamma_fc": 0.6889659833609225, "beta_enc": 0.18925666741078195}, "datetime": {"delta": 110.215719, "datetime": "2020-06-14 17:57:36", "elapsed": 17875.671105}}
{"target": 11.0, "params": {"gamma_cf": 0.40445397885772527, "cue_position": 16.0, "beta_rec": 0.028044478911688264, "gamma_fc": 0.7491801687281034, "beta_enc": 0.1159237854055678}, "datetime": {"delta": 106.684095, "datetime": "2020-06-14 17:59:22", "elapsed": 17982.3552}}
{"target": 11.25, "params": {"gamma_cf": 0.5489063766250171, "cue_position": 16.0, "beta_rec": 0.14220248959769144, "gamma_fc": 0.9732077849485695, "beta_enc": 0.3010999797052105}, "datetime": {"delta": 105.440766, "datetime": "2020-06-14 18:01:08", "elapsed": 18087.795966}}
{"target": 11.5, "params": {"gamma_cf": 0.17776573272534202, "cue_position": 16.0, "beta_rec": 0.22674821661682132, "gamma_fc": 0.8349074962214493, "beta_enc": 0.5094701880615963}, "datetime": {"delta": 103.137472, "datetime": "2020-06-14 18:02:51", "elapsed": 18190.933438}}
{"target": 9.375, "params": {"gamma_cf": 0.4616058254255627, "cue_position": 16.0, "beta_rec": 0.8183548864423599, "gamma_fc": 0.9339075640230703, "beta_enc": 0.7996141412197962}, "datetime": {"delta": 106.649082, "datetime": "2020-06-14 18:04:38", "elapsed": 18297.58252}}
{"target": 11.0, "params": {"gamma_cf": 0.24362725711547073, "cue_position": 16.0, "beta_rec": 0.02581652380806876, "gamma_fc": 0.8679542410822019, "beta_enc": 0.018129070166113093}, "datetime": {"delta": 107.52242, "datetime": "2020-06-14 18:06:25", "elapsed": 18405.10494}}
{"target": 8.75, "params": {"gamma_cf": 0.7701750890918495, "cue_position": 16.0, "beta_rec": 0.5082062423670977, "gamma_fc": 0.12036743781411474, "beta_enc": 0.31281789947989036}, "datetime": {"delta": 104.586698, "datetime": "2020-06-14 18:08:10", "elapsed": 18509.691638}}
{"target": 10.625, "params": {"gamma_cf": 0.7758423890995191, "cue_position": 16.0, "beta_rec": 0.08874511421233444, "gamma_fc": 0.19103762186301754, "beta_enc": 0.13568911977005083}, "datetime": {"delta": 105.387706, "datetime": "2020-06-14 18:09:55", "elapsed": 18615.079344}}
{"target": 10.875, "params": {"gamma_cf": 0.9413581033396805, "cue_position": 16.0, "beta_rec": 0.487984928440068, "gamma_fc": 0.9447892838189539, "beta_enc": 0.03915899372581666}, "datetime": {"delta": 104.527875, "datetime": "2020-06-14 18:11:40", "elapsed": 18719.607219}}
{"target": 9.5, "params": {"gamma_cf": 0.7345538788986937, "cue_position": 16.0, "beta_rec": 0.3717938020374937, "gamma_fc": 0.47529927269981564, "beta_enc": 0.14904230340401514}, "datetime": {"delta": 104.493771, "datetime": "2020-06-14 18:13:24", "elapsed": 18824.10099}}
{"target": 10.375, "params": {"gamma_cf": 0.9183269564030156, "cue_position": 16.0, "beta_rec": 0.6255067201851647, "gamma_fc": 0.20030270556577678, "beta_enc": 0.1464857169418219}, "datetime": {"delta": 103.506237, "datetime": "2020-06-14 18:15:08", "elapsed": 18927.607227}}
{"target": 10.625, "params": {"gamma_cf": 0.901817338472166, "cue_position": 16.0, "beta_rec": 0.3524805067088541, "gamma_fc": 0.7285153084342407, "beta_enc": 0.34576196257778047}, "datetime": {"delta": 105.810297, "datetime": "2020-06-14 18:16:53", "elapsed": 19033.417524}}
{"target": 10.875, "params": {"gamma_cf": 0.6351912892893224, "cue_position": 16.0, "beta_rec": 0.7067516714356523, "gamma_fc": 0.37766791777032294, "beta_enc": 0.0438837341070526}, "datetime": {"delta": 104.556498, "datetime": "2020-06-14 18:18:38", "elapsed": 19137.974022}}
{"target": 8.5, "params": {"gamma_cf": 0.10568374311344542, "cue_position": 16.0, "beta_rec": 0.10768939374131437, "gamma_fc": 0.9834999347928393, "beta_enc": 0.359980502596283}, "datetime": {"delta": 104.73185, "datetime": "2020-06-14 18:20:23", "elapsed": 19242.705872}}
{"target": 10.375, "params": {"gamma_cf": 0.5354194609306979, "cue_position": 16.0, "beta_rec": 0.4162522949604671, "gamma_fc": 0.6852518300543469, "beta_enc": 0.09215292915376616}, "datetime": {"delta": 111.759324, "datetime": "2020-06-14 18:22:14", "elapsed": 19354.465196}}
{"target": 10.125, "params": {"gamma_cf": 0.3415342485190447, "cue_position": 16.0, "beta_rec": 0.38798166767183906, "gamma_fc": 0.8034103788142295, "beta_enc": 0.016488116660196783}, "datetime": {"delta": 113.10649, "datetime": "2020-06-14 18:24:08", "elapsed": 19467.571686}}
{"target": 9.625, "params": {"gamma_cf": 0.658561821342486, "cue_position": 16.0, "beta_rec": 0.6946266501855524, "gamma_fc": 0.7483755512346727, "beta_enc": 0.13684821192899743}, "datetime": {"delta": 112.006636, "datetime": "2020-06-14 18:26:00", "elapsed": 19579.578322}}
{"target": 10.25, "params": {"gamma_cf": 0.6217071322877203, "cue_position": 16.0, "beta_rec": 0.4659414161658809, "gamma_fc": 0.8801271667989946, "beta_enc": 0.22806846366875222}, "datetime": {"delta": 112.177777, "datetime": "2020-06-14 18:27:52", "elapsed": 19691.756099}}
{"target": 10.25, "params": {"gamma_cf": 0.027600282493801864, "cue_position": 16.0, "beta_rec": 0.8589085994423797, "gamma_fc": 0.7963463353913511, "beta_enc": 0.8927714929121867}, "datetime": {"delta": 112.066817, "datetime": "2020-06-14 18:29:44", "elapsed": 19803.822916}}
{"target": 9.25, "params": {"gamma_cf": 0.8545689878799536, "cue_position": 16.0, "beta_rec": 0.7572700988115, "gamma_fc": 0.2622571930802131, "beta_enc": 0.36720966203764205}, "datetime": {"delta": 109.477097, "datetime": "2020-06-14 18:31:33", "elapsed": 19913.300013}}
{"target": 11.125, "params": {"gamma_cf": 0.5041298626316827, "cue_position": 16.0, "beta_rec": 0.3066833482457937, "gamma_fc": 0.8274221806984449, "beta_enc": 0.1605606071778004}, "datetime": {"delta": 109.883153, "datetime": "2020-06-14 18:33:23", "elapsed": 20023.183166}}
{"target": 10.875, "params": {"gamma_cf": 0.46794078143965123, "cue_position": 16.0, "beta_rec": 0.10332035924550487, "gamma_fc": 0.3769561847046443, "beta_enc": 0.038435789496836015}, "datetime": {"delta": 110.839912, "datetime": "2020-06-14 18:35:14", "elapsed": 20134.023078}}
{"target": 9.5, "params": {"gamma_cf": 0.6473096525443367, "cue_position": 16.0, "beta_rec": 0.6983621714576403, "gamma_fc": 0.3709150869279524, "beta_enc": 0.04756722186370621}, "datetime": {"delta": 107.546896, "datetime": "2020-06-14 18:37:02", "elapsed": 20241.569974}}
{"target": 10.25, "params": {"gamma_cf": 0.5109256411932194, "cue_position": 16.0, "beta_rec": 0.04101950570987456, "gamma_fc": 0.06475871200498429, "beta_enc": 0.20789162187911558}, "datetime": {"delta": 108.208189, "datetime": "2020-06-14 18:38:50", "elapsed": 20349.778163}}
{"target": 10.125, "params": {"gamma_cf": 0.4940766891556224, "cue_position": 16.0, "beta_rec": 0.03840625842343537, "gamma_fc": 0.059321079146874456, "beta_enc": 0.2211238906329085}, "datetime": {"delta": 108.190342, "datetime": "2020-06-14 18:40:38", "elapsed": 20457.968505}}
{"target": 10.75, "params": {"gamma_cf": 0.641361952156485, "cue_position": 16.0, "beta_rec": 0.725793959847208, "gamma_fc": 0.754136294572662, "beta_enc": 0.14826679034438828}, "datetime": {"delta": 107.90786, "datetime": "2020-06-14 18:42:26", "elapsed": 20565.876365}}
{"target": 9.875, "params": {"gamma_cf": 0.9377842217428713, "cue_position": 16.0, "beta_rec": 0.4640225394737595, "gamma_fc": 0.4888713052292093, "beta_enc": 0.07360710580874963}, "datetime": {"delta": 105.049489, "datetime": "2020-06-14 18:44:11", "elapsed": 20670.925854}}
{"target": 8.125, "params": {"gamma_cf": 0.4988026302307691, "cue_position": 16.0, "beta_rec": 0.04378315000488997, "gamma_fc": 0.05365432357903133, "beta_enc": 0.22117770360645117}, "datetime": {"delta": 105.983636, "datetime": "2020-06-14 18:45:57", "elapsed": 20776.90949}}
{"target": 10.375, "params": {"gamma_cf": 0.27213713879638546, "cue_position": 16.0, "beta_rec": 0.81260921127262, "gamma_fc": 0.8233961112131433, "beta_enc": 0.11938166477433232}, "datetime": {"delta": 113.33503, "datetime": "2020-06-14 18:47:50", "elapsed": 20890.24452}}
{"target": 10.875, "params": {"gamma_cf": 0.7733835033103172, "cue_position": 16.0, "beta_rec": 0.5303246436982892, "gamma_fc": 0.4201301533882571, "beta_enc": 0.13135860809260735}, "datetime": {"delta": 111.127955, "datetime": "2020-06-14 18:49:41", "elapsed": 21001.372475}}
{"target": 9.875, "params": {"gamma_cf": 0.7823144742157457, "cue_position": 16.0, "beta_rec": 0.7922712094538432, "gamma_fc": 0.9890830851132258, "beta_enc": 0.3486167345091157}, "datetime": {"delta": 106.253974, "datetime": "2020-06-14 18:51:28", "elapsed": 21107.626449}}
{"target": 10.5, "params": {"gamma_cf": 0.5515741919415277, "cue_position": 16.0, "beta_rec": 0.9190290024183401, "gamma_fc": 0.9663063179624077, "beta_enc": 0.04850194184672093}, "datetime": {"delta": 105.098087, "datetime": "2020-06-14 18:53:13", "elapsed": 21212.724536}}
{"target": 10.875, "params": {"gamma_cf": 0.3984702040220449, "cue_position": 16.0, "beta_rec": 0.021795426115639893, "gamma_fc": 0.7463631410936514, "beta_enc": 0.11588784737535085}, "datetime": {"delta": 104.497842, "datetime": "2020-06-14 18:54:57", "elapsed": 21317.222378}}
{"target": 9.625, "params": {"gamma_cf": 0.8637358816703076, "cue_position": 16.0, "beta_rec": 0.8066461318219252, "gamma_fc": 0.7441245938070306, "beta_enc": 0.2398560862860637}, "datetime": {"delta": 125.257222, "datetime": "2020-06-14 18:57:02", "elapsed": 21442.4796}}
{"target": 9.5, "params": {"gamma_cf": 0.7742513693249738, "cue_position": 16.0, "beta_rec": 0.8743719775642189, "gamma_fc": 0.9448408431774689, "beta_enc": 0.592848795548297}, "datetime": {"delta": 103.881428, "datetime": "2020-06-14 18:58:46", "elapsed": 21546.361028}}
{"target": 11.125, "params": {"gamma_cf": 0.8192597009825398, "cue_position": 16.0, "beta_rec": 0.8675181187753163, "gamma_fc": 0.9514962316724723, "beta_enc": 0.024523738286372332}, "datetime": {"delta": 103.088864, "datetime": "2020-06-14 19:00:29", "elapsed": 21649.449892}}
{"target": 10.375, "params": {"gamma_cf": 0.7741623975761035, "cue_position": 16.0, "beta_rec": 0.5216952493738636, "gamma_fc": 0.42744972627077926, "beta_enc": 0.12448739301009393}, "datetime": {"delta": 102.666871, "datetime": "2020-06-14 19:02:12", "elapsed": 21752.116763}}
{"target": 9.625, "params": {"gamma_cf": 0.6395065528906939, "cue_position": 16.0, "beta_rec": 0.7294036251743296, "gamma_fc": 0.761863391473826, "beta_enc": 0.14194026637615464}, "datetime": {"delta": 103.596952, "datetime": "2020-06-14 19:03:56", "elapsed": 21855.713715}}
{"target": 12.125, "params": {"gamma_cf": 0.901990815535327, "cue_position": 16.0, "beta_rec": 0.35455639420591867, "gamma_fc": 0.7163854917502316, "beta_enc": 0.3496728066965311}, "datetime": {"delta": 106.667645, "datetime": "2020-06-14 19:05:42", "elapsed": 21962.38136}}
{"target": 10.0, "params": {"gamma_cf": 0.03838037000080752, "cue_position": 16.0, "beta_rec": 0.8571802707964445, "gamma_fc": 0.8007974952765001, "beta_enc": 0.9005836110241049}, "datetime": {"delta": 104.255102, "datetime": "2020-06-14 19:07:27", "elapsed": 22066.636462}}
{"target": 9.375, "params": {"gamma_cf": 0.6319604721647109, "cue_position": 16.0, "beta_rec": 0.858592854463785, "gamma_fc": 0.6613320798988525, "beta_enc": 0.4879393426422235}, "datetime": {"delta": 102.264251, "datetime": "2020-06-14 19:09:09", "elapsed": 22168.900713}}
{"target": 9.875, "params": {"gamma_cf": 0.7734348002206659, "cue_position": 16.0, "beta_rec": 0.8906906217634881, "gamma_fc": 0.46562671806192457, "beta_enc": 0.3232054544883478}, "datetime": {"delta": 104.628618, "datetime": "2020-06-14 19:10:53", "elapsed": 22273.529331}}
{"target": 10.125, "params": {"gamma_cf": 0.7747572368968184, "cue_position": 16.0, "beta_rec": 0.5009202376370554, "gamma_fc": 0.13741228632102853, "beta_enc": 0.31132306920148367}, "datetime": {"delta": 105.573984, "datetime": "2020-06-14 19:12:39", "elapsed": 22379.103315}}
{"target": 10.0, "params": {"gamma_cf": 0.23134461031942488, "cue_position": 16.0, "beta_rec": 0.3251022571210934, "gamma_fc": 0.6715146330668188, "beta_enc": 0.2782309061827316}, "datetime": {"delta": 104.687707, "datetime": "2020-06-14 19:14:24", "elapsed": 22483.791022}}
{"target": 10.25, "params": {"gamma_cf": 0.8369588636173844, "cue_position": 16.0, "beta_rec": 0.3220434444286021, "gamma_fc": 0.5319475344293779, "beta_enc": 0.016070230432587596}, "datetime": {"delta": 105.966326, "datetime": "2020-06-14 19:16:10", "elapsed": 22589.757348}}
{"target": 11.25, "params": {"gamma_cf": 0.45413742100095, "cue_position": 16.0, "beta_rec": 0.1100622581796794, "gamma_fc": 0.3808017899374231, "beta_enc": 0.03231704088227372}, "datetime": {"delta": 103.702933, "datetime": "2020-06-14 19:17:53", "elapsed": 22693.460281}}
{"target": 10.125, "params": {"gamma_cf": 0.34548309511681163, "cue_position": 16.0, "beta_rec": 0.4154230348356647, "gamma_fc": 0.7873410121302361, "beta_enc": 0.019858181461449464}, "datetime": {"delta": 102.159072, "datetime": "2020-06-14 19:19:36", "elapsed": 22795.619353}}
{"target": 9.875, "params": {"gamma_cf": 0.32715869382309715, "cue_position": 16.0, "beta_rec": 0.6512126281305807, "gamma_fc": 0.5513498268755374, "beta_enc": 0.10879790406359535}, "datetime": {"delta": 100.145926, "datetime": "2020-06-14 19:21:16", "elapsed": 22895.765279}}
{"target": 10.75, "params": {"gamma_cf": 0.7716528548682338, "cue_position": 16.0, "beta_rec": 0.47321997910235214, "gamma_fc": 0.8310743816522739, "beta_enc": 0.08527949818405545}, "datetime": {"delta": 100.022006, "datetime": "2020-06-14 19:22:56", "elapsed": 22995.787285}}
