{"target": 7.895833333333333, "params": {"beta_enc": 0.417022004702574, "gamma_cf": 0.30233257263183977, "cue_position": 16.0, "beta_rec": 0.7203244934421581, "gamma_fc": 0.14675589081711304}, "datetime": {"elapsed": 0.0, "datetime": "2020-06-20 02:23:28", "delta": 0.0}}
{"target": 9.908333333333333, "params": {"beta_enc": 0.0923385947687978, "gamma_cf": 0.39676747423066994, "cue_position": 16.0, "beta_rec": 0.1862602113776709, "gamma_fc": 0.538816734003357}, "datetime": {"elapsed": 31.974234, "datetime": "2020-06-20 02:24:00", "delta": 31.974234}}
{"target": 7.916666666666667, "params": {"beta_enc": 0.4191945144032948, "gamma_cf": 0.8781174363909454, "cue_position": 16.0, "beta_rec": 0.6852195003967595, "gamma_fc": 0.027387593197926163}, "datetime": {"elapsed": 59.443035, "datetime": "2020-06-20 02:24:28", "delta": 27.468801}}
{"target": 7.7125, "params": {"beta_enc": 0.6704675101784022, "gamma_cf": 0.14038693859523377, "cue_position": 16.0, "beta_rec": 0.41730480236712697, "gamma_fc": 0.1981014890848788}, "datetime": {"elapsed": 86.44394, "datetime": "2020-06-20 02:24:55", "delta": 27.000905}}
{"target": 8.45, "params": {"beta_enc": 0.8007445686755367, "gamma_cf": 0.6923226156693141, "cue_position": 16.0, "beta_rec": 0.9682615757193975, "gamma_fc": 0.8763891522960383}, "datetime": {"elapsed": 115.189764, "datetime": "2020-06-20 02:25:23", "delta": 28.745824}}
{"target": 7.179166666666666, "params": {"beta_enc": 0.8946066635038473, "gamma_cf": 0.1698304195645689, "cue_position": 16.0, "beta_rec": 0.08504421136977791, "gamma_fc": 0.8781425034294131}, "datetime": {"elapsed": 140.961054, "datetime": "2020-06-20 02:25:49", "delta": 25.77129}}
{"target": 10.258333333333333, "params": {"beta_enc": 0.0983468338330501, "gamma_cf": 0.5331652849730171, "cue_position": 16.0, "beta_rec": 0.42110762500505217, "gamma_fc": 0.6918771139504734}, "datetime": {"elapsed": 173.451682, "datetime": "2020-06-20 02:26:22", "delta": 32.490628}}
{"target": 8.9875, "params": {"beta_enc": 0.31551563100606295, "gamma_cf": 0.018288277344191806, "cue_position": 16.0, "beta_rec": 0.6865009276815837, "gamma_fc": 0.7501443149449675}, "datetime": {"elapsed": 203.114637, "datetime": "2020-06-20 02:26:51", "delta": 29.662955}}
{"target": 6.945833333333334, "params": {"beta_enc": 0.9888610889064947, "gamma_cf": 0.7892793284514885, "cue_position": 16.0, "beta_rec": 0.7481656543798394, "gamma_fc": 0.10322600657764203}, "datetime": {"elapsed": 228.236714, "datetime": "2020-06-20 02:27:16", "delta": 25.122077}}
{"target": 7.5875, "params": {"beta_enc": 0.44789352617590517, "gamma_cf": 0.28777533858634874, "cue_position": 16.0, "beta_rec": 0.9085955030930956, "gamma_fc": 0.13002857211827767}, "datetime": {"elapsed": 254.815416, "datetime": "2020-06-20 02:27:43", "delta": 26.578702}}
{"target": 9.379166666666666, "params": {"beta_enc": 0.019366957870297075, "gamma_cf": 0.2655466593722262, "cue_position": 16.0, "beta_rec": 0.678835532939891, "gamma_fc": 0.4915731592803383}, "datetime": {"elapsed": 283.700368, "datetime": "2020-06-20 02:28:12", "delta": 28.884952}}
{"target": 10.154166666666667, "params": {"beta_enc": 0.053362545117080384, "gamma_cf": 0.5893055369032842, "cue_position": 16.0, "beta_rec": 0.5741176054920131, "gamma_fc": 0.6997583600209312}, "datetime": {"elapsed": 314.188949, "datetime": "2020-06-20 02:28:42", "delta": 30.488581}}
{"target": 8.479166666666666, "params": {"beta_enc": 0.10233442882782584, "gamma_cf": 0.41417926952690265, "cue_position": 16.0, "beta_rec": 0.4140559878195683, "gamma_fc": 0.04995345894608716}, "datetime": {"elapsed": 341.149878, "datetime": "2020-06-20 02:29:09", "delta": 26.960929}}
{"target": 8.379166666666666, "params": {"beta_enc": 0.5358964059155116, "gamma_cf": 0.9445947559908133, "cue_position": 16.0, "beta_rec": 0.6637946452197888, "gamma_fc": 0.5865550405019929}, "datetime": {"elapsed": 368.000831, "datetime": "2020-06-20 02:29:36", "delta": 26.850953}}
{"target": 6.458333333333333, "params": {"beta_enc": 0.9034019152878835, "gamma_cf": 0.8073912887095238, "cue_position": 16.0, "beta_rec": 0.13747470414623753, "gamma_fc": 0.3976768369855336}, "datetime": {"elapsed": 390.717028, "datetime": "2020-06-20 02:29:59", "delta": 22.716197}}
{"target": 10.075, "params": {"beta_enc": 0.16535419711693278, "gamma_cf": 0.7508121031361555, "cue_position": 16.0, "beta_rec": 0.9275085803960339, "gamma_fc": 0.7259979853504515}, "datetime": {"elapsed": 421.125391, "datetime": "2020-06-20 02:30:29", "delta": 30.408363}}
{"target": 7.2, "params": {"beta_enc": 0.8833060912058098, "gamma_cf": 0.34889834197784253, "cue_position": 16.0, "beta_rec": 0.6236722070556089, "gamma_fc": 0.2699278917650261}, "datetime": {"elapsed": 445.50897, "datetime": "2020-06-20 02:30:54", "delta": 24.383579}}
{"target": 6.9875, "params": {"beta_enc": 0.8958862181960668, "gamma_cf": 0.6634414978184481, "cue_position": 16.0, "beta_rec": 0.4280911898712949, "gamma_fc": 0.6216957202091218}, "datetime": {"elapsed": 469.436641, "datetime": "2020-06-20 02:31:18", "delta": 23.927671}}
{"target": 9.945833333333333, "params": {"beta_enc": 0.11474597295337519, "gamma_cf": 0.5783896143871318, "cue_position": 16.0, "beta_rec": 0.9494892587070712, "gamma_fc": 0.40813680276128117}, "datetime": {"elapsed": 500.002099, "datetime": "2020-06-20 02:31:48", "delta": 30.565458}}
{"target": 8.3125, "params": {"beta_enc": 0.2370269802430277, "gamma_cf": 0.00287032703115897, "cue_position": 16.0, "beta_rec": 0.9033795205622538, "gamma_fc": 0.6171449136207239}, "datetime": {"elapsed": 526.651962, "datetime": "2020-06-20 02:32:15", "delta": 26.649863}}
{"target": 10.2, "params": {"beta_enc": 0.32664490177209615, "gamma_cf": 0.35726976000249977, "cue_position": 16.0, "beta_rec": 0.5270581022576093, "gamma_fc": 0.9085351509197992}, "datetime": {"elapsed": 557.252114, "datetime": "2020-06-20 02:32:45", "delta": 30.600152}}
{"target": 7.15, "params": {"beta_enc": 0.6233601157918027, "gamma_cf": 0.690896917516924, "cue_position": 16.0, "beta_rec": 0.015821242846556283, "gamma_fc": 0.9973228504514805}, "datetime": {"elapsed": 581.391233, "datetime": "2020-06-20 02:33:09", "delta": 24.139119}}
{"target": 9.8875, "params": {"beta_enc": 0.17234050834532855, "gamma_cf": 0.6968181614899002, "cue_position": 16.0, "beta_rec": 0.13713574962887776, "gamma_fc": 0.06600017272206249}, "datetime": {"elapsed": 611.224161, "datetime": "2020-06-20 02:33:39", "delta": 29.832928}}
{"target": 8.104166666666666, "params": {"beta_enc": 0.7554630526024664, "gamma_cf": 0.7115247586284718, "cue_position": 16.0, "beta_rec": 0.7538761884612464, "gamma_fc": 0.1242709619721647}, "datetime": {"elapsed": 637.417082, "datetime": "2020-06-20 02:34:06", "delta": 26.192921}}
{"target": 10.05, "params": {"beta_enc": 0.01988013383979559, "gamma_cf": 0.2462110676030459, "cue_position": 16.0, "beta_rec": 0.026210986877719278, "gamma_fc": 0.860027948682888}, "datetime": {"elapsed": 667.649409, "datetime": "2020-06-20 02:34:36", "delta": 30.232327}}
{"target": 8.075, "params": {"beta_enc": 0.5388310643416528, "gamma_cf": 0.12417331511991114, "cue_position": 16.0, "beta_rec": 0.5528219786857659, "gamma_fc": 0.2791836790111395}, "datetime": {"elapsed": 695.673153, "datetime": "2020-06-20 02:35:04", "delta": 28.023744}}
{"target": 9.291666666666666, "params": {"beta_enc": 0.5857592714582879, "gamma_cf": 0.01864728937294302, "cue_position": 16.0, "beta_rec": 0.9695957483196745, "gamma_fc": 0.8006326726806163}, "datetime": {"elapsed": 726.510468, "datetime": "2020-06-20 02:35:35", "delta": 30.837315}}
{"target": 10.25, "params": {"beta_enc": 0.23297427384102043, "gamma_cf": 0.8635418545594287, "cue_position": 16.0, "beta_rec": 0.8071051956187791, "gamma_fc": 0.7471216427371846}, "datetime": {"elapsed": 759.494498, "datetime": "2020-06-20 02:36:08", "delta": 32.98403}}
{"target": 8.2125, "params": {"beta_enc": 0.5562402339904189, "gamma_cf": 0.12134345574073735, "cue_position": 16.0, "beta_rec": 0.13645522566068502, "gamma_fc": 0.044551878544761725}, "datetime": {"elapsed": 787.801842, "datetime": "2020-06-20 02:36:36", "delta": 28.307344}}
{"target": 9.758333333333333, "params": {"beta_enc": 0.1074941291060929, "gamma_cf": 0.5597169820541424, "cue_position": 16.0, "beta_rec": 0.2257093386078547, "gamma_fc": 0.012555980159115854}, "datetime": {"elapsed": 819.666897, "datetime": "2020-06-20 02:37:08", "delta": 31.865055}}
{"target": 7.4125, "params": {"beta_enc": 0.07197427968948678, "gamma_cf": 0.20329323466099047, "cue_position": 16.0, "beta_rec": 0.967276330000272, "gamma_fc": 0.2523257445703234}, "datetime": {"elapsed": 846.150453, "datetime": "2020-06-20 02:37:34", "delta": 26.483556}}
{"target": 6.033333333333333, "params": {"beta_enc": 0.7438258540750929, "gamma_cf": 0.9700199890883123, "cue_position": 16.0, "beta_rec": 0.1954294811093188, "gamma_fc": 0.8468288014900353}, "datetime": {"elapsed": 869.585802, "datetime": "2020-06-20 02:37:58", "delta": 23.435349}}
{"target": 9.595833333333333, "params": {"beta_enc": 0.23984775914758616, "gamma_cf": 0.8289808995501787, "cue_position": 16.0, "beta_rec": 0.49376971426872995, "gamma_fc": 0.15679139464608427}, "datetime": {"elapsed": 900.983629, "datetime": "2020-06-20 02:38:29", "delta": 31.397827}}
{"target": 10.45, "params": {"beta_enc": 0.018576202177409518, "gamma_cf": 0.6063294616533303, "cue_position": 16.0, "beta_rec": 0.07002214371922233, "gamma_fc": 0.5688514370864813}, "datetime": {"elapsed": 934.383253, "datetime": "2020-06-20 02:39:02", "delta": 33.399624}}
{"target": 9.708333333333334, "params": {"beta_enc": 0.31736240932216075, "gamma_cf": 0.3801411726235504, "cue_position": 16.0, "beta_rec": 0.9886161544124489, "gamma_fc": 0.5509482191178968}, "datetime": {"elapsed": 965.864908, "datetime": "2020-06-20 02:39:34", "delta": 31.481655}}
{"target": 8.029166666666667, "params": {"beta_enc": 0.7453344309065021, "gamma_cf": 0.06633483442844157, "cue_position": 16.0, "beta_rec": 0.6692328934531846, "gamma_fc": 0.3700841979141063}, "datetime": {"elapsed": 993.107449, "datetime": "2020-06-20 02:40:01", "delta": 27.242541}}
{"target": 8.154166666666667, "params": {"beta_enc": 0.6297175070215645, "gamma_cf": 0.06653648135411494, "cue_position": 16.0, "beta_rec": 0.2101740099148396, "gamma_fc": 0.26031509857854096}, "datetime": {"elapsed": 1020.603818, "datetime": "2020-06-20 02:40:29", "delta": 27.496369}}
{"target": 7.9125, "params": {"beta_enc": 0.8047545637433454, "gamma_cf": 0.5246703091237337, "cue_position": 16.0, "beta_rec": 0.19343428262332774, "gamma_fc": 0.9248079703993507}, "datetime": {"elapsed": 1047.718467, "datetime": "2020-06-20 02:40:56", "delta": 27.114649}}
{"target": 10.070833333333333, "params": {"beta_enc": 0.263296770487111, "gamma_cf": 0.7721780295432468, "cue_position": 16.0, "beta_rec": 0.06596109068402378, "gamma_fc": 0.907815852503524}, "datetime": {"elapsed": 1079.452668, "datetime": "2020-06-20 02:41:28", "delta": 31.734201}}
{"target": 5.9, "params": {"beta_enc": 0.9319720691968373, "gamma_cf": 0.6167783570016576, "cue_position": 16.0, "beta_rec": 0.013951572975597015, "gamma_fc": 0.9490163206876164}, "datetime": {"elapsed": 1102.010594, "datetime": "2020-06-20 02:41:50", "delta": 22.557926}}
{"target": 6.7125, "params": {"beta_enc": 0.9501761192470797, "gamma_cf": 0.6415662089463375, "cue_position": 16.0, "beta_rec": 0.5566531881951564, "gamma_fc": 0.39000771414124624}, "datetime": {"elapsed": 1126.378828, "datetime": "2020-06-20 02:42:14", "delta": 24.368234}}
{"target": 9.508333333333333, "params": {"beta_enc": 0.48599066709690975, "gamma_cf": 0.9261814267064536, "cue_position": 16.0, "beta_rec": 0.6043104829199732, "gamma_fc": 0.9187334356336061}, "datetime": {"elapsed": 1157.587511, "datetime": "2020-06-20 02:42:46", "delta": 31.208683}}
{"target": 6.970833333333333, "params": {"beta_enc": 0.3948756129235549, "gamma_cf": 0.12632951943963733, "cue_position": 16.0, "beta_rec": 0.9632625284407118, "gamma_fc": 0.13507915804673132}, "datetime": {"elapsed": 1183.045044, "datetime": "2020-06-20 02:43:11", "delta": 25.457533}}
{"target": 7.454166666666667, "params": {"beta_enc": 0.5056621656768967, "gamma_cf": 0.8271154711707325, "cue_position": 16.0, "beta_rec": 0.021524805274197978, "gamma_fc": 0.015018980742122379}, "datetime": {"elapsed": 1209.585816, "datetime": "2020-06-20 02:43:38", "delta": 26.540772}}
{"target": 10.345833333333333, "params": {"beta_enc": 0.17619625557505525, "gamma_cf": 0.8094906921265821, "cue_position": 16.0, "beta_rec": 0.332063574366837, "gamma_fc": 0.34473665268329345}, "datetime": {"elapsed": 1242.609386, "datetime": "2020-06-20 02:44:11", "delta": 33.02357}}
{"target": 5.408333333333333, "params": {"beta_enc": 0.9401074823333672, "gamma_cf": 0.8447344453922219, "cue_position": 16.0, "beta_rec": 0.58201417994708, "gamma_fc": 0.9053923187086492}, "datetime": {"elapsed": 1264.540241, "datetime": "2020-06-20 02:44:33", "delta": 21.930855}}
{"target": 9.358333333333333, "params": {"beta_enc": 0.45988026581680697, "gamma_cf": 0.28571885173414757, "cue_position": 16.0, "beta_rec": 0.5463468160203733, "gamma_fc": 0.4902535226199277}, "datetime": {"elapsed": 1295.292561, "datetime": "2020-06-20 02:45:03", "delta": 30.75232}}
{"target": 8.016666666666667, "params": {"beta_enc": 0.5991103076458784, "gamma_cf": 0.4336763489894583, "cue_position": 16.0, "beta_rec": 0.015533275550835723, "gamma_fc": 0.8073605288848414}, "datetime": {"elapsed": 1323.009656, "datetime": "2020-06-20 02:45:31", "delta": 27.717095}}
{"target": 9.6, "params": {"beta_enc": 0.31524480309537295, "gamma_cf": 0.18401020162746506, "cue_position": 16.0, "beta_rec": 0.8928887085251513, "gamma_fc": 0.7879292338255043}, "datetime": {"elapsed": 1354.187978, "datetime": "2020-06-20 02:46:02", "delta": 31.178322}}
{"target": 7.7375, "params": {"beta_enc": 0.6120311770449339, "gamma_cf": 0.6790688365654296, "cue_position": 16.0, "beta_rec": 0.053909272073752956, "gamma_fc": 0.9186017779775258}, "datetime": {"elapsed": 1381.281988, "datetime": "2020-06-20 02:46:29", "delta": 27.09401}}
{"target": 10.420833333333333, "params": {"beta_enc": 0.00040202489135743313, "gamma_cf": 0.9737835383583225, "cue_position": 16.0, "beta_rec": 0.9767591490310596, "gamma_fc": 0.604716100974053}, "datetime": {"elapsed": 1414.40068, "datetime": "2020-06-20 02:47:03", "delta": 33.118692}}
{"target": 8.441666666666666, "params": {"beta_enc": 0.828845807980693, "gamma_cf": 0.28557628169569393, "cue_position": 16.0, "beta_rec": 0.5747115047081023, "gamma_fc": 0.586833340656083}, "datetime": {"elapsed": 1443.129238, "datetime": "2020-06-20 02:47:31", "delta": 28.728558}}
{"target": 8.729166666666666, "params": {"beta_enc": 0.7500217637026599, "gamma_cf": 0.698057248447303, "cue_position": 16.0, "beta_rec": 0.8583138364290424, "gamma_fc": 0.8644794300545998}, "datetime": {"elapsed": 1472.455163, "datetime": "2020-06-20 02:48:01", "delta": 29.325925}}
{"target": 9.379166666666666, "params": {"beta_enc": 0.32268099683674645, "gamma_cf": 0.3821027520315172, "cue_position": 16.0, "beta_rec": 0.6707887907875872, "gamma_fc": 0.4108113499221856}, "datetime": {"elapsed": 1503.151164, "datetime": "2020-06-20 02:48:31", "delta": 30.696001}}
{"target": 10.116666666666667, "params": {"beta_enc": 0.4014795834695406, "gamma_cf": 0.43024727082126435, "cue_position": 16.0, "beta_rec": 0.3173839459582769, "gamma_fc": 0.9738020779272523}, "datetime": {"elapsed": 1535.567268, "datetime": "2020-06-20 02:49:04", "delta": 32.416104}}
{"target": 8.483333333333333, "params": {"beta_enc": 0.6778008914343111, "gamma_cf": 0.343346239774423, "cue_position": 16.0, "beta_rec": 0.19856988842711087, "gamma_fc": 0.7976388039585666}, "datetime": {"elapsed": 1563.973069, "datetime": "2020-06-20 02:49:32", "delta": 28.405801}}
{"target": 7.354166666666667, "params": {"beta_enc": 0.8799982885634318, "gamma_cf": 0.2702082620297578, "cue_position": 16.0, "beta_rec": 0.903841955826372, "gamma_fc": 0.25236670150458973}, "datetime": {"elapsed": 1588.667266, "datetime": "2020-06-20 02:49:57", "delta": 24.694197}}
{"target": 7.491666666666666, "params": {"beta_enc": 0.8548979426974024, "gamma_cf": 0.5724885171916063, "cue_position": 16.0, "beta_rec": 0.5277146463087466, "gamma_fc": 0.7331425252875111}, "datetime": {"elapsed": 1613.661674, "datetime": "2020-06-20 02:50:22", "delta": 24.994408}}
{"target": 8.8875, "params": {"beta_enc": 0.5190116274640558, "gamma_cf": 0.4657098785919809, "cue_position": 16.0, "beta_rec": 0.770883910501888, "gamma_fc": 0.3426889079532818}, "datetime": {"elapsed": 1641.659259, "datetime": "2020-06-20 02:50:50", "delta": 27.997585}}
{"target": 10.491666666666667, "params": {"beta_enc": 0.06820934841670412, "gamma_cf": 0.982817113730445, "cue_position": 16.0, "beta_rec": 0.37792417932809985, "gamma_fc": 0.18161285133076377}, "datetime": {"elapsed": 1673.029942, "datetime": "2020-06-20 02:51:21", "delta": 31.370683}}
{"target": 7.829166666666667, "params": {"beta_enc": 0.8118586977205398, "gamma_cf": 0.5694944127453757, "cue_position": 16.0, "beta_rec": 0.8749616449558981, "gamma_fc": 0.16097143681560877}, "datetime": {"elapsed": 1698.861831, "datetime": "2020-06-20 02:51:47", "delta": 25.831889}}
{"target": 8.854166666666666, "params": {"beta_enc": 0.4668800227633063, "gamma_cf": 0.5925118687657968, "cue_position": 16.0, "beta_rec": 0.345172051155215, "gamma_fc": 0.31226983770191696}, "datetime": {"elapsed": 1726.743057, "datetime": "2020-06-20 02:52:15", "delta": 27.881226}}
{"target": 6.454166666666667, "params": {"beta_enc": 0.9163055534683507, "gamma_cf": 0.1108913007440292, "cue_position": 16.0, "beta_rec": 0.9096355249515571, "gamma_fc": 0.19296273201911285}, "datetime": {"elapsed": 1749.52602, "datetime": "2020-06-20 02:52:38", "delta": 22.782963}}
{"target": 9.541666666666666, "params": {"beta_enc": 0.49958417067888605, "gamma_cf": 0.24803355837723073, "cue_position": 16.0, "beta_rec": 0.7285856679745962, "gamma_fc": 0.851671874936367}, "datetime": {"elapsed": 1778.966939, "datetime": "2020-06-20 02:53:07", "delta": 29.440919}}
{"target": 8.658333333333333, "params": {"beta_enc": 0.41584871826752734, "gamma_cf": 0.10196725942579743, "cue_position": 16.0, "beta_rec": 0.6166850671552362, "gamma_fc": 0.5158570169685298}, "datetime": {"elapsed": 1806.594031, "datetime": "2020-06-20 02:53:35", "delta": 27.627092}}
{"target": 9.129166666666666, "params": {"beta_enc": 0.47714098704978236, "gamma_cf": 0.5440101188139381, "cue_position": 16.0, "beta_rec": 0.15267164409316325, "gamma_fc": 0.6541373469707443}, "datetime": {"elapsed": 1835.298154, "datetime": "2020-06-20 02:54:03", "delta": 28.704123}}
{"target": 10.025, "params": {"beta_enc": 0.1445455401246598, "gamma_cf": 0.519351824366033, "cue_position": 16.0, "beta_rec": 0.7515278171352439, "gamma_fc": 0.7852960282216189}, "datetime": {"elapsed": 1865.784273, "datetime": "2020-06-20 02:54:34", "delta": 30.486119}}
{"target": 10.358333333333333, "params": {"beta_enc": 0.02233042799180618, "gamma_cf": 0.8447096076020696, "cue_position": 16.0, "beta_rec": 0.3243624597261865, "gamma_fc": 0.5384405925945437}, "datetime": {"elapsed": 1897.077978, "datetime": "2020-06-20 02:55:05", "delta": 31.293705}}
{"target": 8.1875, "params": {"beta_enc": 0.866608274166513, "gamma_cf": 0.8541154438365387, "cue_position": 16.0, "beta_rec": 0.9498059913536265, "gamma_fc": 0.09874340182034835}, "datetime": {"elapsed": 1923.755747, "datetime": "2020-06-20 02:55:32", "delta": 26.677769}}
{"target": 7.4875, "params": {"beta_enc": 0.651304332340991, "gamma_cf": 0.799615261736028, "cue_position": 16.0, "beta_rec": 0.703516988152653, "gamma_fc": 0.03457121987163425}, "datetime": {"elapsed": 1948.761814, "datetime": "2020-06-20 02:55:57", "delta": 25.006067}}
{"target": 9.0375, "params": {"beta_enc": 0.7702387345549799, "gamma_cf": 0.2570692988221467, "cue_position": 16.0, "beta_rec": 0.731728600739527, "gamma_fc": 0.6323033174301278}, "datetime": {"elapsed": 1977.094239, "datetime": "2020-06-20 02:56:25", "delta": 28.332425}}
{"target": 10.2375, "params": {"beta_enc": 0.34529746159108154, "gamma_cf": 0.7827494147841719, "cue_position": 16.0, "beta_rec": 0.7965886780072875, "gamma_fc": 0.9904717836238407}, "datetime": {"elapsed": 2008.073381, "datetime": "2020-06-20 02:56:56", "delta": 30.979142}}
{"target": 10.258333333333333, "params": {"beta_enc": 0.30024833953390007, "gamma_cf": 0.5415593788873733, "cue_position": 16.0, "beta_rec": 0.14300582825809938, "gamma_fc": 0.9747403708550822}, "datetime": {"elapsed": 2039.100766, "datetime": "2020-06-20 02:57:27", "delta": 31.027385}}
{"target": 8.2375, "params": {"beta_enc": 0.6366044000018972, "gamma_cf": 0.5264259339055213, "cue_position": 16.0, "beta_rec": 0.9939130246104789, "gamma_fc": 0.1354279030721699}, "datetime": {"elapsed": 2065.836101, "datetime": "2020-06-20 02:57:54", "delta": 26.735335}}
{"target": 9.433333333333334, "params": {"beta_enc": 0.3557051709838811, "gamma_cf": 0.7456371927074961, "cue_position": 16.0, "beta_rec": 0.026218567296373285, "gamma_fc": 0.03039968992878883}, "datetime": {"elapsed": 2095.095493, "datetime": "2020-06-20 02:58:23", "delta": 29.259392}}
{"target": 9.283333333333333, "params": {"beta_enc": 0.36654309724374434, "gamma_cf": 0.6909421420661686, "cue_position": 16.0, "beta_rec": 0.8623462528380441, "gamma_fc": 0.18863680095531088}, "datetime": {"elapsed": 2123.946003, "datetime": "2020-06-20 02:58:52", "delta": 28.85051}}
{"target": 8.416666666666666, "params": {"beta_enc": 0.44190428074842336, "gamma_cf": 0.20390622523312185, "cue_position": 16.0, "beta_rec": 0.5815774073442912, "gamma_fc": 0.24773290176235485}, "datetime": {"elapsed": 2150.86984, "datetime": "2020-06-20 02:59:19", "delta": 26.923837}}
{"target": 8.4625, "params": {"beta_enc": 0.26217308377291193, "gamma_cf": 0.05692943841109499, "cue_position": 16.0, "beta_rec": 0.7501724132979928, "gamma_fc": 0.5085162406102396}, "datetime": {"elapsed": 2178.03396, "datetime": "2020-06-20 02:59:46", "delta": 27.16412}}
