{"target": 7.550888888888889, "params": {"gamma_fc": 0.14360699787420927, "enc_rate": 1.0, "cue_position": 3.0, "k": 3.0, "beta_rec": 0.673041054216622, "beta_enc": 0.10938291419358459}, "datetime": {"elapsed": 5268.473288, "delta": 40.101484, "datetime": "2021-04-07 12:43:49"}}
{"target": 7.345777777777778, "params": {"gamma_fc": 0.2902979970618682, "enc_rate": 1.0, "cue_position": 3.0, "k": 3.0, "beta_rec": 0.7969622519799001, "beta_enc": 0.3992186053524538}, "datetime": {"elapsed": 5305.272597, "delta": 36.799309, "datetime": "2021-04-07 12:44:26"}}
{"target": 7.543333333333334, "params": {"gamma_fc": 0.07091840047038722, "enc_rate": 1.0, "cue_position": 3.0, "k": 3.0, "beta_rec": 0.3986590599223787, "beta_enc": 0.016715589077006432}, "datetime": {"elapsed": 5340.722618, "delta": 35.450021, "datetime": "2021-04-07 12:45:01"}}
{"target": 7.542222222222222, "params": {"gamma_fc": 0.32102631416731586, "enc_rate": 1.0, "cue_position": 3.0, "k": 3.0, "beta_rec": 0.11379635644740682, "beta_enc": 0.016575882900934147}, "datetime": {"elapsed": 5376.168424, "delta": 35.445806, "datetime": "2021-04-07 12:45:37"}}
{"target": 6.150888888888888, "params": {"gamma_fc": 0.03972870668308481, "enc_rate": 1.0, "cue_position": 3.0, "k": 3.0, "beta_rec": 0.8344865140180296, "beta_enc": 0.9934604630998499}, "datetime": {"elapsed": 5407.624566, "delta": 31.456142, "datetime": "2021-04-07 12:46:08"}}
{"target": 7.351111111111111, "params": {"gamma_fc": 0.5396491100933506, "enc_rate": 1.0, "cue_position": 3.0, "k": 3.0, "beta_rec": 0.3491674129570773, "beta_enc": 0.4740062899880546}, "datetime": {"elapsed": 5442.719341, "delta": 35.094775, "datetime": "2021-04-07 12:46:43"}}
{"target": 7.336444444444444, "params": {"gamma_fc": 0.32836139008759013, "enc_rate": 1.0, "cue_position": 3.0, "k": 3.0, "beta_rec": 0.8770343892703519, "beta_enc": 0.4466350458236905}, "datetime": {"elapsed": 5477.814405, "delta": 35.095064, "datetime": "2021-04-07 12:47:18"}}
{"target": 7.498222222222222, "params": {"gamma_fc": 0.8701917462053776, "enc_rate": 1.0, "cue_position": 3.0, "k": 3.0, "beta_rec": 0.6714291710812733, "beta_enc": 0.22012867402698122}, "datetime": {"elapsed": 5513.20551, "delta": 35.391105, "datetime": "2021-04-07 12:47:54"}}
{"target": 7.392666666666666, "params": {"gamma_fc": 0.8741259355980283, "enc_rate": 1.0, "cue_position": 3.0, "k": 3.0, "beta_rec": 0.5715420927253323, "beta_enc": 0.3860040110225955}, "datetime": {"elapsed": 5548.243767, "delta": 35.038257, "datetime": "2021-04-07 12:48:29"}}
{"target": 6.202444444444445, "params": {"gamma_fc": 0.5546673107876667, "enc_rate": 1.0, "cue_position": 3.0, "k": 3.0, "beta_rec": 0.2838018349468743, "beta_enc": 0.8125073041746718}, "datetime": {"elapsed": 5579.825531, "delta": 31.581764, "datetime": "2021-04-07 12:49:00"}}
{"target": 7.43111111111111, "params": {"gamma_fc": 0.3258099666132048, "enc_rate": 1.0, "cue_position": 3.0, "k": 3.0, "beta_rec": 0.6687966059228697, "beta_enc": 0.3117029177189814}, "datetime": {"elapsed": 5615.904088, "delta": 36.078557, "datetime": "2021-04-07 12:49:36"}}
{"target": 7.173333333333334, "params": {"gamma_fc": 0.041475079576498874, "enc_rate": 1.0, "cue_position": 3.0, "k": 3.0, "beta_rec": 0.7626320954451107, "beta_enc": 0.7517077209192669}, "datetime": {"elapsed": 5650.175952, "delta": 34.271864, "datetime": "2021-04-07 12:50:11"}}
{"target": 7.553333333333333, "params": {"gamma_fc": 0.767788977658173, "enc_rate": 1.0, "cue_position": 3.0, "k": 3.0, "beta_rec": 0.6938554113738997, "beta_enc": 0.03711266449399442}, "datetime": {"elapsed": 5685.654796, "delta": 35.478844, "datetime": "2021-04-07 12:50:46"}}
{"target": 7.547777777777777, "params": {"gamma_fc": 0.05231294643747675, "enc_rate": 1.0, "cue_position": 3.0, "k": 3.0, "beta_rec": 0.13479311796067905, "beta_enc": 0.03985992663545257}, "datetime": {"elapsed": 5721.102423, "delta": 35.447627, "datetime": "2021-04-07 12:51:22"}}
{"target": 7.255111111111111, "params": {"gamma_fc": 0.4540590560591513, "enc_rate": 1.0, "cue_position": 3.0, "k": 3.0, "beta_rec": 0.6174610120171561, "beta_enc": 0.5120610275239188}, "datetime": {"elapsed": 5755.701547, "delta": 34.599124, "datetime": "2021-04-07 12:51:56"}}
{"target": 6.849555555555556, "params": {"gamma_fc": 0.050912383516887205, "enc_rate": 1.0, "cue_position": 3.0, "k": 3.0, "beta_rec": 0.6562015477440989, "beta_enc": 0.8730681484470995}, "datetime": {"elapsed": 5789.061893, "delta": 33.360346, "datetime": "2021-04-07 12:52:30"}}
{"target": 7.561111111111112, "params": {"gamma_fc": 0.4731119528858785, "enc_rate": 1.0, "cue_position": 3.0, "k": 3.0, "beta_rec": 0.4216578860324509, "beta_enc": 0.0633434434563398}, "datetime": {"elapsed": 5824.492798, "delta": 35.430905, "datetime": "2021-04-07 12:53:05"}}
{"target": 6.819555555555556, "params": {"gamma_fc": 0.23941104413775594, "enc_rate": 1.0, "cue_position": 3.0, "k": 3.0, "beta_rec": 0.8414221567958434, "beta_enc": 0.7728856021671178}, "datetime": {"elapsed": 5857.841721, "delta": 33.348923, "datetime": "2021-04-07 12:53:38"}}
{"target": 4.352666666666667, "params": {"gamma_fc": 0.8978507176676818, "enc_rate": 1.0, "cue_position": 3.0, "k": 3.0, "beta_rec": 0.6139340023847009, "beta_enc": 0.9438926277837961}, "datetime": {"elapsed": 5883.945788, "delta": 26.104067, "datetime": "2021-04-07 12:54:05"}}
{"target": 7.493777777777778, "params": {"gamma_fc": 0.8704248568230661, "enc_rate": 1.0, "cue_position": 3.0, "k": 3.0, "beta_rec": 0.9408279632013994, "beta_enc": 0.23581463714751372}, "datetime": {"elapsed": 5919.123167, "delta": 35.177379, "datetime": "2021-04-07 12:54:40"}}
{"target": 6.928, "params": {"gamma_fc": 0.8146191812616553, "enc_rate": 1.0, "cue_position": 3.0, "k": 3.0, "beta_rec": 0.7323748991793305, "beta_enc": 0.6049268729742817}, "datetime": {"elapsed": 5952.674498, "delta": 33.551331, "datetime": "2021-04-07 12:55:13"}}
{"target": 7.523333333333333, "params": {"gamma_fc": 0.2482907289970986, "enc_rate": 1.0, "cue_position": 3.0, "k": 3.0, "beta_rec": 0.8424458099564136, "beta_enc": 0.13051067133926597}, "datetime": {"elapsed": 5988.02933, "delta": 35.354832, "datetime": "2021-04-07 12:55:49"}}
{"target": 6.394444444444444, "params": {"gamma_fc": 0.20338083282405106, "enc_rate": 1.0, "cue_position": 3.0, "k": 3.0, "beta_rec": 0.42166593484970927, "beta_enc": 0.8726861649194619}, "datetime": {"elapsed": 6020.060928, "delta": 32.031598, "datetime": "2021-04-07 12:56:21"}}
{"target": 5.740888888888889, "params": {"gamma_fc": 0.624821294185499, "enc_rate": 1.0, "cue_position": 3.0, "k": 3.0, "beta_rec": 0.48675074481833813, "beta_enc": 0.8817706230828073}, "datetime": {"elapsed": 6050.189735, "delta": 30.128807, "datetime": "2021-04-07 12:56:51"}}
{"target": 7.435111111111111, "params": {"gamma_fc": 0.22700116521465796, "enc_rate": 1.0, "cue_position": 3.0, "k": 3.0, "beta_rec": 0.8837555081806009, "beta_enc": 0.2821394484048606}, "datetime": {"elapsed": 6085.26069, "delta": 35.070955, "datetime": "2021-04-07 12:57:26"}}
{"target": 7.528888888888889, "params": {"gamma_fc": 0.6021836538927108, "enc_rate": 1.0, "cue_position": 3.0, "k": 3.0, "beta_rec": 0.13141566053746057, "beta_enc": 0.23944623690468037}, "datetime": {"elapsed": 6120.618038, "delta": 35.357348, "datetime": "2021-04-07 12:58:01"}}
{"target": 7.437555555555555, "params": {"gamma_fc": 0.05917720718572239, "enc_rate": 1.0, "cue_position": 3.0, "k": 3.0, "beta_rec": 0.5956250981349497, "beta_enc": 0.34567921329602547}, "datetime": {"elapsed": 6155.712967, "delta": 35.094929, "datetime": "2021-04-07 12:58:36"}}
{"target": 6.248666666666667, "params": {"gamma_fc": 0.0073189693278638, "enc_rate": 1.0, "cue_position": 3.0, "k": 3.0, "beta_rec": 0.5346790571795887, "beta_enc": 0.9482094981876252}, "datetime": {"elapsed": 6187.345011, "delta": 31.632044, "datetime": "2021-04-07 12:59:08"}}
{"target": 5.019555555555556, "params": {"gamma_fc": 0.822578152523871, "enc_rate": 1.0, "cue_position": 3.0, "k": 3.0, "beta_rec": 0.5883673328938768, "beta_enc": 0.9176063476443932}, "datetime": {"elapsed": 6215.390265, "delta": 28.045254, "datetime": "2021-04-07 12:59:36"}}
{"target": 7.535555555555556, "params": {"gamma_fc": 0.1267357091420086, "enc_rate": 1.0, "cue_position": 3.0, "k": 3.0, "beta_rec": 0.12295477155217849, "beta_enc": 0.3209863745244532}, "datetime": {"elapsed": 6250.762632, "delta": 35.372367, "datetime": "2021-04-07 13:00:11"}}
{"target": 7.555555555555555, "params": {"gamma_fc": 0.3033456717085691, "enc_rate": 1.0, "cue_position": 3.0, "k": 3.0, "beta_rec": 0.20018211641098693, "beta_enc": 0.03606831456985993}, "datetime": {"elapsed": 6286.260349, "delta": 35.497717, "datetime": "2021-04-07 13:00:47"}}
{"target": 3.7659999999999996, "params": {"gamma_fc": 0.5071194235482045, "enc_rate": 1.0, "cue_position": 3.0, "k": 3.0, "beta_rec": 0.5820299763434618, "beta_enc": 0.9974849927283295}, "datetime": {"elapsed": 6310.526401, "delta": 24.266052, "datetime": "2021-04-07 13:01:11"}}
{"target": 7.281333333333333, "params": {"gamma_fc": 0.24444799937161088, "enc_rate": 1.0, "cue_position": 3.0, "k": 3.0, "beta_rec": 0.2641376442105696, "beta_enc": 0.5878715062961865}, "datetime": {"elapsed": 6345.272641, "delta": 34.74624, "datetime": "2021-04-07 13:01:46"}}
{"target": 6.489333333333333, "params": {"gamma_fc": 0.8061631629534083, "enc_rate": 1.0, "cue_position": 3.0, "k": 3.0, "beta_rec": 0.07194722016400112, "beta_enc": 0.6958461339323264}, "datetime": {"elapsed": 6377.771917, "delta": 32.499276, "datetime": "2021-04-07 13:02:18"}}
{"target": 7.528666666666666, "params": {"gamma_fc": 0.4487372588243219, "enc_rate": 1.0, "cue_position": 3.0, "k": 3.0, "beta_rec": 0.48169628302117706, "beta_enc": 0.0800609772712173}, "datetime": {"elapsed": 6412.989574, "delta": 35.217657, "datetime": "2021-04-07 13:02:54"}}
{"target": 6.727111111111111, "params": {"gamma_fc": 0.760802456305756, "enc_rate": 1.0, "cue_position": 3.0, "k": 3.0, "beta_rec": 0.6971485287527562, "beta_enc": 0.6816453376026229}, "datetime": {"elapsed": 6446.265809, "delta": 33.276235, "datetime": "2021-04-07 13:03:27"}}
{"target": 5.626222222222222, "params": {"gamma_fc": 0.3205646539951602, "enc_rate": 1.0, "cue_position": 3.0, "k": 3.0, "beta_rec": 0.23376869260410593, "beta_enc": 0.9041029859138049}, "datetime": {"elapsed": 6476.327366, "delta": 30.061557, "datetime": "2021-04-07 13:03:57"}}
{"target": 7.153777777777778, "params": {"gamma_fc": 0.11503501205024624, "enc_rate": 1.0, "cue_position": 3.0, "k": 3.0, "beta_rec": 0.7600017523497489, "beta_enc": 0.6135258996684316}, "datetime": {"elapsed": 6510.576059, "delta": 34.248693, "datetime": "2021-04-07 13:04:31"}}
{"target": 7.494222222222223, "params": {"gamma_fc": 0.4911099613042962, "enc_rate": 1.0, "cue_position": 3.0, "k": 3.0, "beta_rec": 0.8207464986229382, "beta_enc": 0.19384776750950716}, "datetime": {"elapsed": 6545.906799, "delta": 35.33074, "datetime": "2021-04-07 13:05:06"}}
{"target": 7.517777777777778, "params": {"gamma_fc": 0.7293976982561526, "enc_rate": 1.0, "cue_position": 3.0, "k": 3.0, "beta_rec": 0.461602080891622, "beta_enc": 0.23507763668617032}, "datetime": {"elapsed": 6581.37476, "delta": 35.467961, "datetime": "2021-04-07 13:05:42"}}
{"target": 7.471111111111111, "params": {"gamma_fc": 0.6570654246228895, "enc_rate": 1.0, "cue_position": 3.0, "k": 3.0, "beta_rec": 0.8434941260636555, "beta_enc": 0.33039174636170277}, "datetime": {"elapsed": 6616.595735, "delta": 35.220975, "datetime": "2021-04-07 13:06:17"}}
{"target": 7.536666666666667, "params": {"gamma_fc": 0.8709456091610533, "enc_rate": 1.0, "cue_position": 3.0, "k": 3.0, "beta_rec": 0.5295466104783949, "beta_enc": 0.200727488035091}, "datetime": {"elapsed": 6652.02536, "delta": 35.429625, "datetime": "2021-04-07 13:06:53"}}
{"target": 7.473333333333332, "params": {"gamma_fc": 0.8785878632047704, "enc_rate": 1.0, "cue_position": 3.0, "k": 3.0, "beta_rec": 0.6830743663365642, "beta_enc": 0.32984456268188234}, "datetime": {"elapsed": 6687.215202, "delta": 35.189842, "datetime": "2021-04-07 13:07:28"}}
{"target": 5.939333333333333, "params": {"gamma_fc": 0.6353709614884534, "enc_rate": 1.0, "cue_position": 3.0, "k": 3.0, "beta_rec": 0.6671187886992039, "beta_enc": 0.8497689100179306}, "datetime": {"elapsed": 6717.991416, "delta": 30.776214, "datetime": "2021-04-07 13:07:59"}}
{"target": 7.530222222222221, "params": {"gamma_fc": 0.9847818741492943, "enc_rate": 1.0, "cue_position": 3.0, "k": 3.0, "beta_rec": 0.6066990935650698, "beta_enc": 0.09406264905954527}, "datetime": {"elapsed": 6760.920924, "delta": 42.929508, "datetime": "2021-04-07 13:08:42"}}
{"target": 7.49888888888889, "params": {"gamma_fc": 0.9081843666941338, "enc_rate": 1.0, "cue_position": 3.0, "k": 3.0, "beta_rec": 0.14129272963967532, "beta_enc": 0.05907636789545057}, "datetime": {"elapsed": 6802.655631, "delta": 41.734707, "datetime": "2021-04-07 13:09:23"}}
{"target": 7.516444444444444, "params": {"gamma_fc": 0.661390433771308, "enc_rate": 1.0, "cue_position": 3.0, "k": 3.0, "beta_rec": 0.2554226917479955, "beta_enc": 0.26017952880054257}, "datetime": {"elapsed": 6844.061427, "delta": 41.405796, "datetime": "2021-04-07 13:10:05"}}
{"target": 7.544222222222222, "params": {"gamma_fc": 0.4355013008859023, "enc_rate": 1.0, "cue_position": 3.0, "k": 3.0, "beta_rec": 0.32628604056409904, "beta_enc": 0.0}, "datetime": {"elapsed": 6887.665963, "delta": 43.604536, "datetime": "2021-04-07 13:10:48"}}
{"target": 7.501777777777778, "params": {"gamma_fc": 0.6275391243451934, "enc_rate": 1.0, "cue_position": 3.0, "k": 3.0, "beta_rec": 0.6907451508939698, "beta_enc": 0.0}, "datetime": {"elapsed": 6930.287067, "delta": 42.621104, "datetime": "2021-04-07 13:11:31"}}
{"target": 7.549777777777779, "params": {"gamma_fc": 0.5380405255613182, "enc_rate": 1.0, "cue_position": 3.0, "k": 3.0, "beta_rec": 1.0, "beta_enc": 0.0}, "datetime": {"elapsed": 6974.129278, "delta": 43.842211, "datetime": "2021-04-07 13:12:15"}}
{"target": 7.557555555555555, "params": {"gamma_fc": 0.12803095393606095, "enc_rate": 1.0, "cue_position": 3.0, "k": 3.0, "beta_rec": 0.0, "beta_enc": 0.12880382572092638}, "datetime": {"elapsed": 7021.112259, "delta": 46.982981, "datetime": "2021-04-07 13:13:02"}}
{"target": 7.563333333333333, "params": {"gamma_fc": 0.13644760099384287, "enc_rate": 1.0, "cue_position": 3.0, "k": 3.0, "beta_rec": 0.4196783362036259, "beta_enc": 0.11861538650077666}, "datetime": {"elapsed": 7065.517344, "delta": 44.405085, "datetime": "2021-04-07 13:13:46"}}
{"target": 7.574444444444444, "params": {"gamma_fc": 0.7404568799558221, "enc_rate": 1.0, "cue_position": 3.0, "k": 3.0, "beta_rec": 0.05698226849752504, "beta_enc": 0.0}, "datetime": {"elapsed": 7108.417604, "delta": 42.90026, "datetime": "2021-04-07 13:14:29"}}
{"target": 7.561999999999999, "params": {"gamma_fc": 0.005092579051625844, "enc_rate": 1.0, "cue_position": 3.0, "k": 3.0, "beta_rec": 0.4165899262420678, "beta_enc": 0.16425938183669622}, "datetime": {"elapsed": 7151.20975, "delta": 42.792146, "datetime": "2021-04-07 13:15:12"}}
{"target": 7.526222222222222, "params": {"gamma_fc": 0.9050385046919434, "enc_rate": 1.0, "cue_position": 3.0, "k": 3.0, "beta_rec": 0.8302832742711094, "beta_enc": 0.0}, "datetime": {"elapsed": 7194.260234, "delta": 43.050484, "datetime": "2021-04-07 13:15:55"}}
{"target": 7.55911111111111, "params": {"gamma_fc": 0.054484817239791546, "enc_rate": 1.0, "cue_position": 3.0, "k": 3.0, "beta_rec": 0.3345471393986532, "beta_enc": 0.1039067955096231}, "datetime": {"elapsed": 7236.989971, "delta": 42.729737, "datetime": "2021-04-07 13:16:38"}}
{"target": 7.5646666666666675, "params": {"gamma_fc": 0.05923568056705253, "enc_rate": 1.0, "cue_position": 3.0, "k": 3.0, "beta_rec": 0.48553694786717344, "beta_enc": 0.09486479790642292}, "datetime": {"elapsed": 7280.107825, "delta": 43.117854, "datetime": "2021-04-07 13:17:21"}}
{"target": 7.543555555555555, "params": {"gamma_fc": 0.0, "enc_rate": 1.0, "cue_position": 3.0, "k": 3.0, "beta_rec": 0.0, "beta_enc": 0.02329071157795692}, "datetime": {"elapsed": 7323.517014, "delta": 43.409189, "datetime": "2021-04-07 13:18:04"}}
{"target": 7.529111111111111, "params": {"gamma_fc": 0.34345225857003564, "enc_rate": 1.0, "cue_position": 3.0, "k": 3.0, "beta_rec": 1.0, "beta_enc": 0.0}, "datetime": {"elapsed": 7366.216937, "delta": 42.699923, "datetime": "2021-04-07 13:18:47"}}
{"target": 7.542, "params": {"gamma_fc": 0.48865659810701173, "enc_rate": 1.0, "cue_position": 3.0, "k": 3.0, "beta_rec": 1.0, "beta_enc": 0.19899881153750026}, "datetime": {"elapsed": 7410.222004, "delta": 44.005067, "datetime": "2021-04-07 13:19:31"}}
{"target": 7.529111111111111, "params": {"gamma_fc": 0.0, "enc_rate": 1.0, "cue_position": 3.0, "k": 3.0, "beta_rec": 0.3164699531979619, "beta_enc": 0.44114263404408594}, "datetime": {"elapsed": 7453.796331, "delta": 43.574327, "datetime": "2021-04-07 13:20:14"}}
{"target": 7.559777777777778, "params": {"gamma_fc": 0.838519060442416, "enc_rate": 1.0, "cue_position": 3.0, "k": 3.0, "beta_rec": 0.5777057179929607, "beta_enc": 0.0}, "datetime": {"elapsed": 7498.220365, "delta": 44.424034, "datetime": "2021-04-07 13:20:59"}}
{"target": 7.549111111111111, "params": {"gamma_fc": 0.0, "enc_rate": 1.0, "cue_position": 3.0, "k": 3.0, "beta_rec": 0.8423438388808582, "beta_enc": 0.0}, "datetime": {"elapsed": 7542.360182, "delta": 44.139817, "datetime": "2021-04-07 13:21:43"}}
{"target": 7.517777777777778, "params": {"gamma_fc": 0.15180264899808585, "enc_rate": 1.0, "cue_position": 3.0, "k": 3.0, "beta_rec": 0.0, "beta_enc": 0.0}, "datetime": {"elapsed": 7586.575039, "delta": 44.214857, "datetime": "2021-04-07 13:22:27"}}
{"target": 7.577555555555556, "params": {"gamma_fc": 0.0, "enc_rate": 1.0, "cue_position": 3.0, "k": 3.0, "beta_rec": 0.027190733729713527, "beta_enc": 0.18455563098897512}, "datetime": {"elapsed": 7630.884742, "delta": 44.309703, "datetime": "2021-04-07 13:23:11"}}
{"target": 7.564888888888888, "params": {"gamma_fc": 0.7212729026158342, "enc_rate": 1.0, "cue_position": 3.0, "k": 3.0, "beta_rec": 0.23644813547987525, "beta_enc": 0.0}, "datetime": {"elapsed": 7675.313207, "delta": 44.428465, "datetime": "2021-04-07 13:23:56"}}
{"target": 7.543555555555555, "params": {"gamma_fc": 1.0, "enc_rate": 1.0, "cue_position": 3.0, "k": 3.0, "beta_rec": 0.0, "beta_enc": 0.0}, "datetime": {"elapsed": 7720.308283, "delta": 44.995076, "datetime": "2021-04-07 13:24:41"}}
{"target": 7.511111111111111, "params": {"gamma_fc": 0.5957542132930082, "enc_rate": 1.0, "cue_position": 3.0, "k": 3.0, "beta_rec": 0.8761816546840906, "beta_enc": 0.0}, "datetime": {"elapsed": 7765.039602, "delta": 44.731319, "datetime": "2021-04-07 13:25:26"}}
{"target": 7.541333333333332, "params": {"gamma_fc": 1.0, "enc_rate": 1.0, "cue_position": 3.0, "k": 3.0, "beta_rec": 1.0, "beta_enc": 0.022084797166724974}, "datetime": {"elapsed": 7809.953556, "delta": 44.913954, "datetime": "2021-04-07 13:26:11"}}
{"target": 7.538888888888889, "params": {"gamma_fc": 1.0, "enc_rate": 1.0, "cue_position": 3.0, "k": 3.0, "beta_rec": 0.0, "beta_enc": 0.13670059263633144}, "datetime": {"elapsed": 7855.115508, "delta": 45.161952, "datetime": "2021-04-07 13:26:56"}}
{"target": 7.521777777777778, "params": {"gamma_fc": 0.7308326403426602, "enc_rate": 1.0, "cue_position": 3.0, "k": 3.0, "beta_rec": 0.14841959889272355, "beta_enc": 0.10359369613522644}, "datetime": {"elapsed": 7900.20597, "delta": 45.090462, "datetime": "2021-04-07 13:27:41"}}
{"target": 7.515555555555555, "params": {"gamma_fc": 0.7549009000341765, "enc_rate": 1.0, "cue_position": 3.0, "k": 3.0, "beta_rec": 0.0, "beta_enc": 0.0}, "datetime": {"elapsed": 7945.583178, "delta": 45.377208, "datetime": "2021-04-07 13:28:26"}}
{"target": 7.550888888888889, "params": {"gamma_fc": 0.45573823465168867, "enc_rate": 1.0, "cue_position": 3.0, "k": 3.0, "beta_rec": 0.26190972568429643, "beta_enc": 0.11185984667919066}, "datetime": {"elapsed": 7992.297748, "delta": 46.71457, "datetime": "2021-04-07 13:29:13"}}
{"target": 7.501777777777778, "params": {"gamma_fc": 1.0, "enc_rate": 1.0, "cue_position": 3.0, "k": 3.0, "beta_rec": 0.602224900414968, "beta_enc": 0.24319108639881618}, "datetime": {"elapsed": 8037.808217, "delta": 45.510469, "datetime": "2021-04-07 13:29:58"}}
{"target": 1.0, "params": {"gamma_fc": 0.0, "enc_rate": 1.0, "cue_position": 3.0, "k": 3.0, "beta_rec": 1.0, "beta_enc": 6.938893903907228e-18}, "datetime": {"elapsed": 8064.314957, "delta": 26.50674, "datetime": "2021-04-07 13:30:25"}}
{"target": 7.501333333333333, "params": {"gamma_fc": 0.011425096369297116, "enc_rate": 1.0, "cue_position": 3.0, "k": 3.0, "beta_rec": 0.8098352572758942, "beta_enc": 0.007953449995906858}, "datetime": {"elapsed": 8112.015238, "delta": 47.700281, "datetime": "2021-04-07 13:31:13"}}
{"target": 7.586, "params": {"gamma_fc": 0.19151357609589598, "enc_rate": 1.0, "cue_position": 3.0, "k": 3.0, "beta_rec": 0.9241943512278079, "beta_enc": 0.019516464583618276}, "datetime": {"elapsed": 8160.276039, "delta": 48.260801, "datetime": "2021-04-07 13:32:01"}}
{"target": 7.536666666666666, "params": {"gamma_fc": 0.12030706822272952, "enc_rate": 1.0, "cue_position": 3.0, "k": 3.0, "beta_rec": 0.8463400488753582, "beta_enc": 0.0002579336654146003}, "datetime": {"elapsed": 8208.253443, "delta": 47.977404, "datetime": "2021-04-07 13:32:49"}}
{"target": 7.566222222222223, "params": {"gamma_fc": 0.21086457320973961, "enc_rate": 1.0, "cue_position": 3.0, "k": 3.0, "beta_rec": 0.9550115089807897, "beta_enc": 0.030361393682046618}, "datetime": {"elapsed": 8255.414506, "delta": 47.161063, "datetime": "2021-04-07 13:33:36"}}
{"target": 7.519111111111111, "params": {"gamma_fc": 0.19930691622120433, "enc_rate": 1.0, "cue_position": 3.0, "k": 3.0, "beta_rec": 0.7622442521401409, "beta_enc": 0.0015939914266037691}, "datetime": {"elapsed": 8302.752878, "delta": 47.338372, "datetime": "2021-04-07 13:34:23"}}
