{"target": 15.0, "params": {"beta_enc": 0.9584974007519638, "gamma_fc": 0.0917197475934034, "beta_rec": 0.9446431721283323, "cue_position": 0.0, "gamma_cf": 0.9737787827339168}, "datetime": {"elapsed": 4656.147713, "delta": 22.014409, "datetime": "2020-06-14 11:03:16"}}
{"target": 14.5, "params": {"beta_enc": 0.9033461956931526, "gamma_fc": 0.14791829476829743, "beta_rec": 0.9586974740752544, "cue_position": 0.0, "gamma_cf": 0.9780756141689234}, "datetime": {"elapsed": 4677.67997, "delta": 21.532257, "datetime": "2020-06-14 11:03:37"}}
{"target": 15.375, "params": {"beta_enc": 0.9019492041228009, "gamma_fc": 0.1173459730654951, "beta_rec": 0.9777681369531828, "cue_position": 0.0, "gamma_cf": 0.923069190346425}, "datetime": {"elapsed": 4701.268455, "delta": 23.588485, "datetime": "2020-06-14 11:04:01"}}
{"target": 15.625, "params": {"beta_enc": 0.9502814173531898, "gamma_fc": 0.09448936041732126, "beta_rec": 0.958463675277337, "cue_position": 0.0, "gamma_cf": 0.9192771721929606}, "datetime": {"elapsed": 4722.978119, "delta": 21.709664, "datetime": "2020-06-14 11:04:23"}}
{"target": 15.25, "params": {"beta_enc": 0.9296713725458047, "gamma_fc": 0.10791623468643219, "beta_rec": 0.9772570225792504, "cue_position": 0.0, "gamma_cf": 0.8971576318434136}, "datetime": {"elapsed": 4745.24834, "delta": 22.270221, "datetime": "2020-06-14 11:04:45"}}
{"target": 15.125, "params": {"beta_enc": 0.9022617323545604, "gamma_fc": 0.14304464578939036, "beta_rec": 0.9919086848792102, "cue_position": 0.0, "gamma_cf": 0.9526569904602538}, "datetime": {"elapsed": 4766.718536, "delta": 21.470196, "datetime": "2020-06-14 11:05:07"}}
{"target": 15.5, "params": {"beta_enc": 0.9202485430323784, "gamma_fc": 0.10856336676285083, "beta_rec": 0.9844564746320639, "cue_position": 0.0, "gamma_cf": 0.9434459476228698}, "datetime": {"elapsed": 4788.399608, "delta": 21.681072, "datetime": "2020-06-14 11:05:28"}}
{"target": 14.75, "params": {"beta_enc": 0.9310009029362909, "gamma_fc": 0.06378004756326183, "beta_rec": 0.9518278552893826, "cue_position": 0.0, "gamma_cf": 0.9522686898538925}, "datetime": {"elapsed": 4810.256283, "delta": 21.856675, "datetime": "2020-06-14 11:05:50"}}
{"target": 15.5, "params": {"beta_enc": 0.9216867978019924, "gamma_fc": 0.08688986871757898, "beta_rec": 0.9941463065361296, "cue_position": 0.0, "gamma_cf": 0.9435022593510691}, "datetime": {"elapsed": 4832.261435, "delta": 22.005152, "datetime": "2020-06-14 11:06:12"}}
{"target": 14.375, "params": {"beta_enc": 0.9082670591766902, "gamma_fc": 0.10097291570336764, "beta_rec": 0.9986590744877792, "cue_position": 0.0, "gamma_cf": 0.9300297445553847}, "datetime": {"elapsed": 4854.565558, "delta": 22.304123, "datetime": "2020-06-14 11:06:34"}}
{"target": 12.625, "params": {"beta_enc": 0.9096224935198082, "gamma_fc": 0.1328928222883008, "beta_rec": 0.9939598893924553, "cue_position": 0.0, "gamma_cf": 0.8909546888294673}, "datetime": {"elapsed": 4877.54887, "delta": 22.983312, "datetime": "2020-06-14 11:06:57"}}
{"target": 13.375, "params": {"beta_enc": 0.9118176364700443, "gamma_fc": 0.18462299966569118, "beta_rec": 0.9491245220499451, "cue_position": 0.0, "gamma_cf": 0.9339290119923103}, "datetime": {"elapsed": 4899.832004, "delta": 22.283134, "datetime": "2020-06-14 11:07:20"}}
{"target": 15.5, "params": {"beta_enc": 0.89363128961717, "gamma_fc": 0.09293243791878925, "beta_rec": 0.9596533561815043, "cue_position": 0.0, "gamma_cf": 0.965692197705684}, "datetime": {"elapsed": 4924.523478, "delta": 24.691474, "datetime": "2020-06-14 11:07:44"}}
{"target": 15.875, "params": {"beta_enc": 0.8934565197357419, "gamma_fc": 0.13009108051116292, "beta_rec": 0.9712297120408491, "cue_position": 0.0, "gamma_cf": 0.9681356329379462}, "datetime": {"elapsed": 4946.964802, "delta": 22.441324, "datetime": "2020-06-14 11:08:07"}}
{"target": 15.375, "params": {"beta_enc": 0.8971498294194825, "gamma_fc": 0.13250676429504415, "beta_rec": 0.9689946132999268, "cue_position": 0.0, "gamma_cf": 0.9625910010563802}, "datetime": {"elapsed": 4970.448924, "delta": 23.484122, "datetime": "2020-06-14 11:08:30"}}
{"target": 14.75, "params": {"beta_enc": 0.9061815248608217, "gamma_fc": 0.09917229070236533, "beta_rec": 0.9799563253086949, "cue_position": 0.0, "gamma_cf": 0.9063343033879756}, "datetime": {"elapsed": 4993.653184, "delta": 23.20426, "datetime": "2020-06-14 11:08:53"}}
{"target": 15.75, "params": {"beta_enc": 0.9242372732156285, "gamma_fc": 0.0953348222498982, "beta_rec": 0.9554577344993469, "cue_position": 0.0, "gamma_cf": 0.9854928478732609}, "datetime": {"elapsed": 5017.516954, "delta": 23.86377, "datetime": "2020-06-14 11:09:17"}}
{"target": 15.0, "params": {"beta_enc": 0.8888259545695502, "gamma_fc": 0.12283579550178014, "beta_rec": 0.9927272112349675, "cue_position": 0.0, "gamma_cf": 0.9749424555688528}, "datetime": {"elapsed": 5040.850532, "delta": 23.333578, "datetime": "2020-06-14 11:09:41"}}
{"target": 15.375, "params": {"beta_enc": 0.9147831065326698, "gamma_fc": 0.08983902054185766, "beta_rec": 0.966111984548956, "cue_position": 0.0, "gamma_cf": 0.9280760541478337}, "datetime": {"elapsed": 5063.466819, "delta": 22.616287, "datetime": "2020-06-14 11:10:03"}}
{"target": 15.375, "params": {"beta_enc": 0.8988659117101859, "gamma_fc": 0.0885201016251459, "beta_rec": 0.9540882680346656, "cue_position": 0.0, "gamma_cf": 0.9636776903153577}, "datetime": {"elapsed": 5085.801308, "delta": 22.334489, "datetime": "2020-06-14 11:10:26"}}
{"target": 15.25, "params": {"beta_enc": 0.9034127731561868, "gamma_fc": 0.11026073639242373, "beta_rec": 0.9611941652001496, "cue_position": 0.0, "gamma_cf": 0.9305400407263906}, "datetime": {"elapsed": 5109.283938, "delta": 23.48263, "datetime": "2020-06-14 11:10:49"}}
{"target": 15.0, "params": {"beta_enc": 0.9360079866464266, "gamma_fc": 0.068259575299768, "beta_rec": 0.9250524529457348, "cue_position": 0.0, "gamma_cf": 0.9865278494929131}, "datetime": {"elapsed": 5133.985495, "delta": 24.701557, "datetime": "2020-06-14 11:11:14"}}
{"target": 14.75, "params": {"beta_enc": 0.9686119079348299, "gamma_fc": 0.07534934477509847, "beta_rec": 0.9702069516499121, "cue_position": 0.0, "gamma_cf": 0.9397780674449667}, "datetime": {"elapsed": 5157.382512, "delta": 23.397017, "datetime": "2020-06-14 11:11:37"}}
{"target": 15.125, "params": {"beta_enc": 0.9432672835417837, "gamma_fc": 0.11765340598367335, "beta_rec": 0.9905241930991588, "cue_position": 0.0, "gamma_cf": 0.9065570852104465}, "datetime": {"elapsed": 5181.625194, "delta": 24.242682, "datetime": "2020-06-14 11:12:01"}}
{"target": 14.875, "params": {"beta_enc": 0.9133511599104889, "gamma_fc": 0.08800688346418417, "beta_rec": 0.9668040393920515, "cue_position": 0.0, "gamma_cf": 0.952643593745397}, "datetime": {"elapsed": 5204.940698, "delta": 23.315504, "datetime": "2020-06-14 11:12:25"}}
{"target": 15.375, "params": {"beta_enc": 0.9435803522543145, "gamma_fc": 0.09877427883756718, "beta_rec": 0.9639670414152042, "cue_position": 0.0, "gamma_cf": 0.9904293915888462}, "datetime": {"elapsed": 5228.087126, "delta": 23.146428, "datetime": "2020-06-14 11:12:48"}}
{"target": 14.875, "params": {"beta_enc": 0.9328258916958992, "gamma_fc": 0.14069445441153372, "beta_rec": 0.9724137416078625, "cue_position": 0.0, "gamma_cf": 0.9312020824164973}, "datetime": {"elapsed": 5251.067865, "delta": 22.980739, "datetime": "2020-06-14 11:13:11"}}
{"target": 15.875, "params": {"beta_enc": 0.9108188474327452, "gamma_fc": 0.12471046553749854, "beta_rec": 0.967278641307381, "cue_position": 0.0, "gamma_cf": 0.9492117418173727}, "datetime": {"elapsed": 5275.833069, "delta": 24.765204, "datetime": "2020-06-14 11:13:36"}}
{"target": 13.625, "params": {"beta_enc": 0.8994734753723513, "gamma_fc": 0.124879187292805, "beta_rec": 0.9667598314353417, "cue_position": 0.0, "gamma_cf": 0.9121639199101549}, "datetime": {"elapsed": 5300.245022, "delta": 24.411953, "datetime": "2020-06-14 11:14:00"}}
{"target": 13.75, "params": {"beta_enc": 0.9168929084452968, "gamma_fc": 0.19233578431036658, "beta_rec": 0.9737074276142241, "cue_position": 0.0, "gamma_cf": 0.9268049897900303}, "datetime": {"elapsed": 5325.022699, "delta": 24.777677, "datetime": "2020-06-14 11:14:25"}}
{"target": 13.375, "params": {"beta_enc": 0.8896576195887937, "gamma_fc": 0.10036204232091894, "beta_rec": 0.9519105174016177, "cue_position": 0.0, "gamma_cf": 0.9625925931699405}, "datetime": {"elapsed": 5349.612663, "delta": 24.589964, "datetime": "2020-06-14 11:14:49"}}
{"target": 15.5, "params": {"beta_enc": 0.8977310001171797, "gamma_fc": 0.12306896744846374, "beta_rec": 0.9750406944578303, "cue_position": 0.0, "gamma_cf": 0.9667745941099679}, "datetime": {"elapsed": 5373.806994, "delta": 24.194331, "datetime": "2020-06-14 11:15:14"}}
{"target": 11.75, "params": {"beta_enc": 0.9606463291268094, "gamma_fc": 0.08838730656525562, "beta_rec": 0.9438978626214033, "cue_position": 0.0, "gamma_cf": 0.9210452456001674}, "datetime": {"elapsed": 5398.549732, "delta": 24.742738, "datetime": "2020-06-14 11:15:38"}}
{"target": 14.375, "params": {"beta_enc": 0.9151076040123597, "gamma_fc": 0.0782647651674282, "beta_rec": 0.9883788997105175, "cue_position": 0.0, "gamma_cf": 0.966656870479383}, "datetime": {"elapsed": 5423.903317, "delta": 25.353585, "datetime": "2020-06-14 11:16:04"}}
{"target": 15.875, "params": {"beta_enc": 0.9741016293494948, "gamma_fc": 0.08570170087252527, "beta_rec": 0.9665274916373449, "cue_position": 0.0, "gamma_cf": 0.9463272988896524}, "datetime": {"elapsed": 5449.539434, "delta": 25.636117, "datetime": "2020-06-14 11:16:29"}}
{"target": 15.875, "params": {"beta_enc": 0.9335641320843919, "gamma_fc": 0.09687153131388382, "beta_rec": 0.9719821809520934, "cue_position": 0.0, "gamma_cf": 0.9694584869266865}, "datetime": {"elapsed": 5473.1451, "delta": 23.605666, "datetime": "2020-06-14 11:16:53"}}
{"target": 12.25, "params": {"beta_enc": 0.9190030075888713, "gamma_fc": 0.13262500264662969, "beta_rec": 0.9518607888331216, "cue_position": 0.0, "gamma_cf": 0.938099074283092}, "datetime": {"elapsed": 5496.689551, "delta": 23.544451, "datetime": "2020-06-14 11:17:16"}}
{"target": 14.625, "params": {"beta_enc": 0.923704853944654, "gamma_fc": 0.101579914546858, "beta_rec": 0.9661868246296414, "cue_position": 0.0, "gamma_cf": 0.9148838700905307}, "datetime": {"elapsed": 5520.547761, "delta": 23.85821, "datetime": "2020-06-14 11:17:40"}}
{"target": 15.625, "params": {"beta_enc": 0.8979931999480941, "gamma_fc": 0.11067743126630414, "beta_rec": 0.9973609394517257, "cue_position": 0.0, "gamma_cf": 0.9929921475726363}, "datetime": {"elapsed": 5546.612793, "delta": 26.065032, "datetime": "2020-06-14 11:18:06"}}
{"target": 16.0, "params": {"beta_enc": 0.9284607731634068, "gamma_fc": 0.10305833348500404, "beta_rec": 0.9510968686317895, "cue_position": 0.0, "gamma_cf": 0.9532872180934582}, "datetime": {"elapsed": 5571.046703, "delta": 24.43391, "datetime": "2020-06-14 11:18:31"}}
{"target": 14.125, "params": {"beta_enc": 0.9299702812072248, "gamma_fc": 0.1107324725859109, "beta_rec": 0.9575138249917321, "cue_position": 0.0, "gamma_cf": 0.9442449926227587}, "datetime": {"elapsed": 5596.340382, "delta": 25.293679, "datetime": "2020-06-14 11:18:56"}}
{"target": 14.625, "params": {"beta_enc": 0.922808776208862, "gamma_fc": 0.08370520080953625, "beta_rec": 0.9932857760665281, "cue_position": 0.0, "gamma_cf": 0.9045898453051833}, "datetime": {"elapsed": 5621.168716, "delta": 24.828334, "datetime": "2020-06-14 11:19:21"}}
{"target": 16.0, "params": {"beta_enc": 0.937942867575748, "gamma_fc": 0.061452509913971776, "beta_rec": 0.9415332605464082, "cue_position": 0.0, "gamma_cf": 0.971393346251168}, "datetime": {"elapsed": 5647.586011, "delta": 26.417295, "datetime": "2020-06-14 11:19:47"}}
{"target": 15.375, "params": {"beta_enc": 0.9407598435834837, "gamma_fc": 0.09391674140413242, "beta_rec": 0.9675615629170233, "cue_position": 0.0, "gamma_cf": 0.9503467688361935}, "datetime": {"elapsed": 5672.075014, "delta": 24.489003, "datetime": "2020-06-14 11:20:12"}}
{"target": 14.25, "params": {"beta_enc": 0.9252387090800583, "gamma_fc": 0.05851896860447725, "beta_rec": 0.965393260833812, "cue_position": 0.0, "gamma_cf": 0.9519449059938976}, "datetime": {"elapsed": 5698.944749, "delta": 26.869735, "datetime": "2020-06-14 11:20:39"}}
{"target": 14.375, "params": {"beta_enc": 0.9289557809376031, "gamma_fc": 0.12631559716168594, "beta_rec": 0.9831575253858081, "cue_position": 0.0, "gamma_cf": 0.9076350337536261}, "datetime": {"elapsed": 5723.336138, "delta": 24.391389, "datetime": "2020-06-14 11:21:03"}}
{"target": 14.75, "params": {"beta_enc": 0.8910810360642182, "gamma_fc": 0.1305033957470345, "beta_rec": 0.9622804241238744, "cue_position": 0.0, "gamma_cf": 0.925918846671265}, "datetime": {"elapsed": 5748.624617, "delta": 25.288479, "datetime": "2020-06-14 11:21:28"}}
{"target": 15.75, "params": {"beta_enc": 0.9173399462752497, "gamma_fc": 0.09399715109104179, "beta_rec": 0.9857215063929724, "cue_position": 0.0, "gamma_cf": 0.9736348579553827}, "datetime": {"elapsed": 5774.011989, "delta": 25.387372, "datetime": "2020-06-14 11:21:54"}}
{"target": 15.5, "params": {"beta_enc": 0.9115428594728635, "gamma_fc": 0.058685892810030435, "beta_rec": 0.9805409159764534, "cue_position": 0.0, "gamma_cf": 0.9505506947684655}, "datetime": {"elapsed": 5800.032796, "delta": 26.020807, "datetime": "2020-06-14 11:22:20"}}
{"target": 15.375, "params": {"beta_enc": 0.942073566512817, "gamma_fc": 0.06689101459435887, "beta_rec": 0.9428099142338612, "cue_position": 0.0, "gamma_cf": 0.963682413594825}, "datetime": {"elapsed": 5824.434388, "delta": 24.401592, "datetime": "2020-06-14 11:22:44"}}
{"target": 14.125, "params": {"beta_enc": 0.9157530155491881, "gamma_fc": 0.10560488124106715, "beta_rec": 0.9697794635722596, "cue_position": 0.0, "gamma_cf": 0.889029733308254}, "datetime": {"elapsed": 5849.831621, "delta": 25.397233, "datetime": "2020-06-14 11:23:10"}}
{"target": 15.125, "params": {"beta_enc": 0.8942763614108098, "gamma_fc": 0.10484762962703109, "beta_rec": 0.9881903616011782, "cue_position": 0.0, "gamma_cf": 0.9213973655514499}, "datetime": {"elapsed": 5875.499768, "delta": 25.668147, "datetime": "2020-06-14 11:23:35"}}
{"target": 13.125, "params": {"beta_enc": 0.9159984272560118, "gamma_fc": 0.1306272997902529, "beta_rec": 0.9948098268324952, "cue_position": 0.0, "gamma_cf": 0.9716643227729573}, "datetime": {"elapsed": 5901.735757, "delta": 26.235989, "datetime": "2020-06-14 11:24:02"}}
{"target": 15.0, "params": {"beta_enc": 0.8942460056703466, "gamma_fc": 0.11300217524896153, "beta_rec": 0.9791922145988411, "cue_position": 0.0, "gamma_cf": 0.9102947153289244}, "datetime": {"elapsed": 5928.548498, "delta": 26.812741, "datetime": "2020-06-14 11:24:28"}}
{"target": 15.625, "params": {"beta_enc": 0.9404472840748331, "gamma_fc": 0.09019496793502568, "beta_rec": 0.9701628366957963, "cue_position": 0.0, "gamma_cf": 0.9371803221761402}, "datetime": {"elapsed": 5956.770714, "delta": 28.222216, "datetime": "2020-06-14 11:24:57"}}
{"target": 13.375, "params": {"beta_enc": 0.8848715744970654, "gamma_fc": 0.1152911122427357, "beta_rec": 0.9829040748615415, "cue_position": 0.0, "gamma_cf": 0.981835936798117}, "datetime": {"elapsed": 5984.096851, "delta": 27.326137, "datetime": "2020-06-14 11:25:24"}}
{"target": 13.625, "params": {"beta_enc": 0.9456910041888648, "gamma_fc": 0.13243504502488024, "beta_rec": 0.9707518045285576, "cue_position": 0.0, "gamma_cf": 0.9118254041312639}, "datetime": {"elapsed": 6012.918171, "delta": 28.82132, "datetime": "2020-06-14 11:25:53"}}
{"target": 15.75, "params": {"beta_enc": 0.9170951578777746, "gamma_fc": 0.12126810657931175, "beta_rec": 0.9901031327615182, "cue_position": 0.0, "gamma_cf": 0.9865534080932035}, "datetime": {"elapsed": 6038.27051, "delta": 25.352339, "datetime": "2020-06-14 11:26:18"}}
{"target": 13.125, "params": {"beta_enc": 0.9035343476772919, "gamma_fc": 0.14590695918695173, "beta_rec": 0.9616654071082845, "cue_position": 0.0, "gamma_cf": 0.9496541018066388}, "datetime": {"elapsed": 6062.942647, "delta": 24.672137, "datetime": "2020-06-14 11:26:43"}}
{"target": 15.625, "params": {"beta_enc": 0.9208625503490754, "gamma_fc": 0.10386851047137724, "beta_rec": 0.9638204001094316, "cue_position": 0.0, "gamma_cf": 0.9551226322400974}, "datetime": {"elapsed": 6087.967676, "delta": 25.025029, "datetime": "2020-06-14 11:27:08"}}
{"target": 15.125, "params": {"beta_enc": 0.9220471759123104, "gamma_fc": 0.12054983023534749, "beta_rec": 0.98521871055958, "cue_position": 0.0, "gamma_cf": 0.9812821212401392}, "datetime": {"elapsed": 6113.596077, "delta": 25.628401, "datetime": "2020-06-14 11:27:33"}}
{"target": 14.875, "params": {"beta_enc": 0.9122491451528718, "gamma_fc": 0.09617391888457105, "beta_rec": 0.9806264954443563, "cue_position": 0.0, "gamma_cf": 0.9464759946404192}, "datetime": {"elapsed": 6139.345736, "delta": 25.749659, "datetime": "2020-06-14 11:27:59"}}
{"target": 14.875, "params": {"beta_enc": 0.9365282771002873, "gamma_fc": 0.09571459476956834, "beta_rec": 0.9799594200488925, "cue_position": 0.0, "gamma_cf": 0.9654110204645947}, "datetime": {"elapsed": 6165.072719, "delta": 25.726983, "datetime": "2020-06-14 11:28:25"}}
{"target": 15.25, "params": {"beta_enc": 0.9253945188476561, "gamma_fc": 0.07331267438520084, "beta_rec": 0.9686649051869628, "cue_position": 0.0, "gamma_cf": 0.9510806232542675}, "datetime": {"elapsed": 6190.886042, "delta": 25.813323, "datetime": "2020-06-14 11:28:51"}}
{"target": 14.625, "params": {"beta_enc": 0.9309578434941014, "gamma_fc": 0.1085236754947736, "beta_rec": 0.9917914233202378, "cue_position": 0.0, "gamma_cf": 0.9194253772301607}, "datetime": {"elapsed": 6216.772773, "delta": 25.886731, "datetime": "2020-06-14 11:29:17"}}
{"target": 15.0, "params": {"beta_enc": 0.8943830064709252, "gamma_fc": 0.1376701999589659, "beta_rec": 0.9872668887252614, "cue_position": 0.0, "gamma_cf": 0.8984651381480823}, "datetime": {"elapsed": 6241.7189, "delta": 24.946127, "datetime": "2020-06-14 11:29:42"}}
{"target": 15.75, "params": {"beta_enc": 0.9514777539426863, "gamma_fc": 0.08002229529122884, "beta_rec": 0.9318085937060986, "cue_position": 0.0, "gamma_cf": 0.9868527915591311}, "datetime": {"elapsed": 6267.888926, "delta": 26.170026, "datetime": "2020-06-14 11:30:08"}}
{"target": 14.125, "params": {"beta_enc": 0.9328520708491763, "gamma_fc": 0.10882261605885213, "beta_rec": 0.9494965246940171, "cue_position": 0.0, "gamma_cf": 0.9807878241177859}, "datetime": {"elapsed": 6295.563519, "delta": 27.674593, "datetime": "2020-06-14 11:30:35"}}
{"target": 15.75, "params": {"beta_enc": 0.9458697759338943, "gamma_fc": 0.09087208303084104, "beta_rec": 0.9644140450800608, "cue_position": 0.0, "gamma_cf": 0.959259677733009}, "datetime": {"elapsed": 6321.407129, "delta": 25.84361, "datetime": "2020-06-14 11:31:01"}}
{"target": 9.75, "params": {"beta_enc": 0.9093390025167537, "gamma_fc": 0.21149089818588795, "beta_rec": 0.9465417556159478, "cue_position": 0.0, "gamma_cf": 0.9164789797282669}, "datetime": {"elapsed": 6346.622693, "delta": 25.215564, "datetime": "2020-06-14 11:31:26"}}
{"target": 15.625, "params": {"beta_enc": 0.9230931437318796, "gamma_fc": 0.08396810669499066, "beta_rec": 0.9862785574811327, "cue_position": 0.0, "gamma_cf": 0.9650585207842641}, "datetime": {"elapsed": 6374.414387, "delta": 27.791694, "datetime": "2020-06-14 11:31:54"}}
{"target": 15.5, "params": {"beta_enc": 0.9198780678892388, "gamma_fc": 0.08041980564541673, "beta_rec": 0.9742953483645362, "cue_position": 0.0, "gamma_cf": 0.8947958658286341}, "datetime": {"elapsed": 6401.542064, "delta": 27.127677, "datetime": "2020-06-14 11:32:21"}}
{"target": 13.875, "params": {"beta_enc": 0.9137678959649355, "gamma_fc": 0.07854725214198821, "beta_rec": 0.9891869045131126, "cue_position": 0.0, "gamma_cf": 0.9135804666597749}, "datetime": {"elapsed": 6427.299186, "delta": 25.757122, "datetime": "2020-06-14 11:32:47"}}
{"target": 14.75, "params": {"beta_enc": 0.9500333026778014, "gamma_fc": 0.10274502671276708, "beta_rec": 0.9912546144298647, "cue_position": 0.0, "gamma_cf": 0.9537865891261774}, "datetime": {"elapsed": 6452.47795, "delta": 25.178764, "datetime": "2020-06-14 11:33:12"}}
{"target": 15.375, "params": {"beta_enc": 0.9448797827135547, "gamma_fc": 0.09206931759692316, "beta_rec": 0.9749614513945686, "cue_position": 0.0, "gamma_cf": 0.9218140356167199}, "datetime": {"elapsed": 6478.923183, "delta": 26.445233, "datetime": "2020-06-14 11:33:39"}}
{"target": 15.25, "params": {"beta_enc": 0.893816773936136, "gamma_fc": 0.13170055301940642, "beta_rec": 0.996478964878266, "cue_position": 0.0, "gamma_cf": 0.9558527376846175}, "datetime": {"elapsed": 6506.510043, "delta": 27.58686, "datetime": "2020-06-14 11:34:06"}}
{"target": 14.75, "params": {"beta_enc": 0.9155031696875654, "gamma_fc": 0.13545447402567623, "beta_rec": 0.9774021384535482, "cue_position": 0.0, "gamma_cf": 0.9414718573762152}, "datetime": {"elapsed": 6532.654958, "delta": 26.144915, "datetime": "2020-06-14 11:34:32"}}
{"target": 15.0, "params": {"beta_enc": 0.9534930771012657, "gamma_fc": 0.08788514550933657, "beta_rec": 0.9783072088657436, "cue_position": 0.0, "gamma_cf": 0.9631621553449254}, "datetime": {"elapsed": 6558.84699, "delta": 26.192032, "datetime": "2020-06-14 11:34:59"}}
{"target": 13.875, "params": {"beta_enc": 0.9063636242651661, "gamma_fc": 0.16073075586104335, "beta_rec": 0.9675451845860256, "cue_position": 0.0, "gamma_cf": 0.9659251141996266}, "datetime": {"elapsed": 6586.157877, "delta": 27.310887, "datetime": "2020-06-14 11:35:26"}}
{"target": 15.75, "params": {"beta_enc": 0.8993037467432402, "gamma_fc": 0.08324667581727108, "beta_rec": 0.9589523448206659, "cue_position": 0.0, "gamma_cf": 0.9554361952471391}, "datetime": {"elapsed": 6615.27991, "delta": 29.122033, "datetime": "2020-06-14 11:35:55"}}
