{"target": 5.047777777777778, "params": {"beta_rec": 0.7456371927074961, "beta_enc": 0.8, "cue_position": 10.0, "gamma_fc": 0.36654309724374434}, "datetime": {"elapsed": 3938.348621, "delta": 42.940056, "datetime": "2020-09-22 17:49:45"}}
{"target": 5.116666666666666, "params": {"beta_rec": 0.6926777175073543, "beta_enc": 0.8, "cue_position": 10.0, "gamma_fc": 0.18863680095531088}, "datetime": {"elapsed": 3981.634564, "delta": 43.285943, "datetime": "2020-09-22 17:50:29"}}
{"target": 5.002222222222223, "params": {"beta_rec": 0.5815774073442912, "beta_enc": 0.8, "cue_position": 10.0, "gamma_fc": 0.20390622523312185}, "datetime": {"elapsed": 4024.265772, "delta": 42.631208, "datetime": "2020-09-22 17:51:11"}}
{"target": 4.916666666666667, "params": {"beta_rec": 0.26217308377291193, "beta_enc": 0.8, "cue_position": 10.0, "gamma_fc": 0.4569753274356928}, "datetime": {"elapsed": 4066.622356, "delta": 42.356584, "datetime": "2020-09-22 17:51:54"}}
{"target": 4.797777777777778, "params": {"beta_rec": 0.5085162406102396, "beta_enc": 0.8, "cue_position": 10.0, "gamma_fc": 0.7986042447602102}, "datetime": {"elapsed": 4108.208009, "delta": 41.585653, "datetime": "2020-09-22 17:52:35"}}
{"target": 4.323333333333333, "params": {"beta_rec": 0.02760601195450363, "beta_enc": 0.8, "cue_position": 10.0, "gamma_fc": 0.8438404289311888}, "datetime": {"elapsed": 4147.227395, "delta": 39.019386, "datetime": "2020-09-22 17:53:14"}}
{"target": 4.944444444444445, "params": {"beta_rec": 0.7498583107261434, "beta_enc": 0.8, "cue_position": 10.0, "gamma_fc": 0.5409518049621886}, "datetime": {"elapsed": 4189.59413, "delta": 42.366735, "datetime": "2020-09-22 17:53:57"}}
{"target": 4.93, "params": {"beta_rec": 0.8039608914986468, "beta_enc": 0.8, "cue_position": 10.0, "gamma_fc": 0.7093872512312951}, "datetime": {"elapsed": 4231.968125, "delta": 42.373995, "datetime": "2020-09-22 17:54:39"}}
{"target": 5.4944444444444445, "params": {"beta_rec": 0.9475489413950998, "beta_enc": 0.8, "cue_position": 10.0, "gamma_fc": 0.2670720196843658}, "datetime": {"elapsed": 4277.207315, "delta": 45.23919, "datetime": "2020-09-22 17:55:24"}}
{"target": 4.895555555555555, "params": {"beta_rec": 0.42861882866378653, "beta_enc": 0.8, "cue_position": 10.0, "gamma_fc": 0.6337867606119179}, "datetime": {"elapsed": 4319.286842, "delta": 42.079527, "datetime": "2020-09-22 17:56:06"}}
{"target": 5.183333333333334, "params": {"beta_rec": 0.6968004961201785, "beta_enc": 0.8, "cue_position": 10.0, "gamma_fc": 0.3424541198435198}, "datetime": {"elapsed": 4362.977904, "delta": 43.691062, "datetime": "2020-09-22 17:56:50"}}
{"target": 4.933333333333334, "params": {"beta_rec": 0.42876877499944255, "beta_enc": 0.8, "cue_position": 10.0, "gamma_fc": 0.6264961586242938}, "datetime": {"elapsed": 4405.319069, "delta": 42.341165, "datetime": "2020-09-22 17:57:32"}}
{"target": 4.526666666666666, "params": {"beta_rec": 0.07838689985494796, "beta_enc": 0.8, "cue_position": 10.0, "gamma_fc": 0.06672499763935646}, "datetime": {"elapsed": 4445.517987, "delta": 40.198918, "datetime": "2020-09-22 17:58:12"}}
{"target": 4.592222222222222, "params": {"beta_rec": 0.11334192276759048, "beta_enc": 0.8, "cue_position": 10.0, "gamma_fc": 0.7548614813904674}, "datetime": {"elapsed": 4486.095871, "delta": 40.577884, "datetime": "2020-09-22 17:58:53"}}
{"target": 5.073333333333333, "params": {"beta_rec": 0.7469384956075251, "beta_enc": 0.8, "cue_position": 10.0, "gamma_fc": 0.4500867470007611}, "datetime": {"elapsed": 4529.254044, "delta": 43.158173, "datetime": "2020-09-22 17:59:36"}}
{"target": 4.984444444444445, "params": {"beta_rec": 0.47400392656219403, "beta_enc": 0.8, "cue_position": 10.0, "gamma_fc": 0.40239251985773583}, "datetime": {"elapsed": 4571.968143, "delta": 42.714099, "datetime": "2020-09-22 18:00:19"}}
{"target": 4.372222222222222, "params": {"beta_rec": 0.037061047954035864, "beta_enc": 0.8, "cue_position": 10.0, "gamma_fc": 0.12564138113773882}, "datetime": {"elapsed": 4611.340593, "delta": 39.37245, "datetime": "2020-09-22 18:00:58"}}
{"target": 4.4222222222222225, "params": {"beta_rec": 0.010364261335231939, "beta_enc": 0.8, "cue_position": 10.0, "gamma_fc": 0.0030179566195963625}, "datetime": {"elapsed": 4650.999754, "delta": 39.659161, "datetime": "2020-09-22 18:01:38"}}
{"target": 5.093333333333334, "params": {"beta_rec": 0.905402033702778, "beta_enc": 0.8, "cue_position": 10.0, "gamma_fc": 0.9152743199147875}, "datetime": {"elapsed": 4694.225191, "delta": 43.225437, "datetime": "2020-09-22 18:02:21"}}
{"target": 4.793333333333333, "params": {"beta_rec": 0.15773006987053328, "beta_enc": 0.8, "cue_position": 10.0, "gamma_fc": 0.6224959022999211}, "datetime": {"elapsed": 4735.879009, "delta": 41.653818, "datetime": "2020-09-22 18:03:03"}}
{"target": 5.2155555555555555, "params": {"beta_rec": 0.9899551783590737, "beta_enc": 0.8, "cue_position": 10.0, "gamma_fc": 0.7318004091422953}, "datetime": {"elapsed": 4779.743338, "delta": 43.864329, "datetime": "2020-09-22 18:03:47"}}
{"target": 4.874444444444444, "params": {"beta_rec": 0.4008737323711209, "beta_enc": 0.8, "cue_position": 10.0, "gamma_fc": 0.17343017078712286}, "datetime": {"elapsed": 4821.838497, "delta": 42.095159, "datetime": "2020-09-22 18:04:29"}}
{"target": 5.202222222222222, "params": {"beta_rec": 0.8126105880328287, "beta_enc": 0.8, "cue_position": 10.0, "gamma_fc": 0.2642974827269007}, "datetime": {"elapsed": 4865.674395, "delta": 43.835898, "datetime": "2020-09-22 18:05:13"}}
{"target": 4.958888888888889, "params": {"beta_rec": 0.31058725179421, "beta_enc": 0.8, "cue_position": 10.0, "gamma_fc": 0.2666387021516352}, "datetime": {"elapsed": 4908.31365, "delta": 42.639255, "datetime": "2020-09-22 18:05:55"}}
{"target": 4.914444444444444, "params": {"beta_rec": 0.31446701118584963, "beta_enc": 0.8, "cue_position": 10.0, "gamma_fc": 0.36655664385123443}, "datetime": {"elapsed": 4950.510315, "delta": 42.196665, "datetime": "2020-09-22 18:06:37"}}
{"target": 5.14, "params": {"beta_rec": 0.5122926922783614, "beta_enc": 0.8, "cue_position": 10.0, "gamma_fc": 0.030949006271150714}, "datetime": {"elapsed": 4993.997765, "delta": 43.48745, "datetime": "2020-09-22 18:07:21"}}
{"target": 5.236666666666666, "params": {"beta_rec": 0.8910189542923389, "beta_enc": 0.8, "cue_position": 10.0, "gamma_fc": 0.5220512472525107}, "datetime": {"elapsed": 5037.93535, "delta": 43.937585, "datetime": "2020-09-22 18:08:05"}}
{"target": 4.958888888888889, "params": {"beta_rec": 0.8594893208655858, "beta_enc": 0.8, "cue_position": 10.0, "gamma_fc": 0.6902278681627478}, "datetime": {"elapsed": 5080.453498, "delta": 42.518148, "datetime": "2020-09-22 18:08:47"}}
{"target": 5.068888888888889, "params": {"beta_rec": 0.6283090375213571, "beta_enc": 0.8, "cue_position": 10.0, "gamma_fc": 0.009348577966515781}, "datetime": {"elapsed": 5123.52009, "delta": 43.066592, "datetime": "2020-09-22 18:09:30"}}
{"target": 4.788888888888889, "params": {"beta_rec": 0.3114442141324628, "beta_enc": 0.8, "cue_position": 10.0, "gamma_fc": 0.9164058530538978}, "datetime": {"elapsed": 5165.072457, "delta": 41.552367, "datetime": "2020-09-22 18:10:12"}}
{"target": 4.855555555555555, "params": {"beta_rec": 0.2473960366023854, "beta_enc": 0.8, "cue_position": 10.0, "gamma_fc": 0.9318611166365406}, "datetime": {"elapsed": 5207.015042, "delta": 41.942585, "datetime": "2020-09-22 18:10:54"}}
{"target": 5.196666666666666, "params": {"beta_rec": 0.8443299485657132, "beta_enc": 0.8, "cue_position": 10.0, "gamma_fc": 0.22790028995131695}, "datetime": {"elapsed": 5250.775387, "delta": 43.760345, "datetime": "2020-09-22 18:11:38"}}
{"target": 4.797777777777778, "params": {"beta_rec": 0.22730973628468876, "beta_enc": 0.8, "cue_position": 10.0, "gamma_fc": 0.17476587635631158}, "datetime": {"elapsed": 5292.448478, "delta": 41.673091, "datetime": "2020-09-22 18:12:19"}}
{"target": 5.093333333333334, "params": {"beta_rec": 0.41358641500116133, "beta_enc": 0.8, "cue_position": 10.0, "gamma_fc": 0.18513039826903066}, "datetime": {"elapsed": 5335.702843, "delta": 43.254365, "datetime": "2020-09-22 18:13:03"}}
{"target": 4.885555555555555, "params": {"beta_rec": 0.24035562484913886, "beta_enc": 0.8, "cue_position": 10.0, "gamma_fc": 0.34898759722078887}, "datetime": {"elapsed": 5377.872363, "delta": 42.16952, "datetime": "2020-09-22 18:13:45"}}
{"target": 4.768888888888889, "params": {"beta_rec": 0.22881367096037586, "beta_enc": 0.8, "cue_position": 10.0, "gamma_fc": 0.4972500933605313}, "datetime": {"elapsed": 5419.462895, "delta": 41.590532, "datetime": "2020-09-22 18:14:26"}}
{"target": 4.514444444444444, "params": {"beta_rec": 0.1747201501089225, "beta_enc": 0.8, "cue_position": 10.0, "gamma_fc": 0.99675342520821}, "datetime": {"elapsed": 5459.593986, "delta": 40.131091, "datetime": "2020-09-22 18:15:07"}}
{"target": 4.848888888888889, "params": {"beta_rec": 0.5943726238309778, "beta_enc": 0.8, "cue_position": 10.0, "gamma_fc": 0.9015625846693213}, "datetime": {"elapsed": 5501.520147, "delta": 41.926161, "datetime": "2020-09-22 18:15:48"}}
{"target": 4.264444444444444, "params": {"beta_rec": 0.032426325314457105, "beta_enc": 0.8, "cue_position": 10.0, "gamma_fc": 0.06537171504222639}, "datetime": {"elapsed": 5540.280743, "delta": 38.760596, "datetime": "2020-09-22 18:16:27"}}
{"target": 5.047777777777778, "params": {"beta_rec": 0.37543483316785775, "beta_enc": 0.8, "cue_position": 10.0, "gamma_fc": 0.1679832931996149}, "datetime": {"elapsed": 5583.215678, "delta": 42.934935, "datetime": "2020-09-22 18:17:10"}}
{"target": 4.923333333333333, "params": {"beta_rec": 0.7674748688630131, "beta_enc": 0.8, "cue_position": 10.0, "gamma_fc": 0.6326158167779973}, "datetime": {"elapsed": 5625.475108, "delta": 42.25943, "datetime": "2020-09-22 18:17:52"}}
{"target": 5.017777777777778, "params": {"beta_rec": 0.47688233352119336, "beta_enc": 0.8, "cue_position": 10.0, "gamma_fc": 0.3530060855418248}, "datetime": {"elapsed": 5668.071197, "delta": 42.596089, "datetime": "2020-09-22 18:18:35"}}
{"target": 5.125555555555556, "params": {"beta_rec": 0.7300912110901043, "beta_enc": 0.8, "cue_position": 10.0, "gamma_fc": 0.4574049160894317}, "datetime": {"elapsed": 5711.095811, "delta": 43.024614, "datetime": "2020-09-22 18:19:18"}}
{"target": 4.277777777777778, "params": {"beta_rec": 0.01088873380347899, "beta_enc": 0.8, "cue_position": 10.0, "gamma_fc": 0.3199528380776784}, "datetime": {"elapsed": 5749.641652, "delta": 38.545841, "datetime": "2020-09-22 18:19:57"}}
{"target": 4.737777777777778, "params": {"beta_rec": 0.220234226159156, "beta_enc": 0.8, "cue_position": 10.0, "gamma_fc": 0.5238961356661317}, "datetime": {"elapsed": 5790.637862, "delta": 40.99621, "datetime": "2020-09-22 18:20:38"}}
{"target": 5.026666666666666, "params": {"beta_rec": 0.46385778390029564, "beta_enc": 0.8, "cue_position": 10.0, "gamma_fc": 0.3125013784920495}, "datetime": {"elapsed": 5833.185746, "delta": 42.547884, "datetime": "2020-09-22 18:21:20"}}
{"target": 5.1066666666666665, "params": {"beta_rec": 0.6738490080168676, "beta_enc": 0.8, "cue_position": 10.0, "gamma_fc": 0.13033578095435427}, "datetime": {"elapsed": 5876.083904, "delta": 42.898158, "datetime": "2020-09-22 18:22:03"}}
{"target": 5.016666666666667, "params": {"beta_rec": 0.5190823222119895, "beta_enc": 0.8, "cue_position": 10.0, "gamma_fc": 0.012603767029876312}, "datetime": {"elapsed": 5918.571787, "delta": 42.487883, "datetime": "2020-09-22 18:22:46"}}
{"target": 4.881111111111111, "params": {"beta_rec": 0.6868082266569918, "beta_enc": 0.8, "cue_position": 10.0, "gamma_fc": 0.9147886867419343}, "datetime": {"elapsed": 5960.354547, "delta": 41.78276, "datetime": "2020-09-22 18:23:27"}}
{"target": 4.224444444444444, "params": {"beta_rec": 0.005239837651465851, "beta_enc": 0.8, "cue_position": 10.0, "gamma_fc": 0.8593178060976}, "datetime": {"elapsed": 5998.679961, "delta": 38.325414, "datetime": "2020-09-22 18:24:06"}}
{"target": 4.993333333333333, "params": {"beta_rec": 0.6491541971124779, "beta_enc": 0.8, "cue_position": 10.0, "gamma_fc": 0.5784995797892005}, "datetime": {"elapsed": 6041.052128, "delta": 42.372167, "datetime": "2020-09-22 18:24:48"}}
{"target": 5.0744444444444445, "params": {"beta_rec": 0.5605299905360588, "beta_enc": 0.8, "cue_position": 10.0, "gamma_fc": 0.35242963021640883}, "datetime": {"elapsed": 6083.873441, "delta": 42.821313, "datetime": "2020-09-22 18:25:31"}}
{"target": 4.81, "params": {"beta_rec": 0.1950374860087073, "beta_enc": 0.8, "cue_position": 10.0, "gamma_fc": 0.2896027461868774}, "datetime": {"elapsed": 6125.237173, "delta": 41.363732, "datetime": "2020-09-22 18:26:12"}}
{"target": 4.94, "params": {"beta_rec": 0.4277373293360762, "beta_enc": 0.8, "cue_position": 10.0, "gamma_fc": 0.3535348626679904}, "datetime": {"elapsed": 6167.334266, "delta": 42.097093, "datetime": "2020-09-22 18:26:54"}}
{"target": 4.9366666666666665, "params": {"beta_rec": 0.7672845084217665, "beta_enc": 0.8, "cue_position": 10.0, "gamma_fc": 0.7332450677264275}, "datetime": {"elapsed": 6209.355079, "delta": 42.020813, "datetime": "2020-09-22 18:27:36"}}
{"target": 4.96, "params": {"beta_rec": 0.22139670090820107, "beta_enc": 0.8, "cue_position": 10.0, "gamma_fc": 0.1989479234270667}, "datetime": {"elapsed": 6251.567552, "delta": 42.212473, "datetime": "2020-09-22 18:28:18"}}
{"target": 5.007777777777778, "params": {"beta_rec": 0.3770825992073341, "beta_enc": 0.8, "cue_position": 10.0, "gamma_fc": 0.11092036903424063}, "datetime": {"elapsed": 6294.036331, "delta": 42.468779, "datetime": "2020-09-22 18:29:01"}}
{"target": 5.325555555555556, "params": {"beta_rec": 0.7997765368973863, "beta_enc": 0.8, "cue_position": 10.0, "gamma_fc": 0.23170231048579204}, "datetime": {"elapsed": 6338.147784, "delta": 44.111453, "datetime": "2020-09-22 18:29:45"}}
{"target": 5.131111111111111, "params": {"beta_rec": 0.9173335630816306, "beta_enc": 0.8, "cue_position": 10.0, "gamma_fc": 0.5538846110514143}, "datetime": {"elapsed": 6381.185283, "delta": 43.037499, "datetime": "2020-09-22 18:30:28"}}
{"target": 5.022222222222222, "params": {"beta_rec": 0.8348540476317985, "beta_enc": 0.8, "cue_position": 10.0, "gamma_fc": 0.9234562151187752}, "datetime": {"elapsed": 6423.624893, "delta": 42.43961, "datetime": "2020-09-22 18:31:11"}}
{"target": 4.812222222222222, "params": {"beta_rec": 0.47803130796528337, "beta_enc": 0.8, "cue_position": 10.0, "gamma_fc": 0.9760435504677476}, "datetime": {"elapsed": 6464.859548, "delta": 41.234655, "datetime": "2020-09-22 18:31:52"}}
{"target": 4.801111111111111, "params": {"beta_rec": 0.2026021252196626, "beta_enc": 0.8, "cue_position": 10.0, "gamma_fc": 0.40420190577514725}, "datetime": {"elapsed": 6506.110343, "delta": 41.250795, "datetime": "2020-09-22 18:32:33"}}
{"target": 4.9511111111111115, "params": {"beta_rec": 0.7293189193611234, "beta_enc": 0.8, "cue_position": 10.0, "gamma_fc": 0.6438956443116628}, "datetime": {"elapsed": 6548.20071, "delta": 42.090367, "datetime": "2020-09-22 18:33:15"}}
{"target": 4.631111111111111, "params": {"beta_rec": 0.21073239208332073, "beta_enc": 0.8, "cue_position": 10.0, "gamma_fc": 0.7489283752458364}, "datetime": {"elapsed": 6588.563176, "delta": 40.362466, "datetime": "2020-09-22 18:33:55"}}
{"target": 4.947777777777778, "params": {"beta_rec": 0.5971273029466491, "beta_enc": 0.8, "cue_position": 10.0, "gamma_fc": 0.7316064712415088}, "datetime": {"elapsed": 6630.576296, "delta": 42.01312, "datetime": "2020-09-22 18:34:38"}}
{"target": 4.937777777777778, "params": {"beta_rec": 0.42556139026154693, "beta_enc": 0.8, "cue_position": 10.0, "gamma_fc": 0.056141039661915304}, "datetime": {"elapsed": 6672.578096, "delta": 42.0018, "datetime": "2020-09-22 18:35:20"}}
{"target": 4.861111111111111, "params": {"beta_rec": 0.1922500168221477, "beta_enc": 0.8, "cue_position": 10.0, "gamma_fc": 0.30008104592535645}, "datetime": {"elapsed": 6714.204896, "delta": 41.6268, "datetime": "2020-09-22 18:36:01"}}
{"target": 5.166666666666667, "params": {"beta_rec": 0.9046310029362429, "beta_enc": 0.8, "cue_position": 10.0, "gamma_fc": 0.5306974384761395}, "datetime": {"elapsed": 6757.351196, "delta": 43.1463, "datetime": "2020-09-22 18:36:44"}}
{"target": 4.498888888888889, "params": {"beta_rec": 0.13216114194293815, "beta_enc": 0.8, "cue_position": 10.0, "gamma_fc": 0.07618880903232117}, "datetime": {"elapsed": 6797.058595, "delta": 39.707399, "datetime": "2020-09-22 18:37:24"}}
{"target": 4.7844444444444445, "params": {"beta_rec": 0.2615495518329871, "beta_enc": 0.8, "cue_position": 10.0, "gamma_fc": 0.10806532869723684}, "datetime": {"elapsed": 6838.145236, "delta": 41.086641, "datetime": "2020-09-22 18:38:05"}}
{"target": 4.735555555555556, "params": {"beta_rec": 0.1065838767888011, "beta_enc": 0.8, "cue_position": 10.0, "gamma_fc": 0.17716116443841734}, "datetime": {"elapsed": 6879.22242, "delta": 41.077184, "datetime": "2020-09-22 18:38:46"}}
{"target": 4.427777777777778, "params": {"beta_rec": 0.044845334589088126, "beta_enc": 0.8, "cue_position": 10.0, "gamma_fc": 0.18960594781829654}, "datetime": {"elapsed": 6918.774977, "delta": 39.552557, "datetime": "2020-09-22 18:39:26"}}
{"target": 4.987777777777778, "params": {"beta_rec": 0.7400775431590716, "beta_enc": 0.8, "cue_position": 10.0, "gamma_fc": 0.5510871741869717}, "datetime": {"elapsed": 6961.338997, "delta": 42.56402, "datetime": "2020-09-22 18:40:08"}}
{"target": 5.2811111111111115, "params": {"beta_rec": 0.7591960493171447, "beta_enc": 0.8, "cue_position": 10.0, "gamma_fc": 0.17654903427708302}, "datetime": {"elapsed": 7005.333291, "delta": 43.994294, "datetime": "2020-09-22 18:40:52"}}
{"target": 4.385555555555555, "params": {"beta_rec": 0.019775099516344263, "beta_enc": 0.8, "cue_position": 10.0, "gamma_fc": 0.5589038111609383}, "datetime": {"elapsed": 7044.524496, "delta": 39.191205, "datetime": "2020-09-22 18:41:31"}}
{"target": 5.055555555555555, "params": {"beta_rec": 0.7587469310223366, "beta_enc": 0.8, "cue_position": 10.0, "gamma_fc": 0.9873261748084265}, "datetime": {"elapsed": 7087.307845, "delta": 42.783349, "datetime": "2020-09-22 18:42:14"}}
{"target": 4.14, "params": {"beta_rec": 0.0037936724093425855, "beta_enc": 0.8, "cue_position": 10.0, "gamma_fc": 0.8578971045378938}, "datetime": {"elapsed": 7125.211697, "delta": 37.903852, "datetime": "2020-09-22 18:42:52"}}
{"target": 4.836666666666667, "params": {"beta_rec": 0.5166887829215384, "beta_enc": 0.8, "cue_position": 10.0, "gamma_fc": 0.7805295568767427}, "datetime": {"elapsed": 7166.836597, "delta": 41.6249, "datetime": "2020-09-22 18:43:34"}}
{"target": 5.062222222222222, "params": {"beta_rec": 0.7703225253299576, "beta_enc": 0.8, "cue_position": 10.0, "gamma_fc": 0.6132112115442597}, "datetime": {"elapsed": 7209.868558, "delta": 43.031961, "datetime": "2020-09-22 18:44:17"}}
{"target": 4.935555555555555, "params": {"beta_rec": 0.6973080192643409, "beta_enc": 0.8, "cue_position": 10.0, "gamma_fc": 0.7748966467245978}, "datetime": {"elapsed": 7252.258755, "delta": 42.390197, "datetime": "2020-09-22 18:44:59"}}
{"target": 4.841111111111111, "params": {"beta_rec": 0.23931570743750463, "beta_enc": 0.8, "cue_position": 10.0, "gamma_fc": 0.2202839877937276}, "datetime": {"elapsed": 7294.137745, "delta": 41.87899, "datetime": "2020-09-22 18:45:41"}}
{"target": 5.337777777777778, "params": {"beta_rec": 0.8830285085638342, "beta_enc": 0.8, "cue_position": 10.0, "gamma_fc": 0.2867116496064306}, "datetime": {"elapsed": 7338.656453, "delta": 44.518708, "datetime": "2020-09-22 18:46:26"}}
{"target": 4.883333333333334, "params": {"beta_rec": 0.29014446310454167, "beta_enc": 0.8, "cue_position": 10.0, "gamma_fc": 0.3241385298974466}, "datetime": {"elapsed": 7380.700339, "delta": 42.043886, "datetime": "2020-09-22 18:47:08"}}
{"target": 5.16, "params": {"beta_rec": 0.44411710701661444, "beta_enc": 0.8, "cue_position": 10.0, "gamma_fc": 0.4263481542362306}, "datetime": {"elapsed": 7424.19964, "delta": 43.499301, "datetime": "2020-09-22 18:47:51"}}
{"target": 5.04, "params": {"beta_rec": 0.6749716048091052, "beta_enc": 0.8, "cue_position": 10.0, "gamma_fc": 0.4672458239265538}, "datetime": {"elapsed": 7467.087588, "delta": 42.887948, "datetime": "2020-09-22 18:48:34"}}
{"target": 5.026666666666666, "params": {"beta_rec": 0.6268556021628346, "beta_enc": 0.8, "cue_position": 10.0, "gamma_fc": 0.4476890001456285}, "datetime": {"elapsed": 7509.912507, "delta": 42.824919, "datetime": "2020-09-22 18:49:17"}}
{"target": 5.065555555555555, "params": {"beta_rec": 0.4569657005615504, "beta_enc": 0.8, "cue_position": 10.0, "gamma_fc": 0.13184097502750214}, "datetime": {"elapsed": 7552.949257, "delta": 43.03675, "datetime": "2020-09-22 18:50:00"}}
{"target": 5.024444444444445, "params": {"beta_rec": 0.9093119886549367, "beta_enc": 0.8, "cue_position": 10.0, "gamma_fc": 0.7667745872371021}, "datetime": {"elapsed": 7595.843039, "delta": 42.893782, "datetime": "2020-09-22 18:50:43"}}
{"target": 5.158888888888889, "params": {"beta_rec": 0.49805562482800747, "beta_enc": 0.8, "cue_position": 10.0, "gamma_fc": 0.06780693434095375}, "datetime": {"elapsed": 7639.389042, "delta": 43.546003, "datetime": "2020-09-22 18:51:26"}}
{"target": 5.433333333333334, "params": {"beta_rec": 0.9427625754329493, "beta_enc": 0.8, "cue_position": 10.0, "gamma_fc": 0.1944658095278845}, "datetime": {"elapsed": 7684.460437, "delta": 45.071395, "datetime": "2020-09-22 18:52:11"}}
{"target": 4.848888888888889, "params": {"beta_rec": 0.25163914235585283, "beta_enc": 0.8, "cue_position": 10.0, "gamma_fc": 0.5402609403968999}, "datetime": {"elapsed": 7726.358363, "delta": 41.897926, "datetime": "2020-09-22 18:52:53"}}
{"target": 5.1177777777777775, "params": {"beta_rec": 0.6243367024026759, "beta_enc": 0.8, "cue_position": 10.0, "gamma_fc": 0.007932876194523097}, "datetime": {"elapsed": 7769.717837, "delta": 43.359474, "datetime": "2020-09-22 18:53:37"}}
