{"target": -8723.033233986642, "params": {"epsilon_d": 4.516519076285228, "gamma_cf": 0.32654656476570804, "beta_rec": 0.9289314134789844, "lr": 0.7384195829148417, "phi_s": 1.816626894439812, "beta_enc": 0.9311119290239973, "s_cf": 0.8329352757141487, "k_intra": 3.286986059334358, "phi_d": 0.6146465384472494, "gamma_fc": 0.14534480224184348}, "datetime": {"delta": 53.616446, "datetime": "2020-09-13 16:20:44", "elapsed": 11655.82428}}
{"target": -8722.59743368112, "params": {"epsilon_d": 4.513212701852696, "gamma_cf": 0.3285161780237817, "beta_rec": 0.9296046084444821, "lr": 0.7382037009131295, "phi_s": 1.8194700928086245, "beta_enc": 0.930427587093158, "s_cf": 0.8335950264142218, "k_intra": 3.284627555096183, "phi_d": 0.6132688074340436, "gamma_fc": 0.14642934087266962}, "datetime": {"delta": 49.50813, "datetime": "2020-09-13 16:21:33", "elapsed": 11705.33241}}
{"target": -8719.001739432908, "params": {"epsilon_d": 4.493890046106273, "gamma_cf": 0.3386529640106697, "beta_rec": 0.9402687798070776, "lr": 0.7448097965154887, "phi_s": 1.8245447972722806, "beta_enc": 0.93655858824198, "s_cf": 0.844689115510756, "k_intra": 3.28936854366129, "phi_d": 0.5989772103791123, "gamma_fc": 0.14410294340303562}, "datetime": {"delta": 52.950803, "datetime": "2020-09-13 16:22:26", "elapsed": 11758.283213}}
{"target": -8717.064724530315, "params": {"epsilon_d": 4.464502672682043, "gamma_cf": 0.3499724439769647, "beta_rec": 0.9533331083902661, "lr": 0.7581874684862162, "phi_s": 1.8421908268231642, "beta_enc": 0.9419999849232689, "s_cf": 0.8598926294346051, "k_intra": 3.30330677859271, "phi_d": 0.5762349404934969, "gamma_fc": 0.13338305085397434}, "datetime": {"delta": 50.124602, "datetime": "2020-09-13 16:23:17", "elapsed": 11808.407815}}
{"target": -8619.761583472075, "params": {"epsilon_d": 3.7793851955726296, "gamma_cf": 0.37555971998538173, "beta_rec": 0.9450433212164988, "lr": 0.5237697008830374, "phi_s": 2.1055700371097363, "beta_enc": 0.3139349243706073, "s_cf": 0.2744165215757249, "k_intra": 8.736686560943337, "phi_d": 0.9535595340935045, "gamma_fc": 0.16881025878453088}, "datetime": {"delta": 53.794227, "datetime": "2020-09-13 16:24:10", "elapsed": 11862.202042}}
{"target": -8618.876413368343, "params": {"epsilon_d": 3.7789623819983404, "gamma_cf": 0.37663854536604835, "beta_rec": 0.9458112260300751, "lr": 0.5198902375315226, "phi_s": 2.106387612363984, "beta_enc": 0.3125965623399081, "s_cf": 0.2739234156681474, "k_intra": 8.737164657886396, "phi_d": 0.9520412280622136, "gamma_fc": 0.1687208720172414}, "datetime": {"delta": 51.667782, "datetime": "2020-09-13 16:25:02", "elapsed": 11913.869824}}
{"target": -8717.73209298239, "params": {"epsilon_d": 4.469418545779758, "gamma_cf": 0.349989781756889, "beta_rec": 0.952829328284885, "lr": 0.7547101143408541, "phi_s": 1.8390951981916, "beta_enc": 0.9429230594331209, "s_cf": 0.8579358106590669, "k_intra": 3.300127585429812, "phi_d": 0.582147879422272, "gamma_fc": 0.1348378212754646}, "datetime": {"delta": 50.131193, "datetime": "2020-09-13 16:25:52", "elapsed": 11964.001017}}
{"target": -8711.567499544642, "params": {"epsilon_d": 4.448978162135421, "gamma_cf": 0.3333497733776474, "beta_rec": 0.940069649927573, "lr": 0.7730116244467065, "phi_s": 1.8475508793754505, "beta_enc": 0.9303681641043843, "s_cf": 0.8485603842362396, "k_intra": 3.31586411894245, "phi_d": 0.5324830617697801, "gamma_fc": 0.14581511390118845}, "datetime": {"delta": 49.34351, "datetime": "2020-09-13 16:26:41", "elapsed": 12013.344527}}
{"target": -8710.32383376815, "params": {"epsilon_d": 4.441035984800774, "gamma_cf": 0.32848063913954273, "beta_rec": 0.9349931227326973, "lr": 0.776790251188581, "phi_s": 1.8516134849224795, "beta_enc": 0.9289192678130233, "s_cf": 0.8421830169926953, "k_intra": 3.3227213690704858, "phi_d": 0.5112512690402286, "gamma_fc": 0.15442978580760006}, "datetime": {"delta": 50.615542, "datetime": "2020-09-13 16:27:32", "elapsed": 12063.960069}}
{"target": -8613.673339249246, "params": {"epsilon_d": 3.772280809740617, "gamma_cf": 0.37616966024342513, "beta_rec": 0.9510174309007478, "lr": 0.5156470104697009, "phi_s": 2.1221809260973896, "beta_enc": 0.3118796061253267, "s_cf": 0.28082300097292145, "k_intra": 8.73322442646234, "phi_d": 0.946424069740045, "gamma_fc": 0.1770660324107425}, "datetime": {"delta": 50.860899, "datetime": "2020-09-13 16:28:23", "elapsed": 12114.820968}}
{"target": -8607.807279047862, "params": {"epsilon_d": 3.758806580773633, "gamma_cf": 0.36949426347837905, "beta_rec": 0.9594263678354693, "lr": 0.516941739853589, "phi_s": 2.146757860887961, "beta_enc": 0.31376892514605254, "s_cf": 0.2962189428492694, "k_intra": 8.720240015862155, "phi_d": 0.9388189641108109, "gamma_fc": 0.18679967526391816}, "datetime": {"delta": 49.86201, "datetime": "2020-09-13 16:29:13", "elapsed": 12164.682978}}
{"target": -8709.738317830559, "params": {"epsilon_d": 4.436835736031909, "gamma_cf": 0.3303206688961044, "beta_rec": 0.9322984593403576, "lr": 0.7763947311884165, "phi_s": 1.8558873990514104, "beta_enc": 0.9304031297284893, "s_cf": 0.8406349149940829, "k_intra": 3.330185495717902, "phi_d": 0.5023020924195981, "gamma_fc": 0.16253849721032057}, "datetime": {"delta": 48.182761, "datetime": "2020-09-13 16:30:01", "elapsed": 12212.865739}}
{"target": -8710.040877554327, "params": {"epsilon_d": 4.4390393747361445, "gamma_cf": 0.3365838003264568, "beta_rec": 0.9298640544203904, "lr": 0.7758980361925953, "phi_s": 1.859377132519235, "beta_enc": 0.9317065798366695, "s_cf": 0.842774089474795, "k_intra": 3.3377575710671947, "phi_d": 0.5044249597012787, "gamma_fc": 0.1698146526057709}, "datetime": {"delta": 50.013164, "datetime": "2020-09-13 16:30:51", "elapsed": 12262.878903}}
{"target": -8605.475464745341, "params": {"epsilon_d": 3.748332696095795, "gamma_cf": 0.35826722068941896, "beta_rec": 0.965879183334176, "lr": 0.5230085940551066, "phi_s": 2.1611493412467735, "beta_enc": 0.31215243262821574, "s_cf": 0.30671216518650724, "k_intra": 8.703309608650754, "phi_d": 0.9347347670904692, "gamma_fc": 0.19125274927753344}, "datetime": {"delta": 49.134394, "datetime": "2020-09-13 16:31:40", "elapsed": 12312.013297}}
{"target": -8708.921561299105, "params": {"epsilon_d": 4.423977393235256, "gamma_cf": 0.3293326933736113, "beta_rec": 0.9330849616948518, "lr": 0.7665489346125393, "phi_s": 1.8569606694813603, "beta_enc": 0.9344672723359552, "s_cf": 0.8411338616194136, "k_intra": 3.332660778716137, "phi_d": 0.49891035350650975, "gamma_fc": 0.16568249188860543}, "datetime": {"delta": 50.642749, "datetime": "2020-09-13 16:32:31", "elapsed": 12362.656046}}
{"target": -8708.57578769895, "params": {"epsilon_d": 4.410453612780546, "gamma_cf": 0.3260358409855497, "beta_rec": 0.9310055658271867, "lr": 0.7579620379081589, "phi_s": 1.8556661748989822, "beta_enc": 0.9343710794418147, "s_cf": 0.844037389954399, "k_intra": 3.3346308257513457, "phi_d": 0.5013148614550309, "gamma_fc": 0.167214498207908}, "datetime": {"delta": 50.466265, "datetime": "2020-09-13 16:33:21", "elapsed": 12413.122311}}
{"target": -8708.50543822127, "params": {"epsilon_d": 4.40715589030997, "gamma_cf": 0.3248449509847812, "beta_rec": 0.9294991389094425, "lr": 0.7602606978129615, "phi_s": 1.8532815074180404, "beta_enc": 0.9329342272583004, "s_cf": 0.8444857566123796, "k_intra": 3.3373639249216844, "phi_d": 0.49956559017341, "gamma_fc": 0.1679614869603322}, "datetime": {"delta": 47.408797, "datetime": "2020-09-13 16:34:09", "elapsed": 12460.531108}}
{"target": -8708.288252849225, "params": {"epsilon_d": 4.405213577441732, "gamma_cf": 0.32628079692119305, "beta_rec": 0.9301733263106415, "lr": 0.7612370098524016, "phi_s": 1.8494941484166343, "beta_enc": 0.9314405414800091, "s_cf": 0.845184176727262, "k_intra": 3.3394194286964853, "phi_d": 0.49916450830935316, "gamma_fc": 0.16836186279065699}, "datetime": {"delta": 48.426122, "datetime": "2020-09-13 16:34:57", "elapsed": 12508.95723}}
{"target": -8605.067967904399, "params": {"epsilon_d": 3.747022315697333, "gamma_cf": 0.35589235918454604, "beta_rec": 0.9675218118461187, "lr": 0.5244873859301199, "phi_s": 2.163433491852434, "beta_enc": 0.30950096082914436, "s_cf": 0.30744442330132066, "k_intra": 8.69925889557822, "phi_d": 0.934265606149925, "gamma_fc": 0.191791429925817}, "datetime": {"delta": 49.479375, "datetime": "2020-09-13 16:35:47", "elapsed": 12558.436605}}
{"target": -8708.02424929646, "params": {"epsilon_d": 4.402925774944426, "gamma_cf": 0.3313869275388525, "beta_rec": 0.9338939382975534, "lr": 0.7600387607460518, "phi_s": 1.8369740261542153, "beta_enc": 0.9273004002425315, "s_cf": 0.8428530003814684, "k_intra": 3.341402212631182, "phi_d": 0.49521306768102147, "gamma_fc": 0.1686814471648057}, "datetime": {"delta": 48.546911, "datetime": "2020-09-13 16:36:35", "elapsed": 12606.983516}}
{"target": -8708.00211302553, "params": {"epsilon_d": 4.4012908433975575, "gamma_cf": 0.33159433153773493, "beta_rec": 0.9341389019553921, "lr": 0.7604247689896606, "phi_s": 1.8358233199632121, "beta_enc": 0.9275643759938464, "s_cf": 0.8426286692133447, "k_intra": 3.33911562856842, "phi_d": 0.4949354926309458, "gamma_fc": 0.1684922849255576}, "datetime": {"delta": 53.873959, "datetime": "2020-09-13 16:37:29", "elapsed": 12660.857475}}
{"target": -8708.122378837455, "params": {"epsilon_d": 4.403546837803837, "gamma_cf": 0.33160546619770825, "beta_rec": 0.9339787985075234, "lr": 0.7608470974953768, "phi_s": 1.8379491638024847, "beta_enc": 0.9285931253732033, "s_cf": 0.844009183505275, "k_intra": 3.33753847906946, "phi_d": 0.49478216992981594, "gamma_fc": 0.16960102326200815}, "datetime": {"delta": 49.679632, "datetime": "2020-09-13 16:38:19", "elapsed": 12710.537107}}
{"target": -8605.080045114155, "params": {"epsilon_d": 3.749005457590391, "gamma_cf": 0.3551022432962493, "beta_rec": 0.9685087753663633, "lr": 0.5250205676717628, "phi_s": 2.165278779921727, "beta_enc": 0.3049044734197202, "s_cf": 0.30571413833730854, "k_intra": 8.696523947276102, "phi_d": 0.9356034836721817, "gamma_fc": 0.19091499222795574}, "datetime": {"delta": 47.593285, "datetime": "2020-09-13 16:39:06", "elapsed": 12758.130392}}
{"target": -8707.87204924106, "params": {"epsilon_d": 4.400100144926201, "gamma_cf": 0.3314554356821201, "beta_rec": 0.9342920047355173, "lr": 0.7599409373483071, "phi_s": 1.8378867604396234, "beta_enc": 0.9273602346081464, "s_cf": 0.8353357615002305, "k_intra": 3.3455876149734913, "phi_d": 0.498384188070442, "gamma_fc": 0.16481610104417882}, "datetime": {"delta": 52.765785, "datetime": "2020-09-13 16:39:59", "elapsed": 12810.896177}}
{"target": -8707.789665206448, "params": {"epsilon_d": 4.399051236300434, "gamma_cf": 0.33325650176997046, "beta_rec": 0.9320843145648723, "lr": 0.7615622213949242, "phi_s": 1.8369385457734788, "beta_enc": 0.9267193403504598, "s_cf": 0.8354652511645476, "k_intra": 3.344622229634166, "phi_d": 0.49577306250172026, "gamma_fc": 0.16498945422802846}, "datetime": {"delta": 53.758721, "datetime": "2020-09-13 16:40:53", "elapsed": 12864.654898}}
{"target": -8707.581759534845, "params": {"epsilon_d": 4.399514147866466, "gamma_cf": 0.33667544944230315, "beta_rec": 0.9281589426332008, "lr": 0.7605701576889438, "phi_s": 1.8379601935675742, "beta_enc": 0.9268875793055172, "s_cf": 0.8343124927223797, "k_intra": 3.3467977662318087, "phi_d": 0.49366425435968375, "gamma_fc": 0.16137809678835302}, "datetime": {"delta": 49.24085, "datetime": "2020-09-13 16:41:42", "elapsed": 12913.895748}}
{"target": -8707.375558749372, "params": {"epsilon_d": 4.397948790075791, "gamma_cf": 0.3378328357273293, "beta_rec": 0.9248738781926068, "lr": 0.758624751994922, "phi_s": 1.8356303116077641, "beta_enc": 0.9278400611753782, "s_cf": 0.8367676131159231, "k_intra": 3.3456047460542098, "phi_d": 0.49194515623073504, "gamma_fc": 0.15695262381027092}, "datetime": {"delta": 50.015922, "datetime": "2020-09-13 16:42:32", "elapsed": 12963.91167}}
{"target": -8707.523133752746, "params": {"epsilon_d": 4.401238618835877, "gamma_cf": 0.3382448369412864, "beta_rec": 0.9225946101641435, "lr": 0.7570410205004678, "phi_s": 1.8309764800880226, "beta_enc": 0.9336964066386907, "s_cf": 0.8385949842661645, "k_intra": 3.3480150231844794, "phi_d": 0.4915424965804195, "gamma_fc": 0.15358564123326526}, "datetime": {"delta": 51.076237, "datetime": "2020-09-13 16:43:23", "elapsed": 13014.987907}}
{"target": -8707.037608960989, "params": {"epsilon_d": 4.395346169838541, "gamma_cf": 0.3411904271739047, "beta_rec": 0.9230568477758445, "lr": 0.7570558582957849, "phi_s": 1.8382180263623633, "beta_enc": 0.9238648870543956, "s_cf": 0.8382887538468038, "k_intra": 3.3484459980461367, "phi_d": 0.48849957162977453, "gamma_fc": 0.15447485015949444}, "datetime": {"delta": 50.765489, "datetime": "2020-09-13 16:44:14", "elapsed": 13065.753396}}
{"target": -8705.694651268306, "params": {"epsilon_d": 4.390492281991508, "gamma_cf": 0.34013787541689394, "beta_rec": 0.9266674004335254, "lr": 0.7529431562694955, "phi_s": 1.8434144186759942, "beta_enc": 0.917613443564424, "s_cf": 0.8437414948600968, "k_intra": 3.3551129123472077, "phi_d": 0.48057883929812584, "gamma_fc": 0.1484514826961616}, "datetime": {"delta": 49.271142, "datetime": "2020-09-13 16:45:03", "elapsed": 13115.024538}}
{"target": -8702.88167150166, "params": {"epsilon_d": 4.379989470301556, "gamma_cf": 0.33263122807501294, "beta_rec": 0.9382011738543652, "lr": 0.7494006428336843, "phi_s": 1.8507287159058394, "beta_enc": 0.9097097486954608, "s_cf": 0.8512422268973998, "k_intra": 3.3767343403880696, "phi_d": 0.4576889241137519, "gamma_fc": 0.13887432358182528}, "datetime": {"delta": 47.703975, "datetime": "2020-09-13 16:45:51", "elapsed": 13162.728513}}
{"target": -8700.329921849832, "params": {"epsilon_d": 4.361192752723588, "gamma_cf": 0.32577885375619425, "beta_rec": 0.9442981200933889, "lr": 0.750718416121566, "phi_s": 1.853140337753296, "beta_enc": 0.9045506505491873, "s_cf": 0.8524610459887685, "k_intra": 3.4013277562955353, "phi_d": 0.4308614161231568, "gamma_fc": 0.13449302643699337}, "datetime": {"delta": 49.599646, "datetime": "2020-09-13 16:46:40", "elapsed": 13212.328159}}
{"target": -8697.959027048064, "params": {"epsilon_d": 4.333978286461698, "gamma_cf": 0.32288293869015394, "beta_rec": 0.9415831993309695, "lr": 0.751704943430184, "phi_s": 1.8508900405320885, "beta_enc": 0.8987536501156139, "s_cf": 0.8474202869702768, "k_intra": 3.42207989642447, "phi_d": 0.40991546436165566, "gamma_fc": 0.1353334301991037}, "datetime": {"delta": 50.785097, "datetime": "2020-09-13 16:47:31", "elapsed": 13263.113256}}
{"target": -8696.896477739363, "params": {"epsilon_d": 4.300550835370322, "gamma_cf": 0.32216509562132856, "beta_rec": 0.9326992891278539, "lr": 0.7454410946735582, "phi_s": 1.8438191088078124, "beta_enc": 0.887586677029811, "s_cf": 0.8391452943864417, "k_intra": 3.4380448383179543, "phi_d": 0.4014127623203268, "gamma_fc": 0.13805969718002806}, "datetime": {"delta": 48.769771, "datetime": "2020-09-13 16:48:20", "elapsed": 13311.883027}}
{"target": -8696.593075992696, "params": {"epsilon_d": 4.300683951773803, "gamma_cf": 0.3229091572658374, "beta_rec": 0.9330862931343819, "lr": 0.7463741108859976, "phi_s": 1.8471662673704194, "beta_enc": 0.8894595333684846, "s_cf": 0.8399005773719223, "k_intra": 3.43582116609719, "phi_d": 0.4000310441089044, "gamma_fc": 0.1374971703923158}, "datetime": {"delta": 48.718073, "datetime": "2020-09-13 16:49:09", "elapsed": 13360.6011}}
{"target": -8694.861376470195, "params": {"epsilon_d": 4.284089134615188, "gamma_cf": 0.32651702247649217, "beta_rec": 0.9337061267226414, "lr": 0.7489201245510201, "phi_s": 1.8646541239200325, "beta_enc": 0.8954824822384265, "s_cf": 0.8417582018693328, "k_intra": 3.4261912934689747, "phi_d": 0.3948333093691339, "gamma_fc": 0.13621647056028022}, "datetime": {"delta": 51.404661, "datetime": "2020-09-13 16:50:00", "elapsed": 13412.005761}}
{"target": -8693.858378240617, "params": {"epsilon_d": 4.267236347364952, "gamma_cf": 0.32756872414044935, "beta_rec": 0.93897792308213, "lr": 0.7537125748830479, "phi_s": 1.8731052993955617, "beta_enc": 0.8975114272922985, "s_cf": 0.8452482980739398, "k_intra": 3.4222366012366763, "phi_d": 0.3990964311956961, "gamma_fc": 0.13589705751467251}, "datetime": {"delta": 49.214023, "datetime": "2020-09-13 16:50:49", "elapsed": 13461.219784}}
{"target": -8693.610864684924, "params": {"epsilon_d": 4.257438159894665, "gamma_cf": 0.3268796633348652, "beta_rec": 0.9442069534175628, "lr": 0.7616072881982742, "phi_s": 1.8719318213467606, "beta_enc": 0.8961313837167483, "s_cf": 0.8491128108630877, "k_intra": 3.426178939133276, "phi_d": 0.40570551290947604, "gamma_fc": 0.13458933122058944}, "datetime": {"delta": 51.073474, "datetime": "2020-09-13 16:51:40", "elapsed": 13512.293258}}
{"target": -8605.304227543513, "params": {"epsilon_d": 3.7490268431035227, "gamma_cf": 0.3545976980360104, "beta_rec": 0.9703354524051611, "lr": 0.5267936569753096, "phi_s": 2.164647027063945, "beta_enc": 0.30619014554981006, "s_cf": 0.306496960609609, "k_intra": 8.6968758736192, "phi_d": 0.9355959725249947, "gamma_fc": 0.1917827837200175}, "datetime": {"delta": 50.254488, "datetime": "2020-09-13 16:52:31", "elapsed": 13562.547746}}
{"target": -8693.764937973943, "params": {"epsilon_d": 4.25710735813775, "gamma_cf": 0.32584231752858217, "beta_rec": 0.9451338472701574, "lr": 0.7587181710520498, "phi_s": 1.8712612287315342, "beta_enc": 0.8953416364375983, "s_cf": 0.8479276111506374, "k_intra": 3.4243525094386453, "phi_d": 0.4054789929742495, "gamma_fc": 0.13515514434402848}, "datetime": {"delta": 50.791487, "datetime": "2020-09-13 16:53:21", "elapsed": 13613.339233}}
{"target": -8693.271117090684, "params": {"epsilon_d": 4.260233389408263, "gamma_cf": 0.3325811620820242, "beta_rec": 0.9371771071365232, "lr": 0.7647729868592283, "phi_s": 1.8786860782697288, "beta_enc": 0.8988618812954576, "s_cf": 0.8505603823092053, "k_intra": 3.4324614981170196, "phi_d": 0.40532449644104956, "gamma_fc": 0.13642946129577757}, "datetime": {"delta": 49.215635, "datetime": "2020-09-13 16:54:11", "elapsed": 13662.554868}}
{"target": -8693.221947266971, "params": {"epsilon_d": 4.259863373630544, "gamma_cf": 0.33399815840975094, "beta_rec": 0.9368237005817768, "lr": 0.7637456541034402, "phi_s": 1.8816779690262488, "beta_enc": 0.8999108187503729, "s_cf": 0.8502509664649548, "k_intra": 3.435586496553104, "phi_d": 0.40703897739856115, "gamma_fc": 0.13728978533417405}, "datetime": {"delta": 53.434102, "datetime": "2020-09-13 16:55:04", "elapsed": 13715.98897}}
{"target": -8693.225833039653, "params": {"epsilon_d": 4.259075874500413, "gamma_cf": 0.33246429903282276, "beta_rec": 0.9373541678064181, "lr": 0.7619183363719718, "phi_s": 1.8835726308027287, "beta_enc": 0.8973662913625688, "s_cf": 0.8486686414739851, "k_intra": 3.4376087104982287, "phi_d": 0.40893910838412373, "gamma_fc": 0.13728604325764848}, "datetime": {"delta": 49.046667, "datetime": "2020-09-13 16:55:53", "elapsed": 13765.035637}}
{"target": -8604.47115073807, "params": {"epsilon_d": 3.746024865371764, "gamma_cf": 0.35597510691601636, "beta_rec": 0.9650623913165073, "lr": 0.5249405651197985, "phi_s": 2.1672594087456414, "beta_enc": 0.306636224105887, "s_cf": 0.3085264860707796, "k_intra": 8.696101630461532, "phi_d": 0.9356475042223321, "gamma_fc": 0.19184690530764636}, "datetime": {"delta": 51.03709, "datetime": "2020-09-13 16:56:44", "elapsed": 13816.072727}}
{"target": -8693.071343546048, "params": {"epsilon_d": 4.258108514778468, "gamma_cf": 0.3322055553229061, "beta_rec": 0.9353156446793507, "lr": 0.7626226158655411, "phi_s": 1.8834737224720208, "beta_enc": 0.897467945967156, "s_cf": 0.8507792795131057, "k_intra": 3.4359002519069977, "phi_d": 0.408533498114796, "gamma_fc": 0.1369456402053181}, "datetime": {"delta": 51.193809, "datetime": "2020-09-13 16:57:35", "elapsed": 13867.266536}}
{"target": -8604.651524809868, "params": {"epsilon_d": 3.7436928737889197, "gamma_cf": 0.35583886291187106, "beta_rec": 0.9595940571087139, "lr": 0.5250117781988595, "phi_s": 2.1716075189429693, "beta_enc": 0.303019634145923, "s_cf": 0.3125140405063355, "k_intra": 8.69078658224112, "phi_d": 0.9387564005945258, "gamma_fc": 0.19379239103013976}, "datetime": {"delta": 51.33768, "datetime": "2020-09-13 16:58:27", "elapsed": 13918.604216}}
{"target": -8692.670183358952, "params": {"epsilon_d": 4.254011204465868, "gamma_cf": 0.3264285990963963, "beta_rec": 0.928690456409125, "lr": 0.7587869243206975, "phi_s": 1.8877200285864948, "beta_enc": 0.8941880366523434, "s_cf": 0.8612167884186732, "k_intra": 3.436211669325899, "phi_d": 0.4098280628372431, "gamma_fc": 0.13530197097875024}, "datetime": {"delta": 50.890191, "datetime": "2020-09-13 16:59:18", "elapsed": 13969.494407}}
{"target": -8692.518656698538, "params": {"epsilon_d": 4.254107457627674, "gamma_cf": 0.3232064893682747, "beta_rec": 0.9285083237118184, "lr": 0.7580760838862993, "phi_s": 1.8889750672643728, "beta_enc": 0.8946880448611801, "s_cf": 0.8648910398981626, "k_intra": 3.4376819951580195, "phi_d": 0.40946640630748116, "gamma_fc": 0.1360347304370903}, "datetime": {"delta": 52.63779, "datetime": "2020-09-13 17:00:10", "elapsed": 14022.132197}}
{"target": -8691.861129277626, "params": {"epsilon_d": 4.253010876103468, "gamma_cf": 0.31930144528963555, "beta_rec": 0.9316368724623821, "lr": 0.7585194745248406, "phi_s": 1.8881169687482557, "beta_enc": 0.8990995190293817, "s_cf": 0.8667101058156986, "k_intra": 3.440486688417589, "phi_d": 0.4052963777426343, "gamma_fc": 0.14016860129783987}, "datetime": {"delta": 53.754707, "datetime": "2020-09-13 17:01:04", "elapsed": 14075.886904}}
{"target": -8691.373994431884, "params": {"epsilon_d": 4.240709604193055, "gamma_cf": 0.30919298639382803, "beta_rec": 0.9313274330529073, "lr": 0.7599444236270835, "phi_s": 1.8894266354187554, "beta_enc": 0.9054993018389678, "s_cf": 0.8665401925012598, "k_intra": 3.4492430606680546, "phi_d": 0.39640981554767285, "gamma_fc": 0.15483724169076732}, "datetime": {"delta": 52.149257, "datetime": "2020-09-13 17:01:56", "elapsed": 14128.036161}}
