{"target": 13.125, "params": {"beta_enc": 0.9149866405829206, "gamma_fc": 0.1436332729955393, "beta_rec": 0.9421745698432576, "cue_position": 0.0, "gamma_cf": 0.9644717435124162}, "datetime": {"elapsed": 1747.456838, "delta": 16.316605, "datetime": "2020-06-14 10:14:47"}}
{"target": 14.375, "params": {"beta_enc": 0.9172835397475089, "gamma_fc": 0.20354971455878967, "beta_rec": 0.9511114225718624, "cue_position": 0.0, "gamma_cf": 0.9228770094940325}, "datetime": {"elapsed": 1762.97339, "delta": 15.516552, "datetime": "2020-06-14 10:15:03"}}
{"target": 15.625, "params": {"beta_enc": 0.9308772836308984, "gamma_fc": 0.09420791188951239, "beta_rec": 0.9907186192905998, "cue_position": 0.0, "gamma_cf": 0.9646375398589015}, "datetime": {"elapsed": 1778.65074, "delta": 15.67735, "datetime": "2020-06-14 10:15:18"}}
{"target": 15.75, "params": {"beta_enc": 0.9358325537065231, "gamma_fc": 0.09811725257353343, "beta_rec": 0.9991704023257632, "cue_position": 0.0, "gamma_cf": 0.9301586681412619}, "datetime": {"elapsed": 1795.198106, "delta": 16.547366, "datetime": "2020-06-14 10:15:35"}}
{"target": 14.875, "params": {"beta_enc": 0.9739618229871976, "gamma_fc": 0.08857028023641689, "beta_rec": 0.9617194755690421, "cue_position": 0.0, "gamma_cf": 0.9481359210531378}, "datetime": {"elapsed": 1811.154308, "delta": 15.956202, "datetime": "2020-06-14 10:15:51"}}
{"target": 15.375, "params": {"beta_enc": 0.9150521003170228, "gamma_fc": 0.18199156844794928, "beta_rec": 0.9721456570330751, "cue_position": 0.0, "gamma_cf": 0.9269505498906749}, "datetime": {"elapsed": 1828.419561, "delta": 17.265253, "datetime": "2020-06-14 10:16:08"}}
{"target": 14.0, "params": {"beta_enc": 0.9421989319374738, "gamma_fc": 0.06239952691576511, "beta_rec": 0.9305769389968779, "cue_position": 0.0, "gamma_cf": 0.9842419801210585}, "datetime": {"elapsed": 1845.385524, "delta": 16.965963, "datetime": "2020-06-14 10:16:25"}}
{"target": 14.875, "params": {"beta_enc": 0.8985145642437187, "gamma_fc": 0.12729640796313024, "beta_rec": 0.9764880268176678, "cue_position": 0.0, "gamma_cf": 0.902147810883667}, "datetime": {"elapsed": 1863.215923, "delta": 17.830399, "datetime": "2020-06-14 10:16:43"}}
{"target": 12.5, "params": {"beta_enc": 0.8928327062485593, "gamma_fc": 0.20024023439234473, "beta_rec": 0.9832017579489151, "cue_position": 0.0, "gamma_cf": 0.9406911824737694}, "datetime": {"elapsed": 1881.00823, "delta": 17.792307, "datetime": "2020-06-14 10:17:01"}}
{"target": 14.875, "params": {"beta_enc": 0.8968893308075884, "gamma_fc": 0.10782200620585247, "beta_rec": 0.9827242338520032, "cue_position": 0.0, "gamma_cf": 0.9878721017640028}, "datetime": {"elapsed": 1900.182206, "delta": 19.173976, "datetime": "2020-06-14 10:17:20"}}
{"target": 15.375, "params": {"beta_enc": 0.9006895582374963, "gamma_fc": 0.09891591484607343, "beta_rec": 0.9720844770838649, "cue_position": 0.0, "gamma_cf": 0.9355384032039005}, "datetime": {"elapsed": 1920.620506, "delta": 20.4383, "datetime": "2020-06-14 10:17:40"}}
{"target": 13.75, "params": {"beta_enc": 0.8945058011072671, "gamma_fc": 0.21114512140070862, "beta_rec": 0.9609535654666803, "cue_position": 0.0, "gamma_cf": 0.9143747940246354}, "datetime": {"elapsed": 1942.800247, "delta": 22.179741, "datetime": "2020-06-14 10:18:03"}}
{"target": 15.0, "params": {"beta_enc": 0.9309501433301225, "gamma_fc": 0.1082129436986321, "beta_rec": 0.981539609270611, "cue_position": 0.0, "gamma_cf": 0.9208033892452552}, "datetime": {"elapsed": 1963.666933, "delta": 20.866686, "datetime": "2020-06-14 10:18:23"}}
{"target": 14.5, "params": {"beta_enc": 0.9043003127603152, "gamma_fc": 0.11648696070582198, "beta_rec": 0.9602621759172881, "cue_position": 0.0, "gamma_cf": 0.9005073198211603}, "datetime": {"elapsed": 1985.32213, "delta": 21.655197, "datetime": "2020-06-14 10:18:45"}}
{"target": 15.25, "params": {"beta_enc": 0.8812771965341014, "gamma_fc": 0.11371805319954531, "beta_rec": 0.9802523690457853, "cue_position": 0.0, "gamma_cf": 0.9707683221411515}, "datetime": {"elapsed": 2006.444041, "delta": 21.121911, "datetime": "2020-06-14 10:19:06"}}
{"target": 13.25, "params": {"beta_enc": 0.9313169086243858, "gamma_fc": 0.17698000365564182, "beta_rec": 0.9685386252487854, "cue_position": 0.0, "gamma_cf": 0.9307970818413682}, "datetime": {"elapsed": 2028.48424, "delta": 22.040199, "datetime": "2020-06-14 10:19:28"}}
{"target": 15.75, "params": {"beta_enc": 0.9155635194001032, "gamma_fc": 0.124971085475447, "beta_rec": 0.9993097337548118, "cue_position": 0.0, "gamma_cf": 0.9775450570719311}, "datetime": {"elapsed": 2046.586397, "delta": 18.102157, "datetime": "2020-06-14 10:19:46"}}
{"target": 14.625, "params": {"beta_enc": 0.8879920403357063, "gamma_fc": 0.11695781117216031, "beta_rec": 0.9604623159562901, "cue_position": 0.0, "gamma_cf": 0.9427621426796283}, "datetime": {"elapsed": 2062.731844, "delta": 16.145447, "datetime": "2020-06-14 10:20:03"}}
{"target": 15.0, "params": {"beta_enc": 0.976111925341444, "gamma_fc": 0.07712805035921633, "beta_rec": 0.9574266703218888, "cue_position": 0.0, "gamma_cf": 0.9300151981790757}, "datetime": {"elapsed": 2080.151759, "delta": 17.419915, "datetime": "2020-06-14 10:20:20"}}
{"target": 14.875, "params": {"beta_enc": 0.9471738592627225, "gamma_fc": 0.10230870612572573, "beta_rec": 0.9750324397429948, "cue_position": 0.0, "gamma_cf": 0.9057553809542473}, "datetime": {"elapsed": 2097.84754, "delta": 17.695781, "datetime": "2020-06-14 10:20:38"}}
{"target": 15.375, "params": {"beta_enc": 0.9099115871459874, "gamma_fc": 0.15778595299769338, "beta_rec": 0.9433384475649078, "cue_position": 0.0, "gamma_cf": 0.9191310572023084}, "datetime": {"elapsed": 2112.961338, "delta": 15.113798, "datetime": "2020-06-14 10:20:53"}}
{"target": 12.0, "params": {"beta_enc": 0.9022592900529065, "gamma_fc": 0.19844501947945137, "beta_rec": 0.9609017837784922, "cue_position": 0.0, "gamma_cf": 0.9229044115979861}, "datetime": {"elapsed": 2127.987088, "delta": 15.02575, "datetime": "2020-06-14 10:21:08"}}
{"target": 15.0, "params": {"beta_enc": 0.9355303200702145, "gamma_fc": 0.10352116764045083, "beta_rec": 0.945521027338149, "cue_position": 0.0, "gamma_cf": 0.9306694019336689}, "datetime": {"elapsed": 2142.981469, "delta": 14.994381, "datetime": "2020-06-14 10:21:23"}}
{"target": 15.375, "params": {"beta_enc": 0.882426904479101, "gamma_fc": 0.08830012111032459, "beta_rec": 0.9826344771517157, "cue_position": 0.0, "gamma_cf": 0.98754344735684}, "datetime": {"elapsed": 2158.071793, "delta": 15.090324, "datetime": "2020-06-14 10:21:38"}}
{"target": 15.625, "params": {"beta_enc": 0.9525027205196729, "gamma_fc": 0.08306366005743071, "beta_rec": 0.9521291831964542, "cue_position": 0.0, "gamma_cf": 0.9553239385165064}, "datetime": {"elapsed": 2173.171816, "delta": 15.100023, "datetime": "2020-06-14 10:21:53"}}
{"target": 15.625, "params": {"beta_enc": 0.927312126397945, "gamma_fc": 0.10948056228358394, "beta_rec": 0.9898130477288507, "cue_position": 0.0, "gamma_cf": 0.9027658361204145}, "datetime": {"elapsed": 2188.278009, "delta": 15.106193, "datetime": "2020-06-14 10:22:08"}}
{"target": 15.875, "params": {"beta_enc": 0.9114122267183461, "gamma_fc": 0.09347837253311453, "beta_rec": 0.9652750456662759, "cue_position": 0.0, "gamma_cf": 0.9305233940596657}, "datetime": {"elapsed": 2203.198159, "delta": 14.92015, "datetime": "2020-06-14 10:22:23"}}
{"target": 15.5, "params": {"beta_enc": 0.9582069116308065, "gamma_fc": 0.07467616948564582, "beta_rec": 0.9570515853573206, "cue_position": 0.0, "gamma_cf": 0.9570511407384806}, "datetime": {"elapsed": 2218.392951, "delta": 15.194792, "datetime": "2020-06-14 10:22:38"}}
{"target": 14.375, "params": {"beta_enc": 0.900970430420035, "gamma_fc": 0.10892641285716986, "beta_rec": 0.9597676489670498, "cue_position": 0.0, "gamma_cf": 0.9066469136823345}, "datetime": {"elapsed": 2233.973901, "delta": 15.58095, "datetime": "2020-06-14 10:22:54"}}
{"target": 14.25, "params": {"beta_enc": 0.9221738302885066, "gamma_fc": 0.15272240345516788, "beta_rec": 0.9716185802530759, "cue_position": 0.0, "gamma_cf": 0.9106072994667305}, "datetime": {"elapsed": 2249.580031, "delta": 15.60613, "datetime": "2020-06-14 10:23:09"}}
{"target": 14.0, "params": {"beta_enc": 0.8935268140634798, "gamma_fc": 0.14270834750399897, "beta_rec": 0.9475419459456114, "cue_position": 0.0, "gamma_cf": 0.9250820628993527}, "datetime": {"elapsed": 2265.328473, "delta": 15.748442, "datetime": "2020-06-14 10:23:25"}}
{"target": 13.375, "params": {"beta_enc": 0.9158411730363394, "gamma_fc": 0.10850054535160636, "beta_rec": 0.9490617848757115, "cue_position": 0.0, "gamma_cf": 0.9139814824055225}, "datetime": {"elapsed": 2280.979877, "delta": 15.651404, "datetime": "2020-06-14 10:23:41"}}
{"target": 15.5, "params": {"beta_enc": 0.9126335535331094, "gamma_fc": 0.07772600135683694, "beta_rec": 0.9872502909939892, "cue_position": 0.0, "gamma_cf": 0.9340112395219946}, "datetime": {"elapsed": 2296.621255, "delta": 15.641378, "datetime": "2020-06-14 10:23:56"}}
{"target": 15.75, "params": {"beta_enc": 0.9013114049785673, "gamma_fc": 0.10775248466316423, "beta_rec": 0.9850933595963949, "cue_position": 0.0, "gamma_cf": 0.9300567792070557}, "datetime": {"elapsed": 2311.58777, "delta": 14.966515, "datetime": "2020-06-14 10:24:11"}}
{"target": 15.625, "params": {"beta_enc": 0.9056555987811871, "gamma_fc": 0.10862558389946586, "beta_rec": 0.9612225650231554, "cue_position": 0.0, "gamma_cf": 0.944119522651079}, "datetime": {"elapsed": 2327.45525, "delta": 15.86748, "datetime": "2020-06-14 10:24:27"}}
{"target": 14.125, "params": {"beta_enc": 0.907198108708445, "gamma_fc": 0.1255391145292405, "beta_rec": 0.9705124119938499, "cue_position": 0.0, "gamma_cf": 0.8976983766445575}, "datetime": {"elapsed": 2343.419345, "delta": 15.964095, "datetime": "2020-06-14 10:24:43"}}
{"target": 16.0, "params": {"beta_enc": 0.9658780374257129, "gamma_fc": 0.09544254205930525, "beta_rec": 0.9508608640891143, "cue_position": 0.0, "gamma_cf": 0.933458276018803}, "datetime": {"elapsed": 2359.573377, "delta": 16.154032, "datetime": "2020-06-14 10:24:59"}}
{"target": 15.75, "params": {"beta_enc": 0.9076174033521185, "gamma_fc": 0.10567556108593767, "beta_rec": 0.9789079870579025, "cue_position": 0.0, "gamma_cf": 0.9236234675611884}, "datetime": {"elapsed": 2375.342133, "delta": 15.768756, "datetime": "2020-06-14 10:25:15"}}
{"target": 14.0, "params": {"beta_enc": 0.9161960918279904, "gamma_fc": 0.08645534722717108, "beta_rec": 0.9495824622456929, "cue_position": 0.0, "gamma_cf": 0.9355992557240691}, "datetime": {"elapsed": 2391.098489, "delta": 15.756356, "datetime": "2020-06-14 10:25:31"}}
{"target": 15.5, "params": {"beta_enc": 0.9262904173810447, "gamma_fc": 0.09550284058368075, "beta_rec": 0.9781261312552737, "cue_position": 0.0, "gamma_cf": 0.8960985321947481}, "datetime": {"elapsed": 2406.843988, "delta": 15.745499, "datetime": "2020-06-14 10:25:47"}}
{"target": 15.375, "params": {"beta_enc": 0.8870775785866292, "gamma_fc": 0.10514381057745004, "beta_rec": 0.9811776578729688, "cue_position": 0.0, "gamma_cf": 0.9411292389186469}, "datetime": {"elapsed": 2422.956398, "delta": 16.11241, "datetime": "2020-06-14 10:26:03"}}
{"target": 15.25, "params": {"beta_enc": 0.9286975897659994, "gamma_fc": 0.1258730005520673, "beta_rec": 0.9847626500709896, "cue_position": 0.0, "gamma_cf": 0.9200242102949865}, "datetime": {"elapsed": 2438.726031, "delta": 15.769633, "datetime": "2020-06-14 10:26:19"}}
{"target": 13.125, "params": {"beta_enc": 0.9148475169030446, "gamma_fc": 0.1852648571728781, "beta_rec": 0.9901452940964008, "cue_position": 0.0, "gamma_cf": 0.9160616820052878}, "datetime": {"elapsed": 2455.297905, "delta": 16.571874, "datetime": "2020-06-14 10:26:35"}}
{"target": 16.0, "params": {"beta_enc": 0.9480653835792952, "gamma_fc": 0.09978857239597594, "beta_rec": 0.9651197418938965, "cue_position": 0.0, "gamma_cf": 0.9382844746819504}, "datetime": {"elapsed": 2472.115077, "delta": 16.817172, "datetime": "2020-06-14 10:26:52"}}
{"target": 15.75, "params": {"beta_enc": 0.9119713693711037, "gamma_fc": 0.08910256584239673, "beta_rec": 0.9765841821330074, "cue_position": 0.0, "gamma_cf": 0.9335796986616336}, "datetime": {"elapsed": 2488.464901, "delta": 16.349824, "datetime": "2020-06-14 10:27:08"}}
{"target": 14.75, "params": {"beta_enc": 0.9335767732700816, "gamma_fc": 0.13763983098611932, "beta_rec": 0.9805207086159976, "cue_position": 0.0, "gamma_cf": 0.9163745278008014}, "datetime": {"elapsed": 2504.0374, "delta": 15.572499, "datetime": "2020-06-14 10:27:24"}}
{"target": 15.0, "params": {"beta_enc": 0.9059752851106306, "gamma_fc": 0.08399505968348941, "beta_rec": 0.9744576735701228, "cue_position": 0.0, "gamma_cf": 0.9375781864892914}, "datetime": {"elapsed": 2520.737308, "delta": 16.699908, "datetime": "2020-06-14 10:27:41"}}
{"target": 13.25, "params": {"beta_enc": 0.9234894656726073, "gamma_fc": 0.0721304379481722, "beta_rec": 0.9189389896305616, "cue_position": 0.0, "gamma_cf": 0.9803843389474101}, "datetime": {"elapsed": 2537.324767, "delta": 16.587459, "datetime": "2020-06-14 10:27:57"}}
{"target": 14.875, "params": {"beta_enc": 0.9762086934074901, "gamma_fc": 0.08081834467324123, "beta_rec": 0.9606028240831972, "cue_position": 0.0, "gamma_cf": 0.933717527329182}, "datetime": {"elapsed": 2553.759332, "delta": 16.434565, "datetime": "2020-06-14 10:28:14"}}
{"target": 15.5, "params": {"beta_enc": 0.8852789362105313, "gamma_fc": 0.09254980108224975, "beta_rec": 0.9899660640024711, "cue_position": 0.0, "gamma_cf": 0.93255474230237}, "datetime": {"elapsed": 2569.316897, "delta": 15.557565, "datetime": "2020-06-14 10:28:29"}}
{"target": 15.125, "params": {"beta_enc": 0.8878461631907997, "gamma_fc": 0.07553901205639979, "beta_rec": 0.9943905696285193, "cue_position": 0.0, "gamma_cf": 0.9775043857693979}, "datetime": {"elapsed": 2586.091882, "delta": 16.774985, "datetime": "2020-06-14 10:28:46"}}
{"target": 14.0, "params": {"beta_enc": 0.9153765498524948, "gamma_fc": 0.10384602964676137, "beta_rec": 0.9913959984403106, "cue_position": 0.0, "gamma_cf": 0.9693326916039406}, "datetime": {"elapsed": 2602.589249, "delta": 16.497367, "datetime": "2020-06-14 10:29:02"}}
{"target": 14.875, "params": {"beta_enc": 0.8900417699299763, "gamma_fc": 0.06075725036492341, "beta_rec": 0.995104945268392, "cue_position": 0.0, "gamma_cf": 0.9542800057224124}, "datetime": {"elapsed": 2618.983013, "delta": 16.393764, "datetime": "2020-06-14 10:29:19"}}
{"target": 16.0, "params": {"beta_enc": 0.9434585635180439, "gamma_fc": 0.09462099052763251, "beta_rec": 0.9791431405053445, "cue_position": 0.0, "gamma_cf": 0.972011722732407}, "datetime": {"elapsed": 2635.308357, "delta": 16.325344, "datetime": "2020-06-14 10:29:35"}}
{"target": 15.375, "params": {"beta_enc": 0.9125361344254465, "gamma_fc": 0.08610002715899634, "beta_rec": 0.9760324146821668, "cue_position": 0.0, "gamma_cf": 0.9185540786690533}, "datetime": {"elapsed": 2651.813691, "delta": 16.505334, "datetime": "2020-06-14 10:29:52"}}
{"target": 15.25, "params": {"beta_enc": 0.9023212394961331, "gamma_fc": 0.12344767125588785, "beta_rec": 0.9821585466445418, "cue_position": 0.0, "gamma_cf": 0.94666350426935}, "datetime": {"elapsed": 2669.18553, "delta": 17.371839, "datetime": "2020-06-14 10:30:09"}}
{"target": 15.5, "params": {"beta_enc": 0.9264748180112338, "gamma_fc": 0.0786815578702269, "beta_rec": 0.9940341759787568, "cue_position": 0.0, "gamma_cf": 0.9300473397339677}, "datetime": {"elapsed": 2685.651478, "delta": 16.465948, "datetime": "2020-06-14 10:30:25"}}
{"target": 15.125, "params": {"beta_enc": 0.920420530745913, "gamma_fc": 0.1287630871820219, "beta_rec": 0.990296282573221, "cue_position": 0.0, "gamma_cf": 0.9248485950917612}, "datetime": {"elapsed": 2702.49979, "delta": 16.848312, "datetime": "2020-06-14 10:30:42"}}
{"target": 15.375, "params": {"beta_enc": 0.9041904272349266, "gamma_fc": 0.14109485800068955, "beta_rec": 0.9909873090120221, "cue_position": 0.0, "gamma_cf": 0.9427756008695846}, "datetime": {"elapsed": 2719.697031, "delta": 17.197241, "datetime": "2020-06-14 10:30:59"}}
{"target": 13.5, "params": {"beta_enc": 0.9081794846545566, "gamma_fc": 0.11285735761328397, "beta_rec": 0.9435631830736215, "cue_position": 0.0, "gamma_cf": 0.9297350989863038}, "datetime": {"elapsed": 2737.040876, "delta": 17.343845, "datetime": "2020-06-14 10:31:17"}}
{"target": 14.875, "params": {"beta_enc": 0.9152952308241259, "gamma_fc": 0.13609749315849412, "beta_rec": 0.9876954753159473, "cue_position": 0.0, "gamma_cf": 0.9072676802445184}, "datetime": {"elapsed": 2754.818001, "delta": 17.777125, "datetime": "2020-06-14 10:31:35"}}
{"target": 14.625, "params": {"beta_enc": 0.9277565915295624, "gamma_fc": 0.18739489764724293, "beta_rec": 0.9867360285493156, "cue_position": 0.0, "gamma_cf": 0.9256066156047572}, "datetime": {"elapsed": 2771.810441, "delta": 16.99244, "datetime": "2020-06-14 10:31:52"}}
{"target": 14.125, "params": {"beta_enc": 0.901381874658385, "gamma_fc": 0.06974264470660041, "beta_rec": 0.9842050198800512, "cue_position": 0.0, "gamma_cf": 0.958975944344653}, "datetime": {"elapsed": 2788.847706, "delta": 17.037265, "datetime": "2020-06-14 10:32:09"}}
{"target": 15.25, "params": {"beta_enc": 0.8896983484220571, "gamma_fc": 0.13402147875254078, "beta_rec": 0.9663447178506538, "cue_position": 0.0, "gamma_cf": 0.952034880023176}, "datetime": {"elapsed": 2804.693096, "delta": 15.84539, "datetime": "2020-06-14 10:32:24"}}
{"target": 15.625, "params": {"beta_enc": 0.9375711864631897, "gamma_fc": 0.10232255992326156, "beta_rec": 0.9672806878925109, "cue_position": 0.0, "gamma_cf": 0.9129794020292189}, "datetime": {"elapsed": 2822.406157, "delta": 17.713061, "datetime": "2020-06-14 10:32:42"}}
{"target": 14.75, "params": {"beta_enc": 0.8950936884457259, "gamma_fc": 0.1110128665615453, "beta_rec": 0.9699424274029481, "cue_position": 0.0, "gamma_cf": 0.9266306841543792}, "datetime": {"elapsed": 2838.985539, "delta": 16.579382, "datetime": "2020-06-14 10:32:59"}}
{"target": 15.5, "params": {"beta_enc": 0.9408847868451, "gamma_fc": 0.09674817147216885, "beta_rec": 0.973298336663518, "cue_position": 0.0, "gamma_cf": 0.9148874196561603}, "datetime": {"elapsed": 2855.914072, "delta": 16.928533, "datetime": "2020-06-14 10:33:16"}}
{"target": 14.5, "params": {"beta_enc": 0.9364979780334426, "gamma_fc": 0.15436759810267764, "beta_rec": 0.9561190601700638, "cue_position": 0.0, "gamma_cf": 0.9155626332868373}, "datetime": {"elapsed": 2872.008377, "delta": 16.094305, "datetime": "2020-06-14 10:33:32"}}
{"target": 15.5, "params": {"beta_enc": 0.8817553429342988, "gamma_fc": 0.11961530824990019, "beta_rec": 0.9938166499917366, "cue_position": 0.0, "gamma_cf": 0.9895569093310636}, "datetime": {"elapsed": 2888.684671, "delta": 16.676294, "datetime": "2020-06-14 10:33:48"}}
{"target": 15.625, "params": {"beta_enc": 0.921698894627257, "gamma_fc": 0.12922179771304454, "beta_rec": 0.9608995802977356, "cue_position": 0.0, "gamma_cf": 0.9732765776483723}, "datetime": {"elapsed": 2905.063713, "delta": 16.379042, "datetime": "2020-06-14 10:34:05"}}
{"target": 15.0, "params": {"beta_enc": 0.9146632780118565, "gamma_fc": 0.10656757139346629, "beta_rec": 0.9964451684168092, "cue_position": 0.0, "gamma_cf": 0.9308401063922666}, "datetime": {"elapsed": 2922.123084, "delta": 17.059371, "datetime": "2020-06-14 10:34:22"}}
{"target": 14.625, "params": {"beta_enc": 0.8978390697196686, "gamma_fc": 0.1510072605005912, "beta_rec": 0.973018854916454, "cue_position": 0.0, "gamma_cf": 0.9339910348786629}, "datetime": {"elapsed": 2938.965337, "delta": 16.842253, "datetime": "2020-06-14 10:34:39"}}
{"target": 14.375, "params": {"beta_enc": 0.9451322179552852, "gamma_fc": 0.09429968344201811, "beta_rec": 0.9463226836250247, "cue_position": 0.0, "gamma_cf": 0.9347861065973733}, "datetime": {"elapsed": 2956.173865, "delta": 17.208528, "datetime": "2020-06-14 10:34:56"}}
{"target": 15.375, "params": {"beta_enc": 0.9244205067504483, "gamma_fc": 0.09664242746691898, "beta_rec": 0.977763173642609, "cue_position": 0.0, "gamma_cf": 0.9012929233316167}, "datetime": {"elapsed": 2972.325858, "delta": 16.151993, "datetime": "2020-06-14 10:35:12"}}
{"target": 15.625, "params": {"beta_enc": 0.927447062277391, "gamma_fc": 0.11395317930807614, "beta_rec": 0.9596163728673471, "cue_position": 0.0, "gamma_cf": 0.9632620672623453}, "datetime": {"elapsed": 2991.023301, "delta": 18.697443, "datetime": "2020-06-14 10:35:31"}}
{"target": 14.375, "params": {"beta_enc": 0.9071045836289204, "gamma_fc": 0.13851100253634685, "beta_rec": 0.9582597315108525, "cue_position": 0.0, "gamma_cf": 0.9487954611779649}, "datetime": {"elapsed": 3009.249652, "delta": 18.226351, "datetime": "2020-06-14 10:35:49"}}
{"target": 15.625, "params": {"beta_enc": 0.8895492752471678, "gamma_fc": 0.09245560288118904, "beta_rec": 0.9611799715639213, "cue_position": 0.0, "gamma_cf": 0.9501775615186773}, "datetime": {"elapsed": 3028.047133, "delta": 18.797481, "datetime": "2020-06-14 10:36:08"}}
{"target": 14.875, "params": {"beta_enc": 0.919252765929695, "gamma_fc": 0.12596574375868486, "beta_rec": 0.9724584390830703, "cue_position": 0.0, "gamma_cf": 0.9567670731472051}, "datetime": {"elapsed": 3046.0922, "delta": 18.045067, "datetime": "2020-06-14 10:36:26"}}
{"target": 15.375, "params": {"beta_enc": 0.906506694313866, "gamma_fc": 0.17175010813557828, "beta_rec": 0.9511810738987907, "cue_position": 0.0, "gamma_cf": 0.9220415320834295}, "datetime": {"elapsed": 3065.402641, "delta": 19.310441, "datetime": "2020-06-14 10:36:45"}}
{"target": 15.5, "params": {"beta_enc": 0.8737217948870134, "gamma_fc": 0.07817184780482489, "beta_rec": 0.9900109475260979, "cue_position": 0.0, "gamma_cf": 0.9704577739393268}, "datetime": {"elapsed": 3084.684692, "delta": 19.282051, "datetime": "2020-06-14 10:37:04"}}
