{"target": 9.65, "params": {"beta_enc": 0.2806658868688542, "cue_position": 0.0, "gamma_fc": 0.5104197400805656, "gamma_cf": 0.9167456560848194, "beta_rec": 0.8756677383639199}, "datetime": {"elapsed": 12598.003974, "datetime": "2020-07-13 13:49:42", "delta": 54.249491}}
{"target": 9.725, "params": {"beta_enc": 0.3081381669653009, "cue_position": 0.0, "gamma_fc": 0.5159604853933017, "gamma_cf": 0.9111928437003908, "beta_rec": 0.8731631958008681}, "datetime": {"elapsed": 12652.959615, "datetime": "2020-07-13 13:50:37", "delta": 54.955641}}
{"target": 9.795833333333333, "params": {"beta_enc": 0.2859277951070406, "cue_position": 0.0, "gamma_fc": 0.5303900045747333, "gamma_cf": 0.9248883452689728, "beta_rec": 0.8811175124130525}, "datetime": {"elapsed": 12707.975477, "datetime": "2020-07-13 13:51:32", "delta": 55.015862}}
{"target": 9.804166666666667, "params": {"beta_enc": 0.21856185305808284, "cue_position": 0.0, "gamma_fc": 0.5635606376227688, "gamma_cf": 0.9575907164880648, "beta_rec": 0.907432086362206}, "datetime": {"elapsed": 12762.811488, "datetime": "2020-07-13 13:52:27", "delta": 54.836011}}
{"target": 9.6625, "params": {"beta_enc": 0.2287786484144515, "cue_position": 0.0, "gamma_fc": 0.5587311345289444, "gamma_cf": 0.9644256452861579, "beta_rec": 0.888282274017037}, "datetime": {"elapsed": 12817.397235, "datetime": "2020-07-13 13:53:21", "delta": 54.585747}}
{"target": 9.504166666666666, "params": {"beta_enc": 0.3115579961273318, "cue_position": 0.0, "gamma_fc": 0.512689105978979, "gamma_cf": 0.8807408499078168, "beta_rec": 0.8835484445397229}, "datetime": {"elapsed": 12871.004523, "datetime": "2020-07-13 13:54:15", "delta": 53.607288}}
{"target": 9.075, "params": {"beta_enc": 0.4105801104180996, "cue_position": 0.0, "gamma_fc": 0.03897671955431514, "gamma_cf": 0.877836902620338, "beta_rec": 0.6632596714313451}, "datetime": {"elapsed": 12924.111641, "datetime": "2020-07-13 13:55:08", "delta": 53.107118}}
{"target": 9.945833333333333, "params": {"beta_enc": 0.21454942231538465, "cue_position": 0.0, "gamma_fc": 0.5651329804525876, "gamma_cf": 0.9659249771980888, "beta_rec": 0.9000213482481197}, "datetime": {"elapsed": 12979.194445, "datetime": "2020-07-13 13:56:03", "delta": 55.082804}}
{"target": 9.904166666666667, "params": {"beta_enc": 0.2859289458888382, "cue_position": 0.0, "gamma_fc": 0.4869339582017542, "gamma_cf": 0.9517179588739116, "beta_rec": 0.884154002544629}, "datetime": {"elapsed": 13033.479315, "datetime": "2020-07-13 13:56:57", "delta": 54.28487}}
{"target": 10.045833333333333, "params": {"beta_enc": 0.28415980193132984, "cue_position": 0.0, "gamma_fc": 0.5154467826532337, "gamma_cf": 0.9494193275049094, "beta_rec": 0.8776484361063925}, "datetime": {"elapsed": 13088.335762, "datetime": "2020-07-13 13:57:52", "delta": 54.856447}}
{"target": 9.7625, "params": {"beta_enc": 0.28675644775571363, "cue_position": 0.0, "gamma_fc": 0.5041040244018178, "gamma_cf": 0.9622223895183724, "beta_rec": 0.9159741322530974}, "datetime": {"elapsed": 13142.177924, "datetime": "2020-07-13 13:58:46", "delta": 53.842162}}
{"target": 9.929166666666667, "params": {"beta_enc": 0.2570699043040974, "cue_position": 0.0, "gamma_fc": 0.5245961476910791, "gamma_cf": 0.9300386492780846, "beta_rec": 0.8920123662579765}, "datetime": {"elapsed": 13196.145949, "datetime": "2020-07-13 13:59:40", "delta": 53.968025}}
{"target": 9.795833333333333, "params": {"beta_enc": 0.30747286673609164, "cue_position": 0.0, "gamma_fc": 0.5210193926199609, "gamma_cf": 0.911212649500416, "beta_rec": 0.8913595335413586}, "datetime": {"elapsed": 13249.979571, "datetime": "2020-07-13 14:00:34", "delta": 53.833622}}
{"target": 9.591666666666667, "params": {"beta_enc": 0.22111353997295835, "cue_position": 0.0, "gamma_fc": 0.5745563742813729, "gamma_cf": 0.9508476220857488, "beta_rec": 0.9169619907383237}, "datetime": {"elapsed": 13303.766358, "datetime": "2020-07-13 14:01:28", "delta": 53.786787}}
{"target": 9.920833333333333, "params": {"beta_enc": 0.28669347584899696, "cue_position": 0.0, "gamma_fc": 0.5091049857659048, "gamma_cf": 0.9357995713395647, "beta_rec": 0.9037264074169324}, "datetime": {"elapsed": 13357.435603, "datetime": "2020-07-13 14:02:21", "delta": 53.669245}}
{"target": 9.65, "params": {"beta_enc": 0.2794251954613646, "cue_position": 0.0, "gamma_fc": 0.5077064128854443, "gamma_cf": 0.9132815867508741, "beta_rec": 0.8811137777896754}, "datetime": {"elapsed": 13410.690786, "datetime": "2020-07-13 14:03:15", "delta": 53.255183}}
{"target": 9.758333333333333, "params": {"beta_enc": 0.2520065384207136, "cue_position": 0.0, "gamma_fc": 0.5400194686011022, "gamma_cf": 0.9595815557726164, "beta_rec": 0.9116152149074883}, "datetime": {"elapsed": 13464.702399, "datetime": "2020-07-13 14:04:09", "delta": 54.011613}}
{"target": 9.729166666666666, "params": {"beta_enc": 0.21776915298883903, "cue_position": 0.0, "gamma_fc": 0.5592419714634553, "gamma_cf": 0.9666858547958558, "beta_rec": 0.894777270789356}, "datetime": {"elapsed": 13518.850149, "datetime": "2020-07-13 14:05:03", "delta": 54.14775}}
{"target": 9.845833333333333, "params": {"beta_enc": 0.2911715179555847, "cue_position": 0.0, "gamma_fc": 0.506392055361489, "gamma_cf": 0.9060456057696433, "beta_rec": 0.8963029841017378}, "datetime": {"elapsed": 13572.733003, "datetime": "2020-07-13 14:05:57", "delta": 53.882854}}
{"target": 9.845833333333333, "params": {"beta_enc": 0.2745187411296277, "cue_position": 0.0, "gamma_fc": 0.5120930972757305, "gamma_cf": 0.9474905693989619, "beta_rec": 0.8945778655475958}, "datetime": {"elapsed": 13626.830413, "datetime": "2020-07-13 14:06:51", "delta": 54.09741}}
{"target": 9.575, "params": {"beta_enc": 0.3075429849551392, "cue_position": 0.0, "gamma_fc": 0.5307103551019947, "gamma_cf": 0.9296258424627857, "beta_rec": 0.8669295450248373}, "datetime": {"elapsed": 13680.846732, "datetime": "2020-07-13 14:07:45", "delta": 54.016319}}
{"target": 9.095833333333333, "params": {"beta_enc": 0.41468013628286726, "cue_position": 0.0, "gamma_fc": 0.015814511553110977, "gamma_cf": 0.872556386719768, "beta_rec": 0.6914806401291191}, "datetime": {"elapsed": 13733.227374, "datetime": "2020-07-13 14:08:37", "delta": 52.380642}}
{"target": 9.804166666666667, "params": {"beta_enc": 0.2765099114376035, "cue_position": 0.0, "gamma_fc": 0.48960394747857516, "gamma_cf": 0.916890971016674, "beta_rec": 0.892093766564893}, "datetime": {"elapsed": 13787.753851, "datetime": "2020-07-13 14:09:32", "delta": 54.526477}}
{"target": 9.7, "params": {"beta_enc": 0.2893629620405802, "cue_position": 0.0, "gamma_fc": 0.520807063406387, "gamma_cf": 0.9510740162306371, "beta_rec": 0.8905591939772575}, "datetime": {"elapsed": 13841.632462, "datetime": "2020-07-13 14:10:26", "delta": 53.878611}}
{"target": 9.595833333333333, "params": {"beta_enc": 0.21810860514298458, "cue_position": 0.0, "gamma_fc": 0.5585251109499632, "gamma_cf": 0.9733097195530611, "beta_rec": 0.896102569770647}, "datetime": {"elapsed": 13894.857337, "datetime": "2020-07-13 14:11:19", "delta": 53.224875}}
{"target": 9.3875, "params": {"beta_enc": 0.3136506710744933, "cue_position": 0.0, "gamma_fc": 0.5167995006664905, "gamma_cf": 0.913094536552135, "beta_rec": 0.8866548856783398}, "datetime": {"elapsed": 13948.48981, "datetime": "2020-07-13 14:12:12", "delta": 53.632473}}
{"target": 9.716666666666667, "params": {"beta_enc": 0.30549593069239944, "cue_position": 0.0, "gamma_fc": 0.4691851296997567, "gamma_cf": 0.9593999240654333, "beta_rec": 0.8362050549402659}, "datetime": {"elapsed": 14002.882133, "datetime": "2020-07-13 14:13:07", "delta": 54.392323}}
{"target": 10.070833333333333, "params": {"beta_enc": 0.2395789131598629, "cue_position": 0.0, "gamma_fc": 0.5482617105859025, "gamma_cf": 0.9481745694057063, "beta_rec": 0.9074364998049674}, "datetime": {"elapsed": 14061.671589, "datetime": "2020-07-13 14:14:06", "delta": 58.789456}}
{"target": 9.645833333333334, "params": {"beta_enc": 0.6208709652453694, "cue_position": 0.0, "gamma_fc": 0.939278170473939, "gamma_cf": 0.008450792050491998, "beta_rec": 0.01138872295594355}, "datetime": {"elapsed": 14120.292766, "datetime": "2020-07-13 14:15:04", "delta": 58.621177}}
{"target": 9.504166666666666, "params": {"beta_enc": 0.6224526817259584, "cue_position": 0.0, "gamma_fc": 0.934200034100614, "gamma_cf": 0.008060771010004969, "beta_rec": 0.010000980342032364}, "datetime": {"elapsed": 14178.973582, "datetime": "2020-07-13 14:16:03", "delta": 58.680816}}
{"target": 9.495833333333334, "params": {"beta_enc": 0.3382565293102923, "cue_position": 0.0, "gamma_fc": 0.6261590902140798, "gamma_cf": 0.8268053198133591, "beta_rec": 0.8486831373652484}, "datetime": {"elapsed": 14237.790922, "datetime": "2020-07-13 14:17:02", "delta": 58.81734}}
{"target": 9.058333333333334, "params": {"beta_enc": 0.43935256538631884, "cue_position": 0.0, "gamma_fc": 0.014684747538879273, "gamma_cf": 0.8766246730134434, "beta_rec": 0.6929453135795456}, "datetime": {"elapsed": 14295.526589, "datetime": "2020-07-13 14:17:59", "delta": 57.735667}}
{"target": 9.575, "params": {"beta_enc": 0.3180382326014809, "cue_position": 0.0, "gamma_fc": 0.49572194400889436, "gamma_cf": 0.9054031678105585, "beta_rec": 0.8844219988050313}, "datetime": {"elapsed": 14354.28368, "datetime": "2020-07-13 14:18:58", "delta": 58.757091}}
{"target": 9.908333333333333, "params": {"beta_enc": 0.2894361568208489, "cue_position": 0.0, "gamma_fc": 0.5022878278899994, "gamma_cf": 0.9733055081170442, "beta_rec": 0.9061481817578574}, "datetime": {"elapsed": 14413.591804, "datetime": "2020-07-13 14:19:58", "delta": 59.308124}}
{"target": 9.733333333333333, "params": {"beta_enc": 0.3080923289050529, "cue_position": 0.0, "gamma_fc": 0.5019024658348005, "gamma_cf": 0.9008853310648438, "beta_rec": 0.8726034101168342}, "datetime": {"elapsed": 14472.582589, "datetime": "2020-07-13 14:20:57", "delta": 58.990785}}
{"target": 9.704166666666667, "params": {"beta_enc": 0.25373266876195666, "cue_position": 0.0, "gamma_fc": 0.5650467712627405, "gamma_cf": 0.9469521325915343, "beta_rec": 0.9035705403367863}, "datetime": {"elapsed": 14531.264449, "datetime": "2020-07-13 14:21:55", "delta": 58.68186}}
{"target": 9.566666666666666, "params": {"beta_enc": 0.24329078407036198, "cue_position": 0.0, "gamma_fc": 0.5262707861335321, "gamma_cf": 0.9304066938648302, "beta_rec": 0.8984791235959182}, "datetime": {"elapsed": 14590.263288, "datetime": "2020-07-13 14:22:54", "delta": 58.998839}}
{"target": 9.795833333333333, "params": {"beta_enc": 0.2794147339061551, "cue_position": 0.0, "gamma_fc": 0.5074084056838373, "gamma_cf": 0.9625853985988545, "beta_rec": 0.8935992981077043}, "datetime": {"elapsed": 14649.319913, "datetime": "2020-07-13 14:23:53", "delta": 59.056625}}
{"target": 9.854166666666666, "params": {"beta_enc": 0.22981781264156154, "cue_position": 0.0, "gamma_fc": 0.5334431326905865, "gamma_cf": 0.9626761129969839, "beta_rec": 0.9105995676635034}, "datetime": {"elapsed": 14708.648083, "datetime": "2020-07-13 14:24:53", "delta": 59.32817}}
{"target": 9.708333333333334, "params": {"beta_enc": 0.23652710753266715, "cue_position": 0.0, "gamma_fc": 0.5591665799021609, "gamma_cf": 0.9615343858823564, "beta_rec": 0.8912302865832388}, "datetime": {"elapsed": 14767.083158, "datetime": "2020-07-13 14:25:51", "delta": 58.435075}}
{"target": 9.575, "params": {"beta_enc": 0.2369765921426233, "cue_position": 0.0, "gamma_fc": 0.5660378835767221, "gamma_cf": 0.9499161299765724, "beta_rec": 0.9128847462866843}, "datetime": {"elapsed": 14825.641199, "datetime": "2020-07-13 14:26:50", "delta": 58.558041}}
{"target": 9.254166666666666, "params": {"beta_enc": 0.3002891176474235, "cue_position": 0.0, "gamma_fc": 0.5080591974047447, "gamma_cf": 0.9060131794721934, "beta_rec": 0.8632621703022557}, "datetime": {"elapsed": 14884.42603, "datetime": "2020-07-13 14:27:48", "delta": 58.784831}}
{"target": 9.75, "params": {"beta_enc": 0.2883860919305662, "cue_position": 0.0, "gamma_fc": 0.5032376730137207, "gamma_cf": 0.9084409116640411, "beta_rec": 0.8754574499583553}, "datetime": {"elapsed": 14942.916719, "datetime": "2020-07-13 14:28:47", "delta": 58.490689}}
{"target": 10.054166666666667, "params": {"beta_enc": 0.2668778356904784, "cue_position": 0.0, "gamma_fc": 0.4868468116925335, "gamma_cf": 0.9677614025284121, "beta_rec": 0.8928311422040873}, "datetime": {"elapsed": 15002.634742, "datetime": "2020-07-13 14:29:47", "delta": 59.718023}}
{"target": 9.591666666666667, "params": {"beta_enc": 0.3227825271012197, "cue_position": 0.0, "gamma_fc": 0.5262889132199647, "gamma_cf": 0.9009119004250297, "beta_rec": 0.8900673760971128}, "datetime": {"elapsed": 15061.061228, "datetime": "2020-07-13 14:30:45", "delta": 58.426486}}
{"target": 9.766666666666667, "params": {"beta_enc": 0.29021066471567303, "cue_position": 0.0, "gamma_fc": 0.5332343083843336, "gamma_cf": 0.9580934518691168, "beta_rec": 0.8650161276495243}, "datetime": {"elapsed": 15119.766229, "datetime": "2020-07-13 14:31:44", "delta": 58.705001}}
{"target": 9.9625, "params": {"beta_enc": 0.30237826850368177, "cue_position": 0.0, "gamma_fc": 0.45717683447650015, "gamma_cf": 0.9481813263399704, "beta_rec": 0.8268820486935791}, "datetime": {"elapsed": 15179.216277, "datetime": "2020-07-13 14:32:43", "delta": 59.450048}}
{"target": 9.816666666666666, "params": {"beta_enc": 0.3025406033570812, "cue_position": 0.0, "gamma_fc": 0.530184597002089, "gamma_cf": 0.9100483959164297, "beta_rec": 0.8735313177279699}, "datetime": {"elapsed": 15238.499236, "datetime": "2020-07-13 14:33:42", "delta": 59.282959}}
{"target": 9.383333333333333, "params": {"beta_enc": 0.19866866160398022, "cue_position": 0.0, "gamma_fc": 0.15216256988448262, "gamma_cf": 0.7977096457174779, "beta_rec": 0.5638445599456797}, "datetime": {"elapsed": 15297.182344, "datetime": "2020-07-13 14:34:41", "delta": 58.683108}}
{"target": 9.7125, "params": {"beta_enc": 0.26071438484097165, "cue_position": 0.0, "gamma_fc": 0.5401791809868468, "gamma_cf": 0.9632527364723469, "beta_rec": 0.8783110160959987}, "datetime": {"elapsed": 15356.918047, "datetime": "2020-07-13 14:35:41", "delta": 59.735703}}
{"target": 9.666666666666666, "params": {"beta_enc": 0.2787119107944782, "cue_position": 0.0, "gamma_fc": 0.5173077332439715, "gamma_cf": 0.9183388673991815, "beta_rec": 0.8782969673959162}, "datetime": {"elapsed": 15415.278081, "datetime": "2020-07-13 14:36:39", "delta": 58.360034}}
{"target": 9.383333333333333, "params": {"beta_enc": 0.2815669312937925, "cue_position": 0.0, "gamma_fc": 0.5188442972517658, "gamma_cf": 0.9377738022621134, "beta_rec": 0.8849061692935064}, "datetime": {"elapsed": 15473.796477, "datetime": "2020-07-13 14:37:38", "delta": 58.518396}}
{"target": 9.783333333333333, "params": {"beta_enc": 0.2226051153862808, "cue_position": 0.0, "gamma_fc": 0.5568877951715074, "gamma_cf": 0.9511252327546501, "beta_rec": 0.912794958101841}, "datetime": {"elapsed": 15537.497658, "datetime": "2020-07-13 14:38:41", "delta": 63.701181}}
{"target": 9.820833333333333, "params": {"beta_enc": 0.30723320653567643, "cue_position": 0.0, "gamma_fc": 0.5205917708197222, "gamma_cf": 0.9082106441430327, "beta_rec": 0.8896091224779888}, "datetime": {"elapsed": 15601.950753, "datetime": "2020-07-13 14:39:46", "delta": 64.453095}}
{"target": 9.595833333333333, "params": {"beta_enc": 0.24104093679618005, "cue_position": 0.0, "gamma_fc": 0.5502688517114255, "gamma_cf": 0.9493706920927212, "beta_rec": 0.9085723814551048}, "datetime": {"elapsed": 15665.681171, "datetime": "2020-07-13 14:40:50", "delta": 63.730418}}
{"target": 9.7375, "params": {"beta_enc": 0.2970647080837103, "cue_position": 0.0, "gamma_fc": 0.5045401677291973, "gamma_cf": 0.9340856724702656, "beta_rec": 0.8524583890112478}, "datetime": {"elapsed": 15729.9326, "datetime": "2020-07-13 14:41:54", "delta": 64.251429}}
{"target": 10.008333333333333, "params": {"beta_enc": 0.23529116399546435, "cue_position": 0.0, "gamma_fc": 0.5462928447542235, "gamma_cf": 0.9460025097381612, "beta_rec": 0.9099397157485739}, "datetime": {"elapsed": 15795.043959, "datetime": "2020-07-13 14:42:59", "delta": 65.111359}}
{"target": 9.541666666666666, "params": {"beta_enc": 0.2614713749630113, "cue_position": 0.0, "gamma_fc": 0.5419669059275252, "gamma_cf": 0.9452456527055906, "beta_rec": 0.9159606776865203}, "datetime": {"elapsed": 15860.627769, "datetime": "2020-07-13 14:44:05", "delta": 65.58381}}
{"target": 9.729166666666666, "params": {"beta_enc": 0.31267419939734153, "cue_position": 0.0, "gamma_fc": 0.5169207265428171, "gamma_cf": 0.922074428639498, "beta_rec": 0.8935233796854976}, "datetime": {"elapsed": 15926.05046, "datetime": "2020-07-13 14:45:10", "delta": 65.422691}}
{"target": 9.366666666666667, "params": {"beta_enc": 0.41054092030362566, "cue_position": 0.0, "gamma_fc": 0.041784818481073405, "gamma_cf": 0.8928644786102757, "beta_rec": 0.677381057086302}, "datetime": {"elapsed": 15990.584839, "datetime": "2020-07-13 14:46:15", "delta": 64.534379}}
{"target": 10.175, "params": {"beta_enc": 0.22748114897552618, "cue_position": 0.0, "gamma_fc": 0.5388758836884179, "gamma_cf": 0.9583580464872357, "beta_rec": 0.9109813234758589}, "datetime": {"elapsed": 16057.696089, "datetime": "2020-07-13 14:47:22", "delta": 67.11125}}
{"target": 9.9, "params": {"beta_enc": 0.28170063033000625, "cue_position": 0.0, "gamma_fc": 0.5140068903916072, "gamma_cf": 0.9378052462008848, "beta_rec": 0.9025444036112495}, "datetime": {"elapsed": 16123.036532, "datetime": "2020-07-13 14:48:27", "delta": 65.340443}}
{"target": 9.754166666666666, "params": {"beta_enc": 0.3039945315608943, "cue_position": 0.0, "gamma_fc": 0.5184859760012316, "gamma_cf": 0.9206861507709984, "beta_rec": 0.8896843501798746}, "datetime": {"elapsed": 16188.789519, "datetime": "2020-07-13 14:49:33", "delta": 65.752987}}
{"target": 9.654166666666667, "params": {"beta_enc": 0.28497973698260426, "cue_position": 0.0, "gamma_fc": 0.5234688511129695, "gamma_cf": 0.9133904510271371, "beta_rec": 0.8977719383703707}, "datetime": {"elapsed": 16254.277569, "datetime": "2020-07-13 14:50:38", "delta": 65.48805}}
{"target": 9.845833333333333, "params": {"beta_enc": 0.30701274528371303, "cue_position": 0.0, "gamma_fc": 0.5158820559373941, "gamma_cf": 0.9144119547435132, "beta_rec": 0.8945073433782074}, "datetime": {"elapsed": 16319.395029, "datetime": "2020-07-13 14:51:43", "delta": 65.11746}}
{"target": 9.975, "params": {"beta_enc": 0.2988554515367383, "cue_position": 0.0, "gamma_fc": 0.4527771878377441, "gamma_cf": 0.9590947740436897, "beta_rec": 0.8343937494303081}, "datetime": {"elapsed": 16384.111612, "datetime": "2020-07-13 14:52:48", "delta": 64.716583}}
{"target": 9.720833333333333, "params": {"beta_enc": 0.2095537657838863, "cue_position": 0.0, "gamma_fc": 0.5691917331069626, "gamma_cf": 0.9659622225707718, "beta_rec": 0.9028827900069384}, "datetime": {"elapsed": 16448.306314, "datetime": "2020-07-13 14:53:52", "delta": 64.194702}}
{"target": 9.933333333333334, "params": {"beta_enc": 0.2275419822063418, "cue_position": 0.0, "gamma_fc": 0.559685457047966, "gamma_cf": 0.9494102126046062, "beta_rec": 0.8836732550769363}, "datetime": {"elapsed": 16513.56573, "datetime": "2020-07-13 14:54:58", "delta": 65.259416}}
{"target": 9.8125, "params": {"beta_enc": 0.24998188399189758, "cue_position": 0.0, "gamma_fc": 0.5625048798779583, "gamma_cf": 0.93979613487697, "beta_rec": 0.9134873246673935}, "datetime": {"elapsed": 16578.883417, "datetime": "2020-07-13 14:56:03", "delta": 65.317687}}
{"target": 9.958333333333334, "params": {"beta_enc": 0.2730611033247805, "cue_position": 0.0, "gamma_fc": 0.49547528944996766, "gamma_cf": 0.9702984222916731, "beta_rec": 0.9002242529863106}, "datetime": {"elapsed": 16643.842117, "datetime": "2020-07-13 14:57:08", "delta": 64.9587}}
{"target": 9.8125, "params": {"beta_enc": 0.29993128427533156, "cue_position": 0.0, "gamma_fc": 0.4587159041271841, "gamma_cf": 0.9650346375911548, "beta_rec": 0.8292111027287068}, "datetime": {"elapsed": 16709.098068, "datetime": "2020-07-13 14:58:13", "delta": 65.255951}}
{"target": 9.9125, "params": {"beta_enc": 0.27655361244830023, "cue_position": 0.0, "gamma_fc": 0.47538232299983796, "gamma_cf": 0.9611559624382959, "beta_rec": 0.8863548886291558}, "datetime": {"elapsed": 16773.866234, "datetime": "2020-07-13 14:59:18", "delta": 64.768166}}
{"target": 9.866666666666667, "params": {"beta_enc": 0.27525474525132865, "cue_position": 0.0, "gamma_fc": 0.4802605468266151, "gamma_cf": 0.9578986359781875, "beta_rec": 0.890287506806933}, "datetime": {"elapsed": 16839.786937, "datetime": "2020-07-13 15:00:24", "delta": 65.920703}}
{"target": 9.945833333333333, "params": {"beta_enc": 0.28958372836331914, "cue_position": 0.0, "gamma_fc": 0.5022774689853076, "gamma_cf": 0.9425384755383452, "beta_rec": 0.8965754817753357}, "datetime": {"elapsed": 16905.18302, "datetime": "2020-07-13 15:01:29", "delta": 65.396083}}
{"target": 9.675, "params": {"beta_enc": 0.2776491879660783, "cue_position": 0.0, "gamma_fc": 0.49505061025131036, "gamma_cf": 0.911259445653676, "beta_rec": 0.8982629394601606}, "datetime": {"elapsed": 16969.642813, "datetime": "2020-07-13 15:02:34", "delta": 64.459793}}
{"target": 9.8375, "params": {"beta_enc": 0.24061276954725874, "cue_position": 0.0, "gamma_fc": 0.5461340014669849, "gamma_cf": 0.9466084374417599, "beta_rec": 0.9122911943472565}, "datetime": {"elapsed": 17035.331812, "datetime": "2020-07-13 15:03:39", "delta": 65.688999}}
{"target": 9.666666666666666, "params": {"beta_enc": 0.2968178646328006, "cue_position": 0.0, "gamma_fc": 0.5164843913957721, "gamma_cf": 0.8992818849572143, "beta_rec": 0.8573632999696811}, "datetime": {"elapsed": 17099.979155, "datetime": "2020-07-13 15:04:44", "delta": 64.647343}}
{"target": 9.9875, "params": {"beta_enc": 0.25494114382657995, "cue_position": 0.0, "gamma_fc": 0.5369625732443837, "gamma_cf": 0.9600970388818005, "beta_rec": 0.876752561366364}, "datetime": {"elapsed": 17164.950936, "datetime": "2020-07-13 15:05:49", "delta": 64.971781}}
