{"target": 7.509555555555556, "params": {"enc_rate": 1.0, "k": 3.0, "beta_enc": 0.11779437748618776, "gamma_fc": 0.7336929962023905, "beta_rec": 0.6957728831136516, "cue_position": 4.0}, "datetime": {"elapsed": 8747.529901, "delta": 53.200092, "datetime": "2021-04-07 13:41:08"}}
{"target": 7.5442222222222215, "params": {"enc_rate": 1.0, "k": 3.0, "beta_enc": 0.21059825784246874, "gamma_fc": 0.4411862096204995, "beta_rec": 0.04991310055868421, "cue_position": 4.0}, "datetime": {"elapsed": 8800.177981, "delta": 52.64808, "datetime": "2021-04-07 13:42:00"}}
{"target": 7.519777777777779, "params": {"enc_rate": 1.0, "k": 3.0, "beta_enc": 0.08250606291046712, "gamma_fc": 0.21067511783953066, "beta_rec": 0.6680943784222315, "cue_position": 4.0}, "datetime": {"elapsed": 8853.321718, "delta": 53.143737, "datetime": "2021-04-07 13:42:53"}}
{"target": 7.565777777777778, "params": {"enc_rate": 1.0, "k": 3.0, "beta_enc": 0.04859480176114106, "gamma_fc": 0.060255811010758165, "beta_rec": 0.9833042279686662, "cue_position": 4.0}, "datetime": {"elapsed": 8905.550362, "delta": 52.228644, "datetime": "2021-04-07 13:43:46"}}
{"target": 7.598222222222222, "params": {"enc_rate": 1.0, "k": 3.0, "beta_enc": 0.07110421259143762, "gamma_fc": 0.092361918704847, "beta_rec": 0.993223372235692, "cue_position": 4.0}, "datetime": {"elapsed": 8958.007155, "delta": 52.456793, "datetime": "2021-04-07 13:44:38"}}
{"target": 7.517555555555555, "params": {"enc_rate": 1.0, "k": 3.0, "beta_enc": 0.10518792792049401, "gamma_fc": 0.16421082035525345, "beta_rec": 0.9844703423926591, "cue_position": 4.0}, "datetime": {"elapsed": 9014.296066, "delta": 56.288911, "datetime": "2021-04-07 13:45:34"}}
{"target": 7.538444444444444, "params": {"enc_rate": 1.0, "k": 3.0, "beta_enc": 0.055338760598257264, "gamma_fc": 0.08608012644338414, "beta_rec": 0.981303546868001, "cue_position": 4.0}, "datetime": {"elapsed": 9069.264481, "delta": 54.968415, "datetime": "2021-04-07 13:46:29"}}
{"target": 7.58288888888889, "params": {"enc_rate": 1.0, "k": 3.0, "beta_enc": 0.027787106350780955, "gamma_fc": 0.16208016927576022, "beta_rec": 1.0, "cue_position": 4.0}, "datetime": {"elapsed": 9125.045221, "delta": 55.78074, "datetime": "2021-04-07 13:47:25"}}
{"target": 7.544888888888889, "params": {"enc_rate": 1.0, "k": 3.0, "beta_enc": 0.04671717474320587, "gamma_fc": 0.049511490485374954, "beta_rec": 0.957222900655396, "cue_position": 4.0}, "datetime": {"elapsed": 9178.179233, "delta": 53.134012, "datetime": "2021-04-07 13:48:18"}}
{"target": 7.5166666666666675, "params": {"enc_rate": 1.0, "k": 3.0, "beta_enc": 0.03494379513253347, "gamma_fc": 0.23138841307120353, "beta_rec": 0.9176641063078215, "cue_position": 4.0}, "datetime": {"elapsed": 9236.255641, "delta": 58.076408, "datetime": "2021-04-07 13:49:16"}}
{"target": 7.561111111111112, "params": {"enc_rate": 1.0, "k": 3.0, "beta_enc": 0.09403077417007374, "gamma_fc": 0.4429461871888634, "beta_rec": 0.7625063355016731, "cue_position": 4.0}, "datetime": {"elapsed": 9288.719912, "delta": 52.464271, "datetime": "2021-04-07 13:50:09"}}
{"target": 7.5262222222222235, "params": {"enc_rate": 1.0, "k": 3.0, "beta_enc": 0.19328201854598315, "gamma_fc": 0.8495598522972869, "beta_rec": 0.8396634571260396, "cue_position": 4.0}, "datetime": {"elapsed": 9344.002631, "delta": 55.282719, "datetime": "2021-04-07 13:51:04"}}
{"target": 7.5537777777777775, "params": {"enc_rate": 1.0, "k": 3.0, "beta_enc": 0.0722732585893282, "gamma_fc": 0.07705713539932968, "beta_rec": 0.9762801315725181, "cue_position": 4.0}, "datetime": {"elapsed": 9395.996817, "delta": 51.994186, "datetime": "2021-04-07 13:51:56"}}
{"target": 7.594222222222223, "params": {"enc_rate": 1.0, "k": 3.0, "beta_enc": 0.06076351165821197, "gamma_fc": 0.08078157618951853, "beta_rec": 0.9963656167162642, "cue_position": 4.0}, "datetime": {"elapsed": 9450.577861, "delta": 54.581044, "datetime": "2021-04-07 13:52:51"}}
{"target": 7.597333333333333, "params": {"enc_rate": 1.0, "k": 3.0, "beta_enc": 0.08026658090850386, "gamma_fc": 0.07288499372258031, "beta_rec": 0.9521360823557569, "cue_position": 4.0}, "datetime": {"elapsed": 9507.034155, "delta": 56.456294, "datetime": "2021-04-07 13:53:47"}}
{"target": 7.529333333333334, "params": {"enc_rate": 1.0, "k": 3.0, "beta_enc": 0.08067395080154152, "gamma_fc": 0.7626209131591704, "beta_rec": 0.39657106072637976, "cue_position": 4.0}, "datetime": {"elapsed": 9560.667419, "delta": 53.633264, "datetime": "2021-04-07 13:54:41"}}
{"target": 7.518000000000001, "params": {"enc_rate": 1.0, "k": 3.0, "beta_enc": 0.06075608924070786, "gamma_fc": 0.8665889765032123, "beta_rec": 0.004572833597745807, "cue_position": 4.0}, "datetime": {"elapsed": 9613.503527, "delta": 52.836108, "datetime": "2021-04-07 13:55:34"}}
{"target": 7.518444444444444, "params": {"enc_rate": 1.0, "k": 3.0, "beta_enc": 0.01715797781443889, "gamma_fc": 0.19831221498075266, "beta_rec": 0.7796740649105878, "cue_position": 4.0}, "datetime": {"elapsed": 9671.374802, "delta": 57.871275, "datetime": "2021-04-07 13:56:32"}}
{"target": 7.560666666666665, "params": {"enc_rate": 1.0, "k": 3.0, "beta_enc": 0.08510089698981399, "gamma_fc": 0.4841133891212627, "beta_rec": 0.13674344259401752, "cue_position": 4.0}, "datetime": {"elapsed": 9724.357756, "delta": 52.982954, "datetime": "2021-04-07 13:57:24"}}
{"target": 7.535777777777777, "params": {"enc_rate": 1.0, "k": 3.0, "beta_enc": 0.09635126301711953, "gamma_fc": 0.1945470357755272, "beta_rec": 0.9254259157323439, "cue_position": 4.0}, "datetime": {"elapsed": 9782.273254, "delta": 57.915498, "datetime": "2021-04-07 13:58:22"}}
{"target": 7.51, "params": {"enc_rate": 1.0, "k": 3.0, "beta_enc": 0.20817970490384696, "gamma_fc": 0.7747815957546914, "beta_rec": 0.648628221016817, "cue_position": 4.0}, "datetime": {"elapsed": 9844.306497, "delta": 62.033243, "datetime": "2021-04-07 13:59:24"}}
{"target": 7.5215555555555556, "params": {"enc_rate": 1.0, "k": 3.0, "beta_enc": 0.1390907035746357, "gamma_fc": 0.40445487737102925, "beta_rec": 0.07130428021910476, "cue_position": 4.0}, "datetime": {"elapsed": 9898.824274, "delta": 54.517777, "datetime": "2021-04-07 14:00:19"}}
{"target": 7.539333333333333, "params": {"enc_rate": 1.0, "k": 3.0, "beta_enc": 0.03380119682315046, "gamma_fc": 0.9707578598438845, "beta_rec": 0.05533273683607942, "cue_position": 4.0}, "datetime": {"elapsed": 9953.204726, "delta": 54.380452, "datetime": "2021-04-07 14:01:13"}}
{"target": 7.522888888888889, "params": {"enc_rate": 1.0, "k": 3.0, "beta_enc": 0.1455723487998383, "gamma_fc": 0.8435579421436334, "beta_rec": 0.37242843108900925, "cue_position": 4.0}, "datetime": {"elapsed": 10006.751376, "delta": 53.54665, "datetime": "2021-04-07 14:02:07"}}
{"target": 7.499555555555555, "params": {"enc_rate": 1.0, "k": 3.0, "beta_enc": 0.20662199443606227, "gamma_fc": 0.7930402706335029, "beta_rec": 0.5206266481287851, "cue_position": 4.0}, "datetime": {"elapsed": 10061.138562, "delta": 54.387186, "datetime": "2021-04-07 14:03:01"}}
{"target": 7.518666666666666, "params": {"enc_rate": 1.0, "k": 3.0, "beta_enc": 0.18472195427724286, "gamma_fc": 0.6970202445383362, "beta_rec": 0.1386295006125889, "cue_position": 4.0}, "datetime": {"elapsed": 10119.545528, "delta": 58.406966, "datetime": "2021-04-07 14:04:00"}}
{"target": 7.583555555555556, "params": {"enc_rate": 1.0, "k": 3.0, "beta_enc": 0.11295806370561905, "gamma_fc": 0.4394473926191553, "beta_rec": 0.8575530954315654, "cue_position": 4.0}, "datetime": {"elapsed": 10173.734123, "delta": 54.188595, "datetime": "2021-04-07 14:04:54"}}
{"target": 7.56711111111111, "params": {"enc_rate": 1.0, "k": 3.0, "beta_enc": 0.09202024402067045, "gamma_fc": 0.4828025765940422, "beta_rec": 0.8122882740708232, "cue_position": 4.0}, "datetime": {"elapsed": 10229.122685, "delta": 55.388562, "datetime": "2021-04-07 14:05:49"}}
{"target": 7.562444444444445, "params": {"enc_rate": 1.0, "k": 3.0, "beta_enc": 0.06346028952967897, "gamma_fc": 0.42333107324960967, "beta_rec": 0.8095592264990553, "cue_position": 4.0}, "datetime": {"elapsed": 10282.057071, "delta": 52.934386, "datetime": "2021-04-07 14:06:42"}}
{"target": 7.531777777777778, "params": {"enc_rate": 1.0, "k": 3.0, "beta_enc": 0.1043558654015147, "gamma_fc": 0.3691378232321531, "beta_rec": 0.8842419247349702, "cue_position": 4.0}, "datetime": {"elapsed": 10334.944986, "delta": 52.887915, "datetime": "2021-04-07 14:07:35"}}
{"target": 7.523777777777778, "params": {"enc_rate": 1.0, "k": 3.0, "beta_enc": 0.11242194414485072, "gamma_fc": 0.031081754977753794, "beta_rec": 0.078714175410055, "cue_position": 4.0}, "datetime": {"elapsed": 10387.465292, "delta": 52.520306, "datetime": "2021-04-07 14:08:28"}}
{"target": 7.530444444444444, "params": {"enc_rate": 1.0, "k": 3.0, "beta_enc": 0.09654016207303151, "gamma_fc": 0.374815397871144, "beta_rec": 0.2250340548844665, "cue_position": 4.0}, "datetime": {"elapsed": 10441.365763, "delta": 53.900471, "datetime": "2021-04-07 14:09:22"}}
{"target": 7.522666666666668, "params": {"enc_rate": 1.0, "k": 3.0, "beta_enc": 0.2033425291733171, "gamma_fc": 0.07879279924199663, "beta_rec": 0.2197946124950785, "cue_position": 4.0}, "datetime": {"elapsed": 10493.926721, "delta": 52.560958, "datetime": "2021-04-07 14:10:14"}}
{"target": 7.560888888888888, "params": {"enc_rate": 1.0, "k": 3.0, "beta_enc": 0.08480631756379856, "gamma_fc": 0.6254154270382414, "beta_rec": 0.14215025878422954, "cue_position": 4.0}, "datetime": {"elapsed": 10547.392079, "delta": 53.465358, "datetime": "2021-04-07 14:11:08"}}
{"target": 7.577777777777778, "params": {"enc_rate": 1.0, "k": 3.0, "beta_enc": 0.1264951727002009, "gamma_fc": 0.533767662039564, "beta_rec": 0.09588872755622162, "cue_position": 4.0}, "datetime": {"elapsed": 10600.096197, "delta": 52.704118, "datetime": "2021-04-07 14:12:00"}}
{"target": 7.499333333333334, "params": {"enc_rate": 1.0, "k": 3.0, "beta_enc": 0.20210367488220837, "gamma_fc": 0.5180986925945383, "beta_rec": 0.0720087269113393, "cue_position": 4.0}, "datetime": {"elapsed": 10652.487605, "delta": 52.391408, "datetime": "2021-04-07 14:12:53"}}
{"target": 7.553999999999999, "params": {"enc_rate": 1.0, "k": 3.0, "beta_enc": 0.10564531909728563, "gamma_fc": 0.8407124199459365, "beta_rec": 0.0711254286955899, "cue_position": 4.0}, "datetime": {"elapsed": 10705.012715, "delta": 52.52511, "datetime": "2021-04-07 14:13:45"}}
{"target": 7.507777777777778, "params": {"enc_rate": 1.0, "k": 3.0, "beta_enc": 0.1445601096996888, "gamma_fc": 0.5002393188792211, "beta_rec": 0.8731725967421967, "cue_position": 4.0}, "datetime": {"elapsed": 10759.625225, "delta": 54.61251, "datetime": "2021-04-07 14:14:40"}}
{"target": 7.570222222222222, "params": {"enc_rate": 1.0, "k": 3.0, "beta_enc": 0.05839921154007021, "gamma_fc": 0.433966113362586, "beta_rec": 0.9624109730008805, "cue_position": 4.0}, "datetime": {"elapsed": 10814.160045, "delta": 54.53482, "datetime": "2021-04-07 14:15:34"}}
{"target": 7.537333333333334, "params": {"enc_rate": 1.0, "k": 3.0, "beta_enc": 0.1338843838326673, "gamma_fc": 0.7689826742641579, "beta_rec": 0.07404083846567806, "cue_position": 4.0}, "datetime": {"elapsed": 10869.574141, "delta": 55.414096, "datetime": "2021-04-07 14:16:30"}}
{"target": 7.510222222222223, "params": {"enc_rate": 1.0, "k": 3.0, "beta_enc": 0.06167567737337493, "gamma_fc": 0.2862524144148532, "beta_rec": 0.7656034095273784, "cue_position": 4.0}, "datetime": {"elapsed": 10923.498763, "delta": 53.924622, "datetime": "2021-04-07 14:17:24"}}
{"target": 7.508222222222221, "params": {"enc_rate": 1.0, "k": 3.0, "beta_enc": 0.26144728936672273, "gamma_fc": 0.14055517830880496, "beta_rec": 0.1301633412473112, "cue_position": 4.0}, "datetime": {"elapsed": 10976.714703, "delta": 53.21594, "datetime": "2021-04-07 14:18:17"}}
{"target": 7.575777777777779, "params": {"enc_rate": 1.0, "k": 3.0, "beta_enc": 0.27092230787044724, "gamma_fc": 0.06300502477912137, "beta_rec": 0.2000173422804808, "cue_position": 4.0}, "datetime": {"elapsed": 11030.066926, "delta": 53.352223, "datetime": "2021-04-07 14:19:10"}}
{"target": 7.535555555555556, "params": {"enc_rate": 1.0, "k": 3.0, "beta_enc": 0.09724930220637279, "gamma_fc": 0.4871257444153183, "beta_rec": 0.06311478838433617, "cue_position": 4.0}, "datetime": {"elapsed": 11083.327567, "delta": 53.260641, "datetime": "2021-04-07 14:20:03"}}
{"target": 7.544444444444444, "params": {"enc_rate": 1.0, "k": 3.0, "beta_enc": 0.29935019773033683, "gamma_fc": 0.1331136119065118, "beta_rec": 0.1869628342502542, "cue_position": 4.0}, "datetime": {"elapsed": 11136.475872, "delta": 53.148305, "datetime": "2021-04-07 14:20:57"}}
{"target": 7.522888888888889, "params": {"enc_rate": 1.0, "k": 3.0, "beta_enc": 0.1321944973469191, "gamma_fc": 0.43974060521157543, "beta_rec": 0.1709940234104385, "cue_position": 4.0}, "datetime": {"elapsed": 11191.733158, "delta": 55.257286, "datetime": "2021-04-07 14:21:52"}}
{"target": 7.512666666666666, "params": {"enc_rate": 1.0, "k": 3.0, "beta_enc": 0.08792182359980341, "gamma_fc": 0.7556678001659869, "beta_rec": 0.4677664028287535, "cue_position": 4.0}, "datetime": {"elapsed": 11244.990864, "delta": 53.257706, "datetime": "2021-04-07 14:22:45"}}
{"target": 7.55911111111111, "params": {"enc_rate": 1.0, "k": 3.0, "beta_enc": 0.0336185832268783, "gamma_fc": 0.8653770912259819, "beta_rec": 0.08118138456773313, "cue_position": 4.0}, "datetime": {"elapsed": 11298.919343, "delta": 53.928479, "datetime": "2021-04-07 14:23:39"}}
{"target": 7.510888888888888, "params": {"enc_rate": 1.0, "k": 3.0, "beta_enc": 0.16735152325892116, "gamma_fc": 0.9102932001175755, "beta_rec": 0.25772165973431854, "cue_position": 4.0}, "datetime": {"elapsed": 11351.85893, "delta": 52.939587, "datetime": "2021-04-07 14:24:32"}}
{"target": 7.559777777777778, "params": {"enc_rate": 1.0, "k": 3.0, "beta_enc": 0.0048383391684345516, "gamma_fc": 0.8014248191598307, "beta_rec": 0.054421596164744644, "cue_position": 4.0}, "datetime": {"elapsed": 11406.1838, "delta": 54.32487, "datetime": "2021-04-07 14:25:26"}}
{"target": 7.569333333333333, "params": {"enc_rate": 1.0, "k": 3.0, "beta_enc": 0.07208111703122379, "gamma_fc": 0.2952006511992174, "beta_rec": 0.1469538452622729, "cue_position": 4.0}, "datetime": {"elapsed": 11459.100344, "delta": 52.916544, "datetime": "2021-04-07 14:26:19"}}
{"target": 7.572666666666666, "params": {"enc_rate": 1.0, "k": 3.0, "beta_enc": 0.11786830715737703, "gamma_fc": 0.43691462974350076, "beta_rec": 0.3058224762291574, "cue_position": 4.0}, "datetime": {"elapsed": 11511.359872, "delta": 52.259528, "datetime": "2021-04-07 14:27:11"}}
{"target": 7.544666666666666, "params": {"enc_rate": 1.0, "k": 3.0, "beta_enc": 0.13145273876430447, "gamma_fc": 0.3803231880534424, "beta_rec": 0.3159173501170053, "cue_position": 4.0}, "datetime": {"elapsed": 11563.61348, "delta": 52.253608, "datetime": "2021-04-07 14:28:04"}}
{"target": 7.544888888888889, "params": {"enc_rate": 1.0, "k": 3.0, "beta_enc": 0.09742098458463251, "gamma_fc": 0.8233688002112931, "beta_rec": 0.9514052388794365, "cue_position": 4.0}, "datetime": {"elapsed": 11617.921976, "delta": 54.308496, "datetime": "2021-04-07 14:28:58"}}
{"target": 7.506888888888888, "params": {"enc_rate": 1.0, "k": 3.0, "beta_enc": 0.14558890355415668, "gamma_fc": 0.6879536262971456, "beta_rec": 0.7857120799468172, "cue_position": 4.0}, "datetime": {"elapsed": 11670.274987, "delta": 52.353011, "datetime": "2021-04-07 14:29:50"}}
{"target": 7.534666666666666, "params": {"enc_rate": 1.0, "k": 3.0, "beta_enc": 0.08487745163902986, "gamma_fc": 0.9464503956340802, "beta_rec": 0.12597154236595662, "cue_position": 4.0}, "datetime": {"elapsed": 11723.139374, "delta": 52.864387, "datetime": "2021-04-07 14:30:43"}}
{"target": 7.533333333333333, "params": {"enc_rate": 1.0, "k": 3.0, "beta_enc": 0.16930394383500555, "gamma_fc": 0.37433321451888213, "beta_rec": 0.7074240626359805, "cue_position": 4.0}, "datetime": {"elapsed": 11775.713514, "delta": 52.57414, "datetime": "2021-04-07 14:31:36"}}
{"target": 7.569333333333333, "params": {"enc_rate": 1.0, "k": 3.0, "beta_enc": 0.14420090696956112, "gamma_fc": 0.40243638975597634, "beta_rec": 0.8070644965871628, "cue_position": 4.0}, "datetime": {"elapsed": 11829.454678, "delta": 53.741164, "datetime": "2021-04-07 14:32:30"}}
{"target": 7.519333333333333, "params": {"enc_rate": 1.0, "k": 3.0, "beta_enc": 0.0, "gamma_fc": 0.14531549123716492, "beta_rec": 0.7117910440936329, "cue_position": 4.0}, "datetime": {"elapsed": 11881.30507, "delta": 51.850392, "datetime": "2021-04-07 14:33:21"}}
{"target": 7.572444444444445, "params": {"enc_rate": 1.0, "k": 3.0, "beta_enc": 0.08665033835794583, "gamma_fc": 0.04329320231863871, "beta_rec": 0.1794583116188424, "cue_position": 4.0}, "datetime": {"elapsed": 11932.395267, "delta": 51.090197, "datetime": "2021-04-07 14:34:13"}}
{"target": 7.568444444444443, "params": {"enc_rate": 1.0, "k": 3.0, "beta_enc": 0.04145513769500026, "gamma_fc": 0.04188352278211066, "beta_rec": 0.2479869221107595, "cue_position": 4.0}, "datetime": {"elapsed": 11983.949324, "delta": 51.554057, "datetime": "2021-04-07 14:35:04"}}
{"target": 7.572444444444445, "params": {"enc_rate": 1.0, "k": 3.0, "beta_enc": 0.059513397594669046, "gamma_fc": 0.09060937891601543, "beta_rec": 0.19148371733222758, "cue_position": 4.0}, "datetime": {"elapsed": 12035.617504, "delta": 51.66818, "datetime": "2021-04-07 14:35:56"}}
{"target": 7.530888888888889, "params": {"enc_rate": 1.0, "k": 3.0, "beta_enc": 0.016356351750398925, "gamma_fc": 0.07093784034320591, "beta_rec": 0.3072081071138639, "cue_position": 4.0}, "datetime": {"elapsed": 12088.869435, "delta": 53.251931, "datetime": "2021-04-07 14:36:49"}}
{"target": 7.5362222222222215, "params": {"enc_rate": 1.0, "k": 3.0, "beta_enc": 0.088426622145735, "gamma_fc": 0.38737679548076775, "beta_rec": 0.6906712632005827, "cue_position": 4.0}, "datetime": {"elapsed": 12141.080212, "delta": 52.210777, "datetime": "2021-04-07 14:37:41"}}
