{"target": -8690.982297877155, "params": {"epsilon_d": 4.241762253280933, "gamma_cf": 0.3121708256204955, "beta_rec": 0.9327254362481435, "lr": 0.7601112627341833, "phi_s": 1.888879342508188, "beta_enc": 0.9063123463577561, "s_cf": 0.8679616900532267, "k_intra": 3.448450703290862, "phi_d": 0.3964644285527997, "gamma_fc": 0.15396221489893408}, "datetime": {"delta": 50.749617, "datetime": "2020-09-13 17:02:47", "elapsed": 14178.785778}}
{"target": -8690.392657044877, "params": {"epsilon_d": 4.231886151715278, "gamma_cf": 0.32754298270475224, "beta_rec": 0.9413907007170612, "lr": 0.7482203977232244, "phi_s": 1.8864918109061066, "beta_enc": 0.8996951632281803, "s_cf": 0.884308366750638, "k_intra": 3.452323613808847, "phi_d": 0.3865756382188771, "gamma_fc": 0.16507639289450823}, "datetime": {"delta": 53.303398, "datetime": "2020-09-13 17:03:40", "elapsed": 14232.089176}}
{"target": -8690.121652303642, "params": {"epsilon_d": 4.236344257953262, "gamma_cf": 0.324926858197723, "beta_rec": 0.939269162988779, "lr": 0.7511422731688938, "phi_s": 1.885274798395186, "beta_enc": 0.9074896419091023, "s_cf": 0.880816410184262, "k_intra": 3.4509536789135713, "phi_d": 0.3903030215775392, "gamma_fc": 0.16221629217693337}, "datetime": {"delta": 50.803067, "datetime": "2020-09-13 17:04:31", "elapsed": 14282.892243}}
{"target": -8689.918548403019, "params": {"epsilon_d": 4.233386560982077, "gamma_cf": 0.3247549386313469, "beta_rec": 0.938218958139836, "lr": 0.7466275559955264, "phi_s": 1.8801522966385928, "beta_enc": 0.9127800562813555, "s_cf": 0.8804687977032729, "k_intra": 3.4508725242789984, "phi_d": 0.39470915086763364, "gamma_fc": 0.16101304684809511}, "datetime": {"delta": 52.335603, "datetime": "2020-09-13 17:05:23", "elapsed": 14335.227846}}
{"target": -8689.715095163625, "params": {"epsilon_d": 4.231730912732613, "gamma_cf": 0.3238029286192223, "beta_rec": 0.9370078685774823, "lr": 0.7423823330409811, "phi_s": 1.879194790325076, "beta_enc": 0.9120349251420604, "s_cf": 0.882472888777279, "k_intra": 3.4512109790709653, "phi_d": 0.3957758196695234, "gamma_fc": 0.1592309394812649}, "datetime": {"delta": 53.296491, "datetime": "2020-09-13 17:06:17", "elapsed": 14388.524337}}
{"target": -8688.854729995162, "params": {"epsilon_d": 4.224973416221361, "gamma_cf": 0.3239779578973596, "beta_rec": 0.9357126113520362, "lr": 0.738358169709164, "phi_s": 1.8796621358835905, "beta_enc": 0.913677843182943, "s_cf": 0.8824247967801392, "k_intra": 3.457864350156717, "phi_d": 0.39217439448998787, "gamma_fc": 0.15267484362002948}, "datetime": {"delta": 57.327219, "datetime": "2020-09-13 17:07:14", "elapsed": 14445.851556}}
{"target": -8687.067706290001, "params": {"epsilon_d": 4.206596379523696, "gamma_cf": 0.32333144231739663, "beta_rec": 0.9371377662782499, "lr": 0.7348538170942736, "phi_s": 1.8838332991287416, "beta_enc": 0.916464061431085, "s_cf": 0.8822537350789267, "k_intra": 3.4756438786031576, "phi_d": 0.3765051560790033, "gamma_fc": 0.1372234126329284}, "datetime": {"delta": 56.164749, "datetime": "2020-09-13 17:08:10", "elapsed": 14502.016305}}
{"target": -8686.417784515601, "params": {"epsilon_d": 4.19527736424815, "gamma_cf": 0.32315783866920705, "beta_rec": 0.9398566381053147, "lr": 0.7381243095622692, "phi_s": 1.8872044419281746, "beta_enc": 0.9199068736820509, "s_cf": 0.8838044270825564, "k_intra": 3.4840825067463315, "phi_d": 0.36809157725723574, "gamma_fc": 0.13148418343616577}, "datetime": {"delta": 54.391919, "datetime": "2020-09-13 17:09:05", "elapsed": 14556.408224}}
{"target": -8685.560515085446, "params": {"epsilon_d": 4.179566356820595, "gamma_cf": 0.3218864549743748, "beta_rec": 0.940518719440276, "lr": 0.7432749007118736, "phi_s": 1.889868189894254, "beta_enc": 0.9239291561363143, "s_cf": 0.8881282254213215, "k_intra": 3.489132739869182, "phi_d": 0.3658584075341542, "gamma_fc": 0.13056802427633643}, "datetime": {"delta": 55.116315, "datetime": "2020-09-13 17:10:00", "elapsed": 14611.524539}}
{"target": -8683.71848009093, "params": {"epsilon_d": 4.147596746447834, "gamma_cf": 0.321957790120545, "beta_rec": 0.9364504365794848, "lr": 0.7480524753407409, "phi_s": 1.895025105580207, "beta_enc": 0.9247816604293972, "s_cf": 0.8951861210080053, "k_intra": 3.4924459711513345, "phi_d": 0.37220367548511074, "gamma_fc": 0.13341884731330828}, "datetime": {"delta": 48.908492, "datetime": "2020-09-13 17:10:49", "elapsed": 14660.433031}}
{"target": -8682.242553054444, "params": {"epsilon_d": 4.113035947405407, "gamma_cf": 0.32506283333069447, "beta_rec": 0.9287106517553279, "lr": 0.7435999180995291, "phi_s": 1.903416324362249, "beta_enc": 0.9188244075213104, "s_cf": 0.894099526791539, "k_intra": 3.496429706416452, "phi_d": 0.3807331991279989, "gamma_fc": 0.13505012237538555}, "datetime": {"delta": 52.325567, "datetime": "2020-09-13 17:11:41", "elapsed": 14712.758598}}
{"target": -8681.75574764179, "params": {"epsilon_d": 4.097981806836639, "gamma_cf": 0.326207637786227, "beta_rec": 0.9258465410132668, "lr": 0.7386360546688276, "phi_s": 1.9076576797689997, "beta_enc": 0.9136340576658046, "s_cf": 0.8886538496351868, "k_intra": 3.501783901032757, "phi_d": 0.3827012963933904, "gamma_fc": 0.1343637213889004}, "datetime": {"delta": 51.598347, "datetime": "2020-09-13 17:12:32", "elapsed": 14764.356945}}
{"target": -8604.310244948847, "params": {"epsilon_d": 3.7425916524737506, "gamma_cf": 0.3543897617707881, "beta_rec": 0.9601554762859248, "lr": 0.5265962865675377, "phi_s": 2.175820443288104, "beta_enc": 0.3048751628410926, "s_cf": 0.3094014614260138, "k_intra": 8.689425884438558, "phi_d": 0.9342327134167002, "gamma_fc": 0.19290966016818797}, "datetime": {"delta": 50.858221, "datetime": "2020-09-13 17:13:23", "elapsed": 14815.215166}}
{"target": -8681.220939089175, "params": {"epsilon_d": 4.089734818375952, "gamma_cf": 0.32368182741559726, "beta_rec": 0.927289466003662, "lr": 0.7356713140274892, "phi_s": 1.9060374848199633, "beta_enc": 0.9095749130520823, "s_cf": 0.8831926387102857, "k_intra": 3.51383763476497, "phi_d": 0.38210276213790056, "gamma_fc": 0.13325204811439}, "datetime": {"delta": 58.028714, "datetime": "2020-09-13 17:14:21", "elapsed": 14873.24388}}
{"target": -8680.933431854031, "params": {"epsilon_d": 4.085481171807671, "gamma_cf": 0.3213397208485848, "beta_rec": 0.9285264911344112, "lr": 0.7351448316514887, "phi_s": 1.8993294121801203, "beta_enc": 0.9063119437245544, "s_cf": 0.8829038781069122, "k_intra": 3.5282005900854423, "phi_d": 0.3860597702978649, "gamma_fc": 0.13338605119566233}, "datetime": {"delta": 52.4126, "datetime": "2020-09-13 17:15:14", "elapsed": 14925.65648}}
{"target": -8681.035073852747, "params": {"epsilon_d": 4.085386811838459, "gamma_cf": 0.3201695414914244, "beta_rec": 0.9275999634134424, "lr": 0.7362670072372608, "phi_s": 1.898586672377082, "beta_enc": 0.9076395040943406, "s_cf": 0.8828931994176634, "k_intra": 3.5292211939394016, "phi_d": 0.38642046199240876, "gamma_fc": 0.13404712210353345}, "datetime": {"delta": 55.581625, "datetime": "2020-09-13 17:16:09", "elapsed": 14981.238105}}
{"target": -8680.581963211831, "params": {"epsilon_d": 4.084871726528308, "gamma_cf": 0.32329834247138084, "beta_rec": 0.9334609238485286, "lr": 0.7324465157333668, "phi_s": 1.8996365196078064, "beta_enc": 0.9014262300782324, "s_cf": 0.8847760533658027, "k_intra": 3.526662130542452, "phi_d": 0.3861297724060592, "gamma_fc": 0.13288462794212477}, "datetime": {"delta": 51.22018, "datetime": "2020-09-13 17:17:01", "elapsed": 15032.458285}}
{"target": -8604.237243404894, "params": {"epsilon_d": 3.7418354223317625, "gamma_cf": 0.35576476749929953, "beta_rec": 0.9585050277637439, "lr": 0.5275216841235174, "phi_s": 2.175673614856665, "beta_enc": 0.3043723975944531, "s_cf": 0.308109590731407, "k_intra": 8.68913844130426, "phi_d": 0.9335301451397402, "gamma_fc": 0.1924084312896304}, "datetime": {"delta": 55.601189, "datetime": "2020-09-13 17:17:56", "elapsed": 15088.059474}}
{"target": -8603.366710121316, "params": {"epsilon_d": 3.7442094424609267, "gamma_cf": 0.35819708039519665, "beta_rec": 0.9612546873480738, "lr": 0.5266604604632442, "phi_s": 2.1758439682550224, "beta_enc": 0.3035806432421817, "s_cf": 0.30695552661403386, "k_intra": 8.69158749150477, "phi_d": 0.9318674994224911, "gamma_fc": 0.19134734392456534}, "datetime": {"delta": 55.844444, "datetime": "2020-09-13 17:18:52", "elapsed": 15143.903918}}
{"target": -8598.368731728428, "params": {"epsilon_d": 3.747361858221584, "gamma_cf": 0.36605727937046634, "beta_rec": 0.9623815190838257, "lr": 0.5302192320225237, "phi_s": 2.1822318889676784, "beta_enc": 0.29785986178255114, "s_cf": 0.31724726238965467, "k_intra": 8.693138859429892, "phi_d": 0.9204006763567613, "gamma_fc": 0.18806332762019398}, "datetime": {"delta": 56.275893, "datetime": "2020-09-13 17:19:48", "elapsed": 15200.179811}}
{"target": -8680.302934634947, "params": {"epsilon_d": 4.081344170464031, "gamma_cf": 0.32250527257190864, "beta_rec": 0.942559306095585, "lr": 0.7303737367101093, "phi_s": 1.898580305392923, "beta_enc": 0.896806117875117, "s_cf": 0.8911748277575876, "k_intra": 3.524255538375675, "phi_d": 0.3875525263959854, "gamma_fc": 0.13139991759346184}, "datetime": {"delta": 54.540262, "datetime": "2020-09-13 17:20:43", "elapsed": 15254.720073}}
{"target": -8593.55894186963, "params": {"epsilon_d": 3.7499959139269796, "gamma_cf": 0.36506752665685976, "beta_rec": 0.9600569963072737, "lr": 0.5411743079291664, "phi_s": 2.187704811950115, "beta_enc": 0.2934570245389375, "s_cf": 0.33815088009800454, "k_intra": 8.69183974981159, "phi_d": 0.9077895328666122, "gamma_fc": 0.18381002367781843}, "datetime": {"delta": 53.189314, "datetime": "2020-09-13 17:21:36", "elapsed": 15307.909387}}
{"target": -8680.08080994846, "params": {"epsilon_d": 4.077035708687528, "gamma_cf": 0.3199696588129922, "beta_rec": 0.9434588844136305, "lr": 0.7308368325230772, "phi_s": 1.9003493372258675, "beta_enc": 0.8968330157004398, "s_cf": 0.8909042620783999, "k_intra": 3.52567703324251, "phi_d": 0.3896336086027885, "gamma_fc": 0.13244328960216975}, "datetime": {"delta": 59.087872, "datetime": "2020-09-13 17:22:35", "elapsed": 15366.997259}}
{"target": -8680.167986140998, "params": {"epsilon_d": 4.073131576360684, "gamma_cf": 0.31499919906010854, "beta_rec": 0.9491392025878878, "lr": 0.7317607501469087, "phi_s": 1.9116874997994495, "beta_enc": 0.896770559220834, "s_cf": 0.8904121784991076, "k_intra": 3.529262784579024, "phi_d": 0.39738683345941145, "gamma_fc": 0.13639952870605604}, "datetime": {"delta": 56.142966, "datetime": "2020-09-13 17:23:31", "elapsed": 15423.140225}}
{"target": -8592.332420614366, "params": {"epsilon_d": 3.7487947702450746, "gamma_cf": 0.35586851197546643, "beta_rec": 0.9556940551465511, "lr": 0.554443822322525, "phi_s": 2.1927238552619706, "beta_enc": 0.29191779732328793, "s_cf": 0.35115513185607217, "k_intra": 8.689065532186929, "phi_d": 0.9030117930901091, "gamma_fc": 0.18069444265072196}, "datetime": {"delta": 53.115593, "datetime": "2020-09-13 17:24:24", "elapsed": 15476.255818}}
{"target": -8680.020938061054, "params": {"epsilon_d": 4.067682364608374, "gamma_cf": 0.3143824864517965, "beta_rec": 0.9458992647366995, "lr": 0.7307562836250193, "phi_s": 1.9016678346842597, "beta_enc": 0.8961738991173154, "s_cf": 0.8881290285572981, "k_intra": 3.524757701744013, "phi_d": 0.39344311026157164, "gamma_fc": 0.13546008933690984}, "datetime": {"delta": 55.698341, "datetime": "2020-09-13 17:25:20", "elapsed": 15531.954159}}
{"target": -8679.95549764581, "params": {"epsilon_d": 4.068083555882742, "gamma_cf": 0.3143070921599026, "beta_rec": 0.9464586075147605, "lr": 0.7311273922821501, "phi_s": 1.9028033005926748, "beta_enc": 0.8947429142582093, "s_cf": 0.8899143146434855, "k_intra": 3.5255186699205607, "phi_d": 0.3903712821627125, "gamma_fc": 0.13390188099347386}, "datetime": {"delta": 54.545448, "datetime": "2020-09-13 17:26:15", "elapsed": 15586.499607}}
{"target": -8679.694104580925, "params": {"epsilon_d": 4.064601788160529, "gamma_cf": 0.3134552812799204, "beta_rec": 0.9445545315151213, "lr": 0.7326508448470568, "phi_s": 1.9050310423843098, "beta_enc": 0.8920568731961416, "s_cf": 0.8943001542558517, "k_intra": 3.5271216584364424, "phi_d": 0.3893470375085816, "gamma_fc": 0.13287485689454245}, "datetime": {"delta": 60.438125, "datetime": "2020-09-13 17:27:15", "elapsed": 15646.937732}}
{"target": -8679.837237656237, "params": {"epsilon_d": 4.05626697463273, "gamma_cf": 0.31017964526108716, "beta_rec": 0.9394407696538335, "lr": 0.736206993046413, "phi_s": 1.9092940769154363, "beta_enc": 0.8850053616063365, "s_cf": 0.8984892097023919, "k_intra": 3.532179653230483, "phi_d": 0.38952572413622416, "gamma_fc": 0.13276781438516355}, "datetime": {"delta": 52.520721, "datetime": "2020-09-13 17:28:08", "elapsed": 15699.458453}}
{"target": -8679.079863457027, "params": {"epsilon_d": 4.059228402917807, "gamma_cf": 0.31117864133843626, "beta_rec": 0.9425312174367922, "lr": 0.7315260268367391, "phi_s": 1.908984781971308, "beta_enc": 0.8938871583099397, "s_cf": 0.9008198174249445, "k_intra": 3.5286968984442395, "phi_d": 0.3861037707098346, "gamma_fc": 0.13418760849644357}, "datetime": {"delta": 55.983256, "datetime": "2020-09-13 17:29:04", "elapsed": 15755.441709}}
{"target": -8677.583376264443, "params": {"epsilon_d": 4.04524322290846, "gamma_cf": 0.3081825392647542, "beta_rec": 0.9404256061897754, "lr": 0.710978032157952, "phi_s": 1.9113075422467602, "beta_enc": 0.9025490521307094, "s_cf": 0.9132002445874533, "k_intra": 3.53894571404544, "phi_d": 0.3766274494313681, "gamma_fc": 0.14616122202351617}, "datetime": {"delta": 55.320609, "datetime": "2020-09-13 17:29:59", "elapsed": 15810.762318}}
{"target": -8677.649967818677, "params": {"epsilon_d": 4.041619268992301, "gamma_cf": 0.30644933656169665, "beta_rec": 0.9411003715879058, "lr": 0.7074389725193108, "phi_s": 1.9105274567303823, "beta_enc": 0.9018483930564082, "s_cf": 0.9119532266049607, "k_intra": 3.5403500898624576, "phi_d": 0.3774555322913183, "gamma_fc": 0.14764999440093576}, "datetime": {"delta": 59.592729, "datetime": "2020-09-13 17:30:58", "elapsed": 15870.355047}}
{"target": -8677.264530963284, "params": {"epsilon_d": 4.043965222256103, "gamma_cf": 0.30979178782793604, "beta_rec": 0.9403022244476277, "lr": 0.7110224926161068, "phi_s": 1.9127295334225394, "beta_enc": 0.9036145588796032, "s_cf": 0.9143126264894732, "k_intra": 3.5387275433705754, "phi_d": 0.3734321095445794, "gamma_fc": 0.14966979261326782}, "datetime": {"delta": 53.462684, "datetime": "2020-09-13 17:31:52", "elapsed": 15923.817731}}
{"target": -8591.413185382402, "params": {"epsilon_d": 3.7477897335128887, "gamma_cf": 0.35696603080634415, "beta_rec": 0.9577804402260337, "lr": 0.5567943463857626, "phi_s": 2.193347432055705, "beta_enc": 0.2928776247294828, "s_cf": 0.3537598410009833, "k_intra": 8.689101802839305, "phi_d": 0.9049768171259448, "gamma_fc": 0.1804900124099855}, "datetime": {"delta": 57.316236, "datetime": "2020-09-13 17:32:49", "elapsed": 15981.133967}}
{"target": -8676.977990954527, "params": {"epsilon_d": 4.033228989779041, "gamma_cf": 0.31937135305792475, "beta_rec": 0.9457034633970157, "lr": 0.7217428274804552, "phi_s": 1.913190778283153, "beta_enc": 0.9030260289805687, "s_cf": 0.9140234986461008, "k_intra": 3.5430439212412534, "phi_d": 0.3663898363546504, "gamma_fc": 0.1647548617516418}, "datetime": {"delta": 54.81243, "datetime": "2020-09-13 17:33:44", "elapsed": 16035.946397}}
{"target": -8586.8465800901, "params": {"epsilon_d": 3.7408251500780145, "gamma_cf": 0.36387430116118263, "beta_rec": 0.9696389383707995, "lr": 0.571580707491658, "phi_s": 2.2036777488153314, "beta_enc": 0.2958888954495647, "s_cf": 0.3665508222633676, "k_intra": 8.68726411837476, "phi_d": 0.9103180335598545, "gamma_fc": 0.177526942625789}, "datetime": {"delta": 58.387763, "datetime": "2020-09-13 17:34:42", "elapsed": 16094.33416}}
{"target": -8677.122357807431, "params": {"epsilon_d": 4.040334328576274, "gamma_cf": 0.3144074409604742, "beta_rec": 0.9432410706251092, "lr": 0.7182186542983531, "phi_s": 1.9137246988753356, "beta_enc": 0.9025567936724699, "s_cf": 0.9148702643482662, "k_intra": 3.5372463202024558, "phi_d": 0.3656128282150097, "gamma_fc": 0.1625750447774487}, "datetime": {"delta": 57.768023, "datetime": "2020-09-13 17:35:40", "elapsed": 16152.102183}}
{"target": -8676.545429208281, "params": {"epsilon_d": 4.0322484836152706, "gamma_cf": 0.3219036596396788, "beta_rec": 0.9448081751088714, "lr": 0.7180002464365088, "phi_s": 1.914989015130615, "beta_enc": 0.906858682863673, "s_cf": 0.9150647712816644, "k_intra": 3.543885997029301, "phi_d": 0.3703293674238846, "gamma_fc": 0.1558717595596851}, "datetime": {"delta": 59.985926, "datetime": "2020-09-13 17:36:40", "elapsed": 16212.088109}}
{"target": -8676.150261332405, "params": {"epsilon_d": 4.022191087211286, "gamma_cf": 0.32629052765458116, "beta_rec": 0.9432273312994455, "lr": 0.7172217050964809, "phi_s": 1.9172589381634098, "beta_enc": 0.9086235641564001, "s_cf": 0.916828426928627, "k_intra": 3.5454162032447867, "phi_d": 0.3683733346127122, "gamma_fc": 0.15334313617748213}, "datetime": {"delta": 54.466048, "datetime": "2020-09-13 17:37:35", "elapsed": 16266.554157}}
{"target": -8675.281328160072, "params": {"epsilon_d": 4.007441439084867, "gamma_cf": 0.3266262287624711, "beta_rec": 0.9420976718251587, "lr": 0.7145574160308005, "phi_s": 1.9221959978870091, "beta_enc": 0.9081043722587205, "s_cf": 0.9180162686275168, "k_intra": 3.5439941661830603, "phi_d": 0.3667986142926271, "gamma_fc": 0.148830380438255}, "datetime": {"delta": 59.595351, "datetime": "2020-09-13 17:38:34", "elapsed": 16326.149508}}
{"target": -8584.322871120174, "params": {"epsilon_d": 3.7309260252588987, "gamma_cf": 0.37027023942414833, "beta_rec": 0.9826641852643763, "lr": 0.5860088668648676, "phi_s": 2.2199369665529, "beta_enc": 0.2969416692337037, "s_cf": 0.37970710399925445, "k_intra": 8.679111064325204, "phi_d": 0.9096456046369348, "gamma_fc": 0.17280590369994114}, "datetime": {"delta": 56.625436, "datetime": "2020-09-13 17:39:31", "elapsed": 16382.774944}}
{"target": -8672.926861420548, "params": {"epsilon_d": 3.968321341931565, "gamma_cf": 0.3221869380715402, "beta_rec": 0.9441232448811688, "lr": 0.7093190500078788, "phi_s": 1.9380430432673015, "beta_enc": 0.9026715480045956, "s_cf": 0.9200235642308373, "k_intra": 3.5387477521760475, "phi_d": 0.36105326230549556, "gamma_fc": 0.149210022163016}, "datetime": {"delta": 57.601067, "datetime": "2020-09-13 17:40:28", "elapsed": 16440.376011}}
{"target": -8670.87164373203, "params": {"epsilon_d": 3.9250080115146204, "gamma_cf": 0.3167721076042691, "beta_rec": 0.9489138018265284, "lr": 0.7039410600601792, "phi_s": 1.9569024243262565, "beta_enc": 0.8956792258665539, "s_cf": 0.9214157218647577, "k_intra": 3.5350698085148244, "phi_d": 0.3616986012713758, "gamma_fc": 0.15492589858141637}, "datetime": {"delta": 58.365006, "datetime": "2020-09-13 17:41:27", "elapsed": 16498.741017}}
{"target": -8669.961373535953, "params": {"epsilon_d": 3.8994941576792868, "gamma_cf": 0.31592551757428905, "beta_rec": 0.9486410276009354, "lr": 0.7019455603546956, "phi_s": 1.9644518781486007, "beta_enc": 0.8902481653908659, "s_cf": 0.9206631490566609, "k_intra": 3.5356937113643223, "phi_d": 0.36914548926841306, "gamma_fc": 0.16000271447753492}, "datetime": {"delta": 57.87056, "datetime": "2020-09-13 17:42:25", "elapsed": 16556.611577}}
{"target": -8584.394033768662, "params": {"epsilon_d": 3.727894422089875, "gamma_cf": 0.3689695082258986, "beta_rec": 0.98469632765177, "lr": 0.5903382784611338, "phi_s": 2.224817418847197, "beta_enc": 0.296200779332605, "s_cf": 0.3825044456356121, "k_intra": 8.674364194158962, "phi_d": 0.9077828995880787, "gamma_fc": 0.1717022714053649}, "datetime": {"delta": 56.533678, "datetime": "2020-09-13 17:43:21", "elapsed": 16613.145255}}
{"target": -8669.576072090686, "params": {"epsilon_d": 3.87976764116352, "gamma_cf": 0.31923470483747524, "beta_rec": 0.9421179458910668, "lr": 0.7007273764160123, "phi_s": 1.96305907995143, "beta_enc": 0.8835378319259712, "s_cf": 0.9176897618632189, "k_intra": 3.5383173033897695, "phi_d": 0.38138398352592146, "gamma_fc": 0.16446992306660702}, "datetime": {"delta": 56.722541, "datetime": "2020-09-13 17:44:18", "elapsed": 16669.867796}}
{"target": -8669.57427511744, "params": {"epsilon_d": 3.8802721612582096, "gamma_cf": 0.31851727403472974, "beta_rec": 0.942690169548238, "lr": 0.7023096521327608, "phi_s": 1.964368254740917, "beta_enc": 0.8840181885519541, "s_cf": 0.9189454417821734, "k_intra": 3.537374411940117, "phi_d": 0.3817503127735409, "gamma_fc": 0.1646764774719469}, "datetime": {"delta": 55.996201, "datetime": "2020-09-13 17:45:14", "elapsed": 16725.863997}}
{"target": -8669.471635965914, "params": {"epsilon_d": 3.8799677583941907, "gamma_cf": 0.3208329313514913, "beta_rec": 0.9413076761815138, "lr": 0.7004404895605848, "phi_s": 1.9640280135560522, "beta_enc": 0.8845934151317895, "s_cf": 0.9189567790472689, "k_intra": 3.53601825735542, "phi_d": 0.38124093039155194, "gamma_fc": 0.16495765347097302}, "datetime": {"delta": 58.834205, "datetime": "2020-09-13 17:46:13", "elapsed": 16784.698202}}
{"target": -8669.486522620837, "params": {"epsilon_d": 3.8821556612083237, "gamma_cf": 0.32448545932133865, "beta_rec": 0.9410686676803433, "lr": 0.6962655952272279, "phi_s": 1.9644169986623858, "beta_enc": 0.8867756585921968, "s_cf": 0.9230120463218836, "k_intra": 3.5282635459047813, "phi_d": 0.38212896554275577, "gamma_fc": 0.16680395762655167}, "datetime": {"delta": 57.62143, "datetime": "2020-09-13 17:47:10", "elapsed": 16842.319632}}
{"target": -8669.512997190737, "params": {"epsilon_d": 3.880704308164257, "gamma_cf": 0.3248218043301945, "beta_rec": 0.9370029307283358, "lr": 0.6992470484232919, "phi_s": 1.9658567106892455, "beta_enc": 0.8867452483659009, "s_cf": 0.9187150555581068, "k_intra": 3.531840277537455, "phi_d": 0.3810347053076368, "gamma_fc": 0.16680417845469}, "datetime": {"delta": 57.939847, "datetime": "2020-09-13 17:48:08", "elapsed": 16900.259479}}
