{"target": 7.875, "params": {"gamma_cf": 0.28027673869506287, "beta_rec": 0.5014681498408159, "gamma_fc": 0.05096821259358564, "cue_position": 16.0, "beta_enc": 0.6544855638853351}, "datetime": {"delta": 11.22119, "elapsed": 886.55047, "datetime": "2020-06-14 09:55:37"}}
{"target": 9.375, "params": {"gamma_cf": 0.3652870110562999, "beta_rec": 0.6151825233098547, "gamma_fc": 0.32582831104262566, "cue_position": 16.0, "beta_enc": 0.6046404530634157}, "datetime": {"delta": 11.512426, "elapsed": 898.062896, "datetime": "2020-06-14 09:55:49"}}
{"target": 7.5, "params": {"gamma_cf": 0.04342836061697064, "beta_rec": 0.8676219208753905, "gamma_fc": 0.6955167727780033, "cue_position": 16.0, "beta_enc": 0.3538432246879972}, "datetime": {"delta": 11.456352, "elapsed": 909.519248, "datetime": "2020-06-14 09:56:00"}}
{"target": 9.25, "params": {"gamma_cf": 0.8498480443235641, "beta_rec": 0.16853577639340056, "gamma_fc": 0.003976210220115739, "cue_position": 16.0, "beta_enc": 0.1679304359101884}, "datetime": {"delta": 11.309493, "elapsed": 920.828741, "datetime": "2020-06-14 09:56:11"}}
{"target": 8.75, "params": {"gamma_cf": 0.5968968584258147, "beta_rec": 0.6479747358443234, "gamma_fc": 0.8321048152709601, "cue_position": 16.0, "beta_enc": 0.5650860688586362}, "datetime": {"delta": 11.331152, "elapsed": 932.159893, "datetime": "2020-06-14 09:56:23"}}
{"target": 8.375, "params": {"gamma_cf": 0.5601823635538521, "beta_rec": 0.34546504699429004, "gamma_fc": 0.7597930429369899, "cue_position": 16.0, "beta_enc": 0.7078472919250993}, "datetime": {"delta": 11.599937, "elapsed": 943.75983, "datetime": "2020-06-14 09:56:34"}}
{"target": 5.75, "params": {"gamma_cf": 0.9377781233538482, "beta_rec": 0.7531857117604591, "gamma_fc": 0.5404989835582731, "cue_position": 16.0, "beta_enc": 0.9290253812815991}, "datetime": {"delta": 11.609599, "elapsed": 955.369429, "datetime": "2020-06-14 09:56:46"}}
{"target": 7.25, "params": {"gamma_cf": 0.3505099719578295, "beta_rec": 0.25599776438161925, "gamma_fc": 0.5558277849535839, "cue_position": 16.0, "beta_enc": 0.012905796540260694}, "datetime": {"delta": 11.519354, "elapsed": 966.888783, "datetime": "2020-06-14 09:56:57"}}
{"target": 8.25, "params": {"gamma_cf": 0.5148140108177475, "beta_rec": 0.3257796240187517, "gamma_fc": 0.046132576270561776, "cue_position": 16.0, "beta_enc": 0.1507124271018253}, "datetime": {"delta": 11.439571, "elapsed": 978.328354, "datetime": "2020-06-14 09:57:09"}}
{"target": 6.125, "params": {"gamma_cf": 0.5931043573514357, "beta_rec": 0.826367351217674, "gamma_fc": 0.31906246416471473, "cue_position": 16.0, "beta_enc": 0.8151178265186164}, "datetime": {"delta": 11.636239, "elapsed": 989.964593, "datetime": "2020-06-14 09:57:21"}}
{"target": 10.375, "params": {"gamma_cf": 0.7600751234184551, "beta_rec": 0.7420791689350076, "gamma_fc": 0.20170622041481656, "cue_position": 16.0, "beta_enc": 0.3018036837763787}, "datetime": {"delta": 11.636857, "elapsed": 1001.60145, "datetime": "2020-06-14 09:57:32"}}
{"target": 8.5, "params": {"gamma_cf": 0.5463506664539869, "beta_rec": 0.892673248438828, "gamma_fc": 0.5814868007410612, "cue_position": 16.0, "beta_enc": 0.8215472277834082}, "datetime": {"delta": 11.540719, "elapsed": 1013.142169, "datetime": "2020-06-14 09:57:44"}}
{"target": 8.875, "params": {"gamma_cf": 0.6836526309289085, "beta_rec": 0.6627549298194059, "gamma_fc": 0.14042002201097237, "cue_position": 16.0, "beta_enc": 0.05442917041360107}, "datetime": {"delta": 11.770886, "elapsed": 1024.913055, "datetime": "2020-06-14 09:57:56"}}
{"target": 9.5, "params": {"gamma_cf": 0.1717845976055481, "beta_rec": 0.3180534294353542, "gamma_fc": 0.4360766930542024, "cue_position": 16.0, "beta_enc": 0.5031348735771223}, "datetime": {"delta": 11.812447, "elapsed": 1036.725502, "datetime": "2020-06-14 09:58:07"}}
{"target": 7.625, "params": {"gamma_cf": 0.673087342035815, "beta_rec": 0.3443521099116499, "gamma_fc": 0.3184475658981162, "cue_position": 16.0, "beta_enc": 0.9728796732837471}, "datetime": {"delta": 11.759982, "elapsed": 1048.485484, "datetime": "2020-06-14 09:58:19"}}
{"target": 7.5, "params": {"gamma_cf": 0.05826347071930782, "beta_rec": 0.15524653472102823, "gamma_fc": 0.5447938165864682, "cue_position": 16.0, "beta_enc": 0.9815804191035736}, "datetime": {"delta": 11.666402, "elapsed": 1060.151886, "datetime": "2020-06-14 09:58:31"}}
{"target": 7.25, "params": {"gamma_cf": 0.24264406524826676, "beta_rec": 0.44932989494597153, "gamma_fc": 0.16574544851199546, "cue_position": 16.0, "beta_enc": 0.7793524721697881}, "datetime": {"delta": 11.936522, "elapsed": 1072.088408, "datetime": "2020-06-14 09:58:43"}}
{"target": 7.875, "params": {"gamma_cf": 0.02659278748053273, "beta_rec": 0.44828892351443506, "gamma_fc": 0.788531700593443, "cue_position": 16.0, "beta_enc": 0.8882014127783863}, "datetime": {"delta": 11.918406, "elapsed": 1084.006814, "datetime": "2020-06-14 09:58:55"}}
{"target": 5.125, "params": {"gamma_cf": 0.3085059754121001, "beta_rec": 0.03337460268766668, "gamma_fc": 0.4044638166766916, "cue_position": 16.0, "beta_enc": 0.9965328379090809}, "datetime": {"delta": 11.775915, "elapsed": 1095.782729, "datetime": "2020-06-14 09:59:06"}}
{"target": 8.375, "params": {"gamma_cf": 0.20773238284225992, "beta_rec": 0.9994318604459295, "gamma_fc": 0.6219748721226163, "cue_position": 16.0, "beta_enc": 0.39198556424745434}, "datetime": {"delta": 11.816159, "elapsed": 1107.598888, "datetime": "2020-06-14 09:59:18"}}
{"target": 7.125, "params": {"gamma_cf": 0.49877407349602154, "beta_rec": 0.8719955775741551, "gamma_fc": 0.9156802654837467, "cue_position": 16.0, "beta_enc": 0.9413419945821375}, "datetime": {"delta": 12.000445, "elapsed": 1119.599333, "datetime": "2020-06-14 09:59:30"}}
{"target": 8.5, "params": {"gamma_cf": 0.6576694319280288, "beta_rec": 0.3407258278132482, "gamma_fc": 0.9233943181188928, "cue_position": 16.0, "beta_enc": 0.17314241803484698}, "datetime": {"delta": 12.058254, "elapsed": 1131.657587, "datetime": "2020-06-14 09:59:42"}}
{"target": 9.25, "params": {"gamma_cf": 0.6438892109104123, "beta_rec": 0.023121710867644696, "gamma_fc": 0.17132320433866677, "cue_position": 16.0, "beta_enc": 0.3752280354274564}, "datetime": {"delta": 12.037325, "elapsed": 1143.694912, "datetime": "2020-06-14 09:59:54"}}
{"target": 8.375, "params": {"gamma_cf": 0.7189311364366958, "beta_rec": 0.7292398947203562, "gamma_fc": 0.4385694929575654, "cue_position": 16.0, "beta_enc": 0.3763524558064476}, "datetime": {"delta": 12.000955, "elapsed": 1155.695867, "datetime": "2020-06-14 10:00:06"}}
{"target": 7.625, "params": {"gamma_cf": 0.48565273888509397, "beta_rec": 0.17155182915081235, "gamma_fc": 0.6605100287762696, "cue_position": 16.0, "beta_enc": 0.16327785910097092}, "datetime": {"delta": 12.245144, "elapsed": 1167.941011, "datetime": "2020-06-14 10:00:19"}}
{"target": 7.125, "params": {"gamma_cf": 0.0950361126515119, "beta_rec": 0.8449200818555821, "gamma_fc": 0.27896139300900724, "cue_position": 16.0, "beta_enc": 0.8290883682485372}, "datetime": {"delta": 12.173544, "elapsed": 1180.114555, "datetime": "2020-06-14 10:00:31"}}
{"target": 9.625, "params": {"gamma_cf": 0.20451359471985908, "beta_rec": 0.23753801889923964, "gamma_fc": 0.9863006421636911, "cue_position": 16.0, "beta_enc": 0.3867752506863317}, "datetime": {"delta": 12.082226, "elapsed": 1192.196781, "datetime": "2020-06-14 10:00:43"}}
{"target": 8.125, "params": {"gamma_cf": 0.5238072328580478, "beta_rec": 0.06519998160513496, "gamma_fc": 0.1981699905897153, "cue_position": 16.0, "beta_enc": 0.6782042666877428}, "datetime": {"delta": 12.28716, "elapsed": 1204.483941, "datetime": "2020-06-14 10:00:55"}}
{"target": 7.25, "params": {"gamma_cf": 0.055388339515422325, "beta_rec": 0.9649281208853634, "gamma_fc": 0.36462941046586805, "cue_position": 16.0, "beta_enc": 0.1397506228786759}, "datetime": {"delta": 12.238083, "elapsed": 1216.722024, "datetime": "2020-06-14 10:01:07"}}
{"target": 8.375, "params": {"gamma_cf": 0.8362572291900638, "beta_rec": 0.8430555467718505, "gamma_fc": 0.038378672514279066, "cue_position": 16.0, "beta_enc": 0.9544774939140117}, "datetime": {"delta": 12.350495, "elapsed": 1229.072519, "datetime": "2020-06-14 10:01:20"}}
{"target": 10.25, "params": {"gamma_cf": 0.8821109228691476, "beta_rec": 0.41325579253565903, "gamma_fc": 0.7430476329925271, "cue_position": 16.0, "beta_enc": 0.5747288669273694}, "datetime": {"delta": 12.353335, "elapsed": 1241.425854, "datetime": "2020-06-14 10:01:32"}}
{"target": 7.375, "params": {"gamma_cf": 0.30728291980540157, "beta_rec": 0.505458520126971, "gamma_fc": 0.7772496019533358, "cue_position": 16.0, "beta_enc": 0.9007302433889561}, "datetime": {"delta": 12.384602, "elapsed": 1253.810456, "datetime": "2020-06-14 10:01:44"}}
{"target": 9.0, "params": {"gamma_cf": 0.2665250261782043, "beta_rec": 0.15565524953091137, "gamma_fc": 0.438991094292284, "cue_position": 16.0, "beta_enc": 0.26749274851238003}, "datetime": {"delta": 12.36744, "elapsed": 1266.177896, "datetime": "2020-06-14 10:01:57"}}
{"target": 8.625, "params": {"gamma_cf": 0.17811771975418234, "beta_rec": 0.37850064877552425, "gamma_fc": 0.28522835513886624, "cue_position": 16.0, "beta_enc": 0.5535816017815836}, "datetime": {"delta": 12.456575, "elapsed": 1278.634471, "datetime": "2020-06-14 10:02:09"}}
{"target": 7.625, "params": {"gamma_cf": 0.11998211129643988, "beta_rec": 0.2821742074388378, "gamma_fc": 0.2426563798773379, "cue_position": 16.0, "beta_enc": 0.020907493529244148}, "datetime": {"delta": 12.174599, "elapsed": 1290.80907, "datetime": "2020-06-14 10:02:21"}}
{"target": 6.125, "params": {"gamma_cf": 0.913039076012935, "beta_rec": 0.48460654485756527, "gamma_fc": 0.14551797233618768, "cue_position": 16.0, "beta_enc": 0.639317950090517}, "datetime": {"delta": 12.409172, "elapsed": 1303.218242, "datetime": "2020-06-14 10:02:34"}}
{"target": 9.125, "params": {"gamma_cf": 0.8548769782651825, "beta_rec": 0.7255658502817568, "gamma_fc": 0.255258001476966, "cue_position": 16.0, "beta_enc": 0.47893928324947876}, "datetime": {"delta": 12.424735, "elapsed": 1315.642977, "datetime": "2020-06-14 10:02:46"}}
{"target": 8.125, "params": {"gamma_cf": 0.22497258142338827, "beta_rec": 0.7046143260448073, "gamma_fc": 0.6600523903673606, "cue_position": 16.0, "beta_enc": 0.8816184182196938}, "datetime": {"delta": 12.532896, "elapsed": 1328.175873, "datetime": "2020-06-14 10:02:59"}}
{"target": 9.125, "params": {"gamma_cf": 0.32218304209901505, "beta_rec": 0.1419769541332826, "gamma_fc": 0.34315283694660126, "cue_position": 16.0, "beta_enc": 0.7216179882341054}, "datetime": {"delta": 12.421577, "elapsed": 1340.59745, "datetime": "2020-06-14 10:03:11"}}
{"target": 9.625, "params": {"gamma_cf": 0.06742052222378025, "beta_rec": 0.697650172966812, "gamma_fc": 0.5998936798702742, "cue_position": 16.0, "beta_enc": 0.7450678735774986}, "datetime": {"delta": 12.620976, "elapsed": 1353.218426, "datetime": "2020-06-14 10:03:24"}}
{"target": 8.125, "params": {"gamma_cf": 0.2988040650403774, "beta_rec": 0.8695391752882436, "gamma_fc": 0.2686360661317151, "cue_position": 16.0, "beta_enc": 0.8605015437093574}, "datetime": {"delta": 12.528717, "elapsed": 1365.747143, "datetime": "2020-06-14 10:03:36"}}
{"target": 10.75, "params": {"gamma_cf": 0.9185400156704108, "beta_rec": 0.6503315192675189, "gamma_fc": 0.12830558624725896, "cue_position": 16.0, "beta_enc": 0.36406258412824677}, "datetime": {"delta": 12.721535, "elapsed": 1378.468678, "datetime": "2020-06-14 10:03:49"}}
{"target": 7.375, "params": {"gamma_cf": 0.2608453148708836, "beta_rec": 0.11761372686942329, "gamma_fc": 0.7132297259537755, "cue_position": 16.0, "beta_enc": 0.10405718116767881}, "datetime": {"delta": 12.382383, "elapsed": 1390.851061, "datetime": "2020-06-14 10:04:01"}}
{"target": 10.625, "params": {"gamma_cf": 0.4401851710471075, "beta_rec": 0.035945880602355706, "gamma_fc": 0.3926440396165186, "cue_position": 16.0, "beta_enc": 0.22441382791023046}, "datetime": {"delta": 12.726331, "elapsed": 1403.577392, "datetime": "2020-06-14 10:04:14"}}
{"target": 9.0, "params": {"gamma_cf": 0.3095420682900879, "beta_rec": 0.802230921335781, "gamma_fc": 0.7686851693982348, "cue_position": 16.0, "beta_enc": 0.9685438627953133}, "datetime": {"delta": 12.729304, "elapsed": 1416.306696, "datetime": "2020-06-14 10:04:27"}}
{"target": 8.875, "params": {"gamma_cf": 0.4457145922482165, "beta_rec": 0.6922868589581326, "gamma_fc": 0.8887724895225111, "cue_position": 16.0, "beta_enc": 0.8357746842955388}, "datetime": {"delta": 12.745806, "elapsed": 1429.052502, "datetime": "2020-06-14 10:04:40"}}
{"target": 7.75, "params": {"gamma_cf": 0.2636401808086629, "beta_rec": 0.7069076606575526, "gamma_fc": 0.7245857367935515, "cue_position": 16.0, "beta_enc": 0.2504016899353959}, "datetime": {"delta": 12.624393, "elapsed": 1441.676895, "datetime": "2020-06-14 10:04:52"}}
{"target": 9.0, "params": {"gamma_cf": 0.38944247827384304, "beta_rec": 0.508257166121943, "gamma_fc": 0.6776600511748376, "cue_position": 16.0, "beta_enc": 0.5308651926781343}, "datetime": {"delta": 12.833639, "elapsed": 1454.510534, "datetime": "2020-06-14 10:05:05"}}
{"target": 6.875, "params": {"gamma_cf": 0.04566107685463239, "beta_rec": 0.4078163449503509, "gamma_fc": 0.05163389580081135, "cue_position": 16.0, "beta_enc": 0.6198990739502716}, "datetime": {"delta": 12.531006, "elapsed": 1467.04154, "datetime": "2020-06-14 10:05:18"}}
{"target": 9.75, "params": {"gamma_cf": 0.6078393878613104, "beta_rec": 0.8921417544966584, "gamma_fc": 0.4365148796944358, "cue_position": 16.0, "beta_enc": 0.17038178151173633}, "datetime": {"delta": 12.871175, "elapsed": 1479.912715, "datetime": "2020-06-14 10:05:31"}}
{"target": 7.25, "params": {"gamma_cf": 0.8443044368572742, "beta_rec": 0.6604984283138354, "gamma_fc": 0.8651333602146253, "cue_position": 16.0, "beta_enc": 0.34795710867907126}, "datetime": {"delta": 12.573907, "elapsed": 1492.486622, "datetime": "2020-06-14 10:05:43"}}
{"target": 6.125, "params": {"gamma_cf": 0.4774910465572151, "beta_rec": 0.07282467498475698, "gamma_fc": 0.9529670902574302, "cue_position": 16.0, "beta_enc": 0.9455539638836458}, "datetime": {"delta": 12.845956, "elapsed": 1505.332578, "datetime": "2020-06-14 10:05:56"}}
{"target": 8.875, "params": {"gamma_cf": 0.70443895760863, "beta_rec": 0.751770358076809, "gamma_fc": 0.6333224203249752, "cue_position": 16.0, "beta_enc": 0.3737106889030126}, "datetime": {"delta": 12.842074, "elapsed": 1518.174652, "datetime": "2020-06-14 10:06:09"}}
{"target": 5.875, "params": {"gamma_cf": 0.7554245907539987, "beta_rec": 0.9670302879946948, "gamma_fc": 0.5512357024638389, "cue_position": 16.0, "beta_enc": 0.922693284710127}, "datetime": {"delta": 12.93101, "elapsed": 1531.105662, "datetime": "2020-06-14 10:06:22"}}
{"target": 7.875, "params": {"gamma_cf": 0.8247885950560484, "beta_rec": 0.08482902047063212, "gamma_fc": 0.033959560110933595, "cue_position": 16.0, "beta_enc": 0.2578873072599167}, "datetime": {"delta": 12.822366, "elapsed": 1543.928028, "datetime": "2020-06-14 10:06:35"}}
{"target": 7.625, "params": {"gamma_cf": 0.6016168329166146, "beta_rec": 0.41226853556318177, "gamma_fc": 0.054552289502780016, "cue_position": 16.0, "beta_enc": 0.876952288744639}, "datetime": {"delta": 13.012549, "elapsed": 1556.940577, "datetime": "2020-06-14 10:06:48"}}
{"target": 6.625, "params": {"gamma_cf": 0.6763473499149859, "beta_rec": 0.3350711806819787, "gamma_fc": 0.07513417391905097, "cue_position": 16.0, "beta_enc": 0.8603574053273682}, "datetime": {"delta": 12.935251, "elapsed": 1569.875828, "datetime": "2020-06-14 10:07:00"}}
{"target": 10.125, "params": {"gamma_cf": 0.6749479576816343, "beta_rec": 0.44982034052873787, "gamma_fc": 0.12291952744999535, "cue_position": 16.0, "beta_enc": 0.20566512035264195}, "datetime": {"delta": 13.113428, "elapsed": 1582.989256, "datetime": "2020-06-14 10:07:14"}}
{"target": 7.5, "params": {"gamma_cf": 0.8971424572225127, "beta_rec": 0.2700902514693867, "gamma_fc": 0.8505078723941939, "cue_position": 16.0, "beta_enc": 0.28761991993820435}, "datetime": {"delta": 12.789907, "elapsed": 1595.779163, "datetime": "2020-06-14 10:07:26"}}
{"target": 9.625, "params": {"gamma_cf": 0.32579029099349277, "beta_rec": 0.2394185506112395, "gamma_fc": 0.7824242559653117, "cue_position": 16.0, "beta_enc": 0.6670051721906931}, "datetime": {"delta": 13.099655, "elapsed": 1608.878818, "datetime": "2020-06-14 10:07:39"}}
{"target": 11.25, "params": {"gamma_cf": 0.1028314792927899, "beta_rec": 0.421459940672673, "gamma_fc": 0.739930615498784, "cue_position": 16.0, "beta_enc": 0.2826557768169553}, "datetime": {"delta": 13.06037, "elapsed": 1621.939188, "datetime": "2020-06-14 10:07:53"}}
{"target": 9.125, "params": {"gamma_cf": 0.8096099938534859, "beta_rec": 0.7332477888378937, "gamma_fc": 0.8574464323004705, "cue_position": 16.0, "beta_enc": 0.7571829139904301}, "datetime": {"delta": 13.18237, "elapsed": 1635.121558, "datetime": "2020-06-14 10:08:06"}}
{"target": 6.25, "params": {"gamma_cf": 0.12289270374370798, "beta_rec": 0.0007191754613268264, "gamma_fc": 0.8383274946114351, "cue_position": 16.0, "beta_enc": 0.8597351216333393}, "datetime": {"delta": 12.986166, "elapsed": 1648.107724, "datetime": "2020-06-14 10:08:19"}}
{"target": 8.75, "params": {"gamma_cf": 0.4597189033585052, "beta_rec": 0.4721218282502294, "gamma_fc": 0.18546430846602002, "cue_position": 16.0, "beta_enc": 0.6108365558317372}, "datetime": {"delta": 13.258611, "elapsed": 1661.366335, "datetime": "2020-06-14 10:08:32"}}
{"target": 10.125, "params": {"gamma_cf": 0.969677827867876, "beta_rec": 0.7906666452531738, "gamma_fc": 0.040262031467212855, "cue_position": 16.0, "beta_enc": 0.2927446977862863}, "datetime": {"delta": 13.175098, "elapsed": 1674.541433, "datetime": "2020-06-14 10:08:45"}}
{"target": 9.5, "params": {"gamma_cf": 0.9589471583427723, "beta_rec": 0.7656710239801062, "gamma_fc": 0.4348691939744048, "cue_position": 16.0, "beta_enc": 0.6302122229037923}, "datetime": {"delta": 13.286459, "elapsed": 1687.827892, "datetime": "2020-06-14 10:08:58"}}
{"target": 7.375, "params": {"gamma_cf": 0.38965806358780364, "beta_rec": 0.5305831996748693, "gamma_fc": 0.6148448495128803, "cue_position": 16.0, "beta_enc": 0.2899001306702723}, "datetime": {"delta": 13.019786, "elapsed": 1700.847678, "datetime": "2020-06-14 10:09:11"}}
{"target": 7.375, "params": {"gamma_cf": 0.8961167585191214, "beta_rec": 0.15062260927743698, "gamma_fc": 0.7249489865343788, "cue_position": 16.0, "beta_enc": 0.7545289441398623}, "datetime": {"delta": 13.301358, "elapsed": 1714.149036, "datetime": "2020-06-14 10:09:25"}}
{"target": 6.0, "params": {"gamma_cf": 0.9560998609397905, "beta_rec": 0.6774085806740039, "gamma_fc": 0.4956563827574373, "cue_position": 16.0, "beta_enc": 0.7518486840910086}, "datetime": {"delta": 13.16815, "elapsed": 1727.317186, "datetime": "2020-06-14 10:09:38"}}
{"target": 9.625, "params": {"gamma_cf": 0.5390336766065984, "beta_rec": 0.14432065067539035, "gamma_fc": 0.16387316416736786, "cue_position": 16.0, "beta_enc": 0.3210328123758198}, "datetime": {"delta": 13.423411, "elapsed": 1740.740597, "datetime": "2020-06-14 10:09:51"}}
{"target": 7.25, "params": {"gamma_cf": 0.3854412868241617, "beta_rec": 0.38747643844056856, "gamma_fc": 0.7074772068712194, "cue_position": 16.0, "beta_enc": 0.25236297473358615}, "datetime": {"delta": 13.272687, "elapsed": 1754.013284, "datetime": "2020-06-14 10:10:05"}}
{"target": 8.0, "params": {"gamma_cf": 0.8129401397352223, "beta_rec": 0.5642992937767682, "gamma_fc": 0.17921940471961084, "cue_position": 16.0, "beta_enc": 0.14295302405341714}, "datetime": {"delta": 13.450087, "elapsed": 1767.463371, "datetime": "2020-06-14 10:10:18"}}
{"target": 7.875, "params": {"gamma_cf": 0.40591811955078483, "beta_rec": 0.2357387120076685, "gamma_fc": 0.6385558786405091, "cue_position": 16.0, "beta_enc": 0.48010077572089926}, "datetime": {"delta": 13.383735, "elapsed": 1780.847106, "datetime": "2020-06-14 10:10:31"}}
{"target": 8.375, "params": {"gamma_cf": 0.4043941756294943, "beta_rec": 0.8281316809610227, "gamma_fc": 0.8214587540810132, "cue_position": 16.0, "beta_enc": 0.017514165077343713}, "datetime": {"delta": 13.476472, "elapsed": 1794.323578, "datetime": "2020-06-14 10:10:45"}}
{"target": 8.375, "params": {"gamma_cf": 0.6976935574815737, "beta_rec": 0.7284649923503574, "gamma_fc": 0.5684388510874242, "cue_position": 16.0, "beta_enc": 0.6500855861936212}, "datetime": {"delta": 13.37208, "elapsed": 1807.695658, "datetime": "2020-06-14 10:10:58"}}
{"target": 9.75, "params": {"gamma_cf": 0.21257516176509006, "beta_rec": 0.5637759523830189, "gamma_fc": 0.9389850797833046, "cue_position": 16.0, "beta_enc": 0.9019229127254408}, "datetime": {"delta": 13.56345, "elapsed": 1821.259108, "datetime": "2020-06-14 10:11:12"}}
{"target": 5.0, "params": {"gamma_cf": 0.43513793840043313, "beta_rec": 0.3948004464714189, "gamma_fc": 0.9611588770953352, "cue_position": 16.0, "beta_enc": 0.9975451729403216}, "datetime": {"delta": 13.401046, "elapsed": 1834.660154, "datetime": "2020-06-14 10:11:25"}}
{"target": 6.375, "params": {"gamma_cf": 0.01153185264723744, "beta_rec": 0.46996423522737263, "gamma_fc": 0.08976892395036795, "cue_position": 16.0, "beta_enc": 0.6804772531177624}, "datetime": {"delta": 13.570724, "elapsed": 1848.230878, "datetime": "2020-06-14 10:11:39"}}
{"target": 9.5, "params": {"gamma_cf": 0.7662613070716223, "beta_rec": 0.6040404327367579, "gamma_fc": 0.21231205437970446, "cue_position": 16.0, "beta_enc": 0.4466946342033}, "datetime": {"delta": 13.521915, "elapsed": 1861.752793, "datetime": "2020-06-14 10:11:52"}}
{"target": 7.75, "params": {"gamma_cf": 0.6458226167362777, "beta_rec": 0.3138566614634002, "gamma_fc": 0.6685163334581562, "cue_position": 16.0, "beta_enc": 0.462661763922385}, "datetime": {"delta": 13.680307, "elapsed": 1875.4331, "datetime": "2020-06-14 10:12:06"}}
