{"target": 6.810888888888888, "params": {"k": 5.0, "cue_position": 10.0, "gamma_fc": 0.14675589081711304, "beta_rec": 0.7203244934421581, "beta_enc": 0.417022004702574, "enc_rate": 1.0}, "datetime": {"elapsed": 0.0, "delta": 0.0, "datetime": "2021-03-11 16:10:52"}}
{"target": 7.472888888888889, "params": {"k": 5.0, "cue_position": 10.0, "gamma_fc": 0.4191945144032948, "beta_rec": 0.34556072704304774, "beta_enc": 0.1862602113776709, "enc_rate": 1.0}, "datetime": {"elapsed": 23.471005, "delta": 23.471005, "datetime": "2021-03-11 16:11:15"}}
{"target": 7.49511111111111, "params": {"k": 5.0, "cue_position": 10.0, "gamma_fc": 0.41730480236712697, "beta_rec": 0.8781174363909454, "beta_enc": 0.20445224973151743, "enc_rate": 1.0}, "datetime": {"elapsed": 46.922385, "delta": 23.45138, "datetime": "2021-03-11 16:11:38"}}
{"target": 7.537111111111111, "params": {"k": 5.0, "cue_position": 10.0, "gamma_fc": 0.31342417815924284, "beta_rec": 0.1981014890848788, "beta_enc": 0.14038693859523377, "enc_rate": 1.0}, "datetime": {"elapsed": 70.452563, "delta": 23.530178, "datetime": "2021-03-11 16:12:02"}}
{"target": 5.554666666666667, "params": {"k": 5.0, "cue_position": 10.0, "gamma_fc": 0.1698304195645689, "beta_rec": 0.8946066635038473, "beta_enc": 0.8763891522960383, "enc_rate": 1.0}, "datetime": {"elapsed": 90.186165, "delta": 19.733602, "datetime": "2021-03-11 16:12:22"}}
{"target": 7.54511111111111, "params": {"k": 5.0, "cue_position": 10.0, "gamma_fc": 0.6918771139504734, "beta_rec": 0.42110762500505217, "beta_enc": 0.0983468338330501, "enc_rate": 1.0}, "datetime": {"elapsed": 113.701684, "delta": 23.515519, "datetime": "2021-03-11 16:12:45"}}
{"target": 6.622888888888889, "params": {"k": 5.0, "cue_position": 10.0, "gamma_fc": 0.9888610889064947, "beta_rec": 0.8346256718973729, "beta_enc": 0.6865009276815837, "enc_rate": 1.0}, "datetime": {"elapsed": 135.448545, "delta": 21.746861, "datetime": "2021-03-11 16:13:07"}}
{"target": 7.475555555555556, "params": {"k": 5.0, "cue_position": 10.0, "gamma_fc": 0.9085955030930956, "beta_rec": 0.7892793284514885, "beta_enc": 0.2804439920644052, "enc_rate": 1.0}, "datetime": {"elapsed": 158.837528, "delta": 23.388983, "datetime": "2021-03-11 16:13:30"}}
{"target": 7.332222222222223, "params": {"k": 5.0, "cue_position": 10.0, "gamma_fc": 0.21162811600005904, "beta_rec": 0.13002857211827767, "beta_enc": 0.28777533858634874, "enc_rate": 1.0}, "datetime": {"elapsed": 181.897902, "delta": 23.060374, "datetime": "2021-03-11 16:13:53"}}
{"target": 6.657555555555556, "params": {"k": 5.0, "cue_position": 10.0, "gamma_fc": 0.5893055369032842, "beta_rec": 0.053362545117080384, "beta_enc": 0.4915731592803383, "enc_rate": 1.0}, "datetime": {"elapsed": 203.722196, "delta": 21.824294, "datetime": "2021-03-11 16:14:15"}}
{"target": 7.499111111111111, "params": {"k": 5.0, "cue_position": 10.0, "gamma_fc": 0.04995345894608716, "beta_rec": 0.4140559878195683, "beta_enc": 0.10233442882782584, "enc_rate": 1.0}, "datetime": {"elapsed": 227.10335, "delta": 23.381154, "datetime": "2021-03-11 16:14:39"}}
{"target": 6.428444444444445, "params": {"k": 5.0, "cue_position": 10.0, "gamma_fc": 0.9034019152878835, "beta_rec": 0.5148891120583086, "beta_enc": 0.6637946452197888, "enc_rate": 1.0}, "datetime": {"elapsed": 248.533922, "delta": 21.430572, "datetime": "2021-03-11 16:15:00"}}
{"target": 7.533111111111111, "params": {"k": 5.0, "cue_position": 10.0, "gamma_fc": 0.9275085803960339, "beta_rec": 0.8073912887095238, "beta_enc": 0.13927634725075855, "enc_rate": 1.0}, "datetime": {"elapsed": 272.139066, "delta": 23.605144, "datetime": "2021-03-11 16:15:24"}}
{"target": 5.892444444444444, "params": {"k": 5.0, "cue_position": 10.0, "gamma_fc": 0.7509424340273372, "beta_rec": 0.7259979853504515, "beta_enc": 0.7508121031361555, "enc_rate": 1.0}, "datetime": {"elapsed": 292.591293, "delta": 20.452227, "datetime": "2021-03-11 16:15:44"}}
{"target": 7.466222222222223, "params": {"k": 5.0, "cue_position": 10.0, "gamma_fc": 0.6634414978184481, "beta_rec": 0.8958862181960668, "beta_enc": 0.2699278917650261, "enc_rate": 1.0}, "datetime": {"elapsed": 315.959507, "delta": 23.368214, "datetime": "2021-03-11 16:16:08"}}
{"target": 7.526666666666666, "params": {"k": 5.0, "cue_position": 10.0, "gamma_fc": 0.40813680276128117, "beta_rec": 0.9494892587070712, "beta_enc": 0.11474597295337519, "enc_rate": 1.0}, "datetime": {"elapsed": 339.430761, "delta": 23.471254, "datetime": "2021-03-11 16:16:31"}}
{"target": 4.969333333333333, "params": {"k": 5.0, "cue_position": 10.0, "gamma_fc": 0.32664490177209615, "beta_rec": 0.5736794866722859, "beta_enc": 0.9033795205622538, "enc_rate": 1.0}, "datetime": {"elapsed": 358.047932, "delta": 18.617171, "datetime": "2021-03-11 16:16:50"}}
{"target": 5.361555555555556, "params": {"k": 5.0, "cue_position": 10.0, "gamma_fc": 0.015821242846556283, "beta_rec": 0.35726976000249977, "beta_enc": 0.8859420993107745, "enc_rate": 1.0}, "datetime": {"elapsed": 377.451684, "delta": 19.403752, "datetime": "2021-03-11 16:17:09"}}
{"target": 6.601333333333334, "params": {"k": 5.0, "cue_position": 10.0, "gamma_fc": 0.9325954630371636, "beta_rec": 0.9973228504514805, "beta_enc": 0.690896917516924, "enc_rate": 1.0}, "datetime": {"elapsed": 399.107254, "delta": 21.65557, "datetime": "2021-03-11 16:17:31"}}
{"target": 7.540444444444444, "params": {"k": 5.0, "cue_position": 10.0, "gamma_fc": 0.7115247586284718, "beta_rec": 0.7554630526024664, "beta_enc": 0.06600017272206249, "enc_rate": 1.0}, "datetime": {"elapsed": 422.405503, "delta": 23.298249, "datetime": "2021-03-11 16:17:54"}}
{"target": 7.50911111111111, "params": {"k": 5.0, "cue_position": 10.0, "gamma_fc": 0.860027948682888, "beta_rec": 0.026210986877719278, "beta_enc": 0.01988013383979559, "enc_rate": 1.0}, "datetime": {"elapsed": 445.536923, "delta": 23.13142, "datetime": "2021-03-11 16:18:17"}}
{"target": 6.899555555555556, "params": {"k": 5.0, "cue_position": 10.0, "gamma_fc": 0.5857592714582879, "beta_rec": 0.8420308923596057, "beta_enc": 0.5528219786857659, "enc_rate": 1.0}, "datetime": {"elapsed": 467.531857, "delta": 21.994934, "datetime": "2021-03-11 16:18:39"}}
{"target": 6.219333333333333, "params": {"k": 5.0, "cue_position": 10.0, "gamma_fc": 0.8071051956187791, "beta_rec": 0.01864728937294302, "beta_enc": 0.56103021925571, "enc_rate": 1.0}, "datetime": {"elapsed": 488.327311, "delta": 20.795454, "datetime": "2021-03-11 16:19:00"}}
{"target": 5.344666666666667, "params": {"k": 5.0, "cue_position": 10.0, "gamma_fc": 0.05991768951221166, "beta_rec": 0.7471216427371846, "beta_enc": 0.8635418545594287, "enc_rate": 1.0}, "datetime": {"elapsed": 507.389346, "delta": 19.062035, "datetime": "2021-03-11 16:19:19"}}
{"target": 7.574222222222223, "params": {"k": 5.0, "cue_position": 10.0, "gamma_fc": 0.5597169820541424, "beta_rec": 0.1074941291060929, "beta_enc": 0.044551878544761725, "enc_rate": 1.0}, "datetime": {"elapsed": 530.571959, "delta": 23.182613, "datetime": "2021-03-11 16:19:42"}}
{"target": 7.530222222222223, "params": {"k": 5.0, "cue_position": 10.0, "gamma_fc": 0.2523257445703234, "beta_rec": 0.967276330000272, "beta_enc": 0.07197427968948678, "enc_rate": 1.0}, "datetime": {"elapsed": 553.662899, "delta": 23.09094, "datetime": "2021-03-11 16:20:05"}}
{"target": 7.439111111111112, "params": {"k": 5.0, "cue_position": 10.0, "gamma_fc": 0.23984775914758616, "beta_rec": 0.5813589272732578, "beta_enc": 0.1954294811093188, "enc_rate": 1.0}, "datetime": {"elapsed": 576.598107, "delta": 22.935208, "datetime": "2021-03-11 16:20:28"}}
{"target": 5.875777777777778, "params": {"k": 5.0, "cue_position": 10.0, "gamma_fc": 0.07002214371922233, "beta_rec": 0.8289808995501787, "beta_enc": 0.6199557183813798, "enc_rate": 1.0}, "datetime": {"elapsed": 596.663623, "delta": 20.065516, "datetime": "2021-03-11 16:20:48"}}
{"target": 6.550666666666667, "params": {"k": 5.0, "cue_position": 10.0, "gamma_fc": 0.5797452192457969, "beta_rec": 0.5688514370864813, "beta_enc": 0.6063294616533303, "enc_rate": 1.0}, "datetime": {"elapsed": 618.052366, "delta": 21.388743, "datetime": "2021-03-11 16:21:10"}}
{"target": 6.120666666666667, "params": {"k": 5.0, "cue_position": 10.0, "gamma_fc": 0.06633483442844157, "beta_rec": 0.7453344309065021, "beta_enc": 0.5509482191178968, "enc_rate": 1.0}, "datetime": {"elapsed": 638.556018, "delta": 20.503652, "datetime": "2021-03-11 16:21:30"}}
{"target": 5.967555555555556, "params": {"k": 5.0, "cue_position": 10.0, "gamma_fc": 0.26031509857854096, "beta_rec": 0.2101740099148396, "beta_enc": 0.6297175070215645, "enc_rate": 1.0}, "datetime": {"elapsed": 658.796713, "delta": 20.240695, "datetime": "2021-03-11 16:21:50"}}
{"target": 7.440444444444443, "params": {"k": 5.0, "cue_position": 10.0, "gamma_fc": 0.263296770487111, "beta_rec": 0.6394608808799401, "beta_enc": 0.19343428262332774, "enc_rate": 1.0}, "datetime": {"elapsed": 681.757489, "delta": 22.960776, "datetime": "2021-03-11 16:22:13"}}
{"target": 5.431555555555555, "params": {"k": 5.0, "cue_position": 10.0, "gamma_fc": 0.013951572975597015, "beta_rec": 0.7721780295432468, "beta_enc": 0.7350659632886695, "enc_rate": 1.0}, "datetime": {"elapsed": 700.945395, "delta": 19.187906, "datetime": "2021-03-11 16:22:33"}}
{"target": 6.936444444444445, "params": {"k": 5.0, "cue_position": 10.0, "gamma_fc": 0.9156063497662745, "beta_rec": 0.9490163206876164, "beta_enc": 0.6167783570016576, "enc_rate": 1.0}, "datetime": {"elapsed": 723.028608, "delta": 22.083213, "datetime": "2021-03-11 16:22:55"}}
{"target": 7.394666666666666, "params": {"k": 5.0, "cue_position": 10.0, "gamma_fc": 0.9261814267064536, "beta_rec": 0.48599066709690975, "beta_enc": 0.39000771414124624, "enc_rate": 1.0}, "datetime": {"elapsed": 745.928472, "delta": 22.899864, "datetime": "2021-03-11 16:23:17"}}
{"target": 6.915555555555555, "params": {"k": 5.0, "cue_position": 10.0, "gamma_fc": 0.13507915804673132, "beta_rec": 0.9632625284407118, "beta_enc": 0.3948756129235549, "enc_rate": 1.0}, "datetime": {"elapsed": 767.975883, "delta": 22.047411, "datetime": "2021-03-11 16:23:40"}}
{"target": 7.522222222222223, "params": {"k": 5.0, "cue_position": 10.0, "gamma_fc": 0.17619625557505525, "beta_rec": 0.947970211217681, "beta_enc": 0.021524805274197978, "enc_rate": 1.0}, "datetime": {"elapsed": 791.124846, "delta": 23.148963, "datetime": "2021-03-11 16:24:03"}}
{"target": 7.528444444444444, "params": {"k": 5.0, "cue_position": 10.0, "gamma_fc": 0.58201417994708, "beta_rec": 0.8094906921265821, "beta_enc": 0.1309968448109169, "enc_rate": 1.0}, "datetime": {"elapsed": 814.283364, "delta": 23.158518, "datetime": "2021-03-11 16:24:26"}}
{"target": 5.130444444444445, "params": {"k": 5.0, "cue_position": 10.0, "gamma_fc": 0.7986035911520394, "beta_rec": 0.9053923187086492, "beta_enc": 0.8447344453922219, "enc_rate": 1.0}, "datetime": {"elapsed": 832.947614, "delta": 18.66425, "datetime": "2021-03-11 16:24:45"}}
{"target": 6.8791111111111105, "params": {"k": 5.0, "cue_position": 10.0, "gamma_fc": 0.4336763489894583, "beta_rec": 0.5991103076458784, "beta_enc": 0.4902535226199277, "enc_rate": 1.0}, "datetime": {"elapsed": 854.880033, "delta": 21.932419, "datetime": "2021-03-11 16:25:06"}}
{"target": 7.419777777777777, "params": {"k": 5.0, "cue_position": 10.0, "gamma_fc": 0.7879292338255043, "beta_rec": 0.8928887085251513, "beta_enc": 0.31524480309537295, "enc_rate": 1.0}, "datetime": {"elapsed": 877.751389, "delta": 22.871356, "datetime": "2021-03-11 16:25:29"}}
{"target": 7.5088888888888885, "params": {"k": 5.0, "cue_position": 10.0, "gamma_fc": 0.00040202489135743313, "beta_rec": 0.4201936800011322, "beta_enc": 0.053909272073752956, "enc_rate": 1.0}, "datetime": {"elapsed": 900.735582, "delta": 22.984193, "datetime": "2021-03-11 16:25:52"}}
{"target": 7.37311111111111, "params": {"k": 5.0, "cue_position": 10.0, "gamma_fc": 0.5747115047081023, "beta_rec": 0.9737835383583225, "beta_enc": 0.37658031474577447, "enc_rate": 1.0}, "datetime": {"elapsed": 923.463912, "delta": 22.72833, "datetime": "2021-03-11 16:26:15"}}
{"target": 7.45, "params": {"k": 5.0, "cue_position": 10.0, "gamma_fc": 0.7550821884676802, "beta_rec": 0.586833340656083, "beta_enc": 0.28557628169569393, "enc_rate": 1.0}, "datetime": {"elapsed": 946.344064, "delta": 22.880152, "datetime": "2021-03-11 16:26:38"}}
{"target": 5.172444444444444, "params": {"k": 5.0, "cue_position": 10.0, "gamma_fc": 0.3821027520315172, "beta_rec": 0.32268099683674645, "beta_enc": 0.8644794300545998, "enc_rate": 1.0}, "datetime": {"elapsed": 965.041901, "delta": 18.697837, "datetime": "2021-03-11 16:26:57"}}
{"target": 7.3231111111111105, "params": {"k": 5.0, "cue_position": 10.0, "gamma_fc": 0.9738020779272523, "beta_rec": 0.3173839459582769, "beta_enc": 0.4014795834695406, "enc_rate": 1.0}, "datetime": {"elapsed": 987.669775, "delta": 22.627874, "datetime": "2021-03-11 16:27:19"}}
{"target": 7.468888888888889, "params": {"k": 5.0, "cue_position": 10.0, "gamma_fc": 0.8799982885634318, "beta_rec": 0.4267010093480328, "beta_enc": 0.19856988842711087, "enc_rate": 1.0}, "datetime": {"elapsed": 1010.575011, "delta": 22.905236, "datetime": "2021-03-11 16:27:42"}}
{"target": 6.027777777777777, "params": {"k": 5.0, "cue_position": 10.0, "gamma_fc": 0.5277146463087466, "beta_rec": 0.2702082620297578, "beta_enc": 0.6627198123752622, "enc_rate": 1.0}, "datetime": {"elapsed": 1030.844732, "delta": 20.269721, "datetime": "2021-03-11 16:28:02"}}
{"target": 6.825111111111111, "params": {"k": 5.0, "cue_position": 10.0, "gamma_fc": 0.5688579907047155, "beta_rec": 0.7331425252875111, "beta_enc": 0.5724885171916063, "enc_rate": 1.0}, "datetime": {"elapsed": 1052.556742, "delta": 21.71201, "datetime": "2021-03-11 16:28:24"}}
{"target": 7.273333333333333, "params": {"k": 5.0, "cue_position": 10.0, "gamma_fc": 0.982817113730445, "beta_rec": 0.06820934841670412, "beta_enc": 0.3426889079532818, "enc_rate": 1.0}, "datetime": {"elapsed": 1075.205086, "delta": 22.648344, "datetime": "2021-03-11 16:28:47"}}
{"target": 5.7475555555555555, "params": {"k": 5.0, "cue_position": 10.0, "gamma_fc": 0.16097143681560877, "beta_rec": 0.8749616449558981, "beta_enc": 0.8118586977205398, "enc_rate": 1.0}, "datetime": {"elapsed": 1094.875539, "delta": 19.670453, "datetime": "2021-03-11 16:29:06"}}
{"target": 7.319555555555556, "params": {"k": 5.0, "cue_position": 10.0, "gamma_fc": 0.9163055534683507, "beta_rec": 0.2250399578140846, "beta_enc": 0.345172051155215, "enc_rate": 1.0}, "datetime": {"elapsed": 1117.512895, "delta": 22.637356, "datetime": "2021-03-11 16:29:29"}}
{"target": 7.472444444444444, "params": {"k": 5.0, "cue_position": 10.0, "gamma_fc": 0.7285856679745962, "beta_rec": 0.1108913007440292, "beta_enc": 0.2571182937821962, "enc_rate": 1.0}, "datetime": {"elapsed": 1140.399835, "delta": 22.88694, "datetime": "2021-03-11 16:29:52"}}
{"target": 7.373333333333333, "params": {"k": 5.0, "cue_position": 10.0, "gamma_fc": 0.23366613923925006, "beta_rec": 0.851671874936367, "beta_enc": 0.24803355837723073, "enc_rate": 1.0}, "datetime": {"elapsed": 1163.157081, "delta": 22.757246, "datetime": "2021-03-11 16:30:15"}}
{"target": 6.880222222222223, "params": {"k": 5.0, "cue_position": 10.0, "gamma_fc": 0.5440101188139381, "beta_rec": 0.47714098704978236, "beta_enc": 0.5158570169685298, "enc_rate": 1.0}, "datetime": {"elapsed": 1185.037189, "delta": 21.880108, "datetime": "2021-03-11 16:30:37"}}
{"target": 7.526444444444444, "params": {"k": 5.0, "cue_position": 10.0, "gamma_fc": 0.7852960282216189, "beta_rec": 0.7515278171352439, "beta_enc": 0.1445455401246598, "enc_rate": 1.0}, "datetime": {"elapsed": 1208.059014, "delta": 23.021825, "datetime": "2021-03-11 16:31:00"}}
{"target": 7.410666666666667, "params": {"k": 5.0, "cue_position": 10.0, "gamma_fc": 0.866608274166513, "beta_rec": 0.872922376400111, "beta_enc": 0.3243624597261865, "enc_rate": 1.0}, "datetime": {"elapsed": 1230.899507, "delta": 22.840493, "datetime": "2021-03-11 16:31:22"}}
{"target": 5.321555555555555, "params": {"k": 5.0, "cue_position": 10.0, "gamma_fc": 0.703516988152653, "beta_rec": 0.8541154438365387, "beta_enc": 0.8264069976293413, "enc_rate": 1.0}, "datetime": {"elapsed": 1249.81006, "delta": 18.910553, "datetime": "2021-03-11 16:31:41"}}
{"target": 4.722666666666667, "params": {"k": 5.0, "cue_position": 10.0, "gamma_fc": 0.2596983932983531, "beta_rec": 0.03457121987163425, "beta_enc": 0.799615261736028, "enc_rate": 1.0}, "datetime": {"elapsed": 1267.627849, "delta": 17.817789, "datetime": "2021-03-11 16:31:59"}}
{"target": 6.3822222222222225, "params": {"k": 5.0, "cue_position": 10.0, "gamma_fc": 0.7827494147841719, "beta_rec": 0.34529746159108154, "beta_enc": 0.6323033174301278, "enc_rate": 1.0}, "datetime": {"elapsed": 1288.605465, "delta": 20.977616, "datetime": "2021-03-11 16:32:20"}}
{"target": 7.390000000000001, "params": {"k": 5.0, "cue_position": 10.0, "gamma_fc": 0.9747403708550822, "beta_rec": 0.14300582825809938, "beta_enc": 0.30024833953390007, "enc_rate": 1.0}, "datetime": {"elapsed": 1311.478509, "delta": 22.873044, "datetime": "2021-03-11 16:32:43"}}
{"target": 4.205111111111111, "params": {"k": 5.0, "cue_position": 10.0, "gamma_fc": 0.3557051709838811, "beta_rec": 0.5460708041429516, "beta_enc": 0.9939130246104789, "enc_rate": 1.0}, "datetime": {"elapsed": 1328.295077, "delta": 16.816568, "datetime": "2021-03-11 16:33:00"}}
{"target": 7.549111111111111, "params": {"k": 5.0, "cue_position": 10.0, "gamma_fc": 0.8623462528380441, "beta_rec": 0.7456371927074961, "beta_enc": 0.1603951795196491, "enc_rate": 1.0}, "datetime": {"elapsed": 1351.493671, "delta": 23.198594, "datetime": "2021-03-11 16:33:23"}}
{"target": 5.900888888888889, "params": {"k": 5.0, "cue_position": 10.0, "gamma_fc": 0.9897517076637052, "beta_rec": 0.18863680095531088, "beta_enc": 0.6909421420661686, "enc_rate": 1.0}, "datetime": {"elapsed": 1371.637047, "delta": 20.143376, "datetime": "2021-03-11 16:33:43"}}
{"target": 7.304222222222222, "params": {"k": 5.0, "cue_position": 10.0, "gamma_fc": 0.05692943841109499, "beta_rec": 0.26217308377291193, "beta_enc": 0.24773290176235485, "enc_rate": 1.0}, "datetime": {"elapsed": 1394.330143, "delta": 22.693096, "datetime": "2021-03-11 16:34:06"}}
{"target": 7.497777777777777, "params": {"k": 5.0, "cue_position": 10.0, "gamma_fc": 0.593432449464621, "beta_rec": 0.7986042447602102, "beta_enc": 0.21196016464367595, "enc_rate": 1.0}, "datetime": {"elapsed": 1417.446731, "delta": 23.116588, "datetime": "2021-03-11 16:34:29"}}
{"target": 7.381333333333333, "params": {"k": 5.0, "cue_position": 10.0, "gamma_fc": 0.9594343210617524, "beta_rec": 0.7498583107261434, "beta_enc": 0.3810161240622142, "enc_rate": 1.0}, "datetime": {"elapsed": 1440.240015, "delta": 22.793284, "datetime": "2021-03-11 16:34:52"}}
{"target": 7.56288888888889, "params": {"k": 5.0, "cue_position": 10.0, "gamma_fc": 0.2214327343234883, "beta_rec": 0.7093872512312951, "beta_enc": 0.03232306662357398, "enc_rate": 1.0}, "datetime": {"elapsed": 1463.309195, "delta": 23.06918, "datetime": "2021-03-11 16:35:15"}}
{"target": 7.527111111111111, "params": {"k": 5.0, "cue_position": 10.0, "gamma_fc": 0.8029632373737379, "beta_rec": 0.42861882866378653, "beta_enc": 0.081473964877262, "enc_rate": 1.0}, "datetime": {"elapsed": 1486.322842, "delta": 23.013647, "datetime": "2021-03-11 16:35:38"}}
{"target": 5.562222222222222, "params": {"k": 5.0, "cue_position": 10.0, "gamma_fc": 0.8240098704123188, "beta_rec": 0.3424541198435198, "beta_enc": 0.7662113810757705, "enc_rate": 1.0}, "datetime": {"elapsed": 1505.738282, "delta": 19.41544, "datetime": "2021-03-11 16:35:57"}}
{"target": 7.545999999999999, "params": {"k": 5.0, "cue_position": 10.0, "gamma_fc": 0.4585838137084318, "beta_rec": 0.07838689985494796, "beta_enc": 0.1434230486702449, "enc_rate": 1.0}, "datetime": {"elapsed": 1528.885116, "delta": 23.146834, "datetime": "2021-03-11 16:36:20"}}
{"target": 7.524444444444444, "params": {"k": 5.0, "cue_position": 10.0, "gamma_fc": 0.45240482674645155, "beta_rec": 0.7548614813904674, "beta_enc": 0.027783348848669953, "enc_rate": 1.0}, "datetime": {"elapsed": 1551.945172, "delta": 23.060056, "datetime": "2021-03-11 16:36:44"}}
{"target": 7.160222222222222, "params": {"k": 5.0, "cue_position": 10.0, "gamma_fc": 0.904686160343623, "beta_rec": 0.47400392656219403, "beta_enc": 0.47807250671783097, "enc_rate": 1.0}, "datetime": {"elapsed": 1574.319787, "delta": 22.374615, "datetime": "2021-03-11 16:37:06"}}
{"target": 5.2284444444444444, "params": {"k": 5.0, "cue_position": 10.0, "gamma_fc": 0.538627282576347, "beta_rec": 0.12564138113773882, "beta_enc": 0.7738743427204187, "enc_rate": 1.0}, "datetime": {"elapsed": 1593.065085, "delta": 18.745298, "datetime": "2021-03-11 16:37:25"}}
{"target": 5.245333333333333, "params": {"k": 5.0, "cue_position": 10.0, "gamma_fc": 0.14555823115839706, "beta_rec": 0.905402033702778, "beta_enc": 0.9511937854902045, "enc_rate": 1.0}, "datetime": {"elapsed": 1611.757548, "delta": 18.692463, "datetime": "2021-03-11 16:37:43"}}
{"target": 7.534000000000001, "params": {"k": 5.0, "cue_position": 10.0, "gamma_fc": 0.7111224587658159, "beta_rec": 0.6224959022999211, "beta_enc": 0.187631672902434, "enc_rate": 1.0}, "datetime": {"elapsed": 1634.793217, "delta": 23.035669, "datetime": "2021-03-11 16:38:06"}}
{"target": 5.241777777777778, "params": {"k": 5.0, "cue_position": 10.0, "gamma_fc": 0.119457050333729, "beta_rec": 0.4008737323711209, "beta_enc": 0.9092932045442544, "enc_rate": 1.0}, "datetime": {"elapsed": 1653.577185, "delta": 18.783968, "datetime": "2021-03-11 16:38:25"}}
{"target": 7.539999999999999, "params": {"k": 5.0, "cue_position": 10.0, "gamma_fc": 0.9824174492929428, "beta_rec": 0.2642974827269007, "beta_enc": 0.14679237341724316, "enc_rate": 1.0}, "datetime": {"elapsed": 1676.642531, "delta": 23.065346, "datetime": "2021-03-11 16:38:48"}}
