{"target": 3.537777777777778, "params": {"gamma_fc": 0.7827494147841719, "primacy": 0.2, "beta_rec": 0.44614623200345727, "beta_enc": 0.7965886780072875}, "datetime": {"delta": 46.730378, "elapsed": 4523.90503, "datetime": "2020-10-06 22:15:25"}}
{"target": 5.893333333333333, "params": {"gamma_fc": 0.9013084363492738, "primacy": 0.2, "beta_rec": 0.14300582825809938, "beta_enc": 0.30024833953390007}, "datetime": {"delta": 60.594717, "elapsed": 4584.499747, "datetime": "2020-10-06 22:16:26"}}
{"target": 1.898888888888889, "params": {"gamma_fc": 0.9939130246104789, "primacy": 0.2, "beta_rec": 0.6366044000018972, "beta_enc": 0.9747403708550822}, "datetime": {"delta": 36.555861, "elapsed": 4621.055608, "datetime": "2020-10-06 22:17:03"}}
{"target": 4.904000000000001, "params": {"gamma_fc": 0.3557051709838811, "primacy": 0.2, "beta_rec": 0.1354279030721699, "beta_enc": 0.5264259339055213}, "datetime": {"delta": 55.028115, "elapsed": 4676.083723, "datetime": "2020-10-06 22:17:58"}}
{"target": 5.9448888888888884, "params": {"gamma_fc": 0.03039968992878883, "primacy": 0.2, "beta_rec": 0.7456371927074961, "beta_enc": 0.1603951795196491}, "datetime": {"delta": 59.154014, "elapsed": 4735.237737, "datetime": "2020-10-06 22:18:57"}}
{"target": 3.221111111111111, "params": {"gamma_fc": 0.6909421420661686, "primacy": 0.2, "beta_rec": 0.6926777175073543, "beta_enc": 0.8623462528380441}, "datetime": {"delta": 44.392344, "elapsed": 4779.630081, "datetime": "2020-10-06 22:19:41"}}
{"target": 5.6386666666666665, "params": {"gamma_fc": 0.9897517076637052, "primacy": 0.2, "beta_rec": 0.5815774073442912, "beta_enc": 0.44190428074842336}, "datetime": {"delta": 55.574537, "elapsed": 4835.204618, "datetime": "2020-10-06 22:20:37"}}
{"target": 6.0184444444444445, "params": {"gamma_fc": 0.7501724132979928, "primacy": 0.2, "beta_rec": 0.26217308377291193, "beta_enc": 0.24773290176235485}, "datetime": {"delta": 56.155241, "elapsed": 4891.359859, "datetime": "2020-10-06 22:21:33"}}
{"target": 6.039333333333333, "params": {"gamma_fc": 0.21196016464367595, "primacy": 0.2, "beta_rec": 0.5085162406102396, "beta_enc": 0.05692943841109499}, "datetime": {"delta": 33.886573, "elapsed": 4925.246432, "datetime": "2020-10-06 22:22:07"}}
{"target": 5.804444444444444, "params": {"gamma_fc": 0.593432449464621, "primacy": 0.2, "beta_rec": 0.02760601195450363, "beta_enc": 0.29733138150727223}, "datetime": {"delta": 32.632633, "elapsed": 4957.879065, "datetime": "2020-10-06 22:22:39"}}
{"target": 5.748666666666667, "params": {"gamma_fc": 0.5111414782971282, "primacy": 0.2, "beta_rec": 0.7498583107261434, "beta_enc": 0.3810161240622142}, "datetime": {"delta": 35.201814, "elapsed": 4993.080879, "datetime": "2020-10-06 22:23:15"}}
{"target": 4.149111111111111, "params": {"gamma_fc": 0.03232306662357398, "primacy": 0.2, "beta_rec": 0.8039608914986468, "beta_enc": 0.9594343210617524}, "datetime": {"delta": 43.947062, "elapsed": 5037.027941, "datetime": "2020-10-06 22:23:59"}}
{"target": 5.508888888888889, "params": {"gamma_fc": 0.2214327343234883, "primacy": 0.2, "beta_rec": 0.9475489413950998, "beta_enc": 0.46500148156350607}, "datetime": {"delta": 58.449185, "elapsed": 5095.477126, "datetime": "2020-10-06 22:24:57"}}
{"target": 6.064222222222222, "params": {"gamma_fc": 0.10901876401906829, "primacy": 0.2, "beta_rec": 0.42861882866378653, "beta_enc": 0.081473964877262}, "datetime": {"delta": 61.740091, "elapsed": 5157.217217, "datetime": "2020-10-06 22:25:59"}}
{"target": 3.5853333333333333, "params": {"gamma_fc": 0.7662113810757705, "primacy": 0.2, "beta_rec": 0.6968004961201785, "beta_enc": 0.8029632373737379}, "datetime": {"delta": 47.037647, "elapsed": 5204.254864, "datetime": "2020-10-06 22:26:46"}}
{"target": 3.1217777777777784, "params": {"gamma_fc": 0.8240098704123188, "primacy": 0.2, "beta_rec": 0.42876877499944255, "beta_enc": 0.8458514830276777}, "datetime": {"delta": 44.265707, "elapsed": 5248.520571, "datetime": "2020-10-06 22:27:30"}}
{"target": 6.071777777777777, "params": {"gamma_fc": 0.01833264291300729, "primacy": 0.2, "beta_rec": 0.07838689985494796, "beta_enc": 0.1434230486702449}, "datetime": {"delta": 61.771467, "elapsed": 5310.292038, "datetime": "2020-10-06 22:28:32"}}
{"target": 5.092666666666666, "params": {"gamma_fc": 0.027783348848669953, "primacy": 0.2, "beta_rec": 0.11334192276759048, "beta_enc": 0.4585838137084318}, "datetime": {"delta": 48.436269, "elapsed": 5358.728307, "datetime": "2020-10-06 22:29:20"}}
{"target": 5.719111111111111, "params": {"gamma_fc": 0.45240482674645155, "primacy": 0.2, "beta_rec": 0.7469384956075251, "beta_enc": 0.3948504804606394}, "datetime": {"delta": 58.633305, "elapsed": 5417.361612, "datetime": "2020-10-06 22:30:19"}}
{"target": 5.517777777777779, "params": {"gamma_fc": 0.8031633421141696, "primacy": 0.2, "beta_rec": 0.47400392656219403, "beta_enc": 0.47807250671783097}, "datetime": {"delta": 57.425228, "elapsed": 5474.78684, "datetime": "2020-10-06 22:31:16"}}
{"target": 2.6542222222222223, "params": {"gamma_fc": 0.7738743427204187, "primacy": 0.2, "beta_rec": 0.037061047954035864, "beta_enc": 0.904686160343623}, "datetime": {"delta": 41.203995, "elapsed": 5515.990835, "datetime": "2020-10-06 22:31:57"}}
{"target": 4.163555555555556, "params": {"gamma_fc": 0.538627282576347, "primacy": 0.2, "beta_rec": 0.010364261335231939, "beta_enc": 0.6185135669120855}, "datetime": {"delta": 50.025432, "elapsed": 5566.016267, "datetime": "2020-10-06 22:32:48"}}
{"target": 2.3893333333333335, "params": {"gamma_fc": 0.7959669419422694, "primacy": 0.2, "beta_rec": 0.905402033702778, "beta_enc": 0.9511937854902045}, "datetime": {"delta": 36.834055, "elapsed": 5602.850322, "datetime": "2020-10-06 22:33:24"}}
{"target": 5.994888888888889, "params": {"gamma_fc": 0.187631672902434, "primacy": 0.2, "beta_rec": 0.15773006987053328, "beta_enc": 0.14555823115839706}, "datetime": {"delta": 56.846769, "elapsed": 5659.697091, "datetime": "2020-10-06 22:34:21"}}
{"target": 3.0804444444444448, "params": {"gamma_fc": 0.7111224587658159, "primacy": 0.2, "beta_rec": 0.9899551783590737, "beta_enc": 0.9058094960083019}, "datetime": {"delta": 43.985442, "elapsed": 5703.682533, "datetime": "2020-10-06 22:35:05"}}
{"target": 3.263111111111111, "params": {"gamma_fc": 0.24985068022503676, "primacy": 0.2, "beta_rec": 0.4008737323711209, "beta_enc": 0.9092932045442544}, "datetime": {"delta": 45.009965, "elapsed": 5748.692498, "datetime": "2020-10-06 22:35:50"}}
{"target": 6.085333333333333, "params": {"gamma_fc": 0.14679237341724316, "primacy": 0.2, "beta_rec": 0.8126105880328287, "beta_enc": 0.119457050333729}, "datetime": {"delta": 61.623648, "elapsed": 5810.316146, "datetime": "2020-10-06 22:36:52"}}
{"target": 3.198444444444444, "params": {"gamma_fc": 0.9824174492929428, "primacy": 0.2, "beta_rec": 0.31058725179421, "beta_enc": 0.8190891786335308}, "datetime": {"delta": 44.634046, "elapsed": 5854.950192, "datetime": "2020-10-06 22:37:36"}}
{"target": 5.107111111111111, "params": {"gamma_fc": 0.9107728311738374, "primacy": 0.2, "beta_rec": 0.31446701118584963, "beta_enc": 0.5336533449712114}, "datetime": {"delta": 55.973311, "elapsed": 5910.923503, "datetime": "2020-10-06 22:38:32"}}
{"target": 5.640444444444444, "params": {"gamma_fc": 0.9388864773697133, "primacy": 0.2, "beta_rec": 0.5122926922783614, "beta_enc": 0.43359232727316455}, "datetime": {"delta": 59.060279, "elapsed": 5969.983782, "datetime": "2020-10-06 22:39:31"}}
{"target": 5.248888888888889, "params": {"gamma_fc": 0.027287223517468817, "primacy": 0.2, "beta_rec": 0.8910189542923389, "beta_enc": 0.7168786636316892}, "datetime": {"delta": 42.811522, "elapsed": 6012.795304, "datetime": "2020-10-06 22:40:14"}}
{"target": 5.886444444444445, "params": {"gamma_fc": 0.5585165509225178, "primacy": 0.2, "beta_rec": 0.8594893208655858, "beta_enc": 0.3259898117700253}, "datetime": {"delta": 60.56392, "elapsed": 6073.359224, "datetime": "2020-10-06 22:41:15"}}
{"target": 5.4799999999999995, "params": {"gamma_fc": 0.2900968516874258, "primacy": 0.2, "beta_rec": 0.6283090375213571, "beta_enc": 0.45285349995153745}, "datetime": {"delta": 58.154692, "elapsed": 6131.513916, "datetime": "2020-10-06 22:42:13"}}
{"target": 4.862666666666667, "params": {"gamma_fc": 0.5172675985011298, "primacy": 0.2, "beta_rec": 0.3114442141324628, "beta_enc": 0.5767559349870908}, "datetime": {"delta": 54.606354, "elapsed": 6186.12027, "datetime": "2020-10-06 22:43:08"}}
{"target": 5.473333333333333, "params": {"gamma_fc": 0.37129376127905445, "primacy": 0.2, "beta_rec": 0.2473960366023854, "beta_enc": 0.426474788501396}, "datetime": {"delta": 58.159846, "elapsed": 6244.280116, "datetime": "2020-10-06 22:44:06"}}
{"target": 2.342222222222222, "params": {"gamma_fc": 0.9202065143056605, "primacy": 0.2, "beta_rec": 0.8443299485657132, "beta_enc": 0.9368683813090937}, "datetime": {"delta": 39.330023, "elapsed": 6283.610139, "datetime": "2020-10-06 22:44:45"}}
{"target": 6.061333333333333, "params": {"gamma_fc": 0.31437661611405043, "primacy": 0.2, "beta_rec": 0.22730973628468876, "beta_enc": 0.08748220955359087}, "datetime": {"delta": 61.161394, "elapsed": 6344.771533, "datetime": "2020-10-06 22:45:46"}}
{"target": 4.748666666666667, "params": {"gamma_fc": 0.8163515118272141, "primacy": 0.2, "beta_rec": 0.41358641500116133, "beta_enc": 0.6070941619724605}, "datetime": {"delta": 42.620126, "elapsed": 6387.391659, "datetime": "2020-10-06 22:46:29"}}
{"target": 4.040444444444445, "params": {"gamma_fc": 0.5742190888408597, "primacy": 0.2, "beta_rec": 0.24035562484913886, "beta_enc": 0.7018765297563104}, "datetime": {"delta": 31.582581, "elapsed": 6418.97424, "datetime": "2020-10-06 22:47:00"}}
{"target": 6.0537777777777775, "params": {"gamma_fc": 0.6641025553547935, "primacy": 0.2, "beta_rec": 0.22881367096037586, "beta_enc": 0.05696439948283272}, "datetime": {"delta": 57.745952, "elapsed": 6476.720192, "datetime": "2020-10-06 22:47:58"}}
{"target": 5.02511111111111, "params": {"gamma_fc": 0.5707158515462564, "primacy": 0.2, "beta_rec": 0.1747201501089225, "beta_enc": 0.5190159840736788}, "datetime": {"delta": 53.977703, "elapsed": 6530.697895, "datetime": "2020-10-06 22:48:52"}}
{"target": 3.3035555555555556, "params": {"gamma_fc": 0.9759890683309049, "primacy": 0.2, "beta_rec": 0.5943726238309778, "beta_enc": 0.8168351087916219}, "datetime": {"delta": 37.30332, "elapsed": 6568.001215, "datetime": "2020-10-06 22:49:29"}}
{"target": 4.333999999999999, "params": {"gamma_fc": 0.09357709581748075, "primacy": 0.2, "beta_rec": 0.032426325314457105, "beta_enc": 0.5956079336026455}, "datetime": {"delta": 51.193676, "elapsed": 6619.194891, "datetime": "2020-10-06 22:50:21"}}
{"target": 5.562, "params": {"gamma_fc": 0.9753500342702865, "primacy": 0.2, "beta_rec": 0.37543483316785775, "beta_enc": 0.4517331486914753}, "datetime": {"delta": 46.374521, "elapsed": 6665.569412, "datetime": "2020-10-06 22:51:07"}}
{"target": 2.091111111111111, "params": {"gamma_fc": 0.8242378396244978, "primacy": 0.2, "beta_rec": 0.7674748688630131, "beta_enc": 0.9727875919326552}, "datetime": {"delta": 37.416521, "elapsed": 6702.985933, "datetime": "2020-10-06 22:51:44"}}
{"target": 4.407555555555556, "params": {"gamma_fc": 0.013136356923072245, "primacy": 0.2, "beta_rec": 0.47688233352119336, "beta_enc": 0.668732770206732}, "datetime": {"delta": 51.191042, "elapsed": 6754.176975, "datetime": "2020-10-06 22:52:36"}}
{"target": 5.411777777777777, "params": {"gamma_fc": 0.4686283427461092, "primacy": 0.2, "beta_rec": 0.7300912110901043, "beta_enc": 0.49207180149355845}, "datetime": {"delta": 57.067403, "elapsed": 6811.244378, "datetime": "2020-10-06 22:53:33"}}
{"target": 6.049111111111111, "params": {"gamma_fc": 0.7582782604769962, "primacy": 0.2, "beta_rec": 0.01088873380347899, "beta_enc": 0.13766274094560316}, "datetime": {"delta": 61.033105, "elapsed": 6872.277483, "datetime": "2020-10-06 22:54:34"}}
{"target": 3.1180000000000003, "params": {"gamma_fc": 0.33870802548167966, "primacy": 0.2, "beta_rec": 0.220234226159156, "beta_enc": 0.9843834501935107}, "datetime": {"delta": 43.91902, "elapsed": 6916.196503, "datetime": "2020-10-06 22:55:18"}}
{"target": 4.062444444444445, "params": {"gamma_fc": 0.12482254311167629, "primacy": 0.2, "beta_rec": 0.46385778390029564, "beta_enc": 0.7548914570605327}, "datetime": {"delta": 49.917256, "elapsed": 6966.113759, "datetime": "2020-10-06 22:56:08"}}
{"target": 5.459333333333333, "params": {"gamma_fc": 0.7701499563120922, "primacy": 0.2, "beta_rec": 0.6738490080168676, "beta_enc": 0.5045191697009946}, "datetime": {"delta": 57.893419, "elapsed": 7024.007178, "datetime": "2020-10-06 22:57:05"}}
{"target": 6.077333333333333, "params": {"gamma_fc": 0.8099887106624163, "primacy": 0.2, "beta_rec": 0.5190823222119895, "beta_enc": 0.022915131322381765}, "datetime": {"delta": 61.736961, "elapsed": 7085.744139, "datetime": "2020-10-06 22:58:07"}}
{"target": 4.646222222222223, "params": {"gamma_fc": 0.44924675358663757, "primacy": 0.2, "beta_rec": 0.6868082266569918, "beta_enc": 0.6724698446537339}, "datetime": {"delta": 53.385723, "elapsed": 7139.129862, "datetime": "2020-10-06 22:59:01"}}
{"target": 4.026000000000001, "params": {"gamma_fc": 0.4844284455143756, "primacy": 0.2, "beta_rec": 0.005239837651465851, "beta_enc": 0.6443610847569929}, "datetime": {"delta": 45.812864, "elapsed": 7184.942726, "datetime": "2020-10-06 22:59:46"}}
{"target": 3.3988888888888886, "params": {"gamma_fc": 0.6736984238986317, "primacy": 0.2, "beta_rec": 0.6491541971124779, "beta_enc": 0.8303995700373394}, "datetime": {"delta": 45.869168, "elapsed": 7230.811894, "datetime": "2020-10-06 23:00:32"}}
{"target": 5.9751111111111115, "params": {"gamma_fc": 0.6717297848174203, "primacy": 0.2, "beta_rec": 0.5605299905360588, "beta_enc": 0.27411977516685215}, "datetime": {"delta": 61.162477, "elapsed": 7291.974371, "datetime": "2020-10-06 23:01:33"}}
{"target": 3.059111111111111, "params": {"gamma_fc": 0.7473208103319232, "primacy": 0.2, "beta_rec": 0.1950374860087073, "beta_enc": 0.8558283672539277}, "datetime": {"delta": 43.845522, "elapsed": 7335.819893, "datetime": "2020-10-06 23:02:17"}}
{"target": 3.655555555555556, "params": {"gamma_fc": 0.8076984091122095, "primacy": 0.2, "beta_rec": 0.4277373293360762, "beta_enc": 0.773799287244182}, "datetime": {"delta": 42.864782, "elapsed": 7378.684675, "datetime": "2020-10-06 23:03:00"}}
{"target": 5.966444444444444, "params": {"gamma_fc": 0.3086419476306511, "primacy": 0.2, "beta_rec": 0.7672845084217665, "beta_enc": 0.21369323762958115}, "datetime": {"delta": 61.149582, "elapsed": 7439.834257, "datetime": "2020-10-06 23:04:01"}}
{"target": 3.7520000000000002, "params": {"gamma_fc": 0.21411213682064845, "primacy": 0.2, "beta_rec": 0.22139670090820107, "beta_enc": 0.7444731530777321}, "datetime": {"delta": 48.074633, "elapsed": 7487.90889, "datetime": "2020-10-06 23:04:49"}}
{"target": 6.064666666666666, "params": {"gamma_fc": 0.026627884691621473, "primacy": 0.2, "beta_rec": 0.3770825992073341, "beta_enc": 0.14251833776584466}, "datetime": {"delta": 61.717544, "elapsed": 7549.626434, "datetime": "2020-10-06 23:05:51"}}
{"target": 5.098888888888888, "params": {"gamma_fc": 0.0805295271283859, "primacy": 0.2, "beta_rec": 0.7997765368973863, "beta_enc": 0.6745640237634105}, "datetime": {"delta": 56.049986, "elapsed": 7605.67642, "datetime": "2020-10-06 23:06:47"}}
{"target": 6.027333333333334, "params": {"gamma_fc": 0.7113145181364867, "primacy": 0.2, "beta_rec": 0.9173335630816306, "beta_enc": 0.20762566180381437}, "datetime": {"delta": 61.337296, "elapsed": 7667.013716, "datetime": "2020-10-06 23:07:48"}}
{"target": 5.907111111111111, "params": {"gamma_fc": 0.43530595762951996, "primacy": 0.2, "beta_rec": 0.8348540476317985, "beta_enc": 0.30451798792062024}, "datetime": {"delta": 53.961165, "elapsed": 7720.974881, "datetime": "2020-10-06 23:08:42"}}
{"target": 4.351111111111111, "params": {"gamma_fc": 0.1262101037493587, "primacy": 0.2, "beta_rec": 0.47803130796528337, "beta_enc": 0.7060518043359332}, "datetime": {"delta": 51.675726, "elapsed": 7772.650607, "datetime": "2020-10-06 23:09:34"}}
{"target": 6.006444444444445, "params": {"gamma_fc": 0.43118175516037094, "primacy": 0.2, "beta_rec": 0.2026021252196626, "beta_enc": 0.15983365034409336}, "datetime": {"delta": 60.471341, "elapsed": 7833.121948, "datetime": "2020-10-06 23:10:35"}}
{"target": 6.016666666666666, "params": {"gamma_fc": 0.18874506687718595, "primacy": 0.2, "beta_rec": 0.7293189193611234, "beta_enc": 0.14675148076429412}, "datetime": {"delta": 61.355923, "elapsed": 7894.477871, "datetime": "2020-10-06 23:11:36"}}
{"target": 3.6951111111111112, "params": {"gamma_fc": 0.60095424810764, "primacy": 0.2, "beta_rec": 0.21073239208332073, "beta_enc": 0.7543059505762987}, "datetime": {"delta": 46.337396, "elapsed": 7940.815267, "datetime": "2020-10-06 23:12:22"}}
{"target": 4.792444444444444, "params": {"gamma_fc": 0.29548228565549706, "primacy": 0.2, "beta_rec": 0.5971273029466491, "beta_enc": 0.6382187106203334}, "datetime": {"delta": 54.200345, "elapsed": 7995.015612, "datetime": "2020-10-06 23:13:16"}}
{"target": 2.5313333333333334, "params": {"gamma_fc": 0.7821818168314053, "primacy": 0.2, "beta_rec": 0.42556139026154693, "beta_enc": 0.9453084399999497}, "datetime": {"delta": 40.581654, "elapsed": 8035.597266, "datetime": "2020-10-06 23:13:57"}}
{"target": 3.248444444444444, "params": {"gamma_fc": 0.3950968688899732, "primacy": 0.2, "beta_rec": 0.1922500168221477, "beta_enc": 0.8352716024899659}, "datetime": {"delta": 44.411718, "elapsed": 8080.008984, "datetime": "2020-10-06 23:14:41"}}
{"target": 6.1066666666666665, "params": {"gamma_fc": 0.37015417755373825, "primacy": 0.2, "beta_rec": 0.9046310029362429, "beta_enc": 0.08010364380604929}, "datetime": {"delta": 58.057335, "elapsed": 8138.066319, "datetime": "2020-10-06 23:15:40"}}
{"target": 4.972444444444444, "params": {"gamma_fc": 0.20645405888943302, "primacy": 0.2, "beta_rec": 0.13216114194293815, "beta_enc": 0.49411626589632507}, "datetime": {"delta": 49.135935, "elapsed": 8187.202254, "datetime": "2020-10-06 23:16:29"}}
{"target": 5.084888888888889, "params": {"gamma_fc": 0.3570616088827919, "primacy": 0.2, "beta_rec": 0.2615495518329871, "beta_enc": 0.5079216999452875}, "datetime": {"delta": 55.908922, "elapsed": 8243.111176, "datetime": "2020-10-06 23:17:25"}}
{"target": 3.284444444444445, "params": {"gamma_fc": 0.9857088237131878, "primacy": 0.2, "beta_rec": 0.1065838767888011, "beta_enc": 0.7875518396525072}, "datetime": {"delta": 45.228213, "elapsed": 8288.339389, "datetime": "2020-10-06 23:18:10"}}
{"target": 4.5682222222222215, "params": {"gamma_fc": 0.7871162896558341, "primacy": 0.2, "beta_rec": 0.044845334589088126, "beta_enc": 0.5724051124346493}, "datetime": {"delta": 52.649272, "elapsed": 8340.988661, "datetime": "2020-10-06 23:19:02"}}
{"target": 5.239555555555556, "params": {"gamma_fc": 0.14993148491725594, "primacy": 0.2, "beta_rec": 0.7400775431590716, "beta_enc": 0.5279039784081266}, "datetime": {"delta": 56.842259, "elapsed": 8397.83092, "datetime": "2020-10-06 23:19:59"}}
{"target": 6.009111111111111, "params": {"gamma_fc": 0.7229151935562137, "primacy": 0.2, "beta_rec": 0.7591960493171447, "beta_enc": 0.2166172083287794}, "datetime": {"delta": 60.615916, "elapsed": 8458.446836, "datetime": "2020-10-06 23:21:00"}}
{"target": 2.7608888888888883, "params": {"gamma_fc": 0.8602369974231152, "primacy": 0.2, "beta_rec": 0.019775099516344263, "beta_enc": 0.8619665576670734}, "datetime": {"delta": 41.696704, "elapsed": 8500.14354, "datetime": "2020-10-06 23:21:42"}}
{"target": 5.796888888888889, "params": {"gamma_fc": 0.7169290016924699, "primacy": 0.2, "beta_rec": 0.7587469310223366, "beta_enc": 0.4032204721058492}, "datetime": {"delta": 59.199768, "elapsed": 8559.343308, "datetime": "2020-10-06 23:22:41"}}
{"target": 5.872666666666666, "params": {"gamma_fc": 0.9339026083148878, "primacy": 0.2, "beta_rec": 0.0037936724093425855, "beta_enc": 0.2780850486129828}, "datetime": {"delta": 60.521598, "elapsed": 8619.864906, "datetime": "2020-10-06 23:23:41"}}
{"target": 4.033111111111111, "params": {"gamma_fc": 0.706956245248761, "primacy": 0.2, "beta_rec": 0.5166887829215384, "beta_enc": 0.7288508775192559}, "datetime": {"delta": 34.326364, "elapsed": 8654.19127, "datetime": "2020-10-06 23:24:16"}}
{"target": 5.857333333333334, "params": {"gamma_fc": 0.7506243191751754, "primacy": 0.2, "beta_rec": 0.7703225253299576, "beta_enc": 0.3748759435368594}, "datetime": {"delta": 60.364967, "elapsed": 8714.556237, "datetime": "2020-10-06 23:25:16"}}
{"target": 5.272444444444444, "params": {"gamma_fc": 0.0031128578251921057, "primacy": 0.2, "beta_rec": 0.6973080192643409, "beta_enc": 0.4018659239678374}, "datetime": {"delta": 57.157112, "elapsed": 8771.713349, "datetime": "2020-10-06 23:26:13"}}
{"target": 3.2793333333333337, "params": {"gamma_fc": 0.12076718430922972, "primacy": 0.2, "beta_rec": 0.23931570743750463, "beta_enc": 0.896416602456847}, "datetime": {"delta": 45.04672, "elapsed": 8816.760069, "datetime": "2020-10-06 23:26:58"}}
{"target": 5.918666666666666, "params": {"gamma_fc": 0.5431664302380945, "primacy": 0.2, "beta_rec": 0.8830285085638342, "beta_enc": 0.3020967312900983}, "datetime": {"delta": 60.805039, "elapsed": 8877.565108, "datetime": "2020-10-06 23:27:59"}}
{"target": 6.096666666666667, "params": {"gamma_fc": 0.6138710897412526, "primacy": 0.2, "beta_rec": 0.29014446310454167, "beta_enc": 0.13835468979294652}, "datetime": {"delta": 61.732729, "elapsed": 8939.297837, "datetime": "2020-10-06 23:29:01"}}
{"target": 5.560444444444444, "params": {"gamma_fc": 0.8281353607315121, "primacy": 0.2, "beta_rec": 0.44411710701661444, "beta_enc": 0.45736018169099846}, "datetime": {"delta": 58.750276, "elapsed": 8998.048113, "datetime": "2020-10-06 23:30:00"}}
