{"target": 6.875, "params": {"gamma_cf": 0.2991123446608356, "beta_rec": 0.6792129501957186, "gamma_fc": 0.10538467273003926, "cue_position": 16.0, "beta_enc": 0.5315834658959018}, "datetime": {"delta": 0.309462, "elapsed": 136.556919, "datetime": "2020-06-14 09:43:07"}}
{"target": 8.5, "params": {"gamma_cf": 0.8013307032031926, "beta_rec": 0.7688528482877579, "gamma_fc": 0.5171205319704266, "cue_position": 16.0, "beta_enc": 0.28493214572214476}, "datetime": {"delta": 0.342837, "elapsed": 136.899756, "datetime": "2020-06-14 09:43:07"}}
{"target": 8.875, "params": {"gamma_cf": 0.029528744942020957, "beta_rec": 0.6279619269819027, "gamma_fc": 0.9033311768168756, "cue_position": 16.0, "beta_enc": 0.23210002184633505}, "datetime": {"delta": 0.351573, "elapsed": 137.251329, "datetime": "2020-06-14 09:43:08"}}
{"target": 8.25, "params": {"gamma_cf": 0.9484584043057936, "beta_rec": 0.4261307804247122, "gamma_fc": 0.07251552804546335, "cue_position": 16.0, "beta_enc": 0.4203695688027851}, "datetime": {"delta": 0.338519, "elapsed": 137.589848, "datetime": "2020-06-14 09:43:08"}}
{"target": 8.875, "params": {"gamma_cf": 0.49549498136119297, "beta_rec": 0.3223574891327107, "gamma_fc": 0.8244596107976835, "cue_position": 16.0, "beta_enc": 0.17270108813227492}, "datetime": {"delta": 0.349209, "elapsed": 137.939057, "datetime": "2020-06-14 09:43:09"}}
{"target": 7.75, "params": {"gamma_cf": 0.18649268827268528, "beta_rec": 0.5958299420587015, "gamma_fc": 0.743390512402039, "cue_position": 16.0, "beta_enc": 0.8539724149421759}, "datetime": {"delta": 0.328658, "elapsed": 138.267715, "datetime": "2020-06-14 09:43:09"}}
{"target": 6.875, "params": {"gamma_cf": 0.22824910461538594, "beta_rec": 0.5394908909265497, "gamma_fc": 0.17450118757274402, "cue_position": 16.0, "beta_enc": 0.23721405764354764}, "datetime": {"delta": 0.310554, "elapsed": 138.578269, "datetime": "2020-06-14 09:43:09"}}
{"target": 8.75, "params": {"gamma_cf": 0.10463591174495857, "beta_rec": 0.14756883769994755, "gamma_fc": 0.2236450455273178, "cue_position": 16.0, "beta_enc": 0.03973568657585125}, "datetime": {"delta": 0.348456, "elapsed": 138.926725, "datetime": "2020-06-14 09:43:10"}}
{"target": 7.625, "params": {"gamma_cf": 0.4135917178017643, "beta_rec": 0.6763566354512786, "gamma_fc": 0.13930117132372677, "cue_position": 16.0, "beta_enc": 0.03275719974597713}, "datetime": {"delta": 0.326341, "elapsed": 139.253066, "datetime": "2020-06-14 09:43:10"}}
{"target": 8.75, "params": {"gamma_cf": 0.4228418130386131, "beta_rec": 0.4244374662396153, "gamma_fc": 0.10275656387416432, "cue_position": 16.0, "beta_enc": 0.3772172876115065}, "datetime": {"delta": 0.347691, "elapsed": 139.600757, "datetime": "2020-06-14 09:43:10"}}
{"target": 8.125, "params": {"gamma_cf": 0.2719561124527795, "beta_rec": 0.1372060034899114, "gamma_fc": 0.3010079430799063, "cue_position": 16.0, "beta_enc": 0.772580266631544}, "datetime": {"delta": 0.334806, "elapsed": 139.935563, "datetime": "2020-06-14 09:43:11"}}
{"target": 8.75, "params": {"gamma_cf": 0.4691344398333771, "beta_rec": 0.5177867238134145, "gamma_fc": 0.3395408687963035, "cue_position": 16.0, "beta_enc": 0.6724207725864325}, "datetime": {"delta": 0.346456, "elapsed": 140.282019, "datetime": "2020-06-14 09:43:11"}}
{"target": 8.375, "params": {"gamma_cf": 0.5262296648916304, "beta_rec": 0.226095202432549, "gamma_fc": 0.5006195729230891, "cue_position": 16.0, "beta_enc": 0.7044971982481261}, "datetime": {"delta": 0.339589, "elapsed": 140.621608, "datetime": "2020-06-14 09:43:11"}}
{"target": 9.125, "params": {"gamma_cf": 0.9818244178252573, "beta_rec": 0.18615566973666398, "gamma_fc": 0.13290623766182708, "cue_position": 16.0, "beta_enc": 0.25368580688768017}, "datetime": {"delta": 0.354156, "elapsed": 140.975764, "datetime": "2020-06-14 09:43:12"}}
{"target": 9.0, "params": {"gamma_cf": 0.27875840869343704, "beta_rec": 0.800641174283456, "gamma_fc": 0.31464760677511183, "cue_position": 16.0, "beta_enc": 0.28346243242805713}, "datetime": {"delta": 0.353212, "elapsed": 141.328976, "datetime": "2020-06-14 09:43:12"}}
{"target": 6.125, "params": {"gamma_cf": 0.8573003334512307, "beta_rec": 0.6027867622422961, "gamma_fc": 0.6811114704584097, "cue_position": 16.0, "beta_enc": 0.41994825440192907}, "datetime": {"delta": 0.296659, "elapsed": 141.625635, "datetime": "2020-06-14 09:43:12"}}
{"target": 8.875, "params": {"gamma_cf": 0.3073814804278443, "beta_rec": 0.92572053533626, "gamma_fc": 0.3049656416420632, "cue_position": 16.0, "beta_enc": 0.23698206447169834}, "datetime": {"delta": 0.350445, "elapsed": 141.97608, "datetime": "2020-06-14 09:43:13"}}
{"target": 6.875, "params": {"gamma_cf": 0.2777127324734242, "beta_rec": 0.1260784803971985, "gamma_fc": 0.8272003251393062, "cue_position": 16.0, "beta_enc": 0.8811683184289046}, "datetime": {"delta": 0.310071, "elapsed": 142.286151, "datetime": "2020-06-14 09:43:13"}}
{"target": 9.0, "params": {"gamma_cf": 0.4814458975407394, "beta_rec": 0.733366094468834, "gamma_fc": 0.8035946264310272, "cue_position": 16.0, "beta_enc": 0.3645234475558883}, "datetime": {"delta": 0.352986, "elapsed": 142.639137, "datetime": "2020-06-14 09:43:13"}}
{"target": 9.25, "params": {"gamma_cf": 0.7533258058943924, "beta_rec": 0.16157403985608987, "gamma_fc": 0.2801926353730937, "cue_position": 16.0, "beta_enc": 0.39698821167237397}, "datetime": {"delta": 0.357791, "elapsed": 142.996928, "datetime": "2020-06-14 09:43:14"}}
{"target": 9.25, "params": {"gamma_cf": 0.7071876097841823, "beta_rec": 0.9004489123860653, "gamma_fc": 0.5909005994904067, "cue_position": 16.0, "beta_enc": 0.45136186123240163}, "datetime": {"delta": 0.35781, "elapsed": 143.354738, "datetime": "2020-06-14 09:43:14"}}
{"target": 8.0, "params": {"gamma_cf": 0.39722776623376177, "beta_rec": 0.907644646099839, "gamma_fc": 0.5614096837184815, "cue_position": 16.0, "beta_enc": 0.8173822703971256}, "datetime": {"delta": 0.335547, "elapsed": 143.690285, "datetime": "2020-06-14 09:43:14"}}
{"target": 8.375, "params": {"gamma_cf": 0.2796211794498489, "beta_rec": 0.08747276218504352, "gamma_fc": 0.42351005310518297, "cue_position": 16.0, "beta_enc": 0.7339231362848766}, "datetime": {"delta": 0.340356, "elapsed": 144.030641, "datetime": "2020-06-14 09:43:15"}}
{"target": 7.75, "params": {"gamma_cf": 0.6204682006051905, "beta_rec": 0.660015223526051, "gamma_fc": 0.5824398618892226, "cue_position": 16.0, "beta_enc": 0.49797863267328835}, "datetime": {"delta": 0.328081, "elapsed": 144.358722, "datetime": "2020-06-14 09:43:15"}}
{"target": 9.125, "params": {"gamma_cf": 0.3202066542862888, "beta_rec": 0.004976364711265391, "gamma_fc": 0.1469781258549313, "cue_position": 16.0, "beta_enc": 0.42833239803885637}, "datetime": {"delta": 0.355349, "elapsed": 144.714071, "datetime": "2020-06-14 09:43:15"}}
{"target": 8.375, "params": {"gamma_cf": 0.32084890160086454, "beta_rec": 0.6114994766596024, "gamma_fc": 0.6532580520244544, "cue_position": 16.0, "beta_enc": 0.5986638816064357}, "datetime": {"delta": 0.340251, "elapsed": 145.054322, "datetime": "2020-06-14 09:43:16"}}
{"target": 10.25, "params": {"gamma_cf": 0.4435038419039351, "beta_rec": 0.0058809814446282305, "gamma_fc": 0.6978416560498484, "cue_position": 16.0, "beta_enc": 0.19028348267904371}, "datetime": {"delta": 0.378127, "elapsed": 145.432449, "datetime": "2020-06-14 09:43:16"}}
{"target": 8.375, "params": {"gamma_cf": 0.695996510445494, "beta_rec": 0.06261980198391548, "gamma_fc": 0.10281836745431583, "cue_position": 16.0, "beta_enc": 0.185043349636976}, "datetime": {"delta": 0.341164, "elapsed": 145.773613, "datetime": "2020-06-14 09:43:16"}}
{"target": 8.125, "params": {"gamma_cf": 0.750124248068985, "beta_rec": 0.4539526504065199, "gamma_fc": 0.1097350212856566, "cue_position": 16.0, "beta_enc": 0.19583423367499242}, "datetime": {"delta": 0.336144, "elapsed": 146.109757, "datetime": "2020-06-14 09:43:17"}}
{"target": 7.75, "params": {"gamma_cf": 0.2035603776619016, "beta_rec": 0.3873605221444808, "gamma_fc": 0.5279187975307311, "cue_position": 16.0, "beta_enc": 0.6246236071556411}, "datetime": {"delta": 0.328635, "elapsed": 146.438392, "datetime": "2020-06-14 09:43:17"}}
{"target": 9.125, "params": {"gamma_cf": 0.18417777656089307, "beta_rec": 0.018681005996375344, "gamma_fc": 0.6383433300033875, "cue_position": 16.0, "beta_enc": 0.1721625549559327}, "datetime": {"delta": 0.355795, "elapsed": 146.794187, "datetime": "2020-06-14 09:43:17"}}
{"target": 8.375, "params": {"gamma_cf": 0.9894521308362529, "beta_rec": 0.7749453799977457, "gamma_fc": 0.5152146961620737, "cue_position": 16.0, "beta_enc": 0.5365748193404329}, "datetime": {"delta": 0.340338, "elapsed": 147.134525, "datetime": "2020-06-14 09:43:18"}}
{"target": 9.5, "params": {"gamma_cf": 0.3624653173000254, "beta_rec": 0.7494424707521696, "gamma_fc": 0.48924478546014216, "cue_position": 16.0, "beta_enc": 0.47882340118547173}, "datetime": {"delta": 0.363766, "elapsed": 147.498291, "datetime": "2020-06-14 09:43:18"}}
{"target": 7.75, "params": {"gamma_cf": 0.46252906034220287, "beta_rec": 0.39358341429686194, "gamma_fc": 0.2744741128035708, "cue_position": 16.0, "beta_enc": 0.18913837493884977}, "datetime": {"delta": 0.328931, "elapsed": 147.827222, "datetime": "2020-06-14 09:43:18"}}
{"target": 10.25, "params": {"gamma_cf": 0.2929978836283572, "beta_rec": 0.029272121403112528, "gamma_fc": 0.5774906810135474, "cue_position": 16.0, "beta_enc": 0.5267158603586157}, "datetime": {"delta": 0.379884, "elapsed": 148.207106, "datetime": "2020-06-14 09:43:19"}}
{"target": 10.0, "params": {"gamma_cf": 0.23890995487021205, "beta_rec": 0.44033782679643774, "gamma_fc": 0.9985990885864799, "cue_position": 16.0, "beta_enc": 0.7327698532613667}, "datetime": {"delta": 0.374347, "elapsed": 148.581453, "datetime": "2020-06-14 09:43:19"}}
{"target": 8.0, "params": {"gamma_cf": 0.49756438460506747, "beta_rec": 0.9408284143815248, "gamma_fc": 0.8211769648927358, "cue_position": 16.0, "beta_enc": 0.24287852161976753}, "datetime": {"delta": 0.331957, "elapsed": 148.91341, "datetime": "2020-06-14 09:43:20"}}
{"target": 8.25, "params": {"gamma_cf": 0.7541750254551594, "beta_rec": 0.705580412120669, "gamma_fc": 0.9199535770148588, "cue_position": 16.0, "beta_enc": 0.7165880467947342}, "datetime": {"delta": 0.337126, "elapsed": 149.250536, "datetime": "2020-06-14 09:43:20"}}
{"target": 9.25, "params": {"gamma_cf": 0.3907730736706927, "beta_rec": 0.5279654841547008, "gamma_fc": 0.4672385663332459, "cue_position": 16.0, "beta_enc": 0.4413517453158379}, "datetime": {"delta": 0.360233, "elapsed": 149.610769, "datetime": "2020-06-14 09:43:20"}}
{"target": 5.5, "params": {"gamma_cf": 0.5454711685487195, "beta_rec": 0.11055744025544123, "gamma_fc": 0.6065354305165435, "cue_position": 16.0, "beta_enc": 0.8951377108035733}, "datetime": {"delta": 0.283007, "elapsed": 149.893776, "datetime": "2020-06-14 09:43:20"}}
{"target": 8.625, "params": {"gamma_cf": 0.0048720479536060735, "beta_rec": 0.14674737976077956, "gamma_fc": 0.6691577977971368, "cue_position": 16.0, "beta_enc": 0.029782944129560285}, "datetime": {"delta": 0.346718, "elapsed": 150.240494, "datetime": "2020-06-14 09:43:21"}}
{"target": 7.5, "params": {"gamma_cf": 0.6157259286130373, "beta_rec": 0.5469683092712408, "gamma_fc": 0.30218150041580416, "cue_position": 16.0, "beta_enc": 0.8702579489225982}, "datetime": {"delta": 0.323407, "elapsed": 150.563901, "datetime": "2020-06-14 09:43:21"}}
{"target": 8.5, "params": {"gamma_cf": 0.2015966344081711, "beta_rec": 0.5749397272777665, "gamma_fc": 0.32752405584828914, "cue_position": 16.0, "beta_enc": 0.3667319816609417}, "datetime": {"delta": 0.34351, "elapsed": 150.907411, "datetime": "2020-06-14 09:43:22"}}
{"target": 7.25, "params": {"gamma_cf": 0.15635692867625162, "beta_rec": 0.3409202491323421, "gamma_fc": 0.1938648596595468, "cue_position": 16.0, "beta_enc": 0.742921250389697}, "datetime": {"delta": 0.317973, "elapsed": 151.225384, "datetime": "2020-06-14 09:43:22"}}
{"target": 9.5, "params": {"gamma_cf": 0.9025365564222451, "beta_rec": 0.6351249610913382, "gamma_fc": 0.307160768485095, "cue_position": 16.0, "beta_enc": 0.4951123625611782}, "datetime": {"delta": 0.362767, "elapsed": 151.588151, "datetime": "2020-06-14 09:43:22"}}
{"target": 8.75, "params": {"gamma_cf": 0.2927265620931302, "beta_rec": 0.2824280305589726, "gamma_fc": 0.41369073619910135, "cue_position": 16.0, "beta_enc": 0.7533800731255857}, "datetime": {"delta": 0.349159, "elapsed": 151.93731, "datetime": "2020-06-14 09:43:23"}}
{"target": 9.0, "params": {"gamma_cf": 0.9630182395955346, "beta_rec": 0.31898600647018904, "gamma_fc": 0.5039830093987828, "cue_position": 16.0, "beta_enc": 0.21471569566838056}, "datetime": {"delta": 0.357123, "elapsed": 152.294433, "datetime": "2020-06-14 09:43:23"}}
{"target": 6.125, "params": {"gamma_cf": 0.7546222253081317, "beta_rec": 0.7461601407734211, "gamma_fc": 0.6280230786069259, "cue_position": 16.0, "beta_enc": 0.9231006825886638}, "datetime": {"delta": 0.295364, "elapsed": 152.589797, "datetime": "2020-06-14 09:43:23"}}
{"target": 8.75, "params": {"gamma_cf": 0.30531353144830675, "beta_rec": 0.5216593134132719, "gamma_fc": 0.012522836886473265, "cue_position": 16.0, "beta_enc": 0.30375843415186865}, "datetime": {"delta": 0.349247, "elapsed": 152.939044, "datetime": "2020-06-14 09:43:24"}}
{"target": 8.875, "params": {"gamma_cf": 0.6253311549032551, "beta_rec": 0.7967454755900841, "gamma_fc": 0.13280748458041103, "cue_position": 16.0, "beta_enc": 0.26826282913593635}, "datetime": {"delta": 0.350051, "elapsed": 153.289095, "datetime": "2020-06-14 09:43:24"}}
{"target": 8.0, "params": {"gamma_cf": 0.8586117030700126, "beta_rec": 0.526905346047344, "gamma_fc": 0.9475415511018243, "cue_position": 16.0, "beta_enc": 0.7575703592474212}, "datetime": {"delta": 0.332453, "elapsed": 153.621548, "datetime": "2020-06-14 09:43:24"}}
{"target": 8.0, "params": {"gamma_cf": 0.7271011884036769, "beta_rec": 0.8542582098426466, "gamma_fc": 0.8587907562669648, "cue_position": 16.0, "beta_enc": 0.6545375346228315}, "datetime": {"delta": 0.333274, "elapsed": 153.954822, "datetime": "2020-06-14 09:43:25"}}
{"target": 11.25, "params": {"gamma_cf": 0.0840212797987252, "beta_rec": 0.9020760015248446, "gamma_fc": 0.8295737184581491, "cue_position": 16.0, "beta_enc": 0.9230030407536653}, "datetime": {"delta": 0.399229, "elapsed": 154.354051, "datetime": "2020-06-14 09:43:25"}}
{"target": 9.375, "params": {"gamma_cf": 0.03198418437577388, "beta_rec": 0.542076154739123, "gamma_fc": 0.8779604187251567, "cue_position": 16.0, "beta_enc": 0.5389315533076343}, "datetime": {"delta": 0.361796, "elapsed": 154.715847, "datetime": "2020-06-14 09:43:25"}}
{"target": 8.5, "params": {"gamma_cf": 0.6417491808335967, "beta_rec": 0.6931945583783881, "gamma_fc": 0.37408018773825613, "cue_position": 16.0, "beta_enc": 0.03463400133772032}, "datetime": {"delta": 0.34336, "elapsed": 155.059207, "datetime": "2020-06-14 09:43:26"}}
{"target": 9.75, "params": {"gamma_cf": 0.5652896703655683, "beta_rec": 0.5094085814387623, "gamma_fc": 0.6631488914643168, "cue_position": 16.0, "beta_enc": 0.2754620266501041}, "datetime": {"delta": 0.366477, "elapsed": 155.425684, "datetime": "2020-06-14 09:43:26"}}
{"target": 9.125, "params": {"gamma_cf": 0.3549025108507734, "beta_rec": 0.9721390871214521, "gamma_fc": 0.6535310326636594, "cue_position": 16.0, "beta_enc": 0.44137923095350085}, "datetime": {"delta": 0.356317, "elapsed": 155.782001, "datetime": "2020-06-14 09:43:26"}}
{"target": 7.25, "params": {"gamma_cf": 0.10806748517233733, "beta_rec": 0.884056212378686, "gamma_fc": 0.19127205174117012, "cue_position": 16.0, "beta_enc": 0.5426164118717204}, "datetime": {"delta": 0.317817, "elapsed": 156.099818, "datetime": "2020-06-14 09:43:27"}}
{"target": 9.0, "params": {"gamma_cf": 0.6263588032086836, "beta_rec": 0.8540597949343145, "gamma_fc": 0.6235518010455583, "cue_position": 16.0, "beta_enc": 0.38704623260508586}, "datetime": {"delta": 0.353188, "elapsed": 156.453006, "datetime": "2020-06-14 09:43:27"}}
{"target": 10.0, "params": {"gamma_cf": 0.29572553442388116, "beta_rec": 0.05033512965945175, "gamma_fc": 0.39845819654904013, "cue_position": 16.0, "beta_enc": 0.4080471353479287}, "datetime": {"delta": 0.374678, "elapsed": 156.827684, "datetime": "2020-06-14 09:43:27"}}
{"target": 8.0, "params": {"gamma_cf": 0.5498899204719812, "beta_rec": 0.6636026316710936, "gamma_fc": 0.015421822343255842, "cue_position": 16.0, "beta_enc": 0.37723956753050947}, "datetime": {"delta": 0.332452, "elapsed": 157.160136, "datetime": "2020-06-14 09:43:28"}}
{"target": 9.0, "params": {"gamma_cf": 0.1467479307274827, "beta_rec": 0.5984272223880148, "gamma_fc": 0.6968783264368051, "cue_position": 16.0, "beta_enc": 0.9830389835394168}, "datetime": {"delta": 0.351974, "elapsed": 157.51211, "datetime": "2020-06-14 09:43:28"}}
{"target": 9.125, "params": {"gamma_cf": 0.28749810204118764, "beta_rec": 0.3181087523446168, "gamma_fc": 0.9572253423743934, "cue_position": 16.0, "beta_enc": 0.9058084167065523}, "datetime": {"delta": 0.355702, "elapsed": 157.867812, "datetime": "2020-06-14 09:43:28"}}
{"target": 9.5, "params": {"gamma_cf": 0.26904238725191854, "beta_rec": 0.6250155931933211, "gamma_fc": 0.9236157463407607, "cue_position": 16.0, "beta_enc": 0.7023157547948075}, "datetime": {"delta": 0.362451, "elapsed": 158.230263, "datetime": "2020-06-14 09:43:29"}}
{"target": 7.875, "params": {"gamma_cf": 0.8339046774992332, "beta_rec": 0.7713625072014619, "gamma_fc": 0.6982817992918626, "cue_position": 16.0, "beta_enc": 0.6780829341239825}, "datetime": {"delta": 0.333212, "elapsed": 158.563475, "datetime": "2020-06-14 09:43:29"}}
{"target": 9.25, "params": {"gamma_cf": 0.9158787230673001, "beta_rec": 0.6124611286280749, "gamma_fc": 0.19823229021015376, "cue_position": 16.0, "beta_enc": 0.146608701776909}, "datetime": {"delta": 0.359027, "elapsed": 158.922502, "datetime": "2020-06-14 09:43:30"}}
{"target": 9.875, "params": {"gamma_cf": 0.5575878151711118, "beta_rec": 0.04765470496967894, "gamma_fc": 0.5735610825770953, "cue_position": 16.0, "beta_enc": 0.28571649537130284}, "datetime": {"delta": 0.371081, "elapsed": 159.293583, "datetime": "2020-06-14 09:43:30"}}
{"target": 6.75, "params": {"gamma_cf": 0.8512376625014975, "beta_rec": 0.34741393280060506, "gamma_fc": 0.5768293032320249, "cue_position": 16.0, "beta_enc": 0.905377379959673}, "datetime": {"delta": 0.307032, "elapsed": 159.600615, "datetime": "2020-06-14 09:43:30"}}
{"target": 8.25, "params": {"gamma_cf": 0.6209523875804722, "beta_rec": 0.27835933039431604, "gamma_fc": 0.13339403014523998, "cue_position": 16.0, "beta_enc": 0.6539929348777337}, "datetime": {"delta": 0.33779, "elapsed": 159.938405, "datetime": "2020-06-14 09:43:31"}}
{"target": 10.125, "params": {"gamma_cf": 0.02402673463080851, "beta_rec": 0.11341100113082614, "gamma_fc": 0.6262089291372217, "cue_position": 16.0, "beta_enc": 0.03290871659253447}, "datetime": {"delta": 0.375501, "elapsed": 160.313906, "datetime": "2020-06-14 09:43:31"}}
{"target": 8.625, "params": {"gamma_cf": 0.11582674670624904, "beta_rec": 0.25096153771624574, "gamma_fc": 0.2705519937974664, "cue_position": 16.0, "beta_enc": 0.09758261797608447}, "datetime": {"delta": 0.346761, "elapsed": 160.660667, "datetime": "2020-06-14 09:43:31"}}
{"target": 7.125, "params": {"gamma_cf": 0.3783538388352491, "beta_rec": 0.9850455536104694, "gamma_fc": 0.026528351110449155, "cue_position": 16.0, "beta_enc": 0.021079672835511265}, "datetime": {"delta": 0.315533, "elapsed": 160.9762, "datetime": "2020-06-14 09:43:32"}}
{"target": 9.0, "params": {"gamma_cf": 0.27850417183805665, "beta_rec": 0.4525586263864343, "gamma_fc": 0.6147818910832991, "cue_position": 16.0, "beta_enc": 0.3898387483749842}, "datetime": {"delta": 0.353823, "elapsed": 161.330023, "datetime": "2020-06-14 09:43:32"}}
{"target": 7.25, "params": {"gamma_cf": 0.7865007628599349, "beta_rec": 0.18596096979633892, "gamma_fc": 0.09657903442841353, "cue_position": 16.0, "beta_enc": 0.6651683545821934}, "datetime": {"delta": 0.318895, "elapsed": 161.648918, "datetime": "2020-06-14 09:43:32"}}
{"target": 9.0, "params": {"gamma_cf": 0.059528607140071355, "beta_rec": 0.02605993268839324, "gamma_fc": 0.4814004591490364, "cue_position": 16.0, "beta_enc": 0.6060352981689622}, "datetime": {"delta": 0.35263, "elapsed": 162.001548, "datetime": "2020-06-14 09:43:33"}}
{"target": 5.25, "params": {"gamma_cf": 0.8613524744830288, "beta_rec": 0.4055573841390242, "gamma_fc": 0.5192975854704402, "cue_position": 16.0, "beta_enc": 0.9257041086902309}, "datetime": {"delta": 0.277267, "elapsed": 162.278815, "datetime": "2020-06-14 09:43:33"}}
{"target": 8.375, "params": {"gamma_cf": 0.2600189719566923, "beta_rec": 0.9630323387846756, "gamma_fc": 0.20139185371372026, "cue_position": 16.0, "beta_enc": 0.3189358689174241}, "datetime": {"delta": 0.342459, "elapsed": 162.621274, "datetime": "2020-06-14 09:43:33"}}
{"target": 8.125, "params": {"gamma_cf": 0.5864294214642616, "beta_rec": 0.8425182098415589, "gamma_fc": 0.16224499947880777, "cue_position": 16.0, "beta_enc": 0.5889087033060773}, "datetime": {"delta": 0.335766, "elapsed": 162.95704, "datetime": "2020-06-14 09:43:34"}}
{"target": 9.375, "params": {"gamma_cf": 0.2659070410478275, "beta_rec": 0.7613352159920956, "gamma_fc": 0.6894948631776694, "cue_position": 16.0, "beta_enc": 0.19459373523814183}, "datetime": {"delta": 0.360598, "elapsed": 163.317638, "datetime": "2020-06-14 09:43:34"}}
{"target": 9.375, "params": {"gamma_cf": 0.3366231805122991, "beta_rec": 0.03219440386857053, "gamma_fc": 0.36221610553001116, "cue_position": 16.0, "beta_enc": 0.01508930763297911}, "datetime": {"delta": 0.360536, "elapsed": 163.678174, "datetime": "2020-06-14 09:43:34"}}
{"target": 8.125, "params": {"gamma_cf": 0.6382781332668243, "beta_rec": 0.035980967658641894, "gamma_fc": 0.14300410951832265, "cue_position": 16.0, "beta_enc": 0.8071905755135196}, "datetime": {"delta": 0.336223, "elapsed": 164.014397, "datetime": "2020-06-14 09:43:35"}}
