{"target": 9.125, "params": {"gamma_cf": 0.5781739184085382, "beta_rec": 0.9275809425975434, "gamma_fc": 0.3987155436290084, "cue_position": 16.0, "beta_enc": 0.8460545992364693}, "datetime": {"delta": 0.35538, "elapsed": 109.729337, "datetime": "2020-06-14 09:42:40"}}
{"target": 6.75, "params": {"gamma_cf": 0.3110130678848415, "beta_rec": 0.15407917183235742, "gamma_fc": 0.548489089666104, "cue_position": 16.0, "beta_enc": 0.966612492642142}, "datetime": {"delta": 0.309019, "elapsed": 110.038356, "datetime": "2020-06-14 09:42:41"}}
{"target": 9.5, "params": {"gamma_cf": 0.508482013429616, "beta_rec": 0.23646965132615538, "gamma_fc": 0.7918638755846716, "cue_position": 16.0, "beta_enc": 0.6820662584328149}, "datetime": {"delta": 0.363696, "elapsed": 110.402052, "datetime": "2020-06-14 09:42:41"}}
{"target": 9.375, "params": {"gamma_cf": 0.47973756704915504, "beta_rec": 0.11897333717301484, "gamma_fc": 0.9466766792396476, "cue_position": 16.0, "beta_enc": 0.6924144621670756}, "datetime": {"delta": 0.359911, "elapsed": 110.761963, "datetime": "2020-06-14 09:42:41"}}
{"target": 9.75, "params": {"gamma_cf": 0.8542379729163827, "beta_rec": 0.08480182166035288, "gamma_fc": 0.7059273667647191, "cue_position": 16.0, "beta_enc": 0.5534337062482657}, "datetime": {"delta": 0.366677, "elapsed": 111.12864, "datetime": "2020-06-14 09:42:42"}}
{"target": 6.625, "params": {"gamma_cf": 0.6503981324841198, "beta_rec": 0.32914600179429976, "gamma_fc": 0.5942908535866644, "cue_position": 16.0, "beta_enc": 0.8949395201529242}, "datetime": {"delta": 0.307319, "elapsed": 111.435959, "datetime": "2020-06-14 09:42:42"}}
{"target": 7.5, "params": {"gamma_cf": 0.8456149622311454, "beta_rec": 0.4268213494482356, "gamma_fc": 0.9866774449680826, "cue_position": 16.0, "beta_enc": 0.2314629355342478}, "datetime": {"delta": 0.32192, "elapsed": 111.757879, "datetime": "2020-06-14 09:42:42"}}
{"target": 7.5, "params": {"gamma_cf": 0.6254353783114329, "beta_rec": 0.7139280322669613, "gamma_fc": 0.258129649281871, "cue_position": 16.0, "beta_enc": 0.06657080313237929}, "datetime": {"delta": 0.323339, "elapsed": 112.081218, "datetime": "2020-06-14 09:42:43"}}
{"target": 9.0, "params": {"gamma_cf": 0.9117631736977988, "beta_rec": 0.37114718446272954, "gamma_fc": 0.9424988742262075, "cue_position": 16.0, "beta_enc": 0.6510076093084951}, "datetime": {"delta": 0.353476, "elapsed": 112.434694, "datetime": "2020-06-14 09:42:43"}}
{"target": 7.25, "params": {"gamma_cf": 0.7504535467233241, "beta_rec": 0.21446778083069262, "gamma_fc": 0.7510898073228061, "cue_position": 16.0, "beta_enc": 0.6135500265601355}, "datetime": {"delta": 0.318856, "elapsed": 112.75355, "datetime": "2020-06-14 09:42:43"}}
{"target": 8.375, "params": {"gamma_cf": 0.6316207452501602, "beta_rec": 0.8301565261622993, "gamma_fc": 0.7107395698995863, "cue_position": 16.0, "beta_enc": 0.2117213348484862}, "datetime": {"delta": 0.341115, "elapsed": 113.094665, "datetime": "2020-06-14 09:42:44"}}
{"target": 5.625, "params": {"gamma_cf": 0.9029359021217099, "beta_rec": 0.39026470459958096, "gamma_fc": 0.5874200192375769, "cue_position": 16.0, "beta_enc": 0.7423834297071017}, "datetime": {"delta": 0.283953, "elapsed": 113.378618, "datetime": "2020-06-14 09:42:44"}}
{"target": 8.125, "params": {"gamma_cf": 0.17272746332288003, "beta_rec": 0.12897598414227607, "gamma_fc": 0.12643089028968502, "cue_position": 16.0, "beta_enc": 0.09040971569479861}, "datetime": {"delta": 0.33513, "elapsed": 113.713748, "datetime": "2020-06-14 09:42:44"}}
{"target": 5.75, "params": {"gamma_cf": 0.8790664013584655, "beta_rec": 0.039411512184444275, "gamma_fc": 0.9735188608362936, "cue_position": 16.0, "beta_enc": 0.7783008900676276}, "datetime": {"delta": 0.287375, "elapsed": 114.001123, "datetime": "2020-06-14 09:42:45"}}
{"target": 9.375, "params": {"gamma_cf": 0.9485727683760076, "beta_rec": 0.9762382645603884, "gamma_fc": 0.31129608245616713, "cue_position": 16.0, "beta_enc": 0.6054220077270481}, "datetime": {"delta": 0.360778, "elapsed": 114.361901, "datetime": "2020-06-14 09:42:45"}}
{"target": 8.375, "params": {"gamma_cf": 0.45855081090250105, "beta_rec": 0.8106291034469015, "gamma_fc": 0.9306443921654484, "cue_position": 16.0, "beta_enc": 0.798972840361593}, "datetime": {"delta": 0.342313, "elapsed": 114.704214, "datetime": "2020-06-14 09:42:45"}}
{"target": 10.75, "params": {"gamma_cf": 0.9854449149448306, "beta_rec": 0.9344454925295846, "gamma_fc": 0.03264386596259239, "cue_position": 16.0, "beta_enc": 0.2578929844270399}, "datetime": {"delta": 0.387147, "elapsed": 115.091361, "datetime": "2020-06-14 09:42:46"}}
{"target": 9.25, "params": {"gamma_cf": 0.259218125650737, "beta_rec": 0.5655542353803811, "gamma_fc": 0.3268306848663751, "cue_position": 16.0, "beta_enc": 0.7251666588327084}, "datetime": {"delta": 0.358655, "elapsed": 115.450016, "datetime": "2020-06-14 09:42:46"}}
{"target": 9.125, "params": {"gamma_cf": 0.5023950058982584, "beta_rec": 0.21926791032506077, "gamma_fc": 0.08318988869699773, "cue_position": 16.0, "beta_enc": 0.24946220670138775}, "datetime": {"delta": 0.355902, "elapsed": 115.805918, "datetime": "2020-06-14 09:42:46"}}
{"target": 8.125, "params": {"gamma_cf": 0.5153936931431213, "beta_rec": 0.5336490760837309, "gamma_fc": 0.39994592398513173, "cue_position": 16.0, "beta_enc": 0.7769841920273803}, "datetime": {"delta": 0.33531, "elapsed": 116.141228, "datetime": "2020-06-14 09:42:47"}}
{"target": 6.0, "params": {"gamma_cf": 0.930854967759968, "beta_rec": 0.02824262016291268, "gamma_fc": 0.39091871150145807, "cue_position": 16.0, "beta_enc": 0.986246782436295}, "datetime": {"delta": 0.2918, "elapsed": 116.433028, "datetime": "2020-06-14 09:42:47"}}
{"target": 9.0, "params": {"gamma_cf": 0.8032081943280084, "beta_rec": 0.619213297933239, "gamma_fc": 0.2539338558777352, "cue_position": 16.0, "beta_enc": 0.2144648711333198}, "datetime": {"delta": 0.353309, "elapsed": 116.786337, "datetime": "2020-06-14 09:42:47"}}
{"target": 8.125, "params": {"gamma_cf": 0.5353808917305217, "beta_rec": 0.915915790009957, "gamma_fc": 0.8628389805786156, "cue_position": 16.0, "beta_enc": 0.2908061550326779}, "datetime": {"delta": 0.335597, "elapsed": 117.121934, "datetime": "2020-06-14 09:42:48"}}
{"target": 6.5, "params": {"gamma_cf": 0.29481201179849537, "beta_rec": 0.9978842782249023, "gamma_fc": 0.04157423394916726, "cue_position": 16.0, "beta_enc": 0.3525325688050618}, "datetime": {"delta": 0.302585, "elapsed": 117.424519, "datetime": "2020-06-14 09:42:48"}}
{"target": 5.75, "params": {"gamma_cf": 0.6408076240458747, "beta_rec": 0.4648876309118224, "gamma_fc": 0.7230933996660097, "cue_position": 16.0, "beta_enc": 0.9897069537867418}, "datetime": {"delta": 0.28805, "elapsed": 117.712569, "datetime": "2020-06-14 09:42:48"}}
{"target": 8.25, "params": {"gamma_cf": 0.5519950271541971, "beta_rec": 0.9200454054097137, "gamma_fc": 0.963915888684551, "cue_position": 16.0, "beta_enc": 0.05111090382611627}, "datetime": {"delta": 0.336793, "elapsed": 118.049362, "datetime": "2020-06-14 09:42:49"}}
{"target": 9.0, "params": {"gamma_cf": 0.6280232317552282, "beta_rec": 0.6021466271365452, "gamma_fc": 0.3006322885237481, "cue_position": 16.0, "beta_enc": 0.28095553699036746}, "datetime": {"delta": 0.353143, "elapsed": 118.402505, "datetime": "2020-06-14 09:42:49"}}
{"target": 7.625, "params": {"gamma_cf": 0.049396384633314305, "beta_rec": 0.06978597850420853, "gamma_fc": 0.15045502836766345, "cue_position": 16.0, "beta_enc": 0.8193583846560202}, "datetime": {"delta": 0.326097, "elapsed": 118.728602, "datetime": "2020-06-14 09:42:49"}}
{"target": 10.0, "params": {"gamma_cf": 0.6475529858164272, "beta_rec": 0.9553899892571747, "gamma_fc": 0.5276215084563493, "cue_position": 16.0, "beta_enc": 0.39535047379469035}, "datetime": {"delta": 0.373047, "elapsed": 119.101649, "datetime": "2020-06-14 09:42:50"}}
{"target": 8.75, "params": {"gamma_cf": 0.043821509727146934, "beta_rec": 0.19819922932019185, "gamma_fc": 0.7131639731598145, "cue_position": 16.0, "beta_enc": 0.353242405983059}, "datetime": {"delta": 0.347324, "elapsed": 119.448973, "datetime": "2020-06-14 09:42:50"}}
{"target": 8.625, "params": {"gamma_cf": 0.10997597244532042, "beta_rec": 0.4437697927247224, "gamma_fc": 0.9387191733689311, "cue_position": 16.0, "beta_enc": 0.6538401991962549}, "datetime": {"delta": 0.347637, "elapsed": 119.79661, "datetime": "2020-06-14 09:42:50"}}
{"target": 6.375, "params": {"gamma_cf": 0.41656672901474745, "beta_rec": 0.6590356596658833, "gamma_fc": 0.48215392215746744, "cue_position": 16.0, "beta_enc": 0.8476267092393875}, "datetime": {"delta": 0.300935, "elapsed": 120.097545, "datetime": "2020-06-14 09:42:51"}}
{"target": 5.75, "params": {"gamma_cf": 0.554518498278167, "beta_rec": 0.8635929549181026, "gamma_fc": 0.8754038622793218, "cue_position": 16.0, "beta_enc": 0.9352837700068006}, "datetime": {"delta": 0.287831, "elapsed": 120.385376, "datetime": "2020-06-14 09:42:51"}}
{"target": 7.375, "params": {"gamma_cf": 0.35162490636044264, "beta_rec": 0.639184755868246, "gamma_fc": 0.91802831908618, "cue_position": 16.0, "beta_enc": 0.9492644337722901}, "datetime": {"delta": 0.321128, "elapsed": 120.706504, "datetime": "2020-06-14 09:42:51"}}
{"target": 6.125, "params": {"gamma_cf": 0.8498718814403323, "beta_rec": 0.5520558812247628, "gamma_fc": 0.8084113566061418, "cue_position": 16.0, "beta_enc": 0.8367520498538312}, "datetime": {"delta": 0.296162, "elapsed": 121.002666, "datetime": "2020-06-14 09:42:52"}}
{"target": 6.875, "params": {"gamma_cf": 0.7708318305538303, "beta_rec": 0.5360025748218121, "gamma_fc": 0.4207131990251918, "cue_position": 16.0, "beta_enc": 0.13069282439738805}, "datetime": {"delta": 0.310924, "elapsed": 121.31359, "datetime": "2020-06-14 09:42:52"}}
{"target": 2.75, "params": {"gamma_cf": 0.954200507429589, "beta_rec": 0.25077315667300226, "gamma_fc": 0.8087153481852897, "cue_position": 16.0, "beta_enc": 0.9778803933599658}, "datetime": {"delta": 0.228461, "elapsed": 121.542051, "datetime": "2020-06-14 09:42:52"}}
{"target": 6.125, "params": {"gamma_cf": 0.2355219566098693, "beta_rec": 0.011589589409895185, "gamma_fc": 0.2959350518874113, "cue_position": 16.0, "beta_enc": 0.9003400045106619}, "datetime": {"delta": 0.296175, "elapsed": 121.838226, "datetime": "2020-06-14 09:42:52"}}
{"target": 7.5, "params": {"gamma_cf": 0.3652744612070937, "beta_rec": 0.7240848448640741, "gamma_fc": 0.5846916130045258, "cue_position": 16.0, "beta_enc": 0.7379954964038409}, "datetime": {"delta": 0.322883, "elapsed": 122.161109, "datetime": "2020-06-14 09:42:53"}}
{"target": 7.5, "params": {"gamma_cf": 0.39564827226754884, "beta_rec": 0.550579559007862, "gamma_fc": 0.7717184824154584, "cue_position": 16.0, "beta_enc": 0.5337077546342763}, "datetime": {"delta": 0.323519, "elapsed": 122.484628, "datetime": "2020-06-14 09:42:53"}}
{"target": 10.375, "params": {"gamma_cf": 0.0035547604644260433, "beta_rec": 0.655760767903366, "gamma_fc": 0.7233610443943062, "cue_position": 16.0, "beta_enc": 0.2512031833493866}, "datetime": {"delta": 0.379908, "elapsed": 122.864536, "datetime": "2020-06-14 09:42:53"}}
{"target": 9.125, "params": {"gamma_cf": 0.24294712577080113, "beta_rec": 0.5437874916638252, "gamma_fc": 0.9138438752466082, "cue_position": 16.0, "beta_enc": 0.10899503392964371}, "datetime": {"delta": 0.357091, "elapsed": 123.221627, "datetime": "2020-06-14 09:42:54"}}
{"target": 9.625, "params": {"gamma_cf": 0.10550707999733477, "beta_rec": 0.23169469139485988, "gamma_fc": 0.5552253185313445, "cue_position": 16.0, "beta_enc": 0.6223125286916178}, "datetime": {"delta": 0.365557, "elapsed": 123.587184, "datetime": "2020-06-14 09:42:54"}}
{"target": 7.125, "params": {"gamma_cf": 0.6494668079547463, "beta_rec": 0.5809840726750195, "gamma_fc": 0.71582695285818, "cue_position": 16.0, "beta_enc": 0.0949560698024915}, "datetime": {"delta": 0.316096, "elapsed": 123.90328, "datetime": "2020-06-14 09:42:55"}}
{"target": 11.75, "params": {"gamma_cf": 0.8075122716430321, "beta_rec": 0.6575214077031101, "gamma_fc": 0.6196819920538628, "cue_position": 16.0, "beta_enc": 0.5241856145686612}, "datetime": {"delta": 0.408988, "elapsed": 124.312268, "datetime": "2020-06-14 09:42:55"}}
{"target": 9.25, "params": {"gamma_cf": 0.7029317321143713, "beta_rec": 0.40794998904736746, "gamma_fc": 0.18493502237340165, "cue_position": 16.0, "beta_enc": 0.45110246212077487}, "datetime": {"delta": 0.357824, "elapsed": 124.670092, "datetime": "2020-06-14 09:42:55"}}
{"target": 8.25, "params": {"gamma_cf": 0.8455176755307064, "beta_rec": 0.9088080323000569, "gamma_fc": 0.8202024663153499, "cue_position": 16.0, "beta_enc": 0.5657321466292633}, "datetime": {"delta": 0.337812, "elapsed": 125.007904, "datetime": "2020-06-14 09:42:56"}}
{"target": 10.5, "params": {"gamma_cf": 0.9226386946886712, "beta_rec": 0.0375838514857032, "gamma_fc": 0.04415479603186245, "cue_position": 16.0, "beta_enc": 0.4993411012978345}, "datetime": {"delta": 0.38451, "elapsed": 125.392414, "datetime": "2020-06-14 09:42:56"}}
{"target": 9.375, "params": {"gamma_cf": 0.9810797572402973, "beta_rec": 0.6190396347254709, "gamma_fc": 0.15597523304342242, "cue_position": 16.0, "beta_enc": 0.3724987664053595}, "datetime": {"delta": 0.360509, "elapsed": 125.752923, "datetime": "2020-06-14 09:42:56"}}
{"target": 8.75, "params": {"gamma_cf": 0.4663089892093414, "beta_rec": 0.6180113243466446, "gamma_fc": 0.49100852913292925, "cue_position": 16.0, "beta_enc": 0.5396791951612744}, "datetime": {"delta": 0.34931, "elapsed": 126.102233, "datetime": "2020-06-14 09:42:57"}}
{"target": 7.0, "params": {"gamma_cf": 0.6669425431939752, "beta_rec": 0.6342807527738734, "gamma_fc": 0.45337742652219837, "cue_position": 16.0, "beta_enc": 0.766862376326542}, "datetime": {"delta": 0.314933, "elapsed": 126.417166, "datetime": "2020-06-14 09:42:57"}}
{"target": 7.625, "params": {"gamma_cf": 0.7880495511723071, "beta_rec": 0.6585680415583619, "gamma_fc": 0.6028653375383973, "cue_position": 16.0, "beta_enc": 0.5257115913414097}, "datetime": {"delta": 0.328403, "elapsed": 126.745569, "datetime": "2020-06-14 09:42:57"}}
{"target": 5.875, "params": {"gamma_cf": 0.8956418025994466, "beta_rec": 0.22238319353117575, "gamma_fc": 0.6014334096987881, "cue_position": 16.0, "beta_enc": 0.9803328851373277}, "datetime": {"delta": 0.291865, "elapsed": 127.037434, "datetime": "2020-06-14 09:42:58"}}
{"target": 5.75, "params": {"gamma_cf": 0.9460550298475632, "beta_rec": 0.41367016420136027, "gamma_fc": 0.20018606573932207, "cue_position": 16.0, "beta_enc": 0.725958845848815}, "datetime": {"delta": 0.287902, "elapsed": 127.325336, "datetime": "2020-06-14 09:42:58"}}
{"target": 5.875, "params": {"gamma_cf": 0.21520958659442757, "beta_rec": 0.9695380120998964, "gamma_fc": 0.11737692031312974, "cue_position": 16.0, "beta_enc": 0.8073652638773204}, "datetime": {"delta": 0.290087, "elapsed": 127.615423, "datetime": "2020-06-14 09:42:58"}}
{"target": 6.375, "params": {"gamma_cf": 0.38961201587930516, "beta_rec": 0.08121658594273329, "gamma_fc": 0.9052027659330404, "cue_position": 16.0, "beta_enc": 0.7674235177414532}, "datetime": {"delta": 0.300551, "elapsed": 127.915974, "datetime": "2020-06-14 09:42:59"}}
{"target": 8.25, "params": {"gamma_cf": 0.5952697806732562, "beta_rec": 0.44087219982229087, "gamma_fc": 0.4621580966913571, "cue_position": 16.0, "beta_enc": 0.18857760349946784}, "datetime": {"delta": 0.34147, "elapsed": 128.257444, "datetime": "2020-06-14 09:42:59"}}
{"target": 8.125, "params": {"gamma_cf": 0.1935589577238105, "beta_rec": 0.5738855268923474, "gamma_fc": 0.11396576145918635, "cue_position": 16.0, "beta_enc": 0.5126497467571176}, "datetime": {"delta": 0.336613, "elapsed": 128.594057, "datetime": "2020-06-14 09:42:59"}}
{"target": 9.125, "params": {"gamma_cf": 0.8477210140360106, "beta_rec": 0.0524909638531339, "gamma_fc": 0.35911933892411074, "cue_position": 16.0, "beta_enc": 0.151227927370148}, "datetime": {"delta": 0.35591, "elapsed": 128.949967, "datetime": "2020-06-14 09:43:00"}}
{"target": 6.875, "params": {"gamma_cf": 0.4254034655756376, "beta_rec": 0.42572441198511624, "gamma_fc": 0.81072123360737, "cue_position": 16.0, "beta_enc": 0.07531087263581782}, "datetime": {"delta": 0.311196, "elapsed": 129.261163, "datetime": "2020-06-14 09:43:00"}}
{"target": 7.125, "params": {"gamma_cf": 0.4702989247821753, "beta_rec": 0.8699107732683544, "gamma_fc": 0.6826980429032513, "cue_position": 16.0, "beta_enc": 0.9418862461867052}, "datetime": {"delta": 0.314619, "elapsed": 129.575782, "datetime": "2020-06-14 09:43:00"}}
{"target": 8.75, "params": {"gamma_cf": 0.9062603959616818, "beta_rec": 0.9824781185020439, "gamma_fc": 0.8071099016661061, "cue_position": 16.0, "beta_enc": 0.013418310556529534}, "datetime": {"delta": 0.348146, "elapsed": 129.923928, "datetime": "2020-06-14 09:43:01"}}
{"target": 7.5, "params": {"gamma_cf": 0.42880069291408873, "beta_rec": 0.2689360577850649, "gamma_fc": 0.8493711007306549, "cue_position": 16.0, "beta_enc": 0.8001396843869877}, "datetime": {"delta": 0.32251, "elapsed": 130.246438, "datetime": "2020-06-14 09:43:01"}}
{"target": 7.625, "params": {"gamma_cf": 0.6193921656967597, "beta_rec": 0.9354201140070618, "gamma_fc": 0.9806990363557802, "cue_position": 16.0, "beta_enc": 0.45037964247172024}, "datetime": {"delta": 0.326383, "elapsed": 130.572821, "datetime": "2020-06-14 09:43:01"}}
{"target": 7.5, "params": {"gamma_cf": 0.3347513437136638, "beta_rec": 0.04549821604060378, "gamma_fc": 0.5321815485216747, "cue_position": 16.0, "beta_enc": 0.6434625222408049}, "datetime": {"delta": 0.322986, "elapsed": 130.895807, "datetime": "2020-06-14 09:43:01"}}
{"target": 9.75, "params": {"gamma_cf": 0.6813597548913063, "beta_rec": 0.1222612302300028, "gamma_fc": 0.8671392999990885, "cue_position": 16.0, "beta_enc": 0.2847462086131314}, "datetime": {"delta": 0.366982, "elapsed": 131.262789, "datetime": "2020-06-14 09:43:02"}}
{"target": 8.625, "params": {"gamma_cf": 0.6465499357511519, "beta_rec": 0.798620308278031, "gamma_fc": 0.20492214578063384, "cue_position": 16.0, "beta_enc": 0.13238149356273743}, "datetime": {"delta": 0.345056, "elapsed": 131.607845, "datetime": "2020-06-14 09:43:02"}}
{"target": 8.0, "params": {"gamma_cf": 0.477437955592217, "beta_rec": 0.41849681753917567, "gamma_fc": 0.4674598920453694, "cue_position": 16.0, "beta_enc": 0.2614207144058379}, "datetime": {"delta": 0.334258, "elapsed": 131.942103, "datetime": "2020-06-14 09:43:03"}}
{"target": 5.75, "params": {"gamma_cf": 0.8778014186346996, "beta_rec": 0.8701023653075677, "gamma_fc": 0.5710087619370731, "cue_position": 16.0, "beta_enc": 0.8398407101976674}, "datetime": {"delta": 0.288879, "elapsed": 132.230982, "datetime": "2020-06-14 09:43:03"}}
{"target": 8.125, "params": {"gamma_cf": 0.31929773707461884, "beta_rec": 0.6065443482504677, "gamma_fc": 0.681204184117019, "cue_position": 16.0, "beta_enc": 0.9640361333390818}, "datetime": {"delta": 0.338343, "elapsed": 132.569325, "datetime": "2020-06-14 09:43:03"}}
{"target": 8.125, "params": {"gamma_cf": 0.6552012872247357, "beta_rec": 0.13454642101194225, "gamma_fc": 0.1753325917713383, "cue_position": 16.0, "beta_enc": 0.051965688505360985}, "datetime": {"delta": 0.335435, "elapsed": 132.90476, "datetime": "2020-06-14 09:43:04"}}
{"target": 9.875, "params": {"gamma_cf": 0.9642243248492941, "beta_rec": 0.04431165583310459, "gamma_fc": 0.5091394025163677, "cue_position": 16.0, "beta_enc": 0.3411468232515472}, "datetime": {"delta": 0.371991, "elapsed": 133.276751, "datetime": "2020-06-14 09:43:04"}}
{"target": 9.5, "params": {"gamma_cf": 0.865686014006334, "beta_rec": 0.5230085317344643, "gamma_fc": 0.39206586893038686, "cue_position": 16.0, "beta_enc": 0.15107451847143194}, "datetime": {"delta": 0.364737, "elapsed": 133.641488, "datetime": "2020-06-14 09:43:04"}}
{"target": 7.75, "params": {"gamma_cf": 0.2542323546573524, "beta_rec": 0.7617298626927418, "gamma_fc": 0.08408635417992949, "cue_position": 16.0, "beta_enc": 0.28386751597340265}, "datetime": {"delta": 0.327162, "elapsed": 133.96865, "datetime": "2020-06-14 09:43:05"}}
{"target": 6.125, "params": {"gamma_cf": 0.7367109576935199, "beta_rec": 0.44789891562027984, "gamma_fc": 0.7964888671311956, "cue_position": 16.0, "beta_enc": 0.8641440947640269}, "datetime": {"delta": 0.297655, "elapsed": 134.266305, "datetime": "2020-06-14 09:43:05"}}
{"target": 9.5, "params": {"gamma_cf": 0.030997959828255817, "beta_rec": 0.18412755617579835, "gamma_fc": 0.9467282696079524, "cue_position": 16.0, "beta_enc": 0.44750813899031383}, "datetime": {"delta": 0.364011, "elapsed": 134.630316, "datetime": "2020-06-14 09:43:05"}}
{"target": 7.5, "params": {"gamma_cf": 0.2516595841523237, "beta_rec": 0.875388738450687, "gamma_fc": 0.2961299234959044, "cue_position": 16.0, "beta_enc": 0.5769778464775016}, "datetime": {"delta": 0.324762, "elapsed": 134.955078, "datetime": "2020-06-14 09:43:06"}}
{"target": 9.75, "params": {"gamma_cf": 0.509898378143109, "beta_rec": 0.9620782128470935, "gamma_fc": 0.3437881034368444, "cue_position": 16.0, "beta_enc": 0.5329225590316532}, "datetime": {"delta": 0.369236, "elapsed": 135.324314, "datetime": "2020-06-14 09:43:06"}}
{"target": 7.0, "params": {"gamma_cf": 0.20412249999433585, "beta_rec": 0.802866486432424, "gamma_fc": 0.06708946032885532, "cue_position": 16.0, "beta_enc": 0.7697253449571857}, "datetime": {"delta": 0.315034, "elapsed": 135.639348, "datetime": "2020-06-14 09:43:06"}}
{"target": 8.125, "params": {"gamma_cf": 0.8730834972744356, "beta_rec": 0.2724008501293822, "gamma_fc": 0.1282309388454863, "cue_position": 16.0, "beta_enc": 0.1986482644205615}, "datetime": {"delta": 0.334961, "elapsed": 135.974309, "datetime": "2020-06-14 09:43:07"}}
{"target": 5.0, "params": {"gamma_cf": 0.9828807859209906, "beta_rec": 0.6831708438541465, "gamma_fc": 0.41610077261814205, "cue_position": 16.0, "beta_enc": 0.958188741714896}, "datetime": {"delta": 0.273148, "elapsed": 136.247457, "datetime": "2020-06-14 09:43:07"}}
