{"target": 7.561555555555556, "params": {"enc_rate": 1.0, "k": 3.0, "gamma_fc": 0.12533927045542614, "primacy": 0.4, "beta_rec": 0.0, "beta_enc": 0.0}, "datetime": {"delta": 52.217648, "datetime": "2020-10-05 16:58:33", "elapsed": 9077.702595}}
{"target": 7.536444444444444, "params": {"enc_rate": 1.0, "k": 3.0, "gamma_fc": 0.6259275046808767, "primacy": 0.4, "beta_rec": 0.0, "beta_enc": 0.11408376216171151}, "datetime": {"delta": 54.864972, "datetime": "2020-10-05 16:59:28", "elapsed": 9132.567567}}
{"target": 7.300888888888889, "params": {"enc_rate": 1.0, "k": 3.0, "gamma_fc": 1.0, "primacy": 0.4, "beta_rec": 0.0, "beta_enc": 0.33888224148985796}, "datetime": {"delta": 50.789516, "datetime": "2020-10-05 17:00:19", "elapsed": 9183.357083}}
{"target": 7.544444444444444, "params": {"enc_rate": 1.0, "k": 3.0, "gamma_fc": 0.5368384434310155, "primacy": 0.4, "beta_rec": 0.4929343476116645, "beta_enc": 0.0}, "datetime": {"delta": 52.743487, "datetime": "2020-10-05 17:01:11", "elapsed": 9236.10057}}
{"target": 7.560888888888888, "params": {"enc_rate": 1.0, "k": 3.0, "gamma_fc": 0.6392250101585965, "primacy": 0.4, "beta_rec": 0.6442487947919643, "beta_enc": 0.1495394002781105}, "datetime": {"delta": 53.082272, "datetime": "2020-10-05 17:02:04", "elapsed": 9289.182842}}
{"target": 7.556666666666667, "params": {"enc_rate": 1.0, "k": 3.0, "gamma_fc": 0.8768474471740794, "primacy": 0.4, "beta_rec": 0.918555211782828, "beta_enc": 0.0}, "datetime": {"delta": 51.971317, "datetime": "2020-10-05 17:02:56", "elapsed": 9341.154159}}
{"target": 7.558, "params": {"enc_rate": 1.0, "k": 3.0, "gamma_fc": 0.34835157636175945, "primacy": 0.4, "beta_rec": 0.26778856572104487, "beta_enc": 0.0}, "datetime": {"delta": 53.352062, "datetime": "2020-10-05 17:03:50", "elapsed": 9394.506221}}
{"target": 7.540888888888889, "params": {"enc_rate": 1.0, "k": 3.0, "gamma_fc": 0.35825716197442786, "primacy": 0.4, "beta_rec": 1.0, "beta_enc": 0.05681983366046304}, "datetime": {"delta": 52.918256, "datetime": "2020-10-05 17:04:43", "elapsed": 9447.424477}}
{"target": 7.526444444444445, "params": {"enc_rate": 1.0, "k": 3.0, "gamma_fc": 0.10081532275670103, "primacy": 0.4, "beta_rec": 0.5659622122763047, "beta_enc": 0.0828791460694238}, "datetime": {"delta": 52.897804, "datetime": "2020-10-05 17:05:36", "elapsed": 9500.322281}}
{"target": 7.569333333333335, "params": {"enc_rate": 1.0, "k": 3.0, "gamma_fc": 0.0, "primacy": 0.4, "beta_rec": 0.10872546523514444, "beta_enc": 0.0}, "datetime": {"delta": 53.195396, "datetime": "2020-10-05 17:06:29", "elapsed": 9553.517677}}
{"target": 7.586666666666666, "params": {"enc_rate": 1.0, "k": 3.0, "gamma_fc": 0.7014835037686064, "primacy": 0.4, "beta_rec": 0.0, "beta_enc": 0.0}, "datetime": {"delta": 52.745141, "datetime": "2020-10-05 17:07:22", "elapsed": 9606.262818}}
{"target": 7.543777777777779, "params": {"enc_rate": 1.0, "k": 3.0, "gamma_fc": 0.45041028720367854, "primacy": 0.4, "beta_rec": 0.20928872559071401, "beta_enc": 0.10442848232822491}, "datetime": {"delta": 51.789399, "datetime": "2020-10-05 17:08:13", "elapsed": 9658.052217}}
{"target": 7.503333333333333, "params": {"enc_rate": 1.0, "k": 3.0, "gamma_fc": 0.17600677754148844, "primacy": 0.4, "beta_rec": 0.0, "beta_enc": 0.13907357467988152}, "datetime": {"delta": 54.136185, "datetime": "2020-10-05 17:09:07", "elapsed": 9712.188402}}
{"target": 7.394444444444444, "params": {"enc_rate": 1.0, "k": 3.0, "gamma_fc": 1.0, "primacy": 0.4, "beta_rec": 0.4874374406860243, "beta_enc": 0.3807561198264962}, "datetime": {"delta": 52.012569, "datetime": "2020-10-05 17:09:59", "elapsed": 9764.200971}}
{"target": 7.530666666666667, "params": {"enc_rate": 1.0, "k": 3.0, "gamma_fc": 0.7861433835827143, "primacy": 0.4, "beta_rec": 0.8702100894370963, "beta_enc": 0.0915021635871069}, "datetime": {"delta": 53.938832, "datetime": "2020-10-05 17:10:53", "elapsed": 9818.139803}}
{"target": 7.549333333333332, "params": {"enc_rate": 1.0, "k": 3.0, "gamma_fc": 0.89433972004838, "primacy": 0.4, "beta_rec": 1.0, "beta_enc": 0.05411458057315839}, "datetime": {"delta": 53.435263, "datetime": "2020-10-05 17:11:47", "elapsed": 9871.575066}}
{"target": 7.446, "params": {"enc_rate": 1.0, "k": 3.0, "gamma_fc": 1.0, "primacy": 0.4, "beta_rec": 0.1791122216114763, "beta_enc": 0.2874413667951708}, "datetime": {"delta": 53.192406, "datetime": "2020-10-05 17:12:40", "elapsed": 9924.767472}}
{"target": 7.481999999999999, "params": {"enc_rate": 1.0, "k": 3.0, "gamma_fc": 0.6596741634314184, "primacy": 0.4, "beta_rec": 0.324823775842924, "beta_enc": 0.2874424020766951}, "datetime": {"delta": 52.53871, "datetime": "2020-10-05 17:13:33", "elapsed": 9977.306182}}
{"target": 7.4911111111111115, "params": {"enc_rate": 1.0, "k": 3.0, "gamma_fc": 0.5484622311096069, "primacy": 0.4, "beta_rec": 0.49891407265954407, "beta_enc": 0.20773533859852342}, "datetime": {"delta": 54.432375, "datetime": "2020-10-05 17:14:27", "elapsed": 10031.738557}}
{"target": 7.4353333333333325, "params": {"enc_rate": 1.0, "k": 3.0, "gamma_fc": 0.4172635927918117, "primacy": 0.4, "beta_rec": 1.0, "beta_enc": 0.3356574251554685}, "datetime": {"delta": 51.758634, "datetime": "2020-10-05 17:15:19", "elapsed": 10083.497191}}
{"target": 7.5504444444444445, "params": {"enc_rate": 1.0, "k": 3.0, "gamma_fc": 0.8063022713793043, "primacy": 0.4, "beta_rec": 0.39206012336965246, "beta_enc": 0.0}, "datetime": {"delta": 50.75901, "datetime": "2020-10-05 17:16:10", "elapsed": 10134.256201}}
{"target": 7.5457777777777775, "params": {"enc_rate": 1.0, "k": 3.0, "gamma_fc": 0.0, "primacy": 0.4, "beta_rec": 0.49989999118384365, "beta_enc": 0.09959698277163913}, "datetime": {"delta": 52.671243, "datetime": "2020-10-05 17:17:02", "elapsed": 10186.927444}}
{"target": 7.527777777777779, "params": {"enc_rate": 1.0, "k": 3.0, "gamma_fc": 0.8614447224438159, "primacy": 0.4, "beta_rec": 0.3007415577284965, "beta_enc": 0.2774586063941607}, "datetime": {"delta": 54.368538, "datetime": "2020-10-05 17:17:57", "elapsed": 10241.295982}}
{"target": 7.529777777777778, "params": {"enc_rate": 1.0, "k": 3.0, "gamma_fc": 1.0, "primacy": 0.4, "beta_rec": 0.7575642571941633, "beta_enc": 0.23191706658746888}, "datetime": {"delta": 53.280981, "datetime": "2020-10-05 17:18:50", "elapsed": 10294.576963}}
{"target": 7.581333333333333, "params": {"enc_rate": 1.0, "k": 3.0, "gamma_fc": 0.6273774684973946, "primacy": 0.4, "beta_rec": 0.7440986856124461, "beta_enc": 0.07465394213214402}, "datetime": {"delta": 52.731066, "datetime": "2020-10-05 17:19:43", "elapsed": 10347.308029}}
{"target": 7.367111111111112, "params": {"enc_rate": 1.0, "k": 3.0, "gamma_fc": 0.0, "primacy": 0.4, "beta_rec": 0.2841888982444441, "beta_enc": 0.32946699443880567}, "datetime": {"delta": 51.343656, "datetime": "2020-10-05 17:20:34", "elapsed": 10398.651685}}
{"target": 7.522444444444444, "params": {"enc_rate": 1.0, "k": 3.0, "gamma_fc": 0.0, "primacy": 0.4, "beta_rec": 0.11293718722739744, "beta_enc": 0.10082936541593161}, "datetime": {"delta": 50.807259, "datetime": "2020-10-05 17:21:25", "elapsed": 10449.458944}}
{"target": 7.553333333333333, "params": {"enc_rate": 1.0, "k": 3.0, "gamma_fc": 0.18694021846514178, "primacy": 0.4, "beta_rec": 0.12612908616491547, "beta_enc": 0.0}, "datetime": {"delta": 50.275284, "datetime": "2020-10-05 17:22:15", "elapsed": 10499.734228}}
{"target": 7.040000000000001, "params": {"enc_rate": 1.0, "k": 3.0, "gamma_fc": 1.0, "primacy": 0.4, "beta_rec": 1.0, "beta_enc": 0.6026972760309399}, "datetime": {"delta": 50.195844, "datetime": "2020-10-05 17:23:05", "elapsed": 10549.930072}}
{"target": 7.5040000000000004, "params": {"enc_rate": 1.0, "k": 3.0, "gamma_fc": 1.0, "primacy": 0.4, "beta_rec": 0.39670866272167377, "beta_enc": 0.0}, "datetime": {"delta": 54.142283, "datetime": "2020-10-05 17:23:59", "elapsed": 10604.072355}}
{"target": 7.527555555555556, "params": {"enc_rate": 1.0, "k": 3.0, "gamma_fc": 0.9994488275859658, "primacy": 0.4, "beta_rec": 0.0793596177077629, "beta_enc": 0.05983829148155484}, "datetime": {"delta": 54.631181, "datetime": "2020-10-05 17:24:54", "elapsed": 10658.703536}}
{"target": 7.464222222222223, "params": {"enc_rate": 1.0, "k": 3.0, "gamma_fc": 0.12382344687671888, "primacy": 0.4, "beta_rec": 0.2391383527514413, "beta_enc": 0.2588430612075649}, "datetime": {"delta": 52.46212, "datetime": "2020-10-05 17:25:46", "elapsed": 10711.165656}}
{"target": 7.529777777777778, "params": {"enc_rate": 1.0, "k": 3.0, "gamma_fc": 0.33365576341137104, "primacy": 0.4, "beta_rec": 0.75099198975562, "beta_enc": 0.001520317881667732}, "datetime": {"delta": 53.274504, "datetime": "2020-10-05 17:26:40", "elapsed": 10764.44016}}
{"target": 7.575777777777778, "params": {"enc_rate": 1.0, "k": 3.0, "gamma_fc": 0.43975583608901214, "primacy": 0.4, "beta_rec": 0.9309600966289826, "beta_enc": 0.09779201895657459}, "datetime": {"delta": 50.522325, "datetime": "2020-10-05 17:27:30", "elapsed": 10814.962485}}
{"target": 7.5088888888888885, "params": {"enc_rate": 1.0, "k": 3.0, "gamma_fc": 0.5901931793256308, "primacy": 0.4, "beta_rec": 0.15139417160345067, "beta_enc": 0.13579661423527062}, "datetime": {"delta": 53.555523, "datetime": "2020-10-05 17:28:24", "elapsed": 10868.518008}}
{"target": 7.457777777777778, "params": {"enc_rate": 1.0, "k": 3.0, "gamma_fc": 0.3229541559859212, "primacy": 0.4, "beta_rec": 0.39823253273751547, "beta_enc": 0.2572153185642841}, "datetime": {"delta": 56.230214, "datetime": "2020-10-05 17:29:20", "elapsed": 10924.748222}}
{"target": 7.563111111111111, "params": {"enc_rate": 1.0, "k": 3.0, "gamma_fc": 0.0, "primacy": 0.4, "beta_rec": 0.7336730090931175, "beta_enc": 0.06768120583160783}, "datetime": {"delta": 51.867565, "datetime": "2020-10-05 17:30:12", "elapsed": 10976.615787}}
{"target": 7.548666666666667, "params": {"enc_rate": 1.0, "k": 3.0, "gamma_fc": 0.4930335887256596, "primacy": 0.4, "beta_rec": 0.3629619109425841, "beta_enc": 0.0}, "datetime": {"delta": 51.784554, "datetime": "2020-10-05 17:31:04", "elapsed": 11028.400341}}
{"target": 7.527555555555556, "params": {"enc_rate": 1.0, "k": 3.0, "gamma_fc": 0.3789208083053139, "primacy": 0.4, "beta_rec": 0.5581836168596476, "beta_enc": 0.0}, "datetime": {"delta": 51.99477, "datetime": "2020-10-05 17:31:56", "elapsed": 11080.395111}}
{"target": 7.58, "params": {"enc_rate": 1.0, "k": 3.0, "gamma_fc": 0.8465408900843431, "primacy": 0.4, "beta_rec": 0.14029426796280878, "beta_enc": 0.09751209614580876}, "datetime": {"delta": 50.463479, "datetime": "2020-10-05 17:32:46", "elapsed": 11130.85859}}
{"target": 7.523111111111111, "params": {"enc_rate": 1.0, "k": 3.0, "gamma_fc": 0.0002038277317569781, "primacy": 0.4, "beta_rec": 0.6578739204789694, "beta_enc": 0.008504625228323293}, "datetime": {"delta": 51.633168, "datetime": "2020-10-05 17:33:38", "elapsed": 11182.491758}}
{"target": 7.537333333333334, "params": {"enc_rate": 1.0, "k": 3.0, "gamma_fc": 0.9302301570614253, "primacy": 0.4, "beta_rec": 0.0, "beta_enc": 0.08779632795549705}, "datetime": {"delta": 52.340214, "datetime": "2020-10-05 17:34:30", "elapsed": 11234.831972}}
{"target": 7.486666666666666, "params": {"enc_rate": 1.0, "k": 3.0, "gamma_fc": 1.0, "primacy": 0.4, "beta_rec": 1.0, "beta_enc": 0.28059752434039353}, "datetime": {"delta": 52.31202, "datetime": "2020-10-05 17:35:22", "elapsed": 11287.143992}}
{"target": 7.567333333333333, "params": {"enc_rate": 1.0, "k": 3.0, "gamma_fc": 0.19111370318413337, "primacy": 0.4, "beta_rec": 0.4583352702821012, "beta_enc": 0.10351766522508182}, "datetime": {"delta": 52.70845, "datetime": "2020-10-05 17:36:15", "elapsed": 11339.852442}}
{"target": 7.570888888888888, "params": {"enc_rate": 1.0, "k": 3.0, "gamma_fc": 0.2146187881379755, "primacy": 0.4, "beta_rec": 0.3149189736058807, "beta_enc": 0.08369286600769221}, "datetime": {"delta": 51.592452, "datetime": "2020-10-05 17:37:07", "elapsed": 11391.444894}}
{"target": 7.525111111111111, "params": {"enc_rate": 1.0, "k": 3.0, "gamma_fc": 1.0, "primacy": 0.4, "beta_rec": 0.7171381970308977, "beta_enc": 0.10108588779397032}, "datetime": {"delta": 50.777142, "datetime": "2020-10-05 17:37:58", "elapsed": 11442.222036}}
{"target": 7.565555555555555, "params": {"enc_rate": 1.0, "k": 3.0, "gamma_fc": 0.15969594599253345, "primacy": 0.4, "beta_rec": 0.9183050050543419, "beta_enc": 0.1437278595137321}, "datetime": {"delta": 51.469657, "datetime": "2020-10-05 17:38:49", "elapsed": 11493.691693}}
{"target": 7.530444444444444, "params": {"enc_rate": 1.0, "k": 3.0, "gamma_fc": 0.8291791367089834, "primacy": 0.4, "beta_rec": 0.12094352523510675, "beta_enc": 0.0}, "datetime": {"delta": 51.649593, "datetime": "2020-10-05 17:39:41", "elapsed": 11545.341286}}
{"target": 7.506666666666666, "params": {"enc_rate": 1.0, "k": 3.0, "gamma_fc": 0.6661897680972659, "primacy": 0.4, "beta_rec": 0.9998169763631559, "beta_enc": 0.05725043927455198}, "datetime": {"delta": 50.602414, "datetime": "2020-10-05 17:40:31", "elapsed": 11595.9437}}
{"target": 7.3902222222222225, "params": {"enc_rate": 1.0, "k": 3.0, "gamma_fc": 0.0, "primacy": 0.4, "beta_rec": 0.0, "beta_enc": 0.2904330495942562}, "datetime": {"delta": 50.994518, "datetime": "2020-10-05 17:41:22", "elapsed": 11646.938218}}
{"target": 7.550444444444446, "params": {"enc_rate": 1.0, "k": 3.0, "gamma_fc": 0.7018346575453464, "primacy": 0.4, "beta_rec": 0.27566019402760084, "beta_enc": 0.0}, "datetime": {"delta": 49.865508, "datetime": "2020-10-05 17:42:12", "elapsed": 11696.803726}}
{"target": 7.556888888888889, "params": {"enc_rate": 1.0, "k": 3.0, "gamma_fc": 0.9994034321407126, "primacy": 0.4, "beta_rec": 0.345524223789068, "beta_enc": 0.11845454252368448}, "datetime": {"delta": 51.841544, "datetime": "2020-10-05 17:43:04", "elapsed": 11748.64527}}
{"target": 7.556666666666667, "params": {"enc_rate": 1.0, "k": 3.0, "gamma_fc": 1.0, "primacy": 0.4, "beta_rec": 0.46541958544365036, "beta_enc": 0.14023288173380105}, "datetime": {"delta": 51.171493, "datetime": "2020-10-05 17:43:55", "elapsed": 11799.816763}}
{"target": 7.567555555555556, "params": {"enc_rate": 1.0, "k": 3.0, "gamma_fc": 0.0, "primacy": 0.4, "beta_rec": 0.35164278618276346, "beta_enc": 0.1161050471110078}, "datetime": {"delta": 52.397078, "datetime": "2020-10-05 17:44:47", "elapsed": 11852.213841}}
{"target": 7.494888888888889, "params": {"enc_rate": 1.0, "k": 3.0, "gamma_fc": 0.22955303407510225, "primacy": 0.4, "beta_rec": 0.24444460436997525, "beta_enc": 0.0}, "datetime": {"delta": 50.808316, "datetime": "2020-10-05 17:45:38", "elapsed": 11903.022157}}
{"target": 7.546444444444444, "params": {"enc_rate": 1.0, "k": 3.0, "gamma_fc": 0.09405704505573102, "primacy": 0.4, "beta_rec": 0.7027282259464179, "beta_enc": 0.0704322022183012}, "datetime": {"delta": 51.68648, "datetime": "2020-10-05 17:46:30", "elapsed": 11954.708637}}
{"target": 7.525333333333333, "params": {"enc_rate": 1.0, "k": 3.0, "gamma_fc": 0.7236148642601585, "primacy": 0.4, "beta_rec": 0.6334138279837939, "beta_enc": 0.0}, "datetime": {"delta": 51.782913, "datetime": "2020-10-05 17:47:22", "elapsed": 12006.49155}}
