{"target": 4.206444444444445, "params": {"beta_rec": 0.03457121987163425, "beta_enc": 0.799615261736028, "cue_position": 1.0, "gamma_fc": 0.731728600739527}, "datetime": {"elapsed": 2876.454194, "delta": 26.75844, "datetime": "2021-08-25 13:50:47"}}
{"target": 7.029111111111112, "params": {"beta_rec": 0.2570692988221467, "beta_enc": 0.2596983932983531, "cue_position": 1.0, "gamma_fc": 0.34529746159108154}, "datetime": {"elapsed": 2911.840873, "delta": 35.386679, "datetime": "2021-08-25 13:51:23"}}
{"target": 4.672444444444444, "params": {"beta_rec": 0.44614623200345727, "beta_enc": 0.7965886780072875, "cue_position": 1.0, "gamma_fc": 0.9904717836238407}, "datetime": {"elapsed": 2939.996951, "delta": 28.156078, "datetime": "2021-08-25 13:51:51"}}
{"target": 6.941777777777778, "params": {"beta_rec": 0.14300582825809938, "beta_enc": 0.30024833953390007, "cue_position": 1.0, "gamma_fc": 0.5415593788873733}, "datetime": {"elapsed": 2975.117408, "delta": 35.120457, "datetime": "2021-08-25 13:52:26"}}
{"target": 3.774666666666667, "params": {"beta_rec": 0.6366044000018972, "beta_enc": 0.9747403708550822, "cue_position": 1.0, "gamma_fc": 0.5460708041429516}, "datetime": {"elapsed": 3000.407636, "delta": 25.290228, "datetime": "2021-08-25 13:52:51"}}
{"target": 6.4126666666666665, "params": {"beta_rec": 0.1354279030721699, "beta_enc": 0.5264259339055213, "cue_position": 1.0, "gamma_fc": 0.026218567296373285}, "datetime": {"elapsed": 3033.969597, "delta": 33.561961, "datetime": "2021-08-25 13:53:25"}}
{"target": 6.964888888888889, "params": {"beta_rec": 0.7456371927074961, "beta_enc": 0.1603951795196491, "cue_position": 1.0, "gamma_fc": 0.36654309724374434}, "datetime": {"elapsed": 3069.233101, "delta": 35.263504, "datetime": "2021-08-25 13:54:00"}}
{"target": 6.693555555555555, "params": {"beta_rec": 0.6926777175073543, "beta_enc": 0.8623462528380441, "cue_position": 1.0, "gamma_fc": 0.18863680095531088}, "datetime": {"elapsed": 3103.571468, "delta": 34.338367, "datetime": "2021-08-25 13:54:34"}}
{"target": 7.046000000000001, "params": {"beta_rec": 0.5815774073442912, "beta_enc": 0.44190428074842336, "cue_position": 1.0, "gamma_fc": 0.20390622523312185}, "datetime": {"elapsed": 3139.030421, "delta": 35.458953, "datetime": "2021-08-25 13:55:10"}}
{"target": 6.9464444444444435, "params": {"beta_rec": 0.26217308377291193, "beta_enc": 0.24773290176235485, "cue_position": 1.0, "gamma_fc": 0.4569753274356928}, "datetime": {"elapsed": 3174.23004, "delta": 35.199619, "datetime": "2021-08-25 13:55:45"}}
{"target": 6.978888888888889, "params": {"beta_rec": 0.5085162406102396, "beta_enc": 0.05692943841109499, "cue_position": 1.0, "gamma_fc": 0.7986042447602102}, "datetime": {"elapsed": 3209.487321, "delta": 35.257281, "datetime": "2021-08-25 13:56:20"}}
{"target": 6.825111111111111, "params": {"beta_rec": 0.02760601195450363, "beta_enc": 0.29733138150727223, "cue_position": 1.0, "gamma_fc": 0.8438404289311888}, "datetime": {"elapsed": 3244.334253, "delta": 34.846932, "datetime": "2021-08-25 13:56:55"}}
{"target": 6.880444444444445, "params": {"beta_rec": 0.7498583107261434, "beta_enc": 0.3810161240622142, "cue_position": 1.0, "gamma_fc": 0.5409518049621886}, "datetime": {"elapsed": 3279.365754, "delta": 35.031501, "datetime": "2021-08-25 13:57:30"}}
{"target": 3.706666666666667, "params": {"beta_rec": 0.8039608914986468, "beta_enc": 0.9594343210617524, "cue_position": 1.0, "gamma_fc": 0.7093872512312951}, "datetime": {"elapsed": 3304.531766, "delta": 25.166012, "datetime": "2021-08-25 13:57:55"}}
{"target": 6.792222222222222, "params": {"beta_rec": 0.9475489413950998, "beta_enc": 0.46500148156350607, "cue_position": 1.0, "gamma_fc": 0.2670720196843658}, "datetime": {"elapsed": 3339.319214, "delta": 34.787448, "datetime": "2021-08-25 13:58:30"}}
{"target": 6.982222222222222, "params": {"beta_rec": 0.42861882866378653, "beta_enc": 0.081473964877262, "cue_position": 1.0, "gamma_fc": 0.6337867606119179}, "datetime": {"elapsed": 3374.606829, "delta": 35.287615, "datetime": "2021-08-25 13:59:05"}}
{"target": 6.637777777777778, "params": {"beta_rec": 0.6968004961201785, "beta_enc": 0.8029632373737379, "cue_position": 1.0, "gamma_fc": 0.3424541198435198}, "datetime": {"elapsed": 3408.840154, "delta": 34.233325, "datetime": "2021-08-25 13:59:40"}}
{"target": 4.960444444444445, "params": {"beta_rec": 0.42876877499944255, "beta_enc": 0.8458514830276777, "cue_position": 1.0, "gamma_fc": 0.6264961586242938}, "datetime": {"elapsed": 3437.978045, "delta": 29.137891, "datetime": "2021-08-25 14:00:09"}}
{"target": 6.9831111111111115, "params": {"beta_rec": 0.07838689985494796, "beta_enc": 0.1434230486702449, "cue_position": 1.0, "gamma_fc": 0.06672499763935646}, "datetime": {"elapsed": 3473.334364, "delta": 35.356319, "datetime": "2021-08-25 14:00:44"}}
{"target": 6.534666666666666, "params": {"beta_rec": 0.11334192276759048, "beta_enc": 0.4585838137084318, "cue_position": 1.0, "gamma_fc": 0.7548614813904674}, "datetime": {"elapsed": 3507.399641, "delta": 34.065277, "datetime": "2021-08-25 14:01:18"}}
{"target": 6.881111111111112, "params": {"beta_rec": 0.7469384956075251, "beta_enc": 0.3948504804606394, "cue_position": 1.0, "gamma_fc": 0.4500867470007611}, "datetime": {"elapsed": 3542.536489, "delta": 35.136848, "datetime": "2021-08-25 14:01:53"}}
{"target": 6.898000000000001, "params": {"beta_rec": 0.47400392656219403, "beta_enc": 0.47807250671783097, "cue_position": 1.0, "gamma_fc": 0.40239251985773583}, "datetime": {"elapsed": 3577.659345, "delta": 35.122856, "datetime": "2021-08-25 14:02:28"}}
{"target": 3.5444444444444443, "params": {"beta_rec": 0.037061047954035864, "beta_enc": 0.904686160343623, "cue_position": 1.0, "gamma_fc": 0.12564138113773882}, "datetime": {"elapsed": 3602.408572, "delta": 24.749227, "datetime": "2021-08-25 14:02:53"}}
{"target": 5.362222222222222, "params": {"beta_rec": 0.010364261335231939, "beta_enc": 0.6185135669120855, "cue_position": 1.0, "gamma_fc": 0.0030179566195963625}, "datetime": {"elapsed": 3632.801893, "delta": 30.393321, "datetime": "2021-08-25 14:03:24"}}
{"target": 3.070666666666667, "params": {"beta_rec": 0.905402033702778, "beta_enc": 0.9511937854902045, "cue_position": 1.0, "gamma_fc": 0.9152743199147875}, "datetime": {"elapsed": 3655.910051, "delta": 23.108158, "datetime": "2021-08-25 14:03:47"}}
{"target": 6.939777777777778, "params": {"beta_rec": 0.15773006987053328, "beta_enc": 0.14555823115839706, "cue_position": 1.0, "gamma_fc": 0.6224959022999211}, "datetime": {"elapsed": 3691.119606, "delta": 35.209555, "datetime": "2021-08-25 14:04:22"}}
{"target": 4.687111111111111, "params": {"beta_rec": 0.9899551783590737, "beta_enc": 0.9058094960083019, "cue_position": 1.0, "gamma_fc": 0.7318004091422953}, "datetime": {"elapsed": 3719.332977, "delta": 28.213371, "datetime": "2021-08-25 14:04:50"}}
{"target": 4.977333333333333, "params": {"beta_rec": 0.4008737323711209, "beta_enc": 0.9092932045442544, "cue_position": 1.0, "gamma_fc": 0.17343017078712286}, "datetime": {"elapsed": 3748.501995, "delta": 29.169018, "datetime": "2021-08-25 14:05:19"}}
{"target": 6.981777777777777, "params": {"beta_rec": 0.8126105880328287, "beta_enc": 0.119457050333729, "cue_position": 1.0, "gamma_fc": 0.2642974827269007}, "datetime": {"elapsed": 3783.76627, "delta": 35.264275, "datetime": "2021-08-25 14:05:55"}}
{"target": 5.35, "params": {"beta_rec": 0.31058725179421, "beta_enc": 0.8190891786335308, "cue_position": 1.0, "gamma_fc": 0.2666387021516352}, "datetime": {"elapsed": 3814.05898, "delta": 30.29271, "datetime": "2021-08-25 14:06:25"}}
{"target": 6.747333333333333, "params": {"beta_rec": 0.31446701118584963, "beta_enc": 0.5336533449712114, "cue_position": 1.0, "gamma_fc": 0.36655664385123443}, "datetime": {"elapsed": 3848.628694, "delta": 34.569714, "datetime": "2021-08-25 14:06:59"}}
{"target": 7.139111111111111, "params": {"beta_rec": 0.5122926922783614, "beta_enc": 0.43359232727316455, "cue_position": 1.0, "gamma_fc": 0.030949006271150714}, "datetime": {"elapsed": 3884.350944, "delta": 35.72225, "datetime": "2021-08-25 14:07:35"}}
{"target": 6.597555555555556, "params": {"beta_rec": 0.8910189542923389, "beta_enc": 0.7168786636316892, "cue_position": 1.0, "gamma_fc": 0.5220512472525107}, "datetime": {"elapsed": 3918.34965, "delta": 33.998706, "datetime": "2021-08-25 14:08:09"}}
{"target": 6.886, "params": {"beta_rec": 0.8594893208655858, "beta_enc": 0.3259898117700253, "cue_position": 1.0, "gamma_fc": 0.6902278681627478}, "datetime": {"elapsed": 3952.389919, "delta": 34.040269, "datetime": "2021-08-25 14:08:43"}}
{"target": 7.203333333333333, "params": {"beta_rec": 0.6283090375213571, "beta_enc": 0.45285349995153745, "cue_position": 1.0, "gamma_fc": 0.009348577966515781}, "datetime": {"elapsed": 3987.368572, "delta": 34.978653, "datetime": "2021-08-25 14:09:18"}}
{"target": 6.190666666666667, "params": {"beta_rec": 0.3114442141324628, "beta_enc": 0.5767559349870908, "cue_position": 1.0, "gamma_fc": 0.9164058530538978}, "datetime": {"elapsed": 4019.769908, "delta": 32.401336, "datetime": "2021-08-25 14:09:51"}}
{"target": 6.689333333333333, "params": {"beta_rec": 0.2473960366023854, "beta_enc": 0.426474788501396, "cue_position": 1.0, "gamma_fc": 0.9318611166365406}, "datetime": {"elapsed": 4054.134401, "delta": 34.364493, "datetime": "2021-08-25 14:10:25"}}
{"target": 7.052666666666667, "params": {"beta_rec": 0.8443299485657132, "beta_enc": 0.9368683813090937, "cue_position": 1.0, "gamma_fc": 0.22790028995131695}, "datetime": {"elapsed": 4089.480862, "delta": 35.346461, "datetime": "2021-08-25 14:11:00"}}
{"target": 6.988888888888889, "params": {"beta_rec": 0.22730973628468876, "beta_enc": 0.08748220955359087, "cue_position": 1.0, "gamma_fc": 0.17476587635631158}, "datetime": {"elapsed": 4124.833123, "delta": 35.352261, "datetime": "2021-08-25 14:11:36"}}
{"target": 6.887555555555555, "params": {"beta_rec": 0.41358641500116133, "beta_enc": 0.6070941619724605, "cue_position": 1.0, "gamma_fc": 0.18513039826903066}, "datetime": {"elapsed": 4159.745818, "delta": 34.912695, "datetime": "2021-08-25 14:12:10"}}
{"target": 5.8742222222222225, "params": {"beta_rec": 0.24035562484913886, "beta_enc": 0.7018765297563104, "cue_position": 1.0, "gamma_fc": 0.34898759722078887}, "datetime": {"elapsed": 4191.619458, "delta": 31.87364, "datetime": "2021-08-25 14:12:42"}}
{"target": 6.964222222222221, "params": {"beta_rec": 0.22881367096037586, "beta_enc": 0.05696439948283272, "cue_position": 1.0, "gamma_fc": 0.4972500933605313}, "datetime": {"elapsed": 4226.841431, "delta": 35.221973, "datetime": "2021-08-25 14:13:18"}}
{"target": 6.2653333333333325, "params": {"beta_rec": 0.1747201501089225, "beta_enc": 0.5190159840736788, "cue_position": 1.0, "gamma_fc": 0.99675342520821}, "datetime": {"elapsed": 4259.926644, "delta": 33.085213, "datetime": "2021-08-25 14:13:51"}}
{"target": 4.828666666666666, "params": {"beta_rec": 0.5943726238309778, "beta_enc": 0.8168351087916219, "cue_position": 1.0, "gamma_fc": 0.9015625846693213}, "datetime": {"elapsed": 4288.633459, "delta": 28.706815, "datetime": "2021-08-25 14:14:19"}}
{"target": 5.661555555555555, "params": {"beta_rec": 0.032426325314457105, "beta_enc": 0.5956079336026455, "cue_position": 1.0, "gamma_fc": 0.06537171504222639}, "datetime": {"elapsed": 4319.884758, "delta": 31.251299, "datetime": "2021-08-25 14:14:51"}}
{"target": 7.034222222222222, "params": {"beta_rec": 0.37543483316785775, "beta_enc": 0.4517331486914753, "cue_position": 1.0, "gamma_fc": 0.1679832931996149}, "datetime": {"elapsed": 4355.267562, "delta": 35.382804, "datetime": "2021-08-25 14:15:26"}}
{"target": 3.654888888888889, "params": {"beta_rec": 0.7674748688630131, "beta_enc": 0.9727875919326552, "cue_position": 1.0, "gamma_fc": 0.6326158167779973}, "datetime": {"elapsed": 4380.168768, "delta": 24.901206, "datetime": "2021-08-25 14:15:51"}}
{"target": 6.642444444444445, "params": {"beta_rec": 0.47688233352119336, "beta_enc": 0.668732770206732, "cue_position": 1.0, "gamma_fc": 0.3530060855418248}, "datetime": {"elapsed": 4414.389328, "delta": 34.22056, "datetime": "2021-08-25 14:16:25"}}
{"target": 6.798444444444444, "params": {"beta_rec": 0.7300912110901043, "beta_enc": 0.49207180149355845, "cue_position": 1.0, "gamma_fc": 0.4574049160894317}, "datetime": {"elapsed": 4449.126982, "delta": 34.737654, "datetime": "2021-08-25 14:17:00"}}
{"target": 6.969777777777779, "params": {"beta_rec": 0.01088873380347899, "beta_enc": 0.13766274094560316, "cue_position": 1.0, "gamma_fc": 0.3199528380776784}, "datetime": {"elapsed": 4484.33928, "delta": 35.212298, "datetime": "2021-08-25 14:17:35"}}
{"target": 2.703333333333333, "params": {"beta_rec": 0.220234226159156, "beta_enc": 0.9843834501935107, "cue_position": 1.0, "gamma_fc": 0.5238961356661317}, "datetime": {"elapsed": 4506.205066, "delta": 21.865786, "datetime": "2021-08-25 14:17:57"}}
{"target": 6.304444444444444, "params": {"beta_rec": 0.46385778390029564, "beta_enc": 0.7548914570605327, "cue_position": 1.0, "gamma_fc": 0.3125013784920495}, "datetime": {"elapsed": 4539.346518, "delta": 33.141452, "datetime": "2021-08-25 14:18:30"}}
{"target": 7.058222222222223, "params": {"beta_rec": 0.6738490080168676, "beta_enc": 0.5045191697009946, "cue_position": 1.0, "gamma_fc": 0.13033578095435427}, "datetime": {"elapsed": 4574.807424, "delta": 35.460906, "datetime": "2021-08-25 14:19:06"}}
{"target": 6.989777777777777, "params": {"beta_rec": 0.5190823222119895, "beta_enc": 0.022915131322381765, "cue_position": 1.0, "gamma_fc": 0.012603767029876312}, "datetime": {"elapsed": 4610.044041, "delta": 35.236617, "datetime": "2021-08-25 14:19:41"}}
{"target": 5.937333333333333, "params": {"beta_rec": 0.6868082266569918, "beta_enc": 0.6724698446537339, "cue_position": 1.0, "gamma_fc": 0.9147886867419343}, "datetime": {"elapsed": 4642.16974, "delta": 32.125699, "datetime": "2021-08-25 14:20:13"}}
{"target": 5.174, "params": {"beta_rec": 0.005239837651465851, "beta_enc": 0.6443610847569929, "cue_position": 1.0, "gamma_fc": 0.8593178060976}, "datetime": {"elapsed": 4671.951248, "delta": 29.781508, "datetime": "2021-08-25 14:20:43"}}
{"target": 5.616444444444444, "params": {"beta_rec": 0.6491541971124779, "beta_enc": 0.8303995700373394, "cue_position": 1.0, "gamma_fc": 0.5784995797892005}, "datetime": {"elapsed": 4703.022296, "delta": 31.071048, "datetime": "2021-08-25 14:21:14"}}
{"target": 6.954666666666666, "params": {"beta_rec": 0.5605299905360588, "beta_enc": 0.27411977516685215, "cue_position": 1.0, "gamma_fc": 0.35242963021640883}, "datetime": {"elapsed": 4738.220144, "delta": 35.197848, "datetime": "2021-08-25 14:21:49"}}
{"target": 4.610222222222222, "params": {"beta_rec": 0.1950374860087073, "beta_enc": 0.8558283672539277, "cue_position": 1.0, "gamma_fc": 0.2896027461868774}, "datetime": {"elapsed": 4766.214004, "delta": 27.99386, "datetime": "2021-08-25 14:22:17"}}
{"target": 6.037333333333334, "params": {"beta_rec": 0.4277373293360762, "beta_enc": 0.773799287244182, "cue_position": 1.0, "gamma_fc": 0.3535348626679904}, "datetime": {"elapsed": 4798.673757, "delta": 32.459753, "datetime": "2021-08-25 14:22:49"}}
{"target": 6.9528888888888885, "params": {"beta_rec": 0.7672845084217665, "beta_enc": 0.21369323762958115, "cue_position": 1.0, "gamma_fc": 0.7332450677264275}, "datetime": {"elapsed": 4833.887911, "delta": 35.214154, "datetime": "2021-08-25 14:23:25"}}
{"target": 5.548666666666667, "params": {"beta_rec": 0.22139670090820107, "beta_enc": 0.7444731530777321, "cue_position": 1.0, "gamma_fc": 0.1989479234270667}, "datetime": {"elapsed": 4864.829567, "delta": 30.941656, "datetime": "2021-08-25 14:23:56"}}
{"target": 7.004888888888888, "params": {"beta_rec": 0.3770825992073341, "beta_enc": 0.14251833776584466, "cue_position": 1.0, "gamma_fc": 0.11092036903424063}, "datetime": {"elapsed": 4900.140245, "delta": 35.310678, "datetime": "2021-08-25 14:24:31"}}
{"target": 7.056444444444445, "params": {"beta_rec": 0.7997765368973863, "beta_enc": 0.6745640237634105, "cue_position": 1.0, "gamma_fc": 0.23170231048579204}, "datetime": {"elapsed": 4935.618121, "delta": 35.477876, "datetime": "2021-08-25 14:25:06"}}
{"target": 6.945333333333333, "params": {"beta_rec": 0.9173335630816306, "beta_enc": 0.20762566180381437, "cue_position": 1.0, "gamma_fc": 0.5538846110514143}, "datetime": {"elapsed": 4970.82304, "delta": 35.204919, "datetime": "2021-08-25 14:25:42"}}
{"target": 6.867555555555555, "params": {"beta_rec": 0.8348540476317985, "beta_enc": 0.30451798792062024, "cue_position": 1.0, "gamma_fc": 0.9234562151187752}, "datetime": {"elapsed": 5005.878665, "delta": 35.055625, "datetime": "2021-08-25 14:26:17"}}
{"target": 5.4831111111111115, "params": {"beta_rec": 0.47803130796528337, "beta_enc": 0.7060518043359332, "cue_position": 1.0, "gamma_fc": 0.9760435504677476}, "datetime": {"elapsed": 5036.744389, "delta": 30.865724, "datetime": "2021-08-25 14:26:47"}}
{"target": 7.0424444444444445, "params": {"beta_rec": 0.2026021252196626, "beta_enc": 0.15983365034409336, "cue_position": 1.0, "gamma_fc": 0.40420190577514725}, "datetime": {"elapsed": 5072.274705, "delta": 35.530316, "datetime": "2021-08-25 14:27:23"}}
{"target": 6.974222222222222, "params": {"beta_rec": 0.7293189193611234, "beta_enc": 0.14675148076429412, "cue_position": 1.0, "gamma_fc": 0.6438956443116628}, "datetime": {"elapsed": 5107.597087, "delta": 35.322382, "datetime": "2021-08-25 14:27:58"}}
{"target": 5.057555555555555, "params": {"beta_rec": 0.21073239208332073, "beta_enc": 0.7543059505762987, "cue_position": 1.0, "gamma_fc": 0.7489283752458364}, "datetime": {"elapsed": 5137.043629, "delta": 29.446542, "datetime": "2021-08-25 14:28:28"}}
{"target": 6.358444444444444, "params": {"beta_rec": 0.5971273029466491, "beta_enc": 0.6382187106203334, "cue_position": 1.0, "gamma_fc": 0.7316064712415088}, "datetime": {"elapsed": 5170.559893, "delta": 33.516264, "datetime": "2021-08-25 14:29:01"}}
{"target": 4.688, "params": {"beta_rec": 0.42556139026154693, "beta_enc": 0.9453084399999497, "cue_position": 1.0, "gamma_fc": 0.056141039661915304}, "datetime": {"elapsed": 5198.724414, "delta": 28.164521, "datetime": "2021-08-25 14:29:29"}}
{"target": 4.7282222222222225, "params": {"beta_rec": 0.1922500168221477, "beta_enc": 0.8352716024899659, "cue_position": 1.0, "gamma_fc": 0.30008104592535645}, "datetime": {"elapsed": 5227.118001, "delta": 28.393587, "datetime": "2021-08-25 14:29:58"}}
{"target": 6.961555555555554, "params": {"beta_rec": 0.9046310029362429, "beta_enc": 0.08010364380604929, "cue_position": 1.0, "gamma_fc": 0.5306974384761395}, "datetime": {"elapsed": 5262.369858, "delta": 35.251857, "datetime": "2021-08-25 14:30:33"}}
{"target": 6.5168888888888885, "params": {"beta_rec": 0.13216114194293815, "beta_enc": 0.49411626589632507, "cue_position": 1.0, "gamma_fc": 0.07618880903232117}, "datetime": {"elapsed": 5296.309055, "delta": 33.939197, "datetime": "2021-08-25 14:31:07"}}
{"target": 6.814444444444445, "params": {"beta_rec": 0.2615495518329871, "beta_enc": 0.5079216999452875, "cue_position": 1.0, "gamma_fc": 0.10806532869723684}, "datetime": {"elapsed": 5331.169476, "delta": 34.860421, "datetime": "2021-08-25 14:31:42"}}
{"target": 4.749555555555555, "params": {"beta_rec": 0.1065838767888011, "beta_enc": 0.7875518396525072, "cue_position": 1.0, "gamma_fc": 0.17716116443841734}, "datetime": {"elapsed": 5359.605623, "delta": 28.436147, "datetime": "2021-08-25 14:32:10"}}
{"target": 5.797777777777778, "params": {"beta_rec": 0.044845334589088126, "beta_enc": 0.5724051124346493, "cue_position": 1.0, "gamma_fc": 0.18960594781829654}, "datetime": {"elapsed": 5391.290596, "delta": 31.684973, "datetime": "2021-08-25 14:32:42"}}
{"target": 6.74888888888889, "params": {"beta_rec": 0.7400775431590716, "beta_enc": 0.5279039784081266, "cue_position": 1.0, "gamma_fc": 0.5510871741869717}, "datetime": {"elapsed": 5425.883852, "delta": 34.593256, "datetime": "2021-08-25 14:33:17"}}
{"target": 6.969333333333333, "params": {"beta_rec": 0.7591960493171447, "beta_enc": 0.2166172083287794, "cue_position": 1.0, "gamma_fc": 0.17654903427708302}, "datetime": {"elapsed": 5461.13381, "delta": 35.249958, "datetime": "2021-08-25 14:33:52"}}
{"target": 3.7651111111111106, "params": {"beta_rec": 0.019775099516344263, "beta_enc": 0.8619665576670734, "cue_position": 1.0, "gamma_fc": 0.5589038111609383}, "datetime": {"elapsed": 5486.564067, "delta": 25.430257, "datetime": "2021-08-25 14:34:17"}}
{"target": 6.769555555555556, "params": {"beta_rec": 0.7587469310223366, "beta_enc": 0.4032204721058492, "cue_position": 1.0, "gamma_fc": 0.9873261748084265}, "datetime": {"elapsed": 5521.165868, "delta": 34.601801, "datetime": "2021-08-25 14:34:52"}}
{"target": 6.843777777777777, "params": {"beta_rec": 0.0037936724093425855, "beta_enc": 0.2780850486129828, "cue_position": 1.0, "gamma_fc": 0.8578971045378938}, "datetime": {"elapsed": 5556.017005, "delta": 34.851137, "datetime": "2021-08-25 14:35:27"}}
{"target": 5.711999999999999, "params": {"beta_rec": 0.5166887829215384, "beta_enc": 0.7288508775192559, "cue_position": 1.0, "gamma_fc": 0.7805295568767427}, "datetime": {"elapsed": 5587.39623, "delta": 31.379225, "datetime": "2021-08-25 14:35:58"}}
{"target": 6.839999999999999, "params": {"beta_rec": 0.7703225253299576, "beta_enc": 0.3748759435368594, "cue_position": 1.0, "gamma_fc": 0.6132112115442597}, "datetime": {"elapsed": 5622.214589, "delta": 34.818359, "datetime": "2021-08-25 14:36:33"}}
{"target": 6.786, "params": {"beta_rec": 0.6973080192643409, "beta_enc": 0.4018659239678374, "cue_position": 1.0, "gamma_fc": 0.7748966467245978}, "datetime": {"elapsed": 5656.871131, "delta": 34.656542, "datetime": "2021-08-25 14:37:08"}}
{"target": 4.466, "params": {"beta_rec": 0.23931570743750463, "beta_enc": 0.896416602456847, "cue_position": 1.0, "gamma_fc": 0.2202839877937276}, "datetime": {"elapsed": 5684.446805, "delta": 27.575674, "datetime": "2021-08-25 14:37:35"}}
