{"target": -2.719570713555677, "params": {"phi_s": 2.422244917531632, "gamma_fc": 0.6224959022999211, "phi_d": 2.9708700172413134, "beta_enc": 0.15773006987053328, "Num": 1.4555823115839706, "beta_rec": 0.187631672902434, "k": 9.058094960083018}, "datetime": {"delta": 15.089139, "elapsed": 1365.03531, "datetime": "2020-09-09 12:30:45"}}
{"target": -1.0373193767230358, "params": {"phi_s": 2.6252211760656574, "gamma_fc": 0.24985068022503676, "phi_d": 0.4464254459678141, "beta_enc": 0.9092932045442544, "Num": 7.318004091422953, "beta_rec": 0.4008737323711209, "k": 1.7343017078712286}, "datetime": {"delta": 32.712398, "elapsed": 1397.747708, "datetime": "2020-09-09 12:31:17"}}
{"target": -2.9169205778558354, "params": {"phi_s": 2.0673066899424226, "gamma_fc": 0.31058725179421, "phi_d": 0.873252236239742, "beta_enc": 0.2642974827269007, "Num": 1.4679237341724316, "beta_rec": 0.8190891786335308, "k": 9.824174492929428}, "datetime": {"delta": 15.10203, "elapsed": 1412.849738, "datetime": "2020-09-09 12:31:33"}}
{"target": -0.3084208344435221, "params": {"phi_s": 1.0618980125423014, "gamma_fc": 0.43359232727316455, "phi_d": 2.8227707843721688, "beta_enc": 0.9107728311738374, "Num": 3.1446701118584963, "beta_rec": 0.36655664385123443, "k": 5.122926922783614}, "datetime": {"delta": 21.825767, "elapsed": 1434.675505, "datetime": "2020-09-09 12:31:54"}}
{"target": -0.9079725829859585, "params": {"phi_s": 2.1170331018450357, "gamma_fc": 0.5220512472525107, "phi_d": 2.592519030510199, "beta_enc": 0.8910189542923389, "Num": 7.1687866363168915, "beta_rec": 0.027287223517468817, "k": 3.259898117700253}, "datetime": {"delta": 32.560239, "elapsed": 1467.235744, "datetime": "2020-09-09 12:32:27"}}
{"target": -1.1984259163795574, "params": {"phi_s": 1.6228884282649256, "gamma_fc": 0.2900968516874258, "phi_d": 1.7725922114625632, "beta_enc": 0.45285349995153745, "Num": 6.902278681627479, "beta_rec": 0.6283090375213571, "k": 0.09348577966515781}, "datetime": {"delta": 31.632153, "elapsed": 1498.867897, "datetime": "2020-09-09 12:32:59"}}
{"target": -0.6595158359207262, "params": {"phi_s": 2.8737367626181873, "gamma_fc": 0.2473960366023854, "phi_d": 2.802397238245968, "beta_enc": 0.9164058530538978, "Num": 5.172675985011298, "beta_rec": 0.426474788501396, "k": 3.7129376127905447}, "datetime": {"delta": 28.335345, "elapsed": 1527.203242, "datetime": "2020-09-09 12:33:27"}}
{"target": -1.1095354305601477, "params": {"phi_s": 1.3495317527126232, "gamma_fc": 0.08748220955359087, "phi_d": 1.0116921867307462, "beta_enc": 0.9202065143056605, "Num": 8.443299485657132, "beta_rec": 0.22790028995131695, "k": 2.2730973628468876}, "datetime": {"delta": 34.629199, "elapsed": 1561.832441, "datetime": "2020-09-09 12:34:02"}}
{"target": -1.3007904243795836, "params": {"phi_s": 2.1484381776817196, "gamma_fc": 0.18513039826903066, "phi_d": 0.7970313120625027, "beta_enc": 0.41358641500116133, "Num": 6.070941619724604, "beta_rec": 0.8163515118272141, "k": 7.018765297563104}, "datetime": {"delta": 30.168273, "elapsed": 1592.000714, "datetime": "2020-09-09 12:34:32"}}
{"target": -1.8275338205498561, "params": {"phi_s": 1.349440300217845, "gamma_fc": 0.6641025553547935, "phi_d": 1.6051463538136685, "beta_enc": 0.05696439948283272, "Num": 3.489875972207889, "beta_rec": 0.22881367096037586, "k": 4.972500933605312}, "datetime": {"delta": 16.356681, "elapsed": 1608.357395, "datetime": "2020-09-09 12:34:48"}}
{"target": -0.8006066775382071, "params": {"phi_s": 2.1912158672052913, "gamma_fc": 0.5943726238309778, "phi_d": 2.714531495541032, "beta_enc": 0.99675342520821, "Num": 5.707158515462564, "beta_rec": 0.8168351087916219, "k": 9.759890683309049}, "datetime": {"delta": 24.175284, "elapsed": 1632.532679, "datetime": "2020-09-09 12:35:12"}}
{"target": -2.7822853311966567, "params": {"phi_s": 1.3359665863992298, "gamma_fc": 0.4517331486914753, "phi_d": 2.928515099383831, "beta_enc": 0.09357709581748075, "Num": 0.32426325314457105, "beta_rec": 0.06537171504222639, "k": 3.7543483316785773}, "datetime": {"delta": 11.528893, "elapsed": 1644.061572, "datetime": "2020-09-09 12:35:24"}}
{"target": -0.6339443397909877, "params": {"phi_s": 1.0262727138461445, "gamma_fc": 0.6326158167779973, "phi_d": 1.4829587672114608, "beta_enc": 0.7674748688630131, "Num": 9.727875919326552, "beta_rec": 0.8242378396244978, "k": 6.6873277020673205}, "datetime": {"delta": 25.783668, "elapsed": 1669.84524, "datetime": "2020-09-09 12:35:50"}}
{"target": -0.5972295477286416, "params": {"phi_s": 1.021777467606958, "gamma_fc": 0.4686283427461092, "phi_d": 0.4992219487422491, "beta_enc": 0.49207180149355845, "Num": 3.530060855418248, "beta_rec": 0.7300912110901043, "k": 4.574049160894317}, "datetime": {"delta": 24.636053, "elapsed": 1694.481293, "datetime": "2020-09-09 12:36:14"}}
{"target": -1.478902825882072, "params": {"phi_s": 2.5097829141210655, "gamma_fc": 0.220234226159156, "phi_d": 1.619298793431782, "beta_enc": 0.3199528380776784, "Num": 7.582782604769962, "beta_rec": 0.9843834501935107, "k": 3.3870802548167966}, "datetime": {"delta": 32.689381, "elapsed": 1727.170674, "datetime": "2020-09-09 12:36:47"}}
{"target": -1.838341140603299, "params": {"phi_s": 1.2606715619087085, "gamma_fc": 0.5045191697009946, "phi_d": 2.3334348733050674, "beta_enc": 0.12482254311167629, "Num": 4.638577839002957, "beta_rec": 0.3125013784920495, "k": 6.738490080168677}, "datetime": {"delta": 16.847673, "elapsed": 1744.018347, "datetime": "2020-09-09 12:37:04"}}
{"target": -2.7822853311966567, "params": {"phi_s": 1.8984935071732751, "gamma_fc": 0.012603767029876312, "phi_d": 2.0917438573052762, "beta_enc": 0.5190823222119895, "Num": 0.22915131322381765, "beta_rec": 0.8099887106624163, "k": 6.72469844653734}, "datetime": {"delta": 11.509579, "elapsed": 1755.527926, "datetime": "2020-09-09 12:37:15"}}
{"target": -0.8323648302152228, "params": {"phi_s": 2.298308394224956, "gamma_fc": 0.4844284455143756, "phi_d": 2.5081587531082845, "beta_enc": 0.6443610847569929, "Num": 9.147886867419343, "beta_rec": 0.005239837651465851, "k": 8.593178060976}, "datetime": {"delta": 24.245525, "elapsed": 1779.773451, "datetime": "2020-09-09 12:37:39"}}
{"target": -0.5214419706807876, "params": {"phi_s": 2.7116567345078555, "gamma_fc": 0.5605299905360588, "phi_d": 1.1220459276275856, "beta_enc": 0.5784995797892005, "Num": 6.736984238986317, "beta_rec": 0.27411977516685215, "k": 6.717297848174203}, "datetime": {"delta": 23.593913, "elapsed": 1803.367364, "datetime": "2020-09-09 12:38:03"}}
{"target": -0.601598309670201, "params": {"phi_s": 1.7070697253359808, "gamma_fc": 0.773799287244182, "phi_d": 2.4423253864254075, "beta_enc": 0.7473208103319232, "Num": 1.950374860087073, "beta_rec": 0.2896027461868774, "k": 4.277373293360762}, "datetime": {"delta": 16.810733, "elapsed": 1820.178097, "datetime": "2020-09-09 12:38:20"}}
{"target": -0.8651686891361363, "params": {"phi_s": 1.428224273641297, "gamma_fc": 0.7332450677264275, "phi_d": 0.7420504326337831, "beta_enc": 0.7672845084217665, "Num": 2.1369323762958112, "beta_rec": 0.3086419476306511, "k": 7.444731530777321}, "datetime": {"delta": 16.698486, "elapsed": 1836.876583, "datetime": "2020-09-09 12:38:37"}}
{"target": -1.342723937345494, "params": {"phi_s": 2.5995530737947723, "gamma_fc": 0.026627884691621473, "phi_d": 2.0562356689138905, "beta_enc": 0.14251833776584466, "Num": 1.9894792342706669, "beta_rec": 0.3770825992073341, "k": 1.1092036903424063}, "datetime": {"delta": 17.521736, "elapsed": 1854.398319, "datetime": "2020-09-09 12:38:54"}}
{"target": -2.7822853311966567, "params": {"phi_s": 1.6090359758412405, "gamma_fc": 0.9173335630816306, "phi_d": 1.7062653720491014, "beta_enc": 0.23170231048579204, "Num": 0.805295271283859, "beta_rec": 0.20762566180381437, "k": 7.113145181364867}, "datetime": {"delta": 11.628396, "elapsed": 1866.026715, "datetime": "2020-09-09 12:39:06"}}
{"target": -1.618342325916083, "params": {"phi_s": 2.952087100935495, "gamma_fc": 0.7060518043359332, "phi_d": 0.4660093008731402, "beta_enc": 0.43530595762951996, "Num": 8.348540476317986, "beta_rec": 0.9234562151187752, "k": 4.780313079652833}, "datetime": {"delta": 19.753292, "elapsed": 1885.780007, "datetime": "2020-09-09 12:39:25"}}
{"target": -1.1271692120385006, "params": {"phi_s": 1.377490133754372, "gamma_fc": 0.40420190577514725, "phi_d": 2.2150248661472576, "beta_enc": 0.2026021252196626, "Num": 1.5983365034409336, "beta_rec": 0.43118175516037094, "k": 1.4675148076429412}, "datetime": {"delta": 18.366493, "elapsed": 1904.1465, "datetime": "2020-09-09 12:39:44"}}
{"target": -0.7249756972444907, "params": {"phi_s": 2.194254605893298, "gamma_fc": 0.60095424810764, "phi_d": 1.950834260798967, "beta_enc": 0.7543059505762987, "Num": 6.438956443116628, "beta_rec": 0.21073239208332073, "k": 7.489283752458364}, "datetime": {"delta": 21.561507, "elapsed": 1925.708007, "datetime": "2020-09-09 12:40:05"}}
{"target": -1.0487788448642164, "params": {"phi_s": 2.670543204979932, "gamma_fc": 0.42556139026154693, "phi_d": 0.2628090150195544, "beta_enc": 0.7316064712415088, "Num": 2.9548228565549706, "beta_rec": 0.9453084399999497, "k": 7.821818168314053}, "datetime": {"delta": 17.867838, "elapsed": 1943.575845, "datetime": "2020-09-09 12:40:23"}}
{"target": -1.7067997764972302, "params": {"phi_s": 2.0613948769522787, "gamma_fc": 0.08010364380604929, "phi_d": 1.173447114905841, "beta_enc": 0.3950968688899732, "Num": 1.922500168221477, "beta_rec": 0.30008104592535645, "k": 9.046310029362429}, "datetime": {"delta": 15.93626, "elapsed": 1959.512105, "datetime": "2020-09-09 12:40:39"}}
{"target": -1.832700952542253, "params": {"phi_s": 1.7141232177655839, "gamma_fc": 0.07618880903232117, "phi_d": 0.8584937003156626, "beta_enc": 0.13216114194293815, "Num": 4.9411626589632505, "beta_rec": 0.20645405888943302, "k": 5.079216999452875}, "datetime": {"delta": 16.985504, "elapsed": 1976.497609, "datetime": "2020-09-09 12:40:56"}}
{"target": -0.7375194208962002, "params": {"phi_s": 1.0896906691781763, "gamma_fc": 0.9857088237131878, "phi_d": 1.759974826060483, "beta_enc": 0.7875518396525072, "Num": 1.0806532869723684, "beta_rec": 0.1065838767888011, "k": 1.7716116443841734}, "datetime": {"delta": 18.23675, "elapsed": 1994.734359, "datetime": "2020-09-09 12:41:14"}}
{"target": -1.2255754062139377, "params": {"phi_s": 1.4332344166575588, "gamma_fc": 0.7400775431590716, "phi_d": 1.6981528051422181, "beta_enc": 0.18960594781829654, "Num": 7.871162896558341, "beta_rec": 0.5279039784081266, "k": 1.4993148491725594}, "datetime": {"delta": 32.302497, "elapsed": 2027.036856, "datetime": "2020-09-09 12:41:47"}}
{"target": -1.1973706096794972, "params": {"phi_s": 2.1178076223218767, "gamma_fc": 0.8619665576670734, "phi_d": 2.594687292527034, "beta_enc": 0.7229151935562137, "Num": 7.591960493171447, "beta_rec": 0.17654903427708302, "k": 0.19775099516344263}, "datetime": {"delta": 33.2813, "elapsed": 2060.318156, "datetime": "2020-09-09 12:42:20"}}
{"target": -0.44854024971325146, "params": {"phi_s": 2.8678052166297756, "gamma_fc": 0.9873261748084265, "phi_d": 0.1110016499870935, "beta_enc": 0.7587469310223366, "Num": 4.032204721058492, "beta_rec": 0.7169290016924699, "k": 2.780850486129828}, "datetime": {"delta": 22.810219, "elapsed": 2083.128375, "datetime": "2020-09-09 12:42:43"}}
{"target": -0.7445634924036897, "params": {"phi_s": 2.540645050659915, "gamma_fc": 0.706956245248761, "phi_d": 1.1871402362568924, "beta_enc": 0.7288508775192559, "Num": 8.578971045378939, "beta_rec": 0.5166887829215384, "k": 7.805295568767427}, "datetime": {"delta": 23.151813, "elapsed": 2106.280188, "datetime": "2020-09-09 12:43:06"}}
{"target": -1.2342967649740653, "params": {"phi_s": 2.792833204913694, "gamma_fc": 0.6973080192643409, "phi_d": 2.3472002755013337, "beta_enc": 0.6132112115442597, "Num": 7.506243191751754, "beta_rec": 0.4018659239678374, "k": 0.031128578251921057}, "datetime": {"delta": 33.135951, "elapsed": 2139.416139, "datetime": "2020-09-09 12:43:39"}}
{"target": -2.1423748604803907, "params": {"phi_s": 1.5734232992128612, "gamma_fc": 0.3020967312900983, "phi_d": 1.675182647690474, "beta_enc": 0.12076718430922972, "Num": 2.393157074375046, "beta_rec": 0.2202839877937276, "k": 8.830285085638343}, "datetime": {"delta": 15.653789, "elapsed": 2155.069928, "datetime": "2020-09-09 12:43:55"}}
{"target": -1.7722429848915489, "params": {"phi_s": 2.656270721463024, "gamma_fc": 0.3241385298974466, "phi_d": 1.387939610348182, "beta_enc": 0.29014446310454167, "Num": 1.3835468979294652, "beta_rec": 0.6138710897412526, "k": 4.573601816909985}, "datetime": {"delta": 15.105644, "elapsed": 2170.175572, "datetime": "2020-09-09 12:44:10"}}
{"target": -1.409401387754429, "params": {"phi_s": 2.2537112043256693, "gamma_fc": 0.22148205573352875, "phi_d": 1.0128204932396476, "beta_enc": 0.3456988211755023, "Num": 4.263481542362307, "beta_rec": 0.6749716048091052, "k": 4.672458239265538}, "datetime": {"delta": 22.929794, "elapsed": 2193.105366, "datetime": "2020-09-09 12:44:33"}}
{"target": -1.0684618841365503, "params": {"phi_s": 1.8659630139352963, "gamma_fc": 0.4569657005615504, "phi_d": 0.4823388275797562, "beta_enc": 0.4476890001456285, "Num": 8.773604746948125, "beta_rec": 0.7844574187919231, "k": 6.562293317171314}, "datetime": {"delta": 26.542118, "elapsed": 2219.647484, "datetime": "2020-09-09 12:44:59"}}
{"target": -0.5845734471747138, "params": {"phi_s": 1.1356138686819075, "gamma_fc": 0.5047006080958943, "phi_d": 2.544409536559265, "beta_enc": 0.6054790010309347, "Num": 9.093119886549367, "beta_rec": 0.7667745872371021, "k": 4.980556248280075}, "datetime": {"delta": 32.596729, "elapsed": 2252.244213, "datetime": "2020-09-09 12:45:32"}}
{"target": -0.6939370751024219, "params": {"phi_s": 2.4014520729650757, "gamma_fc": 0.1944658095278845, "phi_d": 0.8297535128319732, "beta_enc": 0.9427625754329493, "Num": 5.7327227154968465, "beta_rec": 0.5178600481723219, "k": 8.479393924434762}, "datetime": {"delta": 23.546147, "elapsed": 2275.79036, "datetime": "2020-09-09 12:45:56"}}
{"target": -1.138424783560758, "params": {"phi_s": 1.155429140664773, "gamma_fc": 0.8379779620477293, "phi_d": 2.9690861628832503, "beta_enc": 0.9488362882802196, "Num": 5.402609403968999, "beta_rec": 0.6243367024026759, "k": 0.07932876194523097}, "datetime": {"delta": 29.759021, "elapsed": 2305.549381, "datetime": "2020-09-09 12:46:25"}}
{"target": -0.6776343086078724, "params": {"phi_s": 1.5114903876118624, "gamma_fc": 0.8227300054219355, "phi_d": 1.3755093612048603, "beta_enc": 0.9461523954567653, "Num": 3.2212951361476962, "beta_rec": 0.008939102371245067, "k": 8.612116383667944}, "datetime": {"delta": 20.124922, "elapsed": 2325.674303, "datetime": "2020-09-09 12:46:45"}}
{"target": -1.518593906738366, "params": {"phi_s": 2.713404993035584, "gamma_fc": 0.9278489928250108, "phi_d": 1.5254809350491125, "beta_enc": 0.47786200443222115, "Num": 8.026895196332987, "beta_rec": 0.13433860865569613, "k": 8.959699670066485}, "datetime": {"delta": 19.999422, "elapsed": 2345.673725, "datetime": "2020-09-09 12:47:05"}}
{"target": -0.8437734058914899, "params": {"phi_s": 1.5884313764885094, "gamma_fc": 0.5057420174508104, "phi_d": 2.8984678799216503, "beta_enc": 0.6834649001663011, "Num": 4.185780257640986, "beta_rec": 0.39799063940792245, "k": 1.895517028339273}, "datetime": {"delta": 27.258696, "elapsed": 2372.932421, "datetime": "2020-09-09 12:47:33"}}
{"target": -2.104111353579831, "params": {"phi_s": 2.0141598465682726, "gamma_fc": 0.7159456994623945, "phi_d": 2.4042772184357815, "beta_enc": 0.1443154002290481, "Num": 1.0345955611640134, "beta_rec": 0.014092294192442956, "k": 5.644983202408741}, "datetime": {"delta": 15.075902, "elapsed": 2388.008323, "datetime": "2020-09-09 12:47:48"}}
{"target": -0.5400518442694707, "params": {"phi_s": 1.643639926775808, "gamma_fc": 0.4064828689770863, "phi_d": 0.6214034633096257, "beta_enc": 0.6957642142718394, "Num": 7.918210395041538, "beta_rec": 0.7778484768591754, "k": 6.477706331874812}, "datetime": {"delta": 24.551179, "elapsed": 2412.559502, "datetime": "2020-09-09 12:48:12"}}
{"target": -2.3399521674516905, "params": {"phi_s": 2.9649818899497906, "gamma_fc": 0.4069219941293579, "phi_d": 1.0289260448838906, "beta_enc": 0.4086372250132624, "Num": 1.726046201197925, "beta_rec": 0.2414187479655988, "k": 9.75222342437312}, "datetime": {"delta": 15.071987, "elapsed": 2427.631489, "datetime": "2020-09-09 12:48:27"}}
{"target": -1.01161777668497, "params": {"phi_s": 1.8658770174683261, "gamma_fc": 0.6195867393685738, "phi_d": 2.399281466132974, "beta_enc": 0.375091018393911, "Num": 6.363061258559836, "beta_rec": 0.8574844990835966, "k": 2.5203308013083934}, "datetime": {"delta": 26.184868, "elapsed": 2453.816357, "datetime": "2020-09-09 12:48:54"}}
{"target": -1.9844663388501262, "params": {"phi_s": 2.0882427671707147, "gamma_fc": 0.26865012390622656, "phi_d": 0.9563375037595585, "beta_enc": 0.33027693652508094, "Num": 3.575111673304414, "beta_rec": 0.6973688756131394, "k": 8.0827801370538}, "datetime": {"delta": 16.51158, "elapsed": 2470.327937, "datetime": "2020-09-09 12:49:10"}}
{"target": -0.6909544779457373, "params": {"phi_s": 1.8922344380688594, "gamma_fc": 0.18438444236776674, "phi_d": 2.7047946334496977, "beta_enc": 0.8553564125953698, "Num": 4.879214918052024, "beta_rec": 0.8883864343953859, "k": 5.853484589382511}, "datetime": {"delta": 23.104365, "elapsed": 2493.432302, "datetime": "2020-09-09 12:49:33"}}
{"target": -1.3295131070210806, "params": {"phi_s": 1.8334479247413922, "gamma_fc": 0.6824537097668154, "phi_d": 0.1399257864173787, "beta_enc": 0.2789908904569709, "Num": 9.218683054838154, "beta_rec": 0.6088311741937957, "k": 2.282057333504841}, "datetime": {"delta": 34.239111, "elapsed": 2527.671413, "datetime": "2020-09-09 12:50:07"}}
{"target": -1.4407344156103723, "params": {"phi_s": 2.433541628292752, "gamma_fc": 0.17473631282740743, "phi_d": 0.5193333904304805, "beta_enc": 0.34302810983040655, "Num": 9.38481891856734, "beta_rec": 0.7797442954825999, "k": 3.4195283630245243}, "datetime": {"delta": 35.605971, "elapsed": 2563.277384, "datetime": "2020-09-09 12:50:43"}}
{"target": -0.9030886705202699, "params": {"phi_s": 1.7438442433353745, "gamma_fc": 0.6923601216234089, "phi_d": 1.3314824362008852, "beta_enc": 0.6884973179489188, "Num": 6.993076236968142, "beta_rec": 0.25339603448629966, "k": 2.2729754091594954}, "datetime": {"delta": 30.845348, "elapsed": 2594.122732, "datetime": "2020-09-09 12:51:14"}}
{"target": -1.966454728049546, "params": {"phi_s": 1.3398814284345155, "gamma_fc": 0.7073166026816995, "phi_d": 1.9801069928730612, "beta_enc": 0.05765480724125638, "Num": 3.5530791162012223, "beta_rec": 0.6316466268659396, "k": 6.135886945028356}, "datetime": {"delta": 16.205214, "elapsed": 2610.327946, "datetime": "2020-09-09 12:51:30"}}
{"target": -0.47688236925607164, "params": {"phi_s": 1.9945783718390326, "gamma_fc": 0.18395344154722204, "phi_d": 1.3439037686867186, "beta_enc": 0.5141750435258828, "Num": 1.4944679893886248, "beta_rec": 0.8753327263545391, "k": 4.628391187082599}, "datetime": {"delta": 18.627176, "elapsed": 2628.955122, "datetime": "2020-09-09 12:51:49"}}
{"target": -1.82203016976481, "params": {"phi_s": 2.214030921578078, "gamma_fc": 0.844526943229479, "phi_d": 1.3372535589776164, "beta_enc": 0.34244064113481054, "Num": 1.6151077048601192, "beta_rec": 0.2618804041035202, "k": 8.003322457764018}, "datetime": {"delta": 15.077114, "elapsed": 2644.032236, "datetime": "2020-09-09 12:52:04"}}
{"target": -0.621757251607569, "params": {"phi_s": 1.2495026001383585, "gamma_fc": 0.8596509535692011, "phi_d": 1.9370746366050209, "beta_enc": 0.5096132942175586, "Num": 1.4546561026621996, "beta_rec": 0.29694708578690454, "k": 6.715983809063899}, "datetime": {"delta": 16.683945, "elapsed": 2660.716181, "datetime": "2020-09-09 12:52:20"}}
{"target": -0.9565621412302143, "params": {"phi_s": 2.1313242250878552, "gamma_fc": 0.6450856402604436, "phi_d": 1.9534678612877245, "beta_enc": 0.9865727795868815, "Num": 4.705878794988857, "beta_rec": 0.9482991740726651, "k": 1.5172487103197363}, "datetime": {"delta": 27.656141, "elapsed": 2688.372322, "datetime": "2020-09-09 12:52:48"}}
{"target": -1.896400157909478, "params": {"phi_s": 2.8494083630720564, "gamma_fc": 0.8499698885159654, "phi_d": 1.780145566861976, "beta_enc": 0.42803746946827015, "Num": 4.68665837661252, "beta_rec": 0.5992697556580301, "k": 7.511210403719374}, "datetime": {"delta": 16.876826, "elapsed": 2705.249148, "datetime": "2020-09-09 12:53:05"}}
{"target": -2.7822853311966567, "params": {"phi_s": 2.2473408219954036, "gamma_fc": 0.19949554613856135, "phi_d": 0.4117757409369863, "beta_enc": 0.9913465087318091, "Num": 0.6473998344154885, "beta_rec": 0.05299454266798953, "k": 4.227526616445609}, "datetime": {"delta": 11.504114, "elapsed": 2716.753262, "datetime": "2020-09-09 12:53:16"}}
{"target": -2.7822853311966567, "params": {"phi_s": 1.3763885200596424, "gamma_fc": 0.7035193311050811, "phi_d": 1.1978837204267465, "beta_enc": 0.28462388100694214, "Num": 0.47992564048867314, "beta_rec": 0.06103668111967109, "k": 6.68456167589482}, "datetime": {"delta": 11.513514, "elapsed": 2728.266776, "datetime": "2020-09-09 12:53:28"}}
{"target": -1.4583413861027945, "params": {"phi_s": 2.288464039758064, "gamma_fc": 0.4879009391796203, "phi_d": 0.18262346352554493, "beta_enc": 0.34037929076546725, "Num": 7.470048290299451, "beta_rec": 0.7953011674056428, "k": 5.256694443509794}, "datetime": {"delta": 27.305824, "elapsed": 2755.5726, "datetime": "2020-09-09 12:53:55"}}
{"target": -1.8504896197254461, "params": {"phi_s": 1.7287561407364609, "gamma_fc": 0.3824674572709176, "phi_d": 2.9405017271214384, "beta_enc": 0.2292050272920657, "Num": 3.5065650243216737, "beta_rec": 0.4338833762117006, "k": 4.697890400863603}, "datetime": {"delta": 16.550838, "elapsed": 2772.123438, "datetime": "2020-09-09 12:54:12"}}
