{"target": -8658.113048505136, "params": {"epsilon_d": 3.6590736531703505, "gamma_cf": 0.3178715024575666, "beta_rec": 0.9526425163089896, "lr": 0.6928036011251641, "phi_s": 2.0294266945951196, "beta_enc": 0.8879257883646403, "s_cf": 0.9665348136109865, "k_intra": 3.5651391082910133, "phi_d": 0.3777146453996317, "gamma_fc": 0.1615534792267946}, "datetime": {"delta": 61.555006, "datetime": "2020-09-13 18:38:47", "elapsed": 19939.32227}}
{"target": -8657.820931709806, "params": {"epsilon_d": 3.6555476348978697, "gamma_cf": 0.31658538664779884, "beta_rec": 0.9495518993041209, "lr": 0.693030429060404, "phi_s": 2.032322438740393, "beta_enc": 0.8888106415208201, "s_cf": 0.9634117952824297, "k_intra": 3.5656197476187486, "phi_d": 0.3750851186759435, "gamma_fc": 0.1607297667412627}, "datetime": {"delta": 62.420426, "datetime": "2020-09-13 18:39:50", "elapsed": 20001.742696}}
{"target": -8657.736841187878, "params": {"epsilon_d": 3.644868752702769, "gamma_cf": 0.3111373270691369, "beta_rec": 0.9444424597733494, "lr": 0.6924625623745814, "phi_s": 2.0430340476780326, "beta_enc": 0.8931776138723455, "s_cf": 0.9580317260121194, "k_intra": 3.566418112487552, "phi_d": 0.3705885648777252, "gamma_fc": 0.1624331124879927}, "datetime": {"delta": 59.577932, "datetime": "2020-09-13 18:40:49", "elapsed": 20061.320628}}
{"target": -8657.42477209024, "params": {"epsilon_d": 3.6461654104031047, "gamma_cf": 0.31523143141539983, "beta_rec": 0.9440632258360558, "lr": 0.6910310576212836, "phi_s": 2.0391858129402993, "beta_enc": 0.8907479112843306, "s_cf": 0.9603227096084068, "k_intra": 3.5674253537843343, "phi_d": 0.3724878537311314, "gamma_fc": 0.16074519431423792}, "datetime": {"delta": 64.566895, "datetime": "2020-09-13 18:41:54", "elapsed": 20125.887523}}
{"target": -8657.459102437966, "params": {"epsilon_d": 3.6317594483125135, "gamma_cf": 0.31582341778317574, "beta_rec": 0.9332553085946951, "lr": 0.6868130539926403, "phi_s": 2.046327905631954, "beta_enc": 0.8861208450127249, "s_cf": 0.9624117621298606, "k_intra": 3.5784760951112315, "phi_d": 0.3774436935424726, "gamma_fc": 0.16108951935168817}, "datetime": {"delta": 62.328974, "datetime": "2020-09-13 18:42:56", "elapsed": 20188.216497}}
{"target": -8657.103279378982, "params": {"epsilon_d": 3.6387404585627334, "gamma_cf": 0.3178790351619172, "beta_rec": 0.9390505319519789, "lr": 0.685086207834803, "phi_s": 2.042519978877447, "beta_enc": 0.88800077086193, "s_cf": 0.9594605158866627, "k_intra": 3.5722135349905897, "phi_d": 0.3735500643923682, "gamma_fc": 0.1602775090790687}, "datetime": {"delta": 65.377795, "datetime": "2020-09-13 18:44:02", "elapsed": 20253.594292}}
{"target": -8576.292233158305, "params": {"epsilon_d": 3.7286637596527115, "gamma_cf": 0.39316961909102077, "beta_rec": 0.9631826735678213, "lr": 0.5911519196753466, "phi_s": 2.2301384608256707, "beta_enc": 0.30836670849076997, "s_cf": 0.4014251583840505, "k_intra": 8.660398308372647, "phi_d": 0.902573544443019, "gamma_fc": 0.1718566951491989}, "datetime": {"delta": 60.439194, "datetime": "2020-09-13 18:45:02", "elapsed": 20314.033486}}
{"target": -8576.211537269988, "params": {"epsilon_d": 3.726758829299414, "gamma_cf": 0.3981183696182373, "beta_rec": 0.9625722771390316, "lr": 0.5958374330692436, "phi_s": 2.2255623924516303, "beta_enc": 0.31213558020868, "s_cf": 0.4031896368231296, "k_intra": 8.657540246369074, "phi_d": 0.9017575998760116, "gamma_fc": 0.17468992265970903}, "datetime": {"delta": 65.964729, "datetime": "2020-09-13 18:46:08", "elapsed": 20379.998215}}
{"target": -8657.22035147437, "params": {"epsilon_d": 3.633380017166045, "gamma_cf": 0.3213829895894277, "beta_rec": 0.934734666766897, "lr": 0.6766203538689266, "phi_s": 2.045736831426427, "beta_enc": 0.8854058109178814, "s_cf": 0.9503592452984719, "k_intra": 3.571849087786247, "phi_d": 0.3738352065788989, "gamma_fc": 0.1621929825960826}, "datetime": {"delta": 62.014125, "datetime": "2020-09-13 18:47:10", "elapsed": 20442.01234}}
{"target": -8575.75104340758, "params": {"epsilon_d": 3.724514860704804, "gamma_cf": 0.3959399992180155, "beta_rec": 0.9597486185450566, "lr": 0.5970956498389545, "phi_s": 2.231649860783682, "beta_enc": 0.31149255810602633, "s_cf": 0.40260420400982894, "k_intra": 8.65546629453371, "phi_d": 0.9004125685912101, "gamma_fc": 0.17445244779162566}, "datetime": {"delta": 66.082762, "datetime": "2020-09-13 18:48:16", "elapsed": 20508.095102}}
{"target": -8657.18329542309, "params": {"epsilon_d": 3.636126092498495, "gamma_cf": 0.31815746727166044, "beta_rec": 0.9381790480554569, "lr": 0.680200110924064, "phi_s": 2.0410508692949727, "beta_enc": 0.8836254977363505, "s_cf": 0.9561647702716308, "k_intra": 3.5721155277173344, "phi_d": 0.3740650730673756, "gamma_fc": 0.1611502667609261}, "datetime": {"delta": 65.329926, "datetime": "2020-09-13 18:49:22", "elapsed": 20573.425028}}
{"target": -8657.250239052086, "params": {"epsilon_d": 3.6340619955264097, "gamma_cf": 0.3191249361465052, "beta_rec": 0.9347007815892732, "lr": 0.682812361125649, "phi_s": 2.045690543052913, "beta_enc": 0.8879808958809022, "s_cf": 0.9549662848642301, "k_intra": 3.571412323048601, "phi_d": 0.3728924665665095, "gamma_fc": 0.1617262723697734}, "datetime": {"delta": 62.552448, "datetime": "2020-09-13 18:50:24", "elapsed": 20635.977476}}
{"target": -8575.282270273152, "params": {"epsilon_d": 3.721812972302671, "gamma_cf": 0.3986518593116312, "beta_rec": 0.959008661530953, "lr": 0.600399325702929, "phi_s": 2.2344469049520694, "beta_enc": 0.31265158390778247, "s_cf": 0.40355037458116794, "k_intra": 8.654280474093486, "phi_d": 0.8998693775240902, "gamma_fc": 0.1740712288236855}, "datetime": {"delta": 60.177741, "datetime": "2020-09-13 18:51:24", "elapsed": 20696.155217}}
{"target": -8657.209182066023, "params": {"epsilon_d": 3.636432599711405, "gamma_cf": 0.32002489220911556, "beta_rec": 0.9347742238836846, "lr": 0.6802232024302174, "phi_s": 2.043458405862166, "beta_enc": 0.8872003667569708, "s_cf": 0.9554548849734836, "k_intra": 3.573232097717269, "phi_d": 0.36956125023493597, "gamma_fc": 0.16002258645114842}, "datetime": {"delta": 63.136419, "datetime": "2020-09-13 18:52:27", "elapsed": 20759.291636}}
{"target": -8657.17509702647, "params": {"epsilon_d": 3.636604851570179, "gamma_cf": 0.32020462668072613, "beta_rec": 0.9386492947925961, "lr": 0.6789805662809905, "phi_s": 2.0408905473306374, "beta_enc": 0.8871981900603099, "s_cf": 0.9516805145276908, "k_intra": 3.5738326437390993, "phi_d": 0.3741811369620378, "gamma_fc": 0.15785074599088192}, "datetime": {"delta": 61.184082, "datetime": "2020-09-13 18:53:29", "elapsed": 20820.475718}}
{"target": -8656.85959516082, "params": {"epsilon_d": 3.635546925159325, "gamma_cf": 0.31984104119929685, "beta_rec": 0.9399081013560434, "lr": 0.6813057433509457, "phi_s": 2.0435890046456744, "beta_enc": 0.8868596027977703, "s_cf": 0.9577128884272905, "k_intra": 3.5737236878303826, "phi_d": 0.3728292770816862, "gamma_fc": 0.1608318378909432}, "datetime": {"delta": 59.985207, "datetime": "2020-09-13 18:54:29", "elapsed": 20880.460925}}
{"target": -8574.871962686426, "params": {"epsilon_d": 3.717160804053531, "gamma_cf": 0.40181116388098453, "beta_rec": 0.9573071765489438, "lr": 0.6061865174231862, "phi_s": 2.238549898717995, "beta_enc": 0.31460042778066405, "s_cf": 0.40329089132920487, "k_intra": 8.65500076443772, "phi_d": 0.8987508005770052, "gamma_fc": 0.16907505126623534}, "datetime": {"delta": 60.031873, "datetime": "2020-09-13 18:55:29", "elapsed": 20940.492798}}
{"target": -8656.210421321417, "params": {"epsilon_d": 3.6211453006591428, "gamma_cf": 0.32002038519131143, "beta_rec": 0.9472431540776166, "lr": 0.676942162301005, "phi_s": 2.048475614584293, "beta_enc": 0.8832919112935185, "s_cf": 0.95606866775969, "k_intra": 3.5847403544820153, "phi_d": 0.36989643568383157, "gamma_fc": 0.16080765713070513}, "datetime": {"delta": 60.526133, "datetime": "2020-09-13 18:56:29", "elapsed": 21001.018931}}
{"target": -8656.14293159794, "params": {"epsilon_d": 3.600088774665108, "gamma_cf": 0.3209536756889624, "beta_rec": 0.9551925817773286, "lr": 0.6738384923972446, "phi_s": 2.0554132963939287, "beta_enc": 0.8819952790768448, "s_cf": 0.9532293219785523, "k_intra": 3.5935018062707798, "phi_d": 0.36238535870112826, "gamma_fc": 0.16372161981448557}, "datetime": {"delta": 59.760877, "datetime": "2020-09-13 18:57:29", "elapsed": 21060.779808}}
{"target": -8656.412599990263, "params": {"epsilon_d": 3.6081023014077505, "gamma_cf": 0.32198389615250556, "beta_rec": 0.9535172335647712, "lr": 0.6751526913208216, "phi_s": 2.053271133548302, "beta_enc": 0.8869796619246255, "s_cf": 0.95209909568591, "k_intra": 3.5956223835143084, "phi_d": 0.3644793604282999, "gamma_fc": 0.1645335692803578}, "datetime": {"delta": 64.100884, "datetime": "2020-09-13 18:58:33", "elapsed": 21124.880692}}
{"target": -8655.571334972188, "params": {"epsilon_d": 3.6002130043143343, "gamma_cf": 0.32009907420413375, "beta_rec": 0.9517863102856968, "lr": 0.671764450895008, "phi_s": 2.05563409910829, "beta_enc": 0.8775085572303564, "s_cf": 0.9576543732855474, "k_intra": 3.583733495482004, "phi_d": 0.3636412862605762, "gamma_fc": 0.1567086794874488}, "datetime": {"delta": 66.992749, "datetime": "2020-09-13 18:59:40", "elapsed": 21191.873441}}
{"target": -8655.538655643904, "params": {"epsilon_d": 3.5937372545622126, "gamma_cf": 0.31957078374685116, "beta_rec": 0.9533411614847677, "lr": 0.6700952096535894, "phi_s": 2.0627163180974093, "beta_enc": 0.8760881281196584, "s_cf": 0.9589343180100658, "k_intra": 3.5788848414205425, "phi_d": 0.3645561506204585, "gamma_fc": 0.14715841548336586}, "datetime": {"delta": 61.275836, "datetime": "2020-09-13 19:00:41", "elapsed": 21253.149277}}
{"target": -8655.334187638859, "params": {"epsilon_d": 3.5961331021049716, "gamma_cf": 0.3218972659233981, "beta_rec": 0.9514434454791187, "lr": 0.6693855609632858, "phi_s": 2.0601579081308756, "beta_enc": 0.8772047700990102, "s_cf": 0.959855765623359, "k_intra": 3.5820316218130794, "phi_d": 0.3632290139332387, "gamma_fc": 0.15093142673790874}, "datetime": {"delta": 66.115433, "datetime": "2020-09-13 19:01:47", "elapsed": 21319.26471}}
{"target": -8655.126999897051, "params": {"epsilon_d": 3.591476175684111, "gamma_cf": 0.3260824372368153, "beta_rec": 0.9498085601858485, "lr": 0.6684131083946875, "phi_s": 2.0595932202913456, "beta_enc": 0.8779802427477496, "s_cf": 0.9613781621758436, "k_intra": 3.5828458341359113, "phi_d": 0.3620538222377854, "gamma_fc": 0.15036266714962787}, "datetime": {"delta": 66.531456, "datetime": "2020-09-13 19:02:54", "elapsed": 21385.796166}}
{"target": -8654.894537910537, "params": {"epsilon_d": 3.583876325754779, "gamma_cf": 0.33173011730853846, "beta_rec": 0.9476061299475387, "lr": 0.6635304641352245, "phi_s": 2.062870257166702, "beta_enc": 0.8753951785362816, "s_cf": 0.9669725459185474, "k_intra": 3.584217989850441, "phi_d": 0.3591389798762888, "gamma_fc": 0.1485337444991328}, "datetime": {"delta": 62.306452, "datetime": "2020-09-13 19:03:56", "elapsed": 21448.102618}}
{"target": -8574.923835176725, "params": {"epsilon_d": 3.71807221360087, "gamma_cf": 0.40306695615733856, "beta_rec": 0.9597328186824121, "lr": 0.6059892170603821, "phi_s": 2.2384948461159464, "beta_enc": 0.31496598550545885, "s_cf": 0.4026469522156769, "k_intra": 8.65737263310911, "phi_d": 0.8985386036392358, "gamma_fc": 0.16655123616197423}, "datetime": {"delta": 63.022418, "datetime": "2020-09-13 19:04:59", "elapsed": 21511.125036}}
{"target": -8575.616714279395, "params": {"epsilon_d": 3.7201141943636804, "gamma_cf": 0.4004639821888892, "beta_rec": 0.9572624040125607, "lr": 0.6037723481161673, "phi_s": 2.2383211082346177, "beta_enc": 0.31527818221129034, "s_cf": 0.4006077454553439, "k_intra": 8.660125082437608, "phi_d": 0.8999471645071849, "gamma_fc": 0.16715095627167784}, "datetime": {"delta": 62.487403, "datetime": "2020-09-13 19:06:02", "elapsed": 21573.612439}}
{"target": -8654.851452717628, "params": {"epsilon_d": 3.5782964359971055, "gamma_cf": 0.33322114452887647, "beta_rec": 0.9491177817387214, "lr": 0.6585752230040972, "phi_s": 2.0626807455069756, "beta_enc": 0.8772467054378611, "s_cf": 0.9683164833955613, "k_intra": 3.5857864594251385, "phi_d": 0.36059264147474956, "gamma_fc": 0.15156737977254908}, "datetime": {"delta": 63.149018, "datetime": "2020-09-13 19:07:05", "elapsed": 21636.761457}}
{"target": -8573.412312349434, "params": {"epsilon_d": 3.7146197644681296, "gamma_cf": 0.4050977134918378, "beta_rec": 0.960521615304651, "lr": 0.6104046842533356, "phi_s": 2.2427541726299847, "beta_enc": 0.3106600163648092, "s_cf": 0.4056418265079826, "k_intra": 8.645700881302337, "phi_d": 0.8940301353721226, "gamma_fc": 0.16604242260276197}, "datetime": {"delta": 62.150946, "datetime": "2020-09-13 19:08:07", "elapsed": 21698.912403}}
{"target": -8574.600333556911, "params": {"epsilon_d": 3.7137643022946403, "gamma_cf": 0.41085999653844973, "beta_rec": 0.9604367595449277, "lr": 0.6180535808511378, "phi_s": 2.2485418861085456, "beta_enc": 0.3045346751814441, "s_cf": 0.40413403880919646, "k_intra": 8.635756457110631, "phi_d": 0.889520672070521, "gamma_fc": 0.1596914445161092}, "datetime": {"delta": 60.261604, "datetime": "2020-09-13 19:09:07", "elapsed": 21759.174007}}
{"target": -8655.256755362523, "params": {"epsilon_d": 3.5835782387112713, "gamma_cf": 0.33281858790637847, "beta_rec": 0.9512406406124706, "lr": 0.6615307768206558, "phi_s": 2.061807930905624, "beta_enc": 0.8779445359111686, "s_cf": 0.9699481094454198, "k_intra": 3.585500219537138, "phi_d": 0.35873988783926614, "gamma_fc": 0.14876652186655748}, "datetime": {"delta": 62.009667, "datetime": "2020-09-13 19:10:09", "elapsed": 21821.183674}}
{"target": -8653.965406505084, "params": {"epsilon_d": 3.557237512810041, "gamma_cf": 0.3350151727870056, "beta_rec": 0.9409295139475503, "lr": 0.655785021805289, "phi_s": 2.0699222328345455, "beta_enc": 0.8667883625653116, "s_cf": 0.9616222904089853, "k_intra": 3.584244275427735, "phi_d": 0.3663101272747253, "gamma_fc": 0.153802273640673}, "datetime": {"delta": 62.607664, "datetime": "2020-09-13 19:11:12", "elapsed": 21883.791338}}
{"target": -8653.771667212575, "params": {"epsilon_d": 3.5409818616270994, "gamma_cf": 0.3368953123772918, "beta_rec": 0.936568654922715, "lr": 0.6516077355261616, "phi_s": 2.0738748325295338, "beta_enc": 0.860033238958224, "s_cf": 0.9591018377968634, "k_intra": 3.5825965223855207, "phi_d": 0.3697415949025581, "gamma_fc": 0.153694043379309}, "datetime": {"delta": 59.449748, "datetime": "2020-09-13 19:12:11", "elapsed": 21943.241086}}
{"target": -8653.769521097915, "params": {"epsilon_d": 3.535951313798054, "gamma_cf": 0.33841931384240725, "beta_rec": 0.9359956627085462, "lr": 0.6522504988977915, "phi_s": 2.076125759192893, "beta_enc": 0.8597090257226352, "s_cf": 0.9564085685396838, "k_intra": 3.5865282198320987, "phi_d": 0.37413547839698796, "gamma_fc": 0.15294595431260924}, "datetime": {"delta": 61.141255, "datetime": "2020-09-13 19:13:12", "elapsed": 22004.382341}}
{"target": -8654.003359179906, "params": {"epsilon_d": 3.5399127803814996, "gamma_cf": 0.3403567977048381, "beta_rec": 0.9389720542120426, "lr": 0.651521199353867, "phi_s": 2.0743877748460107, "beta_enc": 0.8604679552947894, "s_cf": 0.9564760898221022, "k_intra": 3.5887140184450224, "phi_d": 0.37126399215379174, "gamma_fc": 0.1551827873775384}, "datetime": {"delta": 59.976287, "datetime": "2020-09-13 19:14:12", "elapsed": 22064.358628}}
{"target": -8653.40480140484, "params": {"epsilon_d": 3.5375824525610358, "gamma_cf": 0.33286072350547774, "beta_rec": 0.9332475745251226, "lr": 0.6556351213948814, "phi_s": 2.0726748040435066, "beta_enc": 0.8643589119844424, "s_cf": 0.964168488404477, "k_intra": 3.579456415102062, "phi_d": 0.3731411161713118, "gamma_fc": 0.1533150555482236}, "datetime": {"delta": 60.86955, "datetime": "2020-09-13 19:15:13", "elapsed": 22125.228178}}
{"target": -8652.94227771252, "params": {"epsilon_d": 3.5278798737931214, "gamma_cf": 0.33009229208068697, "beta_rec": 0.933479465922898, "lr": 0.6570933474977545, "phi_s": 2.070414472483363, "beta_enc": 0.8701767461073322, "s_cf": 0.9669591334584425, "k_intra": 3.5808955291236355, "phi_d": 0.3742409859010113, "gamma_fc": 0.15264332596211552}, "datetime": {"delta": 62.72094, "datetime": "2020-09-13 19:16:16", "elapsed": 22187.949118}}
{"target": -8653.041761683911, "params": {"epsilon_d": 3.5105459919215747, "gamma_cf": 0.32466000679737156, "beta_rec": 0.9313456209122731, "lr": 0.6560037806556224, "phi_s": 2.067851475915348, "beta_enc": 0.8715042462472531, "s_cf": 0.9643958628818433, "k_intra": 3.582500085039569, "phi_d": 0.3718069256468841, "gamma_fc": 0.14828877847348346}, "datetime": {"delta": 61.457885, "datetime": "2020-09-13 19:17:18", "elapsed": 22249.407003}}
{"target": -8652.443204256162, "params": {"epsilon_d": 3.511779608528983, "gamma_cf": 0.3291442303097398, "beta_rec": 0.9338682375100748, "lr": 0.6582623884146896, "phi_s": 2.0680824653178034, "beta_enc": 0.8704715597310835, "s_cf": 0.9677830678334245, "k_intra": 3.581262909849326, "phi_d": 0.3753748761534412, "gamma_fc": 0.154037661764638}, "datetime": {"delta": 62.837679, "datetime": "2020-09-13 19:18:20", "elapsed": 22312.244682}}
{"target": -8569.982411352406, "params": {"epsilon_d": 3.706139275964022, "gamma_cf": 0.406148720736761, "beta_rec": 0.9646986554865898, "lr": 0.6141532076161147, "phi_s": 2.2510260031334632, "beta_enc": 0.31433456670727217, "s_cf": 0.4170531104034187, "k_intra": 8.637795443373266, "phi_d": 0.8825272024281751, "gamma_fc": 0.16548404534609323}, "datetime": {"delta": 64.378888, "datetime": "2020-09-13 19:19:25", "elapsed": 22376.62357}}
{"target": -8651.225151976443, "params": {"epsilon_d": 3.485737321432594, "gamma_cf": 0.3338723382329061, "beta_rec": 0.9412774196093131, "lr": 0.6673220182810428, "phi_s": 2.066982495959175, "beta_enc": 0.8641819080574898, "s_cf": 0.973769375568519, "k_intra": 3.573194608885681, "phi_d": 0.3836398335060372, "gamma_fc": 0.16307121181965242}, "datetime": {"delta": 63.585929, "datetime": "2020-09-13 19:20:28", "elapsed": 22440.209499}}
{"target": -8651.038677036066, "params": {"epsilon_d": 3.471027831937038, "gamma_cf": 0.3344100179486174, "beta_rec": 0.9435053806534013, "lr": 0.6708482662162685, "phi_s": 2.0639231634299677, "beta_enc": 0.8599514138942481, "s_cf": 0.9734437531575976, "k_intra": 3.5679750047324887, "phi_d": 0.38908387131245087, "gamma_fc": 0.16411681241305554}, "datetime": {"delta": 61.566707, "datetime": "2020-09-13 19:21:30", "elapsed": 22501.776206}}
{"target": -8650.998486780094, "params": {"epsilon_d": 3.467401196191793, "gamma_cf": 0.33626529699718577, "beta_rec": 0.9447683536357124, "lr": 0.6712516481242948, "phi_s": 2.0670378895879526, "beta_enc": 0.8587621581947422, "s_cf": 0.971839735090563, "k_intra": 3.5652095596544435, "phi_d": 0.38844410568949483, "gamma_fc": 0.1624120780653002}, "datetime": {"delta": 67.127169, "datetime": "2020-09-13 19:22:37", "elapsed": 22568.903375}}
{"target": -8650.901472885042, "params": {"epsilon_d": 3.4693892975220653, "gamma_cf": 0.3386165752516078, "beta_rec": 0.942692339259315, "lr": 0.6722375833388975, "phi_s": 2.0687676829722155, "beta_enc": 0.8623475740676374, "s_cf": 0.9734008086142784, "k_intra": 3.563977065070791, "phi_d": 0.38826777474659535, "gamma_fc": 0.16674679615323051}, "datetime": {"delta": 62.11211, "datetime": "2020-09-13 19:23:39", "elapsed": 22631.015485}}
{"target": -8651.071194756165, "params": {"epsilon_d": 3.467778065026631, "gamma_cf": 0.3407552731323132, "beta_rec": 0.9420447933397799, "lr": 0.6737332181392014, "phi_s": 2.0683607842760314, "beta_enc": 0.8616360082557942, "s_cf": 0.9715885101101289, "k_intra": 3.5610141573686613, "phi_d": 0.38745352119339393, "gamma_fc": 0.16927164839150177}, "datetime": {"delta": 62.224272, "datetime": "2020-09-13 19:24:41", "elapsed": 22693.239757}}
{"target": -8650.387376060533, "params": {"epsilon_d": 3.4626360944106938, "gamma_cf": 0.33636457002276027, "beta_rec": 0.9453594823815534, "lr": 0.6700467510992169, "phi_s": 2.072959437521607, "beta_enc": 0.863555113522567, "s_cf": 0.9794333036171653, "k_intra": 3.5628113012917053, "phi_d": 0.39377293016849374, "gamma_fc": 0.16460856414794175}, "datetime": {"delta": 62.520387, "datetime": "2020-09-13 19:25:44", "elapsed": 22755.760144}}
{"target": -8649.638954610677, "params": {"epsilon_d": 3.4448053517685935, "gamma_cf": 0.3314389856920394, "beta_rec": 0.9465944615026105, "lr": 0.6612489109705217, "phi_s": 2.08319498146975, "beta_enc": 0.8666442532465288, "s_cf": 0.9865323009119142, "k_intra": 3.5605820257342096, "phi_d": 0.40183388373048684, "gamma_fc": 0.16890516481856052}, "datetime": {"delta": 66.911606, "datetime": "2020-09-13 19:26:51", "elapsed": 22822.67175}}
{"target": -8649.637163570016, "params": {"epsilon_d": 3.435668513794049, "gamma_cf": 0.32962733258009413, "beta_rec": 0.9480813328058408, "lr": 0.6560480416091994, "phi_s": 2.086499083623605, "beta_enc": 0.863820179268685, "s_cf": 0.9869786621053354, "k_intra": 3.561169051676239, "phi_d": 0.40312963689892717, "gamma_fc": 0.17435324298303184}, "datetime": {"delta": 65.224229, "datetime": "2020-09-13 19:27:56", "elapsed": 22887.895979}}
{"target": -8649.53005556703, "params": {"epsilon_d": 3.4348484311373695, "gamma_cf": 0.32901025359184305, "beta_rec": 0.9438601112719717, "lr": 0.6592695570105073, "phi_s": 2.086354134784198, "beta_enc": 0.865546721126108, "s_cf": 0.985275683941805, "k_intra": 3.5631130326119163, "phi_d": 0.40231850195919566, "gamma_fc": 0.17048076859694972}, "datetime": {"delta": 59.74174, "datetime": "2020-09-13 19:28:56", "elapsed": 22947.637719}}
{"target": -8566.230346246391, "params": {"epsilon_d": 3.692580693993858, "gamma_cf": 0.4081439843093833, "beta_rec": 0.9685876723188207, "lr": 0.6247739307448082, "phi_s": 2.267302650316207, "beta_enc": 0.32359218675500173, "s_cf": 0.4389089188058292, "k_intra": 8.62672587877231, "phi_d": 0.8589430637659989, "gamma_fc": 0.16461645546857043}, "datetime": {"delta": 60.52213, "datetime": "2020-09-13 19:29:56", "elapsed": 23008.159849}}
