{"target": 7.334666666666666, "params": {"gamma_fc": 0.22148205573352875, "beta_enc": 0.3456988211755023, "beta_rec": 0.6749716048091052, "primacy": 0.7}, "datetime": {"delta": 21.002352, "datetime": "2020-11-23 15:36:40", "elapsed": 3496.862276}}
{"target": 7.433111111111112, "params": {"gamma_fc": 0.8773604746948126, "beta_enc": 0.31476568732401644, "beta_rec": 0.6268556021628346, "primacy": 0.7}, "datetime": {"delta": 21.228924, "datetime": "2020-11-23 15:37:01", "elapsed": 3518.0912}}
{"target": 5.802, "params": {"gamma_fc": 0.6562293317171314, "beta_enc": 0.7844574187919231, "beta_rec": 0.4569657005615504, "primacy": 0.7}, "datetime": {"delta": 18.419229, "datetime": "2020-11-23 15:37:20", "elapsed": 3536.510429}}
{"target": 7.355777777777777, "params": {"gamma_fc": 0.6054790010309347, "beta_enc": 0.43298150696764814, "beta_rec": 0.9093119886549367, "primacy": 0.7}, "datetime": {"delta": 21.09443, "datetime": "2020-11-23 15:37:41", "elapsed": 3557.604859}}
{"target": 7.244222222222223, "params": {"gamma_fc": 0.8428998401928499, "beta_enc": 0.5047006080958943, "beta_rec": 0.49805562482800747, "primacy": 0.7}, "datetime": {"delta": 20.914443, "datetime": "2020-11-23 15:38:02", "elapsed": 3578.519302}}
{"target": 7.302222222222222, "params": {"gamma_fc": 0.5178600481723219, "beta_enc": 0.5732722715496846, "beta_rec": 0.9427625754329493, "primacy": 0.7}, "datetime": {"delta": 21.009928, "datetime": "2020-11-23 15:38:23", "elapsed": 3599.52923}}
{"target": 4.6948888888888884, "params": {"gamma_fc": 0.700726036482538, "beta_enc": 0.8479393924434762, "beta_rec": 0.25163914235585283, "primacy": 0.7}, "datetime": {"delta": 16.419989, "datetime": "2020-11-23 15:38:39", "elapsed": 3615.949219}}
{"target": 3.594888888888889, "params": {"gamma_fc": 0.8379779620477293, "beta_enc": 0.9488362882802196, "beta_rec": 0.6243367024026759, "primacy": 0.7}, "datetime": {"delta": 14.438928, "datetime": "2020-11-23 15:38:53", "elapsed": 3630.388147}}
{"target": 2.8633333333333333, "params": {"gamma_fc": 0.3221295136147696, "beta_enc": 0.989340056166638, "beta_rec": 0.07771457033238649, "primacy": 0.7}, "datetime": {"delta": 13.070781, "datetime": "2020-11-23 15:39:07", "elapsed": 3643.458928}}
{"target": 7.577111111111111, "params": {"gamma_fc": 0.8612116383667944, "beta_enc": 0.008939102371245067, "beta_rec": 0.8227300054219355, "primacy": 0.7}, "datetime": {"delta": 21.440224, "datetime": "2020-11-23 15:39:28", "elapsed": 3664.899152}}
{"target": 7.485777777777779, "params": {"gamma_fc": 0.47786200443222115, "beta_enc": 0.2557451938059312, "beta_rec": 0.8026895196332986, "primacy": 0.7}, "datetime": {"delta": 21.321899, "datetime": "2020-11-23 15:39:49", "elapsed": 3686.221051}}
{"target": 6.830222222222221, "params": {"gamma_fc": 0.49154515001693533, "beta_enc": 0.9278489928250108, "beta_rec": 0.8959699670066484, "primacy": 0.7}, "datetime": {"delta": 20.092308, "datetime": "2020-11-23 15:40:09", "elapsed": 3706.313359}}
{"target": 7.352666666666667, "params": {"gamma_fc": 0.39799063940792245, "beta_enc": 0.41857802576409864, "beta_rec": 0.6834649001663011, "primacy": 0.7}, "datetime": {"delta": 20.955737, "datetime": "2020-11-23 15:40:30", "elapsed": 3727.269096}}
{"target": 7.476666666666667, "params": {"gamma_fc": 0.2942156882442547, "beta_enc": 0.1895517028339273, "beta_rec": 0.9649889241109139, "primacy": 0.7}, "datetime": {"delta": 21.156012, "datetime": "2020-11-23 15:40:52", "elapsed": 3748.425108}}
{"target": 7.488666666666667, "params": {"gamma_fc": 0.7159456994623945, "beta_enc": 0.1443154002290481, "beta_rec": 0.014092294192442956, "primacy": 0.7}, "datetime": {"delta": 21.335345, "datetime": "2020-11-23 15:41:13", "elapsed": 3769.760453}}
{"target": 5.588666666666667, "params": {"gamma_fc": 0.7918210395041538, "beta_enc": 0.7945783511847522, "beta_rec": 0.5070799232841364, "primacy": 0.7}, "datetime": {"delta": 18.063149, "datetime": "2020-11-23 15:41:31", "elapsed": 3787.823602}}
{"target": 5.7555555555555555, "params": {"gamma_fc": 0.6477706331874812, "beta_enc": 0.7778484768591754, "beta_rec": 0.4064828689770863, "primacy": 0.7}, "datetime": {"delta": 18.320802, "datetime": "2020-11-23 15:41:49", "elapsed": 3806.144404}}
{"target": 7.415333333333334, "params": {"gamma_fc": 0.4086372250132624, "beta_enc": 0.321819963387904, "beta_rec": 0.1726046201197925, "primacy": 0.7}, "datetime": {"delta": 21.179732, "datetime": "2020-11-23 15:42:10", "elapsed": 3827.324136}}
{"target": 7.285777777777779, "params": {"gamma_fc": 0.32031932582203126, "beta_enc": 0.4069219941293579, "beta_rec": 0.9752223424373121, "primacy": 0.7}, "datetime": {"delta": 21.032273, "datetime": "2020-11-23 15:42:31", "elapsed": 3848.356409}}
{"target": 6.49311111111111, "params": {"gamma_fc": 0.8574844990835966, "beta_enc": 0.6363061258559836, "beta_rec": 0.375091018393911, "primacy": 0.7}, "datetime": {"delta": 19.652613, "datetime": "2020-11-23 15:42:51", "elapsed": 3868.009022}}
{"target": 7.485555555555555, "params": {"gamma_fc": 0.43293850873416306, "beta_enc": 0.25203308013083936, "beta_rec": 0.7928556779768876, "primacy": 0.7}, "datetime": {"delta": 21.368575, "datetime": "2020-11-23 15:43:12", "elapsed": 3889.377597}}
{"target": 7.3597777777777775, "params": {"gamma_fc": 0.26865012390622656, "beta_enc": 0.33027693652508094, "beta_rec": 0.6973688756131394, "primacy": 0.7}, "datetime": {"delta": 21.18647, "datetime": "2020-11-23 15:43:34", "elapsed": 3910.564067}}
{"target": 7.459555555555555, "params": {"gamma_fc": 0.4879214918052024, "beta_enc": 0.2952887943998478, "beta_rec": 0.5441213835853572, "primacy": 0.7}, "datetime": {"delta": 21.222411, "datetime": "2020-11-23 15:43:55", "elapsed": 3931.786478}}
{"target": 7.994888888888889, "params": {"gamma_fc": 0.1830617893563875, "beta_enc": 0.9206790748237161, "beta_rec": 1.0, "primacy": 0.7}, "datetime": {"delta": 24.678493, "datetime": "2020-11-23 15:44:20", "elapsed": 3956.464971}}
{"target": 7.984666666666667, "params": {"gamma_fc": 0.075775615622375, "beta_enc": 0.8949473929334423, "beta_rec": 0.9493709309399089, "primacy": 0.7}, "datetime": {"delta": 24.63547, "datetime": "2020-11-23 15:44:44", "elapsed": 3981.100441}}
{"target": 8.025555555555556, "params": {"gamma_fc": 0.29133555174467224, "beta_enc": 0.9201351046268559, "beta_rec": 1.0, "primacy": 0.7}, "datetime": {"delta": 24.452627, "datetime": "2020-11-23 15:45:09", "elapsed": 4005.553068}}
{"target": 7.525555555555554, "params": {"gamma_fc": 1.0, "beta_enc": 0.0, "beta_rec": 0.0, "primacy": 0.7}, "datetime": {"delta": 23.710637, "datetime": "2020-11-23 15:45:32", "elapsed": 4029.263705}}
{"target": 7.5535555555555565, "params": {"gamma_fc": 1.0, "beta_enc": 0.0, "beta_rec": 1.0, "primacy": 0.7}, "datetime": {"delta": 24.149501, "datetime": "2020-11-23 15:45:57", "elapsed": 4053.413206}}
{"target": 7.524222222222223, "params": {"gamma_fc": 0.12085872765168604, "beta_enc": 0.0, "beta_rec": 1.0, "primacy": 0.7}, "datetime": {"delta": 24.046962, "datetime": "2020-11-23 15:46:21", "elapsed": 4077.460168}}
{"target": 7.958888888888889, "params": {"gamma_fc": 0.15459469162583922, "beta_enc": 0.8715221345064426, "beta_rec": 0.9418794270885135, "primacy": 0.7}, "datetime": {"delta": 24.399917, "datetime": "2020-11-23 15:46:45", "elapsed": 4101.860085}}
{"target": 8.13488888888889, "params": {"gamma_fc": 0.2539625973044826, "beta_enc": 0.9725939386350372, "beta_rec": 1.0, "primacy": 0.7}, "datetime": {"delta": 24.956123, "datetime": "2020-11-23 15:47:10", "elapsed": 4126.816208}}
{"target": 6.525777777777779, "params": {"gamma_fc": 0.21176360895737587, "beta_enc": 1.0, "beta_rec": 1.0, "primacy": 0.7}, "datetime": {"delta": 21.709608, "datetime": "2020-11-23 15:47:32", "elapsed": 4148.525816}}
{"target": 8.143999999999998, "params": {"gamma_fc": 0.27120746609077434, "beta_enc": 0.9474581186024613, "beta_rec": 1.0, "primacy": 0.7}, "datetime": {"delta": 28.044878, "datetime": "2020-11-23 15:48:00", "elapsed": 4176.570694}}
{"target": 8.021333333333333, "params": {"gamma_fc": 0.26443193787437086, "beta_enc": 0.9650151371643839, "beta_rec": 1.0, "primacy": 0.7}, "datetime": {"delta": 28.557693, "datetime": "2020-11-23 15:48:28", "elapsed": 4205.128387}}
{"target": 8.029111111111112, "params": {"gamma_fc": 0.2441408879070096, "beta_enc": 0.9341958201025714, "beta_rec": 1.0, "primacy": 0.7}, "datetime": {"delta": 30.981804, "datetime": "2020-11-23 15:48:59", "elapsed": 4236.110191}}
{"target": 8.030222222222223, "params": {"gamma_fc": 0.25292930355246857, "beta_enc": 0.9547228504539337, "beta_rec": 0.9987889064665405, "primacy": 0.7}, "datetime": {"delta": 31.391032, "datetime": "2020-11-23 15:49:31", "elapsed": 4267.501223}}
{"target": 7.913777777777779, "params": {"gamma_fc": 0.1728004722605291, "beta_enc": 0.8901579681990943, "beta_rec": 1.0, "primacy": 0.7}, "datetime": {"delta": 32.037105, "datetime": "2020-11-23 15:50:03", "elapsed": 4299.538328}}
{"target": 7.911333333333333, "params": {"gamma_fc": 0.09051527321145385, "beta_enc": 0.853795230533671, "beta_rec": 0.9316897213142558, "primacy": 0.7}, "datetime": {"delta": 32.337662, "datetime": "2020-11-23 15:50:35", "elapsed": 4331.87599}}
{"target": 8.068444444444443, "params": {"gamma_fc": 0.11544387296162406, "beta_enc": 0.8947532501517176, "beta_rec": 0.9296033922809488, "primacy": 0.7}, "datetime": {"delta": 32.324849, "datetime": "2020-11-23 15:51:07", "elapsed": 4364.200839}}
{"target": 7.525777777777778, "params": {"gamma_fc": 0.33796592558910926, "beta_enc": 0.7707617010445204, "beta_rec": 0.8983865751044346, "primacy": 0.7}, "datetime": {"delta": 31.192093, "datetime": "2020-11-23 15:51:39", "elapsed": 4395.392932}}
{"target": 8.007111111111112, "params": {"gamma_fc": 0.26762826268385953, "beta_enc": 0.9286966969324112, "beta_rec": 0.9963330646149529, "primacy": 0.7}, "datetime": {"delta": 32.605219, "datetime": "2020-11-23 15:52:11", "elapsed": 4427.998151}}
{"target": 7.596222222222222, "params": {"gamma_fc": 0.38299228190312545, "beta_enc": 0.7833355030890736, "beta_rec": 0.9938021243816281, "primacy": 0.7}, "datetime": {"delta": 31.567531, "datetime": "2020-11-23 15:52:43", "elapsed": 4459.565682}}
{"target": 7.549777777777779, "params": {"gamma_fc": 0.8359298457207542, "beta_enc": 0.12135673411134215, "beta_rec": 0.577185722703002, "primacy": 0.7}, "datetime": {"delta": 31.99135, "datetime": "2020-11-23 15:53:15", "elapsed": 4491.557032}}
{"target": 8.005777777777777, "params": {"gamma_fc": 0.020422740963393613, "beta_enc": 0.8893098300085799, "beta_rec": 0.8991685878001864, "primacy": 0.7}, "datetime": {"delta": 32.117199, "datetime": "2020-11-23 15:53:47", "elapsed": 4523.674231}}
{"target": 7.906000000000001, "params": {"gamma_fc": 0.015597118309812615, "beta_enc": 0.8444044758768862, "beta_rec": 0.8567873998693577, "primacy": 0.7}, "datetime": {"delta": 32.246312, "datetime": "2020-11-23 15:54:19", "elapsed": 4555.920543}}
{"target": 7.545999999999999, "params": {"gamma_fc": 0.8266867755720402, "beta_enc": 0.12755781778116887, "beta_rec": 0.8476195541127812, "primacy": 0.7}, "datetime": {"delta": 31.654818, "datetime": "2020-11-23 15:54:51", "elapsed": 4587.575361}}
{"target": 7.844888888888889, "params": {"gamma_fc": 0.0, "beta_enc": 0.8481303237843753, "beta_rec": 0.9210973807360164, "primacy": 0.7}, "datetime": {"delta": 31.850099, "datetime": "2020-11-23 15:55:23", "elapsed": 4619.42546}}
{"target": 7.539333333333333, "params": {"gamma_fc": 0.930825986947061, "beta_enc": 0.04973814550839238, "beta_rec": 0.9112513612706917, "primacy": 0.7}, "datetime": {"delta": 31.379306, "datetime": "2020-11-23 15:55:54", "elapsed": 4650.804766}}
{"target": 7.510666666666667, "params": {"gamma_fc": 0.7454696900360173, "beta_enc": 0.20643844302094094, "beta_rec": 0.1272450577314386, "primacy": 0.7}, "datetime": {"delta": 31.686199, "datetime": "2020-11-23 15:56:26", "elapsed": 4682.490965}}
{"target": 8.002222222222223, "params": {"gamma_fc": 0.2799284995082205, "beta_enc": 0.9393344236374389, "beta_rec": 1.0, "primacy": 0.7}, "datetime": {"delta": 31.852764, "datetime": "2020-11-23 15:56:57", "elapsed": 4714.343729}}
{"target": 7.984444444444445, "params": {"gamma_fc": 0.29959199684613474, "beta_enc": 0.8925964741252899, "beta_rec": 1.0, "primacy": 0.7}, "datetime": {"delta": 32.141698, "datetime": "2020-11-23 15:57:30", "elapsed": 4746.485427}}
{"target": 8.027333333333333, "params": {"gamma_fc": 0.12743008163765313, "beta_enc": 0.9017702166846322, "beta_rec": 0.9674034639601108, "primacy": 0.7}, "datetime": {"delta": 33.516659, "datetime": "2020-11-23 15:58:03", "elapsed": 4780.002086}}
{"target": 7.686, "params": {"gamma_fc": 0.38231349917188656, "beta_enc": 0.8546280459140375, "beta_rec": 0.9521381301256682, "primacy": 0.7}, "datetime": {"delta": 32.341798, "datetime": "2020-11-23 15:58:35", "elapsed": 4812.343884}}
{"target": 7.968666666666667, "params": {"gamma_fc": 0.045091295800010034, "beta_enc": 0.8584787506396665, "beta_rec": 0.8999396663601793, "primacy": 0.7}, "datetime": {"delta": 32.285619, "datetime": "2020-11-23 15:59:08", "elapsed": 4844.629503}}
{"target": 7.549111111111111, "params": {"gamma_fc": 0.7475086075440731, "beta_enc": 0.10860351927657104, "beta_rec": 0.5181677513363034, "primacy": 0.7}, "datetime": {"delta": 31.681107, "datetime": "2020-11-23 15:59:39", "elapsed": 4876.31061}}
{"target": 7.812222222222222, "params": {"gamma_fc": 0.09457854622415329, "beta_enc": 0.8059379885057598, "beta_rec": 0.8541337371494738, "primacy": 0.7}, "datetime": {"delta": 31.951091, "datetime": "2020-11-23 16:00:11", "elapsed": 4908.261701}}
{"target": 8.010444444444445, "params": {"gamma_fc": 0.2647014194313293, "beta_enc": 0.9425882071807096, "beta_rec": 1.0, "primacy": 0.7}, "datetime": {"delta": 32.815116, "datetime": "2020-11-23 16:00:44", "elapsed": 4941.076817}}
{"target": 8.012444444444444, "params": {"gamma_fc": 0.26219590116733116, "beta_enc": 0.914157957096697, "beta_rec": 0.9785947474118686, "primacy": 0.7}, "datetime": {"delta": 32.984528, "datetime": "2020-11-23 16:01:17", "elapsed": 4974.061345}}
{"target": 8.062222222222223, "params": {"gamma_fc": 0.22189709905129376, "beta_enc": 0.9218952236239011, "beta_rec": 0.9968589058324931, "primacy": 0.7}, "datetime": {"delta": 33.392836, "datetime": "2020-11-23 16:01:51", "elapsed": 5007.454181}}
{"target": 8.034, "params": {"gamma_fc": 0.2744762563769981, "beta_enc": 0.9514711576511597, "beta_rec": 0.9951737602277722, "primacy": 0.7}, "datetime": {"delta": 32.923648, "datetime": "2020-11-23 16:02:23", "elapsed": 5040.377829}}
{"target": 8.002222222222223, "params": {"gamma_fc": 0.27079509433713966, "beta_enc": 0.9064102829150382, "beta_rec": 0.9978341971595326, "primacy": 0.7}, "datetime": {"delta": 33.162895, "datetime": "2020-11-23 16:02:57", "elapsed": 5073.540724}}
{"target": 8.032444444444446, "params": {"gamma_fc": 0.166831425822484, "beta_enc": 0.9046166700681558, "beta_rec": 0.9641338058864182, "primacy": 0.7}, "datetime": {"delta": 32.934824, "datetime": "2020-11-23 16:03:30", "elapsed": 5106.475548}}
{"target": 8.142222222222221, "params": {"gamma_fc": 0.06554730971891626, "beta_enc": 0.9072758070338278, "beta_rec": 0.9093833381937123, "primacy": 0.7}, "datetime": {"delta": 33.55641, "datetime": "2020-11-23 16:04:03", "elapsed": 5140.031958}}
{"target": 8.037777777777778, "params": {"gamma_fc": 0.05639605891051496, "beta_enc": 0.907080347637147, "beta_rec": 0.8887502482371401, "primacy": 0.7}, "datetime": {"delta": 33.138634, "datetime": "2020-11-23 16:04:36", "elapsed": 5173.170592}}
{"target": 8.120000000000001, "params": {"gamma_fc": 0.08393379963419868, "beta_enc": 0.9114088586256697, "beta_rec": 0.9175379541951728, "primacy": 0.7}, "datetime": {"delta": 33.723169, "datetime": "2020-11-23 16:05:10", "elapsed": 5206.893761}}
{"target": 8.12711111111111, "params": {"gamma_fc": 0.05410358869264821, "beta_enc": 0.9189177203424141, "beta_rec": 0.9204098604400158, "primacy": 0.7}, "datetime": {"delta": 33.678257, "datetime": "2020-11-23 16:05:44", "elapsed": 5240.572018}}
{"target": 8.084666666666667, "params": {"gamma_fc": 0.05797764078890233, "beta_enc": 0.8938147793356578, "beta_rec": 0.9183875998791401, "primacy": 0.7}, "datetime": {"delta": 32.881954, "datetime": "2020-11-23 16:06:17", "elapsed": 5273.453972}}
{"target": 8.030666666666665, "params": {"gamma_fc": 0.24505373013671386, "beta_enc": 0.970925589090202, "beta_rec": 1.0, "primacy": 0.7}, "datetime": {"delta": 33.21157, "datetime": "2020-11-23 16:06:50", "elapsed": 5306.665542}}
{"target": 8.049555555555557, "params": {"gamma_fc": 0.06778512500599418, "beta_enc": 0.9287478629113683, "beta_rec": 0.9092210402037116, "primacy": 0.7}, "datetime": {"delta": 34.021058, "datetime": "2020-11-23 16:07:24", "elapsed": 5340.6866}}
{"target": 8.043555555555555, "params": {"gamma_fc": 0.2554269384127255, "beta_enc": 0.986086074069806, "beta_rec": 1.0, "primacy": 0.7}, "datetime": {"delta": 33.100475, "datetime": "2020-11-23 16:07:57", "elapsed": 5373.787075}}
{"target": 7.747999999999999, "params": {"gamma_fc": 0.041938742161152336, "beta_enc": 0.8059562804403089, "beta_rec": 0.8777181075478235, "primacy": 0.7}, "datetime": {"delta": 33.157251, "datetime": "2020-11-23 16:08:30", "elapsed": 5406.944326}}
{"target": 8.116666666666665, "params": {"gamma_fc": 0.07071468070788466, "beta_enc": 0.9164233032215056, "beta_rec": 0.9292372303281083, "primacy": 0.7}, "datetime": {"delta": 33.923331, "datetime": "2020-11-23 16:09:04", "elapsed": 5440.867657}}
{"target": 7.909111111111112, "params": {"gamma_fc": 0.1308737751821114, "beta_enc": 0.8449509324626817, "beta_rec": 0.8955403520232424, "primacy": 0.7}, "datetime": {"delta": 33.279987, "datetime": "2020-11-23 16:09:37", "elapsed": 5474.147644}}
{"target": 7.903111111111111, "params": {"gamma_fc": 0.3392767335014142, "beta_enc": 0.894638890732233, "beta_rec": 1.0, "primacy": 0.7}, "datetime": {"delta": 33.304943, "datetime": "2020-11-23 16:10:11", "elapsed": 5507.452587}}
{"target": 8.066888888888888, "params": {"gamma_fc": 0.020892862072178567, "beta_enc": 0.9147314863486349, "beta_rec": 0.9388058027982231, "primacy": 0.7}, "datetime": {"delta": 33.783028, "datetime": "2020-11-23 16:10:44", "elapsed": 5541.235615}}
{"target": 8.106444444444445, "params": {"gamma_fc": 0.025500103041167788, "beta_enc": 0.9356892609835397, "beta_rec": 0.9265056188455595, "primacy": 0.7}, "datetime": {"delta": 33.013681, "datetime": "2020-11-23 16:11:17", "elapsed": 5574.249296}}
{"target": 8.108222222222222, "params": {"gamma_fc": 0.005155392876529872, "beta_enc": 0.926072047124592, "beta_rec": 0.9149879554976708, "primacy": 0.7}, "datetime": {"delta": 32.970834, "datetime": "2020-11-23 16:11:50", "elapsed": 5607.22013}}
{"target": 8.106222222222222, "params": {"gamma_fc": 0.02565354006435864, "beta_enc": 0.9212654508783954, "beta_rec": 0.9135416492378136, "primacy": 0.7}, "datetime": {"delta": 33.900908, "datetime": "2020-11-23 16:12:24", "elapsed": 5641.121038}}
{"target": 8.157777777777778, "params": {"gamma_fc": 0.0, "beta_enc": 0.9399084220424486, "beta_rec": 0.9379680252647635, "primacy": 0.7}, "datetime": {"delta": 33.170599, "datetime": "2020-11-23 16:12:57", "elapsed": 5674.291637}}
{"target": 8.131555555555556, "params": {"gamma_fc": 0.0, "beta_enc": 0.9548154320671628, "beta_rec": 0.9269742787441971, "primacy": 0.7}, "datetime": {"delta": 33.686423, "datetime": "2020-11-23 16:13:31", "elapsed": 5707.97806}}
{"target": 8.061555555555556, "params": {"gamma_fc": 0.0, "beta_enc": 0.9572037600978879, "beta_rec": 0.9528352551182994, "primacy": 0.7}, "datetime": {"delta": 32.897005, "datetime": "2020-11-23 16:14:04", "elapsed": 5740.875065}}
{"target": 8.016444444444444, "params": {"gamma_fc": 0.0, "beta_enc": 0.9488539920541734, "beta_rec": 0.8919081669403455, "primacy": 0.7}, "datetime": {"delta": 33.297928, "datetime": "2020-11-23 16:14:37", "elapsed": 5774.172993}}
{"target": 8.067555555555554, "params": {"gamma_fc": 0.0, "beta_enc": 0.9230213766417161, "beta_rec": 0.9675555631556713, "primacy": 0.7}, "datetime": {"delta": 33.56745, "datetime": "2020-11-23 16:15:11", "elapsed": 5807.740443}}
{"target": 8.052888888888889, "params": {"gamma_fc": 0.035530631799938144, "beta_enc": 0.9350722774132056, "beta_rec": 0.9744599395788799, "primacy": 0.7}, "datetime": {"delta": 33.284973, "datetime": "2020-11-23 16:15:44", "elapsed": 5841.025416}}
{"target": 7.8306666666666676, "params": {"gamma_fc": 0.030009610349657156, "beta_enc": 0.9074969873851878, "beta_rec": 1.0, "primacy": 0.7}, "datetime": {"delta": 32.896055, "datetime": "2020-11-23 16:16:17", "elapsed": 5873.921471}}
{"target": 8.128, "params": {"gamma_fc": 0.08461440133538954, "beta_enc": 0.9338027394222437, "beta_rec": 0.9711571024569186, "primacy": 0.7}, "datetime": {"delta": 33.462206, "datetime": "2020-11-23 16:16:50", "elapsed": 5907.383677}}
{"target": 8.050666666666666, "params": {"gamma_fc": 0.0910964225168471, "beta_enc": 0.9279907112830617, "beta_rec": 0.9960516844435298, "primacy": 0.7}, "datetime": {"delta": 33.428214, "datetime": "2020-11-23 16:17:24", "elapsed": 5940.811891}}
{"target": 8.115777777777778, "params": {"gamma_fc": 0.10592249590325081, "beta_enc": 0.9271006650993504, "beta_rec": 0.9549237154162261, "primacy": 0.7}, "datetime": {"delta": 33.611048, "datetime": "2020-11-23 16:17:58", "elapsed": 5974.422939}}
{"target": 8.091333333333333, "params": {"gamma_fc": 0.06908090348301939, "beta_enc": 0.9565074865052672, "beta_rec": 0.9816066095509872, "primacy": 0.7}, "datetime": {"delta": 33.156178, "datetime": "2020-11-23 16:18:31", "elapsed": 6007.579117}}
{"target": 8.106222222222224, "params": {"gamma_fc": 0.05739814357038464, "beta_enc": 0.9495518065688765, "beta_rec": 0.9560536850791038, "primacy": 0.7}, "datetime": {"delta": 33.118192, "datetime": "2020-11-23 16:19:04", "elapsed": 6040.697309}}
