{"target": 6.668666666666667, "params": {"beta_enc": 0.417022004702574, "primacy": 0.4, "gamma_fc": 0.00011437481734488664, "beta_rec": 0.7203244934421581}, "datetime": {"elapsed": 0.0, "delta": 0.0, "datetime": "2020-11-23 14:39:03"}}
{"target": 7.527333333333333, "params": {"beta_enc": 0.14675589081711304, "primacy": 0.4, "gamma_fc": 0.1862602113776709, "beta_rec": 0.0923385947687978}, "datetime": {"elapsed": 35.658566, "delta": 35.658566, "datetime": "2020-11-23 14:39:39"}}
{"target": 7.242222222222222, "params": {"beta_enc": 0.39676747423066994, "primacy": 0.4, "gamma_fc": 0.4191945144032948, "beta_rec": 0.538816734003357}, "datetime": {"elapsed": 69.930885, "delta": 34.272319, "datetime": "2020-11-23 14:40:13"}}
{"target": 7.1240000000000006, "params": {"beta_enc": 0.20445224973151743, "primacy": 0.4, "gamma_fc": 0.027387593197926163, "beta_rec": 0.8781174363909454}, "datetime": {"elapsed": 103.711142, "delta": 33.780257, "datetime": "2020-11-23 14:40:47"}}
{"target": 7.083777777777779, "params": {"beta_enc": 0.41730480236712697, "primacy": 0.4, "gamma_fc": 0.14038693859523377, "beta_rec": 0.5586898284457517}, "datetime": {"elapsed": 137.441973, "delta": 33.730831, "datetime": "2020-11-23 14:41:20"}}
{"target": 6.855111111111111, "params": {"beta_enc": 0.8007445686755367, "primacy": 0.4, "gamma_fc": 0.31342417815924284, "beta_rec": 0.9682615757193975}, "datetime": {"elapsed": 170.337908, "delta": 32.895935, "datetime": "2020-11-23 14:41:53"}}
{"target": 6.929777777777777, "params": {"beta_enc": 0.8763891522960383, "primacy": 0.4, "gamma_fc": 0.08504421136977791, "beta_rec": 0.8946066635038473}, "datetime": {"elapsed": 203.300222, "delta": 32.962314, "datetime": "2020-11-23 14:42:26"}}
{"target": 7.403555555555556, "params": {"beta_enc": 0.1698304195645689, "primacy": 0.4, "gamma_fc": 0.0983468338330501, "beta_rec": 0.8781425034294131}, "datetime": {"elapsed": 237.92701, "delta": 34.626788, "datetime": "2020-11-23 14:43:01"}}
{"target": 3.8299999999999996, "params": {"beta_enc": 0.9578895301505019, "primacy": 0.4, "gamma_fc": 0.6918771139504734, "beta_rec": 0.5331652849730171}, "datetime": {"elapsed": 262.371016, "delta": 24.444006, "datetime": "2020-11-23 14:43:25"}}
{"target": 6.541555555555556, "params": {"beta_enc": 0.6865009276815837, "primacy": 0.4, "gamma_fc": 0.018288277344191806, "beta_rec": 0.8346256718973729}, "datetime": {"elapsed": 294.850586, "delta": 32.47957, "datetime": "2020-11-23 14:43:58"}}
{"target": 5.2348888888888885, "params": {"beta_enc": 0.9888610889064947, "primacy": 0.4, "gamma_fc": 0.2804439920644052, "beta_rec": 0.7481656543798394}, "datetime": {"elapsed": 323.50137, "delta": 28.650784, "datetime": "2020-11-23 14:44:26"}}
{"target": 7.5153333333333325, "params": {"beta_enc": 0.10322600657764203, "primacy": 0.4, "gamma_fc": 0.9085955030930956, "beta_rec": 0.44789352617590517}, "datetime": {"elapsed": 358.938678, "delta": 35.437308, "datetime": "2020-11-23 14:45:02"}}
{"target": 7.376444444444443, "params": {"beta_enc": 0.28777533858634874, "primacy": 0.4, "gamma_fc": 0.019366957870297075, "beta_rec": 0.13002857211827767}, "datetime": {"elapsed": 394.056396, "delta": 35.117718, "datetime": "2020-11-23 14:45:37"}}
{"target": 7.544666666666667, "params": {"beta_enc": 0.21162811600005904, "primacy": 0.4, "gamma_fc": 0.4915731592803383, "beta_rec": 0.2655466593722262}, "datetime": {"elapsed": 429.652012, "delta": 35.595616, "datetime": "2020-11-23 14:46:13"}}
{"target": 6.388222222222223, "params": {"beta_enc": 0.5741176054920131, "primacy": 0.4, "gamma_fc": 0.5893055369032842, "beta_rec": 0.14672857490581015}, "datetime": {"elapsed": 461.980923, "delta": 32.328911, "datetime": "2020-11-23 14:46:45"}}
{"target": 7.536666666666667, "params": {"beta_enc": 0.10233442882782584, "primacy": 0.4, "gamma_fc": 0.6944001577277451, "beta_rec": 0.4140559878195683}, "datetime": {"elapsed": 497.702356, "delta": 35.721433, "datetime": "2020-11-23 14:47:21"}}
{"target": 7.549333333333334, "params": {"beta_enc": 0.04995345894608716, "primacy": 0.4, "gamma_fc": 0.6637946452197888, "beta_rec": 0.5358964059155116}, "datetime": {"elapsed": 533.341776, "delta": 35.63942, "datetime": "2020-11-23 14:47:56"}}
{"target": 3.567111111111111, "params": {"beta_enc": 0.9445947559908133, "primacy": 0.4, "gamma_fc": 0.9034019152878835, "beta_rec": 0.5865550405019929}, "datetime": {"elapsed": 557.19306, "delta": 23.851284, "datetime": "2020-11-23 14:48:20"}}
{"target": 7.501777777777778, "params": {"beta_enc": 0.13927634725075855, "primacy": 0.4, "gamma_fc": 0.3976768369855336, "beta_rec": 0.8073912887095238}, "datetime": {"elapsed": 592.703349, "delta": 35.510289, "datetime": "2020-11-23 14:48:56"}}
{"target": 4.0137777777777774, "params": {"beta_enc": 0.9275085803960339, "primacy": 0.4, "gamma_fc": 0.7508121031361555, "beta_rec": 0.34776585974550656}, "datetime": {"elapsed": 617.889914, "delta": 25.186565, "datetime": "2020-11-23 14:49:21"}}
{"target": 4.725555555555556, "params": {"beta_enc": 0.8833060912058098, "primacy": 0.4, "gamma_fc": 0.7509424340273372, "beta_rec": 0.6236722070556089}, "datetime": {"elapsed": 645.241823, "delta": 27.351909, "datetime": "2020-11-23 14:49:48"}}
{"target": 7.403777777777778, "params": {"beta_enc": 0.2699278917650261, "primacy": 0.4, "gamma_fc": 0.4280911898712949, "beta_rec": 0.8958862181960668}, "datetime": {"elapsed": 680.444434, "delta": 35.202611, "datetime": "2020-11-23 14:50:23"}}
{"target": 6.633111111111111, "params": {"beta_enc": 0.6634414978184481, "primacy": 0.4, "gamma_fc": 0.11474597295337519, "beta_rec": 0.6216957202091218}, "datetime": {"elapsed": 713.410552, "delta": 32.966118, "datetime": "2020-11-23 14:50:56"}}
{"target": 7.218444444444444, "params": {"beta_enc": 0.4499121334799405, "primacy": 0.4, "gamma_fc": 0.40813680276128117, "beta_rec": 0.5783896143871318}, "datetime": {"elapsed": 748.063992, "delta": 34.65344, "datetime": "2020-11-23 14:51:31"}}
{"target": 5.690222222222222, "params": {"beta_enc": 0.9033795205622538, "primacy": 0.4, "gamma_fc": 0.00287032703115897, "beta_rec": 0.5736794866722859}, "datetime": {"elapsed": 777.823603, "delta": 29.759611, "datetime": "2020-11-23 14:52:01"}}
{"target": 7.431555555555557, "params": {"beta_enc": 0.32664490177209615, "primacy": 0.4, "gamma_fc": 0.8859420993107745, "beta_rec": 0.5270581022576093}, "datetime": {"elapsed": 812.451239, "delta": 34.627636, "datetime": "2020-11-23 14:52:35"}}
{"target": 5.696444444444444, "params": {"beta_enc": 0.9085351509197992, "primacy": 0.4, "gamma_fc": 0.015821242846556283, "beta_rec": 0.6233601157918027}, "datetime": {"elapsed": 842.01587, "delta": 29.564631, "datetime": "2020-11-23 14:53:05"}}
{"target": 6.7333333333333325, "params": {"beta_enc": 0.690896917516924, "primacy": 0.4, "gamma_fc": 0.17234050834532855, "beta_rec": 0.9973228504514805}, "datetime": {"elapsed": 874.684532, "delta": 32.668662, "datetime": "2020-11-23 14:53:38"}}
{"target": 5.9108888888888895, "params": {"beta_enc": 0.9325954630371636, "primacy": 0.4, "gamma_fc": 0.06600017272206249, "beta_rec": 0.6968181614899002}, "datetime": {"elapsed": 904.889459, "delta": 30.204927, "datetime": "2020-11-23 14:54:08"}}
{"target": 6.436, "params": {"beta_enc": 0.7538761884612464, "primacy": 0.4, "gamma_fc": 0.7115247586284718, "beta_rec": 0.9230245355464833}, "datetime": {"elapsed": 936.726399, "delta": 31.83694, "datetime": "2020-11-23 14:54:40"}}
{"target": 7.573555555555555, "params": {"beta_enc": 0.01988013383979559, "primacy": 0.4, "gamma_fc": 0.028306488020794607, "beta_rec": 0.026210986877719278}, "datetime": {"elapsed": 971.833124, "delta": 35.106725, "datetime": "2020-11-23 14:55:15"}}
{"target": 5.230666666666667, "params": {"beta_enc": 0.860027948682888, "primacy": 0.4, "gamma_fc": 0.5528219786857659, "beta_rec": 0.5388310643416528}, "datetime": {"elapsed": 1000.136723, "delta": 28.303599, "datetime": "2020-11-23 14:55:43"}}
{"target": 7.539777777777777, "params": {"beta_enc": 0.12417331511991114, "primacy": 0.4, "gamma_fc": 0.5857592714582879, "beta_rec": 0.2791836790111395}, "datetime": {"elapsed": 1035.431221, "delta": 35.294498, "datetime": "2020-11-23 14:56:18"}}
{"target": 6.1259999999999994, "params": {"beta_enc": 0.56103021925571, "primacy": 0.4, "gamma_fc": 0.8006326726806163, "beta_rec": 0.01864728937294302}, "datetime": {"elapsed": 1067.139246, "delta": 31.708025, "datetime": "2020-11-23 14:56:50"}}
{"target": 5.180666666666666, "params": {"beta_enc": 0.8071051956187791, "primacy": 0.4, "gamma_fc": 0.8635418545594287, "beta_rec": 0.38786064406417176}, "datetime": {"elapsed": 1095.936144, "delta": 28.796898, "datetime": "2020-11-23 14:57:19"}}
{"target": 6.262888888888888, "params": {"beta_enc": 0.5562402339904189, "primacy": 0.4, "gamma_fc": 0.05991768951221166, "beta_rec": 0.13645522566068502}, "datetime": {"elapsed": 1128.071507, "delta": 32.135363, "datetime": "2020-11-23 14:57:51"}}
{"target": 7.551555555555555, "params": {"beta_enc": 0.044551878544761725, "primacy": 0.4, "gamma_fc": 0.2257093386078547, "beta_rec": 0.1074941291060929}, "datetime": {"elapsed": 1163.8889, "delta": 35.817393, "datetime": "2020-11-23 14:58:27"}}
{"target": 6.0391111111111115, "params": {"beta_enc": 0.5597169820541424, "primacy": 0.4, "gamma_fc": 0.07197427968948678, "beta_rec": 0.012555980159115854}, "datetime": {"elapsed": 1195.27002, "delta": 31.38112, "datetime": "2020-11-23 14:58:58"}}
{"target": 6.481555555555555, "params": {"beta_enc": 0.5681004619199421, "primacy": 0.4, "gamma_fc": 0.2523257445703234, "beta_rec": 0.20329323466099047}, "datetime": {"elapsed": 1227.970223, "delta": 32.700203, "datetime": "2020-11-23 14:59:31"}}
{"target": 7.510222222222223, "params": {"beta_enc": 0.1954294811093188, "primacy": 0.4, "gamma_fc": 0.9700199890883123, "beta_rec": 0.5813589272732578}, "datetime": {"elapsed": 1263.525013, "delta": 35.55479, "datetime": "2020-11-23 15:00:06"}}
{"target": 7.495777777777778, "params": {"beta_enc": 0.23984775914758616, "primacy": 0.4, "gamma_fc": 0.6199557183813798, "beta_rec": 0.49376971426872995}, "datetime": {"elapsed": 1299.162423, "delta": 35.63741, "datetime": "2020-11-23 15:00:42"}}
{"target": 7.5424444444444445, "params": {"beta_enc": 0.15679139464608427, "primacy": 0.4, "gamma_fc": 0.07002214371922233, "beta_rec": 0.018576202177409518}, "datetime": {"elapsed": 1334.827966, "delta": 35.665543, "datetime": "2020-11-23 15:01:18"}}
{"target": 6.765333333333333, "params": {"beta_enc": 0.6063294616533303, "primacy": 0.4, "gamma_fc": 0.31736240932216075, "beta_rec": 0.5688514370864813}, "datetime": {"elapsed": 1368.146818, "delta": 33.318852, "datetime": "2020-11-23 15:01:51"}}
{"target": 6.749333333333334, "params": {"beta_enc": 0.5797452192457969, "primacy": 0.4, "gamma_fc": 0.5509482191178968, "beta_rec": 0.3801411726235504}, "datetime": {"elapsed": 1401.511367, "delta": 33.364549, "datetime": "2020-11-23 15:02:24"}}
{"target": 5.944000000000001, "params": {"beta_enc": 0.6692328934531846, "primacy": 0.4, "gamma_fc": 0.06633483442844157, "beta_rec": 0.2649195576628094}, "datetime": {"elapsed": 1432.462741, "delta": 30.951374, "datetime": "2020-11-23 15:02:55"}}
{"target": 6.266888888888889, "params": {"beta_enc": 0.6297175070215645, "primacy": 0.4, "gamma_fc": 0.7527555537388139, "beta_rec": 0.2101740099148396}, "datetime": {"elapsed": 1464.273487, "delta": 31.810746, "datetime": "2020-11-23 15:03:27"}}
{"target": 7.322666666666666, "params": {"beta_enc": 0.26031509857854096, "primacy": 0.4, "gamma_fc": 0.19343428262332774, "beta_rec": 0.8047545637433454}, "datetime": {"elapsed": 1499.226668, "delta": 34.953181, "datetime": "2020-11-23 15:04:02"}}
{"target": 6.995333333333333, "params": {"beta_enc": 0.5246703091237337, "primacy": 0.4, "gamma_fc": 0.263296770487111, "beta_rec": 0.9248079703993507}, "datetime": {"elapsed": 1533.254346, "delta": 34.027678, "datetime": "2020-11-23 15:04:36"}}
{"target": 6.195333333333333, "params": {"beta_enc": 0.7350659632886695, "primacy": 0.4, "gamma_fc": 0.907815852503524, "beta_rec": 0.7721780295432468}, "datetime": {"elapsed": 1564.788795, "delta": 31.534449, "datetime": "2020-11-23 15:05:08"}}
{"target": 7.540000000000001, "params": {"beta_enc": 0.013951572975597015, "primacy": 0.4, "gamma_fc": 0.6167783570016576, "beta_rec": 0.2343620861214205}, "datetime": {"elapsed": 1600.307464, "delta": 35.518669, "datetime": "2020-11-23 15:05:43"}}
{"target": 3.5153333333333334, "params": {"beta_enc": 0.9501761192470797, "primacy": 0.4, "gamma_fc": 0.9156063497662745, "beta_rec": 0.5566531881951564}, "datetime": {"elapsed": 1623.950392, "delta": 23.642928, "datetime": "2020-11-23 15:06:07"}}
{"target": 7.333111111111111, "params": {"beta_enc": 0.39000771414124624, "primacy": 0.4, "gamma_fc": 0.6043104829199732, "beta_rec": 0.48599066709690975}, "datetime": {"elapsed": 1658.559961, "delta": 34.609569, "datetime": "2020-11-23 15:06:41"}}
{"target": 6.466666666666667, "params": {"beta_enc": 0.9261814267064536, "primacy": 0.4, "gamma_fc": 0.3948756129235549, "beta_rec": 0.9187334356336061}, "datetime": {"elapsed": 1690.280114, "delta": 31.720153, "datetime": "2020-11-23 15:07:13"}}
{"target": 7.521777777777777, "params": {"beta_enc": 0.17395566668046436, "primacy": 0.4, "gamma_fc": 0.13507915804673132, "beta_rec": 0.12632951943963733}, "datetime": {"elapsed": 1725.197675, "delta": 34.917561, "datetime": "2020-11-23 15:07:48"}}
{"target": 7.530222222222223, "params": {"beta_enc": 0.021524805274197978, "primacy": 0.4, "gamma_fc": 0.8271154711707325, "beta_rec": 0.947970211217681}, "datetime": {"elapsed": 1760.224359, "delta": 35.026684, "datetime": "2020-11-23 15:08:23"}}
{"target": 7.482000000000001, "params": {"beta_enc": 0.17619625557505525, "primacy": 0.4, "gamma_fc": 0.1309968448109169, "beta_rec": 0.332063574366837}, "datetime": {"elapsed": 1794.955234, "delta": 34.730875, "datetime": "2020-11-23 15:08:58"}}
{"target": 7.450888888888889, "params": {"beta_enc": 0.34473665268329345, "primacy": 0.4, "gamma_fc": 0.58201417994708, "beta_rec": 0.9401074823333672}, "datetime": {"elapsed": 1830.488645, "delta": 35.533411, "datetime": "2020-11-23 15:09:33"}}
{"target": 6.461333333333333, "params": {"beta_enc": 0.8447344453922219, "primacy": 0.4, "gamma_fc": 0.45988026581680697, "beta_rec": 0.9053923187086492}, "datetime": {"elapsed": 1862.848786, "delta": 32.360141, "datetime": "2020-11-23 15:10:06"}}
{"target": 5.262888888888889, "params": {"beta_enc": 0.7986035911520394, "primacy": 0.4, "gamma_fc": 0.4902535226199277, "beta_rec": 0.28571885173414757}, "datetime": {"elapsed": 1891.917576, "delta": 29.06879, "datetime": "2020-11-23 15:10:35"}}
{"target": 7.538444444444444, "params": {"beta_enc": 0.015533275550835723, "primacy": 0.4, "gamma_fc": 0.4336763489894583, "beta_rec": 0.5934814081966372}, "datetime": {"elapsed": 1927.486761, "delta": 35.569185, "datetime": "2020-11-23 15:11:10"}}
{"target": 7.425777777777777, "params": {"beta_enc": 0.31524480309537295, "primacy": 0.4, "gamma_fc": 0.5778572152845355, "beta_rec": 0.8928887085251513}, "datetime": {"elapsed": 1962.836188, "delta": 35.349427, "datetime": "2020-11-23 15:11:46"}}
{"target": 6.35, "params": {"beta_enc": 0.7879292338255043, "primacy": 0.4, "gamma_fc": 0.053909272073752956, "beta_rec": 0.6120311770449339}, "datetime": {"elapsed": 1995.00226, "delta": 32.166072, "datetime": "2020-11-23 15:12:18"}}
{"target": 6.234444444444444, "params": {"beta_enc": 0.6790688365654296, "primacy": 0.4, "gamma_fc": 0.00040202489135743313, "beta_rec": 0.9186017779775258}, "datetime": {"elapsed": 2026.730547, "delta": 31.728287, "datetime": "2020-11-23 15:12:50"}}
{"target": 7.365555555555555, "params": {"beta_enc": 0.37658031474577447, "primacy": 0.4, "gamma_fc": 0.604716100974053, "beta_rec": 0.9737835383583225}, "datetime": {"elapsed": 2061.783899, "delta": 35.053352, "datetime": "2020-11-23 15:13:25"}}
{"target": 6.902888888888889, "params": {"beta_enc": 0.5747115047081023, "primacy": 0.4, "gamma_fc": 0.28557628169569393, "beta_rec": 0.6280761983073504}, "datetime": {"elapsed": 2095.522115, "delta": 33.738216, "datetime": "2020-11-23 15:13:58"}}
{"target": 6.330222222222222, "params": {"beta_enc": 0.7500217637026599, "primacy": 0.4, "gamma_fc": 0.7550821884676802, "beta_rec": 0.8583138364290424}, "datetime": {"elapsed": 2127.567685, "delta": 32.04557, "datetime": "2020-11-23 15:14:30"}}
{"target": 4.746666666666667, "params": {"beta_enc": 0.8644794300545998, "primacy": 0.4, "gamma_fc": 0.6707887907875872, "beta_rec": 0.32268099683674645}, "datetime": {"elapsed": 2154.837145, "delta": 27.26946, "datetime": "2020-11-23 15:14:58"}}
{"target": 7.297777777777779, "params": {"beta_enc": 0.3821027520315172, "primacy": 0.4, "gamma_fc": 0.4014795834695406, "beta_rec": 0.4108113499221856}, "datetime": {"elapsed": 2189.466935, "delta": 34.62979, "datetime": "2020-11-23 15:15:32"}}
{"target": 6.563555555555555, "params": {"beta_enc": 0.6219193679203014, "primacy": 0.4, "gamma_fc": 0.9738020779272523, "beta_rec": 0.43024727082126435}, "datetime": {"elapsed": 2222.267522, "delta": 32.800587, "datetime": "2020-11-23 15:16:05"}}
{"target": 7.474888888888889, "params": {"beta_enc": 0.19856988842711087, "primacy": 0.4, "gamma_fc": 0.343346239774423, "beta_rec": 0.4267010093480328}, "datetime": {"elapsed": 2257.204138, "delta": 34.936616, "datetime": "2020-11-23 15:16:40"}}
{"target": 5.508, "params": {"beta_enc": 0.8799982885634318, "primacy": 0.4, "gamma_fc": 0.6627198123752622, "beta_rec": 0.903841955826372}, "datetime": {"elapsed": 2286.412315, "delta": 29.208177, "datetime": "2020-11-23 15:17:09"}}
{"target": 7.4657777777777765, "params": {"beta_enc": 0.25236670150458973, "primacy": 0.4, "gamma_fc": 0.5277146463087466, "beta_rec": 0.8548979426974024}, "datetime": {"elapsed": 2321.219108, "delta": 34.806793, "datetime": "2020-11-23 15:17:44"}}
{"target": 6.9944444444444445, "params": {"beta_enc": 0.5724885171916063, "primacy": 0.4, "gamma_fc": 0.5190116274640558, "beta_rec": 0.7331425252875111}, "datetime": {"elapsed": 2354.626292, "delta": 33.407184, "datetime": "2020-11-23 15:18:18"}}
{"target": 6.81288888888889, "params": {"beta_enc": 0.5688579907047155, "primacy": 0.4, "gamma_fc": 0.3426889079532818, "beta_rec": 0.4657098785919809}, "datetime": {"elapsed": 2387.539383, "delta": 32.913091, "datetime": "2020-11-23 15:18:50"}}
{"target": 7.178, "params": {"beta_enc": 0.37792417932809985, "primacy": 0.4, "gamma_fc": 0.982817113730445, "beta_rec": 0.07962607769825236}, "datetime": {"elapsed": 2421.479578, "delta": 33.940195, "datetime": "2020-11-23 15:19:24"}}
{"target": 6.027333333333333, "params": {"beta_enc": 0.8118586977205398, "primacy": 0.4, "gamma_fc": 0.6884132523859433, "beta_rec": 0.8749616449558981}, "datetime": {"elapsed": 2452.057998, "delta": 30.57842, "datetime": "2020-11-23 15:19:55"}}
{"target": 7.503777777777778, "params": {"beta_enc": 0.16097143681560877, "primacy": 0.4, "gamma_fc": 0.345172051155215, "beta_rec": 0.4668800227633063}, "datetime": {"elapsed": 2487.006176, "delta": 34.948178, "datetime": "2020-11-23 15:20:30"}}
{"target": 6.629333333333333, "params": {"beta_enc": 0.5925118687657968, "primacy": 0.4, "gamma_fc": 0.9163055534683507, "beta_rec": 0.31226983770191696}, "datetime": {"elapsed": 2519.47104, "delta": 32.464864, "datetime": "2020-11-23 15:21:02"}}
{"target": 7.386444444444445, "params": {"beta_enc": 0.2571182937821962, "primacy": 0.4, "gamma_fc": 0.19296273201911285, "beta_rec": 0.1108913007440292}, "datetime": {"elapsed": 2554.070697, "delta": 34.599657, "datetime": "2020-11-23 15:21:37"}}
{"target": 5.584666666666666, "params": {"beta_enc": 0.7285856679745962, "primacy": 0.4, "gamma_fc": 0.24803355837723073, "beta_rec": 0.20819443840879148}, "datetime": {"elapsed": 2583.543161, "delta": 29.472464, "datetime": "2020-11-23 15:22:06"}}
{"target": 7.107777777777779, "params": {"beta_enc": 0.41584871826752734, "primacy": 0.4, "gamma_fc": 0.23366613923925006, "beta_rec": 0.6166850671552362}, "datetime": {"elapsed": 2617.345868, "delta": 33.802707, "datetime": "2020-11-23 15:22:40"}}
{"target": 6.899777777777777, "params": {"beta_enc": 0.5158570169685298, "primacy": 0.4, "gamma_fc": 0.15267164409316325, "beta_rec": 0.47714098704978236}, "datetime": {"elapsed": 2650.581391, "delta": 33.235523, "datetime": "2020-11-23 15:23:14"}}
{"target": 6.903111111111111, "params": {"beta_enc": 0.5440101188139381, "primacy": 0.4, "gamma_fc": 0.1445455401246598, "beta_rec": 0.6541373469707443}, "datetime": {"elapsed": 2683.84565, "delta": 33.264259, "datetime": "2020-11-23 15:23:47"}}
{"target": 7.487777777777777, "params": {"beta_enc": 0.2220491397999227, "primacy": 0.4, "gamma_fc": 0.7852960282216189, "beta_rec": 0.519351824366033}, "datetime": {"elapsed": 2718.794842, "delta": 34.949192, "datetime": "2020-11-23 15:24:22"}}
{"target": 7.423333333333334, "params": {"beta_enc": 0.3243624597261865, "primacy": 0.4, "gamma_fc": 0.8447096076020696, "beta_rec": 0.872922376400111}, "datetime": {"elapsed": 2753.543065, "delta": 34.748223, "datetime": "2020-11-23 15:24:56"}}
{"target": 5.248444444444445, "params": {"beta_enc": 0.866608274166513, "primacy": 0.4, "gamma_fc": 0.8264069976293413, "beta_rec": 0.9498059913536265}, "datetime": {"elapsed": 2782.027333, "delta": 28.484268, "datetime": "2020-11-23 15:25:25"}}
{"target": 7.51, "params": {"beta_enc": 0.09874340182034835, "primacy": 0.4, "gamma_fc": 0.703516988152653, "beta_rec": 0.651304332340991}, "datetime": {"elapsed": 2817.110317, "delta": 35.082984, "datetime": "2020-11-23 15:26:00"}}
{"target": 4.426444444444444, "params": {"beta_enc": 0.799615261736028, "primacy": 0.4, "gamma_fc": 0.7702387345549799, "beta_rec": 0.03457121987163425}, "datetime": {"elapsed": 2843.071098, "delta": 25.960781, "datetime": "2020-11-23 15:26:26"}}
{"target": 7.460222222222223, "params": {"beta_enc": 0.2596983932983531, "primacy": 0.4, "gamma_fc": 0.6323033174301278, "beta_rec": 0.2570692988221467}, "datetime": {"elapsed": 2877.787684, "delta": 34.716586, "datetime": "2020-11-23 15:27:01"}}
