{"target": 10.020833333333334, "params": {"gamma_cf": 0.9824909449748953, "beta_enc": 0.4069219941293579, "beta_rec": 0.9752223424373121, "cue_position": 1.0, "gamma_fc": 0.6363061258559836}, "datetime": {"delta": 25.483442, "datetime": "2020-06-24 18:12:50", "elapsed": 3492.365039}}
{"target": 9.104166666666666, "params": {"gamma_cf": 0.25203308013083936, "beta_enc": 0.375091018393911, "beta_rec": 0.8574844990835966, "cue_position": 1.0, "gamma_fc": 0.7928556779768876}, "datetime": {"delta": 23.879684, "datetime": "2020-06-24 18:13:14", "elapsed": 3516.244723}}
{"target": 9.579166666666667, "params": {"gamma_cf": 0.6973688756131394, "beta_enc": 0.43293850873416306, "beta_rec": 0.3575111673304414, "cue_position": 1.0, "gamma_fc": 0.26865012390622656}, "datetime": {"delta": 24.837909, "datetime": "2020-06-24 18:13:39", "elapsed": 3541.082632}}
{"target": 6.825, "params": {"gamma_cf": 0.4879214918052024, "beta_enc": 0.8082780137053801, "beta_rec": 0.2952887943998478, "cue_position": 1.0, "gamma_fc": 0.8553564125953698}, "datetime": {"delta": 20.406629, "datetime": "2020-06-24 18:13:59", "elapsed": 3561.489261}}
{"target": 3.5708333333333333, "params": {"gamma_cf": 0.8982050460171371, "beta_enc": 0.8883864343953859, "beta_rec": 0.18438444236776674, "cue_position": 1.0, "gamma_fc": 0.4461172190344297}, "datetime": {"delta": 14.430457, "datetime": "2020-06-24 18:14:14", "elapsed": 3575.919718}}
{"target": 3.9125, "params": {"gamma_cf": 0.6824537097668154, "beta_enc": 0.9218683054838154, "beta_rec": 0.2789908904569709, "cue_position": 1.0, "gamma_fc": 0.2282057333504841}, "datetime": {"delta": 15.12369, "datetime": "2020-06-24 18:14:29", "elapsed": 3591.043408}}
{"target": 10.141666666666667, "params": {"gamma_cf": 0.34302810983040655, "beta_enc": 0.013767512557716799, "beta_rec": 0.4167239623706961, "cue_position": 1.0, "gamma_fc": 0.7797442954825999}, "datetime": {"delta": 26.568609, "datetime": "2020-06-24 18:14:56", "elapsed": 3617.612017}}
{"target": 10.104166666666666, "params": {"gamma_cf": 0.716770814146376, "beta_enc": 0.17473631282740743, "beta_rec": 0.34195283630245243, "cue_position": 1.0, "gamma_fc": 0.6993076236968142}, "datetime": {"delta": 26.7742, "datetime": "2020-06-24 18:15:22", "elapsed": 3644.386217}}
{"target": 7.008333333333334, "params": {"gamma_cf": 0.22729754091594956, "beta_enc": 0.6884973179489188, "beta_rec": 0.25339603448629966, "cue_position": 1.0, "gamma_fc": 0.4246491159313397}, "datetime": {"delta": 21.276092, "datetime": "2020-06-24 18:15:44", "elapsed": 3665.662309}}
{"target": 9.75, "params": {"gamma_cf": 0.6316466268659396, "beta_enc": 0.37192212166768723, "beta_rec": 0.3553079116201222, "cue_position": 1.0, "gamma_fc": 0.7073166026816995}, "datetime": {"delta": 26.610187, "datetime": "2020-06-24 18:16:10", "elapsed": 3692.272496}}
{"target": 7.708333333333333, "params": {"gamma_cf": 0.14944679893886248, "beta_enc": 0.6135886945028356, "beta_rec": 0.6483127561631246, "cue_position": 1.0, "gamma_fc": 0.5141750435258828}, "datetime": {"delta": 23.097007, "datetime": "2020-06-24 18:16:33", "elapsed": 3715.369503}}
{"target": 5.520833333333333, "params": {"gamma_cf": 0.42893233402990294, "beta_enc": 0.8753327263545391, "beta_rec": 0.18395344154722204, "cue_position": 1.0, "gamma_fc": 0.4972891859195163}, "datetime": {"delta": 18.865228, "datetime": "2020-06-24 18:16:52", "elapsed": 3734.234731}}
{"target": 10.3125, "params": {"gamma_cf": 0.844526943229479, "beta_enc": 0.16151077048601192, "beta_rec": 0.34244064113481054, "cue_position": 1.0, "gamma_fc": 0.8003322457764017}, "datetime": {"delta": 27.811646, "datetime": "2020-06-24 18:17:20", "elapsed": 3762.046377}}
{"target": 9.008333333333333, "params": {"gamma_cf": 0.5096132942175586, "beta_enc": 0.4266391582681436, "beta_rec": 0.6070154607890389, "cue_position": 1.0, "gamma_fc": 0.29694708578690454}, "datetime": {"delta": 25.564926, "datetime": "2020-06-24 18:17:46", "elapsed": 3787.611303}}
{"target": 6.241666666666666, "params": {"gamma_cf": 0.12475130006917923, "beta_enc": 0.8596509535692011, "beta_rec": 0.6715983809063899, "cue_position": 1.0, "gamma_fc": 0.4705878794988857}, "datetime": {"delta": 20.001163, "datetime": "2020-06-24 18:18:06", "elapsed": 3807.612466}}
{"target": 5.395833333333333, "params": {"gamma_cf": 0.15172487103197363, "beta_enc": 0.9865727795868815, "beta_rec": 0.9482991740726651, "cue_position": 1.0, "gamma_fc": 0.639126848719905}, "datetime": {"delta": 18.343057, "datetime": "2020-06-24 18:18:24", "elapsed": 3825.955523}}
{"target": 8.5, "params": {"gamma_cf": 0.5992697556580301, "beta_enc": 0.5656621125439275, "beta_rec": 0.468665837661252, "cue_position": 1.0, "gamma_fc": 0.8499698885159654}, "datetime": {"delta": 24.146224, "datetime": "2020-06-24 18:18:48", "elapsed": 3850.101747}}
{"target": 7.7375, "params": {"gamma_cf": 0.06473998344154885, "beta_enc": 0.7511210403719374, "beta_rec": 0.579360540297233, "cue_position": 1.0, "gamma_fc": 0.9913465087318091}, "datetime": {"delta": 22.610396, "datetime": "2020-06-24 18:19:11", "elapsed": 3872.712143}}
{"target": 8.9, "params": {"gamma_cf": 0.10750887618516769, "beta_enc": 0.05299454266798953, "beta_rec": 0.19949554613856135, "cue_position": 1.0, "gamma_fc": 0.6236704109977018}, "datetime": {"delta": 24.414897, "datetime": "2020-06-24 18:19:35", "elapsed": 3897.12704}}
{"target": 10.179166666666667, "params": {"gamma_cf": 0.7035193311050811, "beta_enc": 0.047992564048867314, "beta_rec": 0.28462388100694214, "cue_position": 1.0, "gamma_fc": 0.668456167589482}, "datetime": {"delta": 26.74066, "datetime": "2020-06-24 18:20:02", "elapsed": 3923.8677}}
{"target": 9.204166666666667, "params": {"gamma_cf": 0.34037929076546725, "beta_enc": 0.3785805932506022, "beta_rec": 0.1881942600298212, "cue_position": 1.0, "gamma_fc": 0.7953011674056428}, "datetime": {"delta": 25.289289, "datetime": "2020-06-24 18:20:27", "elapsed": 3949.156989}}
{"target": 9.2375, "params": {"gamma_cf": 0.6442320198790318, "beta_enc": 0.4879009391796203, "beta_rec": 0.5256694443509794, "cue_position": 1.0, "gamma_fc": 0.3506565024321674}, "datetime": {"delta": 25.383798, "datetime": "2020-06-24 18:20:52", "elapsed": 3974.540787}}
{"target": 9.854166666666666, "params": {"gamma_cf": 0.46978904008636024, "beta_enc": 0.2292050272920657, "beta_rec": 0.4338833762117006, "cue_position": 1.0, "gamma_fc": 0.9794833541798064}, "datetime": {"delta": 26.591533, "datetime": "2020-06-24 18:21:19", "elapsed": 4001.13232}}
{"target": 9.775, "params": {"gamma_cf": 0.8891310891074828, "beta_enc": 0.36437807036823044, "beta_rec": 0.7744101333360395, "cue_position": 1.0, "gamma_fc": 0.354952851149572}, "datetime": {"delta": 26.544254, "datetime": "2020-06-24 18:21:46", "elapsed": 4027.676574}}
{"target": 10.008333333333333, "params": {"gamma_cf": 0.9507534280610023, "beta_enc": 0.24551868018650747, "beta_rec": 0.9110192396569683, "cue_position": 1.0, "gamma_fc": 0.5564069156709253}, "datetime": {"delta": 27.144639, "datetime": "2020-06-24 18:22:13", "elapsed": 4054.821213}}
{"target": 7.291666666666667, "params": {"gamma_cf": 0.5167063597676121, "beta_enc": 0.3763632166870875, "beta_rec": 0.9950523223391111, "cue_position": 1.0, "gamma_fc": 0.03109707545554785}, "datetime": {"delta": 22.252513, "datetime": "2020-06-24 18:22:35", "elapsed": 4077.073726}}
{"target": 7.266666666666667, "params": {"gamma_cf": 0.9809236757505815, "beta_enc": 0.5711757391862334, "beta_rec": 0.18046850899511557, "cue_position": 1.0, "gamma_fc": 0.8749025512123809}, "datetime": {"delta": 22.497371, "datetime": "2020-06-24 18:22:57", "elapsed": 4099.571097}}
{"target": 9.4375, "params": {"gamma_cf": 0.4948430841825636, "beta_enc": 0.45183624942087064, "beta_rec": 0.7084608700517172, "cue_position": 1.0, "gamma_fc": 0.5285334901775651}, "datetime": {"delta": 26.991045, "datetime": "2020-06-24 18:23:24", "elapsed": 4126.562142}}
{"target": 10.029166666666667, "params": {"gamma_cf": 0.7268937533445626, "beta_enc": 0.1507843983721926, "beta_rec": 0.36939992561190627, "cue_position": 1.0, "gamma_fc": 0.4770129944022632}, "datetime": {"delta": 28.2494, "datetime": "2020-06-24 18:23:53", "elapsed": 4154.811542}}
{"target": 8.508333333333333, "params": {"gamma_cf": 0.4090908319168599, "beta_enc": 0.44887883670676554, "beta_rec": 0.8859979711653513, "cue_position": 1.0, "gamma_fc": 0.26889202221264585}, "datetime": {"delta": 25.227003, "datetime": "2020-06-24 18:24:18", "elapsed": 4180.038545}}
{"target": 8.820833333333333, "params": {"gamma_cf": 0.29115394055242805, "beta_enc": 0.07201203516976995, "beta_rec": 0.4181361337253158, "cue_position": 1.0, "gamma_fc": 0.5035095098483965}, "datetime": {"delta": 25.694386, "datetime": "2020-06-24 18:24:44", "elapsed": 4205.732931}}
{"target": 3.933333333333333, "params": {"gamma_cf": 0.49993237109919997, "beta_enc": 0.9659330650197223, "beta_rec": 0.10938291419358459, "cue_position": 1.0, "gamma_fc": 0.777098229275783}, "datetime": {"delta": 16.273648, "datetime": "2020-06-24 18:25:00", "elapsed": 4222.006579}}
{"target": 10.420833333333333, "params": {"gamma_cf": 0.7969622519799001, "beta_enc": 0.14360699787420927, "beta_rec": 0.08320263643587555, "cue_position": 1.0, "gamma_fc": 0.1916757389098901}, "datetime": {"delta": 29.289295, "datetime": "2020-06-24 18:25:29", "elapsed": 4251.295874}}
{"target": 6.291666666666667, "params": {"gamma_cf": 0.016715589077006432, "beta_enc": 0.767777192147274, "beta_rec": 0.2902979970618682, "cue_position": 1.0, "gamma_fc": 0.3986590599223787}, "datetime": {"delta": 21.042525, "datetime": "2020-06-24 18:25:50", "elapsed": 4272.338399}}
{"target": 6.25, "params": {"gamma_cf": 0.15260398704227185, "beta_enc": 0.38108149129345237, "beta_rec": 0.6593449361953647, "cue_position": 1.0, "gamma_fc": 0.016575882900934147}, "datetime": {"delta": 20.869833, "datetime": "2020-06-24 18:26:11", "elapsed": 4293.208232}}
{"target": 9.041666666666666, "params": {"gamma_cf": 0.32102631416731586, "beta_enc": 0.11379635644740682, "beta_rec": 0.6517892760100904, "cue_position": 1.0, "gamma_fc": 0.5579119942437725}, "datetime": {"delta": 26.345124, "datetime": "2020-06-24 18:26:37", "elapsed": 4319.553356}}
{"target": 1.575, "params": {"gamma_cf": 0.9182585891320579, "beta_enc": 0.9934604630998499, "beta_rec": 0.8344865140180296, "cue_position": 1.0, "gamma_fc": 0.03972870668308481}, "datetime": {"delta": 11.595667, "datetime": "2020-06-24 18:26:49", "elapsed": 4331.149023}}
{"target": 10.370833333333334, "params": {"gamma_cf": 0.9372520621284489, "beta_enc": 0.07033344161552524, "beta_rec": 0.4740062899880546, "cue_position": 1.0, "gamma_fc": 0.48956496114516856}, "datetime": {"delta": 29.010244, "datetime": "2020-06-24 18:27:18", "elapsed": 4360.159267}}
{"target": 9.1875, "params": {"gamma_cf": 0.8770343892703519, "beta_enc": 0.5396491100933506, "beta_rec": 0.8952603657312208, "cue_position": 1.0, "gamma_fc": 0.25358174937162836}, "datetime": {"delta": 26.437383, "datetime": "2020-06-24 18:27:44", "elapsed": 4386.59665}}
{"target": 8.7125, "params": {"gamma_cf": 0.22012867402698122, "beta_enc": 0.27380970415810857, "beta_rec": 0.32836139008759013, "cue_position": 1.0, "gamma_fc": 0.6714291710812733}, "datetime": {"delta": 25.295719, "datetime": "2020-06-24 18:28:10", "elapsed": 4411.892369}}
{"target": 8.933333333333334, "params": {"gamma_cf": 0.23686870355699852, "beta_enc": 0.1427932828030004, "beta_rec": 0.09410027449963942, "cue_position": 1.0, "gamma_fc": 0.3860040110225955}, "datetime": {"delta": 25.615984, "datetime": "2020-06-24 18:28:35", "elapsed": 4437.508353}}
{"target": 8.354166666666666, "params": {"gamma_cf": 0.8741259355980283, "beta_enc": 0.5715420927253323, "beta_rec": 0.52580196995147, "cue_position": 1.0, "gamma_fc": 0.9511356184186921}, "datetime": {"delta": 24.454896, "datetime": "2020-06-24 18:29:00", "elapsed": 4461.963249}}
{"target": 6.441666666666666, "params": {"gamma_cf": 0.3394167240176095, "beta_enc": 0.8125073041746718, "beta_rec": 0.2838018349468743, "cue_position": 1.0, "gamma_fc": 0.5546673107876667}, "datetime": {"delta": 20.836396, "datetime": "2020-06-24 18:29:21", "elapsed": 4482.799645}}
{"target": 4.729166666666667, "params": {"gamma_cf": 0.3259672073089859, "beta_enc": 0.9744034689130026, "beta_rec": 0.3117029177189814, "cue_position": 1.0, "gamma_fc": 0.7744772660150796}, "datetime": {"delta": 17.363133, "datetime": "2020-06-24 18:29:38", "elapsed": 4500.162778}}
{"target": 10.079166666666667, "params": {"gamma_cf": 0.7626320954451107, "beta_enc": 0.3258099666132048, "beta_rec": 0.889827341447375, "cue_position": 1.0, "gamma_fc": 0.46947902855992574}, "datetime": {"delta": 27.885814, "datetime": "2020-06-24 18:30:06", "elapsed": 4528.048592}}
{"target": 8.654166666666667, "params": {"gamma_cf": 0.03711266449399442, "beta_enc": 0.21076450246870537, "beta_rec": 0.041475079576498874, "cue_position": 1.0, "gamma_fc": 0.6938554113738997}, "datetime": {"delta": 25.203503, "datetime": "2020-06-24 18:30:31", "elapsed": 4553.252095}}
{"target": 7.183333333333334, "params": {"gamma_cf": 0.5360084947395637, "beta_enc": 0.6703500319361684, "beta_rec": 0.430471782744975, "cue_position": 1.0, "gamma_fc": 0.03985992663545257}, "datetime": {"delta": 22.337989, "datetime": "2020-06-24 18:30:53", "elapsed": 4575.590084}}
{"target": 8.429166666666667, "params": {"gamma_cf": 0.05231294643747675, "beta_enc": 0.13479311796067905, "beta_rec": 0.19341639901491836, "cue_position": 1.0, "gamma_fc": 0.6051167805003662}, "datetime": {"delta": 24.965471, "datetime": "2020-06-24 18:31:18", "elapsed": 4600.555555}}
{"target": 9.379166666666666, "params": {"gamma_cf": 0.8477004682374377, "beta_enc": 0.5120610275239188, "beta_rec": 0.6174610120171561, "cue_position": 1.0, "gamma_fc": 0.4540590560591513}, "datetime": {"delta": 26.99667, "datetime": "2020-06-24 18:31:45", "elapsed": 4627.552225}}
{"target": 10.4, "params": {"gamma_cf": 0.823003040648471, "beta_enc": 0.015403519791920894, "beta_rec": 0.8730681484470995, "cue_position": 1.0, "gamma_fc": 0.9517756930338517}, "datetime": {"delta": 29.244183, "datetime": "2020-06-24 18:32:15", "elapsed": 4656.796408}}
{"target": 10.116666666666667, "params": {"gamma_cf": 0.4216578860324509, "beta_enc": 0.050912383516887205, "beta_rec": 0.23507186409101455, "cue_position": 1.0, "gamma_fc": 0.863829145501452}, "datetime": {"delta": 28.636996, "datetime": "2020-06-24 18:32:43", "elapsed": 4685.433404}}
{"target": 10.566666666666666, "params": {"gamma_cf": 0.7728856021671178, "beta_enc": 0.0816239827150681, "beta_rec": 0.4731119528858785, "cue_position": 1.0, "gamma_fc": 0.8414221567958434}, "datetime": {"delta": 29.441071, "datetime": "2020-06-24 18:33:13", "elapsed": 4714.874475}}
{"target": 10.0375, "params": {"gamma_cf": 0.9524737816932592, "beta_enc": 0.04329093818615859, "beta_rec": 0.48644074317039476, "cue_position": 1.0, "gamma_fc": 0.9438926277837961}, "datetime": {"delta": 28.322186, "datetime": "2020-06-24 18:33:41", "elapsed": 4743.196661}}
{"target": 9.2375, "params": {"gamma_cf": 0.8978507176676818, "beta_enc": 0.6139340023847009, "beta_rec": 0.9734873973251963, "cue_position": 1.0, "gamma_fc": 0.4345949734085095}, "datetime": {"delta": 26.748562, "datetime": "2020-06-24 18:34:08", "elapsed": 4769.945223}}
{"target": 8.504166666666666, "params": {"gamma_cf": 0.06491158533912933, "beta_enc": 0.23581463714751372, "beta_rec": 0.9408279632013994, "cue_position": 1.0, "gamma_fc": 0.8704248568230661}, "datetime": {"delta": 25.427867, "datetime": "2020-06-24 18:34:33", "elapsed": 4795.37309}}
{"target": 7.620833333333334, "params": {"gamma_cf": 0.2534390424997808, "beta_enc": 0.7013802946333463, "beta_rec": 0.6049268729742817, "cue_position": 1.0, "gamma_fc": 0.6004889552745444}, "datetime": {"delta": 23.744312, "datetime": "2020-06-24 18:34:57", "elapsed": 4819.117402}}
{"target": 4.466666666666667, "params": {"gamma_cf": 0.8424458099564136, "beta_enc": 0.8146191812616553, "beta_rec": 0.05411366032399989, "cue_position": 1.0, "gamma_fc": 0.6183458693278855}, "datetime": {"delta": 17.465615, "datetime": "2020-06-24 18:35:14", "elapsed": 4836.583017}}
{"target": 8.295833333333333, "params": {"gamma_cf": 0.8726861649194619, "beta_enc": 0.531287810481058, "beta_rec": 0.2482907289970986, "cue_position": 1.0, "gamma_fc": 0.42166593484970927}, "datetime": {"delta": 24.798972, "datetime": "2020-06-24 18:35:39", "elapsed": 4861.381989}}
{"target": 10.2625, "params": {"gamma_cf": 0.8262275354923914, "beta_enc": 0.0644302555796068, "beta_rec": 0.8969850695075825, "cue_position": 1.0, "gamma_fc": 0.8817706230828073}, "datetime": {"delta": 28.516537, "datetime": "2020-06-24 18:36:08", "elapsed": 4889.898526}}
{"target": 9.408333333333333, "params": {"gamma_cf": 0.624821294185499, "beta_enc": 0.48675074481833813, "beta_rec": 0.5984646931046363, "cue_position": 1.0, "gamma_fc": 0.8550417213473515}, "datetime": {"delta": 26.970363, "datetime": "2020-06-24 18:36:35", "elapsed": 4916.868889}}
{"target": 6.975, "params": {"gamma_cf": 0.11510304096690338, "beta_enc": 0.2821394484048606, "beta_rec": 0.8837555081806009, "cue_position": 1.0, "gamma_fc": 0.22700116521465796}, "datetime": {"delta": 21.904235, "datetime": "2020-06-24 18:36:57", "elapsed": 4938.773124}}
{"target": 8.1875, "params": {"gamma_cf": 0.16184771412383514, "beta_enc": 0.5959823856130138, "beta_rec": 0.23944623690468037, "cue_position": 1.0, "gamma_fc": 0.8448725182357391}, "datetime": {"delta": 24.329754, "datetime": "2020-06-24 18:37:21", "elapsed": 4963.102878}}
{"target": 8.675, "params": {"gamma_cf": 0.5956250981349497, "beta_enc": 0.6021836538927108, "beta_rec": 0.9635670871883419, "cue_position": 1.0, "gamma_fc": 0.5989852889734197}, "datetime": {"delta": 25.46373, "datetime": "2020-06-24 18:37:46", "elapsed": 4988.566608}}
{"target": 6.183333333333334, "params": {"gamma_cf": 0.9482094981876252, "beta_enc": 0.6157042872039488, "beta_rec": 0.05917720718572239, "cue_position": 1.0, "gamma_fc": 0.5346790571795887}, "datetime": {"delta": 20.705891, "datetime": "2020-06-24 18:38:07", "elapsed": 5009.272499}}
{"target": 9.795833333333333, "params": {"gamma_cf": 0.32825610365078084, "beta_enc": 0.1925560209550684, "beta_rec": 0.7529259149799422, "cue_position": 1.0, "gamma_fc": 0.9176063476443932}, "datetime": {"delta": 27.356568, "datetime": "2020-06-24 18:38:35", "elapsed": 5036.629067}}
{"target": 8.845833333333333, "params": {"gamma_cf": 0.822578152523871, "beta_enc": 0.5883673328938768, "beta_rec": 0.8551902839041353, "cue_position": 1.0, "gamma_fc": 0.8794835234293169}, "datetime": {"delta": 25.445343, "datetime": "2020-06-24 18:39:00", "elapsed": 5062.07441}}
{"target": 8.933333333333334, "params": {"gamma_cf": 0.44034708683123824, "beta_enc": 0.3209863745244532, "beta_rec": 0.12295477155217849, "cue_position": 1.0, "gamma_fc": 0.1267357091420086}, "datetime": {"delta": 25.74445, "datetime": "2020-06-24 18:39:26", "elapsed": 5087.81886}}
{"target": 6.420833333333333, "params": {"gamma_cf": 0.7883011896679689, "beta_enc": 0.5898236481098892, "beta_rec": 0.03606831456985993, "cue_position": 1.0, "gamma_fc": 0.012096760015357866}, "datetime": {"delta": 20.996335, "datetime": "2020-06-24 18:39:47", "elapsed": 5108.815195}}
{"target": 9.525, "params": {"gamma_cf": 0.5820299763434618, "beta_enc": 0.3033456717085691, "beta_rec": 0.021375961088070716, "cue_position": 1.0, "gamma_fc": 0.29337627848605663}, "datetime": {"delta": 26.97825, "datetime": "2020-06-24 18:40:14", "elapsed": 5135.793445}}
{"target": 4.433333333333334, "params": {"gamma_cf": 0.5878715062961865, "beta_enc": 0.9289494618931157, "beta_rec": 0.5071194235482045, "cue_position": 1.0, "gamma_fc": 0.2641376442105696}, "datetime": {"delta": 17.194775, "datetime": "2020-06-24 18:40:31", "elapsed": 5152.98822}}
{"target": 9.816666666666666, "params": {"gamma_cf": 0.5845472661166298, "beta_enc": 0.3052882993474333, "beta_rec": 0.37165457672418245, "cue_position": 1.0, "gamma_fc": 0.6958461339323264}, "datetime": {"delta": 27.834462, "datetime": "2020-06-24 18:40:59", "elapsed": 5180.822682}}
{"target": 10.404166666666667, "params": {"gamma_cf": 0.8061631629534083, "beta_enc": 0.07194722016400112, "beta_rec": 0.9710833196254638, "cue_position": 1.0, "gamma_fc": 0.7516404040812905}, "datetime": {"delta": 29.144999, "datetime": "2020-06-24 18:41:28", "elapsed": 5209.967681}}
{"target": 9.916666666666666, "params": {"gamma_cf": 0.6724726505249299, "beta_enc": 0.0800609772712173, "beta_rec": 0.48169628302117706, "cue_position": 1.0, "gamma_fc": 0.4487372588243219}, "datetime": {"delta": 28.112636, "datetime": "2020-06-24 18:41:56", "elapsed": 5238.080317}}
{"target": 7.104166666666667, "params": {"gamma_cf": 0.6186007425615364, "beta_enc": 0.7043133983839096, "beta_rec": 0.6816453376026229, "cue_position": 1.0, "gamma_fc": 0.15098073327964578}, "datetime": {"delta": 22.382998, "datetime": "2020-06-24 18:42:18", "elapsed": 5260.463315}}
{"target": 5.9375, "params": {"gamma_cf": 0.23376869260410593, "beta_enc": 0.760802456305756, "beta_rec": 0.781045822193957, "cue_position": 1.0, "gamma_fc": 0.17667889307234141}, "datetime": {"delta": 20.276566, "datetime": "2020-06-24 18:42:39", "elapsed": 5280.739881}}
{"target": 9.691666666666666, "params": {"gamma_cf": 0.6135258996684316, "beta_enc": 0.3910991231067624, "beta_rec": 0.3205646539951602, "cue_position": 1.0, "gamma_fc": 0.7600017523497489}, "datetime": {"delta": 27.779281, "datetime": "2020-06-24 18:43:06", "elapsed": 5308.519162}}
{"target": 8.7375, "params": {"gamma_cf": 0.3734071317371953, "beta_enc": 0.4276650996969642, "beta_rec": 0.09944056291558923, "cue_position": 1.0, "gamma_fc": 0.19384776750950716}, "datetime": {"delta": 25.850078, "datetime": "2020-06-24 18:43:32", "elapsed": 5334.36924}}
{"target": 5.25, "params": {"gamma_cf": 0.4911099613042962, "beta_enc": 0.8207464986229382, "beta_rec": 0.5996360084237168, "cue_position": 1.0, "gamma_fc": 0.08817368124218106}, "datetime": {"delta": 18.934708, "datetime": "2020-06-24 18:43:51", "elapsed": 5353.303948}}
