{"target": -8491.638289167373, "params": {"epsilon_d": 2.353232479795646, "phi_d": 0.4618257842382145, "beta_rec": 0.9179003312332993, "gamma_cf": 0.5875557676256783, "k_intra": 5.718100828837116, "gamma_fc": 0.1805676426584317, "s_cf": 0.9913693231029962, "beta_enc": 0.3322984829415033, "phi_s": 2.439699185052415}, "datetime": {"delta": 44.54769, "elapsed": 12960.517364, "datetime": "2020-04-27 14:08:07"}}
{"target": -8490.514783464732, "params": {"epsilon_d": 2.367108643789837, "phi_d": 0.46860509497924596, "beta_rec": 0.9363574135481333, "gamma_cf": 0.593654719777916, "k_intra": 5.7113211948179625, "gamma_fc": 0.18519856525475742, "s_cf": 0.994785247769109, "beta_enc": 0.3260249430105234, "phi_s": 2.4305206573968836}, "datetime": {"delta": 45.389949, "elapsed": 13005.907313, "datetime": "2020-04-27 14:08:53"}}
{"target": -8491.89351649514, "params": {"epsilon_d": 2.3644371618868183, "phi_d": 0.47288123023669026, "beta_rec": 0.9277907906744048, "gamma_cf": 0.5867675678790912, "k_intra": 5.704891857098055, "gamma_fc": 0.1681426681697026, "s_cf": 0.994939997527229, "beta_enc": 0.3288193441794248, "phi_s": 2.4216862982029483}, "datetime": {"delta": 46.979016, "elapsed": 13052.886329, "datetime": "2020-04-27 14:09:40"}}
{"target": -8492.598502017443, "params": {"epsilon_d": 2.3660317384924348, "phi_d": 0.46296159917292184, "beta_rec": 0.9393607999939215, "gamma_cf": 0.5973332800674487, "k_intra": 5.7286574789415345, "gamma_fc": 0.16678916682005362, "s_cf": 0.9925211631144838, "beta_enc": 0.33100599556057786, "phi_s": 2.4149100625093056}, "datetime": {"delta": 44.668103, "elapsed": 13097.554432, "datetime": "2020-04-27 14:10:24"}}
{"target": -8490.300681537185, "params": {"epsilon_d": 2.3531878508650497, "phi_d": 0.46776197749780957, "beta_rec": 0.9291342906125736, "gamma_cf": 0.5863576053721518, "k_intra": 5.7169401313086, "gamma_fc": 0.17738753185785144, "s_cf": 0.9748112801072871, "beta_enc": 0.32475864389207876, "phi_s": 2.429540591334274}, "datetime": {"delta": 45.046662, "elapsed": 13142.601094, "datetime": "2020-04-27 14:11:10"}}
{"target": -8489.671818248407, "params": {"epsilon_d": 2.3448583563927023, "phi_d": 0.4691268836076389, "beta_rec": 0.9411196679261591, "gamma_cf": 0.587576336532722, "k_intra": 5.711874854549678, "gamma_fc": 0.1773574621559741, "s_cf": 0.9978590093186159, "beta_enc": 0.3248428978141964, "phi_s": 2.4262325251508114}, "datetime": {"delta": 45.285352, "elapsed": 13187.886446, "datetime": "2020-04-27 14:11:55"}}
{"target": -8489.34804677546, "params": {"epsilon_d": 2.353276407213718, "phi_d": 0.47213081598467116, "beta_rec": 0.943182348030331, "gamma_cf": 0.5784806234427395, "k_intra": 5.716720392782041, "gamma_fc": 0.1829636355567059, "s_cf": 1.0024638237112495, "beta_enc": 0.3294154927300743, "phi_s": 2.4516651144801163}, "datetime": {"delta": 47.248257, "elapsed": 13235.134703, "datetime": "2020-04-27 14:12:42"}}
{"target": -8490.630355019708, "params": {"epsilon_d": 2.3494722687204237, "phi_d": 0.4821792899859357, "beta_rec": 0.9468378406911885, "gamma_cf": 0.5792658443239345, "k_intra": 5.7198568826351925, "gamma_fc": 0.18637346313292866, "s_cf": 1.0083514198806052, "beta_enc": 0.33432115774176835, "phi_s": 2.4476623457952886}, "datetime": {"delta": 45.940698, "elapsed": 13281.075401, "datetime": "2020-04-27 14:13:28"}}
{"target": -8489.709353411106, "params": {"epsilon_d": 2.3417551055765804, "phi_d": 0.4726735350420177, "beta_rec": 0.9413927975287384, "gamma_cf": 0.5795478141575793, "k_intra": 5.7053200465385085, "gamma_fc": 0.18623652742587615, "s_cf": 1.0010542605538417, "beta_enc": 0.32690721412110413, "phi_s": 2.4359734097919485}, "datetime": {"delta": 44.216998, "elapsed": 13325.292399, "datetime": "2020-04-27 14:14:12"}}
{"target": -8490.097841636827, "params": {"epsilon_d": 2.3454148053377515, "phi_d": 0.47208838591690616, "beta_rec": 0.952952393819006, "gamma_cf": 0.5875067737514972, "k_intra": 5.711925427367374, "gamma_fc": 0.1837911457301743, "s_cf": 1.0175975848220467, "beta_enc": 0.3171787922793684, "phi_s": 2.4550014072402484}, "datetime": {"delta": 47.679611, "elapsed": 13372.97201, "datetime": "2020-04-27 14:15:00"}}
{"target": -8490.60508691581, "params": {"epsilon_d": 2.3417913682719815, "phi_d": 0.472474907293441, "beta_rec": 0.9405336153636814, "gamma_cf": 0.5826703285820984, "k_intra": 5.714707210227026, "gamma_fc": 0.17836896949462597, "s_cf": 1.0046501333221614, "beta_enc": 0.3146052147744346, "phi_s": 2.454983067873638}, "datetime": {"delta": 47.403274, "elapsed": 13420.375284, "datetime": "2020-04-27 14:15:47"}}
{"target": -8489.339214911257, "params": {"epsilon_d": 2.352185691168065, "phi_d": 0.4625568255987435, "beta_rec": 0.9389540218118023, "gamma_cf": 0.5912859826772291, "k_intra": 5.713449742905467, "gamma_fc": 0.1752803739866008, "s_cf": 0.9938452298736343, "beta_enc": 0.32557626932026396, "phi_s": 2.4532060612672684}, "datetime": {"delta": 46.308859, "elapsed": 13466.684143, "datetime": "2020-04-27 14:16:34"}}
{"target": -8489.731646684173, "params": {"epsilon_d": 2.3413326765162625, "phi_d": 0.46752274405757166, "beta_rec": 0.9487938914596622, "gamma_cf": 0.5874920037737863, "k_intra": 5.712830614985346, "gamma_fc": 0.1837807831973947, "s_cf": 0.9931320101886145, "beta_enc": 0.32479750071419355, "phi_s": 2.4343431884355566}, "datetime": {"delta": 45.877618, "elapsed": 13512.561761, "datetime": "2020-04-27 14:17:19"}}
{"target": -8490.905079896647, "params": {"epsilon_d": 2.3525272436314206, "phi_d": 0.46437003327057985, "beta_rec": 0.954438564991542, "gamma_cf": 0.5926271072216052, "k_intra": 5.696571289252071, "gamma_fc": 0.18114464197113328, "s_cf": 1.014027525455071, "beta_enc": 0.33005532689604006, "phi_s": 2.441409881377276}, "datetime": {"delta": 45.478427, "elapsed": 13558.040188, "datetime": "2020-04-27 14:18:05"}}
{"target": -8490.174873848082, "params": {"epsilon_d": 2.349128214159242, "phi_d": 0.46806711451199373, "beta_rec": 0.9481518531245282, "gamma_cf": 0.5761821488085114, "k_intra": 5.711976967061604, "gamma_fc": 0.1843925137174436, "s_cf": 0.9945272730134177, "beta_enc": 0.33158338151994365, "phi_s": 2.451194975791926}, "datetime": {"delta": 42.575724, "elapsed": 13600.615912, "datetime": "2020-04-27 14:18:48"}}
{"target": -8490.553984492426, "params": {"epsilon_d": 2.36570165878989, "phi_d": 0.46272928921923634, "beta_rec": 0.9511917930217135, "gamma_cf": 0.5817622782315933, "k_intra": 5.71591641325417, "gamma_fc": 0.1767682874317298, "s_cf": 0.9922707789674149, "beta_enc": 0.32307111254871235, "phi_s": 2.418844676799326}, "datetime": {"delta": 45.956134, "elapsed": 13646.572046, "datetime": "2020-04-27 14:19:34"}}
{"target": -8490.214976304955, "params": {"epsilon_d": 2.357272522818232, "phi_d": 0.4767384467720765, "beta_rec": 0.9400644796444033, "gamma_cf": 0.5808969337028791, "k_intra": 5.7072437080652385, "gamma_fc": 0.19161560038664768, "s_cf": 0.9984961876596136, "beta_enc": 0.3238170257943213, "phi_s": 2.450473905563997}, "datetime": {"delta": 44.816075, "elapsed": 13691.388121, "datetime": "2020-04-27 14:20:18"}}
{"target": -8490.442437891496, "params": {"epsilon_d": 2.3456281986683596, "phi_d": 0.46326141287821715, "beta_rec": 0.951425409649084, "gamma_cf": 0.5724570129199427, "k_intra": 5.714379201495897, "gamma_fc": 0.18093554237240586, "s_cf": 0.9858688664405966, "beta_enc": 0.3272512012122612, "phi_s": 2.429863664103682}, "datetime": {"delta": 45.49783, "elapsed": 13736.885951, "datetime": "2020-04-27 14:21:04"}}
{"target": -8490.755784875915, "params": {"epsilon_d": 2.3467220406790523, "phi_d": 0.48925843372041444, "beta_rec": 0.9416211705594407, "gamma_cf": 0.5869833092302068, "k_intra": 5.712417302525924, "gamma_fc": 0.18627637922120044, "s_cf": 0.9865998664574442, "beta_enc": 0.333171727759596, "phi_s": 2.442958817652745}, "datetime": {"delta": 44.874977, "elapsed": 13781.760928, "datetime": "2020-04-27 14:21:49"}}
{"target": -8490.50608951321, "params": {"epsilon_d": 2.348452349750142, "phi_d": 0.45842768651206045, "beta_rec": 0.9381358557392911, "gamma_cf": 0.573919570138361, "k_intra": 5.6976316213147244, "gamma_fc": 0.18287020128167883, "s_cf": 0.9955252304362889, "beta_enc": 0.3271708818281582, "phi_s": 2.4274888215152597}, "datetime": {"delta": 47.599604, "elapsed": 13829.360532, "datetime": "2020-04-27 14:22:36"}}
{"target": -8491.325771297259, "params": {"epsilon_d": 2.355656806006357, "phi_d": 0.48222507696754974, "beta_rec": 0.9441017928409864, "gamma_cf": 0.5761582176479049, "k_intra": 5.71542252817604, "gamma_fc": 0.17457585013351762, "s_cf": 0.9860672188332323, "beta_enc": 0.3157173417236861, "phi_s": 2.4332597801025995}, "datetime": {"delta": 48.315208, "elapsed": 13877.67574, "datetime": "2020-04-27 14:23:25"}}
{"target": -8489.974895074565, "params": {"epsilon_d": 2.3582564745288024, "phi_d": 0.48443085847554795, "beta_rec": 0.9368769247220764, "gamma_cf": 0.5814069126272139, "k_intra": 5.7106512529025855, "gamma_fc": 0.18708146717575197, "s_cf": 0.9952852541718146, "beta_enc": 0.3260853688557268, "phi_s": 2.439594552449606}, "datetime": {"delta": 47.552474, "elapsed": 13925.228214, "datetime": "2020-04-27 14:24:12"}}
{"target": -8491.775089989284, "params": {"epsilon_d": 2.3532594070895363, "phi_d": 0.4822928497525228, "beta_rec": 0.9344650796335031, "gamma_cf": 0.5811774702975753, "k_intra": 5.707510368206375, "gamma_fc": 0.1774566427834365, "s_cf": 1.0023615673601616, "beta_enc": 0.3140371738524865, "phi_s": 2.4448996949987567}, "datetime": {"delta": 44.850566, "elapsed": 13970.07878, "datetime": "2020-04-27 14:24:57"}}
{"target": -8490.660083168266, "params": {"epsilon_d": 2.3579382555370207, "phi_d": 0.4598000624523728, "beta_rec": 0.9475346626564918, "gamma_cf": 0.5919731185245987, "k_intra": 5.701014951155577, "gamma_fc": 0.18870889982566658, "s_cf": 1.0011560982566081, "beta_enc": 0.32724327675878556, "phi_s": 2.4520937381150363}, "datetime": {"delta": 45.90453, "elapsed": 14015.98331, "datetime": "2020-04-27 14:25:43"}}
{"target": -8490.28234602248, "params": {"epsilon_d": 2.338090881803671, "phi_d": 0.46970123369856404, "beta_rec": 0.9513575241836623, "gamma_cf": 0.5795388325106584, "k_intra": 5.709346393737178, "gamma_fc": 0.18349891695878648, "s_cf": 0.9992598034605639, "beta_enc": 0.3182093504552797, "phi_s": 2.4265271917687987}, "datetime": {"delta": 47.969886, "elapsed": 14063.953196, "datetime": "2020-04-27 14:26:31"}}
{"target": -8490.270565570358, "params": {"epsilon_d": 2.347638979847823, "phi_d": 0.47994978916436876, "beta_rec": 0.9309665369375972, "gamma_cf": 0.5856524365960027, "k_intra": 5.7146427750264435, "gamma_fc": 0.1818672631808927, "s_cf": 0.9819082172504212, "beta_enc": 0.32780697891938315, "phi_s": 2.429325336230879}, "datetime": {"delta": 45.259909, "elapsed": 14109.213105, "datetime": "2020-04-27 14:27:16"}}
{"target": -8488.581057370302, "params": {"epsilon_d": 2.3459300464068433, "phi_d": 0.47022788525266446, "beta_rec": 0.9397300387231076, "gamma_cf": 0.5861297986639102, "k_intra": 5.7308112284215165, "gamma_fc": 0.1822087067110113, "s_cf": 1.007233646164487, "beta_enc": 0.3262374781821264, "phi_s": 2.454342049053807}, "datetime": {"delta": 45.009222, "elapsed": 14154.222327, "datetime": "2020-04-27 14:28:01"}}
{"target": -8489.748607914713, "params": {"epsilon_d": 2.329499151142972, "phi_d": 0.4652039484290605, "beta_rec": 0.9550722739139365, "gamma_cf": 0.5773709557063635, "k_intra": 5.73349266072062, "gamma_fc": 0.18803654172124906, "s_cf": 0.9926170831370412, "beta_enc": 0.3199709956708808, "phi_s": 2.4461592745012886}, "datetime": {"delta": 46.356203, "elapsed": 14200.57853, "datetime": "2020-04-27 14:28:48"}}
{"target": -8489.972470402787, "params": {"epsilon_d": 2.3379498877843297, "phi_d": 0.4450186728810846, "beta_rec": 0.9429163527310128, "gamma_cf": 0.5915159420354069, "k_intra": 5.719707563625942, "gamma_fc": 0.18689582649116446, "s_cf": 1.0220166466904645, "beta_enc": 0.32284013093475605, "phi_s": 2.4656012776241782}, "datetime": {"delta": 44.947202, "elapsed": 14245.525732, "datetime": "2020-04-27 14:29:32"}}
{"target": -8490.758330510713, "params": {"epsilon_d": 2.328675033172958, "phi_d": 0.4576132629310807, "beta_rec": 0.9560726894574512, "gamma_cf": 0.5857595851245304, "k_intra": 5.74599852470225, "gamma_fc": 0.18503591518765378, "s_cf": 1.0125719121173369, "beta_enc": 0.3144271490153049, "phi_s": 2.4647954570562867}, "datetime": {"delta": 43.972296, "elapsed": 14289.498028, "datetime": "2020-04-27 14:30:16"}}
{"target": -8489.656506075196, "params": {"epsilon_d": 2.348964190016776, "phi_d": 0.46087759541557993, "beta_rec": 0.9345538462074723, "gamma_cf": 0.5820513409597866, "k_intra": 5.7145831805905285, "gamma_fc": 0.17906306075675815, "s_cf": 1.0090626822927269, "beta_enc": 0.3312293125786244, "phi_s": 2.456001984524665}, "datetime": {"delta": 45.984479, "elapsed": 14335.482507, "datetime": "2020-04-27 14:31:02"}}
{"target": -8492.229014318102, "params": {"epsilon_d": 2.337012065530948, "phi_d": 0.4709597844380574, "beta_rec": 0.9526394580562623, "gamma_cf": 0.5722711643510987, "k_intra": 5.7207350287410215, "gamma_fc": 0.19747662721937173, "s_cf": 1.0045232742568209, "beta_enc": 0.3331847092110203, "phi_s": 2.435170988979338}, "datetime": {"delta": 45.194736, "elapsed": 14380.677243, "datetime": "2020-04-27 14:31:48"}}
{"target": -8491.811416688222, "params": {"epsilon_d": 2.3492080171037166, "phi_d": 0.4668119620607536, "beta_rec": 0.9627529735918621, "gamma_cf": 0.5795990132615976, "k_intra": 5.728372951212634, "gamma_fc": 0.18534897098770978, "s_cf": 0.9956015395893165, "beta_enc": 0.31493549929853, "phi_s": 2.430952627578264}, "datetime": {"delta": 47.975766, "elapsed": 14428.653009, "datetime": "2020-04-27 14:32:36"}}
{"target": -8488.884377472717, "params": {"epsilon_d": 2.3579300936884224, "phi_d": 0.47926963324847927, "beta_rec": 0.9414106346446615, "gamma_cf": 0.5844485250136535, "k_intra": 5.722430996128272, "gamma_fc": 0.18130937686108434, "s_cf": 0.9945967031849757, "beta_enc": 0.32760960974039444, "phi_s": 2.4586293804144272}, "datetime": {"delta": 45.558887, "elapsed": 14474.211896, "datetime": "2020-04-27 14:33:21"}}
{"target": -8489.607250769188, "params": {"epsilon_d": 2.325193799272785, "phi_d": 0.46383901062796296, "beta_rec": 0.9397638984046297, "gamma_cf": 0.5879046407845071, "k_intra": 5.720244822796485, "gamma_fc": 0.19097276340169325, "s_cf": 1.008966525687438, "beta_enc": 0.32567451982552714, "phi_s": 2.4633249410622278}, "datetime": {"delta": 44.523505, "elapsed": 14518.735401, "datetime": "2020-04-27 14:34:06"}}
{"target": -8487.673994606936, "params": {"epsilon_d": 2.326866848600476, "phi_d": 0.46555816978754777, "beta_rec": 0.9423078735357171, "gamma_cf": 0.5924764886716645, "k_intra": 5.744236712824826, "gamma_fc": 0.1739600272751945, "s_cf": 1.0195090126833306, "beta_enc": 0.3228664078629039, "phi_s": 2.483618848406961}, "datetime": {"delta": 45.576057, "elapsed": 14564.311458, "datetime": "2020-04-27 14:34:51"}}
{"target": -8486.536654589665, "params": {"epsilon_d": 2.3166510149243846, "phi_d": 0.4804986710311498, "beta_rec": 0.9466028782686098, "gamma_cf": 0.5918157326293182, "k_intra": 5.759981721471667, "gamma_fc": 0.17475883168361805, "s_cf": 1.009199372581748, "beta_enc": 0.32876359083300954, "phi_s": 2.521746289931647}, "datetime": {"delta": 44.271007, "elapsed": 14608.582465, "datetime": "2020-04-27 14:35:36"}}
{"target": -8486.401398446023, "params": {"epsilon_d": 2.3179877304155556, "phi_d": 0.47988207275670886, "beta_rec": 0.9456355305168097, "gamma_cf": 0.5852934748458591, "k_intra": 5.767285133803813, "gamma_fc": 0.16930133280073115, "s_cf": 1.0052714489637022, "beta_enc": 0.3280973451818659, "phi_s": 2.522385474947285}, "datetime": {"delta": 46.204362, "elapsed": 14654.786827, "datetime": "2020-04-27 14:36:22"}}
{"target": -8486.558362469948, "params": {"epsilon_d": 2.304169780636138, "phi_d": 0.46868836343269576, "beta_rec": 0.9373252115537916, "gamma_cf": 0.5952873341948337, "k_intra": 5.761438616232842, "gamma_fc": 0.16771666993119577, "s_cf": 1.0340838694561154, "beta_enc": 0.32593418206259894, "phi_s": 2.5213376187043557}, "datetime": {"delta": 44.495163, "elapsed": 14699.28199, "datetime": "2020-04-27 14:37:06"}}
{"target": -8487.440326999718, "params": {"epsilon_d": 2.3048549822628677, "phi_d": 0.4752421606760605, "beta_rec": 0.9347272809157724, "gamma_cf": 0.5848595708850276, "k_intra": 5.771049070374224, "gamma_fc": 0.16984968443695364, "s_cf": 1.0234979230792547, "beta_enc": 0.33770381358789003, "phi_s": 2.5403436494704565}, "datetime": {"delta": 44.213587, "elapsed": 14743.495577, "datetime": "2020-04-27 14:37:50"}}
{"target": -8489.09792099059, "params": {"epsilon_d": 2.338286456735514, "phi_d": 0.48418505302046644, "beta_rec": 0.9451983610967293, "gamma_cf": 0.5876396179072122, "k_intra": 5.744008336043155, "gamma_fc": 0.19160242741467653, "s_cf": 1.017229805959929, "beta_enc": 0.3338081358949905, "phi_s": 2.507478870536429}, "datetime": {"delta": 46.632501, "elapsed": 14790.128078, "datetime": "2020-04-27 14:38:37"}}
{"target": -8487.098892213804, "params": {"epsilon_d": 2.3068057817561978, "phi_d": 0.4671307169313981, "beta_rec": 0.9382772439807154, "gamma_cf": 0.5971765666618093, "k_intra": 5.7658433114383705, "gamma_fc": 0.16260905935134165, "s_cf": 1.0245423810015792, "beta_enc": 0.3258550279217114, "phi_s": 2.528140052468824}, "datetime": {"delta": 46.178611, "elapsed": 14836.306689, "datetime": "2020-04-27 14:39:23"}}
{"target": -8487.400532461135, "params": {"epsilon_d": 2.3265041980305834, "phi_d": 0.4620498291933418, "beta_rec": 0.9508632446943278, "gamma_cf": 0.5892407477389742, "k_intra": 5.754100816659006, "gamma_fc": 0.1663508316099637, "s_cf": 1.048725527816071, "beta_enc": 0.3297545115340638, "phi_s": 2.5297703869275647}, "datetime": {"delta": 44.730677, "elapsed": 14881.037366, "datetime": "2020-04-27 14:40:08"}}
{"target": -8488.430791081555, "params": {"epsilon_d": 2.3252202177263106, "phi_d": 0.46030553877367536, "beta_rec": 0.9516346078012804, "gamma_cf": 0.5951099893076484, "k_intra": 5.744943765987258, "gamma_fc": 0.16582993878114366, "s_cf": 1.0208103312264467, "beta_enc": 0.3247164375768962, "phi_s": 2.5042575625439025}, "datetime": {"delta": 47.645883, "elapsed": 14928.683249, "datetime": "2020-04-27 14:40:56"}}
{"target": -8486.498522644833, "params": {"epsilon_d": 2.3332604635743053, "phi_d": 0.47828776919279514, "beta_rec": 0.9489422220011746, "gamma_cf": 0.5900838647688438, "k_intra": 5.755099605676742, "gamma_fc": 0.17174252494431738, "s_cf": 1.0521873979482035, "beta_enc": 0.32536611892379014, "phi_s": 2.524784763180891}, "datetime": {"delta": 45.455569, "elapsed": 14974.138818, "datetime": "2020-04-27 14:41:41"}}
{"target": -8486.06911262668, "params": {"epsilon_d": 2.307525144209585, "phi_d": 0.48694665189200637, "beta_rec": 0.9470221421760673, "gamma_cf": 0.5909685538871953, "k_intra": 5.779162762918365, "gamma_fc": 0.16785748054646932, "s_cf": 1.054124543466119, "beta_enc": 0.3247500511038901, "phi_s": 2.5362553125867517}, "datetime": {"delta": 44.08907, "elapsed": 15018.227888, "datetime": "2020-04-27 14:42:25"}}
{"target": -8485.767639909396, "params": {"epsilon_d": 2.3247581442228284, "phi_d": 0.4935929939791747, "beta_rec": 0.9418063754963046, "gamma_cf": 0.5906385246917153, "k_intra": 5.773607097190867, "gamma_fc": 0.1694848999902143, "s_cf": 1.0455721701143001, "beta_enc": 0.3286013416063123, "phi_s": 2.5424945784094057}, "datetime": {"delta": 48.802912, "elapsed": 15067.0308, "datetime": "2020-04-27 14:43:14"}}
{"target": -8485.955570511853, "params": {"epsilon_d": 2.3073748980681827, "phi_d": 0.4789702562755665, "beta_rec": 0.9396694118681542, "gamma_cf": 0.5921842705646787, "k_intra": 5.775532550708096, "gamma_fc": 0.17115854811022976, "s_cf": 1.0315312743432454, "beta_enc": 0.32724220347674, "phi_s": 2.5221575895955697}, "datetime": {"delta": 43.067614, "elapsed": 15110.098414, "datetime": "2020-04-27 14:43:57"}}
{"target": -8488.9368865269, "params": {"epsilon_d": 2.311416042862583, "phi_d": 0.47221847324699473, "beta_rec": 0.9331121425873466, "gamma_cf": 0.5907822579837, "k_intra": 5.752361507209029, "gamma_fc": 0.17494690776801855, "s_cf": 1.0365157552853268, "beta_enc": 0.31672055480459943, "phi_s": 2.5012972217924636}, "datetime": {"delta": 47.899295, "elapsed": 15157.997709, "datetime": "2020-04-27 14:44:45"}}
{"target": -8486.740918515025, "params": {"epsilon_d": 2.3211824346701375, "phi_d": 0.4894985523074885, "beta_rec": 0.9445300102992353, "gamma_cf": 0.6013404585785936, "k_intra": 5.772001736114326, "gamma_fc": 0.17118890751526636, "s_cf": 1.0391791977922116, "beta_enc": 0.3287722650324796, "phi_s": 2.5143080954095103}, "datetime": {"delta": 46.415079, "elapsed": 15204.412788, "datetime": "2020-04-27 14:45:31"}}
{"target": -8486.90074799784, "params": {"epsilon_d": 2.3116379388796675, "phi_d": 0.4898085812943872, "beta_rec": 0.9398571121311446, "gamma_cf": 0.5995532740183318, "k_intra": 5.7775561682676, "gamma_fc": 0.1701909250213169, "s_cf": 1.0275840389324047, "beta_enc": 0.3225480210026973, "phi_s": 2.538790690142328}, "datetime": {"delta": 45.024174, "elapsed": 15249.436962, "datetime": "2020-04-27 14:46:16"}}
{"target": -8488.622962026771, "params": {"epsilon_d": 2.3204937817254874, "phi_d": 0.48128591258958486, "beta_rec": 0.9444697826894974, "gamma_cf": 0.5936930131307712, "k_intra": 5.743761464461679, "gamma_fc": 0.1738208195693005, "s_cf": 1.0127106765600395, "beta_enc": 0.33587273186523214, "phi_s": 2.5026451884631693}, "datetime": {"delta": 46.188426, "elapsed": 15295.625388, "datetime": "2020-04-27 14:47:03"}}
{"target": -8485.673015393286, "params": {"epsilon_d": 2.3194819872616006, "phi_d": 0.4856294635896759, "beta_rec": 0.9413973976919467, "gamma_cf": 0.586523840270909, "k_intra": 5.784939385222471, "gamma_fc": 0.16815075824081163, "s_cf": 1.0445529281103205, "beta_enc": 0.3254441603387454, "phi_s": 2.5464520380995572}, "datetime": {"delta": 45.178915, "elapsed": 15340.804303, "datetime": "2020-04-27 14:47:48"}}
