{"target": 6.375, "params": {"gamma_cf": 0.081473964877262, "cue_position": 16.0, "beta_rec": 0.2214327343234883, "gamma_fc": 0.42861882866378653, "beta_enc": 0.9475489413950998}, "datetime": {"delta": 0.296175, "datetime": "2020-06-14 13:00:08", "elapsed": 28.072176}}
{"target": 11.25, "params": {"gamma_cf": 0.6968004961201785, "cue_position": 16.0, "beta_rec": 0.6337867606119179, "gamma_fc": 0.7662113810757705, "beta_enc": 0.10901876401906829}, "datetime": {"delta": 0.395747, "datetime": "2020-06-14 13:00:08", "elapsed": 28.467923}}
{"target": 9.25, "params": {"gamma_cf": 0.8240098704123188, "cue_position": 16.0, "beta_rec": 0.8458514830276777, "gamma_fc": 0.6264961586242938, "beta_enc": 0.3424541198435198}, "datetime": {"delta": 0.354694, "datetime": "2020-06-14 13:00:09", "elapsed": 28.822617}}
{"target": 10.5, "params": {"gamma_cf": 0.06672499763935646, "cue_position": 16.0, "beta_rec": 0.07838689985494796, "gamma_fc": 0.4585838137084318, "beta_enc": 0.1434230486702449}, "datetime": {"delta": 0.380383, "datetime": "2020-06-14 13:00:09", "elapsed": 29.203}}
{"target": 10.125, "params": {"gamma_cf": 0.3948504804606394, "cue_position": 16.0, "beta_rec": 0.027783348848669953, "gamma_fc": 0.7469384956075251, "beta_enc": 0.11334192276759048}, "datetime": {"delta": 0.372652, "datetime": "2020-06-14 13:00:10", "elapsed": 29.575652}}
{"target": 9.75, "params": {"gamma_cf": 0.47400392656219403, "cue_position": 16.0, "beta_rec": 0.4500867470007611, "gamma_fc": 0.8031633421141696, "beta_enc": 0.45240482674645155}, "datetime": {"delta": 0.364014, "datetime": "2020-06-14 13:00:10", "elapsed": 29.939666}}
{"target": 10.5, "params": {"gamma_cf": 0.7738743427204187, "cue_position": 16.0, "beta_rec": 0.904686160343623, "gamma_fc": 0.12564138113773882, "beta_enc": 0.40239251985773583}, "datetime": {"delta": 0.379194, "datetime": "2020-06-14 13:00:10", "elapsed": 30.31886}}
{"target": 8.25, "params": {"gamma_cf": 0.0030179566195963625, "cue_position": 16.0, "beta_rec": 0.010364261335231939, "gamma_fc": 0.9511937854902045, "beta_enc": 0.6185135669120855}, "datetime": {"delta": 0.33449, "datetime": "2020-06-14 13:00:11", "elapsed": 30.65335}}
{"target": 6.0, "params": {"gamma_cf": 0.14555823115839706, "cue_position": 16.0, "beta_rec": 0.7959669419422694, "gamma_fc": 0.15773006987053328, "beta_enc": 0.905402033702778}, "datetime": {"delta": 0.289715, "datetime": "2020-06-14 13:00:11", "elapsed": 30.943065}}
{"target": 9.875, "params": {"gamma_cf": 0.9899551783590737, "cue_position": 16.0, "beta_rec": 0.6224959022999211, "gamma_fc": 0.7111224587658159, "beta_enc": 0.187631672902434}, "datetime": {"delta": 0.367809, "datetime": "2020-06-14 13:00:11", "elapsed": 31.310874}}
{"target": 7.75, "params": {"gamma_cf": 0.24985068022503676, "cue_position": 16.0, "beta_rec": 0.9092932045442544, "gamma_fc": 0.17343017078712286, "beta_enc": 0.7318004091422953}, "datetime": {"delta": 0.325066, "datetime": "2020-06-14 13:00:12", "elapsed": 31.63594}}
{"target": 10.625, "params": {"gamma_cf": 0.2642974827269007, "cue_position": 16.0, "beta_rec": 0.8126105880328287, "gamma_fc": 0.8190891786335308, "beta_enc": 0.119457050333729}, "datetime": {"delta": 0.384257, "datetime": "2020-06-14 13:00:12", "elapsed": 32.020197}}
{"target": 9.5, "params": {"gamma_cf": 0.5336533449712114, "cue_position": 16.0, "beta_rec": 0.9824174492929428, "gamma_fc": 0.31446701118584963, "beta_enc": 0.31058725179421}, "datetime": {"delta": 0.359771, "datetime": "2020-06-14 13:00:12", "elapsed": 32.379968}}
{"target": 8.125, "params": {"gamma_cf": 0.5122926922783614, "cue_position": 16.0, "beta_rec": 0.36655664385123443, "gamma_fc": 0.9388864773697133, "beta_enc": 0.9107728311738374}, "datetime": {"delta": 0.333954, "datetime": "2020-06-14 13:00:13", "elapsed": 32.713922}}
{"target": 6.625, "params": {"gamma_cf": 0.027287223517468817, "cue_position": 16.0, "beta_rec": 0.7168786636316892, "gamma_fc": 0.5220512472525107, "beta_enc": 0.030949006271150714}, "datetime": {"delta": 0.304548, "datetime": "2020-06-14 13:00:13", "elapsed": 33.01847}}
{"target": 9.75, "params": {"gamma_cf": 0.6902278681627478, "cue_position": 16.0, "beta_rec": 0.8594893208655858, "gamma_fc": 0.45285349995153745, "beta_enc": 0.3259898117700253}, "datetime": {"delta": 0.36659, "datetime": "2020-06-14 13:00:13", "elapsed": 33.38506}}
{"target": 7.625, "params": {"gamma_cf": 0.5767559349870908, "cue_position": 16.0, "beta_rec": 0.2900968516874258, "gamma_fc": 0.3114442141324628, "beta_enc": 0.6283090375213571}, "datetime": {"delta": 0.321533, "datetime": "2020-06-14 13:00:14", "elapsed": 33.706593}}
{"target": 7.75, "params": {"gamma_cf": 0.2473960366023854, "cue_position": 16.0, "beta_rec": 0.9164058530538978, "gamma_fc": 0.37129376127905445, "beta_enc": 0.5172675985011298}, "datetime": {"delta": 0.32503, "datetime": "2020-06-14 13:00:14", "elapsed": 34.031623}}
{"target": 8.875, "params": {"gamma_cf": 0.9202065143056605, "cue_position": 16.0, "beta_rec": 0.9368683813090937, "gamma_fc": 0.22790028995131695, "beta_enc": 0.9318611166365406}, "datetime": {"delta": 0.348541, "datetime": "2020-06-14 13:00:14", "elapsed": 34.380164}}
{"target": 9.625, "params": {"gamma_cf": 0.17476587635631158, "cue_position": 16.0, "beta_rec": 0.22730973628468876, "gamma_fc": 0.6070941619724605, "beta_enc": 0.08748220955359087}, "datetime": {"delta": 0.363118, "datetime": "2020-06-14 13:00:15", "elapsed": 34.743282}}
{"target": 8.75, "params": {"gamma_cf": 0.7018765297563104, "cue_position": 16.0, "beta_rec": 0.8163515118272141, "gamma_fc": 0.24035562484913886, "beta_enc": 0.41358641500116133}, "datetime": {"delta": 0.346196, "datetime": "2020-06-14 13:00:15", "elapsed": 35.089478}}
{"target": 9.75, "params": {"gamma_cf": 0.22881367096037586, "cue_position": 16.0, "beta_rec": 0.34898759722078887, "gamma_fc": 0.6641025553547935, "beta_enc": 0.5742190888408597}, "datetime": {"delta": 0.366733, "datetime": "2020-06-14 13:00:15", "elapsed": 35.456211}}
{"target": 9.375, "params": {"gamma_cf": 0.5707158515462564, "cue_position": 16.0, "beta_rec": 0.5190159840736788, "gamma_fc": 0.99675342520821, "beta_enc": 0.4972500933605313}, "datetime": {"delta": 0.357634, "datetime": "2020-06-14 13:00:16", "elapsed": 35.813845}}
{"target": 6.75, "params": {"gamma_cf": 0.9015625846693213, "cue_position": 16.0, "beta_rec": 0.5943726238309778, "gamma_fc": 0.5956079336026455, "beta_enc": 0.8168351087916219}, "datetime": {"delta": 0.305669, "datetime": "2020-06-14 13:00:16", "elapsed": 36.119514}}
{"target": 10.375, "params": {"gamma_cf": 0.4517331486914753, "cue_position": 16.0, "beta_rec": 0.09357709581748075, "gamma_fc": 0.37543483316785775, "beta_enc": 0.032426325314457105}, "datetime": {"delta": 0.374071, "datetime": "2020-06-14 13:00:16", "elapsed": 36.493585}}
{"target": 5.875, "params": {"gamma_cf": 0.7674748688630131, "cue_position": 16.0, "beta_rec": 0.1679832931996149, "gamma_fc": 0.8242378396244978, "beta_enc": 0.9753500342702865}, "datetime": {"delta": 0.285378, "datetime": "2020-06-14 13:00:17", "elapsed": 36.778963}}
{"target": 8.5, "params": {"gamma_cf": 0.013136356923072245, "cue_position": 16.0, "beta_rec": 0.668732770206732, "gamma_fc": 0.3530060855418248, "beta_enc": 0.6326158167779973}, "datetime": {"delta": 0.33854, "datetime": "2020-06-14 13:00:17", "elapsed": 37.117503}}
{"target": 8.0, "params": {"gamma_cf": 0.4574049160894317, "cue_position": 16.0, "beta_rec": 0.7300912110901043, "gamma_fc": 0.13766274094560316, "beta_enc": 0.49207180149355845}, "datetime": {"delta": 0.329294, "datetime": "2020-06-14 13:00:17", "elapsed": 37.446797}}
{"target": 10.25, "params": {"gamma_cf": 0.9843834501935107, "cue_position": 16.0, "beta_rec": 0.7582782604769962, "gamma_fc": 0.220234226159156, "beta_enc": 0.01088873380347899}, "datetime": {"delta": 0.371918, "datetime": "2020-06-14 13:00:18", "elapsed": 37.818715}}
{"target": 8.5, "params": {"gamma_cf": 0.46385778390029564, "cue_position": 16.0, "beta_rec": 0.5238961356661317, "gamma_fc": 0.12482254311167629, "beta_enc": 0.33870802548167966}, "datetime": {"delta": 0.341242, "datetime": "2020-06-14 13:00:18", "elapsed": 38.159957}}
{"target": 10.625, "params": {"gamma_cf": 0.7701499563120922, "cue_position": 16.0, "beta_rec": 0.5045191697009946, "gamma_fc": 0.13033578095435427, "beta_enc": 0.3125013784920495}, "datetime": {"delta": 0.381776, "datetime": "2020-06-14 13:00:18", "elapsed": 38.541733}}
{"target": 8.25, "params": {"gamma_cf": 0.012603767029876312, "cue_position": 16.0, "beta_rec": 0.5190823222119895, "gamma_fc": 0.6724698446537339, "beta_enc": 0.022915131322381765}, "datetime": {"delta": 0.33568, "datetime": "2020-06-14 13:00:19", "elapsed": 38.877413}}
{"target": 8.25, "params": {"gamma_cf": 0.6443610847569929, "cue_position": 16.0, "beta_rec": 0.44924675358663757, "gamma_fc": 0.005239837651465851, "beta_enc": 0.6868082266569918}, "datetime": {"delta": 0.33488, "datetime": "2020-06-14 13:00:19", "elapsed": 39.212293}}
{"target": 10.5, "params": {"gamma_cf": 0.6491541971124779, "cue_position": 16.0, "beta_rec": 0.8593178060976, "gamma_fc": 0.6736984238986317, "beta_enc": 0.4844284455143756}, "datetime": {"delta": 0.380318, "datetime": "2020-06-14 13:00:20", "elapsed": 39.592611}}
{"target": 8.625, "params": {"gamma_cf": 0.6717297848174203, "cue_position": 16.0, "beta_rec": 0.27411977516685215, "gamma_fc": 0.35242963021640883, "beta_enc": 0.5784995797892005}, "datetime": {"delta": 0.339216, "datetime": "2020-06-14 13:00:20", "elapsed": 39.931827}}
{"target": 6.5, "params": {"gamma_cf": 0.2896027461868774, "cue_position": 16.0, "beta_rec": 0.1950374860087073, "gamma_fc": 0.773799287244182, "beta_enc": 0.8558283672539277}, "datetime": {"delta": 0.302716, "datetime": "2020-06-14 13:00:20", "elapsed": 40.234543}}
{"target": 9.625, "params": {"gamma_cf": 0.21369323762958115, "cue_position": 16.0, "beta_rec": 0.8076984091122095, "gamma_fc": 0.7672845084217665, "beta_enc": 0.4277373293360762}, "datetime": {"delta": 0.362283, "datetime": "2020-06-14 13:00:21", "elapsed": 40.596826}}
{"target": 8.0, "params": {"gamma_cf": 0.22139670090820107, "cue_position": 16.0, "beta_rec": 0.7332450677264275, "gamma_fc": 0.21411213682064845, "beta_enc": 0.3086419476306511}, "datetime": {"delta": 0.330612, "datetime": "2020-06-14 13:00:21", "elapsed": 40.927438}}
{"target": 7.75, "params": {"gamma_cf": 0.026627884691621473, "cue_position": 16.0, "beta_rec": 0.14251833776584466, "gamma_fc": 0.11092036903424063, "beta_enc": 0.1989479234270667}, "datetime": {"delta": 0.328236, "datetime": "2020-06-14 13:00:21", "elapsed": 41.255674}}
{"target": 8.5, "params": {"gamma_cf": 0.23170231048579204, "cue_position": 16.0, "beta_rec": 0.7997765368973863, "gamma_fc": 0.20762566180381437, "beta_enc": 0.6745640237634105}, "datetime": {"delta": 0.341026, "datetime": "2020-06-14 13:00:22", "elapsed": 41.5967}}
{"target": 9.0, "params": {"gamma_cf": 0.30451798792062024, "cue_position": 16.0, "beta_rec": 0.7113145181364867, "gamma_fc": 0.8348540476317985, "beta_enc": 0.9173335630816306}, "datetime": {"delta": 0.352111, "datetime": "2020-06-14 13:00:22", "elapsed": 41.948811}}
{"target": 9.625, "params": {"gamma_cf": 0.47803130796528337, "cue_position": 16.0, "beta_rec": 0.9234562151187752, "gamma_fc": 0.1262101037493587, "beta_enc": 0.43530595762951996}, "datetime": {"delta": 0.36241, "datetime": "2020-06-14 13:00:22", "elapsed": 42.311221}}
{"target": 7.625, "params": {"gamma_cf": 0.43118175516037094, "cue_position": 16.0, "beta_rec": 0.15983365034409336, "gamma_fc": 0.40420190577514725, "beta_enc": 0.9760435504677476}, "datetime": {"delta": 0.322565, "datetime": "2020-06-14 13:00:23", "elapsed": 42.633786}}
{"target": 11.875, "params": {"gamma_cf": 0.6438956443116628, "cue_position": 16.0, "beta_rec": 0.7293189193611234, "gamma_fc": 0.7543059505762987, "beta_enc": 0.14675148076429412}, "datetime": {"delta": 0.410326, "datetime": "2020-06-14 13:00:23", "elapsed": 43.044112}}
{"target": 9.25, "params": {"gamma_cf": 0.6382187106203334, "cue_position": 16.0, "beta_rec": 0.60095424810764, "gamma_fc": 0.5971273029466491, "beta_enc": 0.21073239208332073}, "datetime": {"delta": 0.355708, "datetime": "2020-06-14 13:00:23", "elapsed": 43.39982}}
{"target": 9.75, "params": {"gamma_cf": 0.42556139026154693, "cue_position": 16.0, "beta_rec": 0.7316064712415088, "gamma_fc": 0.7821818168314053, "beta_enc": 0.29548228565549706}, "datetime": {"delta": 0.367038, "datetime": "2020-06-14 13:00:24", "elapsed": 43.766858}}
{"target": 8.25, "params": {"gamma_cf": 0.3950968688899732, "cue_position": 16.0, "beta_rec": 0.8352716024899659, "gamma_fc": 0.30008104592535645, "beta_enc": 0.056141039661915304}, "datetime": {"delta": 0.335736, "datetime": "2020-06-14 13:00:24", "elapsed": 44.102594}}
{"target": 10.75, "params": {"gamma_cf": 0.5306974384761395, "cue_position": 16.0, "beta_rec": 0.9046310029362429, "gamma_fc": 0.49411626589632507, "beta_enc": 0.08010364380604929}, "datetime": {"delta": 0.385932, "datetime": "2020-06-14 13:00:24", "elapsed": 44.488526}}
{"target": 10.5, "params": {"gamma_cf": 0.5079216999452875, "cue_position": 16.0, "beta_rec": 0.20645405888943302, "gamma_fc": 0.2615495518329871, "beta_enc": 0.13216114194293815}, "datetime": {"delta": 0.378918, "datetime": "2020-06-14 13:00:25", "elapsed": 44.867444}}
{"target": 10.375, "params": {"gamma_cf": 0.1065838767888011, "cue_position": 16.0, "beta_rec": 0.10806532869723684, "gamma_fc": 0.9857088237131878, "beta_enc": 0.3570616088827919}, "datetime": {"delta": 0.378571, "datetime": "2020-06-14 13:00:25", "elapsed": 45.246015}}
{"target": 9.625, "params": {"gamma_cf": 0.7871162896558341, "cue_position": 16.0, "beta_rec": 0.5724051124346493, "gamma_fc": 0.18960594781829654, "beta_enc": 0.17716116443841734}, "datetime": {"delta": 0.362727, "datetime": "2020-06-14 13:00:26", "elapsed": 45.608742}}
{"target": 8.0, "params": {"gamma_cf": 0.5510871741869717, "cue_position": 16.0, "beta_rec": 0.7400775431590716, "gamma_fc": 0.2166172083287794, "beta_enc": 0.5279039784081266}, "datetime": {"delta": 0.330761, "datetime": "2020-06-14 13:00:26", "elapsed": 45.939503}}
{"target": 8.0, "params": {"gamma_cf": 0.8619665576670734, "cue_position": 16.0, "beta_rec": 0.7229151935562137, "gamma_fc": 0.019775099516344263, "beta_enc": 0.7591960493171447}, "datetime": {"delta": 0.330385, "datetime": "2020-06-14 13:00:26", "elapsed": 46.269888}}
{"target": 5.5, "params": {"gamma_cf": 0.7587469310223366, "cue_position": 16.0, "beta_rec": 0.5589038111609383, "gamma_fc": 0.7169290016924699, "beta_enc": 0.8602369974231152}, "datetime": {"delta": 0.27863, "datetime": "2020-06-14 13:00:26", "elapsed": 46.548518}}
{"target": 6.125, "params": {"gamma_cf": 0.9339026083148878, "cue_position": 16.0, "beta_rec": 0.2780850486129828, "gamma_fc": 0.8578971045378938, "beta_enc": 0.9873261748084265}, "datetime": {"delta": 0.291303, "datetime": "2020-06-14 13:00:27", "elapsed": 46.839821}}
{"target": 7.375, "params": {"gamma_cf": 0.7805295568767427, "cue_position": 16.0, "beta_rec": 0.5166887829215384, "gamma_fc": 0.3748759435368594, "beta_enc": 0.7288508775192559}, "datetime": {"delta": 0.31884, "datetime": "2020-06-14 13:00:27", "elapsed": 47.158661}}
{"target": 8.875, "params": {"gamma_cf": 0.4018659239678374, "cue_position": 16.0, "beta_rec": 0.7506243191751754, "gamma_fc": 0.6973080192643409, "beta_enc": 0.7703225253299576}, "datetime": {"delta": 0.34594, "datetime": "2020-06-14 13:00:27", "elapsed": 47.504601}}
{"target": 5.875, "params": {"gamma_cf": 0.23931570743750463, "cue_position": 16.0, "beta_rec": 0.7748966467245978, "gamma_fc": 0.12076718430922972, "beta_enc": 0.0031128578251921057}, "datetime": {"delta": 0.284741, "datetime": "2020-06-14 13:00:28", "elapsed": 47.789342}}
{"target": 10.25, "params": {"gamma_cf": 0.5431664302380945, "cue_position": 16.0, "beta_rec": 0.3020967312900983, "gamma_fc": 0.2867116496064306, "beta_enc": 0.2202839877937276}, "datetime": {"delta": 0.375247, "datetime": "2020-06-14 13:00:28", "elapsed": 48.164589}}
{"target": 11.0, "params": {"gamma_cf": 0.3241385298974466, "cue_position": 16.0, "beta_rec": 0.29014446310454167, "gamma_fc": 0.45736018169099846, "beta_enc": 0.13835468979294652}, "datetime": {"delta": 0.389186, "datetime": "2020-06-14 13:00:29", "elapsed": 48.553775}}
{"target": 9.0, "params": {"gamma_cf": 0.3456988211755023, "cue_position": 16.0, "beta_rec": 0.8281353607315121, "gamma_fc": 0.6749716048091052, "beta_enc": 0.44411710701661444}, "datetime": {"delta": 0.349226, "datetime": "2020-06-14 13:00:29", "elapsed": 48.903001}}
{"target": 10.375, "params": {"gamma_cf": 0.6268556021628346, "cue_position": 16.0, "beta_rec": 0.4672458239265538, "gamma_fc": 0.8773604746948126, "beta_enc": 0.22148205573352875}, "datetime": {"delta": 0.378448, "datetime": "2020-06-14 13:00:29", "elapsed": 49.281449}}
{"target": 9.625, "params": {"gamma_cf": 0.6562293317171314, "cue_position": 16.0, "beta_rec": 0.7844574187919231, "gamma_fc": 0.13184097502750214, "beta_enc": 0.4476890001456285}, "datetime": {"delta": 0.36438, "datetime": "2020-06-14 13:00:30", "elapsed": 49.645829}}
{"target": 10.375, "params": {"gamma_cf": 0.7667745872371021, "cue_position": 16.0, "beta_rec": 0.9093119886549367, "gamma_fc": 0.5047006080958943, "beta_enc": 0.43298150696764814}, "datetime": {"delta": 0.378745, "datetime": "2020-06-14 13:00:30", "elapsed": 50.024574}}
{"target": 9.5, "params": {"gamma_cf": 0.5732722715496846, "cue_position": 16.0, "beta_rec": 0.8428998401928499, "gamma_fc": 0.9427625754329493, "beta_enc": 0.49805562482800747}, "datetime": {"delta": 0.361997, "datetime": "2020-06-14 13:00:30", "elapsed": 50.386571}}
{"target": 10.625, "params": {"gamma_cf": 0.25163914235585283, "cue_position": 16.0, "beta_rec": 0.1944658095278845, "gamma_fc": 0.700726036482538, "beta_enc": 0.5178600481723219}, "datetime": {"delta": 0.385866, "datetime": "2020-06-14 13:00:31", "elapsed": 50.772437}}
{"target": 7.75, "params": {"gamma_cf": 0.8379779620477293, "cue_position": 16.0, "beta_rec": 0.9488362882802196, "gamma_fc": 0.007932876194523097, "beta_enc": 0.5402609403968999}, "datetime": {"delta": 0.324951, "datetime": "2020-06-14 13:00:31", "elapsed": 51.097388}}
{"target": 7.25, "params": {"gamma_cf": 0.9461523954567653, "cue_position": 16.0, "beta_rec": 0.07771457033238649, "gamma_fc": 0.008939102371245067, "beta_enc": 0.989340056166638}, "datetime": {"delta": 0.317682, "datetime": "2020-06-14 13:00:31", "elapsed": 51.41507}}
{"target": 9.5, "params": {"gamma_cf": 0.2557451938059312, "cue_position": 16.0, "beta_rec": 0.8612116383667944, "gamma_fc": 0.8026895196332986, "beta_enc": 0.8227300054219355}, "datetime": {"delta": 0.362455, "datetime": "2020-06-14 13:00:32", "elapsed": 51.777525}}
{"target": 9.0, "params": {"gamma_cf": 0.8959699670066484, "cue_position": 16.0, "beta_rec": 0.13433860865569613, "gamma_fc": 0.49154515001693533, "beta_enc": 0.47786200443222115}, "datetime": {"delta": 0.349412, "datetime": "2020-06-14 13:00:32", "elapsed": 52.126937}}
{"target": 8.0, "params": {"gamma_cf": 0.39799063940792245, "cue_position": 16.0, "beta_rec": 0.41857802576409864, "gamma_fc": 0.5057420174508104, "beta_enc": 0.8567024965177922}, "datetime": {"delta": 0.332159, "datetime": "2020-06-14 13:00:32", "elapsed": 52.459096}}
{"target": 7.5, "params": {"gamma_cf": 0.10345955611640134, "cue_position": 16.0, "beta_rec": 0.9649889241109139, "gamma_fc": 0.1443154002290481, "beta_enc": 0.1895517028339273}, "datetime": {"delta": 0.318227, "datetime": "2020-06-14 13:00:33", "elapsed": 52.777323}}
{"target": 9.25, "params": {"gamma_cf": 0.7945783511847522, "cue_position": 16.0, "beta_rec": 0.7159456994623945, "gamma_fc": 0.5070799232841364, "beta_enc": 0.014092294192442956}, "datetime": {"delta": 0.355094, "datetime": "2020-06-14 13:00:33", "elapsed": 53.132417}}
{"target": 8.375, "params": {"gamma_cf": 0.4064828689770863, "cue_position": 16.0, "beta_rec": 0.6957642142718394, "gamma_fc": 0.6477706331874812, "beta_enc": 0.7918210395041538}, "datetime": {"delta": 0.334286, "datetime": "2020-06-14 13:00:33", "elapsed": 53.466703}}
{"target": 10.5, "params": {"gamma_cf": 0.4086372250132624, "cue_position": 16.0, "beta_rec": 0.321819963387904, "gamma_fc": 0.2414187479655988, "beta_enc": 0.1797942976929744}, "datetime": {"delta": 0.380248, "datetime": "2020-06-14 13:00:34", "elapsed": 53.846951}}
{"target": 9.0, "params": {"gamma_cf": 0.9824909449748953, "cue_position": 16.0, "beta_rec": 0.9752223424373121, "gamma_fc": 0.6363061258559836, "beta_enc": 0.4069219941293579}, "datetime": {"delta": 0.348736, "datetime": "2020-06-14 13:00:34", "elapsed": 54.195687}}
{"target": 8.75, "params": {"gamma_cf": 0.25203308013083936, "cue_position": 16.0, "beta_rec": 0.8574844990835966, "gamma_fc": 0.7928556779768876, "beta_enc": 0.375091018393911}, "datetime": {"delta": 0.345669, "datetime": "2020-06-14 13:00:34", "elapsed": 54.541356}}
{"target": 8.75, "params": {"gamma_cf": 0.6973688756131394, "cue_position": 16.0, "beta_rec": 0.3575111673304414, "gamma_fc": 0.26865012390622656, "beta_enc": 0.43293850873416306}, "datetime": {"delta": 0.343173, "datetime": "2020-06-14 13:00:35", "elapsed": 54.884529}}
{"target": 9.625, "params": {"gamma_cf": 0.4879214918052024, "cue_position": 16.0, "beta_rec": 0.2952887943998478, "gamma_fc": 0.8553564125953698, "beta_enc": 0.8082780137053801}, "datetime": {"delta": 0.363299, "datetime": "2020-06-14 13:00:35", "elapsed": 55.247828}}
{"target": 5.75, "params": {"gamma_cf": 0.8982050460171371, "cue_position": 16.0, "beta_rec": 0.18438444236776674, "gamma_fc": 0.4461172190344297, "beta_enc": 0.8883864343953859}, "datetime": {"delta": 0.28413, "datetime": "2020-06-14 13:00:35", "elapsed": 55.531958}}
{"target": 8.5, "params": {"gamma_cf": 0.6824537097668154, "cue_position": 16.0, "beta_rec": 0.2789908904569709, "gamma_fc": 0.2282057333504841, "beta_enc": 0.9218683054838154}, "datetime": {"delta": 0.33951, "datetime": "2020-06-14 13:00:36", "elapsed": 55.871468}}
