{"target": 6.348, "params": {"primacy": 1.0, "beta_rec": 0.8991439611624182, "gamma_fc": 0.11045547325385952, "beta_enc": 0.5998113297855756}, "datetime": {"elapsed": 4886.049856, "delta": 22.881775, "datetime": "2020-10-05 23:11:46"}}
{"target": 7.790222222222222, "params": {"primacy": 1.0, "beta_rec": 0.9174781932805399, "gamma_fc": 0.002401897439770817, "beta_enc": 0.8443779527548924}, "datetime": {"elapsed": 4911.310387, "delta": 25.260531, "datetime": "2020-10-05 23:12:11"}}
{"target": 9.292222222222223, "params": {"primacy": 1.0, "beta_rec": 0.997472812927956, "gamma_fc": 0.09598801589539163, "beta_enc": 0.9845121288372674}, "datetime": {"elapsed": 4939.00913, "delta": 27.698743, "datetime": "2020-10-05 23:12:39"}}
{"target": 5.9848888888888885, "params": {"primacy": 1.0, "beta_rec": 0.7095660979648367, "gamma_fc": 0.006458175340341432, "beta_enc": 0.5894553402428497}, "datetime": {"elapsed": 4961.174623, "delta": 22.165493, "datetime": "2020-10-05 23:13:01"}}
{"target": 8.830444444444444, "params": {"primacy": 1.0, "beta_rec": 0.9769167166519517, "gamma_fc": 0.09727591773623845, "beta_enc": 0.9256062951939708}, "datetime": {"elapsed": 4988.129866, "delta": 26.955243, "datetime": "2020-10-05 23:13:28"}}
{"target": 5.425333333333333, "params": {"primacy": 1.0, "beta_rec": 0.99823500196237, "gamma_fc": 0.13468639857556808, "beta_enc": 0.2896965427011602}, "datetime": {"elapsed": 5009.325442, "delta": 21.195576, "datetime": "2020-10-05 23:13:49"}}
{"target": 5.120444444444444, "params": {"primacy": 1.0, "beta_rec": 0.9961782132042223, "gamma_fc": 0.9939746423230048, "beta_enc": 0.3285923084644208}, "datetime": {"elapsed": 5030.025099, "delta": 20.699657, "datetime": "2020-10-05 23:14:10"}}
{"target": 9.411555555555555, "params": {"primacy": 1.0, "beta_rec": 0.9938257622696234, "gamma_fc": 0.01901391216902315, "beta_enc": 0.9975232950736543}, "datetime": {"elapsed": 5058.047504, "delta": 28.022405, "datetime": "2020-10-05 23:14:38"}}
{"target": 5.318, "params": {"primacy": 1.0, "beta_rec": 0.3148693476352391, "gamma_fc": 0.8259214913558686, "beta_enc": 0.006072578693686603}, "datetime": {"elapsed": 5079.119899, "delta": 21.072395, "datetime": "2020-10-05 23:14:59"}}
{"target": 5.270444444444444, "params": {"primacy": 1.0, "beta_rec": 0.3257238204381926, "gamma_fc": 0.20107345718462422, "beta_enc": 7.153097715162371e-05}, "datetime": {"elapsed": 5100.081484, "delta": 20.961585, "datetime": "2020-10-05 23:15:20"}}
{"target": 5.394444444444444, "params": {"primacy": 1.0, "beta_rec": 0.5133498618566031, "gamma_fc": 0.18378521894785016, "beta_enc": 0.2513819361786094}, "datetime": {"elapsed": 5121.282924, "delta": 21.20144, "datetime": "2020-10-05 23:15:41"}}
{"target": 5.308888888888889, "params": {"primacy": 1.0, "beta_rec": 0.0734902151858946, "gamma_fc": 0.9958046362310602, "beta_enc": 0.14686168292803226}, "datetime": {"elapsed": 5142.35231, "delta": 21.069386, "datetime": "2020-10-05 23:16:02"}}
{"target": 3.746666666666667, "params": {"primacy": 1.0, "beta_rec": 0.9952373891772398, "gamma_fc": 0.9957153881673114, "beta_enc": 0.708922663258431}, "datetime": {"elapsed": 5160.577575, "delta": 18.225265, "datetime": "2020-10-05 23:16:20"}}
{"target": 5.594222222222222, "params": {"primacy": 1.0, "beta_rec": 0.5529943142882421, "gamma_fc": 0.004711952630211069, "beta_enc": 0.48845932303654693}, "datetime": {"elapsed": 5182.356204, "delta": 21.778629, "datetime": "2020-10-05 23:16:42"}}
{"target": 7.042222222222222, "params": {"primacy": 1.0, "beta_rec": 0.9192542583314178, "gamma_fc": 0.16941672308665057, "beta_enc": 0.7814374530196996}, "datetime": {"elapsed": 5206.458751, "delta": 24.102547, "datetime": "2020-10-05 23:17:06"}}
{"target": 6.527555555555556, "params": {"primacy": 1.0, "beta_rec": 0.9977397190775992, "gamma_fc": 0.2957177994291089, "beta_enc": 0.9933438992184689}, "datetime": {"elapsed": 5229.481572, "delta": 23.022821, "datetime": "2020-10-05 23:17:29"}}
{"target": 5.262666666666666, "params": {"primacy": 1.0, "beta_rec": 0.4180655394929639, "gamma_fc": 0.9942136184403239, "beta_enc": 0.005842687383290857}, "datetime": {"elapsed": 5250.495934, "delta": 21.014362, "datetime": "2020-10-05 23:17:50"}}
{"target": 5.346222222222222, "params": {"primacy": 1.0, "beta_rec": 0.99969100879668, "gamma_fc": 0.4984670168281792, "beta_enc": 0.16762236718516543}, "datetime": {"elapsed": 5271.669651, "delta": 21.173717, "datetime": "2020-10-05 23:18:11"}}
{"target": 4.848222222222222, "params": {"primacy": 1.0, "beta_rec": 0.0017907822721231481, "gamma_fc": 0.2580705363298863, "beta_enc": 0.377679943325297}, "datetime": {"elapsed": 5292.087986, "delta": 20.418335, "datetime": "2020-10-05 23:18:32"}}
{"target": 5.596666666666667, "params": {"primacy": 1.0, "beta_rec": 0.8602484203532168, "gamma_fc": 0.10068721943212133, "beta_enc": 0.392181767471407}, "datetime": {"elapsed": 5313.721009, "delta": 21.633023, "datetime": "2020-10-05 23:18:53"}}
{"target": 5.266444444444444, "params": {"primacy": 1.0, "beta_rec": 0.43307367813496545, "gamma_fc": 0.5532007468440936, "beta_enc": 0.005200965068244301}, "datetime": {"elapsed": 5334.860906, "delta": 21.139897, "datetime": "2020-10-05 23:19:14"}}
{"target": 5.276444444444445, "params": {"primacy": 1.0, "beta_rec": 0.652289574499984, "gamma_fc": 0.5226746546740435, "beta_enc": 0.14472630833089728}, "datetime": {"elapsed": 5356.060394, "delta": 21.199488, "datetime": "2020-10-05 23:19:36"}}
{"target": 4.970444444444444, "params": {"primacy": 1.0, "beta_rec": 0.009884483129237842, "gamma_fc": 0.7671672795394564, "beta_enc": 0.33566753892450696}, "datetime": {"elapsed": 5376.767316, "delta": 20.706922, "datetime": "2020-10-05 23:19:56"}}
{"target": 5.3004444444444445, "params": {"primacy": 1.0, "beta_rec": 0.4616393528671482, "gamma_fc": 0.0007422739746650864, "beta_enc": 0.008618200158374778}, "datetime": {"elapsed": 5398.000449, "delta": 21.233133, "datetime": "2020-10-05 23:20:18"}}
{"target": 5.366444444444444, "params": {"primacy": 1.0, "beta_rec": 0.16275050080973152, "gamma_fc": 0.43539056813393096, "beta_enc": 0.000938812141057066}, "datetime": {"elapsed": 5419.607498, "delta": 21.607049, "datetime": "2020-10-05 23:20:39"}}
{"target": 5.317333333333333, "params": {"primacy": 1.0, "beta_rec": 0.8260697045155108, "gamma_fc": 0.9999445308863534, "beta_enc": 0.0055144981655201875}, "datetime": {"elapsed": 5440.887779, "delta": 21.280281, "datetime": "2020-10-05 23:21:00"}}
{"target": 5.507111111111111, "params": {"primacy": 1.0, "beta_rec": 0.8419291089665362, "gamma_fc": 0.37384088944542004, "beta_enc": 0.6276781870660451}, "datetime": {"elapsed": 5462.590026, "delta": 21.702247, "datetime": "2020-10-05 23:21:22"}}
{"target": 5.237777777777778, "params": {"primacy": 1.0, "beta_rec": 0.9990369444652754, "gamma_fc": 0.8272740325208021, "beta_enc": 0.20642266854462532}, "datetime": {"elapsed": 5483.798845, "delta": 21.208819, "datetime": "2020-10-05 23:21:43"}}
{"target": 5.262666666666667, "params": {"primacy": 1.0, "beta_rec": 0.0001979675796880409, "gamma_fc": 0.2956858410895027, "beta_enc": 0.007055267661028708}, "datetime": {"elapsed": 5505.051972, "delta": 21.253127, "datetime": "2020-10-05 23:22:05"}}
{"target": 4.976888888888889, "params": {"primacy": 1.0, "beta_rec": 0.26205518340043543, "gamma_fc": 0.7288981494157457, "beta_enc": 0.42144135577331576}, "datetime": {"elapsed": 5525.728248, "delta": 20.676276, "datetime": "2020-10-05 23:22:25"}}
{"target": 6.910666666666666, "params": {"primacy": 1.0, "beta_rec": 0.9993971617695369, "gamma_fc": 0.013507659886057621, "beta_enc": 0.7018500176714695}, "datetime": {"elapsed": 5550.095179, "delta": 24.366931, "datetime": "2020-10-05 23:22:50"}}
{"target": 5.333333333333333, "params": {"primacy": 1.0, "beta_rec": 0.9990540761383021, "gamma_fc": 0.002418930737847047, "beta_enc": 0.19749725337723123}, "datetime": {"elapsed": 5571.527686, "delta": 21.432507, "datetime": "2020-10-05 23:23:11"}}
{"target": 4.0697777777777775, "params": {"primacy": 1.0, "beta_rec": 0.0009568857905689621, "gamma_fc": 0.9985976347401802, "beta_enc": 0.5349074927256964}, "datetime": {"elapsed": 5590.665793, "delta": 19.138107, "datetime": "2020-10-05 23:23:30"}}
{"target": 5.336444444444444, "params": {"primacy": 1.0, "beta_rec": 0.9977087651733196, "gamma_fc": 0.5107658298915185, "beta_enc": 0.730060974994489}, "datetime": {"elapsed": 5612.023861, "delta": 21.358068, "datetime": "2020-10-05 23:23:52"}}
{"target": 5.037777777777778, "params": {"primacy": 1.0, "beta_rec": 0.0001847530446511536, "gamma_fc": 0.002699779942477276, "beta_enc": 0.3120269364564131}, "datetime": {"elapsed": 5632.932092, "delta": 20.908231, "datetime": "2020-10-05 23:24:13"}}
