{"target": 10.179166666666667, "params": {"gamma_cf": 0.2444629621255803, "beta_enc": 0.01694862901344575, "beta_rec": 0.023700978143243255, "cue_position": 1.0, "gamma_fc": 0.8611840491382295}, "datetime": {"delta": 102.339601, "datetime": "2020-06-24 23:28:03", "elapsed": 22405.530864}}
{"target": 10.183333333333334, "params": {"gamma_cf": 0.2236439719299329, "beta_enc": 0.023685854496984893, "beta_rec": 0.024624935688691337, "cue_position": 1.0, "gamma_fc": 0.8461234049082157}, "datetime": {"delta": 109.18472, "datetime": "2020-06-24 23:29:53", "elapsed": 22514.715584}}
{"target": 9.9, "params": {"gamma_cf": 0.8054527921203016, "beta_enc": 0.05792933878604471, "beta_rec": 0.10499821604982552, "cue_position": 1.0, "gamma_fc": 0.44838433925766863}, "datetime": {"delta": 111.983075, "datetime": "2020-06-24 23:31:45", "elapsed": 22626.698659}}
{"target": 10.245833333333334, "params": {"gamma_cf": 0.2398349789619815, "beta_enc": 0.03018720129642074, "beta_rec": 0.0, "cue_position": 1.0, "gamma_fc": 0.840094520076907}, "datetime": {"delta": 119.158869, "datetime": "2020-06-24 23:33:44", "elapsed": 22745.857528}}
{"target": 10.258333333333333, "params": {"gamma_cf": 0.8232825514511345, "beta_enc": 0.0478446517096361, "beta_rec": 0.1074262884227485, "cue_position": 1.0, "gamma_fc": 0.43948132866219547}, "datetime": {"delta": 106.870141, "datetime": "2020-06-24 23:35:31", "elapsed": 22852.727669}}
{"target": 10.383333333333333, "params": {"gamma_cf": 0.8540666991489952, "beta_enc": 0.1261969462014334, "beta_rec": 0.7542755978026521, "cue_position": 1.0, "gamma_fc": 0.884421629544662}, "datetime": {"delta": 104.001357, "datetime": "2020-06-24 23:37:15", "elapsed": 22956.729026}}
{"target": 10.066666666666666, "params": {"gamma_cf": 0.7648565628929465, "beta_enc": 0.08358607109420188, "beta_rec": 0.465248771195852, "cue_position": 1.0, "gamma_fc": 0.8300787061470964}, "datetime": {"delta": 107.449541, "datetime": "2020-06-24 23:39:02", "elapsed": 23064.178567}}
{"target": 10.2, "params": {"gamma_cf": 0.2639452668075525, "beta_enc": 0.01897672239692734, "beta_rec": 0.028743017708177006, "cue_position": 1.0, "gamma_fc": 0.8669214495991446}, "datetime": {"delta": 115.456374, "datetime": "2020-06-24 23:40:58", "elapsed": 23179.634941}}
{"target": 10.358333333333333, "params": {"gamma_cf": 0.7778149982775691, "beta_enc": 0.07382639966945381, "beta_rec": 0.4760147859120945, "cue_position": 1.0, "gamma_fc": 0.8457498982195206}, "datetime": {"delta": 109.111139, "datetime": "2020-06-24 23:42:47", "elapsed": 23288.74608}}
{"target": 10.279166666666667, "params": {"gamma_cf": 0.8026102547326112, "beta_enc": 0.037583046881324814, "beta_rec": 0.09643035390017105, "cue_position": 1.0, "gamma_fc": 0.46693748112002503}, "datetime": {"delta": 105.289004, "datetime": "2020-06-24 23:44:32", "elapsed": 23394.035084}}
{"target": 10.5375, "params": {"gamma_cf": 0.7763633179787152, "beta_enc": 0.0662089707152482, "beta_rec": 0.4431867758392449, "cue_position": 1.0, "gamma_fc": 0.8069013148495675}, "datetime": {"delta": 101.271676, "datetime": "2020-06-24 23:46:13", "elapsed": 23495.30676}}
{"target": 10.391666666666667, "params": {"gamma_cf": 0.818628851994167, "beta_enc": 0.05969441525511079, "beta_rec": 0.08762066393725748, "cue_position": 1.0, "gamma_fc": 0.42729884574202065}, "datetime": {"delta": 110.391197, "datetime": "2020-06-24 23:48:04", "elapsed": 23605.697957}}
{"target": 10.241666666666667, "params": {"gamma_cf": 0.8357305334613978, "beta_enc": 0.059887216289623436, "beta_rec": 0.9130113016389636, "cue_position": 1.0, "gamma_fc": 0.8799491094581081}, "datetime": {"delta": 115.877752, "datetime": "2020-06-24 23:49:59", "elapsed": 23721.575709}}
{"target": 10.15, "params": {"gamma_cf": 0.8142401654784248, "beta_enc": 0.05604951311556222, "beta_rec": 0.1277649463623286, "cue_position": 1.0, "gamma_fc": 0.4374567899869695}, "datetime": {"delta": 109.331735, "datetime": "2020-06-24 23:51:49", "elapsed": 23830.907444}}
{"target": 10.241666666666667, "params": {"gamma_cf": 0.7887207962166458, "beta_enc": 0.06186887651051296, "beta_rec": 0.48770251690765054, "cue_position": 1.0, "gamma_fc": 0.8077016419396025}, "datetime": {"delta": 102.867177, "datetime": "2020-06-24 23:53:32", "elapsed": 23933.774621}}
{"target": 10.154166666666667, "params": {"gamma_cf": 0.8212678896362147, "beta_enc": 0.05358869489257521, "beta_rec": 0.09157693530101296, "cue_position": 1.0, "gamma_fc": 0.45396336493227984}, "datetime": {"delta": 98.176152, "datetime": "2020-06-24 23:55:10", "elapsed": 24031.950773}}
{"target": 10.383333333333333, "params": {"gamma_cf": 0.8218121692584966, "beta_enc": 0.06693951346767714, "beta_rec": 0.10297842255924518, "cue_position": 1.0, "gamma_fc": 0.42717737496148406}, "datetime": {"delta": 111.710313, "datetime": "2020-06-24 23:57:02", "elapsed": 24143.661086}}
{"target": 10.416666666666666, "params": {"gamma_cf": 0.7220333780011967, "beta_enc": 0.030025821112340468, "beta_rec": 0.8357985189391806, "cue_position": 1.0, "gamma_fc": 0.941803940280328}, "datetime": {"delta": 114.984544, "datetime": "2020-06-24 23:58:57", "elapsed": 24258.64563}}
{"target": 10.3125, "params": {"gamma_cf": 0.8069568416375397, "beta_enc": 0.037353849958452257, "beta_rec": 0.10762897012195001, "cue_position": 1.0, "gamma_fc": 0.45047839911552756}, "datetime": {"delta": 106.27615, "datetime": "2020-06-25 00:00:43", "elapsed": 24364.92178}}
{"target": 10.3875, "params": {"gamma_cf": 0.8440057908932997, "beta_enc": 0.057320853177686745, "beta_rec": 0.9262170063462205, "cue_position": 1.0, "gamma_fc": 0.8766379141828782}, "datetime": {"delta": 99.06571, "datetime": "2020-06-25 00:02:22", "elapsed": 24463.98749}}
{"target": 10.333333333333334, "params": {"gamma_cf": 0.5900084988379534, "beta_enc": 0.010604299232905914, "beta_rec": 0.9066170430741334, "cue_position": 1.0, "gamma_fc": 0.9729269252452779}, "datetime": {"delta": 102.982932, "datetime": "2020-06-25 00:04:05", "elapsed": 24566.970422}}
{"target": 10.129166666666666, "params": {"gamma_cf": 0.8178523680683364, "beta_enc": 0.035323782694071326, "beta_rec": 0.9100520922840806, "cue_position": 1.0, "gamma_fc": 0.9165083358788761}, "datetime": {"delta": 109.352084, "datetime": "2020-06-25 00:05:54", "elapsed": 24676.322506}}
{"target": 10.091666666666667, "params": {"gamma_cf": 0.8332725166792672, "beta_enc": 0.04730548726868466, "beta_rec": 0.9159087857722555, "cue_position": 1.0, "gamma_fc": 0.8886077739924094}, "datetime": {"delta": 121.196674, "datetime": "2020-06-25 00:07:55", "elapsed": 24797.51918}}
{"target": 10.316666666666666, "params": {"gamma_cf": 0.8353533662780136, "beta_enc": 0.05411120590965959, "beta_rec": 0.9200886875783421, "cue_position": 1.0, "gamma_fc": 0.8806490858491888}, "datetime": {"delta": 111.500725, "datetime": "2020-06-25 00:09:47", "elapsed": 24909.019905}}
{"target": 10.491666666666667, "params": {"gamma_cf": 0.7850544717963653, "beta_enc": 0.04425912604084823, "beta_rec": 0.8553891338841489, "cue_position": 1.0, "gamma_fc": 0.9471585113573552}, "datetime": {"delta": 105.733886, "datetime": "2020-06-25 00:11:33", "elapsed": 25014.753791}}
{"target": 10.304166666666667, "params": {"gamma_cf": 0.8476981475915311, "beta_enc": 0.06285628385359607, "beta_rec": 0.9204313005188164, "cue_position": 1.0, "gamma_fc": 0.8765138647772189}, "datetime": {"delta": 109.396426, "datetime": "2020-06-25 00:13:22", "elapsed": 25124.150217}}
{"target": 10.120833333333334, "params": {"gamma_cf": 0.7752557255706689, "beta_enc": 0.0499447407670785, "beta_rec": 0.09300504897609482, "cue_position": 1.0, "gamma_fc": 0.48268597188845347}, "datetime": {"delta": 103.635291, "datetime": "2020-06-25 00:15:06", "elapsed": 25227.785508}}
{"target": 10.254166666666666, "params": {"gamma_cf": 0.8076583018934472, "beta_enc": 0.051926696103436754, "beta_rec": 0.09201708288198233, "cue_position": 1.0, "gamma_fc": 0.4173765214685878}, "datetime": {"delta": 106.643031, "datetime": "2020-06-25 00:16:52", "elapsed": 25334.428539}}
{"target": 10.3875, "params": {"gamma_cf": 0.8263947249493565, "beta_enc": 0.026780178433546697, "beta_rec": 0.8960634450841749, "cue_position": 1.0, "gamma_fc": 0.9360349117258546}, "datetime": {"delta": 105.625807, "datetime": "2020-06-25 00:18:38", "elapsed": 25440.054346}}
{"target": 10.441666666666666, "params": {"gamma_cf": 0.7741988103736211, "beta_enc": 0.06179916864087088, "beta_rec": 0.456164809254526, "cue_position": 1.0, "gamma_fc": 0.810090503412861}, "datetime": {"delta": 106.340497, "datetime": "2020-06-25 00:20:24", "elapsed": 25546.394843}}
{"target": 10.291666666666666, "params": {"gamma_cf": 0.8199111137255881, "beta_enc": 0.06164080908788509, "beta_rec": 0.1022003596126482, "cue_position": 1.0, "gamma_fc": 0.4047289016501711}, "datetime": {"delta": 101.931777, "datetime": "2020-06-25 00:22:06", "elapsed": 25648.32662}}
{"target": 10.354166666666666, "params": {"gamma_cf": 0.6475845034749067, "beta_enc": 0.014808667731894962, "beta_rec": 0.8625636872230904, "cue_position": 1.0, "gamma_fc": 0.9623532807072662}, "datetime": {"delta": 106.534471, "datetime": "2020-06-25 00:23:53", "elapsed": 25754.861091}}
{"target": 10.2, "params": {"gamma_cf": 0.7717292742769624, "beta_enc": 0.07097296392434484, "beta_rec": 0.4379990505118593, "cue_position": 1.0, "gamma_fc": 0.81460732041191}, "datetime": {"delta": 106.08352, "datetime": "2020-06-25 00:25:39", "elapsed": 25860.944611}}
{"target": 10.254166666666666, "params": {"gamma_cf": 0.8363058182098666, "beta_enc": 0.0533635992281643, "beta_rec": 0.9121124584454698, "cue_position": 1.0, "gamma_fc": 0.8861502508790149}, "datetime": {"delta": 103.721278, "datetime": "2020-06-25 00:27:23", "elapsed": 25964.665889}}
{"target": 10.145833333333334, "params": {"gamma_cf": 0.7782496769428254, "beta_enc": 0.07236766561931887, "beta_rec": 0.44943865901840224, "cue_position": 1.0, "gamma_fc": 0.8038710064906663}, "datetime": {"delta": 101.815812, "datetime": "2020-06-25 00:29:04", "elapsed": 26066.481701}}
{"target": 9.904166666666667, "params": {"gamma_cf": 0.5622678430447685, "beta_enc": 0.06353103504468177, "beta_rec": 0.9172001747827266, "cue_position": 1.0, "gamma_fc": 0.934967374727518}, "datetime": {"delta": 109.376868, "datetime": "2020-06-25 00:30:54", "elapsed": 26175.858569}}
{"target": 10.441666666666666, "params": {"gamma_cf": 0.84262516715383, "beta_enc": 0.0655252099339665, "beta_rec": 0.9239614502848996, "cue_position": 1.0, "gamma_fc": 0.8707642438048273}, "datetime": {"delta": 108.515108, "datetime": "2020-06-25 00:32:42", "elapsed": 26284.373677}}
{"target": 10.520833333333334, "params": {"gamma_cf": 0.8268981545176466, "beta_enc": 0.020233709141445875, "beta_rec": 0.8917464935455738, "cue_position": 1.0, "gamma_fc": 0.9501990680451983}, "datetime": {"delta": 89.931051, "datetime": "2020-06-25 00:34:12", "elapsed": 26374.304728}}
{"target": 10.308333333333334, "params": {"gamma_cf": 0.8178255027162299, "beta_enc": 0.057030675062229794, "beta_rec": 0.9041893390318668, "cue_position": 1.0, "gamma_fc": 0.883427636217243}, "datetime": {"delta": 93.581176, "datetime": "2020-06-25 00:35:46", "elapsed": 26467.885904}}
{"target": 10.454166666666667, "params": {"gamma_cf": 0.8171628257299737, "beta_enc": 0.02839430647633426, "beta_rec": 0.8817572831463413, "cue_position": 1.0, "gamma_fc": 0.950814163286522}, "datetime": {"delta": 99.175789, "datetime": "2020-06-25 00:37:25", "elapsed": 26567.061693}}
{"target": 10.383333333333333, "params": {"gamma_cf": 0.8955805727483552, "beta_enc": 0.09408951964737342, "beta_rec": 0.4651811842634267, "cue_position": 1.0, "gamma_fc": 0.4668825128086911}, "datetime": {"delta": 103.7147, "datetime": "2020-06-25 00:39:09", "elapsed": 26670.776393}}
{"target": 10.2375, "params": {"gamma_cf": 0.7687088421326556, "beta_enc": 0.06392870224768994, "beta_rec": 0.44705528855599574, "cue_position": 1.0, "gamma_fc": 0.8088443304465558}, "datetime": {"delta": 97.600485, "datetime": "2020-06-25 00:40:46", "elapsed": 26768.376878}}
{"target": 10.345833333333333, "params": {"gamma_cf": 0.9775654060491702, "beta_enc": 0.007871514988721715, "beta_rec": 0.7613948067921152, "cue_position": 1.0, "gamma_fc": 0.2309993333119086}, "datetime": {"delta": 85.17992, "datetime": "2020-06-25 00:42:11", "elapsed": 26853.556798}}
{"target": 10.333333333333334, "params": {"gamma_cf": 0.7786028570315688, "beta_enc": 0.06595385721025553, "beta_rec": 0.44819284104484997, "cue_position": 1.0, "gamma_fc": 0.814078777653944}, "datetime": {"delta": 87.092368, "datetime": "2020-06-25 00:43:39", "elapsed": 26940.649166}}
{"target": 10.479166666666666, "params": {"gamma_cf": 0.8009212280004645, "beta_enc": 0.03917447615999738, "beta_rec": 0.09121642062663833, "cue_position": 1.0, "gamma_fc": 0.45104375108857264}, "datetime": {"delta": 99.82853, "datetime": "2020-06-25 00:45:18", "elapsed": 27040.477696}}
{"target": 10.4, "params": {"gamma_cf": 0.7824053371678723, "beta_enc": 0.08361148749765189, "beta_rec": 0.47699285550834164, "cue_position": 1.0, "gamma_fc": 0.8357525318712092}, "datetime": {"delta": 108.410526, "datetime": "2020-06-25 00:47:07", "elapsed": 27148.888222}}
{"target": 10.5125, "params": {"gamma_cf": 0.561402535542322, "beta_enc": 0.03302682157894034, "beta_rec": 0.8999352503762321, "cue_position": 1.0, "gamma_fc": 0.9497568054478812}, "datetime": {"delta": 105.536965, "datetime": "2020-06-25 00:48:52", "elapsed": 27254.425187}}
{"target": 10.1, "params": {"gamma_cf": 0.780742148195365, "beta_enc": 0.06352070470293628, "beta_rec": 0.4334733751210006, "cue_position": 1.0, "gamma_fc": 0.8026027119576133}, "datetime": {"delta": 102.715299, "datetime": "2020-06-25 00:50:35", "elapsed": 27357.140486}}
{"target": 10.229166666666666, "params": {"gamma_cf": 0.2469003972806273, "beta_enc": 0.021195193210469632, "beta_rec": 0.027293090077027325, "cue_position": 1.0, "gamma_fc": 0.8586648529396296}, "datetime": {"delta": 93.901544, "datetime": "2020-06-25 00:52:09", "elapsed": 27451.04203}}
{"target": 10.120833333333334, "params": {"gamma_cf": 0.2493272123141131, "beta_enc": 0.0046444716592999105, "beta_rec": 0.03222555558221828, "cue_position": 1.0, "gamma_fc": 0.8381142725391563}, "datetime": {"delta": 74.37102, "datetime": "2020-06-25 00:53:23", "elapsed": 27525.41305}}
{"target": 10.491666666666667, "params": {"gamma_cf": 0.23514601814864422, "beta_enc": 0.033607279515272155, "beta_rec": 0.013809763783046665, "cue_position": 1.0, "gamma_fc": 0.8348187106180479}, "datetime": {"delta": 84.583124, "datetime": "2020-06-25 00:54:48", "elapsed": 27609.996174}}
{"target": 10.158333333333333, "params": {"gamma_cf": 0.8166738907744332, "beta_enc": 0.05715119402742631, "beta_rec": 0.1020837118428797, "cue_position": 1.0, "gamma_fc": 0.426582346113705}, "datetime": {"delta": 82.417022, "datetime": "2020-06-25 00:56:10", "elapsed": 27692.413196}}
{"target": 10.3875, "params": {"gamma_cf": 0.2465857776278121, "beta_enc": 0.02013531079513392, "beta_rec": 0.02542757761697557, "cue_position": 1.0, "gamma_fc": 0.8616286938599207}, "datetime": {"delta": 85.86335, "datetime": "2020-06-25 00:57:36", "elapsed": 27778.276546}}
{"target": 10.179166666666667, "params": {"gamma_cf": 0.7561206678007225, "beta_enc": 0.08690691834671697, "beta_rec": 0.4981965337607133, "cue_position": 1.0, "gamma_fc": 0.82235472791262}, "datetime": {"delta": 74.34325, "datetime": "2020-06-25 00:58:51", "elapsed": 27852.619796}}
{"target": 10.35, "params": {"gamma_cf": 0.24744875566011637, "beta_enc": 0.030493576999532708, "beta_rec": 0.018442765765669774, "cue_position": 1.0, "gamma_fc": 0.8543918384171059}, "datetime": {"delta": 70.942137, "datetime": "2020-06-25 01:00:01", "elapsed": 27923.561933}}
{"target": 10.329166666666667, "params": {"gamma_cf": 0.8064752320730451, "beta_enc": 0.05813873471946487, "beta_rec": 0.5143689413585136, "cue_position": 1.0, "gamma_fc": 0.7917523225213656}, "datetime": {"delta": 63.792789, "datetime": "2020-06-25 01:01:05", "elapsed": 27987.354722}}
{"target": 10.258333333333333, "params": {"gamma_cf": 0.7559181490814953, "beta_enc": 0.1581811511911463, "beta_rec": 0.926188569111851, "cue_position": 1.0, "gamma_fc": 0.7278512175849619}, "datetime": {"delta": 67.010963, "datetime": "2020-06-25 01:02:12", "elapsed": 28054.365685}}
{"target": 10.320833333333333, "params": {"gamma_cf": 0.7761018317512943, "beta_enc": 0.0619055698501755, "beta_rec": 0.47038701046749337, "cue_position": 1.0, "gamma_fc": 0.8177968051909443}, "datetime": {"delta": 67.42363, "datetime": "2020-06-25 01:03:20", "elapsed": 28121.789315}}
{"target": 10.258333333333333, "params": {"gamma_cf": 0.7929745867815571, "beta_enc": 0.14535068831736353, "beta_rec": 0.08283684586566575, "cue_position": 1.0, "gamma_fc": 0.18711969924198046}, "datetime": {"delta": 71.018571, "datetime": "2020-06-25 01:04:31", "elapsed": 28192.807886}}
{"target": 10.458333333333334, "params": {"gamma_cf": 0.800849186577381, "beta_enc": 0.06020378082873628, "beta_rec": 0.8378940598202902, "cue_position": 1.0, "gamma_fc": 0.9372087403747421}, "datetime": {"delta": 76.820172, "datetime": "2020-06-25 01:05:48", "elapsed": 28269.628058}}
{"target": 10.091666666666667, "params": {"gamma_cf": 0.24540573592637988, "beta_enc": 0.018830675606185936, "beta_rec": 0.026138403104405166, "cue_position": 1.0, "gamma_fc": 0.8595979908825808}, "datetime": {"delta": 76.246317, "datetime": "2020-06-25 01:07:04", "elapsed": 28345.874375}}
{"target": 10.258333333333333, "params": {"gamma_cf": 0.9647117101567505, "beta_enc": 0.3083014600547942, "beta_rec": 0.3444194821381123, "cue_position": 1.0, "gamma_fc": 0.20121670444600412}, "datetime": {"delta": 61.888087, "datetime": "2020-06-25 01:08:06", "elapsed": 28407.762462}}
{"target": 10.354166666666666, "params": {"gamma_cf": 0.7822817411728715, "beta_enc": 0.044480739211263054, "beta_rec": 0.8556016743007318, "cue_position": 1.0, "gamma_fc": 0.9381550597676577}, "datetime": {"delta": 60.872128, "datetime": "2020-06-25 01:09:07", "elapsed": 28468.63459}}
{"target": 10.129166666666666, "params": {"gamma_cf": 0.7272450223543182, "beta_enc": 0.02836797478744457, "beta_rec": 0.8335852751957985, "cue_position": 1.0, "gamma_fc": 0.9423561064071206}, "datetime": {"delta": 59.993092, "datetime": "2020-06-25 01:10:07", "elapsed": 28528.627682}}
{"target": 10.425, "params": {"gamma_cf": 0.8571433284617473, "beta_enc": 0.17262201615052233, "beta_rec": 0.5379596788850515, "cue_position": 1.0, "gamma_fc": 0.8614647481753857}, "datetime": {"delta": 61.78392, "datetime": "2020-06-25 01:11:08", "elapsed": 28590.411602}}
{"target": 10.283333333333333, "params": {"gamma_cf": 0.8841988782837422, "beta_enc": 0.20107092513694583, "beta_rec": 0.8855763969288473, "cue_position": 1.0, "gamma_fc": 0.6776474269647164}, "datetime": {"delta": 62.5236, "datetime": "2020-06-25 01:12:11", "elapsed": 28652.935202}}
{"target": 10.2375, "params": {"gamma_cf": 0.5616259780478005, "beta_enc": 0.015561363425226108, "beta_rec": 0.893485033267409, "cue_position": 1.0, "gamma_fc": 0.9090848480847625}, "datetime": {"delta": 66.666446, "datetime": "2020-06-25 01:13:17", "elapsed": 28719.601648}}
{"target": 10.170833333333333, "params": {"gamma_cf": 0.8132443695632313, "beta_enc": 0.0435906942323685, "beta_rec": 0.08630104906992597, "cue_position": 1.0, "gamma_fc": 0.44932613435559954}, "datetime": {"delta": 67.758166, "datetime": "2020-06-25 01:14:25", "elapsed": 28787.359814}}
{"target": 10.241666666666667, "params": {"gamma_cf": 0.8222651045628372, "beta_enc": 0.05371432807727394, "beta_rec": 0.08209740204488825, "cue_position": 1.0, "gamma_fc": 0.41987018355331995}, "datetime": {"delta": 68.526624, "datetime": "2020-06-25 01:15:34", "elapsed": 28855.886438}}
{"target": 10.2125, "params": {"gamma_cf": 0.8159230137461526, "beta_enc": 0.057306693516503165, "beta_rec": 0.08767143633434235, "cue_position": 1.0, "gamma_fc": 0.41448717899249266}, "datetime": {"delta": 69.987974, "datetime": "2020-06-25 01:16:44", "elapsed": 28925.874412}}
{"target": 10.454166666666667, "params": {"gamma_cf": 0.23813958034551197, "beta_enc": 0.03567107476372763, "beta_rec": 0.007087675701239484, "cue_position": 1.0, "gamma_fc": 0.8386583988768925}, "datetime": {"delta": 69.56912, "datetime": "2020-06-25 01:17:53", "elapsed": 28995.443532}}
{"target": 10.383333333333333, "params": {"gamma_cf": 0.9044535169867094, "beta_enc": 0.17748909959359946, "beta_rec": 0.6287306677220569, "cue_position": 1.0, "gamma_fc": 0.739669470810794}, "datetime": {"delta": 64.137453, "datetime": "2020-06-25 01:18:57", "elapsed": 29059.580985}}
{"target": 10.55, "params": {"gamma_cf": 0.8895517663629215, "beta_enc": 0.12185331821341736, "beta_rec": 0.416598137596909, "cue_position": 1.0, "gamma_fc": 0.48218256148122396}, "datetime": {"delta": 65.416415, "datetime": "2020-06-25 01:20:03", "elapsed": 29124.9974}}
{"target": 10.366666666666667, "params": {"gamma_cf": 0.8230069466879327, "beta_enc": 0.06193295340645, "beta_rec": 0.1076652134661562, "cue_position": 1.0, "gamma_fc": 0.41507103070456475}, "datetime": {"delta": 63.327125, "datetime": "2020-06-25 01:21:06", "elapsed": 29188.324525}}
{"target": 10.3875, "params": {"gamma_cf": 0.23558368127295365, "beta_enc": 0.03511908298951775, "beta_rec": 0.013556878470681231, "cue_position": 1.0, "gamma_fc": 0.8387234610108689}, "datetime": {"delta": 64.866482, "datetime": "2020-06-25 01:22:11", "elapsed": 29253.191007}}
{"target": 10.425, "params": {"gamma_cf": 0.9010694114413521, "beta_enc": 0.17654199063757353, "beta_rec": 0.630762621622802, "cue_position": 1.0, "gamma_fc": 0.7377150272853963}, "datetime": {"delta": 68.338784, "datetime": "2020-06-25 01:23:19", "elapsed": 29321.529791}}
{"target": 10.291666666666666, "params": {"gamma_cf": 0.8217781875721529, "beta_enc": 0.027414419971675374, "beta_rec": 0.8899035234409488, "cue_position": 1.0, "gamma_fc": 0.9535025087564427}, "datetime": {"delta": 69.310092, "datetime": "2020-06-25 01:24:29", "elapsed": 29390.839883}}
