{"target": 9.625, "params": {"cue_position": 10.0, "beta_rec": 0.6455644082734328, "beta_enc": 0.8577386145114406, "gamma_fc": 0.7454983307481646, "gamma_cf": 0.2080974099989472}, "datetime": {"delta": 0.383206, "elapsed": 168.281105, "datetime": "2020-06-14 09:45:52"}}
{"target": 8.625, "params": {"cue_position": 10.0, "beta_rec": 0.48447006094850675, "beta_enc": 0.40340662833417285, "gamma_fc": 0.9643727973861176, "gamma_cf": 0.1374435496242309}, "datetime": {"delta": 0.360248, "elapsed": 168.641353, "datetime": "2020-06-14 09:45:52"}}
{"target": 9.25, "params": {"cue_position": 10.0, "beta_rec": 0.09944025725488481, "beta_enc": 0.04262968179657989, "gamma_fc": 0.4558728073695024, "gamma_cf": 0.8065850822605141}, "datetime": {"delta": 0.374684, "elapsed": 169.016037, "datetime": "2020-06-14 09:45:53"}}
{"target": 8.875, "params": {"cue_position": 10.0, "beta_rec": 0.17432113751983724, "beta_enc": 0.6532511422613194, "gamma_fc": 0.7402936352802216, "gamma_cf": 0.5208483405537891}, "datetime": {"delta": 0.36839, "elapsed": 169.384427, "datetime": "2020-06-14 09:45:53"}}
{"target": 8.0, "params": {"cue_position": 10.0, "beta_rec": 0.8696140851211128, "beta_enc": 0.46247446521502844, "gamma_fc": 0.23490222080210488, "gamma_cf": 0.2490900884519328}, "datetime": {"delta": 0.347818, "elapsed": 169.732245, "datetime": "2020-06-14 09:45:53"}}
{"target": 8.625, "params": {"cue_position": 10.0, "beta_rec": 0.7566160562962172, "beta_enc": 0.3740467168670696, "gamma_fc": 0.26161079268292176, "gamma_cf": 0.8619059993188329}, "datetime": {"delta": 0.359814, "elapsed": 170.092059, "datetime": "2020-06-14 09:45:54"}}
{"target": 9.5, "params": {"cue_position": 10.0, "beta_rec": 0.6115440994503215, "beta_enc": 0.4122789279785698, "gamma_fc": 0.10142077688127671, "gamma_cf": 0.3892749454089657}, "datetime": {"delta": 0.37949, "elapsed": 170.471549, "datetime": "2020-06-14 09:45:54"}}
{"target": 7.375, "params": {"cue_position": 10.0, "beta_rec": 0.08813516392543386, "beta_enc": 0.7122448043972556, "gamma_fc": 0.7084507915153727, "gamma_cf": 0.8634484403326346}, "datetime": {"delta": 0.335707, "elapsed": 170.807256, "datetime": "2020-06-14 09:45:55"}}
{"target": 7.5, "params": {"cue_position": 10.0, "beta_rec": 0.6991465654129165, "beta_enc": 0.4864245738076861, "gamma_fc": 0.7864170822798477, "gamma_cf": 0.7974959842933487}, "datetime": {"delta": 0.336639, "elapsed": 171.143895, "datetime": "2020-06-14 09:45:55"}}
{"target": 7.125, "params": {"cue_position": 10.0, "beta_rec": 0.3178175503505978, "beta_enc": 0.15552858387362167, "gamma_fc": 0.5666455566878987, "gamma_cf": 0.3641702986535258}, "datetime": {"delta": 0.328028, "elapsed": 171.471923, "datetime": "2020-06-14 09:45:55"}}
{"target": 8.75, "params": {"cue_position": 10.0, "beta_rec": 0.6599697189638991, "beta_enc": 0.041687442520287776, "gamma_fc": 0.4508926565007, "gamma_cf": 0.4164625561731081}, "datetime": {"delta": 0.363501, "elapsed": 171.835424, "datetime": "2020-06-14 09:45:56"}}
{"target": 8.0, "params": {"cue_position": 10.0, "beta_rec": 0.38328031012801256, "beta_enc": 0.3487267695476459, "gamma_fc": 0.5512566489358516, "gamma_cf": 0.0681300573940744}, "datetime": {"delta": 0.347485, "elapsed": 172.182909, "datetime": "2020-06-14 09:45:56"}}
{"target": 9.625, "params": {"cue_position": 10.0, "beta_rec": 0.1454997892217088, "beta_enc": 0.5958669456166511, "gamma_fc": 0.8307513669044257, "gamma_cf": 0.2863771315373824}, "datetime": {"delta": 0.382559, "elapsed": 172.565468, "datetime": "2020-06-14 09:45:56"}}
{"target": 9.0, "params": {"cue_position": 10.0, "beta_rec": 0.5521388075534814, "beta_enc": 0.15342094116241234, "gamma_fc": 0.3506171893069536, "gamma_cf": 0.3434200931086723}, "datetime": {"delta": 0.367714, "elapsed": 172.933182, "datetime": "2020-06-14 09:45:57"}}
{"target": 9.5, "params": {"cue_position": 10.0, "beta_rec": 0.43697250949576694, "beta_enc": 0.4251840314564501, "gamma_fc": 0.090625252477302, "gamma_cf": 0.9462971417594128}, "datetime": {"delta": 23.950358, "elapsed": 196.88354, "datetime": "2020-06-14 09:46:21"}}
{"target": 10.25, "params": {"cue_position": 10.0, "beta_rec": 0.4134576166215517, "beta_enc": 0.42364611010164904, "gamma_fc": 0.05590068590859457, "gamma_cf": 0.9509624216837461}, "datetime": {"delta": 25.795918, "elapsed": 222.679458, "datetime": "2020-06-14 09:46:46"}}
{"target": 9.0, "params": {"cue_position": 10.0, "beta_rec": 0.42539874776904757, "beta_enc": 0.4156896235243577, "gamma_fc": 0.06920061416718583, "gamma_cf": 0.9485529445698436}, "datetime": {"delta": 27.454932, "elapsed": 250.13439, "datetime": "2020-06-14 09:47:14"}}
{"target": 8.75, "params": {"cue_position": 10.0, "beta_rec": 0.3500849218796229, "beta_enc": 0.5651693774839829, "gamma_fc": 0.6623358520883968, "gamma_cf": 0.23017020838944724}, "datetime": {"delta": 10.714045, "elapsed": 260.848435, "datetime": "2020-06-14 09:47:25"}}
{"target": 8.5, "params": {"cue_position": 10.0, "beta_rec": 0.06239028154905091, "beta_enc": 0.017107010460302607, "gamma_fc": 0.5657828642566866, "gamma_cf": 0.6074557415594736}, "datetime": {"delta": 8.963115, "elapsed": 269.81155, "datetime": "2020-06-14 09:47:34"}}
{"target": 9.125, "params": {"cue_position": 10.0, "beta_rec": 0.29805842667828264, "beta_enc": 0.24759270017699508, "gamma_fc": 0.8699236985633424, "gamma_cf": 0.0801255366725826}, "datetime": {"delta": 8.535919, "elapsed": 278.347469, "datetime": "2020-06-14 09:47:42"}}
{"target": 10.375, "params": {"cue_position": 10.0, "beta_rec": 0.8136495496272139, "beta_enc": 0.4163771474975161, "gamma_fc": 0.2522282720050122, "gamma_cf": 0.706707916550715}, "datetime": {"delta": 8.272144, "elapsed": 286.619613, "datetime": "2020-06-14 09:47:50"}}
{"target": 9.5, "params": {"cue_position": 10.0, "beta_rec": 0.6731204417800227, "beta_enc": 0.18259827026177444, "gamma_fc": 0.11381470001802385, "gamma_cf": 0.9707187806367934}, "datetime": {"delta": 7.887604, "elapsed": 294.507217, "datetime": "2020-06-14 09:47:58"}}
{"target": 8.875, "params": {"cue_position": 10.0, "beta_rec": 0.9732556715707469, "beta_enc": 0.6077750508250267, "gamma_fc": 0.3138153866411431, "gamma_cf": 0.9452783825106837}, "datetime": {"delta": 8.602967, "elapsed": 303.110184, "datetime": "2020-06-14 09:48:07"}}
{"target": 9.25, "params": {"cue_position": 10.0, "beta_rec": 0.6371350323603463, "beta_enc": 0.22964309576023245, "gamma_fc": 0.9002814463709352, "gamma_cf": 0.02595452041034607}, "datetime": {"delta": 8.719623, "elapsed": 311.829807, "datetime": "2020-06-14 09:48:16"}}
{"target": 9.625, "params": {"cue_position": 10.0, "beta_rec": 0.12186367020037886, "beta_enc": 0.3280386215566747, "gamma_fc": 0.12740746192547128, "gamma_cf": 0.4408924705478919}, "datetime": {"delta": 8.578399, "elapsed": 320.408206, "datetime": "2020-06-14 09:48:24"}}
{"target": 7.25, "params": {"cue_position": 10.0, "beta_rec": 0.21149453978521973, "beta_enc": 0.6356154995286675, "gamma_fc": 0.26588387785007134, "gamma_cf": 0.06522663937795664}, "datetime": {"delta": 8.739186, "elapsed": 329.147392, "datetime": "2020-06-14 09:48:33"}}
{"target": 7.625, "params": {"cue_position": 10.0, "beta_rec": 0.980431229462825, "beta_enc": 0.6053154143583452, "gamma_fc": 0.32019999763042595, "gamma_cf": 0.9549547149306556}, "datetime": {"delta": 9.073023, "elapsed": 338.220415, "datetime": "2020-06-14 09:48:42"}}
{"target": 7.5, "params": {"cue_position": 10.0, "beta_rec": 0.703541911127885, "beta_enc": 0.911667856424291, "gamma_fc": 0.8313880553626328, "gamma_cf": 0.30260504519382636}, "datetime": {"delta": 8.812419, "elapsed": 347.032834, "datetime": "2020-06-14 09:48:51"}}
{"target": 8.375, "params": {"cue_position": 10.0, "beta_rec": 0.029068617721665913, "beta_enc": 0.2148006985962937, "gamma_fc": 0.6943777086038769, "gamma_cf": 0.03609274130379858}, "datetime": {"delta": 9.109015, "elapsed": 356.141849, "datetime": "2020-06-14 09:49:00"}}
{"target": 7.875, "params": {"cue_position": 10.0, "beta_rec": 0.024892727573403772, "beta_enc": 0.16198600373747485, "gamma_fc": 0.6421444522021612, "gamma_cf": 0.17529133179377832}, "datetime": {"delta": 9.017851, "elapsed": 365.1597, "datetime": "2020-06-14 09:49:09"}}
{"target": 9.375, "params": {"cue_position": 10.0, "beta_rec": 0.46538119143991896, "beta_enc": 0.021666883098886536, "gamma_fc": 0.8858342976541791, "gamma_cf": 0.032059442888744405}, "datetime": {"delta": 9.581998, "elapsed": 374.741698, "datetime": "2020-06-14 09:49:19"}}
{"target": 9.25, "params": {"cue_position": 10.0, "beta_rec": 0.15512682860062343, "beta_enc": 0.6295671046887825, "gamma_fc": 0.015336086494685874, "gamma_cf": 0.25828110747335664}, "datetime": {"delta": 8.881104, "elapsed": 383.622802, "datetime": "2020-06-14 09:49:27"}}
{"target": 6.125, "params": {"cue_position": 10.0, "beta_rec": 0.7797441333444882, "beta_enc": 0.7717013420858966, "gamma_fc": 0.17393414711859512, "gamma_cf": 0.2369594971409419}, "datetime": {"delta": 8.888591, "elapsed": 392.511393, "datetime": "2020-06-14 09:49:36"}}
{"target": 7.0, "params": {"cue_position": 10.0, "beta_rec": 0.41385392279683675, "beta_enc": 0.2505516691009021, "gamma_fc": 0.4746725011013283, "gamma_cf": 0.4752985010206924}, "datetime": {"delta": 8.999794, "elapsed": 401.511187, "datetime": "2020-06-14 09:49:45"}}
{"target": 9.5, "params": {"cue_position": 10.0, "beta_rec": 0.8117009906019549, "beta_enc": 0.40560845037581517, "gamma_fc": 0.25114914682362444, "gamma_cf": 0.711781851988895}, "datetime": {"delta": 9.41216, "elapsed": 410.923347, "datetime": "2020-06-14 09:49:55"}}
{"target": 10.75, "params": {"cue_position": 10.0, "beta_rec": 0.6837918367469198, "beta_enc": 0.4216187509067082, "gamma_fc": 0.021239634371898464, "gamma_cf": 0.8731913761436256}, "datetime": {"delta": 8.983268, "elapsed": 419.906615, "datetime": "2020-06-14 09:50:04"}}
{"target": 8.625, "params": {"cue_position": 10.0, "beta_rec": 0.5892076289057718, "beta_enc": 0.8466354882161702, "gamma_fc": 0.744249702728577, "gamma_cf": 0.1837929746961532}, "datetime": {"delta": 9.227289, "elapsed": 429.133904, "datetime": "2020-06-14 09:50:13"}}
{"target": 10.0, "params": {"cue_position": 10.0, "beta_rec": 0.043339925622228215, "beta_enc": 0.2814436672992606, "gamma_fc": 0.5761555566461797, "gamma_cf": 0.55411507754319}, "datetime": {"delta": 9.568232, "elapsed": 438.702136, "datetime": "2020-06-14 09:50:22"}}
{"target": 10.0, "params": {"cue_position": 10.0, "beta_rec": 0.43018744170229317, "beta_enc": 0.41934920072753035, "gamma_fc": 0.07795312324988402, "gamma_cf": 0.9558374402540877}, "datetime": {"delta": 8.815095, "elapsed": 447.517231, "datetime": "2020-06-14 09:50:31"}}
{"target": 9.125, "params": {"cue_position": 10.0, "beta_rec": 0.4154364812674243, "beta_enc": 0.42680181857510435, "gamma_fc": 0.04618601262820732, "gamma_cf": 0.9546405078393275}, "datetime": {"delta": 9.367045, "elapsed": 456.884276, "datetime": "2020-06-14 09:50:41"}}
{"target": 11.375, "params": {"cue_position": 10.0, "beta_rec": 0.6831370533538984, "beta_enc": 0.42159692979149777, "gamma_fc": 0.023280033879352027, "gamma_cf": 0.8735922321413093}, "datetime": {"delta": 9.516902, "elapsed": 466.401178, "datetime": "2020-06-14 09:50:50"}}
{"target": 9.375, "params": {"cue_position": 10.0, "beta_rec": 0.819070440408036, "beta_enc": 0.4098300467389493, "gamma_fc": 0.24999544437892285, "gamma_cf": 0.6959434626398248}, "datetime": {"delta": 8.676989, "elapsed": 475.078167, "datetime": "2020-06-14 09:50:59"}}
{"target": 9.25, "params": {"cue_position": 10.0, "beta_rec": 0.028841825579478696, "beta_enc": 0.3554387905368473, "gamma_fc": 0.034160284272368585, "gamma_cf": 0.7527738474919223}, "datetime": {"delta": 8.910882, "elapsed": 483.989049, "datetime": "2020-06-14 09:51:08"}}
{"target": 8.125, "params": {"cue_position": 10.0, "beta_rec": 0.7047210128143695, "beta_enc": 0.6434528944358324, "gamma_fc": 0.03827942874108303, "gamma_cf": 0.792415239850114}, "datetime": {"delta": 9.536707, "elapsed": 493.525756, "datetime": "2020-06-14 09:51:17"}}
{"target": 10.25, "params": {"cue_position": 10.0, "beta_rec": 0.8587010846640684, "beta_enc": 0.9014147649637483, "gamma_fc": 0.7994135804437553, "gamma_cf": 0.026909851530103057}, "datetime": {"delta": 8.983965, "elapsed": 502.509721, "datetime": "2020-06-14 09:51:26"}}
{"target": 11.25, "params": {"cue_position": 10.0, "beta_rec": 0.6837656027054831, "beta_enc": 0.4202059687398523, "gamma_fc": 0.028485233776046726, "gamma_cf": 0.8653113385326301}, "datetime": {"delta": 9.461697, "elapsed": 511.971418, "datetime": "2020-06-14 09:51:36"}}
{"target": 7.375, "params": {"cue_position": 10.0, "beta_rec": 0.9112925613384818, "beta_enc": 0.44272379066990286, "gamma_fc": 0.12838485204478825, "gamma_cf": 0.28981055745953627}, "datetime": {"delta": 9.289141, "elapsed": 521.260559, "datetime": "2020-06-14 09:51:45"}}
{"target": 9.5, "params": {"cue_position": 10.0, "beta_rec": 0.36341334332092123, "beta_enc": 0.5450094166788466, "gamma_fc": 0.3956708056905883, "gamma_cf": 0.9505794562728064}, "datetime": {"delta": 9.549283, "elapsed": 530.809842, "datetime": "2020-06-14 09:51:55"}}
{"target": 11.125, "params": {"cue_position": 10.0, "beta_rec": 0.8316318303697898, "beta_enc": 0.5221811038603317, "gamma_fc": 0.284170786579772, "gamma_cf": 0.814590759016942}, "datetime": {"delta": 9.326473, "elapsed": 540.136315, "datetime": "2020-06-14 09:52:04"}}
{"target": 8.125, "params": {"cue_position": 10.0, "beta_rec": 0.048825898275287494, "beta_enc": 0.2731857003535022, "gamma_fc": 0.578044743940868, "gamma_cf": 0.5445443857335687}, "datetime": {"delta": 9.257769, "elapsed": 549.394084, "datetime": "2020-06-14 09:52:13"}}
{"target": 9.125, "params": {"cue_position": 10.0, "beta_rec": 0.8147592893353074, "beta_enc": 0.41280201029775837, "gamma_fc": 0.24772312752679035, "gamma_cf": 0.7049081805952467}, "datetime": {"delta": 9.293178, "elapsed": 558.687262, "datetime": "2020-06-14 09:52:22"}}
{"target": 11.25, "params": {"cue_position": 10.0, "beta_rec": 0.3651211537640023, "beta_enc": 0.5431470521991387, "gamma_fc": 0.38892563264792074, "gamma_cf": 0.9547968203362698}, "datetime": {"delta": 9.905168, "elapsed": 568.59243, "datetime": "2020-06-14 09:52:32"}}
{"target": 8.75, "params": {"cue_position": 10.0, "beta_rec": 0.26885600121762554, "beta_enc": 0.5798365701391859, "gamma_fc": 0.36589305651059467, "gamma_cf": 0.6675196857794706}, "datetime": {"delta": 9.696884, "elapsed": 578.289314, "datetime": "2020-06-14 09:52:42"}}
{"target": 11.25, "params": {"cue_position": 10.0, "beta_rec": 0.2724654646251323, "beta_enc": 0.20712454894848475, "gamma_fc": 0.13333680560943628, "gamma_cf": 0.881266768604006}, "datetime": {"delta": 10.203683, "elapsed": 588.492997, "datetime": "2020-06-14 09:52:52"}}
{"target": 7.375, "params": {"cue_position": 10.0, "beta_rec": 0.7338913670387263, "beta_enc": 0.14941675272020405, "gamma_fc": 0.7562892705121834, "gamma_cf": 0.6563060262987185}, "datetime": {"delta": 10.031101, "elapsed": 598.524098, "datetime": "2020-06-14 09:53:02"}}
{"target": 8.75, "params": {"cue_position": 10.0, "beta_rec": 0.9027223892921522, "beta_enc": 0.46077255134278594, "gamma_fc": 0.13126379343121275, "gamma_cf": 0.29592032706902394}, "datetime": {"delta": 9.355243, "elapsed": 607.879341, "datetime": "2020-06-14 09:53:12"}}
{"target": 9.5, "params": {"cue_position": 10.0, "beta_rec": 0.6527744673561041, "beta_enc": 0.37598689605695956, "gamma_fc": 0.007922007655689067, "gamma_cf": 0.5596097410885716}, "datetime": {"delta": 9.58236, "elapsed": 617.461701, "datetime": "2020-06-14 09:53:21"}}
{"target": 10.0, "params": {"cue_position": 10.0, "beta_rec": 0.6210389225249694, "beta_enc": 0.3729636589512445, "gamma_fc": 0.15825497026228902, "gamma_cf": 0.982855871646454}, "datetime": {"delta": 10.104943, "elapsed": 627.566644, "datetime": "2020-06-14 09:53:31"}}
{"target": 9.125, "params": {"cue_position": 10.0, "beta_rec": 0.6814263488583319, "beta_enc": 0.18645669261705672, "gamma_fc": 0.11970238348266943, "gamma_cf": 0.9730152756573269}, "datetime": {"delta": 10.356704, "elapsed": 637.923348, "datetime": "2020-06-14 09:53:42"}}
{"target": 10.125, "params": {"cue_position": 10.0, "beta_rec": 0.6764356260055256, "beta_enc": 0.19955424880161754, "gamma_fc": 0.12444883544882024, "gamma_cf": 0.9798307744081319}, "datetime": {"delta": 9.72818, "elapsed": 647.651528, "datetime": "2020-06-14 09:53:51"}}
{"target": 8.0, "params": {"cue_position": 10.0, "beta_rec": 0.2681456886465088, "beta_enc": 0.20732498301312774, "gamma_fc": 0.1488599808009322, "gamma_cf": 0.8783514848276658}, "datetime": {"delta": 9.848517, "elapsed": 657.500045, "datetime": "2020-06-14 09:54:01"}}
{"target": 10.125, "params": {"cue_position": 10.0, "beta_rec": 0.11074337329687475, "beta_enc": 0.03610616486835326, "gamma_fc": 0.6237077212629446, "gamma_cf": 0.03029195154306089}, "datetime": {"delta": 10.571489, "elapsed": 668.071534, "datetime": "2020-06-14 09:54:12"}}
{"target": 11.375, "params": {"cue_position": 10.0, "beta_rec": 0.4273544889474343, "beta_enc": 0.42194116656008207, "gamma_fc": 0.07505596224454933, "gamma_cf": 0.9498546381478211}, "datetime": {"delta": 10.801161, "elapsed": 678.872695, "datetime": "2020-06-14 09:54:23"}}
{"target": 10.875, "params": {"cue_position": 10.0, "beta_rec": 0.9354156941327423, "beta_enc": 0.25833773961011935, "gamma_fc": 0.025934083774175335, "gamma_cf": 0.9830042388333743}, "datetime": {"delta": 10.374188, "elapsed": 689.246883, "datetime": "2020-06-14 09:54:33"}}
{"target": 9.25, "params": {"cue_position": 10.0, "beta_rec": 0.4212407245322373, "beta_enc": 0.5240941541073588, "gamma_fc": 0.18175838374505504, "gamma_cf": 0.9306369052439502}, "datetime": {"delta": 10.377232, "elapsed": 699.624115, "datetime": "2020-06-14 09:54:43"}}
{"target": 9.125, "params": {"cue_position": 10.0, "beta_rec": 0.11582373824645475, "beta_enc": 0.03366313361515161, "gamma_fc": 0.6362367328453058, "gamma_cf": 0.021286652024106623}, "datetime": {"delta": 10.812509, "elapsed": 710.436624, "datetime": "2020-06-14 09:54:54"}}
{"target": 8.5, "params": {"cue_position": 10.0, "beta_rec": 0.8308715358859079, "beta_enc": 0.5217323208887545, "gamma_fc": 0.28361180799372243, "gamma_cf": 0.8170585614519075}, "datetime": {"delta": 10.872575, "elapsed": 721.309199, "datetime": "2020-06-14 09:55:05"}}
{"target": 9.25, "params": {"cue_position": 10.0, "beta_rec": 0.9605762177252113, "beta_enc": 0.8659159525727946, "gamma_fc": 0.09389924398752492, "gamma_cf": 0.8507874550549556}, "datetime": {"delta": 11.002449, "elapsed": 732.311648, "datetime": "2020-06-14 09:55:16"}}
{"target": 8.625, "params": {"cue_position": 10.0, "beta_rec": 0.7240490803319078, "beta_enc": 0.4945922995280928, "gamma_fc": 0.13353040523723336, "gamma_cf": 0.45445740702636006}, "datetime": {"delta": 10.899489, "elapsed": 743.211137, "datetime": "2020-06-14 09:55:27"}}
{"target": 8.0, "params": {"cue_position": 10.0, "beta_rec": 0.886957006187929, "beta_enc": 0.4466379236261272, "gamma_fc": 0.26536556438692016, "gamma_cf": 0.40226946837343724}, "datetime": {"delta": 11.225182, "elapsed": 754.436319, "datetime": "2020-06-14 09:55:38"}}
{"target": 5.625, "params": {"cue_position": 10.0, "beta_rec": 0.32148572789588103, "beta_enc": 0.005004721429230807, "gamma_fc": 0.355602592838829, "gamma_cf": 0.29463838462944114}, "datetime": {"delta": 11.144679, "elapsed": 765.580998, "datetime": "2020-06-14 09:55:49"}}
{"target": 8.625, "params": {"cue_position": 10.0, "beta_rec": 0.8615409681711148, "beta_enc": 0.3342941259601351, "gamma_fc": 0.4547279982612258, "gamma_cf": 0.6962668086474101}, "datetime": {"delta": 11.32052, "elapsed": 776.901518, "datetime": "2020-06-14 09:56:01"}}
{"target": 8.375, "params": {"cue_position": 10.0, "beta_rec": 0.9647714823217278, "beta_enc": 0.4522473580330668, "gamma_fc": 0.6574168428194869, "gamma_cf": 0.3513603630898062}, "datetime": {"delta": 11.14525, "elapsed": 788.046768, "datetime": "2020-06-14 09:56:12"}}
{"target": 8.125, "params": {"cue_position": 10.0, "beta_rec": 0.0306363747299101, "beta_enc": 0.6120173734429714, "gamma_fc": 0.4830979142540692, "gamma_cf": 0.056488205101418165}, "datetime": {"delta": 11.630011, "elapsed": 799.676779, "datetime": "2020-06-14 09:56:23"}}
{"target": 9.625, "params": {"cue_position": 10.0, "beta_rec": 0.26960895236738025, "beta_enc": 0.5747263085958397, "gamma_fc": 0.34886148853788357, "gamma_cf": 0.6677991164361018}, "datetime": {"delta": 11.738468, "elapsed": 811.415247, "datetime": "2020-06-14 09:56:35"}}
{"target": 8.75, "params": {"cue_position": 10.0, "beta_rec": 0.7923392154677504, "beta_enc": 0.2715060510165941, "gamma_fc": 0.1355349912540973, "gamma_cf": 0.6136748586628663}, "datetime": {"delta": 11.022914, "elapsed": 822.438161, "datetime": "2020-06-14 09:56:46"}}
{"target": 7.5, "params": {"cue_position": 10.0, "beta_rec": 0.9567143294900359, "beta_enc": 0.8727996344579371, "gamma_fc": 0.09301709617421505, "gamma_cf": 0.8563472178475171}, "datetime": {"delta": 11.066658, "elapsed": 833.504819, "datetime": "2020-06-14 09:56:57"}}
{"target": 9.25, "params": {"cue_position": 10.0, "beta_rec": 0.03194346884604837, "beta_enc": 0.5898098788149501, "gamma_fc": 0.0149421837103213, "gamma_cf": 0.7809389059298388}, "datetime": {"delta": 11.8722, "elapsed": 845.377019, "datetime": "2020-06-14 09:57:09"}}
{"target": 9.875, "params": {"cue_position": 10.0, "beta_rec": 0.6766307898004204, "beta_enc": 0.1932038635216482, "gamma_fc": 0.10851953628488309, "gamma_cf": 0.9843911521586813}, "datetime": {"delta": 11.535486, "elapsed": 856.912505, "datetime": "2020-06-14 09:57:21"}}
{"target": 8.0, "params": {"cue_position": 10.0, "beta_rec": 0.3197342793222069, "beta_enc": 0.3958311594812256, "gamma_fc": 0.9687099761398587, "gamma_cf": 0.4238286527110837}, "datetime": {"delta": 11.22924, "elapsed": 868.141745, "datetime": "2020-06-14 09:57:32"}}
