{"target": 7.531555555555556, "params": {"gamma_fc": 0.19680736173036914, "enc_rate": 1.0, "cue_position": 3.0, "k": 3.0, "beta_rec": 0.6420573842422629, "beta_enc": 0.10920347460312292}, "datetime": {"elapsed": 8351.762835, "delta": 49.009957, "datetime": "2021-04-07 13:35:12"}}
{"target": 7.516222222222223, "params": {"gamma_fc": 0.18789469327508848, "enc_rate": 1.0, "cue_position": 3.0, "k": 3.0, "beta_rec": 0.7305430209674739, "beta_enc": 0.18356407078201128}, "datetime": {"elapsed": 8399.451901, "delta": 47.689066, "datetime": "2021-04-07 13:36:00"}}
{"target": 7.5395555555555545, "params": {"gamma_fc": 0.35095408289520796, "enc_rate": 1.0, "cue_position": 3.0, "k": 3.0, "beta_rec": 0.7578654148617027, "beta_enc": 0.03503920654350819}, "datetime": {"elapsed": 8446.796393, "delta": 47.344492, "datetime": "2021-04-07 13:36:47"}}
{"target": 7.502666666666667, "params": {"gamma_fc": 0.05023244099265556, "enc_rate": 1.0, "cue_position": 3.0, "k": 3.0, "beta_rec": 0.06770361146467543, "beta_enc": 0.13120402781499446}, "datetime": {"elapsed": 8494.978742, "delta": 48.182349, "datetime": "2021-04-07 13:37:36"}}
{"target": 7.496222222222222, "params": {"gamma_fc": 0.0, "enc_rate": 1.0, "cue_position": 3.0, "k": 3.0, "beta_rec": 0.0, "beta_enc": 0.25823235088073215}, "datetime": {"elapsed": 8541.52646, "delta": 46.547718, "datetime": "2021-04-07 13:38:22"}}
{"target": 7.561111111111112, "params": {"gamma_fc": 0.26315296978595604, "enc_rate": 1.0, "cue_position": 3.0, "k": 3.0, "beta_rec": 0.0, "beta_enc": 0.14892318493191467}, "datetime": {"elapsed": 8589.303493, "delta": 47.777033, "datetime": "2021-04-07 13:39:10"}}
{"target": 7.574, "params": {"gamma_fc": 0.1894711073132305, "enc_rate": 1.0, "cue_position": 3.0, "k": 3.0, "beta_rec": 0.9267545569810476, "beta_enc": 0.06093821513943323}, "datetime": {"elapsed": 8635.748564, "delta": 46.445071, "datetime": "2021-04-07 13:39:56"}}
{"target": 7.506666666666666, "params": {"gamma_fc": 0.6663769723056099, "enc_rate": 1.0, "cue_position": 3.0, "k": 3.0, "beta_rec": 0.14773508747425823, "beta_enc": 0.0}, "datetime": {"elapsed": 8683.573071, "delta": 47.824507, "datetime": "2021-04-07 13:40:44"}}
{"target": 7.548444444444445, "params": {"gamma_fc": 0.6465852891684212, "enc_rate": 1.0, "cue_position": 3.0, "k": 3.0, "beta_rec": 0.3100742227738334, "beta_enc": 0.007398536497557474}, "datetime": {"elapsed": 8730.283756, "delta": 46.710685, "datetime": "2021-04-07 13:41:31"}}
{"target": 7.531777777777778, "params": {"gamma_fc": 0.0, "enc_rate": 1.0, "cue_position": 3.0, "k": 3.0, "beta_rec": 0.2024564889486367, "beta_enc": 0.0}, "datetime": {"elapsed": 8778.288869, "delta": 48.005113, "datetime": "2021-04-07 13:42:19"}}
{"target": 7.5311111111111115, "params": {"gamma_fc": 0.37059591055417396, "enc_rate": 1.0, "cue_position": 3.0, "k": 3.0, "beta_rec": 0.3660278853338362, "beta_enc": 0.09751624151629637}, "datetime": {"elapsed": 8825.62846, "delta": 47.339591, "datetime": "2021-04-07 13:43:06"}}
{"target": 7.5231111111111115, "params": {"gamma_fc": 0.43614280341085543, "enc_rate": 1.0, "cue_position": 3.0, "k": 3.0, "beta_rec": 0.21431124839255403, "beta_enc": 0.2792476887397524}, "datetime": {"elapsed": 8873.197283, "delta": 47.568823, "datetime": "2021-04-07 13:43:54"}}
{"target": 7.482222222222222, "params": {"gamma_fc": 1.0, "enc_rate": 1.0, "cue_position": 3.0, "k": 3.0, "beta_rec": 0.9092097061770134, "beta_enc": 0.09075123327085048}, "datetime": {"elapsed": 8920.881387, "delta": 47.684104, "datetime": "2021-04-07 13:44:41"}}
{"target": 7.581333333333333, "params": {"gamma_fc": 0.8767937082702973, "enc_rate": 1.0, "cue_position": 3.0, "k": 3.0, "beta_rec": 1.0, "beta_enc": 0.017870598029291848}, "datetime": {"elapsed": 8969.738551, "delta": 48.857164, "datetime": "2021-04-07 13:45:30"}}
{"target": 7.464444444444444, "params": {"gamma_fc": 0.529837481173049, "enc_rate": 1.0, "cue_position": 3.0, "k": 3.0, "beta_rec": 0.48082309186176503, "beta_enc": 0.26657877661993284}, "datetime": {"elapsed": 9017.864391, "delta": 48.12584, "datetime": "2021-04-07 13:46:18"}}
{"target": 7.548888888888889, "params": {"gamma_fc": 0.1708843976768073, "enc_rate": 1.0, "cue_position": 3.0, "k": 3.0, "beta_rec": 0.17103128832204173, "beta_enc": 0.0}, "datetime": {"elapsed": 9065.950489, "delta": 48.086098, "datetime": "2021-04-07 13:47:07"}}
{"target": 7.495777777777778, "params": {"gamma_fc": 0.1093883972320268, "enc_rate": 1.0, "cue_position": 3.0, "k": 3.0, "beta_rec": 0.24657102350180535, "beta_enc": 0.3989049348270564}, "datetime": {"elapsed": 9114.458309, "delta": 48.50782, "datetime": "2021-04-07 13:47:55"}}
{"target": 7.553111111111112, "params": {"gamma_fc": 0.08761664722499712, "enc_rate": 1.0, "cue_position": 3.0, "k": 3.0, "beta_rec": 0.45795127185602547, "beta_enc": 0.17555803293273847}, "datetime": {"elapsed": 9162.499894, "delta": 48.041585, "datetime": "2021-04-07 13:48:43"}}
{"target": 7.5713333333333335, "params": {"gamma_fc": 0.8022836346860136, "enc_rate": 1.0, "cue_position": 3.0, "k": 3.0, "beta_rec": 0.09225434370485149, "beta_enc": 0.0}, "datetime": {"elapsed": 9211.903683, "delta": 49.403789, "datetime": "2021-04-07 13:49:32"}}
{"target": 7.504888888888888, "params": {"gamma_fc": 0.8635547336236392, "enc_rate": 1.0, "cue_position": 3.0, "k": 3.0, "beta_rec": 0.5870981769735211, "beta_enc": 0.0970231721783754}, "datetime": {"elapsed": 9260.916376, "delta": 49.012693, "datetime": "2021-04-07 13:50:21"}}
{"target": 7.518000000000001, "params": {"gamma_fc": 0.9903929362163861, "enc_rate": 1.0, "cue_position": 3.0, "k": 3.0, "beta_rec": 0.4019540137994906, "beta_enc": 0.0}, "datetime": {"elapsed": 9308.641959, "delta": 47.725583, "datetime": "2021-04-07 13:51:09"}}
{"target": 7.508444444444445, "params": {"gamma_fc": 0.7561247141310992, "enc_rate": 1.0, "cue_position": 3.0, "k": 3.0, "beta_rec": 1.0, "beta_enc": 0.0}, "datetime": {"elapsed": 9356.543201, "delta": 47.901242, "datetime": "2021-04-07 13:51:57"}}
{"target": 7.5135555555555555, "params": {"gamma_fc": 0.5851924429772367, "enc_rate": 1.0, "cue_position": 3.0, "k": 3.0, "beta_rec": 0.23614852892685018, "beta_enc": 0.11625025540284405}, "datetime": {"elapsed": 9404.839178, "delta": 48.295977, "datetime": "2021-04-07 13:52:45"}}
{"target": 7.577111111111111, "params": {"gamma_fc": 0.7305218016577869, "enc_rate": 1.0, "cue_position": 3.0, "k": 3.0, "beta_rec": 0.550219418013839, "beta_enc": 0.0}, "datetime": {"elapsed": 9454.034547, "delta": 49.195369, "datetime": "2021-04-07 13:53:35"}}
{"target": 7.538222222222222, "params": {"gamma_fc": 0.45330898152872506, "enc_rate": 1.0, "cue_position": 3.0, "k": 3.0, "beta_rec": 0.889007456868623, "beta_enc": 0.0}, "datetime": {"elapsed": 9502.19295, "delta": 48.158403, "datetime": "2021-04-07 13:54:23"}}
{"target": 7.5280000000000005, "params": {"gamma_fc": 0.0, "enc_rate": 1.0, "cue_position": 3.0, "k": 3.0, "beta_rec": 0.4325112826318258, "beta_enc": 0.412975748361142}, "datetime": {"elapsed": 9551.005541, "delta": 48.812591, "datetime": "2021-04-07 13:55:12"}}
{"target": 7.533333333333333, "params": {"gamma_fc": 0.20241303375628375, "enc_rate": 1.0, "cue_position": 3.0, "k": 3.0, "beta_rec": 0.0, "beta_enc": 0.2433097067263683}, "datetime": {"elapsed": 9598.394525, "delta": 47.388984, "datetime": "2021-04-07 13:55:59"}}
{"target": 7.560666666666667, "params": {"gamma_fc": 0.33657999878172107, "enc_rate": 1.0, "cue_position": 3.0, "k": 3.0, "beta_rec": 1.0, "beta_enc": 0.1364474688220135}, "datetime": {"elapsed": 9646.364977, "delta": 47.970452, "datetime": "2021-04-07 13:56:47"}}
{"target": 7.526888888888889, "params": {"gamma_fc": 0.8562146571869341, "enc_rate": 1.0, "cue_position": 3.0, "k": 3.0, "beta_rec": 0.9230071194257953, "beta_enc": 0.08109025551525133}, "datetime": {"elapsed": 9693.778775, "delta": 47.413798, "datetime": "2021-04-07 13:57:34"}}
{"target": 7.554666666666667, "params": {"gamma_fc": 0.0, "enc_rate": 1.0, "cue_position": 3.0, "k": 3.0, "beta_rec": 0.18919151376787058, "beta_enc": 0.3112051997400025}, "datetime": {"elapsed": 9742.73713, "delta": 48.958355, "datetime": "2021-04-07 13:58:23"}}
{"target": 7.544222222222222, "params": {"gamma_fc": 0.16442761740596135, "enc_rate": 1.0, "cue_position": 3.0, "k": 3.0, "beta_rec": 0.6677088942894046, "beta_enc": 0.0}, "datetime": {"elapsed": 9791.476395, "delta": 48.739265, "datetime": "2021-04-07 13:59:12"}}
{"target": 7.522222222222223, "params": {"gamma_fc": 0.4493623825232569, "enc_rate": 1.0, "cue_position": 3.0, "k": 3.0, "beta_rec": 1.0, "beta_enc": 0.05114481136437403}, "datetime": {"elapsed": 9838.475105, "delta": 46.99871, "datetime": "2021-04-07 13:59:59"}}
{"target": 7.544, "params": {"gamma_fc": 0.9994731848866526, "enc_rate": 1.0, "cue_position": 3.0, "k": 3.0, "beta_rec": 0.699434864677728, "beta_enc": 0.0}, "datetime": {"elapsed": 9887.386601, "delta": 48.911496, "datetime": "2021-04-07 14:00:48"}}
{"target": 7.512444444444445, "params": {"gamma_fc": 0.0, "enc_rate": 1.0, "cue_position": 3.0, "k": 3.0, "beta_rec": 0.0, "beta_enc": 0.13151578970620628}, "datetime": {"elapsed": 9935.889362, "delta": 48.502761, "datetime": "2021-04-07 14:01:36"}}
{"target": 7.551777777777778, "params": {"gamma_fc": 0.001214053652073499, "enc_rate": 1.0, "cue_position": 3.0, "k": 3.0, "beta_rec": 0.10391323131126307, "beta_enc": 0.24454438175849025}, "datetime": {"elapsed": 9983.401165, "delta": 47.511803, "datetime": "2021-04-07 14:02:24"}}
{"target": 7.5088888888888885, "params": {"gamma_fc": 0.0, "enc_rate": 1.0, "cue_position": 3.0, "k": 3.0, "beta_rec": 0.08368923182883405, "beta_enc": 0.0}, "datetime": {"elapsed": 10031.904147, "delta": 48.502982, "datetime": "2021-04-07 14:03:12"}}
{"target": 7.5391111111111115, "params": {"gamma_fc": 0.22815337059495655, "enc_rate": 1.0, "cue_position": 3.0, "k": 3.0, "beta_rec": 0.08761833270832121, "beta_enc": 0.11389687431795266}, "datetime": {"elapsed": 10080.262001, "delta": 48.357854, "datetime": "2021-04-07 14:04:01"}}
{"target": 7.489111111111112, "params": {"gamma_fc": 0.45501143453638243, "enc_rate": 1.0, "cue_position": 3.0, "k": 3.0, "beta_rec": 0.1889217027115706, "beta_enc": 0.013905928102532134}, "datetime": {"elapsed": 10133.159442, "delta": 52.897441, "datetime": "2021-04-07 14:04:54"}}
{"target": 7.526666666666666, "params": {"gamma_fc": 0.8362879716535699, "enc_rate": 1.0, "cue_position": 3.0, "k": 3.0, "beta_rec": 0.3001930222989146, "beta_enc": 0.0}, "datetime": {"elapsed": 10187.05702, "delta": 53.897578, "datetime": "2021-04-07 14:05:48"}}
{"target": 7.5391111111111115, "params": {"gamma_fc": 0.9975835103448104, "enc_rate": 1.0, "cue_position": 3.0, "k": 3.0, "beta_rec": 0.7286497810095254, "beta_enc": 0.12531903181973278}, "datetime": {"elapsed": 10234.840583, "delta": 47.783563, "datetime": "2021-04-07 14:06:35"}}
{"target": 7.583555555555556, "params": {"gamma_fc": 0.0, "enc_rate": 1.0, "cue_position": 3.0, "k": 3.0, "beta_rec": 0.3237085514088584, "beta_enc": 0.3265211126610032}, "datetime": {"elapsed": 10282.684932, "delta": 47.844349, "datetime": "2021-04-07 14:07:23"}}
{"target": 7.538222222222222, "params": {"gamma_fc": 0.5364841763664706, "enc_rate": 1.0, "cue_position": 3.0, "k": 3.0, "beta_rec": 0.48739374265108104, "beta_enc": 0.0}, "datetime": {"elapsed": 10330.146915, "delta": 47.461983, "datetime": "2021-04-07 14:08:11"}}
{"target": 7.508444444444445, "params": {"gamma_fc": 0.8499548783009048, "enc_rate": 1.0, "cue_position": 3.0, "k": 3.0, "beta_rec": 0.1801950372869306, "beta_enc": 0.22419129346956881}, "datetime": {"elapsed": 10378.273405, "delta": 48.12649, "datetime": "2021-04-07 14:08:59"}}
{"target": 7.583333333333333, "params": {"gamma_fc": 1.0, "enc_rate": 1.0, "cue_position": 3.0, "k": 3.0, "beta_rec": 0.22608016501007536, "beta_enc": 0.0}, "datetime": {"elapsed": 10426.850239, "delta": 48.576834, "datetime": "2021-04-07 14:09:47"}}
{"target": 7.516222222222223, "params": {"gamma_fc": 1.0, "enc_rate": 1.0, "cue_position": 3.0, "k": 3.0, "beta_rec": 0.11393252754990019, "beta_enc": 0.0}, "datetime": {"elapsed": 10474.534817, "delta": 47.684578, "datetime": "2021-04-07 14:10:35"}}
{"target": 7.530444444444446, "params": {"gamma_fc": 1.0, "enc_rate": 1.0, "cue_position": 3.0, "k": 3.0, "beta_rec": 0.2850201815488472, "beta_enc": 0.03442580483268534}, "datetime": {"elapsed": 10522.562936, "delta": 48.028119, "datetime": "2021-04-07 14:11:23"}}
{"target": 7.546444444444444, "params": {"gamma_fc": 1.0, "enc_rate": 1.0, "cue_position": 3.0, "k": 3.0, "beta_rec": 0.5533313095909657, "beta_enc": 0.0}, "datetime": {"elapsed": 10569.576296, "delta": 47.01336, "datetime": "2021-04-07 14:12:10"}}
{"target": 7.552666666666667, "params": {"gamma_fc": 0.917510782942698, "enc_rate": 1.0, "cue_position": 3.0, "k": 3.0, "beta_rec": 1.0, "beta_enc": 0.08768395695138088}, "datetime": {"elapsed": 10618.536532, "delta": 48.960236, "datetime": "2021-04-07 14:12:59"}}
{"target": 7.566, "params": {"gamma_fc": 0.8879353625298991, "enc_rate": 1.0, "cue_position": 3.0, "k": 3.0, "beta_rec": 0.6925517677623497, "beta_enc": 0.0}, "datetime": {"elapsed": 10666.429704, "delta": 47.893172, "datetime": "2021-04-07 14:13:47"}}
{"target": 7.55488888888889, "params": {"gamma_fc": 0.8636883695917577, "enc_rate": 1.0, "cue_position": 3.0, "k": 3.0, "beta_rec": 0.0, "beta_enc": 0.1327446016481622}, "datetime": {"elapsed": 10722.865453, "delta": 56.435749, "datetime": "2021-04-07 14:14:43"}}
{"target": 7.554444444444445, "params": {"gamma_fc": 0.6612423133134057, "enc_rate": 1.0, "cue_position": 3.0, "k": 3.0, "beta_rec": 0.045874601326958045, "beta_enc": 0.1116282625796286}, "datetime": {"elapsed": 10771.315626, "delta": 48.450173, "datetime": "2021-04-07 14:15:32"}}
{"target": 7.502, "params": {"gamma_fc": 0.7733557858061458, "enc_rate": 1.0, "cue_position": 3.0, "k": 3.0, "beta_rec": 0.04775290968393441, "beta_enc": 0.06836530427656103}, "datetime": {"elapsed": 10818.649163, "delta": 47.333537, "datetime": "2021-04-07 14:16:19"}}
{"target": 7.549333333333334, "params": {"gamma_fc": 0.9316887040610081, "enc_rate": 1.0, "cue_position": 3.0, "k": 3.0, "beta_rec": 0.0, "beta_enc": 0.0710363929456158}, "datetime": {"elapsed": 10867.046683, "delta": 48.39752, "datetime": "2021-04-07 14:17:08"}}
{"target": 7.5231111111111115, "params": {"gamma_fc": 0.9214983626030926, "enc_rate": 1.0, "cue_position": 3.0, "k": 3.0, "beta_rec": 0.0, "beta_enc": 0.2113680635236818}, "datetime": {"elapsed": 10915.138726, "delta": 48.092043, "datetime": "2021-04-07 14:17:56"}}
{"target": 7.51288888888889, "params": {"gamma_fc": 0.3253494175802943, "enc_rate": 1.0, "cue_position": 3.0, "k": 3.0, "beta_rec": 0.31141136235577, "beta_enc": 0.26012618019829264}, "datetime": {"elapsed": 10962.288575, "delta": 47.149849, "datetime": "2021-04-07 14:18:43"}}
{"target": 7.528666666666668, "params": {"gamma_fc": 0.38512610761416627, "enc_rate": 1.0, "cue_position": 3.0, "k": 3.0, "beta_rec": 0.0, "beta_enc": 0.06437791491259603}, "datetime": {"elapsed": 11009.696268, "delta": 47.407693, "datetime": "2021-04-07 14:19:30"}}
{"target": 7.570444444444445, "params": {"gamma_fc": 0.43492871524372956, "enc_rate": 1.0, "cue_position": 3.0, "k": 3.0, "beta_rec": 0.6339561261364118, "beta_enc": 0.0}, "datetime": {"elapsed": 11057.841266, "delta": 48.144998, "datetime": "2021-04-07 14:20:18"}}
{"target": 7.542888888888887, "params": {"gamma_fc": 0.4938789691680119, "enc_rate": 1.0, "cue_position": 3.0, "k": 3.0, "beta_rec": 0.6486172597246639, "beta_enc": 0.06683983647987862}, "datetime": {"elapsed": 11105.995374, "delta": 48.154108, "datetime": "2021-04-07 14:21:07"}}
{"target": 7.494222222222223, "params": {"gamma_fc": 0.9302607473096335, "enc_rate": 1.0, "cue_position": 3.0, "k": 3.0, "beta_rec": 1.0, "beta_enc": 0.0}, "datetime": {"elapsed": 11165.668161, "delta": 59.672787, "datetime": "2021-04-07 14:22:06"}}
{"target": 7.574444444444444, "params": {"gamma_fc": 0.8369832398731577, "enc_rate": 1.0, "cue_position": 3.0, "k": 3.0, "beta_rec": 1.0, "beta_enc": 0.058173387572207184}, "datetime": {"elapsed": 11214.454377, "delta": 48.786216, "datetime": "2021-04-07 14:22:55"}}
{"target": 7.5024444444444445, "params": {"gamma_fc": 1.0, "enc_rate": 1.0, "cue_position": 3.0, "k": 3.0, "beta_rec": 1.0, "beta_enc": 0.18295724918445744}, "datetime": {"elapsed": 11262.558442, "delta": 48.104065, "datetime": "2021-04-07 14:23:43"}}
{"target": 7.522222222222223, "params": {"gamma_fc": 0.788244075517436, "enc_rate": 1.0, "cue_position": 3.0, "k": 3.0, "beta_rec": 0.7787313808166819, "beta_enc": 0.0}, "datetime": {"elapsed": 11310.424972, "delta": 47.86653, "datetime": "2021-04-07 14:24:31"}}
{"target": 7.516222222222223, "params": {"gamma_fc": 0.5562590049266947, "enc_rate": 1.0, "cue_position": 3.0, "k": 3.0, "beta_rec": 0.0, "beta_enc": 0.10651504213848796}, "datetime": {"elapsed": 11361.997851, "delta": 51.572879, "datetime": "2021-04-07 14:25:23"}}
{"target": 7.534222222222222, "params": {"gamma_fc": 0.6153918096696188, "enc_rate": 1.0, "cue_position": 3.0, "k": 3.0, "beta_rec": 0.1167856041929214, "beta_enc": 0.12289665439699045}, "datetime": {"elapsed": 11408.937379, "delta": 46.939528, "datetime": "2021-04-07 14:26:10"}}
