{"target": 10.45, "params": {"gamma_cf": 0.8322757308224459, "beta_enc": 0.05372291042410077, "beta_rec": 0.9146732808882291, "cue_position": 1.0, "gamma_fc": 0.8834772612221562}, "datetime": {"delta": 69.215192, "datetime": "2020-06-25 01:25:38", "elapsed": 29460.055075}}
{"target": 10.391666666666667, "params": {"gamma_cf": 0.9136365169461725, "beta_enc": 0.17835081154307603, "beta_rec": 0.6298529837481618, "cue_position": 1.0, "gamma_fc": 0.7361155326371822}, "datetime": {"delta": 70.510807, "datetime": "2020-06-25 01:26:48", "elapsed": 29530.565882}}
