{"target": -8629.421469395038, "params": {"epsilon_d": 3.784183580849355, "gamma_cf": 0.36179680822762034, "beta_rec": 0.9335346553090385, "lr": 0.47077299337678546, "phi_s": 2.097931241400496, "beta_enc": 0.2924308074918678, "s_cf": 0.23680311059608844, "k_intra": 8.753198193203282, "phi_d": 0.9307924269580209, "gamma_fc": 0.16189297730959207}, "datetime": {"delta": 47.427727, "datetime": "2020-09-13 15:39:26", "elapsed": 9178.033328}}
{"target": -8757.538136954314, "params": {"epsilon_d": 4.760429099230052, "gamma_cf": 0.3411010041083564, "beta_rec": 0.9309397450798541, "lr": 0.7398484058978451, "phi_s": 1.8112615760872925, "beta_enc": 0.9257446145155446, "s_cf": 0.6974086500249717, "k_intra": 3.15723142992797, "phi_d": 0.749604940960222, "gamma_fc": 0.17039597360655473}, "datetime": {"delta": 47.244004, "datetime": "2020-09-13 15:40:13", "elapsed": 9225.277332}}
{"target": -8757.533138949178, "params": {"epsilon_d": 4.760780490209966, "gamma_cf": 0.339639433431374, "beta_rec": 0.9315852374885311, "lr": 0.7396341501012335, "phi_s": 1.8125713831515906, "beta_enc": 0.9251709041498174, "s_cf": 0.7033185957011542, "k_intra": 3.157379568784865, "phi_d": 0.7497528296671963, "gamma_fc": 0.17288664478579438}, "datetime": {"delta": 48.276251, "datetime": "2020-09-13 15:41:02", "elapsed": 9273.553583}}
{"target": -8757.566073579892, "params": {"epsilon_d": 4.760726646866607, "gamma_cf": 0.33994980501414773, "beta_rec": 0.9309820928812138, "lr": 0.7373716772271955, "phi_s": 1.811827317541916, "beta_enc": 0.9243196614215348, "s_cf": 0.6997061455149685, "k_intra": 3.1565452835142787, "phi_d": 0.7468444333875569, "gamma_fc": 0.17135254423519167}, "datetime": {"delta": 48.565889, "datetime": "2020-09-13 15:41:50", "elapsed": 9322.119472}}
{"target": -8629.229308420357, "params": {"epsilon_d": 3.781261501686609, "gamma_cf": 0.35518043844035513, "beta_rec": 0.9297159685125401, "lr": 0.4744139286084545, "phi_s": 2.1038866335768502, "beta_enc": 0.2931637479704472, "s_cf": 0.24100419372931112, "k_intra": 8.74728604181108, "phi_d": 0.9310068958931534, "gamma_fc": 0.1588470047741613}, "datetime": {"delta": 46.549868, "datetime": "2020-09-13 15:42:37", "elapsed": 9368.66934}}
{"target": -8757.031336162248, "params": {"epsilon_d": 4.757879905923568, "gamma_cf": 0.34116831432589845, "beta_rec": 0.9328051363266354, "lr": 0.7386252379279523, "phi_s": 1.8116740994445797, "beta_enc": 0.9275033881264982, "s_cf": 0.7013275518349492, "k_intra": 3.1583563071667817, "phi_d": 0.7504073311742477, "gamma_fc": 0.1711311196719705}, "datetime": {"delta": 49.954466, "datetime": "2020-09-13 15:43:27", "elapsed": 9418.623806}}
{"target": -8751.555222826782, "params": {"epsilon_d": 4.7207240568964055, "gamma_cf": 0.34192992563654195, "beta_rec": 0.9347296270508463, "lr": 0.7204370320573177, "phi_s": 1.8021511268657149, "beta_enc": 0.9535300555992132, "s_cf": 0.713111868344931, "k_intra": 3.1781979137773253, "phi_d": 0.7485886258009585, "gamma_fc": 0.16031785528086756}, "datetime": {"delta": 49.739164, "datetime": "2020-09-13 15:44:16", "elapsed": 9468.36297}}
{"target": -8629.306516123599, "params": {"epsilon_d": 3.781189093556777, "gamma_cf": 0.3558981895958119, "beta_rec": 0.9300115247265386, "lr": 0.4748777956317036, "phi_s": 2.104357410221811, "beta_enc": 0.29259990394439206, "s_cf": 0.24025677892765124, "k_intra": 8.747852573427307, "phi_d": 0.9309106752028578, "gamma_fc": 0.15921392039007115}, "datetime": {"delta": 47.011044, "datetime": "2020-09-13 15:45:03", "elapsed": 9515.374014}}
{"target": -8748.839478692265, "params": {"epsilon_d": 4.685952027285685, "gamma_cf": 0.34196766464141676, "beta_rec": 0.9316348380088849, "lr": 0.7097951752940269, "phi_s": 1.7886366660792934, "beta_enc": 0.9615453205545779, "s_cf": 0.7191145478244749, "k_intra": 3.1945591845772214, "phi_d": 0.740777896691115, "gamma_fc": 0.15169992892252868}, "datetime": {"delta": 45.783176, "datetime": "2020-09-13 15:45:49", "elapsed": 9561.15719}}
{"target": -8628.736144494918, "params": {"epsilon_d": 3.781569265280922, "gamma_cf": 0.35584005786937417, "beta_rec": 0.9306378566755054, "lr": 0.47457806165256317, "phi_s": 2.1024563906741074, "beta_enc": 0.294180590983139, "s_cf": 0.2423795047296896, "k_intra": 8.747005186153325, "phi_d": 0.9322054329350046, "gamma_fc": 0.15872580023625263}, "datetime": {"delta": 48.048524, "datetime": "2020-09-13 15:46:37", "elapsed": 9609.205714}}
{"target": -8626.698219595643, "params": {"epsilon_d": 3.7851300738904126, "gamma_cf": 0.35314928841681, "beta_rec": 0.9326387930421882, "lr": 0.48038612544538556, "phi_s": 2.1005699014417627, "beta_enc": 0.3010612341541641, "s_cf": 0.25512817477630645, "k_intra": 8.743854076367818, "phi_d": 0.9397012391112723, "gamma_fc": 0.15772421461684727}, "datetime": {"delta": 48.769666, "datetime": "2020-09-13 15:47:26", "elapsed": 9657.97538}}
{"target": -8746.044578660434, "params": {"epsilon_d": 4.654933138419596, "gamma_cf": 0.34490152571548244, "beta_rec": 0.928798178589756, "lr": 0.7052254188233099, "phi_s": 1.7718256770597771, "beta_enc": 0.9536888559247473, "s_cf": 0.7205195838268451, "k_intra": 3.208033058783472, "phi_d": 0.7315325177014189, "gamma_fc": 0.1517261169824506}, "datetime": {"delta": 50.477277, "datetime": "2020-09-13 15:48:17", "elapsed": 9708.452657}}
{"target": -8744.787159364178, "params": {"epsilon_d": 4.6045824956872385, "gamma_cf": 0.35593420470475395, "beta_rec": 0.9255733582445775, "lr": 0.6959575419528118, "phi_s": 1.7319012217445378, "beta_enc": 0.9264114203333019, "s_cf": 0.714871692105418, "k_intra": 3.2324021433830956, "phi_d": 0.7187488371974672, "gamma_fc": 0.17010338844977038}, "datetime": {"delta": 46.713654, "datetime": "2020-09-13 15:49:03", "elapsed": 9755.166311}}
{"target": -8744.162182685135, "params": {"epsilon_d": 4.618518636575477, "gamma_cf": 0.3515793703441129, "beta_rec": 0.9265838589713707, "lr": 0.7078637771400433, "phi_s": 1.7511478947222179, "beta_enc": 0.9310092949951594, "s_cf": 0.7194203788795877, "k_intra": 3.2188457956071295, "phi_d": 0.7172147306654446, "gamma_fc": 0.16044377569616486}, "datetime": {"delta": 48.973117, "datetime": "2020-09-13 15:49:52", "elapsed": 9804.139428}}
{"target": -8625.99928775191, "params": {"epsilon_d": 3.789084760907095, "gamma_cf": 0.34899183029213443, "beta_rec": 0.9343917500027784, "lr": 0.4877309667457212, "phi_s": 2.104606399675027, "beta_enc": 0.3062984518649065, "s_cf": 0.2653653376805538, "k_intra": 8.741514445037044, "phi_d": 0.9456057330050262, "gamma_fc": 0.15926653079401082}, "datetime": {"delta": 50.351599, "datetime": "2020-09-13 15:50:43", "elapsed": 9854.491027}}
{"target": -8625.855120287652, "params": {"epsilon_d": 3.789402660027271, "gamma_cf": 0.34965301926443093, "beta_rec": 0.9346814725226024, "lr": 0.487714973620762, "phi_s": 2.1041906864205786, "beta_enc": 0.30492581443302713, "s_cf": 0.2645614585481966, "k_intra": 8.742934319999556, "phi_d": 0.9460007586984003, "gamma_fc": 0.15844584508441714}, "datetime": {"delta": 47.963546, "datetime": "2020-09-13 15:51:31", "elapsed": 9902.454573}}
{"target": -8744.020458892563, "params": {"epsilon_d": 4.617890462892017, "gamma_cf": 0.35183285508724993, "beta_rec": 0.927593110490722, "lr": 0.7059284617142658, "phi_s": 1.7512776828091308, "beta_enc": 0.9309405113321482, "s_cf": 0.7192328587852697, "k_intra": 3.2198695929013557, "phi_d": 0.7168819379590413, "gamma_fc": 0.15964904215747008}, "datetime": {"delta": 52.196357, "datetime": "2020-09-13 15:52:23", "elapsed": 9954.65093}}
{"target": -8743.350508347485, "params": {"epsilon_d": 4.615640572154104, "gamma_cf": 0.3530857065972638, "beta_rec": 0.9325847851921089, "lr": 0.6989408819415214, "phi_s": 1.7571236877147918, "beta_enc": 0.9268633959313052, "s_cf": 0.718673082939111, "k_intra": 3.2258226188155095, "phi_d": 0.7126877464263982, "gamma_fc": 0.1542556450321575}, "datetime": {"delta": 48.046609, "datetime": "2020-09-13 15:53:11", "elapsed": 10002.697539}}
{"target": -8742.963570691147, "params": {"epsilon_d": 4.613704966041661, "gamma_cf": 0.3551963650499844, "beta_rec": 0.9341495782633953, "lr": 0.6934408251740592, "phi_s": 1.7620348096908167, "beta_enc": 0.9211530872009611, "s_cf": 0.7177103978208494, "k_intra": 3.2392705095438794, "phi_d": 0.7112511958959775, "gamma_fc": 0.15115979678323618}, "datetime": {"delta": 48.895782, "datetime": "2020-09-13 15:54:00", "elapsed": 10051.593321}}
{"target": -8742.65875191609, "params": {"epsilon_d": 4.613773077382359, "gamma_cf": 0.3553716677295287, "beta_rec": 0.9320058723595545, "lr": 0.6943674228011276, "phi_s": 1.7641123837001467, "beta_enc": 0.9198291407518926, "s_cf": 0.7187304307934242, "k_intra": 3.24602773134512, "phi_d": 0.7120338550096383, "gamma_fc": 0.151183183850733}, "datetime": {"delta": 49.278762, "datetime": "2020-09-13 15:54:49", "elapsed": 10100.872083}}
{"target": -8741.469128550747, "params": {"epsilon_d": 4.610640610417921, "gamma_cf": 0.3536266742512944, "beta_rec": 0.9265312278929342, "lr": 0.6975490328479205, "phi_s": 1.767325726648984, "beta_enc": 0.9202676123167053, "s_cf": 0.7265564086240415, "k_intra": 3.2555472593759687, "phi_d": 0.7128150745763312, "gamma_fc": 0.15269260461316198}, "datetime": {"delta": 48.163054, "datetime": "2020-09-13 15:55:37", "elapsed": 10149.035137}}
{"target": -8738.041897473882, "params": {"epsilon_d": 4.5829453128043625, "gamma_cf": 0.3440131695137184, "beta_rec": 0.9206117127029475, "lr": 0.687762555309103, "phi_s": 1.7755443612331385, "beta_enc": 0.9199941500630815, "s_cf": 0.7585931110889257, "k_intra": 3.267585699217961, "phi_d": 0.7105445270007785, "gamma_fc": 0.160049614033857}, "datetime": {"delta": 49.365741, "datetime": "2020-09-13 15:56:27", "elapsed": 10198.400878}}
{"target": -8738.147566651816, "params": {"epsilon_d": 4.566454254555234, "gamma_cf": 0.34038368316754347, "beta_rec": 0.9197336469622841, "lr": 0.6777209369133089, "phi_s": 1.7827083665108223, "beta_enc": 0.9145065308556521, "s_cf": 0.7666916537663625, "k_intra": 3.2674761472384866, "phi_d": 0.7154673893142318, "gamma_fc": 0.16556620430114755}, "datetime": {"delta": 48.380902, "datetime": "2020-09-13 15:57:15", "elapsed": 10246.78178}}
{"target": -8626.140997767663, "params": {"epsilon_d": 3.7909884342339852, "gamma_cf": 0.34648776536375986, "beta_rec": 0.9348655028595212, "lr": 0.4901042734056406, "phi_s": 2.1084126423244807, "beta_enc": 0.3053499792147671, "s_cf": 0.2664351527642703, "k_intra": 8.74373876114988, "phi_d": 0.948162731136984, "gamma_fc": 0.15834855121713687}, "datetime": {"delta": 48.088638, "datetime": "2020-09-13 15:58:03", "elapsed": 10294.870418}}
{"target": -8737.070904333748, "params": {"epsilon_d": 4.576458484667736, "gamma_cf": 0.33936511343663817, "beta_rec": 0.9220865829029922, "lr": 0.6806745886240552, "phi_s": 1.772431424402964, "beta_enc": 0.9185335344539264, "s_cf": 0.7705109140931855, "k_intra": 3.270842523808254, "phi_d": 0.703065330449275, "gamma_fc": 0.16270277553363766}, "datetime": {"delta": 48.852136, "datetime": "2020-09-13 15:58:52", "elapsed": 10343.722554}}
{"target": -8737.958480812957, "params": {"epsilon_d": 4.5789086034054245, "gamma_cf": 0.3312132247168997, "beta_rec": 0.9224581841657024, "lr": 0.6722920450542283, "phi_s": 1.7620301455071303, "beta_enc": 0.9109718556888561, "s_cf": 0.7778289633071162, "k_intra": 3.2783249498964153, "phi_d": 0.6916554775041274, "gamma_fc": 0.16554902258057402}, "datetime": {"delta": 48.858107, "datetime": "2020-09-13 15:59:41", "elapsed": 10392.580661}}
{"target": -8733.615033284601, "params": {"epsilon_d": 4.563679893076165, "gamma_cf": 0.35938822132116516, "beta_rec": 0.9355535612712409, "lr": 0.6803248106870667, "phi_s": 1.7714351280128062, "beta_enc": 0.9318830425247532, "s_cf": 0.7897429454877474, "k_intra": 3.2741166213523667, "phi_d": 0.6900739069553131, "gamma_fc": 0.16898093684577092}, "datetime": {"delta": 49.236818, "datetime": "2020-09-13 16:00:30", "elapsed": 10441.817479}}
{"target": -8735.320046776742, "params": {"epsilon_d": 4.55856719176319, "gamma_cf": 0.375230682105018, "beta_rec": 0.9407164421842041, "lr": 0.6779137799834855, "phi_s": 1.7702453813255832, "beta_enc": 0.9323298092510734, "s_cf": 0.797426948579133, "k_intra": 3.2823796230375657, "phi_d": 0.6855645489819695, "gamma_fc": 0.1785699199085813}, "datetime": {"delta": 48.366417, "datetime": "2020-09-13 16:01:18", "elapsed": 10490.183896}}
{"target": -8731.587326095076, "params": {"epsilon_d": 4.528466178221721, "gamma_cf": 0.34219193158303624, "beta_rec": 0.9574579850740158, "lr": 0.6894070142729188, "phi_s": 1.7656661394677182, "beta_enc": 0.9516130955333604, "s_cf": 0.7983931640743669, "k_intra": 3.270065272136451, "phi_d": 0.6791891106558067, "gamma_fc": 0.14921843415986336}, "datetime": {"delta": 46.42211, "datetime": "2020-09-13 16:02:05", "elapsed": 10536.606006}}
{"target": -8624.949166205555, "params": {"epsilon_d": 3.7890273873742157, "gamma_cf": 0.35231553700939033, "beta_rec": 0.9357168677212401, "lr": 0.4893940768845177, "phi_s": 2.1033477437876473, "beta_enc": 0.30555995404643416, "s_cf": 0.26581380292884066, "k_intra": 8.742688066064666, "phi_d": 0.9464834461180365, "gamma_fc": 0.15922974415903518}, "datetime": {"delta": 47.36549, "datetime": "2020-09-13 16:02:52", "elapsed": 10583.971496}}
{"target": -8731.239399363392, "params": {"epsilon_d": 4.539959221379071, "gamma_cf": 0.3464422827628962, "beta_rec": 0.9505847224227705, "lr": 0.6862453227497555, "phi_s": 1.769513043741974, "beta_enc": 0.9501915757216569, "s_cf": 0.798742738147723, "k_intra": 3.2631638020609666, "phi_d": 0.6795551205030523, "gamma_fc": 0.15181656747610198}, "datetime": {"delta": 49.475536, "datetime": "2020-09-13 16:03:42", "elapsed": 10633.447032}}
{"target": -8621.441702278353, "params": {"epsilon_d": 3.78338864797873, "gamma_cf": 0.3669577986163371, "beta_rec": 0.9414773456541441, "lr": 0.5028573678620314, "phi_s": 2.104013211934278, "beta_enc": 0.3085103076883912, "s_cf": 0.27072869942160704, "k_intra": 8.73888650162694, "phi_d": 0.9493101873984687, "gamma_fc": 0.15799373520782745}, "datetime": {"delta": 49.44568, "datetime": "2020-09-13 16:04:31", "elapsed": 10682.892712}}
{"target": -8731.059526550524, "params": {"epsilon_d": 4.5381750391744164, "gamma_cf": 0.34655643491059523, "beta_rec": 0.9510133681902168, "lr": 0.6850459191040074, "phi_s": 1.772665577248072, "beta_enc": 0.9503986048252551, "s_cf": 0.7990227288657332, "k_intra": 3.2627170660946265, "phi_d": 0.6775072755518351, "gamma_fc": 0.15189487436531332}, "datetime": {"delta": 47.605754, "datetime": "2020-09-13 16:05:19", "elapsed": 10730.498466}}
{"target": -8730.169226394504, "params": {"epsilon_d": 4.535620893204445, "gamma_cf": 0.3434681959967736, "beta_rec": 0.9480950331709523, "lr": 0.6844890506144116, "phi_s": 1.7831393571529328, "beta_enc": 0.9527229596545985, "s_cf": 0.7935713543387433, "k_intra": 3.264528636924541, "phi_d": 0.6671744547617654, "gamma_fc": 0.15707044084285152}, "datetime": {"delta": 50.600584, "datetime": "2020-09-13 16:06:09", "elapsed": 10781.09905}}
{"target": -8730.22029268996, "params": {"epsilon_d": 4.535215502165952, "gamma_cf": 0.34069516149804235, "beta_rec": 0.9460382201342631, "lr": 0.6858978476643531, "phi_s": 1.7845823329858002, "beta_enc": 0.9568482479514903, "s_cf": 0.7874883261021796, "k_intra": 3.2681023804624623, "phi_d": 0.6593919299915881, "gamma_fc": 0.16377190931243954}, "datetime": {"delta": 49.656195, "datetime": "2020-09-13 16:06:59", "elapsed": 10830.755245}}
{"target": -8729.165826373266, "params": {"epsilon_d": 4.533093368417785, "gamma_cf": 0.34117568768200446, "beta_rec": 0.9461887313741814, "lr": 0.6870301140277267, "phi_s": 1.7930031235483757, "beta_enc": 0.9507099821989236, "s_cf": 0.7922384257130786, "k_intra": 3.266740208333552, "phi_d": 0.6609411636256411, "gamma_fc": 0.15699309857336263}, "datetime": {"delta": 53.957603, "datetime": "2020-09-13 16:07:53", "elapsed": 10884.712848}}
{"target": -8725.612538272453, "params": {"epsilon_d": 4.527158649102019, "gamma_cf": 0.33905157906930833, "beta_rec": 0.9402509684604099, "lr": 0.7094835165103617, "phi_s": 1.823455663400817, "beta_enc": 0.9364454855149316, "s_cf": 0.8051500926113484, "k_intra": 3.2724934569182103, "phi_d": 0.644767090937431, "gamma_fc": 0.14650510555202828}, "datetime": {"delta": 51.488115, "datetime": "2020-09-13 16:08:44", "elapsed": 10936.200963}}
{"target": -8724.51089507727, "params": {"epsilon_d": 4.524871621271665, "gamma_cf": 0.336420336553792, "beta_rec": 0.9364187846613151, "lr": 0.7250350131271015, "phi_s": 1.835751015837018, "beta_enc": 0.9313783822288778, "s_cf": 0.8157656767581176, "k_intra": 3.270570122211337, "phi_d": 0.6357801192226674, "gamma_fc": 0.14656556612329694}, "datetime": {"delta": 51.857557, "datetime": "2020-09-13 16:09:36", "elapsed": 10988.05852}}
{"target": -8724.958435908391, "params": {"epsilon_d": 4.523207694931497, "gamma_cf": 0.3310509771182839, "beta_rec": 0.9392879524107971, "lr": 0.7320658454907327, "phi_s": 1.8433280288484128, "beta_enc": 0.9301445702944157, "s_cf": 0.8243069592659313, "k_intra": 3.260260383434562, "phi_d": 0.6355103284387289, "gamma_fc": 0.15473597538248218}, "datetime": {"delta": 49.481265, "datetime": "2020-09-13 16:10:26", "elapsed": 11037.539785}}
{"target": -8723.965949904356, "params": {"epsilon_d": 4.517233389645139, "gamma_cf": 0.33828838735802624, "beta_rec": 0.9240529452381872, "lr": 0.7327770120988538, "phi_s": 1.8337525869746638, "beta_enc": 0.9294766570047761, "s_cf": 0.8217318676408378, "k_intra": 3.270565456975178, "phi_d": 0.626378569270722, "gamma_fc": 0.14269339247425247}, "datetime": {"delta": 49.381238, "datetime": "2020-09-13 16:11:15", "elapsed": 11086.921023}}
{"target": -8723.993529725105, "params": {"epsilon_d": 4.514354597280136, "gamma_cf": 0.339104432259968, "beta_rec": 0.9231558811337959, "lr": 0.7318834190902844, "phi_s": 1.831406872145233, "beta_enc": 0.928966235374463, "s_cf": 0.821122962651953, "k_intra": 3.2694420566739146, "phi_d": 0.6255822987656376, "gamma_fc": 0.1442038567359551}, "datetime": {"delta": 52.279064, "datetime": "2020-09-13 16:12:07", "elapsed": 11139.200087}}
{"target": -8723.965526014164, "params": {"epsilon_d": 4.515901377507713, "gamma_cf": 0.33742917670977557, "beta_rec": 0.9218818418779601, "lr": 0.7315827247919902, "phi_s": 1.8345430894562624, "beta_enc": 0.9312912180644648, "s_cf": 0.824754080195922, "k_intra": 3.2713982212626584, "phi_d": 0.6274067628785481, "gamma_fc": 0.14236316747303462}, "datetime": {"delta": 52.281317, "datetime": "2020-09-13 16:13:00", "elapsed": 11191.481404}}
{"target": -8724.089062013429, "params": {"epsilon_d": 4.517748753365331, "gamma_cf": 0.3394404972658383, "beta_rec": 0.9213650384830235, "lr": 0.7317244282372506, "phi_s": 1.8337318348268585, "beta_enc": 0.9301962970495546, "s_cf": 0.8231158696912941, "k_intra": 3.269761805512604, "phi_d": 0.6257056844627937, "gamma_fc": 0.14087938006271142}, "datetime": {"delta": 49.838092, "datetime": "2020-09-13 16:13:49", "elapsed": 11241.319496}}
{"target": -8723.753472011515, "params": {"epsilon_d": 4.50918316773849, "gamma_cf": 0.3350557258330963, "beta_rec": 0.9227850285704257, "lr": 0.7344606867469369, "phi_s": 1.8313305754574971, "beta_enc": 0.9286618893550561, "s_cf": 0.8221482994348179, "k_intra": 3.2783939033665157, "phi_d": 0.6282395710994825, "gamma_fc": 0.1443155387308544}, "datetime": {"delta": 56.567311, "datetime": "2020-09-13 16:14:46", "elapsed": 11297.886807}}
{"target": -8723.923110082573, "params": {"epsilon_d": 4.505790159284449, "gamma_cf": 0.3345415116578672, "beta_rec": 0.9219636290590327, "lr": 0.735835520592585, "phi_s": 1.8329556638950915, "beta_enc": 0.9279870903680426, "s_cf": 0.8218523836992859, "k_intra": 3.2791365109343262, "phi_d": 0.6316750176555135, "gamma_fc": 0.14596487167252903}, "datetime": {"delta": 49.621448, "datetime": "2020-09-13 16:15:36", "elapsed": 11347.508255}}
{"target": -8723.279978256716, "params": {"epsilon_d": 4.512815735706571, "gamma_cf": 0.3312347044369374, "beta_rec": 0.9264928936119016, "lr": 0.7341624249571435, "phi_s": 1.826222824626569, "beta_enc": 0.9289929659835424, "s_cf": 0.8269319119626677, "k_intra": 3.2820972476206847, "phi_d": 0.6214838622011237, "gamma_fc": 0.14529940330369254}, "datetime": {"delta": 51.774521, "datetime": "2020-09-13 16:16:27", "elapsed": 11399.282776}}
{"target": -8621.589339646493, "params": {"epsilon_d": 3.776371784697254, "gamma_cf": 0.3752325963752123, "beta_rec": 0.9455088262129973, "lr": 0.5180798869174315, "phi_s": 2.1134294528803106, "beta_enc": 0.31341775743569145, "s_cf": 0.2775029598383425, "k_intra": 8.731526696056566, "phi_d": 0.954257019829234, "gamma_fc": 0.14955356038411133}, "datetime": {"delta": 47.8453, "datetime": "2020-09-13 16:17:15", "elapsed": 11447.128076}}
{"target": -8723.005416203096, "params": {"epsilon_d": 4.513884196307859, "gamma_cf": 0.327109087845937, "beta_rec": 0.9288645762478324, "lr": 0.7336285534834642, "phi_s": 1.8217853743614396, "beta_enc": 0.9267347382634716, "s_cf": 0.8334917155969049, "k_intra": 3.286487807755339, "phi_d": 0.6152067833355122, "gamma_fc": 0.14580133020083383}, "datetime": {"delta": 52.381955, "datetime": "2020-09-13 16:18:08", "elapsed": 11499.510031}}
{"target": -8723.251317865044, "params": {"epsilon_d": 4.511870608533947, "gamma_cf": 0.32674708834374544, "beta_rec": 0.9274731349858952, "lr": 0.7303156673702493, "phi_s": 1.8224640383601933, "beta_enc": 0.9212226146708945, "s_cf": 0.8368683872763671, "k_intra": 3.287892357596728, "phi_d": 0.6143255618713845, "gamma_fc": 0.1456267921141334}, "datetime": {"delta": 48.680934, "datetime": "2020-09-13 16:18:56", "elapsed": 11548.190965}}
{"target": -8620.104312322943, "params": {"epsilon_d": 3.7805260996006473, "gamma_cf": 0.37423558936326284, "beta_rec": 0.9447420347133041, "lr": 0.5124352723446771, "phi_s": 2.1062871692697955, "beta_enc": 0.311264281780096, "s_cf": 0.27350876231378446, "k_intra": 8.736883707616814, "phi_d": 0.9517824457796061, "gamma_fc": 0.15940505734578045}, "datetime": {"delta": 54.016869, "datetime": "2020-09-13 16:19:50", "elapsed": 11602.207834}}
