{"target": 7.8625, "params": {"gamma_cf": 0.02760601195450363, "beta_enc": 0.21196016464367595, "beta_rec": 0.7986042447602102, "cue_position": 1.0, "gamma_fc": 0.593432449464621}, "datetime": {"delta": 21.261264, "datetime": "2020-06-24 17:43:12", "elapsed": 1714.066475}}
{"target": 5.641666666666667, "params": {"gamma_cf": 0.5111414782971282, "beta_enc": 0.8438404289311888, "beta_rec": 0.3810161240622142, "cue_position": 1.0, "gamma_fc": 0.5409518049621886}, "datetime": {"delta": 17.3741, "datetime": "2020-06-24 17:43:29", "elapsed": 1731.440575}}
{"target": 3.6708333333333334, "params": {"gamma_cf": 0.7093872512312951, "beta_enc": 0.9594343210617524, "beta_rec": 0.8039608914986468, "cue_position": 1.0, "gamma_fc": 0.46500148156350607}, "datetime": {"delta": 13.947338, "datetime": "2020-06-24 17:43:43", "elapsed": 1745.387913}}
{"target": 5.070833333333334, "params": {"gamma_cf": 0.081473964877262, "beta_enc": 0.9475489413950998, "beta_rec": 0.2214327343234883, "cue_position": 1.0, "gamma_fc": 0.42861882866378653}, "datetime": {"delta": 16.35906, "datetime": "2020-06-24 17:44:00", "elapsed": 1761.746973}}
{"target": 10.166666666666666, "params": {"gamma_cf": 0.6968004961201785, "beta_enc": 0.10901876401906829, "beta_rec": 0.6337867606119179, "cue_position": 1.0, "gamma_fc": 0.7662113810757705}, "datetime": {"delta": 24.97151, "datetime": "2020-06-24 17:44:25", "elapsed": 1786.718483}}
{"target": 9.966666666666667, "params": {"gamma_cf": 0.8240098704123188, "beta_enc": 0.3424541198435198, "beta_rec": 0.8458514830276777, "cue_position": 1.0, "gamma_fc": 0.6264961586242938}, "datetime": {"delta": 24.83028, "datetime": "2020-06-24 17:44:49", "elapsed": 1811.548763}}
{"target": 8.566666666666666, "params": {"gamma_cf": 0.06672499763935646, "beta_enc": 0.1434230486702449, "beta_rec": 0.07838689985494796, "cue_position": 1.0, "gamma_fc": 0.4585838137084318}, "datetime": {"delta": 22.312235, "datetime": "2020-06-24 17:45:12", "elapsed": 1833.860998}}
{"target": 10.075, "params": {"gamma_cf": 0.3948504804606394, "beta_enc": 0.11334192276759048, "beta_rec": 0.027783348848669953, "cue_position": 1.0, "gamma_fc": 0.7469384956075251}, "datetime": {"delta": 24.969274, "datetime": "2020-06-24 17:45:37", "elapsed": 1858.830272}}
{"target": 9.158333333333333, "params": {"gamma_cf": 0.47400392656219403, "beta_enc": 0.45240482674645155, "beta_rec": 0.4500867470007611, "cue_position": 1.0, "gamma_fc": 0.8031633421141696}, "datetime": {"delta": 23.843056, "datetime": "2020-06-24 17:46:01", "elapsed": 1882.673328}}
{"target": 8.975, "params": {"gamma_cf": 0.7738743427204187, "beta_enc": 0.40239251985773583, "beta_rec": 0.904686160343623, "cue_position": 1.0, "gamma_fc": 0.12564138113773882}, "datetime": {"delta": 25.635023, "datetime": "2020-06-24 17:46:26", "elapsed": 1908.308351}}
{"target": 6.4125, "params": {"gamma_cf": 0.0030179566195963625, "beta_enc": 0.6185135669120855, "beta_rec": 0.010364261335231939, "cue_position": 1.0, "gamma_fc": 0.9511937854902045}, "datetime": {"delta": 21.107731, "datetime": "2020-06-24 17:46:47", "elapsed": 1929.416082}}
{"target": 4.670833333333333, "params": {"gamma_cf": 0.14555823115839706, "beta_enc": 0.905402033702778, "beta_rec": 0.7959669419422694, "cue_position": 1.0, "gamma_fc": 0.15773006987053328}, "datetime": {"delta": 17.545822, "datetime": "2020-06-24 17:47:05", "elapsed": 1946.961904}}
{"target": 10.295833333333333, "params": {"gamma_cf": 0.9899551783590737, "beta_enc": 0.187631672902434, "beta_rec": 0.6224959022999211, "cue_position": 1.0, "gamma_fc": 0.7111224587658159}, "datetime": {"delta": 28.771487, "datetime": "2020-06-24 17:47:34", "elapsed": 1975.733391}}
{"target": 6.15, "params": {"gamma_cf": 0.24985068022503676, "beta_enc": 0.7318004091422953, "beta_rec": 0.9092932045442544, "cue_position": 1.0, "gamma_fc": 0.17343017078712286}, "datetime": {"delta": 20.682002, "datetime": "2020-06-24 17:47:54", "elapsed": 1996.415393}}
{"target": 9.3875, "params": {"gamma_cf": 0.2642974827269007, "beta_enc": 0.119457050333729, "beta_rec": 0.8126105880328287, "cue_position": 1.0, "gamma_fc": 0.8190891786335308}, "datetime": {"delta": 26.901944, "datetime": "2020-06-24 17:48:21", "elapsed": 2023.317337}}
{"target": 9.404166666666667, "params": {"gamma_cf": 0.5336533449712114, "beta_enc": 0.31058725179421, "beta_rec": 0.9824174492929428, "cue_position": 1.0, "gamma_fc": 0.31446701118584963}, "datetime": {"delta": 27.020949, "datetime": "2020-06-24 17:48:48", "elapsed": 2050.338286}}
{"target": 5.383333333333334, "params": {"gamma_cf": 0.5122926922783614, "beta_enc": 0.9107728311738374, "beta_rec": 0.36655664385123443, "cue_position": 1.0, "gamma_fc": 0.9388864773697133}, "datetime": {"delta": 19.147269, "datetime": "2020-06-24 17:49:07", "elapsed": 2069.485555}}
{"target": 6.9375, "params": {"gamma_cf": 0.027287223517468817, "beta_enc": 0.030949006271150714, "beta_rec": 0.7168786636316892, "cue_position": 1.0, "gamma_fc": 0.5220512472525107}, "datetime": {"delta": 22.075501, "datetime": "2020-06-24 17:49:29", "elapsed": 2091.561056}}
{"target": 9.891666666666667, "params": {"gamma_cf": 0.6902278681627478, "beta_enc": 0.3259898117700253, "beta_rec": 0.8594893208655858, "cue_position": 1.0, "gamma_fc": 0.45285349995153745}, "datetime": {"delta": 27.849614, "datetime": "2020-06-24 17:49:57", "elapsed": 2119.41067}}
{"target": 7.6, "params": {"gamma_cf": 0.5767559349870908, "beta_enc": 0.6283090375213571, "beta_rec": 0.2900968516874258, "cue_position": 1.0, "gamma_fc": 0.3114442141324628}, "datetime": {"delta": 23.451195, "datetime": "2020-06-24 17:50:21", "elapsed": 2142.861865}}
{"target": 7.941666666666666, "params": {"gamma_cf": 0.2473960366023854, "beta_enc": 0.5172675985011298, "beta_rec": 0.9164058530538978, "cue_position": 1.0, "gamma_fc": 0.37129376127905445}, "datetime": {"delta": 24.109, "datetime": "2020-06-24 17:50:45", "elapsed": 2166.970865}}
{"target": 3.45, "params": {"gamma_cf": 0.9202065143056605, "beta_enc": 0.9318611166365406, "beta_rec": 0.9368683813090937, "cue_position": 1.0, "gamma_fc": 0.22790028995131695}, "datetime": {"delta": 15.120384, "datetime": "2020-06-24 17:51:00", "elapsed": 2182.091249}}
{"target": 8.966666666666667, "params": {"gamma_cf": 0.17476587635631158, "beta_enc": 0.08748220955359087, "beta_rec": 0.22730973628468876, "cue_position": 1.0, "gamma_fc": 0.6070941619724605}, "datetime": {"delta": 26.145047, "datetime": "2020-06-24 17:51:26", "elapsed": 2208.236296}}
{"target": 9.191666666666666, "params": {"gamma_cf": 0.7018765297563104, "beta_enc": 0.41358641500116133, "beta_rec": 0.8163515118272141, "cue_position": 1.0, "gamma_fc": 0.24035562484913886}, "datetime": {"delta": 26.555463, "datetime": "2020-06-24 17:51:53", "elapsed": 2234.791759}}
{"target": 8.1875, "params": {"gamma_cf": 0.22881367096037586, "beta_enc": 0.5742190888408597, "beta_rec": 0.34898759722078887, "cue_position": 1.0, "gamma_fc": 0.6641025553547935}, "datetime": {"delta": 24.69159, "datetime": "2020-06-24 17:52:17", "elapsed": 2259.483349}}
{"target": 9.408333333333333, "params": {"gamma_cf": 0.5707158515462564, "beta_enc": 0.4972500933605313, "beta_rec": 0.5190159840736788, "cue_position": 1.0, "gamma_fc": 0.99675342520821}, "datetime": {"delta": 26.854494, "datetime": "2020-06-24 17:52:44", "elapsed": 2286.337843}}
{"target": 5.333333333333333, "params": {"gamma_cf": 0.9015625846693213, "beta_enc": 0.8168351087916219, "beta_rec": 0.5943726238309778, "cue_position": 1.0, "gamma_fc": 0.5956079336026455}, "datetime": {"delta": 19.156802, "datetime": "2020-06-24 17:53:03", "elapsed": 2305.494645}}
{"target": 9.8625, "params": {"gamma_cf": 0.4517331486914753, "beta_enc": 0.032426325314457105, "beta_rec": 0.09357709581748075, "cue_position": 1.0, "gamma_fc": 0.37543483316785775}, "datetime": {"delta": 27.945599, "datetime": "2020-06-24 17:53:31", "elapsed": 2333.440244}}
{"target": 2.7375, "params": {"gamma_cf": 0.7674748688630131, "beta_enc": 0.9753500342702865, "beta_rec": 0.1679832931996149, "cue_position": 1.0, "gamma_fc": 0.8242378396244978}, "datetime": {"delta": 13.857325, "datetime": "2020-06-24 17:53:45", "elapsed": 2347.297569}}
{"target": 6.620833333333334, "params": {"gamma_cf": 0.013136356923072245, "beta_enc": 0.6326158167779973, "beta_rec": 0.668732770206732, "cue_position": 1.0, "gamma_fc": 0.3530060855418248}, "datetime": {"delta": 21.466317, "datetime": "2020-06-24 17:54:07", "elapsed": 2368.763886}}
{"target": 8.070833333333333, "params": {"gamma_cf": 0.4574049160894317, "beta_enc": 0.49207180149355845, "beta_rec": 0.7300912110901043, "cue_position": 1.0, "gamma_fc": 0.13766274094560316}, "datetime": {"delta": 24.349935, "datetime": "2020-06-24 17:54:31", "elapsed": 2393.113821}}
{"target": 10.475, "params": {"gamma_cf": 0.9843834501935107, "beta_enc": 0.01088873380347899, "beta_rec": 0.7582782604769962, "cue_position": 1.0, "gamma_fc": 0.220234226159156}, "datetime": {"delta": 28.136597, "datetime": "2020-06-24 17:54:59", "elapsed": 2421.250418}}
{"target": 8.445833333333333, "params": {"gamma_cf": 0.46385778390029564, "beta_enc": 0.33870802548167966, "beta_rec": 0.5238961356661317, "cue_position": 1.0, "gamma_fc": 0.12482254311167629}, "datetime": {"delta": 22.850932, "datetime": "2020-06-24 17:55:22", "elapsed": 2444.10135}}
{"target": 9.720833333333333, "params": {"gamma_cf": 0.7701499563120922, "beta_enc": 0.3125013784920495, "beta_rec": 0.5045191697009946, "cue_position": 1.0, "gamma_fc": 0.13033578095435427}, "datetime": {"delta": 24.987869, "datetime": "2020-06-24 17:55:47", "elapsed": 2469.089219}}
{"target": 7.7, "params": {"gamma_cf": 0.012603767029876312, "beta_enc": 0.022915131322381765, "beta_rec": 0.5190823222119895, "cue_position": 1.0, "gamma_fc": 0.6724698446537339}, "datetime": {"delta": 21.382794, "datetime": "2020-06-24 17:56:08", "elapsed": 2490.472013}}
{"target": 6.975, "params": {"gamma_cf": 0.6443610847569929, "beta_enc": 0.6868082266569918, "beta_rec": 0.44924675358663757, "cue_position": 1.0, "gamma_fc": 0.005239837651465851}, "datetime": {"delta": 20.13978, "datetime": "2020-06-24 17:56:29", "elapsed": 2510.611793}}
{"target": 9.5, "params": {"gamma_cf": 0.6491541971124779, "beta_enc": 0.4844284455143756, "beta_rec": 0.8593178060976, "cue_position": 1.0, "gamma_fc": 0.6736984238986317}, "datetime": {"delta": 24.680696, "datetime": "2020-06-24 17:56:53", "elapsed": 2535.292489}}
{"target": 8.158333333333333, "params": {"gamma_cf": 0.6717297848174203, "beta_enc": 0.5784995797892005, "beta_rec": 0.27411977516685215, "cue_position": 1.0, "gamma_fc": 0.35242963021640883}, "datetime": {"delta": 22.320523, "datetime": "2020-06-24 17:57:16", "elapsed": 2557.613012}}
{"target": 6.208333333333333, "params": {"gamma_cf": 0.2896027461868774, "beta_enc": 0.8558283672539277, "beta_rec": 0.1950374860087073, "cue_position": 1.0, "gamma_fc": 0.773799287244182}, "datetime": {"delta": 18.890388, "datetime": "2020-06-24 17:57:34", "elapsed": 2576.5034}}
{"target": 9.033333333333333, "params": {"gamma_cf": 0.21369323762958115, "beta_enc": 0.4277373293360762, "beta_rec": 0.8076984091122095, "cue_position": 1.0, "gamma_fc": 0.7672845084217665}, "datetime": {"delta": 24.283485, "datetime": "2020-06-24 17:57:59", "elapsed": 2600.786885}}
{"target": 7.8625, "params": {"gamma_cf": 0.22139670090820107, "beta_enc": 0.3086419476306511, "beta_rec": 0.7332450677264275, "cue_position": 1.0, "gamma_fc": 0.21411213682064845}, "datetime": {"delta": 22.563838, "datetime": "2020-06-24 17:58:21", "elapsed": 2623.350723}}
{"target": 7.508333333333334, "params": {"gamma_cf": 0.026627884691621473, "beta_enc": 0.1989479234270667, "beta_rec": 0.14251833776584466, "cue_position": 1.0, "gamma_fc": 0.11092036903424063}, "datetime": {"delta": 22.076265, "datetime": "2020-06-24 17:58:43", "elapsed": 2645.426988}}
{"target": 6.825, "params": {"gamma_cf": 0.23170231048579204, "beta_enc": 0.6745640237634105, "beta_rec": 0.7997765368973863, "cue_position": 1.0, "gamma_fc": 0.20762566180381437}, "datetime": {"delta": 20.505592, "datetime": "2020-06-24 17:59:04", "elapsed": 2665.93258}}
{"target": 5.741666666666666, "params": {"gamma_cf": 0.30451798792062024, "beta_enc": 0.9173335630816306, "beta_rec": 0.7113145181364867, "cue_position": 1.0, "gamma_fc": 0.8348540476317985}, "datetime": {"delta": 18.501323, "datetime": "2020-06-24 17:59:22", "elapsed": 2684.433903}}
{"target": 8.216666666666667, "params": {"gamma_cf": 0.47803130796528337, "beta_enc": 0.43530595762951996, "beta_rec": 0.9234562151187752, "cue_position": 1.0, "gamma_fc": 0.1262101037493587}, "datetime": {"delta": 23.101488, "datetime": "2020-06-24 17:59:45", "elapsed": 2707.535391}}
{"target": 4.045833333333333, "params": {"gamma_cf": 0.43118175516037094, "beta_enc": 0.9760435504677476, "beta_rec": 0.15983365034409336, "cue_position": 1.0, "gamma_fc": 0.40420190577514725}, "datetime": {"delta": 15.199088, "datetime": "2020-06-24 18:00:01", "elapsed": 2722.734479}}
{"target": 10.091666666666667, "params": {"gamma_cf": 0.6438956443116628, "beta_enc": 0.14675148076429412, "beta_rec": 0.7293189193611234, "cue_position": 1.0, "gamma_fc": 0.7543059505762987}, "datetime": {"delta": 26.02075, "datetime": "2020-06-24 18:00:27", "elapsed": 2748.755229}}
{"target": 9.695833333333333, "params": {"gamma_cf": 0.6382187106203334, "beta_enc": 0.21073239208332073, "beta_rec": 0.60095424810764, "cue_position": 1.0, "gamma_fc": 0.5971273029466491}, "datetime": {"delta": 25.940384, "datetime": "2020-06-24 18:00:53", "elapsed": 2774.695613}}
{"target": 9.645833333333334, "params": {"gamma_cf": 0.42556139026154693, "beta_enc": 0.29548228565549706, "beta_rec": 0.7316064712415088, "cue_position": 1.0, "gamma_fc": 0.7821818168314053}, "datetime": {"delta": 25.188335, "datetime": "2020-06-24 18:01:18", "elapsed": 2799.883948}}
{"target": 8.929166666666667, "params": {"gamma_cf": 0.3950968688899732, "beta_enc": 0.056141039661915304, "beta_rec": 0.8352716024899659, "cue_position": 1.0, "gamma_fc": 0.30008104592535645}, "datetime": {"delta": 23.975348, "datetime": "2020-06-24 18:01:42", "elapsed": 2823.859296}}
{"target": 9.5625, "params": {"gamma_cf": 0.5306974384761395, "beta_enc": 0.08010364380604929, "beta_rec": 0.9046310029362429, "cue_position": 1.0, "gamma_fc": 0.49411626589632507}, "datetime": {"delta": 25.89647, "datetime": "2020-06-24 18:02:08", "elapsed": 2849.755766}}
{"target": 9.520833333333334, "params": {"gamma_cf": 0.5079216999452875, "beta_enc": 0.13216114194293815, "beta_rec": 0.20645405888943302, "cue_position": 1.0, "gamma_fc": 0.2615495518329871}, "datetime": {"delta": 26.289773, "datetime": "2020-06-24 18:02:34", "elapsed": 2876.045539}}
{"target": 8.754166666666666, "params": {"gamma_cf": 0.1065838767888011, "beta_enc": 0.3570616088827919, "beta_rec": 0.10806532869723684, "cue_position": 1.0, "gamma_fc": 0.9857088237131878}, "datetime": {"delta": 24.75613, "datetime": "2020-06-24 18:02:59", "elapsed": 2900.801669}}
{"target": 9.633333333333333, "params": {"gamma_cf": 0.7871162896558341, "beta_enc": 0.17716116443841734, "beta_rec": 0.5724051124346493, "cue_position": 1.0, "gamma_fc": 0.18960594781829654}, "datetime": {"delta": 26.457359, "datetime": "2020-06-24 18:03:25", "elapsed": 2927.259028}}
{"target": 8.266666666666667, "params": {"gamma_cf": 0.5510871741869717, "beta_enc": 0.5279039784081266, "beta_rec": 0.7400775431590716, "cue_position": 1.0, "gamma_fc": 0.2166172083287794}, "datetime": {"delta": 23.602183, "datetime": "2020-06-24 18:03:49", "elapsed": 2950.861211}}
{"target": 6.7375, "params": {"gamma_cf": 0.8619665576670734, "beta_enc": 0.7591960493171447, "beta_rec": 0.7229151935562137, "cue_position": 1.0, "gamma_fc": 0.019775099516344263}, "datetime": {"delta": 20.82351, "datetime": "2020-06-24 18:04:10", "elapsed": 2971.684721}}
{"target": 5.55, "params": {"gamma_cf": 0.7587469310223366, "beta_enc": 0.8602369974231152, "beta_rec": 0.5589038111609383, "cue_position": 1.0, "gamma_fc": 0.7169290016924699}, "datetime": {"delta": 18.532597, "datetime": "2020-06-24 18:04:28", "elapsed": 2990.217318}}
{"target": 1.8458333333333334, "params": {"gamma_cf": 0.9339026083148878, "beta_enc": 0.9873261748084265, "beta_rec": 0.2780850486129828, "cue_position": 1.0, "gamma_fc": 0.8578971045378938}, "datetime": {"delta": 11.529179, "datetime": "2020-06-24 18:04:40", "elapsed": 3001.746497}}
{"target": 6.604166666666667, "params": {"gamma_cf": 0.7805295568767427, "beta_enc": 0.7288508775192559, "beta_rec": 0.5166887829215384, "cue_position": 1.0, "gamma_fc": 0.3748759435368594}, "datetime": {"delta": 20.363604, "datetime": "2020-06-24 18:05:00", "elapsed": 3022.110101}}
{"target": 7.325, "params": {"gamma_cf": 0.4018659239678374, "beta_enc": 0.7703225253299576, "beta_rec": 0.7506243191751754, "cue_position": 1.0, "gamma_fc": 0.6973080192643409}, "datetime": {"delta": 21.577087, "datetime": "2020-06-24 18:05:22", "elapsed": 3043.687188}}
{"target": 6.666666666666667, "params": {"gamma_cf": 0.23931570743750463, "beta_enc": 0.0031128578251921057, "beta_rec": 0.7748966467245978, "cue_position": 1.0, "gamma_fc": 0.12076718430922972}, "datetime": {"delta": 20.354401, "datetime": "2020-06-24 18:05:42", "elapsed": 3064.041589}}
{"target": 9.245833333333334, "params": {"gamma_cf": 0.5431664302380945, "beta_enc": 0.2202839877937276, "beta_rec": 0.3020967312900983, "cue_position": 1.0, "gamma_fc": 0.2867116496064306}, "datetime": {"delta": 25.127127, "datetime": "2020-06-24 18:06:07", "elapsed": 3089.168716}}
{"target": 9.316666666666666, "params": {"gamma_cf": 0.3241385298974466, "beta_enc": 0.13835468979294652, "beta_rec": 0.29014446310454167, "cue_position": 1.0, "gamma_fc": 0.45736018169099846}, "datetime": {"delta": 25.496864, "datetime": "2020-06-24 18:06:33", "elapsed": 3114.66558}}
{"target": 9.408333333333333, "params": {"gamma_cf": 0.3456988211755023, "beta_enc": 0.44411710701661444, "beta_rec": 0.8281353607315121, "cue_position": 1.0, "gamma_fc": 0.6749716048091052}, "datetime": {"delta": 25.792974, "datetime": "2020-06-24 18:06:58", "elapsed": 3140.458554}}
{"target": 10.020833333333334, "params": {"gamma_cf": 0.6268556021628346, "beta_enc": 0.22148205573352875, "beta_rec": 0.4672458239265538, "cue_position": 1.0, "gamma_fc": 0.8773604746948126}, "datetime": {"delta": 27.592462, "datetime": "2020-06-24 18:07:26", "elapsed": 3168.051016}}
{"target": 8.75, "params": {"gamma_cf": 0.6562293317171314, "beta_enc": 0.4476890001456285, "beta_rec": 0.7844574187919231, "cue_position": 1.0, "gamma_fc": 0.13184097502750214}, "datetime": {"delta": 25.66389, "datetime": "2020-06-24 18:07:52", "elapsed": 3193.714906}}
{"target": 9.679166666666667, "params": {"gamma_cf": 0.7667745872371021, "beta_enc": 0.43298150696764814, "beta_rec": 0.9093119886549367, "cue_position": 1.0, "gamma_fc": 0.5047006080958943}, "datetime": {"delta": 27.287395, "datetime": "2020-06-24 18:08:19", "elapsed": 3221.002301}}
{"target": 9.4625, "params": {"gamma_cf": 0.5732722715496846, "beta_enc": 0.49805562482800747, "beta_rec": 0.8428998401928499, "cue_position": 1.0, "gamma_fc": 0.9427625754329493}, "datetime": {"delta": 26.723515, "datetime": "2020-06-24 18:08:46", "elapsed": 3247.725816}}
{"target": 8.366666666666667, "params": {"gamma_cf": 0.25163914235585283, "beta_enc": 0.5178600481723219, "beta_rec": 0.1944658095278845, "cue_position": 1.0, "gamma_fc": 0.700726036482538}, "datetime": {"delta": 24.980524, "datetime": "2020-06-24 18:09:11", "elapsed": 3272.70634}}
{"target": 8.029166666666667, "params": {"gamma_cf": 0.8379779620477293, "beta_enc": 0.5402609403968999, "beta_rec": 0.9488362882802196, "cue_position": 1.0, "gamma_fc": 0.007932876194523097}, "datetime": {"delta": 24.324177, "datetime": "2020-06-24 18:09:35", "elapsed": 3297.030517}}
{"target": 1.725, "params": {"gamma_cf": 0.9461523954567653, "beta_enc": 0.989340056166638, "beta_rec": 0.07771457033238649, "cue_position": 1.0, "gamma_fc": 0.008939102371245067}, "datetime": {"delta": 11.85533, "datetime": "2020-06-24 18:09:47", "elapsed": 3308.885847}}
{"target": 7.016666666666667, "params": {"gamma_cf": 0.2557451938059312, "beta_enc": 0.8227300054219355, "beta_rec": 0.8612116383667944, "cue_position": 1.0, "gamma_fc": 0.8026895196332986}, "datetime": {"delta": 22.315147, "datetime": "2020-06-24 18:10:09", "elapsed": 3331.200994}}
{"target": 8.5, "params": {"gamma_cf": 0.8959699670066484, "beta_enc": 0.47786200443222115, "beta_rec": 0.13433860865569613, "cue_position": 1.0, "gamma_fc": 0.49154515001693533}, "datetime": {"delta": 25.046511, "datetime": "2020-06-24 18:10:34", "elapsed": 3356.247505}}
{"target": 5.625, "params": {"gamma_cf": 0.39799063940792245, "beta_enc": 0.8567024965177922, "beta_rec": 0.41857802576409864, "cue_position": 1.0, "gamma_fc": 0.5057420174508104}, "datetime": {"delta": 19.333297, "datetime": "2020-06-24 18:10:53", "elapsed": 3375.580802}}
{"target": 6.220833333333333, "params": {"gamma_cf": 0.10345955611640134, "beta_enc": 0.1895517028339273, "beta_rec": 0.9649889241109139, "cue_position": 1.0, "gamma_fc": 0.1443154002290481}, "datetime": {"delta": 20.418221, "datetime": "2020-06-24 18:11:14", "elapsed": 3395.999023}}
{"target": 10.0125, "params": {"gamma_cf": 0.7945783511847522, "beta_enc": 0.014092294192442956, "beta_rec": 0.7159456994623945, "cue_position": 1.0, "gamma_fc": 0.5070799232841364}, "datetime": {"delta": 26.584175, "datetime": "2020-06-24 18:11:40", "elapsed": 3422.583198}}
{"target": 6.966666666666667, "params": {"gamma_cf": 0.4064828689770863, "beta_enc": 0.7918210395041538, "beta_rec": 0.6957642142718394, "cue_position": 1.0, "gamma_fc": 0.6477706331874812}, "datetime": {"delta": 20.427788, "datetime": "2020-06-24 18:12:01", "elapsed": 3443.010986}}
{"target": 8.958333333333334, "params": {"gamma_cf": 0.4086372250132624, "beta_enc": 0.1797942976929744, "beta_rec": 0.321819963387904, "cue_position": 1.0, "gamma_fc": 0.2414187479655988}, "datetime": {"delta": 23.870611, "datetime": "2020-06-24 18:12:25", "elapsed": 3466.881597}}
