{"target": 4.848888888888889, "params": {"beta_enc": 0.7965886780072875, "gamma_fc": 0.7827494147841719, "primacy": 0.4, "beta_rec": 0.44614623200345727}, "datetime": {"datetime": "2020-09-17 23:06:51", "elapsed": 5246.110149, "delta": 52.494801}}
{"target": 6.907777777777778, "params": {"beta_enc": 0.30024833953390007, "gamma_fc": 0.9013084363492738, "primacy": 0.4, "beta_rec": 0.14300582825809938}, "datetime": {"datetime": "2020-09-17 23:07:57", "elapsed": 5312.227628, "delta": 66.117479}}
{"target": 2.387777777777778, "params": {"beta_enc": 0.9747403708550822, "gamma_fc": 0.9939130246104789, "primacy": 0.4, "beta_rec": 0.6366044000018972}, "datetime": {"datetime": "2020-09-17 23:08:33", "elapsed": 5348.510234, "delta": 36.282606}}
{"target": 6.1866666666666665, "params": {"beta_enc": 0.5264259339055213, "gamma_fc": 0.3557051709838811, "primacy": 0.4, "beta_rec": 0.1354279030721699}, "datetime": {"datetime": "2020-09-17 23:09:34", "elapsed": 5409.847062, "delta": 61.336828}}
{"target": 6.928888888888889, "params": {"beta_enc": 0.1603951795196491, "gamma_fc": 0.03039968992878883, "primacy": 0.4, "beta_rec": 0.7456371927074961}, "datetime": {"datetime": "2020-09-17 23:10:41", "elapsed": 5476.264878, "delta": 66.417816}}
{"target": 4.664444444444444, "params": {"beta_enc": 0.8623462528380441, "gamma_fc": 0.6909421420661686, "primacy": 0.4, "beta_rec": 0.6926777175073543}, "datetime": {"datetime": "2020-09-17 23:11:32", "elapsed": 5527.655252, "delta": 51.390374}}
{"target": 6.693333333333333, "params": {"beta_enc": 0.44190428074842336, "gamma_fc": 0.9897517076637052, "primacy": 0.4, "beta_rec": 0.5815774073442912}, "datetime": {"datetime": "2020-09-17 23:12:37", "elapsed": 5592.29986, "delta": 64.644608}}
{"target": 7.033333333333333, "params": {"beta_enc": 0.24773290176235485, "gamma_fc": 0.7501724132979928, "primacy": 0.4, "beta_rec": 0.26217308377291193}, "datetime": {"datetime": "2020-09-17 23:13:44", "elapsed": 5659.152988, "delta": 66.853128}}
{"target": 7.038888888888889, "params": {"beta_enc": 0.05692943841109499, "gamma_fc": 0.21196016464367595, "primacy": 0.4, "beta_rec": 0.5085162406102396}, "datetime": {"datetime": "2020-09-17 23:14:50", "elapsed": 5726.006893, "delta": 66.853905}}
{"target": 6.963333333333333, "params": {"beta_enc": 0.29733138150727223, "gamma_fc": 0.593432449464621, "primacy": 0.4, "beta_rec": 0.02760601195450363}, "datetime": {"datetime": "2020-09-17 23:15:57", "elapsed": 5792.455186, "delta": 66.448293}}
{"target": 6.904444444444445, "params": {"beta_enc": 0.3810161240622142, "gamma_fc": 0.5111414782971282, "primacy": 0.4, "beta_rec": 0.7498583107261434}, "datetime": {"datetime": "2020-09-17 23:17:03", "elapsed": 5858.539151, "delta": 66.083965}}
{"target": 7.011111111111111, "params": {"beta_enc": 0.08409376091678879, "gamma_fc": 0.3301100012927709, "primacy": 0.4, "beta_rec": 0.0}, "datetime": {"datetime": "2020-09-17 23:18:14", "elapsed": 5929.342804, "delta": 70.803653}}
{"target": 7.0055555555555555, "params": {"beta_enc": 0.042100134500769534, "gamma_fc": 0.439549639849614, "primacy": 0.4, "beta_rec": 0.46250916519574287}, "datetime": {"datetime": "2020-09-17 23:19:25", "elapsed": 6000.844655, "delta": 71.501851}}
{"target": 7.047777777777778, "params": {"beta_enc": 0.05567242365057808, "gamma_fc": 0.414705170952838, "primacy": 0.4, "beta_rec": 0.643075096577838}, "datetime": {"datetime": "2020-09-17 23:20:37", "elapsed": 6072.378353, "delta": 71.533698}}
{"target": 7.075555555555556, "params": {"beta_enc": 0.12086806780622021, "gamma_fc": 0.35787484341407555, "primacy": 0.4, "beta_rec": 0.9366305853664203}, "datetime": {"datetime": "2020-09-17 23:21:43", "elapsed": 6138.089116, "delta": 65.710763}}
{"target": 7.144444444444445, "params": {"beta_enc": 0.0, "gamma_fc": 0.48303048610019594, "primacy": 0.4, "beta_rec": 0.6010361779517178}, "datetime": {"datetime": "2020-09-17 23:22:43", "elapsed": 6198.446559, "delta": 60.357443}}
{"target": 7.081111111111111, "params": {"beta_enc": 0.06610201397930443, "gamma_fc": 0.9450697469517845, "primacy": 0.4, "beta_rec": 0.672730386691726}, "datetime": {"datetime": "2020-09-17 23:23:43", "elapsed": 6258.721766, "delta": 60.275207}}
{"target": 7.147777777777778, "params": {"beta_enc": 0.006928284250992678, "gamma_fc": 0.3841952072837733, "primacy": 0.4, "beta_rec": 0.5671411858668374}, "datetime": {"datetime": "2020-09-17 23:24:44", "elapsed": 6319.140353, "delta": 60.418587}}
{"target": 7.083333333333333, "params": {"beta_enc": 0.10248788071510812, "gamma_fc": 0.6721018122826776, "primacy": 0.4, "beta_rec": 0.19649780515501236}, "datetime": {"datetime": "2020-09-17 23:25:44", "elapsed": 6379.947473, "delta": 60.80712}}
{"target": 7.025555555555556, "params": {"beta_enc": 0.13430220943940438, "gamma_fc": 0.01989038566603692, "primacy": 0.4, "beta_rec": 0.40491785689195486}, "datetime": {"datetime": "2020-09-17 23:26:44", "elapsed": 6439.660408, "delta": 59.712935}}
{"target": 7.033333333333333, "params": {"beta_enc": 0.18180788090282274, "gamma_fc": 1.0, "primacy": 0.4, "beta_rec": 0.414613165748522}, "datetime": {"datetime": "2020-09-17 23:27:44", "elapsed": 6499.584016, "delta": 59.923608}}
{"target": 7.111111111111111, "params": {"beta_enc": 0.0, "gamma_fc": 0.15012667866000098, "primacy": 0.4, "beta_rec": 0.0}, "datetime": {"datetime": "2020-09-17 23:28:44", "elapsed": 6559.346766, "delta": 59.76275}}
{"target": 7.088888888888889, "params": {"beta_enc": 0.21184167630092965, "gamma_fc": 0.8106039204380804, "primacy": 0.4, "beta_rec": 1.0}, "datetime": {"datetime": "2020-09-17 23:29:44", "elapsed": 6619.378339, "delta": 60.031573}}
{"target": 7.06, "params": {"beta_enc": 0.1765174058589971, "gamma_fc": 0.8316287830892269, "primacy": 0.4, "beta_rec": 0.7721690145139104}, "datetime": {"datetime": "2020-09-17 23:30:43", "elapsed": 6678.996089, "delta": 59.61775}}
{"target": 7.178888888888889, "params": {"beta_enc": 0.07467315053128432, "gamma_fc": 1.0, "primacy": 0.4, "beta_rec": 1.0}, "datetime": {"datetime": "2020-09-17 23:31:44", "elapsed": 6739.600777, "delta": 60.604688}}
{"target": 7.003333333333333, "params": {"beta_enc": 0.0, "gamma_fc": 1.0, "primacy": 0.4, "beta_rec": 1.0}, "datetime": {"datetime": "2020-09-17 23:32:43", "elapsed": 6798.612711, "delta": 59.011934}}
{"target": 7.136666666666667, "params": {"beta_enc": 0.15840463242969563, "gamma_fc": 1.0, "primacy": 0.4, "beta_rec": 1.0}, "datetime": {"datetime": "2020-09-17 23:33:43", "elapsed": 6858.311424, "delta": 59.698713}}
{"target": 7.13, "params": {"beta_enc": 0.10504780341486741, "gamma_fc": 0.9477033807158534, "primacy": 0.4, "beta_rec": 0.9451637095850144}, "datetime": {"datetime": "2020-09-17 23:34:43", "elapsed": 6918.690373, "delta": 60.378949}}
{"target": 7.051111111111111, "params": {"beta_enc": 0.0, "gamma_fc": 0.0, "primacy": 0.4, "beta_rec": 0.9162772167269891}, "datetime": {"datetime": "2020-09-17 23:35:43", "elapsed": 6978.240467, "delta": 59.550094}}
{"target": 7.1033333333333335, "params": {"beta_enc": 0.1273195437512136, "gamma_fc": 0.46535566011653456, "primacy": 0.4, "beta_rec": 0.14813181512310383}, "datetime": {"datetime": "2020-09-17 23:36:42", "elapsed": 7037.827664, "delta": 59.587197}}
{"target": 7.086666666666667, "params": {"beta_enc": 0.0, "gamma_fc": 0.7893748403404901, "primacy": 0.4, "beta_rec": 0.35004196292858886}, "datetime": {"datetime": "2020-09-17 23:37:42", "elapsed": 7098.03112, "delta": 60.203456}}
{"target": 7.0377777777777775, "params": {"beta_enc": 0.05990513439453838, "gamma_fc": 1.0, "primacy": 0.4, "beta_rec": 0.0}, "datetime": {"datetime": "2020-09-17 23:38:42", "elapsed": 7157.436224, "delta": 59.405104}}
{"target": 7.137777777777778, "params": {"beta_enc": 0.07781880275388502, "gamma_fc": 1.0, "primacy": 0.4, "beta_rec": 0.5385422293075977}, "datetime": {"datetime": "2020-09-17 23:39:43", "elapsed": 7218.608074, "delta": 61.17185}}
{"target": 7.085555555555556, "params": {"beta_enc": 0.1836519644458534, "gamma_fc": 0.1701096669888198, "primacy": 0.4, "beta_rec": 0.4271527434046433}, "datetime": {"datetime": "2020-09-17 23:40:43", "elapsed": 7278.884621, "delta": 60.276547}}
{"target": 7.124444444444444, "params": {"beta_enc": 0.0, "gamma_fc": 0.1289633232935839, "primacy": 0.4, "beta_rec": 0.28164245671091825}, "datetime": {"datetime": "2020-09-17 23:41:44", "elapsed": 7339.543311, "delta": 60.65869}}
{"target": 7.178888888888889, "params": {"beta_enc": 0.0, "gamma_fc": 1.0, "primacy": 0.4, "beta_rec": 0.20513409103597022}, "datetime": {"datetime": "2020-09-17 23:42:44", "elapsed": 7399.988533, "delta": 60.445222}}
{"target": 7.021111111111111, "params": {"beta_enc": 0.09820766255834089, "gamma_fc": 1.0, "primacy": 0.4, "beta_rec": 0.17001616530182245}, "datetime": {"datetime": "2020-09-17 23:43:45", "elapsed": 7460.169884, "delta": 60.181351}}
{"target": 7.056666666666667, "params": {"beta_enc": 0.0, "gamma_fc": 1.0, "primacy": 0.4, "beta_rec": 0.33452748664502546}, "datetime": {"datetime": "2020-09-17 23:44:45", "elapsed": 7520.072937, "delta": 59.903053}}
{"target": 7.13, "params": {"beta_enc": 0.0, "gamma_fc": 0.9261393520140337, "primacy": 0.4, "beta_rec": 0.12377575661155758}, "datetime": {"datetime": "2020-09-17 23:45:45", "elapsed": 7580.93288, "delta": 60.859943}}
{"target": 7.075555555555556, "params": {"beta_enc": 0.0, "gamma_fc": 1.0, "primacy": 0.4, "beta_rec": 0.10490318921393475}, "datetime": {"datetime": "2020-09-17 23:46:46", "elapsed": 7641.374863, "delta": 60.441983}}
{"target": 7.056666666666667, "params": {"beta_enc": 0.0, "gamma_fc": 0.7538223504137425, "primacy": 0.4, "beta_rec": 0.0}, "datetime": {"datetime": "2020-09-17 23:47:46", "elapsed": 7701.931024, "delta": 60.556161}}
{"target": 7.025555555555556, "params": {"beta_enc": 0.09696463760078468, "gamma_fc": 0.9170974922902, "primacy": 0.4, "beta_rec": 1.0}, "datetime": {"datetime": "2020-09-17 23:48:47", "elapsed": 7762.49363, "delta": 60.562606}}
{"target": 7.098888888888889, "params": {"beta_enc": 0.09954152065355153, "gamma_fc": 1.0, "primacy": 0.4, "beta_rec": 0.9031594175182919}, "datetime": {"datetime": "2020-09-17 23:49:47", "elapsed": 7822.882522, "delta": 60.388892}}
{"target": 7.135555555555555, "params": {"beta_enc": 0.04066251128125096, "gamma_fc": 0.752924121292887, "primacy": 0.4, "beta_rec": 0.8352859981527521}, "datetime": {"datetime": "2020-09-17 23:50:49", "elapsed": 7884.104846, "delta": 61.222324}}
{"target": 6.884444444444444, "params": {"beta_enc": 0.35238751826315684, "gamma_fc": 0.757984287223543, "primacy": 0.4, "beta_rec": 1.0}, "datetime": {"datetime": "2020-09-17 23:51:56", "elapsed": 7951.643506, "delta": 67.53866}}
{"target": 7.026666666666666, "params": {"beta_enc": 0.16033868893425715, "gamma_fc": 0.7574084548248758, "primacy": 0.4, "beta_rec": 0.9102225789626575}, "datetime": {"datetime": "2020-09-17 23:53:09", "elapsed": 8024.404906, "delta": 72.7614}}
{"target": 7.021111111111111, "params": {"beta_enc": 0.0, "gamma_fc": 0.7941120415530192, "primacy": 0.4, "beta_rec": 0.6972574453228418}, "datetime": {"datetime": "2020-09-17 23:54:22", "elapsed": 8097.448892, "delta": 73.043986}}
{"target": 7.072222222222222, "params": {"beta_enc": 0.09984934534597639, "gamma_fc": 0.2162284352402184, "primacy": 0.4, "beta_rec": 0.30404807407161444}, "datetime": {"datetime": "2020-09-17 23:55:35", "elapsed": 8170.653133, "delta": 73.204241}}
{"target": 7.1177777777777775, "params": {"beta_enc": 0.0, "gamma_fc": 0.0, "primacy": 0.4, "beta_rec": 0.218588014305072}, "datetime": {"datetime": "2020-09-17 23:56:48", "elapsed": 8243.957004, "delta": 73.303871}}
{"target": 7.0, "params": {"beta_enc": 0.0, "gamma_fc": 0.0, "primacy": 0.4, "beta_rec": 0.7304681453559349}, "datetime": {"datetime": "2020-09-17 23:58:01", "elapsed": 8316.431487, "delta": 72.474483}}
{"target": 7.197777777777778, "params": {"beta_enc": 0.0, "gamma_fc": 0.6344739157092556, "primacy": 0.4, "beta_rec": 0.917002264534184}, "datetime": {"datetime": "2020-09-17 23:59:15", "elapsed": 8390.180822, "delta": 73.749335}}
{"target": 7.126666666666667, "params": {"beta_enc": 0.0, "gamma_fc": 0.5703475979914783, "primacy": 0.4, "beta_rec": 1.0}, "datetime": {"datetime": "2020-09-18 00:00:27", "elapsed": 8462.929106, "delta": 72.748284}}
{"target": 7.127777777777778, "params": {"beta_enc": 0.0, "gamma_fc": 0.5171528094755308, "primacy": 0.4, "beta_rec": 0.8941080446822697}, "datetime": {"datetime": "2020-09-18 00:01:41", "elapsed": 8536.39178, "delta": 73.462674}}
{"target": 7.015555555555555, "params": {"beta_enc": 0.12426083722287415, "gamma_fc": 0.913487188873629, "primacy": 0.4, "beta_rec": 0.5700726991464072}, "datetime": {"datetime": "2020-09-18 00:02:53", "elapsed": 8608.467625, "delta": 72.075845}}
{"target": 7.127777777777778, "params": {"beta_enc": 0.19255917747228288, "gamma_fc": 1.0, "primacy": 0.4, "beta_rec": 0.6516855325176972}, "datetime": {"datetime": "2020-09-18 00:04:06", "elapsed": 8681.239142, "delta": 72.771517}}
{"target": 7.182222222222222, "params": {"beta_enc": 0.0, "gamma_fc": 0.9122863375902713, "primacy": 0.4, "beta_rec": 0.2330329851326327}, "datetime": {"datetime": "2020-09-18 00:05:19", "elapsed": 8754.750921, "delta": 73.511779}}
{"target": 7.0633333333333335, "params": {"beta_enc": 0.171903077355441, "gamma_fc": 0.8387470808211874, "primacy": 0.4, "beta_rec": 0.0}, "datetime": {"datetime": "2020-09-18 00:06:32", "elapsed": 8827.544292, "delta": 72.793371}}
{"target": 6.974444444444444, "params": {"beta_enc": 0.3568066245573014, "gamma_fc": 0.7366394539724825, "primacy": 0.4, "beta_rec": 0.7337476071726007}, "datetime": {"datetime": "2020-09-18 00:07:45", "elapsed": 8900.222053, "delta": 72.677761}}
{"target": 6.93, "params": {"beta_enc": 0.23629419999344087, "gamma_fc": 0.36246763586391645, "primacy": 0.4, "beta_rec": 0.10252941944816273}, "datetime": {"datetime": "2020-09-18 00:08:57", "elapsed": 8972.243139, "delta": 72.021086}}
{"target": 7.11, "params": {"beta_enc": 0.0, "gamma_fc": 0.5148322183305017, "primacy": 0.4, "beta_rec": 0.10748945802482263}, "datetime": {"datetime": "2020-09-18 00:10:11", "elapsed": 9046.05049, "delta": 73.807351}}
{"target": 7.128888888888889, "params": {"beta_enc": 0.12145669256300798, "gamma_fc": 0.8341627527415962, "primacy": 0.4, "beta_rec": 0.34533422775244144}, "datetime": {"datetime": "2020-09-18 00:11:24", "elapsed": 9119.466976, "delta": 73.416486}}
