{"target": 7.156444444444444, "params": {"beta_enc": 0.417022004702574, "gamma_fc": 0.30233257263183977, "cue_position": 4.0, "beta_rec": 0.7203244934421581}, "datetime": {"delta": 0.0, "elapsed": 0.0, "datetime": "2020-10-03 17:08:00"}}
{"target": 7.533777777777777, "params": {"beta_enc": 0.14675589081711304, "gamma_fc": 0.34556072704304774, "cue_position": 4.0, "beta_rec": 0.0923385947687978}, "datetime": {"delta": 66.707722, "elapsed": 66.707722, "datetime": "2020-10-03 17:09:07"}}
{"target": 7.276888888888888, "params": {"beta_enc": 0.39676747423066994, "gamma_fc": 0.6852195003967595, "cue_position": 4.0, "beta_rec": 0.538816734003357}, "datetime": {"delta": 65.885042, "elapsed": 132.592764, "datetime": "2020-10-03 17:10:13"}}
{"target": 7.538444444444444, "params": {"beta_enc": 0.20445224973151743, "gamma_fc": 0.6704675101784022, "cue_position": 4.0, "beta_rec": 0.8781174363909454}, "datetime": {"delta": 62.328538, "elapsed": 194.921302, "datetime": "2020-10-03 17:11:15"}}
{"target": 7.104444444444444, "params": {"beta_enc": 0.41730480236712697, "gamma_fc": 0.1981014890848788, "cue_position": 4.0, "beta_rec": 0.5586898284457517}, "datetime": {"delta": 37.292234, "elapsed": 232.213536, "datetime": "2020-10-03 17:11:52"}}
{"target": 5.653777777777778, "params": {"beta_enc": 0.8007445686755367, "gamma_fc": 0.6923226156693141, "cue_position": 4.0, "beta_rec": 0.9682615757193975}, "datetime": {"delta": 32.866442, "elapsed": 265.079978, "datetime": "2020-10-03 17:12:25"}}
{"target": 6.075111111111111, "params": {"beta_enc": 0.8763891522960383, "gamma_fc": 0.03905478323288236, "cue_position": 4.0, "beta_rec": 0.8946066635038473}, "datetime": {"delta": 34.237808, "elapsed": 299.317786, "datetime": "2020-10-03 17:13:00"}}
{"target": 7.5362222222222215, "params": {"beta_enc": 0.1698304195645689, "gamma_fc": 0.42110762500505217, "cue_position": 4.0, "beta_rec": 0.8781425034294131}, "datetime": {"delta": 38.689471, "elapsed": 338.007257, "datetime": "2020-10-03 17:13:38"}}
{"target": 4.902444444444444, "params": {"beta_enc": 0.9578895301505019, "gamma_fc": 0.31551563100606295, "cue_position": 4.0, "beta_rec": 0.5331652849730171}, "datetime": {"delta": 30.361386, "elapsed": 368.368643, "datetime": "2020-10-03 17:14:09"}}
{"target": 6.262222222222222, "params": {"beta_enc": 0.6865009276815837, "gamma_fc": 0.7501443149449675, "cue_position": 4.0, "beta_rec": 0.8346256718973729}, "datetime": {"delta": 50.875087, "elapsed": 419.24373, "datetime": "2020-10-03 17:14:59"}}
{"target": 2.8957777777777776, "params": {"beta_enc": 0.9888610889064947, "gamma_fc": 0.7892793284514885, "cue_position": 4.0, "beta_rec": 0.7481656543798394}, "datetime": {"delta": 23.750578, "elapsed": 442.994308, "datetime": "2020-10-03 17:15:23"}}
{"target": 7.5342222222222235, "params": {"beta_enc": 0.10322600657764203, "gamma_fc": 0.2936141483736795, "cue_position": 4.0, "beta_rec": 0.44789352617590517}, "datetime": {"delta": 38.570491, "elapsed": 481.564799, "datetime": "2020-10-03 17:16:02"}}
{"target": 7.472888888888889, "params": {"beta_enc": 0.28777533858634874, "gamma_fc": 0.678835532939891, "cue_position": 4.0, "beta_rec": 0.13002857211827767}, "datetime": {"delta": 38.473826, "elapsed": 520.038625, "datetime": "2020-10-03 17:16:40"}}
{"target": 7.495333333333333, "params": {"beta_enc": 0.21162811600005904, "gamma_fc": 0.053362545117080384, "cue_position": 4.0, "beta_rec": 0.2655466593722262}, "datetime": {"delta": 38.525002, "elapsed": 558.563627, "datetime": "2020-10-03 17:17:19"}}
{"target": 6.94511111111111, "params": {"beta_enc": 0.5741176054920131, "gamma_fc": 0.6997583600209312, "cue_position": 4.0, "beta_rec": 0.14672857490581015}, "datetime": {"delta": 36.786659, "elapsed": 595.350286, "datetime": "2020-10-03 17:17:56"}}
{"target": 7.504888888888888, "params": {"beta_enc": 0.10233442882782584, "gamma_fc": 0.41417926952690265, "cue_position": 4.0, "beta_rec": 0.4140559878195683}, "datetime": {"delta": 38.457757, "elapsed": 633.808043, "datetime": "2020-10-03 17:18:34"}}
{"target": 7.550666666666666, "params": {"beta_enc": 0.04995345894608716, "gamma_fc": 0.5148891120583086, "cue_position": 4.0, "beta_rec": 0.5358964059155116}, "datetime": {"delta": 38.557489, "elapsed": 672.365532, "datetime": "2020-10-03 17:19:13"}}
{"target": 5.297333333333333, "params": {"beta_enc": 0.9445947559908133, "gamma_fc": 0.13747470414623753, "cue_position": 4.0, "beta_rec": 0.5865550405019929}, "datetime": {"delta": 31.647998, "elapsed": 704.01353, "datetime": "2020-10-03 17:19:44"}}
{"target": 7.506666666666666, "params": {"beta_enc": 0.13927634725075855, "gamma_fc": 0.16535419711693278, "cue_position": 4.0, "beta_rec": 0.8073912887095238}, "datetime": {"delta": 56.298031, "elapsed": 760.311561, "datetime": "2020-10-03 17:20:41"}}
{"target": 4.448222222222222, "params": {"beta_enc": 0.9275085803960339, "gamma_fc": 0.7259979853504515, "cue_position": 4.0, "beta_rec": 0.34776585974550656}, "datetime": {"delta": 32.700552, "elapsed": 793.012113, "datetime": "2020-10-03 17:21:13"}}
{"target": 5.560888888888889, "params": {"beta_enc": 0.8833060912058098, "gamma_fc": 0.34889834197784253, "cue_position": 4.0, "beta_rec": 0.6236722070556089}, "datetime": {"delta": 34.626319, "elapsed": 827.638432, "datetime": "2020-10-03 17:21:48"}}
{"target": 7.467777777777778, "params": {"beta_enc": 0.2699278917650261, "gamma_fc": 0.9648400471483856, "cue_position": 4.0, "beta_rec": 0.8958862181960668}, "datetime": {"delta": 38.472377, "elapsed": 866.110809, "datetime": "2020-10-03 17:22:26"}}
{"target": 6.358444444444445, "params": {"beta_enc": 0.6634414978184481, "gamma_fc": 0.9494892587070712, "cue_position": 4.0, "beta_rec": 0.6216957202091218}, "datetime": {"delta": 35.092511, "elapsed": 901.20332, "datetime": "2020-10-03 17:23:01"}}
{"target": 7.103111111111112, "params": {"beta_enc": 0.4499121334799405, "gamma_fc": 0.2370269802430277, "cue_position": 4.0, "beta_rec": 0.5783896143871318}, "datetime": {"delta": 37.272447, "elapsed": 938.475767, "datetime": "2020-10-03 17:23:39"}}
{"target": 5.0137777777777774, "params": {"beta_enc": 0.9033795205622538, "gamma_fc": 0.6171449136207239, "cue_position": 4.0, "beta_rec": 0.5736794866722859}, "datetime": {"delta": 37.313653, "elapsed": 975.78942, "datetime": "2020-10-03 17:24:16"}}
{"target": 7.388222222222223, "params": {"beta_enc": 0.32664490177209615, "gamma_fc": 0.35726976000249977, "cue_position": 4.0, "beta_rec": 0.5270581022576093}, "datetime": {"delta": 39.628558, "elapsed": 1015.417978, "datetime": "2020-10-03 17:24:56"}}
{"target": 4.489777777777777, "params": {"beta_enc": 0.9085351509197992, "gamma_fc": 0.9294372337437613, "cue_position": 4.0, "beta_rec": 0.6233601157918027}, "datetime": {"delta": 34.857565, "elapsed": 1050.275543, "datetime": "2020-10-03 17:25:31"}}
{"target": 6.506222222222223, "params": {"beta_enc": 0.690896917516924, "gamma_fc": 0.13713574962887776, "cue_position": 4.0, "beta_rec": 0.9973228504514805}, "datetime": {"delta": 61.649789, "elapsed": 1111.925332, "datetime": "2020-10-03 17:26:32"}}
{"target": 4.422888888888889, "params": {"beta_enc": 0.9325954630371636, "gamma_fc": 0.7554630526024664, "cue_position": 4.0, "beta_rec": 0.6968181614899002}, "datetime": {"delta": 43.018847, "elapsed": 1154.944179, "datetime": "2020-10-03 17:27:15"}}
{"target": 6.2668888888888885, "params": {"beta_enc": 0.7538761884612464, "gamma_fc": 0.1242709619721647, "cue_position": 4.0, "beta_rec": 0.9230245355464833}, "datetime": {"delta": 60.491035, "elapsed": 1215.435214, "datetime": "2020-10-03 17:28:16"}}
{"target": 7.552888888888889, "params": {"beta_enc": 0.01988013383979559, "gamma_fc": 0.2462110676030459, "cue_position": 4.0, "beta_rec": 0.026210986877719278}, "datetime": {"delta": 67.381753, "elapsed": 1282.816967, "datetime": "2020-10-03 17:29:23"}}
{"target": 5.1768888888888895, "params": {"beta_enc": 0.860027948682888, "gamma_fc": 0.8420308923596057, "cue_position": 4.0, "beta_rec": 0.5388310643416528}, "datetime": {"delta": 54.151139, "elapsed": 1336.968106, "datetime": "2020-10-03 17:30:17"}}
{"target": 7.488888888888889, "params": {"beta_enc": 0.12417331511991114, "gamma_fc": 0.9695957483196745, "cue_position": 4.0, "beta_rec": 0.2791836790111395}, "datetime": {"delta": 67.06218, "elapsed": 1404.030286, "datetime": "2020-10-03 17:31:24"}}
{"target": 6.844444444444444, "params": {"beta_enc": 0.56103021925571, "gamma_fc": 0.23297427384102043, "cue_position": 4.0, "beta_rec": 0.01864728937294302}, "datetime": {"delta": 60.062456, "elapsed": 1464.092742, "datetime": "2020-10-03 17:32:24"}}
{"target": 5.666888888888889, "params": {"beta_enc": 0.8071051956187791, "gamma_fc": 0.7471216427371846, "cue_position": 4.0, "beta_rec": 0.38786064406417176}, "datetime": {"delta": 47.179042, "elapsed": 1511.271784, "datetime": "2020-10-03 17:33:12"}}
{"target": 7.013333333333333, "params": {"beta_enc": 0.5562402339904189, "gamma_fc": 0.12134345574073735, "cue_position": 4.0, "beta_rec": 0.13645522566068502}, "datetime": {"delta": 57.46823, "elapsed": 1568.740014, "datetime": "2020-10-03 17:34:09"}}
{"target": 7.5362222222222215, "params": {"beta_enc": 0.044551878544761725, "gamma_fc": 0.7129889803826767, "cue_position": 4.0, "beta_rec": 0.1074941291060929}, "datetime": {"delta": 67.114284, "elapsed": 1635.854298, "datetime": "2020-10-03 17:35:16"}}
{"target": 6.8406666666666665, "params": {"beta_enc": 0.5597169820541424, "gamma_fc": 0.967276330000272, "cue_position": 4.0, "beta_rec": 0.012555980159115854}, "datetime": {"delta": 63.413606, "elapsed": 1699.267904, "datetime": "2020-10-03 17:36:20"}}
{"target": 6.895555555555556, "params": {"beta_enc": 0.5681004619199421, "gamma_fc": 0.7438258540750929, "cue_position": 4.0, "beta_rec": 0.20329323466099047}, "datetime": {"delta": 63.878004, "elapsed": 1763.145908, "datetime": "2020-10-03 17:37:23"}}
{"target": 7.511111111111111, "params": {"beta_enc": 0.1954294811093188, "gamma_fc": 0.8468288014900353, "cue_position": 4.0, "beta_rec": 0.5813589272732578}, "datetime": {"delta": 60.229417, "elapsed": 1823.375325, "datetime": "2020-10-03 17:38:24"}}
{"target": 7.494888888888889, "params": {"beta_enc": 0.23984775914758616, "gamma_fc": 0.8289808995501787, "cue_position": 4.0, "beta_rec": 0.49376971426872995}, "datetime": {"delta": 59.938911, "elapsed": 1883.314236, "datetime": "2020-10-03 17:39:24"}}
{"target": 7.542222222222222, "params": {"beta_enc": 0.15679139464608427, "gamma_fc": 0.4863451109370318, "cue_position": 4.0, "beta_rec": 0.018576202177409518}, "datetime": {"delta": 67.20113, "elapsed": 1950.515366, "datetime": "2020-10-03 17:40:31"}}
{"target": 6.687111111111112, "params": {"beta_enc": 0.6063294616533303, "gamma_fc": 0.9886161544124489, "cue_position": 4.0, "beta_rec": 0.5688514370864813}, "datetime": {"delta": 56.73246, "elapsed": 2007.247826, "datetime": "2020-10-03 17:41:28"}}
{"target": 6.810222222222222, "params": {"beta_enc": 0.5797452192457969, "gamma_fc": 0.7453344309065021, "cue_position": 4.0, "beta_rec": 0.3801411726235504}, "datetime": {"delta": 62.241686, "elapsed": 2069.489512, "datetime": "2020-10-03 17:42:30"}}
{"target": 6.633555555555556, "params": {"beta_enc": 0.6692328934531846, "gamma_fc": 0.3700841979141063, "cue_position": 4.0, "beta_rec": 0.2649195576628094}, "datetime": {"delta": 44.232545, "elapsed": 2113.722057, "datetime": "2020-10-03 17:43:14"}}
{"target": 6.754666666666667, "params": {"beta_enc": 0.6297175070215645, "gamma_fc": 0.06653648135411494, "cue_position": 4.0, "beta_rec": 0.2101740099148396}, "datetime": {"delta": 36.361059, "elapsed": 2150.083116, "datetime": "2020-10-03 17:43:50"}}
{"target": 7.469777777777777, "params": {"beta_enc": 0.26031509857854096, "gamma_fc": 0.6394608808799401, "cue_position": 4.0, "beta_rec": 0.8047545637433454}, "datetime": {"delta": 62.177465, "elapsed": 2212.260581, "datetime": "2020-10-03 17:44:53"}}
{"target": 6.556444444444445, "params": {"beta_enc": 0.5246703091237337, "gamma_fc": 0.06596109068402378, "cue_position": 4.0, "beta_rec": 0.9248079703993507}, "datetime": {"delta": 35.679765, "elapsed": 2247.940346, "datetime": "2020-10-03 17:45:28"}}
{"target": 5.915111111111111, "params": {"beta_enc": 0.7350659632886695, "gamma_fc": 0.9319720691968373, "cue_position": 4.0, "beta_rec": 0.7721780295432468}, "datetime": {"delta": 37.728525, "elapsed": 2285.668871, "datetime": "2020-10-03 17:46:06"}}
{"target": 7.571555555555555, "params": {"beta_enc": 0.013951572975597015, "gamma_fc": 0.9490163206876164, "cue_position": 4.0, "beta_rec": 0.2343620861214205}, "datetime": {"delta": 49.936034, "elapsed": 2335.604905, "datetime": "2020-10-03 17:46:56"}}
{"target": 4.362444444444445, "params": {"beta_enc": 0.9501761192470797, "gamma_fc": 0.6415662089463375, "cue_position": 4.0, "beta_rec": 0.5566531881951564}, "datetime": {"delta": 40.317067, "elapsed": 2375.921972, "datetime": "2020-10-03 17:47:36"}}
{"target": 7.280444444444444, "params": {"beta_enc": 0.39000771414124624, "gamma_fc": 0.5495479215085626, "cue_position": 4.0, "beta_rec": 0.48599066709690975}, "datetime": {"delta": 43.442039, "elapsed": 2419.364011, "datetime": "2020-10-03 17:48:20"}}
{"target": 4.081777777777778, "params": {"beta_enc": 0.9261814267064536, "gamma_fc": 0.9632625284407118, "cue_position": 4.0, "beta_rec": 0.9187334356336061}, "datetime": {"delta": 33.559737, "elapsed": 2452.923748, "datetime": "2020-10-03 17:48:53"}}
{"target": 7.536444444444444, "params": {"beta_enc": 0.17395566668046436, "gamma_fc": 0.5056621656768967, "cue_position": 4.0, "beta_rec": 0.12632951943963733}, "datetime": {"delta": 38.70897, "elapsed": 2491.632718, "datetime": "2020-10-03 17:49:32"}}
{"target": 7.611555555555556, "params": {"beta_enc": 0.021524805274197978, "gamma_fc": 0.015018980742122379, "cue_position": 4.0, "beta_rec": 0.947970211217681}, "datetime": {"delta": 48.31742, "elapsed": 2539.950138, "datetime": "2020-10-03 17:50:20"}}
{"target": 7.532444444444446, "params": {"beta_enc": 0.17619625557505525, "gamma_fc": 0.8094906921265821, "cue_position": 4.0, "beta_rec": 0.332063574366837}, "datetime": {"delta": 47.525737, "elapsed": 2587.475875, "datetime": "2020-10-03 17:51:08"}}
{"target": 7.443111111111111, "params": {"beta_enc": 0.34473665268329345, "gamma_fc": 0.8788319844118441, "cue_position": 4.0, "beta_rec": 0.9401074823333672}, "datetime": {"delta": 38.243524, "elapsed": 2625.719399, "datetime": "2020-10-03 17:51:46"}}
{"target": 5.6288888888888895, "params": {"beta_enc": 0.8447344453922219, "gamma_fc": 0.5463468160203733, "cue_position": 4.0, "beta_rec": 0.9053923187086492}, "datetime": {"delta": 32.66878, "elapsed": 2658.388179, "datetime": "2020-10-03 17:52:19"}}
{"target": 5.813111111111112, "params": {"beta_enc": 0.7986035911520394, "gamma_fc": 0.5991103076458784, "cue_position": 4.0, "beta_rec": 0.28571885173414757}, "datetime": {"delta": 33.566452, "elapsed": 2691.954631, "datetime": "2020-10-03 17:52:52"}}
{"target": 7.5328888888888885, "params": {"beta_enc": 0.015533275550835723, "gamma_fc": 0.8073605288848414, "cue_position": 4.0, "beta_rec": 0.5934814081966372}, "datetime": {"delta": 38.558918, "elapsed": 2730.513549, "datetime": "2020-10-03 17:53:31"}}
{"target": 7.258, "params": {"beta_enc": 0.31524480309537295, "gamma_fc": 0.18401020162746506, "cue_position": 4.0, "beta_rec": 0.8928887085251513}, "datetime": {"delta": 40.885528, "elapsed": 2771.399077, "datetime": "2020-10-03 17:54:12"}}
{"target": 5.964888888888888, "params": {"beta_enc": 0.7879292338255043, "gamma_fc": 0.4201936800011322, "cue_position": 4.0, "beta_rec": 0.6120311770449339}, "datetime": {"delta": 33.909188, "elapsed": 2805.308265, "datetime": "2020-10-03 17:54:46"}}
{"target": 6.268444444444444, "params": {"beta_enc": 0.6790688365654296, "gamma_fc": 0.9767591490310596, "cue_position": 4.0, "beta_rec": 0.9186017779775258}, "datetime": {"delta": 34.729638, "elapsed": 2840.037903, "datetime": "2020-10-03 17:55:20"}}
{"target": 7.382888888888888, "params": {"beta_enc": 0.37658031474577447, "gamma_fc": 0.828845807980693, "cue_position": 4.0, "beta_rec": 0.9737835383583225}, "datetime": {"delta": 61.657694, "elapsed": 2901.695597, "datetime": "2020-10-03 17:56:22"}}
{"target": 6.810666666666667, "params": {"beta_enc": 0.5747115047081023, "gamma_fc": 0.586833340656083, "cue_position": 4.0, "beta_rec": 0.6280761983073504}, "datetime": {"delta": 46.581619, "elapsed": 2948.277216, "datetime": "2020-10-03 17:57:09"}}
{"target": 5.985555555555555, "params": {"beta_enc": 0.7500217637026599, "gamma_fc": 0.698057248447303, "cue_position": 4.0, "beta_rec": 0.8583138364290424}, "datetime": {"delta": 50.773678, "elapsed": 2999.050894, "datetime": "2020-10-03 17:57:59"}}
{"target": 5.4448888888888884, "params": {"beta_enc": 0.8644794300545998, "gamma_fc": 0.45087393641334916, "cue_position": 4.0, "beta_rec": 0.32268099683674645}, "datetime": {"delta": 52.360716, "elapsed": 3051.41161, "datetime": "2020-10-03 17:58:52"}}
{"target": 7.328222222222223, "params": {"beta_enc": 0.3821027520315172, "gamma_fc": 0.3173839459582769, "cue_position": 4.0, "beta_rec": 0.4108113499221856}, "datetime": {"delta": 61.044557, "elapsed": 3112.456167, "datetime": "2020-10-03 17:59:53"}}
{"target": 6.685555555555555, "params": {"beta_enc": 0.6219193679203014, "gamma_fc": 0.6778008914343111, "cue_position": 4.0, "beta_rec": 0.43024727082126435}, "datetime": {"delta": 47.313902, "elapsed": 3159.770069, "datetime": "2020-10-03 18:00:40"}}
{"target": 7.510222222222223, "params": {"beta_enc": 0.19856988842711087, "gamma_fc": 0.7976388039585666, "cue_position": 4.0, "beta_rec": 0.4267010093480328}, "datetime": {"delta": 38.393367, "elapsed": 3198.163436, "datetime": "2020-10-03 18:01:18"}}
{"target": 5.961555555555555, "params": {"beta_enc": 0.8799982885634318, "gamma_fc": 0.2702082620297578, "cue_position": 4.0, "beta_rec": 0.903841955826372}, "datetime": {"delta": 38.082234, "elapsed": 3236.24567, "datetime": "2020-10-03 18:01:57"}}
{"target": 7.4719999999999995, "params": {"beta_enc": 0.25236670150458973, "gamma_fc": 0.8021610840045981, "cue_position": 4.0, "beta_rec": 0.8548979426974024}, "datetime": {"delta": 43.717661, "elapsed": 3279.963331, "datetime": "2020-10-03 18:02:40"}}
{"target": 6.828444444444445, "params": {"beta_enc": 0.5724885171916063, "gamma_fc": 0.770883910501888, "cue_position": 4.0, "beta_rec": 0.7331425252875111}, "datetime": {"delta": 54.258442, "elapsed": 3334.221773, "datetime": "2020-10-03 18:03:34"}}
{"target": 6.852666666666667, "params": {"beta_enc": 0.5688579907047155, "gamma_fc": 0.06820934841670412, "cue_position": 4.0, "beta_rec": 0.4657098785919809}, "datetime": {"delta": 46.542436, "elapsed": 3380.764209, "datetime": "2020-10-03 18:04:21"}}
{"target": 7.412222222222222, "params": {"beta_enc": 0.37792417932809985, "gamma_fc": 0.18161285133076377, "cue_position": 4.0, "beta_rec": 0.07962607769825236}, "datetime": {"delta": 38.150786, "elapsed": 3418.914995, "datetime": "2020-10-03 18:04:59"}}
{"target": 5.750222222222223, "params": {"beta_enc": 0.8118586977205398, "gamma_fc": 0.5694944127453757, "cue_position": 4.0, "beta_rec": 0.8749616449558981}, "datetime": {"delta": 44.475356, "elapsed": 3463.390351, "datetime": "2020-10-03 18:05:44"}}
{"target": 7.470444444444444, "params": {"beta_enc": 0.16097143681560877, "gamma_fc": 0.2250399578140846, "cue_position": 4.0, "beta_rec": 0.4668800227633063}, "datetime": {"delta": 41.05791, "elapsed": 3504.448261, "datetime": "2020-10-03 18:06:25"}}
{"target": 6.771777777777777, "params": {"beta_enc": 0.5925118687657968, "gamma_fc": 0.9096355249515571, "cue_position": 4.0, "beta_rec": 0.31226983770191696}, "datetime": {"delta": 38.9358, "elapsed": 3543.384061, "datetime": "2020-10-03 18:07:04"}}
{"target": 7.516444444444444, "params": {"beta_enc": 0.2571182937821962, "gamma_fc": 0.49958417067888605, "cue_position": 4.0, "beta_rec": 0.1108913007440292}, "datetime": {"delta": 43.852598, "elapsed": 3587.236659, "datetime": "2020-10-03 18:07:47"}}
{"target": 6.129777777777778, "params": {"beta_enc": 0.7285856679745962, "gamma_fc": 0.851671874936367, "cue_position": 4.0, "beta_rec": 0.20819443840879148}, "datetime": {"delta": 39.563454, "elapsed": 3626.800113, "datetime": "2020-10-03 18:08:27"}}
{"target": 7.039555555555556, "params": {"beta_enc": 0.41584871826752734, "gamma_fc": 0.10196725942579743, "cue_position": 4.0, "beta_rec": 0.6166850671552362}, "datetime": {"delta": 53.306861, "elapsed": 3680.106974, "datetime": "2020-10-03 18:09:20"}}
{"target": 7.065777777777778, "params": {"beta_enc": 0.5158570169685298, "gamma_fc": 0.6218062317404155, "cue_position": 4.0, "beta_rec": 0.47714098704978236}, "datetime": {"delta": 56.124003, "elapsed": 3736.230977, "datetime": "2020-10-03 18:10:16"}}
{"target": 6.956444444444445, "params": {"beta_enc": 0.5440101188139381, "gamma_fc": 0.7515278171352439, "cue_position": 4.0, "beta_rec": 0.6541373469707443}, "datetime": {"delta": 38.603484, "elapsed": 3774.834461, "datetime": "2020-10-03 18:10:55"}}
{"target": 7.392222222222221, "params": {"beta_enc": 0.2220491397999227, "gamma_fc": 0.02233042799180618, "cue_position": 4.0, "beta_rec": 0.519351824366033}, "datetime": {"delta": 50.665432, "elapsed": 3825.499893, "datetime": "2020-10-03 18:11:46"}}
{"target": 7.436666666666667, "params": {"beta_enc": 0.3243624597261865, "gamma_fc": 0.5384405925945437, "cue_position": 4.0, "beta_rec": 0.872922376400111}, "datetime": {"delta": 39.976547, "elapsed": 3865.47644, "datetime": "2020-10-03 18:12:26"}}
{"target": 4.998666666666667, "params": {"beta_enc": 0.866608274166513, "gamma_fc": 0.8541154438365387, "cue_position": 4.0, "beta_rec": 0.9498059913536265}, "datetime": {"delta": 52.049465, "elapsed": 3917.525905, "datetime": "2020-10-03 18:13:18"}}
{"target": 7.522444444444444, "params": {"beta_enc": 0.09874340182034835, "gamma_fc": 0.6102408126466297, "cue_position": 4.0, "beta_rec": 0.651304332340991}, "datetime": {"delta": 54.228875, "elapsed": 3971.75478, "datetime": "2020-10-03 18:14:12"}}
