{"target": 7.288444444444446, "params": {"gamma_fc": 0.43359232727316455, "enc_rate": 1.0, "cue_position": 3.0, "k": 3.0, "beta_rec": 0.31446701118584963, "beta_enc": 0.5336533449712114}, "datetime": {"elapsed": 2666.718606, "delta": 34.620789, "datetime": "2021-04-07 12:00:27"}}
{"target": 4.467333333333333, "params": {"gamma_fc": 0.027287223517468817, "enc_rate": 1.0, "cue_position": 3.0, "k": 3.0, "beta_rec": 0.030949006271150714, "beta_enc": 0.9388864773697133}, "datetime": {"elapsed": 2692.97733, "delta": 26.258724, "datetime": "2021-04-07 12:00:54"}}
{"target": 7.464444444444443, "params": {"gamma_fc": 0.45285349995153745, "enc_rate": 1.0, "cue_position": 3.0, "k": 3.0, "beta_rec": 0.8594893208655858, "beta_enc": 0.3259898117700253}, "datetime": {"elapsed": 2727.992628, "delta": 35.015298, "datetime": "2021-04-07 12:01:29"}}
{"target": 7.439333333333333, "params": {"gamma_fc": 0.5172675985011298, "enc_rate": 1.0, "cue_position": 3.0, "k": 3.0, "beta_rec": 0.009348577966515781, "beta_enc": 0.2900968516874258}, "datetime": {"elapsed": 2763.013183, "delta": 35.020555, "datetime": "2021-04-07 12:02:04"}}
{"target": 7.31088888888889, "params": {"gamma_fc": 0.9368683813090937, "enc_rate": 1.0, "cue_position": 3.0, "k": 3.0, "beta_rec": 0.2473960366023854, "beta_enc": 0.426474788501396}, "datetime": {"elapsed": 2797.589733, "delta": 34.57655, "datetime": "2021-04-07 12:02:38"}}
{"target": 5.465111111111112, "params": {"gamma_fc": 0.31437661611405043, "enc_rate": 1.0, "cue_position": 3.0, "k": 3.0, "beta_rec": 0.22790028995131695, "beta_enc": 0.9202065143056605}, "datetime": {"elapsed": 2826.881935, "delta": 29.292202, "datetime": "2021-04-07 12:03:07"}}
{"target": 7.047555555555556, "params": {"gamma_fc": 0.7018765297563104, "enc_rate": 1.0, "cue_position": 3.0, "k": 3.0, "beta_rec": 0.41358641500116133, "beta_enc": 0.6070941619724605}, "datetime": {"elapsed": 2860.817204, "delta": 33.935269, "datetime": "2021-04-07 12:03:41"}}
{"target": 7.120444444444445, "params": {"gamma_fc": 0.6641025553547935, "enc_rate": 1.0, "cue_position": 3.0, "k": 3.0, "beta_rec": 0.34898759722078887, "beta_enc": 0.5742190888408597}, "datetime": {"elapsed": 2895.000404, "delta": 34.1832, "datetime": "2021-04-07 12:04:16"}}
{"target": 7.176444444444445, "params": {"gamma_fc": 0.8168351087916219, "enc_rate": 1.0, "cue_position": 3.0, "k": 3.0, "beta_rec": 0.1747201501089225, "beta_enc": 0.5190159840736788}, "datetime": {"elapsed": 2929.447456, "delta": 34.447052, "datetime": "2021-04-07 12:04:50"}}
{"target": 6.358666666666667, "params": {"gamma_fc": 0.09357709581748075, "enc_rate": 1.0, "cue_position": 3.0, "k": 3.0, "beta_rec": 0.9015625846693213, "beta_enc": 0.9759890683309049}, "datetime": {"elapsed": 2961.484695, "delta": 32.037239, "datetime": "2021-04-07 12:05:22"}}
{"target": 7.3084444444444445, "params": {"gamma_fc": 0.9727875919326552, "enc_rate": 1.0, "cue_position": 3.0, "k": 3.0, "beta_rec": 0.37543483316785775, "beta_enc": 0.4517331486914753}, "datetime": {"elapsed": 2996.772437, "delta": 35.287742, "datetime": "2021-04-07 12:05:57"}}
{"target": 7.062, "params": {"gamma_fc": 0.013136356923072245, "enc_rate": 1.0, "cue_position": 3.0, "k": 3.0, "beta_rec": 0.6326158167779973, "beta_enc": 0.8242378396244978}, "datetime": {"elapsed": 3030.757132, "delta": 33.984695, "datetime": "2021-04-07 12:06:31"}}
{"target": 7.272444444444444, "params": {"gamma_fc": 0.13766274094560316, "enc_rate": 1.0, "cue_position": 3.0, "k": 3.0, "beta_rec": 0.7300912110901043, "beta_enc": 0.49207180149355845}, "datetime": {"elapsed": 3065.443827, "delta": 34.686695, "datetime": "2021-04-07 12:07:06"}}
{"target": 6.698444444444445, "params": {"gamma_fc": 0.33870802548167966, "enc_rate": 1.0, "cue_position": 3.0, "k": 3.0, "beta_rec": 0.3199528380776784, "beta_enc": 0.7582782604769962}, "datetime": {"elapsed": 3098.909482, "delta": 33.465655, "datetime": "2021-04-07 12:07:39"}}
{"target": 6.648444444444445, "params": {"gamma_fc": 0.5045191697009946, "enc_rate": 1.0, "cue_position": 3.0, "k": 3.0, "beta_rec": 0.46385778390029564, "beta_enc": 0.7548914570605327}, "datetime": {"elapsed": 3131.745984, "delta": 32.836502, "datetime": "2021-04-07 12:08:12"}}
{"target": 6.162000000000001, "params": {"gamma_fc": 0.8099887106624163, "enc_rate": 1.0, "cue_position": 3.0, "k": 3.0, "beta_rec": 0.13033578095435427, "beta_enc": 0.7701499563120922}, "datetime": {"elapsed": 3163.17688, "delta": 31.430896, "datetime": "2021-04-07 12:08:44"}}
{"target": 6.796000000000001, "params": {"gamma_fc": 0.6443610847569929, "enc_rate": 1.0, "cue_position": 3.0, "k": 3.0, "beta_rec": 0.6868082266569918, "beta_enc": 0.6724698446537339}, "datetime": {"elapsed": 3196.442079, "delta": 33.265199, "datetime": "2021-04-07 12:09:17"}}
{"target": 7.259555555555556, "params": {"gamma_fc": 0.6736984238986317, "enc_rate": 1.0, "cue_position": 3.0, "k": 3.0, "beta_rec": 0.8593178060976, "beta_enc": 0.4844284455143756}, "datetime": {"elapsed": 3230.918179, "delta": 34.4761, "datetime": "2021-04-07 12:09:51"}}
{"target": 7.462222222222222, "params": {"gamma_fc": 0.8558283672539277, "enc_rate": 1.0, "cue_position": 3.0, "k": 3.0, "beta_rec": 0.5605299905360588, "beta_enc": 0.27411977516685215}, "datetime": {"elapsed": 3266.085459, "delta": 35.16728, "datetime": "2021-04-07 12:10:27"}}
{"target": 6.384222222222222, "params": {"gamma_fc": 0.8076984091122095, "enc_rate": 1.0, "cue_position": 3.0, "k": 3.0, "beta_rec": 0.2896027461868774, "beta_enc": 0.7473208103319232}, "datetime": {"elapsed": 3298.143267, "delta": 32.057808, "datetime": "2021-04-07 12:10:59"}}
{"target": 7.5137777777777774, "params": {"gamma_fc": 0.7444731530777321, "enc_rate": 1.0, "cue_position": 3.0, "k": 3.0, "beta_rec": 0.7672845084217665, "beta_enc": 0.21369323762958115}, "datetime": {"elapsed": 3333.333864, "delta": 35.190597, "datetime": "2021-04-07 12:11:34"}}
{"target": 7.543333333333332, "params": {"gamma_fc": 0.026627884691621473, "enc_rate": 1.0, "cue_position": 3.0, "k": 3.0, "beta_rec": 0.1989479234270667, "beta_enc": 0.21411213682064845}, "datetime": {"elapsed": 3368.594233, "delta": 35.260369, "datetime": "2021-04-07 12:12:09"}}
{"target": 7.018666666666666, "params": {"gamma_fc": 0.20762566180381437, "enc_rate": 1.0, "cue_position": 3.0, "k": 3.0, "beta_rec": 0.7997765368973863, "beta_enc": 0.6745640237634105}, "datetime": {"elapsed": 3402.358041, "delta": 33.763808, "datetime": "2021-04-07 12:12:43"}}
{"target": 6.886, "params": {"gamma_fc": 0.43530595762951996, "enc_rate": 1.0, "cue_position": 3.0, "k": 3.0, "beta_rec": 0.5538846110514143, "beta_enc": 0.7113145181364867}, "datetime": {"elapsed": 3435.808269, "delta": 33.450228, "datetime": "2021-04-07 12:13:16"}}
{"target": 7.106444444444445, "params": {"gamma_fc": 0.15983365034409336, "enc_rate": 1.0, "cue_position": 3.0, "k": 3.0, "beta_rec": 0.47803130796528337, "beta_enc": 0.7060518043359332}, "datetime": {"elapsed": 3470.311056, "delta": 34.502787, "datetime": "2021-04-07 12:13:51"}}
{"target": 7.478, "params": {"gamma_fc": 0.18874506687718595, "enc_rate": 1.0, "cue_position": 3.0, "k": 3.0, "beta_rec": 0.40420190577514725, "beta_enc": 0.43118175516037094}, "datetime": {"elapsed": 3505.658519, "delta": 35.347463, "datetime": "2021-04-07 12:14:26"}}
{"target": 6.422, "params": {"gamma_fc": 0.6382187106203334, "enc_rate": 1.0, "cue_position": 3.0, "k": 3.0, "beta_rec": 0.21073239208332073, "beta_enc": 0.7543059505762987}, "datetime": {"elapsed": 3537.818515, "delta": 32.159996, "datetime": "2021-04-07 12:14:58"}}
{"target": 7.412222222222222, "params": {"gamma_fc": 0.7821818168314053, "enc_rate": 1.0, "cue_position": 3.0, "k": 3.0, "beta_rec": 0.7316064712415088, "beta_enc": 0.29548228565549706}, "datetime": {"elapsed": 3572.752167, "delta": 34.933652, "datetime": "2021-04-07 12:15:33"}}
{"target": 6.147777777777778, "params": {"gamma_fc": 0.08010364380604929, "enc_rate": 1.0, "cue_position": 3.0, "k": 3.0, "beta_rec": 0.1922500168221477, "beta_enc": 0.8352716024899659}, "datetime": {"elapsed": 3604.032991, "delta": 31.280824, "datetime": "2021-04-07 12:16:05"}}
{"target": 7.4157777777777785, "params": {"gamma_fc": 0.20645405888943302, "enc_rate": 1.0, "cue_position": 3.0, "k": 3.0, "beta_rec": 0.5306974384761395, "beta_enc": 0.37015417755373825}, "datetime": {"elapsed": 3638.91483, "delta": 34.881839, "datetime": "2021-04-07 12:16:39"}}
{"target": 7.230444444444444, "params": {"gamma_fc": 0.7875518396525072, "enc_rate": 1.0, "cue_position": 3.0, "k": 3.0, "beta_rec": 0.2615495518329871, "beta_enc": 0.5079216999452875}, "datetime": {"elapsed": 3673.414061, "delta": 34.499231, "datetime": "2021-04-07 12:17:14"}}
{"target": 3.0537777777777775, "params": {"gamma_fc": 0.7871162896558341, "enc_rate": 1.0, "cue_position": 3.0, "k": 3.0, "beta_rec": 0.17716116443841734, "beta_enc": 0.9857088237131878}, "datetime": {"elapsed": 3695.351559, "delta": 21.937498, "datetime": "2021-04-07 12:17:36"}}
{"target": 7.234222222222222, "params": {"gamma_fc": 0.2166172083287794, "enc_rate": 1.0, "cue_position": 3.0, "k": 3.0, "beta_rec": 0.7400775431590716, "beta_enc": 0.5279039784081266}, "datetime": {"elapsed": 3729.797815, "delta": 34.446256, "datetime": "2021-04-07 12:18:10"}}
{"target": 6.4220000000000015, "params": {"gamma_fc": 0.8602369974231152, "enc_rate": 1.0, "cue_position": 3.0, "k": 3.0, "beta_rec": 0.17654903427708302, "beta_enc": 0.7229151935562137}, "datetime": {"elapsed": 3762.0339, "delta": 32.236085, "datetime": "2021-04-07 12:18:43"}}
{"target": 7.352888888888889, "params": {"gamma_fc": 0.2780850486129828, "enc_rate": 1.0, "cue_position": 3.0, "k": 3.0, "beta_rec": 0.7587469310223366, "beta_enc": 0.4032204721058492}, "datetime": {"elapsed": 3797.008335, "delta": 34.974435, "datetime": "2021-04-07 12:19:18"}}
{"target": 4.9286666666666665, "params": {"gamma_fc": 0.706956245248761, "enc_rate": 1.0, "cue_position": 3.0, "k": 3.0, "beta_rec": 0.8578971045378938, "beta_enc": 0.9339026083148878}, "datetime": {"elapsed": 3824.851308, "delta": 27.842973, "datetime": "2021-04-07 12:19:45"}}
{"target": 7.3933333333333335, "params": {"gamma_fc": 0.4018659239678374, "enc_rate": 1.0, "cue_position": 3.0, "k": 3.0, "beta_rec": 0.7703225253299576, "beta_enc": 0.3748759435368594}, "datetime": {"elapsed": 3859.95107, "delta": 35.099762, "datetime": "2021-04-07 12:20:21"}}
{"target": 7.568222222222222, "params": {"gamma_fc": 0.12076718430922972, "enc_rate": 1.0, "cue_position": 3.0, "k": 3.0, "beta_rec": 0.7748966467245978, "beta_enc": 0.0031128578251921057}, "datetime": {"elapsed": 3896.030908, "delta": 36.079838, "datetime": "2021-04-07 12:20:57"}}
{"target": 7.373777777777778, "params": {"gamma_fc": 0.13835468979294652, "enc_rate": 1.0, "cue_position": 3.0, "k": 3.0, "beta_rec": 0.8830285085638342, "beta_enc": 0.3020967312900983}, "datetime": {"elapsed": 3930.887301, "delta": 34.856393, "datetime": "2021-04-07 12:21:31"}}
{"target": 6.958222222222221, "params": {"gamma_fc": 0.8281353607315121, "enc_rate": 1.0, "cue_position": 3.0, "k": 3.0, "beta_rec": 0.3241385298974466, "beta_enc": 0.6138710897412526}, "datetime": {"elapsed": 3964.762452, "delta": 33.875151, "datetime": "2021-04-07 12:22:05"}}
{"target": 7.425777777777777, "params": {"gamma_fc": 0.31476568732401644, "enc_rate": 1.0, "cue_position": 3.0, "k": 3.0, "beta_rec": 0.6749716048091052, "beta_enc": 0.3456988211755023}, "datetime": {"elapsed": 3999.891082, "delta": 35.12863, "datetime": "2021-04-07 12:22:40"}}
{"target": 5.6688888888888895, "params": {"gamma_fc": 0.6562293317171314, "enc_rate": 1.0, "cue_position": 3.0, "k": 3.0, "beta_rec": 0.4476890001456285, "beta_enc": 0.8773604746948126}, "datetime": {"elapsed": 4029.958013, "delta": 30.066931, "datetime": "2021-04-07 12:23:11"}}
{"target": 7.343555555555556, "params": {"gamma_fc": 0.5047006080958943, "enc_rate": 1.0, "cue_position": 3.0, "k": 3.0, "beta_rec": 0.9093119886549367, "beta_enc": 0.43298150696764814}, "datetime": {"elapsed": 4064.795573, "delta": 34.83756, "datetime": "2021-04-07 12:23:45"}}
{"target": 5.624888888888888, "params": {"gamma_fc": 0.5178600481723219, "enc_rate": 1.0, "cue_position": 3.0, "k": 3.0, "beta_rec": 0.06780693434095375, "beta_enc": 0.8428998401928499}, "datetime": {"elapsed": 4094.586853, "delta": 29.79128, "datetime": "2021-04-07 12:24:15"}}
{"target": 5.621555555555556, "params": {"gamma_fc": 0.9488362882802196, "enc_rate": 1.0, "cue_position": 3.0, "k": 3.0, "beta_rec": 0.25163914235585283, "beta_enc": 0.8479393924434762}, "datetime": {"elapsed": 4124.440575, "delta": 29.853722, "datetime": "2021-04-07 12:24:45"}}
{"target": 5.448222222222222, "params": {"gamma_fc": 0.3221295136147696, "enc_rate": 1.0, "cue_position": 3.0, "k": 3.0, "beta_rec": 0.007932876194523097, "beta_enc": 0.8379779620477293}, "datetime": {"elapsed": 4153.756743, "delta": 29.316168, "datetime": "2021-04-07 12:25:14"}}
{"target": 7.506, "params": {"gamma_fc": 0.2557451938059312, "enc_rate": 1.0, "cue_position": 3.0, "k": 3.0, "beta_rec": 0.8227300054219355, "beta_enc": 0.008939102371245067}, "datetime": {"elapsed": 4188.87931, "delta": 35.122567, "datetime": "2021-04-07 12:25:49"}}
{"target": 7.331333333333333, "params": {"gamma_fc": 0.49154515001693533, "enc_rate": 1.0, "cue_position": 3.0, "k": 3.0, "beta_rec": 0.13433860865569613, "beta_enc": 0.47786200443222115}, "datetime": {"elapsed": 4223.470678, "delta": 34.591368, "datetime": "2021-04-07 12:26:24"}}
{"target": 7.322, "params": {"gamma_fc": 0.1895517028339273, "enc_rate": 1.0, "cue_position": 3.0, "k": 3.0, "beta_rec": 0.6834649001663011, "beta_enc": 0.41857802576409864}, "datetime": {"elapsed": 4257.978014, "delta": 34.507336, "datetime": "2021-04-07 12:26:59"}}
{"target": 7.453333333333333, "params": {"gamma_fc": 0.7159456994623945, "enc_rate": 1.0, "cue_position": 3.0, "k": 3.0, "beta_rec": 0.10345955611640134, "beta_enc": 0.2942156882442547}, "datetime": {"elapsed": 4292.913183, "delta": 34.935169, "datetime": "2021-04-07 12:27:33"}}
{"target": 6.1995555555555555, "params": {"gamma_fc": 0.7778484768591754, "enc_rate": 1.0, "cue_position": 3.0, "k": 3.0, "beta_rec": 0.5070799232841364, "beta_enc": 0.7945783511847522}, "datetime": {"elapsed": 4324.233083, "delta": 31.3199, "datetime": "2021-04-07 12:28:05"}}
{"target": 6.947333333333333, "params": {"gamma_fc": 0.4086372250132624, "enc_rate": 1.0, "cue_position": 3.0, "k": 3.0, "beta_rec": 0.1797942976929744, "beta_enc": 0.6477706331874812}, "datetime": {"elapsed": 4357.896726, "delta": 33.663643, "datetime": "2021-04-07 12:28:38"}}
{"target": 7.424666666666667, "params": {"gamma_fc": 0.6363061258559836, "enc_rate": 1.0, "cue_position": 3.0, "k": 3.0, "beta_rec": 0.9752223424373121, "beta_enc": 0.4069219941293579}, "datetime": {"elapsed": 4393.044249, "delta": 35.147523, "datetime": "2021-04-07 12:29:14"}}
{"target": 6.250444444444445, "params": {"gamma_fc": 0.43293850873416306, "enc_rate": 1.0, "cue_position": 3.0, "k": 3.0, "beta_rec": 0.6195867393685738, "beta_enc": 0.8574844990835966}, "datetime": {"elapsed": 4424.583454, "delta": 31.539205, "datetime": "2021-04-07 12:29:45"}}
{"target": 7.441777777777778, "params": {"gamma_fc": 0.2952887943998478, "enc_rate": 1.0, "cue_position": 3.0, "k": 3.0, "beta_rec": 0.6973688756131394, "beta_enc": 0.33027693652508094}, "datetime": {"elapsed": 4459.565334, "delta": 34.98188, "datetime": "2021-04-07 12:30:20"}}
{"target": 7.233777777777779, "params": {"gamma_fc": 0.585348458938251, "enc_rate": 1.0, "cue_position": 3.0, "k": 3.0, "beta_rec": 0.8553564125953698, "beta_enc": 0.4879214918052024}, "datetime": {"elapsed": 4493.90412, "delta": 34.338786, "datetime": "2021-04-07 12:30:54"}}
{"target": 7.320666666666666, "params": {"gamma_fc": 0.6824537097668154, "enc_rate": 1.0, "cue_position": 3.0, "k": 3.0, "beta_rec": 0.9218683054838154, "beta_enc": 0.4461172190344297}, "datetime": {"elapsed": 4528.582667, "delta": 34.678547, "datetime": "2021-04-07 12:31:29"}}
{"target": 7.549555555555555, "params": {"gamma_fc": 0.7797442954825999, "enc_rate": 1.0, "cue_position": 3.0, "k": 3.0, "beta_rec": 0.4167239623706961, "beta_enc": 0.013767512557716799}, "datetime": {"elapsed": 4563.844387, "delta": 35.26172, "datetime": "2021-04-07 12:32:04"}}
{"target": 7.497111111111112, "params": {"gamma_fc": 0.6884973179489188, "enc_rate": 1.0, "cue_position": 3.0, "k": 3.0, "beta_rec": 0.14459772083809674, "beta_enc": 0.34195283630245243}, "datetime": {"elapsed": 4599.044744, "delta": 35.200357, "datetime": "2021-04-07 12:32:40"}}
{"target": 6.8675555555555565, "params": {"gamma_fc": 0.3553079116201222, "enc_rate": 1.0, "cue_position": 3.0, "k": 3.0, "beta_rec": 0.22729754091594956, "beta_enc": 0.6923601216234089}, "datetime": {"elapsed": 4632.648182, "delta": 33.603438, "datetime": "2021-04-07 12:33:13"}}
{"target": 7.188444444444444, "params": {"gamma_fc": 0.16994071421725776, "enc_rate": 1.0, "cue_position": 3.0, "k": 3.0, "beta_rec": 0.7073166026816995, "beta_enc": 0.6316466268659396}, "datetime": {"elapsed": 4667.150663, "delta": 34.502481, "datetime": "2021-04-07 12:33:48"}}
{"target": 7.189555555555555, "params": {"gamma_fc": 0.42893233402990294, "enc_rate": 1.0, "cue_position": 3.0, "k": 3.0, "beta_rec": 0.8753327263545391, "beta_enc": 0.5141750435258828}, "datetime": {"elapsed": 4701.677498, "delta": 34.526835, "datetime": "2021-04-07 12:34:22"}}
{"target": 7.497999999999999, "params": {"gamma_fc": 0.8003322457764017, "enc_rate": 1.0, "cue_position": 3.0, "k": 3.0, "beta_rec": 0.34244064113481054, "beta_enc": 0.16151077048601192}, "datetime": {"elapsed": 4738.369761, "delta": 36.692263, "datetime": "2021-04-07 12:34:59"}}
{"target": 6.924666666666667, "params": {"gamma_fc": 0.8596509535692011, "enc_rate": 1.0, "cue_position": 3.0, "k": 3.0, "beta_rec": 0.14546561026621996, "beta_enc": 0.6070154607890389}, "datetime": {"elapsed": 4772.044769, "delta": 33.675008, "datetime": "2021-04-07 12:35:33"}}
{"target": 6.767777777777778, "params": {"gamma_fc": 0.9482991740726651, "enc_rate": 1.0, "cue_position": 3.0, "k": 3.0, "beta_rec": 0.12475130006917923, "beta_enc": 0.633474012622421}, "datetime": {"elapsed": 4805.357026, "delta": 33.312257, "datetime": "2021-04-07 12:36:06"}}
{"target": 7.538888888888889, "params": {"gamma_fc": 0.42803746946827015, "enc_rate": 1.0, "cue_position": 3.0, "k": 3.0, "beta_rec": 0.639126848719905, "beta_enc": 0.15172487103197363}, "datetime": {"elapsed": 4841.038388, "delta": 35.681362, "datetime": "2021-04-07 12:36:42"}}
{"target": 7.003111111111112, "params": {"gamma_fc": 0.06473998344154885, "enc_rate": 1.0, "cue_position": 3.0, "k": 3.0, "beta_rec": 0.7511210403719374, "beta_enc": 0.8499698885159654}, "datetime": {"elapsed": 4875.001746, "delta": 33.963358, "datetime": "2021-04-07 12:37:16"}}
{"target": 7.573111111111112, "params": {"gamma_fc": 0.6236704109977018, "enc_rate": 1.0, "cue_position": 3.0, "k": 3.0, "beta_rec": 0.19949554613856135, "beta_enc": 0.05299454266798953}, "datetime": {"elapsed": 4910.541644, "delta": 35.539898, "datetime": "2021-04-07 12:37:51"}}
{"target": 7.530444444444446, "params": {"gamma_fc": 0.3785805932506022, "enc_rate": 1.0, "cue_position": 3.0, "k": 3.0, "beta_rec": 0.06103668111967109, "beta_enc": 0.28462388100694214}, "datetime": {"elapsed": 4945.73429, "delta": 35.192646, "datetime": "2021-04-07 12:38:26"}}
{"target": 6.675555555555556, "params": {"gamma_fc": 0.5256694443509794, "enc_rate": 1.0, "cue_position": 3.0, "k": 3.0, "beta_rec": 0.34037929076546725, "beta_enc": 0.7470048290299451}, "datetime": {"elapsed": 4978.672818, "delta": 32.938528, "datetime": "2021-04-07 12:38:59"}}
{"target": 7.087777777777778, "params": {"gamma_fc": 0.3824674572709176, "enc_rate": 1.0, "cue_position": 3.0, "k": 3.0, "beta_rec": 0.3506565024321674, "beta_enc": 0.6442320198790318}, "datetime": {"elapsed": 5012.679139, "delta": 34.006321, "datetime": "2021-04-07 12:39:33"}}
{"target": 3.3182222222222224, "params": {"gamma_fc": 0.8891310891074828, "enc_rate": 1.0, "cue_position": 3.0, "k": 3.0, "beta_rec": 0.36437807036823044, "beta_enc": 0.9794833541798064}, "datetime": {"elapsed": 5035.374983, "delta": 22.695844, "datetime": "2021-04-07 12:39:56"}}
{"target": 7.522, "params": {"gamma_fc": 0.5564069156709253, "enc_rate": 1.0, "cue_position": 3.0, "k": 3.0, "beta_rec": 0.9110192396569683, "beta_enc": 0.24551868018650747}, "datetime": {"elapsed": 5070.544905, "delta": 35.169922, "datetime": "2021-04-07 12:40:31"}}
{"target": 2.348444444444444, "params": {"gamma_fc": 0.5711757391862334, "enc_rate": 1.0, "cue_position": 3.0, "k": 3.0, "beta_rec": 0.05836264614763165, "beta_enc": 0.9950523223391111}, "datetime": {"elapsed": 5090.231759, "delta": 19.686854, "datetime": "2021-04-07 12:40:51"}}
{"target": 6.884666666666666, "params": {"gamma_fc": 0.7084608700517172, "enc_rate": 1.0, "cue_position": 3.0, "k": 3.0, "beta_rec": 0.9809236757505815, "beta_enc": 0.6309592003395305}, "datetime": {"elapsed": 5123.505615, "delta": 33.273856, "datetime": "2021-04-07 12:41:24"}}
{"target": 7.417111111111112, "params": {"gamma_fc": 0.14222125307278666, "enc_rate": 1.0, "cue_position": 3.0, "k": 3.0, "beta_rec": 0.5285334901775651, "beta_enc": 0.4948430841825636}, "datetime": {"elapsed": 5158.353225, "delta": 34.84761, "datetime": "2021-04-07 12:41:59"}}
{"target": 7.3420000000000005, "params": {"gamma_fc": 0.4090908319168599, "enc_rate": 1.0, "cue_position": 3.0, "k": 3.0, "beta_rec": 0.44887883670676554, "beta_enc": 0.4770129944022632}, "datetime": {"elapsed": 5192.984128, "delta": 34.630903, "datetime": "2021-04-07 12:42:34"}}
{"target": 7.5471111111111115, "params": {"gamma_fc": 0.5035095098483965, "enc_rate": 1.0, "cue_position": 3.0, "k": 3.0, "beta_rec": 0.4181361337253158, "beta_enc": 0.07201203516976995}, "datetime": {"elapsed": 5228.371804, "delta": 35.387676, "datetime": "2021-04-07 12:43:09"}}
