{"target": -14129.185330950057, "params": {"epsilon_d": 2.8704712813337157, "phi_d": 1.2621995673172874, "beta_rec": 0.7967390870782214, "gamma_cf": 0.08275331899589358, "k_intra": 9.811708361579525, "gamma_fc": 0.5692331118658202, "s_cf": 2.3513903464747643, "beta_enc": 0.5138384562758547, "phi_s": 0.8458541373413656}, "datetime": {"delta": 10.469954, "elapsed": 4968.324506, "datetime": "2020-04-27 11:54:55"}}
{"target": -12721.656345232754, "params": {"epsilon_d": 9.863430539233887, "phi_d": 0.9281262655221405, "beta_rec": 0.0076475813928428005, "gamma_cf": 0.48896964056787284, "k_intra": 6.654119739307129, "gamma_fc": 0.3736196837813024, "s_cf": 1.9902811068461501, "beta_enc": 0.6540251830954783, "phi_s": 1.4442774007299606}, "datetime": {"delta": 10.38944, "elapsed": 4978.713946, "datetime": "2020-04-27 11:55:06"}}
{"target": -15553.26611092645, "params": {"epsilon_d": 7.378536859982069, "phi_d": 2.823523457816339, "beta_rec": 0.4672764041184603, "gamma_cf": 0.9605219885684939, "k_intra": 8.326467313006956, "gamma_fc": 0.11925054281436867, "s_cf": 2.819711741554822, "beta_enc": 0.2096938244584679, "phi_s": 2.958871679051883}, "datetime": {"delta": 10.426291, "elapsed": 4989.140237, "datetime": "2020-04-27 11:55:16"}}
{"target": -9015.688603021028, "params": {"epsilon_d": 1.6133350810187062, "phi_d": 1.1289323071769775, "beta_rec": 0.8860315919250107, "gamma_cf": 0.3605803053575084, "k_intra": 2.805056068783337, "gamma_fc": 0.4250457446333008, "s_cf": 0.32769934830745734, "beta_enc": 0.21632626726974075, "phi_s": 1.674704538003549}, "datetime": {"delta": 10.41399, "elapsed": 4999.554227, "datetime": "2020-04-27 11:55:26"}}
{"target": -9190.79518791625, "params": {"epsilon_d": 1.429069158799282, "phi_d": 2.4423033063757873, "beta_rec": 0.5832605591120392, "gamma_cf": 0.2430636464974349, "k_intra": 0.754593173323207, "gamma_fc": 0.3815011743018887, "s_cf": 1.2907429266670367, "beta_enc": 0.4355827040000747, "phi_s": 0.8638526711957487}, "datetime": {"delta": 10.479574, "elapsed": 5010.033801, "datetime": "2020-04-27 11:55:37"}}
{"target": -9157.050280942947, "params": {"epsilon_d": 1.3646066650961728, "phi_d": 0.36804968793277026, "beta_rec": 0.30480516272452446, "gamma_cf": 0.8935700181344413, "k_intra": 2.676245704634807, "gamma_fc": 0.7132553630887146, "s_cf": 0.9016655639595995, "beta_enc": 0.46487157934542434, "phi_s": 0.45813554664803424}, "datetime": {"delta": 10.399145, "elapsed": 5020.432946, "datetime": "2020-04-27 11:55:47"}}
{"target": -18380.568850062737, "params": {"epsilon_d": 4.802792520946386, "phi_d": 1.7538847149469479, "beta_rec": 0.14523234927062376, "gamma_cf": 0.9359858045746866, "k_intra": 7.094313140306545, "gamma_fc": 0.49066208711318005, "s_cf": 0.6168125006601849, "beta_enc": 0.14413913097895828, "phi_s": 2.9311081382046913}, "datetime": {"delta": 10.453286, "elapsed": 5030.886232, "datetime": "2020-04-27 11:55:58"}}
{"target": -11820.875654654894, "params": {"epsilon_d": 9.912999825447637, "phi_d": 1.8334363139336325, "beta_rec": 0.35047165418773746, "gamma_cf": 0.3528764539330896, "k_intra": 8.605110755431518, "gamma_fc": 0.9809048642730154, "s_cf": 0.6380429434024107, "beta_enc": 0.7651945749955998, "phi_s": 0.17959907443458895}, "datetime": {"delta": 10.452294, "elapsed": 5041.338526, "datetime": "2020-04-27 11:56:08"}}
{"target": -9190.211513604127, "params": {"epsilon_d": 0.8321157311978719, "phi_d": 0.9629918212575523, "beta_rec": 0.7924825154079123, "gamma_cf": 0.7864807897266237, "k_intra": 2.559510468033608, "gamma_fc": 0.12515666413581547, "s_cf": 1.7299776075610842, "beta_enc": 0.1508605979389696, "phi_s": 1.7373588220682257}, "datetime": {"delta": 10.357305, "elapsed": 5051.695831, "datetime": "2020-04-27 11:56:19"}}
{"target": -10919.990424017302, "params": {"epsilon_d": 1.6984741005820132, "phi_d": 1.7780245336952065, "beta_rec": 0.6374137022993259, "gamma_cf": 0.027092093445094008, "k_intra": 5.360332290190152, "gamma_fc": 0.78578424815889, "s_cf": 1.810463755483627, "beta_enc": 0.898660868142156, "phi_s": 1.3009046388124441}, "datetime": {"delta": 10.459611, "elapsed": 5062.155442, "datetime": "2020-04-27 11:56:29"}}
{"target": -11316.932732805028, "params": {"epsilon_d": 5.968122396487038, "phi_d": 2.579899156034934, "beta_rec": 0.44574783623464087, "gamma_cf": 0.4923952760842727, "k_intra": 9.768129182076462, "gamma_fc": 0.15319305185938564, "s_cf": 1.684922043886507, "beta_enc": 0.46506824025100846, "phi_s": 1.1993483207015734}, "datetime": {"delta": 10.344525, "elapsed": 5072.499967, "datetime": "2020-04-27 11:56:39"}}
{"target": -13934.947022663035, "params": {"epsilon_d": 9.45324972373986, "phi_d": 0.6621218266233311, "beta_rec": 0.3980255451666048, "gamma_cf": 0.030583227557978068, "k_intra": 7.9720960445224085, "gamma_fc": 0.7712195700116501, "s_cf": 1.8141270283889859, "beta_enc": 0.939586893975637, "phi_s": 0.5723136483481361}, "datetime": {"delta": 10.481241, "elapsed": 5082.981208, "datetime": "2020-04-27 11:56:50"}}
{"target": -9209.046899835406, "params": {"epsilon_d": 1.4094838591241854, "phi_d": 2.177495264927187, "beta_rec": 0.5865839481637386, "gamma_cf": 0.2778092960630439, "k_intra": 1.0888872593661825, "gamma_fc": 0.16270512465666193, "s_cf": 1.6649859340885376, "beta_enc": 0.5317225406720536, "phi_s": 0.176565671020614}, "datetime": {"delta": 10.400833, "elapsed": 5093.382041, "datetime": "2020-04-27 11:57:00"}}
{"target": -9554.630064524954, "params": {"epsilon_d": 5.495884887109554, "phi_d": 1.0718094242449439, "beta_rec": 0.868510450436717, "gamma_cf": 0.9975479797714407, "k_intra": 5.625357151472231, "gamma_fc": 0.6049683015573392, "s_cf": 1.3393720649452678, "beta_enc": 0.36879669067303433, "phi_s": 0.8317423086071318}, "datetime": {"delta": 10.50358, "elapsed": 5103.885621, "datetime": "2020-04-27 11:57:11"}}
{"target": -9961.319328611142, "params": {"epsilon_d": 4.308007209512365, "phi_d": 1.5220488102286025, "beta_rec": 0.07096891998697949, "gamma_cf": 0.10650645144221099, "k_intra": 2.990956345722281, "gamma_fc": 0.7508087331407911, "s_cf": 2.0743968758380538, "beta_enc": 0.30445781904646474, "phi_s": 0.6671915185246332}, "datetime": {"delta": 10.368331, "elapsed": 5114.253952, "datetime": "2020-04-27 11:57:21"}}
{"target": -11890.485329787716, "params": {"epsilon_d": 0.1773058240290098, "phi_d": 2.524997801098774, "beta_rec": 0.22048474528673992, "gamma_cf": 0.2509792180279379, "k_intra": 3.115060104102044, "gamma_fc": 0.6648726720138227, "s_cf": 1.178047632110034, "beta_enc": 0.8477435321247815, "phi_s": 2.57294367793481}, "datetime": {"delta": 10.485157, "elapsed": 5124.739109, "datetime": "2020-04-27 11:57:32"}}
{"target": -9651.432297264031, "params": {"epsilon_d": 5.541819608909931, "phi_d": 0.6199230415045153, "beta_rec": 0.016660915467115116, "gamma_cf": 0.15435516702923754, "k_intra": 0.542847911255932, "gamma_fc": 0.20141158432015854, "s_cf": 0.20292209978515424, "beta_enc": 0.4288010428179405, "phi_s": 0.5521993517987729}, "datetime": {"delta": 10.388746, "elapsed": 5135.127855, "datetime": "2020-04-27 11:57:42"}}
{"target": -10408.148862386217, "params": {"epsilon_d": 3.931241308666381, "phi_d": 1.326061437187192, "beta_rec": 0.6583386710486215, "gamma_cf": 0.06257922981876657, "k_intra": 8.051474822719554, "gamma_fc": 0.14252077781727598, "s_cf": 0.5843990002788263, "beta_enc": 0.9841892090672835, "phi_s": 0.41395467162633315}, "datetime": {"delta": 10.49828, "elapsed": 5145.626135, "datetime": "2020-04-27 11:57:53"}}
{"target": -9531.066052783388, "params": {"epsilon_d": 1.0584020706354944, "phi_d": 1.558931125498025, "beta_rec": 0.42729141901542356, "gamma_cf": 0.3920704589637105, "k_intra": 2.7175509653959473, "gamma_fc": 0.1402802352374676, "s_cf": 2.3290403524010928, "beta_enc": 0.7121750794454589, "phi_s": 1.426689930177156}, "datetime": {"delta": 10.389704, "elapsed": 5156.015839, "datetime": "2020-04-27 11:58:03"}}
{"target": -9179.363247939893, "params": {"epsilon_d": 1.5011176074598194, "phi_d": 1.7307498250035391, "beta_rec": 0.510093231989354, "gamma_cf": 0.1894506535736022, "k_intra": 1.4671672067915156, "gamma_fc": 0.4689087433381638, "s_cf": 2.832080307467897, "beta_enc": 0.24420729852258305, "phi_s": 1.420172277057626}, "datetime": {"delta": 10.426547, "elapsed": 5166.442386, "datetime": "2020-04-27 11:58:13"}}
{"target": -11308.750575093452, "params": {"epsilon_d": 6.110357868603943, "phi_d": 0.6385824870277685, "beta_rec": 0.1032319219623073, "gamma_cf": 0.42038721665569734, "k_intra": 6.561497359106907, "gamma_fc": 0.5505687758002884, "s_cf": 1.493101410436108, "beta_enc": 0.7029954143473676, "phi_s": 1.1426500364274426}, "datetime": {"delta": 10.337781, "elapsed": 5176.780167, "datetime": "2020-04-27 11:58:24"}}
{"target": -10116.151775154534, "params": {"epsilon_d": 5.07745720951448, "phi_d": 2.5335667801015753, "beta_rec": 0.2856285894956418, "gamma_cf": 0.2786182582989594, "k_intra": 3.4294711458170903, "gamma_fc": 0.615150868787707, "s_cf": 2.466770674447496, "beta_enc": 0.6533046681863508, "phi_s": 2.089147136748391}, "datetime": {"delta": 10.45862, "elapsed": 5187.238787, "datetime": "2020-04-27 11:58:34"}}
{"target": -9391.614469870756, "params": {"epsilon_d": 5.471688332557547, "phi_d": 1.0409175494010061, "beta_rec": 0.18527513227649117, "gamma_cf": 0.061492119082738515, "k_intra": 3.366610041843691, "gamma_fc": 0.584252666535153, "s_cf": 0.11359154485852453, "beta_enc": 0.2388214606776593, "phi_s": 0.7665742484915579}, "datetime": {"delta": 10.429194, "elapsed": 5197.667981, "datetime": "2020-04-27 11:58:45"}}
{"target": -8962.265390981023, "params": {"epsilon_d": 1.7881377797364997, "phi_d": 1.2855452310169602, "beta_rec": 0.5897336719695172, "gamma_cf": 0.5402557782578223, "k_intra": 2.4949278899220246, "gamma_fc": 0.443195486103063, "s_cf": 0.9498629340795882, "beta_enc": 0.4532501372461504, "phi_s": 1.5761066432254813}, "datetime": {"delta": 33.89821, "elapsed": 5231.566191, "datetime": "2020-04-27 11:59:18"}}
{"target": -9089.428259050212, "params": {"epsilon_d": 2.922854602385605, "phi_d": 1.7522144172966116, "beta_rec": 0.5610817206533492, "gamma_cf": 0.46075159470574895, "k_intra": 0.8505592048866066, "gamma_fc": 0.5097295114241276, "s_cf": 1.6136033627556414, "beta_enc": 0.5318191711820419, "phi_s": 1.3428302221754087}, "datetime": {"delta": 33.826307, "elapsed": 5265.392498, "datetime": "2020-04-27 11:59:52"}}
{"target": -8937.372835307848, "params": {"epsilon_d": 2.6058136301740182, "phi_d": 0.8473737644327903, "beta_rec": 0.7916571940397991, "gamma_cf": 0.2156017066430863, "k_intra": 5.332774201317767, "gamma_fc": 0.31741034821849984, "s_cf": 0.5594562291641603, "beta_enc": 0.4984916172737154, "phi_s": 1.8081106694971858}, "datetime": {"delta": 32.938063, "elapsed": 5298.330561, "datetime": "2020-04-27 12:00:25"}}
{"target": -9027.020734719208, "params": {"epsilon_d": 4.508000310286368, "phi_d": 0.5935023715105525, "beta_rec": 0.8351380635684198, "gamma_cf": 0.5967829039818624, "k_intra": 6.982555372396408, "gamma_fc": 0.2344207736343104, "s_cf": 1.5267576187554044, "beta_enc": 0.3939609507177776, "phi_s": 1.4448583196748996}, "datetime": {"delta": 34.012358, "elapsed": 5332.342919, "datetime": "2020-04-27 12:00:59"}}
{"target": -8988.311868286544, "params": {"epsilon_d": 3.911832013207698, "phi_d": 0.5477348239135197, "beta_rec": 0.7749547618605441, "gamma_cf": 0.6745258784611108, "k_intra": 1.7527117707136435, "gamma_fc": 0.485373139828601, "s_cf": 0.6039464464641747, "beta_enc": 0.5990340250056011, "phi_s": 1.2896549188819786}, "datetime": {"delta": 32.871288, "elapsed": 5365.214207, "datetime": "2020-04-27 12:01:32"}}
{"target": -8991.131246696648, "params": {"epsilon_d": 3.5241798117191254, "phi_d": 0.8552400233280092, "beta_rec": 0.5923496235689143, "gamma_cf": 0.4798348241173654, "k_intra": 5.683229000272723, "gamma_fc": 0.4479949442704972, "s_cf": 0.9649865322989628, "beta_enc": 0.24638112669679865, "phi_s": 0.6985074785356296}, "datetime": {"delta": 33.783252, "elapsed": 5398.997459, "datetime": "2020-04-27 12:02:06"}}
{"target": -9006.276792975155, "params": {"epsilon_d": 3.3953498390464705, "phi_d": 0.956322576307676, "beta_rec": 0.5120916853159404, "gamma_cf": 0.7040178569362295, "k_intra": 2.1944477118884818, "gamma_fc": 0.6581009492483338, "s_cf": 2.0530695732176985, "beta_enc": 0.6434385806197972, "phi_s": 1.4617015942443257}, "datetime": {"delta": 33.082941, "elapsed": 5432.0804, "datetime": "2020-04-27 12:02:39"}}
{"target": -8920.028367295781, "params": {"epsilon_d": 2.5777789301667164, "phi_d": 1.1748401258651033, "beta_rec": 0.6779604608087799, "gamma_cf": 0.530110203513889, "k_intra": 4.163676620733281, "gamma_fc": 0.4202648798148046, "s_cf": 0.5154537715512719, "beta_enc": 0.6179416260776367, "phi_s": 1.0970657914240651}, "datetime": {"delta": 33.207533, "elapsed": 5465.287933, "datetime": "2020-04-27 12:03:12"}}
{"target": -8917.067346141685, "params": {"epsilon_d": 2.5855465109375784, "phi_d": 0.7530262191604399, "beta_rec": 0.8490891036536623, "gamma_cf": 0.21336482092830245, "k_intra": 5.451798624076157, "gamma_fc": 0.3428851787579048, "s_cf": 0.5138792289514419, "beta_enc": 0.5047604416006699, "phi_s": 1.9985563681654988}, "datetime": {"delta": 33.700473, "elapsed": 5498.988406, "datetime": "2020-04-27 12:03:46"}}
{"target": -8895.02095969129, "params": {"epsilon_d": 2.6700063159673797, "phi_d": 0.791690843598707, "beta_rec": 0.8746684199142922, "gamma_cf": 0.32772388718429857, "k_intra": 5.38127012536224, "gamma_fc": 0.4306462127519803, "s_cf": 0.5338052818962769, "beta_enc": 0.49267385760837284, "phi_s": 1.9581789507487306}, "datetime": {"delta": 33.273368, "elapsed": 5532.261774, "datetime": "2020-04-27 12:04:19"}}
{"target": -8888.433606188737, "params": {"epsilon_d": 2.0373275889159657, "phi_d": 2.5918981629448696, "beta_rec": 0.5459123229534698, "gamma_cf": 0.7345744618733562, "k_intra": 3.2306054782813627, "gamma_fc": 0.23948545233769772, "s_cf": 2.4670828542207612, "beta_enc": 0.8409333517266884, "phi_s": 1.7066559134375847}, "datetime": {"delta": 34.074575, "elapsed": 5566.336349, "datetime": "2020-04-27 12:04:53"}}
{"target": -9165.772890788596, "params": {"epsilon_d": 3.7751691448511506, "phi_d": 1.3643706457700384, "beta_rec": 0.5374239193310145, "gamma_cf": 0.5184281363132806, "k_intra": 0.9645416864372786, "gamma_fc": 0.4999620089958358, "s_cf": 2.1938296497107905, "beta_enc": 0.5631725286172736, "phi_s": 1.1583979957185038}, "datetime": {"delta": 34.032993, "elapsed": 5600.369342, "datetime": "2020-04-27 12:05:27"}}
{"target": -9095.275296589565, "params": {"epsilon_d": 2.334251228297686, "phi_d": 1.451901668995789, "beta_rec": 0.4775904751512086, "gamma_cf": 0.27344757249756907, "k_intra": 0.8041274771132243, "gamma_fc": 0.4562506132455052, "s_cf": 2.090420855246213, "beta_enc": 0.47661819864495675, "phi_s": 2.348545919648699}, "datetime": {"delta": 35.046616, "elapsed": 5635.415958, "datetime": "2020-04-27 12:06:02"}}
{"target": -8923.934081965515, "params": {"epsilon_d": 1.8555242668298124, "phi_d": 1.232768968378719, "beta_rec": 0.6427843858002364, "gamma_cf": 0.5237068338399127, "k_intra": 3.0965615524364236, "gamma_fc": 0.46975474770781295, "s_cf": 1.5793085034565617, "beta_enc": 0.4507245691794426, "phi_s": 1.8971009767860652}, "datetime": {"delta": 35.72382, "elapsed": 5671.139778, "datetime": "2020-04-27 12:06:38"}}
{"target": -8935.770884512896, "params": {"epsilon_d": 4.5989061369110384, "phi_d": 1.1784294990790587, "beta_rec": 0.6753602833913185, "gamma_cf": 0.705715417385397, "k_intra": 2.914921991714212, "gamma_fc": 0.3689344065864617, "s_cf": 1.6027122217054337, "beta_enc": 0.8316721199452749, "phi_s": 1.0891067223314}, "datetime": {"delta": 34.738813, "elapsed": 5705.878591, "datetime": "2020-04-27 12:07:13"}}
{"target": -8886.1962317562, "params": {"epsilon_d": 2.625783706694915, "phi_d": 0.7625835617830861, "beta_rec": 0.8681085320015544, "gamma_cf": 0.3059319621182447, "k_intra": 5.4604019171010245, "gamma_fc": 0.4118751574457926, "s_cf": 0.5360472673813539, "beta_enc": 0.4954316871346097, "phi_s": 1.997037309823906}, "datetime": {"delta": 35.116108, "elapsed": 5740.994699, "datetime": "2020-04-27 12:07:48"}}
{"target": -8890.45068246587, "params": {"epsilon_d": 2.6316823235304256, "phi_d": 0.7618799592788629, "beta_rec": 0.8745686571020648, "gamma_cf": 0.3023123985605328, "k_intra": 5.450456917967583, "gamma_fc": 0.4123198043770014, "s_cf": 0.5265471488468677, "beta_enc": 0.5005928851174015, "phi_s": 2.013165931075357}, "datetime": {"delta": 35.697988, "elapsed": 5776.692687, "datetime": "2020-04-27 12:08:24"}}
{"target": -8857.828757660116, "params": {"epsilon_d": 2.617651318392335, "phi_d": 0.7004701504316335, "beta_rec": 0.8678098389299844, "gamma_cf": 0.2993216249953895, "k_intra": 5.480861278190489, "gamma_fc": 0.4210943936894705, "s_cf": 0.5439703609339989, "beta_enc": 0.4237901621180966, "phi_s": 1.9288027949598554}, "datetime": {"delta": 36.198699, "elapsed": 5812.891386, "datetime": "2020-04-27 12:09:00"}}
{"target": -8850.45889859037, "params": {"epsilon_d": 2.6233204254474063, "phi_d": 0.6808031411304138, "beta_rec": 0.8699486707212638, "gamma_cf": 0.2992574590893077, "k_intra": 5.469293572848945, "gamma_fc": 0.4263114332217447, "s_cf": 0.5372814846273892, "beta_enc": 0.40247567935608186, "phi_s": 1.9031855284960086}, "datetime": {"delta": 36.354861, "elapsed": 5849.246247, "datetime": "2020-04-27 12:09:36"}}
{"target": -8838.263328155928, "params": {"epsilon_d": 2.6446005394862566, "phi_d": 0.6689032360577946, "beta_rec": 0.8355580253890429, "gamma_cf": 0.3381689608473289, "k_intra": 5.396322190151709, "gamma_fc": 0.4356704689204027, "s_cf": 0.5084079788176189, "beta_enc": 0.38549150937961896, "phi_s": 1.7478911110626312}, "datetime": {"delta": 35.431645, "elapsed": 5884.677892, "datetime": "2020-04-27 12:10:12"}}
{"target": -8838.248639613286, "params": {"epsilon_d": 2.6357963888327585, "phi_d": 0.6594943205459718, "beta_rec": 0.8475718860064222, "gamma_cf": 0.330004347200874, "k_intra": 5.410867962961045, "gamma_fc": 0.43560709844487794, "s_cf": 0.5072979709083666, "beta_enc": 0.3847756726447775, "phi_s": 1.7884269138072897}, "datetime": {"delta": 35.010534, "elapsed": 5919.688426, "datetime": "2020-04-27 12:10:47"}}
{"target": -8838.791966753755, "params": {"epsilon_d": 2.659293946027606, "phi_d": 0.677105205154619, "beta_rec": 0.8420605427094696, "gamma_cf": 0.32502043483742626, "k_intra": 5.4064450804539845, "gamma_fc": 0.43573131799789727, "s_cf": 0.5208178153569928, "beta_enc": 0.37229204735822696, "phi_s": 1.75655333593052}, "datetime": {"delta": 35.450203, "elapsed": 5955.138629, "datetime": "2020-04-27 12:11:22"}}
{"target": -8838.955274544145, "params": {"epsilon_d": 2.638139102216462, "phi_d": 0.6642595435180902, "beta_rec": 0.8422683485002832, "gamma_cf": 0.3337392187612583, "k_intra": 5.396945671450418, "gamma_fc": 0.4368511458241275, "s_cf": 0.5229246550144212, "beta_enc": 0.3862263564299656, "phi_s": 1.7618694532327617}, "datetime": {"delta": 35.631346, "elapsed": 5990.769975, "datetime": "2020-04-27 12:11:58"}}
{"target": -8843.774327649751, "params": {"epsilon_d": 2.6466147506232045, "phi_d": 0.6707461374188358, "beta_rec": 0.8388079070150188, "gamma_cf": 0.32972416971013857, "k_intra": 5.418430557814458, "gamma_fc": 0.43557828743684873, "s_cf": 0.49836948560989147, "beta_enc": 0.3870655500437551, "phi_s": 1.773849830205963}, "datetime": {"delta": 36.335559, "elapsed": 6027.105534, "datetime": "2020-04-27 12:12:34"}}
{"target": -8746.90708296395, "params": {"epsilon_d": 2.6448821235055386, "phi_d": 0.7019948317103608, "beta_rec": 0.8571323407702434, "gamma_cf": 0.4066324364803335, "k_intra": 5.2607536500379, "gamma_fc": 0.3666678313944021, "s_cf": 0.49781225828553266, "beta_enc": 0.25900642054849565, "phi_s": 1.6992262407284933}, "datetime": {"delta": 36.486074, "elapsed": 6063.591608, "datetime": "2020-04-27 12:13:11"}}
{"target": -8748.031041611537, "params": {"epsilon_d": 2.6366679833472446, "phi_d": 0.7340962273912354, "beta_rec": 0.8530695200895699, "gamma_cf": 0.43710755973899146, "k_intra": 5.218056180517925, "gamma_fc": 0.33908860260801976, "s_cf": 0.5083515128969731, "beta_enc": 0.23054769158720453, "phi_s": 1.6628098639226234}, "datetime": {"delta": 37.683066, "elapsed": 6101.274674, "datetime": "2020-04-27 12:13:48"}}
{"target": -8744.161786260382, "params": {"epsilon_d": 2.629206360173446, "phi_d": 0.7028934158124176, "beta_rec": 0.8641057999412164, "gamma_cf": 0.42195717564621077, "k_intra": 5.25721203852382, "gamma_fc": 0.3429937723997159, "s_cf": 0.4972184694550259, "beta_enc": 0.23394047298558057, "phi_s": 1.725864359510662}, "datetime": {"delta": 37.565479, "elapsed": 6138.840153, "datetime": "2020-04-27 12:14:26"}}
{"target": -8749.4332424712, "params": {"epsilon_d": 2.63253592540388, "phi_d": 0.7044863530242271, "beta_rec": 0.8647353685888134, "gamma_cf": 0.4190424148056837, "k_intra": 5.247804710030673, "gamma_fc": 0.3501468909741394, "s_cf": 0.49451048763902294, "beta_enc": 0.23442080613515281, "phi_s": 1.7148855059525525}, "datetime": {"delta": 37.65159, "elapsed": 6176.491743, "datetime": "2020-04-27 12:15:03"}}
{"target": -8672.63189023589, "params": {"epsilon_d": 2.6765458672772806, "phi_d": 0.7137471934818591, "beta_rec": 0.8173113742443338, "gamma_cf": 0.47399579168585654, "k_intra": 5.324095405450316, "gamma_fc": 0.24839225610228874, "s_cf": 0.5604184117847553, "beta_enc": 0.27920481574633077, "phi_s": 1.699630757309058}, "datetime": {"delta": 37.473937, "elapsed": 6213.96568, "datetime": "2020-04-27 12:15:41"}}
{"target": -8669.407748629907, "params": {"epsilon_d": 2.7211015118607498, "phi_d": 0.692866434056279, "beta_rec": 0.8106610935027804, "gamma_cf": 0.48991909152333657, "k_intra": 5.322355711798312, "gamma_fc": 0.2074015030111855, "s_cf": 0.5724703986525828, "beta_enc": 0.29314072488888426, "phi_s": 1.6852945900012313}, "datetime": {"delta": 37.272972, "elapsed": 6251.238652, "datetime": "2020-04-27 12:16:18"}}
