{"target": 7.966666666666667, "params": {"cue_position": 0.0, "beta_rec": 0.7986042447602102, "gamma_fc": 0.593432449464621, "beta_enc": 0.21196016464367595, "gamma_cf": 0.02760601195450363}, "datetime": {"elapsed": 1240.723184, "delta": 16.048332, "datetime": "2020-06-24 16:52:49"}}
{"target": 3.5625, "params": {"cue_position": 0.0, "beta_rec": 0.3810161240622142, "gamma_fc": 0.5409518049621886, "beta_enc": 0.8438404289311888, "gamma_cf": 0.5111414782971282}, "datetime": {"elapsed": 1251.099543, "delta": 10.376359, "datetime": "2020-06-24 16:52:59"}}
{"target": 2.4833333333333334, "params": {"cue_position": 0.0, "beta_rec": 0.8039608914986468, "gamma_fc": 0.46500148156350607, "beta_enc": 0.9594343210617524, "gamma_cf": 0.7093872512312951}, "datetime": {"elapsed": 1260.13051, "delta": 9.030967, "datetime": "2020-06-24 16:53:08"}}
{"target": 5.983333333333333, "params": {"cue_position": 0.0, "beta_rec": 0.2214327343234883, "gamma_fc": 0.42861882866378653, "beta_enc": 0.9475489413950998, "gamma_cf": 0.081473964877262}, "datetime": {"elapsed": 1273.920885, "delta": 13.790375, "datetime": "2020-06-24 16:53:22"}}
{"target": 7.983333333333333, "params": {"cue_position": 0.0, "beta_rec": 0.6337867606119179, "gamma_fc": 0.7662113810757705, "beta_enc": 0.10901876401906829, "gamma_cf": 0.6968004961201785}, "datetime": {"elapsed": 1290.290396, "delta": 16.369511, "datetime": "2020-06-24 16:53:38"}}
{"target": 7.925, "params": {"cue_position": 0.0, "beta_rec": 0.8458514830276777, "gamma_fc": 0.6264961586242938, "beta_enc": 0.3424541198435198, "gamma_cf": 0.8240098704123188}, "datetime": {"elapsed": 1306.376395, "delta": 16.085999, "datetime": "2020-06-24 16:53:54"}}
{"target": 8.604166666666666, "params": {"cue_position": 0.0, "beta_rec": 0.07838689985494796, "gamma_fc": 0.4585838137084318, "beta_enc": 0.1434230486702449, "gamma_cf": 0.06672499763935646}, "datetime": {"elapsed": 1323.079616, "delta": 16.703221, "datetime": "2020-06-24 16:54:11"}}
{"target": 8.183333333333334, "params": {"cue_position": 0.0, "beta_rec": 0.027783348848669953, "gamma_fc": 0.7469384956075251, "beta_enc": 0.11334192276759048, "gamma_cf": 0.3948504804606394}, "datetime": {"elapsed": 1339.124152, "delta": 16.044536, "datetime": "2020-06-24 16:54:27"}}
{"target": 6.970833333333333, "params": {"cue_position": 0.0, "beta_rec": 0.4500867470007611, "gamma_fc": 0.8031633421141696, "beta_enc": 0.45240482674645155, "gamma_cf": 0.47400392656219403}, "datetime": {"elapsed": 1353.636446, "delta": 14.512294, "datetime": "2020-06-24 16:54:42"}}
