{"target": 8.375, "params": {"cue_position": 8.0, "beta_enc": 0.34338539301584003, "gamma_cf": 0.4627716636522365, "gamma_fc": 0.12185610817274947, "beta_rec": 0.5264264730504054}, "datetime": {"elapsed": 5013.422949, "datetime": "2020-06-14 11:07:28", "delta": 23.264077}}
{"target": 10.625, "params": {"cue_position": 8.0, "beta_enc": 0.4437858580347699, "gamma_cf": 0.8719908412477021, "gamma_fc": 0.03353309879904287, "beta_rec": 0.7017173950058317}, "datetime": {"elapsed": 5034.702187, "datetime": "2020-06-14 11:07:49", "delta": 21.279238}}
{"target": 9.5, "params": {"cue_position": 8.0, "beta_enc": 0.5940641794740825, "gamma_cf": 0.9512204071802636, "gamma_fc": 0.31506906500459086, "beta_rec": 0.9798695207020436}, "datetime": {"elapsed": 5059.032851, "datetime": "2020-06-14 11:08:13", "delta": 24.330664}}
{"target": 11.25, "params": {"cue_position": 8.0, "beta_enc": 0.268618372490829, "gamma_cf": 0.916163345889354, "gamma_fc": 0.15134782959298654, "beta_rec": 0.9225839951201377}, "datetime": {"elapsed": 5081.771084, "datetime": "2020-06-14 11:08:36", "delta": 22.738233}}
{"target": 9.375, "params": {"cue_position": 8.0, "beta_enc": 0.2707410730564688, "gamma_cf": 0.628900759507499, "gamma_fc": 0.13158461123115572, "beta_rec": 0.8006491901080679}, "datetime": {"elapsed": 5106.509216, "datetime": "2020-06-14 11:09:01", "delta": 24.738132}}
{"target": 8.25, "params": {"cue_position": 8.0, "beta_enc": 0.3706256947806392, "gamma_cf": 0.5452909021429961, "gamma_fc": 0.029634351971907447, "beta_rec": 0.6718359354931942}, "datetime": {"elapsed": 5128.676883, "datetime": "2020-06-14 11:09:23", "delta": 22.167667}}
{"target": 11.0, "params": {"cue_position": 8.0, "beta_enc": 0.5363900705450474, "gamma_cf": 0.8792361191368129, "gamma_fc": 0.2491508872396863, "beta_rec": 0.8981815808745112}, "datetime": {"elapsed": 5152.429325, "datetime": "2020-06-14 11:09:47", "delta": 23.752442}}
{"target": 7.0, "params": {"cue_position": 8.0, "beta_enc": 0.46868098870355823, "gamma_cf": 0.6959305720122372, "gamma_fc": 0.6754012200069868, "beta_rec": 0.5541086790279321}, "datetime": {"elapsed": 5174.90749, "datetime": "2020-06-14 11:10:09", "delta": 22.478165}}
{"target": 10.0, "params": {"cue_position": 8.0, "beta_enc": 0.4422954265052812, "gamma_cf": 0.8634500317003714, "gamma_fc": 0.014233267154353468, "beta_rec": 0.699968437013535}, "datetime": {"elapsed": 5198.194529, "datetime": "2020-06-14 11:10:32", "delta": 23.287039}}
{"target": 11.0, "params": {"cue_position": 8.0, "beta_enc": 0.6071804754809995, "gamma_cf": 0.9359460560475318, "gamma_fc": 0.3198596750193566, "beta_rec": 0.9605626534739774}, "datetime": {"elapsed": 5221.0721, "datetime": "2020-06-14 11:10:55", "delta": 22.877571}}
{"target": 11.125, "params": {"cue_position": 8.0, "beta_enc": 0.4420326026150381, "gamma_cf": 0.871039493722569, "gamma_fc": 0.037483770367653046, "beta_rec": 0.6838122991028693}, "datetime": {"elapsed": 5244.543108, "datetime": "2020-06-14 11:11:19", "delta": 23.471008}}
{"target": 8.25, "params": {"cue_position": 8.0, "beta_enc": 0.4763003856852971, "gamma_cf": 0.5914448153379355, "gamma_fc": 0.30898490807891055, "beta_rec": 0.3344379447257253}, "datetime": {"elapsed": 5267.732529, "datetime": "2020-06-14 11:11:42", "delta": 23.189421}}
{"target": 10.375, "params": {"cue_position": 8.0, "beta_enc": 0.42453864072764824, "gamma_cf": 0.8460265178709924, "gamma_fc": 0.04845017488110026, "beta_rec": 0.7080789200223099}, "datetime": {"elapsed": 5292.974816, "datetime": "2020-06-14 11:12:07", "delta": 25.242287}}
{"target": 11.125, "params": {"cue_position": 8.0, "beta_enc": 0.2908773837017782, "gamma_cf": 0.9109167048838783, "gamma_fc": 0.1728476481037129, "beta_rec": 0.9184959540057359}, "datetime": {"elapsed": 5315.868268, "datetime": "2020-06-14 11:12:30", "delta": 22.893452}}
{"target": 11.0, "params": {"cue_position": 8.0, "beta_enc": 0.44695308733020767, "gamma_cf": 0.8962454742554824, "gamma_fc": 0.01828372000114009, "beta_rec": 0.6780037539559515}, "datetime": {"elapsed": 5340.154084, "datetime": "2020-06-14 11:12:54", "delta": 24.285816}}
{"target": 9.5, "params": {"cue_position": 8.0, "beta_enc": 0.37190802079373764, "gamma_cf": 0.546291694855143, "gamma_fc": 0.008539653015578574, "beta_rec": 0.6712722196233123}, "datetime": {"elapsed": 5363.876711, "datetime": "2020-06-14 11:13:18", "delta": 23.722627}}
{"target": 11.375, "params": {"cue_position": 8.0, "beta_enc": 0.4323062718922498, "gamma_cf": 0.8798538983825441, "gamma_fc": 0.021183793148142116, "beta_rec": 0.7040898108480151}, "datetime": {"elapsed": 5388.152102, "datetime": "2020-06-14 11:13:42", "delta": 24.275391}}
{"target": 10.0, "params": {"cue_position": 8.0, "beta_enc": 0.2918902619791298, "gamma_cf": 0.9351981467920987, "gamma_fc": 0.13968177506922097, "beta_rec": 0.9236316484683658}, "datetime": {"elapsed": 5411.307949, "datetime": "2020-06-14 11:14:05", "delta": 23.155847}}
{"target": 11.625, "params": {"cue_position": 8.0, "beta_enc": 0.4014529843606385, "gamma_cf": 0.7551156405445875, "gamma_fc": 0.11547403350269592, "beta_rec": 0.8947295693837902}, "datetime": {"elapsed": 5435.438117, "datetime": "2020-06-14 11:14:30", "delta": 24.130168}}
{"target": 11.0, "params": {"cue_position": 8.0, "beta_enc": 0.42120835511258126, "gamma_cf": 0.8797258436650405, "gamma_fc": 0.03168456749766607, "beta_rec": 0.6843155517147479}, "datetime": {"elapsed": 5459.128353, "datetime": "2020-06-14 11:14:53", "delta": 23.690236}}
{"target": 11.0, "params": {"cue_position": 8.0, "beta_enc": 0.3851648679679377, "gamma_cf": 0.7696437818005434, "gamma_fc": 0.14387611232799513, "beta_rec": 0.9055207403955694}, "datetime": {"elapsed": 5486.726713, "datetime": "2020-06-14 11:15:21", "delta": 27.59836}}
{"target": 9.5, "params": {"cue_position": 8.0, "beta_enc": 0.4096648670960016, "gamma_cf": 0.7592053122665843, "gamma_fc": 0.1207756750948551, "beta_rec": 0.912582858393699}, "datetime": {"elapsed": 5513.278176, "datetime": "2020-06-14 11:15:47", "delta": 26.551463}}
{"target": 10.125, "params": {"cue_position": 8.0, "beta_enc": 0.41176920563234887, "gamma_cf": 0.7754787943066399, "gamma_fc": 0.10091567754859854, "beta_rec": 0.904336820681334}, "datetime": {"elapsed": 5539.859435, "datetime": "2020-06-14 11:16:14", "delta": 26.581259}}
{"target": 11.0, "params": {"cue_position": 8.0, "beta_enc": 0.43218310560401796, "gamma_cf": 0.8740748291990624, "gamma_fc": 0.017652430691430743, "beta_rec": 0.7028600286488997}, "datetime": {"elapsed": 5566.863891, "datetime": "2020-06-14 11:16:41", "delta": 27.004456}}
{"target": 8.75, "params": {"cue_position": 8.0, "beta_enc": 0.2876837186723733, "gamma_cf": 0.9143409933711022, "gamma_fc": 0.18420398331294585, "beta_rec": 0.9119660482372676}, "datetime": {"elapsed": 5595.005239, "datetime": "2020-06-14 11:17:09", "delta": 28.141348}}
{"target": 11.25, "params": {"cue_position": 8.0, "beta_enc": 0.4356328423031992, "gamma_cf": 0.8777000099495945, "gamma_fc": 0.02293090441721879, "beta_rec": 0.697619608226401}, "datetime": {"elapsed": 5621.608187, "datetime": "2020-06-14 11:17:36", "delta": 26.602948}}
{"target": 10.375, "params": {"cue_position": 8.0, "beta_enc": 0.5523532869937239, "gamma_cf": 0.883798678310961, "gamma_fc": 0.25094712139806896, "beta_rec": 0.9018229537330549}, "datetime": {"elapsed": 5649.751124, "datetime": "2020-06-14 11:18:04", "delta": 28.142937}}
{"target": 11.625, "params": {"cue_position": 8.0, "beta_enc": 0.43451298610858236, "gamma_cf": 0.8830572009594893, "gamma_fc": 0.008548211163713293, "beta_rec": 0.6792293777151311}, "datetime": {"elapsed": 5677.584715, "datetime": "2020-06-14 11:18:32", "delta": 27.833591}}
{"target": 9.125, "params": {"cue_position": 8.0, "beta_enc": 0.6210385117585788, "gamma_cf": 0.9203406929918336, "gamma_fc": 0.3240649025910799, "beta_rec": 0.9673395379525505}, "datetime": {"elapsed": 5707.256704, "datetime": "2020-06-14 11:19:01", "delta": 29.671989}}
{"target": 10.25, "params": {"cue_position": 8.0, "beta_enc": 0.3821123752594977, "gamma_cf": 0.5361449413195964, "gamma_fc": 0.004835117791246013, "beta_rec": 0.6655122764038428}, "datetime": {"elapsed": 5736.823796, "datetime": "2020-06-14 11:19:31", "delta": 29.567092}}
{"target": 11.5, "params": {"cue_position": 8.0, "beta_enc": 0.3770102309885598, "gamma_cf": 0.7557772099283178, "gamma_fc": 0.12557616048226994, "beta_rec": 0.8988794315199501}, "datetime": {"elapsed": 5766.163702, "datetime": "2020-06-14 11:20:00", "delta": 29.339906}}
{"target": 10.625, "params": {"cue_position": 8.0, "beta_enc": 0.4177254680628024, "gamma_cf": 0.9346764414908106, "gamma_fc": 0.07360886460982208, "beta_rec": 0.4169382518646392}, "datetime": {"elapsed": 5795.070531, "datetime": "2020-06-14 11:20:29", "delta": 28.906829}}
{"target": 12.0, "params": {"cue_position": 8.0, "beta_enc": 0.3949330956947301, "gamma_cf": 0.7645296314936025, "gamma_fc": 0.12340267514841585, "beta_rec": 0.9112931131905848}, "datetime": {"elapsed": 5824.91257, "datetime": "2020-06-14 11:20:59", "delta": 29.842039}}
{"target": 10.875, "params": {"cue_position": 8.0, "beta_enc": 0.29196800492635133, "gamma_cf": 0.9222085493024145, "gamma_fc": 0.13238416508114192, "beta_rec": 0.9043234627027054}, "datetime": {"elapsed": 5856.146717, "datetime": "2020-06-14 11:21:30", "delta": 31.234147}}
{"target": 9.125, "params": {"cue_position": 8.0, "beta_enc": 0.38494095148913343, "gamma_cf": 0.7554198123625934, "gamma_fc": 0.12851876259064532, "beta_rec": 0.9083646377521771}, "datetime": {"elapsed": 5886.502298, "datetime": "2020-06-14 11:22:01", "delta": 30.355581}}
{"target": 10.375, "params": {"cue_position": 8.0, "beta_enc": 0.38117854742950696, "gamma_cf": 0.7704109370369102, "gamma_fc": 0.12415505124450299, "beta_rec": 0.9137057586904158}, "datetime": {"elapsed": 5915.142629, "datetime": "2020-06-14 11:22:29", "delta": 28.640331}}
{"target": 10.125, "params": {"cue_position": 8.0, "beta_enc": 0.3793226086684365, "gamma_cf": 0.5364825641167661, "gamma_fc": 0.01891445549492521, "beta_rec": 0.6542410239506914}, "datetime": {"elapsed": 5945.139544, "datetime": "2020-06-14 11:22:59", "delta": 29.996915}}
{"target": 9.75, "params": {"cue_position": 8.0, "beta_enc": 0.4101485704790707, "gamma_cf": 0.7550082866843105, "gamma_fc": 0.11245656189314468, "beta_rec": 0.8801887091862979}, "datetime": {"elapsed": 5976.399595, "datetime": "2020-06-14 11:23:31", "delta": 31.260051}}
{"target": 10.75, "params": {"cue_position": 8.0, "beta_enc": 0.46669333959476833, "gamma_cf": 0.8734803367879322, "gamma_fc": 0.016729310971262845, "beta_rec": 0.6657039481078898}, "datetime": {"elapsed": 6006.202903, "datetime": "2020-06-14 11:24:00", "delta": 29.803308}}
{"target": 11.125, "params": {"cue_position": 8.0, "beta_enc": 0.29235019518592764, "gamma_cf": 0.9235103088877353, "gamma_fc": 0.14047814088319244, "beta_rec": 0.9211775494449849}, "datetime": {"elapsed": 6036.008622, "datetime": "2020-06-14 11:24:30", "delta": 29.805719}}
{"target": 11.0, "params": {"cue_position": 8.0, "beta_enc": 0.414956123449694, "gamma_cf": 0.863679462614493, "gamma_fc": 0.05878862672488738, "beta_rec": 0.6986998384594233}, "datetime": {"elapsed": 6067.258709, "datetime": "2020-06-14 11:25:01", "delta": 31.250087}}
{"target": 9.75, "params": {"cue_position": 8.0, "beta_enc": 0.3844245426197658, "gamma_cf": 0.5372755209793381, "gamma_fc": 0.02650349625708548, "beta_rec": 0.6624911842109236}, "datetime": {"elapsed": 6097.75938, "datetime": "2020-06-14 11:25:32", "delta": 30.500671}}
{"target": 10.5, "params": {"cue_position": 8.0, "beta_enc": 0.3723657618595617, "gamma_cf": 0.8684425097088786, "gamma_fc": 0.264705685932358, "beta_rec": 0.7448265813395906}, "datetime": {"elapsed": 6128.063506, "datetime": "2020-06-14 11:26:02", "delta": 30.304126}}
{"target": 11.5, "params": {"cue_position": 8.0, "beta_enc": 0.42656377668273027, "gamma_cf": 0.859736244598683, "gamma_fc": 0.039977204517789744, "beta_rec": 0.6856529557168763}, "datetime": {"elapsed": 6159.728158, "datetime": "2020-06-14 11:26:34", "delta": 31.664652}}
{"target": 11.375, "params": {"cue_position": 8.0, "beta_enc": 0.4284733704395354, "gamma_cf": 0.8852061208534554, "gamma_fc": 0.04640336230668829, "beta_rec": 0.6641956477646045}, "datetime": {"elapsed": 6190.627268, "datetime": "2020-06-14 11:27:05", "delta": 30.89911}}
{"target": 12.0, "params": {"cue_position": 8.0, "beta_enc": 0.4386690170320131, "gamma_cf": 0.8940260140484949, "gamma_fc": 0.007742077155577398, "beta_rec": 0.6906319631598283}, "datetime": {"elapsed": 6221.029771, "datetime": "2020-06-14 11:27:35", "delta": 30.402503}}
{"target": 10.875, "params": {"cue_position": 8.0, "beta_enc": 0.44294751072315086, "gamma_cf": 0.8790148740305097, "gamma_fc": 0.033579733653191224, "beta_rec": 0.6678012715777455}, "datetime": {"elapsed": 6252.501673, "datetime": "2020-06-14 11:28:07", "delta": 31.471902}}
{"target": 10.125, "params": {"cue_position": 8.0, "beta_enc": 0.2893495208308674, "gamma_cf": 0.9240217869660075, "gamma_fc": 0.1614036320385206, "beta_rec": 0.901881156775939}, "datetime": {"elapsed": 6282.19108, "datetime": "2020-06-14 11:28:36", "delta": 29.689407}}
{"target": 8.625, "params": {"cue_position": 8.0, "beta_enc": 0.3751641477605032, "gamma_cf": 0.5530792817682578, "gamma_fc": 0.024827112526026873, "beta_rec": 0.6594965102451784}, "datetime": {"elapsed": 6312.161365, "datetime": "2020-06-14 11:29:06", "delta": 29.970285}}
{"target": 10.375, "params": {"cue_position": 8.0, "beta_enc": 0.4161948793360589, "gamma_cf": 0.8811786340796481, "gamma_fc": 0.0015386262143141094, "beta_rec": 0.6955936349247718}, "datetime": {"elapsed": 6342.255679, "datetime": "2020-06-14 11:29:36", "delta": 30.094314}}
{"target": 9.875, "params": {"cue_position": 8.0, "beta_enc": 0.43690527915676336, "gamma_cf": 0.8836329135974911, "gamma_fc": 0.03103453646451959, "beta_rec": 0.6561446327339543}, "datetime": {"elapsed": 6372.285198, "datetime": "2020-06-14 11:30:06", "delta": 30.029519}}
{"target": 8.375, "params": {"cue_position": 8.0, "beta_enc": 0.267373637145361, "gamma_cf": 0.9153472845415652, "gamma_fc": 0.15583799578913726, "beta_rec": 0.9324304032723872}, "datetime": {"elapsed": 6401.710964, "datetime": "2020-06-14 11:30:36", "delta": 29.425766}}
{"target": 9.375, "params": {"cue_position": 8.0, "beta_enc": 0.2647399658640417, "gamma_cf": 0.6203569525014919, "gamma_fc": 0.12514234774566513, "beta_rec": 0.789500552994143}, "datetime": {"elapsed": 6433.747155, "datetime": "2020-06-14 11:31:08", "delta": 32.036191}}
{"target": 10.875, "params": {"cue_position": 8.0, "beta_enc": 0.2882588273501845, "gamma_cf": 0.9283304386882246, "gamma_fc": 0.12734884394680912, "beta_rec": 0.9132136036420035}, "datetime": {"elapsed": 6464.156918, "datetime": "2020-06-14 11:31:38", "delta": 30.409763}}
{"target": 9.375, "params": {"cue_position": 8.0, "beta_enc": 0.39322466343406504, "gamma_cf": 0.768768413212551, "gamma_fc": 0.15386230728385875, "beta_rec": 0.9122077601770376}, "datetime": {"elapsed": 6494.625145, "datetime": "2020-06-14 11:32:09", "delta": 30.468227}}
{"target": 11.25, "params": {"cue_position": 8.0, "beta_enc": 0.43654844690732586, "gamma_cf": 0.8671479124310539, "gamma_fc": 0.02448104844512322, "beta_rec": 0.7075660246724882}, "datetime": {"elapsed": 6526.991231, "datetime": "2020-06-14 11:32:41", "delta": 32.366086}}
{"target": 11.125, "params": {"cue_position": 8.0, "beta_enc": 0.30493488910292377, "gamma_cf": 0.9228373388679288, "gamma_fc": 0.15012001553554133, "beta_rec": 0.9039764838962515}, "datetime": {"elapsed": 6558.102034, "datetime": "2020-06-14 11:33:12", "delta": 31.110803}}
{"target": 10.375, "params": {"cue_position": 8.0, "beta_enc": 0.4321855888566579, "gamma_cf": 0.8799456316719788, "gamma_fc": 0.006791856679234458, "beta_rec": 0.6844505143940575}, "datetime": {"elapsed": 6588.054998, "datetime": "2020-06-14 11:33:42", "delta": 29.952964}}
{"target": 10.25, "params": {"cue_position": 8.0, "beta_enc": 0.4551539553643704, "gamma_cf": 0.8948028905934905, "gamma_fc": 0.02710412458414202, "beta_rec": 0.6603054077969189}, "datetime": {"elapsed": 6614.480766, "datetime": "2020-06-14 11:34:09", "delta": 26.425768}}
{"target": 9.5, "params": {"cue_position": 8.0, "beta_enc": 0.4198243060402844, "gamma_cf": 0.8927010281669062, "gamma_fc": 0.014616492806949322, "beta_rec": 0.6853313736689507}, "datetime": {"elapsed": 6640.894134, "datetime": "2020-06-14 11:34:35", "delta": 26.413368}}
{"target": 8.625, "params": {"cue_position": 8.0, "beta_enc": 0.3656802054469852, "gamma_cf": 0.5452969243782511, "gamma_fc": 0.025298574732053325, "beta_rec": 0.6508321976827712}, "datetime": {"elapsed": 6667.309054, "datetime": "2020-06-14 11:35:01", "delta": 26.41492}}
{"target": 8.75, "params": {"cue_position": 8.0, "beta_enc": 0.4307571385555157, "gamma_cf": 0.4858454224198243, "gamma_fc": 0.141241748486026, "beta_rec": 0.9320230684779413}, "datetime": {"elapsed": 6694.341095, "datetime": "2020-06-14 11:35:28", "delta": 27.032041}}
{"target": 8.25, "params": {"cue_position": 8.0, "beta_enc": 0.3319640891546888, "gamma_cf": 0.4587186732142192, "gamma_fc": 0.12286742729207312, "beta_rec": 0.5265009398634389}, "datetime": {"elapsed": 6722.144072, "datetime": "2020-06-14 11:35:56", "delta": 27.802977}}
{"target": 10.5, "params": {"cue_position": 8.0, "beta_enc": 0.3697397366337781, "gamma_cf": 0.7763649286361723, "gamma_fc": 0.15296353935624307, "beta_rec": 0.9042501005451131}, "datetime": {"elapsed": 6748.01121, "datetime": "2020-06-14 11:36:22", "delta": 25.867138}}
{"target": 11.125, "params": {"cue_position": 8.0, "beta_enc": 0.41931709775325987, "gamma_cf": 0.8752857281327743, "gamma_fc": 0.02463686888494332, "beta_rec": 0.707628299024925}, "datetime": {"elapsed": 6775.172376, "datetime": "2020-06-14 11:36:49", "delta": 27.161166}}
{"target": 10.75, "params": {"cue_position": 8.0, "beta_enc": 0.2964684375894532, "gamma_cf": 0.931648646011713, "gamma_fc": 0.13947279650496047, "beta_rec": 0.9073979459068323}, "datetime": {"elapsed": 6800.959008, "datetime": "2020-06-14 11:37:15", "delta": 25.786632}}
{"target": 9.875, "params": {"cue_position": 8.0, "beta_enc": 0.38997102526599914, "gamma_cf": 0.7760026792274848, "gamma_fc": 0.1514870691112412, "beta_rec": 0.8952364595400404}, "datetime": {"elapsed": 6830.927867, "datetime": "2020-06-14 11:37:45", "delta": 29.968859}}
{"target": 10.625, "params": {"cue_position": 8.0, "beta_enc": 0.4273102822977496, "gamma_cf": 0.8771923117443381, "gamma_fc": 0.024831287147569325, "beta_rec": 0.691471439895071}, "datetime": {"elapsed": 6852.360114, "datetime": "2020-06-14 11:38:07", "delta": 21.432247}}
{"target": 7.75, "params": {"cue_position": 8.0, "beta_enc": 0.6110672144843738, "gamma_cf": 0.9467612175750303, "gamma_fc": 0.32358899120896156, "beta_rec": 0.958968942295055}, "datetime": {"elapsed": 6872.658173, "datetime": "2020-06-14 11:38:27", "delta": 20.298059}}
{"target": 10.75, "params": {"cue_position": 8.0, "beta_enc": 0.3741371794285452, "gamma_cf": 0.8703645741448846, "gamma_fc": 0.2723888418343543, "beta_rec": 0.7335692773990488}, "datetime": {"elapsed": 6893.386283, "datetime": "2020-06-14 11:38:48", "delta": 20.72811}}
{"target": 10.0, "params": {"cue_position": 8.0, "beta_enc": 0.42657789561747606, "gamma_cf": 0.8604129867233866, "gamma_fc": 0.05927069892729897, "beta_rec": 0.6813426768453172}, "datetime": {"elapsed": 6918.086046, "datetime": "2020-06-14 11:39:12", "delta": 24.699763}}
{"target": 10.5, "params": {"cue_position": 8.0, "beta_enc": 0.44747036585215316, "gamma_cf": 0.8769028192387475, "gamma_fc": 0.03893906381637102, "beta_rec": 0.6765722793567523}, "datetime": {"elapsed": 6941.848741, "datetime": "2020-06-14 11:39:36", "delta": 23.762695}}
{"target": 10.75, "params": {"cue_position": 8.0, "beta_enc": 0.43744854363200514, "gamma_cf": 0.8820375826361858, "gamma_fc": 0.01682687703303276, "beta_rec": 0.7004981776296038}, "datetime": {"elapsed": 6966.913541, "datetime": "2020-06-14 11:40:01", "delta": 25.0648}}
{"target": 9.0, "params": {"cue_position": 8.0, "beta_enc": 0.29507516224152375, "gamma_cf": 0.9340212820242314, "gamma_fc": 0.16115256148711155, "beta_rec": 0.8922750851457593}, "datetime": {"elapsed": 6990.038476, "datetime": "2020-06-14 11:40:24", "delta": 23.124935}}
{"target": 9.375, "params": {"cue_position": 8.0, "beta_enc": 0.4185043745550452, "gamma_cf": 0.8871638117962427, "gamma_fc": 0.0395993782419608, "beta_rec": 0.6727299109516693}, "datetime": {"elapsed": 7014.715248, "datetime": "2020-06-14 11:40:49", "delta": 24.676772}}
{"target": 10.5, "params": {"cue_position": 8.0, "beta_enc": 0.31765863618264834, "gamma_cf": 0.9240959327784535, "gamma_fc": 0.15354769782547673, "beta_rec": 0.9032337579618925}, "datetime": {"elapsed": 7039.681529, "datetime": "2020-06-14 11:41:14", "delta": 24.966281}}
{"target": 8.75, "params": {"cue_position": 8.0, "beta_enc": 0.08527949818405545, "gamma_cf": 0.7716528548682338, "gamma_fc": 0.8310743816522739, "beta_rec": 0.47321997910235214}, "datetime": {"elapsed": 7061.814545, "datetime": "2020-06-14 11:41:36", "delta": 22.133016}}
{"target": 12.625, "params": {"cue_position": 8.0, "beta_enc": 0.42812522788069585, "gamma_cf": 0.8711210511811923, "gamma_fc": 0.004798138254019535, "beta_rec": 0.6929325971579895}, "datetime": {"elapsed": 7085.290007, "datetime": "2020-06-14 11:41:59", "delta": 23.475462}}
{"target": 9.5, "params": {"cue_position": 8.0, "beta_enc": 0.28545322874561085, "gamma_cf": 0.9201857384599738, "gamma_fc": 0.15597511573545397, "beta_rec": 0.8988684338160745}, "datetime": {"elapsed": 7114.238049, "datetime": "2020-06-14 11:42:28", "delta": 28.948042}}
{"target": 9.125, "params": {"cue_position": 8.0, "beta_enc": 0.622034692357138, "gamma_cf": 0.9548348450888222, "gamma_fc": 0.5350148061231066, "beta_rec": 0.060482812407246206}, "datetime": {"elapsed": 7142.184696, "datetime": "2020-06-14 11:42:56", "delta": 27.946647}}
