{"target": 4.470666666666666, "params": {"enc_rate": 1.0, "k": 3.0, "beta_enc": 0.9388864773697133, "gamma_fc": 0.027287223517468817, "beta_rec": 0.030949006271150714, "cue_position": 4.0}, "datetime": {"elapsed": 2778.792581, "delta": 27.055446, "datetime": "2021-04-07 12:01:39"}}
{"target": 7.4079999999999995, "params": {"enc_rate": 1.0, "k": 3.0, "beta_enc": 0.3259898117700253, "gamma_fc": 0.45285349995153745, "beta_rec": 0.8594893208655858, "cue_position": 4.0}, "datetime": {"elapsed": 2814.690497, "delta": 35.897916, "datetime": "2021-04-07 12:02:15"}}
{"target": 7.49088888888889, "params": {"enc_rate": 1.0, "k": 3.0, "beta_enc": 0.2900968516874258, "gamma_fc": 0.5172675985011298, "beta_rec": 0.009348577966515781, "cue_position": 4.0}, "datetime": {"elapsed": 2850.81705, "delta": 36.126553, "datetime": "2021-04-07 12:02:51"}}
{"target": 7.351333333333334, "params": {"enc_rate": 1.0, "k": 3.0, "beta_enc": 0.426474788501396, "gamma_fc": 0.9368683813090937, "beta_rec": 0.2473960366023854, "cue_position": 4.0}, "datetime": {"elapsed": 2886.520562, "delta": 35.703512, "datetime": "2021-04-07 12:03:27"}}
{"target": 5.458444444444444, "params": {"enc_rate": 1.0, "k": 3.0, "beta_enc": 0.9202065143056605, "gamma_fc": 0.31437661611405043, "beta_rec": 0.22790028995131695, "cue_position": 4.0}, "datetime": {"elapsed": 2916.686433, "delta": 30.165871, "datetime": "2021-04-07 12:03:57"}}
{"target": 6.9433333333333325, "params": {"enc_rate": 1.0, "k": 3.0, "beta_enc": 0.6070941619724605, "gamma_fc": 0.7018765297563104, "beta_rec": 0.41358641500116133, "cue_position": 4.0}, "datetime": {"elapsed": 2951.405325, "delta": 34.718892, "datetime": "2021-04-07 12:04:32"}}
{"target": 7.100888888888889, "params": {"enc_rate": 1.0, "k": 3.0, "beta_enc": 0.5742190888408597, "gamma_fc": 0.6641025553547935, "beta_rec": 0.34898759722078887, "cue_position": 4.0}, "datetime": {"elapsed": 2986.521142, "delta": 35.115817, "datetime": "2021-04-07 12:05:07"}}
{"target": 7.201555555555556, "params": {"enc_rate": 1.0, "k": 3.0, "beta_enc": 0.5190159840736788, "gamma_fc": 0.8168351087916219, "beta_rec": 0.1747201501089225, "cue_position": 4.0}, "datetime": {"elapsed": 3022.214951, "delta": 35.693809, "datetime": "2021-04-07 12:05:42"}}
{"target": 6.008666666666667, "params": {"enc_rate": 1.0, "k": 3.0, "beta_enc": 0.9759890683309049, "gamma_fc": 0.09357709581748075, "beta_rec": 0.9015625846693213, "cue_position": 4.0}, "datetime": {"elapsed": 3054.418834, "delta": 32.203883, "datetime": "2021-04-07 12:06:15"}}
{"target": 7.286444444444444, "params": {"enc_rate": 1.0, "k": 3.0, "beta_enc": 0.4517331486914753, "gamma_fc": 0.9727875919326552, "beta_rec": 0.37543483316785775, "cue_position": 4.0}, "datetime": {"elapsed": 3090.073249, "delta": 35.654415, "datetime": "2021-04-07 12:06:50"}}
{"target": 6.745333333333333, "params": {"enc_rate": 1.0, "k": 3.0, "beta_enc": 0.8242378396244978, "gamma_fc": 0.013136356923072245, "beta_rec": 0.6326158167779973, "cue_position": 4.0}, "datetime": {"elapsed": 3124.78364, "delta": 34.710391, "datetime": "2021-04-07 12:07:25"}}
{"target": 7.206, "params": {"enc_rate": 1.0, "k": 3.0, "beta_enc": 0.49207180149355845, "gamma_fc": 0.13766274094560316, "beta_rec": 0.7300912110901043, "cue_position": 4.0}, "datetime": {"elapsed": 3160.491013, "delta": 35.707373, "datetime": "2021-04-07 12:08:01"}}
{"target": 6.5922222222222215, "params": {"enc_rate": 1.0, "k": 3.0, "beta_enc": 0.7582782604769962, "gamma_fc": 0.33870802548167966, "beta_rec": 0.3199528380776784, "cue_position": 4.0}, "datetime": {"elapsed": 3194.289419, "delta": 33.798406, "datetime": "2021-04-07 12:08:34"}}
{"target": 6.595777777777778, "params": {"enc_rate": 1.0, "k": 3.0, "beta_enc": 0.7548914570605327, "gamma_fc": 0.5045191697009946, "beta_rec": 0.46385778390029564, "cue_position": 4.0}, "datetime": {"elapsed": 3227.960994, "delta": 33.671575, "datetime": "2021-04-07 12:09:08"}}
{"target": 6.212, "params": {"enc_rate": 1.0, "k": 3.0, "beta_enc": 0.7701499563120922, "gamma_fc": 0.8099887106624163, "beta_rec": 0.13033578095435427, "cue_position": 4.0}, "datetime": {"elapsed": 3260.409981, "delta": 32.448987, "datetime": "2021-04-07 12:09:41"}}
{"target": 6.681777777777778, "params": {"enc_rate": 1.0, "k": 3.0, "beta_enc": 0.6724698446537339, "gamma_fc": 0.6443610847569929, "beta_rec": 0.6868082266569918, "cue_position": 4.0}, "datetime": {"elapsed": 3294.329906, "delta": 33.919925, "datetime": "2021-04-07 12:10:14"}}
{"target": 7.257111111111112, "params": {"enc_rate": 1.0, "k": 3.0, "beta_enc": 0.4844284455143756, "gamma_fc": 0.6736984238986317, "beta_rec": 0.8593178060976, "cue_position": 4.0}, "datetime": {"elapsed": 3330.044417, "delta": 35.714511, "datetime": "2021-04-07 12:10:50"}}
{"target": 7.50911111111111, "params": {"enc_rate": 1.0, "k": 3.0, "beta_enc": 0.27411977516685215, "gamma_fc": 0.8558283672539277, "beta_rec": 0.5605299905360588, "cue_position": 4.0}, "datetime": {"elapsed": 3366.341387, "delta": 36.29697, "datetime": "2021-04-07 12:11:26"}}
{"target": 6.3902222222222225, "params": {"enc_rate": 1.0, "k": 3.0, "beta_enc": 0.7473208103319232, "gamma_fc": 0.8076984091122095, "beta_rec": 0.2896027461868774, "cue_position": 4.0}, "datetime": {"elapsed": 3399.347593, "delta": 33.006206, "datetime": "2021-04-07 12:11:59"}}
{"target": 7.526888888888889, "params": {"enc_rate": 1.0, "k": 3.0, "beta_enc": 0.21369323762958115, "gamma_fc": 0.7444731530777321, "beta_rec": 0.7672845084217665, "cue_position": 4.0}, "datetime": {"elapsed": 3435.652352, "delta": 36.304759, "datetime": "2021-04-07 12:12:36"}}
{"target": 7.5344444444444445, "params": {"enc_rate": 1.0, "k": 3.0, "beta_enc": 0.21411213682064845, "gamma_fc": 0.026627884691621473, "beta_rec": 0.1989479234270667, "cue_position": 4.0}, "datetime": {"elapsed": 3471.943224, "delta": 36.290872, "datetime": "2021-04-07 12:13:12"}}
{"target": 6.851999999999999, "params": {"enc_rate": 1.0, "k": 3.0, "beta_enc": 0.6745640237634105, "gamma_fc": 0.20762566180381437, "beta_rec": 0.7997765368973863, "cue_position": 4.0}, "datetime": {"elapsed": 3506.447178, "delta": 34.503954, "datetime": "2021-04-07 12:13:47"}}
{"target": 6.725333333333333, "params": {"enc_rate": 1.0, "k": 3.0, "beta_enc": 0.7113145181364867, "gamma_fc": 0.43530595762951996, "beta_rec": 0.5538846110514143, "cue_position": 4.0}, "datetime": {"elapsed": 3540.718745, "delta": 34.271567, "datetime": "2021-04-07 12:14:21"}}
{"target": 6.866666666666665, "params": {"enc_rate": 1.0, "k": 3.0, "beta_enc": 0.7060518043359332, "gamma_fc": 0.15983365034409336, "beta_rec": 0.47803130796528337, "cue_position": 4.0}, "datetime": {"elapsed": 3575.327177, "delta": 34.608432, "datetime": "2021-04-07 12:14:55"}}
{"target": 7.404222222222222, "params": {"enc_rate": 1.0, "k": 3.0, "beta_enc": 0.43118175516037094, "gamma_fc": 0.18874506687718595, "beta_rec": 0.40420190577514725, "cue_position": 4.0}, "datetime": {"elapsed": 3611.200067, "delta": 35.87289, "datetime": "2021-04-07 12:15:31"}}
{"target": 6.464888888888889, "params": {"enc_rate": 1.0, "k": 3.0, "beta_enc": 0.7543059505762987, "gamma_fc": 0.6382187106203334, "beta_rec": 0.21073239208332073, "cue_position": 4.0}, "datetime": {"elapsed": 3644.300741, "delta": 33.100674, "datetime": "2021-04-07 12:16:04"}}
{"target": 7.455333333333333, "params": {"enc_rate": 1.0, "k": 3.0, "beta_enc": 0.29548228565549706, "gamma_fc": 0.7821818168314053, "beta_rec": 0.7316064712415088, "cue_position": 4.0}, "datetime": {"elapsed": 3680.314073, "delta": 36.013332, "datetime": "2021-04-07 12:16:40"}}
{"target": 6.158444444444444, "params": {"enc_rate": 1.0, "k": 3.0, "beta_enc": 0.8352716024899659, "gamma_fc": 0.08010364380604929, "beta_rec": 0.1922500168221477, "cue_position": 4.0}, "datetime": {"elapsed": 3712.56896, "delta": 32.254887, "datetime": "2021-04-07 12:17:13"}}
{"target": 7.407111111111111, "params": {"enc_rate": 1.0, "k": 3.0, "beta_enc": 0.37015417755373825, "gamma_fc": 0.20645405888943302, "beta_rec": 0.5306974384761395, "cue_position": 4.0}, "datetime": {"elapsed": 3748.467446, "delta": 35.898486, "datetime": "2021-04-07 12:17:49"}}
{"target": 7.219111111111111, "params": {"enc_rate": 1.0, "k": 3.0, "beta_enc": 0.5079216999452875, "gamma_fc": 0.7875518396525072, "beta_rec": 0.2615495518329871, "cue_position": 4.0}, "datetime": {"elapsed": 3783.959661, "delta": 35.492215, "datetime": "2021-04-07 12:18:24"}}
{"target": 3.0295555555555556, "params": {"enc_rate": 1.0, "k": 3.0, "beta_enc": 0.9857088237131878, "gamma_fc": 0.7871162896558341, "beta_rec": 0.17716116443841734, "cue_position": 4.0}, "datetime": {"elapsed": 3806.555965, "delta": 22.596304, "datetime": "2021-04-07 12:18:47"}}
{"target": 7.123333333333333, "params": {"enc_rate": 1.0, "k": 3.0, "beta_enc": 0.5279039784081266, "gamma_fc": 0.2166172083287794, "beta_rec": 0.7400775431590716, "cue_position": 4.0}, "datetime": {"elapsed": 3841.70413, "delta": 35.148165, "datetime": "2021-04-07 12:19:22"}}
{"target": 6.468666666666667, "params": {"enc_rate": 1.0, "k": 3.0, "beta_enc": 0.7229151935562137, "gamma_fc": 0.8602369974231152, "beta_rec": 0.17654903427708302, "cue_position": 4.0}, "datetime": {"elapsed": 3875.02881, "delta": 33.32468, "datetime": "2021-04-07 12:19:55"}}
{"target": 7.317777777777778, "params": {"enc_rate": 1.0, "k": 3.0, "beta_enc": 0.4032204721058492, "gamma_fc": 0.2780850486129828, "beta_rec": 0.7587469310223366, "cue_position": 4.0}, "datetime": {"elapsed": 3911.150012, "delta": 36.121202, "datetime": "2021-04-07 12:20:31"}}
{"target": 4.872888888888889, "params": {"enc_rate": 1.0, "k": 3.0, "beta_enc": 0.9339026083148878, "gamma_fc": 0.706956245248761, "beta_rec": 0.8578971045378938, "cue_position": 4.0}, "datetime": {"elapsed": 3940.077805, "delta": 28.927793, "datetime": "2021-04-07 12:21:00"}}
{"target": 7.402666666666667, "params": {"enc_rate": 1.0, "k": 3.0, "beta_enc": 0.3748759435368594, "gamma_fc": 0.4018659239678374, "beta_rec": 0.7703225253299576, "cue_position": 4.0}, "datetime": {"elapsed": 3976.088253, "delta": 36.010448, "datetime": "2021-04-07 12:21:36"}}
{"target": 7.522666666666668, "params": {"enc_rate": 1.0, "k": 3.0, "beta_enc": 0.0031128578251921057, "gamma_fc": 0.12076718430922972, "beta_rec": 0.7748966467245978, "cue_position": 4.0}, "datetime": {"elapsed": 4012.670939, "delta": 36.582686, "datetime": "2021-04-07 12:22:13"}}
{"target": 7.391555555555556, "params": {"enc_rate": 1.0, "k": 3.0, "beta_enc": 0.3020967312900983, "gamma_fc": 0.13835468979294652, "beta_rec": 0.8830285085638342, "cue_position": 4.0}, "datetime": {"elapsed": 4048.693997, "delta": 36.023058, "datetime": "2021-04-07 12:22:49"}}
{"target": 6.905777777777779, "params": {"enc_rate": 1.0, "k": 3.0, "beta_enc": 0.6138710897412526, "gamma_fc": 0.8281353607315121, "beta_rec": 0.3241385298974466, "cue_position": 4.0}, "datetime": {"elapsed": 4083.321105, "delta": 34.627108, "datetime": "2021-04-07 12:23:23"}}
{"target": 7.355111111111111, "params": {"enc_rate": 1.0, "k": 3.0, "beta_enc": 0.3456988211755023, "gamma_fc": 0.31476568732401644, "beta_rec": 0.6749716048091052, "cue_position": 4.0}, "datetime": {"elapsed": 4119.15372, "delta": 35.832615, "datetime": "2021-04-07 12:23:59"}}
{"target": 5.676666666666666, "params": {"enc_rate": 1.0, "k": 3.0, "beta_enc": 0.8773604746948126, "gamma_fc": 0.6562293317171314, "beta_rec": 0.4476890001456285, "cue_position": 4.0}, "datetime": {"elapsed": 4150.060064, "delta": 30.906344, "datetime": "2021-04-07 12:24:30"}}
{"target": 7.349555555555556, "params": {"enc_rate": 1.0, "k": 3.0, "beta_enc": 0.43298150696764814, "gamma_fc": 0.5047006080958943, "beta_rec": 0.9093119886549367, "cue_position": 4.0}, "datetime": {"elapsed": 4185.927726, "delta": 35.867662, "datetime": "2021-04-07 12:25:06"}}
{"target": 5.674, "params": {"enc_rate": 1.0, "k": 3.0, "beta_enc": 0.8428998401928499, "gamma_fc": 0.5178600481723219, "beta_rec": 0.06780693434095375, "cue_position": 4.0}, "datetime": {"elapsed": 4216.672569, "delta": 30.744843, "datetime": "2021-04-07 12:25:37"}}
{"target": 5.622222222222222, "params": {"enc_rate": 1.0, "k": 3.0, "beta_enc": 0.8479393924434762, "gamma_fc": 0.9488362882802196, "beta_rec": 0.25163914235585283, "cue_position": 4.0}, "datetime": {"elapsed": 4247.252215, "delta": 30.579646, "datetime": "2021-04-07 12:26:07"}}
{"target": 5.550444444444444, "params": {"enc_rate": 1.0, "k": 3.0, "beta_enc": 0.8379779620477293, "gamma_fc": 0.3221295136147696, "beta_rec": 0.007932876194523097, "cue_position": 4.0}, "datetime": {"elapsed": 4277.760482, "delta": 30.508267, "datetime": "2021-04-07 12:26:38"}}
{"target": 7.520888888888889, "params": {"enc_rate": 1.0, "k": 3.0, "beta_enc": 0.008939102371245067, "gamma_fc": 0.2557451938059312, "beta_rec": 0.8227300054219355, "cue_position": 4.0}, "datetime": {"elapsed": 4314.208597, "delta": 36.448115, "datetime": "2021-04-07 12:27:14"}}
{"target": 7.343555555555556, "params": {"enc_rate": 1.0, "k": 3.0, "beta_enc": 0.47786200443222115, "gamma_fc": 0.49154515001693533, "beta_rec": 0.13433860865569613, "cue_position": 4.0}, "datetime": {"elapsed": 4350.076046, "delta": 35.867449, "datetime": "2021-04-07 12:27:50"}}
{"target": 7.302444444444444, "params": {"enc_rate": 1.0, "k": 3.0, "beta_enc": 0.41857802576409864, "gamma_fc": 0.1895517028339273, "beta_rec": 0.6834649001663011, "cue_position": 4.0}, "datetime": {"elapsed": 4385.863431, "delta": 35.787385, "datetime": "2021-04-07 12:28:26"}}
{"target": 7.456222222222221, "params": {"enc_rate": 1.0, "k": 3.0, "beta_enc": 0.2942156882442547, "gamma_fc": 0.7159456994623945, "beta_rec": 0.10345955611640134, "cue_position": 4.0}, "datetime": {"elapsed": 4421.975021, "delta": 36.11159, "datetime": "2021-04-07 12:29:02"}}
{"target": 6.145777777777778, "params": {"enc_rate": 1.0, "k": 3.0, "beta_enc": 0.7945783511847522, "gamma_fc": 0.7778484768591754, "beta_rec": 0.5070799232841364, "cue_position": 4.0}, "datetime": {"elapsed": 4454.253798, "delta": 32.278777, "datetime": "2021-04-07 12:29:34"}}
{"target": 6.933333333333333, "params": {"enc_rate": 1.0, "k": 3.0, "beta_enc": 0.6477706331874812, "gamma_fc": 0.4086372250132624, "beta_rec": 0.1797942976929744, "cue_position": 4.0}, "datetime": {"elapsed": 4488.811828, "delta": 34.55803, "datetime": "2021-04-07 12:30:09"}}
{"target": 7.3853333333333335, "params": {"enc_rate": 1.0, "k": 3.0, "beta_enc": 0.4069219941293579, "gamma_fc": 0.6363061258559836, "beta_rec": 0.9752223424373121, "cue_position": 4.0}, "datetime": {"elapsed": 4524.691386, "delta": 35.879558, "datetime": "2021-04-07 12:30:45"}}
{"target": 6.121111111111111, "params": {"enc_rate": 1.0, "k": 3.0, "beta_enc": 0.8574844990835966, "gamma_fc": 0.43293850873416306, "beta_rec": 0.6195867393685738, "cue_position": 4.0}, "datetime": {"elapsed": 4556.928394, "delta": 32.237008, "datetime": "2021-04-07 12:31:17"}}
{"target": 7.416888888888889, "params": {"enc_rate": 1.0, "k": 3.0, "beta_enc": 0.33027693652508094, "gamma_fc": 0.2952887943998478, "beta_rec": 0.6973688756131394, "cue_position": 4.0}, "datetime": {"elapsed": 4593.067052, "delta": 36.138658, "datetime": "2021-04-07 12:31:53"}}
{"target": 7.219555555555556, "params": {"enc_rate": 1.0, "k": 3.0, "beta_enc": 0.4879214918052024, "gamma_fc": 0.585348458938251, "beta_rec": 0.8553564125953698, "cue_position": 4.0}, "datetime": {"elapsed": 4628.631094, "delta": 35.564042, "datetime": "2021-04-07 12:32:29"}}
{"target": 7.292666666666666, "params": {"enc_rate": 1.0, "k": 3.0, "beta_enc": 0.4461172190344297, "gamma_fc": 0.6824537097668154, "beta_rec": 0.9218683054838154, "cue_position": 4.0}, "datetime": {"elapsed": 4664.457574, "delta": 35.82648, "datetime": "2021-04-07 12:33:05"}}
{"target": 7.496, "params": {"enc_rate": 1.0, "k": 3.0, "beta_enc": 0.013767512557716799, "gamma_fc": 0.7797442954825999, "beta_rec": 0.4167239623706961, "cue_position": 4.0}, "datetime": {"elapsed": 4700.766919, "delta": 36.309345, "datetime": "2021-04-07 12:33:41"}}
{"target": 7.459111111111111, "params": {"enc_rate": 1.0, "k": 3.0, "beta_enc": 0.34195283630245243, "gamma_fc": 0.6884973179489188, "beta_rec": 0.14459772083809674, "cue_position": 4.0}, "datetime": {"elapsed": 4737.030703, "delta": 36.263784, "datetime": "2021-04-07 12:34:17"}}
{"target": 6.827333333333334, "params": {"enc_rate": 1.0, "k": 3.0, "beta_enc": 0.6923601216234089, "gamma_fc": 0.3553079116201222, "beta_rec": 0.22729754091594956, "cue_position": 4.0}, "datetime": {"elapsed": 4772.704505, "delta": 35.673802, "datetime": "2021-04-07 12:34:53"}}
{"target": 7.007555555555555, "params": {"enc_rate": 1.0, "k": 3.0, "beta_enc": 0.6316466268659396, "gamma_fc": 0.16994071421725776, "beta_rec": 0.7073166026816995, "cue_position": 4.0}, "datetime": {"elapsed": 4807.570582, "delta": 34.866077, "datetime": "2021-04-07 12:35:28"}}
{"target": 7.215333333333334, "params": {"enc_rate": 1.0, "k": 3.0, "beta_enc": 0.5141750435258828, "gamma_fc": 0.42893233402990294, "beta_rec": 0.8753327263545391, "cue_position": 4.0}, "datetime": {"elapsed": 4843.210562, "delta": 35.63998, "datetime": "2021-04-07 12:36:03"}}
{"target": 7.566222222222223, "params": {"enc_rate": 1.0, "k": 3.0, "beta_enc": 0.16151077048601192, "gamma_fc": 0.8003322457764017, "beta_rec": 0.34244064113481054, "cue_position": 4.0}, "datetime": {"elapsed": 4880.058494, "delta": 36.847932, "datetime": "2021-04-07 12:36:40"}}
{"target": 6.9448888888888884, "params": {"enc_rate": 1.0, "k": 3.0, "beta_enc": 0.6070154607890389, "gamma_fc": 0.8596509535692011, "beta_rec": 0.14546561026621996, "cue_position": 4.0}, "datetime": {"elapsed": 4914.90788, "delta": 34.849386, "datetime": "2021-04-07 12:37:15"}}
{"target": 6.8071111111111104, "params": {"enc_rate": 1.0, "k": 3.0, "beta_enc": 0.633474012622421, "gamma_fc": 0.9482991740726651, "beta_rec": 0.12475130006917923, "cue_position": 4.0}, "datetime": {"elapsed": 4949.161958, "delta": 34.254078, "datetime": "2021-04-07 12:37:49"}}
{"target": 7.524666666666667, "params": {"enc_rate": 1.0, "k": 3.0, "beta_enc": 0.15172487103197363, "gamma_fc": 0.42803746946827015, "beta_rec": 0.639126848719905, "cue_position": 4.0}, "datetime": {"elapsed": 4985.437945, "delta": 36.275987, "datetime": "2021-04-07 12:38:26"}}
{"target": 6.664, "params": {"enc_rate": 1.0, "k": 3.0, "beta_enc": 0.8499698885159654, "gamma_fc": 0.06473998344154885, "beta_rec": 0.7511210403719374, "cue_position": 4.0}, "datetime": {"elapsed": 5019.301081, "delta": 33.863136, "datetime": "2021-04-07 12:38:59"}}
{"target": 7.536222222222223, "params": {"enc_rate": 1.0, "k": 3.0, "beta_enc": 0.05299454266798953, "gamma_fc": 0.6236704109977018, "beta_rec": 0.19949554613856135, "cue_position": 4.0}, "datetime": {"elapsed": 5055.63051, "delta": 36.329429, "datetime": "2021-04-07 12:39:36"}}
{"target": 7.500444444444445, "params": {"enc_rate": 1.0, "k": 3.0, "beta_enc": 0.28462388100694214, "gamma_fc": 0.3785805932506022, "beta_rec": 0.06103668111967109, "cue_position": 4.0}, "datetime": {"elapsed": 5091.926852, "delta": 36.296342, "datetime": "2021-04-07 12:40:12"}}
{"target": 6.571555555555555, "params": {"enc_rate": 1.0, "k": 3.0, "beta_enc": 0.7470048290299451, "gamma_fc": 0.5256694443509794, "beta_rec": 0.34037929076546725, "cue_position": 4.0}, "datetime": {"elapsed": 5125.535363, "delta": 33.608511, "datetime": "2021-04-07 12:40:46"}}
{"target": 6.985555555555555, "params": {"enc_rate": 1.0, "k": 3.0, "beta_enc": 0.6442320198790318, "gamma_fc": 0.3824674572709176, "beta_rec": 0.3506565024321674, "cue_position": 4.0}, "datetime": {"elapsed": 5160.325871, "delta": 34.790508, "datetime": "2021-04-07 12:41:20"}}
{"target": 3.318, "params": {"enc_rate": 1.0, "k": 3.0, "beta_enc": 0.9794833541798064, "gamma_fc": 0.8891310891074828, "beta_rec": 0.36437807036823044, "cue_position": 4.0}, "datetime": {"elapsed": 5183.892554, "delta": 23.566683, "datetime": "2021-04-07 12:41:44"}}
{"target": 7.473111111111111, "params": {"enc_rate": 1.0, "k": 3.0, "beta_enc": 0.24551868018650747, "gamma_fc": 0.5564069156709253, "beta_rec": 0.9110192396569683, "cue_position": 4.0}, "datetime": {"elapsed": 5220.148054, "delta": 36.2555, "datetime": "2021-04-07 12:42:20"}}
{"target": 2.3506666666666667, "params": {"enc_rate": 1.0, "k": 3.0, "beta_enc": 0.9950523223391111, "gamma_fc": 0.5711757391862334, "beta_rec": 0.05836264614763165, "cue_position": 4.0}, "datetime": {"elapsed": 5240.501642, "delta": 20.353588, "datetime": "2021-04-07 12:42:41"}}
{"target": 6.857777777777777, "params": {"enc_rate": 1.0, "k": 3.0, "beta_enc": 0.6309592003395305, "gamma_fc": 0.7084608700517172, "beta_rec": 0.9809236757505815, "cue_position": 4.0}, "datetime": {"elapsed": 5274.955547, "delta": 34.453905, "datetime": "2021-04-07 12:43:15"}}
{"target": 7.234666666666667, "params": {"enc_rate": 1.0, "k": 3.0, "beta_enc": 0.4948430841825636, "gamma_fc": 0.14222125307278666, "beta_rec": 0.5285334901775651, "cue_position": 4.0}, "datetime": {"elapsed": 5316.965309, "delta": 42.009762, "datetime": "2021-04-07 12:43:57"}}
{"target": 7.278222222222223, "params": {"enc_rate": 1.0, "k": 3.0, "beta_enc": 0.4770129944022632, "gamma_fc": 0.4090908319168599, "beta_rec": 0.44887883670676554, "cue_position": 4.0}, "datetime": {"elapsed": 5352.652918, "delta": 35.687609, "datetime": "2021-04-07 12:44:33"}}
{"target": 7.5088888888888885, "params": {"enc_rate": 1.0, "k": 3.0, "beta_enc": 0.07201203516976995, "gamma_fc": 0.5035095098483965, "beta_rec": 0.4181361337253158, "cue_position": 4.0}, "datetime": {"elapsed": 5389.032512, "delta": 36.379594, "datetime": "2021-04-07 12:45:09"}}
{"target": 7.535333333333332, "params": {"enc_rate": 1.0, "k": 3.0, "beta_enc": 0.10938291419358459, "gamma_fc": 0.14360699787420927, "beta_rec": 0.673041054216622, "cue_position": 4.0}, "datetime": {"elapsed": 5425.531155, "delta": 36.498643, "datetime": "2021-04-07 12:45:46"}}
