{"target": 7.25, "params": {"cue_position": 8.0, "beta_enc": 0.8460545992364693, "gamma_cf": 0.5781739184085382, "gamma_fc": 0.3987155436290084, "beta_rec": 0.9275809425975434}, "datetime": {"elapsed": 114.3451, "datetime": "2020-06-14 09:45:49", "delta": 0.336122}}
{"target": 6.5, "params": {"cue_position": 8.0, "beta_enc": 0.966612492642142, "gamma_cf": 0.3110130678848415, "gamma_fc": 0.548489089666104, "beta_rec": 0.15407917183235742}, "datetime": {"elapsed": 114.669199, "datetime": "2020-06-14 09:45:49", "delta": 0.324099}}
{"target": 7.625, "params": {"cue_position": 8.0, "beta_enc": 0.6820662584328149, "gamma_cf": 0.508482013429616, "gamma_fc": 0.7918638755846716, "beta_rec": 0.23646965132615538}, "datetime": {"elapsed": 115.020509, "datetime": "2020-06-14 09:45:49", "delta": 0.35131}}
{"target": 7.625, "params": {"cue_position": 8.0, "beta_enc": 0.6924144621670756, "gamma_cf": 0.47973756704915504, "gamma_fc": 0.9466766792396476, "beta_rec": 0.11897333717301484}, "datetime": {"elapsed": 115.36988, "datetime": "2020-06-14 09:45:50", "delta": 0.349371}}
{"target": 8.5, "params": {"cue_position": 8.0, "beta_enc": 0.5534337062482657, "gamma_cf": 0.8542379729163827, "gamma_fc": 0.7059273667647191, "beta_rec": 0.08480182166035288}, "datetime": {"elapsed": 115.740394, "datetime": "2020-06-14 09:45:50", "delta": 0.370514}}
{"target": 5.875, "params": {"cue_position": 8.0, "beta_enc": 0.8949395201529242, "gamma_cf": 0.6503981324841198, "gamma_fc": 0.5942908535866644, "beta_rec": 0.32914600179429976}, "datetime": {"elapsed": 116.050639, "datetime": "2020-06-14 09:45:50", "delta": 0.310245}}
{"target": 9.375, "params": {"cue_position": 8.0, "beta_enc": 0.2314629355342478, "gamma_cf": 0.8456149622311454, "gamma_fc": 0.9866774449680826, "beta_rec": 0.4268213494482356}, "datetime": {"elapsed": 116.439683, "datetime": "2020-06-14 09:45:51", "delta": 0.389044}}
{"target": 7.75, "params": {"cue_position": 8.0, "beta_enc": 0.06657080313237929, "gamma_cf": 0.6254353783114329, "gamma_fc": 0.258129649281871, "beta_rec": 0.7139280322669613}, "datetime": {"elapsed": 116.789614, "datetime": "2020-06-14 09:45:51", "delta": 0.349931}}
{"target": 8.0, "params": {"cue_position": 8.0, "beta_enc": 0.6510076093084951, "gamma_cf": 0.9117631736977988, "gamma_fc": 0.9424988742262075, "beta_rec": 0.37114718446272954}, "datetime": {"elapsed": 117.146919, "datetime": "2020-06-14 09:45:51", "delta": 0.357305}}
{"target": 7.5, "params": {"cue_position": 8.0, "beta_enc": 0.6135500265601355, "gamma_cf": 0.7504535467233241, "gamma_fc": 0.7510898073228061, "beta_rec": 0.21446778083069262}, "datetime": {"elapsed": 117.495791, "datetime": "2020-06-14 09:45:52", "delta": 0.348872}}
{"target": 9.25, "params": {"cue_position": 8.0, "beta_enc": 0.2117213348484862, "gamma_cf": 0.6316207452501602, "gamma_fc": 0.7107395698995863, "beta_rec": 0.8301565261622993}, "datetime": {"elapsed": 117.87769, "datetime": "2020-06-14 09:45:52", "delta": 0.381899}}
{"target": 8.0, "params": {"cue_position": 8.0, "beta_enc": 0.7423834297071017, "gamma_cf": 0.9029359021217099, "gamma_fc": 0.5874200192375769, "beta_rec": 0.39026470459958096}, "datetime": {"elapsed": 118.231614, "datetime": "2020-06-14 09:45:52", "delta": 0.353924}}
{"target": 8.75, "params": {"cue_position": 8.0, "beta_enc": 0.09040971569479861, "gamma_cf": 0.17272746332288003, "gamma_fc": 0.12643089028968502, "beta_rec": 0.12897598414227607}, "datetime": {"elapsed": 118.601921, "datetime": "2020-06-14 09:45:53", "delta": 0.370307}}
{"target": 6.375, "params": {"cue_position": 8.0, "beta_enc": 0.7783008900676276, "gamma_cf": 0.8790664013584655, "gamma_fc": 0.9735188608362936, "beta_rec": 0.039411512184444275}, "datetime": {"elapsed": 118.920222, "datetime": "2020-06-14 09:45:53", "delta": 0.318301}}
{"target": 9.875, "params": {"cue_position": 8.0, "beta_enc": 0.6054220077270481, "gamma_cf": 0.9485727683760076, "gamma_fc": 0.31129608245616713, "beta_rec": 0.9762382645603884}, "datetime": {"elapsed": 119.314177, "datetime": "2020-06-14 09:45:53", "delta": 0.393955}}
{"target": 6.875, "params": {"cue_position": 8.0, "beta_enc": 0.798972840361593, "gamma_cf": 0.45855081090250105, "gamma_fc": 0.9306443921654484, "beta_rec": 0.8106291034469015}, "datetime": {"elapsed": 119.642361, "datetime": "2020-06-14 09:45:54", "delta": 0.328184}}
{"target": 9.625, "params": {"cue_position": 8.0, "beta_enc": 0.2578929844270399, "gamma_cf": 0.9854449149448306, "gamma_fc": 0.03264386596259239, "beta_rec": 0.9344454925295846}, "datetime": {"elapsed": 120.031491, "datetime": "2020-06-14 09:45:54", "delta": 0.38913}}
{"target": 7.0, "params": {"cue_position": 8.0, "beta_enc": 0.7251666588327084, "gamma_cf": 0.259218125650737, "gamma_fc": 0.3268306848663751, "beta_rec": 0.5655542353803811}, "datetime": {"elapsed": 120.363032, "datetime": "2020-06-14 09:45:55", "delta": 0.331541}}
{"target": 9.0, "params": {"cue_position": 8.0, "beta_enc": 0.24946220670138775, "gamma_cf": 0.5023950058982584, "gamma_fc": 0.08318988869699773, "beta_rec": 0.21926791032506077}, "datetime": {"elapsed": 120.738804, "datetime": "2020-06-14 09:45:55", "delta": 0.375772}}
{"target": 6.875, "params": {"cue_position": 8.0, "beta_enc": 0.7769841920273803, "gamma_cf": 0.5153936931431213, "gamma_fc": 0.39994592398513173, "beta_rec": 0.5336490760837309}, "datetime": {"elapsed": 121.067844, "datetime": "2020-06-14 09:45:55", "delta": 0.32904}}
{"target": 2.5, "params": {"cue_position": 8.0, "beta_enc": 0.986246782436295, "gamma_cf": 0.930854967759968, "gamma_fc": 0.39091871150145807, "beta_rec": 0.02824262016291268}, "datetime": {"elapsed": 121.300199, "datetime": "2020-06-14 09:45:55", "delta": 0.232355}}
{"target": 9.625, "params": {"cue_position": 8.0, "beta_enc": 0.2144648711333198, "gamma_cf": 0.8032081943280084, "gamma_fc": 0.2539338558777352, "beta_rec": 0.619213297933239}, "datetime": {"elapsed": 121.690785, "datetime": "2020-06-14 09:45:56", "delta": 0.390586}}
{"target": 8.0, "params": {"cue_position": 8.0, "beta_enc": 0.2908061550326779, "gamma_cf": 0.5353808917305217, "gamma_fc": 0.8628389805786156, "beta_rec": 0.915915790009957}, "datetime": {"elapsed": 122.047838, "datetime": "2020-06-14 09:45:56", "delta": 0.357053}}
{"target": 6.875, "params": {"cue_position": 8.0, "beta_enc": 0.3525325688050618, "gamma_cf": 0.29481201179849537, "gamma_fc": 0.04157423394916726, "beta_rec": 0.9978842782249023}, "datetime": {"elapsed": 122.377857, "datetime": "2020-06-14 09:45:57", "delta": 0.330019}}
{"target": 5.625, "params": {"cue_position": 8.0, "beta_enc": 0.9897069537867418, "gamma_cf": 0.6408076240458747, "gamma_fc": 0.7230933996660097, "beta_rec": 0.4648876309118224}, "datetime": {"elapsed": 122.686362, "datetime": "2020-06-14 09:45:57", "delta": 0.308505}}
{"target": 8.25, "params": {"cue_position": 8.0, "beta_enc": 0.05111090382611627, "gamma_cf": 0.5519950271541971, "gamma_fc": 0.963915888684551, "beta_rec": 0.9200454054097137}, "datetime": {"elapsed": 123.048636, "datetime": "2020-06-14 09:45:57", "delta": 0.362274}}
{"target": 8.625, "params": {"cue_position": 8.0, "beta_enc": 0.28095553699036746, "gamma_cf": 0.6280232317552282, "gamma_fc": 0.3006322885237481, "beta_rec": 0.6021466271365452}, "datetime": {"elapsed": 123.418893, "datetime": "2020-06-14 09:45:58", "delta": 0.370257}}
{"target": 7.125, "params": {"cue_position": 8.0, "beta_enc": 0.8193583846560202, "gamma_cf": 0.049396384633314305, "gamma_fc": 0.15045502836766345, "beta_rec": 0.06978597850420853}, "datetime": {"elapsed": 123.762285, "datetime": "2020-06-14 09:45:58", "delta": 0.343392}}
{"target": 9.375, "params": {"cue_position": 8.0, "beta_enc": 0.39535047379469035, "gamma_cf": 0.6475529858164272, "gamma_fc": 0.5276215084563493, "beta_rec": 0.9553899892571747}, "datetime": {"elapsed": 124.145858, "datetime": "2020-06-14 09:45:58", "delta": 0.383573}}
{"target": 8.375, "params": {"cue_position": 8.0, "beta_enc": 0.353242405983059, "gamma_cf": 0.043821509727146934, "gamma_fc": 0.7131639731598145, "beta_rec": 0.19819922932019185}, "datetime": {"elapsed": 124.513359, "datetime": "2020-06-14 09:45:59", "delta": 0.367501}}
{"target": 8.125, "params": {"cue_position": 8.0, "beta_enc": 0.6538401991962549, "gamma_cf": 0.10997597244532042, "gamma_fc": 0.9387191733689311, "beta_rec": 0.4437697927247224}, "datetime": {"elapsed": 124.871027, "datetime": "2020-06-14 09:45:59", "delta": 0.357668}}
{"target": 8.125, "params": {"cue_position": 8.0, "beta_enc": 0.8476267092393875, "gamma_cf": 0.41656672901474745, "gamma_fc": 0.48215392215746744, "beta_rec": 0.6590356596658833}, "datetime": {"elapsed": 125.230987, "datetime": "2020-06-14 09:45:59", "delta": 0.35996}}
{"target": 7.75, "params": {"cue_position": 8.0, "beta_enc": 0.9352837700068006, "gamma_cf": 0.554518498278167, "gamma_fc": 0.8754038622793218, "beta_rec": 0.8635929549181026}, "datetime": {"elapsed": 125.58034, "datetime": "2020-06-14 09:46:00", "delta": 0.349353}}
{"target": 8.125, "params": {"cue_position": 8.0, "beta_enc": 0.9492644337722901, "gamma_cf": 0.35162490636044264, "gamma_fc": 0.91802831908618, "beta_rec": 0.639184755868246}, "datetime": {"elapsed": 125.9421, "datetime": "2020-06-14 09:46:00", "delta": 0.36176}}
{"target": 7.125, "params": {"cue_position": 8.0, "beta_enc": 0.8367520498538312, "gamma_cf": 0.8498718814403323, "gamma_fc": 0.8084113566061418, "beta_rec": 0.5520558812247628}, "datetime": {"elapsed": 126.279506, "datetime": "2020-06-14 09:46:00", "delta": 0.337406}}
{"target": 7.75, "params": {"cue_position": 8.0, "beta_enc": 0.13069282439738805, "gamma_cf": 0.7708318305538303, "gamma_fc": 0.4207131990251918, "beta_rec": 0.5360025748218121}, "datetime": {"elapsed": 126.627888, "datetime": "2020-06-14 09:46:01", "delta": 0.348382}}
{"target": 4.375, "params": {"cue_position": 8.0, "beta_enc": 0.9778803933599658, "gamma_cf": 0.954200507429589, "gamma_fc": 0.8087153481852897, "beta_rec": 0.25077315667300226}, "datetime": {"elapsed": 126.902978, "datetime": "2020-06-14 09:46:01", "delta": 0.27509}}
{"target": 7.0, "params": {"cue_position": 8.0, "beta_enc": 0.9003400045106619, "gamma_cf": 0.2355219566098693, "gamma_fc": 0.2959350518874113, "beta_rec": 0.011589589409895185}, "datetime": {"elapsed": 127.238207, "datetime": "2020-06-14 09:46:01", "delta": 0.335229}}
{"target": 6.625, "params": {"cue_position": 8.0, "beta_enc": 0.7379954964038409, "gamma_cf": 0.3652744612070937, "gamma_fc": 0.5846916130045258, "beta_rec": 0.7240848448640741}, "datetime": {"elapsed": 127.567416, "datetime": "2020-06-14 09:46:02", "delta": 0.329209}}
{"target": 5.25, "params": {"cue_position": 8.0, "beta_enc": 0.5337077546342763, "gamma_cf": 0.39564827226754884, "gamma_fc": 0.7717184824154584, "beta_rec": 0.550579559007862}, "datetime": {"elapsed": 127.861896, "datetime": "2020-06-14 09:46:02", "delta": 0.29448}}
{"target": 8.75, "params": {"cue_position": 8.0, "beta_enc": 0.2512031833493866, "gamma_cf": 0.0035547604644260433, "gamma_fc": 0.7233610443943062, "beta_rec": 0.655760767903366}, "datetime": {"elapsed": 128.236614, "datetime": "2020-06-14 09:46:02", "delta": 0.374718}}
{"target": 8.875, "params": {"cue_position": 8.0, "beta_enc": 0.10899503392964371, "gamma_cf": 0.24294712577080113, "gamma_fc": 0.9138438752466082, "beta_rec": 0.5437874916638252}, "datetime": {"elapsed": 128.613242, "datetime": "2020-06-14 09:46:03", "delta": 0.376628}}
{"target": 6.75, "params": {"cue_position": 8.0, "beta_enc": 0.6223125286916178, "gamma_cf": 0.10550707999733477, "gamma_fc": 0.5552253185313445, "beta_rec": 0.23169469139485988}, "datetime": {"elapsed": 128.944605, "datetime": "2020-06-14 09:46:03", "delta": 0.331363}}
{"target": 5.875, "params": {"cue_position": 8.0, "beta_enc": 0.0949560698024915, "gamma_cf": 0.6494668079547463, "gamma_fc": 0.71582695285818, "beta_rec": 0.5809840726750195}, "datetime": {"elapsed": 129.253319, "datetime": "2020-06-14 09:46:03", "delta": 0.308714}}
{"target": 7.125, "params": {"cue_position": 8.0, "beta_enc": 0.5241856145686612, "gamma_cf": 0.8075122716430321, "gamma_fc": 0.6196819920538628, "beta_rec": 0.6575214077031101}, "datetime": {"elapsed": 129.59324, "datetime": "2020-06-14 09:46:04", "delta": 0.339921}}
{"target": 8.625, "params": {"cue_position": 8.0, "beta_enc": 0.45110246212077487, "gamma_cf": 0.7029317321143713, "gamma_fc": 0.18493502237340165, "beta_rec": 0.40794998904736746}, "datetime": {"elapsed": 129.96657, "datetime": "2020-06-14 09:46:04", "delta": 0.37333}}
{"target": 7.75, "params": {"cue_position": 8.0, "beta_enc": 0.5657321466292633, "gamma_cf": 0.8455176755307064, "gamma_fc": 0.8202024663153499, "beta_rec": 0.9088080323000569}, "datetime": {"elapsed": 130.316205, "datetime": "2020-06-14 09:46:04", "delta": 0.349635}}
{"target": 8.75, "params": {"cue_position": 8.0, "beta_enc": 0.4993411012978345, "gamma_cf": 0.9226386946886712, "gamma_fc": 0.04415479603186245, "beta_rec": 0.0375838514857032}, "datetime": {"elapsed": 130.685952, "datetime": "2020-06-14 09:46:05", "delta": 0.369747}}
{"target": 9.25, "params": {"cue_position": 8.0, "beta_enc": 0.3724987664053595, "gamma_cf": 0.9810797572402973, "gamma_fc": 0.15597523304342242, "beta_rec": 0.6190396347254709}, "datetime": {"elapsed": 131.067601, "datetime": "2020-06-14 09:46:05", "delta": 0.381649}}
{"target": 6.0, "params": {"cue_position": 8.0, "beta_enc": 0.5396791951612744, "gamma_cf": 0.4663089892093414, "gamma_fc": 0.49100852913292925, "beta_rec": 0.6180113243466446}, "datetime": {"elapsed": 131.37625, "datetime": "2020-06-14 09:46:06", "delta": 0.308649}}
{"target": 7.875, "params": {"cue_position": 8.0, "beta_enc": 0.766862376326542, "gamma_cf": 0.6669425431939752, "gamma_fc": 0.45337742652219837, "beta_rec": 0.6342807527738734}, "datetime": {"elapsed": 131.728442, "datetime": "2020-06-14 09:46:06", "delta": 0.352192}}
{"target": 8.375, "params": {"cue_position": 8.0, "beta_enc": 0.5257115913414097, "gamma_cf": 0.7880495511723071, "gamma_fc": 0.6028653375383973, "beta_rec": 0.6585680415583619}, "datetime": {"elapsed": 132.092337, "datetime": "2020-06-14 09:46:06", "delta": 0.363895}}
{"target": 4.375, "params": {"cue_position": 8.0, "beta_enc": 0.9803328851373277, "gamma_cf": 0.8956418025994466, "gamma_fc": 0.6014334096987881, "beta_rec": 0.22238319353117575}, "datetime": {"elapsed": 132.367804, "datetime": "2020-06-14 09:46:07", "delta": 0.275467}}
{"target": 9.25, "params": {"cue_position": 8.0, "beta_enc": 0.725958845848815, "gamma_cf": 0.9460550298475632, "gamma_fc": 0.20018606573932207, "beta_rec": 0.41367016420136027}, "datetime": {"elapsed": 132.74733, "datetime": "2020-06-14 09:46:07", "delta": 0.379526}}
{"target": 7.625, "params": {"cue_position": 8.0, "beta_enc": 0.8073652638773204, "gamma_cf": 0.21520958659442757, "gamma_fc": 0.11737692031312974, "beta_rec": 0.9695380120998964}, "datetime": {"elapsed": 133.091118, "datetime": "2020-06-14 09:46:07", "delta": 0.343788}}
{"target": 8.5, "params": {"cue_position": 8.0, "beta_enc": 0.7674235177414532, "gamma_cf": 0.38961201587930516, "gamma_fc": 0.9052027659330404, "beta_rec": 0.08121658594273329}, "datetime": {"elapsed": 133.455488, "datetime": "2020-06-14 09:46:08", "delta": 0.36437}}
{"target": 8.0, "params": {"cue_position": 8.0, "beta_enc": 0.18857760349946784, "gamma_cf": 0.5952697806732562, "gamma_fc": 0.4621580966913571, "beta_rec": 0.44087219982229087}, "datetime": {"elapsed": 133.811327, "datetime": "2020-06-14 09:46:08", "delta": 0.355839}}
{"target": 6.625, "params": {"cue_position": 8.0, "beta_enc": 0.5126497467571176, "gamma_cf": 0.1935589577238105, "gamma_fc": 0.11396576145918635, "beta_rec": 0.5738855268923474}, "datetime": {"elapsed": 134.13552, "datetime": "2020-06-14 09:46:08", "delta": 0.324193}}
{"target": 7.375, "params": {"cue_position": 8.0, "beta_enc": 0.151227927370148, "gamma_cf": 0.8477210140360106, "gamma_fc": 0.35911933892411074, "beta_rec": 0.0524909638531339}, "datetime": {"elapsed": 134.478375, "datetime": "2020-06-14 09:46:09", "delta": 0.342855}}
{"target": 7.0, "params": {"cue_position": 8.0, "beta_enc": 0.07531087263581782, "gamma_cf": 0.4254034655756376, "gamma_fc": 0.81072123360737, "beta_rec": 0.42572441198511624}, "datetime": {"elapsed": 134.811862, "datetime": "2020-06-14 09:46:09", "delta": 0.333487}}
{"target": 5.25, "params": {"cue_position": 8.0, "beta_enc": 0.9418862461867052, "gamma_cf": 0.4702989247821753, "gamma_fc": 0.6826980429032513, "beta_rec": 0.8699107732683544}, "datetime": {"elapsed": 135.104388, "datetime": "2020-06-14 09:46:09", "delta": 0.292526}}
{"target": 9.125, "params": {"cue_position": 8.0, "beta_enc": 0.013418310556529534, "gamma_cf": 0.9062603959616818, "gamma_fc": 0.8071099016661061, "beta_rec": 0.9824781185020439}, "datetime": {"elapsed": 135.481073, "datetime": "2020-06-14 09:46:10", "delta": 0.376685}}
{"target": 8.5, "params": {"cue_position": 8.0, "beta_enc": 0.8001396843869877, "gamma_cf": 0.42880069291408873, "gamma_fc": 0.8493711007306549, "beta_rec": 0.2689360577850649}, "datetime": {"elapsed": 135.846465, "datetime": "2020-06-14 09:46:10", "delta": 0.365392}}
{"target": 7.125, "params": {"cue_position": 8.0, "beta_enc": 0.45037964247172024, "gamma_cf": 0.6193921656967597, "gamma_fc": 0.9806990363557802, "beta_rec": 0.9354201140070618}, "datetime": {"elapsed": 136.178981, "datetime": "2020-06-14 09:46:10", "delta": 0.332516}}
{"target": 9.25, "params": {"cue_position": 8.0, "beta_enc": 0.6434625222408049, "gamma_cf": 0.3347513437136638, "gamma_fc": 0.5321815485216747, "beta_rec": 0.04549821604060378}, "datetime": {"elapsed": 136.559027, "datetime": "2020-06-14 09:46:11", "delta": 0.380046}}
{"target": 8.0, "params": {"cue_position": 8.0, "beta_enc": 0.2847462086131314, "gamma_cf": 0.6813597548913063, "gamma_fc": 0.8671392999990885, "beta_rec": 0.1222612302300028}, "datetime": {"elapsed": 136.912124, "datetime": "2020-06-14 09:46:11", "delta": 0.353097}}
{"target": 8.125, "params": {"cue_position": 8.0, "beta_enc": 0.13238149356273743, "gamma_cf": 0.6465499357511519, "gamma_fc": 0.20492214578063384, "beta_rec": 0.798620308278031}, "datetime": {"elapsed": 137.272186, "datetime": "2020-06-14 09:46:11", "delta": 0.360062}}
{"target": 8.125, "params": {"cue_position": 8.0, "beta_enc": 0.2614207144058379, "gamma_cf": 0.477437955592217, "gamma_fc": 0.4674598920453694, "beta_rec": 0.41849681753917567}, "datetime": {"elapsed": 137.631469, "datetime": "2020-06-14 09:46:12", "delta": 0.359283}}
{"target": 5.875, "params": {"cue_position": 8.0, "beta_enc": 0.8398407101976674, "gamma_cf": 0.8778014186346996, "gamma_fc": 0.5710087619370731, "beta_rec": 0.8701023653075677}, "datetime": {"elapsed": 137.942393, "datetime": "2020-06-14 09:46:12", "delta": 0.310924}}
{"target": 6.625, "params": {"cue_position": 8.0, "beta_enc": 0.9640361333390818, "gamma_cf": 0.31929773707461884, "gamma_fc": 0.681204184117019, "beta_rec": 0.6065443482504677}, "datetime": {"elapsed": 138.274746, "datetime": "2020-06-14 09:46:12", "delta": 0.332353}}
{"target": 9.25, "params": {"cue_position": 8.0, "beta_enc": 0.051965688505360985, "gamma_cf": 0.6552012872247357, "gamma_fc": 0.1753325917713383, "beta_rec": 0.13454642101194225}, "datetime": {"elapsed": 138.665147, "datetime": "2020-06-14 09:46:13", "delta": 0.390401}}
{"target": 9.25, "params": {"cue_position": 8.0, "beta_enc": 0.3411468232515472, "gamma_cf": 0.9642243248492941, "gamma_fc": 0.5091394025163677, "beta_rec": 0.04431165583310459}, "datetime": {"elapsed": 139.056174, "datetime": "2020-06-14 09:46:13", "delta": 0.391027}}
{"target": 9.25, "params": {"cue_position": 8.0, "beta_enc": 0.15107451847143194, "gamma_cf": 0.865686014006334, "gamma_fc": 0.39206586893038686, "beta_rec": 0.5230085317344643}, "datetime": {"elapsed": 139.448693, "datetime": "2020-06-14 09:46:14", "delta": 0.392519}}
{"target": 8.25, "params": {"cue_position": 8.0, "beta_enc": 0.28386751597340265, "gamma_cf": 0.2542323546573524, "gamma_fc": 0.08408635417992949, "beta_rec": 0.7617298626927418}, "datetime": {"elapsed": 139.817577, "datetime": "2020-06-14 09:46:14", "delta": 0.368884}}
{"target": 6.875, "params": {"cue_position": 8.0, "beta_enc": 0.8641440947640269, "gamma_cf": 0.7367109576935199, "gamma_fc": 0.7964888671311956, "beta_rec": 0.44789891562027984}, "datetime": {"elapsed": 140.151004, "datetime": "2020-06-14 09:46:14", "delta": 0.333427}}
{"target": 9.125, "params": {"cue_position": 8.0, "beta_enc": 0.44750813899031383, "gamma_cf": 0.030997959828255817, "gamma_fc": 0.9467282696079524, "beta_rec": 0.18412755617579835}, "datetime": {"elapsed": 140.532953, "datetime": "2020-06-14 09:46:15", "delta": 0.381949}}
{"target": 9.375, "params": {"cue_position": 8.0, "beta_enc": 0.5769778464775016, "gamma_cf": 0.2516595841523237, "gamma_fc": 0.2961299234959044, "beta_rec": 0.875388738450687}, "datetime": {"elapsed": 140.919242, "datetime": "2020-06-14 09:46:15", "delta": 0.386289}}
{"target": 8.625, "params": {"cue_position": 8.0, "beta_enc": 0.5329225590316532, "gamma_cf": 0.509898378143109, "gamma_fc": 0.3437881034368444, "beta_rec": 0.9620782128470935}, "datetime": {"elapsed": 141.296922, "datetime": "2020-06-14 09:46:15", "delta": 0.37768}}
{"target": 8.125, "params": {"cue_position": 8.0, "beta_enc": 0.7697253449571857, "gamma_cf": 0.20412249999433585, "gamma_fc": 0.06708946032885532, "beta_rec": 0.802866486432424}, "datetime": {"elapsed": 141.661053, "datetime": "2020-06-14 09:46:16", "delta": 0.364131}}
{"target": 7.875, "params": {"cue_position": 8.0, "beta_enc": 0.1986482644205615, "gamma_cf": 0.8730834972744356, "gamma_fc": 0.1282309388454863, "beta_rec": 0.2724008501293822}, "datetime": {"elapsed": 142.01812, "datetime": "2020-06-14 09:46:16", "delta": 0.357067}}
{"target": 4.25, "params": {"cue_position": 8.0, "beta_enc": 0.958188741714896, "gamma_cf": 0.9828807859209906, "gamma_fc": 0.41610077261814205, "beta_rec": 0.6831708438541465}, "datetime": {"elapsed": 142.293233, "datetime": "2020-06-14 09:46:16", "delta": 0.275113}}
