{"target": 5.4975555555555555, "params": {"primacy": 0.9, "gamma_fc": 0.7827494147841719, "beta_enc": 0.7965886780072875, "beta_rec": 0.44614623200345727}, "datetime": {"delta": 42.742845, "datetime": "2020-10-03 18:11:00", "elapsed": 3449.126147}}
{"target": 7.425777777777777, "params": {"primacy": 0.9, "gamma_fc": 0.9013084363492738, "beta_enc": 0.30024833953390007, "beta_rec": 0.14300582825809938}, "datetime": {"delta": 52.154205, "datetime": "2020-10-03 18:11:52", "elapsed": 3501.280352}}
{"target": 2.3128888888888888, "params": {"primacy": 0.9, "gamma_fc": 0.9939130246104789, "beta_enc": 0.9747403708550822, "beta_rec": 0.6366044000018972}, "datetime": {"delta": 29.331553, "datetime": "2020-10-03 18:12:22", "elapsed": 3530.611905}}
{"target": 6.8420000000000005, "params": {"primacy": 0.9, "gamma_fc": 0.3557051709838811, "beta_enc": 0.5264259339055213, "beta_rec": 0.1354279030721699}, "datetime": {"delta": 45.877618, "datetime": "2020-10-03 18:13:07", "elapsed": 3576.489523}}
{"target": 7.450666666666666, "params": {"primacy": 0.9, "gamma_fc": 0.03039968992878883, "beta_enc": 0.1603951795196491, "beta_rec": 0.7456371927074961}, "datetime": {"delta": 40.761999, "datetime": "2020-10-03 18:13:48", "elapsed": 3617.251522}}
{"target": 5.719111111111111, "params": {"primacy": 0.9, "gamma_fc": 0.6909421420661686, "beta_enc": 0.8623462528380441, "beta_rec": 0.6926777175073543}, "datetime": {"delta": 32.329967, "datetime": "2020-10-03 18:14:21", "elapsed": 3649.581489}}
{"target": 7.286, "params": {"primacy": 0.9, "gamma_fc": 0.9897517076637052, "beta_enc": 0.44190428074842336, "beta_rec": 0.5815774073442912}, "datetime": {"delta": 43.47237, "datetime": "2020-10-03 18:15:04", "elapsed": 3693.053859}}
{"target": 7.479333333333334, "params": {"primacy": 0.9, "gamma_fc": 0.7501724132979928, "beta_enc": 0.24773290176235485, "beta_rec": 0.26217308377291193}, "datetime": {"delta": 48.802913, "datetime": "2020-10-03 18:15:53", "elapsed": 3741.856772}}
{"target": 7.534000000000001, "params": {"primacy": 0.9, "gamma_fc": 0.21196016464367595, "beta_enc": 0.05692943841109499, "beta_rec": 0.5085162406102396}, "datetime": {"delta": 52.687008, "datetime": "2020-10-03 18:16:45", "elapsed": 3794.54378}}
{"target": 7.337111111111111, "params": {"primacy": 0.9, "gamma_fc": 0.593432449464621, "beta_enc": 0.29733138150727223, "beta_rec": 0.02760601195450363}, "datetime": {"delta": 51.823567, "datetime": "2020-10-03 18:17:37", "elapsed": 3846.367347}}
{"target": 7.463555555555556, "params": {"primacy": 0.9, "gamma_fc": 0.5111414782971282, "beta_enc": 0.3810161240622142, "beta_rec": 0.7498583107261434}, "datetime": {"delta": 43.492068, "datetime": "2020-10-03 18:18:21", "elapsed": 3889.859415}}
{"target": 7.816888888888888, "params": {"primacy": 0.9, "gamma_fc": 0.03232306662357398, "beta_enc": 0.9594343210617524, "beta_rec": 0.8039608914986468}, "datetime": {"delta": 39.005876, "datetime": "2020-10-03 18:19:00", "elapsed": 3928.865291}}
{"target": 7.268000000000001, "params": {"primacy": 0.9, "gamma_fc": 0.2214327343234883, "beta_enc": 0.46500148156350607, "beta_rec": 0.9475489413950998}, "datetime": {"delta": 51.344751, "datetime": "2020-10-03 18:19:51", "elapsed": 3980.210042}}
{"target": 7.560222222222222, "params": {"primacy": 0.9, "gamma_fc": 0.10901876401906829, "beta_enc": 0.081473964877262, "beta_rec": 0.42861882866378653}, "datetime": {"delta": 43.120383, "datetime": "2020-10-03 18:20:34", "elapsed": 4023.330425}}
{"target": 6.126222222222222, "params": {"primacy": 0.9, "gamma_fc": 0.7662113810757705, "beta_enc": 0.8029632373737379, "beta_rec": 0.6968004961201785}, "datetime": {"delta": 39.807995, "datetime": "2020-10-03 18:21:14", "elapsed": 4063.13842}}
{"target": 4.813333333333334, "params": {"primacy": 0.9, "gamma_fc": 0.8240098704123188, "beta_enc": 0.8458514830276777, "beta_rec": 0.42876877499944255}, "datetime": {"delta": 40.323298, "datetime": "2020-10-03 18:21:54", "elapsed": 4103.461718}}
{"target": 7.517777777777778, "params": {"primacy": 0.9, "gamma_fc": 0.01833264291300729, "beta_enc": 0.1434230486702449, "beta_rec": 0.07838689985494796}, "datetime": {"delta": 38.1729, "datetime": "2020-10-03 18:22:33", "elapsed": 4141.634618}}
{"target": 7.000444444444446, "params": {"primacy": 0.9, "gamma_fc": 0.027783348848669953, "beta_enc": 0.4585838137084318, "beta_rec": 0.11334192276759048}, "datetime": {"delta": 50.109095, "datetime": "2020-10-03 18:23:23", "elapsed": 4191.743713}}
{"target": 7.403111111111111, "params": {"primacy": 0.9, "gamma_fc": 0.45240482674645155, "beta_enc": 0.3948504804606394, "beta_rec": 0.7469384956075251}, "datetime": {"delta": 55.803066, "datetime": "2020-10-03 18:24:18", "elapsed": 4247.546779}}
{"target": 7.263333333333333, "params": {"primacy": 0.9, "gamma_fc": 0.8031633421141696, "beta_enc": 0.47807250671783097, "beta_rec": 0.47400392656219403}, "datetime": {"delta": 37.024943, "datetime": "2020-10-03 18:24:56", "elapsed": 4284.571722}}
{"target": 3.1855555555555553, "params": {"primacy": 0.9, "gamma_fc": 0.7738743427204187, "beta_enc": 0.904686160343623, "beta_rec": 0.037061047954035864}, "datetime": {"delta": 33.547465, "datetime": "2020-10-03 18:25:29", "elapsed": 4318.119187}}
{"target": 5.591555555555556, "params": {"primacy": 0.9, "gamma_fc": 0.538627282576347, "beta_enc": 0.6185135669120855, "beta_rec": 0.010364261335231939}, "datetime": {"delta": 38.936749, "datetime": "2020-10-03 18:26:08", "elapsed": 4357.055936}}
{"target": 4.113333333333334, "params": {"primacy": 0.9, "gamma_fc": 0.7959669419422694, "beta_enc": 0.9511937854902045, "beta_rec": 0.905402033702778}, "datetime": {"delta": 34.846421, "datetime": "2020-10-03 18:26:43", "elapsed": 4391.902357}}
{"target": 7.533111111111111, "params": {"primacy": 0.9, "gamma_fc": 0.187631672902434, "beta_enc": 0.14555823115839706, "beta_rec": 0.15773006987053328}, "datetime": {"delta": 52.548886, "datetime": "2020-10-03 18:27:35", "elapsed": 4444.451243}}
{"target": 6.022222222222222, "params": {"primacy": 0.9, "gamma_fc": 0.7111224587658159, "beta_enc": 0.9058094960083019, "beta_rec": 0.9899551783590737}, "datetime": {"delta": 46.069965, "datetime": "2020-10-03 18:28:21", "elapsed": 4490.521208}}
{"target": 5.081777777777778, "params": {"primacy": 0.9, "gamma_fc": 0.24985068022503676, "beta_enc": 0.9092932045442544, "beta_rec": 0.4008737323711209}, "datetime": {"delta": 40.459987, "datetime": "2020-10-03 18:29:02", "elapsed": 4530.981195}}
{"target": 7.5248888888888885, "params": {"primacy": 0.9, "gamma_fc": 0.14679237341724316, "beta_enc": 0.119457050333729, "beta_rec": 0.8126105880328287}, "datetime": {"delta": 37.697066, "datetime": "2020-10-03 18:29:40", "elapsed": 4568.678261}}
{"target": 4.627777777777778, "params": {"primacy": 0.9, "gamma_fc": 0.9824174492929428, "beta_enc": 0.8190891786335308, "beta_rec": 0.31058725179421}, "datetime": {"delta": 29.553295, "datetime": "2020-10-03 18:30:09", "elapsed": 4598.231556}}
{"target": 6.900222222222221, "params": {"primacy": 0.9, "gamma_fc": 0.9107728311738374, "beta_enc": 0.5336533449712114, "beta_rec": 0.31446701118584963}, "datetime": {"delta": 36.646924, "datetime": "2020-10-03 18:30:46", "elapsed": 4634.87848}}
{"target": 7.305333333333333, "params": {"primacy": 0.9, "gamma_fc": 0.9388864773697133, "beta_enc": 0.43359232727316455, "beta_rec": 0.5122926922783614}, "datetime": {"delta": 38.263451, "datetime": "2020-10-03 18:31:24", "elapsed": 4673.141931}}
{"target": 8.030888888888889, "params": {"primacy": 0.9, "gamma_fc": 0.027287223517468817, "beta_enc": 0.7168786636316892, "beta_rec": 0.8910189542923389}, "datetime": {"delta": 38.99559, "datetime": "2020-10-03 18:32:03", "elapsed": 4712.137521}}
{"target": 7.472888888888889, "params": {"primacy": 0.9, "gamma_fc": 0.5585165509225178, "beta_enc": 0.3259898117700253, "beta_rec": 0.8594893208655858}, "datetime": {"delta": 37.212137, "datetime": "2020-10-03 18:32:40", "elapsed": 4749.349658}}
{"target": 7.476444444444445, "params": {"primacy": 0.9, "gamma_fc": 0.2900968516874258, "beta_enc": 0.45285349995153745, "beta_rec": 0.6283090375213571}, "datetime": {"delta": 36.819786, "datetime": "2020-10-03 18:33:17", "elapsed": 4786.169444}}
{"target": 7.086, "params": {"primacy": 0.9, "gamma_fc": 0.5172675985011298, "beta_enc": 0.5767559349870908, "beta_rec": 0.3114442141324628}, "datetime": {"delta": 42.587251, "datetime": "2020-10-03 18:34:00", "elapsed": 4828.756695}}
{"target": 7.386666666666666, "params": {"primacy": 0.9, "gamma_fc": 0.37129376127905445, "beta_enc": 0.426474788501396, "beta_rec": 0.2473960366023854}, "datetime": {"delta": 37.737367, "datetime": "2020-10-03 18:34:37", "elapsed": 4866.494062}}
{"target": 3.6662222222222227, "params": {"primacy": 0.9, "gamma_fc": 0.9202065143056605, "beta_enc": 0.9368683813090937, "beta_rec": 0.8443299485657132}, "datetime": {"delta": 24.902437, "datetime": "2020-10-03 18:35:02", "elapsed": 4891.396499}}
{"target": 7.545555555555555, "params": {"primacy": 0.9, "gamma_fc": 0.31437661611405043, "beta_enc": 0.08748220955359087, "beta_rec": 0.22730973628468876}, "datetime": {"delta": 38.245564, "datetime": "2020-10-03 18:35:41", "elapsed": 4929.642063}}
{"target": 6.7971111111111115, "params": {"primacy": 0.9, "gamma_fc": 0.8163515118272141, "beta_enc": 0.6070941619724605, "beta_rec": 0.41358641500116133}, "datetime": {"delta": 35.15107, "datetime": "2020-10-03 18:36:16", "elapsed": 4964.793133}}
{"target": 6.032222222222222, "params": {"primacy": 0.9, "gamma_fc": 0.5742190888408597, "beta_enc": 0.7018765297563104, "beta_rec": 0.24035562484913886}, "datetime": {"delta": 32.90848, "datetime": "2020-10-03 18:36:49", "elapsed": 4997.701613}}
{"target": 7.533111111111111, "params": {"primacy": 0.9, "gamma_fc": 0.6641025553547935, "beta_enc": 0.05696439948283272, "beta_rec": 0.22881367096037586}, "datetime": {"delta": 37.968514, "datetime": "2020-10-03 18:37:27", "elapsed": 5035.670127}}
{"target": 6.904000000000001, "params": {"primacy": 0.9, "gamma_fc": 0.5707158515462564, "beta_enc": 0.5190159840736788, "beta_rec": 0.1747201501089225}, "datetime": {"delta": 36.375213, "datetime": "2020-10-03 18:38:03", "elapsed": 5072.04534}}
{"target": 5.147555555555556, "params": {"primacy": 0.9, "gamma_fc": 0.9759890683309049, "beta_enc": 0.8168351087916219, "beta_rec": 0.5943726238309778}, "datetime": {"delta": 30.773608, "datetime": "2020-10-03 18:38:34", "elapsed": 5102.818948}}
{"target": 5.873555555555555, "params": {"primacy": 0.9, "gamma_fc": 0.09357709581748075, "beta_enc": 0.5956079336026455, "beta_rec": 0.032426325314457105}, "datetime": {"delta": 32.199684, "datetime": "2020-10-03 18:39:06", "elapsed": 5135.018632}}
{"target": 7.1706666666666665, "params": {"primacy": 0.9, "gamma_fc": 0.9753500342702865, "beta_enc": 0.4517331486914753, "beta_rec": 0.37543483316785775}, "datetime": {"delta": 36.647071, "datetime": "2020-10-03 18:39:43", "elapsed": 5171.665703}}
{"target": 3.1862222222222223, "params": {"primacy": 0.9, "gamma_fc": 0.8242378396244978, "beta_enc": 0.9727875919326552, "beta_rec": 0.7674748688630131}, "datetime": {"delta": 24.093744, "datetime": "2020-10-03 18:40:07", "elapsed": 5195.759447}}
{"target": 7.441333333333333, "params": {"primacy": 0.9, "gamma_fc": 0.013136356923072245, "beta_enc": 0.668732770206732, "beta_rec": 0.47688233352119336}, "datetime": {"delta": 46.698502, "datetime": "2020-10-03 18:40:53", "elapsed": 5242.457949}}
{"target": 7.3455555555555545, "params": {"primacy": 0.9, "gamma_fc": 0.4686283427461092, "beta_enc": 0.49207180149355845, "beta_rec": 0.7300912110901043}, "datetime": {"delta": 38.073305, "datetime": "2020-10-03 18:41:31", "elapsed": 5280.531254}}
{"target": 7.530222222222221, "params": {"primacy": 0.9, "gamma_fc": 0.7582782604769962, "beta_enc": 0.13766274094560316, "beta_rec": 0.01088873380347899}, "datetime": {"delta": 38.577933, "datetime": "2020-10-03 18:42:10", "elapsed": 5319.109187}}
{"target": 3.2064444444444447, "params": {"primacy": 0.9, "gamma_fc": 0.33870802548167966, "beta_enc": 0.9843834501935107, "beta_rec": 0.220234226159156}, "datetime": {"delta": 24.355128, "datetime": "2020-10-03 18:42:34", "elapsed": 5343.464315}}
{"target": 6.905111111111111, "params": {"primacy": 0.9, "gamma_fc": 0.12482254311167629, "beta_enc": 0.7548914570605327, "beta_rec": 0.46385778390029564}, "datetime": {"delta": 35.822705, "datetime": "2020-10-03 18:43:10", "elapsed": 5379.28702}}
{"target": 7.3422222222222215, "params": {"primacy": 0.9, "gamma_fc": 0.7701499563120922, "beta_enc": 0.5045191697009946, "beta_rec": 0.6738490080168676}, "datetime": {"delta": 38.116038, "datetime": "2020-10-03 18:43:48", "elapsed": 5417.403058}}
{"target": 7.543777777777777, "params": {"primacy": 0.9, "gamma_fc": 0.8099887106624163, "beta_enc": 0.022915131322381765, "beta_rec": 0.5190823222119895}, "datetime": {"delta": 38.650643, "datetime": "2020-10-03 18:44:27", "elapsed": 5456.053701}}
{"target": 7.4911111111111115, "params": {"primacy": 0.9, "gamma_fc": 0.44924675358663757, "beta_enc": 0.6724698446537339, "beta_rec": 0.6868082266569918}, "datetime": {"delta": 38.53026, "datetime": "2020-10-03 18:45:06", "elapsed": 5494.583961}}
{"target": 5.315111111111111, "params": {"primacy": 0.9, "gamma_fc": 0.4844284455143756, "beta_enc": 0.6443610847569929, "beta_rec": 0.005239837651465851}, "datetime": {"delta": 31.174043, "datetime": "2020-10-03 18:45:37", "elapsed": 5525.758004}}
{"target": 6.063777777777778, "params": {"primacy": 0.9, "gamma_fc": 0.6736984238986317, "beta_enc": 0.8303995700373394, "beta_rec": 0.6491541971124779}, "datetime": {"delta": 34.126685, "datetime": "2020-10-03 18:46:11", "elapsed": 5559.884689}}
{"target": 7.508, "params": {"primacy": 0.9, "gamma_fc": 0.6717297848174203, "beta_enc": 0.27411977516685215, "beta_rec": 0.5605299905360588}, "datetime": {"delta": 38.495252, "datetime": "2020-10-03 18:46:49", "elapsed": 5598.379941}}
{"target": 4.2315555555555555, "params": {"primacy": 0.9, "gamma_fc": 0.7473208103319232, "beta_enc": 0.8558283672539277, "beta_rec": 0.1950374860087073}, "datetime": {"delta": 27.679579, "datetime": "2020-10-03 18:47:17", "elapsed": 5626.05952}}
{"target": 5.622222222222223, "params": {"primacy": 0.9, "gamma_fc": 0.8076984091122095, "beta_enc": 0.773799287244182, "beta_rec": 0.4277373293360762}, "datetime": {"delta": 42.159643, "datetime": "2020-10-03 18:47:59", "elapsed": 5668.219163}}
{"target": 7.48711111111111, "params": {"primacy": 0.9, "gamma_fc": 0.3086419476306511, "beta_enc": 0.21369323762958115, "beta_rec": 0.7672845084217665}, "datetime": {"delta": 39.5513, "datetime": "2020-10-03 18:48:39", "elapsed": 5707.770463}}
{"target": 5.837333333333334, "params": {"primacy": 0.9, "gamma_fc": 0.21411213682064845, "beta_enc": 0.7444731530777321, "beta_rec": 0.22139670090820107}, "datetime": {"delta": 33.179563, "datetime": "2020-10-03 18:49:12", "elapsed": 5740.950026}}
{"target": 7.539555555555556, "params": {"primacy": 0.9, "gamma_fc": 0.026627884691621473, "beta_enc": 0.14251833776584466, "beta_rec": 0.3770825992073341}, "datetime": {"delta": 38.632949, "datetime": "2020-10-03 18:49:51", "elapsed": 5779.582975}}
{"target": 7.92, "params": {"primacy": 0.9, "gamma_fc": 0.0805295271283859, "beta_enc": 0.6745640237634105, "beta_rec": 0.7997765368973863}, "datetime": {"delta": 38.854401, "datetime": "2020-10-03 18:50:29", "elapsed": 5818.437376}}
{"target": 7.498444444444445, "params": {"primacy": 0.9, "gamma_fc": 0.7113145181364867, "beta_enc": 0.20762566180381437, "beta_rec": 0.9173335630816306}, "datetime": {"delta": 52.901769, "datetime": "2020-10-03 18:51:22", "elapsed": 5871.339145}}
{"target": 7.445777777777778, "params": {"primacy": 0.9, "gamma_fc": 0.43530595762951996, "beta_enc": 0.30451798792062024, "beta_rec": 0.8348540476317985}, "datetime": {"delta": 39.283133, "datetime": "2020-10-03 18:52:02", "elapsed": 5910.622278}}
{"target": 7.240444444444445, "params": {"primacy": 0.9, "gamma_fc": 0.1262101037493587, "beta_enc": 0.7060518043359332, "beta_rec": 0.47803130796528337}, "datetime": {"delta": 37.548185, "datetime": "2020-10-03 18:52:39", "elapsed": 5948.170463}}
{"target": 7.549333333333334, "params": {"primacy": 0.9, "gamma_fc": 0.43118175516037094, "beta_enc": 0.15983365034409336, "beta_rec": 0.2026021252196626}, "datetime": {"delta": 38.680606, "datetime": "2020-10-03 18:53:18", "elapsed": 5986.851069}}
{"target": 7.535777777777779, "params": {"primacy": 0.9, "gamma_fc": 0.18874506687718595, "beta_enc": 0.14675148076429412, "beta_rec": 0.7293189193611234}, "datetime": {"delta": 38.69655, "datetime": "2020-10-03 18:53:56", "elapsed": 6025.547619}}
{"target": 5.4477777777777785, "params": {"primacy": 0.9, "gamma_fc": 0.60095424810764, "beta_enc": 0.7543059505762987, "beta_rec": 0.21073239208332073}, "datetime": {"delta": 31.504341, "datetime": "2020-10-03 18:54:28", "elapsed": 6057.05196}}
{"target": 7.556222222222222, "params": {"primacy": 0.9, "gamma_fc": 0.29548228565549706, "beta_enc": 0.6382187106203334, "beta_rec": 0.5971273029466491}, "datetime": {"delta": 43.352081, "datetime": "2020-10-03 18:55:11", "elapsed": 6100.404041}}
{"target": 3.483777777777777, "params": {"primacy": 0.9, "gamma_fc": 0.7821818168314053, "beta_enc": 0.9453084399999497, "beta_rec": 0.42556139026154693}, "datetime": {"delta": 26.954775, "datetime": "2020-10-03 18:55:38", "elapsed": 6127.358816}}
{"target": 4.802222222222222, "params": {"primacy": 0.9, "gamma_fc": 0.3950968688899732, "beta_enc": 0.8352716024899659, "beta_rec": 0.1922500168221477}, "datetime": {"delta": 29.47183, "datetime": "2020-10-03 18:56:08", "elapsed": 6156.830646}}
{"target": 7.513333333333333, "params": {"primacy": 0.9, "gamma_fc": 0.37015417755373825, "beta_enc": 0.08010364380604929, "beta_rec": 0.9046310029362429}, "datetime": {"delta": 37.126104, "datetime": "2020-10-03 18:56:45", "elapsed": 6193.95675}}
{"target": 6.92, "params": {"primacy": 0.9, "gamma_fc": 0.20645405888943302, "beta_enc": 0.49411626589632507, "beta_rec": 0.13216114194293815}, "datetime": {"delta": 36.738585, "datetime": "2020-10-03 18:57:22", "elapsed": 6230.695335}}
{"target": 7.287333333333334, "params": {"primacy": 0.9, "gamma_fc": 0.3570616088827919, "beta_enc": 0.5079216999452875, "beta_rec": 0.2615495518329871}, "datetime": {"delta": 36.953603, "datetime": "2020-10-03 18:57:59", "elapsed": 6267.648938}}
{"target": 4.450222222222222, "params": {"primacy": 0.9, "gamma_fc": 0.9857088237131878, "beta_enc": 0.7875518396525072, "beta_rec": 0.1065838767888011}, "datetime": {"delta": 29.270845, "datetime": "2020-10-03 18:58:28", "elapsed": 6296.919783}}
{"target": 6.125333333333333, "params": {"primacy": 0.9, "gamma_fc": 0.7871162896558341, "beta_enc": 0.5724051124346493, "beta_rec": 0.044845334589088126}, "datetime": {"delta": 33.458316, "datetime": "2020-10-03 18:59:01", "elapsed": 6330.378099}}
{"target": 7.511555555555556, "params": {"primacy": 0.9, "gamma_fc": 0.14993148491725594, "beta_enc": 0.5279039784081266, "beta_rec": 0.7400775431590716}, "datetime": {"delta": 38.512342, "datetime": "2020-10-03 18:59:40", "elapsed": 6368.890441}}
{"target": 7.537777777777777, "params": {"primacy": 0.9, "gamma_fc": 0.7229151935562137, "beta_enc": 0.2166172083287794, "beta_rec": 0.7591960493171447}, "datetime": {"delta": 38.618107, "datetime": "2020-10-03 19:00:18", "elapsed": 6407.508548}}
{"target": 3.4675555555555553, "params": {"primacy": 0.9, "gamma_fc": 0.8602369974231152, "beta_enc": 0.8619665576670734, "beta_rec": 0.019775099516344263}, "datetime": {"delta": 25.191231, "datetime": "2020-10-03 19:00:44", "elapsed": 6432.699779}}
{"target": 7.42311111111111, "params": {"primacy": 0.9, "gamma_fc": 0.7169290016924699, "beta_enc": 0.4032204721058492, "beta_rec": 0.7587469310223366}, "datetime": {"delta": 37.62156, "datetime": "2020-10-03 19:01:21", "elapsed": 6470.321339}}
{"target": 7.31711111111111, "params": {"primacy": 0.9, "gamma_fc": 0.9339026083148878, "beta_enc": 0.2780850486129828, "beta_rec": 0.0037936724093425855}, "datetime": {"delta": 37.918669, "datetime": "2020-10-03 19:01:59", "elapsed": 6508.240008}}
{"target": 6.458444444444444, "params": {"primacy": 0.9, "gamma_fc": 0.706956245248761, "beta_enc": 0.7288508775192559, "beta_rec": 0.5166887829215384}, "datetime": {"delta": 34.905064, "datetime": "2020-10-03 19:02:34", "elapsed": 6543.145072}}
{"target": 7.407111111111112, "params": {"primacy": 0.9, "gamma_fc": 0.7506243191751754, "beta_enc": 0.3748759435368594, "beta_rec": 0.7703225253299576}, "datetime": {"delta": 36.102363, "datetime": "2020-10-03 19:03:10", "elapsed": 6579.247435}}
{"target": 7.43288888888889, "params": {"primacy": 0.9, "gamma_fc": 0.0031128578251921057, "beta_enc": 0.4018659239678374, "beta_rec": 0.6973080192643409}, "datetime": {"delta": 36.903069, "datetime": "2020-10-03 19:03:47", "elapsed": 6616.150504}}
{"target": 4.531555555555555, "params": {"primacy": 0.9, "gamma_fc": 0.12076718430922972, "beta_enc": 0.896416602456847, "beta_rec": 0.23931570743750463}, "datetime": {"delta": 27.143611, "datetime": "2020-10-03 19:04:14", "elapsed": 6643.294115}}
{"target": 7.439333333333333, "params": {"primacy": 0.9, "gamma_fc": 0.5431664302380945, "beta_enc": 0.3020967312900983, "beta_rec": 0.8830285085638342}, "datetime": {"delta": 36.769864, "datetime": "2020-10-03 19:04:51", "elapsed": 6680.063979}}
{"target": 7.518444444444445, "params": {"primacy": 0.9, "gamma_fc": 0.6138710897412526, "beta_enc": 0.13835468979294652, "beta_rec": 0.29014446310454167}, "datetime": {"delta": 36.460656, "datetime": "2020-10-03 19:05:27", "elapsed": 6716.524635}}
{"target": 7.305777777777777, "params": {"primacy": 0.9, "gamma_fc": 0.8281353607315121, "beta_enc": 0.45736018169099846, "beta_rec": 0.44411710701661444}, "datetime": {"delta": 35.940767, "datetime": "2020-10-03 19:06:03", "elapsed": 6752.465402}}
{"target": 7.445777777777778, "params": {"primacy": 0.9, "gamma_fc": 0.22148205573352875, "beta_enc": 0.3456988211755023, "beta_rec": 0.6749716048091052}, "datetime": {"delta": 36.817205, "datetime": "2020-10-03 19:06:40", "elapsed": 6789.282607}}
