{"target": -9508.26835540607, "params": {"epsilon_d": 6.527312009009547, "gamma_cf": 0.4907401164444133, "beta_rec": 0.5533439494595207, "lr": 0.14517329292009562, "phi_s": 1.435258581030907, "beta_enc": 0.9591120175192023, "s_cf": 0.12782166160638486, "k_intra": 6.05250785507062, "phi_d": 1.0705735453653202, "gamma_fc": 0.6466499816717906}, "datetime": {"delta": 9.704067, "datetime": "2020-09-13 13:47:08", "elapsed": 2439.978618}}
{"target": -9969.360166318447, "params": {"epsilon_d": 8.47502602270402, "gamma_cf": 0.34147408002129864, "beta_rec": 0.22814163429292222, "lr": 0.6830640476222469, "phi_s": 0.6241147194486703, "beta_enc": 0.3630733236044982, "s_cf": 0.6943069389237286, "k_intra": 4.081814028522822, "phi_d": 0.290303796988132, "gamma_fc": 0.2267893206662649}, "datetime": {"delta": 9.731723, "datetime": "2020-09-13 13:47:18", "elapsed": 2449.710341}}
{"target": -11694.969220442117, "params": {"epsilon_d": 8.791985605365955, "gamma_cf": 0.16880019007759361, "beta_rec": 0.6177542796100679, "lr": 0.1507396591030582, "phi_s": 1.6853852590633323, "beta_enc": 0.7522566048040932, "s_cf": 0.3441193369759975, "k_intra": 9.172601590800086, "phi_d": 0.8069155344489254, "gamma_fc": 0.7035477322014285}, "datetime": {"delta": 9.744257, "datetime": "2020-09-13 13:47:28", "elapsed": 2459.454598}}
{"target": -13303.70219156696, "params": {"epsilon_d": 1.6076414232345981, "gamma_cf": 0.7162383064796215, "beta_rec": 0.05756761842510749, "lr": 0.9010669934228137, "phi_s": 0.5231938624076501, "beta_enc": 0.6906390807823941, "s_cf": 0.07226475681487265, "k_intra": 9.295503765123406, "phi_d": 0.4704556103204205, "gamma_fc": 0.9706186984339439}, "datetime": {"delta": 9.751718, "datetime": "2020-09-13 13:47:37", "elapsed": 2469.206316}}
{"target": -10984.474691054798, "params": {"epsilon_d": 5.317919000668885, "gamma_cf": 0.7817152853959399, "beta_rec": 0.8824861729023715, "lr": 0.18742477072535146, "phi_s": 1.3223239302414846, "beta_enc": 0.5425402331447909, "s_cf": 0.5551044300084385, "k_intra": 8.63111260166335, "phi_d": 0.2588159655929174, "gamma_fc": 0.18845378691126158}, "datetime": {"delta": 9.74545, "datetime": "2020-09-13 13:47:47", "elapsed": 2478.951766}}
{"target": -9711.821335834482, "params": {"epsilon_d": 2.7391809322955494, "gamma_cf": 0.10510706908204948, "beta_rec": 0.09175383344119148, "lr": 0.5133003494679066, "phi_s": 2.791861252925293, "beta_enc": 0.9707420095213946, "s_cf": 0.7899477963830404, "k_intra": 2.890110831877697, "phi_d": 1.1099443770771662, "gamma_fc": 0.3904396367376164}, "datetime": {"delta": 9.734251, "datetime": "2020-09-13 13:47:57", "elapsed": 2488.686017}}
{"target": -9487.696482444066, "params": {"epsilon_d": 5.750701669887139, "gamma_cf": 0.21478253588485874, "beta_rec": 0.12950094594289585, "lr": 0.10574421513005217, "phi_s": 1.2660723276702612, "beta_enc": 0.8610113686139755, "s_cf": 0.2772200829786826, "k_intra": 0.15019421753424078, "phi_d": 1.1905655190872153, "gamma_fc": 0.868238571440889}, "datetime": {"delta": 9.70421, "datetime": "2020-09-13 13:48:06", "elapsed": 2498.390227}}
{"target": -9172.066969915804, "params": {"epsilon_d": 3.179447538473339, "gamma_cf": 0.9507928340777205, "beta_rec": 0.11873040511259358, "lr": 0.25818866400748397, "phi_s": 0.14655140658448002, "beta_enc": 0.09606299875993918, "s_cf": 0.15270593118117648, "k_intra": 7.472803210592225, "phi_d": 0.20799674127127596, "gamma_fc": 0.20740656481932396}, "datetime": {"delta": 9.74263, "datetime": "2020-09-13 13:48:16", "elapsed": 2508.132857}}
{"target": -9815.91533537976, "params": {"epsilon_d": 7.288149319451539, "gamma_cf": 0.3523894424830367, "beta_rec": 0.7559010975378051, "lr": 0.8384029063789791, "phi_s": 0.11236855338061069, "beta_enc": 0.46208419299774217, "s_cf": 0.046930843226232644, "k_intra": 8.140737533756653, "phi_d": 1.027758431212158, "gamma_fc": 0.4791392787629136}, "datetime": {"delta": 9.707243, "datetime": "2020-09-13 13:48:26", "elapsed": 2517.8401}}
{"target": -9976.265292407887, "params": {"epsilon_d": 4.814858121866522, "gamma_cf": 0.1920312660311443, "beta_rec": 0.27263228107250803, "lr": 0.5271601757222614, "phi_s": 1.5847977689253765, "beta_enc": 0.7378073776039841, "s_cf": 0.0019636453825200295, "k_intra": 5.033776096365531, "phi_d": 0.935430805448689, "gamma_fc": 0.8471129160821944}, "datetime": {"delta": 9.728411, "datetime": "2020-09-13 13:48:36", "elapsed": 2527.568511}}
{"target": -9239.569363284847, "params": {"epsilon_d": 2.8395088628903595, "gamma_cf": 0.08595222757741783, "beta_rec": 0.34876298353843593, "lr": 0.9425984356081718, "phi_s": 1.821886189230786, "beta_enc": 0.27729504034321006, "s_cf": 0.2908599378104706, "k_intra": 7.884791333735151, "phi_d": 1.542140397138324, "gamma_fc": 0.5217812092340585}, "datetime": {"delta": 9.710884, "datetime": "2020-09-13 13:48:45", "elapsed": 2537.279395}}
{"target": -11205.724399174043, "params": {"epsilon_d": 7.3236077586955775, "gamma_cf": 0.7344694353499344, "beta_rec": 0.13187169072844107, "lr": 0.5941443278915395, "phi_s": 2.377569954619711, "beta_enc": 0.1491595089201888, "s_cf": 0.619992203320239, "k_intra": 4.135603797757918, "phi_d": 0.4633176439398313, "gamma_fc": 0.1793500166366352}, "datetime": {"delta": 9.725658, "datetime": "2020-09-13 13:48:55", "elapsed": 2547.005053}}
{"target": -10191.063224806874, "params": {"epsilon_d": 9.871830820663744, "gamma_cf": 0.5623944559571782, "beta_rec": 0.7012080919186323, "lr": 0.6544693512274343, "phi_s": 2.0260373653678183, "beta_enc": 0.6152216915084545, "s_cf": 0.3030806759430662, "k_intra": 4.187086750571659, "phi_d": 2.783257444790422, "gamma_fc": 0.864416261698348}, "datetime": {"delta": 9.735805, "datetime": "2020-09-13 13:49:05", "elapsed": 2556.740858}}
{"target": -9513.309962443229, "params": {"epsilon_d": 3.2236667513441954, "gamma_cf": 0.6102050587463702, "beta_rec": 0.35131832035819255, "lr": 0.9456342849863913, "phi_s": 0.6479915204128531, "beta_enc": 0.6199456938616299, "s_cf": 0.468838949642181, "k_intra": 4.867389357577533, "phi_d": 1.2133513017377602, "gamma_fc": 0.16032323198838705}, "datetime": {"delta": 9.746022, "datetime": "2020-09-13 13:49:15", "elapsed": 2566.48688}}
{"target": -10508.92768860717, "params": {"epsilon_d": 8.278032394592222, "gamma_cf": 0.011475512605813365, "beta_rec": 0.8426677225950326, "lr": 0.1196832771924865, "phi_s": 2.3910758367477873, "beta_enc": 0.8409078314535324, "s_cf": 0.12221391009385618, "k_intra": 9.998757875742625, "phi_d": 1.5212595386541365, "gamma_fc": 0.2670403099282952}, "datetime": {"delta": 9.739755, "datetime": "2020-09-13 13:49:24", "elapsed": 2576.226635}}
{"target": -9662.229726240763, "params": {"epsilon_d": 1.9428998208618675, "gamma_cf": 0.8786300265827204, "beta_rec": 0.4880804455213241, "lr": 0.7408268781979291, "phi_s": 1.9236405489318542, "beta_enc": 0.6624091806912479, "s_cf": 0.11896539662200445, "k_intra": 6.390528592947753, "phi_d": 1.7317513711203618, "gamma_fc": 0.18148739755773036}, "datetime": {"delta": 9.768455, "datetime": "2020-09-13 13:49:34", "elapsed": 2585.99509}}
{"target": -9294.816326386146, "params": {"epsilon_d": 3.9546371630751143, "gamma_cf": 0.6639460814328006, "beta_rec": 0.5869622072296792, "lr": 0.903272700870335, "phi_s": 2.8350605591119384, "beta_enc": 0.3080369870545313, "s_cf": 0.6173823130249652, "k_intra": 1.9022208931218354, "phi_d": 1.2112099662501705, "gamma_fc": 0.8519546448042983}, "datetime": {"delta": 9.752259, "datetime": "2020-09-13 13:49:44", "elapsed": 2595.747349}}
{"target": -9097.945470705245, "params": {"epsilon_d": 5.311446943933088, "gamma_cf": 0.3275938987659719, "beta_rec": 0.514775428373226, "lr": 0.21497648079167764, "phi_s": 0.8971718064932525, "beta_enc": 0.7900955211459, "s_cf": 0.18057605266685695, "k_intra": 3.838219118604237, "phi_d": 0.19530924205755806, "gamma_fc": 0.1293647072273555}, "datetime": {"delta": 9.739853, "datetime": "2020-09-13 13:49:54", "elapsed": 2605.487202}}
{"target": -9452.790621420376, "params": {"epsilon_d": 1.8389559908188324, "gamma_cf": 0.7040306955363342, "beta_rec": 0.08123656243140498, "lr": 0.021301131461381573, "phi_s": 2.0784398573744567, "beta_enc": 0.8755303150381228, "s_cf": 0.3106626960638559, "k_intra": 2.514584522319341, "phi_d": 2.8854629709897894, "gamma_fc": 0.9192258910202734}, "datetime": {"delta": 9.762202, "datetime": "2020-09-13 13:50:03", "elapsed": 2615.249404}}
{"target": -11033.412026156135, "params": {"epsilon_d": 3.7386857206534216, "gamma_cf": 0.874487796621177, "beta_rec": 0.5992558738787634, "lr": 0.3510655228482117, "phi_s": 1.4893916652546577, "beta_enc": 0.4723734422152398, "s_cf": 0.6423226386484714, "k_intra": 9.543407046242113, "phi_d": 2.817804857293165, "gamma_fc": 0.7261725883076274}, "datetime": {"delta": 9.728652, "datetime": "2020-09-13 13:50:13", "elapsed": 2624.978056}}
{"target": -10310.334268436909, "params": {"epsilon_d": 3.962593672826938, "gamma_cf": 0.44794597851477114, "beta_rec": 0.8093379690056801, "lr": 0.9408492093746439, "phi_s": 0.6188486754609551, "beta_enc": 0.7366472047548874, "s_cf": 0.2279194118127552, "k_intra": 7.175572030909549, "phi_d": 2.9408338271117396, "gamma_fc": 0.8172770261127507}, "datetime": {"delta": 9.705389, "datetime": "2020-09-13 13:50:23", "elapsed": 2634.683445}}
{"target": -9396.522501782776, "params": {"epsilon_d": 6.031795542325255, "gamma_cf": 0.8772997642215113, "beta_rec": 0.7473827346542434, "lr": 0.49464684810690895, "phi_s": 1.6817733590912327, "beta_enc": 0.7159864472790468, "s_cf": 0.6824780792979444, "k_intra": 3.394873942967924, "phi_d": 1.0135785580088459, "gamma_fc": 0.2519904621107385}, "datetime": {"delta": 9.72267, "datetime": "2020-09-13 13:50:33", "elapsed": 2644.406115}}
{"target": -9482.16004127468, "params": {"epsilon_d": 9.929813576374784, "gamma_cf": 0.3241613031812349, "beta_rec": 0.48533745396838057, "lr": 0.5033067835996623, "phi_s": 2.6818845789502994, "beta_enc": 0.22036690115369484, "s_cf": 0.4045143799803578, "k_intra": 8.173517292840133, "phi_d": 0.2530731827438545, "gamma_fc": 0.03536191949131395}, "datetime": {"delta": 9.714335, "datetime": "2020-09-13 13:50:42", "elapsed": 2654.12045}}
{"target": -11370.822650413338, "params": {"epsilon_d": 0.7683228477468085, "gamma_cf": 0.2453011441199927, "beta_rec": 0.40207817380056154, "lr": 0.18474815234928366, "phi_s": 2.6324117174663093, "beta_enc": 0.9292731821403969, "s_cf": 0.5337610913727832, "k_intra": 7.507282923552251, "phi_d": 1.3498235958050357, "gamma_fc": 0.3502605057072028}, "datetime": {"delta": 9.769503, "datetime": "2020-09-13 13:50:52", "elapsed": 2663.889953}}
{"target": -9829.548419286431, "params": {"epsilon_d": 7.058098011610486, "gamma_cf": 0.979127490958217, "beta_rec": 0.024522487054632225, "lr": 0.6754475156780199, "phi_s": 0.2160515784506667, "beta_enc": 0.10315471974905666, "s_cf": 0.264681631716854, "k_intra": 7.647261968454176, "phi_d": 2.4069578598661288, "gamma_fc": 0.7851652629523068}, "datetime": {"delta": 9.70019, "datetime": "2020-09-13 13:51:02", "elapsed": 2673.590143}}
{"target": -12416.504984001613, "params": {"epsilon_d": 6.746068718168242, "gamma_cf": 0.17627612798343162, "beta_rec": 0.8669883296077439, "lr": 0.08667876614010639, "phi_s": 0.8980597887705274, "beta_enc": 0.6953975359715524, "s_cf": 0.7384118706046068, "k_intra": 9.033787001108529, "phi_d": 0.6597001089653336, "gamma_fc": 0.9363084599456931}, "datetime": {"delta": 9.728143, "datetime": "2020-09-13 13:51:11", "elapsed": 2683.318286}}
{"target": -10308.487082068345, "params": {"epsilon_d": 1.9964557065166222, "gamma_cf": 0.41508988762136245, "beta_rec": 0.5783223874515512, "lr": 0.7645309404104735, "phi_s": 1.4153676251954301, "beta_enc": 0.859373328300857, "s_cf": 0.0978420783455699, "k_intra": 9.173961868584243, "phi_d": 1.5796201180376248, "gamma_fc": 0.13785920026410714}, "datetime": {"delta": 9.727483, "datetime": "2020-09-13 13:51:21", "elapsed": 2693.045769}}
{"target": -9864.994794090497, "params": {"epsilon_d": 7.823380633622601, "gamma_cf": 0.5448837066761946, "beta_rec": 0.12063279535739646, "lr": 0.2603981975157855, "phi_s": 1.2243448821660887, "beta_enc": 0.3186753563003273, "s_cf": 0.29754893237723723, "k_intra": 2.242028392559363, "phi_d": 0.9957309817171424, "gamma_fc": 0.22727738141515885}, "datetime": {"delta": 9.728979, "datetime": "2020-09-13 13:51:31", "elapsed": 2702.774748}}
{"target": -12566.893579717678, "params": {"epsilon_d": 3.2811031493136813, "gamma_cf": 0.7452918728580155, "beta_rec": 0.03507361930507891, "lr": 0.24082620957155398, "phi_s": 0.6519767046798484, "beta_enc": 0.6795558945331504, "s_cf": 0.8824975348586093, "k_intra": 8.027325501575511, "phi_d": 0.7754548583131119, "gamma_fc": 0.9428079850752847}, "datetime": {"delta": 9.74168, "datetime": "2020-09-13 13:51:41", "elapsed": 2712.516428}}
{"target": -9434.298106400825, "params": {"epsilon_d": 2.6104973140468655, "gamma_cf": 0.03308184340751563, "beta_rec": 0.7581806234131274, "lr": 0.08895911096105347, "phi_s": 2.8502593415481656, "beta_enc": 0.23785568724121986, "s_cf": 0.16294899858218448, "k_intra": 7.262018097952009, "phi_d": 1.0474336479958446, "gamma_fc": 0.7334477000687659}, "datetime": {"delta": 9.74323, "datetime": "2020-09-13 13:51:50", "elapsed": 2722.259658}}
{"target": -9743.010801167324, "params": {"epsilon_d": 9.309898653459719, "gamma_cf": 0.1337783077430914, "beta_rec": 0.5946038881116259, "lr": 0.17182975960682711, "phi_s": 2.674281078391202, "beta_enc": 0.08667247265291012, "s_cf": 0.035231270653359514, "k_intra": 6.839992141169576, "phi_d": 0.13265369112734948, "gamma_fc": 0.5130122936600178}, "datetime": {"delta": 9.738994, "datetime": "2020-09-13 13:52:00", "elapsed": 2731.998652}}
{"target": -9181.493262328722, "params": {"epsilon_d": 2.857829333557622, "gamma_cf": 0.009707596574816568, "beta_rec": 0.6516840317406685, "lr": 0.15151406185212313, "phi_s": 0.5784195769069622, "beta_enc": 0.25745828380767455, "s_cf": 0.7272354411432771, "k_intra": 3.0779227833471055, "phi_d": 2.9167216040244823, "gamma_fc": 0.5754518344649824}, "datetime": {"delta": 9.723763, "datetime": "2020-09-13 13:52:10", "elapsed": 2741.722415}}
{"target": -10427.604424551635, "params": {"epsilon_d": 1.842570671584468, "gamma_cf": 0.23680853369423926, "beta_rec": 0.8587151157269453, "lr": 0.8871211766573064, "phi_s": 0.41716620096987567, "beta_enc": 0.890724191493513, "s_cf": 0.17354264684250154, "k_intra": 9.314054672648544, "phi_d": 1.8268518900116744, "gamma_fc": 0.018362636502572416}, "datetime": {"delta": 9.766882, "datetime": "2020-09-13 13:52:20", "elapsed": 2751.489297}}
{"target": -9534.014389962358, "params": {"epsilon_d": 3.0017183323604844, "gamma_cf": 0.17098734894301837, "beta_rec": 0.25165697350014493, "lr": 0.5098739726284359, "phi_s": 2.9917025181640704, "beta_enc": 0.5769603709326084, "s_cf": 0.1295958172701398, "k_intra": 4.634211543904514, "phi_d": 1.5835816800277245, "gamma_fc": 0.18959171907276484}, "datetime": {"delta": 9.731736, "datetime": "2020-09-13 13:52:29", "elapsed": 2761.221033}}
{"target": -11046.231556214898, "params": {"epsilon_d": 5.848825987705206, "gamma_cf": 0.4627381802693252, "beta_rec": 0.7937567472248925, "lr": 0.050290936028703714, "phi_s": 0.12128568608556703, "beta_enc": 0.7561698883877354, "s_cf": 0.5731322046839419, "k_intra": 8.281802190731247, "phi_d": 2.8926528839547765, "gamma_fc": 0.8934266373502794}, "datetime": {"delta": 9.719898, "datetime": "2020-09-13 13:52:39", "elapsed": 2770.940931}}
{"target": -9250.132869615696, "params": {"epsilon_d": 3.847160679253756, "gamma_cf": 0.09104086904598219, "beta_rec": 0.8343796647905168, "lr": 0.36179576090716137, "phi_s": 2.619458721709558, "beta_enc": 0.5724308169270726, "s_cf": 0.15249674176120542, "k_intra": 0.24845860363731265, "phi_d": 2.9574187260474365, "gamma_fc": 0.5816872693689248}, "datetime": {"delta": 9.743869, "datetime": "2020-09-13 13:52:49", "elapsed": 2780.6848}}
{"target": -10685.50604085862, "params": {"epsilon_d": 9.282072191271759, "gamma_cf": 0.22438426604398454, "beta_rec": 0.8109969194215267, "lr": 0.6673337849981975, "phi_s": 1.9907298802351516, "beta_enc": 0.7988260890560822, "s_cf": 0.23851601279901302, "k_intra": 8.274440914110759, "phi_d": 1.8224148158129316, "gamma_fc": 0.49896747449996004}, "datetime": {"delta": 9.722891, "datetime": "2020-09-13 13:52:59", "elapsed": 2790.407691}}
{"target": -9299.526892236887, "params": {"epsilon_d": 3.2679182533087756, "gamma_cf": 0.3767568869201464, "beta_rec": 0.736257257446534, "lr": 0.20289890062284244, "phi_s": 1.2025991552118904, "beta_enc": 0.025540084875790736, "s_cf": 0.6317444085013915, "k_intra": 6.5716504236351705, "phi_d": 2.495491459751715, "gamma_fc": 0.6126160541495541}, "datetime": {"delta": 9.722619, "datetime": "2020-09-13 13:53:08", "elapsed": 2800.13031}}
{"target": -9103.579984372192, "params": {"epsilon_d": 3.5891114178885686, "gamma_cf": 0.6189701087401422, "beta_rec": 0.5647862352666362, "lr": 0.7322707347562686, "phi_s": 1.4898871043224096, "beta_enc": 0.9664114156523105, "s_cf": 0.08823015100009579, "k_intra": 4.523762477778516, "phi_d": 2.781079434953898, "gamma_fc": 0.5017931180631695}, "datetime": {"delta": 9.712171, "datetime": "2020-09-13 13:53:18", "elapsed": 2809.842481}}
{"target": -11542.006527081297, "params": {"epsilon_d": 0.39577911475369154, "gamma_cf": 0.7881402066436831, "beta_rec": 0.2449508551148344, "lr": 0.48820894308820484, "phi_s": 1.0106738051476007, "beta_enc": 0.5696535566840739, "s_cf": 0.04202476008611444, "k_intra": 7.770704929423839, "phi_d": 1.0220140841178345, "gamma_fc": 0.2727682366647881}, "datetime": {"delta": 9.733938, "datetime": "2020-09-13 13:53:28", "elapsed": 2819.576419}}
{"target": -10111.813982901687, "params": {"epsilon_d": 0.8389535249937796, "gamma_cf": 0.10855870560871761, "beta_rec": 0.8235515559967603, "lr": 0.6947459923366617, "phi_s": 0.20955554983782484, "beta_enc": 0.5343998369045507, "s_cf": 0.4145628796923949, "k_intra": 6.601418096235968, "phi_d": 1.0083429159259696, "gamma_fc": 0.5292559268677169}, "datetime": {"delta": 9.728017, "datetime": "2020-09-13 13:53:37", "elapsed": 2829.304436}}
{"target": -10801.17120977506, "params": {"epsilon_d": 6.857165722257365, "gamma_cf": 0.9520625390545332, "beta_rec": 0.0011148302524066622, "lr": 0.5537518126102953, "phi_s": 2.4054055316094773, "beta_enc": 0.22604417087529416, "s_cf": 0.6847567049785765, "k_intra": 3.002984293714631, "phi_d": 2.5707311483881563, "gamma_fc": 0.3911517605350282}, "datetime": {"delta": 9.737579, "datetime": "2020-09-13 13:53:47", "elapsed": 2839.042015}}
{"target": -9834.759359429205, "params": {"epsilon_d": 2.1602535125160705, "gamma_cf": 0.28394343784624676, "beta_rec": 0.6904340198543137, "lr": 0.19004950361668982, "phi_s": 0.11800977485249668, "beta_enc": 0.4321070912997065, "s_cf": 0.43156224528040166, "k_intra": 9.299801363463565, "phi_d": 0.9585835393128744, "gamma_fc": 0.7778206109003843}, "datetime": {"delta": 9.685918, "datetime": "2020-09-13 13:53:57", "elapsed": 2848.727933}}
{"target": -9569.539001648587, "params": {"epsilon_d": 7.095892156781084, "gamma_cf": 0.11877771439848506, "beta_rec": 0.6414247825536215, "lr": 0.3892387547409639, "phi_s": 2.8934005382496446, "beta_enc": 0.21029507175260098, "s_cf": 0.7590540122163353, "k_intra": 9.063350695803358, "phi_d": 1.6468701420714416, "gamma_fc": 0.08214400203193162}, "datetime": {"delta": 9.742278, "datetime": "2020-09-13 13:54:07", "elapsed": 2858.470211}}
{"target": -10294.536505170041, "params": {"epsilon_d": 5.36024016688411, "gamma_cf": 0.33612544293733115, "beta_rec": 0.08584930112029354, "lr": 0.38490912985398285, "phi_s": 2.291654281809068, "beta_enc": 0.3255402975989895, "s_cf": 0.9408474199010457, "k_intra": 7.711523332537787, "phi_d": 1.756831335170333, "gamma_fc": 0.021685404526101903}, "datetime": {"delta": 9.731505, "datetime": "2020-09-13 13:54:16", "elapsed": 2868.201716}}
{"target": -10260.717687946551, "params": {"epsilon_d": 1.1007650784701795, "gamma_cf": 0.07391888791127221, "beta_rec": 0.31539617878014314, "lr": 0.6951520647276903, "phi_s": 0.3401082219062076, "beta_enc": 0.6123223386846226, "s_cf": 0.3055106612860311, "k_intra": 6.60839138956005, "phi_d": 0.7023823161826642, "gamma_fc": 0.3196907738727295}, "datetime": {"delta": 9.733775, "datetime": "2020-09-13 13:54:26", "elapsed": 2877.935491}}
{"target": -9347.42577009271, "params": {"epsilon_d": 5.296573205700426, "gamma_cf": 0.28698375274707455, "beta_rec": 0.7546696744748647, "lr": 0.652692914334523, "phi_s": 1.9529486790684518, "beta_enc": 0.5475745598545727, "s_cf": 0.5656314689767339, "k_intra": 2.648366551761958, "phi_d": 2.5415042226975397, "gamma_fc": 0.6241797232639109}, "datetime": {"delta": 9.729881, "datetime": "2020-09-13 13:54:36", "elapsed": 2887.665372}}
{"target": -9982.574464355303, "params": {"epsilon_d": 9.888218847172997, "gamma_cf": 0.777479431209941, "beta_rec": 0.8767770399379612, "lr": 0.31492902239260356, "phi_s": 0.9464961409796507, "beta_enc": 0.3071421092708613, "s_cf": 0.4459528147489278, "k_intra": 1.4127933264100168, "phi_d": 1.1638920239144328, "gamma_fc": 0.5736438575704191}, "datetime": {"delta": 9.688113, "datetime": "2020-09-13 13:54:45", "elapsed": 2897.353485}}
{"target": -9695.87558209283, "params": {"epsilon_d": 2.4975975428670383, "gamma_cf": 0.11215048322109678, "beta_rec": 0.2129145905151636, "lr": 0.48980778471008823, "phi_s": 2.9452148328845182, "beta_enc": 0.6106325168676457, "s_cf": 0.4365627716811432, "k_intra": 4.974482785846432, "phi_d": 2.987173914354549, "gamma_fc": 0.3075885891748025}, "datetime": {"delta": 9.738382, "datetime": "2020-09-13 13:54:55", "elapsed": 2907.091867}}
{"target": -11440.74687205764, "params": {"epsilon_d": 5.411208861089534, "gamma_cf": 0.4534353144697316, "beta_rec": 0.21439790417581406, "lr": 0.21414692478074127, "phi_s": 0.5885832177746967, "beta_enc": 0.9720206217903173, "s_cf": 0.5290872104552504, "k_intra": 8.361762231353584, "phi_d": 1.3746633962506345, "gamma_fc": 0.9676088975125462}, "datetime": {"delta": 9.717767, "datetime": "2020-09-13 13:55:05", "elapsed": 2916.809634}}
