{"target": 9.654166666666667, "params": {"beta_rec": 0.9752223424373121, "gamma_cf": 0.9824909449748953, "cue_position": 4.0, "gamma_fc": 0.6363061258559836, "beta_enc": 0.4069219941293579}, "datetime": {"delta": 10.708581, "datetime": "2020-06-20 02:23:40", "elapsed": 1548.302651}}
{"target": 9.55, "params": {"beta_rec": 0.8574844990835966, "gamma_cf": 0.25203308013083936, "cue_position": 4.0, "gamma_fc": 0.7928556779768876, "beta_enc": 0.375091018393911}, "datetime": {"delta": 10.626675, "datetime": "2020-06-20 02:23:50", "elapsed": 1558.929326}}
{"target": 9.983333333333333, "params": {"beta_rec": 0.3575111673304414, "gamma_cf": 0.6973688756131394, "cue_position": 4.0, "gamma_fc": 0.26865012390622656, "beta_enc": 0.43293850873416306}, "datetime": {"delta": 10.949191, "datetime": "2020-06-20 02:24:01", "elapsed": 1569.878517}}
{"target": 7.570833333333334, "params": {"beta_rec": 0.2952887943998478, "gamma_cf": 0.4879214918052024, "cue_position": 4.0, "gamma_fc": 0.8553564125953698, "beta_enc": 0.8082780137053801}, "datetime": {"delta": 9.143914, "datetime": "2020-06-20 02:24:11", "elapsed": 1579.022431}}
{"target": 5.6, "params": {"beta_rec": 0.18438444236776674, "gamma_cf": 0.8982050460171371, "cue_position": 4.0, "gamma_fc": 0.4461172190344297, "beta_enc": 0.8883864343953859}, "datetime": {"delta": 7.671586, "datetime": "2020-06-20 02:24:18", "elapsed": 1586.694017}}
{"target": 6.1, "params": {"beta_rec": 0.2789908904569709, "gamma_cf": 0.6824537097668154, "cue_position": 4.0, "gamma_fc": 0.2282057333504841, "beta_enc": 0.9218683054838154}, "datetime": {"delta": 8.031082, "datetime": "2020-06-20 02:24:26", "elapsed": 1594.725099}}
{"target": 9.866666666666667, "params": {"beta_rec": 0.4167239623706961, "gamma_cf": 0.34302810983040655, "cue_position": 4.0, "gamma_fc": 0.7797442954825999, "beta_enc": 0.013767512557716799}, "datetime": {"delta": 10.867515, "datetime": "2020-06-20 02:24:37", "elapsed": 1605.592614}}
{"target": 10.758333333333333, "params": {"beta_rec": 0.34195283630245243, "gamma_cf": 0.716770814146376, "cue_position": 4.0, "gamma_fc": 0.6993076236968142, "beta_enc": 0.17473631282740743}, "datetime": {"delta": 11.540697, "datetime": "2020-06-20 02:24:49", "elapsed": 1617.133311}}
{"target": 7.779166666666667, "params": {"beta_rec": 0.25339603448629966, "gamma_cf": 0.22729754091594956, "cue_position": 4.0, "gamma_fc": 0.4246491159313397, "beta_enc": 0.6884973179489188}, "datetime": {"delta": 9.296892, "datetime": "2020-06-20 02:24:58", "elapsed": 1626.430203}}
{"target": 10.104166666666666, "params": {"beta_rec": 0.3553079116201222, "gamma_cf": 0.6316466268659396, "cue_position": 4.0, "gamma_fc": 0.7073166026816995, "beta_enc": 0.37192212166768723}, "datetime": {"delta": 11.102054, "datetime": "2020-06-20 02:25:09", "elapsed": 1637.532257}}
{"target": 8.470833333333333, "params": {"beta_rec": 0.6483127561631246, "gamma_cf": 0.14944679893886248, "cue_position": 4.0, "gamma_fc": 0.5141750435258828, "beta_enc": 0.6135886945028356}, "datetime": {"delta": 9.838272, "datetime": "2020-06-20 02:25:19", "elapsed": 1647.370529}}
{"target": 7.3, "params": {"beta_rec": 0.18395344154722204, "gamma_cf": 0.42893233402990294, "cue_position": 4.0, "gamma_fc": 0.4972891859195163, "beta_enc": 0.8753327263545391}, "datetime": {"delta": 8.975309, "datetime": "2020-06-20 02:25:28", "elapsed": 1656.345838}}
{"target": 10.483333333333333, "params": {"beta_rec": 0.34244064113481054, "gamma_cf": 0.844526943229479, "cue_position": 4.0, "gamma_fc": 0.8003322457764017, "beta_enc": 0.16151077048601192}, "datetime": {"delta": 11.396475, "datetime": "2020-06-20 02:25:39", "elapsed": 1667.742313}}
{"target": 9.508333333333333, "params": {"beta_rec": 0.6070154607890389, "gamma_cf": 0.5096132942175586, "cue_position": 4.0, "gamma_fc": 0.29694708578690454, "beta_enc": 0.4266391582681436}, "datetime": {"delta": 10.658168, "datetime": "2020-06-20 02:25:50", "elapsed": 1678.400481}}
{"target": 7.7125, "params": {"beta_rec": 0.6715983809063899, "gamma_cf": 0.12475130006917923, "cue_position": 4.0, "gamma_fc": 0.4705878794988857, "beta_enc": 0.8596509535692011}, "datetime": {"delta": 9.280872, "datetime": "2020-06-20 02:25:59", "elapsed": 1687.681353}}
{"target": 8.541666666666666, "params": {"beta_rec": 0.9482991740726651, "gamma_cf": 0.15172487103197363, "cue_position": 4.0, "gamma_fc": 0.639126848719905, "beta_enc": 0.9865727795868815}, "datetime": {"delta": 9.916339, "datetime": "2020-06-20 02:26:09", "elapsed": 1697.597692}}
{"target": 9.183333333333334, "params": {"beta_rec": 0.468665837661252, "gamma_cf": 0.5992697556580301, "cue_position": 4.0, "gamma_fc": 0.8499698885159654, "beta_enc": 0.5656621125439275}, "datetime": {"delta": 10.388378, "datetime": "2020-06-20 02:26:19", "elapsed": 1707.98607}}
{"target": 9.091666666666667, "params": {"beta_rec": 0.579360540297233, "gamma_cf": 0.06473998344154885, "cue_position": 4.0, "gamma_fc": 0.9913465087318091, "beta_enc": 0.7511210403719374}, "datetime": {"delta": 10.306567, "datetime": "2020-06-20 02:26:30", "elapsed": 1718.292637}}
{"target": 9.445833333333333, "params": {"beta_rec": 0.19949554613856135, "gamma_cf": 0.10750887618516769, "cue_position": 4.0, "gamma_fc": 0.6236704109977018, "beta_enc": 0.05299454266798953}, "datetime": {"delta": 10.585769, "datetime": "2020-06-20 02:26:40", "elapsed": 1728.878406}}
{"target": 10.2875, "params": {"beta_rec": 0.28462388100694214, "gamma_cf": 0.7035193311050811, "cue_position": 4.0, "gamma_fc": 0.668456167589482, "beta_enc": 0.047992564048867314}, "datetime": {"delta": 11.253508, "datetime": "2020-06-20 02:26:52", "elapsed": 1740.131914}}
{"target": 9.595833333333333, "params": {"beta_rec": 0.1881942600298212, "gamma_cf": 0.34037929076546725, "cue_position": 4.0, "gamma_fc": 0.7953011674056428, "beta_enc": 0.3785805932506022}, "datetime": {"delta": 10.719616, "datetime": "2020-06-20 02:27:02", "elapsed": 1750.85153}}
{"target": 10.004166666666666, "params": {"beta_rec": 0.5256694443509794, "gamma_cf": 0.6442320198790318, "cue_position": 4.0, "gamma_fc": 0.3506565024321674, "beta_enc": 0.4879009391796203}, "datetime": {"delta": 11.039485, "datetime": "2020-06-20 02:27:13", "elapsed": 1761.891015}}
{"target": 9.954166666666667, "params": {"beta_rec": 0.4338833762117006, "gamma_cf": 0.46978904008636024, "cue_position": 4.0, "gamma_fc": 0.9794833541798064, "beta_enc": 0.2292050272920657}, "datetime": {"delta": 10.967387, "datetime": "2020-06-20 02:27:24", "elapsed": 1772.858402}}
{"target": 10.020833333333334, "params": {"beta_rec": 0.7744101333360395, "gamma_cf": 0.8891310891074828, "cue_position": 4.0, "gamma_fc": 0.354952851149572, "beta_enc": 0.36437807036823044}, "datetime": {"delta": 11.043662, "datetime": "2020-06-20 02:27:35", "elapsed": 1783.902064}}
{"target": 10.329166666666667, "params": {"beta_rec": 0.9110192396569683, "gamma_cf": 0.9507534280610023, "cue_position": 4.0, "gamma_fc": 0.5564069156709253, "beta_enc": 0.24551868018650747}, "datetime": {"delta": 11.233798, "datetime": "2020-06-20 02:27:47", "elapsed": 1795.135862}}
{"target": 8.179166666666667, "params": {"beta_rec": 0.9950523223391111, "gamma_cf": 0.5167063597676121, "cue_position": 4.0, "gamma_fc": 0.03109707545554785, "beta_enc": 0.3763632166870875}, "datetime": {"delta": 9.642498, "datetime": "2020-06-20 02:27:56", "elapsed": 1804.77836}}
{"target": 8.341666666666667, "params": {"beta_rec": 0.18046850899511557, "gamma_cf": 0.9809236757505815, "cue_position": 4.0, "gamma_fc": 0.8749025512123809, "beta_enc": 0.5711757391862334}, "datetime": {"delta": 9.773871, "datetime": "2020-06-20 02:28:06", "elapsed": 1814.552231}}
{"target": 9.5875, "params": {"beta_rec": 0.7084608700517172, "gamma_cf": 0.4948430841825636, "cue_position": 4.0, "gamma_fc": 0.5285334901775651, "beta_enc": 0.45183624942087064}, "datetime": {"delta": 10.697224, "datetime": "2020-06-20 02:28:17", "elapsed": 1825.249455}}
{"target": 10.345833333333333, "params": {"beta_rec": 0.36939992561190627, "gamma_cf": 0.7268937533445626, "cue_position": 4.0, "gamma_fc": 0.4770129944022632, "beta_enc": 0.1507843983721926}, "datetime": {"delta": 11.275444, "datetime": "2020-06-20 02:28:28", "elapsed": 1836.524899}}
{"target": 8.85, "params": {"beta_rec": 0.8859979711653513, "gamma_cf": 0.4090908319168599, "cue_position": 4.0, "gamma_fc": 0.26889202221264585, "beta_enc": 0.44887883670676554}, "datetime": {"delta": 10.160815, "datetime": "2020-06-20 02:28:38", "elapsed": 1846.685714}}
{"target": 9.545833333333333, "params": {"beta_rec": 0.4181361337253158, "gamma_cf": 0.29115394055242805, "cue_position": 4.0, "gamma_fc": 0.5035095098483965, "beta_enc": 0.07201203516976995}, "datetime": {"delta": 10.651138, "datetime": "2020-06-20 02:28:49", "elapsed": 1857.336852}}
{"target": 6.05, "params": {"beta_rec": 0.10938291419358459, "gamma_cf": 0.49993237109919997, "cue_position": 4.0, "gamma_fc": 0.777098229275783, "beta_enc": 0.9659330650197223}, "datetime": {"delta": 8.037353, "datetime": "2020-06-20 02:28:57", "elapsed": 1865.374205}}
{"target": 10.516666666666667, "params": {"beta_rec": 0.08320263643587555, "gamma_cf": 0.7969622519799001, "cue_position": 4.0, "gamma_fc": 0.1916757389098901, "beta_enc": 0.14360699787420927}, "datetime": {"delta": 11.412615, "datetime": "2020-06-20 02:29:08", "elapsed": 1876.78682}}
{"target": 7.0125, "params": {"beta_rec": 0.2902979970618682, "gamma_cf": 0.016715589077006432, "cue_position": 4.0, "gamma_fc": 0.3986590599223787, "beta_enc": 0.767777192147274}, "datetime": {"delta": 8.78851, "datetime": "2020-06-20 02:29:17", "elapsed": 1885.57533}}
{"target": 6.4625, "params": {"beta_rec": 0.6593449361953647, "gamma_cf": 0.15260398704227185, "cue_position": 4.0, "gamma_fc": 0.016575882900934147, "beta_enc": 0.38108149129345237}, "datetime": {"delta": 8.359146, "datetime": "2020-06-20 02:29:25", "elapsed": 1893.934476}}
{"target": 9.791666666666666, "params": {"beta_rec": 0.6517892760100904, "gamma_cf": 0.32102631416731586, "cue_position": 4.0, "gamma_fc": 0.5579119942437725, "beta_enc": 0.11379635644740682}, "datetime": {"delta": 10.808019, "datetime": "2020-06-20 02:29:36", "elapsed": 1904.742495}}
{"target": 7.604166666666667, "params": {"beta_rec": 0.8344865140180296, "gamma_cf": 0.9182585891320579, "cue_position": 4.0, "gamma_fc": 0.03972870668308481, "beta_enc": 0.9934604630998499}, "datetime": {"delta": 9.19058, "datetime": "2020-06-20 02:29:45", "elapsed": 1913.933075}}
{"target": 10.3375, "params": {"beta_rec": 0.4740062899880546, "gamma_cf": 0.9372520621284489, "cue_position": 4.0, "gamma_fc": 0.48956496114516856, "beta_enc": 0.07033344161552524}, "datetime": {"delta": 11.241104, "datetime": "2020-06-20 02:29:57", "elapsed": 1925.174179}}
{"target": 9.295833333333333, "params": {"beta_rec": 0.8952603657312208, "gamma_cf": 0.8770343892703519, "cue_position": 4.0, "gamma_fc": 0.25358174937162836, "beta_enc": 0.5396491100933506}, "datetime": {"delta": 10.472427, "datetime": "2020-06-20 02:30:07", "elapsed": 1935.646606}}
{"target": 9.404166666666667, "params": {"beta_rec": 0.32836139008759013, "gamma_cf": 0.22012867402698122, "cue_position": 4.0, "gamma_fc": 0.6714291710812733, "beta_enc": 0.27380970415810857}, "datetime": {"delta": 10.55389, "datetime": "2020-06-20 02:30:18", "elapsed": 1946.200496}}
{"target": 9.625, "params": {"beta_rec": 0.09410027449963942, "gamma_cf": 0.23686870355699852, "cue_position": 4.0, "gamma_fc": 0.3860040110225955, "beta_enc": 0.1427932828030004}, "datetime": {"delta": 10.717155, "datetime": "2020-06-20 02:30:28", "elapsed": 1956.917651}}
{"target": 8.533333333333333, "params": {"beta_rec": 0.52580196995147, "gamma_cf": 0.8741259355980283, "cue_position": 4.0, "gamma_fc": 0.9511356184186921, "beta_enc": 0.5715420927253323}, "datetime": {"delta": 9.863953, "datetime": "2020-06-20 02:30:38", "elapsed": 1966.781604}}
{"target": 7.545833333333333, "params": {"beta_rec": 0.2838018349468743, "gamma_cf": 0.3394167240176095, "cue_position": 4.0, "gamma_fc": 0.5546673107876667, "beta_enc": 0.8125073041746718}, "datetime": {"delta": 9.129335, "datetime": "2020-06-20 02:30:47", "elapsed": 1975.910939}}
{"target": 7.054166666666666, "params": {"beta_rec": 0.3117029177189814, "gamma_cf": 0.3259672073089859, "cue_position": 4.0, "gamma_fc": 0.7744772660150796, "beta_enc": 0.9744034689130026}, "datetime": {"delta": 8.786228, "datetime": "2020-06-20 02:30:56", "elapsed": 1984.697167}}
{"target": 9.908333333333333, "params": {"beta_rec": 0.889827341447375, "gamma_cf": 0.7626320954451107, "cue_position": 4.0, "gamma_fc": 0.46947902855992574, "beta_enc": 0.3258099666132048}, "datetime": {"delta": 10.892673, "datetime": "2020-06-20 02:31:07", "elapsed": 1995.58984}}
{"target": 8.875, "params": {"beta_rec": 0.041475079576498874, "gamma_cf": 0.03711266449399442, "cue_position": 4.0, "gamma_fc": 0.6938554113738997, "beta_enc": 0.21076450246870537}, "datetime": {"delta": 10.112994, "datetime": "2020-06-20 02:31:17", "elapsed": 2005.702834}}
{"target": 8.3625, "params": {"beta_rec": 0.430471782744975, "gamma_cf": 0.5360084947395637, "cue_position": 4.0, "gamma_fc": 0.03985992663545257, "beta_enc": 0.6703500319361684}, "datetime": {"delta": 9.693447, "datetime": "2020-06-20 02:31:27", "elapsed": 2015.396281}}
{"target": 8.908333333333333, "params": {"beta_rec": 0.19341639901491836, "gamma_cf": 0.05231294643747675, "cue_position": 4.0, "gamma_fc": 0.6051167805003662, "beta_enc": 0.13479311796067905}, "datetime": {"delta": 10.093419, "datetime": "2020-06-20 02:31:37", "elapsed": 2025.4897}}
{"target": 9.625, "params": {"beta_rec": 0.6174610120171561, "gamma_cf": 0.8477004682374377, "cue_position": 4.0, "gamma_fc": 0.4540590560591513, "beta_enc": 0.5120610275239188}, "datetime": {"delta": 10.622536, "datetime": "2020-06-20 02:31:48", "elapsed": 2036.112236}}
{"target": 10.5125, "params": {"beta_rec": 0.8730681484470995, "gamma_cf": 0.823003040648471, "cue_position": 4.0, "gamma_fc": 0.9517756930338517, "beta_enc": 0.015403519791920894}, "datetime": {"delta": 11.258463, "datetime": "2020-06-20 02:31:59", "elapsed": 2047.370699}}
{"target": 10.408333333333333, "params": {"beta_rec": 0.23507186409101455, "gamma_cf": 0.4216578860324509, "cue_position": 4.0, "gamma_fc": 0.863829145501452, "beta_enc": 0.050912383516887205}, "datetime": {"delta": 11.202583, "datetime": "2020-06-20 02:32:10", "elapsed": 2058.573282}}
{"target": 10.2875, "params": {"beta_rec": 0.4731119528858785, "gamma_cf": 0.7728856021671178, "cue_position": 4.0, "gamma_fc": 0.8414221567958434, "beta_enc": 0.0816239827150681}, "datetime": {"delta": 11.104576, "datetime": "2020-06-20 02:32:21", "elapsed": 2069.677858}}
{"target": 10.479166666666666, "params": {"beta_rec": 0.48644074317039476, "gamma_cf": 0.9524737816932592, "cue_position": 4.0, "gamma_fc": 0.9438926277837961, "beta_enc": 0.04329093818615859}, "datetime": {"delta": 11.270273, "datetime": "2020-06-20 02:32:32", "elapsed": 2080.948131}}
{"target": 9.425, "params": {"beta_rec": 0.9734873973251963, "gamma_cf": 0.8978507176676818, "cue_position": 4.0, "gamma_fc": 0.4345949734085095, "beta_enc": 0.6139340023847009}, "datetime": {"delta": 10.470642, "datetime": "2020-06-20 02:32:43", "elapsed": 2091.418773}}
{"target": 9.483333333333333, "params": {"beta_rec": 0.9408279632013994, "gamma_cf": 0.06491158533912933, "cue_position": 4.0, "gamma_fc": 0.8704248568230661, "beta_enc": 0.23581463714751372}, "datetime": {"delta": 10.51315, "datetime": "2020-06-20 02:32:53", "elapsed": 2101.931923}}
{"target": 8.095833333333333, "params": {"beta_rec": 0.6049268729742817, "gamma_cf": 0.2534390424997808, "cue_position": 4.0, "gamma_fc": 0.6004889552745444, "beta_enc": 0.7013802946333463}, "datetime": {"delta": 9.491051, "datetime": "2020-06-20 02:33:03", "elapsed": 2111.422974}}
{"target": 6.033333333333333, "params": {"beta_rec": 0.05411366032399989, "gamma_cf": 0.8424458099564136, "cue_position": 4.0, "gamma_fc": 0.6183458693278855, "beta_enc": 0.8146191812616553}, "datetime": {"delta": 7.956879, "datetime": "2020-06-20 02:33:11", "elapsed": 2119.379853}}
{"target": 9.383333333333333, "params": {"beta_rec": 0.2482907289970986, "gamma_cf": 0.8726861649194619, "cue_position": 4.0, "gamma_fc": 0.42166593484970927, "beta_enc": 0.531287810481058}, "datetime": {"delta": 10.464703, "datetime": "2020-06-20 02:33:21", "elapsed": 2129.844556}}
{"target": 10.379166666666666, "params": {"beta_rec": 0.8969850695075825, "gamma_cf": 0.8262275354923914, "cue_position": 4.0, "gamma_fc": 0.8817706230828073, "beta_enc": 0.0644302555796068}, "datetime": {"delta": 11.19341, "datetime": "2020-06-20 02:33:33", "elapsed": 2141.037966}}
{"target": 9.7375, "params": {"beta_rec": 0.5984646931046363, "gamma_cf": 0.624821294185499, "cue_position": 4.0, "gamma_fc": 0.8550417213473515, "beta_enc": 0.48675074481833813}, "datetime": {"delta": 10.719398, "datetime": "2020-06-20 02:33:43", "elapsed": 2151.757364}}
{"target": 7.345833333333333, "params": {"beta_rec": 0.8837555081806009, "gamma_cf": 0.11510304096690338, "cue_position": 4.0, "gamma_fc": 0.22700116521465796, "beta_enc": 0.2821394484048606}, "datetime": {"delta": 8.935062, "datetime": "2020-06-20 02:33:52", "elapsed": 2160.692426}}
{"target": 8.704166666666667, "params": {"beta_rec": 0.23944623690468037, "gamma_cf": 0.16184771412383514, "cue_position": 4.0, "gamma_fc": 0.8448725182357391, "beta_enc": 0.5959823856130138}, "datetime": {"delta": 9.957113, "datetime": "2020-06-20 02:34:02", "elapsed": 2170.649539}}
{"target": 8.845833333333333, "params": {"beta_rec": 0.9635670871883419, "gamma_cf": 0.5956250981349497, "cue_position": 4.0, "gamma_fc": 0.5989852889734197, "beta_enc": 0.6021836538927108}, "datetime": {"delta": 10.055529, "datetime": "2020-06-20 02:34:12", "elapsed": 2180.705068}}
{"target": 7.733333333333333, "params": {"beta_rec": 0.05917720718572239, "gamma_cf": 0.9482094981876252, "cue_position": 4.0, "gamma_fc": 0.5346790571795887, "beta_enc": 0.6157042872039488}, "datetime": {"delta": 9.221226, "datetime": "2020-06-20 02:34:21", "elapsed": 2189.926294}}
{"target": 10.095833333333333, "params": {"beta_rec": 0.7529259149799422, "gamma_cf": 0.32825610365078084, "cue_position": 4.0, "gamma_fc": 0.9176063476443932, "beta_enc": 0.1925560209550684}, "datetime": {"delta": 10.991835, "datetime": "2020-06-20 02:34:32", "elapsed": 2200.918129}}
{"target": 8.708333333333334, "params": {"beta_rec": 0.8551902839041353, "gamma_cf": 0.822578152523871, "cue_position": 4.0, "gamma_fc": 0.8794835234293169, "beta_enc": 0.5883673328938768}, "datetime": {"delta": 9.927862, "datetime": "2020-06-20 02:34:42", "elapsed": 2210.845991}}
{"target": 9.204166666666667, "params": {"beta_rec": 0.12295477155217849, "gamma_cf": 0.44034708683123824, "cue_position": 4.0, "gamma_fc": 0.1267357091420086, "beta_enc": 0.3209863745244532}, "datetime": {"delta": 10.311964, "datetime": "2020-06-20 02:34:53", "elapsed": 2221.157955}}
{"target": 7.854166666666667, "params": {"beta_rec": 0.03606831456985993, "gamma_cf": 0.7883011896679689, "cue_position": 4.0, "gamma_fc": 0.012096760015357866, "beta_enc": 0.5898236481098892}, "datetime": {"delta": 9.31183, "datetime": "2020-06-20 02:35:02", "elapsed": 2230.469785}}
{"target": 9.933333333333334, "params": {"beta_rec": 0.021375961088070716, "gamma_cf": 0.5820299763434618, "cue_position": 4.0, "gamma_fc": 0.29337627848605663, "beta_enc": 0.3033456717085691}, "datetime": {"delta": 10.855156, "datetime": "2020-06-20 02:35:13", "elapsed": 2241.324941}}
{"target": 6.995833333333334, "params": {"beta_rec": 0.5071194235482045, "gamma_cf": 0.5878715062961865, "cue_position": 4.0, "gamma_fc": 0.2641376442105696, "beta_enc": 0.9289494618931157}, "datetime": {"delta": 8.682072, "datetime": "2020-06-20 02:35:21", "elapsed": 2250.007013}}
{"target": 9.883333333333333, "params": {"beta_rec": 0.37165457672418245, "gamma_cf": 0.5845472661166298, "cue_position": 4.0, "gamma_fc": 0.6958461339323264, "beta_enc": 0.3052882993474333}, "datetime": {"delta": 10.823913, "datetime": "2020-06-20 02:35:32", "elapsed": 2260.830926}}
{"target": 10.583333333333334, "params": {"beta_rec": 0.9710833196254638, "gamma_cf": 0.8061631629534083, "cue_position": 4.0, "gamma_fc": 0.7516404040812905, "beta_enc": 0.07194722016400112}, "datetime": {"delta": 11.332601, "datetime": "2020-06-20 02:35:44", "elapsed": 2272.163527}}
{"target": 10.229166666666666, "params": {"beta_rec": 0.48169628302117706, "gamma_cf": 0.6724726505249299, "cue_position": 4.0, "gamma_fc": 0.4487372588243219, "beta_enc": 0.0800609772712173}, "datetime": {"delta": 11.067265, "datetime": "2020-06-20 02:35:55", "elapsed": 2283.230792}}
{"target": 9.004166666666666, "params": {"beta_rec": 0.6816453376026229, "gamma_cf": 0.6186007425615364, "cue_position": 4.0, "gamma_fc": 0.15098073327964578, "beta_enc": 0.7043133983839096}, "datetime": {"delta": 10.186926, "datetime": "2020-06-20 02:36:05", "elapsed": 2293.417718}}
{"target": 7.116666666666666, "params": {"beta_rec": 0.781045822193957, "gamma_cf": 0.23376869260410593, "cue_position": 4.0, "gamma_fc": 0.17667889307234141, "beta_enc": 0.760802456305756}, "datetime": {"delta": 8.763081, "datetime": "2020-06-20 02:36:14", "elapsed": 2302.180799}}
{"target": 9.820833333333333, "params": {"beta_rec": 0.3205646539951602, "gamma_cf": 0.6135258996684316, "cue_position": 4.0, "gamma_fc": 0.7600017523497489, "beta_enc": 0.3910991231067624}, "datetime": {"delta": 10.766767, "datetime": "2020-06-20 02:36:24", "elapsed": 2312.947566}}
{"target": 8.7625, "params": {"beta_rec": 0.09944056291558923, "gamma_cf": 0.3734071317371953, "cue_position": 4.0, "gamma_fc": 0.19384776750950716, "beta_enc": 0.4276650996969642}, "datetime": {"delta": 9.993476, "datetime": "2020-06-20 02:36:34", "elapsed": 2322.941042}}
{"target": 7.7375, "params": {"beta_rec": 0.5996360084237168, "gamma_cf": 0.4911099613042962, "cue_position": 4.0, "gamma_fc": 0.08817368124218106, "beta_enc": 0.8207464986229382}, "datetime": {"delta": 9.210674, "datetime": "2020-06-20 02:36:44", "elapsed": 2332.151716}}
