{"target": -0.9823089873810199, "params": {"phi_s": 1.0870685275155307, "gamma_fc": 0.354952851149572, "phi_d": 2.7419557950052083, "beta_enc": 0.5527675965498925, "Num": 7.744101333360395, "beta_rec": 0.8891310891074828, "k": 2.4551868018650747}, "datetime": {"delta": 32.574822, "elapsed": 2804.69826, "datetime": "2020-09-09 12:54:44"}}
{"target": -1.2320910311153699, "params": {"phi_s": 1.0621941509110957, "gamma_fc": 0.9950523223391111, "phi_d": 1.5984484433260753, "beta_enc": 0.5564069156709253, "Num": 9.507534280610022, "beta_rec": 0.3763632166870875, "k": 0.5836264614763165}, "datetime": {"delta": 35.657243, "elapsed": 2840.355503, "datetime": "2020-09-09 12:55:20"}}
{"target": -2.903425320484981, "params": {"phi_s": 2.4169217401034344, "gamma_fc": 0.9809236757505815, "phi_d": 1.410325123320525, "beta_enc": 0.18046850899511557, "Num": 5.711757391862334, "beta_rec": 0.6309592003395305, "k": 8.74902551212381}, "datetime": {"delta": 17.332081, "elapsed": 2857.687584, "datetime": "2020-09-09 12:55:37"}}
{"target": -1.0411736026986458, "params": {"phi_s": 2.4537875066891255, "gamma_fc": 0.1507843983721926, "phi_d": 0.5124416339110813, "beta_enc": 0.4948430841825636, "Num": 7.7746875000318925, "beta_rec": 0.5285334901775651, "k": 3.6939992561190627}, "datetime": {"delta": 32.768947, "elapsed": 2890.456531, "datetime": "2020-09-09 12:56:10"}}
{"target": -0.7602816201732393, "params": {"phi_s": 1.14402407033954, "gamma_fc": 0.5276187723115614, "phi_d": 0.879786864416673, "beta_enc": 0.44887883670676554, "Num": 4.7701299440226315, "beta_rec": 0.8859979711653513, "k": 4.090908319168599}, "datetime": {"delta": 25.798252, "elapsed": 2916.254783, "datetime": "2020-09-09 12:56:36"}}
{"target": -2.926873644231605, "params": {"phi_s": 2.3460821084332437, "gamma_fc": 0.5035095098483965, "phi_d": 0.4172104511613953, "beta_enc": 0.025753482406583372, "Num": 4.181361337253158, "beta_rec": 0.29115394055242805, "k": 9.659330650197223}, "datetime": {"delta": 16.778537, "elapsed": 2933.03332, "datetime": "2020-09-09 12:56:53"}}
{"target": -0.4044826845150262, "params": {"phi_s": 1.3833514778197802, "gamma_fc": 0.08320263643587555, "phi_d": 2.4111905307417105, "beta_enc": 0.777098229275783, "Num": 4.999323710992, "beta_rec": 0.14360699787420927, "k": 3.992186053524538}, "datetime": {"delta": 24.644079, "elapsed": 2957.677399, "datetime": "2020-09-09 12:57:17"}}
{"target": -1.5492781925463432, "params": {"phi_s": 2.3186898723907294, "gamma_fc": 0.016715589077006432, "phi_d": 1.2051363247510118, "beta_enc": 0.2902979970618682, "Num": 7.67777192147274, "beta_rec": 0.21689148761179533, "k": 3.986590599223787}, "datetime": {"delta": 24.155497, "elapsed": 2981.832896, "datetime": "2020-09-09 12:57:42"}}
{"target": -2.7822853311966567, "params": {"phi_s": 1.6420526283346317, "gamma_fc": 0.11379635644740682, "phi_d": 1.2677048713072658, "beta_enc": 0.15260398704227185, "Num": 0.7091840047038722, "beta_rec": 0.016575882900934147, "k": 6.517892760100904}, "datetime": {"delta": 11.571906, "elapsed": 2993.404802, "datetime": "2020-09-09 12:57:53"}}
{"target": -0.8516076487777415, "params": {"phi_s": 1.1406668832310505, "gamma_fc": 0.6996231823995839, "phi_d": 0.21521324938094596, "beta_enc": 0.9934604630998499, "Num": 5.579119942437725, "beta_rec": 0.8344865140180296, "k": 9.18258589132058}, "datetime": {"delta": 25.528511, "elapsed": 3018.933313, "datetime": "2020-09-09 12:58:19"}}
{"target": -1.658847576753323, "params": {"phi_s": 1.893270091647381, "gamma_fc": 0.48956496114516856, "phi_d": 2.6962550606205404, "beta_enc": 0.3491674129570773, "Num": 4.740062899880546, "beta_rec": 0.9372520621284489, "k": 5.396491100933506}, "datetime": {"delta": 17.711118, "elapsed": 3036.644431, "datetime": "2020-09-09 12:58:36"}}
{"target": -2.0065310303853936, "params": {"phi_s": 2.342858342162547, "gamma_fc": 0.32836139008759013, "phi_d": 0.7383731546782455, "beta_enc": 0.25358174937162836, "Num": 8.770343892703519, "beta_rec": 0.27380970415810857, "k": 5.475642704809535}, "datetime": {"delta": 19.348299, "elapsed": 3055.99273, "datetime": "2020-09-09 12:58:56"}}
{"target": -1.8043254851936286, "params": {"phi_s": 2.05160393990294, "gamma_fc": 0.23686870355699852, "phi_d": 1.7574720689034637, "beta_enc": 0.09410027449963942, "Num": 1.427932828030004, "beta_rec": 0.8701917462053776, "k": 3.860040110225955}, "datetime": {"delta": 15.672057, "elapsed": 3071.664787, "datetime": "2020-09-09 12:59:11"}}
{"target": -2.7822853311966567, "params": {"phi_s": 1.678833448035219, "gamma_fc": 0.8125073041746718, "phi_d": 1.6307557087420825, "beta_enc": 0.8741259355980283, "Num": 0.7602387944210687, "beta_rec": 0.9511356184186921, "k": 2.8380183494687428}, "datetime": {"delta": 11.537006, "elapsed": 3083.201793, "datetime": "2020-09-09 12:59:23"}}
{"target": -0.8191183143149912, "params": {"phi_s": 1.6516199332264097, "gamma_fc": 0.6687966059228697, "phi_d": 2.345984071443731, "beta_enc": 0.9744034689130026, "Num": 5.546673107876668, "beta_rec": 0.3117029177189814, "k": 3.2596720730898587}, "datetime": {"delta": 27.576248, "elapsed": 3110.778041, "datetime": "2020-09-09 12:59:50"}}
{"target": -0.8666840241639501, "params": {"phi_s": 1.643657599940489, "gamma_fc": 0.46947902855992574, "phi_d": 0.22027773077184676, "beta_enc": 0.7517077209192669, "Num": 8.89827341447375, "beta_rec": 0.7626320954451107, "k": 2.107645024687054}, "datetime": {"delta": 32.604737, "elapsed": 3143.382778, "datetime": "2020-09-09 13:00:23"}}
{"target": -2.7822853311966567, "params": {"phi_s": 1.0797198532709051, "gamma_fc": 0.430471782744975, "phi_d": 1.6544246347447347, "beta_enc": 0.6938554113738997, "Num": 0.3711266449399442, "beta_rec": 0.6703500319361684, "k": 7.67788977658173}, "datetime": {"delta": 11.564429, "elapsed": 3154.947207, "datetime": "2020-09-09 13:00:35"}}
{"target": -1.8979431969420417, "params": {"phi_s": 2.2349220240343124, "gamma_fc": 0.05231294643747675, "phi_d": 1.5849769798193645, "beta_enc": 0.19341639901491836, "Num": 1.3479311796067905, "beta_rec": 0.3356638011646498, "k": 6.051167805003662}, "datetime": {"delta": 15.114202, "elapsed": 3170.061409, "datetime": "2020-09-09 13:00:50"}}
{"target": -0.7335204695820321, "params": {"phi_s": 2.646006081296942, "gamma_fc": 0.015403519791920894, "phi_d": 2.0029844884578867, "beta_enc": 0.8477004682374377, "Num": 4.32355594764344, "beta_rec": 0.4540590560591513, "k": 8.730681484470995}, "datetime": {"delta": 21.534091, "elapsed": 3191.5955, "datetime": "2020-09-09 13:01:11"}}
{"target": -1.649557681463559, "params": {"phi_s": 1.1632479654301362, "gamma_fc": 0.0633434434563398, "phi_d": 2.605104521954211, "beta_enc": 0.050912383516887205, "Num": 9.517756930338518, "beta_rec": 0.23507186409101455, "k": 4.216578860324509}, "datetime": {"delta": 24.492433, "elapsed": 3216.087933, "datetime": "2020-09-09 13:01:36"}}
{"target": -1.1112962644076458, "params": {"phi_s": 1.4788220882755119, "gamma_fc": 0.8414221567958434, "phi_d": 1.5106781551941448, "beta_enc": 0.12554310980872363, "Num": 4.731119528858785, "beta_rec": 0.7728856021671178, "k": 0.4329093818615859}, "datetime": {"delta": 27.906337, "elapsed": 3243.99427, "datetime": "2020-09-09 13:02:04"}}
{"target": -0.7885582467453573, "params": {"phi_s": 1.869189946817019, "gamma_fc": 0.9734873973251963, "phi_d": 2.7037670812362773, "beta_enc": 0.9438926277837961, "Num": 9.524737816932593, "beta_rec": 0.6139340023847009, "k": 3.4486134371625097}, "datetime": {"delta": 30.965317, "elapsed": 3274.959587, "datetime": "2020-09-09 13:02:35"}}
{"target": -0.8150712226567438, "params": {"phi_s": 2.209853745948563, "gamma_fc": 0.06491158533912933, "phi_d": 2.1340028544367042, "beta_enc": 0.9408279632013994, "Num": 2.3581463714751374, "beta_rec": 0.6842180509832275, "k": 8.70424856823066}, "datetime": {"delta": 21.580092, "elapsed": 3296.539679, "datetime": "2020-09-09 13:02:56"}}
{"target": -1.2689788492955363, "params": {"phi_s": 2.684891619912827, "gamma_fc": 0.8146191812616553, "phi_d": 0.4784809468838713, "beta_enc": 0.2534390424997808, "Num": 7.323748991793305, "beta_rec": 0.6004889552745444, "k": 0.5411366032399989}, "datetime": {"delta": 32.803926, "elapsed": 3329.343605, "datetime": "2020-09-09 13:03:29"}}
{"target": -0.6273072795874172, "params": {"phi_s": 1.1288605111592136, "gamma_fc": 0.2950785752494959, "phi_d": 1.322831211064157, "beta_enc": 0.531287810481058, "Num": 6.183458693278855, "beta_rec": 0.2482907289970986, "k": 8.72686164919462}, "datetime": {"delta": 22.725112, "elapsed": 3352.068717, "datetime": "2020-09-09 13:03:52"}}
{"target": -1.8209461635865303, "params": {"phi_s": 2.054534912970834, "gamma_fc": 0.8817706230828073, "phi_d": 1.8355476100034454, "beta_enc": 0.20338083282405106, "Num": 8.969850695075825, "beta_rec": 0.8262275354923914, "k": 4.867507448183382}, "datetime": {"delta": 19.102631, "elapsed": 3371.171348, "datetime": "2020-09-09 13:04:11"}}
{"target": -0.417374766480237, "params": {"phi_s": 1.454002330429316, "gamma_fc": 0.8837555081806009, "phi_d": 0.4337988188040198, "beta_enc": 0.8550417213473515, "Num": 6.24821294185499, "beta_rec": 0.2821394484048606, "k": 5.6769033011914924}, "datetime": {"delta": 23.863355, "elapsed": 3395.034703, "datetime": "2020-09-09 13:04:35"}}
{"target": -2.746691086734229, "params": {"phi_s": 2.927134174376684, "gamma_fc": 0.16184771412383514, "phi_d": 1.8463325962888613, "beta_enc": 0.23944623690468037, "Num": 5.9598238561301375, "beta_rec": 0.13141566053746057, "k": 8.448725182357391}, "datetime": {"delta": 17.354825, "elapsed": 3412.389528, "datetime": "2020-09-09 13:04:52"}}
{"target": -0.9833552033946196, "params": {"phi_s": 2.8964189963752505, "gamma_fc": 0.6157042872039488, "phi_d": 2.2759198352665893, "beta_enc": 0.5956250981349497, "Num": 3.4567921329602544, "beta_rec": 0.5989852889734197, "k": 0.5917720718572239}, "datetime": {"delta": 25.590653, "elapsed": 3437.980181, "datetime": "2020-09-09 13:05:18"}}
{"target": -1.5757270367948761, "params": {"phi_s": 2.1767346657877535, "gamma_fc": 0.0073189693278638, "phi_d": 2.7610584081687404, "beta_enc": 0.1925560209550684, "Num": 5.3467905717958875, "beta_rec": 0.7529259149799422, "k": 3.2825610365078086}, "datetime": {"delta": 29.945827, "elapsed": 3467.926008, "datetime": "2020-09-09 13:05:48"}}
{"target": -0.9423672835870045, "params": {"phi_s": 2.4426066883731417, "gamma_fc": 0.8794835234293169, "phi_d": 0.4565688375013176, "beta_enc": 0.6046720523491877, "Num": 8.551902839041354, "beta_rec": 0.822578152523871, "k": 3.209863745244532}, "datetime": {"delta": 24.479582, "elapsed": 3492.40559, "datetime": "2020-09-09 13:06:12"}}
{"target": -1.1815495536444582, "params": {"phi_s": 1.0241935200307157, "gamma_fc": 0.03606831456985993, "phi_d": 2.38607345003711, "beta_enc": 0.1267357091420086, "Num": 4.403470868312382, "beta_rec": 0.5898236481098892, "k": 2.0018211641098693}, "datetime": {"delta": 28.039059, "elapsed": 3520.444649, "datetime": "2020-09-09 13:06:40"}}
{"target": -1.8339785776800106, "params": {"phi_s": 2.0142388470964088, "gamma_fc": 0.5820299763434618, "phi_d": 2.7939534394900356, "beta_enc": 0.021375961088070716, "Num": 3.0334567170856905, "beta_rec": 0.9974849927283295, "k": 2.9337627848605665}, "datetime": {"delta": 16.695023, "elapsed": 3537.139672, "datetime": "2020-09-09 13:06:57"}}
{"target": -0.6264774674990059, "params": {"phi_s": 2.1690945322332595, "gamma_fc": 0.3052882993474333, "phi_d": 0.8088991981776715, "beta_enc": 0.5878715062961865, "Num": 4.546922275524069, "beta_rec": 0.2641376442105696, "k": 3.7165457672418247}, "datetime": {"delta": 26.675625, "elapsed": 3563.815297, "datetime": "2020-09-09 13:07:24"}}
{"target": -1.9129057560950087, "params": {"phi_s": 1.1601219545424346, "gamma_fc": 0.7530706558694549, "phi_d": 2.2797571718357426, "beta_enc": 0.07194722016400112, "Num": 6.958461339323264, "beta_rec": 0.9710833196254638, "k": 8.061631629534084}, "datetime": {"delta": 17.962635, "elapsed": 3581.777932, "datetime": "2020-09-09 13:07:41"}}
{"target": -1.4796540418845412, "params": {"phi_s": 2.3942970575055122, "gamma_fc": 0.4487372588243219, "phi_d": 2.0767714790476064, "beta_enc": 0.44567295640165605, "Num": 4.816962830211771, "beta_rec": 0.6724726505249299, "k": 7.0431339838390965}, "datetime": {"delta": 17.53682, "elapsed": 3599.314752, "datetime": "2020-09-09 13:07:59"}}
{"target": -2.371471264348754, "params": {"phi_s": 1.3533577861446828, "gamma_fc": 0.781045822193957, "phi_d": 0.7779292085519072, "beta_enc": 0.15098073327964578, "Num": 6.186007425615364, "beta_rec": 0.760802456305756, "k": 9.04102985913805}, "datetime": {"delta": 17.927569, "elapsed": 3617.242321, "datetime": "2020-09-09 13:08:17"}}
{"target": -1.6322068828328342, "params": {"phi_s": 1.1988811258311785, "gamma_fc": 0.6135258996684316, "phi_d": 1.3402287891211961, "beta_enc": 0.3205646539951602, "Num": 3.9109912310676243, "beta_rec": 0.8154769290056262, "k": 7.600017523497488}, "datetime": {"delta": 16.745304, "elapsed": 3633.987625, "datetime": "2020-09-09 13:08:34"}}
{"target": -1.7541574021344928, "params": {"phi_s": 1.9822199226085924, "gamma_fc": 0.8207464986229382, "phi_d": 2.0976512511541285, "beta_enc": 0.3734071317371953, "Num": 1.1503501205024624, "beta_rec": 0.19384776750950716, "k": 5.996360084237168}, "datetime": {"delta": 15.308157, "elapsed": 3649.295782, "datetime": "2020-09-09 13:08:49"}}
{"target": -2.7822853311966567, "params": {"phi_s": 2.4498334944382383, "gamma_fc": 0.19859150305392625, "phi_d": 2.2152533249428425, "beta_enc": 0.23507763668617032, "Num": 0.8817368124218106, "beta_rec": 0.461602080891622, "k": 0.254762357788203}, "datetime": {"delta": 11.554792, "elapsed": 3660.850574, "datetime": "2020-09-09 13:09:01"}}
{"target": -0.7088670533569689, "params": {"phi_s": 1.401454976070182, "gamma_fc": 0.8646861447635343, "phi_d": 1.7850034065124616, "beta_enc": 0.8434941260636555, "Num": 3.3039174636170277, "beta_rec": 0.42844247595107343, "k": 6.570654246228895}, "datetime": {"delta": 18.187819, "elapsed": 3679.038393, "datetime": "2020-09-09 13:09:19"}}
{"target": -0.8631444206319888, "params": {"phi_s": 2.3661487326731283, "gamma_fc": 0.8709456091610533, "phi_d": 1.0565492317774587, "beta_enc": 0.8944324184275724, "Num": 5.295466104783949, "beta_rec": 0.30499397583521604, "k": 9.087452728583882}, "datetime": {"delta": 18.787011, "elapsed": 3697.825404, "datetime": "2020-09-09 13:09:38"}}
{"target": -1.7389356944752679, "params": {"phi_s": 1.6886783909001077, "gamma_fc": 0.1908393632684806, "phi_d": 2.034644487227691, "beta_enc": 0.07569688175830336, "Num": 8.992209495659688, "beta_rec": 0.8785878632047704, "k": 8.497689100179306}, "datetime": {"delta": 21.698479, "elapsed": 3719.523883, "datetime": "2020-09-09 13:09:59"}}
{"target": -0.5923073650534187, "params": {"phi_s": 2.1798462541515393, "gamma_fc": 0.8218493747640105, "phi_d": 2.8732743782901733, "beta_enc": 0.6353709614884534, "Num": 1.51375569992799, "beta_rec": 0.8477880437147416, "k": 6.282395971306578}, "datetime": {"delta": 16.663432, "elapsed": 3736.187315, "datetime": "2020-09-09 13:10:16"}}
{"target": -1.245033234836908, "params": {"phi_s": 2.0376085014668286, "gamma_fc": 0.991945011907281, "phi_d": 2.978832533627972, "beta_enc": 0.4293307226164923, "Num": 1.9783278464791931, "beta_rec": 0.3367459987011673, "k": 3.802364961172647}, "datetime": {"delta": 16.618486, "elapsed": 3752.805801, "datetime": "2020-09-09 13:10:33"}}
{"target": -2.890252350578004, "params": {"phi_s": 2.9818312650509, "gamma_fc": 0.12341885981472989, "phi_d": 1.3003675526152858, "beta_enc": 0.07457407125147986, "Num": 1.7227970147712546, "beta_rec": 0.37030569377388767, "k": 6.345187162918417}, "datetime": {"delta": 15.380453, "elapsed": 3768.186254, "datetime": "2020-09-09 13:10:48"}}
{"target": -1.8968854547717957, "params": {"phi_s": 1.9743878181468475, "gamma_fc": 0.46157971096238615, "phi_d": 2.3630542175388785, "beta_enc": 0.14923603230975002, "Num": 9.299556236533178, "beta_rec": 0.3948822625368005, "k": 5.609487551219452}, "datetime": {"delta": 19.70907, "elapsed": 3787.895324, "datetime": "2020-09-09 13:11:08"}}
{"target": -1.4459177101926737, "params": {"phi_s": 2.3715137983450942, "gamma_fc": 0.022271511532804156, "phi_d": 0.6465583590326136, "beta_enc": 0.26199970471933565, "Num": 4.199935520102408, "beta_rec": 0.9108061390867584, "k": 8.211218982189646}, "datetime": {"delta": 27.311223, "elapsed": 3815.206547, "datetime": "2020-09-09 13:11:35"}}
{"target": -0.469878918968071, "params": {"phi_s": 1.6184927693175593, "gamma_fc": 0.18756989261723955, "phi_d": 1.7918783123638609, "beta_enc": 0.9742126278950913, "Num": 3.5520938933964374, "beta_rec": 0.12277212944941995, "k": 8.894424754644788}, "datetime": {"delta": 22.306901, "elapsed": 3837.513448, "datetime": "2020-09-09 13:11:57"}}
{"target": -2.7822853311966567, "params": {"phi_s": 2.4005788752668993, "gamma_fc": 0.2034338243700906, "phi_d": 2.6319736969819574, "beta_enc": 0.22759773832225305, "Num": 0.007643854781880233, "beta_rec": 0.1454036341712357, "k": 8.963225568040047}, "datetime": {"delta": 11.502405, "elapsed": 3849.015853, "datetime": "2020-09-09 13:12:09"}}
{"target": -0.6436919542610444, "params": {"phi_s": 1.7739784685125843, "gamma_fc": 0.36348868328490525, "phi_d": 2.781748359261278, "beta_enc": 0.8271360023322883, "Num": 4.70497676152209, "beta_rec": 0.49582639708521237, "k": 2.7560310276085875}, "datetime": {"delta": 26.881149, "elapsed": 3875.897002, "datetime": "2020-09-09 13:12:36"}}
{"target": -1.1328004132306033, "params": {"phi_s": 1.3817398863446149, "gamma_fc": 0.38326345680528673, "phi_d": 2.1810253903647876, "beta_enc": 0.2544381023144221, "Num": 4.928808734313202, "beta_rec": 0.8849665188380633, "k": 2.9757471531387525}, "datetime": {"delta": 25.734912, "elapsed": 3901.631914, "datetime": "2020-09-09 13:13:01"}}
{"target": -0.6479123059908899, "params": {"phi_s": 2.276710641482346, "gamma_fc": 0.5905205476471171, "phi_d": 1.9074167210439938, "beta_enc": 0.8369977822135122, "Num": 1.1819262934703845, "beta_rec": 0.7441359213695352, "k": 2.4289157496487066}, "datetime": {"delta": 17.663206, "elapsed": 3919.29512, "datetime": "2020-09-09 13:13:19"}}
{"target": -2.9014027854342794, "params": {"phi_s": 2.1827743645350335, "gamma_fc": 0.4599567310742584, "phi_d": 0.836277000733945, "beta_enc": 0.06748934306754228, "Num": 3.2756944411232514, "beta_rec": 0.8805385975643267, "k": 7.638727180664299}, "datetime": {"delta": 16.239063, "elapsed": 3935.534183, "datetime": "2020-09-09 13:13:35"}}
{"target": -1.0963480990535563, "params": {"phi_s": 2.4834096004631108, "gamma_fc": 0.24426666320897583, "phi_d": 0.9782890836809778, "beta_enc": 0.38210064254913956, "Num": 4.287951603487977, "beta_rec": 0.12671338384692277, "k": 0.7934158295831895}, "datetime": {"delta": 27.684856, "elapsed": 3963.219039, "datetime": "2020-09-09 13:14:03"}}
{"target": -0.40538429577581714, "params": {"phi_s": 1.3497930179638444, "gamma_fc": 0.6783769722513199, "phi_d": 0.7696345064041196, "beta_enc": 0.6724110989339258, "Num": 6.150157249710489, "beta_rec": 0.00838307952503159, "k": 5.031806905428871}, "datetime": {"delta": 26.296854, "elapsed": 3989.515893, "datetime": "2020-09-09 13:14:29"}}
{"target": -0.6285570433181455, "params": {"phi_s": 2.0929091814028613, "gamma_fc": 0.9137396248416316, "phi_d": 2.362651281104955, "beta_enc": 0.8442600050750985, "Num": 1.8498296555082983, "beta_rec": 0.9825897893050853, "k": 3.473694203728128}, "datetime": {"delta": 17.883922, "elapsed": 4007.399815, "datetime": "2020-09-09 13:14:47"}}
{"target": -1.1842485997959282, "params": {"phi_s": 1.7319666933393085, "gamma_fc": 0.7872634475242615, "phi_d": 1.657320638837568, "beta_enc": 0.48372695118890585, "Num": 8.164423975559377, "beta_rec": 0.5899512982994037, "k": 1.0023464310313235}, "datetime": {"delta": 34.353836, "elapsed": 4041.753651, "datetime": "2020-09-09 13:15:21"}}
{"target": -0.43560131588129525, "params": {"phi_s": 1.787768015710753, "gamma_fc": 0.39297299794161644, "phi_d": 1.9707273573477366, "beta_enc": 0.9588025156370005, "Num": 6.043068436688722, "beta_rec": 0.39282294499696246, "k": 7.906369935895988}, "datetime": {"delta": 24.945244, "elapsed": 4066.698895, "datetime": "2020-09-09 13:15:46"}}
{"target": -1.3760170410862889, "params": {"phi_s": 2.85154960327288, "gamma_fc": 0.45064326867213444, "phi_d": 0.732109897177387, "beta_enc": 0.404001609054379, "Num": 6.889550482302514, "beta_rec": 0.1361131542481221, "k": 3.344193926972726}, "datetime": {"delta": 23.034997, "elapsed": 4089.733892, "datetime": "2020-09-09 13:16:09"}}
{"target": -0.5278186021531684, "params": {"phi_s": 2.7252333890104437, "gamma_fc": 0.5419710617714415, "phi_d": 2.798623475824551, "beta_enc": 0.5988208906234219, "Num": 6.896393990795577, "beta_rec": 0.746657472123005, "k": 7.005330726195026}, "datetime": {"delta": 22.063131, "elapsed": 4111.797023, "datetime": "2020-09-09 13:16:32"}}
{"target": -1.1552800583847425, "params": {"phi_s": 1.179261397854924, "gamma_fc": 0.978672805158347, "phi_d": 2.0157352321929363, "beta_enc": 0.2631390239238742, "Num": 1.674418575065213, "beta_rec": 0.07161027944180454, "k": 2.3638409866037557}, "datetime": {"delta": 17.726879, "elapsed": 4129.523902, "datetime": "2020-09-09 13:16:49"}}
{"target": -0.6196048554755612, "params": {"phi_s": 2.1118004222531512, "gamma_fc": 0.38887340269472437, "phi_d": 1.08369213616679, "beta_enc": 0.5028243835184045, "Num": 2.1077094208701874, "beta_rec": 0.10495366832992803, "k": 5.379877201396809}, "datetime": {"delta": 19.920988, "elapsed": 4149.44489, "datetime": "2020-09-09 13:17:09"}}
{"target": -1.5462581432711873, "params": {"phi_s": 1.7161598280258716, "gamma_fc": 0.6784824539979241, "phi_d": 1.7283246505181853, "beta_enc": 0.3906104987369058, "Num": 5.367683219424641, "beta_rec": 0.6962700831011029, "k": 6.873031493743898}, "datetime": {"delta": 17.949544, "elapsed": 4167.394434, "datetime": "2020-09-09 13:17:27"}}
