{"target": 7.4382222222222225, "params": {"k": 3.0, "beta_enc": 0.417022004702574, "gamma_fc": 0.30233257263183977, "enc_rate": 1.0, "beta_rec": 0.7203244934421581, "primacy": 0.8}, "datetime": {"elapsed": 0.0, "datetime": "2020-10-05 14:26:46", "delta": 0.0}}
{"target": 7.479333333333334, "params": {"k": 3.0, "beta_enc": 0.1862602113776709, "gamma_fc": 0.538816734003357, "enc_rate": 1.0, "beta_rec": 0.34556072704304774, "primacy": 0.8}, "datetime": {"elapsed": 37.997193, "datetime": "2020-10-05 14:27:24", "delta": 37.997193}}
{"target": 7.500666666666666, "params": {"k": 3.0, "beta_enc": 0.20445224973151743, "gamma_fc": 0.6704675101784022, "enc_rate": 1.0, "beta_rec": 0.8781174363909454, "primacy": 0.8}, "datetime": {"elapsed": 75.903541, "datetime": "2020-10-05 14:28:02", "delta": 37.906348}}
{"target": 7.506, "params": {"k": 3.0, "beta_enc": 0.14038693859523377, "gamma_fc": 0.9682615757193975, "enc_rate": 1.0, "beta_rec": 0.1981014890848788, "primacy": 0.8}, "datetime": {"elapsed": 114.06068, "datetime": "2020-10-05 14:28:40", "delta": 38.157139}}
{"target": 7.381777777777778, "params": {"k": 3.0, "beta_enc": 0.8763891522960383, "gamma_fc": 0.03905478323288236, "enc_rate": 1.0, "beta_rec": 0.8946066635038473, "primacy": 0.8}, "datetime": {"elapsed": 151.535541, "datetime": "2020-10-05 14:29:17", "delta": 37.474861}}
{"target": 7.535111111111111, "params": {"k": 3.0, "beta_enc": 0.0983468338330501, "gamma_fc": 0.5331652849730171, "enc_rate": 1.0, "beta_rec": 0.42110762500505217, "primacy": 0.8}, "datetime": {"elapsed": 189.595929, "datetime": "2020-10-05 14:29:55", "delta": 38.060388}}
{"target": 6.7957777777777775, "params": {"k": 3.0, "beta_enc": 0.6865009276815837, "gamma_fc": 0.7501443149449675, "enc_rate": 1.0, "beta_rec": 0.8346256718973729, "primacy": 0.8}, "datetime": {"elapsed": 225.517382, "datetime": "2020-10-05 14:30:31", "delta": 35.921453}}
{"target": 7.487555555555555, "params": {"k": 3.0, "beta_enc": 0.2804439920644052, "gamma_fc": 0.44789352617590517, "enc_rate": 1.0, "beta_rec": 0.7892793284514885, "primacy": 0.8}, "datetime": {"elapsed": 263.786641, "datetime": "2020-10-05 14:31:10", "delta": 38.269259}}
{"target": 7.455555555555556, "params": {"k": 3.0, "beta_enc": 0.28777533858634874, "gamma_fc": 0.678835532939891, "enc_rate": 1.0, "beta_rec": 0.13002857211827767, "primacy": 0.8}, "datetime": {"elapsed": 301.633834, "datetime": "2020-10-05 14:31:48", "delta": 37.847193}}
{"target": 6.955555555555556, "params": {"k": 3.0, "beta_enc": 0.4915731592803383, "gamma_fc": 0.14672857490581015, "enc_rate": 1.0, "beta_rec": 0.053362545117080384, "primacy": 0.8}, "datetime": {"elapsed": 338.282664, "datetime": "2020-10-05 14:32:24", "delta": 36.64883}}
{"target": 7.562444444444445, "params": {"k": 3.0, "beta_enc": 0.10233442882782584, "gamma_fc": 0.41417926952690265, "enc_rate": 1.0, "beta_rec": 0.4140559878195683, "primacy": 0.8}, "datetime": {"elapsed": 376.85444, "datetime": "2020-10-05 14:33:03", "delta": 38.571776}}
{"target": 7.059111111111112, "params": {"k": 3.0, "beta_enc": 0.6637946452197888, "gamma_fc": 0.5865550405019929, "enc_rate": 1.0, "beta_rec": 0.5148891120583086, "primacy": 0.8}, "datetime": {"elapsed": 413.909665, "datetime": "2020-10-05 14:33:40", "delta": 37.055225}}
{"target": 7.5646666666666675, "params": {"k": 3.0, "beta_enc": 0.13927634725075855, "gamma_fc": 0.16535419711693278, "enc_rate": 1.0, "beta_rec": 0.8073912887095238, "primacy": 0.8}, "datetime": {"elapsed": 452.233232, "datetime": "2020-10-05 14:34:18", "delta": 38.323567}}
{"target": 6.746888888888888, "params": {"k": 3.0, "beta_enc": 0.7508121031361555, "gamma_fc": 0.6236722070556089, "enc_rate": 1.0, "beta_rec": 0.7259979853504515, "primacy": 0.8}, "datetime": {"elapsed": 488.549228, "datetime": "2020-10-05 14:34:54", "delta": 36.315996}}
{"target": 7.432444444444444, "params": {"k": 3.0, "beta_enc": 0.2699278917650261, "gamma_fc": 0.9648400471483856, "enc_rate": 1.0, "beta_rec": 0.8958862181960668, "primacy": 0.8}, "datetime": {"elapsed": 526.9338, "datetime": "2020-10-05 14:35:33", "delta": 38.384572}}
{"target": 7.516222222222223, "params": {"k": 3.0, "beta_enc": 0.11474597295337519, "gamma_fc": 0.5783896143871318, "enc_rate": 1.0, "beta_rec": 0.9494892587070712, "primacy": 0.8}, "datetime": {"elapsed": 565.793392, "datetime": "2020-10-05 14:36:12", "delta": 38.859592}}
{"target": 5.561999999999999, "params": {"k": 3.0, "beta_enc": 0.9033795205622538, "gamma_fc": 0.6171449136207239, "enc_rate": 1.0, "beta_rec": 0.5736794866722859, "primacy": 0.8}, "datetime": {"elapsed": 598.547223, "datetime": "2020-10-05 14:36:44", "delta": 32.753831}}
{"target": 5.320444444444445, "params": {"k": 3.0, "beta_enc": 0.8859420993107745, "gamma_fc": 0.6233601157918027, "enc_rate": 1.0, "beta_rec": 0.35726976000249977, "primacy": 0.8}, "datetime": {"elapsed": 630.499995, "datetime": "2020-10-05 14:37:16", "delta": 31.952772}}
{"target": 6.999555555555555, "params": {"k": 3.0, "beta_enc": 0.690896917516924, "gamma_fc": 0.13713574962887776, "enc_rate": 1.0, "beta_rec": 0.9973228504514805, "primacy": 0.8}, "datetime": {"elapsed": 667.702198, "datetime": "2020-10-05 14:37:54", "delta": 37.202203}}
{"target": 7.551555555555555, "params": {"k": 3.0, "beta_enc": 0.06600017272206249, "gamma_fc": 0.9230245355464833, "enc_rate": 1.0, "beta_rec": 0.7554630526024664, "primacy": 0.8}, "datetime": {"elapsed": 706.655647, "datetime": "2020-10-05 14:38:33", "delta": 38.953449}}
{"target": 7.525333333333333, "params": {"k": 3.0, "beta_enc": 0.01988013383979559, "gamma_fc": 0.2462110676030459, "enc_rate": 1.0, "beta_rec": 0.026210986877719278, "primacy": 0.8}, "datetime": {"elapsed": 744.962409, "datetime": "2020-10-05 14:39:11", "delta": 38.306762}}
{"target": 7.284444444444444, "params": {"k": 3.0, "beta_enc": 0.5528219786857659, "gamma_fc": 0.2791836790111395, "enc_rate": 1.0, "beta_rec": 0.8420308923596057, "primacy": 0.8}, "datetime": {"elapsed": 782.740107, "datetime": "2020-10-05 14:39:49", "delta": 37.777698}}
{"target": 6.462888888888889, "params": {"k": 3.0, "beta_enc": 0.56103021925571, "gamma_fc": 0.23297427384102043, "enc_rate": 1.0, "beta_rec": 0.01864728937294302, "primacy": 0.8}, "datetime": {"elapsed": 817.934198, "datetime": "2020-10-05 14:40:24", "delta": 35.194091}}
{"target": 7.362444444444445, "params": {"k": 3.0, "beta_enc": 0.8635418545594287, "gamma_fc": 0.13645522566068502, "enc_rate": 1.0, "beta_rec": 0.7471216427371846, "primacy": 0.8}, "datetime": {"elapsed": 856.035091, "datetime": "2020-10-05 14:41:02", "delta": 38.100893}}
{"target": 7.5166666666666675, "params": {"k": 3.0, "beta_enc": 0.044551878544761725, "gamma_fc": 0.7129889803826767, "enc_rate": 1.0, "beta_rec": 0.1074941291060929, "primacy": 0.8}, "datetime": {"elapsed": 894.697875, "datetime": "2020-10-05 14:41:41", "delta": 38.662784}}
{"target": 7.55, "params": {"k": 3.0, "beta_enc": 0.07197427968948678, "gamma_fc": 0.20329323466099047, "enc_rate": 1.0, "beta_rec": 0.967276330000272, "primacy": 0.8}, "datetime": {"elapsed": 933.520543, "datetime": "2020-10-05 14:42:19", "delta": 38.822668}}
{"target": 7.534888888888889, "params": {"k": 3.0, "beta_enc": 0.1954294811093188, "gamma_fc": 0.8468288014900353, "enc_rate": 1.0, "beta_rec": 0.5813589272732578, "primacy": 0.8}, "datetime": {"elapsed": 972.503543, "datetime": "2020-10-05 14:42:58", "delta": 38.983}}
{"target": 7.368444444444445, "params": {"k": 3.0, "beta_enc": 0.6199557183813798, "gamma_fc": 0.018576202177409518, "enc_rate": 1.0, "beta_rec": 0.8289808995501787, "primacy": 0.8}, "datetime": {"elapsed": 1010.601352, "datetime": "2020-10-05 14:43:36", "delta": 38.097809}}
{"target": 6.947333333333333, "params": {"k": 3.0, "beta_enc": 0.6063294616533303, "gamma_fc": 0.9886161544124489, "enc_rate": 1.0, "beta_rec": 0.5688514370864813, "primacy": 0.8}, "datetime": {"elapsed": 1047.431563, "datetime": "2020-10-05 14:44:13", "delta": 36.830211}}
{"target": 7.352222222222222, "params": {"k": 3.0, "beta_enc": 0.5509482191178968, "gamma_fc": 0.2649195576628094, "enc_rate": 1.0, "beta_rec": 0.7453344309065021, "primacy": 0.8}, "datetime": {"elapsed": 1085.796357, "datetime": "2020-10-05 14:44:52", "delta": 38.364794}}
{"target": 6.7957777777777775, "params": {"k": 3.0, "beta_enc": 0.6297175070215645, "gamma_fc": 0.06653648135411494, "enc_rate": 1.0, "beta_rec": 0.2101740099148396, "primacy": 0.8}, "datetime": {"elapsed": 1121.849698, "datetime": "2020-10-05 14:45:28", "delta": 36.053341}}
{"target": 7.524000000000001, "params": {"k": 3.0, "beta_enc": 0.19343428262332774, "gamma_fc": 0.9248079703993507, "enc_rate": 1.0, "beta_rec": 0.6394608808799401, "primacy": 0.8}, "datetime": {"elapsed": 1160.257129, "datetime": "2020-10-05 14:46:06", "delta": 38.407431}}
{"target": 6.395333333333334, "params": {"k": 3.0, "beta_enc": 0.7350659632886695, "gamma_fc": 0.9319720691968373, "enc_rate": 1.0, "beta_rec": 0.7721780295432468, "primacy": 0.8}, "datetime": {"elapsed": 1194.857867, "datetime": "2020-10-05 14:46:41", "delta": 34.600738}}
{"target": 7.130888888888888, "params": {"k": 3.0, "beta_enc": 0.6167783570016576, "gamma_fc": 0.5566531881951564, "enc_rate": 1.0, "beta_rec": 0.9490163206876164, "primacy": 0.8}, "datetime": {"elapsed": 1232.130105, "datetime": "2020-10-05 14:47:18", "delta": 37.272238}}
{"target": 7.503555555555556, "params": {"k": 3.0, "beta_enc": 0.39000771414124624, "gamma_fc": 0.5495479215085626, "enc_rate": 1.0, "beta_rec": 0.48599066709690975, "primacy": 0.8}, "datetime": {"elapsed": 1270.923233, "datetime": "2020-10-05 14:47:57", "delta": 38.793128}}
{"target": 7.302888888888889, "params": {"k": 3.0, "beta_enc": 0.3948756129235549, "gamma_fc": 0.12632951943963733, "enc_rate": 1.0, "beta_rec": 0.9632625284407118, "primacy": 0.8}, "datetime": {"elapsed": 1308.638784, "datetime": "2020-10-05 14:48:35", "delta": 37.715551}}
{"target": 7.626444444444443, "params": {"k": 3.0, "beta_enc": 0.021524805274197978, "gamma_fc": 0.015018980742122379, "enc_rate": 1.0, "beta_rec": 0.947970211217681, "primacy": 0.8}, "datetime": {"elapsed": 1347.432402, "datetime": "2020-10-05 14:49:13", "delta": 38.793618}}
{"target": 7.538000000000001, "params": {"k": 3.0, "beta_enc": 0.1309968448109169, "gamma_fc": 0.9401074823333672, "enc_rate": 1.0, "beta_rec": 0.8094906921265821, "primacy": 0.8}, "datetime": {"elapsed": 1385.743161, "datetime": "2020-10-05 14:49:52", "delta": 38.310759}}
{"target": 6.459999999999999, "params": {"k": 3.0, "beta_enc": 0.8447344453922219, "gamma_fc": 0.5463468160203733, "enc_rate": 1.0, "beta_rec": 0.9053923187086492, "primacy": 0.8}, "datetime": {"elapsed": 1421.06535, "datetime": "2020-10-05 14:50:27", "delta": 35.322189}}
{"target": 7.372888888888889, "params": {"k": 3.0, "beta_enc": 0.4902535226199277, "gamma_fc": 0.5934814081966372, "enc_rate": 1.0, "beta_rec": 0.5991103076458784, "primacy": 0.8}, "datetime": {"elapsed": 1459.242665, "datetime": "2020-10-05 14:51:05", "delta": 38.177315}}
{"target": 7.453555555555556, "params": {"k": 3.0, "beta_enc": 0.31524480309537295, "gamma_fc": 0.18401020162746506, "enc_rate": 1.0, "beta_rec": 0.8928887085251513, "primacy": 0.8}, "datetime": {"elapsed": 1497.413623, "datetime": "2020-10-05 14:51:43", "delta": 38.170958}}
{"target": 7.542666666666666, "params": {"k": 3.0, "beta_enc": 0.053909272073752956, "gamma_fc": 0.9186017779775258, "enc_rate": 1.0, "beta_rec": 0.4201936800011322, "primacy": 0.8}, "datetime": {"elapsed": 1535.843965, "datetime": "2020-10-05 14:52:22", "delta": 38.430342}}
{"target": 7.450222222222221, "params": {"k": 3.0, "beta_enc": 0.37658031474577447, "gamma_fc": 0.828845807980693, "enc_rate": 1.0, "beta_rec": 0.9737835383583225, "primacy": 0.8}, "datetime": {"elapsed": 1573.860813, "datetime": "2020-10-05 14:53:00", "delta": 38.016848}}
{"target": 7.467333333333333, "params": {"k": 3.0, "beta_enc": 0.28557628169569393, "gamma_fc": 0.8583138364290424, "enc_rate": 1.0, "beta_rec": 0.586833340656083, "primacy": 0.8}, "datetime": {"elapsed": 1612.174399, "datetime": "2020-10-05 14:53:38", "delta": 38.313586}}
{"target": 5.796222222222222, "params": {"k": 3.0, "beta_enc": 0.8644794300545998, "gamma_fc": 0.45087393641334916, "enc_rate": 1.0, "beta_rec": 0.32268099683674645, "primacy": 0.8}, "datetime": {"elapsed": 1645.158719, "datetime": "2020-10-05 14:54:11", "delta": 32.98432}}
{"target": 7.459555555555556, "params": {"k": 3.0, "beta_enc": 0.4014795834695406, "gamma_fc": 0.43024727082126435, "enc_rate": 1.0, "beta_rec": 0.3173839459582769, "primacy": 0.8}, "datetime": {"elapsed": 1683.409422, "datetime": "2020-10-05 14:54:49", "delta": 38.250703}}
{"target": 7.531111111111111, "params": {"k": 3.0, "beta_enc": 0.19856988842711087, "gamma_fc": 0.7976388039585666, "enc_rate": 1.0, "beta_rec": 0.4267010093480328, "primacy": 0.8}, "datetime": {"elapsed": 1722.355564, "datetime": "2020-10-05 14:55:28", "delta": 38.946142}}
{"target": 6.570888888888888, "params": {"k": 3.0, "beta_enc": 0.6627198123752622, "gamma_fc": 0.8548979426974024, "enc_rate": 1.0, "beta_rec": 0.2702082620297578, "primacy": 0.8}, "datetime": {"elapsed": 1759.113005, "datetime": "2020-10-05 14:56:05", "delta": 36.757441}}
{"target": 7.1433333333333335, "params": {"k": 3.0, "beta_enc": 0.5724885171916063, "gamma_fc": 0.770883910501888, "enc_rate": 1.0, "beta_rec": 0.7331425252875111, "primacy": 0.8}, "datetime": {"elapsed": 1796.364946, "datetime": "2020-10-05 14:56:42", "delta": 37.251941}}
{"target": 7.432666666666667, "params": {"k": 3.0, "beta_enc": 0.3426889079532818, "gamma_fc": 0.07962607769825236, "enc_rate": 1.0, "beta_rec": 0.06820934841670412, "primacy": 0.8}, "datetime": {"elapsed": 1834.5007, "datetime": "2020-10-05 14:57:20", "delta": 38.135754}}
{"target": 6.560666666666667, "params": {"k": 3.0, "beta_enc": 0.8118586977205398, "gamma_fc": 0.5694944127453757, "enc_rate": 1.0, "beta_rec": 0.8749616449558981, "primacy": 0.8}, "datetime": {"elapsed": 1869.792009, "datetime": "2020-10-05 14:57:56", "delta": 35.291309}}
{"target": 7.482000000000001, "params": {"k": 3.0, "beta_enc": 0.345172051155215, "gamma_fc": 0.31226983770191696, "enc_rate": 1.0, "beta_rec": 0.2250399578140846, "primacy": 0.8}, "datetime": {"elapsed": 1908.099248, "datetime": "2020-10-05 14:58:34", "delta": 38.307239}}
{"target": 7.4944444444444445, "params": {"k": 3.0, "beta_enc": 0.2571182937821962, "gamma_fc": 0.49958417067888605, "enc_rate": 1.0, "beta_rec": 0.1108913007440292, "primacy": 0.8}, "datetime": {"elapsed": 1946.310323, "datetime": "2020-10-05 14:59:12", "delta": 38.211075}}
{"target": 7.467777777777778, "params": {"k": 3.0, "beta_enc": 0.24803355837723073, "gamma_fc": 0.6166850671552362, "enc_rate": 1.0, "beta_rec": 0.851671874936367, "primacy": 0.8}, "datetime": {"elapsed": 1984.47435, "datetime": "2020-10-05 14:59:50", "delta": 38.164027}}
{"target": 7.294666666666667, "params": {"k": 3.0, "beta_enc": 0.5158570169685298, "gamma_fc": 0.6218062317404155, "enc_rate": 1.0, "beta_rec": 0.47714098704978236, "primacy": 0.8}, "datetime": {"elapsed": 2022.506966, "datetime": "2020-10-05 15:00:28", "delta": 38.032616}}
{"target": 7.544444444444444, "params": {"k": 3.0, "beta_enc": 0.1445455401246598, "gamma_fc": 0.519351824366033, "enc_rate": 1.0, "beta_rec": 0.7515278171352439, "primacy": 0.8}, "datetime": {"elapsed": 2060.804552, "datetime": "2020-10-05 15:01:07", "delta": 38.297586}}
{"target": 7.486888888888889, "params": {"k": 3.0, "beta_enc": 0.3243624597261865, "gamma_fc": 0.5384405925945437, "enc_rate": 1.0, "beta_rec": 0.872922376400111, "primacy": 0.8}, "datetime": {"elapsed": 2098.827703, "datetime": "2020-10-05 15:01:45", "delta": 38.023151}}
{"target": 6.323333333333332, "params": {"k": 3.0, "beta_enc": 0.8264069976293413, "gamma_fc": 0.651304332340991, "enc_rate": 1.0, "beta_rec": 0.8541154438365387, "primacy": 0.8}, "datetime": {"elapsed": 2133.354564, "datetime": "2020-10-05 15:02:19", "delta": 34.526861}}
{"target": 4.918888888888889, "params": {"k": 3.0, "beta_enc": 0.799615261736028, "gamma_fc": 0.731728600739527, "enc_rate": 1.0, "beta_rec": 0.03457121987163425, "primacy": 0.8}, "datetime": {"elapsed": 2163.67112, "datetime": "2020-10-05 15:02:50", "delta": 30.316556}}
{"target": 7.139333333333335, "params": {"k": 3.0, "beta_enc": 0.6323033174301278, "gamma_fc": 0.44614623200345727, "enc_rate": 1.0, "beta_rec": 0.34529746159108154, "primacy": 0.8}, "datetime": {"elapsed": 2200.591585, "datetime": "2020-10-05 15:03:26", "delta": 36.920465}}
{"target": 7.478888888888889, "params": {"k": 3.0, "beta_enc": 0.30024833953390007, "gamma_fc": 0.5415593788873733, "enc_rate": 1.0, "beta_rec": 0.14300582825809938, "primacy": 0.8}, "datetime": {"elapsed": 2238.836989, "datetime": "2020-10-05 15:04:05", "delta": 38.245404}}
{"target": 5.567555555555556, "params": {"k": 3.0, "beta_enc": 0.9939130246104789, "gamma_fc": 0.1354279030721699, "enc_rate": 1.0, "beta_rec": 0.5460708041429516, "primacy": 0.8}, "datetime": {"elapsed": 2270.819362, "datetime": "2020-10-05 15:04:37", "delta": 31.982373}}
{"target": 7.511333333333335, "params": {"k": 3.0, "beta_enc": 0.1603951795196491, "gamma_fc": 0.36654309724374434, "enc_rate": 1.0, "beta_rec": 0.7456371927074961, "primacy": 0.8}, "datetime": {"elapsed": 2309.257114, "datetime": "2020-10-05 15:05:15", "delta": 38.437752}}
{"target": 6.439333333333333, "params": {"k": 3.0, "beta_enc": 0.6909421420661686, "gamma_fc": 0.5815774073442912, "enc_rate": 1.0, "beta_rec": 0.18863680095531088, "primacy": 0.8}, "datetime": {"elapsed": 2344.060321, "datetime": "2020-10-05 15:05:50", "delta": 34.803207}}
{"target": 7.519111111111111, "params": {"k": 3.0, "beta_enc": 0.24773290176235485, "gamma_fc": 0.4569753274356928, "enc_rate": 1.0, "beta_rec": 0.26217308377291193, "primacy": 0.8}, "datetime": {"elapsed": 2382.479419, "datetime": "2020-10-05 15:06:28", "delta": 38.419098}}
{"target": 7.451333333333333, "params": {"k": 3.0, "beta_enc": 0.21196016464367595, "gamma_fc": 0.02760601195450363, "enc_rate": 1.0, "beta_rec": 0.7986042447602102, "primacy": 0.8}, "datetime": {"elapsed": 2420.897341, "datetime": "2020-10-05 15:07:07", "delta": 38.417922}}
{"target": 7.412222222222222, "params": {"k": 3.0, "beta_enc": 0.3810161240622142, "gamma_fc": 0.5409518049621886, "enc_rate": 1.0, "beta_rec": 0.7498583107261434, "primacy": 0.8}, "datetime": {"elapsed": 2458.918984, "datetime": "2020-10-05 15:07:45", "delta": 38.021643}}
{"target": 7.552444444444444, "params": {"k": 3.0, "beta_enc": 0.03232306662357398, "gamma_fc": 0.9475489413950998, "enc_rate": 1.0, "beta_rec": 0.7093872512312951, "primacy": 0.8}, "datetime": {"elapsed": 2497.261981, "datetime": "2020-10-05 15:08:23", "delta": 38.342997}}
{"target": 7.528222222222223, "params": {"k": 3.0, "beta_enc": 0.081473964877262, "gamma_fc": 0.6337867606119179, "enc_rate": 1.0, "beta_rec": 0.42861882866378653, "primacy": 0.8}, "datetime": {"elapsed": 2535.576317, "datetime": "2020-10-05 15:09:01", "delta": 38.314336}}
{"target": 6.559555555555555, "params": {"k": 3.0, "beta_enc": 0.7662113810757705, "gamma_fc": 0.42876877499944255, "enc_rate": 1.0, "beta_rec": 0.3424541198435198, "primacy": 0.8}, "datetime": {"elapsed": 2571.204791, "datetime": "2020-10-05 15:09:37", "delta": 35.628474}}
{"target": 7.524666666666667, "params": {"k": 3.0, "beta_enc": 0.1434230486702449, "gamma_fc": 0.06672499763935646, "enc_rate": 1.0, "beta_rec": 0.07838689985494796, "primacy": 0.8}, "datetime": {"elapsed": 2609.678594, "datetime": "2020-10-05 15:10:16", "delta": 38.473803}}
{"target": 7.584444444444445, "params": {"k": 3.0, "beta_enc": 0.027783348848669953, "gamma_fc": 0.7469384956075251, "enc_rate": 1.0, "beta_rec": 0.7548614813904674, "primacy": 0.8}, "datetime": {"elapsed": 2648.161185, "datetime": "2020-10-05 15:10:54", "delta": 38.482591}}
{"target": 7.439111111111112, "params": {"k": 3.0, "beta_enc": 0.47807250671783097, "gamma_fc": 0.40239251985773583, "enc_rate": 1.0, "beta_rec": 0.47400392656219403, "primacy": 0.8}, "datetime": {"elapsed": 2686.320441, "datetime": "2020-10-05 15:11:32", "delta": 38.159256}}
{"target": 5.688, "params": {"k": 3.0, "beta_enc": 0.7738743427204187, "gamma_fc": 0.010364261335231939, "enc_rate": 1.0, "beta_rec": 0.12564138113773882, "primacy": 0.8}, "datetime": {"elapsed": 2718.985731, "datetime": "2020-10-05 15:12:05", "delta": 32.66529}}
{"target": 3.7528888888888887, "params": {"k": 3.0, "beta_enc": 0.9511937854902045, "gamma_fc": 0.9152743199147875, "enc_rate": 1.0, "beta_rec": 0.905402033702778, "primacy": 0.8}, "datetime": {"elapsed": 2745.42468, "datetime": "2020-10-05 15:12:31", "delta": 26.438949}}
{"target": 7.50911111111111, "params": {"k": 3.0, "beta_enc": 0.187631672902434, "gamma_fc": 0.9899551783590737, "enc_rate": 1.0, "beta_rec": 0.6224959022999211, "primacy": 0.8}, "datetime": {"elapsed": 2783.645566, "datetime": "2020-10-05 15:13:10", "delta": 38.220886}}
{"target": 6.011555555555556, "params": {"k": 3.0, "beta_enc": 0.9092932045442544, "gamma_fc": 0.17343017078712286, "enc_rate": 1.0, "beta_rec": 0.4008737323711209, "primacy": 0.8}, "datetime": {"elapsed": 2817.219659, "datetime": "2020-10-05 15:13:43", "delta": 33.574093}}
{"target": 7.545333333333334, "params": {"k": 3.0, "beta_enc": 0.14679237341724316, "gamma_fc": 0.31058725179421, "enc_rate": 1.0, "beta_rec": 0.2642974827269007, "primacy": 0.8}, "datetime": {"elapsed": 2855.873124, "datetime": "2020-10-05 15:14:22", "delta": 38.653465}}
{"target": 7.320444444444445, "params": {"k": 3.0, "beta_enc": 0.5336533449712114, "gamma_fc": 0.36655664385123443, "enc_rate": 1.0, "beta_rec": 0.31446701118584963, "primacy": 0.8}, "datetime": {"elapsed": 2893.663283, "datetime": "2020-10-05 15:15:00", "delta": 37.790159}}
{"target": 3.510888888888889, "params": {"k": 3.0, "beta_enc": 0.9388864773697133, "gamma_fc": 0.8910189542923389, "enc_rate": 1.0, "beta_rec": 0.030949006271150714, "primacy": 0.8}, "datetime": {"elapsed": 2919.264697, "datetime": "2020-10-05 15:15:25", "delta": 25.601414}}
