{"target": -10152.24495246088, "params": {"epsilon_d": 3.382834159725218, "gamma_cf": 0.4698036185469243, "beta_rec": 0.7527811924889369, "lr": 0.022978171782596202, "phi_s": 2.867745012360848, "beta_enc": 0.6870733460577697, "s_cf": 0.8831546554020264, "k_intra": 6.474677389552546, "phi_d": 0.9235202078009312, "gamma_fc": 0.7973822739807863}, "datetime": {"delta": 10.117312, "datetime": "2020-09-13 14:19:18", "elapsed": 4369.743384}}
{"target": -9024.489267241948, "params": {"epsilon_d": 4.791750818669104, "gamma_cf": 0.2020687207866142, "beta_rec": 0.9106338892935747, "lr": 0.05557545631473737, "phi_s": 2.7232903738188057, "beta_enc": 0.32521795107892904, "s_cf": 0.5257574641792632, "k_intra": 2.409819163916721, "phi_d": 1.367694722604758, "gamma_fc": 0.27144940811841056}, "datetime": {"delta": 10.097308, "datetime": "2020-09-13 14:19:28", "elapsed": 4379.840692}}
{"target": -11524.952478426483, "params": {"epsilon_d": 0.4640082974115911, "gamma_cf": 0.1258080227978765, "beta_rec": 0.22699961016553616, "lr": 0.9883286097862081, "phi_s": 1.3855988701962487, "beta_enc": 0.5454564729055315, "s_cf": 0.3691972907854745, "k_intra": 8.73393415409356, "phi_d": 0.15152212085593528, "gamma_fc": 0.21512569281164395}, "datetime": {"delta": 10.100281, "datetime": "2020-09-13 14:19:38", "elapsed": 4389.940973}}
{"target": -9233.309605942257, "params": {"epsilon_d": 3.95999761200828, "gamma_cf": 0.18386406418744683, "beta_rec": 0.6165228186390816, "lr": 0.8939776650163531, "phi_s": 0.37417836634157586, "beta_enc": 0.5364635635120685, "s_cf": 0.5513749856881907, "k_intra": 0.3329676963646211, "phi_d": 1.9687913124531982, "gamma_fc": 0.5852742458204657}, "datetime": {"delta": 10.108331, "datetime": "2020-09-13 14:19:48", "elapsed": 4400.049304}}
{"target": -15110.020170563597, "params": {"epsilon_d": 2.6554890159213382, "gamma_cf": 0.7629083015715699, "beta_rec": 0.11882084014218852, "lr": 0.2552266187918415, "phi_s": 2.7962778814646745, "beta_enc": 0.1289743211440313, "s_cf": 0.18531920308194072, "k_intra": 5.588521344343241, "phi_d": 1.6018194243669748, "gamma_fc": 0.6982209458758758}, "datetime": {"delta": 10.074112, "datetime": "2020-09-13 14:19:58", "elapsed": 4410.123416}}
{"target": -8997.64121084296, "params": {"epsilon_d": 6.694562083904586, "gamma_cf": 0.20369566865585875, "beta_rec": 0.872182896750039, "lr": 0.1303081811738389, "phi_s": 1.6185691332698198, "beta_enc": 0.7342074071499061, "s_cf": 0.2914236874448831, "k_intra": 5.150329913726867, "phi_d": 2.4945300024210013, "gamma_fc": 0.12916599637167614}, "datetime": {"delta": 10.130848, "datetime": "2020-09-13 14:20:08", "elapsed": 4420.254264}}
{"target": -9831.358410840929, "params": {"epsilon_d": 5.844702046818478, "gamma_cf": 0.23212242725305632, "beta_rec": 0.26063738044561147, "lr": 0.8354157832401411, "phi_s": 0.3731531494643098, "beta_enc": 0.5681267334492116, "s_cf": 0.13406832534694413, "k_intra": 5.185060815998277, "phi_d": 1.969835234337587, "gamma_fc": 0.2190520522215541}, "datetime": {"delta": 10.110392, "datetime": "2020-09-13 14:20:18", "elapsed": 4430.364656}}
{"target": -9975.711559238176, "params": {"epsilon_d": 8.912206018412917, "gamma_cf": 0.8912914879792161, "beta_rec": 0.31956469287077993, "lr": 0.3883527127176891, "phi_s": 2.764190385821198, "beta_enc": 0.3903005958146033, "s_cf": 0.18959855349536014, "k_intra": 2.1052193779097026, "phi_d": 0.611486760456353, "gamma_fc": 0.029824101023771865}, "datetime": {"delta": 10.072018, "datetime": "2020-09-13 14:20:29", "elapsed": 4440.436674}}
{"target": -11470.064822870767, "params": {"epsilon_d": 4.777180452458304, "gamma_cf": 0.8142192933706808, "beta_rec": 0.9569156335362365, "lr": 0.7616984963076888, "phi_s": 1.0761400192717583, "beta_enc": 0.7339859615174913, "s_cf": 0.7665944044640568, "k_intra": 8.13449254919245, "phi_d": 2.8828505784314626, "gamma_fc": 0.42821938187753605}, "datetime": {"delta": 10.109862, "datetime": "2020-09-13 14:20:39", "elapsed": 4450.546536}}
{"target": -10190.60259761212, "params": {"epsilon_d": 8.143374919221436, "gamma_cf": 0.948298238781793, "beta_rec": 0.8107716829180092, "lr": 0.10605750089084032, "phi_s": 1.096728051021416, "beta_enc": 0.921617803833032, "s_cf": 0.9052448802492974, "k_intra": 4.401465594582737, "phi_d": 2.644118158214696, "gamma_fc": 0.29068290270702435}, "datetime": {"delta": 10.089362, "datetime": "2020-09-13 14:20:49", "elapsed": 4460.635898}}
{"target": -10043.05560493858, "params": {"epsilon_d": 6.904793775772909, "gamma_cf": 0.9227065240960876, "beta_rec": 0.3496058152639734, "lr": 0.040043459908096546, "phi_s": 1.480867073141874, "beta_enc": 0.20385757159533968, "s_cf": 0.7304001354118015, "k_intra": 3.4009351798875445, "phi_d": 1.062077080705879, "gamma_fc": 0.6879460130074898}, "datetime": {"delta": 10.058172, "datetime": "2020-09-13 14:20:59", "elapsed": 4470.69407}}
{"target": -11918.150075257669, "params": {"epsilon_d": 0.767344622459043, "gamma_cf": 0.2817905463438688, "beta_rec": 0.006309041039328278, "lr": 0.4252634793257445, "phi_s": 2.2093209305994246, "beta_enc": 0.8936285933130457, "s_cf": 0.1359613633298138, "k_intra": 5.3578559826153445, "phi_d": 2.662548511969124, "gamma_fc": 0.5356189297149452}, "datetime": {"delta": 10.07423, "datetime": "2020-09-13 14:21:09", "elapsed": 4480.7683}}
{"target": -15795.016792440727, "params": {"epsilon_d": 3.6251855432381164, "gamma_cf": 0.8086200438431687, "beta_rec": 0.5053058555146819, "lr": 0.18245652434354098, "phi_s": 2.693317377603685, "beta_enc": 0.2351363452335682, "s_cf": 0.06573604136793065, "k_intra": 9.411625571261576, "phi_d": 1.5000836866572909, "gamma_fc": 0.41933553630704523}, "datetime": {"delta": 10.149859, "datetime": "2020-09-13 14:21:19", "elapsed": 4490.918159}}
{"target": -10832.952671775196, "params": {"epsilon_d": 9.848127592862253, "gamma_cf": 0.46845375646812104, "beta_rec": 0.2027729254143843, "lr": 0.10396858324133318, "phi_s": 1.5404169962334096, "beta_enc": 0.2792316632894336, "s_cf": 0.878895044167669, "k_intra": 8.539254092751905, "phi_d": 1.1148363318619732, "gamma_fc": 0.8881711480327409}, "datetime": {"delta": 10.089502, "datetime": "2020-09-13 14:21:29", "elapsed": 4501.007661}}
{"target": -9361.927620737662, "params": {"epsilon_d": 7.819485950343506, "gamma_cf": 0.8587173362075939, "beta_rec": 0.3369489293171689, "lr": 0.6466136791600009, "phi_s": 0.5482691192146053, "beta_enc": 0.9818540680087512, "s_cf": 0.7421725312554781, "k_intra": 1.9892743537769708, "phi_d": 1.7360040658166924, "gamma_fc": 0.2812492913825978}, "datetime": {"delta": 10.105833, "datetime": "2020-09-13 14:21:39", "elapsed": 4511.113494}}
{"target": -13040.091341254445, "params": {"epsilon_d": 0.06492972582530121, "gamma_cf": 0.5905153664209507, "beta_rec": 0.6046740203819879, "lr": 0.7593298235379096, "phi_s": 1.327280168901963, "beta_enc": 0.36009268803028016, "s_cf": 0.2993526375962332, "k_intra": 3.4567433769076317, "phi_d": 1.3382133513485297, "gamma_fc": 0.7334260110546541}, "datetime": {"delta": 10.1142, "datetime": "2020-09-13 14:21:49", "elapsed": 4521.227694}}
{"target": -9186.28833245266, "params": {"epsilon_d": 4.431012387881994, "gamma_cf": 0.9869846488981605, "beta_rec": 0.9170848638770785, "lr": 0.23310529818413006, "phi_s": 1.2735409294793736, "beta_enc": 0.7410589188281478, "s_cf": 0.49589829043836964, "k_intra": 3.112352492736875, "phi_d": 1.140914411709176, "gamma_fc": 0.7994877367102835}, "datetime": {"delta": 11.571106, "datetime": "2020-09-13 14:22:01", "elapsed": 4532.7988}}
{"target": -9728.885442473105, "params": {"epsilon_d": 0.5907402174593479, "gamma_cf": 0.45307201200716407, "beta_rec": 0.8409983347570872, "lr": 0.5636770885928416, "phi_s": 1.0579321066769727, "beta_enc": 0.7015337423351009, "s_cf": 0.9489681421433714, "k_intra": 4.240324145005606, "phi_d": 2.825425249491512, "gamma_fc": 0.4275558899293027}, "datetime": {"delta": 11.249096, "datetime": "2020-09-13 14:22:12", "elapsed": 4544.047896}}
{"target": -16152.39643189383, "params": {"epsilon_d": 7.13400836019665, "gamma_cf": 0.8806216959925202, "beta_rec": 0.5484050277202206, "lr": 0.5511431027259658, "phi_s": 1.9985846351733612, "beta_enc": 0.24588425790965263, "s_cf": 0.16901009619785123, "k_intra": 9.657612589875491, "phi_d": 2.725736378867412, "gamma_fc": 0.7816986897799817}, "datetime": {"delta": 10.220637, "datetime": "2020-09-13 14:22:22", "elapsed": 4554.268533}}
{"target": -9069.193400320642, "params": {"epsilon_d": 6.776200720841414, "gamma_cf": 0.2883134649731277, "beta_rec": 0.7607805017586521, "lr": 0.7494525153968865, "phi_s": 2.0291883538432316, "beta_enc": 0.030660715142086348, "s_cf": 0.40406098195856777, "k_intra": 6.894602214202571, "phi_d": 1.719017828406981, "gamma_fc": 0.10601661299440623}, "datetime": {"delta": 10.178263, "datetime": "2020-09-13 14:22:33", "elapsed": 4564.446796}}
{"target": -10186.250452883969, "params": {"epsilon_d": 8.94839201680011, "gamma_cf": 0.7397095550632874, "beta_rec": 0.532401281751286, "lr": 0.8867460123730111, "phi_s": 1.3464346501326225, "beta_enc": 0.866087519586982, "s_cf": 0.8593510087313693, "k_intra": 7.196571309622739, "phi_d": 0.6640827268564445, "gamma_fc": 0.522901877997628}, "datetime": {"delta": 10.152132, "datetime": "2020-09-13 14:22:43", "elapsed": 4574.598928}}
{"target": -9227.375391626674, "params": {"epsilon_d": 4.053468800031138, "gamma_cf": 0.11235899808568683, "beta_rec": 0.13308218215553613, "lr": 0.48906656517912905, "phi_s": 0.49373044236782226, "beta_enc": 0.03049636510686249, "s_cf": 0.7004434248024517, "k_intra": 9.748099995916682, "phi_d": 2.8847757285221545, "gamma_fc": 0.7261520125492258}, "datetime": {"delta": 10.182503, "datetime": "2020-09-13 14:22:53", "elapsed": 4584.781431}}
{"target": -12059.700583313994, "params": {"epsilon_d": 5.3770061234479165, "gamma_cf": 0.9798927970615768, "beta_rec": 0.7917335624838278, "lr": 0.9182785222225094, "phi_s": 1.2905135274673567, "beta_enc": 0.5828583143224961, "s_cf": 0.019947065308665524, "k_intra": 9.502723535014963, "phi_d": 1.3292220513969277, "gamma_fc": 0.43965278161340193}, "datetime": {"delta": 10.186178, "datetime": "2020-09-13 14:23:03", "elapsed": 4594.967609}}
{"target": -9430.267077042185, "params": {"epsilon_d": 3.359256340698007, "gamma_cf": 0.2825157926023575, "beta_rec": 0.19941001204688302, "lr": 0.6002490211186909, "phi_s": 2.515038814109919, "beta_enc": 0.4484941130033685, "s_cf": 0.5855573426905576, "k_intra": 4.401735743398573, "phi_d": 2.5462034542046816, "gamma_fc": 0.6701979675084021}, "datetime": {"delta": 10.173937, "datetime": "2020-09-13 14:23:13", "elapsed": 4605.141546}}
{"target": -9632.121946915731, "params": {"epsilon_d": 0.7112713607759813, "gamma_cf": 0.46738198072551507, "beta_rec": 0.4004102571655167, "lr": 0.8027249620079742, "phi_s": 2.928683530048167, "beta_enc": 0.4405364469063512, "s_cf": 0.3855158212009935, "k_intra": 2.0153069276428015, "phi_d": 2.1246291359752942, "gamma_fc": 0.4030428154695641}, "datetime": {"delta": 10.139718, "datetime": "2020-09-13 14:23:23", "elapsed": 4615.281264}}
{"target": -10641.43027267164, "params": {"epsilon_d": 3.5328845659438954, "gamma_cf": 0.5452467443953123, "beta_rec": 0.519734919504311, "lr": 0.2065119498005623, "phi_s": 2.4063933828132265, "beta_enc": 0.41692758437239774, "s_cf": 0.7990909604018334, "k_intra": 7.305193866733154, "phi_d": 2.4204433507489043, "gamma_fc": 0.8897525417359518}, "datetime": {"delta": 10.23264, "datetime": "2020-09-13 14:23:34", "elapsed": 4625.513904}}
{"target": -9861.613448255965, "params": {"epsilon_d": 6.522909819467742, "gamma_cf": 0.1202250039109185, "beta_rec": 0.6129515207255519, "lr": 0.6883767236348786, "phi_s": 2.057129273197733, "beta_enc": 0.31680265396273743, "s_cf": 0.9384774127274217, "k_intra": 3.6813577351714724, "phi_d": 2.7921813001549176, "gamma_fc": 0.9186752903843785}, "datetime": {"delta": 10.264231, "datetime": "2020-09-13 14:23:44", "elapsed": 4635.778135}}
{"target": -11604.514919513083, "params": {"epsilon_d": 7.289055090750023, "gamma_cf": 0.405720147290497, "beta_rec": 0.1708578946238436, "lr": 0.7904891353633537, "phi_s": 0.6892373561065683, "beta_enc": 0.6991076570229255, "s_cf": 0.5326643311279697, "k_intra": 7.806462711010128, "phi_d": 2.852134120403548, "gamma_fc": 0.3185732933797989}, "datetime": {"delta": 10.250662, "datetime": "2020-09-13 14:23:54", "elapsed": 4646.028797}}
{"target": -9934.489270052434, "params": {"epsilon_d": 2.287864539478861, "gamma_cf": 0.9952902913150423, "beta_rec": 0.5163488687598282, "lr": 0.538047806843471, "phi_s": 2.7524385459386567, "beta_enc": 0.772122458631183, "s_cf": 0.8195853556817784, "k_intra": 5.771433371365626, "phi_d": 2.5359307424270257, "gamma_fc": 0.8893198435637796}, "datetime": {"delta": 10.225869, "datetime": "2020-09-13 14:24:04", "elapsed": 4656.254666}}
{"target": -9009.189628592363, "params": {"epsilon_d": 2.256053317919582, "gamma_cf": 0.5405160670188519, "beta_rec": 0.8556231314791921, "lr": 0.14551195275320672, "phi_s": 0.6654780407403111, "beta_enc": 0.4328097755526352, "s_cf": 0.6499101292412803, "k_intra": 1.1963449572552387, "phi_d": 2.8161539712947805, "gamma_fc": 0.31515028861984373}, "datetime": {"delta": 10.200999, "datetime": "2020-09-13 14:24:15", "elapsed": 4666.455665}}
{"target": -9381.25882418028, "params": {"epsilon_d": 1.3063420411454296, "gamma_cf": 0.28954034603643863, "beta_rec": 0.5254695727323251, "lr": 0.9010699353512651, "phi_s": 2.1700837088811853, "beta_enc": 0.23912115794008248, "s_cf": 0.13908646054947915, "k_intra": 7.066787742228039, "phi_d": 1.3428736827546366, "gamma_fc": 0.40052453004811583}, "datetime": {"delta": 10.158345, "datetime": "2020-09-13 14:24:25", "elapsed": 4676.61401}}
{"target": -9811.540917806014, "params": {"epsilon_d": 7.605062334799419, "gamma_cf": 0.23161528407367749, "beta_rec": 0.44810959037341414, "lr": 0.08380122692037884, "phi_s": 0.10283564366096754, "beta_enc": 0.10057507447264702, "s_cf": 0.7081130395586114, "k_intra": 2.5240773556120564, "phi_d": 1.587701780686387, "gamma_fc": 0.8091328236943013}, "datetime": {"delta": 10.144173, "datetime": "2020-09-13 14:24:35", "elapsed": 4686.758183}}
{"target": -9278.248350517015, "params": {"epsilon_d": 6.631646068687582, "gamma_cf": 0.4942167259302379, "beta_rec": 0.9733195963038493, "lr": 0.1418303940378226, "phi_s": 1.7708316665565607, "beta_enc": 0.7390592486112548, "s_cf": 0.212914237650623, "k_intra": 5.342950271226653, "phi_d": 2.426927410924182, "gamma_fc": 0.07362331711648329}, "datetime": {"delta": 10.186025, "datetime": "2020-09-13 14:24:45", "elapsed": 4696.944208}}
{"target": -10130.900147364751, "params": {"epsilon_d": 6.6909821232701, "gamma_cf": 0.7795510881468012, "beta_rec": 0.33300847691599145, "lr": 0.10367436206390568, "phi_s": 1.0149438592714028, "beta_enc": 0.7070551786748137, "s_cf": 0.643501190424533, "k_intra": 5.106564625707462, "phi_d": 1.9834383666755275, "gamma_fc": 0.08657611869611215}, "datetime": {"delta": 10.1644, "datetime": "2020-09-13 14:24:55", "elapsed": 4707.108608}}
{"target": -9289.83157989542, "params": {"epsilon_d": 4.781592550120662, "gamma_cf": 0.7935531886275523, "beta_rec": 0.866996397020029, "lr": 0.7637749232114304, "phi_s": 1.3676592080526349, "beta_enc": 0.048553782068418094, "s_cf": 0.9303323300063634, "k_intra": 3.3497374225293273, "phi_d": 2.5749264580071576, "gamma_fc": 0.22663697816785}, "datetime": {"delta": 10.159771, "datetime": "2020-09-13 14:25:05", "elapsed": 4717.268379}}
{"target": -9892.222889490284, "params": {"epsilon_d": 4.528613379550066, "gamma_cf": 0.160400046327681, "beta_rec": 0.0490974814309052, "lr": 0.20117763970615266, "phi_s": 2.4716093622266198, "beta_enc": 0.5796142988403586, "s_cf": 0.3436466908555792, "k_intra": 3.4735266793066844, "phi_d": 2.5440852987865368, "gamma_fc": 0.7328244469214485}, "datetime": {"delta": 10.167749, "datetime": "2020-09-13 14:25:16", "elapsed": 4727.436128}}
{"target": -10555.448794020458, "params": {"epsilon_d": 1.7888471737673117, "gamma_cf": 0.7359188438468761, "beta_rec": 0.06059981017907001, "lr": 0.5011500981247835, "phi_s": 1.5787622013834957, "beta_enc": 0.40362279124135425, "s_cf": 0.5680690305779442, "k_intra": 8.232369701013067, "phi_d": 2.326801005458865, "gamma_fc": 0.566130348490864}, "datetime": {"delta": 10.173751, "datetime": "2020-09-13 14:25:26", "elapsed": 4737.609879}}
{"target": -8976.940937470545, "params": {"epsilon_d": 2.0103314871167157, "gamma_cf": 0.5562191720969792, "beta_rec": 0.5444010245167868, "lr": 0.7647839601930789, "phi_s": 1.1710095722156664, "beta_enc": 0.1846179642971857, "s_cf": 0.8778780189185478, "k_intra": 1.8600998929139123, "phi_d": 0.30557017056314983, "gamma_fc": 0.1414412376582579}, "datetime": {"delta": 10.148249, "datetime": "2020-09-13 14:25:36", "elapsed": 4747.758128}}
{"target": -9201.32754054079, "params": {"epsilon_d": 1.1396036759820338, "gamma_cf": 0.8765407575704615, "beta_rec": 0.3591532152607505, "lr": 0.42190635251897535, "phi_s": 1.0996453976897878, "beta_enc": 0.10433739981467072, "s_cf": 0.21350166529672077, "k_intra": 2.545555078427233, "phi_d": 2.029242451620559, "gamma_fc": 0.12623711288033812}, "datetime": {"delta": 10.20374, "datetime": "2020-09-13 14:25:46", "elapsed": 4757.961868}}
{"target": -9825.310403836416, "params": {"epsilon_d": 9.907513493930347, "gamma_cf": 0.3271651758113694, "beta_rec": 0.5710246261646967, "lr": 0.2989356914102731, "phi_s": 2.9846524328900523, "beta_enc": 0.37338510576646033, "s_cf": 0.6042673787827755, "k_intra": 7.062352536720175, "phi_d": 1.1141320910417216, "gamma_fc": 0.3622033363809831}, "datetime": {"delta": 10.163213, "datetime": "2020-09-13 14:25:56", "elapsed": 4768.125081}}
{"target": -13438.992966575795, "params": {"epsilon_d": 1.454902197262089, "gamma_cf": 0.727728294216953, "beta_rec": 0.03166569048661938, "lr": 0.49562965945080917, "phi_s": 0.6636846035779091, "beta_enc": 0.8288107950381358, "s_cf": 0.5901664445660855, "k_intra": 9.952645064599801, "phi_d": 1.2139012186729043, "gamma_fc": 0.5397439455910149}, "datetime": {"delta": 10.164821, "datetime": "2020-09-13 14:26:06", "elapsed": 4778.289902}}
{"target": -9404.111894637756, "params": {"epsilon_d": 1.3762582626040343, "gamma_cf": 0.008089923305083069, "beta_rec": 0.9244391872210278, "lr": 0.6103386115064283, "phi_s": 1.287927536707013, "beta_enc": 0.7666251865451571, "s_cf": 0.677205263887532, "k_intra": 1.8294758625692231, "phi_d": 1.8987809832716651, "gamma_fc": 0.477960489221536}, "datetime": {"delta": 10.182532, "datetime": "2020-09-13 14:26:17", "elapsed": 4788.472434}}
{"target": -10546.569897035144, "params": {"epsilon_d": 0.5033968420563784, "gamma_cf": 0.1718618586534073, "beta_rec": 0.8085819804847832, "lr": 0.9397290211237066, "phi_s": 1.3801098798647335, "beta_enc": 0.19967056911058145, "s_cf": 0.9388041036339804, "k_intra": 9.003771794068165, "phi_d": 2.7344884507017992, "gamma_fc": 0.9806023190695672}, "datetime": {"delta": 10.183961, "datetime": "2020-09-13 14:26:27", "elapsed": 4798.656395}}
{"target": -9678.05367077806, "params": {"epsilon_d": 5.57264074472929, "gamma_cf": 0.31332023512450924, "beta_rec": 0.0495143119387923, "lr": 0.48313240951578573, "phi_s": 2.7779826051997825, "beta_enc": 0.23741346306868838, "s_cf": 0.23619249355925243, "k_intra": 4.716085694535741, "phi_d": 1.7532248351294013, "gamma_fc": 0.5320773163972055}, "datetime": {"delta": 10.199575, "datetime": "2020-09-13 14:26:37", "elapsed": 4808.85597}}
{"target": -9739.444650300515, "params": {"epsilon_d": 0.7921076300310081, "gamma_cf": 0.8353874860030593, "beta_rec": 0.733835433258643, "lr": 0.000393003192162511, "phi_s": 2.095044414615876, "beta_enc": 0.8760801490992749, "s_cf": 0.8511726351136841, "k_intra": 3.357381098211646, "phi_d": 0.8128350393599512, "gamma_fc": 0.3976440185452329}, "datetime": {"delta": 10.192936, "datetime": "2020-09-13 14:26:47", "elapsed": 4819.048906}}
{"target": -14863.385390264444, "params": {"epsilon_d": 1.504233377652363, "gamma_cf": 0.8035001641072596, "beta_rec": 0.3709397705100095, "lr": 0.6788545241061085, "phi_s": 2.6607898779556756, "beta_enc": 0.24104946936951954, "s_cf": 0.6253678484792837, "k_intra": 7.004781873795244, "phi_d": 2.686930511848582, "gamma_fc": 0.7170237234044958}, "datetime": {"delta": 10.150563, "datetime": "2020-09-13 14:26:57", "elapsed": 4829.199469}}
{"target": -17262.3501846847, "params": {"epsilon_d": 0.289572504552178, "gamma_cf": 0.9164840140021397, "beta_rec": 0.40310278532155364, "lr": 0.30208713711860113, "phi_s": 2.605690398047545, "beta_enc": 0.2887783770398952, "s_cf": 0.8860127590881511, "k_intra": 9.08170823529499, "phi_d": 2.8399967164865547, "gamma_fc": 0.6874477338720318}, "datetime": {"delta": 10.206665, "datetime": "2020-09-13 14:27:08", "elapsed": 4839.406134}}
{"target": -12633.8961332316, "params": {"epsilon_d": 1.2232529228275513, "gamma_cf": 0.9328079064690463, "beta_rec": 0.37724021892530935, "lr": 0.4869211668341662, "phi_s": 1.6790717785809302, "beta_enc": 0.00014133020842688193, "s_cf": 0.9171108608633298, "k_intra": 4.89336413426905, "phi_d": 1.7538465129673235, "gamma_fc": 0.5137072525150828}, "datetime": {"delta": 10.150439, "datetime": "2020-09-13 14:27:18", "elapsed": 4849.556573}}
{"target": -11094.53664662513, "params": {"epsilon_d": 3.227273357745709, "gamma_cf": 0.7844374215713414, "beta_rec": 0.7837192592950845, "lr": 0.7729997416212465, "phi_s": 1.6332262136480142, "beta_enc": 0.8843845465271899, "s_cf": 0.4501853666907679, "k_intra": 8.602262001703625, "phi_d": 2.35030469314937, "gamma_fc": 0.1451854751117918}, "datetime": {"delta": 10.175595, "datetime": "2020-09-13 14:27:28", "elapsed": 4859.732168}}
{"target": -10445.130410572068, "params": {"epsilon_d": 9.659290965618759, "gamma_cf": 0.5435319722003557, "beta_rec": 0.8086781770695518, "lr": 0.517755251349526, "phi_s": 2.9762233616996796, "beta_enc": 0.22663149269250416, "s_cf": 0.2503166518227775, "k_intra": 2.8235044197461976, "phi_d": 1.0516715093329736, "gamma_fc": 0.9022074570473902}, "datetime": {"delta": 10.140859, "datetime": "2020-09-13 14:27:38", "elapsed": 4869.873027}}
