{"target": -8489.75928868748, "params": {"epsilon_d": 2.2542279383343584, "phi_d": 0.4798531160295213, "beta_rec": 0.9229239859666751, "gamma_cf": 0.5562935351695077, "k_intra": 5.792010056378187, "gamma_fc": 0.1753411835411764, "s_cf": 0.9213008330785272, "beta_enc": 0.32416123158348387, "phi_s": 2.494308748297886}, "datetime": {"delta": 59.168856, "elapsed": 23327.776078, "datetime": "2020-04-27 17:00:55"}}
{"target": -8491.925382744097, "params": {"epsilon_d": 2.234512367182497, "phi_d": 0.45526394977869583, "beta_rec": 0.9391807554695001, "gamma_cf": 0.5606283747780643, "k_intra": 5.7450442415975695, "gamma_fc": 0.17746545786773105, "s_cf": 0.9357184099083339, "beta_enc": 0.3189227104519831, "phi_s": 2.4090911343489303}, "datetime": {"delta": 60.626353, "elapsed": 23388.402431, "datetime": "2020-04-27 17:01:55"}}
{"target": -8483.690553921197, "params": {"epsilon_d": 2.2465200217632098, "phi_d": 0.4888290505140849, "beta_rec": 0.933109916001427, "gamma_cf": 0.5920888499296811, "k_intra": 5.879314689755519, "gamma_fc": 0.16813441034370155, "s_cf": 1.061242451490342, "beta_enc": 0.3359047154370083, "phi_s": 2.654612053040672}, "datetime": {"delta": 60.659039, "elapsed": 23449.06147, "datetime": "2020-04-27 17:02:56"}}
{"target": -8485.31238987761, "params": {"epsilon_d": 2.282256165485522, "phi_d": 0.4866629187972253, "beta_rec": 0.932163532667455, "gamma_cf": 0.5850883295486152, "k_intra": 5.824921474318934, "gamma_fc": 0.1650114904827783, "s_cf": 1.065705313758112, "beta_enc": 0.32625261434653124, "phi_s": 2.5779761949496636}, "datetime": {"delta": 51.611126, "elapsed": 23500.672596, "datetime": "2020-04-27 17:03:48"}}
{"target": -8487.437945647369, "params": {"epsilon_d": 2.1615711503910204, "phi_d": 0.5021786273978385, "beta_rec": 0.9279022601364292, "gamma_cf": 0.5941987683593019, "k_intra": 5.880772394845342, "gamma_fc": 0.1512243463318726, "s_cf": 0.9940721545337011, "beta_enc": 0.3312702571252168, "phi_s": 2.5964864839660855}, "datetime": {"delta": 57.02297, "elapsed": 23557.695566, "datetime": "2020-04-27 17:04:45"}}
{"target": -8487.878624700226, "params": {"epsilon_d": 2.2932537717401504, "phi_d": 0.45636662650200543, "beta_rec": 0.9413830598885757, "gamma_cf": 0.5743654100939158, "k_intra": 5.7806096408565795, "gamma_fc": 0.17461100448959946, "s_cf": 0.9549257189835785, "beta_enc": 0.3244794071463409, "phi_s": 2.4700956123797733}, "datetime": {"delta": 53.734834, "elapsed": 23611.4304, "datetime": "2020-04-27 17:05:38"}}
{"target": -8485.408896217912, "params": {"epsilon_d": 2.309701880315032, "phi_d": 0.5003946297282745, "beta_rec": 0.9432819879388155, "gamma_cf": 0.5756072177310281, "k_intra": 5.881583521138289, "gamma_fc": 0.1584163869132251, "s_cf": 1.0381477683417397, "beta_enc": 0.3228230393929804, "phi_s": 2.637569996803929}, "datetime": {"delta": 55.441213, "elapsed": 23666.871613, "datetime": "2020-04-27 17:06:34"}}
{"target": -8487.358590916141, "params": {"epsilon_d": 2.302599772171615, "phi_d": 0.4861347339621203, "beta_rec": 0.9296640462543385, "gamma_cf": 0.6052297713757873, "k_intra": 5.88476313953735, "gamma_fc": 0.14780025185897547, "s_cf": 1.0922535081736264, "beta_enc": 0.33158786921911887, "phi_s": 2.632185344821067}, "datetime": {"delta": 53.803904, "elapsed": 23720.675517, "datetime": "2020-04-27 17:07:28"}}
{"target": -8487.590183680199, "params": {"epsilon_d": 2.165754962082884, "phi_d": 0.4701340793474928, "beta_rec": 0.951694459004038, "gamma_cf": 0.5969526042032285, "k_intra": 5.800042337312173, "gamma_fc": 0.17929854176440022, "s_cf": 1.0731935775458883, "beta_enc": 0.32115805807811487, "phi_s": 2.5263296519611806}, "datetime": {"delta": 56.649201, "elapsed": 23777.324718, "datetime": "2020-04-27 17:08:24"}}
{"target": -8487.795762780908, "params": {"epsilon_d": 2.241735614591037, "phi_d": 0.46301672382561254, "beta_rec": 0.9181510919819621, "gamma_cf": 0.5724664871544102, "k_intra": 5.80087488795594, "gamma_fc": 0.16785217497115923, "s_cf": 0.9560494948354349, "beta_enc": 0.3241542938217307, "phi_s": 2.53570776723498}, "datetime": {"delta": 57.792022, "elapsed": 23835.11674, "datetime": "2020-04-27 17:09:22"}}
{"target": -8489.408180805074, "params": {"epsilon_d": 2.295808125311474, "phi_d": 0.4628811060191448, "beta_rec": 0.9499324964263455, "gamma_cf": 0.6024106171423372, "k_intra": 5.772768392273049, "gamma_fc": 0.16439179549479935, "s_cf": 1.1009989470080586, "beta_enc": 0.3174233507785223, "phi_s": 2.4775343519314936}, "datetime": {"delta": 52.299173, "elapsed": 23887.415913, "datetime": "2020-04-27 17:10:14"}}
{"target": -8497.679592984754, "params": {"epsilon_d": 2.2243439826700335, "phi_d": 0.4363604996442363, "beta_rec": 0.9411476391046847, "gamma_cf": 0.5732397974761343, "k_intra": 5.767751457302941, "gamma_fc": 0.17451572447605265, "s_cf": 1.0697033080993443, "beta_enc": 0.3529282666496259, "phi_s": 2.6107780550030406}, "datetime": {"delta": 56.178651, "elapsed": 23943.594564, "datetime": "2020-04-27 17:11:11"}}
{"target": -8487.744168971665, "params": {"epsilon_d": 2.2475769136881585, "phi_d": 0.466900662610927, "beta_rec": 0.929173937706566, "gamma_cf": 0.5612588339297168, "k_intra": 5.755150340357634, "gamma_fc": 0.17609468508389606, "s_cf": 0.9735279833438746, "beta_enc": 0.3286833400299762, "phi_s": 2.531014512486983}, "datetime": {"delta": 53.765653, "elapsed": 23997.360217, "datetime": "2020-04-27 17:12:04"}}
{"target": -8485.062706739067, "params": {"epsilon_d": 2.195922245477238, "phi_d": 0.49243202876187164, "beta_rec": 0.9503539379765705, "gamma_cf": 0.5810255643548146, "k_intra": 5.839309042833525, "gamma_fc": 0.18136799601479378, "s_cf": 1.0456643659341545, "beta_enc": 0.3281471241103004, "phi_s": 2.5984595731173616}, "datetime": {"delta": 56.213749, "elapsed": 24053.573966, "datetime": "2020-04-27 17:13:01"}}
{"target": -8487.90978583897, "params": {"epsilon_d": 2.2565002077885965, "phi_d": 0.47689410881593525, "beta_rec": 0.9338183756895536, "gamma_cf": 0.5976835670681101, "k_intra": 5.838175914150981, "gamma_fc": 0.1886338152348253, "s_cf": 1.0619518283376823, "beta_enc": 0.3268676663572528, "phi_s": 2.53966678583505}, "datetime": {"delta": 52.365937, "elapsed": 24105.939903, "datetime": "2020-04-27 17:13:53"}}
{"target": -8490.537145274373, "params": {"epsilon_d": 2.3217485840189034, "phi_d": 0.448129501258375, "beta_rec": 0.9285119044348366, "gamma_cf": 0.5487768279547528, "k_intra": 5.769075230951788, "gamma_fc": 0.16704347762249627, "s_cf": 1.006436520074317, "beta_enc": 0.3284233183299721, "phi_s": 2.5252691840497308}, "datetime": {"delta": 52.792259, "elapsed": 24158.732162, "datetime": "2020-04-27 17:14:46"}}
{"target": -8491.890011070176, "params": {"epsilon_d": 2.295958388709152, "phi_d": 0.4743465624278385, "beta_rec": 0.9305265278902315, "gamma_cf": 0.5693639025042226, "k_intra": 5.786605301205724, "gamma_fc": 0.18072130766931657, "s_cf": 0.9784033898856731, "beta_enc": 0.31142420407504406, "phi_s": 2.4721259121874986}, "datetime": {"delta": 54.3643, "elapsed": 24213.096462, "datetime": "2020-04-27 17:15:40"}}
{"target": -8485.539857694142, "params": {"epsilon_d": 2.2162893197038698, "phi_d": 0.4866120049458957, "beta_rec": 0.9454668303110602, "gamma_cf": 0.5988339510501612, "k_intra": 5.811684294220937, "gamma_fc": 0.17399571481021844, "s_cf": 1.0791147839689985, "beta_enc": 0.33057893483103495, "phi_s": 2.528283776386015}, "datetime": {"delta": 57.637262, "elapsed": 24270.733724, "datetime": "2020-04-27 17:16:38"}}
{"target": -8487.577142985669, "params": {"epsilon_d": 2.285324007521483, "phi_d": 0.48586137912039157, "beta_rec": 0.9363506149431268, "gamma_cf": 0.594752993628101, "k_intra": 5.7575015793163615, "gamma_fc": 0.18792827290609235, "s_cf": 1.0859619410428716, "beta_enc": 0.3286100176276683, "phi_s": 2.4995525511932186}, "datetime": {"delta": 53.563675, "elapsed": 24324.297399, "datetime": "2020-04-27 17:17:31"}}
{"target": -8491.121555437485, "params": {"epsilon_d": 2.25719462492577, "phi_d": 0.48846670548973004, "beta_rec": 0.9539995964625808, "gamma_cf": 0.5680938686304688, "k_intra": 5.774641327850126, "gamma_fc": 0.18578721206875565, "s_cf": 0.9453197516891864, "beta_enc": 0.3353722518321726, "phi_s": 2.455713805849714}, "datetime": {"delta": 54.439835, "elapsed": 24378.737234, "datetime": "2020-04-27 17:18:26"}}
{"target": -8488.062532527281, "params": {"epsilon_d": 2.1637530438852153, "phi_d": 0.4909226016647934, "beta_rec": 0.9277242533380046, "gamma_cf": 0.5915767279274695, "k_intra": 5.844862589378524, "gamma_fc": 0.18332241643225267, "s_cf": 1.0215212211743057, "beta_enc": 0.33829680974178084, "phi_s": 2.5485446823676456}, "datetime": {"delta": 54.879405, "elapsed": 24433.616639, "datetime": "2020-04-27 17:19:21"}}
{"target": -8492.115756317526, "params": {"epsilon_d": 2.2547626828712826, "phi_d": 0.44036808841713154, "beta_rec": 0.9301603222927958, "gamma_cf": 0.574759196874536, "k_intra": 5.724198388260717, "gamma_fc": 0.18918301315021488, "s_cf": 0.9516917589592836, "beta_enc": 0.3270381909022421, "phi_s": 2.4143117642858756}, "datetime": {"delta": 58.010558, "elapsed": 24491.627197, "datetime": "2020-04-27 17:20:19"}}
{"target": -8489.716503868365, "params": {"epsilon_d": 2.204487886096217, "phi_d": 0.48094053611150056, "beta_rec": 0.9102256746329686, "gamma_cf": 0.5639479866640619, "k_intra": 5.817880016931401, "gamma_fc": 0.16406863113656026, "s_cf": 0.9667703911219369, "beta_enc": 0.32918655617119297, "phi_s": 2.5421195156391057}, "datetime": {"delta": 57.60193, "elapsed": 24549.229127, "datetime": "2020-04-27 17:21:16"}}
{"target": -8485.18945080034, "params": {"epsilon_d": 2.2530327347870194, "phi_d": 0.46224899996330643, "beta_rec": 0.9550089975337974, "gamma_cf": 0.5799426279736682, "k_intra": 5.841858648748956, "gamma_fc": 0.16023728078563468, "s_cf": 1.0291148465890498, "beta_enc": 0.32741804582176215, "phi_s": 2.6293005951465935}, "datetime": {"delta": 55.206681, "elapsed": 24604.435808, "datetime": "2020-04-27 17:22:11"}}
{"target": -8489.283365348994, "params": {"epsilon_d": 2.2667920127995598, "phi_d": 0.4506232148288877, "beta_rec": 0.9658308473515416, "gamma_cf": 0.5681004058938868, "k_intra": 5.823928330614873, "gamma_fc": 0.1694821605945696, "s_cf": 1.011853121713811, "beta_enc": 0.31661453251631255, "phi_s": 2.551680201130167}, "datetime": {"delta": 59.845399, "elapsed": 24664.281207, "datetime": "2020-04-27 17:23:11"}}
{"target": -8487.499446641697, "params": {"epsilon_d": 2.239277394913377, "phi_d": 0.44600126570856924, "beta_rec": 0.9429734155406687, "gamma_cf": 0.5677871394857069, "k_intra": 5.758017596399807, "gamma_fc": 0.1767233086940919, "s_cf": 0.9607043968138321, "beta_enc": 0.3245596257435419, "phi_s": 2.5317367316243122}, "datetime": {"delta": 51.662836, "elapsed": 24715.944043, "datetime": "2020-04-27 17:24:03"}}
{"target": -8490.843457980895, "params": {"epsilon_d": 2.19015424043821, "phi_d": 0.45830395286489933, "beta_rec": 0.9502755846993303, "gamma_cf": 0.5783550311000137, "k_intra": 5.835890977716754, "gamma_fc": 0.17198610666552847, "s_cf": 1.047581326228509, "beta_enc": 0.31251881560452266, "phi_s": 2.6104357856228546}, "datetime": {"delta": 54.527167, "elapsed": 24770.47121, "datetime": "2020-04-27 17:24:57"}}
{"target": -8490.372450057002, "params": {"epsilon_d": 2.263219340673898, "phi_d": 0.4180910644149586, "beta_rec": 0.9396962059721484, "gamma_cf": 0.5608298940229808, "k_intra": 5.765384722209743, "gamma_fc": 0.16385542429754227, "s_cf": 0.9562881496018103, "beta_enc": 0.31801130025642615, "phi_s": 2.5302251946511585}, "datetime": {"delta": 55.39402, "elapsed": 24825.86523, "datetime": "2020-04-27 17:25:53"}}
{"target": -8488.883313305658, "params": {"epsilon_d": 2.3568688340999677, "phi_d": 0.4630779523860544, "beta_rec": 0.9540972481372774, "gamma_cf": 0.5995618039364966, "k_intra": 5.747814012066916, "gamma_fc": 0.18233432357499493, "s_cf": 1.085778888500645, "beta_enc": 0.3305275828100231, "phi_s": 2.5063060159739843}, "datetime": {"delta": 53.73729, "elapsed": 24879.60252, "datetime": "2020-04-27 17:26:47"}}
{"target": -8490.430474784846, "params": {"epsilon_d": 2.258143304927729, "phi_d": 0.44272429415529063, "beta_rec": 0.9337867818638058, "gamma_cf": 0.5589428832881564, "k_intra": 5.768795335075209, "gamma_fc": 0.17405301035183274, "s_cf": 0.9232012117449521, "beta_enc": 0.321516487721135, "phi_s": 2.4531265383939527}, "datetime": {"delta": 52.648829, "elapsed": 24932.251349, "datetime": "2020-04-27 17:27:39"}}
{"target": -8486.196455298481, "params": {"epsilon_d": 2.193642781268554, "phi_d": 0.487098598745696, "beta_rec": 0.9435960385883023, "gamma_cf": 0.5821806912803875, "k_intra": 5.867139889378266, "gamma_fc": 0.17206181710692928, "s_cf": 0.963667230575474, "beta_enc": 0.32933020051926115, "phi_s": 2.5068772812655813}, "datetime": {"delta": 56.474933, "elapsed": 24988.726282, "datetime": "2020-04-27 17:28:36"}}
{"target": -8487.911996684395, "params": {"epsilon_d": 2.1709101281338827, "phi_d": 0.45304808174200145, "beta_rec": 0.9250804468071058, "gamma_cf": 0.5647736027511325, "k_intra": 5.882747452250561, "gamma_fc": 0.15813909553623343, "s_cf": 0.9407463986533026, "beta_enc": 0.33109170753911454, "phi_s": 2.568236640290475}, "datetime": {"delta": 53.907222, "elapsed": 25042.633504, "datetime": "2020-04-27 17:29:30"}}
{"target": -8490.94798107713, "params": {"epsilon_d": 2.1803897983169382, "phi_d": 0.48411435062584, "beta_rec": 0.9218957540177771, "gamma_cf": 0.5659328669524369, "k_intra": 5.765811810262914, "gamma_fc": 0.18521847454051893, "s_cf": 0.9408484016250064, "beta_enc": 0.3299938166839306, "phi_s": 2.486703324790475}, "datetime": {"delta": 56.042512, "elapsed": 25098.676016, "datetime": "2020-04-27 17:30:26"}}
{"target": -8493.219116739701, "params": {"epsilon_d": 2.2213428712641234, "phi_d": 0.43105957144449497, "beta_rec": 0.9365734686744731, "gamma_cf": 0.5716897970005501, "k_intra": 5.720506834291074, "gamma_fc": 0.17115900444635077, "s_cf": 0.9450537847266427, "beta_enc": 0.31900638824535194, "phi_s": 2.389443996224928}, "datetime": {"delta": 53.733647, "elapsed": 25152.409663, "datetime": "2020-04-27 17:31:19"}}
{"target": -8490.14926966228, "params": {"epsilon_d": 2.3516819960477418, "phi_d": 0.5065563062872518, "beta_rec": 0.9405699852253789, "gamma_cf": 0.5920578912023405, "k_intra": 5.797053372947403, "gamma_fc": 0.17634073779711731, "s_cf": 0.9731938970375571, "beta_enc": 0.31696272512095625, "phi_s": 2.5166601696311353}, "datetime": {"delta": 52.657314, "elapsed": 25205.066977, "datetime": "2020-04-27 17:32:12"}}
{"target": -8487.991437456829, "params": {"epsilon_d": 2.1493410658010506, "phi_d": 0.468126742873264, "beta_rec": 0.9387626442861309, "gamma_cf": 0.5999893564530797, "k_intra": 5.8042502472479445, "gamma_fc": 0.181423121081191, "s_cf": 1.0279958459715641, "beta_enc": 0.3259841927484873, "phi_s": 2.4702788600834973}, "datetime": {"delta": 52.891216, "elapsed": 25257.958193, "datetime": "2020-04-27 17:33:05"}}
{"target": -8486.210326088927, "params": {"epsilon_d": 2.1704007838722705, "phi_d": 0.5036051952789279, "beta_rec": 0.940727013455298, "gamma_cf": 0.5737467773898526, "k_intra": 5.847040392160573, "gamma_fc": 0.17259330355748062, "s_cf": 1.0227327936119026, "beta_enc": 0.32843889376844554, "phi_s": 2.545980833287406}, "datetime": {"delta": 54.384554, "elapsed": 25312.342747, "datetime": "2020-04-27 17:33:59"}}
{"target": -8491.465149759775, "params": {"epsilon_d": 2.2134878374989513, "phi_d": 0.44472639196493496, "beta_rec": 0.9168468754393386, "gamma_cf": 0.5679502949471901, "k_intra": 5.752586560373925, "gamma_fc": 0.16829774868304642, "s_cf": 0.9561333585449927, "beta_enc": 0.32835285637934847, "phi_s": 2.4667807023745625}, "datetime": {"delta": 55.959688, "elapsed": 25368.302435, "datetime": "2020-04-27 17:34:55"}}
{"target": -8488.87035583999, "params": {"epsilon_d": 2.1278464760482017, "phi_d": 0.4794832207932336, "beta_rec": 0.9485651963889397, "gamma_cf": 0.5676708340030782, "k_intra": 5.8518857527934705, "gamma_fc": 0.17867583978367182, "s_cf": 0.959642176694824, "beta_enc": 0.3250913121205747, "phi_s": 2.477468399485212}, "datetime": {"delta": 56.749941, "elapsed": 25425.052376, "datetime": "2020-04-27 17:35:52"}}
{"target": -8489.4356058015, "params": {"epsilon_d": 2.2100051304435886, "phi_d": 0.4449766026545701, "beta_rec": 0.9308241944112606, "gamma_cf": 0.5723633981713175, "k_intra": 5.783759640040765, "gamma_fc": 0.1677560176281607, "s_cf": 1.0184821904016772, "beta_enc": 0.3328189346300126, "phi_s": 2.4964221318566193}, "datetime": {"delta": 54.487135, "elapsed": 25479.539511, "datetime": "2020-04-27 17:36:46"}}
{"target": -8488.145439084152, "params": {"epsilon_d": 2.158463460797019, "phi_d": 0.4710398294202586, "beta_rec": 0.9328077407454384, "gamma_cf": 0.5852159799824204, "k_intra": 5.844609284783233, "gamma_fc": 0.16130984048296224, "s_cf": 0.9979860906509856, "beta_enc": 0.3275060178823896, "phi_s": 2.4899908470794836}, "datetime": {"delta": 57.222381, "elapsed": 25536.761892, "datetime": "2020-04-27 17:37:44"}}
{"target": -8488.412843547505, "params": {"epsilon_d": 2.1450733582891814, "phi_d": 0.4567987193204552, "beta_rec": 0.9338215175705028, "gamma_cf": 0.5714885382275056, "k_intra": 5.897655039534753, "gamma_fc": 0.16679970910536873, "s_cf": 0.9612932975529558, "beta_enc": 0.3393400235046314, "phi_s": 2.5742561583498578}, "datetime": {"delta": 58.583869, "elapsed": 25595.345761, "datetime": "2020-04-27 17:38:42"}}
{"target": -8488.881576496324, "params": {"epsilon_d": 2.2378796530809337, "phi_d": 0.4652325687551312, "beta_rec": 0.9477657429312014, "gamma_cf": 0.5966292843147922, "k_intra": 5.740593870095512, "gamma_fc": 0.17359735898220294, "s_cf": 1.0519920701249983, "beta_enc": 0.32656607451424713, "phi_s": 2.4185737874219417}, "datetime": {"delta": 58.912821, "elapsed": 25654.258582, "datetime": "2020-04-27 17:39:41"}}
{"target": -8487.804537898528, "params": {"epsilon_d": 2.2462621964669056, "phi_d": 0.4915233684261862, "beta_rec": 0.9567099114623936, "gamma_cf": 0.5745667369611244, "k_intra": 5.827880975078061, "gamma_fc": 0.18197519465887702, "s_cf": 0.9893543009271866, "beta_enc": 0.3335365850658812, "phi_s": 2.4921056597404276}, "datetime": {"delta": 65.840578, "elapsed": 25720.09916, "datetime": "2020-04-27 17:40:47"}}
{"target": -8488.338835264289, "params": {"epsilon_d": 2.1322022044369016, "phi_d": 0.4772836948843398, "beta_rec": 0.9424125774929365, "gamma_cf": 0.5731933217748513, "k_intra": 5.800909889861933, "gamma_fc": 0.17560367323241244, "s_cf": 0.9652991233416227, "beta_enc": 0.32553064271401655, "phi_s": 2.5090750320914954}, "datetime": {"delta": 56.541134, "elapsed": 25776.640294, "datetime": "2020-04-27 17:41:44"}}
{"target": -8489.67646591217, "params": {"epsilon_d": 2.1579619411617523, "phi_d": 0.4792140809191786, "beta_rec": 0.9327496486808803, "gamma_cf": 0.5756970345136128, "k_intra": 5.768657585335311, "gamma_fc": 0.17647270723400763, "s_cf": 0.9800331014269676, "beta_enc": 0.32534500119301757, "phi_s": 2.449422221618046}, "datetime": {"delta": 58.503516, "elapsed": 25835.14381, "datetime": "2020-04-27 17:42:42"}}
{"target": -8490.134316209198, "params": {"epsilon_d": 2.2069386144080854, "phi_d": 0.48389489602468394, "beta_rec": 0.9468824410167633, "gamma_cf": 0.5866418938624177, "k_intra": 5.801257243964744, "gamma_fc": 0.17951322501843905, "s_cf": 0.9025677803653516, "beta_enc": 0.3281085030051567, "phi_s": 2.475535200239936}, "datetime": {"delta": 57.50403, "elapsed": 25892.64784, "datetime": "2020-04-27 17:43:40"}}
{"target": -8488.861396187067, "params": {"epsilon_d": 2.1311016586948046, "phi_d": 0.47710036634083697, "beta_rec": 0.9128351110478736, "gamma_cf": 0.5908235132159366, "k_intra": 5.834240607589856, "gamma_fc": 0.15610316803384902, "s_cf": 1.0500664496798149, "beta_enc": 0.3311483900514589, "phi_s": 2.577972451633209}, "datetime": {"delta": 54.307375, "elapsed": 25946.955215, "datetime": "2020-04-27 17:44:34"}}
{"target": -8486.755426238824, "params": {"epsilon_d": 2.1780851849543197, "phi_d": 0.48487895164509903, "beta_rec": 0.9330913376011866, "gamma_cf": 0.5689217626698396, "k_intra": 5.886567863212165, "gamma_fc": 0.16210204903255077, "s_cf": 0.9985923020135095, "beta_enc": 0.33721283183605616, "phi_s": 2.58536190542971}, "datetime": {"delta": 58.273973, "elapsed": 26005.229188, "datetime": "2020-04-27 17:45:32"}}
{"target": -8487.127702594677, "params": {"epsilon_d": 2.1637313994726233, "phi_d": 0.4891392958696968, "beta_rec": 0.9366605819020343, "gamma_cf": 0.5762323662894974, "k_intra": 5.890694982247108, "gamma_fc": 0.165263076789185, "s_cf": 0.9373922347159293, "beta_enc": 0.32255158615103063, "phi_s": 2.5476565919401484}, "datetime": {"delta": 57.190043, "elapsed": 26062.419231, "datetime": "2020-04-27 17:46:29"}}
{"target": -8502.580446296133, "params": {"epsilon_d": 2.3043887366023252, "phi_d": 0.4976909000536344, "beta_rec": 0.9311606841275766, "gamma_cf": 0.5246419867581067, "k_intra": 5.734745631533344, "gamma_fc": 0.19463548284882387, "s_cf": 0.920153795406288, "beta_enc": 0.3373638879963603, "phi_s": 2.404302187870208}, "datetime": {"delta": 60.004729, "elapsed": 26122.42396, "datetime": "2020-04-27 17:47:29"}}
{"target": -8491.894190400353, "params": {"epsilon_d": 2.1871745013994692, "phi_d": 0.44379387836913975, "beta_rec": 0.9422777713537178, "gamma_cf": 0.5930686287984681, "k_intra": 5.740989228687337, "gamma_fc": 0.1935934637224862, "s_cf": 1.015277978114096, "beta_enc": 0.31881730791177587, "phi_s": 2.4285733641075766}, "datetime": {"delta": 55.83222, "elapsed": 26178.25618, "datetime": "2020-04-27 17:48:25"}}
{"target": -8488.284778585368, "params": {"epsilon_d": 2.1911176334554945, "phi_d": 0.46309889641695123, "beta_rec": 0.9333566808225927, "gamma_cf": 0.5767585056498001, "k_intra": 5.882755658005379, "gamma_fc": 0.16271866049698183, "s_cf": 0.9674080049072386, "beta_enc": 0.316604272042957, "phi_s": 2.5933019225337546}, "datetime": {"delta": 60.216976, "elapsed": 26238.473156, "datetime": "2020-04-27 17:49:25"}}
