{"target": 15.625, "params": {"beta_enc": 0.9194709802822728, "gamma_fc": 0.08505068069738064, "beta_rec": 0.992659269576827, "cue_position": 0.0, "gamma_cf": 0.9358365373172934}, "datetime": {"elapsed": 9044.054804, "delta": 31.428324, "datetime": "2020-06-14 12:16:24"}}
{"target": 15.75, "params": {"beta_enc": 0.9056639180113074, "gamma_fc": 0.10838852033691593, "beta_rec": 0.9890660362305905, "cue_position": 0.0, "gamma_cf": 0.9260643969790513}, "datetime": {"elapsed": 9075.162183, "delta": 31.107379, "datetime": "2020-06-14 12:16:55"}}
{"target": 14.0, "params": {"beta_enc": 0.9273265701962052, "gamma_fc": 0.061351477567483825, "beta_rec": 0.9518947382121541, "cue_position": 0.0, "gamma_cf": 0.9822995451123978}, "datetime": {"elapsed": 9106.615485, "delta": 31.453302, "datetime": "2020-06-14 12:17:26"}}
{"target": 14.375, "params": {"beta_enc": 0.8875471506173267, "gamma_fc": 0.05223285564011915, "beta_rec": 0.989116832185014, "cue_position": 0.0, "gamma_cf": 0.955989358455321}, "datetime": {"elapsed": 9138.906518, "delta": 32.291033, "datetime": "2020-06-14 12:17:59"}}
{"target": 14.75, "params": {"beta_enc": 0.9412143924152815, "gamma_fc": 0.08050122442397789, "beta_rec": 0.9768392598263174, "cue_position": 0.0, "gamma_cf": 0.9239022548958506}, "datetime": {"elapsed": 9170.380542, "delta": 31.474024, "datetime": "2020-06-14 12:18:30"}}
{"target": 15.5, "params": {"beta_enc": 0.8905687301259689, "gamma_fc": 0.11873662480291869, "beta_rec": 0.9831096813661977, "cue_position": 0.0, "gamma_cf": 0.9972594180082258}, "datetime": {"elapsed": 9202.336581, "delta": 31.956039, "datetime": "2020-06-14 12:19:02"}}
{"target": 14.25, "params": {"beta_enc": 0.9127506414490303, "gamma_fc": 0.10198159615942448, "beta_rec": 0.9970727423020961, "cue_position": 0.0, "gamma_cf": 0.9086278381075529}, "datetime": {"elapsed": 9234.170841, "delta": 31.83426, "datetime": "2020-06-14 12:19:34"}}
{"target": 15.125, "params": {"beta_enc": 0.9118588211353124, "gamma_fc": 0.11159593891404473, "beta_rec": 0.9924499303761994, "cue_position": 0.0, "gamma_cf": 0.9969439719042981}, "datetime": {"elapsed": 9267.732606, "delta": 33.561765, "datetime": "2020-06-14 12:20:08"}}
{"target": 15.375, "params": {"beta_enc": 0.900953818683983, "gamma_fc": 0.05984798522816426, "beta_rec": 0.9908468183713943, "cue_position": 0.0, "gamma_cf": 0.9547245487848867}, "datetime": {"elapsed": 9299.729374, "delta": 31.996768, "datetime": "2020-06-14 12:20:40"}}
{"target": 15.375, "params": {"beta_enc": 0.9264391981094118, "gamma_fc": 0.10193046753642565, "beta_rec": 0.970694158946553, "cue_position": 0.0, "gamma_cf": 0.9879897284767204}, "datetime": {"elapsed": 9332.440926, "delta": 32.711552, "datetime": "2020-06-14 12:21:12"}}
{"target": 15.625, "params": {"beta_enc": 0.9076227354094515, "gamma_fc": 0.11460592788518209, "beta_rec": 0.9794292380016715, "cue_position": 0.0, "gamma_cf": 0.9377504008051178}, "datetime": {"elapsed": 9364.879591, "delta": 32.438665, "datetime": "2020-06-14 12:21:45"}}
{"target": 16.0, "params": {"beta_enc": 0.9194468586166373, "gamma_fc": 0.1085702703615492, "beta_rec": 0.9545395474955889, "cue_position": 0.0, "gamma_cf": 0.9689346044900048}, "datetime": {"elapsed": 9400.955931, "delta": 36.07634, "datetime": "2020-06-14 12:22:21"}}
{"target": 13.75, "params": {"beta_enc": 0.8907185150216723, "gamma_fc": 0.14474698747020542, "beta_rec": 0.9674560337415085, "cue_position": 0.0, "gamma_cf": 0.9831091447649176}, "datetime": {"elapsed": 9434.276852, "delta": 33.320921, "datetime": "2020-06-14 12:22:54"}}
{"target": 15.75, "params": {"beta_enc": 0.9430609645170186, "gamma_fc": 0.10620030446993389, "beta_rec": 0.9799231064121159, "cue_position": 0.0, "gamma_cf": 0.9527591211867641}, "datetime": {"elapsed": 9472.004362, "delta": 37.72751, "datetime": "2020-06-14 12:23:32"}}
{"target": 15.875, "params": {"beta_enc": 0.9050046645043196, "gamma_fc": 0.06447887481633996, "beta_rec": 0.9884463114231754, "cue_position": 0.0, "gamma_cf": 0.9467018596454873}, "datetime": {"elapsed": 9506.074453, "delta": 34.070091, "datetime": "2020-06-14 12:24:06"}}
{"target": 15.25, "params": {"beta_enc": 0.9229841373585298, "gamma_fc": 0.08467580040279887, "beta_rec": 0.998304532530126, "cue_position": 0.0, "gamma_cf": 0.9509928550832607}, "datetime": {"elapsed": 9541.046965, "delta": 34.972512, "datetime": "2020-06-14 12:24:41"}}
{"target": 14.375, "params": {"beta_enc": 0.9111118571944196, "gamma_fc": 0.09328794122472228, "beta_rec": 0.9653624213976204, "cue_position": 0.0, "gamma_cf": 0.9486822258682229}, "datetime": {"elapsed": 9576.162883, "delta": 35.115918, "datetime": "2020-06-14 12:25:16"}}
{"target": 15.5, "params": {"beta_enc": 0.9406131346117808, "gamma_fc": 0.09658027176761041, "beta_rec": 0.9839468336905546, "cue_position": 0.0, "gamma_cf": 0.92701076257479}, "datetime": {"elapsed": 9612.587876, "delta": 36.424993, "datetime": "2020-06-14 12:25:52"}}
{"target": 12.375, "params": {"beta_enc": 0.9363089741598236, "gamma_fc": 0.2010784385502612, "beta_rec": 0.9461094752322204, "cue_position": 0.0, "gamma_cf": 0.91346187993907}, "datetime": {"elapsed": 9651.54535, "delta": 38.957474, "datetime": "2020-06-14 12:26:31"}}
{"target": 15.375, "params": {"beta_enc": 0.9444330280838655, "gamma_fc": 0.1032602513262798, "beta_rec": 0.9608165564816828, "cue_position": 0.0, "gamma_cf": 0.9679546708879841}, "datetime": {"elapsed": 9687.34716, "delta": 35.80181, "datetime": "2020-06-14 12:27:07"}}
{"target": 15.0, "params": {"beta_enc": 0.8805613606289762, "gamma_fc": 0.12856267807715316, "beta_rec": 0.9942623272535522, "cue_position": 0.0, "gamma_cf": 0.9760524323697644}, "datetime": {"elapsed": 9723.471766, "delta": 36.124606, "datetime": "2020-06-14 12:27:43"}}
{"target": 12.5, "params": {"beta_enc": 0.9182009881779247, "gamma_fc": 0.0846011801084009, "beta_rec": 0.9745674273885317, "cue_position": 0.0, "gamma_cf": 0.9184185430325392}, "datetime": {"elapsed": 9764.689205, "delta": 41.217439, "datetime": "2020-06-14 12:28:24"}}
{"target": 15.0, "params": {"beta_enc": 0.886756508671212, "gamma_fc": 0.08875989365036441, "beta_rec": 0.9930274195411121, "cue_position": 0.0, "gamma_cf": 0.9295052155234247}, "datetime": {"elapsed": 9798.064672, "delta": 33.375467, "datetime": "2020-06-14 12:28:58"}}
{"target": 15.75, "params": {"beta_enc": 0.9203248585306548, "gamma_fc": 0.0910312989863854, "beta_rec": 0.9846652793712503, "cue_position": 0.0, "gamma_cf": 0.9003482702747013}, "datetime": {"elapsed": 9834.093731, "delta": 36.029059, "datetime": "2020-06-14 12:29:34"}}
{"target": 13.875, "params": {"beta_enc": 0.9036521809217024, "gamma_fc": 0.16144842678514623, "beta_rec": 0.9488395927791955, "cue_position": 0.0, "gamma_cf": 0.9235292044449834}, "datetime": {"elapsed": 9867.548925, "delta": 33.455194, "datetime": "2020-06-14 12:30:07"}}
{"target": 15.625, "params": {"beta_enc": 0.9275525397506876, "gamma_fc": 0.08528061340593873, "beta_rec": 0.9976321197858852, "cue_position": 0.0, "gamma_cf": 0.9459613591578805}, "datetime": {"elapsed": 9901.925099, "delta": 34.376174, "datetime": "2020-06-14 12:30:42"}}
{"target": 13.125, "params": {"beta_enc": 0.9132651010163603, "gamma_fc": 0.12874629872688204, "beta_rec": 0.9851470464858647, "cue_position": 0.0, "gamma_cf": 0.9281233572563247}, "datetime": {"elapsed": 9938.923157, "delta": 36.998058, "datetime": "2020-06-14 12:31:19"}}
{"target": 14.75, "params": {"beta_enc": 0.8796614501908642, "gamma_fc": 0.08099132381192595, "beta_rec": 0.990102125152159, "cue_position": 0.0, "gamma_cf": 0.9726993303604727}, "datetime": {"elapsed": 9974.115174, "delta": 35.192017, "datetime": "2020-06-14 12:31:54"}}
{"target": 14.75, "params": {"beta_enc": 0.9176537707603265, "gamma_fc": 0.10773613873937427, "beta_rec": 0.9875156346519235, "cue_position": 0.0, "gamma_cf": 0.932814200512809}, "datetime": {"elapsed": 10007.913959, "delta": 33.798785, "datetime": "2020-06-14 12:32:28"}}
{"target": 14.5, "params": {"beta_enc": 0.9655900246046458, "gamma_fc": 0.09649945958448969, "beta_rec": 0.9749782135875298, "cue_position": 0.0, "gamma_cf": 0.9530591845453619}, "datetime": {"elapsed": 10044.111777, "delta": 36.197818, "datetime": "2020-06-14 12:33:04"}}
{"target": 13.875, "params": {"beta_enc": 0.9451032217887271, "gamma_fc": 0.09507200457554932, "beta_rec": 0.9662285442841545, "cue_position": 0.0, "gamma_cf": 0.9334400110709817}, "datetime": {"elapsed": 10078.497506, "delta": 34.385729, "datetime": "2020-06-14 12:33:38"}}
{"target": 15.5, "params": {"beta_enc": 0.9187813843449305, "gamma_fc": 0.08674571615567483, "beta_rec": 0.9772224138442775, "cue_position": 0.0, "gamma_cf": 0.8752661072558279}, "datetime": {"elapsed": 10114.301081, "delta": 35.803575, "datetime": "2020-06-14 12:34:14"}}
{"target": 13.625, "params": {"beta_enc": 0.941943517257977, "gamma_fc": 0.06840581261673984, "beta_rec": 0.9600124491428097, "cue_position": 0.0, "gamma_cf": 0.9756958740967462}, "datetime": {"elapsed": 10150.178625, "delta": 35.877544, "datetime": "2020-06-14 12:34:50"}}
