{"target": 6.894888888888889, "params": {"beta_rec": 0.8830285085638342, "beta_enc": 0.3020967312900983, "cue_position": 1.0, "gamma_fc": 0.2867116496064306}, "datetime": {"elapsed": 5719.541839, "delta": 35.095034, "datetime": "2021-08-25 14:38:10"}}
{"target": 6.9926666666666675, "params": {"beta_rec": 0.29014446310454167, "beta_enc": 0.13835468979294652, "cue_position": 1.0, "gamma_fc": 0.3241385298974466}, "datetime": {"elapsed": 5754.810373, "delta": 35.268534, "datetime": "2021-08-25 14:38:46"}}
{"target": 6.913555555555556, "params": {"beta_rec": 0.44411710701661444, "beta_enc": 0.45736018169099846, "cue_position": 1.0, "gamma_fc": 0.4263481542362306}, "datetime": {"elapsed": 5789.841776, "delta": 35.031403, "datetime": "2021-08-25 14:39:21"}}
{"target": 6.934, "params": {"beta_rec": 0.6749716048091052, "beta_enc": 0.3456988211755023, "cue_position": 1.0, "gamma_fc": 0.4672458239265538}, "datetime": {"elapsed": 5824.956795, "delta": 35.115019, "datetime": "2021-08-25 14:39:56"}}
{"target": 6.9159999999999995, "params": {"beta_rec": 0.6268556021628346, "beta_enc": 0.31476568732401644, "cue_position": 1.0, "gamma_fc": 0.4476890001456285}, "datetime": {"elapsed": 5860.073689, "delta": 35.116894, "datetime": "2021-08-25 14:40:31"}}
{"target": 6.270666666666666, "params": {"beta_rec": 0.4569657005615504, "beta_enc": 0.7844574187919231, "cue_position": 1.0, "gamma_fc": 0.13184097502750214}, "datetime": {"elapsed": 5893.123543, "delta": 33.049854, "datetime": "2021-08-25 14:41:04"}}
{"target": 6.8277777777777775, "params": {"beta_rec": 0.9093119886549367, "beta_enc": 0.43298150696764814, "cue_position": 1.0, "gamma_fc": 0.7667745872371021}, "datetime": {"elapsed": 5927.936723, "delta": 34.81318, "datetime": "2021-08-25 14:41:39"}}
{"target": 7.185777777777778, "params": {"beta_rec": 0.49805562482800747, "beta_enc": 0.5047006080958943, "cue_position": 1.0, "gamma_fc": 0.06780693434095375}, "datetime": {"elapsed": 5963.808794, "delta": 35.872071, "datetime": "2021-08-25 14:42:15"}}
{"target": 6.862444444444445, "params": {"beta_rec": 0.9427625754329493, "beta_enc": 0.5732722715496846, "cue_position": 1.0, "gamma_fc": 0.1944658095278845}, "datetime": {"elapsed": 5998.735444, "delta": 34.92665, "datetime": "2021-08-25 14:42:49"}}
{"target": 4.642666666666667, "params": {"beta_rec": 0.25163914235585283, "beta_enc": 0.8479393924434762, "cue_position": 1.0, "gamma_fc": 0.5402609403968999}, "datetime": {"elapsed": 6026.862203, "delta": 28.126759, "datetime": "2021-08-25 14:43:18"}}
{"target": 5.533333333333333, "params": {"beta_rec": 0.6243367024026759, "beta_enc": 0.9488362882802196, "cue_position": 1.0, "gamma_fc": 0.007932876194523097}, "datetime": {"elapsed": 6057.644644, "delta": 30.782441, "datetime": "2021-08-25 14:43:48"}}
{"target": 1.8906666666666667, "params": {"beta_rec": 0.07771457033238649, "beta_enc": 0.989340056166638, "cue_position": 1.0, "gamma_fc": 0.9461523954567653}, "datetime": {"elapsed": 6076.832715, "delta": 19.188071, "datetime": "2021-08-25 14:44:08"}}
{"target": 6.974000000000001, "params": {"beta_rec": 0.8227300054219355, "beta_enc": 0.008939102371245067, "cue_position": 1.0, "gamma_fc": 0.4398308142085725}, "datetime": {"elapsed": 6112.102358, "delta": 35.269643, "datetime": "2021-08-25 14:44:43"}}
{"target": 6.926444444444444, "params": {"beta_rec": 0.8026895196332986, "beta_enc": 0.2557451938059312, "cue_position": 1.0, "gamma_fc": 0.13433860865569613}, "datetime": {"elapsed": 6147.174373, "delta": 35.072015, "datetime": "2021-08-25 14:45:18"}}
{"target": 3.7571111111111106, "params": {"beta_rec": 0.8959699670066484, "beta_enc": 0.9278489928250108, "cue_position": 1.0, "gamma_fc": 0.8567024965177922}, "datetime": {"elapsed": 6172.474702, "delta": 25.300329, "datetime": "2021-08-25 14:45:43"}}
{"target": 6.865111111111112, "params": {"beta_rec": 0.6834649001663011, "beta_enc": 0.41857802576409864, "cue_position": 1.0, "gamma_fc": 0.5057420174508104}, "datetime": {"elapsed": 6207.493408, "delta": 35.018706, "datetime": "2021-08-25 14:46:18"}}
{"target": 6.948666666666666, "params": {"beta_rec": 0.9649889241109139, "beta_enc": 0.1895517028339273, "cue_position": 1.0, "gamma_fc": 0.10345955611640134}, "datetime": {"elapsed": 6242.696102, "delta": 35.202694, "datetime": "2021-08-25 14:46:53"}}
{"target": 6.997333333333333, "params": {"beta_rec": 0.014092294192442956, "beta_enc": 0.1443154002290481, "cue_position": 1.0, "gamma_fc": 0.5644983202408741}, "datetime": {"elapsed": 6278.05126, "delta": 35.355158, "datetime": "2021-08-25 14:47:29"}}
{"target": 5.3468888888888895, "params": {"beta_rec": 0.5070799232841364, "beta_enc": 0.7945783511847522, "cue_position": 1.0, "gamma_fc": 0.6957642142718394}, "datetime": {"elapsed": 6308.359578, "delta": 30.308318, "datetime": "2021-08-25 14:47:59"}}
{"target": 6.096666666666667, "params": {"beta_rec": 0.4064828689770863, "beta_enc": 0.7778484768591754, "cue_position": 1.0, "gamma_fc": 0.1797942976929744}, "datetime": {"elapsed": 6340.945513, "delta": 32.585935, "datetime": "2021-08-25 14:48:32"}}
{"target": 6.944666666666667, "params": {"beta_rec": 0.1726046201197925, "beta_enc": 0.321819963387904, "cue_position": 1.0, "gamma_fc": 0.2414187479655988}, "datetime": {"elapsed": 6376.188748, "delta": 35.243235, "datetime": "2021-08-25 14:49:07"}}
{"target": 6.723777777777778, "params": {"beta_rec": 0.9752223424373121, "beta_enc": 0.4069219941293579, "cue_position": 1.0, "gamma_fc": 0.9824909449748953}, "datetime": {"elapsed": 6410.734728, "delta": 34.54598, "datetime": "2021-08-25 14:49:41"}}
{"target": 6.318666666666667, "params": {"beta_rec": 0.375091018393911, "beta_enc": 0.6363061258559836, "cue_position": 1.0, "gamma_fc": 0.6195867393685738}, "datetime": {"elapsed": 6444.076252, "delta": 33.341524, "datetime": "2021-08-25 14:50:15"}}
{"target": 6.924888888888889, "params": {"beta_rec": 0.7928556779768876, "beta_enc": 0.25203308013083936, "cue_position": 1.0, "gamma_fc": 0.3575111673304414}, "datetime": {"elapsed": 6479.210654, "delta": 35.134402, "datetime": "2021-08-25 14:50:50"}}
{"target": 6.906222222222223, "params": {"beta_rec": 0.6973688756131394, "beta_enc": 0.33027693652508094, "cue_position": 1.0, "gamma_fc": 0.8082780137053801}, "datetime": {"elapsed": 6514.292452, "delta": 35.081798, "datetime": "2021-08-25 14:51:25"}}
{"target": 6.867333333333333, "params": {"beta_rec": 0.5441213835853572, "beta_enc": 0.2952887943998478, "cue_position": 1.0, "gamma_fc": 0.8553564125953698}, "datetime": {"elapsed": 6549.302565, "delta": 35.010113, "datetime": "2021-08-25 14:52:00"}}
{"target": 7.813777777777778, "params": {"beta_rec": 0.9440498068071176, "beta_enc": 0.9033704863105986, "cue_position": 1.0, "gamma_fc": 0.02824104397187607}, "datetime": {"elapsed": 6590.667672, "delta": 41.365107, "datetime": "2021-08-25 14:52:41"}}
{"target": 7.839777777777778, "params": {"beta_rec": 0.9419825686527252, "beta_enc": 0.8830786995277706, "cue_position": 1.0, "gamma_fc": 0.0}, "datetime": {"elapsed": 6632.212366, "delta": 41.544694, "datetime": "2021-08-25 14:53:23"}}
{"target": 7.274222222222223, "params": {"beta_rec": 1.0, "beta_enc": 0.9517929921211381, "cue_position": 1.0, "gamma_fc": 0.0}, "datetime": {"elapsed": 6671.465331, "delta": 39.252965, "datetime": "2021-08-25 14:54:02"}}
{"target": 7.735333333333334, "params": {"beta_rec": 0.9464652041111917, "beta_enc": 0.8703428256447534, "cue_position": 1.0, "gamma_fc": 0.022614173192849196}, "datetime": {"elapsed": 6711.810187, "delta": 40.344856, "datetime": "2021-08-25 14:54:43"}}
{"target": 7.891333333333333, "params": {"beta_rec": 0.908711461646176, "beta_enc": 0.9186953130264655, "cue_position": 1.0, "gamma_fc": 0.005669413045424343}, "datetime": {"elapsed": 6753.276587, "delta": 41.4664, "datetime": "2021-08-25 14:55:24"}}
{"target": 6.979333333333334, "params": {"beta_rec": 1.0, "beta_enc": 0.0, "cue_position": 1.0, "gamma_fc": 1.0}, "datetime": {"elapsed": 6792.128931, "delta": 38.852344, "datetime": "2021-08-25 14:56:03"}}
{"target": 6.956888888888889, "params": {"beta_rec": 0.020794774864253074, "beta_enc": 0.020125290160621034, "cue_position": 1.0, "gamma_fc": 0.9939746521923195}, "datetime": {"elapsed": 6830.761302, "delta": 38.632371, "datetime": "2021-08-25 14:56:42"}}
{"target": 6.963555555555556, "params": {"beta_rec": 0.6853686562172014, "beta_enc": 0.0, "cue_position": 1.0, "gamma_fc": 1.0}, "datetime": {"elapsed": 6869.709216, "delta": 38.947914, "datetime": "2021-08-25 14:57:20"}}
{"target": 6.940666666666667, "params": {"beta_rec": 1.0, "beta_enc": 0.0, "cue_position": 1.0, "gamma_fc": 0.2586014735883029}, "datetime": {"elapsed": 6908.643141, "delta": 38.933925, "datetime": "2021-08-25 14:57:59"}}
{"target": 6.965777777777778, "params": {"beta_rec": 0.0, "beta_enc": 0.0, "cue_position": 1.0, "gamma_fc": 0.0}, "datetime": {"elapsed": 6947.407097, "delta": 38.763956, "datetime": "2021-08-25 14:58:38"}}
{"target": 6.979333333333332, "params": {"beta_rec": 0.9968659499759414, "beta_enc": 0.01069353919883309, "cue_position": 1.0, "gamma_fc": 0.7365425465009972}, "datetime": {"elapsed": 6986.125748, "delta": 38.718651, "datetime": "2021-08-25 14:59:17"}}
{"target": 6.9433333333333325, "params": {"beta_rec": 0.231658687224635, "beta_enc": 0.007031354657192623, "cue_position": 1.0, "gamma_fc": 0.001877965309449614}, "datetime": {"elapsed": 7024.921976, "delta": 38.796228, "datetime": "2021-08-25 14:59:56"}}
{"target": 6.98111111111111, "params": {"beta_rec": 0.4276826085729495, "beta_enc": 0.001305616966462142, "cue_position": 1.0, "gamma_fc": 0.9964241120253798}, "datetime": {"elapsed": 7063.843579, "delta": 38.921603, "datetime": "2021-08-25 15:00:35"}}
{"target": 6.966666666666667, "params": {"beta_rec": 0.6274755483911626, "beta_enc": 0.00043880845179700145, "cue_position": 1.0, "gamma_fc": 0.24404581007100734}, "datetime": {"elapsed": 7102.682845, "delta": 38.839266, "datetime": "2021-08-25 15:01:13"}}
{"target": 7.494, "params": {"beta_rec": 0.7644088079222868, "beta_enc": 0.7014554269359344, "cue_position": 1.0, "gamma_fc": 0.0}, "datetime": {"elapsed": 7143.024047, "delta": 40.341202, "datetime": "2021-08-25 15:01:54"}}
{"target": 7.871555555555555, "params": {"beta_rec": 0.9077301337038559, "beta_enc": 0.8962253903344318, "cue_position": 1.0, "gamma_fc": 0.0022913098389377717}, "datetime": {"elapsed": 7184.399655, "delta": 41.375608, "datetime": "2021-08-25 15:02:35"}}
{"target": 6.942666666666666, "params": {"beta_rec": 0.001309571409782051, "beta_enc": 0.006913748010627274, "cue_position": 1.0, "gamma_fc": 0.5255204152394354}, "datetime": {"elapsed": 7223.174769, "delta": 38.775114, "datetime": "2021-08-25 15:03:14"}}
{"target": 7.807333333333334, "params": {"beta_rec": 0.9080911872037041, "beta_enc": 0.9481504490870077, "cue_position": 1.0, "gamma_fc": 0.06505894024870629}, "datetime": {"elapsed": 7264.424874, "delta": 41.250105, "datetime": "2021-08-25 15:03:55"}}
{"target": 6.996222222222222, "params": {"beta_rec": 0.7005389854357459, "beta_enc": 0.0003286069480833431, "cue_position": 1.0, "gamma_fc": 0.0004809252499272665}, "datetime": {"elapsed": 7303.512901, "delta": 39.088027, "datetime": "2021-08-25 15:04:34"}}
{"target": 7.097111111111111, "params": {"beta_rec": 0.9979622355814419, "beta_enc": 0.7731520640234917, "cue_position": 1.0, "gamma_fc": 0.3208078834409458}, "datetime": {"elapsed": 7342.816895, "delta": 39.303994, "datetime": "2021-08-25 15:05:14"}}
{"target": 6.954444444444445, "params": {"beta_rec": 0.845598109447238, "beta_enc": 0.0036949514424687857, "cue_position": 1.0, "gamma_fc": 0.88143701606598}, "datetime": {"elapsed": 7381.581147, "delta": 38.764252, "datetime": "2021-08-25 15:05:52"}}
{"target": 7.347111111111111, "params": {"beta_rec": 0.6322031634290162, "beta_enc": 0.6478531178342148, "cue_position": 1.0, "gamma_fc": 1.541060298204666e-05}, "datetime": {"elapsed": 7421.579379, "delta": 39.998232, "datetime": "2021-08-25 15:06:32"}}
{"target": 6.7137777777777785, "params": {"beta_rec": 0.006581897263083891, "beta_enc": 0.32265605418332866, "cue_position": 1.0, "gamma_fc": 0.004557026625806371}, "datetime": {"elapsed": 7459.893675, "delta": 38.314296, "datetime": "2021-08-25 15:07:11"}}
{"target": 6.937333333333333, "params": {"beta_rec": 0.09219818369288979, "beta_enc": 0.2142816975439703, "cue_position": 1.0, "gamma_fc": 0.9940099285527854}, "datetime": {"elapsed": 7499.02185, "delta": 39.128175, "datetime": "2021-08-25 15:07:50"}}
{"target": 6.384666666666666, "params": {"beta_rec": 0.996817080463116, "beta_enc": 0.3170570240233064, "cue_position": 1.0, "gamma_fc": 0.006330846322953998}, "datetime": {"elapsed": 7536.181172, "delta": 37.159322, "datetime": "2021-08-25 15:08:27"}}
{"target": 7.689111111111112, "params": {"beta_rec": 0.9193547739353398, "beta_enc": 0.8973376743145525, "cue_position": 1.0, "gamma_fc": 0.13923292240694152}, "datetime": {"elapsed": 7577.233508, "delta": 41.052336, "datetime": "2021-08-25 15:09:08"}}
{"target": 6.944444444444445, "params": {"beta_rec": 0.004566467641016536, "beta_enc": 0.002464864296322422, "cue_position": 1.0, "gamma_fc": 0.8107447494015747}, "datetime": {"elapsed": 7616.553544, "delta": 39.320036, "datetime": "2021-08-25 15:09:47"}}
{"target": 6.770444444444445, "params": {"beta_rec": 0.9982743095962369, "beta_enc": 0.49906495133540785, "cue_position": 1.0, "gamma_fc": 0.5370389898939664}, "datetime": {"elapsed": 7655.408886, "delta": 38.855342, "datetime": "2021-08-25 15:10:26"}}
{"target": 6.936444444444445, "params": {"beta_rec": 0.5279704524850479, "beta_enc": 0.19864696330095621, "cue_position": 1.0, "gamma_fc": 0.9997556025757849}, "datetime": {"elapsed": 7694.363309, "delta": 38.954423, "datetime": "2021-08-25 15:11:05"}}
{"target": 7.578888888888889, "params": {"beta_rec": 0.9962700272804418, "beta_enc": 0.9448404389015855, "cue_position": 1.0, "gamma_fc": 0.2493867661551622}, "datetime": {"elapsed": 7735.436976, "delta": 41.073667, "datetime": "2021-08-25 15:11:46"}}
{"target": 7.3966666666666665, "params": {"beta_rec": 0.8882788172380389, "beta_enc": 0.7139416958316765, "cue_position": 1.0, "gamma_fc": 0.0009902140665285497}, "datetime": {"elapsed": 7775.868106, "delta": 40.43113, "datetime": "2021-08-25 15:12:27"}}
{"target": 6.964444444444444, "params": {"beta_rec": 0.9996820311842097, "beta_enc": 0.12379652012717668, "cue_position": 1.0, "gamma_fc": 0.8971418175876156}, "datetime": {"elapsed": 7814.968281, "delta": 39.100175, "datetime": "2021-08-25 15:13:06"}}
{"target": 6.929555555555555, "params": {"beta_rec": 0.3339760943806732, "beta_enc": 0.0009903919931618654, "cue_position": 1.0, "gamma_fc": 0.30652965107198493}, "datetime": {"elapsed": 7854.254814, "delta": 39.286533, "datetime": "2021-08-25 15:13:45"}}
{"target": 6.992444444444445, "params": {"beta_rec": 0.9930990807483425, "beta_enc": 0.004907506311238818, "cue_position": 1.0, "gamma_fc": 0.49384513707569844}, "datetime": {"elapsed": 7893.703131, "delta": 39.448317, "datetime": "2021-08-25 15:14:24"}}
{"target": 6.989999999999999, "params": {"beta_rec": 0.3157174819509382, "beta_enc": 0.0013863998667162925, "cue_position": 1.0, "gamma_fc": 0.768716917500795}, "datetime": {"elapsed": 7933.020215, "delta": 39.317084, "datetime": "2021-08-25 15:15:04"}}
{"target": 7.271333333333334, "params": {"beta_rec": 0.9017241852304715, "beta_enc": 0.9943672459183739, "cue_position": 1.0, "gamma_fc": 0.0026230839408506457}, "datetime": {"elapsed": 7972.948806, "delta": 39.928591, "datetime": "2021-08-25 15:15:44"}}
{"target": 7.313777777777777, "params": {"beta_rec": 0.7650730494487202, "beta_enc": 0.5958673802336225, "cue_position": 1.0, "gamma_fc": 0.0005573730572786539}, "datetime": {"elapsed": 8013.272042, "delta": 40.323236, "datetime": "2021-08-25 15:16:24"}}
{"target": 6.941777777777778, "params": {"beta_rec": 0.7173310003537693, "beta_enc": 0.17899913043398075, "cue_position": 1.0, "gamma_fc": 0.0007624631966055562}, "datetime": {"elapsed": 8052.608786, "delta": 39.336744, "datetime": "2021-08-25 15:17:03"}}
{"target": 6.997333333333333, "params": {"beta_rec": 0.9999519147489522, "beta_enc": 0.9877664551764246, "cue_position": 1.0, "gamma_fc": 0.35751109654890123}, "datetime": {"elapsed": 8091.946685, "delta": 39.337899, "datetime": "2021-08-25 15:17:43"}}
{"target": 6.961333333333333, "params": {"beta_rec": 0.8128873037454198, "beta_enc": 0.0012853832217063488, "cue_position": 1.0, "gamma_fc": 0.6669263356655202}, "datetime": {"elapsed": 8131.453747, "delta": 39.507062, "datetime": "2021-08-25 15:18:22"}}
{"target": 7.698444444444445, "params": {"beta_rec": 0.8783341987110896, "beta_enc": 0.9187093480059688, "cue_position": 1.0, "gamma_fc": 0.04156862516953974}, "datetime": {"elapsed": 8172.972632, "delta": 41.518885, "datetime": "2021-08-25 15:19:04"}}
{"target": 7.688444444444445, "params": {"beta_rec": 0.9526665026832577, "beta_enc": 0.9948688098387624, "cue_position": 1.0, "gamma_fc": 0.1711503180521855}, "datetime": {"elapsed": 8214.231127, "delta": 41.258495, "datetime": "2021-08-25 15:19:45"}}
{"target": 7.2700000000000005, "params": {"beta_rec": 0.696101618306014, "beta_enc": 0.7013251788647799, "cue_position": 1.0, "gamma_fc": 0.10720537440140132}, "datetime": {"elapsed": 8253.66151, "delta": 39.430383, "datetime": "2021-08-25 15:20:24"}}
{"target": 7.103111111111112, "params": {"beta_rec": 0.33991795464385954, "beta_enc": 0.3754523850569338, "cue_position": 1.0, "gamma_fc": 9.227431715286283e-05}, "datetime": {"elapsed": 8292.948001, "delta": 39.286491, "datetime": "2021-08-25 15:21:04"}}
{"target": 6.9704444444444436, "params": {"beta_rec": 0.7292346270740837, "beta_enc": 0.15579792962674577, "cue_position": 1.0, "gamma_fc": 0.9978764557021147}, "datetime": {"elapsed": 8332.197347, "delta": 39.249346, "datetime": "2021-08-25 15:21:43"}}
{"target": 6.910000000000001, "params": {"beta_rec": 0.9997239426742319, "beta_enc": 0.2762115604976273, "cue_position": 1.0, "gamma_fc": 0.3891390942618581}, "datetime": {"elapsed": 8371.595985, "delta": 39.398638, "datetime": "2021-08-25 15:22:22"}}
{"target": 6.502222222222221, "params": {"beta_rec": 0.0013680390943356935, "beta_enc": 0.39549409953319115, "cue_position": 1.0, "gamma_fc": 0.5637083017377801}, "datetime": {"elapsed": 8409.579619, "delta": 37.983634, "datetime": "2021-08-25 15:23:00"}}
{"target": 6.82488888888889, "params": {"beta_rec": 0.38662899378533355, "beta_enc": 0.3247717916275249, "cue_position": 1.0, "gamma_fc": 0.9932662676966875}, "datetime": {"elapsed": 8448.457675, "delta": 38.878056, "datetime": "2021-08-25 15:23:39"}}
{"target": 6.852666666666666, "params": {"beta_rec": 0.330911798456744, "beta_enc": 0.3379557106220542, "cue_position": 1.0, "gamma_fc": 0.6766569816189361}, "datetime": {"elapsed": 8487.674186, "delta": 39.216511, "datetime": "2021-08-25 15:24:18"}}
{"target": 7.000444444444445, "params": {"beta_rec": 0.8700528521449943, "beta_enc": 0.000260940314161906, "cue_position": 1.0, "gamma_fc": 0.12983363437940054}, "datetime": {"elapsed": 8527.098324, "delta": 39.424138, "datetime": "2021-08-25 15:24:58"}}
{"target": 7.831999999999999, "params": {"beta_rec": 0.9519464122448057, "beta_enc": 0.9532816423519417, "cue_position": 1.0, "gamma_fc": 0.11314791740296382}, "datetime": {"elapsed": 8569.122508, "delta": 42.024184, "datetime": "2021-08-25 15:25:40"}}
{"target": 6.976222222222222, "params": {"beta_rec": 0.10134355168740494, "beta_enc": 0.11989576811165381, "cue_position": 1.0, "gamma_fc": 0.8746866339068854}, "datetime": {"elapsed": 8608.513576, "delta": 39.391068, "datetime": "2021-08-25 15:26:19"}}
{"target": 6.951777777777778, "params": {"beta_rec": 0.4513041292371853, "beta_enc": 0.0023634243188650483, "cue_position": 1.0, "gamma_fc": 0.14086139506855477}, "datetime": {"elapsed": 8647.944897, "delta": 39.431321, "datetime": "2021-08-25 15:26:59"}}
{"target": 6.911111111111111, "params": {"beta_rec": 0.0009445497348732346, "beta_enc": 0.21154867633826302, "cue_position": 1.0, "gamma_fc": 0.1687843983771794}, "datetime": {"elapsed": 8687.17714, "delta": 39.232243, "datetime": "2021-08-25 15:27:38"}}
{"target": 6.963333333333334, "params": {"beta_rec": 0.12180162680714857, "beta_enc": 0.00105704359553771, "cue_position": 1.0, "gamma_fc": 0.39563883619378226}, "datetime": {"elapsed": 8726.782477, "delta": 39.605337, "datetime": "2021-08-25 15:28:18"}}
{"target": 6.604666666666667, "params": {"beta_rec": 0.0024271986565438386, "beta_enc": 0.3608543318762264, "cue_position": 1.0, "gamma_fc": 0.9979781168643624}, "datetime": {"elapsed": 8765.211841, "delta": 38.429364, "datetime": "2021-08-25 15:28:56"}}
{"target": 7.741555555555555, "params": {"beta_rec": 0.9978242842108495, "beta_enc": 0.9856643589775327, "cue_position": 1.0, "gamma_fc": 0.1740292141468971}, "datetime": {"elapsed": 8807.060796, "delta": 41.848955, "datetime": "2021-08-25 15:29:38"}}
{"target": 6.967777777777778, "params": {"beta_rec": 0.6415508710003154, "beta_enc": 0.000808022199704328, "cue_position": 1.0, "gamma_fc": 0.4501791714757377}, "datetime": {"elapsed": 8846.700659, "delta": 39.639863, "datetime": "2021-08-25 15:30:17"}}
{"target": 6.961777777777778, "params": {"beta_rec": 0.999676170349904, "beta_enc": 0.14724401152883448, "cue_position": 1.0, "gamma_fc": 0.2634941105821791}, "datetime": {"elapsed": 8886.236365, "delta": 39.535706, "datetime": "2021-08-25 15:30:57"}}
{"target": 6.970666666666666, "params": {"beta_rec": 0.8641885205488887, "beta_enc": 0.08142096223846651, "cue_position": 1.0, "gamma_fc": 0.9996083514247971}, "datetime": {"elapsed": 8926.054427, "delta": 39.818062, "datetime": "2021-08-25 15:31:37"}}
{"target": 6.957111111111111, "params": {"beta_rec": 0.11825283797999042, "beta_enc": 0.0021749279386680254, "cue_position": 1.0, "gamma_fc": 0.09581466054104482}, "datetime": {"elapsed": 8965.614662, "delta": 39.560235, "datetime": "2021-08-25 15:32:16"}}
