{"target": 9.625, "params": {"gamma_cf": 0.3222274830263513, "cue_position": 16.0, "beta_rec": 0.86618251080956, "gamma_fc": 0.6775351362823893, "beta_enc": 0.29983138591066827}, "datetime": {"delta": 12.071316, "datetime": "2020-06-14 13:15:14", "elapsed": 934.466731}}
{"target": 11.375, "params": {"gamma_cf": 0.7096100054537371, "cue_position": 16.0, "beta_rec": 0.8975858434257585, "gamma_fc": 0.5931116114986109, "beta_enc": 0.44904338108327124}, "datetime": {"delta": 12.391012, "datetime": "2020-06-14 13:15:27", "elapsed": 946.857743}}
{"target": 8.25, "params": {"gamma_cf": 0.27885281274048246, "cue_position": 16.0, "beta_rec": 0.7963410243530679, "gamma_fc": 0.3078009434997314, "beta_enc": 0.2923245006615225}, "datetime": {"delta": 12.334077, "datetime": "2020-06-14 13:15:39", "elapsed": 959.19182}}
{"target": 11.25, "params": {"gamma_cf": 0.5652145388285553, "cue_position": 16.0, "beta_rec": 0.838581465488867, "gamma_fc": 0.9409522085692029, "beta_enc": 0.5001748628710714}, "datetime": {"delta": 12.156444, "datetime": "2020-06-14 13:15:51", "elapsed": 971.348264}}
{"target": 7.75, "params": {"gamma_cf": 0.47867725032918906, "cue_position": 16.0, "beta_rec": 0.9317026364035881, "gamma_fc": 0.13494530081366407, "beta_enc": 0.4334807952530251}, "datetime": {"delta": 12.159721, "datetime": "2020-06-14 13:16:03", "elapsed": 983.507985}}
{"target": 9.25, "params": {"gamma_cf": 0.3476819244102911, "cue_position": 16.0, "beta_rec": 0.8245405603227011, "gamma_fc": 0.6751018561428643, "beta_enc": 0.43897103098033885}, "datetime": {"delta": 12.50896, "datetime": "2020-06-14 13:16:16", "elapsed": 996.016945}}
{"target": 6.875, "params": {"gamma_cf": 0.3935175644948332, "cue_position": 16.0, "beta_rec": 0.9083799004656081, "gamma_fc": 0.5572803500996781, "beta_enc": 0.824196038548108}, "datetime": {"delta": 12.553454, "datetime": "2020-06-14 13:16:29", "elapsed": 1008.570399}}
{"target": 8.125, "params": {"gamma_cf": 0.4666359495211495, "cue_position": 16.0, "beta_rec": 0.8742779918724153, "gamma_fc": 0.6780099320801024, "beta_enc": 0.9378973662934711}, "datetime": {"delta": 12.336755, "datetime": "2020-06-14 13:16:41", "elapsed": 1020.907154}}
{"target": 10.875, "params": {"gamma_cf": 0.6899248442050483, "cue_position": 16.0, "beta_rec": 0.632389486661533, "gamma_fc": 0.7632520170362274, "beta_enc": 0.10542010755559927}, "datetime": {"delta": 12.360585, "datetime": "2020-06-14 13:16:53", "elapsed": 1033.267739}}
{"target": 6.625, "params": {"gamma_cf": 0.43030968163785766, "cue_position": 16.0, "beta_rec": 0.1886715927154028, "gamma_fc": 0.499626387655721, "beta_enc": 0.8828588028553159}, "datetime": {"delta": 12.563363, "datetime": "2020-06-14 13:17:06", "elapsed": 1045.831102}}
{"target": 9.75, "params": {"gamma_cf": 0.038433834005294654, "cue_position": 16.0, "beta_rec": 0.5441556901119694, "gamma_fc": 0.8817755712737069, "beta_enc": 0.5385311916538175}, "datetime": {"delta": 12.572643, "datetime": "2020-06-14 13:17:18", "elapsed": 1058.403745}}
{"target": 8.625, "params": {"gamma_cf": 0.9702690074044844, "cue_position": 16.0, "beta_rec": 0.043750098857917696, "gamma_fc": 0.5021696597017067, "beta_enc": 0.3398317353136978}, "datetime": {"delta": 12.429452, "datetime": "2020-06-14 13:17:31", "elapsed": 1070.833197}}
{"target": 8.75, "params": {"gamma_cf": 0.45573976014243245, "cue_position": 16.0, "beta_rec": 0.8108510215779549, "gamma_fc": 0.9294206151268749, "beta_enc": 0.8102448858654152}, "datetime": {"delta": 12.69437, "datetime": "2020-06-14 13:17:43", "elapsed": 1083.527567}}
{"target": 10.0, "params": {"gamma_cf": 0.631308888668821, "cue_position": 16.0, "beta_rec": 0.8378822087290977, "gamma_fc": 0.7051009418679124, "beta_enc": 0.21439959027852673}, "datetime": {"delta": 12.720227, "datetime": "2020-06-14 13:17:56", "elapsed": 1096.247794}}
{"target": 9.625, "params": {"gamma_cf": 0.41033059233655655, "cue_position": 16.0, "beta_rec": 0.6630531153667969, "gamma_fc": 0.4543744644992649, "beta_enc": 0.05098900035878895}, "datetime": {"delta": 12.693989, "datetime": "2020-06-14 13:18:09", "elapsed": 1108.941783}}
{"target": 9.0, "params": {"gamma_cf": 0.5953831665616335, "cue_position": 16.0, "beta_rec": 0.4458000632288639, "gamma_fc": 0.46376436573195357, "beta_enc": 0.1848830016940004}, "datetime": {"delta": 12.535039, "datetime": "2020-06-14 13:18:21", "elapsed": 1121.476822}}
{"target": 8.125, "params": {"gamma_cf": 0.42971392744432624, "cue_position": 16.0, "beta_rec": 0.17789860905815846, "gamma_fc": 0.4991916979399986, "beta_enc": 0.8759600034887148}, "datetime": {"delta": 12.803531, "datetime": "2020-06-14 13:18:34", "elapsed": 1134.280353}}
{"target": 11.125, "params": {"gamma_cf": 0.8028344884448628, "cue_position": 16.0, "beta_rec": 0.7709585619470506, "gamma_fc": 0.5267175946713266, "beta_enc": 0.3016934516877021}, "datetime": {"delta": 12.829247, "datetime": "2020-06-14 13:18:47", "elapsed": 1147.1096}}
{"target": 10.375, "params": {"gamma_cf": 0.7793288871106969, "cue_position": 16.0, "beta_rec": 0.5358940159903499, "gamma_fc": 0.4182725079342562, "beta_enc": 0.12951535226332112}, "datetime": {"delta": 12.717796, "datetime": "2020-06-14 13:19:00", "elapsed": 1159.827396}}
{"target": 8.75, "params": {"gamma_cf": 0.9661078649114043, "cue_position": 16.0, "beta_rec": 0.04714841128320513, "gamma_fc": 0.5095093786033693, "beta_enc": 0.3483919533726392}, "datetime": {"delta": 12.63309, "datetime": "2020-06-14 13:19:12", "elapsed": 1172.460486}}
{"target": 10.0, "params": {"gamma_cf": 0.10826396724128373, "cue_position": 16.0, "beta_rec": 0.20394816253937953, "gamma_fc": 0.6312664550015676, "beta_enc": 0.05034867952597699}, "datetime": {"delta": 12.945875, "datetime": "2020-06-14 13:19:25", "elapsed": 1185.406361}}
{"target": 9.875, "params": {"gamma_cf": 0.8255584676915511, "cue_position": 16.0, "beta_rec": 0.8650163994270518, "gamma_fc": 0.8814646340478319, "beta_enc": 0.592103566755352}, "datetime": {"delta": 13.000902, "datetime": "2020-06-14 13:19:38", "elapsed": 1198.407263}}
{"target": 9.125, "params": {"gamma_cf": 0.8262750357195189, "cue_position": 16.0, "beta_rec": 0.8510647437372911, "gamma_fc": 0.6285709149200612, "beta_enc": 0.34807088078120996}, "datetime": {"delta": 12.950366, "datetime": "2020-06-14 13:19:51", "elapsed": 1211.357629}}
{"target": 6.625, "params": {"gamma_cf": 0.06415774010146169, "cue_position": 16.0, "beta_rec": 0.08342013131624337, "gamma_fc": 0.4579694450766404, "beta_enc": 0.1411782476016581}, "datetime": {"delta": 12.747373, "datetime": "2020-06-14 13:20:04", "elapsed": 1224.105002}}
{"target": 9.875, "params": {"gamma_cf": 0.7846270678315319, "cue_position": 16.0, "beta_rec": 0.7978098693597737, "gamma_fc": 0.9938572367971461, "beta_enc": 0.3391538106326144}, "datetime": {"delta": 13.122991, "datetime": "2020-06-14 13:20:17", "elapsed": 1237.227993}}
{"target": 7.625, "params": {"gamma_cf": 0.0006921589031577691, "cue_position": 16.0, "beta_rec": 0.9044555608384144, "gamma_fc": 0.6182196934426757, "beta_enc": 0.2370941911188681}, "datetime": {"delta": 13.025172, "datetime": "2020-06-14 13:20:30", "elapsed": 1250.253165}}
{"target": 9.875, "params": {"gamma_cf": 0.4305587511651089, "cue_position": 16.0, "beta_rec": 0.946954124560069, "gamma_fc": 0.47345418139701456, "beta_enc": 0.2908013441777183}, "datetime": {"delta": 13.014622, "datetime": "2020-06-14 13:20:43", "elapsed": 1263.267787}}
{"target": 9.875, "params": {"gamma_cf": 0.7762782370915043, "cue_position": 16.0, "beta_rec": 0.5319414592956754, "gamma_fc": 0.4268009932751766, "beta_enc": 0.13142713609647405}, "datetime": {"delta": 13.198814, "datetime": "2020-06-14 13:20:56", "elapsed": 1276.466601}}
{"target": 10.5, "params": {"gamma_cf": 0.33806426048511706, "cue_position": 16.0, "beta_rec": 0.3980599778367123, "gamma_fc": 0.8086753890169309, "beta_enc": 0.022120263626660197}, "datetime": {"delta": 13.179133, "datetime": "2020-06-14 13:21:10", "elapsed": 1289.645734}}
{"target": 11.625, "params": {"gamma_cf": 0.4074062108014802, "cue_position": 16.0, "beta_rec": 0.17522259858217748, "gamma_fc": 0.5298054647713514, "beta_enc": 0.0856403037040856}, "datetime": {"delta": 13.336806, "datetime": "2020-06-14 13:21:23", "elapsed": 1302.98254}}
{"target": 9.5, "params": {"gamma_cf": 0.28452158807063876, "cue_position": 16.0, "beta_rec": 0.548579168864038, "gamma_fc": 0.4971476489181137, "beta_enc": 0.45615426205974563}, "datetime": {"delta": 13.207555, "datetime": "2020-06-14 13:21:36", "elapsed": 1316.190095}}
{"target": 8.5, "params": {"gamma_cf": 0.7704389040297074, "cue_position": 16.0, "beta_rec": 0.8970736122161284, "gamma_fc": 0.11923195981026091, "beta_enc": 0.40145018801801946}, "datetime": {"delta": 13.310179, "datetime": "2020-06-14 13:21:49", "elapsed": 1329.500274}}
{"target": 9.625, "params": {"gamma_cf": 0.7927210894861276, "cue_position": 16.0, "beta_rec": 0.08333825868919786, "gamma_fc": 0.19527527536945155, "beta_enc": 0.14499872006455095}, "datetime": {"delta": 13.057055, "datetime": "2020-06-14 13:22:03", "elapsed": 1342.557329}}
{"target": 10.0, "params": {"gamma_cf": 0.5437349595415181, "cue_position": 16.0, "beta_rec": 0.13340122625648632, "gamma_fc": 0.9723089808528426, "beta_enc": 0.2963012988583743}, "datetime": {"delta": 13.357237, "datetime": "2020-06-14 13:22:16", "elapsed": 1355.914566}}
{"target": 9.125, "params": {"gamma_cf": 0.7611948848201456, "cue_position": 16.0, "beta_rec": 0.5091550928550841, "gamma_fc": 0.13579257669690392, "beta_enc": 0.3143582357302541}, "datetime": {"delta": 13.154789, "datetime": "2020-06-14 13:22:29", "elapsed": 1369.069355}}
{"target": 11.0, "params": {"gamma_cf": 0.9710051599260798, "cue_position": 16.0, "beta_rec": 0.6875522038073436, "gamma_fc": 0.11735381051965088, "beta_enc": 0.18932208943767415}, "datetime": {"delta": 13.5048, "datetime": "2020-06-14 13:22:43", "elapsed": 1382.574155}}
{"target": 10.125, "params": {"gamma_cf": 0.7125335374976782, "cue_position": 16.0, "beta_rec": 0.8949719119373071, "gamma_fc": 0.5978759094926401, "beta_enc": 0.45108887821900134}, "datetime": {"delta": 13.37095, "datetime": "2020-06-14 13:22:56", "elapsed": 1395.945105}}
{"target": 9.125, "params": {"gamma_cf": 0.6409491643913292, "cue_position": 16.0, "beta_rec": 0.5279083099595574, "gamma_fc": 0.3547238227808308, "beta_enc": 0.4899621046134607}, "datetime": {"delta": 13.469364, "datetime": "2020-06-14 13:23:09", "elapsed": 1409.414469}}
{"target": 9.25, "params": {"gamma_cf": 0.4926601904473361, "cue_position": 16.0, "beta_rec": 0.04921435703558397, "gamma_fc": 0.040470377082654885, "beta_enc": 0.2242982387127357}, "datetime": {"delta": 13.408656, "datetime": "2020-06-14 13:23:23", "elapsed": 1422.823125}}
{"target": 10.625, "params": {"gamma_cf": 0.9826597072050931, "cue_position": 16.0, "beta_rec": 0.37332206223666997, "gamma_fc": 0.18306039296886112, "beta_enc": 0.06566373072413334}, "datetime": {"delta": 13.612744, "datetime": "2020-06-14 13:23:36", "elapsed": 1436.435869}}
{"target": 9.75, "params": {"gamma_cf": 0.48193009351030225, "cue_position": 16.0, "beta_rec": 0.9573959722076932, "gamma_fc": 0.9609610809250927, "beta_enc": 0.4932437472202791}, "datetime": {"delta": 13.538906, "datetime": "2020-06-14 13:23:50", "elapsed": 1449.974775}}
{"target": 9.375, "params": {"gamma_cf": 0.7026729889169867, "cue_position": 16.0, "beta_rec": 0.6365670782008088, "gamma_fc": 0.7731127839203205, "beta_enc": 0.1102042672193897}, "datetime": {"delta": 13.610563, "datetime": "2020-06-14 13:24:04", "elapsed": 1463.585338}}
{"target": 10.25, "params": {"gamma_cf": 0.6786839660775473, "cue_position": 16.0, "beta_rec": 0.12540656212834567, "gamma_fc": 0.8649698660472098, "beta_enc": 0.28517711043963034}, "datetime": {"delta": 13.454927, "datetime": "2020-06-14 13:24:17", "elapsed": 1477.040265}}
{"target": 10.375, "params": {"gamma_cf": 0.9828566168621877, "cue_position": 16.0, "beta_rec": 0.37118515159819043, "gamma_fc": 0.18898211417731114, "beta_enc": 0.0645817081963781}, "datetime": {"delta": 13.650807, "datetime": "2020-06-14 13:24:31", "elapsed": 1490.691072}}
{"target": 9.0, "params": {"gamma_cf": 0.2882790574080967, "cue_position": 16.0, "beta_rec": 0.5382246878098427, "gamma_fc": 0.5033358058718064, "beta_enc": 0.45382556498697}, "datetime": {"delta": 13.628176, "datetime": "2020-06-14 13:24:44", "elapsed": 1504.319248}}
{"target": 12.0, "params": {"gamma_cf": 0.5979288674927933, "cue_position": 16.0, "beta_rec": 0.8392338563489615, "gamma_fc": 0.24277495075493405, "beta_enc": 0.12008279866757643}, "datetime": {"delta": 13.812824, "datetime": "2020-06-14 13:24:58", "elapsed": 1518.132072}}
{"target": 10.0, "params": {"gamma_cf": 0.3508819437175753, "cue_position": 16.0, "beta_rec": 0.8178860009230897, "gamma_fc": 0.6711722601361513, "beta_enc": 0.4394473360996848}, "datetime": {"delta": 13.688534, "datetime": "2020-06-14 13:25:12", "elapsed": 1531.820606}}
{"target": 8.875, "params": {"gamma_cf": 0.4560989880632397, "cue_position": 16.0, "beta_rec": 0.8145394444517675, "gamma_fc": 0.9283480429635019, "beta_enc": 0.7968444392127294}, "datetime": {"delta": 13.783914, "datetime": "2020-06-14 13:25:26", "elapsed": 1545.60452}}
{"target": 9.125, "params": {"gamma_cf": 0.0283671784538716, "cue_position": 16.0, "beta_rec": 0.8578169211893856, "gamma_fc": 0.7961094622675525, "beta_enc": 0.9008653595126047}, "datetime": {"delta": 13.707651, "datetime": "2020-06-14 13:25:39", "elapsed": 1559.312171}}
{"target": 10.0, "params": {"gamma_cf": 0.8041911918344253, "cue_position": 16.0, "beta_rec": 0.7733304249180296, "gamma_fc": 0.5206180674259171, "beta_enc": 0.28771168959738913}, "datetime": {"delta": 13.890658, "datetime": "2020-06-14 13:25:53", "elapsed": 1573.202829}}
{"target": 10.875, "params": {"gamma_cf": 0.4616825072467683, "cue_position": 16.0, "beta_rec": 0.8104687743254985, "gamma_fc": 0.9373246146839384, "beta_enc": 0.801172262804685}, "datetime": {"delta": 13.690587, "datetime": "2020-06-14 13:26:07", "elapsed": 1586.893416}}
{"target": 10.0, "params": {"gamma_cf": 0.3913577456354035, "cue_position": 16.0, "beta_rec": 0.5241087614474026, "gamma_fc": 0.4597605448752655, "beta_enc": 0.44011896694342867}, "datetime": {"delta": 13.952374, "datetime": "2020-06-14 13:26:21", "elapsed": 1600.84579}}
{"target": 11.25, "params": {"gamma_cf": 0.8428110492571396, "cue_position": 16.0, "beta_rec": 0.3232593082310309, "gamma_fc": 0.5380093768842306, "beta_enc": 0.013772990976594457}, "datetime": {"delta": 13.863748, "datetime": "2020-06-14 13:26:35", "elapsed": 1614.709538}}
{"target": 11.625, "params": {"gamma_cf": 0.5028099511549791, "cue_position": 16.0, "beta_rec": 0.04855855488123739, "gamma_fc": 0.06017622795076427, "beta_enc": 0.21460967970774647}, "datetime": {"delta": 14.022184, "datetime": "2020-06-14 13:26:49", "elapsed": 1628.731722}}
{"target": 9.625, "params": {"gamma_cf": 0.804276088820983, "cue_position": 16.0, "beta_rec": 0.7771217774843722, "gamma_fc": 0.5120466492295703, "beta_enc": 0.28567616646786853}, "datetime": {"delta": 13.906428, "datetime": "2020-06-14 13:27:03", "elapsed": 1642.63815}}
{"target": 10.375, "params": {"gamma_cf": 0.03598871521141733, "cue_position": 16.0, "beta_rec": 0.8666940990825543, "gamma_fc": 0.8033230540753041, "beta_enc": 0.899345916008095}, "datetime": {"delta": 14.079617, "datetime": "2020-06-14 13:27:17", "elapsed": 1656.717767}}
{"target": 9.125, "params": {"gamma_cf": 0.8249313330456925, "cue_position": 16.0, "beta_rec": 0.8997387118345792, "gamma_fc": 0.8829200466631826, "beta_enc": 0.06919642968950834}, "datetime": {"delta": 14.024145, "datetime": "2020-06-14 13:27:31", "elapsed": 1670.741912}}
{"target": 9.875, "params": {"gamma_cf": 0.4189806275138287, "cue_position": 16.0, "beta_rec": 0.4249973528431099, "gamma_fc": 0.7980458190478303, "beta_enc": 0.07789904071723042}, "datetime": {"delta": 14.075736, "datetime": "2020-06-14 13:27:45", "elapsed": 1684.817648}}
{"target": 8.75, "params": {"gamma_cf": 0.23551272191891437, "cue_position": 16.0, "beta_rec": 0.448130317091298, "gamma_fc": 0.9945352386083866, "beta_enc": 0.7380722878551423}, "datetime": {"delta": 13.884033, "datetime": "2020-06-14 13:27:59", "elapsed": 1698.701681}}
{"target": 8.625, "params": {"gamma_cf": 0.1020395009752072, "cue_position": 16.0, "beta_rec": 0.6115656245462907, "gamma_fc": 0.5146574114756342, "beta_enc": 0.4162846793462839}, "datetime": {"delta": 14.007825, "datetime": "2020-06-14 13:28:13", "elapsed": 1712.709506}}
{"target": 9.875, "params": {"gamma_cf": 0.9152344595549345, "cue_position": 16.0, "beta_rec": 0.6213326051138176, "gamma_fc": 0.20418801130787068, "beta_enc": 0.14836530192659114}, "datetime": {"delta": 14.64238, "datetime": "2020-06-14 13:28:27", "elapsed": 1727.351886}}
{"target": 11.25, "params": {"gamma_cf": 0.5608972438686595, "cue_position": 16.0, "beta_rec": 0.5024351794689126, "gamma_fc": 0.6598600983509322, "beta_enc": 0.26603508040732304}, "datetime": {"delta": 15.006638, "datetime": "2020-06-14 13:28:42", "elapsed": 1742.358524}}
{"target": 8.375, "params": {"gamma_cf": 0.5927206166484329, "cue_position": 16.0, "beta_rec": 0.8317390564081434, "gamma_fc": 0.2500635170267971, "beta_enc": 0.1179872528381416}, "datetime": {"delta": 14.766444, "datetime": "2020-06-14 13:28:57", "elapsed": 1757.124968}}
{"target": 9.25, "params": {"gamma_cf": 0.5344877111218298, "cue_position": 16.0, "beta_rec": 0.9825488764488625, "gamma_fc": 0.3151950516277444, "beta_enc": 0.3165436172445414}, "datetime": {"delta": 15.023458, "datetime": "2020-06-14 13:29:12", "elapsed": 1772.148426}}
{"target": 9.875, "params": {"gamma_cf": 0.3809066305660812, "cue_position": 16.0, "beta_rec": 0.98192365818049, "gamma_fc": 0.5481992536870947, "beta_enc": 0.3181996080403401}, "datetime": {"delta": 14.674715, "datetime": "2020-06-14 13:29:27", "elapsed": 1786.823141}}
{"target": 8.75, "params": {"gamma_cf": 0.3262486258085837, "cue_position": 16.0, "beta_rec": 0.0032301290462711796, "gamma_fc": 0.15516361513384858, "beta_enc": 0.4263060328268744}, "datetime": {"delta": 14.468501, "datetime": "2020-06-14 13:29:41", "elapsed": 1801.291642}}
{"target": 9.625, "params": {"gamma_cf": 0.02647011772172847, "cue_position": 16.0, "beta_rec": 0.8055129385182659, "gamma_fc": 0.5948310644491954, "beta_enc": 0.2111419776540413}, "datetime": {"delta": 14.212226, "datetime": "2020-06-14 13:29:55", "elapsed": 1815.503868}}
{"target": 10.0, "params": {"gamma_cf": 0.22067510451556216, "cue_position": 16.0, "beta_rec": 0.32898741081699723, "gamma_fc": 0.6649800889901365, "beta_enc": 0.27005412600227297}, "datetime": {"delta": 14.443352, "datetime": "2020-06-14 13:30:10", "elapsed": 1829.94722}}
{"target": 8.875, "params": {"gamma_cf": 0.12149516528909976, "cue_position": 16.0, "beta_rec": 0.5490794091880306, "gamma_fc": 0.28544943947846313, "beta_enc": 0.5408405085923099}, "datetime": {"delta": 14.308315, "datetime": "2020-06-14 13:30:24", "elapsed": 1844.255535}}
{"target": 8.625, "params": {"gamma_cf": 0.19315389350947276, "cue_position": 16.0, "beta_rec": 0.08947527592501336, "gamma_fc": 0.6884838062111069, "beta_enc": 0.4370414250647955}, "datetime": {"delta": 14.489631, "datetime": "2020-06-14 13:30:39", "elapsed": 1858.745166}}
{"target": 10.5, "params": {"gamma_cf": 0.3400754599563506, "cue_position": 16.0, "beta_rec": 0.1832756814667349, "gamma_fc": 0.7934219765470768, "beta_enc": 0.38319066467129126}, "datetime": {"delta": 14.413608, "datetime": "2020-06-14 13:30:53", "elapsed": 1873.158774}}
{"target": 10.375, "params": {"gamma_cf": 0.9565640152855212, "cue_position": 16.0, "beta_rec": 0.8916789041871529, "gamma_fc": 0.7266305696139503, "beta_enc": 0.18619761300206805}, "datetime": {"delta": 14.566123, "datetime": "2020-06-14 13:31:08", "elapsed": 1887.724897}}
{"target": 10.125, "params": {"gamma_cf": 0.9048164538162853, "cue_position": 16.0, "beta_rec": 0.3547889187772867, "gamma_fc": 0.7260291720576575, "beta_enc": 0.35654689460833333}, "datetime": {"delta": 14.503201, "datetime": "2020-06-14 13:31:22", "elapsed": 1902.228098}}
{"target": 8.625, "params": {"gamma_cf": 0.6595733815622123, "cue_position": 16.0, "beta_rec": 0.7838688606832769, "gamma_fc": 0.13153805753718706, "beta_enc": 0.4477896803147342}, "datetime": {"delta": 14.611715, "datetime": "2020-06-14 13:31:37", "elapsed": 1916.839813}}
{"target": 9.625, "params": {"gamma_cf": 0.20252282982609093, "cue_position": 16.0, "beta_rec": 0.3950017691982758, "gamma_fc": 0.5307258085733019, "beta_enc": 0.6234558595120874}, "datetime": {"delta": 14.608721, "datetime": "2020-06-14 13:31:51", "elapsed": 1931.448534}}
{"target": 9.125, "params": {"gamma_cf": 0.5104800512633908, "cue_position": 16.0, "beta_rec": 0.9645967513722821, "gamma_fc": 0.3418558642979779, "beta_enc": 0.5214327766010545}, "datetime": {"delta": 14.652231, "datetime": "2020-06-14 13:32:06", "elapsed": 1946.100765}}
{"target": 9.375, "params": {"gamma_cf": 0.39231460990857214, "cue_position": 16.0, "beta_rec": 0.5523977148624319, "gamma_fc": 0.6962124610301154, "beta_enc": 0.35081257440041247}, "datetime": {"delta": 14.597824, "datetime": "2020-06-14 13:32:21", "elapsed": 1960.698589}}
{"target": 10.5, "params": {"gamma_cf": 0.18641066712695475, "cue_position": 16.0, "beta_rec": 0.2232416735455398, "gamma_fc": 0.8395608493444988, "beta_enc": 0.5085005228332472}, "datetime": {"delta": 14.754278, "datetime": "2020-06-14 13:32:35", "elapsed": 1975.452867}}
{"target": 6.875, "params": {"gamma_cf": 0.8958056500781969, "cue_position": 16.0, "beta_rec": 0.9702629186137929, "gamma_fc": 0.4319228583558302, "beta_enc": 0.619949478647285}, "datetime": {"delta": 14.584078, "datetime": "2020-06-14 13:32:50", "elapsed": 1990.036945}}
{"target": 11.25, "params": {"gamma_cf": 0.634612938423793, "cue_position": 16.0, "beta_rec": 0.5939781870907773, "gamma_fc": 0.5942779181978256, "beta_enc": 0.21506766318443826}, "datetime": {"delta": 14.85544, "datetime": "2020-06-14 13:33:05", "elapsed": 2004.892385}}
