{"target": 8.0, "params": {"beta_enc": 0.5315834658959018, "gamma_fc": 0.10538467273003926, "beta_rec": 0.6792129501957186, "cue_position": 0.0, "gamma_cf": 0.2991123446608356}, "datetime": {"elapsed": 127.561149, "delta": 0.338075, "datetime": "2020-06-14 09:47:47"}}
{"target": 7.625, "params": {"beta_enc": 0.28493214572214476, "gamma_fc": 0.5171205319704266, "beta_rec": 0.7688528482877579, "cue_position": 0.0, "gamma_cf": 0.8013307032031926}, "datetime": {"elapsed": 127.894195, "delta": 0.333046, "datetime": "2020-06-14 09:47:48"}}
{"target": 8.5, "params": {"beta_enc": 0.23210002184633505, "gamma_fc": 0.9033311768168756, "beta_rec": 0.6279619269819027, "cue_position": 0.0, "gamma_cf": 0.029528744942020957}, "datetime": {"elapsed": 128.241836, "delta": 0.347641, "datetime": "2020-06-14 09:47:48"}}
{"target": 8.0, "params": {"beta_enc": 0.4203695688027851, "gamma_fc": 0.07251552804546335, "beta_rec": 0.4261307804247122, "cue_position": 0.0, "gamma_cf": 0.9484584043057936}, "datetime": {"elapsed": 128.579661, "delta": 0.337825, "datetime": "2020-06-14 09:47:48"}}
{"target": 7.125, "params": {"beta_enc": 0.17270108813227492, "gamma_fc": 0.8244596107976835, "beta_rec": 0.3223574891327107, "cue_position": 0.0, "gamma_cf": 0.49549498136119297}, "datetime": {"elapsed": 128.900497, "delta": 0.320836, "datetime": "2020-06-14 09:47:49"}}
{"target": 6.625, "params": {"beta_enc": 0.8539724149421759, "gamma_fc": 0.743390512402039, "beta_rec": 0.5958299420587015, "cue_position": 0.0, "gamma_cf": 0.18649268827268528}, "datetime": {"elapsed": 129.210113, "delta": 0.309616, "datetime": "2020-06-14 09:47:49"}}
{"target": 7.125, "params": {"beta_enc": 0.23721405764354764, "gamma_fc": 0.17450118757274402, "beta_rec": 0.5394908909265497, "cue_position": 0.0, "gamma_cf": 0.22824910461538594}, "datetime": {"elapsed": 129.531035, "delta": 0.320922, "datetime": "2020-06-14 09:47:49"}}
{"target": 9.25, "params": {"beta_enc": 0.03973568657585125, "gamma_fc": 0.2236450455273178, "beta_rec": 0.14756883769994755, "cue_position": 0.0, "gamma_cf": 0.10463591174495857}, "datetime": {"elapsed": 129.895833, "delta": 0.364798, "datetime": "2020-06-14 09:47:50"}}
{"target": 7.75, "params": {"beta_enc": 0.03275719974597713, "gamma_fc": 0.13930117132372677, "beta_rec": 0.6763566354512786, "cue_position": 0.0, "gamma_cf": 0.4135917178017643}, "datetime": {"elapsed": 130.230755, "delta": 0.334922, "datetime": "2020-06-14 09:47:50"}}
{"target": 6.75, "params": {"beta_enc": 0.3772172876115065, "gamma_fc": 0.10275656387416432, "beta_rec": 0.4244374662396153, "cue_position": 0.0, "gamma_cf": 0.4228418130386131}, "datetime": {"elapsed": 130.543171, "delta": 0.312416, "datetime": "2020-06-14 09:47:50"}}
{"target": 5.0, "params": {"beta_enc": 0.772580266631544, "gamma_fc": 0.3010079430799063, "beta_rec": 0.1372060034899114, "cue_position": 0.0, "gamma_cf": 0.2719561124527795}, "datetime": {"elapsed": 130.820994, "delta": 0.277823, "datetime": "2020-06-14 09:47:51"}}
{"target": 6.25, "params": {"beta_enc": 0.6724207725864325, "gamma_fc": 0.3395408687963035, "beta_rec": 0.5177867238134145, "cue_position": 0.0, "gamma_cf": 0.4691344398333771}, "datetime": {"elapsed": 131.121794, "delta": 0.3008, "datetime": "2020-06-14 09:47:51"}}
{"target": 3.625, "params": {"beta_enc": 0.7044971982481261, "gamma_fc": 0.5006195729230891, "beta_rec": 0.226095202432549, "cue_position": 0.0, "gamma_cf": 0.5262296648916304}, "datetime": {"elapsed": 131.36958, "delta": 0.247786, "datetime": "2020-06-14 09:47:51"}}
{"target": 8.375, "params": {"beta_enc": 0.25368580688768017, "gamma_fc": 0.13290623766182708, "beta_rec": 0.18615566973666398, "cue_position": 0.0, "gamma_cf": 0.9818244178252573}, "datetime": {"elapsed": 131.715743, "delta": 0.346163, "datetime": "2020-06-14 09:47:52"}}
{"target": 7.75, "params": {"beta_enc": 0.28346243242805713, "gamma_fc": 0.31464760677511183, "beta_rec": 0.800641174283456, "cue_position": 0.0, "gamma_cf": 0.27875840869343704}, "datetime": {"elapsed": 132.050942, "delta": 0.335199, "datetime": "2020-06-14 09:47:52"}}
{"target": 8.625, "params": {"beta_enc": 0.41994825440192907, "gamma_fc": 0.6811114704584097, "beta_rec": 0.6027867622422961, "cue_position": 0.0, "gamma_cf": 0.8573003334512307}, "datetime": {"elapsed": 132.402681, "delta": 0.351739, "datetime": "2020-06-14 09:47:52"}}
{"target": 10.375, "params": {"beta_enc": 0.23698206447169834, "gamma_fc": 0.3049656416420632, "beta_rec": 0.92572053533626, "cue_position": 0.0, "gamma_cf": 0.3073814804278443}, "datetime": {"elapsed": 132.789794, "delta": 0.387113, "datetime": "2020-06-14 09:47:53"}}
{"target": 3.5, "params": {"beta_enc": 0.8811683184289046, "gamma_fc": 0.8272003251393062, "beta_rec": 0.1260784803971985, "cue_position": 0.0, "gamma_cf": 0.2777127324734242}, "datetime": {"elapsed": 133.034869, "delta": 0.245075, "datetime": "2020-06-14 09:47:53"}}
{"target": 9.5, "params": {"beta_enc": 0.3645234475558883, "gamma_fc": 0.8035946264310272, "beta_rec": 0.733366094468834, "cue_position": 0.0, "gamma_cf": 0.4814458975407394}, "datetime": {"elapsed": 133.403538, "delta": 0.368669, "datetime": "2020-06-14 09:47:53"}}
{"target": 5.25, "params": {"beta_enc": 0.39698821167237397, "gamma_fc": 0.2801926353730937, "beta_rec": 0.16157403985608987, "cue_position": 0.0, "gamma_cf": 0.7533258058943924}, "datetime": {"elapsed": 133.685126, "delta": 0.281588, "datetime": "2020-06-14 09:47:53"}}
{"target": 10.0, "params": {"beta_enc": 0.45136186123240163, "gamma_fc": 0.5909005994904067, "beta_rec": 0.9004489123860653, "cue_position": 0.0, "gamma_cf": 0.7071876097841823}, "datetime": {"elapsed": 134.064328, "delta": 0.379202, "datetime": "2020-06-14 09:47:54"}}
{"target": 6.5, "params": {"beta_enc": 0.8173822703971256, "gamma_fc": 0.5614096837184815, "beta_rec": 0.907644646099839, "cue_position": 0.0, "gamma_cf": 0.39722776623376177}, "datetime": {"elapsed": 134.371531, "delta": 0.307203, "datetime": "2020-06-14 09:47:54"}}
{"target": 3.5, "params": {"beta_enc": 0.7339231362848766, "gamma_fc": 0.42351005310518297, "beta_rec": 0.08747276218504352, "cue_position": 0.0, "gamma_cf": 0.2796211794498489}, "datetime": {"elapsed": 134.616516, "delta": 0.244985, "datetime": "2020-06-14 09:47:54"}}
{"target": 8.25, "params": {"beta_enc": 0.49797863267328835, "gamma_fc": 0.5824398618892226, "beta_rec": 0.660015223526051, "cue_position": 0.0, "gamma_cf": 0.6204682006051905}, "datetime": {"elapsed": 134.96136, "delta": 0.344844, "datetime": "2020-06-14 09:47:55"}}
{"target": 6.125, "params": {"beta_enc": 0.42833239803885637, "gamma_fc": 0.1469781258549313, "beta_rec": 0.004976364711265391, "cue_position": 0.0, "gamma_cf": 0.3202066542862888}, "datetime": {"elapsed": 135.261212, "delta": 0.299852, "datetime": "2020-06-14 09:47:55"}}
{"target": 6.125, "params": {"beta_enc": 0.5986638816064357, "gamma_fc": 0.6532580520244544, "beta_rec": 0.6114994766596024, "cue_position": 0.0, "gamma_cf": 0.32084890160086454}, "datetime": {"elapsed": 135.560291, "delta": 0.299079, "datetime": "2020-06-14 09:47:55"}}
{"target": 7.75, "params": {"beta_enc": 0.19028348267904371, "gamma_fc": 0.6978416560498484, "beta_rec": 0.0058809814446282305, "cue_position": 0.0, "gamma_cf": 0.4435038419039351}, "datetime": {"elapsed": 135.8932, "delta": 0.332909, "datetime": "2020-06-14 09:47:56"}}
{"target": 6.875, "params": {"beta_enc": 0.185043349636976, "gamma_fc": 0.10281836745431583, "beta_rec": 0.06261980198391548, "cue_position": 0.0, "gamma_cf": 0.695996510445494}, "datetime": {"elapsed": 136.20867, "delta": 0.31547, "datetime": "2020-06-14 09:47:56"}}
{"target": 9.0, "params": {"beta_enc": 0.19583423367499242, "gamma_fc": 0.1097350212856566, "beta_rec": 0.4539526504065199, "cue_position": 0.0, "gamma_cf": 0.750124248068985}, "datetime": {"elapsed": 136.567828, "delta": 0.359158, "datetime": "2020-06-14 09:47:56"}}
{"target": 8.625, "params": {"beta_enc": 0.6246236071556411, "gamma_fc": 0.5279187975307311, "beta_rec": 0.3873605221444808, "cue_position": 0.0, "gamma_cf": 0.2035603776619016}, "datetime": {"elapsed": 136.91994, "delta": 0.352112, "datetime": "2020-06-14 09:47:57"}}
{"target": 9.0, "params": {"beta_enc": 0.1721625549559327, "gamma_fc": 0.6383433300033875, "beta_rec": 0.018681005996375344, "cue_position": 0.0, "gamma_cf": 0.18417777656089307}, "datetime": {"elapsed": 137.280601, "delta": 0.360661, "datetime": "2020-06-14 09:47:57"}}
{"target": 7.375, "params": {"beta_enc": 0.5365748193404329, "gamma_fc": 0.5152146961620737, "beta_rec": 0.7749453799977457, "cue_position": 0.0, "gamma_cf": 0.9894521308362529}, "datetime": {"elapsed": 137.60629, "delta": 0.325689, "datetime": "2020-06-14 09:47:57"}}
{"target": 8.0, "params": {"beta_enc": 0.47882340118547173, "gamma_fc": 0.48924478546014216, "beta_rec": 0.7494424707521696, "cue_position": 0.0, "gamma_cf": 0.3624653173000254}, "datetime": {"elapsed": 137.946164, "delta": 0.339874, "datetime": "2020-06-14 09:47:58"}}
{"target": 7.375, "params": {"beta_enc": 0.18913837493884977, "gamma_fc": 0.2744741128035708, "beta_rec": 0.39358341429686194, "cue_position": 0.0, "gamma_cf": 0.46252906034220287}, "datetime": {"elapsed": 138.272859, "delta": 0.326695, "datetime": "2020-06-14 09:47:58"}}
{"target": 4.75, "params": {"beta_enc": 0.5267158603586157, "gamma_fc": 0.5774906810135474, "beta_rec": 0.029272121403112528, "cue_position": 0.0, "gamma_cf": 0.2929978836283572}, "datetime": {"elapsed": 138.545464, "delta": 0.272605, "datetime": "2020-06-14 09:47:58"}}
{"target": 4.625, "params": {"beta_enc": 0.7327698532613667, "gamma_fc": 0.9985990885864799, "beta_rec": 0.44033782679643774, "cue_position": 0.0, "gamma_cf": 0.23890995487021205}, "datetime": {"elapsed": 138.814163, "delta": 0.268699, "datetime": "2020-06-14 09:47:59"}}
{"target": 7.625, "params": {"beta_enc": 0.24287852161976753, "gamma_fc": 0.8211769648927358, "beta_rec": 0.9408284143815248, "cue_position": 0.0, "gamma_cf": 0.49756438460506747}, "datetime": {"elapsed": 139.147222, "delta": 0.333059, "datetime": "2020-06-14 09:47:59"}}
{"target": 4.25, "params": {"beta_enc": 0.7165880467947342, "gamma_fc": 0.9199535770148588, "beta_rec": 0.705580412120669, "cue_position": 0.0, "gamma_cf": 0.7541750254551594}, "datetime": {"elapsed": 139.40895, "delta": 0.261728, "datetime": "2020-06-14 09:47:59"}}
{"target": 8.875, "params": {"beta_enc": 0.4413517453158379, "gamma_fc": 0.4672385663332459, "beta_rec": 0.5279654841547008, "cue_position": 0.0, "gamma_cf": 0.3907730736706927}, "datetime": {"elapsed": 139.766362, "delta": 0.357412, "datetime": "2020-06-14 09:48:00"}}
{"target": 2.125, "params": {"beta_enc": 0.8951377108035733, "gamma_fc": 0.6065354305165435, "beta_rec": 0.11055744025544123, "cue_position": 0.0, "gamma_cf": 0.5454711685487195}, "datetime": {"elapsed": 139.985032, "delta": 0.21867, "datetime": "2020-06-14 09:48:00"}}
{"target": 7.75, "params": {"beta_enc": 0.029782944129560285, "gamma_fc": 0.6691577977971368, "beta_rec": 0.14674737976077956, "cue_position": 0.0, "gamma_cf": 0.0048720479536060735}, "datetime": {"elapsed": 140.319005, "delta": 0.333973, "datetime": "2020-06-14 09:48:00"}}
{"target": 3.5, "params": {"beta_enc": 0.8702579489225982, "gamma_fc": 0.30218150041580416, "beta_rec": 0.5469683092712408, "cue_position": 0.0, "gamma_cf": 0.6157259286130373}, "datetime": {"elapsed": 140.565652, "delta": 0.246647, "datetime": "2020-06-14 09:48:00"}}
{"target": 9.375, "params": {"beta_enc": 0.3667319816609417, "gamma_fc": 0.32752405584828914, "beta_rec": 0.5749397272777665, "cue_position": 0.0, "gamma_cf": 0.2015966344081711}, "datetime": {"elapsed": 140.934059, "delta": 0.368407, "datetime": "2020-06-14 09:48:01"}}
{"target": 5.75, "params": {"beta_enc": 0.742921250389697, "gamma_fc": 0.1938648596595468, "beta_rec": 0.3409202491323421, "cue_position": 0.0, "gamma_cf": 0.15635692867625162}, "datetime": {"elapsed": 141.226351, "delta": 0.292292, "datetime": "2020-06-14 09:48:01"}}
{"target": 9.125, "params": {"beta_enc": 0.4951123625611782, "gamma_fc": 0.307160768485095, "beta_rec": 0.6351249610913382, "cue_position": 0.0, "gamma_cf": 0.9025365564222451}, "datetime": {"elapsed": 141.58701, "delta": 0.360659, "datetime": "2020-06-14 09:48:01"}}
{"target": 3.125, "params": {"beta_enc": 0.7533800731255857, "gamma_fc": 0.41369073619910135, "beta_rec": 0.2824280305589726, "cue_position": 0.0, "gamma_cf": 0.2927265620931302}, "datetime": {"elapsed": 141.824791, "delta": 0.237781, "datetime": "2020-06-14 09:48:02"}}
{"target": 7.125, "params": {"beta_enc": 0.21471569566838056, "gamma_fc": 0.5039830093987828, "beta_rec": 0.31898600647018904, "cue_position": 0.0, "gamma_cf": 0.9630182395955346}, "datetime": {"elapsed": 142.147222, "delta": 0.322431, "datetime": "2020-06-14 09:48:02"}}
{"target": 2.75, "params": {"beta_enc": 0.9231006825886638, "gamma_fc": 0.6280230786069259, "beta_rec": 0.7461601407734211, "cue_position": 0.0, "gamma_cf": 0.7546222253081317}, "datetime": {"elapsed": 142.378566, "delta": 0.231344, "datetime": "2020-06-14 09:48:02"}}
{"target": 5.875, "params": {"beta_enc": 0.30375843415186865, "gamma_fc": 0.012522836886473265, "beta_rec": 0.5216593134132719, "cue_position": 0.0, "gamma_cf": 0.30531353144830675}, "datetime": {"elapsed": 142.67306, "delta": 0.294494, "datetime": "2020-06-14 09:48:02"}}
{"target": 9.25, "params": {"beta_enc": 0.26826282913593635, "gamma_fc": 0.13280748458041103, "beta_rec": 0.7967454755900841, "cue_position": 0.0, "gamma_cf": 0.6253311549032551}, "datetime": {"elapsed": 143.038138, "delta": 0.365078, "datetime": "2020-06-14 09:48:03"}}
{"target": 2.375, "params": {"beta_enc": 0.7575703592474212, "gamma_fc": 0.9475415511018243, "beta_rec": 0.526905346047344, "cue_position": 0.0, "gamma_cf": 0.8586117030700126}, "datetime": {"elapsed": 143.260915, "delta": 0.222777, "datetime": "2020-06-14 09:48:03"}}
{"target": 7.375, "params": {"beta_enc": 0.6545375346228315, "gamma_fc": 0.8587907562669648, "beta_rec": 0.8542582098426466, "cue_position": 0.0, "gamma_cf": 0.7271011884036769}, "datetime": {"elapsed": 143.586717, "delta": 0.325802, "datetime": "2020-06-14 09:48:03"}}
{"target": 8.125, "params": {"beta_enc": 0.9230030407536653, "gamma_fc": 0.8295737184581491, "beta_rec": 0.9020760015248446, "cue_position": 0.0, "gamma_cf": 0.0840212797987252}, "datetime": {"elapsed": 143.927804, "delta": 0.341087, "datetime": "2020-06-14 09:48:04"}}
{"target": 8.625, "params": {"beta_enc": 0.5389315533076343, "gamma_fc": 0.8779604187251567, "beta_rec": 0.542076154739123, "cue_position": 0.0, "gamma_cf": 0.03198418437577388}, "datetime": {"elapsed": 144.278746, "delta": 0.350942, "datetime": "2020-06-14 09:48:04"}}
{"target": 8.625, "params": {"beta_enc": 0.03463400133772032, "gamma_fc": 0.37408018773825613, "beta_rec": 0.6931945583783881, "cue_position": 0.0, "gamma_cf": 0.6417491808335967}, "datetime": {"elapsed": 144.629944, "delta": 0.351198, "datetime": "2020-06-14 09:48:04"}}
{"target": 7.75, "params": {"beta_enc": 0.2754620266501041, "gamma_fc": 0.6631488914643168, "beta_rec": 0.5094085814387623, "cue_position": 0.0, "gamma_cf": 0.5652896703655683}, "datetime": {"elapsed": 144.96299, "delta": 0.333046, "datetime": "2020-06-14 09:48:05"}}
{"target": 8.125, "params": {"beta_enc": 0.44137923095350085, "gamma_fc": 0.6535310326636594, "beta_rec": 0.9721390871214521, "cue_position": 0.0, "gamma_cf": 0.3549025108507734}, "datetime": {"elapsed": 145.30921, "delta": 0.34622, "datetime": "2020-06-14 09:48:05"}}
{"target": 6.75, "params": {"beta_enc": 0.5426164118717204, "gamma_fc": 0.19127205174117012, "beta_rec": 0.884056212378686, "cue_position": 0.0, "gamma_cf": 0.10806748517233733}, "datetime": {"elapsed": 145.625801, "delta": 0.316591, "datetime": "2020-06-14 09:48:05"}}
{"target": 8.5, "params": {"beta_enc": 0.38704623260508586, "gamma_fc": 0.6235518010455583, "beta_rec": 0.8540597949343145, "cue_position": 0.0, "gamma_cf": 0.6263588032086836}, "datetime": {"elapsed": 145.977609, "delta": 0.351808, "datetime": "2020-06-14 09:48:06"}}
{"target": 6.875, "params": {"beta_enc": 0.4080471353479287, "gamma_fc": 0.39845819654904013, "beta_rec": 0.05033512965945175, "cue_position": 0.0, "gamma_cf": 0.29572553442388116}, "datetime": {"elapsed": 146.295364, "delta": 0.317755, "datetime": "2020-06-14 09:48:06"}}
{"target": 8.375, "params": {"beta_enc": 0.37723956753050947, "gamma_fc": 0.015421822343255842, "beta_rec": 0.6636026316710936, "cue_position": 0.0, "gamma_cf": 0.5498899204719812}, "datetime": {"elapsed": 146.644281, "delta": 0.348917, "datetime": "2020-06-14 09:48:06"}}
{"target": 7.75, "params": {"beta_enc": 0.9830389835394168, "gamma_fc": 0.6968783264368051, "beta_rec": 0.5984272223880148, "cue_position": 0.0, "gamma_cf": 0.1467479307274827}, "datetime": {"elapsed": 146.979958, "delta": 0.335677, "datetime": "2020-06-14 09:48:07"}}
{"target": 4.375, "params": {"beta_enc": 0.9058084167065523, "gamma_fc": 0.9572253423743934, "beta_rec": 0.3181087523446168, "cue_position": 0.0, "gamma_cf": 0.28749810204118764}, "datetime": {"elapsed": 147.243876, "delta": 0.263918, "datetime": "2020-06-14 09:48:07"}}
{"target": 5.875, "params": {"beta_enc": 0.7023157547948075, "gamma_fc": 0.9236157463407607, "beta_rec": 0.6250155931933211, "cue_position": 0.0, "gamma_cf": 0.26904238725191854}, "datetime": {"elapsed": 147.541543, "delta": 0.297667, "datetime": "2020-06-14 09:48:07"}}
{"target": 5.875, "params": {"beta_enc": 0.6780829341239825, "gamma_fc": 0.6982817992918626, "beta_rec": 0.7713625072014619, "cue_position": 0.0, "gamma_cf": 0.8339046774992332}, "datetime": {"elapsed": 147.840389, "delta": 0.298846, "datetime": "2020-06-14 09:48:08"}}
{"target": 9.375, "params": {"beta_enc": 0.146608701776909, "gamma_fc": 0.19823229021015376, "beta_rec": 0.6124611286280749, "cue_position": 0.0, "gamma_cf": 0.9158787230673001}, "datetime": {"elapsed": 148.210851, "delta": 0.370462, "datetime": "2020-06-14 09:48:08"}}
{"target": 6.875, "params": {"beta_enc": 0.28571649537130284, "gamma_fc": 0.5735610825770953, "beta_rec": 0.04765470496967894, "cue_position": 0.0, "gamma_cf": 0.5575878151711118}, "datetime": {"elapsed": 148.53029, "delta": 0.319439, "datetime": "2020-06-14 09:48:08"}}
{"target": 2.125, "params": {"beta_enc": 0.905377379959673, "gamma_fc": 0.5768293032320249, "beta_rec": 0.34741393280060506, "cue_position": 0.0, "gamma_cf": 0.8512376625014975}, "datetime": {"elapsed": 148.749291, "delta": 0.219001, "datetime": "2020-06-14 09:48:09"}}
{"target": 4.625, "params": {"beta_enc": 0.6539929348777337, "gamma_fc": 0.13339403014523998, "beta_rec": 0.27835933039431604, "cue_position": 0.0, "gamma_cf": 0.6209523875804722}, "datetime": {"elapsed": 149.018826, "delta": 0.269535, "datetime": "2020-06-14 09:48:09"}}
{"target": 8.75, "params": {"beta_enc": 0.03290871659253447, "gamma_fc": 0.6262089291372217, "beta_rec": 0.11341100113082614, "cue_position": 0.0, "gamma_cf": 0.02402673463080851}, "datetime": {"elapsed": 149.37812, "delta": 0.359294, "datetime": "2020-06-14 09:48:09"}}
{"target": 7.625, "params": {"beta_enc": 0.09758261797608447, "gamma_fc": 0.2705519937974664, "beta_rec": 0.25096153771624574, "cue_position": 0.0, "gamma_cf": 0.11582674670624904}, "datetime": {"elapsed": 149.712114, "delta": 0.333994, "datetime": "2020-06-14 09:48:10"}}
{"target": 5.625, "params": {"beta_enc": 0.021079672835511265, "gamma_fc": 0.026528351110449155, "beta_rec": 0.9850455536104694, "cue_position": 0.0, "gamma_cf": 0.3783538388352491}, "datetime": {"elapsed": 150.006408, "delta": 0.294294, "datetime": "2020-06-14 09:48:10"}}
{"target": 7.125, "params": {"beta_enc": 0.3898387483749842, "gamma_fc": 0.6147818910832991, "beta_rec": 0.4525586263864343, "cue_position": 0.0, "gamma_cf": 0.27850417183805665}, "datetime": {"elapsed": 150.329886, "delta": 0.323478, "datetime": "2020-06-14 09:48:10"}}
{"target": 3.375, "params": {"beta_enc": 0.6651683545821934, "gamma_fc": 0.09657903442841353, "beta_rec": 0.18596096979633892, "cue_position": 0.0, "gamma_cf": 0.7865007628599349}, "datetime": {"elapsed": 150.580177, "delta": 0.250291, "datetime": "2020-06-14 09:48:10"}}
{"target": 8.125, "params": {"beta_enc": 0.6060352981689622, "gamma_fc": 0.4814004591490364, "beta_rec": 0.02605993268839324, "cue_position": 0.0, "gamma_cf": 0.059528607140071355}, "datetime": {"elapsed": 150.924334, "delta": 0.344157, "datetime": "2020-06-14 09:48:11"}}
{"target": 2.5, "params": {"beta_enc": 0.9257041086902309, "gamma_fc": 0.5192975854704402, "beta_rec": 0.4055573841390242, "cue_position": 0.0, "gamma_cf": 0.8613524744830288}, "datetime": {"elapsed": 151.15142, "delta": 0.227086, "datetime": "2020-06-14 09:48:11"}}
{"target": 7.25, "params": {"beta_enc": 0.3189358689174241, "gamma_fc": 0.20139185371372026, "beta_rec": 0.9630323387846756, "cue_position": 0.0, "gamma_cf": 0.2600189719566923}, "datetime": {"elapsed": 151.478414, "delta": 0.326994, "datetime": "2020-06-14 09:48:11"}}
{"target": 8.0, "params": {"beta_enc": 0.5889087033060773, "gamma_fc": 0.16224499947880777, "beta_rec": 0.8425182098415589, "cue_position": 0.0, "gamma_cf": 0.5864294214642616}, "datetime": {"elapsed": 151.81862, "delta": 0.340206, "datetime": "2020-06-14 09:48:12"}}
{"target": 8.875, "params": {"beta_enc": 0.19459373523814183, "gamma_fc": 0.6894948631776694, "beta_rec": 0.7613352159920956, "cue_position": 0.0, "gamma_cf": 0.2659070410478275}, "datetime": {"elapsed": 152.17659, "delta": 0.35797, "datetime": "2020-06-14 09:48:12"}}
{"target": 7.625, "params": {"beta_enc": 0.01508930763297911, "gamma_fc": 0.36221610553001116, "beta_rec": 0.03219440386857053, "cue_position": 0.0, "gamma_cf": 0.3366231805122991}, "datetime": {"elapsed": 152.509228, "delta": 0.332638, "datetime": "2020-06-14 09:48:12"}}
{"target": 2.5, "params": {"beta_enc": 0.8071905755135196, "gamma_fc": 0.14300410951832265, "beta_rec": 0.035980967658641894, "cue_position": 0.0, "gamma_cf": 0.6382781332668243}, "datetime": {"elapsed": 152.734169, "delta": 0.224941, "datetime": "2020-06-14 09:48:13"}}
