{"target": 3.1644444444444444, "params": {"beta_enc": 0.7965886780072875, "beta_rec": 0.44614623200345727, "primacy": 0.6, "gamma_fc": 0.7827494147841719}, "datetime": {"elapsed": 7441.018236, "datetime": "2020-09-17 13:18:37", "delta": 71.78789}}
{"target": 7.09, "params": {"beta_enc": 0.30024833953390007, "beta_rec": 0.14300582825809938, "primacy": 0.6, "gamma_fc": 0.9013084363492738}, "datetime": {"elapsed": 7538.658786, "datetime": "2020-09-17 13:20:15", "delta": 97.64055}}
{"target": 1.9022222222222223, "params": {"beta_enc": 0.9747403708550822, "beta_rec": 0.6366044000018972, "primacy": 0.6, "gamma_fc": 0.9939130246104789}, "datetime": {"elapsed": 7601.32743, "datetime": "2020-09-17 13:21:18", "delta": 62.668644}}
{"target": 5.042222222222223, "params": {"beta_enc": 0.5264259339055213, "beta_rec": 0.1354279030721699, "primacy": 0.6, "gamma_fc": 0.3557051709838811}, "datetime": {"elapsed": 7687.050165, "datetime": "2020-09-17 13:22:43", "delta": 85.722735}}
{"target": 7.573333333333333, "params": {"beta_enc": 0.1603951795196491, "beta_rec": 0.7456371927074961, "primacy": 0.6, "gamma_fc": 0.03039968992878883}, "datetime": {"elapsed": 7770.673412, "datetime": "2020-09-17 13:24:07", "delta": 83.623247}}
{"target": 3.3177777777777777, "params": {"beta_enc": 0.8623462528380441, "beta_rec": 0.6926777175073543, "primacy": 0.6, "gamma_fc": 0.6909421420661686}, "datetime": {"elapsed": 7840.739786, "datetime": "2020-09-17 13:25:17", "delta": 70.066374}}
{"target": 6.444444444444445, "params": {"beta_enc": 0.44190428074842336, "beta_rec": 0.5815774073442912, "primacy": 0.6, "gamma_fc": 0.9897517076637052}, "datetime": {"elapsed": 7935.531846, "datetime": "2020-09-17 13:26:52", "delta": 94.79206}}
{"target": 7.483333333333333, "params": {"beta_enc": 0.24773290176235485, "beta_rec": 0.26217308377291193, "primacy": 0.6, "gamma_fc": 0.7501724132979928}, "datetime": {"elapsed": 8035.75867, "datetime": "2020-09-17 13:28:32", "delta": 100.226824}}
{"target": 7.742222222222222, "params": {"beta_enc": 0.05692943841109499, "beta_rec": 0.5085162406102396, "primacy": 0.6, "gamma_fc": 0.21196016464367595}, "datetime": {"elapsed": 8136.531555, "datetime": "2020-09-17 13:30:13", "delta": 100.772885}}
{"target": 6.95, "params": {"beta_enc": 0.29733138150727223, "beta_rec": 0.02760601195450363, "primacy": 0.6, "gamma_fc": 0.593432449464621}, "datetime": {"elapsed": 8232.553229, "datetime": "2020-09-17 13:31:49", "delta": 96.021674}}
{"target": 7.011111111111111, "params": {"beta_enc": 0.3810161240622142, "beta_rec": 0.7498583107261434, "primacy": 0.6, "gamma_fc": 0.5111414782971282}, "datetime": {"elapsed": 8329.17534, "datetime": "2020-09-17 13:33:25", "delta": 96.622111}}
{"target": 8.253333333333334, "params": {"beta_enc": 0.9240029572724411, "beta_rec": 0.8730077233028685, "primacy": 0.6, "gamma_fc": 0.09362240758297151}, "datetime": {"elapsed": 8431.608894, "datetime": "2020-09-17 13:35:08", "delta": 102.433554}}
{"target": 8.427777777777777, "params": {"beta_enc": 0.9750404425017664, "beta_rec": 0.8832743496960853, "primacy": 0.6, "gamma_fc": 0.11410365076867585}, "datetime": {"elapsed": 8535.012767, "datetime": "2020-09-17 13:36:51", "delta": 103.403873}}
{"target": 8.582222222222223, "params": {"beta_enc": 1.0, "beta_rec": 0.9067893914732572, "primacy": 0.6, "gamma_fc": 0.12965691268242927}, "datetime": {"elapsed": 8622.445958, "datetime": "2020-09-17 13:38:19", "delta": 87.433191}}
{"target": 8.813333333333333, "params": {"beta_enc": 0.9987541336850791, "beta_rec": 0.9940135189093223, "primacy": 0.6, "gamma_fc": 0.1379540645653926}, "datetime": {"elapsed": 8723.598176, "datetime": "2020-09-17 13:40:00", "delta": 101.152218}}
{"target": 8.71888888888889, "params": {"beta_enc": 0.9969878748354793, "beta_rec": 0.9768399967954854, "primacy": 0.6, "gamma_fc": 0.19944705650707062}, "datetime": {"elapsed": 8825.132502, "datetime": "2020-09-17 13:41:41", "delta": 101.534326}}
{"target": 8.892222222222221, "params": {"beta_enc": 1.0, "beta_rec": 1.0, "primacy": 0.6, "gamma_fc": 0.04494060759809366}, "datetime": {"elapsed": 8926.741365, "datetime": "2020-09-17 13:43:23", "delta": 101.608863}}
{"target": 7.745555555555556, "params": {"beta_enc": 0.0, "beta_rec": 0.024811222148624034, "primacy": 0.6, "gamma_fc": 1.0}, "datetime": {"elapsed": 9029.519037, "datetime": "2020-09-17 13:45:06", "delta": 102.777672}}
{"target": 7.738888888888889, "params": {"beta_enc": 0.0, "beta_rec": 1.0, "primacy": 0.6, "gamma_fc": 0.5230820652643214}, "datetime": {"elapsed": 9132.695513, "datetime": "2020-09-17 13:46:49", "delta": 103.176476}}
{"target": 8.82, "params": {"beta_enc": 1.0, "beta_rec": 1.0, "primacy": 0.6, "gamma_fc": 0.0}, "datetime": {"elapsed": 9234.477838, "datetime": "2020-09-17 13:48:31", "delta": 101.782325}}
{"target": 7.713333333333333, "params": {"beta_enc": 0.0, "beta_rec": 0.0, "primacy": 0.6, "gamma_fc": 0.7020000955419922}, "datetime": {"elapsed": 9338.324891, "datetime": "2020-09-17 13:50:15", "delta": 103.847053}}
{"target": 7.777777777777778, "params": {"beta_enc": 0.0017384903706431087, "beta_rec": 0.9998191006977817, "primacy": 0.6, "gamma_fc": 0.0016847346346265946}, "datetime": {"elapsed": 9436.666153, "datetime": "2020-09-17 13:51:53", "delta": 98.341262}}
{"target": 7.648888888888889, "params": {"beta_enc": 0.0, "beta_rec": 0.8049114754475779, "primacy": 0.6, "gamma_fc": 1.0}, "datetime": {"elapsed": 9534.612521, "datetime": "2020-09-17 13:53:31", "delta": 97.946368}}
{"target": 7.69, "params": {"beta_enc": 0.0029965636106805693, "beta_rec": 0.23154379553447457, "primacy": 0.6, "gamma_fc": 0.9927363002512738}, "datetime": {"elapsed": 9637.270382, "datetime": "2020-09-17 13:55:13", "delta": 102.657861}}
{"target": 8.687777777777777, "params": {"beta_enc": 1.0, "beta_rec": 0.9223778347067642, "primacy": 0.6, "gamma_fc": 0.0}, "datetime": {"elapsed": 9738.562259, "datetime": "2020-09-17 13:56:55", "delta": 101.291877}}
{"target": 7.684444444444445, "params": {"beta_enc": 0.0007636266268506997, "beta_rec": 0.445703027277502, "primacy": 0.6, "gamma_fc": 0.01120271133039985}, "datetime": {"elapsed": 9840.39154, "datetime": "2020-09-17 13:58:37", "delta": 101.829281}}
{"target": 7.6033333333333335, "params": {"beta_enc": 0.13847879174624822, "beta_rec": 0.9962959679817257, "primacy": 0.6, "gamma_fc": 0.9923114579688707}, "datetime": {"elapsed": 9942.263679, "datetime": "2020-09-17 14:00:18", "delta": 101.872139}}
{"target": 7.657777777777778, "params": {"beta_enc": 3.4052203025103367e-06, "beta_rec": 0.7578515486797375, "primacy": 0.6, "gamma_fc": 0.18485110819725947}, "datetime": {"elapsed": 10045.27802, "datetime": "2020-09-17 14:02:01", "delta": 103.014341}}
{"target": 7.696666666666666, "params": {"beta_enc": 0.01775049471874013, "beta_rec": 0.012340686220171593, "primacy": 0.6, "gamma_fc": 0.41029975343163283}, "datetime": {"elapsed": 10148.581008, "datetime": "2020-09-17 14:03:45", "delta": 103.302988}}
{"target": 7.676666666666667, "params": {"beta_enc": 0.006700494735785378, "beta_rec": 0.9977164533458055, "primacy": 0.6, "gamma_fc": 0.2676699419315751}, "datetime": {"elapsed": 10251.566368, "datetime": "2020-09-17 14:05:28", "delta": 102.98536}}
{"target": 8.613333333333333, "params": {"beta_enc": 0.9565112003468293, "beta_rec": 0.9946291383665307, "primacy": 0.6, "gamma_fc": 0.018427998467159146}, "datetime": {"elapsed": 10342.485685, "datetime": "2020-09-17 14:06:59", "delta": 90.919317}}
{"target": 8.575555555555555, "params": {"beta_enc": 0.998720742783876, "beta_rec": 0.9881002205345564, "primacy": 0.6, "gamma_fc": 0.2981470974338093}, "datetime": {"elapsed": 10438.554512, "datetime": "2020-09-17 14:08:35", "delta": 96.068827}}
{"target": 7.736666666666666, "params": {"beta_enc": 0.0016721564816275514, "beta_rec": 0.8058121239843871, "primacy": 0.6, "gamma_fc": 0.5684672674625455}, "datetime": {"elapsed": 10541.485688, "datetime": "2020-09-17 14:10:18", "delta": 102.931176}}
{"target": 7.76, "params": {"beta_enc": 0.15483524369908963, "beta_rec": 0.9997421895643921, "primacy": 0.6, "gamma_fc": 0.7094643813091766}, "datetime": {"elapsed": 10645.56365, "datetime": "2020-09-17 14:12:02", "delta": 104.077962}}
{"target": 7.591111111111111, "params": {"beta_enc": 0.00018178587614703368, "beta_rec": 0.34432503954951776, "primacy": 0.6, "gamma_fc": 0.31207689202373967}, "datetime": {"elapsed": 10747.223185, "datetime": "2020-09-17 14:13:43", "delta": 101.659535}}
{"target": 7.673333333333333, "params": {"beta_enc": 0.00919710538457652, "beta_rec": 0.5407659566076508, "primacy": 0.6, "gamma_fc": 0.9971760033351192}, "datetime": {"elapsed": 10849.280621, "datetime": "2020-09-17 14:15:25", "delta": 102.057436}}
{"target": 7.705555555555556, "params": {"beta_enc": 0.006973679589947879, "beta_rec": 0.16490256709634976, "primacy": 0.6, "gamma_fc": 0.820659908743563}, "datetime": {"elapsed": 10953.192656, "datetime": "2020-09-17 14:17:09", "delta": 103.912035}}
{"target": 7.778888888888889, "params": {"beta_enc": 0.0018334809435600619, "beta_rec": 0.24009088296845893, "primacy": 0.6, "gamma_fc": 0.00048212447885576104}, "datetime": {"elapsed": 11057.522352, "datetime": "2020-09-17 14:18:54", "delta": 104.329696}}
{"target": 7.597777777777778, "params": {"beta_enc": 0.0014622666082240166, "beta_rec": 0.9926234904078144, "primacy": 0.6, "gamma_fc": 0.9968840855512018}, "datetime": {"elapsed": 11162.145842, "datetime": "2020-09-17 14:20:38", "delta": 104.62349}}
{"target": 7.5744444444444445, "params": {"beta_enc": 0.14924395198094398, "beta_rec": 0.0047499355854686565, "primacy": 0.6, "gamma_fc": 0.882104812102622}, "datetime": {"elapsed": 11259.260233, "datetime": "2020-09-17 14:22:15", "delta": 97.114391}}
{"target": 7.6322222222222225, "params": {"beta_enc": 0.005948728268651338, "beta_rec": 0.7806146606693629, "primacy": 0.6, "gamma_fc": 0.0021029995580719163}, "datetime": {"elapsed": 11361.267841, "datetime": "2020-09-17 14:23:57", "delta": 102.007608}}
{"target": 7.535555555555556, "params": {"beta_enc": 0.22719697618488988, "beta_rec": 0.3075423992587335, "primacy": 0.6, "gamma_fc": 0.998256397991187}, "datetime": {"elapsed": 11464.300226, "datetime": "2020-09-17 14:25:40", "delta": 103.032385}}
{"target": 7.252222222222223, "params": {"beta_enc": 0.3765277882882587, "beta_rec": 0.9940865411702553, "primacy": 0.6, "gamma_fc": 0.020188001945734335}, "datetime": {"elapsed": 11563.109347, "datetime": "2020-09-17 14:27:19", "delta": 98.809121}}
{"target": 8.20888888888889, "params": {"beta_enc": 0.9990798401732104, "beta_rec": 0.7591493772968431, "primacy": 0.6, "gamma_fc": 0.0018882963514618156}, "datetime": {"elapsed": 11665.860079, "datetime": "2020-09-17 14:29:02", "delta": 102.750732}}
{"target": 7.418888888888889, "params": {"beta_enc": 0.21216613604454737, "beta_rec": 0.455436860550018, "primacy": 0.6, "gamma_fc": 0.0016325795220324402}, "datetime": {"elapsed": 11765.722016, "datetime": "2020-09-17 14:30:42", "delta": 99.861937}}
{"target": 6.511111111111111, "params": {"beta_enc": 0.4078812401521288, "beta_rec": 0.9982958137887022, "primacy": 0.6, "gamma_fc": 0.9897977691861907}, "datetime": {"elapsed": 11863.751358, "datetime": "2020-09-17 14:32:20", "delta": 98.029342}}
{"target": 7.737777777777778, "params": {"beta_enc": 5.218815560648071e-05, "beta_rec": 0.6463357138321543, "primacy": 0.6, "gamma_fc": 0.8581003587194102}, "datetime": {"elapsed": 11968.241223, "datetime": "2020-09-17 14:34:04", "delta": 104.489865}}
{"target": 3.9066666666666667, "params": {"beta_enc": 0.9985879693188571, "beta_rec": 0.0003640564073482677, "primacy": 0.6, "gamma_fc": 0.002138035566621399}, "datetime": {"elapsed": 12039.537281, "datetime": "2020-09-17 14:35:16", "delta": 71.296058}}
{"target": 7.644444444444445, "params": {"beta_enc": 0.2001103573010834, "beta_rec": 0.9995686383603476, "primacy": 0.6, "gamma_fc": 0.24847669488586144}, "datetime": {"elapsed": 12135.105151, "datetime": "2020-09-17 14:36:51", "delta": 95.56787}}
