{"target": 9.125, "params": {"gamma_cf": 0.9299556236533179, "cue_position": 16.0, "beta_rec": 0.4139198457294089, "gamma_fc": 0.14923603230975002, "beta_enc": 0.6345187162918416}, "datetime": {"delta": 0.354335, "datetime": "2020-06-14 13:01:05", "elapsed": 84.833033}}
{"target": 8.75, "params": {"gamma_cf": 0.7803635232892685, "cue_position": 16.0, "beta_rec": 0.46157971096238615, "gamma_fc": 0.48719390907342375, "beta_enc": 0.3948822625368005}, "datetime": {"delta": 0.346005, "datetime": "2020-06-14 13:01:05", "elapsed": 85.179038}}
{"target": 8.0, "params": {"gamma_cf": 0.022271511532804156, "cue_position": 16.0, "beta_rec": 0.26199970471933565, "gamma_fc": 0.8211218982189646, "beta_enc": 0.4199935520102408}, "datetime": {"delta": 0.332509, "datetime": "2020-06-14 13:01:05", "elapsed": 85.511547}}
{"target": 10.125, "params": {"gamma_cf": 0.9742126278950913, "cue_position": 16.0, "beta_rec": 0.6857568991725472, "gamma_fc": 0.12277212944941995, "beta_enc": 0.18846839966641848}, "datetime": {"delta": 0.374529, "datetime": "2020-06-14 13:01:06", "elapsed": 85.886076}}
{"target": 5.75, "params": {"gamma_cf": 0.3092463846587796, "cue_position": 16.0, "beta_rec": 0.8894424754644789, "gamma_fc": 0.0007643854781880233, "beta_enc": 0.18756989261723955}, "datetime": {"delta": 0.28598, "datetime": "2020-06-14 13:01:06", "elapsed": 86.172056}}
{"target": 9.375, "params": {"gamma_cf": 0.8963225568040046, "cue_position": 16.0, "beta_rec": 0.1454036341712357, "gamma_fc": 0.8730943782696405, "beta_enc": 0.22759773832225305}, "datetime": {"delta": 0.356663, "datetime": "2020-06-14 13:01:06", "elapsed": 86.528719}}
{"target": 9.125, "params": {"gamma_cf": 0.49582639708521237, "cue_position": 16.0, "beta_rec": 0.47049767615220905, "gamma_fc": 0.36348868328490525, "beta_enc": 0.7002894376334498}, "datetime": {"delta": 0.354742, "datetime": "2020-06-14 13:01:07", "elapsed": 86.883461}}
{"target": 10.0, "params": {"gamma_cf": 0.49288087343132025, "cue_position": 16.0, "beta_rec": 0.9247408135383717, "gamma_fc": 0.2544381023144221, "beta_enc": 0.27560310276085875}, "datetime": {"delta": 0.371527, "datetime": "2020-06-14 13:01:07", "elapsed": 87.254988}}
{"target": 7.25, "params": {"gamma_cf": 0.7175949621947544, "cue_position": 16.0, "beta_rec": 0.38326345680528673, "gamma_fc": 0.19086994317230743, "beta_enc": 0.8849665188380633}, "datetime": {"delta": 0.318085, "datetime": "2020-06-14 13:01:08", "elapsed": 87.573073}}
{"target": 9.5, "params": {"gamma_cf": 0.5905205476471171, "cue_position": 16.0, "beta_rec": 0.8369977822135122, "gamma_fc": 0.24289157496487068, "beta_enc": 0.11819262934703845}, "datetime": {"delta": 0.358066, "datetime": "2020-06-14 13:01:08", "elapsed": 87.931139}}
{"target": 9.875, "params": {"gamma_cf": 0.06748934306754228, "cue_position": 16.0, "beta_rec": 0.638355320741173, "gamma_fc": 0.8805385975643267, "beta_enc": 0.6232471451875841}, "datetime": {"delta": 0.367671, "datetime": "2020-06-14 13:01:08", "elapsed": 88.29881}}
{"target": 10.25, "params": {"gamma_cf": 0.5913871822675169, "cue_position": 16.0, "beta_rec": 0.7638727180664299, "gamma_fc": 0.4287951603487977, "beta_enc": 0.4599567310742584}, "datetime": {"delta": 0.376497, "datetime": "2020-06-14 13:01:09", "elapsed": 88.675307}}
{"target": 7.625, "params": {"gamma_cf": 0.07934158295831895, "cue_position": 16.0, "beta_rec": 0.12671338384692277, "gamma_fc": 0.3028583047175786, "beta_enc": 0.38210064254913956}, "datetime": {"delta": 0.32131, "datetime": "2020-06-14 13:01:09", "elapsed": 88.996617}}
{"target": 9.875, "params": {"gamma_cf": 0.00838307952503159, "cue_position": 16.0, "beta_rec": 0.6150157249710488, "gamma_fc": 0.6783769722513199, "beta_enc": 0.7417048002315554}, "datetime": {"delta": 0.366878, "datetime": "2020-06-14 13:01:09", "elapsed": 89.363495}}
{"target": 9.5, "params": {"gamma_cf": 0.18498296555082983, "cue_position": 16.0, "beta_rec": 0.23090845048417918, "gamma_fc": 0.8442600050750985, "beta_enc": 0.503180690542887}, "datetime": {"delta": 0.359099, "datetime": "2020-06-14 13:01:10", "elapsed": 89.722594}}
{"target": 5.0, "params": {"gamma_cf": 0.7802245796913637, "cue_position": 16.0, "beta_rec": 0.9137396248416316, "gamma_fc": 0.5464545907014307, "beta_enc": 0.9825897893050853}, "datetime": {"delta": 0.269701, "datetime": "2020-06-14 13:01:10", "elapsed": 89.992295}}
{"target": 6.75, "params": {"gamma_cf": 0.7872634475242615, "cue_position": 16.0, "beta_rec": 0.48372695118890585, "gamma_fc": 0.10023464310313235, "beta_enc": 0.8164423975559377}, "datetime": {"delta": 0.303829, "datetime": "2020-06-14 13:01:10", "elapsed": 90.296124}}
{"target": 8.25, "params": {"gamma_cf": 0.9588025156370005, "cue_position": 16.0, "beta_rec": 0.36598334666965426, "gamma_fc": 0.39282294499696246, "beta_enc": 0.5370071168405407}, "datetime": {"delta": 0.336012, "datetime": "2020-06-14 13:01:11", "elapsed": 90.632136}}
{"target": 9.0, "params": {"gamma_cf": 0.3938840078553765, "cue_position": 16.0, "beta_rec": 0.7906369935895988, "gamma_fc": 0.6889550482302514, "beta_enc": 0.39297299794161644}, "datetime": {"delta": 0.348231, "datetime": "2020-06-14 13:01:11", "elapsed": 90.980367}}
{"target": 8.75, "params": {"gamma_cf": 0.3344193926972726, "cue_position": 16.0, "beta_rec": 0.1361131542481221, "gamma_fc": 0.2179689300611679, "beta_enc": 0.404001609054379}, "datetime": {"delta": 0.346269, "datetime": "2020-06-14 13:01:11", "elapsed": 91.326636}}
{"target": 5.875, "params": {"gamma_cf": 0.746657472123005, "cue_position": 16.0, "beta_rec": 0.6896393990795577, "gamma_fc": 0.5419710617714415, "beta_enc": 0.9257748016364399}, "datetime": {"delta": 0.286237, "datetime": "2020-06-14 13:01:12", "elapsed": 91.612873}}
{"target": 9.125, "params": {"gamma_cf": 0.1674418575065213, "cue_position": 16.0, "beta_rec": 0.9305598192498451, "gamma_fc": 0.2631390239238742, "beta_enc": 0.7005330726195026}, "datetime": {"delta": 0.352204, "datetime": "2020-06-14 13:01:12", "elapsed": 91.965077}}
{"target": 9.0, "params": {"gamma_cf": 0.6605983559285987, "cue_position": 16.0, "beta_rec": 0.978672805158347, "gamma_fc": 0.089630698927462, "beta_enc": 0.07161027944180454}, "datetime": {"delta": 0.349117, "datetime": "2020-06-14 13:01:12", "elapsed": 92.314194}}
{"target": 10.0, "params": {"gamma_cf": 0.38887340269472437, "cue_position": 16.0, "beta_rec": 0.5028243835184045, "gamma_fc": 0.5379877201396809, "beta_enc": 0.21077094208701874}, "datetime": {"delta": 0.371424, "datetime": "2020-06-14 13:01:13", "elapsed": 92.685618}}
{"target": 10.875, "params": {"gamma_cf": 0.3906104987369058, "cue_position": 16.0, "beta_rec": 0.5559002111265755, "gamma_fc": 0.6962700831011029, "beta_enc": 0.33920418488509996}, "datetime": {"delta": 0.386048, "datetime": "2020-06-14 13:01:13", "elapsed": 93.071666}}
{"target": 9.75, "params": {"gamma_cf": 0.3580799140129358, "cue_position": 16.0, "beta_rec": 0.6873031493743899, "gamma_fc": 0.6131123353670123, "beta_enc": 0.6784824539979241}, "datetime": {"delta": 0.367321, "datetime": "2020-06-14 13:01:13", "elapsed": 93.438987}}
{"target": 7.625, "params": {"gamma_cf": 0.4410066204088712, "cue_position": 16.0, "beta_rec": 0.5968885249459731, "gamma_fc": 0.7396119625075467, "beta_enc": 0.9357362666081998}, "datetime": {"delta": 0.323131, "datetime": "2020-06-14 13:01:14", "elapsed": 93.762118}}
{"target": 7.125, "params": {"gamma_cf": 0.0053165329611032375, "cue_position": 16.0, "beta_rec": 0.7647266390004861, "gamma_fc": 0.2772001047825985, "beta_enc": 0.03760387864960013}, "datetime": {"delta": 0.31585, "datetime": "2020-06-14 13:01:14", "elapsed": 94.077968}}
{"target": 10.0, "params": {"gamma_cf": 0.5490534438505197, "cue_position": 16.0, "beta_rec": 0.7679628782813116, "gamma_fc": 0.800994555798356, "beta_enc": 0.5348322325198115}, "datetime": {"delta": 0.370898, "datetime": "2020-06-14 13:01:14", "elapsed": 94.448866}}
{"target": 8.125, "params": {"gamma_cf": 0.2768064626005866, "cue_position": 16.0, "beta_rec": 0.9314470149929107, "gamma_fc": 0.9192375042561725, "beta_enc": 0.6495830548784789}, "datetime": {"delta": 0.335362, "datetime": "2020-06-14 13:01:15", "elapsed": 94.784228}}
{"target": 6.5, "params": {"gamma_cf": 0.896043491575002, "cue_position": 16.0, "beta_rec": 0.5997403444720987, "gamma_fc": 0.9727203528528249, "beta_enc": 0.7650051482981429}, "datetime": {"delta": 0.298865, "datetime": "2020-06-14 13:01:15", "elapsed": 95.083093}}
{"target": 6.5, "params": {"gamma_cf": 0.07346665436012334, "cue_position": 16.0, "beta_rec": 0.13964933368410348, "gamma_fc": 0.01474379089994693, "beta_enc": 0.9985205070898059}, "datetime": {"delta": 0.301267, "datetime": "2020-06-14 13:01:15", "elapsed": 95.38436}}
{"target": 6.75, "params": {"gamma_cf": 0.6851729969076996, "cue_position": 16.0, "beta_rec": 0.09476691645722912, "gamma_fc": 0.4875571674829181, "beta_enc": 0.971820072977926}, "datetime": {"delta": 0.306738, "datetime": "2020-06-14 13:01:16", "elapsed": 95.691098}}
{"target": 10.125, "params": {"gamma_cf": 0.9110179736986265, "cue_position": 16.0, "beta_rec": 0.35364778706700506, "gamma_fc": 0.725642545494869, "beta_enc": 0.3466948813585782}, "datetime": {"delta": 0.374683, "datetime": "2020-06-14 13:01:16", "elapsed": 96.065781}}
{"target": 8.75, "params": {"gamma_cf": 0.02896618617789848, "cue_position": 16.0, "beta_rec": 0.46152125324711457, "gamma_fc": 0.8846818943092944, "beta_enc": 0.025925792784269874}, "datetime": {"delta": 0.344658, "datetime": "2020-06-14 13:01:16", "elapsed": 96.410439}}
{"target": 8.75, "params": {"gamma_cf": 0.3246383222029966, "cue_position": 16.0, "beta_rec": 0.32973507924426093, "gamma_fc": 0.30788244381764673, "beta_enc": 0.7710053579546823}, "datetime": {"delta": 0.34332, "datetime": "2020-06-14 13:01:17", "elapsed": 96.753759}}
{"target": 6.25, "params": {"gamma_cf": 0.951935167567925, "cue_position": 16.0, "beta_rec": 0.9769161619458502, "gamma_fc": 0.8879964939264646, "beta_enc": 0.9281090785007262}, "datetime": {"delta": 0.294932, "datetime": "2020-06-14 13:01:17", "elapsed": 97.048691}}
{"target": 8.25, "params": {"gamma_cf": 0.455643424642054, "cue_position": 16.0, "beta_rec": 0.3727488020974856, "gamma_fc": 0.6052128951232129, "beta_enc": 0.5180325615944087}, "datetime": {"delta": 0.333802, "datetime": "2020-06-14 13:01:17", "elapsed": 97.382493}}
{"target": 5.375, "params": {"gamma_cf": 0.08899822082237796, "cue_position": 16.0, "beta_rec": 0.7739162499564685, "gamma_fc": 0.18490559027840836, "beta_enc": 0.9904061968899467}, "datetime": {"delta": 0.276245, "datetime": "2020-06-14 13:01:18", "elapsed": 97.658738}}
{"target": 6.375, "params": {"gamma_cf": 0.9332023381866817, "cue_position": 16.0, "beta_rec": 0.417102418106858, "gamma_fc": 0.17786474795134855, "beta_enc": 0.5268518758918344}, "datetime": {"delta": 0.295184, "datetime": "2020-06-14 13:01:18", "elapsed": 97.953922}}
{"target": 5.25, "params": {"gamma_cf": 0.037862587720430496, "cue_position": 16.0, "beta_rec": 0.9573949263266688, "gamma_fc": 0.05758350560817371, "beta_enc": 0.8600667708762162}, "datetime": {"delta": 0.275548, "datetime": "2020-06-14 13:01:18", "elapsed": 98.22947}}
{"target": 9.625, "params": {"gamma_cf": 0.29386248547054417, "cue_position": 16.0, "beta_rec": 0.3126811561554764, "gamma_fc": 0.3560164860311865, "beta_enc": 0.005797392917688993}, "datetime": {"delta": 0.364411, "datetime": "2020-06-14 13:01:19", "elapsed": 98.593881}}
{"target": 7.0, "params": {"gamma_cf": 0.5030051950509548, "cue_position": 16.0, "beta_rec": 0.47695092248677795, "gamma_fc": 0.6433579246491355, "beta_enc": 0.9536770184739218}, "datetime": {"delta": 0.309756, "datetime": "2020-06-14 13:01:19", "elapsed": 98.903637}}
{"target": 10.75, "params": {"gamma_cf": 0.8442498595694283, "cue_position": 16.0, "beta_rec": 0.7580616581331086, "gamma_fc": 0.8905068324120895, "beta_enc": 0.111245672567435}, "datetime": {"delta": 0.383967, "datetime": "2020-06-14 13:01:19", "elapsed": 99.287604}}
{"target": 9.5, "params": {"gamma_cf": 0.22580692243123512, "cue_position": 16.0, "beta_rec": 0.44380519836651855, "gamma_fc": 0.971320469273211, "beta_enc": 0.38184239675576115}, "datetime": {"delta": 0.358737, "datetime": "2020-06-14 13:01:20", "elapsed": 99.646341}}
{"target": 8.625, "params": {"gamma_cf": 0.9225044972603934, "cue_position": 16.0, "beta_rec": 0.9073961422409973, "gamma_fc": 0.15614956444079475, "beta_enc": 0.28462396896873543}, "datetime": {"delta": 0.343, "datetime": "2020-06-14 13:01:20", "elapsed": 99.989341}}
{"target": 8.25, "params": {"gamma_cf": 0.3451159147800812, "cue_position": 16.0, "beta_rec": 0.6319949504631371, "gamma_fc": 0.1599187885892832, "beta_enc": 0.8797221435013809}, "datetime": {"delta": 0.334815, "datetime": "2020-06-14 13:01:20", "elapsed": 100.324156}}
{"target": 9.25, "params": {"gamma_cf": 0.19719634646666928, "cue_position": 16.0, "beta_rec": 0.08377495384546052, "gamma_fc": 0.6910273415567042, "beta_enc": 0.4443481574461272}, "datetime": {"delta": 0.355796, "datetime": "2020-06-14 13:01:21", "elapsed": 100.679952}}
{"target": 8.125, "params": {"gamma_cf": 0.6296079567189131, "cue_position": 16.0, "beta_rec": 0.8733231340367321, "gamma_fc": 0.034431265307095615, "beta_enc": 0.573802869165353}, "datetime": {"delta": 0.332329, "datetime": "2020-06-14 13:01:21", "elapsed": 101.012281}}
{"target": 6.5, "params": {"gamma_cf": 0.009872975358918512, "cue_position": 16.0, "beta_rec": 0.8632264817138495, "gamma_fc": 0.2528414820768151, "beta_enc": 0.516198461077069}, "datetime": {"delta": 0.299256, "datetime": "2020-06-14 13:01:21", "elapsed": 101.311537}}
{"target": 10.875, "params": {"gamma_cf": 0.49019531224423174, "cue_position": 16.0, "beta_rec": 0.047537594227760493, "gamma_fc": 0.04548214567029407, "beta_enc": 0.22384967032752534}, "datetime": {"delta": 0.38563, "datetime": "2020-06-14 13:01:22", "elapsed": 101.697167}}
{"target": 9.0, "params": {"gamma_cf": 0.26965470115905144, "cue_position": 16.0, "beta_rec": 0.6399745691089123, "gamma_fc": 0.5905465222435671, "beta_enc": 0.278328130846902}, "datetime": {"delta": 0.349759, "datetime": "2020-06-14 13:01:22", "elapsed": 102.046926}}
{"target": 9.25, "params": {"gamma_cf": 0.6332092658064775, "cue_position": 16.0, "beta_rec": 0.7025230339614009, "gamma_fc": 0.3533943470016294, "beta_enc": 0.38053407720964005}, "datetime": {"delta": 0.355341, "datetime": "2020-06-14 13:01:22", "elapsed": 102.402267}}
{"target": 10.125, "params": {"gamma_cf": 0.8048358460157946, "cue_position": 16.0, "beta_rec": 0.13320711375110195, "gamma_fc": 0.9380285431563524, "beta_enc": 0.28704394615550866}, "datetime": {"delta": 0.374141, "datetime": "2020-06-14 13:01:23", "elapsed": 102.776408}}
{"target": 8.25, "params": {"gamma_cf": 0.2835445136036545, "cue_position": 16.0, "beta_rec": 0.9331557628232255, "gamma_fc": 0.27463424842386297, "beta_enc": 0.1853805246478023}, "datetime": {"delta": 0.332134, "datetime": "2020-06-14 13:01:23", "elapsed": 103.108542}}
{"target": 9.25, "params": {"gamma_cf": 0.1853176459376844, "cue_position": 16.0, "beta_rec": 0.18528923936855235, "gamma_fc": 0.9473759179539593, "beta_enc": 0.5514315736733725}, "datetime": {"delta": 0.354508, "datetime": "2020-06-14 13:01:23", "elapsed": 103.46305}}
{"target": 11.125, "params": {"gamma_cf": 0.4843157730323856, "cue_position": 16.0, "beta_rec": 0.9639177674239978, "gamma_fc": 0.9676952459611975, "beta_enc": 0.4938246574910856}, "datetime": {"delta": 0.390289, "datetime": "2020-06-14 13:01:24", "elapsed": 103.853339}}
{"target": 9.625, "params": {"gamma_cf": 0.43383982715272595, "cue_position": 16.0, "beta_rec": 0.6323298746664966, "gamma_fc": 0.05935722533895749, "beta_enc": 0.14318978170876284}, "datetime": {"delta": 0.361832, "datetime": "2020-06-14 13:01:24", "elapsed": 104.215171}}
{"target": 9.0, "params": {"gamma_cf": 0.25666098995297626, "cue_position": 16.0, "beta_rec": 0.46513394351807746, "gamma_fc": 0.3914303629842686, "beta_enc": 0.4927226011660333}, "datetime": {"delta": 0.3477, "datetime": "2020-06-14 13:01:25", "elapsed": 104.562871}}
{"target": 8.875, "params": {"gamma_cf": 0.1774295368682619, "cue_position": 16.0, "beta_rec": 0.6864434151723641, "gamma_fc": 0.8214467402262973, "beta_enc": 0.24017220722137722}, "datetime": {"delta": 0.346389, "datetime": "2020-06-14 13:01:25", "elapsed": 104.90926}}
{"target": 10.5, "params": {"gamma_cf": 0.9351531155423887, "cue_position": 16.0, "beta_rec": 0.05797581337276703, "gamma_fc": 0.8885421033562281, "beta_enc": 0.2309885592816333}, "datetime": {"delta": 0.378398, "datetime": "2020-06-14 13:01:25", "elapsed": 105.287658}}
{"target": 10.875, "params": {"gamma_cf": 0.4346547940716735, "cue_position": 16.0, "beta_rec": 0.9477640661016069, "gamma_fc": 0.4680495548664728, "beta_enc": 0.28926049548291}, "datetime": {"delta": 0.385571, "datetime": "2020-06-14 13:01:26", "elapsed": 105.673229}}
{"target": 8.0, "params": {"gamma_cf": 0.26551201747238584, "cue_position": 16.0, "beta_rec": 0.15803183496381268, "gamma_fc": 0.015443631942760883, "beta_enc": 0.6298530215834227}, "datetime": {"delta": 0.32993, "datetime": "2020-06-14 13:01:26", "elapsed": 106.003159}}
{"target": 9.5, "params": {"gamma_cf": 0.7802023371197586, "cue_position": 16.0, "beta_rec": 0.5514688358127765, "gamma_fc": 0.14578543121477705, "beta_enc": 0.6744988441622575}, "datetime": {"delta": 0.358479, "datetime": "2020-06-14 13:01:26", "elapsed": 106.361638}}
{"target": 8.75, "params": {"gamma_cf": 0.08793868377060332, "cue_position": 16.0, "beta_rec": 0.2923137620392837, "gamma_fc": 0.8699761802716075, "beta_enc": 0.2448806387618836}, "datetime": {"delta": 0.344229, "datetime": "2020-06-14 13:01:27", "elapsed": 106.705867}}
{"target": 8.0, "params": {"gamma_cf": 0.010699003144174157, "cue_position": 16.0, "beta_rec": 0.6837103358216379, "gamma_fc": 0.5572682300749138, "beta_enc": 0.08818864557151007}, "datetime": {"delta": 0.329038, "datetime": "2020-06-14 13:01:27", "elapsed": 107.034905}}
{"target": 11.0, "params": {"gamma_cf": 0.02715882932586222, "cue_position": 16.0, "beta_rec": 0.8604566673368852, "gamma_fc": 0.8008593551300331, "beta_enc": 0.9071090552203707}, "datetime": {"delta": 0.388515, "datetime": "2020-06-14 13:01:27", "elapsed": 107.42342}}
{"target": 7.875, "params": {"gamma_cf": 0.8077788623150765, "cue_position": 16.0, "beta_rec": 0.8684881163027721, "gamma_fc": 0.8974982823028202, "beta_enc": 0.805984932289666}, "datetime": {"delta": 0.328264, "datetime": "2020-06-14 13:01:28", "elapsed": 107.751684}}
{"target": 10.0, "params": {"gamma_cf": 0.6919839045242188, "cue_position": 16.0, "beta_rec": 0.5578253037149105, "gamma_fc": 0.6829068676298748, "beta_enc": 0.4538299504900123}, "datetime": {"delta": 0.369218, "datetime": "2020-06-14 13:01:28", "elapsed": 108.120902}}
{"target": 9.125, "params": {"gamma_cf": 0.8248585623852319, "cue_position": 16.0, "beta_rec": 0.8284681480854713, "gamma_fc": 0.28184508814324294, "beta_enc": 0.5203136358633165}, "datetime": {"delta": 0.352302, "datetime": "2020-06-14 13:01:28", "elapsed": 108.473204}}
{"target": 9.25, "params": {"gamma_cf": 0.25979169330441454, "cue_position": 16.0, "beta_rec": 0.969870570344714, "gamma_fc": 0.5812353422911717, "beta_enc": 0.17849483297748825}, "datetime": {"delta": 0.355246, "datetime": "2020-06-14 13:01:29", "elapsed": 108.82845}}
{"target": 7.375, "params": {"gamma_cf": 0.6191348314199072, "cue_position": 16.0, "beta_rec": 0.0807539078120788, "gamma_fc": 0.22449347883595772, "beta_enc": 0.9552622535381868}, "datetime": {"delta": 0.319179, "datetime": "2020-06-14 13:01:29", "elapsed": 109.147629}}
{"target": 7.5, "params": {"gamma_cf": 0.10781390079459241, "cue_position": 16.0, "beta_rec": 0.5681525429491051, "gamma_fc": 0.08428305143655679, "beta_enc": 0.7651839567335081}, "datetime": {"delta": 0.31785, "datetime": "2020-06-14 13:01:29", "elapsed": 109.465479}}
{"target": 10.0, "params": {"gamma_cf": 0.3710639450161891, "cue_position": 16.0, "beta_rec": 0.4097312611340205, "gamma_fc": 0.6721444096568486, "beta_enc": 0.6251210683054896}, "datetime": {"delta": 0.372044, "datetime": "2020-06-14 13:01:30", "elapsed": 109.837523}}
{"target": 11.25, "params": {"gamma_cf": 0.9615725424345338, "cue_position": 16.0, "beta_rec": 0.8957291085287041, "gamma_fc": 0.7300825577402602, "beta_enc": 0.1895874001915857}, "datetime": {"delta": 0.395407, "datetime": "2020-06-14 13:01:30", "elapsed": 110.23293}}
{"target": 8.5, "params": {"gamma_cf": 0.3144172223907462, "cue_position": 16.0, "beta_rec": 0.7437491963512196, "gamma_fc": 0.605896361217858, "beta_enc": 0.4062884276883151}, "datetime": {"delta": 0.3419, "datetime": "2020-06-14 13:01:31", "elapsed": 110.57483}}
{"target": 10.375, "params": {"gamma_cf": 0.7661883652028217, "cue_position": 16.0, "beta_rec": 0.8786609763158111, "gamma_fc": 0.9410132668189013, "beta_enc": 0.5948471334079176}, "datetime": {"delta": 0.379873, "datetime": "2020-06-14 13:01:31", "elapsed": 110.954703}}
{"target": 11.25, "params": {"gamma_cf": 0.8433232139195225, "cue_position": 16.0, "beta_rec": 0.47608911800210485, "gamma_fc": 0.18373941187600173, "beta_enc": 0.001032932657734631}, "datetime": {"delta": 0.397338, "datetime": "2020-06-14 13:01:31", "elapsed": 111.352041}}
{"target": 5.875, "params": {"gamma_cf": 0.02771174012236499, "cue_position": 16.0, "beta_rec": 0.36436547985702794, "gamma_fc": 0.08539013912317062, "beta_enc": 0.8561592379873718}, "datetime": {"delta": 0.287673, "datetime": "2020-06-14 13:01:32", "elapsed": 111.639714}}
{"target": 8.375, "params": {"gamma_cf": 0.16921418469369054, "cue_position": 16.0, "beta_rec": 0.6095019257734966, "gamma_fc": 0.64990115308969, "beta_enc": 0.9814104657541125}, "datetime": {"delta": 0.338134, "datetime": "2020-06-14 13:01:32", "elapsed": 111.977848}}
{"target": 10.125, "params": {"gamma_cf": 0.6074418935145536, "cue_position": 16.0, "beta_rec": 0.31161391346070466, "gamma_fc": 0.6508312566756971, "beta_enc": 0.03697506835935782}, "datetime": {"delta": 0.372695, "datetime": "2020-06-14 13:01:32", "elapsed": 112.350543}}
