{"target": 8.125, "params": {"cue_position": 8.0, "beta_enc": 0.417022004702574, "gamma_cf": 0.30233257263183977, "gamma_fc": 0.14675589081711304, "beta_rec": 0.7203244934421581}, "datetime": {"elapsed": 0.0, "datetime": "2020-06-14 09:43:54", "delta": 0.0}}
{"target": 6.5, "params": {"cue_position": 8.0, "beta_enc": 0.0923385947687978, "gamma_cf": 0.39676747423066994, "gamma_fc": 0.538816734003357, "beta_rec": 0.1862602113776709}, "datetime": {"elapsed": 0.321569, "datetime": "2020-06-14 09:43:54", "delta": 0.321569}}
{"target": 10.75, "params": {"cue_position": 8.0, "beta_enc": 0.4191945144032948, "gamma_cf": 0.8781174363909454, "gamma_fc": 0.027387593197926163, "beta_rec": 0.6852195003967595}, "datetime": {"elapsed": 0.734022, "datetime": "2020-06-14 09:43:55", "delta": 0.412453}}
{"target": 8.5, "params": {"cue_position": 8.0, "beta_enc": 0.6704675101784022, "gamma_cf": 0.14038693859523377, "gamma_fc": 0.1981014890848788, "beta_rec": 0.41730480236712697}, "datetime": {"elapsed": 1.101352, "datetime": "2020-06-14 09:43:55", "delta": 0.36733}}
{"target": 6.875, "params": {"cue_position": 8.0, "beta_enc": 0.8007445686755367, "gamma_cf": 0.6923226156693141, "gamma_fc": 0.8763891522960383, "beta_rec": 0.9682615757193975}, "datetime": {"elapsed": 1.428587, "datetime": "2020-06-14 09:43:56", "delta": 0.327235}}
{"target": 7.625, "params": {"cue_position": 8.0, "beta_enc": 0.8946066635038473, "gamma_cf": 0.1698304195645689, "gamma_fc": 0.8781425034294131, "beta_rec": 0.08504421136977791}, "datetime": {"elapsed": 1.771477, "datetime": "2020-06-14 09:43:56", "delta": 0.34289}}
{"target": 7.875, "params": {"cue_position": 8.0, "beta_enc": 0.0983468338330501, "gamma_cf": 0.5331652849730171, "gamma_fc": 0.6918771139504734, "beta_rec": 0.42110762500505217}, "datetime": {"elapsed": 2.119932, "datetime": "2020-06-14 09:43:56", "delta": 0.348455}}
{"target": 7.5, "params": {"cue_position": 8.0, "beta_enc": 0.31551563100606295, "gamma_cf": 0.018288277344191806, "gamma_fc": 0.7501443149449675, "beta_rec": 0.6865009276815837}, "datetime": {"elapsed": 2.459298, "datetime": "2020-06-14 09:43:57", "delta": 0.339366}}
{"target": 5.125, "params": {"cue_position": 8.0, "beta_enc": 0.9888610889064947, "gamma_cf": 0.7892793284514885, "gamma_fc": 0.10322600657764203, "beta_rec": 0.7481656543798394}, "datetime": {"elapsed": 2.749757, "datetime": "2020-06-14 09:43:57", "delta": 0.290459}}
{"target": 6.25, "params": {"cue_position": 8.0, "beta_enc": 0.44789352617590517, "gamma_cf": 0.28777533858634874, "gamma_fc": 0.13002857211827767, "beta_rec": 0.9085955030930956}, "datetime": {"elapsed": 3.069573, "datetime": "2020-06-14 09:43:57", "delta": 0.319816}}
{"target": 8.125, "params": {"cue_position": 8.0, "beta_enc": 0.019366957870297075, "gamma_cf": 0.2655466593722262, "gamma_fc": 0.4915731592803383, "beta_rec": 0.678835532939891}, "datetime": {"elapsed": 3.424977, "datetime": "2020-06-14 09:43:58", "delta": 0.355404}}
{"target": 8.75, "params": {"cue_position": 8.0, "beta_enc": 0.053362545117080384, "gamma_cf": 0.5893055369032842, "gamma_fc": 0.6997583600209312, "beta_rec": 0.5741176054920131}, "datetime": {"elapsed": 3.792653, "datetime": "2020-06-14 09:43:58", "delta": 0.367676}}
{"target": 9.5, "params": {"cue_position": 8.0, "beta_enc": 0.10233442882782584, "gamma_cf": 0.41417926952690265, "gamma_fc": 0.04995345894608716, "beta_rec": 0.4140559878195683}, "datetime": {"elapsed": 4.179731, "datetime": "2020-06-14 09:43:58", "delta": 0.387078}}
{"target": 6.875, "params": {"cue_position": 8.0, "beta_enc": 0.5358964059155116, "gamma_cf": 0.9445947559908133, "gamma_fc": 0.5865550405019929, "beta_rec": 0.6637946452197888}, "datetime": {"elapsed": 4.506457, "datetime": "2020-06-14 09:43:59", "delta": 0.326726}}
{"target": 6.75, "params": {"cue_position": 8.0, "beta_enc": 0.9034019152878835, "gamma_cf": 0.8073912887095238, "gamma_fc": 0.3976768369855336, "beta_rec": 0.13747470414623753}, "datetime": {"elapsed": 4.829868, "datetime": "2020-06-14 09:43:59", "delta": 0.323411}}
{"target": 6.875, "params": {"cue_position": 8.0, "beta_enc": 0.16535419711693278, "gamma_cf": 0.7508121031361555, "gamma_fc": 0.7259979853504515, "beta_rec": 0.9275085803960339}, "datetime": {"elapsed": 5.158928, "datetime": "2020-06-14 09:43:59", "delta": 0.32906}}
{"target": 7.0, "params": {"cue_position": 8.0, "beta_enc": 0.8833060912058098, "gamma_cf": 0.34889834197784253, "gamma_fc": 0.2699278917650261, "beta_rec": 0.6236722070556089}, "datetime": {"elapsed": 5.491219, "datetime": "2020-06-14 09:44:00", "delta": 0.332291}}
{"target": 7.625, "params": {"cue_position": 8.0, "beta_enc": 0.8958862181960668, "gamma_cf": 0.6634414978184481, "gamma_fc": 0.6216957202091218, "beta_rec": 0.4280911898712949}, "datetime": {"elapsed": 5.836119, "datetime": "2020-06-14 09:44:00", "delta": 0.3449}}
{"target": 9.0, "params": {"cue_position": 8.0, "beta_enc": 0.11474597295337519, "gamma_cf": 0.5783896143871318, "gamma_fc": 0.40813680276128117, "beta_rec": 0.9494892587070712}, "datetime": {"elapsed": 6.207842, "datetime": "2020-06-14 09:44:00", "delta": 0.371723}}
{"target": 8.125, "params": {"cue_position": 8.0, "beta_enc": 0.2370269802430277, "gamma_cf": 0.00287032703115897, "gamma_fc": 0.6171449136207239, "beta_rec": 0.9033795205622538}, "datetime": {"elapsed": 6.564369, "datetime": "2020-06-14 09:44:01", "delta": 0.356527}}
{"target": 8.125, "params": {"cue_position": 8.0, "beta_enc": 0.32664490177209615, "gamma_cf": 0.35726976000249977, "gamma_fc": 0.9085351509197992, "beta_rec": 0.5270581022576093}, "datetime": {"elapsed": 6.920699, "datetime": "2020-06-14 09:44:01", "delta": 0.35633}}
{"target": 10.375, "params": {"cue_position": 8.0, "beta_enc": 0.6233601157918027, "gamma_cf": 0.690896917516924, "gamma_fc": 0.9973228504514805, "beta_rec": 0.015821242846556283}, "datetime": {"elapsed": 7.327955, "datetime": "2020-06-14 09:44:01", "delta": 0.407256}}
{"target": 7.875, "params": {"cue_position": 8.0, "beta_enc": 0.17234050834532855, "gamma_cf": 0.6968181614899002, "gamma_fc": 0.06600017272206249, "beta_rec": 0.13713574962887776}, "datetime": {"elapsed": 7.680363, "datetime": "2020-06-14 09:44:02", "delta": 0.352408}}
{"target": 8.375, "params": {"cue_position": 8.0, "beta_enc": 0.7554630526024664, "gamma_cf": 0.7115247586284718, "gamma_fc": 0.1242709619721647, "beta_rec": 0.7538761884612464}, "datetime": {"elapsed": 8.041863, "datetime": "2020-06-14 09:44:02", "delta": 0.3615}}
{"target": 8.5, "params": {"cue_position": 8.0, "beta_enc": 0.01988013383979559, "gamma_cf": 0.2462110676030459, "gamma_fc": 0.860027948682888, "beta_rec": 0.026210986877719278}, "datetime": {"elapsed": 8.406447, "datetime": "2020-06-14 09:44:03", "delta": 0.364584}}
{"target": 8.25, "params": {"cue_position": 8.0, "beta_enc": 0.5388310643416528, "gamma_cf": 0.12417331511991114, "gamma_fc": 0.2791836790111395, "beta_rec": 0.5528219786857659}, "datetime": {"elapsed": 8.766528, "datetime": "2020-06-14 09:44:03", "delta": 0.360081}}
{"target": 8.75, "params": {"cue_position": 8.0, "beta_enc": 0.5857592714582879, "gamma_cf": 0.01864728937294302, "gamma_fc": 0.8006326726806163, "beta_rec": 0.9695957483196745}, "datetime": {"elapsed": 9.134057, "datetime": "2020-06-14 09:44:03", "delta": 0.367529}}
{"target": 8.375, "params": {"cue_position": 8.0, "beta_enc": 0.23297427384102043, "gamma_cf": 0.8635418545594287, "gamma_fc": 0.7471216427371846, "beta_rec": 0.8071051956187791}, "datetime": {"elapsed": 9.493563, "datetime": "2020-06-14 09:44:04", "delta": 0.359506}}
{"target": 7.625, "params": {"cue_position": 8.0, "beta_enc": 0.5562402339904189, "gamma_cf": 0.12134345574073735, "gamma_fc": 0.044551878544761725, "beta_rec": 0.13645522566068502}, "datetime": {"elapsed": 9.83776, "datetime": "2020-06-14 09:44:04", "delta": 0.344197}}
{"target": 7.5, "params": {"cue_position": 8.0, "beta_enc": 0.1074941291060929, "gamma_cf": 0.5597169820541424, "gamma_fc": 0.012555980159115854, "beta_rec": 0.2257093386078547}, "datetime": {"elapsed": 10.180613, "datetime": "2020-06-14 09:44:04", "delta": 0.342853}}
{"target": 7.0, "params": {"cue_position": 8.0, "beta_enc": 0.07197427968948678, "gamma_cf": 0.20329323466099047, "gamma_fc": 0.2523257445703234, "beta_rec": 0.967276330000272}, "datetime": {"elapsed": 10.513032, "datetime": "2020-06-14 09:44:05", "delta": 0.332419}}
{"target": 6.75, "params": {"cue_position": 8.0, "beta_enc": 0.7438258540750929, "gamma_cf": 0.9700199890883123, "gamma_fc": 0.8468288014900353, "beta_rec": 0.1954294811093188}, "datetime": {"elapsed": 10.838037, "datetime": "2020-06-14 09:44:05", "delta": 0.325005}}
{"target": 9.0, "params": {"cue_position": 8.0, "beta_enc": 0.23984775914758616, "gamma_cf": 0.8289808995501787, "gamma_fc": 0.15679139464608427, "beta_rec": 0.49376971426872995}, "datetime": {"elapsed": 11.213116, "datetime": "2020-06-14 09:44:05", "delta": 0.375079}}
{"target": 7.625, "params": {"cue_position": 8.0, "beta_enc": 0.018576202177409518, "gamma_cf": 0.6063294616533303, "gamma_fc": 0.5688514370864813, "beta_rec": 0.07002214371922233}, "datetime": {"elapsed": 11.557671, "datetime": "2020-06-14 09:44:06", "delta": 0.344555}}
{"target": 9.875, "params": {"cue_position": 8.0, "beta_enc": 0.31736240932216075, "gamma_cf": 0.3801411726235504, "gamma_fc": 0.5509482191178968, "beta_rec": 0.9886161544124489}, "datetime": {"elapsed": 11.949943, "datetime": "2020-06-14 09:44:06", "delta": 0.392272}}
{"target": 8.0, "params": {"cue_position": 8.0, "beta_enc": 0.7453344309065021, "gamma_cf": 0.06633483442844157, "gamma_fc": 0.3700841979141063, "beta_rec": 0.6692328934531846}, "datetime": {"elapsed": 12.303973, "datetime": "2020-06-14 09:44:06", "delta": 0.35403}}
{"target": 7.75, "params": {"cue_position": 8.0, "beta_enc": 0.6297175070215645, "gamma_cf": 0.06653648135411494, "gamma_fc": 0.26031509857854096, "beta_rec": 0.2101740099148396}, "datetime": {"elapsed": 12.650459, "datetime": "2020-06-14 09:44:07", "delta": 0.346486}}
{"target": 8.25, "params": {"cue_position": 8.0, "beta_enc": 0.8047545637433454, "gamma_cf": 0.5246703091237337, "gamma_fc": 0.9248079703993507, "beta_rec": 0.19343428262332774}, "datetime": {"elapsed": 13.011633, "datetime": "2020-06-14 09:44:07", "delta": 0.361174}}
{"target": 8.625, "params": {"cue_position": 8.0, "beta_enc": 0.263296770487111, "gamma_cf": 0.7721780295432468, "gamma_fc": 0.907815852503524, "beta_rec": 0.06596109068402378}, "datetime": {"elapsed": 13.37958, "datetime": "2020-06-14 09:44:08", "delta": 0.367947}}
{"target": 5.75, "params": {"cue_position": 8.0, "beta_enc": 0.9319720691968373, "gamma_cf": 0.6167783570016576, "gamma_fc": 0.9490163206876164, "beta_rec": 0.013951572975597015}, "datetime": {"elapsed": 13.68363, "datetime": "2020-06-14 09:44:08", "delta": 0.30405}}
{"target": 4.375, "params": {"cue_position": 8.0, "beta_enc": 0.9501761192470797, "gamma_cf": 0.6415662089463375, "gamma_fc": 0.39000771414124624, "beta_rec": 0.5566531881951564}, "datetime": {"elapsed": 13.956512, "datetime": "2020-06-14 09:44:08", "delta": 0.272882}}
{"target": 6.75, "params": {"cue_position": 8.0, "beta_enc": 0.48599066709690975, "gamma_cf": 0.9261814267064536, "gamma_fc": 0.9187334356336061, "beta_rec": 0.6043104829199732}, "datetime": {"elapsed": 14.281995, "datetime": "2020-06-14 09:44:08", "delta": 0.325483}}
{"target": 7.25, "params": {"cue_position": 8.0, "beta_enc": 0.3948756129235549, "gamma_cf": 0.12632951943963733, "gamma_fc": 0.13507915804673132, "beta_rec": 0.9632625284407118}, "datetime": {"elapsed": 14.619421, "datetime": "2020-06-14 09:44:09", "delta": 0.337426}}
{"target": 10.0, "params": {"cue_position": 8.0, "beta_enc": 0.5056621656768967, "gamma_cf": 0.8271154711707325, "gamma_fc": 0.015018980742122379, "beta_rec": 0.021524805274197978}, "datetime": {"elapsed": 15.019095, "datetime": "2020-06-14 09:44:09", "delta": 0.399674}}
{"target": 9.0, "params": {"cue_position": 8.0, "beta_enc": 0.17619625557505525, "gamma_cf": 0.8094906921265821, "gamma_fc": 0.34473665268329345, "beta_rec": 0.332063574366837}, "datetime": {"elapsed": 15.39601, "datetime": "2020-06-14 09:44:10", "delta": 0.376915}}
{"target": 5.25, "params": {"cue_position": 8.0, "beta_enc": 0.9401074823333672, "gamma_cf": 0.8447344453922219, "gamma_fc": 0.9053923187086492, "beta_rec": 0.58201417994708}, "datetime": {"elapsed": 15.689571, "datetime": "2020-06-14 09:44:10", "delta": 0.293561}}
{"target": 5.75, "params": {"cue_position": 8.0, "beta_enc": 0.45988026581680697, "gamma_cf": 0.28571885173414757, "gamma_fc": 0.4902535226199277, "beta_rec": 0.5463468160203733}, "datetime": {"elapsed": 15.992906, "datetime": "2020-06-14 09:44:10", "delta": 0.303335}}
{"target": 9.5, "params": {"cue_position": 8.0, "beta_enc": 0.5991103076458784, "gamma_cf": 0.4336763489894583, "gamma_fc": 0.8073605288848414, "beta_rec": 0.015533275550835723}, "datetime": {"elapsed": 16.379789, "datetime": "2020-06-14 09:44:11", "delta": 0.386883}}
{"target": 7.25, "params": {"cue_position": 8.0, "beta_enc": 0.31524480309537295, "gamma_cf": 0.18401020162746506, "gamma_fc": 0.7879292338255043, "beta_rec": 0.8928887085251513}, "datetime": {"elapsed": 16.715881, "datetime": "2020-06-14 09:44:11", "delta": 0.336092}}
{"target": 9.625, "params": {"cue_position": 8.0, "beta_enc": 0.6120311770449339, "gamma_cf": 0.6790688365654296, "gamma_fc": 0.9186017779775258, "beta_rec": 0.053909272073752956}, "datetime": {"elapsed": 17.103628, "datetime": "2020-06-14 09:44:11", "delta": 0.387747}}
{"target": 6.25, "params": {"cue_position": 8.0, "beta_enc": 0.00040202489135743313, "gamma_cf": 0.9737835383583225, "gamma_fc": 0.604716100974053, "beta_rec": 0.9767591490310596}, "datetime": {"elapsed": 17.418128, "datetime": "2020-06-14 09:44:12", "delta": 0.3145}}
{"target": 8.375, "params": {"cue_position": 8.0, "beta_enc": 0.828845807980693, "gamma_cf": 0.28557628169569393, "gamma_fc": 0.586833340656083, "beta_rec": 0.5747115047081023}, "datetime": {"elapsed": 17.779987, "datetime": "2020-06-14 09:44:12", "delta": 0.361859}}
{"target": 7.625, "params": {"cue_position": 8.0, "beta_enc": 0.7500217637026599, "gamma_cf": 0.698057248447303, "gamma_fc": 0.8644794300545998, "beta_rec": 0.8583138364290424}, "datetime": {"elapsed": 18.126576, "datetime": "2020-06-14 09:44:12", "delta": 0.346589}}
{"target": 9.75, "params": {"cue_position": 8.0, "beta_enc": 0.32268099683674645, "gamma_cf": 0.3821027520315172, "gamma_fc": 0.4108113499221856, "beta_rec": 0.6707887907875872}, "datetime": {"elapsed": 18.516509, "datetime": "2020-06-14 09:44:13", "delta": 0.389933}}
{"target": 8.375, "params": {"cue_position": 8.0, "beta_enc": 0.4014795834695406, "gamma_cf": 0.43024727082126435, "gamma_fc": 0.9738020779272523, "beta_rec": 0.3173839459582769}, "datetime": {"elapsed": 18.876772, "datetime": "2020-06-14 09:44:13", "delta": 0.360263}}
{"target": 8.875, "params": {"cue_position": 8.0, "beta_enc": 0.6778008914343111, "gamma_cf": 0.343346239774423, "gamma_fc": 0.7976388039585666, "beta_rec": 0.19856988842711087}, "datetime": {"elapsed": 19.251551, "datetime": "2020-06-14 09:44:13", "delta": 0.374779}}
{"target": 6.125, "params": {"cue_position": 8.0, "beta_enc": 0.8799982885634318, "gamma_cf": 0.2702082620297578, "gamma_fc": 0.25236670150458973, "beta_rec": 0.903841955826372}, "datetime": {"elapsed": 19.563359, "datetime": "2020-06-14 09:44:14", "delta": 0.311808}}
{"target": 8.0, "params": {"cue_position": 8.0, "beta_enc": 0.8548979426974024, "gamma_cf": 0.5724885171916063, "gamma_fc": 0.7331425252875111, "beta_rec": 0.5277146463087466}, "datetime": {"elapsed": 19.915079, "datetime": "2020-06-14 09:44:14", "delta": 0.35172}}
{"target": 8.125, "params": {"cue_position": 8.0, "beta_enc": 0.5190116274640558, "gamma_cf": 0.4657098785919809, "gamma_fc": 0.3426889079532818, "beta_rec": 0.770883910501888}, "datetime": {"elapsed": 20.2729, "datetime": "2020-06-14 09:44:14", "delta": 0.357821}}
{"target": 9.375, "params": {"cue_position": 8.0, "beta_enc": 0.06820934841670412, "gamma_cf": 0.982817113730445, "gamma_fc": 0.18161285133076377, "beta_rec": 0.37792417932809985}, "datetime": {"elapsed": 20.655642, "datetime": "2020-06-14 09:44:15", "delta": 0.382742}}
{"target": 8.5, "params": {"cue_position": 8.0, "beta_enc": 0.8118586977205398, "gamma_cf": 0.5694944127453757, "gamma_fc": 0.16097143681560877, "beta_rec": 0.8749616449558981}, "datetime": {"elapsed": 21.018004, "datetime": "2020-06-14 09:44:15", "delta": 0.362362}}
{"target": 10.25, "params": {"cue_position": 8.0, "beta_enc": 0.4668800227633063, "gamma_cf": 0.5925118687657968, "gamma_fc": 0.31226983770191696, "beta_rec": 0.345172051155215}, "datetime": {"elapsed": 21.41859, "datetime": "2020-06-14 09:44:16", "delta": 0.400586}}
{"target": 7.5, "params": {"cue_position": 8.0, "beta_enc": 0.9163055534683507, "gamma_cf": 0.1108913007440292, "gamma_fc": 0.19296273201911285, "beta_rec": 0.9096355249515571}, "datetime": {"elapsed": 21.761712, "datetime": "2020-06-14 09:44:16", "delta": 0.343122}}
{"target": 8.25, "params": {"cue_position": 8.0, "beta_enc": 0.49958417067888605, "gamma_cf": 0.24803355837723073, "gamma_fc": 0.851671874936367, "beta_rec": 0.7285856679745962}, "datetime": {"elapsed": 22.120082, "datetime": "2020-06-14 09:44:16", "delta": 0.35837}}
{"target": 8.625, "params": {"cue_position": 8.0, "beta_enc": 0.41584871826752734, "gamma_cf": 0.10196725942579743, "gamma_fc": 0.5158570169685298, "beta_rec": 0.6166850671552362}, "datetime": {"elapsed": 22.486851, "datetime": "2020-06-14 09:44:17", "delta": 0.366769}}
{"target": 7.625, "params": {"cue_position": 8.0, "beta_enc": 0.47714098704978236, "gamma_cf": 0.5440101188139381, "gamma_fc": 0.6541373469707443, "beta_rec": 0.15267164409316325}, "datetime": {"elapsed": 22.833082, "datetime": "2020-06-14 09:44:17", "delta": 0.346231}}
{"target": 7.25, "params": {"cue_position": 8.0, "beta_enc": 0.1445455401246598, "gamma_cf": 0.519351824366033, "gamma_fc": 0.7852960282216189, "beta_rec": 0.7515278171352439}, "datetime": {"elapsed": 23.169033, "datetime": "2020-06-14 09:44:17", "delta": 0.335951}}
{"target": 9.0, "params": {"cue_position": 8.0, "beta_enc": 0.02233042799180618, "gamma_cf": 0.8447096076020696, "gamma_fc": 0.5384405925945437, "beta_rec": 0.3243624597261865}, "datetime": {"elapsed": 23.542214, "datetime": "2020-06-14 09:44:18", "delta": 0.373181}}
{"target": 10.25, "params": {"cue_position": 8.0, "beta_enc": 0.866608274166513, "gamma_cf": 0.8541154438365387, "gamma_fc": 0.09874340182034835, "beta_rec": 0.9498059913536265}, "datetime": {"elapsed": 23.946244, "datetime": "2020-06-14 09:44:18", "delta": 0.40403}}
{"target": 8.125, "params": {"cue_position": 8.0, "beta_enc": 0.651304332340991, "gamma_cf": 0.799615261736028, "gamma_fc": 0.03457121987163425, "beta_rec": 0.703516988152653}, "datetime": {"elapsed": 24.30495, "datetime": "2020-06-14 09:44:18", "delta": 0.358706}}
{"target": 7.75, "params": {"cue_position": 8.0, "beta_enc": 0.7702387345549799, "gamma_cf": 0.2570692988221467, "gamma_fc": 0.6323033174301278, "beta_rec": 0.731728600739527}, "datetime": {"elapsed": 24.650916, "datetime": "2020-06-14 09:44:19", "delta": 0.345966}}
{"target": 7.25, "params": {"cue_position": 8.0, "beta_enc": 0.34529746159108154, "gamma_cf": 0.7827494147841719, "gamma_fc": 0.9904717836238407, "beta_rec": 0.7965886780072875}, "datetime": {"elapsed": 24.987558, "datetime": "2020-06-14 09:44:19", "delta": 0.336642}}
{"target": 7.875, "params": {"cue_position": 8.0, "beta_enc": 0.30024833953390007, "gamma_cf": 0.5415593788873733, "gamma_fc": 0.9747403708550822, "beta_rec": 0.14300582825809938}, "datetime": {"elapsed": 25.337794, "datetime": "2020-06-14 09:44:19", "delta": 0.350236}}
{"target": 7.125, "params": {"cue_position": 8.0, "beta_enc": 0.6366044000018972, "gamma_cf": 0.5264259339055213, "gamma_fc": 0.1354279030721699, "beta_rec": 0.9939130246104789}, "datetime": {"elapsed": 25.672819, "datetime": "2020-06-14 09:44:20", "delta": 0.335025}}
{"target": 9.25, "params": {"cue_position": 8.0, "beta_enc": 0.3557051709838811, "gamma_cf": 0.7456371927074961, "gamma_fc": 0.03039968992878883, "beta_rec": 0.026218567296373285}, "datetime": {"elapsed": 26.051002, "datetime": "2020-06-14 09:44:20", "delta": 0.378183}}
{"target": 9.125, "params": {"cue_position": 8.0, "beta_enc": 0.36654309724374434, "gamma_cf": 0.6909421420661686, "gamma_fc": 0.18863680095531088, "beta_rec": 0.8623462528380441}, "datetime": {"elapsed": 26.428476, "datetime": "2020-06-14 09:44:21", "delta": 0.377474}}
{"target": 9.125, "params": {"cue_position": 8.0, "beta_enc": 0.44190428074842336, "gamma_cf": 0.20390622523312185, "gamma_fc": 0.24773290176235485, "beta_rec": 0.5815774073442912}, "datetime": {"elapsed": 26.807341, "datetime": "2020-06-14 09:44:21", "delta": 0.378865}}
{"target": 8.125, "params": {"cue_position": 8.0, "beta_enc": 0.26217308377291193, "gamma_cf": 0.05692943841109499, "gamma_fc": 0.5085162406102396, "beta_rec": 0.7501724132979928}, "datetime": {"elapsed": 27.162753, "datetime": "2020-06-14 09:44:21", "delta": 0.355412}}
{"target": 9.5, "params": {"cue_position": 8.0, "beta_enc": 0.21196016464367595, "gamma_cf": 0.02760601195450363, "gamma_fc": 0.593432449464621, "beta_rec": 0.7986042447602102}, "datetime": {"elapsed": 27.552328, "datetime": "2020-06-14 09:44:22", "delta": 0.389575}}
{"target": 6.875, "params": {"cue_position": 8.0, "beta_enc": 0.8438404289311888, "gamma_cf": 0.5111414782971282, "gamma_fc": 0.5409518049621886, "beta_rec": 0.3810161240622142}, "datetime": {"elapsed": 27.879874, "datetime": "2020-06-14 09:44:22", "delta": 0.327546}}
{"target": 6.375, "params": {"cue_position": 8.0, "beta_enc": 0.9594343210617524, "gamma_cf": 0.7093872512312951, "gamma_fc": 0.46500148156350607, "beta_rec": 0.8039608914986468}, "datetime": {"elapsed": 28.195655, "datetime": "2020-06-14 09:44:22", "delta": 0.315781}}
