{"target": 9.704166666666667, "params": {"gamma_fc": 0.20492214578063384, "beta_enc": 0.13238149356273743, "gamma_cf": 0.6465499357511519, "beta_rec": 0.798620308278031, "cue_position": 9.0}, "datetime": {"datetime": "2020-06-20 04:56:06", "elapsed": 10101.323296, "delta": 28.865905}}
{"target": 9.9, "params": {"gamma_fc": 0.4674598920453694, "beta_enc": 0.2614207144058379, "gamma_cf": 0.477437955592217, "beta_rec": 0.41849681753917567, "cue_position": 9.0}, "datetime": {"datetime": "2020-06-20 04:56:36", "elapsed": 10130.54137, "delta": 29.218074}}
{"target": 6.6875, "params": {"gamma_fc": 0.5710087619370731, "beta_enc": 0.8398407101976674, "gamma_cf": 0.8778014186346996, "beta_rec": 0.8701023653075677, "cue_position": 9.0}, "datetime": {"datetime": "2020-06-20 04:56:58", "elapsed": 10153.189575, "delta": 22.648205}}
{"target": 7.475, "params": {"gamma_fc": 0.681204184117019, "beta_enc": 0.9640361333390818, "gamma_cf": 0.31929773707461884, "beta_rec": 0.6065443482504677, "cue_position": 9.0}, "datetime": {"datetime": "2020-06-20 04:57:22", "elapsed": 10177.412481, "delta": 24.222906}}
{"target": 10.1375, "params": {"gamma_fc": 0.1753325917713383, "beta_enc": 0.051965688505360985, "gamma_cf": 0.6552012872247357, "beta_rec": 0.13454642101194225, "cue_position": 9.0}, "datetime": {"datetime": "2020-06-20 04:57:52", "elapsed": 10207.112955, "delta": 29.700474}}
{"target": 9.758333333333333, "params": {"gamma_fc": 0.5091394025163677, "beta_enc": 0.3411468232515472, "gamma_cf": 0.9642243248492941, "beta_rec": 0.04431165583310459, "cue_position": 9.0}, "datetime": {"datetime": "2020-06-20 04:58:21", "elapsed": 10236.054788, "delta": 28.941833}}
{"target": 10.295833333333333, "params": {"gamma_fc": 0.39206586893038686, "beta_enc": 0.15107451847143194, "gamma_cf": 0.865686014006334, "beta_rec": 0.5230085317344643, "cue_position": 9.0}, "datetime": {"datetime": "2020-06-20 04:58:51", "elapsed": 10266.0336, "delta": 29.978812}}
{"target": 7.145833333333333, "params": {"gamma_fc": 0.08408635417992949, "beta_enc": 0.28386751597340265, "gamma_cf": 0.2542323546573524, "beta_rec": 0.7617298626927418, "cue_position": 9.0}, "datetime": {"datetime": "2020-06-20 04:59:15", "elapsed": 10289.594007, "delta": 23.560407}}
{"target": 6.879166666666666, "params": {"gamma_fc": 0.7964888671311956, "beta_enc": 0.8641440947640269, "gamma_cf": 0.7367109576935199, "beta_rec": 0.44789891562027984, "cue_position": 9.0}, "datetime": {"datetime": "2020-06-20 04:59:38", "elapsed": 10312.604147, "delta": 23.01014}}
{"target": 9.145833333333334, "params": {"gamma_fc": 0.9467282696079524, "beta_enc": 0.44750813899031383, "gamma_cf": 0.030997959828255817, "beta_rec": 0.18412755617579835, "cue_position": 9.0}, "datetime": {"datetime": "2020-06-20 05:00:05", "elapsed": 10340.141526, "delta": 27.537379}}
{"target": 8.0875, "params": {"gamma_fc": 0.2961299234959044, "beta_enc": 0.5769778464775016, "gamma_cf": 0.2516595841523237, "beta_rec": 0.875388738450687, "cue_position": 9.0}, "datetime": {"datetime": "2020-06-20 05:00:31", "elapsed": 10365.523718, "delta": 25.382192}}
{"target": 9.308333333333334, "params": {"gamma_fc": 0.3437881034368444, "beta_enc": 0.5329225590316532, "gamma_cf": 0.509898378143109, "beta_rec": 0.9620782128470935, "cue_position": 9.0}, "datetime": {"datetime": "2020-06-20 05:00:58", "elapsed": 10393.413118, "delta": 27.8894}}
{"target": 6.4625, "params": {"gamma_fc": 0.06708946032885532, "beta_enc": 0.7697253449571857, "gamma_cf": 0.20412249999433585, "beta_rec": 0.802866486432424, "cue_position": 9.0}, "datetime": {"datetime": "2020-06-20 05:01:21", "elapsed": 10415.514596, "delta": 22.101478}}
{"target": 9.870833333333334, "params": {"gamma_fc": 0.1282309388454863, "beta_enc": 0.1986482644205615, "gamma_cf": 0.8730834972744356, "beta_rec": 0.2724008501293822, "cue_position": 9.0}, "datetime": {"datetime": "2020-06-20 05:01:47", "elapsed": 10441.822142, "delta": 26.307546}}
{"target": 5.179166666666666, "params": {"gamma_fc": 0.41610077261814205, "beta_enc": 0.958188741714896, "gamma_cf": 0.9828807859209906, "beta_rec": 0.6831708438541465, "cue_position": 9.0}, "datetime": {"datetime": "2020-06-20 05:02:10", "elapsed": 10464.68699, "delta": 22.864848}}
{"target": 7.5625, "params": {"gamma_fc": 0.10538467273003926, "beta_enc": 0.5315834658959018, "gamma_cf": 0.2991123446608356, "beta_rec": 0.6792129501957186, "cue_position": 9.0}, "datetime": {"datetime": "2020-06-20 05:02:35", "elapsed": 10489.499004, "delta": 24.812014}}
{"target": 10.179166666666667, "params": {"gamma_fc": 0.5171205319704266, "beta_enc": 0.28493214572214476, "gamma_cf": 0.8013307032031926, "beta_rec": 0.7688528482877579, "cue_position": 9.0}, "datetime": {"datetime": "2020-06-20 05:03:04", "elapsed": 10519.177931, "delta": 29.678927}}
{"target": 9.391666666666667, "params": {"gamma_fc": 0.9033311768168756, "beta_enc": 0.23210002184633505, "gamma_cf": 0.029528744942020957, "beta_rec": 0.6279619269819027, "cue_position": 9.0}, "datetime": {"datetime": "2020-06-20 05:03:32", "elapsed": 10547.326188, "delta": 28.148257}}
{"target": 8.883333333333333, "params": {"gamma_fc": 0.07251552804546335, "beta_enc": 0.4203695688027851, "gamma_cf": 0.9484584043057936, "beta_rec": 0.4261307804247122, "cue_position": 9.0}, "datetime": {"datetime": "2020-06-20 05:03:59", "elapsed": 10574.398312, "delta": 27.072124}}
{"target": 10.05, "params": {"gamma_fc": 0.8244596107976835, "beta_enc": 0.17270108813227492, "gamma_cf": 0.49549498136119297, "beta_rec": 0.3223574891327107, "cue_position": 9.0}, "datetime": {"datetime": "2020-06-20 05:04:29", "elapsed": 10603.791248, "delta": 29.392936}}
{"target": 8.325, "params": {"gamma_fc": 0.743390512402039, "beta_enc": 0.8539724149421759, "gamma_cf": 0.18649268827268528, "beta_rec": 0.5958299420587015, "cue_position": 9.0}, "datetime": {"datetime": "2020-06-20 05:04:55", "elapsed": 10629.703868, "delta": 25.91262}}
{"target": 7.716666666666667, "params": {"gamma_fc": 0.17450118757274402, "beta_enc": 0.23721405764354764, "gamma_cf": 0.22824910461538594, "beta_rec": 0.5394908909265497, "cue_position": 9.0}, "datetime": {"datetime": "2020-06-20 05:05:19", "elapsed": 10654.381617, "delta": 24.677749}}
{"target": 8.5, "params": {"gamma_fc": 0.2236450455273178, "beta_enc": 0.03973568657585125, "gamma_cf": 0.10463591174495857, "beta_rec": 0.14756883769994755, "cue_position": 9.0}, "datetime": {"datetime": "2020-06-20 05:05:46", "elapsed": 10680.583954, "delta": 26.202337}}
{"target": 8.3625, "params": {"gamma_fc": 0.13930117132372677, "beta_enc": 0.03275719974597713, "gamma_cf": 0.4135917178017643, "beta_rec": 0.6763566354512786, "cue_position": 9.0}, "datetime": {"datetime": "2020-06-20 05:06:12", "elapsed": 10706.656801, "delta": 26.072847}}
{"target": 8.858333333333333, "params": {"gamma_fc": 0.10275656387416432, "beta_enc": 0.3772172876115065, "gamma_cf": 0.4228418130386131, "beta_rec": 0.4244374662396153, "cue_position": 9.0}, "datetime": {"datetime": "2020-06-20 05:06:39", "elapsed": 10733.802904, "delta": 27.146103}}
{"target": 7.4125, "params": {"gamma_fc": 0.3010079430799063, "beta_enc": 0.772580266631544, "gamma_cf": 0.2719561124527795, "beta_rec": 0.1372060034899114, "cue_position": 9.0}, "datetime": {"datetime": "2020-06-20 05:07:03", "elapsed": 10758.024618, "delta": 24.221714}}
{"target": 8.3125, "params": {"gamma_fc": 0.3395408687963035, "beta_enc": 0.6724207725864325, "gamma_cf": 0.4691344398333771, "beta_rec": 0.5177867238134145, "cue_position": 9.0}, "datetime": {"datetime": "2020-06-20 05:07:29", "elapsed": 10784.070874, "delta": 26.046256}}
{"target": 8.208333333333334, "params": {"gamma_fc": 0.5006195729230891, "beta_enc": 0.7044971982481261, "gamma_cf": 0.5262296648916304, "beta_rec": 0.226095202432549, "cue_position": 9.0}, "datetime": {"datetime": "2020-06-20 05:07:55", "elapsed": 10809.938647, "delta": 25.867773}}
{"target": 10.020833333333334, "params": {"gamma_fc": 0.13290623766182708, "beta_enc": 0.25368580688768017, "gamma_cf": 0.9818244178252573, "beta_rec": 0.18615566973666398, "cue_position": 9.0}, "datetime": {"datetime": "2020-06-20 05:08:24", "elapsed": 10839.396787, "delta": 29.45814}}
{"target": 8.741666666666667, "params": {"gamma_fc": 0.31464760677511183, "beta_enc": 0.28346243242805713, "gamma_cf": 0.27875840869343704, "beta_rec": 0.800641174283456, "cue_position": 9.0}, "datetime": {"datetime": "2020-06-20 05:08:51", "elapsed": 10866.287922, "delta": 26.891135}}
{"target": 9.691666666666666, "params": {"gamma_fc": 0.6811114704584097, "beta_enc": 0.41994825440192907, "gamma_cf": 0.8573003334512307, "beta_rec": 0.6027867622422961, "cue_position": 9.0}, "datetime": {"datetime": "2020-06-20 05:09:20", "elapsed": 10895.108454, "delta": 28.820532}}
{"target": 8.929166666666667, "params": {"gamma_fc": 0.3049656416420632, "beta_enc": 0.23698206447169834, "gamma_cf": 0.3073814804278443, "beta_rec": 0.92572053533626, "cue_position": 9.0}, "datetime": {"datetime": "2020-06-20 05:09:48", "elapsed": 10922.478401, "delta": 27.369947}}
{"target": 7.591666666666667, "params": {"gamma_fc": 0.8272003251393062, "beta_enc": 0.8811683184289046, "gamma_cf": 0.2777127324734242, "beta_rec": 0.1260784803971985, "cue_position": 9.0}, "datetime": {"datetime": "2020-06-20 05:10:12", "elapsed": 10947.195486, "delta": 24.717085}}
{"target": 10.104166666666666, "params": {"gamma_fc": 0.8035946264310272, "beta_enc": 0.3645234475558883, "gamma_cf": 0.4814458975407394, "beta_rec": 0.733366094468834, "cue_position": 9.0}, "datetime": {"datetime": "2020-06-20 05:10:42", "elapsed": 10977.041922, "delta": 29.846436}}
{"target": 9.629166666666666, "params": {"gamma_fc": 0.2801926353730937, "beta_enc": 0.39698821167237397, "gamma_cf": 0.7533258058943924, "beta_rec": 0.16157403985608987, "cue_position": 9.0}, "datetime": {"datetime": "2020-06-20 05:11:11", "elapsed": 11005.890317, "delta": 28.848395}}
{"target": 9.845833333333333, "params": {"gamma_fc": 0.5909005994904067, "beta_enc": 0.45136186123240163, "gamma_cf": 0.7071876097841823, "beta_rec": 0.9004489123860653, "cue_position": 9.0}, "datetime": {"datetime": "2020-06-20 05:11:40", "elapsed": 11035.171076, "delta": 29.280759}}
{"target": 8.220833333333333, "params": {"gamma_fc": 0.5614096837184815, "beta_enc": 0.8173822703971256, "gamma_cf": 0.39722776623376177, "beta_rec": 0.907644646099839, "cue_position": 9.0}, "datetime": {"datetime": "2020-06-20 05:12:06", "elapsed": 11061.127838, "delta": 25.956762}}
{"target": 8.145833333333334, "params": {"gamma_fc": 0.42351005310518297, "beta_enc": 0.7339231362848766, "gamma_cf": 0.2796211794498489, "beta_rec": 0.08747276218504352, "cue_position": 9.0}, "datetime": {"datetime": "2020-06-20 05:12:32", "elapsed": 11087.116657, "delta": 25.988819}}
{"target": 9.4625, "params": {"gamma_fc": 0.5824398618892226, "beta_enc": 0.49797863267328835, "gamma_cf": 0.6204682006051905, "beta_rec": 0.660015223526051, "cue_position": 9.0}, "datetime": {"datetime": "2020-06-20 05:13:01", "elapsed": 11115.750433, "delta": 28.633776}}
{"target": 9.45, "params": {"gamma_fc": 0.1469781258549313, "beta_enc": 0.42833239803885637, "gamma_cf": 0.3202066542862888, "beta_rec": 0.004976364711265391, "cue_position": 9.0}, "datetime": {"datetime": "2020-06-20 05:13:29", "elapsed": 11144.420108, "delta": 28.669675}}
{"target": 8.854166666666666, "params": {"gamma_fc": 0.6532580520244544, "beta_enc": 0.5986638816064357, "gamma_cf": 0.32084890160086454, "beta_rec": 0.6114994766596024, "cue_position": 9.0}, "datetime": {"datetime": "2020-06-20 05:13:57", "elapsed": 11171.826576, "delta": 27.406468}}
{"target": 10.370833333333334, "params": {"gamma_fc": 0.6978416560498484, "beta_enc": 0.19028348267904371, "gamma_cf": 0.4435038419039351, "beta_rec": 0.0058809814446282305, "cue_position": 9.0}, "datetime": {"datetime": "2020-06-20 05:14:27", "elapsed": 11202.043255, "delta": 30.216679}}
{"target": 10.029166666666667, "params": {"gamma_fc": 0.10281836745431583, "beta_enc": 0.185043349636976, "gamma_cf": 0.695996510445494, "beta_rec": 0.06261980198391548, "cue_position": 9.0}, "datetime": {"datetime": "2020-06-20 05:14:57", "elapsed": 11231.624234, "delta": 29.580979}}
{"target": 9.6875, "params": {"gamma_fc": 0.1097350212856566, "beta_enc": 0.19583423367499242, "gamma_cf": 0.750124248068985, "beta_rec": 0.4539526504065199, "cue_position": 9.0}, "datetime": {"datetime": "2020-06-20 05:15:26", "elapsed": 11260.467075, "delta": 28.842841}}
{"target": 8.529166666666667, "params": {"gamma_fc": 0.5279187975307311, "beta_enc": 0.6246236071556411, "gamma_cf": 0.2035603776619016, "beta_rec": 0.3873605221444808, "cue_position": 9.0}, "datetime": {"datetime": "2020-06-20 05:15:52", "elapsed": 11286.872587, "delta": 26.405512}}
{"target": 9.833333333333334, "params": {"gamma_fc": 0.6383433300033875, "beta_enc": 0.1721625549559327, "gamma_cf": 0.18417777656089307, "beta_rec": 0.018681005996375344, "cue_position": 9.0}, "datetime": {"datetime": "2020-06-20 05:16:21", "elapsed": 11315.978905, "delta": 29.106318}}
{"target": 8.329166666666667, "params": {"gamma_fc": 0.5152146961620737, "beta_enc": 0.5365748193404329, "gamma_cf": 0.9894521308362529, "beta_rec": 0.7749453799977457, "cue_position": 9.0}, "datetime": {"datetime": "2020-06-20 05:16:47", "elapsed": 11342.010312, "delta": 26.031407}}
{"target": 9.354166666666666, "params": {"gamma_fc": 0.48924478546014216, "beta_enc": 0.47882340118547173, "gamma_cf": 0.3624653173000254, "beta_rec": 0.7494424707521696, "cue_position": 9.0}, "datetime": {"datetime": "2020-06-20 05:17:15", "elapsed": 11370.079603, "delta": 28.069291}}
{"target": 9.566666666666666, "params": {"gamma_fc": 0.2744741128035708, "beta_enc": 0.18913837493884977, "gamma_cf": 0.46252906034220287, "beta_rec": 0.39358341429686194, "cue_position": 9.0}, "datetime": {"datetime": "2020-06-20 05:17:44", "elapsed": 11398.592825, "delta": 28.513222}}
{"target": 9.045833333333333, "params": {"gamma_fc": 0.5774906810135474, "beta_enc": 0.5267158603586157, "gamma_cf": 0.2929978836283572, "beta_rec": 0.029272121403112528, "cue_position": 9.0}, "datetime": {"datetime": "2020-06-20 05:18:11", "elapsed": 11425.985656, "delta": 27.392831}}
{"target": 8.929166666666667, "params": {"gamma_fc": 0.9985990885864799, "beta_enc": 0.7327698532613667, "gamma_cf": 0.23890995487021205, "beta_rec": 0.44033782679643774, "cue_position": 9.0}, "datetime": {"datetime": "2020-06-20 05:18:38", "elapsed": 11453.113076, "delta": 27.12742}}
{"target": 10.325, "params": {"gamma_fc": 0.8211769648927358, "beta_enc": 0.24287852161976753, "gamma_cf": 0.49756438460506747, "beta_rec": 0.9408284143815248, "cue_position": 9.0}, "datetime": {"datetime": "2020-06-20 05:19:08", "elapsed": 11483.280677, "delta": 30.167601}}
{"target": 7.925, "params": {"gamma_fc": 0.9199535770148588, "beta_enc": 0.7165880467947342, "gamma_cf": 0.7541750254551594, "beta_rec": 0.705580412120669, "cue_position": 9.0}, "datetime": {"datetime": "2020-06-20 05:19:34", "elapsed": 11508.524449, "delta": 25.243772}}
{"target": 9.358333333333333, "params": {"gamma_fc": 0.4672385663332459, "beta_enc": 0.4413517453158379, "gamma_cf": 0.3907730736706927, "beta_rec": 0.5279654841547008, "cue_position": 9.0}, "datetime": {"datetime": "2020-06-20 05:20:02", "elapsed": 11536.590519, "delta": 28.06607}}
{"target": 6.804166666666666, "params": {"gamma_fc": 0.6065354305165435, "beta_enc": 0.8951377108035733, "gamma_cf": 0.5454711685487195, "beta_rec": 0.11055744025544123, "cue_position": 9.0}, "datetime": {"datetime": "2020-06-20 05:20:25", "elapsed": 11559.491798, "delta": 22.901279}}
{"target": 8.566666666666666, "params": {"gamma_fc": 0.6691577977971368, "beta_enc": 0.029782944129560285, "gamma_cf": 0.0048720479536060735, "beta_rec": 0.14674737976077956, "cue_position": 9.0}, "datetime": {"datetime": "2020-06-20 05:20:50", "elapsed": 11584.543157, "delta": 25.051359}}
{"target": 7.608333333333333, "params": {"gamma_fc": 0.30218150041580416, "beta_enc": 0.8702579489225982, "gamma_cf": 0.6157259286130373, "beta_rec": 0.5469683092712408, "cue_position": 9.0}, "datetime": {"datetime": "2020-06-20 05:21:04", "elapsed": 11598.584676, "delta": 14.041519}}
{"target": 8.404166666666667, "params": {"gamma_fc": 0.32752405584828914, "beta_enc": 0.3667319816609417, "gamma_cf": 0.2015966344081711, "beta_rec": 0.5749397272777665, "cue_position": 9.0}, "datetime": {"datetime": "2020-06-20 05:21:19", "elapsed": 11613.477349, "delta": 14.892673}}
{"target": 7.191666666666666, "params": {"gamma_fc": 0.1938648596595468, "beta_enc": 0.742921250389697, "gamma_cf": 0.15635692867625162, "beta_rec": 0.3409202491323421, "cue_position": 9.0}, "datetime": {"datetime": "2020-06-20 05:21:32", "elapsed": 11626.886275, "delta": 13.408926}}
{"target": 8.725, "params": {"gamma_fc": 0.307160768485095, "beta_enc": 0.4951123625611782, "gamma_cf": 0.9025365564222451, "beta_rec": 0.6351249610913382, "cue_position": 9.0}, "datetime": {"datetime": "2020-06-20 05:21:47", "elapsed": 11642.017938, "delta": 15.131663}}
{"target": 7.8375, "params": {"gamma_fc": 0.41369073619910135, "beta_enc": 0.7533800731255857, "gamma_cf": 0.2927265620931302, "beta_rec": 0.2824280305589726, "cue_position": 9.0}, "datetime": {"datetime": "2020-06-20 05:22:01", "elapsed": 11656.255586, "delta": 14.237648}}
{"target": 10.116666666666667, "params": {"gamma_fc": 0.5039830093987828, "beta_enc": 0.21471569566838056, "gamma_cf": 0.9630182395955346, "beta_rec": 0.31898600647018904, "cue_position": 9.0}, "datetime": {"datetime": "2020-06-20 05:22:18", "elapsed": 11672.957984, "delta": 16.702398}}
{"target": 6.483333333333333, "params": {"gamma_fc": 0.6280230786069259, "beta_enc": 0.9231006825886638, "gamma_cf": 0.7546222253081317, "beta_rec": 0.7461601407734211, "cue_position": 9.0}, "datetime": {"datetime": "2020-06-20 05:22:31", "elapsed": 11685.581087, "delta": 12.623103}}
{"target": 7.808333333333334, "params": {"gamma_fc": 0.012522836886473265, "beta_enc": 0.30375843415186865, "gamma_cf": 0.30531353144830675, "beta_rec": 0.5216593134132719, "cue_position": 9.0}, "datetime": {"datetime": "2020-06-20 05:22:45", "elapsed": 11699.787287, "delta": 14.2062}}
{"target": 9.354166666666666, "params": {"gamma_fc": 0.13280748458041103, "beta_enc": 0.26826282913593635, "gamma_cf": 0.6253311549032551, "beta_rec": 0.7967454755900841, "cue_position": 9.0}, "datetime": {"datetime": "2020-06-20 05:23:01", "elapsed": 11715.637838, "delta": 15.850551}}
{"target": 7.241666666666666, "params": {"gamma_fc": 0.9475415511018243, "beta_enc": 0.7575703592474212, "gamma_cf": 0.8586117030700126, "beta_rec": 0.526905346047344, "cue_position": 9.0}, "datetime": {"datetime": "2020-06-20 05:23:14", "elapsed": 11729.098645, "delta": 13.460807}}
{"target": 8.004166666666666, "params": {"gamma_fc": 0.8587907562669648, "beta_enc": 0.6545375346228315, "gamma_cf": 0.7271011884036769, "beta_rec": 0.8542582098426466, "cue_position": 9.0}, "datetime": {"datetime": "2020-06-20 05:23:29", "elapsed": 11743.468615, "delta": 14.36997}}
{"target": 9.775, "params": {"gamma_fc": 0.8295737184581491, "beta_enc": 0.9230030407536653, "gamma_cf": 0.0840212797987252, "beta_rec": 0.9020760015248446, "cue_position": 9.0}, "datetime": {"datetime": "2020-06-20 05:23:45", "elapsed": 11759.749232, "delta": 16.280617}}
{"target": 9.025, "params": {"gamma_fc": 0.8779604187251567, "beta_enc": 0.5389315533076343, "gamma_cf": 0.03198418437577388, "beta_rec": 0.542076154739123, "cue_position": 9.0}, "datetime": {"datetime": "2020-06-20 05:24:00", "elapsed": 11775.26736, "delta": 15.518128}}
{"target": 10.041666666666666, "params": {"gamma_fc": 0.37408018773825613, "beta_enc": 0.03463400133772032, "gamma_cf": 0.6417491808335967, "beta_rec": 0.6931945583783881, "cue_position": 9.0}, "datetime": {"datetime": "2020-06-20 05:24:17", "elapsed": 11791.912364, "delta": 16.645004}}
{"target": 10.170833333333333, "params": {"gamma_fc": 0.6631488914643168, "beta_enc": 0.2754620266501041, "gamma_cf": 0.5652896703655683, "beta_rec": 0.5094085814387623, "cue_position": 9.0}, "datetime": {"datetime": "2020-06-20 05:24:34", "elapsed": 11808.610825, "delta": 16.698461}}
{"target": 9.541666666666666, "params": {"gamma_fc": 0.6535310326636594, "beta_enc": 0.44137923095350085, "gamma_cf": 0.3549025108507734, "beta_rec": 0.9721390871214521, "cue_position": 9.0}, "datetime": {"datetime": "2020-06-20 05:24:50", "elapsed": 11824.725879, "delta": 16.115054}}
{"target": 7.125, "params": {"gamma_fc": 0.19127205174117012, "beta_enc": 0.5426164118717204, "gamma_cf": 0.10806748517233733, "beta_rec": 0.884056212378686, "cue_position": 9.0}, "datetime": {"datetime": "2020-06-20 05:25:03", "elapsed": 11838.034161, "delta": 13.308282}}
{"target": 9.791666666666666, "params": {"gamma_fc": 0.6235518010455583, "beta_enc": 0.38704623260508586, "gamma_cf": 0.6263588032086836, "beta_rec": 0.8540597949343145, "cue_position": 9.0}, "datetime": {"datetime": "2020-06-20 05:25:19", "elapsed": 11854.362106, "delta": 16.327945}}
{"target": 9.679166666666667, "params": {"gamma_fc": 0.39845819654904013, "beta_enc": 0.4080471353479287, "gamma_cf": 0.29572553442388116, "beta_rec": 0.05033512965945175, "cue_position": 9.0}, "datetime": {"datetime": "2020-06-20 05:25:36", "elapsed": 11870.676919, "delta": 16.314813}}
{"target": 8.6875, "params": {"gamma_fc": 0.015421822343255842, "beta_enc": 0.37723956753050947, "gamma_cf": 0.5498899204719812, "beta_rec": 0.6636026316710936, "cue_position": 9.0}, "datetime": {"datetime": "2020-06-20 05:25:51", "elapsed": 11885.734175, "delta": 15.057256}}
{"target": 8.091666666666667, "params": {"gamma_fc": 0.6968783264368051, "beta_enc": 0.9830389835394168, "gamma_cf": 0.1467479307274827, "beta_rec": 0.5984272223880148, "cue_position": 9.0}, "datetime": {"datetime": "2020-06-20 05:26:05", "elapsed": 11900.145328, "delta": 14.411153}}
