{"target": 15.75, "params": {"beta_enc": 0.9035078728910049, "gamma_fc": 0.057657930482584496, "beta_rec": 0.9830866762560008, "cue_position": 0.0, "gamma_cf": 0.9556306452410877}, "datetime": {"elapsed": 6641.639559, "delta": 26.359649, "datetime": "2020-06-14 11:36:21"}}
{"target": 13.5, "params": {"beta_enc": 0.941084668811135, "gamma_fc": 0.15144389771038258, "beta_rec": 0.9606503053566341, "cue_position": 0.0, "gamma_cf": 0.9220460226055619}, "datetime": {"elapsed": 6667.060783, "delta": 25.421224, "datetime": "2020-06-14 11:36:47"}}
{"target": 12.25, "params": {"beta_enc": 0.9725025503701239, "gamma_fc": 0.10557253458163784, "beta_rec": 0.9398354041472099, "cue_position": 0.0, "gamma_cf": 0.9320524249264434}, "datetime": {"elapsed": 6693.590546, "delta": 26.529763, "datetime": "2020-06-14 11:37:13"}}
{"target": 15.5, "params": {"beta_enc": 0.8901194689843015, "gamma_fc": 0.12217250892471188, "beta_rec": 0.987515558098443, "cue_position": 0.0, "gamma_cf": 0.9309563034166769}, "datetime": {"elapsed": 6720.079963, "delta": 26.489417, "datetime": "2020-06-14 11:37:40"}}
{"target": 15.625, "params": {"beta_enc": 0.9226685965288676, "gamma_fc": 0.13554533966506643, "beta_rec": 0.9713119697660547, "cue_position": 0.0, "gamma_cf": 0.9279405640795167}, "datetime": {"elapsed": 6747.509049, "delta": 27.429086, "datetime": "2020-06-14 11:38:07"}}
{"target": 15.75, "params": {"beta_enc": 0.9017658357548894, "gamma_fc": 0.1419452480581096, "beta_rec": 0.9758859225891017, "cue_position": 0.0, "gamma_cf": 0.9383737540441465}, "datetime": {"elapsed": 6773.789274, "delta": 26.280225, "datetime": "2020-06-14 11:38:34"}}
{"target": 15.125, "params": {"beta_enc": 0.8996985601403871, "gamma_fc": 0.08956638828922325, "beta_rec": 0.96135890255707, "cue_position": 0.0, "gamma_cf": 0.9382476596197988}, "datetime": {"elapsed": 6801.290756, "delta": 27.501482, "datetime": "2020-06-14 11:39:01"}}
{"target": 15.5, "params": {"beta_enc": 0.9293492523275719, "gamma_fc": 0.0991941954748885, "beta_rec": 0.9562501355201418, "cue_position": 0.0, "gamma_cf": 0.94912338455315}, "datetime": {"elapsed": 6827.683162, "delta": 26.392406, "datetime": "2020-06-14 11:39:27"}}
{"target": 12.375, "params": {"beta_enc": 0.9630461543715788, "gamma_fc": 0.08534536928055769, "beta_rec": 0.9597038877186498, "cue_position": 0.0, "gamma_cf": 0.9427386697708837}, "datetime": {"elapsed": 6855.157052, "delta": 27.47389, "datetime": "2020-06-14 11:39:55"}}
{"target": 15.25, "params": {"beta_enc": 0.9049361080262401, "gamma_fc": 0.11989434838188795, "beta_rec": 0.9934038373217705, "cue_position": 0.0, "gamma_cf": 0.9768018602802275}, "datetime": {"elapsed": 6881.749125, "delta": 26.592073, "datetime": "2020-06-14 11:40:22"}}
{"target": 16.0, "params": {"beta_enc": 0.9357458881904249, "gamma_fc": 0.06819253439961015, "beta_rec": 0.9391160141452046, "cue_position": 0.0, "gamma_cf": 0.9760497424397013}, "datetime": {"elapsed": 6909.983172, "delta": 28.234047, "datetime": "2020-06-14 11:40:50"}}
{"target": 15.625, "params": {"beta_enc": 0.9385071266310872, "gamma_fc": 0.06255337974737185, "beta_rec": 0.9424566792510509, "cue_position": 0.0, "gamma_cf": 0.9654816392770772}, "datetime": {"elapsed": 6939.600633, "delta": 29.617461, "datetime": "2020-06-14 11:41:19"}}
{"target": 16.0, "params": {"beta_enc": 0.933707515225047, "gamma_fc": 0.10516757226675277, "beta_rec": 0.994399613720517, "cue_position": 0.0, "gamma_cf": 0.9550488673470534}, "datetime": {"elapsed": 6968.59318, "delta": 28.992547, "datetime": "2020-06-14 11:41:48"}}
{"target": 15.875, "params": {"beta_enc": 0.906803659932601, "gamma_fc": 0.11258740341386075, "beta_rec": 0.9791416120117513, "cue_position": 0.0, "gamma_cf": 0.9567973034640467}, "datetime": {"elapsed": 6996.338046, "delta": 27.744866, "datetime": "2020-06-14 11:42:16"}}
{"target": 15.625, "params": {"beta_enc": 0.9363796322538736, "gamma_fc": 0.089171865496255, "beta_rec": 0.9642989780130301, "cue_position": 0.0, "gamma_cf": 0.9683888457449795}, "datetime": {"elapsed": 7025.267062, "delta": 28.929016, "datetime": "2020-06-14 11:42:45"}}
{"target": 15.125, "params": {"beta_enc": 0.8781817337814504, "gamma_fc": 0.10393913965382728, "beta_rec": 0.9937859546983221, "cue_position": 0.0, "gamma_cf": 0.9784981836170665}, "datetime": {"elapsed": 7054.571052, "delta": 29.30399, "datetime": "2020-06-14 11:43:14"}}
{"target": 15.0, "params": {"beta_enc": 0.8920402382742596, "gamma_fc": 0.13243856850894742, "beta_rec": 0.9726558590150071, "cue_position": 0.0, "gamma_cf": 0.9792397530241657}, "datetime": {"elapsed": 7082.869899, "delta": 28.298847, "datetime": "2020-06-14 11:43:43"}}
{"target": 15.625, "params": {"beta_enc": 0.9174621934965315, "gamma_fc": 0.11530875681499497, "beta_rec": 0.985841801150007, "cue_position": 0.0, "gamma_cf": 0.9292335569106189}, "datetime": {"elapsed": 7111.992455, "delta": 29.122556, "datetime": "2020-06-14 11:44:12"}}
{"target": 15.125, "params": {"beta_enc": 0.9167224078128691, "gamma_fc": 0.08928513686663554, "beta_rec": 0.9826092039821428, "cue_position": 0.0, "gamma_cf": 0.9269507656976117}, "datetime": {"elapsed": 7140.38475, "delta": 28.392295, "datetime": "2020-06-14 11:44:40"}}
{"target": 13.75, "params": {"beta_enc": 0.922899651088595, "gamma_fc": 0.222087418928125, "beta_rec": 0.9322638916874091, "cue_position": 0.0, "gamma_cf": 0.908956002505271}, "datetime": {"elapsed": 7170.385548, "delta": 30.000798, "datetime": "2020-06-14 11:45:10"}}
{"target": 15.75, "params": {"beta_enc": 0.9236312863198942, "gamma_fc": 0.07961489985090986, "beta_rec": 0.973593426959108, "cue_position": 0.0, "gamma_cf": 0.8871216672293637}, "datetime": {"elapsed": 7198.925638, "delta": 28.54009, "datetime": "2020-06-14 11:45:39"}}
{"target": 14.375, "params": {"beta_enc": 0.9276723455302465, "gamma_fc": 0.09909233884956281, "beta_rec": 0.9687959129671493, "cue_position": 0.0, "gamma_cf": 0.9011047031096012}, "datetime": {"elapsed": 7228.252516, "delta": 29.326878, "datetime": "2020-06-14 11:46:08"}}
{"target": 15.125, "params": {"beta_enc": 0.9296604797302116, "gamma_fc": 0.08136107970982354, "beta_rec": 0.9897514858703778, "cue_position": 0.0, "gamma_cf": 0.9817442660485354}, "datetime": {"elapsed": 7256.768749, "delta": 28.516233, "datetime": "2020-06-14 11:46:37"}}
{"target": 14.125, "params": {"beta_enc": 0.9037884352331768, "gamma_fc": 0.08787935638311872, "beta_rec": 0.9600849754995673, "cue_position": 0.0, "gamma_cf": 0.9657575367787748}, "datetime": {"elapsed": 7289.101948, "delta": 32.333199, "datetime": "2020-06-14 11:47:09"}}
{"target": 15.5, "params": {"beta_enc": 0.8968000157442219, "gamma_fc": 0.1267984951115153, "beta_rec": 0.9876605258781146, "cue_position": 0.0, "gamma_cf": 0.9092525155219947}, "datetime": {"elapsed": 7318.609997, "delta": 29.508049, "datetime": "2020-06-14 11:47:38"}}
{"target": 14.5, "params": {"beta_enc": 0.8773154167749568, "gamma_fc": 0.1260521003454631, "beta_rec": 0.9835183026277188, "cue_position": 0.0, "gamma_cf": 0.9292898585155489}, "datetime": {"elapsed": 7347.888844, "delta": 29.278847, "datetime": "2020-06-14 11:48:08"}}
{"target": 15.125, "params": {"beta_enc": 0.8875333672264376, "gamma_fc": 0.1242972725094793, "beta_rec": 0.9865118835673238, "cue_position": 0.0, "gamma_cf": 0.996216706479416}, "datetime": {"elapsed": 7376.949977, "delta": 29.061133, "datetime": "2020-06-14 11:48:37"}}
{"target": 15.25, "params": {"beta_enc": 0.925234969124582, "gamma_fc": 0.08991989123153132, "beta_rec": 0.9586548289673149, "cue_position": 0.0, "gamma_cf": 0.8895872998811852}, "datetime": {"elapsed": 7407.269097, "delta": 30.31912, "datetime": "2020-06-14 11:49:07"}}
{"target": 14.5, "params": {"beta_enc": 0.8789228473430392, "gamma_fc": 0.11648010529895969, "beta_rec": 0.9813997071960594, "cue_position": 0.0, "gamma_cf": 0.9927279533654716}, "datetime": {"elapsed": 7436.234134, "delta": 28.965037, "datetime": "2020-06-14 11:49:36"}}
{"target": 15.125, "params": {"beta_enc": 0.8981385010100817, "gamma_fc": 0.1024660491624867, "beta_rec": 0.9958029818240864, "cue_position": 0.0, "gamma_cf": 0.9515936795786083}, "datetime": {"elapsed": 7466.056526, "delta": 29.822392, "datetime": "2020-06-14 11:50:06"}}
{"target": 14.5, "params": {"beta_enc": 0.9255005574924045, "gamma_fc": 0.10380677037265051, "beta_rec": 0.9692176533896526, "cue_position": 0.0, "gamma_cf": 0.9952401401546916}, "datetime": {"elapsed": 7495.373998, "delta": 29.317472, "datetime": "2020-06-14 11:50:35"}}
{"target": 15.125, "params": {"beta_enc": 0.9306177810440348, "gamma_fc": 0.11478957168459858, "beta_rec": 0.9549173919209465, "cue_position": 0.0, "gamma_cf": 0.9681209404753666}, "datetime": {"elapsed": 7525.83422, "delta": 30.460222, "datetime": "2020-06-14 11:51:06"}}
{"target": 14.25, "params": {"beta_enc": 0.9486941089059487, "gamma_fc": 0.08093392052862824, "beta_rec": 0.9409909700001613, "cue_position": 0.0, "gamma_cf": 0.9693669960889854}, "datetime": {"elapsed": 7558.157446, "delta": 32.323226, "datetime": "2020-06-14 11:51:38"}}
{"target": 15.5, "params": {"beta_enc": 0.9191614163009937, "gamma_fc": 0.10951355929624618, "beta_rec": 0.9806346309562585, "cue_position": 0.0, "gamma_cf": 0.9213155030659882}, "datetime": {"elapsed": 7587.522568, "delta": 29.365122, "datetime": "2020-06-14 11:52:07"}}
{"target": 15.5, "params": {"beta_enc": 0.9286503841854242, "gamma_fc": 0.09159951494866214, "beta_rec": 0.9885003692128888, "cue_position": 0.0, "gamma_cf": 0.9965593546729424}, "datetime": {"elapsed": 7617.044982, "delta": 29.522414, "datetime": "2020-06-14 11:52:37"}}
{"target": 13.75, "params": {"beta_enc": 0.9347133850846092, "gamma_fc": 0.0842548319624622, "beta_rec": 0.959821295098488, "cue_position": 0.0, "gamma_cf": 0.8857502975014208}, "datetime": {"elapsed": 7647.474947, "delta": 30.429965, "datetime": "2020-06-14 11:53:07"}}
{"target": 14.375, "params": {"beta_enc": 0.9044482998240487, "gamma_fc": 0.12164314757884342, "beta_rec": 0.9888983138934464, "cue_position": 0.0, "gamma_cf": 0.9854108873241099}, "datetime": {"elapsed": 7683.508007, "delta": 36.03306, "datetime": "2020-06-14 11:53:43"}}
{"target": 14.625, "params": {"beta_enc": 0.903670136063224, "gamma_fc": 0.13084271697628547, "beta_rec": 0.9751350745039028, "cue_position": 0.0, "gamma_cf": 0.909849849891829}, "datetime": {"elapsed": 7713.693892, "delta": 30.185885, "datetime": "2020-06-14 11:54:13"}}
{"target": 15.625, "params": {"beta_enc": 0.9210135240853887, "gamma_fc": 0.10066411993370605, "beta_rec": 0.9856929932017156, "cue_position": 0.0, "gamma_cf": 0.9818421874630505}, "datetime": {"elapsed": 7743.240221, "delta": 29.546329, "datetime": "2020-06-14 11:54:43"}}
{"target": 15.5, "params": {"beta_enc": 0.9063172153433903, "gamma_fc": 0.11136962125423999, "beta_rec": 0.9958670331177445, "cue_position": 0.0, "gamma_cf": 0.9807433258108167}, "datetime": {"elapsed": 7772.534176, "delta": 29.293955, "datetime": "2020-06-14 11:55:12"}}
{"target": 15.125, "params": {"beta_enc": 0.8957307195382869, "gamma_fc": 0.10227181225701576, "beta_rec": 0.9854487304920042, "cue_position": 0.0, "gamma_cf": 0.9934247799150476}, "datetime": {"elapsed": 7803.406069, "delta": 30.871893, "datetime": "2020-06-14 11:55:43"}}
{"target": 14.75, "params": {"beta_enc": 0.8875410144816114, "gamma_fc": 0.08890356156043078, "beta_rec": 0.9546329512946199, "cue_position": 0.0, "gamma_cf": 0.9548583433689702}, "datetime": {"elapsed": 7833.186933, "delta": 29.780864, "datetime": "2020-06-14 11:56:13"}}
{"target": 15.75, "params": {"beta_enc": 0.9414605162816707, "gamma_fc": 0.1072538395053535, "beta_rec": 0.998084619481826, "cue_position": 0.0, "gamma_cf": 0.9609724390953266}, "datetime": {"elapsed": 7862.956952, "delta": 29.770019, "datetime": "2020-06-14 11:56:43"}}
{"target": 13.875, "params": {"beta_enc": 0.9335452924788576, "gamma_fc": 0.11124211876123502, "beta_rec": 0.9395486759615767, "cue_position": 0.0, "gamma_cf": 0.9468972964625376}, "datetime": {"elapsed": 7893.667406, "delta": 30.710454, "datetime": "2020-06-14 11:57:13"}}
{"target": 15.375, "params": {"beta_enc": 0.925652942485645, "gamma_fc": 0.13514323154119556, "beta_rec": 0.9632516618817152, "cue_position": 0.0, "gamma_cf": 0.9066897530038311}, "datetime": {"elapsed": 7923.468071, "delta": 29.800665, "datetime": "2020-06-14 11:57:43"}}
{"target": 15.125, "params": {"beta_enc": 0.9441162243941674, "gamma_fc": 0.08364513054123812, "beta_rec": 0.9703129767574102, "cue_position": 0.0, "gamma_cf": 0.9391757898018656}, "datetime": {"elapsed": 7952.967739, "delta": 29.499668, "datetime": "2020-06-14 11:58:13"}}
{"target": 15.625, "params": {"beta_enc": 0.8862339987741813, "gamma_fc": 0.1425534288027248, "beta_rec": 0.9630609572707296, "cue_position": 0.0, "gamma_cf": 0.9199549972106512}, "datetime": {"elapsed": 7982.256951, "delta": 29.289212, "datetime": "2020-06-14 11:58:42"}}
{"target": 15.625, "params": {"beta_enc": 0.9510614373359628, "gamma_fc": 0.09136149228123358, "beta_rec": 0.9728252341942621, "cue_position": 0.0, "gamma_cf": 0.9434880834075968}, "datetime": {"elapsed": 8012.647133, "delta": 30.390182, "datetime": "2020-06-14 11:59:12"}}
{"target": 15.875, "params": {"beta_enc": 0.9083328099981269, "gamma_fc": 0.12160393067815935, "beta_rec": 0.9656308855152334, "cue_position": 0.0, "gamma_cf": 0.9511007942377928}, "datetime": {"elapsed": 8041.908872, "delta": 29.261739, "datetime": "2020-06-14 11:59:42"}}
{"target": 14.625, "params": {"beta_enc": 0.9270796313846371, "gamma_fc": 0.07356614807511563, "beta_rec": 0.9872627206681586, "cue_position": 0.0, "gamma_cf": 0.9326894451738321}, "datetime": {"elapsed": 8073.234959, "delta": 31.326087, "datetime": "2020-06-14 12:00:13"}}
{"target": 14.375, "params": {"beta_enc": 0.942251807519732, "gamma_fc": 0.08507302015053408, "beta_rec": 0.9362735193469095, "cue_position": 0.0, "gamma_cf": 0.9887562538576151}, "datetime": {"elapsed": 8103.193121, "delta": 29.958162, "datetime": "2020-06-14 12:00:43"}}
{"target": 14.25, "params": {"beta_enc": 0.9342496582206793, "gamma_fc": 0.1497640165762243, "beta_rec": 0.9514684296635062, "cue_position": 0.0, "gamma_cf": 0.9087742983309482}, "datetime": {"elapsed": 8133.806038, "delta": 30.612917, "datetime": "2020-06-14 12:01:14"}}
{"target": 14.75, "params": {"beta_enc": 0.9240776835882905, "gamma_fc": 0.10363800376764376, "beta_rec": 0.986629290921884, "cue_position": 0.0, "gamma_cf": 0.9609413756827121}, "datetime": {"elapsed": 8163.513209, "delta": 29.707171, "datetime": "2020-06-14 12:01:43"}}
{"target": 15.75, "params": {"beta_enc": 0.9262385807928322, "gamma_fc": 0.08238658047612213, "beta_rec": 0.9704846425190252, "cue_position": 0.0, "gamma_cf": 0.9785096685291176}, "datetime": {"elapsed": 8194.421168, "delta": 30.907959, "datetime": "2020-06-14 12:02:14"}}
{"target": 15.0, "params": {"beta_enc": 0.9305770432598678, "gamma_fc": 0.11781055895881709, "beta_rec": 0.9957830883781913, "cue_position": 0.0, "gamma_cf": 0.962600785318539}, "datetime": {"elapsed": 8223.97991, "delta": 29.558742, "datetime": "2020-06-14 12:02:44"}}
{"target": 15.0, "params": {"beta_enc": 0.8991500906147358, "gamma_fc": 0.18710178596386218, "beta_rec": 0.955149726977792, "cue_position": 0.0, "gamma_cf": 0.9417964071805056}, "datetime": {"elapsed": 8255.057082, "delta": 31.077172, "datetime": "2020-06-14 12:03:15"}}
{"target": 15.25, "params": {"beta_enc": 0.9180518922187512, "gamma_fc": 0.09861216064390599, "beta_rec": 0.9557135585917167, "cue_position": 0.0, "gamma_cf": 0.9559549523604748}, "datetime": {"elapsed": 8284.799113, "delta": 29.742031, "datetime": "2020-06-14 12:03:45"}}
{"target": 14.875, "params": {"beta_enc": 0.9051695905483631, "gamma_fc": 0.12006330286054234, "beta_rec": 0.9717460162522717, "cue_position": 0.0, "gamma_cf": 0.9558335168499532}, "datetime": {"elapsed": 8314.949711, "delta": 30.150598, "datetime": "2020-06-14 12:04:15"}}
{"target": 15.375, "params": {"beta_enc": 0.9132806242357652, "gamma_fc": 0.1063489287450482, "beta_rec": 0.9676736701768825, "cue_position": 0.0, "gamma_cf": 0.8980983575659442}, "datetime": {"elapsed": 8344.667908, "delta": 29.718197, "datetime": "2020-06-14 12:04:44"}}
{"target": 14.375, "params": {"beta_enc": 0.9104109143513537, "gamma_fc": 0.1372060363671419, "beta_rec": 0.9637518655858376, "cue_position": 0.0, "gamma_cf": 0.9724402308571981}, "datetime": {"elapsed": 8376.12014, "delta": 31.452232, "datetime": "2020-06-14 12:05:16"}}
{"target": 15.0, "params": {"beta_enc": 0.8922480193797311, "gamma_fc": 0.12123378865206236, "beta_rec": 0.9794140838517531, "cue_position": 0.0, "gamma_cf": 0.914353816955135}, "datetime": {"elapsed": 8406.54456, "delta": 30.42442, "datetime": "2020-06-14 12:05:46"}}
{"target": 14.5, "params": {"beta_enc": 0.9551815578994102, "gamma_fc": 0.10601344623442088, "beta_rec": 0.9612459930156868, "cue_position": 0.0, "gamma_cf": 0.9292624072164551}, "datetime": {"elapsed": 8437.908791, "delta": 31.364231, "datetime": "2020-06-14 12:06:18"}}
{"target": 15.5, "params": {"beta_enc": 0.8876908107316639, "gamma_fc": 0.11505735861085764, "beta_rec": 0.9731175092009039, "cue_position": 0.0, "gamma_cf": 0.9189937238846843}, "datetime": {"elapsed": 8469.012328, "delta": 31.103537, "datetime": "2020-06-14 12:06:49"}}
{"target": 15.5, "params": {"beta_enc": 0.9347929114131976, "gamma_fc": 0.14215898226992107, "beta_rec": 0.9600099248733838, "cue_position": 0.0, "gamma_cf": 0.9163675746424284}, "datetime": {"elapsed": 8502.813234, "delta": 33.800906, "datetime": "2020-06-14 12:07:23"}}
{"target": 15.125, "params": {"beta_enc": 0.9260460273627811, "gamma_fc": 0.08335849065153977, "beta_rec": 0.982236490466905, "cue_position": 0.0, "gamma_cf": 0.8962598485869024}, "datetime": {"elapsed": 8533.291512, "delta": 30.478278, "datetime": "2020-06-14 12:07:53"}}
{"target": 15.125, "params": {"beta_enc": 0.9106598711483681, "gamma_fc": 0.06467061637523142, "beta_rec": 0.9765900677573139, "cue_position": 0.0, "gamma_cf": 0.9577769127260924}, "datetime": {"elapsed": 8563.829687, "delta": 30.538175, "datetime": "2020-06-14 12:08:24"}}
{"target": 14.875, "params": {"beta_enc": 0.9086330828649356, "gamma_fc": 0.0765001035865921, "beta_rec": 0.9955651575089022, "cue_position": 0.0, "gamma_cf": 0.9558050423722385}, "datetime": {"elapsed": 8593.805739, "delta": 29.976052, "datetime": "2020-06-14 12:08:54"}}
{"target": 15.0, "params": {"beta_enc": 0.9795194267774084, "gamma_fc": 0.09727211226396759, "beta_rec": 0.9665827665895226, "cue_position": 0.0, "gamma_cf": 0.9420976576296697}, "datetime": {"elapsed": 8625.456126, "delta": 31.650387, "datetime": "2020-06-14 12:09:25"}}
{"target": 14.25, "params": {"beta_enc": 0.9438700659832762, "gamma_fc": 0.09483648180807015, "beta_rec": 0.9648744492163366, "cue_position": 0.0, "gamma_cf": 0.9177307025901418}, "datetime": {"elapsed": 8657.235574, "delta": 31.779448, "datetime": "2020-06-14 12:09:57"}}
{"target": 15.75, "params": {"beta_enc": 0.9289368403664692, "gamma_fc": 0.11816189492027973, "beta_rec": 0.9555408075574945, "cue_position": 0.0, "gamma_cf": 0.9601605438364827}, "datetime": {"elapsed": 8688.397221, "delta": 31.161647, "datetime": "2020-06-14 12:10:28"}}
{"target": 15.0, "params": {"beta_enc": 0.9107518848692975, "gamma_fc": 0.1170877175403785, "beta_rec": 0.9928039435725228, "cue_position": 0.0, "gamma_cf": 0.9395720309690018}, "datetime": {"elapsed": 8719.317499, "delta": 30.920278, "datetime": "2020-06-14 12:10:59"}}
{"target": 14.75, "params": {"beta_enc": 0.9317632290217298, "gamma_fc": 0.06957084990197371, "beta_rec": 0.9584476790082278, "cue_position": 0.0, "gamma_cf": 0.9811180277270294}, "datetime": {"elapsed": 8751.197242, "delta": 31.879743, "datetime": "2020-06-14 12:11:31"}}
{"target": 15.875, "params": {"beta_enc": 0.9319625725340546, "gamma_fc": 0.10653261930577362, "beta_rec": 0.958933152825163, "cue_position": 0.0, "gamma_cf": 0.9917040760020525}, "datetime": {"elapsed": 8787.021991, "delta": 35.824749, "datetime": "2020-06-14 12:12:07"}}
{"target": 15.75, "params": {"beta_enc": 0.8875262389730362, "gamma_fc": 0.09964686860551564, "beta_rec": 0.983905837625839, "cue_position": 0.0, "gamma_cf": 0.9832200951717425}, "datetime": {"elapsed": 8818.755892, "delta": 31.733901, "datetime": "2020-06-14 12:12:39"}}
{"target": 15.375, "params": {"beta_enc": 0.9188881697701816, "gamma_fc": 0.10774857168452778, "beta_rec": 0.9826022054110681, "cue_position": 0.0, "gamma_cf": 0.8938756648887394}, "datetime": {"elapsed": 8850.534354, "delta": 31.778462, "datetime": "2020-06-14 12:13:10"}}
{"target": 15.5, "params": {"beta_enc": 0.9231252492163833, "gamma_fc": 0.09666864025255617, "beta_rec": 0.9780347288073347, "cue_position": 0.0, "gamma_cf": 0.9749409298335554}, "datetime": {"elapsed": 8881.832748, "delta": 31.298394, "datetime": "2020-06-14 12:13:42"}}
{"target": 15.25, "params": {"beta_enc": 0.9188990226894758, "gamma_fc": 0.11163511888047173, "beta_rec": 0.9893051750977165, "cue_position": 0.0, "gamma_cf": 0.9569549006717051}, "datetime": {"elapsed": 8914.551218, "delta": 32.71847, "datetime": "2020-06-14 12:14:14"}}
{"target": 15.125, "params": {"beta_enc": 0.9777390743037243, "gamma_fc": 0.08713479373408617, "beta_rec": 0.9650556428871072, "cue_position": 0.0, "gamma_cf": 0.943835848024081}, "datetime": {"elapsed": 8948.860168, "delta": 34.30895, "datetime": "2020-06-14 12:14:49"}}
{"target": 15.375, "params": {"beta_enc": 0.908389276759162, "gamma_fc": 0.12280119578798154, "beta_rec": 0.9998153931486126, "cue_position": 0.0, "gamma_cf": 0.9770032265744287}, "datetime": {"elapsed": 8980.606379, "delta": 31.746211, "datetime": "2020-06-14 12:15:20"}}
{"target": 14.0, "params": {"beta_enc": 0.9354529439741738, "gamma_fc": 0.08769137904884283, "beta_rec": 0.9564388673669365, "cue_position": 0.0, "gamma_cf": 0.936416446753001}, "datetime": {"elapsed": 9012.62648, "delta": 32.020101, "datetime": "2020-06-14 12:15:52"}}
