{"target": 6.728, "params": {"gamma_fc": 0.3258099666132048, "beta_rec": 0.6687966059228697, "k": 2.0, "beta_enc": 0.7, "cue_position": 10.0, "enc_rate": 1.0}, "datetime": {"delta": 21.148775, "elapsed": 3490.379173, "datetime": "2020-10-07 22:44:43"}}
{"target": 6.744888888888889, "params": {"gamma_fc": 0.041475079576498874, "beta_rec": 0.7626320954451107, "k": 2.0, "beta_enc": 0.7, "cue_position": 10.0, "enc_rate": 1.0}, "datetime": {"delta": 21.111833, "elapsed": 3511.491006, "datetime": "2020-10-07 22:45:04"}}
{"target": 6.686888888888889, "params": {"gamma_fc": 0.767788977658173, "beta_rec": 0.6938554113738997, "k": 2.0, "beta_enc": 0.7, "cue_position": 10.0, "enc_rate": 1.0}, "datetime": {"delta": 21.014332, "elapsed": 3532.505338, "datetime": "2020-10-07 22:45:25"}}
{"target": 6.368444444444445, "params": {"gamma_fc": 0.05231294643747675, "beta_rec": 0.13479311796067905, "k": 2.0, "beta_enc": 0.7, "cue_position": 10.0, "enc_rate": 1.0}, "datetime": {"delta": 20.49158, "elapsed": 3552.996918, "datetime": "2020-10-07 22:45:45"}}
{"target": 6.76288888888889, "params": {"gamma_fc": 0.4540590560591513, "beta_rec": 0.6174610120171561, "k": 2.0, "beta_enc": 0.7, "cue_position": 10.0, "enc_rate": 1.0}, "datetime": {"delta": 21.225357, "elapsed": 3574.222275, "datetime": "2020-10-07 22:46:06"}}
{"target": 6.750888888888889, "params": {"gamma_fc": 0.050912383516887205, "beta_rec": 0.6562015477440989, "k": 2.0, "beta_enc": 0.7, "cue_position": 10.0, "enc_rate": 1.0}, "datetime": {"delta": 21.167316, "elapsed": 3595.389591, "datetime": "2020-10-07 22:46:28"}}
{"target": 6.756666666666666, "params": {"gamma_fc": 0.4731119528858785, "beta_rec": 0.4216578860324509, "k": 2.0, "beta_enc": 0.7, "cue_position": 10.0, "enc_rate": 1.0}, "datetime": {"delta": 21.303587, "elapsed": 3616.693178, "datetime": "2020-10-07 22:46:49"}}
{"target": 6.761333333333335, "params": {"gamma_fc": 0.23941104413775594, "beta_rec": 0.8414221567958434, "k": 2.0, "beta_enc": 0.7, "cue_position": 10.0, "enc_rate": 1.0}, "datetime": {"delta": 21.31699, "elapsed": 3638.010168, "datetime": "2020-10-07 22:47:10"}}
{"target": 6.723111111111112, "params": {"gamma_fc": 0.8978507176676818, "beta_rec": 0.6139340023847009, "k": 2.0, "beta_enc": 0.7, "cue_position": 10.0, "enc_rate": 1.0}, "datetime": {"delta": 21.223953, "elapsed": 3659.234121, "datetime": "2020-10-07 22:47:31"}}
{"target": 6.620666666666667, "params": {"gamma_fc": 0.8704248568230661, "beta_rec": 0.9408279632013994, "k": 2.0, "beta_enc": 0.7, "cue_position": 10.0, "enc_rate": 1.0}, "datetime": {"delta": 21.037151, "elapsed": 3680.271272, "datetime": "2020-10-07 22:47:53"}}
{"target": 6.680444444444444, "params": {"gamma_fc": 0.8146191812616553, "beta_rec": 0.7323748991793305, "k": 2.0, "beta_enc": 0.7, "cue_position": 10.0, "enc_rate": 1.0}, "datetime": {"delta": 21.150765, "elapsed": 3701.422037, "datetime": "2020-10-07 22:48:14"}}
{"target": 6.760888888888888, "params": {"gamma_fc": 0.2482907289970986, "beta_rec": 0.8424458099564136, "k": 2.0, "beta_enc": 0.7, "cue_position": 10.0, "enc_rate": 1.0}, "datetime": {"delta": 21.276419, "elapsed": 3722.698456, "datetime": "2020-10-07 22:48:35"}}
{"target": 6.736666666666666, "params": {"gamma_fc": 0.20338083282405106, "beta_rec": 0.42166593484970927, "k": 2.0, "beta_enc": 0.7, "cue_position": 10.0, "enc_rate": 1.0}, "datetime": {"delta": 21.137437, "elapsed": 3743.835893, "datetime": "2020-10-07 22:48:56"}}
{"target": 6.7475555555555555, "params": {"gamma_fc": 0.624821294185499, "beta_rec": 0.48675074481833813, "k": 2.0, "beta_enc": 0.7, "cue_position": 10.0, "enc_rate": 1.0}, "datetime": {"delta": 21.149709, "elapsed": 3764.985602, "datetime": "2020-10-07 22:49:17"}}
{"target": 6.754666666666667, "params": {"gamma_fc": 0.22700116521465796, "beta_rec": 0.8837555081806009, "k": 2.0, "beta_enc": 0.7, "cue_position": 10.0, "enc_rate": 1.0}, "datetime": {"delta": 21.174905, "elapsed": 3786.160507, "datetime": "2020-10-07 22:49:38"}}
{"target": 6.500666666666666, "params": {"gamma_fc": 0.6021836538927108, "beta_rec": 0.13141566053746057, "k": 2.0, "beta_enc": 0.7, "cue_position": 10.0, "enc_rate": 1.0}, "datetime": {"delta": 20.7298, "elapsed": 3806.890307, "datetime": "2020-10-07 22:49:59"}}
{"target": 6.736888888888889, "params": {"gamma_fc": 0.05917720718572239, "beta_rec": 0.5956250981349497, "k": 2.0, "beta_enc": 0.7, "cue_position": 10.0, "enc_rate": 1.0}, "datetime": {"delta": 21.171228, "elapsed": 3828.061535, "datetime": "2020-10-07 22:50:20"}}
{"target": 6.682222222222222, "params": {"gamma_fc": 0.0073189693278638, "beta_rec": 0.5346790571795887, "k": 2.0, "beta_enc": 0.7, "cue_position": 10.0, "enc_rate": 1.0}, "datetime": {"delta": 21.056918, "elapsed": 3849.118453, "datetime": "2020-10-07 22:50:41"}}
{"target": 6.691333333333333, "params": {"gamma_fc": 0.822578152523871, "beta_rec": 0.5883673328938768, "k": 2.0, "beta_enc": 0.7, "cue_position": 10.0, "enc_rate": 1.0}, "datetime": {"delta": 21.088284, "elapsed": 3870.206737, "datetime": "2020-10-07 22:51:02"}}
{"target": 6.425777777777777, "params": {"gamma_fc": 0.1267357091420086, "beta_rec": 0.12295477155217849, "k": 2.0, "beta_enc": 0.7, "cue_position": 10.0, "enc_rate": 1.0}, "datetime": {"delta": 20.588006, "elapsed": 3890.794743, "datetime": "2020-10-07 22:51:23"}}
{"target": 6.593111111111111, "params": {"gamma_fc": 0.3033456717085691, "beta_rec": 0.20018211641098693, "k": 2.0, "beta_enc": 0.7, "cue_position": 10.0, "enc_rate": 1.0}, "datetime": {"delta": 20.85759, "elapsed": 3911.652333, "datetime": "2020-10-07 22:51:44"}}
{"target": 6.744222222222223, "params": {"gamma_fc": 0.5071194235482045, "beta_rec": 0.5820299763434618, "k": 2.0, "beta_enc": 0.7, "cue_position": 10.0, "enc_rate": 1.0}, "datetime": {"delta": 21.151122, "elapsed": 3932.803455, "datetime": "2020-10-07 22:52:05"}}
{"target": 6.624, "params": {"gamma_fc": 0.24444799937161088, "beta_rec": 0.2641376442105696, "k": 2.0, "beta_enc": 0.7, "cue_position": 10.0, "enc_rate": 1.0}, "datetime": {"delta": 21.178369, "elapsed": 3953.981824, "datetime": "2020-10-07 22:52:26"}}
{"target": 6.448888888888888, "params": {"gamma_fc": 0.8061631629534083, "beta_rec": 0.07194722016400112, "k": 2.0, "beta_enc": 0.7, "cue_position": 10.0, "enc_rate": 1.0}, "datetime": {"delta": 20.729165, "elapsed": 3974.710989, "datetime": "2020-10-07 22:52:47"}}
{"target": 6.746444444444444, "params": {"gamma_fc": 0.4487372588243219, "beta_rec": 0.48169628302117706, "k": 2.0, "beta_enc": 0.7, "cue_position": 10.0, "enc_rate": 1.0}, "datetime": {"delta": 21.444128, "elapsed": 3996.155117, "datetime": "2020-10-07 22:53:08"}}
{"target": 6.710222222222223, "params": {"gamma_fc": 0.760802456305756, "beta_rec": 0.6971485287527562, "k": 2.0, "beta_enc": 0.7, "cue_position": 10.0, "enc_rate": 1.0}, "datetime": {"delta": 21.39299, "elapsed": 4017.548107, "datetime": "2020-10-07 22:53:30"}}
{"target": 6.644666666666666, "params": {"gamma_fc": 0.3205646539951602, "beta_rec": 0.23376869260410593, "k": 2.0, "beta_enc": 0.7, "cue_position": 10.0, "enc_rate": 1.0}, "datetime": {"delta": 21.202759, "elapsed": 4038.750866, "datetime": "2020-10-07 22:53:51"}}
{"target": 6.786888888888889, "params": {"gamma_fc": 0.11503501205024624, "beta_rec": 0.7600017523497489, "k": 2.0, "beta_enc": 0.7, "cue_position": 10.0, "enc_rate": 1.0}, "datetime": {"delta": 21.338618, "elapsed": 4060.089484, "datetime": "2020-10-07 22:54:12"}}
{"target": 6.741555555555555, "params": {"gamma_fc": 0.4911099613042962, "beta_rec": 0.8207464986229382, "k": 2.0, "beta_enc": 0.7, "cue_position": 10.0, "enc_rate": 1.0}, "datetime": {"delta": 21.382396, "elapsed": 4081.47188, "datetime": "2020-10-07 22:54:34"}}
{"target": 6.649555555555556, "params": {"gamma_fc": 0.7293976982561526, "beta_rec": 0.461602080891622, "k": 2.0, "beta_enc": 0.7, "cue_position": 10.0, "enc_rate": 1.0}, "datetime": {"delta": 21.286574, "elapsed": 4102.758454, "datetime": "2020-10-07 22:54:55"}}
{"target": 6.698222222222222, "params": {"gamma_fc": 0.6570654246228895, "beta_rec": 0.8434941260636555, "k": 2.0, "beta_enc": 0.7, "cue_position": 10.0, "enc_rate": 1.0}, "datetime": {"delta": 21.370285, "elapsed": 4124.128739, "datetime": "2020-10-07 22:55:16"}}
{"target": 6.675333333333333, "params": {"gamma_fc": 0.8709456091610533, "beta_rec": 0.5295466104783949, "k": 2.0, "beta_enc": 0.7, "cue_position": 10.0, "enc_rate": 1.0}, "datetime": {"delta": 21.221172, "elapsed": 4145.349911, "datetime": "2020-10-07 22:55:38"}}
{"target": 6.665333333333334, "params": {"gamma_fc": 0.8785878632047704, "beta_rec": 0.6830743663365642, "k": 2.0, "beta_enc": 0.7, "cue_position": 10.0, "enc_rate": 1.0}, "datetime": {"delta": 21.339957, "elapsed": 4166.689868, "datetime": "2020-10-07 22:55:59"}}
{"target": 6.698222222222222, "params": {"gamma_fc": 0.6353709614884534, "beta_rec": 0.6671187886992039, "k": 2.0, "beta_enc": 0.7, "cue_position": 10.0, "enc_rate": 1.0}, "datetime": {"delta": 21.401123, "elapsed": 4188.090991, "datetime": "2020-10-07 22:56:20"}}
{"target": 6.711333333333334, "params": {"gamma_fc": 0.6960171184108773, "beta_rec": 0.8333553323679256, "k": 2.0, "beta_enc": 0.7, "cue_position": 10.0, "enc_rate": 1.0}, "datetime": {"delta": 29.873628, "elapsed": 4217.964619, "datetime": "2020-10-07 22:56:50"}}
{"target": 6.763111111111111, "params": {"gamma_fc": 0.44304800213918266, "beta_rec": 0.8963868901625938, "k": 2.0, "beta_enc": 0.7, "cue_position": 10.0, "enc_rate": 1.0}, "datetime": {"delta": 28.921331, "elapsed": 4246.88595, "datetime": "2020-10-07 22:57:19"}}
{"target": 6.690444444444445, "params": {"gamma_fc": 0.40615251402748126, "beta_rec": 0.9893072441099992, "k": 2.0, "beta_enc": 0.7, "cue_position": 10.0, "enc_rate": 1.0}, "datetime": {"delta": 28.022506, "elapsed": 4274.908456, "datetime": "2020-10-07 22:57:47"}}
{"target": 6.743777777777778, "params": {"gamma_fc": 0.5719807892215629, "beta_rec": 0.37505173917060347, "k": 2.0, "beta_enc": 0.7, "cue_position": 10.0, "enc_rate": 1.0}, "datetime": {"delta": 28.635138, "elapsed": 4303.543594, "datetime": "2020-10-07 22:58:16"}}
{"target": 6.734888888888889, "params": {"gamma_fc": 0.44713687593154305, "beta_rec": 0.6805236886175504, "k": 2.0, "beta_enc": 0.7, "cue_position": 10.0, "enc_rate": 1.0}, "datetime": {"delta": 28.011693, "elapsed": 4331.555287, "datetime": "2020-10-07 22:58:44"}}
{"target": 6.789777777777777, "params": {"gamma_fc": 0.2752935225022416, "beta_rec": 0.5533867189574566, "k": 2.0, "beta_enc": 0.7, "cue_position": 10.0, "enc_rate": 1.0}, "datetime": {"delta": 27.713544, "elapsed": 4359.268831, "datetime": "2020-10-07 22:59:12"}}
{"target": 6.782000000000001, "params": {"gamma_fc": 0.28938100706455167, "beta_rec": 0.8811462531185869, "k": 2.0, "beta_enc": 0.7, "cue_position": 10.0, "enc_rate": 1.0}, "datetime": {"delta": 27.822944, "elapsed": 4387.091775, "datetime": "2020-10-07 22:59:39"}}
{"target": 6.685111111111111, "params": {"gamma_fc": 0.6526518808594491, "beta_rec": 0.9346394334066328, "k": 2.0, "beta_enc": 0.7, "cue_position": 10.0, "enc_rate": 1.0}, "datetime": {"delta": 27.722842, "elapsed": 4414.814617, "datetime": "2020-10-07 23:00:07"}}
{"target": 6.6693333333333324, "params": {"gamma_fc": 0.9970392991706741, "beta_rec": 0.6219075766812597, "k": 2.0, "beta_enc": 0.7, "cue_position": 10.0, "enc_rate": 1.0}, "datetime": {"delta": 27.474198, "elapsed": 4442.288815, "datetime": "2020-10-07 23:00:35"}}
{"target": 6.68888888888889, "params": {"gamma_fc": 0.6255140883246767, "beta_rec": 0.7540193155844563, "k": 2.0, "beta_enc": 0.7, "cue_position": 10.0, "enc_rate": 1.0}, "datetime": {"delta": 27.591316, "elapsed": 4469.880131, "datetime": "2020-10-07 23:01:02"}}
{"target": 6.756, "params": {"gamma_fc": 0.6966572023160825, "beta_rec": 0.6893540145682671, "k": 2.0, "beta_enc": 0.7, "cue_position": 10.0, "enc_rate": 1.0}, "datetime": {"delta": 28.661002, "elapsed": 4498.541133, "datetime": "2020-10-07 23:01:31"}}
{"target": 6.778888888888889, "params": {"gamma_fc": 0.4696238336657803, "beta_rec": 0.7863164867912606, "k": 2.0, "beta_enc": 0.7, "cue_position": 10.0, "enc_rate": 1.0}, "datetime": {"delta": 27.431634, "elapsed": 4525.972767, "datetime": "2020-10-07 23:01:58"}}
{"target": 6.619333333333334, "params": {"gamma_fc": 0.5485823005293825, "beta_rec": 0.21137586398840086, "k": 2.0, "beta_enc": 0.7, "cue_position": 10.0, "enc_rate": 1.0}, "datetime": {"delta": 28.152333, "elapsed": 4554.1251, "datetime": "2020-10-07 23:02:26"}}
{"target": 6.6353333333333335, "params": {"gamma_fc": 0.20909757038157867, "beta_rec": 1.0, "k": 2.0, "beta_enc": 0.7, "cue_position": 10.0, "enc_rate": 1.0}, "datetime": {"delta": 27.905205, "elapsed": 4582.030305, "datetime": "2020-10-07 23:02:54"}}
{"target": 6.749555555555557, "params": {"gamma_fc": 0.32314508735225783, "beta_rec": 0.9555662789306902, "k": 2.0, "beta_enc": 0.7, "cue_position": 10.0, "enc_rate": 1.0}, "datetime": {"delta": 28.362156, "elapsed": 4610.392461, "datetime": "2020-10-07 23:03:23"}}
{"target": 6.703777777777778, "params": {"gamma_fc": 0.018849126569355012, "beta_rec": 0.7143397237721494, "k": 2.0, "beta_enc": 0.7, "cue_position": 10.0, "enc_rate": 1.0}, "datetime": {"delta": 29.163433, "elapsed": 4639.555894, "datetime": "2020-10-07 23:03:52"}}
{"target": 6.735777777777779, "params": {"gamma_fc": 0.11894838102949512, "beta_rec": 0.8584106520415832, "k": 2.0, "beta_enc": 0.7, "cue_position": 10.0, "enc_rate": 1.0}, "datetime": {"delta": 28.278307, "elapsed": 4667.834201, "datetime": "2020-10-07 23:04:20"}}
{"target": 6.771333333333334, "params": {"gamma_fc": 0.19663738114588167, "beta_rec": 0.7229582498853694, "k": 2.0, "beta_enc": 0.7, "cue_position": 10.0, "enc_rate": 1.0}, "datetime": {"delta": 28.124904, "elapsed": 4695.959105, "datetime": "2020-10-07 23:04:48"}}
{"target": 6.753555555555556, "params": {"gamma_fc": 0.23659126870677907, "beta_rec": 0.7209997171053928, "k": 2.0, "beta_enc": 0.7, "cue_position": 10.0, "enc_rate": 1.0}, "datetime": {"delta": 28.048652, "elapsed": 4724.007757, "datetime": "2020-10-07 23:05:16"}}
{"target": 6.585333333333334, "params": {"gamma_fc": 1.0, "beta_rec": 1.0, "k": 2.0, "beta_enc": 0.7, "cue_position": 10.0, "enc_rate": 1.0}, "datetime": {"delta": 27.664717, "elapsed": 4751.672474, "datetime": "2020-10-07 23:05:44"}}
{"target": 6.734222222222224, "params": {"gamma_fc": 0.8138138945803164, "beta_rec": 0.8659883491459395, "k": 2.0, "beta_enc": 0.7, "cue_position": 10.0, "enc_rate": 1.0}, "datetime": {"delta": 29.497146, "elapsed": 4781.16962, "datetime": "2020-10-07 23:06:13"}}
{"target": 6.722444444444444, "params": {"gamma_fc": 0.5781381228114504, "beta_rec": 0.5210274655490765, "k": 2.0, "beta_enc": 0.7, "cue_position": 10.0, "enc_rate": 1.0}, "datetime": {"delta": 29.764194, "elapsed": 4810.933814, "datetime": "2020-10-07 23:06:43"}}
{"target": 6.730444444444444, "params": {"gamma_fc": 0.49805428426653364, "beta_rec": 0.9730201987887153, "k": 2.0, "beta_enc": 0.7, "cue_position": 10.0, "enc_rate": 1.0}, "datetime": {"delta": 29.467479, "elapsed": 4840.401293, "datetime": "2020-10-07 23:07:13"}}
{"target": 6.652222222222221, "params": {"gamma_fc": 0.14037640445775057, "beta_rec": 0.3234768055709571, "k": 2.0, "beta_enc": 0.7, "cue_position": 10.0, "enc_rate": 1.0}, "datetime": {"delta": 29.729876, "elapsed": 4870.131169, "datetime": "2020-10-07 23:07:42"}}
{"target": 6.774222222222223, "params": {"gamma_fc": 0.088732805172598, "beta_rec": 0.6936019491672659, "k": 2.0, "beta_enc": 0.7, "cue_position": 10.0, "enc_rate": 1.0}, "datetime": {"delta": 28.775391, "elapsed": 4898.90656, "datetime": "2020-10-07 23:08:11"}}
{"target": 6.700666666666668, "params": {"gamma_fc": 0.5310552082370452, "beta_rec": 0.6350289474220547, "k": 2.0, "beta_enc": 0.7, "cue_position": 10.0, "enc_rate": 1.0}, "datetime": {"delta": 29.306086, "elapsed": 4928.212646, "datetime": "2020-10-07 23:08:40"}}
{"target": 6.702444444444444, "params": {"gamma_fc": 0.08272714615204423, "beta_rec": 0.5158961700381215, "k": 2.0, "beta_enc": 0.7, "cue_position": 10.0, "enc_rate": 1.0}, "datetime": {"delta": 29.096435, "elapsed": 4957.309081, "datetime": "2020-10-07 23:09:10"}}
{"target": 6.771111111111111, "params": {"gamma_fc": 0.3277498880000539, "beta_rec": 0.7533184708922538, "k": 2.0, "beta_enc": 0.7, "cue_position": 10.0, "enc_rate": 1.0}, "datetime": {"delta": 30.11441, "elapsed": 4987.423491, "datetime": "2020-10-07 23:09:40"}}
{"target": 6.681777777777778, "params": {"gamma_fc": 0.6150593149543089, "beta_rec": 0.8244323632222538, "k": 2.0, "beta_enc": 0.7, "cue_position": 10.0, "enc_rate": 1.0}, "datetime": {"delta": 29.763975, "elapsed": 5017.187466, "datetime": "2020-10-07 23:10:09"}}
{"target": 6.664888888888889, "params": {"gamma_fc": 1.0, "beta_rec": 0.5310314305497658, "k": 2.0, "beta_enc": 0.7, "cue_position": 10.0, "enc_rate": 1.0}, "datetime": {"delta": 29.246266, "elapsed": 5046.433732, "datetime": "2020-10-07 23:10:39"}}
{"target": 6.684888888888888, "params": {"gamma_fc": 0.6494267834161029, "beta_rec": 0.5585406681622446, "k": 2.0, "beta_enc": 0.7, "cue_position": 10.0, "enc_rate": 1.0}, "datetime": {"delta": 28.692615, "elapsed": 5075.126347, "datetime": "2020-10-07 23:11:07"}}
{"target": 6.736666666666667, "params": {"gamma_fc": 0.12949433768336843, "beta_rec": 0.5780843956888723, "k": 2.0, "beta_enc": 0.7, "cue_position": 10.0, "enc_rate": 1.0}, "datetime": {"delta": 29.441123, "elapsed": 5104.56747, "datetime": "2020-10-07 23:11:37"}}
{"target": 6.762444444444445, "params": {"gamma_fc": 0.2707720706677375, "beta_rec": 0.46529268531975426, "k": 2.0, "beta_enc": 0.7, "cue_position": 10.0, "enc_rate": 1.0}, "datetime": {"delta": 30.043569, "elapsed": 5134.611039, "datetime": "2020-10-07 23:12:07"}}
{"target": 3.99511111111111, "params": {"gamma_fc": 0.0, "beta_rec": 1.0, "k": 2.0, "beta_enc": 0.7, "cue_position": 10.0, "enc_rate": 1.0}, "datetime": {"delta": 25.404291, "elapsed": 5160.01533, "datetime": "2020-10-07 23:12:32"}}
{"target": 6.657111111111111, "params": {"gamma_fc": 0.8866860368003419, "beta_rec": 0.2977704429286062, "k": 2.0, "beta_enc": 0.7, "cue_position": 10.0, "enc_rate": 1.0}, "datetime": {"delta": 31.670611, "elapsed": 5191.685941, "datetime": "2020-10-07 23:13:04"}}
{"target": 6.574222222222223, "params": {"gamma_fc": 0.18847931971188966, "beta_rec": 0.22119924628046142, "k": 2.0, "beta_enc": 0.7, "cue_position": 10.0, "enc_rate": 1.0}, "datetime": {"delta": 31.670479, "elapsed": 5223.35642, "datetime": "2020-10-07 23:13:36"}}
{"target": 6.651555555555555, "params": {"gamma_fc": 0.9423636056813506, "beta_rec": 0.6506934047010728, "k": 2.0, "beta_enc": 0.7, "cue_position": 10.0, "enc_rate": 1.0}, "datetime": {"delta": 31.948481, "elapsed": 5255.304901, "datetime": "2020-10-07 23:14:08"}}
{"target": 6.762444444444445, "params": {"gamma_fc": 0.264325463171737, "beta_rec": 0.41310488987835037, "k": 2.0, "beta_enc": 0.7, "cue_position": 10.0, "enc_rate": 1.0}, "datetime": {"delta": 32.325086, "elapsed": 5287.629987, "datetime": "2020-10-07 23:14:40"}}
{"target": 6.684444444444445, "params": {"gamma_fc": 0.8289876362363557, "beta_rec": 0.47476443510190924, "k": 2.0, "beta_enc": 0.7, "cue_position": 10.0, "enc_rate": 1.0}, "datetime": {"delta": 31.607922, "elapsed": 5319.237909, "datetime": "2020-10-07 23:15:11"}}
{"target": 6.701333333333333, "params": {"gamma_fc": 0.5908674997006939, "beta_rec": 0.4549958014613495, "k": 2.0, "beta_enc": 0.7, "cue_position": 10.0, "enc_rate": 1.0}, "datetime": {"delta": 31.870313, "elapsed": 5351.108222, "datetime": "2020-10-07 23:15:43"}}
{"target": 6.651555555555556, "params": {"gamma_fc": 1.0, "beta_rec": 0.7601718594541546, "k": 2.0, "beta_enc": 0.7, "cue_position": 10.0, "enc_rate": 1.0}, "datetime": {"delta": 31.120881, "elapsed": 5382.229103, "datetime": "2020-10-07 23:16:14"}}
{"target": 6.670888888888889, "params": {"gamma_fc": 0.8450753070923946, "beta_rec": 1.0, "k": 2.0, "beta_enc": 0.7, "cue_position": 10.0, "enc_rate": 1.0}, "datetime": {"delta": 32.034101, "elapsed": 5414.263204, "datetime": "2020-10-07 23:16:47"}}
{"target": 6.790666666666667, "params": {"gamma_fc": 0.28316536690850497, "beta_rec": 0.5836725751447985, "k": 2.0, "beta_enc": 0.7, "cue_position": 10.0, "enc_rate": 1.0}, "datetime": {"delta": 31.60814, "elapsed": 5445.871344, "datetime": "2020-10-07 23:17:18"}}
{"target": 6.687777777777777, "params": {"gamma_fc": 0.6599193864911035, "beta_rec": 1.0, "k": 2.0, "beta_enc": 0.7, "cue_position": 10.0, "enc_rate": 1.0}, "datetime": {"delta": 31.806079, "elapsed": 5477.677423, "datetime": "2020-10-07 23:17:50"}}
{"target": 6.7024444444444455, "params": {"gamma_fc": 0.2939788483867982, "beta_rec": 1.0, "k": 2.0, "beta_enc": 0.7, "cue_position": 10.0, "enc_rate": 1.0}, "datetime": {"delta": 32.282166, "elapsed": 5509.959589, "datetime": "2020-10-07 23:18:22"}}
{"target": 6.7780000000000005, "params": {"gamma_fc": 0.19303379107933966, "beta_rec": 0.5660778983935724, "k": 2.0, "beta_enc": 0.7, "cue_position": 10.0, "enc_rate": 1.0}, "datetime": {"delta": 32.338186, "elapsed": 5542.297775, "datetime": "2020-10-07 23:18:55"}}
{"target": 6.7444444444444445, "params": {"gamma_fc": 0.3145206752431114, "beta_rec": 0.4452347179836555, "k": 2.0, "beta_enc": 0.7, "cue_position": 10.0, "enc_rate": 1.0}, "datetime": {"delta": 32.094447, "elapsed": 5574.392222, "datetime": "2020-10-07 23:19:27"}}
{"target": 6.762444444444443, "params": {"gamma_fc": 0.3123838675965652, "beta_rec": 0.5267049494902144, "k": 2.0, "beta_enc": 0.7, "cue_position": 10.0, "enc_rate": 1.0}, "datetime": {"delta": 31.92226, "elapsed": 5606.314482, "datetime": "2020-10-07 23:19:59"}}
{"target": 6.707111111111111, "params": {"gamma_fc": 0.44182668279629417, "beta_rec": 0.9567553081104253, "k": 2.0, "beta_enc": 0.7, "cue_position": 10.0, "enc_rate": 1.0}, "datetime": {"delta": 32.950631, "elapsed": 5639.265113, "datetime": "2020-10-07 23:20:32"}}
