{"target": 7.845833333333333, "params": {"beta_rec": 0.7203244934421581, "gamma_cf": 0.30233257263183977, "cue_position": 4.0, "gamma_fc": 0.14675589081711304, "beta_enc": 0.417022004702574}, "datetime": {"delta": 0.0, "datetime": "2020-06-20 01:57:51", "elapsed": 0.0}}
{"target": 9.920833333333333, "params": {"beta_rec": 0.1862602113776709, "gamma_cf": 0.39676747423066994, "cue_position": 4.0, "gamma_fc": 0.538816734003357, "beta_enc": 0.0923385947687978}, "datetime": {"delta": 11.169914, "datetime": "2020-06-20 01:58:03", "elapsed": 11.169914}}
{"target": 9.304166666666667, "params": {"beta_rec": 0.6852195003967595, "gamma_cf": 0.8781174363909454, "cue_position": 4.0, "gamma_fc": 0.027387593197926163, "beta_enc": 0.4191945144032948}, "datetime": {"delta": 10.752652, "datetime": "2020-06-20 01:58:13", "elapsed": 21.922566}}
{"target": 7.120833333333334, "params": {"beta_rec": 0.41730480236712697, "gamma_cf": 0.14038693859523377, "cue_position": 4.0, "gamma_fc": 0.1981014890848788, "beta_enc": 0.6704675101784022}, "datetime": {"delta": 9.082948, "datetime": "2020-06-20 01:58:22", "elapsed": 31.005514}}
{"target": 7.479166666666667, "params": {"beta_rec": 0.9682615757193975, "gamma_cf": 0.6923226156693141, "cue_position": 4.0, "gamma_fc": 0.8763891522960383, "beta_enc": 0.8007445686755367}, "datetime": {"delta": 9.325409, "datetime": "2020-06-20 01:58:32", "elapsed": 40.330923}}
{"target": 6.95, "params": {"beta_rec": 0.08504421136977791, "gamma_cf": 0.1698304195645689, "cue_position": 4.0, "gamma_fc": 0.8781425034294131, "beta_enc": 0.8946066635038473}, "datetime": {"delta": 8.912383, "datetime": "2020-06-20 01:58:41", "elapsed": 49.243306}}
{"target": 10.5375, "params": {"beta_rec": 0.42110762500505217, "gamma_cf": 0.5331652849730171, "cue_position": 4.0, "gamma_fc": 0.6918771139504734, "beta_enc": 0.0983468338330501}, "datetime": {"delta": 11.659899, "datetime": "2020-06-20 01:58:52", "elapsed": 60.903205}}
{"target": 8.720833333333333, "params": {"beta_rec": 0.6865009276815837, "gamma_cf": 0.018288277344191806, "cue_position": 4.0, "gamma_fc": 0.7501443149449675, "beta_enc": 0.31551563100606295}, "datetime": {"delta": 10.248576, "datetime": "2020-06-20 01:59:03", "elapsed": 71.151781}}
{"target": 6.675, "params": {"beta_rec": 0.7481656543798394, "gamma_cf": 0.7892793284514885, "cue_position": 4.0, "gamma_fc": 0.10322600657764203, "beta_enc": 0.9888610889064947}, "datetime": {"delta": 8.613828, "datetime": "2020-06-20 01:59:11", "elapsed": 79.765609}}
{"target": 7.883333333333334, "params": {"beta_rec": 0.9085955030930956, "gamma_cf": 0.28777533858634874, "cue_position": 4.0, "gamma_fc": 0.13002857211827767, "beta_enc": 0.44789352617590517}, "datetime": {"delta": 9.563603, "datetime": "2020-06-20 01:59:21", "elapsed": 89.329212}}
{"target": 9.166666666666666, "params": {"beta_rec": 0.678835532939891, "gamma_cf": 0.2655466593722262, "cue_position": 4.0, "gamma_fc": 0.4915731592803383, "beta_enc": 0.019366957870297075}, "datetime": {"delta": 10.600504, "datetime": "2020-06-20 01:59:31", "elapsed": 99.929716}}
{"target": 10.416666666666666, "params": {"beta_rec": 0.5741176054920131, "gamma_cf": 0.5893055369032842, "cue_position": 4.0, "gamma_fc": 0.6997583600209312, "beta_enc": 0.053362545117080384}, "datetime": {"delta": 11.57264, "datetime": "2020-06-20 01:59:43", "elapsed": 111.502356}}
{"target": 8.65, "params": {"beta_rec": 0.4140559878195683, "gamma_cf": 0.41417926952690265, "cue_position": 4.0, "gamma_fc": 0.04995345894608716, "beta_enc": 0.10233442882782584}, "datetime": {"delta": 10.226368, "datetime": "2020-06-20 01:59:53", "elapsed": 121.728724}}
{"target": 9.366666666666667, "params": {"beta_rec": 0.6637946452197888, "gamma_cf": 0.9445947559908133, "cue_position": 4.0, "gamma_fc": 0.5865550405019929, "beta_enc": 0.5358964059155116}, "datetime": {"delta": 10.816364, "datetime": "2020-06-20 02:00:04", "elapsed": 132.545088}}
{"target": 5.733333333333333, "params": {"beta_rec": 0.13747470414623753, "gamma_cf": 0.8073912887095238, "cue_position": 4.0, "gamma_fc": 0.3976768369855336, "beta_enc": 0.9034019152878835}, "datetime": {"delta": 8.007558, "datetime": "2020-06-20 02:00:12", "elapsed": 140.552646}}
{"target": 10.254166666666666, "params": {"beta_rec": 0.9275085803960339, "gamma_cf": 0.7508121031361555, "cue_position": 4.0, "gamma_fc": 0.7259979853504515, "beta_enc": 0.16535419711693278}, "datetime": {"delta": 11.502147, "datetime": "2020-06-20 02:00:24", "elapsed": 152.054793}}
{"target": 7.375, "params": {"beta_rec": 0.6236722070556089, "gamma_cf": 0.34889834197784253, "cue_position": 4.0, "gamma_fc": 0.2699278917650261, "beta_enc": 0.8833060912058098}, "datetime": {"delta": 9.235349, "datetime": "2020-06-20 02:00:33", "elapsed": 161.290142}}
{"target": 6.729166666666667, "params": {"beta_rec": 0.4280911898712949, "gamma_cf": 0.6634414978184481, "cue_position": 4.0, "gamma_fc": 0.6216957202091218, "beta_enc": 0.8958862181960668}, "datetime": {"delta": 8.71732, "datetime": "2020-06-20 02:00:41", "elapsed": 170.007462}}
{"target": 9.854166666666666, "params": {"beta_rec": 0.9494892587070712, "gamma_cf": 0.5783896143871318, "cue_position": 4.0, "gamma_fc": 0.40813680276128117, "beta_enc": 0.11474597295337519}, "datetime": {"delta": 11.115088, "datetime": "2020-06-20 02:00:53", "elapsed": 181.12255}}
{"target": 8.195833333333333, "params": {"beta_rec": 0.9033795205622538, "gamma_cf": 0.00287032703115897, "cue_position": 4.0, "gamma_fc": 0.6171449136207239, "beta_enc": 0.2370269802430277}, "datetime": {"delta": 9.856563, "datetime": "2020-06-20 02:01:02", "elapsed": 190.979113}}
{"target": 9.920833333333333, "params": {"beta_rec": 0.5270581022576093, "gamma_cf": 0.35726976000249977, "cue_position": 4.0, "gamma_fc": 0.9085351509197992, "beta_enc": 0.32664490177209615}, "datetime": {"delta": 11.189901, "datetime": "2020-06-20 02:01:14", "elapsed": 202.169014}}
{"target": 7.825, "params": {"beta_rec": 0.015821242846556283, "gamma_cf": 0.690896917516924, "cue_position": 4.0, "gamma_fc": 0.9973228504514805, "beta_enc": 0.6233601157918027}, "datetime": {"delta": 9.524696, "datetime": "2020-06-20 02:01:23", "elapsed": 211.69371}}
{"target": 10.329166666666667, "params": {"beta_rec": 0.13713574962887776, "gamma_cf": 0.6968181614899002, "cue_position": 4.0, "gamma_fc": 0.06600017272206249, "beta_enc": 0.17234050834532855}, "datetime": {"delta": 11.487258, "datetime": "2020-06-20 02:01:35", "elapsed": 223.180968}}
{"target": 9.070833333333333, "params": {"beta_rec": 0.7538761884612464, "gamma_cf": 0.7115247586284718, "cue_position": 4.0, "gamma_fc": 0.1242709619721647, "beta_enc": 0.7554630526024664}, "datetime": {"delta": 10.404993, "datetime": "2020-06-20 02:01:45", "elapsed": 233.585961}}
{"target": 10.508333333333333, "params": {"beta_rec": 0.026210986877719278, "gamma_cf": 0.2462110676030459, "cue_position": 4.0, "gamma_fc": 0.860027948682888, "beta_enc": 0.01988013383979559}, "datetime": {"delta": 11.418258, "datetime": "2020-06-20 02:01:56", "elapsed": 245.004219}}
{"target": 7.5625, "params": {"beta_rec": 0.5528219786857659, "gamma_cf": 0.12417331511991114, "cue_position": 4.0, "gamma_fc": 0.2791836790111395, "beta_enc": 0.5388310643416528}, "datetime": {"delta": 9.211568, "datetime": "2020-06-20 02:02:06", "elapsed": 254.215787}}
{"target": 9.029166666666667, "params": {"beta_rec": 0.9695957483196745, "gamma_cf": 0.01864728937294302, "cue_position": 4.0, "gamma_fc": 0.8006326726806163, "beta_enc": 0.5857592714582879}, "datetime": {"delta": 10.318499, "datetime": "2020-06-20 02:02:16", "elapsed": 264.534286}}
{"target": 10.220833333333333, "params": {"beta_rec": 0.8071051956187791, "gamma_cf": 0.8635418545594287, "cue_position": 4.0, "gamma_fc": 0.7471216427371846, "beta_enc": 0.23297427384102043}, "datetime": {"delta": 11.227881, "datetime": "2020-06-20 02:02:27", "elapsed": 275.762167}}
{"target": 7.016666666666667, "params": {"beta_rec": 0.13645522566068502, "gamma_cf": 0.12134345574073735, "cue_position": 4.0, "gamma_fc": 0.044551878544761725, "beta_enc": 0.5562402339904189}, "datetime": {"delta": 8.772506, "datetime": "2020-06-20 02:02:36", "elapsed": 284.534673}}
{"target": 9.741666666666667, "params": {"beta_rec": 0.2257093386078547, "gamma_cf": 0.5597169820541424, "cue_position": 4.0, "gamma_fc": 0.012555980159115854, "beta_enc": 0.1074941291060929}, "datetime": {"delta": 10.817922, "datetime": "2020-06-20 02:02:47", "elapsed": 295.352595}}
{"target": 7.341666666666667, "params": {"beta_rec": 0.967276330000272, "gamma_cf": 0.20329323466099047, "cue_position": 4.0, "gamma_fc": 0.2523257445703234, "beta_enc": 0.07197427968948678}, "datetime": {"delta": 9.028959, "datetime": "2020-06-20 02:02:56", "elapsed": 304.381554}}
{"target": 6.5625, "params": {"beta_rec": 0.1954294811093188, "gamma_cf": 0.9700199890883123, "cue_position": 4.0, "gamma_fc": 0.8468288014900353, "beta_enc": 0.7438258540750929}, "datetime": {"delta": 8.440231, "datetime": "2020-06-20 02:03:04", "elapsed": 312.821785}}
{"target": 10.279166666666667, "params": {"beta_rec": 0.49376971426872995, "gamma_cf": 0.8289808995501787, "cue_position": 4.0, "gamma_fc": 0.15679139464608427, "beta_enc": 0.23984775914758616}, "datetime": {"delta": 11.213704, "datetime": "2020-06-20 02:03:16", "elapsed": 324.035489}}
{"target": 10.395833333333334, "params": {"beta_rec": 0.07002214371922233, "gamma_cf": 0.6063294616533303, "cue_position": 4.0, "gamma_fc": 0.5688514370864813, "beta_enc": 0.018576202177409518}, "datetime": {"delta": 11.32538, "datetime": "2020-06-20 02:03:27", "elapsed": 335.360869}}
{"target": 9.841666666666667, "params": {"beta_rec": 0.9886161544124489, "gamma_cf": 0.3801411726235504, "cue_position": 4.0, "gamma_fc": 0.5509482191178968, "beta_enc": 0.31736240932216075}, "datetime": {"delta": 10.95909, "datetime": "2020-06-20 02:03:38", "elapsed": 346.319959}}
{"target": 7.3125, "params": {"beta_rec": 0.6692328934531846, "gamma_cf": 0.06633483442844157, "cue_position": 4.0, "gamma_fc": 0.3700841979141063, "beta_enc": 0.7453344309065021}, "datetime": {"delta": 9.005731, "datetime": "2020-06-20 02:03:47", "elapsed": 355.32569}}
{"target": 6.858333333333333, "params": {"beta_rec": 0.2101740099148396, "gamma_cf": 0.06653648135411494, "cue_position": 4.0, "gamma_fc": 0.26031509857854096, "beta_enc": 0.6297175070215645}, "datetime": {"delta": 8.668954, "datetime": "2020-06-20 02:03:55", "elapsed": 363.994644}}
{"target": 7.283333333333333, "params": {"beta_rec": 0.19343428262332774, "gamma_cf": 0.5246703091237337, "cue_position": 4.0, "gamma_fc": 0.9248079703993507, "beta_enc": 0.8047545637433454}, "datetime": {"delta": 9.012729, "datetime": "2020-06-20 02:04:04", "elapsed": 373.007373}}
{"target": 10.25, "params": {"beta_rec": 0.06596109068402378, "gamma_cf": 0.7721780295432468, "cue_position": 4.0, "gamma_fc": 0.907815852503524, "beta_enc": 0.263296770487111}, "datetime": {"delta": 11.18147, "datetime": "2020-06-20 02:04:16", "elapsed": 384.188843}}
{"target": 5.466666666666667, "params": {"beta_rec": 0.013951572975597015, "gamma_cf": 0.6167783570016576, "cue_position": 4.0, "gamma_fc": 0.9490163206876164, "beta_enc": 0.9319720691968373}, "datetime": {"delta": 7.596541, "datetime": "2020-06-20 02:04:23", "elapsed": 391.785384}}
{"target": 6.441666666666666, "params": {"beta_rec": 0.5566531881951564, "gamma_cf": 0.6415662089463375, "cue_position": 4.0, "gamma_fc": 0.39000771414124624, "beta_enc": 0.9501761192470797}, "datetime": {"delta": 8.350046, "datetime": "2020-06-20 02:04:32", "elapsed": 400.13543}}
{"target": 9.654166666666667, "params": {"beta_rec": 0.6043104829199732, "gamma_cf": 0.9261814267064536, "cue_position": 4.0, "gamma_fc": 0.9187334356336061, "beta_enc": 0.48599066709690975}, "datetime": {"delta": 10.760843, "datetime": "2020-06-20 02:04:42", "elapsed": 410.896273}}
{"target": 6.629166666666666, "params": {"beta_rec": 0.9632625284407118, "gamma_cf": 0.12632951943963733, "cue_position": 4.0, "gamma_fc": 0.13507915804673132, "beta_enc": 0.3948756129235549}, "datetime": {"delta": 8.468334, "datetime": "2020-06-20 02:04:51", "elapsed": 419.364607}}
{"target": 8.629166666666666, "params": {"beta_rec": 0.021524805274197978, "gamma_cf": 0.8271154711707325, "cue_position": 4.0, "gamma_fc": 0.015018980742122379, "beta_enc": 0.5056621656768967}, "datetime": {"delta": 9.988197, "datetime": "2020-06-20 02:05:01", "elapsed": 429.352804}}
{"target": 10.270833333333334, "params": {"beta_rec": 0.332063574366837, "gamma_cf": 0.8094906921265821, "cue_position": 4.0, "gamma_fc": 0.34473665268329345, "beta_enc": 0.17619625557505525}, "datetime": {"delta": 11.211827, "datetime": "2020-06-20 02:05:12", "elapsed": 440.564631}}
{"target": 5.295833333333333, "params": {"beta_rec": 0.58201417994708, "gamma_cf": 0.8447344453922219, "cue_position": 4.0, "gamma_fc": 0.9053923187086492, "beta_enc": 0.9401074823333672}, "datetime": {"delta": 7.487661, "datetime": "2020-06-20 02:05:20", "elapsed": 448.052292}}
{"target": 9.095833333333333, "params": {"beta_rec": 0.5463468160203733, "gamma_cf": 0.28571885173414757, "cue_position": 4.0, "gamma_fc": 0.4902535226199277, "beta_enc": 0.45988026581680697}, "datetime": {"delta": 10.373002, "datetime": "2020-06-20 02:05:30", "elapsed": 458.425294}}
{"target": 7.7375, "params": {"beta_rec": 0.015533275550835723, "gamma_cf": 0.4336763489894583, "cue_position": 4.0, "gamma_fc": 0.8073605288848414, "beta_enc": 0.5991103076458784}, "datetime": {"delta": 9.352391, "datetime": "2020-06-20 02:05:39", "elapsed": 467.777685}}
{"target": 9.9125, "params": {"beta_rec": 0.8928887085251513, "gamma_cf": 0.18401020162746506, "cue_position": 4.0, "gamma_fc": 0.7879292338255043, "beta_enc": 0.31524480309537295}, "datetime": {"delta": 10.915484, "datetime": "2020-06-20 02:05:50", "elapsed": 478.693169}}
{"target": 7.8, "params": {"beta_rec": 0.053909272073752956, "gamma_cf": 0.6790688365654296, "cue_position": 4.0, "gamma_fc": 0.9186017779775258, "beta_enc": 0.6120311770449339}, "datetime": {"delta": 9.302917, "datetime": "2020-06-20 02:05:59", "elapsed": 487.996086}}
{"target": 10.1875, "params": {"beta_rec": 0.9767591490310596, "gamma_cf": 0.9737835383583225, "cue_position": 4.0, "gamma_fc": 0.604716100974053, "beta_enc": 0.00040202489135743313}, "datetime": {"delta": 11.109033, "datetime": "2020-06-20 02:06:11", "elapsed": 499.105119}}
{"target": 7.954166666666667, "params": {"beta_rec": 0.5747115047081023, "gamma_cf": 0.28557628169569393, "cue_position": 4.0, "gamma_fc": 0.586833340656083, "beta_enc": 0.828845807980693}, "datetime": {"delta": 9.4209, "datetime": "2020-06-20 02:06:20", "elapsed": 508.526019}}
{"target": 7.341666666666667, "params": {"beta_rec": 0.8583138364290424, "gamma_cf": 0.698057248447303, "cue_position": 4.0, "gamma_fc": 0.8644794300545998, "beta_enc": 0.7500217637026599}, "datetime": {"delta": 8.981807, "datetime": "2020-06-20 02:06:29", "elapsed": 517.507826}}
{"target": 9.504166666666666, "params": {"beta_rec": 0.6707887907875872, "gamma_cf": 0.3821027520315172, "cue_position": 4.0, "gamma_fc": 0.4108113499221856, "beta_enc": 0.32268099683674645}, "datetime": {"delta": 10.575279, "datetime": "2020-06-20 02:06:40", "elapsed": 528.083105}}
{"target": 9.7125, "params": {"beta_rec": 0.3173839459582769, "gamma_cf": 0.43024727082126435, "cue_position": 4.0, "gamma_fc": 0.9738020779272523, "beta_enc": 0.4014795834695406}, "datetime": {"delta": 10.728114, "datetime": "2020-06-20 02:06:50", "elapsed": 538.811219}}
{"target": 8.195833333333333, "params": {"beta_rec": 0.19856988842711087, "gamma_cf": 0.343346239774423, "cue_position": 4.0, "gamma_fc": 0.7976388039585666, "beta_enc": 0.6778008914343111}, "datetime": {"delta": 9.611215, "datetime": "2020-06-20 02:07:00", "elapsed": 548.422434}}
{"target": 6.941666666666666, "params": {"beta_rec": 0.903841955826372, "gamma_cf": 0.2702082620297578, "cue_position": 4.0, "gamma_fc": 0.25236670150458973, "beta_enc": 0.8799982885634318}, "datetime": {"delta": 8.672452, "datetime": "2020-06-20 02:07:09", "elapsed": 557.094886}}
{"target": 7.108333333333333, "params": {"beta_rec": 0.5277146463087466, "gamma_cf": 0.5724885171916063, "cue_position": 4.0, "gamma_fc": 0.7331425252875111, "beta_enc": 0.8548979426974024}, "datetime": {"delta": 8.773854, "datetime": "2020-06-20 02:07:17", "elapsed": 565.86874}}
{"target": 9.4125, "params": {"beta_rec": 0.770883910501888, "gamma_cf": 0.4657098785919809, "cue_position": 4.0, "gamma_fc": 0.3426889079532818, "beta_enc": 0.5190116274640558}, "datetime": {"delta": 10.518135, "datetime": "2020-06-20 02:07:28", "elapsed": 576.386875}}
{"target": 10.3625, "params": {"beta_rec": 0.37792417932809985, "gamma_cf": 0.982817113730445, "cue_position": 4.0, "gamma_fc": 0.18161285133076377, "beta_enc": 0.06820934841670412}, "datetime": {"delta": 11.242298, "datetime": "2020-06-20 02:07:39", "elapsed": 587.629173}}
{"target": 8.345833333333333, "params": {"beta_rec": 0.8749616449558981, "gamma_cf": 0.5694944127453757, "cue_position": 4.0, "gamma_fc": 0.16097143681560877, "beta_enc": 0.8118586977205398}, "datetime": {"delta": 9.722676, "datetime": "2020-06-20 02:07:49", "elapsed": 597.351849}}
{"target": 9.658333333333333, "params": {"beta_rec": 0.345172051155215, "gamma_cf": 0.5925118687657968, "cue_position": 4.0, "gamma_fc": 0.31226983770191696, "beta_enc": 0.4668800227633063}, "datetime": {"delta": 10.697008, "datetime": "2020-06-20 02:08:00", "elapsed": 608.048857}}
{"target": 6.295833333333333, "params": {"beta_rec": 0.9096355249515571, "gamma_cf": 0.1108913007440292, "cue_position": 4.0, "gamma_fc": 0.19296273201911285, "beta_enc": 0.9163055534683507}, "datetime": {"delta": 8.200206, "datetime": "2020-06-20 02:08:08", "elapsed": 616.249063}}
{"target": 9.379166666666666, "params": {"beta_rec": 0.7285856679745962, "gamma_cf": 0.24803355837723073, "cue_position": 4.0, "gamma_fc": 0.851671874936367, "beta_enc": 0.49958417067888605}, "datetime": {"delta": 10.497707, "datetime": "2020-06-20 02:08:18", "elapsed": 626.74677}}
{"target": 8.283333333333333, "params": {"beta_rec": 0.6166850671552362, "gamma_cf": 0.10196725942579743, "cue_position": 4.0, "gamma_fc": 0.5158570169685298, "beta_enc": 0.41584871826752734}, "datetime": {"delta": 9.701294, "datetime": "2020-06-20 02:08:28", "elapsed": 636.448064}}
{"target": 9.125, "params": {"beta_rec": 0.15267164409316325, "gamma_cf": 0.5440101188139381, "cue_position": 4.0, "gamma_fc": 0.6541373469707443, "beta_enc": 0.47714098704978236}, "datetime": {"delta": 10.30696, "datetime": "2020-06-20 02:08:38", "elapsed": 646.755024}}
{"target": 10.408333333333333, "params": {"beta_rec": 0.7515278171352439, "gamma_cf": 0.519351824366033, "cue_position": 4.0, "gamma_fc": 0.7852960282216189, "beta_enc": 0.1445455401246598}, "datetime": {"delta": 11.272802, "datetime": "2020-06-20 02:08:50", "elapsed": 658.027826}}
{"target": 10.35, "params": {"beta_rec": 0.3243624597261865, "gamma_cf": 0.8447096076020696, "cue_position": 4.0, "gamma_fc": 0.5384405925945437, "beta_enc": 0.02233042799180618}, "datetime": {"delta": 11.231706, "datetime": "2020-06-20 02:09:01", "elapsed": 669.259532}}
{"target": 9.9, "params": {"beta_rec": 0.9498059913536265, "gamma_cf": 0.8541154438365387, "cue_position": 4.0, "gamma_fc": 0.09874340182034835, "beta_enc": 0.866608274166513}, "datetime": {"delta": 10.883183, "datetime": "2020-06-20 02:09:12", "elapsed": 680.142715}}
{"target": 9.775, "params": {"beta_rec": 0.703516988152653, "gamma_cf": 0.799615261736028, "cue_position": 4.0, "gamma_fc": 0.03457121987163425, "beta_enc": 0.651304332340991}, "datetime": {"delta": 10.784159, "datetime": "2020-06-20 02:09:22", "elapsed": 690.926874}}
{"target": 8.4375, "params": {"beta_rec": 0.731728600739527, "gamma_cf": 0.2570692988221467, "cue_position": 4.0, "gamma_fc": 0.6323033174301278, "beta_enc": 0.7702387345549799}, "datetime": {"delta": 9.816294, "datetime": "2020-06-20 02:09:32", "elapsed": 700.743168}}
{"target": 9.9625, "params": {"beta_rec": 0.7965886780072875, "gamma_cf": 0.7827494147841719, "cue_position": 4.0, "gamma_fc": 0.9904717836238407, "beta_enc": 0.34529746159108154}, "datetime": {"delta": 10.985267, "datetime": "2020-06-20 02:09:43", "elapsed": 711.728435}}
{"target": 10.070833333333333, "params": {"beta_rec": 0.14300582825809938, "gamma_cf": 0.5415593788873733, "cue_position": 4.0, "gamma_fc": 0.9747403708550822, "beta_enc": 0.30024833953390007}, "datetime": {"delta": 11.110347, "datetime": "2020-06-20 02:09:54", "elapsed": 722.838782}}
{"target": 8.604166666666666, "params": {"beta_rec": 0.9939130246104789, "gamma_cf": 0.5264259339055213, "cue_position": 4.0, "gamma_fc": 0.1354279030721699, "beta_enc": 0.6366044000018972}, "datetime": {"delta": 10.12923, "datetime": "2020-06-20 02:10:04", "elapsed": 732.968012}}
{"target": 9.6875, "params": {"beta_rec": 0.026218567296373285, "gamma_cf": 0.7456371927074961, "cue_position": 4.0, "gamma_fc": 0.03039968992878883, "beta_enc": 0.3557051709838811}, "datetime": {"delta": 10.773715, "datetime": "2020-06-20 02:10:15", "elapsed": 743.741727}}
{"target": 9.604166666666666, "params": {"beta_rec": 0.8623462528380441, "gamma_cf": 0.6909421420661686, "cue_position": 4.0, "gamma_fc": 0.18863680095531088, "beta_enc": 0.36654309724374434}, "datetime": {"delta": 10.698554, "datetime": "2020-06-20 02:10:26", "elapsed": 754.440281}}
{"target": 8.141666666666667, "params": {"beta_rec": 0.5815774073442912, "gamma_cf": 0.20390622523312185, "cue_position": 4.0, "gamma_fc": 0.24773290176235485, "beta_enc": 0.44190428074842336}, "datetime": {"delta": 9.606296, "datetime": "2020-06-20 02:10:36", "elapsed": 764.046577}}
{"target": 8.433333333333334, "params": {"beta_rec": 0.7501724132979928, "gamma_cf": 0.05692943841109499, "cue_position": 4.0, "gamma_fc": 0.5085162406102396, "beta_enc": 0.26217308377291193}, "datetime": {"delta": 9.814891, "datetime": "2020-06-20 02:10:45", "elapsed": 773.861468}}
