{"target": 10.9125, "params": {"beta_enc": 0.8938308015763308, "gamma_cf": 0.007786853972746255, "cue_position": 16.0, "beta_rec": 0.8368139569644826, "gamma_fc": 0.8752220022593884}, "datetime": {"elapsed": 30404.537518, "datetime": "2020-06-20 10:50:13", "delta": 72.827252}}
{"target": 10.983333333333333, "params": {"beta_enc": 0.9515420387652198, "gamma_cf": 0.005368297260273036, "cue_position": 16.0, "beta_rec": 0.9262130266416801, "gamma_fc": 0.8582224472373199}, "datetime": {"elapsed": 30477.457529, "datetime": "2020-06-20 10:51:26", "delta": 72.920011}}
{"target": 10.829166666666667, "params": {"beta_enc": 0.8931444855812544, "gamma_cf": 0.029682420150237476, "cue_position": 16.0, "beta_rec": 0.8471988456947573, "gamma_fc": 0.8831109447806846}, "datetime": {"elapsed": 30547.354802, "datetime": "2020-06-20 10:52:35", "delta": 69.897273}}
{"target": 10.133333333333333, "params": {"beta_enc": 0.2164321971129799, "gamma_cf": 0.48616849918464244, "cue_position": 16.0, "beta_rec": 0.433443921510505, "gamma_fc": 0.9698613424390529}, "datetime": {"elapsed": 30616.367349, "datetime": "2020-06-20 10:53:44", "delta": 69.012547}}
