{"target": 8.954166666666667, "params": {"beta_enc": 0.4276650996969642, "gamma_cf": 0.3734071317371953, "cue_position": 16.0, "beta_rec": 0.09944056291558923, "gamma_fc": 0.19384776750950716}, "datetime": {"elapsed": 6453.427599, "datetime": "2020-06-20 04:11:02", "delta": 29.557745}}
{"target": 7.183333333333334, "params": {"beta_enc": 0.8207464986229382, "gamma_cf": 0.4911099613042962, "cue_position": 16.0, "beta_rec": 0.5996360084237168, "gamma_fc": 0.08817368124218106}, "datetime": {"elapsed": 6479.099535, "datetime": "2020-06-20 04:11:27", "delta": 25.671936}}
{"target": 9.345833333333333, "params": {"beta_enc": 0.23507763668617032, "gamma_cf": 0.0254762357788203, "cue_position": 16.0, "beta_rec": 0.461602080891622, "gamma_fc": 0.7293976982561526}, "datetime": {"elapsed": 6509.66488, "datetime": "2020-06-20 04:11:58", "delta": 30.565345}}
{"target": 8.695833333333333, "params": {"beta_enc": 0.7249167472191191, "gamma_cf": 0.42844247595107343, "cue_position": 16.0, "beta_rec": 0.33039174636170277, "gamma_fc": 0.8646861447635343}, "datetime": {"elapsed": 6537.69427, "datetime": "2020-06-20 04:12:26", "delta": 28.02939}}
{"target": 9.445833333333333, "params": {"beta_enc": 0.6570654246228895, "gamma_cf": 0.5295466104783949, "cue_position": 16.0, "beta_rec": 0.5810356574180902, "gamma_fc": 0.8944324184275724}, "datetime": {"elapsed": 6566.089243, "datetime": "2020-06-20 04:12:54", "delta": 28.394973}}
{"target": 9.795833333333333, "params": {"beta_enc": 0.30499397583521604, "gamma_cf": 0.32984456268188234, "cue_position": 16.0, "beta_rec": 0.8709456091610533, "gamma_fc": 0.6830743663365642}, "datetime": {"elapsed": 6595.226801, "datetime": "2020-06-20 04:13:23", "delta": 29.137558}}
{"target": 7.141666666666667, "params": {"beta_enc": 0.8992209495659688, "gamma_cf": 0.1908393632684806, "cue_position": 16.0, "beta_rec": 0.07569688175830336, "gamma_fc": 0.8497689100179306}, "datetime": {"elapsed": 6618.907687, "datetime": "2020-06-20 04:13:47", "delta": 23.680886}}
{"target": 8.458333333333334, "params": {"beta_enc": 0.6671187886992039, "gamma_cf": 0.6353709614884534, "cue_position": 16.0, "beta_rec": 0.34433919545005387, "gamma_fc": 0.8477880437147416}, "datetime": {"elapsed": 6645.356549, "datetime": "2020-06-20 04:14:13", "delta": 26.448862}}
{"target": 7.741666666666666, "params": {"beta_enc": 0.8218493747640105, "gamma_cf": 0.5899231270757698, "cue_position": 16.0, "beta_rec": 0.6282395971306578, "gamma_fc": 0.1978327846479193}, "datetime": {"elapsed": 6670.33154, "datetime": "2020-06-20 04:14:38", "delta": 24.974991}}
{"target": 10.104166666666666, "params": {"beta_enc": 0.4293307226164923, "gamma_cf": 0.38023649611726473, "cue_position": 16.0, "beta_rec": 0.3367459987011673, "gamma_fc": 0.992700873664818}, "datetime": {"elapsed": 6700.209634, "datetime": "2020-06-20 04:15:08", "delta": 29.878094}}
{"target": 8.258333333333333, "params": {"beta_enc": 0.5188042507334142, "gamma_cf": 0.37030569377388767, "cue_position": 16.0, "beta_rec": 0.17227970147712546, "gamma_fc": 0.12341885981472989}, "datetime": {"elapsed": 6726.298745, "datetime": "2020-06-20 04:15:34", "delta": 26.089111}}
{"target": 7.275, "params": {"beta_enc": 0.6345187162918416, "gamma_cf": 0.9299556236533179, "cue_position": 16.0, "beta_rec": 0.4139198457294089, "gamma_fc": 0.14923603230975002}, "datetime": {"elapsed": 6750.348654, "datetime": "2020-06-20 04:15:58", "delta": 24.049909}}
{"target": 9.695833333333333, "params": {"beta_enc": 0.3948822625368005, "gamma_cf": 0.7803635232892685, "cue_position": 16.0, "beta_rec": 0.46157971096238615, "gamma_fc": 0.48719390907342375}, "datetime": {"elapsed": 6779.33694, "datetime": "2020-06-20 04:16:27", "delta": 28.988286}}
{"target": 9.329166666666667, "params": {"beta_enc": 0.4199935520102408, "gamma_cf": 0.022271511532804156, "cue_position": 16.0, "beta_rec": 0.26199970471933565, "gamma_fc": 0.8211218982189646}, "datetime": {"elapsed": 6807.572842, "datetime": "2020-06-20 04:16:56", "delta": 28.235902}}
{"target": 9.758333333333333, "params": {"beta_enc": 0.18846839966641848, "gamma_cf": 0.9742126278950913, "cue_position": 16.0, "beta_rec": 0.6857568991725472, "gamma_fc": 0.12277212944941995}, "datetime": {"elapsed": 6836.734077, "datetime": "2020-06-20 04:17:25", "delta": 29.161235}}
{"target": 6.495833333333334, "params": {"beta_enc": 0.18756989261723955, "gamma_cf": 0.3092463846587796, "cue_position": 16.0, "beta_rec": 0.8894424754644789, "gamma_fc": 0.0007643854781880233}, "datetime": {"elapsed": 6859.293876, "datetime": "2020-06-20 04:17:47", "delta": 22.559799}}
{"target": 10.291666666666666, "params": {"beta_enc": 0.22759773832225305, "gamma_cf": 0.8963225568040046, "cue_position": 16.0, "beta_rec": 0.1454036341712357, "gamma_fc": 0.8730943782696405}, "datetime": {"elapsed": 6889.733663, "datetime": "2020-06-20 04:18:18", "delta": 30.439787}}
{"target": 8.2, "params": {"beta_enc": 0.7002894376334498, "gamma_cf": 0.49582639708521237, "cue_position": 16.0, "beta_rec": 0.47049767615220905, "gamma_fc": 0.36348868328490525}, "datetime": {"elapsed": 6915.839201, "datetime": "2020-06-20 04:18:44", "delta": 26.105538}}
{"target": 9.404166666666667, "params": {"beta_enc": 0.27560310276085875, "gamma_cf": 0.49288087343132025, "cue_position": 16.0, "beta_rec": 0.9247408135383717, "gamma_fc": 0.2544381023144221}, "datetime": {"elapsed": 6944.417667, "datetime": "2020-06-20 04:19:13", "delta": 28.578466}}
{"target": 6.983333333333333, "params": {"beta_enc": 0.8849665188380633, "gamma_cf": 0.7175949621947544, "cue_position": 16.0, "beta_rec": 0.38326345680528673, "gamma_fc": 0.19086994317230743}, "datetime": {"elapsed": 6967.948878, "datetime": "2020-06-20 04:19:36", "delta": 23.531211}}
{"target": 9.541666666666666, "params": {"beta_enc": 0.11819262934703845, "gamma_cf": 0.5905205476471171, "cue_position": 16.0, "beta_rec": 0.8369977822135122, "gamma_fc": 0.24289157496487068}, "datetime": {"elapsed": 6996.808915, "datetime": "2020-06-20 04:20:05", "delta": 28.860037}}
{"target": 9.858333333333333, "params": {"beta_enc": 0.6232471451875841, "gamma_cf": 0.06748934306754228, "cue_position": 16.0, "beta_rec": 0.638355320741173, "gamma_fc": 0.8805385975643267}, "datetime": {"elapsed": 7026.390714, "datetime": "2020-06-20 04:20:34", "delta": 29.581799}}
{"target": 9.354166666666666, "params": {"beta_enc": 0.4599567310742584, "gamma_cf": 0.5913871822675169, "cue_position": 16.0, "beta_rec": 0.7638727180664299, "gamma_fc": 0.4287951603487977}, "datetime": {"elapsed": 7054.965411, "datetime": "2020-06-20 04:21:03", "delta": 28.574697}}
{"target": 9.070833333333333, "params": {"beta_enc": 0.38210064254913956, "gamma_cf": 0.07934158295831895, "cue_position": 16.0, "beta_rec": 0.12671338384692277, "gamma_fc": 0.3028583047175786}, "datetime": {"elapsed": 7083.00098, "datetime": "2020-06-20 04:21:31", "delta": 28.035569}}
{"target": 9.595833333333333, "params": {"beta_enc": 0.7417048002315554, "gamma_cf": 0.00838307952503159, "cue_position": 16.0, "beta_rec": 0.6150157249710488, "gamma_fc": 0.6783769722513199}, "datetime": {"elapsed": 7112.048267, "datetime": "2020-06-20 04:22:00", "delta": 29.047287}}
{"target": 9.520833333333334, "params": {"beta_enc": 0.503180690542887, "gamma_cf": 0.18498296555082983, "cue_position": 16.0, "beta_rec": 0.23090845048417918, "gamma_fc": 0.8442600050750985}, "datetime": {"elapsed": 7140.964493, "datetime": "2020-06-20 04:22:29", "delta": 28.916226}}
{"target": 5.795833333333333, "params": {"beta_enc": 0.9825897893050853, "gamma_cf": 0.7802245796913637, "cue_position": 16.0, "beta_rec": 0.9137396248416316, "gamma_fc": 0.5464545907014307}, "datetime": {"elapsed": 7161.987392, "datetime": "2020-06-20 04:22:50", "delta": 21.022899}}
{"target": 7.320833333333334, "params": {"beta_enc": 0.8164423975559377, "gamma_cf": 0.7872634475242615, "cue_position": 16.0, "beta_rec": 0.48372695118890585, "gamma_fc": 0.10023464310313235}, "datetime": {"elapsed": 7186.158446, "datetime": "2020-06-20 04:23:14", "delta": 24.171054}}
{"target": 8.195833333333333, "params": {"beta_enc": 0.5370071168405407, "gamma_cf": 0.9588025156370005, "cue_position": 16.0, "beta_rec": 0.36598334666965426, "gamma_fc": 0.39282294499696246}, "datetime": {"elapsed": 7212.248668, "datetime": "2020-06-20 04:23:40", "delta": 26.090222}}
{"target": 9.933333333333334, "params": {"beta_enc": 0.39297299794161644, "gamma_cf": 0.3938840078553765, "cue_position": 16.0, "beta_rec": 0.7906369935895988, "gamma_fc": 0.6889550482302514}, "datetime": {"elapsed": 7241.936165, "datetime": "2020-06-20 04:24:10", "delta": 29.687497}}
{"target": 8.841666666666667, "params": {"beta_enc": 0.404001609054379, "gamma_cf": 0.3344193926972726, "cue_position": 16.0, "beta_rec": 0.1361131542481221, "gamma_fc": 0.2179689300611679}, "datetime": {"elapsed": 7269.32155, "datetime": "2020-06-20 04:24:37", "delta": 27.385385}}
{"target": 6.8, "params": {"beta_enc": 0.9257748016364399, "gamma_cf": 0.746657472123005, "cue_position": 16.0, "beta_rec": 0.6896393990795577, "gamma_fc": 0.5419710617714415}, "datetime": {"elapsed": 7292.46614, "datetime": "2020-06-20 04:25:01", "delta": 23.14459}}
{"target": 7.783333333333333, "params": {"beta_enc": 0.7005330726195026, "gamma_cf": 0.1674418575065213, "cue_position": 16.0, "beta_rec": 0.9305598192498451, "gamma_fc": 0.2631390239238742}, "datetime": {"elapsed": 7317.560086, "datetime": "2020-06-20 04:25:26", "delta": 25.093946}}
{"target": 8.8375, "params": {"beta_enc": 0.07161027944180454, "gamma_cf": 0.6605983559285987, "cue_position": 16.0, "beta_rec": 0.978672805158347, "gamma_fc": 0.089630698927462}, "datetime": {"elapsed": 7344.834643, "datetime": "2020-06-20 04:25:53", "delta": 27.274557}}
{"target": 9.854166666666666, "params": {"beta_enc": 0.21077094208701874, "gamma_cf": 0.38887340269472437, "cue_position": 16.0, "beta_rec": 0.5028243835184045, "gamma_fc": 0.5379877201396809}, "datetime": {"elapsed": 7374.199033, "datetime": "2020-06-20 04:26:22", "delta": 29.36439}}
{"target": 9.875, "params": {"beta_enc": 0.33920418488509996, "gamma_cf": 0.3906104987369058, "cue_position": 16.0, "beta_rec": 0.5559002111265755, "gamma_fc": 0.6962700831011029}, "datetime": {"elapsed": 7403.633915, "datetime": "2020-06-20 04:26:52", "delta": 29.434882}}
{"target": 9.208333333333334, "params": {"beta_enc": 0.6784824539979241, "gamma_cf": 0.3580799140129358, "cue_position": 16.0, "beta_rec": 0.6873031493743899, "gamma_fc": 0.6131123353670123}, "datetime": {"elapsed": 7431.741803, "datetime": "2020-06-20 04:27:20", "delta": 28.107888}}
{"target": 7.9375, "params": {"beta_enc": 0.9357362666081998, "gamma_cf": 0.4410066204088712, "cue_position": 16.0, "beta_rec": 0.5968885249459731, "gamma_fc": 0.7396119625075467}, "datetime": {"elapsed": 7457.205114, "datetime": "2020-06-20 04:27:45", "delta": 25.463311}}
{"target": 5.420833333333333, "params": {"beta_enc": 0.03760387864960013, "gamma_cf": 0.0053165329611032375, "cue_position": 16.0, "beta_rec": 0.7647266390004861, "gamma_fc": 0.2772001047825985}, "datetime": {"elapsed": 7477.457773, "datetime": "2020-06-20 04:28:06", "delta": 20.252659}}
{"target": 9.795833333333333, "params": {"beta_enc": 0.5348322325198115, "gamma_cf": 0.5490534438505197, "cue_position": 16.0, "beta_rec": 0.7679628782813116, "gamma_fc": 0.800994555798356}, "datetime": {"elapsed": 7506.703822, "datetime": "2020-06-20 04:28:35", "delta": 29.246049}}
{"target": 9.741666666666667, "params": {"beta_enc": 0.6495830548784789, "gamma_cf": 0.2768064626005866, "cue_position": 16.0, "beta_rec": 0.9314470149929107, "gamma_fc": 0.9192375042561725}, "datetime": {"elapsed": 7535.83732, "datetime": "2020-06-20 04:29:04", "delta": 29.133498}}
{"target": 6.695833333333334, "params": {"beta_enc": 0.7650051482981429, "gamma_cf": 0.896043491575002, "cue_position": 16.0, "beta_rec": 0.5997403444720987, "gamma_fc": 0.9727203528528249}, "datetime": {"elapsed": 7558.686947, "datetime": "2020-06-20 04:29:27", "delta": 22.849627}}
{"target": 4.495833333333334, "params": {"beta_enc": 0.9985205070898059, "gamma_cf": 0.07346665436012334, "cue_position": 16.0, "beta_rec": 0.13964933368410348, "gamma_fc": 0.01474379089994693}, "datetime": {"elapsed": 7577.369948, "datetime": "2020-06-20 04:29:45", "delta": 18.683001}}
{"target": 6.2125, "params": {"beta_enc": 0.971820072977926, "gamma_cf": 0.6851729969076996, "cue_position": 16.0, "beta_rec": 0.09476691645722912, "gamma_fc": 0.4875571674829181}, "datetime": {"elapsed": 7600.969346, "datetime": "2020-06-20 04:30:09", "delta": 23.599398}}
{"target": 9.7875, "params": {"beta_enc": 0.3466948813585782, "gamma_cf": 0.9110179736986265, "cue_position": 16.0, "beta_rec": 0.35364778706700506, "gamma_fc": 0.725642545494869}, "datetime": {"elapsed": 7632.485907, "datetime": "2020-06-20 04:30:41", "delta": 31.516561}}
{"target": 9.775, "params": {"beta_enc": 0.025925792784269874, "gamma_cf": 0.02896618617789848, "cue_position": 16.0, "beta_rec": 0.46152125324711457, "gamma_fc": 0.8846818943092944}, "datetime": {"elapsed": 7664.000807, "datetime": "2020-06-20 04:31:12", "delta": 31.5149}}
{"target": 7.791666666666667, "params": {"beta_enc": 0.7710053579546823, "gamma_cf": 0.3246383222029966, "cue_position": 16.0, "beta_rec": 0.32973507924426093, "gamma_fc": 0.30788244381764673}, "datetime": {"elapsed": 7691.101846, "datetime": "2020-06-20 04:31:39", "delta": 27.101039}}
{"target": 4.6375, "params": {"beta_enc": 0.9281090785007262, "gamma_cf": 0.951935167567925, "cue_position": 16.0, "beta_rec": 0.9769161619458502, "gamma_fc": 0.8879964939264646}, "datetime": {"elapsed": 7711.141186, "datetime": "2020-06-20 04:31:59", "delta": 20.03934}}
{"target": 9.441666666666666, "params": {"beta_enc": 0.5180325615944087, "gamma_cf": 0.455643424642054, "cue_position": 16.0, "beta_rec": 0.3727488020974856, "gamma_fc": 0.6052128951232129}, "datetime": {"elapsed": 7741.712914, "datetime": "2020-06-20 04:32:30", "delta": 30.571728}}
{"target": 5.75, "params": {"beta_enc": 0.9904061968899467, "gamma_cf": 0.08899822082237796, "cue_position": 16.0, "beta_rec": 0.7739162499564685, "gamma_fc": 0.18490559027840836}, "datetime": {"elapsed": 7764.086485, "datetime": "2020-06-20 04:32:52", "delta": 22.373571}}
{"target": 7.545833333333333, "params": {"beta_enc": 0.5268518758918344, "gamma_cf": 0.9332023381866817, "cue_position": 16.0, "beta_rec": 0.417102418106858, "gamma_fc": 0.17786474795134855}, "datetime": {"elapsed": 7790.460669, "datetime": "2020-06-20 04:33:19", "delta": 26.374184}}
{"target": 5.583333333333333, "params": {"beta_enc": 0.8600667708762162, "gamma_cf": 0.037862587720430496, "cue_position": 16.0, "beta_rec": 0.9573949263266688, "gamma_fc": 0.05758350560817371}, "datetime": {"elapsed": 7812.459481, "datetime": "2020-06-20 04:33:41", "delta": 21.998812}}
{"target": 8.795833333333333, "params": {"beta_enc": 0.005797392917688993, "gamma_cf": 0.29386248547054417, "cue_position": 16.0, "beta_rec": 0.3126811561554764, "gamma_fc": 0.3560164860311865}, "datetime": {"elapsed": 7841.518955, "datetime": "2020-06-20 04:34:10", "delta": 29.059474}}
{"target": 7.116666666666666, "params": {"beta_enc": 0.9536770184739218, "gamma_cf": 0.5030051950509548, "cue_position": 16.0, "beta_rec": 0.47695092248677795, "gamma_fc": 0.6433579246491355}, "datetime": {"elapsed": 7866.917394, "datetime": "2020-06-20 04:34:35", "delta": 25.398439}}
{"target": 10.4875, "params": {"beta_enc": 0.111245672567435, "gamma_cf": 0.8442498595694283, "cue_position": 16.0, "beta_rec": 0.7580616581331086, "gamma_fc": 0.8905068324120895}, "datetime": {"elapsed": 7899.588525, "datetime": "2020-06-20 04:35:08", "delta": 32.671131}}
{"target": 10.025, "params": {"beta_enc": 0.38184239675576115, "gamma_cf": 0.22580692243123512, "cue_position": 16.0, "beta_rec": 0.44380519836651855, "gamma_fc": 0.971320469273211}, "datetime": {"elapsed": 7931.218184, "datetime": "2020-06-20 04:35:39", "delta": 31.629659}}
{"target": 9.441666666666666, "params": {"beta_enc": 0.28462396896873543, "gamma_cf": 0.9225044972603934, "cue_position": 16.0, "beta_rec": 0.9073961422409973, "gamma_fc": 0.15614956444079475}, "datetime": {"elapsed": 7961.390078, "datetime": "2020-06-20 04:36:09", "delta": 30.171894}}
{"target": 6.7, "params": {"beta_enc": 0.8797221435013809, "gamma_cf": 0.3451159147800812, "cue_position": 16.0, "beta_rec": 0.6319949504631371, "gamma_fc": 0.1599187885892832}, "datetime": {"elapsed": 7985.563052, "datetime": "2020-06-20 04:36:34", "delta": 24.172974}}
{"target": 9.270833333333334, "params": {"beta_enc": 0.4443481574461272, "gamma_cf": 0.19719634646666928, "cue_position": 16.0, "beta_rec": 0.08377495384546052, "gamma_fc": 0.6910273415567042}, "datetime": {"elapsed": 8015.524737, "datetime": "2020-06-20 04:37:04", "delta": 29.961685}}
{"target": 8.083333333333334, "params": {"beta_enc": 0.573802869165353, "gamma_cf": 0.6296079567189131, "cue_position": 16.0, "beta_rec": 0.8733231340367321, "gamma_fc": 0.034431265307095615}, "datetime": {"elapsed": 8042.101274, "datetime": "2020-06-20 04:37:30", "delta": 26.576537}}
{"target": 6.9, "params": {"beta_enc": 0.516198461077069, "gamma_cf": 0.009872975358918512, "cue_position": 16.0, "beta_rec": 0.8632264817138495, "gamma_fc": 0.2528414820768151}, "datetime": {"elapsed": 8067.016544, "datetime": "2020-06-20 04:37:55", "delta": 24.91527}}
{"target": 10.1375, "params": {"beta_enc": 0.22384967032752534, "gamma_cf": 0.49019531224423174, "cue_position": 16.0, "beta_rec": 0.047537594227760493, "gamma_fc": 0.04548214567029407}, "datetime": {"elapsed": 8099.255076, "datetime": "2020-06-20 04:38:27", "delta": 32.238532}}
{"target": 9.195833333333333, "params": {"beta_enc": 0.278328130846902, "gamma_cf": 0.26965470115905144, "cue_position": 16.0, "beta_rec": 0.6399745691089123, "gamma_fc": 0.5905465222435671}, "datetime": {"elapsed": 8129.426077, "datetime": "2020-06-20 04:38:58", "delta": 30.171001}}
{"target": 9.525, "params": {"beta_enc": 0.38053407720964005, "gamma_cf": 0.6332092658064775, "cue_position": 16.0, "beta_rec": 0.7025230339614009, "gamma_fc": 0.3533943470016294}, "datetime": {"elapsed": 8160.23081, "datetime": "2020-06-20 04:39:28", "delta": 30.804733}}
{"target": 10.291666666666666, "params": {"beta_enc": 0.28704394615550866, "gamma_cf": 0.8048358460157946, "cue_position": 16.0, "beta_rec": 0.13320711375110195, "gamma_fc": 0.9380285431563524}, "datetime": {"elapsed": 8192.581035, "datetime": "2020-06-20 04:40:01", "delta": 32.350225}}
{"target": 8.791666666666666, "params": {"beta_enc": 0.1853805246478023, "gamma_cf": 0.2835445136036545, "cue_position": 16.0, "beta_rec": 0.9331557628232255, "gamma_fc": 0.27463424842386297}, "datetime": {"elapsed": 8221.496847, "datetime": "2020-06-20 04:40:30", "delta": 28.915812}}
{"target": 9.758333333333333, "params": {"beta_enc": 0.5514315736733725, "gamma_cf": 0.1853176459376844, "cue_position": 16.0, "beta_rec": 0.18528923936855235, "gamma_fc": 0.9473759179539593}, "datetime": {"elapsed": 8252.591979, "datetime": "2020-06-20 04:41:01", "delta": 31.095132}}
{"target": 9.829166666666667, "params": {"beta_enc": 0.4938246574910856, "gamma_cf": 0.4843157730323856, "cue_position": 16.0, "beta_rec": 0.9639177674239978, "gamma_fc": 0.9676952459611975}, "datetime": {"elapsed": 8284.012692, "datetime": "2020-06-20 04:41:32", "delta": 31.420713}}
{"target": 8.0625, "params": {"beta_enc": 0.14318978170876284, "gamma_cf": 0.43383982715272595, "cue_position": 16.0, "beta_rec": 0.6323298746664966, "gamma_fc": 0.05935722533895749}, "datetime": {"elapsed": 8311.352861, "datetime": "2020-06-20 04:41:59", "delta": 27.340169}}
{"target": 8.975, "params": {"beta_enc": 0.4927226011660333, "gamma_cf": 0.25666098995297626, "cue_position": 16.0, "beta_rec": 0.46513394351807746, "gamma_fc": 0.3914303629842686}, "datetime": {"elapsed": 8340.60855, "datetime": "2020-06-20 04:42:29", "delta": 29.255689}}
{"target": 9.495833333333334, "params": {"beta_enc": 0.24017220722137722, "gamma_cf": 0.1774295368682619, "cue_position": 16.0, "beta_rec": 0.6864434151723641, "gamma_fc": 0.8214467402262973}, "datetime": {"elapsed": 8370.983949, "datetime": "2020-06-20 04:42:59", "delta": 30.375399}}
{"target": 9.929166666666667, "params": {"beta_enc": 0.2309885592816333, "gamma_cf": 0.9351531155423887, "cue_position": 16.0, "beta_rec": 0.05797581337276703, "gamma_fc": 0.8885421033562281}, "datetime": {"elapsed": 8402.312157, "datetime": "2020-06-20 04:43:30", "delta": 31.328208}}
{"target": 9.616666666666667, "params": {"beta_enc": 0.28926049548291, "gamma_cf": 0.4346547940716735, "cue_position": 16.0, "beta_rec": 0.9477640661016069, "gamma_fc": 0.4680495548664728}, "datetime": {"elapsed": 8432.861964, "datetime": "2020-06-20 04:44:01", "delta": 30.549807}}
{"target": 7.525, "params": {"beta_enc": 0.6298530215834227, "gamma_cf": 0.26551201747238584, "cue_position": 16.0, "beta_rec": 0.15803183496381268, "gamma_fc": 0.015443631942760883}, "datetime": {"elapsed": 8458.979448, "datetime": "2020-06-20 04:44:27", "delta": 26.117484}}
{"target": 7.625, "params": {"beta_enc": 0.6744988441622575, "gamma_cf": 0.7802023371197586, "cue_position": 16.0, "beta_rec": 0.5514688358127765, "gamma_fc": 0.14578543121477705}, "datetime": {"elapsed": 8485.175622, "datetime": "2020-06-20 04:44:53", "delta": 26.196174}}
{"target": 9.620833333333334, "params": {"beta_enc": 0.2448806387618836, "gamma_cf": 0.08793868377060332, "cue_position": 16.0, "beta_rec": 0.2923137620392837, "gamma_fc": 0.8699761802716075}, "datetime": {"elapsed": 8515.922532, "datetime": "2020-06-20 04:45:24", "delta": 30.74691}}
{"target": 7.733333333333333, "params": {"beta_enc": 0.08818864557151007, "gamma_cf": 0.010699003144174157, "cue_position": 16.0, "beta_rec": 0.6837103358216379, "gamma_fc": 0.5572682300749138}, "datetime": {"elapsed": 8542.507121, "datetime": "2020-06-20 04:45:51", "delta": 26.584589}}
