{"target": 6.379111111111111, "params": {"k": 5.0, "beta_rec": 0.7203244934421581, "gamma_fc": 0.14675589081711304, "cue_position": 0.0, "enc_rate": 0.8, "beta_enc": 0.417022004702574}, "datetime": {"elapsed": 0.0, "datetime": "2020-11-23 14:41:50", "delta": 0.0}}
{"target": 6.281555555555556, "params": {"k": 5.0, "beta_rec": 0.34556072704304774, "gamma_fc": 0.4191945144032948, "cue_position": 0.0, "enc_rate": 0.8, "beta_enc": 0.1862602113776709}, "datetime": {"elapsed": 19.391724, "datetime": "2020-11-23 14:42:09", "delta": 19.391724}}
{"target": 6.287333333333334, "params": {"k": 5.0, "beta_rec": 0.8781174363909454, "gamma_fc": 0.41730480236712697, "cue_position": 0.0, "enc_rate": 0.8, "beta_enc": 0.20445224973151743}, "datetime": {"elapsed": 38.733297, "datetime": "2020-11-23 14:42:29", "delta": 19.341573}}
{"target": 6.251111111111111, "params": {"k": 5.0, "beta_rec": 0.1981014890848788, "gamma_fc": 0.31342417815924284, "cue_position": 0.0, "enc_rate": 0.8, "beta_enc": 0.14038693859523377}, "datetime": {"elapsed": 57.95987, "datetime": "2020-11-23 14:42:48", "delta": 19.226573}}
{"target": 6.823777777777778, "params": {"k": 5.0, "beta_rec": 0.8946066635038473, "gamma_fc": 0.1698304195645689, "cue_position": 0.0, "enc_rate": 0.8, "beta_enc": 0.8763891522960383}, "datetime": {"elapsed": 78.137964, "datetime": "2020-11-23 14:43:08", "delta": 20.178094}}
{"target": 6.244666666666666, "params": {"k": 5.0, "beta_rec": 0.42110762500505217, "gamma_fc": 0.6918771139504734, "cue_position": 0.0, "enc_rate": 0.8, "beta_enc": 0.0983468338330501}, "datetime": {"elapsed": 97.554576, "datetime": "2020-11-23 14:43:28", "delta": 19.416612}}
{"target": 5.556444444444445, "params": {"k": 5.0, "beta_rec": 0.8346256718973729, "gamma_fc": 0.9888610889064947, "cue_position": 0.0, "enc_rate": 0.8, "beta_enc": 0.6865009276815837}, "datetime": {"elapsed": 115.61263, "datetime": "2020-11-23 14:43:46", "delta": 18.058054}}
{"target": 6.196666666666667, "params": {"k": 5.0, "beta_rec": 0.7892793284514885, "gamma_fc": 0.9085955030930956, "cue_position": 0.0, "enc_rate": 0.8, "beta_enc": 0.2804439920644052}, "datetime": {"elapsed": 134.881518, "datetime": "2020-11-23 14:44:05", "delta": 19.268888}}
{"target": 6.2651111111111115, "params": {"k": 5.0, "beta_rec": 0.13002857211827767, "gamma_fc": 0.21162811600005904, "cue_position": 0.0, "enc_rate": 0.8, "beta_enc": 0.28777533858634874}, "datetime": {"elapsed": 154.250408, "datetime": "2020-11-23 14:44:24", "delta": 19.36889}}
{"target": 5.664, "params": {"k": 5.0, "beta_rec": 0.053362545117080384, "gamma_fc": 0.5893055369032842, "cue_position": 0.0, "enc_rate": 0.8, "beta_enc": 0.4915731592803383}, "datetime": {"elapsed": 172.602674, "datetime": "2020-11-23 14:44:43", "delta": 18.352266}}
{"target": 6.3213333333333335, "params": {"k": 5.0, "beta_rec": 0.4140559878195683, "gamma_fc": 0.04995345894608716, "cue_position": 0.0, "enc_rate": 0.8, "beta_enc": 0.10233442882782584}, "datetime": {"elapsed": 192.055645, "datetime": "2020-11-23 14:45:02", "delta": 19.452971}}
{"target": 5.471555555555556, "params": {"k": 5.0, "beta_rec": 0.5148891120583086, "gamma_fc": 0.9034019152878835, "cue_position": 0.0, "enc_rate": 0.8, "beta_enc": 0.6637946452197888}, "datetime": {"elapsed": 210.082295, "datetime": "2020-11-23 14:45:20", "delta": 18.02665}}
{"target": 6.252222222222222, "params": {"k": 5.0, "beta_rec": 0.8073912887095238, "gamma_fc": 0.9275085803960339, "cue_position": 0.0, "enc_rate": 0.8, "beta_enc": 0.13927634725075855}, "datetime": {"elapsed": 229.586321, "datetime": "2020-11-23 14:45:40", "delta": 19.504026}}
{"target": 5.447777777777778, "params": {"k": 5.0, "beta_rec": 0.7259979853504515, "gamma_fc": 0.7509424340273372, "cue_position": 0.0, "enc_rate": 0.8, "beta_enc": 0.7508121031361555}, "datetime": {"elapsed": 247.757408, "datetime": "2020-11-23 14:45:58", "delta": 18.171087}}
{"target": 6.239111111111111, "params": {"k": 5.0, "beta_rec": 0.8958862181960668, "gamma_fc": 0.6634414978184481, "cue_position": 0.0, "enc_rate": 0.8, "beta_enc": 0.2699278917650261}, "datetime": {"elapsed": 267.257047, "datetime": "2020-11-23 14:46:17", "delta": 19.499639}}
{"target": 6.315555555555555, "params": {"k": 5.0, "beta_rec": 0.9494892587070712, "gamma_fc": 0.40813680276128117, "cue_position": 0.0, "enc_rate": 0.8, "beta_enc": 0.11474597295337519}, "datetime": {"elapsed": 286.815285, "datetime": "2020-11-23 14:46:37", "delta": 19.558238}}
{"target": 4.924666666666667, "params": {"k": 5.0, "beta_rec": 0.5736794866722859, "gamma_fc": 0.32664490177209615, "cue_position": 0.0, "enc_rate": 0.8, "beta_enc": 0.9033795205622538}, "datetime": {"elapsed": 303.915029, "datetime": "2020-11-23 14:46:54", "delta": 17.099744}}
{"target": 4.688444444444444, "params": {"k": 5.0, "beta_rec": 0.35726976000249977, "gamma_fc": 0.015821242846556283, "cue_position": 0.0, "enc_rate": 0.8, "beta_enc": 0.8859420993107745}, "datetime": {"elapsed": 320.613531, "datetime": "2020-11-23 14:47:11", "delta": 16.698502}}
{"target": 5.722888888888889, "params": {"k": 5.0, "beta_rec": 0.9973228504514805, "gamma_fc": 0.9325954630371636, "cue_position": 0.0, "enc_rate": 0.8, "beta_enc": 0.690896917516924}, "datetime": {"elapsed": 339.156697, "datetime": "2020-11-23 14:47:29", "delta": 18.543166}}
{"target": 6.233555555555556, "params": {"k": 5.0, "beta_rec": 0.7554630526024664, "gamma_fc": 0.7115247586284718, "cue_position": 0.0, "enc_rate": 0.8, "beta_enc": 0.06600017272206249}, "datetime": {"elapsed": 358.521401, "datetime": "2020-11-23 14:47:49", "delta": 19.364704}}
{"target": 6.261333333333332, "params": {"k": 5.0, "beta_rec": 0.026210986877719278, "gamma_fc": 0.860027948682888, "cue_position": 0.0, "enc_rate": 0.8, "beta_enc": 0.01988013383979559}, "datetime": {"elapsed": 377.981555, "datetime": "2020-11-23 14:48:08", "delta": 19.460154}}
{"target": 6.195555555555555, "params": {"k": 5.0, "beta_rec": 0.8420308923596057, "gamma_fc": 0.5857592714582879, "cue_position": 0.0, "enc_rate": 0.8, "beta_enc": 0.5528219786857659}, "datetime": {"elapsed": 397.170393, "datetime": "2020-11-23 14:48:27", "delta": 19.188838}}
{"target": 5.231333333333334, "params": {"k": 5.0, "beta_rec": 0.01864728937294302, "gamma_fc": 0.8071051956187791, "cue_position": 0.0, "enc_rate": 0.8, "beta_enc": 0.56103021925571}, "datetime": {"elapsed": 415.072282, "datetime": "2020-11-23 14:48:45", "delta": 17.901889}}
{"target": 6.495111111111112, "params": {"k": 5.0, "beta_rec": 0.7471216427371846, "gamma_fc": 0.05991768951221166, "cue_position": 0.0, "enc_rate": 0.8, "beta_enc": 0.8635418545594287}, "datetime": {"elapsed": 434.772474, "datetime": "2020-11-23 14:49:05", "delta": 19.700192}}
{"target": 6.316666666666666, "params": {"k": 5.0, "beta_rec": 0.1074941291060929, "gamma_fc": 0.5597169820541424, "cue_position": 0.0, "enc_rate": 0.8, "beta_enc": 0.044551878544761725}, "datetime": {"elapsed": 454.403828, "datetime": "2020-11-23 14:49:24", "delta": 19.631354}}
{"target": 6.570666666666666, "params": {"k": 5.0, "beta_rec": 0.967276330000272, "gamma_fc": 0.2523257445703234, "cue_position": 0.0, "enc_rate": 0.8, "beta_enc": 0.07197427968948678}, "datetime": {"elapsed": 474.393224, "datetime": "2020-11-23 14:49:44", "delta": 19.989396}}
{"target": 6.32, "params": {"k": 5.0, "beta_rec": 0.5813589272732578, "gamma_fc": 0.23984775914758616, "cue_position": 0.0, "enc_rate": 0.8, "beta_enc": 0.1954294811093188}, "datetime": {"elapsed": 493.927206, "datetime": "2020-11-23 14:50:04", "delta": 19.533982}}
{"target": 6.759111111111112, "params": {"k": 5.0, "beta_rec": 0.8289808995501787, "gamma_fc": 0.07002214371922233, "cue_position": 0.0, "enc_rate": 0.8, "beta_enc": 0.6199557183813798}, "datetime": {"elapsed": 514.048781, "datetime": "2020-11-23 14:50:24", "delta": 20.121575}}
{"target": 6.105111111111111, "params": {"k": 5.0, "beta_rec": 0.5688514370864813, "gamma_fc": 0.5797452192457969, "cue_position": 0.0, "enc_rate": 0.8, "beta_enc": 0.6063294616533303}, "datetime": {"elapsed": 533.213203, "datetime": "2020-11-23 14:50:43", "delta": 19.164422}}
{"target": 6.663777777777777, "params": {"k": 5.0, "beta_rec": 0.7453344309065021, "gamma_fc": 0.06633483442844157, "cue_position": 0.0, "enc_rate": 0.8, "beta_enc": 0.5509482191178968}, "datetime": {"elapsed": 553.17973, "datetime": "2020-11-23 14:51:03", "delta": 19.966527}}
{"target": 5.621333333333334, "params": {"k": 5.0, "beta_rec": 0.2101740099148396, "gamma_fc": 0.26031509857854096, "cue_position": 0.0, "enc_rate": 0.8, "beta_enc": 0.6297175070215645}, "datetime": {"elapsed": 571.479353, "datetime": "2020-11-23 14:51:22", "delta": 18.299623}}
{"target": 6.333111111111111, "params": {"k": 5.0, "beta_rec": 0.6394608808799401, "gamma_fc": 0.263296770487111, "cue_position": 0.0, "enc_rate": 0.8, "beta_enc": 0.19343428262332774}, "datetime": {"elapsed": 591.087866, "datetime": "2020-11-23 14:51:41", "delta": 19.608513}}
{"target": 6.937555555555555, "params": {"k": 5.0, "beta_rec": 0.7721780295432468, "gamma_fc": 0.013951572975597015, "cue_position": 0.0, "enc_rate": 0.8, "beta_enc": 0.7350659632886695}, "datetime": {"elapsed": 611.654153, "datetime": "2020-11-23 14:52:02", "delta": 20.566287}}
{"target": 5.894666666666668, "params": {"k": 5.0, "beta_rec": 0.9490163206876164, "gamma_fc": 0.9156063497662745, "cue_position": 0.0, "enc_rate": 0.8, "beta_enc": 0.6167783570016576}, "datetime": {"elapsed": 630.528989, "datetime": "2020-11-23 14:52:21", "delta": 18.874836}}
{"target": 6.136666666666667, "params": {"k": 5.0, "beta_rec": 0.48599066709690975, "gamma_fc": 0.9261814267064536, "cue_position": 0.0, "enc_rate": 0.8, "beta_enc": 0.39000771414124624}, "datetime": {"elapsed": 649.861764, "datetime": "2020-11-23 14:52:40", "delta": 19.332775}}
{"target": 6.376222222222222, "params": {"k": 5.0, "beta_rec": 0.9632625284407118, "gamma_fc": 0.13507915804673132, "cue_position": 0.0, "enc_rate": 0.8, "beta_enc": 0.3948756129235549}, "datetime": {"elapsed": 669.681822, "datetime": "2020-11-23 14:53:00", "delta": 19.820058}}
{"target": 6.641777777777778, "params": {"k": 5.0, "beta_rec": 0.947970211217681, "gamma_fc": 0.17619625557505525, "cue_position": 0.0, "enc_rate": 0.8, "beta_enc": 0.021524805274197978}, "datetime": {"elapsed": 689.844937, "datetime": "2020-11-23 14:53:20", "delta": 20.163115}}
{"target": 6.310444444444444, "params": {"k": 5.0, "beta_rec": 0.8094906921265821, "gamma_fc": 0.58201417994708, "cue_position": 0.0, "enc_rate": 0.8, "beta_enc": 0.1309968448109169}, "datetime": {"elapsed": 709.304305, "datetime": "2020-11-23 14:53:39", "delta": 19.459368}}
{"target": 4.862, "params": {"k": 5.0, "beta_rec": 0.9053923187086492, "gamma_fc": 0.7986035911520394, "cue_position": 0.0, "enc_rate": 0.8, "beta_enc": 0.8447344453922219}, "datetime": {"elapsed": 726.607011, "datetime": "2020-11-23 14:53:57", "delta": 17.302706}}
{"target": 6.275555555555555, "params": {"k": 5.0, "beta_rec": 0.5991103076458784, "gamma_fc": 0.4336763489894583, "cue_position": 0.0, "enc_rate": 0.8, "beta_enc": 0.4902535226199277}, "datetime": {"elapsed": 746.1567, "datetime": "2020-11-23 14:54:16", "delta": 19.549689}}
{"target": 6.235555555555555, "params": {"k": 5.0, "beta_rec": 0.8928887085251513, "gamma_fc": 0.7879292338255043, "cue_position": 0.0, "enc_rate": 0.8, "beta_enc": 0.31524480309537295}, "datetime": {"elapsed": 765.613542, "datetime": "2020-11-23 14:54:36", "delta": 19.456842}}
{"target": 6.307555555555556, "params": {"k": 5.0, "beta_rec": 0.4201936800011322, "gamma_fc": 0.00040202489135743313, "cue_position": 0.0, "enc_rate": 0.8, "beta_enc": 0.053909272073752956}, "datetime": {"elapsed": 785.288989, "datetime": "2020-11-23 14:54:55", "delta": 19.675447}}
{"target": 6.228444444444444, "params": {"k": 5.0, "beta_rec": 0.9737835383583225, "gamma_fc": 0.5747115047081023, "cue_position": 0.0, "enc_rate": 0.8, "beta_enc": 0.37658031474577447}, "datetime": {"elapsed": 804.565663, "datetime": "2020-11-23 14:55:15", "delta": 19.276674}}
{"target": 6.226222222222222, "params": {"k": 5.0, "beta_rec": 0.586833340656083, "gamma_fc": 0.7550821884676802, "cue_position": 0.0, "enc_rate": 0.8, "beta_enc": 0.28557628169569393}, "datetime": {"elapsed": 823.842731, "datetime": "2020-11-23 14:55:34", "delta": 19.277068}}
{"target": 4.561111111111112, "params": {"k": 5.0, "beta_rec": 0.32268099683674645, "gamma_fc": 0.3821027520315172, "cue_position": 0.0, "enc_rate": 0.8, "beta_enc": 0.8644794300545998}, "datetime": {"elapsed": 840.222849, "datetime": "2020-11-23 14:55:50", "delta": 16.380118}}
{"target": 6.076444444444445, "params": {"k": 5.0, "beta_rec": 0.3173839459582769, "gamma_fc": 0.9738020779272523, "cue_position": 0.0, "enc_rate": 0.8, "beta_enc": 0.4014795834695406}, "datetime": {"elapsed": 859.434613, "datetime": "2020-11-23 14:56:10", "delta": 19.211764}}
{"target": 6.262888888888888, "params": {"k": 5.0, "beta_rec": 0.4267010093480328, "gamma_fc": 0.8799982885634318, "cue_position": 0.0, "enc_rate": 0.8, "beta_enc": 0.19856988842711087}, "datetime": {"elapsed": 878.811985, "datetime": "2020-11-23 14:56:29", "delta": 19.377372}}
{"target": 5.584444444444444, "params": {"k": 5.0, "beta_rec": 0.2702082620297578, "gamma_fc": 0.5277146463087466, "cue_position": 0.0, "enc_rate": 0.8, "beta_enc": 0.6627198123752622}, "datetime": {"elapsed": 896.9514, "datetime": "2020-11-23 14:56:47", "delta": 18.139415}}
{"target": 6.218, "params": {"k": 5.0, "beta_rec": 0.7331425252875111, "gamma_fc": 0.5688579907047155, "cue_position": 0.0, "enc_rate": 0.8, "beta_enc": 0.5724885171916063}, "datetime": {"elapsed": 916.230976, "datetime": "2020-11-23 14:57:06", "delta": 19.279576}}
{"target": 6.096666666666667, "params": {"k": 5.0, "beta_rec": 0.06820934841670412, "gamma_fc": 0.982817113730445, "cue_position": 0.0, "enc_rate": 0.8, "beta_enc": 0.3426889079532818}, "datetime": {"elapsed": 935.441391, "datetime": "2020-11-23 14:57:26", "delta": 19.210415}}
{"target": 6.902444444444444, "params": {"k": 5.0, "beta_rec": 0.8749616449558981, "gamma_fc": 0.16097143681560877, "cue_position": 0.0, "enc_rate": 0.8, "beta_enc": 0.8118586977205398}, "datetime": {"elapsed": 956.056357, "datetime": "2020-11-23 14:57:46", "delta": 20.614966}}
{"target": 6.130444444444445, "params": {"k": 5.0, "beta_rec": 0.2250399578140846, "gamma_fc": 0.9163055534683507, "cue_position": 0.0, "enc_rate": 0.8, "beta_enc": 0.345172051155215}, "datetime": {"elapsed": 975.225433, "datetime": "2020-11-23 14:58:05", "delta": 19.169076}}
{"target": 6.222222222222222, "params": {"k": 5.0, "beta_rec": 0.1108913007440292, "gamma_fc": 0.7285856679745962, "cue_position": 0.0, "enc_rate": 0.8, "beta_enc": 0.2571182937821962}, "datetime": {"elapsed": 994.791326, "datetime": "2020-11-23 14:58:25", "delta": 19.565893}}
{"target": 6.354888888888889, "params": {"k": 5.0, "beta_rec": 0.851671874936367, "gamma_fc": 0.23366613923925006, "cue_position": 0.0, "enc_rate": 0.8, "beta_enc": 0.24803355837723073}, "datetime": {"elapsed": 1014.282706, "datetime": "2020-11-23 14:58:44", "delta": 19.49138}}
{"target": 6.1773333333333325, "params": {"k": 5.0, "beta_rec": 0.47714098704978236, "gamma_fc": 0.5440101188139381, "cue_position": 0.0, "enc_rate": 0.8, "beta_enc": 0.5158570169685298}, "datetime": {"elapsed": 1033.766384, "datetime": "2020-11-23 14:59:04", "delta": 19.483678}}
{"target": 6.241111111111111, "params": {"k": 5.0, "beta_rec": 0.7515278171352439, "gamma_fc": 0.7852960282216189, "cue_position": 0.0, "enc_rate": 0.8, "beta_enc": 0.1445455401246598}, "datetime": {"elapsed": 1053.205196, "datetime": "2020-11-23 14:59:23", "delta": 19.438812}}
{"target": 6.217777777777778, "params": {"k": 5.0, "beta_rec": 0.872922376400111, "gamma_fc": 0.866608274166513, "cue_position": 0.0, "enc_rate": 0.8, "beta_enc": 0.3243624597261865}, "datetime": {"elapsed": 1072.525694, "datetime": "2020-11-23 14:59:43", "delta": 19.320498}}
{"target": 5.259555555555555, "params": {"k": 5.0, "beta_rec": 0.8541154438365387, "gamma_fc": 0.703516988152653, "cue_position": 0.0, "enc_rate": 0.8, "beta_enc": 0.8264069976293413}, "datetime": {"elapsed": 1090.253871, "datetime": "2020-11-23 15:00:00", "delta": 17.728177}}
{"target": 3.8666666666666663, "params": {"k": 5.0, "beta_rec": 0.03457121987163425, "gamma_fc": 0.2596983932983531, "cue_position": 0.0, "enc_rate": 0.8, "beta_enc": 0.799615261736028}, "datetime": {"elapsed": 1105.469632, "datetime": "2020-11-23 15:00:16", "delta": 15.215761}}
{"target": 5.564222222222222, "params": {"k": 5.0, "beta_rec": 0.34529746159108154, "gamma_fc": 0.7827494147841719, "cue_position": 0.0, "enc_rate": 0.8, "beta_enc": 0.6323033174301278}, "datetime": {"elapsed": 1123.720697, "datetime": "2020-11-23 15:00:34", "delta": 18.251065}}
{"target": 6.174888888888889, "params": {"k": 5.0, "beta_rec": 0.14300582825809938, "gamma_fc": 0.9747403708550822, "cue_position": 0.0, "enc_rate": 0.8, "beta_enc": 0.30024833953390007}, "datetime": {"elapsed": 1142.98932, "datetime": "2020-11-23 15:00:53", "delta": 19.268623}}
{"target": 3.2675555555555555, "params": {"k": 5.0, "beta_rec": 0.5460708041429516, "gamma_fc": 0.3557051709838811, "cue_position": 0.0, "enc_rate": 0.8, "beta_enc": 0.9939130246104789}, "datetime": {"elapsed": 1157.1116, "datetime": "2020-11-23 15:01:07", "delta": 14.12228}}
{"target": 6.255777777777777, "params": {"k": 5.0, "beta_rec": 0.7456371927074961, "gamma_fc": 0.8623462528380441, "cue_position": 0.0, "enc_rate": 0.8, "beta_enc": 0.1603951795196491}, "datetime": {"elapsed": 1176.575592, "datetime": "2020-11-23 15:01:27", "delta": 19.463992}}
{"target": 4.8740000000000006, "params": {"k": 5.0, "beta_rec": 0.18863680095531088, "gamma_fc": 0.9897517076637052, "cue_position": 0.0, "enc_rate": 0.8, "beta_enc": 0.6909421420661686}, "datetime": {"elapsed": 1193.626838, "datetime": "2020-11-23 15:01:44", "delta": 17.051246}}
{"target": 6.332666666666666, "params": {"k": 5.0, "beta_rec": 0.26217308377291193, "gamma_fc": 0.05692943841109499, "cue_position": 0.0, "enc_rate": 0.8, "beta_enc": 0.24773290176235485}, "datetime": {"elapsed": 1213.476453, "datetime": "2020-11-23 15:02:04", "delta": 19.849615}}
{"target": 6.276888888888889, "params": {"k": 5.0, "beta_rec": 0.7986042447602102, "gamma_fc": 0.593432449464621, "cue_position": 0.0, "enc_rate": 0.8, "beta_enc": 0.21196016464367595}, "datetime": {"elapsed": 1232.993749, "datetime": "2020-11-23 15:02:23", "delta": 19.517296}}
{"target": 6.162666666666667, "params": {"k": 5.0, "beta_rec": 0.7498583107261434, "gamma_fc": 0.9594343210617524, "cue_position": 0.0, "enc_rate": 0.8, "beta_enc": 0.3810161240622142}, "datetime": {"elapsed": 1252.296094, "datetime": "2020-11-23 15:02:42", "delta": 19.302345}}
{"target": 6.364444444444445, "params": {"k": 5.0, "beta_rec": 0.7093872512312951, "gamma_fc": 0.2214327343234883, "cue_position": 0.0, "enc_rate": 0.8, "beta_enc": 0.03232306662357398}, "datetime": {"elapsed": 1271.750766, "datetime": "2020-11-23 15:03:02", "delta": 19.454672}}
{"target": 6.2348888888888885, "params": {"k": 5.0, "beta_rec": 0.42861882866378653, "gamma_fc": 0.8029632373737379, "cue_position": 0.0, "enc_rate": 0.8, "beta_enc": 0.081473964877262}, "datetime": {"elapsed": 1290.993214, "datetime": "2020-11-23 15:03:21", "delta": 19.242448}}
{"target": 4.751777777777778, "params": {"k": 5.0, "beta_rec": 0.3424541198435198, "gamma_fc": 0.8240098704123188, "cue_position": 0.0, "enc_rate": 0.8, "beta_enc": 0.7662113810757705}, "datetime": {"elapsed": 1307.660084, "datetime": "2020-11-23 15:03:38", "delta": 16.66687}}
{"target": 6.281777777777778, "params": {"k": 5.0, "beta_rec": 0.07838689985494796, "gamma_fc": 0.4585838137084318, "cue_position": 0.0, "enc_rate": 0.8, "beta_enc": 0.1434230486702449}, "datetime": {"elapsed": 1327.053739, "datetime": "2020-11-23 15:03:57", "delta": 19.393655}}
{"target": 6.275777777777778, "params": {"k": 5.0, "beta_rec": 0.7548614813904674, "gamma_fc": 0.45240482674645155, "cue_position": 0.0, "enc_rate": 0.8, "beta_enc": 0.027783348848669953}, "datetime": {"elapsed": 1346.545984, "datetime": "2020-11-23 15:04:17", "delta": 19.492245}}
{"target": 6.010666666666667, "params": {"k": 5.0, "beta_rec": 0.47400392656219403, "gamma_fc": 0.904686160343623, "cue_position": 0.0, "enc_rate": 0.8, "beta_enc": 0.47807250671783097}, "datetime": {"elapsed": 1365.372992, "datetime": "2020-11-23 15:04:35", "delta": 18.827008}}
{"target": 4.471111111111111, "params": {"k": 5.0, "beta_rec": 0.12564138113773882, "gamma_fc": 0.538627282576347, "cue_position": 0.0, "enc_rate": 0.8, "beta_enc": 0.7738743427204187}, "datetime": {"elapsed": 1381.553712, "datetime": "2020-11-23 15:04:52", "delta": 16.18072}}
{"target": 6.314, "params": {"k": 5.0, "beta_rec": 0.905402033702778, "gamma_fc": 0.14555823115839706, "cue_position": 0.0, "enc_rate": 0.8, "beta_enc": 0.9511937854902045}, "datetime": {"elapsed": 1400.857804, "datetime": "2020-11-23 15:05:11", "delta": 19.304092}}
{"target": 6.251555555555555, "params": {"k": 5.0, "beta_rec": 0.6224959022999211, "gamma_fc": 0.7111224587658159, "cue_position": 0.0, "enc_rate": 0.8, "beta_enc": 0.187631672902434}, "datetime": {"elapsed": 1420.159061, "datetime": "2020-11-23 15:05:30", "delta": 19.301257}}
{"target": 4.581333333333333, "params": {"k": 5.0, "beta_rec": 0.4008737323711209, "gamma_fc": 0.119457050333729, "cue_position": 0.0, "enc_rate": 0.8, "beta_enc": 0.9092932045442544}, "datetime": {"elapsed": 1436.424149, "datetime": "2020-11-23 15:05:46", "delta": 16.265088}}
{"target": 6.25, "params": {"k": 5.0, "beta_rec": 0.2642974827269007, "gamma_fc": 0.9824174492929428, "cue_position": 0.0, "enc_rate": 0.8, "beta_enc": 0.14679237341724316}, "datetime": {"elapsed": 1455.641463, "datetime": "2020-11-23 15:06:06", "delta": 19.217314}}
{"target": 6.091111111111111, "params": {"k": 5.0, "beta_rec": 0.31446701118584963, "gamma_fc": 0.43359232727316455, "cue_position": 0.0, "enc_rate": 0.8, "beta_enc": 0.5336533449712114}, "datetime": {"elapsed": 1474.616921, "datetime": "2020-11-23 15:06:25", "delta": 18.975458}}
