{"target": 3.7206666666666663, "params": {"beta_enc": 0.799615261736028, "beta_rec": 0.03457121987163425, "gamma_fc": 0.731728600739527, "cue_position": 9.0}, "datetime": {"elapsed": 2826.381862, "delta": 26.190741, "datetime": "2021-08-25 13:55:43"}}
{"target": 6.830444444444444, "params": {"beta_enc": 0.2596983932983531, "beta_rec": 0.2570692988221467, "gamma_fc": 0.34529746159108154, "cue_position": 9.0}, "datetime": {"elapsed": 2862.435829, "delta": 36.053967, "datetime": "2021-08-25 13:56:19"}}
{"target": 4.527555555555556, "params": {"beta_enc": 0.7965886780072875, "beta_rec": 0.44614623200345727, "gamma_fc": 0.9904717836238407, "cue_position": 9.0}, "datetime": {"elapsed": 2891.12696, "delta": 28.691131, "datetime": "2021-08-25 13:56:48"}}
{"target": 6.808666666666667, "params": {"beta_enc": 0.30024833953390007, "beta_rec": 0.14300582825809938, "gamma_fc": 0.5415593788873733, "cue_position": 9.0}, "datetime": {"elapsed": 2927.093553, "delta": 35.966593, "datetime": "2021-08-25 13:57:24"}}
{"target": 2.3657777777777773, "params": {"beta_enc": 0.9747403708550822, "beta_rec": 0.6366044000018972, "gamma_fc": 0.5460708041429516, "cue_position": 9.0}, "datetime": {"elapsed": 2948.584489, "delta": 21.490936, "datetime": "2021-08-25 13:57:45"}}
{"target": 5.664444444444444, "params": {"beta_enc": 0.5264259339055213, "beta_rec": 0.1354279030721699, "gamma_fc": 0.026218567296373285, "cue_position": 9.0}, "datetime": {"elapsed": 2981.017473, "delta": 32.432984, "datetime": "2021-08-25 13:58:18"}}
{"target": 6.966444444444444, "params": {"beta_enc": 0.1603951795196491, "beta_rec": 0.7456371927074961, "gamma_fc": 0.36654309724374434, "cue_position": 9.0}, "datetime": {"elapsed": 3017.553991, "delta": 36.536518, "datetime": "2021-08-25 13:58:54"}}
{"target": 4.360444444444444, "params": {"beta_enc": 0.8623462528380441, "beta_rec": 0.6926777175073543, "gamma_fc": 0.18863680095531088, "cue_position": 9.0}, "datetime": {"elapsed": 3045.633869, "delta": 28.079878, "datetime": "2021-08-25 13:59:22"}}
{"target": 6.240666666666667, "params": {"beta_enc": 0.44190428074842336, "beta_rec": 0.5815774073442912, "gamma_fc": 0.20390622523312185, "cue_position": 9.0}, "datetime": {"elapsed": 3079.871951, "delta": 34.238082, "datetime": "2021-08-25 13:59:57"}}
{"target": 6.863333333333332, "params": {"beta_enc": 0.24773290176235485, "beta_rec": 0.26217308377291193, "gamma_fc": 0.4569753274356928, "cue_position": 9.0}, "datetime": {"elapsed": 3116.091472, "delta": 36.219521, "datetime": "2021-08-25 14:00:33"}}
{"target": 6.931777777777778, "params": {"beta_enc": 0.05692943841109499, "beta_rec": 0.5085162406102396, "gamma_fc": 0.7986042447602102, "cue_position": 9.0}, "datetime": {"elapsed": 3152.49107, "delta": 36.399598, "datetime": "2021-08-25 14:01:09"}}
{"target": 6.796444444444444, "params": {"beta_enc": 0.29733138150727223, "beta_rec": 0.02760601195450363, "gamma_fc": 0.8438404289311888, "cue_position": 9.0}, "datetime": {"elapsed": 3188.574877, "delta": 36.083807, "datetime": "2021-08-25 14:01:45"}}
{"target": 6.707333333333333, "params": {"beta_enc": 0.3810161240622142, "beta_rec": 0.7498583107261434, "gamma_fc": 0.5409518049621886, "cue_position": 9.0}, "datetime": {"elapsed": 3224.338521, "delta": 35.763644, "datetime": "2021-08-25 14:02:21"}}
{"target": 2.670888888888889, "params": {"beta_enc": 0.9594343210617524, "beta_rec": 0.8039608914986468, "gamma_fc": 0.7093872512312951, "cue_position": 9.0}, "datetime": {"elapsed": 3246.926664, "delta": 22.588143, "datetime": "2021-08-25 14:02:44"}}
{"target": 6.411555555555556, "params": {"beta_enc": 0.46500148156350607, "beta_rec": 0.9475489413950998, "gamma_fc": 0.2670720196843658, "cue_position": 9.0}, "datetime": {"elapsed": 3281.801072, "delta": 34.874408, "datetime": "2021-08-25 14:03:19"}}
{"target": 6.959999999999999, "params": {"beta_enc": 0.081473964877262, "beta_rec": 0.42861882866378653, "gamma_fc": 0.6337867606119179, "cue_position": 9.0}, "datetime": {"elapsed": 3318.373858, "delta": 36.572786, "datetime": "2021-08-25 14:03:55"}}
{"target": 4.678222222222222, "params": {"beta_enc": 0.8029632373737379, "beta_rec": 0.6968004961201785, "gamma_fc": 0.3424541198435198, "cue_position": 9.0}, "datetime": {"elapsed": 3347.653031, "delta": 29.279173, "datetime": "2021-08-25 14:04:25"}}
{"target": 4.042, "params": {"beta_enc": 0.8458514830276777, "beta_rec": 0.42876877499944255, "gamma_fc": 0.6264961586242938, "cue_position": 9.0}, "datetime": {"elapsed": 3374.893658, "delta": 27.240627, "datetime": "2021-08-25 14:04:52"}}
{"target": 6.9655555555555555, "params": {"beta_enc": 0.1434230486702449, "beta_rec": 0.07838689985494796, "gamma_fc": 0.06672499763935646, "cue_position": 9.0}, "datetime": {"elapsed": 3411.60921, "delta": 36.715552, "datetime": "2021-08-25 14:05:28"}}
{"target": 6.322222222222222, "params": {"beta_enc": 0.4585838137084318, "beta_rec": 0.11334192276759048, "gamma_fc": 0.7548614813904674, "cue_position": 9.0}, "datetime": {"elapsed": 3446.238999, "delta": 34.629789, "datetime": "2021-08-25 14:06:03"}}
{"target": 6.709111111111111, "params": {"beta_enc": 0.3948504804606394, "beta_rec": 0.7469384956075251, "gamma_fc": 0.4500867470007611, "cue_position": 9.0}, "datetime": {"elapsed": 3481.620268, "delta": 35.381269, "datetime": "2021-08-25 14:06:38"}}
{"target": 6.280444444444444, "params": {"beta_enc": 0.47807250671783097, "beta_rec": 0.47400392656219403, "gamma_fc": 0.40239251985773583, "cue_position": 9.0}, "datetime": {"elapsed": 3515.898129, "delta": 34.277861, "datetime": "2021-08-25 14:07:13"}}
{"target": 2.783333333333333, "params": {"beta_enc": 0.904686160343623, "beta_rec": 0.037061047954035864, "gamma_fc": 0.12564138113773882, "cue_position": 9.0}, "datetime": {"elapsed": 3538.88286, "delta": 22.984731, "datetime": "2021-08-25 14:07:36"}}
{"target": 5.075333333333333, "params": {"beta_enc": 0.6185135669120855, "beta_rec": 0.010364261335231939, "gamma_fc": 0.0030179566195963625, "cue_position": 9.0}, "datetime": {"elapsed": 3569.268949, "delta": 30.386089, "datetime": "2021-08-25 14:08:06"}}
{"target": 2.6744444444444446, "params": {"beta_enc": 0.9511937854902045, "beta_rec": 0.905402033702778, "gamma_fc": 0.9152743199147875, "cue_position": 9.0}, "datetime": {"elapsed": 3591.743185, "delta": 22.474236, "datetime": "2021-08-25 14:08:29"}}
{"target": 6.939111111111112, "params": {"beta_enc": 0.14555823115839706, "beta_rec": 0.15773006987053328, "gamma_fc": 0.6224959022999211, "cue_position": 9.0}, "datetime": {"elapsed": 3627.043379, "delta": 35.300194, "datetime": "2021-08-25 14:09:04"}}
{"target": 3.8031111111111118, "params": {"beta_enc": 0.9058094960083019, "beta_rec": 0.9899551783590737, "gamma_fc": 0.7318004091422953, "cue_position": 9.0}, "datetime": {"elapsed": 3652.470468, "delta": 25.427089, "datetime": "2021-08-25 14:09:29"}}
{"target": 3.4539999999999997, "params": {"beta_enc": 0.9092932045442544, "beta_rec": 0.4008737323711209, "gamma_fc": 0.17343017078712286, "cue_position": 9.0}, "datetime": {"elapsed": 3676.739475, "delta": 24.269007, "datetime": "2021-08-25 14:09:54"}}
{"target": 6.951777777777778, "params": {"beta_enc": 0.119457050333729, "beta_rec": 0.8126105880328287, "gamma_fc": 0.2642974827269007, "cue_position": 9.0}, "datetime": {"elapsed": 3711.765418, "delta": 35.025943, "datetime": "2021-08-25 14:10:29"}}
{"target": 4.069555555555555, "params": {"beta_enc": 0.8190891786335308, "beta_rec": 0.31058725179421, "gamma_fc": 0.2666387021516352, "cue_position": 9.0}, "datetime": {"elapsed": 3737.906059, "delta": 26.140641, "datetime": "2021-08-25 14:10:55"}}
{"target": 5.909999999999999, "params": {"beta_enc": 0.5336533449712114, "beta_rec": 0.31446701118584963, "gamma_fc": 0.36655664385123443, "cue_position": 9.0}, "datetime": {"elapsed": 3769.836777, "delta": 31.930718, "datetime": "2021-08-25 14:11:27"}}
{"target": 5.993777777777778, "params": {"beta_enc": 0.43359232727316455, "beta_rec": 0.5122926922783614, "gamma_fc": 0.030949006271150714, "cue_position": 9.0}, "datetime": {"elapsed": 3802.071551, "delta": 32.234774, "datetime": "2021-08-25 14:11:59"}}
{"target": 5.500888888888889, "params": {"beta_enc": 0.7168786636316892, "beta_rec": 0.8910189542923389, "gamma_fc": 0.5220512472525107, "cue_position": 9.0}, "datetime": {"elapsed": 3832.840121, "delta": 30.76857, "datetime": "2021-08-25 14:12:30"}}
{"target": 6.886666666666666, "params": {"beta_enc": 0.3259898117700253, "beta_rec": 0.8594893208655858, "gamma_fc": 0.6902278681627478, "cue_position": 9.0}, "datetime": {"elapsed": 3867.873481, "delta": 35.03336, "datetime": "2021-08-25 14:13:05"}}
{"target": 5.771333333333334, "params": {"beta_enc": 0.45285349995153745, "beta_rec": 0.6283090375213571, "gamma_fc": 0.009348577966515781, "cue_position": 9.0}, "datetime": {"elapsed": 3899.41639, "delta": 31.542909, "datetime": "2021-08-25 14:13:36"}}
{"target": 6.097777777777778, "params": {"beta_enc": 0.5767559349870908, "beta_rec": 0.3114442141324628, "gamma_fc": 0.9164058530538978, "cue_position": 9.0}, "datetime": {"elapsed": 3932.514162, "delta": 33.097772, "datetime": "2021-08-25 14:14:09"}}
{"target": 6.636444444444445, "params": {"beta_enc": 0.426474788501396, "beta_rec": 0.2473960366023854, "gamma_fc": 0.9318611166365406, "cue_position": 9.0}, "datetime": {"elapsed": 3966.850144, "delta": 34.335982, "datetime": "2021-08-25 14:14:44"}}
{"target": 3.9106666666666667, "params": {"beta_enc": 0.9368683813090937, "beta_rec": 0.8443299485657132, "gamma_fc": 0.22790028995131695, "cue_position": 9.0}, "datetime": {"elapsed": 3992.716901, "delta": 25.866757, "datetime": "2021-08-25 14:15:10"}}
{"target": 6.948444444444445, "params": {"beta_enc": 0.08748220955359087, "beta_rec": 0.22730973628468876, "gamma_fc": 0.17476587635631158, "cue_position": 9.0}, "datetime": {"elapsed": 4028.362907, "delta": 35.646006, "datetime": "2021-08-25 14:15:45"}}
{"target": 5.401555555555555, "params": {"beta_enc": 0.6070941619724605, "beta_rec": 0.41358641500116133, "gamma_fc": 0.18513039826903066, "cue_position": 9.0}, "datetime": {"elapsed": 4059.238811, "delta": 30.875904, "datetime": "2021-08-25 14:16:16"}}
{"target": 4.8468888888888895, "params": {"beta_enc": 0.7018765297563104, "beta_rec": 0.24035562484913886, "gamma_fc": 0.34898759722078887, "cue_position": 9.0}, "datetime": {"elapsed": 4088.374952, "delta": 29.136141, "datetime": "2021-08-25 14:16:45"}}
{"target": 6.974444444444444, "params": {"beta_enc": 0.05696439948283272, "beta_rec": 0.22881367096037586, "gamma_fc": 0.4972500933605313, "cue_position": 9.0}, "datetime": {"elapsed": 4123.998526, "delta": 35.623574, "datetime": "2021-08-25 14:17:21"}}
{"target": 6.168666666666668, "params": {"beta_enc": 0.5190159840736788, "beta_rec": 0.1747201501089225, "gamma_fc": 0.99675342520821, "cue_position": 9.0}, "datetime": {"elapsed": 4156.98699, "delta": 32.988464, "datetime": "2021-08-25 14:17:54"}}
{"target": 4.515777777777778, "params": {"beta_enc": 0.8168351087916219, "beta_rec": 0.5943726238309778, "gamma_fc": 0.9015625846693213, "cue_position": 9.0}, "datetime": {"elapsed": 4184.701237, "delta": 27.714247, "datetime": "2021-08-25 14:18:22"}}
{"target": 5.226000000000001, "params": {"beta_enc": 0.5956079336026455, "beta_rec": 0.032426325314457105, "gamma_fc": 0.06537171504222639, "cue_position": 9.0}, "datetime": {"elapsed": 4214.603492, "delta": 29.902255, "datetime": "2021-08-25 14:18:51"}}
{"target": 6.137777777777777, "params": {"beta_enc": 0.4517331486914753, "beta_rec": 0.37543483316785775, "gamma_fc": 0.1679832931996149, "cue_position": 9.0}, "datetime": {"elapsed": 4247.701399, "delta": 33.097907, "datetime": "2021-08-25 14:19:25"}}
{"target": 2.3920000000000003, "params": {"beta_enc": 0.9727875919326552, "beta_rec": 0.7674748688630131, "gamma_fc": 0.6326158167779973, "cue_position": 9.0}, "datetime": {"elapsed": 4268.735713, "delta": 21.034314, "datetime": "2021-08-25 14:19:46"}}
{"target": 5.297777777777777, "params": {"beta_enc": 0.668732770206732, "beta_rec": 0.47688233352119336, "gamma_fc": 0.3530060855418248, "cue_position": 9.0}, "datetime": {"elapsed": 4298.769517, "delta": 30.033804, "datetime": "2021-08-25 14:20:16"}}
{"target": 6.4159999999999995, "params": {"beta_enc": 0.49207180149355845, "beta_rec": 0.7300912110901043, "gamma_fc": 0.4574049160894317, "cue_position": 9.0}, "datetime": {"elapsed": 4332.263436, "delta": 33.493919, "datetime": "2021-08-25 14:20:49"}}
{"target": 6.965333333333332, "params": {"beta_enc": 0.13766274094560316, "beta_rec": 0.01088873380347899, "gamma_fc": 0.3199528380776784, "cue_position": 9.0}, "datetime": {"elapsed": 4367.394236, "delta": 35.1308, "datetime": "2021-08-25 14:21:24"}}
{"target": 1.8304444444444443, "params": {"beta_enc": 0.9843834501935107, "beta_rec": 0.220234226159156, "gamma_fc": 0.5238961356661317, "cue_position": 9.0}, "datetime": {"elapsed": 4386.350055, "delta": 18.955819, "datetime": "2021-08-25 14:21:43"}}
{"target": 4.753111111111111, "params": {"beta_enc": 0.7548914570605327, "beta_rec": 0.46385778390029564, "gamma_fc": 0.3125013784920495, "cue_position": 9.0}, "datetime": {"elapsed": 4414.772611, "delta": 28.422556, "datetime": "2021-08-25 14:22:12"}}
{"target": 5.898888888888889, "params": {"beta_enc": 0.5045191697009946, "beta_rec": 0.6738490080168676, "gamma_fc": 0.13033578095435427, "cue_position": 9.0}, "datetime": {"elapsed": 4447.352715, "delta": 32.580104, "datetime": "2021-08-25 14:22:44"}}
{"target": 6.9862222222222226, "params": {"beta_enc": 0.022915131322381765, "beta_rec": 0.5190823222119895, "gamma_fc": 0.012603767029876312, "cue_position": 9.0}, "datetime": {"elapsed": 4482.631851, "delta": 35.279136, "datetime": "2021-08-25 14:23:19"}}
{"target": 5.837333333333333, "params": {"beta_enc": 0.6724698446537339, "beta_rec": 0.6868082266569918, "gamma_fc": 0.9147886867419343, "cue_position": 9.0}, "datetime": {"elapsed": 4514.726948, "delta": 32.095097, "datetime": "2021-08-25 14:23:52"}}
{"target": 4.894222222222223, "params": {"beta_enc": 0.6443610847569929, "beta_rec": 0.005239837651465851, "gamma_fc": 0.8593178060976, "cue_position": 9.0}, "datetime": {"elapsed": 4543.766225, "delta": 29.039277, "datetime": "2021-08-25 14:24:21"}}
{"target": 4.405333333333333, "params": {"beta_enc": 0.8303995700373394, "beta_rec": 0.6491541971124779, "gamma_fc": 0.5784995797892005, "cue_position": 9.0}, "datetime": {"elapsed": 4571.742064, "delta": 27.975839, "datetime": "2021-08-25 14:24:49"}}
{"target": 6.8406666666666665, "params": {"beta_enc": 0.27411977516685215, "beta_rec": 0.5605299905360588, "gamma_fc": 0.35242963021640883, "cue_position": 9.0}, "datetime": {"elapsed": 4606.496234, "delta": 34.75417, "datetime": "2021-08-25 14:25:23"}}
{"target": 3.6535555555555552, "params": {"beta_enc": 0.8558283672539277, "beta_rec": 0.1950374860087073, "gamma_fc": 0.2896027461868774, "cue_position": 9.0}, "datetime": {"elapsed": 4631.513388, "delta": 25.017154, "datetime": "2021-08-25 14:25:48"}}
{"target": 4.568, "params": {"beta_enc": 0.773799287244182, "beta_rec": 0.4277373293360762, "gamma_fc": 0.3535348626679904, "cue_position": 9.0}, "datetime": {"elapsed": 4659.425326, "delta": 27.911938, "datetime": "2021-08-25 14:26:16"}}
{"target": 6.910000000000001, "params": {"beta_enc": 0.21369323762958115, "beta_rec": 0.7672845084217665, "gamma_fc": 0.7332450677264275, "cue_position": 9.0}, "datetime": {"elapsed": 4694.667135, "delta": 35.241809, "datetime": "2021-08-25 14:26:52"}}
{"target": 4.387777777777778, "params": {"beta_enc": 0.7444731530777321, "beta_rec": 0.22139670090820107, "gamma_fc": 0.1989479234270667, "cue_position": 9.0}, "datetime": {"elapsed": 4721.869665, "delta": 27.20253, "datetime": "2021-08-25 14:27:19"}}
{"target": 6.940222222222222, "params": {"beta_enc": 0.14251833776584466, "beta_rec": 0.3770825992073341, "gamma_fc": 0.11092036903424063, "cue_position": 9.0}, "datetime": {"elapsed": 4757.02075, "delta": 35.151085, "datetime": "2021-08-25 14:27:54"}}
{"target": 5.488888888888889, "params": {"beta_enc": 0.6745640237634105, "beta_rec": 0.7997765368973863, "gamma_fc": 0.23170231048579204, "cue_position": 9.0}, "datetime": {"elapsed": 4787.64137, "delta": 30.62062, "datetime": "2021-08-25 14:28:25"}}
{"target": 6.937555555555557, "params": {"beta_enc": 0.20762566180381437, "beta_rec": 0.9173335630816306, "gamma_fc": 0.5538846110514143, "cue_position": 9.0}, "datetime": {"elapsed": 4822.744521, "delta": 35.103151, "datetime": "2021-08-25 14:29:00"}}
{"target": 6.852444444444444, "params": {"beta_enc": 0.30451798792062024, "beta_rec": 0.8348540476317985, "gamma_fc": 0.9234562151187752, "cue_position": 9.0}, "datetime": {"elapsed": 4857.675921, "delta": 34.9314, "datetime": "2021-08-25 14:29:35"}}
{"target": 5.435777777777778, "params": {"beta_enc": 0.7060518043359332, "beta_rec": 0.47803130796528337, "gamma_fc": 0.9760435504677476, "cue_position": 9.0}, "datetime": {"elapsed": 4888.527935, "delta": 30.852014, "datetime": "2021-08-25 14:30:05"}}
{"target": 6.981999999999999, "params": {"beta_enc": 0.15983365034409336, "beta_rec": 0.2026021252196626, "gamma_fc": 0.40420190577514725, "cue_position": 9.0}, "datetime": {"elapsed": 4924.016975, "delta": 35.48904, "datetime": "2021-08-25 14:30:41"}}
{"target": 6.985777777777779, "params": {"beta_enc": 0.14675148076429412, "beta_rec": 0.7293189193611234, "gamma_fc": 0.6438956443116628, "cue_position": 9.0}, "datetime": {"elapsed": 4959.284495, "delta": 35.26752, "datetime": "2021-08-25 14:31:16"}}
{"target": 4.553111111111111, "params": {"beta_enc": 0.7543059505762987, "beta_rec": 0.21073239208332073, "gamma_fc": 0.7489283752458364, "cue_position": 9.0}, "datetime": {"elapsed": 4987.116051, "delta": 27.831556, "datetime": "2021-08-25 14:31:44"}}
{"target": 5.924666666666667, "params": {"beta_enc": 0.6382187106203334, "beta_rec": 0.5971273029466491, "gamma_fc": 0.7316064712415088, "cue_position": 9.0}, "datetime": {"elapsed": 5019.316791, "delta": 32.20074, "datetime": "2021-08-25 14:32:16"}}
{"target": 3.0780000000000003, "params": {"beta_enc": 0.9453084399999497, "beta_rec": 0.42556139026154693, "gamma_fc": 0.056141039661915304, "cue_position": 9.0}, "datetime": {"elapsed": 5042.676822, "delta": 23.360031, "datetime": "2021-08-25 14:32:40"}}
{"target": 3.758, "params": {"beta_enc": 0.8352716024899659, "beta_rec": 0.1922500168221477, "gamma_fc": 0.30008104592535645, "cue_position": 9.0}, "datetime": {"elapsed": 5067.968678, "delta": 25.291856, "datetime": "2021-08-25 14:33:05"}}
{"target": 6.951555555555555, "params": {"beta_enc": 0.08010364380604929, "beta_rec": 0.9046310029362429, "gamma_fc": 0.5306974384761395, "cue_position": 9.0}, "datetime": {"elapsed": 5103.18537, "delta": 35.216692, "datetime": "2021-08-25 14:33:40"}}
{"target": 5.87, "params": {"beta_enc": 0.49411626589632507, "beta_rec": 0.13216114194293815, "gamma_fc": 0.07618880903232117, "cue_position": 9.0}, "datetime": {"elapsed": 5135.28811, "delta": 32.10274, "datetime": "2021-08-25 14:34:12"}}
{"target": 5.808444444444444, "params": {"beta_enc": 0.5079216999452875, "beta_rec": 0.2615495518329871, "gamma_fc": 0.10806532869723684, "cue_position": 9.0}, "datetime": {"elapsed": 5167.229942, "delta": 31.941832, "datetime": "2021-08-25 14:34:44"}}
{"target": 3.9026666666666663, "params": {"beta_enc": 0.7875518396525072, "beta_rec": 0.1065838767888011, "gamma_fc": 0.17716116443841734, "cue_position": 9.0}, "datetime": {"elapsed": 5192.980425, "delta": 25.750483, "datetime": "2021-08-25 14:35:10"}}
{"target": 5.438444444444444, "params": {"beta_enc": 0.5724051124346493, "beta_rec": 0.044845334589088126, "gamma_fc": 0.18960594781829654, "cue_position": 9.0}, "datetime": {"elapsed": 5223.973852, "delta": 30.993427, "datetime": "2021-08-25 14:35:41"}}
{"target": 6.344888888888889, "params": {"beta_enc": 0.5279039784081266, "beta_rec": 0.7400775431590716, "gamma_fc": 0.5510871741869717, "cue_position": 9.0}, "datetime": {"elapsed": 5257.232292, "delta": 33.25844, "datetime": "2021-08-25 14:36:14"}}
{"target": 6.852222222222222, "params": {"beta_enc": 0.2166172083287794, "beta_rec": 0.7591960493171447, "gamma_fc": 0.17654903427708302, "cue_position": 9.0}, "datetime": {"elapsed": 5292.157448, "delta": 34.925156, "datetime": "2021-08-25 14:36:49"}}
{"target": 3.170444444444444, "params": {"beta_enc": 0.8619665576670734, "beta_rec": 0.019775099516344263, "gamma_fc": 0.5589038111609383, "cue_position": 9.0}, "datetime": {"elapsed": 5315.641133, "delta": 23.483685, "datetime": "2021-08-25 14:37:13"}}
{"target": 6.712222222222222, "params": {"beta_enc": 0.4032204721058492, "beta_rec": 0.7587469310223366, "gamma_fc": 0.9873261748084265, "cue_position": 9.0}, "datetime": {"elapsed": 5350.204029, "delta": 34.562896, "datetime": "2021-08-25 14:37:47"}}
{"target": 6.8211111111111125, "params": {"beta_enc": 0.2780850486129828, "beta_rec": 0.0037936724093425855, "gamma_fc": 0.8578971045378938, "cue_position": 9.0}, "datetime": {"elapsed": 5384.926826, "delta": 34.722797, "datetime": "2021-08-25 14:38:22"}}
{"target": 5.236888888888889, "params": {"beta_enc": 0.7288508775192559, "beta_rec": 0.5166887829215384, "gamma_fc": 0.7805295568767427, "cue_position": 9.0}, "datetime": {"elapsed": 5414.940335, "delta": 30.013509, "datetime": "2021-08-25 14:38:52"}}
{"target": 6.753111111111112, "params": {"beta_enc": 0.3748759435368594, "beta_rec": 0.7703225253299576, "gamma_fc": 0.6132112115442597, "cue_position": 9.0}, "datetime": {"elapsed": 5449.938628, "delta": 34.998293, "datetime": "2021-08-25 14:39:27"}}
{"target": 6.764444444444445, "params": {"beta_enc": 0.4018659239678374, "beta_rec": 0.6973080192643409, "gamma_fc": 0.7748966467245978, "cue_position": 9.0}, "datetime": {"elapsed": 5484.665301, "delta": 34.726673, "datetime": "2021-08-25 14:40:02"}}
{"target": 3.3217777777777777, "params": {"beta_enc": 0.896416602456847, "beta_rec": 0.23931570743750463, "gamma_fc": 0.2202839877937276, "cue_position": 9.0}, "datetime": {"elapsed": 5508.533323, "delta": 23.868022, "datetime": "2021-08-25 14:40:25"}}
