{"target": 8.625, "params": {"cue_position": 8.0, "beta_enc": 0.5315834658959018, "gamma_cf": 0.2991123446608356, "gamma_fc": 0.10538467273003926, "beta_rec": 0.6792129501957186}, "datetime": {"elapsed": 142.669058, "datetime": "2020-06-14 09:46:17", "delta": 0.375825}}
{"target": 9.25, "params": {"cue_position": 8.0, "beta_enc": 0.28493214572214476, "gamma_cf": 0.8013307032031926, "gamma_fc": 0.5171205319704266, "beta_rec": 0.7688528482877579}, "datetime": {"elapsed": 143.053947, "datetime": "2020-06-14 09:46:17", "delta": 0.384889}}
{"target": 9.875, "params": {"cue_position": 8.0, "beta_enc": 0.23210002184633505, "gamma_cf": 0.029528744942020957, "gamma_fc": 0.9033311768168756, "beta_rec": 0.6279619269819027}, "datetime": {"elapsed": 143.458926, "datetime": "2020-06-14 09:46:18", "delta": 0.404979}}
{"target": 9.75, "params": {"cue_position": 8.0, "beta_enc": 0.4203695688027851, "gamma_cf": 0.9484584043057936, "gamma_fc": 0.07251552804546335, "beta_rec": 0.4261307804247122}, "datetime": {"elapsed": 143.858072, "datetime": "2020-06-14 09:46:18", "delta": 0.399146}}
{"target": 9.625, "params": {"cue_position": 8.0, "beta_enc": 0.17270108813227492, "gamma_cf": 0.49549498136119297, "gamma_fc": 0.8244596107976835, "beta_rec": 0.3223574891327107}, "datetime": {"elapsed": 144.261264, "datetime": "2020-06-14 09:46:18", "delta": 0.403192}}
{"target": 8.75, "params": {"cue_position": 8.0, "beta_enc": 0.8539724149421759, "gamma_cf": 0.18649268827268528, "gamma_fc": 0.743390512402039, "beta_rec": 0.5958299420587015}, "datetime": {"elapsed": 144.63636, "datetime": "2020-06-14 09:46:19", "delta": 0.375096}}
{"target": 7.875, "params": {"cue_position": 8.0, "beta_enc": 0.23721405764354764, "gamma_cf": 0.22824910461538594, "gamma_fc": 0.17450118757274402, "beta_rec": 0.5394908909265497}, "datetime": {"elapsed": 144.993163, "datetime": "2020-06-14 09:46:19", "delta": 0.356803}}
{"target": 10.125, "params": {"cue_position": 8.0, "beta_enc": 0.03973568657585125, "gamma_cf": 0.10463591174495857, "gamma_fc": 0.2236450455273178, "beta_rec": 0.14756883769994755}, "datetime": {"elapsed": 145.397816, "datetime": "2020-06-14 09:46:20", "delta": 0.404653}}
{"target": 6.75, "params": {"cue_position": 8.0, "beta_enc": 0.03275719974597713, "gamma_cf": 0.4135917178017643, "gamma_fc": 0.13930117132372677, "beta_rec": 0.6763566354512786}, "datetime": {"elapsed": 145.726625, "datetime": "2020-06-14 09:46:20", "delta": 0.328809}}
{"target": 9.875, "params": {"cue_position": 8.0, "beta_enc": 0.3772172876115065, "gamma_cf": 0.4228418130386131, "gamma_fc": 0.10275656387416432, "beta_rec": 0.4244374662396153}, "datetime": {"elapsed": 146.120005, "datetime": "2020-06-14 09:46:20", "delta": 0.39338}}
{"target": 8.125, "params": {"cue_position": 8.0, "beta_enc": 0.772580266631544, "gamma_cf": 0.2719561124527795, "gamma_fc": 0.3010079430799063, "beta_rec": 0.1372060034899114}, "datetime": {"elapsed": 146.477066, "datetime": "2020-06-14 09:46:21", "delta": 0.357061}}
{"target": 10.5, "params": {"cue_position": 8.0, "beta_enc": 0.6724207725864325, "gamma_cf": 0.4691344398333771, "gamma_fc": 0.3395408687963035, "beta_rec": 0.5177867238134145}, "datetime": {"elapsed": 146.891251, "datetime": "2020-06-14 09:46:21", "delta": 0.414185}}
{"target": 7.75, "params": {"cue_position": 8.0, "beta_enc": 0.7044971982481261, "gamma_cf": 0.5262296648916304, "gamma_fc": 0.5006195729230891, "beta_rec": 0.226095202432549}, "datetime": {"elapsed": 147.245, "datetime": "2020-06-14 09:46:21", "delta": 0.353749}}
{"target": 10.375, "params": {"cue_position": 8.0, "beta_enc": 0.25368580688768017, "gamma_cf": 0.9818244178252573, "gamma_fc": 0.13290623766182708, "beta_rec": 0.18615566973666398}, "datetime": {"elapsed": 147.65735, "datetime": "2020-06-14 09:46:22", "delta": 0.41235}}
{"target": 8.125, "params": {"cue_position": 8.0, "beta_enc": 0.28346243242805713, "gamma_cf": 0.27875840869343704, "gamma_fc": 0.31464760677511183, "beta_rec": 0.800641174283456}, "datetime": {"elapsed": 148.019151, "datetime": "2020-06-14 09:46:22", "delta": 0.361801}}
{"target": 6.75, "params": {"cue_position": 8.0, "beta_enc": 0.41994825440192907, "gamma_cf": 0.8573003334512307, "gamma_fc": 0.6811114704584097, "beta_rec": 0.6027867622422961}, "datetime": {"elapsed": 148.350141, "datetime": "2020-06-14 09:46:23", "delta": 0.33099}}
{"target": 8.375, "params": {"cue_position": 8.0, "beta_enc": 0.23698206447169834, "gamma_cf": 0.3073814804278443, "gamma_fc": 0.3049656416420632, "beta_rec": 0.92572053533626}, "datetime": {"elapsed": 148.715243, "datetime": "2020-06-14 09:46:23", "delta": 0.365102}}
{"target": 7.375, "params": {"cue_position": 8.0, "beta_enc": 0.8811683184289046, "gamma_cf": 0.2777127324734242, "gamma_fc": 0.8272003251393062, "beta_rec": 0.1260784803971985}, "datetime": {"elapsed": 149.058135, "datetime": "2020-06-14 09:46:23", "delta": 0.342892}}
{"target": 6.375, "params": {"cue_position": 8.0, "beta_enc": 0.3645234475558883, "gamma_cf": 0.4814458975407394, "gamma_fc": 0.8035946264310272, "beta_rec": 0.733366094468834}, "datetime": {"elapsed": 149.381903, "datetime": "2020-06-14 09:46:24", "delta": 0.323768}}
{"target": 7.625, "params": {"cue_position": 8.0, "beta_enc": 0.39698821167237397, "gamma_cf": 0.7533258058943924, "gamma_fc": 0.2801926353730937, "beta_rec": 0.16157403985608987}, "datetime": {"elapsed": 149.735751, "datetime": "2020-06-14 09:46:24", "delta": 0.353848}}
{"target": 6.5, "params": {"cue_position": 8.0, "beta_enc": 0.45136186123240163, "gamma_cf": 0.7071876097841823, "gamma_fc": 0.5909005994904067, "beta_rec": 0.9004489123860653}, "datetime": {"elapsed": 150.062964, "datetime": "2020-06-14 09:46:24", "delta": 0.327213}}
{"target": 6.75, "params": {"cue_position": 8.0, "beta_enc": 0.8173822703971256, "gamma_cf": 0.39722776623376177, "gamma_fc": 0.5614096837184815, "beta_rec": 0.907644646099839}, "datetime": {"elapsed": 150.389081, "datetime": "2020-06-14 09:46:25", "delta": 0.326117}}
{"target": 8.0, "params": {"cue_position": 8.0, "beta_enc": 0.7339231362848766, "gamma_cf": 0.2796211794498489, "gamma_fc": 0.42351005310518297, "beta_rec": 0.08747276218504352}, "datetime": {"elapsed": 150.740249, "datetime": "2020-06-14 09:46:25", "delta": 0.351168}}
{"target": 6.375, "params": {"cue_position": 8.0, "beta_enc": 0.49797863267328835, "gamma_cf": 0.6204682006051905, "gamma_fc": 0.5824398618892226, "beta_rec": 0.660015223526051}, "datetime": {"elapsed": 151.060042, "datetime": "2020-06-14 09:46:25", "delta": 0.319793}}
{"target": 9.75, "params": {"cue_position": 8.0, "beta_enc": 0.42833239803885637, "gamma_cf": 0.3202066542862888, "gamma_fc": 0.1469781258549313, "beta_rec": 0.004976364711265391}, "datetime": {"elapsed": 151.455642, "datetime": "2020-06-14 09:46:26", "delta": 0.3956}}
{"target": 8.5, "params": {"cue_position": 8.0, "beta_enc": 0.5986638816064357, "gamma_cf": 0.32084890160086454, "gamma_fc": 0.6532580520244544, "beta_rec": 0.6114994766596024}, "datetime": {"elapsed": 151.82642, "datetime": "2020-06-14 09:46:26", "delta": 0.370778}}
{"target": 10.0, "params": {"cue_position": 8.0, "beta_enc": 0.19028348267904371, "gamma_cf": 0.4435038419039351, "gamma_fc": 0.6978416560498484, "beta_rec": 0.0058809814446282305}, "datetime": {"elapsed": 152.230042, "datetime": "2020-06-14 09:46:26", "delta": 0.403622}}
{"target": 6.5, "params": {"cue_position": 8.0, "beta_enc": 0.185043349636976, "gamma_cf": 0.695996510445494, "gamma_fc": 0.10281836745431583, "beta_rec": 0.06261980198391548}, "datetime": {"elapsed": 152.554463, "datetime": "2020-06-14 09:46:27", "delta": 0.324421}}
{"target": 9.625, "params": {"cue_position": 8.0, "beta_enc": 0.19583423367499242, "gamma_cf": 0.750124248068985, "gamma_fc": 0.1097350212856566, "beta_rec": 0.4539526504065199}, "datetime": {"elapsed": 152.945466, "datetime": "2020-06-14 09:46:27", "delta": 0.391003}}
{"target": 8.125, "params": {"cue_position": 8.0, "beta_enc": 0.6246236071556411, "gamma_cf": 0.2035603776619016, "gamma_fc": 0.5279187975307311, "beta_rec": 0.3873605221444808}, "datetime": {"elapsed": 153.304524, "datetime": "2020-06-14 09:46:27", "delta": 0.359058}}
{"target": 8.75, "params": {"cue_position": 8.0, "beta_enc": 0.1721625549559327, "gamma_cf": 0.18417777656089307, "gamma_fc": 0.6383433300033875, "beta_rec": 0.018681005996375344}, "datetime": {"elapsed": 153.679738, "datetime": "2020-06-14 09:46:28", "delta": 0.375214}}
{"target": 8.125, "params": {"cue_position": 8.0, "beta_enc": 0.5365748193404329, "gamma_cf": 0.9894521308362529, "gamma_fc": 0.5152146961620737, "beta_rec": 0.7749453799977457}, "datetime": {"elapsed": 154.038802, "datetime": "2020-06-14 09:46:28", "delta": 0.359064}}
{"target": 9.75, "params": {"cue_position": 8.0, "beta_enc": 0.47882340118547173, "gamma_cf": 0.3624653173000254, "gamma_fc": 0.48924478546014216, "beta_rec": 0.7494424707521696}, "datetime": {"elapsed": 154.435272, "datetime": "2020-06-14 09:46:29", "delta": 0.39647}}
{"target": 9.0, "params": {"cue_position": 8.0, "beta_enc": 0.18913837493884977, "gamma_cf": 0.46252906034220287, "gamma_fc": 0.2744741128035708, "beta_rec": 0.39358341429686194}, "datetime": {"elapsed": 154.81485, "datetime": "2020-06-14 09:46:29", "delta": 0.379578}}
{"target": 7.375, "params": {"cue_position": 8.0, "beta_enc": 0.5267158603586157, "gamma_cf": 0.2929978836283572, "gamma_fc": 0.5774906810135474, "beta_rec": 0.029272121403112528}, "datetime": {"elapsed": 155.1567, "datetime": "2020-06-14 09:46:29", "delta": 0.34185}}
{"target": 6.875, "params": {"cue_position": 8.0, "beta_enc": 0.7327698532613667, "gamma_cf": 0.23890995487021205, "gamma_fc": 0.9985990885864799, "beta_rec": 0.44033782679643774}, "datetime": {"elapsed": 155.486534, "datetime": "2020-06-14 09:46:30", "delta": 0.329834}}
{"target": 7.875, "params": {"cue_position": 8.0, "beta_enc": 0.24287852161976753, "gamma_cf": 0.49756438460506747, "gamma_fc": 0.8211769648927358, "beta_rec": 0.9408284143815248}, "datetime": {"elapsed": 155.835517, "datetime": "2020-06-14 09:46:30", "delta": 0.348983}}
{"target": 9.25, "params": {"cue_position": 8.0, "beta_enc": 0.7165880467947342, "gamma_cf": 0.7541750254551594, "gamma_fc": 0.9199535770148588, "beta_rec": 0.705580412120669}, "datetime": {"elapsed": 156.217125, "datetime": "2020-06-14 09:46:30", "delta": 0.381608}}
{"target": 7.75, "params": {"cue_position": 8.0, "beta_enc": 0.4413517453158379, "gamma_cf": 0.3907730736706927, "gamma_fc": 0.4672385663332459, "beta_rec": 0.5279654841547008}, "datetime": {"elapsed": 156.567239, "datetime": "2020-06-14 09:46:31", "delta": 0.350114}}
{"target": 6.25, "params": {"cue_position": 8.0, "beta_enc": 0.8951377108035733, "gamma_cf": 0.5454711685487195, "gamma_fc": 0.6065354305165435, "beta_rec": 0.11055744025544123}, "datetime": {"elapsed": 156.887282, "datetime": "2020-06-14 09:46:31", "delta": 0.320043}}
{"target": 8.625, "params": {"cue_position": 8.0, "beta_enc": 0.029782944129560285, "gamma_cf": 0.0048720479536060735, "gamma_fc": 0.6691577977971368, "beta_rec": 0.14674737976077956}, "datetime": {"elapsed": 157.256952, "datetime": "2020-06-14 09:46:31", "delta": 0.36967}}
{"target": 8.25, "params": {"cue_position": 8.0, "beta_enc": 0.8702579489225982, "gamma_cf": 0.6157259286130373, "gamma_fc": 0.30218150041580416, "beta_rec": 0.5469683092712408}, "datetime": {"elapsed": 157.616654, "datetime": "2020-06-14 09:46:32", "delta": 0.359702}}
{"target": 7.5, "params": {"cue_position": 8.0, "beta_enc": 0.3667319816609417, "gamma_cf": 0.2015966344081711, "gamma_fc": 0.32752405584828914, "beta_rec": 0.5749397272777665}, "datetime": {"elapsed": 157.959222, "datetime": "2020-06-14 09:46:32", "delta": 0.342568}}
{"target": 8.125, "params": {"cue_position": 8.0, "beta_enc": 0.742921250389697, "gamma_cf": 0.15635692867625162, "gamma_fc": 0.1938648596595468, "beta_rec": 0.3409202491323421}, "datetime": {"elapsed": 158.316024, "datetime": "2020-06-14 09:46:32", "delta": 0.356802}}
{"target": 9.875, "params": {"cue_position": 8.0, "beta_enc": 0.4951123625611782, "gamma_cf": 0.9025365564222451, "gamma_fc": 0.307160768485095, "beta_rec": 0.6351249610913382}, "datetime": {"elapsed": 158.708476, "datetime": "2020-06-14 09:46:33", "delta": 0.392452}}
{"target": 8.625, "params": {"cue_position": 8.0, "beta_enc": 0.7533800731255857, "gamma_cf": 0.2927265620931302, "gamma_fc": 0.41369073619910135, "beta_rec": 0.2824280305589726}, "datetime": {"elapsed": 159.078545, "datetime": "2020-06-14 09:46:33", "delta": 0.370069}}
{"target": 8.125, "params": {"cue_position": 8.0, "beta_enc": 0.21471569566838056, "gamma_cf": 0.9630182395955346, "gamma_fc": 0.5039830093987828, "beta_rec": 0.31898600647018904}, "datetime": {"elapsed": 159.43695, "datetime": "2020-06-14 09:46:34", "delta": 0.358405}}
{"target": 7.25, "params": {"cue_position": 8.0, "beta_enc": 0.9231006825886638, "gamma_cf": 0.7546222253081317, "gamma_fc": 0.6280230786069259, "beta_rec": 0.7461601407734211}, "datetime": {"elapsed": 159.775934, "datetime": "2020-06-14 09:46:34", "delta": 0.338984}}
{"target": 7.0, "params": {"cue_position": 8.0, "beta_enc": 0.30375843415186865, "gamma_cf": 0.30531353144830675, "gamma_fc": 0.012522836886473265, "beta_rec": 0.5216593134132719}, "datetime": {"elapsed": 160.107717, "datetime": "2020-06-14 09:46:34", "delta": 0.331783}}
{"target": 10.875, "params": {"cue_position": 8.0, "beta_enc": 0.26826282913593635, "gamma_cf": 0.6253311549032551, "gamma_fc": 0.13280748458041103, "beta_rec": 0.7967454755900841}, "datetime": {"elapsed": 160.524866, "datetime": "2020-06-14 09:46:35", "delta": 0.417149}}
{"target": 6.625, "params": {"cue_position": 8.0, "beta_enc": 0.7575703592474212, "gamma_cf": 0.8586117030700126, "gamma_fc": 0.9475415511018243, "beta_rec": 0.526905346047344}, "datetime": {"elapsed": 160.84755, "datetime": "2020-06-14 09:46:35", "delta": 0.322684}}
{"target": 7.125, "params": {"cue_position": 8.0, "beta_enc": 0.6545375346228315, "gamma_cf": 0.7271011884036769, "gamma_fc": 0.8587907562669648, "beta_rec": 0.8542582098426466}, "datetime": {"elapsed": 161.179784, "datetime": "2020-06-14 09:46:35", "delta": 0.332234}}
{"target": 9.5, "params": {"cue_position": 8.0, "beta_enc": 0.9230030407536653, "gamma_cf": 0.0840212797987252, "gamma_fc": 0.8295737184581491, "beta_rec": 0.9020760015248446}, "datetime": {"elapsed": 161.569566, "datetime": "2020-06-14 09:46:36", "delta": 0.389782}}
{"target": 9.25, "params": {"cue_position": 8.0, "beta_enc": 0.5389315533076343, "gamma_cf": 0.03198418437577388, "gamma_fc": 0.8779604187251567, "beta_rec": 0.542076154739123}, "datetime": {"elapsed": 161.955521, "datetime": "2020-06-14 09:46:36", "delta": 0.385955}}
{"target": 8.375, "params": {"cue_position": 8.0, "beta_enc": 0.03463400133772032, "gamma_cf": 0.6417491808335967, "gamma_fc": 0.37408018773825613, "beta_rec": 0.6931945583783881}, "datetime": {"elapsed": 162.323886, "datetime": "2020-06-14 09:46:36", "delta": 0.368365}}
{"target": 7.375, "params": {"cue_position": 8.0, "beta_enc": 0.2754620266501041, "gamma_cf": 0.5652896703655683, "gamma_fc": 0.6631488914643168, "beta_rec": 0.5094085814387623}, "datetime": {"elapsed": 162.665646, "datetime": "2020-06-14 09:46:37", "delta": 0.34176}}
{"target": 6.75, "params": {"cue_position": 8.0, "beta_enc": 0.44137923095350085, "gamma_cf": 0.3549025108507734, "gamma_fc": 0.6535310326636594, "beta_rec": 0.9721390871214521}, "datetime": {"elapsed": 162.994539, "datetime": "2020-06-14 09:46:37", "delta": 0.328893}}
{"target": 7.5, "params": {"cue_position": 8.0, "beta_enc": 0.5426164118717204, "gamma_cf": 0.10806748517233733, "gamma_fc": 0.19127205174117012, "beta_rec": 0.884056212378686}, "datetime": {"elapsed": 163.338436, "datetime": "2020-06-14 09:46:37", "delta": 0.343897}}
{"target": 9.75, "params": {"cue_position": 8.0, "beta_enc": 0.38704623260508586, "gamma_cf": 0.6263588032086836, "gamma_fc": 0.6235518010455583, "beta_rec": 0.8540597949343145}, "datetime": {"elapsed": 163.732148, "datetime": "2020-06-14 09:46:38", "delta": 0.393712}}
{"target": 8.125, "params": {"cue_position": 8.0, "beta_enc": 0.4080471353479287, "gamma_cf": 0.29572553442388116, "gamma_fc": 0.39845819654904013, "beta_rec": 0.05033512965945175}, "datetime": {"elapsed": 164.095255, "datetime": "2020-06-14 09:46:38", "delta": 0.363107}}
{"target": 10.75, "params": {"cue_position": 8.0, "beta_enc": 0.37723956753050947, "gamma_cf": 0.5498899204719812, "gamma_fc": 0.015421822343255842, "beta_rec": 0.6636026316710936}, "datetime": {"elapsed": 164.514476, "datetime": "2020-06-14 09:46:39", "delta": 0.419221}}
{"target": 8.25, "params": {"cue_position": 8.0, "beta_enc": 0.9830389835394168, "gamma_cf": 0.1467479307274827, "gamma_fc": 0.6968783264368051, "beta_rec": 0.5984272223880148}, "datetime": {"elapsed": 164.885021, "datetime": "2020-06-14 09:46:39", "delta": 0.370545}}
{"target": 9.125, "params": {"cue_position": 8.0, "beta_enc": 0.9058084167065523, "gamma_cf": 0.28749810204118764, "gamma_fc": 0.9572253423743934, "beta_rec": 0.3181087523446168}, "datetime": {"elapsed": 165.271163, "datetime": "2020-06-14 09:46:39", "delta": 0.386142}}
{"target": 7.125, "params": {"cue_position": 8.0, "beta_enc": 0.7023157547948075, "gamma_cf": 0.26904238725191854, "gamma_fc": 0.9236157463407607, "beta_rec": 0.6250155931933211}, "datetime": {"elapsed": 165.608474, "datetime": "2020-06-14 09:46:40", "delta": 0.337311}}
{"target": 6.625, "params": {"cue_position": 8.0, "beta_enc": 0.6780829341239825, "gamma_cf": 0.8339046774992332, "gamma_fc": 0.6982817992918626, "beta_rec": 0.7713625072014619}, "datetime": {"elapsed": 165.934401, "datetime": "2020-06-14 09:46:40", "delta": 0.325927}}
{"target": 9.25, "params": {"cue_position": 8.0, "beta_enc": 0.146608701776909, "gamma_cf": 0.9158787230673001, "gamma_fc": 0.19823229021015376, "beta_rec": 0.6124611286280749}, "datetime": {"elapsed": 166.319739, "datetime": "2020-06-14 09:46:40", "delta": 0.385338}}
{"target": 7.125, "params": {"cue_position": 8.0, "beta_enc": 0.28571649537130284, "gamma_cf": 0.5575878151711118, "gamma_fc": 0.5735610825770953, "beta_rec": 0.04765470496967894}, "datetime": {"elapsed": 166.6584, "datetime": "2020-06-14 09:46:41", "delta": 0.338661}}
{"target": 5.125, "params": {"cue_position": 8.0, "beta_enc": 0.905377379959673, "gamma_cf": 0.8512376625014975, "gamma_fc": 0.5768293032320249, "beta_rec": 0.34741393280060506}, "datetime": {"elapsed": 166.953278, "datetime": "2020-06-14 09:46:41", "delta": 0.294878}}
{"target": 9.0, "params": {"cue_position": 8.0, "beta_enc": 0.6539929348777337, "gamma_cf": 0.6209523875804722, "gamma_fc": 0.13339403014523998, "beta_rec": 0.27835933039431604}, "datetime": {"elapsed": 167.331143, "datetime": "2020-06-14 09:46:41", "delta": 0.377865}}
{"target": 9.125, "params": {"cue_position": 8.0, "beta_enc": 0.03290871659253447, "gamma_cf": 0.02402673463080851, "gamma_fc": 0.6262089291372217, "beta_rec": 0.11341100113082614}, "datetime": {"elapsed": 167.709872, "datetime": "2020-06-14 09:46:42", "delta": 0.378729}}
{"target": 8.875, "params": {"cue_position": 8.0, "beta_enc": 0.09758261797608447, "gamma_cf": 0.11582674670624904, "gamma_fc": 0.2705519937974664, "beta_rec": 0.25096153771624574}, "datetime": {"elapsed": 168.084511, "datetime": "2020-06-14 09:46:42", "delta": 0.374639}}
{"target": 5.75, "params": {"cue_position": 8.0, "beta_enc": 0.021079672835511265, "gamma_cf": 0.3783538388352491, "gamma_fc": 0.026528351110449155, "beta_rec": 0.9850455536104694}, "datetime": {"elapsed": 168.391014, "datetime": "2020-06-14 09:46:43", "delta": 0.306503}}
{"target": 9.5, "params": {"cue_position": 8.0, "beta_enc": 0.3898387483749842, "gamma_cf": 0.27850417183805665, "gamma_fc": 0.6147818910832991, "beta_rec": 0.4525586263864343}, "datetime": {"elapsed": 168.781325, "datetime": "2020-06-14 09:46:43", "delta": 0.390311}}
{"target": 7.25, "params": {"cue_position": 8.0, "beta_enc": 0.6651683545821934, "gamma_cf": 0.7865007628599349, "gamma_fc": 0.09657903442841353, "beta_rec": 0.18596096979633892}, "datetime": {"elapsed": 169.123913, "datetime": "2020-06-14 09:46:43", "delta": 0.342588}}
{"target": 7.875, "params": {"cue_position": 8.0, "beta_enc": 0.6060352981689622, "gamma_cf": 0.059528607140071355, "gamma_fc": 0.4814004591490364, "beta_rec": 0.02605993268839324}, "datetime": {"elapsed": 169.478539, "datetime": "2020-06-14 09:46:44", "delta": 0.354626}}
{"target": 5.5, "params": {"cue_position": 8.0, "beta_enc": 0.9257041086902309, "gamma_cf": 0.8613524744830288, "gamma_fc": 0.5192975854704402, "beta_rec": 0.4055573841390242}, "datetime": {"elapsed": 169.789435, "datetime": "2020-06-14 09:46:44", "delta": 0.310896}}
{"target": 9.125, "params": {"cue_position": 8.0, "beta_enc": 0.3189358689174241, "gamma_cf": 0.2600189719566923, "gamma_fc": 0.20139185371372026, "beta_rec": 0.9630323387846756}, "datetime": {"elapsed": 170.171759, "datetime": "2020-06-14 09:46:44", "delta": 0.382324}}
{"target": 9.0, "params": {"cue_position": 8.0, "beta_enc": 0.5889087033060773, "gamma_cf": 0.5864294214642616, "gamma_fc": 0.16224499947880777, "beta_rec": 0.8425182098415589}, "datetime": {"elapsed": 170.554627, "datetime": "2020-06-14 09:46:45", "delta": 0.382868}}
{"target": 8.75, "params": {"cue_position": 8.0, "beta_enc": 0.19459373523814183, "gamma_cf": 0.2659070410478275, "gamma_fc": 0.6894948631776694, "beta_rec": 0.7613352159920956}, "datetime": {"elapsed": 170.93486, "datetime": "2020-06-14 09:46:45", "delta": 0.380233}}
{"target": 9.75, "params": {"cue_position": 8.0, "beta_enc": 0.01508930763297911, "gamma_cf": 0.3366231805122991, "gamma_fc": 0.36221610553001116, "beta_rec": 0.03219440386857053}, "datetime": {"elapsed": 171.339985, "datetime": "2020-06-14 09:46:45", "delta": 0.405125}}
{"target": 7.875, "params": {"cue_position": 8.0, "beta_enc": 0.8071905755135196, "gamma_cf": 0.6382781332668243, "gamma_fc": 0.14300410951832265, "beta_rec": 0.035980967658641894}, "datetime": {"elapsed": 171.691237, "datetime": "2020-06-14 09:46:46", "delta": 0.351252}}
