{"target": 9.870833333333334, "params": {"beta_enc": 0.38704623260508586, "gamma_cf": 0.6263588032086836, "cue_position": 16.0, "beta_rec": 0.8540597949343145, "gamma_fc": 0.6235518010455583}, "datetime": {"elapsed": 12772.978657, "datetime": "2020-06-20 05:56:21", "delta": 29.516394}}
{"target": 9.183333333333334, "params": {"beta_enc": 0.4080471353479287, "gamma_cf": 0.29572553442388116, "cue_position": 16.0, "beta_rec": 0.05033512965945175, "gamma_fc": 0.39845819654904013}, "datetime": {"elapsed": 12801.003603, "datetime": "2020-06-20 05:56:49", "delta": 28.024946}}
{"target": 8.025, "params": {"beta_enc": 0.37723956753050947, "gamma_cf": 0.5498899204719812, "cue_position": 16.0, "beta_rec": 0.6636026316710936, "gamma_fc": 0.015421822343255842}, "datetime": {"elapsed": 12826.71669, "datetime": "2020-06-20 05:57:15", "delta": 25.713087}}
{"target": 8.541666666666666, "params": {"beta_enc": 0.9830389835394168, "gamma_cf": 0.1467479307274827, "cue_position": 16.0, "beta_rec": 0.5984272223880148, "gamma_fc": 0.6968783264368051}, "datetime": {"elapsed": 12853.897333, "datetime": "2020-06-20 05:57:42", "delta": 27.180643}}
{"target": 8.2125, "params": {"beta_enc": 0.9058084167065523, "gamma_cf": 0.28749810204118764, "cue_position": 16.0, "beta_rec": 0.3181087523446168, "gamma_fc": 0.9572253423743934}, "datetime": {"elapsed": 12882.329506, "datetime": "2020-06-20 05:58:10", "delta": 28.432173}}
{"target": 9.775, "params": {"beta_enc": 0.7023157547948075, "gamma_cf": 0.26904238725191854, "cue_position": 16.0, "beta_rec": 0.6250155931933211, "gamma_fc": 0.9236157463407607}, "datetime": {"elapsed": 12914.533105, "datetime": "2020-06-20 05:58:43", "delta": 32.203599}}
{"target": 8.3625, "params": {"beta_enc": 0.6780829341239825, "gamma_cf": 0.8339046774992332, "cue_position": 16.0, "beta_rec": 0.7713625072014619, "gamma_fc": 0.6982817992918626}, "datetime": {"elapsed": 12943.411633, "datetime": "2020-06-20 05:59:12", "delta": 28.878528}}
{"target": 10.116666666666667, "params": {"beta_enc": 0.146608701776909, "gamma_cf": 0.9158787230673001, "cue_position": 16.0, "beta_rec": 0.6124611286280749, "gamma_fc": 0.19823229021015376}, "datetime": {"elapsed": 12975.952857, "datetime": "2020-06-20 05:59:44", "delta": 32.541224}}
{"target": 9.9, "params": {"beta_enc": 0.28571649537130284, "gamma_cf": 0.5575878151711118, "cue_position": 16.0, "beta_rec": 0.04765470496967894, "gamma_fc": 0.5735610825770953}, "datetime": {"elapsed": 13007.679663, "datetime": "2020-06-20 06:00:16", "delta": 31.726806}}
{"target": 6.183333333333334, "params": {"beta_enc": 0.905377379959673, "gamma_cf": 0.8512376625014975, "cue_position": 16.0, "beta_rec": 0.34741393280060506, "gamma_fc": 0.5768293032320249}, "datetime": {"elapsed": 13031.098753, "datetime": "2020-06-20 06:00:39", "delta": 23.41909}}
{"target": 7.629166666666666, "params": {"beta_enc": 0.6539929348777337, "gamma_cf": 0.6209523875804722, "cue_position": 16.0, "beta_rec": 0.27835933039431604, "gamma_fc": 0.13339403014523998}, "datetime": {"elapsed": 13057.834863, "datetime": "2020-06-20 06:01:06", "delta": 26.73611}}
{"target": 8.954166666666667, "params": {"beta_enc": 0.03290871659253447, "gamma_cf": 0.02402673463080851, "cue_position": 16.0, "beta_rec": 0.11341100113082614, "gamma_fc": 0.6262089291372217}, "datetime": {"elapsed": 13087.475435, "datetime": "2020-06-20 06:01:36", "delta": 29.640572}}
{"target": 8.308333333333334, "params": {"beta_enc": 0.09758261797608447, "gamma_cf": 0.11582674670624904, "cue_position": 16.0, "beta_rec": 0.25096153771624574, "gamma_fc": 0.2705519937974664}, "datetime": {"elapsed": 13115.71811, "datetime": "2020-06-20 06:02:04", "delta": 28.242675}}
{"target": 5.975, "params": {"beta_enc": 0.021079672835511265, "gamma_cf": 0.3783538388352491, "cue_position": 16.0, "beta_rec": 0.9850455536104694, "gamma_fc": 0.026528351110449155}, "datetime": {"elapsed": 13138.564723, "datetime": "2020-06-20 06:02:27", "delta": 22.846613}}
{"target": 9.354166666666666, "params": {"beta_enc": 0.3898387483749842, "gamma_cf": 0.27850417183805665, "cue_position": 16.0, "beta_rec": 0.4525586263864343, "gamma_fc": 0.6147818910832991}, "datetime": {"elapsed": 13169.146425, "datetime": "2020-06-20 06:02:57", "delta": 30.581702}}
{"target": 6.8875, "params": {"beta_enc": 0.6651683545821934, "gamma_cf": 0.7865007628599349, "cue_position": 16.0, "beta_rec": 0.18596096979633892, "gamma_fc": 0.09657903442841353}, "datetime": {"elapsed": 13194.248223, "datetime": "2020-06-20 06:03:22", "delta": 25.101798}}
{"target": 8.283333333333333, "params": {"beta_enc": 0.6060352981689622, "gamma_cf": 0.059528607140071355, "cue_position": 16.0, "beta_rec": 0.02605993268839324, "gamma_fc": 0.4814004591490364}, "datetime": {"elapsed": 13222.524996, "datetime": "2020-06-20 06:03:51", "delta": 28.276773}}
{"target": 6.129166666666666, "params": {"beta_enc": 0.9257041086902309, "gamma_cf": 0.8613524744830288, "cue_position": 16.0, "beta_rec": 0.4055573841390242, "gamma_fc": 0.5192975854704402}, "datetime": {"elapsed": 13246.052386, "datetime": "2020-06-20 06:04:14", "delta": 23.52739}}
{"target": 8.116666666666667, "params": {"beta_enc": 0.3189358689174241, "gamma_cf": 0.2600189719566923, "cue_position": 16.0, "beta_rec": 0.9630323387846756, "gamma_fc": 0.20139185371372026}, "datetime": {"elapsed": 13274.121608, "datetime": "2020-06-20 06:04:42", "delta": 28.069222}}
{"target": 8.4375, "params": {"beta_enc": 0.5889087033060773, "gamma_cf": 0.5864294214642616, "cue_position": 16.0, "beta_rec": 0.8425182098415589, "gamma_fc": 0.16224499947880777}, "datetime": {"elapsed": 13302.861606, "datetime": "2020-06-20 06:05:11", "delta": 28.739998}}
{"target": 9.829166666666667, "params": {"beta_enc": 0.19459373523814183, "gamma_cf": 0.2659070410478275, "cue_position": 16.0, "beta_rec": 0.7613352159920956, "gamma_fc": 0.6894948631776694}, "datetime": {"elapsed": 13332.932791, "datetime": "2020-06-20 06:05:41", "delta": 30.071185}}
{"target": 10.083333333333334, "params": {"beta_enc": 0.01508930763297911, "gamma_cf": 0.3366231805122991, "cue_position": 16.0, "beta_rec": 0.03219440386857053, "gamma_fc": 0.36221610553001116}, "datetime": {"elapsed": 13362.775169, "datetime": "2020-06-20 06:06:11", "delta": 29.842378}}
{"target": 6.475, "params": {"beta_enc": 0.8071905755135196, "gamma_cf": 0.6382781332668243, "cue_position": 16.0, "beta_rec": 0.035980967658641894, "gamma_fc": 0.14300410951832265}, "datetime": {"elapsed": 13385.126743, "datetime": "2020-06-20 06:06:33", "delta": 22.351574}}
{"target": 9.225, "params": {"beta_enc": 0.8577386145114406, "gamma_cf": 0.2080974099989472, "cue_position": 16.0, "beta_rec": 0.6455644082734328, "gamma_fc": 0.7454983307481646}, "datetime": {"elapsed": 13413.222327, "datetime": "2020-06-20 06:07:01", "delta": 28.095584}}
{"target": 9.775, "params": {"beta_enc": 0.40340662833417285, "gamma_cf": 0.1374435496242309, "cue_position": 16.0, "beta_rec": 0.48447006094850675, "gamma_fc": 0.9643727973861176}, "datetime": {"elapsed": 13442.435522, "datetime": "2020-06-20 06:07:31", "delta": 29.213195}}
{"target": 10.345833333333333, "params": {"beta_enc": 0.04262968179657989, "gamma_cf": 0.8065850822605141, "cue_position": 16.0, "beta_rec": 0.09944025725488481, "gamma_fc": 0.4558728073695024}, "datetime": {"elapsed": 13472.807081, "datetime": "2020-06-20 06:08:01", "delta": 30.371559}}
{"target": 8.425, "params": {"beta_enc": 0.6532511422613194, "gamma_cf": 0.5208483405537891, "cue_position": 16.0, "beta_rec": 0.17432113751983724, "gamma_fc": 0.7402936352802216}, "datetime": {"elapsed": 13499.317202, "datetime": "2020-06-20 06:08:27", "delta": 26.510121}}
{"target": 8.233333333333333, "params": {"beta_enc": 0.46247446521502844, "gamma_cf": 0.2490900884519328, "cue_position": 16.0, "beta_rec": 0.8696140851211128, "gamma_fc": 0.23490222080210488}, "datetime": {"elapsed": 13525.411252, "datetime": "2020-06-20 06:08:54", "delta": 26.09405}}
{"target": 9.225, "params": {"beta_enc": 0.3740467168670696, "gamma_cf": 0.8619059993188329, "cue_position": 16.0, "beta_rec": 0.7566160562962172, "gamma_fc": 0.26161079268292176}, "datetime": {"elapsed": 13553.515789, "datetime": "2020-06-20 06:09:22", "delta": 28.104537}}
{"target": 8.004166666666666, "params": {"beta_enc": 0.4122789279785698, "gamma_cf": 0.3892749454089657, "cue_position": 16.0, "beta_rec": 0.6115440994503215, "gamma_fc": 0.10142077688127671}, "datetime": {"elapsed": 13579.145086, "datetime": "2020-06-20 06:09:47", "delta": 25.629297}}
{"target": 6.2375, "params": {"beta_enc": 0.7122448043972556, "gamma_cf": 0.8634484403326346, "cue_position": 16.0, "beta_rec": 0.08813516392543386, "gamma_fc": 0.7084507915153727}, "datetime": {"elapsed": 13601.084866, "datetime": "2020-06-20 06:10:09", "delta": 21.93978}}
{"target": 9.833333333333334, "params": {"beta_enc": 0.4864245738076861, "gamma_cf": 0.7974959842933487, "cue_position": 16.0, "beta_rec": 0.6991465654129165, "gamma_fc": 0.7864170822798477}, "datetime": {"elapsed": 13630.348963, "datetime": "2020-06-20 06:10:38", "delta": 29.264097}}
{"target": 9.858333333333333, "params": {"beta_enc": 0.15552858387362167, "gamma_cf": 0.3641702986535258, "cue_position": 16.0, "beta_rec": 0.3178175503505978, "gamma_fc": 0.5666455566878987}, "datetime": {"elapsed": 13659.595244, "datetime": "2020-06-20 06:11:08", "delta": 29.246281}}
{"target": 9.725, "params": {"beta_enc": 0.041687442520287776, "gamma_cf": 0.4164625561731081, "cue_position": 16.0, "beta_rec": 0.6599697189638991, "gamma_fc": 0.4508926565007}, "datetime": {"elapsed": 13688.553062, "datetime": "2020-06-20 06:11:37", "delta": 28.957818}}
{"target": 8.745833333333334, "params": {"beta_enc": 0.3487267695476459, "gamma_cf": 0.0681300573940744, "cue_position": 16.0, "beta_rec": 0.38328031012801256, "gamma_fc": 0.5512566489358516}, "datetime": {"elapsed": 13715.527644, "datetime": "2020-06-20 06:12:04", "delta": 26.974582}}
{"target": 9.208333333333334, "params": {"beta_enc": 0.5958669456166511, "gamma_cf": 0.2863771315373824, "cue_position": 16.0, "beta_rec": 0.1454997892217088, "gamma_fc": 0.8307513669044257}, "datetime": {"elapsed": 13743.426046, "datetime": "2020-06-20 06:12:32", "delta": 27.898402}}
{"target": 9.004166666666666, "params": {"beta_enc": 0.15342094116241234, "gamma_cf": 0.3434200931086723, "cue_position": 16.0, "beta_rec": 0.5521388075534814, "gamma_fc": 0.3506171893069536}, "datetime": {"elapsed": 13770.936634, "datetime": "2020-06-20 06:12:59", "delta": 27.510588}}
{"target": 10.825, "params": {"beta_enc": 0.910548458982923, "gamma_cf": 0.03473996453610707, "cue_position": 16.0, "beta_rec": 0.8729843896454607, "gamma_fc": 0.8476447539520601}, "datetime": {"elapsed": 13820.039878, "datetime": "2020-06-20 06:13:48", "delta": 49.103244}}
{"target": 11.158333333333333, "params": {"beta_enc": 0.9051309815552426, "gamma_cf": 0.016186687452824162, "cue_position": 16.0, "beta_rec": 0.8600186113168095, "gamma_fc": 0.8910249243592601}, "datetime": {"elapsed": 13868.743334, "datetime": "2020-06-20 06:14:37", "delta": 48.703456}}
{"target": 11.154166666666667, "params": {"beta_enc": 0.901554264443415, "gamma_cf": 0.00371021085210524, "cue_position": 16.0, "beta_rec": 0.8483793641524919, "gamma_fc": 0.9218381708860146}, "datetime": {"elapsed": 13914.093039, "datetime": "2020-06-20 06:15:22", "delta": 45.349705}}
{"target": 10.870833333333334, "params": {"beta_enc": 0.8856794007930572, "gamma_cf": 0.0, "cue_position": 16.0, "beta_rec": 0.8285537493711682, "gamma_fc": 0.890874441992473}, "datetime": {"elapsed": 13961.907773, "datetime": "2020-06-20 06:16:10", "delta": 47.814734}}
{"target": 11.020833333333334, "params": {"beta_enc": 0.9086560715799027, "gamma_cf": 0.01118792221863009, "cue_position": 16.0, "beta_rec": 0.8628845564354044, "gamma_fc": 0.9240834334840684}, "datetime": {"elapsed": 14008.427505, "datetime": "2020-06-20 06:16:57", "delta": 46.519732}}
{"target": 11.145833333333334, "params": {"beta_enc": 0.9134630329922057, "gamma_cf": 0.003575710278012057, "cue_position": 16.0, "beta_rec": 0.8472853900413511, "gamma_fc": 0.9025767381241551}, "datetime": {"elapsed": 14057.660264, "datetime": "2020-06-20 06:17:46", "delta": 49.232759}}
{"target": 10.6125, "params": {"beta_enc": 0.092018162888885, "gamma_cf": 1.0, "cue_position": 16.0, "beta_rec": 0.2360656763304598, "gamma_fc": 0.33899073294175985}, "datetime": {"elapsed": 14106.435887, "datetime": "2020-06-20 06:18:35", "delta": 48.775623}}
{"target": 10.9625, "params": {"beta_enc": 0.8962306824910659, "gamma_cf": 0.020808059645025433, "cue_position": 16.0, "beta_rec": 0.8476471663015279, "gamma_fc": 0.9090271859335151}, "datetime": {"elapsed": 14159.613378, "datetime": "2020-06-20 06:19:28", "delta": 53.177491}}
{"target": 10.9125, "params": {"beta_enc": 0.8845613295388589, "gamma_cf": 0.0, "cue_position": 16.0, "beta_rec": 0.863729141972661, "gamma_fc": 0.8819668739027677}, "datetime": {"elapsed": 14210.980538, "datetime": "2020-06-20 06:20:19", "delta": 51.36716}}
{"target": 0.0, "params": {"beta_enc": 0.8491316995295817, "gamma_cf": 0.0, "cue_position": 16.0, "beta_rec": 0.7955604010106246, "gamma_fc": 1.0}, "datetime": {"elapsed": 14244.001243, "datetime": "2020-06-20 06:20:52", "delta": 33.020705}}
{"target": 10.0875, "params": {"beta_enc": 0.7298843059110839, "gamma_cf": 0.08896174893188574, "cue_position": 16.0, "beta_rec": 0.5362997504907848, "gamma_fc": 0.9744389608582815}, "datetime": {"elapsed": 14318.178375, "datetime": "2020-06-20 06:22:06", "delta": 74.177132}}
{"target": 10.45, "params": {"beta_enc": 0.11997882623418349, "gamma_cf": 0.8942878794852883, "cue_position": 16.0, "beta_rec": 0.2304036846090045, "gamma_fc": 0.383437940454868}, "datetime": {"elapsed": 14389.748197, "datetime": "2020-06-20 06:23:18", "delta": 71.569822}}
{"target": 10.0625, "params": {"beta_enc": 0.09744477721923454, "gamma_cf": 0.9476782871340951, "cue_position": 16.0, "beta_rec": 0.3498523062576503, "gamma_fc": 0.3120709253792892}, "datetime": {"elapsed": 14460.927356, "datetime": "2020-06-20 06:24:29", "delta": 71.179159}}
{"target": 10.345833333333333, "params": {"beta_enc": 0.06768087802744827, "gamma_cf": 0.8990045206039126, "cue_position": 16.0, "beta_rec": 0.8888577389379281, "gamma_fc": 0.6692817699640967}, "datetime": {"elapsed": 14533.424862, "datetime": "2020-06-20 06:25:42", "delta": 72.497506}}
{"target": 10.275, "params": {"beta_enc": 0.1490181696198383, "gamma_cf": 0.8487689139922774, "cue_position": 16.0, "beta_rec": 0.5793584373211156, "gamma_fc": 0.8255627923522206}, "datetime": {"elapsed": 14604.45937, "datetime": "2020-06-20 06:26:53", "delta": 71.034508}}
{"target": 10.1875, "params": {"beta_enc": 0.9003460616339378, "gamma_cf": 0.08818035304830839, "cue_position": 16.0, "beta_rec": 0.8434589237918603, "gamma_fc": 0.7819532796900164}, "datetime": {"elapsed": 14675.115834, "datetime": "2020-06-20 06:28:03", "delta": 70.656464}}
{"target": 10.4, "params": {"beta_enc": 0.11153492609444918, "gamma_cf": 0.6864991282398825, "cue_position": 16.0, "beta_rec": 0.828400123082338, "gamma_fc": 0.902438427325457}, "datetime": {"elapsed": 14746.413828, "datetime": "2020-06-20 06:29:15", "delta": 71.297994}}
{"target": 10.0375, "params": {"beta_enc": 0.12140851539497963, "gamma_cf": 0.7473526327661449, "cue_position": 16.0, "beta_rec": 0.13712792735893597, "gamma_fc": 0.3624702946634867}, "datetime": {"elapsed": 14817.305629, "datetime": "2020-06-20 06:30:25", "delta": 70.891801}}
{"target": 10.204166666666667, "params": {"beta_enc": 0.13726561711444554, "gamma_cf": 0.9505919148105427, "cue_position": 16.0, "beta_rec": 0.14779242467818515, "gamma_fc": 0.3049888978396194}, "datetime": {"elapsed": 14884.273567, "datetime": "2020-06-20 06:31:32", "delta": 66.967938}}
{"target": 10.575, "params": {"beta_enc": 0.10561602865803363, "gamma_cf": 0.793057152245714, "cue_position": 16.0, "beta_rec": 0.6978937220853753, "gamma_fc": 0.6631821181437643}, "datetime": {"elapsed": 14954.011178, "datetime": "2020-06-20 06:32:42", "delta": 69.737611}}
{"target": 10.141666666666667, "params": {"beta_enc": 0.09406434546921778, "gamma_cf": 0.7007284234552313, "cue_position": 16.0, "beta_rec": 0.7704684484980648, "gamma_fc": 0.567249337063814}, "datetime": {"elapsed": 15022.72398, "datetime": "2020-06-20 06:33:51", "delta": 68.712802}}
{"target": 10.404166666666667, "params": {"beta_enc": 0.11284541224294715, "gamma_cf": 0.846302226935687, "cue_position": 16.0, "beta_rec": 0.5361009156197954, "gamma_fc": 0.6366904747648289}, "datetime": {"elapsed": 15093.754915, "datetime": "2020-06-20 06:35:02", "delta": 71.030935}}
{"target": 10.445833333333333, "params": {"beta_enc": 0.07163686001293548, "gamma_cf": 0.781054970532885, "cue_position": 16.0, "beta_rec": 0.7587958168311217, "gamma_fc": 0.7857972195921938}, "datetime": {"elapsed": 15163.725151, "datetime": "2020-06-20 06:36:12", "delta": 69.970236}}
{"target": 10.1625, "params": {"beta_enc": 0.120817762797251, "gamma_cf": 0.5579290705250286, "cue_position": 16.0, "beta_rec": 0.1260515123202095, "gamma_fc": 0.6552313024966221}, "datetime": {"elapsed": 15233.530427, "datetime": "2020-06-20 06:37:22", "delta": 69.805276}}
{"target": 10.3375, "params": {"beta_enc": 0.14302074010934357, "gamma_cf": 0.8890657956962496, "cue_position": 16.0, "beta_rec": 0.3796207380096631, "gamma_fc": 0.5593130519489639}, "datetime": {"elapsed": 15302.031269, "datetime": "2020-06-20 06:38:30", "delta": 68.500842}}
{"target": 10.183333333333334, "params": {"beta_enc": 0.11164408982120927, "gamma_cf": 0.8940704215441783, "cue_position": 16.0, "beta_rec": 0.6879405309672381, "gamma_fc": 0.5647086062088851}, "datetime": {"elapsed": 15373.732872, "datetime": "2020-06-20 06:39:42", "delta": 71.701603}}
{"target": 10.091666666666667, "params": {"beta_enc": 0.2276352773329715, "gamma_cf": 0.7427039796945968, "cue_position": 16.0, "beta_rec": 0.7269607737263327, "gamma_fc": 0.8439314355929496}, "datetime": {"elapsed": 15443.217443, "datetime": "2020-06-20 06:40:51", "delta": 69.484571}}
{"target": 10.408333333333333, "params": {"beta_enc": 0.09936560531808523, "gamma_cf": 0.977286678867284, "cue_position": 16.0, "beta_rec": 0.24247475362177986, "gamma_fc": 0.46672368193438635}, "datetime": {"elapsed": 15512.338228, "datetime": "2020-06-20 06:42:00", "delta": 69.120785}}
{"target": 10.195833333333333, "params": {"beta_enc": 0.20436491139220792, "gamma_cf": 0.35966054445363443, "cue_position": 16.0, "beta_rec": 0.3878732902610693, "gamma_fc": 0.8933542403164291}, "datetime": {"elapsed": 15580.786124, "datetime": "2020-06-20 06:43:09", "delta": 68.447896}}
{"target": 10.304166666666667, "params": {"beta_enc": 0.08040662222720801, "gamma_cf": 0.8613759094015804, "cue_position": 16.0, "beta_rec": 0.7404130491894422, "gamma_fc": 0.33571309925835846}, "datetime": {"elapsed": 15650.871595, "datetime": "2020-06-20 06:44:19", "delta": 70.085471}}
{"target": 10.329166666666667, "params": {"beta_enc": 0.03385129727557451, "gamma_cf": 0.8143093337588281, "cue_position": 16.0, "beta_rec": 0.6102123354455674, "gamma_fc": 0.7311935830214655}, "datetime": {"elapsed": 15722.349332, "datetime": "2020-06-20 06:45:30", "delta": 71.477737}}
{"target": 10.3625, "params": {"beta_enc": 0.18889776855513032, "gamma_cf": 0.41018555278571694, "cue_position": 16.0, "beta_rec": 0.5908577869613905, "gamma_fc": 0.8560690721963685}, "datetime": {"elapsed": 15796.606156, "datetime": "2020-06-20 06:46:45", "delta": 74.256824}}
{"target": 10.291666666666666, "params": {"beta_enc": 0.14734193734586293, "gamma_cf": 0.8406975112786625, "cue_position": 16.0, "beta_rec": 0.19628514878973724, "gamma_fc": 0.5274666878183276}, "datetime": {"elapsed": 15871.292233, "datetime": "2020-06-20 06:47:59", "delta": 74.686077}}
{"target": 10.270833333333334, "params": {"beta_enc": 0.2168991644023824, "gamma_cf": 0.7013691351370056, "cue_position": 16.0, "beta_rec": 0.266332426537737, "gamma_fc": 0.9056975829069861}, "datetime": {"elapsed": 15943.253607, "datetime": "2020-06-20 06:49:11", "delta": 71.961374}}
{"target": 10.454166666666667, "params": {"beta_enc": 0.10087278301034112, "gamma_cf": 0.93387068534816, "cue_position": 16.0, "beta_rec": 1.0, "gamma_fc": 0.6739377733820188}, "datetime": {"elapsed": 16016.64206, "datetime": "2020-06-20 06:50:25", "delta": 73.388453}}
{"target": 10.4125, "params": {"beta_enc": 0.19205996993537908, "gamma_cf": 0.47593159476244595, "cue_position": 16.0, "beta_rec": 0.1584475587745428, "gamma_fc": 0.8665979095614524}, "datetime": {"elapsed": 16091.031633, "datetime": "2020-06-20 06:51:39", "delta": 74.389573}}
{"target": 10.325, "params": {"beta_enc": 0.03389567397902553, "gamma_cf": 0.741094810376868, "cue_position": 16.0, "beta_rec": 0.6006755537363043, "gamma_fc": 0.5738458111591758}, "datetime": {"elapsed": 16160.122493, "datetime": "2020-06-20 06:52:48", "delta": 69.09086}}
{"target": 10.220833333333333, "params": {"beta_enc": 0.08940156166363802, "gamma_cf": 0.6019376614290377, "cue_position": 16.0, "beta_rec": 0.925451124512471, "gamma_fc": 0.8571914349393749}, "datetime": {"elapsed": 16232.844899, "datetime": "2020-06-20 06:54:01", "delta": 72.722406}}
{"target": 10.204166666666667, "params": {"beta_enc": 0.22765115832606844, "gamma_cf": 0.5122518315288789, "cue_position": 16.0, "beta_rec": 0.2668846380673687, "gamma_fc": 0.9568164352801695}, "datetime": {"elapsed": 16307.274899, "datetime": "2020-06-20 06:55:15", "delta": 74.43}}
{"target": 10.404166666666667, "params": {"beta_enc": 0.1521816487927672, "gamma_cf": 0.5049537228068584, "cue_position": 16.0, "beta_rec": 0.8500499780696955, "gamma_fc": 0.9460197621088202}, "datetime": {"elapsed": 16379.914685, "datetime": "2020-06-20 06:56:28", "delta": 72.639786}}
{"target": 10.3125, "params": {"beta_enc": 0.21003378409239484, "gamma_cf": 0.8076336455816564, "cue_position": 16.0, "beta_rec": 0.6298834285655003, "gamma_fc": 0.6875203016713071}, "datetime": {"elapsed": 16453.580937, "datetime": "2020-06-20 06:57:42", "delta": 73.666252}}
