{"target": 10.408333333333333, "params": {"gamma_cf": 0.5922241597745019, "beta_enc": 0.0041598242983449385, "beta_rec": 0.9106731761353846, "cue_position": 1.0, "gamma_fc": 0.988313389360841}, "datetime": {"delta": 70.609624, "datetime": "2020-06-24 21:19:41", "elapsed": 14703.153339}}
{"target": 10.208333333333334, "params": {"gamma_cf": 0.9611373803818314, "beta_enc": 0.0440789422366868, "beta_rec": 0.7308961574248082, "cue_position": 1.0, "gamma_fc": 0.22230821691149377}, "datetime": {"delta": 73.825815, "datetime": "2020-06-24 21:20:55", "elapsed": 14776.979154}}
{"target": 10.254166666666666, "params": {"gamma_cf": 0.7676305953782533, "beta_enc": 0.10548594109986387, "beta_rec": 0.8956587918289312, "cue_position": 1.0, "gamma_fc": 0.7584616205730308}, "datetime": {"delta": 87.275212, "datetime": "2020-06-24 21:22:22", "elapsed": 14864.254366}}
{"target": 10.383333333333333, "params": {"gamma_cf": 0.8833258493796894, "beta_enc": 0.2017243474204475, "beta_rec": 0.887487031426041, "cue_position": 1.0, "gamma_fc": 0.6740727018689261}, "datetime": {"delta": 96.5783, "datetime": "2020-06-24 21:23:59", "elapsed": 14960.832666}}
{"target": 10.441666666666666, "params": {"gamma_cf": 0.5707040356655052, "beta_enc": 0.022080093173304415, "beta_rec": 0.9020887997105212, "cue_position": 1.0, "gamma_fc": 0.9586148769731805}, "datetime": {"delta": 94.534966, "datetime": "2020-06-24 21:25:33", "elapsed": 15055.367632}}
{"target": 10.283333333333333, "params": {"gamma_cf": 0.6587739120419434, "beta_enc": 0.0, "beta_rec": 0.8688232701027042, "cue_position": 1.0, "gamma_fc": 0.9620396126091768}, "datetime": {"delta": 83.885199, "datetime": "2020-06-24 21:26:57", "elapsed": 15139.252831}}
{"target": 10.433333333333334, "params": {"gamma_cf": 0.5601267028898909, "beta_enc": 0.012401163774139712, "beta_rec": 0.8903276677564511, "cue_position": 1.0, "gamma_fc": 0.910860617969097}, "datetime": {"delta": 76.743055, "datetime": "2020-06-24 21:28:14", "elapsed": 15215.995886}}
{"target": 9.991666666666667, "params": {"gamma_cf": 0.8870360022812368, "beta_enc": 0.23556323634923323, "beta_rec": 0.08708645845837149, "cue_position": 1.0, "gamma_fc": 0.8807861579278704}, "datetime": {"delta": 79.87084, "datetime": "2020-06-24 21:29:34", "elapsed": 15295.866726}}
{"target": 10.4375, "params": {"gamma_cf": 0.8154533557431386, "beta_enc": 0.05940492156630832, "beta_rec": 0.08276469530358717, "cue_position": 1.0, "gamma_fc": 0.4079132385904708}, "datetime": {"delta": 91.373333, "datetime": "2020-06-24 21:31:05", "elapsed": 15387.240059}}
{"target": 9.991666666666667, "params": {"gamma_cf": 0.9103681052813114, "beta_enc": 0.19833412897493571, "beta_rec": 0.351794718646009, "cue_position": 1.0, "gamma_fc": 0.1972995082273159}, "datetime": {"delta": 93.971938, "datetime": "2020-06-24 21:32:39", "elapsed": 15481.211997}}
{"target": 10.645833333333334, "params": {"gamma_cf": 0.802714675813341, "beta_enc": 0.06381953317560511, "beta_rec": 0.8364861140802635, "cue_position": 1.0, "gamma_fc": 0.935088618080988}, "datetime": {"delta": 96.034623, "datetime": "2020-06-24 21:34:15", "elapsed": 15577.24662}}
{"target": 10.283333333333333, "params": {"gamma_cf": 0.7845793924196178, "beta_enc": 0.06528798475204119, "beta_rec": 0.852877765369033, "cue_position": 1.0, "gamma_fc": 0.9453488902799493}, "datetime": {"delta": 85.085328, "datetime": "2020-06-24 21:35:40", "elapsed": 15662.331948}}
{"target": 10.125, "params": {"gamma_cf": 0.8117353940155624, "beta_enc": 0.06089214390333667, "beta_rec": 0.8280424238147492, "cue_position": 1.0, "gamma_fc": 0.9291605237633654}, "datetime": {"delta": 77.033754, "datetime": "2020-06-24 21:36:57", "elapsed": 15739.365702}}
{"target": 10.566666666666666, "params": {"gamma_cf": 0.7989745503418708, "beta_enc": 0.06530771565193617, "beta_rec": 0.8400002854230492, "cue_position": 1.0, "gamma_fc": 0.937447167833892}, "datetime": {"delta": 88.610564, "datetime": "2020-06-24 21:38:26", "elapsed": 15827.976266}}
{"target": 10.541666666666666, "params": {"gamma_cf": 0.7973926858962013, "beta_enc": 0.05111376506566033, "beta_rec": 0.8417268321397192, "cue_position": 1.0, "gamma_fc": 0.9370391154307308}, "datetime": {"delta": 107.338556, "datetime": "2020-06-24 21:40:13", "elapsed": 15935.314822}}
{"target": 10.3, "params": {"gamma_cf": 0.83875433216921, "beta_enc": 0.13706792527139197, "beta_rec": 0.7465931367991183, "cue_position": 1.0, "gamma_fc": 0.8825726588878859}, "datetime": {"delta": 103.696139, "datetime": "2020-06-24 21:41:57", "elapsed": 16039.010961}}
{"target": 10.104166666666666, "params": {"gamma_cf": 0.7714536320092799, "beta_enc": 0.03284906094375783, "beta_rec": 0.8836800498716844, "cue_position": 1.0, "gamma_fc": 0.955596255180681}, "datetime": {"delta": 97.040727, "datetime": "2020-06-24 21:43:34", "elapsed": 16136.051688}}
{"target": 10.2, "params": {"gamma_cf": 0.7181856447769597, "beta_enc": 0.0524566297945951, "beta_rec": 0.83621372765356, "cue_position": 1.0, "gamma_fc": 0.9454966368799459}, "datetime": {"delta": 93.807235, "datetime": "2020-06-24 21:45:08", "elapsed": 16229.858923}}
{"target": 10.195833333333333, "params": {"gamma_cf": 0.8401013040925565, "beta_enc": 0.06673287783356843, "beta_rec": 0.9557350795189133, "cue_position": 1.0, "gamma_fc": 0.8131572524227807}, "datetime": {"delta": 99.041564, "datetime": "2020-06-24 21:46:47", "elapsed": 16328.900487}}
{"target": 10.291666666666666, "params": {"gamma_cf": 0.8066730632827163, "beta_enc": 0.12566034464084178, "beta_rec": 0.9353783928975583, "cue_position": 1.0, "gamma_fc": 0.714857445886145}, "datetime": {"delta": 104.079188, "datetime": "2020-06-24 21:48:31", "elapsed": 16432.979675}}
{"target": 10.358333333333333, "params": {"gamma_cf": 0.88414367181134, "beta_enc": 0.09549001678828352, "beta_rec": 0.47186902168879225, "cue_position": 1.0, "gamma_fc": 0.4573056968423295}, "datetime": {"delta": 102.017501, "datetime": "2020-06-24 21:50:13", "elapsed": 16534.997176}}
{"target": 10.35, "params": {"gamma_cf": 0.8318186259944728, "beta_enc": 0.03788954393891521, "beta_rec": 0.8977500669666155, "cue_position": 1.0, "gamma_fc": 0.9478815208696465}, "datetime": {"delta": 97.1534, "datetime": "2020-06-24 21:51:50", "elapsed": 16632.150576}}
{"target": 10.183333333333334, "params": {"gamma_cf": 0.8962645855312883, "beta_enc": 0.1921871461026622, "beta_rec": 0.8597249454231948, "cue_position": 1.0, "gamma_fc": 0.7267212020516557}, "datetime": {"delta": 96.911154, "datetime": "2020-06-24 21:53:27", "elapsed": 16729.06173}}
{"target": 10.429166666666667, "params": {"gamma_cf": 0.7705341702899159, "beta_enc": 0.04445990182371922, "beta_rec": 0.09173399329129323, "cue_position": 1.0, "gamma_fc": 0.49575738967522137}, "datetime": {"delta": 93.560959, "datetime": "2020-06-24 21:55:01", "elapsed": 16822.622689}}
{"target": 10.125, "params": {"gamma_cf": 0.7947938581487075, "beta_enc": 0.0915596059619273, "beta_rec": 0.48427332583198185, "cue_position": 1.0, "gamma_fc": 0.8104239998726245}, "datetime": {"delta": 97.908666, "datetime": "2020-06-24 21:56:38", "elapsed": 16920.531355}}
{"target": 10.258333333333333, "params": {"gamma_cf": 0.7564160018514018, "beta_enc": 0.08216545005743413, "beta_rec": 0.4493944373276719, "cue_position": 1.0, "gamma_fc": 0.8454210830198827}, "datetime": {"delta": 98.963584, "datetime": "2020-06-24 21:58:17", "elapsed": 17019.494939}}
{"target": 10.320833333333333, "params": {"gamma_cf": 0.7740479595580407, "beta_enc": 0.04646610061237141, "beta_rec": 0.47417474752996625, "cue_position": 1.0, "gamma_fc": 0.8178596496632562}, "datetime": {"delta": 95.742205, "datetime": "2020-06-24 21:59:53", "elapsed": 17115.237144}}
{"target": 10.125, "params": {"gamma_cf": 0.7872331546684828, "beta_enc": 0.07210073500377032, "beta_rec": 0.4073631384508605, "cue_position": 1.0, "gamma_fc": 0.794581774136215}, "datetime": {"delta": 100.638388, "datetime": "2020-06-24 22:01:34", "elapsed": 17215.875532}}
{"target": 10.3625, "params": {"gamma_cf": 0.8390530111848525, "beta_enc": 0.17209946031995205, "beta_rec": 0.4471546808273195, "cue_position": 1.0, "gamma_fc": 0.9041668818393893}, "datetime": {"delta": 99.264899, "datetime": "2020-06-24 22:03:13", "elapsed": 17315.140431}}
{"target": 10.216666666666667, "params": {"gamma_cf": 0.7819112996115885, "beta_enc": 0.03123972642767261, "beta_rec": 0.10119525321737309, "cue_position": 1.0, "gamma_fc": 0.43172206865529733}, "datetime": {"delta": 98.315078, "datetime": "2020-06-24 22:04:51", "elapsed": 17413.455509}}
{"target": 10.366666666666667, "params": {"gamma_cf": 0.8164801727338513, "beta_enc": 0.07068801303730408, "beta_rec": 0.08972873627577549, "cue_position": 1.0, "gamma_fc": 0.46857769363911517}, "datetime": {"delta": 97.871084, "datetime": "2020-06-24 22:06:29", "elapsed": 17511.326593}}
{"target": 10.2375, "params": {"gamma_cf": 0.8338908255822559, "beta_enc": 0.06989440794107647, "beta_rec": 0.12773911845718286, "cue_position": 1.0, "gamma_fc": 0.41307053839965}, "datetime": {"delta": 100.751229, "datetime": "2020-06-24 22:08:10", "elapsed": 17612.077822}}
{"target": 10.3375, "params": {"gamma_cf": 0.9424075396555328, "beta_enc": 0.18288324639675113, "beta_rec": 0.6438830218093385, "cue_position": 1.0, "gamma_fc": 0.7364496226555443}, "datetime": {"delta": 100.896934, "datetime": "2020-06-24 22:09:51", "elapsed": 17712.974756}}
{"target": 10.3625, "params": {"gamma_cf": 0.8158352615594351, "beta_enc": 0.04984310014605144, "beta_rec": 0.5465278915392962, "cue_position": 1.0, "gamma_fc": 0.774961294600192}, "datetime": {"delta": 95.710829, "datetime": "2020-06-24 22:11:27", "elapsed": 17808.685585}}
{"target": 10.379166666666666, "params": {"gamma_cf": 0.8006103720209883, "beta_enc": 0.06160221958954586, "beta_rec": 0.8303969045150922, "cue_position": 1.0, "gamma_fc": 0.9446276027553983}, "datetime": {"delta": 96.136015, "datetime": "2020-06-24 22:13:03", "elapsed": 17904.8216}}
{"target": 10.308333333333334, "params": {"gamma_cf": 0.80242862382087, "beta_enc": 0.06386499170297874, "beta_rec": 0.8417673080995749, "cue_position": 1.0, "gamma_fc": 0.9284373504329027}, "datetime": {"delta": 98.751029, "datetime": "2020-06-24 22:14:41", "elapsed": 18003.572629}}
{"target": 10.55, "params": {"gamma_cf": 0.841896466966886, "beta_enc": 0.06308850512003449, "beta_rec": 0.9198369875979548, "cue_position": 1.0, "gamma_fc": 0.875254319816012}, "datetime": {"delta": 107.468769, "datetime": "2020-06-24 22:16:29", "elapsed": 18111.041398}}
{"target": 10.141666666666667, "params": {"gamma_cf": 0.9484573215445687, "beta_enc": 0.2449356383972008, "beta_rec": 0.23716614616627182, "cue_position": 1.0, "gamma_fc": 0.1364564912695126}, "datetime": {"delta": 105.90575, "datetime": "2020-06-24 22:18:15", "elapsed": 18216.947148}}
{"target": 10.225, "params": {"gamma_cf": 0.6978048169740457, "beta_enc": 0.015065178050382233, "beta_rec": 0.8361646186912816, "cue_position": 1.0, "gamma_fc": 0.9355465412582625}, "datetime": {"delta": 95.47817, "datetime": "2020-06-24 22:19:50", "elapsed": 18312.425318}}
{"target": 10.35, "params": {"gamma_cf": 0.873310915474179, "beta_enc": 0.129018295779084, "beta_rec": 0.7571620933654962, "cue_position": 1.0, "gamma_fc": 0.8812183556324046}, "datetime": {"delta": 95.484214, "datetime": "2020-06-24 22:21:26", "elapsed": 18407.909532}}
{"target": 10.458333333333334, "params": {"gamma_cf": 0.8069890870753107, "beta_enc": 0.0631122268760749, "beta_rec": 0.8386184567569205, "cue_position": 1.0, "gamma_fc": 0.939202151232466}, "datetime": {"delta": 95.832822, "datetime": "2020-06-24 22:23:02", "elapsed": 18503.742354}}
{"target": 10.3625, "params": {"gamma_cf": 0.9634080767031774, "beta_enc": 0.010548229971687747, "beta_rec": 0.7599837025797177, "cue_position": 1.0, "gamma_fc": 0.24617322622281718}, "datetime": {"delta": 113.8842, "datetime": "2020-06-24 22:24:56", "elapsed": 18617.626554}}
{"target": 10.354166666666666, "params": {"gamma_cf": 0.8292758259812429, "beta_enc": 0.007930585528193188, "beta_rec": 0.9041781379207874, "cue_position": 1.0, "gamma_fc": 0.9384194209232589}, "datetime": {"delta": 108.377832, "datetime": "2020-06-24 22:26:44", "elapsed": 18726.004386}}
{"target": 10.3, "params": {"gamma_cf": 0.8626433893693333, "beta_enc": 0.04924546980897649, "beta_rec": 0.9644242619201604, "cue_position": 1.0, "gamma_fc": 0.6919414678292779}, "datetime": {"delta": 94.738135, "datetime": "2020-06-24 22:28:19", "elapsed": 18820.742521}}
{"target": 10.5125, "params": {"gamma_cf": 0.7992610074105624, "beta_enc": 0.06374005211034554, "beta_rec": 0.8331697976801611, "cue_position": 1.0, "gamma_fc": 0.9350720891510397}, "datetime": {"delta": 95.146386, "datetime": "2020-06-24 22:29:54", "elapsed": 18915.888907}}
{"target": 10.0375, "params": {"gamma_cf": 0.5590488903713474, "beta_enc": 0.04601137875173228, "beta_rec": 0.9172571006646617, "cue_position": 1.0, "gamma_fc": 0.9565265872971102}, "datetime": {"delta": 109.338825, "datetime": "2020-06-24 22:31:43", "elapsed": 19025.227732}}
{"target": 10.183333333333334, "params": {"gamma_cf": 0.5556214318156001, "beta_enc": 0.022759210409070117, "beta_rec": 0.8958148021556065, "cue_position": 1.0, "gamma_fc": 0.9446616090302077}, "datetime": {"delta": 114.512666, "datetime": "2020-06-24 22:33:38", "elapsed": 19139.740398}}
{"target": 10.2125, "params": {"gamma_cf": 0.5658155404228903, "beta_enc": 0.02417734476695617, "beta_rec": 0.9020851016562864, "cue_position": 1.0, "gamma_fc": 0.9036901204505675}, "datetime": {"delta": 112.02595, "datetime": "2020-06-24 22:35:30", "elapsed": 19251.766348}}
{"target": 10.2125, "params": {"gamma_cf": 0.5737080645821077, "beta_enc": 0.07975103808195738, "beta_rec": 0.9165408587058277, "cue_position": 1.0, "gamma_fc": 0.9365909110626542}, "datetime": {"delta": 86.145079, "datetime": "2020-06-24 22:36:56", "elapsed": 19337.911427}}
{"target": 10.1625, "params": {"gamma_cf": 0.7890730203411025, "beta_enc": 0.055842969000394496, "beta_rec": 0.08946009358556752, "cue_position": 1.0, "gamma_fc": 0.45933333654575353}, "datetime": {"delta": 96.015641, "datetime": "2020-06-24 22:38:32", "elapsed": 19433.927068}}
{"target": 10.491666666666667, "params": {"gamma_cf": 0.8142717671585591, "beta_enc": 0.05272029919866261, "beta_rec": 0.11403508726161472, "cue_position": 1.0, "gamma_fc": 0.4461200489683906}, "datetime": {"delta": 107.840467, "datetime": "2020-06-24 22:40:20", "elapsed": 19541.767535}}
{"target": 10.254166666666666, "params": {"gamma_cf": 0.9100951155579577, "beta_enc": 0.09410281351875502, "beta_rec": 0.4542982526382511, "cue_position": 1.0, "gamma_fc": 0.4795589059367427}, "datetime": {"delta": 109.546632, "datetime": "2020-06-24 22:42:09", "elapsed": 19651.314167}}
{"target": 10.183333333333334, "params": {"gamma_cf": 0.24648906168690107, "beta_enc": 0.018154868411511833, "beta_rec": 0.015489305561645222, "cue_position": 1.0, "gamma_fc": 0.853697365839036}, "datetime": {"delta": 103.673719, "datetime": "2020-06-24 22:43:53", "elapsed": 19754.987886}}
{"target": 10.25, "params": {"gamma_cf": 0.7373414589846602, "beta_enc": 0.02355066059666284, "beta_rec": 0.8406338148112734, "cue_position": 1.0, "gamma_fc": 0.9554975493339086}, "datetime": {"delta": 91.398388, "datetime": "2020-06-24 22:45:24", "elapsed": 19846.386274}}
{"target": 10.208333333333334, "params": {"gamma_cf": 0.8168136826606718, "beta_enc": 0.08617512454959864, "beta_rec": 0.9433622119931809, "cue_position": 1.0, "gamma_fc": 0.7479469440651889}, "datetime": {"delta": 99.873545, "datetime": "2020-06-24 22:47:04", "elapsed": 19946.259819}}
{"target": 10.270833333333334, "params": {"gamma_cf": 0.24527896993432016, "beta_enc": 0.019559440967987195, "beta_rec": 0.03198372684805804, "cue_position": 1.0, "gamma_fc": 0.8636641796540847}, "datetime": {"delta": 116.907641, "datetime": "2020-06-24 22:49:01", "elapsed": 20063.16746}}
{"target": 10.15, "params": {"gamma_cf": 0.2499610319072307, "beta_enc": 0.027408793997480977, "beta_rec": 0.02471542585371435, "cue_position": 1.0, "gamma_fc": 0.8557576154224421}, "datetime": {"delta": 111.053636, "datetime": "2020-06-24 22:50:52", "elapsed": 20174.221096}}
{"target": 10.295833333333333, "params": {"gamma_cf": 0.2350680244935689, "beta_enc": 0.04274327813662635, "beta_rec": 0.004221330608620215, "cue_position": 1.0, "gamma_fc": 0.8365651452845501}, "datetime": {"delta": 98.852853, "datetime": "2020-06-24 22:52:31", "elapsed": 20273.073949}}
{"target": 10.2625, "params": {"gamma_cf": 0.27468372411696335, "beta_enc": 0.031982526649281084, "beta_rec": 0.024329730698605206, "cue_position": 1.0, "gamma_fc": 0.8750443436435551}, "datetime": {"delta": 95.15965, "datetime": "2020-06-24 22:54:06", "elapsed": 20368.233599}}
{"target": 10.466666666666667, "params": {"gamma_cf": 0.8113755325901835, "beta_enc": 0.057366273108012136, "beta_rec": 0.10679625692001532, "cue_position": 1.0, "gamma_fc": 0.4146688416567529}, "datetime": {"delta": 106.765726, "datetime": "2020-06-24 22:55:53", "elapsed": 20474.999325}}
{"target": 10.108333333333333, "params": {"gamma_cf": 0.5494137988070421, "beta_enc": 0.05568713243548696, "beta_rec": 0.9273239945742484, "cue_position": 1.0, "gamma_fc": 0.9688413185272655}, "datetime": {"delta": 112.329344, "datetime": "2020-06-24 22:57:45", "elapsed": 20587.328669}}
{"target": 10.2375, "params": {"gamma_cf": 0.782235290035853, "beta_enc": 0.07455316474656454, "beta_rec": 0.45880191561622924, "cue_position": 1.0, "gamma_fc": 0.8304298820428923}, "datetime": {"delta": 111.988213, "datetime": "2020-06-24 22:59:37", "elapsed": 20699.316882}}
{"target": 10.266666666666667, "params": {"gamma_cf": 0.7658779251716935, "beta_enc": 0.0788548980674187, "beta_rec": 0.4873414470775315, "cue_position": 1.0, "gamma_fc": 0.8315856733234278}, "datetime": {"delta": 98.679713, "datetime": "2020-06-24 23:01:16", "elapsed": 20797.996595}}
{"target": 10.245833333333334, "params": {"gamma_cf": 0.7804288718485562, "beta_enc": 0.0923500844850745, "beta_rec": 0.4739048922917313, "cue_position": 1.0, "gamma_fc": 0.8514052950505799}, "datetime": {"delta": 98.640083, "datetime": "2020-06-24 23:02:55", "elapsed": 20896.636678}}
{"target": 10.066666666666666, "params": {"gamma_cf": 0.5493721133046714, "beta_enc": 0.03780918379620381, "beta_rec": 0.9095113274113743, "cue_position": 1.0, "gamma_fc": 0.9669690308756195}, "datetime": {"delta": 111.306333, "datetime": "2020-06-24 23:04:46", "elapsed": 21007.943011}}
{"target": 10.1875, "params": {"gamma_cf": 0.9715247616055642, "beta_enc": 0.021104442857052607, "beta_rec": 0.75019175575425, "cue_position": 1.0, "gamma_fc": 0.2278150714130578}, "datetime": {"delta": 118.533633, "datetime": "2020-06-24 23:06:44", "elapsed": 21126.476644}}
{"target": 10.266666666666667, "params": {"gamma_cf": 0.5590267294037466, "beta_enc": 0.021779205572448924, "beta_rec": 0.9091102903323576, "cue_position": 1.0, "gamma_fc": 0.9436030493159168}, "datetime": {"delta": 102.280364, "datetime": "2020-06-24 23:08:27", "elapsed": 21228.757008}}
{"target": 10.475, "params": {"gamma_cf": 0.5466185099286202, "beta_enc": 0.055727470927966816, "beta_rec": 0.9141958367070337, "cue_position": 1.0, "gamma_fc": 0.9521085648442158}, "datetime": {"delta": 103.100509, "datetime": "2020-06-24 23:10:10", "elapsed": 21331.857517}}
{"target": 10.066666666666666, "params": {"gamma_cf": 0.7704253631256562, "beta_enc": 0.1371833142057254, "beta_rec": 0.9221508211343631, "cue_position": 1.0, "gamma_fc": 0.733650476169305}, "datetime": {"delta": 99.543537, "datetime": "2020-06-24 23:11:49", "elapsed": 21431.401054}}
{"target": 10.508333333333333, "params": {"gamma_cf": 0.8176013517293892, "beta_enc": 0.021250815712157332, "beta_rec": 0.8911895365215108, "cue_position": 1.0, "gamma_fc": 0.9435592337365053}, "datetime": {"delta": 110.35562, "datetime": "2020-06-24 23:13:40", "elapsed": 21541.756674}}
{"target": 10.391666666666667, "params": {"gamma_cf": 0.8737160818700224, "beta_enc": 0.058579487564642624, "beta_rec": 0.9524920590448976, "cue_position": 1.0, "gamma_fc": 0.6580805678402}, "datetime": {"delta": 118.142981, "datetime": "2020-06-24 23:15:38", "elapsed": 21659.899655}}
{"target": 10.5375, "params": {"gamma_cf": 0.8177967254900254, "beta_enc": 0.05815589137173551, "beta_rec": 0.09518098710736188, "cue_position": 1.0, "gamma_fc": 0.4378658319330165}, "datetime": {"delta": 101.927862, "datetime": "2020-06-24 23:17:20", "elapsed": 21761.827517}}
{"target": 10.4, "params": {"gamma_cf": 0.6080704783918076, "beta_enc": 0.018006020267106074, "beta_rec": 0.8946375008593653, "cue_position": 1.0, "gamma_fc": 0.9672475736612721}, "datetime": {"delta": 101.762272, "datetime": "2020-06-24 23:19:01", "elapsed": 21863.589789}}
{"target": 10.5875, "params": {"gamma_cf": 0.8348636929709357, "beta_enc": 0.05269895843071789, "beta_rec": 0.9158023292316311, "cue_position": 1.0, "gamma_fc": 0.8841677155610252}, "datetime": {"delta": 101.883702, "datetime": "2020-06-24 23:20:43", "elapsed": 21965.473491}}
{"target": 10.225, "params": {"gamma_cf": 0.9203767674515277, "beta_enc": 0.17934290827426766, "beta_rec": 0.628559508502478, "cue_position": 1.0, "gamma_fc": 0.7352903846840869}, "datetime": {"delta": 115.152332, "datetime": "2020-06-24 23:22:39", "elapsed": 22080.625823}}
{"target": 10.458333333333334, "params": {"gamma_cf": 0.9575700257822465, "beta_enc": 0.014716165139289793, "beta_rec": 0.9706726834352957, "cue_position": 1.0, "gamma_fc": 0.6163646116028874}, "datetime": {"delta": 120.788303, "datetime": "2020-06-24 23:24:39", "elapsed": 22201.414126}}
{"target": 10.395833333333334, "params": {"gamma_cf": 0.8044028161335866, "beta_enc": 0.057122790964191664, "beta_rec": 0.5280268128249991, "cue_position": 1.0, "gamma_fc": 0.7886698101634727}, "datetime": {"delta": 101.777137, "datetime": "2020-06-24 23:26:21", "elapsed": 22303.191263}}
