{"target": -0.25983427859853975, "params": {"phi_s": 1.1382995881508189, "gamma_fc": 0.6251050952300852, "phi_d": 1.9021743904269879, "beta_enc": 0.7239535843199026, "Num": 5.700425636821052, "beta_rec": 0.6873145016268828, "k": 4.499506020242913}, "datetime": {"delta": 48.607622, "elapsed": 13335.043263, "datetime": "2020-09-09 15:50:15"}}
{"target": -0.31360043569879875, "params": {"phi_s": 1.1369672478879622, "gamma_fc": 0.6924426446550515, "phi_d": 1.9359704016155614, "beta_enc": 0.6836936271857617, "Num": 5.717666275115052, "beta_rec": 0.7160837692175464, "k": 4.639141728691201}, "datetime": {"delta": 48.740677, "elapsed": 13383.78394, "datetime": "2020-09-09 15:51:04"}}
{"target": -0.33606993332608615, "params": {"phi_s": 1.1638453945568719, "gamma_fc": 0.5075621878255554, "phi_d": 1.9722681468815493, "beta_enc": 0.7617379479685106, "Num": 5.773473251880446, "beta_rec": 0.6849665727515348, "k": 4.486718328792356}, "datetime": {"delta": 49.524754, "elapsed": 13433.308694, "datetime": "2020-09-09 15:51:53"}}
{"target": -0.27647373790488977, "params": {"phi_s": 1.1728841847707345, "gamma_fc": 0.7236589866225049, "phi_d": 1.896481655641699, "beta_enc": 0.7150858743089, "Num": 5.783983879458972, "beta_rec": 0.6402164491059168, "k": 4.453401148183864}, "datetime": {"delta": 49.386698, "elapsed": 13482.695392, "datetime": "2020-09-09 15:52:42"}}
{"target": -0.3400989254699792, "params": {"phi_s": 1.0404361838881124, "gamma_fc": 0.6698868063596954, "phi_d": 1.8186241589740861, "beta_enc": 0.7311374946589352, "Num": 5.603562374100421, "beta_rec": 0.7871503027972272, "k": 4.371397776501286}, "datetime": {"delta": 48.373314, "elapsed": 13531.068706, "datetime": "2020-09-09 15:53:31"}}
{"target": -0.2723328763118116, "params": {"phi_s": 1.2729295720809477, "gamma_fc": 0.6675246414749255, "phi_d": 2.0285718184905397, "beta_enc": 0.700877347523333, "Num": 5.621534095981631, "beta_rec": 0.6243097112956446, "k": 4.495239211290611}, "datetime": {"delta": 48.74146, "elapsed": 13579.810166, "datetime": "2020-09-09 15:54:20"}}
{"target": -0.32344856966340785, "params": {"phi_s": 1.104228182835987, "gamma_fc": 0.6024605015971997, "phi_d": 1.818867458003065, "beta_enc": 0.7035825330104671, "Num": 5.602702528642651, "beta_rec": 0.5385001368623697, "k": 4.503501129078426}, "datetime": {"delta": 49.773149, "elapsed": 13629.583315, "datetime": "2020-09-09 15:55:09"}}
{"target": -0.2882679446922581, "params": {"phi_s": 1.164033375946052, "gamma_fc": 0.7186893316555459, "phi_d": 2.1341408704436238, "beta_enc": 0.7272475055275127, "Num": 5.679967864835472, "beta_rec": 0.730660517255926, "k": 4.437002653688241}, "datetime": {"delta": 48.168949, "elapsed": 13677.752264, "datetime": "2020-09-09 15:55:57"}}
{"target": -0.2959856210517517, "params": {"phi_s": 1.3206905877162394, "gamma_fc": 0.6900615885704093, "phi_d": 1.9424999246603742, "beta_enc": 0.7376468238611626, "Num": 5.684855039102491, "beta_rec": 0.7876733359683149, "k": 4.4714376686852315}, "datetime": {"delta": 47.903971, "elapsed": 13725.656235, "datetime": "2020-09-09 15:56:45"}}
{"target": -0.27994905923596347, "params": {"phi_s": 1.3858619904663028, "gamma_fc": 0.773745343047004, "phi_d": 2.2397723163096934, "beta_enc": 0.7115588930221103, "Num": 5.817366764839785, "beta_rec": 0.5943325175990323, "k": 4.56438797775524}, "datetime": {"delta": 46.867373, "elapsed": 13772.523608, "datetime": "2020-09-09 15:57:32"}}
{"target": -0.2536453049635521, "params": {"phi_s": 1.5414257273980374, "gamma_fc": 0.7258873635649551, "phi_d": 2.0122534699529133, "beta_enc": 0.7003232161445399, "Num": 5.8399145320663255, "beta_rec": 0.5241729715059391, "k": 4.685626879851843}, "datetime": {"delta": 47.270924, "elapsed": 13819.794532, "datetime": "2020-09-09 15:58:20"}}
{"target": -0.30400731415740995, "params": {"phi_s": 1.4205442000522015, "gamma_fc": 0.7741683014406239, "phi_d": 2.0425390613800745, "beta_enc": 0.6811046338336362, "Num": 5.924403104027132, "beta_rec": 0.5137457731627029, "k": 4.658404065908759}, "datetime": {"delta": 47.787604, "elapsed": 13867.582136, "datetime": "2020-09-09 15:59:07"}}
{"target": -0.22201887602054626, "params": {"phi_s": 1.6175842996901266, "gamma_fc": 0.6737708148189642, "phi_d": 2.0838698879165887, "beta_enc": 0.7256706978063273, "Num": 5.725901369256781, "beta_rec": 0.5286727461187641, "k": 4.7021534026827}, "datetime": {"delta": 47.305988, "elapsed": 13914.888124, "datetime": "2020-09-09 15:59:55"}}
{"target": -0.21051556804319638, "params": {"phi_s": 1.7427748009690938, "gamma_fc": 0.6763338070336615, "phi_d": 2.0233704108222996, "beta_enc": 0.7244944430616062, "Num": 5.738504495598617, "beta_rec": 0.44243228272895163, "k": 4.768782118680595}, "datetime": {"delta": 46.663379, "elapsed": 13961.551503, "datetime": "2020-09-09 16:00:41"}}
{"target": -0.21763573648028975, "params": {"phi_s": 1.7917251996321915, "gamma_fc": 0.7197287431364373, "phi_d": 2.104107720835447, "beta_enc": 0.7323708824913958, "Num": 5.750222020710678, "beta_rec": 0.48922357765975094, "k": 4.699251489118249}, "datetime": {"delta": 46.213432, "elapsed": 14007.764935, "datetime": "2020-09-09 16:01:27"}}
{"target": -0.24332600307168353, "params": {"phi_s": 1.7145579158711521, "gamma_fc": 0.6705937771091649, "phi_d": 2.1234539929558136, "beta_enc": 0.7113378581021965, "Num": 5.7225635642164026, "beta_rec": 0.3849498202257429, "k": 4.694232025589629}, "datetime": {"delta": 46.688636, "elapsed": 14054.453571, "datetime": "2020-09-09 16:02:14"}}
{"target": -0.22960575898291502, "params": {"phi_s": 1.7631876515591849, "gamma_fc": 0.7059033496461417, "phi_d": 2.0822948395003515, "beta_enc": 0.7323480519449406, "Num": 5.7778785064250915, "beta_rec": 0.505555573404511, "k": 4.82744888409226}, "datetime": {"delta": 47.203271, "elapsed": 14101.656842, "datetime": "2020-09-09 16:03:01"}}
{"target": -0.19877507144467527, "params": {"phi_s": 1.7855099116923807, "gamma_fc": 0.6436257913513175, "phi_d": 1.987215018367881, "beta_enc": 0.7478323904478507, "Num": 5.733322329488453, "beta_rec": 0.5193530132267296, "k": 4.713398596238314}, "datetime": {"delta": 47.52286, "elapsed": 14149.179702, "datetime": "2020-09-09 16:03:49"}}
{"target": -0.22811663469647703, "params": {"phi_s": 1.7958069701020194, "gamma_fc": 0.6977004920090184, "phi_d": 1.965880302267692, "beta_enc": 0.7112469495409541, "Num": 5.661743929499665, "beta_rec": 0.5371508173509185, "k": 4.727140008384861}, "datetime": {"delta": 47.668533, "elapsed": 14196.848235, "datetime": "2020-09-09 16:04:37"}}
{"target": -0.19495608077427506, "params": {"phi_s": 1.7814724962987019, "gamma_fc": 0.6688114555065242, "phi_d": 2.0075664093817296, "beta_enc": 0.8213630541835842, "Num": 5.721459794504093, "beta_rec": 0.49330028819337174, "k": 4.71746429097804}, "datetime": {"delta": 46.583099, "elapsed": 14243.431334, "datetime": "2020-09-09 16:05:23"}}
{"target": -0.21692505292810518, "params": {"phi_s": 1.9148604647130465, "gamma_fc": 0.6347933958114322, "phi_d": 1.9724463970925232, "beta_enc": 0.8064255127577074, "Num": 5.7335898337730855, "beta_rec": 0.43490338710865367, "k": 4.7602056711957825}, "datetime": {"delta": 46.394609, "elapsed": 14289.825943, "datetime": "2020-09-09 16:06:10"}}
{"target": -0.21876201273623463, "params": {"phi_s": 1.814020736119881, "gamma_fc": 0.7037662111028324, "phi_d": 1.9104243244098245, "beta_enc": 0.7865716134746759, "Num": 5.80365574385078, "beta_rec": 0.47302749143072603, "k": 4.7364720214557545}, "datetime": {"delta": 47.0604, "elapsed": 14336.886343, "datetime": "2020-09-09 16:06:57"}}
{"target": -0.1565177759992133, "params": {"phi_s": 1.8068567329840863, "gamma_fc": 0.5905681521749289, "phi_d": 2.1181561397424504, "beta_enc": 0.8286323830790747, "Num": 5.656716541642512, "beta_rec": 0.5356761986224242, "k": 4.68426049722431}, "datetime": {"delta": 46.631962, "elapsed": 14383.518305, "datetime": "2020-09-09 16:07:43"}}
{"target": -0.28047701358983507, "params": {"phi_s": 1.8431269381161242, "gamma_fc": 0.5458327644576108, "phi_d": 2.220306417536354, "beta_enc": 0.8799765763203884, "Num": 5.5952211775742695, "beta_rec": 0.5795278772392841, "k": 4.644805874033924}, "datetime": {"delta": 47.037573, "elapsed": 14430.555878, "datetime": "2020-09-09 16:08:30"}}
{"target": -0.1809381098632949, "params": {"phi_s": 1.780571217081625, "gamma_fc": 0.5366737783238803, "phi_d": 2.091111126385382, "beta_enc": 0.8058966651166609, "Num": 5.635927707161099, "beta_rec": 0.4942957936259435, "k": 4.734997117932952}, "datetime": {"delta": 45.984403, "elapsed": 14476.540281, "datetime": "2020-09-09 16:09:16"}}
{"target": -0.17397666547095986, "params": {"phi_s": 1.7890814071563987, "gamma_fc": 0.5642159155613766, "phi_d": 2.123647798242192, "beta_enc": 0.8280283876458726, "Num": 5.745550608344712, "beta_rec": 0.5366614976549561, "k": 4.658484077928385}, "datetime": {"delta": 45.750559, "elapsed": 14522.29084, "datetime": "2020-09-09 16:10:02"}}
{"target": -0.19091912366830993, "params": {"phi_s": 1.8011273215939423, "gamma_fc": 0.5860421396561528, "phi_d": 2.0687061051966142, "beta_enc": 0.8096619468471482, "Num": 5.641528470705487, "beta_rec": 0.5227461056377916, "k": 4.60563361901786}, "datetime": {"delta": 45.694281, "elapsed": 14567.985121, "datetime": "2020-09-09 16:10:48"}}
{"target": -0.18571827845390915, "params": {"phi_s": 1.8195763498614352, "gamma_fc": 0.5986054469884396, "phi_d": 2.088291771126569, "beta_enc": 0.8266289216516782, "Num": 5.68254149046175, "beta_rec": 0.614124005566943, "k": 4.715179684609135}, "datetime": {"delta": 45.32973, "elapsed": 14613.314851, "datetime": "2020-09-09 16:11:33"}}
{"target": -0.2810279750554301, "params": {"phi_s": 1.0995919234875955, "gamma_fc": 0.8174838253075788, "phi_d": 2.807717849013287, "beta_enc": 0.8526872010665468, "Num": 5.82818389193011, "beta_rec": 0.6499850475857354, "k": 4.443844062761082}, "datetime": {"delta": 46.875573, "elapsed": 14660.190424, "datetime": "2020-09-09 16:12:20"}}
{"target": -0.5098224359204553, "params": {"phi_s": 1.2929304043072867, "gamma_fc": 0.8860085683929909, "phi_d": 2.725287898245655, "beta_enc": 0.8930748434458484, "Num": 6.014938584367425, "beta_rec": 0.8855016062378794, "k": 4.433626164157178}, "datetime": {"delta": 51.097239, "elapsed": 14711.287663, "datetime": "2020-09-09 16:13:11"}}
{"target": -0.3016218680293151, "params": {"phi_s": 1.0, "gamma_fc": 0.768946460891616, "phi_d": 2.7970072500085705, "beta_enc": 0.7795566679615991, "Num": 5.6091336250487425, "beta_rec": 0.3719749738440547, "k": 4.432802224575093}, "datetime": {"delta": 48.160795, "elapsed": 14759.448458, "datetime": "2020-09-09 16:13:59"}}
{"target": -0.34699711431214125, "params": {"phi_s": 1.0, "gamma_fc": 0.7127646919848029, "phi_d": 3.0, "beta_enc": 0.8690893623380961, "Num": 5.960782444124431, "beta_rec": 0.35721851962505896, "k": 4.4063057065498}, "datetime": {"delta": 47.901949, "elapsed": 14807.350407, "datetime": "2020-09-09 16:14:47"}}
{"target": -0.559968683735855, "params": {"phi_s": 1.0, "gamma_fc": 0.935341023665278, "phi_d": 3.0, "beta_enc": 0.9429544101225606, "Num": 5.665040009301566, "beta_rec": 0.5360619378716225, "k": 4.18607438048017}, "datetime": {"delta": 47.093552, "elapsed": 14854.443959, "datetime": "2020-09-09 16:15:34"}}
{"target": -0.27395759317032886, "params": {"phi_s": 1.1268407009567496, "gamma_fc": 0.6615352446387207, "phi_d": 2.6816778576161666, "beta_enc": 0.7829384035392418, "Num": 5.827549650955956, "beta_rec": 0.48151215491793564, "k": 4.588114385457983}, "datetime": {"delta": 47.177945, "elapsed": 14901.621904, "datetime": "2020-09-09 16:16:21"}}
{"target": -0.344726961902148, "params": {"phi_s": 1.0, "gamma_fc": 0.9316146397378801, "phi_d": 2.8069503262270077, "beta_enc": 0.7254835014782437, "Num": 5.864049966837776, "beta_rec": 0.48178067771207445, "k": 4.632038221268942}, "datetime": {"delta": 48.458589, "elapsed": 14950.080493, "datetime": "2020-09-09 16:17:10"}}
{"target": -0.30122770559012113, "params": {"phi_s": 1.0, "gamma_fc": 0.5632784383869941, "phi_d": 2.968249730207911, "beta_enc": 0.7884113801279354, "Num": 5.669778649090564, "beta_rec": 0.5831099579644532, "k": 4.563355290042894}, "datetime": {"delta": 47.34756, "elapsed": 14997.428053, "datetime": "2020-09-09 16:17:57"}}
{"target": -0.36258689910615416, "params": {"phi_s": 1.0, "gamma_fc": 0.3821111681046641, "phi_d": 3.0, "beta_enc": 0.7418702638016188, "Num": 5.549433226882668, "beta_rec": 0.05785986176972163, "k": 4.553171735989662}, "datetime": {"delta": 46.84221, "elapsed": 15044.270263, "datetime": "2020-09-09 16:18:44"}}
{"target": -0.24507764106296845, "params": {"phi_s": 1.2735270043689335, "gamma_fc": 0.6978108737324588, "phi_d": 3.0, "beta_enc": 0.8584106586416221, "Num": 5.695535294240218, "beta_rec": 0.35845515328175614, "k": 4.611282264512728}, "datetime": {"delta": 46.234938, "elapsed": 15090.505201, "datetime": "2020-09-09 16:19:30"}}
{"target": -0.39266417564725364, "params": {"phi_s": 1.2410416651286866, "gamma_fc": 0.6482358797777332, "phi_d": 2.959720971251053, "beta_enc": 0.6618582370779482, "Num": 5.729706406137141, "beta_rec": 0.3942812202535908, "k": 4.463227250035658}, "datetime": {"delta": 48.205839, "elapsed": 15138.71104, "datetime": "2020-09-09 16:20:18"}}
{"target": -0.8928709663690196, "params": {"phi_s": 1.0517313976247007, "gamma_fc": 0.6755761963720582, "phi_d": 2.984544746391879, "beta_enc": 1.0, "Num": 5.669821418349148, "beta_rec": 0.371393705297536, "k": 4.700162309872093}, "datetime": {"delta": 47.621205, "elapsed": 15186.332245, "datetime": "2020-09-09 16:21:06"}}
{"target": -0.2728083328766713, "params": {"phi_s": 1.492072599917739, "gamma_fc": 0.75179183948978, "phi_d": 2.9971519427417417, "beta_enc": 0.860195834264225, "Num": 5.726787803703367, "beta_rec": 0.31097114485477123, "k": 4.623191170251117}, "datetime": {"delta": 47.221214, "elapsed": 15233.553459, "datetime": "2020-09-09 16:21:53"}}
{"target": -0.34342204073878113, "params": {"phi_s": 1.0, "gamma_fc": 0.6421475919871712, "phi_d": 2.690475522288388, "beta_enc": 0.6854887721706973, "Num": 5.629497460474567, "beta_rec": 0.6848496434967684, "k": 4.47443460794488}, "datetime": {"delta": 48.007013, "elapsed": 15281.560472, "datetime": "2020-09-09 16:22:41"}}
{"target": -0.196166969231121, "params": {"phi_s": 1.3626334286185118, "gamma_fc": 0.7066590735264705, "phi_d": 3.0, "beta_enc": 0.826087807952683, "Num": 5.754123732461078, "beta_rec": 0.5571998498851962, "k": 4.631069467431145}, "datetime": {"delta": 46.278373, "elapsed": 15327.838845, "datetime": "2020-09-09 16:23:28"}}
{"target": -0.44179709812740925, "params": {"phi_s": 1.0, "gamma_fc": 0.1622224150338421, "phi_d": 3.0, "beta_enc": 0.7402587546440264, "Num": 5.4422112043198965, "beta_rec": 0.3023643786571717, "k": 4.3113043962237}, "datetime": {"delta": 48.047928, "elapsed": 15375.886773, "datetime": "2020-09-09 16:24:16"}}
{"target": -0.31643494073814454, "params": {"phi_s": 1.0, "gamma_fc": 0.576323438111251, "phi_d": 3.0, "beta_enc": 0.7403028779733575, "Num": 5.972916467911132, "beta_rec": 0.7238537000379874, "k": 4.5204258050810475}, "datetime": {"delta": 47.250695, "elapsed": 15423.137468, "datetime": "2020-09-09 16:25:03"}}
{"target": -0.2403156073727596, "params": {"phi_s": 1.3492281248587676, "gamma_fc": 0.7988122402863723, "phi_d": 2.84647245052358, "beta_enc": 0.8057029672547169, "Num": 5.677136877356262, "beta_rec": 0.49130429702079137, "k": 4.6140530804945925}, "datetime": {"delta": 47.235453, "elapsed": 15470.372921, "datetime": "2020-09-09 16:25:50"}}
{"target": -0.2544526081067445, "params": {"phi_s": 1.4106039205053047, "gamma_fc": 0.5487471981061081, "phi_d": 3.0, "beta_enc": 0.8516199813189891, "Num": 5.6647874318335765, "beta_rec": 0.4752934432135899, "k": 4.615199288342346}, "datetime": {"delta": 47.490748, "elapsed": 15517.863669, "datetime": "2020-09-09 16:26:38"}}
{"target": -0.25196993883990326, "params": {"phi_s": 1.3477533472979255, "gamma_fc": 0.7109387085022287, "phi_d": 2.961050615348906, "beta_enc": 0.8581161621364106, "Num": 5.906374127685579, "beta_rec": 0.471179455554697, "k": 4.587261965431347}, "datetime": {"delta": 46.014483, "elapsed": 15563.878152, "datetime": "2020-09-09 16:27:24"}}
{"target": -0.4048188844290561, "params": {"phi_s": 1.0, "gamma_fc": 0.541992532222515, "phi_d": 2.7750768844584113, "beta_enc": 0.6158184552133638, "Num": 5.344929868768049, "beta_rec": 0.0, "k": 4.358264552983919}, "datetime": {"delta": 47.407671, "elapsed": 15611.285823, "datetime": "2020-09-09 16:28:11"}}
{"target": -1.0869251840203387, "params": {"phi_s": 1.1307423501996337, "gamma_fc": 0.4548574916509682, "phi_d": 0.17964924597332657, "beta_enc": 0.9960001430087622, "Num": 3.7444404752825466, "beta_rec": 0.8816883706926811, "k": 4.00797183833564}, "datetime": {"delta": 46.406026, "elapsed": 15657.691849, "datetime": "2020-09-09 16:28:57"}}
{"target": -1.1277636305513081, "params": {"phi_s": 1.0104285490533103, "gamma_fc": 0.6293550416990462, "phi_d": 0.70953109401939, "beta_enc": 0.9952738393389365, "Num": 10.0, "beta_rec": 1.0, "k": 5.913412800113414}, "datetime": {"delta": 53.032002, "elapsed": 15710.723851, "datetime": "2020-09-09 16:29:50"}}
{"target": -0.7577916650826998, "params": {"phi_s": 1.1541116289726714, "gamma_fc": 0.18919662075249746, "phi_d": 2.7759499263212133, "beta_enc": 0.91820228316989, "Num": 7.3656503542724865, "beta_rec": 0.08388935092167586, "k": 9.912424862609194}, "datetime": {"delta": 45.488857, "elapsed": 15756.212708, "datetime": "2020-09-09 16:30:36"}}
{"target": -0.2636258694393052, "params": {"phi_s": 1.3727031144697905, "gamma_fc": 0.6865897488428087, "phi_d": 3.0, "beta_enc": 0.735614665894814, "Num": 5.735053494704061, "beta_rec": 0.4501465871339156, "k": 4.755949616925819}, "datetime": {"delta": 46.983479, "elapsed": 15803.196187, "datetime": "2020-09-09 16:31:23"}}
{"target": -1.183469590852319, "params": {"phi_s": 2.7178519829222796, "gamma_fc": 1.0, "phi_d": 2.848632684124231, "beta_enc": 1.0, "Num": 6.578820995778174, "beta_rec": 1.0, "k": 7.130673404875808}, "datetime": {"delta": 55.063846, "elapsed": 15858.260033, "datetime": "2020-09-09 16:32:18"}}
{"target": -0.5398219332957085, "params": {"phi_s": 2.7909815934266238, "gamma_fc": 0.12970808588184574, "phi_d": 2.443853928205004, "beta_enc": 0.6537494937527168, "Num": 7.2478234175764005, "beta_rec": 0.6269028455105797, "k": 7.050151100697664}, "datetime": {"delta": 46.72463, "elapsed": 15904.984663, "datetime": "2020-09-09 16:33:05"}}
{"target": -0.5048685083658688, "params": {"phi_s": 1.0, "gamma_fc": 0.0, "phi_d": 1.7116910872520243, "beta_enc": 0.4619971871904863, "Num": 6.452184520013024, "beta_rec": 0.0, "k": 8.804331399291588}, "datetime": {"delta": 47.551954, "elapsed": 15952.536617, "datetime": "2020-09-09 16:33:52"}}
{"target": -0.34224076250001345, "params": {"phi_s": 1.0, "gamma_fc": 0.8073833747358737, "phi_d": 2.5911409177778393, "beta_enc": 0.7493526960691782, "Num": 5.89893613257784, "beta_rec": 0.3280800513159401, "k": 4.373150905815407}, "datetime": {"delta": 49.013697, "elapsed": 16001.550314, "datetime": "2020-09-09 16:34:41"}}
{"target": -0.421464946877979, "params": {"phi_s": 1.4273880324742028, "gamma_fc": 0.3661627460224459, "phi_d": 3.0, "beta_enc": 0.7887443574710589, "Num": 5.349173372144368, "beta_rec": 0.0, "k": 4.537675845741013}, "datetime": {"delta": 47.404283, "elapsed": 16048.954597, "datetime": "2020-09-09 16:35:29"}}
{"target": -1.1545741465571595, "params": {"phi_s": 1.8818376406647275, "gamma_fc": 1.0, "phi_d": 2.098650308275639, "beta_enc": 1.0, "Num": 1.9986900671076357, "beta_rec": 0.7929030541441231, "k": 4.107087097286332}, "datetime": {"delta": 37.103776, "elapsed": 16086.058373, "datetime": "2020-09-09 16:36:06"}}
{"target": -1.1081023681246371, "params": {"phi_s": 2.6048368324452875, "gamma_fc": 0.5411943255904288, "phi_d": 2.6045084666692873, "beta_enc": 0.48826000576951745, "Num": 7.0832449862300715, "beta_rec": 0.13701380443050726, "k": 7.0276174585736}, "datetime": {"delta": 44.112366, "elapsed": 16130.170739, "datetime": "2020-09-09 16:36:50"}}
{"target": -0.47792022901218323, "params": {"phi_s": 3.0, "gamma_fc": 0.17134625071853182, "phi_d": 2.456615918964432, "beta_enc": 0.5927302459235376, "Num": 6.893958071554774, "beta_rec": 1.0, "k": 6.986559815620109}, "datetime": {"delta": 48.028942, "elapsed": 16178.199681, "datetime": "2020-09-09 16:37:38"}}
{"target": -0.6325010056451038, "params": {"phi_s": 2.7913157288023362, "gamma_fc": 0.0, "phi_d": 3.0, "beta_enc": 0.6382605523141558, "Num": 7.168913580230772, "beta_rec": 1.0, "k": 7.048275700112894}, "datetime": {"delta": 48.66034, "elapsed": 16226.860021, "datetime": "2020-09-09 16:38:27"}}
{"target": -0.6320356362902692, "params": {"phi_s": 2.7506571871372945, "gamma_fc": 0.5015186940090784, "phi_d": 2.3087399259672776, "beta_enc": 0.6062021198451965, "Num": 7.316492970137418, "beta_rec": 1.0, "k": 7.0233194219824995}, "datetime": {"delta": 45.485083, "elapsed": 16272.345104, "datetime": "2020-09-09 16:39:12"}}
{"target": -1.125514828119686, "params": {"phi_s": 3.0, "gamma_fc": 0.06515357778932748, "phi_d": 1.9191796545995823, "beta_enc": 1.0, "Num": 6.712748781601006, "beta_rec": 0.6688320184410306, "k": 6.968183647572057}, "datetime": {"delta": 50.425345, "elapsed": 16322.770449, "datetime": "2020-09-09 16:40:02"}}
{"target": -1.8898881463837298, "params": {"phi_s": 3.0, "gamma_fc": 0.30236044120021033, "phi_d": 2.675499067244127, "beta_enc": 0.1411269853170406, "Num": 6.963787257399503, "beta_rec": 0.9598659177469651, "k": 7.055319963846104}, "datetime": {"delta": 40.555178, "elapsed": 16363.325627, "datetime": "2020-09-09 16:40:43"}}
{"target": -0.7531558222063532, "params": {"phi_s": 2.792319372610913, "gamma_fc": 0.23380452277335279, "phi_d": 2.613058729199841, "beta_enc": 0.8789518632763879, "Num": 6.997930981752003, "beta_rec": 0.9227592832156661, "k": 6.939058962717786}, "datetime": {"delta": 46.162221, "elapsed": 16409.487848, "datetime": "2020-09-09 16:41:29"}}
