{"target": 7.44888888888889, "params": {"beta_enc": 0.31476568732401644, "primacy": 0.4, "gamma_fc": 0.8773604746948126, "beta_rec": 0.6268556021628346}, "datetime": {"elapsed": 5779.36451, "delta": 35.288402, "datetime": "2020-11-23 16:15:22"}}
{"target": 5.642666666666666, "params": {"beta_enc": 0.7844574187919231, "primacy": 0.4, "gamma_fc": 0.6562293317171314, "beta_rec": 0.4569657005615504}, "datetime": {"elapsed": 5809.415449, "delta": 30.050939, "datetime": "2020-11-23 16:15:52"}}
{"target": 7.345777777777778, "params": {"beta_enc": 0.43298150696764814, "primacy": 0.4, "gamma_fc": 0.6054790010309347, "beta_rec": 0.9093119886549367}, "datetime": {"elapsed": 5844.6681, "delta": 35.252651, "datetime": "2020-11-23 16:16:28"}}
{"target": 7.133333333333333, "params": {"beta_enc": 0.5047006080958943, "primacy": 0.4, "gamma_fc": 0.8428998401928499, "beta_rec": 0.49805562482800747}, "datetime": {"elapsed": 5879.352909, "delta": 34.684809, "datetime": "2020-11-23 16:17:02"}}
{"target": 7.057777777777778, "params": {"beta_enc": 0.5732722715496846, "primacy": 0.4, "gamma_fc": 0.5178600481723219, "beta_rec": 0.9427625754329493}, "datetime": {"elapsed": 5913.769397, "delta": 34.416488, "datetime": "2020-11-23 16:17:37"}}
{"target": 4.764666666666666, "params": {"beta_enc": 0.8479393924434762, "primacy": 0.4, "gamma_fc": 0.700726036482538, "beta_rec": 0.25163914235585283}, "datetime": {"elapsed": 5941.18136, "delta": 27.411963, "datetime": "2020-11-23 16:18:04"}}
{"target": 3.6911111111111112, "params": {"beta_enc": 0.9488362882802196, "primacy": 0.4, "gamma_fc": 0.8379779620477293, "beta_rec": 0.6243367024026759}, "datetime": {"elapsed": 5965.391379, "delta": 24.210019, "datetime": "2020-11-23 16:18:28"}}
{"target": 3.802666666666667, "params": {"beta_enc": 0.989340056166638, "primacy": 0.4, "gamma_fc": 0.3221295136147696, "beta_rec": 0.07771457033238649}, "datetime": {"elapsed": 5989.749797, "delta": 24.358418, "datetime": "2020-11-23 16:18:53"}}
{"target": 7.531555555555556, "params": {"beta_enc": 0.008939102371245067, "primacy": 0.4, "gamma_fc": 0.8612116383667944, "beta_rec": 0.8227300054219355}, "datetime": {"elapsed": 6025.449396, "delta": 35.699599, "datetime": "2020-11-23 16:19:28"}}
{"target": 7.489555555555556, "params": {"beta_enc": 0.2557451938059312, "primacy": 0.4, "gamma_fc": 0.47786200443222115, "beta_rec": 0.8026895196332986}, "datetime": {"elapsed": 6060.996513, "delta": 35.547117, "datetime": "2020-11-23 16:20:04"}}
{"target": 6.029333333333333, "params": {"beta_enc": 0.9278489928250108, "primacy": 0.4, "gamma_fc": 0.49154515001693533, "beta_rec": 0.8959699670066484}, "datetime": {"elapsed": 6092.153297, "delta": 31.156784, "datetime": "2020-11-23 16:20:35"}}
{"target": 7.2299999999999995, "params": {"beta_enc": 0.41857802576409864, "primacy": 0.4, "gamma_fc": 0.39799063940792245, "beta_rec": 0.6834649001663011}, "datetime": {"elapsed": 6126.726194, "delta": 34.572897, "datetime": "2020-11-23 16:21:10"}}
{"target": 7.498222222222222, "params": {"beta_enc": 0.1895517028339273, "primacy": 0.4, "gamma_fc": 0.2942156882442547, "beta_rec": 0.9649889241109139}, "datetime": {"elapsed": 6161.630301, "delta": 34.904107, "datetime": "2020-11-23 16:21:45"}}
{"target": 7.517333333333333, "params": {"beta_enc": 0.1443154002290481, "primacy": 0.4, "gamma_fc": 0.7159456994623945, "beta_rec": 0.014092294192442956}, "datetime": {"elapsed": 6196.305549, "delta": 34.675248, "datetime": "2020-11-23 16:22:19"}}
{"target": 5.4575555555555555, "params": {"beta_enc": 0.7945783511847522, "primacy": 0.4, "gamma_fc": 0.7918210395041538, "beta_rec": 0.5070799232841364}, "datetime": {"elapsed": 6225.120427, "delta": 28.814878, "datetime": "2020-11-23 16:22:48"}}
{"target": 5.585333333333334, "params": {"beta_enc": 0.7778484768591754, "primacy": 0.4, "gamma_fc": 0.6477706331874812, "beta_rec": 0.4064828689770863}, "datetime": {"elapsed": 6254.355633, "delta": 29.235206, "datetime": "2020-11-23 16:23:17"}}
{"target": 7.340000000000001, "params": {"beta_enc": 0.321819963387904, "primacy": 0.4, "gamma_fc": 0.4086372250132624, "beta_rec": 0.1726046201197925}, "datetime": {"elapsed": 6288.607355, "delta": 34.251722, "datetime": "2020-11-23 16:23:52"}}
{"target": 7.227111111111111, "params": {"beta_enc": 0.4069219941293579, "primacy": 0.4, "gamma_fc": 0.32031932582203126, "beta_rec": 0.9752223424373121}, "datetime": {"elapsed": 6322.663471, "delta": 34.056116, "datetime": "2020-11-23 16:24:26"}}
{"target": 6.433777777777777, "params": {"beta_enc": 0.6363061258559836, "primacy": 0.4, "gamma_fc": 0.8574844990835966, "beta_rec": 0.375091018393911}, "datetime": {"elapsed": 6354.39797, "delta": 31.734499, "datetime": "2020-11-23 16:24:57"}}
{"target": 7.401555555555555, "params": {"beta_enc": 0.25203308013083936, "primacy": 0.4, "gamma_fc": 0.43293850873416306, "beta_rec": 0.7928556779768876}, "datetime": {"elapsed": 6388.8685, "delta": 34.47053, "datetime": "2020-11-23 16:25:32"}}
{"target": 7.260000000000001, "params": {"beta_enc": 0.33027693652508094, "primacy": 0.4, "gamma_fc": 0.26865012390622656, "beta_rec": 0.6973688756131394}, "datetime": {"elapsed": 6422.981416, "delta": 34.112916, "datetime": "2020-11-23 16:26:06"}}
{"target": 7.409999999999999, "params": {"beta_enc": 0.2952887943998478, "primacy": 0.4, "gamma_fc": 0.4879214918052024, "beta_rec": 0.5441213835853572}, "datetime": {"elapsed": 6457.415025, "delta": 34.433609, "datetime": "2020-11-23 16:26:40"}}
{"target": 7.544666666666667, "params": {"beta_enc": 0.03402046046646331, "primacy": 0.4, "gamma_fc": 0.2824930361571424, "beta_rec": 0.991908319543241}, "datetime": {"elapsed": 6499.576662, "delta": 42.161637, "datetime": "2020-11-23 16:27:23"}}
{"target": 7.5551111111111116, "params": {"beta_enc": 0.07627459567232578, "primacy": 0.4, "gamma_fc": 0.8471655615347429, "beta_rec": 0.12101061318620804}, "datetime": {"elapsed": 6543.324121, "delta": 43.747459, "datetime": "2020-11-23 16:28:06"}}
{"target": 7.529111111111112, "params": {"beta_enc": 0.031479407262244734, "primacy": 0.4, "gamma_fc": 0.12292931779504579, "beta_rec": 0.0}, "datetime": {"elapsed": 6586.78384, "delta": 43.459719, "datetime": "2020-11-23 16:28:50"}}
{"target": 7.547333333333333, "params": {"beta_enc": 0.057299236572402545, "primacy": 0.4, "gamma_fc": 0.45779067711835675, "beta_rec": 0.33005371793929017}, "datetime": {"elapsed": 6633.168823, "delta": 46.384983, "datetime": "2020-11-23 16:29:36"}}
{"target": 7.5053333333333345, "params": {"beta_enc": 0.15801405095407073, "primacy": 0.4, "gamma_fc": 0.5538337927956756, "beta_rec": 0.7301742288203285}, "datetime": {"elapsed": 6678.615813, "delta": 45.44699, "datetime": "2020-11-23 16:30:22"}}
{"target": 7.572444444444445, "params": {"beta_enc": 0.13801620516549368, "primacy": 0.4, "gamma_fc": 0.871739652958374, "beta_rec": 0.8928895289420002}, "datetime": {"elapsed": 6726.026865, "delta": 47.411052, "datetime": "2020-11-23 16:31:09"}}
{"target": 7.578444444444445, "params": {"beta_enc": 0.02056089864184734, "primacy": 0.4, "gamma_fc": 0.5041653816403318, "beta_rec": 1.0}, "datetime": {"elapsed": 6770.514786, "delta": 44.487921, "datetime": "2020-11-23 16:31:53"}}
{"target": 7.574666666666667, "params": {"beta_enc": 0.0, "primacy": 0.4, "gamma_fc": 0.04637317678479881, "beta_rec": 0.1652847869685178}, "datetime": {"elapsed": 6815.36147, "delta": 44.846684, "datetime": "2020-11-23 16:32:38"}}
{"target": 7.462666666666666, "params": {"beta_enc": 0.20739503961495528, "primacy": 0.4, "gamma_fc": 1.0, "beta_rec": 0.2951114348661957}, "datetime": {"elapsed": 6859.908381, "delta": 44.546911, "datetime": "2020-11-23 16:33:23"}}
{"target": 7.525111111111111, "params": {"beta_enc": 0.07110086066199611, "primacy": 0.4, "gamma_fc": 0.6820111639023948, "beta_rec": 1.0}, "datetime": {"elapsed": 6906.41415, "delta": 46.505769, "datetime": "2020-11-23 16:34:09"}}
{"target": 7.556, "params": {"beta_enc": 0.0, "primacy": 0.4, "gamma_fc": 0.28479231144430955, "beta_rec": 0.5877524812734106}, "datetime": {"elapsed": 6953.422186, "delta": 47.008036, "datetime": "2020-11-23 16:34:56"}}
{"target": 7.522888888888889, "params": {"beta_enc": 0.1666884917007993, "primacy": 0.4, "gamma_fc": 1.0, "beta_rec": 0.8307971265585553}, "datetime": {"elapsed": 7001.621866, "delta": 48.19968, "datetime": "2020-11-23 16:35:45"}}
{"target": 7.518444444444445, "params": {"beta_enc": 0.07288331648547204, "primacy": 0.4, "gamma_fc": 0.4172861776636325, "beta_rec": 1.0}, "datetime": {"elapsed": 7048.723243, "delta": 47.101377, "datetime": "2020-11-23 16:36:32"}}
{"target": 7.524222222222223, "params": {"beta_enc": 0.0, "primacy": 0.4, "gamma_fc": 0.490697977089097, "beta_rec": 0.9224961988397856}, "datetime": {"elapsed": 7095.067027, "delta": 46.343784, "datetime": "2020-11-23 16:37:18"}}
{"target": 7.530888888888889, "params": {"beta_enc": 0.07460555863888237, "primacy": 0.4, "gamma_fc": 0.27762093773648233, "beta_rec": 0.8923623668163015}, "datetime": {"elapsed": 7139.043627, "delta": 43.9766, "datetime": "2020-11-23 16:38:02"}}
{"target": 7.518666666666666, "params": {"beta_enc": 0.0, "primacy": 0.4, "gamma_fc": 0.8207258733191408, "beta_rec": 0.0}, "datetime": {"elapsed": 7184.005368, "delta": 44.961741, "datetime": "2020-11-23 16:38:47"}}
{"target": 7.56, "params": {"beta_enc": 0.0, "primacy": 0.4, "gamma_fc": 0.1090031304243891, "beta_rec": 1.0}, "datetime": {"elapsed": 7229.754931, "delta": 45.749563, "datetime": "2020-11-23 16:39:33"}}
{"target": 7.554666666666667, "params": {"beta_enc": 0.0, "primacy": 0.4, "gamma_fc": 0.0, "beta_rec": 0.578682983072267}, "datetime": {"elapsed": 7274.989338, "delta": 45.234407, "datetime": "2020-11-23 16:40:18"}}
{"target": 7.531333333333333, "params": {"beta_enc": 0.0, "primacy": 0.4, "gamma_fc": 0.0, "beta_rec": 0.32402376332977284}, "datetime": {"elapsed": 7318.894683, "delta": 43.905345, "datetime": "2020-11-23 16:41:02"}}
{"target": 7.551555555555555, "params": {"beta_enc": 0.0, "primacy": 0.4, "gamma_fc": 1.0, "beta_rec": 0.6450875723209142}, "datetime": {"elapsed": 7363.65802, "delta": 44.763337, "datetime": "2020-11-23 16:41:47"}}
{"target": 7.544666666666667, "params": {"beta_enc": 0.0, "primacy": 0.4, "gamma_fc": 0.7973616018170728, "beta_rec": 0.35860432770182754}, "datetime": {"elapsed": 7408.1169, "delta": 44.45888, "datetime": "2020-11-23 16:42:31"}}
{"target": 7.581555555555555, "params": {"beta_enc": 0.0, "primacy": 0.4, "gamma_fc": 1.0, "beta_rec": 1.0}, "datetime": {"elapsed": 7452.298666, "delta": 44.181766, "datetime": "2020-11-23 16:43:15"}}
{"target": 7.575777777777778, "params": {"beta_enc": 0.11838813796058183, "primacy": 0.4, "gamma_fc": 1.0, "beta_rec": 1.0}, "datetime": {"elapsed": 7498.118548, "delta": 45.819882, "datetime": "2020-11-23 16:44:01"}}
{"target": 7.563777777777777, "params": {"beta_enc": 0.0, "primacy": 0.4, "gamma_fc": 1.0, "beta_rec": 0.8813408136864874}, "datetime": {"elapsed": 7542.900424, "delta": 44.781876, "datetime": "2020-11-23 16:44:46"}}
{"target": 7.514444444444445, "params": {"beta_enc": 0.13922513554090363, "primacy": 0.4, "gamma_fc": 0.8690675365131255, "beta_rec": 1.0}, "datetime": {"elapsed": 7589.363764, "delta": 46.46334, "datetime": "2020-11-23 16:45:32"}}
{"target": 7.532444444444444, "params": {"beta_enc": 0.0, "primacy": 0.4, "gamma_fc": 0.31452771573612603, "beta_rec": 0.45898853330128875}, "datetime": {"elapsed": 7634.457527, "delta": 45.093763, "datetime": "2020-11-23 16:46:17"}}
{"target": 7.578666666666666, "params": {"beta_enc": 0.0, "primacy": 0.4, "gamma_fc": 0.0, "beta_rec": 0.7820499146495613}, "datetime": {"elapsed": 7680.339283, "delta": 45.881756, "datetime": "2020-11-23 16:47:03"}}
{"target": 7.528888888888889, "params": {"beta_enc": 0.0, "primacy": 0.4, "gamma_fc": 0.058183108696697475, "beta_rec": 0.8906739738275861}, "datetime": {"elapsed": 7726.949165, "delta": 46.609882, "datetime": "2020-11-23 16:47:50"}}
{"target": 7.5088888888888885, "params": {"beta_enc": 0.0, "primacy": 0.4, "gamma_fc": 0.036771548543495416, "beta_rec": 0.6920303617985102}, "datetime": {"elapsed": 7772.546363, "delta": 45.597198, "datetime": "2020-11-23 16:48:35"}}
{"target": 7.492444444444445, "params": {"beta_enc": 0.0, "primacy": 0.4, "gamma_fc": 0.43378788740181584, "beta_rec": 0.13708914334968617}, "datetime": {"elapsed": 7817.9525, "delta": 45.406137, "datetime": "2020-11-23 16:49:21"}}
{"target": 7.560444444444445, "params": {"beta_enc": 0.0, "primacy": 0.4, "gamma_fc": 1.0, "beta_rec": 0.0}, "datetime": {"elapsed": 7864.669771, "delta": 46.717271, "datetime": "2020-11-23 16:50:08"}}
{"target": 7.516222222222223, "params": {"beta_enc": 0.0, "primacy": 0.4, "gamma_fc": 1.0, "beta_rec": 0.1430578653514444}, "datetime": {"elapsed": 7909.895741, "delta": 45.22597, "datetime": "2020-11-23 16:50:53"}}
{"target": 7.548444444444444, "params": {"beta_enc": 0.0, "primacy": 0.4, "gamma_fc": 1.0, "beta_rec": 0.48417787642010773}, "datetime": {"elapsed": 7956.306887, "delta": 46.411146, "datetime": "2020-11-23 16:51:39"}}
{"target": 7.568666666666667, "params": {"beta_enc": 0.09007380135928122, "primacy": 0.4, "gamma_fc": 0.3065428305297628, "beta_rec": 0.6015819571222306}, "datetime": {"elapsed": 8004.266845, "delta": 47.959958, "datetime": "2020-11-23 16:52:27"}}
{"target": 7.563555555555555, "params": {"beta_enc": 0.07906747958295447, "primacy": 0.4, "gamma_fc": 0.9263602348319789, "beta_rec": 0.0}, "datetime": {"elapsed": 8053.080705, "delta": 48.81386, "datetime": "2020-11-23 16:53:16"}}
{"target": 7.530444444444444, "params": {"beta_enc": 0.0, "primacy": 0.4, "gamma_fc": 0.58833227653166, "beta_rec": 1.0}, "datetime": {"elapsed": 8100.380463, "delta": 47.299758, "datetime": "2020-11-23 16:54:03"}}
{"target": 7.539999999999999, "params": {"beta_enc": 0.09919780722425965, "primacy": 0.4, "gamma_fc": 0.5170397343645714, "beta_rec": 0.48470391132291346}, "datetime": {"elapsed": 8146.522136, "delta": 46.141673, "datetime": "2020-11-23 16:54:49"}}
{"target": 1.0, "params": {"beta_enc": 0.0, "primacy": 0.4, "gamma_fc": 0.0, "beta_rec": 1.0}, "datetime": {"elapsed": 8172.322721, "delta": 25.800585, "datetime": "2020-11-23 16:55:15"}}
{"target": 7.558222222222222, "params": {"beta_enc": 0.0, "primacy": 0.4, "gamma_fc": 0.1742295541536352, "beta_rec": 0.9666554712528292}, "datetime": {"elapsed": 8223.263856, "delta": 50.941135, "datetime": "2020-11-23 16:56:06"}}
{"target": 7.527111111111111, "params": {"beta_enc": 0.0, "primacy": 0.4, "gamma_fc": 0.12834738645782362, "beta_rec": 1.0}, "datetime": {"elapsed": 8274.200336, "delta": 50.93648, "datetime": "2020-11-23 16:56:57"}}
{"target": 7.559111111111112, "params": {"beta_enc": 0.002634594787126084, "primacy": 0.4, "gamma_fc": 0.0859522807666839, "beta_rec": 0.8860827198805159}, "datetime": {"elapsed": 8325.906187, "delta": 51.705851, "datetime": "2020-11-23 16:57:49"}}
{"target": 7.528444444444444, "params": {"beta_enc": 0.0, "primacy": 0.4, "gamma_fc": 0.11616120427730428, "beta_rec": 0.9751678863201534}, "datetime": {"elapsed": 8379.414967, "delta": 53.50878, "datetime": "2020-11-23 16:58:42"}}
{"target": 7.505111111111111, "params": {"beta_enc": 0.0, "primacy": 0.4, "gamma_fc": 0.05960270014133365, "beta_rec": 0.8650538245528063}, "datetime": {"elapsed": 8433.036585, "delta": 53.621618, "datetime": "2020-11-23 16:59:36"}}
{"target": 7.540222222222222, "params": {"beta_enc": 0.004217833792772567, "primacy": 0.4, "gamma_fc": 0.20865238614365195, "beta_rec": 0.9530539452283079}, "datetime": {"elapsed": 8487.006521, "delta": 53.969936, "datetime": "2020-11-23 17:00:30"}}
{"target": 7.5362222222222215, "params": {"beta_enc": 0.005727471556267178, "primacy": 0.4, "gamma_fc": 0.0, "beta_rec": 0.7452653929830694}, "datetime": {"elapsed": 8541.425808, "delta": 54.419287, "datetime": "2020-11-23 17:01:24"}}
{"target": 7.530888888888889, "params": {"beta_enc": 0.05517435268009422, "primacy": 0.4, "gamma_fc": 0.9757537928229679, "beta_rec": 0.9602823478646568}, "datetime": {"elapsed": 8595.030442, "delta": 53.604634, "datetime": "2020-11-23 17:02:18"}}
{"target": 7.532444444444446, "params": {"beta_enc": 0.05493358055087425, "primacy": 0.4, "gamma_fc": 0.07759519304334993, "beta_rec": 0.06613722588944278}, "datetime": {"elapsed": 8648.013309, "delta": 52.982867, "datetime": "2020-11-23 17:03:11"}}
{"target": 7.547999999999999, "params": {"beta_enc": 0.025251075229393315, "primacy": 0.4, "gamma_fc": 0.9477323262840771, "beta_rec": 0.046484056142725834}, "datetime": {"elapsed": 8701.633532, "delta": 53.620223, "datetime": "2020-11-23 17:04:05"}}
{"target": 7.551333333333334, "params": {"beta_enc": 0.04682017908392927, "primacy": 0.4, "gamma_fc": 0.9472772613352367, "beta_rec": 0.5795792925355542}, "datetime": {"elapsed": 8753.944781, "delta": 52.311249, "datetime": "2020-11-23 17:04:57"}}
{"target": 7.513111111111111, "params": {"beta_enc": 0.1022718386118673, "primacy": 0.4, "gamma_fc": 0.31020449246050535, "beta_rec": 0.9427120217175323}, "datetime": {"elapsed": 8806.649986, "delta": 52.705205, "datetime": "2020-11-23 17:05:50"}}
{"target": 7.560444444444445, "params": {"beta_enc": 0.06091173532021656, "primacy": 0.4, "gamma_fc": 0.04922717820153809, "beta_rec": 0.2752824466378694}, "datetime": {"elapsed": 8858.486642, "delta": 51.836656, "datetime": "2020-11-23 17:06:41"}}
{"target": 7.544666666666666, "params": {"beta_enc": 0.04516365923900032, "primacy": 0.4, "gamma_fc": 0.3264500485197569, "beta_rec": 0.5412409407636002}, "datetime": {"elapsed": 8910.374497, "delta": 51.887855, "datetime": "2020-11-23 17:07:33"}}
{"target": 7.543777777777777, "params": {"beta_enc": 0.009524299252399476, "primacy": 0.4, "gamma_fc": 0.07012731148880066, "beta_rec": 0.5814091501330725}, "datetime": {"elapsed": 8961.638275, "delta": 51.263778, "datetime": "2020-11-23 17:08:25"}}
{"target": 7.55, "params": {"beta_enc": 0.06863106572636372, "primacy": 0.4, "gamma_fc": 0.9495449637236933, "beta_rec": 0.767730978668071}, "datetime": {"elapsed": 9013.12174, "delta": 51.483465, "datetime": "2020-11-23 17:09:16"}}
{"target": 7.548, "params": {"beta_enc": 0.07913261952104714, "primacy": 0.4, "gamma_fc": 0.5068758287780307, "beta_rec": 0.22152947331510547}, "datetime": {"elapsed": 9067.147719, "delta": 54.025979, "datetime": "2020-11-23 17:10:10"}}
{"target": 7.547777777777777, "params": {"beta_enc": 0.06061557848303915, "primacy": 0.4, "gamma_fc": 0.5430462425777609, "beta_rec": 0.962691977456237}, "datetime": {"elapsed": 9119.15329, "delta": 52.005571, "datetime": "2020-11-23 17:11:02"}}
{"target": 7.536666666666667, "params": {"beta_enc": 0.10751448882232041, "primacy": 0.4, "gamma_fc": 0.7728741112077723, "beta_rec": 0.9015933068620533}, "datetime": {"elapsed": 9173.184097, "delta": 54.030807, "datetime": "2020-11-23 17:11:56"}}
{"target": 7.51288888888889, "params": {"beta_enc": 0.13354311124497428, "primacy": 0.4, "gamma_fc": 0.759379708930495, "beta_rec": 0.1026785991174043}, "datetime": {"elapsed": 9225.079784, "delta": 51.895687, "datetime": "2020-11-23 17:12:48"}}
{"target": 7.551555555555555, "params": {"beta_enc": 0.10668208889140364, "primacy": 0.4, "gamma_fc": 0.8762964025343896, "beta_rec": 0.2601749104041117}, "datetime": {"elapsed": 9278.423625, "delta": 53.343841, "datetime": "2020-11-23 17:13:41"}}
{"target": 7.548, "params": {"beta_enc": 0.05803258349510731, "primacy": 0.4, "gamma_fc": 0.7809704792788816, "beta_rec": 0.4493717529171547}, "datetime": {"elapsed": 9332.442995, "delta": 54.01937, "datetime": "2020-11-23 17:14:35"}}
{"target": 7.512444444444443, "params": {"beta_enc": 0.07999793011480501, "primacy": 0.4, "gamma_fc": 0.8399024452794983, "beta_rec": 0.02611332080527204}, "datetime": {"elapsed": 9385.150949, "delta": 52.707954, "datetime": "2020-11-23 17:15:28"}}
{"target": 7.528888888888888, "params": {"beta_enc": 0.11076334238069807, "primacy": 0.4, "gamma_fc": 0.933125050986402, "beta_rec": 0.16260037704272384}, "datetime": {"elapsed": 9438.384524, "delta": 53.233575, "datetime": "2020-11-23 17:16:21"}}
{"target": 7.534666666666666, "params": {"beta_enc": 0.13916905257608514, "primacy": 0.4, "gamma_fc": 0.2773967120835263, "beta_rec": 0.835791415470212}, "datetime": {"elapsed": 9491.448443, "delta": 53.063919, "datetime": "2020-11-23 17:17:14"}}
{"target": 7.553111111111112, "params": {"beta_enc": 0.017925439549917332, "primacy": 0.4, "gamma_fc": 0.3790626725010398, "beta_rec": 0.9529760713982003}, "datetime": {"elapsed": 9544.467599, "delta": 53.019156, "datetime": "2020-11-23 17:18:07"}}
{"target": 7.511111111111111, "params": {"beta_enc": 0.036185551750345754, "primacy": 0.4, "gamma_fc": 0.8187515470097656, "beta_rec": 0.2193193113658831}, "datetime": {"elapsed": 9597.833735, "delta": 53.366136, "datetime": "2020-11-23 17:19:01"}}
{"target": 7.588666666666667, "params": {"beta_enc": 0.14573567854203814, "primacy": 0.4, "gamma_fc": 0.4601416064551374, "beta_rec": 0.33740198454622783}, "datetime": {"elapsed": 9650.76277, "delta": 52.929035, "datetime": "2020-11-23 17:19:54"}}
{"target": 7.520666666666666, "params": {"beta_enc": 0.17608088239665062, "primacy": 0.4, "gamma_fc": 0.880813447021606, "beta_rec": 0.8000936488793559}, "datetime": {"elapsed": 9703.037601, "delta": 52.274831, "datetime": "2020-11-23 17:20:46"}}
{"target": 7.526666666666666, "params": {"beta_enc": 0.0, "primacy": 0.4, "gamma_fc": 0.9037290473824869, "beta_rec": 0.46541777117122085}, "datetime": {"elapsed": 9755.270686, "delta": 52.233085, "datetime": "2020-11-23 17:21:38"}}
{"target": 7.538444444444444, "params": {"beta_enc": 0.07974728424968133, "primacy": 0.4, "gamma_fc": 0.37836512965780966, "beta_rec": 0.663321507331543}, "datetime": {"elapsed": 9807.044689, "delta": 51.774003, "datetime": "2020-11-23 17:22:30"}}
{"target": 7.533555555555556, "params": {"beta_enc": 0.18036602141304717, "primacy": 0.4, "gamma_fc": 0.9501282404394092, "beta_rec": 0.9331438263462422}, "datetime": {"elapsed": 9858.977786, "delta": 51.933097, "datetime": "2020-11-23 17:23:22"}}
