{"target": 5.5, "params": {"gamma_cf": 0.9299556236533179, "beta_rec": 0.4139198457294089, "gamma_fc": 0.14923603230975002, "cue_position": 16.0, "beta_enc": 0.6345187162918416}, "datetime": {"delta": 0.28303, "elapsed": 82.131271, "datetime": "2020-06-14 09:42:13"}}
{"target": 8.0, "params": {"gamma_cf": 0.7803635232892685, "beta_rec": 0.46157971096238615, "gamma_fc": 0.48719390907342375, "cue_position": 16.0, "beta_enc": 0.3948822625368005}, "datetime": {"delta": 0.333143, "elapsed": 82.464414, "datetime": "2020-06-14 09:42:13"}}
{"target": 9.5, "params": {"gamma_cf": 0.022271511532804156, "beta_rec": 0.26199970471933565, "gamma_fc": 0.8211218982189646, "cue_position": 16.0, "beta_enc": 0.4199935520102408}, "datetime": {"delta": 0.365944, "elapsed": 82.830358, "datetime": "2020-06-14 09:42:13"}}
{"target": 9.25, "params": {"gamma_cf": 0.9742126278950913, "beta_rec": 0.6857568991725472, "gamma_fc": 0.12277212944941995, "cue_position": 16.0, "beta_enc": 0.18846839966641848}, "datetime": {"delta": 0.358713, "elapsed": 83.189071, "datetime": "2020-06-14 09:42:14"}}
{"target": 8.25, "params": {"gamma_cf": 0.3092463846587796, "beta_rec": 0.8894424754644789, "gamma_fc": 0.0007643854781880233, "cue_position": 16.0, "beta_enc": 0.18756989261723955}, "datetime": {"delta": 0.337531, "elapsed": 83.526602, "datetime": "2020-06-14 09:42:14"}}
{"target": 7.0, "params": {"gamma_cf": 0.8963225568040046, "beta_rec": 0.1454036341712357, "gamma_fc": 0.8730943782696405, "cue_position": 16.0, "beta_enc": 0.22759773832225305}, "datetime": {"delta": 0.313723, "elapsed": 83.840325, "datetime": "2020-06-14 09:42:14"}}
{"target": 9.0, "params": {"gamma_cf": 0.49582639708521237, "beta_rec": 0.47049767615220905, "gamma_fc": 0.36348868328490525, "cue_position": 16.0, "beta_enc": 0.7002894376334498}, "datetime": {"delta": 0.353127, "elapsed": 84.193452, "datetime": "2020-06-14 09:42:15"}}
{"target": 8.5, "params": {"gamma_cf": 0.49288087343132025, "beta_rec": 0.9247408135383717, "gamma_fc": 0.2544381023144221, "cue_position": 16.0, "beta_enc": 0.27560310276085875}, "datetime": {"delta": 0.345672, "elapsed": 84.539124, "datetime": "2020-06-14 09:42:15"}}
{"target": 7.75, "params": {"gamma_cf": 0.7175949621947544, "beta_rec": 0.38326345680528673, "gamma_fc": 0.19086994317230743, "cue_position": 16.0, "beta_enc": 0.8849665188380633}, "datetime": {"delta": 0.328808, "elapsed": 84.867932, "datetime": "2020-06-14 09:42:15"}}
{"target": 7.875, "params": {"gamma_cf": 0.5905205476471171, "beta_rec": 0.8369977822135122, "gamma_fc": 0.24289157496487068, "cue_position": 16.0, "beta_enc": 0.11819262934703845}, "datetime": {"delta": 0.330699, "elapsed": 85.198631, "datetime": "2020-06-14 09:42:16"}}
{"target": 10.0, "params": {"gamma_cf": 0.06748934306754228, "beta_rec": 0.638355320741173, "gamma_fc": 0.8805385975643267, "cue_position": 16.0, "beta_enc": 0.6232471451875841}, "datetime": {"delta": 0.371316, "elapsed": 85.569947, "datetime": "2020-06-14 09:42:16"}}
{"target": 9.375, "params": {"gamma_cf": 0.5913871822675169, "beta_rec": 0.7638727180664299, "gamma_fc": 0.4287951603487977, "cue_position": 16.0, "beta_enc": 0.4599567310742584}, "datetime": {"delta": 0.363665, "elapsed": 85.933612, "datetime": "2020-06-14 09:42:17"}}
{"target": 9.25, "params": {"gamma_cf": 0.07934158295831895, "beta_rec": 0.12671338384692277, "gamma_fc": 0.3028583047175786, "cue_position": 16.0, "beta_enc": 0.38210064254913956}, "datetime": {"delta": 0.360782, "elapsed": 86.294394, "datetime": "2020-06-14 09:42:17"}}
{"target": 8.625, "params": {"gamma_cf": 0.00838307952503159, "beta_rec": 0.6150157249710488, "gamma_fc": 0.6783769722513199, "cue_position": 16.0, "beta_enc": 0.7417048002315554}, "datetime": {"delta": 0.347848, "elapsed": 86.642242, "datetime": "2020-06-14 09:42:17"}}
{"target": 10.75, "params": {"gamma_cf": 0.18498296555082983, "beta_rec": 0.23090845048417918, "gamma_fc": 0.8442600050750985, "cue_position": 16.0, "beta_enc": 0.503180690542887}, "datetime": {"delta": 0.389418, "elapsed": 87.03166, "datetime": "2020-06-14 09:42:18"}}
{"target": 6.75, "params": {"gamma_cf": 0.7802245796913637, "beta_rec": 0.9137396248416316, "gamma_fc": 0.5464545907014307, "cue_position": 16.0, "beta_enc": 0.9825897893050853}, "datetime": {"delta": 0.308566, "elapsed": 87.340226, "datetime": "2020-06-14 09:42:18"}}
{"target": 9.125, "params": {"gamma_cf": 0.7872634475242615, "beta_rec": 0.48372695118890585, "gamma_fc": 0.10023464310313235, "cue_position": 16.0, "beta_enc": 0.8164423975559377}, "datetime": {"delta": 0.355043, "elapsed": 87.695269, "datetime": "2020-06-14 09:42:18"}}
{"target": 8.75, "params": {"gamma_cf": 0.9588025156370005, "beta_rec": 0.36598334666965426, "gamma_fc": 0.39282294499696246, "cue_position": 16.0, "beta_enc": 0.5370071168405407}, "datetime": {"delta": 0.347657, "elapsed": 88.042926, "datetime": "2020-06-14 09:42:19"}}
{"target": 8.0, "params": {"gamma_cf": 0.3938840078553765, "beta_rec": 0.7906369935895988, "gamma_fc": 0.6889550482302514, "cue_position": 16.0, "beta_enc": 0.39297299794161644}, "datetime": {"delta": 0.333732, "elapsed": 88.376658, "datetime": "2020-06-14 09:42:19"}}
{"target": 10.5, "params": {"gamma_cf": 0.3344193926972726, "beta_rec": 0.1361131542481221, "gamma_fc": 0.2179689300611679, "cue_position": 16.0, "beta_enc": 0.404001609054379}, "datetime": {"delta": 0.38535, "elapsed": 88.762008, "datetime": "2020-06-14 09:42:19"}}
{"target": 6.125, "params": {"gamma_cf": 0.746657472123005, "beta_rec": 0.6896393990795577, "gamma_fc": 0.5419710617714415, "cue_position": 16.0, "beta_enc": 0.9257748016364399}, "datetime": {"delta": 0.297867, "elapsed": 89.059875, "datetime": "2020-06-14 09:42:20"}}
{"target": 8.125, "params": {"gamma_cf": 0.1674418575065213, "beta_rec": 0.9305598192498451, "gamma_fc": 0.2631390239238742, "cue_position": 16.0, "beta_enc": 0.7005330726195026}, "datetime": {"delta": 0.336047, "elapsed": 89.395922, "datetime": "2020-06-14 09:42:20"}}
{"target": 8.625, "params": {"gamma_cf": 0.6605983559285987, "beta_rec": 0.978672805158347, "gamma_fc": 0.089630698927462, "cue_position": 16.0, "beta_enc": 0.07161027944180454}, "datetime": {"delta": 0.345759, "elapsed": 89.741681, "datetime": "2020-06-14 09:42:20"}}
{"target": 9.625, "params": {"gamma_cf": 0.38887340269472437, "beta_rec": 0.5028243835184045, "gamma_fc": 0.5379877201396809, "cue_position": 16.0, "beta_enc": 0.21077094208701874}, "datetime": {"delta": 0.367593, "elapsed": 90.109274, "datetime": "2020-06-14 09:42:21"}}
{"target": 8.125, "params": {"gamma_cf": 0.3906104987369058, "beta_rec": 0.5559002111265755, "gamma_fc": 0.6962700831011029, "cue_position": 16.0, "beta_enc": 0.33920418488509996}, "datetime": {"delta": 0.336128, "elapsed": 90.445402, "datetime": "2020-06-14 09:42:21"}}
{"target": 8.375, "params": {"gamma_cf": 0.3580799140129358, "beta_rec": 0.6873031493743899, "gamma_fc": 0.6131123353670123, "cue_position": 16.0, "beta_enc": 0.6784824539979241}, "datetime": {"delta": 0.34191, "elapsed": 90.787312, "datetime": "2020-06-14 09:42:21"}}
{"target": 6.375, "params": {"gamma_cf": 0.4410066204088712, "beta_rec": 0.5968885249459731, "gamma_fc": 0.7396119625075467, "cue_position": 16.0, "beta_enc": 0.9357362666081998}, "datetime": {"delta": 0.300923, "elapsed": 91.088235, "datetime": "2020-06-14 09:42:22"}}
{"target": 4.625, "params": {"gamma_cf": 0.0053165329611032375, "beta_rec": 0.7647266390004861, "gamma_fc": 0.2772001047825985, "cue_position": 16.0, "beta_enc": 0.03760387864960013}, "datetime": {"delta": 0.264902, "elapsed": 91.353137, "datetime": "2020-06-14 09:42:22"}}
{"target": 8.625, "params": {"gamma_cf": 0.5490534438505197, "beta_rec": 0.7679628782813116, "gamma_fc": 0.800994555798356, "cue_position": 16.0, "beta_enc": 0.5348322325198115}, "datetime": {"delta": 0.345454, "elapsed": 91.698591, "datetime": "2020-06-14 09:42:22"}}
{"target": 8.625, "params": {"gamma_cf": 0.2768064626005866, "beta_rec": 0.9314470149929107, "gamma_fc": 0.9192375042561725, "cue_position": 16.0, "beta_enc": 0.6495830548784789}, "datetime": {"delta": 0.344898, "elapsed": 92.043489, "datetime": "2020-06-14 09:42:23"}}
{"target": 7.75, "params": {"gamma_cf": 0.896043491575002, "beta_rec": 0.5997403444720987, "gamma_fc": 0.9727203528528249, "cue_position": 16.0, "beta_enc": 0.7650051482981429}, "datetime": {"delta": 0.329293, "elapsed": 92.372782, "datetime": "2020-06-14 09:42:23"}}
{"target": 6.5, "params": {"gamma_cf": 0.07346665436012334, "beta_rec": 0.13964933368410348, "gamma_fc": 0.01474379089994693, "cue_position": 16.0, "beta_enc": 0.9985205070898059}, "datetime": {"delta": 0.303131, "elapsed": 92.675913, "datetime": "2020-06-14 09:42:23"}}
{"target": 7.25, "params": {"gamma_cf": 0.6851729969076996, "beta_rec": 0.09476691645722912, "gamma_fc": 0.4875571674829181, "cue_position": 16.0, "beta_enc": 0.971820072977926}, "datetime": {"delta": 0.317404, "elapsed": 92.993317, "datetime": "2020-06-14 09:42:24"}}
{"target": 9.125, "params": {"gamma_cf": 0.9110179736986265, "beta_rec": 0.35364778706700506, "gamma_fc": 0.725642545494869, "cue_position": 16.0, "beta_enc": 0.3466948813585782}, "datetime": {"delta": 0.356545, "elapsed": 93.349862, "datetime": "2020-06-14 09:42:24"}}
{"target": 8.875, "params": {"gamma_cf": 0.02896618617789848, "beta_rec": 0.46152125324711457, "gamma_fc": 0.8846818943092944, "cue_position": 16.0, "beta_enc": 0.025925792784269874}, "datetime": {"delta": 0.35023, "elapsed": 93.700092, "datetime": "2020-06-14 09:42:24"}}
{"target": 6.625, "params": {"gamma_cf": 0.3246383222029966, "beta_rec": 0.32973507924426093, "gamma_fc": 0.30788244381764673, "cue_position": 16.0, "beta_enc": 0.7710053579546823}, "datetime": {"delta": 0.303318, "elapsed": 94.00341, "datetime": "2020-06-14 09:42:25"}}
{"target": 3.0, "params": {"gamma_cf": 0.951935167567925, "beta_rec": 0.9769161619458502, "gamma_fc": 0.8879964939264646, "cue_position": 16.0, "beta_enc": 0.9281090785007262}, "datetime": {"delta": 0.231955, "elapsed": 94.235365, "datetime": "2020-06-14 09:42:25"}}
{"target": 9.5, "params": {"gamma_cf": 0.455643424642054, "beta_rec": 0.3727488020974856, "gamma_fc": 0.6052128951232129, "cue_position": 16.0, "beta_enc": 0.5180325615944087}, "datetime": {"delta": 0.36205, "elapsed": 94.597415, "datetime": "2020-06-14 09:42:25"}}
{"target": 6.5, "params": {"gamma_cf": 0.08899822082237796, "beta_rec": 0.7739162499564685, "gamma_fc": 0.18490559027840836, "cue_position": 16.0, "beta_enc": 0.9904061968899467}, "datetime": {"delta": 0.303019, "elapsed": 94.900434, "datetime": "2020-06-14 09:42:25"}}
{"target": 9.375, "params": {"gamma_cf": 0.9332023381866817, "beta_rec": 0.417102418106858, "gamma_fc": 0.17786474795134855, "cue_position": 16.0, "beta_enc": 0.5268518758918344}, "datetime": {"delta": 0.360059, "elapsed": 95.260493, "datetime": "2020-06-14 09:42:26"}}
{"target": 5.25, "params": {"gamma_cf": 0.037862587720430496, "beta_rec": 0.9573949263266688, "gamma_fc": 0.05758350560817371, "cue_position": 16.0, "beta_enc": 0.8600667708762162}, "datetime": {"delta": 0.277784, "elapsed": 95.538277, "datetime": "2020-06-14 09:42:26"}}
{"target": 7.625, "params": {"gamma_cf": 0.29386248547054417, "beta_rec": 0.3126811561554764, "gamma_fc": 0.3560164860311865, "cue_position": 16.0, "beta_enc": 0.005797392917688993}, "datetime": {"delta": 0.325389, "elapsed": 95.863666, "datetime": "2020-06-14 09:42:26"}}
{"target": 5.875, "params": {"gamma_cf": 0.5030051950509548, "beta_rec": 0.47695092248677795, "gamma_fc": 0.6433579246491355, "cue_position": 16.0, "beta_enc": 0.9536770184739218}, "datetime": {"delta": 0.289679, "elapsed": 96.153345, "datetime": "2020-06-14 09:42:27"}}
{"target": 8.875, "params": {"gamma_cf": 0.8442498595694283, "beta_rec": 0.7580616581331086, "gamma_fc": 0.8905068324120895, "cue_position": 16.0, "beta_enc": 0.111245672567435}, "datetime": {"delta": 0.349067, "elapsed": 96.502412, "datetime": "2020-06-14 09:42:27"}}
{"target": 8.75, "params": {"gamma_cf": 0.22580692243123512, "beta_rec": 0.44380519836651855, "gamma_fc": 0.971320469273211, "cue_position": 16.0, "beta_enc": 0.38184239675576115}, "datetime": {"delta": 0.346782, "elapsed": 96.849194, "datetime": "2020-06-14 09:42:27"}}
{"target": 10.125, "params": {"gamma_cf": 0.9225044972603934, "beta_rec": 0.9073961422409973, "gamma_fc": 0.15614956444079475, "cue_position": 16.0, "beta_enc": 0.28462396896873543}, "datetime": {"delta": 0.374981, "elapsed": 97.224175, "datetime": "2020-06-14 09:42:28"}}
{"target": 8.125, "params": {"gamma_cf": 0.3451159147800812, "beta_rec": 0.6319949504631371, "gamma_fc": 0.1599187885892832, "cue_position": 16.0, "beta_enc": 0.8797221435013809}, "datetime": {"delta": 0.336161, "elapsed": 97.560336, "datetime": "2020-06-14 09:42:28"}}
{"target": 9.375, "params": {"gamma_cf": 0.19719634646666928, "beta_rec": 0.08377495384546052, "gamma_fc": 0.6910273415567042, "cue_position": 16.0, "beta_enc": 0.4443481574461272}, "datetime": {"delta": 0.361309, "elapsed": 97.921645, "datetime": "2020-06-14 09:42:29"}}
{"target": 9.0, "params": {"gamma_cf": 0.6296079567189131, "beta_rec": 0.8733231340367321, "gamma_fc": 0.034431265307095615, "cue_position": 16.0, "beta_enc": 0.573802869165353}, "datetime": {"delta": 0.354576, "elapsed": 98.276221, "datetime": "2020-06-14 09:42:29"}}
{"target": 6.5, "params": {"gamma_cf": 0.009872975358918512, "beta_rec": 0.8632264817138495, "gamma_fc": 0.2528414820768151, "cue_position": 16.0, "beta_enc": 0.516198461077069}, "datetime": {"delta": 0.30177, "elapsed": 98.577991, "datetime": "2020-06-14 09:42:29"}}
{"target": 11.5, "params": {"gamma_cf": 0.49019531224423174, "beta_rec": 0.047537594227760493, "gamma_fc": 0.04548214567029407, "cue_position": 16.0, "beta_enc": 0.22384967032752534}, "datetime": {"delta": 0.402814, "elapsed": 98.980805, "datetime": "2020-06-14 09:42:30"}}
{"target": 8.875, "params": {"gamma_cf": 0.26965470115905144, "beta_rec": 0.6399745691089123, "gamma_fc": 0.5905465222435671, "cue_position": 16.0, "beta_enc": 0.278328130846902}, "datetime": {"delta": 0.350758, "elapsed": 99.331563, "datetime": "2020-06-14 09:42:30"}}
{"target": 9.0, "params": {"gamma_cf": 0.6332092658064775, "beta_rec": 0.7025230339614009, "gamma_fc": 0.3533943470016294, "cue_position": 16.0, "beta_enc": 0.38053407720964005}, "datetime": {"delta": 0.35464, "elapsed": 99.686203, "datetime": "2020-06-14 09:42:30"}}
{"target": 9.875, "params": {"gamma_cf": 0.8048358460157946, "beta_rec": 0.13320711375110195, "gamma_fc": 0.9380285431563524, "cue_position": 16.0, "beta_enc": 0.28704394615550866}, "datetime": {"delta": 0.369994, "elapsed": 100.056197, "datetime": "2020-06-14 09:42:31"}}
{"target": 9.875, "params": {"gamma_cf": 0.2835445136036545, "beta_rec": 0.9331557628232255, "gamma_fc": 0.27463424842386297, "cue_position": 16.0, "beta_enc": 0.1853805246478023}, "datetime": {"delta": 0.369641, "elapsed": 100.425838, "datetime": "2020-06-14 09:42:31"}}
{"target": 9.25, "params": {"gamma_cf": 0.1853176459376844, "beta_rec": 0.18528923936855235, "gamma_fc": 0.9473759179539593, "cue_position": 16.0, "beta_enc": 0.5514315736733725}, "datetime": {"delta": 0.35719, "elapsed": 100.783028, "datetime": "2020-06-14 09:42:31"}}
{"target": 8.75, "params": {"gamma_cf": 0.4843157730323856, "beta_rec": 0.9639177674239978, "gamma_fc": 0.9676952459611975, "cue_position": 16.0, "beta_enc": 0.4938246574910856}, "datetime": {"delta": 0.349017, "elapsed": 101.132045, "datetime": "2020-06-14 09:42:32"}}
{"target": 9.25, "params": {"gamma_cf": 0.43383982715272595, "beta_rec": 0.6323298746664966, "gamma_fc": 0.05935722533895749, "cue_position": 16.0, "beta_enc": 0.14318978170876284}, "datetime": {"delta": 0.361952, "elapsed": 101.493997, "datetime": "2020-06-14 09:42:32"}}
{"target": 8.375, "params": {"gamma_cf": 0.25666098995297626, "beta_rec": 0.46513394351807746, "gamma_fc": 0.3914303629842686, "cue_position": 16.0, "beta_enc": 0.4927226011660333}, "datetime": {"delta": 0.343229, "elapsed": 101.837226, "datetime": "2020-06-14 09:42:32"}}
{"target": 9.125, "params": {"gamma_cf": 0.1774295368682619, "beta_rec": 0.6864434151723641, "gamma_fc": 0.8214467402262973, "cue_position": 16.0, "beta_enc": 0.24017220722137722}, "datetime": {"delta": 0.355286, "elapsed": 102.192512, "datetime": "2020-06-14 09:42:33"}}
{"target": 8.5, "params": {"gamma_cf": 0.9351531155423887, "beta_rec": 0.05797581337276703, "gamma_fc": 0.8885421033562281, "cue_position": 16.0, "beta_enc": 0.2309885592816333}, "datetime": {"delta": 0.342135, "elapsed": 102.534647, "datetime": "2020-06-14 09:42:33"}}
{"target": 9.75, "params": {"gamma_cf": 0.4346547940716735, "beta_rec": 0.9477640661016069, "gamma_fc": 0.4680495548664728, "cue_position": 16.0, "beta_enc": 0.28926049548291}, "datetime": {"delta": 0.366433, "elapsed": 102.90108, "datetime": "2020-06-14 09:42:33"}}
{"target": 8.5, "params": {"gamma_cf": 0.26551201747238584, "beta_rec": 0.15803183496381268, "gamma_fc": 0.015443631942760883, "cue_position": 16.0, "beta_enc": 0.6298530215834227}, "datetime": {"delta": 0.344289, "elapsed": 103.245369, "datetime": "2020-06-14 09:42:34"}}
{"target": 8.875, "params": {"gamma_cf": 0.7802023371197586, "beta_rec": 0.5514688358127765, "gamma_fc": 0.14578543121477705, "cue_position": 16.0, "beta_enc": 0.6744988441622575}, "datetime": {"delta": 0.352358, "elapsed": 103.597727, "datetime": "2020-06-14 09:42:34"}}
{"target": 9.375, "params": {"gamma_cf": 0.08793868377060332, "beta_rec": 0.2923137620392837, "gamma_fc": 0.8699761802716075, "cue_position": 16.0, "beta_enc": 0.2448806387618836}, "datetime": {"delta": 0.36135, "elapsed": 103.959077, "datetime": "2020-06-14 09:42:35"}}
{"target": 8.625, "params": {"gamma_cf": 0.010699003144174157, "beta_rec": 0.6837103358216379, "gamma_fc": 0.5572682300749138, "cue_position": 16.0, "beta_enc": 0.08818864557151007}, "datetime": {"delta": 0.345496, "elapsed": 104.304573, "datetime": "2020-06-14 09:42:35"}}
{"target": 11.125, "params": {"gamma_cf": 0.02715882932586222, "beta_rec": 0.8604566673368852, "gamma_fc": 0.8008593551300331, "cue_position": 16.0, "beta_enc": 0.9071090552203707}, "datetime": {"delta": 0.393068, "elapsed": 104.697641, "datetime": "2020-06-14 09:42:35"}}
{"target": 6.875, "params": {"gamma_cf": 0.8077788623150765, "beta_rec": 0.8684881163027721, "gamma_fc": 0.8974982823028202, "cue_position": 16.0, "beta_enc": 0.805984932289666}, "datetime": {"delta": 0.308584, "elapsed": 105.006225, "datetime": "2020-06-14 09:42:36"}}
{"target": 7.875, "params": {"gamma_cf": 0.6919839045242188, "beta_rec": 0.5578253037149105, "gamma_fc": 0.6829068676298748, "cue_position": 16.0, "beta_enc": 0.4538299504900123}, "datetime": {"delta": 0.330906, "elapsed": 105.337131, "datetime": "2020-06-14 09:42:36"}}
{"target": 9.25, "params": {"gamma_cf": 0.8248585623852319, "beta_rec": 0.8284681480854713, "gamma_fc": 0.28184508814324294, "cue_position": 16.0, "beta_enc": 0.5203136358633165}, "datetime": {"delta": 0.360221, "elapsed": 105.697352, "datetime": "2020-06-14 09:42:36"}}
{"target": 8.875, "params": {"gamma_cf": 0.25979169330441454, "beta_rec": 0.969870570344714, "gamma_fc": 0.5812353422911717, "cue_position": 16.0, "beta_enc": 0.17849483297748825}, "datetime": {"delta": 0.35216, "elapsed": 106.049512, "datetime": "2020-06-14 09:42:37"}}
{"target": 7.25, "params": {"gamma_cf": 0.6191348314199072, "beta_rec": 0.0807539078120788, "gamma_fc": 0.22449347883595772, "cue_position": 16.0, "beta_enc": 0.9552622535381868}, "datetime": {"delta": 0.319418, "elapsed": 106.36893, "datetime": "2020-06-14 09:42:37"}}
{"target": 6.0, "params": {"gamma_cf": 0.10781390079459241, "beta_rec": 0.5681525429491051, "gamma_fc": 0.08428305143655679, "cue_position": 16.0, "beta_enc": 0.7651839567335081}, "datetime": {"delta": 0.292794, "elapsed": 106.661724, "datetime": "2020-06-14 09:42:37"}}
{"target": 9.5, "params": {"gamma_cf": 0.3710639450161891, "beta_rec": 0.4097312611340205, "gamma_fc": 0.6721444096568486, "cue_position": 16.0, "beta_enc": 0.6251210683054896}, "datetime": {"delta": 0.363302, "elapsed": 107.025026, "datetime": "2020-06-14 09:42:38"}}
{"target": 8.875, "params": {"gamma_cf": 0.9615725424345338, "beta_rec": 0.8957291085287041, "gamma_fc": 0.7300825577402602, "cue_position": 16.0, "beta_enc": 0.1895874001915857}, "datetime": {"delta": 0.350203, "elapsed": 107.375229, "datetime": "2020-06-14 09:42:38"}}
{"target": 9.0, "params": {"gamma_cf": 0.3144172223907462, "beta_rec": 0.7437491963512196, "gamma_fc": 0.605896361217858, "cue_position": 16.0, "beta_enc": 0.4062884276883151}, "datetime": {"delta": 0.353745, "elapsed": 107.728974, "datetime": "2020-06-14 09:42:38"}}
{"target": 8.625, "params": {"gamma_cf": 0.7661883652028217, "beta_rec": 0.8786609763158111, "gamma_fc": 0.9410132668189013, "cue_position": 16.0, "beta_enc": 0.5948471334079176}, "datetime": {"delta": 0.349538, "elapsed": 108.078512, "datetime": "2020-06-14 09:42:39"}}
{"target": 8.125, "params": {"gamma_cf": 0.8433232139195225, "beta_rec": 0.47608911800210485, "gamma_fc": 0.18373941187600173, "cue_position": 16.0, "beta_enc": 0.001032932657734631}, "datetime": {"delta": 0.336467, "elapsed": 108.414979, "datetime": "2020-06-14 09:42:39"}}
{"target": 6.0, "params": {"gamma_cf": 0.02771174012236499, "beta_rec": 0.36436547985702794, "gamma_fc": 0.08539013912317062, "cue_position": 16.0, "beta_enc": 0.8561592379873718}, "datetime": {"delta": 0.292679, "elapsed": 108.707658, "datetime": "2020-06-14 09:42:39"}}
{"target": 7.75, "params": {"gamma_cf": 0.16921418469369054, "beta_rec": 0.6095019257734966, "gamma_fc": 0.64990115308969, "cue_position": 16.0, "beta_enc": 0.9814104657541125}, "datetime": {"delta": 0.326273, "elapsed": 109.033931, "datetime": "2020-06-14 09:42:40"}}
{"target": 8.375, "params": {"gamma_cf": 0.6074418935145536, "beta_rec": 0.31161391346070466, "gamma_fc": 0.6508312566756971, "cue_position": 16.0, "beta_enc": 0.03697506835935782}, "datetime": {"delta": 0.340026, "elapsed": 109.373957, "datetime": "2020-06-14 09:42:40"}}
