{"target": 2.9673333333333334, "params": {"primacy": 1.0, "beta_rec": 0.44614623200345727, "gamma_fc": 0.7827494147841719, "beta_enc": 0.7965886780072875}, "datetime": {"elapsed": 1512.042799, "delta": 13.871012, "datetime": "2020-10-05 22:15:32"}}
{"target": 5.133333333333333, "params": {"primacy": 1.0, "beta_rec": 0.14300582825809938, "gamma_fc": 0.9013084363492738, "beta_enc": 0.30024833953390007}, "datetime": {"elapsed": 1529.956847, "delta": 17.914048, "datetime": "2020-10-05 22:15:50"}}
{"target": 1.404666666666667, "params": {"primacy": 1.0, "beta_rec": 0.6366044000018972, "gamma_fc": 0.9939130246104789, "beta_enc": 0.9747403708550822}, "datetime": {"elapsed": 1540.838345, "delta": 10.881498, "datetime": "2020-10-05 22:16:00"}}
{"target": 4.401111111111112, "params": {"primacy": 1.0, "beta_rec": 0.1354279030721699, "gamma_fc": 0.3557051709838811, "beta_enc": 0.5264259339055213}, "datetime": {"elapsed": 1557.484399, "delta": 16.646054, "datetime": "2020-10-05 22:16:17"}}
{"target": 5.442222222222223, "params": {"primacy": 1.0, "beta_rec": 0.7456371927074961, "gamma_fc": 0.03039968992878883, "beta_enc": 0.1603951795196491}, "datetime": {"elapsed": 1576.034781, "delta": 18.550382, "datetime": "2020-10-05 22:16:36"}}
{"target": 2.876, "params": {"primacy": 1.0, "beta_rec": 0.6926777175073543, "gamma_fc": 0.6909421420661686, "beta_enc": 0.8623462528380441}, "datetime": {"elapsed": 1589.780593, "delta": 13.745812, "datetime": "2020-10-05 22:16:49"}}
{"target": 4.866666666666666, "params": {"primacy": 1.0, "beta_rec": 0.5815774073442912, "gamma_fc": 0.9897517076637052, "beta_enc": 0.44190428074842336}, "datetime": {"elapsed": 1607.297366, "delta": 17.516773, "datetime": "2020-10-05 22:17:07"}}
{"target": 5.267333333333334, "params": {"primacy": 1.0, "beta_rec": 0.26217308377291193, "gamma_fc": 0.7501724132979928, "beta_enc": 0.24773290176235485}, "datetime": {"elapsed": 1625.550389, "delta": 18.253023, "datetime": "2020-10-05 22:17:25"}}
{"target": 5.2717777777777775, "params": {"primacy": 1.0, "beta_rec": 0.5085162406102396, "gamma_fc": 0.21196016464367595, "beta_enc": 0.05692943841109499}, "datetime": {"elapsed": 1643.846773, "delta": 18.296384, "datetime": "2020-10-05 22:17:43"}}
{"target": 5.134222222222222, "params": {"primacy": 1.0, "beta_rec": 0.02760601195450363, "gamma_fc": 0.593432449464621, "beta_enc": 0.29733138150727223}, "datetime": {"elapsed": 1661.892743, "delta": 18.04597, "datetime": "2020-10-05 22:18:01"}}
{"target": 5.234222222222222, "params": {"primacy": 1.0, "beta_rec": 0.7498583107261434, "gamma_fc": 0.5111414782971282, "beta_enc": 0.3810161240622142}, "datetime": {"elapsed": 1680.120839, "delta": 18.228096, "datetime": "2020-10-05 22:18:20"}}
{"target": 3.993333333333333, "params": {"primacy": 1.0, "beta_rec": 0.8039608914986468, "gamma_fc": 0.03232306662357398, "beta_enc": 0.9594343210617524}, "datetime": {"elapsed": 1695.937532, "delta": 15.816693, "datetime": "2020-10-05 22:18:36"}}
{"target": 5.611555555555556, "params": {"primacy": 1.0, "beta_rec": 0.9475489413950998, "gamma_fc": 0.2214327343234883, "beta_enc": 0.46500148156350607}, "datetime": {"elapsed": 1714.829014, "delta": 18.891482, "datetime": "2020-10-05 22:18:54"}}
{"target": 5.348222222222223, "params": {"primacy": 1.0, "beta_rec": 0.42861882866378653, "gamma_fc": 0.10901876401906829, "beta_enc": 0.081473964877262}, "datetime": {"elapsed": 1733.280447, "delta": 18.451433, "datetime": "2020-10-05 22:19:13"}}
{"target": 3.2095555555555557, "params": {"primacy": 1.0, "beta_rec": 0.6968004961201785, "gamma_fc": 0.7662113810757705, "beta_enc": 0.8029632373737379}, "datetime": {"elapsed": 1747.655028, "delta": 14.374581, "datetime": "2020-10-05 22:19:27"}}
{"target": 2.5204444444444443, "params": {"primacy": 1.0, "beta_rec": 0.42876877499944255, "gamma_fc": 0.8240098704123188, "beta_enc": 0.8458514830276777}, "datetime": {"elapsed": 1760.739388, "delta": 13.08436, "datetime": "2020-10-05 22:19:40"}}
{"target": 5.300222222222223, "params": {"primacy": 1.0, "beta_rec": 0.07838689985494796, "gamma_fc": 0.01833264291300729, "beta_enc": 0.1434230486702449}, "datetime": {"elapsed": 1779.035754, "delta": 18.296366, "datetime": "2020-10-05 22:19:59"}}
{"target": 4.696222222222222, "params": {"primacy": 1.0, "beta_rec": 0.11334192276759048, "gamma_fc": 0.027783348848669953, "beta_enc": 0.4585838137084318}, "datetime": {"elapsed": 1796.232715, "delta": 17.196961, "datetime": "2020-10-05 22:20:16"}}
{"target": 5.283111111111111, "params": {"primacy": 1.0, "beta_rec": 0.7469384956075251, "gamma_fc": 0.45240482674645155, "beta_enc": 0.3948504804606394}, "datetime": {"elapsed": 1814.521785, "delta": 18.28907, "datetime": "2020-10-05 22:20:34"}}
{"target": 4.86711111111111, "params": {"primacy": 1.0, "beta_rec": 0.47400392656219403, "gamma_fc": 0.8031633421141696, "beta_enc": 0.47807250671783097}, "datetime": {"elapsed": 1832.075667, "delta": 17.553882, "datetime": "2020-10-05 22:20:52"}}
{"target": 1.8648888888888888, "params": {"primacy": 1.0, "beta_rec": 0.037061047954035864, "gamma_fc": 0.7738743427204187, "beta_enc": 0.904686160343623}, "datetime": {"elapsed": 1843.863793, "delta": 11.788126, "datetime": "2020-10-05 22:21:03"}}
{"target": 3.633333333333333, "params": {"primacy": 1.0, "beta_rec": 0.010364261335231939, "gamma_fc": 0.538627282576347, "beta_enc": 0.6185135669120855}, "datetime": {"elapsed": 1859.053381, "delta": 15.189588, "datetime": "2020-10-05 22:21:19"}}
{"target": 2.019111111111111, "params": {"primacy": 1.0, "beta_rec": 0.905402033702778, "gamma_fc": 0.7959669419422694, "beta_enc": 0.9511937854902045}, "datetime": {"elapsed": 1871.137738, "delta": 12.084357, "datetime": "2020-10-05 22:21:31"}}
{"target": 5.269111111111111, "params": {"primacy": 1.0, "beta_rec": 0.15773006987053328, "gamma_fc": 0.187631672902434, "beta_enc": 0.14555823115839706}, "datetime": {"elapsed": 1889.350617, "delta": 18.212879, "datetime": "2020-10-05 22:21:49"}}
{"target": 2.8666666666666667, "params": {"primacy": 1.0, "beta_rec": 0.9899551783590737, "gamma_fc": 0.7111224587658159, "beta_enc": 0.9058094960083019}, "datetime": {"elapsed": 1903.113538, "delta": 13.762921, "datetime": "2020-10-05 22:22:03"}}
{"target": 2.5824444444444445, "params": {"primacy": 1.0, "beta_rec": 0.4008737323711209, "gamma_fc": 0.24985068022503676, "beta_enc": 0.9092932045442544}, "datetime": {"elapsed": 1916.272019, "delta": 13.158481, "datetime": "2020-10-05 22:22:16"}}
{"target": 5.411555555555554, "params": {"primacy": 1.0, "beta_rec": 0.8126105880328287, "gamma_fc": 0.14679237341724316, "beta_enc": 0.119457050333729}, "datetime": {"elapsed": 1934.719142, "delta": 18.447123, "datetime": "2020-10-05 22:22:34"}}
{"target": 2.522, "params": {"primacy": 1.0, "beta_rec": 0.31058725179421, "gamma_fc": 0.9824174492929428, "beta_enc": 0.8190891786335308}, "datetime": {"elapsed": 1947.761457, "delta": 13.042315, "datetime": "2020-10-05 22:22:47"}}
{"target": 4.427111111111111, "params": {"primacy": 1.0, "beta_rec": 0.31446701118584963, "gamma_fc": 0.9107728311738374, "beta_enc": 0.5336533449712114}, "datetime": {"elapsed": 1964.433293, "delta": 16.671836, "datetime": "2020-10-05 22:23:04"}}
{"target": 4.967555555555555, "params": {"primacy": 1.0, "beta_rec": 0.5122926922783614, "gamma_fc": 0.9388864773697133, "beta_enc": 0.43359232727316455}, "datetime": {"elapsed": 1982.144026, "delta": 17.710733, "datetime": "2020-10-05 22:23:22"}}
{"target": 7.122222222222223, "params": {"primacy": 1.0, "beta_rec": 0.8910189542923389, "gamma_fc": 0.027287223517468817, "beta_enc": 0.7168786636316892}, "datetime": {"elapsed": 2003.539518, "delta": 21.395492, "datetime": "2020-10-05 22:23:43"}}
{"target": 5.242, "params": {"primacy": 1.0, "beta_rec": 0.8594893208655858, "gamma_fc": 0.5585165509225178, "beta_enc": 0.3259898117700253}, "datetime": {"elapsed": 2021.681378, "delta": 18.14186, "datetime": "2020-10-05 22:24:01"}}
{"target": 5.462444444444444, "params": {"primacy": 1.0, "beta_rec": 0.6283090375213571, "gamma_fc": 0.2900968516874258, "beta_enc": 0.45285349995153745}, "datetime": {"elapsed": 2040.181446, "delta": 18.500068, "datetime": "2020-10-05 22:24:20"}}
{"target": 4.536222222222222, "params": {"primacy": 1.0, "beta_rec": 0.3114442141324628, "gamma_fc": 0.5172675985011298, "beta_enc": 0.5767559349870908}, "datetime": {"elapsed": 2056.995552, "delta": 16.814106, "datetime": "2020-10-05 22:24:37"}}
{"target": 5.069333333333333, "params": {"primacy": 1.0, "beta_rec": 0.2473960366023854, "gamma_fc": 0.37129376127905445, "beta_enc": 0.426474788501396}, "datetime": {"elapsed": 2074.826567, "delta": 17.831015, "datetime": "2020-10-05 22:24:54"}}
{"target": 1.8588888888888888, "params": {"primacy": 1.0, "beta_rec": 0.8443299485657132, "gamma_fc": 0.9202065143056605, "beta_enc": 0.9368683813090937}, "datetime": {"elapsed": 2086.648843, "delta": 11.822276, "datetime": "2020-10-05 22:25:06"}}
{"target": 5.337111111111112, "params": {"primacy": 1.0, "beta_rec": 0.22730973628468876, "gamma_fc": 0.31437661611405043, "beta_enc": 0.08748220955359087}, "datetime": {"elapsed": 2104.953043, "delta": 18.3042, "datetime": "2020-10-05 22:25:25"}}
{"target": 4.231333333333334, "params": {"primacy": 1.0, "beta_rec": 0.41358641500116133, "gamma_fc": 0.8163515118272141, "beta_enc": 0.6070941619724605}, "datetime": {"elapsed": 2121.257036, "delta": 16.303993, "datetime": "2020-10-05 22:25:41"}}
{"target": 3.566444444444444, "params": {"primacy": 1.0, "beta_rec": 0.24035562484913886, "gamma_fc": 0.5742190888408597, "beta_enc": 0.7018765297563104}, "datetime": {"elapsed": 2136.29663, "delta": 15.039594, "datetime": "2020-10-05 22:25:56"}}
{"target": 5.278888888888889, "params": {"primacy": 1.0, "beta_rec": 0.22881367096037586, "gamma_fc": 0.6641025553547935, "beta_enc": 0.05696439948283272}, "datetime": {"elapsed": 2154.493195, "delta": 18.196565, "datetime": "2020-10-05 22:26:14"}}
{"target": 4.554666666666667, "params": {"primacy": 1.0, "beta_rec": 0.1747201501089225, "gamma_fc": 0.5707158515462564, "beta_enc": 0.5190159840736788}, "datetime": {"elapsed": 2171.471841, "delta": 16.978646, "datetime": "2020-10-05 22:26:31"}}
{"target": 2.674666666666667, "params": {"primacy": 1.0, "beta_rec": 0.5943726238309778, "gamma_fc": 0.9759890683309049, "beta_enc": 0.8168351087916219}, "datetime": {"elapsed": 2184.805409, "delta": 13.333568, "datetime": "2020-10-05 22:26:44"}}
{"target": 3.811555555555556, "params": {"primacy": 1.0, "beta_rec": 0.032426325314457105, "gamma_fc": 0.09357709581748075, "beta_enc": 0.5956079336026455}, "datetime": {"elapsed": 2200.320201, "delta": 15.514792, "datetime": "2020-10-05 22:27:00"}}
{"target": 4.776, "params": {"primacy": 1.0, "beta_rec": 0.37543483316785775, "gamma_fc": 0.9753500342702865, "beta_enc": 0.4517331486914753}, "datetime": {"elapsed": 2217.605104, "delta": 17.284903, "datetime": "2020-10-05 22:27:17"}}
{"target": 1.6315555555555554, "params": {"primacy": 1.0, "beta_rec": 0.7674748688630131, "gamma_fc": 0.8242378396244978, "beta_enc": 0.9727875919326552}, "datetime": {"elapsed": 2228.921179, "delta": 11.316075, "datetime": "2020-10-05 22:27:28"}}
{"target": 4.705777777777778, "params": {"primacy": 1.0, "beta_rec": 0.47688233352119336, "gamma_fc": 0.013136356923072245, "beta_enc": 0.668732770206732}, "datetime": {"elapsed": 2246.111613, "delta": 17.190434, "datetime": "2020-10-05 22:27:46"}}
{"target": 5.260666666666666, "params": {"primacy": 1.0, "beta_rec": 0.7300912110901043, "gamma_fc": 0.4686283427461092, "beta_enc": 0.49207180149355845}, "datetime": {"elapsed": 2264.256504, "delta": 18.144891, "datetime": "2020-10-05 22:28:04"}}
{"target": 5.285111111111112, "params": {"primacy": 1.0, "beta_rec": 0.01088873380347899, "gamma_fc": 0.7582782604769962, "beta_enc": 0.13766274094560316}, "datetime": {"elapsed": 2282.471365, "delta": 18.214861, "datetime": "2020-10-05 22:28:22"}}
{"target": 1.6037777777777777, "params": {"primacy": 1.0, "beta_rec": 0.220234226159156, "gamma_fc": 0.33870802548167966, "beta_enc": 0.9843834501935107}, "datetime": {"elapsed": 2293.730796, "delta": 11.259431, "datetime": "2020-10-05 22:28:33"}}
{"target": 3.976888888888889, "params": {"primacy": 1.0, "beta_rec": 0.46385778390029564, "gamma_fc": 0.12482254311167629, "beta_enc": 0.7548914570605327}, "datetime": {"elapsed": 2309.504525, "delta": 15.773729, "datetime": "2020-10-05 22:28:49"}}
{"target": 4.888666666666667, "params": {"primacy": 1.0, "beta_rec": 0.6738490080168676, "gamma_fc": 0.7701499563120922, "beta_enc": 0.5045191697009946}, "datetime": {"elapsed": 2326.992898, "delta": 17.488373, "datetime": "2020-10-05 22:29:07"}}
{"target": 5.245555555555556, "params": {"primacy": 1.0, "beta_rec": 0.5190823222119895, "gamma_fc": 0.8099887106624163, "beta_enc": 0.022915131322381765}, "datetime": {"elapsed": 2345.200722, "delta": 18.207824, "datetime": "2020-10-05 22:29:25"}}
{"target": 4.847777777777777, "params": {"primacy": 1.0, "beta_rec": 0.6868082266569918, "gamma_fc": 0.44924675358663757, "beta_enc": 0.6724698446537339}, "datetime": {"elapsed": 2362.657228, "delta": 17.456506, "datetime": "2020-10-05 22:29:42"}}
{"target": 3.4259999999999997, "params": {"primacy": 1.0, "beta_rec": 0.005239837651465851, "gamma_fc": 0.4844284455143756, "beta_enc": 0.6443610847569929}, "datetime": {"elapsed": 2377.504176, "delta": 14.846948, "datetime": "2020-10-05 22:29:57"}}
{"target": 3.129555555555556, "params": {"primacy": 1.0, "beta_rec": 0.6491541971124779, "gamma_fc": 0.6736984238986317, "beta_enc": 0.8303995700373394}, "datetime": {"elapsed": 2391.746398, "delta": 14.242222, "datetime": "2020-10-05 22:30:11"}}
{"target": 5.168666666666667, "params": {"primacy": 1.0, "beta_rec": 0.5605299905360588, "gamma_fc": 0.6717297848174203, "beta_enc": 0.27411977516685215}, "datetime": {"elapsed": 2409.788104, "delta": 18.041706, "datetime": "2020-10-05 22:30:29"}}
{"target": 2.3371111111111107, "params": {"primacy": 1.0, "beta_rec": 0.1950374860087073, "gamma_fc": 0.7473208103319232, "beta_enc": 0.8558283672539277}, "datetime": {"elapsed": 2422.580853, "delta": 12.792749, "datetime": "2020-10-05 22:30:42"}}
{"target": 3.0733333333333333, "params": {"primacy": 1.0, "beta_rec": 0.4277373293360762, "gamma_fc": 0.8076984091122095, "beta_enc": 0.773799287244182}, "datetime": {"elapsed": 2436.768587, "delta": 14.187734, "datetime": "2020-10-05 22:30:56"}}
{"target": 5.3277777777777775, "params": {"primacy": 1.0, "beta_rec": 0.7672845084217665, "gamma_fc": 0.3086419476306511, "beta_enc": 0.21369323762958115}, "datetime": {"elapsed": 2455.169055, "delta": 18.400468, "datetime": "2020-10-05 22:31:15"}}
{"target": 3.3579999999999997, "params": {"primacy": 1.0, "beta_rec": 0.22139670090820107, "gamma_fc": 0.21411213682064845, "beta_enc": 0.7444731530777321}, "datetime": {"elapsed": 2469.880331, "delta": 14.711276, "datetime": "2020-10-05 22:31:29"}}
{"target": 5.339777777777778, "params": {"primacy": 1.0, "beta_rec": 0.3770825992073341, "gamma_fc": 0.026627884691621473, "beta_enc": 0.14251833776584466}, "datetime": {"elapsed": 2488.229004, "delta": 18.348673, "datetime": "2020-10-05 22:31:48"}}
{"target": 6.248222222222222, "params": {"primacy": 1.0, "beta_rec": 0.7997765368973863, "gamma_fc": 0.0805295271283859, "beta_enc": 0.6745640237634105}, "datetime": {"elapsed": 2508.238986, "delta": 20.009982, "datetime": "2020-10-05 22:32:08"}}
{"target": 5.292, "params": {"primacy": 1.0, "beta_rec": 0.9173335630816306, "gamma_fc": 0.7113145181364867, "beta_enc": 0.20762566180381437}, "datetime": {"elapsed": 2526.513167, "delta": 18.274181, "datetime": "2020-10-05 22:32:26"}}
{"target": 5.336444444444444, "params": {"primacy": 1.0, "beta_rec": 0.8348540476317985, "gamma_fc": 0.43530595762951996, "beta_enc": 0.30451798792062024}, "datetime": {"elapsed": 2544.864407, "delta": 18.35124, "datetime": "2020-10-05 22:32:44"}}
{"target": 4.462444444444444, "params": {"primacy": 1.0, "beta_rec": 0.47803130796528337, "gamma_fc": 0.1262101037493587, "beta_enc": 0.7060518043359332}, "datetime": {"elapsed": 2561.635115, "delta": 16.770708, "datetime": "2020-10-05 22:33:01"}}
{"target": 5.305777777777778, "params": {"primacy": 1.0, "beta_rec": 0.2026021252196626, "gamma_fc": 0.43118175516037094, "beta_enc": 0.15983365034409336}, "datetime": {"elapsed": 2579.985037, "delta": 18.349922, "datetime": "2020-10-05 22:33:20"}}
{"target": 5.337555555555556, "params": {"primacy": 1.0, "beta_rec": 0.7293189193611234, "gamma_fc": 0.18874506687718595, "beta_enc": 0.14675148076429412}, "datetime": {"elapsed": 2598.39194, "delta": 18.406903, "datetime": "2020-10-05 22:33:38"}}
{"target": 3.1337777777777776, "params": {"primacy": 1.0, "beta_rec": 0.21073239208332073, "gamma_fc": 0.60095424810764, "beta_enc": 0.7543059505762987}, "datetime": {"elapsed": 2612.709197, "delta": 14.317257, "datetime": "2020-10-05 22:33:52"}}
{"target": 5.096444444444445, "params": {"primacy": 1.0, "beta_rec": 0.5971273029466491, "gamma_fc": 0.29548228565549706, "beta_enc": 0.6382187106203334}, "datetime": {"elapsed": 2630.564134, "delta": 17.854937, "datetime": "2020-10-05 22:34:10"}}
{"target": 1.8066666666666666, "params": {"primacy": 1.0, "beta_rec": 0.42556139026154693, "gamma_fc": 0.7821818168314053, "beta_enc": 0.9453084399999497}, "datetime": {"elapsed": 2642.235553, "delta": 11.671419, "datetime": "2020-10-05 22:34:22"}}
{"target": 2.6437777777777773, "params": {"primacy": 1.0, "beta_rec": 0.1922500168221477, "gamma_fc": 0.3950968688899732, "beta_enc": 0.8352716024899659}, "datetime": {"elapsed": 2655.549546, "delta": 13.313993, "datetime": "2020-10-05 22:34:35"}}
{"target": 5.3100000000000005, "params": {"primacy": 1.0, "beta_rec": 0.9046310029362429, "gamma_fc": 0.37015417755373825, "beta_enc": 0.08010364380604929}, "datetime": {"elapsed": 2673.845307, "delta": 18.295761, "datetime": "2020-10-05 22:34:53"}}
{"target": 4.6546666666666665, "params": {"primacy": 1.0, "beta_rec": 0.13216114194293815, "gamma_fc": 0.20645405888943302, "beta_enc": 0.49411626589632507}, "datetime": {"elapsed": 2691.006907, "delta": 17.1616, "datetime": "2020-10-05 22:35:11"}}
{"target": 4.844444444444444, "params": {"primacy": 1.0, "beta_rec": 0.2615495518329871, "gamma_fc": 0.3570616088827919, "beta_enc": 0.5079216999452875}, "datetime": {"elapsed": 2708.424009, "delta": 17.417102, "datetime": "2020-10-05 22:35:28"}}
{"target": 2.6331111111111105, "params": {"primacy": 1.0, "beta_rec": 0.1065838767888011, "gamma_fc": 0.9857088237131878, "beta_enc": 0.7875518396525072}, "datetime": {"elapsed": 2721.707943, "delta": 13.283934, "datetime": "2020-10-05 22:35:41"}}
{"target": 3.9191111111111114, "params": {"primacy": 1.0, "beta_rec": 0.044845334589088126, "gamma_fc": 0.7871162896558341, "beta_enc": 0.5724051124346493}, "datetime": {"elapsed": 2737.423434, "delta": 15.715491, "datetime": "2020-10-05 22:35:57"}}
{"target": 5.800666666666667, "params": {"primacy": 1.0, "beta_rec": 0.7400775431590716, "gamma_fc": 0.14993148491725594, "beta_enc": 0.5279039784081266}, "datetime": {"elapsed": 2756.547489, "delta": 19.124055, "datetime": "2020-10-05 22:36:16"}}
{"target": 5.258444444444445, "params": {"primacy": 1.0, "beta_rec": 0.7591960493171447, "gamma_fc": 0.7229151935562137, "beta_enc": 0.2166172083287794}, "datetime": {"elapsed": 2774.746196, "delta": 18.198707, "datetime": "2020-10-05 22:36:34"}}
{"target": 2.1008888888888886, "params": {"primacy": 1.0, "beta_rec": 0.019775099516344263, "gamma_fc": 0.8602369974231152, "beta_enc": 0.8619665576670734}, "datetime": {"elapsed": 2786.988884, "delta": 12.242688, "datetime": "2020-10-05 22:36:47"}}
{"target": 5.147333333333333, "params": {"primacy": 1.0, "beta_rec": 0.7587469310223366, "gamma_fc": 0.7169290016924699, "beta_enc": 0.4032204721058492}, "datetime": {"elapsed": 2804.911771, "delta": 17.922887, "datetime": "2020-10-05 22:37:04"}}
{"target": 5.121777777777778, "params": {"primacy": 1.0, "beta_rec": 0.0037936724093425855, "gamma_fc": 0.9339026083148878, "beta_enc": 0.2780850486129828}, "datetime": {"elapsed": 2822.80149, "delta": 17.889719, "datetime": "2020-10-05 22:37:22"}}
{"target": 3.6824444444444446, "params": {"primacy": 1.0, "beta_rec": 0.5166887829215384, "gamma_fc": 0.706956245248761, "beta_enc": 0.7288508775192559}, "datetime": {"elapsed": 2838.026225, "delta": 15.224735, "datetime": "2020-10-05 22:37:38"}}
{"target": 5.099777777777777, "params": {"primacy": 1.0, "beta_rec": 0.7703225253299576, "gamma_fc": 0.7506243191751754, "beta_enc": 0.3748759435368594}, "datetime": {"elapsed": 2855.914914, "delta": 17.888689, "datetime": "2020-10-05 22:37:55"}}
{"target": 5.750888888888889, "params": {"primacy": 1.0, "beta_rec": 0.6973080192643409, "gamma_fc": 0.0031128578251921057, "beta_enc": 0.4018659239678374}, "datetime": {"elapsed": 2875.028738, "delta": 19.113824, "datetime": "2020-10-05 22:38:15"}}
{"target": 2.3784444444444444, "params": {"primacy": 1.0, "beta_rec": 0.23931570743750463, "gamma_fc": 0.12076718430922972, "beta_enc": 0.896416602456847}, "datetime": {"elapsed": 2887.809302, "delta": 12.780564, "datetime": "2020-10-05 22:38:27"}}
{"target": 5.288666666666666, "params": {"primacy": 1.0, "beta_rec": 0.8830285085638342, "gamma_fc": 0.5431664302380945, "beta_enc": 0.3020967312900983}, "datetime": {"elapsed": 2906.041713, "delta": 18.232411, "datetime": "2020-10-05 22:38:46"}}
{"target": 5.29, "params": {"primacy": 1.0, "beta_rec": 0.29014446310454167, "gamma_fc": 0.6138710897412526, "beta_enc": 0.13835468979294652}, "datetime": {"elapsed": 2924.284926, "delta": 18.243213, "datetime": "2020-10-05 22:39:04"}}
{"target": 4.887777777777778, "params": {"primacy": 1.0, "beta_rec": 0.44411710701661444, "gamma_fc": 0.8281353607315121, "beta_enc": 0.45736018169099846}, "datetime": {"elapsed": 2941.758922, "delta": 17.473996, "datetime": "2020-10-05 22:39:21"}}
