{"target": 8.076666666666666, "params": {"gamma_fc": 0.14453663791104035, "beta_enc": 0.9082808942907211, "beta_rec": 0.91818415755312, "primacy": 0.7}, "datetime": {"delta": 33.444179, "datetime": "2020-11-23 16:19:37", "elapsed": 6074.141488}}
{"target": 8.102222222222222, "params": {"gamma_fc": 0.09164174494862776, "beta_enc": 0.9513315924027422, "beta_rec": 0.959854104858522, "primacy": 0.7}, "datetime": {"delta": 33.498231, "datetime": "2020-11-23 16:20:11", "elapsed": 6107.639719}}
{"target": 7.964444444444444, "params": {"gamma_fc": 0.1684428407524436, "beta_enc": 0.8848864859400213, "beta_rec": 0.9015265728091604, "primacy": 0.7}, "datetime": {"delta": 33.697131, "datetime": "2020-11-23 16:20:44", "elapsed": 6141.33685}}
{"target": 8.112444444444444, "params": {"gamma_fc": 0.11836233347268368, "beta_enc": 0.933569486178809, "beta_rec": 0.9803994503519151, "primacy": 0.7}, "datetime": {"delta": 33.719534, "datetime": "2020-11-23 16:21:18", "elapsed": 6175.056384}}
{"target": 7.967777777777778, "params": {"gamma_fc": 0.1389116513181774, "beta_enc": 0.9174639294825756, "beta_rec": 1.0, "primacy": 0.7}, "datetime": {"delta": 33.034275, "datetime": "2020-11-23 16:21:51", "elapsed": 6208.090659}}
{"target": 7.964444444444444, "params": {"gamma_fc": 0.1267060985424022, "beta_enc": 0.8977283876278818, "beta_rec": 0.8928673510103178, "primacy": 0.7}, "datetime": {"delta": 33.214648, "datetime": "2020-11-23 16:22:24", "elapsed": 6241.305307}}
{"target": 8.041333333333332, "params": {"gamma_fc": 0.13673366464431302, "beta_enc": 0.9227199820050855, "beta_rec": 0.9601163353403193, "primacy": 0.7}, "datetime": {"delta": 33.044007, "datetime": "2020-11-23 16:22:57", "elapsed": 6274.349314}}
{"target": 7.647111111111111, "params": {"gamma_fc": 0.130460137187685, "beta_enc": 0.7727556748825087, "beta_rec": 0.90159576502396, "primacy": 0.7}, "datetime": {"delta": 32.715327, "datetime": "2020-11-23 16:23:30", "elapsed": 6307.064641}}
{"target": 8.204444444444444, "params": {"gamma_fc": 0.04421526406122919, "beta_enc": 0.9842089537468356, "beta_rec": 0.9540000342475733, "primacy": 0.7}, "datetime": {"delta": 33.552451, "datetime": "2020-11-23 16:24:04", "elapsed": 6340.617092}}
{"target": 8.189333333333334, "params": {"gamma_fc": 0.038123797992308174, "beta_enc": 0.9971292864053978, "beta_rec": 0.9385605866640251, "primacy": 0.7}, "datetime": {"delta": 33.806435, "datetime": "2020-11-23 16:24:38", "elapsed": 6374.423527}}
{"target": 6.687555555555555, "params": {"gamma_fc": 0.04111650068828989, "beta_enc": 1.0, "beta_rec": 0.9587292261389591, "primacy": 0.7}, "datetime": {"delta": 30.16972, "datetime": "2020-11-23 16:25:08", "elapsed": 6404.593247}}
{"target": 8.184000000000001, "params": {"gamma_fc": 0.04157504860561307, "beta_enc": 0.9910478770516913, "beta_rec": 0.931907926519933, "primacy": 0.7}, "datetime": {"delta": 31.868952, "datetime": "2020-11-23 16:25:40", "elapsed": 6436.462199}}
{"target": 8.235777777777777, "params": {"gamma_fc": 0.04403427864363713, "beta_enc": 0.9794771609135337, "beta_rec": 0.9499190014035407, "primacy": 0.7}, "datetime": {"delta": 33.218464, "datetime": "2020-11-23 16:26:13", "elapsed": 6469.680663}}
{"target": 8.111777777777778, "params": {"gamma_fc": 0.03256692534240251, "beta_enc": 0.9954934407056716, "beta_rec": 0.9318609002860939, "primacy": 0.7}, "datetime": {"delta": 32.600232, "datetime": "2020-11-23 16:26:45", "elapsed": 6502.280895}}
{"target": 8.239555555555555, "params": {"gamma_fc": 0.04959082416085048, "beta_enc": 0.9901086624424424, "beta_rec": 0.9413249670691142, "primacy": 0.7}, "datetime": {"delta": 32.82045, "datetime": "2020-11-23 16:27:18", "elapsed": 6535.101345}}
{"target": 8.194666666666667, "params": {"gamma_fc": 0.04871541886766906, "beta_enc": 0.9668819122256018, "beta_rec": 0.9583163742694352, "primacy": 0.7}, "datetime": {"delta": 32.795196, "datetime": "2020-11-23 16:27:51", "elapsed": 6567.896541}}
{"target": 7.978222222222223, "params": {"gamma_fc": 0.20838162952509529, "beta_enc": 0.9027455121781238, "beta_rec": 0.9591992740365484, "primacy": 0.7}, "datetime": {"delta": 32.692761, "datetime": "2020-11-23 16:28:24", "elapsed": 6600.589302}}
{"target": 7.993555555555555, "params": {"gamma_fc": 0.0, "beta_enc": 0.9045685376867919, "beta_rec": 0.8646174237662045, "primacy": 0.7}, "datetime": {"delta": 32.434792, "datetime": "2020-11-23 16:28:56", "elapsed": 6633.024094}}
{"target": 7.936222222222222, "params": {"gamma_fc": 0.32234926844066686, "beta_enc": 0.8829898768202961, "beta_rec": 0.9612418083165366, "primacy": 0.7}, "datetime": {"delta": 32.44686, "datetime": "2020-11-23 16:29:29", "elapsed": 6665.470954}}
{"target": 7.956888888888889, "params": {"gamma_fc": 0.05692286006033466, "beta_enc": 0.8616264110837089, "beta_rec": 0.850955553492622, "primacy": 0.7}, "datetime": {"delta": 32.267562, "datetime": "2020-11-23 16:30:01", "elapsed": 6697.738516}}
{"target": 7.832888888888888, "params": {"gamma_fc": 0.33885181730407127, "beta_enc": 0.8463434414260841, "beta_rec": 0.9859148458888416, "primacy": 0.7}, "datetime": {"delta": 32.647176, "datetime": "2020-11-23 16:30:33", "elapsed": 6730.385692}}
{"target": 8.124, "params": {"gamma_fc": 0.06809041794839399, "beta_enc": 0.9649895494733521, "beta_rec": 0.964310892149486, "primacy": 0.7}, "datetime": {"delta": 32.254842, "datetime": "2020-11-23 16:31:06", "elapsed": 6762.640534}}
{"target": 8.17488888888889, "params": {"gamma_fc": 0.11152155059198576, "beta_enc": 0.9373634489856092, "beta_rec": 0.9246625539339508, "primacy": 0.7}, "datetime": {"delta": 33.179857, "datetime": "2020-11-23 16:31:39", "elapsed": 6795.820391}}
{"target": 8.088222222222221, "params": {"gamma_fc": 0.1331404654200743, "beta_enc": 0.9409149719127663, "beta_rec": 0.9173431514947914, "primacy": 0.7}, "datetime": {"delta": 32.004478, "datetime": "2020-11-23 16:32:11", "elapsed": 6827.824869}}
{"target": 7.896444444444444, "params": {"gamma_fc": 0.20525436817590667, "beta_enc": 0.8510744839260685, "beta_rec": 0.9232606814985929, "primacy": 0.7}, "datetime": {"delta": 31.79087, "datetime": "2020-11-23 16:32:43", "elapsed": 6859.615739}}
{"target": 8.032666666666668, "params": {"gamma_fc": 0.11218385384665153, "beta_enc": 0.9291274273874406, "beta_rec": 0.9043633804892773, "primacy": 0.7}, "datetime": {"delta": 32.298533, "datetime": "2020-11-23 16:33:15", "elapsed": 6891.914272}}
{"target": 8.12511111111111, "params": {"gamma_fc": 0.12034579452523936, "beta_enc": 0.9496572579316201, "beta_rec": 0.9414532645174903, "primacy": 0.7}, "datetime": {"delta": 32.867721, "datetime": "2020-11-23 16:33:48", "elapsed": 6924.781993}}
{"target": 7.888666666666667, "params": {"gamma_fc": 0.2847688049007891, "beta_enc": 0.845821595535071, "beta_rec": 0.9267832584383687, "primacy": 0.7}, "datetime": {"delta": 32.980024, "datetime": "2020-11-23 16:34:21", "elapsed": 6957.762017}}
{"target": 7.716222222222223, "params": {"gamma_fc": 0.33162736394582687, "beta_enc": 0.8388912457816905, "beta_rec": 0.9266823601847781, "primacy": 0.7}, "datetime": {"delta": 31.876307, "datetime": "2020-11-23 16:34:53", "elapsed": 6989.638324}}
{"target": 7.921777777777779, "params": {"gamma_fc": 0.24033621501663793, "beta_enc": 0.8813768038330948, "beta_rec": 0.9116170710226835, "primacy": 0.7}, "datetime": {"delta": 32.85137, "datetime": "2020-11-23 16:35:26", "elapsed": 7022.489694}}
{"target": 7.864888888888889, "params": {"gamma_fc": 0.2424568326183641, "beta_enc": 0.8352643649628713, "beta_rec": 0.8871684506605164, "primacy": 0.7}, "datetime": {"delta": 32.540837, "datetime": "2020-11-23 16:35:58", "elapsed": 7055.030531}}
{"target": 7.812444444444443, "params": {"gamma_fc": 0.18162540907224628, "beta_enc": 0.8343681521777973, "beta_rec": 0.8681932363362393, "primacy": 0.7}, "datetime": {"delta": 32.314307, "datetime": "2020-11-23 16:36:30", "elapsed": 7087.344838}}
{"target": 7.718888888888889, "params": {"gamma_fc": 0.24675209947493415, "beta_enc": 0.8004346998967469, "beta_rec": 0.9283288793839226, "primacy": 0.7}, "datetime": {"delta": 32.109051, "datetime": "2020-11-23 16:37:03", "elapsed": 7119.453889}}
