{"target": 8.1, "params": {"gamma_fc": 0.593432449464621, "beta_enc": 0.21196016464367595, "gamma_cf": 0.02760601195450363, "beta_rec": 0.7986042447602102, "cue_position": 9.0}, "datetime": {"datetime": "2020-06-20 02:43:08", "elapsed": 2123.30699, "delta": 25.605301}}
{"target": 7.675, "params": {"gamma_fc": 0.5409518049621886, "beta_enc": 0.8438404289311888, "gamma_cf": 0.5111414782971282, "beta_rec": 0.3810161240622142, "cue_position": 9.0}, "datetime": {"datetime": "2020-06-20 02:43:49", "elapsed": 2164.122591, "delta": 40.815601}}
{"target": 6.366666666666666, "params": {"gamma_fc": 0.46500148156350607, "beta_enc": 0.9594343210617524, "gamma_cf": 0.7093872512312951, "beta_rec": 0.8039608914986468, "cue_position": 9.0}, "datetime": {"datetime": "2020-06-20 02:44:31", "elapsed": 2205.488794, "delta": 41.366203}}
{"target": 6.891666666666667, "params": {"gamma_fc": 0.42861882866378653, "beta_enc": 0.9475489413950998, "gamma_cf": 0.081473964877262, "beta_rec": 0.2214327343234883, "cue_position": 9.0}, "datetime": {"datetime": "2020-06-20 02:44:55", "elapsed": 2229.923803, "delta": 24.435009}}
{"target": 10.158333333333333, "params": {"gamma_fc": 0.7662113810757705, "beta_enc": 0.10901876401906829, "gamma_cf": 0.6968004961201785, "beta_rec": 0.6337867606119179, "cue_position": 9.0}, "datetime": {"datetime": "2020-06-20 02:45:51", "elapsed": 2285.600649, "delta": 55.676846}}
{"target": 9.916666666666666, "params": {"gamma_fc": 0.6264961586242938, "beta_enc": 0.3424541198435198, "gamma_cf": 0.8240098704123188, "beta_rec": 0.8458514830276777, "cue_position": 9.0}, "datetime": {"datetime": "2020-06-20 02:46:39", "elapsed": 2334.352555, "delta": 48.751906}}
{"target": 9.033333333333333, "params": {"gamma_fc": 0.4585838137084318, "beta_enc": 0.1434230486702449, "gamma_cf": 0.06672499763935646, "beta_rec": 0.07838689985494796, "cue_position": 9.0}, "datetime": {"datetime": "2020-06-20 02:47:09", "elapsed": 2363.813732, "delta": 29.461177}}
{"target": 10.133333333333333, "params": {"gamma_fc": 0.7469384956075251, "beta_enc": 0.11334192276759048, "gamma_cf": 0.3948504804606394, "beta_rec": 0.027783348848669953, "cue_position": 9.0}, "datetime": {"datetime": "2020-06-20 02:47:38", "elapsed": 2393.438293, "delta": 29.624561}}
{"target": 9.6625, "params": {"gamma_fc": 0.8031633421141696, "beta_enc": 0.45240482674645155, "gamma_cf": 0.47400392656219403, "beta_rec": 0.4500867470007611, "cue_position": 9.0}, "datetime": {"datetime": "2020-06-20 02:48:07", "elapsed": 2422.13279, "delta": 28.694497}}
{"target": 9.133333333333333, "params": {"gamma_fc": 0.12564138113773882, "beta_enc": 0.40239251985773583, "gamma_cf": 0.7738743427204187, "beta_rec": 0.904686160343623, "cue_position": 9.0}, "datetime": {"datetime": "2020-06-20 02:48:34", "elapsed": 2449.392364, "delta": 27.259574}}
{"target": 8.05, "params": {"gamma_fc": 0.9511937854902045, "beta_enc": 0.6185135669120855, "gamma_cf": 0.0030179566195963625, "beta_rec": 0.010364261335231939, "cue_position": 9.0}, "datetime": {"datetime": "2020-06-20 02:48:59", "elapsed": 2474.071919, "delta": 24.679555}}
{"target": 6.291666666666667, "params": {"gamma_fc": 0.15773006987053328, "beta_enc": 0.905402033702778, "gamma_cf": 0.14555823115839706, "beta_rec": 0.7959669419422694, "cue_position": 9.0}, "datetime": {"datetime": "2020-06-20 02:49:20", "elapsed": 2495.265826, "delta": 21.193907}}
{"target": 10.15, "params": {"gamma_fc": 0.7111224587658159, "beta_enc": 0.187631672902434, "gamma_cf": 0.9899551783590737, "beta_rec": 0.6224959022999211, "cue_position": 9.0}, "datetime": {"datetime": "2020-06-20 02:49:49", "elapsed": 2524.010204, "delta": 28.744378}}
{"target": 7.229166666666667, "params": {"gamma_fc": 0.17343017078712286, "beta_enc": 0.7318004091422953, "gamma_cf": 0.24985068022503676, "beta_rec": 0.9092932045442544, "cue_position": 9.0}, "datetime": {"datetime": "2020-06-20 02:50:12", "elapsed": 2546.658335, "delta": 22.648131}}
{"target": 10.1875, "params": {"gamma_fc": 0.8190891786335308, "beta_enc": 0.119457050333729, "gamma_cf": 0.2642974827269007, "beta_rec": 0.8126105880328287, "cue_position": 9.0}, "datetime": {"datetime": "2020-06-20 02:50:40", "elapsed": 2574.670911, "delta": 28.012576}}
{"target": 9.533333333333333, "params": {"gamma_fc": 0.31446701118584963, "beta_enc": 0.31058725179421, "gamma_cf": 0.5336533449712114, "beta_rec": 0.9824174492929428, "cue_position": 9.0}, "datetime": {"datetime": "2020-06-20 02:51:07", "elapsed": 2601.843439, "delta": 27.172528}}
{"target": 7.25, "params": {"gamma_fc": 0.9388864773697133, "beta_enc": 0.9107728311738374, "gamma_cf": 0.5122926922783614, "beta_rec": 0.36655664385123443, "cue_position": 9.0}, "datetime": {"datetime": "2020-06-20 02:51:30", "elapsed": 2624.790553, "delta": 22.947114}}
{"target": 7.058333333333334, "params": {"gamma_fc": 0.5220512472525107, "beta_enc": 0.030949006271150714, "gamma_cf": 0.027287223517468817, "beta_rec": 0.7168786636316892, "cue_position": 9.0}, "datetime": {"datetime": "2020-06-20 02:51:52", "elapsed": 2647.363328, "delta": 22.572775}}
{"target": 9.720833333333333, "params": {"gamma_fc": 0.45285349995153745, "beta_enc": 0.3259898117700253, "gamma_cf": 0.6902278681627478, "beta_rec": 0.8594893208655858, "cue_position": 9.0}, "datetime": {"datetime": "2020-06-20 02:52:21", "elapsed": 2676.351856, "delta": 28.988528}}
{"target": 8.504166666666666, "params": {"gamma_fc": 0.3114442141324628, "beta_enc": 0.6283090375213571, "gamma_cf": 0.5767559349870908, "beta_rec": 0.2900968516874258, "cue_position": 9.0}, "datetime": {"datetime": "2020-06-20 02:52:48", "elapsed": 2702.903794, "delta": 26.551938}}
{"target": 8.695833333333333, "params": {"gamma_fc": 0.37129376127905445, "beta_enc": 0.5172675985011298, "gamma_cf": 0.2473960366023854, "beta_rec": 0.9164058530538978, "cue_position": 9.0}, "datetime": {"datetime": "2020-06-20 02:53:22", "elapsed": 2736.471365, "delta": 33.567571}}
{"target": 8.183333333333334, "params": {"gamma_fc": 0.22790028995131695, "beta_enc": 0.9318611166365406, "gamma_cf": 0.9202065143056605, "beta_rec": 0.9368683813090937, "cue_position": 9.0}, "datetime": {"datetime": "2020-06-20 02:53:47", "elapsed": 2762.313895, "delta": 25.84253}}
{"target": 9.770833333333334, "params": {"gamma_fc": 0.6070941619724605, "beta_enc": 0.08748220955359087, "gamma_cf": 0.17476587635631158, "beta_rec": 0.22730973628468876, "cue_position": 9.0}, "datetime": {"datetime": "2020-06-20 02:54:16", "elapsed": 2791.383204, "delta": 29.069309}}
{"target": 9.279166666666667, "params": {"gamma_fc": 0.24035562484913886, "beta_enc": 0.41358641500116133, "gamma_cf": 0.7018765297563104, "beta_rec": 0.8163515118272141, "cue_position": 9.0}, "datetime": {"datetime": "2020-06-20 02:54:45", "elapsed": 2819.65475, "delta": 28.271546}}
{"target": 8.775, "params": {"gamma_fc": 0.6641025553547935, "beta_enc": 0.5742190888408597, "gamma_cf": 0.22881367096037586, "beta_rec": 0.34898759722078887, "cue_position": 9.0}, "datetime": {"datetime": "2020-06-20 02:55:12", "elapsed": 2846.870501, "delta": 27.215751}}
{"target": 9.416666666666666, "params": {"gamma_fc": 0.99675342520821, "beta_enc": 0.4972500933605313, "gamma_cf": 0.5707158515462564, "beta_rec": 0.5190159840736788, "cue_position": 9.0}, "datetime": {"datetime": "2020-06-20 02:55:40", "elapsed": 2875.337019, "delta": 28.466518}}
{"target": 6.670833333333333, "params": {"gamma_fc": 0.5956079336026455, "beta_enc": 0.8168351087916219, "gamma_cf": 0.9015625846693213, "beta_rec": 0.5943726238309778, "cue_position": 9.0}, "datetime": {"datetime": "2020-06-20 02:56:03", "elapsed": 2898.128796, "delta": 22.791777}}
{"target": 10.05, "params": {"gamma_fc": 0.37543483316785775, "beta_enc": 0.032426325314457105, "gamma_cf": 0.4517331486914753, "beta_rec": 0.09357709581748075, "cue_position": 9.0}, "datetime": {"datetime": "2020-06-20 02:56:33", "elapsed": 2928.003289, "delta": 29.874493}}
{"target": 4.695833333333334, "params": {"gamma_fc": 0.8242378396244978, "beta_enc": 0.9753500342702865, "gamma_cf": 0.7674748688630131, "beta_rec": 0.1679832931996149, "cue_position": 9.0}, "datetime": {"datetime": "2020-06-20 02:56:52", "elapsed": 2946.830295, "delta": 18.827006}}
{"target": 7.208333333333333, "params": {"gamma_fc": 0.3530060855418248, "beta_enc": 0.6326158167779973, "gamma_cf": 0.013136356923072245, "beta_rec": 0.668732770206732, "cue_position": 9.0}, "datetime": {"datetime": "2020-06-20 02:57:16", "elapsed": 2970.865551, "delta": 24.035256}}
{"target": 8.354166666666666, "params": {"gamma_fc": 0.13766274094560316, "beta_enc": 0.49207180149355845, "gamma_cf": 0.4574049160894317, "beta_rec": 0.7300912110901043, "cue_position": 9.0}, "datetime": {"datetime": "2020-06-20 02:57:42", "elapsed": 2997.259027, "delta": 26.393476}}
{"target": 10.2, "params": {"gamma_fc": 0.220234226159156, "beta_enc": 0.01088873380347899, "gamma_cf": 0.9843834501935107, "beta_rec": 0.7582782604769962, "cue_position": 9.0}, "datetime": {"datetime": "2020-06-20 02:58:12", "elapsed": 3027.415329, "delta": 30.156302}}
{"target": 8.916666666666666, "params": {"gamma_fc": 0.12482254311167629, "beta_enc": 0.33870802548167966, "gamma_cf": 0.46385778390029564, "beta_rec": 0.5238961356661317, "cue_position": 9.0}, "datetime": {"datetime": "2020-06-20 02:58:40", "elapsed": 3055.004135, "delta": 27.588806}}
{"target": 9.4375, "params": {"gamma_fc": 0.13033578095435427, "beta_enc": 0.3125013784920495, "gamma_cf": 0.7701499563120922, "beta_rec": 0.5045191697009946, "cue_position": 9.0}, "datetime": {"datetime": "2020-06-20 02:59:09", "elapsed": 3083.608553, "delta": 28.604418}}
{"target": 7.15, "params": {"gamma_fc": 0.6724698446537339, "beta_enc": 0.022915131322381765, "gamma_cf": 0.012603767029876312, "beta_rec": 0.5190823222119895, "cue_position": 9.0}, "datetime": {"datetime": "2020-06-20 02:59:33", "elapsed": 3107.50099, "delta": 23.892437}}
{"target": 8.066666666666666, "params": {"gamma_fc": 0.005239837651465851, "beta_enc": 0.6868082266569918, "gamma_cf": 0.6443610847569929, "beta_rec": 0.44924675358663757, "cue_position": 9.0}, "datetime": {"datetime": "2020-06-20 02:59:58", "elapsed": 3133.32073, "delta": 25.81974}}
{"target": 9.725, "params": {"gamma_fc": 0.6736984238986317, "beta_enc": 0.4844284455143756, "gamma_cf": 0.6491541971124779, "beta_rec": 0.8593178060976, "cue_position": 9.0}, "datetime": {"datetime": "2020-06-20 03:00:28", "elapsed": 3162.590199, "delta": 29.269469}}
{"target": 8.925, "params": {"gamma_fc": 0.35242963021640883, "beta_enc": 0.5784995797892005, "gamma_cf": 0.6717297848174203, "beta_rec": 0.27411977516685215, "cue_position": 9.0}, "datetime": {"datetime": "2020-06-20 03:00:55", "elapsed": 3190.170191, "delta": 27.579992}}
{"target": 7.991666666666666, "params": {"gamma_fc": 0.773799287244182, "beta_enc": 0.8558283672539277, "gamma_cf": 0.2896027461868774, "beta_rec": 0.1950374860087073, "cue_position": 9.0}, "datetime": {"datetime": "2020-06-20 03:01:21", "elapsed": 3215.978335, "delta": 25.808144}}
{"target": 9.2625, "params": {"gamma_fc": 0.7672845084217665, "beta_enc": 0.4277373293360762, "gamma_cf": 0.21369323762958115, "beta_rec": 0.8076984091122095, "cue_position": 9.0}, "datetime": {"datetime": "2020-06-20 03:01:49", "elapsed": 3244.411052, "delta": 28.432717}}
{"target": 7.904166666666667, "params": {"gamma_fc": 0.21411213682064845, "beta_enc": 0.3086419476306511, "gamma_cf": 0.22139670090820107, "beta_rec": 0.7332450677264275, "cue_position": 9.0}, "datetime": {"datetime": "2020-06-20 03:02:15", "elapsed": 3270.085575, "delta": 25.674523}}
{"target": 8.075, "params": {"gamma_fc": 0.11092036903424063, "beta_enc": 0.1989479234270667, "gamma_cf": 0.026627884691621473, "beta_rec": 0.14251833776584466, "cue_position": 9.0}, "datetime": {"datetime": "2020-06-20 03:02:41", "elapsed": 3296.096227, "delta": 26.010652}}
{"target": 7.629166666666666, "params": {"gamma_fc": 0.20762566180381437, "beta_enc": 0.6745640237634105, "gamma_cf": 0.23170231048579204, "beta_rec": 0.7997765368973863, "cue_position": 9.0}, "datetime": {"datetime": "2020-06-20 03:03:06", "elapsed": 3320.897336, "delta": 24.801109}}
{"target": 8.229166666666666, "params": {"gamma_fc": 0.8348540476317985, "beta_enc": 0.9173335630816306, "gamma_cf": 0.30451798792062024, "beta_rec": 0.7113145181364867, "cue_position": 9.0}, "datetime": {"datetime": "2020-06-20 03:03:32", "elapsed": 3346.882712, "delta": 25.985376}}
{"target": 8.691666666666666, "params": {"gamma_fc": 0.1262101037493587, "beta_enc": 0.43530595762951996, "gamma_cf": 0.47803130796528337, "beta_rec": 0.9234562151187752, "cue_position": 9.0}, "datetime": {"datetime": "2020-06-20 03:03:59", "elapsed": 3373.848079, "delta": 26.965367}}
{"target": 6.420833333333333, "params": {"gamma_fc": 0.40420190577514725, "beta_enc": 0.9760435504677476, "gamma_cf": 0.43118175516037094, "beta_rec": 0.15983365034409336, "cue_position": 9.0}, "datetime": {"datetime": "2020-06-20 03:04:21", "elapsed": 3396.161324, "delta": 22.313245}}
{"target": 10.420833333333333, "params": {"gamma_fc": 0.7543059505762987, "beta_enc": 0.14675148076429412, "gamma_cf": 0.6438956443116628, "beta_rec": 0.7293189193611234, "cue_position": 9.0}, "datetime": {"datetime": "2020-06-20 03:04:52", "elapsed": 3426.75822, "delta": 30.596896}}
{"target": 10.270833333333334, "params": {"gamma_fc": 0.5971273029466491, "beta_enc": 0.21073239208332073, "gamma_cf": 0.6382187106203334, "beta_rec": 0.60095424810764, "cue_position": 9.0}, "datetime": {"datetime": "2020-06-20 03:05:22", "elapsed": 3456.984331, "delta": 30.226111}}
{"target": 9.925, "params": {"gamma_fc": 0.7821818168314053, "beta_enc": 0.29548228565549706, "gamma_cf": 0.42556139026154693, "beta_rec": 0.7316064712415088, "cue_position": 9.0}, "datetime": {"datetime": "2020-06-20 03:05:51", "elapsed": 3486.441967, "delta": 29.457636}}
{"target": 9.091666666666667, "params": {"gamma_fc": 0.30008104592535645, "beta_enc": 0.056141039661915304, "gamma_cf": 0.3950968688899732, "beta_rec": 0.8352716024899659, "cue_position": 9.0}, "datetime": {"datetime": "2020-06-20 03:06:19", "elapsed": 3514.236572, "delta": 27.794605}}
{"target": 10.041666666666666, "params": {"gamma_fc": 0.49411626589632507, "beta_enc": 0.08010364380604929, "gamma_cf": 0.5306974384761395, "beta_rec": 0.9046310029362429, "cue_position": 9.0}, "datetime": {"datetime": "2020-06-20 03:06:49", "elapsed": 3543.983951, "delta": 29.747379}}
{"target": 9.8375, "params": {"gamma_fc": 0.2615495518329871, "beta_enc": 0.13216114194293815, "gamma_cf": 0.5079216999452875, "beta_rec": 0.20645405888943302, "cue_position": 9.0}, "datetime": {"datetime": "2020-06-20 03:07:18", "elapsed": 3573.192904, "delta": 29.208953}}
{"target": 9.170833333333333, "params": {"gamma_fc": 0.9857088237131878, "beta_enc": 0.3570616088827919, "gamma_cf": 0.1065838767888011, "beta_rec": 0.10806532869723684, "cue_position": 9.0}, "datetime": {"datetime": "2020-06-20 03:07:46", "elapsed": 3601.090592, "delta": 27.897688}}
{"target": 9.995833333333334, "params": {"gamma_fc": 0.18960594781829654, "beta_enc": 0.17716116443841734, "gamma_cf": 0.7871162896558341, "beta_rec": 0.5724051124346493, "cue_position": 9.0}, "datetime": {"datetime": "2020-06-20 03:08:16", "elapsed": 3630.696, "delta": 29.605408}}
{"target": 9.008333333333333, "params": {"gamma_fc": 0.2166172083287794, "beta_enc": 0.5279039784081266, "gamma_cf": 0.5510871741869717, "beta_rec": 0.7400775431590716, "cue_position": 9.0}, "datetime": {"datetime": "2020-06-20 03:08:43", "elapsed": 3658.226533, "delta": 27.530533}}
{"target": 7.566666666666666, "params": {"gamma_fc": 0.019775099516344263, "beta_enc": 0.7591960493171447, "gamma_cf": 0.8619665576670734, "beta_rec": 0.7229151935562137, "cue_position": 9.0}, "datetime": {"datetime": "2020-06-20 03:09:08", "elapsed": 3682.87493, "delta": 24.648397}}
{"target": 6.708333333333333, "params": {"gamma_fc": 0.7169290016924699, "beta_enc": 0.8602369974231152, "gamma_cf": 0.7587469310223366, "beta_rec": 0.5589038111609383, "cue_position": 9.0}, "datetime": {"datetime": "2020-06-20 03:09:31", "elapsed": 3705.764205, "delta": 22.889275}}
{"target": 2.8541666666666665, "params": {"gamma_fc": 0.8578971045378938, "beta_enc": 0.9873261748084265, "gamma_cf": 0.9339026083148878, "beta_rec": 0.2780850486129828, "cue_position": 9.0}, "datetime": {"datetime": "2020-06-20 03:09:46", "elapsed": 3720.62914, "delta": 14.864935}}
{"target": 7.766666666666667, "params": {"gamma_fc": 0.3748759435368594, "beta_enc": 0.7288508775192559, "gamma_cf": 0.7805295568767427, "beta_rec": 0.5166887829215384, "cue_position": 9.0}, "datetime": {"datetime": "2020-06-20 03:10:11", "elapsed": 3745.697127, "delta": 25.067987}}
{"target": 8.354166666666666, "params": {"gamma_fc": 0.6973080192643409, "beta_enc": 0.7703225253299576, "gamma_cf": 0.4018659239678374, "beta_rec": 0.7506243191751754, "cue_position": 9.0}, "datetime": {"datetime": "2020-06-20 03:10:37", "elapsed": 3772.232405, "delta": 26.535278}}
{"target": 6.408333333333333, "params": {"gamma_fc": 0.12076718430922972, "beta_enc": 0.0031128578251921057, "gamma_cf": 0.23931570743750463, "beta_rec": 0.7748966467245978, "cue_position": 9.0}, "datetime": {"datetime": "2020-06-20 03:11:00", "elapsed": 3794.604382, "delta": 22.371977}}
{"target": 9.754166666666666, "params": {"gamma_fc": 0.2867116496064306, "beta_enc": 0.2202839877937276, "gamma_cf": 0.5431664302380945, "beta_rec": 0.3020967312900983, "cue_position": 9.0}, "datetime": {"datetime": "2020-06-20 03:11:29", "elapsed": 3823.936355, "delta": 29.331973}}
{"target": 9.570833333333333, "params": {"gamma_fc": 0.45736018169099846, "beta_enc": 0.13835468979294652, "gamma_cf": 0.3241385298974466, "beta_rec": 0.29014446310454167, "cue_position": 9.0}, "datetime": {"datetime": "2020-06-20 03:11:58", "elapsed": 3852.868857, "delta": 28.932502}}
{"target": 9.341666666666667, "params": {"gamma_fc": 0.6749716048091052, "beta_enc": 0.44411710701661444, "gamma_cf": 0.3456988211755023, "beta_rec": 0.8281353607315121, "cue_position": 9.0}, "datetime": {"datetime": "2020-06-20 03:12:26", "elapsed": 3881.266789, "delta": 28.397932}}
{"target": 10.1, "params": {"gamma_fc": 0.8773604746948126, "beta_enc": 0.22148205573352875, "gamma_cf": 0.6268556021628346, "beta_rec": 0.4672458239265538, "cue_position": 9.0}, "datetime": {"datetime": "2020-06-20 03:12:56", "elapsed": 3911.267427, "delta": 30.000638}}
{"target": 8.929166666666667, "params": {"gamma_fc": 0.13184097502750214, "beta_enc": 0.4476890001456285, "gamma_cf": 0.6562293317171314, "beta_rec": 0.7844574187919231, "cue_position": 9.0}, "datetime": {"datetime": "2020-06-20 03:13:24", "elapsed": 3938.870212, "delta": 27.602785}}
{"target": 9.725, "params": {"gamma_fc": 0.5047006080958943, "beta_enc": 0.43298150696764814, "gamma_cf": 0.7667745872371021, "beta_rec": 0.9093119886549367, "cue_position": 9.0}, "datetime": {"datetime": "2020-06-20 03:13:53", "elapsed": 3968.198037, "delta": 29.327825}}
{"target": 9.516666666666667, "params": {"gamma_fc": 0.9427625754329493, "beta_enc": 0.49805562482800747, "gamma_cf": 0.5732722715496846, "beta_rec": 0.8428998401928499, "cue_position": 9.0}, "datetime": {"datetime": "2020-06-20 03:14:22", "elapsed": 3997.146911, "delta": 28.948874}}
{"target": 9.4, "params": {"gamma_fc": 0.700726036482538, "beta_enc": 0.5178600481723219, "gamma_cf": 0.25163914235585283, "beta_rec": 0.1944658095278845, "cue_position": 9.0}, "datetime": {"datetime": "2020-06-20 03:14:51", "elapsed": 4025.737474, "delta": 28.590563}}
{"target": 8.8125, "params": {"gamma_fc": 0.007932876194523097, "beta_enc": 0.5402609403968999, "gamma_cf": 0.8379779620477293, "beta_rec": 0.9488362882802196, "cue_position": 9.0}, "datetime": {"datetime": "2020-06-20 03:15:21", "elapsed": 4055.500219, "delta": 29.762745}}
{"target": 3.3625, "params": {"gamma_fc": 0.008939102371245067, "beta_enc": 0.989340056166638, "gamma_cf": 0.9461523954567653, "beta_rec": 0.07771457033238649, "cue_position": 9.0}, "datetime": {"datetime": "2020-06-20 03:15:38", "elapsed": 4073.248565, "delta": 17.748346}}
{"target": 8.8375, "params": {"gamma_fc": 0.8026895196332986, "beta_enc": 0.8227300054219355, "gamma_cf": 0.2557451938059312, "beta_rec": 0.8612116383667944, "cue_position": 9.0}, "datetime": {"datetime": "2020-06-20 03:16:09", "elapsed": 4103.538048, "delta": 30.289483}}
{"target": 9.120833333333334, "params": {"gamma_fc": 0.49154515001693533, "beta_enc": 0.47786200443222115, "gamma_cf": 0.8959699670066484, "beta_rec": 0.13433860865569613, "cue_position": 9.0}, "datetime": {"datetime": "2020-06-20 03:16:40", "elapsed": 4134.473746, "delta": 30.935698}}
{"target": 7.9375, "params": {"gamma_fc": 0.5057420174508104, "beta_enc": 0.8567024965177922, "gamma_cf": 0.39799063940792245, "beta_rec": 0.41857802576409864, "cue_position": 9.0}, "datetime": {"datetime": "2020-06-20 03:17:08", "elapsed": 4162.662721, "delta": 28.188975}}
{"target": 6.408333333333333, "params": {"gamma_fc": 0.1443154002290481, "beta_enc": 0.1895517028339273, "gamma_cf": 0.10345955611640134, "beta_rec": 0.9649889241109139, "cue_position": 9.0}, "datetime": {"datetime": "2020-06-20 03:17:32", "elapsed": 4186.83981, "delta": 24.177089}}
{"target": 10.304166666666667, "params": {"gamma_fc": 0.5070799232841364, "beta_enc": 0.014092294192442956, "gamma_cf": 0.7945783511847522, "beta_rec": 0.7159456994623945, "cue_position": 9.0}, "datetime": {"datetime": "2020-06-20 03:18:05", "elapsed": 4219.610708, "delta": 32.770898}}
{"target": 8.275, "params": {"gamma_fc": 0.6477706331874812, "beta_enc": 0.7918210395041538, "gamma_cf": 0.4064828689770863, "beta_rec": 0.6957642142718394, "cue_position": 9.0}, "datetime": {"datetime": "2020-06-20 03:18:33", "elapsed": 4247.877074, "delta": 28.266366}}
{"target": 9.3625, "params": {"gamma_fc": 0.2414187479655988, "beta_enc": 0.1797942976929744, "gamma_cf": 0.4086372250132624, "beta_rec": 0.321819963387904, "cue_position": 9.0}, "datetime": {"datetime": "2020-06-20 03:19:04", "elapsed": 4278.757022, "delta": 30.879948}}
