{"target": 1.5777777777777777, "params": {"cue_position": 10.0, "gamma_fc": 0.731728600739527, "beta_enc": 0.799615261736028, "beta_rec": 0.03457121987163425}, "datetime": {"elapsed": 8355.844543, "datetime": "2021-08-17 12:41:20", "delta": 96.879628}}
{"target": 7.6755555555555555, "params": {"cue_position": 10.0, "gamma_fc": 0.34529746159108154, "beta_enc": 0.2596983932983531, "beta_rec": 0.2570692988221467}, "datetime": {"elapsed": 8454.179915, "datetime": "2021-08-17 12:42:59", "delta": 98.335372}}
{"target": 1.8144444444444445, "params": {"cue_position": 10.0, "gamma_fc": 0.9904717836238407, "beta_enc": 0.7965886780072875, "beta_rec": 0.44614623200345727}, "datetime": {"elapsed": 8551.721413, "datetime": "2021-08-17 12:44:36", "delta": 97.541498}}
{"target": 7.677777777777778, "params": {"cue_position": 10.0, "gamma_fc": 0.5415593788873733, "beta_enc": 0.30024833953390007, "beta_rec": 0.14300582825809938}, "datetime": {"elapsed": 8650.677338, "datetime": "2021-08-17 12:46:15", "delta": 98.955925}}
{"target": 0.29555555555555557, "params": {"cue_position": 10.0, "gamma_fc": 0.5460708041429516, "beta_enc": 0.9747403708550822, "beta_rec": 0.6366044000018972}, "datetime": {"elapsed": 8747.951984, "datetime": "2021-08-17 12:47:52", "delta": 97.274646}}
{"target": 3.7144444444444447, "params": {"cue_position": 10.0, "gamma_fc": 0.026218567296373285, "beta_enc": 0.5264259339055213, "beta_rec": 0.1354279030721699}, "datetime": {"elapsed": 8845.860144, "datetime": "2021-08-17 12:49:30", "delta": 97.90816}}
{"target": 6.043333333333333, "params": {"cue_position": 10.0, "gamma_fc": 0.36654309724374434, "beta_enc": 0.1603951795196491, "beta_rec": 0.7456371927074961}, "datetime": {"elapsed": 8944.452621, "datetime": "2021-08-17 12:51:09", "delta": 98.592477}}
{"target": 1.1188888888888888, "params": {"cue_position": 10.0, "gamma_fc": 0.18863680095531088, "beta_enc": 0.8623462528380441, "beta_rec": 0.6926777175073543}, "datetime": {"elapsed": 9042.584147, "datetime": "2021-08-17 12:52:47", "delta": 98.131526}}
{"target": 4.206666666666667, "params": {"cue_position": 10.0, "gamma_fc": 0.20390622523312185, "beta_enc": 0.44190428074842336, "beta_rec": 0.5815774073442912}, "datetime": {"elapsed": 9140.442555, "datetime": "2021-08-17 12:54:25", "delta": 97.858408}}
{"target": 7.877777777777778, "params": {"cue_position": 10.0, "gamma_fc": 0.4569753274356928, "beta_enc": 0.24773290176235485, "beta_rec": 0.26217308377291193}, "datetime": {"elapsed": 9239.050548, "datetime": "2021-08-17 12:56:03", "delta": 98.607993}}
{"target": 8.018888888888888, "params": {"cue_position": 10.0, "gamma_fc": 0.7986042447602102, "beta_enc": 0.05692943841109499, "beta_rec": 0.5085162406102396}, "datetime": {"elapsed": 9337.742663, "datetime": "2021-08-17 12:57:42", "delta": 98.692115}}
{"target": 7.502222222222223, "params": {"cue_position": 10.0, "gamma_fc": 0.8438404289311888, "beta_enc": 0.29733138150727223, "beta_rec": 0.02760601195450363}, "datetime": {"elapsed": 9435.940974, "datetime": "2021-08-17 12:59:20", "delta": 98.198311}}
{"target": 5.776666666666666, "params": {"cue_position": 10.0, "gamma_fc": 0.5409518049621886, "beta_enc": 0.3810161240622142, "beta_rec": 0.7498583107261434}, "datetime": {"elapsed": 9533.806085, "datetime": "2021-08-17 13:00:58", "delta": 97.865111}}
{"target": 8.762222222222222, "params": {"cue_position": 10.0, "gamma_fc": 0.4793892162939428, "beta_enc": 0.0925362548958367, "beta_rec": 0.0}, "datetime": {"elapsed": 9635.337758, "datetime": "2021-08-17 13:02:40", "delta": 101.531673}}
{"target": 8.694444444444445, "params": {"cue_position": 10.0, "gamma_fc": 0.3264736976722934, "beta_enc": 0.06965982414465521, "beta_rec": 0.0018379214381789187}, "datetime": {"elapsed": 9735.953995, "datetime": "2021-08-17 13:04:20", "delta": 100.616237}}
{"target": 8.745555555555555, "params": {"cue_position": 10.0, "gamma_fc": 0.5851997496959277, "beta_enc": 0.09707963856488508, "beta_rec": 0.0}, "datetime": {"elapsed": 9837.465858, "datetime": "2021-08-17 13:06:02", "delta": 101.511863}}
{"target": 8.632222222222222, "params": {"cue_position": 10.0, "gamma_fc": 0.26931919844532515, "beta_enc": 0.04460285189325197, "beta_rec": 0.0900568833016561}, "datetime": {"elapsed": 9939.285523, "datetime": "2021-08-17 13:07:44", "delta": 101.819665}}
{"target": 8.684444444444445, "params": {"cue_position": 10.0, "gamma_fc": 0.1808023299392937, "beta_enc": 0.051226214898670984, "beta_rec": 0.005425461033437405}, "datetime": {"elapsed": 10040.80248, "datetime": "2021-08-17 13:09:25", "delta": 101.516957}}
{"target": 8.677777777777777, "params": {"cue_position": 10.0, "gamma_fc": 0.8353200710554032, "beta_enc": 0.08869035155879633, "beta_rec": 0.06779865906836054}, "datetime": {"elapsed": 10142.432039, "datetime": "2021-08-17 13:11:07", "delta": 101.629559}}
{"target": 8.75, "params": {"cue_position": 10.0, "gamma_fc": 0.7242408504935706, "beta_enc": 0.08296499810596868, "beta_rec": 0.0}, "datetime": {"elapsed": 10243.730027, "datetime": "2021-08-17 13:12:48", "delta": 101.297988}}
{"target": 8.686666666666667, "params": {"cue_position": 10.0, "gamma_fc": 0.6959502723144595, "beta_enc": 0.1151495530332024, "beta_rec": 0.038202532266436995}, "datetime": {"elapsed": 10345.863166, "datetime": "2021-08-17 13:14:30", "delta": 102.133139}}
{"target": 8.594444444444445, "params": {"cue_position": 10.0, "gamma_fc": 0.7941565539620293, "beta_enc": 0.016224960544282158, "beta_rec": 0.0}, "datetime": {"elapsed": 10447.661046, "datetime": "2021-08-17 13:16:12", "delta": 101.79788}}
{"target": 8.721111111111112, "params": {"cue_position": 10.0, "gamma_fc": 0.6458864280795077, "beta_enc": 0.0402843146376254, "beta_rec": 0.0}, "datetime": {"elapsed": 10548.926176, "datetime": "2021-08-17 13:17:53", "delta": 101.26513}}
{"target": 8.63, "params": {"cue_position": 10.0, "gamma_fc": 0.0979974367373675, "beta_enc": 0.001254380299724689, "beta_rec": 0.025445302915592105}, "datetime": {"elapsed": 10649.247549, "datetime": "2021-08-17 13:19:34", "delta": 100.321373}}
{"target": 8.643333333333333, "params": {"cue_position": 10.0, "gamma_fc": 0.46180324036909, "beta_enc": 0.0657345072532022, "beta_rec": 0.05311016182828493}, "datetime": {"elapsed": 10749.81461, "datetime": "2021-08-17 13:21:14", "delta": 100.567061}}
{"target": 8.653333333333334, "params": {"cue_position": 10.0, "gamma_fc": 1.0, "beta_enc": 0.09032842838690089, "beta_rec": 0.11333895519800234}, "datetime": {"elapsed": 10851.146799, "datetime": "2021-08-17 13:22:55", "delta": 101.332189}}
{"target": 8.623333333333333, "params": {"cue_position": 10.0, "gamma_fc": 0.9214328578175381, "beta_enc": 0.10826063777270181, "beta_rec": 0.1592861654411308}, "datetime": {"elapsed": 10951.738493, "datetime": "2021-08-17 13:24:36", "delta": 100.591694}}
{"target": 8.736666666666666, "params": {"cue_position": 10.0, "gamma_fc": 0.9473975113862863, "beta_enc": 0.08693961534679588, "beta_rec": 0.0}, "datetime": {"elapsed": 11052.394848, "datetime": "2021-08-17 13:26:17", "delta": 100.656355}}
{"target": 8.682222222222222, "params": {"cue_position": 10.0, "gamma_fc": 1.0, "beta_enc": 0.037906538791547394, "beta_rec": 0.0}, "datetime": {"elapsed": 11153.764253, "datetime": "2021-08-17 13:27:58", "delta": 101.369405}}
{"target": 8.675555555555556, "params": {"cue_position": 10.0, "gamma_fc": 0.1638198971239775, "beta_enc": 0.0, "beta_rec": 0.07150078786512902}, "datetime": {"elapsed": 11255.244225, "datetime": "2021-08-17 13:29:40", "delta": 101.479972}}
{"target": 8.694444444444445, "params": {"cue_position": 10.0, "gamma_fc": 1.0, "beta_enc": 0.10730733450170185, "beta_rec": 0.0}, "datetime": {"elapsed": 11357.165296, "datetime": "2021-08-17 13:31:21", "delta": 101.921071}}
{"target": 8.415555555555555, "params": {"cue_position": 10.0, "gamma_fc": 0.6432985167918448, "beta_enc": 0.09140509034035035, "beta_rec": 0.25063583911656645}, "datetime": {"elapsed": 11458.582686, "datetime": "2021-08-17 13:33:03", "delta": 101.41739}}
{"target": 8.61111111111111, "params": {"cue_position": 10.0, "gamma_fc": 0.15835470505127702, "beta_enc": 0.0004970625319904443, "beta_rec": 0.0037011309661316716}, "datetime": {"elapsed": 11559.193682, "datetime": "2021-08-17 13:34:44", "delta": 100.610996}}
{"target": 8.65, "params": {"cue_position": 10.0, "gamma_fc": 0.13863065496005866, "beta_enc": 0.07112458101935429, "beta_rec": 0.07910221789179292}, "datetime": {"elapsed": 11659.648226, "datetime": "2021-08-17 13:36:24", "delta": 100.454544}}
{"target": 0.08444444444444445, "params": {"cue_position": 10.0, "gamma_fc": 0.011625307938634588, "beta_enc": 0.005045822461023808, "beta_rec": 0.10749905605333598}, "datetime": {"elapsed": 11759.534123, "datetime": "2021-08-17 13:38:04", "delta": 99.885897}}
{"target": 8.665555555555555, "params": {"cue_position": 10.0, "gamma_fc": 0.15703296861985774, "beta_enc": 0.05865345341918493, "beta_rec": 0.05151256508564907}, "datetime": {"elapsed": 11863.481873, "datetime": "2021-08-17 13:39:48", "delta": 103.94775}}
{"target": 8.655555555555555, "params": {"cue_position": 10.0, "gamma_fc": 0.12733810663119527, "beta_enc": 0.011936057210512718, "beta_rec": 0.01794770383060229}, "datetime": {"elapsed": 11967.972676, "datetime": "2021-08-17 13:41:32", "delta": 104.490803}}
{"target": 8.684444444444445, "params": {"cue_position": 10.0, "gamma_fc": 0.17081314121850125, "beta_enc": 0.08889706299734706, "beta_rec": 0.08705821841858076}, "datetime": {"elapsed": 12071.880811, "datetime": "2021-08-17 13:43:16", "delta": 103.908135}}
{"target": 8.671111111111111, "params": {"cue_position": 10.0, "gamma_fc": 0.97943586136436, "beta_enc": 0.07425811655448267, "beta_rec": 0.02713744638984718}, "datetime": {"elapsed": 12176.559129, "datetime": "2021-08-17 13:45:01", "delta": 104.678318}}
{"target": 8.664444444444445, "params": {"cue_position": 10.0, "gamma_fc": 0.10516799504106257, "beta_enc": 0.0, "beta_rec": 0.0}, "datetime": {"elapsed": 12280.576205, "datetime": "2021-08-17 13:46:45", "delta": 104.017076}}
{"target": 8.762222222222222, "params": {"cue_position": 10.0, "gamma_fc": 0.23130611691084962, "beta_enc": 0.05961571503622732, "beta_rec": 0.001876574143545099}, "datetime": {"elapsed": 12385.028437, "datetime": "2021-08-17 13:48:29", "delta": 104.452232}}
{"target": 8.702222222222222, "params": {"cue_position": 10.0, "gamma_fc": 0.6947345689719111, "beta_enc": 0.0636526307118807, "beta_rec": 0.028638815517290955}, "datetime": {"elapsed": 12491.308731, "datetime": "2021-08-17 13:50:16", "delta": 106.280294}}
{"target": 8.736666666666666, "params": {"cue_position": 10.0, "gamma_fc": 0.5033497572073815, "beta_enc": 0.10473631448760433, "beta_rec": 0.024266157736639513}, "datetime": {"elapsed": 12595.854494, "datetime": "2021-08-17 13:52:00", "delta": 104.545763}}
{"target": 8.702222222222222, "params": {"cue_position": 10.0, "gamma_fc": 0.42743951808533154, "beta_enc": 0.10498788383783116, "beta_rec": 0.023597555040268742}, "datetime": {"elapsed": 12700.445972, "datetime": "2021-08-17 13:53:45", "delta": 104.591478}}
{"target": 8.736666666666666, "params": {"cue_position": 10.0, "gamma_fc": 0.7852207566488311, "beta_enc": 0.08491734028563167, "beta_rec": 0.013254212005485681}, "datetime": {"elapsed": 12804.231927, "datetime": "2021-08-17 13:55:29", "delta": 103.785955}}
{"target": 8.663333333333334, "params": {"cue_position": 10.0, "gamma_fc": 0.6399769805829434, "beta_enc": 0.08092934844023611, "beta_rec": 0.0}, "datetime": {"elapsed": 12908.457531, "datetime": "2021-08-17 13:57:13", "delta": 104.225604}}
