{"target": 7.079777777777776, "params": {"beta_enc": 0.417022004702574, "k": 3.0, "enc_rate": 1.0, "gamma_fc": 0.14675589081711304, "beta_rec": 0.7203244934421581, "cue_position": 8.0}, "datetime": {"delta": 0.0, "datetime": "2021-04-07 11:14:43", "elapsed": 0.0}}
{"target": 7.509777777777778, "params": {"beta_enc": 0.1862602113776709, "k": 3.0, "enc_rate": 1.0, "gamma_fc": 0.4191945144032948, "beta_rec": 0.34556072704304774, "cue_position": 8.0}, "datetime": {"delta": 36.278453, "datetime": "2021-04-07 11:15:19", "elapsed": 36.278453}}
{"target": 7.494222222222222, "params": {"beta_enc": 0.20445224973151743, "k": 3.0, "enc_rate": 1.0, "gamma_fc": 0.41730480236712697, "beta_rec": 0.8781174363909454, "cue_position": 8.0}, "datetime": {"delta": 36.197603, "datetime": "2021-04-07 11:15:55", "elapsed": 72.476056}}
{"target": 7.497777777777779, "params": {"beta_enc": 0.14038693859523377, "k": 3.0, "enc_rate": 1.0, "gamma_fc": 0.31342417815924284, "beta_rec": 0.1981014890848788, "cue_position": 8.0}, "datetime": {"delta": 36.270027, "datetime": "2021-04-07 11:16:31", "elapsed": 108.746083}}
{"target": 5.308, "params": {"beta_enc": 0.8763891522960383, "k": 3.0, "enc_rate": 1.0, "gamma_fc": 0.1698304195645689, "beta_rec": 0.8946066635038473, "cue_position": 8.0}, "datetime": {"delta": 29.631741, "datetime": "2021-04-07 11:17:01", "elapsed": 138.377824}}
{"target": 7.555555555555555, "params": {"beta_enc": 0.0983468338330501, "k": 3.0, "enc_rate": 1.0, "gamma_fc": 0.6918771139504734, "beta_rec": 0.42110762500505217, "cue_position": 8.0}, "datetime": {"delta": 36.412843, "datetime": "2021-04-07 11:17:37", "elapsed": 174.790667}}
{"target": 6.587111111111111, "params": {"beta_enc": 0.6865009276815837, "k": 3.0, "enc_rate": 1.0, "gamma_fc": 0.9888610889064947, "beta_rec": 0.8346256718973729, "cue_position": 8.0}, "datetime": {"delta": 33.581616, "datetime": "2021-04-07 11:18:11", "elapsed": 208.372283}}
{"target": 7.473555555555556, "params": {"beta_enc": 0.2804439920644052, "k": 3.0, "enc_rate": 1.0, "gamma_fc": 0.9085955030930956, "beta_rec": 0.7892793284514885, "cue_position": 8.0}, "datetime": {"delta": 36.301785, "datetime": "2021-04-07 11:18:47", "elapsed": 244.674068}}
{"target": 7.426888888888888, "params": {"beta_enc": 0.28777533858634874, "k": 3.0, "enc_rate": 1.0, "gamma_fc": 0.21162811600005904, "beta_rec": 0.13002857211827767, "cue_position": 8.0}, "datetime": {"delta": 36.069154, "datetime": "2021-04-07 11:19:23", "elapsed": 280.743222}}
{"target": 6.892666666666666, "params": {"beta_enc": 0.4915731592803383, "k": 3.0, "enc_rate": 1.0, "gamma_fc": 0.5893055369032842, "beta_rec": 0.053362545117080384, "cue_position": 8.0}, "datetime": {"delta": 34.359558, "datetime": "2021-04-07 11:19:58", "elapsed": 315.10278}}
{"target": 7.535777777777777, "params": {"beta_enc": 0.10233442882782584, "k": 3.0, "enc_rate": 1.0, "gamma_fc": 0.04995345894608716, "beta_rec": 0.4140559878195683, "cue_position": 8.0}, "datetime": {"delta": 35.994251, "datetime": "2021-04-07 11:20:34", "elapsed": 351.097031}}
{"target": 6.618444444444444, "params": {"beta_enc": 0.6637946452197888, "k": 3.0, "enc_rate": 1.0, "gamma_fc": 0.9034019152878835, "beta_rec": 0.5148891120583086, "cue_position": 8.0}, "datetime": {"delta": 33.679439, "datetime": "2021-04-07 11:21:07", "elapsed": 384.77647}}
{"target": 7.480888888888889, "params": {"beta_enc": 0.13927634725075855, "k": 3.0, "enc_rate": 1.0, "gamma_fc": 0.9275085803960339, "beta_rec": 0.8073912887095238, "cue_position": 8.0}, "datetime": {"delta": 36.220671, "datetime": "2021-04-07 11:21:44", "elapsed": 420.997141}}
{"target": 6.216444444444444, "params": {"beta_enc": 0.7508121031361555, "k": 3.0, "enc_rate": 1.0, "gamma_fc": 0.7509424340273372, "beta_rec": 0.7259979853504515, "cue_position": 8.0}, "datetime": {"delta": 32.510638, "datetime": "2021-04-07 11:22:16", "elapsed": 453.507779}}
{"target": 7.469111111111111, "params": {"beta_enc": 0.2699278917650261, "k": 3.0, "enc_rate": 1.0, "gamma_fc": 0.6634414978184481, "beta_rec": 0.8958862181960668, "cue_position": 8.0}, "datetime": {"delta": 36.23259, "datetime": "2021-04-07 11:22:52", "elapsed": 489.740369}}
{"target": 7.570666666666668, "params": {"beta_enc": 0.11474597295337519, "k": 3.0, "enc_rate": 1.0, "gamma_fc": 0.40813680276128117, "beta_rec": 0.9494892587070712, "cue_position": 8.0}, "datetime": {"delta": 36.472941, "datetime": "2021-04-07 11:23:29", "elapsed": 526.21331}}
{"target": 5.086, "params": {"beta_enc": 0.9033795205622538, "k": 3.0, "enc_rate": 1.0, "gamma_fc": 0.32664490177209615, "beta_rec": 0.5736794866722859, "cue_position": 8.0}, "datetime": {"delta": 28.952354, "datetime": "2021-04-07 11:23:58", "elapsed": 555.165664}}
{"target": 5.00488888888889, "params": {"beta_enc": 0.8859420993107745, "k": 3.0, "enc_rate": 1.0, "gamma_fc": 0.015821242846556283, "beta_rec": 0.35726976000249977, "cue_position": 8.0}, "datetime": {"delta": 28.745557, "datetime": "2021-04-07 11:24:26", "elapsed": 583.911221}}
{"target": 6.582000000000001, "params": {"beta_enc": 0.690896917516924, "k": 3.0, "enc_rate": 1.0, "gamma_fc": 0.9325954630371636, "beta_rec": 0.9973228504514805, "cue_position": 8.0}, "datetime": {"delta": 33.495135, "datetime": "2021-04-07 11:25:00", "elapsed": 617.406356}}
{"target": 7.564666666666666, "params": {"beta_enc": 0.06600017272206249, "k": 3.0, "enc_rate": 1.0, "gamma_fc": 0.7115247586284718, "beta_rec": 0.7554630526024664, "cue_position": 8.0}, "datetime": {"delta": 36.450661, "datetime": "2021-04-07 11:25:36", "elapsed": 653.857017}}
{"target": 7.545999999999999, "params": {"beta_enc": 0.01988013383979559, "k": 3.0, "enc_rate": 1.0, "gamma_fc": 0.860027948682888, "beta_rec": 0.026210986877719278, "cue_position": 8.0}, "datetime": {"delta": 36.334383, "datetime": "2021-04-07 11:26:13", "elapsed": 690.1914}}
{"target": 7.083111111111111, "params": {"beta_enc": 0.5528219786857659, "k": 3.0, "enc_rate": 1.0, "gamma_fc": 0.5857592714582879, "beta_rec": 0.8420308923596057, "cue_position": 8.0}, "datetime": {"delta": 34.955839, "datetime": "2021-04-07 11:26:48", "elapsed": 725.147239}}
{"target": 6.537999999999999, "params": {"beta_enc": 0.56103021925571, "k": 3.0, "enc_rate": 1.0, "gamma_fc": 0.8071051956187791, "beta_rec": 0.01864728937294302, "cue_position": 8.0}, "datetime": {"delta": 33.488067, "datetime": "2021-04-07 11:27:21", "elapsed": 758.635306}}
{"target": 5.549777777777778, "params": {"beta_enc": 0.8635418545594287, "k": 3.0, "enc_rate": 1.0, "gamma_fc": 0.05991768951221166, "beta_rec": 0.7471216427371846, "cue_position": 8.0}, "datetime": {"delta": 30.22987, "datetime": "2021-04-07 11:27:51", "elapsed": 788.865176}}
{"target": 7.5551111111111116, "params": {"beta_enc": 0.044551878544761725, "k": 3.0, "enc_rate": 1.0, "gamma_fc": 0.5597169820541424, "beta_rec": 0.1074941291060929, "cue_position": 8.0}, "datetime": {"delta": 36.30667, "datetime": "2021-04-07 11:28:28", "elapsed": 825.171846}}
{"target": 7.541111111111111, "params": {"beta_enc": 0.07197427968948678, "k": 3.0, "enc_rate": 1.0, "gamma_fc": 0.2523257445703234, "beta_rec": 0.967276330000272, "cue_position": 8.0}, "datetime": {"delta": 36.303988, "datetime": "2021-04-07 11:29:04", "elapsed": 861.475834}}
{"target": 7.4913333333333325, "params": {"beta_enc": 0.1954294811093188, "k": 3.0, "enc_rate": 1.0, "gamma_fc": 0.23984775914758616, "beta_rec": 0.5813589272732578, "cue_position": 8.0}, "datetime": {"delta": 36.164583, "datetime": "2021-04-07 11:29:40", "elapsed": 897.640417}}
{"target": 6.369555555555555, "params": {"beta_enc": 0.6199557183813798, "k": 3.0, "enc_rate": 1.0, "gamma_fc": 0.07002214371922233, "beta_rec": 0.8289808995501787, "cue_position": 8.0}, "datetime": {"delta": 32.842734, "datetime": "2021-04-07 11:30:13", "elapsed": 930.483151}}
{"target": 6.829777777777778, "params": {"beta_enc": 0.6063294616533303, "k": 3.0, "enc_rate": 1.0, "gamma_fc": 0.5797452192457969, "beta_rec": 0.5688514370864813, "cue_position": 8.0}, "datetime": {"delta": 34.245198, "datetime": "2021-04-07 11:30:47", "elapsed": 964.728349}}
{"target": 6.545999999999999, "params": {"beta_enc": 0.5509482191178968, "k": 3.0, "enc_rate": 1.0, "gamma_fc": 0.06633483442844157, "beta_rec": 0.7453344309065021, "cue_position": 8.0}, "datetime": {"delta": 33.358353, "datetime": "2021-04-07 11:31:21", "elapsed": 998.086702}}
{"target": 6.278222222222222, "params": {"beta_enc": 0.6297175070215645, "k": 3.0, "enc_rate": 1.0, "gamma_fc": 0.26031509857854096, "beta_rec": 0.2101740099148396, "cue_position": 8.0}, "datetime": {"delta": 32.609976, "datetime": "2021-04-07 11:31:53", "elapsed": 1030.696678}}
{"target": 7.482444444444444, "params": {"beta_enc": 0.19343428262332774, "k": 3.0, "enc_rate": 1.0, "gamma_fc": 0.263296770487111, "beta_rec": 0.6394608808799401, "cue_position": 8.0}, "datetime": {"delta": 36.138954, "datetime": "2021-04-07 11:32:29", "elapsed": 1066.835632}}
{"target": 5.956888888888889, "params": {"beta_enc": 0.7350659632886695, "k": 3.0, "enc_rate": 1.0, "gamma_fc": 0.013951572975597015, "beta_rec": 0.7721780295432468, "cue_position": 8.0}, "datetime": {"delta": 31.610093, "datetime": "2021-04-07 11:33:01", "elapsed": 1098.445725}}
{"target": 6.948888888888888, "params": {"beta_enc": 0.6167783570016576, "k": 3.0, "enc_rate": 1.0, "gamma_fc": 0.9156063497662745, "beta_rec": 0.9490163206876164, "cue_position": 8.0}, "datetime": {"delta": 34.618601, "datetime": "2021-04-07 11:33:36", "elapsed": 1133.064326}}
{"target": 7.3933333333333335, "params": {"beta_enc": 0.39000771414124624, "k": 3.0, "enc_rate": 1.0, "gamma_fc": 0.9261814267064536, "beta_rec": 0.48599066709690975, "cue_position": 8.0}, "datetime": {"delta": 35.908593, "datetime": "2021-04-07 11:34:12", "elapsed": 1168.972919}}
{"target": 7.1257777777777775, "params": {"beta_enc": 0.3948756129235549, "k": 3.0, "enc_rate": 1.0, "gamma_fc": 0.13507915804673132, "beta_rec": 0.9632625284407118, "cue_position": 8.0}, "datetime": {"delta": 35.136001, "datetime": "2021-04-07 11:34:47", "elapsed": 1204.10892}}
{"target": 7.544888888888889, "params": {"beta_enc": 0.021524805274197978, "k": 3.0, "enc_rate": 1.0, "gamma_fc": 0.17619625557505525, "beta_rec": 0.947970211217681, "cue_position": 8.0}, "datetime": {"delta": 36.365848, "datetime": "2021-04-07 11:35:23", "elapsed": 1240.474768}}
{"target": 7.504222222222222, "params": {"beta_enc": 0.1309968448109169, "k": 3.0, "enc_rate": 1.0, "gamma_fc": 0.58201417994708, "beta_rec": 0.8094906921265821, "cue_position": 8.0}, "datetime": {"delta": 36.147411, "datetime": "2021-04-07 11:35:59", "elapsed": 1276.622179}}
{"target": 5.421555555555555, "params": {"beta_enc": 0.8447344453922219, "k": 3.0, "enc_rate": 1.0, "gamma_fc": 0.7986035911520394, "beta_rec": 0.9053923187086492, "cue_position": 8.0}, "datetime": {"delta": 30.109254, "datetime": "2021-04-07 11:36:29", "elapsed": 1306.731433}}
{"target": 7.128222222222222, "params": {"beta_enc": 0.4902535226199277, "k": 3.0, "enc_rate": 1.0, "gamma_fc": 0.4336763489894583, "beta_rec": 0.5991103076458784, "cue_position": 8.0}, "datetime": {"delta": 35.262855, "datetime": "2021-04-07 11:37:05", "elapsed": 1341.994288}}
{"target": 7.456, "params": {"beta_enc": 0.31524480309537295, "k": 3.0, "enc_rate": 1.0, "gamma_fc": 0.7879292338255043, "beta_rec": 0.8928887085251513, "cue_position": 8.0}, "datetime": {"delta": 36.13059, "datetime": "2021-04-07 11:37:41", "elapsed": 1378.124878}}
{"target": 7.5408888888888885, "params": {"beta_enc": 0.053909272073752956, "k": 3.0, "enc_rate": 1.0, "gamma_fc": 0.00040202489135743313, "beta_rec": 0.4201936800011322, "cue_position": 8.0}, "datetime": {"delta": 42.25666, "datetime": "2021-04-07 11:38:23", "elapsed": 1420.381538}}
{"target": 7.341333333333334, "params": {"beta_enc": 0.37658031474577447, "k": 3.0, "enc_rate": 1.0, "gamma_fc": 0.5747115047081023, "beta_rec": 0.9737835383583225, "cue_position": 8.0}, "datetime": {"delta": 35.950813, "datetime": "2021-04-07 11:38:59", "elapsed": 1456.332351}}
{"target": 7.452222222222223, "params": {"beta_enc": 0.28557628169569393, "k": 3.0, "enc_rate": 1.0, "gamma_fc": 0.7550821884676802, "beta_rec": 0.586833340656083, "cue_position": 8.0}, "datetime": {"delta": 36.271141, "datetime": "2021-04-07 11:39:35", "elapsed": 1492.603492}}
{"target": 5.145777777777779, "params": {"beta_enc": 0.8644794300545998, "k": 3.0, "enc_rate": 1.0, "gamma_fc": 0.3821027520315172, "beta_rec": 0.32268099683674645, "cue_position": 8.0}, "datetime": {"delta": 29.4135, "datetime": "2021-04-07 11:40:05", "elapsed": 1522.016992}}
{"target": 7.3406666666666665, "params": {"beta_enc": 0.4014795834695406, "k": 3.0, "enc_rate": 1.0, "gamma_fc": 0.9738020779272523, "beta_rec": 0.3173839459582769, "cue_position": 8.0}, "datetime": {"delta": 35.928552, "datetime": "2021-04-07 11:40:40", "elapsed": 1557.945544}}
{"target": 7.506, "params": {"beta_enc": 0.19856988842711087, "k": 3.0, "enc_rate": 1.0, "gamma_fc": 0.8799982885634318, "beta_rec": 0.4267010093480328, "cue_position": 8.0}, "datetime": {"delta": 36.41729, "datetime": "2021-04-07 11:41:17", "elapsed": 1594.362834}}
{"target": 6.362444444444445, "params": {"beta_enc": 0.6627198123752622, "k": 3.0, "enc_rate": 1.0, "gamma_fc": 0.5277146463087466, "beta_rec": 0.2702082620297578, "cue_position": 8.0}, "datetime": {"delta": 33.025574, "datetime": "2021-04-07 11:41:50", "elapsed": 1627.388408}}
{"target": 7.036, "params": {"beta_enc": 0.5724885171916063, "k": 3.0, "enc_rate": 1.0, "gamma_fc": 0.5688579907047155, "beta_rec": 0.7331425252875111, "cue_position": 8.0}, "datetime": {"delta": 35.057714, "datetime": "2021-04-07 11:42:25", "elapsed": 1662.446122}}
{"target": 7.3791111111111105, "params": {"beta_enc": 0.3426889079532818, "k": 3.0, "enc_rate": 1.0, "gamma_fc": 0.982817113730445, "beta_rec": 0.06820934841670412, "cue_position": 8.0}, "datetime": {"delta": 36.079365, "datetime": "2021-04-07 11:43:01", "elapsed": 1698.525487}}
{"target": 5.749777777777778, "params": {"beta_enc": 0.8118586977205398, "k": 3.0, "enc_rate": 1.0, "gamma_fc": 0.16097143681560877, "beta_rec": 0.8749616449558981, "cue_position": 8.0}, "datetime": {"delta": 31.170215, "datetime": "2021-04-07 11:43:32", "elapsed": 1729.695702}}
{"target": 7.476000000000001, "params": {"beta_enc": 0.345172051155215, "k": 3.0, "enc_rate": 1.0, "gamma_fc": 0.9163055534683507, "beta_rec": 0.2250399578140846, "cue_position": 8.0}, "datetime": {"delta": 41.321233, "datetime": "2021-04-07 11:44:14", "elapsed": 1771.016935}}
{"target": 7.496222222222222, "params": {"beta_enc": 0.2571182937821962, "k": 3.0, "enc_rate": 1.0, "gamma_fc": 0.7285856679745962, "beta_rec": 0.1108913007440292, "cue_position": 8.0}, "datetime": {"delta": 36.415408, "datetime": "2021-04-07 11:44:50", "elapsed": 1807.432343}}
{"target": 7.439777777777778, "params": {"beta_enc": 0.24803355837723073, "k": 3.0, "enc_rate": 1.0, "gamma_fc": 0.23366613923925006, "beta_rec": 0.851671874936367, "cue_position": 8.0}, "datetime": {"delta": 36.214707, "datetime": "2021-04-07 11:45:26", "elapsed": 1843.64705}}
{"target": 7.087555555555556, "params": {"beta_enc": 0.5158570169685298, "k": 3.0, "enc_rate": 1.0, "gamma_fc": 0.5440101188139381, "beta_rec": 0.47714098704978236, "cue_position": 8.0}, "datetime": {"delta": 35.245158, "datetime": "2021-04-07 11:46:01", "elapsed": 1878.892208}}
{"target": 7.528888888888889, "params": {"beta_enc": 0.1445455401246598, "k": 3.0, "enc_rate": 1.0, "gamma_fc": 0.7852960282216189, "beta_rec": 0.7515278171352439, "cue_position": 8.0}, "datetime": {"delta": 36.524545, "datetime": "2021-04-07 11:46:38", "elapsed": 1915.416753}}
{"target": 7.426666666666667, "params": {"beta_enc": 0.3243624597261865, "k": 3.0, "enc_rate": 1.0, "gamma_fc": 0.866608274166513, "beta_rec": 0.872922376400111, "cue_position": 8.0}, "datetime": {"delta": 36.239801, "datetime": "2021-04-07 11:47:14", "elapsed": 1951.656554}}
{"target": 5.618888888888889, "params": {"beta_enc": 0.8264069976293413, "k": 3.0, "enc_rate": 1.0, "gamma_fc": 0.703516988152653, "beta_rec": 0.8541154438365387, "cue_position": 8.0}, "datetime": {"delta": 30.755324, "datetime": "2021-04-07 11:47:45", "elapsed": 1982.411878}}
{"target": 5.034222222222223, "params": {"beta_enc": 0.799615261736028, "k": 3.0, "enc_rate": 1.0, "gamma_fc": 0.2596983932983531, "beta_rec": 0.03457121987163425, "cue_position": 8.0}, "datetime": {"delta": 30.744179, "datetime": "2021-04-07 11:48:16", "elapsed": 2013.156057}}
{"target": 6.698444444444445, "params": {"beta_enc": 0.6323033174301278, "k": 3.0, "enc_rate": 1.0, "gamma_fc": 0.7827494147841719, "beta_rec": 0.34529746159108154, "cue_position": 8.0}, "datetime": {"delta": 34.136124, "datetime": "2021-04-07 11:48:50", "elapsed": 2047.292181}}
{"target": 7.461555555555556, "params": {"beta_enc": 0.30024833953390007, "k": 3.0, "enc_rate": 1.0, "gamma_fc": 0.9747403708550822, "beta_rec": 0.14300582825809938, "cue_position": 8.0}, "datetime": {"delta": 36.839922, "datetime": "2021-04-07 11:49:27", "elapsed": 2084.132103}}
{"target": 3.913111111111111, "params": {"beta_enc": 0.9939130246104789, "k": 3.0, "enc_rate": 1.0, "gamma_fc": 0.3557051709838811, "beta_rec": 0.5460708041429516, "cue_position": 8.0}, "datetime": {"delta": 36.503562, "datetime": "2021-04-07 11:50:03", "elapsed": 2120.635665}}
{"target": 7.541555555555556, "params": {"beta_enc": 0.1603951795196491, "k": 3.0, "enc_rate": 1.0, "gamma_fc": 0.8623462528380441, "beta_rec": 0.7456371927074961, "cue_position": 8.0}, "datetime": {"delta": 53.872956, "datetime": "2021-04-07 11:50:57", "elapsed": 2174.508621}}
{"target": 6.1593333333333335, "params": {"beta_enc": 0.6909421420661686, "k": 3.0, "enc_rate": 1.0, "gamma_fc": 0.9897517076637052, "beta_rec": 0.18863680095531088, "cue_position": 8.0}, "datetime": {"delta": 48.267553, "datetime": "2021-04-07 11:51:45", "elapsed": 2222.776174}}
{"target": 7.405111111111111, "params": {"beta_enc": 0.24773290176235485, "k": 3.0, "enc_rate": 1.0, "gamma_fc": 0.05692943841109499, "beta_rec": 0.26217308377291193, "cue_position": 8.0}, "datetime": {"delta": 40.777079, "datetime": "2021-04-07 11:52:26", "elapsed": 2263.553253}}
{"target": 7.472666666666666, "params": {"beta_enc": 0.21196016464367595, "k": 3.0, "enc_rate": 1.0, "gamma_fc": 0.593432449464621, "beta_rec": 0.7986042447602102, "cue_position": 8.0}, "datetime": {"delta": 37.347569, "datetime": "2021-04-07 11:53:03", "elapsed": 2300.900822}}
{"target": 7.376444444444445, "params": {"beta_enc": 0.3810161240622142, "k": 3.0, "enc_rate": 1.0, "gamma_fc": 0.9594343210617524, "beta_rec": 0.7498583107261434, "cue_position": 8.0}, "datetime": {"delta": 36.987416, "datetime": "2021-04-07 11:53:40", "elapsed": 2337.888238}}
{"target": 7.550222222222223, "params": {"beta_enc": 0.03232306662357398, "k": 3.0, "enc_rate": 1.0, "gamma_fc": 0.2214327343234883, "beta_rec": 0.7093872512312951, "cue_position": 8.0}, "datetime": {"delta": 37.606436, "datetime": "2021-04-07 11:54:18", "elapsed": 2375.494674}}
{"target": 7.5391111111111115, "params": {"beta_enc": 0.081473964877262, "k": 3.0, "enc_rate": 1.0, "gamma_fc": 0.8029632373737379, "beta_rec": 0.42861882866378653, "cue_position": 8.0}, "datetime": {"delta": 37.43648, "datetime": "2021-04-07 11:54:55", "elapsed": 2412.931154}}
{"target": 5.895777777777778, "params": {"beta_enc": 0.7662113810757705, "k": 3.0, "enc_rate": 1.0, "gamma_fc": 0.8240098704123188, "beta_rec": 0.3424541198435198, "cue_position": 8.0}, "datetime": {"delta": 32.362577, "datetime": "2021-04-07 11:55:28", "elapsed": 2445.293731}}
{"target": 7.537777777777778, "params": {"beta_enc": 0.1434230486702449, "k": 3.0, "enc_rate": 1.0, "gamma_fc": 0.4585838137084318, "beta_rec": 0.07838689985494796, "cue_position": 8.0}, "datetime": {"delta": 37.38398, "datetime": "2021-04-07 11:56:05", "elapsed": 2482.677711}}
{"target": 7.520444444444445, "params": {"beta_enc": 0.027783348848669953, "k": 3.0, "enc_rate": 1.0, "gamma_fc": 0.45240482674645155, "beta_rec": 0.7548614813904674, "cue_position": 8.0}, "datetime": {"delta": 37.52798, "datetime": "2021-04-07 11:56:43", "elapsed": 2520.205691}}
{"target": 7.224222222222221, "params": {"beta_enc": 0.47807250671783097, "k": 3.0, "enc_rate": 1.0, "gamma_fc": 0.904686160343623, "beta_rec": 0.47400392656219403, "cue_position": 8.0}, "datetime": {"delta": 36.71267, "datetime": "2021-04-07 11:57:19", "elapsed": 2556.918361}}
{"target": 5.438, "params": {"beta_enc": 0.7738743427204187, "k": 3.0, "enc_rate": 1.0, "gamma_fc": 0.538627282576347, "beta_rec": 0.12564138113773882, "cue_position": 8.0}, "datetime": {"delta": 31.196618, "datetime": "2021-04-07 11:57:51", "elapsed": 2588.114979}}
{"target": 4.759777777777778, "params": {"beta_enc": 0.9511937854902045, "k": 3.0, "enc_rate": 1.0, "gamma_fc": 0.14555823115839706, "beta_rec": 0.905402033702778, "cue_position": 8.0}, "datetime": {"delta": 37.540252, "datetime": "2021-04-07 11:58:28", "elapsed": 2625.655231}}
{"target": 7.516444444444444, "params": {"beta_enc": 0.187631672902434, "k": 3.0, "enc_rate": 1.0, "gamma_fc": 0.7111224587658159, "beta_rec": 0.6224959022999211, "cue_position": 8.0}, "datetime": {"delta": 48.502627, "datetime": "2021-04-07 11:59:17", "elapsed": 2674.157858}}
{"target": 4.994666666666666, "params": {"beta_enc": 0.9092932045442544, "k": 3.0, "enc_rate": 1.0, "gamma_fc": 0.119457050333729, "beta_rec": 0.4008737323711209, "cue_position": 8.0}, "datetime": {"delta": 35.371439, "datetime": "2021-04-07 11:59:52", "elapsed": 2709.529297}}
{"target": 7.514222222222223, "params": {"beta_enc": 0.14679237341724316, "k": 3.0, "enc_rate": 1.0, "gamma_fc": 0.9824174492929428, "beta_rec": 0.2642974827269007, "cue_position": 8.0}, "datetime": {"delta": 47.178421, "datetime": "2021-04-07 12:00:39", "elapsed": 2756.707718}}
{"target": 6.900444444444443, "params": {"beta_enc": 0.5336533449712114, "k": 3.0, "enc_rate": 1.0, "gamma_fc": 0.43359232727316455, "beta_rec": 0.31446701118584963, "cue_position": 8.0}, "datetime": {"delta": 35.499009, "datetime": "2021-04-07 12:01:15", "elapsed": 2792.206727}}
