{"target": -8485.319640595106, "params": {"epsilon_d": 2.2506034920255766, "phi_d": 0.47928711795911455, "beta_rec": 0.9318041926377919, "gamma_cf": 0.586188333721372, "k_intra": 5.806514718396872, "gamma_fc": 0.17846309756270884, "s_cf": 1.0290174139901205, "beta_enc": 0.3379780333164245, "phi_s": 2.6552405994528567}, "datetime": {"delta": 61.942332, "elapsed": 26300.415488, "datetime": "2020-04-27 17:50:27"}}
{"target": -8486.122075457257, "params": {"epsilon_d": 2.3530396498703285, "phi_d": 0.5288755547447331, "beta_rec": 0.9509635696806316, "gamma_cf": 0.5851310479418118, "k_intra": 5.837445023721577, "gamma_fc": 0.18043464797327835, "s_cf": 1.0348364726270431, "beta_enc": 0.33181098646345214, "phi_s": 2.559691966859456}, "datetime": {"delta": 59.640597, "elapsed": 26360.056085, "datetime": "2020-04-27 17:51:27"}}
{"target": -8488.258064048274, "params": {"epsilon_d": 2.272797391457172, "phi_d": 0.4659303858020931, "beta_rec": 0.9177545397235475, "gamma_cf": 0.598521163383915, "k_intra": 5.776248578278378, "gamma_fc": 0.1727105537727634, "s_cf": 1.0686340562178491, "beta_enc": 0.3227022430997601, "phi_s": 2.550570299624886}, "datetime": {"delta": 59.219963, "elapsed": 26419.276048, "datetime": "2020-04-27 17:52:26"}}
{"target": -8486.67817779226, "params": {"epsilon_d": 2.3765397676816096, "phi_d": 0.49559673933337856, "beta_rec": 0.9396868810747032, "gamma_cf": 0.6047491957995236, "k_intra": 5.8073834941948785, "gamma_fc": 0.16543518224922638, "s_cf": 1.0654016070282115, "beta_enc": 0.326528719681748, "phi_s": 2.594824310887122}, "datetime": {"delta": 55.650006, "elapsed": 26474.926054, "datetime": "2020-04-27 17:53:22"}}
{"target": -8487.451556606928, "params": {"epsilon_d": 2.2474569335357244, "phi_d": 0.4914773326546571, "beta_rec": 0.9320723583651062, "gamma_cf": 0.5811498238783203, "k_intra": 5.874689849590396, "gamma_fc": 0.15383908459030762, "s_cf": 0.9943796435077022, "beta_enc": 0.3289374872336398, "phi_s": 2.5346317835356156}, "datetime": {"delta": 68.769604, "elapsed": 26543.695658, "datetime": "2020-04-27 17:54:31"}}
{"target": -8484.938246711761, "params": {"epsilon_d": 2.2658779182260074, "phi_d": 0.4814273912528497, "beta_rec": 0.935601418782722, "gamma_cf": 0.5643819306120289, "k_intra": 5.824511138797999, "gamma_fc": 0.1764635640529498, "s_cf": 0.9890289477070953, "beta_enc": 0.33859879941073656, "phi_s": 2.629367294221618}, "datetime": {"delta": 58.360444, "elapsed": 26602.056102, "datetime": "2020-04-27 17:55:29"}}
{"target": -8491.026955872743, "params": {"epsilon_d": 2.110456913365034, "phi_d": 0.4523199808890464, "beta_rec": 0.9228651133411165, "gamma_cf": 0.5785917678456014, "k_intra": 5.7719897954112085, "gamma_fc": 0.18253394076402604, "s_cf": 1.0319170996014067, "beta_enc": 0.32902518739816783, "phi_s": 2.473106709660797}, "datetime": {"delta": 64.351996, "elapsed": 26666.408098, "datetime": "2020-04-27 17:56:33"}}
{"target": -8494.426952831353, "params": {"epsilon_d": 2.3067217630272268, "phi_d": 0.47193875400279567, "beta_rec": 0.9335682417025831, "gamma_cf": 0.5468386166708953, "k_intra": 5.792794507913944, "gamma_fc": 0.1659130771651175, "s_cf": 1.0869980344284813, "beta_enc": 0.3378183205327158, "phi_s": 2.5693241594641956}, "datetime": {"delta": 66.838383, "elapsed": 26733.246481, "datetime": "2020-04-27 17:57:40"}}
{"target": -8487.41846118242, "params": {"epsilon_d": 2.162261564397192, "phi_d": 0.5029370410348208, "beta_rec": 0.9584719373389988, "gamma_cf": 0.5913008418472601, "k_intra": 5.8341002238560815, "gamma_fc": 0.1878080972429042, "s_cf": 1.0761868618674018, "beta_enc": 0.32971234507923386, "phi_s": 2.534196401890477}, "datetime": {"delta": 60.9237, "elapsed": 26794.170181, "datetime": "2020-04-27 17:58:41"}}
{"target": -8494.557925570014, "params": {"epsilon_d": 2.294181496357785, "phi_d": 0.5135282620795251, "beta_rec": 0.944952314474533, "gamma_cf": 0.5639520765475633, "k_intra": 5.89592931493082, "gamma_fc": 0.17414005421056136, "s_cf": 1.0363631393620447, "beta_enc": 0.35346783216878863, "phi_s": 2.58657712653888}, "datetime": {"delta": 60.067181, "elapsed": 26854.237362, "datetime": "2020-04-27 17:59:41"}}
{"target": -8497.183096832114, "params": {"epsilon_d": 2.3310222521367527, "phi_d": 0.47609138658413575, "beta_rec": 0.932669968535557, "gamma_cf": 0.5933863663443701, "k_intra": 5.677534393539891, "gamma_fc": 0.16212950020096017, "s_cf": 0.9849661254948973, "beta_enc": 0.33753511692187904, "phi_s": 2.4014732026332695}, "datetime": {"delta": 58.760882, "elapsed": 26912.998244, "datetime": "2020-04-27 18:00:40"}}
{"target": -8487.896054603127, "params": {"epsilon_d": 2.229579930781303, "phi_d": 0.4958726369325293, "beta_rec": 0.9364524493002012, "gamma_cf": 0.5668524493731648, "k_intra": 5.8223668514743565, "gamma_fc": 0.18064580264209637, "s_cf": 0.9565036780206314, "beta_enc": 0.34516728407259667, "phi_s": 2.628050807608641}, "datetime": {"delta": 59.822002, "elapsed": 26972.820246, "datetime": "2020-04-27 18:01:40"}}
{"target": -8488.463077649749, "params": {"epsilon_d": 2.3607806872755925, "phi_d": 0.49109139848130123, "beta_rec": 0.9222536133372866, "gamma_cf": 0.5883068140166371, "k_intra": 5.784916399331333, "gamma_fc": 0.1635088706967458, "s_cf": 0.9776038419789462, "beta_enc": 0.32521658707882956, "phi_s": 2.519508394341875}, "datetime": {"delta": 62.06658, "elapsed": 27034.886826, "datetime": "2020-04-27 18:02:42"}}
{"target": -8487.520900852182, "params": {"epsilon_d": 2.270912174330208, "phi_d": 0.4917023215411532, "beta_rec": 0.9423406527336251, "gamma_cf": 0.5783965669185328, "k_intra": 5.780957692425381, "gamma_fc": 0.15952862167815848, "s_cf": 1.0688631603179914, "beta_enc": 0.3340867819671043, "phi_s": 2.570243223507237}, "datetime": {"delta": 59.778874, "elapsed": 27094.6657, "datetime": "2020-04-27 18:03:42"}}
{"target": -8491.015022974952, "params": {"epsilon_d": 2.2527338781267483, "phi_d": 0.4479071331288239, "beta_rec": 0.9485060508163883, "gamma_cf": 0.55266573717103, "k_intra": 5.733524615338241, "gamma_fc": 0.1770846324029208, "s_cf": 0.964210393817607, "beta_enc": 0.3232524478520077, "phi_s": 2.4532610249899323}, "datetime": {"delta": 57.322038, "elapsed": 27151.987738, "datetime": "2020-04-27 18:04:39"}}
{"target": -8484.30995686048, "params": {"epsilon_d": 2.2627890471714034, "phi_d": 0.49596418896391925, "beta_rec": 0.925744957792088, "gamma_cf": 0.5874134516759167, "k_intra": 5.869979202523579, "gamma_fc": 0.17511074780880764, "s_cf": 1.0466875624056213, "beta_enc": 0.334990732975528, "phi_s": 2.6743366397164}, "datetime": {"delta": 60.441007, "elapsed": 27212.428745, "datetime": "2020-04-27 18:05:39"}}
{"target": -8490.840057321127, "params": {"epsilon_d": 2.2545467707833042, "phi_d": 0.45534311426062296, "beta_rec": 0.9444916095875555, "gamma_cf": 0.5462930879147109, "k_intra": 5.758306755922697, "gamma_fc": 0.19508178156169617, "s_cf": 0.9720309407761467, "beta_enc": 0.32270469717054184, "phi_s": 2.5174103548863207}, "datetime": {"delta": 60.157583, "elapsed": 27272.586328, "datetime": "2020-04-27 18:06:40"}}
{"target": -8488.716278789783, "params": {"epsilon_d": 2.262187484859847, "phi_d": 0.4394572541538219, "beta_rec": 0.9444847645709673, "gamma_cf": 0.5708454352957504, "k_intra": 5.764663822778394, "gamma_fc": 0.17627530083566256, "s_cf": 1.0082288966259498, "beta_enc": 0.32610559334920247, "phi_s": 2.4614896010176395}, "datetime": {"delta": 60.585125, "elapsed": 27333.171453, "datetime": "2020-04-27 18:07:40"}}
{"target": -8483.050129616613, "params": {"epsilon_d": 2.205181032342664, "phi_d": 0.49618242724041345, "beta_rec": 0.9422648934928799, "gamma_cf": 0.5733634902506061, "k_intra": 5.857486202812575, "gamma_fc": 0.16541698697170362, "s_cf": 1.012142140864605, "beta_enc": 0.341612498606514, "phi_s": 2.7362942742031033}, "datetime": {"delta": 59.750129, "elapsed": 27392.921582, "datetime": "2020-04-27 18:08:40"}}
{"target": -8488.624183514092, "params": {"epsilon_d": 2.3073647794461385, "phi_d": 0.4956840885095083, "beta_rec": 0.9683886966139712, "gamma_cf": 0.5546488019743857, "k_intra": 5.844118682638512, "gamma_fc": 0.17163776025741828, "s_cf": 1.0528944127562068, "beta_enc": 0.3233980315921127, "phi_s": 2.604391417566458}, "datetime": {"delta": 57.075013, "elapsed": 27449.996595, "datetime": "2020-04-27 18:09:37"}}
{"target": -8492.072583722667, "params": {"epsilon_d": 2.1949906116770257, "phi_d": 0.4685935139370847, "beta_rec": 0.9129531561657949, "gamma_cf": 0.5546949314782806, "k_intra": 5.783108485343081, "gamma_fc": 0.17544908653227687, "s_cf": 0.927648527641694, "beta_enc": 0.32437420601603606, "phi_s": 2.4918423021839446}, "datetime": {"delta": 63.740984, "elapsed": 27513.737579, "datetime": "2020-04-27 18:10:41"}}
{"target": -8486.648104817326, "params": {"epsilon_d": 2.1744008336163825, "phi_d": 0.4770930452722836, "beta_rec": 0.9352697518218434, "gamma_cf": 0.5699447385026417, "k_intra": 5.878748990371291, "gamma_fc": 0.17994100813704694, "s_cf": 0.9603230456423221, "beta_enc": 0.33911344091029777, "phi_s": 2.6060867233264684}, "datetime": {"delta": 55.778315, "elapsed": 27569.515894, "datetime": "2020-04-27 18:11:36"}}
{"target": -8487.254059651636, "params": {"epsilon_d": 2.1551779923202834, "phi_d": 0.4674348468146393, "beta_rec": 0.9433406717404812, "gamma_cf": 0.5846879405553429, "k_intra": 5.868556723206317, "gamma_fc": 0.16058536396398412, "s_cf": 0.9947278368912689, "beta_enc": 0.32775022975599477, "phi_s": 2.523326609297286}, "datetime": {"delta": 61.610601, "elapsed": 27631.126495, "datetime": "2020-04-27 18:12:38"}}
{"target": -8488.162579709091, "params": {"epsilon_d": 2.2837273123645874, "phi_d": 0.472861187359484, "beta_rec": 0.9407389479307066, "gamma_cf": 0.5638869313690008, "k_intra": 5.792319939451476, "gamma_fc": 0.16491782144699452, "s_cf": 0.9261540096509658, "beta_enc": 0.3309223983656128, "phi_s": 2.5208955281073666}, "datetime": {"delta": 60.735614, "elapsed": 27691.862109, "datetime": "2020-04-27 18:13:39"}}
{"target": -8491.089860350397, "params": {"epsilon_d": 2.315095600709858, "phi_d": 0.43770096997068536, "beta_rec": 0.9430187115092101, "gamma_cf": 0.5728611449840775, "k_intra": 5.73992741324805, "gamma_fc": 0.1820989798633598, "s_cf": 0.9443724760762704, "beta_enc": 0.32666060094540506, "phi_s": 2.422679966410914}, "datetime": {"delta": 55.701582, "elapsed": 27747.563691, "datetime": "2020-04-27 18:14:34"}}
{"target": -8489.447960142863, "params": {"epsilon_d": 2.222330091538132, "phi_d": 0.49472541543291165, "beta_rec": 0.9336405201166265, "gamma_cf": 0.5959937168655448, "k_intra": 5.753330047647529, "gamma_fc": 0.18291187236216588, "s_cf": 1.0365817301236135, "beta_enc": 0.31833170602842215, "phi_s": 2.4659068750001554}, "datetime": {"delta": 58.418444, "elapsed": 27805.982135, "datetime": "2020-04-27 18:15:33"}}
{"target": -8489.025566909786, "params": {"epsilon_d": 2.187934158713797, "phi_d": 0.4987861323071226, "beta_rec": 0.9458366720043416, "gamma_cf": 0.5790728258505167, "k_intra": 5.795325438538005, "gamma_fc": 0.17652850920810717, "s_cf": 1.0249071694300387, "beta_enc": 0.32235182269631046, "phi_s": 2.4350384214107486}, "datetime": {"delta": 62.790375, "elapsed": 27868.77251, "datetime": "2020-04-27 18:16:36"}}
{"target": -8487.958149635584, "params": {"epsilon_d": 2.303559299658934, "phi_d": 0.48581217436632207, "beta_rec": 0.9204088023895171, "gamma_cf": 0.5907685561647583, "k_intra": 5.872806389240494, "gamma_fc": 0.14532762590416537, "s_cf": 1.0023803903808035, "beta_enc": 0.3267908979134155, "phi_s": 2.6209980456532156}, "datetime": {"delta": 57.488813, "elapsed": 27926.261323, "datetime": "2020-04-27 18:17:33"}}
{"target": -8487.563255945623, "params": {"epsilon_d": 2.1862210599572283, "phi_d": 0.4979058009979596, "beta_rec": 0.9477659596408606, "gamma_cf": 0.5737176793264404, "k_intra": 5.832528009916927, "gamma_fc": 0.18863786620605413, "s_cf": 1.0137363646562452, "beta_enc": 0.32641618500171116, "phi_s": 2.491600056098458}, "datetime": {"delta": 63.020994, "elapsed": 27989.282317, "datetime": "2020-04-27 18:18:36"}}
{"target": -8487.676864007604, "params": {"epsilon_d": 2.2116314714868963, "phi_d": 0.45030436698329424, "beta_rec": 0.9285710885030044, "gamma_cf": 0.5714492403782668, "k_intra": 5.838314015886677, "gamma_fc": 0.1663404507913523, "s_cf": 0.9018825436383233, "beta_enc": 0.3301609167008023, "phi_s": 2.5583943658204986}, "datetime": {"delta": 60.63969, "elapsed": 28049.922007, "datetime": "2020-04-27 18:19:37"}}
{"target": -8488.207607798728, "params": {"epsilon_d": 2.2690315667514485, "phi_d": 0.4664281411112463, "beta_rec": 0.9468316341543372, "gamma_cf": 0.5718427081406788, "k_intra": 5.861643377231558, "gamma_fc": 0.1732215609286291, "s_cf": 0.9437421290743084, "beta_enc": 0.3415398562813668, "phi_s": 2.5684525336128936}, "datetime": {"delta": 57.707952, "elapsed": 28107.629959, "datetime": "2020-04-27 18:20:35"}}
{"target": -8486.321188408027, "params": {"epsilon_d": 2.2316186603506054, "phi_d": 0.4855405445586318, "beta_rec": 0.9285417464009132, "gamma_cf": 0.5675255347946805, "k_intra": 5.849752319955432, "gamma_fc": 0.170768511707057, "s_cf": 0.9484657389682246, "beta_enc": 0.33242478429795497, "phi_s": 2.5399119900223086}, "datetime": {"delta": 59.013957, "elapsed": 28166.643916, "datetime": "2020-04-27 18:21:34"}}
{"target": -8485.755830574122, "params": {"epsilon_d": 2.2339325949897484, "phi_d": 0.4945451373134147, "beta_rec": 0.9264047227485783, "gamma_cf": 0.5823713201425852, "k_intra": 5.8732321576242414, "gamma_fc": 0.14732279734875414, "s_cf": 1.0533993266225103, "beta_enc": 0.3337047877620382, "phi_s": 2.691516102000061}, "datetime": {"delta": 64.68452, "elapsed": 28231.328436, "datetime": "2020-04-27 18:22:38"}}
{"target": -8488.644503167876, "params": {"epsilon_d": 2.155965573872072, "phi_d": 0.4556517361550307, "beta_rec": 0.9277289749812879, "gamma_cf": 0.5752505748222091, "k_intra": 5.82841237960165, "gamma_fc": 0.16664104873443442, "s_cf": 0.9032379965890464, "beta_enc": 0.3333915856852906, "phi_s": 2.5830478550228446}, "datetime": {"delta": 60.359439, "elapsed": 28291.687875, "datetime": "2020-04-27 18:23:39"}}
{"target": -8487.823955000255, "params": {"epsilon_d": 2.2098901945517486, "phi_d": 0.4767815705254851, "beta_rec": 0.9387656721101088, "gamma_cf": 0.5839030959189139, "k_intra": 5.775785850502125, "gamma_fc": 0.17748957394901285, "s_cf": 1.09772974667228, "beta_enc": 0.3272034545856513, "phi_s": 2.470545895364478}, "datetime": {"delta": 59.714568, "elapsed": 28351.402443, "datetime": "2020-04-27 18:24:38"}}
{"target": -8489.44904411189, "params": {"epsilon_d": 2.2211230418283394, "phi_d": 0.4621862605968686, "beta_rec": 0.9380298516794823, "gamma_cf": 0.5708301630048059, "k_intra": 5.7786500088004065, "gamma_fc": 0.17586040087425117, "s_cf": 0.9303160153816626, "beta_enc": 0.3274244925557519, "phi_s": 2.452051883642859}, "datetime": {"delta": 63.715374, "elapsed": 28415.117817, "datetime": "2020-04-27 18:25:42"}}
{"target": -8492.715838157204, "params": {"epsilon_d": 2.2010263457840544, "phi_d": 0.42227165111832327, "beta_rec": 0.9197823720486988, "gamma_cf": 0.5648397761734005, "k_intra": 5.81587559057415, "gamma_fc": 0.1688479122829787, "s_cf": 1.0165737058599726, "beta_enc": 0.34060344594915276, "phi_s": 2.5712262035419995}, "datetime": {"delta": 67.851844, "elapsed": 28482.969661, "datetime": "2020-04-27 18:26:50"}}
{"target": -8485.931171254017, "params": {"epsilon_d": 2.1921504130552756, "phi_d": 0.46840635184961327, "beta_rec": 0.946847164720191, "gamma_cf": 0.5800746642062591, "k_intra": 5.8246717094803815, "gamma_fc": 0.17270926944368709, "s_cf": 1.0418884347144095, "beta_enc": 0.32731158147468825, "phi_s": 2.524938280439948}, "datetime": {"delta": 73.735385, "elapsed": 28556.705046, "datetime": "2020-04-27 18:28:04"}}
{"target": -8491.133011051, "params": {"epsilon_d": 2.2716792511868507, "phi_d": 0.47855204270749574, "beta_rec": 0.9424959564847109, "gamma_cf": 0.5679863746401442, "k_intra": 5.7186043516874445, "gamma_fc": 0.15965468653947612, "s_cf": 1.0410224911161843, "beta_enc": 0.32232689567156675, "phi_s": 2.4979238617827746}, "datetime": {"delta": 58.150073, "elapsed": 28614.855119, "datetime": "2020-04-27 18:29:02"}}
{"target": -8488.190373656007, "params": {"epsilon_d": 2.1921253796721865, "phi_d": 0.45909783805824056, "beta_rec": 0.9479239904415282, "gamma_cf": 0.5754577008232129, "k_intra": 5.843142919511437, "gamma_fc": 0.18056088023384825, "s_cf": 0.9730557735706726, "beta_enc": 0.3300830634132353, "phi_s": 2.4593359364130003}, "datetime": {"delta": 60.336297, "elapsed": 28675.191416, "datetime": "2020-04-27 18:30:02"}}
{"target": -8491.796104865693, "params": {"epsilon_d": 2.1556436547983413, "phi_d": 0.43815952589464097, "beta_rec": 0.9372440247111488, "gamma_cf": 0.5746531030844134, "k_intra": 5.788775995531415, "gamma_fc": 0.16879293537975715, "s_cf": 1.0293908047032128, "beta_enc": 0.3151665197347164, "phi_s": 2.426670437854508}, "datetime": {"delta": 63.897143, "elapsed": 28739.088559, "datetime": "2020-04-27 18:31:06"}}
{"target": -8489.437966068706, "params": {"epsilon_d": 2.2670913048610215, "phi_d": 0.47040452783850706, "beta_rec": 0.9441066692703398, "gamma_cf": 0.5607422182592428, "k_intra": 5.759042085361052, "gamma_fc": 0.17079226393758704, "s_cf": 0.9622063864493079, "beta_enc": 0.334438794349866, "phi_s": 2.505501074942849}, "datetime": {"delta": 60.163446, "elapsed": 28799.252005, "datetime": "2020-04-27 18:32:06"}}
{"target": -8499.67931371255, "params": {"epsilon_d": 2.186199430219985, "phi_d": 0.4575331562047505, "beta_rec": 0.92318209251186, "gamma_cf": 0.5605467226753329, "k_intra": 5.799525621501244, "gamma_fc": 0.16274732655320512, "s_cf": 0.9313070500477095, "beta_enc": 0.35496086260310655, "phi_s": 2.5831892265948855}, "datetime": {"delta": 65.047864, "elapsed": 28864.299869, "datetime": "2020-04-27 18:33:11"}}
{"target": -8487.476384338332, "params": {"epsilon_d": 2.262337307960781, "phi_d": 0.46761036303913156, "beta_rec": 0.9271220672088001, "gamma_cf": 0.585882076296205, "k_intra": 5.813960108613238, "gamma_fc": 0.17630521589889908, "s_cf": 0.941703928707345, "beta_enc": 0.3256508221793005, "phi_s": 2.5220086329342153}, "datetime": {"delta": 63.607317, "elapsed": 28927.907186, "datetime": "2020-04-27 18:34:15"}}
{"target": -8487.636176254151, "params": {"epsilon_d": 2.1500661941920147, "phi_d": 0.48871229102443425, "beta_rec": 0.9424166113795671, "gamma_cf": 0.5869795798207194, "k_intra": 5.802325672475872, "gamma_fc": 0.17586105320498926, "s_cf": 1.0744815401208843, "beta_enc": 0.32965165254182494, "phi_s": 2.480675293636512}, "datetime": {"delta": 61.038545, "elapsed": 28988.945731, "datetime": "2020-04-27 18:35:16"}}
{"target": -8489.603441160045, "params": {"epsilon_d": 2.173464391386796, "phi_d": 0.4767799271001246, "beta_rec": 0.94136511842278, "gamma_cf": 0.5585995906513005, "k_intra": 5.8073649992991685, "gamma_fc": 0.17480998672879403, "s_cf": 0.9041249776365856, "beta_enc": 0.32370377532846284, "phi_s": 2.503831651811311}, "datetime": {"delta": 59.914716, "elapsed": 29048.860447, "datetime": "2020-04-27 18:36:16"}}
