{"target": 7.5, "params": {"beta_enc": 0.9475489413950998, "gamma_fc": 0.42861882866378653, "beta_rec": 0.2214327343234883, "cue_position": 0.0, "gamma_cf": 0.081473964877262}, "datetime": {"elapsed": 25.571488, "delta": 0.326759, "datetime": "2020-06-14 09:46:05"}}
{"target": 8.125, "params": {"beta_enc": 0.10901876401906829, "gamma_fc": 0.7662113810757705, "beta_rec": 0.6337867606119179, "cue_position": 0.0, "gamma_cf": 0.6968004961201785}, "datetime": {"elapsed": 25.912559, "delta": 0.341071, "datetime": "2020-06-14 09:46:06"}}
{"target": 9.25, "params": {"beta_enc": 0.3424541198435198, "gamma_fc": 0.6264961586242938, "beta_rec": 0.8458514830276777, "cue_position": 0.0, "gamma_cf": 0.8240098704123188}, "datetime": {"elapsed": 26.276449, "delta": 0.36389, "datetime": "2020-06-14 09:46:06"}}
{"target": 9.5, "params": {"beta_enc": 0.1434230486702449, "gamma_fc": 0.4585838137084318, "beta_rec": 0.07838689985494796, "cue_position": 0.0, "gamma_cf": 0.06672499763935646}, "datetime": {"elapsed": 26.645805, "delta": 0.369356, "datetime": "2020-06-14 09:46:06"}}
{"target": 7.875, "params": {"beta_enc": 0.11334192276759048, "gamma_fc": 0.7469384956075251, "beta_rec": 0.027783348848669953, "cue_position": 0.0, "gamma_cf": 0.3948504804606394}, "datetime": {"elapsed": 26.981856, "delta": 0.336051, "datetime": "2020-06-14 09:46:07"}}
{"target": 6.875, "params": {"beta_enc": 0.45240482674645155, "gamma_fc": 0.8031633421141696, "beta_rec": 0.4500867470007611, "cue_position": 0.0, "gamma_cf": 0.47400392656219403}, "datetime": {"elapsed": 27.296785, "delta": 0.314929, "datetime": "2020-06-14 09:46:07"}}
{"target": 9.25, "params": {"beta_enc": 0.40239251985773583, "gamma_fc": 0.12564138113773882, "beta_rec": 0.904686160343623, "cue_position": 0.0, "gamma_cf": 0.7738743427204187}, "datetime": {"elapsed": 27.660911, "delta": 0.364126, "datetime": "2020-06-14 09:46:07"}}
{"target": 10.75, "params": {"beta_enc": 0.6185135669120855, "gamma_fc": 0.9511937854902045, "beta_rec": 0.010364261335231939, "cue_position": 0.0, "gamma_cf": 0.0030179566195963625}, "datetime": {"elapsed": 28.053718, "delta": 0.392807, "datetime": "2020-06-14 09:46:08"}}
{"target": 6.5, "params": {"beta_enc": 0.905402033702778, "gamma_fc": 0.15773006987053328, "beta_rec": 0.7959669419422694, "cue_position": 0.0, "gamma_cf": 0.14555823115839706}, "datetime": {"elapsed": 28.359771, "delta": 0.306053, "datetime": "2020-06-14 09:46:08"}}
{"target": 6.25, "params": {"beta_enc": 0.187631672902434, "gamma_fc": 0.7111224587658159, "beta_rec": 0.6224959022999211, "cue_position": 0.0, "gamma_cf": 0.9899551783590737}, "datetime": {"elapsed": 28.661283, "delta": 0.301512, "datetime": "2020-06-14 09:46:08"}}
{"target": 7.0, "params": {"beta_enc": 0.7318004091422953, "gamma_fc": 0.17343017078712286, "beta_rec": 0.9092932045442544, "cue_position": 0.0, "gamma_cf": 0.24985068022503676}, "datetime": {"elapsed": 28.97967, "delta": 0.318387, "datetime": "2020-06-14 09:46:09"}}
{"target": 7.75, "params": {"beta_enc": 0.119457050333729, "gamma_fc": 0.8190891786335308, "beta_rec": 0.8126105880328287, "cue_position": 0.0, "gamma_cf": 0.2642974827269007}, "datetime": {"elapsed": 29.313917, "delta": 0.334247, "datetime": "2020-06-14 09:46:09"}}
{"target": 10.25, "params": {"beta_enc": 0.31058725179421, "gamma_fc": 0.31446701118584963, "beta_rec": 0.9824174492929428, "cue_position": 0.0, "gamma_cf": 0.5336533449712114}, "datetime": {"elapsed": 29.699018, "delta": 0.385101, "datetime": "2020-06-14 09:46:09"}}
{"target": 2.125, "params": {"beta_enc": 0.9107728311738374, "gamma_fc": 0.9388864773697133, "beta_rec": 0.36655664385123443, "cue_position": 0.0, "gamma_cf": 0.5122926922783614}, "datetime": {"elapsed": 29.916159, "delta": 0.217141, "datetime": "2020-06-14 09:46:10"}}
{"target": 6.875, "params": {"beta_enc": 0.030949006271150714, "gamma_fc": 0.5220512472525107, "beta_rec": 0.7168786636316892, "cue_position": 0.0, "gamma_cf": 0.027287223517468817}, "datetime": {"elapsed": 30.23086, "delta": 0.314701, "datetime": "2020-06-14 09:46:10"}}
{"target": 9.75, "params": {"beta_enc": 0.3259898117700253, "gamma_fc": 0.45285349995153745, "beta_rec": 0.8594893208655858, "cue_position": 0.0, "gamma_cf": 0.6902278681627478}, "datetime": {"elapsed": 30.604302, "delta": 0.373442, "datetime": "2020-06-14 09:46:10"}}
{"target": 3.625, "params": {"beta_enc": 0.6283090375213571, "gamma_fc": 0.3114442141324628, "beta_rec": 0.2900968516874258, "cue_position": 0.0, "gamma_cf": 0.5767559349870908}, "datetime": {"elapsed": 30.851897, "delta": 0.247595, "datetime": "2020-06-14 09:46:11"}}
{"target": 8.375, "params": {"beta_enc": 0.5172675985011298, "gamma_fc": 0.37129376127905445, "beta_rec": 0.9164058530538978, "cue_position": 0.0, "gamma_cf": 0.2473960366023854}, "datetime": {"elapsed": 31.197429, "delta": 0.345532, "datetime": "2020-06-14 09:46:11"}}
{"target": 13.625, "params": {"beta_enc": 0.9318611166365406, "gamma_fc": 0.22790028995131695, "beta_rec": 0.9368683813090937, "cue_position": 0.0, "gamma_cf": 0.9202065143056605}, "datetime": {"elapsed": 31.648487, "delta": 0.451058, "datetime": "2020-06-14 09:46:11"}}
{"target": 8.625, "params": {"beta_enc": 0.08748220955359087, "gamma_fc": 0.6070941619724605, "beta_rec": 0.22730973628468876, "cue_position": 0.0, "gamma_cf": 0.17476587635631158}, "datetime": {"elapsed": 31.998255, "delta": 0.349768, "datetime": "2020-06-14 09:46:12"}}
{"target": 10.125, "params": {"beta_enc": 0.41358641500116133, "gamma_fc": 0.24035562484913886, "beta_rec": 0.8163515118272141, "cue_position": 0.0, "gamma_cf": 0.7018765297563104}, "datetime": {"elapsed": 32.377627, "delta": 0.379372, "datetime": "2020-06-14 09:46:12"}}
{"target": 7.625, "params": {"beta_enc": 0.5742190888408597, "gamma_fc": 0.6641025553547935, "beta_rec": 0.34898759722078887, "cue_position": 0.0, "gamma_cf": 0.22881367096037586}, "datetime": {"elapsed": 32.707273, "delta": 0.329646, "datetime": "2020-06-14 09:46:13"}}
{"target": 7.125, "params": {"beta_enc": 0.4972500933605313, "gamma_fc": 0.99675342520821, "beta_rec": 0.5190159840736788, "cue_position": 0.0, "gamma_cf": 0.5707158515462564}, "datetime": {"elapsed": 33.025873, "delta": 0.3186, "datetime": "2020-06-14 09:46:13"}}
{"target": 3.375, "params": {"beta_enc": 0.8168351087916219, "gamma_fc": 0.5956079336026455, "beta_rec": 0.5943726238309778, "cue_position": 0.0, "gamma_cf": 0.9015625846693213}, "datetime": {"elapsed": 33.268063, "delta": 0.24219, "datetime": "2020-06-14 09:46:13"}}
{"target": 7.25, "params": {"beta_enc": 0.032426325314457105, "gamma_fc": 0.37543483316785775, "beta_rec": 0.09357709581748075, "cue_position": 0.0, "gamma_cf": 0.4517331486914753}, "datetime": {"elapsed": 33.588488, "delta": 0.320425, "datetime": "2020-06-14 09:46:13"}}
{"target": 1.5, "params": {"beta_enc": 0.9753500342702865, "gamma_fc": 0.8242378396244978, "beta_rec": 0.1679832931996149, "cue_position": 0.0, "gamma_cf": 0.7674748688630131}, "datetime": {"elapsed": 33.792785, "delta": 0.204297, "datetime": "2020-06-14 09:46:14"}}
{"target": 8.125, "params": {"beta_enc": 0.6326158167779973, "gamma_fc": 0.3530060855418248, "beta_rec": 0.668732770206732, "cue_position": 0.0, "gamma_cf": 0.013136356923072245}, "datetime": {"elapsed": 34.130772, "delta": 0.337987, "datetime": "2020-06-14 09:46:14"}}
{"target": 7.625, "params": {"beta_enc": 0.49207180149355845, "gamma_fc": 0.13766274094560316, "beta_rec": 0.7300912110901043, "cue_position": 0.0, "gamma_cf": 0.4574049160894317}, "datetime": {"elapsed": 34.464217, "delta": 0.333445, "datetime": "2020-06-14 09:46:14"}}
{"target": 7.5, "params": {"beta_enc": 0.01088873380347899, "gamma_fc": 0.220234226159156, "beta_rec": 0.7582782604769962, "cue_position": 0.0, "gamma_cf": 0.9843834501935107}, "datetime": {"elapsed": 34.793738, "delta": 0.329521, "datetime": "2020-06-14 09:46:15"}}
{"target": 8.625, "params": {"beta_enc": 0.33870802548167966, "gamma_fc": 0.12482254311167629, "beta_rec": 0.5238961356661317, "cue_position": 0.0, "gamma_cf": 0.46385778390029564}, "datetime": {"elapsed": 35.14483, "delta": 0.351092, "datetime": "2020-06-14 09:46:15"}}
{"target": 8.0, "params": {"beta_enc": 0.3125013784920495, "gamma_fc": 0.13033578095435427, "beta_rec": 0.5045191697009946, "cue_position": 0.0, "gamma_cf": 0.7701499563120922}, "datetime": {"elapsed": 35.481872, "delta": 0.337042, "datetime": "2020-06-14 09:46:15"}}
{"target": 6.5, "params": {"beta_enc": 0.022915131322381765, "gamma_fc": 0.6724698446537339, "beta_rec": 0.5190823222119895, "cue_position": 0.0, "gamma_cf": 0.012603767029876312}, "datetime": {"elapsed": 35.789206, "delta": 0.307334, "datetime": "2020-06-14 09:46:16"}}
{"target": 5.375, "params": {"beta_enc": 0.6868082266569918, "gamma_fc": 0.005239837651465851, "beta_rec": 0.44924675358663757, "cue_position": 0.0, "gamma_cf": 0.6443610847569929}, "datetime": {"elapsed": 36.074837, "delta": 0.285631, "datetime": "2020-06-14 09:46:16"}}
{"target": 5.875, "params": {"beta_enc": 0.4844284455143756, "gamma_fc": 0.6736984238986317, "beta_rec": 0.8593178060976, "cue_position": 0.0, "gamma_cf": 0.6491541971124779}, "datetime": {"elapsed": 36.368963, "delta": 0.294126, "datetime": "2020-06-14 09:46:16"}}
{"target": 5.75, "params": {"beta_enc": 0.5784995797892005, "gamma_fc": 0.35242963021640883, "beta_rec": 0.27411977516685215, "cue_position": 0.0, "gamma_cf": 0.6717297848174203}, "datetime": {"elapsed": 36.661511, "delta": 0.292548, "datetime": "2020-06-14 09:46:16"}}
{"target": 3.625, "params": {"beta_enc": 0.8558283672539277, "gamma_fc": 0.773799287244182, "beta_rec": 0.1950374860087073, "cue_position": 0.0, "gamma_cf": 0.2896027461868774}, "datetime": {"elapsed": 36.910126, "delta": 0.248615, "datetime": "2020-06-14 09:46:17"}}
{"target": 8.0, "params": {"beta_enc": 0.4277373293360762, "gamma_fc": 0.7672845084217665, "beta_rec": 0.8076984091122095, "cue_position": 0.0, "gamma_cf": 0.21369323762958115}, "datetime": {"elapsed": 37.249647, "delta": 0.339521, "datetime": "2020-06-14 09:46:17"}}
{"target": 7.625, "params": {"beta_enc": 0.3086419476306511, "gamma_fc": 0.21411213682064845, "beta_rec": 0.7332450677264275, "cue_position": 0.0, "gamma_cf": 0.22139670090820107}, "datetime": {"elapsed": 37.582009, "delta": 0.332362, "datetime": "2020-06-14 09:46:17"}}
{"target": 8.125, "params": {"beta_enc": 0.1989479234270667, "gamma_fc": 0.11092036903424063, "beta_rec": 0.14251833776584466, "cue_position": 0.0, "gamma_cf": 0.026627884691621473}, "datetime": {"elapsed": 37.922188, "delta": 0.340179, "datetime": "2020-06-14 09:46:18"}}
{"target": 5.5, "params": {"beta_enc": 0.6745640237634105, "gamma_fc": 0.20762566180381437, "beta_rec": 0.7997765368973863, "cue_position": 0.0, "gamma_cf": 0.23170231048579204}, "datetime": {"elapsed": 38.206319, "delta": 0.284131, "datetime": "2020-06-14 09:46:18"}}
{"target": 7.25, "params": {"beta_enc": 0.9173335630816306, "gamma_fc": 0.8348540476317985, "beta_rec": 0.7113145181364867, "cue_position": 0.0, "gamma_cf": 0.30451798792062024}, "datetime": {"elapsed": 38.5277, "delta": 0.321381, "datetime": "2020-06-14 09:46:18"}}
{"target": 9.125, "params": {"beta_enc": 0.43530595762951996, "gamma_fc": 0.1262101037493587, "beta_rec": 0.9234562151187752, "cue_position": 0.0, "gamma_cf": 0.47803130796528337}, "datetime": {"elapsed": 38.888891, "delta": 0.361191, "datetime": "2020-06-14 09:46:19"}}
{"target": 1.625, "params": {"beta_enc": 0.9760435504677476, "gamma_fc": 0.40420190577514725, "beta_rec": 0.15983365034409336, "cue_position": 0.0, "gamma_cf": 0.43118175516037094}, "datetime": {"elapsed": 39.095303, "delta": 0.206412, "datetime": "2020-06-14 09:46:19"}}
{"target": 8.125, "params": {"beta_enc": 0.14675148076429412, "gamma_fc": 0.7543059505762987, "beta_rec": 0.7293189193611234, "cue_position": 0.0, "gamma_cf": 0.6438956443116628}, "datetime": {"elapsed": 39.437907, "delta": 0.342604, "datetime": "2020-06-14 09:46:19"}}
{"target": 8.375, "params": {"beta_enc": 0.21073239208332073, "gamma_fc": 0.5971273029466491, "beta_rec": 0.60095424810764, "cue_position": 0.0, "gamma_cf": 0.6382187106203334}, "datetime": {"elapsed": 39.783737, "delta": 0.34583, "datetime": "2020-06-14 09:46:20"}}
{"target": 9.625, "params": {"beta_enc": 0.29548228565549706, "gamma_fc": 0.7821818168314053, "beta_rec": 0.7316064712415088, "cue_position": 0.0, "gamma_cf": 0.42556139026154693}, "datetime": {"elapsed": 40.155184, "delta": 0.371447, "datetime": "2020-06-14 09:46:20"}}
{"target": 7.375, "params": {"beta_enc": 0.056141039661915304, "gamma_fc": 0.30008104592535645, "beta_rec": 0.8352716024899659, "cue_position": 0.0, "gamma_cf": 0.3950968688899732}, "datetime": {"elapsed": 40.479304, "delta": 0.32412, "datetime": "2020-06-14 09:46:20"}}
{"target": 9.0, "params": {"beta_enc": 0.08010364380604929, "gamma_fc": 0.49411626589632507, "beta_rec": 0.9046310029362429, "cue_position": 0.0, "gamma_cf": 0.5306974384761395}, "datetime": {"elapsed": 40.83959, "delta": 0.360286, "datetime": "2020-06-14 09:46:21"}}
{"target": 8.125, "params": {"beta_enc": 0.13216114194293815, "gamma_fc": 0.2615495518329871, "beta_rec": 0.20645405888943302, "cue_position": 0.0, "gamma_cf": 0.5079216999452875}, "datetime": {"elapsed": 41.181215, "delta": 0.341625, "datetime": "2020-06-14 09:46:21"}}
{"target": 8.625, "params": {"beta_enc": 0.3570616088827919, "gamma_fc": 0.9857088237131878, "beta_rec": 0.10806532869723684, "cue_position": 0.0, "gamma_cf": 0.1065838767888011}, "datetime": {"elapsed": 41.532537, "delta": 0.351322, "datetime": "2020-06-14 09:46:21"}}
{"target": 7.625, "params": {"beta_enc": 0.17716116443841734, "gamma_fc": 0.18960594781829654, "beta_rec": 0.5724051124346493, "cue_position": 0.0, "gamma_cf": 0.7871162896558341}, "datetime": {"elapsed": 41.859274, "delta": 0.326737, "datetime": "2020-06-14 09:46:22"}}
{"target": 8.25, "params": {"beta_enc": 0.5279039784081266, "gamma_fc": 0.2166172083287794, "beta_rec": 0.7400775431590716, "cue_position": 0.0, "gamma_cf": 0.5510871741869717}, "datetime": {"elapsed": 42.200136, "delta": 0.340862, "datetime": "2020-06-14 09:46:22"}}
{"target": 10.0, "params": {"beta_enc": 0.7591960493171447, "gamma_fc": 0.019775099516344263, "beta_rec": 0.7229151935562137, "cue_position": 0.0, "gamma_cf": 0.8619665576670734}, "datetime": {"elapsed": 42.577516, "delta": 0.37738, "datetime": "2020-06-14 09:46:22"}}
{"target": 3.5, "params": {"beta_enc": 0.8602369974231152, "gamma_fc": 0.7169290016924699, "beta_rec": 0.5589038111609383, "cue_position": 0.0, "gamma_cf": 0.7587469310223366}, "datetime": {"elapsed": 42.82378, "delta": 0.246264, "datetime": "2020-06-14 09:46:23"}}
{"target": 1.625, "params": {"beta_enc": 0.9873261748084265, "gamma_fc": 0.8578971045378938, "beta_rec": 0.2780850486129828, "cue_position": 0.0, "gamma_cf": 0.9339026083148878}, "datetime": {"elapsed": 43.030483, "delta": 0.206703, "datetime": "2020-06-14 09:46:23"}}
{"target": 5.875, "params": {"beta_enc": 0.7288508775192559, "gamma_fc": 0.3748759435368594, "beta_rec": 0.5166887829215384, "cue_position": 0.0, "gamma_cf": 0.7805295568767427}, "datetime": {"elapsed": 43.324846, "delta": 0.294363, "datetime": "2020-06-14 09:46:23"}}
{"target": 6.75, "params": {"beta_enc": 0.7703225253299576, "gamma_fc": 0.6973080192643409, "beta_rec": 0.7506243191751754, "cue_position": 0.0, "gamma_cf": 0.4018659239678374}, "datetime": {"elapsed": 43.636944, "delta": 0.312098, "datetime": "2020-06-14 09:46:23"}}
{"target": 6.75, "params": {"beta_enc": 0.0031128578251921057, "gamma_fc": 0.12076718430922972, "beta_rec": 0.7748966467245978, "cue_position": 0.0, "gamma_cf": 0.23931570743750463}, "datetime": {"elapsed": 43.949172, "delta": 0.312228, "datetime": "2020-06-14 09:46:24"}}
{"target": 8.375, "params": {"beta_enc": 0.2202839877937276, "gamma_fc": 0.2867116496064306, "beta_rec": 0.3020967312900983, "cue_position": 0.0, "gamma_cf": 0.5431664302380945}, "datetime": {"elapsed": 44.294974, "delta": 0.345802, "datetime": "2020-06-14 09:46:24"}}
{"target": 8.0, "params": {"beta_enc": 0.13835468979294652, "gamma_fc": 0.45736018169099846, "beta_rec": 0.29014446310454167, "cue_position": 0.0, "gamma_cf": 0.3241385298974466}, "datetime": {"elapsed": 44.634557, "delta": 0.339583, "datetime": "2020-06-14 09:46:24"}}
{"target": 9.375, "params": {"beta_enc": 0.44411710701661444, "gamma_fc": 0.6749716048091052, "beta_rec": 0.8281353607315121, "cue_position": 0.0, "gamma_cf": 0.3456988211755023}, "datetime": {"elapsed": 45.001758, "delta": 0.367201, "datetime": "2020-06-14 09:46:25"}}
{"target": 7.375, "params": {"beta_enc": 0.22148205573352875, "gamma_fc": 0.8773604746948126, "beta_rec": 0.4672458239265538, "cue_position": 0.0, "gamma_cf": 0.6268556021628346}, "datetime": {"elapsed": 45.327475, "delta": 0.325717, "datetime": "2020-06-14 09:46:25"}}
{"target": 10.375, "params": {"beta_enc": 0.4476890001456285, "gamma_fc": 0.13184097502750214, "beta_rec": 0.7844574187919231, "cue_position": 0.0, "gamma_cf": 0.6562293317171314}, "datetime": {"elapsed": 45.713816, "delta": 0.386341, "datetime": "2020-06-14 09:46:26"}}
{"target": 7.5, "params": {"beta_enc": 0.43298150696764814, "gamma_fc": 0.5047006080958943, "beta_rec": 0.9093119886549367, "cue_position": 0.0, "gamma_cf": 0.7667745872371021}, "datetime": {"elapsed": 46.041002, "delta": 0.327186, "datetime": "2020-06-14 09:46:26"}}
{"target": 6.875, "params": {"beta_enc": 0.49805562482800747, "gamma_fc": 0.9427625754329493, "beta_rec": 0.8428998401928499, "cue_position": 0.0, "gamma_cf": 0.5732722715496846}, "datetime": {"elapsed": 46.356236, "delta": 0.315234, "datetime": "2020-06-14 09:46:26"}}
{"target": 5.5, "params": {"beta_enc": 0.5178600481723219, "gamma_fc": 0.700726036482538, "beta_rec": 0.1944658095278845, "cue_position": 0.0, "gamma_cf": 0.25163914235585283}, "datetime": {"elapsed": 46.645039, "delta": 0.288803, "datetime": "2020-06-14 09:46:26"}}
{"target": 11.5, "params": {"beta_enc": 0.5402609403968999, "gamma_fc": 0.007932876194523097, "beta_rec": 0.9488362882802196, "cue_position": 0.0, "gamma_cf": 0.8379779620477293}, "datetime": {"elapsed": 47.056541, "delta": 0.411502, "datetime": "2020-06-14 09:46:27"}}
{"target": 1.5, "params": {"beta_enc": 0.989340056166638, "gamma_fc": 0.008939102371245067, "beta_rec": 0.07771457033238649, "cue_position": 0.0, "gamma_cf": 0.9461523954567653}, "datetime": {"elapsed": 47.260015, "delta": 0.203474, "datetime": "2020-06-14 09:46:27"}}
{"target": 6.875, "params": {"beta_enc": 0.8227300054219355, "gamma_fc": 0.8026895196332986, "beta_rec": 0.8612116383667944, "cue_position": 0.0, "gamma_cf": 0.2557451938059312}, "datetime": {"elapsed": 47.573691, "delta": 0.313676, "datetime": "2020-06-14 09:46:27"}}
{"target": 4.875, "params": {"beta_enc": 0.47786200443222115, "gamma_fc": 0.49154515001693533, "beta_rec": 0.13433860865569613, "cue_position": 0.0, "gamma_cf": 0.8959699670066484}, "datetime": {"elapsed": 47.845282, "delta": 0.271591, "datetime": "2020-06-14 09:46:28"}}
{"target": 4.75, "params": {"beta_enc": 0.8567024965177922, "gamma_fc": 0.5057420174508104, "beta_rec": 0.41857802576409864, "cue_position": 0.0, "gamma_cf": 0.39799063940792245}, "datetime": {"elapsed": 48.115301, "delta": 0.270019, "datetime": "2020-06-14 09:46:28"}}
{"target": 8.625, "params": {"beta_enc": 0.1895517028339273, "gamma_fc": 0.1443154002290481, "beta_rec": 0.9649889241109139, "cue_position": 0.0, "gamma_cf": 0.10345955611640134}, "datetime": {"elapsed": 48.464563, "delta": 0.349262, "datetime": "2020-06-14 09:46:28"}}
{"target": 7.125, "params": {"beta_enc": 0.014092294192442956, "gamma_fc": 0.5070799232841364, "beta_rec": 0.7159456994623945, "cue_position": 0.0, "gamma_cf": 0.7945783511847522}, "datetime": {"elapsed": 48.785031, "delta": 0.320468, "datetime": "2020-06-14 09:46:29"}}
{"target": 7.625, "params": {"beta_enc": 0.7918210395041538, "gamma_fc": 0.6477706331874812, "beta_rec": 0.6957642142718394, "cue_position": 0.0, "gamma_cf": 0.4064828689770863}, "datetime": {"elapsed": 49.11638, "delta": 0.331349, "datetime": "2020-06-14 09:46:29"}}
{"target": 7.0, "params": {"beta_enc": 0.1797942976929744, "gamma_fc": 0.2414187479655988, "beta_rec": 0.321819963387904, "cue_position": 0.0, "gamma_cf": 0.4086372250132624}, "datetime": {"elapsed": 49.43475, "delta": 0.31837, "datetime": "2020-06-14 09:46:29"}}
{"target": 8.25, "params": {"beta_enc": 0.4069219941293579, "gamma_fc": 0.6363061258559836, "beta_rec": 0.9752223424373121, "cue_position": 0.0, "gamma_cf": 0.9824909449748953}, "datetime": {"elapsed": 49.777573, "delta": 0.342823, "datetime": "2020-06-14 09:46:30"}}
{"target": 7.25, "params": {"beta_enc": 0.375091018393911, "gamma_fc": 0.7928556779768876, "beta_rec": 0.8574844990835966, "cue_position": 0.0, "gamma_cf": 0.25203308013083936}, "datetime": {"elapsed": 50.099343, "delta": 0.32177, "datetime": "2020-06-14 09:46:30"}}
{"target": 7.625, "params": {"beta_enc": 0.43293850873416306, "gamma_fc": 0.26865012390622656, "beta_rec": 0.3575111673304414, "cue_position": 0.0, "gamma_cf": 0.6973688756131394}, "datetime": {"elapsed": 50.428236, "delta": 0.328893, "datetime": "2020-06-14 09:46:30"}}
{"target": 4.5, "params": {"beta_enc": 0.8082780137053801, "gamma_fc": 0.8553564125953698, "beta_rec": 0.2952887943998478, "cue_position": 0.0, "gamma_cf": 0.4879214918052024}, "datetime": {"elapsed": 50.693182, "delta": 0.264946, "datetime": "2020-06-14 09:46:30"}}
{"target": 2.5, "params": {"beta_enc": 0.8883864343953859, "gamma_fc": 0.4461172190344297, "beta_rec": 0.18438444236776674, "cue_position": 0.0, "gamma_cf": 0.8982050460171371}, "datetime": {"elapsed": 50.91797, "delta": 0.224788, "datetime": "2020-06-14 09:46:31"}}
{"target": 2.875, "params": {"beta_enc": 0.9218683054838154, "gamma_fc": 0.2282057333504841, "beta_rec": 0.2789908904569709, "cue_position": 0.0, "gamma_cf": 0.6824537097668154}, "datetime": {"elapsed": 51.152678, "delta": 0.234708, "datetime": "2020-06-14 09:46:31"}}
