{"target": 12.625, "params": {"gamma_cf": 0.34302810983040655, "cue_position": 16.0, "beta_rec": 0.4167239623706961, "gamma_fc": 0.7797442954825999, "beta_enc": 0.013767512557716799}, "datetime": {"delta": 0.41994, "datetime": "2020-06-14 13:00:36", "elapsed": 56.291408}}
{"target": 10.75, "params": {"gamma_cf": 0.716770814146376, "cue_position": 16.0, "beta_rec": 0.34195283630245243, "gamma_fc": 0.6993076236968142, "beta_enc": 0.17473631282740743}, "datetime": {"delta": 0.384136, "datetime": "2020-06-14 13:00:37", "elapsed": 56.675544}}
{"target": 9.125, "params": {"gamma_cf": 0.22729754091594956, "cue_position": 16.0, "beta_rec": 0.25339603448629966, "gamma_fc": 0.4246491159313397, "beta_enc": 0.6884973179489188}, "datetime": {"delta": 0.350302, "datetime": "2020-06-14 13:00:37", "elapsed": 57.025846}}
{"target": 9.375, "params": {"gamma_cf": 0.6316466268659396, "cue_position": 16.0, "beta_rec": 0.3553079116201222, "gamma_fc": 0.7073166026816995, "beta_enc": 0.37192212166768723}, "datetime": {"delta": 0.358031, "datetime": "2020-06-14 13:00:37", "elapsed": 57.383877}}
{"target": 7.375, "params": {"gamma_cf": 0.14944679893886248, "cue_position": 16.0, "beta_rec": 0.6483127561631246, "gamma_fc": 0.5141750435258828, "beta_enc": 0.6135886945028356}, "datetime": {"delta": 0.317551, "datetime": "2020-06-14 13:00:38", "elapsed": 57.701428}}
{"target": 9.125, "params": {"gamma_cf": 0.42893233402990294, "cue_position": 16.0, "beta_rec": 0.18395344154722204, "gamma_fc": 0.4972891859195163, "beta_enc": 0.8753327263545391}, "datetime": {"delta": 0.353865, "datetime": "2020-06-14 13:00:38", "elapsed": 58.055293}}
{"target": 10.375, "params": {"gamma_cf": 0.844526943229479, "cue_position": 16.0, "beta_rec": 0.34244064113481054, "gamma_fc": 0.8003322457764017, "beta_enc": 0.16151077048601192}, "datetime": {"delta": 0.376196, "datetime": "2020-06-14 13:00:38", "elapsed": 58.431489}}
{"target": 9.875, "params": {"gamma_cf": 0.5096132942175586, "cue_position": 16.0, "beta_rec": 0.6070154607890389, "gamma_fc": 0.29694708578690454, "beta_enc": 0.4266391582681436}, "datetime": {"delta": 0.368329, "datetime": "2020-06-14 13:00:39", "elapsed": 58.799818}}
{"target": 8.125, "params": {"gamma_cf": 0.12475130006917923, "cue_position": 16.0, "beta_rec": 0.6715983809063899, "gamma_fc": 0.4705878794988857, "beta_enc": 0.8596509535692011}, "datetime": {"delta": 0.333908, "datetime": "2020-06-14 13:00:39", "elapsed": 59.133726}}
{"target": 10.125, "params": {"gamma_cf": 0.15172487103197363, "cue_position": 16.0, "beta_rec": 0.9482991740726651, "gamma_fc": 0.639126848719905, "beta_enc": 0.9865727795868815}, "datetime": {"delta": 0.374888, "datetime": "2020-06-14 13:00:39", "elapsed": 59.508614}}
{"target": 10.0, "params": {"gamma_cf": 0.5992697556580301, "cue_position": 16.0, "beta_rec": 0.468665837661252, "gamma_fc": 0.8499698885159654, "beta_enc": 0.5656621125439275}, "datetime": {"delta": 0.369066, "datetime": "2020-06-14 13:00:40", "elapsed": 59.87768}}
{"target": 9.875, "params": {"gamma_cf": 0.06473998344154885, "cue_position": 16.0, "beta_rec": 0.579360540297233, "gamma_fc": 0.9913465087318091, "beta_enc": 0.7511210403719374}, "datetime": {"delta": 0.36609, "datetime": "2020-06-14 13:00:40", "elapsed": 60.24377}}
{"target": 11.25, "params": {"gamma_cf": 0.10750887618516769, "cue_position": 16.0, "beta_rec": 0.19949554613856135, "gamma_fc": 0.6236704109977018, "beta_enc": 0.05299454266798953}, "datetime": {"delta": 0.392503, "datetime": "2020-06-14 13:00:41", "elapsed": 60.636273}}
{"target": 10.125, "params": {"gamma_cf": 0.7035193311050811, "cue_position": 16.0, "beta_rec": 0.28462388100694214, "gamma_fc": 0.668456167589482, "beta_enc": 0.047992564048867314}, "datetime": {"delta": 0.370652, "datetime": "2020-06-14 13:00:41", "elapsed": 61.006925}}
{"target": 9.375, "params": {"gamma_cf": 0.34037929076546725, "cue_position": 16.0, "beta_rec": 0.1881942600298212, "gamma_fc": 0.7953011674056428, "beta_enc": 0.3785805932506022}, "datetime": {"delta": 0.357655, "datetime": "2020-06-14 13:00:41", "elapsed": 61.36458}}
{"target": 9.0, "params": {"gamma_cf": 0.6442320198790318, "cue_position": 16.0, "beta_rec": 0.5256694443509794, "gamma_fc": 0.3506565024321674, "beta_enc": 0.4879009391796203}, "datetime": {"delta": 0.34781, "datetime": "2020-06-14 13:00:42", "elapsed": 61.71239}}
{"target": 9.875, "params": {"gamma_cf": 0.46978904008636024, "cue_position": 16.0, "beta_rec": 0.4338833762117006, "gamma_fc": 0.9794833541798064, "beta_enc": 0.2292050272920657}, "datetime": {"delta": 0.367185, "datetime": "2020-06-14 13:00:42", "elapsed": 62.079575}}
{"target": 9.125, "params": {"gamma_cf": 0.8891310891074828, "cue_position": 16.0, "beta_rec": 0.7744101333360395, "gamma_fc": 0.354952851149572, "beta_enc": 0.36437807036823044}, "datetime": {"delta": 0.352607, "datetime": "2020-06-14 13:00:42", "elapsed": 62.432182}}
{"target": 10.25, "params": {"gamma_cf": 0.9507534280610023, "cue_position": 16.0, "beta_rec": 0.9110192396569683, "gamma_fc": 0.5564069156709253, "beta_enc": 0.24551868018650747}, "datetime": {"delta": 0.375153, "datetime": "2020-06-14 13:00:43", "elapsed": 62.807335}}
{"target": 7.75, "params": {"gamma_cf": 0.5167063597676121, "cue_position": 16.0, "beta_rec": 0.9950523223391111, "gamma_fc": 0.03109707545554785, "beta_enc": 0.3763632166870875}, "datetime": {"delta": 0.325734, "datetime": "2020-06-14 13:00:43", "elapsed": 63.133069}}
{"target": 8.5, "params": {"gamma_cf": 0.9809236757505815, "cue_position": 16.0, "beta_rec": 0.18046850899511557, "gamma_fc": 0.8749025512123809, "beta_enc": 0.5711757391862334}, "datetime": {"delta": 0.340253, "datetime": "2020-06-14 13:00:43", "elapsed": 63.473322}}
{"target": 8.875, "params": {"gamma_cf": 0.4948430841825636, "cue_position": 16.0, "beta_rec": 0.7084608700517172, "gamma_fc": 0.5285334901775651, "beta_enc": 0.45183624942087064}, "datetime": {"delta": 0.347763, "datetime": "2020-06-14 13:00:44", "elapsed": 63.821085}}
{"target": 10.625, "params": {"gamma_cf": 0.7268937533445626, "cue_position": 16.0, "beta_rec": 0.36939992561190627, "gamma_fc": 0.4770129944022632, "beta_enc": 0.1507843983721926}, "datetime": {"delta": 0.380811, "datetime": "2020-06-14 13:00:44", "elapsed": 64.201896}}
{"target": 9.375, "params": {"gamma_cf": 0.4090908319168599, "cue_position": 16.0, "beta_rec": 0.8859979711653513, "gamma_fc": 0.26889202221264585, "beta_enc": 0.44887883670676554}, "datetime": {"delta": 0.356499, "datetime": "2020-06-14 13:00:45", "elapsed": 64.558395}}
{"target": 8.375, "params": {"gamma_cf": 0.29115394055242805, "cue_position": 16.0, "beta_rec": 0.4181361337253158, "gamma_fc": 0.5035095098483965, "beta_enc": 0.07201203516976995}, "datetime": {"delta": 0.3349, "datetime": "2020-06-14 13:00:45", "elapsed": 64.893295}}
{"target": 7.25, "params": {"gamma_cf": 0.49993237109919997, "cue_position": 16.0, "beta_rec": 0.10938291419358459, "gamma_fc": 0.777098229275783, "beta_enc": 0.9659330650197223}, "datetime": {"delta": 0.314381, "datetime": "2020-06-14 13:00:45", "elapsed": 65.207676}}
{"target": 9.375, "params": {"gamma_cf": 0.7969622519799001, "cue_position": 16.0, "beta_rec": 0.08320263643587555, "gamma_fc": 0.1916757389098901, "beta_enc": 0.14360699787420927}, "datetime": {"delta": 0.357748, "datetime": "2020-06-14 13:00:46", "elapsed": 65.565424}}
{"target": 8.375, "params": {"gamma_cf": 0.016715589077006432, "cue_position": 16.0, "beta_rec": 0.2902979970618682, "gamma_fc": 0.3986590599223787, "beta_enc": 0.767777192147274}, "datetime": {"delta": 0.33848, "datetime": "2020-06-14 13:00:46", "elapsed": 65.903904}}
{"target": 6.5, "params": {"gamma_cf": 0.15260398704227185, "cue_position": 16.0, "beta_rec": 0.6593449361953647, "gamma_fc": 0.016575882900934147, "beta_enc": 0.38108149129345237}, "datetime": {"delta": 0.297075, "datetime": "2020-06-14 13:00:46", "elapsed": 66.200979}}
{"target": 11.625, "params": {"gamma_cf": 0.32102631416731586, "cue_position": 16.0, "beta_rec": 0.6517892760100904, "gamma_fc": 0.5579119942437725, "beta_enc": 0.11379635644740682}, "datetime": {"delta": 0.40475, "datetime": "2020-06-14 13:00:47", "elapsed": 66.605729}}
{"target": 7.25, "params": {"gamma_cf": 0.9182585891320579, "cue_position": 16.0, "beta_rec": 0.8344865140180296, "gamma_fc": 0.03972870668308481, "beta_enc": 0.9934604630998499}, "datetime": {"delta": 0.314669, "datetime": "2020-06-14 13:00:47", "elapsed": 66.920398}}
{"target": 10.25, "params": {"gamma_cf": 0.9372520621284489, "cue_position": 16.0, "beta_rec": 0.4740062899880546, "gamma_fc": 0.48956496114516856, "beta_enc": 0.07033344161552524}, "datetime": {"delta": 0.376117, "datetime": "2020-06-14 13:00:47", "elapsed": 67.296515}}
{"target": 8.125, "params": {"gamma_cf": 0.8770343892703519, "cue_position": 16.0, "beta_rec": 0.8952603657312208, "gamma_fc": 0.25358174937162836, "beta_enc": 0.5396491100933506}, "datetime": {"delta": 0.331901, "datetime": "2020-06-14 13:00:48", "elapsed": 67.628416}}
{"target": 11.375, "params": {"gamma_cf": 0.22012867402698122, "cue_position": 16.0, "beta_rec": 0.32836139008759013, "gamma_fc": 0.6714291710812733, "beta_enc": 0.27380970415810857}, "datetime": {"delta": 0.400506, "datetime": "2020-06-14 13:00:48", "elapsed": 68.028922}}
{"target": 9.0, "params": {"gamma_cf": 0.23686870355699852, "cue_position": 16.0, "beta_rec": 0.09410027449963942, "gamma_fc": 0.3860040110225955, "beta_enc": 0.1427932828030004}, "datetime": {"delta": 0.350874, "datetime": "2020-06-14 13:00:48", "elapsed": 68.379796}}
{"target": 9.5, "params": {"gamma_cf": 0.8741259355980283, "cue_position": 16.0, "beta_rec": 0.52580196995147, "gamma_fc": 0.9511356184186921, "beta_enc": 0.5715420927253323}, "datetime": {"delta": 0.360549, "datetime": "2020-06-14 13:00:49", "elapsed": 68.740345}}
{"target": 9.875, "params": {"gamma_cf": 0.3394167240176095, "cue_position": 16.0, "beta_rec": 0.2838018349468743, "gamma_fc": 0.5546673107876667, "beta_enc": 0.8125073041746718}, "datetime": {"delta": 0.366715, "datetime": "2020-06-14 13:00:49", "elapsed": 69.10706}}
{"target": 8.0, "params": {"gamma_cf": 0.3259672073089859, "cue_position": 16.0, "beta_rec": 0.3117029177189814, "gamma_fc": 0.7744772660150796, "beta_enc": 0.9744034689130026}, "datetime": {"delta": 0.32918, "datetime": "2020-06-14 13:00:49", "elapsed": 69.43624}}
{"target": 10.625, "params": {"gamma_cf": 0.7626320954451107, "cue_position": 16.0, "beta_rec": 0.889827341447375, "gamma_fc": 0.46947902855992574, "beta_enc": 0.3258099666132048}, "datetime": {"delta": 0.383042, "datetime": "2020-06-14 13:00:50", "elapsed": 69.819282}}
{"target": 10.0, "params": {"gamma_cf": 0.03711266449399442, "cue_position": 16.0, "beta_rec": 0.041475079576498874, "gamma_fc": 0.6938554113738997, "beta_enc": 0.21076450246870537}, "datetime": {"delta": 0.3686, "datetime": "2020-06-14 13:00:50", "elapsed": 70.187882}}
{"target": 6.25, "params": {"gamma_cf": 0.5360084947395637, "cue_position": 16.0, "beta_rec": 0.430471782744975, "gamma_fc": 0.03985992663545257, "beta_enc": 0.6703500319361684}, "datetime": {"delta": 0.295725, "datetime": "2020-06-14 13:00:50", "elapsed": 70.483607}}
{"target": 9.625, "params": {"gamma_cf": 0.05231294643747675, "cue_position": 16.0, "beta_rec": 0.19341639901491836, "gamma_fc": 0.6051167805003662, "beta_enc": 0.13479311796067905}, "datetime": {"delta": 0.361343, "datetime": "2020-06-14 13:00:51", "elapsed": 70.84495}}
{"target": 8.125, "params": {"gamma_cf": 0.8477004682374377, "cue_position": 16.0, "beta_rec": 0.6174610120171561, "gamma_fc": 0.4540590560591513, "beta_enc": 0.5120610275239188}, "datetime": {"delta": 0.331216, "datetime": "2020-06-14 13:00:51", "elapsed": 71.176166}}
{"target": 10.875, "params": {"gamma_cf": 0.823003040648471, "cue_position": 16.0, "beta_rec": 0.8730681484470995, "gamma_fc": 0.9517756930338517, "beta_enc": 0.015403519791920894}, "datetime": {"delta": 0.388181, "datetime": "2020-06-14 13:00:52", "elapsed": 71.564347}}
{"target": 9.375, "params": {"gamma_cf": 0.4216578860324509, "cue_position": 16.0, "beta_rec": 0.23507186409101455, "gamma_fc": 0.863829145501452, "beta_enc": 0.050912383516887205}, "datetime": {"delta": 0.355106, "datetime": "2020-06-14 13:00:52", "elapsed": 71.919453}}
{"target": 10.125, "params": {"gamma_cf": 0.7728856021671178, "cue_position": 16.0, "beta_rec": 0.4731119528858785, "gamma_fc": 0.8414221567958434, "beta_enc": 0.0816239827150681}, "datetime": {"delta": 0.372735, "datetime": "2020-06-14 13:00:52", "elapsed": 72.292188}}
{"target": 11.375, "params": {"gamma_cf": 0.9524737816932592, "cue_position": 16.0, "beta_rec": 0.48644074317039476, "gamma_fc": 0.9438926277837961, "beta_enc": 0.04329093818615859}, "datetime": {"delta": 0.397326, "datetime": "2020-06-14 13:00:53", "elapsed": 72.689514}}
{"target": 9.125, "params": {"gamma_cf": 0.8978507176676818, "cue_position": 16.0, "beta_rec": 0.9734873973251963, "gamma_fc": 0.4345949734085095, "beta_enc": 0.6139340023847009}, "datetime": {"delta": 0.351313, "datetime": "2020-06-14 13:00:53", "elapsed": 73.040827}}
{"target": 9.75, "params": {"gamma_cf": 0.06491158533912933, "cue_position": 16.0, "beta_rec": 0.9408279632013994, "gamma_fc": 0.8704248568230661, "beta_enc": 0.23581463714751372}, "datetime": {"delta": 0.362908, "datetime": "2020-06-14 13:00:53", "elapsed": 73.403735}}
{"target": 9.75, "params": {"gamma_cf": 0.2534390424997808, "cue_position": 16.0, "beta_rec": 0.6049268729742817, "gamma_fc": 0.6004889552745444, "beta_enc": 0.7013802946333463}, "datetime": {"delta": 0.3636, "datetime": "2020-06-14 13:00:54", "elapsed": 73.767335}}
{"target": 6.0, "params": {"gamma_cf": 0.8424458099564136, "cue_position": 16.0, "beta_rec": 0.05411366032399989, "gamma_fc": 0.6183458693278855, "beta_enc": 0.8146191812616553}, "datetime": {"delta": 0.290027, "datetime": "2020-06-14 13:00:54", "elapsed": 74.057362}}
{"target": 7.375, "params": {"gamma_cf": 0.8726861649194619, "cue_position": 16.0, "beta_rec": 0.2482907289970986, "gamma_fc": 0.42166593484970927, "beta_enc": 0.531287810481058}, "datetime": {"delta": 0.318261, "datetime": "2020-06-14 13:00:54", "elapsed": 74.375623}}
{"target": 10.375, "params": {"gamma_cf": 0.8262275354923914, "cue_position": 16.0, "beta_rec": 0.8969850695075825, "gamma_fc": 0.8817706230828073, "beta_enc": 0.0644302555796068}, "datetime": {"delta": 0.37657, "datetime": "2020-06-14 13:00:55", "elapsed": 74.752193}}
{"target": 10.0, "params": {"gamma_cf": 0.624821294185499, "cue_position": 16.0, "beta_rec": 0.5984646931046363, "gamma_fc": 0.8550417213473515, "beta_enc": 0.48675074481833813}, "datetime": {"delta": 0.369673, "datetime": "2020-06-14 13:00:55", "elapsed": 75.121866}}
{"target": 8.625, "params": {"gamma_cf": 0.11510304096690338, "cue_position": 16.0, "beta_rec": 0.8837555081806009, "gamma_fc": 0.22700116521465796, "beta_enc": 0.2821394484048606}, "datetime": {"delta": 0.341828, "datetime": "2020-06-14 13:00:55", "elapsed": 75.463694}}
{"target": 10.125, "params": {"gamma_cf": 0.16184771412383514, "cue_position": 16.0, "beta_rec": 0.23944623690468037, "gamma_fc": 0.8448725182357391, "beta_enc": 0.5959823856130138}, "datetime": {"delta": 0.371984, "datetime": "2020-06-14 13:00:56", "elapsed": 75.835678}}
{"target": 9.125, "params": {"gamma_cf": 0.5956250981349497, "cue_position": 16.0, "beta_rec": 0.9635670871883419, "gamma_fc": 0.5989852889734197, "beta_enc": 0.6021836538927108}, "datetime": {"delta": 0.353478, "datetime": "2020-06-14 13:00:56", "elapsed": 76.189156}}
{"target": 6.375, "params": {"gamma_cf": 0.9482094981876252, "cue_position": 16.0, "beta_rec": 0.05917720718572239, "gamma_fc": 0.5346790571795887, "beta_enc": 0.6157042872039488}, "datetime": {"delta": 0.298575, "datetime": "2020-06-14 13:00:56", "elapsed": 76.487731}}
{"target": 10.0, "params": {"gamma_cf": 0.32825610365078084, "cue_position": 16.0, "beta_rec": 0.7529259149799422, "gamma_fc": 0.9176063476443932, "beta_enc": 0.1925560209550684}, "datetime": {"delta": 0.37095, "datetime": "2020-06-14 13:00:57", "elapsed": 76.858681}}
{"target": 10.0, "params": {"gamma_cf": 0.822578152523871, "cue_position": 16.0, "beta_rec": 0.8551902839041353, "gamma_fc": 0.8794835234293169, "beta_enc": 0.5883673328938768}, "datetime": {"delta": 0.370705, "datetime": "2020-06-14 13:00:57", "elapsed": 77.229386}}
{"target": 9.0, "params": {"gamma_cf": 0.44034708683123824, "cue_position": 16.0, "beta_rec": 0.12295477155217849, "gamma_fc": 0.1267357091420086, "beta_enc": 0.3209863745244532}, "datetime": {"delta": 0.351327, "datetime": "2020-06-14 13:00:58", "elapsed": 77.580713}}
{"target": 6.625, "params": {"gamma_cf": 0.7883011896679689, "cue_position": 16.0, "beta_rec": 0.03606831456985993, "gamma_fc": 0.012096760015357866, "beta_enc": 0.5898236481098892}, "datetime": {"delta": 0.302546, "datetime": "2020-06-14 13:00:58", "elapsed": 77.883259}}
{"target": 10.5, "params": {"gamma_cf": 0.5820299763434618, "cue_position": 16.0, "beta_rec": 0.021375961088070716, "gamma_fc": 0.29337627848605663, "beta_enc": 0.3033456717085691}, "datetime": {"delta": 0.380119, "datetime": "2020-06-14 13:00:58", "elapsed": 78.263378}}
{"target": 7.0, "params": {"gamma_cf": 0.5878715062961865, "cue_position": 16.0, "beta_rec": 0.5071194235482045, "gamma_fc": 0.2641376442105696, "beta_enc": 0.9289494618931157}, "datetime": {"delta": 0.309429, "datetime": "2020-06-14 13:00:59", "elapsed": 78.572807}}
{"target": 10.125, "params": {"gamma_cf": 0.5845472661166298, "cue_position": 16.0, "beta_rec": 0.37165457672418245, "gamma_fc": 0.6958461339323264, "beta_enc": 0.3052882993474333}, "datetime": {"delta": 0.371985, "datetime": "2020-06-14 13:00:59", "elapsed": 78.944792}}
{"target": 10.375, "params": {"gamma_cf": 0.8061631629534083, "cue_position": 16.0, "beta_rec": 0.9710833196254638, "gamma_fc": 0.7516404040812905, "beta_enc": 0.07194722016400112}, "datetime": {"delta": 0.377202, "datetime": "2020-06-14 13:00:59", "elapsed": 79.321994}}
{"target": 9.875, "params": {"gamma_cf": 0.6724726505249299, "cue_position": 16.0, "beta_rec": 0.48169628302117706, "gamma_fc": 0.4487372588243219, "beta_enc": 0.0800609772712173}, "datetime": {"delta": 0.365237, "datetime": "2020-06-14 13:01:00", "elapsed": 79.687231}}
{"target": 7.875, "params": {"gamma_cf": 0.6186007425615364, "cue_position": 16.0, "beta_rec": 0.6816453376026229, "gamma_fc": 0.15098073327964578, "beta_enc": 0.7043133983839096}, "datetime": {"delta": 0.326201, "datetime": "2020-06-14 13:01:00", "elapsed": 80.013432}}
{"target": 8.625, "params": {"gamma_cf": 0.23376869260410593, "cue_position": 16.0, "beta_rec": 0.781045822193957, "gamma_fc": 0.17667889307234141, "beta_enc": 0.760802456305756}, "datetime": {"delta": 0.340786, "datetime": "2020-06-14 13:01:00", "elapsed": 80.354218}}
{"target": 9.375, "params": {"gamma_cf": 0.6135258996684316, "cue_position": 16.0, "beta_rec": 0.3205646539951602, "gamma_fc": 0.7600017523497489, "beta_enc": 0.3910991231067624}, "datetime": {"delta": 0.358099, "datetime": "2020-06-14 13:01:01", "elapsed": 80.712317}}
{"target": 9.125, "params": {"gamma_cf": 0.3734071317371953, "cue_position": 16.0, "beta_rec": 0.09944056291558923, "gamma_fc": 0.19384776750950716, "beta_enc": 0.4276650996969642}, "datetime": {"delta": 0.352251, "datetime": "2020-06-14 13:01:01", "elapsed": 81.064568}}
{"target": 7.125, "params": {"gamma_cf": 0.4911099613042962, "cue_position": 16.0, "beta_rec": 0.5996360084237168, "gamma_fc": 0.08817368124218106, "beta_enc": 0.8207464986229382}, "datetime": {"delta": 0.311052, "datetime": "2020-06-14 13:01:01", "elapsed": 81.37562}}
{"target": 9.375, "params": {"gamma_cf": 0.0254762357788203, "cue_position": 16.0, "beta_rec": 0.461602080891622, "gamma_fc": 0.7293976982561526, "beta_enc": 0.23507763668617032}, "datetime": {"delta": 0.356513, "datetime": "2020-06-14 13:01:02", "elapsed": 81.732133}}
{"target": 7.375, "params": {"gamma_cf": 0.42844247595107343, "cue_position": 16.0, "beta_rec": 0.33039174636170277, "gamma_fc": 0.8646861447635343, "beta_enc": 0.7249167472191191}, "datetime": {"delta": 0.31944, "datetime": "2020-06-14 13:01:02", "elapsed": 82.051573}}
{"target": 8.625, "params": {"gamma_cf": 0.5295466104783949, "cue_position": 16.0, "beta_rec": 0.5810356574180902, "gamma_fc": 0.8944324184275724, "beta_enc": 0.6570654246228895}, "datetime": {"delta": 0.34036, "datetime": "2020-06-14 13:01:02", "elapsed": 82.391933}}
{"target": 9.25, "params": {"gamma_cf": 0.32984456268188234, "cue_position": 16.0, "beta_rec": 0.8709456091610533, "gamma_fc": 0.6830743663365642, "beta_enc": 0.30499397583521604}, "datetime": {"delta": 0.357165, "datetime": "2020-06-14 13:01:03", "elapsed": 82.749098}}
{"target": 7.75, "params": {"gamma_cf": 0.1908393632684806, "cue_position": 16.0, "beta_rec": 0.07569688175830336, "gamma_fc": 0.8497689100179306, "beta_enc": 0.8992209495659688}, "datetime": {"delta": 0.323938, "datetime": "2020-06-14 13:01:03", "elapsed": 83.073036}}
{"target": 9.375, "params": {"gamma_cf": 0.6353709614884534, "cue_position": 16.0, "beta_rec": 0.34433919545005387, "gamma_fc": 0.8477880437147416, "beta_enc": 0.6671187886992039}, "datetime": {"delta": 0.361232, "datetime": "2020-06-14 13:01:03", "elapsed": 83.434268}}
{"target": 7.5, "params": {"gamma_cf": 0.5899231270757698, "cue_position": 16.0, "beta_rec": 0.6282395971306578, "gamma_fc": 0.1978327846479193, "beta_enc": 0.8218493747640105}, "datetime": {"delta": 0.320279, "datetime": "2020-06-14 13:01:04", "elapsed": 83.754547}}
{"target": 10.625, "params": {"gamma_cf": 0.38023649611726473, "cue_position": 16.0, "beta_rec": 0.3367459987011673, "gamma_fc": 0.992700873664818, "beta_enc": 0.4293307226164923}, "datetime": {"delta": 0.381872, "datetime": "2020-06-14 13:01:04", "elapsed": 84.136419}}
{"target": 8.625, "params": {"gamma_cf": 0.37030569377388767, "cue_position": 16.0, "beta_rec": 0.17227970147712546, "gamma_fc": 0.12341885981472989, "beta_enc": 0.5188042507334142}, "datetime": {"delta": 0.342279, "datetime": "2020-06-14 13:01:04", "elapsed": 84.478698}}
