{"target": 7.304222222222222, "params": {"enc_rate": 1.0, "k": 3.0, "gamma_fc": 0.30233257263183977, "primacy": 0.4, "beta_rec": 0.7203244934421581, "beta_enc": 0.417022004702574}, "datetime": {"delta": 0.0, "datetime": "2020-10-05 14:27:15", "elapsed": 0.0}}
{"target": 7.513111111111111, "params": {"enc_rate": 1.0, "k": 3.0, "gamma_fc": 0.538816734003357, "primacy": 0.4, "beta_rec": 0.34556072704304774, "beta_enc": 0.1862602113776709}, "datetime": {"delta": 35.15539, "datetime": "2020-10-05 14:27:50", "elapsed": 35.15539}}
{"target": 7.516, "params": {"enc_rate": 1.0, "k": 3.0, "gamma_fc": 0.6704675101784022, "primacy": 0.4, "beta_rec": 0.8781174363909454, "beta_enc": 0.20445224973151743}, "datetime": {"delta": 33.614057, "datetime": "2020-10-05 14:28:24", "elapsed": 68.769447}}
{"target": 7.485333333333332, "params": {"enc_rate": 1.0, "k": 3.0, "gamma_fc": 0.9682615757193975, "primacy": 0.4, "beta_rec": 0.1981014890848788, "beta_enc": 0.14038693859523377}, "datetime": {"delta": 33.568626, "datetime": "2020-10-05 14:28:58", "elapsed": 102.338073}}
{"target": 6.587777777777778, "params": {"enc_rate": 1.0, "k": 3.0, "gamma_fc": 0.03905478323288236, "primacy": 0.4, "beta_rec": 0.8946066635038473, "beta_enc": 0.8763891522960383}, "datetime": {"delta": 30.979373, "datetime": "2020-10-05 14:29:29", "elapsed": 133.317446}}
{"target": 7.549555555555555, "params": {"enc_rate": 1.0, "k": 3.0, "gamma_fc": 0.5331652849730171, "primacy": 0.4, "beta_rec": 0.42110762500505217, "beta_enc": 0.0983468338330501}, "datetime": {"delta": 33.710222, "datetime": "2020-10-05 14:30:02", "elapsed": 167.027668}}
{"target": 6.767111111111111, "params": {"enc_rate": 1.0, "k": 3.0, "gamma_fc": 0.7501443149449675, "primacy": 0.4, "beta_rec": 0.8346256718973729, "beta_enc": 0.6865009276815837}, "datetime": {"delta": 31.5191, "datetime": "2020-10-05 14:30:34", "elapsed": 198.546768}}
{"target": 7.472444444444444, "params": {"enc_rate": 1.0, "k": 3.0, "gamma_fc": 0.44789352617590517, "primacy": 0.4, "beta_rec": 0.7892793284514885, "beta_enc": 0.2804439920644052}, "datetime": {"delta": 33.544734, "datetime": "2020-10-05 14:31:07", "elapsed": 232.091502}}
{"target": 7.467777777777778, "params": {"enc_rate": 1.0, "k": 3.0, "gamma_fc": 0.678835532939891, "primacy": 0.4, "beta_rec": 0.13002857211827767, "beta_enc": 0.28777533858634874}, "datetime": {"delta": 33.482719, "datetime": "2020-10-05 14:31:41", "elapsed": 265.574221}}
{"target": 6.849333333333334, "params": {"enc_rate": 1.0, "k": 3.0, "gamma_fc": 0.14672857490581015, "primacy": 0.4, "beta_rec": 0.053362545117080384, "beta_enc": 0.4915731592803383}, "datetime": {"delta": 31.825184, "datetime": "2020-10-05 14:32:13", "elapsed": 297.399405}}
{"target": 7.502666666666667, "params": {"enc_rate": 1.0, "k": 3.0, "gamma_fc": 0.41417926952690265, "primacy": 0.4, "beta_rec": 0.4140559878195683, "beta_enc": 0.10233442882782584}, "datetime": {"delta": 33.559421, "datetime": "2020-10-05 14:32:46", "elapsed": 330.958826}}
{"target": 6.851777777777778, "params": {"enc_rate": 1.0, "k": 3.0, "gamma_fc": 0.5865550405019929, "primacy": 0.4, "beta_rec": 0.5148891120583086, "beta_enc": 0.6637946452197888}, "datetime": {"delta": 31.771115, "datetime": "2020-10-05 14:33:18", "elapsed": 362.729941}}
{"target": 7.511555555555556, "params": {"enc_rate": 1.0, "k": 3.0, "gamma_fc": 0.16535419711693278, "primacy": 0.4, "beta_rec": 0.8073912887095238, "beta_enc": 0.13927634725075855}, "datetime": {"delta": 33.729413, "datetime": "2020-10-05 14:33:52", "elapsed": 396.459354}}
{"target": 6.485333333333334, "params": {"enc_rate": 1.0, "k": 3.0, "gamma_fc": 0.6236722070556089, "primacy": 0.4, "beta_rec": 0.7259979853504515, "beta_enc": 0.7508121031361555}, "datetime": {"delta": 33.948479, "datetime": "2020-10-05 14:34:26", "elapsed": 430.407833}}
{"target": 7.485333333333332, "params": {"enc_rate": 1.0, "k": 3.0, "gamma_fc": 0.9648400471483856, "primacy": 0.4, "beta_rec": 0.8958862181960668, "beta_enc": 0.2699278917650261}, "datetime": {"delta": 37.003395, "datetime": "2020-10-05 14:35:03", "elapsed": 467.411228}}
{"target": 7.564666666666666, "params": {"enc_rate": 1.0, "k": 3.0, "gamma_fc": 0.5783896143871318, "primacy": 0.4, "beta_rec": 0.9494892587070712, "beta_enc": 0.11474597295337519}, "datetime": {"delta": 37.240559, "datetime": "2020-10-05 14:35:40", "elapsed": 504.651787}}
{"target": 5.329555555555556, "params": {"enc_rate": 1.0, "k": 3.0, "gamma_fc": 0.6171449136207239, "primacy": 0.4, "beta_rec": 0.5736794866722859, "beta_enc": 0.9033795205622538}, "datetime": {"delta": 30.40557, "datetime": "2020-10-05 14:36:10", "elapsed": 535.057357}}
{"target": 5.4142222222222225, "params": {"enc_rate": 1.0, "k": 3.0, "gamma_fc": 0.6233601157918027, "primacy": 0.4, "beta_rec": 0.35726976000249977, "beta_enc": 0.8859420993107745}, "datetime": {"delta": 30.729567, "datetime": "2020-10-05 14:36:41", "elapsed": 565.786924}}
{"target": 6.641999999999999, "params": {"enc_rate": 1.0, "k": 3.0, "gamma_fc": 0.13713574962887776, "primacy": 0.4, "beta_rec": 0.9973228504514805, "beta_enc": 0.690896917516924}, "datetime": {"delta": 34.522244, "datetime": "2020-10-05 14:37:16", "elapsed": 600.309168}}
{"target": 7.538000000000001, "params": {"enc_rate": 1.0, "k": 3.0, "gamma_fc": 0.9230245355464833, "primacy": 0.4, "beta_rec": 0.7554630526024664, "beta_enc": 0.06600017272206249}, "datetime": {"delta": 37.269299, "datetime": "2020-10-05 14:37:53", "elapsed": 637.578467}}
{"target": 7.549777777777777, "params": {"enc_rate": 1.0, "k": 3.0, "gamma_fc": 0.2462110676030459, "primacy": 0.4, "beta_rec": 0.026210986877719278, "beta_enc": 0.01988013383979559}, "datetime": {"delta": 37.296459, "datetime": "2020-10-05 14:38:30", "elapsed": 674.874926}}
{"target": 7.099111111111111, "params": {"enc_rate": 1.0, "k": 3.0, "gamma_fc": 0.2791836790111395, "primacy": 0.4, "beta_rec": 0.8420308923596057, "beta_enc": 0.5528219786857659}, "datetime": {"delta": 35.879404, "datetime": "2020-10-05 14:39:06", "elapsed": 710.75433}}
{"target": 6.444666666666666, "params": {"enc_rate": 1.0, "k": 3.0, "gamma_fc": 0.23297427384102043, "primacy": 0.4, "beta_rec": 0.01864728937294302, "beta_enc": 0.56103021925571}, "datetime": {"delta": 34.098819, "datetime": "2020-10-05 14:39:40", "elapsed": 744.853149}}
{"target": 6.660222222222222, "params": {"enc_rate": 1.0, "k": 3.0, "gamma_fc": 0.13645522566068502, "primacy": 0.4, "beta_rec": 0.7471216427371846, "beta_enc": 0.8635418545594287}, "datetime": {"delta": 34.724514, "datetime": "2020-10-05 14:40:15", "elapsed": 779.577663}}
{"target": 7.50111111111111, "params": {"enc_rate": 1.0, "k": 3.0, "gamma_fc": 0.7129889803826767, "primacy": 0.4, "beta_rec": 0.1074941291060929, "beta_enc": 0.044551878544761725}, "datetime": {"delta": 37.215219, "datetime": "2020-10-05 14:40:52", "elapsed": 816.792882}}
{"target": 7.535333333333334, "params": {"enc_rate": 1.0, "k": 3.0, "gamma_fc": 0.20329323466099047, "primacy": 0.4, "beta_rec": 0.967276330000272, "beta_enc": 0.07197427968948678}, "datetime": {"delta": 37.257019, "datetime": "2020-10-05 14:41:29", "elapsed": 854.049901}}
{"target": 7.496, "params": {"enc_rate": 1.0, "k": 3.0, "gamma_fc": 0.8468288014900353, "primacy": 0.4, "beta_rec": 0.5813589272732578, "beta_enc": 0.1954294811093188}, "datetime": {"delta": 37.169599, "datetime": "2020-10-05 14:42:07", "elapsed": 891.2195}}
{"target": 6.853777777777777, "params": {"enc_rate": 1.0, "k": 3.0, "gamma_fc": 0.018576202177409518, "primacy": 0.4, "beta_rec": 0.8289808995501787, "beta_enc": 0.6199557183813798}, "datetime": {"delta": 35.119771, "datetime": "2020-10-05 14:42:42", "elapsed": 926.339271}}
{"target": 6.974222222222222, "params": {"enc_rate": 1.0, "k": 3.0, "gamma_fc": 0.9886161544124489, "primacy": 0.4, "beta_rec": 0.5688514370864813, "beta_enc": 0.6063294616533303}, "datetime": {"delta": 35.581254, "datetime": "2020-10-05 14:43:17", "elapsed": 961.920525}}
{"target": 7.1288888888888895, "params": {"enc_rate": 1.0, "k": 3.0, "gamma_fc": 0.2649195576628094, "primacy": 0.4, "beta_rec": 0.7453344309065021, "beta_enc": 0.5509482191178968}, "datetime": {"delta": 36.061218, "datetime": "2020-10-05 14:43:53", "elapsed": 997.981743}}
{"target": 6.5200000000000005, "params": {"enc_rate": 1.0, "k": 3.0, "gamma_fc": 0.06653648135411494, "primacy": 0.4, "beta_rec": 0.2101740099148396, "beta_enc": 0.6297175070215645}, "datetime": {"delta": 34.256045, "datetime": "2020-10-05 14:44:28", "elapsed": 1032.237788}}
{"target": 7.521333333333333, "params": {"enc_rate": 1.0, "k": 3.0, "gamma_fc": 0.9248079703993507, "primacy": 0.4, "beta_rec": 0.6394608808799401, "beta_enc": 0.19343428262332774}, "datetime": {"delta": 37.239052, "datetime": "2020-10-05 14:45:05", "elapsed": 1069.47684}}
{"target": 6.439333333333333, "params": {"enc_rate": 1.0, "k": 3.0, "gamma_fc": 0.9319720691968373, "primacy": 0.4, "beta_rec": 0.7721780295432468, "beta_enc": 0.7350659632886695}, "datetime": {"delta": 33.974454, "datetime": "2020-10-05 14:45:39", "elapsed": 1103.451294}}
{"target": 7.032222222222222, "params": {"enc_rate": 1.0, "k": 3.0, "gamma_fc": 0.5566531881951564, "primacy": 0.4, "beta_rec": 0.9490163206876164, "beta_enc": 0.6167783570016576}, "datetime": {"delta": 35.767098, "datetime": "2020-10-05 14:46:15", "elapsed": 1139.218392}}
{"target": 7.410444444444444, "params": {"enc_rate": 1.0, "k": 3.0, "gamma_fc": 0.5495479215085626, "primacy": 0.4, "beta_rec": 0.48599066709690975, "beta_enc": 0.39000771414124624}, "datetime": {"delta": 36.71606, "datetime": "2020-10-05 14:46:51", "elapsed": 1175.934452}}
{"target": 7.261555555555556, "params": {"enc_rate": 1.0, "k": 3.0, "gamma_fc": 0.12632951943963733, "primacy": 0.4, "beta_rec": 0.9632625284407118, "beta_enc": 0.3948756129235549}, "datetime": {"delta": 36.2076, "datetime": "2020-10-05 14:47:27", "elapsed": 1212.142052}}
{"target": 7.642444444444445, "params": {"enc_rate": 1.0, "k": 3.0, "gamma_fc": 0.015018980742122379, "primacy": 0.4, "beta_rec": 0.947970211217681, "beta_enc": 0.021524805274197978}, "datetime": {"delta": 37.305566, "datetime": "2020-10-05 14:48:05", "elapsed": 1249.447618}}
{"target": 7.533555555555556, "params": {"enc_rate": 1.0, "k": 3.0, "gamma_fc": 0.9401074823333672, "primacy": 0.4, "beta_rec": 0.8094906921265821, "beta_enc": 0.1309968448109169}, "datetime": {"delta": 36.976966, "datetime": "2020-10-05 14:48:42", "elapsed": 1286.424584}}
{"target": 6.084666666666666, "params": {"enc_rate": 1.0, "k": 3.0, "gamma_fc": 0.5463468160203733, "primacy": 0.4, "beta_rec": 0.9053923187086492, "beta_enc": 0.8447344453922219}, "datetime": {"delta": 32.681922, "datetime": "2020-10-05 14:49:14", "elapsed": 1319.106506}}
{"target": 7.25688888888889, "params": {"enc_rate": 1.0, "k": 3.0, "gamma_fc": 0.5934814081966372, "primacy": 0.4, "beta_rec": 0.5991103076458784, "beta_enc": 0.4902535226199277}, "datetime": {"delta": 36.112328, "datetime": "2020-10-05 14:49:51", "elapsed": 1355.218834}}
{"target": 7.368444444444444, "params": {"enc_rate": 1.0, "k": 3.0, "gamma_fc": 0.18401020162746506, "primacy": 0.4, "beta_rec": 0.8928887085251513, "beta_enc": 0.31524480309537295}, "datetime": {"delta": 36.509587, "datetime": "2020-10-05 14:50:27", "elapsed": 1391.728421}}
{"target": 7.506, "params": {"enc_rate": 1.0, "k": 3.0, "gamma_fc": 0.9186017779775258, "primacy": 0.4, "beta_rec": 0.4201936800011322, "beta_enc": 0.053909272073752956}, "datetime": {"delta": 36.641062, "datetime": "2020-10-05 14:51:04", "elapsed": 1428.369483}}
{"target": 7.405111111111111, "params": {"enc_rate": 1.0, "k": 3.0, "gamma_fc": 0.828845807980693, "primacy": 0.4, "beta_rec": 0.9737835383583225, "beta_enc": 0.37658031474577447}, "datetime": {"delta": 36.582311, "datetime": "2020-10-05 14:51:40", "elapsed": 1464.951794}}
{"target": 7.447333333333333, "params": {"enc_rate": 1.0, "k": 3.0, "gamma_fc": 0.8583138364290424, "primacy": 0.4, "beta_rec": 0.586833340656083, "beta_enc": 0.28557628169569393}, "datetime": {"delta": 36.687108, "datetime": "2020-10-05 14:52:17", "elapsed": 1501.638902}}
{"target": 5.802, "params": {"enc_rate": 1.0, "k": 3.0, "gamma_fc": 0.45087393641334916, "primacy": 0.4, "beta_rec": 0.32268099683674645, "beta_enc": 0.8644794300545998}, "datetime": {"delta": 31.797816, "datetime": "2020-10-05 14:52:49", "elapsed": 1533.436718}}
{"target": 7.336444444444444, "params": {"enc_rate": 1.0, "k": 3.0, "gamma_fc": 0.43024727082126435, "primacy": 0.4, "beta_rec": 0.3173839459582769, "beta_enc": 0.4014795834695406}, "datetime": {"delta": 36.529406, "datetime": "2020-10-05 14:53:25", "elapsed": 1569.966124}}
{"target": 7.4879999999999995, "params": {"enc_rate": 1.0, "k": 3.0, "gamma_fc": 0.7976388039585666, "primacy": 0.4, "beta_rec": 0.4267010093480328, "beta_enc": 0.19856988842711087}, "datetime": {"delta": 36.931845, "datetime": "2020-10-05 14:54:02", "elapsed": 1606.897969}}
{"target": 6.5697777777777775, "params": {"enc_rate": 1.0, "k": 3.0, "gamma_fc": 0.8548979426974024, "primacy": 0.4, "beta_rec": 0.2702082620297578, "beta_enc": 0.6627198123752622}, "datetime": {"delta": 34.176248, "datetime": "2020-10-05 14:54:36", "elapsed": 1641.074217}}
{"target": 7.095999999999999, "params": {"enc_rate": 1.0, "k": 3.0, "gamma_fc": 0.770883910501888, "primacy": 0.4, "beta_rec": 0.7331425252875111, "beta_enc": 0.5724885171916063}, "datetime": {"delta": 35.840213, "datetime": "2020-10-05 14:55:12", "elapsed": 1676.91443}}
{"target": 7.32088888888889, "params": {"enc_rate": 1.0, "k": 3.0, "gamma_fc": 0.07962607769825236, "primacy": 0.4, "beta_rec": 0.06820934841670412, "beta_enc": 0.3426889079532818}, "datetime": {"delta": 36.519664, "datetime": "2020-10-05 14:55:49", "elapsed": 1713.434094}}
{"target": 6.256666666666666, "params": {"enc_rate": 1.0, "k": 3.0, "gamma_fc": 0.5694944127453757, "primacy": 0.4, "beta_rec": 0.8749616449558981, "beta_enc": 0.8118586977205398}, "datetime": {"delta": 33.183789, "datetime": "2020-10-05 14:56:22", "elapsed": 1746.617883}}
{"target": 7.383555555555556, "params": {"enc_rate": 1.0, "k": 3.0, "gamma_fc": 0.31226983770191696, "primacy": 0.4, "beta_rec": 0.2250399578140846, "beta_enc": 0.345172051155215}, "datetime": {"delta": 36.625012, "datetime": "2020-10-05 14:56:59", "elapsed": 1783.242895}}
{"target": 7.4588888888888905, "params": {"enc_rate": 1.0, "k": 3.0, "gamma_fc": 0.49958417067888605, "primacy": 0.4, "beta_rec": 0.1108913007440292, "beta_enc": 0.2571182937821962}, "datetime": {"delta": 36.790568, "datetime": "2020-10-05 14:57:35", "elapsed": 1820.033463}}
{"target": 7.482444444444445, "params": {"enc_rate": 1.0, "k": 3.0, "gamma_fc": 0.6166850671552362, "primacy": 0.4, "beta_rec": 0.851671874936367, "beta_enc": 0.24803355837723073}, "datetime": {"delta": 36.795127, "datetime": "2020-10-05 14:58:12", "elapsed": 1856.82859}}
{"target": 7.1962222222222225, "params": {"enc_rate": 1.0, "k": 3.0, "gamma_fc": 0.6218062317404155, "primacy": 0.4, "beta_rec": 0.47714098704978236, "beta_enc": 0.5158570169685298}, "datetime": {"delta": 36.06512, "datetime": "2020-10-05 14:58:48", "elapsed": 1892.89371}}
{"target": 7.54688888888889, "params": {"enc_rate": 1.0, "k": 3.0, "gamma_fc": 0.519351824366033, "primacy": 0.4, "beta_rec": 0.7515278171352439, "beta_enc": 0.1445455401246598}, "datetime": {"delta": 36.954526, "datetime": "2020-10-05 14:59:25", "elapsed": 1929.848236}}
{"target": 7.48711111111111, "params": {"enc_rate": 1.0, "k": 3.0, "gamma_fc": 0.5384405925945437, "primacy": 0.4, "beta_rec": 0.872922376400111, "beta_enc": 0.3243624597261865}, "datetime": {"delta": 36.808689, "datetime": "2020-10-05 15:00:02", "elapsed": 1966.656925}}
{"target": 6.009333333333333, "params": {"enc_rate": 1.0, "k": 3.0, "gamma_fc": 0.651304332340991, "primacy": 0.4, "beta_rec": 0.8541154438365387, "beta_enc": 0.8264069976293413}, "datetime": {"delta": 32.3653, "datetime": "2020-10-05 15:00:34", "elapsed": 1999.022225}}
{"target": 5.193111111111111, "params": {"enc_rate": 1.0, "k": 3.0, "gamma_fc": 0.731728600739527, "primacy": 0.4, "beta_rec": 0.03457121987163425, "beta_enc": 0.799615261736028}, "datetime": {"delta": 29.850269, "datetime": "2020-10-05 15:01:04", "elapsed": 2028.872494}}
{"target": 6.839777777777778, "params": {"enc_rate": 1.0, "k": 3.0, "gamma_fc": 0.44614623200345727, "primacy": 0.4, "beta_rec": 0.34529746159108154, "beta_enc": 0.6323033174301278}, "datetime": {"delta": 34.822121, "datetime": "2020-10-05 15:01:39", "elapsed": 2063.694615}}
{"target": 7.454444444444445, "params": {"enc_rate": 1.0, "k": 3.0, "gamma_fc": 0.5415593788873733, "primacy": 0.4, "beta_rec": 0.14300582825809938, "beta_enc": 0.30024833953390007}, "datetime": {"delta": 36.77744, "datetime": "2020-10-05 15:02:16", "elapsed": 2100.472055}}
{"target": 5.571777777777777, "params": {"enc_rate": 1.0, "k": 3.0, "gamma_fc": 0.1354279030721699, "primacy": 0.4, "beta_rec": 0.5460708041429516, "beta_enc": 0.9939130246104789}, "datetime": {"delta": 30.955913, "datetime": "2020-10-05 15:02:47", "elapsed": 2131.427968}}
{"target": 7.4911111111111115, "params": {"enc_rate": 1.0, "k": 3.0, "gamma_fc": 0.36654309724374434, "primacy": 0.4, "beta_rec": 0.7456371927074961, "beta_enc": 0.1603951795196491}, "datetime": {"delta": 36.856813, "datetime": "2020-10-05 15:03:24", "elapsed": 2168.284781}}
{"target": 6.422666666666666, "params": {"enc_rate": 1.0, "k": 3.0, "gamma_fc": 0.5815774073442912, "primacy": 0.4, "beta_rec": 0.18863680095531088, "beta_enc": 0.6909421420661686}, "datetime": {"delta": 33.639202, "datetime": "2020-10-05 15:03:57", "elapsed": 2201.923983}}
{"target": 7.471333333333332, "params": {"enc_rate": 1.0, "k": 3.0, "gamma_fc": 0.4569753274356928, "primacy": 0.4, "beta_rec": 0.26217308377291193, "beta_enc": 0.24773290176235485}, "datetime": {"delta": 36.783119, "datetime": "2020-10-05 15:04:34", "elapsed": 2238.707102}}
{"target": 7.355555555555556, "params": {"enc_rate": 1.0, "k": 3.0, "gamma_fc": 0.02760601195450363, "primacy": 0.4, "beta_rec": 0.7986042447602102, "beta_enc": 0.21196016464367595}, "datetime": {"delta": 36.517048, "datetime": "2020-10-05 15:05:11", "elapsed": 2275.22415}}
{"target": 7.385111111111111, "params": {"enc_rate": 1.0, "k": 3.0, "gamma_fc": 0.5409518049621886, "primacy": 0.4, "beta_rec": 0.7498583107261434, "beta_enc": 0.3810161240622142}, "datetime": {"delta": 36.564662, "datetime": "2020-10-05 15:05:47", "elapsed": 2311.788812}}
{"target": 7.5471111111111115, "params": {"enc_rate": 1.0, "k": 3.0, "gamma_fc": 0.9475489413950998, "primacy": 0.4, "beta_rec": 0.7093872512312951, "beta_enc": 0.03232306662357398}, "datetime": {"delta": 37.045471, "datetime": "2020-10-05 15:06:24", "elapsed": 2348.834283}}
{"target": 7.542222222222222, "params": {"enc_rate": 1.0, "k": 3.0, "gamma_fc": 0.6337867606119179, "primacy": 0.4, "beta_rec": 0.42861882866378653, "beta_enc": 0.081473964877262}, "datetime": {"delta": 37.074398, "datetime": "2020-10-05 15:07:01", "elapsed": 2385.908681}}
{"target": 6.384222222222222, "params": {"enc_rate": 1.0, "k": 3.0, "gamma_fc": 0.42876877499944255, "primacy": 0.4, "beta_rec": 0.3424541198435198, "beta_enc": 0.7662113810757705}, "datetime": {"delta": 33.58208, "datetime": "2020-10-05 15:07:35", "elapsed": 2419.490761}}
{"target": 7.52511111111111, "params": {"enc_rate": 1.0, "k": 3.0, "gamma_fc": 0.06672499763935646, "primacy": 0.4, "beta_rec": 0.07838689985494796, "beta_enc": 0.1434230486702449}, "datetime": {"delta": 37.088192, "datetime": "2020-10-05 15:08:12", "elapsed": 2456.578953}}
{"target": 7.556888888888889, "params": {"enc_rate": 1.0, "k": 3.0, "gamma_fc": 0.7469384956075251, "primacy": 0.4, "beta_rec": 0.7548614813904674, "beta_enc": 0.027783348848669953}, "datetime": {"delta": 36.947956, "datetime": "2020-10-05 15:08:49", "elapsed": 2493.526909}}
{"target": 7.274444444444444, "params": {"enc_rate": 1.0, "k": 3.0, "gamma_fc": 0.40239251985773583, "primacy": 0.4, "beta_rec": 0.47400392656219403, "beta_enc": 0.47807250671783097}, "datetime": {"delta": 35.872079, "datetime": "2020-10-05 15:09:25", "elapsed": 2529.398988}}
{"target": 5.740222222222222, "params": {"enc_rate": 1.0, "k": 3.0, "gamma_fc": 0.010364261335231939, "primacy": 0.4, "beta_rec": 0.12564138113773882, "beta_enc": 0.7738743427204187}, "datetime": {"delta": 31.054876, "datetime": "2020-10-05 15:09:56", "elapsed": 2560.453864}}
{"target": 3.789333333333333, "params": {"enc_rate": 1.0, "k": 3.0, "gamma_fc": 0.9152743199147875, "primacy": 0.4, "beta_rec": 0.905402033702778, "beta_enc": 0.9511937854902045}, "datetime": {"delta": 25.419617, "datetime": "2020-10-05 15:10:21", "elapsed": 2585.873481}}
{"target": 7.4751111111111115, "params": {"enc_rate": 1.0, "k": 3.0, "gamma_fc": 0.9899551783590737, "primacy": 0.4, "beta_rec": 0.6224959022999211, "beta_enc": 0.187631672902434}, "datetime": {"delta": 36.875943, "datetime": "2020-10-05 15:10:58", "elapsed": 2622.749424}}
{"target": 5.986888888888889, "params": {"enc_rate": 1.0, "k": 3.0, "gamma_fc": 0.17343017078712286, "primacy": 0.4, "beta_rec": 0.4008737323711209, "beta_enc": 0.9092932045442544}, "datetime": {"delta": 32.375063, "datetime": "2020-10-05 15:11:30", "elapsed": 2655.124487}}
{"target": 7.564666666666666, "params": {"enc_rate": 1.0, "k": 3.0, "gamma_fc": 0.31058725179421, "primacy": 0.4, "beta_rec": 0.2642974827269007, "beta_enc": 0.14679237341724316}, "datetime": {"delta": 36.797128, "datetime": "2020-10-05 15:12:07", "elapsed": 2691.921615}}
{"target": 7.067777777777778, "params": {"enc_rate": 1.0, "k": 3.0, "gamma_fc": 0.36655664385123443, "primacy": 0.4, "beta_rec": 0.31446701118584963, "beta_enc": 0.5336533449712114}, "datetime": {"delta": 35.650806, "datetime": "2020-10-05 15:12:43", "elapsed": 2727.572421}}
{"target": 4.076888888888889, "params": {"enc_rate": 1.0, "k": 3.0, "gamma_fc": 0.8910189542923389, "primacy": 0.4, "beta_rec": 0.030949006271150714, "beta_enc": 0.9388864773697133}, "datetime": {"delta": 26.382595, "datetime": "2020-10-05 15:13:09", "elapsed": 2753.955016}}
