{"target": 7.098888888888889, "params": {"gamma_fc": 0.00011437481734488664, "beta_enc": 0.417022004702574, "primacy": 0.9, "beta_rec": 0.7203244934421581}, "datetime": {"datetime": "2020-09-19 10:25:38", "elapsed": 0.0, "delta": 0.0}}
{"target": 7.066666666666666, "params": {"gamma_fc": 0.1862602113776709, "beta_enc": 0.14675589081711304, "primacy": 0.9, "beta_rec": 0.0923385947687978}, "datetime": {"datetime": "2020-09-19 10:28:39", "elapsed": 181.537958, "delta": 181.537958}}
{"target": 7.011111111111111, "params": {"gamma_fc": 0.4191945144032948, "beta_enc": 0.39676747423066994, "primacy": 0.9, "beta_rec": 0.538816734003357}, "datetime": {"datetime": "2020-09-19 10:31:40", "elapsed": 362.297812, "delta": 180.759854}}
{"target": 7.2, "params": {"gamma_fc": 0.027387593197926163, "beta_enc": 0.20445224973151743, "primacy": 0.9, "beta_rec": 0.8781174363909454}, "datetime": {"datetime": "2020-09-19 10:34:44", "elapsed": 546.062683, "delta": 183.764871}}
{"target": 7.187777777777778, "params": {"gamma_fc": 0.14038693859523377, "beta_enc": 0.41730480236712697, "primacy": 0.9, "beta_rec": 0.5586898284457517}, "datetime": {"datetime": "2020-09-19 10:37:47", "elapsed": 729.617009, "delta": 183.554326}}
{"target": 6.354444444444445, "params": {"gamma_fc": 0.31342417815924284, "beta_enc": 0.8007445686755367, "primacy": 0.9, "beta_rec": 0.9682615757193975}, "datetime": {"datetime": "2020-09-19 10:40:36", "elapsed": 898.348346, "delta": 168.731337}}
{"target": 6.817777777777778, "params": {"gamma_fc": 0.08504421136977791, "beta_enc": 0.8763891522960383, "primacy": 0.9, "beta_rec": 0.8946066635038473}, "datetime": {"datetime": "2020-09-19 10:43:33", "elapsed": 1075.374451, "delta": 177.026105}}
{"target": 7.108888888888889, "params": {"gamma_fc": 0.0983468338330501, "beta_enc": 0.1698304195645689, "primacy": 0.9, "beta_rec": 0.8781425034294131}, "datetime": {"datetime": "2020-09-19 10:46:35", "elapsed": 1257.50516, "delta": 182.130709}}
{"target": 4.21, "params": {"gamma_fc": 0.6918771139504734, "beta_enc": 0.9578895301505019, "primacy": 0.9, "beta_rec": 0.5331652849730171}, "datetime": {"datetime": "2020-09-19 10:48:45", "elapsed": 1387.432001, "delta": 129.926841}}
{"target": 7.177777777777778, "params": {"gamma_fc": 0.018288277344191806, "beta_enc": 0.6865009276815837, "primacy": 0.9, "beta_rec": 0.8346256718973729}, "datetime": {"datetime": "2020-09-19 10:51:49", "elapsed": 1570.882763, "delta": 183.450762}}
{"target": 5.4622222222222225, "params": {"gamma_fc": 0.2804439920644052, "beta_enc": 0.9888610889064947, "primacy": 0.9, "beta_rec": 0.7481656543798394}, "datetime": {"datetime": "2020-09-19 10:54:21", "elapsed": 1723.428124, "delta": 152.545361}}
{"target": 7.055555555555555, "params": {"gamma_fc": 0.9085955030930956, "beta_enc": 0.10322600657764203, "primacy": 0.9, "beta_rec": 0.44789352617590517}, "datetime": {"datetime": "2020-09-19 10:57:23", "elapsed": 1904.714235, "delta": 181.286111}}
{"target": 7.068888888888889, "params": {"gamma_fc": 0.019366957870297075, "beta_enc": 0.28777533858634874, "primacy": 0.9, "beta_rec": 0.13002857211827767}, "datetime": {"datetime": "2020-09-19 11:00:24", "elapsed": 2086.16236, "delta": 181.448125}}
{"target": 7.115555555555556, "params": {"gamma_fc": 0.4915731592803383, "beta_enc": 0.21162811600005904, "primacy": 0.9, "beta_rec": 0.2655466593722262}, "datetime": {"datetime": "2020-09-19 11:03:26", "elapsed": 2268.298805, "delta": 182.136445}}
{"target": 6.585555555555556, "params": {"gamma_fc": 0.5893055369032842, "beta_enc": 0.5741176054920131, "primacy": 0.9, "beta_rec": 0.14672857490581015}, "datetime": {"datetime": "2020-09-19 11:06:19", "elapsed": 2441.155731, "delta": 172.856926}}
{"target": 7.081111111111111, "params": {"gamma_fc": 0.6944001577277451, "beta_enc": 0.10233442882782584, "primacy": 0.9, "beta_rec": 0.4140559878195683}, "datetime": {"datetime": "2020-09-19 11:09:21", "elapsed": 2622.776758, "delta": 181.621027}}
{"target": 7.004444444444444, "params": {"gamma_fc": 0.6637946452197888, "beta_enc": 0.04995345894608716, "primacy": 0.9, "beta_rec": 0.5358964059155116}, "datetime": {"datetime": "2020-09-19 11:12:21", "elapsed": 2802.937508, "delta": 180.16075}}
{"target": 3.8088888888888888, "params": {"gamma_fc": 0.9034019152878835, "beta_enc": 0.9445947559908133, "primacy": 0.9, "beta_rec": 0.5865550405019929}, "datetime": {"datetime": "2020-09-19 11:14:24", "elapsed": 2925.810125, "delta": 122.872617}}
{"target": 7.155555555555556, "params": {"gamma_fc": 0.3976768369855336, "beta_enc": 0.13927634725075855, "primacy": 0.9, "beta_rec": 0.8073912887095238}, "datetime": {"datetime": "2020-09-19 11:17:26", "elapsed": 3108.479122, "delta": 182.668997}}
{"target": 4.507777777777778, "params": {"gamma_fc": 0.7508121031361555, "beta_enc": 0.9275085803960339, "primacy": 0.9, "beta_rec": 0.34776585974550656}, "datetime": {"datetime": "2020-09-19 11:19:41", "elapsed": 3243.36465, "delta": 134.885528}}
{"target": 5.1866666666666665, "params": {"gamma_fc": 0.7509424340273372, "beta_enc": 0.8833060912058098, "primacy": 0.9, "beta_rec": 0.6236722070556089}, "datetime": {"datetime": "2020-09-19 11:22:08", "elapsed": 3390.70885, "delta": 147.3442}}
{"target": 7.0633333333333335, "params": {"gamma_fc": 0.4280911898712949, "beta_enc": 0.2699278917650261, "primacy": 0.9, "beta_rec": 0.8958862181960668}, "datetime": {"datetime": "2020-09-19 11:25:10", "elapsed": 3572.379899, "delta": 181.671049}}
{"target": 7.176666666666667, "params": {"gamma_fc": 0.11474597295337519, "beta_enc": 0.6634414978184481, "primacy": 0.9, "beta_rec": 0.6216957202091218}, "datetime": {"datetime": "2020-09-19 11:28:14", "elapsed": 3755.83043, "delta": 183.450531}}
{"target": 7.023333333333333, "params": {"gamma_fc": 0.40813680276128117, "beta_enc": 0.4499121334799405, "primacy": 0.9, "beta_rec": 0.5783896143871318}, "datetime": {"datetime": "2020-09-19 11:31:14", "elapsed": 3936.614972, "delta": 180.784542}}
{"target": 6.852222222222222, "params": {"gamma_fc": 0.00287032703115897, "beta_enc": 0.9033795205622538, "primacy": 0.9, "beta_rec": 0.5736794866722859}, "datetime": {"datetime": "2020-09-19 11:34:12", "elapsed": 4114.097704, "delta": 177.482732}}
{"target": 6.988888888888889, "params": {"gamma_fc": 0.8859420993107745, "beta_enc": 0.32664490177209615, "primacy": 0.9, "beta_rec": 0.5270581022576093}, "datetime": {"datetime": "2020-09-19 11:37:12", "elapsed": 4294.136823, "delta": 180.039119}}
{"target": 6.907777777777778, "params": {"gamma_fc": 0.015821242846556283, "beta_enc": 0.9085351509197992, "primacy": 0.9, "beta_rec": 0.6233601157918027}, "datetime": {"datetime": "2020-09-19 11:40:10", "elapsed": 4472.623955, "delta": 178.487132}}
{"target": 6.724444444444444, "params": {"gamma_fc": 0.17234050834532855, "beta_enc": 0.690896917516924, "primacy": 0.9, "beta_rec": 0.9973228504514805}, "datetime": {"datetime": "2020-09-19 11:43:06", "elapsed": 4648.22352, "delta": 175.599565}}
{"target": 6.751111111111111, "params": {"gamma_fc": 0.06600017272206249, "beta_enc": 0.9325954630371636, "primacy": 0.9, "beta_rec": 0.6968181614899002}, "datetime": {"datetime": "2020-09-19 11:46:02", "elapsed": 4823.742757, "delta": 175.519237}}
{"target": 6.04, "params": {"gamma_fc": 0.7115247586284718, "beta_enc": 0.7538761884612464, "primacy": 0.9, "beta_rec": 0.9230245355464833}, "datetime": {"datetime": "2020-09-19 11:48:44", "elapsed": 4986.620277, "delta": 162.87752}}
{"target": 7.065555555555555, "params": {"gamma_fc": 0.028306488020794607, "beta_enc": 0.01988013383979559, "primacy": 0.9, "beta_rec": 0.026210986877719278}, "datetime": {"datetime": "2020-09-19 11:51:46", "elapsed": 5168.431487, "delta": 181.81121}}
{"target": 5.846666666666667, "params": {"gamma_fc": 0.5528219786857659, "beta_enc": 0.860027948682888, "primacy": 0.9, "beta_rec": 0.5388310643416528}, "datetime": {"datetime": "2020-09-19 11:54:26", "elapsed": 5328.074272, "delta": 159.642785}}
{"target": 7.162222222222222, "params": {"gamma_fc": 0.5857592714582879, "beta_enc": 0.12417331511991114, "primacy": 0.9, "beta_rec": 0.2791836790111395}, "datetime": {"datetime": "2020-09-19 11:57:29", "elapsed": 5511.275672, "delta": 183.2014}}
{"target": 6.211111111111111, "params": {"gamma_fc": 0.8006326726806163, "beta_enc": 0.56103021925571, "primacy": 0.9, "beta_rec": 0.01864728937294302}, "datetime": {"datetime": "2020-09-19 12:00:15", "elapsed": 5677.397197, "delta": 166.121525}}
{"target": 5.557777777777778, "params": {"gamma_fc": 0.8635418545594287, "beta_enc": 0.8071051956187791, "primacy": 0.9, "beta_rec": 0.38786064406417176}, "datetime": {"datetime": "2020-09-19 12:02:50", "elapsed": 5831.871211, "delta": 154.474014}}
{"target": 6.673333333333333, "params": {"gamma_fc": 0.05991768951221166, "beta_enc": 0.5562402339904189, "primacy": 0.9, "beta_rec": 0.13645522566068502}, "datetime": {"datetime": "2020-09-19 12:05:44", "elapsed": 6006.213791, "delta": 174.34258}}
{"target": 7.112222222222222, "params": {"gamma_fc": 0.2257093386078547, "beta_enc": 0.044551878544761725, "primacy": 0.9, "beta_rec": 0.1074941291060929}, "datetime": {"datetime": "2020-09-19 12:08:46", "elapsed": 6188.202406, "delta": 181.988615}}
{"target": 6.282222222222222, "params": {"gamma_fc": 0.07197427968948678, "beta_enc": 0.5597169820541424, "primacy": 0.9, "beta_rec": 0.012555980159115854}, "datetime": {"datetime": "2020-09-19 12:11:33", "elapsed": 6355.397561, "delta": 167.195155}}
{"target": 6.807777777777778, "params": {"gamma_fc": 0.2523257445703234, "beta_enc": 0.5681004619199421, "primacy": 0.9, "beta_rec": 0.20329323466099047}, "datetime": {"datetime": "2020-09-19 12:14:30", "elapsed": 6532.16059, "delta": 176.763029}}
{"target": 7.0633333333333335, "params": {"gamma_fc": 0.9700199890883123, "beta_enc": 0.1954294811093188, "primacy": 0.9, "beta_rec": 0.5813589272732578}, "datetime": {"datetime": "2020-09-19 12:17:31", "elapsed": 6713.551156, "delta": 181.390566}}
{"target": 7.057777777777778, "params": {"gamma_fc": 0.6199557183813798, "beta_enc": 0.23984775914758616, "primacy": 0.9, "beta_rec": 0.49376971426872995}, "datetime": {"datetime": "2020-09-19 12:20:33", "elapsed": 6894.92144, "delta": 181.370284}}
{"target": 7.162222222222222, "params": {"gamma_fc": 0.07002214371922233, "beta_enc": 0.15679139464608427, "primacy": 0.9, "beta_rec": 0.018576202177409518}, "datetime": {"datetime": "2020-09-19 12:23:36", "elapsed": 7078.225152, "delta": 183.303712}}
{"target": 6.977777777777778, "params": {"gamma_fc": 0.31736240932216075, "beta_enc": 0.6063294616533303, "primacy": 0.9, "beta_rec": 0.5688514370864813}, "datetime": {"datetime": "2020-09-19 12:26:36", "elapsed": 7258.084932, "delta": 179.85978}}
{"target": 6.7844444444444445, "params": {"gamma_fc": 0.5509482191178968, "beta_enc": 0.5797452192457969, "primacy": 0.9, "beta_rec": 0.3801411726235504}, "datetime": {"datetime": "2020-09-19 12:29:32", "elapsed": 7434.541757, "delta": 176.456825}}
{"target": 6.658888888888889, "params": {"gamma_fc": 0.06633483442844157, "beta_enc": 0.6692328934531846, "primacy": 0.9, "beta_rec": 0.2649195576628094}, "datetime": {"datetime": "2020-09-19 12:32:26", "elapsed": 7608.485557, "delta": 173.9438}}
{"target": 6.473333333333334, "params": {"gamma_fc": 0.7527555537388139, "beta_enc": 0.6297175070215645, "primacy": 0.9, "beta_rec": 0.2101740099148396}, "datetime": {"datetime": "2020-09-19 12:35:17", "elapsed": 7779.403559, "delta": 170.918002}}
{"target": 7.023333333333333, "params": {"gamma_fc": 0.19343428262332774, "beta_enc": 0.26031509857854096, "primacy": 0.9, "beta_rec": 0.8047545637433454}, "datetime": {"datetime": "2020-09-19 12:38:18", "elapsed": 7960.37589, "delta": 180.972331}}
{"target": 6.933333333333334, "params": {"gamma_fc": 0.263296770487111, "beta_enc": 0.5246703091237337, "primacy": 0.9, "beta_rec": 0.9248079703993507}, "datetime": {"datetime": "2020-09-19 12:41:18", "elapsed": 8139.733127, "delta": 179.357237}}
{"target": 6.068888888888889, "params": {"gamma_fc": 0.907815852503524, "beta_enc": 0.7350659632886695, "primacy": 0.9, "beta_rec": 0.7721780295432468}, "datetime": {"datetime": "2020-09-19 12:44:01", "elapsed": 8303.563696, "delta": 163.830569}}
{"target": 7.0488888888888885, "params": {"gamma_fc": 0.6167783570016576, "beta_enc": 0.013951572975597015, "primacy": 0.9, "beta_rec": 0.2343620861214205}, "datetime": {"datetime": "2020-09-19 12:47:03", "elapsed": 8484.874684, "delta": 181.310988}}
{"target": 3.68, "params": {"gamma_fc": 0.9156063497662745, "beta_enc": 0.9501761192470797, "primacy": 0.9, "beta_rec": 0.5566531881951564}, "datetime": {"datetime": "2020-09-19 12:49:03", "elapsed": 8605.526209, "delta": 120.651525}}
{"target": 7.061111111111111, "params": {"gamma_fc": 0.6043104829199732, "beta_enc": 0.39000771414124624, "primacy": 0.9, "beta_rec": 0.48599066709690975}, "datetime": {"datetime": "2020-09-19 12:52:05", "elapsed": 8787.458954, "delta": 181.932745}}
{"target": 5.725555555555555, "params": {"gamma_fc": 0.3948756129235549, "beta_enc": 0.9261814267064536, "primacy": 0.9, "beta_rec": 0.9187334356336061}, "datetime": {"datetime": "2020-09-19 12:54:43", "elapsed": 8944.966707, "delta": 157.507753}}
{"target": 7.182222222222222, "params": {"gamma_fc": 0.13507915804673132, "beta_enc": 0.17395566668046436, "primacy": 0.9, "beta_rec": 0.12632951943963733}, "datetime": {"datetime": "2020-09-19 12:57:47", "elapsed": 9129.015285, "delta": 184.048578}}
{"target": 7.192222222222222, "params": {"gamma_fc": 0.8271154711707325, "beta_enc": 0.021524805274197978, "primacy": 0.9, "beta_rec": 0.947970211217681}, "datetime": {"datetime": "2020-09-19 13:00:51", "elapsed": 9313.349932, "delta": 184.334647}}
{"target": 7.112222222222222, "params": {"gamma_fc": 0.1309968448109169, "beta_enc": 0.17619625557505525, "primacy": 0.9, "beta_rec": 0.332063574366837}, "datetime": {"datetime": "2020-09-19 13:03:54", "elapsed": 9496.339322, "delta": 182.98939}}
{"target": 7.0311111111111115, "params": {"gamma_fc": 0.58201417994708, "beta_enc": 0.34473665268329345, "primacy": 0.9, "beta_rec": 0.9401074823333672}, "datetime": {"datetime": "2020-09-19 13:06:55", "elapsed": 9677.690062, "delta": 181.35074}}
{"target": 6.066666666666666, "params": {"gamma_fc": 0.45988026581680697, "beta_enc": 0.8447344453922219, "primacy": 0.9, "beta_rec": 0.9053923187086492}, "datetime": {"datetime": "2020-09-19 13:09:39", "elapsed": 9841.573572, "delta": 163.88351}}
{"target": 6.046666666666667, "params": {"gamma_fc": 0.4902535226199277, "beta_enc": 0.7986035911520394, "primacy": 0.9, "beta_rec": 0.28571885173414757}, "datetime": {"datetime": "2020-09-19 13:12:23", "elapsed": 10004.827883, "delta": 163.254311}}
{"target": 7.072222222222222, "params": {"gamma_fc": 0.4336763489894583, "beta_enc": 0.015533275550835723, "primacy": 0.9, "beta_rec": 0.5934814081966372}, "datetime": {"datetime": "2020-09-19 13:15:24", "elapsed": 10186.166185, "delta": 181.338302}}
{"target": 6.9688888888888885, "params": {"gamma_fc": 0.5778572152845355, "beta_enc": 0.31524480309537295, "primacy": 0.9, "beta_rec": 0.8928887085251513}, "datetime": {"datetime": "2020-09-19 13:18:24", "elapsed": 10366.2909, "delta": 180.124715}}
{"target": 7.185555555555555, "params": {"gamma_fc": 0.053909272073752956, "beta_enc": 0.7879292338255043, "primacy": 0.9, "beta_rec": 0.6120311770449339}, "datetime": {"datetime": "2020-09-19 13:21:28", "elapsed": 10550.523445, "delta": 184.232545}}
{"target": 7.1, "params": {"gamma_fc": 0.00040202489135743313, "beta_enc": 0.6790688365654296, "primacy": 0.9, "beta_rec": 0.9186017779775258}, "datetime": {"datetime": "2020-09-19 13:24:32", "elapsed": 10733.744735, "delta": 183.22129}}
{"target": 6.885555555555555, "params": {"gamma_fc": 0.604716100974053, "beta_enc": 0.37658031474577447, "primacy": 0.9, "beta_rec": 0.9737835383583225}, "datetime": {"datetime": "2020-09-19 13:27:30", "elapsed": 10912.337224, "delta": 178.592489}}
{"target": 7.03, "params": {"gamma_fc": 0.28557628169569393, "beta_enc": 0.5747115047081023, "primacy": 0.9, "beta_rec": 0.6280761983073504}, "datetime": {"datetime": "2020-09-19 13:30:32", "elapsed": 11093.724655, "delta": 181.387431}}
{"target": 6.231111111111111, "params": {"gamma_fc": 0.7550821884676802, "beta_enc": 0.7500217637026599, "primacy": 0.9, "beta_rec": 0.8583138364290424}, "datetime": {"datetime": "2020-09-19 13:33:18", "elapsed": 11260.487051, "delta": 166.762396}}
{"target": 5.295555555555556, "params": {"gamma_fc": 0.6707887907875872, "beta_enc": 0.8644794300545998, "primacy": 0.9, "beta_rec": 0.32268099683674645}, "datetime": {"datetime": "2020-09-19 13:35:48", "elapsed": 11410.650127, "delta": 150.163076}}
{"target": 7.055555555555555, "params": {"gamma_fc": 0.4014795834695406, "beta_enc": 0.3821027520315172, "primacy": 0.9, "beta_rec": 0.4108113499221856}, "datetime": {"datetime": "2020-09-19 13:38:50", "elapsed": 11592.432385, "delta": 181.782258}}
{"target": 6.502222222222223, "params": {"gamma_fc": 0.9738020779272523, "beta_enc": 0.6219193679203014, "primacy": 0.9, "beta_rec": 0.43024727082126435}, "datetime": {"datetime": "2020-09-19 13:41:42", "elapsed": 11764.193023, "delta": 171.760638}}
{"target": 7.183333333333334, "params": {"gamma_fc": 0.343346239774423, "beta_enc": 0.19856988842711087, "primacy": 0.9, "beta_rec": 0.4267010093480328}, "datetime": {"datetime": "2020-09-19 13:44:46", "elapsed": 11948.193274, "delta": 184.000251}}
{"target": 5.3933333333333335, "params": {"gamma_fc": 0.6627198123752622, "beta_enc": 0.8799982885634318, "primacy": 0.9, "beta_rec": 0.903841955826372}, "datetime": {"datetime": "2020-09-19 13:47:18", "elapsed": 12100.115353, "delta": 151.922079}}
{"target": 7.07, "params": {"gamma_fc": 0.5277146463087466, "beta_enc": 0.25236670150458973, "primacy": 0.9, "beta_rec": 0.8548979426974024}, "datetime": {"datetime": "2020-09-19 13:50:20", "elapsed": 12282.326545, "delta": 182.211192}}
{"target": 6.807777777777778, "params": {"gamma_fc": 0.5190116274640558, "beta_enc": 0.5724885171916063, "primacy": 0.9, "beta_rec": 0.7331425252875111}, "datetime": {"datetime": "2020-09-19 13:53:18", "elapsed": 12459.759239, "delta": 177.432694}}
{"target": 6.955555555555556, "params": {"gamma_fc": 0.3426889079532818, "beta_enc": 0.5688579907047155, "primacy": 0.9, "beta_rec": 0.4657098785919809}, "datetime": {"datetime": "2020-09-19 13:56:17", "elapsed": 12639.620053, "delta": 179.860814}}
{"target": 6.888888888888889, "params": {"gamma_fc": 0.982817113730445, "beta_enc": 0.37792417932809985, "primacy": 0.9, "beta_rec": 0.07962607769825236}, "datetime": {"datetime": "2020-09-19 13:59:16", "elapsed": 12818.391518, "delta": 178.771465}}
{"target": 5.832222222222223, "params": {"gamma_fc": 0.6884132523859433, "beta_enc": 0.8118586977205398, "primacy": 0.9, "beta_rec": 0.8749616449558981}, "datetime": {"datetime": "2020-09-19 14:01:56", "elapsed": 12978.049854, "delta": 159.658336}}
{"target": 7.196666666666666, "params": {"gamma_fc": 0.345172051155215, "beta_enc": 0.16097143681560877, "primacy": 0.9, "beta_rec": 0.4668800227633063}, "datetime": {"datetime": "2020-09-19 14:05:00", "elapsed": 13162.159967, "delta": 184.110113}}
{"target": 6.4255555555555555, "params": {"gamma_fc": 0.9163055534683507, "beta_enc": 0.5925118687657968, "primacy": 0.9, "beta_rec": 0.31226983770191696}, "datetime": {"datetime": "2020-09-19 14:07:50", "elapsed": 13332.497908, "delta": 170.337941}}
{"target": 7.1433333333333335, "params": {"gamma_fc": 0.19296273201911285, "beta_enc": 0.2571182937821962, "primacy": 0.9, "beta_rec": 0.1108913007440292}, "datetime": {"datetime": "2020-09-19 14:10:54", "elapsed": 13516.124424, "delta": 183.626516}}
{"target": 6.278888888888889, "params": {"gamma_fc": 0.24803355837723073, "beta_enc": 0.7285856679745962, "primacy": 0.9, "beta_rec": 0.20819443840879148}, "datetime": {"datetime": "2020-09-19 14:13:42", "elapsed": 13683.785925, "delta": 167.661501}}
{"target": 7.1322222222222225, "params": {"gamma_fc": 0.23366613923925006, "beta_enc": 0.41584871826752734, "primacy": 0.9, "beta_rec": 0.6166850671552362}, "datetime": {"datetime": "2020-09-19 14:16:45", "elapsed": 13866.960881, "delta": 183.174956}}
{"target": 7.248888888888889, "params": {"gamma_fc": 0.15267164409316325, "beta_enc": 0.5158570169685298, "primacy": 0.9, "beta_rec": 0.47714098704978236}, "datetime": {"datetime": "2020-09-19 14:19:50", "elapsed": 14052.08059, "delta": 185.119709}}
{"target": 7.173333333333333, "params": {"gamma_fc": 0.1445455401246598, "beta_enc": 0.5440101188139381, "primacy": 0.9, "beta_rec": 0.6541373469707443}, "datetime": {"datetime": "2020-09-19 14:22:55", "elapsed": 14237.224474, "delta": 185.143884}}
{"target": 7.104444444444445, "params": {"gamma_fc": 0.7852960282216189, "beta_enc": 0.2220491397999227, "primacy": 0.9, "beta_rec": 0.519351824366033}, "datetime": {"datetime": "2020-09-19 14:25:58", "elapsed": 14419.996509, "delta": 182.772035}}
{"target": 7.03, "params": {"gamma_fc": 0.8447096076020696, "beta_enc": 0.3243624597261865, "primacy": 0.9, "beta_rec": 0.872922376400111}, "datetime": {"datetime": "2020-09-19 14:28:59", "elapsed": 14601.336294, "delta": 181.339785}}
{"target": 5.105555555555555, "params": {"gamma_fc": 0.8264069976293413, "beta_enc": 0.866608274166513, "primacy": 0.9, "beta_rec": 0.9498059913536265}, "datetime": {"datetime": "2020-09-19 14:31:26", "elapsed": 14747.988715, "delta": 146.652421}}
{"target": 7.0377777777777775, "params": {"gamma_fc": 0.703516988152653, "beta_enc": 0.09874340182034835, "primacy": 0.9, "beta_rec": 0.651304332340991}, "datetime": {"datetime": "2020-09-19 14:34:27", "elapsed": 14929.663666, "delta": 181.674951}}
{"target": 4.894444444444445, "params": {"gamma_fc": 0.7702387345549799, "beta_enc": 0.799615261736028, "primacy": 0.9, "beta_rec": 0.03457121987163425}, "datetime": {"datetime": "2020-09-19 14:36:50", "elapsed": 15072.583186, "delta": 142.91952}}
