{"target": 7.515333333333333, "params": {"k": 3.0, "beta_enc": 0.11486685009695895, "gamma_fc": 0.2008874068508613, "enc_rate": 1.0, "beta_rec": 0.8336775013139761, "primacy": 0.8}, "datetime": {"elapsed": 9816.533245, "datetime": "2020-10-05 17:10:22", "delta": 64.138721}}
{"target": 7.543555555555555, "params": {"k": 3.0, "beta_enc": 0.09410399846178781, "gamma_fc": 0.15862670846650395, "enc_rate": 1.0, "beta_rec": 0.8021384240902063, "primacy": 0.8}, "datetime": {"elapsed": 9881.142183, "datetime": "2020-10-05 17:11:27", "delta": 64.608938}}
{"target": 7.536444444444444, "params": {"k": 3.0, "beta_enc": 0.27800331903600256, "gamma_fc": 0.40418242528303566, "enc_rate": 1.0, "beta_rec": 0.15422149843176686, "primacy": 0.8}, "datetime": {"elapsed": 9944.506561, "datetime": "2020-10-05 17:12:30", "delta": 63.364378}}
{"target": 7.497777777777777, "params": {"k": 3.0, "beta_enc": 0.2907409418673386, "gamma_fc": 0.3571281417472965, "enc_rate": 1.0, "beta_rec": 0.20376727136637093, "primacy": 0.8}, "datetime": {"elapsed": 10009.021238, "datetime": "2020-10-05 17:13:35", "delta": 64.514677}}
{"target": 7.555555555555555, "params": {"k": 3.0, "beta_enc": 0.11942648000327115, "gamma_fc": 0.9051598458727587, "enc_rate": 1.0, "beta_rec": 0.7742951133179247, "primacy": 0.8}, "datetime": {"elapsed": 10073.263224, "datetime": "2020-10-05 17:14:39", "delta": 64.241986}}
{"target": 7.547777777777779, "params": {"k": 3.0, "beta_enc": 0.09341704362427669, "gamma_fc": 0.07371379336199223, "enc_rate": 1.0, "beta_rec": 0.143419740123867, "primacy": 0.8}, "datetime": {"elapsed": 10136.692199, "datetime": "2020-10-05 17:15:43", "delta": 63.428975}}
{"target": 7.552444444444444, "params": {"k": 3.0, "beta_enc": 0.025515608344402748, "gamma_fc": 0.3606392938033202, "enc_rate": 1.0, "beta_rec": 0.09127989550967588, "primacy": 0.8}, "datetime": {"elapsed": 10201.008167, "datetime": "2020-10-05 17:16:47", "delta": 64.315968}}
{"target": 7.534222222222222, "params": {"k": 3.0, "beta_enc": 0.08609306389051746, "gamma_fc": 0.5201470038444258, "enc_rate": 1.0, "beta_rec": 0.8050407738523316, "primacy": 0.8}, "datetime": {"elapsed": 10265.026271, "datetime": "2020-10-05 17:17:51", "delta": 64.018104}}
{"target": 7.522444444444444, "params": {"k": 3.0, "beta_enc": 0.0, "gamma_fc": 0.06660028769977419, "enc_rate": 1.0, "beta_rec": 0.8532707184461479, "primacy": 0.8}, "datetime": {"elapsed": 10329.27414, "datetime": "2020-10-05 17:18:55", "delta": 64.247869}}
{"target": 7.5551111111111116, "params": {"k": 3.0, "beta_enc": 0.09743845726920619, "gamma_fc": 0.6338060129860822, "enc_rate": 1.0, "beta_rec": 0.48391587506520395, "primacy": 0.8}, "datetime": {"elapsed": 10393.449914, "datetime": "2020-10-05 17:19:59", "delta": 64.175774}}
{"target": 7.547333333333333, "params": {"k": 3.0, "beta_enc": 0.04026550493827102, "gamma_fc": 0.8951994615118787, "enc_rate": 1.0, "beta_rec": 0.7192335847568303, "primacy": 0.8}, "datetime": {"elapsed": 10457.791844, "datetime": "2020-10-05 17:21:04", "delta": 64.34193}}
{"target": 7.570222222222222, "params": {"k": 3.0, "beta_enc": 0.0696023563274936, "gamma_fc": 0.018554774082753807, "enc_rate": 1.0, "beta_rec": 0.16730241584734015, "primacy": 0.8}, "datetime": {"elapsed": 10522.316103, "datetime": "2020-10-05 17:22:08", "delta": 64.524259}}
{"target": 7.529777777777778, "params": {"k": 3.0, "beta_enc": 0.3977042620667114, "gamma_fc": 0.10588871276441089, "enc_rate": 1.0, "beta_rec": 0.5130978757329027, "primacy": 0.8}, "datetime": {"elapsed": 10587.057308, "datetime": "2020-10-05 17:23:13", "delta": 64.741205}}
{"target": 7.5166666666666675, "params": {"k": 3.0, "beta_enc": 0.020845446505638174, "gamma_fc": 0.7829433585860428, "enc_rate": 1.0, "beta_rec": 0.7671409228538307, "primacy": 0.8}, "datetime": {"elapsed": 10651.214647, "datetime": "2020-10-05 17:24:17", "delta": 64.157339}}
{"target": 7.542666666666666, "params": {"k": 3.0, "beta_enc": 0.14979041522332245, "gamma_fc": 0.8509138551102723, "enc_rate": 1.0, "beta_rec": 0.6447218086969998, "primacy": 0.8}, "datetime": {"elapsed": 10714.504209, "datetime": "2020-10-05 17:25:20", "delta": 63.289562}}
{"target": 7.537333333333334, "params": {"k": 3.0, "beta_enc": 0.1150398460788418, "gamma_fc": 0.8524662769952576, "enc_rate": 1.0, "beta_rec": 0.7106284506406806, "primacy": 0.8}, "datetime": {"elapsed": 10778.503522, "datetime": "2020-10-05 17:26:24", "delta": 63.999313}}
{"target": 7.5282222222222215, "params": {"k": 3.0, "beta_enc": 0.17726334133676136, "gamma_fc": 0.8132860171806607, "enc_rate": 1.0, "beta_rec": 0.6954381176334501, "primacy": 0.8}, "datetime": {"elapsed": 10842.974515, "datetime": "2020-10-05 17:27:29", "delta": 64.470993}}
{"target": 7.550888888888889, "params": {"k": 3.0, "beta_enc": 0.16649982401860464, "gamma_fc": 0.8909837581630039, "enc_rate": 1.0, "beta_rec": 0.7055777071195786, "primacy": 0.8}, "datetime": {"elapsed": 10907.632457, "datetime": "2020-10-05 17:28:34", "delta": 64.657942}}
{"target": 7.528666666666666, "params": {"k": 3.0, "beta_enc": 0.09457762303081188, "gamma_fc": 0.4807962966927299, "enc_rate": 1.0, "beta_rec": 0.8432365413241767, "primacy": 0.8}, "datetime": {"elapsed": 10972.125957, "datetime": "2020-10-05 17:29:38", "delta": 64.4935}}
{"target": 7.543555555555557, "params": {"k": 3.0, "beta_enc": 0.1198589458489879, "gamma_fc": 0.37946190571713634, "enc_rate": 1.0, "beta_rec": 0.36522900824668814, "primacy": 0.8}, "datetime": {"elapsed": 11035.887321, "datetime": "2020-10-05 17:30:42", "delta": 63.761364}}
{"target": 7.579555555555555, "params": {"k": 3.0, "beta_enc": 0.1204380425660909, "gamma_fc": 0.3206287393401208, "enc_rate": 1.0, "beta_rec": 0.32524783959668413, "primacy": 0.8}, "datetime": {"elapsed": 11100.291691, "datetime": "2020-10-05 17:31:46", "delta": 64.40437}}
{"target": 7.575555555555556, "params": {"k": 3.0, "beta_enc": 0.12022254587899378, "gamma_fc": 0.3495716045004369, "enc_rate": 1.0, "beta_rec": 0.2911873248926334, "primacy": 0.8}, "datetime": {"elapsed": 11165.212351, "datetime": "2020-10-05 17:32:51", "delta": 64.92066}}
{"target": 7.5311111111111115, "params": {"k": 3.0, "beta_enc": 0.15570288263679866, "gamma_fc": 0.3416352837304135, "enc_rate": 1.0, "beta_rec": 0.3121963276005348, "primacy": 0.8}, "datetime": {"elapsed": 11228.853658, "datetime": "2020-10-05 17:33:55", "delta": 63.641307}}
{"target": 7.572222222222221, "params": {"k": 3.0, "beta_enc": 0.06385739886452231, "gamma_fc": 0.4047743221487268, "enc_rate": 1.0, "beta_rec": 0.38001678592925325, "primacy": 0.8}, "datetime": {"elapsed": 11292.373893, "datetime": "2020-10-05 17:34:58", "delta": 63.520235}}
{"target": 7.567777777777778, "params": {"k": 3.0, "beta_enc": 0.07169378100849898, "gamma_fc": 0.3451501639975616, "enc_rate": 1.0, "beta_rec": 0.3466922775423932, "primacy": 0.8}, "datetime": {"elapsed": 11357.123632, "datetime": "2020-10-05 17:36:03", "delta": 64.749739}}
{"target": 7.524222222222221, "params": {"k": 3.0, "beta_enc": 0.046609537135415297, "gamma_fc": 0.733660056200422, "enc_rate": 1.0, "beta_rec": 0.7867859337472592, "primacy": 0.8}, "datetime": {"elapsed": 11421.751888, "datetime": "2020-10-05 17:37:08", "delta": 64.628256}}
{"target": 7.506666666666666, "params": {"k": 3.0, "beta_enc": 0.18329829170724182, "gamma_fc": 0.903002011076995, "enc_rate": 1.0, "beta_rec": 0.7849014136391648, "primacy": 0.8}, "datetime": {"elapsed": 11485.770534, "datetime": "2020-10-05 17:38:12", "delta": 64.018646}}
{"target": 7.600222222222223, "params": {"k": 3.0, "beta_enc": 0.014665093363732118, "gamma_fc": 0.20809567942292487, "enc_rate": 1.0, "beta_rec": 0.834176900080187, "primacy": 0.8}, "datetime": {"elapsed": 11550.943745, "datetime": "2020-10-05 17:39:17", "delta": 65.173211}}
{"target": 7.561555555555556, "params": {"k": 3.0, "beta_enc": 0.02790958677644784, "gamma_fc": 0.24496290056150996, "enc_rate": 1.0, "beta_rec": 0.8239994522373439, "primacy": 0.8}, "datetime": {"elapsed": 11615.631756, "datetime": "2020-10-05 17:40:22", "delta": 64.688011}}
{"target": 7.579555555555555, "params": {"k": 3.0, "beta_enc": 0.040271341636528325, "gamma_fc": 0.1866194771931258, "enc_rate": 1.0, "beta_rec": 0.8639657780418876, "primacy": 0.8}, "datetime": {"elapsed": 11681.589285, "datetime": "2020-10-05 17:41:27", "delta": 65.957529}}
{"target": 7.525333333333333, "params": {"k": 3.0, "beta_enc": 0.2702815365520825, "gamma_fc": 0.060023615479802624, "enc_rate": 1.0, "beta_rec": 0.48886889317300924, "primacy": 0.8}, "datetime": {"elapsed": 11746.324973, "datetime": "2020-10-05 17:42:32", "delta": 64.735688}}
{"target": 7.540888888888889, "params": {"k": 3.0, "beta_enc": 0.0486190016918081, "gamma_fc": 0.23130016018507488, "enc_rate": 1.0, "beta_rec": 0.9287745101750362, "primacy": 0.8}, "datetime": {"elapsed": 11811.592443, "datetime": "2020-10-05 17:43:37", "delta": 65.26747}}
{"target": 7.572666666666666, "params": {"k": 3.0, "beta_enc": 0.04023666230476922, "gamma_fc": 0.5988576279657393, "enc_rate": 1.0, "beta_rec": 0.39514695472867234, "primacy": 0.8}, "datetime": {"elapsed": 11875.158493, "datetime": "2020-10-05 17:44:41", "delta": 63.56605}}
{"target": 7.532222222222222, "params": {"k": 3.0, "beta_enc": 0.0948328103919189, "gamma_fc": 0.5710948229613934, "enc_rate": 1.0, "beta_rec": 0.37649135226606056, "primacy": 0.8}, "datetime": {"elapsed": 11940.901446, "datetime": "2020-10-05 17:45:47", "delta": 65.742953}}
{"target": 7.5168888888888885, "params": {"k": 3.0, "beta_enc": 0.16434386323264105, "gamma_fc": 0.817199175943356, "enc_rate": 1.0, "beta_rec": 0.4879742757930347, "primacy": 0.8}, "datetime": {"elapsed": 12004.91136, "datetime": "2020-10-05 17:46:51", "delta": 64.009914}}
{"target": 7.540000000000001, "params": {"k": 3.0, "beta_enc": 0.10708986848386076, "gamma_fc": 0.6878272466129038, "enc_rate": 1.0, "beta_rec": 0.5209100389824781, "primacy": 0.8}, "datetime": {"elapsed": 12069.899256, "datetime": "2020-10-05 17:47:56", "delta": 64.987896}}
{"target": 7.520444444444445, "params": {"k": 3.0, "beta_enc": 0.20574308593042517, "gamma_fc": 0.06540190765584333, "enc_rate": 1.0, "beta_rec": 0.4682067086051841, "primacy": 0.8}, "datetime": {"elapsed": 12133.74858, "datetime": "2020-10-05 17:49:00", "delta": 63.849324}}
{"target": 7.5088888888888885, "params": {"k": 3.0, "beta_enc": 0.17544389445091157, "gamma_fc": 0.789678095305534, "enc_rate": 1.0, "beta_rec": 0.5949627443643647, "primacy": 0.8}, "datetime": {"elapsed": 12198.744827, "datetime": "2020-10-05 17:50:05", "delta": 64.996247}}
{"target": 7.510444444444444, "params": {"k": 3.0, "beta_enc": 0.20427141867952398, "gamma_fc": 0.3637815793663161, "enc_rate": 1.0, "beta_rec": 0.5793728890762518, "primacy": 0.8}, "datetime": {"elapsed": 12263.10523, "datetime": "2020-10-05 17:51:09", "delta": 64.360403}}
{"target": 7.526888888888889, "params": {"k": 3.0, "beta_enc": 0.10442791297418393, "gamma_fc": 0.4033364728285548, "enc_rate": 1.0, "beta_rec": 0.6646308966042097, "primacy": 0.8}, "datetime": {"elapsed": 12327.237059, "datetime": "2020-10-05 17:52:13", "delta": 64.131829}}
{"target": 7.543777777777779, "params": {"k": 3.0, "beta_enc": 0.087774899547514, "gamma_fc": 0.30652836925271376, "enc_rate": 1.0, "beta_rec": 0.2882354734290778, "primacy": 0.8}, "datetime": {"elapsed": 12391.857894, "datetime": "2020-10-05 17:53:18", "delta": 64.620835}}
{"target": 7.544444444444444, "params": {"k": 3.0, "beta_enc": 0.035971455870106556, "gamma_fc": 0.2841302669936565, "enc_rate": 1.0, "beta_rec": 0.06742760233975603, "primacy": 0.8}, "datetime": {"elapsed": 12456.640658, "datetime": "2020-10-05 17:54:23", "delta": 64.782764}}
{"target": 7.510444444444445, "params": {"k": 3.0, "beta_enc": 0.14721178534494392, "gamma_fc": 0.04354528460444007, "enc_rate": 1.0, "beta_rec": 0.13450725472033884, "primacy": 0.8}, "datetime": {"elapsed": 12521.476805, "datetime": "2020-10-05 17:55:27", "delta": 64.836147}}
{"target": 7.474666666666667, "params": {"k": 3.0, "beta_enc": 0.2524992361132959, "gamma_fc": 0.8078378294033541, "enc_rate": 1.0, "beta_rec": 0.74972861885889, "primacy": 0.8}, "datetime": {"elapsed": 12586.236246, "datetime": "2020-10-05 17:56:32", "delta": 64.759441}}
{"target": 7.520222222222223, "params": {"k": 3.0, "beta_enc": 0.05148577754002988, "gamma_fc": 0.4399086497631805, "enc_rate": 1.0, "beta_rec": 0.4249976194299244, "primacy": 0.8}, "datetime": {"elapsed": 12651.629888, "datetime": "2020-10-05 17:57:38", "delta": 65.393642}}
{"target": 7.539777777777779, "params": {"k": 3.0, "beta_enc": 0.0835200936238786, "gamma_fc": 0.021223073498264675, "enc_rate": 1.0, "beta_rec": 0.2128020157315231, "primacy": 0.8}, "datetime": {"elapsed": 12717.272003, "datetime": "2020-10-05 17:58:43", "delta": 65.642115}}
{"target": 7.508, "params": {"k": 3.0, "beta_enc": 0.3444755102905659, "gamma_fc": 0.1241461824602079, "enc_rate": 1.0, "beta_rec": 0.48390902350019166, "primacy": 0.8}, "datetime": {"elapsed": 12781.171456, "datetime": "2020-10-05 17:59:47", "delta": 63.899453}}
{"target": 7.554444444444444, "params": {"k": 3.0, "beta_enc": 0.04819217718302166, "gamma_fc": 0.6358094823614101, "enc_rate": 1.0, "beta_rec": 0.3639711839431665, "primacy": 0.8}, "datetime": {"elapsed": 12846.315514, "datetime": "2020-10-05 18:00:52", "delta": 65.144058}}
{"target": 7.4831111111111115, "params": {"k": 3.0, "beta_enc": 0.2408611144988839, "gamma_fc": 0.09733185696498733, "enc_rate": 1.0, "beta_rec": 0.7506079914432636, "primacy": 0.8}, "datetime": {"elapsed": 12910.182204, "datetime": "2020-10-05 18:01:56", "delta": 63.86669}}
{"target": 7.554666666666667, "params": {"k": 3.0, "beta_enc": 0.17724502404986925, "gamma_fc": 0.9006446260671543, "enc_rate": 1.0, "beta_rec": 0.19922459236318385, "primacy": 0.8}, "datetime": {"elapsed": 12975.902324, "datetime": "2020-10-05 18:03:02", "delta": 65.72012}}
{"target": 7.535333333333334, "params": {"k": 3.0, "beta_enc": 0.15182933373076557, "gamma_fc": 0.9123979759279242, "enc_rate": 1.0, "beta_rec": 0.2520440966075305, "primacy": 0.8}, "datetime": {"elapsed": 13041.981057, "datetime": "2020-10-05 18:04:08", "delta": 66.078733}}
{"target": 7.543111111111111, "params": {"k": 3.0, "beta_enc": 0.16478789298229382, "gamma_fc": 0.45256471107057167, "enc_rate": 1.0, "beta_rec": 0.3025114052536292, "primacy": 0.8}, "datetime": {"elapsed": 13107.226875, "datetime": "2020-10-05 18:05:13", "delta": 65.245818}}
{"target": 7.533111111111111, "params": {"k": 3.0, "beta_enc": 0.1838860248852819, "gamma_fc": 0.4458282230338067, "enc_rate": 1.0, "beta_rec": 0.22376532937301585, "primacy": 0.8}, "datetime": {"elapsed": 13172.938671, "datetime": "2020-10-05 18:06:19", "delta": 65.711796}}
{"target": 7.584888888888888, "params": {"k": 3.0, "beta_enc": 0.0966175188321329, "gamma_fc": 0.4302195797040646, "enc_rate": 1.0, "beta_rec": 0.3240581992272808, "primacy": 0.8}, "datetime": {"elapsed": 13237.848138, "datetime": "2020-10-05 18:07:24", "delta": 64.909467}}
{"target": 7.499777777777777, "params": {"k": 3.0, "beta_enc": 0.10219000402047189, "gamma_fc": 0.4909479281642627, "enc_rate": 1.0, "beta_rec": 0.3334171768543136, "primacy": 0.8}, "datetime": {"elapsed": 13302.504795, "datetime": "2020-10-05 18:08:28", "delta": 64.656657}}
{"target": 7.511111111111111, "params": {"k": 3.0, "beta_enc": 0.10970899159942156, "gamma_fc": 0.4140995974266867, "enc_rate": 1.0, "beta_rec": 0.26147740435018646, "primacy": 0.8}, "datetime": {"elapsed": 13367.70215, "datetime": "2020-10-05 18:09:34", "delta": 65.197355}}
{"target": 7.537777777777778, "params": {"k": 3.0, "beta_enc": 0.07596821569311207, "gamma_fc": 0.38968960054362767, "enc_rate": 1.0, "beta_rec": 0.11379654120967253, "primacy": 0.8}, "datetime": {"elapsed": 13432.218864, "datetime": "2020-10-05 18:10:38", "delta": 64.516714}}
{"target": 7.5713333333333335, "params": {"k": 3.0, "beta_enc": 0.09654791584143967, "gamma_fc": 0.26817325636446254, "enc_rate": 1.0, "beta_rec": 0.3597709772007873, "primacy": 0.8}, "datetime": {"elapsed": 13497.929341, "datetime": "2020-10-05 18:11:44", "delta": 65.710477}}
{"target": 7.5215555555555556, "params": {"k": 3.0, "beta_enc": 0.09860086192958191, "gamma_fc": 0.12726397304621592, "enc_rate": 1.0, "beta_rec": 0.4026795285865494, "primacy": 0.8}, "datetime": {"elapsed": 13563.345469, "datetime": "2020-10-05 18:12:49", "delta": 65.416128}}
{"target": 7.559333333333333, "params": {"k": 3.0, "beta_enc": 0.1214496466843253, "gamma_fc": 0.06550002647445638, "enc_rate": 1.0, "beta_rec": 0.4146859089154359, "primacy": 0.8}, "datetime": {"elapsed": 13628.264171, "datetime": "2020-10-05 18:13:54", "delta": 64.918702}}
