{"target": 3.05, "params": {"cue_position": 5.0, "gamma_fc": 0.731728600739527, "beta_rec": 0.03457121987163425, "beta_enc": 0.799615261736028}, "datetime": {"elapsed": 9149.849668, "delta": 105.030432, "datetime": "2021-08-17 12:53:43"}}
{"target": 8.267777777777777, "params": {"cue_position": 5.0, "gamma_fc": 0.34529746159108154, "beta_rec": 0.2570692988221467, "beta_enc": 0.2596983932983531}, "datetime": {"elapsed": 9256.565155, "delta": 106.715487, "datetime": "2021-08-17 12:55:30"}}
{"target": 3.8222222222222224, "params": {"cue_position": 5.0, "gamma_fc": 0.9904717836238407, "beta_rec": 0.44614623200345727, "beta_enc": 0.7965886780072875}, "datetime": {"elapsed": 9364.021213, "delta": 107.456058, "datetime": "2021-08-17 12:57:18"}}
{"target": 8.398888888888889, "params": {"cue_position": 5.0, "gamma_fc": 0.5415593788873733, "beta_rec": 0.14300582825809938, "beta_enc": 0.30024833953390007}, "datetime": {"elapsed": 9471.159073, "delta": 107.13786, "datetime": "2021-08-17 12:59:05"}}
{"target": 2.431111111111111, "params": {"cue_position": 5.0, "gamma_fc": 0.5460708041429516, "beta_rec": 0.6366044000018972, "beta_enc": 0.9747403708550822}, "datetime": {"elapsed": 9576.713696, "delta": 105.554623, "datetime": "2021-08-17 13:00:50"}}
{"target": 2.4255555555555555, "params": {"cue_position": 5.0, "gamma_fc": 0.026218567296373285, "beta_rec": 0.1354279030721699, "beta_enc": 0.5264259339055213}, "datetime": {"elapsed": 9682.844764, "delta": 106.131068, "datetime": "2021-08-17 13:02:36"}}
{"target": 6.182222222222222, "params": {"cue_position": 5.0, "gamma_fc": 0.36654309724374434, "beta_rec": 0.7456371927074961, "beta_enc": 0.1603951795196491}, "datetime": {"elapsed": 9789.010645, "delta": 106.165881, "datetime": "2021-08-17 13:04:23"}}
{"target": 4.627777777777778, "params": {"cue_position": 5.0, "gamma_fc": 0.18863680095531088, "beta_rec": 0.6926777175073543, "beta_enc": 0.8623462528380441}, "datetime": {"elapsed": 9895.10326, "delta": 106.092615, "datetime": "2021-08-17 13:06:09"}}
{"target": 5.945555555555556, "params": {"cue_position": 5.0, "gamma_fc": 0.20390622523312185, "beta_rec": 0.5815774073442912, "beta_enc": 0.44190428074842336}, "datetime": {"elapsed": 10001.110078, "delta": 106.006818, "datetime": "2021-08-17 13:07:55"}}
{"target": 8.37888888888889, "params": {"cue_position": 5.0, "gamma_fc": 0.4569753274356928, "beta_rec": 0.26217308377291193, "beta_enc": 0.24773290176235485}, "datetime": {"elapsed": 10108.14284, "delta": 107.032762, "datetime": "2021-08-17 13:09:42"}}
{"target": 8.03888888888889, "params": {"cue_position": 5.0, "gamma_fc": 0.7986042447602102, "beta_rec": 0.5085162406102396, "beta_enc": 0.05692943841109499}, "datetime": {"elapsed": 10215.861985, "delta": 107.719145, "datetime": "2021-08-17 13:11:29"}}
{"target": 8.36, "params": {"cue_position": 5.0, "gamma_fc": 0.8438404289311888, "beta_rec": 0.02760601195450363, "beta_enc": 0.29733138150727223}, "datetime": {"elapsed": 10323.391892, "delta": 107.529907, "datetime": "2021-08-17 13:13:17"}}
{"target": 6.254444444444444, "params": {"cue_position": 5.0, "gamma_fc": 0.5409518049621886, "beta_rec": 0.7498583107261434, "beta_enc": 0.3810161240622142}, "datetime": {"elapsed": 10430.143736, "delta": 106.751844, "datetime": "2021-08-17 13:15:04"}}
{"target": 8.431111111111111, "params": {"cue_position": 5.0, "gamma_fc": 0.16668644940649358, "beta_rec": 0.19285205242523332, "beta_enc": 0.19067159373598647}, "datetime": {"elapsed": 10542.181569, "delta": 112.037833, "datetime": "2021-08-17 13:16:56"}}
{"target": 8.641111111111112, "params": {"cue_position": 5.0, "gamma_fc": 0.7311523227661566, "beta_rec": 0.12446287723223373, "beta_enc": 0.12899341989820232}, "datetime": {"elapsed": 10654.951418, "delta": 112.769849, "datetime": "2021-08-17 13:18:49"}}
{"target": 8.71888888888889, "params": {"cue_position": 5.0, "gamma_fc": 0.2852849637447279, "beta_rec": 0.043853156431955975, "beta_enc": 0.06319104012276805}, "datetime": {"elapsed": 10766.976842, "delta": 112.025424, "datetime": "2021-08-17 13:20:41"}}
{"target": 8.688888888888888, "params": {"cue_position": 5.0, "gamma_fc": 0.48024061252771244, "beta_rec": 0.05915281425410213, "beta_enc": 0.14121592881960435}, "datetime": {"elapsed": 10880.387322, "delta": 113.41048, "datetime": "2021-08-17 13:22:34"}}
{"target": 8.71, "params": {"cue_position": 5.0, "gamma_fc": 0.5808204443944398, "beta_rec": 0.08866689821559481, "beta_enc": 0.16201137316606395}, "datetime": {"elapsed": 10993.789279, "delta": 113.401957, "datetime": "2021-08-17 13:24:27"}}
{"target": 8.525555555555556, "params": {"cue_position": 5.0, "gamma_fc": 0.8932103575222236, "beta_rec": 0.23148679031016037, "beta_enc": 0.10802941754519325}, "datetime": {"elapsed": 11106.159675, "delta": 112.370396, "datetime": "2021-08-17 13:26:20"}}
{"target": 8.61888888888889, "params": {"cue_position": 5.0, "gamma_fc": 0.6046251407135802, "beta_rec": 0.1565885397380903, "beta_enc": 0.15969064811963027}, "datetime": {"elapsed": 11217.779673, "delta": 111.619998, "datetime": "2021-08-17 13:28:11"}}
{"target": 8.721111111111112, "params": {"cue_position": 5.0, "gamma_fc": 0.25188670455927803, "beta_rec": 0.04029323049723108, "beta_enc": 0.08250401933429195}, "datetime": {"elapsed": 11329.989124, "delta": 112.209451, "datetime": "2021-08-17 13:30:04"}}
{"target": 8.734444444444444, "params": {"cue_position": 5.0, "gamma_fc": 0.3249230959528196, "beta_rec": 0.0265019868642042, "beta_enc": 0.1253804623947206}, "datetime": {"elapsed": 11441.284419, "delta": 111.295295, "datetime": "2021-08-17 13:31:55"}}
{"target": 8.702222222222222, "params": {"cue_position": 5.0, "gamma_fc": 0.6677292334763186, "beta_rec": 0.06015305688470833, "beta_enc": 0.13295412319874633}, "datetime": {"elapsed": 11552.24401, "delta": 110.959591, "datetime": "2021-08-17 13:33:46"}}
{"target": 8.665555555555555, "params": {"cue_position": 5.0, "gamma_fc": 0.2793796396491615, "beta_rec": 0.00487832576770604, "beta_enc": 0.07364742107511722}, "datetime": {"elapsed": 11663.416756, "delta": 111.172746, "datetime": "2021-08-17 13:35:37"}}
{"target": 8.67, "params": {"cue_position": 5.0, "gamma_fc": 0.38974199683017513, "beta_rec": 0.030452623742599855, "beta_enc": 0.15659324943061884}, "datetime": {"elapsed": 11774.967008, "delta": 111.550252, "datetime": "2021-08-17 13:37:29"}}
{"target": 8.655555555555555, "params": {"cue_position": 5.0, "gamma_fc": 0.2921874444765085, "beta_rec": 0.052330650296889415, "beta_enc": 0.1574195949120885}, "datetime": {"elapsed": 11886.208652, "delta": 111.241644, "datetime": "2021-08-17 13:39:20"}}
{"target": 8.70111111111111, "params": {"cue_position": 5.0, "gamma_fc": 0.5629161533569611, "beta_rec": 0.02784037591589827, "beta_enc": 0.13781568795112492}, "datetime": {"elapsed": 11997.876962, "delta": 111.66831, "datetime": "2021-08-17 13:41:11"}}
{"target": 8.636666666666667, "params": {"cue_position": 5.0, "gamma_fc": 0.7605057025148024, "beta_rec": 0.056139600604200986, "beta_enc": 0.19574072321244304}, "datetime": {"elapsed": 12109.070161, "delta": 111.193199, "datetime": "2021-08-17 13:43:03"}}
{"target": 8.703333333333333, "params": {"cue_position": 5.0, "gamma_fc": 0.3560702244310053, "beta_rec": 0.04260870473873805, "beta_enc": 0.10050157859638877}, "datetime": {"elapsed": 12220.139599, "delta": 111.069438, "datetime": "2021-08-17 13:44:54"}}
{"target": 8.622222222222222, "params": {"cue_position": 5.0, "gamma_fc": 0.6116672099254842, "beta_rec": 0.03780604834229332, "beta_enc": 0.1920600844499654}, "datetime": {"elapsed": 12330.952888, "delta": 110.813289, "datetime": "2021-08-17 13:46:45"}}
{"target": 8.622222222222222, "params": {"cue_position": 5.0, "gamma_fc": 0.2264660283767098, "beta_rec": 0.0826570002829635, "beta_enc": 0.048043823942390526}, "datetime": {"elapsed": 12442.712269, "delta": 111.759381, "datetime": "2021-08-17 13:48:36"}}
{"target": 8.768888888888888, "params": {"cue_position": 5.0, "gamma_fc": 0.6210535208618768, "beta_rec": 0.08945902287009089, "beta_enc": 0.09336624391541337}, "datetime": {"elapsed": 12553.629714, "delta": 110.917445, "datetime": "2021-08-17 13:50:27"}}
{"target": 8.61888888888889, "params": {"cue_position": 5.0, "gamma_fc": 0.5660808195530744, "beta_rec": 0.11335564123914703, "beta_enc": 0.08342335542301661}, "datetime": {"elapsed": 12664.943547, "delta": 111.313833, "datetime": "2021-08-17 13:52:19"}}
{"target": 8.695555555555556, "params": {"cue_position": 5.0, "gamma_fc": 0.8317539631053187, "beta_rec": 0.12360975168060691, "beta_enc": 0.22440391723534694}, "datetime": {"elapsed": 12776.460432, "delta": 111.516885, "datetime": "2021-08-17 13:54:10"}}
{"target": 8.65, "params": {"cue_position": 5.0, "gamma_fc": 0.6353265568966411, "beta_rec": 0.05658106054671762, "beta_enc": 0.07147560487782091}, "datetime": {"elapsed": 12888.013144, "delta": 111.552712, "datetime": "2021-08-17 13:56:02"}}
{"target": 8.633333333333333, "params": {"cue_position": 5.0, "gamma_fc": 0.6524846498485186, "beta_rec": 0.11357643192960917, "beta_enc": 0.09667062429549163}, "datetime": {"elapsed": 13000.059022, "delta": 112.045878, "datetime": "2021-08-17 13:57:54"}}
