{"target": -8541.746335139715, "params": {"epsilon_d": 3.628649694929715, "gamma_cf": 0.4019654109534372, "beta_rec": 0.968908259786203, "lr": 0.6616252195575906, "phi_s": 2.3517793647901772, "beta_enc": 0.32066954172518886, "s_cf": 0.43545548792311306, "k_intra": 8.584561901293041, "phi_d": 0.77144328030881, "gamma_fc": 0.16684123534358214}, "datetime": {"delta": 63.77628, "datetime": "2020-09-13 20:25:18", "elapsed": 26330.364112}}
{"target": -8644.079458291686, "params": {"epsilon_d": 3.2584103844701677, "gamma_cf": 0.3424719772081831, "beta_rec": 0.9438920598784923, "lr": 0.6698013153057266, "phi_s": 2.106751808768379, "beta_enc": 0.8615348526428392, "s_cf": 1.0, "k_intra": 3.516847775542286, "phi_d": 0.39112186140044314, "gamma_fc": 0.17595445769085166}, "datetime": {"delta": 62.427725, "datetime": "2020-09-13 20:26:21", "elapsed": 26392.791837}}
{"target": -8644.301182183643, "params": {"epsilon_d": 3.2476127360893665, "gamma_cf": 0.3424926452094509, "beta_rec": 0.9514007688075194, "lr": 0.6740458306991683, "phi_s": 2.1101190947291073, "beta_enc": 0.8671864123683265, "s_cf": 1.0, "k_intra": 3.5166678828171407, "phi_d": 0.39649034635552816, "gamma_fc": 0.1816144183804377}, "datetime": {"delta": 65.244724, "datetime": "2020-09-13 20:27:26", "elapsed": 26458.036561}}
{"target": -8643.981570536622, "params": {"epsilon_d": 3.2531305655773646, "gamma_cf": 0.3423756780052147, "beta_rec": 0.9473761231906974, "lr": 0.6672479491609364, "phi_s": 2.109364899365041, "beta_enc": 0.8618576420565706, "s_cf": 1.0, "k_intra": 3.512814528477826, "phi_d": 0.3904715513794607, "gamma_fc": 0.17414003088044036}, "datetime": {"delta": 67.950801, "datetime": "2020-09-13 20:28:34", "elapsed": 26525.987362}}
{"target": -8644.047448891306, "params": {"epsilon_d": 3.2490456985474965, "gamma_cf": 0.34742446234233265, "beta_rec": 0.9474577196852244, "lr": 0.6675486574589953, "phi_s": 2.1115074768822106, "beta_enc": 0.859768090257951, "s_cf": 1.0, "k_intra": 3.512529283312584, "phi_d": 0.38766946013441334, "gamma_fc": 0.17126701964018265}, "datetime": {"delta": 70.987624, "datetime": "2020-09-13 20:29:45", "elapsed": 26596.974986}}
{"target": -8644.010524651823, "params": {"epsilon_d": 3.2507690924919914, "gamma_cf": 0.34247317404297384, "beta_rec": 0.9487253702569519, "lr": 0.6690453413012613, "phi_s": 2.10996059687073, "beta_enc": 0.8589516177701628, "s_cf": 0.9999898577722816, "k_intra": 3.5129361128834202, "phi_d": 0.390412282075145, "gamma_fc": 0.17651333422547072}, "datetime": {"delta": 63.816114, "datetime": "2020-09-13 20:30:49", "elapsed": 26660.7911}}
{"target": -8643.893718977983, "params": {"epsilon_d": 3.2533962274363817, "gamma_cf": 0.341324820630615, "beta_rec": 0.9468707662813229, "lr": 0.6682291908066422, "phi_s": 2.1144102398313525, "beta_enc": 0.8647135438777835, "s_cf": 1.0, "k_intra": 3.5162052068251968, "phi_d": 0.3867855833571235, "gamma_fc": 0.17000127651808786}, "datetime": {"delta": 67.542696, "datetime": "2020-09-13 20:31:56", "elapsed": 26728.333796}}
{"target": -8543.65519519736, "params": {"epsilon_d": 3.6284109485178573, "gamma_cf": 0.40293153913363805, "beta_rec": 0.9750308014113421, "lr": 0.6686787586960751, "phi_s": 2.3469662079437827, "beta_enc": 0.32382620979426346, "s_cf": 0.43329553653716263, "k_intra": 8.577623656229585, "phi_d": 0.7670138300484266, "gamma_fc": 0.1805608388477774}, "datetime": {"delta": 71.156708, "datetime": "2020-09-13 20:33:08", "elapsed": 26799.490504}}
{"target": -8643.70136437417, "params": {"epsilon_d": 3.2443903604797715, "gamma_cf": 0.33968764988185707, "beta_rec": 0.9466870205730853, "lr": 0.6677202672207357, "phi_s": 2.1147891471742626, "beta_enc": 0.8638729903710545, "s_cf": 1.0, "k_intra": 3.5085535814233038, "phi_d": 0.3849710090682316, "gamma_fc": 0.17034698636690312}, "datetime": {"delta": 64.25797, "datetime": "2020-09-13 20:34:12", "elapsed": 26863.748474}}
{"target": -8644.025079096422, "params": {"epsilon_d": 3.2343818890040783, "gamma_cf": 0.3309578371391332, "beta_rec": 0.9421473866837891, "lr": 0.6680370017521228, "phi_s": 2.11606082520762, "beta_enc": 0.8629585000422875, "s_cf": 1.0, "k_intra": 3.5051388954461586, "phi_d": 0.3881230137417761, "gamma_fc": 0.17104996197667413}, "datetime": {"delta": 65.621138, "datetime": "2020-09-13 20:35:17", "elapsed": 26929.369612}}
{"target": -8540.82210115265, "params": {"epsilon_d": 3.6351111913457874, "gamma_cf": 0.4078635955632475, "beta_rec": 0.9636412185061827, "lr": 0.6622135437594725, "phi_s": 2.353774915950712, "beta_enc": 0.31963964694558267, "s_cf": 0.4397260815566955, "k_intra": 8.58277436252416, "phi_d": 0.7695360490995865, "gamma_fc": 0.16521590160761696}, "datetime": {"delta": 72.771873, "datetime": "2020-09-13 20:36:30", "elapsed": 27002.141485}}
{"target": -8539.910144264897, "params": {"epsilon_d": 3.6385064164342835, "gamma_cf": 0.4085648523738288, "beta_rec": 0.9623794069274204, "lr": 0.6610136633552796, "phi_s": 2.3568099686479203, "beta_enc": 0.31701022613576035, "s_cf": 0.44376766917779026, "k_intra": 8.578510759252772, "phi_d": 0.7664017219816898, "gamma_fc": 0.16509667984417986}, "datetime": {"delta": 65.191132, "datetime": "2020-09-13 20:37:35", "elapsed": 27067.332617}}
{"target": -8643.77096180061, "params": {"epsilon_d": 3.2465161634756625, "gamma_cf": 0.3386974637154292, "beta_rec": 0.9460116070607579, "lr": 0.6690366135578033, "phi_s": 2.111621448114188, "beta_enc": 0.8637330667996043, "s_cf": 1.0, "k_intra": 3.5065635693460333, "phi_d": 0.38233798131444485, "gamma_fc": 0.16892407401309503}, "datetime": {"delta": 61.949369, "datetime": "2020-09-13 20:38:37", "elapsed": 27129.281986}}
{"target": -8643.872736415487, "params": {"epsilon_d": 3.2444367243704626, "gamma_cf": 0.33647467882281684, "beta_rec": 0.947790294100021, "lr": 0.668223403749764, "phi_s": 2.1101252574193996, "beta_enc": 0.8675199362524387, "s_cf": 1.0, "k_intra": 3.507404907256012, "phi_d": 0.3852017215401573, "gamma_fc": 0.1728707420641732}, "datetime": {"delta": 64.280054, "datetime": "2020-09-13 20:39:42", "elapsed": 27193.56204}}
{"target": -8643.795264469301, "params": {"epsilon_d": 3.24710628512763, "gamma_cf": 0.338244200414864, "beta_rec": 0.9478807187703063, "lr": 0.6741959128323367, "phi_s": 2.1201273348765617, "beta_enc": 0.8668961196693269, "s_cf": 1.0, "k_intra": 3.508296235754614, "phi_d": 0.38648727458439264, "gamma_fc": 0.16793499925498542}, "datetime": {"delta": 64.603331, "datetime": "2020-09-13 20:40:46", "elapsed": 27258.165371}}
{"target": -8643.855683989887, "params": {"epsilon_d": 3.2486774209282614, "gamma_cf": 0.34139040305179813, "beta_rec": 0.945825229071115, "lr": 0.6764972044082549, "phi_s": 2.121679033294933, "beta_enc": 0.8680855551895643, "s_cf": 0.9998985362488964, "k_intra": 3.504854222652265, "phi_d": 0.3843954570682924, "gamma_fc": 0.16498085537544918}, "datetime": {"delta": 69.234793, "datetime": "2020-09-13 20:41:56", "elapsed": 27327.400164}}
{"target": -8643.973438529521, "params": {"epsilon_d": 3.245050450568298, "gamma_cf": 0.3345920154708714, "beta_rec": 0.9464906006400747, "lr": 0.6740305413302984, "phi_s": 2.112101026460523, "beta_enc": 0.8642628571727015, "s_cf": 1.0, "k_intra": 3.501263873334445, "phi_d": 0.3851277716816105, "gamma_fc": 0.16543249635317}, "datetime": {"delta": 65.319186, "datetime": "2020-09-13 20:43:01", "elapsed": 27392.71935}}
{"target": -8643.6433747338, "params": {"epsilon_d": 3.236686824740566, "gamma_cf": 0.3393740604162447, "beta_rec": 0.943625668109836, "lr": 0.6680222149173484, "phi_s": 2.1150156596310516, "beta_enc": 0.8691190423970339, "s_cf": 1.0, "k_intra": 3.504737880687109, "phi_d": 0.3843925417950463, "gamma_fc": 0.17188306903799608}, "datetime": {"delta": 66.921218, "datetime": "2020-09-13 20:44:08", "elapsed": 27459.640568}}
{"target": -8643.6235144845, "params": {"epsilon_d": 3.2409740922246777, "gamma_cf": 0.3408683453699415, "beta_rec": 0.9424783542276366, "lr": 0.6716567356136417, "phi_s": 2.122417441430684, "beta_enc": 0.8685997306626685, "s_cf": 0.9999999418368626, "k_intra": 3.509192607981216, "phi_d": 0.3833190376740419, "gamma_fc": 0.17675351945946485}, "datetime": {"delta": 67.169409, "datetime": "2020-09-13 20:45:15", "elapsed": 27526.809977}}
{"target": -8537.85314722731, "params": {"epsilon_d": 3.6343712966099013, "gamma_cf": 0.40686850907914485, "beta_rec": 0.9662486740996687, "lr": 0.6585421412118001, "phi_s": 2.365114377893052, "beta_enc": 0.3177402626449004, "s_cf": 0.45361798965430333, "k_intra": 8.572863543703072, "phi_d": 0.7581429058469905, "gamma_fc": 0.16683347556598052}, "datetime": {"delta": 69.3542, "datetime": "2020-09-13 20:46:24", "elapsed": 27596.164177}}
{"target": -8643.80348246246, "params": {"epsilon_d": 3.24611370747602, "gamma_cf": 0.3394158581153521, "beta_rec": 0.9396005104487442, "lr": 0.6735785728325845, "phi_s": 2.1299360824996203, "beta_enc": 0.8728278938990267, "s_cf": 1.0, "k_intra": 3.507028700913778, "phi_d": 0.3789217370390419, "gamma_fc": 0.1753946195367294}, "datetime": {"delta": 66.239909, "datetime": "2020-09-13 20:47:31", "elapsed": 27662.404086}}
{"target": -8643.784880874022, "params": {"epsilon_d": 3.2370171754297448, "gamma_cf": 0.3400895879584496, "beta_rec": 0.9448004836444345, "lr": 0.665883310185469, "phi_s": 2.114213125704102, "beta_enc": 0.8724827962704484, "s_cf": 1.0, "k_intra": 3.5027276479681033, "phi_d": 0.37974254479096725, "gamma_fc": 0.1709824389318582}, "datetime": {"delta": 70.791039, "datetime": "2020-09-13 20:48:41", "elapsed": 27733.195125}}
{"target": -8644.00492688048, "params": {"epsilon_d": 3.242284909033431, "gamma_cf": 0.338907705625138, "beta_rec": 0.9373399739897362, "lr": 0.6706285197213921, "phi_s": 2.1140250249218027, "beta_enc": 0.8718234863034384, "s_cf": 1.0, "k_intra": 3.510592909694579, "phi_d": 0.38071683437748477, "gamma_fc": 0.1710958629885345}, "datetime": {"delta": 63.677613, "datetime": "2020-09-13 20:49:45", "elapsed": 27796.872738}}
{"target": -8535.864406417977, "params": {"epsilon_d": 3.6270909591455442, "gamma_cf": 0.40522822162149497, "beta_rec": 0.9676432469847617, "lr": 0.655236761310112, "phi_s": 2.371553984880898, "beta_enc": 0.3204146422932606, "s_cf": 0.46757927767504265, "k_intra": 8.569276335311411, "phi_d": 0.74791610339882, "gamma_fc": 0.16950917234472399}, "datetime": {"delta": 68.158462, "datetime": "2020-09-13 20:50:53", "elapsed": 27865.0312}}
{"target": -8643.367112229169, "params": {"epsilon_d": 3.227349831036549, "gamma_cf": 0.3431551112807846, "beta_rec": 0.945170625016115, "lr": 0.6664206273199075, "phi_s": 2.1245559081752132, "beta_enc": 0.8652609108498062, "s_cf": 1.0, "k_intra": 3.4965913645953055, "phi_d": 0.3836907342587156, "gamma_fc": 0.17758126987525216}, "datetime": {"delta": 62.873315, "datetime": "2020-09-13 20:51:56", "elapsed": 27927.904515}}
{"target": -8535.0682821693, "params": {"epsilon_d": 3.6194226274345063, "gamma_cf": 0.40370431299895904, "beta_rec": 0.9652603379003841, "lr": 0.6594859381921321, "phi_s": 2.3728843215317434, "beta_enc": 0.3232004504467319, "s_cf": 0.47562110020482207, "k_intra": 8.56693490090771, "phi_d": 0.7410087291138068, "gamma_fc": 0.171237701603842}, "datetime": {"delta": 67.56767, "datetime": "2020-09-13 20:53:04", "elapsed": 27995.472185}}
{"target": -8643.46633607488, "params": {"epsilon_d": 3.233132174650977, "gamma_cf": 0.3425625406355675, "beta_rec": 0.9455347185305445, "lr": 0.6672907021778515, "phi_s": 2.1261735624872844, "beta_enc": 0.8647237031302236, "s_cf": 1.0, "k_intra": 3.495549085676777, "phi_d": 0.37914459496469466, "gamma_fc": 0.1795028280042257}, "datetime": {"delta": 63.25953, "datetime": "2020-09-13 20:54:07", "elapsed": 28058.731715}}
{"target": -8643.426482559194, "params": {"epsilon_d": 3.2308907531770785, "gamma_cf": 0.34368934504536514, "beta_rec": 0.9451142570812779, "lr": 0.6703317762811414, "phi_s": 2.1317310466877197, "beta_enc": 0.862927344626504, "s_cf": 1.0, "k_intra": 3.4908147684216617, "phi_d": 0.38098792368172935, "gamma_fc": 0.18229378303389207}, "datetime": {"delta": 67.387575, "datetime": "2020-09-13 20:55:14", "elapsed": 28126.11929}}
{"target": -8643.479414952728, "params": {"epsilon_d": 3.2252075354537038, "gamma_cf": 0.3460962125856698, "beta_rec": 0.9460792416804592, "lr": 0.6697758436257782, "phi_s": 2.135572614026557, "beta_enc": 0.8695261503878209, "s_cf": 1.0, "k_intra": 3.487720015724199, "phi_d": 0.3874173132025569, "gamma_fc": 0.17601347476214277}, "datetime": {"delta": 66.197001, "datetime": "2020-09-13 20:56:20", "elapsed": 28192.316291}}
{"target": -8643.35501775065, "params": {"epsilon_d": 3.2312796789170455, "gamma_cf": 0.3422860714263944, "beta_rec": 0.9448203590572968, "lr": 0.6706318646791221, "phi_s": 2.126790674784915, "beta_enc": 0.8644094974223493, "s_cf": 0.9999999939304971, "k_intra": 3.4952232947917556, "phi_d": 0.3860076392309719, "gamma_fc": 0.1755212736612921}, "datetime": {"delta": 76.042591, "datetime": "2020-09-13 20:57:36", "elapsed": 28268.358882}}
{"target": -8643.576859567784, "params": {"epsilon_d": 3.230801830026067, "gamma_cf": 0.34643205643773006, "beta_rec": 0.9407287380674018, "lr": 0.6719849851936814, "phi_s": 2.127261253633817, "beta_enc": 0.8679014842306925, "s_cf": 0.9999999998170661, "k_intra": 3.4960554471002734, "phi_d": 0.38410475302168423, "gamma_fc": 0.17662324784389719}, "datetime": {"delta": 64.458307, "datetime": "2020-09-13 20:58:41", "elapsed": 28332.817189}}
{"target": -8643.39093047661, "params": {"epsilon_d": 3.225909699228789, "gamma_cf": 0.33759014508114626, "beta_rec": 0.9460851215554136, "lr": 0.6605320979385072, "phi_s": 2.1297982623298486, "beta_enc": 0.8707189803995056, "s_cf": 1.0, "k_intra": 3.489817316987267, "phi_d": 0.3790834610229476, "gamma_fc": 0.1787217635996747}, "datetime": {"delta": 67.087724, "datetime": "2020-09-13 20:59:48", "elapsed": 28399.904913}}
{"target": -8643.496178578807, "params": {"epsilon_d": 3.2341193012075355, "gamma_cf": 0.3408132619405046, "beta_rec": 0.9442444854404712, "lr": 0.6610431189697903, "phi_s": 2.1237002478110276, "beta_enc": 0.8626764141622832, "s_cf": 1.0, "k_intra": 3.4960633651461617, "phi_d": 0.3848379957965643, "gamma_fc": 0.18173249307867648}, "datetime": {"delta": 67.369653, "datetime": "2020-09-13 21:00:55", "elapsed": 28467.274566}}
{"target": -8643.812836384115, "params": {"epsilon_d": 3.2248176953704513, "gamma_cf": 0.3433258807861103, "beta_rec": 0.9493198188015652, "lr": 0.665410718260998, "phi_s": 2.1313691461598165, "beta_enc": 0.872105724112332, "s_cf": 0.9999999999730356, "k_intra": 3.489556931884169, "phi_d": 0.37875713457289595, "gamma_fc": 0.1825623537748195}, "datetime": {"delta": 65.619553, "datetime": "2020-09-13 21:02:01", "elapsed": 28532.894119}}
{"target": -8643.61091600749, "params": {"epsilon_d": 3.2396865807051323, "gamma_cf": 0.3470770264953064, "beta_rec": 0.9406882837452627, "lr": 0.6598276017049056, "phi_s": 2.1311915048246997, "beta_enc": 0.8643472376419014, "s_cf": 1.0, "k_intra": 3.492137258656093, "phi_d": 0.3854171393893119, "gamma_fc": 0.17030131802961068}, "datetime": {"delta": 64.146744, "datetime": "2020-09-13 21:03:05", "elapsed": 28597.040863}}
{"target": -8535.104148953138, "params": {"epsilon_d": 3.6151350422323896, "gamma_cf": 0.4058242637354054, "beta_rec": 0.9626425989644984, "lr": 0.6650541919124155, "phi_s": 2.3744176206808314, "beta_enc": 0.3262827497353519, "s_cf": 0.48023501766853316, "k_intra": 8.569051148523597, "phi_d": 0.7379057150003949, "gamma_fc": 0.17239381452727667}, "datetime": {"delta": 71.440054, "datetime": "2020-09-13 21:04:17", "elapsed": 28668.480917}}
{"target": -8643.42421503937, "params": {"epsilon_d": 3.235260839804051, "gamma_cf": 0.34106434086439846, "beta_rec": 0.9463641879792571, "lr": 0.6678649948030081, "phi_s": 2.1247147095119843, "beta_enc": 0.8637491649787704, "s_cf": 1.0, "k_intra": 3.5022085499161846, "phi_d": 0.3861204795270806, "gamma_fc": 0.1745731273772106}, "datetime": {"delta": 70.053285, "datetime": "2020-09-13 21:05:27", "elapsed": 28738.534202}}
{"target": -8643.322401582756, "params": {"epsilon_d": 3.222269127001664, "gamma_cf": 0.3394867668690153, "beta_rec": 0.9400516420449103, "lr": 0.6661246538244489, "phi_s": 2.1307041310045243, "beta_enc": 0.8663885164584182, "s_cf": 1.0, "k_intra": 3.491028146915655, "phi_d": 0.3875338405288388, "gamma_fc": 0.17830538877176375}, "datetime": {"delta": 71.957995, "datetime": "2020-09-13 21:06:39", "elapsed": 28810.492197}}
{"target": -8643.17042435764, "params": {"epsilon_d": 3.218832448592759, "gamma_cf": 0.3348882234085167, "beta_rec": 0.941432171905487, "lr": 0.6682178475773196, "phi_s": 2.1363623250677657, "beta_enc": 0.8666039014339153, "s_cf": 1.0, "k_intra": 3.4883867289950743, "phi_d": 0.378292016989669, "gamma_fc": 0.17098974405481682}, "datetime": {"delta": 66.5191, "datetime": "2020-09-13 21:07:45", "elapsed": 28877.011297}}
{"target": -8534.758758959779, "params": {"epsilon_d": 3.6135756509364394, "gamma_cf": 0.4017307080762839, "beta_rec": 0.9604100094500669, "lr": 0.6642450220213456, "phi_s": 2.3745235566903347, "beta_enc": 0.32441685688770555, "s_cf": 0.4812491799280974, "k_intra": 8.564249383072157, "phi_d": 0.7369066364251934, "gamma_fc": 0.1683713278833059}, "datetime": {"delta": 68.502895, "datetime": "2020-09-13 21:08:54", "elapsed": 28945.514192}}
{"target": -8642.8189761332, "params": {"epsilon_d": 3.214189769372533, "gamma_cf": 0.33495410208870713, "beta_rec": 0.9443558320872103, "lr": 0.6673446121225131, "phi_s": 2.148353742175226, "beta_enc": 0.8577324075514619, "s_cf": 1.0, "k_intra": 3.491528338148932, "phi_d": 0.3811105417455836, "gamma_fc": 0.17702022591505603}, "datetime": {"delta": 66.974365, "datetime": "2020-09-13 21:10:01", "elapsed": 29012.488557}}
{"target": -8642.748552410743, "params": {"epsilon_d": 3.2109978604797558, "gamma_cf": 0.33232651358412024, "beta_rec": 0.9454752502968227, "lr": 0.663533903808021, "phi_s": 2.154768765151473, "beta_enc": 0.8574555658370989, "s_cf": 1.0, "k_intra": 3.4878877295498065, "phi_d": 0.37784764878461663, "gamma_fc": 0.1725214535826057}, "datetime": {"delta": 67.952951, "datetime": "2020-09-13 21:11:09", "elapsed": 29080.441508}}
{"target": -8642.451119686706, "params": {"epsilon_d": 3.1999503842106902, "gamma_cf": 0.33859792191175314, "beta_rec": 0.9405679207349494, "lr": 0.6663293291695089, "phi_s": 2.1538706802170053, "beta_enc": 0.8552219688657747, "s_cf": 1.0, "k_intra": 3.4876469933761705, "phi_d": 0.3760503983618552, "gamma_fc": 0.1752532723984795}, "datetime": {"delta": 66.013375, "datetime": "2020-09-13 21:12:15", "elapsed": 29146.454883}}
{"target": -8535.427809241686, "params": {"epsilon_d": 3.614860667200992, "gamma_cf": 0.40050923061292615, "beta_rec": 0.9605715257477118, "lr": 0.6650243262192701, "phi_s": 2.3733767871666966, "beta_enc": 0.3239986793832779, "s_cf": 0.480912073734695, "k_intra": 8.562646288824853, "phi_d": 0.7396816375535542, "gamma_fc": 0.16796915084897218}, "datetime": {"delta": 68.331684, "datetime": "2020-09-13 21:13:23", "elapsed": 29214.786567}}
{"target": -8642.241454972722, "params": {"epsilon_d": 3.1852212032450775, "gamma_cf": 0.3401284880838678, "beta_rec": 0.9383920147381284, "lr": 0.6689154688727736, "phi_s": 2.165416531531919, "beta_enc": 0.8478605902657819, "s_cf": 1.0, "k_intra": 3.486878729668435, "phi_d": 0.3782737283411362, "gamma_fc": 0.1751747001462684}, "datetime": {"delta": 67.914547, "datetime": "2020-09-13 21:14:31", "elapsed": 29282.701114}}
{"target": -8642.036551818006, "params": {"epsilon_d": 3.174612426567102, "gamma_cf": 0.336799575397873, "beta_rec": 0.9445947741169656, "lr": 0.6614921960393816, "phi_s": 2.16541533600675, "beta_enc": 0.8464356129244911, "s_cf": 1.0, "k_intra": 3.482554314112831, "phi_d": 0.3758059457786325, "gamma_fc": 0.17443457104079102}, "datetime": {"delta": 67.350934, "datetime": "2020-09-13 21:15:38", "elapsed": 29350.052048}}
{"target": -8532.130173322734, "params": {"epsilon_d": 3.6141168467421196, "gamma_cf": 0.40468795598956253, "beta_rec": 0.9597477508077253, "lr": 0.6592142834715871, "phi_s": 2.3756787368192103, "beta_enc": 0.3240871903573353, "s_cf": 0.4730232429088446, "k_intra": 8.567129313075522, "phi_d": 0.7254736680507083, "gamma_fc": 0.1683789119610437}, "datetime": {"delta": 72.559823, "datetime": "2020-09-13 21:16:51", "elapsed": 29422.611871}}
{"target": -8641.999442941828, "params": {"epsilon_d": 3.157134205864117, "gamma_cf": 0.3349182590024125, "beta_rec": 0.9415482802236741, "lr": 0.6615795175954443, "phi_s": 2.170408046781766, "beta_enc": 0.843027270546007, "s_cf": 1.0, "k_intra": 3.4803902911400857, "phi_d": 0.37224050740185527, "gamma_fc": 0.16971333177592715}, "datetime": {"delta": 66.793303, "datetime": "2020-09-13 21:17:58", "elapsed": 29489.405174}}
{"target": -8527.461281956828, "params": {"epsilon_d": 3.606033509534011, "gamma_cf": 0.40289814441900984, "beta_rec": 0.9534775976020615, "lr": 0.6584650775766593, "phi_s": 2.383364262301212, "beta_enc": 0.32519833102215645, "s_cf": 0.4683620720931031, "k_intra": 8.562123300454799, "phi_d": 0.6970771293183787, "gamma_fc": 0.1644273796695739}, "datetime": {"delta": 67.767758, "datetime": "2020-09-13 21:19:05", "elapsed": 29557.172932}}
{"target": -8641.886715642491, "params": {"epsilon_d": 3.1668574960009708, "gamma_cf": 0.3400367306638495, "beta_rec": 0.941632468521976, "lr": 0.6614072092609983, "phi_s": 2.1691431581088736, "beta_enc": 0.8466608950854602, "s_cf": 1.0, "k_intra": 3.474264551031093, "phi_d": 0.3750180874245171, "gamma_fc": 0.1701035152452781}, "datetime": {"delta": 67.470076, "datetime": "2020-09-13 21:20:13", "elapsed": 29624.643008}}
{"target": -8518.900428680077, "params": {"epsilon_d": 3.586033759245253, "gamma_cf": 0.39775674006699857, "beta_rec": 0.9526889822074736, "lr": 0.6692999737321704, "phi_s": 2.413762309246814, "beta_enc": 0.32700491658715164, "s_cf": 0.4729935985320514, "k_intra": 8.540093929301, "phi_d": 0.6468469865721032, "gamma_fc": 0.15817889073394337}, "datetime": {"delta": 76.428666, "datetime": "2020-09-13 21:21:29", "elapsed": 29701.071674}}
