{"target": 5.405333333333333, "params": {"beta_enc": 0.7965886780072875, "primacy": 0.4, "gamma_fc": 0.7827494147841719, "beta_rec": 0.44614623200345727}, "datetime": {"elapsed": 2906.613328, "delta": 28.825644, "datetime": "2020-11-23 15:27:30"}}
{"target": 7.402666666666667, "params": {"beta_enc": 0.30024833953390007, "primacy": 0.4, "gamma_fc": 0.9013084363492738, "beta_rec": 0.14300582825809938}, "datetime": {"elapsed": 2941.247939, "delta": 34.634611, "datetime": "2020-11-23 15:28:04"}}
{"target": 2.7013333333333334, "params": {"beta_enc": 0.9747403708550822, "primacy": 0.4, "gamma_fc": 0.9939130246104789, "beta_rec": 0.6366044000018972}, "datetime": {"elapsed": 2962.004561, "delta": 20.756622, "datetime": "2020-11-23 15:28:25"}}
{"target": 6.6068888888888875, "params": {"beta_enc": 0.5264259339055213, "primacy": 0.4, "gamma_fc": 0.3557051709838811, "beta_rec": 0.1354279030721699}, "datetime": {"elapsed": 2994.857203, "delta": 32.852642, "datetime": "2020-11-23 15:28:58"}}
{"target": 7.339555555555556, "params": {"beta_enc": 0.1603951795196491, "primacy": 0.4, "gamma_fc": 0.03039968992878883, "beta_rec": 0.7456371927074961}, "datetime": {"elapsed": 3030.011263, "delta": 35.15406, "datetime": "2020-11-23 15:29:33"}}
{"target": 5.247999999999999, "params": {"beta_enc": 0.8623462528380441, "primacy": 0.4, "gamma_fc": 0.6909421420661686, "beta_rec": 0.6926777175073543}, "datetime": {"elapsed": 3058.959174, "delta": 28.947911, "datetime": "2020-11-23 15:30:02"}}
{"target": 7.283555555555556, "params": {"beta_enc": 0.44190428074842336, "primacy": 0.4, "gamma_fc": 0.9897517076637052, "beta_rec": 0.5815774073442912}, "datetime": {"elapsed": 3093.929877, "delta": 34.970703, "datetime": "2020-11-23 15:30:37"}}
{"target": 7.498222222222222, "params": {"beta_enc": 0.24773290176235485, "primacy": 0.4, "gamma_fc": 0.7501724132979928, "beta_rec": 0.26217308377291193}, "datetime": {"elapsed": 3129.433815, "delta": 35.503938, "datetime": "2020-11-23 15:31:12"}}
{"target": 7.563111111111111, "params": {"beta_enc": 0.05692943841109499, "primacy": 0.4, "gamma_fc": 0.21196016464367595, "beta_rec": 0.5085162406102396}, "datetime": {"elapsed": 3165.218435, "delta": 35.78462, "datetime": "2020-11-23 15:31:48"}}
{"target": 7.347777777777777, "params": {"beta_enc": 0.29733138150727223, "primacy": 0.4, "gamma_fc": 0.593432449464621, "beta_rec": 0.02760601195450363}, "datetime": {"elapsed": 3200.425286, "delta": 35.206851, "datetime": "2020-11-23 15:32:23"}}
{"target": 7.335777777777778, "params": {"beta_enc": 0.3810161240622142, "primacy": 0.4, "gamma_fc": 0.5111414782971282, "beta_rec": 0.7498583107261434}, "datetime": {"elapsed": 3235.520806, "delta": 35.09552, "datetime": "2020-11-23 15:32:58"}}
{"target": 6.363777777777777, "params": {"beta_enc": 0.9594343210617524, "primacy": 0.4, "gamma_fc": 0.03232306662357398, "beta_rec": 0.8039608914986468}, "datetime": {"elapsed": 3267.446607, "delta": 31.925801, "datetime": "2020-11-23 15:33:30"}}
{"target": 7.037111111111111, "params": {"beta_enc": 0.46500148156350607, "primacy": 0.4, "gamma_fc": 0.2214327343234883, "beta_rec": 0.9475489413950998}, "datetime": {"elapsed": 3301.738485, "delta": 34.291878, "datetime": "2020-11-23 15:34:05"}}
{"target": 7.50311111111111, "params": {"beta_enc": 0.081473964877262, "primacy": 0.4, "gamma_fc": 0.10901876401906829, "beta_rec": 0.42861882866378653}, "datetime": {"elapsed": 3337.397623, "delta": 35.659138, "datetime": "2020-11-23 15:34:40"}}
{"target": 5.6659999999999995, "params": {"beta_enc": 0.8029632373737379, "primacy": 0.4, "gamma_fc": 0.7662113810757705, "beta_rec": 0.6968004961201785}, "datetime": {"elapsed": 3367.574689, "delta": 30.177066, "datetime": "2020-11-23 15:35:11"}}
{"target": 4.873333333333334, "params": {"beta_enc": 0.8458514830276777, "primacy": 0.4, "gamma_fc": 0.8240098704123188, "beta_rec": 0.42876877499944255}, "datetime": {"elapsed": 3395.299647, "delta": 27.724958, "datetime": "2020-11-23 15:35:38"}}
{"target": 7.509333333333333, "params": {"beta_enc": 0.1434230486702449, "primacy": 0.4, "gamma_fc": 0.01833264291300729, "beta_rec": 0.07838689985494796}, "datetime": {"elapsed": 3430.785277, "delta": 35.48563, "datetime": "2020-11-23 15:36:14"}}
{"target": 6.781999999999999, "params": {"beta_enc": 0.4585838137084318, "primacy": 0.4, "gamma_fc": 0.027783348848669953, "beta_rec": 0.11334192276759048}, "datetime": {"elapsed": 3464.263746, "delta": 33.478469, "datetime": "2020-11-23 15:36:47"}}
{"target": 7.307777777777778, "params": {"beta_enc": 0.3948504804606394, "primacy": 0.4, "gamma_fc": 0.45240482674645155, "beta_rec": 0.7469384956075251}, "datetime": {"elapsed": 3499.246669, "delta": 34.982923, "datetime": "2020-11-23 15:37:22"}}
{"target": 7.220666666666666, "params": {"beta_enc": 0.47807250671783097, "primacy": 0.4, "gamma_fc": 0.8031633421141696, "beta_rec": 0.47400392656219403}, "datetime": {"elapsed": 3533.929031, "delta": 34.682362, "datetime": "2020-11-23 15:37:57"}}
{"target": 3.699333333333334, "params": {"beta_enc": 0.904686160343623, "primacy": 0.4, "gamma_fc": 0.7738743427204187, "beta_rec": 0.037061047954035864}, "datetime": {"elapsed": 3558.171174, "delta": 24.242143, "datetime": "2020-11-23 15:38:21"}}
{"target": 5.610444444444445, "params": {"beta_enc": 0.6185135669120855, "primacy": 0.4, "gamma_fc": 0.538627282576347, "beta_rec": 0.010364261335231939}, "datetime": {"elapsed": 3588.188791, "delta": 30.017617, "datetime": "2020-11-23 15:38:51"}}
{"target": 3.880888888888889, "params": {"beta_enc": 0.9511937854902045, "primacy": 0.4, "gamma_fc": 0.7959669419422694, "beta_rec": 0.905402033702778}, "datetime": {"elapsed": 3613.262768, "delta": 25.073977, "datetime": "2020-11-23 15:39:16"}}
{"target": 7.504444444444445, "params": {"beta_enc": 0.14555823115839706, "primacy": 0.4, "gamma_fc": 0.187631672902434, "beta_rec": 0.15773006987053328}, "datetime": {"elapsed": 3649.375034, "delta": 36.112266, "datetime": "2020-11-23 15:39:52"}}
{"target": 5.221111111111111, "params": {"beta_enc": 0.9058094960083019, "primacy": 0.4, "gamma_fc": 0.7111224587658159, "beta_rec": 0.9899551783590737}, "datetime": {"elapsed": 3678.137036, "delta": 28.762002, "datetime": "2020-11-23 15:40:21"}}
{"target": 4.970222222222222, "params": {"beta_enc": 0.9092932045442544, "primacy": 0.4, "gamma_fc": 0.24985068022503676, "beta_rec": 0.4008737323711209}, "datetime": {"elapsed": 3706.164452, "delta": 28.027416, "datetime": "2020-11-23 15:40:49"}}
{"target": 7.468666666666667, "params": {"beta_enc": 0.119457050333729, "primacy": 0.4, "gamma_fc": 0.14679237341724316, "beta_rec": 0.8126105880328287}, "datetime": {"elapsed": 3741.558781, "delta": 35.394329, "datetime": "2020-11-23 15:41:24"}}
{"target": 4.895111111111111, "params": {"beta_enc": 0.8190891786335308, "primacy": 0.4, "gamma_fc": 0.9824174492929428, "beta_rec": 0.31058725179421}, "datetime": {"elapsed": 3769.46575, "delta": 27.906969, "datetime": "2020-11-23 15:41:52"}}
{"target": 6.862666666666667, "params": {"beta_enc": 0.5336533449712114, "primacy": 0.4, "gamma_fc": 0.9107728311738374, "beta_rec": 0.31446701118584963}, "datetime": {"elapsed": 3803.158026, "delta": 33.692276, "datetime": "2020-11-23 15:42:26"}}
{"target": 7.250444444444445, "params": {"beta_enc": 0.43359232727316455, "primacy": 0.4, "gamma_fc": 0.9388864773697133, "beta_rec": 0.5122926922783614}, "datetime": {"elapsed": 3838.095706, "delta": 34.93768, "datetime": "2020-11-23 15:43:01"}}
{"target": 6.603999999999999, "params": {"beta_enc": 0.7168786636316892, "primacy": 0.4, "gamma_fc": 0.027287223517468817, "beta_rec": 0.8910189542923389}, "datetime": {"elapsed": 3870.837758, "delta": 32.742052, "datetime": "2020-11-23 15:43:34"}}
{"target": 7.434666666666667, "params": {"beta_enc": 0.3259898117700253, "primacy": 0.4, "gamma_fc": 0.5585165509225178, "beta_rec": 0.8594893208655858}, "datetime": {"elapsed": 3905.815103, "delta": 34.977345, "datetime": "2020-11-23 15:44:09"}}
{"target": 7.106, "params": {"beta_enc": 0.45285349995153745, "primacy": 0.4, "gamma_fc": 0.2900968516874258, "beta_rec": 0.6283090375213571}, "datetime": {"elapsed": 3939.524415, "delta": 33.709312, "datetime": "2020-11-23 15:44:42"}}
{"target": 6.70288888888889, "params": {"beta_enc": 0.5767559349870908, "primacy": 0.4, "gamma_fc": 0.5172675985011298, "beta_rec": 0.3114442141324628}, "datetime": {"elapsed": 3972.05997, "delta": 32.535555, "datetime": "2020-11-23 15:45:15"}}
{"target": 7.156666666666666, "params": {"beta_enc": 0.426474788501396, "primacy": 0.4, "gamma_fc": 0.37129376127905445, "beta_rec": 0.2473960366023854}, "datetime": {"elapsed": 4005.874004, "delta": 33.814034, "datetime": "2020-11-23 15:45:49"}}
{"target": 3.7028888888888893, "params": {"beta_enc": 0.9368683813090937, "primacy": 0.4, "gamma_fc": 0.9202065143056605, "beta_rec": 0.8443299485657132}, "datetime": {"elapsed": 4029.629885, "delta": 23.755881, "datetime": "2020-11-23 15:46:13"}}
{"target": 7.535777777777777, "params": {"beta_enc": 0.08748220955359087, "primacy": 0.4, "gamma_fc": 0.31437661611405043, "beta_rec": 0.22730973628468876}, "datetime": {"elapsed": 4064.521493, "delta": 34.891608, "datetime": "2020-11-23 15:46:47"}}
{"target": 6.676, "params": {"beta_enc": 0.6070941619724605, "primacy": 0.4, "gamma_fc": 0.8163515118272141, "beta_rec": 0.41358641500116133}, "datetime": {"elapsed": 4097.014778, "delta": 32.493285, "datetime": "2020-11-23 15:47:20"}}
{"target": 5.861777777777777, "params": {"beta_enc": 0.7018765297563104, "primacy": 0.4, "gamma_fc": 0.5742190888408597, "beta_rec": 0.24035562484913886}, "datetime": {"elapsed": 4127.16862, "delta": 30.153842, "datetime": "2020-11-23 15:47:50"}}
{"target": 7.543777777777779, "params": {"beta_enc": 0.05696439948283272, "primacy": 0.4, "gamma_fc": 0.6641025553547935, "beta_rec": 0.22881367096037586}, "datetime": {"elapsed": 4162.130834, "delta": 34.962214, "datetime": "2020-11-23 15:48:25"}}
{"target": 6.798444444444445, "params": {"beta_enc": 0.5190159840736788, "primacy": 0.4, "gamma_fc": 0.5707158515462564, "beta_rec": 0.1747201501089225}, "datetime": {"elapsed": 4195.065275, "delta": 32.934441, "datetime": "2020-11-23 15:48:58"}}
{"target": 5.155111111111111, "params": {"beta_enc": 0.8168351087916219, "primacy": 0.4, "gamma_fc": 0.9759890683309049, "beta_rec": 0.5943726238309778}, "datetime": {"elapsed": 4223.732678, "delta": 28.667403, "datetime": "2020-11-23 15:49:27"}}
{"target": 5.862, "params": {"beta_enc": 0.5956079336026455, "primacy": 0.4, "gamma_fc": 0.09357709581748075, "beta_rec": 0.032426325314457105}, "datetime": {"elapsed": 4254.705708, "delta": 30.97303, "datetime": "2020-11-23 15:49:58"}}
{"target": 7.215999999999999, "params": {"beta_enc": 0.4517331486914753, "primacy": 0.4, "gamma_fc": 0.9753500342702865, "beta_rec": 0.37543483316785775}, "datetime": {"elapsed": 4289.68934, "delta": 34.983632, "datetime": "2020-11-23 15:50:33"}}
{"target": 3.1806666666666663, "params": {"beta_enc": 0.9727875919326552, "primacy": 0.4, "gamma_fc": 0.8242378396244978, "beta_rec": 0.7674748688630131}, "datetime": {"elapsed": 4312.403777, "delta": 22.714437, "datetime": "2020-11-23 15:50:55"}}
{"target": 6.305555555555555, "params": {"beta_enc": 0.668732770206732, "primacy": 0.4, "gamma_fc": 0.013136356923072245, "beta_rec": 0.47688233352119336}, "datetime": {"elapsed": 4344.577454, "delta": 32.173677, "datetime": "2020-11-23 15:51:28"}}
{"target": 7.184222222222222, "params": {"beta_enc": 0.49207180149355845, "primacy": 0.4, "gamma_fc": 0.4686283427461092, "beta_rec": 0.7300912110901043}, "datetime": {"elapsed": 4379.11204, "delta": 34.534586, "datetime": "2020-11-23 15:52:02"}}
{"target": 7.542, "params": {"beta_enc": 0.13766274094560316, "primacy": 0.4, "gamma_fc": 0.7582782604769962, "beta_rec": 0.01088873380347899}, "datetime": {"elapsed": 4414.672738, "delta": 35.560698, "datetime": "2020-11-23 15:52:38"}}
{"target": 3.9804444444444442, "params": {"beta_enc": 0.9843834501935107, "primacy": 0.4, "gamma_fc": 0.33870802548167966, "beta_rec": 0.220234226159156}, "datetime": {"elapsed": 4439.698906, "delta": 25.026168, "datetime": "2020-11-23 15:53:03"}}
{"target": 6.105555555555556, "params": {"beta_enc": 0.7548914570605327, "primacy": 0.4, "gamma_fc": 0.12482254311167629, "beta_rec": 0.46385778390029564}, "datetime": {"elapsed": 4471.133833, "delta": 31.434927, "datetime": "2020-11-23 15:53:34"}}
{"target": 7.243777777777778, "params": {"beta_enc": 0.5045191697009946, "primacy": 0.4, "gamma_fc": 0.7701499563120922, "beta_rec": 0.6738490080168676}, "datetime": {"elapsed": 4505.890079, "delta": 34.756246, "datetime": "2020-11-23 15:54:09"}}
{"target": 7.562222222222222, "params": {"beta_enc": 0.022915131322381765, "primacy": 0.4, "gamma_fc": 0.8099887106624163, "beta_rec": 0.5190823222119895}, "datetime": {"elapsed": 4541.542803, "delta": 35.652724, "datetime": "2020-11-23 15:54:44"}}
{"target": 6.709111111111111, "params": {"beta_enc": 0.6724698446537339, "primacy": 0.4, "gamma_fc": 0.44924675358663757, "beta_rec": 0.6868082266569918}, "datetime": {"elapsed": 4574.761124, "delta": 33.218321, "datetime": "2020-11-23 15:55:18"}}
{"target": 5.414, "params": {"beta_enc": 0.6443610847569929, "primacy": 0.4, "gamma_fc": 0.4844284455143756, "beta_rec": 0.005239837651465851}, "datetime": {"elapsed": 4604.27515, "delta": 29.514026, "datetime": "2020-11-23 15:55:47"}}
{"target": 5.479555555555555, "params": {"beta_enc": 0.8303995700373394, "primacy": 0.4, "gamma_fc": 0.6736984238986317, "beta_rec": 0.6491541971124779}, "datetime": {"elapsed": 4633.845654, "delta": 29.570504, "datetime": "2020-11-23 15:56:17"}}
{"target": 7.468666666666667, "params": {"beta_enc": 0.27411977516685215, "primacy": 0.4, "gamma_fc": 0.6717297848174203, "beta_rec": 0.5605299905360588}, "datetime": {"elapsed": 4669.278863, "delta": 35.433209, "datetime": "2020-11-23 15:56:52"}}
{"target": 4.559333333333333, "params": {"beta_enc": 0.8558283672539277, "primacy": 0.4, "gamma_fc": 0.7473208103319232, "beta_rec": 0.1950374860087073}, "datetime": {"elapsed": 4696.175433, "delta": 26.89657, "datetime": "2020-11-23 15:57:19"}}
{"target": 5.514444444444445, "params": {"beta_enc": 0.773799287244182, "primacy": 0.4, "gamma_fc": 0.8076984091122095, "beta_rec": 0.4277373293360762}, "datetime": {"elapsed": 4725.98253, "delta": 29.807097, "datetime": "2020-11-23 15:57:49"}}
{"target": 7.461111111111111, "params": {"beta_enc": 0.21369323762958115, "primacy": 0.4, "gamma_fc": 0.3086419476306511, "beta_rec": 0.7672845084217665}, "datetime": {"elapsed": 4761.522618, "delta": 35.540088, "datetime": "2020-11-23 15:58:24"}}
{"target": 5.507333333333333, "params": {"beta_enc": 0.7444731530777321, "primacy": 0.4, "gamma_fc": 0.21411213682064845, "beta_rec": 0.22139670090820107}, "datetime": {"elapsed": 4791.26468, "delta": 29.742062, "datetime": "2020-11-23 15:58:54"}}
{"target": 7.529999999999999, "params": {"beta_enc": 0.14251833776584466, "primacy": 0.4, "gamma_fc": 0.026627884691621473, "beta_rec": 0.3770825992073341}, "datetime": {"elapsed": 4826.916011, "delta": 35.651331, "datetime": "2020-11-23 15:59:30"}}
{"target": 6.723777777777778, "params": {"beta_enc": 0.6745640237634105, "primacy": 0.4, "gamma_fc": 0.0805295271283859, "beta_rec": 0.7997765368973863}, "datetime": {"elapsed": 4860.165245, "delta": 33.249234, "datetime": "2020-11-23 16:00:03"}}
{"target": 7.516444444444444, "params": {"beta_enc": 0.20762566180381437, "primacy": 0.4, "gamma_fc": 0.7113145181364867, "beta_rec": 0.9173335630816306}, "datetime": {"elapsed": 4895.772947, "delta": 35.607702, "datetime": "2020-11-23 16:00:39"}}
{"target": 7.365555555555555, "params": {"beta_enc": 0.30451798792062024, "primacy": 0.4, "gamma_fc": 0.43530595762951996, "beta_rec": 0.8348540476317985}, "datetime": {"elapsed": 4931.010928, "delta": 35.237981, "datetime": "2020-11-23 16:01:14"}}
{"target": 6.399777777777777, "params": {"beta_enc": 0.7060518043359332, "primacy": 0.4, "gamma_fc": 0.1262101037493587, "beta_rec": 0.47803130796528337}, "datetime": {"elapsed": 4963.322448, "delta": 32.31152, "datetime": "2020-11-23 16:01:46"}}
{"target": 7.535555555555556, "params": {"beta_enc": 0.15983365034409336, "primacy": 0.4, "gamma_fc": 0.43118175516037094, "beta_rec": 0.2026021252196626}, "datetime": {"elapsed": 4998.92317, "delta": 35.600722, "datetime": "2020-11-23 16:02:22"}}
{"target": 7.478222222222222, "params": {"beta_enc": 0.14675148076429412, "primacy": 0.4, "gamma_fc": 0.18874506687718595, "beta_rec": 0.7293189193611234}, "datetime": {"elapsed": 5034.361465, "delta": 35.438295, "datetime": "2020-11-23 16:02:57"}}
{"target": 5.3966666666666665, "params": {"beta_enc": 0.7543059505762987, "primacy": 0.4, "gamma_fc": 0.60095424810764, "beta_rec": 0.21073239208332073}, "datetime": {"elapsed": 5063.749937, "delta": 29.388472, "datetime": "2020-11-23 16:03:27"}}
{"target": 6.753777777777778, "params": {"beta_enc": 0.6382187106203334, "primacy": 0.4, "gamma_fc": 0.29548228565549706, "beta_rec": 0.5971273029466491}, "datetime": {"elapsed": 5096.972959, "delta": 33.223022, "datetime": "2020-11-23 16:04:00"}}
{"target": 3.753333333333333, "params": {"beta_enc": 0.9453084399999497, "primacy": 0.4, "gamma_fc": 0.7821818168314053, "beta_rec": 0.42556139026154693}, "datetime": {"elapsed": 5121.27255, "delta": 24.299591, "datetime": "2020-11-23 16:04:24"}}
{"target": 4.907111111111112, "params": {"beta_enc": 0.8352716024899659, "primacy": 0.4, "gamma_fc": 0.3950968688899732, "beta_rec": 0.1922500168221477}, "datetime": {"elapsed": 5149.100835, "delta": 27.828285, "datetime": "2020-11-23 16:04:52"}}
{"target": 7.577555555555556, "params": {"beta_enc": 0.08010364380604929, "primacy": 0.4, "gamma_fc": 0.37015417755373825, "beta_rec": 0.9046310029362429}, "datetime": {"elapsed": 5184.80943, "delta": 35.708595, "datetime": "2020-11-23 16:05:28"}}
{"target": 6.723777777777778, "params": {"beta_enc": 0.49411626589632507, "primacy": 0.4, "gamma_fc": 0.20645405888943302, "beta_rec": 0.13216114194293815}, "datetime": {"elapsed": 5218.125573, "delta": 33.316143, "datetime": "2020-11-23 16:06:01"}}
{"target": 6.886666666666666, "params": {"beta_enc": 0.5079216999452875, "primacy": 0.4, "gamma_fc": 0.3570616088827919, "beta_rec": 0.2615495518329871}, "datetime": {"elapsed": 5251.944896, "delta": 33.819323, "datetime": "2020-11-23 16:06:35"}}
{"target": 4.754444444444443, "params": {"beta_enc": 0.7875518396525072, "primacy": 0.4, "gamma_fc": 0.9857088237131878, "beta_rec": 0.1065838767888011}, "datetime": {"elapsed": 5279.320578, "delta": 27.375682, "datetime": "2020-11-23 16:07:02"}}
{"target": 6.124666666666666, "params": {"beta_enc": 0.5724051124346493, "primacy": 0.4, "gamma_fc": 0.7871162896558341, "beta_rec": 0.044845334589088126}, "datetime": {"elapsed": 5310.910546, "delta": 31.589968, "datetime": "2020-11-23 16:07:34"}}
{"target": 6.881333333333333, "params": {"beta_enc": 0.5279039784081266, "primacy": 0.4, "gamma_fc": 0.14993148491725594, "beta_rec": 0.7400775431590716}, "datetime": {"elapsed": 5344.732969, "delta": 33.822423, "datetime": "2020-11-23 16:08:08"}}
{"target": 7.48288888888889, "params": {"beta_enc": 0.2166172083287794, "primacy": 0.4, "gamma_fc": 0.7229151935562137, "beta_rec": 0.7591960493171447}, "datetime": {"elapsed": 5380.32219, "delta": 35.589221, "datetime": "2020-11-23 16:08:43"}}
{"target": 3.8835555555555556, "params": {"beta_enc": 0.8619665576670734, "primacy": 0.4, "gamma_fc": 0.8602369974231152, "beta_rec": 0.019775099516344263}, "datetime": {"elapsed": 5405.241136, "delta": 24.918946, "datetime": "2020-11-23 16:09:08"}}
{"target": 7.3628888888888895, "params": {"beta_enc": 0.4032204721058492, "primacy": 0.4, "gamma_fc": 0.7169290016924699, "beta_rec": 0.7587469310223366}, "datetime": {"elapsed": 5440.704073, "delta": 35.462937, "datetime": "2020-11-23 16:09:44"}}
{"target": 7.309777777777778, "params": {"beta_enc": 0.2780850486129828, "primacy": 0.4, "gamma_fc": 0.9339026083148878, "beta_rec": 0.0037936724093425855}, "datetime": {"elapsed": 5476.032905, "delta": 35.328832, "datetime": "2020-11-23 16:10:19"}}
{"target": 6.033111111111111, "params": {"beta_enc": 0.7288508775192559, "primacy": 0.4, "gamma_fc": 0.706956245248761, "beta_rec": 0.5166887829215384}, "datetime": {"elapsed": 5507.303232, "delta": 31.270327, "datetime": "2020-11-23 16:10:50"}}
{"target": 7.378666666666666, "params": {"beta_enc": 0.3748759435368594, "primacy": 0.4, "gamma_fc": 0.7506243191751754, "beta_rec": 0.7703225253299576}, "datetime": {"elapsed": 5542.532276, "delta": 35.229044, "datetime": "2020-11-23 16:11:25"}}
{"target": 6.745333333333333, "params": {"beta_enc": 0.4018659239678374, "primacy": 0.4, "gamma_fc": 0.0031128578251921057, "beta_rec": 0.6973080192643409}, "datetime": {"elapsed": 5575.980925, "delta": 33.448649, "datetime": "2020-11-23 16:11:59"}}
{"target": 4.889999999999999, "params": {"beta_enc": 0.896416602456847, "primacy": 0.4, "gamma_fc": 0.12076718430922972, "beta_rec": 0.23931570743750463}, "datetime": {"elapsed": 5603.855654, "delta": 27.874729, "datetime": "2020-11-23 16:12:27"}}
{"target": 7.425555555555556, "params": {"beta_enc": 0.3020967312900983, "primacy": 0.4, "gamma_fc": 0.5431664302380945, "beta_rec": 0.8830285085638342}, "datetime": {"elapsed": 5639.127248, "delta": 35.271594, "datetime": "2020-11-23 16:13:02"}}
{"target": 7.504666666666667, "params": {"beta_enc": 0.13835468979294652, "primacy": 0.4, "gamma_fc": 0.6138710897412526, "beta_rec": 0.29014446310454167}, "datetime": {"elapsed": 5674.559367, "delta": 35.432119, "datetime": "2020-11-23 16:13:37"}}
{"target": 7.246444444444445, "params": {"beta_enc": 0.45736018169099846, "primacy": 0.4, "gamma_fc": 0.8281353607315121, "beta_rec": 0.44411710701661444}, "datetime": {"elapsed": 5709.318219, "delta": 34.758852, "datetime": "2020-11-23 16:14:12"}}
{"target": 7.245111111111112, "params": {"beta_enc": 0.3456988211755023, "primacy": 0.4, "gamma_fc": 0.22148205573352875, "beta_rec": 0.6749716048091052}, "datetime": {"elapsed": 5744.076108, "delta": 34.757889, "datetime": "2020-11-23 16:14:47"}}
