{"target": 8.679166666666667, "params": {"beta_enc": 0.21196016464367595, "gamma_cf": 0.02760601195450363, "cue_position": 16.0, "beta_rec": 0.7986042447602102, "gamma_fc": 0.593432449464621}, "datetime": {"elapsed": 2205.471047, "datetime": "2020-06-20 03:00:14", "delta": 27.437087}}
{"target": 7.783333333333333, "params": {"beta_enc": 0.8438404289311888, "gamma_cf": 0.5111414782971282, "cue_position": 16.0, "beta_rec": 0.3810161240622142, "gamma_fc": 0.5409518049621886}, "datetime": {"elapsed": 2231.0839, "datetime": "2020-06-20 03:00:39", "delta": 25.612853}}
{"target": 6.370833333333334, "params": {"beta_enc": 0.9594343210617524, "gamma_cf": 0.7093872512312951, "cue_position": 16.0, "beta_rec": 0.8039608914986468, "gamma_fc": 0.46500148156350607}, "datetime": {"elapsed": 2253.683244, "datetime": "2020-06-20 03:01:02", "delta": 22.599344}}
{"target": 6.920833333333333, "params": {"beta_enc": 0.9475489413950998, "gamma_cf": 0.081473964877262, "cue_position": 16.0, "beta_rec": 0.2214327343234883, "gamma_fc": 0.42861882866378653}, "datetime": {"elapsed": 2277.54227, "datetime": "2020-06-20 03:01:26", "delta": 23.859026}}
{"target": 10.5, "params": {"beta_enc": 0.10901876401906829, "gamma_cf": 0.6968004961201785, "cue_position": 16.0, "beta_rec": 0.6337867606119179, "gamma_fc": 0.7662113810757705}, "datetime": {"elapsed": 2308.928742, "datetime": "2020-06-20 03:01:57", "delta": 31.386472}}
{"target": 10.004166666666666, "params": {"beta_enc": 0.3424541198435198, "gamma_cf": 0.8240098704123188, "cue_position": 16.0, "beta_rec": 0.8458514830276777, "gamma_fc": 0.6264961586242938}, "datetime": {"elapsed": 2339.287684, "datetime": "2020-06-20 03:02:27", "delta": 30.358942}}
{"target": 9.345833333333333, "params": {"beta_enc": 0.1434230486702449, "gamma_cf": 0.06672499763935646, "cue_position": 16.0, "beta_rec": 0.07838689985494796, "gamma_fc": 0.4585838137084318}, "datetime": {"elapsed": 2368.131227, "datetime": "2020-06-20 03:02:56", "delta": 28.843543}}
{"target": 10.175, "params": {"beta_enc": 0.11334192276759048, "gamma_cf": 0.3948504804606394, "cue_position": 16.0, "beta_rec": 0.027783348848669953, "gamma_fc": 0.7469384956075251}, "datetime": {"elapsed": 2398.665065, "datetime": "2020-06-20 03:03:27", "delta": 30.533838}}
{"target": 9.9, "params": {"beta_enc": 0.45240482674645155, "gamma_cf": 0.47400392656219403, "cue_position": 16.0, "beta_rec": 0.4500867470007611, "gamma_fc": 0.8031633421141696}, "datetime": {"elapsed": 2428.588447, "datetime": "2020-06-20 03:03:57", "delta": 29.923382}}
{"target": 8.8375, "params": {"beta_enc": 0.40239251985773583, "gamma_cf": 0.7738743427204187, "cue_position": 16.0, "beta_rec": 0.904686160343623, "gamma_fc": 0.12564138113773882}, "datetime": {"elapsed": 2456.387574, "datetime": "2020-06-20 03:04:24", "delta": 27.799127}}
{"target": 8.029166666666667, "params": {"beta_enc": 0.6185135669120855, "gamma_cf": 0.0030179566195963625, "cue_position": 16.0, "beta_rec": 0.010364261335231939, "gamma_fc": 0.9511937854902045}, "datetime": {"elapsed": 2482.490006, "datetime": "2020-06-20 03:04:51", "delta": 26.102432}}
{"target": 6.154166666666667, "params": {"beta_enc": 0.905402033702778, "gamma_cf": 0.14555823115839706, "cue_position": 16.0, "beta_rec": 0.7959669419422694, "gamma_fc": 0.15773006987053328}, "datetime": {"elapsed": 2504.659344, "datetime": "2020-06-20 03:05:13", "delta": 22.169338}}
{"target": 10.241666666666667, "params": {"beta_enc": 0.187631672902434, "gamma_cf": 0.9899551783590737, "cue_position": 16.0, "beta_rec": 0.6224959022999211, "gamma_fc": 0.7111224587658159}, "datetime": {"elapsed": 2535.467028, "datetime": "2020-06-20 03:05:44", "delta": 30.807684}}
{"target": 7.0875, "params": {"beta_enc": 0.7318004091422953, "gamma_cf": 0.24985068022503676, "cue_position": 16.0, "beta_rec": 0.9092932045442544, "gamma_fc": 0.17343017078712286}, "datetime": {"elapsed": 2559.506561, "datetime": "2020-06-20 03:06:08", "delta": 24.039533}}
{"target": 9.8625, "params": {"beta_enc": 0.119457050333729, "gamma_cf": 0.2642974827269007, "cue_position": 16.0, "beta_rec": 0.8126105880328287, "gamma_fc": 0.8190891786335308}, "datetime": {"elapsed": 2589.409542, "datetime": "2020-06-20 03:06:38", "delta": 29.902981}}
{"target": 9.716666666666667, "params": {"beta_enc": 0.31058725179421, "gamma_cf": 0.5336533449712114, "cue_position": 16.0, "beta_rec": 0.9824174492929428, "gamma_fc": 0.31446701118584963}, "datetime": {"elapsed": 2618.94339, "datetime": "2020-06-20 03:07:07", "delta": 29.533848}}
{"target": 7.716666666666667, "params": {"beta_enc": 0.9107728311738374, "gamma_cf": 0.5122926922783614, "cue_position": 16.0, "beta_rec": 0.36655664385123443, "gamma_fc": 0.9388864773697133}, "datetime": {"elapsed": 2644.307782, "datetime": "2020-06-20 03:07:32", "delta": 25.364392}}
{"target": 6.954166666666667, "params": {"beta_enc": 0.030949006271150714, "gamma_cf": 0.027287223517468817, "cue_position": 16.0, "beta_rec": 0.7168786636316892, "gamma_fc": 0.5220512472525107}, "datetime": {"elapsed": 2668.067532, "datetime": "2020-06-20 03:07:56", "delta": 23.75975}}
{"target": 9.766666666666667, "params": {"beta_enc": 0.3259898117700253, "gamma_cf": 0.6902278681627478, "cue_position": 16.0, "beta_rec": 0.8594893208655858, "gamma_fc": 0.45285349995153745}, "datetime": {"elapsed": 2697.805623, "datetime": "2020-06-20 03:08:26", "delta": 29.738091}}
{"target": 8.3375, "params": {"beta_enc": 0.6283090375213571, "gamma_cf": 0.5767559349870908, "cue_position": 16.0, "beta_rec": 0.2900968516874258, "gamma_fc": 0.3114442141324628}, "datetime": {"elapsed": 2724.611896, "datetime": "2020-06-20 03:08:53", "delta": 26.806273}}
{"target": 8.766666666666667, "params": {"beta_enc": 0.5172675985011298, "gamma_cf": 0.2473960366023854, "cue_position": 16.0, "beta_rec": 0.9164058530538978, "gamma_fc": 0.37129376127905445}, "datetime": {"elapsed": 2752.323758, "datetime": "2020-06-20 03:09:20", "delta": 27.711862}}
{"target": 7.8125, "params": {"beta_enc": 0.9318611166365406, "gamma_cf": 0.9202065143056605, "cue_position": 16.0, "beta_rec": 0.9368683813090937, "gamma_fc": 0.22790028995131695}, "datetime": {"elapsed": 2777.951194, "datetime": "2020-06-20 03:09:46", "delta": 25.627436}}
{"target": 9.491666666666667, "params": {"beta_enc": 0.08748220955359087, "gamma_cf": 0.17476587635631158, "cue_position": 16.0, "beta_rec": 0.22730973628468876, "gamma_fc": 0.6070941619724605}, "datetime": {"elapsed": 2807.065951, "datetime": "2020-06-20 03:10:15", "delta": 29.114757}}
{"target": 9.1, "params": {"beta_enc": 0.41358641500116133, "gamma_cf": 0.7018765297563104, "cue_position": 16.0, "beta_rec": 0.8163515118272141, "gamma_fc": 0.24035562484913886}, "datetime": {"elapsed": 2835.456268, "datetime": "2020-06-20 03:10:44", "delta": 28.390317}}
{"target": 9.533333333333333, "params": {"beta_enc": 0.5742190888408597, "gamma_cf": 0.22881367096037586, "cue_position": 16.0, "beta_rec": 0.34898759722078887, "gamma_fc": 0.6641025553547935}, "datetime": {"elapsed": 2865.324816, "datetime": "2020-06-20 03:11:13", "delta": 29.868548}}
{"target": 9.745833333333334, "params": {"beta_enc": 0.4972500933605313, "gamma_cf": 0.5707158515462564, "cue_position": 16.0, "beta_rec": 0.5190159840736788, "gamma_fc": 0.99675342520821}, "datetime": {"elapsed": 2894.850794, "datetime": "2020-06-20 03:11:43", "delta": 29.525978}}
{"target": 6.495833333333334, "params": {"beta_enc": 0.8168351087916219, "gamma_cf": 0.9015625846693213, "cue_position": 16.0, "beta_rec": 0.5943726238309778, "gamma_fc": 0.5956079336026455}, "datetime": {"elapsed": 2917.527869, "datetime": "2020-06-20 03:12:06", "delta": 22.677075}}
{"target": 10.1125, "params": {"beta_enc": 0.032426325314457105, "gamma_cf": 0.4517331486914753, "cue_position": 16.0, "beta_rec": 0.09357709581748075, "gamma_fc": 0.37543483316785775}, "datetime": {"elapsed": 2955.761313, "datetime": "2020-06-20 03:12:44", "delta": 38.233444}}
{"target": 5.741666666666666, "params": {"beta_enc": 0.9753500342702865, "gamma_cf": 0.7674748688630131, "cue_position": 16.0, "beta_rec": 0.1679832931996149, "gamma_fc": 0.8242378396244978}, "datetime": {"elapsed": 2976.843449, "datetime": "2020-06-20 03:13:05", "delta": 21.082136}}
{"target": 7.908333333333333, "params": {"beta_enc": 0.6326158167779973, "gamma_cf": 0.013136356923072245, "cue_position": 16.0, "beta_rec": 0.668732770206732, "gamma_fc": 0.3530060855418248}, "datetime": {"elapsed": 3002.432064, "datetime": "2020-06-20 03:13:31", "delta": 25.588615}}
{"target": 8.441666666666666, "params": {"beta_enc": 0.49207180149355845, "gamma_cf": 0.4574049160894317, "cue_position": 16.0, "beta_rec": 0.7300912110901043, "gamma_fc": 0.13766274094560316}, "datetime": {"elapsed": 3029.129586, "datetime": "2020-06-20 03:13:57", "delta": 26.697522}}
{"target": 10.2625, "params": {"beta_enc": 0.01088873380347899, "gamma_cf": 0.9843834501935107, "cue_position": 16.0, "beta_rec": 0.7582782604769962, "gamma_fc": 0.220234226159156}, "datetime": {"elapsed": 3059.628942, "datetime": "2020-06-20 03:14:28", "delta": 30.499356}}
{"target": 8.8625, "params": {"beta_enc": 0.33870802548167966, "gamma_cf": 0.46385778390029564, "cue_position": 16.0, "beta_rec": 0.5238961356661317, "gamma_fc": 0.12482254311167629}, "datetime": {"elapsed": 3087.147854, "datetime": "2020-06-20 03:14:55", "delta": 27.518912}}
{"target": 9.05, "params": {"beta_enc": 0.3125013784920495, "gamma_cf": 0.7701499563120922, "cue_position": 16.0, "beta_rec": 0.5045191697009946, "gamma_fc": 0.13033578095435427}, "datetime": {"elapsed": 3115.012173, "datetime": "2020-06-20 03:15:23", "delta": 27.864319}}
{"target": 7.358333333333333, "params": {"beta_enc": 0.022915131322381765, "gamma_cf": 0.012603767029876312, "cue_position": 16.0, "beta_rec": 0.5190823222119895, "gamma_fc": 0.6724698446537339}, "datetime": {"elapsed": 3139.354059, "datetime": "2020-06-20 03:15:47", "delta": 24.341886}}
{"target": 7.104166666666667, "params": {"beta_enc": 0.6868082266569918, "gamma_cf": 0.6443610847569929, "cue_position": 16.0, "beta_rec": 0.44924675358663757, "gamma_fc": 0.005239837651465851}, "datetime": {"elapsed": 3163.170753, "datetime": "2020-06-20 03:16:11", "delta": 23.816694}}
{"target": 9.808333333333334, "params": {"beta_enc": 0.4844284455143756, "gamma_cf": 0.6491541971124779, "cue_position": 16.0, "beta_rec": 0.8593178060976, "gamma_fc": 0.6736984238986317}, "datetime": {"elapsed": 3192.582448, "datetime": "2020-06-20 03:16:41", "delta": 29.411695}}
{"target": 8.2, "params": {"beta_enc": 0.5784995797892005, "gamma_cf": 0.6717297848174203, "cue_position": 16.0, "beta_rec": 0.27411977516685215, "gamma_fc": 0.35242963021640883}, "datetime": {"elapsed": 3218.684977, "datetime": "2020-06-20 03:17:07", "delta": 26.102529}}
{"target": 7.666666666666667, "params": {"beta_enc": 0.8558283672539277, "gamma_cf": 0.2896027461868774, "cue_position": 16.0, "beta_rec": 0.1950374860087073, "gamma_fc": 0.773799287244182}, "datetime": {"elapsed": 3243.693439, "datetime": "2020-06-20 03:17:32", "delta": 25.008462}}
{"target": 9.683333333333334, "params": {"beta_enc": 0.4277373293360762, "gamma_cf": 0.21369323762958115, "cue_position": 16.0, "beta_rec": 0.8076984091122095, "gamma_fc": 0.7672845084217665}, "datetime": {"elapsed": 3272.826279, "datetime": "2020-06-20 03:18:01", "delta": 29.13284}}
{"target": 7.929166666666666, "params": {"beta_enc": 0.3086419476306511, "gamma_cf": 0.22139670090820107, "cue_position": 16.0, "beta_rec": 0.7332450677264275, "gamma_fc": 0.21411213682064845}, "datetime": {"elapsed": 3298.384038, "datetime": "2020-06-20 03:18:26", "delta": 25.557759}}
{"target": 8.608333333333333, "params": {"beta_enc": 0.1989479234270667, "gamma_cf": 0.026627884691621473, "cue_position": 16.0, "beta_rec": 0.14251833776584466, "gamma_fc": 0.11092036903424063}, "datetime": {"elapsed": 3325.335236, "datetime": "2020-06-20 03:18:53", "delta": 26.951198}}
{"target": 7.783333333333333, "params": {"beta_enc": 0.6745640237634105, "gamma_cf": 0.23170231048579204, "cue_position": 16.0, "beta_rec": 0.7997765368973863, "gamma_fc": 0.20762566180381437}, "datetime": {"elapsed": 3350.484685, "datetime": "2020-06-20 03:19:19", "delta": 25.149449}}
{"target": 9.175, "params": {"beta_enc": 0.9173335630816306, "gamma_cf": 0.30451798792062024, "cue_position": 16.0, "beta_rec": 0.7113145181364867, "gamma_fc": 0.8348540476317985}, "datetime": {"elapsed": 3378.445013, "datetime": "2020-06-20 03:19:47", "delta": 27.960328}}
{"target": 8.433333333333334, "params": {"beta_enc": 0.43530595762951996, "gamma_cf": 0.47803130796528337, "cue_position": 16.0, "beta_rec": 0.9234562151187752, "gamma_fc": 0.1262101037493587}, "datetime": {"elapsed": 3404.903154, "datetime": "2020-06-20 03:20:13", "delta": 26.458141}}
{"target": 6.295833333333333, "params": {"beta_enc": 0.9760435504677476, "gamma_cf": 0.43118175516037094, "cue_position": 16.0, "beta_rec": 0.15983365034409336, "gamma_fc": 0.40420190577514725}, "datetime": {"elapsed": 3426.923081, "datetime": "2020-06-20 03:20:35", "delta": 22.019927}}
{"target": 10.391666666666667, "params": {"beta_enc": 0.14675148076429412, "gamma_cf": 0.6438956443116628, "cue_position": 16.0, "beta_rec": 0.7293189193611234, "gamma_fc": 0.7543059505762987}, "datetime": {"elapsed": 3457.344614, "datetime": "2020-06-20 03:21:05", "delta": 30.421533}}
{"target": 10.1, "params": {"beta_enc": 0.21073239208332073, "gamma_cf": 0.6382187106203334, "cue_position": 16.0, "beta_rec": 0.60095424810764, "gamma_fc": 0.5971273029466491}, "datetime": {"elapsed": 3487.21511, "datetime": "2020-06-20 03:21:35", "delta": 29.870496}}
{"target": 10.4375, "params": {"beta_enc": 0.29548228565549706, "gamma_cf": 0.42556139026154693, "cue_position": 16.0, "beta_rec": 0.7316064712415088, "gamma_fc": 0.7821818168314053}, "datetime": {"elapsed": 3517.740313, "datetime": "2020-06-20 03:22:06", "delta": 30.525203}}
{"target": 9.1125, "params": {"beta_enc": 0.056141039661915304, "gamma_cf": 0.3950968688899732, "cue_position": 16.0, "beta_rec": 0.8352716024899659, "gamma_fc": 0.30008104592535645}, "datetime": {"elapsed": 3545.563558, "datetime": "2020-06-20 03:22:34", "delta": 27.823245}}
{"target": 10.233333333333333, "params": {"beta_enc": 0.08010364380604929, "gamma_cf": 0.5306974384761395, "cue_position": 16.0, "beta_rec": 0.9046310029362429, "gamma_fc": 0.49411626589632507}, "datetime": {"elapsed": 3575.652166, "datetime": "2020-06-20 03:23:04", "delta": 30.088608}}
{"target": 9.829166666666667, "params": {"beta_enc": 0.13216114194293815, "gamma_cf": 0.5079216999452875, "cue_position": 16.0, "beta_rec": 0.20645405888943302, "gamma_fc": 0.2615495518329871}, "datetime": {"elapsed": 3604.940302, "datetime": "2020-06-20 03:23:33", "delta": 29.288136}}
{"target": 9.870833333333334, "params": {"beta_enc": 0.3570616088827919, "gamma_cf": 0.1065838767888011, "cue_position": 16.0, "beta_rec": 0.10806532869723684, "gamma_fc": 0.9857088237131878}, "datetime": {"elapsed": 3634.302, "datetime": "2020-06-20 03:24:02", "delta": 29.361698}}
{"target": 9.895833333333334, "params": {"beta_enc": 0.17716116443841734, "gamma_cf": 0.7871162896558341, "cue_position": 16.0, "beta_rec": 0.5724051124346493, "gamma_fc": 0.18960594781829654}, "datetime": {"elapsed": 3663.729022, "datetime": "2020-06-20 03:24:32", "delta": 29.427022}}
{"target": 8.825, "params": {"beta_enc": 0.5279039784081266, "gamma_cf": 0.5510871741869717, "cue_position": 16.0, "beta_rec": 0.7400775431590716, "gamma_fc": 0.2166172083287794}, "datetime": {"elapsed": 3690.867838, "datetime": "2020-06-20 03:24:59", "delta": 27.138816}}
{"target": 7.6875, "params": {"beta_enc": 0.7591960493171447, "gamma_cf": 0.8619665576670734, "cue_position": 16.0, "beta_rec": 0.7229151935562137, "gamma_fc": 0.019775099516344263}, "datetime": {"elapsed": 3715.65741, "datetime": "2020-06-20 03:25:24", "delta": 24.789572}}
{"target": 6.829166666666667, "params": {"beta_enc": 0.8602369974231152, "gamma_cf": 0.7587469310223366, "cue_position": 16.0, "beta_rec": 0.5589038111609383, "gamma_fc": 0.7169290016924699}, "datetime": {"elapsed": 3738.668781, "datetime": "2020-06-20 03:25:47", "delta": 23.011371}}
{"target": 4.25, "params": {"beta_enc": 0.9873261748084265, "gamma_cf": 0.9339026083148878, "cue_position": 16.0, "beta_rec": 0.2780850486129828, "gamma_fc": 0.8578971045378938}, "datetime": {"elapsed": 3756.327356, "datetime": "2020-06-20 03:26:04", "delta": 17.658575}}
{"target": 7.695833333333334, "params": {"beta_enc": 0.7288508775192559, "gamma_cf": 0.7805295568767427, "cue_position": 16.0, "beta_rec": 0.5166887829215384, "gamma_fc": 0.3748759435368594}, "datetime": {"elapsed": 3781.078881, "datetime": "2020-06-20 03:26:29", "delta": 24.751525}}
{"target": 8.995833333333334, "params": {"beta_enc": 0.7703225253299576, "gamma_cf": 0.4018659239678374, "cue_position": 16.0, "beta_rec": 0.7506243191751754, "gamma_fc": 0.6973080192643409}, "datetime": {"elapsed": 3808.523328, "datetime": "2020-06-20 03:26:57", "delta": 27.444447}}
{"target": 6.604166666666667, "params": {"beta_enc": 0.0031128578251921057, "gamma_cf": 0.23931570743750463, "cue_position": 16.0, "beta_rec": 0.7748966467245978, "gamma_fc": 0.12076718430922972}, "datetime": {"elapsed": 3831.047621, "datetime": "2020-06-20 03:27:19", "delta": 22.524293}}
{"target": 9.558333333333334, "params": {"beta_enc": 0.2202839877937276, "gamma_cf": 0.5431664302380945, "cue_position": 16.0, "beta_rec": 0.3020967312900983, "gamma_fc": 0.2867116496064306}, "datetime": {"elapsed": 3859.624235, "datetime": "2020-06-20 03:27:48", "delta": 28.576614}}
{"target": 9.479166666666666, "params": {"beta_enc": 0.13835468979294652, "gamma_cf": 0.3241385298974466, "cue_position": 16.0, "beta_rec": 0.29014446310454167, "gamma_fc": 0.45736018169099846}, "datetime": {"elapsed": 3888.078723, "datetime": "2020-06-20 03:28:16", "delta": 28.454488}}
{"target": 9.525, "params": {"beta_enc": 0.44411710701661444, "gamma_cf": 0.3456988211755023, "cue_position": 16.0, "beta_rec": 0.8281353607315121, "gamma_fc": 0.6749716048091052}, "datetime": {"elapsed": 3916.634272, "datetime": "2020-06-20 03:28:45", "delta": 28.555549}}
{"target": 10.116666666666667, "params": {"beta_enc": 0.22148205573352875, "gamma_cf": 0.6268556021628346, "cue_position": 16.0, "beta_rec": 0.4672458239265538, "gamma_fc": 0.8773604746948126}, "datetime": {"elapsed": 3946.398238, "datetime": "2020-06-20 03:29:15", "delta": 29.763966}}
{"target": 8.429166666666667, "params": {"beta_enc": 0.4476890001456285, "gamma_cf": 0.6562293317171314, "cue_position": 16.0, "beta_rec": 0.7844574187919231, "gamma_fc": 0.13184097502750214}, "datetime": {"elapsed": 3972.690629, "datetime": "2020-06-20 03:29:41", "delta": 26.292391}}
{"target": 9.779166666666667, "params": {"beta_enc": 0.43298150696764814, "gamma_cf": 0.7667745872371021, "cue_position": 16.0, "beta_rec": 0.9093119886549367, "gamma_fc": 0.5047006080958943}, "datetime": {"elapsed": 4001.706732, "datetime": "2020-06-20 03:30:10", "delta": 29.016103}}
{"target": 10.079166666666667, "params": {"beta_enc": 0.49805562482800747, "gamma_cf": 0.5732722715496846, "cue_position": 16.0, "beta_rec": 0.8428998401928499, "gamma_fc": 0.9427625754329493}, "datetime": {"elapsed": 4031.369217, "datetime": "2020-06-20 03:30:39", "delta": 29.662485}}
{"target": 9.4875, "params": {"beta_enc": 0.5178600481723219, "gamma_cf": 0.25163914235585283, "cue_position": 16.0, "beta_rec": 0.1944658095278845, "gamma_fc": 0.700726036482538}, "datetime": {"elapsed": 4059.844136, "datetime": "2020-06-20 03:31:08", "delta": 28.474919}}
{"target": 7.729166666666667, "params": {"beta_enc": 0.5402609403968999, "gamma_cf": 0.8379779620477293, "cue_position": 16.0, "beta_rec": 0.9488362882802196, "gamma_fc": 0.007932876194523097}, "datetime": {"elapsed": 4084.827215, "datetime": "2020-06-20 03:31:33", "delta": 24.983079}}
{"target": 7.416666666666667, "params": {"beta_enc": 0.989340056166638, "gamma_cf": 0.9461523954567653, "cue_position": 16.0, "beta_rec": 0.07771457033238649, "gamma_fc": 0.008939102371245067}, "datetime": {"elapsed": 4109.126438, "datetime": "2020-06-20 03:31:57", "delta": 24.299223}}
{"target": 9.733333333333333, "params": {"beta_enc": 0.8227300054219355, "gamma_cf": 0.2557451938059312, "cue_position": 16.0, "beta_rec": 0.8612116383667944, "gamma_fc": 0.8026895196332986}, "datetime": {"elapsed": 4138.182461, "datetime": "2020-06-20 03:32:26", "delta": 29.056023}}
{"target": 8.425, "params": {"beta_enc": 0.47786200443222115, "gamma_cf": 0.8959699670066484, "cue_position": 16.0, "beta_rec": 0.13433860865569613, "gamma_fc": 0.49154515001693533}, "datetime": {"elapsed": 4164.561573, "datetime": "2020-06-20 03:32:53", "delta": 26.379112}}
{"target": 7.720833333333333, "params": {"beta_enc": 0.8567024965177922, "gamma_cf": 0.39799063940792245, "cue_position": 16.0, "beta_rec": 0.41857802576409864, "gamma_fc": 0.5057420174508104}, "datetime": {"elapsed": 4189.499715, "datetime": "2020-06-20 03:33:18", "delta": 24.938142}}
{"target": 6.754166666666666, "params": {"beta_enc": 0.1895517028339273, "gamma_cf": 0.10345955611640134, "cue_position": 16.0, "beta_rec": 0.9649889241109139, "gamma_fc": 0.1443154002290481}, "datetime": {"elapsed": 4212.43336, "datetime": "2020-06-20 03:33:41", "delta": 22.933645}}
{"target": 10.458333333333334, "params": {"beta_enc": 0.014092294192442956, "gamma_cf": 0.7945783511847522, "cue_position": 16.0, "beta_rec": 0.7159456994623945, "gamma_fc": 0.5070799232841364}, "datetime": {"elapsed": 4243.139832, "datetime": "2020-06-20 03:34:11", "delta": 30.706472}}
{"target": 8.683333333333334, "params": {"beta_enc": 0.7918210395041538, "gamma_cf": 0.4064828689770863, "cue_position": 16.0, "beta_rec": 0.6957642142718394, "gamma_fc": 0.6477706331874812}, "datetime": {"elapsed": 4270.212091, "datetime": "2020-06-20 03:34:38", "delta": 27.072259}}
