{"target": -11456.238197454526, "params": {"epsilon_d": 5.268307347799856, "phi_d": 2.1016608176719687, "beta_rec": 0.027384494795117068, "gamma_cf": 0.32605721278884825, "k_intra": 5.589580343715953, "gamma_fc": 0.8735403887790273, "s_cf": 1.9220962088119358, "beta_enc": 0.901917058863105, "phi_s": 1.4132751498594587}, "datetime": {"delta": 10.349499, "elapsed": 548.37895, "datetime": "2020-04-27 10:41:15"}}
{"target": -11556.924434249488, "params": {"epsilon_d": 5.809883756372199, "phi_d": 1.3367768866540484, "beta_rec": 0.00944764310871913, "gamma_cf": 0.3115130697110496, "k_intra": 9.164894472008438, "gamma_fc": 0.5655408386510168, "s_cf": 1.1767519077092579, "beta_enc": 0.3610871665186832, "phi_s": 0.8174485061469177}, "datetime": {"delta": 10.42251, "elapsed": 558.80146, "datetime": "2020-04-27 10:41:26"}}
{"target": -9751.894389277195, "params": {"epsilon_d": 8.45886649080056, "phi_d": 0.7591982352255974, "beta_rec": 0.9368746944709627, "gamma_cf": 0.9202144936542299, "k_intra": 0.8839472734403728, "gamma_fc": 0.30511026095618526, "s_cf": 0.6068210414333035, "beta_enc": 0.9386750049728865, "phi_s": 1.0116921867307462}, "datetime": {"delta": 10.339134, "elapsed": 569.140594, "datetime": "2020-04-27 10:41:36"}}
{"target": -9834.232408092084, "params": {"epsilon_d": 8.18187996708942, "phi_d": 1.7652353576384932, "beta_rec": 0.4136450563596612, "gamma_cf": 0.18521188522920376, "k_intra": 2.411152692242897, "gamma_fc": 0.7316888767806794, "s_cf": 0.26519675850021485, "beta_enc": 0.6463847457752144, "phi_s": 1.1120640319402877}, "datetime": {"delta": 10.418833, "elapsed": 579.559427, "datetime": "2020-04-27 10:41:46"}}
{"target": -9469.505497013715, "params": {"epsilon_d": 5.02277592426926, "phi_d": 2.990584933103809, "beta_rec": 0.664136145099258, "gamma_cf": 0.5190640824752714, "k_intra": 5.711451356947101, "gamma_fc": 0.25724813509803024, "s_cf": 1.8236806091098356, "beta_enc": 0.3059323038643383, "phi_s": 2.4688218154957036}, "datetime": {"delta": 10.315599, "elapsed": 589.875026, "datetime": "2020-04-27 10:41:57"}}
{"target": -9357.684422943857, "params": {"epsilon_d": 5.99651854266619, "phi_d": 1.4100261312052784, "beta_rec": 0.9015724284108544, "gamma_cf": 0.032523082681925664, "k_intra": 0.6630634332718416, "gamma_fc": 0.1842193862357327, "s_cf": 2.928515099383831, "beta_enc": 0.9783901614978144, "phi_s": 1.1887610161867874}, "datetime": {"delta": 10.437865, "elapsed": 600.312891, "datetime": "2020-04-27 10:42:07"}}
{"target": -9742.454302528628, "params": {"epsilon_d": 7.698001201743829, "phi_d": 1.4829587672114608, "beta_rec": 0.9727903131734619, "gamma_cf": 0.8242554158405354, "k_intra": 6.690640374365253, "gamma_fc": 0.6693542351001975, "s_cf": 1.1237176480712918, "beta_enc": 0.25118496387965344, "phi_s": 0.13809543507690952}, "datetime": {"delta": 10.324895, "elapsed": 610.637786, "datetime": "2020-04-27 10:42:18"}}
{"target": -9386.707337137908, "params": {"epsilon_d": 4.739420593186481, "phi_d": 2.299006955383289, "beta_rec": 0.7301182019689954, "gamma_cf": 0.45745917559782273, "k_intra": 0.1187784506967551, "gamma_fc": 0.22389646685104286, "s_cf": 2.954712005561181, "beta_enc": 0.5428646213442027, "phi_s": 1.0278632304252673}, "datetime": {"delta": 10.409394, "elapsed": 621.04718, "datetime": "2020-04-27 10:42:28"}}
{"target": -9375.321886637816, "params": {"epsilon_d": 5.2865717430947035, "phi_d": 1.0062539976269436, "beta_rec": 0.33877415467913147, "gamma_cf": 0.7549159679148266, "k_intra": 1.256977205685646, "gamma_fc": 0.5174720055102661, "s_cf": 2.0541621232489162, "beta_enc": 0.2982108035432404, "phi_s": 1.5631055921328845}, "datetime": {"delta": 10.343618, "elapsed": 631.390798, "datetime": "2020-04-27 10:42:38"}}
{"target": -10628.188483132206, "params": {"epsilon_d": 0.3268598000915795, "phi_d": 2.050162549495828, "beta_rec": 0.13042274737625884, "gamma_cf": 0.5191304139797682, "k_intra": 0.13591163262846437, "gamma_fc": 0.8289898395961747, "s_cf": 1.402815585401249, "beta_enc": 0.793134960680883, "phi_s": 2.0917438573052762}, "datetime": {"delta": 10.345893, "elapsed": 641.736691, "datetime": "2020-04-27 10:42:49"}}
{"target": -13911.240458119546, "params": {"epsilon_d": 0.15187439274951192, "phi_d": 1.982547171626186, "beta_rec": 0.6443966486485172, "gamma_cf": 0.48448000266982416, "k_intra": 8.305691704673022, "gamma_fc": 0.87338602548784, "s_cf": 1.7776487813886817, "beta_enc": 0.9233098180677408, "phi_s": 2.0537254293060316}, "datetime": {"delta": 10.364168, "elapsed": 652.100859, "datetime": "2020-04-27 10:42:59"}}
{"target": -9831.265955827845, "params": {"epsilon_d": 6.750124869692461, "phi_d": 2.267230349962577, "beta_rec": 0.5605739375370051, "gamma_cf": 0.35249438725338716, "k_intra": 1.9584244852269859, "gamma_fc": 0.8702455305285349, "s_cf": 2.3440179330081277, "beta_enc": 0.34670779765016696, "phi_s": 0.9398479639419445}, "datetime": {"delta": 10.359958, "elapsed": 662.460817, "datetime": "2020-04-27 10:43:09"}}
{"target": -9330.73342995611, "params": {"epsilon_d": 3.599995140413105, "phi_d": 2.22641069640664, "beta_rec": 0.8077176392712982, "gamma_cf": 0.21377186830581818, "k_intra": 3.0933330568302044, "gamma_fc": 0.7905560575795899, "s_cf": 0.7420504326337831, "beta_enc": 0.48496359640246867, "phi_s": 2.258972143925423}, "datetime": {"delta": 10.421733, "elapsed": 672.88255, "datetime": "2020-04-27 10:43:20"}}
{"target": -9178.895322160988, "params": {"epsilon_d": 1.5109315438818622, "phi_d": 2.0562356689138905, "beta_rec": 0.19902802863472396, "gamma_cf": 0.3771448909474134, "k_intra": 1.118094486652064, "gamma_fc": 0.12396509622245933, "s_cf": 0.3335356286723191, "beta_enc": 0.29270092313858365, "phi_s": 2.4193519570024202}, "datetime": {"delta": 10.303414, "elapsed": 683.185964, "datetime": "2020-04-27 10:43:30"}}
{"target": -10112.28584637423, "params": {"epsilon_d": 9.181602274508142, "phi_d": 2.5210767381322157, "beta_rec": 0.20770489923763397, "gamma_cf": 0.7113433866846731, "k_intra": 3.052134699326996, "gamma_fc": 0.5984961499462729, "s_cf": 2.778023023844448, "beta_enc": 0.30853207943721284, "phi_s": 1.362387277125608}, "datetime": {"delta": 10.466831, "elapsed": 693.652795, "datetime": "2020-04-27 10:43:41"}}
{"target": -9064.499123651978, "params": {"epsilon_d": 1.3494800271186513, "phi_d": 1.3504270899650759, "beta_rec": 0.47808350483448686, "gamma_cf": 0.9760459461127008, "k_intra": 2.033995230944429, "gamma_fc": 0.24385028530968403, "s_cf": 0.5255792942164529, "beta_enc": 0.7354466239023398, "phi_s": 1.2721855267479272}, "datetime": {"delta": 10.320663, "elapsed": 703.973458, "datetime": "2020-04-27 10:43:51"}}
{"target": -10460.12062544097, "params": {"epsilon_d": 6.4745668786854615, "phi_d": 2.2718922882129258, "beta_rec": 0.18882619237049822, "gamma_cf": 0.754330519981241, "k_intra": 6.013532938595323, "gamma_fc": 0.28965915287498867, "s_cf": 1.8316691785452823, "beta_enc": 0.7563870274250111, "phi_s": 1.950834260798967}, "datetime": {"delta": 10.456051, "elapsed": 714.429509, "datetime": "2020-04-27 10:44:01"}}
{"target": -10063.06704423073, "params": {"epsilon_d": 9.458553555999503, "phi_d": 2.5222876472209013, "beta_rec": 0.7316333105943846, "gamma_cf": 0.4256188341225208, "k_intra": 0.5708489862225339, "gamma_fc": 0.8039636351482647, "s_cf": 1.2457809197809224, "beta_enc": 0.3659340570899474, "phi_s": 0.6575250487842283}, "datetime": {"delta": 10.323426, "elapsed": 724.752935, "datetime": "2020-04-27 10:44:12"}}
{"target": -10285.93194939821, "params": {"epsilon_d": 9.055846929068805, "phi_d": 0.48326731163452064, "beta_rec": 0.08019563344166869, "gamma_cf": 0.3702171621359829, "k_intra": 4.946221496304287, "gamma_fc": 0.5776276946285256, "s_cf": 0.3209475461937314, "beta_enc": 0.37007294133282087, "phi_s": 0.6987167707793557}, "datetime": {"delta": 10.360098, "elapsed": 735.113033, "datetime": "2020-04-27 10:44:22"}}
{"target": -9371.98608398319, "params": {"epsilon_d": 3.63490992793964, "phi_d": 2.9585555887682444, "beta_rec": 0.2616233968778038, "gamma_cf": 0.10815452216436712, "k_intra": 1.0747729291201231, "gamma_fc": 0.8087966556872564, "s_cf": 1.759974826060483, "beta_enc": 0.5571295299507587, "phi_s": 0.6137673768714103}, "datetime": {"delta": 10.31863, "elapsed": 745.431663, "datetime": "2020-04-27 10:44:32"}}
{"target": -9053.294177298714, "params": {"epsilon_d": 1.9770988834011358, "phi_d": 1.6981528051422181, "beta_rec": 0.7871375780268686, "gamma_cf": 0.5279511880102858, "k_intra": 1.507815534323387, "gamma_fc": 0.7660697888431645, "s_cf": 2.3016685430197197, "beta_enc": 0.14036080113017932, "phi_s": 0.7281899041534602}, "datetime": {"delta": 10.376819, "elapsed": 755.808482, "datetime": "2020-04-27 10:44:43"}}
{"target": -12730.146242000776, "params": {"epsilon_d": 8.633468920904027, "phi_d": 1.2693393691069628, "beta_rec": 0.1766313793736553, "gamma_cf": 0.01987312200639263, "k_intra": 5.593449073497774, "gamma_fc": 0.8742132976808037, "s_cf": 2.1790941049081627, "beta_enc": 0.7506236742005923, "phi_s": 2.300366099964776}, "datetime": {"delta": 10.349846, "elapsed": 766.158328, "datetime": "2020-04-27 10:44:53"}}
{"target": -14602.621783535496, "params": {"epsilon_d": 0.1375573568524916, "phi_d": 1.5983974704724615, "beta_rec": 0.2781572401081215, "gamma_cf": 0.9339092180540564, "k_intra": 7.291220266417366, "gamma_fc": 0.8721073940841044, "s_cf": 2.3635357149425538, "beta_enc": 0.9885935573275839, "phi_s": 2.150173111221407}, "datetime": {"delta": 10.351068, "elapsed": 776.509396, "datetime": "2020-04-27 10:45:03"}}
{"target": -11034.499109292308, "params": {"epsilon_d": 7.531180759834236, "phi_d": 0.10902728769305711, "beta_rec": 0.7703454930774246, "gamma_cf": 0.6132498904231053, "k_intra": 6.976107112450766, "gamma_fc": 0.4616793315710537, "s_cf": 2.6996081471248563, "beta_enc": 0.4373883491831735, "phi_s": 2.3472002755013337}, "datetime": {"delta": 10.422771, "elapsed": 786.932167, "datetime": "2020-04-27 10:45:14"}}
{"target": -9480.952831230361, "params": {"epsilon_d": 2.2808114791579035, "phi_d": 0.9314637838586487, "beta_rec": 0.1208551075907988, "gamma_cf": 0.3021665216169693, "k_intra": 5.436232638078565, "gamma_fc": 0.8947256577074507, "s_cf": 0.9414189430031707, "beta_enc": 0.3153841366937542, "phi_s": 0.5012286003995449}, "datetime": {"delta": 10.342184, "elapsed": 797.274351, "datetime": "2020-04-27 10:45:24"}}
{"target": -9536.26066312222, "params": {"epsilon_d": 4.627865798740885, "phi_d": 1.1025265814089569, "beta_rec": 0.32420611604445687, "gamma_cf": 0.4441726953059128, "k_intra": 4.269218060819944, "gamma_fc": 0.8453218246583608, "s_cf": 0.7422979616272334, "beta_enc": 0.6524839807671273, "phi_s": 2.057417653946405}, "datetime": {"delta": 10.436868, "elapsed": 807.711219, "datetime": "2020-04-27 10:45:35"}}
{"target": -10409.7558274457, "params": {"epsilon_d": 6.305870461412063, "phi_d": 1.4252005316284961, "beta_rec": 0.314834210755284, "gamma_cf": 0.8773727386473431, "k_intra": 7.846729613731312, "gamma_fc": 0.5029201001310657, "s_cf": 0.4823388275797562, "beta_enc": 0.5205212415338984, "phi_s": 2.003065061979681}, "datetime": {"delta": 10.326136, "elapsed": 818.037355, "datetime": "2020-04-27 10:45:45"}}
{"target": -9634.709955231567, "params": {"epsilon_d": 6.094242110206253, "phi_d": 2.544409536559265, "beta_rec": 0.9093210574560712, "gamma_cf": 0.7667979097783784, "k_intra": 4.985575692031794, "gamma_fc": 0.5542305472863049, "s_cf": 1.7624895874940856, "beta_enc": 0.48968335627088333, "phi_s": 0.29664010958876585}, "datetime": {"delta": 10.429871, "elapsed": 828.467226, "datetime": "2020-04-27 10:45:55"}}
{"target": -9725.089542805037, "params": {"epsilon_d": 2.0252115143260565, "phi_d": 1.6667567271510098, "beta_rec": 0.5179082621675046, "gamma_cf": 0.8479545985042318, "k_intra": 7.0102531044605545, "gamma_fc": 0.3264752281202675, "s_cf": 1.9105764369677602, "beta_enc": 0.9484863178896543, "phi_s": 2.851625236012637}, "datetime": {"delta": 10.275599, "elapsed": 838.742825, "datetime": "2020-04-27 10:46:06"}}
{"target": -18180.083961153352, "params": {"epsilon_d": 9.894466556049716, "phi_d": 0.1259233968766107, "beta_rec": 0.008032082906903645, "gamma_cf": 0.07780679887535326, "k_intra": 9.462062430613086, "gamma_fc": 0.38991656225329263, "s_cf": 2.597513751263704, "beta_enc": 0.8541801658429564, "phi_s": 2.4859170157236132}, "datetime": {"delta": 10.421119, "elapsed": 849.163944, "datetime": "2020-04-27 10:46:16"}}
{"target": -13232.585720236015, "params": {"epsilon_d": 8.046626244369657, "phi_d": 2.6983129043192804, "beta_rec": 0.2558196192865506, "gamma_cf": 0.47791421823177793, "k_intra": 9.279211438321857, "gamma_fc": 0.22090474779012653, "s_cf": 2.584437239901597, "beta_enc": 0.4958477327877153, "phi_s": 1.5254809350491125}, "datetime": {"delta": 10.339901, "elapsed": 859.503845, "datetime": "2020-04-27 10:46:26"}}
{"target": -9497.87557619515, "params": {"epsilon_d": 4.040107330138432, "phi_d": 0.9532254959083386, "beta_rec": 0.6834965536762845, "gamma_cf": 0.5057914432490653, "k_intra": 9.650239351868029, "gamma_fc": 0.2705965325505346, "s_cf": 0.5185146606642395, "beta_enc": 0.4767202231876888, "phi_s": 0.4000327127375639}, "datetime": {"delta": 10.370579, "elapsed": 869.874424, "datetime": "2020-04-27 10:46:37"}}
{"target": -16560.263511355886, "params": {"epsilon_d": 5.688533370384653, "phi_d": 2.1177162213883345, "beta_rec": 0.7159741048924483, "gamma_cf": 0.7945988933496337, "k_intra": 7.920292184646497, "gamma_fc": 0.5563719309557228, "s_cf": 1.2788003200335503, "beta_enc": 0.11268306477319867, "phi_s": 2.3557605828916084}, "datetime": {"delta": 10.392768, "elapsed": 880.267192, "datetime": "2020-04-27 10:46:47"}}
{"target": -9364.710674619846, "params": {"epsilon_d": 3.2860176375402497, "phi_d": 1.280073782975138, "beta_rec": 0.17987631826320508, "gamma_cf": 0.1726873596577805, "k_intra": 2.421773292176332, "gamma_fc": 0.46777350251193617, "s_cf": 1.0289260448838906, "beta_enc": 0.682993569868733, "phi_s": 2.928144793068205}, "datetime": {"delta": 10.354614, "elapsed": 890.621806, "datetime": "2020-04-27 10:46:58"}}
{"target": -9022.41653120459, "params": {"epsilon_d": 3.8134010820997193, "phi_d": 2.399281466132974, "beta_rec": 0.6363424952433979, "gamma_cf": 0.8574987506336882, "k_intra": 2.527810470507085, "gamma_fc": 0.6576280654317164, "s_cf": 1.1367823852582801, "beta_enc": 0.9842418504774058, "phi_s": 1.3555216753290729}, "datetime": {"delta": 10.437352, "elapsed": 901.059158, "datetime": "2020-04-27 10:47:08"}}
{"target": -9171.330516308026, "params": {"epsilon_d": 2.759636226671643, "phi_d": 1.514972326235087, "beta_rec": 0.6973991387255781, "gamma_cf": 0.8082971859040096, "k_intra": 5.445772622017719, "gamma_fc": 0.36575991495986304, "s_cf": 2.676320659746619, "beta_enc": 0.3972492428725729, "phi_s": 2.5805335965265725}, "datetime": {"delta": 10.333069, "elapsed": 911.392227, "datetime": "2020-04-27 10:47:18"}}
{"target": -9993.59634617562, "params": {"epsilon_d": 8.992229955569657, "phi_d": 1.8656104051620077, "beta_rec": 0.5853899240923572, "gamma_cf": 0.4461726073125262, "k_intra": 2.797118995665139, "gamma_fc": 0.9296814749354338, "s_cf": 0.7617966267164039, "beta_enc": 0.26594599813099007, "phi_s": 2.0791157583237645}, "datetime": {"delta": 10.477447, "elapsed": 921.869674, "datetime": "2020-04-27 10:47:29"}}
{"target": -10040.712750256174, "params": {"epsilon_d": 9.390970729381667, "phi_d": 1.0916632252771121, "beta_rec": 0.416782289974459, "gamma_cf": 0.3430938070194235, "k_intra": 1.7556157651458002, "gamma_fc": 0.80176986593434, "s_cf": 2.1786353610244906, "beta_enc": 0.11239076130194513, "phi_s": 0.5193333904304805}, "datetime": {"delta": 10.273988, "elapsed": 932.143662, "datetime": "2020-04-27 10:47:39"}}
{"target": -8962.244053110351, "params": {"epsilon_d": 2.608620741414367, "phi_d": 1.178574152836293, "beta_rec": 0.6885284682171239, "gamma_cf": 0.6923908856112465, "k_intra": 4.252244668154083, "gamma_fc": 0.3045677868243546, "s_cf": 0.2671989409996435, "beta_enc": 0.7293768613271328, "phi_s": 1.1303929436983544}, "datetime": {"delta": 10.416181, "elapsed": 942.559843, "datetime": "2020-04-27 10:47:49"}}
{"target": -9296.470126665548, "params": {"epsilon_d": 6.174528075578072, "phi_d": 1.5911076262250603, "beta_rec": 0.7073458710214313, "gamma_cf": 0.6483479248875083, "k_intra": 1.5029735213992361, "gamma_fc": 0.25294664279553203, "s_cf": 0.6334649804869439, "beta_enc": 0.6684819641793457, "phi_s": 2.638464906428163}, "datetime": {"delta": 10.335632, "elapsed": 952.895475, "datetime": "2020-04-27 10:48:00"}}
{"target": -9448.884003633331, "params": {"epsilon_d": 5.0231629406032114, "phi_d": 2.549128135365489, "beta_rec": 0.4289894407964999, "gamma_cf": 0.1615946194089633, "k_intra": 2.6261852369941665, "gamma_fc": 0.4081965770213295, "s_cf": 1.3372535589776164, "beta_enc": 0.516555206837434, "phi_s": 2.420963512751565}, "datetime": {"delta": 10.345923, "elapsed": 963.241398, "datetime": "2020-04-27 10:48:10"}}
{"target": -11245.584046002501, "params": {"epsilon_d": 5.14517161275383, "phi_d": 1.9370746366050209, "beta_rec": 0.14555106370519333, "gamma_cf": 0.29701739107832587, "k_intra": 6.7192678252548355, "gamma_fc": 0.873685858212281, "s_cf": 1.4647048505467686, "beta_enc": 0.646313914710135, "phi_s": 0.46177877020061975}, "datetime": {"delta": 10.359452, "elapsed": 973.60085, "datetime": "2020-04-27 10:48:21"}}
{"target": -11146.516387153591, "params": {"epsilon_d": 6.486347838578391, "phi_d": 1.4591309292176309, "beta_rec": 0.9483043441552578, "gamma_cf": 0.15180969854487042, "k_intra": 5.660964504313836, "gamma_fc": 0.6752141638479144, "s_cf": 1.8378822914082873, "beta_enc": 0.9879155016281933, "phi_s": 1.3413086614579834}, "datetime": {"delta": 10.327126, "elapsed": 983.927976, "datetime": "2020-04-27 10:48:31"}}
{"target": -14195.094886803166, "params": {"epsilon_d": 5.8356693489426075, "phi_d": 0.25368417373716967, "beta_rec": 0.7511459282679002, "gamma_cf": 0.9247117111178744, "k_intra": 9.913551622230772, "gamma_fc": 0.15826598509739398, "s_cf": 1.3259827187692268, "beta_enc": 0.8649728996643689, "phi_s": 0.6785370838018279}, "datetime": {"delta": 10.456031, "elapsed": 994.384007, "datetime": "2020-04-27 10:48:41"}}
{"target": -10073.178452703023, "params": {"epsilon_d": 0.5751263840837865, "phi_d": 2.0385228860094977, "beta_rec": 0.6237080439566021, "gamma_cf": 0.28469541861884146, "k_intra": 7.03815811773976, "gamma_fc": 0.15493301300770398, "s_cf": 0.6457633540864814, "beta_enc": 0.19675798856665094, "phi_s": 1.1978837204267465}, "datetime": {"delta": 10.331696, "elapsed": 1004.715703, "datetime": "2020-04-27 10:48:52"}}
{"target": -9656.73366972758, "params": {"epsilon_d": 7.973481557315864, "phi_d": 1.9682728576491921, "beta_rec": 0.3404452528363907, "gamma_cf": 0.48795214908570234, "k_intra": 0.2946235864207565, "gamma_fc": 0.5731024999158815, "s_cf": 0.7646945791469906, "beta_enc": 0.7723043461269506, "phi_s": 1.1169038570532854}, "datetime": {"delta": 10.43052, "elapsed": 1015.146223, "datetime": "2020-04-27 10:49:02"}}
{"target": -10571.42263845567, "params": {"epsilon_d": 4.750911496854966, "phi_d": 1.7030260299946882, "beta_rec": 0.38252921052519046, "gamma_cf": 0.9794854058443884, "k_intra": 7.746357232027035, "gamma_fc": 0.42794026333140744, "s_cf": 1.1293632683337589, "beta_enc": 0.49049503859053056, "phi_s": 2.6784801584117}, "datetime": {"delta": 10.322569, "elapsed": 1025.468792, "datetime": "2020-04-27 10:49:12"}}
{"target": -9577.667196413977, "params": {"epsilon_d": 0.5309892112018771, "phi_d": 2.9856517347834224, "beta_rec": 0.9110281377330026, "gamma_cf": 0.9507583527181962, "k_intra": 3.769868534704004, "gamma_fc": 0.6007662241038327, "s_cf": 1.5984484433260753, "beta_enc": 0.3209668121678567, "phi_s": 0.26925167382813175}, "datetime": {"delta": 10.45577, "elapsed": 1035.924562, "datetime": "2020-04-27 10:49:23"}}
{"target": -15558.238825694545, "params": {"epsilon_d": 1.8866382390516443, "phi_d": 1.410325123320525, "beta_rec": 0.5712186216123148, "gamma_cf": 0.6309961044194965, "k_intra": 8.750276486611686, "gamma_fc": 0.9828313081755233, "s_cf": 2.354659375009249, "beta_enc": 0.12798736790999307, "phi_s": 2.15453652314998}, "datetime": {"delta": 10.338924, "elapsed": 1046.263486, "datetime": "2020-04-27 10:49:33"}}
{"target": -11569.118973288365, "params": {"epsilon_d": 1.5927655438847068, "phi_d": 1.4833376837665633, "beta_rec": 0.5285806368285474, "gamma_cf": 0.36946298561934504, "k_intra": 7.271668595912181, "gamma_fc": 0.22799912776550801, "s_cf": 2.6693941163795185, "beta_enc": 0.5453587757643072, "phi_s": 1.4017486264496202}, "datetime": {"delta": 10.467728, "elapsed": 1056.731214, "datetime": "2020-04-27 10:49:44"}}
{"target": -9164.825858547782, "params": {"epsilon_d": 2.7620310199051943, "phi_d": 0.9443464276020412, "beta_rec": 0.4091499228336682, "gamma_cf": 0.07210483396625297, "k_intra": 0.2672772892417679, "gamma_fc": 0.4763225203527842, "s_cf": 2.9012058885571945, "beta_enc": 0.5748568950804053, "phi_s": 1.5601775785603498}, "datetime": {"delta": 10.362506, "elapsed": 1067.09372, "datetime": "2020-04-27 10:49:54"}}
{"target": -9290.767141360493, "params": {"epsilon_d": 5.04933047388208, "phi_d": 1.257733955522116, "beta_rec": 0.6730737501112003, "gamma_cf": 0.7771205194528554, "k_intra": 0.8411943379943968, "gamma_fc": 0.22924629808678837, "s_cf": 0.6558596428386813, "beta_enc": 0.19844462277422614, "phi_s": 2.4111905307417105}, "datetime": {"delta": 10.388108, "elapsed": 1077.481828, "datetime": "2020-04-27 10:50:04"}}
{"target": -9545.600445209162, "params": {"epsilon_d": 2.2472257273567737, "phi_d": 2.0121003149665575, "beta_rec": 0.290368967262162, "gamma_cf": 0.01681391751809873, "k_intra": 3.817004098021589, "gamma_fc": 0.45879315393014086, "s_cf": 0.5425515624225884, "beta_enc": 0.7909994729325466, "phi_s": 0.305663361364123}, "datetime": {"delta": 10.406852, "elapsed": 1087.88868, "datetime": "2020-04-27 10:50:15"}}
