{"target": -10128.851505797174, "params": {"epsilon_d": 2.500193081340487, "phi_d": 0.519525412991264, "beta_rec": 0.6331029612689245, "gamma_cf": 0.8700006275800442, "k_intra": 7.479662886481294, "gamma_fc": 0.2926917241926669, "s_cf": 2.1889344093582785, "beta_enc": 0.7239881402118679, "phi_s": 0.40977700309487375}, "datetime": {"delta": 10.369597, "elapsed": 4414.608369, "datetime": "2020-04-27 11:45:42"}}
{"target": -11682.618335636376, "params": {"epsilon_d": 7.803987620770249, "phi_d": 2.939463931366021, "beta_rec": 0.4429715397531215, "gamma_cf": 0.3588074784629776, "k_intra": 9.622103246596717, "gamma_fc": 0.8680146386625159, "s_cf": 1.3035204055159058, "beta_enc": 0.5736863044402395, "phi_s": 0.9051212066127461}, "datetime": {"delta": 10.477552, "elapsed": 4425.085921, "datetime": "2020-04-27 11:45:52"}}
{"target": -9643.013601854627, "params": {"epsilon_d": 7.1419799900361784, "phi_d": 1.673380330776756, "beta_rec": 0.8948764474195532, "gamma_cf": 0.7581564695507724, "k_intra": 3.675812899119667, "gamma_fc": 0.8950632867709946, "s_cf": 1.977989482592456, "beta_enc": 0.7525088958856196, "phi_s": 1.6508329291899626}, "datetime": {"delta": 10.421052, "elapsed": 4435.506973, "datetime": "2020-04-27 11:46:02"}}
{"target": -9857.825156588215, "params": {"epsilon_d": 9.702391523388437, "phi_d": 2.774730269009427, "beta_rec": 0.6008673933785209, "gamma_cf": 0.7321623412097716, "k_intra": 5.815573217039252, "gamma_fc": 0.4737623423991242, "s_cf": 2.15879294991325, "beta_enc": 0.905665491751715, "phi_s": 1.8936511133882226}, "datetime": {"delta": 10.53386, "elapsed": 4446.040833, "datetime": "2020-04-27 11:46:13"}}
{"target": -10354.882741484782, "params": {"epsilon_d": 2.1130150657147126, "phi_d": 2.160335779152361, "beta_rec": 0.33621282425567267, "gamma_cf": 0.40787218130416025, "k_intra": 8.265072141732944, "gamma_fc": 0.23569282551856038, "s_cf": 0.5970098186561303, "beta_enc": 0.695162828885032, "phi_s": 1.2630629492904961}, "datetime": {"delta": 10.427591, "elapsed": 4456.468424, "datetime": "2020-04-27 11:46:23"}}
{"target": -9906.933736523077, "params": {"epsilon_d": 9.96636791781731, "phi_d": 2.2597511497031144, "beta_rec": 0.6390999996474235, "gamma_cf": 0.10118777980878547, "k_intra": 0.8457127922889874, "gamma_fc": 0.3203635232190362, "s_cf": 2.6568126484115453, "beta_enc": 0.8882194058974445, "phi_s": 0.5627683974254228}, "datetime": {"delta": 10.491928, "elapsed": 4466.960352, "datetime": "2020-04-27 11:46:34"}}
{"target": -9937.93907113331, "params": {"epsilon_d": 0.5209508590309418, "phi_d": 2.696423849880156, "beta_rec": 0.5262166457422462, "gamma_cf": 0.6140922303680538, "k_intra": 2.1429058525766855, "gamma_fc": 0.30485331018556056, "s_cf": 0.11526903454632657, "beta_enc": 0.5423315738850077, "phi_s": 2.675238712091276}, "datetime": {"delta": 10.476708, "elapsed": 4477.43706, "datetime": "2020-04-27 11:46:44"}}
{"target": -10236.915354883167, "params": {"epsilon_d": 5.168281815115489, "phi_d": 1.43143761696377, "beta_rec": 0.902308610135554, "gamma_cf": 0.656208200669582, "k_intra": 6.857545347778157, "gamma_fc": 0.7910071155401025, "s_cf": 1.764772352018273, "beta_enc": 0.8490735636274919, "phi_s": 1.7630114727498538}, "datetime": {"delta": 10.385082, "elapsed": 4487.822142, "datetime": "2020-04-27 11:46:55"}}
{"target": -10505.241639968774, "params": {"epsilon_d": 7.596542016030469, "phi_d": 2.5049120649210077, "beta_rec": 0.24051766344838194, "gamma_cf": 0.812355876007362, "k_intra": 8.079001111729923, "gamma_fc": 0.8173291250304773, "s_cf": 1.8918715332415736, "beta_enc": 0.8579174680218292, "phi_s": 1.3107956787764943}, "datetime": {"delta": 10.515377, "elapsed": 4498.337519, "datetime": "2020-04-27 11:47:05"}}
{"target": -10138.078071308075, "params": {"epsilon_d": 9.590185766962804, "phi_d": 2.5230234473906226, "beta_rec": 0.7697885927847492, "gamma_cf": 0.9750777680644458, "k_intra": 4.662733296731636, "gamma_fc": 0.6082611327181366, "s_cf": 2.3225544594365926, "beta_enc": 0.7797209645321727, "phi_s": 0.7378866794743053}, "datetime": {"delta": 10.423668, "elapsed": 4508.761187, "datetime": "2020-04-27 11:47:16"}}
{"target": -9703.796020720481, "params": {"epsilon_d": 6.107631420593115, "phi_d": 1.5289161616812719, "beta_rec": 0.5916684031964721, "gamma_cf": 0.4418996184218966, "k_intra": 5.439387039556278, "gamma_fc": 0.8780955875271979, "s_cf": 0.28045303182042136, "beta_enc": 0.2728104392140964, "phi_s": 1.312564343443166}, "datetime": {"delta": 10.537602, "elapsed": 4519.298789, "datetime": "2020-04-27 11:47:26"}}
{"target": -10118.054269196224, "params": {"epsilon_d": 5.699821146792943, "phi_d": 0.6424761900088415, "beta_rec": 0.09290607665831947, "gamma_cf": 0.6405375813944348, "k_intra": 6.329027210877986, "gamma_fc": 0.7910040363563438, "s_cf": 1.6916922612492806, "beta_enc": 0.4259345139342049, "phi_s": 2.275707457259437}, "datetime": {"delta": 10.408039, "elapsed": 4529.706828, "datetime": "2020-04-27 11:47:37"}}
{"target": -10594.806634703084, "params": {"epsilon_d": 3.0575873045951134, "phi_d": 2.3171894590704754, "beta_rec": 0.02492454648498923, "gamma_cf": 0.6900460277619986, "k_intra": 9.665307034795394, "gamma_fc": 0.939509515399722, "s_cf": 1.9040004632916039, "beta_enc": 0.1919533234009509, "phi_s": 0.950422638549994}, "datetime": {"delta": 10.545433, "elapsed": 4540.252261, "datetime": "2020-04-27 11:47:47"}}
{"target": -9649.364904935772, "params": {"epsilon_d": 1.7420835918473265, "phi_d": 0.29034103094966235, "beta_rec": 0.7507153026145066, "gamma_cf": 0.7564947384855502, "k_intra": 5.199868472328705, "gamma_fc": 0.8817300990374333, "s_cf": 2.529702973001471, "beta_enc": 0.3079865147831431, "phi_s": 1.4017868601628076}, "datetime": {"delta": 10.358804, "elapsed": 4550.611065, "datetime": "2020-04-27 11:47:58"}}
{"target": -12416.015053789546, "params": {"epsilon_d": 7.353666387343905, "phi_d": 1.7510639237028087, "beta_rec": 0.03865520535666868, "gamma_cf": 0.5630844195010377, "k_intra": 9.849003787942433, "gamma_fc": 0.13785456380430944, "s_cf": 2.390729261412688, "beta_enc": 0.2617773880870486, "phi_s": 1.7969543515916966}, "datetime": {"delta": 10.539047, "elapsed": 4561.150112, "datetime": "2020-04-27 11:48:08"}}
{"target": -9378.94501332142, "params": {"epsilon_d": 3.5502807729492734, "phi_d": 0.2974487452951985, "beta_rec": 0.06084466125606111, "gamma_cf": 0.2001718538820858, "k_intra": 0.923764740236493, "gamma_fc": 0.5186363784894628, "s_cf": 2.7226012475383685, "beta_enc": 0.9123712036176779, "phi_s": 0.9725793560778231}, "datetime": {"delta": 10.347753, "elapsed": 4571.497865, "datetime": "2020-04-27 11:48:18"}}
{"target": -12452.672142562094, "params": {"epsilon_d": 0.10733503830943412, "phi_d": 0.13049062402513759, "beta_rec": 0.7637436597802163, "gamma_cf": 0.7352420326808103, "k_intra": 1.6939711657280592, "gamma_fc": 0.11979325898652231, "s_cf": 2.0937660229669666, "beta_enc": 0.9779877800987465, "phi_s": 0.5324682964250601}, "datetime": {"delta": 10.518493, "elapsed": 4582.016358, "datetime": "2020-04-27 11:48:29"}}
{"target": -9664.241489783946, "params": {"epsilon_d": 7.33878915958361, "phi_d": 1.178572223890318, "beta_rec": 0.37114029888119465, "gamma_cf": 0.8473194750040961, "k_intra": 0.8831990884558227, "gamma_fc": 0.21732176299739508, "s_cf": 0.9015722375950739, "beta_enc": 0.7318151878072209, "phi_s": 1.2712625488984046}, "datetime": {"delta": 10.409512, "elapsed": 4592.42587, "datetime": "2020-04-27 11:48:39"}}
{"target": -9631.221802923781, "params": {"epsilon_d": 8.021428687983246, "phi_d": 0.3656249262974812, "beta_rec": 0.3218540219323369, "gamma_cf": 0.9113172234382187, "k_intra": 4.299926076509714, "gamma_fc": 0.5618341067870942, "s_cf": 2.6712786621829783, "beta_enc": 0.778751367350002, "phi_s": 0.8936641810344027}, "datetime": {"delta": 10.497106, "elapsed": 4602.922976, "datetime": "2020-04-27 11:48:50"}}
{"target": -9517.28277926041, "params": {"epsilon_d": 5.000573218843727, "phi_d": 2.074036743853085, "beta_rec": 0.6212272679321876, "gamma_cf": 0.09446309868062093, "k_intra": 0.6870306162565566, "gamma_fc": 0.9094316782535885, "s_cf": 2.1571839933801575, "beta_enc": 0.3213499071461976, "phi_s": 2.9187946059547145}, "datetime": {"delta": 10.448154, "elapsed": 4613.37113, "datetime": "2020-04-27 11:49:00"}}
{"target": -11148.211646644662, "params": {"epsilon_d": 5.8393967657687, "phi_d": 1.7431150837755298, "beta_rec": 0.07353282235136187, "gamma_cf": 0.733543666551268, "k_intra": 6.540977210377927, "gamma_fc": 0.4229614302881868, "s_cf": 2.770013913841423, "beta_enc": 0.39331784841253803, "phi_s": 0.19890861045515662}, "datetime": {"delta": 10.45462, "elapsed": 4623.82575, "datetime": "2020-04-27 11:49:11"}}
{"target": -10415.544156985345, "params": {"epsilon_d": 8.478923170396943, "phi_d": 0.7141367432876217, "beta_rec": 0.3794640038024854, "gamma_cf": 0.48432947420661426, "k_intra": 6.402168586290025, "gamma_fc": 0.5059619148369728, "s_cf": 2.0388487208056296, "beta_enc": 0.44200522310723134, "phi_s": 1.632072008822038}, "datetime": {"delta": 10.429657, "elapsed": 4634.255407, "datetime": "2020-04-27 11:49:21"}}
{"target": -9454.161712227942, "params": {"epsilon_d": 6.025511270435064, "phi_d": 0.8499225841140232, "beta_rec": 0.7087902613943157, "gamma_cf": 0.8414213931463882, "k_intra": 0.9874136382967607, "gamma_fc": 0.8912536865212976, "s_cf": 0.7637864165296104, "beta_enc": 0.5848990299846144, "phi_s": 0.2585028507160348}, "datetime": {"delta": 10.439092, "elapsed": 4644.694499, "datetime": "2020-04-27 11:49:32"}}
{"target": -9514.458576575922, "params": {"epsilon_d": 1.6356831791953612, "phi_d": 1.9675556191916013, "beta_rec": 0.07863738496867323, "gamma_cf": 0.770791250593021, "k_intra": 2.9083061695462895, "gamma_fc": 0.4998926596355008, "s_cf": 0.20905577708973966, "beta_enc": 0.7488250364008993, "phi_s": 2.6721213731902917}, "datetime": {"delta": 10.482348, "elapsed": 4655.176847, "datetime": "2020-04-27 11:49:42"}}
{"target": -9741.528088799538, "params": {"epsilon_d": 8.693319776116047, "phi_d": 0.2642164347026228, "beta_rec": 0.6685838689504883, "gamma_cf": 0.19645240281949858, "k_intra": 1.0479720714703202, "gamma_fc": 0.7415133665805735, "s_cf": 0.16564067098756452, "beta_enc": 0.7237849100512417, "phi_s": 2.0743084993478202}, "datetime": {"delta": 10.436539, "elapsed": 4665.613386, "datetime": "2020-04-27 11:49:53"}}
{"target": -10053.797013298205, "params": {"epsilon_d": 4.707564036460028, "phi_d": 2.3979026532845293, "beta_rec": 0.03704932747105868, "gamma_cf": 0.7578936573002466, "k_intra": 2.2738108885750825, "gamma_fc": 0.9929793013209438, "s_cf": 2.629503857092288, "beta_enc": 0.1398691799219114, "phi_s": 2.4062130061211}, "datetime": {"delta": 10.543924, "elapsed": 4676.15731, "datetime": "2020-04-27 11:50:03"}}
{"target": -9911.495930397685, "params": {"epsilon_d": 7.987345641843017, "phi_d": 0.11901493861920948, "beta_rec": 0.13301176263169703, "gamma_cf": 0.5675065913341395, "k_intra": 0.5958303550878483, "gamma_fc": 0.4731885341207839, "s_cf": 0.8872304774653559, "beta_enc": 0.3828303912658493, "phi_s": 1.0164680435832936}, "datetime": {"delta": 10.394422, "elapsed": 4686.551732, "datetime": "2020-04-27 11:50:13"}}
{"target": -9683.963013427763, "params": {"epsilon_d": 4.225176412000552, "phi_d": 2.755193665104957, "beta_rec": 0.9236195035157282, "gamma_cf": 0.28795508249232377, "k_intra": 3.076429175031446, "gamma_fc": 0.8607218799219006, "s_cf": 1.952575645687509, "beta_enc": 0.5281512645793325, "phi_s": 2.603894345524245}, "datetime": {"delta": 10.497316, "elapsed": 4697.049048, "datetime": "2020-04-27 11:50:24"}}
{"target": -9706.588069221254, "params": {"epsilon_d": 6.0684552741034175, "phi_d": 2.715677265237847, "beta_rec": 0.1574070632505787, "gamma_cf": 0.32710458013785926, "k_intra": 2.2616007263980817, "gamma_fc": 0.539810248205734, "s_cf": 1.4825287542708587, "beta_enc": 0.7729076742163712, "phi_s": 1.2934479538354176}, "datetime": {"delta": 10.397139, "elapsed": 4707.446187, "datetime": "2020-04-27 11:50:34"}}
{"target": -9579.876443026918, "params": {"epsilon_d": 5.080343980655888, "phi_d": 2.160929650331972, "beta_rec": 0.12228459324141264, "gamma_cf": 0.8131663485200998, "k_intra": 3.2232907529860997, "gamma_fc": 0.7096076739285, "s_cf": 2.69485109121889, "beta_enc": 0.7492624776408383, "phi_s": 2.809874836170496}, "datetime": {"delta": 10.543102, "elapsed": 4717.989289, "datetime": "2020-04-27 11:50:45"}}
{"target": -9893.685241285595, "params": {"epsilon_d": 3.787625328675751, "phi_d": 2.401225237941308, "beta_rec": 0.2661745587332775, "gamma_cf": 0.5584620793314177, "k_intra": 4.56291115200423, "gamma_fc": 0.4429440071707732, "s_cf": 2.921690076858801, "beta_enc": 0.768011309357614, "phi_s": 0.4014263831193341}, "datetime": {"delta": 10.392037, "elapsed": 4728.381326, "datetime": "2020-04-27 11:50:55"}}
{"target": -9763.11410793295, "params": {"epsilon_d": 7.8386325340344465, "phi_d": 0.23412042724970183, "beta_rec": 0.8647413955894878, "gamma_cf": 0.43224049513753005, "k_intra": 2.538331308914233, "gamma_fc": 0.9482600290448933, "s_cf": 0.6821362035740264, "beta_enc": 0.7341571595899348, "phi_s": 0.3809468677679294}, "datetime": {"delta": 10.452268, "elapsed": 4738.833594, "datetime": "2020-04-27 11:51:06"}}
{"target": -15993.543143281648, "params": {"epsilon_d": 8.369676116528906, "phi_d": 0.8748313121464784, "beta_rec": 0.22368019231068048, "gamma_cf": 0.00943775337408134, "k_intra": 9.690388144197932, "gamma_fc": 0.7713108359152067, "s_cf": 2.172860941342255, "beta_enc": 0.5851724827126973, "phi_s": 1.9090649686424033}, "datetime": {"delta": 10.41044, "elapsed": 4749.244034, "datetime": "2020-04-27 11:51:16"}}
{"target": -9472.144455973985, "params": {"epsilon_d": 7.370647576536403, "phi_d": 0.7623862502537613, "beta_rec": 0.4331832592556464, "gamma_cf": 0.13123707216933744, "k_intra": 3.7603091642580333, "gamma_fc": 0.22931737569893954, "s_cf": 0.5351904861691241, "beta_enc": 0.3942616761366706, "phi_s": 0.9902605419619981}, "datetime": {"delta": 10.427628, "elapsed": 4759.671662, "datetime": "2020-04-27 11:51:27"}}
{"target": -9133.35766839991, "params": {"epsilon_d": 3.5243447438697997, "phi_d": 2.268679682993076, "beta_rec": 0.9159924327132274, "gamma_cf": 0.5660096601094164, "k_intra": 4.509071906041587, "gamma_fc": 0.5924788885651591, "s_cf": 2.688184624886293, "beta_enc": 0.18697245385508734, "phi_s": 1.0615717263047737}, "datetime": {"delta": 10.457079, "elapsed": 4770.128741, "datetime": "2020-04-27 11:51:37"}}
{"target": -8958.363409588768, "params": {"epsilon_d": 3.4566205118222304, "phi_d": 0.7797829956481602, "beta_rec": 0.5749321037658084, "gamma_cf": 0.36396395485330507, "k_intra": 6.039827132110236, "gamma_fc": 0.37458810482284755, "s_cf": 0.9279343125803629, "beta_enc": 0.1612299000763787, "phi_s": 0.9534879791022158}, "datetime": {"delta": 10.396036, "elapsed": 4780.524777, "datetime": "2020-04-27 11:51:47"}}
{"target": -17653.31158536716, "params": {"epsilon_d": 0.584083776607368, "phi_d": 2.257247171466947, "beta_rec": 0.3716813476029669, "gamma_cf": 0.8743887748991541, "k_intra": 5.957117974228121, "gamma_fc": 0.7496403682630847, "s_cf": 2.1128626337743186, "beta_enc": 0.10611590080705065, "phi_s": 2.713172842995389}, "datetime": {"delta": 10.508905, "elapsed": 4791.033682, "datetime": "2020-04-27 11:51:58"}}
{"target": -11802.30070711957, "params": {"epsilon_d": 4.105368250069659, "phi_d": 0.695950931119023, "beta_rec": 0.1243468177010885, "gamma_cf": 0.578993353136081, "k_intra": 9.608170589470728, "gamma_fc": 0.6425599292372193, "s_cf": 0.8436445079182061, "beta_enc": 0.6316806854156749, "phi_s": 2.0231388499327014}, "datetime": {"delta": 10.374279, "elapsed": 4801.407961, "datetime": "2020-04-27 11:52:08"}}
{"target": -9140.92474509759, "params": {"epsilon_d": 3.3776665628514357, "phi_d": 1.2558536916628418, "beta_rec": 0.9719532670633221, "gamma_cf": 0.36208696305900256, "k_intra": 0.41627122099267494, "gamma_fc": 0.4956116036184489, "s_cf": 1.7764319618656768, "beta_enc": 0.47598511825940226, "phi_s": 1.8950567887552294}, "datetime": {"delta": 10.429757, "elapsed": 4811.837718, "datetime": "2020-04-27 11:52:19"}}
{"target": -11064.307606427785, "params": {"epsilon_d": 5.613863852325377, "phi_d": 0.5399457110964536, "beta_rec": 0.6412224391593954, "gamma_cf": 0.6406830923563959, "k_intra": 9.961252272099468, "gamma_fc": 0.14285510506957513, "s_cf": 0.9562292634167046, "beta_enc": 0.886071455009899, "phi_s": 1.313495971532736}, "datetime": {"delta": 10.317215, "elapsed": 4822.154933, "datetime": "2020-04-27 11:52:29"}}
{"target": -11356.887092493756, "params": {"epsilon_d": 3.58593181017175, "phi_d": 1.420689566547764, "beta_rec": 0.5596050673452704, "gamma_cf": 0.973632101034662, "k_intra": 8.899515215712917, "gamma_fc": 0.7761444751715204, "s_cf": 1.299014499691757, "beta_enc": 0.619495204686071, "phi_s": 1.8382776570399195}, "datetime": {"delta": 10.432706, "elapsed": 4832.587639, "datetime": "2020-04-27 11:52:40"}}
{"target": -9133.61292331313, "params": {"epsilon_d": 1.9905763583871272, "phi_d": 1.391912615157446, "beta_rec": 0.5255180236940175, "gamma_cf": 0.2141803137630578, "k_intra": 0.148382224220223, "gamma_fc": 0.5597086764816168, "s_cf": 2.485780645334728, "beta_enc": 0.37382964889600123, "phi_s": 2.990431946925386}, "datetime": {"delta": 10.374784, "elapsed": 4842.962423, "datetime": "2020-04-27 11:52:50"}}
{"target": -11186.401265787827, "params": {"epsilon_d": 2.3313900073046936, "phi_d": 1.697217225516331, "beta_rec": 0.6559247279844654, "gamma_cf": 0.11804405667721275, "k_intra": 6.774896511145582, "gamma_fc": 0.4138095365133515, "s_cf": 2.5845873811065356, "beta_enc": 0.17511449183820094, "phi_s": 0.227491724241569}, "datetime": {"delta": 10.491151, "elapsed": 4853.453574, "datetime": "2020-04-27 11:53:00"}}
{"target": -9399.41723228225, "params": {"epsilon_d": 1.9577747143942832, "phi_d": 0.14029375707055763, "beta_rec": 0.8567905472459116, "gamma_cf": 0.08382489282379628, "k_intra": 4.550901183336253, "gamma_fc": 0.5643726958373498, "s_cf": 0.3715352236209384, "beta_enc": 0.529835521249005, "phi_s": 0.21412831010322236}, "datetime": {"delta": 10.377976, "elapsed": 4863.83155, "datetime": "2020-04-27 11:53:11"}}
{"target": -9537.70202854877, "params": {"epsilon_d": 5.797807895998912, "phi_d": 2.6155053330922016, "beta_rec": 0.17582149343742748, "gamma_cf": 0.47680494470451285, "k_intra": 0.7166639688232518, "gamma_fc": 0.9817927595754482, "s_cf": 2.6417790825664564, "beta_enc": 0.1366097319300416, "phi_s": 1.7777073682064013}, "datetime": {"delta": 10.484835, "elapsed": 4874.316385, "datetime": "2020-04-27 11:53:21"}}
{"target": -9889.552172537167, "params": {"epsilon_d": 8.644637705694846, "phi_d": 1.9625331319376742, "beta_rec": 0.09924360606946156, "gamma_cf": 0.5704269880447367, "k_intra": 0.1399965527368352, "gamma_fc": 0.6026444209808699, "s_cf": 2.9887659541871985, "beta_enc": 0.15014224931782144, "phi_s": 2.558226996168994}, "datetime": {"delta": 10.396513, "elapsed": 4884.712898, "datetime": "2020-04-27 11:53:32"}}
{"target": -10422.4158201363, "params": {"epsilon_d": 4.107226217324216, "phi_d": 2.0851645738288913, "beta_rec": 0.3114779051537622, "gamma_cf": 0.22810229380137587, "k_intra": 4.342099650565337, "gamma_fc": 0.30348872626019274, "s_cf": 2.3402214879598997, "beta_enc": 0.4896593116456255, "phi_s": 2.016138136918251}, "datetime": {"delta": 10.451566, "elapsed": 4895.164464, "datetime": "2020-04-27 11:53:42"}}
{"target": -9626.452288511191, "params": {"epsilon_d": 7.9730128914489935, "phi_d": 0.23471326802684012, "beta_rec": 0.7287335080949484, "gamma_cf": 0.5618566827974953, "k_intra": 1.5904167197446915, "gamma_fc": 0.5191036209568225, "s_cf": 1.9974760326531333, "beta_enc": 0.29513321926347147, "phi_s": 1.4451132285414405}, "datetime": {"delta": 10.438117, "elapsed": 4905.602581, "datetime": "2020-04-27 11:53:53"}}
{"target": -15823.826846485477, "params": {"epsilon_d": 5.026615056647152, "phi_d": 2.990141562635737, "beta_rec": 0.4000096099152135, "gamma_cf": 0.9549084662565307, "k_intra": 8.74175598480386, "gamma_fc": 0.8897006157229287, "s_cf": 0.6888736463736413, "beta_enc": 0.29129168489333945, "phi_s": 2.3430145211073192}, "datetime": {"delta": 10.424089, "elapsed": 4916.02667, "datetime": "2020-04-27 11:54:03"}}
{"target": -11007.878006561914, "params": {"epsilon_d": 8.901962088929121, "phi_d": 0.27577348477465546, "beta_rec": 0.16633162371117088, "gamma_cf": 0.33864593795504316, "k_intra": 6.066167769119533, "gamma_fc": 0.359150197516082, "s_cf": 1.2051050252595605, "beta_enc": 0.855898606598619, "phi_s": 2.7305557063500476}, "datetime": {"delta": 10.476302, "elapsed": 4926.502972, "datetime": "2020-04-27 11:54:13"}}
{"target": -10119.836787559569, "params": {"epsilon_d": 7.0710664870724536, "phi_d": 2.1055739007238303, "beta_rec": 0.7105763804094446, "gamma_cf": 0.5326729042736205, "k_intra": 6.457525342029541, "gamma_fc": 0.5200079594006353, "s_cf": 2.2860438040557813, "beta_enc": 0.8109848538118956, "phi_s": 0.7838727663070183}, "datetime": {"delta": 10.405088, "elapsed": 4936.90806, "datetime": "2020-04-27 11:54:24"}}
{"target": -9476.70005986544, "params": {"epsilon_d": 7.33303572146778, "phi_d": 1.0917396843974738, "beta_rec": 0.8151161378737929, "gamma_cf": 0.8217287677383838, "k_intra": 1.7564922255815938, "gamma_fc": 0.10625942578551678, "s_cf": 2.9372825386383594, "beta_enc": 0.9429554513671771, "phi_s": 2.2272025883255426}, "datetime": {"delta": 10.530247, "elapsed": 4947.438307, "datetime": "2020-04-27 11:54:34"}}
{"target": -9900.591931214392, "params": {"epsilon_d": 9.218412938056423, "phi_d": 0.6201426788700173, "beta_rec": 0.47904503353489863, "gamma_cf": 0.377761370150449, "k_intra": 0.025029657152458855, "gamma_fc": 0.6775215692400686, "s_cf": 1.222270415431123, "beta_enc": 0.7595900620092361, "phi_s": 0.9550324297893712}, "datetime": {"delta": 10.416245, "elapsed": 4957.854552, "datetime": "2020-04-27 11:54:45"}}
