{"target": 5.602888888888889, "params": {"beta_rec": 0.7203244934421581, "beta_enc": 0.417022004702574, "k": 5.0, "cue_position": 10.0, "enc_rate": 0.75, "gamma_fc": 0.14675589081711304}, "datetime": {"delta": 0.0, "elapsed": 0.0, "datetime": "2020-11-23 13:59:17"}}
{"target": 5.9159999999999995, "params": {"beta_rec": 0.34556072704304774, "beta_enc": 0.1862602113776709, "k": 5.0, "cue_position": 10.0, "enc_rate": 0.75, "gamma_fc": 0.4191945144032948}, "datetime": {"delta": 37.647594, "elapsed": 37.647594, "datetime": "2020-11-23 13:59:54"}}
{"target": 5.998222222222223, "params": {"beta_rec": 0.8781174363909454, "beta_enc": 0.20445224973151743, "k": 5.0, "cue_position": 10.0, "enc_rate": 0.75, "gamma_fc": 0.41730480236712697}, "datetime": {"delta": 37.903843, "elapsed": 75.551437, "datetime": "2020-11-23 14:00:32"}}
{"target": 5.923333333333334, "params": {"beta_rec": 0.1981014890848788, "beta_enc": 0.14038693859523377, "k": 5.0, "cue_position": 10.0, "enc_rate": 0.75, "gamma_fc": 0.31342417815924284}, "datetime": {"delta": 35.818352, "elapsed": 111.369789, "datetime": "2020-11-23 14:01:08"}}
{"target": 4.538444444444444, "params": {"beta_rec": 0.8946066635038473, "beta_enc": 0.8763891522960383, "k": 5.0, "cue_position": 10.0, "enc_rate": 0.75, "gamma_fc": 0.1698304195645689}, "datetime": {"delta": 34.032468, "elapsed": 145.402257, "datetime": "2020-11-23 14:01:42"}}
{"target": 5.916444444444444, "params": {"beta_rec": 0.42110762500505217, "beta_enc": 0.0983468338330501, "k": 5.0, "cue_position": 10.0, "enc_rate": 0.75, "gamma_fc": 0.6918771139504734}, "datetime": {"delta": 38.804138, "elapsed": 184.206395, "datetime": "2020-11-23 14:02:21"}}
{"target": 5.225333333333333, "params": {"beta_rec": 0.8346256718973729, "beta_enc": 0.6865009276815837, "k": 5.0, "cue_position": 10.0, "enc_rate": 0.75, "gamma_fc": 0.9888610889064947}, "datetime": {"delta": 35.40091, "elapsed": 219.607305, "datetime": "2020-11-23 14:02:56"}}
{"target": 5.901777777777778, "params": {"beta_rec": 0.7892793284514885, "beta_enc": 0.2804439920644052, "k": 5.0, "cue_position": 10.0, "enc_rate": 0.75, "gamma_fc": 0.9085955030930956}, "datetime": {"delta": 36.125716, "elapsed": 255.733021, "datetime": "2020-11-23 14:03:32"}}
{"target": 5.845777777777778, "params": {"beta_rec": 0.13002857211827767, "beta_enc": 0.28777533858634874, "k": 5.0, "cue_position": 10.0, "enc_rate": 0.75, "gamma_fc": 0.21162811600005904}, "datetime": {"delta": 35.451582, "elapsed": 291.184603, "datetime": "2020-11-23 14:04:08"}}
{"target": 5.4366666666666665, "params": {"beta_rec": 0.053362545117080384, "beta_enc": 0.4915731592803383, "k": 5.0, "cue_position": 10.0, "enc_rate": 0.75, "gamma_fc": 0.5893055369032842}, "datetime": {"delta": 34.20239, "elapsed": 325.386993, "datetime": "2020-11-23 14:04:42"}}
{"target": 5.968666666666667, "params": {"beta_rec": 0.4140559878195683, "beta_enc": 0.10233442882782584, "k": 5.0, "cue_position": 10.0, "enc_rate": 0.75, "gamma_fc": 0.04995345894608716}, "datetime": {"delta": 35.535329, "elapsed": 360.922322, "datetime": "2020-11-23 14:05:18"}}
{"target": 5.173555555555555, "params": {"beta_rec": 0.5148891120583086, "beta_enc": 0.6637946452197888, "k": 5.0, "cue_position": 10.0, "enc_rate": 0.75, "gamma_fc": 0.9034019152878835}, "datetime": {"delta": 33.341349, "elapsed": 394.263671, "datetime": "2020-11-23 14:05:51"}}
{"target": 5.918666666666667, "params": {"beta_rec": 0.8073912887095238, "beta_enc": 0.13927634725075855, "k": 5.0, "cue_position": 10.0, "enc_rate": 0.75, "gamma_fc": 0.9275085803960339}, "datetime": {"delta": 38.020247, "elapsed": 432.283918, "datetime": "2020-11-23 14:06:29"}}
{"target": 4.742666666666667, "params": {"beta_rec": 0.7259979853504515, "beta_enc": 0.7508121031361555, "k": 5.0, "cue_position": 10.0, "enc_rate": 0.75, "gamma_fc": 0.7509424340273372}, "datetime": {"delta": 32.42056, "elapsed": 464.704478, "datetime": "2020-11-23 14:07:01"}}
{"target": 5.893777777777778, "params": {"beta_rec": 0.8958862181960668, "beta_enc": 0.2699278917650261, "k": 5.0, "cue_position": 10.0, "enc_rate": 0.75, "gamma_fc": 0.6634414978184481}, "datetime": {"delta": 35.810103, "elapsed": 500.514581, "datetime": "2020-11-23 14:07:37"}}
{"target": 6.0457777777777775, "params": {"beta_rec": 0.9494892587070712, "beta_enc": 0.11474597295337519, "k": 5.0, "cue_position": 10.0, "enc_rate": 0.75, "gamma_fc": 0.40813680276128117}, "datetime": {"delta": 36.821492, "elapsed": 537.336073, "datetime": "2020-11-23 14:08:14"}}
{"target": 4.252888888888888, "params": {"beta_rec": 0.5736794866722859, "beta_enc": 0.9033795205622538, "k": 5.0, "cue_position": 10.0, "enc_rate": 0.75, "gamma_fc": 0.32664490177209615}, "datetime": {"delta": 30.417006, "elapsed": 567.753079, "datetime": "2020-11-23 14:08:44"}}
{"target": 4.729555555555555, "params": {"beta_rec": 0.35726976000249977, "beta_enc": 0.8859420993107745, "k": 5.0, "cue_position": 10.0, "enc_rate": 0.75, "gamma_fc": 0.015821242846556283}, "datetime": {"delta": 32.14451, "elapsed": 599.897589, "datetime": "2020-11-23 14:09:17"}}
{"target": 5.150666666666668, "params": {"beta_rec": 0.9973228504514805, "beta_enc": 0.690896917516924, "k": 5.0, "cue_position": 10.0, "enc_rate": 0.75, "gamma_fc": 0.9325954630371636}, "datetime": {"delta": 33.68987, "elapsed": 633.587459, "datetime": "2020-11-23 14:09:50"}}
{"target": 5.954444444444444, "params": {"beta_rec": 0.7554630526024664, "beta_enc": 0.06600017272206249, "k": 5.0, "cue_position": 10.0, "enc_rate": 0.75, "gamma_fc": 0.7115247586284718}, "datetime": {"delta": 36.069845, "elapsed": 669.657304, "datetime": "2020-11-23 14:10:26"}}
{"target": 5.953333333333334, "params": {"beta_rec": 0.026210986877719278, "beta_enc": 0.01988013383979559, "k": 5.0, "cue_position": 10.0, "enc_rate": 0.75, "gamma_fc": 0.860027948682888}, "datetime": {"delta": 36.782267, "elapsed": 706.439571, "datetime": "2020-11-23 14:11:03"}}
{"target": 5.529999999999999, "params": {"beta_rec": 0.8420308923596057, "beta_enc": 0.5528219786857659, "k": 5.0, "cue_position": 10.0, "enc_rate": 0.75, "gamma_fc": 0.5857592714582879}, "datetime": {"delta": 35.164755, "elapsed": 741.604326, "datetime": "2020-11-23 14:11:38"}}
{"target": 5.184888888888888, "params": {"beta_rec": 0.01864728937294302, "beta_enc": 0.56103021925571, "k": 5.0, "cue_position": 10.0, "enc_rate": 0.75, "gamma_fc": 0.8071051956187791}, "datetime": {"delta": 33.336, "elapsed": 774.940326, "datetime": "2020-11-23 14:12:12"}}
{"target": 4.546222222222221, "params": {"beta_rec": 0.7471216427371846, "beta_enc": 0.8635418545594287, "k": 5.0, "cue_position": 10.0, "enc_rate": 0.75, "gamma_fc": 0.05991768951221166}, "datetime": {"delta": 32.394967, "elapsed": 807.335293, "datetime": "2020-11-23 14:12:44"}}
{"target": 5.930888888888889, "params": {"beta_rec": 0.1074941291060929, "beta_enc": 0.044551878544761725, "k": 5.0, "cue_position": 10.0, "enc_rate": 0.75, "gamma_fc": 0.5597169820541424}, "datetime": {"delta": 37.691692, "elapsed": 845.026985, "datetime": "2020-11-23 14:13:22"}}
{"target": 6.265777777777778, "params": {"beta_rec": 0.967276330000272, "beta_enc": 0.07197427968948678, "k": 5.0, "cue_position": 10.0, "enc_rate": 0.75, "gamma_fc": 0.2523257445703234}, "datetime": {"delta": 37.935442, "elapsed": 882.962427, "datetime": "2020-11-23 14:14:00"}}
{"target": 5.897555555555556, "params": {"beta_rec": 0.5813589272732578, "beta_enc": 0.1954294811093188, "k": 5.0, "cue_position": 10.0, "enc_rate": 0.75, "gamma_fc": 0.23984775914758616}, "datetime": {"delta": 35.716813, "elapsed": 918.67924, "datetime": "2020-11-23 14:14:35"}}
{"target": 5.046, "params": {"beta_rec": 0.8289808995501787, "beta_enc": 0.6199557183813798, "k": 5.0, "cue_position": 10.0, "enc_rate": 0.75, "gamma_fc": 0.07002214371922233}, "datetime": {"delta": 33.903632, "elapsed": 952.582872, "datetime": "2020-11-23 14:15:09"}}
{"target": 5.301111111111111, "params": {"beta_rec": 0.5688514370864813, "beta_enc": 0.6063294616533303, "k": 5.0, "cue_position": 10.0, "enc_rate": 0.75, "gamma_fc": 0.5797452192457969}, "datetime": {"delta": 34.279773, "elapsed": 986.862645, "datetime": "2020-11-23 14:15:44"}}
{"target": 5.180888888888889, "params": {"beta_rec": 0.7453344309065021, "beta_enc": 0.5509482191178968, "k": 5.0, "cue_position": 10.0, "enc_rate": 0.75, "gamma_fc": 0.06633483442844157}, "datetime": {"delta": 33.735089, "elapsed": 1020.597734, "datetime": "2020-11-23 14:16:17"}}
{"target": 5.022888888888889, "params": {"beta_rec": 0.2101740099148396, "beta_enc": 0.6297175070215645, "k": 5.0, "cue_position": 10.0, "enc_rate": 0.75, "gamma_fc": 0.26031509857854096}, "datetime": {"delta": 33.534394, "elapsed": 1054.132128, "datetime": "2020-11-23 14:16:51"}}
{"target": 5.981777777777777, "params": {"beta_rec": 0.6394608808799401, "beta_enc": 0.19343428262332774, "k": 5.0, "cue_position": 10.0, "enc_rate": 0.75, "gamma_fc": 0.263296770487111}, "datetime": {"delta": 37.687514, "elapsed": 1091.819642, "datetime": "2020-11-23 14:17:28"}}
{"target": 4.714, "params": {"beta_rec": 0.7721780295432468, "beta_enc": 0.7350659632886695, "k": 5.0, "cue_position": 10.0, "enc_rate": 0.75, "gamma_fc": 0.013951572975597015}, "datetime": {"delta": 31.482462, "elapsed": 1123.302104, "datetime": "2020-11-23 14:18:00"}}
{"target": 5.467555555555555, "params": {"beta_rec": 0.9490163206876164, "beta_enc": 0.6167783570016576, "k": 5.0, "cue_position": 10.0, "enc_rate": 0.75, "gamma_fc": 0.9156063497662745}, "datetime": {"delta": 34.372475, "elapsed": 1157.674579, "datetime": "2020-11-23 14:18:34"}}
{"target": 5.761333333333333, "params": {"beta_rec": 0.48599066709690975, "beta_enc": 0.39000771414124624, "k": 5.0, "cue_position": 10.0, "enc_rate": 0.75, "gamma_fc": 0.9261814267064536}, "datetime": {"delta": 38.285471, "elapsed": 1195.96005, "datetime": "2020-11-23 14:19:13"}}
{"target": 5.793111111111111, "params": {"beta_rec": 0.9632625284407118, "beta_enc": 0.3948756129235549, "k": 5.0, "cue_position": 10.0, "enc_rate": 0.75, "gamma_fc": 0.13507915804673132}, "datetime": {"delta": 42.937337, "elapsed": 1238.897387, "datetime": "2020-11-23 14:19:56"}}
{"target": 6.461777777777778, "params": {"beta_rec": 0.947970211217681, "beta_enc": 0.021524805274197978, "k": 5.0, "cue_position": 10.0, "enc_rate": 0.75, "gamma_fc": 0.17619625557505525}, "datetime": {"delta": 39.159299, "elapsed": 1278.056686, "datetime": "2020-11-23 14:20:35"}}
{"target": 5.965777777777777, "params": {"beta_rec": 0.8094906921265821, "beta_enc": 0.1309968448109169, "k": 5.0, "cue_position": 10.0, "enc_rate": 0.75, "gamma_fc": 0.58201417994708}, "datetime": {"delta": 37.319111, "elapsed": 1315.375797, "datetime": "2020-11-23 14:21:12"}}
{"target": 4.190444444444444, "params": {"beta_rec": 0.9053923187086492, "beta_enc": 0.8447344453922219, "k": 5.0, "cue_position": 10.0, "enc_rate": 0.75, "gamma_fc": 0.7986035911520394}, "datetime": {"delta": 30.234392, "elapsed": 1345.610189, "datetime": "2020-11-23 14:21:42"}}
{"target": 5.561999999999999, "params": {"beta_rec": 0.5991103076458784, "beta_enc": 0.4902535226199277, "k": 5.0, "cue_position": 10.0, "enc_rate": 0.75, "gamma_fc": 0.4336763489894583}, "datetime": {"delta": 37.075919, "elapsed": 1382.686108, "datetime": "2020-11-23 14:22:19"}}
{"target": 5.839333333333333, "params": {"beta_rec": 0.8928887085251513, "beta_enc": 0.31524480309537295, "k": 5.0, "cue_position": 10.0, "enc_rate": 0.75, "gamma_fc": 0.7879292338255043}, "datetime": {"delta": 39.90082, "elapsed": 1422.586928, "datetime": "2020-11-23 14:22:59"}}
{"target": 6.0282222222222215, "params": {"beta_rec": 0.4201936800011322, "beta_enc": 0.053909272073752956, "k": 5.0, "cue_position": 10.0, "enc_rate": 0.75, "gamma_fc": 0.00040202489135743313}, "datetime": {"delta": 36.327862, "elapsed": 1458.91479, "datetime": "2020-11-23 14:23:36"}}
{"target": 5.831555555555555, "params": {"beta_rec": 0.9737835383583225, "beta_enc": 0.37658031474577447, "k": 5.0, "cue_position": 10.0, "enc_rate": 0.75, "gamma_fc": 0.5747115047081023}, "datetime": {"delta": 35.513181, "elapsed": 1494.427971, "datetime": "2020-11-23 14:24:11"}}
{"target": 5.8902222222222225, "params": {"beta_rec": 0.586833340656083, "beta_enc": 0.28557628169569393, "k": 5.0, "cue_position": 10.0, "enc_rate": 0.75, "gamma_fc": 0.7550821884676802}, "datetime": {"delta": 36.836347, "elapsed": 1531.264318, "datetime": "2020-11-23 14:24:48"}}
{"target": 4.519333333333333, "params": {"beta_rec": 0.32268099683674645, "beta_enc": 0.8644794300545998, "k": 5.0, "cue_position": 10.0, "enc_rate": 0.75, "gamma_fc": 0.3821027520315172}, "datetime": {"delta": 30.815757, "elapsed": 1562.080075, "datetime": "2020-11-23 14:25:19"}}
{"target": 5.755999999999999, "params": {"beta_rec": 0.3173839459582769, "beta_enc": 0.4014795834695406, "k": 5.0, "cue_position": 10.0, "enc_rate": 0.75, "gamma_fc": 0.9738020779272523}, "datetime": {"delta": 35.398822, "elapsed": 1597.478897, "datetime": "2020-11-23 14:25:54"}}
{"target": 5.890888888888889, "params": {"beta_rec": 0.4267010093480328, "beta_enc": 0.19856988842711087, "k": 5.0, "cue_position": 10.0, "enc_rate": 0.75, "gamma_fc": 0.8799982885634318}, "datetime": {"delta": 38.494654, "elapsed": 1635.973551, "datetime": "2020-11-23 14:26:33"}}
{"target": 4.993777777777778, "params": {"beta_rec": 0.2702082620297578, "beta_enc": 0.6627198123752622, "k": 5.0, "cue_position": 10.0, "enc_rate": 0.75, "gamma_fc": 0.5277146463087466}, "datetime": {"delta": 32.412114, "elapsed": 1668.385665, "datetime": "2020-11-23 14:27:05"}}
{"target": 5.448, "params": {"beta_rec": 0.7331425252875111, "beta_enc": 0.5724885171916063, "k": 5.0, "cue_position": 10.0, "enc_rate": 0.75, "gamma_fc": 0.5688579907047155}, "datetime": {"delta": 34.125567, "elapsed": 1702.511232, "datetime": "2020-11-23 14:27:39"}}
{"target": 5.782, "params": {"beta_rec": 0.06820934841670412, "beta_enc": 0.3426889079532818, "k": 5.0, "cue_position": 10.0, "enc_rate": 0.75, "gamma_fc": 0.982817113730445}, "datetime": {"delta": 35.480431, "elapsed": 1737.991663, "datetime": "2020-11-23 14:28:15"}}
{"target": 4.750888888888889, "params": {"beta_rec": 0.8749616449558981, "beta_enc": 0.8118586977205398, "k": 5.0, "cue_position": 10.0, "enc_rate": 0.75, "gamma_fc": 0.16097143681560877}, "datetime": {"delta": 32.351718, "elapsed": 1770.343381, "datetime": "2020-11-23 14:28:47"}}
{"target": 5.844444444444444, "params": {"beta_rec": 0.2250399578140846, "beta_enc": 0.345172051155215, "k": 5.0, "cue_position": 10.0, "enc_rate": 0.75, "gamma_fc": 0.9163055534683507}, "datetime": {"delta": 35.394913, "elapsed": 1805.738294, "datetime": "2020-11-23 14:29:22"}}
{"target": 5.889777777777778, "params": {"beta_rec": 0.1108913007440292, "beta_enc": 0.2571182937821962, "k": 5.0, "cue_position": 10.0, "enc_rate": 0.75, "gamma_fc": 0.7285856679745962}, "datetime": {"delta": 35.458941, "elapsed": 1841.197235, "datetime": "2020-11-23 14:29:58"}}
{"target": 5.9846666666666675, "params": {"beta_rec": 0.851671874936367, "beta_enc": 0.24803355837723073, "k": 5.0, "cue_position": 10.0, "enc_rate": 0.75, "gamma_fc": 0.23366613923925006}, "datetime": {"delta": 37.014957, "elapsed": 1878.212192, "datetime": "2020-11-23 14:30:35"}}
{"target": 5.543333333333334, "params": {"beta_rec": 0.47714098704978236, "beta_enc": 0.5158570169685298, "k": 5.0, "cue_position": 10.0, "enc_rate": 0.75, "gamma_fc": 0.5440101188139381}, "datetime": {"delta": 39.086742, "elapsed": 1917.298934, "datetime": "2020-11-23 14:31:14"}}
{"target": 5.903777777777778, "params": {"beta_rec": 0.7515278171352439, "beta_enc": 0.1445455401246598, "k": 5.0, "cue_position": 10.0, "enc_rate": 0.75, "gamma_fc": 0.7852960282216189}, "datetime": {"delta": 35.456241, "elapsed": 1952.755175, "datetime": "2020-11-23 14:31:49"}}
{"target": 5.855777777777779, "params": {"beta_rec": 0.872922376400111, "beta_enc": 0.3243624597261865, "k": 5.0, "cue_position": 10.0, "enc_rate": 0.75, "gamma_fc": 0.866608274166513}, "datetime": {"delta": 38.551643, "elapsed": 1991.306818, "datetime": "2020-11-23 14:32:28"}}
{"target": 4.362222222222223, "params": {"beta_rec": 0.8541154438365387, "beta_enc": 0.8264069976293413, "k": 5.0, "cue_position": 10.0, "enc_rate": 0.75, "gamma_fc": 0.703516988152653}, "datetime": {"delta": 30.683994, "elapsed": 2021.990812, "datetime": "2020-11-23 14:32:59"}}
{"target": 4.2653333333333325, "params": {"beta_rec": 0.03457121987163425, "beta_enc": 0.799615261736028, "k": 5.0, "cue_position": 10.0, "enc_rate": 0.75, "gamma_fc": 0.2596983932983531}, "datetime": {"delta": 30.12227, "elapsed": 2052.113082, "datetime": "2020-11-23 14:33:29"}}
{"target": 5.179555555555555, "params": {"beta_rec": 0.34529746159108154, "beta_enc": 0.6323033174301278, "k": 5.0, "cue_position": 10.0, "enc_rate": 0.75, "gamma_fc": 0.7827494147841719}, "datetime": {"delta": 33.558925, "elapsed": 2085.672007, "datetime": "2020-11-23 14:34:02"}}
{"target": 5.864888888888889, "params": {"beta_rec": 0.14300582825809938, "beta_enc": 0.30024833953390007, "k": 5.0, "cue_position": 10.0, "enc_rate": 0.75, "gamma_fc": 0.9747403708550822}, "datetime": {"delta": 37.239514, "elapsed": 2122.911521, "datetime": "2020-11-23 14:34:40"}}
{"target": 3.6006666666666662, "params": {"beta_rec": 0.5460708041429516, "beta_enc": 0.9939130246104789, "k": 5.0, "cue_position": 10.0, "enc_rate": 0.75, "gamma_fc": 0.3557051709838811}, "datetime": {"delta": 27.58094, "elapsed": 2150.492461, "datetime": "2020-11-23 14:35:07"}}
{"target": 5.932222222222222, "params": {"beta_rec": 0.7456371927074961, "beta_enc": 0.1603951795196491, "k": 5.0, "cue_position": 10.0, "enc_rate": 0.75, "gamma_fc": 0.8623462528380441}, "datetime": {"delta": 36.471875, "elapsed": 2186.964336, "datetime": "2020-11-23 14:35:44"}}
{"target": 4.8584444444444435, "params": {"beta_rec": 0.18863680095531088, "beta_enc": 0.6909421420661686, "k": 5.0, "cue_position": 10.0, "enc_rate": 0.75, "gamma_fc": 0.9897517076637052}, "datetime": {"delta": 32.635825, "elapsed": 2219.600161, "datetime": "2020-11-23 14:36:16"}}
{"target": 5.838666666666667, "params": {"beta_rec": 0.26217308377291193, "beta_enc": 0.24773290176235485, "k": 5.0, "cue_position": 10.0, "enc_rate": 0.75, "gamma_fc": 0.05692943841109499}, "datetime": {"delta": 36.861679, "elapsed": 2256.46184, "datetime": "2020-11-23 14:36:53"}}
{"target": 5.919555555555556, "params": {"beta_rec": 0.7986042447602102, "beta_enc": 0.21196016464367595, "k": 5.0, "cue_position": 10.0, "enc_rate": 0.75, "gamma_fc": 0.593432449464621}, "datetime": {"delta": 47.465882, "elapsed": 2303.927722, "datetime": "2020-11-23 14:37:41"}}
{"target": 5.801777777777778, "params": {"beta_rec": 0.7498583107261434, "beta_enc": 0.3810161240622142, "k": 5.0, "cue_position": 10.0, "enc_rate": 0.75, "gamma_fc": 0.9594343210617524}, "datetime": {"delta": 35.392804, "elapsed": 2339.320526, "datetime": "2020-11-23 14:38:16"}}
{"target": 6.0904444444444445, "params": {"beta_rec": 0.7093872512312951, "beta_enc": 0.03232306662357398, "k": 5.0, "cue_position": 10.0, "enc_rate": 0.75, "gamma_fc": 0.2214327343234883}, "datetime": {"delta": 39.839298, "elapsed": 2379.159824, "datetime": "2020-11-23 14:38:56"}}
