{"target": 8.433333333333334, "params": {"gamma_cf": 0.0254762357788203, "beta_enc": 0.23507763668617032, "beta_rec": 0.461602080891622, "cue_position": 1.0, "gamma_fc": 0.7293976982561526}, "datetime": {"delta": 24.993875, "datetime": "2020-06-24 18:44:16", "elapsed": 5378.297823}}
{"target": 7.445833333333334, "params": {"gamma_cf": 0.42844247595107343, "beta_enc": 0.7249167472191191, "beta_rec": 0.33039174636170277, "cue_position": 1.0, "gamma_fc": 0.8646861447635343}, "datetime": {"delta": 23.031019, "datetime": "2020-06-24 18:44:39", "elapsed": 5401.328842}}
{"target": 8.370833333333334, "params": {"gamma_cf": 0.5295466104783949, "beta_enc": 0.6570654246228895, "beta_rec": 0.5810356574180902, "cue_position": 1.0, "gamma_fc": 0.8944324184275724}, "datetime": {"delta": 24.800575, "datetime": "2020-06-24 18:45:04", "elapsed": 5426.129417}}
{"target": 9.233333333333333, "params": {"gamma_cf": 0.32984456268188234, "beta_enc": 0.30499397583521604, "beta_rec": 0.8709456091610533, "cue_position": 1.0, "gamma_fc": 0.6830743663365642}, "datetime": {"delta": 26.478049, "datetime": "2020-06-24 18:45:31", "elapsed": 5452.607466}}
{"target": 5.091666666666667, "params": {"gamma_cf": 0.1908393632684806, "beta_enc": 0.8992209495659688, "beta_rec": 0.07569688175830336, "cue_position": 1.0, "gamma_fc": 0.8497689100179306}, "datetime": {"delta": 18.28714, "datetime": "2020-06-24 18:45:49", "elapsed": 5470.894606}}
{"target": 7.804166666666666, "params": {"gamma_cf": 0.6353709614884534, "beta_enc": 0.6671187886992039, "beta_rec": 0.34433919545005387, "cue_position": 1.0, "gamma_fc": 0.8477880437147416}, "datetime": {"delta": 23.733224, "datetime": "2020-06-24 18:46:13", "elapsed": 5494.62783}}
{"target": 5.9375, "params": {"gamma_cf": 0.5899231270757698, "beta_enc": 0.8218493747640105, "beta_rec": 0.6282395971306578, "cue_position": 1.0, "gamma_fc": 0.1978327846479193}, "datetime": {"delta": 20.18414, "datetime": "2020-06-24 18:46:33", "elapsed": 5514.81197}}
{"target": 9.225, "params": {"gamma_cf": 0.38023649611726473, "beta_enc": 0.4293307226164923, "beta_rec": 0.3367459987011673, "cue_position": 1.0, "gamma_fc": 0.992700873664818}, "datetime": {"delta": 26.496245, "datetime": "2020-06-24 18:46:59", "elapsed": 5541.308215}}
{"target": 7.870833333333334, "params": {"gamma_cf": 0.37030569377388767, "beta_enc": 0.5188042507334142, "beta_rec": 0.17227970147712546, "cue_position": 1.0, "gamma_fc": 0.12341885981472989}, "datetime": {"delta": 23.610627, "datetime": "2020-06-24 18:47:23", "elapsed": 5564.918842}}
{"target": 7.570833333333334, "params": {"gamma_cf": 0.9299556236533179, "beta_enc": 0.6345187162918416, "beta_rec": 0.4139198457294089, "cue_position": 1.0, "gamma_fc": 0.14923603230975002}, "datetime": {"delta": 23.2418, "datetime": "2020-06-24 18:47:46", "elapsed": 5588.160642}}
{"target": 9.7375, "params": {"gamma_cf": 0.7803635232892685, "beta_enc": 0.3948822625368005, "beta_rec": 0.46157971096238615, "cue_position": 1.0, "gamma_fc": 0.48719390907342375}, "datetime": {"delta": 27.621416, "datetime": "2020-06-24 18:48:14", "elapsed": 5615.782058}}
{"target": 8.341666666666667, "params": {"gamma_cf": 0.022271511532804156, "beta_enc": 0.4199935520102408, "beta_rec": 0.26199970471933565, "cue_position": 1.0, "gamma_fc": 0.8211218982189646}, "datetime": {"delta": 24.934932, "datetime": "2020-06-24 18:48:39", "elapsed": 5640.71699}}
{"target": 9.679166666666667, "params": {"gamma_cf": 0.9742126278950913, "beta_enc": 0.18846839966641848, "beta_rec": 0.6857568991725472, "cue_position": 1.0, "gamma_fc": 0.12277212944941995}, "datetime": {"delta": 27.482088, "datetime": "2020-06-24 18:49:06", "elapsed": 5668.199078}}
{"target": 6.1375, "params": {"gamma_cf": 0.3092463846587796, "beta_enc": 0.18756989261723955, "beta_rec": 0.8894424754644789, "cue_position": 1.0, "gamma_fc": 0.0007643854781880233}, "datetime": {"delta": 20.693548, "datetime": "2020-06-24 18:49:27", "elapsed": 5688.892626}}
{"target": 10.354166666666666, "params": {"gamma_cf": 0.8963225568040046, "beta_enc": 0.22759773832225305, "beta_rec": 0.1454036341712357, "cue_position": 1.0, "gamma_fc": 0.8730943782696405}, "datetime": {"delta": 29.133122, "datetime": "2020-06-24 18:49:56", "elapsed": 5718.025748}}
{"target": 7.241666666666666, "params": {"gamma_cf": 0.49582639708521237, "beta_enc": 0.7002894376334498, "beta_rec": 0.47049767615220905, "cue_position": 1.0, "gamma_fc": 0.36348868328490525}, "datetime": {"delta": 22.989236, "datetime": "2020-06-24 18:50:19", "elapsed": 5741.014984}}
{"target": 9.479166666666666, "params": {"gamma_cf": 0.49288087343132025, "beta_enc": 0.27560310276085875, "beta_rec": 0.9247408135383717, "cue_position": 1.0, "gamma_fc": 0.2544381023144221}, "datetime": {"delta": 27.092613, "datetime": "2020-06-24 18:50:46", "elapsed": 5768.107597}}
{"target": 4.329166666666667, "params": {"gamma_cf": 0.7175949621947544, "beta_enc": 0.8849665188380633, "beta_rec": 0.38326345680528673, "cue_position": 1.0, "gamma_fc": 0.19086994317230743}, "datetime": {"delta": 16.911405, "datetime": "2020-06-24 18:51:03", "elapsed": 5785.019002}}
{"target": 9.5125, "params": {"gamma_cf": 0.5905205476471171, "beta_enc": 0.11819262934703845, "beta_rec": 0.8369977822135122, "cue_position": 1.0, "gamma_fc": 0.24289157496487068}, "datetime": {"delta": 27.41843, "datetime": "2020-06-24 18:51:30", "elapsed": 5812.437432}}
{"target": 8.391666666666667, "params": {"gamma_cf": 0.06748934306754228, "beta_enc": 0.6232471451875841, "beta_rec": 0.638355320741173, "cue_position": 1.0, "gamma_fc": 0.8805385975643267}, "datetime": {"delta": 25.062018, "datetime": "2020-06-24 18:51:55", "elapsed": 5837.49945}}
{"target": 9.554166666666667, "params": {"gamma_cf": 0.5913871822675169, "beta_enc": 0.4599567310742584, "beta_rec": 0.7638727180664299, "cue_position": 1.0, "gamma_fc": 0.4287951603487977}, "datetime": {"delta": 27.193581, "datetime": "2020-06-24 18:52:23", "elapsed": 5864.693031}}
{"target": 7.779166666666667, "params": {"gamma_cf": 0.07934158295831895, "beta_enc": 0.38210064254913956, "beta_rec": 0.12671338384692277, "cue_position": 1.0, "gamma_fc": 0.3028583047175786}, "datetime": {"delta": 23.707892, "datetime": "2020-06-24 18:52:46", "elapsed": 5888.400923}}
{"target": 6.9875, "params": {"gamma_cf": 0.00838307952503159, "beta_enc": 0.7417048002315554, "beta_rec": 0.6150157249710488, "cue_position": 1.0, "gamma_fc": 0.6783769722513199}, "datetime": {"delta": 22.228107, "datetime": "2020-06-24 18:53:09", "elapsed": 5910.62903}}
{"target": 8.45, "params": {"gamma_cf": 0.18498296555082983, "beta_enc": 0.503180690542887, "beta_rec": 0.23090845048417918, "cue_position": 1.0, "gamma_fc": 0.8442600050750985}, "datetime": {"delta": 25.017544, "datetime": "2020-06-24 18:53:34", "elapsed": 5935.646574}}
{"target": 2.7083333333333335, "params": {"gamma_cf": 0.7802245796913637, "beta_enc": 0.9825897893050853, "beta_rec": 0.9137396248416316, "cue_position": 1.0, "gamma_fc": 0.5464545907014307}, "datetime": {"delta": 13.882759, "datetime": "2020-06-24 18:53:47", "elapsed": 5949.529333}}
{"target": 5.425, "params": {"gamma_cf": 0.7872634475242615, "beta_enc": 0.8164423975559377, "beta_rec": 0.48372695118890585, "cue_position": 1.0, "gamma_fc": 0.10023464310313235}, "datetime": {"delta": 19.252278, "datetime": "2020-06-24 18:54:07", "elapsed": 5968.781611}}
{"target": 8.6875, "params": {"gamma_cf": 0.9588025156370005, "beta_enc": 0.5370071168405407, "beta_rec": 0.36598334666965426, "cue_position": 1.0, "gamma_fc": 0.39282294499696246}, "datetime": {"delta": 25.623078, "datetime": "2020-06-24 18:54:32", "elapsed": 5994.404689}}
{"target": 9.270833333333334, "params": {"gamma_cf": 0.3938840078553765, "beta_enc": 0.39297299794161644, "beta_rec": 0.7906369935895988, "cue_position": 1.0, "gamma_fc": 0.6889550482302514}, "datetime": {"delta": 26.659841, "datetime": "2020-06-24 18:54:59", "elapsed": 6021.06453}}
{"target": 8.679166666666667, "params": {"gamma_cf": 0.3344193926972726, "beta_enc": 0.404001609054379, "beta_rec": 0.1361131542481221, "cue_position": 1.0, "gamma_fc": 0.2179689300611679}, "datetime": {"delta": 25.438064, "datetime": "2020-06-24 18:55:24", "elapsed": 6046.502594}}
{"target": 4.504166666666666, "params": {"gamma_cf": 0.746657472123005, "beta_enc": 0.9257748016364399, "beta_rec": 0.6896393990795577, "cue_position": 1.0, "gamma_fc": 0.5419710617714415}, "datetime": {"delta": 17.210128, "datetime": "2020-06-24 18:55:42", "elapsed": 6063.712722}}
{"target": 6.641666666666667, "params": {"gamma_cf": 0.1674418575065213, "beta_enc": 0.7005330726195026, "beta_rec": 0.9305598192498451, "cue_position": 1.0, "gamma_fc": 0.2631390239238742}, "datetime": {"delta": 21.402474, "datetime": "2020-06-24 18:56:03", "elapsed": 6085.115196}}
{"target": 8.583333333333334, "params": {"gamma_cf": 0.6605983559285987, "beta_enc": 0.07161027944180454, "beta_rec": 0.978672805158347, "cue_position": 1.0, "gamma_fc": 0.089630698927462}, "datetime": {"delta": 25.218036, "datetime": "2020-06-24 18:56:28", "elapsed": 6110.333232}}
{"target": 9.308333333333334, "params": {"gamma_cf": 0.38887340269472437, "beta_enc": 0.21077094208701874, "beta_rec": 0.5028243835184045, "cue_position": 1.0, "gamma_fc": 0.5379877201396809}, "datetime": {"delta": 26.638856, "datetime": "2020-06-24 18:56:55", "elapsed": 6136.972088}}
{"target": 9.533333333333333, "params": {"gamma_cf": 0.3906104987369058, "beta_enc": 0.33920418488509996, "beta_rec": 0.5559002111265755, "cue_position": 1.0, "gamma_fc": 0.6962700831011029}, "datetime": {"delta": 27.048065, "datetime": "2020-06-24 18:57:22", "elapsed": 6164.020153}}
{"target": 7.820833333333334, "params": {"gamma_cf": 0.3580799140129358, "beta_enc": 0.6784824539979241, "beta_rec": 0.6873031493743899, "cue_position": 1.0, "gamma_fc": 0.6131123353670123}, "datetime": {"delta": 23.804853, "datetime": "2020-06-24 18:57:46", "elapsed": 6187.825006}}
{"target": 5.05, "params": {"gamma_cf": 0.4410066204088712, "beta_enc": 0.9357362666081998, "beta_rec": 0.5968885249459731, "cue_position": 1.0, "gamma_fc": 0.7396119625075467}, "datetime": {"delta": 18.414373, "datetime": "2020-06-24 18:58:04", "elapsed": 6206.239379}}
{"target": 5.979166666666667, "params": {"gamma_cf": 0.0053165329611032375, "beta_enc": 0.03760387864960013, "beta_rec": 0.7647266390004861, "cue_position": 1.0, "gamma_fc": 0.2772001047825985}, "datetime": {"delta": 20.11314, "datetime": "2020-06-24 18:58:24", "elapsed": 6226.352519}}
{"target": 9.033333333333333, "params": {"gamma_cf": 0.5490534438505197, "beta_enc": 0.5348322325198115, "beta_rec": 0.7679628782813116, "cue_position": 1.0, "gamma_fc": 0.800994555798356}, "datetime": {"delta": 26.193339, "datetime": "2020-06-24 18:58:50", "elapsed": 6252.545858}}
{"target": 8.691666666666666, "params": {"gamma_cf": 0.2768064626005866, "beta_enc": 0.6495830548784789, "beta_rec": 0.9314470149929107, "cue_position": 1.0, "gamma_fc": 0.9192375042561725}, "datetime": {"delta": 25.541031, "datetime": "2020-06-24 18:59:16", "elapsed": 6278.086889}}
{"target": 6.429166666666666, "params": {"gamma_cf": 0.896043491575002, "beta_enc": 0.7650051482981429, "beta_rec": 0.5997403444720987, "cue_position": 1.0, "gamma_fc": 0.9727203528528249}, "datetime": {"delta": 21.037068, "datetime": "2020-06-24 18:59:37", "elapsed": 6299.123957}}
{"target": 4.841666666666667, "params": {"gamma_cf": 0.07346665436012334, "beta_enc": 0.9985205070898059, "beta_rec": 0.13964933368410348, "cue_position": 1.0, "gamma_fc": 0.01474379089994693}, "datetime": {"delta": 18.173282, "datetime": "2020-06-24 18:59:55", "elapsed": 6317.297239}}
{"target": 3.2083333333333335, "params": {"gamma_cf": 0.6851729969076996, "beta_enc": 0.971820072977926, "beta_rec": 0.09476691645722912, "cue_position": 1.0, "gamma_fc": 0.4875571674829181}, "datetime": {"delta": 14.889749, "datetime": "2020-06-24 19:00:10", "elapsed": 6332.186988}}
{"target": 9.895833333333334, "params": {"gamma_cf": 0.9110179736986265, "beta_enc": 0.3466948813585782, "beta_rec": 0.35364778706700506, "cue_position": 1.0, "gamma_fc": 0.725642545494869}, "datetime": {"delta": 27.910826, "datetime": "2020-06-24 19:00:38", "elapsed": 6360.097814}}
{"target": 9.245833333333334, "params": {"gamma_cf": 0.02896618617789848, "beta_enc": 0.025925792784269874, "beta_rec": 0.46152125324711457, "cue_position": 1.0, "gamma_fc": 0.8846818943092944}, "datetime": {"delta": 26.583347, "datetime": "2020-06-24 19:01:05", "elapsed": 6386.681161}}
{"target": 6.083333333333333, "params": {"gamma_cf": 0.3246383222029966, "beta_enc": 0.7710053579546823, "beta_rec": 0.32973507924426093, "cue_position": 1.0, "gamma_fc": 0.30788244381764673}, "datetime": {"delta": 20.425766, "datetime": "2020-06-24 19:01:25", "elapsed": 6407.106927}}
{"target": 3.9791666666666665, "params": {"gamma_cf": 0.951935167567925, "beta_enc": 0.9281090785007262, "beta_rec": 0.9769161619458502, "cue_position": 1.0, "gamma_fc": 0.8879964939264646}, "datetime": {"delta": 16.204653, "datetime": "2020-06-24 19:01:41", "elapsed": 6423.31158}}
{"target": 8.641666666666667, "params": {"gamma_cf": 0.455643424642054, "beta_enc": 0.5180325615944087, "beta_rec": 0.3727488020974856, "cue_position": 1.0, "gamma_fc": 0.6052128951232129}, "datetime": {"delta": 25.210228, "datetime": "2020-06-24 19:02:06", "elapsed": 6448.521808}}
{"target": 4.783333333333333, "params": {"gamma_cf": 0.08899822082237796, "beta_enc": 0.9904061968899467, "beta_rec": 0.7739162499564685, "cue_position": 1.0, "gamma_fc": 0.18490559027840836}, "datetime": {"delta": 17.890144, "datetime": "2020-06-24 19:02:24", "elapsed": 6466.411952}}
{"target": 9.225, "params": {"gamma_cf": 0.9332023381866817, "beta_enc": 0.5268518758918344, "beta_rec": 0.417102418106858, "cue_position": 1.0, "gamma_fc": 0.17786474795134855}, "datetime": {"delta": 26.630781, "datetime": "2020-06-24 19:02:51", "elapsed": 6493.042733}}
{"target": 4.866666666666666, "params": {"gamma_cf": 0.037862587720430496, "beta_enc": 0.8600667708762162, "beta_rec": 0.9573949263266688, "cue_position": 1.0, "gamma_fc": 0.05758350560817371}, "datetime": {"delta": 17.99941, "datetime": "2020-06-24 19:03:09", "elapsed": 6511.042143}}
{"target": 8.366666666666667, "params": {"gamma_cf": 0.29386248547054417, "beta_enc": 0.005797392917688993, "beta_rec": 0.3126811561554764, "cue_position": 1.0, "gamma_fc": 0.3560164860311865}, "datetime": {"delta": 24.688563, "datetime": "2020-06-24 19:03:34", "elapsed": 6535.730706}}
{"target": 4.5625, "params": {"gamma_cf": 0.5030051950509548, "beta_enc": 0.9536770184739218, "beta_rec": 0.47695092248677795, "cue_position": 1.0, "gamma_fc": 0.6433579246491355}, "datetime": {"delta": 17.324415, "datetime": "2020-06-24 19:03:51", "elapsed": 6553.055121}}
{"target": 10.320833333333333, "params": {"gamma_cf": 0.8442498595694283, "beta_enc": 0.111245672567435, "beta_rec": 0.7580616581331086, "cue_position": 1.0, "gamma_fc": 0.8905068324120895}, "datetime": {"delta": 28.670622, "datetime": "2020-06-24 19:04:20", "elapsed": 6581.725743}}
{"target": 9.25, "params": {"gamma_cf": 0.22580692243123512, "beta_enc": 0.38184239675576115, "beta_rec": 0.44380519836651855, "cue_position": 1.0, "gamma_fc": 0.971320469273211}, "datetime": {"delta": 26.518402, "datetime": "2020-06-24 19:04:46", "elapsed": 6608.244145}}
{"target": 9.504166666666666, "params": {"gamma_cf": 0.9225044972603934, "beta_enc": 0.28462396896873543, "beta_rec": 0.9073961422409973, "cue_position": 1.0, "gamma_fc": 0.15614956444079475}, "datetime": {"delta": 27.014699, "datetime": "2020-06-24 19:05:13", "elapsed": 6635.258844}}
{"target": 5.316666666666666, "params": {"gamma_cf": 0.3451159147800812, "beta_enc": 0.8797221435013809, "beta_rec": 0.6319949504631371, "cue_position": 1.0, "gamma_fc": 0.1599187885892832}, "datetime": {"delta": 18.846359, "datetime": "2020-06-24 19:05:32", "elapsed": 6654.105203}}
{"target": 8.679166666666667, "params": {"gamma_cf": 0.19719634646666928, "beta_enc": 0.4443481574461272, "beta_rec": 0.08377495384546052, "cue_position": 1.0, "gamma_fc": 0.6910273415567042}, "datetime": {"delta": 25.454167, "datetime": "2020-06-24 19:05:57", "elapsed": 6679.55937}}
{"target": 7.879166666666666, "params": {"gamma_cf": 0.6296079567189131, "beta_enc": 0.573802869165353, "beta_rec": 0.8733231340367321, "cue_position": 1.0, "gamma_fc": 0.034431265307095615}, "datetime": {"delta": 23.791995, "datetime": "2020-06-24 19:06:21", "elapsed": 6703.351365}}
{"target": 6.729166666666667, "params": {"gamma_cf": 0.009872975358918512, "beta_enc": 0.516198461077069, "beta_rec": 0.8632264817138495, "cue_position": 1.0, "gamma_fc": 0.2528414820768151}, "datetime": {"delta": 21.167818, "datetime": "2020-06-24 19:06:42", "elapsed": 6724.519183}}
{"target": 9.7125, "params": {"gamma_cf": 0.49019531224423174, "beta_enc": 0.22384967032752534, "beta_rec": 0.047537594227760493, "cue_position": 1.0, "gamma_fc": 0.04548214567029407}, "datetime": {"delta": 27.098834, "datetime": "2020-06-24 19:07:10", "elapsed": 6751.618017}}
{"target": 8.75, "params": {"gamma_cf": 0.26965470115905144, "beta_enc": 0.278328130846902, "beta_rec": 0.6399745691089123, "cue_position": 1.0, "gamma_fc": 0.5905465222435671}, "datetime": {"delta": 25.419605, "datetime": "2020-06-24 19:07:35", "elapsed": 6777.037622}}
{"target": 9.345833333333333, "params": {"gamma_cf": 0.6332092658064775, "beta_enc": 0.38053407720964005, "beta_rec": 0.7025230339614009, "cue_position": 1.0, "gamma_fc": 0.3533943470016294}, "datetime": {"delta": 26.347095, "datetime": "2020-06-24 19:08:01", "elapsed": 6803.384717}}
{"target": 9.883333333333333, "params": {"gamma_cf": 0.8048358460157946, "beta_enc": 0.28704394615550866, "beta_rec": 0.13320711375110195, "cue_position": 1.0, "gamma_fc": 0.9380285431563524}, "datetime": {"delta": 27.128143, "datetime": "2020-06-24 19:08:28", "elapsed": 6830.51286}}
{"target": 8.341666666666667, "params": {"gamma_cf": 0.2835445136036545, "beta_enc": 0.1853805246478023, "beta_rec": 0.9331557628232255, "cue_position": 1.0, "gamma_fc": 0.27463424842386297}, "datetime": {"delta": 24.342396, "datetime": "2020-06-24 19:08:53", "elapsed": 6854.855256}}
{"target": 8.195833333333333, "params": {"gamma_cf": 0.1853176459376844, "beta_enc": 0.5514315736733725, "beta_rec": 0.18528923936855235, "cue_position": 1.0, "gamma_fc": 0.9473759179539593}, "datetime": {"delta": 24.117093, "datetime": "2020-06-24 19:09:17", "elapsed": 6878.972349}}
{"target": 9.516666666666667, "params": {"gamma_cf": 0.4843157730323856, "beta_enc": 0.4938246574910856, "beta_rec": 0.9639177674239978, "cue_position": 1.0, "gamma_fc": 0.9676952459611975}, "datetime": {"delta": 26.695956, "datetime": "2020-06-24 19:09:44", "elapsed": 6905.668305}}
{"target": 8.125, "params": {"gamma_cf": 0.43383982715272595, "beta_enc": 0.14318978170876284, "beta_rec": 0.6323298746664966, "cue_position": 1.0, "gamma_fc": 0.05935722533895749}, "datetime": {"delta": 24.181595, "datetime": "2020-06-24 19:10:08", "elapsed": 6929.8499}}
{"target": 7.845833333333333, "params": {"gamma_cf": 0.25666098995297626, "beta_enc": 0.4927226011660333, "beta_rec": 0.46513394351807746, "cue_position": 1.0, "gamma_fc": 0.3914303629842686}, "datetime": {"delta": 23.711363, "datetime": "2020-06-24 19:10:31", "elapsed": 6953.561263}}
{"target": 9.245833333333334, "params": {"gamma_cf": 0.1774295368682619, "beta_enc": 0.24017220722137722, "beta_rec": 0.6864434151723641, "cue_position": 1.0, "gamma_fc": 0.8214467402262973}, "datetime": {"delta": 26.201271, "datetime": "2020-06-24 19:10:58", "elapsed": 6979.762534}}
{"target": 10.383333333333333, "params": {"gamma_cf": 0.9351531155423887, "beta_enc": 0.2309885592816333, "beta_rec": 0.05797581337276703, "cue_position": 1.0, "gamma_fc": 0.8885421033562281}, "datetime": {"delta": 28.256388, "datetime": "2020-06-24 19:11:26", "elapsed": 7008.018922}}
{"target": 9.4875, "params": {"gamma_cf": 0.4346547940716735, "beta_enc": 0.28926049548291, "beta_rec": 0.9477640661016069, "cue_position": 1.0, "gamma_fc": 0.4680495548664728}, "datetime": {"delta": 26.640235, "datetime": "2020-06-24 19:11:53", "elapsed": 7034.659157}}
{"target": 6.845833333333333, "params": {"gamma_cf": 0.26551201747238584, "beta_enc": 0.6298530215834227, "beta_rec": 0.15803183496381268, "cue_position": 1.0, "gamma_fc": 0.015443631942760883}, "datetime": {"delta": 21.547462, "datetime": "2020-06-24 19:12:14", "elapsed": 7056.206619}}
{"target": 7.425, "params": {"gamma_cf": 0.7802023371197586, "beta_enc": 0.6744988441622575, "beta_rec": 0.5514688358127765, "cue_position": 1.0, "gamma_fc": 0.14578543121477705}, "datetime": {"delta": 22.5187, "datetime": "2020-06-24 19:12:37", "elapsed": 7078.725319}}
{"target": 8.508333333333333, "params": {"gamma_cf": 0.08793868377060332, "beta_enc": 0.2448806387618836, "beta_rec": 0.2923137620392837, "cue_position": 1.0, "gamma_fc": 0.8699761802716075}, "datetime": {"delta": 24.587477, "datetime": "2020-06-24 19:13:01", "elapsed": 7103.312796}}
{"target": 7.654166666666667, "params": {"gamma_cf": 0.010699003144174157, "beta_enc": 0.08818864557151007, "beta_rec": 0.6837103358216379, "cue_position": 1.0, "gamma_fc": 0.5572682300749138}, "datetime": {"delta": 22.965649, "datetime": "2020-06-24 19:13:24", "elapsed": 7126.278445}}
{"target": 6.25, "params": {"gamma_cf": 0.02715882932586222, "beta_enc": 0.9071090552203707, "beta_rec": 0.8604566673368852, "cue_position": 1.0, "gamma_fc": 0.8008593551300331}, "datetime": {"delta": 20.246992, "datetime": "2020-06-24 19:13:44", "elapsed": 7146.525437}}
{"target": 6.616666666666666, "params": {"gamma_cf": 0.8077788623150765, "beta_enc": 0.805984932289666, "beta_rec": 0.8684881163027721, "cue_position": 1.0, "gamma_fc": 0.8974982823028202}, "datetime": {"delta": 20.913237, "datetime": "2020-06-24 19:14:05", "elapsed": 7167.438674}}
