{"target": 14.25, "params": {"beta_enc": 0.9344243031871868, "gamma_fc": 0.07931180696011475, "beta_rec": 0.9748154005573534, "cue_position": 0.0, "gamma_cf": 0.9265059963196574}, "datetime": {"elapsed": 3103.855171, "delta": 19.170479, "datetime": "2020-06-14 10:37:24"}}
{"target": 15.375, "params": {"beta_enc": 0.8738942437239886, "gamma_fc": 0.10663713058365987, "beta_rec": 0.9836170250363458, "cue_position": 0.0, "gamma_cf": 0.9827014151415632}, "datetime": {"elapsed": 3122.190592, "delta": 18.335421, "datetime": "2020-06-14 10:37:42"}}
{"target": 15.75, "params": {"beta_enc": 0.9062229726371642, "gamma_fc": 0.15002497177289098, "beta_rec": 0.9768650103398635, "cue_position": 0.0, "gamma_cf": 0.9457999224547894}, "datetime": {"elapsed": 3141.525008, "delta": 19.334416, "datetime": "2020-06-14 10:38:01"}}
{"target": 15.625, "params": {"beta_enc": 0.9215688638908526, "gamma_fc": 0.08233774891820811, "beta_rec": 0.9871010710844373, "cue_position": 0.0, "gamma_cf": 0.92718847907926}, "datetime": {"elapsed": 3160.285388, "delta": 18.76038, "datetime": "2020-06-14 10:38:20"}}
{"target": 15.625, "params": {"beta_enc": 0.9142272286049266, "gamma_fc": 0.1216916414958149, "beta_rec": 0.982503218855785, "cue_position": 0.0, "gamma_cf": 0.9611771516099173}, "datetime": {"elapsed": 3180.025664, "delta": 19.740276, "datetime": "2020-06-14 10:38:40"}}
{"target": 14.25, "params": {"beta_enc": 0.9461140353325169, "gamma_fc": 0.11712573547826344, "beta_rec": 0.9450158761045218, "cue_position": 0.0, "gamma_cf": 0.9702172547436007}, "datetime": {"elapsed": 3198.26597, "delta": 18.240306, "datetime": "2020-06-14 10:38:58"}}
{"target": 15.625, "params": {"beta_enc": 0.9165849731361472, "gamma_fc": 0.16144037637912556, "beta_rec": 0.9642711624623919, "cue_position": 0.0, "gamma_cf": 0.9367614256514027}, "datetime": {"elapsed": 3217.231913, "delta": 18.965943, "datetime": "2020-06-14 10:39:17"}}
{"target": 14.5, "params": {"beta_enc": 0.8913602201414038, "gamma_fc": 0.08375508412147004, "beta_rec": 0.9706930004167431, "cue_position": 0.0, "gamma_cf": 0.9599757584454769}, "datetime": {"elapsed": 3235.640732, "delta": 18.408819, "datetime": "2020-06-14 10:39:35"}}
{"target": 15.625, "params": {"beta_enc": 0.9328201685036447, "gamma_fc": 0.08846618124382788, "beta_rec": 0.9760388282791302, "cue_position": 0.0, "gamma_cf": 0.9743023162214809}, "datetime": {"elapsed": 3254.471109, "delta": 18.830377, "datetime": "2020-06-14 10:39:54"}}
{"target": 15.875, "params": {"beta_enc": 0.9319325931256801, "gamma_fc": 0.08962583519679956, "beta_rec": 0.9858539031225789, "cue_position": 0.0, "gamma_cf": 0.9366551827092805}, "datetime": {"elapsed": 3272.296226, "delta": 17.825117, "datetime": "2020-06-14 10:40:12"}}
{"target": 15.5, "params": {"beta_enc": 0.9312182906327553, "gamma_fc": 0.10433610250882175, "beta_rec": 0.9746251452795479, "cue_position": 0.0, "gamma_cf": 0.9666198578634327}, "datetime": {"elapsed": 3290.443931, "delta": 18.147705, "datetime": "2020-06-14 10:40:30"}}
{"target": 15.25, "params": {"beta_enc": 0.9811306609501962, "gamma_fc": 0.10066088404784967, "beta_rec": 0.9480833336914942, "cue_position": 0.0, "gamma_cf": 0.9314736503361749}, "datetime": {"elapsed": 3308.177196, "delta": 17.733265, "datetime": "2020-06-14 10:40:48"}}
{"target": 13.625, "params": {"beta_enc": 0.9816152139667969, "gamma_fc": 0.08362811887489152, "beta_rec": 0.943630881253548, "cue_position": 0.0, "gamma_cf": 0.9318283324663607}, "datetime": {"elapsed": 3327.143206, "delta": 18.96601, "datetime": "2020-06-14 10:41:07"}}
{"target": 15.0, "params": {"beta_enc": 0.9084635779533545, "gamma_fc": 0.1191462856885449, "beta_rec": 0.975790977724568, "cue_position": 0.0, "gamma_cf": 0.9809910775125363}, "datetime": {"elapsed": 3345.870486, "delta": 18.72728, "datetime": "2020-06-14 10:41:26"}}
{"target": 15.75, "params": {"beta_enc": 0.8841974263863284, "gamma_fc": 0.11736175733777476, "beta_rec": 0.9810385910757052, "cue_position": 0.0, "gamma_cf": 0.9857796755508288}, "datetime": {"elapsed": 3364.480597, "delta": 18.610111, "datetime": "2020-06-14 10:41:44"}}
{"target": 12.125, "params": {"beta_enc": 0.9129328508187693, "gamma_fc": 0.1573969660574891, "beta_rec": 0.9569516839066217, "cue_position": 0.0, "gamma_cf": 0.9045459350755738}, "datetime": {"elapsed": 3383.002049, "delta": 18.521452, "datetime": "2020-06-14 10:42:03"}}
{"target": 15.625, "params": {"beta_enc": 0.9244093082666619, "gamma_fc": 0.12964586203002793, "beta_rec": 0.9981330431367449, "cue_position": 0.0, "gamma_cf": 0.9707922741716799}, "datetime": {"elapsed": 3401.788587, "delta": 18.786538, "datetime": "2020-06-14 10:42:22"}}
{"target": 11.875, "params": {"beta_enc": 0.9191591193591335, "gamma_fc": 0.16453781172311355, "beta_rec": 0.9567625796364311, "cue_position": 0.0, "gamma_cf": 0.9243196896918582}, "datetime": {"elapsed": 3419.722795, "delta": 17.934208, "datetime": "2020-06-14 10:42:40"}}
{"target": 14.25, "params": {"beta_enc": 0.9104969464769951, "gamma_fc": 0.11383829813089308, "beta_rec": 0.972142450209843, "cue_position": 0.0, "gamma_cf": 0.9119036848367941}, "datetime": {"elapsed": 3437.754525, "delta": 18.03173, "datetime": "2020-06-14 10:42:58"}}
{"target": 15.625, "params": {"beta_enc": 0.9232885389314064, "gamma_fc": 0.07592765986979022, "beta_rec": 0.9736539098417394, "cue_position": 0.0, "gamma_cf": 0.9591123629199153}, "datetime": {"elapsed": 3455.737509, "delta": 17.982984, "datetime": "2020-06-14 10:43:16"}}
{"target": 15.5, "params": {"beta_enc": 0.8837969110439728, "gamma_fc": 0.09940645114086621, "beta_rec": 0.9850312510589451, "cue_position": 0.0, "gamma_cf": 0.9794934437723898}, "datetime": {"elapsed": 3473.986665, "delta": 18.249156, "datetime": "2020-06-14 10:43:34"}}
{"target": 13.375, "params": {"beta_enc": 0.9399410626512762, "gamma_fc": 0.17827536900447205, "beta_rec": 0.9778995737440935, "cue_position": 0.0, "gamma_cf": 0.9080069280616028}, "datetime": {"elapsed": 3491.870328, "delta": 17.883663, "datetime": "2020-06-14 10:43:52"}}
{"target": 14.875, "params": {"beta_enc": 0.9084903123611813, "gamma_fc": 0.13978662692855226, "beta_rec": 0.974953150149651, "cue_position": 0.0, "gamma_cf": 0.9541889528830814}, "datetime": {"elapsed": 3510.627679, "delta": 18.757351, "datetime": "2020-06-14 10:44:10"}}
{"target": 14.5, "params": {"beta_enc": 0.8893309582135972, "gamma_fc": 0.15814085644757814, "beta_rec": 0.95981158536843, "cue_position": 0.0, "gamma_cf": 0.9168599134515155}, "datetime": {"elapsed": 3528.73417, "delta": 18.106491, "datetime": "2020-06-14 10:44:29"}}
{"target": 15.625, "params": {"beta_enc": 0.9302476219646054, "gamma_fc": 0.05721163130309115, "beta_rec": 0.9431294024712209, "cue_position": 0.0, "gamma_cf": 0.967389528651242}, "datetime": {"elapsed": 3547.063656, "delta": 18.329486, "datetime": "2020-06-14 10:44:47"}}
{"target": 15.75, "params": {"beta_enc": 0.9520809584301075, "gamma_fc": 0.08428908819339742, "beta_rec": 0.95691496242098, "cue_position": 0.0, "gamma_cf": 0.9665509405744942}, "datetime": {"elapsed": 3565.189035, "delta": 18.125379, "datetime": "2020-06-14 10:45:05"}}
{"target": 15.5, "params": {"beta_enc": 0.9179816009729158, "gamma_fc": 0.062239885693949004, "beta_rec": 0.9743354167223713, "cue_position": 0.0, "gamma_cf": 0.9446449382949298}, "datetime": {"elapsed": 3583.538685, "delta": 18.34965, "datetime": "2020-06-14 10:45:23"}}
{"target": 14.625, "params": {"beta_enc": 0.9087938879382774, "gamma_fc": 0.13076613903940237, "beta_rec": 0.9619623193388777, "cue_position": 0.0, "gamma_cf": 0.9130810001895894}, "datetime": {"elapsed": 3601.473248, "delta": 17.934563, "datetime": "2020-06-14 10:45:41"}}
{"target": 15.0, "params": {"beta_enc": 0.9118117081619836, "gamma_fc": 0.04604663728454694, "beta_rec": 0.9688238796283205, "cue_position": 0.0, "gamma_cf": 0.9531931475929618}, "datetime": {"elapsed": 3619.855683, "delta": 18.382435, "datetime": "2020-06-14 10:46:00"}}
{"target": 14.125, "params": {"beta_enc": 0.9158685590262852, "gamma_fc": 0.09631369130211642, "beta_rec": 0.9538672361921874, "cue_position": 0.0, "gamma_cf": 0.9276147335875577}, "datetime": {"elapsed": 3638.007359, "delta": 18.151676, "datetime": "2020-06-14 10:46:18"}}
{"target": 15.625, "params": {"beta_enc": 0.9365477118443822, "gamma_fc": 0.09112624083855538, "beta_rec": 0.9684521237372423, "cue_position": 0.0, "gamma_cf": 0.9078265669064384}, "datetime": {"elapsed": 3656.358141, "delta": 18.350782, "datetime": "2020-06-14 10:46:36"}}
{"target": 15.125, "params": {"beta_enc": 0.8836524093044039, "gamma_fc": 0.10093206271167166, "beta_rec": 0.9910077208502535, "cue_position": 0.0, "gamma_cf": 0.9469454593399433}, "datetime": {"elapsed": 3674.619536, "delta": 18.261395, "datetime": "2020-06-14 10:46:54"}}
{"target": 15.375, "params": {"beta_enc": 0.9251302971412262, "gamma_fc": 0.0701267815879072, "beta_rec": 0.9957963356516965, "cue_position": 0.0, "gamma_cf": 0.9596579796675966}, "datetime": {"elapsed": 3693.193675, "delta": 18.574139, "datetime": "2020-06-14 10:47:13"}}
{"target": 13.875, "params": {"beta_enc": 0.9261886895166497, "gamma_fc": 0.14533168440912492, "beta_rec": 0.9411184014201216, "cue_position": 0.0, "gamma_cf": 0.9517696187263597}, "datetime": {"elapsed": 3711.110114, "delta": 17.916439, "datetime": "2020-06-14 10:47:31"}}
{"target": 15.0, "params": {"beta_enc": 0.9390890740784937, "gamma_fc": 0.11025618995298503, "beta_rec": 0.9981432399746646, "cue_position": 0.0, "gamma_cf": 0.9717546361392558}, "datetime": {"elapsed": 3730.129538, "delta": 19.019424, "datetime": "2020-06-14 10:47:50"}}
{"target": 14.875, "params": {"beta_enc": 0.8843095478025729, "gamma_fc": 0.08877233759917358, "beta_rec": 0.9953028511062786, "cue_position": 0.0, "gamma_cf": 0.963731997844373}, "datetime": {"elapsed": 3749.565448, "delta": 19.43591, "datetime": "2020-06-14 10:48:09"}}
{"target": 15.125, "params": {"beta_enc": 0.9463681098063804, "gamma_fc": 0.07393225030887296, "beta_rec": 0.9629824591973662, "cue_position": 0.0, "gamma_cf": 0.955553624007824}, "datetime": {"elapsed": 3768.243795, "delta": 18.678347, "datetime": "2020-06-14 10:48:28"}}
{"target": 15.625, "params": {"beta_enc": 0.9105672668875806, "gamma_fc": 0.07412122588102155, "beta_rec": 0.9801772161448685, "cue_position": 0.0, "gamma_cf": 0.943888725663913}, "datetime": {"elapsed": 3786.515911, "delta": 18.272116, "datetime": "2020-06-14 10:48:46"}}
{"target": 15.0, "params": {"beta_enc": 0.8871242152826149, "gamma_fc": 0.12053446705407023, "beta_rec": 0.9726203357676648, "cue_position": 0.0, "gamma_cf": 0.9593410733413327}, "datetime": {"elapsed": 3805.061647, "delta": 18.545736, "datetime": "2020-06-14 10:49:05"}}
{"target": 14.625, "params": {"beta_enc": 0.9107497803435096, "gamma_fc": 0.09979044318427588, "beta_rec": 0.97494186056864, "cue_position": 0.0, "gamma_cf": 0.9189641178239422}, "datetime": {"elapsed": 3823.693466, "delta": 18.631819, "datetime": "2020-06-14 10:49:23"}}
{"target": 15.25, "params": {"beta_enc": 0.9680278594840145, "gamma_fc": 0.09038503512328266, "beta_rec": 0.9607433491528949, "cue_position": 0.0, "gamma_cf": 0.9360124926358978}, "datetime": {"elapsed": 3842.771173, "delta": 19.077707, "datetime": "2020-06-14 10:49:43"}}
{"target": 12.375, "params": {"beta_enc": 0.9347858064963351, "gamma_fc": 0.15963097407930693, "beta_rec": 0.9336749938561065, "cue_position": 0.0, "gamma_cf": 0.9165456552072628}, "datetime": {"elapsed": 3862.155991, "delta": 19.384818, "datetime": "2020-06-14 10:50:02"}}
{"target": 15.375, "params": {"beta_enc": 0.9061251659785099, "gamma_fc": 0.1236471659412659, "beta_rec": 0.9948209790075316, "cue_position": 0.0, "gamma_cf": 0.914647109566584}, "datetime": {"elapsed": 3881.245351, "delta": 19.08936, "datetime": "2020-06-14 10:50:21"}}
{"target": 14.75, "params": {"beta_enc": 0.9136911204445436, "gamma_fc": 0.16066352407874476, "beta_rec": 0.9680453904129546, "cue_position": 0.0, "gamma_cf": 0.93926031183104}, "datetime": {"elapsed": 3901.045072, "delta": 19.799721, "datetime": "2020-06-14 10:50:41"}}
{"target": 14.25, "params": {"beta_enc": 0.884832464547217, "gamma_fc": 0.07568870154471719, "beta_rec": 0.9946571323058575, "cue_position": 0.0, "gamma_cf": 0.9855809303801069}, "datetime": {"elapsed": 3922.401303, "delta": 21.356231, "datetime": "2020-06-14 10:51:02"}}
{"target": 13.375, "params": {"beta_enc": 0.9386499611101162, "gamma_fc": 0.22661867244730383, "beta_rec": 0.9734783009817363, "cue_position": 0.0, "gamma_cf": 0.9130760158760205}, "datetime": {"elapsed": 3941.683819, "delta": 19.282516, "datetime": "2020-06-14 10:51:21"}}
{"target": 15.625, "params": {"beta_enc": 0.9059569692249216, "gamma_fc": 0.10630504238084404, "beta_rec": 0.9935456438757476, "cue_position": 0.0, "gamma_cf": 0.9447724026888631}, "datetime": {"elapsed": 3960.923554, "delta": 19.239735, "datetime": "2020-06-14 10:51:41"}}
{"target": 15.0, "params": {"beta_enc": 0.8812507358014581, "gamma_fc": 0.0921228488750413, "beta_rec": 0.9918566077152929, "cue_position": 0.0, "gamma_cf": 0.9801854714884866}, "datetime": {"elapsed": 3980.196155, "delta": 19.272601, "datetime": "2020-06-14 10:52:00"}}
{"target": 15.75, "params": {"beta_enc": 0.942293331050228, "gamma_fc": 0.1002382010859908, "beta_rec": 0.9819284656447833, "cue_position": 0.0, "gamma_cf": 0.9627285855351684}, "datetime": {"elapsed": 3999.999109, "delta": 19.802954, "datetime": "2020-06-14 10:52:20"}}
{"target": 14.625, "params": {"beta_enc": 0.9043251299878827, "gamma_fc": 0.13380010238545914, "beta_rec": 0.9877691441292392, "cue_position": 0.0, "gamma_cf": 0.9686528389888996}, "datetime": {"elapsed": 4018.961586, "delta": 18.962477, "datetime": "2020-06-14 10:52:39"}}
{"target": 14.125, "params": {"beta_enc": 0.9174394012485693, "gamma_fc": 0.14519593370594808, "beta_rec": 0.9729239578075358, "cue_position": 0.0, "gamma_cf": 0.8944138093356013}, "datetime": {"elapsed": 4038.464116, "delta": 19.50253, "datetime": "2020-06-14 10:52:58"}}
{"target": 14.375, "params": {"beta_enc": 0.8814300790010952, "gamma_fc": 0.1362619367152601, "beta_rec": 0.9793142540624458, "cue_position": 0.0, "gamma_cf": 0.9514583921587944}, "datetime": {"elapsed": 4057.486398, "delta": 19.022282, "datetime": "2020-06-14 10:53:17"}}
{"target": 13.0, "params": {"beta_enc": 0.897618325985624, "gamma_fc": 0.1800849466441563, "beta_rec": 0.9509178703308507, "cue_position": 0.0, "gamma_cf": 0.9151502346312639}, "datetime": {"elapsed": 4077.10727, "delta": 19.620872, "datetime": "2020-06-14 10:53:37"}}
{"target": 15.375, "params": {"beta_enc": 0.9103705831428769, "gamma_fc": 0.14399225973552277, "beta_rec": 0.9745211326405586, "cue_position": 0.0, "gamma_cf": 0.9730228326422546}, "datetime": {"elapsed": 4097.953589, "delta": 20.846319, "datetime": "2020-06-14 10:53:58"}}
{"target": 15.375, "params": {"beta_enc": 0.8787329369328967, "gamma_fc": 0.12176897792316665, "beta_rec": 0.9768179436031059, "cue_position": 0.0, "gamma_cf": 0.9705083569465197}, "datetime": {"elapsed": 4117.492645, "delta": 19.539056, "datetime": "2020-06-14 10:54:17"}}
{"target": 15.875, "params": {"beta_enc": 0.9194002624334054, "gamma_fc": 0.11642505438165307, "beta_rec": 0.962440927856271, "cue_position": 0.0, "gamma_cf": 0.9552479677212722}, "datetime": {"elapsed": 4137.888073, "delta": 20.395428, "datetime": "2020-06-14 10:54:38"}}
{"target": 15.0, "params": {"beta_enc": 0.9255401054771702, "gamma_fc": 0.16826922158661595, "beta_rec": 0.9721854603540281, "cue_position": 0.0, "gamma_cf": 0.9082459060596973}, "datetime": {"elapsed": 4157.706615, "delta": 19.818542, "datetime": "2020-06-14 10:54:58"}}
{"target": 15.875, "params": {"beta_enc": 0.9137652273044593, "gamma_fc": 0.09623251913141428, "beta_rec": 0.9885230526499461, "cue_position": 0.0, "gamma_cf": 0.9119795589104213}, "datetime": {"elapsed": 4176.498621, "delta": 18.792006, "datetime": "2020-06-14 10:55:16"}}
{"target": 15.125, "params": {"beta_enc": 0.9184545503354636, "gamma_fc": 0.05579126170127979, "beta_rec": 0.9812328078211531, "cue_position": 0.0, "gamma_cf": 0.9566709161167478}, "datetime": {"elapsed": 4196.689669, "delta": 20.191048, "datetime": "2020-06-14 10:55:36"}}
{"target": 15.625, "params": {"beta_enc": 0.9401255883947094, "gamma_fc": 0.10170353054195247, "beta_rec": 0.9776237969984292, "cue_position": 0.0, "gamma_cf": 0.945349382107341}, "datetime": {"elapsed": 4216.706029, "delta": 20.01636, "datetime": "2020-06-14 10:55:57"}}
{"target": 15.5, "params": {"beta_enc": 0.9196410575308303, "gamma_fc": 0.10159600593332618, "beta_rec": 0.9952432778304363, "cue_position": 0.0, "gamma_cf": 0.9046625649394943}, "datetime": {"elapsed": 4236.58205, "delta": 19.876021, "datetime": "2020-06-14 10:56:16"}}
{"target": 15.375, "params": {"beta_enc": 0.9095530383548828, "gamma_fc": 0.08635922834310661, "beta_rec": 0.9793819637897273, "cue_position": 0.0, "gamma_cf": 0.9659070024105002}, "datetime": {"elapsed": 4257.128265, "delta": 20.546215, "datetime": "2020-06-14 10:56:37"}}
{"target": 15.25, "params": {"beta_enc": 0.9000544104322408, "gamma_fc": 0.1038243012480835, "beta_rec": 0.9799952744489091, "cue_position": 0.0, "gamma_cf": 0.9007474741403396}, "datetime": {"elapsed": 4277.262051, "delta": 20.133786, "datetime": "2020-06-14 10:56:57"}}
{"target": 14.125, "params": {"beta_enc": 0.9142042154108351, "gamma_fc": 0.15153798799758267, "beta_rec": 0.9820709037893313, "cue_position": 0.0, "gamma_cf": 0.9314658625261885}, "datetime": {"elapsed": 4297.749201, "delta": 20.48715, "datetime": "2020-06-14 10:57:18"}}
{"target": 14.75, "params": {"beta_enc": 0.8981261088247923, "gamma_fc": 0.12997454597357908, "beta_rec": 0.966908889750681, "cue_position": 0.0, "gamma_cf": 0.9378066042836558}, "datetime": {"elapsed": 4318.154715, "delta": 20.405514, "datetime": "2020-06-14 10:57:38"}}
{"target": 15.125, "params": {"beta_enc": 0.969192172005971, "gamma_fc": 0.08844767718358015, "beta_rec": 0.9816274812155912, "cue_position": 0.0, "gamma_cf": 0.9500630617924996}, "datetime": {"elapsed": 4337.996341, "delta": 19.841626, "datetime": "2020-06-14 10:57:58"}}
{"target": 15.875, "params": {"beta_enc": 0.9312925991629284, "gamma_fc": 0.10663558179461641, "beta_rec": 0.9971541981011137, "cue_position": 0.0, "gamma_cf": 0.9210393356891738}, "datetime": {"elapsed": 4358.325501, "delta": 20.32916, "datetime": "2020-06-14 10:58:18"}}
{"target": 15.25, "params": {"beta_enc": 0.9241206364347392, "gamma_fc": 0.06286054330853541, "beta_rec": 0.9869284340436831, "cue_position": 0.0, "gamma_cf": 0.9493320202740385}, "datetime": {"elapsed": 4378.486745, "delta": 20.161244, "datetime": "2020-06-14 10:58:38"}}
{"target": 14.75, "params": {"beta_enc": 0.9115479048940699, "gamma_fc": 0.1744449425649205, "beta_rec": 0.9643357995125686, "cue_position": 0.0, "gamma_cf": 0.9340487440416361}, "datetime": {"elapsed": 4399.168043, "delta": 20.681298, "datetime": "2020-06-14 10:58:59"}}
{"target": 13.75, "params": {"beta_enc": 0.9204801211187019, "gamma_fc": 0.1744525452022755, "beta_rec": 0.9804423380878511, "cue_position": 0.0, "gamma_cf": 0.9242055821185223}, "datetime": {"elapsed": 4419.880889, "delta": 20.712846, "datetime": "2020-06-14 10:59:20"}}
{"target": 15.625, "params": {"beta_enc": 0.9321255488167611, "gamma_fc": 0.11657993809946754, "beta_rec": 0.9539380964226115, "cue_position": 0.0, "gamma_cf": 0.9482460232434058}, "datetime": {"elapsed": 4440.600209, "delta": 20.71932, "datetime": "2020-06-14 10:59:40"}}
{"target": 15.0, "params": {"beta_enc": 0.9449798988695454, "gamma_fc": 0.107083022711559, "beta_rec": 0.9758626830921621, "cue_position": 0.0, "gamma_cf": 0.9324961314682058}, "datetime": {"elapsed": 4461.943648, "delta": 21.343439, "datetime": "2020-06-14 11:00:02"}}
{"target": 14.0, "params": {"beta_enc": 0.9425192768097527, "gamma_fc": 0.11521996813892954, "beta_rec": 0.9712321811209771, "cue_position": 0.0, "gamma_cf": 0.9701429230411218}, "datetime": {"elapsed": 4484.377083, "delta": 22.433435, "datetime": "2020-06-14 11:00:24"}}
{"target": 12.0, "params": {"beta_enc": 0.9290559786409273, "gamma_fc": 0.21767834471037917, "beta_rec": 0.9691104762585824, "cue_position": 0.0, "gamma_cf": 0.9148149286363493}, "datetime": {"elapsed": 4504.822242, "delta": 20.445159, "datetime": "2020-06-14 11:00:45"}}
{"target": 14.5, "params": {"beta_enc": 0.9331197584049582, "gamma_fc": 0.0939572364153225, "beta_rec": 0.9760017440102451, "cue_position": 0.0, "gamma_cf": 0.9104094978714727}, "datetime": {"elapsed": 4525.609625, "delta": 20.787383, "datetime": "2020-06-14 11:01:05"}}
{"target": 14.125, "params": {"beta_enc": 0.895884240779554, "gamma_fc": 0.14949857793651167, "beta_rec": 0.9823933821438328, "cue_position": 0.0, "gamma_cf": 0.9419713848533432}, "datetime": {"elapsed": 4547.293882, "delta": 21.684257, "datetime": "2020-06-14 11:01:27"}}
{"target": 13.375, "params": {"beta_enc": 0.9126496627946392, "gamma_fc": 0.17473327227258154, "beta_rec": 0.9625083878218519, "cue_position": 0.0, "gamma_cf": 0.9153246781580096}, "datetime": {"elapsed": 4568.816471, "delta": 21.522589, "datetime": "2020-06-14 11:01:49"}}
{"target": 15.125, "params": {"beta_enc": 0.8901592579472938, "gamma_fc": 0.10994086426281513, "beta_rec": 0.9939210211088606, "cue_position": 0.0, "gamma_cf": 0.9685032690066242}, "datetime": {"elapsed": 4590.74831, "delta": 21.931839, "datetime": "2020-06-14 11:02:11"}}
{"target": 16.0, "params": {"beta_enc": 0.9267253405557605, "gamma_fc": 0.11276446991083622, "beta_rec": 0.9605214138058386, "cue_position": 0.0, "gamma_cf": 0.9801201521107475}, "datetime": {"elapsed": 4612.410837, "delta": 21.662527, "datetime": "2020-06-14 11:02:32"}}
{"target": 14.75, "params": {"beta_enc": 0.922720419038211, "gamma_fc": 0.06871513448509259, "beta_rec": 0.9808511406263906, "cue_position": 0.0, "gamma_cf": 0.9553806643341968}, "datetime": {"elapsed": 4634.133304, "delta": 21.722467, "datetime": "2020-06-14 11:02:54"}}
