{"target": 8.25, "params": {"cue_position": 8.0, "beta_enc": 0.013767512557716799, "gamma_cf": 0.34302810983040655, "gamma_fc": 0.7797442954825999, "beta_rec": 0.4167239623706961}, "datetime": {"elapsed": 56.913339, "datetime": "2020-06-14 09:44:51", "delta": 0.361058}}
{"target": 7.875, "params": {"cue_position": 8.0, "beta_enc": 0.17473631282740743, "gamma_cf": 0.716770814146376, "gamma_fc": 0.6993076236968142, "beta_rec": 0.34195283630245243}, "datetime": {"elapsed": 57.265093, "datetime": "2020-06-14 09:44:51", "delta": 0.351754}}
{"target": 8.5, "params": {"cue_position": 8.0, "beta_enc": 0.6884973179489188, "gamma_cf": 0.22729754091594956, "gamma_fc": 0.4246491159313397, "beta_rec": 0.25339603448629966}, "datetime": {"elapsed": 57.628934, "datetime": "2020-06-14 09:44:52", "delta": 0.363841}}
{"target": 7.875, "params": {"cue_position": 8.0, "beta_enc": 0.37192212166768723, "gamma_cf": 0.6316466268659396, "gamma_fc": 0.7073166026816995, "beta_rec": 0.3553079116201222}, "datetime": {"elapsed": 57.980836, "datetime": "2020-06-14 09:44:52", "delta": 0.351902}}
{"target": 7.0, "params": {"cue_position": 8.0, "beta_enc": 0.6135886945028356, "gamma_cf": 0.14944679893886248, "gamma_fc": 0.5141750435258828, "beta_rec": 0.6483127561631246}, "datetime": {"elapsed": 58.312281, "datetime": "2020-06-14 09:44:52", "delta": 0.331445}}
{"target": 8.75, "params": {"cue_position": 8.0, "beta_enc": 0.8753327263545391, "gamma_cf": 0.42893233402990294, "gamma_fc": 0.4972891859195163, "beta_rec": 0.18395344154722204}, "datetime": {"elapsed": 58.681572, "datetime": "2020-06-14 09:44:53", "delta": 0.369291}}
{"target": 7.375, "params": {"cue_position": 8.0, "beta_enc": 0.16151077048601192, "gamma_cf": 0.844526943229479, "gamma_fc": 0.8003322457764017, "beta_rec": 0.34244064113481054}, "datetime": {"elapsed": 59.019489, "datetime": "2020-06-14 09:44:53", "delta": 0.337917}}
{"target": 8.375, "params": {"cue_position": 8.0, "beta_enc": 0.4266391582681436, "gamma_cf": 0.5096132942175586, "gamma_fc": 0.29694708578690454, "beta_rec": 0.6070154607890389}, "datetime": {"elapsed": 59.381195, "datetime": "2020-06-14 09:44:54", "delta": 0.361706}}
{"target": 8.75, "params": {"cue_position": 8.0, "beta_enc": 0.8596509535692011, "gamma_cf": 0.12475130006917923, "gamma_fc": 0.4705878794988857, "beta_rec": 0.6715983809063899}, "datetime": {"elapsed": 59.752569, "datetime": "2020-06-14 09:44:54", "delta": 0.371374}}
{"target": 9.125, "params": {"cue_position": 8.0, "beta_enc": 0.9865727795868815, "gamma_cf": 0.15172487103197363, "gamma_fc": 0.639126848719905, "beta_rec": 0.9482991740726651}, "datetime": {"elapsed": 60.133495, "datetime": "2020-06-14 09:44:54", "delta": 0.380926}}
{"target": 7.875, "params": {"cue_position": 8.0, "beta_enc": 0.5656621125439275, "gamma_cf": 0.5992697556580301, "gamma_fc": 0.8499698885159654, "beta_rec": 0.468665837661252}, "datetime": {"elapsed": 60.485106, "datetime": "2020-06-14 09:44:55", "delta": 0.351611}}
{"target": 10.125, "params": {"cue_position": 8.0, "beta_enc": 0.7511210403719374, "gamma_cf": 0.06473998344154885, "gamma_fc": 0.9913465087318091, "beta_rec": 0.579360540297233}, "datetime": {"elapsed": 60.883019, "datetime": "2020-06-14 09:44:55", "delta": 0.397913}}
{"target": 9.5, "params": {"cue_position": 8.0, "beta_enc": 0.05299454266798953, "gamma_cf": 0.10750887618516769, "gamma_fc": 0.6236704109977018, "beta_rec": 0.19949554613856135}, "datetime": {"elapsed": 61.271301, "datetime": "2020-06-14 09:44:55", "delta": 0.388282}}
{"target": 7.25, "params": {"cue_position": 8.0, "beta_enc": 0.047992564048867314, "gamma_cf": 0.7035193311050811, "gamma_fc": 0.668456167589482, "beta_rec": 0.28462388100694214}, "datetime": {"elapsed": 61.607314, "datetime": "2020-06-14 09:44:56", "delta": 0.336013}}
{"target": 8.625, "params": {"cue_position": 8.0, "beta_enc": 0.3785805932506022, "gamma_cf": 0.34037929076546725, "gamma_fc": 0.7953011674056428, "beta_rec": 0.1881942600298212}, "datetime": {"elapsed": 61.974424, "datetime": "2020-06-14 09:44:56", "delta": 0.36711}}
{"target": 7.625, "params": {"cue_position": 8.0, "beta_enc": 0.4879009391796203, "gamma_cf": 0.6442320198790318, "gamma_fc": 0.3506565024321674, "beta_rec": 0.5256694443509794}, "datetime": {"elapsed": 62.321384, "datetime": "2020-06-14 09:44:56", "delta": 0.34696}}
{"target": 8.125, "params": {"cue_position": 8.0, "beta_enc": 0.2292050272920657, "gamma_cf": 0.46978904008636024, "gamma_fc": 0.9794833541798064, "beta_rec": 0.4338833762117006}, "datetime": {"elapsed": 62.678169, "datetime": "2020-06-14 09:44:57", "delta": 0.356785}}
{"target": 10.625, "params": {"cue_position": 8.0, "beta_enc": 0.36437807036823044, "gamma_cf": 0.8891310891074828, "gamma_fc": 0.354952851149572, "beta_rec": 0.7744101333360395}, "datetime": {"elapsed": 63.090218, "datetime": "2020-06-14 09:44:57", "delta": 0.412049}}
{"target": 8.0, "params": {"cue_position": 8.0, "beta_enc": 0.24551868018650747, "gamma_cf": 0.9507534280610023, "gamma_fc": 0.5564069156709253, "beta_rec": 0.9110192396569683}, "datetime": {"elapsed": 63.442224, "datetime": "2020-06-14 09:44:58", "delta": 0.352006}}
{"target": 9.125, "params": {"cue_position": 8.0, "beta_enc": 0.3763632166870875, "gamma_cf": 0.5167063597676121, "gamma_fc": 0.03109707545554785, "beta_rec": 0.9950523223391111}, "datetime": {"elapsed": 63.819497, "datetime": "2020-06-14 09:44:58", "delta": 0.377273}}
{"target": 6.875, "params": {"cue_position": 8.0, "beta_enc": 0.5711757391862334, "gamma_cf": 0.9809236757505815, "gamma_fc": 0.8749025512123809, "beta_rec": 0.18046850899511557}, "datetime": {"elapsed": 64.14771, "datetime": "2020-06-14 09:44:58", "delta": 0.328213}}
{"target": 6.875, "params": {"cue_position": 8.0, "beta_enc": 0.45183624942087064, "gamma_cf": 0.4948430841825636, "gamma_fc": 0.5285334901775651, "beta_rec": 0.7084608700517172}, "datetime": {"elapsed": 64.477467, "datetime": "2020-06-14 09:44:59", "delta": 0.329757}}
{"target": 8.0, "params": {"cue_position": 8.0, "beta_enc": 0.1507843983721926, "gamma_cf": 0.7268937533445626, "gamma_fc": 0.4770129944022632, "beta_rec": 0.36939992561190627}, "datetime": {"elapsed": 64.829831, "datetime": "2020-06-14 09:44:59", "delta": 0.352364}}
{"target": 8.75, "params": {"cue_position": 8.0, "beta_enc": 0.44887883670676554, "gamma_cf": 0.4090908319168599, "gamma_fc": 0.26889202221264585, "beta_rec": 0.8859979711653513}, "datetime": {"elapsed": 65.199816, "datetime": "2020-06-14 09:44:59", "delta": 0.369985}}
{"target": 6.625, "params": {"cue_position": 8.0, "beta_enc": 0.07201203516976995, "gamma_cf": 0.29115394055242805, "gamma_fc": 0.5035095098483965, "beta_rec": 0.4181361337253158}, "datetime": {"elapsed": 65.521158, "datetime": "2020-06-14 09:45:00", "delta": 0.321342}}
{"target": 6.875, "params": {"cue_position": 8.0, "beta_enc": 0.9659330650197223, "gamma_cf": 0.49993237109919997, "gamma_fc": 0.777098229275783, "beta_rec": 0.10938291419358459}, "datetime": {"elapsed": 65.849864, "datetime": "2020-06-14 09:45:00", "delta": 0.328706}}
{"target": 9.375, "params": {"cue_position": 8.0, "beta_enc": 0.14360699787420927, "gamma_cf": 0.7969622519799001, "gamma_fc": 0.1916757389098901, "beta_rec": 0.08320263643587555}, "datetime": {"elapsed": 66.232574, "datetime": "2020-06-14 09:45:00", "delta": 0.38271}}
{"target": 6.5, "params": {"cue_position": 8.0, "beta_enc": 0.767777192147274, "gamma_cf": 0.016715589077006432, "gamma_fc": 0.3986590599223787, "beta_rec": 0.2902979970618682}, "datetime": {"elapsed": 66.554592, "datetime": "2020-06-14 09:45:01", "delta": 0.322018}}
{"target": 7.0, "params": {"cue_position": 8.0, "beta_enc": 0.38108149129345237, "gamma_cf": 0.15260398704227185, "gamma_fc": 0.016575882900934147, "beta_rec": 0.6593449361953647}, "datetime": {"elapsed": 66.887031, "datetime": "2020-06-14 09:45:01", "delta": 0.332439}}
{"target": 8.75, "params": {"cue_position": 8.0, "beta_enc": 0.11379635644740682, "gamma_cf": 0.32102631416731586, "gamma_fc": 0.5579119942437725, "beta_rec": 0.6517892760100904}, "datetime": {"elapsed": 67.257177, "datetime": "2020-06-14 09:45:01", "delta": 0.370146}}
{"target": 8.125, "params": {"cue_position": 8.0, "beta_enc": 0.9934604630998499, "gamma_cf": 0.9182585891320579, "gamma_fc": 0.03972870668308481, "beta_rec": 0.8344865140180296}, "datetime": {"elapsed": 67.611569, "datetime": "2020-06-14 09:45:02", "delta": 0.354392}}
{"target": 6.875, "params": {"cue_position": 8.0, "beta_enc": 0.07033344161552524, "gamma_cf": 0.9372520621284489, "gamma_fc": 0.48956496114516856, "beta_rec": 0.4740062899880546}, "datetime": {"elapsed": 67.940411, "datetime": "2020-06-14 09:45:02", "delta": 0.328842}}
{"target": 10.625, "params": {"cue_position": 8.0, "beta_enc": 0.5396491100933506, "gamma_cf": 0.8770343892703519, "gamma_fc": 0.25358174937162836, "beta_rec": 0.8952603657312208}, "datetime": {"elapsed": 68.358309, "datetime": "2020-06-14 09:45:03", "delta": 0.417898}}
{"target": 8.375, "params": {"cue_position": 8.0, "beta_enc": 0.27380970415810857, "gamma_cf": 0.22012867402698122, "gamma_fc": 0.6714291710812733, "beta_rec": 0.32836139008759013}, "datetime": {"elapsed": 68.720018, "datetime": "2020-06-14 09:45:03", "delta": 0.361709}}
{"target": 9.375, "params": {"cue_position": 8.0, "beta_enc": 0.1427932828030004, "gamma_cf": 0.23686870355699852, "gamma_fc": 0.3860040110225955, "beta_rec": 0.09410027449963942}, "datetime": {"elapsed": 69.107952, "datetime": "2020-06-14 09:45:03", "delta": 0.387934}}
{"target": 5.875, "params": {"cue_position": 8.0, "beta_enc": 0.5715420927253323, "gamma_cf": 0.8741259355980283, "gamma_fc": 0.9511356184186921, "beta_rec": 0.52580196995147}, "datetime": {"elapsed": 69.418694, "datetime": "2020-06-14 09:45:04", "delta": 0.310742}}
{"target": 8.0, "params": {"cue_position": 8.0, "beta_enc": 0.8125073041746718, "gamma_cf": 0.3394167240176095, "gamma_fc": 0.5546673107876667, "beta_rec": 0.2838018349468743}, "datetime": {"elapsed": 69.772382, "datetime": "2020-06-14 09:45:04", "delta": 0.353688}}
{"target": 6.375, "params": {"cue_position": 8.0, "beta_enc": 0.9744034689130026, "gamma_cf": 0.3259672073089859, "gamma_fc": 0.7744772660150796, "beta_rec": 0.3117029177189814}, "datetime": {"elapsed": 70.090237, "datetime": "2020-06-14 09:45:04", "delta": 0.317855}}
{"target": 9.0, "params": {"cue_position": 8.0, "beta_enc": 0.3258099666132048, "gamma_cf": 0.7626320954451107, "gamma_fc": 0.46947902855992574, "beta_rec": 0.889827341447375}, "datetime": {"elapsed": 70.464824, "datetime": "2020-06-14 09:45:05", "delta": 0.374587}}
{"target": 8.5, "params": {"cue_position": 8.0, "beta_enc": 0.21076450246870537, "gamma_cf": 0.03711266449399442, "gamma_fc": 0.6938554113738997, "beta_rec": 0.041475079576498874}, "datetime": {"elapsed": 70.828549, "datetime": "2020-06-14 09:45:05", "delta": 0.363725}}
{"target": 8.25, "params": {"cue_position": 8.0, "beta_enc": 0.6703500319361684, "gamma_cf": 0.5360084947395637, "gamma_fc": 0.03985992663545257, "beta_rec": 0.430471782744975}, "datetime": {"elapsed": 71.187593, "datetime": "2020-06-14 09:45:05", "delta": 0.359044}}
{"target": 7.75, "params": {"cue_position": 8.0, "beta_enc": 0.13479311796067905, "gamma_cf": 0.05231294643747675, "gamma_fc": 0.6051167805003662, "beta_rec": 0.19341639901491836}, "datetime": {"elapsed": 71.536438, "datetime": "2020-06-14 09:45:06", "delta": 0.348845}}
{"target": 7.5, "params": {"cue_position": 8.0, "beta_enc": 0.5120610275239188, "gamma_cf": 0.8477004682374377, "gamma_fc": 0.4540590560591513, "beta_rec": 0.6174610120171561}, "datetime": {"elapsed": 71.881091, "datetime": "2020-06-14 09:45:06", "delta": 0.344653}}
{"target": 6.875, "params": {"cue_position": 8.0, "beta_enc": 0.015403519791920894, "gamma_cf": 0.823003040648471, "gamma_fc": 0.9517756930338517, "beta_rec": 0.8730681484470995}, "datetime": {"elapsed": 72.213561, "datetime": "2020-06-14 09:45:06", "delta": 0.33247}}
{"target": 9.0, "params": {"cue_position": 8.0, "beta_enc": 0.050912383516887205, "gamma_cf": 0.4216578860324509, "gamma_fc": 0.863829145501452, "beta_rec": 0.23507186409101455}, "datetime": {"elapsed": 72.590943, "datetime": "2020-06-14 09:45:07", "delta": 0.377382}}
{"target": 9.5, "params": {"cue_position": 8.0, "beta_enc": 0.0816239827150681, "gamma_cf": 0.7728856021671178, "gamma_fc": 0.8414221567958434, "beta_rec": 0.4731119528858785}, "datetime": {"elapsed": 72.976132, "datetime": "2020-06-14 09:45:07", "delta": 0.385189}}
{"target": 9.0, "params": {"cue_position": 8.0, "beta_enc": 0.04329093818615859, "gamma_cf": 0.9524737816932592, "gamma_fc": 0.9438926277837961, "beta_rec": 0.48644074317039476}, "datetime": {"elapsed": 73.35142, "datetime": "2020-06-14 09:45:08", "delta": 0.375288}}
{"target": 10.375, "params": {"cue_position": 8.0, "beta_enc": 0.6139340023847009, "gamma_cf": 0.8978507176676818, "gamma_fc": 0.4345949734085095, "beta_rec": 0.9734873973251963}, "datetime": {"elapsed": 73.755899, "datetime": "2020-06-14 09:45:08", "delta": 0.404479}}
{"target": 7.875, "params": {"cue_position": 8.0, "beta_enc": 0.23581463714751372, "gamma_cf": 0.06491158533912933, "gamma_fc": 0.8704248568230661, "beta_rec": 0.9408279632013994}, "datetime": {"elapsed": 74.106679, "datetime": "2020-06-14 09:45:08", "delta": 0.35078}}
{"target": 7.625, "params": {"cue_position": 8.0, "beta_enc": 0.7013802946333463, "gamma_cf": 0.2534390424997808, "gamma_fc": 0.6004889552745444, "beta_rec": 0.6049268729742817}, "datetime": {"elapsed": 74.452061, "datetime": "2020-06-14 09:45:09", "delta": 0.345382}}
{"target": 6.125, "params": {"cue_position": 8.0, "beta_enc": 0.8146191812616553, "gamma_cf": 0.8424458099564136, "gamma_fc": 0.6183458693278855, "beta_rec": 0.05411366032399989}, "datetime": {"elapsed": 74.764586, "datetime": "2020-06-14 09:45:09", "delta": 0.312525}}
{"target": 8.0, "params": {"cue_position": 8.0, "beta_enc": 0.531287810481058, "gamma_cf": 0.8726861649194619, "gamma_fc": 0.42166593484970927, "beta_rec": 0.2482907289970986}, "datetime": {"elapsed": 75.116027, "datetime": "2020-06-14 09:45:09", "delta": 0.351441}}
{"target": 9.625, "params": {"cue_position": 8.0, "beta_enc": 0.0644302555796068, "gamma_cf": 0.8262275354923914, "gamma_fc": 0.8817706230828073, "beta_rec": 0.8969850695075825}, "datetime": {"elapsed": 75.502175, "datetime": "2020-06-14 09:45:10", "delta": 0.386148}}
{"target": 5.875, "params": {"cue_position": 8.0, "beta_enc": 0.48675074481833813, "gamma_cf": 0.624821294185499, "gamma_fc": 0.8550417213473515, "beta_rec": 0.5984646931046363}, "datetime": {"elapsed": 75.807663, "datetime": "2020-06-14 09:45:10", "delta": 0.305488}}
{"target": 6.125, "params": {"cue_position": 8.0, "beta_enc": 0.2821394484048606, "gamma_cf": 0.11510304096690338, "gamma_fc": 0.22700116521465796, "beta_rec": 0.8837555081806009}, "datetime": {"elapsed": 76.118931, "datetime": "2020-06-14 09:45:10", "delta": 0.311268}}
{"target": 9.25, "params": {"cue_position": 8.0, "beta_enc": 0.5959823856130138, "gamma_cf": 0.16184771412383514, "gamma_fc": 0.8448725182357391, "beta_rec": 0.23944623690468037}, "datetime": {"elapsed": 76.498318, "datetime": "2020-06-14 09:45:11", "delta": 0.379387}}
{"target": 8.375, "params": {"cue_position": 8.0, "beta_enc": 0.6021836538927108, "gamma_cf": 0.5956250981349497, "gamma_fc": 0.5989852889734197, "beta_rec": 0.9635670871883419}, "datetime": {"elapsed": 76.861513, "datetime": "2020-06-14 09:45:11", "delta": 0.363195}}
{"target": 9.875, "params": {"cue_position": 8.0, "beta_enc": 0.6157042872039488, "gamma_cf": 0.9482094981876252, "gamma_fc": 0.5346790571795887, "beta_rec": 0.05917720718572239}, "datetime": {"elapsed": 77.255756, "datetime": "2020-06-14 09:45:11", "delta": 0.394243}}
{"target": 5.875, "params": {"cue_position": 8.0, "beta_enc": 0.1925560209550684, "gamma_cf": 0.32825610365078084, "gamma_fc": 0.9176063476443932, "beta_rec": 0.7529259149799422}, "datetime": {"elapsed": 77.560476, "datetime": "2020-06-14 09:45:12", "delta": 0.30472}}
{"target": 8.125, "params": {"cue_position": 8.0, "beta_enc": 0.5883673328938768, "gamma_cf": 0.822578152523871, "gamma_fc": 0.8794835234293169, "beta_rec": 0.8551902839041353}, "datetime": {"elapsed": 77.914211, "datetime": "2020-06-14 09:45:12", "delta": 0.353735}}
{"target": 7.375, "params": {"cue_position": 8.0, "beta_enc": 0.3209863745244532, "gamma_cf": 0.44034708683123824, "gamma_fc": 0.1267357091420086, "beta_rec": 0.12295477155217849}, "datetime": {"elapsed": 78.253155, "datetime": "2020-06-14 09:45:12", "delta": 0.338944}}
{"target": 9.25, "params": {"cue_position": 8.0, "beta_enc": 0.5898236481098892, "gamma_cf": 0.7883011896679689, "gamma_fc": 0.012096760015357866, "beta_rec": 0.03606831456985993}, "datetime": {"elapsed": 78.633277, "datetime": "2020-06-14 09:45:13", "delta": 0.380122}}
{"target": 8.375, "params": {"cue_position": 8.0, "beta_enc": 0.3033456717085691, "gamma_cf": 0.5820299763434618, "gamma_fc": 0.29337627848605663, "beta_rec": 0.021375961088070716}, "datetime": {"elapsed": 78.997256, "datetime": "2020-06-14 09:45:13", "delta": 0.363979}}
{"target": 6.125, "params": {"cue_position": 8.0, "beta_enc": 0.9289494618931157, "gamma_cf": 0.5878715062961865, "gamma_fc": 0.2641376442105696, "beta_rec": 0.5071194235482045}, "datetime": {"elapsed": 79.309641, "datetime": "2020-06-14 09:45:13", "delta": 0.312385}}
{"target": 8.75, "params": {"cue_position": 8.0, "beta_enc": 0.3052882993474333, "gamma_cf": 0.5845472661166298, "gamma_fc": 0.6958461339323264, "beta_rec": 0.37165457672418245}, "datetime": {"elapsed": 79.677622, "datetime": "2020-06-14 09:45:14", "delta": 0.367981}}
{"target": 7.125, "params": {"cue_position": 8.0, "beta_enc": 0.07194722016400112, "gamma_cf": 0.8061631629534083, "gamma_fc": 0.7516404040812905, "beta_rec": 0.9710833196254638}, "datetime": {"elapsed": 80.011047, "datetime": "2020-06-14 09:45:14", "delta": 0.333425}}
{"target": 8.375, "params": {"cue_position": 8.0, "beta_enc": 0.0800609772712173, "gamma_cf": 0.6724726505249299, "gamma_fc": 0.4487372588243219, "beta_rec": 0.48169628302117706}, "datetime": {"elapsed": 80.371171, "datetime": "2020-06-14 09:45:15", "delta": 0.360124}}
{"target": 8.25, "params": {"cue_position": 8.0, "beta_enc": 0.7043133983839096, "gamma_cf": 0.6186007425615364, "gamma_fc": 0.15098073327964578, "beta_rec": 0.6816453376026229}, "datetime": {"elapsed": 80.729404, "datetime": "2020-06-14 09:45:15", "delta": 0.358233}}
{"target": 7.5, "params": {"cue_position": 8.0, "beta_enc": 0.760802456305756, "gamma_cf": 0.23376869260410593, "gamma_fc": 0.17667889307234141, "beta_rec": 0.781045822193957}, "datetime": {"elapsed": 81.073886, "datetime": "2020-06-14 09:45:15", "delta": 0.344482}}
{"target": 9.125, "params": {"cue_position": 8.0, "beta_enc": 0.3910991231067624, "gamma_cf": 0.6135258996684316, "gamma_fc": 0.7600017523497489, "beta_rec": 0.3205646539951602}, "datetime": {"elapsed": 81.453266, "datetime": "2020-06-14 09:45:16", "delta": 0.37938}}
{"target": 9.5, "params": {"cue_position": 8.0, "beta_enc": 0.4276650996969642, "gamma_cf": 0.3734071317371953, "gamma_fc": 0.19384776750950716, "beta_rec": 0.09944056291558923}, "datetime": {"elapsed": 81.839908, "datetime": "2020-06-14 09:45:16", "delta": 0.386642}}
{"target": 7.375, "params": {"cue_position": 8.0, "beta_enc": 0.8207464986229382, "gamma_cf": 0.4911099613042962, "gamma_fc": 0.08817368124218106, "beta_rec": 0.5996360084237168}, "datetime": {"elapsed": 82.178576, "datetime": "2020-06-14 09:45:16", "delta": 0.338668}}
{"target": 9.0, "params": {"cue_position": 8.0, "beta_enc": 0.23507763668617032, "gamma_cf": 0.0254762357788203, "gamma_fc": 0.7293976982561526, "beta_rec": 0.461602080891622}, "datetime": {"elapsed": 82.551566, "datetime": "2020-06-14 09:45:17", "delta": 0.37299}}
{"target": 8.625, "params": {"cue_position": 8.0, "beta_enc": 0.7249167472191191, "gamma_cf": 0.42844247595107343, "gamma_fc": 0.8646861447635343, "beta_rec": 0.33039174636170277}, "datetime": {"elapsed": 82.918798, "datetime": "2020-06-14 09:45:17", "delta": 0.367232}}
{"target": 6.875, "params": {"cue_position": 8.0, "beta_enc": 0.6570654246228895, "gamma_cf": 0.5295466104783949, "gamma_fc": 0.8944324184275724, "beta_rec": 0.5810356574180902}, "datetime": {"elapsed": 83.246069, "datetime": "2020-06-14 09:45:17", "delta": 0.327271}}
{"target": 10.875, "params": {"cue_position": 8.0, "beta_enc": 0.30499397583521604, "gamma_cf": 0.32984456268188234, "gamma_fc": 0.6830743663365642, "beta_rec": 0.8709456091610533}, "datetime": {"elapsed": 83.663009, "datetime": "2020-06-14 09:45:18", "delta": 0.41694}}
{"target": 6.875, "params": {"cue_position": 8.0, "beta_enc": 0.8992209495659688, "gamma_cf": 0.1908393632684806, "gamma_fc": 0.8497689100179306, "beta_rec": 0.07569688175830336}, "datetime": {"elapsed": 83.993544, "datetime": "2020-06-14 09:45:18", "delta": 0.330535}}
{"target": 7.125, "params": {"cue_position": 8.0, "beta_enc": 0.6671187886992039, "gamma_cf": 0.6353709614884534, "gamma_fc": 0.8477880437147416, "beta_rec": 0.34433919545005387}, "datetime": {"elapsed": 84.32882, "datetime": "2020-06-14 09:45:18", "delta": 0.335276}}
{"target": 7.875, "params": {"cue_position": 8.0, "beta_enc": 0.8218493747640105, "gamma_cf": 0.5899231270757698, "gamma_fc": 0.1978327846479193, "beta_rec": 0.6282395971306578}, "datetime": {"elapsed": 84.679479, "datetime": "2020-06-14 09:45:19", "delta": 0.350659}}
{"target": 8.0, "params": {"cue_position": 8.0, "beta_enc": 0.4293307226164923, "gamma_cf": 0.38023649611726473, "gamma_fc": 0.992700873664818, "beta_rec": 0.3367459987011673}, "datetime": {"elapsed": 85.032233, "datetime": "2020-06-14 09:45:19", "delta": 0.352754}}
{"target": 8.25, "params": {"cue_position": 8.0, "beta_enc": 0.5188042507334142, "gamma_cf": 0.37030569377388767, "gamma_fc": 0.12341885981472989, "beta_rec": 0.17227970147712546}, "datetime": {"elapsed": 85.391745, "datetime": "2020-06-14 09:45:20", "delta": 0.359512}}
