{"target": 7.383111111111111, "params": {"primacy": 0.9, "gamma_fc": 0.00011437481734488664, "beta_enc": 0.417022004702574, "beta_rec": 0.7203244934421581}, "datetime": {"delta": 0.0, "datetime": "2020-10-03 17:13:31", "elapsed": 0.0}}
{"target": 7.538666666666667, "params": {"primacy": 0.9, "gamma_fc": 0.1862602113776709, "beta_enc": 0.14675589081711304, "beta_rec": 0.0923385947687978}, "datetime": {"delta": 36.9553, "datetime": "2020-10-03 17:14:08", "elapsed": 36.9553}}
{"target": 7.482222222222222, "params": {"primacy": 0.9, "gamma_fc": 0.4191945144032948, "beta_enc": 0.39676747423066994, "beta_rec": 0.538816734003357}, "datetime": {"delta": 36.631742, "datetime": "2020-10-03 17:14:45", "elapsed": 73.587042}}
{"target": 7.257777777777778, "params": {"primacy": 0.9, "gamma_fc": 0.027387593197926163, "beta_enc": 0.20445224973151743, "beta_rec": 0.8781174363909454}, "datetime": {"delta": 35.611613, "datetime": "2020-10-03 17:15:20", "elapsed": 109.198655}}
{"target": 7.5811111111111105, "params": {"primacy": 0.9, "gamma_fc": 0.14038693859523377, "beta_enc": 0.41730480236712697, "beta_rec": 0.5586898284457517}, "datetime": {"delta": 48.017371, "datetime": "2020-10-03 17:16:08", "elapsed": 157.216026}}
{"target": 8.287333333333333, "params": {"primacy": 0.9, "gamma_fc": 0.31342417815924284, "beta_enc": 0.8007445686755367, "beta_rec": 0.9682615757193975}, "datetime": {"delta": 45.370948, "datetime": "2020-10-03 17:16:54", "elapsed": 202.586974}}
{"target": 8.747777777777777, "params": {"primacy": 0.9, "gamma_fc": 0.08504421136977791, "beta_enc": 0.8763891522960383, "beta_rec": 0.8946066635038473}, "datetime": {"delta": 41.87313, "datetime": "2020-10-03 17:17:35", "elapsed": 244.460104}}
{"target": 7.387111111111112, "params": {"primacy": 0.9, "gamma_fc": 0.0983468338330501, "beta_enc": 0.1698304195645689, "beta_rec": 0.8781425034294131}, "datetime": {"delta": 37.622904, "datetime": "2020-10-03 17:18:13", "elapsed": 282.083008}}
{"target": 3.685111111111111, "params": {"primacy": 0.9, "gamma_fc": 0.6918771139504734, "beta_enc": 0.9578895301505019, "beta_rec": 0.5331652849730171}, "datetime": {"delta": 25.732327, "datetime": "2020-10-03 17:18:39", "elapsed": 307.815335}}
{"target": 7.963333333333334, "params": {"primacy": 0.9, "gamma_fc": 0.018288277344191806, "beta_enc": 0.6865009276815837, "beta_rec": 0.8346256718973729}, "datetime": {"delta": 45.015728, "datetime": "2020-10-03 17:19:24", "elapsed": 352.831063}}
{"target": 6.057777777777778, "params": {"primacy": 0.9, "gamma_fc": 0.2804439920644052, "beta_enc": 0.9888610889064947, "beta_rec": 0.7481656543798394}, "datetime": {"delta": 39.061968, "datetime": "2020-10-03 17:20:03", "elapsed": 391.893031}}
{"target": 7.5137777777777774, "params": {"primacy": 0.9, "gamma_fc": 0.9085955030930956, "beta_enc": 0.10322600657764203, "beta_rec": 0.44789352617590517}, "datetime": {"delta": 38.366885, "datetime": "2020-10-03 17:20:41", "elapsed": 430.259916}}
{"target": 7.458444444444444, "params": {"primacy": 0.9, "gamma_fc": 0.019366957870297075, "beta_enc": 0.28777533858634874, "beta_rec": 0.13002857211827767}, "datetime": {"delta": 46.963403, "datetime": "2020-10-03 17:21:28", "elapsed": 477.223319}}
{"target": 7.494888888888889, "params": {"primacy": 0.9, "gamma_fc": 0.4915731592803383, "beta_enc": 0.21162811600005904, "beta_rec": 0.2655466593722262}, "datetime": {"delta": 36.545633, "datetime": "2020-10-03 17:22:05", "elapsed": 513.768952}}
{"target": 6.532444444444444, "params": {"primacy": 0.9, "gamma_fc": 0.5893055369032842, "beta_enc": 0.5741176054920131, "beta_rec": 0.14672857490581015}, "datetime": {"delta": 34.806668, "datetime": "2020-10-03 17:22:40", "elapsed": 548.57562}}
{"target": 7.507333333333333, "params": {"primacy": 0.9, "gamma_fc": 0.6944001577277451, "beta_enc": 0.10233442882782584, "beta_rec": 0.4140559878195683}, "datetime": {"delta": 37.182726, "datetime": "2020-10-03 17:23:17", "elapsed": 585.758346}}
{"target": 7.531777777777778, "params": {"primacy": 0.9, "gamma_fc": 0.6637946452197888, "beta_enc": 0.04995345894608716, "beta_rec": 0.5358964059155116}, "datetime": {"delta": 37.740017, "datetime": "2020-10-03 17:23:54", "elapsed": 623.498363}}
{"target": 3.4031111111111114, "params": {"primacy": 0.9, "gamma_fc": 0.9034019152878835, "beta_enc": 0.9445947559908133, "beta_rec": 0.5865550405019929}, "datetime": {"delta": 24.323006, "datetime": "2020-10-03 17:24:19", "elapsed": 647.821369}}
{"target": 7.518444444444444, "params": {"primacy": 0.9, "gamma_fc": 0.3976768369855336, "beta_enc": 0.13927634725075855, "beta_rec": 0.8073912887095238}, "datetime": {"delta": 37.691777, "datetime": "2020-10-03 17:24:56", "elapsed": 685.513146}}
{"target": 3.6857777777777785, "params": {"primacy": 0.9, "gamma_fc": 0.7508121031361555, "beta_enc": 0.9275085803960339, "beta_rec": 0.34776585974550656}, "datetime": {"delta": 25.73894, "datetime": "2020-10-03 17:25:22", "elapsed": 711.252086}}
{"target": 4.876666666666667, "params": {"primacy": 0.9, "gamma_fc": 0.7509424340273372, "beta_enc": 0.8833060912058098, "beta_rec": 0.6236722070556089}, "datetime": {"delta": 31.280467, "datetime": "2020-10-03 17:25:53", "elapsed": 742.532553}}
{"target": 7.461111111111111, "params": {"primacy": 0.9, "gamma_fc": 0.4280911898712949, "beta_enc": 0.2699278917650261, "beta_rec": 0.8958862181960668}, "datetime": {"delta": 53.387346, "datetime": "2020-10-03 17:26:47", "elapsed": 795.919899}}
{"target": 7.797777777777777, "params": {"primacy": 0.9, "gamma_fc": 0.11474597295337519, "beta_enc": 0.6634414978184481, "beta_rec": 0.6216957202091218}, "datetime": {"delta": 41.230414, "datetime": "2020-10-03 17:27:28", "elapsed": 837.150313}}
{"target": 7.472666666666666, "params": {"primacy": 0.9, "gamma_fc": 0.40813680276128117, "beta_enc": 0.4499121334799405, "beta_rec": 0.5783896143871318}, "datetime": {"delta": 43.757632, "datetime": "2020-10-03 17:28:12", "elapsed": 880.907945}}
{"target": 6.2635555555555555, "params": {"primacy": 0.9, "gamma_fc": 0.00287032703115897, "beta_enc": 0.9033795205622538, "beta_rec": 0.5736794866722859}, "datetime": {"delta": 38.300993, "datetime": "2020-10-03 17:28:50", "elapsed": 919.208938}}
{"target": 7.424666666666665, "params": {"primacy": 0.9, "gamma_fc": 0.8859420993107745, "beta_enc": 0.32664490177209615, "beta_rec": 0.5270581022576093}, "datetime": {"delta": 51.855415, "datetime": "2020-10-03 17:29:42", "elapsed": 971.064353}}
{"target": 6.566888888888888, "params": {"primacy": 0.9, "gamma_fc": 0.015821242846556283, "beta_enc": 0.9085351509197992, "beta_rec": 0.6233601157918027}, "datetime": {"delta": 45.267954, "datetime": "2020-10-03 17:30:27", "elapsed": 1016.332307}}
{"target": 7.628, "params": {"primacy": 0.9, "gamma_fc": 0.17234050834532855, "beta_enc": 0.690896917516924, "beta_rec": 0.9973228504514805}, "datetime": {"delta": 40.156344, "datetime": "2020-10-03 17:31:07", "elapsed": 1056.488651}}
{"target": 7.001555555555555, "params": {"primacy": 0.9, "gamma_fc": 0.06600017272206249, "beta_enc": 0.9325954630371636, "beta_rec": 0.6968181614899002}, "datetime": {"delta": 42.844396, "datetime": "2020-10-03 17:31:50", "elapsed": 1099.333047}}
{"target": 7.062888888888888, "params": {"primacy": 0.9, "gamma_fc": 0.7115247586284718, "beta_enc": 0.7538761884612464, "beta_rec": 0.9230245355464833}, "datetime": {"delta": 50.383256, "datetime": "2020-10-03 17:32:41", "elapsed": 1149.716303}}
{"target": 7.552888888888889, "params": {"primacy": 0.9, "gamma_fc": 0.028306488020794607, "beta_enc": 0.01988013383979559, "beta_rec": 0.026210986877719278}, "datetime": {"delta": 47.336811, "datetime": "2020-10-03 17:33:28", "elapsed": 1197.053114}}
{"target": 5.714, "params": {"primacy": 0.9, "gamma_fc": 0.5528219786857659, "beta_enc": 0.860027948682888, "beta_rec": 0.5388310643416528}, "datetime": {"delta": 33.641928, "datetime": "2020-10-03 17:34:02", "elapsed": 1230.695042}}
{"target": 7.5328888888888885, "params": {"primacy": 0.9, "gamma_fc": 0.5857592714582879, "beta_enc": 0.12417331511991114, "beta_rec": 0.2791836790111395}, "datetime": {"delta": 38.289892, "datetime": "2020-10-03 17:34:40", "elapsed": 1268.984934}}
{"target": 6.030888888888889, "params": {"primacy": 0.9, "gamma_fc": 0.8006326726806163, "beta_enc": 0.56103021925571, "beta_rec": 0.01864728937294302}, "datetime": {"delta": 34.340723, "datetime": "2020-10-03 17:35:14", "elapsed": 1303.325657}}
{"target": 5.053111111111111, "params": {"primacy": 0.9, "gamma_fc": 0.8635418545594287, "beta_enc": 0.8071051956187791, "beta_rec": 0.38786064406417176}, "datetime": {"delta": 33.396536, "datetime": "2020-10-03 17:35:48", "elapsed": 1336.722193}}
{"target": 6.593333333333334, "params": {"primacy": 0.9, "gamma_fc": 0.05991768951221166, "beta_enc": 0.5562402339904189, "beta_rec": 0.13645522566068502}, "datetime": {"delta": 36.135132, "datetime": "2020-10-03 17:36:24", "elapsed": 1372.857325}}
{"target": 7.561111111111112, "params": {"primacy": 0.9, "gamma_fc": 0.2257093386078547, "beta_enc": 0.044551878544761725, "beta_rec": 0.1074941291060929}, "datetime": {"delta": 38.483719, "datetime": "2020-10-03 17:37:02", "elapsed": 1411.341044}}
{"target": 6.030666666666667, "params": {"primacy": 0.9, "gamma_fc": 0.07197427968948678, "beta_enc": 0.5597169820541424, "beta_rec": 0.012555980159115854}, "datetime": {"delta": 33.815423, "datetime": "2020-10-03 17:37:36", "elapsed": 1445.156467}}
{"target": 6.836, "params": {"primacy": 0.9, "gamma_fc": 0.2523257445703234, "beta_enc": 0.5681004619199421, "beta_rec": 0.20329323466099047}, "datetime": {"delta": 36.372527, "datetime": "2020-10-03 17:38:12", "elapsed": 1481.528994}}
{"target": 7.489999999999999, "params": {"primacy": 0.9, "gamma_fc": 0.9700199890883123, "beta_enc": 0.1954294811093188, "beta_rec": 0.5813589272732578}, "datetime": {"delta": 38.291963, "datetime": "2020-10-03 17:38:51", "elapsed": 1519.820957}}
{"target": 7.514444444444445, "params": {"primacy": 0.9, "gamma_fc": 0.6199557183813798, "beta_enc": 0.23984775914758616, "beta_rec": 0.49376971426872995}, "datetime": {"delta": 38.386932, "datetime": "2020-10-03 17:39:29", "elapsed": 1558.207889}}
{"target": 7.496, "params": {"primacy": 0.9, "gamma_fc": 0.07002214371922233, "beta_enc": 0.15679139464608427, "beta_rec": 0.018576202177409518}, "datetime": {"delta": 38.279644, "datetime": "2020-10-03 17:40:07", "elapsed": 1596.487533}}
{"target": 7.542666666666666, "params": {"primacy": 0.9, "gamma_fc": 0.31736240932216075, "beta_enc": 0.6063294616533303, "beta_rec": 0.5688514370864813}, "datetime": {"delta": 38.429581, "datetime": "2020-10-03 17:40:46", "elapsed": 1634.917114}}
{"target": 7.174222222222222, "params": {"primacy": 0.9, "gamma_fc": 0.5509482191178968, "beta_enc": 0.5797452192457969, "beta_rec": 0.3801411726235504}, "datetime": {"delta": 58.9767, "datetime": "2020-10-03 17:41:45", "elapsed": 1693.893814}}
{"target": 6.4688888888888885, "params": {"primacy": 0.9, "gamma_fc": 0.06633483442844157, "beta_enc": 0.6692328934531846, "beta_rec": 0.2649195576628094}, "datetime": {"delta": 37.113587, "datetime": "2020-10-03 17:42:22", "elapsed": 1731.007401}}
{"target": 6.332666666666666, "params": {"primacy": 0.9, "gamma_fc": 0.7527555537388139, "beta_enc": 0.6297175070215645, "beta_rec": 0.2101740099148396}, "datetime": {"delta": 34.915344, "datetime": "2020-10-03 17:42:57", "elapsed": 1765.922745}}
{"target": 7.4495555555555555, "params": {"primacy": 0.9, "gamma_fc": 0.19343428262332774, "beta_enc": 0.26031509857854096, "beta_rec": 0.8047545637433454}, "datetime": {"delta": 37.959651, "datetime": "2020-10-03 17:43:35", "elapsed": 1803.882396}}
{"target": 7.362, "params": {"primacy": 0.9, "gamma_fc": 0.263296770487111, "beta_enc": 0.5246703091237337, "beta_rec": 0.9248079703993507}, "datetime": {"delta": 37.604594, "datetime": "2020-10-03 17:44:12", "elapsed": 1841.48699}}
{"target": 6.39, "params": {"primacy": 0.9, "gamma_fc": 0.907815852503524, "beta_enc": 0.7350659632886695, "beta_rec": 0.7721780295432468}, "datetime": {"delta": 35.115701, "datetime": "2020-10-03 17:44:48", "elapsed": 1876.602691}}
{"target": 7.539777777777779, "params": {"primacy": 0.9, "gamma_fc": 0.6167783570016576, "beta_enc": 0.013951572975597015, "beta_rec": 0.2343620861214205}, "datetime": {"delta": 38.499229, "datetime": "2020-10-03 17:45:26", "elapsed": 1915.10192}}
{"target": 3.092888888888889, "params": {"primacy": 0.9, "gamma_fc": 0.9156063497662745, "beta_enc": 0.9501761192470797, "beta_rec": 0.5566531881951564}, "datetime": {"delta": 23.828213, "datetime": "2020-10-03 17:45:50", "elapsed": 1938.930133}}
{"target": 7.4462222222222225, "params": {"primacy": 0.9, "gamma_fc": 0.6043104829199732, "beta_enc": 0.39000771414124624, "beta_rec": 0.48599066709690975}, "datetime": {"delta": 38.244165, "datetime": "2020-10-03 17:46:28", "elapsed": 1977.174298}}
{"target": 8.186666666666666, "params": {"primacy": 0.9, "gamma_fc": 0.3948756129235549, "beta_enc": 0.9261814267064536, "beta_rec": 0.9187334356336061}, "datetime": {"delta": 39.943008, "datetime": "2020-10-03 17:47:08", "elapsed": 2017.117306}}
{"target": 7.546000000000001, "params": {"primacy": 0.9, "gamma_fc": 0.13507915804673132, "beta_enc": 0.17395566668046436, "beta_rec": 0.12632951943963733}, "datetime": {"delta": 38.82444, "datetime": "2020-10-03 17:47:47", "elapsed": 2055.941746}}
{"target": 7.500666666666666, "params": {"primacy": 0.9, "gamma_fc": 0.8271154711707325, "beta_enc": 0.021524805274197978, "beta_rec": 0.947970211217681}, "datetime": {"delta": 37.904089, "datetime": "2020-10-03 17:48:25", "elapsed": 2093.845835}}
{"target": 7.557333333333332, "params": {"primacy": 0.9, "gamma_fc": 0.1309968448109169, "beta_enc": 0.17619625557505525, "beta_rec": 0.332063574366837}, "datetime": {"delta": 38.408183, "datetime": "2020-10-03 17:49:03", "elapsed": 2132.254018}}
{"target": 7.462000000000001, "params": {"primacy": 0.9, "gamma_fc": 0.58201417994708, "beta_enc": 0.34473665268329345, "beta_rec": 0.9401074823333672}, "datetime": {"delta": 44.750287, "datetime": "2020-10-03 17:49:48", "elapsed": 2177.004305}}
{"target": 7.888666666666667, "params": {"primacy": 0.9, "gamma_fc": 0.45988026581680697, "beta_enc": 0.8447344453922219, "beta_rec": 0.9053923187086492}, "datetime": {"delta": 39.644835, "datetime": "2020-10-03 17:50:28", "elapsed": 2216.64914}}
{"target": 5.512222222222222, "params": {"primacy": 0.9, "gamma_fc": 0.4902535226199277, "beta_enc": 0.7986035911520394, "beta_rec": 0.28571885173414757}, "datetime": {"delta": 37.71408, "datetime": "2020-10-03 17:51:05", "elapsed": 2254.36322}}
{"target": 7.500222222222223, "params": {"primacy": 0.9, "gamma_fc": 0.4336763489894583, "beta_enc": 0.015533275550835723, "beta_rec": 0.5934814081966372}, "datetime": {"delta": 38.169079, "datetime": "2020-10-03 17:51:43", "elapsed": 2292.532299}}
{"target": 7.462444444444445, "params": {"primacy": 0.9, "gamma_fc": 0.5778572152845355, "beta_enc": 0.31524480309537295, "beta_rec": 0.8928887085251513}, "datetime": {"delta": 38.221107, "datetime": "2020-10-03 17:52:22", "elapsed": 2330.753406}}
{"target": 7.561555555555555, "params": {"primacy": 0.9, "gamma_fc": 0.053909272073752956, "beta_enc": 0.7879292338255043, "beta_rec": 0.6120311770449339}, "datetime": {"delta": 38.436498, "datetime": "2020-10-03 17:53:00", "elapsed": 2369.189904}}
{"target": 7.597111111111111, "params": {"primacy": 0.9, "gamma_fc": 0.00040202489135743313, "beta_enc": 0.6790688365654296, "beta_rec": 0.9186017779775258}, "datetime": {"delta": 38.576923, "datetime": "2020-10-03 17:53:39", "elapsed": 2407.766827}}
{"target": 7.426444444444445, "params": {"primacy": 0.9, "gamma_fc": 0.604716100974053, "beta_enc": 0.37658031474577447, "beta_rec": 0.9737835383583225}, "datetime": {"delta": 38.187345, "datetime": "2020-10-03 17:54:17", "elapsed": 2445.954172}}
{"target": 7.576888888888888, "params": {"primacy": 0.9, "gamma_fc": 0.28557628169569393, "beta_enc": 0.5747115047081023, "beta_rec": 0.6280761983073504}, "datetime": {"delta": 54.451792, "datetime": "2020-10-03 17:55:11", "elapsed": 2500.405964}}
{"target": 6.860888888888889, "params": {"primacy": 0.9, "gamma_fc": 0.7550821884676802, "beta_enc": 0.7500217637026599, "beta_rec": 0.8583138364290424}, "datetime": {"delta": 35.813482, "datetime": "2020-10-03 17:55:47", "elapsed": 2536.219446}}
{"target": 4.676444444444444, "params": {"primacy": 0.9, "gamma_fc": 0.6707887907875872, "beta_enc": 0.8644794300545998, "beta_rec": 0.32268099683674645}, "datetime": {"delta": 29.329443, "datetime": "2020-10-03 17:56:16", "elapsed": 2565.548889}}
{"target": 7.510666666666667, "params": {"primacy": 0.9, "gamma_fc": 0.4014795834695406, "beta_enc": 0.3821027520315172, "beta_rec": 0.4108113499221856}, "datetime": {"delta": 38.52053, "datetime": "2020-10-03 17:56:55", "elapsed": 2604.069419}}
{"target": 6.567333333333333, "params": {"primacy": 0.9, "gamma_fc": 0.9738020779272523, "beta_enc": 0.6219193679203014, "beta_rec": 0.43024727082126435}, "datetime": {"delta": 35.061024, "datetime": "2020-10-03 17:57:30", "elapsed": 2639.130443}}
{"target": 7.535777777777779, "params": {"primacy": 0.9, "gamma_fc": 0.343346239774423, "beta_enc": 0.19856988842711087, "beta_rec": 0.4267010093480328}, "datetime": {"delta": 38.460966, "datetime": "2020-10-03 17:58:09", "elapsed": 2677.591409}}
{"target": 6.4013333333333335, "params": {"primacy": 0.9, "gamma_fc": 0.6627198123752622, "beta_enc": 0.8799982885634318, "beta_rec": 0.903841955826372}, "datetime": {"delta": 35.047654, "datetime": "2020-10-03 17:58:44", "elapsed": 2712.639063}}
{"target": 7.553333333333333, "params": {"primacy": 0.9, "gamma_fc": 0.5277146463087466, "beta_enc": 0.25236670150458973, "beta_rec": 0.8548979426974024}, "datetime": {"delta": 38.469594, "datetime": "2020-10-03 17:59:22", "elapsed": 2751.108657}}
{"target": 7.422, "params": {"primacy": 0.9, "gamma_fc": 0.5190116274640558, "beta_enc": 0.5724885171916063, "beta_rec": 0.7331425252875111}, "datetime": {"delta": 47.655854, "datetime": "2020-10-03 18:00:10", "elapsed": 2798.764511}}
{"target": 7.451777777777778, "params": {"primacy": 0.9, "gamma_fc": 0.3426889079532818, "beta_enc": 0.5688579907047155, "beta_rec": 0.4657098785919809}, "datetime": {"delta": 41.483709, "datetime": "2020-10-03 18:00:51", "elapsed": 2840.24822}}
{"target": 7.169111111111111, "params": {"primacy": 0.9, "gamma_fc": 0.982817113730445, "beta_enc": 0.37792417932809985, "beta_rec": 0.07962607769825236}, "datetime": {"delta": 37.308854, "datetime": "2020-10-03 18:01:28", "elapsed": 2877.557074}}
{"target": 6.850888888888889, "params": {"primacy": 0.9, "gamma_fc": 0.6884132523859433, "beta_enc": 0.8118586977205398, "beta_rec": 0.8749616449558981}, "datetime": {"delta": 35.79217, "datetime": "2020-10-03 18:02:04", "elapsed": 2913.349244}}
{"target": 7.496222222222222, "params": {"primacy": 0.9, "gamma_fc": 0.345172051155215, "beta_enc": 0.16097143681560877, "beta_rec": 0.4668800227633063}, "datetime": {"delta": 38.325107, "datetime": "2020-10-03 18:02:43", "elapsed": 2951.674351}}
{"target": 6.593777777777778, "params": {"primacy": 0.9, "gamma_fc": 0.9163055534683507, "beta_enc": 0.5925118687657968, "beta_rec": 0.31226983770191696}, "datetime": {"delta": 35.496845, "datetime": "2020-10-03 18:03:18", "elapsed": 2987.171196}}
{"target": 7.488444444444444, "params": {"primacy": 0.9, "gamma_fc": 0.19296273201911285, "beta_enc": 0.2571182937821962, "beta_rec": 0.1108913007440292}, "datetime": {"delta": 37.920205, "datetime": "2020-10-03 18:03:56", "elapsed": 3025.091401}}
{"target": 5.8646666666666665, "params": {"primacy": 0.9, "gamma_fc": 0.24803355837723073, "beta_enc": 0.7285856679745962, "beta_rec": 0.20819443840879148}, "datetime": {"delta": 33.540898, "datetime": "2020-10-03 18:04:30", "elapsed": 3058.632299}}
{"target": 7.482444444444444, "params": {"primacy": 0.9, "gamma_fc": 0.23366613923925006, "beta_enc": 0.41584871826752734, "beta_rec": 0.6166850671552362}, "datetime": {"delta": 41.421716, "datetime": "2020-10-03 18:05:11", "elapsed": 3100.054015}}
{"target": 7.599777777777779, "params": {"primacy": 0.9, "gamma_fc": 0.15267164409316325, "beta_enc": 0.5158570169685298, "beta_rec": 0.47714098704978236}, "datetime": {"delta": 41.024236, "datetime": "2020-10-03 18:05:52", "elapsed": 3141.078251}}
{"target": 7.650666666666666, "params": {"primacy": 0.9, "gamma_fc": 0.1445455401246598, "beta_enc": 0.5440101188139381, "beta_rec": 0.6541373469707443}, "datetime": {"delta": 43.469962, "datetime": "2020-10-03 18:06:35", "elapsed": 3184.548213}}
{"target": 7.493555555555557, "params": {"primacy": 0.9, "gamma_fc": 0.7852960282216189, "beta_enc": 0.2220491397999227, "beta_rec": 0.519351824366033}, "datetime": {"delta": 45.853628, "datetime": "2020-10-03 18:07:21", "elapsed": 3230.401841}}
{"target": 7.43711111111111, "params": {"primacy": 0.9, "gamma_fc": 0.8447096076020696, "beta_enc": 0.3243624597261865, "beta_rec": 0.872922376400111}, "datetime": {"delta": 36.862827, "datetime": "2020-10-03 18:07:58", "elapsed": 3267.264668}}
{"target": 5.702444444444445, "params": {"primacy": 0.9, "gamma_fc": 0.8264069976293413, "beta_enc": 0.866608274166513, "beta_rec": 0.9498059913536265}, "datetime": {"delta": 32.94355, "datetime": "2020-10-03 18:08:31", "elapsed": 3300.208218}}
{"target": 7.544666666666666, "params": {"primacy": 0.9, "gamma_fc": 0.703516988152653, "beta_enc": 0.09874340182034835, "beta_rec": 0.651304332340991}, "datetime": {"delta": 38.550329, "datetime": "2020-10-03 18:09:10", "elapsed": 3338.758547}}
{"target": 4.18, "params": {"primacy": 0.9, "gamma_fc": 0.7702387345549799, "beta_enc": 0.799615261736028, "beta_rec": 0.03457121987163425}, "datetime": {"delta": 27.543877, "datetime": "2020-10-03 18:09:37", "elapsed": 3366.302424}}
{"target": 7.507111111111111, "params": {"primacy": 0.9, "gamma_fc": 0.6323033174301278, "beta_enc": 0.2596983932983531, "beta_rec": 0.2570692988221467}, "datetime": {"delta": 40.080878, "datetime": "2020-10-03 18:10:17", "elapsed": 3406.383302}}
