{"target": 6.6875, "params": {"beta_enc": 0.417022004702574, "cue_position": 0.0, "gamma_fc": 0.14675589081711304, "gamma_cf": 0.30233257263183977, "beta_rec": 0.7203244934421581}, "datetime": {"elapsed": 0.0, "datetime": "2020-07-13 10:19:44", "delta": 0.0}}
{"target": 7.933333333333334, "params": {"beta_enc": 0.0923385947687978, "cue_position": 0.0, "gamma_fc": 0.538816734003357, "gamma_cf": 0.39676747423066994, "beta_rec": 0.1862602113776709}, "datetime": {"elapsed": 22.931252, "datetime": "2020-07-13 10:20:07", "delta": 22.931252}}
{"target": 9.208333333333334, "params": {"beta_enc": 0.4191945144032948, "cue_position": 0.0, "gamma_fc": 0.027387593197926163, "gamma_cf": 0.8781174363909454, "beta_rec": 0.6852195003967595}, "datetime": {"elapsed": 48.193604, "datetime": "2020-07-13 10:20:32", "delta": 25.262352}}
{"target": 6.0625, "params": {"beta_enc": 0.6704675101784022, "cue_position": 0.0, "gamma_fc": 0.1981014890848788, "gamma_cf": 0.14038693859523377, "beta_rec": 0.41730480236712697}, "datetime": {"elapsed": 67.634948, "datetime": "2020-07-13 10:20:52", "delta": 19.441344}}
{"target": 7.5125, "params": {"beta_enc": 0.8007445686755367, "cue_position": 0.0, "gamma_fc": 0.8763891522960383, "gamma_cf": 0.6923226156693141, "beta_rec": 0.9682615757193975}, "datetime": {"elapsed": 89.789794, "datetime": "2020-07-13 10:21:14", "delta": 22.154846}}
{"target": 7.8875, "params": {"beta_enc": 0.8946066635038473, "cue_position": 0.0, "gamma_fc": 0.8781425034294131, "gamma_cf": 0.1698304195645689, "beta_rec": 0.08504421136977791}, "datetime": {"elapsed": 112.613565, "datetime": "2020-07-13 10:21:37", "delta": 22.823771}}
{"target": 8.458333333333334, "params": {"beta_enc": 0.0983468338330501, "cue_position": 0.0, "gamma_fc": 0.6918771139504734, "gamma_cf": 0.5331652849730171, "beta_rec": 0.42110762500505217}, "datetime": {"elapsed": 136.520148, "datetime": "2020-07-13 10:22:00", "delta": 23.906583}}
{"target": 7.7125, "params": {"beta_enc": 0.31551563100606295, "cue_position": 0.0, "gamma_fc": 0.7501443149449675, "gamma_cf": 0.018288277344191806, "beta_rec": 0.6865009276815837}, "datetime": {"elapsed": 159.040998, "datetime": "2020-07-13 10:22:23", "delta": 22.52085}}
{"target": 5.4625, "params": {"beta_enc": 0.9888610889064947, "cue_position": 0.0, "gamma_fc": 0.10322600657764203, "gamma_cf": 0.7892793284514885, "beta_rec": 0.7481656543798394}, "datetime": {"elapsed": 177.369213, "datetime": "2020-07-13 10:22:41", "delta": 18.328215}}
{"target": 6.825, "params": {"beta_enc": 0.44789352617590517, "cue_position": 0.0, "gamma_fc": 0.13002857211827767, "gamma_cf": 0.28777533858634874, "beta_rec": 0.9085955030930956}, "datetime": {"elapsed": 198.244351, "datetime": "2020-07-13 10:23:02", "delta": 20.875138}}
{"target": 6.516666666666667, "params": {"beta_enc": 0.019366957870297075, "cue_position": 0.0, "gamma_fc": 0.4915731592803383, "gamma_cf": 0.2655466593722262, "beta_rec": 0.678835532939891}, "datetime": {"elapsed": 218.516128, "datetime": "2020-07-13 10:23:22", "delta": 20.271777}}
{"target": 8.45, "params": {"beta_enc": 0.053362545117080384, "cue_position": 0.0, "gamma_fc": 0.6997583600209312, "gamma_cf": 0.5893055369032842, "beta_rec": 0.5741176054920131}, "datetime": {"elapsed": 242.386501, "datetime": "2020-07-13 10:23:46", "delta": 23.870373}}
{"target": 7.320833333333334, "params": {"beta_enc": 0.10233442882782584, "cue_position": 0.0, "gamma_fc": 0.04995345894608716, "gamma_cf": 0.41417926952690265, "beta_rec": 0.4140559878195683}, "datetime": {"elapsed": 264.143125, "datetime": "2020-07-13 10:24:08", "delta": 21.756624}}
{"target": 8.358333333333333, "params": {"beta_enc": 0.5358964059155116, "cue_position": 0.0, "gamma_fc": 0.5865550405019929, "gamma_cf": 0.9445947559908133, "beta_rec": 0.6637946452197888}, "datetime": {"elapsed": 287.811507, "datetime": "2020-07-13 10:24:32", "delta": 23.668382}}
{"target": 4.233333333333333, "params": {"beta_enc": 0.9034019152878835, "cue_position": 0.0, "gamma_fc": 0.3976768369855336, "gamma_cf": 0.8073912887095238, "beta_rec": 0.13747470414623753}, "datetime": {"elapsed": 303.823539, "datetime": "2020-07-13 10:24:48", "delta": 16.012032}}
{"target": 8.733333333333333, "params": {"beta_enc": 0.16535419711693278, "cue_position": 0.0, "gamma_fc": 0.7259979853504515, "gamma_cf": 0.7508121031361555, "beta_rec": 0.9275085803960339}, "datetime": {"elapsed": 328.231461, "datetime": "2020-07-13 10:25:12", "delta": 24.407922}}
{"target": 6.179166666666666, "params": {"beta_enc": 0.8833060912058098, "cue_position": 0.0, "gamma_fc": 0.2699278917650261, "gamma_cf": 0.34889834197784253, "beta_rec": 0.6236722070556089}, "datetime": {"elapsed": 347.900131, "datetime": "2020-07-13 10:25:32", "delta": 19.66867}}
{"target": 5.970833333333333, "params": {"beta_enc": 0.8958862181960668, "cue_position": 0.0, "gamma_fc": 0.6216957202091218, "gamma_cf": 0.6634414978184481, "beta_rec": 0.4280911898712949}, "datetime": {"elapsed": 367.214937, "datetime": "2020-07-13 10:25:51", "delta": 19.314806}}
{"target": 7.958333333333333, "params": {"beta_enc": 0.11474597295337519, "cue_position": 0.0, "gamma_fc": 0.40813680276128117, "gamma_cf": 0.5783896143871318, "beta_rec": 0.9494892587070712}, "datetime": {"elapsed": 390.213634, "datetime": "2020-07-13 10:26:14", "delta": 22.998697}}
{"target": 7.204166666666667, "params": {"beta_enc": 0.2370269802430277, "cue_position": 0.0, "gamma_fc": 0.6171449136207239, "gamma_cf": 0.00287032703115897, "beta_rec": 0.9033795205622538}, "datetime": {"elapsed": 411.786676, "datetime": "2020-07-13 10:26:36", "delta": 21.573042}}
{"target": 8.108333333333333, "params": {"beta_enc": 0.32664490177209615, "cue_position": 0.0, "gamma_fc": 0.9085351509197992, "gamma_cf": 0.35726976000249977, "beta_rec": 0.5270581022576093}, "datetime": {"elapsed": 435.054786, "datetime": "2020-07-13 10:26:59", "delta": 23.26811}}
{"target": 2.9833333333333334, "params": {"beta_enc": 0.6233601157918027, "cue_position": 0.0, "gamma_fc": 0.9973228504514805, "gamma_cf": 0.690896917516924, "beta_rec": 0.015821242846556283}, "datetime": {"elapsed": 448.746025, "datetime": "2020-07-13 10:27:13", "delta": 13.691239}}
{"target": 7.754166666666666, "params": {"beta_enc": 0.17234050834532855, "cue_position": 0.0, "gamma_fc": 0.06600017272206249, "gamma_cf": 0.6968181614899002, "beta_rec": 0.13713574962887776}, "datetime": {"elapsed": 471.362814, "datetime": "2020-07-13 10:27:35", "delta": 22.616789}}
{"target": 7.025, "params": {"beta_enc": 0.7554630526024664, "cue_position": 0.0, "gamma_fc": 0.1242709619721647, "gamma_cf": 0.7115247586284718, "beta_rec": 0.7538761884612464}, "datetime": {"elapsed": 492.646568, "datetime": "2020-07-13 10:27:57", "delta": 21.283754}}
{"target": 8.725, "params": {"beta_enc": 0.01988013383979559, "cue_position": 0.0, "gamma_fc": 0.860027948682888, "gamma_cf": 0.2462110676030459, "beta_rec": 0.026210986877719278}, "datetime": {"elapsed": 517.102389, "datetime": "2020-07-13 10:28:21", "delta": 24.455821}}
{"target": 6.408333333333333, "params": {"beta_enc": 0.5388310643416528, "cue_position": 0.0, "gamma_fc": 0.2791836790111395, "gamma_cf": 0.12417331511991114, "beta_rec": 0.5528219786857659}, "datetime": {"elapsed": 537.197751, "datetime": "2020-07-13 10:28:41", "delta": 20.095362}}
{"target": 7.529166666666667, "params": {"beta_enc": 0.5857592714582879, "cue_position": 0.0, "gamma_fc": 0.8006326726806163, "gamma_cf": 0.01864728937294302, "beta_rec": 0.9695957483196745}, "datetime": {"elapsed": 559.3368, "datetime": "2020-07-13 10:29:03", "delta": 22.139049}}
{"target": 8.808333333333334, "params": {"beta_enc": 0.23297427384102043, "cue_position": 0.0, "gamma_fc": 0.7471216427371846, "gamma_cf": 0.8635418545594287, "beta_rec": 0.8071051956187791}, "datetime": {"elapsed": 583.861542, "datetime": "2020-07-13 10:29:28", "delta": 24.524742}}
{"target": 6.945833333333334, "params": {"beta_enc": 0.5562402339904189, "cue_position": 0.0, "gamma_fc": 0.044551878544761725, "gamma_cf": 0.12134345574073735, "beta_rec": 0.13645522566068502}, "datetime": {"elapsed": 604.923957, "datetime": "2020-07-13 10:29:49", "delta": 21.062415}}
{"target": 8.4, "params": {"beta_enc": 0.1074941291060929, "cue_position": 0.0, "gamma_fc": 0.012555980159115854, "gamma_cf": 0.5597169820541424, "beta_rec": 0.2257093386078547}, "datetime": {"elapsed": 628.769516, "datetime": "2020-07-13 10:30:13", "delta": 23.845559}}
{"target": 6.766666666666667, "params": {"beta_enc": 0.07197427968948678, "cue_position": 0.0, "gamma_fc": 0.2523257445703234, "gamma_cf": 0.20329323466099047, "beta_rec": 0.967276330000272}, "datetime": {"elapsed": 649.542067, "datetime": "2020-07-13 10:30:33", "delta": 20.772551}}
{"target": 3.870833333333333, "params": {"beta_enc": 0.7438258540750929, "cue_position": 0.0, "gamma_fc": 0.8468288014900353, "gamma_cf": 0.9700199890883123, "beta_rec": 0.1954294811093188}, "datetime": {"elapsed": 664.877431, "datetime": "2020-07-13 10:30:49", "delta": 15.335364}}
{"target": 9.3125, "params": {"beta_enc": 0.23984775914758616, "cue_position": 0.0, "gamma_fc": 0.15679139464608427, "gamma_cf": 0.8289808995501787, "beta_rec": 0.49376971426872995}, "datetime": {"elapsed": 690.394248, "datetime": "2020-07-13 10:31:14", "delta": 25.516817}}
{"target": 8.133333333333333, "params": {"beta_enc": 0.018576202177409518, "cue_position": 0.0, "gamma_fc": 0.5688514370864813, "gamma_cf": 0.6063294616533303, "beta_rec": 0.07002214371922233}, "datetime": {"elapsed": 713.684207, "datetime": "2020-07-13 10:31:38", "delta": 23.289959}}
{"target": 8.2375, "params": {"beta_enc": 0.31736240932216075, "cue_position": 0.0, "gamma_fc": 0.5509482191178968, "gamma_cf": 0.3801411726235504, "beta_rec": 0.9886161544124489}, "datetime": {"elapsed": 737.191222, "datetime": "2020-07-13 10:32:01", "delta": 23.507015}}
{"target": 6.445833333333334, "params": {"beta_enc": 0.7453344309065021, "cue_position": 0.0, "gamma_fc": 0.3700841979141063, "gamma_cf": 0.06633483442844157, "beta_rec": 0.6692328934531846}, "datetime": {"elapsed": 757.402354, "datetime": "2020-07-13 10:32:21", "delta": 20.211132}}
{"target": 6.6375, "params": {"beta_enc": 0.6297175070215645, "cue_position": 0.0, "gamma_fc": 0.26031509857854096, "gamma_cf": 0.06653648135411494, "beta_rec": 0.2101740099148396}, "datetime": {"elapsed": 777.965, "datetime": "2020-07-13 10:32:42", "delta": 20.562646}}
{"target": 5.891666666666667, "params": {"beta_enc": 0.8047545637433454, "cue_position": 0.0, "gamma_fc": 0.9248079703993507, "gamma_cf": 0.5246703091237337, "beta_rec": 0.19343428262332774}, "datetime": {"elapsed": 797.113959, "datetime": "2020-07-13 10:33:01", "delta": 19.148959}}
{"target": 5.958333333333333, "params": {"beta_enc": 0.263296770487111, "cue_position": 0.0, "gamma_fc": 0.907815852503524, "gamma_cf": 0.7721780295432468, "beta_rec": 0.06596109068402378}, "datetime": {"elapsed": 816.376053, "datetime": "2020-07-13 10:33:20", "delta": 19.262094}}
{"target": 2.4208333333333334, "params": {"beta_enc": 0.9319720691968373, "cue_position": 0.0, "gamma_fc": 0.9490163206876164, "gamma_cf": 0.6167783570016576, "beta_rec": 0.013951572975597015}, "datetime": {"elapsed": 829.010849, "datetime": "2020-07-13 10:33:33", "delta": 12.634796}}
{"target": 6.133333333333334, "params": {"beta_enc": 0.9501761192470797, "cue_position": 0.0, "gamma_fc": 0.39000771414124624, "gamma_cf": 0.6415662089463375, "beta_rec": 0.5566531881951564}, "datetime": {"elapsed": 848.619514, "datetime": "2020-07-13 10:33:53", "delta": 19.608665}}
{"target": 7.445833333333334, "params": {"beta_enc": 0.48599066709690975, "cue_position": 0.0, "gamma_fc": 0.9187334356336061, "gamma_cf": 0.9261814267064536, "beta_rec": 0.6043104829199732}, "datetime": {"elapsed": 870.651653, "datetime": "2020-07-13 10:34:15", "delta": 22.032139}}
{"target": 6.841666666666667, "params": {"beta_enc": 0.3948756129235549, "cue_position": 0.0, "gamma_fc": 0.13507915804673132, "gamma_cf": 0.12632951943963733, "beta_rec": 0.9632625284407118}, "datetime": {"elapsed": 891.549023, "datetime": "2020-07-13 10:34:35", "delta": 20.89737}}
{"target": 3.4, "params": {"beta_enc": 0.5056621656768967, "cue_position": 0.0, "gamma_fc": 0.015018980742122379, "gamma_cf": 0.8271154711707325, "beta_rec": 0.021524805274197978}, "datetime": {"elapsed": 906.022117, "datetime": "2020-07-13 10:34:50", "delta": 14.473094}}
{"target": 8.525, "params": {"beta_enc": 0.17619625557505525, "cue_position": 0.0, "gamma_fc": 0.34473665268329345, "gamma_cf": 0.8094906921265821, "beta_rec": 0.332063574366837}, "datetime": {"elapsed": 930.08862, "datetime": "2020-07-13 10:35:14", "delta": 24.066503}}
{"target": 5.466666666666667, "params": {"beta_enc": 0.9401074823333672, "cue_position": 0.0, "gamma_fc": 0.9053923187086492, "gamma_cf": 0.8447344453922219, "beta_rec": 0.58201417994708}, "datetime": {"elapsed": 948.434594, "datetime": "2020-07-13 10:35:32", "delta": 18.345974}}
{"target": 7.220833333333333, "params": {"beta_enc": 0.45988026581680697, "cue_position": 0.0, "gamma_fc": 0.4902535226199277, "gamma_cf": 0.28571885173414757, "beta_rec": 0.5463468160203733}, "datetime": {"elapsed": 970.120755, "datetime": "2020-07-13 10:35:54", "delta": 21.686161}}
{"target": 3.45, "params": {"beta_enc": 0.5991103076458784, "cue_position": 0.0, "gamma_fc": 0.8073605288848414, "gamma_cf": 0.4336763489894583, "beta_rec": 0.015533275550835723}, "datetime": {"elapsed": 984.72268, "datetime": "2020-07-13 10:36:09", "delta": 14.601925}}
{"target": 7.945833333333334, "params": {"beta_enc": 0.31524480309537295, "cue_position": 0.0, "gamma_fc": 0.7879292338255043, "gamma_cf": 0.18401020162746506, "beta_rec": 0.8928887085251513}, "datetime": {"elapsed": 1007.698927, "datetime": "2020-07-13 10:36:32", "delta": 22.976247}}
{"target": 3.3666666666666667, "params": {"beta_enc": 0.6120311770449339, "cue_position": 0.0, "gamma_fc": 0.9186017779775258, "gamma_cf": 0.6790688365654296, "beta_rec": 0.053909272073752956}, "datetime": {"elapsed": 1022.090173, "datetime": "2020-07-13 10:36:46", "delta": 14.391246}}
{"target": 8.0875, "params": {"beta_enc": 0.00040202489135743313, "cue_position": 0.0, "gamma_fc": 0.604716100974053, "gamma_cf": 0.9737835383583225, "beta_rec": 0.9767591490310596}, "datetime": {"elapsed": 1045.331402, "datetime": "2020-07-13 10:37:09", "delta": 23.241229}}
{"target": 6.545833333333333, "params": {"beta_enc": 0.828845807980693, "cue_position": 0.0, "gamma_fc": 0.586833340656083, "gamma_cf": 0.28557628169569393, "beta_rec": 0.5747115047081023}, "datetime": {"elapsed": 1065.6883, "datetime": "2020-07-13 10:37:30", "delta": 20.356898}}
{"target": 7.525, "params": {"beta_enc": 0.7500217637026599, "cue_position": 0.0, "gamma_fc": 0.8644794300545998, "gamma_cf": 0.698057248447303, "beta_rec": 0.8583138364290424}, "datetime": {"elapsed": 1087.886705, "datetime": "2020-07-13 10:37:52", "delta": 22.198405}}
{"target": 7.391666666666667, "params": {"beta_enc": 0.32268099683674645, "cue_position": 0.0, "gamma_fc": 0.4108113499221856, "gamma_cf": 0.3821027520315172, "beta_rec": 0.6707887907875872}, "datetime": {"elapsed": 1109.777727, "datetime": "2020-07-13 10:38:14", "delta": 21.891022}}
{"target": 7.133333333333334, "params": {"beta_enc": 0.4014795834695406, "cue_position": 0.0, "gamma_fc": 0.9738020779272523, "gamma_cf": 0.43024727082126435, "beta_rec": 0.3173839459582769}, "datetime": {"elapsed": 1131.214977, "datetime": "2020-07-13 10:38:35", "delta": 21.43725}}
{"target": 6.595833333333333, "params": {"beta_enc": 0.6778008914343111, "cue_position": 0.0, "gamma_fc": 0.7976388039585666, "gamma_cf": 0.343346239774423, "beta_rec": 0.19856988842711087}, "datetime": {"elapsed": 1151.635666, "datetime": "2020-07-13 10:38:56", "delta": 20.420689}}
{"target": 6.341666666666667, "params": {"beta_enc": 0.8799982885634318, "cue_position": 0.0, "gamma_fc": 0.25236670150458973, "gamma_cf": 0.2702082620297578, "beta_rec": 0.903841955826372}, "datetime": {"elapsed": 1171.56746, "datetime": "2020-07-13 10:39:16", "delta": 19.931794}}
{"target": 6.55, "params": {"beta_enc": 0.8548979426974024, "cue_position": 0.0, "gamma_fc": 0.7331425252875111, "gamma_cf": 0.5724885171916063, "beta_rec": 0.5277146463087466}, "datetime": {"elapsed": 1191.892878, "datetime": "2020-07-13 10:39:36", "delta": 20.325418}}
{"target": 7.691666666666666, "params": {"beta_enc": 0.5190116274640558, "cue_position": 0.0, "gamma_fc": 0.3426889079532818, "gamma_cf": 0.4657098785919809, "beta_rec": 0.770883910501888}, "datetime": {"elapsed": 1214.339564, "datetime": "2020-07-13 10:39:58", "delta": 22.446686}}
{"target": 9.245833333333334, "params": {"beta_enc": 0.06820934841670412, "cue_position": 0.0, "gamma_fc": 0.18161285133076377, "gamma_cf": 0.982817113730445, "beta_rec": 0.37792417932809985}, "datetime": {"elapsed": 1239.70561, "datetime": "2020-07-13 10:40:24", "delta": 25.366046}}
{"target": 6.804166666666666, "params": {"beta_enc": 0.8118586977205398, "cue_position": 0.0, "gamma_fc": 0.16097143681560877, "gamma_cf": 0.5694944127453757, "beta_rec": 0.8749616449558981}, "datetime": {"elapsed": 1260.510481, "datetime": "2020-07-13 10:40:44", "delta": 20.804871}}
{"target": 7.0875, "params": {"beta_enc": 0.4668800227633063, "cue_position": 0.0, "gamma_fc": 0.31226983770191696, "gamma_cf": 0.5925118687657968, "beta_rec": 0.345172051155215}, "datetime": {"elapsed": 1281.888611, "datetime": "2020-07-13 10:41:06", "delta": 21.37813}}
{"target": 6.383333333333334, "params": {"beta_enc": 0.9163055534683507, "cue_position": 0.0, "gamma_fc": 0.19296273201911285, "gamma_cf": 0.1108913007440292, "beta_rec": 0.9096355249515571}, "datetime": {"elapsed": 1301.916972, "datetime": "2020-07-13 10:41:26", "delta": 20.028361}}
{"target": 7.9625, "params": {"beta_enc": 0.49958417067888605, "cue_position": 0.0, "gamma_fc": 0.851671874936367, "gamma_cf": 0.24803355837723073, "beta_rec": 0.7285856679745962}, "datetime": {"elapsed": 1324.966164, "datetime": "2020-07-13 10:41:49", "delta": 23.049192}}
{"target": 6.808333333333334, "params": {"beta_enc": 0.41584871826752734, "cue_position": 0.0, "gamma_fc": 0.5158570169685298, "gamma_cf": 0.10196725942579743, "beta_rec": 0.6166850671552362}, "datetime": {"elapsed": 1345.846493, "datetime": "2020-07-13 10:42:10", "delta": 20.880329}}
{"target": 6.070833333333334, "params": {"beta_enc": 0.47714098704978236, "cue_position": 0.0, "gamma_fc": 0.6541373469707443, "gamma_cf": 0.5440101188139381, "beta_rec": 0.15267164409316325}, "datetime": {"elapsed": 1365.275135, "datetime": "2020-07-13 10:42:29", "delta": 19.428642}}
{"target": 8.454166666666667, "params": {"beta_enc": 0.1445455401246598, "cue_position": 0.0, "gamma_fc": 0.7852960282216189, "gamma_cf": 0.519351824366033, "beta_rec": 0.7515278171352439}, "datetime": {"elapsed": 1389.170308, "datetime": "2020-07-13 10:42:53", "delta": 23.895173}}
{"target": 8.279166666666667, "params": {"beta_enc": 0.02233042799180618, "cue_position": 0.0, "gamma_fc": 0.5384405925945437, "gamma_cf": 0.8447096076020696, "beta_rec": 0.3243624597261865}, "datetime": {"elapsed": 1412.733828, "datetime": "2020-07-13 10:43:17", "delta": 23.56352}}
{"target": 6.9125, "params": {"beta_enc": 0.866608274166513, "cue_position": 0.0, "gamma_fc": 0.09874340182034835, "gamma_cf": 0.8541154438365387, "beta_rec": 0.9498059913536265}, "datetime": {"elapsed": 1433.767491, "datetime": "2020-07-13 10:43:38", "delta": 21.033663}}
{"target": 7.408333333333333, "params": {"beta_enc": 0.651304332340991, "cue_position": 0.0, "gamma_fc": 0.03457121987163425, "gamma_cf": 0.799615261736028, "beta_rec": 0.703516988152653}, "datetime": {"elapsed": 1455.723793, "datetime": "2020-07-13 10:44:00", "delta": 21.956302}}
{"target": 6.833333333333333, "params": {"beta_enc": 0.7702387345549799, "cue_position": 0.0, "gamma_fc": 0.6323033174301278, "gamma_cf": 0.2570692988221467, "beta_rec": 0.731728600739527}, "datetime": {"elapsed": 1476.608287, "datetime": "2020-07-13 10:44:21", "delta": 20.884494}}
{"target": 7.629166666666666, "params": {"beta_enc": 0.34529746159108154, "cue_position": 0.0, "gamma_fc": 0.9904717836238407, "gamma_cf": 0.7827494147841719, "beta_rec": 0.7965886780072875}, "datetime": {"elapsed": 1498.988203, "datetime": "2020-07-13 10:44:43", "delta": 22.379916}}
{"target": 6.466666666666667, "params": {"beta_enc": 0.30024833953390007, "cue_position": 0.0, "gamma_fc": 0.9747403708550822, "gamma_cf": 0.5415593788873733, "beta_rec": 0.14300582825809938}, "datetime": {"elapsed": 1519.196852, "datetime": "2020-07-13 10:45:03", "delta": 20.208649}}
{"target": 7.529166666666667, "params": {"beta_enc": 0.6366044000018972, "cue_position": 0.0, "gamma_fc": 0.1354279030721699, "gamma_cf": 0.5264259339055213, "beta_rec": 0.9939130246104789}, "datetime": {"elapsed": 1541.381858, "datetime": "2020-07-13 10:45:25", "delta": 22.185006}}
{"target": 4.5125, "params": {"beta_enc": 0.3557051709838811, "cue_position": 0.0, "gamma_fc": 0.03039968992878883, "gamma_cf": 0.7456371927074961, "beta_rec": 0.026218567296373285}, "datetime": {"elapsed": 1557.93403, "datetime": "2020-07-13 10:45:42", "delta": 16.552172}}
{"target": 8.820833333333333, "params": {"beta_enc": 0.36654309724374434, "cue_position": 0.0, "gamma_fc": 0.18863680095531088, "gamma_cf": 0.6909421420661686, "beta_rec": 0.8623462528380441}, "datetime": {"elapsed": 1582.486176, "datetime": "2020-07-13 10:46:06", "delta": 24.552146}}
{"target": 6.545833333333333, "params": {"beta_enc": 0.44190428074842336, "cue_position": 0.0, "gamma_fc": 0.24773290176235485, "gamma_cf": 0.20390622523312185, "beta_rec": 0.5815774073442912}, "datetime": {"elapsed": 1602.817244, "datetime": "2020-07-13 10:46:27", "delta": 20.331068}}
{"target": 7.066666666666666, "params": {"beta_enc": 0.26217308377291193, "cue_position": 0.0, "gamma_fc": 0.5085162406102396, "gamma_cf": 0.05692943841109499, "beta_rec": 0.7501724132979928}, "datetime": {"elapsed": 1624.143596, "datetime": "2020-07-13 10:46:48", "delta": 21.326352}}
