{"target": -22266.73302445262, "params": {"epsilon_d": 0.0011437481734488664, "gamma_cf": 0.30233257263183977, "beta_rec": 0.7203244934421581, "lr": 0.1862602113776709, "phi_s": 1.2506256752689429, "beta_enc": 0.417022004702574, "s_cf": 0.538816734003357, "k_intra": 0.923385947687978, "phi_d": 1.1021261084248386, "gamma_fc": 0.14675589081711304}, "datetime": {"delta": 0.0, "datetime": "2020-09-13 13:06:28", "elapsed": 0.0}}
{"target": -9766.948344355798, "params": {"epsilon_d": 2.0445224973151745, "gamma_cf": 0.8781174363909454, "beta_rec": 0.6852195003967595, "lr": 0.41730480236712697, "phi_s": 0.5071221219261779, "beta_enc": 0.4191945144032948, "s_cf": 0.1981014890848788, "k_intra": 6.704675101784022, "phi_d": 1.7202005024926799, "gamma_fc": 0.027387593197926163}, "datetime": {"delta": 9.954804, "datetime": "2020-09-13 13:06:38", "elapsed": 9.954804}}
{"target": -11847.682528920963, "params": {"epsilon_d": 3.1342417815924284, "gamma_cf": 0.6923226156693141, "beta_rec": 0.9682615757193975, "lr": 0.08504421136977791, "phi_s": 0.5925082167372498, "beta_enc": 0.8007445686755367, "s_cf": 0.8781425034294131, "k_intra": 8.946066635038473, "phi_d": 0.21325887137535887, "gamma_fc": 0.8763891522960383}, "datetime": {"delta": 9.928611, "datetime": "2020-09-13 13:06:48", "elapsed": 19.883415}}
{"target": -10082.502397326194, "params": {"epsilon_d": 9.57889530150502, "gamma_cf": 0.5331652849730171, "beta_rec": 0.42110762500505217, "lr": 0.6865009276815837, "phi_s": 0.15303600429815623, "beta_enc": 0.0983468338330501, "s_cf": 0.7501443149449675, "k_intra": 3.1551563100606295, "phi_d": 2.5204144485023816, "gamma_fc": 0.6918771139504734}, "datetime": {"delta": 9.933986, "datetime": "2020-09-13 13:06:58", "elapsed": 29.817401}}
{"target": -9472.622146447171, "params": {"epsilon_d": 2.804439920644052, "gamma_cf": 0.7892793284514885, "beta_rec": 0.7481656543798394, "lr": 0.9085955030930956, "phi_s": 0.9345484819004113, "beta_enc": 0.9888610889064947, "s_cf": 0.13002857211827767, "k_intra": 4.478935261759052, "phi_d": 0.9514810302836705, "gamma_fc": 0.10322600657764203}, "datetime": {"delta": 9.938564, "datetime": "2020-09-13 13:07:08", "elapsed": 39.755965}}
{"target": -9103.205886744792, "params": {"epsilon_d": 2.1162811600005904, "gamma_cf": 0.2655466593722262, "beta_rec": 0.678835532939891, "lr": 0.5741176054920131, "phi_s": 1.8089860570195244, "beta_enc": 0.019366957870297075, "s_cf": 0.6997583600209312, "k_intra": 0.5336254511708038, "phi_d": 0.5255128672268494, "gamma_fc": 0.4915731592803383}, "datetime": {"delta": 9.939685, "datetime": "2020-09-13 13:07:18", "elapsed": 49.69565}}
{"target": -10250.342122243575, "params": {"epsilon_d": 6.944001577277451, "gamma_cf": 0.41417926952690265, "beta_rec": 0.4140559878195683, "lr": 0.6637946452197888, "phi_s": 2.8393247923733584, "beta_enc": 0.10233442882782584, "s_cf": 0.5865550405019929, "k_intra": 5.358964059155116, "phi_d": 1.5931784249690948, "gamma_fc": 0.04995345894608716}, "datetime": {"delta": 9.922803, "datetime": "2020-09-13 13:07:28", "elapsed": 59.618453}}
{"target": -9445.895845207873, "params": {"epsilon_d": 1.3927634725075855, "gamma_cf": 0.8073912887095238, "beta_rec": 0.13747470414623753, "lr": 0.9275085803960339, "phi_s": 2.277355099094851, "beta_enc": 0.9034019152878835, "s_cf": 0.7259979853504515, "k_intra": 1.6535419711693278, "phi_d": 1.108520993261969, "gamma_fc": 0.3976768369855336}, "datetime": {"delta": 9.932347, "datetime": "2020-09-13 13:07:38", "elapsed": 69.5508}}
{"target": -10044.57524456405, "params": {"epsilon_d": 7.509424340273371, "gamma_cf": 0.34889834197784253, "beta_rec": 0.6236722070556089, "lr": 0.4280911898712949, "phi_s": 2.0239803436734993, "beta_enc": 0.8833060912058098, "s_cf": 0.6216957202091218, "k_intra": 8.958862181960669, "phi_d": 2.898036136730318, "gamma_fc": 0.2699278917650261}, "datetime": {"delta": 9.965893, "datetime": "2020-09-13 13:07:48", "elapsed": 79.516693}}
{"target": -9267.25517606955, "params": {"epsilon_d": 4.499121334799405, "gamma_cf": 0.5783896143871318, "beta_rec": 0.9494892587070712, "lr": 0.9033795205622538, "phi_s": 0.10832394839036102, "beta_enc": 0.11474597295337519, "s_cf": 0.6171449136207239, "k_intra": 2.3702698024302773, "phi_d": 1.763670511349629, "gamma_fc": 0.40813680276128117}, "datetime": {"delta": 9.941194, "datetime": "2020-09-13 13:07:58", "elapsed": 89.457887}}
{"target": -10637.51713051373, "params": {"epsilon_d": 8.859420993107745, "gamma_cf": 0.35726976000249977, "beta_rec": 0.5270581022576093, "lr": 0.015821242846556283, "phi_s": 2.1036010607990794, "beta_enc": 0.32664490177209615, "s_cf": 0.9973228504514805, "k_intra": 6.233601157918027, "phi_d": 2.7953679778569076, "gamma_fc": 0.9085351509197992}, "datetime": {"delta": 9.943399, "datetime": "2020-09-13 13:08:08", "elapsed": 99.401286}}
{"target": -13865.995198621658, "params": {"epsilon_d": 9.325954630371635, "gamma_cf": 0.6968181614899002, "beta_rec": 0.13713574962887776, "lr": 0.7538761884612464, "phi_s": 2.1634218000225682, "beta_enc": 0.17234050834532855, "s_cf": 0.1242709619721647, "k_intra": 7.554630526024663, "phi_d": 2.776771153084802, "gamma_fc": 0.06600017272206249}, "datetime": {"delta": 9.950701, "datetime": "2020-09-13 13:08:17", "elapsed": 109.351987}}
{"target": -10405.240717035858, "params": {"epsilon_d": 0.28306488020794607, "gamma_cf": 0.2462110676030459, "beta_rec": 0.026210986877719278, "lr": 0.5528219786857659, "phi_s": 0.4601026138477423, "beta_enc": 0.01988013383979559, "s_cf": 0.2791836790111395, "k_intra": 5.388310643416529, "phi_d": 2.5418895878428565, "gamma_fc": 0.860027948682888}, "datetime": {"delta": 9.924747, "datetime": "2020-09-13 13:08:27", "elapsed": 119.276734}}
{"target": -9705.656790832425, "params": {"epsilon_d": 5.6103021925571, "gamma_cf": 0.01864728937294302, "beta_rec": 0.9695957483196745, "lr": 0.8071051956187791, "phi_s": 2.604271378222343, "beta_enc": 0.5857592714582879, "s_cf": 0.7471216427371846, "k_intra": 2.3297427384102045, "phi_d": 1.2247958677860982, "gamma_fc": 0.8006326726806163}, "datetime": {"delta": 9.959396, "datetime": "2020-09-13 13:08:37", "elapsed": 129.23613}}
{"target": -10069.761429264065, "params": {"epsilon_d": 0.5991768951221166, "gamma_cf": 0.12134345574073735, "beta_rec": 0.13645522566068502, "lr": 0.2257093386078547, "phi_s": 1.7231792479570132, "beta_enc": 0.5562402339904189, "s_cf": 0.012555980159115854, "k_intra": 1.074941291060929, "phi_d": 2.1676680431097624, "gamma_fc": 0.044551878544761725}, "datetime": {"delta": 9.987878, "datetime": "2020-09-13 13:08:47", "elapsed": 139.224008}}
{"target": -9186.74198724048, "params": {"epsilon_d": 5.681004619199421, "gamma_cf": 0.20329323466099047, "beta_rec": 0.967276330000272, "lr": 0.1954294811093188, "phi_s": 2.9130579683561058, "beta_enc": 0.07197427968948678, "s_cf": 0.8468288014900353, "k_intra": 7.43825854075093, "phi_d": 1.7859408890924475, "gamma_fc": 0.2523257445703234}, "datetime": {"delta": 9.930799, "datetime": "2020-09-13 13:08:57", "elapsed": 149.154807}}
{"target": -9614.900524838347, "params": {"epsilon_d": 6.1995571838137975, "gamma_cf": 0.8289808995501787, "beta_rec": 0.49376971426872995, "lr": 0.07002214371922233, "phi_s": 1.8583554387946581, "beta_enc": 0.23984775914758616, "s_cf": 0.5688514370864813, "k_intra": 0.18576202177409518, "phi_d": 1.5104008217173923, "gamma_fc": 0.15679139464608427}, "datetime": {"delta": 9.954975, "datetime": "2020-09-13 13:09:07", "elapsed": 159.109782}}
{"target": -9363.353279063933, "params": {"epsilon_d": 5.797452192457969, "gamma_cf": 0.3801411726235504, "beta_rec": 0.9886161544124489, "lr": 0.6692328934531846, "phi_s": 0.29237101984248054, "beta_enc": 0.31736240932216075, "s_cf": 0.3700841979141063, "k_intra": 7.453344309065021, "phi_d": 0.8682667172221472, "gamma_fc": 0.5509482191178968}, "datetime": {"delta": 9.999297, "datetime": "2020-09-13 13:09:17", "elapsed": 169.109079}}
{"target": -11619.010567752628, "params": {"epsilon_d": 7.527555537388139, "gamma_cf": 0.06653648135411494, "beta_rec": 0.2101740099148396, "lr": 0.19343428262332774, "phi_s": 1.6215438964588278, "beta_enc": 0.6297175070215645, "s_cf": 0.9248079703993507, "k_intra": 8.047545637433455, "phi_d": 1.9544365545518263, "gamma_fc": 0.26031509857854096}, "datetime": {"delta": 9.950331, "datetime": "2020-09-13 13:09:27", "elapsed": 179.05941}}
{"target": -12751.684254210782, "params": {"epsilon_d": 7.350659632886694, "gamma_cf": 0.7721780295432468, "beta_rec": 0.06596109068402378, "lr": 0.013951572975597015, "phi_s": 1.8886572353048072, "beta_enc": 0.263296770487111, "s_cf": 0.9490163206876164, "k_intra": 9.319720691968373, "phi_d": 0.7796500497521195, "gamma_fc": 0.907815852503524}, "datetime": {"delta": 9.943301, "datetime": "2020-09-13 13:09:37", "elapsed": 189.002711}}
{"target": -9387.068448298545, "params": {"epsilon_d": 9.156063497662746, "gamma_cf": 0.6415662089463375, "beta_rec": 0.5566531881951564, "lr": 0.6043104829199732, "phi_s": 2.7859261374487154, "beta_enc": 0.9501761192470797, "s_cf": 0.9187334356336061, "k_intra": 4.859906670969098, "phi_d": 1.6936889723748314, "gamma_fc": 0.39000771414124624}, "datetime": {"delta": 9.96154, "datetime": "2020-09-13 13:09:47", "elapsed": 198.964251}}
{"target": -9897.89112249952, "params": {"epsilon_d": 1.7395566668046436, "gamma_cf": 0.12632951943963733, "beta_rec": 0.9632625284407118, "lr": 0.021524805274197978, "phi_s": 2.498634866395124, "beta_enc": 0.3948756129235549, "s_cf": 0.015018980742122379, "k_intra": 5.056621656768967, "phi_d": 2.849113612531275, "gamma_fc": 0.13507915804673132}, "datetime": {"delta": 9.94873, "datetime": "2020-09-13 13:09:57", "elapsed": 208.912981}}
{"target": -17155.428775349046, "params": {"epsilon_d": 1.309968448109169, "gamma_cf": 0.8094906921265821, "beta_rec": 0.332063574366837, "lr": 0.58201417994708, "phi_s": 2.5497298916374436, "beta_enc": 0.17619625557505525, "s_cf": 0.9053923187086492, "k_intra": 9.401074823333671, "phi_d": 2.648612754794348, "gamma_fc": 0.34473665268329345}, "datetime": {"delta": 9.964475, "datetime": "2020-09-13 13:10:07", "elapsed": 218.877456}}
{"target": -9872.98505287228, "params": {"epsilon_d": 7.986035911520394, "gamma_cf": 0.28571885173414757, "beta_rec": 0.5463468160203733, "lr": 0.015533275550835723, "phi_s": 1.357661412069429, "beta_enc": 0.45988026581680697, "s_cf": 0.8073605288848414, "k_intra": 5.991103076458783, "phi_d": 1.821096083770248, "gamma_fc": 0.4902535226199277}, "datetime": {"delta": 9.977153, "datetime": "2020-09-13 13:10:17", "elapsed": 228.854609}}
{"target": -9891.835659872952, "params": {"epsilon_d": 5.778572152845355, "gamma_cf": 0.18401020162746506, "beta_rec": 0.8928887085251513, "lr": 0.053909272073752956, "phi_s": 2.069299626039746, "beta_enc": 0.31524480309537295, "s_cf": 0.9186017779775258, "k_intra": 6.120311770449339, "phi_d": 1.3185616720032836, "gamma_fc": 0.7879292338255043}, "datetime": {"delta": 9.935197, "datetime": "2020-09-13 13:10:27", "elapsed": 238.789806}}
{"target": -12008.196274397562, "params": {"epsilon_d": 3.7658031474577447, "gamma_cf": 0.9737835383583225, "beta_rec": 0.9767591490310596, "lr": 0.5747115047081023, "phi_s": 0.9281712169175124, "beta_enc": 0.00040202489135743313, "s_cf": 0.586833340656083, "k_intra": 8.28845807980693, "phi_d": 1.9214209750913163, "gamma_fc": 0.604716100974053}, "datetime": {"delta": 9.950845, "datetime": "2020-09-13 13:10:37", "elapsed": 248.740651}}
{"target": -9546.896302166813, "params": {"epsilon_d": 7.550821884676802, "gamma_cf": 0.698057248447303, "beta_rec": 0.8583138364290424, "lr": 0.6707887907875872, "phi_s": 1.2080979808914, "beta_enc": 0.7500217637026599, "s_cf": 0.4108113499221856, "k_intra": 3.2268099683674647, "phi_d": 1.4075344155987126, "gamma_fc": 0.8644794300545998}, "datetime": {"delta": 9.889202, "datetime": "2020-09-13 13:10:47", "elapsed": 258.629853}}
{"target": -10024.096424007417, "params": {"epsilon_d": 6.2191936792030145, "gamma_cf": 0.43024727082126435, "beta_rec": 0.3173839459582769, "lr": 0.19856988842711087, "phi_s": 1.0957040953458268, "beta_enc": 0.4014795834695406, "s_cf": 0.7976388039585666, "k_intra": 6.778008914343111, "phi_d": 1.337432927109295, "gamma_fc": 0.9738020779272523}, "datetime": {"delta": 9.887379, "datetime": "2020-09-13 13:10:57", "elapsed": 268.517232}}
{"target": -9521.069888887778, "params": {"epsilon_d": 6.627198123752622, "gamma_cf": 0.2702082620297578, "beta_rec": 0.903841955826372, "lr": 0.5277146463087466, "phi_s": 1.7602166998556583, "beta_enc": 0.8799982885634318, "s_cf": 0.7331425252875111, "k_intra": 8.548979426974023, "phi_d": 2.4262671436133343, "gamma_fc": 0.25236670150458973}, "datetime": {"delta": 9.893561, "datetime": "2020-09-13 13:11:07", "elapsed": 278.410793}}
{"target": -9279.721562250445, "params": {"epsilon_d": 5.688579907047155, "gamma_cf": 0.4657098785919809, "beta_rec": 0.770883910501888, "lr": 0.37792417932809985, "phi_s": 2.9501696298182907, "beta_enc": 0.5190116274640558, "s_cf": 0.18161285133076377, "k_intra": 0.6820934841670412, "phi_d": 0.33091562532493185, "gamma_fc": 0.3426889079532818}, "datetime": {"delta": 9.881334, "datetime": "2020-09-13 13:11:16", "elapsed": 288.292127}}
{"target": -9298.260831527316, "params": {"epsilon_d": 6.884132523859433, "gamma_cf": 0.5694944127453757, "beta_rec": 0.8749616449558981, "lr": 0.345172051155215, "phi_s": 1.8182844194208105, "beta_enc": 0.8118586977205398, "s_cf": 0.31226983770191696, "k_intra": 4.668800227633064, "phi_d": 0.7526158776608453, "gamma_fc": 0.16097143681560877}, "datetime": {"delta": 9.865312, "datetime": "2020-09-13 13:11:26", "elapsed": 298.157439}}
{"target": -9081.525812368556, "params": {"epsilon_d": 2.5711829378219617, "gamma_cf": 0.1108913007440292, "beta_rec": 0.9096355249515571, "lr": 0.7285856679745962, "phi_s": 0.8192973192939691, "beta_enc": 0.9163055534683507, "s_cf": 0.851671874936367, "k_intra": 4.995841706788861, "phi_d": 0.7037638713854952, "gamma_fc": 0.19296273201911285}, "datetime": {"delta": 9.87583, "datetime": "2020-09-13 13:11:36", "elapsed": 308.033269}}
{"target": -9243.459378897616, "params": {"epsilon_d": 2.3366613923925006, "gamma_cf": 0.10196725942579743, "beta_rec": 0.6166850671552362, "lr": 0.15267164409316325, "phi_s": 1.6776293445604207, "beta_enc": 0.41584871826752734, "s_cf": 0.6541373469707443, "k_intra": 4.771409870497823, "phi_d": 1.903238072047205, "gamma_fc": 0.5158570169685298}, "datetime": {"delta": 9.889625, "datetime": "2020-09-13 13:11:46", "elapsed": 317.922894}}
{"target": -9123.643176049129, "params": {"epsilon_d": 2.220491397999227, "gamma_cf": 0.519351824366033, "beta_rec": 0.7515278171352439, "lr": 0.3243624597261865, "phi_s": 2.549657862046002, "beta_enc": 0.1445455401246598, "s_cf": 0.5384405925945437, "k_intra": 0.2233042799180618, "phi_d": 2.631474891560322, "gamma_fc": 0.7852960282216189}, "datetime": {"delta": 9.876929, "datetime": "2020-09-13 13:11:56", "elapsed": 327.799823}}
{"target": -11664.622454046485, "params": {"epsilon_d": 8.264069976293413, "gamma_cf": 0.8541154438365387, "beta_rec": 0.9498059913536265, "lr": 0.703516988152653, "phi_s": 2.4188842590344812, "beta_enc": 0.866608274166513, "s_cf": 0.03457121987163425, "k_intra": 6.51304332340991, "phi_d": 1.869698356675226, "gamma_fc": 0.09874340182034835}, "datetime": {"delta": 9.904299, "datetime": "2020-09-13 13:12:06", "elapsed": 337.704122}}
{"target": -9130.313754936999, "params": {"epsilon_d": 2.596983932983531, "gamma_cf": 0.2570692988221467, "beta_rec": 0.731728600739527, "lr": 0.7965886780072875, "phi_s": 2.3699733028740986, "beta_enc": 0.7702387345549799, "s_cf": 0.9904717836238407, "k_intra": 3.4529746159108154, "phi_d": 1.3938240728100262, "gamma_fc": 0.6323033174301278}, "datetime": {"delta": 9.879641, "datetime": "2020-09-13 13:12:16", "elapsed": 347.583763}}
{"target": -10375.517596150145, "params": {"epsilon_d": 9.013084363492737, "gamma_cf": 0.5415593788873733, "beta_rec": 0.14300582825809938, "lr": 0.9939130246104789, "phi_s": 1.6266352083260118, "beta_enc": 0.30024833953390007, "s_cf": 0.1354279030721699, "k_intra": 6.366044000018972, "phi_d": 1.6836053320145596, "gamma_fc": 0.9747403708550822}, "datetime": {"delta": 9.879193, "datetime": "2020-09-13 13:12:26", "elapsed": 357.462956}}
{"target": -9443.911503493919, "params": {"epsilon_d": 1.603951795196491, "gamma_cf": 0.7456371927074961, "beta_rec": 0.026218567296373285, "lr": 0.8623462528380441, "phi_s": 2.103732211991889, "beta_enc": 0.3557051709838811, "s_cf": 0.18863680095531088, "k_intra": 3.665430972437443, "phi_d": 2.1087653807713274, "gamma_fc": 0.03039968992878883}, "datetime": {"delta": 9.827892, "datetime": "2020-09-13 13:12:35", "elapsed": 367.290848}}
{"target": -9700.341812056022, "params": {"epsilon_d": 9.897517076637053, "gamma_cf": 0.20390622523312185, "beta_rec": 0.5815774073442912, "lr": 0.7501724132979928, "phi_s": 0.2650953713921755, "beta_enc": 0.44190428074842336, "s_cf": 0.5085162406102396, "k_intra": 2.6217308377291193, "phi_d": 1.4252284495635092, "gamma_fc": 0.24773290176235485}, "datetime": {"delta": 9.811803, "datetime": "2020-09-13 13:12:45", "elapsed": 377.102651}}
{"target": -9324.85369535012, "params": {"epsilon_d": 2.9733138150727223, "gamma_cf": 0.02760601195450363, "beta_rec": 0.7986042447602102, "lr": 0.3810161240622142, "phi_s": 1.5823102870616719, "beta_enc": 0.21196016464367595, "s_cf": 0.5409518049621886, "k_intra": 8.438404289311888, "phi_d": 2.274589101105816, "gamma_fc": 0.593432449464621}, "datetime": {"delta": 9.832912, "datetime": "2020-09-13 13:12:55", "elapsed": 386.935563}}
{"target": -13305.606718869618, "params": {"epsilon_d": 0.3232306662357398, "gamma_cf": 0.7093872512312951, "beta_rec": 0.8039608914986468, "lr": 0.2214327343234883, "phi_s": 0.3362744981440598, "beta_enc": 0.9594343210617524, "s_cf": 0.42861882866378653, "k_intra": 9.475489413950998, "phi_d": 0.8745088570846608, "gamma_fc": 0.46500148156350607}, "datetime": {"delta": 9.79816, "datetime": "2020-09-13 13:13:05", "elapsed": 396.733723}}
{"target": -11559.631339304191, "params": {"epsilon_d": 8.029632373737378, "gamma_cf": 0.6968004961201785, "beta_rec": 0.6337867606119179, "lr": 0.8458514830276777, "phi_s": 2.4896286241957246, "beta_enc": 0.10901876401906829, "s_cf": 0.6264961586242938, "k_intra": 3.424541198435198, "phi_d": 1.3434294474983834, "gamma_fc": 0.7662113810757705}, "datetime": {"delta": 9.835253, "datetime": "2020-09-13 13:13:15", "elapsed": 406.568976}}
{"target": -11270.763163841792, "params": {"epsilon_d": 0.1833264291300729, "gamma_cf": 0.06672499763935646, "beta_rec": 0.07838689985494796, "lr": 0.027783348848669953, "phi_s": 1.2450663933358543, "beta_enc": 0.1434230486702449, "s_cf": 0.7469384956075251, "k_intra": 1.1334192276759048, "phi_d": 2.2890982960323556, "gamma_fc": 0.4585838137084318}, "datetime": {"delta": 9.843778, "datetime": "2020-09-13 13:13:25", "elapsed": 416.412754}}
{"target": -9473.491483637194, "params": {"epsilon_d": 4.7807250671783095, "gamma_cf": 0.47400392656219403, "beta_rec": 0.4500867470007611, "lr": 0.904686160343623, "phi_s": 2.344235593889214, "beta_enc": 0.45240482674645155, "s_cf": 0.12564138113773882, "k_intra": 4.023925198577358, "phi_d": 0.207477039066704, "gamma_fc": 0.8031633421141696}, "datetime": {"delta": 9.838885, "datetime": "2020-09-13 13:13:34", "elapsed": 426.251639}}
{"target": -12983.115014988769, "params": {"epsilon_d": 5.38627282576347, "gamma_cf": 0.0030179566195963625, "beta_rec": 0.010364261335231939, "lr": 0.7959669419422694, "phi_s": 0.5221188703593515, "beta_enc": 0.6185135669120855, "s_cf": 0.15773006987053328, "k_intra": 9.054020337027781, "phi_d": 2.7542955277528836, "gamma_fc": 0.9511937854902045}, "datetime": {"delta": 9.85661, "datetime": "2020-09-13 13:13:44", "elapsed": 436.108249}}
{"target": -10799.416586389973, "params": {"epsilon_d": 9.058094960083018, "gamma_cf": 0.9899551783590737, "beta_rec": 0.6224959022999211, "lr": 0.9092932045442544, "phi_s": 0.8245669726526066, "beta_enc": 0.187631672902434, "s_cf": 0.17343017078712286, "k_intra": 7.318004091422953, "phi_d": 1.2625338238762507, "gamma_fc": 0.7111224587658159}, "datetime": {"delta": 9.852396, "datetime": "2020-09-13 13:13:54", "elapsed": 445.960645}}
{"target": -9133.416548090298, "params": {"epsilon_d": 1.4679237341724316, "gamma_cf": 0.2642974827269007, "beta_rec": 0.8126105880328287, "lr": 0.9824174492929428, "phi_s": 1.6475947004165132, "beta_enc": 0.119457050333729, "s_cf": 0.31446701118584963, "k_intra": 3.1058725179420996, "phi_d": 0.873252236239742, "gamma_fc": 0.8190891786335308}, "datetime": {"delta": 9.825383, "datetime": "2020-09-13 13:14:04", "elapsed": 455.786028}}
{"target": -9192.065479532064, "params": {"epsilon_d": 4.3359232727316455, "gamma_cf": 0.5122926922783614, "beta_rec": 0.36655664385123443, "lr": 0.7168786636316892, "phi_s": 0.17913294820065956, "beta_enc": 0.9107728311738374, "s_cf": 0.5220512472525107, "k_intra": 0.30949006271150714, "phi_d": 2.6839549674477827, "gamma_fc": 0.9388864773697133}, "datetime": {"delta": 9.809138, "datetime": "2020-09-13 13:14:14", "elapsed": 465.595166}}
{"target": -9569.915105644957, "params": {"epsilon_d": 5.585165509225178, "gamma_cf": 0.6902278681627478, "beta_rec": 0.8594893208655858, "lr": 0.2900968516874258, "phi_s": 1.7725922114625632, "beta_enc": 0.3259898117700253, "s_cf": 0.3114442141324628, "k_intra": 6.283090375213572, "phi_d": 0.12711087610289576, "gamma_fc": 0.45285349995153745}, "datetime": {"delta": 9.816281, "datetime": "2020-09-13 13:14:24", "elapsed": 475.411447}}
{"target": -9381.760826507323, "params": {"epsilon_d": 4.26474788501396, "gamma_cf": 0.2473960366023854, "beta_rec": 0.9164058530538978, "lr": 0.9368683813090937, "phi_s": 2.7685988914864152, "beta_enc": 0.5172675985011298, "s_cf": 0.22790028995131695, "k_intra": 9.318611166365406, "phi_d": 2.5485568508405683, "gamma_fc": 0.37129376127905445}, "datetime": {"delta": 9.834761, "datetime": "2020-09-13 13:14:33", "elapsed": 485.246208}}
