{"target": -8489.057321511387, "params": {"epsilon_d": 2.2300290462450367, "phi_d": 0.4637536249209981, "beta_rec": 0.9385253465170306, "gamma_cf": 0.5990150277190353, "k_intra": 5.784931694150216, "gamma_fc": 0.173424063567267, "s_cf": 1.0954590468346854, "beta_enc": 0.31593079935702895, "phi_s": 2.5328459576551414}, "datetime": {"delta": 51.730796, "elapsed": 20501.99889, "datetime": "2020-04-27 16:13:49"}}
{"target": -8487.662186355925, "params": {"epsilon_d": 2.286269400880297, "phi_d": 0.47857078730154895, "beta_rec": 0.931580157991947, "gamma_cf": 0.5635060546395401, "k_intra": 5.827182655229181, "gamma_fc": 0.17411087751231435, "s_cf": 0.9956514380384854, "beta_enc": 0.31854708437158935, "phi_s": 2.5357156302547916}, "datetime": {"delta": 51.86282, "elapsed": 20553.86171, "datetime": "2020-04-27 16:14:41"}}
{"target": -8485.513176456256, "params": {"epsilon_d": 2.1949552086894912, "phi_d": 0.4892365458420827, "beta_rec": 0.9398707566256489, "gamma_cf": 0.6030436720897756, "k_intra": 5.862360708945648, "gamma_fc": 0.16450678258616108, "s_cf": 1.047173741096565, "beta_enc": 0.3375416356591034, "phi_s": 2.6126710805157125}, "datetime": {"delta": 50.183369, "elapsed": 20604.045079, "datetime": "2020-04-27 16:15:31"}}
{"target": -8491.296173659151, "params": {"epsilon_d": 2.274276200488586, "phi_d": 0.4327983370265177, "beta_rec": 0.9293625904399102, "gamma_cf": 0.5728148242295863, "k_intra": 5.717133309461665, "gamma_fc": 0.16766333136661593, "s_cf": 1.0122907843769202, "beta_enc": 0.31425034960137005, "phi_s": 2.5017964024547603}, "datetime": {"delta": 50.365605, "elapsed": 20654.410684, "datetime": "2020-04-27 16:16:21"}}
{"target": -8484.383039695076, "params": {"epsilon_d": 2.251742983420001, "phi_d": 0.4773037205662883, "beta_rec": 0.9402196370021971, "gamma_cf": 0.5880529014187952, "k_intra": 5.834888295069861, "gamma_fc": 0.17415867445937847, "s_cf": 1.030117598370067, "beta_enc": 0.32792203127497044, "phi_s": 2.583406345059605}, "datetime": {"delta": 52.985802, "elapsed": 20707.396486, "datetime": "2020-04-27 16:17:14"}}
{"target": -8495.2868115661, "params": {"epsilon_d": 2.2347987950661916, "phi_d": 0.5250412608118102, "beta_rec": 0.967528423365118, "gamma_cf": 0.6050658380986373, "k_intra": 5.81435821083046, "gamma_fc": 0.17296573647508448, "s_cf": 1.0966086009799767, "beta_enc": 0.3454564086347581, "phi_s": 2.509563834393044}, "datetime": {"delta": 52.774281, "elapsed": 20760.170767, "datetime": "2020-04-27 16:18:07"}}
{"target": -8493.388767755361, "params": {"epsilon_d": 2.3627499885907044, "phi_d": 0.4600882824358731, "beta_rec": 0.9216301845496253, "gamma_cf": 0.5982297234804846, "k_intra": 5.724419962334891, "gamma_fc": 0.1829344658873891, "s_cf": 0.9823326276126594, "beta_enc": 0.3165133785452023, "phi_s": 2.407593745756997}, "datetime": {"delta": 49.47936, "elapsed": 20809.650127, "datetime": "2020-04-27 16:18:57"}}
{"target": -8490.282482280712, "params": {"epsilon_d": 2.2426896088091155, "phi_d": 0.4447151817002418, "beta_rec": 0.920479105357523, "gamma_cf": 0.5671287242928408, "k_intra": 5.779645527781402, "gamma_fc": 0.18870201812928603, "s_cf": 0.9724969037845588, "beta_enc": 0.3269091707731547, "phi_s": 2.560786284020317}, "datetime": {"delta": 51.823105, "elapsed": 20861.473232, "datetime": "2020-04-27 16:19:48"}}
{"target": -8487.47896675987, "params": {"epsilon_d": 2.3417304156663103, "phi_d": 0.515603385642223, "beta_rec": 0.9285309221271308, "gamma_cf": 0.5839895710921026, "k_intra": 5.813691761660861, "gamma_fc": 0.1705596661950915, "s_cf": 1.0096657916871015, "beta_enc": 0.3332059827199879, "phi_s": 2.520512972055631}, "datetime": {"delta": 51.018034, "elapsed": 20912.491266, "datetime": "2020-04-27 16:20:39"}}
{"target": -8486.940538167728, "params": {"epsilon_d": 2.2748434945741143, "phi_d": 0.4728688776174332, "beta_rec": 0.9371197366712273, "gamma_cf": 0.5759715929983664, "k_intra": 5.78048430772822, "gamma_fc": 0.17375859709772082, "s_cf": 0.9443820621991966, "beta_enc": 0.3299466634423787, "phi_s": 2.517340431334357}, "datetime": {"delta": 50.878255, "elapsed": 20963.369521, "datetime": "2020-04-27 16:21:30"}}
{"target": -8486.011649518006, "params": {"epsilon_d": 2.173454336107105, "phi_d": 0.4679474317047482, "beta_rec": 0.9370273573557364, "gamma_cf": 0.5987911868440537, "k_intra": 5.830313449676801, "gamma_fc": 0.1659777267791025, "s_cf": 1.078390765144901, "beta_enc": 0.33498354388621593, "phi_s": 2.590889318615973}, "datetime": {"delta": 52.641466, "elapsed": 21016.010987, "datetime": "2020-04-27 16:22:23"}}
{"target": -8487.836351168107, "params": {"epsilon_d": 2.2098069259683926, "phi_d": 0.44010172926357144, "beta_rec": 0.9376566268653095, "gamma_cf": 0.5620657995193845, "k_intra": 5.797136525912567, "gamma_fc": 0.16431755554887725, "s_cf": 1.0116921475083949, "beta_enc": 0.3283345916636124, "phi_s": 2.561929664908291}, "datetime": {"delta": 49.767999, "elapsed": 21065.778986, "datetime": "2020-04-27 16:23:13"}}
{"target": -8485.38217842938, "params": {"epsilon_d": 2.1994063927023944, "phi_d": 0.4734414054070136, "beta_rec": 0.9381915601297232, "gamma_cf": 0.5977181626592298, "k_intra": 5.885128534118267, "gamma_fc": 0.1609586340495395, "s_cf": 1.0162270465629442, "beta_enc": 0.32629342336702033, "phi_s": 2.6186649551480596}, "datetime": {"delta": 51.695331, "elapsed": 21117.474317, "datetime": "2020-04-27 16:24:04"}}
{"target": -8490.697245177975, "params": {"epsilon_d": 2.3220448947763326, "phi_d": 0.4601057297933944, "beta_rec": 0.9186169666248837, "gamma_cf": 0.5966768260257049, "k_intra": 5.772068486424734, "gamma_fc": 0.16032565526579307, "s_cf": 0.994855813595683, "beta_enc": 0.3384563815371674, "phi_s": 2.532606531220423}, "datetime": {"delta": 50.822652, "elapsed": 21168.296969, "datetime": "2020-04-27 16:24:55"}}
{"target": -8495.647844090909, "params": {"epsilon_d": 2.3328849798911087, "phi_d": 0.46268441056989157, "beta_rec": 0.9259336491462548, "gamma_cf": 0.5699545671306674, "k_intra": 5.690240389728858, "gamma_fc": 0.188323945583633, "s_cf": 0.933640035138774, "beta_enc": 0.3289768367261746, "phi_s": 2.3482392360963424}, "datetime": {"delta": 49.463393, "elapsed": 21217.760362, "datetime": "2020-04-27 16:25:45"}}
{"target": -8486.743233841551, "params": {"epsilon_d": 2.176501254185548, "phi_d": 0.4562173845325117, "beta_rec": 0.9368719914454046, "gamma_cf": 0.5760383735967118, "k_intra": 5.830730040352839, "gamma_fc": 0.1565521786077418, "s_cf": 1.045714727704005, "beta_enc": 0.33517709367009124, "phi_s": 2.634703823328807}, "datetime": {"delta": 50.752523, "elapsed": 21268.512885, "datetime": "2020-04-27 16:26:35"}}
{"target": -8489.13809319421, "params": {"epsilon_d": 2.2967985576905714, "phi_d": 0.4557140525113449, "beta_rec": 0.9486088849111677, "gamma_cf": 0.5955512977588312, "k_intra": 5.777957936957091, "gamma_fc": 0.1619537376348409, "s_cf": 1.0691676030919275, "beta_enc": 0.3303362270856816, "phi_s": 2.4859774350843935}, "datetime": {"delta": 50.139776, "elapsed": 21318.652661, "datetime": "2020-04-27 16:27:26"}}
{"target": -8488.528849911787, "params": {"epsilon_d": 2.2759205355239076, "phi_d": 0.4901665495341086, "beta_rec": 0.9485837964197306, "gamma_cf": 0.6180999736507307, "k_intra": 5.758918854848051, "gamma_fc": 0.1784827628952485, "s_cf": 1.066045511058912, "beta_enc": 0.33105697172403326, "phi_s": 2.4969108326719542}, "datetime": {"delta": 50.203423, "elapsed": 21368.856084, "datetime": "2020-04-27 16:28:16"}}
{"target": -8493.104033665439, "params": {"epsilon_d": 2.304753668413618, "phi_d": 0.44324436189713845, "beta_rec": 0.9376313120674089, "gamma_cf": 0.5791777048230272, "k_intra": 5.692316418509065, "gamma_fc": 0.1744873656623405, "s_cf": 0.9313311240919387, "beta_enc": 0.32365796024483245, "phi_s": 2.3876543897138145}, "datetime": {"delta": 52.46273, "elapsed": 21421.318814, "datetime": "2020-04-27 16:29:08"}}
{"target": -8488.370412786368, "params": {"epsilon_d": 2.238647593021886, "phi_d": 0.4541419991375371, "beta_rec": 0.9437098461382127, "gamma_cf": 0.5601900639917399, "k_intra": 5.802078427789387, "gamma_fc": 0.1788191926655203, "s_cf": 0.994517971003903, "beta_enc": 0.3165358429631994, "phi_s": 2.5701171015164803}, "datetime": {"delta": 56.402663, "elapsed": 21477.721477, "datetime": "2020-04-27 16:30:05"}}
{"target": -8487.229761826282, "params": {"epsilon_d": 2.165274278986114, "phi_d": 0.4603600866744678, "beta_rec": 0.9222359531652373, "gamma_cf": 0.5897372329173298, "k_intra": 5.789281584307154, "gamma_fc": 0.16440804045822233, "s_cf": 1.0466120900830311, "beta_enc": 0.3261252522148938, "phi_s": 2.5696912565125967}, "datetime": {"delta": 55.742364, "elapsed": 21533.463841, "datetime": "2020-04-27 16:31:00"}}
{"target": -8492.203384691975, "params": {"epsilon_d": 2.3551730519951155, "phi_d": 0.4464217727579017, "beta_rec": 0.9570853918656008, "gamma_cf": 0.5785141932523463, "k_intra": 5.701593559675187, "gamma_fc": 0.1777124480442926, "s_cf": 0.9703818212774522, "beta_enc": 0.3155772945265547, "phi_s": 2.433437629656353}, "datetime": {"delta": 51.933226, "elapsed": 21585.397067, "datetime": "2020-04-27 16:31:52"}}
{"target": -8488.15886971992, "params": {"epsilon_d": 2.233513166782022, "phi_d": 0.4667950892409656, "beta_rec": 0.9386759763544787, "gamma_cf": 0.5966321281196157, "k_intra": 5.744218822463783, "gamma_fc": 0.18055921326002225, "s_cf": 1.0466674026923208, "beta_enc": 0.31967709679707723, "phi_s": 2.489126144761341}, "datetime": {"delta": 58.257814, "elapsed": 21643.654881, "datetime": "2020-04-27 16:32:51"}}
{"target": -8487.228686120388, "params": {"epsilon_d": 2.182270311137011, "phi_d": 0.45649570265764694, "beta_rec": 0.9225341235287091, "gamma_cf": 0.5902929568792039, "k_intra": 5.799685227099518, "gamma_fc": 0.17421676457609264, "s_cf": 1.0582125982835244, "beta_enc": 0.330370039276018, "phi_s": 2.546847859767045}, "datetime": {"delta": 53.826447, "elapsed": 21697.481328, "datetime": "2020-04-27 16:33:44"}}
{"target": -8488.26355301583, "params": {"epsilon_d": 2.2171908302879735, "phi_d": 0.4469849756329977, "beta_rec": 0.9586828202636473, "gamma_cf": 0.5806667201567439, "k_intra": 5.819098605472839, "gamma_fc": 0.17905009283440818, "s_cf": 0.9976639318657425, "beta_enc": 0.3334426144068309, "phi_s": 2.5654592342127884}, "datetime": {"delta": 56.081679, "elapsed": 21753.563007, "datetime": "2020-04-27 16:34:40"}}
{"target": -8489.669159210976, "params": {"epsilon_d": 2.223872927826228, "phi_d": 0.4607578616447181, "beta_rec": 0.9276763305005312, "gamma_cf": 0.5706855104570523, "k_intra": 5.759959920161572, "gamma_fc": 0.1697048472260343, "s_cf": 0.9342151057104894, "beta_enc": 0.32951694369348217, "phi_s": 2.481939841887934}, "datetime": {"delta": 58.325794, "elapsed": 21811.888801, "datetime": "2020-04-27 16:35:39"}}
{"target": -8487.744530819138, "params": {"epsilon_d": 2.201587487619386, "phi_d": 0.49218320309638525, "beta_rec": 0.9395727969025894, "gamma_cf": 0.581428169923882, "k_intra": 5.8219305456243164, "gamma_fc": 0.15452899140287538, "s_cf": 1.0538371486965246, "beta_enc": 0.33320666932348647, "phi_s": 2.5753556134701667}, "datetime": {"delta": 55.617684, "elapsed": 21867.506485, "datetime": "2020-04-27 16:36:34"}}
{"target": -8487.347291472885, "params": {"epsilon_d": 2.2897033538719977, "phi_d": 0.5002469212575086, "beta_rec": 0.9440220724637545, "gamma_cf": 0.5654851660636653, "k_intra": 5.797143241601374, "gamma_fc": 0.18222290538841232, "s_cf": 1.0489537908614743, "beta_enc": 0.3333385828689421, "phi_s": 2.5376740932204136}, "datetime": {"delta": 53.310395, "elapsed": 21920.81688, "datetime": "2020-04-27 16:37:28"}}
{"target": -8486.482293676087, "params": {"epsilon_d": 2.2652435559119564, "phi_d": 0.5038451852134799, "beta_rec": 0.9539185942656959, "gamma_cf": 0.6060487214142615, "k_intra": 5.857070641600759, "gamma_fc": 0.1754574211793513, "s_cf": 1.0262796639687082, "beta_enc": 0.3279071241519313, "phi_s": 2.596816660554842}, "datetime": {"delta": 51.0838, "elapsed": 21971.90068, "datetime": "2020-04-27 16:38:19"}}
{"target": -8489.202861452866, "params": {"epsilon_d": 2.2788588019827993, "phi_d": 0.49725212448387196, "beta_rec": 0.9544328130610455, "gamma_cf": 0.581844130571712, "k_intra": 5.764930309028018, "gamma_fc": 0.18021641971478378, "s_cf": 1.0208421632686464, "beta_enc": 0.3161122291444725, "phi_s": 2.4887058048010973}, "datetime": {"delta": 52.587036, "elapsed": 22024.487716, "datetime": "2020-04-27 16:39:11"}}
{"target": -8495.404519534628, "params": {"epsilon_d": 2.3732078204004363, "phi_d": 0.46865500076642636, "beta_rec": 0.9593165354380299, "gamma_cf": 0.608310098603076, "k_intra": 5.6899962394487025, "gamma_fc": 0.18567584070135332, "s_cf": 0.9945062424821501, "beta_enc": 0.32978304687301285, "phi_s": 2.391595029100068}, "datetime": {"delta": 51.565144, "elapsed": 22076.05286, "datetime": "2020-04-27 16:40:03"}}
{"target": -8492.347429220019, "params": {"epsilon_d": 2.268453380773856, "phi_d": 0.44601705400990815, "beta_rec": 0.9279724692122429, "gamma_cf": 0.5772988138909022, "k_intra": 5.727071889736558, "gamma_fc": 0.1685134162821904, "s_cf": 0.956605903925649, "beta_enc": 0.3369151854843596, "phi_s": 2.470620592229269}, "datetime": {"delta": 52.420126, "elapsed": 22128.472986, "datetime": "2020-04-27 16:40:55"}}
{"target": -8485.969747323115, "params": {"epsilon_d": 2.173243347360498, "phi_d": 0.4581715990707927, "beta_rec": 0.9360684468613791, "gamma_cf": 0.5852928491398081, "k_intra": 5.8489890769495965, "gamma_fc": 0.16619840196987617, "s_cf": 1.0012813443698554, "beta_enc": 0.3299432515952267, "phi_s": 2.557660587205142}, "datetime": {"delta": 49.954379, "elapsed": 22178.427365, "datetime": "2020-04-27 16:41:45"}}
{"target": -8489.665941848327, "params": {"epsilon_d": 2.2375868064230655, "phi_d": 0.4859032458953732, "beta_rec": 0.9377745459679607, "gamma_cf": 0.5997049069775598, "k_intra": 5.8114344155391535, "gamma_fc": 0.1857718826090344, "s_cf": 0.9429770591695176, "beta_enc": 0.3300829735933509, "phi_s": 2.5156252384136173}, "datetime": {"delta": 54.146354, "elapsed": 22232.573719, "datetime": "2020-04-27 16:42:40"}}
{"target": -8489.29667297194, "params": {"epsilon_d": 2.2666868751652465, "phi_d": 0.48705426099437216, "beta_rec": 0.9509098327484027, "gamma_cf": 0.552670013300653, "k_intra": 5.821141412966049, "gamma_fc": 0.1925602354110966, "s_cf": 1.0241314843454938, "beta_enc": 0.3201707767313018, "phi_s": 2.5807162577514737}, "datetime": {"delta": 54.881456, "elapsed": 22287.455175, "datetime": "2020-04-27 16:43:34"}}
{"target": -8484.686539657507, "params": {"epsilon_d": 2.3238446964566375, "phi_d": 0.4962099244096887, "beta_rec": 0.949497510437063, "gamma_cf": 0.5883525303951782, "k_intra": 5.832526756074895, "gamma_fc": 0.17025570060173031, "s_cf": 1.0101196712805236, "beta_enc": 0.32706199334689184, "phi_s": 2.589328850085944}, "datetime": {"delta": 55.816276, "elapsed": 22343.271451, "datetime": "2020-04-27 16:44:30"}}
{"target": -8488.182602071456, "params": {"epsilon_d": 2.2322861650207826, "phi_d": 0.4755781193354481, "beta_rec": 0.9378803600468527, "gamma_cf": 0.5777033893988016, "k_intra": 5.786601488043018, "gamma_fc": 0.17696458321607303, "s_cf": 0.9457658115724799, "beta_enc": 0.3248120236006622, "phi_s": 2.4629947384065276}, "datetime": {"delta": 54.903681, "elapsed": 22398.175132, "datetime": "2020-04-27 16:45:25"}}
{"target": -8491.435918383073, "params": {"epsilon_d": 2.176774473901404, "phi_d": 0.4470714751870799, "beta_rec": 0.9588618251897093, "gamma_cf": 0.5965703733106678, "k_intra": 5.8517122376145405, "gamma_fc": 0.1612919713967236, "s_cf": 1.0207716889594916, "beta_enc": 0.33889764997982946, "phi_s": 2.592236524339529}, "datetime": {"delta": 57.543735, "elapsed": 22455.718867, "datetime": "2020-04-27 16:46:23"}}
{"target": -8485.102969663198, "params": {"epsilon_d": 2.1853707301069636, "phi_d": 0.5030115642585036, "beta_rec": 0.9313943827087191, "gamma_cf": 0.5739098674527858, "k_intra": 5.880657317942007, "gamma_fc": 0.1714281706687788, "s_cf": 1.0101120715322185, "beta_enc": 0.3328008554245792, "phi_s": 2.583650169683022}, "datetime": {"delta": 53.445368, "elapsed": 22509.164235, "datetime": "2020-04-27 16:47:16"}}
{"target": -8489.398979617503, "params": {"epsilon_d": 2.2392189416007726, "phi_d": 0.46253371620665246, "beta_rec": 0.9235588357244414, "gamma_cf": 0.5783266951934846, "k_intra": 5.760231234765761, "gamma_fc": 0.1695629856780352, "s_cf": 1.0876970239019685, "beta_enc": 0.32516217411858306, "phi_s": 2.4892347822250454}, "datetime": {"delta": 53.357433, "elapsed": 22562.521668, "datetime": "2020-04-27 16:48:09"}}
{"target": -8485.93957860138, "params": {"epsilon_d": 2.176278340558601, "phi_d": 0.4668318518753924, "beta_rec": 0.9316377302465745, "gamma_cf": 0.5788152271191908, "k_intra": 5.822735564669138, "gamma_fc": 0.17566736839405866, "s_cf": 1.0454602055555664, "beta_enc": 0.3357179079841183, "phi_s": 2.61877976241904}, "datetime": {"delta": 53.151507, "elapsed": 22615.673175, "datetime": "2020-04-27 16:49:03"}}
{"target": -8488.095201794898, "params": {"epsilon_d": 2.2143453360860668, "phi_d": 0.4503929999287704, "beta_rec": 0.9223921113752248, "gamma_cf": 0.5616192998154644, "k_intra": 5.808429179476311, "gamma_fc": 0.17432129383241932, "s_cf": 1.0350670823057369, "beta_enc": 0.33696443120998626, "phi_s": 2.6272339417285906}, "datetime": {"delta": 50.954157, "elapsed": 22666.627332, "datetime": "2020-04-27 16:49:54"}}
{"target": -8483.928889715593, "params": {"epsilon_d": 2.2188778880986693, "phi_d": 0.48399201919768886, "beta_rec": 0.9294380861531162, "gamma_cf": 0.5832874866328677, "k_intra": 5.885663366446657, "gamma_fc": 0.16500530081688525, "s_cf": 1.0347819887192664, "beta_enc": 0.33691292952221236, "phi_s": 2.6468643915890624}, "datetime": {"delta": 56.800882, "elapsed": 22723.428214, "datetime": "2020-04-27 16:50:50"}}
{"target": -8485.128922404554, "params": {"epsilon_d": 2.2058278040062542, "phi_d": 0.4891475216427744, "beta_rec": 0.9176577315212542, "gamma_cf": 0.5763194587884498, "k_intra": 5.877872624655292, "gamma_fc": 0.16410603163091603, "s_cf": 1.0251406168409203, "beta_enc": 0.329683987418271, "phi_s": 2.6516129010843947}, "datetime": {"delta": 54.999224, "elapsed": 22778.427438, "datetime": "2020-04-27 16:51:45"}}
{"target": -8486.928853710391, "params": {"epsilon_d": 2.2822579031960677, "phi_d": 0.46706627953730456, "beta_rec": 0.943574633999597, "gamma_cf": 0.601834580479427, "k_intra": 5.780213350804514, "gamma_fc": 0.16922315253289302, "s_cf": 1.100358171979632, "beta_enc": 0.3234264118654682, "phi_s": 2.5002982504443407}, "datetime": {"delta": 53.107154, "elapsed": 22831.534592, "datetime": "2020-04-27 16:52:38"}}
{"target": -8484.87008321455, "params": {"epsilon_d": 2.24117066989114, "phi_d": 0.49912181850417336, "beta_rec": 0.943341301977566, "gamma_cf": 0.6036085136508731, "k_intra": 5.845577205973081, "gamma_fc": 0.17370602275406333, "s_cf": 1.0639468176764575, "beta_enc": 0.33195311682755957, "phi_s": 2.5782100097667815}, "datetime": {"delta": 55.062275, "elapsed": 22886.596867, "datetime": "2020-04-27 16:53:34"}}
{"target": -8487.82003557701, "params": {"epsilon_d": 2.246982624831755, "phi_d": 0.4825490495579146, "beta_rec": 0.921858357507066, "gamma_cf": 0.5879307069477335, "k_intra": 5.787265819346711, "gamma_fc": 0.17566619879863274, "s_cf": 1.0705645830183363, "beta_enc": 0.3257262298602229, "phi_s": 2.484276375882683}, "datetime": {"delta": 52.575322, "elapsed": 22939.172189, "datetime": "2020-04-27 16:54:26"}}
{"target": -8483.400982942418, "params": {"epsilon_d": 2.2826902812575787, "phi_d": 0.4771149247753689, "beta_rec": 0.9402447088662307, "gamma_cf": 0.5780659514381539, "k_intra": 5.837272643139736, "gamma_fc": 0.16363320896804434, "s_cf": 1.0372248610969774, "beta_enc": 0.3314081831361523, "phi_s": 2.6433787804984936}, "datetime": {"delta": 56.703713, "elapsed": 22995.875902, "datetime": "2020-04-27 16:55:23"}}
{"target": -8490.232242320026, "params": {"epsilon_d": 2.1947933116952902, "phi_d": 0.431035286035192, "beta_rec": 0.9403919431353138, "gamma_cf": 0.5647996284678849, "k_intra": 5.776687512352879, "gamma_fc": 0.1693741018055254, "s_cf": 1.0645840086516511, "beta_enc": 0.3334587564078426, "phi_s": 2.5515436158781575}, "datetime": {"delta": 54.937301, "elapsed": 23050.813203, "datetime": "2020-04-27 16:56:18"}}
{"target": -8484.339254330429, "params": {"epsilon_d": 2.264604882909454, "phi_d": 0.4773707827468672, "beta_rec": 0.9360430116136733, "gamma_cf": 0.596405943489994, "k_intra": 5.8888824877479236, "gamma_fc": 0.1577805748559326, "s_cf": 1.035242142700741, "beta_enc": 0.3352250684203896, "phi_s": 2.659043393392112}, "datetime": {"delta": 54.503659, "elapsed": 23105.316862, "datetime": "2020-04-27 16:57:12"}}
{"target": -8489.018117505853, "params": {"epsilon_d": 2.2065405515849585, "phi_d": 0.5019738116392232, "beta_rec": 0.9438511597251066, "gamma_cf": 0.5566108222784345, "k_intra": 5.850894307460808, "gamma_fc": 0.18565945693921782, "s_cf": 1.0311430145022293, "beta_enc": 0.3202463493693252, "phi_s": 2.587736485639838}, "datetime": {"delta": 52.226588, "elapsed": 23157.54345, "datetime": "2020-04-27 16:58:04"}}
{"target": -8491.395519558604, "params": {"epsilon_d": 2.2484513294901327, "phi_d": 0.4171560182163915, "beta_rec": 0.9525390984613539, "gamma_cf": 0.5896811654594093, "k_intra": 5.7497678743112175, "gamma_fc": 0.17161048019669245, "s_cf": 1.0826167609340556, "beta_enc": 0.3335324782752267, "phi_s": 2.539687456904359}, "datetime": {"delta": 55.976314, "elapsed": 23213.519764, "datetime": "2020-04-27 16:59:00"}}
{"target": -8488.585765574384, "params": {"epsilon_d": 2.2122980642624843, "phi_d": 0.45824819721300375, "beta_rec": 0.9086904076723527, "gamma_cf": 0.5922679096394379, "k_intra": 5.824159745073253, "gamma_fc": 0.15549394730811222, "s_cf": 1.0102324323120386, "beta_enc": 0.32477401999858835, "phi_s": 2.6188498537429625}, "datetime": {"delta": 55.087458, "elapsed": 23268.607222, "datetime": "2020-04-27 16:59:56"}}
