{"target": 7.25, "params": {"cue_position": 8.0, "beta_enc": 0.8577386145114406, "gamma_cf": 0.2080974099989472, "gamma_fc": 0.7454983307481646, "beta_rec": 0.6455644082734328}, "datetime": {"elapsed": 172.029517, "datetime": "2020-06-14 09:46:46", "delta": 0.33828}}
{"target": 10.125, "params": {"cue_position": 8.0, "beta_enc": 0.40340662833417285, "gamma_cf": 0.1374435496242309, "gamma_fc": 0.9643727973861176, "beta_rec": 0.48447006094850675}, "datetime": {"elapsed": 172.432944, "datetime": "2020-06-14 09:46:47", "delta": 0.403427}}
{"target": 9.125, "params": {"cue_position": 8.0, "beta_enc": 0.04262968179657989, "gamma_cf": 0.8065850822605141, "gamma_fc": 0.4558728073695024, "beta_rec": 0.09944025725488481}, "datetime": {"elapsed": 172.818069, "datetime": "2020-06-14 09:46:47", "delta": 0.385125}}
{"target": 7.375, "params": {"cue_position": 8.0, "beta_enc": 0.6532511422613194, "gamma_cf": 0.5208483405537891, "gamma_fc": 0.7402936352802216, "beta_rec": 0.17432113751983724}, "datetime": {"elapsed": 173.161508, "datetime": "2020-06-14 09:46:47", "delta": 0.343439}}
{"target": 9.875, "params": {"cue_position": 8.0, "beta_enc": 0.46247446521502844, "gamma_cf": 0.2490900884519328, "gamma_fc": 0.23490222080210488, "beta_rec": 0.8696140851211128}, "datetime": {"elapsed": 173.561023, "datetime": "2020-06-14 09:46:48", "delta": 0.399515}}
{"target": 9.625, "params": {"cue_position": 8.0, "beta_enc": 0.3740467168670696, "gamma_cf": 0.8619059993188329, "gamma_fc": 0.26161079268292176, "beta_rec": 0.7566160562962172}, "datetime": {"elapsed": 173.959002, "datetime": "2020-06-14 09:46:48", "delta": 0.397979}}
{"target": 9.0, "params": {"cue_position": 8.0, "beta_enc": 0.4122789279785698, "gamma_cf": 0.3892749454089657, "gamma_fc": 0.10142077688127671, "beta_rec": 0.6115440994503215}, "datetime": {"elapsed": 174.338807, "datetime": "2020-06-14 09:46:48", "delta": 0.379805}}
{"target": 7.5, "params": {"cue_position": 8.0, "beta_enc": 0.7122448043972556, "gamma_cf": 0.8634484403326346, "gamma_fc": 0.7084507915153727, "beta_rec": 0.08813516392543386}, "datetime": {"elapsed": 174.683179, "datetime": "2020-06-14 09:46:49", "delta": 0.344372}}
{"target": 7.875, "params": {"cue_position": 8.0, "beta_enc": 0.4864245738076861, "gamma_cf": 0.7974959842933487, "gamma_fc": 0.7864170822798477, "beta_rec": 0.6991465654129165}, "datetime": {"elapsed": 175.039664, "datetime": "2020-06-14 09:46:49", "delta": 0.356485}}
{"target": 6.625, "params": {"cue_position": 8.0, "beta_enc": 0.15552858387362167, "gamma_cf": 0.3641702986535258, "gamma_fc": 0.5666455566878987, "beta_rec": 0.3178175503505978}, "datetime": {"elapsed": 175.366319, "datetime": "2020-06-14 09:46:50", "delta": 0.326655}}
{"target": 7.375, "params": {"cue_position": 8.0, "beta_enc": 0.041687442520287776, "gamma_cf": 0.4164625561731081, "gamma_fc": 0.4508926565007, "beta_rec": 0.6599697189638991}, "datetime": {"elapsed": 175.715434, "datetime": "2020-06-14 09:46:50", "delta": 0.349115}}
{"target": 8.375, "params": {"cue_position": 8.0, "beta_enc": 0.3487267695476459, "gamma_cf": 0.0681300573940744, "gamma_fc": 0.5512566489358516, "beta_rec": 0.38328031012801256}, "datetime": {"elapsed": 176.081103, "datetime": "2020-06-14 09:46:50", "delta": 0.365669}}
{"target": 7.75, "params": {"cue_position": 8.0, "beta_enc": 0.5958669456166511, "gamma_cf": 0.2863771315373824, "gamma_fc": 0.8307513669044257, "beta_rec": 0.1454997892217088}, "datetime": {"elapsed": 176.433582, "datetime": "2020-06-14 09:46:51", "delta": 0.352479}}
{"target": 9.5, "params": {"cue_position": 8.0, "beta_enc": 0.15342094116241234, "gamma_cf": 0.3434200931086723, "gamma_fc": 0.3506171893069536, "beta_rec": 0.5521388075534814}, "datetime": {"elapsed": 176.824511, "datetime": "2020-06-14 09:46:51", "delta": 0.390929}}
{"target": 8.25, "params": {"cue_position": 8.0, "beta_enc": 0.2948517986914237, "gamma_cf": 0.3312068132795989, "gamma_fc": 0.678246050345079, "beta_rec": 0.8740309851568734}, "datetime": {"elapsed": 205.493479, "datetime": "2020-06-14 09:47:20", "delta": 28.668968}}
{"target": 8.625, "params": {"cue_position": 8.0, "beta_enc": 0.31117470732608854, "gamma_cf": 0.3231567773090084, "gamma_fc": 0.6787981896580757, "beta_rec": 0.878843196660966}, "datetime": {"elapsed": 215.092618, "datetime": "2020-06-14 09:47:29", "delta": 9.599139}}
{"target": 9.375, "params": {"cue_position": 8.0, "beta_enc": 0.06026324025842078, "gamma_cf": 0.5487350317042696, "gamma_fc": 0.9651650694881925, "beta_rec": 0.9219157363702637}, "datetime": {"elapsed": 231.803976, "datetime": "2020-06-14 09:47:46", "delta": 16.711358}}
{"target": 9.875, "params": {"cue_position": 8.0, "beta_enc": 0.23826406478998619, "gamma_cf": 0.07957371547858516, "gamma_fc": 0.8722831659954996, "beta_rec": 0.2821490702006677}, "datetime": {"elapsed": 240.60609, "datetime": "2020-06-14 09:47:55", "delta": 8.802114}}
{"target": 10.25, "params": {"cue_position": 8.0, "beta_enc": 0.39828709131736645, "gamma_cf": 0.7776733787443413, "gamma_fc": 0.12652532604993974, "beta_rec": 0.9077926797230731}, "datetime": {"elapsed": 248.844491, "datetime": "2020-06-14 09:48:03", "delta": 8.238401}}
{"target": 9.625, "params": {"cue_position": 8.0, "beta_enc": 0.41870735519264773, "gamma_cf": 0.8767483051096255, "gamma_fc": 0.026382807454194884, "beta_rec": 0.6870574086556023}, "datetime": {"elapsed": 257.942651, "datetime": "2020-06-14 09:48:12", "delta": 9.09816}}
{"target": 8.625, "params": {"cue_position": 8.0, "beta_enc": 0.018748802837080136, "gamma_cf": 0.3404664093135814, "gamma_fc": 0.3682351025217767, "beta_rec": 0.03128495037646395}, "datetime": {"elapsed": 268.390771, "datetime": "2020-06-14 09:48:23", "delta": 10.44812}}
{"target": 8.5, "params": {"cue_position": 8.0, "beta_enc": 0.6227154963536013, "gamma_cf": 0.6766028106225582, "gamma_fc": 0.9196770022111213, "beta_rec": 0.05005015766133025}, "datetime": {"elapsed": 278.567524, "datetime": "2020-06-14 09:48:33", "delta": 10.176753}}
{"target": 8.375, "params": {"cue_position": 8.0, "beta_enc": 0.25201594491759516, "gamma_cf": 0.9818308739819036, "gamma_fc": 0.13081073063057125, "beta_rec": 0.1740775154965183}, "datetime": {"elapsed": 288.865667, "datetime": "2020-06-14 09:48:43", "delta": 10.298143}}
{"target": 9.125, "params": {"cue_position": 8.0, "beta_enc": 0.19765401834133722, "gamma_cf": 0.7519734586293718, "gamma_fc": 0.10346526197583128, "beta_rec": 0.45294054052925936}, "datetime": {"elapsed": 299.536796, "datetime": "2020-06-14 09:48:54", "delta": 10.671129}}
{"target": 8.5, "params": {"cue_position": 8.0, "beta_enc": 0.0619238763124923, "gamma_cf": 0.8275982701924496, "gamma_fc": 0.8773734693933161, "beta_rec": 0.8906534913275913}, "datetime": {"elapsed": 309.228229, "datetime": "2020-06-14 09:49:03", "delta": 9.691433}}
{"target": 7.625, "params": {"cue_position": 8.0, "beta_enc": 0.5772207096496205, "gamma_cf": 0.25705053463427785, "gamma_fc": 0.2920642656664092, "beta_rec": 0.8750287800525487}, "datetime": {"elapsed": 319.917737, "datetime": "2020-06-14 09:49:14", "delta": 10.689508}}
{"target": 7.75, "params": {"cue_position": 8.0, "beta_enc": 0.4524058819581058, "gamma_cf": 0.693449246666178, "gamma_fc": 0.6860735508675122, "beta_rec": 0.5463765481112846}, "datetime": {"elapsed": 330.832599, "datetime": "2020-06-14 09:49:25", "delta": 10.914862}}
{"target": 7.875, "params": {"cue_position": 8.0, "beta_enc": 0.6200639594047247, "gamma_cf": 0.6789708289080533, "gamma_fc": 0.9871024204560293, "beta_rec": 0.010362808515163802}, "datetime": {"elapsed": 341.678124, "datetime": "2020-06-14 09:49:36", "delta": 10.845525}}
{"target": 7.125, "params": {"cue_position": 8.0, "beta_enc": 0.4481635089857712, "gamma_cf": 0.6877950457535419, "gamma_fc": 0.6917163686224163, "beta_rec": 0.5597820097191275}, "datetime": {"elapsed": 352.62863, "datetime": "2020-06-14 09:49:47", "delta": 10.950506}}
{"target": 8.125, "params": {"cue_position": 8.0, "beta_enc": 0.0303160498853845, "gamma_cf": 0.45487634663466936, "gamma_fc": 0.3781032156626367, "beta_rec": 0.09770781138699214}, "datetime": {"elapsed": 363.757743, "datetime": "2020-06-14 09:49:58", "delta": 11.129113}}
{"target": 8.0, "params": {"cue_position": 8.0, "beta_enc": 0.32917915983236157, "gamma_cf": 0.3717739389371776, "gamma_fc": 0.4040358203485991, "beta_rec": 0.667831997205274}, "datetime": {"elapsed": 375.559911, "datetime": "2020-06-14 09:50:10", "delta": 11.802168}}
{"target": 9.0, "params": {"cue_position": 8.0, "beta_enc": 0.684368408416319, "gamma_cf": 0.6422382414358195, "gamma_fc": 0.006550963963974501, "beta_rec": 0.4505211930606604}, "datetime": {"elapsed": 386.841384, "datetime": "2020-06-14 09:50:21", "delta": 11.281473}}
{"target": 8.625, "params": {"cue_position": 8.0, "beta_enc": 0.58829241129296, "gamma_cf": 0.016270824732389593, "gamma_fc": 0.8019278664459082, "beta_rec": 0.9764784579874407}, "datetime": {"elapsed": 398.16736, "datetime": "2020-06-14 09:50:32", "delta": 11.325976}}
{"target": 7.875, "params": {"cue_position": 8.0, "beta_enc": 0.40159632505027687, "gamma_cf": 0.9731555322576209, "gamma_fc": 0.6372019290187503, "beta_rec": 0.9717341141244853}, "datetime": {"elapsed": 409.263179, "datetime": "2020-06-14 09:50:43", "delta": 11.095819}}
{"target": 8.5, "params": {"cue_position": 8.0, "beta_enc": 0.2739832230795961, "gamma_cf": 0.4975429278812502, "gamma_fc": 0.24470929038565803, "beta_rec": 0.9168496860278594}, "datetime": {"elapsed": 420.528607, "datetime": "2020-06-14 09:50:55", "delta": 11.265428}}
{"target": 8.125, "params": {"cue_position": 8.0, "beta_enc": 0.4216187509067082, "gamma_cf": 0.8731913761436256, "gamma_fc": 0.021239634371898464, "beta_rec": 0.6837918367469198}, "datetime": {"elapsed": 431.648156, "datetime": "2020-06-14 09:51:06", "delta": 11.119549}}
{"target": 8.125, "params": {"cue_position": 8.0, "beta_enc": 0.042154457210481056, "gamma_cf": 0.11052986497487938, "gamma_fc": 0.21807169138284865, "beta_rec": 0.1501145521289433}, "datetime": {"elapsed": 442.95231, "datetime": "2020-06-14 09:51:17", "delta": 11.304154}}
{"target": 9.375, "params": {"cue_position": 8.0, "beta_enc": 0.23521571489388715, "gamma_cf": 0.8528802312186744, "gamma_fc": 0.9852467588928779, "beta_rec": 0.42009348134529734}, "datetime": {"elapsed": 454.233046, "datetime": "2020-06-14 09:51:28", "delta": 11.280736}}
{"target": 10.5, "params": {"cue_position": 8.0, "beta_enc": 0.5310973109581901, "gamma_cf": 0.9328030607927692, "gamma_fc": 0.17174713589901958, "beta_rec": 0.4134923315083123}, "datetime": {"elapsed": 465.670947, "datetime": "2020-06-14 09:51:40", "delta": 11.437901}}
{"target": 10.5, "params": {"cue_position": 8.0, "beta_enc": 0.10782779228091588, "gamma_cf": 0.6964417746482299, "gamma_fc": 0.7728011882703957, "beta_rec": 0.6430039046186096}, "datetime": {"elapsed": 476.264353, "datetime": "2020-06-14 09:51:50", "delta": 10.593406}}
{"target": 9.5, "params": {"cue_position": 8.0, "beta_enc": 0.4040453546284031, "gamma_cf": 0.7819559432315785, "gamma_fc": 0.12217691873365177, "beta_rec": 0.9095381483304728}, "datetime": {"elapsed": 486.886087, "datetime": "2020-06-14 09:52:01", "delta": 10.621734}}
{"target": 11.375, "params": {"cue_position": 8.0, "beta_enc": 0.41938147422074146, "gamma_cf": 0.8788951932908657, "gamma_fc": 0.028012813175010025, "beta_rec": 0.6843482451167956}, "datetime": {"elapsed": 497.367272, "datetime": "2020-06-14 09:52:12", "delta": 10.481185}}
{"target": 9.25, "params": {"cue_position": 8.0, "beta_enc": 0.24354501377845306, "gamma_cf": 0.08907824846073509, "gamma_fc": 0.8692830025026644, "beta_rec": 0.2998636367646914}, "datetime": {"elapsed": 507.656704, "datetime": "2020-06-14 09:52:22", "delta": 10.289432}}
{"target": 9.375, "params": {"cue_position": 8.0, "beta_enc": 0.3893484301491352, "gamma_cf": 0.6246319307836049, "gamma_fc": 0.6378259533630168, "beta_rec": 0.8531128879623266}, "datetime": {"elapsed": 518.40267, "datetime": "2020-06-14 09:52:33", "delta": 10.745966}}
{"target": 7.25, "params": {"cue_position": 8.0, "beta_enc": 0.46410858110499853, "gamma_cf": 0.2495271285369678, "gamma_fc": 0.23235536547484925, "beta_rec": 0.8753130355727574}, "datetime": {"elapsed": 528.682822, "datetime": "2020-06-14 09:52:43", "delta": 10.280152}}
{"target": 8.25, "params": {"cue_position": 8.0, "beta_enc": 0.1695118673702194, "gamma_cf": 0.5038732706971228, "gamma_fc": 0.8252379454057959, "beta_rec": 0.3154877236713358}, "datetime": {"elapsed": 539.95311, "datetime": "2020-06-14 09:52:54", "delta": 11.270288}}
{"target": 9.75, "params": {"cue_position": 8.0, "beta_enc": 0.6106085905444819, "gamma_cf": 0.8867723270265792, "gamma_fc": 0.4320381683925145, "beta_rec": 0.9739795992841145}, "datetime": {"elapsed": 550.872549, "datetime": "2020-06-14 09:53:05", "delta": 10.919439}}
{"target": 8.5, "params": {"cue_position": 8.0, "beta_enc": 0.3017217006355396, "gamma_cf": 0.3267755085060553, "gamma_fc": 0.6809805236398417, "beta_rec": 0.8663328097830509}, "datetime": {"elapsed": 561.851314, "datetime": "2020-06-14 09:53:16", "delta": 10.978765}}
{"target": 8.25, "params": {"cue_position": 8.0, "beta_enc": 0.31663437888204793, "gamma_cf": 0.3345681216407982, "gamma_fc": 0.6853868920542493, "beta_rec": 0.8633597499432973}, "datetime": {"elapsed": 572.878484, "datetime": "2020-06-14 09:53:27", "delta": 11.02717}}
{"target": 9.875, "params": {"cue_position": 8.0, "beta_enc": 0.38807090499714936, "gamma_cf": 0.6255901928839552, "gamma_fc": 0.6299049756392825, "beta_rec": 0.8536383323730228}, "datetime": {"elapsed": 583.448042, "datetime": "2020-06-14 09:53:38", "delta": 10.569558}}
{"target": 9.75, "params": {"cue_position": 8.0, "beta_enc": 0.27665465817044466, "gamma_cf": 0.49783111478902276, "gamma_fc": 0.2611085666144455, "beta_rec": 0.9265764915838456}, "datetime": {"elapsed": 594.523786, "datetime": "2020-06-14 09:53:49", "delta": 11.075744}}
{"target": 8.375, "params": {"cue_position": 8.0, "beta_enc": 0.07032453705170871, "gamma_cf": 0.9881115509169395, "gamma_fc": 0.17394070597477918, "beta_rec": 0.3719633974906835}, "datetime": {"elapsed": 605.783617, "datetime": "2020-06-14 09:54:00", "delta": 11.259831}}
{"target": 7.25, "params": {"cue_position": 8.0, "beta_enc": 0.39478735568602075, "gamma_cf": 0.6181626166977527, "gamma_fc": 0.6317281960301473, "beta_rec": 0.8486743354578588}, "datetime": {"elapsed": 616.979588, "datetime": "2020-06-14 09:54:11", "delta": 11.195971}}
{"target": 9.0, "params": {"cue_position": 8.0, "beta_enc": 0.17810184416654073, "gamma_cf": 0.4428159998534621, "gamma_fc": 0.694939464132323, "beta_rec": 0.008785993921069046}, "datetime": {"elapsed": 627.799933, "datetime": "2020-06-14 09:54:22", "delta": 10.820345}}
{"target": 7.125, "params": {"cue_position": 8.0, "beta_enc": 0.8544452697255053, "gamma_cf": 0.13224378664712463, "gamma_fc": 0.468780796296737, "beta_rec": 0.6664963867406729}, "datetime": {"elapsed": 638.996126, "datetime": "2020-06-14 09:54:33", "delta": 11.196193}}
{"target": 6.375, "params": {"cue_position": 8.0, "beta_enc": 0.8827687902492621, "gamma_cf": 0.3473589599505509, "gamma_fc": 0.1696552044247347, "beta_rec": 0.626016916205173}, "datetime": {"elapsed": 650.348091, "datetime": "2020-06-14 09:54:45", "delta": 11.351965}}
{"target": 8.5, "params": {"cue_position": 8.0, "beta_enc": 0.37598689605695956, "gamma_cf": 0.5596097410885716, "gamma_fc": 0.007922007655689067, "beta_rec": 0.6527744673561041}, "datetime": {"elapsed": 662.215874, "datetime": "2020-06-14 09:54:56", "delta": 11.867783}}
{"target": 8.75, "params": {"cue_position": 8.0, "beta_enc": 0.1887890156722528, "gamma_cf": 0.7571999920830821, "gamma_fc": 0.10991481170921846, "beta_rec": 0.45613587962471436}, "datetime": {"elapsed": 673.364196, "datetime": "2020-06-14 09:55:08", "delta": 11.148322}}
{"target": 7.5, "params": {"cue_position": 8.0, "beta_enc": 0.4005977905747309, "gamma_cf": 0.12944182954889072, "gamma_fc": 0.9722261818326906, "beta_rec": 0.4748174000400597}, "datetime": {"elapsed": 684.736934, "datetime": "2020-06-14 09:55:19", "delta": 11.372738}}
{"target": 9.25, "params": {"cue_position": 8.0, "beta_enc": 0.19955424880161754, "gamma_cf": 0.9798307744081319, "gamma_fc": 0.12444883544882024, "beta_rec": 0.6764356260055256}, "datetime": {"elapsed": 696.470041, "datetime": "2020-06-14 09:55:31", "delta": 11.733107}}
{"target": 7.375, "params": {"cue_position": 8.0, "beta_enc": 0.14190778555388506, "gamma_cf": 0.43585083106471656, "gamma_fc": 0.07064137671949555, "beta_rec": 0.6335830429484136}, "datetime": {"elapsed": 708.323962, "datetime": "2020-06-14 09:55:42", "delta": 11.853921}}
{"target": 8.25, "params": {"cue_position": 8.0, "beta_enc": 0.036314753989427885, "gamma_cf": 0.030700270499419795, "gamma_fc": 0.6235457776616697, "beta_rec": 0.1105702766447405}, "datetime": {"elapsed": 719.400447, "datetime": "2020-06-14 09:55:54", "delta": 11.076485}}
{"target": 8.125, "params": {"cue_position": 8.0, "beta_enc": 0.30554552685488656, "gamma_cf": 0.3227853976966134, "gamma_fc": 0.6784846643354175, "beta_rec": 0.8699354563294621}, "datetime": {"elapsed": 730.531477, "datetime": "2020-06-14 09:56:05", "delta": 11.13103}}
{"target": 8.5, "params": {"cue_position": 8.0, "beta_enc": 0.27583637754465035, "gamma_cf": 0.49901928880886326, "gamma_fc": 0.2561358058851152, "beta_rec": 0.9230676323872974}, "datetime": {"elapsed": 741.916843, "datetime": "2020-06-14 09:56:16", "delta": 11.385366}}
{"target": 9.5, "params": {"cue_position": 8.0, "beta_enc": 0.3204237331428918, "gamma_cf": 0.2677984648069724, "gamma_fc": 0.20040731329875106, "beta_rec": 0.9649723246679168}, "datetime": {"elapsed": 753.470188, "datetime": "2020-06-14 09:56:28", "delta": 11.553345}}
{"target": 8.875, "params": {"cue_position": 8.0, "beta_enc": 0.46511242946577397, "gamma_cf": 0.5910555897971037, "gamma_fc": 0.3114418368349368, "beta_rec": 0.3491475311905965}, "datetime": {"elapsed": 764.442755, "datetime": "2020-06-14 09:56:39", "delta": 10.972567}}
{"target": 8.75, "params": {"cue_position": 8.0, "beta_enc": 0.3915058905327753, "gamma_cf": 0.7830937057793622, "gamma_fc": 0.48242560655547884, "beta_rec": 0.4610683915256665}, "datetime": {"elapsed": 775.460599, "datetime": "2020-06-14 09:56:50", "delta": 11.017844}}
{"target": 10.25, "params": {"cue_position": 8.0, "beta_enc": 0.8659159525727946, "gamma_cf": 0.8507874550549556, "gamma_fc": 0.09389924398752492, "beta_rec": 0.9605762177252113}, "datetime": {"elapsed": 787.332644, "datetime": "2020-06-14 09:57:01", "delta": 11.872045}}
{"target": 10.875, "params": {"cue_position": 8.0, "beta_enc": 0.28817595725311496, "gamma_cf": 0.9233330783578292, "gamma_fc": 0.16552286892839796, "beta_rec": 0.9083952492036113}, "datetime": {"elapsed": 799.003629, "datetime": "2020-06-14 09:57:13", "delta": 11.670985}}
{"target": 10.75, "params": {"cue_position": 8.0, "beta_enc": 0.28754458062522237, "gamma_cf": 0.9274209547393077, "gamma_fc": 0.15288229870046532, "beta_rec": 0.9204074486228622}, "datetime": {"elapsed": 810.146557, "datetime": "2020-06-14 09:57:24", "delta": 11.142928}}
{"target": 9.625, "params": {"cue_position": 8.0, "beta_enc": 0.38214227525474953, "gamma_cf": 0.43102254485146707, "gamma_fc": 0.09970204994196641, "beta_rec": 0.42321864766033734}, "datetime": {"elapsed": 821.203415, "datetime": "2020-06-14 09:57:35", "delta": 11.056858}}
{"target": 8.5, "params": {"cue_position": 8.0, "beta_enc": 0.11397306793752071, "gamma_cf": 0.7034447445721793, "gamma_fc": 0.777183449004103, "beta_rec": 0.649837421588867}, "datetime": {"elapsed": 832.112503, "datetime": "2020-06-14 09:57:46", "delta": 10.909088}}
{"target": 6.125, "params": {"cue_position": 8.0, "beta_enc": 0.14874871659909264, "gamma_cf": 0.8643372040556041, "gamma_fc": 0.3932059837503712, "beta_rec": 0.5312639451155792}, "datetime": {"elapsed": 843.072569, "datetime": "2020-06-14 09:57:57", "delta": 10.960066}}
{"target": 9.25, "params": {"cue_position": 8.0, "beta_enc": 0.15011256318127586, "gamma_cf": 0.23703552112851878, "gamma_fc": 0.3837161239895832, "beta_rec": 0.09147453100423986}, "datetime": {"elapsed": 854.136888, "datetime": "2020-06-14 09:58:08", "delta": 11.064319}}
{"target": 7.25, "params": {"cue_position": 8.0, "beta_enc": 0.9959973125529997, "gamma_cf": 0.15327288872548883, "gamma_fc": 0.6476601257741411, "beta_rec": 0.952306867387886}, "datetime": {"elapsed": 865.113404, "datetime": "2020-06-14 09:58:19", "delta": 10.976516}}
{"target": 7.875, "params": {"cue_position": 8.0, "beta_enc": 0.2715060510165941, "gamma_cf": 0.6136748586628663, "gamma_fc": 0.1355349912540973, "beta_rec": 0.7923392154677504}, "datetime": {"elapsed": 876.521371, "datetime": "2020-06-14 09:58:31", "delta": 11.407967}}
{"target": 12.0, "params": {"cue_position": 8.0, "beta_enc": 0.8727996344579371, "gamma_cf": 0.8563472178475171, "gamma_fc": 0.09301709617421505, "beta_rec": 0.9567143294900359}, "datetime": {"elapsed": 888.39918, "datetime": "2020-06-14 09:58:43", "delta": 11.877809}}
{"target": 9.625, "params": {"cue_position": 8.0, "beta_enc": 0.49498254557659516, "gamma_cf": 0.9136503440285902, "gamma_fc": 0.31299491903160304, "beta_rec": 0.6337619712575696}, "datetime": {"elapsed": 898.913159, "datetime": "2020-06-14 09:58:53", "delta": 10.513979}}
{"target": 9.5, "params": {"cue_position": 8.0, "beta_enc": 0.2872919736768246, "gamma_cf": 0.931975679413757, "gamma_fc": 0.1693159274235566, "beta_rec": 0.902668513727144}, "datetime": {"elapsed": 910.10243, "datetime": "2020-06-14 09:59:04", "delta": 11.189271}}
{"target": 8.25, "params": {"cue_position": 8.0, "beta_enc": 0.09551441881975009, "gamma_cf": 0.41175740277740525, "gamma_fc": 0.05256698752247224, "beta_rec": 0.41349872805915033}, "datetime": {"elapsed": 921.642066, "datetime": "2020-06-14 09:59:16", "delta": 11.539636}}
{"target": 7.625, "params": {"cue_position": 8.0, "beta_enc": 0.5840329003960476, "gamma_cf": 0.2520414520320775, "gamma_fc": 0.30071380178057183, "beta_rec": 0.8838273634215518}, "datetime": {"elapsed": 933.04295, "datetime": "2020-06-14 09:59:27", "delta": 11.400884}}
