{"target": 8.191666666666666, "params": {"beta_rec": 0.7986042447602102, "gamma_cf": 0.02760601195450363, "cue_position": 4.0, "gamma_fc": 0.593432449464621, "beta_enc": 0.21196016464367595}, "datetime": {"delta": 9.621942, "datetime": "2020-06-20 02:10:55", "elapsed": 783.48341}}
{"target": 7.408333333333333, "params": {"beta_rec": 0.3810161240622142, "gamma_cf": 0.5111414782971282, "cue_position": 4.0, "gamma_fc": 0.5409518049621886, "beta_enc": 0.8438404289311888}, "datetime": {"delta": 9.054081, "datetime": "2020-06-20 02:11:04", "elapsed": 792.537491}}
{"target": 6.770833333333333, "params": {"beta_rec": 0.8039608914986468, "gamma_cf": 0.7093872512312951, "cue_position": 4.0, "gamma_fc": 0.46500148156350607, "beta_enc": 0.9594343210617524}, "datetime": {"delta": 8.555768, "datetime": "2020-06-20 02:11:13", "elapsed": 801.093259}}
{"target": 6.691666666666666, "params": {"beta_rec": 0.2214327343234883, "gamma_cf": 0.081473964877262, "cue_position": 4.0, "gamma_fc": 0.42861882866378653, "beta_enc": 0.9475489413950998}, "datetime": {"delta": 8.515708, "datetime": "2020-06-20 02:11:21", "elapsed": 809.608967}}
{"target": 10.4, "params": {"beta_rec": 0.6337867606119179, "gamma_cf": 0.6968004961201785, "cue_position": 4.0, "gamma_fc": 0.7662113810757705, "beta_enc": 0.10901876401906829}, "datetime": {"delta": 11.292355, "datetime": "2020-06-20 02:11:32", "elapsed": 820.901322}}
{"target": 10.208333333333334, "params": {"beta_rec": 0.8458514830276777, "gamma_cf": 0.8240098704123188, "cue_position": 4.0, "gamma_fc": 0.6264961586242938, "beta_enc": 0.3424541198435198}, "datetime": {"delta": 11.165048, "datetime": "2020-06-20 02:11:44", "elapsed": 832.06637}}
{"target": 8.825, "params": {"beta_rec": 0.07838689985494796, "gamma_cf": 0.06672499763935646, "cue_position": 4.0, "gamma_fc": 0.4585838137084318, "beta_enc": 0.1434230486702449}, "datetime": {"delta": 10.122115, "datetime": "2020-06-20 02:11:54", "elapsed": 842.188485}}
{"target": 10.3875, "params": {"beta_rec": 0.027783348848669953, "gamma_cf": 0.3948504804606394, "cue_position": 4.0, "gamma_fc": 0.7469384956075251, "beta_enc": 0.11334192276759048}, "datetime": {"delta": 11.275688, "datetime": "2020-06-20 02:12:05", "elapsed": 853.464173}}
{"target": 9.470833333333333, "params": {"beta_rec": 0.4500867470007611, "gamma_cf": 0.47400392656219403, "cue_position": 4.0, "gamma_fc": 0.8031633421141696, "beta_enc": 0.45240482674645155}, "datetime": {"delta": 10.613158, "datetime": "2020-06-20 02:12:16", "elapsed": 864.077331}}
{"target": 9.433333333333334, "params": {"beta_rec": 0.904686160343623, "gamma_cf": 0.7738743427204187, "cue_position": 4.0, "gamma_fc": 0.12564138113773882, "beta_enc": 0.40239251985773583}, "datetime": {"delta": 10.55676, "datetime": "2020-06-20 02:12:26", "elapsed": 874.634091}}
{"target": 6.879166666666666, "params": {"beta_rec": 0.010364261335231939, "gamma_cf": 0.0030179566195963625, "cue_position": 4.0, "gamma_fc": 0.9511937854902045, "beta_enc": 0.6185135669120855}, "datetime": {"delta": 8.66326, "datetime": "2020-06-20 02:12:35", "elapsed": 883.297351}}
{"target": 6.1625, "params": {"beta_rec": 0.7959669419422694, "gamma_cf": 0.14555823115839706, "cue_position": 4.0, "gamma_fc": 0.15773006987053328, "beta_enc": 0.905402033702778}, "datetime": {"delta": 8.128224, "datetime": "2020-06-20 02:12:43", "elapsed": 891.425575}}
{"target": 10.245833333333334, "params": {"beta_rec": 0.6224959022999211, "gamma_cf": 0.9899551783590737, "cue_position": 4.0, "gamma_fc": 0.7111224587658159, "beta_enc": 0.187631672902434}, "datetime": {"delta": 11.182169, "datetime": "2020-06-20 02:12:54", "elapsed": 902.607744}}
{"target": 7.295833333333333, "params": {"beta_rec": 0.9092932045442544, "gamma_cf": 0.24985068022503676, "cue_position": 4.0, "gamma_fc": 0.17343017078712286, "beta_enc": 0.7318004091422953}, "datetime": {"delta": 8.994602, "datetime": "2020-06-20 02:13:03", "elapsed": 911.602346}}
{"target": 10.033333333333333, "params": {"beta_rec": 0.8126105880328287, "gamma_cf": 0.2642974827269007, "cue_position": 4.0, "gamma_fc": 0.8190891786335308, "beta_enc": 0.119457050333729}, "datetime": {"delta": 11.016349, "datetime": "2020-06-20 02:13:14", "elapsed": 922.618695}}
{"target": 9.7, "params": {"beta_rec": 0.9824174492929428, "gamma_cf": 0.5336533449712114, "cue_position": 4.0, "gamma_fc": 0.31446701118584963, "beta_enc": 0.31058725179421}, "datetime": {"delta": 10.791265, "datetime": "2020-06-20 02:13:25", "elapsed": 933.40996}}
{"target": 7.095833333333333, "params": {"beta_rec": 0.36655664385123443, "gamma_cf": 0.5122926922783614, "cue_position": 4.0, "gamma_fc": 0.9388864773697133, "beta_enc": 0.9107728311738374}, "datetime": {"delta": 8.840092, "datetime": "2020-06-20 02:13:34", "elapsed": 942.250052}}
{"target": 6.679166666666666, "params": {"beta_rec": 0.7168786636316892, "gamma_cf": 0.027287223517468817, "cue_position": 4.0, "gamma_fc": 0.5220512472525107, "beta_enc": 0.030949006271150714}, "datetime": {"delta": 8.515873, "datetime": "2020-06-20 02:13:42", "elapsed": 950.765925}}
{"target": 10.079166666666667, "params": {"beta_rec": 0.8594893208655858, "gamma_cf": 0.6902278681627478, "cue_position": 4.0, "gamma_fc": 0.45285349995153745, "beta_enc": 0.3259898117700253}, "datetime": {"delta": 11.050799, "datetime": "2020-06-20 02:13:53", "elapsed": 961.816724}}
{"target": 8.741666666666667, "params": {"beta_rec": 0.2900968516874258, "gamma_cf": 0.5767559349870908, "cue_position": 4.0, "gamma_fc": 0.3114442141324628, "beta_enc": 0.6283090375213571}, "datetime": {"delta": 10.04859, "datetime": "2020-06-20 02:14:03", "elapsed": 971.865314}}
{"target": 8.575, "params": {"beta_rec": 0.9164058530538978, "gamma_cf": 0.2473960366023854, "cue_position": 4.0, "gamma_fc": 0.37129376127905445, "beta_enc": 0.5172675985011298}, "datetime": {"delta": 9.924174, "datetime": "2020-06-20 02:14:13", "elapsed": 981.789488}}
{"target": 10.058333333333334, "params": {"beta_rec": 0.9368683813090937, "gamma_cf": 0.9202065143056605, "cue_position": 4.0, "gamma_fc": 0.22790028995131695, "beta_enc": 0.9318611166365406}, "datetime": {"delta": 11.025123, "datetime": "2020-06-20 02:14:24", "elapsed": 992.814611}}
{"target": 9.5125, "params": {"beta_rec": 0.22730973628468876, "gamma_cf": 0.17476587635631158, "cue_position": 4.0, "gamma_fc": 0.6070941619724605, "beta_enc": 0.08748220955359087}, "datetime": {"delta": 10.636406, "datetime": "2020-06-20 02:14:35", "elapsed": 1003.451017}}
{"target": 9.8875, "params": {"beta_rec": 0.8163515118272141, "gamma_cf": 0.7018765297563104, "cue_position": 4.0, "gamma_fc": 0.24035562484913886, "beta_enc": 0.41358641500116133}, "datetime": {"delta": 10.906924, "datetime": "2020-06-20 02:14:46", "elapsed": 1014.357941}}
{"target": 8.6375, "params": {"beta_rec": 0.34898759722078887, "gamma_cf": 0.22881367096037586, "cue_position": 4.0, "gamma_fc": 0.6641025553547935, "beta_enc": 0.5742190888408597}, "datetime": {"delta": 9.975643, "datetime": "2020-06-20 02:14:56", "elapsed": 1024.333584}}
{"target": 9.595833333333333, "params": {"beta_rec": 0.5190159840736788, "gamma_cf": 0.5707158515462564, "cue_position": 4.0, "gamma_fc": 0.99675342520821, "beta_enc": 0.4972500933605313}, "datetime": {"delta": 10.712778, "datetime": "2020-06-20 02:15:07", "elapsed": 1035.046362}}
{"target": 7.2625, "params": {"beta_rec": 0.5943726238309778, "gamma_cf": 0.9015625846693213, "cue_position": 4.0, "gamma_fc": 0.5956079336026455, "beta_enc": 0.8168351087916219}, "datetime": {"delta": 8.988201, "datetime": "2020-06-20 02:15:16", "elapsed": 1044.034563}}
{"target": 10.0375, "params": {"beta_rec": 0.09357709581748075, "gamma_cf": 0.4517331486914753, "cue_position": 4.0, "gamma_fc": 0.37543483316785775, "beta_enc": 0.032426325314457105}, "datetime": {"delta": 11.099678, "datetime": "2020-06-20 02:15:27", "elapsed": 1055.134241}}
{"target": 4.895833333333333, "params": {"beta_rec": 0.1679832931996149, "gamma_cf": 0.7674748688630131, "cue_position": 4.0, "gamma_fc": 0.8242378396244978, "beta_enc": 0.9753500342702865}, "datetime": {"delta": 7.208256, "datetime": "2020-06-20 02:15:34", "elapsed": 1062.342497}}
{"target": 7.379166666666666, "params": {"beta_rec": 0.668732770206732, "gamma_cf": 0.013136356923072245, "cue_position": 4.0, "gamma_fc": 0.3530060855418248, "beta_enc": 0.6326158167779973}, "datetime": {"delta": 9.09786, "datetime": "2020-06-20 02:15:43", "elapsed": 1071.440357}}
{"target": 8.745833333333334, "params": {"beta_rec": 0.7300912110901043, "gamma_cf": 0.4574049160894317, "cue_position": 4.0, "gamma_fc": 0.13766274094560316, "beta_enc": 0.49207180149355845}, "datetime": {"delta": 10.124458, "datetime": "2020-06-20 02:15:53", "elapsed": 1081.564815}}
{"target": 10.05, "params": {"beta_rec": 0.7582782604769962, "gamma_cf": 0.9843834501935107, "cue_position": 4.0, "gamma_fc": 0.220234226159156, "beta_enc": 0.01088873380347899}, "datetime": {"delta": 11.111731, "datetime": "2020-06-20 02:16:04", "elapsed": 1092.676546}}
{"target": 9.004166666666666, "params": {"beta_rec": 0.5238961356661317, "gamma_cf": 0.46385778390029564, "cue_position": 4.0, "gamma_fc": 0.12482254311167629, "beta_enc": 0.33870802548167966}, "datetime": {"delta": 10.328937, "datetime": "2020-06-20 02:16:14", "elapsed": 1103.005483}}
{"target": 9.966666666666667, "params": {"beta_rec": 0.5045191697009946, "gamma_cf": 0.7701499563120922, "cue_position": 4.0, "gamma_fc": 0.13033578095435427, "beta_enc": 0.3125013784920495}, "datetime": {"delta": 11.039265, "datetime": "2020-06-20 02:16:26", "elapsed": 1114.044748}}
{"target": 7.483333333333333, "params": {"beta_rec": 0.5190823222119895, "gamma_cf": 0.012603767029876312, "cue_position": 4.0, "gamma_fc": 0.6724698446537339, "beta_enc": 0.022915131322381765}, "datetime": {"delta": 9.156044, "datetime": "2020-06-20 02:16:35", "elapsed": 1123.200792}}
{"target": 8.645833333333334, "params": {"beta_rec": 0.44924675358663757, "gamma_cf": 0.6443610847569929, "cue_position": 4.0, "gamma_fc": 0.005239837651465851, "beta_enc": 0.6868082266569918}, "datetime": {"delta": 10.021983, "datetime": "2020-06-20 02:16:45", "elapsed": 1133.222775}}
{"target": 9.458333333333334, "params": {"beta_rec": 0.8593178060976, "gamma_cf": 0.6491541971124779, "cue_position": 4.0, "gamma_fc": 0.6736984238986317, "beta_enc": 0.4844284455143756}, "datetime": {"delta": 10.656342, "datetime": "2020-06-20 02:16:55", "elapsed": 1143.879117}}
{"target": 8.625, "params": {"beta_rec": 0.27411977516685215, "gamma_cf": 0.6717297848174203, "cue_position": 4.0, "gamma_fc": 0.35242963021640883, "beta_enc": 0.5784995797892005}, "datetime": {"delta": 10.03551, "datetime": "2020-06-20 02:17:05", "elapsed": 1153.914627}}
{"target": 7.575, "params": {"beta_rec": 0.1950374860087073, "gamma_cf": 0.2896027461868774, "cue_position": 4.0, "gamma_fc": 0.773799287244182, "beta_enc": 0.8558283672539277}, "datetime": {"delta": 9.217037, "datetime": "2020-06-20 02:17:15", "elapsed": 1163.131664}}
{"target": 9.35, "params": {"beta_rec": 0.8076984091122095, "gamma_cf": 0.21369323762958115, "cue_position": 4.0, "gamma_fc": 0.7672845084217665, "beta_enc": 0.4277373293360762}, "datetime": {"delta": 10.564323, "datetime": "2020-06-20 02:17:25", "elapsed": 1173.695987}}
{"target": 7.995833333333334, "params": {"beta_rec": 0.7332450677264275, "gamma_cf": 0.22139670090820107, "cue_position": 4.0, "gamma_fc": 0.21411213682064845, "beta_enc": 0.3086419476306511}, "datetime": {"delta": 9.553424, "datetime": "2020-06-20 02:17:35", "elapsed": 1183.249411}}
{"target": 7.4375, "params": {"beta_rec": 0.14251833776584466, "gamma_cf": 0.026627884691621473, "cue_position": 4.0, "gamma_fc": 0.11092036903424063, "beta_enc": 0.1989479234270667}, "datetime": {"delta": 9.115261, "datetime": "2020-06-20 02:17:44", "elapsed": 1192.364672}}
{"target": 7.295833333333333, "params": {"beta_rec": 0.7997765368973863, "gamma_cf": 0.23170231048579204, "cue_position": 4.0, "gamma_fc": 0.20762566180381437, "beta_enc": 0.6745640237634105}, "datetime": {"delta": 9.027114, "datetime": "2020-06-20 02:17:53", "elapsed": 1201.391786}}
{"target": 7.920833333333333, "params": {"beta_rec": 0.7113145181364867, "gamma_cf": 0.30451798792062024, "cue_position": 4.0, "gamma_fc": 0.8348540476317985, "beta_enc": 0.9173335630816306}, "datetime": {"delta": 9.479836, "datetime": "2020-06-20 02:18:02", "elapsed": 1210.871622}}
{"target": 8.891666666666667, "params": {"beta_rec": 0.9234562151187752, "gamma_cf": 0.47803130796528337, "cue_position": 4.0, "gamma_fc": 0.1262101037493587, "beta_enc": 0.43530595762951996}, "datetime": {"delta": 10.20037, "datetime": "2020-06-20 02:18:13", "elapsed": 1221.071992}}
{"target": 6.266666666666667, "params": {"beta_rec": 0.15983365034409336, "gamma_cf": 0.43118175516037094, "cue_position": 4.0, "gamma_fc": 0.40420190577514725, "beta_enc": 0.9760435504677476}, "datetime": {"delta": 8.230152, "datetime": "2020-06-20 02:18:21", "elapsed": 1229.302144}}
{"target": 10.470833333333333, "params": {"beta_rec": 0.7293189193611234, "gamma_cf": 0.6438956443116628, "cue_position": 4.0, "gamma_fc": 0.7543059505762987, "beta_enc": 0.14675148076429412}, "datetime": {"delta": 11.390804, "datetime": "2020-06-20 02:18:32", "elapsed": 1240.692948}}
{"target": 10.120833333333334, "params": {"beta_rec": 0.60095424810764, "gamma_cf": 0.6382187106203334, "cue_position": 4.0, "gamma_fc": 0.5971273029466491, "beta_enc": 0.21073239208332073}, "datetime": {"delta": 11.158449, "datetime": "2020-06-20 02:18:43", "elapsed": 1251.851397}}
{"target": 9.904166666666667, "params": {"beta_rec": 0.7316064712415088, "gamma_cf": 0.42556139026154693, "cue_position": 4.0, "gamma_fc": 0.7821818168314053, "beta_enc": 0.29548228565549706}, "datetime": {"delta": 10.957491, "datetime": "2020-06-20 02:18:54", "elapsed": 1262.808888}}
{"target": 8.704166666666667, "params": {"beta_rec": 0.8352716024899659, "gamma_cf": 0.3950968688899732, "cue_position": 4.0, "gamma_fc": 0.30008104592535645, "beta_enc": 0.056141039661915304}, "datetime": {"delta": 10.082708, "datetime": "2020-06-20 02:19:04", "elapsed": 1272.891596}}
{"target": 9.920833333333333, "params": {"beta_rec": 0.9046310029362429, "gamma_cf": 0.5306974384761395, "cue_position": 4.0, "gamma_fc": 0.49411626589632507, "beta_enc": 0.08010364380604929}, "datetime": {"delta": 11.025733, "datetime": "2020-06-20 02:19:15", "elapsed": 1283.917329}}
{"target": 9.916666666666666, "params": {"beta_rec": 0.20645405888943302, "gamma_cf": 0.5079216999452875, "cue_position": 4.0, "gamma_fc": 0.2615495518329871, "beta_enc": 0.13216114194293815}, "datetime": {"delta": 11.733101, "datetime": "2020-06-20 02:19:27", "elapsed": 1295.65043}}
{"target": 8.95, "params": {"beta_rec": 0.10806532869723684, "gamma_cf": 0.1065838767888011, "cue_position": 4.0, "gamma_fc": 0.9857088237131878, "beta_enc": 0.3570616088827919}, "datetime": {"delta": 10.606088, "datetime": "2020-06-20 02:19:38", "elapsed": 1306.256518}}
{"target": 10.041666666666666, "params": {"beta_rec": 0.5724051124346493, "gamma_cf": 0.7871162896558341, "cue_position": 4.0, "gamma_fc": 0.18960594781829654, "beta_enc": 0.17716116443841734}, "datetime": {"delta": 10.928623, "datetime": "2020-06-20 02:19:49", "elapsed": 1317.185141}}
{"target": 8.966666666666667, "params": {"beta_rec": 0.7400775431590716, "gamma_cf": 0.5510871741869717, "cue_position": 4.0, "gamma_fc": 0.2166172083287794, "beta_enc": 0.5279039784081266}, "datetime": {"delta": 8.369429, "datetime": "2020-06-20 02:19:57", "elapsed": 1325.55457}}
{"target": 9.558333333333334, "params": {"beta_rec": 0.7229151935562137, "gamma_cf": 0.8619665576670734, "cue_position": 4.0, "gamma_fc": 0.019775099516344263, "beta_enc": 0.7591960493171447}, "datetime": {"delta": 8.795123, "datetime": "2020-06-20 02:20:06", "elapsed": 1334.349693}}
{"target": 6.804166666666666, "params": {"beta_rec": 0.5589038111609383, "gamma_cf": 0.7587469310223366, "cue_position": 4.0, "gamma_fc": 0.7169290016924699, "beta_enc": 0.8602369974231152}, "datetime": {"delta": 7.092333, "datetime": "2020-06-20 02:20:13", "elapsed": 1341.442026}}
{"target": 3.0166666666666666, "params": {"beta_rec": 0.2780850486129828, "gamma_cf": 0.9339026083148878, "cue_position": 4.0, "gamma_fc": 0.8578971045378938, "beta_enc": 0.9873261748084265}, "datetime": {"delta": 4.703967, "datetime": "2020-06-20 02:20:18", "elapsed": 1346.145993}}
{"target": 8.520833333333334, "params": {"beta_rec": 0.5166887829215384, "gamma_cf": 0.7805295568767427, "cue_position": 4.0, "gamma_fc": 0.3748759435368594, "beta_enc": 0.7288508775192559}, "datetime": {"delta": 8.104843, "datetime": "2020-06-20 02:20:26", "elapsed": 1354.250836}}
{"target": 8.108333333333333, "params": {"beta_rec": 0.7506243191751754, "gamma_cf": 0.4018659239678374, "cue_position": 4.0, "gamma_fc": 0.6973080192643409, "beta_enc": 0.7703225253299576}, "datetime": {"delta": 7.828849, "datetime": "2020-06-20 02:20:34", "elapsed": 1362.079685}}
{"target": 6.5125, "params": {"beta_rec": 0.7748966467245978, "gamma_cf": 0.23931570743750463, "cue_position": 4.0, "gamma_fc": 0.12076718430922972, "beta_enc": 0.0031128578251921057}, "datetime": {"delta": 6.875155, "datetime": "2020-06-20 02:20:40", "elapsed": 1368.95484}}
{"target": 9.983333333333333, "params": {"beta_rec": 0.3020967312900983, "gamma_cf": 0.5431664302380945, "cue_position": 4.0, "gamma_fc": 0.2867116496064306, "beta_enc": 0.2202839877937276}, "datetime": {"delta": 10.196456, "datetime": "2020-06-20 02:20:51", "elapsed": 1379.151296}}
{"target": 9.5125, "params": {"beta_rec": 0.29014446310454167, "gamma_cf": 0.3241385298974466, "cue_position": 4.0, "gamma_fc": 0.45736018169099846, "beta_enc": 0.13835468979294652}, "datetime": {"delta": 10.659752, "datetime": "2020-06-20 02:21:01", "elapsed": 1389.811048}}
{"target": 9.4125, "params": {"beta_rec": 0.8281353607315121, "gamma_cf": 0.3456988211755023, "cue_position": 4.0, "gamma_fc": 0.6749716048091052, "beta_enc": 0.44411710701661444}, "datetime": {"delta": 10.597542, "datetime": "2020-06-20 02:21:12", "elapsed": 1400.40859}}
{"target": 10.158333333333333, "params": {"beta_rec": 0.4672458239265538, "gamma_cf": 0.6268556021628346, "cue_position": 4.0, "gamma_fc": 0.8773604746948126, "beta_enc": 0.22148205573352875}, "datetime": {"delta": 11.100208, "datetime": "2020-06-20 02:21:23", "elapsed": 1411.508798}}
{"target": 9.366666666666667, "params": {"beta_rec": 0.7844574187919231, "gamma_cf": 0.6562293317171314, "cue_position": 4.0, "gamma_fc": 0.13184097502750214, "beta_enc": 0.4476890001456285}, "datetime": {"delta": 10.49147, "datetime": "2020-06-20 02:21:33", "elapsed": 1422.000268}}
{"target": 9.845833333333333, "params": {"beta_rec": 0.9093119886549367, "gamma_cf": 0.7667745872371021, "cue_position": 4.0, "gamma_fc": 0.5047006080958943, "beta_enc": 0.43298150696764814}, "datetime": {"delta": 10.839689, "datetime": "2020-06-20 02:21:44", "elapsed": 1432.839957}}
{"target": 9.154166666666667, "params": {"beta_rec": 0.8428998401928499, "gamma_cf": 0.5732722715496846, "cue_position": 4.0, "gamma_fc": 0.9427625754329493, "beta_enc": 0.49805562482800747}, "datetime": {"delta": 10.324506, "datetime": "2020-06-20 02:21:55", "elapsed": 1443.164463}}
{"target": 8.458333333333334, "params": {"beta_rec": 0.1944658095278845, "gamma_cf": 0.25163914235585283, "cue_position": 4.0, "gamma_fc": 0.700726036482538, "beta_enc": 0.5178600481723219}, "datetime": {"delta": 9.78813, "datetime": "2020-06-20 02:22:04", "elapsed": 1452.952593}}
{"target": 9.033333333333333, "params": {"beta_rec": 0.9488362882802196, "gamma_cf": 0.8379779620477293, "cue_position": 4.0, "gamma_fc": 0.007932876194523097, "beta_enc": 0.5402609403968999}, "datetime": {"delta": 10.23794, "datetime": "2020-06-20 02:22:15", "elapsed": 1463.190533}}
{"target": 3.0416666666666665, "params": {"beta_rec": 0.07771457033238649, "gamma_cf": 0.9461523954567653, "cue_position": 4.0, "gamma_fc": 0.008939102371245067, "beta_enc": 0.989340056166638}, "datetime": {"delta": 5.71149, "datetime": "2020-06-20 02:22:20", "elapsed": 1468.902023}}
{"target": 8.375, "params": {"beta_rec": 0.8612116383667944, "gamma_cf": 0.2557451938059312, "cue_position": 4.0, "gamma_fc": 0.8026895196332986, "beta_enc": 0.8227300054219355}, "datetime": {"delta": 9.727216, "datetime": "2020-06-20 02:22:30", "elapsed": 1478.629239}}
{"target": 9.066666666666666, "params": {"beta_rec": 0.13433860865569613, "gamma_cf": 0.8959699670066484, "cue_position": 4.0, "gamma_fc": 0.49154515001693533, "beta_enc": 0.47786200443222115}, "datetime": {"delta": 10.259566, "datetime": "2020-06-20 02:22:40", "elapsed": 1488.888805}}
{"target": 7.658333333333333, "params": {"beta_rec": 0.41857802576409864, "gamma_cf": 0.39799063940792245, "cue_position": 4.0, "gamma_fc": 0.5057420174508104, "beta_enc": 0.8567024965177922}, "datetime": {"delta": 9.189039, "datetime": "2020-06-20 02:22:50", "elapsed": 1498.077844}}
{"target": 6.358333333333333, "params": {"beta_rec": 0.9649889241109139, "gamma_cf": 0.10345955611640134, "cue_position": 4.0, "gamma_fc": 0.1443154002290481, "beta_enc": 0.1895517028339273}, "datetime": {"delta": 8.219752, "datetime": "2020-06-20 02:22:58", "elapsed": 1506.297596}}
{"target": 10.333333333333334, "params": {"beta_rec": 0.7159456994623945, "gamma_cf": 0.7945783511847522, "cue_position": 4.0, "gamma_fc": 0.5070799232841364, "beta_enc": 0.014092294192442956}, "datetime": {"delta": 11.240524, "datetime": "2020-06-20 02:23:09", "elapsed": 1517.53812}}
{"target": 7.9375, "params": {"beta_rec": 0.6957642142718394, "gamma_cf": 0.4064828689770863, "cue_position": 4.0, "gamma_fc": 0.6477706331874812, "beta_enc": 0.7918210395041538}, "datetime": {"delta": 9.401145, "datetime": "2020-06-20 02:23:18", "elapsed": 1526.939265}}
{"target": 9.591666666666667, "params": {"beta_rec": 0.321819963387904, "gamma_cf": 0.4086372250132624, "cue_position": 4.0, "gamma_fc": 0.2414187479655988, "beta_enc": 0.1797942976929744}, "datetime": {"delta": 10.654805, "datetime": "2020-06-20 02:23:29", "elapsed": 1537.59407}}
