{"target": 10.4375, "params": {"cue_position": 0.0, "beta_enc": 0.417022004702574, "gamma_cf": 1.0, "beta_rec": 0.7203244934421581, "gamma_fc": 0.14675589081711304}, "datetime": {"elapsed": 0.0, "datetime": "2020-08-12 14:07:49", "delta": 0.0}}
{"target": 10.391666666666667, "params": {"cue_position": 0.0, "beta_enc": 0.0923385947687978, "gamma_cf": 1.0, "beta_rec": 0.1862602113776709, "gamma_fc": 0.538816734003357}, "datetime": {"elapsed": 17.097342, "datetime": "2020-08-12 14:08:06", "delta": 17.097342}}
{"target": 10.516666666666667, "params": {"cue_position": 0.0, "beta_enc": 0.4191945144032948, "gamma_cf": 1.0, "beta_rec": 0.6852195003967595, "gamma_fc": 0.027387593197926163}, "datetime": {"elapsed": 34.346567, "datetime": "2020-08-12 14:08:24", "delta": 17.249225}}
{"target": 9.233333333333333, "params": {"cue_position": 0.0, "beta_enc": 0.6704675101784022, "gamma_cf": 1.0, "beta_rec": 0.41730480236712697, "gamma_fc": 0.1981014890848788}, "datetime": {"elapsed": 50.095802, "datetime": "2020-08-12 14:08:39", "delta": 15.749235}}
{"target": 6.570833333333334, "params": {"cue_position": 0.0, "beta_enc": 0.8007445686755367, "gamma_cf": 1.0, "beta_rec": 0.9682615757193975, "gamma_fc": 0.8763891522960383}, "datetime": {"elapsed": 62.783236, "datetime": "2020-08-12 14:08:52", "delta": 12.687434}}
{"target": 2.933333333333333, "params": {"cue_position": 0.0, "beta_enc": 0.8946066635038473, "gamma_cf": 1.0, "beta_rec": 0.08504421136977791, "gamma_fc": 0.8781425034294131}, "datetime": {"elapsed": 71.209309, "datetime": "2020-08-12 14:09:01", "delta": 8.426073}}
{"target": 10.479166666666666, "params": {"cue_position": 0.0, "beta_enc": 0.0983468338330501, "gamma_cf": 1.0, "beta_rec": 0.42110762500505217, "gamma_fc": 0.6918771139504734}, "datetime": {"elapsed": 88.397736, "datetime": "2020-08-12 14:09:18", "delta": 17.188427}}
{"target": 10.2375, "params": {"cue_position": 0.0, "beta_enc": 0.31551563100606295, "gamma_cf": 1.0, "beta_rec": 0.6865009276815837, "gamma_fc": 0.7501443149449675}, "datetime": {"elapsed": 105.329538, "datetime": "2020-08-12 14:09:35", "delta": 16.931802}}
{"target": 6.233333333333333, "params": {"cue_position": 0.0, "beta_enc": 0.9888610889064947, "gamma_cf": 1.0, "beta_rec": 0.7481656543798394, "gamma_fc": 0.10322600657764203}, "datetime": {"elapsed": 117.58566, "datetime": "2020-08-12 14:09:47", "delta": 12.256122}}
{"target": 9.825, "params": {"cue_position": 0.0, "beta_enc": 0.44789352617590517, "gamma_cf": 1.0, "beta_rec": 0.9085955030930956, "gamma_fc": 0.13002857211827767}, "datetime": {"elapsed": 134.062348, "datetime": "2020-08-12 14:10:03", "delta": 16.476688}}
{"target": 10.316666666666666, "params": {"cue_position": 0.0, "beta_enc": 0.019366957870297075, "gamma_cf": 1.0, "beta_rec": 0.678835532939891, "gamma_fc": 0.4915731592803383}, "datetime": {"elapsed": 151.075673, "datetime": "2020-08-12 14:10:20", "delta": 17.013325}}
{"target": 10.570833333333333, "params": {"cue_position": 0.0, "beta_enc": 0.053362545117080384, "gamma_cf": 1.0, "beta_rec": 0.5741176054920131, "gamma_fc": 0.6997583600209312}, "datetime": {"elapsed": 168.395323, "datetime": "2020-08-12 14:10:38", "delta": 17.31965}}
{"target": 10.479166666666666, "params": {"cue_position": 0.0, "beta_enc": 0.10233442882782584, "gamma_cf": 1.0, "beta_rec": 0.4140559878195683, "gamma_fc": 0.04995345894608716}, "datetime": {"elapsed": 185.59477, "datetime": "2020-08-12 14:10:55", "delta": 17.199447}}
{"target": 10.191666666666666, "params": {"cue_position": 0.0, "beta_enc": 0.5358964059155116, "gamma_cf": 1.0, "beta_rec": 0.6637946452197888, "gamma_fc": 0.5865550405019929}, "datetime": {"elapsed": 202.456721, "datetime": "2020-08-12 14:11:12", "delta": 16.861951}}
{"target": 3.65, "params": {"cue_position": 0.0, "beta_enc": 0.9034019152878835, "gamma_cf": 1.0, "beta_rec": 0.13747470414623753, "gamma_fc": 0.3976768369855336}, "datetime": {"elapsed": 211.72685, "datetime": "2020-08-12 14:11:21", "delta": 9.270129}}
{"target": 10.533333333333333, "params": {"cue_position": 0.0, "beta_enc": 0.16535419711693278, "gamma_cf": 1.0, "beta_rec": 0.9275085803960339, "gamma_fc": 0.7259979853504515}, "datetime": {"elapsed": 228.979712, "datetime": "2020-08-12 14:11:38", "delta": 17.252862}}
{"target": 6.970833333333333, "params": {"cue_position": 0.0, "beta_enc": 0.8833060912058098, "gamma_cf": 1.0, "beta_rec": 0.6236722070556089, "gamma_fc": 0.2699278917650261}, "datetime": {"elapsed": 242.117777, "datetime": "2020-08-12 14:11:51", "delta": 13.138065}}
{"target": 4.625, "params": {"cue_position": 0.0, "beta_enc": 0.8958862181960668, "gamma_cf": 1.0, "beta_rec": 0.4280911898712949, "gamma_fc": 0.6216957202091218}, "datetime": {"elapsed": 252.517964, "datetime": "2020-08-12 14:12:02", "delta": 10.400187}}
{"target": 10.470833333333333, "params": {"cue_position": 0.0, "beta_enc": 0.11474597295337519, "gamma_cf": 1.0, "beta_rec": 0.9494892587070712, "gamma_fc": 0.40813680276128117}, "datetime": {"elapsed": 269.715226, "datetime": "2020-08-12 14:12:19", "delta": 17.197262}}
{"target": 10.233333333333333, "params": {"cue_position": 0.0, "beta_enc": 0.2370269802430277, "gamma_cf": 1.0, "beta_rec": 0.9033795205622538, "gamma_fc": 0.6171449136207239}, "datetime": {"elapsed": 286.618051, "datetime": "2020-08-12 14:12:36", "delta": 16.902825}}
{"target": 10.2125, "params": {"cue_position": 0.0, "beta_enc": 0.32664490177209615, "gamma_cf": 1.0, "beta_rec": 0.5270581022576093, "gamma_fc": 0.9085351509197992}, "datetime": {"elapsed": 303.525963, "datetime": "2020-08-12 14:12:53", "delta": 16.907912}}
{"target": 5.95, "params": {"cue_position": 0.0, "beta_enc": 0.6233601157918027, "gamma_cf": 1.0, "beta_rec": 0.015821242846556283, "gamma_fc": 0.9973228504514805}, "datetime": {"elapsed": 315.508528, "datetime": "2020-08-12 14:13:05", "delta": 11.982565}}
{"target": 10.420833333333333, "params": {"cue_position": 0.0, "beta_enc": 0.17234050834532855, "gamma_cf": 1.0, "beta_rec": 0.13713574962887776, "gamma_fc": 0.06600017272206249}, "datetime": {"elapsed": 332.630736, "datetime": "2020-08-12 14:13:22", "delta": 17.122208}}
{"target": 11.975, "params": {"cue_position": 0.0, "beta_enc": 0.7554630526024664, "gamma_cf": 1.0, "beta_rec": 0.7538761884612464, "gamma_fc": 0.1242709619721647}, "datetime": {"elapsed": 351.514403, "datetime": "2020-08-12 14:13:41", "delta": 18.883667}}
{"target": 10.558333333333334, "params": {"cue_position": 0.0, "beta_enc": 0.01988013383979559, "gamma_cf": 1.0, "beta_rec": 0.026210986877719278, "gamma_fc": 0.860027948682888}, "datetime": {"elapsed": 368.798775, "datetime": "2020-08-12 14:13:58", "delta": 17.284372}}
{"target": 10.7625, "params": {"cue_position": 0.0, "beta_enc": 0.5388310643416528, "gamma_cf": 1.0, "beta_rec": 0.5528219786857659, "gamma_fc": 0.2791836790111395}, "datetime": {"elapsed": 386.315126, "datetime": "2020-08-12 14:14:16", "delta": 17.516351}}
{"target": 9.620833333333334, "params": {"cue_position": 0.0, "beta_enc": 0.5857592714582879, "gamma_cf": 1.0, "beta_rec": 0.9695957483196745, "gamma_fc": 0.8006326726806163}, "datetime": {"elapsed": 402.529311, "datetime": "2020-08-12 14:14:32", "delta": 16.214185}}
{"target": 10.329166666666667, "params": {"cue_position": 0.0, "beta_enc": 0.23297427384102043, "gamma_cf": 1.0, "beta_rec": 0.8071051956187791, "gamma_fc": 0.7471216427371846}, "datetime": {"elapsed": 419.549355, "datetime": "2020-08-12 14:14:49", "delta": 17.020044}}
{"target": 7.579166666666667, "params": {"cue_position": 0.0, "beta_enc": 0.5562402339904189, "gamma_cf": 1.0, "beta_rec": 0.13645522566068502, "gamma_fc": 0.044551878544761725}, "datetime": {"elapsed": 433.405007, "datetime": "2020-08-12 14:15:03", "delta": 13.855652}}
{"target": 10.4125, "params": {"cue_position": 0.0, "beta_enc": 0.1074941291060929, "gamma_cf": 1.0, "beta_rec": 0.2257093386078547, "gamma_fc": 0.012555980159115854}, "datetime": {"elapsed": 450.520994, "datetime": "2020-08-12 14:15:20", "delta": 17.115987}}
{"target": 10.579166666666667, "params": {"cue_position": 0.0, "beta_enc": 0.07197427968948678, "gamma_cf": 1.0, "beta_rec": 0.967276330000272, "gamma_fc": 0.2523257445703234}, "datetime": {"elapsed": 467.826176, "datetime": "2020-08-12 14:15:37", "delta": 17.305182}}
{"target": 5.55, "params": {"cue_position": 0.0, "beta_enc": 0.7438258540750929, "gamma_cf": 1.0, "beta_rec": 0.1954294811093188, "gamma_fc": 0.8468288014900353}, "datetime": {"elapsed": 479.316233, "datetime": "2020-08-12 14:15:49", "delta": 11.490057}}
{"target": 10.341666666666667, "params": {"cue_position": 0.0, "beta_enc": 0.23984775914758616, "gamma_cf": 1.0, "beta_rec": 0.49376971426872995, "gamma_fc": 0.15679139464608427}, "datetime": {"elapsed": 496.368465, "datetime": "2020-08-12 14:16:06", "delta": 17.052232}}
{"target": 10.591666666666667, "params": {"cue_position": 0.0, "beta_enc": 0.018576202177409518, "gamma_cf": 1.0, "beta_rec": 0.07002214371922233, "gamma_fc": 0.5688514370864813}, "datetime": {"elapsed": 513.701308, "datetime": "2020-08-12 14:16:23", "delta": 17.332843}}
{"target": 10.329166666666667, "params": {"cue_position": 0.0, "beta_enc": 0.31736240932216075, "gamma_cf": 1.0, "beta_rec": 0.9886161544124489, "gamma_fc": 0.5509482191178968}, "datetime": {"elapsed": 530.761025, "datetime": "2020-08-12 14:16:40", "delta": 17.059717}}
{"target": 9.429166666666667, "params": {"cue_position": 0.0, "beta_enc": 0.7453344309065021, "gamma_cf": 1.0, "beta_rec": 0.6692328934531846, "gamma_fc": 0.3700841979141063}, "datetime": {"elapsed": 546.730949, "datetime": "2020-08-12 14:16:56", "delta": 15.969924}}
{"target": 7.533333333333333, "params": {"cue_position": 0.0, "beta_enc": 0.6297175070215645, "gamma_cf": 1.0, "beta_rec": 0.2101740099148396, "gamma_fc": 0.26031509857854096}, "datetime": {"elapsed": 560.524946, "datetime": "2020-08-12 14:17:10", "delta": 13.793997}}
{"target": 4.55, "params": {"cue_position": 0.0, "beta_enc": 0.8047545637433454, "gamma_cf": 1.0, "beta_rec": 0.19343428262332774, "gamma_fc": 0.9248079703993507}, "datetime": {"elapsed": 570.838817, "datetime": "2020-08-12 14:17:20", "delta": 10.313871}}
{"target": 9.995833333333334, "params": {"cue_position": 0.0, "beta_enc": 0.263296770487111, "gamma_cf": 1.0, "beta_rec": 0.06596109068402378, "gamma_fc": 0.907815852503524}, "datetime": {"elapsed": 587.483388, "datetime": "2020-08-12 14:17:37", "delta": 16.644571}}
{"target": 2.495833333333333, "params": {"cue_position": 0.0, "beta_enc": 0.9319720691968373, "gamma_cf": 1.0, "beta_rec": 0.013951572975597015, "gamma_fc": 0.9490163206876164}, "datetime": {"elapsed": 595.397152, "datetime": "2020-08-12 14:17:45", "delta": 7.913764}}
{"target": 4.679166666666666, "params": {"cue_position": 0.0, "beta_enc": 0.9501761192470797, "gamma_cf": 1.0, "beta_rec": 0.5566531881951564, "gamma_fc": 0.39000771414124624}, "datetime": {"elapsed": 605.879832, "datetime": "2020-08-12 14:17:55", "delta": 10.48268}}
{"target": 9.65, "params": {"cue_position": 0.0, "beta_enc": 0.48599066709690975, "gamma_cf": 1.0, "beta_rec": 0.6043104829199732, "gamma_fc": 0.9187334356336061}, "datetime": {"elapsed": 622.139873, "datetime": "2020-08-12 14:18:12", "delta": 16.260041}}
{"target": 9.920833333333333, "params": {"cue_position": 0.0, "beta_enc": 0.3948756129235549, "gamma_cf": 1.0, "beta_rec": 0.9632625284407118, "gamma_fc": 0.13507915804673132}, "datetime": {"elapsed": 638.728013, "datetime": "2020-08-12 14:18:28", "delta": 16.58814}}
{"target": 7.275, "params": {"cue_position": 0.0, "beta_enc": 0.5056621656768967, "gamma_cf": 1.0, "beta_rec": 0.021524805274197978, "gamma_fc": 0.015018980742122379}, "datetime": {"elapsed": 652.240788, "datetime": "2020-08-12 14:18:42", "delta": 13.512775}}
{"target": 10.554166666666667, "params": {"cue_position": 0.0, "beta_enc": 0.17619625557505525, "gamma_cf": 1.0, "beta_rec": 0.332063574366837, "gamma_fc": 0.34473665268329345}, "datetime": {"elapsed": 669.544122, "datetime": "2020-08-12 14:18:59", "delta": 17.303334}}
{"target": 3.441666666666667, "params": {"cue_position": 0.0, "beta_enc": 0.9401074823333672, "gamma_cf": 1.0, "beta_rec": 0.58201417994708, "gamma_fc": 0.9053923187086492}, "datetime": {"elapsed": 678.575917, "datetime": "2020-08-12 14:19:08", "delta": 9.031795}}
{"target": 10.183333333333334, "params": {"cue_position": 0.0, "beta_enc": 0.45988026581680697, "gamma_cf": 1.0, "beta_rec": 0.5463468160203733, "gamma_fc": 0.4902535226199277}, "datetime": {"elapsed": 695.440687, "datetime": "2020-08-12 14:19:25", "delta": 16.86477}}
{"target": 6.354166666666667, "params": {"cue_position": 0.0, "beta_enc": 0.5991103076458784, "gamma_cf": 1.0, "beta_rec": 0.015533275550835723, "gamma_fc": 0.8073605288848414}, "datetime": {"elapsed": 707.867017, "datetime": "2020-08-12 14:19:37", "delta": 12.42633}}
{"target": 10.258333333333333, "params": {"cue_position": 0.0, "beta_enc": 0.31524480309537295, "gamma_cf": 1.0, "beta_rec": 0.8928887085251513, "gamma_fc": 0.7879292338255043}, "datetime": {"elapsed": 724.804629, "datetime": "2020-08-12 14:19:54", "delta": 16.937612}}
{"target": 5.895833333333333, "params": {"cue_position": 0.0, "beta_enc": 0.6120311770449339, "gamma_cf": 1.0, "beta_rec": 0.053909272073752956, "gamma_fc": 0.9186017779775258}, "datetime": {"elapsed": 736.717624, "datetime": "2020-08-12 14:20:06", "delta": 11.912995}}
{"target": 10.445833333333333, "params": {"cue_position": 0.0, "beta_enc": 0.00040202489135743313, "gamma_cf": 1.0, "beta_rec": 0.9767591490310596, "gamma_fc": 0.604716100974053}, "datetime": {"elapsed": 753.895279, "datetime": "2020-08-12 14:20:23", "delta": 17.177655}}
{"target": 6.045833333333333, "params": {"cue_position": 0.0, "beta_enc": 0.828845807980693, "gamma_cf": 1.0, "beta_rec": 0.5747115047081023, "gamma_fc": 0.586833340656083}, "datetime": {"elapsed": 765.952469, "datetime": "2020-08-12 14:20:35", "delta": 12.05719}}
{"target": 7.379166666666666, "params": {"cue_position": 0.0, "beta_enc": 0.7500217637026599, "gamma_cf": 1.0, "beta_rec": 0.8583138364290424, "gamma_fc": 0.8644794300545998}, "datetime": {"elapsed": 779.574883, "datetime": "2020-08-12 14:20:49", "delta": 13.622414}}
{"target": 10.233333333333333, "params": {"cue_position": 0.0, "beta_enc": 0.32268099683674645, "gamma_cf": 1.0, "beta_rec": 0.6707887907875872, "gamma_fc": 0.4108113499221856}, "datetime": {"elapsed": 796.50662, "datetime": "2020-08-12 14:21:06", "delta": 16.931737}}
{"target": 9.758333333333333, "params": {"cue_position": 0.0, "beta_enc": 0.4014795834695406, "gamma_cf": 1.0, "beta_rec": 0.3173839459582769, "gamma_fc": 0.9738020779272523}, "datetime": {"elapsed": 812.89793, "datetime": "2020-08-12 14:21:22", "delta": 16.39131}}
{"target": 6.316666666666666, "params": {"cue_position": 0.0, "beta_enc": 0.6778008914343111, "gamma_cf": 1.0, "beta_rec": 0.19856988842711087, "gamma_fc": 0.7976388039585666}, "datetime": {"elapsed": 825.289268, "datetime": "2020-08-12 14:21:35", "delta": 12.391338}}
{"target": 12.679166666666667, "params": {"cue_position": 0.0, "beta_enc": 0.8799982885634318, "gamma_cf": 1.0, "beta_rec": 0.903841955826372, "gamma_fc": 0.25236670150458973}, "datetime": {"elapsed": 844.995713, "datetime": "2020-08-12 14:21:54", "delta": 19.706445}}
{"target": 4.729166666666667, "params": {"cue_position": 0.0, "beta_enc": 0.8548979426974024, "gamma_cf": 1.0, "beta_rec": 0.5277146463087466, "gamma_fc": 0.7331425252875111}, "datetime": {"elapsed": 855.537155, "datetime": "2020-08-12 14:22:05", "delta": 10.541442}}
{"target": 10.441666666666666, "params": {"cue_position": 0.0, "beta_enc": 0.5190116274640558, "gamma_cf": 1.0, "beta_rec": 0.770883910501888, "gamma_fc": 0.3426889079532818}, "datetime": {"elapsed": 872.710708, "datetime": "2020-08-12 14:22:22", "delta": 17.173553}}
{"target": 10.579166666666667, "params": {"cue_position": 0.0, "beta_enc": 0.06820934841670412, "gamma_cf": 1.0, "beta_rec": 0.37792417932809985, "gamma_fc": 0.18161285133076377}, "datetime": {"elapsed": 890.06249, "datetime": "2020-08-12 14:22:39", "delta": 17.351782}}
{"target": 12.85, "params": {"cue_position": 0.0, "beta_enc": 0.8118586977205398, "gamma_cf": 1.0, "beta_rec": 0.8749616449558981, "gamma_fc": 0.16097143681560877}, "datetime": {"elapsed": 909.995016, "datetime": "2020-08-12 14:22:59", "delta": 19.932526}}
{"target": 10.0, "params": {"cue_position": 0.0, "beta_enc": 0.4668800227633063, "gamma_cf": 1.0, "beta_rec": 0.345172051155215, "gamma_fc": 0.31226983770191696}, "datetime": {"elapsed": 926.653146, "datetime": "2020-08-12 14:23:16", "delta": 16.65813}}
{"target": 13.395833333333334, "params": {"cue_position": 0.0, "beta_enc": 0.9163055534683507, "gamma_cf": 1.0, "beta_rec": 0.9096355249515571, "gamma_fc": 0.19296273201911285}, "datetime": {"elapsed": 947.156862, "datetime": "2020-08-12 14:23:37", "delta": 20.503716}}
{"target": 10.058333333333334, "params": {"cue_position": 0.0, "beta_enc": 0.49958417067888605, "gamma_cf": 1.0, "beta_rec": 0.7285856679745962, "gamma_fc": 0.851671874936367}, "datetime": {"elapsed": 963.876516, "datetime": "2020-08-12 14:23:53", "delta": 16.719654}}
{"target": 10.191666666666666, "params": {"cue_position": 0.0, "beta_enc": 0.41584871826752734, "gamma_cf": 1.0, "beta_rec": 0.6166850671552362, "gamma_fc": 0.5158570169685298}, "datetime": {"elapsed": 980.75743, "datetime": "2020-08-12 14:24:10", "delta": 16.880914}}
{"target": 8.825, "params": {"cue_position": 0.0, "beta_enc": 0.47714098704978236, "gamma_cf": 1.0, "beta_rec": 0.15267164409316325, "gamma_fc": 0.6541373469707443}, "datetime": {"elapsed": 996.031801, "datetime": "2020-08-12 14:24:25", "delta": 15.274371}}
{"target": 10.554166666666667, "params": {"cue_position": 0.0, "beta_enc": 0.1445455401246598, "gamma_cf": 1.0, "beta_rec": 0.7515278171352439, "gamma_fc": 0.7852960282216189}, "datetime": {"elapsed": 1013.314831, "datetime": "2020-08-12 14:24:43", "delta": 17.28303}}
{"target": 10.166666666666666, "params": {"cue_position": 0.0, "beta_enc": 0.02233042799180618, "gamma_cf": 1.0, "beta_rec": 0.3243624597261865, "gamma_fc": 0.5384405925945437}, "datetime": {"elapsed": 1030.191848, "datetime": "2020-08-12 14:25:00", "delta": 16.877017}}
{"target": 13.854166666666666, "params": {"cue_position": 0.0, "beta_enc": 0.866608274166513, "gamma_cf": 1.0, "beta_rec": 0.9498059913536265, "gamma_fc": 0.09874340182034835}, "datetime": {"elapsed": 1051.255922, "datetime": "2020-08-12 14:25:21", "delta": 21.064074}}
{"target": 11.816666666666666, "params": {"cue_position": 0.0, "beta_enc": 0.651304332340991, "gamma_cf": 1.0, "beta_rec": 0.703516988152653, "gamma_fc": 0.03457121987163425}, "datetime": {"elapsed": 1070.017842, "datetime": "2020-08-12 14:25:39", "delta": 18.76192}}
{"target": 8.2, "params": {"cue_position": 0.0, "beta_enc": 0.7702387345549799, "gamma_cf": 1.0, "beta_rec": 0.731728600739527, "gamma_fc": 0.6323033174301278}, "datetime": {"elapsed": 1084.591876, "datetime": "2020-08-12 14:25:54", "delta": 14.574034}}
{"target": 10.0625, "params": {"cue_position": 0.0, "beta_enc": 0.34529746159108154, "gamma_cf": 1.0, "beta_rec": 0.7965886780072875, "gamma_fc": 0.9904717836238407}, "datetime": {"elapsed": 1101.311396, "datetime": "2020-08-12 14:26:11", "delta": 16.71952}}
{"target": 10.083333333333334, "params": {"cue_position": 0.0, "beta_enc": 0.30024833953390007, "gamma_cf": 1.0, "beta_rec": 0.14300582825809938, "gamma_fc": 0.9747403708550822}, "datetime": {"elapsed": 1118.055666, "datetime": "2020-08-12 14:26:27", "delta": 16.74427}}
{"target": 10.375, "params": {"cue_position": 0.0, "beta_enc": 0.6366044000018972, "gamma_cf": 1.0, "beta_rec": 0.9939130246104789, "gamma_fc": 0.1354279030721699}, "datetime": {"elapsed": 1135.120555, "datetime": "2020-08-12 14:26:44", "delta": 17.064889}}
{"target": 8.825, "params": {"cue_position": 0.0, "beta_enc": 0.3557051709838811, "gamma_cf": 1.0, "beta_rec": 0.026218567296373285, "gamma_fc": 0.03039968992878883}, "datetime": {"elapsed": 1150.382215, "datetime": "2020-08-12 14:27:00", "delta": 15.26166}}
{"target": 10.108333333333333, "params": {"cue_position": 0.0, "beta_enc": 0.36654309724374434, "gamma_cf": 1.0, "beta_rec": 0.8623462528380441, "gamma_fc": 0.18863680095531088}, "datetime": {"elapsed": 1167.153546, "datetime": "2020-08-12 14:27:17", "delta": 16.771331}}
{"target": 10.441666666666666, "params": {"cue_position": 0.0, "beta_enc": 0.44190428074842336, "gamma_cf": 1.0, "beta_rec": 0.5815774073442912, "gamma_fc": 0.24773290176235485}, "datetime": {"elapsed": 1184.300813, "datetime": "2020-08-12 14:27:34", "delta": 17.147267}}
{"target": 10.158333333333333, "params": {"cue_position": 0.0, "beta_enc": 0.26217308377291193, "gamma_cf": 1.0, "beta_rec": 0.7501724132979928, "gamma_fc": 0.5085162406102396}, "datetime": {"elapsed": 1201.127933, "datetime": "2020-08-12 14:27:51", "delta": 16.82712}}
{"target": 10.408333333333333, "params": {"cue_position": 0.0, "beta_enc": 0.21196016464367595, "gamma_cf": 1.0, "beta_rec": 0.7986042447602102, "gamma_fc": 0.593432449464621}, "datetime": {"elapsed": 1218.23664, "datetime": "2020-08-12 14:28:08", "delta": 17.108707}}
{"target": 5.516666666666667, "params": {"cue_position": 0.0, "beta_enc": 0.8438404289311888, "gamma_cf": 1.0, "beta_rec": 0.3810161240622142, "gamma_fc": 0.5409518049621886}, "datetime": {"elapsed": 1229.593882, "datetime": "2020-08-12 14:28:19", "delta": 11.357242}}
{"target": 6.55, "params": {"cue_position": 0.0, "beta_enc": 0.9594343210617524, "gamma_cf": 1.0, "beta_rec": 0.8039608914986468, "gamma_fc": 0.46500148156350607}, "datetime": {"elapsed": 1242.174594, "datetime": "2020-08-12 14:28:32", "delta": 12.580712}}
{"target": 3.370833333333333, "params": {"cue_position": 0.0, "beta_enc": 0.9475489413950998, "gamma_cf": 1.0, "beta_rec": 0.2214327343234883, "gamma_fc": 0.42861882866378653}, "datetime": {"elapsed": 1251.112481, "datetime": "2020-08-12 14:28:40", "delta": 8.937887}}
