{"target": 8.375, "params": {"gamma_fc": 0.14675589081711304, "cue_position": 15.0, "beta_rec": 0.7203244934421581, "gamma_cf": 0.30233257263183977, "beta_enc": 0.417022004702574}, "datetime": {"elapsed": 0.0, "delta": 0.0, "datetime": "2020-06-13 20:39:14"}}
{"target": 10.375, "params": {"gamma_fc": 0.538816734003357, "cue_position": 15.0, "beta_rec": 0.1862602113776709, "gamma_cf": 0.39676747423066994, "beta_enc": 0.0923385947687978}, "datetime": {"elapsed": 0.375977, "delta": 0.375977, "datetime": "2020-06-13 20:39:15"}}
{"target": 7.875, "params": {"gamma_fc": 0.027387593197926163, "cue_position": 15.0, "beta_rec": 0.6852195003967595, "gamma_cf": 0.8781174363909454, "beta_enc": 0.4191945144032948}, "datetime": {"elapsed": 0.699615, "delta": 0.323638, "datetime": "2020-06-13 20:39:15"}}
{"target": 8.25, "params": {"gamma_fc": 0.1981014890848788, "cue_position": 15.0, "beta_rec": 0.41730480236712697, "gamma_cf": 0.14038693859523377, "beta_enc": 0.6704675101784022}, "datetime": {"elapsed": 1.031953, "delta": 0.332338, "datetime": "2020-06-13 20:39:15"}}
{"target": 6.0, "params": {"gamma_fc": 0.8763891522960383, "cue_position": 15.0, "beta_rec": 0.9682615757193975, "gamma_cf": 0.6923226156693141, "beta_enc": 0.8007445686755367}, "datetime": {"elapsed": 1.319704, "delta": 0.287751, "datetime": "2020-06-13 20:39:15"}}
{"target": 7.5, "params": {"gamma_fc": 0.8781425034294131, "cue_position": 15.0, "beta_rec": 0.08504421136977791, "gamma_cf": 0.1698304195645689, "beta_enc": 0.8946066635038473}, "datetime": {"elapsed": 1.637428, "delta": 0.317724, "datetime": "2020-06-13 20:39:16"}}
{"target": 10.625, "params": {"gamma_fc": 0.6918771139504734, "cue_position": 15.0, "beta_rec": 0.42110762500505217, "gamma_cf": 0.5331652849730171, "beta_enc": 0.0983468338330501}, "datetime": {"elapsed": 2.016368, "delta": 0.37894, "datetime": "2020-06-13 20:39:16"}}
{"target": 8.0, "params": {"gamma_fc": 0.7501443149449675, "cue_position": 15.0, "beta_rec": 0.6865009276815837, "gamma_cf": 0.018288277344191806, "beta_enc": 0.31551563100606295}, "datetime": {"elapsed": 2.344619, "delta": 0.328251, "datetime": "2020-06-13 20:39:16"}}
{"target": 6.25, "params": {"gamma_fc": 0.10322600657764203, "cue_position": 15.0, "beta_rec": 0.7481656543798394, "gamma_cf": 0.7892793284514885, "beta_enc": 0.9888610889064947}, "datetime": {"elapsed": 2.636278, "delta": 0.291659, "datetime": "2020-06-13 20:39:17"}}
{"target": 7.5, "params": {"gamma_fc": 0.13002857211827767, "cue_position": 15.0, "beta_rec": 0.9085955030930956, "gamma_cf": 0.28777533858634874, "beta_enc": 0.44789352617590517}, "datetime": {"elapsed": 2.954503, "delta": 0.318225, "datetime": "2020-06-13 20:39:17"}}
{"target": 9.25, "params": {"gamma_fc": 0.4915731592803383, "cue_position": 15.0, "beta_rec": 0.678835532939891, "gamma_cf": 0.2655466593722262, "beta_enc": 0.019366957870297075}, "datetime": {"elapsed": 3.305602, "delta": 0.351099, "datetime": "2020-06-13 20:39:17"}}
{"target": 10.5, "params": {"gamma_fc": 0.6997583600209312, "cue_position": 15.0, "beta_rec": 0.5741176054920131, "gamma_cf": 0.5893055369032842, "beta_enc": 0.053362545117080384}, "datetime": {"elapsed": 3.680653, "delta": 0.375051, "datetime": "2020-06-13 20:39:18"}}
{"target": 10.0, "params": {"gamma_fc": 0.04995345894608716, "cue_position": 15.0, "beta_rec": 0.4140559878195683, "gamma_cf": 0.41417926952690265, "beta_enc": 0.10233442882782584}, "datetime": {"elapsed": 4.046369, "delta": 0.365716, "datetime": "2020-06-13 20:39:18"}}
{"target": 7.25, "params": {"gamma_fc": 0.5865550405019929, "cue_position": 15.0, "beta_rec": 0.6637946452197888, "gamma_cf": 0.9445947559908133, "beta_enc": 0.5358964059155116}, "datetime": {"elapsed": 4.358736, "delta": 0.312367, "datetime": "2020-06-13 20:39:19"}}
{"target": 3.875, "params": {"gamma_fc": 0.3976768369855336, "cue_position": 15.0, "beta_rec": 0.13747470414623753, "gamma_cf": 0.8073912887095238, "beta_enc": 0.9034019152878835}, "datetime": {"elapsed": 4.604267, "delta": 0.245531, "datetime": "2020-06-13 20:39:19"}}
{"target": 9.875, "params": {"gamma_fc": 0.7259979853504515, "cue_position": 15.0, "beta_rec": 0.9275085803960339, "gamma_cf": 0.7508121031361555, "beta_enc": 0.16535419711693278}, "datetime": {"elapsed": 4.969333, "delta": 0.365066, "datetime": "2020-06-13 20:39:19"}}
{"target": 7.625, "params": {"gamma_fc": 0.2699278917650261, "cue_position": 15.0, "beta_rec": 0.6236722070556089, "gamma_cf": 0.34889834197784253, "beta_enc": 0.8833060912058098}, "datetime": {"elapsed": 5.292891, "delta": 0.323558, "datetime": "2020-06-13 20:39:19"}}
{"target": 6.625, "params": {"gamma_fc": 0.6216957202091218, "cue_position": 15.0, "beta_rec": 0.4280911898712949, "gamma_cf": 0.6634414978184481, "beta_enc": 0.8958862181960668}, "datetime": {"elapsed": 5.591997, "delta": 0.299106, "datetime": "2020-06-13 20:39:20"}}
{"target": 9.125, "params": {"gamma_fc": 0.40813680276128117, "cue_position": 15.0, "beta_rec": 0.9494892587070712, "gamma_cf": 0.5783896143871318, "beta_enc": 0.11474597295337519}, "datetime": {"elapsed": 5.942629, "delta": 0.350632, "datetime": "2020-06-13 20:39:20"}}
{"target": 8.75, "params": {"gamma_fc": 0.6171449136207239, "cue_position": 15.0, "beta_rec": 0.9033795205622538, "gamma_cf": 0.00287032703115897, "beta_enc": 0.2370269802430277}, "datetime": {"elapsed": 6.284258, "delta": 0.341629, "datetime": "2020-06-13 20:39:20"}}
{"target": 8.75, "params": {"gamma_fc": 0.9085351509197992, "cue_position": 15.0, "beta_rec": 0.5270581022576093, "gamma_cf": 0.35726976000249977, "beta_enc": 0.32664490177209615}, "datetime": {"elapsed": 6.628132, "delta": 0.343874, "datetime": "2020-06-13 20:39:21"}}
{"target": 6.5, "params": {"gamma_fc": 0.9973228504514805, "cue_position": 15.0, "beta_rec": 0.015821242846556283, "gamma_cf": 0.690896917516924, "beta_enc": 0.6233601157918027}, "datetime": {"elapsed": 6.926968, "delta": 0.298836, "datetime": "2020-06-13 20:39:21"}}
{"target": 10.875, "params": {"gamma_fc": 0.06600017272206249, "cue_position": 15.0, "beta_rec": 0.13713574962887776, "gamma_cf": 0.6968181614899002, "beta_enc": 0.17234050834532855}, "datetime": {"elapsed": 7.309416, "delta": 0.382448, "datetime": "2020-06-13 20:39:21"}}
{"target": 6.75, "params": {"gamma_fc": 0.1242709619721647, "cue_position": 15.0, "beta_rec": 0.7538761884612464, "gamma_cf": 0.7115247586284718, "beta_enc": 0.7554630526024664}, "datetime": {"elapsed": 7.610113, "delta": 0.300697, "datetime": "2020-06-13 20:39:22"}}
{"target": 9.125, "params": {"gamma_fc": 0.860027948682888, "cue_position": 15.0, "beta_rec": 0.026210986877719278, "gamma_cf": 0.2462110676030459, "beta_enc": 0.01988013383979559}, "datetime": {"elapsed": 7.957249, "delta": 0.347136, "datetime": "2020-06-13 20:39:22"}}
{"target": 8.375, "params": {"gamma_fc": 0.2791836790111395, "cue_position": 15.0, "beta_rec": 0.5528219786857659, "gamma_cf": 0.12417331511991114, "beta_enc": 0.5388310643416528}, "datetime": {"elapsed": 8.291722, "delta": 0.334473, "datetime": "2020-06-13 20:39:22"}}
{"target": 7.5, "params": {"gamma_fc": 0.8006326726806163, "cue_position": 15.0, "beta_rec": 0.9695957483196745, "gamma_cf": 0.01864728937294302, "beta_enc": 0.5857592714582879}, "datetime": {"elapsed": 8.609804, "delta": 0.318082, "datetime": "2020-06-13 20:39:23"}}
{"target": 9.625, "params": {"gamma_fc": 0.7471216427371846, "cue_position": 15.0, "beta_rec": 0.8071051956187791, "gamma_cf": 0.8635418545594287, "beta_enc": 0.23297427384102043}, "datetime": {"elapsed": 8.973861, "delta": 0.364057, "datetime": "2020-06-13 20:39:23"}}
{"target": 8.875, "params": {"gamma_fc": 0.044551878544761725, "cue_position": 15.0, "beta_rec": 0.13645522566068502, "gamma_cf": 0.12134345574073735, "beta_enc": 0.5562402339904189}, "datetime": {"elapsed": 9.317639, "delta": 0.343778, "datetime": "2020-06-13 20:39:23"}}
{"target": 9.75, "params": {"gamma_fc": 0.012555980159115854, "cue_position": 15.0, "beta_rec": 0.2257093386078547, "gamma_cf": 0.5597169820541424, "beta_enc": 0.1074941291060929}, "datetime": {"elapsed": 9.67854, "delta": 0.360901, "datetime": "2020-06-13 20:39:24"}}
{"target": 8.125, "params": {"gamma_fc": 0.2523257445703234, "cue_position": 15.0, "beta_rec": 0.967276330000272, "gamma_cf": 0.20329323466099047, "beta_enc": 0.07197427968948678}, "datetime": {"elapsed": 10.008547, "delta": 0.330007, "datetime": "2020-06-13 20:39:24"}}
{"target": 5.125, "params": {"gamma_fc": 0.8468288014900353, "cue_position": 15.0, "beta_rec": 0.1954294811093188, "gamma_cf": 0.9700199890883123, "beta_enc": 0.7438258540750929}, "datetime": {"elapsed": 10.27941, "delta": 0.270863, "datetime": "2020-06-13 20:39:24"}}
{"target": 10.0, "params": {"gamma_fc": 0.15679139464608427, "cue_position": 15.0, "beta_rec": 0.49376971426872995, "gamma_cf": 0.8289808995501787, "beta_enc": 0.23984775914758616}, "datetime": {"elapsed": 10.646175, "delta": 0.366765, "datetime": "2020-06-13 20:39:25"}}
{"target": 10.875, "params": {"gamma_fc": 0.5688514370864813, "cue_position": 15.0, "beta_rec": 0.07002214371922233, "gamma_cf": 0.6063294616533303, "beta_enc": 0.018576202177409518}, "datetime": {"elapsed": 11.030932, "delta": 0.384757, "datetime": "2020-06-13 20:39:25"}}
{"target": 10.125, "params": {"gamma_fc": 0.5509482191178968, "cue_position": 15.0, "beta_rec": 0.9886161544124489, "gamma_cf": 0.3801411726235504, "beta_enc": 0.31736240932216075}, "datetime": {"elapsed": 11.401181, "delta": 0.370249, "datetime": "2020-06-13 20:39:26"}}
{"target": 8.5, "params": {"gamma_fc": 0.3700841979141063, "cue_position": 15.0, "beta_rec": 0.6692328934531846, "gamma_cf": 0.06633483442844157, "beta_enc": 0.7453344309065021}, "datetime": {"elapsed": 11.735827, "delta": 0.334646, "datetime": "2020-06-13 20:39:26"}}
{"target": 8.375, "params": {"gamma_fc": 0.26031509857854096, "cue_position": 15.0, "beta_rec": 0.2101740099148396, "gamma_cf": 0.06653648135411494, "beta_enc": 0.6297175070215645}, "datetime": {"elapsed": 12.067948, "delta": 0.332121, "datetime": "2020-06-13 20:39:26"}}
{"target": 8.875, "params": {"gamma_fc": 0.9248079703993507, "cue_position": 15.0, "beta_rec": 0.19343428262332774, "gamma_cf": 0.5246703091237337, "beta_enc": 0.8047545637433454}, "datetime": {"elapsed": 12.411522, "delta": 0.343574, "datetime": "2020-06-13 20:39:27"}}
{"target": 8.625, "params": {"gamma_fc": 0.907815852503524, "cue_position": 15.0, "beta_rec": 0.06596109068402378, "gamma_cf": 0.7721780295432468, "beta_enc": 0.263296770487111}, "datetime": {"elapsed": 12.752727, "delta": 0.341205, "datetime": "2020-06-13 20:39:27"}}
{"target": 5.75, "params": {"gamma_fc": 0.9490163206876164, "cue_position": 15.0, "beta_rec": 0.013951572975597015, "gamma_cf": 0.6167783570016576, "beta_enc": 0.9319720691968373}, "datetime": {"elapsed": 13.036255, "delta": 0.283528, "datetime": "2020-06-13 20:39:27"}}
{"target": 5.25, "params": {"gamma_fc": 0.39000771414124624, "cue_position": 15.0, "beta_rec": 0.5566531881951564, "gamma_cf": 0.6415662089463375, "beta_enc": 0.9501761192470797}, "datetime": {"elapsed": 13.309983, "delta": 0.273728, "datetime": "2020-06-13 20:39:27"}}
{"target": 9.375, "params": {"gamma_fc": 0.9187334356336061, "cue_position": 15.0, "beta_rec": 0.6043104829199732, "gamma_cf": 0.9261814267064536, "beta_enc": 0.48599066709690975}, "datetime": {"elapsed": 13.6636, "delta": 0.353617, "datetime": "2020-06-13 20:39:28"}}
{"target": 6.375, "params": {"gamma_fc": 0.13507915804673132, "cue_position": 15.0, "beta_rec": 0.9632625284407118, "gamma_cf": 0.12632951943963733, "beta_enc": 0.3948756129235549}, "datetime": {"elapsed": 13.961183, "delta": 0.297583, "datetime": "2020-06-13 20:39:28"}}
{"target": 8.375, "params": {"gamma_fc": 0.015018980742122379, "cue_position": 15.0, "beta_rec": 0.021524805274197978, "gamma_cf": 0.8271154711707325, "beta_enc": 0.5056621656768967}, "datetime": {"elapsed": 14.293489, "delta": 0.332306, "datetime": "2020-06-13 20:39:28"}}
{"target": 9.375, "params": {"gamma_fc": 0.34473665268329345, "cue_position": 15.0, "beta_rec": 0.332063574366837, "gamma_cf": 0.8094906921265821, "beta_enc": 0.17619625557505525}, "datetime": {"elapsed": 14.649014, "delta": 0.355525, "datetime": "2020-06-13 20:39:29"}}
{"target": 6.25, "params": {"gamma_fc": 0.9053923187086492, "cue_position": 15.0, "beta_rec": 0.58201417994708, "gamma_cf": 0.8447344453922219, "beta_enc": 0.9401074823333672}, "datetime": {"elapsed": 14.943208, "delta": 0.294194, "datetime": "2020-06-13 20:39:29"}}
{"target": 9.875, "params": {"gamma_fc": 0.4902535226199277, "cue_position": 15.0, "beta_rec": 0.5463468160203733, "gamma_cf": 0.28571885173414757, "beta_enc": 0.45988026581680697}, "datetime": {"elapsed": 15.308977, "delta": 0.365769, "datetime": "2020-06-13 20:39:29"}}
{"target": 8.375, "params": {"gamma_fc": 0.8073605288848414, "cue_position": 15.0, "beta_rec": 0.015533275550835723, "gamma_cf": 0.4336763489894583, "beta_enc": 0.5991103076458784}, "datetime": {"elapsed": 15.64451, "delta": 0.335533, "datetime": "2020-06-13 20:39:30"}}
{"target": 9.5, "params": {"gamma_fc": 0.7879292338255043, "cue_position": 15.0, "beta_rec": 0.8928887085251513, "gamma_cf": 0.18401020162746506, "beta_enc": 0.31524480309537295}, "datetime": {"elapsed": 16.004968, "delta": 0.360458, "datetime": "2020-06-13 20:39:30"}}
{"target": 8.125, "params": {"gamma_fc": 0.9186017779775258, "cue_position": 15.0, "beta_rec": 0.053909272073752956, "gamma_cf": 0.6790688365654296, "beta_enc": 0.6120311770449339}, "datetime": {"elapsed": 16.332211, "delta": 0.327243, "datetime": "2020-06-13 20:39:30"}}
{"target": 11.125, "params": {"gamma_fc": 0.604716100974053, "cue_position": 15.0, "beta_rec": 0.9767591490310596, "gamma_cf": 0.9737835383583225, "beta_enc": 0.00040202489135743313}, "datetime": {"elapsed": 16.720033, "delta": 0.387822, "datetime": "2020-06-13 20:39:31"}}
{"target": 8.875, "params": {"gamma_fc": 0.586833340656083, "cue_position": 15.0, "beta_rec": 0.5747115047081023, "gamma_cf": 0.28557628169569393, "beta_enc": 0.828845807980693}, "datetime": {"elapsed": 17.066985, "delta": 0.346952, "datetime": "2020-06-13 20:39:31"}}
{"target": 8.75, "params": {"gamma_fc": 0.8644794300545998, "cue_position": 15.0, "beta_rec": 0.8583138364290424, "gamma_cf": 0.698057248447303, "beta_enc": 0.7500217637026599}, "datetime": {"elapsed": 17.408063, "delta": 0.341078, "datetime": "2020-06-13 20:39:32"}}
{"target": 9.0, "params": {"gamma_fc": 0.4108113499221856, "cue_position": 15.0, "beta_rec": 0.6707887907875872, "gamma_cf": 0.3821027520315172, "beta_enc": 0.32268099683674645}, "datetime": {"elapsed": 17.753859, "delta": 0.345796, "datetime": "2020-06-13 20:39:32"}}
{"target": 9.875, "params": {"gamma_fc": 0.9738020779272523, "cue_position": 15.0, "beta_rec": 0.3173839459582769, "gamma_cf": 0.43024727082126435, "beta_enc": 0.4014795834695406}, "datetime": {"elapsed": 18.115558, "delta": 0.361699, "datetime": "2020-06-13 20:39:32"}}
{"target": 8.0, "params": {"gamma_fc": 0.7976388039585666, "cue_position": 15.0, "beta_rec": 0.19856988842711087, "gamma_cf": 0.343346239774423, "beta_enc": 0.6778008914343111}, "datetime": {"elapsed": 18.444315, "delta": 0.328757, "datetime": "2020-06-13 20:39:33"}}
{"target": 7.5, "params": {"gamma_fc": 0.25236670150458973, "cue_position": 15.0, "beta_rec": 0.903841955826372, "gamma_cf": 0.2702082620297578, "beta_enc": 0.8799982885634318}, "datetime": {"elapsed": 18.761948, "delta": 0.317633, "datetime": "2020-06-13 20:39:33"}}
{"target": 7.625, "params": {"gamma_fc": 0.7331425252875111, "cue_position": 15.0, "beta_rec": 0.5277146463087466, "gamma_cf": 0.5724885171916063, "beta_enc": 0.8548979426974024}, "datetime": {"elapsed": 19.084159, "delta": 0.322211, "datetime": "2020-06-13 20:39:33"}}
{"target": 8.75, "params": {"gamma_fc": 0.3426889079532818, "cue_position": 15.0, "beta_rec": 0.770883910501888, "gamma_cf": 0.4657098785919809, "beta_enc": 0.5190116274640558}, "datetime": {"elapsed": 19.42716, "delta": 0.343001, "datetime": "2020-06-13 20:39:34"}}
{"target": 11.125, "params": {"gamma_fc": 0.18161285133076377, "cue_position": 15.0, "beta_rec": 0.37792417932809985, "gamma_cf": 0.982817113730445, "beta_enc": 0.06820934841670412}, "datetime": {"elapsed": 19.816782, "delta": 0.389622, "datetime": "2020-06-13 20:39:34"}}
{"target": 7.0, "params": {"gamma_fc": 0.16097143681560877, "cue_position": 15.0, "beta_rec": 0.8749616449558981, "gamma_cf": 0.5694944127453757, "beta_enc": 0.8118586977205398}, "datetime": {"elapsed": 20.124705, "delta": 0.307923, "datetime": "2020-06-13 20:39:34"}}
{"target": 9.25, "params": {"gamma_fc": 0.31226983770191696, "cue_position": 15.0, "beta_rec": 0.345172051155215, "gamma_cf": 0.5925118687657968, "beta_enc": 0.4668800227633063}, "datetime": {"elapsed": 20.475492, "delta": 0.350787, "datetime": "2020-06-13 20:39:35"}}
{"target": 5.875, "params": {"gamma_fc": 0.19296273201911285, "cue_position": 15.0, "beta_rec": 0.9096355249515571, "gamma_cf": 0.1108913007440292, "beta_enc": 0.9163055534683507}, "datetime": {"elapsed": 20.760443, "delta": 0.284951, "datetime": "2020-06-13 20:39:35"}}
{"target": 8.625, "params": {"gamma_fc": 0.851671874936367, "cue_position": 15.0, "beta_rec": 0.7285856679745962, "gamma_cf": 0.24803355837723073, "beta_enc": 0.49958417067888605}, "datetime": {"elapsed": 21.101223, "delta": 0.34078, "datetime": "2020-06-13 20:39:35"}}
{"target": 9.0, "params": {"gamma_fc": 0.5158570169685298, "cue_position": 15.0, "beta_rec": 0.6166850671552362, "gamma_cf": 0.10196725942579743, "beta_enc": 0.41584871826752734}, "datetime": {"elapsed": 21.447478, "delta": 0.346255, "datetime": "2020-06-13 20:39:36"}}
{"target": 9.5, "params": {"gamma_fc": 0.6541373469707443, "cue_position": 15.0, "beta_rec": 0.15267164409316325, "gamma_cf": 0.5440101188139381, "beta_enc": 0.47714098704978236}, "datetime": {"elapsed": 21.802433, "delta": 0.354955, "datetime": "2020-06-13 20:39:36"}}
{"target": 9.625, "params": {"gamma_fc": 0.7852960282216189, "cue_position": 15.0, "beta_rec": 0.7515278171352439, "gamma_cf": 0.519351824366033, "beta_enc": 0.1445455401246598}, "datetime": {"elapsed": 22.160372, "delta": 0.357939, "datetime": "2020-06-13 20:39:36"}}
{"target": 11.375, "params": {"gamma_fc": 0.5384405925945437, "cue_position": 15.0, "beta_rec": 0.3243624597261865, "gamma_cf": 0.8447096076020696, "beta_enc": 0.02233042799180618}, "datetime": {"elapsed": 22.551019, "delta": 0.390647, "datetime": "2020-06-13 20:39:37"}}
{"target": 7.625, "params": {"gamma_fc": 0.09874340182034835, "cue_position": 15.0, "beta_rec": 0.9498059913536265, "gamma_cf": 0.8541154438365387, "beta_enc": 0.866608274166513}, "datetime": {"elapsed": 22.871499, "delta": 0.32048, "datetime": "2020-06-13 20:39:37"}}
{"target": 8.375, "params": {"gamma_fc": 0.03457121987163425, "cue_position": 15.0, "beta_rec": 0.703516988152653, "gamma_cf": 0.799615261736028, "beta_enc": 0.651304332340991}, "datetime": {"elapsed": 23.207245, "delta": 0.335746, "datetime": "2020-06-13 20:39:37"}}
{"target": 9.25, "params": {"gamma_fc": 0.6323033174301278, "cue_position": 15.0, "beta_rec": 0.731728600739527, "gamma_cf": 0.2570692988221467, "beta_enc": 0.7702387345549799}, "datetime": {"elapsed": 23.561931, "delta": 0.354686, "datetime": "2020-06-13 20:39:38"}}
{"target": 8.75, "params": {"gamma_fc": 0.9904717836238407, "cue_position": 15.0, "beta_rec": 0.7965886780072875, "gamma_cf": 0.7827494147841719, "beta_enc": 0.34529746159108154}, "datetime": {"elapsed": 23.904692, "delta": 0.342761, "datetime": "2020-06-13 20:39:38"}}
{"target": 11.5, "params": {"gamma_fc": 0.9747403708550822, "cue_position": 15.0, "beta_rec": 0.14300582825809938, "gamma_cf": 0.5415593788873733, "beta_enc": 0.30024833953390007}, "datetime": {"elapsed": 24.301406, "delta": 0.396714, "datetime": "2020-06-13 20:39:38"}}
{"target": 8.25, "params": {"gamma_fc": 0.1354279030721699, "cue_position": 15.0, "beta_rec": 0.9939130246104789, "gamma_cf": 0.5264259339055213, "beta_enc": 0.6366044000018972}, "datetime": {"elapsed": 24.636004, "delta": 0.334598, "datetime": "2020-06-13 20:39:39"}}
{"target": 9.625, "params": {"gamma_fc": 0.03039968992878883, "cue_position": 15.0, "beta_rec": 0.026218567296373285, "gamma_cf": 0.7456371927074961, "beta_enc": 0.3557051709838811}, "datetime": {"elapsed": 24.995537, "delta": 0.359533, "datetime": "2020-06-13 20:39:39"}}
{"target": 8.5, "params": {"gamma_fc": 0.18863680095531088, "cue_position": 15.0, "beta_rec": 0.8623462528380441, "gamma_cf": 0.6909421420661686, "beta_enc": 0.36654309724374434}, "datetime": {"elapsed": 25.335264, "delta": 0.339727, "datetime": "2020-06-13 20:39:39"}}
{"target": 9.25, "params": {"gamma_fc": 0.24773290176235485, "cue_position": 15.0, "beta_rec": 0.5815774073442912, "gamma_cf": 0.20390622523312185, "beta_enc": 0.44190428074842336}, "datetime": {"elapsed": 25.687844, "delta": 0.35258, "datetime": "2020-06-13 20:39:40"}}
{"target": 7.875, "params": {"gamma_fc": 0.5085162406102396, "cue_position": 15.0, "beta_rec": 0.7501724132979928, "gamma_cf": 0.05692943841109499, "beta_enc": 0.26217308377291193}, "datetime": {"elapsed": 26.0132, "delta": 0.325356, "datetime": "2020-06-13 20:39:40"}}
{"target": 8.375, "params": {"gamma_fc": 0.593432449464621, "cue_position": 15.0, "beta_rec": 0.7986042447602102, "gamma_cf": 0.02760601195450363, "beta_enc": 0.21196016464367595}, "datetime": {"elapsed": 26.347764, "delta": 0.334564, "datetime": "2020-06-13 20:39:40"}}
{"target": 8.625, "params": {"gamma_fc": 0.5409518049621886, "cue_position": 15.0, "beta_rec": 0.3810161240622142, "gamma_cf": 0.5111414782971282, "beta_enc": 0.8438404289311888}, "datetime": {"elapsed": 26.688681, "delta": 0.340917, "datetime": "2020-06-13 20:39:41"}}
{"target": 5.125, "params": {"gamma_fc": 0.46500148156350607, "cue_position": 15.0, "beta_rec": 0.8039608914986468, "gamma_cf": 0.7093872512312951, "beta_enc": 0.9594343210617524}, "datetime": {"elapsed": 26.959254, "delta": 0.270573, "datetime": "2020-06-13 20:39:41"}}
