{"target": 5.925222222222223, "params": {"gamma_fc": 0.30233257263183977, "beta_enc": 0.417022004702574, "beta_rec": 0.7203244934421581, "cue_position": 10.0}, "datetime": {"datetime": "2020-08-31 10:15:58", "elapsed": 0.0, "delta": 0.0}}
{"target": 7.024111111111111, "params": {"gamma_fc": 0.34556072704304774, "beta_enc": 0.14675589081711304, "beta_rec": 0.0923385947687978, "cue_position": 10.0}, "datetime": {"datetime": "2020-08-31 10:24:56", "elapsed": 538.399114, "delta": 538.399114}}
{"target": 6.531222222222222, "params": {"gamma_fc": 0.6852195003967595, "beta_enc": 0.39676747423066994, "beta_rec": 0.538816734003357, "cue_position": 10.0}, "datetime": {"datetime": "2020-08-31 10:33:27", "elapsed": 1049.258264, "delta": 510.85915}}
{"target": 7.010000000000001, "params": {"gamma_fc": 0.6704675101784022, "beta_enc": 0.20445224973151743, "beta_rec": 0.8781174363909454, "cue_position": 10.0}, "datetime": {"datetime": "2020-08-31 10:42:20", "elapsed": 1582.604295, "delta": 533.346031}}
{"target": 5.703333333333333, "params": {"gamma_fc": 0.1981014890848788, "beta_enc": 0.41730480236712697, "beta_rec": 0.5586898284457517, "cue_position": 10.0}, "datetime": {"datetime": "2020-08-31 10:50:04", "elapsed": 2046.764468, "delta": 464.160173}}
{"target": 4.190222222222222, "params": {"gamma_fc": 0.6923226156693141, "beta_enc": 0.8007445686755367, "beta_rec": 0.9682615757193975, "cue_position": 10.0}, "datetime": {"datetime": "2020-08-31 10:56:32", "elapsed": 2434.119867, "delta": 387.355399}}
{"target": 4.755000000000001, "params": {"gamma_fc": 0.03905478323288236, "beta_enc": 0.8763891522960383, "beta_rec": 0.8946066635038473, "cue_position": 10.0}, "datetime": {"datetime": "2020-08-31 11:03:31", "elapsed": 2853.448219, "delta": 419.328352}}
{"target": 6.949444444444445, "params": {"gamma_fc": 0.42110762500505217, "beta_enc": 0.1698304195645689, "beta_rec": 0.8781425034294131, "cue_position": 10.0}, "datetime": {"datetime": "2020-08-31 11:12:27", "elapsed": 3389.534929, "delta": 536.08671}}
{"target": 2.5730000000000004, "params": {"gamma_fc": 0.31551563100606295, "beta_enc": 0.9578895301505019, "beta_rec": 0.5331652849730171, "cue_position": 10.0}, "datetime": {"datetime": "2020-08-31 11:17:30", "elapsed": 3692.819172, "delta": 303.284243}}
{"target": 5.281777777777778, "params": {"gamma_fc": 0.7501443149449675, "beta_enc": 0.6865009276815837, "beta_rec": 0.8346256718973729, "cue_position": 10.0}, "datetime": {"datetime": "2020-08-31 11:24:58", "elapsed": 4140.479169, "delta": 447.659997}}
{"target": 1.8115555555555556, "params": {"gamma_fc": 0.7892793284514885, "beta_enc": 0.9888610889064947, "beta_rec": 0.7481656543798394, "cue_position": 10.0}, "datetime": {"datetime": "2020-08-31 11:29:21", "elapsed": 4403.294368, "delta": 262.815199}}
{"target": 7.042333333333334, "params": {"gamma_fc": 0.2936141483736795, "beta_enc": 0.10322600657764203, "beta_rec": 0.44789352617590517, "cue_position": 10.0}, "datetime": {"datetime": "2020-08-31 11:38:19", "elapsed": 4941.149014, "delta": 537.854646}}
{"target": 6.727888888888889, "params": {"gamma_fc": 0.678835532939891, "beta_enc": 0.28777533858634874, "beta_rec": 0.13002857211827767, "cue_position": 10.0}, "datetime": {"datetime": "2020-08-31 11:46:59", "elapsed": 5461.371249, "delta": 520.222235}}
{"target": 6.694, "params": {"gamma_fc": 0.053362545117080384, "beta_enc": 0.21162811600005904, "beta_rec": 0.2655466593722262, "cue_position": 10.0}, "datetime": {"datetime": "2020-08-31 11:55:37", "elapsed": 5979.332309, "delta": 517.96106}}
{"target": 5.272, "params": {"gamma_fc": 0.6997583600209312, "beta_enc": 0.5741176054920131, "beta_rec": 0.14672857490581015, "cue_position": 10.0}, "datetime": {"datetime": "2020-08-31 12:03:00", "elapsed": 6422.738864, "delta": 443.406555}}
{"target": 7.05111111111111, "params": {"gamma_fc": 0.41417926952690265, "beta_enc": 0.10233442882782584, "beta_rec": 0.4140559878195683, "cue_position": 10.0}, "datetime": {"datetime": "2020-08-31 12:11:56", "elapsed": 6958.878915, "delta": 536.140051}}
{"target": 7.056333333333333, "params": {"gamma_fc": 0.5148891120583086, "beta_enc": 0.04995345894608716, "beta_rec": 0.5358964059155116, "cue_position": 10.0}, "datetime": {"datetime": "2020-08-31 12:20:54", "elapsed": 7495.986868, "delta": 537.107953}}
{"target": 3.1325555555555558, "params": {"gamma_fc": 0.13747470414623753, "beta_enc": 0.9445947559908133, "beta_rec": 0.5865550405019929, "cue_position": 10.0}, "datetime": {"datetime": "2020-08-31 12:26:24", "elapsed": 7826.630294, "delta": 330.643426}}
{"target": 6.830444444444444, "params": {"gamma_fc": 0.16535419711693278, "beta_enc": 0.13927634725075855, "beta_rec": 0.8073912887095238, "cue_position": 10.0}, "datetime": {"datetime": "2020-08-31 12:35:09", "elapsed": 8351.748039, "delta": 525.117745}}
{"target": 2.3271111111111114, "params": {"gamma_fc": 0.7259979853504515, "beta_enc": 0.9275085803960339, "beta_rec": 0.34776585974550656, "cue_position": 10.0}, "datetime": {"datetime": "2020-08-31 12:39:57", "elapsed": 8639.705173, "delta": 287.957134}}
{"target": 2.842111111111111, "params": {"gamma_fc": 0.34889834197784253, "beta_enc": 0.8833060912058098, "beta_rec": 0.6236722070556089, "cue_position": 10.0}, "datetime": {"datetime": "2020-08-31 12:45:13", "elapsed": 8955.074796, "delta": 315.369623}}
{"target": 7.0409999999999995, "params": {"gamma_fc": 0.9648400471483856, "beta_enc": 0.2699278917650261, "beta_rec": 0.8958862181960668, "cue_position": 10.0}, "datetime": {"datetime": "2020-08-31 12:54:09", "elapsed": 9491.599604, "delta": 536.524808}}
{"target": 5.508333333333333, "params": {"gamma_fc": 0.9494892587070712, "beta_enc": 0.6634414978184481, "beta_rec": 0.6216957202091218, "cue_position": 10.0}, "datetime": {"datetime": "2020-08-31 13:01:45", "elapsed": 9947.135732, "delta": 455.536128}}
{"target": 5.630555555555555, "params": {"gamma_fc": 0.2370269802430277, "beta_enc": 0.4499121334799405, "beta_rec": 0.5783896143871318, "cue_position": 10.0}, "datetime": {"datetime": "2020-08-31 13:09:27", "elapsed": 10409.224788, "delta": 462.089056}}
{"target": 2.5474444444444444, "params": {"gamma_fc": 0.6171449136207239, "beta_enc": 0.9033795205622538, "beta_rec": 0.5736794866722859, "cue_position": 10.0}, "datetime": {"datetime": "2020-08-31 13:14:27", "elapsed": 10709.484495, "delta": 300.259707}}
{"target": 6.384333333333333, "params": {"gamma_fc": 0.35726976000249977, "beta_enc": 0.32664490177209615, "beta_rec": 0.5270581022576093, "cue_position": 10.0}, "datetime": {"datetime": "2020-08-31 13:22:49", "elapsed": 11211.520159, "delta": 502.035664}}
{"target": 2.5972222222222223, "params": {"gamma_fc": 0.9294372337437613, "beta_enc": 0.9085351509197992, "beta_rec": 0.6233601157918027, "cue_position": 10.0}, "datetime": {"datetime": "2020-08-31 13:27:51", "elapsed": 11513.817564, "delta": 302.297405}}
{"target": 5.167888888888888, "params": {"gamma_fc": 0.13713574962887776, "beta_enc": 0.690896917516924, "beta_rec": 0.9973228504514805, "cue_position": 10.0}, "datetime": {"datetime": "2020-08-31 13:35:09", "elapsed": 11951.27923, "delta": 437.461666}}
{"target": 2.3271111111111114, "params": {"gamma_fc": 0.7554630526024664, "beta_enc": 0.9325954630371636, "beta_rec": 0.6968181614899002, "cue_position": 10.0}, "datetime": {"datetime": "2020-08-31 13:39:57", "elapsed": 12239.433814, "delta": 288.154584}}
{"target": 4.588333333333333, "params": {"gamma_fc": 0.1242709619721647, "beta_enc": 0.7538761884612464, "beta_rec": 0.9230245355464833, "cue_position": 10.0}, "datetime": {"datetime": "2020-08-31 13:46:45", "elapsed": 12647.443432, "delta": 408.009618}}
{"target": 7.105111111111112, "params": {"gamma_fc": 0.2462110676030459, "beta_enc": 0.01988013383979559, "beta_rec": 0.026210986877719278, "cue_position": 10.0}, "datetime": {"datetime": "2020-08-31 13:55:44", "elapsed": 13186.440749, "delta": 538.997317}}
{"target": 3.0994444444444444, "params": {"gamma_fc": 0.8420308923596057, "beta_enc": 0.860027948682888, "beta_rec": 0.5388310643416528, "cue_position": 10.0}, "datetime": {"datetime": "2020-08-31 14:01:13", "elapsed": 13515.094374, "delta": 328.653625}}
{"target": 7.0806666666666676, "params": {"gamma_fc": 0.9695957483196745, "beta_enc": 0.12417331511991114, "beta_rec": 0.2791836790111395, "cue_position": 10.0}, "datetime": {"datetime": "2020-08-31 14:10:12", "elapsed": 14054.313841, "delta": 539.219467}}
{"target": 5.144333333333334, "params": {"gamma_fc": 0.23297427384102043, "beta_enc": 0.56103021925571, "beta_rec": 0.01864728937294302, "cue_position": 10.0}, "datetime": {"datetime": "2020-08-31 14:17:28", "elapsed": 14490.799573, "delta": 436.485732}}
{"target": 3.4932222222222222, "params": {"gamma_fc": 0.7471216427371846, "beta_enc": 0.8071051956187791, "beta_rec": 0.38786064406417176, "cue_position": 10.0}, "datetime": {"datetime": "2020-08-31 14:23:17", "elapsed": 14839.143663, "delta": 348.34409}}
{"target": 4.991333333333333, "params": {"gamma_fc": 0.12134345574073735, "beta_enc": 0.5562402339904189, "beta_rec": 0.13645522566068502, "cue_position": 10.0}, "datetime": {"datetime": "2020-08-31 14:30:25", "elapsed": 15267.814181, "delta": 428.670518}}
{"target": 7.089222222222221, "params": {"gamma_fc": 0.7129889803826767, "beta_enc": 0.044551878544761725, "beta_rec": 0.1074941291060929, "cue_position": 10.0}, "datetime": {"datetime": "2020-08-31 14:39:25", "elapsed": 15807.149933, "delta": 539.335752}}
{"target": 5.161555555555555, "params": {"gamma_fc": 0.967276330000272, "beta_enc": 0.5597169820541424, "beta_rec": 0.012555980159115854, "cue_position": 10.0}, "datetime": {"datetime": "2020-08-31 14:46:42", "elapsed": 16244.283629, "delta": 437.133696}}
{"target": 5.432111111111111, "params": {"gamma_fc": 0.7438258540750929, "beta_enc": 0.5681004619199421, "beta_rec": 0.20329323466099047, "cue_position": 10.0}, "datetime": {"datetime": "2020-08-31 14:54:14", "elapsed": 16696.252776, "delta": 451.969147}}
{"target": 7.049444444444444, "params": {"gamma_fc": 0.8468288014900353, "beta_enc": 0.1954294811093188, "beta_rec": 0.5813589272732578, "cue_position": 10.0}, "datetime": {"datetime": "2020-08-31 15:03:10", "elapsed": 17232.500176, "delta": 536.2474}}
{"target": 7.0088888888888885, "params": {"gamma_fc": 0.8289808995501787, "beta_enc": 0.23984775914758616, "beta_rec": 0.49376971426872995, "cue_position": 10.0}, "datetime": {"datetime": "2020-08-31 15:12:04", "elapsed": 17766.961649, "delta": 534.461473}}
{"target": 7.020777777777778, "params": {"gamma_fc": 0.4863451109370318, "beta_enc": 0.15679139464608427, "beta_rec": 0.018576202177409518, "cue_position": 10.0}, "datetime": {"datetime": "2020-08-31 15:20:58", "elapsed": 18300.934684, "delta": 533.973035}}
{"target": 5.883444444444445, "params": {"gamma_fc": 0.9886161544124489, "beta_enc": 0.6063294616533303, "beta_rec": 0.5688514370864813, "cue_position": 10.0}, "datetime": {"datetime": "2020-08-31 15:28:53", "elapsed": 18775.960265, "delta": 475.025581}}
{"target": 5.592555555555555, "params": {"gamma_fc": 0.7453344309065021, "beta_enc": 0.5797452192457969, "beta_rec": 0.3801411726235504, "cue_position": 10.0}, "datetime": {"datetime": "2020-08-31 15:36:34", "elapsed": 19236.597738, "delta": 460.637473}}
{"target": 4.319111111111111, "params": {"gamma_fc": 0.3700841979141063, "beta_enc": 0.6692328934531846, "beta_rec": 0.2649195576628094, "cue_position": 10.0}, "datetime": {"datetime": "2020-08-31 15:43:07", "elapsed": 19629.563678, "delta": 392.96594}}
{"target": 4.318222222222223, "params": {"gamma_fc": 0.06653648135411494, "beta_enc": 0.6297175070215645, "beta_rec": 0.2101740099148396, "cue_position": 10.0}, "datetime": {"datetime": "2020-08-31 15:49:40", "elapsed": 20022.43305, "delta": 392.869372}}
{"target": 6.896111111111111, "params": {"gamma_fc": 0.6394608808799401, "beta_enc": 0.26031509857854096, "beta_rec": 0.8047545637433454, "cue_position": 10.0}, "datetime": {"datetime": "2020-08-31 15:58:29", "elapsed": 20551.75506, "delta": 529.32201}}
{"target": 5.320777777777778, "params": {"gamma_fc": 0.06596109068402378, "beta_enc": 0.5246703091237337, "beta_rec": 0.9248079703993507, "cue_position": 10.0}, "datetime": {"datetime": "2020-08-31 16:05:55", "elapsed": 20997.062905, "delta": 445.307845}}
{"target": 5.0905555555555555, "params": {"gamma_fc": 0.9319720691968373, "beta_enc": 0.7350659632886695, "beta_rec": 0.7721780295432468, "cue_position": 10.0}, "datetime": {"datetime": "2020-08-31 16:13:08", "elapsed": 21430.361691, "delta": 433.298786}}
{"target": 7.091888888888889, "params": {"gamma_fc": 0.9490163206876164, "beta_enc": 0.013951572975597015, "beta_rec": 0.2343620861214205, "cue_position": 10.0}, "datetime": {"datetime": "2020-08-31 16:22:08", "elapsed": 21970.102678, "delta": 539.740987}}
{"target": 2.142444444444444, "params": {"gamma_fc": 0.6415662089463375, "beta_enc": 0.9501761192470797, "beta_rec": 0.5566531881951564, "cue_position": 10.0}, "datetime": {"datetime": "2020-08-31 16:26:46", "elapsed": 22248.10767, "delta": 278.004992}}
{"target": 6.392777777777778, "params": {"gamma_fc": 0.5495479215085626, "beta_enc": 0.39000771414124624, "beta_rec": 0.48599066709690975, "cue_position": 10.0}, "datetime": {"datetime": "2020-08-31 16:35:07", "elapsed": 22749.630723, "delta": 501.523053}}
{"target": 2.641111111111111, "params": {"gamma_fc": 0.9632625284407118, "beta_enc": 0.9261814267064536, "beta_rec": 0.9187334356336061, "cue_position": 10.0}, "datetime": {"datetime": "2020-08-31 16:40:10", "elapsed": 23052.710071, "delta": 303.079348}}
{"target": 6.977444444444444, "params": {"gamma_fc": 0.5056621656768967, "beta_enc": 0.17395566668046436, "beta_rec": 0.12632951943963733, "cue_position": 10.0}, "datetime": {"datetime": "2020-08-31 16:48:54", "elapsed": 23576.156168, "delta": 523.446097}}
{"target": 7.093777777777778, "params": {"gamma_fc": 0.015018980742122379, "beta_enc": 0.021524805274197978, "beta_rec": 0.947970211217681, "cue_position": 10.0}, "datetime": {"datetime": "2020-08-31 16:57:40", "elapsed": 24102.785396, "delta": 526.629228}}
{"target": 7.046333333333334, "params": {"gamma_fc": 0.8094906921265821, "beta_enc": 0.17619625557505525, "beta_rec": 0.332063574366837, "cue_position": 10.0}, "datetime": {"datetime": "2020-08-31 17:06:26", "elapsed": 24628.010127, "delta": 525.224731}}
{"target": 6.926444444444444, "params": {"gamma_fc": 0.8788319844118441, "beta_enc": 0.34473665268329345, "beta_rec": 0.9401074823333672, "cue_position": 10.0}, "datetime": {"datetime": "2020-08-31 17:15:04", "elapsed": 25146.868031, "delta": 518.857904}}
{"target": 3.2565555555555554, "params": {"gamma_fc": 0.5463468160203733, "beta_enc": 0.8447344453922219, "beta_rec": 0.9053923187086492, "cue_position": 10.0}, "datetime": {"datetime": "2020-08-31 17:20:34", "elapsed": 25476.865442, "delta": 329.997411}}
{"target": 3.4274444444444447, "params": {"gamma_fc": 0.5991103076458784, "beta_enc": 0.7986035911520394, "beta_rec": 0.28571885173414757, "cue_position": 10.0}, "datetime": {"datetime": "2020-08-31 17:26:13", "elapsed": 25815.780689, "delta": 338.915247}}
{"target": 7.122, "params": {"gamma_fc": 0.8073605288848414, "beta_enc": 0.015533275550835723, "beta_rec": 0.5934814081966372, "cue_position": 10.0}, "datetime": {"datetime": "2020-08-31 17:35:02", "elapsed": 26344.676184, "delta": 528.895495}}
{"target": 6.215111111111111, "params": {"gamma_fc": 0.18401020162746506, "beta_enc": 0.31524480309537295, "beta_rec": 0.8928887085251513, "cue_position": 10.0}, "datetime": {"datetime": "2020-08-31 17:43:04", "elapsed": 26826.479912, "delta": 481.803728}}
{"target": 3.4767777777777775, "params": {"gamma_fc": 0.4201936800011322, "beta_enc": 0.7879292338255043, "beta_rec": 0.6120311770449339, "cue_position": 10.0}, "datetime": {"datetime": "2020-08-31 17:48:44", "elapsed": 27166.196627, "delta": 339.716715}}
{"target": 5.951444444444445, "params": {"gamma_fc": 0.9767591490310596, "beta_enc": 0.6790688365654296, "beta_rec": 0.9186017779775258, "cue_position": 10.0}, "datetime": {"datetime": "2020-08-31 17:56:28", "elapsed": 27630.793394, "delta": 464.596767}}
{"target": 6.833666666666668, "params": {"gamma_fc": 0.828845807980693, "beta_enc": 0.37658031474577447, "beta_rec": 0.9737835383583225, "cue_position": 10.0}, "datetime": {"datetime": "2020-08-31 18:04:58", "elapsed": 28140.629804, "delta": 509.83641}}
{"target": 5.570333333333334, "params": {"gamma_fc": 0.586833340656083, "beta_enc": 0.5747115047081023, "beta_rec": 0.6280761983073504, "cue_position": 10.0}, "datetime": {"datetime": "2020-08-31 18:12:24", "elapsed": 28586.952494, "delta": 446.32269}}
{"target": 4.636222222222222, "params": {"gamma_fc": 0.698057248447303, "beta_enc": 0.7500217637026599, "beta_rec": 0.8583138364290424, "cue_position": 10.0}, "datetime": {"datetime": "2020-08-31 18:19:03", "elapsed": 28985.036185, "delta": 398.083691}}
{"target": 2.873444444444445, "params": {"gamma_fc": 0.45087393641334916, "beta_enc": 0.8644794300545998, "beta_rec": 0.32268099683674645, "cue_position": 10.0}, "datetime": {"datetime": "2020-08-31 18:24:11", "elapsed": 29293.114163, "delta": 308.077978}}
{"target": 6.098888888888889, "params": {"gamma_fc": 0.3173839459582769, "beta_enc": 0.3821027520315172, "beta_rec": 0.4108113499221856, "cue_position": 10.0}, "datetime": {"datetime": "2020-08-31 18:32:02", "elapsed": 29764.851365, "delta": 471.737202}}
