{"target": 6.75, "params": {"cue_position": 8.0, "beta_enc": 0.9475489413950998, "gamma_cf": 0.081473964877262, "gamma_fc": 0.42861882866378653, "beta_rec": 0.2214327343234883}, "datetime": {"elapsed": 28.521464, "datetime": "2020-06-14 09:44:23", "delta": 0.325809}}
{"target": 10.375, "params": {"cue_position": 8.0, "beta_enc": 0.10901876401906829, "gamma_cf": 0.6968004961201785, "gamma_fc": 0.7662113810757705, "beta_rec": 0.6337867606119179}, "datetime": {"elapsed": 28.923749, "datetime": "2020-06-14 09:44:23", "delta": 0.402285}}
{"target": 7.0, "params": {"cue_position": 8.0, "beta_enc": 0.3424541198435198, "gamma_cf": 0.8240098704123188, "gamma_fc": 0.6264961586242938, "beta_rec": 0.8458514830276777}, "datetime": {"elapsed": 29.256954, "datetime": "2020-06-14 09:44:23", "delta": 0.333205}}
{"target": 9.375, "params": {"cue_position": 8.0, "beta_enc": 0.1434230486702449, "gamma_cf": 0.06672499763935646, "gamma_fc": 0.4585838137084318, "beta_rec": 0.07838689985494796}, "datetime": {"elapsed": 29.640567, "datetime": "2020-06-14 09:44:24", "delta": 0.383613}}
{"target": 9.125, "params": {"cue_position": 8.0, "beta_enc": 0.11334192276759048, "gamma_cf": 0.3948504804606394, "gamma_fc": 0.7469384956075251, "beta_rec": 0.027783348848669953}, "datetime": {"elapsed": 30.01815, "datetime": "2020-06-14 09:44:24", "delta": 0.377583}}
{"target": 8.125, "params": {"cue_position": 8.0, "beta_enc": 0.45240482674645155, "gamma_cf": 0.47400392656219403, "gamma_fc": 0.8031633421141696, "beta_rec": 0.4500867470007611}, "datetime": {"elapsed": 30.373372, "datetime": "2020-06-14 09:44:25", "delta": 0.355222}}
{"target": 9.875, "params": {"cue_position": 8.0, "beta_enc": 0.40239251985773583, "gamma_cf": 0.7738743427204187, "gamma_fc": 0.12564138113773882, "beta_rec": 0.904686160343623}, "datetime": {"elapsed": 30.765176, "datetime": "2020-06-14 09:44:25", "delta": 0.391804}}
{"target": 8.5, "params": {"cue_position": 8.0, "beta_enc": 0.6185135669120855, "gamma_cf": 0.0030179566195963625, "gamma_fc": 0.9511937854902045, "beta_rec": 0.010364261335231939}, "datetime": {"elapsed": 31.128861, "datetime": "2020-06-14 09:44:25", "delta": 0.363685}}
{"target": 5.25, "params": {"cue_position": 8.0, "beta_enc": 0.905402033702778, "gamma_cf": 0.14555823115839706, "gamma_fc": 0.15773006987053328, "beta_rec": 0.7959669419422694}, "datetime": {"elapsed": 31.422008, "datetime": "2020-06-14 09:44:26", "delta": 0.293147}}
{"target": 9.0, "params": {"cue_position": 8.0, "beta_enc": 0.187631672902434, "gamma_cf": 0.9899551783590737, "gamma_fc": 0.7111224587658159, "beta_rec": 0.6224959022999211}, "datetime": {"elapsed": 31.79551, "datetime": "2020-06-14 09:44:26", "delta": 0.373502}}
{"target": 7.5, "params": {"cue_position": 8.0, "beta_enc": 0.7318004091422953, "gamma_cf": 0.24985068022503676, "gamma_fc": 0.17343017078712286, "beta_rec": 0.9092932045442544}, "datetime": {"elapsed": 32.137558, "datetime": "2020-06-14 09:44:26", "delta": 0.342048}}
{"target": 8.75, "params": {"cue_position": 8.0, "beta_enc": 0.119457050333729, "gamma_cf": 0.2642974827269007, "gamma_fc": 0.8190891786335308, "beta_rec": 0.8126105880328287}, "datetime": {"elapsed": 32.508306, "datetime": "2020-06-14 09:44:27", "delta": 0.370748}}
{"target": 10.875, "params": {"cue_position": 8.0, "beta_enc": 0.31058725179421, "gamma_cf": 0.5336533449712114, "gamma_fc": 0.31446701118584963, "beta_rec": 0.9824174492929428}, "datetime": {"elapsed": 32.925824, "datetime": "2020-06-14 09:44:27", "delta": 0.417518}}
{"target": 7.0, "params": {"cue_position": 8.0, "beta_enc": 0.9107728311738374, "gamma_cf": 0.5122926922783614, "gamma_fc": 0.9388864773697133, "beta_rec": 0.36655664385123443}, "datetime": {"elapsed": 33.256701, "datetime": "2020-06-14 09:44:27", "delta": 0.330877}}
{"target": 7.625, "params": {"cue_position": 8.0, "beta_enc": 0.030949006271150714, "gamma_cf": 0.027287223517468817, "gamma_fc": 0.5220512472525107, "beta_rec": 0.7168786636316892}, "datetime": {"elapsed": 33.60358, "datetime": "2020-06-14 09:44:28", "delta": 0.346879}}
{"target": 7.625, "params": {"cue_position": 8.0, "beta_enc": 0.3259898117700253, "gamma_cf": 0.6902278681627478, "gamma_fc": 0.45285349995153745, "beta_rec": 0.8594893208655858}, "datetime": {"elapsed": 33.948946, "datetime": "2020-06-14 09:44:28", "delta": 0.345366}}
{"target": 8.0, "params": {"cue_position": 8.0, "beta_enc": 0.6283090375213571, "gamma_cf": 0.5767559349870908, "gamma_fc": 0.3114442141324628, "beta_rec": 0.2900968516874258}, "datetime": {"elapsed": 34.300298, "datetime": "2020-06-14 09:44:28", "delta": 0.351352}}
{"target": 7.5, "params": {"cue_position": 8.0, "beta_enc": 0.5172675985011298, "gamma_cf": 0.2473960366023854, "gamma_fc": 0.37129376127905445, "beta_rec": 0.9164058530538978}, "datetime": {"elapsed": 34.641526, "datetime": "2020-06-14 09:44:29", "delta": 0.341228}}
{"target": 8.25, "params": {"cue_position": 8.0, "beta_enc": 0.9318611166365406, "gamma_cf": 0.9202065143056605, "gamma_fc": 0.22790028995131695, "beta_rec": 0.9368683813090937}, "datetime": {"elapsed": 34.999649, "datetime": "2020-06-14 09:44:29", "delta": 0.358123}}
{"target": 8.125, "params": {"cue_position": 8.0, "beta_enc": 0.08748220955359087, "gamma_cf": 0.17476587635631158, "gamma_fc": 0.6070941619724605, "beta_rec": 0.22730973628468876}, "datetime": {"elapsed": 35.358626, "datetime": "2020-06-14 09:44:30", "delta": 0.358977}}
{"target": 8.0, "params": {"cue_position": 8.0, "beta_enc": 0.41358641500116133, "gamma_cf": 0.7018765297563104, "gamma_fc": 0.24035562484913886, "beta_rec": 0.8163515118272141}, "datetime": {"elapsed": 35.710732, "datetime": "2020-06-14 09:44:30", "delta": 0.352106}}
{"target": 8.25, "params": {"cue_position": 8.0, "beta_enc": 0.5742190888408597, "gamma_cf": 0.22881367096037586, "gamma_fc": 0.6641025553547935, "beta_rec": 0.34898759722078887}, "datetime": {"elapsed": 36.070647, "datetime": "2020-06-14 09:44:30", "delta": 0.359915}}
{"target": 7.375, "params": {"cue_position": 8.0, "beta_enc": 0.4972500933605313, "gamma_cf": 0.5707158515462564, "gamma_fc": 0.99675342520821, "beta_rec": 0.5190159840736788}, "datetime": {"elapsed": 36.410123, "datetime": "2020-06-14 09:44:31", "delta": 0.339476}}
{"target": 7.0, "params": {"cue_position": 8.0, "beta_enc": 0.8168351087916219, "gamma_cf": 0.9015625846693213, "gamma_fc": 0.5956079336026455, "beta_rec": 0.5943726238309778}, "datetime": {"elapsed": 36.740981, "datetime": "2020-06-14 09:44:31", "delta": 0.330858}}
{"target": 9.5, "params": {"cue_position": 8.0, "beta_enc": 0.032426325314457105, "gamma_cf": 0.4517331486914753, "gamma_fc": 0.37543483316785775, "beta_rec": 0.09357709581748075}, "datetime": {"elapsed": 37.127897, "datetime": "2020-06-14 09:44:31", "delta": 0.386916}}
{"target": 5.125, "params": {"cue_position": 8.0, "beta_enc": 0.9753500342702865, "gamma_cf": 0.7674748688630131, "gamma_fc": 0.8242378396244978, "beta_rec": 0.1679832931996149}, "datetime": {"elapsed": 37.418888, "datetime": "2020-06-14 09:44:32", "delta": 0.290991}}
{"target": 6.0, "params": {"cue_position": 8.0, "beta_enc": 0.6326158167779973, "gamma_cf": 0.013136356923072245, "gamma_fc": 0.3530060855418248, "beta_rec": 0.668732770206732}, "datetime": {"elapsed": 37.729261, "datetime": "2020-06-14 09:44:32", "delta": 0.310373}}
{"target": 8.625, "params": {"cue_position": 8.0, "beta_enc": 0.49207180149355845, "gamma_cf": 0.4574049160894317, "gamma_fc": 0.13766274094560316, "beta_rec": 0.7300912110901043}, "datetime": {"elapsed": 38.096295, "datetime": "2020-06-14 09:44:32", "delta": 0.367034}}
{"target": 8.0, "params": {"cue_position": 8.0, "beta_enc": 0.01088873380347899, "gamma_cf": 0.9843834501935107, "gamma_fc": 0.220234226159156, "beta_rec": 0.7582782604769962}, "datetime": {"elapsed": 38.449408, "datetime": "2020-06-14 09:44:33", "delta": 0.353113}}
{"target": 10.75, "params": {"cue_position": 8.0, "beta_enc": 0.33870802548167966, "gamma_cf": 0.46385778390029564, "gamma_fc": 0.12482254311167629, "beta_rec": 0.5238961356661317}, "datetime": {"elapsed": 38.867411, "datetime": "2020-06-14 09:44:33", "delta": 0.418003}}
{"target": 8.75, "params": {"cue_position": 8.0, "beta_enc": 0.3125013784920495, "gamma_cf": 0.7701499563120922, "gamma_fc": 0.13033578095435427, "beta_rec": 0.5045191697009946}, "datetime": {"elapsed": 39.238802, "datetime": "2020-06-14 09:44:33", "delta": 0.371391}}
{"target": 8.375, "params": {"cue_position": 8.0, "beta_enc": 0.022915131322381765, "gamma_cf": 0.012603767029876312, "gamma_fc": 0.6724698446537339, "beta_rec": 0.5190823222119895}, "datetime": {"elapsed": 39.600038, "datetime": "2020-06-14 09:44:34", "delta": 0.361236}}
{"target": 10.0, "params": {"cue_position": 8.0, "beta_enc": 0.6868082266569918, "gamma_cf": 0.6443610847569929, "gamma_fc": 0.005239837651465851, "beta_rec": 0.44924675358663757}, "datetime": {"elapsed": 39.998963, "datetime": "2020-06-14 09:44:34", "delta": 0.398925}}
{"target": 8.5, "params": {"cue_position": 8.0, "beta_enc": 0.4844284455143756, "gamma_cf": 0.6491541971124779, "gamma_fc": 0.6736984238986317, "beta_rec": 0.8593178060976}, "datetime": {"elapsed": 40.363238, "datetime": "2020-06-14 09:44:35", "delta": 0.364275}}
{"target": 8.625, "params": {"cue_position": 8.0, "beta_enc": 0.5784995797892005, "gamma_cf": 0.6717297848174203, "gamma_fc": 0.35242963021640883, "beta_rec": 0.27411977516685215}, "datetime": {"elapsed": 40.730571, "datetime": "2020-06-14 09:44:35", "delta": 0.367333}}
{"target": 7.625, "params": {"cue_position": 8.0, "beta_enc": 0.8558283672539277, "gamma_cf": 0.2896027461868774, "gamma_fc": 0.773799287244182, "beta_rec": 0.1950374860087073}, "datetime": {"elapsed": 41.075507, "datetime": "2020-06-14 09:44:35", "delta": 0.344936}}
{"target": 8.125, "params": {"cue_position": 8.0, "beta_enc": 0.4277373293360762, "gamma_cf": 0.21369323762958115, "gamma_fc": 0.7672845084217665, "beta_rec": 0.8076984091122095}, "datetime": {"elapsed": 41.434896, "datetime": "2020-06-14 09:44:36", "delta": 0.359389}}
{"target": 8.0, "params": {"cue_position": 8.0, "beta_enc": 0.3086419476306511, "gamma_cf": 0.22139670090820107, "gamma_fc": 0.21411213682064845, "beta_rec": 0.7332450677264275}, "datetime": {"elapsed": 41.788337, "datetime": "2020-06-14 09:44:36", "delta": 0.353441}}
{"target": 7.25, "params": {"cue_position": 8.0, "beta_enc": 0.1989479234270667, "gamma_cf": 0.026627884691621473, "gamma_fc": 0.11092036903424063, "beta_rec": 0.14251833776584466}, "datetime": {"elapsed": 42.128216, "datetime": "2020-06-14 09:44:36", "delta": 0.339879}}
{"target": 6.625, "params": {"cue_position": 8.0, "beta_enc": 0.6745640237634105, "gamma_cf": 0.23170231048579204, "gamma_fc": 0.20762566180381437, "beta_rec": 0.7997765368973863}, "datetime": {"elapsed": 42.452222, "datetime": "2020-06-14 09:44:37", "delta": 0.324006}}
{"target": 7.875, "params": {"cue_position": 8.0, "beta_enc": 0.9173335630816306, "gamma_cf": 0.30451798792062024, "gamma_fc": 0.8348540476317985, "beta_rec": 0.7113145181364867}, "datetime": {"elapsed": 42.803697, "datetime": "2020-06-14 09:44:37", "delta": 0.351475}}
{"target": 9.125, "params": {"cue_position": 8.0, "beta_enc": 0.43530595762951996, "gamma_cf": 0.47803130796528337, "gamma_fc": 0.1262101037493587, "beta_rec": 0.9234562151187752}, "datetime": {"elapsed": 43.183153, "datetime": "2020-06-14 09:44:37", "delta": 0.379456}}
{"target": 5.625, "params": {"cue_position": 8.0, "beta_enc": 0.9760435504677476, "gamma_cf": 0.43118175516037094, "gamma_fc": 0.40420190577514725, "beta_rec": 0.15983365034409336}, "datetime": {"elapsed": 43.486161, "datetime": "2020-06-14 09:44:38", "delta": 0.303008}}
{"target": 7.625, "params": {"cue_position": 8.0, "beta_enc": 0.14675148076429412, "gamma_cf": 0.6438956443116628, "gamma_fc": 0.7543059505762987, "beta_rec": 0.7293189193611234}, "datetime": {"elapsed": 43.830381, "datetime": "2020-06-14 09:44:38", "delta": 0.34422}}
{"target": 9.5, "params": {"cue_position": 8.0, "beta_enc": 0.21073239208332073, "gamma_cf": 0.6382187106203334, "gamma_fc": 0.5971273029466491, "beta_rec": 0.60095424810764}, "datetime": {"elapsed": 44.215134, "datetime": "2020-06-14 09:44:38", "delta": 0.384753}}
{"target": 8.375, "params": {"cue_position": 8.0, "beta_enc": 0.29548228565549706, "gamma_cf": 0.42556139026154693, "gamma_fc": 0.7821818168314053, "beta_rec": 0.7316064712415088}, "datetime": {"elapsed": 44.576565, "datetime": "2020-06-14 09:44:39", "delta": 0.361431}}
{"target": 8.0, "params": {"cue_position": 8.0, "beta_enc": 0.056141039661915304, "gamma_cf": 0.3950968688899732, "gamma_fc": 0.30008104592535645, "beta_rec": 0.8352716024899659}, "datetime": {"elapsed": 44.931577, "datetime": "2020-06-14 09:44:39", "delta": 0.355012}}
{"target": 7.5, "params": {"cue_position": 8.0, "beta_enc": 0.08010364380604929, "gamma_cf": 0.5306974384761395, "gamma_fc": 0.49411626589632507, "beta_rec": 0.9046310029362429}, "datetime": {"elapsed": 45.274805, "datetime": "2020-06-14 09:44:39", "delta": 0.343228}}
{"target": 8.125, "params": {"cue_position": 8.0, "beta_enc": 0.13216114194293815, "gamma_cf": 0.5079216999452875, "gamma_fc": 0.2615495518329871, "beta_rec": 0.20645405888943302}, "datetime": {"elapsed": 45.633116, "datetime": "2020-06-14 09:44:40", "delta": 0.358311}}
{"target": 8.25, "params": {"cue_position": 8.0, "beta_enc": 0.3570616088827919, "gamma_cf": 0.1065838767888011, "gamma_fc": 0.9857088237131878, "beta_rec": 0.10806532869723684}, "datetime": {"elapsed": 45.993328, "datetime": "2020-06-14 09:44:40", "delta": 0.360212}}
{"target": 9.0, "params": {"cue_position": 8.0, "beta_enc": 0.17716116443841734, "gamma_cf": 0.7871162896558341, "gamma_fc": 0.18960594781829654, "beta_rec": 0.5724051124346493}, "datetime": {"elapsed": 46.369003, "datetime": "2020-06-14 09:44:41", "delta": 0.375675}}
{"target": 8.25, "params": {"cue_position": 8.0, "beta_enc": 0.5279039784081266, "gamma_cf": 0.5510871741869717, "gamma_fc": 0.2166172083287794, "beta_rec": 0.7400775431590716}, "datetime": {"elapsed": 46.7263, "datetime": "2020-06-14 09:44:41", "delta": 0.357297}}
{"target": 9.5, "params": {"cue_position": 8.0, "beta_enc": 0.7591960493171447, "gamma_cf": 0.8619665576670734, "gamma_fc": 0.019775099516344263, "beta_rec": 0.7229151935562137}, "datetime": {"elapsed": 47.112419, "datetime": "2020-06-14 09:44:41", "delta": 0.386119}}
{"target": 6.625, "params": {"cue_position": 8.0, "beta_enc": 0.8602369974231152, "gamma_cf": 0.7587469310223366, "gamma_fc": 0.7169290016924699, "beta_rec": 0.5589038111609383}, "datetime": {"elapsed": 47.433805, "datetime": "2020-06-14 09:44:42", "delta": 0.321386}}
{"target": 3.25, "params": {"cue_position": 8.0, "beta_enc": 0.9873261748084265, "gamma_cf": 0.9339026083148878, "gamma_fc": 0.8578971045378938, "beta_rec": 0.2780850486129828}, "datetime": {"elapsed": 47.682983, "datetime": "2020-06-14 09:44:42", "delta": 0.249178}}
{"target": 7.625, "params": {"cue_position": 8.0, "beta_enc": 0.7288508775192559, "gamma_cf": 0.7805295568767427, "gamma_fc": 0.3748759435368594, "beta_rec": 0.5166887829215384}, "datetime": {"elapsed": 48.026827, "datetime": "2020-06-14 09:44:42", "delta": 0.343844}}
{"target": 7.375, "params": {"cue_position": 8.0, "beta_enc": 0.7703225253299576, "gamma_cf": 0.4018659239678374, "gamma_fc": 0.6973080192643409, "beta_rec": 0.7506243191751754}, "datetime": {"elapsed": 48.366911, "datetime": "2020-06-14 09:44:43", "delta": 0.340084}}
{"target": 6.125, "params": {"cue_position": 8.0, "beta_enc": 0.0031128578251921057, "gamma_cf": 0.23931570743750463, "gamma_fc": 0.12076718430922972, "beta_rec": 0.7748966467245978}, "datetime": {"elapsed": 48.67908, "datetime": "2020-06-14 09:44:43", "delta": 0.312169}}
{"target": 8.875, "params": {"cue_position": 8.0, "beta_enc": 0.2202839877937276, "gamma_cf": 0.5431664302380945, "gamma_fc": 0.2867116496064306, "beta_rec": 0.3020967312900983}, "datetime": {"elapsed": 49.050742, "datetime": "2020-06-14 09:44:43", "delta": 0.371662}}
{"target": 8.125, "params": {"cue_position": 8.0, "beta_enc": 0.13835468979294652, "gamma_cf": 0.3241385298974466, "gamma_fc": 0.45736018169099846, "beta_rec": 0.29014446310454167}, "datetime": {"elapsed": 49.406383, "datetime": "2020-06-14 09:44:44", "delta": 0.355641}}
{"target": 7.875, "params": {"cue_position": 8.0, "beta_enc": 0.44411710701661444, "gamma_cf": 0.3456988211755023, "gamma_fc": 0.6749716048091052, "beta_rec": 0.8281353607315121}, "datetime": {"elapsed": 49.754495, "datetime": "2020-06-14 09:44:44", "delta": 0.348112}}
{"target": 6.5, "params": {"cue_position": 8.0, "beta_enc": 0.22148205573352875, "gamma_cf": 0.6268556021628346, "gamma_fc": 0.8773604746948126, "beta_rec": 0.4672458239265538}, "datetime": {"elapsed": 50.074187, "datetime": "2020-06-14 09:44:44", "delta": 0.319692}}
{"target": 9.0, "params": {"cue_position": 8.0, "beta_enc": 0.4476890001456285, "gamma_cf": 0.6562293317171314, "gamma_fc": 0.13184097502750214, "beta_rec": 0.7844574187919231}, "datetime": {"elapsed": 50.45066, "datetime": "2020-06-14 09:44:45", "delta": 0.376473}}
{"target": 6.75, "params": {"cue_position": 8.0, "beta_enc": 0.43298150696764814, "gamma_cf": 0.7667745872371021, "gamma_fc": 0.5047006080958943, "beta_rec": 0.9093119886549367}, "datetime": {"elapsed": 50.777328, "datetime": "2020-06-14 09:44:45", "delta": 0.326668}}
{"target": 7.875, "params": {"cue_position": 8.0, "beta_enc": 0.49805562482800747, "gamma_cf": 0.5732722715496846, "gamma_fc": 0.9427625754329493, "beta_rec": 0.8428998401928499}, "datetime": {"elapsed": 51.12736, "datetime": "2020-06-14 09:44:45", "delta": 0.350032}}
{"target": 7.5, "params": {"cue_position": 8.0, "beta_enc": 0.5178600481723219, "gamma_cf": 0.25163914235585283, "gamma_fc": 0.700726036482538, "beta_rec": 0.1944658095278845}, "datetime": {"elapsed": 51.46851, "datetime": "2020-06-14 09:44:46", "delta": 0.34115}}
{"target": 9.5, "params": {"cue_position": 8.0, "beta_enc": 0.5402609403968999, "gamma_cf": 0.8379779620477293, "gamma_fc": 0.007932876194523097, "beta_rec": 0.9488362882802196}, "datetime": {"elapsed": 51.853601, "datetime": "2020-06-14 09:44:46", "delta": 0.385091}}
{"target": 3.625, "params": {"cue_position": 8.0, "beta_enc": 0.989340056166638, "gamma_cf": 0.9461523954567653, "gamma_fc": 0.008939102371245067, "beta_rec": 0.07771457033238649}, "datetime": {"elapsed": 52.109395, "datetime": "2020-06-14 09:44:46", "delta": 0.255794}}
{"target": 6.375, "params": {"cue_position": 8.0, "beta_enc": 0.8227300054219355, "gamma_cf": 0.2557451938059312, "gamma_fc": 0.8026895196332986, "beta_rec": 0.8612116383667944}, "datetime": {"elapsed": 52.426866, "datetime": "2020-06-14 09:44:47", "delta": 0.317471}}
{"target": 7.375, "params": {"cue_position": 8.0, "beta_enc": 0.47786200443222115, "gamma_cf": 0.8959699670066484, "gamma_fc": 0.49154515001693533, "beta_rec": 0.13433860865569613}, "datetime": {"elapsed": 52.765717, "datetime": "2020-06-14 09:44:47", "delta": 0.338851}}
{"target": 7.25, "params": {"cue_position": 8.0, "beta_enc": 0.8567024965177922, "gamma_cf": 0.39799063940792245, "gamma_fc": 0.5057420174508104, "beta_rec": 0.41857802576409864}, "datetime": {"elapsed": 53.102064, "datetime": "2020-06-14 09:44:47", "delta": 0.336347}}
{"target": 8.0, "params": {"cue_position": 8.0, "beta_enc": 0.1895517028339273, "gamma_cf": 0.10345955611640134, "gamma_fc": 0.1443154002290481, "beta_rec": 0.9649889241109139}, "datetime": {"elapsed": 53.454636, "datetime": "2020-06-14 09:44:48", "delta": 0.352572}}
{"target": 7.0, "params": {"cue_position": 8.0, "beta_enc": 0.014092294192442956, "gamma_cf": 0.7945783511847522, "gamma_fc": 0.5070799232841364, "beta_rec": 0.7159456994623945}, "datetime": {"elapsed": 53.784365, "datetime": "2020-06-14 09:44:48", "delta": 0.329729}}
{"target": 6.75, "params": {"cue_position": 8.0, "beta_enc": 0.7918210395041538, "gamma_cf": 0.4064828689770863, "gamma_fc": 0.6477706331874812, "beta_rec": 0.6957642142718394}, "datetime": {"elapsed": 54.108216, "datetime": "2020-06-14 09:44:48", "delta": 0.323851}}
{"target": 8.875, "params": {"cue_position": 8.0, "beta_enc": 0.1797942976929744, "gamma_cf": 0.4086372250132624, "gamma_fc": 0.2414187479655988, "beta_rec": 0.321819963387904}, "datetime": {"elapsed": 54.480551, "datetime": "2020-06-14 09:44:49", "delta": 0.372335}}
{"target": 9.75, "params": {"cue_position": 8.0, "beta_enc": 0.4069219941293579, "gamma_cf": 0.9824909449748953, "gamma_fc": 0.6363061258559836, "beta_rec": 0.9752223424373121}, "datetime": {"elapsed": 54.873446, "datetime": "2020-06-14 09:44:49", "delta": 0.392895}}
{"target": 8.0, "params": {"cue_position": 8.0, "beta_enc": 0.375091018393911, "gamma_cf": 0.25203308013083936, "gamma_fc": 0.7928556779768876, "beta_rec": 0.8574844990835966}, "datetime": {"elapsed": 55.228122, "datetime": "2020-06-14 09:44:49", "delta": 0.354676}}
{"target": 8.125, "params": {"cue_position": 8.0, "beta_enc": 0.43293850873416306, "gamma_cf": 0.6973688756131394, "gamma_fc": 0.26865012390622656, "beta_rec": 0.3575111673304414}, "datetime": {"elapsed": 55.583205, "datetime": "2020-06-14 09:44:50", "delta": 0.355083}}
{"target": 8.375, "params": {"cue_position": 8.0, "beta_enc": 0.8082780137053801, "gamma_cf": 0.4879214918052024, "gamma_fc": 0.8553564125953698, "beta_rec": 0.2952887943998478}, "datetime": {"elapsed": 55.946967, "datetime": "2020-06-14 09:44:50", "delta": 0.363762}}
{"target": 4.25, "params": {"cue_position": 8.0, "beta_enc": 0.8883864343953859, "gamma_cf": 0.8982050460171371, "gamma_fc": 0.4461172190344297, "beta_rec": 0.18438444236776674}, "datetime": {"elapsed": 56.215515, "datetime": "2020-06-14 09:44:50", "delta": 0.268548}}
{"target": 7.25, "params": {"cue_position": 8.0, "beta_enc": 0.9218683054838154, "gamma_cf": 0.6824537097668154, "gamma_fc": 0.2282057333504841, "beta_rec": 0.2789908904569709}, "datetime": {"elapsed": 56.552281, "datetime": "2020-06-14 09:44:51", "delta": 0.336766}}
