{"target": 9.75, "params": {"gamma_cf": 0.6612504416572822, "beta_rec": 0.8359194020523285, "gamma_fc": 0.30503550558767056, "cue_position": 16.0, "beta_enc": 0.1534737909075088}, "datetime": {"delta": 21.408269, "elapsed": 5997.910875, "datetime": "2020-06-14 11:20:49"}}
{"target": 9.375, "params": {"gamma_cf": 0.36242497885093417, "beta_rec": 0.3523332831128291, "gamma_fc": 0.3182300906673359, "cue_position": 16.0, "beta_enc": 0.28540869895714116}, "datetime": {"delta": 21.053204, "elapsed": 6018.964079, "datetime": "2020-06-14 11:21:10"}}
{"target": 8.875, "params": {"gamma_cf": 0.8673725263064772, "beta_rec": 0.8432200737558739, "gamma_fc": 0.10656634193424086, "cue_position": 16.0, "beta_enc": 0.036738596119435196}, "datetime": {"delta": 20.617026, "elapsed": 6039.581105, "datetime": "2020-06-14 11:21:30"}}
{"target": 8.625, "params": {"gamma_cf": 0.7778066170489844, "beta_rec": 0.7568480798787485, "gamma_fc": 0.5026111770824382, "cue_position": 16.0, "beta_enc": 0.2001155591446132}, "datetime": {"delta": 20.710494, "elapsed": 6060.291599, "datetime": "2020-06-14 11:21:51"}}
{"target": 7.625, "params": {"gamma_cf": 0.13508716414690314, "beta_rec": 0.6386888818470008, "gamma_fc": 0.8893722039000076, "cue_position": 16.0, "beta_enc": 0.5211459117422098}, "datetime": {"delta": 20.854595, "elapsed": 6081.146194, "datetime": "2020-06-14 11:22:12"}}
{"target": 3.625, "params": {"gamma_cf": 0.9312654012437788, "beta_rec": 0.6539511675508579, "gamma_fc": 0.7614006749371338, "cue_position": 16.0, "beta_enc": 0.9244188183769788}, "datetime": {"delta": 20.919916, "elapsed": 6102.06611, "datetime": "2020-06-14 11:22:33"}}
{"target": 8.375, "params": {"gamma_cf": 0.8609280715080236, "beta_rec": 0.6021484451231554, "gamma_fc": 0.0655374198029488, "cue_position": 16.0, "beta_enc": 0.6586489982375604}, "datetime": {"delta": 20.897774, "elapsed": 6122.963884, "datetime": "2020-06-14 11:22:54"}}
{"target": 8.875, "params": {"gamma_cf": 0.7189118502566288, "beta_rec": 0.04249513460087406, "gamma_fc": 0.7032048493113847, "cue_position": 16.0, "beta_enc": 0.3574121087988247}, "datetime": {"delta": 21.181229, "elapsed": 6144.145113, "datetime": "2020-06-14 11:23:15"}}
{"target": 8.5, "params": {"gamma_cf": 0.7505050575735998, "beta_rec": 0.04167949399255477, "gamma_fc": 0.642883129012324, "cue_position": 16.0, "beta_enc": 0.5021321787176384}, "datetime": {"delta": 21.055966, "elapsed": 6165.201079, "datetime": "2020-06-14 11:23:36"}}
{"target": 7.5, "params": {"gamma_cf": 0.782800419743604, "beta_rec": 0.012701121425918283, "gamma_fc": 0.4592720123592746, "cue_position": 16.0, "beta_enc": 0.7547736355165505}, "datetime": {"delta": 21.23717, "elapsed": 6186.438249, "datetime": "2020-06-14 11:23:57"}}
{"target": 8.25, "params": {"gamma_cf": 0.3827513642368865, "beta_rec": 0.42288103087530904, "gamma_fc": 0.3921353212673623, "cue_position": 16.0, "beta_enc": 0.17222792163183342}, "datetime": {"delta": 21.02061, "elapsed": 6207.458859, "datetime": "2020-06-14 11:24:18"}}
{"target": 6.0, "params": {"gamma_cf": 0.8936019095742931, "beta_rec": 0.9696238389778677, "gamma_fc": 0.9937669675969187, "cue_position": 16.0, "beta_enc": 0.41855973662358503}, "datetime": {"delta": 21.120341, "elapsed": 6228.5792, "datetime": "2020-06-14 11:24:39"}}
{"target": 9.0, "params": {"gamma_cf": 0.31875586739886264, "beta_rec": 0.9902644963865078, "gamma_fc": 0.02081288012633309, "cue_position": 16.0, "beta_enc": 0.9042194680346515}, "datetime": {"delta": 21.994518, "elapsed": 6250.573718, "datetime": "2020-06-14 11:25:01"}}
{"target": 8.0, "params": {"gamma_cf": 0.02829818382002125, "beta_rec": 0.10745553097557392, "gamma_fc": 0.005689048830939902, "cue_position": 16.0, "beta_enc": 0.48502696687620617}, "datetime": {"delta": 21.29963, "elapsed": 6271.873348, "datetime": "2020-06-14 11:25:22"}}
{"target": 6.125, "params": {"gamma_cf": 0.5746254785095241, "beta_rec": 0.13747639825407698, "gamma_fc": 0.5014762102453155, "cue_position": 16.0, "beta_enc": 0.9559488260188777}, "datetime": {"delta": 21.095058, "elapsed": 6292.968406, "datetime": "2020-06-14 11:25:44"}}
{"target": 10.125, "params": {"gamma_cf": 0.19096152551181578, "beta_rec": 0.6855840375281772, "gamma_fc": 0.650938301709494, "cue_position": 16.0, "beta_enc": 0.05803543056426108}, "datetime": {"delta": 21.435583, "elapsed": 6314.403989, "datetime": "2020-06-14 11:26:05"}}
{"target": 7.75, "params": {"gamma_cf": 0.6947246845667769, "beta_rec": 0.509146764560495, "gamma_fc": 0.7033391172160689, "cue_position": 16.0, "beta_enc": 0.44411898373493186}, "datetime": {"delta": 21.505998, "elapsed": 6335.909987, "datetime": "2020-06-14 11:26:27"}}
{"target": 9.375, "params": {"gamma_cf": 0.15099081634931244, "beta_rec": 0.11586111683078215, "gamma_fc": 0.5426523150141245, "cue_position": 16.0, "beta_enc": 0.5566691823102682}, "datetime": {"delta": 21.569493, "elapsed": 6357.47948, "datetime": "2020-06-14 11:26:48"}}
{"target": 8.0, "params": {"gamma_cf": 0.03652876704468955, "beta_rec": 0.6743169048265415, "gamma_fc": 0.36251251774003246, "cue_position": 16.0, "beta_enc": 0.536879540357198}, "datetime": {"delta": 21.317839, "elapsed": 6378.797319, "datetime": "2020-06-14 11:27:09"}}
{"target": 8.5, "params": {"gamma_cf": 0.6902519695736316, "beta_rec": 0.6059364785763107, "gamma_fc": 0.2752033644908306, "cue_position": 16.0, "beta_enc": 0.71255472834641}, "datetime": {"delta": 21.51665, "elapsed": 6400.313969, "datetime": "2020-06-14 11:27:31"}}
{"target": 5.875, "params": {"gamma_cf": 0.7610435751243246, "beta_rec": 0.9719580723418207, "gamma_fc": 0.8378904770614307, "cue_position": 16.0, "beta_enc": 0.8910178152532338}, "datetime": {"delta": 21.739519, "elapsed": 6422.053488, "datetime": "2020-06-14 11:27:53"}}
{"target": 4.125, "params": {"gamma_cf": 0.9140929442314738, "beta_rec": 0.5863655115573397, "gamma_fc": 0.7431494281202413, "cue_position": 16.0, "beta_enc": 0.9760205268287386}, "datetime": {"delta": 21.63389, "elapsed": 6443.687378, "datetime": "2020-06-14 11:28:14"}}
{"target": 9.5, "params": {"gamma_cf": 0.12231309147429148, "beta_rec": 0.11060532779549581, "gamma_fc": 0.6970976999676733, "cue_position": 16.0, "beta_enc": 0.5339361537178177}, "datetime": {"delta": 21.595582, "elapsed": 6465.28296, "datetime": "2020-06-14 11:28:36"}}
{"target": 5.5, "params": {"gamma_cf": 0.9051393013613728, "beta_rec": 0.6620673411389179, "gamma_fc": 0.8936066167976218, "cue_position": 16.0, "beta_enc": 0.9354873586532829}, "datetime": {"delta": 21.801031, "elapsed": 6487.083991, "datetime": "2020-06-14 11:28:58"}}
{"target": 11.125, "params": {"gamma_cf": 0.8892549735509355, "beta_rec": 0.27154892600889635, "gamma_fc": 0.5609565984550842, "cue_position": 16.0, "beta_enc": 0.45413648902937653}, "datetime": {"delta": 22.5861, "elapsed": 6509.670091, "datetime": "2020-06-14 11:29:20"}}
{"target": 6.625, "params": {"gamma_cf": 0.7598003026964516, "beta_rec": 0.47683210204260185, "gamma_fc": 0.6940240572367338, "cue_position": 16.0, "beta_enc": 0.7320511055939393}, "datetime": {"delta": 21.950299, "elapsed": 6531.62039, "datetime": "2020-06-14 11:29:42"}}
{"target": 7.75, "params": {"gamma_cf": 0.5834179652038818, "beta_rec": 0.589789612161038, "gamma_fc": 0.3917096212700285, "cue_position": 16.0, "beta_enc": 0.10579705572617926}, "datetime": {"delta": 21.320341, "elapsed": 6552.940731, "datetime": "2020-06-14 11:30:04"}}
{"target": 7.125, "params": {"gamma_cf": 0.09415361158259927, "beta_rec": 0.13754844968246582, "gamma_fc": 0.8620945896694865, "cue_position": 16.0, "beta_enc": 0.8920349285060032}, "datetime": {"delta": 22.105078, "elapsed": 6575.045809, "datetime": "2020-06-14 11:30:26"}}
{"target": 6.875, "params": {"gamma_cf": 0.8442623686890108, "beta_rec": 0.4718969468834504, "gamma_fc": 0.7967574285955978, "cue_position": 16.0, "beta_enc": 0.1048659870437082}, "datetime": {"delta": 22.318136, "elapsed": 6597.363945, "datetime": "2020-06-14 11:30:48"}}
{"target": 10.125, "params": {"gamma_cf": 0.37829669008684963, "beta_rec": 0.14949268305820462, "gamma_fc": 0.4793513379283404, "cue_position": 16.0, "beta_enc": 0.4734707828329501}, "datetime": {"delta": 22.122927, "elapsed": 6619.486872, "datetime": "2020-06-14 11:31:10"}}
{"target": 9.5, "params": {"gamma_cf": 0.4679092904307026, "beta_rec": 0.7270863905681665, "gamma_fc": 0.530790816029215, "cue_position": 16.0, "beta_enc": 0.00697678356882625}, "datetime": {"delta": 21.954775, "elapsed": 6641.441647, "datetime": "2020-06-14 11:31:32"}}
{"target": 9.5, "params": {"gamma_cf": 0.46433705810222226, "beta_rec": 0.05087633239409928, "gamma_fc": 0.4470725596413848, "cue_position": 16.0, "beta_enc": 0.22995043895973766}, "datetime": {"delta": 22.734886, "elapsed": 6664.176533, "datetime": "2020-06-14 11:31:55"}}
{"target": 9.875, "params": {"gamma_cf": 0.9853178053457927, "beta_rec": 0.4122432229167755, "gamma_fc": 0.22915248273426736, "cue_position": 16.0, "beta_enc": 0.2986622284593996}, "datetime": {"delta": 22.254352, "elapsed": 6686.430885, "datetime": "2020-06-14 11:32:17"}}
{"target": 8.875, "params": {"gamma_cf": 0.3344365002150944, "beta_rec": 0.5383975731994318, "gamma_fc": 0.20276933949103404, "cue_position": 16.0, "beta_enc": 0.13787137562457197}, "datetime": {"delta": 22.208675, "elapsed": 6708.63956, "datetime": "2020-06-14 11:32:39"}}
{"target": 8.625, "params": {"gamma_cf": 0.40767688267411517, "beta_rec": 0.6029326753462784, "gamma_fc": 0.6415197496186338, "cue_position": 16.0, "beta_enc": 0.8134052390301567}, "datetime": {"delta": 22.143174, "elapsed": 6730.782734, "datetime": "2020-06-14 11:33:01"}}
{"target": 8.125, "params": {"gamma_cf": 0.4499011011305778, "beta_rec": 0.9204344155508192, "gamma_fc": 0.2317523744671075, "cue_position": 16.0, "beta_enc": 0.4525247572109198}, "datetime": {"delta": 22.269087, "elapsed": 6753.051821, "datetime": "2020-06-14 11:33:24"}}
{"target": 8.375, "params": {"gamma_cf": 0.4236328611556983, "beta_rec": 0.049550051204596435, "gamma_fc": 0.15503284594201183, "cue_position": 16.0, "beta_enc": 0.1526599352223067}, "datetime": {"delta": 22.268435, "elapsed": 6775.320256, "datetime": "2020-06-14 11:33:46"}}
{"target": 8.75, "params": {"gamma_cf": 0.9006687990133094, "beta_rec": 0.5002470345041621, "gamma_fc": 0.5331143584043018, "cue_position": 16.0, "beta_enc": 0.38815624567680007}, "datetime": {"delta": 23.95208, "elapsed": 6799.272336, "datetime": "2020-06-14 11:34:10"}}
{"target": 8.125, "params": {"gamma_cf": 0.4352047083432413, "beta_rec": 0.8175936150012542, "gamma_fc": 0.3743801037071617, "cue_position": 16.0, "beta_enc": 0.873413224632536}, "datetime": {"delta": 22.281267, "elapsed": 6821.553603, "datetime": "2020-06-14 11:34:32"}}
{"target": 8.5, "params": {"gamma_cf": 0.17929782485633472, "beta_rec": 0.63408921573572, "gamma_fc": 0.10032256936908635, "cue_position": 16.0, "beta_enc": 0.11984361307083313}, "datetime": {"delta": 22.885085, "elapsed": 6844.438688, "datetime": "2020-06-14 11:34:55"}}
{"target": 6.0, "params": {"gamma_cf": 0.9167696369953865, "beta_rec": 0.20806445453675493, "gamma_fc": 0.8489346688880443, "cue_position": 16.0, "beta_enc": 0.8286419762182167}, "datetime": {"delta": 22.365791, "elapsed": 6866.804479, "datetime": "2020-06-14 11:35:17"}}
{"target": 7.625, "params": {"gamma_cf": 0.736358620640416, "beta_rec": 0.5377558218378266, "gamma_fc": 0.9725862166993375, "cue_position": 16.0, "beta_enc": 0.049172724918069566}, "datetime": {"delta": 22.839028, "elapsed": 6889.643507, "datetime": "2020-06-14 11:35:40"}}
{"target": 8.375, "params": {"gamma_cf": 0.6229692868862381, "beta_rec": 0.30055745318999416, "gamma_fc": 0.9117176903508927, "cue_position": 16.0, "beta_enc": 0.4532076241248487}, "datetime": {"delta": 22.565014, "elapsed": 6912.208521, "datetime": "2020-06-14 11:36:03"}}
{"target": 8.25, "params": {"gamma_cf": 0.44678185294174255, "beta_rec": 0.4045777457609726, "gamma_fc": 0.002152611435642271, "cue_position": 16.0, "beta_enc": 0.4741018707831699}, "datetime": {"delta": 22.31452, "elapsed": 6934.523041, "datetime": "2020-06-14 11:36:25"}}
{"target": 9.25, "params": {"gamma_cf": 0.5067695027072858, "beta_rec": 0.04856140920844787, "gamma_fc": 0.2906353837780674, "cue_position": 16.0, "beta_enc": 0.81130295292799}, "datetime": {"delta": 22.64651, "elapsed": 6957.169551, "datetime": "2020-06-14 11:36:48"}}
{"target": 9.75, "params": {"gamma_cf": 0.27186008437901477, "beta_rec": 0.32647838032743737, "gamma_fc": 0.3102620774834859, "cue_position": 16.0, "beta_enc": 0.25046932337439587}, "datetime": {"delta": 23.340304, "elapsed": 6980.509855, "datetime": "2020-06-14 11:37:11"}}
{"target": 7.0, "params": {"gamma_cf": 0.56359135614382, "beta_rec": 0.17211761299833483, "gamma_fc": 0.018163658510479408, "cue_position": 16.0, "beta_enc": 0.6721581865041598}, "datetime": {"delta": 22.913643, "elapsed": 7003.423498, "datetime": "2020-06-14 11:37:34"}}
{"target": 6.25, "params": {"gamma_cf": 0.5120497479759878, "beta_rec": 0.15546579379184977, "gamma_fc": 0.0003542889005770933, "cue_position": 16.0, "beta_enc": 0.6207258272786876}, "datetime": {"delta": 22.579702, "elapsed": 7026.0032, "datetime": "2020-06-14 11:37:57"}}
{"target": 8.125, "params": {"gamma_cf": 0.770176481029933, "beta_rec": 0.9337590358276027, "gamma_fc": 0.9574331999226781, "cue_position": 16.0, "beta_enc": 0.5635964283212482}, "datetime": {"delta": 22.953349, "elapsed": 7048.956549, "datetime": "2020-06-14 11:38:20"}}
{"target": 7.375, "params": {"gamma_cf": 0.38160496000111954, "beta_rec": 0.7886858640932324, "gamma_fc": 0.15753220740158858, "cue_position": 16.0, "beta_enc": 0.878005135279653}, "datetime": {"delta": 23.055294, "elapsed": 7072.011843, "datetime": "2020-06-14 11:38:43"}}
{"target": 9.375, "params": {"gamma_cf": 0.32283408051314355, "beta_rec": 0.12023066914097291, "gamma_fc": 0.8730311486643916, "cue_position": 16.0, "beta_enc": 0.4803130403009369}, "datetime": {"delta": 23.182311, "elapsed": 7095.194154, "datetime": "2020-06-14 11:39:06"}}
{"target": 8.75, "params": {"gamma_cf": 0.975220002131004, "beta_rec": 0.33679620105685915, "gamma_fc": 0.6413216217762557, "cue_position": 16.0, "beta_enc": 0.5789732134542593}, "datetime": {"delta": 23.507984, "elapsed": 7118.702138, "datetime": "2020-06-14 11:39:29"}}
{"target": 7.375, "params": {"gamma_cf": 0.5500138038558606, "beta_rec": 0.737734125253518, "gamma_fc": 0.46721590282144443, "cue_position": 16.0, "beta_enc": 0.0873176832288467}, "datetime": {"delta": 22.868084, "elapsed": 7141.570222, "datetime": "2020-06-14 11:39:52"}}
{"target": 6.125, "params": {"gamma_cf": 0.1818604571176281, "beta_rec": 0.0034563204826448812, "gamma_fc": 0.2732387463828345, "cue_position": 16.0, "beta_enc": 0.8146398504310471}, "datetime": {"delta": 23.367311, "elapsed": 7164.937533, "datetime": "2020-06-14 11:40:16"}}
{"target": 8.875, "params": {"gamma_cf": 0.502241399549397, "beta_rec": 0.4791727181138129, "gamma_fc": 0.6404999292389572, "cue_position": 16.0, "beta_enc": 0.6139376382112485}, "datetime": {"delta": 22.614261, "elapsed": 7187.551794, "datetime": "2020-06-14 11:40:38"}}
{"target": 6.625, "params": {"gamma_cf": 0.1601830545528894, "beta_rec": 0.7355590600919013, "gamma_fc": 0.11785221641573662, "cue_position": 16.0, "beta_enc": 0.08693630285375054}, "datetime": {"delta": 23.389628, "elapsed": 7210.941422, "datetime": "2020-06-14 11:41:02"}}
{"target": 6.5, "params": {"gamma_cf": 0.0006080808112481906, "beta_rec": 0.3160974343520685, "gamma_fc": 0.15522123064517124, "cue_position": 16.0, "beta_enc": 0.31729996049212406}, "datetime": {"delta": 22.956478, "elapsed": 7233.8979, "datetime": "2020-06-14 11:41:24"}}
{"target": 8.25, "params": {"gamma_cf": 0.408197712688148, "beta_rec": 0.8567852578612153, "gamma_fc": 0.7644536657975497, "cue_position": 16.0, "beta_enc": 0.1418642750071225}, "datetime": {"delta": 23.518932, "elapsed": 7257.416832, "datetime": "2020-06-14 11:41:48"}}
{"target": 5.875, "params": {"gamma_cf": 0.5509959505657751, "beta_rec": 0.1250658403427165, "gamma_fc": 0.9627266407001486, "cue_position": 16.0, "beta_enc": 0.9433604526416504}, "datetime": {"delta": 22.445183, "elapsed": 7279.862015, "datetime": "2020-06-14 11:42:10"}}
{"target": 9.75, "params": {"gamma_cf": 0.33383005174225466, "beta_rec": 0.3996504682689507, "gamma_fc": 0.5569204009854436, "cue_position": 16.0, "beta_enc": 0.4636019924030461}, "datetime": {"delta": 23.58591, "elapsed": 7303.447925, "datetime": "2020-06-14 11:42:34"}}
{"target": 8.5, "params": {"gamma_cf": 0.3450892574323542, "beta_rec": 0.06680960639541733, "gamma_fc": 0.4884503678125287, "cue_position": 16.0, "beta_enc": 0.5042083312691332}, "datetime": {"delta": 22.932706, "elapsed": 7326.380631, "datetime": "2020-06-14 11:42:57"}}
{"target": 8.375, "params": {"gamma_cf": 0.5288729455989841, "beta_rec": 0.4261566509988802, "gamma_fc": 0.8389025056982097, "cue_position": 16.0, "beta_enc": 0.2219537662885942}, "datetime": {"delta": 23.718005, "elapsed": 7350.098636, "datetime": "2020-06-14 11:43:21"}}
{"target": 4.875, "params": {"gamma_cf": 0.5939435647733984, "beta_rec": 0.5392572784055497, "gamma_fc": 0.6752577073957298, "cue_position": 16.0, "beta_enc": 0.9892296115720723}, "datetime": {"delta": 22.848361, "elapsed": 7372.946997, "datetime": "2020-06-14 11:43:44"}}
{"target": 6.5, "params": {"gamma_cf": 0.3248109855355812, "beta_rec": 0.8760626197366606, "gamma_fc": 0.11313353895496847, "cue_position": 16.0, "beta_enc": 0.07974258888220898}, "datetime": {"delta": 23.606317, "elapsed": 7396.553314, "datetime": "2020-06-14 11:44:07"}}
{"target": 9.625, "params": {"gamma_cf": 0.16876577111186142, "beta_rec": 0.5130334124515918, "gamma_fc": 0.5087322787146402, "cue_position": 16.0, "beta_enc": 0.3339825667701425}, "datetime": {"delta": 24.348867, "elapsed": 7420.902181, "datetime": "2020-06-14 11:44:31"}}
{"target": 8.625, "params": {"gamma_cf": 0.3011098263864408, "beta_rec": 0.9005931091784418, "gamma_fc": 0.9144403387969896, "cue_position": 16.0, "beta_enc": 0.1660290816774549}, "datetime": {"delta": 24.028728, "elapsed": 7444.930909, "datetime": "2020-06-14 11:44:56"}}
{"target": 7.5, "params": {"gamma_cf": 0.15889118887996712, "beta_rec": 0.7529020545400709, "gamma_fc": 0.4321922745320269, "cue_position": 16.0, "beta_enc": 0.9327641749134972}, "datetime": {"delta": 22.808255, "elapsed": 7467.739164, "datetime": "2020-06-14 11:45:18"}}
{"target": 5.125, "params": {"gamma_cf": 0.8553681047933802, "beta_rec": 0.7906712658371486, "gamma_fc": 0.796419135826641, "cue_position": 16.0, "beta_enc": 0.8543279528738592}, "datetime": {"delta": 23.781935, "elapsed": 7491.521099, "datetime": "2020-06-14 11:45:42"}}
{"target": 8.0, "params": {"gamma_cf": 0.6536947261846576, "beta_rec": 0.6612690700979958, "gamma_fc": 0.8130929892469106, "cue_position": 16.0, "beta_enc": 0.593322706396989}, "datetime": {"delta": 23.457974, "elapsed": 7514.979073, "datetime": "2020-06-14 11:46:06"}}
{"target": 8.25, "params": {"gamma_cf": 0.16576756779277446, "beta_rec": 0.5617612245928496, "gamma_fc": 0.7382425150983516, "cue_position": 16.0, "beta_enc": 0.8049430481809615}, "datetime": {"delta": 24.024713, "elapsed": 7539.003786, "datetime": "2020-06-14 11:46:30"}}
{"target": 6.625, "params": {"gamma_cf": 0.8818007674027973, "beta_rec": 0.11239948458428439, "gamma_fc": 0.20565342582477508, "cue_position": 16.0, "beta_enc": 0.7142382105273574}, "datetime": {"delta": 23.201385, "elapsed": 7562.205171, "datetime": "2020-06-14 11:46:53"}}
{"target": 7.125, "params": {"gamma_cf": 0.21699053206083607, "beta_rec": 0.01745742104036807, "gamma_fc": 0.017102654890531976, "cue_position": 16.0, "beta_enc": 0.7952349046831345}, "datetime": {"delta": 24.102519, "elapsed": 7586.30769, "datetime": "2020-06-14 11:47:17"}}
{"target": 7.5, "params": {"gamma_cf": 0.7328845932737974, "beta_rec": 0.27119457142574066, "gamma_fc": 0.7495328359486644, "cue_position": 16.0, "beta_enc": 0.43774931521928706}, "datetime": {"delta": 23.615707, "elapsed": 7609.923397, "datetime": "2020-06-14 11:47:41"}}
{"target": 9.125, "params": {"gamma_cf": 0.657442204047033, "beta_rec": 0.6637829355123047, "gamma_fc": 0.5546160019177679, "cue_position": 16.0, "beta_enc": 0.5018984537374255}, "datetime": {"delta": 24.447935, "elapsed": 7634.371332, "datetime": "2020-06-14 11:48:05"}}
{"target": 7.875, "params": {"gamma_cf": 0.24577125782451914, "beta_rec": 0.4114556700243901, "gamma_fc": 0.5446439625963159, "cue_position": 16.0, "beta_enc": 0.9587643103521643}, "datetime": {"delta": 23.334241, "elapsed": 7657.705573, "datetime": "2020-06-14 11:48:28"}}
{"target": 7.625, "params": {"gamma_cf": 0.7895199429535911, "beta_rec": 0.5172929095228428, "gamma_fc": 0.539424666753562, "cue_position": 16.0, "beta_enc": 0.8237789437875775}, "datetime": {"delta": 24.004629, "elapsed": 7681.710202, "datetime": "2020-06-14 11:48:52"}}
{"target": 10.375, "params": {"gamma_cf": 0.08338971655831517, "beta_rec": 0.7156126773320176, "gamma_fc": 0.8520791603276948, "cue_position": 16.0, "beta_enc": 0.7802275208391729}, "datetime": {"delta": 24.412651, "elapsed": 7706.122853, "datetime": "2020-06-14 11:49:17"}}
{"target": 9.625, "params": {"gamma_cf": 0.7080235197597408, "beta_rec": 0.92790621689738, "gamma_fc": 0.35977235375007377, "cue_position": 16.0, "beta_enc": 0.14181506220370954}, "datetime": {"delta": 24.195708, "elapsed": 7730.318561, "datetime": "2020-06-14 11:49:41"}}
{"target": 7.875, "params": {"gamma_cf": 0.31858096876069764, "beta_rec": 0.4354992858013351, "gamma_fc": 0.8917500628006824, "cue_position": 16.0, "beta_enc": 0.7996261744233335}, "datetime": {"delta": 24.6332, "elapsed": 7754.951761, "datetime": "2020-06-14 11:50:06"}}
{"target": 10.0, "params": {"gamma_cf": 0.6454802513564794, "beta_rec": 0.17439752752909166, "gamma_fc": 0.4392438287920726, "cue_position": 16.0, "beta_enc": 0.26141720768558263}, "datetime": {"delta": 24.833181, "elapsed": 7779.784942, "datetime": "2020-06-14 11:50:30"}}
