{"target": 7.078222222222221, "params": {"beta_enc": 0.417022004702574, "gamma_fc": 0.14675589081711304, "cue_position": 10.0, "k": 3.0, "beta_rec": 0.7203244934421581, "enc_rate": 1.0}, "datetime": {"elapsed": 0.0, "delta": 0.0, "datetime": "2021-04-07 11:13:35"}}
{"target": 7.498222222222222, "params": {"beta_enc": 0.1862602113776709, "gamma_fc": 0.4191945144032948, "cue_position": 10.0, "k": 3.0, "beta_rec": 0.34556072704304774, "enc_rate": 1.0}, "datetime": {"elapsed": 35.505397, "delta": 35.505397, "datetime": "2021-04-07 11:14:10"}}
{"target": 7.497333333333333, "params": {"beta_enc": 0.20445224973151743, "gamma_fc": 0.41730480236712697, "cue_position": 10.0, "k": 3.0, "beta_rec": 0.8781174363909454, "enc_rate": 1.0}, "datetime": {"elapsed": 71.540229, "delta": 36.034832, "datetime": "2021-04-07 11:14:46"}}
{"target": 7.5200000000000005, "params": {"beta_enc": 0.14038693859523377, "gamma_fc": 0.31342417815924284, "cue_position": 10.0, "k": 3.0, "beta_rec": 0.1981014890848788, "enc_rate": 1.0}, "datetime": {"elapsed": 107.659434, "delta": 36.119205, "datetime": "2021-04-07 11:15:22"}}
{"target": 5.936888888888889, "params": {"beta_enc": 0.8763891522960383, "gamma_fc": 0.1698304195645689, "cue_position": 10.0, "k": 3.0, "beta_rec": 0.8946066635038473, "enc_rate": 1.0}, "datetime": {"elapsed": 138.949949, "delta": 31.290515, "datetime": "2021-04-07 11:15:54"}}
{"target": 7.555333333333333, "params": {"beta_enc": 0.0983468338330501, "gamma_fc": 0.6918771139504734, "cue_position": 10.0, "k": 3.0, "beta_rec": 0.42110762500505217, "enc_rate": 1.0}, "datetime": {"elapsed": 175.227224, "delta": 36.277275, "datetime": "2021-04-07 11:16:30"}}
{"target": 6.680888888888889, "params": {"beta_enc": 0.6865009276815837, "gamma_fc": 0.9888610889064947, "cue_position": 10.0, "k": 3.0, "beta_rec": 0.8346256718973729, "enc_rate": 1.0}, "datetime": {"elapsed": 208.916017, "delta": 33.688793, "datetime": "2021-04-07 11:17:04"}}
{"target": 7.442, "params": {"beta_enc": 0.2804439920644052, "gamma_fc": 0.9085955030930956, "cue_position": 10.0, "k": 3.0, "beta_rec": 0.7892793284514885, "enc_rate": 1.0}, "datetime": {"elapsed": 244.861187, "delta": 35.94517, "datetime": "2021-04-07 11:17:40"}}
{"target": 7.418888888888889, "params": {"beta_enc": 0.28777533858634874, "gamma_fc": 0.21162811600005904, "cue_position": 10.0, "k": 3.0, "beta_rec": 0.13002857211827767, "enc_rate": 1.0}, "datetime": {"elapsed": 280.725978, "delta": 35.864791, "datetime": "2021-04-07 11:18:15"}}
{"target": 6.899555555555556, "params": {"beta_enc": 0.4915731592803383, "gamma_fc": 0.5893055369032842, "cue_position": 10.0, "k": 3.0, "beta_rec": 0.053362545117080384, "enc_rate": 1.0}, "datetime": {"elapsed": 316.854753, "delta": 36.128775, "datetime": "2021-04-07 11:18:52"}}
{"target": 7.522444444444444, "params": {"beta_enc": 0.10233442882782584, "gamma_fc": 0.04995345894608716, "cue_position": 10.0, "k": 3.0, "beta_rec": 0.4140559878195683, "enc_rate": 1.0}, "datetime": {"elapsed": 370.021517, "delta": 53.166764, "datetime": "2021-04-07 11:19:45"}}
{"target": 6.703333333333333, "params": {"beta_enc": 0.6637946452197888, "gamma_fc": 0.9034019152878835, "cue_position": 10.0, "k": 3.0, "beta_rec": 0.5148891120583086, "enc_rate": 1.0}, "datetime": {"elapsed": 419.197437, "delta": 49.17592, "datetime": "2021-04-07 11:20:34"}}
{"target": 7.537333333333334, "params": {"beta_enc": 0.13927634725075855, "gamma_fc": 0.9275085803960339, "cue_position": 10.0, "k": 3.0, "beta_rec": 0.8073912887095238, "enc_rate": 1.0}, "datetime": {"elapsed": 456.721945, "delta": 37.524508, "datetime": "2021-04-07 11:21:11"}}
{"target": 6.293333333333333, "params": {"beta_enc": 0.7508121031361555, "gamma_fc": 0.7509424340273372, "cue_position": 10.0, "k": 3.0, "beta_rec": 0.7259979853504515, "enc_rate": 1.0}, "datetime": {"elapsed": 489.298175, "delta": 32.57623, "datetime": "2021-04-07 11:21:44"}}
{"target": 7.453333333333333, "params": {"beta_enc": 0.2699278917650261, "gamma_fc": 0.6634414978184481, "cue_position": 10.0, "k": 3.0, "beta_rec": 0.8958862181960668, "enc_rate": 1.0}, "datetime": {"elapsed": 525.403548, "delta": 36.105373, "datetime": "2021-04-07 11:22:20"}}
{"target": 7.532666666666667, "params": {"beta_enc": 0.11474597295337519, "gamma_fc": 0.40813680276128117, "cue_position": 10.0, "k": 3.0, "beta_rec": 0.9494892587070712, "enc_rate": 1.0}, "datetime": {"elapsed": 561.607419, "delta": 36.203871, "datetime": "2021-04-07 11:22:56"}}
{"target": 5.639111111111111, "params": {"beta_enc": 0.9033795205622538, "gamma_fc": 0.32664490177209615, "cue_position": 10.0, "k": 3.0, "beta_rec": 0.5736794866722859, "enc_rate": 1.0}, "datetime": {"elapsed": 592.073529, "delta": 30.46611, "datetime": "2021-04-07 11:23:27"}}
{"target": 6.190444444444444, "params": {"beta_enc": 0.8859420993107745, "gamma_fc": 0.015821242846556283, "cue_position": 10.0, "k": 3.0, "beta_rec": 0.35726976000249977, "enc_rate": 1.0}, "datetime": {"elapsed": 624.227881, "delta": 32.154352, "datetime": "2021-04-07 11:23:59"}}
{"target": 6.651555555555555, "params": {"beta_enc": 0.690896917516924, "gamma_fc": 0.9325954630371636, "cue_position": 10.0, "k": 3.0, "beta_rec": 0.9973228504514805, "enc_rate": 1.0}, "datetime": {"elapsed": 657.775822, "delta": 33.547941, "datetime": "2021-04-07 11:24:32"}}
{"target": 7.5391111111111115, "params": {"beta_enc": 0.06600017272206249, "gamma_fc": 0.7115247586284718, "cue_position": 10.0, "k": 3.0, "beta_rec": 0.7554630526024664, "enc_rate": 1.0}, "datetime": {"elapsed": 693.916907, "delta": 36.141085, "datetime": "2021-04-07 11:25:09"}}
{"target": 7.527333333333334, "params": {"beta_enc": 0.01988013383979559, "gamma_fc": 0.860027948682888, "cue_position": 10.0, "k": 3.0, "beta_rec": 0.026210986877719278, "enc_rate": 1.0}, "datetime": {"elapsed": 730.066101, "delta": 36.149194, "datetime": "2021-04-07 11:25:45"}}
{"target": 7.078444444444445, "params": {"beta_enc": 0.5528219786857659, "gamma_fc": 0.5857592714582879, "cue_position": 10.0, "k": 3.0, "beta_rec": 0.8420308923596057, "enc_rate": 1.0}, "datetime": {"elapsed": 764.926608, "delta": 34.860507, "datetime": "2021-04-07 11:26:20"}}
{"target": 6.552222222222222, "params": {"beta_enc": 0.56103021925571, "gamma_fc": 0.8071051956187791, "cue_position": 10.0, "k": 3.0, "beta_rec": 0.01864728937294302, "enc_rate": 1.0}, "datetime": {"elapsed": 798.287116, "delta": 33.360508, "datetime": "2021-04-07 11:26:53"}}
{"target": 6.0520000000000005, "params": {"beta_enc": 0.8635418545594287, "gamma_fc": 0.05991768951221166, "cue_position": 10.0, "k": 3.0, "beta_rec": 0.7471216427371846, "enc_rate": 1.0}, "datetime": {"elapsed": 829.994156, "delta": 31.70704, "datetime": "2021-04-07 11:27:25"}}
{"target": 7.5311111111111115, "params": {"beta_enc": 0.044551878544761725, "gamma_fc": 0.5597169820541424, "cue_position": 10.0, "k": 3.0, "beta_rec": 0.1074941291060929, "enc_rate": 1.0}, "datetime": {"elapsed": 866.147121, "delta": 36.152965, "datetime": "2021-04-07 11:28:01"}}
{"target": 7.574888888888888, "params": {"beta_enc": 0.07197427968948678, "gamma_fc": 0.2523257445703234, "cue_position": 10.0, "k": 3.0, "beta_rec": 0.967276330000272, "enc_rate": 1.0}, "datetime": {"elapsed": 902.458158, "delta": 36.311037, "datetime": "2021-04-07 11:28:37"}}
{"target": 7.511333333333333, "params": {"beta_enc": 0.1954294811093188, "gamma_fc": 0.23984775914758616, "cue_position": 10.0, "k": 3.0, "beta_rec": 0.5813589272732578, "enc_rate": 1.0}, "datetime": {"elapsed": 939.074416, "delta": 36.616258, "datetime": "2021-04-07 11:29:14"}}
{"target": 6.45, "params": {"beta_enc": 0.6199557183813798, "gamma_fc": 0.07002214371922233, "cue_position": 10.0, "k": 3.0, "beta_rec": 0.8289808995501787, "enc_rate": 1.0}, "datetime": {"elapsed": 972.0516, "delta": 32.977184, "datetime": "2021-04-07 11:29:47"}}
{"target": 6.8293333333333335, "params": {"beta_enc": 0.6063294616533303, "gamma_fc": 0.5797452192457969, "cue_position": 10.0, "k": 3.0, "beta_rec": 0.5688514370864813, "enc_rate": 1.0}, "datetime": {"elapsed": 1006.19224, "delta": 34.14064, "datetime": "2021-04-07 11:30:21"}}
{"target": 6.615555555555557, "params": {"beta_enc": 0.5509482191178968, "gamma_fc": 0.06633483442844157, "cue_position": 10.0, "k": 3.0, "beta_rec": 0.7453344309065021, "enc_rate": 1.0}, "datetime": {"elapsed": 1039.6385, "delta": 33.44626, "datetime": "2021-04-07 11:30:54"}}
{"target": 6.430888888888889, "params": {"beta_enc": 0.6297175070215645, "gamma_fc": 0.26031509857854096, "cue_position": 10.0, "k": 3.0, "beta_rec": 0.2101740099148396, "enc_rate": 1.0}, "datetime": {"elapsed": 1072.567551, "delta": 32.929051, "datetime": "2021-04-07 11:31:27"}}
{"target": 7.5040000000000004, "params": {"beta_enc": 0.19343428262332774, "gamma_fc": 0.263296770487111, "cue_position": 10.0, "k": 3.0, "beta_rec": 0.6394608808799401, "enc_rate": 1.0}, "datetime": {"elapsed": 1108.629343, "delta": 36.061792, "datetime": "2021-04-07 11:32:03"}}
{"target": 6.118444444444444, "params": {"beta_enc": 0.7350659632886695, "gamma_fc": 0.013951572975597015, "cue_position": 10.0, "k": 3.0, "beta_rec": 0.7721780295432468, "enc_rate": 1.0}, "datetime": {"elapsed": 1140.523623, "delta": 31.89428, "datetime": "2021-04-07 11:32:35"}}
{"target": 6.942222222222223, "params": {"beta_enc": 0.6167783570016576, "gamma_fc": 0.9156063497662745, "cue_position": 10.0, "k": 3.0, "beta_rec": 0.9490163206876164, "enc_rate": 1.0}, "datetime": {"elapsed": 1175.002015, "delta": 34.478392, "datetime": "2021-04-07 11:33:10"}}
{"target": 7.388888888888888, "params": {"beta_enc": 0.39000771414124624, "gamma_fc": 0.9261814267064536, "cue_position": 10.0, "k": 3.0, "beta_rec": 0.48599066709690975, "enc_rate": 1.0}, "datetime": {"elapsed": 1210.742802, "delta": 35.740787, "datetime": "2021-04-07 11:33:45"}}
{"target": 7.152888888888889, "params": {"beta_enc": 0.3948756129235549, "gamma_fc": 0.13507915804673132, "cue_position": 10.0, "k": 3.0, "beta_rec": 0.9632625284407118, "enc_rate": 1.0}, "datetime": {"elapsed": 1245.805767, "delta": 35.062965, "datetime": "2021-04-07 11:34:20"}}
{"target": 7.574222222222223, "params": {"beta_enc": 0.021524805274197978, "gamma_fc": 0.17619625557505525, "cue_position": 10.0, "k": 3.0, "beta_rec": 0.947970211217681, "enc_rate": 1.0}, "datetime": {"elapsed": 1282.116686, "delta": 36.310919, "datetime": "2021-04-07 11:34:57"}}
{"target": 7.562, "params": {"beta_enc": 0.1309968448109169, "gamma_fc": 0.58201417994708, "cue_position": 10.0, "k": 3.0, "beta_rec": 0.8094906921265821, "enc_rate": 1.0}, "datetime": {"elapsed": 1318.382378, "delta": 36.265692, "datetime": "2021-04-07 11:35:33"}}
{"target": 5.5424444444444445, "params": {"beta_enc": 0.8447344453922219, "gamma_fc": 0.7986035911520394, "cue_position": 10.0, "k": 3.0, "beta_rec": 0.9053923187086492, "enc_rate": 1.0}, "datetime": {"elapsed": 1348.692371, "delta": 30.309993, "datetime": "2021-04-07 11:36:03"}}
{"target": 7.146222222222223, "params": {"beta_enc": 0.4902535226199277, "gamma_fc": 0.4336763489894583, "cue_position": 10.0, "k": 3.0, "beta_rec": 0.5991103076458784, "enc_rate": 1.0}, "datetime": {"elapsed": 1383.903173, "delta": 35.210802, "datetime": "2021-04-07 11:36:39"}}
{"target": 7.434, "params": {"beta_enc": 0.31524480309537295, "gamma_fc": 0.7879292338255043, "cue_position": 10.0, "k": 3.0, "beta_rec": 0.8928887085251513, "enc_rate": 1.0}, "datetime": {"elapsed": 1419.790504, "delta": 35.887331, "datetime": "2021-04-07 11:37:14"}}
{"target": 7.5504444444444445, "params": {"beta_enc": 0.053909272073752956, "gamma_fc": 0.00040202489135743313, "cue_position": 10.0, "k": 3.0, "beta_rec": 0.4201936800011322, "enc_rate": 1.0}, "datetime": {"elapsed": 1456.063118, "delta": 36.272614, "datetime": "2021-04-07 11:37:51"}}
{"target": 7.409999999999999, "params": {"beta_enc": 0.37658031474577447, "gamma_fc": 0.5747115047081023, "cue_position": 10.0, "k": 3.0, "beta_rec": 0.9737835383583225, "enc_rate": 1.0}, "datetime": {"elapsed": 1502.537637, "delta": 46.474519, "datetime": "2021-04-07 11:38:37"}}
{"target": 7.4797777777777785, "params": {"beta_enc": 0.28557628169569393, "gamma_fc": 0.7550821884676802, "cue_position": 10.0, "k": 3.0, "beta_rec": 0.586833340656083, "enc_rate": 1.0}, "datetime": {"elapsed": 1555.838401, "delta": 53.300764, "datetime": "2021-04-07 11:39:30"}}
{"target": 5.829777777777778, "params": {"beta_enc": 0.8644794300545998, "gamma_fc": 0.3821027520315172, "cue_position": 10.0, "k": 3.0, "beta_rec": 0.32268099683674645, "enc_rate": 1.0}, "datetime": {"elapsed": 1604.612526, "delta": 48.774125, "datetime": "2021-04-07 11:40:19"}}
{"target": 7.356, "params": {"beta_enc": 0.4014795834695406, "gamma_fc": 0.9738020779272523, "cue_position": 10.0, "k": 3.0, "beta_rec": 0.3173839459582769, "enc_rate": 1.0}, "datetime": {"elapsed": 1657.997193, "delta": 53.384667, "datetime": "2021-04-07 11:41:13"}}
{"target": 7.511333333333333, "params": {"beta_enc": 0.19856988842711087, "gamma_fc": 0.8799982885634318, "cue_position": 10.0, "k": 3.0, "beta_rec": 0.4267010093480328, "enc_rate": 1.0}, "datetime": {"elapsed": 1711.43451, "delta": 53.437317, "datetime": "2021-04-07 11:42:06"}}
{"target": 6.586444444444444, "params": {"beta_enc": 0.6627198123752622, "gamma_fc": 0.5277146463087466, "cue_position": 10.0, "k": 3.0, "beta_rec": 0.2702082620297578, "enc_rate": 1.0}, "datetime": {"elapsed": 1760.790847, "delta": 49.356337, "datetime": "2021-04-07 11:42:55"}}
{"target": 6.99, "params": {"beta_enc": 0.5724885171916063, "gamma_fc": 0.5688579907047155, "cue_position": 10.0, "k": 3.0, "beta_rec": 0.7331425252875111, "enc_rate": 1.0}, "datetime": {"elapsed": 1813.3264, "delta": 52.535553, "datetime": "2021-04-07 11:43:48"}}
{"target": 7.364666666666667, "params": {"beta_enc": 0.3426889079532818, "gamma_fc": 0.982817113730445, "cue_position": 10.0, "k": 3.0, "beta_rec": 0.06820934841670412, "enc_rate": 1.0}, "datetime": {"elapsed": 1863.72173, "delta": 50.39533, "datetime": "2021-04-07 11:44:38"}}
{"target": 6.101999999999999, "params": {"beta_enc": 0.8118586977205398, "gamma_fc": 0.16097143681560877, "cue_position": 10.0, "k": 3.0, "beta_rec": 0.8749616449558981, "enc_rate": 1.0}, "datetime": {"elapsed": 1912.178221, "delta": 48.456491, "datetime": "2021-04-07 11:45:27"}}
{"target": 7.407333333333334, "params": {"beta_enc": 0.345172051155215, "gamma_fc": 0.9163055534683507, "cue_position": 10.0, "k": 3.0, "beta_rec": 0.2250399578140846, "enc_rate": 1.0}, "datetime": {"elapsed": 1965.757189, "delta": 53.578968, "datetime": "2021-04-07 11:46:20"}}
{"target": 7.460222222222223, "params": {"beta_enc": 0.2571182937821962, "gamma_fc": 0.7285856679745962, "cue_position": 10.0, "k": 3.0, "beta_rec": 0.1108913007440292, "enc_rate": 1.0}, "datetime": {"elapsed": 2019.578642, "delta": 53.821453, "datetime": "2021-04-07 11:47:14"}}
{"target": 7.457333333333334, "params": {"beta_enc": 0.24803355837723073, "gamma_fc": 0.23366613923925006, "cue_position": 10.0, "k": 3.0, "beta_rec": 0.851671874936367, "enc_rate": 1.0}, "datetime": {"elapsed": 2072.978963, "delta": 53.400321, "datetime": "2021-04-07 11:48:08"}}
{"target": 7.095111111111111, "params": {"beta_enc": 0.5158570169685298, "gamma_fc": 0.5440101188139381, "cue_position": 10.0, "k": 3.0, "beta_rec": 0.47714098704978236, "enc_rate": 1.0}, "datetime": {"elapsed": 2125.286432, "delta": 52.307469, "datetime": "2021-04-07 11:49:00"}}
{"target": 7.490666666666667, "params": {"beta_enc": 0.1445455401246598, "gamma_fc": 0.7852960282216189, "cue_position": 10.0, "k": 3.0, "beta_rec": 0.7515278171352439, "enc_rate": 1.0}, "datetime": {"elapsed": 2179.047409, "delta": 53.760977, "datetime": "2021-04-07 11:49:54"}}
{"target": 7.450666666666666, "params": {"beta_enc": 0.3243624597261865, "gamma_fc": 0.866608274166513, "cue_position": 10.0, "k": 3.0, "beta_rec": 0.872922376400111, "enc_rate": 1.0}, "datetime": {"elapsed": 2231.445891, "delta": 52.398482, "datetime": "2021-04-07 11:50:46"}}
{"target": 5.727777777777777, "params": {"beta_enc": 0.8264069976293413, "gamma_fc": 0.703516988152653, "cue_position": 10.0, "k": 3.0, "beta_rec": 0.8541154438365387, "enc_rate": 1.0}, "datetime": {"elapsed": 2276.564715, "delta": 45.118824, "datetime": "2021-04-07 11:51:31"}}
{"target": 5.441999999999999, "params": {"beta_enc": 0.799615261736028, "gamma_fc": 0.2596983932983531, "cue_position": 10.0, "k": 3.0, "beta_rec": 0.03457121987163425, "enc_rate": 1.0}, "datetime": {"elapsed": 2321.699466, "delta": 45.134751, "datetime": "2021-04-07 11:52:16"}}
{"target": 6.75911111111111, "params": {"beta_enc": 0.6323033174301278, "gamma_fc": 0.7827494147841719, "cue_position": 10.0, "k": 3.0, "beta_rec": 0.34529746159108154, "enc_rate": 1.0}, "datetime": {"elapsed": 2372.900593, "delta": 51.201127, "datetime": "2021-04-07 11:53:08"}}
{"target": 7.443333333333333, "params": {"beta_enc": 0.30024833953390007, "gamma_fc": 0.9747403708550822, "cue_position": 10.0, "k": 3.0, "beta_rec": 0.14300582825809938, "enc_rate": 1.0}, "datetime": {"elapsed": 2427.304256, "delta": 54.403663, "datetime": "2021-04-07 11:54:02"}}
{"target": 4.783555555555555, "params": {"beta_enc": 0.9939130246104789, "gamma_fc": 0.3557051709838811, "cue_position": 10.0, "k": 3.0, "beta_rec": 0.5460708041429516, "enc_rate": 1.0}, "datetime": {"elapsed": 2469.970985, "delta": 42.666729, "datetime": "2021-04-07 11:54:45"}}
{"target": 7.508, "params": {"beta_enc": 0.1603951795196491, "gamma_fc": 0.8623462528380441, "cue_position": 10.0, "k": 3.0, "beta_rec": 0.7456371927074961, "enc_rate": 1.0}, "datetime": {"elapsed": 2524.601728, "delta": 54.630743, "datetime": "2021-04-07 11:55:39"}}
{"target": 6.367999999999999, "params": {"beta_enc": 0.6909421420661686, "gamma_fc": 0.9897517076637052, "cue_position": 10.0, "k": 3.0, "beta_rec": 0.18863680095531088, "enc_rate": 1.0}, "datetime": {"elapsed": 2575.466087, "delta": 50.864359, "datetime": "2021-04-07 11:56:30"}}
{"target": 7.368444444444445, "params": {"beta_enc": 0.24773290176235485, "gamma_fc": 0.05692943841109499, "cue_position": 10.0, "k": 3.0, "beta_rec": 0.26217308377291193, "enc_rate": 1.0}, "datetime": {"elapsed": 2630.216696, "delta": 54.750609, "datetime": "2021-04-07 11:57:25"}}
{"target": 7.472666666666666, "params": {"beta_enc": 0.21196016464367595, "gamma_fc": 0.593432449464621, "cue_position": 10.0, "k": 3.0, "beta_rec": 0.7986042447602102, "enc_rate": 1.0}, "datetime": {"elapsed": 2684.935479, "delta": 54.718783, "datetime": "2021-04-07 11:58:20"}}
{"target": 7.347111111111111, "params": {"beta_enc": 0.3810161240622142, "gamma_fc": 0.9594343210617524, "cue_position": 10.0, "k": 3.0, "beta_rec": 0.7498583107261434, "enc_rate": 1.0}, "datetime": {"elapsed": 2738.451425, "delta": 53.515946, "datetime": "2021-04-07 11:59:13"}}
{"target": 7.535777777777779, "params": {"beta_enc": 0.03232306662357398, "gamma_fc": 0.2214327343234883, "cue_position": 10.0, "k": 3.0, "beta_rec": 0.7093872512312951, "enc_rate": 1.0}, "datetime": {"elapsed": 2792.507361, "delta": 54.055936, "datetime": "2021-04-07 12:00:07"}}
{"target": 7.507555555555555, "params": {"beta_enc": 0.081473964877262, "gamma_fc": 0.8029632373737379, "cue_position": 10.0, "k": 3.0, "beta_rec": 0.42861882866378653, "enc_rate": 1.0}, "datetime": {"elapsed": 2847.655961, "delta": 55.1486, "datetime": "2021-04-07 12:01:02"}}
{"target": 6.149333333333334, "params": {"beta_enc": 0.7662113810757705, "gamma_fc": 0.8240098704123188, "cue_position": 10.0, "k": 3.0, "beta_rec": 0.3424541198435198, "enc_rate": 1.0}, "datetime": {"elapsed": 2896.516229, "delta": 48.860268, "datetime": "2021-04-07 12:01:51"}}
{"target": 7.519555555555556, "params": {"beta_enc": 0.1434230486702449, "gamma_fc": 0.4585838137084318, "cue_position": 10.0, "k": 3.0, "beta_rec": 0.07838689985494796, "enc_rate": 1.0}, "datetime": {"elapsed": 2951.451064, "delta": 54.934835, "datetime": "2021-04-07 12:02:46"}}
{"target": 7.522888888888889, "params": {"beta_enc": 0.027783348848669953, "gamma_fc": 0.45240482674645155, "cue_position": 10.0, "k": 3.0, "beta_rec": 0.7548614813904674, "enc_rate": 1.0}, "datetime": {"elapsed": 3006.35612, "delta": 54.905056, "datetime": "2021-04-07 12:03:41"}}
{"target": 7.260888888888888, "params": {"beta_enc": 0.47807250671783097, "gamma_fc": 0.904686160343623, "cue_position": 10.0, "k": 3.0, "beta_rec": 0.47400392656219403, "enc_rate": 1.0}, "datetime": {"elapsed": 3060.228357, "delta": 53.872237, "datetime": "2021-04-07 12:04:35"}}
{"target": 5.885555555555555, "params": {"beta_enc": 0.7738743427204187, "gamma_fc": 0.538627282576347, "cue_position": 10.0, "k": 3.0, "beta_rec": 0.12564138113773882, "enc_rate": 1.0}, "datetime": {"elapsed": 3107.855906, "delta": 47.627549, "datetime": "2021-04-07 12:05:23"}}
{"target": 5.5088888888888885, "params": {"beta_enc": 0.9511937854902045, "gamma_fc": 0.14555823115839706, "cue_position": 10.0, "k": 3.0, "beta_rec": 0.905402033702778, "enc_rate": 1.0}, "datetime": {"elapsed": 3153.539968, "delta": 45.684062, "datetime": "2021-04-07 12:06:08"}}
{"target": 7.549777777777779, "params": {"beta_enc": 0.187631672902434, "gamma_fc": 0.7111224587658159, "cue_position": 10.0, "k": 3.0, "beta_rec": 0.6224959022999211, "enc_rate": 1.0}, "datetime": {"elapsed": 3208.560966, "delta": 55.020998, "datetime": "2021-04-07 12:07:03"}}
{"target": 5.996, "params": {"beta_enc": 0.9092932045442544, "gamma_fc": 0.119457050333729, "cue_position": 10.0, "k": 3.0, "beta_rec": 0.4008737323711209, "enc_rate": 1.0}, "datetime": {"elapsed": 3257.083527, "delta": 48.522561, "datetime": "2021-04-07 12:07:52"}}
{"target": 7.547555555555556, "params": {"beta_enc": 0.14679237341724316, "gamma_fc": 0.9824174492929428, "cue_position": 10.0, "k": 3.0, "beta_rec": 0.2642974827269007, "enc_rate": 1.0}, "datetime": {"elapsed": 3312.106537, "delta": 55.02301, "datetime": "2021-04-07 12:08:47"}}
