{"target": 9.25, "params": {"gamma_cf": 0.6866794550904403, "cue_position": 16.0, "beta_rec": 0.6350731702721656, "gamma_fc": 0.7568505894195531, "beta_enc": 0.1042005341260056}, "datetime": {"delta": 98.463643, "datetime": "2020-06-14 19:24:34", "elapsed": 23094.250928}}
{"target": 11.125, "params": {"gamma_cf": 0.6945614642029186, "cue_position": 16.0, "beta_rec": 0.5479424531531404, "gamma_fc": 0.6862785584277903, "beta_enc": 0.44565310923186696}, "datetime": {"delta": 100.456351, "datetime": "2020-06-14 19:26:15", "elapsed": 23194.707279}}
{"target": 10.375, "params": {"gamma_cf": 0.34156156746365973, "cue_position": 16.0, "beta_rec": 0.38681383490349797, "gamma_fc": 0.8124031799620771, "beta_enc": 0.02174987351514679}, "datetime": {"delta": 100.134553, "datetime": "2020-06-14 19:27:55", "elapsed": 23294.841832}}
{"target": 9.875, "params": {"gamma_cf": 0.6819016461714819, "cue_position": 16.0, "beta_rec": 0.12383808416649876, "gamma_fc": 0.8652180051209862, "beta_enc": 0.29047738997234634}, "datetime": {"delta": 99.144472, "datetime": "2020-06-14 19:29:34", "elapsed": 23393.986304}}
{"target": 11.625, "params": {"gamma_cf": 0.9785027271557759, "cue_position": 16.0, "beta_rec": 0.6901749201922306, "gamma_fc": 0.11747174533302374, "beta_enc": 0.19045210710264593}, "datetime": {"delta": 106.261898, "datetime": "2020-06-14 19:31:20", "elapsed": 23500.248202}}
{"target": 10.5, "params": {"gamma_cf": 0.955365910609554, "cue_position": 16.0, "beta_rec": 0.49954650262684264, "gamma_fc": 0.9405233417050047, "beta_enc": 0.03566417337346095}, "datetime": {"delta": 95.572108, "datetime": "2020-06-14 19:32:56", "elapsed": 23595.82031}}
{"target": 10.75, "params": {"gamma_cf": 0.2419328333288976, "cue_position": 16.0, "beta_rec": 0.02521688433392477, "gamma_fc": 0.8666663262188794, "beta_enc": 0.02524926739614708}, "datetime": {"delta": 95.646783, "datetime": "2020-06-14 19:34:31", "elapsed": 23691.467093}}
{"target": 9.375, "params": {"gamma_cf": 0.7633856238539388, "cue_position": 16.0, "beta_rec": 0.8830722196532534, "gamma_fc": 0.4637853802487114, "beta_enc": 0.3254439447092732}, "datetime": {"delta": 93.564517, "datetime": "2020-06-14 19:36:05", "elapsed": 23785.03161}}
{"target": 10.5, "params": {"gamma_cf": 0.33007882007681233, "cue_position": 16.0, "beta_rec": 0.29274122662887436, "gamma_fc": 0.45242819548826596, "beta_enc": 0.1382247485784941}, "datetime": {"delta": 93.895768, "datetime": "2020-06-14 19:37:39", "elapsed": 23878.927378}}
{"target": 10.125, "params": {"gamma_cf": 0.3501055713317396, "cue_position": 16.0, "beta_rec": 0.4169357162323395, "gamma_fc": 0.7909573770765423, "beta_enc": 0.0060716417972810355}, "datetime": {"delta": 94.925757, "datetime": "2020-06-14 19:39:14", "elapsed": 23973.853135}}
{"target": 10.25, "params": {"gamma_cf": 0.6605544452057122, "cue_position": 16.0, "beta_rec": 0.1322903436331263, "gamma_fc": 0.17501543550291032, "beta_enc": 0.05419299032910041}, "datetime": {"delta": 93.995837, "datetime": "2020-06-14 19:40:48", "elapsed": 24067.848972}}
{"target": 11.0, "params": {"gamma_cf": 0.9344305723334045, "cue_position": 16.0, "beta_rec": 0.4847987569130776, "gamma_fc": 0.94684395993269, "beta_enc": 0.0416433079187184}, "datetime": {"delta": 93.136181, "datetime": "2020-06-14 19:42:21", "elapsed": 24160.985153}}
{"target": 8.625, "params": {"gamma_cf": 0.48801415606959375, "cue_position": 16.0, "beta_rec": 0.9654749945693295, "gamma_fc": 0.9723050805712424, "beta_enc": 0.49421938459303894}, "datetime": {"delta": 91.381712, "datetime": "2020-06-14 19:43:52", "elapsed": 24252.366865}}
{"target": 10.875, "params": {"gamma_cf": 0.2338684318360421, "cue_position": 16.0, "beta_rec": 0.32090564823303347, "gamma_fc": 0.6698655809168591, "beta_enc": 0.26800985949154743}, "datetime": {"delta": 94.554422, "datetime": "2020-06-14 19:45:27", "elapsed": 24346.921287}}
{"target": 10.875, "params": {"gamma_cf": 0.17572873111099618, "cue_position": 16.0, "beta_rec": 0.2334856515419904, "gamma_fc": 0.8327189639181533, "beta_enc": 0.5195880167236231}, "datetime": {"delta": 96.877181, "datetime": "2020-06-14 19:47:04", "elapsed": 24443.798468}}
{"target": 9.625, "params": {"gamma_cf": 0.7618814311545874, "cue_position": 16.0, "beta_rec": 0.8880697888705553, "gamma_fc": 0.47039367375363605, "beta_enc": 0.3297958441752309}, "datetime": {"delta": 93.963118, "datetime": "2020-06-14 19:48:38", "elapsed": 24537.761586}}
{"target": 9.5, "params": {"gamma_cf": 0.41026231795357404, "cue_position": 16.0, "beta_rec": 0.17349245708967864, "gamma_fc": 0.521810582904552, "beta_enc": 0.0894490579890247}, "datetime": {"delta": 95.151781, "datetime": "2020-06-14 19:50:13", "elapsed": 24632.913367}}
{"target": 11.125, "params": {"gamma_cf": 0.9341098710879803, "cue_position": 16.0, "beta_rec": 0.4820727503979899, "gamma_fc": 0.9368101393553853, "beta_enc": 0.047737086942910345}, "datetime": {"delta": 95.518819, "datetime": "2020-06-14 19:51:48", "elapsed": 24728.432186}}
{"target": 11.0, "params": {"gamma_cf": 0.7265021436135068, "cue_position": 16.0, "beta_rec": 0.36802679396793325, "gamma_fc": 0.4721777106540366, "beta_enc": 0.153252654487251}, "datetime": {"delta": 94.974048, "datetime": "2020-06-14 19:53:23", "elapsed": 24823.406234}}
{"target": 10.375, "params": {"gamma_cf": 0.7839336653079094, "cue_position": 16.0, "beta_rec": 0.0862188701988278, "gamma_fc": 0.1915996605412664, "beta_enc": 0.1441904475762016}, "datetime": {"delta": 94.990092, "datetime": "2020-06-14 19:54:58", "elapsed": 24918.396326}}
{"target": 10.5, "params": {"gamma_cf": 0.6908810262168891, "cue_position": 16.0, "beta_rec": 0.5483128516564838, "gamma_fc": 0.692071162351014, "beta_enc": 0.44758942466881313}, "datetime": {"delta": 108.789197, "datetime": "2020-06-14 19:56:47", "elapsed": 25027.185523}}
{"target": 10.5, "params": {"gamma_cf": 0.2646413743685294, "cue_position": 16.0, "beta_rec": 0.8046342275150552, "gamma_fc": 0.8150546714074562, "beta_enc": 0.12139966265721391}, "datetime": {"delta": 108.049202, "datetime": "2020-06-14 19:58:35", "elapsed": 25135.234725}}
{"target": 9.875, "params": {"gamma_cf": 0.5489200837311877, "cue_position": 16.0, "beta_rec": 0.14573244675719332, "gamma_fc": 0.9695187237429076, "beta_enc": 0.2889500459683071}, "datetime": {"delta": 106.163412, "datetime": "2020-06-14 20:00:21", "elapsed": 25241.398137}}
{"target": 9.75, "params": {"gamma_cf": 0.9163397857450122, "cue_position": 16.0, "beta_rec": 0.6237509990060864, "gamma_fc": 0.1945707900828435, "beta_enc": 0.14698405420703997}, "datetime": {"delta": 106.238217, "datetime": "2020-06-14 20:02:08", "elapsed": 25347.636354}}
{"target": 11.0, "params": {"gamma_cf": 0.9295065612790516, "cue_position": 16.0, "beta_rec": 0.4867586366964739, "gamma_fc": 0.9483255083472382, "beta_enc": 0.04031482843330747}, "datetime": {"delta": 104.5044, "datetime": "2020-06-14 20:03:52", "elapsed": 25452.140754}}
{"target": 10.5, "params": {"gamma_cf": 0.08226776152622528, "cue_position": 16.0, "beta_rec": 0.899051011111558, "gamma_fc": 0.8317738834973161, "beta_enc": 0.9223944736982003}, "datetime": {"delta": 103.819078, "datetime": "2020-06-14 20:05:36", "elapsed": 25555.959832}}
{"target": 10.25, "params": {"gamma_cf": 0.8121423910050791, "cue_position": 16.0, "beta_rec": 0.3365747069496271, "gamma_fc": 0.33625973058437975, "beta_enc": 0.17350632186076442}, "datetime": {"delta": 101.674218, "datetime": "2020-06-14 20:07:18", "elapsed": 25657.63405}}
{"target": 10.0, "params": {"gamma_cf": 0.3183822006649446, "cue_position": 16.0, "beta_rec": 0.6500491893299104, "gamma_fc": 0.5592704247613601, "beta_enc": 0.11125156167312722}, "datetime": {"delta": 99.858952, "datetime": "2020-06-14 20:08:57", "elapsed": 25757.493002}}
{"target": 9.875, "params": {"gamma_cf": 0.6467268189670858, "cue_position": 16.0, "beta_rec": 0.7273162303593991, "gamma_fc": 0.7559900174888828, "beta_enc": 0.1492216726165292}, "datetime": {"delta": 103.990157, "datetime": "2020-06-14 20:10:41", "elapsed": 25861.483159}}
{"target": 9.625, "params": {"gamma_cf": 0.3905849817234217, "cue_position": 16.0, "beta_rec": 0.5618228642536114, "gamma_fc": 0.7061545734309328, "beta_enc": 0.3365735863800806}, "datetime": {"delta": 106.42801, "datetime": "2020-06-14 20:12:28", "elapsed": 25967.911169}}
{"target": 8.25, "params": {"gamma_cf": 0.10117836584651196, "cue_position": 16.0, "beta_rec": 0.1927799116472323, "gamma_fc": 0.6191315349297646, "beta_enc": 0.05303280667624666}, "datetime": {"delta": 106.324046, "datetime": "2020-06-14 20:14:14", "elapsed": 26074.235215}}
{"target": 10.375, "params": {"gamma_cf": 0.5418409005497101, "cue_position": 16.0, "beta_rec": 0.9207429487647062, "gamma_fc": 0.9677853966238256, "beta_enc": 0.0489973845352254}, "datetime": {"delta": 107.66513, "datetime": "2020-06-14 20:16:02", "elapsed": 26181.900345}}
{"target": 8.75, "params": {"gamma_cf": 0.6303348310370614, "cue_position": 16.0, "beta_rec": 0.6004645297712732, "gamma_fc": 0.5953313583549414, "beta_enc": 0.21312993678297}, "datetime": {"delta": 107.493819, "datetime": "2020-06-14 20:17:49", "elapsed": 26289.394164}}
{"target": 11.5, "params": {"gamma_cf": 0.43359008524110243, "cue_position": 16.0, "beta_rec": 0.012862635989441928, "gamma_fc": 0.6927824159930702, "beta_enc": 0.1854312676225196}, "datetime": {"delta": 110.004361, "datetime": "2020-06-14 20:19:39", "elapsed": 26399.398525}}
{"target": 11.875, "params": {"gamma_cf": 0.7656355484762914, "cue_position": 16.0, "beta_rec": 0.5318442061308749, "gamma_fc": 0.41289588830015844, "beta_enc": 0.13351905202097258}, "datetime": {"delta": 107.537212, "datetime": "2020-06-14 20:21:27", "elapsed": 26506.935737}}
{"target": 10.75, "params": {"gamma_cf": 0.7200429082956978, "cue_position": 16.0, "beta_rec": 0.34410897131932694, "gamma_fc": 0.6978955871807715, "beta_enc": 0.17891575997009457}, "datetime": {"delta": 106.86494, "datetime": "2020-06-14 20:23:14", "elapsed": 26613.800677}}
{"target": 10.625, "params": {"gamma_cf": 0.5298073794451482, "cue_position": 16.0, "beta_rec": 0.9096252111285656, "gamma_fc": 0.5013367270680644, "beta_enc": 0.07575022772115336}, "datetime": {"delta": 103.987137, "datetime": "2020-06-14 20:24:58", "elapsed": 26717.787814}}
{"target": 9.625, "params": {"gamma_cf": 0.40539397621243145, "cue_position": 16.0, "beta_rec": 0.02008236409350328, "gamma_fc": 0.7378939494187684, "beta_enc": 0.11767259676499486}, "datetime": {"delta": 101.833506, "datetime": "2020-06-14 20:26:40", "elapsed": 26819.62132}}
{"target": 11.625, "params": {"gamma_cf": 0.9891713436287477, "cue_position": 16.0, "beta_rec": 0.37336278185770766, "gamma_fc": 0.17466502455171862, "beta_enc": 0.06480783911051724}, "datetime": {"delta": 102.172918, "datetime": "2020-06-14 20:28:22", "elapsed": 26921.794238}}
{"target": 11.25, "params": {"gamma_cf": 0.17774375637448234, "cue_position": 16.0, "beta_rec": 0.22850450621595886, "gamma_fc": 0.8345816369044009, "beta_enc": 0.5123743185927977}, "datetime": {"delta": 104.59136, "datetime": "2020-06-14 20:30:06", "elapsed": 27026.385598}}
{"target": 9.625, "params": {"gamma_cf": 0.4341082456658253, "cue_position": 16.0, "beta_rec": 0.3127653696845216, "gamma_fc": 0.9836534390516649, "beta_enc": 0.40208607928880846}, "datetime": {"delta": 101.139804, "datetime": "2020-06-14 20:31:47", "elapsed": 27127.525402}}
{"target": 11.625, "params": {"gamma_cf": 0.8681813349295815, "cue_position": 16.0, "beta_rec": 0.8128267538094699, "gamma_fc": 0.7521184407983184, "beta_enc": 0.2326532832162611}, "datetime": {"delta": 102.440479, "datetime": "2020-06-14 20:33:30", "elapsed": 27229.965881}}
{"target": 10.5, "params": {"gamma_cf": 0.5447597822996892, "cue_position": 16.0, "beta_rec": 0.14330181987465163, "gamma_fc": 0.9757486470093862, "beta_enc": 0.3000717473782232}, "datetime": {"delta": 100.714794, "datetime": "2020-06-14 20:35:11", "elapsed": 27330.680675}}
{"target": 8.875, "params": {"gamma_cf": 0.548742376740663, "cue_position": 16.0, "beta_rec": 0.14565753676720705, "gamma_fc": 0.9786847524753027, "beta_enc": 0.3073210546692967}, "datetime": {"delta": 104.266775, "datetime": "2020-06-14 20:36:55", "elapsed": 27434.94745}}
{"target": 11.125, "params": {"gamma_cf": 0.7790861086663555, "cue_position": 16.0, "beta_rec": 0.5248400776275147, "gamma_fc": 0.4048739019552643, "beta_enc": 0.1258554564819746}, "datetime": {"delta": 105.327144, "datetime": "2020-06-14 20:38:40", "elapsed": 27540.274594}}
{"target": 10.875, "params": {"gamma_cf": 0.3274671099953741, "cue_position": 16.0, "beta_rec": 0.03674997225590504, "gamma_fc": 0.36976534269976735, "beta_enc": 0.012629063282519892}, "datetime": {"delta": 103.174074, "datetime": "2020-06-14 20:40:23", "elapsed": 27643.448668}}
{"target": 9.75, "params": {"gamma_cf": 0.47416363697483255, "cue_position": 16.0, "beta_rec": 0.4576640004622472, "gamma_fc": 0.8000985399405685, "beta_enc": 0.44948558087333434}, "datetime": {"delta": 103.074826, "datetime": "2020-06-14 20:42:06", "elapsed": 27746.523494}}
{"target": 10.0, "params": {"gamma_cf": 0.38365076639606666, "cue_position": 16.0, "beta_rec": 0.5051170345341467, "gamma_fc": 0.5370343571713504, "beta_enc": 0.20562984246682348}, "datetime": {"delta": 102.779277, "datetime": "2020-06-14 20:43:49", "elapsed": 27849.302771}}
{"target": 9.0, "params": {"gamma_cf": 0.5677110079254273, "cue_position": 16.0, "beta_rec": 0.5089038155543733, "gamma_fc": 0.6625195662230763, "beta_enc": 0.2726954980808507}, "datetime": {"delta": 105.085388, "datetime": "2020-06-14 20:45:34", "elapsed": 27954.388159}}
{"target": 10.5, "params": {"gamma_cf": 0.8442501816366644, "cue_position": 16.0, "beta_rec": 0.4689730930710252, "gamma_fc": 0.17320969839939782, "beta_enc": 0.005120214693951075}, "datetime": {"delta": 115.529035, "datetime": "2020-06-14 20:47:30", "elapsed": 28069.917194}}
{"target": 10.25, "params": {"gamma_cf": 0.6392646193171962, "cue_position": 16.0, "beta_rec": 0.6969673028077056, "gamma_fc": 0.3824217553956787, "beta_enc": 0.03938410240769441}, "datetime": {"delta": 116.673756, "datetime": "2020-06-14 20:49:27", "elapsed": 28186.59095}}
{"target": 11.75, "params": {"gamma_cf": 0.9809946614646693, "cue_position": 16.0, "beta_rec": 0.3634438205162642, "gamma_fc": 0.18932075207082966, "beta_enc": 0.06349222784705555}, "datetime": {"delta": 116.519236, "datetime": "2020-06-14 20:51:23", "elapsed": 28303.110186}}
{"target": 11.375, "params": {"gamma_cf": 0.5403888892981732, "cue_position": 16.0, "beta_rec": 0.1503714596357244, "gamma_fc": 0.9766333077210626, "beta_enc": 0.3034010664513146}, "datetime": {"delta": 117.85818, "datetime": "2020-06-14 20:53:21", "elapsed": 28420.968366}}
{"target": 10.5, "params": {"gamma_cf": 0.7739418711927465, "cue_position": 16.0, "beta_rec": 0.5120151429615704, "gamma_fc": 0.13234987593840664, "beta_enc": 0.31314139564861077}, "datetime": {"delta": 113.705966, "datetime": "2020-06-14 20:55:15", "elapsed": 28534.674332}}
{"target": 10.875, "params": {"gamma_cf": 0.6322793377265604, "cue_position": 16.0, "beta_rec": 0.8444685352835347, "gamma_fc": 0.6683247576752378, "beta_enc": 0.48065860687584794}, "datetime": {"delta": 113.940344, "datetime": "2020-06-14 20:57:09", "elapsed": 28648.614676}}
{"target": 10.375, "params": {"gamma_cf": 0.374986960440992, "cue_position": 16.0, "beta_rec": 0.3397818834854578, "gamma_fc": 0.9974333524454063, "beta_enc": 0.43151591924342203}, "datetime": {"delta": 113.498619, "datetime": "2020-06-14 20:59:02", "elapsed": 28762.113295}}
{"target": 10.375, "params": {"gamma_cf": 0.39546269580986615, "cue_position": 16.0, "beta_rec": 0.5628252377876601, "gamma_fc": 0.6979612555661321, "beta_enc": 0.35888209442654284}, "datetime": {"delta": 113.221245, "datetime": "2020-06-14 21:00:55", "elapsed": 28875.33454}}
{"target": 10.375, "params": {"gamma_cf": 0.4369245079091868, "cue_position": 16.0, "beta_rec": 0.007689489687890627, "gamma_fc": 0.6925544665063892, "beta_enc": 0.19920924347799152}, "datetime": {"delta": 112.077481, "datetime": "2020-06-14 21:02:47", "elapsed": 28987.412021}}
{"target": 10.375, "params": {"gamma_cf": 0.9852066821195301, "cue_position": 16.0, "beta_rec": 0.38095239492583355, "gamma_fc": 0.1877380342738696, "beta_enc": 0.06537143080947416}, "datetime": {"delta": 109.811699, "datetime": "2020-06-14 21:04:37", "elapsed": 29097.22372}}
{"target": 10.5, "params": {"gamma_cf": 0.563243781738945, "cue_position": 16.0, "beta_rec": 0.8387696383322106, "gamma_fc": 0.9497435054762063, "beta_enc": 0.49558799430386513}, "datetime": {"delta": 109.427703, "datetime": "2020-06-14 21:06:27", "elapsed": 29206.651423}}
{"target": 10.5, "params": {"gamma_cf": 0.9609645799991338, "cue_position": 16.0, "beta_rec": 0.31494382685017586, "gamma_fc": 0.4946128668369706, "beta_enc": 0.21692708066930022}, "datetime": {"delta": 107.283666, "datetime": "2020-06-14 21:08:14", "elapsed": 29313.935089}}
{"target": 10.625, "params": {"gamma_cf": 0.548315260825574, "cue_position": 16.0, "beta_rec": 0.14030472220724077, "gamma_fc": 0.9661508927952283, "beta_enc": 0.2814301224403635}, "datetime": {"delta": 109.445381, "datetime": "2020-06-14 21:10:03", "elapsed": 29423.38047}}
{"target": 10.375, "params": {"gamma_cf": 0.33827389891242354, "cue_position": 16.0, "beta_rec": 0.39604487692866275, "gamma_fc": 0.8016729140174672, "beta_enc": 0.02919825667575049}, "datetime": {"delta": 109.568691, "datetime": "2020-06-14 21:11:53", "elapsed": 29532.949161}}
{"target": 9.5, "params": {"gamma_cf": 0.9651845397755332, "cue_position": 16.0, "beta_rec": 0.31334961481745593, "gamma_fc": 0.4853497835823919, "beta_enc": 0.2123426484504709}, "datetime": {"delta": 113.443733, "datetime": "2020-06-14 21:13:46", "elapsed": 29646.392894}}
{"target": 11.125, "params": {"gamma_cf": 0.8160398885619142, "cue_position": 16.0, "beta_rec": 0.8684600074216412, "gamma_fc": 0.9501348468288034, "beta_enc": 0.015279374166330184}, "datetime": {"delta": 110.069841, "datetime": "2020-06-14 21:15:36", "elapsed": 29756.462735}}
{"target": 10.625, "params": {"gamma_cf": 0.7717324355912222, "cue_position": 16.0, "beta_rec": 0.4750448439979388, "gamma_fc": 0.8248068882295269, "beta_enc": 0.07947973829298693}, "datetime": {"delta": 106.560925, "datetime": "2020-06-14 21:17:23", "elapsed": 29863.02366}}
{"target": 11.875, "params": {"gamma_cf": 0.026475983657457736, "cue_position": 16.0, "beta_rec": 0.8661599162439797, "gamma_fc": 0.8067213699116464, "beta_enc": 0.897326911892258}, "datetime": {"delta": 110.563244, "datetime": "2020-06-14 21:19:14", "elapsed": 29973.586904}}
{"target": 10.875, "params": {"gamma_cf": 0.2656968683839547, "cue_position": 16.0, "beta_rec": 0.8110553158429349, "gamma_fc": 0.8119026934519346, "beta_enc": 0.11944722447455747}, "datetime": {"delta": 101.777357, "datetime": "2020-06-14 21:20:55", "elapsed": 30075.364261}}
{"target": 10.625, "params": {"gamma_cf": 0.5270417712335033, "cue_position": 16.0, "beta_rec": 0.9102905411875358, "gamma_fc": 0.4991136400406223, "beta_enc": 0.07761230585101497}, "datetime": {"delta": 99.170375, "datetime": "2020-06-14 21:22:34", "elapsed": 30174.534636}}
{"target": 10.75, "params": {"gamma_cf": 0.25238965613118747, "cue_position": 16.0, "beta_rec": 0.18910565624307218, "gamma_fc": 0.7044847255027697, "beta_enc": 0.5190290829418919}, "datetime": {"delta": 96.793995, "datetime": "2020-06-14 21:24:11", "elapsed": 30271.328631}}
