{"target": 9.033333333333333, "params": {"beta_enc": 0.19358741702786975, "cue_position": 0.0, "gamma_fc": 0.16498152379213715, "gamma_cf": 0.7963500557485588, "beta_rec": 0.5604203970486845}, "datetime": {"elapsed": 8481.666231, "datetime": "2020-07-13 12:41:06", "delta": 51.204565}}
{"target": 9.708333333333334, "params": {"beta_enc": 0.29822629331233586, "cue_position": 0.0, "gamma_fc": 0.528488468726728, "gamma_cf": 0.927586941718121, "beta_rec": 0.8769198465748765}, "datetime": {"elapsed": 8534.103977, "datetime": "2020-07-13 12:41:58", "delta": 52.437746}}
{"target": 9.575, "params": {"beta_enc": 0.2638276772019338, "cue_position": 0.0, "gamma_fc": 0.5230765606977095, "gamma_cf": 0.944729129315599, "beta_rec": 0.8930385013319004}, "datetime": {"elapsed": 8586.012055, "datetime": "2020-07-13 12:42:50", "delta": 51.908078}}
{"target": 9.554166666666667, "params": {"beta_enc": 0.2790271999614412, "cue_position": 0.0, "gamma_fc": 0.5327219894928288, "gamma_cf": 0.9257748539697936, "beta_rec": 0.8661879646679581}, "datetime": {"elapsed": 8638.121048, "datetime": "2020-07-13 12:43:42", "delta": 52.108993}}
{"target": 10.016666666666667, "params": {"beta_enc": 0.2621476570312521, "cue_position": 0.0, "gamma_fc": 0.5249704435166075, "gamma_cf": 0.9639723901807565, "beta_rec": 0.8776948180428205}, "datetime": {"elapsed": 8691.986372, "datetime": "2020-07-13 12:44:36", "delta": 53.865324}}
{"target": 9.916666666666666, "params": {"beta_enc": 0.2806431375975542, "cue_position": 0.0, "gamma_fc": 0.5079447972784534, "gamma_cf": 0.9525735078610286, "beta_rec": 0.8914187876099902}, "datetime": {"elapsed": 8744.706072, "datetime": "2020-07-13 12:45:29", "delta": 52.7197}}
{"target": 9.904166666666667, "params": {"beta_enc": 0.2597100259034062, "cue_position": 0.0, "gamma_fc": 0.5318505978811222, "gamma_cf": 0.9331616723344545, "beta_rec": 0.9017599409202878}, "datetime": {"elapsed": 8796.83985, "datetime": "2020-07-13 12:46:21", "delta": 52.133778}}
{"target": 9.970833333333333, "params": {"beta_enc": 0.30986570612217423, "cue_position": 0.0, "gamma_fc": 0.5138648052948424, "gamma_cf": 0.9119175535399242, "beta_rec": 0.8711910195580088}, "datetime": {"elapsed": 8849.530497, "datetime": "2020-07-13 12:47:13", "delta": 52.690647}}
{"target": 8.866666666666667, "params": {"beta_enc": 0.4227766466188094, "cue_position": 0.0, "gamma_fc": 0.03738630420489808, "gamma_cf": 0.8967781317099431, "beta_rec": 0.6887691268666954}, "datetime": {"elapsed": 8899.772319, "datetime": "2020-07-13 12:48:04", "delta": 50.241822}}
{"target": 9.870833333333334, "params": {"beta_enc": 0.28276227256871833, "cue_position": 0.0, "gamma_fc": 0.5115415628778706, "gamma_cf": 0.9524402263578051, "beta_rec": 0.9053764007648132}, "datetime": {"elapsed": 8951.719203, "datetime": "2020-07-13 12:48:56", "delta": 51.946884}}
{"target": 9.591666666666667, "params": {"beta_enc": 0.3994941429987626, "cue_position": 0.0, "gamma_fc": 0.6366172820641598, "gamma_cf": 0.9826479128354207, "beta_rec": 0.9763876666038287}, "datetime": {"elapsed": 9003.588762, "datetime": "2020-07-13 12:49:48", "delta": 51.869559}}
{"target": 8.9375, "params": {"beta_enc": 0.4342839611670323, "cue_position": 0.0, "gamma_fc": 0.03291051234614395, "gamma_cf": 0.8775461430886864, "beta_rec": 0.6856747033583264}, "datetime": {"elapsed": 9054.34817, "datetime": "2020-07-13 12:50:38", "delta": 50.759408}}
{"target": 9.354166666666666, "params": {"beta_enc": 0.6151975628827238, "cue_position": 0.0, "gamma_fc": 0.9570291014651494, "gamma_cf": 0.004536368410400615, "beta_rec": 0.017361065586258495}, "datetime": {"elapsed": 9105.574883, "datetime": "2020-07-13 12:51:30", "delta": 51.226713}}
{"target": 8.908333333333333, "params": {"beta_enc": 0.4449286477932538, "cue_position": 0.0, "gamma_fc": 0.04203488346600737, "gamma_cf": 0.8784112603085777, "beta_rec": 0.6933750912139717}, "datetime": {"elapsed": 9156.242382, "datetime": "2020-07-13 12:52:20", "delta": 50.667499}}
{"target": 9.6875, "params": {"beta_enc": 0.36519442411676784, "cue_position": 0.0, "gamma_fc": 0.3541291078961611, "gamma_cf": 0.8849303327109592, "beta_rec": 0.774154555983075}, "datetime": {"elapsed": 9208.623624, "datetime": "2020-07-13 12:53:13", "delta": 52.381242}}
{"target": 8.691666666666666, "params": {"beta_enc": 0.33368677783394923, "cue_position": 0.0, "gamma_fc": 0.451489721618049, "gamma_cf": 0.6907531758707673, "beta_rec": 0.8634525020407207}, "datetime": {"elapsed": 9259.083002, "datetime": "2020-07-13 12:54:03", "delta": 50.459378}}
{"target": 9.570833333333333, "params": {"beta_enc": 0.6196420944297919, "cue_position": 0.0, "gamma_fc": 0.931265840557279, "gamma_cf": 0.009729888479906523, "beta_rec": 0.013483534524856733}, "datetime": {"elapsed": 9310.924267, "datetime": "2020-07-13 12:54:55", "delta": 51.841265}}
{"target": 9.129166666666666, "params": {"beta_enc": 0.24548194153187275, "cue_position": 0.0, "gamma_fc": 0.15389647002233653, "gamma_cf": 0.8279084745549629, "beta_rec": 0.49468375853230506}, "datetime": {"elapsed": 9362.392468, "datetime": "2020-07-13 12:55:46", "delta": 51.468201}}
{"target": 9.8875, "params": {"beta_enc": 0.28411911476747476, "cue_position": 0.0, "gamma_fc": 0.5070020872644952, "gamma_cf": 0.911331309729196, "beta_rec": 0.8840460875554972}, "datetime": {"elapsed": 9415.443216, "datetime": "2020-07-13 12:56:39", "delta": 53.050748}}
{"target": 9.666666666666666, "params": {"beta_enc": 0.22494698154994064, "cue_position": 0.0, "gamma_fc": 0.5638220767547953, "gamma_cf": 0.9658706761475099, "beta_rec": 0.919401060562416}, "datetime": {"elapsed": 9467.762711, "datetime": "2020-07-13 12:57:32", "delta": 52.319495}}
{"target": 8.779166666666667, "params": {"beta_enc": 0.4366931764524168, "cue_position": 0.0, "gamma_fc": 0.034750155612178535, "gamma_cf": 0.8744252877875969, "beta_rec": 0.696619805487843}, "datetime": {"elapsed": 9518.651648, "datetime": "2020-07-13 12:58:23", "delta": 50.888937}}
{"target": 9.916666666666666, "params": {"beta_enc": 0.2924980118623949, "cue_position": 0.0, "gamma_fc": 0.47245140216441095, "gamma_cf": 0.9613855964130937, "beta_rec": 0.8343623665050576}, "datetime": {"elapsed": 9572.033643, "datetime": "2020-07-13 12:59:16", "delta": 53.381995}}
{"target": 9.879166666666666, "params": {"beta_enc": 0.2700858449496155, "cue_position": 0.0, "gamma_fc": 0.4936861186038788, "gamma_cf": 0.9172705813352787, "beta_rec": 0.8945205838712172}, "datetime": {"elapsed": 9624.974366, "datetime": "2020-07-13 13:00:09", "delta": 52.940723}}
{"target": 10.070833333333333, "params": {"beta_enc": 0.3017509713592368, "cue_position": 0.0, "gamma_fc": 0.4516370861106894, "gamma_cf": 0.9721037476410866, "beta_rec": 0.8495091946102581}, "datetime": {"elapsed": 9678.600904, "datetime": "2020-07-13 13:01:03", "delta": 53.626538}}
{"target": 9.779166666666667, "params": {"beta_enc": 0.2472879867759873, "cue_position": 0.0, "gamma_fc": 0.5375368547364238, "gamma_cf": 0.9353754157434201, "beta_rec": 0.9210713421207999}, "datetime": {"elapsed": 9731.525051, "datetime": "2020-07-13 13:01:55", "delta": 52.924147}}
{"target": 9.008333333333333, "params": {"beta_enc": 0.17716751129558697, "cue_position": 0.0, "gamma_fc": 0.18600607076245773, "gamma_cf": 0.7898017650389325, "beta_rec": 0.569554545900185}, "datetime": {"elapsed": 9783.309563, "datetime": "2020-07-13 13:02:47", "delta": 51.784512}}
{"target": 10.141666666666667, "params": {"beta_enc": 0.2996746925854127, "cue_position": 0.0, "gamma_fc": 0.5038317880849511, "gamma_cf": 0.9362597833137358, "beta_rec": 0.8617400426481476}, "datetime": {"elapsed": 9837.245878, "datetime": "2020-07-13 13:03:41", "delta": 53.936315}}
{"target": 10.125, "params": {"beta_enc": 0.2525733205564331, "cue_position": 0.0, "gamma_fc": 0.5274101303334372, "gamma_cf": 0.962811286259274, "beta_rec": 0.9135772077528632}, "datetime": {"elapsed": 9890.601835, "datetime": "2020-07-13 13:04:35", "delta": 53.355957}}
{"target": 9.766666666666667, "params": {"beta_enc": 0.28063345044119314, "cue_position": 0.0, "gamma_fc": 0.4917153186155151, "gamma_cf": 0.9571276092535882, "beta_rec": 0.8962712094191324}, "datetime": {"elapsed": 9943.314677, "datetime": "2020-07-13 13:05:27", "delta": 52.712842}}
{"target": 9.270833333333334, "params": {"beta_enc": 0.17880767488059524, "cue_position": 0.0, "gamma_fc": 0.19209604639865818, "gamma_cf": 0.7778244289249022, "beta_rec": 0.5786025855329369}, "datetime": {"elapsed": 9995.424051, "datetime": "2020-07-13 13:06:19", "delta": 52.109374}}
{"target": 9.766666666666667, "params": {"beta_enc": 0.24090422824317892, "cue_position": 0.0, "gamma_fc": 0.5747113246792263, "gamma_cf": 0.9588112408467101, "beta_rec": 0.9106254749889136}, "datetime": {"elapsed": 10048.447373, "datetime": "2020-07-13 13:07:12", "delta": 53.023322}}
{"target": 9.9875, "params": {"beta_enc": 0.2406067670445856, "cue_position": 0.0, "gamma_fc": 0.5277077753706422, "gamma_cf": 0.9531576156630882, "beta_rec": 0.9061958197134022}, "datetime": {"elapsed": 10101.465379, "datetime": "2020-07-13 13:08:05", "delta": 53.018006}}
{"target": 9.508333333333333, "params": {"beta_enc": 0.28741959203494427, "cue_position": 0.0, "gamma_fc": 0.5157585564765864, "gamma_cf": 0.8968074272191234, "beta_rec": 0.8900028738549939}, "datetime": {"elapsed": 10154.168, "datetime": "2020-07-13 13:08:58", "delta": 52.702621}}
{"target": 9.495833333333334, "params": {"beta_enc": 0.3052798192883768, "cue_position": 0.0, "gamma_fc": 0.5188589933114347, "gamma_cf": 0.8768175565615104, "beta_rec": 0.9000307587709439}, "datetime": {"elapsed": 10207.001858, "datetime": "2020-07-13 13:09:51", "delta": 52.833858}}
{"target": 9.775, "params": {"beta_enc": 0.27301440672016464, "cue_position": 0.0, "gamma_fc": 0.5094620601934619, "gamma_cf": 0.9128534841290518, "beta_rec": 0.8847899062958322}, "datetime": {"elapsed": 10260.042279, "datetime": "2020-07-13 13:10:44", "delta": 53.040421}}
{"target": 9.708333333333334, "params": {"beta_enc": 0.23121627084859653, "cue_position": 0.0, "gamma_fc": 0.5553846397241053, "gamma_cf": 0.9592485163271702, "beta_rec": 0.9151730122857199}, "datetime": {"elapsed": 10313.415666, "datetime": "2020-07-13 13:11:37", "delta": 53.373387}}
{"target": 9.95, "params": {"beta_enc": 0.2902848772459201, "cue_position": 0.0, "gamma_fc": 0.5036453765780106, "gamma_cf": 0.9623879091338035, "beta_rec": 0.9161158236437934}, "datetime": {"elapsed": 10366.725314, "datetime": "2020-07-13 13:12:31", "delta": 53.309648}}
{"target": 9.3625, "params": {"beta_enc": 0.33672804961018454, "cue_position": 0.0, "gamma_fc": 0.6244005652232005, "gamma_cf": 0.8206922389297664, "beta_rec": 0.8525945141836452}, "datetime": {"elapsed": 10418.728166, "datetime": "2020-07-13 13:13:23", "delta": 52.002852}}
{"target": 9.579166666666667, "params": {"beta_enc": 0.27539108504626486, "cue_position": 0.0, "gamma_fc": 0.5324042351997622, "gamma_cf": 0.9575365670252203, "beta_rec": 0.8675966388825331}, "datetime": {"elapsed": 10471.582528, "datetime": "2020-07-13 13:14:16", "delta": 52.854362}}
{"target": 8.554166666666667, "params": {"beta_enc": 0.1512625040062885, "cue_position": 0.0, "gamma_fc": 0.7630068805953159, "gamma_cf": 0.6428090098847774, "beta_rec": 0.7382914674939308}, "datetime": {"elapsed": 10522.833213, "datetime": "2020-07-13 13:15:07", "delta": 51.250685}}
{"target": 9.129166666666666, "params": {"beta_enc": 0.06385924684647792, "cue_position": 0.0, "gamma_fc": 0.176597298577592, "gamma_cf": 0.9737205556461208, "beta_rec": 0.3779292208880065}, "datetime": {"elapsed": 10574.978466, "datetime": "2020-07-13 13:15:59", "delta": 52.145253}}
{"target": 9.158333333333333, "params": {"beta_enc": 0.05956191636289976, "cue_position": 0.0, "gamma_fc": 0.19389156845841016, "gamma_cf": 0.977499748211203, "beta_rec": 0.37997095292088656}, "datetime": {"elapsed": 10626.854504, "datetime": "2020-07-13 13:16:51", "delta": 51.876038}}
{"target": 9.629166666666666, "params": {"beta_enc": 0.28852905740836543, "cue_position": 0.0, "gamma_fc": 0.5225142567954252, "gamma_cf": 0.9125246188087595, "beta_rec": 0.8883164281376634}, "datetime": {"elapsed": 10680.42354, "datetime": "2020-07-13 13:17:44", "delta": 53.569036}}
{"target": 9.004166666666666, "params": {"beta_enc": 0.24181310258289593, "cue_position": 0.0, "gamma_fc": 0.15637170671412484, "gamma_cf": 0.8227457340179748, "beta_rec": 0.49448805351632164}, "datetime": {"elapsed": 10732.46476, "datetime": "2020-07-13 13:18:36", "delta": 52.04122}}
{"target": 9.679166666666667, "params": {"beta_enc": 0.3089169905636586, "cue_position": 0.0, "gamma_fc": 0.5178388720834967, "gamma_cf": 0.8966829814231052, "beta_rec": 0.8839519634391925}, "datetime": {"elapsed": 10785.550184, "datetime": "2020-07-13 13:19:29", "delta": 53.085424}}
{"target": 9.575, "params": {"beta_enc": 0.2522013778623866, "cue_position": 0.0, "gamma_fc": 0.5349615893754269, "gamma_cf": 0.9386687211870405, "beta_rec": 0.9118014659796385}, "datetime": {"elapsed": 10839.693346, "datetime": "2020-07-13 13:20:24", "delta": 54.143162}}
{"target": 10.1875, "params": {"beta_enc": 0.2701778135057793, "cue_position": 0.0, "gamma_fc": 0.48862649065877894, "gamma_cf": 0.9661613316122706, "beta_rec": 0.8992950200697052}, "datetime": {"elapsed": 10894.266225, "datetime": "2020-07-13 13:21:18", "delta": 54.572879}}
{"target": 9.733333333333333, "params": {"beta_enc": 0.30204023403467783, "cue_position": 0.0, "gamma_fc": 0.5253039261943159, "gamma_cf": 0.9267553187018446, "beta_rec": 0.8805242862184055}, "datetime": {"elapsed": 10948.838096, "datetime": "2020-07-13 13:22:13", "delta": 54.571871}}
{"target": 9.879166666666666, "params": {"beta_enc": 0.25532301477853525, "cue_position": 0.0, "gamma_fc": 0.5392538791762793, "gamma_cf": 0.9499491328598851, "beta_rec": 0.8592588715336944}, "datetime": {"elapsed": 11001.821011, "datetime": "2020-07-13 13:23:06", "delta": 52.982915}}
{"target": 9.916666666666666, "params": {"beta_enc": 0.28851371562618233, "cue_position": 0.0, "gamma_fc": 0.4943426883758142, "gamma_cf": 0.9576154963503823, "beta_rec": 0.9104288853505991}, "datetime": {"elapsed": 11055.240103, "datetime": "2020-07-13 13:23:59", "delta": 53.419092}}
{"target": 10.095833333333333, "params": {"beta_enc": 0.30226846780576966, "cue_position": 0.0, "gamma_fc": 0.472960667950995, "gamma_cf": 0.9751435991525875, "beta_rec": 0.8365110240531455}, "datetime": {"elapsed": 11108.127391, "datetime": "2020-07-13 13:24:52", "delta": 52.887288}}
{"target": 8.8625, "params": {"beta_enc": 0.4224967822490161, "cue_position": 0.0, "gamma_fc": 0.03932445453453437, "gamma_cf": 0.8917314008918463, "beta_rec": 0.6957252444093672}, "datetime": {"elapsed": 11158.971295, "datetime": "2020-07-13 13:25:43", "delta": 50.843904}}
{"target": 9.7, "params": {"beta_enc": 0.2762406177973127, "cue_position": 0.0, "gamma_fc": 0.5383474291826312, "gamma_cf": 0.9286646742681186, "beta_rec": 0.878232742217581}, "datetime": {"elapsed": 11211.613275, "datetime": "2020-07-13 13:26:36", "delta": 52.64198}}
{"target": 9.304166666666667, "params": {"beta_enc": 0.3444661103681429, "cue_position": 0.0, "gamma_fc": 0.6238478376927091, "gamma_cf": 0.8208827938003902, "beta_rec": 0.8601102481599405}, "datetime": {"elapsed": 11263.00094, "datetime": "2020-07-13 13:27:27", "delta": 51.387665}}
{"target": 9.8, "params": {"beta_enc": 0.24798419276347294, "cue_position": 0.0, "gamma_fc": 0.5389938752993882, "gamma_cf": 0.9469681327681512, "beta_rec": 0.9175721521995029}, "datetime": {"elapsed": 11315.726761, "datetime": "2020-07-13 13:28:20", "delta": 52.725821}}
{"target": 9.879166666666666, "params": {"beta_enc": 0.2893472780717333, "cue_position": 0.0, "gamma_fc": 0.5316214617050804, "gamma_cf": 0.9316052554274303, "beta_rec": 0.8762848947040499}, "datetime": {"elapsed": 11368.720685, "datetime": "2020-07-13 13:29:13", "delta": 52.993924}}
{"target": 9.654166666666667, "params": {"beta_enc": 0.28855537855237945, "cue_position": 0.0, "gamma_fc": 0.5189183272053519, "gamma_cf": 0.953176749903038, "beta_rec": 0.8918584518186684}, "datetime": {"elapsed": 11421.010178, "datetime": "2020-07-13 13:30:05", "delta": 52.289493}}
{"target": 9.254166666666666, "params": {"beta_enc": 0.3992109411979339, "cue_position": 0.0, "gamma_fc": 0.03873576575616278, "gamma_cf": 0.907975862573735, "beta_rec": 0.6871646458833516}, "datetime": {"elapsed": 11472.701145, "datetime": "2020-07-13 13:30:57", "delta": 51.690967}}
{"target": 9.070833333333333, "params": {"beta_enc": 0.3416957934444966, "cue_position": 0.0, "gamma_fc": 0.6273596115503599, "gamma_cf": 0.8202527706455015, "beta_rec": 0.8499122548822886}, "datetime": {"elapsed": 11524.483058, "datetime": "2020-07-13 13:31:48", "delta": 51.781913}}
{"target": 9.6, "params": {"beta_enc": 0.2845618113908086, "cue_position": 0.0, "gamma_fc": 0.49869074496279364, "gamma_cf": 0.9659231820542962, "beta_rec": 0.9002879917325631}, "datetime": {"elapsed": 11577.243606, "datetime": "2020-07-13 13:32:41", "delta": 52.760548}}
{"target": 9.220833333333333, "params": {"beta_enc": 0.42901997734915254, "cue_position": 0.0, "gamma_fc": 0.026910238501887562, "gamma_cf": 0.9025649406427209, "beta_rec": 0.6787646748602769}, "datetime": {"elapsed": 11628.995017, "datetime": "2020-07-13 13:33:33", "delta": 51.751411}}
{"target": 9.870833333333334, "params": {"beta_enc": 0.30262199893903946, "cue_position": 0.0, "gamma_fc": 0.4705159103092683, "gamma_cf": 0.9604471939235283, "beta_rec": 0.8361310825898932}, "datetime": {"elapsed": 11682.147847, "datetime": "2020-07-13 13:34:26", "delta": 53.15283}}
{"target": 9.9625, "params": {"beta_enc": 0.3020246637228726, "cue_position": 0.0, "gamma_fc": 0.4722437758450014, "gamma_cf": 0.9731212073553597, "beta_rec": 0.8361987420939956}, "datetime": {"elapsed": 11736.367169, "datetime": "2020-07-13 13:35:20", "delta": 54.219322}}
{"target": 8.975, "params": {"beta_enc": 0.4101112909742043, "cue_position": 0.0, "gamma_fc": 0.04104238568050789, "gamma_cf": 0.8865252191914186, "beta_rec": 0.6690367885319641}, "datetime": {"elapsed": 11788.519964, "datetime": "2020-07-13 13:36:12", "delta": 52.152795}}
{"target": 9.754166666666666, "params": {"beta_enc": 0.24495296542470302, "cue_position": 0.0, "gamma_fc": 0.5632538278512282, "gamma_cf": 0.955186841496399, "beta_rec": 0.8955737951981716}, "datetime": {"elapsed": 11842.417995, "datetime": "2020-07-13 13:37:06", "delta": 53.898031}}
{"target": 9.758333333333333, "params": {"beta_enc": 0.28073752733408913, "cue_position": 0.0, "gamma_fc": 0.5009966693628964, "gamma_cf": 0.9465012467003355, "beta_rec": 0.8879964675192048}, "datetime": {"elapsed": 11896.336858, "datetime": "2020-07-13 13:38:00", "delta": 53.918863}}
{"target": 9.966666666666667, "params": {"beta_enc": 0.25671491479387665, "cue_position": 0.0, "gamma_fc": 0.5149956580260118, "gamma_cf": 0.9292563256481048, "beta_rec": 0.8990054749046761}, "datetime": {"elapsed": 11950.596058, "datetime": "2020-07-13 13:38:55", "delta": 54.2592}}
{"target": 9.8, "params": {"beta_enc": 0.21700526710315737, "cue_position": 0.0, "gamma_fc": 0.5777568711794067, "gamma_cf": 0.9527225815543999, "beta_rec": 0.9193419051400777}, "datetime": {"elapsed": 12004.822145, "datetime": "2020-07-13 13:39:49", "delta": 54.226087}}
{"target": 9.3875, "params": {"beta_enc": 0.43040423470342193, "cue_position": 0.0, "gamma_fc": 0.024756348973473674, "gamma_cf": 0.8766224759724431, "beta_rec": 0.7023273769391177}, "datetime": {"elapsed": 12058.371365, "datetime": "2020-07-13 13:40:42", "delta": 53.54922}}
{"target": 9.8375, "params": {"beta_enc": 0.28779117621406747, "cue_position": 0.0, "gamma_fc": 0.45687210992765204, "gamma_cf": 0.9565226693487519, "beta_rec": 0.8275620436597237}, "datetime": {"elapsed": 12113.090294, "datetime": "2020-07-13 13:41:37", "delta": 54.718929}}
{"target": 9.070833333333333, "params": {"beta_enc": 0.3916738172655544, "cue_position": 0.0, "gamma_fc": 0.038699519245966374, "gamma_cf": 0.8844391350961834, "beta_rec": 0.6781447339858253}, "datetime": {"elapsed": 12165.99096, "datetime": "2020-07-13 13:42:30", "delta": 52.900666}}
{"target": 9.583333333333334, "params": {"beta_enc": 0.2496639864853256, "cue_position": 0.0, "gamma_fc": 0.5367275934282173, "gamma_cf": 0.9459722666349218, "beta_rec": 0.913204040155117}, "datetime": {"elapsed": 12219.829425, "datetime": "2020-07-13 13:43:24", "delta": 53.838465}}
{"target": 9.770833333333334, "params": {"beta_enc": 0.29464244619607605, "cue_position": 0.0, "gamma_fc": 0.49846464835087234, "gamma_cf": 0.9035909910165121, "beta_rec": 0.8677764234153398}, "datetime": {"elapsed": 12273.73379, "datetime": "2020-07-13 13:44:18", "delta": 53.904365}}
{"target": 9.55, "params": {"beta_enc": 0.40000642164221867, "cue_position": 0.0, "gamma_fc": 0.6325417173409208, "gamma_cf": 0.9871995444748272, "beta_rec": 0.976040097633494}, "datetime": {"elapsed": 12327.31504, "datetime": "2020-07-13 13:45:11", "delta": 53.58125}}
{"target": 9.3625, "params": {"beta_enc": 0.23343482736675325, "cue_position": 0.0, "gamma_fc": 0.5751773531868855, "gamma_cf": 0.9439460363004876, "beta_rec": 0.92024557415368}, "datetime": {"elapsed": 12380.536214, "datetime": "2020-07-13 13:46:04", "delta": 53.221174}}
{"target": 9.708333333333334, "params": {"beta_enc": 0.25268756105135826, "cue_position": 0.0, "gamma_fc": 0.5390953770476924, "gamma_cf": 0.9444723467502352, "beta_rec": 0.9097421891974203}, "datetime": {"elapsed": 12434.578685, "datetime": "2020-07-13 13:46:59", "delta": 54.042471}}
{"target": 9.7125, "params": {"beta_enc": 0.298710867703314, "cue_position": 0.0, "gamma_fc": 0.4967956413773825, "gamma_cf": 0.8918608070375282, "beta_rec": 0.8694328275900467}, "datetime": {"elapsed": 12488.99644, "datetime": "2020-07-13 13:47:53", "delta": 54.417755}}
{"target": 9.841666666666667, "params": {"beta_enc": 0.23272009750041178, "cue_position": 0.0, "gamma_fc": 0.5608354108804943, "gamma_cf": 0.9546819327630387, "beta_rec": 0.883100182629859}, "datetime": {"elapsed": 12543.754483, "datetime": "2020-07-13 13:48:48", "delta": 54.758043}}
