{"target": 7.250888888888889, "params": {"beta_enc": 0.3992186053524538, "k": 3.0, "enc_rate": 1.0, "gamma_fc": 0.2902979970618682, "beta_rec": 0.7969622519799001, "cue_position": 8.0}, "datetime": {"delta": 36.283675, "datetime": "2021-04-07 12:46:41", "elapsed": 5518.050735}}
{"target": 7.587777777777776, "params": {"beta_enc": 0.016715589077006432, "k": 3.0, "enc_rate": 1.0, "gamma_fc": 0.07091840047038722, "beta_rec": 0.3986590599223787, "cue_position": 8.0}, "datetime": {"delta": 37.375452, "datetime": "2021-04-07 12:47:18", "elapsed": 5555.426187}}
{"target": 7.554444444444444, "params": {"beta_enc": 0.016575882900934147, "k": 3.0, "enc_rate": 1.0, "gamma_fc": 0.32102631416731586, "beta_rec": 0.11379635644740682, "cue_position": 8.0}, "datetime": {"delta": 37.305023, "datetime": "2021-04-07 12:47:55", "elapsed": 5592.73121}}
{"target": 4.415111111111111, "params": {"beta_enc": 0.9934604630998499, "k": 3.0, "enc_rate": 1.0, "gamma_fc": 0.03972870668308481, "beta_rec": 0.8344865140180296, "cue_position": 8.0}, "datetime": {"delta": 27.631882, "datetime": "2021-04-07 12:48:23", "elapsed": 5620.363092}}
{"target": 7.1324444444444435, "params": {"beta_enc": 0.4740062899880546, "k": 3.0, "enc_rate": 1.0, "gamma_fc": 0.5396491100933506, "beta_rec": 0.3491674129570773, "cue_position": 8.0}, "datetime": {"delta": 36.330708, "datetime": "2021-04-07 12:48:59", "elapsed": 5656.6938}}
{"target": 7.210666666666667, "params": {"beta_enc": 0.4466350458236905, "k": 3.0, "enc_rate": 1.0, "gamma_fc": 0.32836139008759013, "beta_rec": 0.8770343892703519, "cue_position": 8.0}, "datetime": {"delta": 44.471584, "datetime": "2021-04-07 12:49:44", "elapsed": 5701.165384}}
{"target": 7.476444444444444, "params": {"beta_enc": 0.22012867402698122, "k": 3.0, "enc_rate": 1.0, "gamma_fc": 0.8701917462053776, "beta_rec": 0.6714291710812733, "cue_position": 8.0}, "datetime": {"delta": 42.498769, "datetime": "2021-04-07 12:50:26", "elapsed": 5743.664153}}
{"target": 7.354666666666667, "params": {"beta_enc": 0.3860040110225955, "k": 3.0, "enc_rate": 1.0, "gamma_fc": 0.8741259355980283, "beta_rec": 0.5715420927253323, "cue_position": 8.0}, "datetime": {"delta": 36.985194, "datetime": "2021-04-07 12:51:03", "elapsed": 5780.649347}}
{"target": 5.498666666666667, "params": {"beta_enc": 0.8125073041746718, "k": 3.0, "enc_rate": 1.0, "gamma_fc": 0.5546673107876667, "beta_rec": 0.2838018349468743, "cue_position": 8.0}, "datetime": {"delta": 31.101853, "datetime": "2021-04-07 12:51:34", "elapsed": 5811.7512}}
{"target": 7.396888888888888, "params": {"beta_enc": 0.3117029177189814, "k": 3.0, "enc_rate": 1.0, "gamma_fc": 0.3258099666132048, "beta_rec": 0.6687966059228697, "cue_position": 8.0}, "datetime": {"delta": 36.827543, "datetime": "2021-04-07 12:52:11", "elapsed": 5848.578743}}
{"target": 5.912888888888888, "params": {"beta_enc": 0.7517077209192669, "k": 3.0, "enc_rate": 1.0, "gamma_fc": 0.041475079576498874, "beta_rec": 0.7626320954451107, "cue_position": 8.0}, "datetime": {"delta": 32.282661, "datetime": "2021-04-07 12:52:43", "elapsed": 5880.861404}}
{"target": 7.5328888888888885, "params": {"beta_enc": 0.03711266449399442, "k": 3.0, "enc_rate": 1.0, "gamma_fc": 0.767788977658173, "beta_rec": 0.6938554113738997, "cue_position": 8.0}, "datetime": {"delta": 37.335833, "datetime": "2021-04-07 12:53:21", "elapsed": 5918.197237}}
{"target": 7.549333333333334, "params": {"beta_enc": 0.03985992663545257, "k": 3.0, "enc_rate": 1.0, "gamma_fc": 0.05231294643747675, "beta_rec": 0.13479311796067905, "cue_position": 8.0}, "datetime": {"delta": 42.539295, "datetime": "2021-04-07 12:54:03", "elapsed": 5960.736532}}
{"target": 7.052222222222222, "params": {"beta_enc": 0.5120610275239188, "k": 3.0, "enc_rate": 1.0, "gamma_fc": 0.4540590560591513, "beta_rec": 0.6174610120171561, "cue_position": 8.0}, "datetime": {"delta": 35.936506, "datetime": "2021-04-07 12:54:39", "elapsed": 5996.673038}}
{"target": 5.385555555555555, "params": {"beta_enc": 0.8730681484470995, "k": 3.0, "enc_rate": 1.0, "gamma_fc": 0.050912383516887205, "beta_rec": 0.6562015477440989, "cue_position": 8.0}, "datetime": {"delta": 30.761365, "datetime": "2021-04-07 12:55:10", "elapsed": 6027.434403}}
{"target": 7.549777777777777, "params": {"beta_enc": 0.0633434434563398, "k": 3.0, "enc_rate": 1.0, "gamma_fc": 0.4731119528858785, "beta_rec": 0.4216578860324509, "cue_position": 8.0}, "datetime": {"delta": 37.568387, "datetime": "2021-04-07 12:55:48", "elapsed": 6065.00279}}
{"target": 6.0297777777777775, "params": {"beta_enc": 0.7728856021671178, "k": 3.0, "enc_rate": 1.0, "gamma_fc": 0.23941104413775594, "beta_rec": 0.8414221567958434, "cue_position": 8.0}, "datetime": {"delta": 32.657157, "datetime": "2021-04-07 12:56:20", "elapsed": 6097.659947}}
{"target": 4.080888888888889, "params": {"beta_enc": 0.9438926277837961, "k": 3.0, "enc_rate": 1.0, "gamma_fc": 0.8978507176676818, "beta_rec": 0.6139340023847009, "cue_position": 8.0}, "datetime": {"delta": 26.670924, "datetime": "2021-04-07 12:56:47", "elapsed": 6124.330871}}
{"target": 7.493555555555555, "params": {"beta_enc": 0.23581463714751372, "k": 3.0, "enc_rate": 1.0, "gamma_fc": 0.8704248568230661, "beta_rec": 0.9408279632013994, "cue_position": 8.0}, "datetime": {"delta": 37.214164, "datetime": "2021-04-07 12:57:24", "elapsed": 6161.545035}}
{"target": 6.928888888888889, "params": {"beta_enc": 0.6049268729742817, "k": 3.0, "enc_rate": 1.0, "gamma_fc": 0.8146191812616553, "beta_rec": 0.7323748991793305, "cue_position": 8.0}, "datetime": {"delta": 35.591344, "datetime": "2021-04-07 12:58:00", "elapsed": 6197.136379}}
{"target": 7.5200000000000005, "params": {"beta_enc": 0.13051067133926597, "k": 3.0, "enc_rate": 1.0, "gamma_fc": 0.2482907289970986, "beta_rec": 0.8424458099564136, "cue_position": 8.0}, "datetime": {"delta": 37.33346, "datetime": "2021-04-07 12:58:37", "elapsed": 6234.469839}}
{"target": 5.211555555555556, "params": {"beta_enc": 0.8726861649194619, "k": 3.0, "enc_rate": 1.0, "gamma_fc": 0.20338083282405106, "beta_rec": 0.42166593484970927, "cue_position": 8.0}, "datetime": {"delta": 30.431355, "datetime": "2021-04-07 12:59:07", "elapsed": 6264.901194}}
{"target": 5.0135555555555555, "params": {"beta_enc": 0.8817706230828073, "k": 3.0, "enc_rate": 1.0, "gamma_fc": 0.624821294185499, "beta_rec": 0.48675074481833813, "cue_position": 8.0}, "datetime": {"delta": 29.704168, "datetime": "2021-04-07 12:59:37", "elapsed": 6294.605362}}
{"target": 7.4348888888888895, "params": {"beta_enc": 0.2821394484048606, "k": 3.0, "enc_rate": 1.0, "gamma_fc": 0.22700116521465796, "beta_rec": 0.8837555081806009, "cue_position": 8.0}, "datetime": {"delta": 37.054438, "datetime": "2021-04-07 13:00:14", "elapsed": 6331.6598}}
{"target": 7.496888888888888, "params": {"beta_enc": 0.23944623690468037, "k": 3.0, "enc_rate": 1.0, "gamma_fc": 0.6021836538927108, "beta_rec": 0.13141566053746057, "cue_position": 8.0}, "datetime": {"delta": 37.400466, "datetime": "2021-04-07 13:00:52", "elapsed": 6369.060266}}
{"target": 7.078, "params": {"beta_enc": 0.34567921329602547, "k": 3.0, "enc_rate": 1.0, "gamma_fc": 0.05917720718572239, "beta_rec": 0.5956250981349497, "cue_position": 8.0}, "datetime": {"delta": 40.781701, "datetime": "2021-04-07 13:01:32", "elapsed": 6409.841967}}
{"target": 4.971555555555556, "params": {"beta_enc": 0.9482094981876252, "k": 3.0, "enc_rate": 1.0, "gamma_fc": 0.0073189693278638, "beta_rec": 0.5346790571795887, "cue_position": 8.0}, "datetime": {"delta": 29.478232, "datetime": "2021-04-07 13:02:02", "elapsed": 6439.320199}}
{"target": 4.528888888888889, "params": {"beta_enc": 0.9176063476443932, "k": 3.0, "enc_rate": 1.0, "gamma_fc": 0.822578152523871, "beta_rec": 0.5883673328938768, "cue_position": 8.0}, "datetime": {"delta": 28.139231, "datetime": "2021-04-07 13:02:30", "elapsed": 6467.45943}}
{"target": 7.339333333333333, "params": {"beta_enc": 0.3209863745244532, "k": 3.0, "enc_rate": 1.0, "gamma_fc": 0.1267357091420086, "beta_rec": 0.12295477155217849, "cue_position": 8.0}, "datetime": {"delta": 36.855084, "datetime": "2021-04-07 13:03:07", "elapsed": 6504.314514}}
{"target": 7.537999999999999, "params": {"beta_enc": 0.03606831456985993, "k": 3.0, "enc_rate": 1.0, "gamma_fc": 0.3033456717085691, "beta_rec": 0.20018211641098693, "cue_position": 8.0}, "datetime": {"delta": 37.43838, "datetime": "2021-04-07 13:03:44", "elapsed": 6541.752894}}
{"target": 3.3653333333333335, "params": {"beta_enc": 0.9974849927283295, "k": 3.0, "enc_rate": 1.0, "gamma_fc": 0.5071194235482045, "beta_rec": 0.5820299763434618, "cue_position": 8.0}, "datetime": {"delta": 24.358965, "datetime": "2021-04-07 13:04:09", "elapsed": 6566.111859}}
{"target": 6.483555555555556, "params": {"beta_enc": 0.5878715062961865, "k": 3.0, "enc_rate": 1.0, "gamma_fc": 0.24444799937161088, "beta_rec": 0.2641376442105696, "cue_position": 8.0}, "datetime": {"delta": 34.325935, "datetime": "2021-04-07 13:04:43", "elapsed": 6600.437794}}
{"target": 5.897333333333334, "params": {"beta_enc": 0.6958461339323264, "k": 3.0, "enc_rate": 1.0, "gamma_fc": 0.8061631629534083, "beta_rec": 0.07194722016400112, "cue_position": 8.0}, "datetime": {"delta": 32.463224, "datetime": "2021-04-07 13:05:15", "elapsed": 6632.901018}}
{"target": 7.544, "params": {"beta_enc": 0.0800609772712173, "k": 3.0, "enc_rate": 1.0, "gamma_fc": 0.4487372588243219, "beta_rec": 0.48169628302117706, "cue_position": 8.0}, "datetime": {"delta": 37.491427, "datetime": "2021-04-07 13:05:53", "elapsed": 6670.392445}}
{"target": 6.593555555555556, "params": {"beta_enc": 0.6816453376026229, "k": 3.0, "enc_rate": 1.0, "gamma_fc": 0.760802456305756, "beta_rec": 0.6971485287527562, "cue_position": 8.0}, "datetime": {"delta": 34.543758, "datetime": "2021-04-07 13:06:27", "elapsed": 6704.936203}}
{"target": 4.744666666666666, "params": {"beta_enc": 0.9041029859138049, "k": 3.0, "enc_rate": 1.0, "gamma_fc": 0.3205646539951602, "beta_rec": 0.23376869260410593, "cue_position": 8.0}, "datetime": {"delta": 28.832675, "datetime": "2021-04-07 13:06:56", "elapsed": 6733.768878}}
{"target": 6.425111111111112, "params": {"beta_enc": 0.6135258996684316, "k": 3.0, "enc_rate": 1.0, "gamma_fc": 0.11503501205024624, "beta_rec": 0.7600017523497489, "cue_position": 8.0}, "datetime": {"delta": 34.081482, "datetime": "2021-04-07 13:07:30", "elapsed": 6767.85036}}
{"target": 7.500222222222223, "params": {"beta_enc": 0.19384776750950716, "k": 3.0, "enc_rate": 1.0, "gamma_fc": 0.4911099613042962, "beta_rec": 0.8207464986229382, "cue_position": 8.0}, "datetime": {"delta": 37.333634, "datetime": "2021-04-07 13:08:08", "elapsed": 6805.183994}}
{"target": 7.49311111111111, "params": {"beta_enc": 0.23507763668617032, "k": 3.0, "enc_rate": 1.0, "gamma_fc": 0.7293976982561526, "beta_rec": 0.461602080891622, "cue_position": 8.0}, "datetime": {"delta": 37.196274, "datetime": "2021-04-07 13:08:45", "elapsed": 6842.380268}}
{"target": 7.4797777777777785, "params": {"beta_enc": 0.33039174636170277, "k": 3.0, "enc_rate": 1.0, "gamma_fc": 0.6570654246228895, "beta_rec": 0.8434941260636555, "cue_position": 8.0}, "datetime": {"delta": 40.754422, "datetime": "2021-04-07 13:09:26", "elapsed": 6883.13469}}
{"target": 7.478666666666666, "params": {"beta_enc": 0.200727488035091, "k": 3.0, "enc_rate": 1.0, "gamma_fc": 0.8709456091610533, "beta_rec": 0.5295466104783949, "cue_position": 8.0}, "datetime": {"delta": 37.229253, "datetime": "2021-04-07 13:10:03", "elapsed": 6920.363943}}
{"target": 7.422666666666667, "params": {"beta_enc": 0.32984456268188234, "k": 3.0, "enc_rate": 1.0, "gamma_fc": 0.8785878632047704, "beta_rec": 0.6830743663365642, "cue_position": 8.0}, "datetime": {"delta": 40.375064, "datetime": "2021-04-07 13:10:43", "elapsed": 6960.739007}}
{"target": 5.354888888888889, "params": {"beta_enc": 0.8497689100179306, "k": 3.0, "enc_rate": 1.0, "gamma_fc": 0.6353709614884534, "beta_rec": 0.6671187886992039, "cue_position": 8.0}, "datetime": {"delta": 33.73266, "datetime": "2021-04-07 13:11:17", "elapsed": 6994.471667}}
{"target": 7.5202222222222215, "params": {"beta_enc": 0.07868273495074744, "k": 3.0, "enc_rate": 1.0, "gamma_fc": 0.5299814514164102, "beta_rec": 0.9628766354725959, "cue_position": 8.0}, "datetime": {"delta": 49.417029, "datetime": "2021-04-07 13:12:06", "elapsed": 7043.888696}}
{"target": 7.547777777777777, "params": {"beta_enc": 0.0, "k": 3.0, "enc_rate": 1.0, "gamma_fc": 0.13668171694394646, "beta_rec": 0.49632911839248356, "cue_position": 8.0}, "datetime": {"delta": 48.956801, "datetime": "2021-04-07 13:12:55", "elapsed": 7092.845497}}
{"target": 7.511555555555555, "params": {"beta_enc": 0.006615681357357707, "k": 3.0, "enc_rate": 1.0, "gamma_fc": 0.07229674187528598, "beta_rec": 0.30930780639131933, "cue_position": 8.0}, "datetime": {"delta": 63.496563, "datetime": "2021-04-07 13:13:59", "elapsed": 7156.34206}}
{"target": 7.5504444444444445, "params": {"beta_enc": 0.09132507992500011, "k": 3.0, "enc_rate": 1.0, "gamma_fc": 0.11863078360138037, "beta_rec": 0.03869438911158489, "cue_position": 8.0}, "datetime": {"delta": 49.339814, "datetime": "2021-04-07 13:14:48", "elapsed": 7205.681874}}
{"target": 7.517777777777778, "params": {"beta_enc": 0.0, "k": 3.0, "enc_rate": 1.0, "gamma_fc": 0.46749785802418015, "beta_rec": 0.2294270254710389, "cue_position": 8.0}, "datetime": {"delta": 49.55979, "datetime": "2021-04-07 13:15:38", "elapsed": 7255.241664}}
{"target": 7.562222222222223, "params": {"beta_enc": 0.03229436788229098, "k": 3.0, "enc_rate": 1.0, "gamma_fc": 0.756133874379467, "beta_rec": 0.11620657843486804, "cue_position": 8.0}, "datetime": {"delta": 49.447008, "datetime": "2021-04-07 13:16:27", "elapsed": 7304.688672}}
{"target": 7.529555555555556, "params": {"beta_enc": 0.007300698645134744, "k": 3.0, "enc_rate": 1.0, "gamma_fc": 0.6303818917846844, "beta_rec": 0.6889108058748303, "cue_position": 8.0}, "datetime": {"delta": 50.488709, "datetime": "2021-04-07 13:17:18", "elapsed": 7355.177381}}
{"target": 7.564, "params": {"beta_enc": 0.0, "k": 3.0, "enc_rate": 1.0, "gamma_fc": 0.05059953063517043, "beta_rec": 0.4557810989683264, "cue_position": 8.0}, "datetime": {"delta": 49.163198, "datetime": "2021-04-07 13:18:07", "elapsed": 7404.340579}}
{"target": 7.541111111111111, "params": {"beta_enc": 0.05778209193097197, "k": 3.0, "enc_rate": 1.0, "gamma_fc": 0.17509324684805289, "beta_rec": 0.40790275984586305, "cue_position": 8.0}, "datetime": {"delta": 49.170931, "datetime": "2021-04-07 13:18:56", "elapsed": 7453.51151}}
{"target": 7.511777777777778, "params": {"beta_enc": 0.2561881067745823, "k": 3.0, "enc_rate": 1.0, "gamma_fc": 0.513455033971047, "beta_rec": 0.5727759893746663, "cue_position": 8.0}, "datetime": {"delta": 51.552133, "datetime": "2021-04-07 13:19:48", "elapsed": 7505.063643}}
{"target": 7.530222222222223, "params": {"beta_enc": 0.11063263027043313, "k": 3.0, "enc_rate": 1.0, "gamma_fc": 0.8834122097540542, "beta_rec": 0.11051917959435038, "cue_position": 8.0}, "datetime": {"delta": 50.56711, "datetime": "2021-04-07 13:20:38", "elapsed": 7555.630753}}
{"target": 7.580444444444444, "params": {"beta_enc": 0.04849644766289973, "k": 3.0, "enc_rate": 1.0, "gamma_fc": 0.7121655489200842, "beta_rec": 0.0, "cue_position": 8.0}, "datetime": {"delta": 49.138774, "datetime": "2021-04-07 13:21:27", "elapsed": 7604.769527}}
{"target": 7.56, "params": {"beta_enc": 0.0, "k": 3.0, "enc_rate": 1.0, "gamma_fc": 0.6624603364082025, "beta_rec": 0.0, "cue_position": 8.0}, "datetime": {"delta": 48.489385, "datetime": "2021-04-07 13:22:16", "elapsed": 7653.258912}}
{"target": 7.552444444444444, "params": {"beta_enc": 0.040849415588184466, "k": 3.0, "enc_rate": 1.0, "gamma_fc": 0.0, "beta_rec": 0.032172831015801866, "cue_position": 8.0}, "datetime": {"delta": 48.927224, "datetime": "2021-04-07 13:23:05", "elapsed": 7702.186136}}
{"target": 7.522666666666666, "params": {"beta_enc": 0.0, "k": 3.0, "enc_rate": 1.0, "gamma_fc": 0.1972440699269547, "beta_rec": 0.0, "cue_position": 8.0}, "datetime": {"delta": 47.546912, "datetime": "2021-04-07 13:23:52", "elapsed": 7749.733048}}
{"target": 7.503333333333333, "params": {"beta_enc": 0.0, "k": 3.0, "enc_rate": 1.0, "gamma_fc": 0.7107184839263619, "beta_rec": 0.8196781261379669, "cue_position": 8.0}, "datetime": {"delta": 49.360399, "datetime": "2021-04-07 13:24:42", "elapsed": 7799.093447}}
{"target": 7.507111111111112, "params": {"beta_enc": 0.12260059921609567, "k": 3.0, "enc_rate": 1.0, "gamma_fc": 0.7978072949093918, "beta_rec": 0.0, "cue_position": 8.0}, "datetime": {"delta": 49.502373, "datetime": "2021-04-07 13:25:31", "elapsed": 7848.59582}}
{"target": 7.553111111111112, "params": {"beta_enc": 0.09096671279292212, "k": 3.0, "enc_rate": 1.0, "gamma_fc": 0.6578481472691919, "beta_rec": 0.050827462844622695, "cue_position": 8.0}, "datetime": {"delta": 49.039234, "datetime": "2021-04-07 13:26:20", "elapsed": 7897.635054}}
{"target": 7.556222222222222, "params": {"beta_enc": 0.0005550913513332478, "k": 3.0, "enc_rate": 1.0, "gamma_fc": 0.7834564568294662, "beta_rec": 0.004459704506408313, "cue_position": 8.0}, "datetime": {"delta": 50.410408, "datetime": "2021-04-07 13:27:11", "elapsed": 7948.045462}}
{"target": 7.5411111111111095, "params": {"beta_enc": 0.0, "k": 3.0, "enc_rate": 1.0, "gamma_fc": 0.9662239023959173, "beta_rec": 0.1576565424656655, "cue_position": 8.0}, "datetime": {"delta": 50.065205, "datetime": "2021-04-07 13:28:01", "elapsed": 7998.110667}}
{"target": 7.560222222222222, "params": {"beta_enc": 0.1102959053748766, "k": 3.0, "enc_rate": 1.0, "gamma_fc": 0.3211989939950881, "beta_rec": 0.0, "cue_position": 8.0}, "datetime": {"delta": 50.109046, "datetime": "2021-04-07 13:28:51", "elapsed": 8048.219713}}
{"target": 7.462000000000001, "params": {"beta_enc": 0.29242665437949406, "k": 3.0, "enc_rate": 1.0, "gamma_fc": 0.7671263592924085, "beta_rec": 1.0, "cue_position": 8.0}, "datetime": {"delta": 49.744491, "datetime": "2021-04-07 13:29:40", "elapsed": 8097.964204}}
{"target": 7.566, "params": {"beta_enc": 0.017417764938252017, "k": 3.0, "enc_rate": 1.0, "gamma_fc": 0.4228022618638137, "beta_rec": 0.0, "cue_position": 8.0}, "datetime": {"delta": 49.348478, "datetime": "2021-04-07 13:30:30", "elapsed": 8147.312682}}
{"target": 7.537777777777778, "params": {"beta_enc": 0.0, "k": 3.0, "enc_rate": 1.0, "gamma_fc": 1.0, "beta_rec": 0.0, "cue_position": 8.0}, "datetime": {"delta": 50.497852, "datetime": "2021-04-07 13:31:20", "elapsed": 8197.810534}}
{"target": 7.532444444444444, "params": {"beta_enc": 0.10606076936803786, "k": 3.0, "enc_rate": 1.0, "gamma_fc": 0.0, "beta_rec": 0.08802090799761082, "cue_position": 8.0}, "datetime": {"delta": 49.816143, "datetime": "2021-04-07 13:32:10", "elapsed": 8247.626677}}
{"target": 7.534666666666666, "params": {"beta_enc": 0.0, "k": 3.0, "enc_rate": 1.0, "gamma_fc": 0.017290879547114776, "beta_rec": 0.9588272372878401, "cue_position": 8.0}, "datetime": {"delta": 50.994398, "datetime": "2021-04-07 13:33:01", "elapsed": 8298.621075}}
{"target": 7.593111111111111, "params": {"beta_enc": 0.05395434170103425, "k": 3.0, "enc_rate": 1.0, "gamma_fc": 0.0850997177656507, "beta_rec": 0.8844119658783963, "cue_position": 8.0}, "datetime": {"delta": 51.040844, "datetime": "2021-04-07 13:33:52", "elapsed": 8349.661919}}
{"target": 7.600888888888889, "params": {"beta_enc": 0.03655296404331464, "k": 3.0, "enc_rate": 1.0, "gamma_fc": 0.016508945524006696, "beta_rec": 0.8426739699609436, "cue_position": 8.0}, "datetime": {"delta": 50.300234, "datetime": "2021-04-07 13:34:42", "elapsed": 8399.962153}}
{"target": 7.547555555555556, "params": {"beta_enc": 0.0, "k": 3.0, "enc_rate": 1.0, "gamma_fc": 0.03705692520144981, "beta_rec": 0.8628376609770363, "cue_position": 8.0}, "datetime": {"delta": 49.990067, "datetime": "2021-04-07 13:35:32", "elapsed": 8449.95222}}
{"target": 7.5651111111111105, "params": {"beta_enc": 0.07532621726690959, "k": 3.0, "enc_rate": 1.0, "gamma_fc": 0.006402037095433434, "beta_rec": 0.8372272175160989, "cue_position": 8.0}, "datetime": {"delta": 50.549038, "datetime": "2021-04-07 13:36:23", "elapsed": 8500.501258}}
{"target": 7.583333333333333, "params": {"beta_enc": 0.07885661323997897, "k": 3.0, "enc_rate": 1.0, "gamma_fc": 0.09721375741189778, "beta_rec": 1.0, "cue_position": 8.0}, "datetime": {"delta": 51.440558, "datetime": "2021-04-07 13:37:14", "elapsed": 8551.941816}}
{"target": 7.590444444444445, "params": {"beta_enc": 0.024223844990489383, "k": 3.0, "enc_rate": 1.0, "gamma_fc": 0.004009816725405738, "beta_rec": 0.7657277749693805, "cue_position": 8.0}, "datetime": {"delta": 50.390289, "datetime": "2021-04-07 13:38:05", "elapsed": 8602.332105}}
{"target": 7.614, "params": {"beta_enc": 0.04847959873505797, "k": 3.0, "enc_rate": 1.0, "gamma_fc": 0.05528757055826589, "beta_rec": 0.7990840524851267, "cue_position": 8.0}, "datetime": {"delta": 49.602396, "datetime": "2021-04-07 13:38:54", "elapsed": 8651.934501}}
{"target": 7.582888888888888, "params": {"beta_enc": 0.0, "k": 3.0, "enc_rate": 1.0, "gamma_fc": 1.0, "beta_rec": 0.3898076841272998, "cue_position": 8.0}, "datetime": {"delta": 49.739884, "datetime": "2021-04-07 13:39:44", "elapsed": 8701.674385}}
{"target": 7.5455555555555565, "params": {"beta_enc": 0.0, "k": 3.0, "enc_rate": 1.0, "gamma_fc": 1.0, "beta_rec": 0.5098727628483399, "cue_position": 8.0}, "datetime": {"delta": 50.127314, "datetime": "2021-04-07 13:40:34", "elapsed": 8751.801699}}
{"target": 7.520666666666666, "params": {"beta_enc": 0.10014693711748635, "k": 3.0, "enc_rate": 1.0, "gamma_fc": 0.9955935519896996, "beta_rec": 0.433943332716933, "cue_position": 8.0}, "datetime": {"delta": 49.955414, "datetime": "2021-04-07 13:41:24", "elapsed": 8801.757113}}
{"target": 7.5455555555555565, "params": {"beta_enc": 0.0, "k": 3.0, "enc_rate": 1.0, "gamma_fc": 0.9104731801295203, "beta_rec": 0.30142522284645407, "cue_position": 8.0}, "datetime": {"delta": 52.605945, "datetime": "2021-04-07 13:42:17", "elapsed": 8854.363058}}
