{"target": 7.0902222222222235, "params": {"gamma_fc": 0.00011437481734488664, "beta_enc": 0.417022004702574, "beta_rec": 0.7203244934421581, "primacy": 0.7}, "datetime": {"delta": 0.0, "datetime": "2020-11-23 14:38:23", "elapsed": 0.0}}
{"target": 7.516222222222223, "params": {"gamma_fc": 0.1862602113776709, "beta_enc": 0.14675589081711304, "beta_rec": 0.0923385947687978, "primacy": 0.7}, "datetime": {"delta": 21.562453, "datetime": "2020-11-23 14:38:45", "elapsed": 21.562453}}
{"target": 7.372222222222222, "params": {"gamma_fc": 0.4191945144032948, "beta_enc": 0.39676747423066994, "beta_rec": 0.538816734003357, "primacy": 0.7}, "datetime": {"delta": 20.93123, "datetime": "2020-11-23 14:39:06", "elapsed": 42.493683}}
{"target": 7.221333333333334, "params": {"gamma_fc": 0.027387593197926163, "beta_enc": 0.20445224973151743, "beta_rec": 0.8781174363909454, "primacy": 0.7}, "datetime": {"delta": 20.741272, "datetime": "2020-11-23 14:39:26", "elapsed": 63.234955}}
{"target": 7.328666666666666, "params": {"gamma_fc": 0.14038693859523377, "beta_enc": 0.41730480236712697, "beta_rec": 0.5586898284457517, "primacy": 0.7}, "datetime": {"delta": 20.893498, "datetime": "2020-11-23 14:39:47", "elapsed": 84.128453}}
{"target": 7.7331111111111115, "params": {"gamma_fc": 0.31342417815924284, "beta_enc": 0.8007445686755367, "beta_rec": 0.9682615757193975, "primacy": 0.7}, "datetime": {"delta": 21.457849, "datetime": "2020-11-23 14:40:09", "elapsed": 105.586302}}
{"target": 7.997777777777777, "params": {"gamma_fc": 0.08504421136977791, "beta_enc": 0.8763891522960383, "beta_rec": 0.8946066635038473, "primacy": 0.7}, "datetime": {"delta": 21.879048, "datetime": "2020-11-23 14:40:31", "elapsed": 127.46535}}
{"target": 7.431333333333333, "params": {"gamma_fc": 0.0983468338330501, "beta_enc": 0.1698304195645689, "beta_rec": 0.8781425034294131, "primacy": 0.7}, "datetime": {"delta": 21.117477, "datetime": "2020-11-23 14:40:52", "elapsed": 148.582827}}
{"target": 3.730888888888889, "params": {"gamma_fc": 0.6918771139504734, "beta_enc": 0.9578895301505019, "beta_rec": 0.5331652849730171, "primacy": 0.7}, "datetime": {"delta": 14.600734, "datetime": "2020-11-23 14:41:06", "elapsed": 163.183561}}
{"target": 7.421111111111111, "params": {"gamma_fc": 0.018288277344191806, "beta_enc": 0.6865009276815837, "beta_rec": 0.8346256718973729, "primacy": 0.7}, "datetime": {"delta": 20.999678, "datetime": "2020-11-23 14:41:27", "elapsed": 184.183239}}
{"target": 5.752666666666666, "params": {"gamma_fc": 0.2804439920644052, "beta_enc": 0.9888610889064947, "beta_rec": 0.7481656543798394, "primacy": 0.7}, "datetime": {"delta": 18.089326, "datetime": "2020-11-23 14:41:45", "elapsed": 202.272565}}
{"target": 7.529333333333334, "params": {"gamma_fc": 0.9085955030930956, "beta_enc": 0.10322600657764203, "beta_rec": 0.44789352617590517, "primacy": 0.7}, "datetime": {"delta": 21.2407, "datetime": "2020-11-23 14:42:07", "elapsed": 223.513265}}
{"target": 7.408222222222221, "params": {"gamma_fc": 0.019366957870297075, "beta_enc": 0.28777533858634874, "beta_rec": 0.13002857211827767, "primacy": 0.7}, "datetime": {"delta": 21.082508, "datetime": "2020-11-23 14:42:28", "elapsed": 244.595773}}
{"target": 7.524666666666667, "params": {"gamma_fc": 0.4915731592803383, "beta_enc": 0.21162811600005904, "beta_rec": 0.2655466593722262, "primacy": 0.7}, "datetime": {"delta": 21.276373, "datetime": "2020-11-23 14:42:49", "elapsed": 265.872146}}
{"target": 6.496888888888888, "params": {"gamma_fc": 0.5893055369032842, "beta_enc": 0.5741176054920131, "beta_rec": 0.14672857490581015, "primacy": 0.7}, "datetime": {"delta": 19.513506, "datetime": "2020-11-23 14:43:08", "elapsed": 285.385652}}
{"target": 7.535777777777779, "params": {"gamma_fc": 0.6944001577277451, "beta_enc": 0.10233442882782584, "beta_rec": 0.4140559878195683, "primacy": 0.7}, "datetime": {"delta": 21.247245, "datetime": "2020-11-23 14:43:30", "elapsed": 306.632897}}
{"target": 7.543555555555555, "params": {"gamma_fc": 0.6637946452197888, "beta_enc": 0.04995345894608716, "beta_rec": 0.5358964059155116, "primacy": 0.7}, "datetime": {"delta": 21.230909, "datetime": "2020-11-23 14:43:51", "elapsed": 327.863806}}
{"target": 3.4751111111111106, "params": {"gamma_fc": 0.9034019152878835, "beta_enc": 0.9445947559908133, "beta_rec": 0.5865550405019929, "primacy": 0.7}, "datetime": {"delta": 14.170842, "datetime": "2020-11-23 14:44:05", "elapsed": 342.034648}}
{"target": 7.516444444444444, "params": {"gamma_fc": 0.3976768369855336, "beta_enc": 0.13927634725075855, "beta_rec": 0.8073912887095238, "primacy": 0.7}, "datetime": {"delta": 21.222776, "datetime": "2020-11-23 14:44:26", "elapsed": 363.257424}}
{"target": 3.914, "params": {"gamma_fc": 0.7508121031361555, "beta_enc": 0.9275085803960339, "beta_rec": 0.34776585974550656, "primacy": 0.7}, "datetime": {"delta": 14.946802, "datetime": "2020-11-23 14:44:41", "elapsed": 378.204226}}
{"target": 4.846666666666667, "params": {"gamma_fc": 0.7509424340273372, "beta_enc": 0.8833060912058098, "beta_rec": 0.6236722070556089, "primacy": 0.7}, "datetime": {"delta": 16.594246, "datetime": "2020-11-23 14:44:58", "elapsed": 394.798472}}
{"target": 7.446000000000001, "params": {"gamma_fc": 0.4280911898712949, "beta_enc": 0.2699278917650261, "beta_rec": 0.8958862181960668, "primacy": 0.7}, "datetime": {"delta": 21.122845, "datetime": "2020-11-23 14:45:19", "elapsed": 415.921317}}
{"target": 7.3373333333333335, "params": {"gamma_fc": 0.11474597295337519, "beta_enc": 0.6634414978184481, "beta_rec": 0.6216957202091218, "primacy": 0.7}, "datetime": {"delta": 20.991835, "datetime": "2020-11-23 14:45:40", "elapsed": 436.913152}}
{"target": 7.350666666666666, "params": {"gamma_fc": 0.40813680276128117, "beta_enc": 0.4499121334799405, "beta_rec": 0.5783896143871318, "primacy": 0.7}, "datetime": {"delta": 21.037561, "datetime": "2020-11-23 14:46:01", "elapsed": 457.950713}}
{"target": 6.022, "params": {"gamma_fc": 0.00287032703115897, "beta_enc": 0.9033795205622538, "beta_rec": 0.5736794866722859, "primacy": 0.7}, "datetime": {"delta": 18.622234, "datetime": "2020-11-23 14:46:20", "elapsed": 476.572947}}
{"target": 7.451777777777778, "params": {"gamma_fc": 0.8859420993107745, "beta_enc": 0.32664490177209615, "beta_rec": 0.5270581022576093, "primacy": 0.7}, "datetime": {"delta": 21.114332, "datetime": "2020-11-23 14:46:41", "elapsed": 497.687279}}
{"target": 6.226666666666667, "params": {"gamma_fc": 0.015821242846556283, "beta_enc": 0.9085351509197992, "beta_rec": 0.6233601157918027, "primacy": 0.7}, "datetime": {"delta": 18.991432, "datetime": "2020-11-23 14:47:00", "elapsed": 516.678711}}
{"target": 7.3197777777777775, "params": {"gamma_fc": 0.17234050834532855, "beta_enc": 0.690896917516924, "beta_rec": 0.9973228504514805, "primacy": 0.7}, "datetime": {"delta": 20.913596, "datetime": "2020-11-23 14:47:21", "elapsed": 537.592307}}
{"target": 6.532222222222222, "params": {"gamma_fc": 0.06600017272206249, "beta_enc": 0.9325954630371636, "beta_rec": 0.6968181614899002, "primacy": 0.7}, "datetime": {"delta": 19.52678, "datetime": "2020-11-23 14:47:40", "elapsed": 557.119087}}
{"target": 6.774222222222223, "params": {"gamma_fc": 0.7115247586284718, "beta_enc": 0.7538761884612464, "beta_rec": 0.9230245355464833, "primacy": 0.7}, "datetime": {"delta": 20.026926, "datetime": "2020-11-23 14:48:00", "elapsed": 577.146013}}
{"target": 7.553999999999999, "params": {"gamma_fc": 0.028306488020794607, "beta_enc": 0.01988013383979559, "beta_rec": 0.026210986877719278, "primacy": 0.7}, "datetime": {"delta": 21.362065, "datetime": "2020-11-23 14:48:22", "elapsed": 598.508078}}
{"target": 5.529555555555556, "params": {"gamma_fc": 0.5528219786857659, "beta_enc": 0.860027948682888, "beta_rec": 0.5388310643416528, "primacy": 0.7}, "datetime": {"delta": 17.880612, "datetime": "2020-11-23 14:48:39", "elapsed": 616.38869}}
{"target": 7.5471111111111115, "params": {"gamma_fc": 0.5857592714582879, "beta_enc": 0.12417331511991114, "beta_rec": 0.2791836790111395, "primacy": 0.7}, "datetime": {"delta": 21.333794, "datetime": "2020-11-23 14:49:01", "elapsed": 637.722484}}
{"target": 6.0535555555555565, "params": {"gamma_fc": 0.8006326726806163, "beta_enc": 0.56103021925571, "beta_rec": 0.01864728937294302, "primacy": 0.7}, "datetime": {"delta": 18.873486, "datetime": "2020-11-23 14:49:20", "elapsed": 656.59597}}
{"target": 5.146444444444444, "params": {"gamma_fc": 0.8635418545594287, "beta_enc": 0.8071051956187791, "beta_rec": 0.38786064406417176, "primacy": 0.7}, "datetime": {"delta": 17.171956, "datetime": "2020-11-23 14:49:37", "elapsed": 673.767926}}
{"target": 6.491555555555555, "params": {"gamma_fc": 0.05991768951221166, "beta_enc": 0.5562402339904189, "beta_rec": 0.13645522566068502, "primacy": 0.7}, "datetime": {"delta": 19.577439, "datetime": "2020-11-23 14:49:56", "elapsed": 693.345365}}
{"target": 7.546666666666667, "params": {"gamma_fc": 0.2257093386078547, "beta_enc": 0.044551878544761725, "beta_rec": 0.1074941291060929, "primacy": 0.7}, "datetime": {"delta": 21.345714, "datetime": "2020-11-23 14:50:18", "elapsed": 714.691079}}
{"target": 5.989777777777777, "params": {"gamma_fc": 0.07197427968948678, "beta_enc": 0.5597169820541424, "beta_rec": 0.012555980159115854, "primacy": 0.7}, "datetime": {"delta": 18.715966, "datetime": "2020-11-23 14:50:37", "elapsed": 733.407045}}
{"target": 6.6431111111111125, "params": {"gamma_fc": 0.2523257445703234, "beta_enc": 0.5681004619199421, "beta_rec": 0.20329323466099047, "primacy": 0.7}, "datetime": {"delta": 19.848775, "datetime": "2020-11-23 14:50:56", "elapsed": 753.25582}}
{"target": 7.501555555555555, "params": {"gamma_fc": 0.9700199890883123, "beta_enc": 0.1954294811093188, "beta_rec": 0.5813589272732578, "primacy": 0.7}, "datetime": {"delta": 21.203905, "datetime": "2020-11-23 14:51:18", "elapsed": 774.459725}}
{"target": 7.476222222222222, "params": {"gamma_fc": 0.6199557183813798, "beta_enc": 0.23984775914758616, "beta_rec": 0.49376971426872995, "primacy": 0.7}, "datetime": {"delta": 21.170829, "datetime": "2020-11-23 14:51:39", "elapsed": 795.630554}}
{"target": 7.523555555555555, "params": {"gamma_fc": 0.07002214371922233, "beta_enc": 0.15679139464608427, "beta_rec": 0.018576202177409518, "primacy": 0.7}, "datetime": {"delta": 21.288701, "datetime": "2020-11-23 14:52:00", "elapsed": 816.919255}}
{"target": 7.205777777777778, "params": {"gamma_fc": 0.31736240932216075, "beta_enc": 0.6063294616533303, "beta_rec": 0.5688514370864813, "primacy": 0.7}, "datetime": {"delta": 20.712811, "datetime": "2020-11-23 14:52:21", "elapsed": 837.632066}}
{"target": 7.017111111111111, "params": {"gamma_fc": 0.5509482191178968, "beta_enc": 0.5797452192457969, "beta_rec": 0.3801411726235504, "primacy": 0.7}, "datetime": {"delta": 20.393093, "datetime": "2020-11-23 14:52:41", "elapsed": 858.025159}}
{"target": 6.241777777777778, "params": {"gamma_fc": 0.06633483442844157, "beta_enc": 0.6692328934531846, "beta_rec": 0.2649195576628094, "primacy": 0.7}, "datetime": {"delta": 19.170811, "datetime": "2020-11-23 14:53:00", "elapsed": 877.19597}}
{"target": 6.277777777777778, "params": {"gamma_fc": 0.7527555537388139, "beta_enc": 0.6297175070215645, "beta_rec": 0.2101740099148396, "primacy": 0.7}, "datetime": {"delta": 19.33546, "datetime": "2020-11-23 14:53:20", "elapsed": 896.53143}}
{"target": 7.402222222222221, "params": {"gamma_fc": 0.19343428262332774, "beta_enc": 0.26031509857854096, "beta_rec": 0.8047545637433454, "primacy": 0.7}, "datetime": {"delta": 21.055483, "datetime": "2020-11-23 14:53:41", "elapsed": 917.586913}}
{"target": 7.218444444444444, "params": {"gamma_fc": 0.263296770487111, "beta_enc": 0.5246703091237337, "beta_rec": 0.9248079703993507, "primacy": 0.7}, "datetime": {"delta": 20.71373, "datetime": "2020-11-23 14:54:01", "elapsed": 938.300643}}
{"target": 6.32, "params": {"gamma_fc": 0.907815852503524, "beta_enc": 0.7350659632886695, "beta_rec": 0.7721780295432468, "primacy": 0.7}, "datetime": {"delta": 19.176776, "datetime": "2020-11-23 14:54:21", "elapsed": 957.477419}}
{"target": 7.57088888888889, "params": {"gamma_fc": 0.6167783570016576, "beta_enc": 0.013951572975597015, "beta_rec": 0.2343620861214205, "primacy": 0.7}, "datetime": {"delta": 21.345955, "datetime": "2020-11-23 14:54:42", "elapsed": 978.823374}}
{"target": 3.232, "params": {"gamma_fc": 0.9156063497662745, "beta_enc": 0.9501761192470797, "beta_rec": 0.5566531881951564, "primacy": 0.7}, "datetime": {"delta": 13.742199, "datetime": "2020-11-23 14:54:56", "elapsed": 992.565573}}
{"target": 7.410444444444446, "params": {"gamma_fc": 0.6043104829199732, "beta_enc": 0.39000771414124624, "beta_rec": 0.48599066709690975, "primacy": 0.7}, "datetime": {"delta": 21.070837, "datetime": "2020-11-23 14:55:17", "elapsed": 1013.63641}}
{"target": 7.540666666666667, "params": {"gamma_fc": 0.3948756129235549, "beta_enc": 0.9261814267064536, "beta_rec": 0.9187334356336061, "primacy": 0.7}, "datetime": {"delta": 21.137972, "datetime": "2020-11-23 14:55:38", "elapsed": 1034.774382}}
{"target": 7.541555555555556, "params": {"gamma_fc": 0.13507915804673132, "beta_enc": 0.17395566668046436, "beta_rec": 0.12632951943963733, "primacy": 0.7}, "datetime": {"delta": 21.310088, "datetime": "2020-11-23 14:55:59", "elapsed": 1056.08447}}
{"target": 7.534666666666666, "params": {"gamma_fc": 0.8271154711707325, "beta_enc": 0.021524805274197978, "beta_rec": 0.947970211217681, "primacy": 0.7}, "datetime": {"delta": 21.262165, "datetime": "2020-11-23 14:56:20", "elapsed": 1077.346635}}
{"target": 7.510222222222223, "params": {"gamma_fc": 0.1309968448109169, "beta_enc": 0.17619625557505525, "beta_rec": 0.332063574366837, "primacy": 0.7}, "datetime": {"delta": 21.227418, "datetime": "2020-11-23 14:56:42", "elapsed": 1098.574053}}
{"target": 7.429555555555555, "params": {"gamma_fc": 0.58201417994708, "beta_enc": 0.34473665268329345, "beta_rec": 0.9401074823333672, "primacy": 0.7}, "datetime": {"delta": 21.066697, "datetime": "2020-11-23 14:57:03", "elapsed": 1119.64075}}
{"target": 7.394888888888889, "params": {"gamma_fc": 0.45988026581680697, "beta_enc": 0.8447344453922219, "beta_rec": 0.9053923187086492, "primacy": 0.7}, "datetime": {"delta": 20.889918, "datetime": "2020-11-23 14:57:24", "elapsed": 1140.530668}}
{"target": 5.424222222222222, "params": {"gamma_fc": 0.4902535226199277, "beta_enc": 0.7986035911520394, "beta_rec": 0.28571885173414757, "primacy": 0.7}, "datetime": {"delta": 17.592339, "datetime": "2020-11-23 14:57:41", "elapsed": 1158.123007}}
{"target": 7.512666666666666, "params": {"gamma_fc": 0.4336763489894583, "beta_enc": 0.015533275550835723, "beta_rec": 0.5934814081966372, "primacy": 0.7}, "datetime": {"delta": 21.176504, "datetime": "2020-11-23 14:58:02", "elapsed": 1179.299511}}
{"target": 7.470444444444444, "params": {"gamma_fc": 0.5778572152845355, "beta_enc": 0.31524480309537295, "beta_rec": 0.8928887085251513, "primacy": 0.7}, "datetime": {"delta": 21.198334, "datetime": "2020-11-23 14:58:24", "elapsed": 1200.497845}}
{"target": 7.089555555555556, "params": {"gamma_fc": 0.053909272073752956, "beta_enc": 0.7879292338255043, "beta_rec": 0.6120311770449339, "primacy": 0.7}, "datetime": {"delta": 20.438543, "datetime": "2020-11-23 14:58:44", "elapsed": 1220.936388}}
{"target": 7.076444444444445, "params": {"gamma_fc": 0.00040202489135743313, "beta_enc": 0.6790688365654296, "beta_rec": 0.9186017779775258, "primacy": 0.7}, "datetime": {"delta": 20.397887, "datetime": "2020-11-23 14:59:04", "elapsed": 1241.334275}}
{"target": 7.429333333333332, "params": {"gamma_fc": 0.604716100974053, "beta_enc": 0.37658031474577447, "beta_rec": 0.9737835383583225, "primacy": 0.7}, "datetime": {"delta": 21.058097, "datetime": "2020-11-23 14:59:25", "elapsed": 1262.392372}}
{"target": 7.302, "params": {"gamma_fc": 0.28557628169569393, "beta_enc": 0.5747115047081023, "beta_rec": 0.6280761983073504, "primacy": 0.7}, "datetime": {"delta": 20.838576, "datetime": "2020-11-23 14:59:46", "elapsed": 1283.230948}}
{"target": 6.662000000000001, "params": {"gamma_fc": 0.7550821884676802, "beta_enc": 0.7500217637026599, "beta_rec": 0.8583138364290424, "primacy": 0.7}, "datetime": {"delta": 19.770965, "datetime": "2020-11-23 15:00:06", "elapsed": 1303.001913}}
{"target": 4.693333333333333, "params": {"gamma_fc": 0.6707887907875872, "beta_enc": 0.8644794300545998, "beta_rec": 0.32268099683674645, "primacy": 0.7}, "datetime": {"delta": 16.335413, "datetime": "2020-11-23 15:00:22", "elapsed": 1319.337326}}
{"target": 7.406222222222222, "params": {"gamma_fc": 0.4014795834695406, "beta_enc": 0.3821027520315172, "beta_rec": 0.4108113499221856, "primacy": 0.7}, "datetime": {"delta": 21.038574, "datetime": "2020-11-23 15:00:43", "elapsed": 1340.3759}}
{"target": 6.5986666666666665, "params": {"gamma_fc": 0.9738020779272523, "beta_enc": 0.6219193679203014, "beta_rec": 0.43024727082126435, "primacy": 0.7}, "datetime": {"delta": 19.670689, "datetime": "2020-11-23 15:01:03", "elapsed": 1360.046589}}
{"target": 7.522666666666666, "params": {"gamma_fc": 0.343346239774423, "beta_enc": 0.19856988842711087, "beta_rec": 0.4267010093480328, "primacy": 0.7}, "datetime": {"delta": 21.249551, "datetime": "2020-11-23 15:01:24", "elapsed": 1381.29614}}
{"target": 6.057777777777778, "params": {"gamma_fc": 0.6627198123752622, "beta_enc": 0.8799982885634318, "beta_rec": 0.903841955826372, "primacy": 0.7}, "datetime": {"delta": 18.70029, "datetime": "2020-11-23 15:01:43", "elapsed": 1399.99643}}
{"target": 7.473999999999999, "params": {"gamma_fc": 0.5277146463087466, "beta_enc": 0.25236670150458973, "beta_rec": 0.8548979426974024, "primacy": 0.7}, "datetime": {"delta": 21.161346, "datetime": "2020-11-23 15:02:04", "elapsed": 1421.157776}}
{"target": 7.252222222222221, "params": {"gamma_fc": 0.5190116274640558, "beta_enc": 0.5724885171916063, "beta_rec": 0.7331425252875111, "primacy": 0.7}, "datetime": {"delta": 20.792185, "datetime": "2020-11-23 15:02:25", "elapsed": 1441.949961}}
{"target": 7.2411111111111115, "params": {"gamma_fc": 0.3426889079532818, "beta_enc": 0.5688579907047155, "beta_rec": 0.4657098785919809, "primacy": 0.7}, "datetime": {"delta": 20.757944, "datetime": "2020-11-23 15:02:46", "elapsed": 1462.707905}}
{"target": 7.171777777777779, "params": {"gamma_fc": 0.982817113730445, "beta_enc": 0.37792417932809985, "beta_rec": 0.07962607769825236, "primacy": 0.7}, "datetime": {"delta": 20.641619, "datetime": "2020-11-23 15:03:06", "elapsed": 1483.349524}}
{"target": 6.5139999999999985, "params": {"gamma_fc": 0.6884132523859433, "beta_enc": 0.8118586977205398, "beta_rec": 0.8749616449558981, "primacy": 0.7}, "datetime": {"delta": 19.482262, "datetime": "2020-11-23 15:03:26", "elapsed": 1502.831786}}
{"target": 7.518000000000001, "params": {"gamma_fc": 0.345172051155215, "beta_enc": 0.16097143681560877, "beta_rec": 0.4668800227633063, "primacy": 0.7}, "datetime": {"delta": 21.30711, "datetime": "2020-11-23 15:03:47", "elapsed": 1524.138896}}
{"target": 6.566, "params": {"gamma_fc": 0.9163055534683507, "beta_enc": 0.5925118687657968, "beta_rec": 0.31226983770191696, "primacy": 0.7}, "datetime": {"delta": 19.743781, "datetime": "2020-11-23 15:04:07", "elapsed": 1543.882677}}
{"target": 7.440666666666667, "params": {"gamma_fc": 0.19296273201911285, "beta_enc": 0.2571182937821962, "beta_rec": 0.1108913007440292, "primacy": 0.7}, "datetime": {"delta": 21.216926, "datetime": "2020-11-23 15:04:28", "elapsed": 1565.099603}}
{"target": 5.734666666666667, "params": {"gamma_fc": 0.24803355837723073, "beta_enc": 0.7285856679745962, "beta_rec": 0.20819443840879148, "primacy": 0.7}, "datetime": {"delta": 18.249634, "datetime": "2020-11-23 15:04:46", "elapsed": 1583.349237}}
{"target": 7.36088888888889, "params": {"gamma_fc": 0.23366613923925006, "beta_enc": 0.41584871826752734, "beta_rec": 0.6166850671552362, "primacy": 0.7}, "datetime": {"delta": 21.031959, "datetime": "2020-11-23 15:05:07", "elapsed": 1604.381196}}
{"target": 7.336888888888889, "params": {"gamma_fc": 0.15267164409316325, "beta_enc": 0.5158570169685298, "beta_rec": 0.47714098704978236, "primacy": 0.7}, "datetime": {"delta": 21.031385, "datetime": "2020-11-23 15:05:29", "elapsed": 1625.412581}}
{"target": 7.303333333333333, "params": {"gamma_fc": 0.1445455401246598, "beta_enc": 0.5440101188139381, "beta_rec": 0.6541373469707443, "primacy": 0.7}, "datetime": {"delta": 20.951327, "datetime": "2020-11-23 15:05:49", "elapsed": 1646.363908}}
{"target": 7.517555555555556, "params": {"gamma_fc": 0.7852960282216189, "beta_enc": 0.2220491397999227, "beta_rec": 0.519351824366033, "primacy": 0.7}, "datetime": {"delta": 21.326107, "datetime": "2020-11-23 15:06:11", "elapsed": 1667.690015}}
{"target": 7.455555555555554, "params": {"gamma_fc": 0.8447096076020696, "beta_enc": 0.3243624597261865, "beta_rec": 0.872922376400111, "primacy": 0.7}, "datetime": {"delta": 21.213463, "datetime": "2020-11-23 15:06:32", "elapsed": 1688.903478}}
{"target": 5.460666666666667, "params": {"gamma_fc": 0.8264069976293413, "beta_enc": 0.866608274166513, "beta_rec": 0.9498059913536265, "primacy": 0.7}, "datetime": {"delta": 17.788934, "datetime": "2020-11-23 15:06:50", "elapsed": 1706.692412}}
{"target": 7.553111111111112, "params": {"gamma_fc": 0.703516988152653, "beta_enc": 0.09874340182034835, "beta_rec": 0.651304332340991, "primacy": 0.7}, "datetime": {"delta": 21.427014, "datetime": "2020-11-23 15:07:11", "elapsed": 1728.119426}}
{"target": 4.283555555555555, "params": {"gamma_fc": 0.7702387345549799, "beta_enc": 0.799615261736028, "beta_rec": 0.03457121987163425, "primacy": 0.7}, "datetime": {"delta": 15.64093, "datetime": "2020-11-23 15:07:27", "elapsed": 1743.760356}}
{"target": 7.489333333333333, "params": {"gamma_fc": 0.6323033174301278, "beta_enc": 0.2596983932983531, "beta_rec": 0.2570692988221467, "primacy": 0.7}, "datetime": {"delta": 21.216581, "datetime": "2020-11-23 15:07:48", "elapsed": 1764.976937}}
