{"target": 7.875, "params": {"beta_enc": 0.8460545992364693, "gamma_fc": 0.3987155436290084, "beta_rec": 0.9275809425975434, "cue_position": 0.0, "gamma_cf": 0.5781739184085382}, "datetime": {"elapsed": 103.036607, "delta": 0.335694, "datetime": "2020-06-14 09:47:23"}}
{"target": 3.5, "params": {"beta_enc": 0.966612492642142, "gamma_fc": 0.548489089666104, "beta_rec": 0.15407917183235742, "cue_position": 0.0, "gamma_cf": 0.3110130678848415}, "datetime": {"elapsed": 103.281485, "delta": 0.244878, "datetime": "2020-06-14 09:47:23"}}
{"target": 4.75, "params": {"beta_enc": 0.6820662584328149, "gamma_fc": 0.7918638755846716, "beta_rec": 0.23646965132615538, "cue_position": 0.0, "gamma_cf": 0.508482013429616}, "datetime": {"elapsed": 103.551303, "delta": 0.269818, "datetime": "2020-06-14 09:47:23"}}
{"target": 3.5, "params": {"beta_enc": 0.6924144621670756, "gamma_fc": 0.9466766792396476, "beta_rec": 0.11897333717301484, "cue_position": 0.0, "gamma_cf": 0.47973756704915504}, "datetime": {"elapsed": 103.796555, "delta": 0.245252, "datetime": "2020-06-14 09:47:24"}}
{"target": 4.25, "params": {"beta_enc": 0.5534337062482657, "gamma_fc": 0.7059273667647191, "beta_rec": 0.08480182166035288, "cue_position": 0.0, "gamma_cf": 0.8542379729163827}, "datetime": {"elapsed": 104.057434, "delta": 0.260879, "datetime": "2020-06-14 09:47:24"}}
{"target": 3.5, "params": {"beta_enc": 0.8949395201529242, "gamma_fc": 0.5942908535866644, "beta_rec": 0.32914600179429976, "cue_position": 0.0, "gamma_cf": 0.6503981324841198}, "datetime": {"elapsed": 104.302883, "delta": 0.245449, "datetime": "2020-06-14 09:47:24"}}
{"target": 7.875, "params": {"beta_enc": 0.2314629355342478, "gamma_fc": 0.9866774449680826, "beta_rec": 0.4268213494482356, "cue_position": 0.0, "gamma_cf": 0.8456149622311454}, "datetime": {"elapsed": 104.640879, "delta": 0.337996, "datetime": "2020-06-14 09:47:24"}}
{"target": 7.5, "params": {"beta_enc": 0.06657080313237929, "gamma_fc": 0.258129649281871, "beta_rec": 0.7139280322669613, "cue_position": 0.0, "gamma_cf": 0.6254353783114329}, "datetime": {"elapsed": 104.967778, "delta": 0.326899, "datetime": "2020-06-14 09:47:25"}}
{"target": 3.75, "params": {"beta_enc": 0.6510076093084951, "gamma_fc": 0.9424988742262075, "beta_rec": 0.37114718446272954, "cue_position": 0.0, "gamma_cf": 0.9117631736977988}, "datetime": {"elapsed": 105.218004, "delta": 0.250226, "datetime": "2020-06-14 09:47:25"}}
{"target": 3.625, "params": {"beta_enc": 0.6135500265601355, "gamma_fc": 0.7510898073228061, "beta_rec": 0.21446778083069262, "cue_position": 0.0, "gamma_cf": 0.7504535467233241}, "datetime": {"elapsed": 105.465665, "delta": 0.247661, "datetime": "2020-06-14 09:47:25"}}
{"target": 6.25, "params": {"beta_enc": 0.2117213348484862, "gamma_fc": 0.7107395698995863, "beta_rec": 0.8301565261622993, "cue_position": 0.0, "gamma_cf": 0.6316207452501602}, "datetime": {"elapsed": 105.76987, "delta": 0.304205, "datetime": "2020-06-14 09:47:26"}}
{"target": 4.0, "params": {"beta_enc": 0.7423834297071017, "gamma_fc": 0.5874200192375769, "beta_rec": 0.39026470459958096, "cue_position": 0.0, "gamma_cf": 0.9029359021217099}, "datetime": {"elapsed": 106.027328, "delta": 0.257458, "datetime": "2020-06-14 09:47:26"}}
{"target": 7.375, "params": {"beta_enc": 0.09040971569479861, "gamma_fc": 0.12643089028968502, "beta_rec": 0.12897598414227607, "cue_position": 0.0, "gamma_cf": 0.17272746332288003}, "datetime": {"elapsed": 106.354739, "delta": 0.327411, "datetime": "2020-06-14 09:47:26"}}
{"target": 3.375, "params": {"beta_enc": 0.7783008900676276, "gamma_fc": 0.9735188608362936, "beta_rec": 0.039411512184444275, "cue_position": 0.0, "gamma_cf": 0.8790664013584655}, "datetime": {"elapsed": 106.598941, "delta": 0.244202, "datetime": "2020-06-14 09:47:26"}}
{"target": 10.625, "params": {"beta_enc": 0.6054220077270481, "gamma_fc": 0.31129608245616713, "beta_rec": 0.9762382645603884, "cue_position": 0.0, "gamma_cf": 0.9485727683760076}, "datetime": {"elapsed": 106.99058, "delta": 0.391639, "datetime": "2020-06-14 09:47:27"}}
{"target": 5.25, "params": {"beta_enc": 0.798972840361593, "gamma_fc": 0.9306443921654484, "beta_rec": 0.8106291034469015, "cue_position": 0.0, "gamma_cf": 0.45855081090250105}, "datetime": {"elapsed": 107.271579, "delta": 0.280999, "datetime": "2020-06-14 09:47:27"}}
{"target": 10.625, "params": {"beta_enc": 0.2578929844270399, "gamma_fc": 0.03264386596259239, "beta_rec": 0.9344454925295846, "cue_position": 0.0, "gamma_cf": 0.9854449149448306}, "datetime": {"elapsed": 107.662386, "delta": 0.390807, "datetime": "2020-06-14 09:47:27"}}
{"target": 4.5, "params": {"beta_enc": 0.7251666588327084, "gamma_fc": 0.3268306848663751, "beta_rec": 0.5655542353803811, "cue_position": 0.0, "gamma_cf": 0.259218125650737}, "datetime": {"elapsed": 107.928168, "delta": 0.265782, "datetime": "2020-06-14 09:47:28"}}
{"target": 9.125, "params": {"beta_enc": 0.24946220670138775, "gamma_fc": 0.08318988869699773, "beta_rec": 0.21926791032506077, "cue_position": 0.0, "gamma_cf": 0.5023950058982584}, "datetime": {"elapsed": 108.2899, "delta": 0.361732, "datetime": "2020-06-14 09:47:28"}}
{"target": 3.125, "params": {"beta_enc": 0.7769841920273803, "gamma_fc": 0.39994592398513173, "beta_rec": 0.5336490760837309, "cue_position": 0.0, "gamma_cf": 0.5153936931431213}, "datetime": {"elapsed": 108.529404, "delta": 0.239504, "datetime": "2020-06-14 09:47:28"}}
{"target": 1.625, "params": {"beta_enc": 0.986246782436295, "gamma_fc": 0.39091871150145807, "beta_rec": 0.02824262016291268, "cue_position": 0.0, "gamma_cf": 0.930854967759968}, "datetime": {"elapsed": 108.734013, "delta": 0.204609, "datetime": "2020-06-14 09:47:29"}}
{"target": 8.625, "params": {"beta_enc": 0.2144648711333198, "gamma_fc": 0.2539338558777352, "beta_rec": 0.619213297933239, "cue_position": 0.0, "gamma_cf": 0.8032081943280084}, "datetime": {"elapsed": 109.085531, "delta": 0.351518, "datetime": "2020-06-14 09:47:29"}}
{"target": 8.5, "params": {"beta_enc": 0.2908061550326779, "gamma_fc": 0.8628389805786156, "beta_rec": 0.915915790009957, "cue_position": 0.0, "gamma_cf": 0.5353808917305217}, "datetime": {"elapsed": 109.435205, "delta": 0.349674, "datetime": "2020-06-14 09:47:29"}}
{"target": 8.625, "params": {"beta_enc": 0.3525325688050618, "gamma_fc": 0.04157423394916726, "beta_rec": 0.9978842782249023, "cue_position": 0.0, "gamma_cf": 0.29481201179849537}, "datetime": {"elapsed": 109.788464, "delta": 0.353259, "datetime": "2020-06-14 09:47:30"}}
{"target": 1.375, "params": {"beta_enc": 0.9897069537867418, "gamma_fc": 0.7230933996660097, "beta_rec": 0.4648876309118224, "cue_position": 0.0, "gamma_cf": 0.6408076240458747}, "datetime": {"elapsed": 109.98937, "delta": 0.200906, "datetime": "2020-06-14 09:47:30"}}
{"target": 7.5, "params": {"beta_enc": 0.05111090382611627, "gamma_fc": 0.963915888684551, "beta_rec": 0.9200454054097137, "cue_position": 0.0, "gamma_cf": 0.5519950271541971}, "datetime": {"elapsed": 110.318095, "delta": 0.328725, "datetime": "2020-06-14 09:47:30"}}
{"target": 8.25, "params": {"beta_enc": 0.28095553699036746, "gamma_fc": 0.3006322885237481, "beta_rec": 0.6021466271365452, "cue_position": 0.0, "gamma_cf": 0.6280232317552282}, "datetime": {"elapsed": 110.661884, "delta": 0.343789, "datetime": "2020-06-14 09:47:30"}}
{"target": 6.375, "params": {"beta_enc": 0.8193583846560202, "gamma_fc": 0.15045502836766345, "beta_rec": 0.06978597850420853, "cue_position": 0.0, "gamma_cf": 0.049396384633314305}, "datetime": {"elapsed": 110.965739, "delta": 0.303855, "datetime": "2020-06-14 09:47:31"}}
{"target": 9.375, "params": {"beta_enc": 0.39535047379469035, "gamma_fc": 0.5276215084563493, "beta_rec": 0.9553899892571747, "cue_position": 0.0, "gamma_cf": 0.6475529858164272}, "datetime": {"elapsed": 111.331676, "delta": 0.365937, "datetime": "2020-06-14 09:47:31"}}
{"target": 7.875, "params": {"beta_enc": 0.353242405983059, "gamma_fc": 0.7131639731598145, "beta_rec": 0.19819922932019185, "cue_position": 0.0, "gamma_cf": 0.043821509727146934}, "datetime": {"elapsed": 111.667871, "delta": 0.336195, "datetime": "2020-06-14 09:47:31"}}
{"target": 7.0, "params": {"beta_enc": 0.6538401991962549, "gamma_fc": 0.9387191733689311, "beta_rec": 0.4437697927247224, "cue_position": 0.0, "gamma_cf": 0.10997597244532042}, "datetime": {"elapsed": 111.984676, "delta": 0.316805, "datetime": "2020-06-14 09:47:32"}}
{"target": 4.75, "params": {"beta_enc": 0.8476267092393875, "gamma_fc": 0.48215392215746744, "beta_rec": 0.6590356596658833, "cue_position": 0.0, "gamma_cf": 0.41656672901474745}, "datetime": {"elapsed": 112.253948, "delta": 0.269272, "datetime": "2020-06-14 09:47:32"}}
{"target": 3.75, "params": {"beta_enc": 0.9352837700068006, "gamma_fc": 0.8754038622793218, "beta_rec": 0.8635929549181026, "cue_position": 0.0, "gamma_cf": 0.554518498278167}, "datetime": {"elapsed": 112.502506, "delta": 0.248558, "datetime": "2020-06-14 09:47:32"}}
{"target": 4.0, "params": {"beta_enc": 0.9492644337722901, "gamma_fc": 0.91802831908618, "beta_rec": 0.639184755868246, "cue_position": 0.0, "gamma_cf": 0.35162490636044264}, "datetime": {"elapsed": 112.759137, "delta": 0.256631, "datetime": "2020-06-14 09:47:33"}}
{"target": 3.625, "params": {"beta_enc": 0.8367520498538312, "gamma_fc": 0.8084113566061418, "beta_rec": 0.5520558812247628, "cue_position": 0.0, "gamma_cf": 0.8498718814403323}, "datetime": {"elapsed": 113.007083, "delta": 0.247946, "datetime": "2020-06-14 09:47:33"}}
{"target": 8.375, "params": {"beta_enc": 0.13069282439738805, "gamma_fc": 0.4207131990251918, "beta_rec": 0.5360025748218121, "cue_position": 0.0, "gamma_cf": 0.7708318305538303}, "datetime": {"elapsed": 113.352615, "delta": 0.345532, "datetime": "2020-06-14 09:47:33"}}
{"target": 1.25, "params": {"beta_enc": 0.9778803933599658, "gamma_fc": 0.8087153481852897, "beta_rec": 0.25077315667300226, "cue_position": 0.0, "gamma_cf": 0.954200507429589}, "datetime": {"elapsed": 113.550318, "delta": 0.197703, "datetime": "2020-06-14 09:47:33"}}
{"target": 1.75, "params": {"beta_enc": 0.9003400045106619, "gamma_fc": 0.2959350518874113, "beta_rec": 0.011589589409895185, "cue_position": 0.0, "gamma_cf": 0.2355219566098693}, "datetime": {"elapsed": 113.758405, "delta": 0.208087, "datetime": "2020-06-14 09:47:34"}}
{"target": 6.125, "params": {"beta_enc": 0.7379954964038409, "gamma_fc": 0.5846916130045258, "beta_rec": 0.7240848448640741, "cue_position": 0.0, "gamma_cf": 0.3652744612070937}, "datetime": {"elapsed": 114.057284, "delta": 0.298879, "datetime": "2020-06-14 09:47:34"}}
{"target": 6.875, "params": {"beta_enc": 0.5337077546342763, "gamma_fc": 0.7717184824154584, "beta_rec": 0.550579559007862, "cue_position": 0.0, "gamma_cf": 0.39564827226754884}, "datetime": {"elapsed": 114.373118, "delta": 0.315834, "datetime": "2020-06-14 09:47:34"}}
{"target": 8.125, "params": {"beta_enc": 0.2512031833493866, "gamma_fc": 0.7233610443943062, "beta_rec": 0.655760767903366, "cue_position": 0.0, "gamma_cf": 0.0035547604644260433}, "datetime": {"elapsed": 114.715489, "delta": 0.342371, "datetime": "2020-06-14 09:47:35"}}
{"target": 8.0, "params": {"beta_enc": 0.10899503392964371, "gamma_fc": 0.9138438752466082, "beta_rec": 0.5437874916638252, "cue_position": 0.0, "gamma_cf": 0.24294712577080113}, "datetime": {"elapsed": 115.054063, "delta": 0.338574, "datetime": "2020-06-14 09:47:35"}}
{"target": 8.75, "params": {"beta_enc": 0.6223125286916178, "gamma_fc": 0.5552253185313445, "beta_rec": 0.23169469139485988, "cue_position": 0.0, "gamma_cf": 0.10550707999733477}, "datetime": {"elapsed": 115.408278, "delta": 0.354215, "datetime": "2020-06-14 09:47:35"}}
{"target": 6.5, "params": {"beta_enc": 0.0949560698024915, "gamma_fc": 0.71582695285818, "beta_rec": 0.5809840726750195, "cue_position": 0.0, "gamma_cf": 0.6494668079547463}, "datetime": {"elapsed": 115.715454, "delta": 0.307176, "datetime": "2020-06-14 09:47:36"}}
{"target": 7.125, "params": {"beta_enc": 0.5241856145686612, "gamma_fc": 0.6196819920538628, "beta_rec": 0.6575214077031101, "cue_position": 0.0, "gamma_cf": 0.8075122716430321}, "datetime": {"elapsed": 116.035833, "delta": 0.320379, "datetime": "2020-06-14 09:47:36"}}
{"target": 7.875, "params": {"beta_enc": 0.45110246212077487, "gamma_fc": 0.18493502237340165, "beta_rec": 0.40794998904736746, "cue_position": 0.0, "gamma_cf": 0.7029317321143713}, "datetime": {"elapsed": 116.371092, "delta": 0.335259, "datetime": "2020-06-14 09:47:36"}}
{"target": 7.875, "params": {"beta_enc": 0.5657321466292633, "gamma_fc": 0.8202024663153499, "beta_rec": 0.9088080323000569, "cue_position": 0.0, "gamma_cf": 0.8455176755307064}, "datetime": {"elapsed": 116.706489, "delta": 0.335397, "datetime": "2020-06-14 09:47:37"}}
{"target": 4.375, "params": {"beta_enc": 0.4993411012978345, "gamma_fc": 0.04415479603186245, "beta_rec": 0.0375838514857032, "cue_position": 0.0, "gamma_cf": 0.9226386946886712}, "datetime": {"elapsed": 116.968508, "delta": 0.262019, "datetime": "2020-06-14 09:47:37"}}
{"target": 9.5, "params": {"beta_enc": 0.3724987664053595, "gamma_fc": 0.15597523304342242, "beta_rec": 0.6190396347254709, "cue_position": 0.0, "gamma_cf": 0.9810797572402973}, "datetime": {"elapsed": 117.338479, "delta": 0.369971, "datetime": "2020-06-14 09:47:37"}}
{"target": 6.625, "params": {"beta_enc": 0.5396791951612744, "gamma_fc": 0.49100852913292925, "beta_rec": 0.6180113243466446, "cue_position": 0.0, "gamma_cf": 0.4663089892093414}, "datetime": {"elapsed": 117.649098, "delta": 0.310619, "datetime": "2020-06-14 09:47:37"}}
{"target": 8.75, "params": {"beta_enc": 0.766862376326542, "gamma_fc": 0.45337742652219837, "beta_rec": 0.6342807527738734, "cue_position": 0.0, "gamma_cf": 0.6669425431939752}, "datetime": {"elapsed": 118.003867, "delta": 0.354769, "datetime": "2020-06-14 09:47:38"}}
{"target": 5.75, "params": {"beta_enc": 0.5257115913414097, "gamma_fc": 0.6028653375383973, "beta_rec": 0.6585680415583619, "cue_position": 0.0, "gamma_cf": 0.7880495511723071}, "datetime": {"elapsed": 118.294329, "delta": 0.290462, "datetime": "2020-06-14 09:47:38"}}
{"target": 1.75, "params": {"beta_enc": 0.9803328851373277, "gamma_fc": 0.6014334096987881, "beta_rec": 0.22238319353117575, "cue_position": 0.0, "gamma_cf": 0.8956418025994466}, "datetime": {"elapsed": 118.502221, "delta": 0.207892, "datetime": "2020-06-14 09:47:38"}}
{"target": 3.625, "params": {"beta_enc": 0.725958845848815, "gamma_fc": 0.20018606573932207, "beta_rec": 0.41367016420136027, "cue_position": 0.0, "gamma_cf": 0.9460550298475632}, "datetime": {"elapsed": 118.748791, "delta": 0.24657, "datetime": "2020-06-14 09:47:39"}}
{"target": 6.875, "params": {"beta_enc": 0.8073652638773204, "gamma_fc": 0.11737692031312974, "beta_rec": 0.9695380120998964, "cue_position": 0.0, "gamma_cf": 0.21520958659442757}, "datetime": {"elapsed": 119.064058, "delta": 0.315267, "datetime": "2020-06-14 09:47:39"}}
{"target": 4.875, "params": {"beta_enc": 0.7674235177414532, "gamma_fc": 0.9052027659330404, "beta_rec": 0.08121658594273329, "cue_position": 0.0, "gamma_cf": 0.38961201587930516}, "datetime": {"elapsed": 119.338249, "delta": 0.274191, "datetime": "2020-06-14 09:47:39"}}
{"target": 7.25, "params": {"beta_enc": 0.18857760349946784, "gamma_fc": 0.4621580966913571, "beta_rec": 0.44087219982229087, "cue_position": 0.0, "gamma_cf": 0.5952697806732562}, "datetime": {"elapsed": 119.65975, "delta": 0.321501, "datetime": "2020-06-14 09:47:39"}}
{"target": 7.625, "params": {"beta_enc": 0.5126497467571176, "gamma_fc": 0.11396576145918635, "beta_rec": 0.5738855268923474, "cue_position": 0.0, "gamma_cf": 0.1935589577238105}, "datetime": {"elapsed": 119.990165, "delta": 0.330415, "datetime": "2020-06-14 09:47:40"}}
{"target": 8.875, "params": {"beta_enc": 0.151227927370148, "gamma_fc": 0.35911933892411074, "beta_rec": 0.0524909638531339, "cue_position": 0.0, "gamma_cf": 0.8477210140360106}, "datetime": {"elapsed": 120.348883, "delta": 0.358718, "datetime": "2020-06-14 09:47:40"}}
{"target": 8.75, "params": {"beta_enc": 0.07531087263581782, "gamma_fc": 0.81072123360737, "beta_rec": 0.42572441198511624, "cue_position": 0.0, "gamma_cf": 0.4254034655756376}, "datetime": {"elapsed": 120.704065, "delta": 0.355182, "datetime": "2020-06-14 09:47:41"}}
{"target": 5.125, "params": {"beta_enc": 0.9418862461867052, "gamma_fc": 0.6826980429032513, "beta_rec": 0.8699107732683544, "cue_position": 0.0, "gamma_cf": 0.4702989247821753}, "datetime": {"elapsed": 120.984823, "delta": 0.280758, "datetime": "2020-06-14 09:47:41"}}
{"target": 8.625, "params": {"beta_enc": 0.013418310556529534, "gamma_fc": 0.8071099016661061, "beta_rec": 0.9824781185020439, "cue_position": 0.0, "gamma_cf": 0.9062603959616818}, "datetime": {"elapsed": 121.335437, "delta": 0.350614, "datetime": "2020-06-14 09:47:41"}}
{"target": 3.5, "params": {"beta_enc": 0.8001396843869877, "gamma_fc": 0.8493711007306549, "beta_rec": 0.2689360577850649, "cue_position": 0.0, "gamma_cf": 0.42880069291408873}, "datetime": {"elapsed": 121.58103, "delta": 0.245593, "datetime": "2020-06-14 09:47:41"}}
{"target": 6.5, "params": {"beta_enc": 0.45037964247172024, "gamma_fc": 0.9806990363557802, "beta_rec": 0.9354201140070618, "cue_position": 0.0, "gamma_cf": 0.6193921656967597}, "datetime": {"elapsed": 121.889022, "delta": 0.307992, "datetime": "2020-06-14 09:47:42"}}
{"target": 3.375, "params": {"beta_enc": 0.6434625222408049, "gamma_fc": 0.5321815485216747, "beta_rec": 0.04549821604060378, "cue_position": 0.0, "gamma_cf": 0.3347513437136638}, "datetime": {"elapsed": 122.133603, "delta": 0.244581, "datetime": "2020-06-14 09:47:42"}}
{"target": 7.125, "params": {"beta_enc": 0.2847462086131314, "gamma_fc": 0.8671392999990885, "beta_rec": 0.1222612302300028, "cue_position": 0.0, "gamma_cf": 0.6813597548913063}, "datetime": {"elapsed": 122.454312, "delta": 0.320709, "datetime": "2020-06-14 09:47:42"}}
{"target": 11.0, "params": {"beta_enc": 0.13238149356273743, "gamma_fc": 0.20492214578063384, "beta_rec": 0.798620308278031, "cue_position": 0.0, "gamma_cf": 0.6465499357511519}, "datetime": {"elapsed": 122.854317, "delta": 0.400005, "datetime": "2020-06-14 09:47:43"}}
{"target": 8.375, "params": {"beta_enc": 0.2614207144058379, "gamma_fc": 0.4674598920453694, "beta_rec": 0.41849681753917567, "cue_position": 0.0, "gamma_cf": 0.477437955592217}, "datetime": {"elapsed": 123.199255, "delta": 0.344938, "datetime": "2020-06-14 09:47:43"}}
{"target": 3.625, "params": {"beta_enc": 0.8398407101976674, "gamma_fc": 0.5710087619370731, "beta_rec": 0.8701023653075677, "cue_position": 0.0, "gamma_cf": 0.8778014186346996}, "datetime": {"elapsed": 123.44599, "delta": 0.246735, "datetime": "2020-06-14 09:47:43"}}
{"target": 3.875, "params": {"beta_enc": 0.9640361333390818, "gamma_fc": 0.681204184117019, "beta_rec": 0.6065443482504677, "cue_position": 0.0, "gamma_cf": 0.31929773707461884}, "datetime": {"elapsed": 123.699529, "delta": 0.253539, "datetime": "2020-06-14 09:47:43"}}
{"target": 7.0, "params": {"beta_enc": 0.051965688505360985, "gamma_fc": 0.1753325917713383, "beta_rec": 0.13454642101194225, "cue_position": 0.0, "gamma_cf": 0.6552012872247357}, "datetime": {"elapsed": 124.019823, "delta": 0.320294, "datetime": "2020-06-14 09:47:44"}}
{"target": 6.25, "params": {"beta_enc": 0.3411468232515472, "gamma_fc": 0.5091394025163677, "beta_rec": 0.04431165583310459, "cue_position": 0.0, "gamma_cf": 0.9642243248492941}, "datetime": {"elapsed": 124.32333, "delta": 0.303507, "datetime": "2020-06-14 09:47:44"}}
{"target": 5.875, "params": {"beta_enc": 0.15107451847143194, "gamma_fc": 0.39206586893038686, "beta_rec": 0.5230085317344643, "cue_position": 0.0, "gamma_cf": 0.865686014006334}, "datetime": {"elapsed": 124.617921, "delta": 0.294591, "datetime": "2020-06-14 09:47:44"}}
{"target": 7.125, "params": {"beta_enc": 0.28386751597340265, "gamma_fc": 0.08408635417992949, "beta_rec": 0.7617298626927418, "cue_position": 0.0, "gamma_cf": 0.2542323546573524}, "datetime": {"elapsed": 124.937389, "delta": 0.319468, "datetime": "2020-06-14 09:47:45"}}
{"target": 2.75, "params": {"beta_enc": 0.8641440947640269, "gamma_fc": 0.7964888671311956, "beta_rec": 0.44789891562027984, "cue_position": 0.0, "gamma_cf": 0.7367109576935199}, "datetime": {"elapsed": 125.168167, "delta": 0.230778, "datetime": "2020-06-14 09:47:45"}}
{"target": 11.125, "params": {"beta_enc": 0.44750813899031383, "gamma_fc": 0.9467282696079524, "beta_rec": 0.18412755617579835, "cue_position": 0.0, "gamma_cf": 0.030997959828255817}, "datetime": {"elapsed": 125.569425, "delta": 0.401258, "datetime": "2020-06-14 09:47:45"}}
{"target": 8.5, "params": {"beta_enc": 0.5769778464775016, "gamma_fc": 0.2961299234959044, "beta_rec": 0.875388738450687, "cue_position": 0.0, "gamma_cf": 0.2516595841523237}, "datetime": {"elapsed": 125.916341, "delta": 0.346916, "datetime": "2020-06-14 09:47:46"}}
{"target": 9.125, "params": {"beta_enc": 0.5329225590316532, "gamma_fc": 0.3437881034368444, "beta_rec": 0.9620782128470935, "cue_position": 0.0, "gamma_cf": 0.509898378143109}, "datetime": {"elapsed": 126.279206, "delta": 0.362865, "datetime": "2020-06-14 09:47:46"}}
{"target": 7.5, "params": {"beta_enc": 0.7697253449571857, "gamma_fc": 0.06708946032885532, "beta_rec": 0.802866486432424, "cue_position": 0.0, "gamma_cf": 0.20412249999433585}, "datetime": {"elapsed": 126.606745, "delta": 0.327539, "datetime": "2020-06-14 09:47:46"}}
{"target": 9.0, "params": {"beta_enc": 0.1986482644205615, "gamma_fc": 0.1282309388454863, "beta_rec": 0.2724008501293822, "cue_position": 0.0, "gamma_cf": 0.8730834972744356}, "datetime": {"elapsed": 126.967605, "delta": 0.36086, "datetime": "2020-06-14 09:47:47"}}
{"target": 3.875, "params": {"beta_enc": 0.958188741714896, "gamma_fc": 0.41610077261814205, "beta_rec": 0.6831708438541465, "cue_position": 0.0, "gamma_cf": 0.9828807859209906}, "datetime": {"elapsed": 127.223074, "delta": 0.255469, "datetime": "2020-06-14 09:47:47"}}
