{"target": -10017.017498716219, "params": {"epsilon_d": 2.4619973998315796, "phi_d": 1.6166654175398132, "beta_rec": 0.5637498846609271, "gamma_cf": 0.8399697763448607, "k_intra": 9.655770370127463, "gamma_fc": 0.7892658930609454, "s_cf": 2.8161893668783122, "beta_enc": 0.42447367449681483, "phi_s": 0.4089215081727199}, "datetime": {"delta": 10.466268, "elapsed": 3862.087042, "datetime": "2020-04-27 11:36:29"}}
{"target": -9730.230438887646, "params": {"epsilon_d": 8.3793925461155, "phi_d": 1.8843662922516389, "beta_rec": 0.5444637191871372, "gamma_cf": 0.881702750262007, "k_intra": 5.71682723065375, "gamma_fc": 0.7984730236302079, "s_cf": 1.904428245310408, "beta_enc": 0.8508123905467142, "phi_s": 2.5487329796657403}, "datetime": {"delta": 10.354975, "elapsed": 3872.442017, "datetime": "2020-04-27 11:36:39"}}
{"target": -9447.182276351654, "params": {"epsilon_d": 5.3669361257660775, "phi_d": 2.0533434241304924, "beta_rec": 0.6915192747116143, "gamma_cf": 0.26332073419429947, "k_intra": 2.362622635386137, "gamma_fc": 0.10070788737667279, "s_cf": 2.5090374507976465, "beta_enc": 0.2858319632688685, "phi_s": 2.6471285790747396}, "datetime": {"delta": 10.487362, "elapsed": 3882.929379, "datetime": "2020-04-27 11:36:50"}}
{"target": -9804.90097742988, "params": {"epsilon_d": 7.63976388760215, "phi_d": 0.38576313085760383, "beta_rec": 0.07121786702488597, "gamma_cf": 0.2849048887810949, "k_intra": 0.029983003078232727, "gamma_fc": 0.3446227472469592, "s_cf": 0.56214459806467, "beta_enc": 0.19729664702965938, "phi_s": 0.49323143743782405}, "datetime": {"delta": 10.382748, "elapsed": 3893.312127, "datetime": "2020-04-27 11:37:00"}}
{"target": -10691.385547500851, "params": {"epsilon_d": 8.14175134214763, "phi_d": 1.5161689425493012, "beta_rec": 0.8141544011423478, "gamma_cf": 0.9099986227202799, "k_intra": 7.090017974370683, "gamma_fc": 0.4992328347583004, "s_cf": 0.33325115851168663, "beta_enc": 0.5007822423538287, "phi_s": 0.24454341859011086}, "datetime": {"delta": 10.481898, "elapsed": 3903.794025, "datetime": "2020-04-27 11:37:11"}}
{"target": -10872.946412606956, "params": {"epsilon_d": 6.949980569840169, "phi_d": 0.22554146653433166, "beta_rec": 0.9816235664501544, "gamma_cf": 0.2680807810991347, "k_intra": 6.61684788247188, "gamma_fc": 0.7356369200961845, "s_cf": 2.343811151866652, "beta_enc": 0.32134810169452516, "phi_s": 1.14831399546104}, "datetime": {"delta": 10.344023, "elapsed": 3914.138048, "datetime": "2020-04-27 11:37:21"}}
{"target": -11321.674117518014, "params": {"epsilon_d": 9.315596132920126, "phi_d": 2.151923848713447, "beta_rec": 0.884395678364194, "gamma_cf": 0.8531002038386508, "k_intra": 5.656083082202099, "gamma_fc": 0.2056398436908532, "s_cf": 0.3777504849694574, "beta_enc": 0.17067062335069322, "phi_s": 2.67514226082651}, "datetime": {"delta": 10.426325, "elapsed": 3924.564373, "datetime": "2020-04-27 11:37:31"}}
{"target": -9479.80888850742, "params": {"epsilon_d": 5.963645119082546, "phi_d": 1.8613919629517373, "beta_rec": 0.2780885300356151, "gamma_cf": 0.7198237298029823, "k_intra": 2.953701841498706, "gamma_fc": 0.7993172344243759, "s_cf": 2.995118575824962, "beta_enc": 0.8341935260943956, "phi_s": 0.9336713351867584}, "datetime": {"delta": 10.421629, "elapsed": 3934.986002, "datetime": "2020-04-27 11:37:42"}}
{"target": -9569.636857572665, "params": {"epsilon_d": 8.803507638075935, "phi_d": 0.9550215142705348, "beta_rec": 0.4140365184777405, "gamma_cf": 0.7325278649969429, "k_intra": 1.724390835526773, "gamma_fc": 0.9358722376549804, "s_cf": 1.0221449918682668, "beta_enc": 0.8330550471481156, "phi_s": 0.3718363606164624}, "datetime": {"delta": 10.411141, "elapsed": 3945.397143, "datetime": "2020-04-27 11:37:52"}}
{"target": -9230.589761538296, "params": {"epsilon_d": 4.768047389650969, "phi_d": 1.1994555480485594, "beta_rec": 0.6327492683647916, "gamma_cf": 0.7176972138789692, "k_intra": 1.7388366246300229, "gamma_fc": 0.34230118015154304, "s_cf": 1.3241670466659174, "beta_enc": 0.4430697523718842, "phi_s": 1.3704361685407782}, "datetime": {"delta": 10.493727, "elapsed": 3955.89087, "datetime": "2020-04-27 11:38:03"}}
{"target": -9542.18671892974, "params": {"epsilon_d": 3.5852296866820534, "phi_d": 1.768738465624436, "beta_rec": 0.2696400616451196, "gamma_cf": 0.21528813919731066, "k_intra": 3.9046553544027787, "gamma_fc": 0.4347307102638456, "s_cf": 0.8525276946727595, "beta_enc": 0.9222127179953725, "phi_s": 0.9072584380050848}, "datetime": {"delta": 10.398546, "elapsed": 3966.289416, "datetime": "2020-04-27 11:38:13"}}
{"target": -9410.834036374174, "params": {"epsilon_d": 1.3087585136780713, "phi_d": 0.7206283408522148, "beta_rec": 0.9101876897017872, "gamma_cf": 0.18237074185290983, "k_intra": 6.839240751216926, "gamma_fc": 0.21979868038831285, "s_cf": 0.6848683309286507, "beta_enc": 0.7471552555508715, "phi_s": 1.8532576495884838}, "datetime": {"delta": 10.493852, "elapsed": 3976.783268, "datetime": "2020-04-27 11:38:24"}}
{"target": -10323.225784568864, "params": {"epsilon_d": 6.729205970390174, "phi_d": 1.941731804380642, "beta_rec": 0.31617552154497225, "gamma_cf": 0.14881868944628063, "k_intra": 2.979442038563747, "gamma_fc": 0.3753509023775444, "s_cf": 2.551221074861089, "beta_enc": 0.8359814743238121, "phi_s": 2.074553528657676}, "datetime": {"delta": 10.345258, "elapsed": 3987.128526, "datetime": "2020-04-27 11:38:34"}}
{"target": -9627.755317212359, "params": {"epsilon_d": 7.14820008256566, "phi_d": 0.5259398655954569, "beta_rec": 0.7604537213300079, "gamma_cf": 0.5575881596860648, "k_intra": 0.9090510792966451, "gamma_fc": 0.685146687684116, "s_cf": 2.1629749960729723, "beta_enc": 0.26501221609203096, "phi_s": 1.305157990078244}, "datetime": {"delta": 10.433447, "elapsed": 3997.561973, "datetime": "2020-04-27 11:38:44"}}
{"target": -9916.098959059875, "params": {"epsilon_d": 5.0296649434855185, "phi_d": 2.9540635531064754, "beta_rec": 0.38904024131038595, "gamma_cf": 0.9350522223405173, "k_intra": 8.291784834576479, "gamma_fc": 0.14967662378905502, "s_cf": 2.681166180944865, "beta_enc": 0.25103904726123494, "phi_s": 0.8750905792076776}, "datetime": {"delta": 10.342402, "elapsed": 4007.904375, "datetime": "2020-04-27 11:38:55"}}
{"target": -8956.83822683315, "params": {"epsilon_d": 4.652587943192438, "phi_d": 0.5311861117283682, "beta_rec": 0.7990275974468121, "gamma_cf": 0.5976488880119823, "k_intra": 6.879273471986542, "gamma_fc": 0.3130006390885922, "s_cf": 1.533553898577638, "beta_enc": 0.36127012489786825, "phi_s": 1.7230908471051416}, "datetime": {"delta": 10.438436, "elapsed": 4018.342811, "datetime": "2020-04-27 11:39:05"}}
{"target": -10862.812270861483, "params": {"epsilon_d": 7.86883650386862, "phi_d": 1.3135463653431323, "beta_rec": 0.48152036852219565, "gamma_cf": 0.40035427730510215, "k_intra": 7.874399092412295, "gamma_fc": 0.37711534008781467, "s_cf": 1.774235340840554, "beta_enc": 0.8534853963544777, "phi_s": 1.5406215775186716}, "datetime": {"delta": 10.321532, "elapsed": 4028.664343, "datetime": "2020-04-27 11:39:16"}}
{"target": -14768.605437827799, "params": {"epsilon_d": 4.120814736540018, "phi_d": 0.41429877492204126, "beta_rec": 0.5813618426292567, "gamma_cf": 0.16067076982639183, "k_intra": 8.833495888301828, "gamma_fc": 0.731900174422698, "s_cf": 2.8101529650192014, "beta_enc": 0.8376991641003957, "phi_s": 1.4520205298579365}, "datetime": {"delta": 10.457708, "elapsed": 4039.122051, "datetime": "2020-04-27 11:39:26"}}
{"target": -9517.170917840842, "params": {"epsilon_d": 0.7284079437936143, "phi_d": 2.873457710175855, "beta_rec": 0.5452989887556196, "gamma_cf": 0.5353466496108745, "k_intra": 1.4744525378751139, "gamma_fc": 0.6890871734379442, "s_cf": 2.0543853813180317, "beta_enc": 0.6071582507276537, "phi_s": 0.6688372966356939}, "datetime": {"delta": 10.358745, "elapsed": 4049.480796, "datetime": "2020-04-27 11:39:36"}}
{"target": -9435.732809244691, "params": {"epsilon_d": 2.6829179565793364, "phi_d": 2.2097612713099624, "beta_rec": 0.10851999074849139, "gamma_cf": 0.33421841833472293, "k_intra": 2.351220869580858, "gamma_fc": 0.5182586895079204, "s_cf": 2.393829228536153, "beta_enc": 0.3469070380673796, "phi_s": 2.440854195869626}, "datetime": {"delta": 10.414447, "elapsed": 4059.895243, "datetime": "2020-04-27 11:39:47"}}
{"target": -9175.265849938709, "params": {"epsilon_d": 2.18353213130269, "phi_d": 2.000630003799178, "beta_rec": 0.26971628183640656, "gamma_cf": 0.1092174154085908, "k_intra": 0.8817937353585678, "gamma_fc": 0.45701299126247763, "s_cf": 2.291336513679541, "beta_enc": 0.7441736935521103, "phi_s": 2.854503851651013}, "datetime": {"delta": 10.384245, "elapsed": 4070.279488, "datetime": "2020-04-27 11:39:57"}}
{"target": -13686.977529601783, "params": {"epsilon_d": 3.415399414884834, "phi_d": 2.1779351921150396, "beta_rec": 0.020579200593530116, "gamma_cf": 0.9928768691433606, "k_intra": 7.377702909953341, "gamma_fc": 0.38154857317930124, "s_cf": 1.1661735672419473, "beta_enc": 0.20520255438855323, "phi_s": 1.7604170333163156}, "datetime": {"delta": 10.385829, "elapsed": 4080.665317, "datetime": "2020-04-27 11:40:08"}}
{"target": -9604.252275804549, "params": {"epsilon_d": 0.7523483230507427, "phi_d": 2.168770862755385, "beta_rec": 0.9800012165219913, "gamma_cf": 0.23630412916190627, "k_intra": 9.095938501288229, "gamma_fc": 0.378009523459105, "s_cf": 0.5770537785221228, "beta_enc": 0.2874391246270793, "phi_s": 0.8695783656902367}, "datetime": {"delta": 10.505127, "elapsed": 4091.170444, "datetime": "2020-04-27 11:40:18"}}
{"target": -10715.71002599834, "params": {"epsilon_d": 0.4800355765664033, "phi_d": 2.054170442961443, "beta_rec": 0.7938037541185964, "gamma_cf": 0.879312913512225, "k_intra": 4.5807965978938565, "gamma_fc": 0.629145770689415, "s_cf": 1.0579314900620185, "beta_enc": 0.8924476721738781, "phi_s": 0.21438411575262395}, "datetime": {"delta": 10.343904, "elapsed": 4101.514348, "datetime": "2020-04-27 11:40:28"}}
{"target": -9324.175878897415, "params": {"epsilon_d": 4.040315980641343, "phi_d": 0.23488677857647972, "beta_rec": 0.6836691010345721, "gamma_cf": 0.4790061963647635, "k_intra": 7.88506225592213, "gamma_fc": 0.36082300527313493, "s_cf": 1.8127279991007463, "beta_enc": 0.17924357602841684, "phi_s": 0.9152643744551889}, "datetime": {"delta": 10.460603, "elapsed": 4111.974951, "datetime": "2020-04-27 11:40:39"}}
{"target": -9201.460042694987, "params": {"epsilon_d": 7.33183781967099, "phi_d": 1.5500359555594887, "beta_rec": 0.601639175978363, "gamma_cf": 0.023625562086340344, "k_intra": 0.4304966808253042, "gamma_fc": 0.3294312303776887, "s_cf": 0.13923847350513494, "beta_enc": 0.8111201521910851, "phi_s": 2.9685068588082433}, "datetime": {"delta": 10.370323, "elapsed": 4122.345274, "datetime": "2020-04-27 11:40:49"}}
{"target": -9909.508638827117, "params": {"epsilon_d": 6.167597331360534, "phi_d": 2.5028694001680445, "beta_rec": 0.00488593946407395, "gamma_cf": 0.1834403902554569, "k_intra": 1.60488863460975, "gamma_fc": 0.7414676054114754, "s_cf": 1.1214271941126572, "beta_enc": 0.49679113450352996, "phi_s": 0.6979166748292716}, "datetime": {"delta": 10.530855, "elapsed": 4132.876129, "datetime": "2020-04-27 11:41:00"}}
{"target": -9560.081941715796, "params": {"epsilon_d": 4.953672560338093, "phi_d": 2.3521795385480435, "beta_rec": 0.8077037240024011, "gamma_cf": 0.8738461225360354, "k_intra": 4.994591522546731, "gamma_fc": 0.21707737542829397, "s_cf": 2.052795417564169, "beta_enc": 0.3075206247309422, "phi_s": 2.945509489494296}, "datetime": {"delta": 10.411124, "elapsed": 4143.287253, "datetime": "2020-04-27 11:41:10"}}
{"target": -13364.108209768294, "params": {"epsilon_d": 0.8388886297163247, "phi_d": 1.5288904064438609, "beta_rec": 0.7597969782524479, "gamma_cf": 0.762796186474408, "k_intra": 5.596505063957152, "gamma_fc": 0.8450337078297749, "s_cf": 0.1002811569942569, "beta_enc": 0.26470106180825836, "phi_s": 2.815929525763137}, "datetime": {"delta": 10.501214, "elapsed": 4153.788467, "datetime": "2020-04-27 11:41:21"}}
{"target": -9681.823363338559, "params": {"epsilon_d": 5.106196986260319, "phi_d": 0.68686530477444, "beta_rec": 0.25202622800312563, "gamma_cf": 0.5404626088310401, "k_intra": 2.9341866381999155, "gamma_fc": 0.4341631816222359, "s_cf": 1.016176423287633, "beta_enc": 0.1086102049406596, "phi_s": 2.42081749374876}, "datetime": {"delta": 10.382344, "elapsed": 4164.170811, "datetime": "2020-04-27 11:41:31"}}
{"target": -9137.616947431101, "params": {"epsilon_d": 6.16235353035514, "phi_d": 1.507116695817343, "beta_rec": 0.811309762614833, "gamma_cf": 0.4086676353275072, "k_intra": 3.98254437757253, "gamma_fc": 0.2592138001243847, "s_cf": 0.9241657201696981, "beta_enc": 0.5432211869924072, "phi_s": 2.972695318435904}, "datetime": {"delta": 10.504919, "elapsed": 4174.67573, "datetime": "2020-04-27 11:41:42"}}
{"target": -9155.409136797183, "params": {"epsilon_d": 2.193526709132844, "phi_d": 2.674007497215804, "beta_rec": 0.22065345596409258, "gamma_cf": 0.0761400858057041, "k_intra": 2.854492907658518, "gamma_fc": 0.42841692858110825, "s_cf": 0.41628837485730263, "beta_enc": 0.24907570883130867, "phi_s": 2.362752868873615}, "datetime": {"delta": 10.417738, "elapsed": 4185.093468, "datetime": "2020-04-27 11:41:52"}}
{"target": -12654.208069204693, "params": {"epsilon_d": 7.23005669307492, "phi_d": 2.636242893167592, "beta_rec": 0.10968764704846566, "gamma_cf": 0.5728670154913063, "k_intra": 9.054227080412893, "gamma_fc": 0.17812754584073165, "s_cf": 1.1717453298402138, "beta_enc": 0.8654531458306683, "phi_s": 2.547170020949588}, "datetime": {"delta": 10.462479, "elapsed": 4195.555947, "datetime": "2020-04-27 11:42:02"}}
{"target": -13541.336175054861, "params": {"epsilon_d": 8.19164981824709, "phi_d": 1.6323156204963507, "beta_rec": 0.9971119436933104, "gamma_cf": 0.04222394781204351, "k_intra": 8.123747887732357, "gamma_fc": 0.4359500900783454, "s_cf": 2.399374998297731, "beta_enc": 0.3006562711379082, "phi_s": 0.8166793942403725}, "datetime": {"delta": 10.454199, "elapsed": 4206.010146, "datetime": "2020-04-27 11:42:13"}}
{"target": -9293.275879915509, "params": {"epsilon_d": 2.3900572976617522, "phi_d": 2.08980513573836, "beta_rec": 0.000498340216746315, "gamma_cf": 0.9933709519335847, "k_intra": 2.214474539650865, "gamma_fc": 0.6905807509078956, "s_cf": 1.958154032816888, "beta_enc": 0.33557593955002085, "phi_s": 2.0921170048432742}, "datetime": {"delta": 10.435401, "elapsed": 4216.445547, "datetime": "2020-04-27 11:42:23"}}
{"target": -10597.204483826845, "params": {"epsilon_d": 8.72128820898669, "phi_d": 1.7318938833333761, "beta_rec": 0.24303982057759815, "gamma_cf": 0.7347673452195915, "k_intra": 2.992908718152694, "gamma_fc": 0.2510344053856751, "s_cf": 0.6814972884570697, "beta_enc": 0.16349366504968882, "phi_s": 2.496692721466204}, "datetime": {"delta": 10.462675, "elapsed": 4226.908222, "datetime": "2020-04-27 11:42:34"}}
{"target": -9855.967938754065, "params": {"epsilon_d": 9.132299345602314, "phi_d": 1.1198446120231649, "beta_rec": 0.38193070270168983, "gamma_cf": 0.2605874679054985, "k_intra": 0.568870223105068, "gamma_fc": 0.19747391744177223, "s_cf": 1.7907983715682905, "beta_enc": 0.19149876428814, "phi_s": 0.20911814127871559}, "datetime": {"delta": 10.396867, "elapsed": 4237.305089, "datetime": "2020-04-27 11:42:44"}}
{"target": -9709.87635359238, "params": {"epsilon_d": 7.437056851872834, "phi_d": 2.259375987438253, "beta_rec": 0.4605375416257397, "gamma_cf": 0.5010748619176404, "k_intra": 2.314102650170445, "gamma_fc": 0.7321173587525458, "s_cf": 2.1455696067361805, "beta_enc": 0.7053011292882656, "phi_s": 1.554747885815659}, "datetime": {"delta": 10.48526, "elapsed": 4247.790349, "datetime": "2020-04-27 11:42:55"}}
{"target": -9936.776505902699, "params": {"epsilon_d": 0.5111983114878766, "phi_d": 1.3567161674226804, "beta_rec": 0.5059900155144238, "gamma_cf": 0.4893603596752042, "k_intra": 1.4335335113756111, "gamma_fc": 0.228058751977592, "s_cf": 1.0948412160555008, "beta_enc": 0.5020280112847503, "phi_s": 1.7710228904951313}, "datetime": {"delta": 10.390676, "elapsed": 4258.181025, "datetime": "2020-04-27 11:43:05"}}
{"target": -10033.714346742661, "params": {"epsilon_d": 9.634606570551068, "phi_d": 0.295790746198772, "beta_rec": 0.7414362759382535, "gamma_cf": 0.7336689217219106, "k_intra": 8.410672499671099, "gamma_fc": 0.16935780834768382, "s_cf": 2.79370211803171, "beta_enc": 0.2444424312377873, "phi_s": 1.3653049409378217}, "datetime": {"delta": 10.487883, "elapsed": 4268.668908, "datetime": "2020-04-27 11:43:16"}}
{"target": -9698.847473830037, "params": {"epsilon_d": 7.6461638434019354, "phi_d": 0.6292078815939679, "beta_rec": 0.12804037657560602, "gamma_cf": 0.9286152605869913, "k_intra": 2.332256397474912, "gamma_fc": 0.3931915786338859, "s_cf": 1.7722404404857965, "beta_enc": 0.3368620932728901, "phi_s": 2.893383015725814}, "datetime": {"delta": 10.356293, "elapsed": 4279.025201, "datetime": "2020-04-27 11:43:26"}}
{"target": -10420.671499169503, "params": {"epsilon_d": 0.6587206605485652, "phi_d": 1.6601641432914331, "beta_rec": 0.3084141515532609, "gamma_cf": 0.4538588046967902, "k_intra": 5.194646806647161, "gamma_fc": 0.28639908631663497, "s_cf": 0.9916162583330528, "beta_enc": 0.8740789947192558, "phi_s": 0.9534358300056073}, "datetime": {"delta": 10.486932, "elapsed": 4289.512133, "datetime": "2020-04-27 11:43:36"}}
{"target": -12916.963572671983, "params": {"epsilon_d": 3.304525195221763, "phi_d": 0.3398540642924792, "beta_rec": 0.4204599737289875, "gamma_cf": 0.6195281762486402, "k_intra": 4.931478003521228, "gamma_fc": 0.8737867600227956, "s_cf": 2.4441482038787936, "beta_enc": 0.12175630499334952, "phi_s": 2.807093329169448}, "datetime": {"delta": 10.402342, "elapsed": 4299.914475, "datetime": "2020-04-27 11:43:47"}}
{"target": -10689.886053618444, "params": {"epsilon_d": 9.385547379571866, "phi_d": 0.20654531713841356, "beta_rec": 0.3307958381340422, "gamma_cf": 0.37495685112706, "k_intra": 9.853589937604747, "gamma_fc": 0.6722219967608534, "s_cf": 0.7705835936302717, "beta_enc": 0.428966940822196, "phi_s": 1.012429836631457}, "datetime": {"delta": 10.527694, "elapsed": 4310.442169, "datetime": "2020-04-27 11:43:57"}}
{"target": -10631.073140517736, "params": {"epsilon_d": 0.6317640302581761, "phi_d": 2.8716134472879595, "beta_rec": 0.5511816168783594, "gamma_cf": 0.7552727246484495, "k_intra": 6.6251192933173595, "gamma_fc": 0.7156754392011551, "s_cf": 2.2844293069806514, "beta_enc": 0.9301288772361372, "phi_s": 2.6363446362743503}, "datetime": {"delta": 10.370347, "elapsed": 4320.812516, "datetime": "2020-04-27 11:44:08"}}
{"target": -9821.140333626205, "params": {"epsilon_d": 2.2867945297799177, "phi_d": 1.6295108091647916, "beta_rec": 0.1381011605470143, "gamma_cf": 0.20558931010754272, "k_intra": 6.63380779344552, "gamma_fc": 0.6111680912331021, "s_cf": 1.1531715253640766, "beta_enc": 0.30039935893447467, "phi_s": 0.26341323602997607}, "datetime": {"delta": 10.434453, "elapsed": 4331.246969, "datetime": "2020-04-27 11:44:18"}}
{"target": -9040.019402091957, "params": {"epsilon_d": 3.7604238174610014, "phi_d": 1.631394703841264, "beta_rec": 0.6955420242475686, "gamma_cf": 0.6716589859874733, "k_intra": 0.7840008643895895, "gamma_fc": 0.3385987245761165, "s_cf": 1.4967904973970747, "beta_enc": 0.9709546681972547, "phi_s": 0.9403304649704889}, "datetime": {"delta": 10.464934, "elapsed": 4341.711903, "datetime": "2020-04-27 11:44:29"}}
{"target": -9838.777741408627, "params": {"epsilon_d": 7.260859442696875, "phi_d": 1.9758860039798862, "beta_rec": 0.6517751927120491, "gamma_cf": 0.10267626657461269, "k_intra": 4.04937548499068, "gamma_fc": 0.5316922772134369, "s_cf": 1.210887665430943, "beta_enc": 0.9117951350943909, "phi_s": 0.9344318902093782}, "datetime": {"delta": 10.381033, "elapsed": 4352.092936, "datetime": "2020-04-27 11:44:39"}}
{"target": -13564.183112243081, "params": {"epsilon_d": 2.079087844307621, "phi_d": 2.3757893160694405, "beta_rec": 0.11489908672848814, "gamma_cf": 0.23912225972933585, "k_intra": 7.1397440322918095, "gamma_fc": 0.7269887803962074, "s_cf": 2.5719695342069073, "beta_enc": 0.9829151127558883, "phi_s": 1.2050286870007678}, "datetime": {"delta": 10.441962, "elapsed": 4362.534898, "datetime": "2020-04-27 11:44:49"}}
{"target": -9757.567617209883, "params": {"epsilon_d": 8.2376875787192, "phi_d": 1.8268214235381068, "beta_rec": 0.7132885715869788, "gamma_cf": 0.6289615458969785, "k_intra": 0.3176801235350864, "gamma_fc": 0.4800048605634688, "s_cf": 1.8423432624924456, "beta_enc": 0.7276118856300903, "phi_s": 1.7349143515552943}, "datetime": {"delta": 10.428271, "elapsed": 4372.963169, "datetime": "2020-04-27 11:45:00"}}
{"target": -10263.911714515987, "params": {"epsilon_d": 1.7993974124124588, "phi_d": 0.7268000554251383, "beta_rec": 0.5549264886470077, "gamma_cf": 0.6498944402668709, "k_intra": 8.752020566659446, "gamma_fc": 0.16450612632182454, "s_cf": 2.6657370640543605, "beta_enc": 0.39056812180891454, "phi_s": 0.9521492546769326}, "datetime": {"delta": 10.459987, "elapsed": 4383.423156, "datetime": "2020-04-27 11:45:10"}}
{"target": -9818.280138841546, "params": {"epsilon_d": 3.336662607371846, "phi_d": 2.7094289140851577, "beta_rec": 0.836283589429798, "gamma_cf": 0.9023544047406462, "k_intra": 6.5842489800476915, "gamma_fc": 0.7946220661973975, "s_cf": 1.3317735766309562, "beta_enc": 0.8952328810231168, "phi_s": 2.371081269562226}, "datetime": {"delta": 10.357081, "elapsed": 4393.780237, "datetime": "2020-04-27 11:45:21"}}
{"target": -10460.157054181676, "params": {"epsilon_d": 0.7079803251758271, "phi_d": 2.67723014363776, "beta_rec": 0.39393874995637357, "gamma_cf": 0.3634945499368943, "k_intra": 8.657588630698699, "gamma_fc": 0.41773931726044555, "s_cf": 1.0517778180824393, "beta_enc": 0.39182970171438003, "phi_s": 2.8928510519009834}, "datetime": {"delta": 10.458535, "elapsed": 4404.238772, "datetime": "2020-04-27 11:45:31"}}
