{"target": 7.245833333333334, "params": {"cue_position": 0.0, "beta_rec": 0.7203244934421581, "gamma_fc": 0.14675589081711304, "beta_enc": 0.417022004702574, "gamma_cf": 0.30233257263183977}, "datetime": {"elapsed": 0.0, "delta": 0.0, "datetime": "2020-06-24 16:32:08"}}
{"target": 8.225, "params": {"cue_position": 0.0, "beta_rec": 0.1862602113776709, "gamma_fc": 0.538816734003357, "beta_enc": 0.0923385947687978, "gamma_cf": 0.39676747423066994}, "datetime": {"elapsed": 22.812399, "delta": 22.812399, "datetime": "2020-06-24 16:32:31"}}
{"target": 8.8625, "params": {"cue_position": 0.0, "beta_rec": 0.6852195003967595, "gamma_fc": 0.027387593197926163, "beta_enc": 0.4191945144032948, "gamma_cf": 0.8781174363909454}, "datetime": {"elapsed": 46.760504, "delta": 23.948105, "datetime": "2020-06-24 16:32:55"}}
{"target": 6.495833333333334, "params": {"cue_position": 0.0, "beta_rec": 0.41730480236712697, "gamma_fc": 0.1981014890848788, "beta_enc": 0.6704675101784022, "gamma_cf": 0.14038693859523377}, "datetime": {"elapsed": 66.707962, "delta": 19.947458, "datetime": "2020-06-24 16:33:15"}}
{"target": 4.4125, "params": {"cue_position": 0.0, "beta_rec": 0.9682615757193975, "gamma_fc": 0.8763891522960383, "beta_enc": 0.8007445686755367, "gamma_cf": 0.6923226156693141}, "datetime": {"elapsed": 83.059403, "delta": 16.351441, "datetime": "2020-06-24 16:33:31"}}
{"target": 5.891666666666667, "params": {"cue_position": 0.0, "beta_rec": 0.08504421136977791, "gamma_fc": 0.8781425034294131, "beta_enc": 0.8946066635038473, "gamma_cf": 0.1698304195645689}, "datetime": {"elapsed": 101.98137, "delta": 18.921967, "datetime": "2020-06-24 16:33:50"}}
{"target": 7.820833333333334, "params": {"cue_position": 0.0, "beta_rec": 0.42110762500505217, "gamma_fc": 0.6918771139504734, "beta_enc": 0.0983468338330501, "gamma_cf": 0.5331652849730171}, "datetime": {"elapsed": 124.333534, "delta": 22.352164, "datetime": "2020-06-24 16:34:12"}}
{"target": 8.8375, "params": {"cue_position": 0.0, "beta_rec": 0.6865009276815837, "gamma_fc": 0.7501443149449675, "beta_enc": 0.31551563100606295, "gamma_cf": 0.018288277344191806}, "datetime": {"elapsed": 148.284454, "delta": 23.95092, "datetime": "2020-06-24 16:34:36"}}
{"target": 2.2, "params": {"cue_position": 0.0, "beta_rec": 0.7481656543798394, "gamma_fc": 0.10322600657764203, "beta_enc": 0.9888610889064947, "gamma_cf": 0.7892793284514885}, "datetime": {"elapsed": 159.805709, "delta": 11.521255, "datetime": "2020-06-24 16:34:48"}}
{"target": 6.841666666666667, "params": {"cue_position": 0.0, "beta_rec": 0.9085955030930956, "gamma_fc": 0.13002857211827767, "beta_enc": 0.44789352617590517, "gamma_cf": 0.28777533858634874}, "datetime": {"elapsed": 180.175994, "delta": 20.370285, "datetime": "2020-06-24 16:35:08"}}
{"target": 8.05, "params": {"cue_position": 0.0, "beta_rec": 0.678835532939891, "gamma_fc": 0.4915731592803383, "beta_enc": 0.019366957870297075, "gamma_cf": 0.2655466593722262}, "datetime": {"elapsed": 202.576212, "delta": 22.400218, "datetime": "2020-06-24 16:35:31"}}
{"target": 8.070833333333333, "params": {"cue_position": 0.0, "beta_rec": 0.5741176054920131, "gamma_fc": 0.6997583600209312, "beta_enc": 0.053362545117080384, "gamma_cf": 0.5893055369032842}, "datetime": {"elapsed": 224.614329, "delta": 22.038117, "datetime": "2020-06-24 16:35:53"}}
{"target": 7.783333333333333, "params": {"cue_position": 0.0, "beta_rec": 0.4140559878195683, "gamma_fc": 0.04995345894608716, "beta_enc": 0.10233442882782584, "gamma_cf": 0.41417926952690265}, "datetime": {"elapsed": 246.602734, "delta": 21.988405, "datetime": "2020-06-24 16:36:15"}}
{"target": 5.804166666666666, "params": {"cue_position": 0.0, "beta_rec": 0.6637946452197888, "gamma_fc": 0.5865550405019929, "beta_enc": 0.5358964059155116, "gamma_cf": 0.9445947559908133}, "datetime": {"elapsed": 265.106332, "delta": 18.503598, "datetime": "2020-06-24 16:36:33"}}
{"target": 2.191666666666667, "params": {"cue_position": 0.0, "beta_rec": 0.13747470414623753, "gamma_fc": 0.3976768369855336, "beta_enc": 0.9034019152878835, "gamma_cf": 0.8073912887095238}, "datetime": {"elapsed": 276.977488, "delta": 11.871156, "datetime": "2020-06-24 16:36:45"}}
{"target": 8.179166666666667, "params": {"cue_position": 0.0, "beta_rec": 0.9275085803960339, "gamma_fc": 0.7259979853504515, "beta_enc": 0.16535419711693278, "gamma_cf": 0.7508121031361555}, "datetime": {"elapsed": 299.914843, "delta": 22.937355, "datetime": "2020-06-24 16:37:08"}}
{"target": 4.1875, "params": {"cue_position": 0.0, "beta_rec": 0.6236722070556089, "gamma_fc": 0.2699278917650261, "beta_enc": 0.8833060912058098, "gamma_cf": 0.34889834197784253}, "datetime": {"elapsed": 315.179555, "delta": 15.264712, "datetime": "2020-06-24 16:37:23"}}
{"target": 2.7041666666666666, "params": {"cue_position": 0.0, "beta_rec": 0.4280911898712949, "gamma_fc": 0.6216957202091218, "beta_enc": 0.8958862181960668, "gamma_cf": 0.6634414978184481}, "datetime": {"elapsed": 328.14938, "delta": 12.969825, "datetime": "2020-06-24 16:37:36"}}
{"target": 8.566666666666666, "params": {"cue_position": 0.0, "beta_rec": 0.9494892587070712, "gamma_fc": 0.40813680276128117, "beta_enc": 0.11474597295337519, "gamma_cf": 0.5783896143871318}, "datetime": {"elapsed": 352.414845, "delta": 24.265465, "datetime": "2020-06-24 16:38:00"}}
{"target": 7.979166666666667, "params": {"cue_position": 0.0, "beta_rec": 0.9033795205622538, "gamma_fc": 0.6171449136207239, "beta_enc": 0.2370269802430277, "gamma_cf": 0.00287032703115897}, "datetime": {"elapsed": 375.291509, "delta": 22.876664, "datetime": "2020-06-24 16:38:23"}}
{"target": 7.441666666666666, "params": {"cue_position": 0.0, "beta_rec": 0.5270581022576093, "gamma_fc": 0.9085351509197992, "beta_enc": 0.32664490177209615, "gamma_cf": 0.35726976000249977}, "datetime": {"elapsed": 397.552459, "delta": 22.26095, "datetime": "2020-06-24 16:38:46"}}
{"target": 3.591666666666667, "params": {"cue_position": 0.0, "beta_rec": 0.015821242846556283, "gamma_fc": 0.9973228504514805, "beta_enc": 0.6233601157918027, "gamma_cf": 0.690896917516924}, "datetime": {"elapsed": 412.182505, "delta": 14.630046, "datetime": "2020-06-24 16:39:00"}}
{"target": 7.508333333333334, "params": {"cue_position": 0.0, "beta_rec": 0.13713574962887776, "gamma_fc": 0.06600017272206249, "beta_enc": 0.17234050834532855, "gamma_cf": 0.6968181614899002}, "datetime": {"elapsed": 434.322609, "delta": 22.140104, "datetime": "2020-06-24 16:39:22"}}
{"target": 4.3375, "params": {"cue_position": 0.0, "beta_rec": 0.7538761884612464, "gamma_fc": 0.1242709619721647, "beta_enc": 0.7554630526024664, "gamma_cf": 0.7115247586284718}, "datetime": {"elapsed": 450.670417, "delta": 16.347808, "datetime": "2020-06-24 16:39:39"}}
{"target": 8.416666666666666, "params": {"cue_position": 0.0, "beta_rec": 0.026210986877719278, "gamma_fc": 0.860027948682888, "beta_enc": 0.01988013383979559, "gamma_cf": 0.2462110676030459}, "datetime": {"elapsed": 474.617044, "delta": 23.946627, "datetime": "2020-06-24 16:40:03"}}
{"target": 7.008333333333334, "params": {"cue_position": 0.0, "beta_rec": 0.5528219786857659, "gamma_fc": 0.2791836790111395, "beta_enc": 0.5388310643416528, "gamma_cf": 0.12417331511991114}, "datetime": {"elapsed": 494.869632, "delta": 20.252588, "datetime": "2020-06-24 16:40:23"}}
{"target": 8.045833333333333, "params": {"cue_position": 0.0, "beta_rec": 0.9695957483196745, "gamma_fc": 0.8006326726806163, "beta_enc": 0.5857592714582879, "gamma_cf": 0.01864728937294302}, "datetime": {"elapsed": 517.313489, "delta": 22.443857, "datetime": "2020-06-24 16:40:45"}}
{"target": 7.895833333333333, "params": {"cue_position": 0.0, "beta_rec": 0.8071051956187791, "gamma_fc": 0.7471216427371846, "beta_enc": 0.23297427384102043, "gamma_cf": 0.8635418545594287}, "datetime": {"elapsed": 539.529169, "delta": 22.21568, "datetime": "2020-06-24 16:41:08"}}
{"target": 6.695833333333334, "params": {"cue_position": 0.0, "beta_rec": 0.13645522566068502, "gamma_fc": 0.044551878544761725, "beta_enc": 0.5562402339904189, "gamma_cf": 0.12134345574073735}, "datetime": {"elapsed": 559.224394, "delta": 19.695225, "datetime": "2020-06-24 16:41:27"}}
{"target": 7.979166666666667, "params": {"cue_position": 0.0, "beta_rec": 0.2257093386078547, "gamma_fc": 0.012555980159115854, "beta_enc": 0.1074941291060929, "gamma_cf": 0.5597169820541424}, "datetime": {"elapsed": 581.451896, "delta": 22.227502, "datetime": "2020-06-24 16:41:49"}}
{"target": 7.3125, "params": {"cue_position": 0.0, "beta_rec": 0.967276330000272, "gamma_fc": 0.2523257445703234, "beta_enc": 0.07197427968948678, "gamma_cf": 0.20329323466099047}, "datetime": {"elapsed": 598.327836, "delta": 16.87594, "datetime": "2020-06-24 16:42:06"}}
{"target": 2.7958333333333334, "params": {"cue_position": 0.0, "beta_rec": 0.1954294811093188, "gamma_fc": 0.8468288014900353, "beta_enc": 0.7438258540750929, "gamma_cf": 0.9700199890883123}, "datetime": {"elapsed": 607.359107, "delta": 9.031271, "datetime": "2020-06-24 16:42:15"}}
{"target": 8.204166666666667, "params": {"cue_position": 0.0, "beta_rec": 0.49376971426872995, "gamma_fc": 0.15679139464608427, "beta_enc": 0.23984775914758616, "gamma_cf": 0.8289808995501787}, "datetime": {"elapsed": 623.3516, "delta": 15.992493, "datetime": "2020-06-24 16:42:31"}}
{"target": 8.325, "params": {"cue_position": 0.0, "beta_rec": 0.07002214371922233, "gamma_fc": 0.5688514370864813, "beta_enc": 0.018576202177409518, "gamma_cf": 0.6063294616533303}, "datetime": {"elapsed": 639.507567, "delta": 16.155967, "datetime": "2020-06-24 16:42:48"}}
{"target": 8.4, "params": {"cue_position": 0.0, "beta_rec": 0.9886161544124489, "gamma_fc": 0.5509482191178968, "beta_enc": 0.31736240932216075, "gamma_cf": 0.3801411726235504}, "datetime": {"elapsed": 655.850606, "delta": 16.343039, "datetime": "2020-06-24 16:43:04"}}
{"target": 6.2375, "params": {"cue_position": 0.0, "beta_rec": 0.6692328934531846, "gamma_fc": 0.3700841979141063, "beta_enc": 0.7453344309065021, "gamma_cf": 0.06633483442844157}, "datetime": {"elapsed": 669.422092, "delta": 13.571486, "datetime": "2020-06-24 16:43:17"}}
{"target": 7.3125, "params": {"cue_position": 0.0, "beta_rec": 0.2101740099148396, "gamma_fc": 0.26031509857854096, "beta_enc": 0.6297175070215645, "gamma_cf": 0.06653648135411494}, "datetime": {"elapsed": 684.571594, "delta": 15.149502, "datetime": "2020-06-24 16:43:33"}}
{"target": 3.3625, "params": {"cue_position": 0.0, "beta_rec": 0.19343428262332774, "gamma_fc": 0.9248079703993507, "beta_enc": 0.8047545637433454, "gamma_cf": 0.5246703091237337}, "datetime": {"elapsed": 694.753847, "delta": 10.182253, "datetime": "2020-06-24 16:43:43"}}
{"target": 6.795833333333333, "params": {"cue_position": 0.0, "beta_rec": 0.06596109068402378, "gamma_fc": 0.907815852503524, "beta_enc": 0.263296770487111, "gamma_cf": 0.7721780295432468}, "datetime": {"elapsed": 709.54828, "delta": 14.794433, "datetime": "2020-06-24 16:43:58"}}
{"target": 2.1, "params": {"cue_position": 0.0, "beta_rec": 0.013951572975597015, "gamma_fc": 0.9490163206876164, "beta_enc": 0.9319720691968373, "gamma_cf": 0.6167783570016576}, "datetime": {"elapsed": 717.886995, "delta": 8.338715, "datetime": "2020-06-24 16:44:06"}}
{"target": 2.7958333333333334, "params": {"cue_position": 0.0, "beta_rec": 0.5566531881951564, "gamma_fc": 0.39000771414124624, "beta_enc": 0.9501761192470797, "gamma_cf": 0.6415662089463375}, "datetime": {"elapsed": 727.138488, "delta": 9.251493, "datetime": "2020-06-24 16:44:15"}}
{"target": 6.304166666666666, "params": {"cue_position": 0.0, "beta_rec": 0.6043104829199732, "gamma_fc": 0.9187334356336061, "beta_enc": 0.48599066709690975, "gamma_cf": 0.9261814267064536}, "datetime": {"elapsed": 741.121991, "delta": 13.983503, "datetime": "2020-06-24 16:44:29"}}
{"target": 6.545833333333333, "params": {"cue_position": 0.0, "beta_rec": 0.9632625284407118, "gamma_fc": 0.13507915804673132, "beta_enc": 0.3948756129235549, "gamma_cf": 0.12632951943963733}, "datetime": {"elapsed": 755.382823, "delta": 14.260832, "datetime": "2020-06-24 16:44:43"}}
{"target": 4.525, "params": {"cue_position": 0.0, "beta_rec": 0.021524805274197978, "gamma_fc": 0.015018980742122379, "beta_enc": 0.5056621656768967, "gamma_cf": 0.8271154711707325}, "datetime": {"elapsed": 766.83355, "delta": 11.450727, "datetime": "2020-06-24 16:44:55"}}
{"target": 8.054166666666667, "params": {"cue_position": 0.0, "beta_rec": 0.332063574366837, "gamma_fc": 0.34473665268329345, "beta_enc": 0.17619625557505525, "gamma_cf": 0.8094906921265821}, "datetime": {"elapsed": 782.901825, "delta": 16.068275, "datetime": "2020-06-24 16:45:11"}}
{"target": 2.1708333333333334, "params": {"cue_position": 0.0, "beta_rec": 0.58201417994708, "gamma_fc": 0.9053923187086492, "beta_enc": 0.9401074823333672, "gamma_cf": 0.8447344453922219}, "datetime": {"elapsed": 791.180636, "delta": 8.278811, "datetime": "2020-06-24 16:45:19"}}
{"target": 7.3875, "params": {"cue_position": 0.0, "beta_rec": 0.5463468160203733, "gamma_fc": 0.4902535226199277, "beta_enc": 0.45988026581680697, "gamma_cf": 0.28571885173414757}, "datetime": {"elapsed": 806.252159, "delta": 15.071523, "datetime": "2020-06-24 16:45:34"}}
{"target": 4.35, "params": {"cue_position": 0.0, "beta_rec": 0.015533275550835723, "gamma_fc": 0.8073605288848414, "beta_enc": 0.5991103076458784, "gamma_cf": 0.4336763489894583}, "datetime": {"elapsed": 817.18536, "delta": 10.933201, "datetime": "2020-06-24 16:45:45"}}
{"target": 8.375, "params": {"cue_position": 0.0, "beta_rec": 0.8928887085251513, "gamma_fc": 0.7879292338255043, "beta_enc": 0.31524480309537295, "gamma_cf": 0.18401020162746506}, "datetime": {"elapsed": 833.02673, "delta": 15.84137, "datetime": "2020-06-24 16:46:01"}}
{"target": 3.841666666666667, "params": {"cue_position": 0.0, "beta_rec": 0.053909272073752956, "gamma_fc": 0.9186017779775258, "beta_enc": 0.6120311770449339, "gamma_cf": 0.6790688365654296}, "datetime": {"elapsed": 843.14516, "delta": 10.11843, "datetime": "2020-06-24 16:46:11"}}
{"target": 8.141666666666667, "params": {"cue_position": 0.0, "beta_rec": 0.9767591490310596, "gamma_fc": 0.604716100974053, "beta_enc": 0.00040202489135743313, "gamma_cf": 0.9737835383583225}, "datetime": {"elapsed": 858.492821, "delta": 15.347661, "datetime": "2020-06-24 16:46:27"}}
{"target": 5.345833333333333, "params": {"cue_position": 0.0, "beta_rec": 0.5747115047081023, "gamma_fc": 0.586833340656083, "beta_enc": 0.828845807980693, "gamma_cf": 0.28557628169569393}, "datetime": {"elapsed": 870.319713, "delta": 11.826892, "datetime": "2020-06-24 16:46:38"}}
{"target": 4.229166666666667, "params": {"cue_position": 0.0, "beta_rec": 0.8583138364290424, "gamma_fc": 0.8644794300545998, "beta_enc": 0.7500217637026599, "gamma_cf": 0.698057248447303}, "datetime": {"elapsed": 881.034784, "delta": 10.715071, "datetime": "2020-06-24 16:46:49"}}
{"target": 7.758333333333334, "params": {"cue_position": 0.0, "beta_rec": 0.6707887907875872, "gamma_fc": 0.4108113499221856, "beta_enc": 0.32268099683674645, "gamma_cf": 0.3821027520315172}, "datetime": {"elapsed": 896.19026, "delta": 15.155476, "datetime": "2020-06-24 16:47:04"}}
{"target": 6.929166666666666, "params": {"cue_position": 0.0, "beta_rec": 0.3173839459582769, "gamma_fc": 0.9738020779272523, "beta_enc": 0.4014795834695406, "gamma_cf": 0.43024727082126435}, "datetime": {"elapsed": 910.690168, "delta": 14.499908, "datetime": "2020-06-24 16:47:19"}}
{"target": 4.8625, "params": {"cue_position": 0.0, "beta_rec": 0.19856988842711087, "gamma_fc": 0.7976388039585666, "beta_enc": 0.6778008914343111, "gamma_cf": 0.343346239774423}, "datetime": {"elapsed": 922.532668, "delta": 11.8425, "datetime": "2020-06-24 16:47:31"}}
{"target": 5.058333333333334, "params": {"cue_position": 0.0, "beta_rec": 0.903841955826372, "gamma_fc": 0.25236670150458973, "beta_enc": 0.8799982885634318, "gamma_cf": 0.2702082620297578}, "datetime": {"elapsed": 934.476212, "delta": 11.943544, "datetime": "2020-06-24 16:47:42"}}
{"target": 3.216666666666667, "params": {"cue_position": 0.0, "beta_rec": 0.5277146463087466, "gamma_fc": 0.7331425252875111, "beta_enc": 0.8548979426974024, "gamma_cf": 0.5724885171916063}, "datetime": {"elapsed": 943.975899, "delta": 9.499687, "datetime": "2020-06-24 16:47:52"}}
{"target": 7.354166666666667, "params": {"cue_position": 0.0, "beta_rec": 0.770883910501888, "gamma_fc": 0.3426889079532818, "beta_enc": 0.5190116274640558, "gamma_cf": 0.4657098785919809}, "datetime": {"elapsed": 958.991995, "delta": 15.016096, "datetime": "2020-06-24 16:48:07"}}
{"target": 8.266666666666667, "params": {"cue_position": 0.0, "beta_rec": 0.37792417932809985, "gamma_fc": 0.18161285133076377, "beta_enc": 0.06820934841670412, "gamma_cf": 0.982817113730445}, "datetime": {"elapsed": 975.389751, "delta": 16.397756, "datetime": "2020-06-24 16:48:23"}}
{"target": 4.4125, "params": {"cue_position": 0.0, "beta_rec": 0.8749616449558981, "gamma_fc": 0.16097143681560877, "beta_enc": 0.8118586977205398, "gamma_cf": 0.5694944127453757}, "datetime": {"elapsed": 986.753756, "delta": 11.364005, "datetime": "2020-06-24 16:48:35"}}
{"target": 5.970833333333333, "params": {"cue_position": 0.0, "beta_rec": 0.345172051155215, "gamma_fc": 0.31226983770191696, "beta_enc": 0.4668800227633063, "gamma_cf": 0.5925118687657968}, "datetime": {"elapsed": 1000.158211, "delta": 13.404455, "datetime": "2020-06-24 16:48:48"}}
{"target": 4.9, "params": {"cue_position": 0.0, "beta_rec": 0.9096355249515571, "gamma_fc": 0.19296273201911285, "beta_enc": 0.9163055534683507, "gamma_cf": 0.1108913007440292}, "datetime": {"elapsed": 1012.165991, "delta": 12.00778, "datetime": "2020-06-24 16:49:00"}}
{"target": 7.045833333333333, "params": {"cue_position": 0.0, "beta_rec": 0.7285856679745962, "gamma_fc": 0.851671874936367, "beta_enc": 0.49958417067888605, "gamma_cf": 0.24803355837723073}, "datetime": {"elapsed": 1026.812097, "delta": 14.646106, "datetime": "2020-06-24 16:49:15"}}
{"target": 7.8125, "params": {"cue_position": 0.0, "beta_rec": 0.6166850671552362, "gamma_fc": 0.5158570169685298, "beta_enc": 0.41584871826752734, "gamma_cf": 0.10196725942579743}, "datetime": {"elapsed": 1042.463609, "delta": 15.651512, "datetime": "2020-06-24 16:49:30"}}
{"target": 5.7125, "params": {"cue_position": 0.0, "beta_rec": 0.15267164409316325, "gamma_fc": 0.6541373469707443, "beta_enc": 0.47714098704978236, "gamma_cf": 0.5440101188139381}, "datetime": {"elapsed": 1055.431036, "delta": 12.967427, "datetime": "2020-06-24 16:49:43"}}
{"target": 8.175, "params": {"cue_position": 0.0, "beta_rec": 0.7515278171352439, "gamma_fc": 0.7852960282216189, "beta_enc": 0.1445455401246598, "gamma_cf": 0.519351824366033}, "datetime": {"elapsed": 1071.63952, "delta": 16.208484, "datetime": "2020-06-24 16:50:00"}}
{"target": 7.75, "params": {"cue_position": 0.0, "beta_rec": 0.3243624597261865, "gamma_fc": 0.5384405925945437, "beta_enc": 0.02233042799180618, "gamma_cf": 0.8447096076020696}, "datetime": {"elapsed": 1087.20856, "delta": 15.56904, "datetime": "2020-06-24 16:50:15"}}
{"target": 3.5083333333333333, "params": {"cue_position": 0.0, "beta_rec": 0.9498059913536265, "gamma_fc": 0.09874340182034835, "beta_enc": 0.866608274166513, "gamma_cf": 0.8541154438365387}, "datetime": {"elapsed": 1096.989049, "delta": 9.780489, "datetime": "2020-06-24 16:50:25"}}
{"target": 4.941666666666666, "params": {"cue_position": 0.0, "beta_rec": 0.703516988152653, "gamma_fc": 0.03457121987163425, "beta_enc": 0.651304332340991, "gamma_cf": 0.799615261736028}, "datetime": {"elapsed": 1108.867671, "delta": 11.878622, "datetime": "2020-06-24 16:50:37"}}
{"target": 6.433333333333334, "params": {"cue_position": 0.0, "beta_rec": 0.731728600739527, "gamma_fc": 0.6323033174301278, "beta_enc": 0.7702387345549799, "gamma_cf": 0.2570692988221467}, "datetime": {"elapsed": 1122.281928, "delta": 13.414257, "datetime": "2020-06-24 16:50:50"}}
{"target": 7.4625, "params": {"cue_position": 0.0, "beta_rec": 0.7965886780072875, "gamma_fc": 0.9904717836238407, "beta_enc": 0.34529746159108154, "gamma_cf": 0.7827494147841719}, "datetime": {"elapsed": 1136.951791, "delta": 14.669863, "datetime": "2020-06-24 16:51:05"}}
{"target": 6.933333333333334, "params": {"cue_position": 0.0, "beta_rec": 0.14300582825809938, "gamma_fc": 0.9747403708550822, "beta_enc": 0.30024833953390007, "gamma_cf": 0.5415593788873733}, "datetime": {"elapsed": 1151.056092, "delta": 14.104301, "datetime": "2020-06-24 16:51:19"}}
{"target": 7.141666666666667, "params": {"cue_position": 0.0, "beta_rec": 0.9939130246104789, "gamma_fc": 0.1354279030721699, "beta_enc": 0.6366044000018972, "gamma_cf": 0.5264259339055213}, "datetime": {"elapsed": 1165.461093, "delta": 14.405001, "datetime": "2020-06-24 16:51:33"}}
{"target": 5.9875, "params": {"cue_position": 0.0, "beta_rec": 0.026218567296373285, "gamma_fc": 0.03039968992878883, "beta_enc": 0.3557051709838811, "gamma_cf": 0.7456371927074961}, "datetime": {"elapsed": 1178.425479, "delta": 12.964386, "datetime": "2020-06-24 16:51:46"}}
{"target": 8.591666666666667, "params": {"cue_position": 0.0, "beta_rec": 0.8623462528380441, "gamma_fc": 0.18863680095531088, "beta_enc": 0.36654309724374434, "gamma_cf": 0.6909421420661686}, "datetime": {"elapsed": 1194.605755, "delta": 16.180276, "datetime": "2020-06-24 16:52:03"}}
{"target": 6.9875, "params": {"cue_position": 0.0, "beta_rec": 0.5815774073442912, "gamma_fc": 0.24773290176235485, "beta_enc": 0.44190428074842336, "gamma_cf": 0.20390622523312185}, "datetime": {"elapsed": 1208.839316, "delta": 14.233561, "datetime": "2020-06-24 16:52:17"}}
{"target": 7.875, "params": {"cue_position": 0.0, "beta_rec": 0.7501724132979928, "gamma_fc": 0.5085162406102396, "beta_enc": 0.26217308377291193, "gamma_cf": 0.05692943841109499}, "datetime": {"elapsed": 1224.674852, "delta": 15.835536, "datetime": "2020-06-24 16:52:33"}}
