{"target": 12.0, "params": {"beta_enc": 0.946594247728694, "gamma_fc": 0.10891807159082656, "beta_rec": 0.9345042012382992, "cue_position": 0.0, "gamma_cf": 0.9398205049101567}, "datetime": {"elapsed": 746.478696, "delta": 8.971773, "datetime": "2020-06-14 09:58:06"}}
{"target": 14.75, "params": {"beta_enc": 0.934482909261335, "gamma_fc": 0.06546847538635103, "beta_rec": 0.9724090278405473, "cue_position": 0.0, "gamma_cf": 0.9561503671134153}, "datetime": {"elapsed": 755.790428, "delta": 9.311732, "datetime": "2020-06-14 09:58:16"}}
{"target": 14.875, "params": {"beta_enc": 0.9344146077872034, "gamma_fc": 0.08042938267433342, "beta_rec": 0.9609244935023119, "cue_position": 0.0, "gamma_cf": 0.9274945833994435}, "datetime": {"elapsed": 766.732603, "delta": 10.942175, "datetime": "2020-06-14 09:58:27"}}
{"target": 12.375, "params": {"beta_enc": 0.9312228232221768, "gamma_fc": 0.0840146013341957, "beta_rec": 0.9387159644003433, "cue_position": 0.0, "gamma_cf": 0.926064585730099}, "datetime": {"elapsed": 777.966026, "delta": 11.233423, "datetime": "2020-06-14 09:58:38"}}
{"target": 14.625, "params": {"beta_enc": 0.9489155123695329, "gamma_fc": 0.09535750923444575, "beta_rec": 0.9492755003837503, "cue_position": 0.0, "gamma_cf": 0.9617276832399368}, "datetime": {"elapsed": 788.247613, "delta": 10.281587, "datetime": "2020-06-14 09:58:48"}}
{"target": 15.875, "params": {"beta_enc": 0.8990711669342623, "gamma_fc": 0.127638239322325, "beta_rec": 0.9686539867332208, "cue_position": 0.0, "gamma_cf": 0.9226038202979768}, "datetime": {"elapsed": 799.438029, "delta": 11.190416, "datetime": "2020-06-14 09:58:59"}}
{"target": 15.75, "params": {"beta_enc": 0.9157591578278007, "gamma_fc": 0.0982593144521855, "beta_rec": 0.973569526597603, "cue_position": 0.0, "gamma_cf": 0.8960546961013469}, "datetime": {"elapsed": 810.819783, "delta": 11.381754, "datetime": "2020-06-14 09:59:11"}}
{"target": 14.5, "params": {"beta_enc": 0.8894924895035111, "gamma_fc": 0.15071032822003905, "beta_rec": 0.9693122275717235, "cue_position": 0.0, "gamma_cf": 0.9036585715573433}, "datetime": {"elapsed": 822.691848, "delta": 11.872065, "datetime": "2020-06-14 09:59:22"}}
{"target": 15.125, "params": {"beta_enc": 0.918923307504733, "gamma_fc": 0.07815697009627975, "beta_rec": 0.9948367009682556, "cue_position": 0.0, "gamma_cf": 0.9638676384672741}, "datetime": {"elapsed": 833.201027, "delta": 10.509179, "datetime": "2020-06-14 09:59:33"}}
{"target": 15.0, "params": {"beta_enc": 0.9185686685578613, "gamma_fc": 0.11469862867647396, "beta_rec": 0.9475555734062823, "cue_position": 0.0, "gamma_cf": 0.9291035911896605}, "datetime": {"elapsed": 844.553009, "delta": 11.351982, "datetime": "2020-06-14 09:59:44"}}
{"target": 15.25, "params": {"beta_enc": 0.9269049706111162, "gamma_fc": 0.10314921224103812, "beta_rec": 0.9721858739343985, "cue_position": 0.0, "gamma_cf": 0.9141068327262402}, "datetime": {"elapsed": 855.642143, "delta": 11.089134, "datetime": "2020-06-14 09:59:55"}}
{"target": 14.0, "params": {"beta_enc": 0.8999281212948009, "gamma_fc": 0.08346732823834058, "beta_rec": 0.996492897099819, "cue_position": 0.0, "gamma_cf": 0.9626733847984029}, "datetime": {"elapsed": 866.403665, "delta": 10.761522, "datetime": "2020-06-14 10:00:06"}}
{"target": 15.0, "params": {"beta_enc": 0.8772750854654398, "gamma_fc": 0.09974956975192162, "beta_rec": 0.9629524959255222, "cue_position": 0.0, "gamma_cf": 0.9578007741374296}, "datetime": {"elapsed": 876.759089, "delta": 10.355424, "datetime": "2020-06-14 10:00:17"}}
{"target": 15.375, "params": {"beta_enc": 0.9082292786208008, "gamma_fc": 0.10095549775485668, "beta_rec": 0.9824354688628222, "cue_position": 0.0, "gamma_cf": 0.9128350066639337}, "datetime": {"elapsed": 887.943062, "delta": 11.183973, "datetime": "2020-06-14 10:00:28"}}
{"target": 14.625, "params": {"beta_enc": 0.8865960294903311, "gamma_fc": 0.09528465056829993, "beta_rec": 0.9771965722104248, "cue_position": 0.0, "gamma_cf": 0.9653310396898163}, "datetime": {"elapsed": 899.028548, "delta": 11.085486, "datetime": "2020-06-14 10:00:39"}}
{"target": 15.5, "params": {"beta_enc": 0.9038375532590821, "gamma_fc": 0.1369277197466401, "beta_rec": 0.9628886428193101, "cue_position": 0.0, "gamma_cf": 0.9395519810646549}, "datetime": {"elapsed": 910.473311, "delta": 11.444763, "datetime": "2020-06-14 10:00:50"}}
{"target": 15.625, "params": {"beta_enc": 0.9407868476800336, "gamma_fc": 0.08976520966519919, "beta_rec": 0.9659206977348359, "cue_position": 0.0, "gamma_cf": 0.9481899895416627}, "datetime": {"elapsed": 921.160482, "delta": 10.687171, "datetime": "2020-06-14 10:01:01"}}
{"target": 15.0, "params": {"beta_enc": 0.9224595585402297, "gamma_fc": 0.18158911220091434, "beta_rec": 0.9759740197656589, "cue_position": 0.0, "gamma_cf": 0.9352922765709262}, "datetime": {"elapsed": 932.466419, "delta": 11.305937, "datetime": "2020-06-14 10:01:12"}}
{"target": 13.0, "params": {"beta_enc": 0.9231462651688919, "gamma_fc": 0.06974007617957001, "beta_rec": 0.9579547198232088, "cue_position": 0.0, "gamma_cf": 0.9657958179771976}, "datetime": {"elapsed": 943.712842, "delta": 11.246423, "datetime": "2020-06-14 10:01:24"}}
{"target": 14.875, "params": {"beta_enc": 0.932814387001909, "gamma_fc": 0.09730677875341542, "beta_rec": 0.9710977128644552, "cue_position": 0.0, "gamma_cf": 0.9270753399369565}, "datetime": {"elapsed": 955.127497, "delta": 11.414655, "datetime": "2020-06-14 10:01:35"}}
{"target": 15.25, "params": {"beta_enc": 0.9512423735467717, "gamma_fc": 0.08143317007009543, "beta_rec": 0.9445190028691539, "cue_position": 0.0, "gamma_cf": 0.9789243998848121}, "datetime": {"elapsed": 966.016353, "delta": 10.888856, "datetime": "2020-06-14 10:01:46"}}
{"target": 12.25, "params": {"beta_enc": 0.9469803019871524, "gamma_fc": 0.0855478710152987, "beta_rec": 0.9275276268866435, "cue_position": 0.0, "gamma_cf": 0.9620351537807713}, "datetime": {"elapsed": 977.748222, "delta": 11.731869, "datetime": "2020-06-14 10:01:58"}}
{"target": 14.5, "params": {"beta_enc": 0.9406484109495568, "gamma_fc": 0.08790068361965997, "beta_rec": 0.9539605766171376, "cue_position": 0.0, "gamma_cf": 0.960367911730192}, "datetime": {"elapsed": 989.572738, "delta": 11.824516, "datetime": "2020-06-14 10:02:09"}}
{"target": 15.25, "params": {"beta_enc": 0.936295231901529, "gamma_fc": 0.09021224468637246, "beta_rec": 0.9677309588961224, "cue_position": 0.0, "gamma_cf": 0.9448832659455062}, "datetime": {"elapsed": 1001.263254, "delta": 11.690516, "datetime": "2020-06-14 10:02:21"}}
{"target": 14.75, "params": {"beta_enc": 0.9146240687723833, "gamma_fc": 0.1495972141752283, "beta_rec": 0.9595284856742343, "cue_position": 0.0, "gamma_cf": 0.9219094042363241}, "datetime": {"elapsed": 1012.350398, "delta": 11.087144, "datetime": "2020-06-14 10:02:32"}}
{"target": 12.75, "params": {"beta_enc": 0.9444957435759942, "gamma_fc": 0.06299422484561457, "beta_rec": 0.9157483953182561, "cue_position": 0.0, "gamma_cf": 0.9767620919189818}, "datetime": {"elapsed": 1024.069599, "delta": 11.719201, "datetime": "2020-06-14 10:02:44"}}
{"target": 16.0, "params": {"beta_enc": 0.9776986236059447, "gamma_fc": 0.08996847711224076, "beta_rec": 0.9671042255179895, "cue_position": 0.0, "gamma_cf": 0.9370697141003682}, "datetime": {"elapsed": 1035.339002, "delta": 11.269403, "datetime": "2020-06-14 10:02:55"}}
{"target": 15.875, "params": {"beta_enc": 0.9562838107730465, "gamma_fc": 0.09375158887286106, "beta_rec": 0.9656665007618568, "cue_position": 0.0, "gamma_cf": 0.9438219729985287}, "datetime": {"elapsed": 1047.255331, "delta": 11.916329, "datetime": "2020-06-14 10:03:07"}}
{"target": 13.75, "params": {"beta_enc": 0.92083094776011, "gamma_fc": 0.1895350404806344, "beta_rec": 0.9670287607692079, "cue_position": 0.0, "gamma_cf": 0.9106931726434633}, "datetime": {"elapsed": 1059.062344, "delta": 11.807013, "datetime": "2020-06-14 10:03:19"}}
{"target": 15.75, "params": {"beta_enc": 0.9270760907362985, "gamma_fc": 0.08882157506871613, "beta_rec": 0.9977713643338758, "cue_position": 0.0, "gamma_cf": 0.9686068416135658}, "datetime": {"elapsed": 1071.247246, "delta": 12.184902, "datetime": "2020-06-14 10:03:31"}}
{"target": 14.375, "params": {"beta_enc": 0.9195543818042023, "gamma_fc": 0.11126959484942434, "beta_rec": 0.9693704128593676, "cue_position": 0.0, "gamma_cf": 0.9144711403576393}, "datetime": {"elapsed": 1083.360155, "delta": 12.112909, "datetime": "2020-06-14 10:03:43"}}
{"target": 15.625, "params": {"beta_enc": 0.9643981369269077, "gamma_fc": 0.08766392348017626, "beta_rec": 0.9654278900075806, "cue_position": 0.0, "gamma_cf": 0.9369452019461512}, "datetime": {"elapsed": 1095.553684, "delta": 12.193529, "datetime": "2020-06-14 10:03:55"}}
{"target": 15.125, "params": {"beta_enc": 0.9305800236275258, "gamma_fc": 0.08034587875578114, "beta_rec": 0.97568739410505, "cue_position": 0.0, "gamma_cf": 0.9109948011548624}, "datetime": {"elapsed": 1107.574245, "delta": 12.020561, "datetime": "2020-06-14 10:04:07"}}
{"target": 14.125, "params": {"beta_enc": 0.915176033492105, "gamma_fc": 0.17273843726854687, "beta_rec": 0.958813986628162, "cue_position": 0.0, "gamma_cf": 0.9541847175654894}, "datetime": {"elapsed": 1119.334601, "delta": 11.760356, "datetime": "2020-06-14 10:04:19"}}
{"target": 15.125, "params": {"beta_enc": 0.9036885052132478, "gamma_fc": 0.1461564109657727, "beta_rec": 0.9784242617550643, "cue_position": 0.0, "gamma_cf": 0.9078191621395295}, "datetime": {"elapsed": 1131.520796, "delta": 12.186195, "datetime": "2020-06-14 10:04:31"}}
{"target": 15.375, "params": {"beta_enc": 0.8984741804621363, "gamma_fc": 0.1426894236431714, "beta_rec": 0.9689326422922073, "cue_position": 0.0, "gamma_cf": 0.9348769286226956}, "datetime": {"elapsed": 1144.208858, "delta": 12.688062, "datetime": "2020-06-14 10:04:44"}}
{"target": 15.5, "params": {"beta_enc": 0.9045032620630722, "gamma_fc": 0.06130429977907348, "beta_rec": 0.9966608820184762, "cue_position": 0.0, "gamma_cf": 0.9455391294748506}, "datetime": {"elapsed": 1156.627683, "delta": 12.418825, "datetime": "2020-06-14 10:04:56"}}
{"target": 13.375, "params": {"beta_enc": 0.9100851636765837, "gamma_fc": 0.19625548424173667, "beta_rec": 0.9459257496864054, "cue_position": 0.0, "gamma_cf": 0.9356482251145614}, "datetime": {"elapsed": 1169.331844, "delta": 12.704161, "datetime": "2020-06-14 10:05:09"}}
{"target": 14.125, "params": {"beta_enc": 0.9688980220749455, "gamma_fc": 0.10864275679110358, "beta_rec": 0.9685919850469754, "cue_position": 0.0, "gamma_cf": 0.9444952037855299}, "datetime": {"elapsed": 1181.912413, "delta": 12.580569, "datetime": "2020-06-14 10:05:22"}}
{"target": 14.75, "params": {"beta_enc": 0.8766550344066547, "gamma_fc": 0.10126099894065699, "beta_rec": 0.9880763761950919, "cue_position": 0.0, "gamma_cf": 0.9699785211330325}, "datetime": {"elapsed": 1194.450681, "delta": 12.538268, "datetime": "2020-06-14 10:05:34"}}
{"target": 13.5, "params": {"beta_enc": 0.9216472657646363, "gamma_fc": 0.0793702850207556, "beta_rec": 0.9682885041080873, "cue_position": 0.0, "gamma_cf": 0.9091416375190593}, "datetime": {"elapsed": 1206.967281, "delta": 12.5166, "datetime": "2020-06-14 10:05:47"}}
{"target": 14.25, "params": {"beta_enc": 0.892277180321283, "gamma_fc": 0.09274137990041686, "beta_rec": 0.9993051798002499, "cue_position": 0.0, "gamma_cf": 0.9186894648072941}, "datetime": {"elapsed": 1219.422641, "delta": 12.45536, "datetime": "2020-06-14 10:05:59"}}
{"target": 15.25, "params": {"beta_enc": 0.893790137319584, "gamma_fc": 0.10185992073849426, "beta_rec": 0.9916520274792429, "cue_position": 0.0, "gamma_cf": 0.9877775363498622}, "datetime": {"elapsed": 1232.277506, "delta": 12.854865, "datetime": "2020-06-14 10:06:12"}}
{"target": 13.0, "params": {"beta_enc": 0.9135959677291124, "gamma_fc": 0.11298590755333493, "beta_rec": 0.9634659588456066, "cue_position": 0.0, "gamma_cf": 0.9298125379540846}, "datetime": {"elapsed": 1245.091977, "delta": 12.814471, "datetime": "2020-06-14 10:06:25"}}
{"target": 13.625, "params": {"beta_enc": 0.9310299252188088, "gamma_fc": 0.1489794581345864, "beta_rec": 0.9508536528361143, "cue_position": 0.0, "gamma_cf": 0.9406239262718701}, "datetime": {"elapsed": 1257.898829, "delta": 12.806852, "datetime": "2020-06-14 10:06:38"}}
{"target": 15.375, "params": {"beta_enc": 0.893559303414673, "gamma_fc": 0.11427399340315159, "beta_rec": 0.9829781442368429, "cue_position": 0.0, "gamma_cf": 0.9226796657939922}, "datetime": {"elapsed": 1270.744757, "delta": 12.845928, "datetime": "2020-06-14 10:06:51"}}
{"target": 15.375, "params": {"beta_enc": 0.9288297282761906, "gamma_fc": 0.10433655128277819, "beta_rec": 0.996464910787481, "cue_position": 0.0, "gamma_cf": 0.9012309998776634}, "datetime": {"elapsed": 1283.5934, "delta": 12.848643, "datetime": "2020-06-14 10:07:03"}}
{"target": 14.75, "params": {"beta_enc": 0.8984064094116874, "gamma_fc": 0.07200680090316602, "beta_rec": 0.9834738786951113, "cue_position": 0.0, "gamma_cf": 0.9436957894361911}, "datetime": {"elapsed": 1296.489344, "delta": 12.895944, "datetime": "2020-06-14 10:07:16"}}
{"target": 15.5, "params": {"beta_enc": 0.9223655931524987, "gamma_fc": 0.09660738065277552, "beta_rec": 0.9950490603447336, "cue_position": 0.0, "gamma_cf": 0.9825331054634324}, "datetime": {"elapsed": 1309.117797, "delta": 12.628453, "datetime": "2020-06-14 10:07:29"}}
{"target": 15.125, "params": {"beta_enc": 0.9132995935840972, "gamma_fc": 0.0944254943886742, "beta_rec": 0.9848328083393697, "cue_position": 0.0, "gamma_cf": 0.8960655795942403}, "datetime": {"elapsed": 1321.481073, "delta": 12.363276, "datetime": "2020-06-14 10:07:41"}}
{"target": 14.875, "params": {"beta_enc": 0.9258365474167889, "gamma_fc": 0.05277817865450629, "beta_rec": 0.9947341548062792, "cue_position": 0.0, "gamma_cf": 0.9507791600586061}, "datetime": {"elapsed": 1334.098249, "delta": 12.617176, "datetime": "2020-06-14 10:07:54"}}
{"target": 14.5, "params": {"beta_enc": 0.9210629352866173, "gamma_fc": 0.16060908846284627, "beta_rec": 0.9883090538257628, "cue_position": 0.0, "gamma_cf": 0.9090916227378288}, "datetime": {"elapsed": 1346.723698, "delta": 12.625449, "datetime": "2020-06-14 10:08:07"}}
{"target": 15.0, "params": {"beta_enc": 0.944481052316866, "gamma_fc": 0.06628764008958432, "beta_rec": 0.9552443679284326, "cue_position": 0.0, "gamma_cf": 0.9673112446999977}, "datetime": {"elapsed": 1359.683495, "delta": 12.959797, "datetime": "2020-06-14 10:08:19"}}
{"target": 12.375, "params": {"beta_enc": 0.931147770403006, "gamma_fc": 0.10171079788116977, "beta_rec": 0.9639519541798665, "cue_position": 0.0, "gamma_cf": 0.8865409655139228}, "datetime": {"elapsed": 1372.482557, "delta": 12.799062, "datetime": "2020-06-14 10:08:32"}}
{"target": 15.375, "params": {"beta_enc": 0.8912454581488662, "gamma_fc": 0.11611478310645573, "beta_rec": 0.9699546200956186, "cue_position": 0.0, "gamma_cf": 0.912920606418553}, "datetime": {"elapsed": 1385.307357, "delta": 12.8248, "datetime": "2020-06-14 10:08:45"}}
{"target": 15.75, "params": {"beta_enc": 0.929989345632186, "gamma_fc": 0.08678611952888304, "beta_rec": 0.9961146034888959, "cue_position": 0.0, "gamma_cf": 0.9534367168816135}, "datetime": {"elapsed": 1398.099662, "delta": 12.792305, "datetime": "2020-06-14 10:08:58"}}
{"target": 13.625, "params": {"beta_enc": 0.9579231348996176, "gamma_fc": 0.09180517257360543, "beta_rec": 0.9580326486828864, "cue_position": 0.0, "gamma_cf": 0.908861987250794}, "datetime": {"elapsed": 1411.108302, "delta": 13.00864, "datetime": "2020-06-14 10:09:11"}}
{"target": 15.25, "params": {"beta_enc": 0.8921919379352797, "gamma_fc": 0.10934510172068912, "beta_rec": 0.9670941104506894, "cue_position": 0.0, "gamma_cf": 0.9327433913695822}, "datetime": {"elapsed": 1423.934396, "delta": 12.826094, "datetime": "2020-06-14 10:09:24"}}
{"target": 15.0, "params": {"beta_enc": 0.8979973465709117, "gamma_fc": 0.18507693438783035, "beta_rec": 0.9530827905525235, "cue_position": 0.0, "gamma_cf": 0.9172403880834494}, "datetime": {"elapsed": 1436.904141, "delta": 12.969745, "datetime": "2020-06-14 10:09:37"}}
{"target": 15.625, "params": {"beta_enc": 0.9234403994541608, "gamma_fc": 0.09452915198332645, "beta_rec": 0.9698469117353887, "cue_position": 0.0, "gamma_cf": 0.9140562795998463}, "datetime": {"elapsed": 1450.127098, "delta": 13.222957, "datetime": "2020-06-14 10:09:50"}}
{"target": 13.625, "params": {"beta_enc": 0.8971765867706983, "gamma_fc": 0.07423181068361318, "beta_rec": 0.9616580556865948, "cue_position": 0.0, "gamma_cf": 0.9485189694585917}, "datetime": {"elapsed": 1463.220161, "delta": 13.093063, "datetime": "2020-06-14 10:10:03"}}
{"target": 14.75, "params": {"beta_enc": 0.899246105596752, "gamma_fc": 0.21048389120549693, "beta_rec": 0.9472957928371367, "cue_position": 0.0, "gamma_cf": 0.9096922976804733}, "datetime": {"elapsed": 1476.409494, "delta": 13.189333, "datetime": "2020-06-14 10:10:16"}}
{"target": 14.875, "params": {"beta_enc": 0.8987544539800549, "gamma_fc": 0.0997039119316272, "beta_rec": 0.9720929512664275, "cue_position": 0.0, "gamma_cf": 0.9653099188959735}, "datetime": {"elapsed": 1489.64315, "delta": 13.233656, "datetime": "2020-06-14 10:10:29"}}
{"target": 14.75, "params": {"beta_enc": 0.9063814512564174, "gamma_fc": 0.09803046484307254, "beta_rec": 0.9938844970907139, "cue_position": 0.0, "gamma_cf": 0.9932010165776542}, "datetime": {"elapsed": 1502.944685, "delta": 13.301535, "datetime": "2020-06-14 10:10:43"}}
{"target": 15.0, "params": {"beta_enc": 0.9193739272845021, "gamma_fc": 0.09761556964645124, "beta_rec": 0.9877957235866781, "cue_position": 0.0, "gamma_cf": 0.9563028883349041}, "datetime": {"elapsed": 1516.292744, "delta": 13.348059, "datetime": "2020-06-14 10:10:56"}}
{"target": 14.75, "params": {"beta_enc": 0.904498937498812, "gamma_fc": 0.14516616981674657, "beta_rec": 0.9767208431198995, "cue_position": 0.0, "gamma_cf": 0.9215816684383423}, "datetime": {"elapsed": 1529.464245, "delta": 13.171501, "datetime": "2020-06-14 10:11:09"}}
{"target": 15.5, "params": {"beta_enc": 0.9064428708430421, "gamma_fc": 0.07952852782731112, "beta_rec": 0.9720401231539437, "cue_position": 0.0, "gamma_cf": 0.9539464681447624}, "datetime": {"elapsed": 1542.840536, "delta": 13.376291, "datetime": "2020-06-14 10:11:23"}}
{"target": 15.625, "params": {"beta_enc": 0.9008821044952096, "gamma_fc": 0.1396978226833836, "beta_rec": 0.9910475604441691, "cue_position": 0.0, "gamma_cf": 0.9609753198761355}, "datetime": {"elapsed": 1556.275561, "delta": 13.435025, "datetime": "2020-06-14 10:11:36"}}
{"target": 15.75, "params": {"beta_enc": 0.9302777314863017, "gamma_fc": 0.0653014354721686, "beta_rec": 0.9346727205328598, "cue_position": 0.0, "gamma_cf": 0.9819780875335269}, "datetime": {"elapsed": 1569.753646, "delta": 13.478085, "datetime": "2020-06-14 10:11:50"}}
{"target": 14.75, "params": {"beta_enc": 0.8955597257983873, "gamma_fc": 0.11629854694601593, "beta_rec": 0.9956669710739018, "cue_position": 0.0, "gamma_cf": 0.9474653363270179}, "datetime": {"elapsed": 1583.317409, "delta": 13.563763, "datetime": "2020-06-14 10:12:03"}}
{"target": 14.5, "params": {"beta_enc": 0.9095167187937365, "gamma_fc": 0.10649106499468952, "beta_rec": 0.9646323725033602, "cue_position": 0.0, "gamma_cf": 0.8898253564432702}, "datetime": {"elapsed": 1596.920622, "delta": 13.603213, "datetime": "2020-06-14 10:12:17"}}
{"target": 15.0, "params": {"beta_enc": 0.8951289689826873, "gamma_fc": 0.1129640330909425, "beta_rec": 0.9764279315428955, "cue_position": 0.0, "gamma_cf": 0.9492288623987494}, "datetime": {"elapsed": 1610.706771, "delta": 13.786149, "datetime": "2020-06-14 10:12:31"}}
{"target": 15.125, "params": {"beta_enc": 0.8922544763004573, "gamma_fc": 0.13415883071473556, "beta_rec": 0.9891647365553623, "cue_position": 0.0, "gamma_cf": 0.9658295003466886}, "datetime": {"elapsed": 1624.728333, "delta": 14.021562, "datetime": "2020-06-14 10:12:45"}}
{"target": 15.375, "params": {"beta_enc": 0.9103002398401793, "gamma_fc": 0.06595801630091402, "beta_rec": 0.9978948702533288, "cue_position": 0.0, "gamma_cf": 0.9547727679915828}, "datetime": {"elapsed": 1639.370418, "delta": 14.642085, "datetime": "2020-06-14 10:12:59"}}
{"target": 15.375, "params": {"beta_enc": 0.9129285456463504, "gamma_fc": 0.0737946238593501, "beta_rec": 0.9883892938718061, "cue_position": 0.0, "gamma_cf": 0.948203040718161}, "datetime": {"elapsed": 1654.221396, "delta": 14.850978, "datetime": "2020-06-14 10:13:14"}}
{"target": 15.75, "params": {"beta_enc": 0.8824495645954493, "gamma_fc": 0.10644568927639098, "beta_rec": 0.9802474989415426, "cue_position": 0.0, "gamma_cf": 0.9878298064365787}, "datetime": {"elapsed": 1669.507897, "delta": 15.286501, "datetime": "2020-06-14 10:13:29"}}
{"target": 14.75, "params": {"beta_enc": 0.9141798743651609, "gamma_fc": 0.06249128021488648, "beta_rec": 0.9892750722393694, "cue_position": 0.0, "gamma_cf": 0.9395956155550845}, "datetime": {"elapsed": 1684.874669, "delta": 15.366772, "datetime": "2020-06-14 10:13:45"}}
{"target": 12.625, "params": {"beta_enc": 0.8898468322024385, "gamma_fc": 0.1733383985354121, "beta_rec": 0.966239707966237, "cue_position": 0.0, "gamma_cf": 0.9037058740883013}, "datetime": {"elapsed": 1700.229767, "delta": 15.355098, "datetime": "2020-06-14 10:14:00"}}
{"target": 12.625, "params": {"beta_enc": 0.9730990050065453, "gamma_fc": 0.09093034797358635, "beta_rec": 0.9722558437875277, "cue_position": 0.0, "gamma_cf": 0.927787636351221}, "datetime": {"elapsed": 1715.528785, "delta": 15.299018, "datetime": "2020-06-14 10:14:15"}}
{"target": 14.0, "params": {"beta_enc": 0.9313156565280432, "gamma_fc": 0.12431315886262684, "beta_rec": 0.9938888726791432, "cue_position": 0.0, "gamma_cf": 0.8999566116996823}, "datetime": {"elapsed": 1731.140233, "delta": 15.611448, "datetime": "2020-06-14 10:14:31"}}
