{"target": 6.950444444444445, "params": {"beta_enc": 0.5336533449712114, "gamma_fc": 0.43359232727316455, "cue_position": 10.0, "k": 3.0, "beta_rec": 0.31446701118584963, "enc_rate": 1.0}, "datetime": {"elapsed": 3364.355051, "delta": 52.248514, "datetime": "2021-04-07 12:09:39"}}
{"target": 5.098444444444445, "params": {"beta_enc": 0.9388864773697133, "gamma_fc": 0.027287223517468817, "cue_position": 10.0, "k": 3.0, "beta_rec": 0.030949006271150714, "enc_rate": 1.0}, "datetime": {"elapsed": 3408.294289, "delta": 43.939238, "datetime": "2021-04-07 12:10:23"}}
{"target": 7.42911111111111, "params": {"beta_enc": 0.3259898117700253, "gamma_fc": 0.45285349995153745, "cue_position": 10.0, "k": 3.0, "beta_rec": 0.8594893208655858, "enc_rate": 1.0}, "datetime": {"elapsed": 3462.71541, "delta": 54.421121, "datetime": "2021-04-07 12:11:17"}}
{"target": 7.4464444444444435, "params": {"beta_enc": 0.2900968516874258, "gamma_fc": 0.5172675985011298, "cue_position": 10.0, "k": 3.0, "beta_rec": 0.009348577966515781, "enc_rate": 1.0}, "datetime": {"elapsed": 3517.228451, "delta": 54.513041, "datetime": "2021-04-07 12:12:12"}}
{"target": 7.295111111111112, "params": {"beta_enc": 0.426474788501396, "gamma_fc": 0.9368683813090937, "cue_position": 10.0, "k": 3.0, "beta_rec": 0.2473960366023854, "enc_rate": 1.0}, "datetime": {"elapsed": 3570.980074, "delta": 53.751623, "datetime": "2021-04-07 12:13:06"}}
{"target": 5.724444444444444, "params": {"beta_enc": 0.9202065143056605, "gamma_fc": 0.31437661611405043, "cue_position": 10.0, "k": 3.0, "beta_rec": 0.22790028995131695, "enc_rate": 1.0}, "datetime": {"elapsed": 3617.720208, "delta": 46.740134, "datetime": "2021-04-07 12:13:52"}}
{"target": 6.860444444444444, "params": {"beta_enc": 0.6070941619724605, "gamma_fc": 0.7018765297563104, "cue_position": 10.0, "k": 3.0, "beta_rec": 0.41358641500116133, "enc_rate": 1.0}, "datetime": {"elapsed": 3670.360565, "delta": 52.640357, "datetime": "2021-04-07 12:14:45"}}
{"target": 6.935333333333334, "params": {"beta_enc": 0.5742190888408597, "gamma_fc": 0.6641025553547935, "cue_position": 10.0, "k": 3.0, "beta_rec": 0.34898759722078887, "enc_rate": 1.0}, "datetime": {"elapsed": 3722.608585, "delta": 52.24802, "datetime": "2021-04-07 12:15:37"}}
{"target": 7.002888888888888, "params": {"beta_enc": 0.5190159840736788, "gamma_fc": 0.8168351087916219, "cue_position": 10.0, "k": 3.0, "beta_rec": 0.1747201501089225, "enc_rate": 1.0}, "datetime": {"elapsed": 3775.277666, "delta": 52.669081, "datetime": "2021-04-07 12:16:30"}}
{"target": 5.499555555555556, "params": {"beta_enc": 0.9759890683309049, "gamma_fc": 0.09357709581748075, "cue_position": 10.0, "k": 3.0, "beta_rec": 0.9015625846693213, "enc_rate": 1.0}, "datetime": {"elapsed": 3821.087967, "delta": 45.810301, "datetime": "2021-04-07 12:17:16"}}
{"target": 7.277333333333334, "params": {"beta_enc": 0.4517331486914753, "gamma_fc": 0.9727875919326552, "cue_position": 10.0, "k": 3.0, "beta_rec": 0.37543483316785775, "enc_rate": 1.0}, "datetime": {"elapsed": 3874.959134, "delta": 53.871167, "datetime": "2021-04-07 12:18:10"}}
{"target": 6.066888888888888, "params": {"beta_enc": 0.8242378396244978, "gamma_fc": 0.013136356923072245, "cue_position": 10.0, "k": 3.0, "beta_rec": 0.6326158167779973, "enc_rate": 1.0}, "datetime": {"elapsed": 3923.224005, "delta": 48.264871, "datetime": "2021-04-07 12:18:58"}}
{"target": 6.866888888888889, "params": {"beta_enc": 0.49207180149355845, "gamma_fc": 0.13766274094560316, "cue_position": 10.0, "k": 3.0, "beta_rec": 0.7300912110901043, "enc_rate": 1.0}, "datetime": {"elapsed": 3974.908945, "delta": 51.68494, "datetime": "2021-04-07 12:19:50"}}
{"target": 6.113111111111111, "params": {"beta_enc": 0.7582782604769962, "gamma_fc": 0.33870802548167966, "cue_position": 10.0, "k": 3.0, "beta_rec": 0.3199528380776784, "enc_rate": 1.0}, "datetime": {"elapsed": 4023.508855, "delta": 48.59991, "datetime": "2021-04-07 12:20:38"}}
{"target": 6.247333333333333, "params": {"beta_enc": 0.7548914570605327, "gamma_fc": 0.5045191697009946, "cue_position": 10.0, "k": 3.0, "beta_rec": 0.46385778390029564, "enc_rate": 1.0}, "datetime": {"elapsed": 4072.809606, "delta": 49.300751, "datetime": "2021-04-07 12:21:27"}}
{"target": 5.884444444444444, "params": {"beta_enc": 0.7701499563120922, "gamma_fc": 0.8099887106624163, "cue_position": 10.0, "k": 3.0, "beta_rec": 0.13033578095435427, "enc_rate": 1.0}, "datetime": {"elapsed": 4120.329656, "delta": 47.52005, "datetime": "2021-04-07 12:22:15"}}
{"target": 6.638888888888888, "params": {"beta_enc": 0.6724698446537339, "gamma_fc": 0.6443610847569929, "cue_position": 10.0, "k": 3.0, "beta_rec": 0.6868082266569918, "enc_rate": 1.0}, "datetime": {"elapsed": 4171.320535, "delta": 50.990879, "datetime": "2021-04-07 12:23:06"}}
{"target": 7.220222222222222, "params": {"beta_enc": 0.4844284455143756, "gamma_fc": 0.6736984238986317, "cue_position": 10.0, "k": 3.0, "beta_rec": 0.8593178060976, "enc_rate": 1.0}, "datetime": {"elapsed": 4224.844875, "delta": 53.52434, "datetime": "2021-04-07 12:24:00"}}
{"target": 7.4542222222222225, "params": {"beta_enc": 0.27411977516685215, "gamma_fc": 0.8558283672539277, "cue_position": 10.0, "k": 3.0, "beta_rec": 0.5605299905360588, "enc_rate": 1.0}, "datetime": {"elapsed": 4281.027311, "delta": 56.182436, "datetime": "2021-04-07 12:24:56"}}
{"target": 6.239555555555556, "params": {"beta_enc": 0.7473208103319232, "gamma_fc": 0.8076984091122095, "cue_position": 10.0, "k": 3.0, "beta_rec": 0.2896027461868774, "enc_rate": 1.0}, "datetime": {"elapsed": 4330.310396, "delta": 49.283085, "datetime": "2021-04-07 12:25:45"}}
{"target": 7.526666666666666, "params": {"beta_enc": 0.21369323762958115, "gamma_fc": 0.7444731530777321, "cue_position": 10.0, "k": 3.0, "beta_rec": 0.7672845084217665, "enc_rate": 1.0}, "datetime": {"elapsed": 4385.06032, "delta": 54.749924, "datetime": "2021-04-07 12:26:40"}}
{"target": 7.482666666666667, "params": {"beta_enc": 0.21411213682064845, "gamma_fc": 0.026627884691621473, "cue_position": 10.0, "k": 3.0, "beta_rec": 0.1989479234270667, "enc_rate": 1.0}, "datetime": {"elapsed": 4439.678611, "delta": 54.618291, "datetime": "2021-04-07 12:27:34"}}
{"target": 6.530000000000001, "params": {"beta_enc": 0.6745640237634105, "gamma_fc": 0.20762566180381437, "cue_position": 10.0, "k": 3.0, "beta_rec": 0.7997765368973863, "enc_rate": 1.0}, "datetime": {"elapsed": 4490.135109, "delta": 50.456498, "datetime": "2021-04-07 12:28:25"}}
{"target": 6.407333333333332, "params": {"beta_enc": 0.7113145181364867, "gamma_fc": 0.43530595762951996, "cue_position": 10.0, "k": 3.0, "beta_rec": 0.5538846110514143, "enc_rate": 1.0}, "datetime": {"elapsed": 4541.350934, "delta": 51.215825, "datetime": "2021-04-07 12:29:16"}}
{"target": 6.349111111111111, "params": {"beta_enc": 0.7060518043359332, "gamma_fc": 0.15983365034409336, "cue_position": 10.0, "k": 3.0, "beta_rec": 0.47803130796528337, "enc_rate": 1.0}, "datetime": {"elapsed": 4591.424687, "delta": 50.073753, "datetime": "2021-04-07 12:30:06"}}
{"target": 7.046666666666667, "params": {"beta_enc": 0.43118175516037094, "gamma_fc": 0.18874506687718595, "cue_position": 10.0, "k": 3.0, "beta_rec": 0.40420190577514725, "enc_rate": 1.0}, "datetime": {"elapsed": 4643.99078, "delta": 52.566093, "datetime": "2021-04-07 12:30:59"}}
{"target": 6.097777777777779, "params": {"beta_enc": 0.7543059505762987, "gamma_fc": 0.6382187106203334, "cue_position": 10.0, "k": 3.0, "beta_rec": 0.21073239208332073, "enc_rate": 1.0}, "datetime": {"elapsed": 4692.56303, "delta": 48.57225, "datetime": "2021-04-07 12:31:47"}}
{"target": 7.480444444444444, "params": {"beta_enc": 0.29548228565549706, "gamma_fc": 0.7821818168314053, "cue_position": 10.0, "k": 3.0, "beta_rec": 0.7316064712415088, "enc_rate": 1.0}, "datetime": {"elapsed": 4747.238845, "delta": 54.675815, "datetime": "2021-04-07 12:32:42"}}
{"target": 5.937111111111111, "params": {"beta_enc": 0.8352716024899659, "gamma_fc": 0.08010364380604929, "cue_position": 10.0, "k": 3.0, "beta_rec": 0.1922500168221477, "enc_rate": 1.0}, "datetime": {"elapsed": 4794.929806, "delta": 47.690961, "datetime": "2021-04-07 12:33:30"}}
{"target": 7.25, "params": {"beta_enc": 0.37015417755373825, "gamma_fc": 0.20645405888943302, "cue_position": 10.0, "k": 3.0, "beta_rec": 0.5306974384761395, "enc_rate": 1.0}, "datetime": {"elapsed": 4848.793739, "delta": 53.863933, "datetime": "2021-04-07 12:34:23"}}
{"target": 7.113333333333334, "params": {"beta_enc": 0.5079216999452875, "gamma_fc": 0.7875518396525072, "cue_position": 10.0, "k": 3.0, "beta_rec": 0.2615495518329871, "enc_rate": 1.0}, "datetime": {"elapsed": 4902.143003, "delta": 53.349264, "datetime": "2021-04-07 12:35:17"}}
{"target": 4.100888888888889, "params": {"beta_enc": 0.9857088237131878, "gamma_fc": 0.7871162896558341, "cue_position": 10.0, "k": 3.0, "beta_rec": 0.17716116443841734, "enc_rate": 1.0}, "datetime": {"elapsed": 4941.315165, "delta": 39.172162, "datetime": "2021-04-07 12:35:56"}}
{"target": 6.905333333333333, "params": {"beta_enc": 0.5279039784081266, "gamma_fc": 0.2166172083287794, "cue_position": 10.0, "k": 3.0, "beta_rec": 0.7400775431590716, "enc_rate": 1.0}, "datetime": {"elapsed": 4993.267287, "delta": 51.952122, "datetime": "2021-04-07 12:36:48"}}
{"target": 6.187111111111111, "params": {"beta_enc": 0.7229151935562137, "gamma_fc": 0.8602369974231152, "cue_position": 10.0, "k": 3.0, "beta_rec": 0.17654903427708302, "enc_rate": 1.0}, "datetime": {"elapsed": 5042.144558, "delta": 48.877271, "datetime": "2021-04-07 12:37:37"}}
{"target": 7.2042222222222225, "params": {"beta_enc": 0.4032204721058492, "gamma_fc": 0.2780850486129828, "cue_position": 10.0, "k": 3.0, "beta_rec": 0.7587469310223366, "enc_rate": 1.0}, "datetime": {"elapsed": 5095.455401, "delta": 53.310843, "datetime": "2021-04-07 12:38:30"}}
{"target": 4.6033333333333335, "params": {"beta_enc": 0.9339026083148878, "gamma_fc": 0.706956245248761, "cue_position": 10.0, "k": 3.0, "beta_rec": 0.8578971045378938, "enc_rate": 1.0}, "datetime": {"elapsed": 5136.974723, "delta": 41.519322, "datetime": "2021-04-07 12:39:12"}}
{"target": 7.3197777777777775, "params": {"beta_enc": 0.3748759435368594, "gamma_fc": 0.4018659239678374, "cue_position": 10.0, "k": 3.0, "beta_rec": 0.7703225253299576, "enc_rate": 1.0}, "datetime": {"elapsed": 5191.148841, "delta": 54.174118, "datetime": "2021-04-07 12:40:06"}}
{"target": 7.530222222222221, "params": {"beta_enc": 0.0031128578251921057, "gamma_fc": 0.12076718430922972, "cue_position": 10.0, "k": 3.0, "beta_rec": 0.7748966467245978, "enc_rate": 1.0}, "datetime": {"elapsed": 5246.225605, "delta": 55.076764, "datetime": "2021-04-07 12:41:01"}}
{"target": 7.322444444444445, "params": {"beta_enc": 0.3020967312900983, "gamma_fc": 0.13835468979294652, "cue_position": 10.0, "k": 3.0, "beta_rec": 0.8830285085638342, "enc_rate": 1.0}, "datetime": {"elapsed": 5300.438978, "delta": 54.213373, "datetime": "2021-04-07 12:41:55"}}
{"target": 6.863111111111111, "params": {"beta_enc": 0.6138710897412526, "gamma_fc": 0.8281353607315121, "cue_position": 10.0, "k": 3.0, "beta_rec": 0.3241385298974466, "enc_rate": 1.0}, "datetime": {"elapsed": 5352.998943, "delta": 52.559965, "datetime": "2021-04-07 12:42:48"}}
{"target": 7.366444444444444, "params": {"beta_enc": 0.3456988211755023, "gamma_fc": 0.31476568732401644, "cue_position": 10.0, "k": 3.0, "beta_rec": 0.6749716048091052, "enc_rate": 1.0}, "datetime": {"elapsed": 5407.255673, "delta": 54.25673, "datetime": "2021-04-07 12:43:42"}}
{"target": 5.46111111111111, "params": {"beta_enc": 0.8773604746948126, "gamma_fc": 0.6562293317171314, "cue_position": 10.0, "k": 3.0, "beta_rec": 0.4476890001456285, "enc_rate": 1.0}, "datetime": {"elapsed": 5452.956214, "delta": 45.700541, "datetime": "2021-04-07 12:44:28"}}
{"target": 7.304888888888888, "params": {"beta_enc": 0.43298150696764814, "gamma_fc": 0.5047006080958943, "cue_position": 10.0, "k": 3.0, "beta_rec": 0.9093119886549367, "enc_rate": 1.0}, "datetime": {"elapsed": 5503.630149, "delta": 50.673935, "datetime": "2021-04-07 12:45:18"}}
{"target": 5.464222222222222, "params": {"beta_enc": 0.8428998401928499, "gamma_fc": 0.5178600481723219, "cue_position": 10.0, "k": 3.0, "beta_rec": 0.06780693434095375, "enc_rate": 1.0}, "datetime": {"elapsed": 5549.021013, "delta": 45.390864, "datetime": "2021-04-07 12:46:04"}}
{"target": 5.538888888888889, "params": {"beta_enc": 0.8479393924434762, "gamma_fc": 0.9488362882802196, "cue_position": 10.0, "k": 3.0, "beta_rec": 0.25163914235585283, "enc_rate": 1.0}, "datetime": {"elapsed": 5594.752431, "delta": 45.731418, "datetime": "2021-04-07 12:46:49"}}
{"target": 5.128444444444445, "params": {"beta_enc": 0.8379779620477293, "gamma_fc": 0.3221295136147696, "cue_position": 10.0, "k": 3.0, "beta_rec": 0.007932876194523097, "enc_rate": 1.0}, "datetime": {"elapsed": 5639.994229, "delta": 45.241798, "datetime": "2021-04-07 12:47:35"}}
{"target": 7.521333333333334, "params": {"beta_enc": 0.008939102371245067, "gamma_fc": 0.2557451938059312, "cue_position": 10.0, "k": 3.0, "beta_rec": 0.8227300054219355, "enc_rate": 1.0}, "datetime": {"elapsed": 5696.889529, "delta": 56.8953, "datetime": "2021-04-07 12:48:32"}}
{"target": 7.037777777777778, "params": {"beta_enc": 0.47786200443222115, "gamma_fc": 0.49154515001693533, "cue_position": 10.0, "k": 3.0, "beta_rec": 0.13433860865569613, "enc_rate": 1.0}, "datetime": {"elapsed": 5749.553203, "delta": 52.663674, "datetime": "2021-04-07 12:49:24"}}
{"target": 7.094444444444444, "params": {"beta_enc": 0.41857802576409864, "gamma_fc": 0.1895517028339273, "cue_position": 10.0, "k": 3.0, "beta_rec": 0.6834649001663011, "enc_rate": 1.0}, "datetime": {"elapsed": 5802.703211, "delta": 53.150008, "datetime": "2021-04-07 12:50:17"}}
{"target": 7.4335555555555555, "params": {"beta_enc": 0.2942156882442547, "gamma_fc": 0.7159456994623945, "cue_position": 10.0, "k": 3.0, "beta_rec": 0.10345955611640134, "enc_rate": 1.0}, "datetime": {"elapsed": 5857.131613, "delta": 54.428402, "datetime": "2021-04-07 12:51:12"}}
{"target": 5.948222222222222, "params": {"beta_enc": 0.7945783511847522, "gamma_fc": 0.7778484768591754, "cue_position": 10.0, "k": 3.0, "beta_rec": 0.5070799232841364, "enc_rate": 1.0}, "datetime": {"elapsed": 5904.548747, "delta": 47.417134, "datetime": "2021-04-07 12:51:59"}}
{"target": 6.4399999999999995, "params": {"beta_enc": 0.6477706331874812, "gamma_fc": 0.4086372250132624, "cue_position": 10.0, "k": 3.0, "beta_rec": 0.1797942976929744, "enc_rate": 1.0}, "datetime": {"elapsed": 5954.368191, "delta": 49.819444, "datetime": "2021-04-07 12:52:49"}}
{"target": 7.396000000000001, "params": {"beta_enc": 0.4069219941293579, "gamma_fc": 0.6363061258559836, "cue_position": 10.0, "k": 3.0, "beta_rec": 0.9752223424373121, "enc_rate": 1.0}, "datetime": {"elapsed": 6008.073079, "delta": 53.704888, "datetime": "2021-04-07 12:53:43"}}
{"target": 5.800888888888889, "params": {"beta_enc": 0.8574844990835966, "gamma_fc": 0.43293850873416306, "cue_position": 10.0, "k": 3.0, "beta_rec": 0.6195867393685738, "enc_rate": 1.0}, "datetime": {"elapsed": 6055.152522, "delta": 47.079443, "datetime": "2021-04-07 12:54:30"}}
{"target": 7.351777777777778, "params": {"beta_enc": 0.33027693652508094, "gamma_fc": 0.2952887943998478, "cue_position": 10.0, "k": 3.0, "beta_rec": 0.6973688756131394, "enc_rate": 1.0}, "datetime": {"elapsed": 6109.343835, "delta": 54.191313, "datetime": "2021-04-07 12:55:24"}}
{"target": 7.215111111111111, "params": {"beta_enc": 0.4879214918052024, "gamma_fc": 0.585348458938251, "cue_position": 10.0, "k": 3.0, "beta_rec": 0.8553564125953698, "enc_rate": 1.0}, "datetime": {"elapsed": 6162.8224, "delta": 53.478565, "datetime": "2021-04-07 12:56:17"}}
{"target": 7.339111111111111, "params": {"beta_enc": 0.4461172190344297, "gamma_fc": 0.6824537097668154, "cue_position": 10.0, "k": 3.0, "beta_rec": 0.9218683054838154, "enc_rate": 1.0}, "datetime": {"elapsed": 6216.832499, "delta": 54.010099, "datetime": "2021-04-07 12:57:11"}}
{"target": 7.526888888888889, "params": {"beta_enc": 0.013767512557716799, "gamma_fc": 0.7797442954825999, "cue_position": 10.0, "k": 3.0, "beta_rec": 0.4167239623706961, "enc_rate": 1.0}, "datetime": {"elapsed": 6271.753119, "delta": 54.92062, "datetime": "2021-04-07 12:58:06"}}
{"target": 7.357333333333334, "params": {"beta_enc": 0.34195283630245243, "gamma_fc": 0.6884973179489188, "cue_position": 10.0, "k": 3.0, "beta_rec": 0.14459772083809674, "enc_rate": 1.0}, "datetime": {"elapsed": 6325.86194, "delta": 54.108821, "datetime": "2021-04-07 12:59:01"}}
{"target": 6.288666666666667, "params": {"beta_enc": 0.6923601216234089, "gamma_fc": 0.3553079116201222, "cue_position": 10.0, "k": 3.0, "beta_rec": 0.22729754091594956, "enc_rate": 1.0}, "datetime": {"elapsed": 6376.828366, "delta": 50.966426, "datetime": "2021-04-07 12:59:51"}}
{"target": 6.570444444444445, "params": {"beta_enc": 0.6316466268659396, "gamma_fc": 0.16994071421725776, "cue_position": 10.0, "k": 3.0, "beta_rec": 0.7073166026816995, "enc_rate": 1.0}, "datetime": {"elapsed": 6427.631009, "delta": 50.802643, "datetime": "2021-04-07 13:00:42"}}
{"target": 7.123555555555557, "params": {"beta_enc": 0.5141750435258828, "gamma_fc": 0.42893233402990294, "cue_position": 10.0, "k": 3.0, "beta_rec": 0.8753327263545391, "enc_rate": 1.0}, "datetime": {"elapsed": 6481.548466, "delta": 53.917457, "datetime": "2021-04-07 13:01:36"}}
{"target": 7.531333333333333, "params": {"beta_enc": 0.16151077048601192, "gamma_fc": 0.8003322457764017, "cue_position": 10.0, "k": 3.0, "beta_rec": 0.34244064113481054, "enc_rate": 1.0}, "datetime": {"elapsed": 6536.645962, "delta": 55.097496, "datetime": "2021-04-07 13:02:31"}}
{"target": 6.652444444444444, "params": {"beta_enc": 0.6070154607890389, "gamma_fc": 0.8596509535692011, "cue_position": 10.0, "k": 3.0, "beta_rec": 0.14546561026621996, "enc_rate": 1.0}, "datetime": {"elapsed": 6587.631008, "delta": 50.985046, "datetime": "2021-04-07 13:03:22"}}
{"target": 6.481999999999999, "params": {"beta_enc": 0.633474012622421, "gamma_fc": 0.9482991740726651, "cue_position": 10.0, "k": 3.0, "beta_rec": 0.12475130006917923, "enc_rate": 1.0}, "datetime": {"elapsed": 6638.33277, "delta": 50.701762, "datetime": "2021-04-07 13:04:13"}}
{"target": 7.521777777777777, "params": {"beta_enc": 0.15172487103197363, "gamma_fc": 0.42803746946827015, "cue_position": 10.0, "k": 3.0, "beta_rec": 0.639126848719905, "enc_rate": 1.0}, "datetime": {"elapsed": 6693.330474, "delta": 54.997704, "datetime": "2021-04-07 13:05:08"}}
{"target": 6.0808888888888895, "params": {"beta_enc": 0.8499698885159654, "gamma_fc": 0.06473998344154885, "cue_position": 10.0, "k": 3.0, "beta_rec": 0.7511210403719374, "enc_rate": 1.0}, "datetime": {"elapsed": 6741.763771, "delta": 48.433297, "datetime": "2021-04-07 13:05:56"}}
{"target": 7.525111111111111, "params": {"beta_enc": 0.05299454266798953, "gamma_fc": 0.6236704109977018, "cue_position": 10.0, "k": 3.0, "beta_rec": 0.19949554613856135, "enc_rate": 1.0}, "datetime": {"elapsed": 6796.7925, "delta": 55.028729, "datetime": "2021-04-07 13:06:51"}}
{"target": 7.406666666666666, "params": {"beta_enc": 0.28462388100694214, "gamma_fc": 0.3785805932506022, "cue_position": 10.0, "k": 3.0, "beta_rec": 0.06103668111967109, "enc_rate": 1.0}, "datetime": {"elapsed": 6851.293967, "delta": 54.501467, "datetime": "2021-04-07 13:07:46"}}
{"target": 6.211555555555556, "params": {"beta_enc": 0.7470048290299451, "gamma_fc": 0.5256694443509794, "cue_position": 10.0, "k": 3.0, "beta_rec": 0.34037929076546725, "enc_rate": 1.0}, "datetime": {"elapsed": 6900.37729, "delta": 49.083323, "datetime": "2021-04-07 13:08:35"}}
{"target": 6.49888888888889, "params": {"beta_enc": 0.6442320198790318, "gamma_fc": 0.3824674572709176, "cue_position": 10.0, "k": 3.0, "beta_rec": 0.3506565024321674, "enc_rate": 1.0}, "datetime": {"elapsed": 6947.621951, "delta": 47.244661, "datetime": "2021-04-07 13:09:22"}}
{"target": 3.6413333333333333, "params": {"beta_enc": 0.9794833541798064, "gamma_fc": 0.8891310891074828, "cue_position": 10.0, "k": 3.0, "beta_rec": 0.36437807036823044, "enc_rate": 1.0}, "datetime": {"elapsed": 6985.924778, "delta": 38.302827, "datetime": "2021-04-07 13:10:01"}}
{"target": 7.512222222222222, "params": {"beta_enc": 0.24551868018650747, "gamma_fc": 0.5564069156709253, "cue_position": 10.0, "k": 3.0, "beta_rec": 0.9110192396569683, "enc_rate": 1.0}, "datetime": {"elapsed": 7040.843948, "delta": 54.91917, "datetime": "2021-04-07 13:10:56"}}
{"target": 4.775777777777778, "params": {"beta_enc": 0.9950523223391111, "gamma_fc": 0.5711757391862334, "cue_position": 10.0, "k": 3.0, "beta_rec": 0.05836264614763165, "enc_rate": 1.0}, "datetime": {"elapsed": 7083.115906, "delta": 42.271958, "datetime": "2021-04-07 13:11:38"}}
{"target": 6.8904444444444435, "params": {"beta_enc": 0.6309592003395305, "gamma_fc": 0.7084608700517172, "cue_position": 10.0, "k": 3.0, "beta_rec": 0.9809236757505815, "enc_rate": 1.0}, "datetime": {"elapsed": 7135.091526, "delta": 51.97562, "datetime": "2021-04-07 13:12:30"}}
{"target": 6.828888888888889, "params": {"beta_enc": 0.4948430841825636, "gamma_fc": 0.14222125307278666, "cue_position": 10.0, "k": 3.0, "beta_rec": 0.5285334901775651, "enc_rate": 1.0}, "datetime": {"elapsed": 7186.964319, "delta": 51.872793, "datetime": "2021-04-07 13:13:22"}}
{"target": 7.084666666666666, "params": {"beta_enc": 0.4770129944022632, "gamma_fc": 0.4090908319168599, "cue_position": 10.0, "k": 3.0, "beta_rec": 0.44887883670676554, "enc_rate": 1.0}, "datetime": {"elapsed": 7235.297117, "delta": 48.332798, "datetime": "2021-04-07 13:14:10"}}
{"target": 7.5375555555555565, "params": {"beta_enc": 0.07201203516976995, "gamma_fc": 0.5035095098483965, "cue_position": 10.0, "k": 3.0, "beta_rec": 0.4181361337253158, "enc_rate": 1.0}, "datetime": {"elapsed": 7290.289238, "delta": 54.992121, "datetime": "2021-04-07 13:15:05"}}
