{"target": 10.120833333333334, "params": {"beta_enc": 0.2984778273404948, "cue_position": 0.0, "gamma_fc": 0.4654314345482873, "gamma_cf": 0.9765198858725835, "beta_rec": 0.8168718238054873}, "datetime": {"elapsed": 17230.08747, "datetime": "2020-07-13 15:06:54", "delta": 65.136534}}
{"target": 9.8625, "params": {"beta_enc": 0.29327452454180625, "cue_position": 0.0, "gamma_fc": 0.49552620147392756, "gamma_cf": 0.9140653184265538, "beta_rec": 0.8725314750223562}, "datetime": {"elapsed": 17294.124595, "datetime": "2020-07-13 15:07:58", "delta": 64.037125}}
{"target": 10.020833333333334, "params": {"beta_enc": 0.3013209723637024, "cue_position": 0.0, "gamma_fc": 0.45227462070388946, "gamma_cf": 0.9709081335402264, "beta_rec": 0.8475117229129566}, "datetime": {"elapsed": 17358.844685, "datetime": "2020-07-13 15:09:03", "delta": 64.72009}}
{"target": 10.0, "params": {"beta_enc": 0.2413092315878056, "cue_position": 0.0, "gamma_fc": 0.5490304764215903, "gamma_cf": 0.9506852150431564, "beta_rec": 0.8938618627686347}, "datetime": {"elapsed": 17424.56141, "datetime": "2020-07-13 15:10:08", "delta": 65.716725}}
{"target": 9.675, "params": {"beta_enc": 0.2352183958943853, "cue_position": 0.0, "gamma_fc": 0.5371434806793969, "gamma_cf": 0.9664494133783887, "beta_rec": 0.911305501045653}, "datetime": {"elapsed": 17488.612142, "datetime": "2020-07-13 15:11:13", "delta": 64.050732}}
{"target": 9.704166666666667, "params": {"beta_enc": 0.28784247453604095, "cue_position": 0.0, "gamma_fc": 0.5048168276932323, "gamma_cf": 0.9262337325782657, "beta_rec": 0.8584225862823407}, "datetime": {"elapsed": 17553.007991, "datetime": "2020-07-13 15:12:17", "delta": 64.395849}}
{"target": 9.520833333333334, "params": {"beta_enc": 0.28147610037244253, "cue_position": 0.0, "gamma_fc": 0.4928812056905558, "gamma_cf": 0.9188842782182695, "beta_rec": 0.8739161350478696}, "datetime": {"elapsed": 17616.885609, "datetime": "2020-07-13 15:13:21", "delta": 63.877618}}
{"target": 9.4625, "params": {"beta_enc": 0.2794814060765767, "cue_position": 0.0, "gamma_fc": 0.5096234162988882, "gamma_cf": 0.9110785400217832, "beta_rec": 0.8732031752872995}, "datetime": {"elapsed": 17680.619461, "datetime": "2020-07-13 15:14:25", "delta": 63.733852}}
{"target": 9.416666666666666, "params": {"beta_enc": 0.27944975293537067, "cue_position": 0.0, "gamma_fc": 0.5018973242224584, "gamma_cf": 0.9138176320863286, "beta_rec": 0.8734488801173939}, "datetime": {"elapsed": 17745.234407, "datetime": "2020-07-13 15:15:29", "delta": 64.614946}}
{"target": 9.554166666666667, "params": {"beta_enc": 0.28832992037551275, "cue_position": 0.0, "gamma_fc": 0.5229715388302301, "gamma_cf": 0.9176217490874953, "beta_rec": 0.874220019247905}, "datetime": {"elapsed": 17809.481649, "datetime": "2020-07-13 15:16:33", "delta": 64.247242}}
{"target": 9.608333333333333, "params": {"beta_enc": 0.2232680508863112, "cue_position": 0.0, "gamma_fc": 0.5624391419883017, "gamma_cf": 0.9751980914988737, "beta_rec": 0.90772196919178}, "datetime": {"elapsed": 17874.857253, "datetime": "2020-07-13 15:17:39", "delta": 65.375604}}
{"target": 9.675, "params": {"beta_enc": 0.3041086626804347, "cue_position": 0.0, "gamma_fc": 0.5223690746081052, "gamma_cf": 0.9013249954307626, "beta_rec": 0.8780735398745618}, "datetime": {"elapsed": 17939.659938, "datetime": "2020-07-13 15:18:44", "delta": 64.802685}}
{"target": 9.629166666666666, "params": {"beta_enc": 0.30192308254688105, "cue_position": 0.0, "gamma_fc": 0.48025758792026285, "gamma_cf": 0.9804723806695556, "beta_rec": 0.8337575870788322}, "datetime": {"elapsed": 18005.013972, "datetime": "2020-07-13 15:19:49", "delta": 65.354034}}
{"target": 9.6375, "params": {"beta_enc": 0.28137745346496734, "cue_position": 0.0, "gamma_fc": 0.4864649886260387, "gamma_cf": 0.9379598795723457, "beta_rec": 0.8958061924311499}, "datetime": {"elapsed": 18070.385773, "datetime": "2020-07-13 15:20:54", "delta": 65.371801}}
{"target": 9.491666666666667, "params": {"beta_enc": 0.1922463317800217, "cue_position": 0.0, "gamma_fc": 0.15366578384292695, "gamma_cf": 0.7937552510547432, "beta_rec": 0.5737155649212533}, "datetime": {"elapsed": 18134.660213, "datetime": "2020-07-13 15:21:59", "delta": 64.27444}}
{"target": 9.6875, "params": {"beta_enc": 0.25973839742388505, "cue_position": 0.0, "gamma_fc": 0.539095344823811, "gamma_cf": 0.9393865545861974, "beta_rec": 0.8480423319028433}, "datetime": {"elapsed": 18198.636602, "datetime": "2020-07-13 15:23:03", "delta": 63.976389}}
{"target": 10.0125, "params": {"beta_enc": 0.294281510708857, "cue_position": 0.0, "gamma_fc": 0.5096029329160298, "gamma_cf": 0.9662462278069495, "beta_rec": 0.891821346290568}, "datetime": {"elapsed": 18264.092581, "datetime": "2020-07-13 15:24:08", "delta": 65.455979}}
{"target": 9.9875, "params": {"beta_enc": 0.29969931058444366, "cue_position": 0.0, "gamma_fc": 0.45907897812685217, "gamma_cf": 0.9626888842024257, "beta_rec": 0.8290668681696748}, "datetime": {"elapsed": 18330.012484, "datetime": "2020-07-13 15:25:14", "delta": 65.919903}}
{"target": 9.604166666666666, "params": {"beta_enc": 0.25547285310808654, "cue_position": 0.0, "gamma_fc": 0.5355983001183214, "gamma_cf": 0.9357785662602092, "beta_rec": 0.9106025579658491}, "datetime": {"elapsed": 18396.633752, "datetime": "2020-07-13 15:26:21", "delta": 66.621268}}
{"target": 9.995833333333334, "params": {"beta_enc": 0.2843434455921776, "cue_position": 0.0, "gamma_fc": 0.5311554756223295, "gamma_cf": 0.9345127619906897, "beta_rec": 0.8897563322239489}, "datetime": {"elapsed": 18462.661448, "datetime": "2020-07-13 15:27:27", "delta": 66.027696}}
{"target": 9.595833333333333, "params": {"beta_enc": 0.2536289842928816, "cue_position": 0.0, "gamma_fc": 0.5442211863400566, "gamma_cf": 0.9460917888416168, "beta_rec": 0.9201748913210307}, "datetime": {"elapsed": 18527.168867, "datetime": "2020-07-13 15:28:31", "delta": 64.507419}}
{"target": 9.608333333333333, "params": {"beta_enc": 0.27191040347968665, "cue_position": 0.0, "gamma_fc": 0.5117395734253691, "gamma_cf": 0.9290457711616522, "beta_rec": 0.900642790899036}, "datetime": {"elapsed": 18591.528676, "datetime": "2020-07-13 15:29:35", "delta": 64.359809}}
{"target": 9.683333333333334, "params": {"beta_enc": 0.3109261413041112, "cue_position": 0.0, "gamma_fc": 0.52015473068332, "gamma_cf": 0.8891795672492238, "beta_rec": 0.902922434909289}, "datetime": {"elapsed": 18656.751155, "datetime": "2020-07-13 15:30:41", "delta": 65.222479}}
{"target": 9.933333333333334, "params": {"beta_enc": 0.23706145490640773, "cue_position": 0.0, "gamma_fc": 0.5456754804516113, "gamma_cf": 0.9586520669285168, "beta_rec": 0.9139030717404251}, "datetime": {"elapsed": 18722.382937, "datetime": "2020-07-13 15:31:46", "delta": 65.631782}}
{"target": 9.679166666666667, "params": {"beta_enc": 0.3123080378745532, "cue_position": 0.0, "gamma_fc": 0.5252062726219169, "gamma_cf": 0.9208711010264397, "beta_rec": 0.8687719684699771}, "datetime": {"elapsed": 18786.9769, "datetime": "2020-07-13 15:32:51", "delta": 64.593963}}
{"target": 9.741666666666667, "params": {"beta_enc": 0.23692014211403734, "cue_position": 0.0, "gamma_fc": 0.5435106224346024, "gamma_cf": 0.9544982327836488, "beta_rec": 0.901449027412567}, "datetime": {"elapsed": 18851.964254, "datetime": "2020-07-13 15:33:56", "delta": 64.987354}}
{"target": 9.970833333333333, "params": {"beta_enc": 0.2274238024956139, "cue_position": 0.0, "gamma_fc": 0.5565734298347086, "gamma_cf": 0.9411968995600158, "beta_rec": 0.9219782956399408}, "datetime": {"elapsed": 18917.934522, "datetime": "2020-07-13 15:35:02", "delta": 65.970268}}
{"target": 9.591666666666667, "params": {"beta_enc": 0.3086998758141368, "cue_position": 0.0, "gamma_fc": 0.509199956648266, "gamma_cf": 0.9270305415634358, "beta_rec": 0.8894574643313564}, "datetime": {"elapsed": 18983.047897, "datetime": "2020-07-13 15:36:07", "delta": 65.113375}}
{"target": 9.845833333333333, "params": {"beta_enc": 0.2802379603136832, "cue_position": 0.0, "gamma_fc": 0.4912375349344741, "gamma_cf": 0.9430818864721247, "beta_rec": 0.8922234397906522}, "datetime": {"elapsed": 19047.6098, "datetime": "2020-07-13 15:37:12", "delta": 64.561903}}
{"target": 9.7, "params": {"beta_enc": 0.31344838892312565, "cue_position": 0.0, "gamma_fc": 0.5250967566621141, "gamma_cf": 0.8872476531153877, "beta_rec": 0.8951548113403902}, "datetime": {"elapsed": 19112.421643, "datetime": "2020-07-13 15:38:16", "delta": 64.811843}}
{"target": 9.65, "params": {"beta_enc": 0.2503595770528809, "cue_position": 0.0, "gamma_fc": 0.5438838119666665, "gamma_cf": 0.9368118543225898, "beta_rec": 0.9300253021956559}, "datetime": {"elapsed": 19177.736609, "datetime": "2020-07-13 15:39:22", "delta": 65.314966}}
{"target": 9.866666666666667, "params": {"beta_enc": 0.30312448343707254, "cue_position": 0.0, "gamma_fc": 0.4567446032355106, "gamma_cf": 0.980177308178114, "beta_rec": 0.8257587548856651}, "datetime": {"elapsed": 19243.306893, "datetime": "2020-07-13 15:40:27", "delta": 65.570284}}
