{"target": 10.375, "params": {"gamma_fc": 0.6001025171800578, "cue_position": 15.0, "beta_rec": 0.9673257725029856, "gamma_cf": 0.9750298510549101, "beta_enc": 0.000626185426291892}, "datetime": {"elapsed": 3036.14739, "delta": 49.220988, "datetime": "2020-06-13 21:29:50"}}
{"target": 11.75, "params": {"gamma_fc": 0.9795891563349445, "cue_position": 15.0, "beta_rec": 0.1355788152289351, "gamma_cf": 0.5483849779378739, "beta_enc": 0.28687580701726456}, "datetime": {"elapsed": 3085.620144, "delta": 49.472754, "datetime": "2020-06-13 21:30:40"}}
{"target": 9.375, "params": {"gamma_fc": 0.14571687718590254, "cue_position": 15.0, "beta_rec": 0.4940542766814324, "gamma_cf": 0.817118064703226, "beta_enc": 0.2484409125335445}, "datetime": {"elapsed": 3135.308444, "delta": 49.6883, "datetime": "2020-06-13 21:31:29"}}
{"target": 10.125, "params": {"gamma_fc": 0.046952118743092686, "cue_position": 15.0, "beta_rec": 0.08187456905027557, "gamma_cf": 0.8269634267807467, "beta_enc": 0.2553426370592953}, "datetime": {"elapsed": 3185.369947, "delta": 50.061503, "datetime": "2020-06-13 21:32:20"}}
{"target": 9.5, "params": {"gamma_fc": 0.6461115092708253, "cue_position": 15.0, "beta_rec": 0.23789566922601268, "gamma_cf": 0.4029406640984077, "beta_enc": 0.48466237259678724}, "datetime": {"elapsed": 3234.98614, "delta": 49.616193, "datetime": "2020-06-13 21:33:09"}}
{"target": 9.0, "params": {"gamma_fc": 0.05446531253685394, "cue_position": 15.0, "beta_rec": 0.41487555515673347, "gamma_cf": 0.41557163502459904, "beta_enc": 0.10040989854023785}, "datetime": {"elapsed": 3285.09954, "delta": 50.1134, "datetime": "2020-06-13 21:33:59"}}
{"target": 9.125, "params": {"gamma_fc": 0.5532198337907209, "cue_position": 15.0, "beta_rec": 0.6375167955650797, "gamma_cf": 0.3231477067588979, "beta_enc": 0.11921455833934935}, "datetime": {"elapsed": 3335.29176, "delta": 50.19222, "datetime": "2020-06-13 21:34:49"}}
{"target": 10.0, "params": {"gamma_fc": 0.5987334524209804, "cue_position": 15.0, "beta_rec": 0.6185725035598691, "gamma_cf": 0.6264531160569662, "beta_enc": 0.20950170939524682}, "datetime": {"elapsed": 3385.698736, "delta": 50.406976, "datetime": "2020-06-13 21:35:40"}}
{"target": 10.625, "params": {"gamma_fc": 0.5995300902878732, "cue_position": 15.0, "beta_rec": 0.9691344962785313, "gamma_cf": 0.9805952777470232, "beta_enc": 0.01798244876010202}, "datetime": {"elapsed": 3436.437889, "delta": 50.739153, "datetime": "2020-06-13 21:36:31"}}
{"target": 9.75, "params": {"gamma_fc": 0.6759453997695909, "cue_position": 15.0, "beta_rec": 0.8648118090814827, "gamma_cf": 0.6537195484376768, "beta_enc": 0.4933666046035051}, "datetime": {"elapsed": 3487.707464, "delta": 51.269575, "datetime": "2020-06-13 21:37:22"}}
{"target": 11.5, "params": {"gamma_fc": 0.23192749611891805, "cue_position": 15.0, "beta_rec": 0.7481484571142015, "gamma_cf": 0.9723014244690287, "beta_enc": 0.010475768302952493}, "datetime": {"elapsed": 3539.314406, "delta": 51.606942, "datetime": "2020-06-13 21:38:13"}}
{"target": 9.75, "params": {"gamma_fc": 0.9573622597091591, "cue_position": 15.0, "beta_rec": 0.5276907571604023, "gamma_cf": 0.8727961375329314, "beta_enc": 0.5622855337528113}, "datetime": {"elapsed": 3590.422236, "delta": 51.10783, "datetime": "2020-06-13 21:39:05"}}
{"target": 9.5, "params": {"gamma_fc": 0.5888000660946632, "cue_position": 15.0, "beta_rec": 0.6041155365434198, "gamma_cf": 0.6297061556324781, "beta_enc": 0.19378935491780913}, "datetime": {"elapsed": 3641.663277, "delta": 51.241041, "datetime": "2020-06-13 21:39:56"}}
{"target": 9.625, "params": {"gamma_fc": 0.5442322598062064, "cue_position": 15.0, "beta_rec": 0.18389404639415763, "gamma_cf": 0.39996065204918574, "beta_enc": 0.08838818372059243}, "datetime": {"elapsed": 3693.467373, "delta": 51.804096, "datetime": "2020-06-13 21:40:48"}}
{"target": 8.5, "params": {"gamma_fc": 0.6765258872310933, "cue_position": 15.0, "beta_rec": 0.3298382263795381, "gamma_cf": 0.2160165910512476, "beta_enc": 0.2825167609661249}, "datetime": {"elapsed": 3745.530803, "delta": 52.06343, "datetime": "2020-06-13 21:41:40"}}
{"target": 10.5, "params": {"gamma_fc": 0.03615556084159883, "cue_position": 15.0, "beta_rec": 0.08432954108257226, "gamma_cf": 0.825156247089876, "beta_enc": 0.2574571445068913}, "datetime": {"elapsed": 3798.161522, "delta": 52.630719, "datetime": "2020-06-13 21:42:32"}}
{"target": 9.75, "params": {"gamma_fc": 0.18967308671160055, "cue_position": 15.0, "beta_rec": 0.09284243900053557, "gamma_cf": 0.7841800472205027, "beta_enc": 0.14391206677473334}, "datetime": {"elapsed": 3851.243201, "delta": 53.081679, "datetime": "2020-06-13 21:43:25"}}
{"target": 10.75, "params": {"gamma_fc": 0.033848299089125365, "cue_position": 15.0, "beta_rec": 0.08624028434403058, "gamma_cf": 0.8265621668946432, "beta_enc": 0.2573335060759432}, "datetime": {"elapsed": 3905.018238, "delta": 53.775037, "datetime": "2020-06-13 21:44:19"}}
{"target": 10.125, "params": {"gamma_fc": 0.9758540629480376, "cue_position": 15.0, "beta_rec": 0.14653127174300928, "gamma_cf": 0.548355398879272, "beta_enc": 0.3092539791239727}, "datetime": {"elapsed": 3957.865497, "delta": 52.847259, "datetime": "2020-06-13 21:45:12"}}
{"target": 11.0, "params": {"gamma_fc": 0.220504132130372, "cue_position": 15.0, "beta_rec": 0.7550369672237842, "gamma_cf": 0.9649980920799858, "beta_enc": 0.007349511476891446}, "datetime": {"elapsed": 4010.835833, "delta": 52.970336, "datetime": "2020-06-13 21:46:05"}}
{"target": 10.25, "params": {"gamma_fc": 0.7758346896489626, "cue_position": 15.0, "beta_rec": 0.634350787502742, "gamma_cf": 0.7048973914937674, "beta_enc": 0.10226796932876736}, "datetime": {"elapsed": 4064.380468, "delta": 53.544635, "datetime": "2020-06-13 21:46:59"}}
{"target": 9.25, "params": {"gamma_fc": 0.38957939692664323, "cue_position": 15.0, "beta_rec": 0.8088240077323937, "gamma_cf": 0.3465762207664861, "beta_enc": 0.2527414532677551}, "datetime": {"elapsed": 4116.926246, "delta": 52.545778, "datetime": "2020-06-13 21:47:51"}}
{"target": 9.5, "params": {"gamma_fc": 0.009313296837077822, "cue_position": 15.0, "beta_rec": 0.1767386169142543, "gamma_cf": 0.8517737794615515, "beta_enc": 0.16904114145244353}, "datetime": {"elapsed": 4169.682884, "delta": 52.756638, "datetime": "2020-06-13 21:48:44"}}
{"target": 8.125, "params": {"gamma_fc": 0.6872160016030624, "cue_position": 15.0, "beta_rec": 0.42345073960133806, "gamma_cf": 0.5348811159499549, "beta_enc": 0.0985925401947565}, "datetime": {"elapsed": 4222.727886, "delta": 53.045002, "datetime": "2020-06-13 21:49:37"}}
{"target": 9.75, "params": {"gamma_fc": 0.2103094829169465, "cue_position": 15.0, "beta_rec": 0.7362167641434934, "gamma_cf": 0.7589506292879377, "beta_enc": 0.291994982312477}, "datetime": {"elapsed": 4277.112993, "delta": 54.385107, "datetime": "2020-06-13 21:50:31"}}
{"target": 9.625, "params": {"gamma_fc": 0.6553834177488612, "cue_position": 15.0, "beta_rec": 0.2828843137231746, "gamma_cf": 0.6856964811351952, "beta_enc": 0.03158303762403336}, "datetime": {"elapsed": 4331.932644, "delta": 54.819651, "datetime": "2020-06-13 21:51:26"}}
{"target": 10.0, "params": {"gamma_fc": 0.1557114969766875, "cue_position": 15.0, "beta_rec": 0.49873532148999733, "gamma_cf": 0.8146667229935756, "beta_enc": 0.24350343691592002}, "datetime": {"elapsed": 4387.027466, "delta": 55.094822, "datetime": "2020-06-13 21:52:21"}}
{"target": 11.25, "params": {"gamma_fc": 0.3503285322588998, "cue_position": 15.0, "beta_rec": 0.33805824664358, "gamma_cf": 0.8032503039115325, "beta_enc": 0.1818399977095091}, "datetime": {"elapsed": 4442.03132, "delta": 55.003854, "datetime": "2020-06-13 21:53:16"}}
{"target": 10.0, "params": {"gamma_fc": 0.056707845845467064, "cue_position": 15.0, "beta_rec": 0.15964676404294154, "gamma_cf": 0.6974172536893628, "beta_enc": 0.16788654096610645}, "datetime": {"elapsed": 4497.094973, "delta": 55.063653, "datetime": "2020-06-13 21:54:11"}}
{"target": 10.75, "params": {"gamma_fc": 0.5959848071652292, "cue_position": 15.0, "beta_rec": 0.9639124864894572, "gamma_cf": 0.9597839774286508, "beta_enc": 0.025385665358656606}, "datetime": {"elapsed": 4552.409668, "delta": 55.314695, "datetime": "2020-06-13 21:55:07"}}
{"target": 10.0, "params": {"gamma_fc": 0.7724627461018694, "cue_position": 15.0, "beta_rec": 0.6415601287460924, "gamma_cf": 0.7020610674572585, "beta_enc": 0.09509445206758482}, "datetime": {"elapsed": 4607.814203, "delta": 55.404535, "datetime": "2020-06-13 21:56:02"}}
{"target": 10.375, "params": {"gamma_fc": 0.9628499799158653, "cue_position": 15.0, "beta_rec": 0.11587292025571405, "gamma_cf": 0.7349441604027217, "beta_enc": 0.21041018845364245}, "datetime": {"elapsed": 4663.474657, "delta": 55.660454, "datetime": "2020-06-13 21:56:58"}}
{"target": 8.875, "params": {"gamma_fc": 0.6208836407206868, "cue_position": 15.0, "beta_rec": 0.21004538493699298, "gamma_cf": 0.10481925657771929, "beta_enc": 0.05550635411750926}, "datetime": {"elapsed": 4719.486916, "delta": 56.012259, "datetime": "2020-06-13 21:57:54"}}
{"target": 8.5, "params": {"gamma_fc": 0.9822183063592276, "cue_position": 15.0, "beta_rec": 0.4403260035604766, "gamma_cf": 0.47677016588775867, "beta_enc": 0.23417489291847893}, "datetime": {"elapsed": 4775.753273, "delta": 56.266357, "datetime": "2020-06-13 21:58:50"}}
{"target": 8.25, "params": {"gamma_fc": 0.4227608587769611, "cue_position": 15.0, "beta_rec": 0.25370489119337614, "gamma_cf": 0.2368492530919305, "beta_enc": 0.6905350428370918}, "datetime": {"elapsed": 4832.592687, "delta": 56.839414, "datetime": "2020-06-13 21:59:47"}}
{"target": 11.375, "params": {"gamma_fc": 0.345312713165314, "cue_position": 15.0, "beta_rec": 0.34673512847976773, "gamma_cf": 0.80922182440867, "beta_enc": 0.1841189614373243}, "datetime": {"elapsed": 4889.502049, "delta": 56.909362, "datetime": "2020-06-13 22:00:44"}}
{"target": 9.625, "params": {"gamma_fc": 0.5971110721672251, "cue_position": 15.0, "beta_rec": 0.6063842780798876, "gamma_cf": 0.6259358602748275, "beta_enc": 0.20516406869779158}, "datetime": {"elapsed": 4946.692834, "delta": 57.190785, "datetime": "2020-06-13 22:01:41"}}
{"target": 9.125, "params": {"gamma_fc": 0.6490321332035949, "cue_position": 15.0, "beta_rec": 0.27841060645938176, "gamma_cf": 0.7037699130371924, "beta_enc": 0.03620983417241841}, "datetime": {"elapsed": 5003.469506, "delta": 56.776672, "datetime": "2020-06-13 22:02:38"}}
{"target": 10.25, "params": {"gamma_fc": 0.4852104346464581, "cue_position": 15.0, "beta_rec": 0.471495596559417, "gamma_cf": 0.9355697321554791, "beta_enc": 0.07419064810771636}, "datetime": {"elapsed": 5060.642793, "delta": 57.173287, "datetime": "2020-06-13 22:03:35"}}
{"target": 8.5, "params": {"gamma_fc": 0.7743898918082543, "cue_position": 15.0, "beta_rec": 0.7577344799991252, "gamma_cf": 0.507474304157329, "beta_enc": 0.1467409428406946}, "datetime": {"elapsed": 5118.059013, "delta": 57.41622, "datetime": "2020-06-13 22:04:32"}}
{"target": 10.625, "params": {"gamma_fc": 0.03510633348794845, "cue_position": 15.0, "beta_rec": 0.08685659671211254, "gamma_cf": 0.8207213976366903, "beta_enc": 0.26143349544319994}, "datetime": {"elapsed": 5175.445293, "delta": 57.38628, "datetime": "2020-06-13 22:05:30"}}
{"target": 12.0, "params": {"gamma_fc": 0.6579553582197056, "cue_position": 15.0, "beta_rec": 0.2904975047431113, "gamma_cf": 0.6988988449313863, "beta_enc": 0.048460189290196354}, "datetime": {"elapsed": 5232.231606, "delta": 56.786313, "datetime": "2020-06-13 22:06:26"}}
{"target": 10.25, "params": {"gamma_fc": 0.5666215218232645, "cue_position": 15.0, "beta_rec": 0.057354816723077295, "gamma_cf": 0.6133571693766917, "beta_enc": 0.013965733654091261}, "datetime": {"elapsed": 5287.337288, "delta": 55.105682, "datetime": "2020-06-13 22:07:21"}}
{"target": 10.0, "params": {"gamma_fc": 0.33731650962990556, "cue_position": 15.0, "beta_rec": 0.3328741357887661, "gamma_cf": 0.8043009003301278, "beta_enc": 0.17402473699982857}, "datetime": {"elapsed": 5340.927506, "delta": 53.590218, "datetime": "2020-06-13 22:08:15"}}
{"target": 8.25, "params": {"gamma_fc": 0.6784534565866874, "cue_position": 15.0, "beta_rec": 0.8651579713147625, "gamma_cf": 0.6522507711884996, "beta_enc": 0.4783948448304871}, "datetime": {"elapsed": 5394.587235, "delta": 53.659729, "datetime": "2020-06-13 22:09:09"}}
{"target": 10.0, "params": {"gamma_fc": 0.9737279178459407, "cue_position": 15.0, "beta_rec": 0.42865288549348757, "gamma_cf": 0.4668738415370387, "beta_enc": 0.2167342335325395}, "datetime": {"elapsed": 5448.108004, "delta": 53.520769, "datetime": "2020-06-13 22:10:02"}}
{"target": 10.5, "params": {"gamma_fc": 0.5580578575306667, "cue_position": 15.0, "beta_rec": 0.6517817820884257, "gamma_cf": 0.3276718176185366, "beta_enc": 0.10892152027172453}, "datetime": {"elapsed": 5501.855279, "delta": 53.747275, "datetime": "2020-06-13 22:10:56"}}
{"target": 11.375, "params": {"gamma_fc": 0.7798277413154807, "cue_position": 15.0, "beta_rec": 0.7424360144090835, "gamma_cf": 0.5283088190688541, "beta_enc": 0.14860182797987642}, "datetime": {"elapsed": 5555.363667, "delta": 53.508388, "datetime": "2020-06-13 22:11:50"}}
{"target": 11.0, "params": {"gamma_fc": 0.4954973102250886, "cue_position": 15.0, "beta_rec": 0.9142926185262555, "gamma_cf": 0.5286237770502873, "beta_enc": 0.09196376970562326}, "datetime": {"elapsed": 5609.282075, "delta": 53.918408, "datetime": "2020-06-13 22:12:43"}}
{"target": 10.0, "params": {"gamma_fc": 0.19648082360283037, "cue_position": 15.0, "beta_rec": 0.3785387986966907, "gamma_cf": 0.9797658946865526, "beta_enc": 0.06313150210523066}, "datetime": {"elapsed": 5664.548859, "delta": 55.266784, "datetime": "2020-06-13 22:13:39"}}
{"target": 8.125, "params": {"gamma_fc": 0.29697582911971676, "cue_position": 15.0, "beta_rec": 0.8372604934053894, "gamma_cf": 0.40288835567117287, "beta_enc": 0.051234113610902354}, "datetime": {"elapsed": 5719.451296, "delta": 54.902437, "datetime": "2020-06-13 22:14:34"}}
{"target": 9.0, "params": {"gamma_fc": 0.545758157106032, "cue_position": 15.0, "beta_rec": 0.9138046776332133, "gamma_cf": 0.9595856001457069, "beta_enc": 0.21239467909075793}, "datetime": {"elapsed": 5774.379948, "delta": 54.928652, "datetime": "2020-06-13 22:15:29"}}
{"target": 10.625, "params": {"gamma_fc": 0.778458719668847, "cue_position": 15.0, "beta_rec": 0.6333904645683122, "gamma_cf": 0.7021646397714522, "beta_enc": 0.11295636977018597}, "datetime": {"elapsed": 5829.587896, "delta": 55.207948, "datetime": "2020-06-13 22:16:24"}}
{"target": 11.25, "params": {"gamma_fc": 0.7491801687281034, "cue_position": 15.0, "beta_rec": 0.028044478911688264, "gamma_cf": 0.40445397885772527, "beta_enc": 0.1159237854055678}, "datetime": {"elapsed": 5883.695949, "delta": 54.108053, "datetime": "2020-06-13 22:17:18"}}
{"target": 9.25, "params": {"gamma_fc": 0.9732077849485695, "cue_position": 15.0, "beta_rec": 0.14220248959769144, "gamma_cf": 0.5489063766250171, "beta_enc": 0.3010999797052105}, "datetime": {"elapsed": 5937.992655, "delta": 54.296706, "datetime": "2020-06-13 22:18:12"}}
{"target": 10.5, "params": {"gamma_fc": 0.6723344904031121, "cue_position": 15.0, "beta_rec": 0.28663569929003596, "gamma_cf": 0.7121318393972157, "beta_enc": 0.04937242158836552}, "datetime": {"elapsed": 5993.249411, "delta": 55.256756, "datetime": "2020-06-13 22:19:07"}}
{"target": 9.375, "params": {"gamma_fc": 0.19620234215532895, "cue_position": 15.0, "beta_rec": 0.09198327289389319, "gamma_cf": 0.7837531523675042, "beta_enc": 0.13813135297581614}, "datetime": {"elapsed": 6047.282189, "delta": 54.032778, "datetime": "2020-06-13 22:20:01"}}
{"target": 9.5, "params": {"gamma_fc": 0.22328761362346905, "cue_position": 15.0, "beta_rec": 0.7330297448184598, "gamma_cf": 0.5507331065820649, "beta_enc": 0.5236042999870308}, "datetime": {"elapsed": 6102.022788, "delta": 54.740599, "datetime": "2020-06-13 22:20:56"}}
{"target": 9.875, "params": {"gamma_fc": 0.9799211526244566, "cue_position": 15.0, "beta_rec": 0.4292010770249516, "gamma_cf": 0.46114079451288514, "beta_enc": 0.22724967446571986}, "datetime": {"elapsed": 6156.772502, "delta": 54.749714, "datetime": "2020-06-13 22:21:51"}}
{"target": 9.875, "params": {"gamma_fc": 0.49849022277351207, "cue_position": 15.0, "beta_rec": 0.9068181087580208, "gamma_cf": 0.5247032088105569, "beta_enc": 0.09771045834876191}, "datetime": {"elapsed": 6211.515185, "delta": 54.742683, "datetime": "2020-06-13 22:22:46"}}
{"target": 9.875, "params": {"gamma_fc": 0.6279948675109819, "cue_position": 15.0, "beta_rec": 0.8440021861402481, "gamma_cf": 0.8299132661726892, "beta_enc": 0.3424753022222212}, "datetime": {"elapsed": 6266.14495, "delta": 54.629765, "datetime": "2020-06-13 22:23:40"}}
{"target": 9.0, "params": {"gamma_fc": 0.47529927269981564, "cue_position": 15.0, "beta_rec": 0.3717938020374937, "gamma_cf": 0.7345538788986937, "beta_enc": 0.14904230340401514}, "datetime": {"elapsed": 6320.227311, "delta": 54.082361, "datetime": "2020-06-13 22:24:34"}}
{"target": 10.25, "params": {"gamma_fc": 0.15703013616202932, "cue_position": 15.0, "beta_rec": 0.38151615150069373, "gamma_cf": 0.9850792778787227, "beta_enc": 0.07782145818588349}, "datetime": {"elapsed": 6374.699653, "delta": 54.472342, "datetime": "2020-06-13 22:25:29"}}
{"target": 10.5, "params": {"gamma_fc": 0.5941236907304199, "cue_position": 15.0, "beta_rec": 0.967269302747246, "gamma_cf": 0.9649006997668755, "beta_enc": 0.0012536640928135778}, "datetime": {"elapsed": 6429.993486, "delta": 55.293833, "datetime": "2020-06-13 22:26:24"}}
{"target": 10.25, "params": {"gamma_fc": 0.7892206587598497, "cue_position": 15.0, "beta_rec": 0.7352713968528559, "gamma_cf": 0.5211834828262677, "beta_enc": 0.1440526736390111}, "datetime": {"elapsed": 6485.455838, "delta": 55.462352, "datetime": "2020-06-13 22:27:20"}}
{"target": 9.625, "params": {"gamma_fc": 0.541499124815965, "cue_position": 15.0, "beta_rec": 0.3042883986626038, "gamma_cf": 0.8384195643180846, "beta_enc": 0.023220120900615093}, "datetime": {"elapsed": 6541.407181, "delta": 55.951343, "datetime": "2020-06-13 22:28:16"}}
{"target": 10.0, "params": {"gamma_fc": 0.7845168652870764, "cue_position": 15.0, "beta_rec": 0.736269667981256, "gamma_cf": 0.5269276057446541, "beta_enc": 0.1370678352310709}, "datetime": {"elapsed": 6597.626706, "delta": 56.219525, "datetime": "2020-06-13 22:29:12"}}
{"target": 10.0, "params": {"gamma_fc": 0.2609193478338876, "cue_position": 15.0, "beta_rec": 0.2030774400477694, "gamma_cf": 0.506068266584175, "beta_enc": 0.12632309245501494}, "datetime": {"elapsed": 6653.778525, "delta": 56.151819, "datetime": "2020-06-13 22:30:08"}}
{"target": 8.625, "params": {"gamma_fc": 0.4760904577675231, "cue_position": 15.0, "beta_rec": 0.6696124989671666, "gamma_cf": 0.1270011294272344, "beta_enc": 0.8580376940625847}, "datetime": {"elapsed": 6709.966468, "delta": 56.187943, "datetime": "2020-06-13 22:31:04"}}
{"target": 9.25, "params": {"gamma_fc": 0.043507780047585154, "cue_position": 15.0, "beta_rec": 0.41612916628530183, "gamma_cf": 0.4178579430107664, "beta_enc": 0.10548072011300191}, "datetime": {"elapsed": 6766.923768, "delta": 56.9573, "datetime": "2020-06-13 22:32:01"}}
{"target": 8.375, "params": {"gamma_fc": 0.7485718077640928, "cue_position": 15.0, "beta_rec": 0.7207185474973827, "gamma_cf": 0.6429187780509777, "beta_enc": 0.14717476258887474}, "datetime": {"elapsed": 6823.79736, "delta": 56.873592, "datetime": "2020-06-13 22:32:58"}}
{"target": 11.0, "params": {"gamma_fc": 0.4305645249968334, "cue_position": 15.0, "beta_rec": 0.8957381559379372, "gamma_cf": 0.6118459554727583, "beta_enc": 0.15752864176106995}, "datetime": {"elapsed": 6881.254176, "delta": 57.456816, "datetime": "2020-06-13 22:33:55"}}
{"target": 8.75, "params": {"gamma_fc": 0.5927155311576735, "cue_position": 15.0, "beta_rec": 0.6048168643792086, "gamma_cf": 0.617663625178058, "beta_enc": 0.21056290712569392}, "datetime": {"elapsed": 6938.480314, "delta": 57.226138, "datetime": "2020-06-13 22:34:53"}}
{"target": 9.0, "params": {"gamma_fc": 0.2837996748602456, "cue_position": 15.0, "beta_rec": 0.3080160379060355, "gamma_cf": 0.5472894809339953, "beta_enc": 0.22670580458766965}, "datetime": {"elapsed": 6996.011239, "delta": 57.530925, "datetime": "2020-06-13 22:35:50"}}
{"target": 10.75, "params": {"gamma_fc": 0.5509075985063508, "cue_position": 15.0, "beta_rec": 0.9112073876121041, "gamma_cf": 0.952864696638275, "beta_enc": 0.2102179075573426}, "datetime": {"elapsed": 7053.768374, "delta": 57.757135, "datetime": "2020-06-13 22:36:48"}}
{"target": 9.625, "params": {"gamma_fc": 0.19700674309426003, "cue_position": 15.0, "beta_rec": 0.04237080738133436, "gamma_cf": 0.5844813319202902, "beta_enc": 0.3552724980959716}, "datetime": {"elapsed": 7111.548479, "delta": 57.780105, "datetime": "2020-06-13 22:37:46"}}
{"target": 11.0, "params": {"gamma_fc": 0.784219023656138, "cue_position": 15.0, "beta_rec": 0.6316343774983348, "gamma_cf": 0.7027451674913788, "beta_enc": 0.11667916655365207}, "datetime": {"elapsed": 7169.187165, "delta": 57.638686, "datetime": "2020-06-13 22:38:43"}}
{"target": 11.875, "params": {"gamma_fc": 0.754136294572662, "cue_position": 15.0, "beta_rec": 0.725793959847208, "gamma_cf": 0.641361952156485, "beta_enc": 0.14826679034438828}, "datetime": {"elapsed": 7226.341464, "delta": 57.154299, "datetime": "2020-06-13 22:39:40"}}
{"target": 9.875, "params": {"gamma_fc": 0.4888713052292093, "cue_position": 15.0, "beta_rec": 0.4640225394737595, "gamma_cf": 0.9377842217428713, "beta_enc": 0.07360710580874963}, "datetime": {"elapsed": 7285.855415, "delta": 59.513951, "datetime": "2020-06-13 22:40:40"}}
{"target": 9.25, "params": {"gamma_fc": 0.007986500433196486, "cue_position": 15.0, "beta_rec": 0.22914133176464946, "gamma_cf": 0.5538138509788665, "beta_enc": 0.10779204398219888}, "datetime": {"elapsed": 7345.128411, "delta": 59.272996, "datetime": "2020-06-13 22:41:39"}}
