{"target": 11.375, "params": {"cue_position": 10.0, "beta_rec": 0.9221862694945924, "beta_enc": 0.2624518083962287, "gamma_fc": 0.029886493672708014, "gamma_cf": 0.988415813560705}, "datetime": {"delta": 87.473551, "elapsed": 9610.64058, "datetime": "2020-06-14 12:23:14"}}
{"target": 9.875, "params": {"cue_position": 10.0, "beta_rec": 0.8606085475631111, "beta_enc": 0.9080141734575854, "gamma_fc": 0.8044473559896941, "gamma_cf": 0.032373879664742033}, "datetime": {"delta": 87.366798, "elapsed": 9698.007378, "datetime": "2020-06-14 12:24:42"}}
{"target": 10.125, "params": {"cue_position": 10.0, "beta_rec": 0.6178626731778865, "beta_enc": 0.3623849338423013, "gamma_fc": 0.15627684118602725, "gamma_cf": 0.9686908616099305}, "datetime": {"delta": 88.517876, "elapsed": 9786.525254, "datetime": "2020-06-14 12:26:10"}}
{"target": 10.5, "params": {"cue_position": 10.0, "beta_rec": 0.41712385860510204, "beta_enc": 0.4283568041264404, "gamma_fc": 0.04626856074010355, "gamma_cf": 0.9675584981311278}, "datetime": {"delta": 86.70143, "elapsed": 9873.226684, "datetime": "2020-06-14 12:27:37"}}
{"target": 10.875, "params": {"cue_position": 10.0, "beta_rec": 0.9098855714081847, "beta_enc": 0.5297405637690016, "gamma_fc": 0.24874245503595915, "gamma_cf": 0.8716105812978518}, "datetime": {"delta": 85.280989, "elapsed": 9958.507673, "datetime": "2020-06-14 12:29:02"}}
{"target": 9.25, "params": {"cue_position": 10.0, "beta_rec": 0.5954301686190322, "beta_enc": 0.85688391782369, "gamma_fc": 0.7367167914794605, "gamma_cf": 0.19548528074589389}, "datetime": {"delta": 85.072356, "elapsed": 10043.580029, "datetime": "2020-06-14 12:30:27"}}
{"target": 10.125, "params": {"cue_position": 10.0, "beta_rec": 0.5925256463421229, "beta_enc": 0.7488109632443227, "gamma_fc": 0.992759277946216, "gamma_cf": 0.06074628375721547}, "datetime": {"delta": 86.530506, "elapsed": 10130.110535, "datetime": "2020-06-14 12:31:54"}}
{"target": 11.5, "params": {"cue_position": 10.0, "beta_rec": 0.8109127362172611, "beta_enc": 0.3976104598995297, "gamma_fc": 0.25423588683697484, "gamma_cf": 0.7106656556318973}, "datetime": {"delta": 82.592999, "elapsed": 10212.703534, "datetime": "2020-06-14 12:33:16"}}
{"target": 11.125, "params": {"cue_position": 10.0, "beta_rec": 0.9442298401361161, "beta_enc": 0.2511903916449677, "gamma_fc": 0.03956946513724313, "gamma_cf": 0.9817630683434563}, "datetime": {"delta": 81.664025, "elapsed": 10294.367559, "datetime": "2020-06-14 12:34:38"}}
{"target": 9.0, "params": {"cue_position": 10.0, "beta_rec": 0.7994174062518382, "beta_enc": 0.42019737444023886, "gamma_fc": 0.25546099889086393, "gamma_cf": 0.7118163661974647}, "datetime": {"delta": 80.788648, "elapsed": 10375.156207, "datetime": "2020-06-14 12:35:59"}}
{"target": 10.0, "params": {"cue_position": 10.0, "beta_rec": 0.15495622325332248, "beta_enc": 0.4009312469679197, "gamma_fc": 0.2775931843542512, "gamma_cf": 0.7442890838564307}, "datetime": {"delta": 83.290683, "elapsed": 10458.44689, "datetime": "2020-06-14 12:37:22"}}
{"target": 10.0, "params": {"cue_position": 10.0, "beta_rec": 0.8650807327711881, "beta_enc": 0.8907818710860602, "gamma_fc": 0.7981027467089493, "gamma_cf": 0.03501265067745141}, "datetime": {"delta": 84.027129, "elapsed": 10542.474019, "datetime": "2020-06-14 12:38:46"}}
{"target": 9.25, "params": {"cue_position": 10.0, "beta_rec": 0.8223564789725013, "beta_enc": 0.39900880834807606, "gamma_fc": 0.2490412535189951, "gamma_cf": 0.7003321860091463}, "datetime": {"delta": 83.284076, "elapsed": 10625.758095, "datetime": "2020-06-14 12:40:10"}}
{"target": 9.0, "params": {"cue_position": 10.0, "beta_rec": 0.424342288139298, "beta_enc": 0.4336587387385177, "gamma_fc": 0.08451039493895396, "gamma_cf": 0.9470429851255119}, "datetime": {"delta": 85.984182, "elapsed": 10711.742277, "datetime": "2020-06-14 12:41:36"}}
{"target": 9.375, "params": {"cue_position": 10.0, "beta_rec": 0.027567658236747117, "beta_enc": 0.4983905565373302, "gamma_fc": 0.014223775067123245, "gamma_cf": 0.8314619044236453}, "datetime": {"delta": 84.201193, "elapsed": 10795.94347, "datetime": "2020-06-14 12:43:00"}}
{"target": 9.375, "params": {"cue_position": 10.0, "beta_rec": 0.6702961366416039, "beta_enc": 0.18929108795517624, "gamma_fc": 0.10501472059896289, "gamma_cf": 0.9709879910639809}, "datetime": {"delta": 85.578869, "elapsed": 10881.522339, "datetime": "2020-06-14 12:44:25"}}
{"target": 10.75, "params": {"cue_position": 10.0, "beta_rec": 0.40487118995497895, "beta_enc": 0.4240140908492165, "gamma_fc": 0.06999374304949368, "gamma_cf": 0.9442106169702168}, "datetime": {"delta": 84.335219, "elapsed": 10965.857558, "datetime": "2020-06-14 12:45:50"}}
{"target": 9.75, "params": {"cue_position": 10.0, "beta_rec": 0.7040898108480151, "beta_enc": 0.4323062718922498, "gamma_fc": 0.021183793148142116, "gamma_cf": 0.8798538983825441}, "datetime": {"delta": 73.699676, "elapsed": 11039.557234, "datetime": "2020-06-14 12:47:03"}}
{"target": 8.0, "params": {"cue_position": 10.0, "beta_rec": 0.07342008950066226, "beta_enc": 0.02573936055316628, "gamma_fc": 0.560977271716984, "gamma_cf": 0.6093240262839624}, "datetime": {"delta": 74.958306, "elapsed": 11114.51554, "datetime": "2020-06-14 12:48:18"}}
{"target": 10.5, "params": {"cue_position": 10.0, "beta_rec": 0.8947295693837902, "beta_enc": 0.4014529843606385, "gamma_fc": 0.11547403350269592, "gamma_cf": 0.7551156405445875}, "datetime": {"delta": 76.499563, "elapsed": 11191.015103, "datetime": "2020-06-14 12:49:35"}}
{"target": 10.375, "params": {"cue_position": 10.0, "beta_rec": 0.6504539282243387, "beta_enc": 0.38508598382000514, "gamma_fc": 0.006925715016853018, "gamma_cf": 0.5472081080923259}, "datetime": {"delta": 70.086923, "elapsed": 11261.102026, "datetime": "2020-06-14 12:50:45"}}
{"target": 9.125, "params": {"cue_position": 10.0, "beta_rec": 0.14149876710737153, "beta_enc": 0.47737006045186525, "gamma_fc": 0.6591545798011218, "gamma_cf": 0.5434025352273747}, "datetime": {"delta": 71.946737, "elapsed": 11333.048763, "datetime": "2020-06-14 12:51:57"}}
{"target": 10.125, "params": {"cue_position": 10.0, "beta_rec": 0.9808045639865882, "beta_enc": 0.6006898302796612, "gamma_fc": 0.3104882588356407, "gamma_cf": 0.9461816717057456}, "datetime": {"delta": 72.166611, "elapsed": 11405.215374, "datetime": "2020-06-14 12:53:09"}}
{"target": 9.125, "params": {"cue_position": 10.0, "beta_rec": 0.9378054217830094, "beta_enc": 0.2579352215567523, "gamma_fc": 0.04519354942778486, "gamma_cf": 0.9772104560236762}, "datetime": {"delta": 71.596802, "elapsed": 11476.812176, "datetime": "2020-06-14 12:54:21"}}
{"target": 10.375, "params": {"cue_position": 10.0, "beta_rec": 0.7028600286488997, "beta_enc": 0.43218310560401796, "gamma_fc": 0.017652430691430743, "gamma_cf": 0.8740748291990624}, "datetime": {"delta": 71.628659, "elapsed": 11548.440835, "datetime": "2020-06-14 12:55:32"}}
{"target": 9.875, "params": {"cue_position": 10.0, "beta_rec": 0.41743720923530736, "beta_enc": 0.4373496696002178, "gamma_fc": 0.06599365284227021, "gamma_cf": 0.9467129673003857}, "datetime": {"delta": 69.376665, "elapsed": 11617.8175, "datetime": "2020-06-14 12:56:42"}}
{"target": 9.25, "params": {"cue_position": 10.0, "beta_rec": 0.697619608226401, "beta_enc": 0.4356328423031992, "gamma_fc": 0.02293090441721879, "gamma_cf": 0.8777000099495945}, "datetime": {"delta": 71.241954, "elapsed": 11689.059454, "datetime": "2020-06-14 12:57:53"}}
{"target": 10.5, "params": {"cue_position": 10.0, "beta_rec": 0.8566588767646479, "beta_enc": 0.9052089864935791, "gamma_fc": 0.8088152525890656, "gamma_cf": 0.02233989561489047}, "datetime": {"delta": 71.16834, "elapsed": 11760.227794, "datetime": "2020-06-14 12:59:04"}}
{"target": 11.0, "params": {"cue_position": 10.0, "beta_rec": 0.8946252683994783, "beta_enc": 0.3038290370513149, "gamma_fc": 0.14811544024170764, "gamma_cf": 0.9207146615591162}, "datetime": {"delta": 71.345024, "elapsed": 11831.572818, "datetime": "2020-06-14 13:00:15"}}
{"target": 7.25, "params": {"cue_position": 10.0, "beta_rec": 0.609654942124552, "beta_enc": 0.41184208706657244, "gamma_fc": 0.10777890301528736, "gamma_cf": 0.38326131385917406}, "datetime": {"delta": 72.784194, "elapsed": 11904.357012, "datetime": "2020-06-14 13:01:28"}}
{"target": 9.5, "params": {"cue_position": 10.0, "beta_rec": 0.807534440933869, "beta_enc": 0.40095925739434735, "gamma_fc": 0.2407990821315189, "gamma_cf": 0.7034269013677187}, "datetime": {"delta": 70.303816, "elapsed": 11974.660828, "datetime": "2020-06-14 13:02:38"}}
{"target": 7.0, "params": {"cue_position": 10.0, "beta_rec": 0.14220248959769144, "beta_enc": 0.3010999797052105, "gamma_fc": 0.9732077849485695, "gamma_cf": 0.5489063766250171}, "datetime": {"delta": 71.497603, "elapsed": 12046.158431, "datetime": "2020-06-14 13:03:50"}}
{"target": 9.75, "params": {"cue_position": 10.0, "beta_rec": 0.9375210226165699, "beta_enc": 0.25712959456990303, "gamma_fc": 0.025915615593442687, "gamma_cf": 0.9932509664254612}, "datetime": {"delta": 72.296186, "elapsed": 12118.454617, "datetime": "2020-06-14 13:05:02"}}
{"target": 10.25, "params": {"cue_position": 10.0, "beta_rec": 0.9112931131905848, "beta_enc": 0.3949330956947301, "gamma_fc": 0.12340267514841585, "gamma_cf": 0.7645296314936025}, "datetime": {"delta": 72.02486, "elapsed": 12190.479477, "datetime": "2020-06-14 13:06:14"}}
{"target": 8.875, "params": {"cue_position": 10.0, "beta_rec": 0.26868911018673647, "beta_enc": 0.20315658680564874, "gamma_fc": 0.12726627514310773, "gamma_cf": 0.8813353940785952}, "datetime": {"delta": 74.994393, "elapsed": 12265.47387, "datetime": "2020-06-14 13:07:29"}}
{"target": 10.625, "params": {"cue_position": 10.0, "beta_rec": 0.5082062423670977, "beta_enc": 0.31281789947989036, "gamma_fc": 0.12036743781411474, "gamma_cf": 0.7701750890918495}, "datetime": {"delta": 74.009304, "elapsed": 12339.483174, "datetime": "2020-06-14 13:08:43"}}
{"target": 10.0, "params": {"cue_position": 10.0, "beta_rec": 0.895181055673584, "beta_enc": 0.4055456254940142, "gamma_fc": 0.13977148352169821, "gamma_cf": 0.7562435858910178}, "datetime": {"delta": 73.031287, "elapsed": 12412.514461, "datetime": "2020-06-14 13:09:56"}}
{"target": 9.375, "params": {"cue_position": 10.0, "beta_rec": 0.6285963261291139, "beta_enc": 0.36603984409430157, "gamma_fc": 0.14386689212407755, "gamma_cf": 0.9736956850383754}, "datetime": {"delta": 73.273693, "elapsed": 12485.788154, "datetime": "2020-06-14 13:11:10"}}
{"target": 8.625, "params": {"cue_position": 10.0, "beta_rec": 0.9060028469840736, "beta_enc": 0.5216956198936196, "gamma_fc": 0.2536306577210109, "gamma_cf": 0.8731071562542773}, "datetime": {"delta": 75.763147, "elapsed": 12561.551301, "datetime": "2020-06-14 13:12:25"}}
{"target": 9.5, "params": {"cue_position": 10.0, "beta_rec": 0.881126454029249, "beta_enc": 0.5338491051927976, "gamma_fc": 0.25931036992305256, "gamma_cf": 0.8781552472144554}, "datetime": {"delta": 74.001953, "elapsed": 12635.553254, "datetime": "2020-06-14 13:13:39"}}
{"target": 9.75, "params": {"cue_position": 10.0, "beta_rec": 0.6073643169240129, "beta_enc": 0.36432083899944523, "gamma_fc": 0.1657504450610744, "gamma_cf": 0.9692287543415307}, "datetime": {"delta": 72.554365, "elapsed": 12708.107619, "datetime": "2020-06-14 13:14:52"}}
{"target": 8.5, "params": {"cue_position": 10.0, "beta_rec": 0.9660130060978248, "beta_enc": 0.8545423840226475, "gamma_fc": 0.09030525226047448, "gamma_cf": 0.8515322365738024}, "datetime": {"delta": 77.99547, "elapsed": 12786.103089, "datetime": "2020-06-14 13:16:10"}}
{"target": 9.625, "params": {"cue_position": 10.0, "beta_rec": 0.9253797169890124, "beta_enc": 0.2421193486143599, "gamma_fc": 0.04011210336688931, "gamma_cf": 0.9941617510055052}, "datetime": {"delta": 73.468445, "elapsed": 12859.571534, "datetime": "2020-06-14 13:17:23"}}
{"target": 8.25, "params": {"cue_position": 10.0, "beta_rec": 0.04632942586816729, "beta_enc": 0.2072888237781118, "gamma_fc": 0.6922703120455244, "gamma_cf": 0.037397948420528}, "datetime": {"delta": 74.436832, "elapsed": 12934.008366, "datetime": "2020-06-14 13:18:38"}}
{"target": 10.125, "params": {"cue_position": 10.0, "beta_rec": 0.6922430007929381, "beta_enc": 0.40762836539010905, "gamma_fc": 0.012629808100886208, "gamma_cf": 0.8719806672452204}, "datetime": {"delta": 79.745669, "elapsed": 13013.754035, "datetime": "2020-06-14 13:19:58"}}
{"target": 11.0, "params": {"cue_position": 10.0, "beta_rec": 0.8253816482538472, "beta_enc": 0.5213182333206056, "gamma_fc": 0.2768356919913374, "gamma_cf": 0.8270223886902839}, "datetime": {"delta": 78.224616, "elapsed": 13091.978651, "datetime": "2020-06-14 13:21:16"}}
{"target": 9.125, "params": {"cue_position": 10.0, "beta_rec": 0.4773299170201034, "beta_enc": 0.030029756281506392, "gamma_fc": 0.87869931529953, "gamma_cf": 0.023142089638373387}, "datetime": {"delta": 72.304287, "elapsed": 13164.282938, "datetime": "2020-06-14 13:22:28"}}
{"target": 9.75, "params": {"cue_position": 10.0, "beta_rec": 0.8589085994423797, "beta_enc": 0.8927714929121867, "gamma_fc": 0.7963463353913511, "gamma_cf": 0.027600282493801864}, "datetime": {"delta": 77.90636, "elapsed": 13242.189298, "datetime": "2020-06-14 13:23:46"}}
{"target": 9.75, "params": {"cue_position": 10.0, "beta_rec": 0.901881156775939, "beta_enc": 0.2893495208308674, "gamma_fc": 0.1614036320385206, "gamma_cf": 0.9240217869660075}, "datetime": {"delta": 72.66802, "elapsed": 13314.857318, "datetime": "2020-06-14 13:24:59"}}
{"target": 7.5, "params": {"cue_position": 10.0, "beta_rec": 0.7929164348559535, "beta_enc": 0.26698355267401175, "gamma_fc": 0.12002354230125911, "gamma_cf": 0.6341746361408981}, "datetime": {"delta": 70.302014, "elapsed": 13385.159332, "datetime": "2020-06-14 13:26:09"}}
{"target": 8.5, "params": {"cue_position": 10.0, "beta_rec": 0.8645989841170274, "beta_enc": 0.8878293940188058, "gamma_fc": 0.8018488207079149, "gamma_cf": 0.03972711547365826}, "datetime": {"delta": 74.183786, "elapsed": 13459.343118, "datetime": "2020-06-14 13:27:23"}}
{"target": 8.625, "params": {"cue_position": 10.0, "beta_rec": 0.15972971994418872, "beta_enc": 0.629534681182369, "gamma_fc": 0.02172016334899718, "gamma_cf": 0.26094452113330346}, "datetime": {"delta": 73.584386, "elapsed": 13532.927504, "datetime": "2020-06-14 13:28:37"}}
{"target": 10.375, "params": {"cue_position": 10.0, "beta_rec": 0.4072609609462725, "beta_enc": 0.4285840433931327, "gamma_fc": 0.06943533872318053, "gamma_cf": 0.9431496794505957}, "datetime": {"delta": 72.052768, "elapsed": 13604.980272, "datetime": "2020-06-14 13:29:49"}}
{"target": 8.5, "params": {"cue_position": 10.0, "beta_rec": 0.789500552994143, "beta_enc": 0.2647399658640417, "gamma_fc": 0.12514234774566513, "gamma_cf": 0.6203569525014919}, "datetime": {"delta": 74.188894, "elapsed": 13679.169166, "datetime": "2020-06-14 13:31:03"}}
{"target": 10.875, "params": {"cue_position": 10.0, "beta_rec": 0.9302894522287722, "beta_enc": 0.26096684374248746, "gamma_fc": 0.03383961137639846, "gamma_cf": 0.9997062834595579}, "datetime": {"delta": 69.474586, "elapsed": 13748.643752, "datetime": "2020-06-14 13:32:12"}}
{"target": 7.625, "params": {"cue_position": 10.0, "beta_rec": 0.6353990192571363, "beta_enc": 0.761118476585165, "gamma_fc": 0.46204790623369696, "gamma_cf": 0.659105597601335}, "datetime": {"delta": 67.944411, "elapsed": 13816.588163, "datetime": "2020-06-14 13:33:20"}}
{"target": 11.375, "params": {"cue_position": 10.0, "beta_rec": 0.673669381363154, "beta_enc": 0.4220637508790578, "gamma_fc": 0.035709128644249355, "gamma_cf": 0.8727834149122238}, "datetime": {"delta": 73.070269, "elapsed": 13889.658432, "datetime": "2020-06-14 13:34:33"}}
{"target": 10.0, "params": {"cue_position": 10.0, "beta_rec": 0.9039764838962515, "beta_enc": 0.30493488910292377, "gamma_fc": 0.15012001553554133, "gamma_cf": 0.9228373388679288}, "datetime": {"delta": 67.413037, "elapsed": 13957.071469, "datetime": "2020-06-14 13:35:41"}}
{"target": 11.375, "params": {"cue_position": 10.0, "beta_rec": 0.6858440637420631, "beta_enc": 0.41712499439750295, "gamma_fc": 0.05957252766099852, "gamma_cf": 0.8512182585401707}, "datetime": {"delta": 63.326977, "elapsed": 14020.398446, "datetime": "2020-06-14 13:36:44"}}
{"target": 9.0, "params": {"cue_position": 10.0, "beta_rec": 0.3682534759460677, "beta_enc": 0.5257936690960795, "gamma_fc": 0.3707717056832598, "gamma_cf": 0.9375723873089209}, "datetime": {"delta": 66.304107, "elapsed": 14086.702553, "datetime": "2020-06-14 13:37:50"}}
{"target": 9.875, "params": {"cue_position": 10.0, "beta_rec": 0.02798254745143447, "beta_enc": 0.5034476326154709, "gamma_fc": 0.01110465885622236, "gamma_cf": 0.8355494613074708}, "datetime": {"delta": 61.593203, "elapsed": 14148.295756, "datetime": "2020-06-14 13:38:52"}}
{"target": 9.5, "params": {"cue_position": 10.0, "beta_rec": 0.936407930954871, "beta_enc": 0.267997301409323, "gamma_fc": 0.030457396790447788, "gamma_cf": 0.9792879974432767}, "datetime": {"delta": 67.03656, "elapsed": 14215.332316, "datetime": "2020-06-14 13:39:59"}}
{"target": 11.0, "params": {"cue_position": 10.0, "beta_rec": 0.9380750695276007, "beta_enc": 0.24807541925237708, "gamma_fc": 0.017995340569951113, "gamma_cf": 0.9738486475325799}, "datetime": {"delta": 63.515051, "elapsed": 14278.847367, "datetime": "2020-06-14 13:41:03"}}
{"target": 8.875, "params": {"cue_position": 10.0, "beta_rec": 0.81617443764182, "beta_enc": 0.39167192507509263, "gamma_fc": 0.25721497630050316, "gamma_cf": 0.7060485632378783}, "datetime": {"delta": 65.958964, "elapsed": 14344.806331, "datetime": "2020-06-14 13:42:09"}}
{"target": 7.5, "params": {"cue_position": 10.0, "beta_rec": 0.8675181187753163, "beta_enc": 0.024523738286372332, "gamma_fc": 0.9514962316724723, "gamma_cf": 0.8192597009825398}, "datetime": {"delta": 66.141995, "elapsed": 14410.948326, "datetime": "2020-06-14 13:43:15"}}
{"target": 9.75, "params": {"cue_position": 10.0, "beta_rec": 0.8273545548012443, "beta_enc": 0.5275389593773189, "gamma_fc": 0.27665244950516177, "gamma_cf": 0.8340242769941458}, "datetime": {"delta": 64.547811, "elapsed": 14475.496137, "datetime": "2020-06-14 13:44:19"}}
{"target": 10.75, "params": {"cue_position": 10.0, "beta_rec": 0.9073979459068323, "beta_enc": 0.2964684375894532, "gamma_fc": 0.13947279650496047, "gamma_cf": 0.931648646011713}, "datetime": {"delta": 64.139495, "elapsed": 14539.635632, "datetime": "2020-06-14 13:45:23"}}
{"target": 9.5, "params": {"cue_position": 10.0, "beta_rec": 0.6801169341492904, "beta_enc": 0.404766476364973, "gamma_fc": 0.012889912186752839, "gamma_cf": 0.8713746347381758}, "datetime": {"delta": 65.177982, "elapsed": 14604.813614, "datetime": "2020-06-14 13:46:29"}}
{"target": 9.125, "params": {"cue_position": 10.0, "beta_rec": 0.691471439895071, "beta_enc": 0.4273102822977496, "gamma_fc": 0.024831287147569325, "gamma_cf": 0.8771923117443381}, "datetime": {"delta": 68.445532, "elapsed": 14673.259146, "datetime": "2020-06-14 13:47:37"}}
{"target": 7.625, "params": {"cue_position": 10.0, "beta_rec": 0.47955898934951946, "beta_enc": 0.05276481960972157, "gamma_fc": 0.947195336783945, "gamma_cf": 0.9495985386900195}, "datetime": {"delta": 63.612916, "elapsed": 14736.872062, "datetime": "2020-06-14 13:48:41"}}
{"target": 10.0, "params": {"cue_position": 10.0, "beta_rec": 0.9239051032412408, "beta_enc": 0.23532534086264278, "gamma_fc": 0.04504395782680615, "gamma_cf": 0.9907433610795496}, "datetime": {"delta": 62.234493, "elapsed": 14799.106555, "datetime": "2020-06-14 13:49:43"}}
{"target": 9.0, "params": {"cue_position": 10.0, "beta_rec": 0.5102334519844393, "beta_enc": 0.31052735557892536, "gamma_fc": 0.12421216495405546, "gamma_cf": 0.7706752571895843}, "datetime": {"delta": 65.598696, "elapsed": 14864.705251, "datetime": "2020-06-14 13:50:48"}}
{"target": 9.5, "params": {"cue_position": 10.0, "beta_rec": 0.03137937126465684, "beta_enc": 0.4908232734460918, "gamma_fc": 0.04605904519230197, "gamma_cf": 0.9194107869056976}, "datetime": {"delta": 70.544912, "elapsed": 14935.250163, "datetime": "2020-06-14 13:51:59"}}
{"target": 10.75, "params": {"cue_position": 10.0, "beta_rec": 0.7004981776296038, "beta_enc": 0.43744854363200514, "gamma_fc": 0.01682687703303276, "gamma_cf": 0.8820375826361858}, "datetime": {"delta": 66.568754, "elapsed": 15001.818917, "datetime": "2020-06-14 13:53:06"}}
{"target": 7.125, "params": {"cue_position": 10.0, "beta_rec": 0.3111219506172369, "beta_enc": 0.009812025309226868, "gamma_fc": 0.34977010198763747, "gamma_cf": 0.29114870760939804}, "datetime": {"delta": 61.739988, "elapsed": 15063.558905, "datetime": "2020-06-14 13:54:07"}}
{"target": 10.625, "params": {"cue_position": 10.0, "beta_rec": 0.8697459998087231, "beta_enc": 0.8960043927744461, "gamma_fc": 0.7810312784561069, "gamma_cf": 0.023885070947652465}, "datetime": {"delta": 67.586368, "elapsed": 15131.145273, "datetime": "2020-06-14 13:55:15"}}
{"target": 9.75, "params": {"cue_position": 10.0, "beta_rec": 0.9785808593436915, "beta_enc": 0.6069631136289658, "gamma_fc": 0.30058685084111914, "gamma_cf": 0.9417531047987446}, "datetime": {"delta": 69.64289, "elapsed": 15200.788163, "datetime": "2020-06-14 13:56:25"}}
{"target": 8.875, "params": {"cue_position": 10.0, "beta_rec": 0.6803091055776139, "beta_enc": 0.18454744395722567, "gamma_fc": 0.1298514894760633, "gamma_cf": 0.954261663976038}, "datetime": {"delta": 64.476778, "elapsed": 15265.264941, "datetime": "2020-06-14 13:57:29"}}
{"target": 10.375, "params": {"cue_position": 10.0, "beta_rec": 0.6929325971579895, "beta_enc": 0.42812522788069585, "gamma_fc": 0.004798138254019535, "gamma_cf": 0.8711210511811923}, "datetime": {"delta": 66.687138, "elapsed": 15331.952079, "datetime": "2020-06-14 13:58:36"}}
{"target": 10.25, "params": {"cue_position": 10.0, "beta_rec": 0.8988684338160745, "beta_enc": 0.28545322874561085, "gamma_fc": 0.15597511573545397, "gamma_cf": 0.9201857384599738}, "datetime": {"delta": 67.801475, "elapsed": 15399.753554, "datetime": "2020-06-14 13:59:44"}}
