{"target": 8.625, "params": {"cue_position": 10.0, "beta_rec": 0.4167239623706961, "beta_enc": 0.013767512557716799, "gamma_fc": 0.7797442954825999, "gamma_cf": 0.34302810983040655}, "datetime": {"delta": 0.357972, "elapsed": 55.750096, "datetime": "2020-06-14 09:44:00"}}
{"target": 9.25, "params": {"cue_position": 10.0, "beta_rec": 0.34195283630245243, "beta_enc": 0.17473631282740743, "gamma_fc": 0.6993076236968142, "gamma_cf": 0.716770814146376}, "datetime": {"delta": 0.372804, "elapsed": 56.1229, "datetime": "2020-06-14 09:44:00"}}
{"target": 8.875, "params": {"cue_position": 10.0, "beta_rec": 0.25339603448629966, "beta_enc": 0.6884973179489188, "gamma_fc": 0.4246491159313397, "gamma_cf": 0.22729754091594956}, "datetime": {"delta": 0.363885, "elapsed": 56.486785, "datetime": "2020-06-14 09:44:00"}}
{"target": 7.625, "params": {"cue_position": 10.0, "beta_rec": 0.3553079116201222, "beta_enc": 0.37192212166768723, "gamma_fc": 0.7073166026816995, "gamma_cf": 0.6316466268659396}, "datetime": {"delta": 0.338678, "elapsed": 56.825463, "datetime": "2020-06-14 09:44:01"}}
{"target": 8.0, "params": {"cue_position": 10.0, "beta_rec": 0.6483127561631246, "beta_enc": 0.6135886945028356, "gamma_fc": 0.5141750435258828, "gamma_cf": 0.14944679893886248}, "datetime": {"delta": 0.344934, "elapsed": 57.170397, "datetime": "2020-06-14 09:44:01"}}
{"target": 7.125, "params": {"cue_position": 10.0, "beta_rec": 0.18395344154722204, "beta_enc": 0.8753327263545391, "gamma_fc": 0.4972891859195163, "gamma_cf": 0.42893233402990294}, "datetime": {"delta": 0.326063, "elapsed": 57.49646, "datetime": "2020-06-14 09:44:01"}}
{"target": 10.125, "params": {"cue_position": 10.0, "beta_rec": 0.34244064113481054, "beta_enc": 0.16151077048601192, "gamma_fc": 0.8003322457764017, "gamma_cf": 0.844526943229479}, "datetime": {"delta": 0.390854, "elapsed": 57.887314, "datetime": "2020-06-14 09:44:02"}}
{"target": 8.125, "params": {"cue_position": 10.0, "beta_rec": 0.6070154607890389, "beta_enc": 0.4266391582681436, "gamma_fc": 0.29694708578690454, "gamma_cf": 0.5096132942175586}, "datetime": {"delta": 0.352997, "elapsed": 58.240311, "datetime": "2020-06-14 09:44:02"}}
{"target": 8.5, "params": {"cue_position": 10.0, "beta_rec": 0.6715983809063899, "beta_enc": 0.8596509535692011, "gamma_fc": 0.4705878794988857, "gamma_cf": 0.12475130006917923}, "datetime": {"delta": 0.35861, "elapsed": 58.598921, "datetime": "2020-06-14 09:44:02"}}
{"target": 7.25, "params": {"cue_position": 10.0, "beta_rec": 0.9482991740726651, "beta_enc": 0.9865727795868815, "gamma_fc": 0.639126848719905, "gamma_cf": 0.15172487103197363}, "datetime": {"delta": 0.330128, "elapsed": 58.929049, "datetime": "2020-06-14 09:44:03"}}
{"target": 6.375, "params": {"cue_position": 10.0, "beta_rec": 0.468665837661252, "beta_enc": 0.5656621125439275, "gamma_fc": 0.8499698885159654, "gamma_cf": 0.5992697556580301}, "datetime": {"delta": 0.310925, "elapsed": 59.239974, "datetime": "2020-06-14 09:44:03"}}
{"target": 9.5, "params": {"cue_position": 10.0, "beta_rec": 0.579360540297233, "beta_enc": 0.7511210403719374, "gamma_fc": 0.9913465087318091, "gamma_cf": 0.06473998344154885}, "datetime": {"delta": 0.377067, "elapsed": 59.617041, "datetime": "2020-06-14 09:44:03"}}
{"target": 8.5, "params": {"cue_position": 10.0, "beta_rec": 0.19949554613856135, "beta_enc": 0.05299454266798953, "gamma_fc": 0.6236704109977018, "gamma_cf": 0.10750887618516769}, "datetime": {"delta": 0.357527, "elapsed": 59.974568, "datetime": "2020-06-14 09:44:04"}}
{"target": 8.25, "params": {"cue_position": 10.0, "beta_rec": 0.28462388100694214, "beta_enc": 0.047992564048867314, "gamma_fc": 0.668456167589482, "gamma_cf": 0.7035193311050811}, "datetime": {"delta": 0.352788, "elapsed": 60.327356, "datetime": "2020-06-14 09:44:04"}}
{"target": 8.0, "params": {"cue_position": 10.0, "beta_rec": 0.1881942600298212, "beta_enc": 0.3785805932506022, "gamma_fc": 0.7953011674056428, "gamma_cf": 0.34037929076546725}, "datetime": {"delta": 0.347446, "elapsed": 60.674802, "datetime": "2020-06-14 09:44:04"}}
{"target": 8.125, "params": {"cue_position": 10.0, "beta_rec": 0.5256694443509794, "beta_enc": 0.4879009391796203, "gamma_fc": 0.3506565024321674, "gamma_cf": 0.6442320198790318}, "datetime": {"delta": 0.349912, "elapsed": 61.024714, "datetime": "2020-06-14 09:44:05"}}
{"target": 8.25, "params": {"cue_position": 10.0, "beta_rec": 0.4338833762117006, "beta_enc": 0.2292050272920657, "gamma_fc": 0.9794833541798064, "gamma_cf": 0.46978904008636024}, "datetime": {"delta": 0.350873, "elapsed": 61.375587, "datetime": "2020-06-14 09:44:05"}}
{"target": 8.375, "params": {"cue_position": 10.0, "beta_rec": 0.7744101333360395, "beta_enc": 0.36437807036823044, "gamma_fc": 0.354952851149572, "gamma_cf": 0.8891310891074828}, "datetime": {"delta": 0.354975, "elapsed": 61.730562, "datetime": "2020-06-14 09:44:05"}}
{"target": 9.5, "params": {"cue_position": 10.0, "beta_rec": 0.9110192396569683, "beta_enc": 0.24551868018650747, "gamma_fc": 0.5564069156709253, "gamma_cf": 0.9507534280610023}, "datetime": {"delta": 0.378495, "elapsed": 62.109057, "datetime": "2020-06-14 09:44:06"}}
{"target": 8.5, "params": {"cue_position": 10.0, "beta_rec": 0.9950523223391111, "beta_enc": 0.3763632166870875, "gamma_fc": 0.03109707545554785, "gamma_cf": 0.5167063597676121}, "datetime": {"delta": 0.356867, "elapsed": 62.465924, "datetime": "2020-06-14 09:44:06"}}
{"target": 8.875, "params": {"cue_position": 10.0, "beta_rec": 0.18046850899511557, "beta_enc": 0.5711757391862334, "gamma_fc": 0.8749025512123809, "gamma_cf": 0.9809236757505815}, "datetime": {"delta": 0.364412, "elapsed": 62.830336, "datetime": "2020-06-14 09:44:07"}}
{"target": 7.25, "params": {"cue_position": 10.0, "beta_rec": 0.7084608700517172, "beta_enc": 0.45183624942087064, "gamma_fc": 0.5285334901775651, "gamma_cf": 0.4948430841825636}, "datetime": {"delta": 0.331449, "elapsed": 63.161785, "datetime": "2020-06-14 09:44:07"}}
{"target": 7.875, "params": {"cue_position": 10.0, "beta_rec": 0.36939992561190627, "beta_enc": 0.1507843983721926, "gamma_fc": 0.4770129944022632, "gamma_cf": 0.7268937533445626}, "datetime": {"delta": 0.343371, "elapsed": 63.505156, "datetime": "2020-06-14 09:44:07"}}
{"target": 9.125, "params": {"cue_position": 10.0, "beta_rec": 0.8859979711653513, "beta_enc": 0.44887883670676554, "gamma_fc": 0.26889202221264585, "gamma_cf": 0.4090908319168599}, "datetime": {"delta": 0.370091, "elapsed": 63.875247, "datetime": "2020-06-14 09:44:08"}}
{"target": 8.625, "params": {"cue_position": 10.0, "beta_rec": 0.4181361337253158, "beta_enc": 0.07201203516976995, "gamma_fc": 0.5035095098483965, "gamma_cf": 0.29115394055242805}, "datetime": {"delta": 0.360823, "elapsed": 64.23607, "datetime": "2020-06-14 09:44:08"}}
{"target": 5.375, "params": {"cue_position": 10.0, "beta_rec": 0.10938291419358459, "beta_enc": 0.9659330650197223, "gamma_fc": 0.777098229275783, "gamma_cf": 0.49993237109919997}, "datetime": {"delta": 0.289673, "elapsed": 64.525743, "datetime": "2020-06-14 09:44:08"}}
{"target": 7.5, "params": {"cue_position": 10.0, "beta_rec": 0.08320263643587555, "beta_enc": 0.14360699787420927, "gamma_fc": 0.1916757389098901, "gamma_cf": 0.7969622519799001}, "datetime": {"delta": 0.335778, "elapsed": 64.861521, "datetime": "2020-06-14 09:44:09"}}
{"target": 7.375, "params": {"cue_position": 10.0, "beta_rec": 0.2902979970618682, "beta_enc": 0.767777192147274, "gamma_fc": 0.3986590599223787, "gamma_cf": 0.016715589077006432}, "datetime": {"delta": 0.334451, "elapsed": 65.195972, "datetime": "2020-06-14 09:44:09"}}
{"target": 8.25, "params": {"cue_position": 10.0, "beta_rec": 0.6593449361953647, "beta_enc": 0.38108149129345237, "gamma_fc": 0.016575882900934147, "gamma_cf": 0.15260398704227185}, "datetime": {"delta": 0.350169, "elapsed": 65.546141, "datetime": "2020-06-14 09:44:09"}}
{"target": 8.25, "params": {"cue_position": 10.0, "beta_rec": 0.6517892760100904, "beta_enc": 0.11379635644740682, "gamma_fc": 0.5579119942437725, "gamma_cf": 0.32102631416731586}, "datetime": {"delta": 0.351926, "elapsed": 65.898067, "datetime": "2020-06-14 09:44:10"}}
{"target": 5.375, "params": {"cue_position": 10.0, "beta_rec": 0.8344865140180296, "beta_enc": 0.9934604630998499, "gamma_fc": 0.03972870668308481, "gamma_cf": 0.9182585891320579}, "datetime": {"delta": 0.289486, "elapsed": 66.187553, "datetime": "2020-06-14 09:44:10"}}
{"target": 7.25, "params": {"cue_position": 10.0, "beta_rec": 0.4740062899880546, "beta_enc": 0.07033344161552524, "gamma_fc": 0.48956496114516856, "gamma_cf": 0.9372520621284489}, "datetime": {"delta": 0.331016, "elapsed": 66.518569, "datetime": "2020-06-14 09:44:10"}}
{"target": 10.25, "params": {"cue_position": 10.0, "beta_rec": 0.8952603657312208, "beta_enc": 0.5396491100933506, "gamma_fc": 0.25358174937162836, "gamma_cf": 0.8770343892703519}, "datetime": {"delta": 0.395282, "elapsed": 66.913851, "datetime": "2020-06-14 09:44:11"}}
{"target": 7.75, "params": {"cue_position": 10.0, "beta_rec": 0.32836139008759013, "beta_enc": 0.27380970415810857, "gamma_fc": 0.6714291710812733, "gamma_cf": 0.22012867402698122}, "datetime": {"delta": 0.341002, "elapsed": 67.254853, "datetime": "2020-06-14 09:44:11"}}
{"target": 7.75, "params": {"cue_position": 10.0, "beta_rec": 0.09410027449963942, "beta_enc": 0.1427932828030004, "gamma_fc": 0.3860040110225955, "gamma_cf": 0.23686870355699852}, "datetime": {"delta": 0.344017, "elapsed": 67.59887, "datetime": "2020-06-14 09:44:11"}}
{"target": 8.125, "params": {"cue_position": 10.0, "beta_rec": 0.52580196995147, "beta_enc": 0.5715420927253323, "gamma_fc": 0.9511356184186921, "gamma_cf": 0.8741259355980283}, "datetime": {"delta": 0.350381, "elapsed": 67.949251, "datetime": "2020-06-14 09:44:12"}}
{"target": 7.125, "params": {"cue_position": 10.0, "beta_rec": 0.2838018349468743, "beta_enc": 0.8125073041746718, "gamma_fc": 0.5546673107876667, "gamma_cf": 0.3394167240176095}, "datetime": {"delta": 0.329746, "elapsed": 68.278997, "datetime": "2020-06-14 09:44:12"}}
{"target": 7.75, "params": {"cue_position": 10.0, "beta_rec": 0.3117029177189814, "beta_enc": 0.9744034689130026, "gamma_fc": 0.7744772660150796, "gamma_cf": 0.3259672073089859}, "datetime": {"delta": 0.345143, "elapsed": 68.62414, "datetime": "2020-06-14 09:44:12"}}
{"target": 8.25, "params": {"cue_position": 10.0, "beta_rec": 0.889827341447375, "beta_enc": 0.3258099666132048, "gamma_fc": 0.46947902855992574, "gamma_cf": 0.7626320954451107}, "datetime": {"delta": 0.352713, "elapsed": 68.976853, "datetime": "2020-06-14 09:44:13"}}
{"target": 9.625, "params": {"cue_position": 10.0, "beta_rec": 0.041475079576498874, "beta_enc": 0.21076450246870537, "gamma_fc": 0.6938554113738997, "gamma_cf": 0.03711266449399442}, "datetime": {"delta": 0.380795, "elapsed": 69.357648, "datetime": "2020-06-14 09:44:13"}}
{"target": 7.75, "params": {"cue_position": 10.0, "beta_rec": 0.430471782744975, "beta_enc": 0.6703500319361684, "gamma_fc": 0.03985992663545257, "gamma_cf": 0.5360084947395637}, "datetime": {"delta": 0.340379, "elapsed": 69.698027, "datetime": "2020-06-14 09:44:13"}}
{"target": 9.5, "params": {"cue_position": 10.0, "beta_rec": 0.19341639901491836, "beta_enc": 0.13479311796067905, "gamma_fc": 0.6051167805003662, "gamma_cf": 0.05231294643747675}, "datetime": {"delta": 0.377099, "elapsed": 70.075126, "datetime": "2020-06-14 09:44:14"}}
{"target": 7.5, "params": {"cue_position": 10.0, "beta_rec": 0.6174610120171561, "beta_enc": 0.5120610275239188, "gamma_fc": 0.4540590560591513, "gamma_cf": 0.8477004682374377}, "datetime": {"delta": 0.336454, "elapsed": 70.41158, "datetime": "2020-06-14 09:44:14"}}
{"target": 9.125, "params": {"cue_position": 10.0, "beta_rec": 0.8730681484470995, "beta_enc": 0.015403519791920894, "gamma_fc": 0.9517756930338517, "gamma_cf": 0.823003040648471}, "datetime": {"delta": 0.369173, "elapsed": 70.780753, "datetime": "2020-06-14 09:44:15"}}
{"target": 9.375, "params": {"cue_position": 10.0, "beta_rec": 0.23507186409101455, "beta_enc": 0.050912383516887205, "gamma_fc": 0.863829145501452, "gamma_cf": 0.4216578860324509}, "datetime": {"delta": 0.378026, "elapsed": 71.158779, "datetime": "2020-06-14 09:44:15"}}
{"target": 8.625, "params": {"cue_position": 10.0, "beta_rec": 0.4731119528858785, "beta_enc": 0.0816239827150681, "gamma_fc": 0.8414221567958434, "gamma_cf": 0.7728856021671178}, "datetime": {"delta": 0.357421, "elapsed": 71.5162, "datetime": "2020-06-14 09:44:15"}}
{"target": 9.5, "params": {"cue_position": 10.0, "beta_rec": 0.48644074317039476, "beta_enc": 0.04329093818615859, "gamma_fc": 0.9438926277837961, "gamma_cf": 0.9524737816932592}, "datetime": {"delta": 0.379401, "elapsed": 71.895601, "datetime": "2020-06-14 09:44:16"}}
{"target": 8.375, "params": {"cue_position": 10.0, "beta_rec": 0.9734873973251963, "beta_enc": 0.6139340023847009, "gamma_fc": 0.4345949734085095, "gamma_cf": 0.8978507176676818}, "datetime": {"delta": 0.355672, "elapsed": 72.251273, "datetime": "2020-06-14 09:44:16"}}
{"target": 8.0, "params": {"cue_position": 10.0, "beta_rec": 0.9408279632013994, "beta_enc": 0.23581463714751372, "gamma_fc": 0.8704248568230661, "gamma_cf": 0.06491158533912933}, "datetime": {"delta": 0.345227, "elapsed": 72.5965, "datetime": "2020-06-14 09:44:16"}}
{"target": 8.5, "params": {"cue_position": 10.0, "beta_rec": 0.6049268729742817, "beta_enc": 0.7013802946333463, "gamma_fc": 0.6004889552745444, "gamma_cf": 0.2534390424997808}, "datetime": {"delta": 0.358301, "elapsed": 72.954801, "datetime": "2020-06-14 09:44:17"}}
{"target": 6.25, "params": {"cue_position": 10.0, "beta_rec": 0.05411366032399989, "beta_enc": 0.8146191812616553, "gamma_fc": 0.6183458693278855, "gamma_cf": 0.8424458099564136}, "datetime": {"delta": 0.309558, "elapsed": 73.264359, "datetime": "2020-06-14 09:44:17"}}
{"target": 8.625, "params": {"cue_position": 10.0, "beta_rec": 0.2482907289970986, "beta_enc": 0.531287810481058, "gamma_fc": 0.42166593484970927, "gamma_cf": 0.8726861649194619}, "datetime": {"delta": 0.358436, "elapsed": 73.622795, "datetime": "2020-06-14 09:44:17"}}
{"target": 8.25, "params": {"cue_position": 10.0, "beta_rec": 0.8969850695075825, "beta_enc": 0.0644302555796068, "gamma_fc": 0.8817706230828073, "gamma_cf": 0.8262275354923914}, "datetime": {"delta": 0.349927, "elapsed": 73.972722, "datetime": "2020-06-14 09:44:18"}}
{"target": 6.75, "params": {"cue_position": 10.0, "beta_rec": 0.5984646931046363, "beta_enc": 0.48675074481833813, "gamma_fc": 0.8550417213473515, "gamma_cf": 0.624821294185499}, "datetime": {"delta": 0.321719, "elapsed": 74.294441, "datetime": "2020-06-14 09:44:18"}}
{"target": 6.875, "params": {"cue_position": 10.0, "beta_rec": 0.8837555081806009, "beta_enc": 0.2821394484048606, "gamma_fc": 0.22700116521465796, "gamma_cf": 0.11510304096690338}, "datetime": {"delta": 0.320744, "elapsed": 74.615185, "datetime": "2020-06-14 09:44:18"}}
{"target": 8.25, "params": {"cue_position": 10.0, "beta_rec": 0.23944623690468037, "beta_enc": 0.5959823856130138, "gamma_fc": 0.8448725182357391, "gamma_cf": 0.16184771412383514}, "datetime": {"delta": 0.350987, "elapsed": 74.966172, "datetime": "2020-06-14 09:44:19"}}
{"target": 7.125, "params": {"cue_position": 10.0, "beta_rec": 0.9635670871883419, "beta_enc": 0.6021836538927108, "gamma_fc": 0.5989852889734197, "gamma_cf": 0.5956250981349497}, "datetime": {"delta": 0.32658, "elapsed": 75.292752, "datetime": "2020-06-14 09:44:19"}}
{"target": 8.5, "params": {"cue_position": 10.0, "beta_rec": 0.05917720718572239, "beta_enc": 0.6157042872039488, "gamma_fc": 0.5346790571795887, "gamma_cf": 0.9482094981876252}, "datetime": {"delta": 0.357033, "elapsed": 75.649785, "datetime": "2020-06-14 09:44:19"}}
{"target": 8.25, "params": {"cue_position": 10.0, "beta_rec": 0.7529259149799422, "beta_enc": 0.1925560209550684, "gamma_fc": 0.9176063476443932, "gamma_cf": 0.32825610365078084}, "datetime": {"delta": 0.352292, "elapsed": 76.002077, "datetime": "2020-06-14 09:44:20"}}
{"target": 7.375, "params": {"cue_position": 10.0, "beta_rec": 0.8551902839041353, "beta_enc": 0.5883673328938768, "gamma_fc": 0.8794835234293169, "gamma_cf": 0.822578152523871}, "datetime": {"delta": 0.331658, "elapsed": 76.333735, "datetime": "2020-06-14 09:44:20"}}
{"target": 9.875, "params": {"cue_position": 10.0, "beta_rec": 0.12295477155217849, "beta_enc": 0.3209863745244532, "gamma_fc": 0.1267357091420086, "gamma_cf": 0.44034708683123824}, "datetime": {"delta": 0.385725, "elapsed": 76.71946, "datetime": "2020-06-14 09:44:20"}}
{"target": 9.5, "params": {"cue_position": 10.0, "beta_rec": 0.03606831456985993, "beta_enc": 0.5898236481098892, "gamma_fc": 0.012096760015357866, "gamma_cf": 0.7883011896679689}, "datetime": {"delta": 0.377667, "elapsed": 77.097127, "datetime": "2020-06-14 09:44:21"}}
{"target": 9.25, "params": {"cue_position": 10.0, "beta_rec": 0.021375961088070716, "beta_enc": 0.3033456717085691, "gamma_fc": 0.29337627848605663, "gamma_cf": 0.5820299763434618}, "datetime": {"delta": 0.372367, "elapsed": 77.469494, "datetime": "2020-06-14 09:44:21"}}
{"target": 6.875, "params": {"cue_position": 10.0, "beta_rec": 0.5071194235482045, "beta_enc": 0.9289494618931157, "gamma_fc": 0.2641376442105696, "gamma_cf": 0.5878715062961865}, "datetime": {"delta": 0.320369, "elapsed": 77.789863, "datetime": "2020-06-14 09:44:22"}}
{"target": 7.5, "params": {"cue_position": 10.0, "beta_rec": 0.37165457672418245, "beta_enc": 0.3052882993474333, "gamma_fc": 0.6958461339323264, "gamma_cf": 0.5845472661166298}, "datetime": {"delta": 0.334462, "elapsed": 78.124325, "datetime": "2020-06-14 09:44:22"}}
{"target": 8.25, "params": {"cue_position": 10.0, "beta_rec": 0.9710833196254638, "beta_enc": 0.07194722016400112, "gamma_fc": 0.7516404040812905, "gamma_cf": 0.8061631629534083}, "datetime": {"delta": 0.351425, "elapsed": 78.47575, "datetime": "2020-06-14 09:44:22"}}
{"target": 9.125, "params": {"cue_position": 10.0, "beta_rec": 0.48169628302117706, "beta_enc": 0.0800609772712173, "gamma_fc": 0.4487372588243219, "gamma_cf": 0.6724726505249299}, "datetime": {"delta": 0.375723, "elapsed": 78.851473, "datetime": "2020-06-14 09:44:23"}}
{"target": 8.25, "params": {"cue_position": 10.0, "beta_rec": 0.6816453376026229, "beta_enc": 0.7043133983839096, "gamma_fc": 0.15098073327964578, "gamma_cf": 0.6186007425615364}, "datetime": {"delta": 0.350321, "elapsed": 79.201794, "datetime": "2020-06-14 09:44:23"}}
{"target": 9.125, "params": {"cue_position": 10.0, "beta_rec": 0.781045822193957, "beta_enc": 0.760802456305756, "gamma_fc": 0.17667889307234141, "gamma_cf": 0.23376869260410593}, "datetime": {"delta": 0.369681, "elapsed": 79.571475, "datetime": "2020-06-14 09:44:23"}}
{"target": 9.25, "params": {"cue_position": 10.0, "beta_rec": 0.3205646539951602, "beta_enc": 0.3910991231067624, "gamma_fc": 0.7600017523497489, "gamma_cf": 0.6135258996684316}, "datetime": {"delta": 0.37197, "elapsed": 79.943445, "datetime": "2020-06-14 09:44:24"}}
{"target": 9.125, "params": {"cue_position": 10.0, "beta_rec": 0.09944056291558923, "beta_enc": 0.4276650996969642, "gamma_fc": 0.19384776750950716, "gamma_cf": 0.3734071317371953}, "datetime": {"delta": 0.373216, "elapsed": 80.316661, "datetime": "2020-06-14 09:44:24"}}
{"target": 7.625, "params": {"cue_position": 10.0, "beta_rec": 0.5996360084237168, "beta_enc": 0.8207464986229382, "gamma_fc": 0.08817368124218106, "gamma_cf": 0.4911099613042962}, "datetime": {"delta": 0.33949, "elapsed": 80.656151, "datetime": "2020-06-14 09:44:24"}}
{"target": 9.375, "params": {"cue_position": 10.0, "beta_rec": 0.461602080891622, "beta_enc": 0.23507763668617032, "gamma_fc": 0.7293976982561526, "gamma_cf": 0.0254762357788203}, "datetime": {"delta": 0.374491, "elapsed": 81.030642, "datetime": "2020-06-14 09:44:25"}}
{"target": 9.375, "params": {"cue_position": 10.0, "beta_rec": 0.33039174636170277, "beta_enc": 0.7249167472191191, "gamma_fc": 0.8646861447635343, "gamma_cf": 0.42844247595107343}, "datetime": {"delta": 0.374087, "elapsed": 81.404729, "datetime": "2020-06-14 09:44:25"}}
{"target": 7.625, "params": {"cue_position": 10.0, "beta_rec": 0.5810356574180902, "beta_enc": 0.6570654246228895, "gamma_fc": 0.8944324184275724, "gamma_cf": 0.5295466104783949}, "datetime": {"delta": 0.339901, "elapsed": 81.74463, "datetime": "2020-06-14 09:44:26"}}
{"target": 7.75, "params": {"cue_position": 10.0, "beta_rec": 0.8709456091610533, "beta_enc": 0.30499397583521604, "gamma_fc": 0.6830743663365642, "gamma_cf": 0.32984456268188234}, "datetime": {"delta": 0.341431, "elapsed": 82.086061, "datetime": "2020-06-14 09:44:26"}}
{"target": 6.125, "params": {"cue_position": 10.0, "beta_rec": 0.07569688175830336, "beta_enc": 0.8992209495659688, "gamma_fc": 0.8497689100179306, "gamma_cf": 0.1908393632684806}, "datetime": {"delta": 0.304772, "elapsed": 82.390833, "datetime": "2020-06-14 09:44:26"}}
{"target": 7.5, "params": {"cue_position": 10.0, "beta_rec": 0.34433919545005387, "beta_enc": 0.6671187886992039, "gamma_fc": 0.8477880437147416, "gamma_cf": 0.6353709614884534}, "datetime": {"delta": 0.336592, "elapsed": 82.727425, "datetime": "2020-06-14 09:44:26"}}
{"target": 9.75, "params": {"cue_position": 10.0, "beta_rec": 0.6282395971306578, "beta_enc": 0.8218493747640105, "gamma_fc": 0.1978327846479193, "gamma_cf": 0.5899231270757698}, "datetime": {"delta": 0.38386, "elapsed": 83.111285, "datetime": "2020-06-14 09:44:27"}}
{"target": 9.125, "params": {"cue_position": 10.0, "beta_rec": 0.3367459987011673, "beta_enc": 0.4293307226164923, "gamma_fc": 0.992700873664818, "gamma_cf": 0.38023649611726473}, "datetime": {"delta": 0.369737, "elapsed": 83.481022, "datetime": "2020-06-14 09:44:27"}}
{"target": 8.875, "params": {"cue_position": 10.0, "beta_rec": 0.17227970147712546, "beta_enc": 0.5188042507334142, "gamma_fc": 0.12341885981472989, "gamma_cf": 0.37030569377388767}, "datetime": {"delta": 0.366333, "elapsed": 83.847355, "datetime": "2020-06-14 09:44:28"}}
