{"target": 10.329166666666667, "params": {"gamma_fc": 0.767922558459835, "beta_enc": 0.07817074867344051, "gamma_cf": 0.8256017396903085, "beta_rec": 0.9508671023773875, "cue_position": 9.0}, "datetime": {"datetime": "2020-06-20 06:13:22", "elapsed": 14736.823188, "delta": 58.784333}}
{"target": 10.045833333333333, "params": {"gamma_fc": 0.671006682184183, "beta_enc": 0.05095891768527174, "gamma_cf": 0.626496417756429, "beta_rec": 0.29835663151327074, "cue_position": 9.0}, "datetime": {"datetime": "2020-06-20 06:14:18", "elapsed": 14792.644812, "delta": 55.821624}}
{"target": 10.4375, "params": {"gamma_fc": 0.8054194638771225, "beta_enc": 0.02956534493962016, "gamma_cf": 0.8846296022046489, "beta_rec": 0.9907712176725839, "cue_position": 9.0}, "datetime": {"datetime": "2020-06-20 06:15:14", "elapsed": 14849.401383, "delta": 56.756571}}
{"target": 10.4625, "params": {"gamma_fc": 0.8155272038970756, "beta_enc": 0.03647634513779312, "gamma_cf": 0.904860639435453, "beta_rec": 0.9738474202886361, "cue_position": 9.0}, "datetime": {"datetime": "2020-06-20 06:16:10", "elapsed": 14905.206929, "delta": 55.805546}}
{"target": 10.333333333333334, "params": {"gamma_fc": 0.8888169916846939, "beta_enc": 0.23713350079715964, "gamma_cf": 0.8994976421213114, "beta_rec": 0.09720715715644679, "cue_position": 9.0}, "datetime": {"datetime": "2020-06-20 06:17:08", "elapsed": 14962.564786, "delta": 57.357857}}
{"target": 10.216666666666667, "params": {"gamma_fc": 0.9224646616411346, "beta_enc": 0.08264113905309048, "gamma_cf": 0.9570563469714651, "beta_rec": 0.5375660313917875, "cue_position": 9.0}, "datetime": {"datetime": "2020-06-20 06:18:02", "elapsed": 15016.904283, "delta": 54.339497}}
{"target": 10.3375, "params": {"gamma_fc": 0.5318864887395974, "beta_enc": 0.022804677022221425, "gamma_cf": 0.8302039266521768, "beta_rec": 0.31877974899269823, "cue_position": 9.0}, "datetime": {"datetime": "2020-06-20 06:18:59", "elapsed": 15073.630633, "delta": 56.72635}}
{"target": 10.304166666666667, "params": {"gamma_fc": 0.4250835992689711, "beta_enc": 0.12560947860204003, "gamma_cf": 0.8617577020772043, "beta_rec": 0.49621707641311397, "cue_position": 9.0}, "datetime": {"datetime": "2020-06-20 06:19:54", "elapsed": 15129.351877, "delta": 55.721244}}
{"target": 10.408333333333333, "params": {"gamma_fc": 0.5484032661039925, "beta_enc": 0.043156077923593106, "gamma_cf": 0.8372744622521722, "beta_rec": 0.31937738575644187, "cue_position": 9.0}, "datetime": {"datetime": "2020-06-20 06:20:50", "elapsed": 15184.593941, "delta": 55.242064}}
{"target": 10.125, "params": {"gamma_fc": 0.7571214891832836, "beta_enc": 0.15333009764131453, "gamma_cf": 0.6057062455070042, "beta_rec": 0.7423399450126621, "cue_position": 9.0}, "datetime": {"datetime": "2020-06-20 06:21:45", "elapsed": 15239.852386, "delta": 55.258445}}
{"target": 10.05, "params": {"gamma_fc": 0.6314114963597162, "beta_enc": 0.029415204825209686, "gamma_cf": 0.5963829555582454, "beta_rec": 0.30239599178814247, "cue_position": 9.0}, "datetime": {"datetime": "2020-06-20 06:22:41", "elapsed": 15295.493693, "delta": 55.641307}}
{"target": 10.270833333333334, "params": {"gamma_fc": 0.7504870298914323, "beta_enc": 0.132969921749845, "gamma_cf": 0.6498151488871038, "beta_rec": 0.6897151555911234, "cue_position": 9.0}, "datetime": {"datetime": "2020-06-20 06:23:35", "elapsed": 15349.623497, "delta": 54.129804}}
{"target": 10.141666666666667, "params": {"gamma_fc": 0.715169231781747, "beta_enc": 0.16181014378061878, "gamma_cf": 0.4255547244137071, "beta_rec": 0.015120387604364953, "cue_position": 9.0}, "datetime": {"datetime": "2020-06-20 06:24:33", "elapsed": 15407.883385, "delta": 58.259888}}
{"target": 10.6125, "params": {"gamma_fc": 0.43957720652935434, "beta_enc": 0.06078843149230562, "gamma_cf": 0.8128017364034971, "beta_rec": 0.0938179344649316, "cue_position": 9.0}, "datetime": {"datetime": "2020-06-20 06:25:30", "elapsed": 15465.305263, "delta": 57.421878}}
{"target": 10.354166666666666, "params": {"gamma_fc": 0.44464674521404507, "beta_enc": 0.06189481105573733, "gamma_cf": 0.8005962976032182, "beta_rec": 0.08987811818826195, "cue_position": 9.0}, "datetime": {"datetime": "2020-06-20 06:26:30", "elapsed": 15524.579463, "delta": 59.2742}}
{"target": 10.341666666666667, "params": {"gamma_fc": 0.4391047258780668, "beta_enc": 0.0556494634175216, "gamma_cf": 0.8216011618464217, "beta_rec": 0.09847363168494305, "cue_position": 9.0}, "datetime": {"datetime": "2020-06-20 06:28:09", "elapsed": 15624.162802, "delta": 99.583339}}
{"target": 10.5, "params": {"gamma_fc": 0.43081016332172084, "beta_enc": 0.07159885107257258, "gamma_cf": 0.814497772612046, "beta_rec": 0.08924267904905898, "cue_position": 9.0}, "datetime": {"datetime": "2020-06-20 06:29:56", "elapsed": 15730.759841, "delta": 106.597039}}
{"target": 10.354166666666666, "params": {"gamma_fc": 0.43969148838455696, "beta_enc": 0.06444928910887378, "gamma_cf": 0.8087802374219909, "beta_rec": 0.10259486082555547, "cue_position": 9.0}, "datetime": {"datetime": "2020-06-20 06:31:41", "elapsed": 15835.935293, "delta": 105.175452}}
{"target": 10.220833333333333, "params": {"gamma_fc": 0.44055763701210393, "beta_enc": 0.05776312629111619, "gamma_cf": 0.8138911769977925, "beta_rec": 0.08588437334315861, "cue_position": 9.0}, "datetime": {"datetime": "2020-06-20 06:33:21", "elapsed": 15936.124054, "delta": 100.188761}}
{"target": 10.108333333333333, "params": {"gamma_fc": 0.8440994297746699, "beta_enc": 0.029918699238943972, "gamma_cf": 0.25892559180869607, "beta_rec": 0.02199475984560772, "cue_position": 9.0}, "datetime": {"datetime": "2020-06-20 06:35:02", "elapsed": 16037.434152, "delta": 101.310098}}
{"target": 10.391666666666667, "params": {"gamma_fc": 0.8489524459443798, "beta_enc": 0.014759501705972672, "gamma_cf": 0.23182817620314083, "beta_rec": 0.01157015868851716, "cue_position": 9.0}, "datetime": {"datetime": "2020-06-20 06:36:42", "elapsed": 16137.265913, "delta": 99.831761}}
{"target": 10.391666666666667, "params": {"gamma_fc": 0.9457391573707105, "beta_enc": 0.04830457921879358, "gamma_cf": 1.0, "beta_rec": 0.4863393495572972, "cue_position": 9.0}, "datetime": {"datetime": "2020-06-20 06:38:30", "elapsed": 16245.205689, "delta": 107.939776}}
{"target": 10.258333333333333, "params": {"gamma_fc": 0.765468772724793, "beta_enc": 0.0550235628956623, "gamma_cf": 0.8337748421688932, "beta_rec": 0.9734462211950129, "cue_position": 9.0}, "datetime": {"datetime": "2020-06-20 06:40:03", "elapsed": 16337.63717, "delta": 92.431481}}
{"target": 10.291666666666666, "params": {"gamma_fc": 0.5458707497813559, "beta_enc": 0.028529065433325198, "gamma_cf": 0.8421186333327145, "beta_rec": 0.33575314439365744, "cue_position": 9.0}, "datetime": {"datetime": "2020-06-20 06:41:36", "elapsed": 16431.041992, "delta": 93.404822}}
{"target": 10.241666666666667, "params": {"gamma_fc": 0.5424294129632071, "beta_enc": 0.02862875000401066, "gamma_cf": 0.8474936201225922, "beta_rec": 0.3131761765034008, "cue_position": 9.0}, "datetime": {"datetime": "2020-06-20 06:43:07", "elapsed": 16521.815451, "delta": 90.773459}}
{"target": 10.125, "params": {"gamma_fc": 0.9106780664225567, "beta_enc": 0.04270517149950377, "gamma_cf": 0.8284910813318768, "beta_rec": 0.8808585384206743, "cue_position": 9.0}, "datetime": {"datetime": "2020-06-20 06:44:35", "elapsed": 16609.738072, "delta": 87.922621}}
{"target": 10.054166666666667, "params": {"gamma_fc": 0.9328935979606872, "beta_enc": 0.039570381108885735, "gamma_cf": 1.0, "beta_rec": 0.5001800151903731, "cue_position": 9.0}, "datetime": {"datetime": "2020-06-20 06:45:59", "elapsed": 16693.886417, "delta": 84.148345}}
{"target": 10.229166666666666, "params": {"gamma_fc": 0.7120074856005815, "beta_enc": 0.07565476274358911, "gamma_cf": 0.6155324342935047, "beta_rec": 0.587633408299221, "cue_position": 9.0}, "datetime": {"datetime": "2020-06-20 06:47:24", "elapsed": 16778.80565, "delta": 84.919233}}
{"target": 10.4, "params": {"gamma_fc": 0.9273167647099749, "beta_enc": 0.023567882762568, "gamma_cf": 0.946978589768837, "beta_rec": 0.44375862388482284, "cue_position": 9.0}, "datetime": {"datetime": "2020-06-20 06:48:49", "elapsed": 16863.863897, "delta": 85.058247}}
{"target": 10.304166666666667, "params": {"gamma_fc": 0.6606603050791001, "beta_enc": 0.026920845483536487, "gamma_cf": 0.6109737540007103, "beta_rec": 0.3263649231534199, "cue_position": 9.0}, "datetime": {"datetime": "2020-06-20 06:50:15", "elapsed": 16950.406245, "delta": 86.542348}}
{"target": 10.325, "params": {"gamma_fc": 0.9492226422000501, "beta_enc": 0.06870016952510237, "gamma_cf": 0.9761818264621379, "beta_rec": 0.5134798091745757, "cue_position": 9.0}, "datetime": {"datetime": "2020-06-20 06:51:42", "elapsed": 17037.116428, "delta": 86.710183}}
{"target": 10.429166666666667, "params": {"gamma_fc": 0.8465544573305417, "beta_enc": 0.04614310656652512, "gamma_cf": 0.44532716825041585, "beta_rec": 0.24105621136151562, "cue_position": 9.0}, "datetime": {"datetime": "2020-06-20 06:53:07", "elapsed": 17122.413361, "delta": 85.296933}}
{"target": 10.470833333333333, "params": {"gamma_fc": 0.8346273362633447, "beta_enc": 0.05103164123614878, "gamma_cf": 0.4253849999313081, "beta_rec": 0.24482645449846666, "cue_position": 9.0}, "datetime": {"datetime": "2020-06-20 06:54:32", "elapsed": 17207.120794, "delta": 84.707433}}
{"target": 10.333333333333334, "params": {"gamma_fc": 0.9331424170074777, "beta_enc": 0.03921099060054239, "gamma_cf": 1.0, "beta_rec": 0.47037570080887214, "cue_position": 9.0}, "datetime": {"datetime": "2020-06-20 06:56:00", "elapsed": 17294.500647, "delta": 87.379853}}
{"target": 10.341666666666667, "params": {"gamma_fc": 0.40885559729091275, "beta_enc": 0.1380079004793774, "gamma_cf": 0.835109072247707, "beta_rec": 0.5197237886984843, "cue_position": 9.0}, "datetime": {"datetime": "2020-06-20 06:57:27", "elapsed": 17381.774922, "delta": 87.274275}}
{"target": 10.3, "params": {"gamma_fc": 0.9139416758159576, "beta_enc": 0.26855482842728845, "gamma_cf": 0.8088274521550797, "beta_rec": 0.10914215845075631, "cue_position": 9.0}, "datetime": {"datetime": "2020-06-20 06:58:55", "elapsed": 17469.506199, "delta": 87.731277}}
{"target": 10.454166666666667, "params": {"gamma_fc": 0.8893662142646923, "beta_enc": 0.10199069450719458, "gamma_cf": 0.8406311085911216, "beta_rec": 0.7832784889834106, "cue_position": 9.0}, "datetime": {"datetime": "2020-06-20 07:00:27", "elapsed": 17562.234837, "delta": 92.728638}}
{"target": 10.304166666666667, "params": {"gamma_fc": 0.8732887644512876, "beta_enc": 0.11757744563671237, "gamma_cf": 0.8427294617569961, "beta_rec": 0.7758444945768908, "cue_position": 9.0}, "datetime": {"datetime": "2020-06-20 07:01:59", "elapsed": 17653.998656, "delta": 91.763819}}
{"target": 10.433333333333334, "params": {"gamma_fc": 0.3791735423889274, "beta_enc": 0.012909932120652588, "gamma_cf": 0.9291091224875776, "beta_rec": 0.3127216749904715, "cue_position": 9.0}, "datetime": {"datetime": "2020-06-20 07:03:28", "elapsed": 17742.528318, "delta": 88.529662}}
{"target": 10.104166666666666, "params": {"gamma_fc": 0.3960037618456125, "beta_enc": 0.0, "gamma_cf": 0.9394930792687625, "beta_rec": 0.31553767872043864, "cue_position": 9.0}, "datetime": {"datetime": "2020-06-20 07:04:55", "elapsed": 17829.972431, "delta": 87.444113}}
{"target": 10.345833333333333, "params": {"gamma_fc": 0.827391931272813, "beta_enc": 0.05224306182296027, "gamma_cf": 0.8527533134324427, "beta_rec": 0.9434236042368105, "cue_position": 9.0}, "datetime": {"datetime": "2020-06-20 07:06:23", "elapsed": 17918.175044, "delta": 88.202613}}
{"target": 10.416666666666666, "params": {"gamma_fc": 0.5048860442116287, "beta_enc": 0.0804248530704216, "gamma_cf": 0.9426494863272834, "beta_rec": 0.4723014509148586, "cue_position": 9.0}, "datetime": {"datetime": "2020-06-20 07:07:23", "elapsed": 17978.252169, "delta": 60.077125}}
{"target": 10.204166666666667, "params": {"gamma_fc": 0.7374891117351378, "beta_enc": 0.10626768783037695, "gamma_cf": 0.6594613704021729, "beta_rec": 0.6227145720373575, "cue_position": 9.0}, "datetime": {"datetime": "2020-06-20 07:09:08", "elapsed": 18083.286859, "delta": 105.03469}}
{"target": 10.470833333333333, "params": {"gamma_fc": 0.38440913740059635, "beta_enc": 0.018781576821700934, "gamma_cf": 0.9215497472738597, "beta_rec": 0.2926460165995196, "cue_position": 9.0}, "datetime": {"datetime": "2020-06-20 07:10:46", "elapsed": 18180.902686, "delta": 97.615827}}
{"target": 10.558333333333334, "params": {"gamma_fc": 0.6276912383377002, "beta_enc": 0.011196720833081023, "gamma_cf": 0.9647682079176391, "beta_rec": 0.9676083095171083, "cue_position": 9.0}, "datetime": {"datetime": "2020-06-20 07:12:33", "elapsed": 18287.61, "delta": 106.707314}}
{"target": 10.245833333333334, "params": {"gamma_fc": 0.6156347020081505, "beta_enc": 0.021308373903025844, "gamma_cf": 0.9697245102670218, "beta_rec": 0.9640328120029086, "cue_position": 9.0}, "datetime": {"datetime": "2020-06-20 07:14:07", "elapsed": 18382.213157, "delta": 94.603157}}
{"target": 10.25, "params": {"gamma_fc": 0.6306287511968064, "beta_enc": 0.0, "gamma_cf": 0.9633547135301518, "beta_rec": 0.9757772754653673, "cue_position": 9.0}, "datetime": {"datetime": "2020-06-20 07:15:45", "elapsed": 18480.192834, "delta": 97.979677}}
{"target": 10.4125, "params": {"gamma_fc": 0.6356260011035605, "beta_enc": 0.011081650793305864, "gamma_cf": 0.9620015594975156, "beta_rec": 0.9539065487427754, "cue_position": 9.0}, "datetime": {"datetime": "2020-06-20 07:17:21", "elapsed": 18575.885678, "delta": 95.692844}}
{"target": 10.204166666666667, "params": {"gamma_fc": 0.6412433529604104, "beta_enc": 0.024534313081531384, "gamma_cf": 0.9590611029120528, "beta_rec": 0.9698457472360354, "cue_position": 9.0}, "datetime": {"datetime": "2020-06-20 07:18:54", "elapsed": 18669.422376, "delta": 93.536698}}
{"target": 10.345833333333333, "params": {"gamma_fc": 0.8874435383164312, "beta_enc": 0.09772642575240553, "gamma_cf": 0.8246392834540359, "beta_rec": 0.7667882527106192, "cue_position": 9.0}, "datetime": {"datetime": "2020-06-20 07:20:30", "elapsed": 18764.534966, "delta": 95.11259}}
{"target": 10.229166666666666, "params": {"gamma_fc": 0.7465567272088448, "beta_enc": 0.10507882844042514, "gamma_cf": 0.7919800362678677, "beta_rec": 0.953803771980685, "cue_position": 9.0}, "datetime": {"datetime": "2020-06-20 07:21:55", "elapsed": 18850.208257, "delta": 85.673291}}
{"target": 10.391666666666667, "params": {"gamma_fc": 0.6246785285849557, "beta_enc": 0.00479117495738655, "gamma_cf": 0.9772867004171173, "beta_rec": 0.9633329757310387, "cue_position": 9.0}, "datetime": {"datetime": "2020-06-20 07:23:38", "elapsed": 18952.82928, "delta": 102.621023}}
{"target": 10.183333333333334, "params": {"gamma_fc": 0.8552743216064617, "beta_enc": 0.052908374878283544, "gamma_cf": 0.8489132436937263, "beta_rec": 0.9049577719800803, "cue_position": 9.0}, "datetime": {"datetime": "2020-06-20 07:25:28", "elapsed": 19063.447975, "delta": 110.618695}}
{"target": 10.554166666666667, "params": {"gamma_fc": 0.9040565137534754, "beta_enc": 0.11776187038827399, "gamma_cf": 0.8341244382333545, "beta_rec": 0.7764141344636344, "cue_position": 9.0}, "datetime": {"datetime": "2020-06-20 07:27:19", "elapsed": 19174.02206, "delta": 110.574085}}
{"target": 10.129166666666666, "params": {"gamma_fc": 0.6173434353672275, "beta_enc": 0.0055444583573227, "gamma_cf": 0.9572250244787363, "beta_rec": 0.9632413378481747, "cue_position": 9.0}, "datetime": {"datetime": "2020-06-20 07:29:10", "elapsed": 19284.909482, "delta": 110.887422}}
{"target": 10.445833333333333, "params": {"gamma_fc": 0.6114430122979811, "beta_enc": 0.010332795705621588, "gamma_cf": 0.9804494082669326, "beta_rec": 0.9892780449750258, "cue_position": 9.0}, "datetime": {"datetime": "2020-06-20 07:31:01", "elapsed": 19395.570149, "delta": 110.660667}}
{"target": 10.545833333333333, "params": {"gamma_fc": 0.38979635335971274, "beta_enc": 0.025659105096002933, "gamma_cf": 0.9373334808366774, "beta_rec": 0.2995117078881107, "cue_position": 9.0}, "datetime": {"datetime": "2020-06-20 07:32:47", "elapsed": 19502.202254, "delta": 106.632105}}
{"target": 10.45, "params": {"gamma_fc": 0.913735726268114, "beta_enc": 0.10425146373063042, "gamma_cf": 0.8419492681711865, "beta_rec": 0.7738944343570886, "cue_position": 9.0}, "datetime": {"datetime": "2020-06-20 07:34:32", "elapsed": 19606.87025, "delta": 104.667996}}
{"target": 10.504166666666666, "params": {"gamma_fc": 0.7813275953952334, "beta_enc": 0.07425029478010649, "gamma_cf": 0.800872638999708, "beta_rec": 0.9664114727652354, "cue_position": 9.0}, "datetime": {"datetime": "2020-06-20 07:36:21", "elapsed": 19716.286141, "delta": 109.415891}}
{"target": 10.370833333333334, "params": {"gamma_fc": 0.7706550342803038, "beta_enc": 0.06302167110063656, "gamma_cf": 0.7966502950754725, "beta_rec": 0.9522145118919421, "cue_position": 9.0}, "datetime": {"datetime": "2020-06-20 07:38:05", "elapsed": 19820.441557, "delta": 104.155416}}
{"target": 10.295833333333333, "params": {"gamma_fc": 0.8041950955735546, "beta_enc": 0.062447292516245374, "gamma_cf": 0.8254666086003597, "beta_rec": 0.9638209844325638, "cue_position": 9.0}, "datetime": {"datetime": "2020-06-20 07:39:51", "elapsed": 19926.061641, "delta": 105.620084}}
{"target": 10.495833333333334, "params": {"gamma_fc": 0.8756480921853378, "beta_enc": 0.01252657348280535, "gamma_cf": 0.24467028081110273, "beta_rec": 0.01170380709359861, "cue_position": 9.0}, "datetime": {"datetime": "2020-06-20 07:41:42", "elapsed": 20036.92409, "delta": 110.862449}}
{"target": 10.3125, "params": {"gamma_fc": 0.9068725029196832, "beta_enc": 0.1097349402974918, "gamma_cf": 0.8257492606824653, "beta_rec": 0.8004273691725893, "cue_position": 9.0}, "datetime": {"datetime": "2020-06-20 07:43:31", "elapsed": 20145.750833, "delta": 108.826743}}
{"target": 10.5, "params": {"gamma_fc": 0.7313613343519828, "beta_enc": 0.18522320250783317, "gamma_cf": 0.9346369026416642, "beta_rec": 0.8833726278800295, "cue_position": 9.0}, "datetime": {"datetime": "2020-06-20 07:45:20", "elapsed": 20255.22819, "delta": 109.477357}}
{"target": 10.35, "params": {"gamma_fc": 0.8657939351437396, "beta_enc": 0.0, "gamma_cf": 0.24651820752752768, "beta_rec": 0.022567416652887723, "cue_position": 9.0}, "datetime": {"datetime": "2020-06-20 07:47:13", "elapsed": 20367.621822, "delta": 112.393632}}
{"target": 10.420833333333333, "params": {"gamma_fc": 0.7275119763546375, "beta_enc": 0.2046838896576703, "gamma_cf": 0.9418885979203666, "beta_rec": 0.8769385622330447, "cue_position": 9.0}, "datetime": {"datetime": "2020-06-20 07:49:02", "elapsed": 20476.62093, "delta": 108.999108}}
{"target": 10.429166666666667, "params": {"gamma_fc": 0.8781201747599727, "beta_enc": 0.02184952433255076, "gamma_cf": 0.23094907469930614, "beta_rec": 0.024462742130462484, "cue_position": 9.0}, "datetime": {"datetime": "2020-06-20 07:50:52", "elapsed": 20586.996659, "delta": 110.375729}}
{"target": 10.416666666666666, "params": {"gamma_fc": 0.7113405231096144, "beta_enc": 0.18669361973311394, "gamma_cf": 0.9403565863229209, "beta_rec": 0.8904815474314182, "cue_position": 9.0}, "datetime": {"datetime": "2020-06-20 07:52:39", "elapsed": 20694.330266, "delta": 107.333607}}
{"target": 10.245833333333334, "params": {"gamma_fc": 0.7872925396924474, "beta_enc": 0.16055523486954745, "gamma_cf": 0.8222211601394134, "beta_rec": 0.34783692636013885, "cue_position": 9.0}, "datetime": {"datetime": "2020-06-20 07:54:29", "elapsed": 20804.241064, "delta": 109.910798}}
{"target": 10.1125, "params": {"gamma_fc": 0.732733535124103, "beta_enc": 0.19696446619515037, "gamma_cf": 0.9337800992254941, "beta_rec": 0.9013709591875122, "cue_position": 9.0}, "datetime": {"datetime": "2020-06-20 07:56:14", "elapsed": 20908.700766, "delta": 104.459702}}
{"target": 10.1375, "params": {"gamma_fc": 0.744501855043762, "beta_enc": 0.19634002039131904, "gamma_cf": 0.9301605479755072, "beta_rec": 0.8428257579556041, "cue_position": 9.0}, "datetime": {"datetime": "2020-06-20 07:57:55", "elapsed": 21010.040108, "delta": 101.339342}}
{"target": 10.120833333333334, "params": {"gamma_fc": 0.7247948136358513, "beta_enc": 0.17998953778346136, "gamma_cf": 0.950181812416509, "beta_rec": 0.8735246812925406, "cue_position": 9.0}, "datetime": {"datetime": "2020-06-20 07:59:36", "elapsed": 21110.510373, "delta": 100.470265}}
{"target": 10.383333333333333, "params": {"gamma_fc": 0.7256467038256866, "beta_enc": 0.19133847597273346, "gamma_cf": 0.912366366520364, "beta_rec": 0.8697334797281829, "cue_position": 9.0}, "datetime": {"datetime": "2020-06-20 08:01:14", "elapsed": 21209.108256, "delta": 98.597883}}
{"target": 9.9125, "params": {"gamma_fc": 0.9001781350046404, "beta_enc": 0.2508776307011474, "gamma_cf": 0.8629499540653681, "beta_rec": 0.12478340140370252, "cue_position": 9.0}, "datetime": {"datetime": "2020-06-20 08:02:50", "elapsed": 21304.677161, "delta": 95.568905}}
{"target": 10.5875, "params": {"gamma_fc": 0.875803794978153, "beta_enc": 0.22431865585541882, "gamma_cf": 0.9258591642099597, "beta_rec": 0.10046298637120826, "cue_position": 9.0}, "datetime": {"datetime": "2020-06-20 08:04:29", "elapsed": 21403.986165, "delta": 99.309004}}
{"target": 10.475, "params": {"gamma_fc": 0.8737545962011833, "beta_enc": 0.21236404638832918, "gamma_cf": 0.91409507970685, "beta_rec": 0.10076494653674527, "cue_position": 9.0}, "datetime": {"datetime": "2020-06-20 08:06:09", "elapsed": 21503.932401, "delta": 99.946236}}
{"target": 10.104166666666666, "params": {"gamma_fc": 0.9022676190968464, "beta_enc": 0.22713186708881206, "gamma_cf": 0.9356179706064578, "beta_rec": 0.126167556757672, "cue_position": 9.0}, "datetime": {"datetime": "2020-06-20 08:07:52", "elapsed": 21606.723877, "delta": 102.791476}}
