{"target": 5.27037037037037, "params": {"cue_position": 0.0, "gamma_fc": 0.7748966467245978, "beta_enc": 0.4018659239678374, "beta_rec": 0.6973080192643409}, "datetime": {"delta": 443.131975, "datetime": "2020-09-23 11:56:18", "elapsed": 71278.294724}}
{"target": 3.5611111111111113, "params": {"cue_position": 0.0, "gamma_fc": 0.2202839877937276, "beta_enc": 0.896416602456847, "beta_rec": 0.23931570743750463}, "datetime": {"delta": 346.026777, "datetime": "2020-09-23 12:02:04", "elapsed": 71624.321501}}
