{"target": -8514.383703651543, "params": {"epsilon_d": 3.5698207704257325, "gamma_cf": 0.39467046182164234, "beta_rec": 0.9578218138101661, "lr": 0.6810469933202508, "phi_s": 2.436858539723032, "beta_enc": 0.3276851946620746, "s_cf": 0.4804033342108896, "k_intra": 8.52220068607982, "phi_d": 0.6176427787128291, "gamma_fc": 0.15325569530111996}, "datetime": {"delta": 69.655062, "datetime": "2020-09-13 21:22:39", "elapsed": 29770.726736}}
{"target": -8513.081252290007, "params": {"epsilon_d": 3.556112002520708, "gamma_cf": 0.39128499222502167, "beta_rec": 0.961304070097849, "lr": 0.6905637125273275, "phi_s": 2.4501004524107928, "beta_enc": 0.3277821167031363, "s_cf": 0.48678001082488204, "k_intra": 8.508657833467637, "phi_d": 0.5973045169126617, "gamma_fc": 0.14629931334982565}, "datetime": {"delta": 67.848514, "datetime": "2020-09-13 21:23:47", "elapsed": 29838.57525}}
{"target": -8642.249843821646, "params": {"epsilon_d": 3.1528370427944252, "gamma_cf": 0.33486899161292566, "beta_rec": 0.9397797905762512, "lr": 0.6603285451355093, "phi_s": 2.1676569456763852, "beta_enc": 0.8423340209730543, "s_cf": 1.0, "k_intra": 3.4736599063362363, "phi_d": 0.37498265209587833, "gamma_fc": 0.16818620735796877}, "datetime": {"delta": 73.98965, "datetime": "2020-09-13 21:25:01", "elapsed": 29912.5649}}
{"target": -8513.227961649307, "params": {"epsilon_d": 3.5550417857066567, "gamma_cf": 0.39391852769706226, "beta_rec": 0.9626339745185959, "lr": 0.6894413156277511, "phi_s": 2.4493968721995176, "beta_enc": 0.32945035417756857, "s_cf": 0.48740498381455094, "k_intra": 8.508827892896509, "phi_d": 0.5969646999552028, "gamma_fc": 0.14774590832495296}, "datetime": {"delta": 68.464632, "datetime": "2020-09-13 21:26:09", "elapsed": 29981.029532}}
{"target": -8641.927445271718, "params": {"epsilon_d": 3.175477024248525, "gamma_cf": 0.3423478202920753, "beta_rec": 0.9451978159820461, "lr": 0.6561045421047561, "phi_s": 2.169054863246913, "beta_enc": 0.8473455559875882, "s_cf": 1.0, "k_intra": 3.4775690692938026, "phi_d": 0.3685628521417775, "gamma_fc": 0.17151859092327545}, "datetime": {"delta": 69.514386, "datetime": "2020-09-13 21:27:19", "elapsed": 30050.543918}}
{"target": -8641.872448690243, "params": {"epsilon_d": 3.168769565955063, "gamma_cf": 0.34505013606733265, "beta_rec": 0.9442210027654875, "lr": 0.6581262044048732, "phi_s": 2.173707729166961, "beta_enc": 0.8451123732265525, "s_cf": 0.9998426804556368, "k_intra": 3.4823329932723976, "phi_d": 0.36829886391943323, "gamma_fc": 0.16998909809620874}, "datetime": {"delta": 67.882116, "datetime": "2020-09-13 21:28:27", "elapsed": 30118.426034}}
{"target": -8512.851770213962, "params": {"epsilon_d": 3.556847051981785, "gamma_cf": 0.38877193029848317, "beta_rec": 0.96093658856774, "lr": 0.6921286054492068, "phi_s": 2.451909268720255, "beta_enc": 0.32720569727088383, "s_cf": 0.48727768699907753, "k_intra": 8.507867041833727, "phi_d": 0.5953731738729477, "gamma_fc": 0.14671654992444041}, "datetime": {"delta": 72.49431, "datetime": "2020-09-13 21:29:39", "elapsed": 30190.920344}}
{"target": -8641.682096007622, "params": {"epsilon_d": 3.170236797082348, "gamma_cf": 0.34512943315370154, "beta_rec": 0.9434691387569809, "lr": 0.6685980149159738, "phi_s": 2.1863288388809607, "beta_enc": 0.8519601372220529, "s_cf": 1.0, "k_intra": 3.4850544024493004, "phi_d": 0.3694253859750263, "gamma_fc": 0.1718967910487313}, "datetime": {"delta": 64.421758, "datetime": "2020-09-13 21:30:43", "elapsed": 30255.342102}}
{"target": -8641.54374685448, "params": {"epsilon_d": 3.1629740875836143, "gamma_cf": 0.33578418249053466, "beta_rec": 0.9413286154641356, "lr": 0.6704829169492356, "phi_s": 2.1851510688154026, "beta_enc": 0.8486305104253506, "s_cf": 1.0, "k_intra": 3.4796371667535855, "phi_d": 0.35934863528285566, "gamma_fc": 0.1693423530851391}, "datetime": {"delta": 68.169316, "datetime": "2020-09-13 21:31:52", "elapsed": 30323.511418}}
{"target": -8641.450077986523, "params": {"epsilon_d": 3.16370970504773, "gamma_cf": 0.3389226089036832, "beta_rec": 0.9490561037267182, "lr": 0.6654938401900534, "phi_s": 2.1980007257030145, "beta_enc": 0.8510380567389754, "s_cf": 1.0, "k_intra": 3.4811316295200827, "phi_d": 0.3656715633680395, "gamma_fc": 0.16910653009621696}, "datetime": {"delta": 67.438386, "datetime": "2020-09-13 21:32:59", "elapsed": 30390.949804}}
{"target": -8641.408658270342, "params": {"epsilon_d": 3.1454490773358144, "gamma_cf": 0.3364654556489554, "beta_rec": 0.9524196395912472, "lr": 0.6690459901294925, "phi_s": 2.1966709372181374, "beta_enc": 0.8496032287361284, "s_cf": 1.0, "k_intra": 3.47108489548985, "phi_d": 0.36619248865147697, "gamma_fc": 0.17190722282791496}, "datetime": {"delta": 71.558681, "datetime": "2020-09-13 21:34:11", "elapsed": 30462.508485}}
{"target": -8641.237534840566, "params": {"epsilon_d": 3.154953339754597, "gamma_cf": 0.3392810079505464, "beta_rec": 0.9446882979698844, "lr": 0.6657655581207028, "phi_s": 2.2008045673434222, "beta_enc": 0.8439855061467154, "s_cf": 1.0, "k_intra": 3.472433111744262, "phi_d": 0.3633983320204112, "gamma_fc": 0.1748369482355935}, "datetime": {"delta": 65.285668, "datetime": "2020-09-13 21:35:16", "elapsed": 30527.794153}}
{"target": -8641.398702025215, "params": {"epsilon_d": 3.1601210055051987, "gamma_cf": 0.34456232124478103, "beta_rec": 0.9404010941659163, "lr": 0.6600813786751113, "phi_s": 2.2015088773341143, "beta_enc": 0.8463583249136216, "s_cf": 1.0, "k_intra": 3.4745346858540325, "phi_d": 0.36749179011175187, "gamma_fc": 0.16943527035983202}, "datetime": {"delta": 71.73578, "datetime": "2020-09-13 21:36:28", "elapsed": 30599.529933}}
{"target": -8512.328556834553, "params": {"epsilon_d": 3.5565569462565243, "gamma_cf": 0.3825988329663486, "beta_rec": 0.9586554622909984, "lr": 0.694589990065638, "phi_s": 2.454460636994332, "beta_enc": 0.3267682127315953, "s_cf": 0.48810372083013887, "k_intra": 8.507770116267675, "phi_d": 0.5895038555163519, "gamma_fc": 0.14943469346823793}, "datetime": {"delta": 73.148898, "datetime": "2020-09-13 21:37:41", "elapsed": 30672.678831}}
{"target": -8641.27963970077, "params": {"epsilon_d": 3.1575704618539757, "gamma_cf": 0.3347671749957795, "beta_rec": 0.9436889889713507, "lr": 0.6662041485140856, "phi_s": 2.200723945105088, "beta_enc": 0.8513233620932068, "s_cf": 0.9995194489988322, "k_intra": 3.4708712790479823, "phi_d": 0.36463435024347923, "gamma_fc": 0.17077645109239253}, "datetime": {"delta": 70.171323, "datetime": "2020-09-13 21:38:51", "elapsed": 30742.850154}}
{"target": -8640.989923319381, "params": {"epsilon_d": 3.1420639553861225, "gamma_cf": 0.33353918169030045, "beta_rec": 0.9453461576339482, "lr": 0.6629546139298593, "phi_s": 2.2064419067357814, "beta_enc": 0.849010893604938, "s_cf": 1.0, "k_intra": 3.4708288564383145, "phi_d": 0.36230361149622675, "gamma_fc": 0.1729483475516398}, "datetime": {"delta": 67.131137, "datetime": "2020-09-13 21:39:58", "elapsed": 30809.981291}}
{"target": -8512.851371873949, "params": {"epsilon_d": 3.552872769412789, "gamma_cf": 0.3774886803754477, "beta_rec": 0.9559398251949334, "lr": 0.6950236635395161, "phi_s": 2.453317092260951, "beta_enc": 0.32850085824949327, "s_cf": 0.48726146055341285, "k_intra": 8.508526503600203, "phi_d": 0.5856853528589056, "gamma_fc": 0.15446872197518563}, "datetime": {"delta": 69.394673, "datetime": "2020-09-13 21:41:07", "elapsed": 30879.375964}}
{"target": -8510.613349017787, "params": {"epsilon_d": 3.5620443412276517, "gamma_cf": 0.38330972478684755, "beta_rec": 0.9614904419895707, "lr": 0.6953192865602306, "phi_s": 2.4572130434737005, "beta_enc": 0.3233367199875238, "s_cf": 0.49538228024644987, "k_intra": 8.510754278126626, "phi_d": 0.583542285094438, "gamma_fc": 0.14980514508764295}, "datetime": {"delta": 65.001176, "datetime": "2020-09-13 21:42:12", "elapsed": 30944.37714}}
{"target": -8640.910177317446, "params": {"epsilon_d": 3.1354467694022485, "gamma_cf": 0.3348543936336685, "beta_rec": 0.9405236186488779, "lr": 0.662937679430536, "phi_s": 2.209199548490729, "beta_enc": 0.8521867141955656, "s_cf": 1.0, "k_intra": 3.4766634171047714, "phi_d": 0.35930208686818327, "gamma_fc": 0.18061441992393473}, "datetime": {"delta": 71.962594, "datetime": "2020-09-13 21:43:24", "elapsed": 31016.339734}}
{"target": -8641.270992752869, "params": {"epsilon_d": 3.139131241377784, "gamma_cf": 0.3341627123985743, "beta_rec": 0.9343028756956868, "lr": 0.6590046809643296, "phi_s": 2.215207984034973, "beta_enc": 0.8538152533004366, "s_cf": 1.0, "k_intra": 3.472265155770166, "phi_d": 0.35587557445531126, "gamma_fc": 0.1810941487285188}, "datetime": {"delta": 77.386937, "datetime": "2020-09-13 21:44:42", "elapsed": 31093.726671}}
{"target": -8641.228888209918, "params": {"epsilon_d": 3.139921060402197, "gamma_cf": 0.3322446268930576, "beta_rec": 0.9413110800247217, "lr": 0.660146664940158, "phi_s": 2.2106085206323303, "beta_enc": 0.8447106820035014, "s_cf": 1.0, "k_intra": 3.4720633860019467, "phi_d": 0.3609286912406194, "gamma_fc": 0.1849861063210193}, "datetime": {"delta": 67.950187, "datetime": "2020-09-13 21:45:50", "elapsed": 31161.676858}}
{"target": -8509.923922861479, "params": {"epsilon_d": 3.5645865830327663, "gamma_cf": 0.38483141586639685, "beta_rec": 0.9672669881286303, "lr": 0.6981505622667518, "phi_s": 2.45522723838454, "beta_enc": 0.31519391318554385, "s_cf": 0.508478176034903, "k_intra": 8.519445697951879, "phi_d": 0.5745344412844359, "gamma_fc": 0.14744436612891215}, "datetime": {"delta": 75.42726, "datetime": "2020-09-13 21:47:05", "elapsed": 31237.104118}}
{"target": -8640.817846352049, "params": {"epsilon_d": 3.1241850552178336, "gamma_cf": 0.3361463959899598, "beta_rec": 0.9419031924810715, "lr": 0.6592156276037232, "phi_s": 2.2081950043431458, "beta_enc": 0.8535910565595791, "s_cf": 1.0, "k_intra": 3.4730852595878354, "phi_d": 0.35365788130401304, "gamma_fc": 0.16989229398093603}, "datetime": {"delta": 71.007799, "datetime": "2020-09-13 21:48:16", "elapsed": 31308.111917}}
{"target": -8640.803984903943, "params": {"epsilon_d": 3.132283964660966, "gamma_cf": 0.33838489535276645, "beta_rec": 0.9449654443325632, "lr": 0.6576385742190936, "phi_s": 2.2131439731795646, "beta_enc": 0.8482765760447127, "s_cf": 0.9996218942039397, "k_intra": 3.476575418738642, "phi_d": 0.355654385560041, "gamma_fc": 0.17069593605744723}, "datetime": {"delta": 70.742307, "datetime": "2020-09-13 21:49:27", "elapsed": 31378.854224}}
{"target": -8509.914507193365, "params": {"epsilon_d": 3.5677104339793995, "gamma_cf": 0.3845937601107475, "beta_rec": 0.9672085503820059, "lr": 0.6974204144268406, "phi_s": 2.4599029191284743, "beta_enc": 0.3188789541771006, "s_cf": 0.5101913806081064, "k_intra": 8.517216160415089, "phi_d": 0.5759795510514697, "gamma_fc": 0.15069276410090307}, "datetime": {"delta": 74.488981, "datetime": "2020-09-13 21:50:41", "elapsed": 31453.343205}}
{"target": -8640.819584087792, "params": {"epsilon_d": 3.1289903525115745, "gamma_cf": 0.3401840033504362, "beta_rec": 0.9471528909070662, "lr": 0.6619268563696195, "phi_s": 2.208615360084197, "beta_enc": 0.8473613129976292, "s_cf": 0.9999297950533738, "k_intra": 3.4748698063230683, "phi_d": 0.3610325630244512, "gamma_fc": 0.17472609422071686}, "datetime": {"delta": 69.414861, "datetime": "2020-09-13 21:51:51", "elapsed": 31522.758066}}
{"target": -8509.141288940104, "params": {"epsilon_d": 3.5665892237687338, "gamma_cf": 0.38643288554208977, "beta_rec": 0.9662516137592516, "lr": 0.6958930102989364, "phi_s": 2.4571409491455545, "beta_enc": 0.318735461865589, "s_cf": 0.505325434393493, "k_intra": 8.515827608731772, "phi_d": 0.5728924419238951, "gamma_fc": 0.14847685205280914}, "datetime": {"delta": 77.883109, "datetime": "2020-09-13 21:53:09", "elapsed": 31600.641175}}
{"target": -8640.754599386511, "params": {"epsilon_d": 3.1231659416289874, "gamma_cf": 0.3426146593650489, "beta_rec": 0.9474692752081918, "lr": 0.6612355566341279, "phi_s": 2.223673660848065, "beta_enc": 0.8514222907760988, "s_cf": 1.0, "k_intra": 3.4768347597474287, "phi_d": 0.3612848026588967, "gamma_fc": 0.17546876941950532}, "datetime": {"delta": 75.856499, "datetime": "2020-09-13 21:54:25", "elapsed": 31676.497674}}
{"target": -8641.191150404895, "params": {"epsilon_d": 3.127534983408424, "gamma_cf": 0.34374913844539373, "beta_rec": 0.9402559948683882, "lr": 0.6632542335951214, "phi_s": 2.2158532046308284, "beta_enc": 0.8563656577207808, "s_cf": 1.0, "k_intra": 3.476233390720334, "phi_d": 0.3517644321712496, "gamma_fc": 0.17048144537300952}, "datetime": {"delta": 71.917892, "datetime": "2020-09-13 21:55:37", "elapsed": 31748.415566}}
{"target": -8640.49132378911, "params": {"epsilon_d": 3.109162522736754, "gamma_cf": 0.3327585348249336, "beta_rec": 0.9412293975346399, "lr": 0.6572491361678232, "phi_s": 2.2272260752134034, "beta_enc": 0.8507667641400828, "s_cf": 0.999999994623262, "k_intra": 3.4811010889626366, "phi_d": 0.3637367819296473, "gamma_fc": 0.17072191574816206}, "datetime": {"delta": 72.413575, "datetime": "2020-09-13 21:56:49", "elapsed": 31820.829141}}
{"target": -8640.39380261064, "params": {"epsilon_d": 3.1071873360973914, "gamma_cf": 0.3331117549138834, "beta_rec": 0.9471550401875644, "lr": 0.6595313519574317, "phi_s": 2.2312292433141923, "beta_enc": 0.8467790754470146, "s_cf": 1.0, "k_intra": 3.4750549661725505, "phi_d": 0.3659919475761185, "gamma_fc": 0.17005689423046066}, "datetime": {"delta": 66.893321, "datetime": "2020-09-13 21:57:56", "elapsed": 31887.722462}}
{"target": -8640.271006877914, "params": {"epsilon_d": 3.096111222526307, "gamma_cf": 0.33028771640919885, "beta_rec": 0.9457362053058215, "lr": 0.6518876596143772, "phi_s": 2.2366776791541936, "beta_enc": 0.8510305647867721, "s_cf": 1.0, "k_intra": 3.4751881185218534, "phi_d": 0.36560839358456465, "gamma_fc": 0.1744347247940246}, "datetime": {"delta": 66.42369, "datetime": "2020-09-13 21:59:02", "elapsed": 31954.146152}}
{"target": -8640.314926530034, "params": {"epsilon_d": 3.099514406152616, "gamma_cf": 0.3367830689232772, "beta_rec": 0.9439754788617095, "lr": 0.6506882554983561, "phi_s": 2.224276388671897, "beta_enc": 0.8513458167232982, "s_cf": 0.9999814634342145, "k_intra": 3.4736682860791155, "phi_d": 0.36717489923380725, "gamma_fc": 0.171132491916593}, "datetime": {"delta": 71.24124, "datetime": "2020-09-13 22:00:13", "elapsed": 32025.387392}}
{"target": -8509.072747102095, "params": {"epsilon_d": 3.5709991611620784, "gamma_cf": 0.38862276600623924, "beta_rec": 0.9629740897229768, "lr": 0.689562518720067, "phi_s": 2.4550545260104353, "beta_enc": 0.32302719442530126, "s_cf": 0.5022180502219508, "k_intra": 8.510086247900214, "phi_d": 0.555585154458227, "gamma_fc": 0.14331517737686353}, "datetime": {"delta": 69.10432, "datetime": "2020-09-13 22:01:23", "elapsed": 32094.491712}}
{"target": -8640.244072216425, "params": {"epsilon_d": 3.0797842378357974, "gamma_cf": 0.3299860176523378, "beta_rec": 0.9494683109120474, "lr": 0.6448774484055101, "phi_s": 2.2392288765511066, "beta_enc": 0.8462493857536533, "s_cf": 0.999131212449432, "k_intra": 3.4754264524674037, "phi_d": 0.36634145645252164, "gamma_fc": 0.17468702280826673}, "datetime": {"delta": 68.442038, "datetime": "2020-09-13 22:02:31", "elapsed": 32162.93375}}
{"target": -8640.464472510543, "params": {"epsilon_d": 3.0954281042116336, "gamma_cf": 0.33510046907546387, "beta_rec": 0.9524632635140268, "lr": 0.6485415702751804, "phi_s": 2.2350892119482806, "beta_enc": 0.8472912915046817, "s_cf": 1.0, "k_intra": 3.4776117663519703, "phi_d": 0.3626062095107711, "gamma_fc": 0.16758376692383822}, "datetime": {"delta": 66.582126, "datetime": "2020-09-13 22:03:38", "elapsed": 32229.515876}}
{"target": -8640.730656903861, "params": {"epsilon_d": 3.082571209671005, "gamma_cf": 0.32910071110840156, "beta_rec": 0.9469745477069008, "lr": 0.652297115942419, "phi_s": 2.2351454976038156, "beta_enc": 0.8453436266739964, "s_cf": 0.9926246615471658, "k_intra": 3.469568058658501, "phi_d": 0.36644642599221444, "gamma_fc": 0.1770145008659717}, "datetime": {"delta": 68.541926, "datetime": "2020-09-13 22:04:46", "elapsed": 32298.057802}}
{"target": -8640.137380377593, "params": {"epsilon_d": 3.0761351926243954, "gamma_cf": 0.32992669163979793, "beta_rec": 0.949733377352959, "lr": 0.6514191681192294, "phi_s": 2.239644934871218, "beta_enc": 0.8526028269153186, "s_cf": 1.0, "k_intra": 3.47086389055483, "phi_d": 0.3614712552192153, "gamma_fc": 0.17813645077656215}, "datetime": {"delta": 73.839089, "datetime": "2020-09-13 22:06:00", "elapsed": 32371.896891}}
{"target": -8505.88064045682, "params": {"epsilon_d": 3.5688241419619313, "gamma_cf": 0.39247016321571154, "beta_rec": 0.9668300638568615, "lr": 0.695756659275078, "phi_s": 2.456003650509988, "beta_enc": 0.3189341941784556, "s_cf": 0.49929325414459164, "k_intra": 8.512180693929555, "phi_d": 0.559093356366646, "gamma_fc": 0.15050490531047228}, "datetime": {"delta": 70.941044, "datetime": "2020-09-13 22:07:11", "elapsed": 32442.837935}}
{"target": -8506.83955989717, "params": {"epsilon_d": 3.5619675198637832, "gamma_cf": 0.4120146476307474, "beta_rec": 0.9779608495185766, "lr": 0.7308987530269214, "phi_s": 2.465880736189925, "beta_enc": 0.30453162218759294, "s_cf": 0.4857433050089579, "k_intra": 8.499552847907436, "phi_d": 0.5261172940073366, "gamma_fc": 0.17134032786400838}, "datetime": {"delta": 69.812183, "datetime": "2020-09-13 22:08:21", "elapsed": 32512.650118}}
{"target": -8640.345099786948, "params": {"epsilon_d": 3.0756461347790114, "gamma_cf": 0.3287765589809921, "beta_rec": 0.9444391386388584, "lr": 0.648683140373946, "phi_s": 2.236630861703973, "beta_enc": 0.8462819687073551, "s_cf": 1.0, "k_intra": 3.471760305253429, "phi_d": 0.3657279060097867, "gamma_fc": 0.17286165768234707}, "datetime": {"delta": 69.836014, "datetime": "2020-09-13 22:09:31", "elapsed": 32582.486132}}
{"target": -8506.370713993587, "params": {"epsilon_d": 3.5702978095379656, "gamma_cf": 0.4020937633680701, "beta_rec": 0.9792479297937693, "lr": 0.7008146909075331, "phi_s": 2.456103096552694, "beta_enc": 0.30863700947134265, "s_cf": 0.4832924549875829, "k_intra": 8.510875899931788, "phi_d": 0.5494979006261249, "gamma_fc": 0.16765491205064667}, "datetime": {"delta": 64.600465, "datetime": "2020-09-13 22:10:35", "elapsed": 32647.086597}}
{"target": -8640.252070600107, "params": {"epsilon_d": 3.079999856453173, "gamma_cf": 0.3279377505617073, "beta_rec": 0.9485165494405685, "lr": 0.6545048221868344, "phi_s": 2.237781703768676, "beta_enc": 0.851517191563362, "s_cf": 1.0, "k_intra": 3.471865188791117, "phi_d": 0.35921878910741895, "gamma_fc": 0.18344613799659337}, "datetime": {"delta": 73.071667, "datetime": "2020-09-13 22:11:48", "elapsed": 32720.158264}}
{"target": -8640.57366298263, "params": {"epsilon_d": 3.087682234042076, "gamma_cf": 0.3257160955875799, "beta_rec": 0.9481652738602752, "lr": 0.6489847098433618, "phi_s": 2.2280499816236934, "beta_enc": 0.8527526468444268, "s_cf": 1.0, "k_intra": 3.475047003690594, "phi_d": 0.3601334889411286, "gamma_fc": 0.17503477519268643}, "datetime": {"delta": 68.292787, "datetime": "2020-09-13 22:12:57", "elapsed": 32788.451051}}
{"target": -8640.060797077773, "params": {"epsilon_d": 3.082003294771547, "gamma_cf": 0.3436817049466969, "beta_rec": 0.9479123924217698, "lr": 0.6532893597076259, "phi_s": 2.2396518163479175, "beta_enc": 0.846690499997746, "s_cf": 1.0, "k_intra": 3.46674127430498, "phi_d": 0.3738404473942654, "gamma_fc": 0.18053292422950784}, "datetime": {"delta": 67.690861, "datetime": "2020-09-13 22:14:04", "elapsed": 32856.141912}}
{"target": -8639.91893996714, "params": {"epsilon_d": 3.07496034137375, "gamma_cf": 0.3373243726563595, "beta_rec": 0.9461125876202948, "lr": 0.6508977355021253, "phi_s": 2.2382997711191583, "beta_enc": 0.8477764910226172, "s_cf": 0.9993556437213998, "k_intra": 3.4666068014272997, "phi_d": 0.36477536177712755, "gamma_fc": 0.17722915415150745}, "datetime": {"delta": 68.417547, "datetime": "2020-09-13 22:15:13", "elapsed": 32924.559459}}
{"target": -8501.550438569588, "params": {"epsilon_d": 3.569106112478427, "gamma_cf": 0.41447466891906476, "beta_rec": 0.9542140114749108, "lr": 0.7274413972230784, "phi_s": 2.451222179967246, "beta_enc": 0.321539263075542, "s_cf": 0.4953999752170876, "k_intra": 8.514945300647812, "phi_d": 0.5498356318969929, "gamma_fc": 0.15750164897356037}, "datetime": {"delta": 67.799172, "datetime": "2020-09-13 22:16:20", "elapsed": 32992.358631}}
{"target": -8639.734624361887, "params": {"epsilon_d": 3.0649018699786454, "gamma_cf": 0.34173502135777223, "beta_rec": 0.9418870086756453, "lr": 0.6514864572287482, "phi_s": 2.2482959047690074, "beta_enc": 0.8454317014131237, "s_cf": 1.0, "k_intra": 3.4652710828104007, "phi_d": 0.3689231853862022, "gamma_fc": 0.18129686774508674}, "datetime": {"delta": 73.289254, "datetime": "2020-09-13 22:17:34", "elapsed": 33065.647885}}
{"target": -8500.636353889402, "params": {"epsilon_d": 3.5668302397693576, "gamma_cf": 0.41313973787086206, "beta_rec": 0.9561888260204037, "lr": 0.724319034902399, "phi_s": 2.455271995449414, "beta_enc": 0.31701593652825516, "s_cf": 0.4967778771181713, "k_intra": 8.512660074498012, "phi_d": 0.546928033486511, "gamma_fc": 0.15750685055217495}, "datetime": {"delta": 72.584647, "datetime": "2020-09-13 22:18:46", "elapsed": 33138.232532}}
