{"target": -9080.916989766196, "params": {"epsilon_d": 6.085654369735587, "gamma_cf": 0.2516595841523237, "beta_rec": 0.875388738450687, "lr": 0.9620782128470935, "phi_s": 1.5787052966150161, "beta_enc": 0.5769778464775016, "s_cf": 0.3437881034368444, "k_intra": 5.329225590316532, "phi_d": 0.6350372530215151, "gamma_fc": 0.2961299234959044}, "datetime": {"delta": 9.753078, "datetime": "2020-09-13 13:39:02", "elapsed": 1953.583784}}
{"target": -9095.48431436209, "params": {"epsilon_d": 4.245599103022166, "gamma_cf": 0.20412249999433585, "beta_rec": 0.802866486432424, "lr": 0.2724008501293822, "phi_s": 2.631942142095863, "beta_enc": 0.7697253449571857, "s_cf": 0.1282309388454863, "k_intra": 1.986482644205615, "phi_d": 1.8364878619367102, "gamma_fc": 0.06708946032885532}, "datetime": {"delta": 9.727163, "datetime": "2020-09-13 13:39:11", "elapsed": 1963.310947}}
{"target": -9984.795187056829, "params": {"epsilon_d": 7.419642356783802, "gamma_cf": 0.9828807859209906, "beta_rec": 0.6831708438541465, "lr": 0.6792129501957186, "phi_s": 0.9674257995164232, "beta_enc": 0.958188741714896, "s_cf": 0.10538467273003926, "k_intra": 5.315834658959018, "phi_d": 1.5873379135109749, "gamma_fc": 0.41610077261814205}, "datetime": {"delta": 9.724118, "datetime": "2020-09-13 13:39:21", "elapsed": 1973.035065}}
{"target": -9596.28164035432, "params": {"epsilon_d": 6.407827044518461, "gamma_cf": 0.8013307032031926, "beta_rec": 0.7688528482877579, "lr": 0.6279619269819027, "phi_s": 0.18563336033186079, "beta_enc": 0.28493214572214476, "s_cf": 0.9033311768168756, "k_intra": 2.3210002184633503, "phi_d": 0.9816159210646791, "gamma_fc": 0.5171205319704266}, "datetime": {"delta": 9.743935, "datetime": "2020-09-13 13:39:31", "elapsed": 1982.779}}
{"target": -9931.462065226533, "params": {"epsilon_d": 7.412517353318591, "gamma_cf": 0.9484584043057936, "beta_rec": 0.4261307804247122, "lr": 0.3223574891327107, "phi_s": 1.5369354459474596, "beta_enc": 0.4203695688027851, "s_cf": 0.8244596107976835, "k_intra": 1.7270108813227492, "phi_d": 0.8204303143575771, "gamma_fc": 0.07251552804546335}, "datetime": {"delta": 9.744411, "datetime": "2020-09-13 13:39:41", "elapsed": 1992.523411}}
{"target": -9250.223420840797, "params": {"epsilon_d": 2.4017373383106664, "gamma_cf": 0.18649268827268528, "beta_rec": 0.5958299420587015, "lr": 0.5394908909265497, "phi_s": 0.7619224033846193, "beta_enc": 0.8539724149421759, "s_cf": 0.17450118757274402, "k_intra": 2.372140576435476, "phi_d": 2.2729142826688564, "gamma_fc": 0.743390512402039}, "datetime": {"delta": 9.70431, "datetime": "2020-09-13 13:39:50", "elapsed": 2002.227721}}
{"target": -9436.9452451137, "params": {"epsilon_d": 8.514389069469907, "gamma_cf": 0.10463591174495857, "beta_rec": 0.14756883769994755, "lr": 0.6763566354512786, "phi_s": 1.2994159816251165, "beta_enc": 0.03973568657585125, "s_cf": 0.13930117132372677, "k_intra": 0.3275719974597713, "phi_d": 0.7719391102476868, "gamma_fc": 0.2236450455273178}, "datetime": {"delta": 9.74231, "datetime": "2020-09-13 13:40:00", "elapsed": 2011.970031}}
{"target": -9582.003099774029, "params": {"epsilon_d": 4.729649518600131, "gamma_cf": 0.4228418130386131, "beta_rec": 0.4244374662396153, "lr": 0.1372060034899114, "phi_s": 0.8886727261130605, "beta_enc": 0.3772172876115065, "s_cf": 0.3010079430799063, "k_intra": 7.72580266631544, "phi_d": 1.330447885544855, "gamma_fc": 0.10275656387416432}, "datetime": {"delta": 9.744802, "datetime": "2020-09-13 13:40:10", "elapsed": 2021.714833}}
{"target": -9424.530342933935, "params": {"epsilon_d": 1.9008705047994057, "gamma_cf": 0.4691344398333771, "beta_rec": 0.5177867238134145, "lr": 0.226095202432549, "phi_s": 1.6260660281857282, "beta_enc": 0.6724207725864325, "s_cf": 0.5006195729230891, "k_intra": 7.044971982481261, "phi_d": 2.5504655983392013, "gamma_fc": 0.3395408687963035}, "datetime": {"delta": 9.708121, "datetime": "2020-09-13 13:40:20", "elapsed": 2031.422954}}
{"target": -9530.03193420246, "params": {"epsilon_d": 4.718190627375968, "gamma_cf": 0.9818244178252573, "beta_rec": 0.18615566973666398, "lr": 0.800641174283456, "phi_s": 0.9083993852109674, "beta_enc": 0.25368580688768017, "s_cf": 0.31464760677511183, "k_intra": 2.834624324280571, "phi_d": 2.027853005681189, "gamma_fc": 0.13290623766182708}, "datetime": {"delta": 9.756511, "datetime": "2020-09-13 13:40:29", "elapsed": 2041.179465}}
{"target": -9637.222902639327, "params": {"epsilon_d": 7.193387672210755, "gamma_cf": 0.8573003334512307, "beta_rec": 0.6027867622422961, "lr": 0.92572053533626, "phi_s": 0.9914062932407485, "beta_enc": 0.41994825440192907, "s_cf": 0.3049656416420632, "k_intra": 2.3698206447169836, "phi_d": 2.3654666619597218, "gamma_fc": 0.6811114704584097}, "datetime": {"delta": 9.699859, "datetime": "2020-09-13 13:40:39", "elapsed": 2050.879324}}
{"target": -10070.396861381496, "params": {"epsilon_d": 6.334608342357257, "gamma_cf": 0.2777127324734242, "beta_rec": 0.1260784803971985, "lr": 0.733366094468834, "phi_s": 1.4961931028681443, "beta_enc": 0.8811683184289046, "s_cf": 0.8035946264310272, "k_intra": 3.645234475558883, "phi_d": 0.6580118821998425, "gamma_fc": 0.8272003251393062}, "datetime": {"delta": 9.727579, "datetime": "2020-09-13 13:40:49", "elapsed": 2060.606903}}
{"target": -9988.090468870821, "params": {"epsilon_d": 6.489822226486473, "gamma_cf": 0.7533258058943924, "beta_rec": 0.16157403985608987, "lr": 0.9004489123860653, "phi_s": 2.150844068374129, "beta_enc": 0.39698821167237397, "s_cf": 0.5909005994904067, "k_intra": 4.5136186123240165, "phi_d": 2.6287583304536635, "gamma_fc": 0.2801926353730937}, "datetime": {"delta": 9.733531, "datetime": "2020-09-13 13:40:58", "elapsed": 2070.340434}}
{"target": -16801.89496156422, "params": {"epsilon_d": 0.025075596679231538, "gamma_cf": 0.39722776623376177, "beta_rec": 0.907644646099839, "lr": 0.08747276218504352, "phi_s": 0.9109014204045617, "beta_enc": 0.8173822703971256, "s_cf": 0.42351005310518297, "k_intra": 7.339231362848766, "phi_d": 1.259289464274507, "gamma_fc": 0.5614096837184815}, "datetime": {"delta": 9.744213, "datetime": "2020-09-13 13:41:08", "elapsed": 2080.084647}}
{"target": -9239.873153981607, "params": {"epsilon_d": 4.962361389702792, "gamma_cf": 0.6204682006051905, "beta_rec": 0.660015223526051, "lr": 0.004976364711265391, "phi_s": 1.0285992974302376, "beta_enc": 0.49797863267328835, "s_cf": 0.1469781258549313, "k_intra": 4.283323980388563, "phi_d": 0.6640976001928452, "gamma_fc": 0.5824398618892226}, "datetime": {"delta": 9.706935, "datetime": "2020-09-13 13:41:18", "elapsed": 2089.791582}}
{"target": -9317.364351425433, "params": {"epsilon_d": 5.000932595969295, "gamma_cf": 0.32084890160086454, "beta_rec": 0.6114994766596024, "lr": 0.0058809814446282305, "phi_s": 1.386161141521412, "beta_enc": 0.5986638816064357, "s_cf": 0.6978416560498484, "k_intra": 1.9028348267904371, "phi_d": 2.2313318541834883, "gamma_fc": 0.6532580520244544}, "datetime": {"delta": 9.711767, "datetime": "2020-09-13 13:41:28", "elapsed": 2099.503349}}
{"target": -9343.825181006212, "params": {"epsilon_d": 3.781085867830213, "gamma_cf": 0.695996510445494, "beta_rec": 0.06261980198391548, "lr": 0.4539526504065199, "phi_s": 2.2753603194000567, "beta_enc": 0.185043349636976, "s_cf": 0.1097350212856566, "k_intra": 1.9583423367499242, "phi_d": 1.9013326501115737, "gamma_fc": 0.10281836745431583}, "datetime": {"delta": 9.732471, "datetime": "2020-09-13 13:41:37", "elapsed": 2109.23582}}
{"target": -9553.258856981423, "params": {"epsilon_d": 6.70090368747807, "gamma_cf": 0.2035603776619016, "beta_rec": 0.3873605221444808, "lr": 0.018681005996375344, "phi_s": 0.6341155520265899, "beta_enc": 0.6246236071556411, "s_cf": 0.6383433300033875, "k_intra": 1.721625549559327, "phi_d": 1.5121557146294757, "gamma_fc": 0.5279187975307311}, "datetime": {"delta": 9.718545, "datetime": "2020-09-13 13:41:47", "elapsed": 2118.954365}}
{"target": -9476.499185092413, "params": {"epsilon_d": 3.929599026342032, "gamma_cf": 0.9894521308362529, "beta_rec": 0.7749453799977457, "lr": 0.7494424707521696, "phi_s": 1.1511494201700738, "beta_enc": 0.5365748193404329, "s_cf": 0.48924478546014216, "k_intra": 4.788234011854717, "phi_d": 1.760796050548005, "gamma_fc": 0.5152146961620737}, "datetime": {"delta": 9.696051, "datetime": "2020-09-13 13:41:57", "elapsed": 2128.650416}}
{"target": -10516.634503840447, "params": {"epsilon_d": 0.29961752524048535, "gamma_cf": 0.46252906034220287, "beta_rec": 0.39358341429686194, "lr": 0.029272121403112528, "phi_s": 0.9496938625222359, "beta_enc": 0.18913837493884977, "s_cf": 0.5774906810135474, "k_intra": 5.267158603586157, "phi_d": 1.709751622914306, "gamma_fc": 0.2744741128035708}, "datetime": {"delta": 9.738501, "datetime": "2020-09-13 13:42:06", "elapsed": 2138.388917}}
{"target": -9734.73588448581, "params": {"epsilon_d": 6.631568228819655, "gamma_cf": 0.23890995487021205, "beta_rec": 0.44033782679643774, "lr": 0.9408284143815248, "phi_s": 1.5429367153546958, "beta_enc": 0.7327698532613667, "s_cf": 0.8211769648927358, "k_intra": 2.4287852161976753, "phi_d": 0.729937276133952, "gamma_fc": 0.9985990885864799}, "datetime": {"delta": 9.748318, "datetime": "2020-09-13 13:42:16", "elapsed": 2148.137235}}
{"target": -9454.72080391365, "params": {"epsilon_d": 4.40440559975718, "gamma_cf": 0.7541750254551594, "beta_rec": 0.705580412120669, "lr": 0.5279654841547008, "phi_s": 1.2332419136450088, "beta_enc": 0.7165880467947342, "s_cf": 0.4672385663332459, "k_intra": 4.413517453158379, "phi_d": 0.2915031936482483, "gamma_fc": 0.9199535770148588}, "datetime": {"delta": 9.754595, "datetime": "2020-09-13 13:42:26", "elapsed": 2157.89183}}
{"target": -9571.645633883638, "params": {"epsilon_d": 7.311376031989666, "gamma_cf": 0.5454711685487195, "beta_rec": 0.11055744025544123, "lr": 0.14674737976077956, "phi_s": 0.11412893906545762, "beta_enc": 0.8951377108035733, "s_cf": 0.6691577977971368, "k_intra": 0.29782944129560285, "phi_d": 0.9235513538519369, "gamma_fc": 0.6065354305165435}, "datetime": {"delta": 9.716711, "datetime": "2020-09-13 13:42:36", "elapsed": 2167.608541}}
{"target": -9083.747632571352, "params": {"epsilon_d": 5.4316404751920375, "gamma_cf": 0.6157259286130373, "beta_rec": 0.5469683092712408, "lr": 0.5749397272777665, "phi_s": 0.6846302397836962, "beta_enc": 0.8702579489225982, "s_cf": 0.32752405584828914, "k_intra": 3.6673198166094165, "phi_d": 2.4467280927802992, "gamma_fc": 0.30218150041580416}, "datetime": {"delta": 9.747864, "datetime": "2020-09-13 13:42:45", "elapsed": 2177.356405}}
{"target": -11235.256004320261, "params": {"epsilon_d": 0.47610928706555034, "gamma_cf": 0.15635692867625162, "beta_rec": 0.3409202491323421, "lr": 0.6351249610913382, "phi_s": 2.7173560136245105, "beta_enc": 0.742921250389697, "s_cf": 0.307160768485095, "k_intra": 4.951123625611782, "phi_d": 2.6526379339338906, "gamma_fc": 0.1938648596595468}, "datetime": {"delta": 9.719429, "datetime": "2020-09-13 13:42:55", "elapsed": 2187.075834}}
{"target": -9120.650830106926, "params": {"epsilon_d": 3.685768697652759, "gamma_cf": 0.2927265620931302, "beta_rec": 0.2824280305589726, "lr": 0.31898600647018904, "phi_s": 2.8927528948270504, "beta_enc": 0.7533800731255857, "s_cf": 0.5039830093987828, "k_intra": 2.147156956683806, "phi_d": 0.45356746028125416, "gamma_fc": 0.41369073619910135}, "datetime": {"delta": 9.739051, "datetime": "2020-09-13 13:43:05", "elapsed": 2196.814885}}
{"target": -9000.708570029725, "params": {"epsilon_d": 4.577052876804192, "gamma_cf": 0.7546222253081317, "beta_rec": 0.7461601407734211, "lr": 0.5216593134132719, "phi_s": 0.9854092412000895, "beta_enc": 0.9231006825886638, "s_cf": 0.012522836886473265, "k_intra": 3.0375843415186865, "phi_d": 2.165705367377545, "gamma_fc": 0.6280230786069259}, "datetime": {"delta": 9.722267, "datetime": "2020-09-13 13:43:15", "elapsed": 2206.537152}}
{"target": -10011.750913811302, "params": {"epsilon_d": 9.299930889635013, "gamma_cf": 0.6253311549032551, "beta_rec": 0.7967454755900841, "lr": 0.526905346047344, "phi_s": 2.5899739389030363, "beta_enc": 0.26826282913593635, "s_cf": 0.9475415511018243, "k_intra": 7.575703592474213, "phi_d": 2.2862203077015177, "gamma_fc": 0.13280748458041103}, "datetime": {"delta": 9.740943, "datetime": "2020-09-13 13:43:24", "elapsed": 2216.278095}}
{"target": -11569.406204473094, "params": {"epsilon_d": 7.425880576965468, "gamma_cf": 0.7271011884036769, "beta_rec": 0.8542582098426466, "lr": 0.9020760015248446, "phi_s": 0.3436617114163031, "beta_enc": 0.6545375346228315, "s_cf": 0.8295737184581491, "k_intra": 9.230030407536653, "phi_d": 1.247675758539024, "gamma_fc": 0.8587907562669648}, "datetime": {"delta": 9.722404, "datetime": "2020-09-13 13:43:34", "elapsed": 2226.000499}}
{"target": -9919.825983628305, "params": {"epsilon_d": 8.251753305664195, "gamma_cf": 0.03198418437577388, "beta_rec": 0.542076154739123, "lr": 0.6931945583783881, "phi_s": 1.9610726244174304, "beta_enc": 0.5389315533076343, "s_cf": 0.37408018773825613, "k_intra": 0.3463400133772032, "phi_d": 1.8037049901161866, "gamma_fc": 0.8779604187251567}, "datetime": {"delta": 9.714118, "datetime": "2020-09-13 13:43:44", "elapsed": 2235.714617}}
{"target": -9909.908302557902, "params": {"epsilon_d": 8.858231171497215, "gamma_cf": 0.5652896703655683, "beta_rec": 0.5094085814387623, "lr": 0.9721390871214521, "phi_s": 1.129217281467243, "beta_enc": 0.2754620266501041, "s_cf": 0.6535310326636594, "k_intra": 4.413792309535008, "phi_d": 2.2533151118199584, "gamma_fc": 0.6631488914643168}, "datetime": {"delta": 9.699996, "datetime": "2020-09-13 13:43:54", "elapsed": 2245.414613}}
{"target": -8992.805766289837, "params": {"epsilon_d": 2.750540510654117, "gamma_cf": 0.10806748517233733, "beta_rec": 0.884056212378686, "lr": 0.8540597949343145, "phi_s": 1.9164405293051825, "beta_enc": 0.5426164118717204, "s_cf": 0.6235518010455583, "k_intra": 3.8704623260508586, "phi_d": 0.885450250124158, "gamma_fc": 0.19127205174117012}, "datetime": {"delta": 9.745187, "datetime": "2020-09-13 13:44:03", "elapsed": 2255.1598}}
{"target": -9983.440715809924, "params": {"epsilon_d": 7.448338730324927, "gamma_cf": 0.29572553442388116, "beta_rec": 0.05033512965945175, "lr": 0.6636026316710936, "phi_s": 1.6946807693687453, "beta_enc": 0.4080471353479287, "s_cf": 0.015421822343255842, "k_intra": 3.772395675305095, "phi_d": 0.3503665317639758, "gamma_fc": 0.39845819654904013}, "datetime": {"delta": 9.741388, "datetime": "2020-09-13 13:44:13", "elapsed": 2264.901188}}
{"target": -11999.21969296295, "params": {"epsilon_d": 3.8411422799622663, "gamma_cf": 0.1467479307274827, "beta_rec": 0.5984272223880148, "lr": 0.3181087523446168, "phi_s": 0.9337444959194441, "beta_enc": 0.9830389835394168, "s_cf": 0.9572253423743934, "k_intra": 9.058084167065523, "phi_d": 2.322827219503066, "gamma_fc": 0.6968783264368051}, "datetime": {"delta": 9.728208, "datetime": "2020-09-13 13:44:23", "elapsed": 2274.629396}}
{"target": -11084.01570308365, "params": {"epsilon_d": 9.307347331501477, "gamma_cf": 0.26904238725191854, "beta_rec": 0.6250155931933211, "lr": 0.7713625072014619, "phi_s": 2.5183235647477766, "beta_enc": 0.7023157547948075, "s_cf": 0.6982817992918626, "k_intra": 6.780829341239825, "phi_d": 1.7577424756613589, "gamma_fc": 0.9236157463407607}, "datetime": {"delta": 9.720098, "datetime": "2020-09-13 13:44:32", "elapsed": 2284.349494}}
{"target": -9167.587348960064, "params": {"epsilon_d": 2.7932033561633185, "gamma_cf": 0.9158787230673001, "beta_rec": 0.6124611286280749, "lr": 0.04765470496967894, "phi_s": 1.7170046639962242, "beta_enc": 0.146608701776909, "s_cf": 0.5735610825770953, "k_intra": 2.8571649537130286, "phi_d": 1.3979795177468506, "gamma_fc": 0.19823229021015376}, "datetime": {"delta": 9.705915, "datetime": "2020-09-13 13:44:42", "elapsed": 2294.055409}}
{"target": -9373.446848873225, "params": {"epsilon_d": 4.475283795912553, "gamma_cf": 0.8512376625014975, "beta_rec": 0.34741393280060506, "lr": 0.27835933039431604, "phi_s": 1.9007619239833695, "beta_enc": 0.905377379959673, "s_cf": 0.13339403014523998, "k_intra": 6.539929348777337, "phi_d": 1.5136667747149624, "gamma_fc": 0.5768293032320249}, "datetime": {"delta": 9.736164, "datetime": "2020-09-13 13:44:52", "elapsed": 2303.791573}}
{"target": -9182.42637588764, "params": {"epsilon_d": 4.774610763396531, "gamma_cf": 0.02402673463080851, "beta_rec": 0.11341100113082614, "lr": 0.25096153771624574, "phi_s": 0.4358975654481222, "beta_enc": 0.03290871659253447, "s_cf": 0.2705519937974664, "k_intra": 0.9758261797608447, "phi_d": 1.3368295429830335, "gamma_fc": 0.6262089291372217}, "datetime": {"delta": 9.710429, "datetime": "2020-09-13 13:45:02", "elapsed": 2313.502002}}
{"target": -8952.76898203659, "params": {"epsilon_d": 6.115736081214106, "gamma_cf": 0.3783538388352491, "beta_rec": 0.9850455536104694, "lr": 0.4525586263864343, "phi_s": 0.9076620983303643, "beta_enc": 0.021079672835511265, "s_cf": 0.6147818910832991, "k_intra": 3.8983874837498425, "phi_d": 2.7999092619170582, "gamma_fc": 0.026528351110449155}, "datetime": {"delta": 9.733975, "datetime": "2020-09-13 13:45:11", "elapsed": 2323.235977}}
{"target": -10900.692878439362, "params": {"epsilon_d": 5.057633489864318, "gamma_cf": 0.7865007628599349, "beta_rec": 0.18596096979633892, "lr": 0.02605993268839324, "phi_s": 0.2726329607062069, "beta_enc": 0.6651683545821934, "s_cf": 0.4814004591490364, "k_intra": 6.060352981689622, "phi_d": 0.1204354990492194, "gamma_fc": 0.09657903442841353}, "datetime": {"delta": 9.754991, "datetime": "2020-09-13 13:45:21", "elapsed": 2332.990968}}
{"target": -10208.893119100583, "params": {"epsilon_d": 0.7503263933654081, "gamma_cf": 0.8613524744830288, "beta_rec": 0.4055573841390242, "lr": 0.9630323387846756, "phi_s": 0.8540550186744077, "beta_enc": 0.9257041086902309, "s_cf": 0.20139185371372026, "k_intra": 3.1893586891742407, "phi_d": 2.820959128656897, "gamma_fc": 0.5192975854704402}, "datetime": {"delta": 9.742813, "datetime": "2020-09-13 13:45:31", "elapsed": 2342.733781}}
{"target": -8940.850987219368, "params": {"epsilon_d": 3.3672108974505486, "gamma_cf": 0.5864294214642616, "beta_rec": 0.8425182098415589, "lr": 0.7613352159920956, "phi_s": 0.8711304190386996, "beta_enc": 0.5889087033060773, "s_cf": 0.6894948631776694, "k_intra": 1.9459373523814183, "phi_d": 0.5352855379209449, "gamma_fc": 0.16224499947880777}, "datetime": {"delta": 9.739482, "datetime": "2020-09-13 13:45:41", "elapsed": 2352.473263}}
{"target": -10865.700988176397, "params": {"epsilon_d": 2.8752594002402865, "gamma_cf": 0.3366231805122991, "beta_rec": 0.03219440386857053, "lr": 0.035980967658641894, "phi_s": 1.9510065864737904, "beta_enc": 0.01508930763297911, "s_cf": 0.14300410951832265, "k_intra": 8.071905755135196, "phi_d": 1.139346209413443, "gamma_fc": 0.36221610553001116}, "datetime": {"delta": 9.746427, "datetime": "2020-09-13 13:45:50", "elapsed": 2362.21969}}
{"target": -9668.568764848806, "params": {"epsilon_d": 1.1529342548002708, "gamma_cf": 0.2080974099989472, "beta_rec": 0.6455644082734328, "lr": 0.48447006094850675, "phi_s": 0.49858629391026954, "beta_enc": 0.8577386145114406, "s_cf": 0.9643727973861176, "k_intra": 4.034066283341728, "phi_d": 2.6736197264109096, "gamma_fc": 0.7454983307481646}, "datetime": {"delta": 9.72274, "datetime": "2020-09-13 13:46:00", "elapsed": 2371.94243}}
{"target": -13159.612064934574, "params": {"epsilon_d": 2.232384309404435, "gamma_cf": 0.8065850822605141, "beta_rec": 0.09944025725488481, "lr": 0.17432113751983724, "phi_s": 1.6104601876059885, "beta_enc": 0.04262968179657989, "s_cf": 0.7402936352802216, "k_intra": 6.532511422613194, "phi_d": 0.583493605486932, "gamma_fc": 0.4558728073695024}, "datetime": {"delta": 9.736514, "datetime": "2020-09-13 13:46:10", "elapsed": 2381.678944}}
{"target": -9162.14462339575, "params": {"epsilon_d": 6.604119346706403, "gamma_cf": 0.2490900884519328, "beta_rec": 0.8696140851211128, "lr": 0.7566160562962172, "phi_s": 2.5995273980246156, "beta_enc": 0.46247446521502844, "s_cf": 0.26161079268292176, "k_intra": 3.740467168670696, "phi_d": 2.8200192264983683, "gamma_fc": 0.23490222080210488}, "datetime": {"delta": 9.722726, "datetime": "2020-09-13 13:46:20", "elapsed": 2391.40167}}
{"target": -9348.167732157, "params": {"epsilon_d": 5.468344558158083, "gamma_cf": 0.3892749454089657, "beta_rec": 0.6115440994503215, "lr": 0.08813516392543386, "phi_s": 2.6040004769646403, "beta_enc": 0.4122789279785698, "s_cf": 0.7084507915153727, "k_intra": 7.122448043972556, "phi_d": 2.611624545183787, "gamma_fc": 0.10142077688127671}, "datetime": {"delta": 9.732151, "datetime": "2020-09-13 13:46:29", "elapsed": 2401.133821}}
{"target": -9118.164786532565, "params": {"epsilon_d": 3.949870601017651, "gamma_cf": 0.7974959842933487, "beta_rec": 0.6991465654129165, "lr": 0.3178175503505978, "phi_s": 1.156093866095225, "beta_enc": 0.4864245738076861, "s_cf": 0.5666455566878987, "k_intra": 1.5552858387362167, "phi_d": 1.097551212679372, "gamma_fc": 0.7864170822798477}, "datetime": {"delta": 9.684582, "datetime": "2020-09-13 13:46:39", "elapsed": 2410.818403}}
{"target": -9002.45414990999, "params": {"epsilon_d": 2.0163175905663433, "gamma_cf": 0.4164625561731081, "beta_rec": 0.6599697189638991, "lr": 0.38328031012801256, "phi_s": 0.2975771664428158, "beta_enc": 0.041687442520287776, "s_cf": 0.5512566489358516, "k_intra": 3.487267695476459, "phi_d": 0.6228875764585021, "gamma_fc": 0.4508926565007}, "datetime": {"delta": 9.749161, "datetime": "2020-09-13 13:46:49", "elapsed": 2420.567564}}
{"target": -9218.84191580878, "params": {"epsilon_d": 2.3094170832212413, "gamma_cf": 0.2863771315373824, "beta_rec": 0.1454997892217088, "lr": 0.5521388075534814, "phi_s": 1.0959182700151495, "beta_enc": 0.5958669456166511, "s_cf": 0.3506171893069536, "k_intra": 1.5342094116241234, "phi_d": 1.747605181307358, "gamma_fc": 0.8307513669044257}, "datetime": {"delta": 9.706987, "datetime": "2020-09-13 13:46:58", "elapsed": 2430.274551}}
