{"target": 6.937333333333333, "params": {"beta_rec": 0.9988827474406817, "beta_enc": 0.26682476585963744, "cue_position": 1.0, "gamma_fc": 0.6745416899021058}, "datetime": {"elapsed": 9005.619497, "delta": 40.004835, "datetime": "2021-08-25 15:32:56"}}
{"target": 6.972222222222223, "params": {"beta_rec": 0.38846941666020074, "beta_enc": 0.00219456082618108, "cue_position": 1.0, "gamma_fc": 0.538019744731048}, "datetime": {"elapsed": 9045.271396, "delta": 39.651899, "datetime": "2021-08-25 15:33:36"}}
{"target": 6.926222222222222, "params": {"beta_rec": 0.7822457914632748, "beta_enc": 0.40012786669356903, "cue_position": 1.0, "gamma_fc": 0.004920620664082609}, "datetime": {"elapsed": 9085.079932, "delta": 39.808536, "datetime": "2021-08-25 15:34:16"}}
{"target": 6.972888888888889, "params": {"beta_rec": 0.1753072736535688, "beta_enc": 0.32929681243458053, "cue_position": 1.0, "gamma_fc": 0.00036538390298535006}, "datetime": {"elapsed": 9124.684774, "delta": 39.604842, "datetime": "2021-08-25 15:34:55"}}
{"target": 6.966444444444444, "params": {"beta_rec": 0.9968766669146627, "beta_enc": 0.20513682280454149, "cue_position": 1.0, "gamma_fc": 0.9996903310734928}, "datetime": {"elapsed": 9164.410852, "delta": 39.726078, "datetime": "2021-08-25 15:35:35"}}
{"target": 7.030222222222223, "params": {"beta_rec": 0.9993422968220886, "beta_enc": 0.022305480178266723, "cue_position": 1.0, "gamma_fc": 0.10418540771391838}, "datetime": {"elapsed": 9204.475278, "delta": 40.064426, "datetime": "2021-08-25 15:36:15"}}
{"target": 6.983555555555556, "params": {"beta_rec": 0.5673430784207327, "beta_enc": 0.0005397992981291955, "cue_position": 1.0, "gamma_fc": 0.6514326254056648}, "datetime": {"elapsed": 9244.393511, "delta": 39.918233, "datetime": "2021-08-25 15:36:55"}}
{"target": 7.003555555555556, "params": {"beta_rec": 0.6106136818244383, "beta_enc": 0.08600509722784855, "cue_position": 1.0, "gamma_fc": 0.1124945547168239}, "datetime": {"elapsed": 9284.467958, "delta": 40.074447, "datetime": "2021-08-25 15:37:35"}}
{"target": 7.4893333333333345, "params": {"beta_rec": 0.8160083763369306, "beta_enc": 0.784785207041995, "cue_position": 1.0, "gamma_fc": 0.09212439566801955}, "datetime": {"elapsed": 9325.988445, "delta": 41.520487, "datetime": "2021-08-25 15:38:17"}}
{"target": 6.570222222222222, "params": {"beta_rec": 0.9992863387319034, "beta_enc": 0.5651657462999126, "cue_position": 1.0, "gamma_fc": 0.7096638668859045}, "datetime": {"elapsed": 9364.653601, "delta": 38.665156, "datetime": "2021-08-25 15:38:55"}}
{"target": 6.749111111111111, "params": {"beta_rec": 0.17259946637755652, "beta_enc": 0.43347224672492424, "cue_position": 1.0, "gamma_fc": 0.4308624399730072}, "datetime": {"elapsed": 9404.386413, "delta": 39.732812, "datetime": "2021-08-25 15:39:35"}}
{"target": 6.289777777777777, "params": {"beta_rec": 0.9991855189337153, "beta_enc": 0.620197066184662, "cue_position": 1.0, "gamma_fc": 0.0006069067903220482}, "datetime": {"elapsed": 9442.3606, "delta": 37.974187, "datetime": "2021-08-25 15:40:13"}}
{"target": 7.639555555555555, "params": {"beta_rec": 0.8237940517557136, "beta_enc": 0.8163967329153795, "cue_position": 1.0, "gamma_fc": 0.00014671235194152477}, "datetime": {"elapsed": 9484.349191, "delta": 41.988591, "datetime": "2021-08-25 15:40:55"}}
{"target": 7.765111111111111, "params": {"beta_rec": 0.9686889587935987, "beta_enc": 0.9512627908114614, "cue_position": 1.0, "gamma_fc": 0.16759344344429794}, "datetime": {"elapsed": 9526.76482, "delta": 42.415629, "datetime": "2021-08-25 15:41:38"}}
{"target": 6.950444444444445, "params": {"beta_rec": 0.0025290581346317786, "beta_enc": 0.14119611400517662, "cue_position": 1.0, "gamma_fc": 0.7465817028953057}, "datetime": {"elapsed": 9566.78433, "delta": 40.01951, "datetime": "2021-08-25 15:42:18"}}
{"target": 7.304222222222222, "params": {"beta_rec": 0.6728950423859303, "beta_enc": 0.7596932609428193, "cue_position": 1.0, "gamma_fc": 0.0017279628116754209}, "datetime": {"elapsed": 9607.922986, "delta": 41.138656, "datetime": "2021-08-25 15:42:59"}}
{"target": 7.861555555555556, "params": {"beta_rec": 0.9289607700375471, "beta_enc": 0.9201764113835325, "cue_position": 1.0, "gamma_fc": 0.004160433646175243}, "datetime": {"elapsed": 9650.766838, "delta": 42.843852, "datetime": "2021-08-25 15:43:42"}}
{"target": 7.030444444444444, "params": {"beta_rec": 0.36239646940461734, "beta_enc": 0.12361818970836613, "cue_position": 1.0, "gamma_fc": 0.00017218649620120985}, "datetime": {"elapsed": 9691.192832, "delta": 40.425994, "datetime": "2021-08-25 15:44:22"}}
{"target": 6.915333333333334, "params": {"beta_rec": 0.5655770434755024, "beta_enc": 0.2302939031900294, "cue_position": 1.0, "gamma_fc": 0.6430287825305302}, "datetime": {"elapsed": 9731.05483, "delta": 39.861998, "datetime": "2021-08-25 15:45:02"}}
{"target": 6.757777777777778, "params": {"beta_rec": 0.0036983361275639837, "beta_enc": 0.3285698094159919, "cue_position": 1.0, "gamma_fc": 0.3516723568922461}, "datetime": {"elapsed": 9770.422241, "delta": 39.367411, "datetime": "2021-08-25 15:45:41"}}
{"target": 6.771333333333333, "params": {"beta_rec": 0.9960610801925456, "beta_enc": 0.6196423260229597, "cue_position": 1.0, "gamma_fc": 0.3861626319310104}, "datetime": {"elapsed": 9809.995681, "delta": 39.57344, "datetime": "2021-08-25 15:46:21"}}
{"target": 7.0055555555555555, "params": {"beta_rec": 0.5916282373649892, "beta_enc": 0.6329319385880218, "cue_position": 1.0, "gamma_fc": 0.21021778630152688}, "datetime": {"elapsed": 9850.452758, "delta": 40.457077, "datetime": "2021-08-25 15:47:01"}}
{"target": 6.850888888888887, "params": {"beta_rec": 0.5956897597620103, "beta_enc": 0.3366194490284993, "cue_position": 1.0, "gamma_fc": 0.9989414766874982}, "datetime": {"elapsed": 9890.470291, "delta": 40.017533, "datetime": "2021-08-25 15:47:41"}}
{"target": 7.331555555555555, "params": {"beta_rec": 0.9999404488325047, "beta_enc": 0.8544094515134486, "cue_position": 1.0, "gamma_fc": 0.18444340655067393}, "datetime": {"elapsed": 9931.633613, "delta": 41.163322, "datetime": "2021-08-25 15:48:22"}}
{"target": 7.855777777777779, "params": {"beta_rec": 0.9339599491848023, "beta_enc": 0.9255038374800146, "cue_position": 1.0, "gamma_fc": 0.06965292894871222}, "datetime": {"elapsed": 9974.405695, "delta": 42.772082, "datetime": "2021-08-25 15:49:05"}}
{"target": 7.000444444444445, "params": {"beta_rec": 0.002339308140484886, "beta_enc": 0.1665436505237674, "cue_position": 1.0, "gamma_fc": 0.9994920863544788}, "datetime": {"elapsed": 10015.245095, "delta": 40.8394, "datetime": "2021-08-25 15:49:46"}}
{"target": 7.042666666666666, "params": {"beta_rec": 0.37207456728711763, "beta_enc": 0.5157201748937718, "cue_position": 1.0, "gamma_fc": 0.0009228550573897598}, "datetime": {"elapsed": 10056.600469, "delta": 41.355374, "datetime": "2021-08-25 15:50:27"}}
{"target": 6.667555555555556, "params": {"beta_rec": 0.9923206108904327, "beta_enc": 0.133998677120316, "cue_position": 1.0, "gamma_fc": 0.005146328716758464}, "datetime": {"elapsed": 10096.316329, "delta": 39.71586, "datetime": "2021-08-25 15:51:07"}}
{"target": 7.017999999999999, "params": {"beta_rec": 0.3317312536574162, "beta_enc": 0.2959641836060022, "cue_position": 1.0, "gamma_fc": 0.16133541087871694}, "datetime": {"elapsed": 10137.844674, "delta": 41.528345, "datetime": "2021-08-25 15:51:49"}}
{"target": 6.978, "params": {"beta_rec": 0.5079595497229599, "beta_enc": 0.0007912730738408591, "cue_position": 1.0, "gamma_fc": 0.3806696172500612}, "datetime": {"elapsed": 10178.658783, "delta": 40.814109, "datetime": "2021-08-25 15:52:29"}}
{"target": 6.983333333333334, "params": {"beta_rec": 0.0011153281407177973, "beta_enc": 0.12803472285037298, "cue_position": 1.0, "gamma_fc": 0.004073922807270591}, "datetime": {"elapsed": 10219.258734, "delta": 40.599951, "datetime": "2021-08-25 15:53:10"}}
{"target": 7.656666666666666, "params": {"beta_rec": 0.882155509649253, "beta_enc": 0.8024012232479072, "cue_position": 1.0, "gamma_fc": 0.0017111087440461192}, "datetime": {"elapsed": 10261.908129, "delta": 42.649395, "datetime": "2021-08-25 15:53:53"}}
{"target": 6.778666666666666, "params": {"beta_rec": 0.2655209914436011, "beta_enc": 0.4509107250852751, "cue_position": 1.0, "gamma_fc": 0.5645561557733443}, "datetime": {"elapsed": 10301.911, "delta": 40.002871, "datetime": "2021-08-25 15:54:33"}}
{"target": 6.987333333333334, "params": {"beta_rec": 0.22920044539065043, "beta_enc": 0.002710093530365776, "cue_position": 1.0, "gamma_fc": 0.6469040349049286}, "datetime": {"elapsed": 10342.340025, "delta": 40.429025, "datetime": "2021-08-25 15:55:13"}}
{"target": 7.219333333333333, "params": {"beta_rec": 0.8251026868344005, "beta_enc": 0.6523199841499823, "cue_position": 1.0, "gamma_fc": 0.08317373386507187}, "datetime": {"elapsed": 10383.641815, "delta": 41.30179, "datetime": "2021-08-25 15:55:54"}}
{"target": 6.973555555555555, "params": {"beta_rec": 0.001801777364192958, "beta_enc": 0.0034122753595320354, "cue_position": 1.0, "gamma_fc": 0.37513831087118676}, "datetime": {"elapsed": 10424.583772, "delta": 40.941957, "datetime": "2021-08-25 15:56:35"}}
{"target": 7.022444444444444, "params": {"beta_rec": 0.9987740430661866, "beta_enc": 0.09939614017589327, "cue_position": 1.0, "gamma_fc": 0.6354594253147237}, "datetime": {"elapsed": 10465.158389, "delta": 40.574617, "datetime": "2021-08-25 15:57:16"}}
{"target": 6.961777777777778, "params": {"beta_rec": 0.3741215914223128, "beta_enc": 0.006493534821436997, "cue_position": 1.0, "gamma_fc": 0.0037735045106639387}, "datetime": {"elapsed": 10505.938398, "delta": 40.780009, "datetime": "2021-08-25 15:57:57"}}
{"target": 6.974444444444444, "params": {"beta_rec": 0.7404127184389213, "beta_enc": 0.10350954252374278, "cue_position": 1.0, "gamma_fc": 0.8566307031950376}, "datetime": {"elapsed": 10546.804677, "delta": 40.866279, "datetime": "2021-08-25 15:58:38"}}
