{"target": -0.2978048928920232, "params": {"phi_s": 1.9616747804932053, "gamma_fc": 0.891227204175393, "phi_d": 1.6292698119180584, "beta_enc": 0.7049127729938139, "Num": 5.932774423459179, "beta_rec": 0.41933288986862005, "k": 5.052645230074452}, "datetime": {"delta": 48.941159, "elapsed": 10066.589855, "datetime": "2020-09-09 14:55:46"}}
{"target": -0.2630641031111524, "params": {"phi_s": 1.6011239042965177, "gamma_fc": 0.875761908574793, "phi_d": 1.5591169192821581, "beta_enc": 0.7572412968002952, "Num": 6.097595480231525, "beta_rec": 0.4587635347532192, "k": 4.999773234113153}, "datetime": {"delta": 50.682628, "elapsed": 10117.272483, "datetime": "2020-09-09 14:56:37"}}
{"target": -0.47760241528477393, "params": {"phi_s": 2.7610689501639585, "gamma_fc": 0.8848054908937913, "phi_d": 1.3867480120849167, "beta_enc": 0.6925275481124918, "Num": 6.502855873146628, "beta_rec": 0.23094839499786046, "k": 6.636452104816156}, "datetime": {"delta": 47.741415, "elapsed": 10165.013898, "datetime": "2020-09-09 14:57:25"}}
{"target": -0.9978976260814996, "params": {"phi_s": 1.2359879216753882, "gamma_fc": 0.3318749318970566, "phi_d": 1.6124361909057627, "beta_enc": 1.0, "Num": 3.5244976617667385, "beta_rec": 0.0, "k": 8.892246459585653}, "datetime": {"delta": 50.567531, "elapsed": 10215.581429, "datetime": "2020-09-09 14:58:15"}}
{"target": -0.8436584947918235, "params": {"phi_s": 1.9027645665967665, "gamma_fc": 0.11018114112696838, "phi_d": 1.821575639966966, "beta_enc": 1.0, "Num": 3.3154528345491356, "beta_rec": 0.1827586750835363, "k": 8.835762639204301}, "datetime": {"delta": 49.097615, "elapsed": 10264.679044, "datetime": "2020-09-09 14:59:04"}}
{"target": -0.6895882308283472, "params": {"phi_s": 1.672859341297205, "gamma_fc": 0.6633587296693241, "phi_d": 2.5546520733736484, "beta_enc": 0.8019647654315725, "Num": 3.645566613717853, "beta_rec": 0.8795739231487815, "k": 6.299105565451911}, "datetime": {"delta": 43.509748, "elapsed": 10308.188792, "datetime": "2020-09-09 14:59:48"}}
{"target": -1.0616954923297524, "params": {"phi_s": 2.7644906388254924, "gamma_fc": 1.0, "phi_d": 0.43545745107019057, "beta_enc": 1.0, "Num": 4.364259929501293, "beta_rec": 0.29837925679982014, "k": 5.48078649878835}, "datetime": {"delta": 44.194542, "elapsed": 10352.383334, "datetime": "2020-09-09 15:00:32"}}
{"target": -0.44456317071232554, "params": {"phi_s": 1.222599267556232, "gamma_fc": 0.30118910705296764, "phi_d": 2.606056294236442, "beta_enc": 0.798350053444924, "Num": 7.554801393547309, "beta_rec": 0.0, "k": 5.03741887451006}, "datetime": {"delta": 52.935574, "elapsed": 10405.318908, "datetime": "2020-09-09 15:01:25"}}
{"target": -0.6075300763531646, "params": {"phi_s": 1.1454422355780074, "gamma_fc": 0.508398223416466, "phi_d": 2.2455715768720936, "beta_enc": 0.8720264385009489, "Num": 7.409753062468609, "beta_rec": 0.0, "k": 5.157508427200006}, "datetime": {"delta": 56.233579, "elapsed": 10461.552487, "datetime": "2020-09-09 15:02:21"}}
{"target": -0.5026808335193839, "params": {"phi_s": 1.0, "gamma_fc": 0.0, "phi_d": 2.541631347533165, "beta_enc": 0.826266787548589, "Num": 7.7351205108257535, "beta_rec": 0.0, "k": 5.203395199889656}, "datetime": {"delta": 53.497799, "elapsed": 10515.050286, "datetime": "2020-09-09 15:03:15"}}
{"target": -0.6422297410366549, "params": {"phi_s": 1.0, "gamma_fc": 0.23230171243768138, "phi_d": 2.5509049745404453, "beta_enc": 0.48295706829078006, "Num": 7.6708852095996996, "beta_rec": 0.0, "k": 4.854147964442923}, "datetime": {"delta": 55.644984, "elapsed": 10570.69527, "datetime": "2020-09-09 15:04:10"}}
{"target": -0.4350555577634989, "params": {"phi_s": 1.450420697558348, "gamma_fc": 0.08145124655958683, "phi_d": 2.356208262390449, "beta_enc": 0.7854525366808043, "Num": 7.684318830149389, "beta_rec": 0.0, "k": 5.132082733146771}, "datetime": {"delta": 52.317305, "elapsed": 10623.012575, "datetime": "2020-09-09 15:05:03"}}
{"target": -0.6540454250438033, "params": {"phi_s": 1.2821653915028965, "gamma_fc": 0.3482251267961201, "phi_d": 2.500931139851153, "beta_enc": 0.8876888605799875, "Num": 7.930333456481608, "beta_rec": 0.0, "k": 5.167345783724491}, "datetime": {"delta": 56.998612, "elapsed": 10680.011187, "datetime": "2020-09-09 15:06:00"}}
{"target": -0.680925006977077, "params": {"phi_s": 1.3035769657711451, "gamma_fc": 0.0, "phi_d": 2.3602037846327404, "beta_enc": 0.886362615886235, "Num": 7.40007639040672, "beta_rec": 0.0, "k": 4.819305983935909}, "datetime": {"delta": 56.494853, "elapsed": 10736.50604, "datetime": "2020-09-09 15:06:56"}}
{"target": -0.5632370800335382, "params": {"phi_s": 2.2799535953179917, "gamma_fc": 0.3363014876195141, "phi_d": 2.6635447521760542, "beta_enc": 0.9210584998639291, "Num": 5.51188974721778, "beta_rec": 0.0, "k": 5.670985137028013}, "datetime": {"delta": 51.345594, "elapsed": 10787.851634, "datetime": "2020-09-09 15:07:48"}}
{"target": -0.4300989094733593, "params": {"phi_s": 2.4931520663051088, "gamma_fc": 0.804184489189486, "phi_d": 0.1, "beta_enc": 0.8499687816615817, "Num": 3.9466485168236374, "beta_rec": 0.5253057008499888, "k": 2.6246551183748448}, "datetime": {"delta": 43.173437, "elapsed": 10831.025071, "datetime": "2020-09-09 15:08:31"}}
{"target": -0.4933953932045921, "params": {"phi_s": 2.5126818163131355, "gamma_fc": 0.8240789850420157, "phi_d": 0.1, "beta_enc": 0.9295851335248447, "Num": 3.8762070704090283, "beta_rec": 0.9172238628524428, "k": 2.8507597562537437}, "datetime": {"delta": 46.724828, "elapsed": 10877.749899, "datetime": "2020-09-09 15:09:17"}}
{"target": -0.550255552610542, "params": {"phi_s": 2.8445968455326245, "gamma_fc": 0.5369252567751654, "phi_d": 0.1, "beta_enc": 0.924112878186046, "Num": 3.9724095874728174, "beta_rec": 0.6146295187291111, "k": 2.715757653311618}, "datetime": {"delta": 45.968296, "elapsed": 10923.718195, "datetime": "2020-09-09 15:10:03"}}
{"target": -0.971905647865033, "params": {"phi_s": 2.5377184782396687, "gamma_fc": 0.8092398844620252, "phi_d": 0.1, "beta_enc": 0.43779337135729124, "Num": 3.9514492970212896, "beta_rec": 0.6860486146634095, "k": 2.7551211804726736}, "datetime": {"delta": 47.176003, "elapsed": 10970.894198, "datetime": "2020-09-09 15:10:51"}}
{"target": -1.0633999022504401, "params": {"phi_s": 2.6715583809701573, "gamma_fc": 1.0, "phi_d": 0.17904749776517903, "beta_enc": 1.0, "Num": 4.0541391407879654, "beta_rec": 0.5578291346165838, "k": 2.758641448151142}, "datetime": {"delta": 43.213059, "elapsed": 11014.107257, "datetime": "2020-09-09 15:11:34"}}
{"target": -0.5057699265800379, "params": {"phi_s": 2.3227761495673604, "gamma_fc": 0.5840053465471371, "phi_d": 0.1, "beta_enc": 0.9206831916674018, "Num": 3.834075351988642, "beta_rec": 0.5312065200050826, "k": 2.509341635426108}, "datetime": {"delta": 44.937423, "elapsed": 11059.04468, "datetime": "2020-09-09 15:12:19"}}
{"target": -0.6267886861904493, "params": {"phi_s": 3.0, "gamma_fc": 0.8658591806196598, "phi_d": 0.1, "beta_enc": 0.727671621012038, "Num": 4.030189388710823, "beta_rec": 0.953647720861362, "k": 2.920747352571558}, "datetime": {"delta": 49.14182, "elapsed": 11108.1865, "datetime": "2020-09-09 15:13:08"}}
{"target": -0.5412138694759889, "params": {"phi_s": 2.3780137714997562, "gamma_fc": 0.36911690105910044, "phi_d": 0.36227629271284656, "beta_enc": 0.8618699334222187, "Num": 4.207734634869321, "beta_rec": 0.5454837445981137, "k": 3.3709199580158025}, "datetime": {"delta": 48.695329, "elapsed": 11156.881829, "datetime": "2020-09-09 15:13:57"}}
{"target": -0.3824970143751925, "params": {"phi_s": 2.8240538345913633, "gamma_fc": 0.8567356710842318, "phi_d": 0.1, "beta_enc": 0.7774627618755121, "Num": 3.7708954806514376, "beta_rec": 0.724640050324972, "k": 2.4402394955364146}, "datetime": {"delta": 43.326137, "elapsed": 11200.207966, "datetime": "2020-09-09 15:14:40"}}
{"target": -0.4630727272708551, "params": {"phi_s": 2.6602051055891494, "gamma_fc": 0.7497861648631164, "phi_d": 0.1, "beta_enc": 0.8334545477632845, "Num": 3.629018374285232, "beta_rec": 0.5881815152018319, "k": 2.6779434469250645}, "datetime": {"delta": 41.631897, "elapsed": 11241.839863, "datetime": "2020-09-09 15:15:22"}}
{"target": -0.4092095267333467, "params": {"phi_s": 3.0, "gamma_fc": 0.9154903760381131, "phi_d": 0.1, "beta_enc": 0.6361256104090527, "Num": 3.976412086422356, "beta_rec": 0.5762409335104391, "k": 2.4993483742575147}, "datetime": {"delta": 44.844659, "elapsed": 11286.684522, "datetime": "2020-09-09 15:16:06"}}
{"target": -0.4361837811948841, "params": {"phi_s": 1.7896740485836915, "gamma_fc": 0.11331010779449754, "phi_d": 1.4640785075381129, "beta_enc": 0.7041991718785018, "Num": 1.4442053180029844, "beta_rec": 1.0, "k": 4.756561073341491}, "datetime": {"delta": 43.135253, "elapsed": 11329.819775, "datetime": "2020-09-09 15:16:50"}}
{"target": -0.6986620819694422, "params": {"phi_s": 2.7793824850902675, "gamma_fc": 0.5122012303256015, "phi_d": 0.5943388033184238, "beta_enc": 0.6474916197273884, "Num": 4.450645228998953, "beta_rec": 0.40429247924965467, "k": 3.3664177269952913}, "datetime": {"delta": 47.689453, "elapsed": 11377.509228, "datetime": "2020-09-09 15:17:37"}}
{"target": -0.6344772637922432, "params": {"phi_s": 2.331645033736487, "gamma_fc": 0.2189552561128916, "phi_d": 0.8879552964237656, "beta_enc": 0.7911278540069402, "Num": 2.6101936446796987, "beta_rec": 0.0, "k": 5.203155250994272}, "datetime": {"delta": 40.47655, "elapsed": 11417.985778, "datetime": "2020-09-09 15:18:18"}}
{"target": -0.3655849878108126, "params": {"phi_s": 1.0, "gamma_fc": 0.17666394079096967, "phi_d": 2.7824858708166293, "beta_enc": 0.732675038596213, "Num": 4.88292121803965, "beta_rec": 0.0, "k": 4.0746835937811525}, "datetime": {"delta": 46.119537, "elapsed": 11464.105315, "datetime": "2020-09-09 15:19:04"}}
{"target": -0.37443688458653446, "params": {"phi_s": 1.0, "gamma_fc": 0.16760775477129972, "phi_d": 2.389999247664357, "beta_enc": 0.6454476590008438, "Num": 4.799681681732918, "beta_rec": 0.0, "k": 4.173440786290416}, "datetime": {"delta": 46.916775, "elapsed": 11511.02209, "datetime": "2020-09-09 15:19:51"}}
{"target": -0.40022144866592846, "params": {"phi_s": 1.0160147181722534, "gamma_fc": 0.18444479548008033, "phi_d": 2.6141711061277997, "beta_enc": 0.7262309769566383, "Num": 4.640814269996488, "beta_rec": 0.0, "k": 3.8669150135535495}, "datetime": {"delta": 47.886302, "elapsed": 11558.908392, "datetime": "2020-09-09 15:20:39"}}
{"target": -1.1342598719616819, "params": {"phi_s": 1.0, "gamma_fc": 0.5619482282333514, "phi_d": 2.73946167818225, "beta_enc": 1.0, "Num": 9.106465433530047, "beta_rec": 1.0, "k": 4.8391303435372315}, "datetime": {"delta": 56.719397, "elapsed": 11615.627789, "datetime": "2020-09-09 15:21:35"}}
{"target": -0.5734463256692126, "params": {"phi_s": 2.7560805748265116, "gamma_fc": 0.777210442283464, "phi_d": 2.0387307349061534, "beta_enc": 0.7248488422578856, "Num": 6.826563013672503, "beta_rec": 0.5588275208042431, "k": 6.984549055501019}, "datetime": {"delta": 45.649709, "elapsed": 11661.277498, "datetime": "2020-09-09 15:22:21"}}
{"target": -0.4272145203621399, "params": {"phi_s": 3.0, "gamma_fc": 0.5311186483068594, "phi_d": 1.3343578924092783, "beta_enc": 0.8871719178897052, "Num": 6.494510889072733, "beta_rec": 0.35792830717169666, "k": 6.768958622259213}, "datetime": {"delta": 47.068398, "elapsed": 11708.345896, "datetime": "2020-09-09 15:23:08"}}
{"target": -0.5325220480004431, "params": {"phi_s": 3.0, "gamma_fc": 0.7787046006877167, "phi_d": 0.9876516536137319, "beta_enc": 0.8372712767147195, "Num": 6.486279509805145, "beta_rec": 0.3490324758943643, "k": 6.581182727564494}, "datetime": {"delta": 46.522619, "elapsed": 11754.868515, "datetime": "2020-09-09 15:23:55"}}
{"target": -0.6459736129034126, "params": {"phi_s": 2.9469587941276987, "gamma_fc": 0.4882395838989937, "phi_d": 1.3137509656160065, "beta_enc": 0.7210677519497832, "Num": 6.464709933081633, "beta_rec": 0.0, "k": 6.6104773273730055}, "datetime": {"delta": 46.155536, "elapsed": 11801.024051, "datetime": "2020-09-09 15:24:41"}}
{"target": -0.6215472002905996, "params": {"phi_s": 2.902120150368041, "gamma_fc": 0.8175858633095763, "phi_d": 1.3148502118740109, "beta_enc": 0.8315743393588891, "Num": 6.67906058695923, "beta_rec": 0.4730132007075134, "k": 6.976145338254118}, "datetime": {"delta": 45.211962, "elapsed": 11846.236013, "datetime": "2020-09-09 15:25:26"}}
{"target": -0.5440026515067815, "params": {"phi_s": 2.834552976875776, "gamma_fc": 0.5788022889880988, "phi_d": 1.3959008033510836, "beta_enc": 0.7244535892227728, "Num": 6.456474108099813, "beta_rec": 0.586431146416473, "k": 6.542550066600091}, "datetime": {"delta": 45.475536, "elapsed": 11891.711549, "datetime": "2020-09-09 15:26:11"}}
{"target": -0.976965268281645, "params": {"phi_s": 2.306726500194153, "gamma_fc": 0.918428280466936, "phi_d": 0.8857094204968855, "beta_enc": 0.9986437352859973, "Num": 4.380620381745322, "beta_rec": 0.3790921396960954, "k": 5.913023482350359}, "datetime": {"delta": 43.199756, "elapsed": 11934.911305, "datetime": "2020-09-09 15:26:55"}}
{"target": -1.2288642378799246, "params": {"phi_s": 2.673562353925544, "gamma_fc": 0.8757277281337732, "phi_d": 0.524839350396455, "beta_enc": 0.4772903010423154, "Num": 4.360244730322251, "beta_rec": 0.2210886833064412, "k": 5.8757185503186244}, "datetime": {"delta": 41.259914, "elapsed": 11976.171219, "datetime": "2020-09-09 15:27:36"}}
{"target": -1.0447098926405236, "params": {"phi_s": 2.139668231495048, "gamma_fc": 0.0, "phi_d": 0.8618503712522791, "beta_enc": 1.0, "Num": 5.223530822938881, "beta_rec": 0.486640454034903, "k": 8.706977935404467}, "datetime": {"delta": 50.697527, "elapsed": 12026.868746, "datetime": "2020-09-09 15:28:27"}}
{"target": -0.4024458478714509, "params": {"phi_s": 1.0, "gamma_fc": 0.3017058912605243, "phi_d": 2.5834858769119573, "beta_enc": 0.7062706340772297, "Num": 4.961401836322427, "beta_rec": 0.22632694312011098, "k": 4.0287482842090245}, "datetime": {"delta": 48.913533, "elapsed": 12075.782279, "datetime": "2020-09-09 15:29:15"}}
{"target": -0.6476448168045054, "params": {"phi_s": 2.0707247660771904, "gamma_fc": 0.6451910131142887, "phi_d": 1.4867492076611957, "beta_enc": 0.9049903821627979, "Num": 8.127986624621883, "beta_rec": 0.7147287636766423, "k": 7.290078329285048}, "datetime": {"delta": 46.633359, "elapsed": 12122.415638, "datetime": "2020-09-09 15:30:02"}}
{"target": -0.7286226234608897, "params": {"phi_s": 1.2212173128891448, "gamma_fc": 0.129520324793139, "phi_d": 0.685941127690855, "beta_enc": 0.8349068548052668, "Num": 9.182384681658299, "beta_rec": 0.821123578814353, "k": 4.747489711498396}, "datetime": {"delta": 52.653965, "elapsed": 12175.069603, "datetime": "2020-09-09 15:30:55"}}
{"target": -0.4712683266350716, "params": {"phi_s": 1.3132756992060843, "gamma_fc": 0.2440436173102406, "phi_d": 2.976229303640815, "beta_enc": 0.8358922510071364, "Num": 4.823776714853814, "beta_rec": 0.0, "k": 3.834883070912159}, "datetime": {"delta": 49.096848, "elapsed": 12224.166451, "datetime": "2020-09-09 15:31:44"}}
{"target": -0.35279020915474246, "params": {"phi_s": 1.0, "gamma_fc": 0.8376013571784326, "phi_d": 1.6608048104512076, "beta_enc": 0.7795025883807463, "Num": 6.006401593588623, "beta_rec": 0.41183891653854704, "k": 4.655966806496427}, "datetime": {"delta": 50.661412, "elapsed": 12274.827863, "datetime": "2020-09-09 15:32:35"}}
{"target": -0.3997029800201862, "params": {"phi_s": 1.0, "gamma_fc": 0.798420618474741, "phi_d": 1.285621558023432, "beta_enc": 0.7931831371601659, "Num": 6.188170396269115, "beta_rec": 0.21663787774715704, "k": 4.650924531622215}, "datetime": {"delta": 50.907563, "elapsed": 12325.735426, "datetime": "2020-09-09 15:33:25"}}
{"target": -0.35402013752883577, "params": {"phi_s": 1.0, "gamma_fc": 1.0, "phi_d": 1.570875102560923, "beta_enc": 0.7838794207226307, "Num": 6.204126398071524, "beta_rec": 0.4948478934205068, "k": 4.826911625961984}, "datetime": {"delta": 49.692864, "elapsed": 12375.42829, "datetime": "2020-09-09 15:34:15"}}
{"target": -0.35685025979128027, "params": {"phi_s": 1.0, "gamma_fc": 0.9912866602127247, "phi_d": 1.5516160846298472, "beta_enc": 0.8550998219769382, "Num": 6.141342390770416, "beta_rec": 0.5359031130243908, "k": 4.428233035942123}, "datetime": {"delta": 50.185426, "elapsed": 12425.613716, "datetime": "2020-09-09 15:35:05"}}
{"target": -0.3848338800663935, "params": {"phi_s": 1.0, "gamma_fc": 0.9844091834831336, "phi_d": 1.709259971100631, "beta_enc": 0.7768896777622157, "Num": 6.251081657498705, "beta_rec": 0.29681933965791446, "k": 4.507757378108279}, "datetime": {"delta": 50.820283, "elapsed": 12476.433999, "datetime": "2020-09-09 15:35:56"}}
{"target": -0.2971389595113706, "params": {"phi_s": 1.0, "gamma_fc": 0.7746242812493979, "phi_d": 1.6343619426971405, "beta_enc": 0.8585508706533689, "Num": 6.277148683079184, "beta_rec": 0.5256042115397954, "k": 4.563867005377618}, "datetime": {"delta": 48.696555, "elapsed": 12525.130554, "datetime": "2020-09-09 15:36:45"}}
{"target": -0.3282343044019114, "params": {"phi_s": 1.178975819727165, "gamma_fc": 0.8472531003939883, "phi_d": 1.6400476597278335, "beta_enc": 0.7563228927175107, "Num": 6.187657349692917, "beta_rec": 0.5151561513741613, "k": 4.6241321717020165}, "datetime": {"delta": 51.756085, "elapsed": 12576.886639, "datetime": "2020-09-09 15:37:37"}}
{"target": -0.42242055124121203, "params": {"phi_s": 1.0, "gamma_fc": 0.6706408706755314, "phi_d": 1.6606691639283475, "beta_enc": 0.7808973952273512, "Num": 6.186904368940257, "beta_rec": 0.4756541158365192, "k": 4.288165074365735}, "datetime": {"delta": 51.860664, "elapsed": 12628.747303, "datetime": "2020-09-09 15:38:28"}}
{"target": -0.9136589338483174, "params": {"phi_s": 1.0, "gamma_fc": 0.8782584517665051, "phi_d": 1.6891306861141044, "beta_enc": 1.0, "Num": 6.196399585424494, "beta_rec": 0.4985762913611892, "k": 4.606870067594302}, "datetime": {"delta": 48.380948, "elapsed": 12677.128251, "datetime": "2020-09-09 15:39:17"}}
{"target": -0.3611859688501336, "params": {"phi_s": 1.0, "gamma_fc": 0.7719336760874019, "phi_d": 1.5974796018664863, "beta_enc": 0.7662843633200558, "Num": 6.293062656377324, "beta_rec": 0.5300871528657505, "k": 4.5589997323903715}, "datetime": {"delta": 51.485155, "elapsed": 12728.613406, "datetime": "2020-09-09 15:40:08"}}
{"target": -0.45245433882566277, "params": {"phi_s": 1.0210166228450464, "gamma_fc": 1.0, "phi_d": 1.584770031227381, "beta_enc": 0.6413168800607097, "Num": 5.975687461494185, "beta_rec": 0.39721693216970866, "k": 4.600793154019395}, "datetime": {"delta": 51.924958, "elapsed": 12780.538364, "datetime": "2020-09-09 15:41:00"}}
{"target": -0.31535298229497344, "params": {"phi_s": 1.157617556229783, "gamma_fc": 0.8731904581185724, "phi_d": 1.5038805077395265, "beta_enc": 0.7536970060991514, "Num": 6.2031603768917485, "beta_rec": 0.38798252837824376, "k": 4.940105973245604}, "datetime": {"delta": 50.130757, "elapsed": 12830.669121, "datetime": "2020-09-09 15:41:50"}}
{"target": -0.31902531271594026, "params": {"phi_s": 1.0501878820800556, "gamma_fc": 0.6020639866214581, "phi_d": 1.6846458762053345, "beta_enc": 0.85281805290754, "Num": 6.263917417175301, "beta_rec": 0.47381356039148764, "k": 4.569844737477951}, "datetime": {"delta": 51.423085, "elapsed": 12882.092206, "datetime": "2020-09-09 15:42:42"}}
{"target": -0.5960956156336993, "params": {"phi_s": 1.0652367067033557, "gamma_fc": 0.9952759177538957, "phi_d": 2.2414942764057906, "beta_enc": 0.6475803264860511, "Num": 6.163876186398696, "beta_rec": 0.5950304570009121, "k": 4.2372969699447145}, "datetime": {"delta": 52.034466, "elapsed": 12934.126672, "datetime": "2020-09-09 15:43:34"}}
{"target": -0.43897344305836855, "params": {"phi_s": 1.042134010649409, "gamma_fc": 1.0, "phi_d": 1.3894368617074337, "beta_enc": 0.8646382140400468, "Num": 6.2786719498386745, "beta_rec": 0.4933606393324306, "k": 4.271655336111598}, "datetime": {"delta": 51.089889, "elapsed": 12985.216561, "datetime": "2020-09-09 15:44:25"}}
{"target": -0.3015649963286432, "params": {"phi_s": 1.0278007090795143, "gamma_fc": 0.6950899722797681, "phi_d": 1.5280908168873195, "beta_enc": 0.8512597195973692, "Num": 6.117649125871384, "beta_rec": 0.5675287792262979, "k": 4.515744580342815}, "datetime": {"delta": 52.14312, "elapsed": 13037.359681, "datetime": "2020-09-09 15:45:17"}}
{"target": -0.3234367865047625, "params": {"phi_s": 1.019639838027744, "gamma_fc": 0.6775633290928298, "phi_d": 1.68677084193317, "beta_enc": 0.879797707385609, "Num": 6.28689108368683, "beta_rec": 0.6813988196689985, "k": 4.435624101140135}, "datetime": {"delta": 51.567584, "elapsed": 13088.927265, "datetime": "2020-09-09 15:46:09"}}
{"target": -0.2945984023199497, "params": {"phi_s": 1.1773803816524702, "gamma_fc": 0.6292323120890791, "phi_d": 1.8594638514661452, "beta_enc": 0.6968704131119254, "Num": 5.864667120419148, "beta_rec": 0.4832375421801062, "k": 4.667704511747168}, "datetime": {"delta": 48.898634, "elapsed": 13137.825899, "datetime": "2020-09-09 15:46:58"}}
{"target": -0.2909970501286348, "params": {"phi_s": 1.0, "gamma_fc": 0.6451846974013117, "phi_d": 1.7931880988550921, "beta_enc": 0.7319849368322777, "Num": 5.956018978551449, "beta_rec": 0.6010885809709434, "k": 4.586660259659714}, "datetime": {"delta": 49.999377, "elapsed": 13187.825276, "datetime": "2020-09-09 15:47:48"}}
{"target": -0.36043891138766326, "params": {"phi_s": 1.0, "gamma_fc": 0.6128433735682197, "phi_d": 2.0878796450411556, "beta_enc": 0.6690194530802241, "Num": 5.819755426806744, "beta_rec": 0.44026062228872065, "k": 4.588678481288809}, "datetime": {"delta": 50.351438, "elapsed": 13238.176714, "datetime": "2020-09-09 15:48:38"}}
{"target": -0.27345986996884186, "params": {"phi_s": 1.2247480823362293, "gamma_fc": 0.6690079932234917, "phi_d": 2.0324546630237834, "beta_enc": 0.7202003987563068, "Num": 5.838914032043607, "beta_rec": 0.7071727181842852, "k": 4.544034291104574}, "datetime": {"delta": 48.258927, "elapsed": 13286.435641, "datetime": "2020-09-09 15:49:26"}}
