{"target": -9797.60204591642, "params": {"epsilon_d": 1.1848556103656152, "gamma_cf": 0.1135060761125674, "beta_rec": 0.5804203422805737, "lr": 0.876476883570897, "phi_s": 0.9682870384523188, "beta_enc": 0.3366216335365237, "s_cf": 0.5440066870336786, "k_intra": 1.261750213517142, "phi_d": 1.4098321278425239, "gamma_fc": 0.013674035103134754}, "datetime": {"delta": 36.297094, "datetime": "2020-09-13 14:28:14", "elapsed": 4906.170121}}
{"target": -8704.606726279611, "params": {"epsilon_d": 3.8063886777051184, "gamma_cf": 0.34356794708987376, "beta_rec": 1.0, "lr": 0.4433409247233208, "phi_s": 2.004421560032214, "beta_enc": 0.3087983747617912, "s_cf": 0.16957420030751125, "k_intra": 8.760217910920215, "phi_d": 0.911107198510057, "gamma_fc": 0.15982538967850451}, "datetime": {"delta": 33.918296, "datetime": "2020-09-13 14:28:48", "elapsed": 4940.088417}}
{"target": -9003.850784567834, "params": {"epsilon_d": 1.741433206708861, "gamma_cf": 0.4663460517757969, "beta_rec": 0.5820042455333612, "lr": 0.5388499831153328, "phi_s": 1.0676765002398234, "beta_enc": 0.35825109423885565, "s_cf": 0.5179883830954823, "k_intra": 3.205486541079454, "phi_d": 1.4245219127879074, "gamma_fc": 0.4737964293006011}, "datetime": {"delta": 34.6805, "datetime": "2020-09-13 14:29:23", "elapsed": 4974.768917}}
{"target": -8982.332120167366, "params": {"epsilon_d": 4.976038052300282, "gamma_cf": 0.4458875312286806, "beta_rec": 0.8180306023759761, "lr": 0.5995899858802913, "phi_s": 1.893166305103368, "beta_enc": 0.6489730980183951, "s_cf": 0.515122362668721, "k_intra": 2.83964526113491, "phi_d": 1.093207785321137, "gamma_fc": 0.24911093955920227}, "datetime": {"delta": 34.993585, "datetime": "2020-09-13 14:29:58", "elapsed": 5009.762502}}
{"target": -9417.65452324734, "params": {"epsilon_d": 2.283602843799193, "gamma_cf": 0.1617323936841561, "beta_rec": 0.5272000312732794, "lr": 0.4776118928165943, "phi_s": 2.0495778841874275, "beta_enc": 0.547736174210653, "s_cf": 0.9607752054340327, "k_intra": 5.606653273597101, "phi_d": 0.8021912142031161, "gamma_fc": 0.25155782955331646}, "datetime": {"delta": 33.910606, "datetime": "2020-09-13 14:30:32", "elapsed": 5043.673108}}
{"target": -8955.137115272735, "params": {"epsilon_d": 1.9808107056990376, "gamma_cf": 0.4720305586766594, "beta_rec": 0.728587457755163, "lr": 0.3591232504562033, "phi_s": 0.5579260508274703, "beta_enc": 0.35681443190416373, "s_cf": 0.4393451332335245, "k_intra": 3.5422305077879903, "phi_d": 0.7580056263959191, "gamma_fc": 0.505644245236268}, "datetime": {"delta": 34.868199, "datetime": "2020-09-13 14:31:07", "elapsed": 5078.541307}}
{"target": -9427.909246951573, "params": {"epsilon_d": 2.981495971834174, "gamma_cf": 0.12987394359302798, "beta_rec": 0.8146609380330874, "lr": 0.8320286006702622, "phi_s": 2.2129377801692334, "beta_enc": 0.5245640611390903, "s_cf": 1.0, "k_intra": 5.897417608792002, "phi_d": 0.7915964115424414, "gamma_fc": 0.5021923525229036}, "datetime": {"delta": 35.39387, "datetime": "2020-09-13 14:31:42", "elapsed": 5113.935177}}
{"target": -9001.637517461224, "params": {"epsilon_d": 3.2441881629930025, "gamma_cf": 0.6319472078900639, "beta_rec": 0.7070257010090159, "lr": 0.5649571094672056, "phi_s": 0.9291294465213598, "beta_enc": 0.4893317923899263, "s_cf": 0.6507003925379666, "k_intra": 2.0769421268797656, "phi_d": 0.7755219705007326, "gamma_fc": 0.259944209547561}, "datetime": {"delta": 34.999485, "datetime": "2020-09-13 14:32:17", "elapsed": 5148.934662}}
{"target": -9075.512168732992, "params": {"epsilon_d": 2.7731782023421734, "gamma_cf": 0.17220013979558269, "beta_rec": 0.6150795024666563, "lr": 0.7120254618262556, "phi_s": 1.885358204355258, "beta_enc": 0.5539861084350316, "s_cf": 0.5481652437448926, "k_intra": 3.766116811603242, "phi_d": 1.2087572224029082, "gamma_fc": 0.37017786468096237}, "datetime": {"delta": 35.236404, "datetime": "2020-09-13 14:32:52", "elapsed": 5184.171066}}
{"target": -9205.668474929336, "params": {"epsilon_d": 1.9518904082077642, "gamma_cf": 0.8327398715928029, "beta_rec": 0.6441856788780053, "lr": 0.6666222603222707, "phi_s": 1.4385686004335991, "beta_enc": 0.483296229913665, "s_cf": 0.5089967640798542, "k_intra": 5.319002004986805, "phi_d": 0.7572532975911793, "gamma_fc": 0.06758168096589101}, "datetime": {"delta": 35.270555, "datetime": "2020-09-13 14:33:28", "elapsed": 5219.441621}}
{"target": -8893.947328685681, "params": {"epsilon_d": 5.113151834805471, "gamma_cf": 0.43712533709830087, "beta_rec": 0.8829203107429481, "lr": 0.8287429355357631, "phi_s": 1.8885618339547852, "beta_enc": 0.7566283535994478, "s_cf": 0.5063077967503588, "k_intra": 2.7552110103810006, "phi_d": 0.8255010501425907, "gamma_fc": 0.13953705434453315}, "datetime": {"delta": 36.371988, "datetime": "2020-09-13 14:34:04", "elapsed": 5255.813609}}
{"target": -9047.017002200966, "params": {"epsilon_d": 4.5058194966757545, "gamma_cf": 0.3454992591625575, "beta_rec": 0.7601874456115354, "lr": 0.314003967759831, "phi_s": 2.369585449201531, "beta_enc": 0.5375150935097446, "s_cf": 0.42514958361301053, "k_intra": 2.2130768987038794, "phi_d": 1.479723347226218, "gamma_fc": 0.2813224502239447}, "datetime": {"delta": 35.493892, "datetime": "2020-09-13 14:34:39", "elapsed": 5291.307501}}
{"target": -9065.79974099844, "params": {"epsilon_d": 4.755306575974066, "gamma_cf": 0.6318852638525467, "beta_rec": 0.7630704157474962, "lr": 0.49744673150509394, "phi_s": 1.1763043872187586, "beta_enc": 0.7064439459431328, "s_cf": 0.3256654996668049, "k_intra": 3.110099681145441, "phi_d": 1.9977209394061817, "gamma_fc": 0.4353173627103501}, "datetime": {"delta": 36.650192, "datetime": "2020-09-13 14:35:16", "elapsed": 5327.957693}}
{"target": -8689.10403797826, "params": {"epsilon_d": 3.8414141363394534, "gamma_cf": 0.40579966852320104, "beta_rec": 1.0, "lr": 0.4181086980119896, "phi_s": 2.0759001644316846, "beta_enc": 0.29234002149154464, "s_cf": 0.17760696704219275, "k_intra": 8.79269896707037, "phi_d": 0.9133404894042513, "gamma_fc": 0.19619024649652986}, "datetime": {"delta": 35.192039, "datetime": "2020-09-13 14:35:51", "elapsed": 5363.149732}}
{"target": -8867.72729669564, "params": {"epsilon_d": 5.1328883488315915, "gamma_cf": 0.423612926377574, "beta_rec": 0.9255078792579103, "lr": 0.8891754428776708, "phi_s": 1.9176668925196965, "beta_enc": 0.8216790829082196, "s_cf": 0.48947474741261293, "k_intra": 2.748946202414693, "phi_d": 0.8661245659310502, "gamma_fc": 0.06259713716508496}, "datetime": {"delta": 36.467198, "datetime": "2020-09-13 14:36:28", "elapsed": 5399.61693}}
{"target": -9373.404469636751, "params": {"epsilon_d": 1.852455117242336, "gamma_cf": 0.18576472274918895, "beta_rec": 0.6591420623588821, "lr": 0.41329514877120127, "phi_s": 1.2490970629381724, "beta_enc": 0.5538539728101272, "s_cf": 0.604797721286362, "k_intra": 6.744992249228752, "phi_d": 2.417742109232831, "gamma_fc": 0.19990137554702078}, "datetime": {"delta": 36.386596, "datetime": "2020-09-13 14:37:04", "elapsed": 5436.003526}}
{"target": -8867.904964258636, "params": {"epsilon_d": 5.1295779547602605, "gamma_cf": 0.42440112966496235, "beta_rec": 0.9252871505715267, "lr": 0.892428918796322, "phi_s": 1.9137225321078435, "beta_enc": 0.8206167643589641, "s_cf": 0.4892301856937847, "k_intra": 2.743612948251634, "phi_d": 0.8564542383000174, "gamma_fc": 0.06507977630061101}, "datetime": {"delta": 35.925525, "datetime": "2020-09-13 14:37:40", "elapsed": 5471.929051}}
{"target": -8867.922017994766, "params": {"epsilon_d": 5.150588786531373, "gamma_cf": 0.4230508978569476, "beta_rec": 0.9215369239198125, "lr": 0.8890879451299133, "phi_s": 1.9255312173483672, "beta_enc": 0.8175838419749614, "s_cf": 0.49215826979434985, "k_intra": 2.7559503271328856, "phi_d": 0.855295980863326, "gamma_fc": 0.06567666136231806}, "datetime": {"delta": 37.476839, "datetime": "2020-09-13 14:38:18", "elapsed": 5509.40589}}
{"target": -8868.22407797013, "params": {"epsilon_d": 5.142725245554216, "gamma_cf": 0.42580830452316104, "beta_rec": 0.9214322434323661, "lr": 0.8850699737037103, "phi_s": 1.9099084837514586, "beta_enc": 0.8210843827385054, "s_cf": 0.49237798158441776, "k_intra": 2.7526374202709656, "phi_d": 0.8631542312238828, "gamma_fc": 0.06541329207655876}, "datetime": {"delta": 37.504081, "datetime": "2020-09-13 14:38:55", "elapsed": 5546.909971}}
{"target": -8653.836204768306, "params": {"epsilon_d": 3.8217526836953, "gamma_cf": 0.3828240443335574, "beta_rec": 0.9674228214925519, "lr": 0.4308137276700641, "phi_s": 2.051704000175623, "beta_enc": 0.30331128854051936, "s_cf": 0.1793490412403294, "k_intra": 8.7855128629134, "phi_d": 0.9394407913942943, "gamma_fc": 0.18788524066991566}, "datetime": {"delta": 38.438084, "datetime": "2020-09-13 14:39:33", "elapsed": 5585.348055}}
{"target": -8867.621446460547, "params": {"epsilon_d": 5.130796823952438, "gamma_cf": 0.42138791155590954, "beta_rec": 0.9219060521216305, "lr": 0.8862698036410306, "phi_s": 1.9349172381745794, "beta_enc": 0.8138837506205061, "s_cf": 0.4913815819480981, "k_intra": 2.7499483195084853, "phi_d": 0.8606005172625579, "gamma_fc": 0.06708437838638906}, "datetime": {"delta": 36.569337, "datetime": "2020-09-13 14:40:10", "elapsed": 5621.917392}}
{"target": -8870.207642309426, "params": {"epsilon_d": 5.133900824486593, "gamma_cf": 0.42055534886201523, "beta_rec": 0.93076697828227, "lr": 0.893509102180553, "phi_s": 1.9267146123191778, "beta_enc": 0.8109619683248384, "s_cf": 0.4822322889983462, "k_intra": 2.757965195396286, "phi_d": 0.8603974093253951, "gamma_fc": 0.07012119407386767}, "datetime": {"delta": 38.383824, "datetime": "2020-09-13 14:40:48", "elapsed": 5660.301216}}
{"target": -8663.597300257657, "params": {"epsilon_d": 3.813286793707291, "gamma_cf": 0.36920576890246953, "beta_rec": 0.925538174072314, "lr": 0.44714110864342627, "phi_s": 2.038311496004137, "beta_enc": 0.31760341763774896, "s_cf": 0.19186216674650047, "k_intra": 8.78333496825927, "phi_d": 0.9791034882352846, "gamma_fc": 0.18888388688954424}, "datetime": {"delta": 38.269409, "datetime": "2020-09-13 14:41:27", "elapsed": 5698.570625}}
{"target": -8863.806506792916, "params": {"epsilon_d": 5.145558495718453, "gamma_cf": 0.42411713790117334, "beta_rec": 0.9082650505761962, "lr": 0.8808707537879648, "phi_s": 1.942657398836955, "beta_enc": 0.8335014783038518, "s_cf": 0.5088883318571533, "k_intra": 2.711799522450708, "phi_d": 0.8644180992729944, "gamma_fc": 0.05102140335868085}, "datetime": {"delta": 38.090906, "datetime": "2020-09-13 14:42:05", "elapsed": 5736.661531}}
{"target": -8674.803236797588, "params": {"epsilon_d": 3.7826233653662737, "gamma_cf": 0.3810414578856569, "beta_rec": 0.9284378166498317, "lr": 0.40537889523707715, "phi_s": 2.0495532061611828, "beta_enc": 0.2864419638217033, "s_cf": 0.14313160584967433, "k_intra": 8.787215962376232, "phi_d": 0.9371075544578091, "gamma_fc": 0.18213530483274698}, "datetime": {"delta": 37.505749, "datetime": "2020-09-13 14:42:42", "elapsed": 5774.16728}}
{"target": -8862.989996590306, "params": {"epsilon_d": 5.143518025688547, "gamma_cf": 0.42483313791031496, "beta_rec": 0.90954643991307, "lr": 0.8804642444968948, "phi_s": 1.9426790874222917, "beta_enc": 0.8355427468338446, "s_cf": 0.5104310389822503, "k_intra": 2.7155703321503175, "phi_d": 0.8619433190383471, "gamma_fc": 0.05013293233701641}, "datetime": {"delta": 38.186005, "datetime": "2020-09-13 14:43:20", "elapsed": 5812.353285}}
{"target": -8865.22199288588, "params": {"epsilon_d": 5.134918194254251, "gamma_cf": 0.43883032729626553, "beta_rec": 0.9445937773485753, "lr": 0.8537286449603972, "phi_s": 1.9516447216760353, "beta_enc": 0.8634644997714083, "s_cf": 0.5309833671160662, "k_intra": 2.7270313663394172, "phi_d": 0.8442139600923511, "gamma_fc": 0.05362115327269645}, "datetime": {"delta": 40.051266, "datetime": "2020-09-13 14:44:01", "elapsed": 5852.404551}}
{"target": -8854.51667884025, "params": {"epsilon_d": 5.126709259184625, "gamma_cf": 0.42871162993038564, "beta_rec": 0.8993923764793109, "lr": 0.8814939369923409, "phi_s": 1.9489726704917636, "beta_enc": 0.8565592334011907, "s_cf": 0.5346078048308578, "k_intra": 2.7343319943046707, "phi_d": 0.8468464813977546, "gamma_fc": 0.028849931551449753}, "datetime": {"delta": 39.187876, "datetime": "2020-09-13 14:44:40", "elapsed": 5891.592427}}
{"target": -8852.175676121953, "params": {"epsilon_d": 5.110032012223235, "gamma_cf": 0.43123802873172173, "beta_rec": 0.8818976122941729, "lr": 0.8967521314683141, "phi_s": 1.9529603247962426, "beta_enc": 0.8589378651734099, "s_cf": 0.5722954700149293, "k_intra": 2.7512723725428216, "phi_d": 0.8457070654368386, "gamma_fc": 0.009847030575653257}, "datetime": {"delta": 37.816961, "datetime": "2020-09-13 14:45:18", "elapsed": 5929.409388}}
{"target": -8849.494818313415, "params": {"epsilon_d": 5.109702822575196, "gamma_cf": 0.42859802831940075, "beta_rec": 0.8763783631194736, "lr": 0.8869315229519671, "phi_s": 1.9542731523083006, "beta_enc": 0.868052387099561, "s_cf": 0.5557869314267487, "k_intra": 2.7512305212110317, "phi_d": 0.8401521359580028, "gamma_fc": 0.006397418620754059}, "datetime": {"delta": 38.844237, "datetime": "2020-09-13 14:45:56", "elapsed": 5968.253625}}
{"target": -8652.61168909654, "params": {"epsilon_d": 3.811326848671712, "gamma_cf": 0.3796627672403153, "beta_rec": 0.9585907415464896, "lr": 0.4340144089716845, "phi_s": 2.057072727065836, "beta_enc": 0.30898508135711855, "s_cf": 0.18594488600954442, "k_intra": 8.796591658411561, "phi_d": 0.9568524200462402, "gamma_fc": 0.1861565970926216}, "datetime": {"delta": 39.455973, "datetime": "2020-09-13 14:46:36", "elapsed": 6007.709598}}
{"target": -8843.632786954742, "params": {"epsilon_d": 5.095664840942686, "gamma_cf": 0.4225391948202382, "beta_rec": 0.8551825482495741, "lr": 0.8721842188052795, "phi_s": 1.9596068285745945, "beta_enc": 0.8832616325879185, "s_cf": 0.5451278883242088, "k_intra": 2.765104378381495, "phi_d": 0.8310404745744361, "gamma_fc": 0.0}, "datetime": {"delta": 39.084935, "datetime": "2020-09-13 14:47:15", "elapsed": 6046.794533}}
{"target": -8656.04694418156, "params": {"epsilon_d": 3.820062162189862, "gamma_cf": 0.38420431920364173, "beta_rec": 0.949416707005055, "lr": 0.4323224886285709, "phi_s": 2.050408451576594, "beta_enc": 0.3062832130778946, "s_cf": 0.18140525937969934, "k_intra": 8.78686115641355, "phi_d": 0.9513972198839626, "gamma_fc": 0.19273514800146896}, "datetime": {"delta": 38.087066, "datetime": "2020-09-13 14:47:53", "elapsed": 6084.881599}}
{"target": -8687.748623109253, "params": {"epsilon_d": 3.8299104219570093, "gamma_cf": 0.33561618502727875, "beta_rec": 0.9598370406220904, "lr": 0.4479475741770809, "phi_s": 2.1164163941893728, "beta_enc": 0.2619960414044015, "s_cf": 0.17711529389202227, "k_intra": 8.74160851324056, "phi_d": 0.9849436213006365, "gamma_fc": 0.12216161858476472}, "datetime": {"delta": 38.218155, "datetime": "2020-09-13 14:48:31", "elapsed": 6123.099754}}
{"target": -8824.664028423449, "params": {"epsilon_d": 5.069189867973086, "gamma_cf": 0.3799084408705732, "beta_rec": 0.8206422556199473, "lr": 0.8666250948232723, "phi_s": 1.9713055388453213, "beta_enc": 0.9297682928386279, "s_cf": 0.5525677815047056, "k_intra": 2.795996873612157, "phi_d": 0.8409745957608632, "gamma_fc": 0.05359152058696569}, "datetime": {"delta": 40.005098, "datetime": "2020-09-13 14:49:11", "elapsed": 6163.104852}}
{"target": -8822.687011655453, "params": {"epsilon_d": 5.0720120240747635, "gamma_cf": 0.3697947255296438, "beta_rec": 0.8212971362827857, "lr": 0.8744722730325969, "phi_s": 1.9708997121970453, "beta_enc": 0.9395559846893075, "s_cf": 0.5554585456858561, "k_intra": 2.7950011991221633, "phi_d": 0.8465415785910557, "gamma_fc": 0.06842688783517605}, "datetime": {"delta": 40.224559, "datetime": "2020-09-13 14:49:51", "elapsed": 6203.329411}}
{"target": -8821.493541962791, "params": {"epsilon_d": 5.085408999701326, "gamma_cf": 0.3607198427399889, "beta_rec": 0.8288850594623663, "lr": 0.8904664901043798, "phi_s": 1.9648996804762517, "beta_enc": 0.9465162455267415, "s_cf": 0.5538351775715326, "k_intra": 2.7830918311452435, "phi_d": 0.85043727647897, "gamma_fc": 0.07963842756333576}, "datetime": {"delta": 38.427686, "datetime": "2020-09-13 14:50:30", "elapsed": 6241.757097}}
{"target": -8821.477691349093, "params": {"epsilon_d": 5.0869594755725265, "gamma_cf": 0.35682056587788646, "beta_rec": 0.8302113185414671, "lr": 0.8909201375141153, "phi_s": 1.9631071197876069, "beta_enc": 0.9455581953636212, "s_cf": 0.5536943456821055, "k_intra": 2.7814090252042916, "phi_d": 0.8486668904010033, "gamma_fc": 0.07827760164114608}, "datetime": {"delta": 40.209466, "datetime": "2020-09-13 14:51:10", "elapsed": 6281.966563}}
{"target": -8821.67093377262, "params": {"epsilon_d": 5.085754039366141, "gamma_cf": 0.35817893117451977, "beta_rec": 0.8298653398816012, "lr": 0.8919826390774587, "phi_s": 1.9635998414095535, "beta_enc": 0.945925560413171, "s_cf": 0.5529217604712866, "k_intra": 2.779575092348149, "phi_d": 0.8493047336941668, "gamma_fc": 0.07839352625595748}, "datetime": {"delta": 40.323471, "datetime": "2020-09-13 14:51:50", "elapsed": 6322.290034}}
{"target": -8819.94670376754, "params": {"epsilon_d": 5.1032432845660365, "gamma_cf": 0.3584538761917645, "beta_rec": 0.8319030725106322, "lr": 0.8869534839559242, "phi_s": 1.9605367809564382, "beta_enc": 0.9467810731000025, "s_cf": 0.5572321328743078, "k_intra": 2.8020543812787646, "phi_d": 0.8506483776726446, "gamma_fc": 0.08111395330231431}, "datetime": {"delta": 42.10231, "datetime": "2020-09-13 14:52:32", "elapsed": 6364.392344}}
{"target": -8820.157538981968, "params": {"epsilon_d": 5.1105530745361145, "gamma_cf": 0.3578988888209648, "beta_rec": 0.8312695044007137, "lr": 0.8870698001812913, "phi_s": 1.957933926668717, "beta_enc": 0.94959638863735, "s_cf": 0.5557176161379797, "k_intra": 2.8152219492519457, "phi_d": 0.8533521749217023, "gamma_fc": 0.07864729639150102}, "datetime": {"delta": 39.044244, "datetime": "2020-09-13 14:53:12", "elapsed": 6403.436588}}
{"target": -8818.888053472105, "params": {"epsilon_d": 5.114307792451234, "gamma_cf": 0.3599518818228266, "beta_rec": 0.8317918663974508, "lr": 0.8812878596134093, "phi_s": 1.963695175001092, "beta_enc": 0.9437515043394461, "s_cf": 0.5658697505329993, "k_intra": 2.8034082330843018, "phi_d": 0.8455870811925793, "gamma_fc": 0.08748695611896075}, "datetime": {"delta": 41.524798, "datetime": "2020-09-13 14:53:53", "elapsed": 6444.961386}}
{"target": -8821.486573719832, "params": {"epsilon_d": 5.125338888635796, "gamma_cf": 0.36010802820423576, "beta_rec": 0.820260538116244, "lr": 0.8766472357738999, "phi_s": 1.9749808752741576, "beta_enc": 0.9446428181730494, "s_cf": 0.5742708631628396, "k_intra": 2.79949813917488, "phi_d": 0.8387876108490673, "gamma_fc": 0.09004000824335281}, "datetime": {"delta": 41.667439, "datetime": "2020-09-13 14:54:35", "elapsed": 6486.628825}}
{"target": -8807.860483605033, "params": {"epsilon_d": 5.102079256855217, "gamma_cf": 0.3623335519161204, "beta_rec": 0.8611652784612135, "lr": 0.8747574592515676, "phi_s": 1.9305038765252014, "beta_enc": 0.940501806684266, "s_cf": 0.5819992266816644, "k_intra": 2.8331688921411735, "phi_d": 0.8388011930989833, "gamma_fc": 0.11921170264584678}, "datetime": {"delta": 40.313534, "datetime": "2020-09-13 14:55:15", "elapsed": 6526.942359}}
{"target": -8801.317084705366, "params": {"epsilon_d": 5.079201561341071, "gamma_cf": 0.3647869705535789, "beta_rec": 0.8655905916840977, "lr": 0.8741856311487818, "phi_s": 1.8880164657439695, "beta_enc": 0.9508852053204169, "s_cf": 0.5994603448437653, "k_intra": 2.882355691388699, "phi_d": 0.8100551139527533, "gamma_fc": 0.15228957777845017}, "datetime": {"delta": 40.171488, "datetime": "2020-09-13 14:55:55", "elapsed": 6567.113847}}
{"target": -8801.283872987004, "params": {"epsilon_d": 5.07788329019677, "gamma_cf": 0.36572359693950013, "beta_rec": 0.8648754480194142, "lr": 0.8745195249144426, "phi_s": 1.8853059994133297, "beta_enc": 0.9510560103751597, "s_cf": 0.5986004686413331, "k_intra": 2.8831395331594307, "phi_d": 0.806866382384628, "gamma_fc": 0.1517699104318486}, "datetime": {"delta": 42.677513, "datetime": "2020-09-13 14:56:38", "elapsed": 6609.79136}}
{"target": -8801.388601547767, "params": {"epsilon_d": 5.077904356298656, "gamma_cf": 0.3659554750678721, "beta_rec": 0.8642281638096063, "lr": 0.8752032383297238, "phi_s": 1.8861511795998827, "beta_enc": 0.9515944123963331, "s_cf": 0.5983739443778258, "k_intra": 2.8836758102700584, "phi_d": 0.8065606417721854, "gamma_fc": 0.1527371067037652}, "datetime": {"delta": 41.998217, "datetime": "2020-09-13 14:57:20", "elapsed": 6651.789577}}
{"target": -8800.757081586078, "params": {"epsilon_d": 5.076832897783101, "gamma_cf": 0.36333974438528244, "beta_rec": 0.8663832558471831, "lr": 0.8669150436353106, "phi_s": 1.8769224309438641, "beta_enc": 0.9522077024058084, "s_cf": 0.605030555684875, "k_intra": 2.8840927561760408, "phi_d": 0.8125036425126635, "gamma_fc": 0.14816457788813114}, "datetime": {"delta": 40.625478, "datetime": "2020-09-13 14:58:01", "elapsed": 6692.415055}}
{"target": -8801.488006562204, "params": {"epsilon_d": 5.075768704148261, "gamma_cf": 0.3639173345170692, "beta_rec": 0.8636862216785, "lr": 0.8619508563846956, "phi_s": 1.8707790212278341, "beta_enc": 0.956804476910835, "s_cf": 0.6078827240053924, "k_intra": 2.8822378209153405, "phi_d": 0.8162551314325073, "gamma_fc": 0.1468362573771944}, "datetime": {"delta": 41.335174, "datetime": "2020-09-13 14:58:42", "elapsed": 6733.750229}}
{"target": -8795.724225439693, "params": {"epsilon_d": 5.071467000835299, "gamma_cf": 0.34904349773615, "beta_rec": 0.8816747620903818, "lr": 0.8656871179492447, "phi_s": 1.8744882702804966, "beta_enc": 0.9309501724248921, "s_cf": 0.6134066677960077, "k_intra": 2.91800190995955, "phi_d": 0.8046602339297418, "gamma_fc": 0.13843347565797606}, "datetime": {"delta": 42.277489, "datetime": "2020-09-13 14:59:24", "elapsed": 6776.027718}}
