{"target": 6.602222222222222, "params": {"gamma_fc": 0.31437661611405043, "beta_rec": 0.22790028995131695, "k": 2.0, "beta_enc": 0.7, "cue_position": 10.0, "enc_rate": 1.0}, "datetime": {"delta": 20.906465, "elapsed": 1744.220945, "datetime": "2020-10-07 22:15:36"}}
{"target": 6.729333333333334, "params": {"gamma_fc": 0.7018765297563104, "beta_rec": 0.41358641500116133, "k": 2.0, "beta_enc": 0.7, "cue_position": 10.0, "enc_rate": 1.0}, "datetime": {"delta": 21.111241, "elapsed": 1765.332186, "datetime": "2020-10-07 22:15:58"}}
{"target": 6.681555555555555, "params": {"gamma_fc": 0.6641025553547935, "beta_rec": 0.34898759722078887, "k": 2.0, "beta_enc": 0.7, "cue_position": 10.0, "enc_rate": 1.0}, "datetime": {"delta": 21.037437, "elapsed": 1786.369623, "datetime": "2020-10-07 22:16:19"}}
{"target": 6.604666666666667, "params": {"gamma_fc": 0.8168351087916219, "beta_rec": 0.1747201501089225, "k": 2.0, "beta_enc": 0.7, "cue_position": 10.0, "enc_rate": 1.0}, "datetime": {"delta": 20.94663, "elapsed": 1807.316253, "datetime": "2020-10-07 22:16:40"}}
{"target": 6.672888888888889, "params": {"gamma_fc": 0.09357709581748075, "beta_rec": 0.9015625846693213, "k": 2.0, "beta_enc": 0.7, "cue_position": 10.0, "enc_rate": 1.0}, "datetime": {"delta": 20.997108, "elapsed": 1828.313361, "datetime": "2020-10-07 22:17:01"}}
{"target": 6.672222222222222, "params": {"gamma_fc": 0.9727875919326552, "beta_rec": 0.37543483316785775, "k": 2.0, "beta_enc": 0.7, "cue_position": 10.0, "enc_rate": 1.0}, "datetime": {"delta": 21.001392, "elapsed": 1849.314753, "datetime": "2020-10-07 22:17:22"}}
{"target": 6.68, "params": {"gamma_fc": 0.013136356923072245, "beta_rec": 0.6326158167779973, "k": 2.0, "beta_enc": 0.7, "cue_position": 10.0, "enc_rate": 1.0}, "datetime": {"delta": 21.009655, "elapsed": 1870.324408, "datetime": "2020-10-07 22:17:43"}}
{"target": 6.772, "params": {"gamma_fc": 0.13766274094560316, "beta_rec": 0.7300912110901043, "k": 2.0, "beta_enc": 0.7, "cue_position": 10.0, "enc_rate": 1.0}, "datetime": {"delta": 21.166682, "elapsed": 1891.49109, "datetime": "2020-10-07 22:18:04"}}
{"target": 6.665333333333334, "params": {"gamma_fc": 0.33870802548167966, "beta_rec": 0.3199528380776784, "k": 2.0, "beta_enc": 0.7, "cue_position": 10.0, "enc_rate": 1.0}, "datetime": {"delta": 20.996762, "elapsed": 1912.487852, "datetime": "2020-10-07 22:18:25"}}
{"target": 6.659777777777778, "params": {"gamma_fc": 0.5045191697009946, "beta_rec": 0.46385778390029564, "k": 2.0, "beta_enc": 0.7, "cue_position": 10.0, "enc_rate": 1.0}, "datetime": {"delta": 21.039443, "elapsed": 1933.527295, "datetime": "2020-10-07 22:18:46"}}
{"target": 6.573111111111112, "params": {"gamma_fc": 0.8099887106624163, "beta_rec": 0.13033578095435427, "k": 2.0, "beta_enc": 0.7, "cue_position": 10.0, "enc_rate": 1.0}, "datetime": {"delta": 20.881236, "elapsed": 1954.408531, "datetime": "2020-10-07 22:19:07"}}
{"target": 6.7413333333333325, "params": {"gamma_fc": 0.6443610847569929, "beta_rec": 0.6868082266569918, "k": 2.0, "beta_enc": 0.7, "cue_position": 10.0, "enc_rate": 1.0}, "datetime": {"delta": 21.167421, "elapsed": 1975.575952, "datetime": "2020-10-07 22:19:28"}}
{"target": 6.714222222222223, "params": {"gamma_fc": 0.6736984238986317, "beta_rec": 0.8593178060976, "k": 2.0, "beta_enc": 0.7, "cue_position": 10.0, "enc_rate": 1.0}, "datetime": {"delta": 21.181075, "elapsed": 1996.757027, "datetime": "2020-10-07 22:19:49"}}
{"target": 6.695777777777778, "params": {"gamma_fc": 0.8558283672539277, "beta_rec": 0.5605299905360588, "k": 2.0, "beta_enc": 0.7, "cue_position": 10.0, "enc_rate": 1.0}, "datetime": {"delta": 21.173389, "elapsed": 2017.930416, "datetime": "2020-10-07 22:20:10"}}
{"target": 6.6708888888888875, "params": {"gamma_fc": 0.8076984091122095, "beta_rec": 0.2896027461868774, "k": 2.0, "beta_enc": 0.7, "cue_position": 10.0, "enc_rate": 1.0}, "datetime": {"delta": 21.157609, "elapsed": 2039.088025, "datetime": "2020-10-07 22:20:31"}}
{"target": 6.672888888888889, "params": {"gamma_fc": 0.7444731530777321, "beta_rec": 0.7672845084217665, "k": 2.0, "beta_enc": 0.7, "cue_position": 10.0, "enc_rate": 1.0}, "datetime": {"delta": 21.144441, "elapsed": 2060.232466, "datetime": "2020-10-07 22:20:52"}}
{"target": 6.482666666666667, "params": {"gamma_fc": 0.026627884691621473, "beta_rec": 0.1989479234270667, "k": 2.0, "beta_enc": 0.7, "cue_position": 10.0, "enc_rate": 1.0}, "datetime": {"delta": 20.777515, "elapsed": 2081.009981, "datetime": "2020-10-07 22:21:13"}}
{"target": 6.746444444444445, "params": {"gamma_fc": 0.20762566180381437, "beta_rec": 0.7997765368973863, "k": 2.0, "beta_enc": 0.7, "cue_position": 10.0, "enc_rate": 1.0}, "datetime": {"delta": 21.202559, "elapsed": 2102.21254, "datetime": "2020-10-07 22:21:34"}}
{"target": 6.712000000000001, "params": {"gamma_fc": 0.43530595762951996, "beta_rec": 0.5538846110514143, "k": 2.0, "beta_enc": 0.7, "cue_position": 10.0, "enc_rate": 1.0}, "datetime": {"delta": 21.148187, "elapsed": 2123.360727, "datetime": "2020-10-07 22:21:56"}}
{"target": 6.704666666666666, "params": {"gamma_fc": 0.15983365034409336, "beta_rec": 0.47803130796528337, "k": 2.0, "beta_enc": 0.7, "cue_position": 10.0, "enc_rate": 1.0}, "datetime": {"delta": 21.117403, "elapsed": 2144.47813, "datetime": "2020-10-07 22:22:17"}}
{"target": 6.7219999999999995, "params": {"gamma_fc": 0.18874506687718595, "beta_rec": 0.40420190577514725, "k": 2.0, "beta_enc": 0.7, "cue_position": 10.0, "enc_rate": 1.0}, "datetime": {"delta": 21.074122, "elapsed": 2165.552252, "datetime": "2020-10-07 22:22:38"}}
{"target": 6.658222222222221, "params": {"gamma_fc": 0.6382187106203334, "beta_rec": 0.21073239208332073, "k": 2.0, "beta_enc": 0.7, "cue_position": 10.0, "enc_rate": 1.0}, "datetime": {"delta": 20.979625, "elapsed": 2186.531877, "datetime": "2020-10-07 22:22:59"}}
{"target": 6.715999999999999, "params": {"gamma_fc": 0.7821818168314053, "beta_rec": 0.7316064712415088, "k": 2.0, "beta_enc": 0.7, "cue_position": 10.0, "enc_rate": 1.0}, "datetime": {"delta": 21.101586, "elapsed": 2207.633463, "datetime": "2020-10-07 22:23:20"}}
{"target": 6.471333333333334, "params": {"gamma_fc": 0.08010364380604929, "beta_rec": 0.1922500168221477, "k": 2.0, "beta_enc": 0.7, "cue_position": 10.0, "enc_rate": 1.0}, "datetime": {"delta": 20.6729, "elapsed": 2228.306363, "datetime": "2020-10-07 22:23:41"}}
{"target": 6.7620000000000005, "params": {"gamma_fc": 0.20645405888943302, "beta_rec": 0.5306974384761395, "k": 2.0, "beta_enc": 0.7, "cue_position": 10.0, "enc_rate": 1.0}, "datetime": {"delta": 21.155472, "elapsed": 2249.461835, "datetime": "2020-10-07 22:24:02"}}
{"target": 6.649555555555556, "params": {"gamma_fc": 0.7875518396525072, "beta_rec": 0.2615495518329871, "k": 2.0, "beta_enc": 0.7, "cue_position": 10.0, "enc_rate": 1.0}, "datetime": {"delta": 21.036316, "elapsed": 2270.498151, "datetime": "2020-10-07 22:24:23"}}
{"target": 6.569555555555556, "params": {"gamma_fc": 0.7871162896558341, "beta_rec": 0.17716116443841734, "k": 2.0, "beta_enc": 0.7, "cue_position": 10.0, "enc_rate": 1.0}, "datetime": {"delta": 20.877494, "elapsed": 2291.375645, "datetime": "2020-10-07 22:24:44"}}
{"target": 6.800222222222222, "params": {"gamma_fc": 0.2166172083287794, "beta_rec": 0.7400775431590716, "k": 2.0, "beta_enc": 0.7, "cue_position": 10.0, "enc_rate": 1.0}, "datetime": {"delta": 21.278379, "elapsed": 2312.654024, "datetime": "2020-10-07 22:25:05"}}
{"target": 6.560222222222222, "params": {"gamma_fc": 0.8602369974231152, "beta_rec": 0.17654903427708302, "k": 2.0, "beta_enc": 0.7, "cue_position": 10.0, "enc_rate": 1.0}, "datetime": {"delta": 20.861174, "elapsed": 2333.515198, "datetime": "2020-10-07 22:25:26"}}
{"target": 6.750444444444445, "params": {"gamma_fc": 0.2780850486129828, "beta_rec": 0.7587469310223366, "k": 2.0, "beta_enc": 0.7, "cue_position": 10.0, "enc_rate": 1.0}, "datetime": {"delta": 21.156147, "elapsed": 2354.671345, "datetime": "2020-10-07 22:25:47"}}
{"target": 6.654000000000001, "params": {"gamma_fc": 0.706956245248761, "beta_rec": 0.8578971045378938, "k": 2.0, "beta_enc": 0.7, "cue_position": 10.0, "enc_rate": 1.0}, "datetime": {"delta": 21.066737, "elapsed": 2375.738082, "datetime": "2020-10-07 22:26:08"}}
{"target": 6.7024444444444455, "params": {"gamma_fc": 0.4018659239678374, "beta_rec": 0.7703225253299576, "k": 2.0, "beta_enc": 0.7, "cue_position": 10.0, "enc_rate": 1.0}, "datetime": {"delta": 21.066839, "elapsed": 2396.804921, "datetime": "2020-10-07 22:26:29"}}
{"target": 6.772444444444444, "params": {"gamma_fc": 0.12076718430922972, "beta_rec": 0.7748966467245978, "k": 2.0, "beta_enc": 0.7, "cue_position": 10.0, "enc_rate": 1.0}, "datetime": {"delta": 21.175948, "elapsed": 2417.980869, "datetime": "2020-10-07 22:26:50"}}
{"target": 6.799555555555557, "params": {"gamma_fc": 0.13835468979294652, "beta_rec": 0.8830285085638342, "k": 2.0, "beta_enc": 0.7, "cue_position": 10.0, "enc_rate": 1.0}, "datetime": {"delta": 21.226207, "elapsed": 2439.207076, "datetime": "2020-10-07 22:27:11"}}
{"target": 6.704000000000001, "params": {"gamma_fc": 0.8281353607315121, "beta_rec": 0.3241385298974466, "k": 2.0, "beta_enc": 0.7, "cue_position": 10.0, "enc_rate": 1.0}, "datetime": {"delta": 21.090075, "elapsed": 2460.297151, "datetime": "2020-10-07 22:27:33"}}
{"target": 6.782222222222222, "params": {"gamma_fc": 0.31476568732401644, "beta_rec": 0.6749716048091052, "k": 2.0, "beta_enc": 0.7, "cue_position": 10.0, "enc_rate": 1.0}, "datetime": {"delta": 21.2459, "elapsed": 2481.543051, "datetime": "2020-10-07 22:27:54"}}
{"target": 6.712222222222222, "params": {"gamma_fc": 0.6562293317171314, "beta_rec": 0.4476890001456285, "k": 2.0, "beta_enc": 0.7, "cue_position": 10.0, "enc_rate": 1.0}, "datetime": {"delta": 21.085186, "elapsed": 2502.628237, "datetime": "2020-10-07 22:28:15"}}
{"target": 6.709333333333333, "params": {"gamma_fc": 0.5047006080958943, "beta_rec": 0.9093119886549367, "k": 2.0, "beta_enc": 0.7, "cue_position": 10.0, "enc_rate": 1.0}, "datetime": {"delta": 21.099285, "elapsed": 2523.727522, "datetime": "2020-10-07 22:28:36"}}
{"target": 6.436222222222222, "params": {"gamma_fc": 0.5178600481723219, "beta_rec": 0.06780693434095375, "k": 2.0, "beta_enc": 0.7, "cue_position": 10.0, "enc_rate": 1.0}, "datetime": {"delta": 20.651773, "elapsed": 2544.379295, "datetime": "2020-10-07 22:28:57"}}
{"target": 6.661777777777777, "params": {"gamma_fc": 0.9488362882802196, "beta_rec": 0.25163914235585283, "k": 2.0, "beta_enc": 0.7, "cue_position": 10.0, "enc_rate": 1.0}, "datetime": {"delta": 21.045702, "elapsed": 2565.424997, "datetime": "2020-10-07 22:29:18"}}
{"target": 6.183999999999999, "params": {"gamma_fc": 0.3221295136147696, "beta_rec": 0.007932876194523097, "k": 2.0, "beta_enc": 0.7, "cue_position": 10.0, "enc_rate": 1.0}, "datetime": {"delta": 20.213873, "elapsed": 2585.63887, "datetime": "2020-10-07 22:29:38"}}
{"target": 6.69511111111111, "params": {"gamma_fc": 0.2557451938059312, "beta_rec": 0.8227300054219355, "k": 2.0, "beta_enc": 0.7, "cue_position": 10.0, "enc_rate": 1.0}, "datetime": {"delta": 21.183111, "elapsed": 2606.821981, "datetime": "2020-10-07 22:29:59"}}
{"target": 6.552888888888889, "params": {"gamma_fc": 0.49154515001693533, "beta_rec": 0.13433860865569613, "k": 2.0, "beta_enc": 0.7, "cue_position": 10.0, "enc_rate": 1.0}, "datetime": {"delta": 20.899879, "elapsed": 2627.72186, "datetime": "2020-10-07 22:30:20"}}
{"target": 6.740222222222222, "params": {"gamma_fc": 0.1895517028339273, "beta_rec": 0.6834649001663011, "k": 2.0, "beta_enc": 0.7, "cue_position": 10.0, "enc_rate": 1.0}, "datetime": {"delta": 21.191057, "elapsed": 2648.912917, "datetime": "2020-10-07 22:30:41"}}
{"target": 6.49311111111111, "params": {"gamma_fc": 0.7159456994623945, "beta_rec": 0.10345955611640134, "k": 2.0, "beta_enc": 0.7, "cue_position": 10.0, "enc_rate": 1.0}, "datetime": {"delta": 20.748501, "elapsed": 2669.661418, "datetime": "2020-10-07 22:31:02"}}
{"target": 6.694444444444445, "params": {"gamma_fc": 0.7778484768591754, "beta_rec": 0.5070799232841364, "k": 2.0, "beta_enc": 0.7, "cue_position": 10.0, "enc_rate": 1.0}, "datetime": {"delta": 21.05256, "elapsed": 2690.713978, "datetime": "2020-10-07 22:31:23"}}
{"target": 6.588666666666667, "params": {"gamma_fc": 0.4086372250132624, "beta_rec": 0.1797942976929744, "k": 2.0, "beta_enc": 0.7, "cue_position": 10.0, "enc_rate": 1.0}, "datetime": {"delta": 20.899706, "elapsed": 2711.613684, "datetime": "2020-10-07 22:31:44"}}
{"target": 6.695777777777778, "params": {"gamma_fc": 0.6363061258559836, "beta_rec": 0.9752223424373121, "k": 2.0, "beta_enc": 0.7, "cue_position": 10.0, "enc_rate": 1.0}, "datetime": {"delta": 21.062029, "elapsed": 2732.675713, "datetime": "2020-10-07 22:32:05"}}
{"target": 6.729555555555555, "params": {"gamma_fc": 0.43293850873416306, "beta_rec": 0.6195867393685738, "k": 2.0, "beta_enc": 0.7, "cue_position": 10.0, "enc_rate": 1.0}, "datetime": {"delta": 21.100443, "elapsed": 2753.776156, "datetime": "2020-10-07 22:32:26"}}
{"target": 6.766444444444444, "params": {"gamma_fc": 0.2952887943998478, "beta_rec": 0.6973688756131394, "k": 2.0, "beta_enc": 0.7, "cue_position": 10.0, "enc_rate": 1.0}, "datetime": {"delta": 21.171335, "elapsed": 2774.947491, "datetime": "2020-10-07 22:32:47"}}
{"target": 6.711555555555556, "params": {"gamma_fc": 0.585348458938251, "beta_rec": 0.8553564125953698, "k": 2.0, "beta_enc": 0.7, "cue_position": 10.0, "enc_rate": 1.0}, "datetime": {"delta": 21.090649, "elapsed": 2796.03814, "datetime": "2020-10-07 22:33:08"}}
{"target": 6.706888888888889, "params": {"gamma_fc": 0.6824537097668154, "beta_rec": 0.9218683054838154, "k": 2.0, "beta_enc": 0.7, "cue_position": 10.0, "enc_rate": 1.0}, "datetime": {"delta": 21.114621, "elapsed": 2817.152761, "datetime": "2020-10-07 22:33:29"}}
{"target": 6.674000000000001, "params": {"gamma_fc": 0.7797442954825999, "beta_rec": 0.4167239623706961, "k": 2.0, "beta_enc": 0.7, "cue_position": 10.0, "enc_rate": 1.0}, "datetime": {"delta": 21.022186, "elapsed": 2838.174947, "datetime": "2020-10-07 22:33:50"}}
{"target": 6.578666666666668, "params": {"gamma_fc": 0.6884973179489188, "beta_rec": 0.14459772083809674, "k": 2.0, "beta_enc": 0.7, "cue_position": 10.0, "enc_rate": 1.0}, "datetime": {"delta": 20.831041, "elapsed": 2859.005988, "datetime": "2020-10-07 22:34:11"}}
{"target": 6.599555555555556, "params": {"gamma_fc": 0.3553079116201222, "beta_rec": 0.22729754091594956, "k": 2.0, "beta_enc": 0.7, "cue_position": 10.0, "enc_rate": 1.0}, "datetime": {"delta": 20.879491, "elapsed": 2879.885479, "datetime": "2020-10-07 22:34:32"}}
{"target": 6.797333333333333, "params": {"gamma_fc": 0.16994071421725776, "beta_rec": 0.7073166026816995, "k": 2.0, "beta_enc": 0.7, "cue_position": 10.0, "enc_rate": 1.0}, "datetime": {"delta": 21.213292, "elapsed": 2901.098771, "datetime": "2020-10-07 22:34:53"}}
{"target": 6.799333333333334, "params": {"gamma_fc": 0.42893233402990294, "beta_rec": 0.8753327263545391, "k": 2.0, "beta_enc": 0.7, "cue_position": 10.0, "enc_rate": 1.0}, "datetime": {"delta": 21.239863, "elapsed": 2922.338634, "datetime": "2020-10-07 22:35:15"}}
{"target": 6.682444444444445, "params": {"gamma_fc": 0.8003322457764017, "beta_rec": 0.34244064113481054, "k": 2.0, "beta_enc": 0.7, "cue_position": 10.0, "enc_rate": 1.0}, "datetime": {"delta": 21.066312, "elapsed": 2943.404946, "datetime": "2020-10-07 22:35:36"}}
{"target": 6.549111111111111, "params": {"gamma_fc": 0.8596509535692011, "beta_rec": 0.14546561026621996, "k": 2.0, "beta_enc": 0.7, "cue_position": 10.0, "enc_rate": 1.0}, "datetime": {"delta": 20.827426, "elapsed": 2964.232372, "datetime": "2020-10-07 22:35:56"}}
{"target": 6.524222222222223, "params": {"gamma_fc": 0.9482991740726651, "beta_rec": 0.12475130006917923, "k": 2.0, "beta_enc": 0.7, "cue_position": 10.0, "enc_rate": 1.0}, "datetime": {"delta": 20.779256, "elapsed": 2985.011628, "datetime": "2020-10-07 22:36:17"}}
{"target": 6.752222222222223, "params": {"gamma_fc": 0.42803746946827015, "beta_rec": 0.639126848719905, "k": 2.0, "beta_enc": 0.7, "cue_position": 10.0, "enc_rate": 1.0}, "datetime": {"delta": 21.197223, "elapsed": 3006.208851, "datetime": "2020-10-07 22:36:38"}}
{"target": 6.744, "params": {"gamma_fc": 0.06473998344154885, "beta_rec": 0.7511210403719374, "k": 2.0, "beta_enc": 0.7, "cue_position": 10.0, "enc_rate": 1.0}, "datetime": {"delta": 21.172873, "elapsed": 3027.381724, "datetime": "2020-10-07 22:37:00"}}
{"target": 6.699333333333334, "params": {"gamma_fc": 0.6236704109977018, "beta_rec": 0.19949554613856135, "k": 2.0, "beta_enc": 0.7, "cue_position": 10.0, "enc_rate": 1.0}, "datetime": {"delta": 21.183152, "elapsed": 3048.564876, "datetime": "2020-10-07 22:37:21"}}
{"target": 6.389555555555555, "params": {"gamma_fc": 0.3785805932506022, "beta_rec": 0.06103668111967109, "k": 2.0, "beta_enc": 0.7, "cue_position": 10.0, "enc_rate": 1.0}, "datetime": {"delta": 20.567714, "elapsed": 3069.13259, "datetime": "2020-10-07 22:37:41"}}
{"target": 6.672, "params": {"gamma_fc": 0.5256694443509794, "beta_rec": 0.34037929076546725, "k": 2.0, "beta_enc": 0.7, "cue_position": 10.0, "enc_rate": 1.0}, "datetime": {"delta": 21.07229, "elapsed": 3090.20488, "datetime": "2020-10-07 22:38:02"}}
{"target": 6.682666666666667, "params": {"gamma_fc": 0.3824674572709176, "beta_rec": 0.3506565024321674, "k": 2.0, "beta_enc": 0.7, "cue_position": 10.0, "enc_rate": 1.0}, "datetime": {"delta": 21.140788, "elapsed": 3111.345668, "datetime": "2020-10-07 22:38:24"}}
{"target": 6.682666666666667, "params": {"gamma_fc": 0.8891310891074828, "beta_rec": 0.36437807036823044, "k": 2.0, "beta_enc": 0.7, "cue_position": 10.0, "enc_rate": 1.0}, "datetime": {"delta": 21.138789, "elapsed": 3132.484457, "datetime": "2020-10-07 22:38:45"}}
{"target": 6.719333333333334, "params": {"gamma_fc": 0.5564069156709253, "beta_rec": 0.9110192396569683, "k": 2.0, "beta_enc": 0.7, "cue_position": 10.0, "enc_rate": 1.0}, "datetime": {"delta": 21.198982, "elapsed": 3153.683439, "datetime": "2020-10-07 22:39:06"}}
{"target": 6.396888888888889, "params": {"gamma_fc": 0.5711757391862334, "beta_rec": 0.05836264614763165, "k": 2.0, "beta_enc": 0.7, "cue_position": 10.0, "enc_rate": 1.0}, "datetime": {"delta": 20.568012, "elapsed": 3174.251451, "datetime": "2020-10-07 22:39:26"}}
{"target": 6.673777777777778, "params": {"gamma_fc": 0.7084608700517172, "beta_rec": 0.9809236757505815, "k": 2.0, "beta_enc": 0.7, "cue_position": 10.0, "enc_rate": 1.0}, "datetime": {"delta": 21.049388, "elapsed": 3195.300839, "datetime": "2020-10-07 22:39:48"}}
{"target": 6.755111111111111, "params": {"gamma_fc": 0.14222125307278666, "beta_rec": 0.5285334901775651, "k": 2.0, "beta_enc": 0.7, "cue_position": 10.0, "enc_rate": 1.0}, "datetime": {"delta": 21.174075, "elapsed": 3216.474914, "datetime": "2020-10-07 22:40:09"}}
{"target": 6.726000000000001, "params": {"gamma_fc": 0.4090908319168599, "beta_rec": 0.44887883670676554, "k": 2.0, "beta_enc": 0.7, "cue_position": 10.0, "enc_rate": 1.0}, "datetime": {"delta": 21.103756, "elapsed": 3237.57867, "datetime": "2020-10-07 22:40:30"}}
{"target": 6.708444444444444, "params": {"gamma_fc": 0.5035095098483965, "beta_rec": 0.4181361337253158, "k": 2.0, "beta_enc": 0.7, "cue_position": 10.0, "enc_rate": 1.0}, "datetime": {"delta": 21.089392, "elapsed": 3258.668062, "datetime": "2020-10-07 22:40:51"}}
{"target": 6.750888888888889, "params": {"gamma_fc": 0.14360699787420927, "beta_rec": 0.673041054216622, "k": 2.0, "beta_enc": 0.7, "cue_position": 10.0, "enc_rate": 1.0}, "datetime": {"delta": 21.196528, "elapsed": 3279.86459, "datetime": "2020-10-07 22:41:12"}}
{"target": 6.739555555555555, "params": {"gamma_fc": 0.2902979970618682, "beta_rec": 0.7969622519799001, "k": 2.0, "beta_enc": 0.7, "cue_position": 10.0, "enc_rate": 1.0}, "datetime": {"delta": 21.169596, "elapsed": 3301.034186, "datetime": "2020-10-07 22:41:33"}}
{"target": 6.659555555555555, "params": {"gamma_fc": 0.07091840047038722, "beta_rec": 0.3986590599223787, "k": 2.0, "beta_enc": 0.7, "cue_position": 10.0, "enc_rate": 1.0}, "datetime": {"delta": 21.017453, "elapsed": 3322.051639, "datetime": "2020-10-07 22:41:54"}}
{"target": 6.507555555555555, "params": {"gamma_fc": 0.32102631416731586, "beta_rec": 0.11379635644740682, "k": 2.0, "beta_enc": 0.7, "cue_position": 10.0, "enc_rate": 1.0}, "datetime": {"delta": 20.757517, "elapsed": 3342.809156, "datetime": "2020-10-07 22:42:15"}}
{"target": 6.658666666666667, "params": {"gamma_fc": 0.03972870668308481, "beta_rec": 0.8344865140180296, "k": 2.0, "beta_enc": 0.7, "cue_position": 10.0, "enc_rate": 1.0}, "datetime": {"delta": 20.990614, "elapsed": 3363.79977, "datetime": "2020-10-07 22:42:36"}}
{"target": 6.747777777777779, "params": {"gamma_fc": 0.5396491100933506, "beta_rec": 0.3491674129570773, "k": 2.0, "beta_enc": 0.7, "cue_position": 10.0, "enc_rate": 1.0}, "datetime": {"delta": 21.217326, "elapsed": 3385.017096, "datetime": "2020-10-07 22:42:57"}}
{"target": 6.766, "params": {"gamma_fc": 0.32836139008759013, "beta_rec": 0.8770343892703519, "k": 2.0, "beta_enc": 0.7, "cue_position": 10.0, "enc_rate": 1.0}, "datetime": {"delta": 21.18377, "elapsed": 3406.200866, "datetime": "2020-10-07 22:43:18"}}
{"target": 6.665555555555555, "params": {"gamma_fc": 0.8701917462053776, "beta_rec": 0.6714291710812733, "k": 2.0, "beta_enc": 0.7, "cue_position": 10.0, "enc_rate": 1.0}, "datetime": {"delta": 20.999036, "elapsed": 3427.199902, "datetime": "2020-10-07 22:43:39"}}
{"target": 6.652888888888889, "params": {"gamma_fc": 0.8741259355980283, "beta_rec": 0.5715420927253323, "k": 2.0, "beta_enc": 0.7, "cue_position": 10.0, "enc_rate": 1.0}, "datetime": {"delta": 20.976004, "elapsed": 3448.175906, "datetime": "2020-10-07 22:44:00"}}
{"target": 6.683333333333333, "params": {"gamma_fc": 0.5546673107876667, "beta_rec": 0.2838018349468743, "k": 2.0, "beta_enc": 0.7, "cue_position": 10.0, "enc_rate": 1.0}, "datetime": {"delta": 21.054492, "elapsed": 3469.230398, "datetime": "2020-10-07 22:44:21"}}
