{"target": 8.775, "params": {"cue_position": 8.0, "beta_rec": 0.461602080891622, "gamma_fc": 0.7293976982561526, "gamma_cf": 0.0254762357788203, "beta_enc": 0.23507763668617032}, "datetime": {"delta": 8.828155, "elapsed": 1936.141894, "datetime": "2020-06-21 18:38:21"}}
{"target": 7.875, "params": {"cue_position": 8.0, "beta_rec": 0.33039174636170277, "gamma_fc": 0.8646861447635343, "gamma_cf": 0.42844247595107343, "beta_enc": 0.7249167472191191}, "datetime": {"delta": 8.202141, "elapsed": 1944.344035, "datetime": "2020-06-21 18:38:29"}}
{"target": 7.175, "params": {"cue_position": 8.0, "beta_rec": 0.5810356574180902, "gamma_fc": 0.8944324184275724, "gamma_cf": 0.5295466104783949, "beta_enc": 0.6570654246228895}, "datetime": {"delta": 7.747978, "elapsed": 1952.092013, "datetime": "2020-06-21 18:38:37"}}
{"target": 8.533333333333333, "params": {"cue_position": 8.0, "beta_rec": 0.8709456091610533, "gamma_fc": 0.6830743663365642, "gamma_cf": 0.32984456268188234, "beta_enc": 0.30499397583521604}, "datetime": {"delta": 8.654283, "elapsed": 1960.746296, "datetime": "2020-06-21 18:38:46"}}
{"target": 7.35, "params": {"cue_position": 8.0, "beta_rec": 0.07569688175830336, "gamma_fc": 0.8497689100179306, "gamma_cf": 0.1908393632684806, "beta_enc": 0.8992209495659688}, "datetime": {"delta": 7.861497, "elapsed": 1968.607793, "datetime": "2020-06-21 18:38:53"}}
{"target": 7.833333333333333, "params": {"cue_position": 8.0, "beta_rec": 0.34433919545005387, "gamma_fc": 0.8477880437147416, "gamma_cf": 0.6353709614884534, "beta_enc": 0.6671187886992039}, "datetime": {"delta": 8.197056, "elapsed": 1976.804849, "datetime": "2020-06-21 18:39:02"}}
{"target": 7.558333333333334, "params": {"cue_position": 8.0, "beta_rec": 0.6282395971306578, "gamma_fc": 0.1978327846479193, "gamma_cf": 0.5899231270757698, "beta_enc": 0.8218493747640105}, "datetime": {"delta": 8.002119, "elapsed": 1984.806968, "datetime": "2020-06-21 18:39:10"}}
{"target": 7.995833333333334, "params": {"cue_position": 8.0, "beta_rec": 0.3367459987011673, "gamma_fc": 0.992700873664818, "gamma_cf": 0.38023649611726473, "beta_enc": 0.4293307226164923}, "datetime": {"delta": 8.301724, "elapsed": 1993.108692, "datetime": "2020-06-21 18:39:18"}}
{"target": 8.75, "params": {"cue_position": 8.0, "beta_rec": 0.17227970147712546, "gamma_fc": 0.12341885981472989, "gamma_cf": 0.37030569377388767, "beta_enc": 0.5188042507334142}, "datetime": {"delta": 8.809885, "elapsed": 2001.918577, "datetime": "2020-06-21 18:39:27"}}
{"target": 9.0, "params": {"cue_position": 8.0, "beta_rec": 0.4139198457294089, "gamma_fc": 0.14923603230975002, "gamma_cf": 0.9299556236533179, "beta_enc": 0.6345187162918416}, "datetime": {"delta": 8.982487, "elapsed": 2010.901064, "datetime": "2020-06-21 18:39:36"}}
{"target": 7.9375, "params": {"cue_position": 8.0, "beta_rec": 0.46157971096238615, "gamma_fc": 0.48719390907342375, "gamma_cf": 0.7803635232892685, "beta_enc": 0.3948822625368005}, "datetime": {"delta": 8.278098, "elapsed": 2019.179162, "datetime": "2020-06-21 18:39:44"}}
{"target": 8.875, "params": {"cue_position": 8.0, "beta_rec": 0.26199970471933565, "gamma_fc": 0.8211218982189646, "gamma_cf": 0.022271511532804156, "beta_enc": 0.4199935520102408}, "datetime": {"delta": 8.967101, "elapsed": 2028.146263, "datetime": "2020-06-21 18:39:53"}}
{"target": 9.325, "params": {"cue_position": 8.0, "beta_rec": 0.6857568991725472, "gamma_fc": 0.12277212944941995, "gamma_cf": 0.9742126278950913, "beta_enc": 0.18846839966641848}, "datetime": {"delta": 9.272057, "elapsed": 2037.41832, "datetime": "2020-06-21 18:40:02"}}
{"target": 6.641666666666667, "params": {"cue_position": 8.0, "beta_rec": 0.8894424754644789, "gamma_fc": 0.0007643854781880233, "gamma_cf": 0.3092463846587796, "beta_enc": 0.18756989261723955}, "datetime": {"delta": 7.458297, "elapsed": 2044.876617, "datetime": "2020-06-21 18:40:10"}}
{"target": 8.141666666666667, "params": {"cue_position": 8.0, "beta_rec": 0.1454036341712357, "gamma_fc": 0.8730943782696405, "gamma_cf": 0.8963225568040046, "beta_enc": 0.22759773832225305}, "datetime": {"delta": 8.443118, "elapsed": 2053.319735, "datetime": "2020-06-21 18:40:18"}}
{"target": 8.05, "params": {"cue_position": 8.0, "beta_rec": 0.47049767615220905, "gamma_fc": 0.36348868328490525, "gamma_cf": 0.49582639708521237, "beta_enc": 0.7002894376334498}, "datetime": {"delta": 8.400227, "elapsed": 2061.719962, "datetime": "2020-06-21 18:40:27"}}
{"target": 8.829166666666667, "params": {"cue_position": 8.0, "beta_rec": 0.9247408135383717, "gamma_fc": 0.2544381023144221, "gamma_cf": 0.49288087343132025, "beta_enc": 0.27560310276085875}, "datetime": {"delta": 8.958674, "elapsed": 2070.678636, "datetime": "2020-06-21 18:40:36"}}
{"target": 6.575, "params": {"cue_position": 8.0, "beta_rec": 0.38326345680528673, "gamma_fc": 0.19086994317230743, "gamma_cf": 0.7175949621947544, "beta_enc": 0.8849665188380633}, "datetime": {"delta": 7.433788, "elapsed": 2078.112424, "datetime": "2020-06-21 18:40:43"}}
{"target": 8.495833333333334, "params": {"cue_position": 8.0, "beta_rec": 0.8369977822135122, "gamma_fc": 0.24289157496487068, "gamma_cf": 0.5905205476471171, "beta_enc": 0.11819262934703845}, "datetime": {"delta": 8.745057, "elapsed": 2086.857481, "datetime": "2020-06-21 18:40:52"}}
{"target": 8.958333333333334, "params": {"cue_position": 8.0, "beta_rec": 0.638355320741173, "gamma_fc": 0.8805385975643267, "gamma_cf": 0.06748934306754228, "beta_enc": 0.6232471451875841}, "datetime": {"delta": 9.042647, "elapsed": 2095.900128, "datetime": "2020-06-21 18:41:01"}}
{"target": 7.8625, "params": {"cue_position": 8.0, "beta_rec": 0.7638727180664299, "gamma_fc": 0.4287951603487977, "gamma_cf": 0.5913871822675169, "beta_enc": 0.4599567310742584}, "datetime": {"delta": 8.289478, "elapsed": 2104.189606, "datetime": "2020-06-21 18:41:09"}}
{"target": 8.233333333333333, "params": {"cue_position": 8.0, "beta_rec": 0.12671338384692277, "gamma_fc": 0.3028583047175786, "gamma_cf": 0.07934158295831895, "beta_enc": 0.38210064254913956}, "datetime": {"delta": 8.550684, "elapsed": 2112.74029, "datetime": "2020-06-21 18:41:18"}}
{"target": 8.566666666666666, "params": {"cue_position": 8.0, "beta_rec": 0.6150157249710488, "gamma_fc": 0.6783769722513199, "gamma_cf": 0.00838307952503159, "beta_enc": 0.7417048002315554}, "datetime": {"delta": 8.776058, "elapsed": 2121.516348, "datetime": "2020-06-21 18:41:26"}}
{"target": 8.566666666666666, "params": {"cue_position": 8.0, "beta_rec": 0.23090845048417918, "gamma_fc": 0.8442600050750985, "gamma_cf": 0.18498296555082983, "beta_enc": 0.503180690542887}, "datetime": {"delta": 8.778323, "elapsed": 2130.294671, "datetime": "2020-06-21 18:41:35"}}
{"target": 5.591666666666667, "params": {"cue_position": 8.0, "beta_rec": 0.9137396248416316, "gamma_fc": 0.5464545907014307, "gamma_cf": 0.7802245796913637, "beta_enc": 0.9825897893050853}, "datetime": {"delta": 6.741822, "elapsed": 2137.036493, "datetime": "2020-06-21 18:41:42"}}
{"target": 7.425, "params": {"cue_position": 8.0, "beta_rec": 0.48372695118890585, "gamma_fc": 0.10023464310313235, "gamma_cf": 0.7872634475242615, "beta_enc": 0.8164423975559377}, "datetime": {"delta": 7.999144, "elapsed": 2145.035637, "datetime": "2020-06-21 18:41:50"}}
{"target": 8.733333333333333, "params": {"cue_position": 8.0, "beta_rec": 0.36598334666965426, "gamma_fc": 0.39282294499696246, "gamma_cf": 0.9588025156370005, "beta_enc": 0.5370071168405407}, "datetime": {"delta": 8.895671, "elapsed": 2153.931308, "datetime": "2020-06-21 18:41:59"}}
{"target": 8.033333333333333, "params": {"cue_position": 8.0, "beta_rec": 0.7906369935895988, "gamma_fc": 0.6889550482302514, "gamma_cf": 0.3938840078553765, "beta_enc": 0.39297299794161644}, "datetime": {"delta": 8.365311, "elapsed": 2162.296619, "datetime": "2020-06-21 18:42:07"}}
{"target": 8.733333333333333, "params": {"cue_position": 8.0, "beta_rec": 0.1361131542481221, "gamma_fc": 0.2179689300611679, "gamma_cf": 0.3344193926972726, "beta_enc": 0.404001609054379}, "datetime": {"delta": 8.865161, "elapsed": 2171.16178, "datetime": "2020-06-21 18:42:16"}}
{"target": 6.275, "params": {"cue_position": 8.0, "beta_rec": 0.6896393990795577, "gamma_fc": 0.5419710617714415, "gamma_cf": 0.746657472123005, "beta_enc": 0.9257748016364399}, "datetime": {"delta": 7.20628, "elapsed": 2178.36806, "datetime": "2020-06-21 18:42:23"}}
{"target": 7.541666666666667, "params": {"cue_position": 8.0, "beta_rec": 0.9305598192498451, "gamma_fc": 0.2631390239238742, "gamma_cf": 0.1674418575065213, "beta_enc": 0.7005330726195026}, "datetime": {"delta": 8.075371, "elapsed": 2186.443431, "datetime": "2020-06-21 18:42:31"}}
{"target": 8.6875, "params": {"cue_position": 8.0, "beta_rec": 0.978672805158347, "gamma_fc": 0.089630698927462, "gamma_cf": 0.6605983559285987, "beta_enc": 0.07161027944180454}, "datetime": {"delta": 8.853261, "elapsed": 2195.296692, "datetime": "2020-06-21 18:42:40"}}
{"target": 8.370833333333334, "params": {"cue_position": 8.0, "beta_rec": 0.5028243835184045, "gamma_fc": 0.5379877201396809, "gamma_cf": 0.38887340269472437, "beta_enc": 0.21077094208701874}, "datetime": {"delta": 8.632162, "elapsed": 2203.928854, "datetime": "2020-06-21 18:42:49"}}
{"target": 8.1375, "params": {"cue_position": 8.0, "beta_rec": 0.5559002111265755, "gamma_fc": 0.6962700831011029, "gamma_cf": 0.3906104987369058, "beta_enc": 0.33920418488509996}, "datetime": {"delta": 8.486246, "elapsed": 2212.4151, "datetime": "2020-06-21 18:42:57"}}
{"target": 7.7, "params": {"cue_position": 8.0, "beta_rec": 0.6873031493743899, "gamma_fc": 0.6131123353670123, "gamma_cf": 0.3580799140129358, "beta_enc": 0.6784824539979241}, "datetime": {"delta": 8.213558, "elapsed": 2220.628658, "datetime": "2020-06-21 18:43:05"}}
{"target": 7.179166666666666, "params": {"cue_position": 8.0, "beta_rec": 0.5968885249459731, "gamma_fc": 0.7396119625075467, "gamma_cf": 0.4410066204088712, "beta_enc": 0.9357362666081998}, "datetime": {"delta": 7.851538, "elapsed": 2228.480196, "datetime": "2020-06-21 18:43:13"}}
{"target": 5.3, "params": {"cue_position": 8.0, "beta_rec": 0.7647266390004861, "gamma_fc": 0.2772001047825985, "gamma_cf": 0.0053165329611032375, "beta_enc": 0.03760387864960013}, "datetime": {"delta": 6.549204, "elapsed": 2235.0294, "datetime": "2020-06-21 18:43:20"}}
{"target": 7.25, "params": {"cue_position": 8.0, "beta_rec": 0.7679628782813116, "gamma_fc": 0.800994555798356, "gamma_cf": 0.5490534438505197, "beta_enc": 0.5348322325198115}, "datetime": {"delta": 7.87992, "elapsed": 2242.90932, "datetime": "2020-06-21 18:43:28"}}
{"target": 7.508333333333334, "params": {"cue_position": 8.0, "beta_rec": 0.9314470149929107, "gamma_fc": 0.9192375042561725, "gamma_cf": 0.2768064626005866, "beta_enc": 0.6495830548784789}, "datetime": {"delta": 8.065219, "elapsed": 2250.974539, "datetime": "2020-06-21 18:43:36"}}
{"target": 7.120833333333334, "params": {"cue_position": 8.0, "beta_rec": 0.5997403444720987, "gamma_fc": 0.9727203528528249, "gamma_cf": 0.896043491575002, "beta_enc": 0.7650051482981429}, "datetime": {"delta": 7.785564, "elapsed": 2258.760103, "datetime": "2020-06-21 18:43:44"}}
{"target": 4.904166666666667, "params": {"cue_position": 8.0, "beta_rec": 0.13964933368410348, "gamma_fc": 0.01474379089994693, "gamma_cf": 0.07346665436012334, "beta_enc": 0.9985205070898059}, "datetime": {"delta": 6.290974, "elapsed": 2265.051077, "datetime": "2020-06-21 18:43:50"}}
{"target": 5.266666666666667, "params": {"cue_position": 8.0, "beta_rec": 0.09476691645722912, "gamma_fc": 0.4875571674829181, "gamma_cf": 0.6851729969076996, "beta_enc": 0.971820072977926}, "datetime": {"delta": 6.538116, "elapsed": 2271.589193, "datetime": "2020-06-21 18:43:56"}}
{"target": 7.466666666666667, "params": {"cue_position": 8.0, "beta_rec": 0.35364778706700506, "gamma_fc": 0.725642545494869, "gamma_cf": 0.9110179736986265, "beta_enc": 0.3466948813585782}, "datetime": {"delta": 8.071048, "elapsed": 2279.660241, "datetime": "2020-06-21 18:44:04"}}
{"target": 8.979166666666666, "params": {"cue_position": 8.0, "beta_rec": 0.46152125324711457, "gamma_fc": 0.8846818943092944, "gamma_cf": 0.02896618617789848, "beta_enc": 0.025925792784269874}, "datetime": {"delta": 9.052143, "elapsed": 2288.712384, "datetime": "2020-06-21 18:44:14"}}
{"target": 7.945833333333334, "params": {"cue_position": 8.0, "beta_rec": 0.32973507924426093, "gamma_fc": 0.30788244381764673, "gamma_cf": 0.3246383222029966, "beta_enc": 0.7710053579546823}, "datetime": {"delta": 8.342217, "elapsed": 2297.054601, "datetime": "2020-06-21 18:44:22"}}
{"target": 4.416666666666667, "params": {"cue_position": 8.0, "beta_rec": 0.9769161619458502, "gamma_fc": 0.8879964939264646, "gamma_cf": 0.951935167567925, "beta_enc": 0.9281090785007262}, "datetime": {"delta": 5.944443, "elapsed": 2302.999044, "datetime": "2020-06-21 18:44:28"}}
{"target": 8.0125, "params": {"cue_position": 8.0, "beta_rec": 0.3727488020974856, "gamma_fc": 0.6052128951232129, "gamma_cf": 0.455643424642054, "beta_enc": 0.5180325615944087}, "datetime": {"delta": 8.408495, "elapsed": 2311.407539, "datetime": "2020-06-21 18:44:36"}}
{"target": 5.658333333333333, "params": {"cue_position": 8.0, "beta_rec": 0.7739162499564685, "gamma_fc": 0.18490559027840836, "gamma_cf": 0.08899822082237796, "beta_enc": 0.9904061968899467}, "datetime": {"delta": 6.801338, "elapsed": 2318.208877, "datetime": "2020-06-21 18:44:43"}}
{"target": 9.579166666666667, "params": {"cue_position": 8.0, "beta_rec": 0.417102418106858, "gamma_fc": 0.17786474795134855, "gamma_cf": 0.9332023381866817, "beta_enc": 0.5268518758918344}, "datetime": {"delta": 9.466092, "elapsed": 2327.674969, "datetime": "2020-06-21 18:44:52"}}
{"target": 5.741666666666666, "params": {"cue_position": 8.0, "beta_rec": 0.9573949263266688, "gamma_fc": 0.05758350560817371, "gamma_cf": 0.037862587720430496, "beta_enc": 0.8600667708762162}, "datetime": {"delta": 6.857449, "elapsed": 2334.532418, "datetime": "2020-06-21 18:44:59"}}
{"target": 7.916666666666667, "params": {"cue_position": 8.0, "beta_rec": 0.3126811561554764, "gamma_fc": 0.3560164860311865, "gamma_cf": 0.29386248547054417, "beta_enc": 0.005797392917688993}, "datetime": {"delta": 8.350471, "elapsed": 2342.882889, "datetime": "2020-06-21 18:45:08"}}
{"target": 6.595833333333333, "params": {"cue_position": 8.0, "beta_rec": 0.47695092248677795, "gamma_fc": 0.6433579246491355, "gamma_cf": 0.5030051950509548, "beta_enc": 0.9536770184739218}, "datetime": {"delta": 7.444705, "elapsed": 2350.327594, "datetime": "2020-06-21 18:45:15"}}
{"target": 8.091666666666667, "params": {"cue_position": 8.0, "beta_rec": 0.7580616581331086, "gamma_fc": 0.8905068324120895, "gamma_cf": 0.8442498595694283, "beta_enc": 0.111245672567435}, "datetime": {"delta": 8.47129, "elapsed": 2358.798884, "datetime": "2020-06-21 18:45:24"}}
{"target": 8.25, "params": {"cue_position": 8.0, "beta_rec": 0.44380519836651855, "gamma_fc": 0.971320469273211, "gamma_cf": 0.22580692243123512, "beta_enc": 0.38184239675576115}, "datetime": {"delta": 8.579681, "elapsed": 2367.378565, "datetime": "2020-06-21 18:45:32"}}
{"target": 10.158333333333333, "params": {"cue_position": 8.0, "beta_rec": 0.9073961422409973, "gamma_fc": 0.15614956444079475, "gamma_cf": 0.9225044972603934, "beta_enc": 0.28462396896873543}, "datetime": {"delta": 9.89842, "elapsed": 2377.276985, "datetime": "2020-06-21 18:45:42"}}
{"target": 6.866666666666666, "params": {"cue_position": 8.0, "beta_rec": 0.6319949504631371, "gamma_fc": 0.1599187885892832, "gamma_cf": 0.3451159147800812, "beta_enc": 0.8797221435013809}, "datetime": {"delta": 7.645881, "elapsed": 2384.922866, "datetime": "2020-06-21 18:45:50"}}
{"target": 8.625, "params": {"cue_position": 8.0, "beta_rec": 0.08377495384546052, "gamma_fc": 0.6910273415567042, "gamma_cf": 0.19719634646666928, "beta_enc": 0.4443481574461272}, "datetime": {"delta": 8.843285, "elapsed": 2393.766151, "datetime": "2020-06-21 18:45:59"}}
{"target": 8.895833333333334, "params": {"cue_position": 8.0, "beta_rec": 0.8733231340367321, "gamma_fc": 0.034431265307095615, "gamma_cf": 0.6296079567189131, "beta_enc": 0.573802869165353}, "datetime": {"delta": 9.018307, "elapsed": 2402.784458, "datetime": "2020-06-21 18:46:08"}}
{"target": 7.020833333333333, "params": {"cue_position": 8.0, "beta_rec": 0.8632264817138495, "gamma_fc": 0.2528414820768151, "gamma_cf": 0.009872975358918512, "beta_enc": 0.516198461077069}, "datetime": {"delta": 7.796793, "elapsed": 2410.581251, "datetime": "2020-06-21 18:46:15"}}
{"target": 8.425, "params": {"cue_position": 8.0, "beta_rec": 0.047537594227760493, "gamma_fc": 0.04548214567029407, "gamma_cf": 0.49019531224423174, "beta_enc": 0.22384967032752534}, "datetime": {"delta": 8.745582, "elapsed": 2419.326833, "datetime": "2020-06-21 18:46:24"}}
{"target": 8.533333333333333, "params": {"cue_position": 8.0, "beta_rec": 0.6399745691089123, "gamma_fc": 0.5905465222435671, "gamma_cf": 0.26965470115905144, "beta_enc": 0.278328130846902}, "datetime": {"delta": 8.839423, "elapsed": 2428.166256, "datetime": "2020-06-21 18:46:33"}}
{"target": 8.645833333333334, "params": {"cue_position": 8.0, "beta_rec": 0.7025230339614009, "gamma_fc": 0.3533943470016294, "gamma_cf": 0.6332092658064775, "beta_enc": 0.38053407720964005}, "datetime": {"delta": 8.931666, "elapsed": 2437.097922, "datetime": "2020-06-21 18:46:42"}}
{"target": 7.9125, "params": {"cue_position": 8.0, "beta_rec": 0.13320711375110195, "gamma_fc": 0.9380285431563524, "gamma_cf": 0.8048358460157946, "beta_enc": 0.28704394615550866}, "datetime": {"delta": 8.389782, "elapsed": 2445.487704, "datetime": "2020-06-21 18:46:50"}}
{"target": 7.9875, "params": {"cue_position": 8.0, "beta_rec": 0.9331557628232255, "gamma_fc": 0.27463424842386297, "gamma_cf": 0.2835445136036545, "beta_enc": 0.1853805246478023}, "datetime": {"delta": 8.439777, "elapsed": 2453.927481, "datetime": "2020-06-21 18:46:59"}}
{"target": 8.616666666666667, "params": {"cue_position": 8.0, "beta_rec": 0.18528923936855235, "gamma_fc": 0.9473759179539593, "gamma_cf": 0.1853176459376844, "beta_enc": 0.5514315736733725}, "datetime": {"delta": 8.783751, "elapsed": 2462.711232, "datetime": "2020-06-21 18:47:08"}}
{"target": 7.379166666666666, "params": {"cue_position": 8.0, "beta_rec": 0.9639177674239978, "gamma_fc": 0.9676952459611975, "gamma_cf": 0.4843157730323856, "beta_enc": 0.4938246574910856}, "datetime": {"delta": 7.922938, "elapsed": 2470.63417, "datetime": "2020-06-21 18:47:15"}}
{"target": 8.270833333333334, "params": {"cue_position": 8.0, "beta_rec": 0.6323298746664966, "gamma_fc": 0.05935722533895749, "gamma_cf": 0.43383982715272595, "beta_enc": 0.14318978170876284}, "datetime": {"delta": 8.524988, "elapsed": 2479.159158, "datetime": "2020-06-21 18:47:24"}}
{"target": 8.525, "params": {"cue_position": 8.0, "beta_rec": 0.46513394351807746, "gamma_fc": 0.3914303629842686, "gamma_cf": 0.25666098995297626, "beta_enc": 0.4927226011660333}, "datetime": {"delta": 8.688603, "elapsed": 2487.847761, "datetime": "2020-06-21 18:47:33"}}
{"target": 8.633333333333333, "params": {"cue_position": 8.0, "beta_rec": 0.6864434151723641, "gamma_fc": 0.8214467402262973, "gamma_cf": 0.1774295368682619, "beta_enc": 0.24017220722137722}, "datetime": {"delta": 8.772786, "elapsed": 2496.620547, "datetime": "2020-06-21 18:47:41"}}
{"target": 8.0625, "params": {"cue_position": 8.0, "beta_rec": 0.05797581337276703, "gamma_fc": 0.8885421033562281, "gamma_cf": 0.9351531155423887, "beta_enc": 0.2309885592816333}, "datetime": {"delta": 8.384872, "elapsed": 2505.005419, "datetime": "2020-06-21 18:47:50"}}
{"target": 8.733333333333333, "params": {"cue_position": 8.0, "beta_rec": 0.9477640661016069, "gamma_fc": 0.4680495548664728, "gamma_cf": 0.4346547940716735, "beta_enc": 0.28926049548291}, "datetime": {"delta": 8.847942, "elapsed": 2513.853361, "datetime": "2020-06-21 18:47:59"}}
{"target": 7.95, "params": {"cue_position": 8.0, "beta_rec": 0.15803183496381268, "gamma_fc": 0.015443631942760883, "gamma_cf": 0.26551201747238584, "beta_enc": 0.6298530215834227}, "datetime": {"delta": 8.309863, "elapsed": 2522.163224, "datetime": "2020-06-21 18:48:07"}}
{"target": 8.516666666666667, "params": {"cue_position": 8.0, "beta_rec": 0.5514688358127765, "gamma_fc": 0.14578543121477705, "gamma_cf": 0.7802023371197586, "beta_enc": 0.6744988441622575}, "datetime": {"delta": 8.67809, "elapsed": 2530.841314, "datetime": "2020-06-21 18:48:16"}}
{"target": 8.845833333333333, "params": {"cue_position": 8.0, "beta_rec": 0.2923137620392837, "gamma_fc": 0.8699761802716075, "gamma_cf": 0.08793868377060332, "beta_enc": 0.2448806387618836}, "datetime": {"delta": 8.923755, "elapsed": 2539.765069, "datetime": "2020-06-21 18:48:25"}}
{"target": 7.55, "params": {"cue_position": 8.0, "beta_rec": 0.6837103358216379, "gamma_fc": 0.5572682300749138, "gamma_cf": 0.010699003144174157, "beta_enc": 0.08818864557151007}, "datetime": {"delta": 8.051028, "elapsed": 2547.816097, "datetime": "2020-06-21 18:48:33"}}
{"target": 9.629166666666666, "params": {"cue_position": 8.0, "beta_rec": 0.8604566673368852, "gamma_fc": 0.8008593551300331, "gamma_cf": 0.02715882932586222, "beta_enc": 0.9071090552203707}, "datetime": {"delta": 9.435148, "elapsed": 2557.251245, "datetime": "2020-06-21 18:48:42"}}
{"target": 6.516666666666667, "params": {"cue_position": 8.0, "beta_rec": 0.8684881163027721, "gamma_fc": 0.8974982823028202, "gamma_cf": 0.8077788623150765, "beta_enc": 0.805984932289666}, "datetime": {"delta": 7.347329, "elapsed": 2564.598574, "datetime": "2020-06-21 18:48:49"}}
{"target": 7.579166666666667, "params": {"cue_position": 8.0, "beta_rec": 0.5578253037149105, "gamma_fc": 0.6829068676298748, "gamma_cf": 0.6919839045242188, "beta_enc": 0.4538299504900123}, "datetime": {"delta": 8.066791, "elapsed": 2572.665365, "datetime": "2020-06-21 18:48:57"}}
