{"target": 9.741666666666667, "params": {"gamma_cf": 0.6813597548913063, "beta_enc": 0.2847462086131314, "beta_rec": 0.1222612302300028, "cue_position": 1.0, "gamma_fc": 0.8671392999990885}, "datetime": {"delta": 27.397765, "datetime": "2020-06-24 19:44:25", "elapsed": 8987.314536}}
{"target": 9.6875, "params": {"gamma_cf": 0.6465499357511519, "beta_enc": 0.13238149356273743, "beta_rec": 0.798620308278031, "cue_position": 1.0, "gamma_fc": 0.20492214578063384}, "datetime": {"delta": 27.285761, "datetime": "2020-06-24 19:44:52", "elapsed": 9014.600297}}
{"target": 9.566666666666666, "params": {"gamma_cf": 0.477437955592217, "beta_enc": 0.2614207144058379, "beta_rec": 0.41849681753917567, "cue_position": 1.0, "gamma_fc": 0.4674598920453694}, "datetime": {"delta": 26.833059, "datetime": "2020-06-24 19:45:19", "elapsed": 9041.433356}}
{"target": 5.604166666666667, "params": {"gamma_cf": 0.8778014186346996, "beta_enc": 0.8398407101976674, "beta_rec": 0.8701023653075677, "cue_position": 1.0, "gamma_fc": 0.5710087619370731}, "datetime": {"delta": 18.964669, "datetime": "2020-06-24 19:45:38", "elapsed": 9060.398025}}
{"target": 4.9625, "params": {"gamma_cf": 0.31929773707461884, "beta_enc": 0.9640361333390818, "beta_rec": 0.6065443482504677, "cue_position": 1.0, "gamma_fc": 0.681204184117019}, "datetime": {"delta": 17.624511, "datetime": "2020-06-24 19:45:56", "elapsed": 9078.022536}}
{"target": 10.05, "params": {"gamma_cf": 0.6552012872247357, "beta_enc": 0.051965688505360985, "beta_rec": 0.13454642101194225, "cue_position": 1.0, "gamma_fc": 0.1753325917713383}, "datetime": {"delta": 27.127418, "datetime": "2020-06-24 19:46:23", "elapsed": 9105.149954}}
{"target": 9.3125, "params": {"gamma_cf": 0.9642243248492941, "beta_enc": 0.3411468232515472, "beta_rec": 0.04431165583310459, "cue_position": 1.0, "gamma_fc": 0.5091394025163677}, "datetime": {"delta": 25.565825, "datetime": "2020-06-24 19:46:49", "elapsed": 9130.715779}}
{"target": 10.220833333333333, "params": {"gamma_cf": 0.865686014006334, "beta_enc": 0.15107451847143194, "beta_rec": 0.5230085317344643, "cue_position": 1.0, "gamma_fc": 0.39206586893038686}, "datetime": {"delta": 27.201225, "datetime": "2020-06-24 19:47:16", "elapsed": 9157.917004}}
{"target": 7.095833333333333, "params": {"gamma_cf": 0.2542323546573524, "beta_enc": 0.28386751597340265, "beta_rec": 0.7617298626927418, "cue_position": 1.0, "gamma_fc": 0.08408635417992949}, "datetime": {"delta": 21.400859, "datetime": "2020-06-24 19:47:37", "elapsed": 9179.317863}}
{"target": 5.129166666666666, "params": {"gamma_cf": 0.7367109576935199, "beta_enc": 0.8641440947640269, "beta_rec": 0.44789891562027984, "cue_position": 1.0, "gamma_fc": 0.7964888671311956}, "datetime": {"delta": 17.727633, "datetime": "2020-06-24 19:47:55", "elapsed": 9197.045496}}
{"target": 8.308333333333334, "params": {"gamma_cf": 0.030997959828255817, "beta_enc": 0.44750813899031383, "beta_rec": 0.18412755617579835, "cue_position": 1.0, "gamma_fc": 0.9467282696079524}, "datetime": {"delta": 23.721726, "datetime": "2020-06-24 19:48:19", "elapsed": 9220.767222}}
{"target": 7.6125, "params": {"gamma_cf": 0.2516595841523237, "beta_enc": 0.5769778464775016, "beta_rec": 0.875388738450687, "cue_position": 1.0, "gamma_fc": 0.2961299234959044}, "datetime": {"delta": 22.582905, "datetime": "2020-06-24 19:48:41", "elapsed": 9243.350127}}
{"target": 8.808333333333334, "params": {"gamma_cf": 0.509898378143109, "beta_enc": 0.5329225590316532, "beta_rec": 0.9620782128470935, "cue_position": 1.0, "gamma_fc": 0.3437881034368444}, "datetime": {"delta": 25.178483, "datetime": "2020-06-24 19:49:06", "elapsed": 9268.52861}}
{"target": 5.2625, "params": {"gamma_cf": 0.20412249999433585, "beta_enc": 0.7697253449571857, "beta_rec": 0.802866486432424, "cue_position": 1.0, "gamma_fc": 0.06708946032885532}, "datetime": {"delta": 18.474377, "datetime": "2020-06-24 19:49:25", "elapsed": 9287.002987}}
{"target": 10.220833333333333, "params": {"gamma_cf": 0.8730834972744356, "beta_enc": 0.1986482644205615, "beta_rec": 0.2724008501293822, "cue_position": 1.0, "gamma_fc": 0.1282309388454863}, "datetime": {"delta": 28.742767, "datetime": "2020-06-24 19:49:54", "elapsed": 9315.745754}}
{"target": 2.4375, "params": {"gamma_cf": 0.9828807859209906, "beta_enc": 0.958188741714896, "beta_rec": 0.6831708438541465, "cue_position": 1.0, "gamma_fc": 0.41610077261814205}, "datetime": {"delta": 13.417597, "datetime": "2020-06-24 19:50:07", "elapsed": 9329.163351}}
{"target": 7.120833333333334, "params": {"gamma_cf": 0.2991123446608356, "beta_enc": 0.5315834658959018, "beta_rec": 0.6792129501957186, "cue_position": 1.0, "gamma_fc": 0.10538467273003926}, "datetime": {"delta": 22.636818, "datetime": "2020-06-24 19:50:30", "elapsed": 9351.800169}}
{"target": 9.825, "params": {"gamma_cf": 0.8013307032031926, "beta_enc": 0.28493214572214476, "beta_rec": 0.7688528482877579, "cue_position": 1.0, "gamma_fc": 0.5171205319704266}, "datetime": {"delta": 27.984561, "datetime": "2020-06-24 19:50:58", "elapsed": 9379.78473}}
{"target": 8.633333333333333, "params": {"gamma_cf": 0.029528744942020957, "beta_enc": 0.23210002184633505, "beta_rec": 0.6279619269819027, "cue_position": 1.0, "gamma_fc": 0.9033311768168756}, "datetime": {"delta": 25.644119, "datetime": "2020-06-24 19:51:23", "elapsed": 9405.428849}}
{"target": 10.145833333333334, "params": {"gamma_cf": 0.9484584043057936, "beta_enc": 0.4203695688027851, "beta_rec": 0.4261307804247122, "cue_position": 1.0, "gamma_fc": 0.07251552804546335}, "datetime": {"delta": 28.431793, "datetime": "2020-06-24 19:51:52", "elapsed": 9433.860642}}
{"target": 10.029166666666667, "params": {"gamma_cf": 0.49549498136119297, "beta_enc": 0.17270108813227492, "beta_rec": 0.3223574891327107, "cue_position": 1.0, "gamma_fc": 0.8244596107976835}, "datetime": {"delta": 28.227732, "datetime": "2020-06-24 19:52:20", "elapsed": 9462.088374}}
{"target": 6.625, "params": {"gamma_cf": 0.18649268827268528, "beta_enc": 0.8539724149421759, "beta_rec": 0.5958299420587015, "cue_position": 1.0, "gamma_fc": 0.743390512402039}, "datetime": {"delta": 21.66343, "datetime": "2020-06-24 19:52:42", "elapsed": 9483.751804}}
{"target": 7.65, "params": {"gamma_cf": 0.22824910461538594, "beta_enc": 0.23721405764354764, "beta_rec": 0.5394908909265497, "cue_position": 1.0, "gamma_fc": 0.17450118757274402}, "datetime": {"delta": 23.48312, "datetime": "2020-06-24 19:53:05", "elapsed": 9507.234924}}
{"target": 8.033333333333333, "params": {"gamma_cf": 0.10463591174495857, "beta_enc": 0.03973568657585125, "beta_rec": 0.14756883769994755, "cue_position": 1.0, "gamma_fc": 0.2236450455273178}, "datetime": {"delta": 23.945938, "datetime": "2020-06-24 19:53:29", "elapsed": 9531.180862}}
{"target": 8.1375, "params": {"gamma_cf": 0.4135917178017643, "beta_enc": 0.03275719974597713, "beta_rec": 0.6763566354512786, "cue_position": 1.0, "gamma_fc": 0.13930117132372677}, "datetime": {"delta": 23.788178, "datetime": "2020-06-24 19:53:53", "elapsed": 9554.96904}}
{"target": 8.383333333333333, "params": {"gamma_cf": 0.4228418130386131, "beta_enc": 0.3772172876115065, "beta_rec": 0.4244374662396153, "cue_position": 1.0, "gamma_fc": 0.10275656387416432}, "datetime": {"delta": 23.874008, "datetime": "2020-06-24 19:54:17", "elapsed": 9578.843048}}
{"target": 6.1625, "params": {"gamma_cf": 0.2719561124527795, "beta_enc": 0.772580266631544, "beta_rec": 0.1372060034899114, "cue_position": 1.0, "gamma_fc": 0.3010079430799063}, "datetime": {"delta": 19.761409, "datetime": "2020-06-24 19:54:37", "elapsed": 9598.604457}}
{"target": 7.520833333333333, "params": {"gamma_cf": 0.4691344398333771, "beta_enc": 0.6724207725864325, "beta_rec": 0.5177867238134145, "cue_position": 1.0, "gamma_fc": 0.3395408687963035}, "datetime": {"delta": 22.356808, "datetime": "2020-06-24 19:54:59", "elapsed": 9620.961265}}
{"target": 7.333333333333333, "params": {"gamma_cf": 0.5262296648916304, "beta_enc": 0.7044971982481261, "beta_rec": 0.226095202432549, "cue_position": 1.0, "gamma_fc": 0.5006195729230891}, "datetime": {"delta": 22.03895, "datetime": "2020-06-24 19:55:21", "elapsed": 9643.000215}}
{"target": 10.333333333333334, "params": {"gamma_cf": 0.9818244178252573, "beta_enc": 0.25368580688768017, "beta_rec": 0.18615566973666398, "cue_position": 1.0, "gamma_fc": 0.13290623766182708}, "datetime": {"delta": 27.694971, "datetime": "2020-06-24 19:55:49", "elapsed": 9670.695186}}
{"target": 8.35, "params": {"gamma_cf": 0.27875840869343704, "beta_enc": 0.28346243242805713, "beta_rec": 0.800641174283456, "cue_position": 1.0, "gamma_fc": 0.31464760677511183}, "datetime": {"delta": 23.999414, "datetime": "2020-06-24 19:56:13", "elapsed": 9694.6946}}
{"target": 9.891666666666667, "params": {"gamma_cf": 0.8573003334512307, "beta_enc": 0.41994825440192907, "beta_rec": 0.6027867622422961, "cue_position": 1.0, "gamma_fc": 0.6811114704584097}, "datetime": {"delta": 27.253429, "datetime": "2020-06-24 19:56:40", "elapsed": 9721.948029}}
{"target": 8.508333333333333, "params": {"gamma_cf": 0.3073814804278443, "beta_enc": 0.23698206447169834, "beta_rec": 0.92572053533626, "cue_position": 1.0, "gamma_fc": 0.3049656416420632}, "datetime": {"delta": 24.73302, "datetime": "2020-06-24 19:57:05", "elapsed": 9746.681049}}
{"target": 5.675, "params": {"gamma_cf": 0.2777127324734242, "beta_enc": 0.8811683184289046, "beta_rec": 0.1260784803971985, "cue_position": 1.0, "gamma_fc": 0.8272003251393062}, "datetime": {"delta": 19.302344, "datetime": "2020-06-24 19:57:24", "elapsed": 9765.983393}}
{"target": 9.758333333333333, "params": {"gamma_cf": 0.4814458975407394, "beta_enc": 0.3645234475558883, "beta_rec": 0.733366094468834, "cue_position": 1.0, "gamma_fc": 0.8035946264310272}, "datetime": {"delta": 27.799543, "datetime": "2020-06-24 19:57:52", "elapsed": 9793.782936}}
{"target": 9.333333333333334, "params": {"gamma_cf": 0.7533258058943924, "beta_enc": 0.39698821167237397, "beta_rec": 0.16157403985608987, "cue_position": 1.0, "gamma_fc": 0.2801926353730937}, "datetime": {"delta": 26.873388, "datetime": "2020-06-24 19:58:19", "elapsed": 9820.656324}}
{"target": 9.591666666666667, "params": {"gamma_cf": 0.7071876097841823, "beta_enc": 0.45136186123240163, "beta_rec": 0.9004489123860653, "cue_position": 1.0, "gamma_fc": 0.5909005994904067}, "datetime": {"delta": 27.473639, "datetime": "2020-06-24 19:58:46", "elapsed": 9848.129963}}
{"target": 6.7125, "params": {"gamma_cf": 0.39722776623376177, "beta_enc": 0.8173822703971256, "beta_rec": 0.907644646099839, "cue_position": 1.0, "gamma_fc": 0.5614096837184815}, "datetime": {"delta": 21.793405, "datetime": "2020-06-24 19:59:08", "elapsed": 9869.923368}}
{"target": 6.575, "params": {"gamma_cf": 0.2796211794498489, "beta_enc": 0.7339231362848766, "beta_rec": 0.08747276218504352, "cue_position": 1.0, "gamma_fc": 0.42351005310518297}, "datetime": {"delta": 21.38539, "datetime": "2020-06-24 19:59:29", "elapsed": 9891.308758}}
{"target": 9.329166666666667, "params": {"gamma_cf": 0.6204682006051905, "beta_enc": 0.49797863267328835, "beta_rec": 0.660015223526051, "cue_position": 1.0, "gamma_fc": 0.5824398618892226}, "datetime": {"delta": 26.695922, "datetime": "2020-06-24 19:59:56", "elapsed": 9918.00468}}
{"target": 8.3625, "params": {"gamma_cf": 0.3202066542862888, "beta_enc": 0.42833239803885637, "beta_rec": 0.004976364711265391, "cue_position": 1.0, "gamma_fc": 0.1469781258549313}, "datetime": {"delta": 25.063139, "datetime": "2020-06-24 20:00:21", "elapsed": 9943.067819}}
{"target": 8.416666666666666, "params": {"gamma_cf": 0.32084890160086454, "beta_enc": 0.5986638816064357, "beta_rec": 0.6114994766596024, "cue_position": 1.0, "gamma_fc": 0.6532580520244544}, "datetime": {"delta": 24.846892, "datetime": "2020-06-24 20:00:46", "elapsed": 9967.914711}}
{"target": 10.054166666666667, "params": {"gamma_cf": 0.4435038419039351, "beta_enc": 0.19028348267904371, "beta_rec": 0.0058809814446282305, "cue_position": 1.0, "gamma_fc": 0.6978416560498484}, "datetime": {"delta": 27.925757, "datetime": "2020-06-24 20:01:14", "elapsed": 9995.840468}}
{"target": 10.1625, "params": {"gamma_cf": 0.695996510445494, "beta_enc": 0.185043349636976, "beta_rec": 0.06261980198391548, "cue_position": 1.0, "gamma_fc": 0.10281836745431583}, "datetime": {"delta": 27.94355, "datetime": "2020-06-24 20:01:42", "elapsed": 10023.784018}}
{"target": 9.695833333333333, "params": {"gamma_cf": 0.750124248068985, "beta_enc": 0.19583423367499242, "beta_rec": 0.4539526504065199, "cue_position": 1.0, "gamma_fc": 0.1097350212856566}, "datetime": {"delta": 26.468297, "datetime": "2020-06-24 20:02:08", "elapsed": 10050.252315}}
{"target": 7.6, "params": {"gamma_cf": 0.2035603776619016, "beta_enc": 0.6246236071556411, "beta_rec": 0.3873605221444808, "cue_position": 1.0, "gamma_fc": 0.5279187975307311}, "datetime": {"delta": 22.428395, "datetime": "2020-06-24 20:02:31", "elapsed": 10072.68071}}
{"target": 9.629166666666666, "params": {"gamma_cf": 0.18417777656089307, "beta_enc": 0.1721625549559327, "beta_rec": 0.018681005996375344, "cue_position": 1.0, "gamma_fc": 0.6383433300033875}, "datetime": {"delta": 26.191336, "datetime": "2020-06-24 20:02:57", "elapsed": 10098.872046}}
{"target": 9.570833333333333, "params": {"gamma_cf": 0.9894521308362529, "beta_enc": 0.5365748193404329, "beta_rec": 0.7749453799977457, "cue_position": 1.0, "gamma_fc": 0.5152146961620737}, "datetime": {"delta": 26.064925, "datetime": "2020-06-24 20:03:23", "elapsed": 10124.936971}}
{"target": 8.9625, "params": {"gamma_cf": 0.3624653173000254, "beta_enc": 0.47882340118547173, "beta_rec": 0.7494424707521696, "cue_position": 1.0, "gamma_fc": 0.48924478546014216}, "datetime": {"delta": 24.986222, "datetime": "2020-06-24 20:03:48", "elapsed": 10149.923193}}
{"target": 9.170833333333333, "params": {"gamma_cf": 0.46252906034220287, "beta_enc": 0.18913837493884977, "beta_rec": 0.39358341429686194, "cue_position": 1.0, "gamma_fc": 0.2744741128035708}, "datetime": {"delta": 25.566365, "datetime": "2020-06-24 20:04:13", "elapsed": 10175.489558}}
{"target": 7.858333333333333, "params": {"gamma_cf": 0.2929978836283572, "beta_enc": 0.5267158603586157, "beta_rec": 0.029272121403112528, "cue_position": 1.0, "gamma_fc": 0.5774906810135474}, "datetime": {"delta": 23.169013, "datetime": "2020-06-24 20:04:37", "elapsed": 10198.658571}}
{"target": 7.595833333333333, "params": {"gamma_cf": 0.23890995487021205, "beta_enc": 0.7327698532613667, "beta_rec": 0.44033782679643774, "cue_position": 1.0, "gamma_fc": 0.9985990885864799}, "datetime": {"delta": 22.642821, "datetime": "2020-06-24 20:04:59", "elapsed": 10221.301392}}
{"target": 9.8375, "params": {"gamma_cf": 0.49756438460506747, "beta_enc": 0.24287852161976753, "beta_rec": 0.9408284143815248, "cue_position": 1.0, "gamma_fc": 0.8211769648927358}, "datetime": {"delta": 27.323272, "datetime": "2020-06-24 20:05:27", "elapsed": 10248.624664}}
{"target": 7.65, "params": {"gamma_cf": 0.7541750254551594, "beta_enc": 0.7165880467947342, "beta_rec": 0.705580412120669, "cue_position": 1.0, "gamma_fc": 0.9199535770148588}, "datetime": {"delta": 23.437098, "datetime": "2020-06-24 20:05:50", "elapsed": 10272.061762}}
{"target": 8.833333333333334, "params": {"gamma_cf": 0.3907730736706927, "beta_enc": 0.4413517453158379, "beta_rec": 0.5279654841547008, "cue_position": 1.0, "gamma_fc": 0.4672385663332459}, "datetime": {"delta": 25.996538, "datetime": "2020-06-24 20:06:16", "elapsed": 10298.0583}}
{"target": 4.995833333333334, "params": {"gamma_cf": 0.5454711685487195, "beta_enc": 0.8951377108035733, "beta_rec": 0.11055744025544123, "cue_position": 1.0, "gamma_fc": 0.6065354305165435}, "datetime": {"delta": 18.434712, "datetime": "2020-06-24 20:06:34", "elapsed": 10316.493012}}
{"target": 8.279166666666667, "params": {"gamma_cf": 0.0048720479536060735, "beta_enc": 0.029782944129560285, "beta_rec": 0.14674737976077956, "cue_position": 1.0, "gamma_fc": 0.6691577977971368}, "datetime": {"delta": 24.894404, "datetime": "2020-06-24 20:06:59", "elapsed": 10341.387416}}
{"target": 5.3125, "params": {"gamma_cf": 0.6157259286130373, "beta_enc": 0.8702579489225982, "beta_rec": 0.5469683092712408, "cue_position": 1.0, "gamma_fc": 0.30218150041580416}, "datetime": {"delta": 18.993396, "datetime": "2020-06-24 20:07:18", "elapsed": 10360.380812}}
{"target": 7.929166666666666, "params": {"gamma_cf": 0.2015966344081711, "beta_enc": 0.3667319816609417, "beta_rec": 0.5749397272777665, "cue_position": 1.0, "gamma_fc": 0.32752405584828914}, "datetime": {"delta": 24.26348, "datetime": "2020-06-24 20:07:43", "elapsed": 10384.644292}}
{"target": 5.9625, "params": {"gamma_cf": 0.15635692867625162, "beta_enc": 0.742921250389697, "beta_rec": 0.3409202491323421, "cue_position": 1.0, "gamma_fc": 0.1938648596595468}, "datetime": {"delta": 20.295757, "datetime": "2020-06-24 20:08:03", "elapsed": 10404.940049}}
{"target": 9.554166666666667, "params": {"gamma_cf": 0.9025365564222451, "beta_enc": 0.4951123625611782, "beta_rec": 0.6351249610913382, "cue_position": 1.0, "gamma_fc": 0.307160768485095}, "datetime": {"delta": 27.079874, "datetime": "2020-06-24 20:08:30", "elapsed": 10432.019923}}
{"target": 7.1625, "params": {"gamma_cf": 0.2927265620931302, "beta_enc": 0.7533800731255857, "beta_rec": 0.2824280305589726, "cue_position": 1.0, "gamma_fc": 0.41369073619910135}, "datetime": {"delta": 22.562706, "datetime": "2020-06-24 20:08:52", "elapsed": 10454.582629}}
{"target": 10.245833333333334, "params": {"gamma_cf": 0.9630182395955346, "beta_enc": 0.21471569566838056, "beta_rec": 0.31898600647018904, "cue_position": 1.0, "gamma_fc": 0.5039830093987828}, "datetime": {"delta": 28.131753, "datetime": "2020-06-24 20:09:21", "elapsed": 10482.714382}}
{"target": 4.504166666666666, "params": {"gamma_cf": 0.7546222253081317, "beta_enc": 0.9231006825886638, "beta_rec": 0.7461601407734211, "cue_position": 1.0, "gamma_fc": 0.6280230786069259}, "datetime": {"delta": 16.989511, "datetime": "2020-06-24 20:09:38", "elapsed": 10499.703893}}
{"target": 7.633333333333334, "params": {"gamma_cf": 0.30531353144830675, "beta_enc": 0.30375843415186865, "beta_rec": 0.5216593134132719, "cue_position": 1.0, "gamma_fc": 0.012522836886473265}, "datetime": {"delta": 22.909878, "datetime": "2020-06-24 20:10:01", "elapsed": 10522.613771}}
{"target": 9.0375, "params": {"gamma_cf": 0.6253311549032551, "beta_enc": 0.26826282913593635, "beta_rec": 0.7967454755900841, "cue_position": 1.0, "gamma_fc": 0.13280748458041103}, "datetime": {"delta": 25.275462, "datetime": "2020-06-24 20:10:26", "elapsed": 10547.889233}}
{"target": 6.3625, "params": {"gamma_cf": 0.8586117030700126, "beta_enc": 0.7575703592474212, "beta_rec": 0.526905346047344, "cue_position": 1.0, "gamma_fc": 0.9475415511018243}, "datetime": {"delta": 20.09729, "datetime": "2020-06-24 20:10:46", "elapsed": 10567.986523}}
{"target": 8.395833333333334, "params": {"gamma_cf": 0.7271011884036769, "beta_enc": 0.6545375346228315, "beta_rec": 0.8542582098426466, "cue_position": 1.0, "gamma_fc": 0.8587907562669648}, "datetime": {"delta": 23.889754, "datetime": "2020-06-24 20:11:10", "elapsed": 10591.876277}}
{"target": 6.091666666666667, "params": {"gamma_cf": 0.0840212797987252, "beta_enc": 0.9230030407536653, "beta_rec": 0.9020760015248446, "cue_position": 1.0, "gamma_fc": 0.8295737184581491}, "datetime": {"delta": 19.644574, "datetime": "2020-06-24 20:11:29", "elapsed": 10611.520851}}
{"target": 8.304166666666667, "params": {"gamma_cf": 0.03198418437577388, "beta_enc": 0.5389315533076343, "beta_rec": 0.542076154739123, "cue_position": 1.0, "gamma_fc": 0.8779604187251567}, "datetime": {"delta": 24.035402, "datetime": "2020-06-24 20:11:53", "elapsed": 10635.556253}}
{"target": 9.970833333333333, "params": {"gamma_cf": 0.6417491808335967, "beta_enc": 0.03463400133772032, "beta_rec": 0.6931945583783881, "cue_position": 1.0, "gamma_fc": 0.37408018773825613}, "datetime": {"delta": 27.135842, "datetime": "2020-06-24 20:12:21", "elapsed": 10662.692095}}
{"target": 9.625, "params": {"gamma_cf": 0.5652896703655683, "beta_enc": 0.2754620266501041, "beta_rec": 0.5094085814387623, "cue_position": 1.0, "gamma_fc": 0.6631488914643168}, "datetime": {"delta": 26.597113, "datetime": "2020-06-24 20:12:47", "elapsed": 10689.289208}}
{"target": 9.054166666666667, "params": {"gamma_cf": 0.3549025108507734, "beta_enc": 0.44137923095350085, "beta_rec": 0.9721390871214521, "cue_position": 1.0, "gamma_fc": 0.6535310326636594}, "datetime": {"delta": 25.698491, "datetime": "2020-06-24 20:13:13", "elapsed": 10714.987699}}
{"target": 6.616666666666666, "params": {"gamma_cf": 0.10806748517233733, "beta_enc": 0.5426164118717204, "beta_rec": 0.884056212378686, "cue_position": 1.0, "gamma_fc": 0.19127205174117012}, "datetime": {"delta": 21.131658, "datetime": "2020-06-24 20:13:34", "elapsed": 10736.119357}}
{"target": 9.583333333333334, "params": {"gamma_cf": 0.6263588032086836, "beta_enc": 0.38704623260508586, "beta_rec": 0.8540597949343145, "cue_position": 1.0, "gamma_fc": 0.6235518010455583}, "datetime": {"delta": 26.942964, "datetime": "2020-06-24 20:14:01", "elapsed": 10763.062321}}
{"target": 8.783333333333333, "params": {"gamma_cf": 0.29572553442388116, "beta_enc": 0.4080471353479287, "beta_rec": 0.05033512965945175, "cue_position": 1.0, "gamma_fc": 0.39845819654904013}, "datetime": {"delta": 25.728027, "datetime": "2020-06-24 20:14:27", "elapsed": 10788.790348}}
{"target": 8.208333333333334, "params": {"gamma_cf": 0.5498899204719812, "beta_enc": 0.37723956753050947, "beta_rec": 0.6636026316710936, "cue_position": 1.0, "gamma_fc": 0.015421822343255842}, "datetime": {"delta": 24.508104, "datetime": "2020-06-24 20:14:51", "elapsed": 10813.298452}}
{"target": 4.845833333333333, "params": {"gamma_cf": 0.1467479307274827, "beta_enc": 0.9830389835394168, "beta_rec": 0.5984272223880148, "cue_position": 1.0, "gamma_fc": 0.6968783264368051}, "datetime": {"delta": 17.932323, "datetime": "2020-06-24 20:15:09", "elapsed": 10831.230775}}
