{"target": 7.5, "params": {"gamma_cf": 0.30233257263183977, "cue_position": 16.0, "beta_rec": 0.7203244934421581, "gamma_fc": 0.14675589081711304, "beta_enc": 0.417022004702574}, "datetime": {"delta": 0.0, "datetime": "2020-06-14 12:59:40", "elapsed": 0.0}}
{"target": 10.75, "params": {"gamma_cf": 0.39676747423066994, "cue_position": 16.0, "beta_rec": 0.1862602113776709, "gamma_fc": 0.538816734003357, "beta_enc": 0.0923385947687978}, "datetime": {"delta": 0.383964, "datetime": "2020-06-14 12:59:40", "elapsed": 0.383964}}
{"target": 8.875, "params": {"gamma_cf": 0.8781174363909454, "cue_position": 16.0, "beta_rec": 0.6852195003967595, "gamma_fc": 0.027387593197926163, "beta_enc": 0.4191945144032948}, "datetime": {"delta": 0.345312, "datetime": "2020-06-14 12:59:41", "elapsed": 0.729276}}
{"target": 7.5, "params": {"gamma_cf": 0.14038693859523377, "cue_position": 16.0, "beta_rec": 0.41730480236712697, "gamma_fc": 0.1981014890848788, "beta_enc": 0.6704675101784022}, "datetime": {"delta": 0.319554, "datetime": "2020-06-14 12:59:41", "elapsed": 1.04883}}
{"target": 8.375, "params": {"gamma_cf": 0.6923226156693141, "cue_position": 16.0, "beta_rec": 0.9682615757193975, "gamma_fc": 0.8763891522960383, "beta_enc": 0.8007445686755367}, "datetime": {"delta": 0.337738, "datetime": "2020-06-14 12:59:41", "elapsed": 1.386568}}
{"target": 8.25, "params": {"gamma_cf": 0.1698304195645689, "cue_position": 16.0, "beta_rec": 0.08504421136977791, "gamma_fc": 0.8781425034294131, "beta_enc": 0.8946066635038473}, "datetime": {"delta": 0.33399, "datetime": "2020-06-14 12:59:42", "elapsed": 1.720558}}
{"target": 11.5, "params": {"gamma_cf": 0.5331652849730171, "cue_position": 16.0, "beta_rec": 0.42110762500505217, "gamma_fc": 0.6918771139504734, "beta_enc": 0.0983468338330501}, "datetime": {"delta": 0.400205, "datetime": "2020-06-14 12:59:42", "elapsed": 2.120763}}
{"target": 8.875, "params": {"gamma_cf": 0.018288277344191806, "cue_position": 16.0, "beta_rec": 0.6865009276815837, "gamma_fc": 0.7501443149449675, "beta_enc": 0.31551563100606295}, "datetime": {"delta": 0.345412, "datetime": "2020-06-14 12:59:42", "elapsed": 2.466175}}
{"target": 7.5, "params": {"gamma_cf": 0.7892793284514885, "cue_position": 16.0, "beta_rec": 0.7481656543798394, "gamma_fc": 0.10322600657764203, "beta_enc": 0.9888610889064947}, "datetime": {"delta": 0.321057, "datetime": "2020-06-14 12:59:43", "elapsed": 2.787232}}
{"target": 9.0, "params": {"gamma_cf": 0.28777533858634874, "cue_position": 16.0, "beta_rec": 0.9085955030930956, "gamma_fc": 0.13002857211827767, "beta_enc": 0.44789352617590517}, "datetime": {"delta": 0.351473, "datetime": "2020-06-14 12:59:43", "elapsed": 3.138705}}
{"target": 8.125, "params": {"gamma_cf": 0.2655466593722262, "cue_position": 16.0, "beta_rec": 0.678835532939891, "gamma_fc": 0.4915731592803383, "beta_enc": 0.019366957870297075}, "datetime": {"delta": 0.332524, "datetime": "2020-06-14 12:59:43", "elapsed": 3.471229}}
{"target": 12.0, "params": {"gamma_cf": 0.5893055369032842, "cue_position": 16.0, "beta_rec": 0.5741176054920131, "gamma_fc": 0.6997583600209312, "beta_enc": 0.053362545117080384}, "datetime": {"delta": 0.406957, "datetime": "2020-06-14 12:59:44", "elapsed": 3.878186}}
{"target": 9.0, "params": {"gamma_cf": 0.41417926952690265, "cue_position": 16.0, "beta_rec": 0.4140559878195683, "gamma_fc": 0.04995345894608716, "beta_enc": 0.10233442882782584}, "datetime": {"delta": 0.348565, "datetime": "2020-06-14 12:59:44", "elapsed": 4.226751}}
{"target": 7.0, "params": {"gamma_cf": 0.9445947559908133, "cue_position": 16.0, "beta_rec": 0.6637946452197888, "gamma_fc": 0.5865550405019929, "beta_enc": 0.5358964059155116}, "datetime": {"delta": 0.307794, "datetime": "2020-06-14 12:59:44", "elapsed": 4.534545}}
{"target": 6.625, "params": {"gamma_cf": 0.8073912887095238, "cue_position": 16.0, "beta_rec": 0.13747470414623753, "gamma_fc": 0.3976768369855336, "beta_enc": 0.9034019152878835}, "datetime": {"delta": 0.299612, "datetime": "2020-06-14 12:59:45", "elapsed": 4.834157}}
{"target": 8.75, "params": {"gamma_cf": 0.7508121031361555, "cue_position": 16.0, "beta_rec": 0.9275085803960339, "gamma_fc": 0.7259979853504515, "beta_enc": 0.16535419711693278}, "datetime": {"delta": 0.345482, "datetime": "2020-06-14 12:59:45", "elapsed": 5.179639}}
{"target": 7.0, "params": {"gamma_cf": 0.34889834197784253, "cue_position": 16.0, "beta_rec": 0.6236722070556089, "gamma_fc": 0.2699278917650261, "beta_enc": 0.8833060912058098}, "datetime": {"delta": 0.311377, "datetime": "2020-06-14 12:59:45", "elapsed": 5.491016}}
{"target": 6.75, "params": {"gamma_cf": 0.6634414978184481, "cue_position": 16.0, "beta_rec": 0.4280911898712949, "gamma_fc": 0.6216957202091218, "beta_enc": 0.8958862181960668}, "datetime": {"delta": 0.302891, "datetime": "2020-06-14 12:59:46", "elapsed": 5.793907}}
{"target": 9.25, "params": {"gamma_cf": 0.5783896143871318, "cue_position": 16.0, "beta_rec": 0.9494892587070712, "gamma_fc": 0.40813680276128117, "beta_enc": 0.11474597295337519}, "datetime": {"delta": 0.353984, "datetime": "2020-06-14 12:59:46", "elapsed": 6.147891}}
{"target": 9.375, "params": {"gamma_cf": 0.00287032703115897, "cue_position": 16.0, "beta_rec": 0.9033795205622538, "gamma_fc": 0.6171449136207239, "beta_enc": 0.2370269802430277}, "datetime": {"delta": 0.359038, "datetime": "2020-06-14 12:59:46", "elapsed": 6.506929}}
{"target": 10.875, "params": {"gamma_cf": 0.35726976000249977, "cue_position": 16.0, "beta_rec": 0.5270581022576093, "gamma_fc": 0.9085351509197992, "beta_enc": 0.32664490177209615}, "datetime": {"delta": 0.388833, "datetime": "2020-06-14 12:59:47", "elapsed": 6.895762}}
{"target": 7.875, "params": {"gamma_cf": 0.690896917516924, "cue_position": 16.0, "beta_rec": 0.015821242846556283, "gamma_fc": 0.9973228504514805, "beta_enc": 0.6233601157918027}, "datetime": {"delta": 0.328742, "datetime": "2020-06-14 12:59:47", "elapsed": 7.224504}}
{"target": 11.0, "params": {"gamma_cf": 0.6968181614899002, "cue_position": 16.0, "beta_rec": 0.13713574962887776, "gamma_fc": 0.06600017272206249, "beta_enc": 0.17234050834532855}, "datetime": {"delta": 0.388484, "datetime": "2020-06-14 12:59:48", "elapsed": 7.612988}}
{"target": 7.375, "params": {"gamma_cf": 0.7115247586284718, "cue_position": 16.0, "beta_rec": 0.7538761884612464, "gamma_fc": 0.1242709619721647, "beta_enc": 0.7554630526024664}, "datetime": {"delta": 0.315148, "datetime": "2020-06-14 12:59:48", "elapsed": 7.928136}}
{"target": 10.625, "params": {"gamma_cf": 0.2462110676030459, "cue_position": 16.0, "beta_rec": 0.026210986877719278, "gamma_fc": 0.860027948682888, "beta_enc": 0.01988013383979559}, "datetime": {"delta": 0.382485, "datetime": "2020-06-14 12:59:48", "elapsed": 8.310621}}
{"target": 9.75, "params": {"gamma_cf": 0.12417331511991114, "cue_position": 16.0, "beta_rec": 0.5528219786857659, "gamma_fc": 0.2791836790111395, "beta_enc": 0.5388310643416528}, "datetime": {"delta": 0.36584, "datetime": "2020-06-14 12:59:49", "elapsed": 8.676461}}
{"target": 8.75, "params": {"gamma_cf": 0.01864728937294302, "cue_position": 16.0, "beta_rec": 0.9695957483196745, "gamma_fc": 0.8006326726806163, "beta_enc": 0.5857592714582879}, "datetime": {"delta": 0.346219, "datetime": "2020-06-14 12:59:49", "elapsed": 9.02268}}
{"target": 10.625, "params": {"gamma_cf": 0.8635418545594287, "cue_position": 16.0, "beta_rec": 0.8071051956187791, "gamma_fc": 0.7471216427371846, "beta_enc": 0.23297427384102043}, "datetime": {"delta": 0.380933, "datetime": "2020-06-14 12:59:49", "elapsed": 9.403613}}
{"target": 8.75, "params": {"gamma_cf": 0.12134345574073735, "cue_position": 16.0, "beta_rec": 0.13645522566068502, "gamma_fc": 0.044551878544761725, "beta_enc": 0.5562402339904189}, "datetime": {"delta": 0.342499, "datetime": "2020-06-14 12:59:50", "elapsed": 9.746112}}
{"target": 9.375, "params": {"gamma_cf": 0.5597169820541424, "cue_position": 16.0, "beta_rec": 0.2257093386078547, "gamma_fc": 0.012555980159115854, "beta_enc": 0.1074941291060929}, "datetime": {"delta": 0.357314, "datetime": "2020-06-14 12:59:50", "elapsed": 10.103426}}
{"target": 8.75, "params": {"gamma_cf": 0.20329323466099047, "cue_position": 16.0, "beta_rec": 0.967276330000272, "gamma_fc": 0.2523257445703234, "beta_enc": 0.07197427968948678}, "datetime": {"delta": 0.344284, "datetime": "2020-06-14 12:59:50", "elapsed": 10.44771}}
{"target": 6.5, "params": {"gamma_cf": 0.9700199890883123, "cue_position": 16.0, "beta_rec": 0.1954294811093188, "gamma_fc": 0.8468288014900353, "beta_enc": 0.7438258540750929}, "datetime": {"delta": 0.299484, "datetime": "2020-06-14 12:59:51", "elapsed": 10.747194}}
{"target": 8.375, "params": {"gamma_cf": 0.8289808995501787, "cue_position": 16.0, "beta_rec": 0.49376971426872995, "gamma_fc": 0.15679139464608427, "beta_enc": 0.23984775914758616}, "datetime": {"delta": 0.337447, "datetime": "2020-06-14 12:59:51", "elapsed": 11.084641}}
{"target": 8.625, "params": {"gamma_cf": 0.6063294616533303, "cue_position": 16.0, "beta_rec": 0.07002214371922233, "gamma_fc": 0.5688514370864813, "beta_enc": 0.018576202177409518}, "datetime": {"delta": 0.342528, "datetime": "2020-06-14 12:59:51", "elapsed": 11.427169}}
{"target": 10.625, "params": {"gamma_cf": 0.3801411726235504, "cue_position": 16.0, "beta_rec": 0.9886161544124489, "gamma_fc": 0.5509482191178968, "beta_enc": 0.31736240932216075}, "datetime": {"delta": 0.38102, "datetime": "2020-06-14 12:59:52", "elapsed": 11.808189}}
{"target": 7.75, "params": {"gamma_cf": 0.06633483442844157, "cue_position": 16.0, "beta_rec": 0.6692328934531846, "gamma_fc": 0.3700841979141063, "beta_enc": 0.7453344309065021}, "datetime": {"delta": 0.324494, "datetime": "2020-06-14 12:59:52", "elapsed": 12.132683}}
{"target": 9.75, "params": {"gamma_cf": 0.06653648135411494, "cue_position": 16.0, "beta_rec": 0.2101740099148396, "gamma_fc": 0.26031509857854096, "beta_enc": 0.6297175070215645}, "datetime": {"delta": 0.363474, "datetime": "2020-06-14 12:59:52", "elapsed": 12.496157}}
{"target": 8.875, "params": {"gamma_cf": 0.5246703091237337, "cue_position": 16.0, "beta_rec": 0.19343428262332774, "gamma_fc": 0.9248079703993507, "beta_enc": 0.8047545637433454}, "datetime": {"delta": 0.345613, "datetime": "2020-06-14 12:59:53", "elapsed": 12.84177}}
{"target": 9.625, "params": {"gamma_cf": 0.7721780295432468, "cue_position": 16.0, "beta_rec": 0.06596109068402378, "gamma_fc": 0.907815852503524, "beta_enc": 0.263296770487111}, "datetime": {"delta": 0.362252, "datetime": "2020-06-14 12:59:53", "elapsed": 13.204022}}
{"target": 5.375, "params": {"gamma_cf": 0.6167783570016576, "cue_position": 16.0, "beta_rec": 0.013951572975597015, "gamma_fc": 0.9490163206876164, "beta_enc": 0.9319720691968373}, "datetime": {"delta": 0.276677, "datetime": "2020-06-14 12:59:53", "elapsed": 13.480699}}
{"target": 7.75, "params": {"gamma_cf": 0.6415662089463375, "cue_position": 16.0, "beta_rec": 0.5566531881951564, "gamma_fc": 0.39000771414124624, "beta_enc": 0.9501761192470797}, "datetime": {"delta": 0.32354, "datetime": "2020-06-14 12:59:54", "elapsed": 13.804239}}
{"target": 9.625, "params": {"gamma_cf": 0.9261814267064536, "cue_position": 16.0, "beta_rec": 0.6043104829199732, "gamma_fc": 0.9187334356336061, "beta_enc": 0.48599066709690975}, "datetime": {"delta": 0.362704, "datetime": "2020-06-14 12:59:54", "elapsed": 14.166943}}
{"target": 7.0, "params": {"gamma_cf": 0.12632951943963733, "cue_position": 16.0, "beta_rec": 0.9632625284407118, "gamma_fc": 0.13507915804673132, "beta_enc": 0.3948756129235549}, "datetime": {"delta": 0.308085, "datetime": "2020-06-14 12:59:54", "elapsed": 14.475028}}
{"target": 8.625, "params": {"gamma_cf": 0.8271154711707325, "cue_position": 16.0, "beta_rec": 0.021524805274197978, "gamma_fc": 0.015018980742122379, "beta_enc": 0.5056621656768967}, "datetime": {"delta": 0.343395, "datetime": "2020-06-14 12:59:55", "elapsed": 14.818423}}
{"target": 10.5, "params": {"gamma_cf": 0.8094906921265821, "cue_position": 16.0, "beta_rec": 0.332063574366837, "gamma_fc": 0.34473665268329345, "beta_enc": 0.17619625557505525}, "datetime": {"delta": 0.383508, "datetime": "2020-06-14 12:59:55", "elapsed": 15.201931}}
{"target": 6.125, "params": {"gamma_cf": 0.8447344453922219, "cue_position": 16.0, "beta_rec": 0.58201417994708, "gamma_fc": 0.9053923187086492, "beta_enc": 0.9401074823333672}, "datetime": {"delta": 0.293157, "datetime": "2020-06-14 12:59:55", "elapsed": 15.495088}}
{"target": 9.125, "params": {"gamma_cf": 0.28571885173414757, "cue_position": 16.0, "beta_rec": 0.5463468160203733, "gamma_fc": 0.4902535226199277, "beta_enc": 0.45988026581680697}, "datetime": {"delta": 0.349881, "datetime": "2020-06-14 12:59:56", "elapsed": 15.844969}}
{"target": 7.375, "params": {"gamma_cf": 0.4336763489894583, "cue_position": 16.0, "beta_rec": 0.015533275550835723, "gamma_fc": 0.8073605288848414, "beta_enc": 0.5991103076458784}, "datetime": {"delta": 0.317507, "datetime": "2020-06-14 12:59:56", "elapsed": 16.162476}}
{"target": 7.875, "params": {"gamma_cf": 0.18401020162746506, "cue_position": 16.0, "beta_rec": 0.8928887085251513, "gamma_fc": 0.7879292338255043, "beta_enc": 0.31524480309537295}, "datetime": {"delta": 0.324083, "datetime": "2020-06-14 12:59:56", "elapsed": 16.486559}}
{"target": 8.125, "params": {"gamma_cf": 0.6790688365654296, "cue_position": 16.0, "beta_rec": 0.053909272073752956, "gamma_fc": 0.9186017779775258, "beta_enc": 0.6120311770449339}, "datetime": {"delta": 0.331481, "datetime": "2020-06-14 12:59:57", "elapsed": 16.81804}}
{"target": 11.0, "params": {"gamma_cf": 0.9737835383583225, "cue_position": 16.0, "beta_rec": 0.9767591490310596, "gamma_fc": 0.604716100974053, "beta_enc": 0.00040202489135743313}, "datetime": {"delta": 0.387573, "datetime": "2020-06-14 12:59:57", "elapsed": 17.205613}}
{"target": 8.25, "params": {"gamma_cf": 0.28557628169569393, "cue_position": 16.0, "beta_rec": 0.5747115047081023, "gamma_fc": 0.586833340656083, "beta_enc": 0.828845807980693}, "datetime": {"delta": 0.334443, "datetime": "2020-06-14 12:59:57", "elapsed": 17.540056}}
{"target": 9.25, "params": {"gamma_cf": 0.698057248447303, "cue_position": 16.0, "beta_rec": 0.8583138364290424, "gamma_fc": 0.8644794300545998, "beta_enc": 0.7500217637026599}, "datetime": {"delta": 0.352617, "datetime": "2020-06-14 12:59:58", "elapsed": 17.892673}}
{"target": 9.75, "params": {"gamma_cf": 0.3821027520315172, "cue_position": 16.0, "beta_rec": 0.6707887907875872, "gamma_fc": 0.4108113499221856, "beta_enc": 0.32268099683674645}, "datetime": {"delta": 0.365305, "datetime": "2020-06-14 12:59:58", "elapsed": 18.257978}}
{"target": 10.75, "params": {"gamma_cf": 0.43024727082126435, "cue_position": 16.0, "beta_rec": 0.3173839459582769, "gamma_fc": 0.9738020779272523, "beta_enc": 0.4014795834695406}, "datetime": {"delta": 0.382527, "datetime": "2020-06-14 12:59:59", "elapsed": 18.640505}}
{"target": 9.375, "params": {"gamma_cf": 0.343346239774423, "cue_position": 16.0, "beta_rec": 0.19856988842711087, "gamma_fc": 0.7976388039585666, "beta_enc": 0.6778008914343111}, "datetime": {"delta": 0.359401, "datetime": "2020-06-14 12:59:59", "elapsed": 18.999906}}
{"target": 7.625, "params": {"gamma_cf": 0.2702082620297578, "cue_position": 16.0, "beta_rec": 0.903841955826372, "gamma_fc": 0.25236670150458973, "beta_enc": 0.8799982885634318}, "datetime": {"delta": 0.318799, "datetime": "2020-06-14 12:59:59", "elapsed": 19.318705}}
{"target": 8.375, "params": {"gamma_cf": 0.5724885171916063, "cue_position": 16.0, "beta_rec": 0.5277146463087466, "gamma_fc": 0.7331425252875111, "beta_enc": 0.8548979426974024}, "datetime": {"delta": 0.337741, "datetime": "2020-06-14 13:00:00", "elapsed": 19.656446}}
{"target": 9.375, "params": {"gamma_cf": 0.4657098785919809, "cue_position": 16.0, "beta_rec": 0.770883910501888, "gamma_fc": 0.3426889079532818, "beta_enc": 0.5190116274640558}, "datetime": {"delta": 0.373678, "datetime": "2020-06-14 13:00:00", "elapsed": 20.030124}}
{"target": 10.5, "params": {"gamma_cf": 0.982817113730445, "cue_position": 16.0, "beta_rec": 0.37792417932809985, "gamma_fc": 0.18161285133076377, "beta_enc": 0.06820934841670412}, "datetime": {"delta": 0.380554, "datetime": "2020-06-14 13:00:00", "elapsed": 20.410678}}
{"target": 7.875, "params": {"gamma_cf": 0.5694944127453757, "cue_position": 16.0, "beta_rec": 0.8749616449558981, "gamma_fc": 0.16097143681560877, "beta_enc": 0.8118586977205398}, "datetime": {"delta": 0.325337, "datetime": "2020-06-14 13:00:01", "elapsed": 20.736015}}
{"target": 9.625, "params": {"gamma_cf": 0.5925118687657968, "cue_position": 16.0, "beta_rec": 0.345172051155215, "gamma_fc": 0.31226983770191696, "beta_enc": 0.4668800227633063}, "datetime": {"delta": 0.364709, "datetime": "2020-06-14 13:00:01", "elapsed": 21.100724}}
{"target": 6.125, "params": {"gamma_cf": 0.1108913007440292, "cue_position": 16.0, "beta_rec": 0.9096355249515571, "gamma_fc": 0.19296273201911285, "beta_enc": 0.9163055534683507}, "datetime": {"delta": 0.290619, "datetime": "2020-06-14 13:00:01", "elapsed": 21.391343}}
{"target": 9.875, "params": {"gamma_cf": 0.24803355837723073, "cue_position": 16.0, "beta_rec": 0.7285856679745962, "gamma_fc": 0.851671874936367, "beta_enc": 0.49958417067888605}, "datetime": {"delta": 0.36828, "datetime": "2020-06-14 13:00:02", "elapsed": 21.759623}}
{"target": 10.125, "params": {"gamma_cf": 0.10196725942579743, "cue_position": 16.0, "beta_rec": 0.6166850671552362, "gamma_fc": 0.5158570169685298, "beta_enc": 0.41584871826752734}, "datetime": {"delta": 0.373408, "datetime": "2020-06-14 13:00:02", "elapsed": 22.133031}}
{"target": 10.625, "params": {"gamma_cf": 0.5440101188139381, "cue_position": 16.0, "beta_rec": 0.15267164409316325, "gamma_fc": 0.6541373469707443, "beta_enc": 0.47714098704978236}, "datetime": {"delta": 0.381814, "datetime": "2020-06-14 13:00:02", "elapsed": 22.514845}}
{"target": 9.625, "params": {"gamma_cf": 0.519351824366033, "cue_position": 16.0, "beta_rec": 0.7515278171352439, "gamma_fc": 0.7852960282216189, "beta_enc": 0.1445455401246598}, "datetime": {"delta": 0.361509, "datetime": "2020-06-14 13:00:03", "elapsed": 22.876354}}
{"target": 10.875, "params": {"gamma_cf": 0.8447096076020696, "cue_position": 16.0, "beta_rec": 0.3243624597261865, "gamma_fc": 0.5384405925945437, "beta_enc": 0.02233042799180618}, "datetime": {"delta": 0.387862, "datetime": "2020-06-14 13:00:03", "elapsed": 23.264216}}
{"target": 9.5, "params": {"gamma_cf": 0.8541154438365387, "cue_position": 16.0, "beta_rec": 0.9498059913536265, "gamma_fc": 0.09874340182034835, "beta_enc": 0.866608274166513}, "datetime": {"delta": 0.35898, "datetime": "2020-06-14 13:00:04", "elapsed": 23.623196}}
{"target": 7.375, "params": {"gamma_cf": 0.799615261736028, "cue_position": 16.0, "beta_rec": 0.703516988152653, "gamma_fc": 0.03457121987163425, "beta_enc": 0.651304332340991}, "datetime": {"delta": 0.318833, "datetime": "2020-06-14 13:00:04", "elapsed": 23.942029}}
{"target": 9.5, "params": {"gamma_cf": 0.2570692988221467, "cue_position": 16.0, "beta_rec": 0.731728600739527, "gamma_fc": 0.6323033174301278, "beta_enc": 0.7702387345549799}, "datetime": {"delta": 0.359351, "datetime": "2020-06-14 13:00:04", "elapsed": 24.30138}}
{"target": 10.375, "params": {"gamma_cf": 0.7827494147841719, "cue_position": 16.0, "beta_rec": 0.7965886780072875, "gamma_fc": 0.9904717836238407, "beta_enc": 0.34529746159108154}, "datetime": {"delta": 0.379746, "datetime": "2020-06-14 13:00:05", "elapsed": 24.681126}}
{"target": 11.125, "params": {"gamma_cf": 0.5415593788873733, "cue_position": 16.0, "beta_rec": 0.14300582825809938, "gamma_fc": 0.9747403708550822, "beta_enc": 0.30024833953390007}, "datetime": {"delta": 0.392494, "datetime": "2020-06-14 13:00:05", "elapsed": 25.07362}}
{"target": 8.875, "params": {"gamma_cf": 0.5264259339055213, "cue_position": 16.0, "beta_rec": 0.9939130246104789, "gamma_fc": 0.1354279030721699, "beta_enc": 0.6366044000018972}, "datetime": {"delta": 0.348311, "datetime": "2020-06-14 13:00:05", "elapsed": 25.421931}}
{"target": 8.25, "params": {"gamma_cf": 0.7456371927074961, "cue_position": 16.0, "beta_rec": 0.026218567296373285, "gamma_fc": 0.03039968992878883, "beta_enc": 0.3557051709838811}, "datetime": {"delta": 0.332554, "datetime": "2020-06-14 13:00:06", "elapsed": 25.754485}}
{"target": 8.625, "params": {"gamma_cf": 0.6909421420661686, "cue_position": 16.0, "beta_rec": 0.8623462528380441, "gamma_fc": 0.18863680095531088, "beta_enc": 0.36654309724374434}, "datetime": {"delta": 0.342479, "datetime": "2020-06-14 13:00:06", "elapsed": 26.096964}}
{"target": 9.625, "params": {"gamma_cf": 0.20390622523312185, "cue_position": 16.0, "beta_rec": 0.5815774073442912, "gamma_fc": 0.24773290176235485, "beta_enc": 0.44190428074842336}, "datetime": {"delta": 0.361153, "datetime": "2020-06-14 13:00:06", "elapsed": 26.458117}}
{"target": 7.375, "params": {"gamma_cf": 0.05692943841109499, "cue_position": 16.0, "beta_rec": 0.7501724132979928, "gamma_fc": 0.5085162406102396, "beta_enc": 0.26217308377291193}, "datetime": {"delta": 0.317673, "datetime": "2020-06-14 13:00:07", "elapsed": 26.77579}}
{"target": 9.0, "params": {"gamma_cf": 0.02760601195450363, "cue_position": 16.0, "beta_rec": 0.7986042447602102, "gamma_fc": 0.593432449464621, "beta_enc": 0.21196016464367595}, "datetime": {"delta": 0.347071, "datetime": "2020-06-14 13:00:07", "elapsed": 27.122861}}
{"target": 7.625, "params": {"gamma_cf": 0.5111414782971282, "cue_position": 16.0, "beta_rec": 0.3810161240622142, "gamma_fc": 0.5409518049621886, "beta_enc": 0.8438404289311888}, "datetime": {"delta": 0.323293, "datetime": "2020-06-14 13:00:07", "elapsed": 27.446154}}
{"target": 8.0, "params": {"gamma_cf": 0.7093872512312951, "cue_position": 16.0, "beta_rec": 0.8039608914986468, "gamma_fc": 0.46500148156350607, "beta_enc": 0.9594343210617524}, "datetime": {"delta": 0.329847, "datetime": "2020-06-14 13:00:08", "elapsed": 27.776001}}
