{"target": 6.7284444444444444, "params": {"gamma_fc": 0.372756089004083, "beta_rec": 0.9575917415564311, "k": 2.0, "beta_enc": 0.7, "cue_position": 10.0, "enc_rate": 1.0}, "datetime": {"delta": 32.102687, "elapsed": 5671.3678, "datetime": "2020-10-07 23:21:04"}}
{"target": 6.732444444444445, "params": {"gamma_fc": 0.5310155302024175, "beta_rec": 1.0, "k": 2.0, "beta_enc": 0.7, "cue_position": 10.0, "enc_rate": 1.0}, "datetime": {"delta": 32.150113, "elapsed": 5703.517913, "datetime": "2020-10-07 23:21:36"}}
{"target": 6.645777777777778, "params": {"gamma_fc": 0.7249599512030898, "beta_rec": 0.31838966357672127, "k": 2.0, "beta_enc": 0.7, "cue_position": 10.0, "enc_rate": 1.0}, "datetime": {"delta": 31.676652, "elapsed": 5735.194565, "datetime": "2020-10-07 23:22:07"}}
{"target": 6.745777777777778, "params": {"gamma_fc": 0.4041963412012362, "beta_rec": 0.7024424909781822, "k": 2.0, "beta_enc": 0.7, "cue_position": 10.0, "enc_rate": 1.0}, "datetime": {"delta": 32.069954, "elapsed": 5767.264519, "datetime": "2020-10-07 23:22:40"}}
{"target": 6.624, "params": {"gamma_fc": 0.4690435468839549, "beta_rec": 0.2519770372851034, "k": 2.0, "beta_enc": 0.7, "cue_position": 10.0, "enc_rate": 1.0}, "datetime": {"delta": 31.509853, "elapsed": 5798.774372, "datetime": "2020-10-07 23:23:11"}}
{"target": 6.764888888888889, "params": {"gamma_fc": 0.2919335091040454, "beta_rec": 0.930117351628039, "k": 2.0, "beta_enc": 0.7, "cue_position": 10.0, "enc_rate": 1.0}, "datetime": {"delta": 31.576926, "elapsed": 5830.351298, "datetime": "2020-10-07 23:23:43"}}
{"target": 6.658888888888891, "params": {"gamma_fc": 0.9594198272577008, "beta_rec": 0.5770505741783072, "k": 2.0, "beta_enc": 0.7, "cue_position": 10.0, "enc_rate": 1.0}, "datetime": {"delta": 31.542473, "elapsed": 5861.893771, "datetime": "2020-10-07 23:24:14"}}
{"target": 6.750666666666666, "params": {"gamma_fc": 0.3156856121605211, "beta_rec": 0.8440485363750827, "k": 2.0, "beta_enc": 0.7, "cue_position": 10.0, "enc_rate": 1.0}, "datetime": {"delta": 32.326458, "elapsed": 5894.220229, "datetime": "2020-10-07 23:24:46"}}
{"target": 6.676222222222222, "params": {"gamma_fc": 1.0, "beta_rec": 0.44370216463426776, "k": 2.0, "beta_enc": 0.7, "cue_position": 10.0, "enc_rate": 1.0}, "datetime": {"delta": 32.097195, "elapsed": 5926.317424, "datetime": "2020-10-07 23:25:19"}}
{"target": 6.779333333333334, "params": {"gamma_fc": 0.4656284674026351, "beta_rec": 0.5858958986224737, "k": 2.0, "beta_enc": 0.7, "cue_position": 10.0, "enc_rate": 1.0}, "datetime": {"delta": 32.440092, "elapsed": 5958.757516, "datetime": "2020-10-07 23:25:51"}}
{"target": 6.686, "params": {"gamma_fc": 0.0, "beta_rec": 0.47733398322567727, "k": 2.0, "beta_enc": 0.7, "cue_position": 10.0, "enc_rate": 1.0}, "datetime": {"delta": 32.057739, "elapsed": 5990.815255, "datetime": "2020-10-07 23:26:23"}}
{"target": 6.773777777777778, "params": {"gamma_fc": 0.23461557458456772, "beta_rec": 0.556286728598764, "k": 2.0, "beta_enc": 0.7, "cue_position": 10.0, "enc_rate": 1.0}, "datetime": {"delta": 32.956286, "elapsed": 6023.771541, "datetime": "2020-10-07 23:26:56"}}
{"target": 6.133333333333333, "params": {"gamma_fc": 0.14981834314719636, "beta_rec": 0.0, "k": 2.0, "beta_enc": 0.7, "cue_position": 10.0, "enc_rate": 1.0}, "datetime": {"delta": 31.521727, "elapsed": 6055.293268, "datetime": "2020-10-07 23:27:28"}}
{"target": 6.710666666666667, "params": {"gamma_fc": 0.5766847502687544, "beta_rec": 0.33961178329878267, "k": 2.0, "beta_enc": 0.7, "cue_position": 10.0, "enc_rate": 1.0}, "datetime": {"delta": 32.867135, "elapsed": 6088.160403, "datetime": "2020-10-07 23:28:00"}}
{"target": 6.742444444444445, "params": {"gamma_fc": 0.4888015184938523, "beta_rec": 0.7549165419040137, "k": 2.0, "beta_enc": 0.7, "cue_position": 10.0, "enc_rate": 1.0}, "datetime": {"delta": 32.975252, "elapsed": 6121.135655, "datetime": "2020-10-07 23:28:33"}}
{"target": 6.7364444444444445, "params": {"gamma_fc": 0.09171900935998945, "beta_rec": 0.6375969275568862, "k": 2.0, "beta_enc": 0.7, "cue_position": 10.0, "enc_rate": 1.0}, "datetime": {"delta": 32.430731, "elapsed": 6153.566386, "datetime": "2020-10-07 23:29:06"}}
{"target": 6.652222222222223, "params": {"gamma_fc": 0.24062434912448452, "beta_rec": 0.35549399023427997, "k": 2.0, "beta_enc": 0.7, "cue_position": 10.0, "enc_rate": 1.0}, "datetime": {"delta": 32.000887, "elapsed": 6185.567273, "datetime": "2020-10-07 23:29:38"}}
{"target": 6.698222222222222, "params": {"gamma_fc": 0.5310494668314888, "beta_rec": 0.9501784497888656, "k": 2.0, "beta_enc": 0.7, "cue_position": 10.0, "enc_rate": 1.0}, "datetime": {"delta": 32.705298, "elapsed": 6218.272571, "datetime": "2020-10-07 23:30:11"}}
{"target": 6.762444444444445, "params": {"gamma_fc": 0.3303935243060175, "beta_rec": 0.7118459579278176, "k": 2.0, "beta_enc": 0.7, "cue_position": 10.0, "enc_rate": 1.0}, "datetime": {"delta": 33.3187, "elapsed": 6251.591271, "datetime": "2020-10-07 23:30:44"}}
{"target": 6.718000000000001, "params": {"gamma_fc": 0.43650209035547866, "beta_rec": 0.4149047216626359, "k": 2.0, "beta_enc": 0.7, "cue_position": 10.0, "enc_rate": 1.0}, "datetime": {"delta": 32.8984, "elapsed": 6284.489671, "datetime": "2020-10-07 23:31:17"}}
{"target": 6.8051111111111116, "params": {"gamma_fc": 0.22566093879599514, "beta_rec": 0.6925897018664704, "k": 2.0, "beta_enc": 0.7, "cue_position": 10.0, "enc_rate": 1.0}, "datetime": {"delta": 33.430416, "elapsed": 6317.920087, "datetime": "2020-10-07 23:31:50"}}
{"target": 6.1562222222222225, "params": {"gamma_fc": 1.0, "beta_rec": 0.0, "k": 2.0, "beta_enc": 0.7, "cue_position": 10.0, "enc_rate": 1.0}, "datetime": {"delta": 31.355912, "elapsed": 6349.275999, "datetime": "2020-10-07 23:32:22"}}
{"target": 6.654444444444444, "params": {"gamma_fc": 0.942349817290104, "beta_rec": 0.8659422899836606, "k": 2.0, "beta_enc": 0.7, "cue_position": 10.0, "enc_rate": 1.0}, "datetime": {"delta": 33.195995, "elapsed": 6382.471994, "datetime": "2020-10-07 23:32:55"}}
{"target": 6.717555555555554, "params": {"gamma_fc": 0.6009597446295373, "beta_rec": 1.0, "k": 2.0, "beta_enc": 0.7, "cue_position": 10.0, "enc_rate": 1.0}, "datetime": {"delta": 34.30291, "elapsed": 6416.774904, "datetime": "2020-10-07 23:33:29"}}
{"target": 6.719555555555556, "params": {"gamma_fc": 0.1090741243615668, "beta_rec": 0.44461325810666213, "k": 2.0, "beta_enc": 0.7, "cue_position": 10.0, "enc_rate": 1.0}, "datetime": {"delta": 33.610127, "elapsed": 6450.385031, "datetime": "2020-10-07 23:34:03"}}
{"target": 6.622666666666666, "params": {"gamma_fc": 0.7755496370188697, "beta_rec": 1.0, "k": 2.0, "beta_enc": 0.7, "cue_position": 10.0, "enc_rate": 1.0}, "datetime": {"delta": 33.703498, "elapsed": 6484.088529, "datetime": "2020-10-07 23:34:36"}}
{"target": 6.727333333333332, "params": {"gamma_fc": 0.48037489390180194, "beta_rec": 1.0, "k": 2.0, "beta_enc": 0.7, "cue_position": 10.0, "enc_rate": 1.0}, "datetime": {"delta": 33.615382, "elapsed": 6517.703911, "datetime": "2020-10-07 23:35:10"}}
{"target": 6.564888888888889, "params": {"gamma_fc": 0.0, "beta_rec": 0.2772354617641678, "k": 2.0, "beta_enc": 0.7, "cue_position": 10.0, "enc_rate": 1.0}, "datetime": {"delta": 33.960501, "elapsed": 6551.664412, "datetime": "2020-10-07 23:35:44"}}
{"target": 6.711777777777778, "params": {"gamma_fc": 0.6778485054016206, "beta_rec": 0.5084447247831978, "k": 2.0, "beta_enc": 0.7, "cue_position": 10.0, "enc_rate": 1.0}, "datetime": {"delta": 34.616765, "elapsed": 6586.281177, "datetime": "2020-10-07 23:36:19"}}
{"target": 6.685555555555555, "params": {"gamma_fc": 0.7098557338049275, "beta_rec": 0.37164338440615463, "k": 2.0, "beta_enc": 0.7, "cue_position": 10.0, "enc_rate": 1.0}, "datetime": {"delta": 34.176758, "elapsed": 6620.457935, "datetime": "2020-10-07 23:36:53"}}
{"target": 6.771111111111111, "params": {"gamma_fc": 0.21985697207134727, "beta_rec": 0.7652531070507733, "k": 2.0, "beta_enc": 0.7, "cue_position": 10.0, "enc_rate": 1.0}, "datetime": {"delta": 33.929188, "elapsed": 6654.387123, "datetime": "2020-10-07 23:37:27"}}
{"target": 6.636666666666666, "params": {"gamma_fc": 1.0, "beta_rec": 0.6920655429899236, "k": 2.0, "beta_enc": 0.7, "cue_position": 10.0, "enc_rate": 1.0}, "datetime": {"delta": 34.607728, "elapsed": 6688.994851, "datetime": "2020-10-07 23:38:01"}}
{"target": 6.747333333333333, "params": {"gamma_fc": 0.22754195667630758, "beta_rec": 0.47029818483440994, "k": 2.0, "beta_enc": 0.7, "cue_position": 10.0, "enc_rate": 1.0}, "datetime": {"delta": 33.892457, "elapsed": 6722.887308, "datetime": "2020-10-07 23:38:35"}}
{"target": 6.634222222222222, "params": {"gamma_fc": 1.0, "beta_rec": 0.35001430497202385, "k": 2.0, "beta_enc": 0.7, "cue_position": 10.0, "enc_rate": 1.0}, "datetime": {"delta": 33.707181, "elapsed": 6756.594489, "datetime": "2020-10-07 23:39:09"}}
{"target": 6.673777777777778, "params": {"gamma_fc": 0.3276772578638791, "beta_rec": 0.27634089161857267, "k": 2.0, "beta_enc": 0.7, "cue_position": 10.0, "enc_rate": 1.0}, "datetime": {"delta": 32.930334, "elapsed": 6789.524823, "datetime": "2020-10-07 23:39:42"}}
{"target": 6.717555555555554, "params": {"gamma_fc": 0.30814941708628324, "beta_rec": 0.3937062525244816, "k": 2.0, "beta_enc": 0.7, "cue_position": 10.0, "enc_rate": 1.0}, "datetime": {"delta": 33.443947, "elapsed": 6822.96877, "datetime": "2020-10-07 23:40:15"}}
{"target": 6.732000000000001, "params": {"gamma_fc": 0.3055798456473763, "beta_rec": 0.5597233472869704, "k": 2.0, "beta_enc": 0.7, "cue_position": 10.0, "enc_rate": 1.0}, "datetime": {"delta": 34.87016, "elapsed": 6857.83893, "datetime": "2020-10-07 23:40:50"}}
{"target": 6.686888888888889, "params": {"gamma_fc": 0.3537990516780321, "beta_rec": 0.589536564284438, "k": 2.0, "beta_enc": 0.7, "cue_position": 10.0, "enc_rate": 1.0}, "datetime": {"delta": 33.873406, "elapsed": 6891.712336, "datetime": "2020-10-07 23:41:24"}}
{"target": 6.711333333333333, "params": {"gamma_fc": 0.33766948353239157, "beta_rec": 0.4914010655166078, "k": 2.0, "beta_enc": 0.7, "cue_position": 10.0, "enc_rate": 1.0}, "datetime": {"delta": 33.84997, "elapsed": 6925.562306, "datetime": "2020-10-07 23:41:58"}}
{"target": 6.749555555555555, "params": {"gamma_fc": 0.2700248451127364, "beta_rec": 0.5143939297225558, "k": 2.0, "beta_enc": 0.7, "cue_position": 10.0, "enc_rate": 1.0}, "datetime": {"delta": 32.326505, "elapsed": 6957.888811, "datetime": "2020-10-07 23:42:30"}}
{"target": 6.801111111111112, "params": {"gamma_fc": 0.26043459430593036, "beta_rec": 0.5736334806171467, "k": 2.0, "beta_enc": 0.7, "cue_position": 10.0, "enc_rate": 1.0}, "datetime": {"delta": 31.561966, "elapsed": 6989.450777, "datetime": "2020-10-07 23:43:02"}}
{"target": 6.821111111111111, "params": {"gamma_fc": 0.30242025361342795, "beta_rec": 0.6103420041775474, "k": 2.0, "beta_enc": 0.7, "cue_position": 10.0, "enc_rate": 1.0}, "datetime": {"delta": 31.494542, "elapsed": 7020.945319, "datetime": "2020-10-07 23:43:33"}}
{"target": 6.693555555555555, "params": {"gamma_fc": 0.2965900138848575, "beta_rec": 0.6526935228156798, "k": 2.0, "beta_enc": 0.7, "cue_position": 10.0, "enc_rate": 1.0}, "datetime": {"delta": 32.43941, "elapsed": 7053.384729, "datetime": "2020-10-07 23:44:06"}}
{"target": 6.761777777777778, "params": {"gamma_fc": 0.310554264766139, "beta_rec": 0.59944568801288, "k": 2.0, "beta_enc": 0.7, "cue_position": 10.0, "enc_rate": 1.0}, "datetime": {"delta": 31.569356, "elapsed": 7084.954085, "datetime": "2020-10-07 23:44:37"}}
{"target": 6.764222222222221, "params": {"gamma_fc": 0.2896883103478535, "beta_rec": 0.6112596951996806, "k": 2.0, "beta_enc": 0.7, "cue_position": 10.0, "enc_rate": 1.0}, "datetime": {"delta": 31.758357, "elapsed": 7116.712442, "datetime": "2020-10-07 23:45:09"}}
{"target": 6.801555555555555, "params": {"gamma_fc": 0.3098004604006944, "beta_rec": 0.6193316051767892, "k": 2.0, "beta_enc": 0.7, "cue_position": 10.0, "enc_rate": 1.0}, "datetime": {"delta": 31.735221, "elapsed": 7148.447663, "datetime": "2020-10-07 23:45:41"}}
{"target": 6.794888888888889, "params": {"gamma_fc": 0.21665847646800312, "beta_rec": 0.6171579304854455, "k": 2.0, "beta_enc": 0.7, "cue_position": 10.0, "enc_rate": 1.0}, "datetime": {"delta": 31.449821, "elapsed": 7179.897484, "datetime": "2020-10-07 23:46:12"}}
{"target": 6.767999999999999, "params": {"gamma_fc": 0.23163727074471827, "beta_rec": 0.6501502162275035, "k": 2.0, "beta_enc": 0.7, "cue_position": 10.0, "enc_rate": 1.0}, "datetime": {"delta": 32.186211, "elapsed": 7212.083695, "datetime": "2020-10-07 23:46:44"}}
{"target": 6.763333333333334, "params": {"gamma_fc": 0.527783129085234, "beta_rec": 0.5352016004784629, "k": 2.0, "beta_enc": 0.7, "cue_position": 10.0, "enc_rate": 1.0}, "datetime": {"delta": 31.300051, "elapsed": 7243.383746, "datetime": "2020-10-07 23:47:16"}}
{"target": 6.703333333333333, "params": {"gamma_fc": 0.9294055841024939, "beta_rec": 0.4132986201202251, "k": 2.0, "beta_enc": 0.7, "cue_position": 10.0, "enc_rate": 1.0}, "datetime": {"delta": 31.478546, "elapsed": 7274.862292, "datetime": "2020-10-07 23:47:47"}}
{"target": 6.700222222222221, "params": {"gamma_fc": 0.5334570054376232, "beta_rec": 0.866623447712364, "k": 2.0, "beta_enc": 0.7, "cue_position": 10.0, "enc_rate": 1.0}, "datetime": {"delta": 31.734802, "elapsed": 7306.597094, "datetime": "2020-10-07 23:48:19"}}
