{"target": 8.054166666666667, "params": {"cue_position": 8.0, "beta_rec": 0.7203244934421581, "gamma_fc": 0.14675589081711304, "gamma_cf": 0.30233257263183977, "beta_enc": 0.417022004702574}, "datetime": {"delta": 0.0, "elapsed": 0.0, "datetime": "2020-06-21 18:06:05"}}
{"target": 8.254166666666666, "params": {"cue_position": 8.0, "beta_rec": 0.1862602113776709, "gamma_fc": 0.538816734003357, "gamma_cf": 0.39676747423066994, "beta_enc": 0.0923385947687978}, "datetime": {"delta": 8.445779, "elapsed": 8.445779, "datetime": "2020-06-21 18:06:13"}}
{"target": 10.841666666666667, "params": {"cue_position": 8.0, "beta_rec": 0.6852195003967595, "gamma_fc": 0.027387593197926163, "gamma_cf": 0.8781174363909454, "beta_enc": 0.4191945144032948}, "datetime": {"delta": 10.199478, "elapsed": 18.645257, "datetime": "2020-06-21 18:06:23"}}
{"target": 7.329166666666667, "params": {"cue_position": 8.0, "beta_rec": 0.41730480236712697, "gamma_fc": 0.1981014890848788, "gamma_cf": 0.14038693859523377, "beta_enc": 0.6704675101784022}, "datetime": {"delta": 7.822137, "elapsed": 26.467394, "datetime": "2020-06-21 18:06:31"}}
{"target": 6.679166666666666, "params": {"cue_position": 8.0, "beta_rec": 0.9682615757193975, "gamma_fc": 0.8763891522960383, "gamma_cf": 0.6923226156693141, "beta_enc": 0.8007445686755367}, "datetime": {"delta": 7.42437, "elapsed": 33.891764, "datetime": "2020-06-21 18:06:39"}}
{"target": 7.104166666666667, "params": {"cue_position": 8.0, "beta_rec": 0.08504421136977791, "gamma_fc": 0.8781425034294131, "gamma_cf": 0.1698304195645689, "beta_enc": 0.8946066635038473}, "datetime": {"delta": 7.671805, "elapsed": 41.563569, "datetime": "2020-06-21 18:06:46"}}
{"target": 8.058333333333334, "params": {"cue_position": 8.0, "beta_rec": 0.42110762500505217, "gamma_fc": 0.6918771139504734, "gamma_cf": 0.5331652849730171, "beta_enc": 0.0983468338330501}, "datetime": {"delta": 8.348418, "elapsed": 49.911987, "datetime": "2020-06-21 18:06:55"}}
{"target": 8.754166666666666, "params": {"cue_position": 8.0, "beta_rec": 0.6865009276815837, "gamma_fc": 0.7501443149449675, "gamma_cf": 0.018288277344191806, "beta_enc": 0.31551563100606295}, "datetime": {"delta": 8.80063, "elapsed": 58.712617, "datetime": "2020-06-21 18:07:04"}}
{"target": 6.145833333333333, "params": {"cue_position": 8.0, "beta_rec": 0.7481656543798394, "gamma_fc": 0.10322600657764203, "gamma_cf": 0.7892793284514885, "beta_enc": 0.9888610889064947}, "datetime": {"delta": 7.056632, "elapsed": 65.769249, "datetime": "2020-06-21 18:07:11"}}
{"target": 7.825, "params": {"cue_position": 8.0, "beta_rec": 0.9085955030930956, "gamma_fc": 0.13002857211827767, "gamma_cf": 0.28777533858634874, "beta_enc": 0.44789352617590517}, "datetime": {"delta": 8.160001, "elapsed": 73.92925, "datetime": "2020-06-21 18:07:19"}}
{"target": 8.016666666666667, "params": {"cue_position": 8.0, "beta_rec": 0.678835532939891, "gamma_fc": 0.4915731592803383, "gamma_cf": 0.2655466593722262, "beta_enc": 0.019366957870297075}, "datetime": {"delta": 8.295836, "elapsed": 82.225086, "datetime": "2020-06-21 18:07:27"}}
{"target": 8.058333333333334, "params": {"cue_position": 8.0, "beta_rec": 0.5741176054920131, "gamma_fc": 0.6997583600209312, "gamma_cf": 0.5893055369032842, "beta_enc": 0.053362545117080384}, "datetime": {"delta": 8.330446, "elapsed": 90.555532, "datetime": "2020-06-21 18:07:35"}}
{"target": 8.008333333333333, "params": {"cue_position": 8.0, "beta_rec": 0.4140559878195683, "gamma_fc": 0.04995345894608716, "gamma_cf": 0.41417926952690265, "beta_enc": 0.10233442882782584}, "datetime": {"delta": 8.28666, "elapsed": 98.842192, "datetime": "2020-06-21 18:07:44"}}
{"target": 7.725, "params": {"cue_position": 8.0, "beta_rec": 0.6637946452197888, "gamma_fc": 0.5865550405019929, "gamma_cf": 0.9445947559908133, "beta_enc": 0.5358964059155116}, "datetime": {"delta": 8.091867, "elapsed": 106.934059, "datetime": "2020-06-21 18:07:52"}}
{"target": 5.945833333333334, "params": {"cue_position": 8.0, "beta_rec": 0.13747470414623753, "gamma_fc": 0.3976768369855336, "gamma_cf": 0.8073912887095238, "beta_enc": 0.9034019152878835}, "datetime": {"delta": 6.91177, "elapsed": 113.845829, "datetime": "2020-06-21 18:07:59"}}
{"target": 8.05, "params": {"cue_position": 8.0, "beta_rec": 0.9275085803960339, "gamma_fc": 0.7259979853504515, "gamma_cf": 0.7508121031361555, "beta_enc": 0.16535419711693278}, "datetime": {"delta": 8.318666, "elapsed": 122.164495, "datetime": "2020-06-21 18:08:07"}}
{"target": 7.245833333333334, "params": {"cue_position": 8.0, "beta_rec": 0.6236722070556089, "gamma_fc": 0.2699278917650261, "gamma_cf": 0.34889834197784253, "beta_enc": 0.8833060912058098}, "datetime": {"delta": 7.784406, "elapsed": 129.948901, "datetime": "2020-06-21 18:08:15"}}
{"target": 6.6875, "params": {"cue_position": 8.0, "beta_rec": 0.4280911898712949, "gamma_fc": 0.6216957202091218, "gamma_cf": 0.6634414978184481, "beta_enc": 0.8958862181960668}, "datetime": {"delta": 7.394628, "elapsed": 137.343529, "datetime": "2020-06-21 18:08:22"}}
{"target": 8.35, "params": {"cue_position": 8.0, "beta_rec": 0.9494892587070712, "gamma_fc": 0.40813680276128117, "gamma_cf": 0.5783896143871318, "beta_enc": 0.11474597295337519}, "datetime": {"delta": 8.538052, "elapsed": 145.881581, "datetime": "2020-06-21 18:08:31"}}
{"target": 8.191666666666666, "params": {"cue_position": 8.0, "beta_rec": 0.9033795205622538, "gamma_fc": 0.6171449136207239, "gamma_cf": 0.00287032703115897, "beta_enc": 0.2370269802430277}, "datetime": {"delta": 8.420659, "elapsed": 154.30224, "datetime": "2020-06-21 18:08:39"}}
{"target": 8.325, "params": {"cue_position": 8.0, "beta_rec": 0.5270581022576093, "gamma_fc": 0.9085351509197992, "gamma_cf": 0.35726976000249977, "beta_enc": 0.32664490177209615}, "datetime": {"delta": 8.515093, "elapsed": 162.817333, "datetime": "2020-06-21 18:08:48"}}
{"target": 8.804166666666667, "params": {"cue_position": 8.0, "beta_rec": 0.015821242846556283, "gamma_fc": 0.9973228504514805, "gamma_cf": 0.690896917516924, "beta_enc": 0.6233601157918027}, "datetime": {"delta": 8.821354, "elapsed": 171.638687, "datetime": "2020-06-21 18:08:56"}}
{"target": 8.429166666666667, "params": {"cue_position": 8.0, "beta_rec": 0.13713574962887776, "gamma_fc": 0.06600017272206249, "gamma_cf": 0.6968181614899002, "beta_enc": 0.17234050834532855}, "datetime": {"delta": 8.574685, "elapsed": 180.213372, "datetime": "2020-06-21 18:09:05"}}
{"target": 8.3, "params": {"cue_position": 8.0, "beta_rec": 0.7538761884612464, "gamma_fc": 0.1242709619721647, "gamma_cf": 0.7115247586284718, "beta_enc": 0.7554630526024664}, "datetime": {"delta": 8.49503, "elapsed": 188.708402, "datetime": "2020-06-21 18:09:14"}}
{"target": 8.495833333333334, "params": {"cue_position": 8.0, "beta_rec": 0.026210986877719278, "gamma_fc": 0.860027948682888, "gamma_cf": 0.2462110676030459, "beta_enc": 0.01988013383979559}, "datetime": {"delta": 8.640657, "elapsed": 197.349059, "datetime": "2020-06-21 18:09:22"}}
{"target": 7.5625, "params": {"cue_position": 8.0, "beta_rec": 0.5528219786857659, "gamma_fc": 0.2791836790111395, "gamma_cf": 0.12417331511991114, "beta_enc": 0.5388310643416528}, "datetime": {"delta": 7.992959, "elapsed": 205.342018, "datetime": "2020-06-21 18:09:30"}}
{"target": 8.5125, "params": {"cue_position": 8.0, "beta_rec": 0.9695957483196745, "gamma_fc": 0.8006326726806163, "gamma_cf": 0.01864728937294302, "beta_enc": 0.5857592714582879}, "datetime": {"delta": 8.616035, "elapsed": 213.958053, "datetime": "2020-06-21 18:09:39"}}
{"target": 7.933333333333334, "params": {"cue_position": 8.0, "beta_rec": 0.8071051956187791, "gamma_fc": 0.7471216427371846, "gamma_cf": 0.8635418545594287, "beta_enc": 0.23297427384102043}, "datetime": {"delta": 8.240865, "elapsed": 222.198918, "datetime": "2020-06-21 18:09:47"}}
{"target": 7.9625, "params": {"cue_position": 8.0, "beta_rec": 0.13645522566068502, "gamma_fc": 0.044551878544761725, "gamma_cf": 0.12134345574073735, "beta_enc": 0.5562402339904189}, "datetime": {"delta": 8.281362, "elapsed": 230.48028, "datetime": "2020-06-21 18:09:55"}}
{"target": 8.283333333333333, "params": {"cue_position": 8.0, "beta_rec": 0.2257093386078547, "gamma_fc": 0.012555980159115854, "gamma_cf": 0.5597169820541424, "beta_enc": 0.1074941291060929}, "datetime": {"delta": 8.473106, "elapsed": 238.953386, "datetime": "2020-06-21 18:10:04"}}
{"target": 6.983333333333333, "params": {"cue_position": 8.0, "beta_rec": 0.967276330000272, "gamma_fc": 0.2523257445703234, "gamma_cf": 0.20329323466099047, "beta_enc": 0.07197427968948678}, "datetime": {"delta": 7.600638, "elapsed": 246.554024, "datetime": "2020-06-21 18:10:11"}}
{"target": 7.354166666666667, "params": {"cue_position": 8.0, "beta_rec": 0.1954294811093188, "gamma_fc": 0.8468288014900353, "gamma_cf": 0.9700199890883123, "beta_enc": 0.7438258540750929}, "datetime": {"delta": 7.856584, "elapsed": 254.410608, "datetime": "2020-06-21 18:10:19"}}
{"target": 9.2875, "params": {"cue_position": 8.0, "beta_rec": 0.49376971426872995, "gamma_fc": 0.15679139464608427, "gamma_cf": 0.8289808995501787, "beta_enc": 0.23984775914758616}, "datetime": {"delta": 9.162484, "elapsed": 263.573092, "datetime": "2020-06-21 18:10:28"}}
{"target": 8.070833333333333, "params": {"cue_position": 8.0, "beta_rec": 0.07002214371922233, "gamma_fc": 0.5688514370864813, "gamma_cf": 0.6063294616533303, "beta_enc": 0.018576202177409518}, "datetime": {"delta": 8.318164, "elapsed": 271.891256, "datetime": "2020-06-21 18:10:37"}}
{"target": 8.770833333333334, "params": {"cue_position": 8.0, "beta_rec": 0.9886161544124489, "gamma_fc": 0.5509482191178968, "gamma_cf": 0.3801411726235504, "beta_enc": 0.31736240932216075}, "datetime": {"delta": 8.793276, "elapsed": 280.684532, "datetime": "2020-06-21 18:10:46"}}
{"target": 7.479166666666667, "params": {"cue_position": 8.0, "beta_rec": 0.6692328934531846, "gamma_fc": 0.3700841979141063, "gamma_cf": 0.06633483442844157, "beta_enc": 0.7453344309065021}, "datetime": {"delta": 7.922086, "elapsed": 288.606618, "datetime": "2020-06-21 18:10:53"}}
{"target": 7.395833333333333, "params": {"cue_position": 8.0, "beta_rec": 0.2101740099148396, "gamma_fc": 0.26031509857854096, "gamma_cf": 0.06653648135411494, "beta_enc": 0.6297175070215645}, "datetime": {"delta": 7.886898, "elapsed": 296.493516, "datetime": "2020-06-21 18:11:01"}}
{"target": 7.941666666666666, "params": {"cue_position": 8.0, "beta_rec": 0.19343428262332774, "gamma_fc": 0.9248079703993507, "gamma_cf": 0.5246703091237337, "beta_enc": 0.8047545637433454}, "datetime": {"delta": 8.242347, "elapsed": 304.735863, "datetime": "2020-06-21 18:11:10"}}
{"target": 7.970833333333333, "params": {"cue_position": 8.0, "beta_rec": 0.06596109068402378, "gamma_fc": 0.907815852503524, "gamma_cf": 0.7721780295432468, "beta_enc": 0.263296770487111}, "datetime": {"delta": 8.252909, "elapsed": 312.988772, "datetime": "2020-06-21 18:11:18"}}
{"target": 5.604166666666667, "params": {"cue_position": 8.0, "beta_rec": 0.013951572975597015, "gamma_fc": 0.9490163206876164, "gamma_cf": 0.6167783570016576, "beta_enc": 0.9319720691968373}, "datetime": {"delta": 6.684922, "elapsed": 319.673694, "datetime": "2020-06-21 18:11:24"}}
{"target": 6.229166666666667, "params": {"cue_position": 8.0, "beta_rec": 0.5566531881951564, "gamma_fc": 0.39000771414124624, "gamma_cf": 0.6415662089463375, "beta_enc": 0.9501761192470797}, "datetime": {"delta": 7.093544, "elapsed": 326.767238, "datetime": "2020-06-21 18:11:32"}}
{"target": 6.620833333333334, "params": {"cue_position": 8.0, "beta_rec": 0.6043104829199732, "gamma_fc": 0.9187334356336061, "gamma_cf": 0.9261814267064536, "beta_enc": 0.48599066709690975}, "datetime": {"delta": 7.35669, "elapsed": 334.123928, "datetime": "2020-06-21 18:11:39"}}
{"target": 6.9625, "params": {"cue_position": 8.0, "beta_rec": 0.9632625284407118, "gamma_fc": 0.13507915804673132, "gamma_cf": 0.12632951943963733, "beta_enc": 0.3948756129235549}, "datetime": {"delta": 7.580501, "elapsed": 341.704429, "datetime": "2020-06-21 18:11:47"}}
{"target": 9.445833333333333, "params": {"cue_position": 8.0, "beta_rec": 0.021524805274197978, "gamma_fc": 0.015018980742122379, "gamma_cf": 0.8271154711707325, "beta_enc": 0.5056621656768967}, "datetime": {"delta": 9.257504, "elapsed": 350.961933, "datetime": "2020-06-21 18:11:56"}}
{"target": 8.5125, "params": {"cue_position": 8.0, "beta_rec": 0.332063574366837, "gamma_fc": 0.34473665268329345, "gamma_cf": 0.8094906921265821, "beta_enc": 0.17619625557505525}, "datetime": {"delta": 8.640619, "elapsed": 359.602552, "datetime": "2020-06-21 18:12:04"}}
{"target": 4.9, "params": {"cue_position": 8.0, "beta_rec": 0.58201417994708, "gamma_fc": 0.9053923187086492, "gamma_cf": 0.8447344453922219, "beta_enc": 0.9401074823333672}, "datetime": {"delta": 6.227703, "elapsed": 365.830255, "datetime": "2020-06-21 18:12:11"}}
{"target": 8.083333333333334, "params": {"cue_position": 8.0, "beta_rec": 0.5463468160203733, "gamma_fc": 0.4902535226199277, "gamma_cf": 0.28571885173414757, "beta_enc": 0.45988026581680697}, "datetime": {"delta": 8.380165, "elapsed": 374.21042, "datetime": "2020-06-21 18:12:19"}}
{"target": 8.816666666666666, "params": {"cue_position": 8.0, "beta_rec": 0.015533275550835723, "gamma_fc": 0.8073605288848414, "gamma_cf": 0.4336763489894583, "beta_enc": 0.5991103076458784}, "datetime": {"delta": 8.864161, "elapsed": 383.074581, "datetime": "2020-06-21 18:12:28"}}
{"target": 8.429166666666667, "params": {"cue_position": 8.0, "beta_rec": 0.8928887085251513, "gamma_fc": 0.7879292338255043, "gamma_cf": 0.18401020162746506, "beta_enc": 0.31524480309537295}, "datetime": {"delta": 8.607423, "elapsed": 391.682004, "datetime": "2020-06-21 18:12:37"}}
{"target": 8.875, "params": {"cue_position": 8.0, "beta_rec": 0.053909272073752956, "gamma_fc": 0.9186017779775258, "gamma_cf": 0.6790688365654296, "beta_enc": 0.6120311770449339}, "datetime": {"delta": 8.9234, "elapsed": 400.605404, "datetime": "2020-06-21 18:12:45"}}
{"target": 7.9375, "params": {"cue_position": 8.0, "beta_rec": 0.9767591490310596, "gamma_fc": 0.604716100974053, "gamma_cf": 0.9737835383583225, "beta_enc": 0.00040202489135743313}, "datetime": {"delta": 8.270218, "elapsed": 408.875622, "datetime": "2020-06-21 18:12:54"}}
{"target": 7.870833333333334, "params": {"cue_position": 8.0, "beta_rec": 0.5747115047081023, "gamma_fc": 0.586833340656083, "gamma_cf": 0.28557628169569393, "beta_enc": 0.828845807980693}, "datetime": {"delta": 8.225003, "elapsed": 417.100625, "datetime": "2020-06-21 18:13:02"}}
{"target": 6.695833333333334, "params": {"cue_position": 8.0, "beta_rec": 0.8583138364290424, "gamma_fc": 0.8644794300545998, "gamma_cf": 0.698057248447303, "beta_enc": 0.7500217637026599}, "datetime": {"delta": 7.432464, "elapsed": 424.533089, "datetime": "2020-06-21 18:13:09"}}
{"target": 8.470833333333333, "params": {"cue_position": 8.0, "beta_rec": 0.6707887907875872, "gamma_fc": 0.4108113499221856, "gamma_cf": 0.3821027520315172, "beta_enc": 0.32268099683674645}, "datetime": {"delta": 8.614623, "elapsed": 433.147712, "datetime": "2020-06-21 18:13:18"}}
{"target": 7.845833333333333, "params": {"cue_position": 8.0, "beta_rec": 0.3173839459582769, "gamma_fc": 0.9738020779272523, "gamma_cf": 0.43024727082126435, "beta_enc": 0.4014795834695406}, "datetime": {"delta": 8.202651, "elapsed": 441.350363, "datetime": "2020-06-21 18:13:26"}}
{"target": 8.525, "params": {"cue_position": 8.0, "beta_rec": 0.19856988842711087, "gamma_fc": 0.7976388039585666, "gamma_cf": 0.343346239774423, "beta_enc": 0.6778008914343111}, "datetime": {"delta": 8.667051, "elapsed": 450.017414, "datetime": "2020-06-21 18:13:35"}}
{"target": 7.158333333333333, "params": {"cue_position": 8.0, "beta_rec": 0.903841955826372, "gamma_fc": 0.25236670150458973, "gamma_cf": 0.2702082620297578, "beta_enc": 0.8799982885634318}, "datetime": {"delta": 7.742435, "elapsed": 457.759849, "datetime": "2020-06-21 18:13:43"}}
{"target": 7.0625, "params": {"cue_position": 8.0, "beta_rec": 0.5277146463087466, "gamma_fc": 0.7331425252875111, "gamma_cf": 0.5724885171916063, "beta_enc": 0.8548979426974024}, "datetime": {"delta": 7.686141, "elapsed": 465.44599, "datetime": "2020-06-21 18:13:50"}}
{"target": 8.591666666666667, "params": {"cue_position": 8.0, "beta_rec": 0.770883910501888, "gamma_fc": 0.3426889079532818, "gamma_cf": 0.4657098785919809, "beta_enc": 0.5190116274640558}, "datetime": {"delta": 8.714842, "elapsed": 474.160832, "datetime": "2020-06-21 18:13:59"}}
{"target": 8.3625, "params": {"cue_position": 8.0, "beta_rec": 0.37792417932809985, "gamma_fc": 0.18161285133076377, "gamma_cf": 0.982817113730445, "beta_enc": 0.06820934841670412}, "datetime": {"delta": 8.547114, "elapsed": 482.707946, "datetime": "2020-06-21 18:14:08"}}
{"target": 8.0125, "params": {"cue_position": 8.0, "beta_rec": 0.8749616449558981, "gamma_fc": 0.16097143681560877, "gamma_cf": 0.5694944127453757, "beta_enc": 0.8118586977205398}, "datetime": {"delta": 8.308346, "elapsed": 491.016292, "datetime": "2020-06-21 18:14:16"}}
{"target": 8.608333333333333, "params": {"cue_position": 8.0, "beta_rec": 0.345172051155215, "gamma_fc": 0.31226983770191696, "gamma_cf": 0.5925118687657968, "beta_enc": 0.4668800227633063}, "datetime": {"delta": 8.729109, "elapsed": 499.745401, "datetime": "2020-06-21 18:14:25"}}
{"target": 6.229166666666667, "params": {"cue_position": 8.0, "beta_rec": 0.9096355249515571, "gamma_fc": 0.19296273201911285, "gamma_cf": 0.1108913007440292, "beta_enc": 0.9163055534683507}, "datetime": {"delta": 7.108386, "elapsed": 506.853787, "datetime": "2020-06-21 18:14:32"}}
{"target": 7.820833333333334, "params": {"cue_position": 8.0, "beta_rec": 0.7285856679745962, "gamma_fc": 0.851671874936367, "gamma_cf": 0.24803355837723073, "beta_enc": 0.49958417067888605}, "datetime": {"delta": 8.198167, "elapsed": 515.051954, "datetime": "2020-06-21 18:14:40"}}
{"target": 8.345833333333333, "params": {"cue_position": 8.0, "beta_rec": 0.6166850671552362, "gamma_fc": 0.5158570169685298, "gamma_cf": 0.10196725942579743, "beta_enc": 0.41584871826752734}, "datetime": {"delta": 8.555055, "elapsed": 523.607009, "datetime": "2020-06-21 18:14:48"}}
{"target": 8.329166666666667, "params": {"cue_position": 8.0, "beta_rec": 0.15267164409316325, "gamma_fc": 0.6541373469707443, "gamma_cf": 0.5440101188139381, "beta_enc": 0.47714098704978236}, "datetime": {"delta": 8.550113, "elapsed": 532.157122, "datetime": "2020-06-21 18:14:57"}}
{"target": 7.920833333333333, "params": {"cue_position": 8.0, "beta_rec": 0.7515278171352439, "gamma_fc": 0.7852960282216189, "gamma_cf": 0.519351824366033, "beta_enc": 0.1445455401246598}, "datetime": {"delta": 8.271251, "elapsed": 540.428373, "datetime": "2020-06-21 18:15:05"}}
{"target": 7.891666666666667, "params": {"cue_position": 8.0, "beta_rec": 0.3243624597261865, "gamma_fc": 0.5384405925945437, "gamma_cf": 0.8447096076020696, "beta_enc": 0.02233042799180618}, "datetime": {"delta": 8.239417, "elapsed": 548.66779, "datetime": "2020-06-21 18:15:13"}}
{"target": 8.895833333333334, "params": {"cue_position": 8.0, "beta_rec": 0.9498059913536265, "gamma_fc": 0.09874340182034835, "gamma_cf": 0.8541154438365387, "beta_enc": 0.866608274166513}, "datetime": {"delta": 8.899783, "elapsed": 557.567573, "datetime": "2020-06-21 18:15:22"}}
{"target": 8.775, "params": {"cue_position": 8.0, "beta_rec": 0.703516988152653, "gamma_fc": 0.03457121987163425, "gamma_cf": 0.799615261736028, "beta_enc": 0.651304332340991}, "datetime": {"delta": 8.836961, "elapsed": 566.404534, "datetime": "2020-06-21 18:15:31"}}
{"target": 7.958333333333333, "params": {"cue_position": 8.0, "beta_rec": 0.731728600739527, "gamma_fc": 0.6323033174301278, "gamma_cf": 0.2570692988221467, "beta_enc": 0.7702387345549799}, "datetime": {"delta": 8.337429, "elapsed": 574.741963, "datetime": "2020-06-21 18:15:40"}}
{"target": 7.6625, "params": {"cue_position": 8.0, "beta_rec": 0.7965886780072875, "gamma_fc": 0.9904717836238407, "gamma_cf": 0.7827494147841719, "beta_enc": 0.34529746159108154}, "datetime": {"delta": 8.103082, "elapsed": 582.845045, "datetime": "2020-06-21 18:15:48"}}
{"target": 7.891666666666667, "params": {"cue_position": 8.0, "beta_rec": 0.14300582825809938, "gamma_fc": 0.9747403708550822, "gamma_cf": 0.5415593788873733, "beta_enc": 0.30024833953390007}, "datetime": {"delta": 8.279141, "elapsed": 591.124186, "datetime": "2020-06-21 18:15:56"}}
{"target": 8.833333333333334, "params": {"cue_position": 8.0, "beta_rec": 0.9939130246104789, "gamma_fc": 0.1354279030721699, "gamma_cf": 0.5264259339055213, "beta_enc": 0.6366044000018972}, "datetime": {"delta": 8.888846, "elapsed": 600.013032, "datetime": "2020-06-21 18:16:05"}}
{"target": 8.804166666666667, "params": {"cue_position": 8.0, "beta_rec": 0.026218567296373285, "gamma_fc": 0.03039968992878883, "gamma_cf": 0.7456371927074961, "beta_enc": 0.3557051709838811}, "datetime": {"delta": 8.873575, "elapsed": 608.886607, "datetime": "2020-06-21 18:16:14"}}
{"target": 9.841666666666667, "params": {"cue_position": 8.0, "beta_rec": 0.8623462528380441, "gamma_fc": 0.18863680095531088, "gamma_cf": 0.6909421420661686, "beta_enc": 0.36654309724374434}, "datetime": {"delta": 9.55658, "elapsed": 618.443187, "datetime": "2020-06-21 18:16:23"}}
{"target": 8.141666666666667, "params": {"cue_position": 8.0, "beta_rec": 0.5815774073442912, "gamma_fc": 0.24773290176235485, "gamma_cf": 0.20390622523312185, "beta_enc": 0.44190428074842336}, "datetime": {"delta": 8.42825, "elapsed": 626.871437, "datetime": "2020-06-21 18:16:32"}}
{"target": 7.795833333333333, "params": {"cue_position": 8.0, "beta_rec": 0.7501724132979928, "gamma_fc": 0.5085162406102396, "gamma_cf": 0.05692943841109499, "beta_enc": 0.26217308377291193}, "datetime": {"delta": 8.204207, "elapsed": 635.075644, "datetime": "2020-06-21 18:16:40"}}
