{"target": 3.486666666666667, "params": {"beta_rec": 0.44614623200345727, "primacy": 0.0, "beta_enc": 0.7965886780072875, "gamma_fc": 0.7827494147841719}, "datetime": {"datetime": "2020-09-17 14:07:25", "delta": 74.547103, "elapsed": 7426.557953}}
{"target": 7.035555555555556, "params": {"beta_rec": 0.14300582825809938, "primacy": 0.0, "beta_enc": 0.30024833953390007, "gamma_fc": 0.9013084363492738}, "datetime": {"datetime": "2020-09-17 14:08:57", "delta": 91.518601, "elapsed": 7518.076554}}
{"target": 2.387777777777778, "params": {"beta_rec": 0.6366044000018972, "primacy": 0.0, "beta_enc": 0.9747403708550822, "gamma_fc": 0.9939130246104789}, "datetime": {"datetime": "2020-09-17 14:09:59", "delta": 62.629635, "elapsed": 7580.706189}}
{"target": 4.775555555555556, "params": {"beta_rec": 0.1354279030721699, "primacy": 0.0, "beta_enc": 0.5264259339055213, "gamma_fc": 0.3557051709838811}, "datetime": {"datetime": "2020-09-17 14:11:17", "delta": 77.668419, "elapsed": 7658.374608}}
{"target": 7.513333333333334, "params": {"beta_rec": 0.7456371927074961, "primacy": 0.0, "beta_enc": 0.1603951795196491, "gamma_fc": 0.03039968992878883}, "datetime": {"datetime": "2020-09-17 14:12:50", "delta": 93.358089, "elapsed": 7751.732697}}
{"target": 3.137777777777778, "params": {"beta_rec": 0.6926777175073543, "primacy": 0.0, "beta_enc": 0.8623462528380441, "gamma_fc": 0.6909421420661686}, "datetime": {"datetime": "2020-09-17 14:13:57", "delta": 67.150291, "elapsed": 7818.882988}}
{"target": 6.352222222222222, "params": {"beta_rec": 0.5815774073442912, "primacy": 0.0, "beta_enc": 0.44190428074842336, "gamma_fc": 0.9897517076637052}, "datetime": {"datetime": "2020-09-17 14:15:26", "delta": 88.654573, "elapsed": 7907.537561}}
{"target": 7.432222222222222, "params": {"beta_rec": 0.26217308377291193, "primacy": 0.0, "beta_enc": 0.24773290176235485, "gamma_fc": 0.7501724132979928}, "datetime": {"datetime": "2020-09-17 14:17:00", "delta": 94.3817, "elapsed": 8001.919261}}
{"target": 7.728888888888889, "params": {"beta_rec": 0.5085162406102396, "primacy": 0.0, "beta_enc": 0.05692943841109499, "gamma_fc": 0.21196016464367595}, "datetime": {"datetime": "2020-09-17 14:18:36", "delta": 95.272263, "elapsed": 8097.191524}}
{"target": 6.917777777777777, "params": {"beta_rec": 0.02760601195450363, "primacy": 0.0, "beta_enc": 0.29733138150727223, "gamma_fc": 0.593432449464621}, "datetime": {"datetime": "2020-09-17 14:20:07", "delta": 91.702991, "elapsed": 8188.894515}}
{"target": 6.7011111111111115, "params": {"beta_rec": 0.7498583107261434, "primacy": 0.0, "beta_enc": 0.3810161240622142, "gamma_fc": 0.5111414782971282}, "datetime": {"datetime": "2020-09-17 14:21:39", "delta": 91.713998, "elapsed": 8280.608513}}
{"target": 7.647777777777778, "params": {"beta_rec": 0.7540390247620513, "primacy": 0.0, "beta_enc": 0.026073752559552042, "gamma_fc": 0.36674876714311794}, "datetime": {"datetime": "2020-09-17 14:23:21", "delta": 101.740954, "elapsed": 8382.349467}}
{"target": 7.708888888888889, "params": {"beta_rec": 0.0, "primacy": 0.0, "beta_enc": 0.05864959703793332, "gamma_fc": 0.13254132744322758}, "datetime": {"datetime": "2020-09-17 14:25:01", "delta": 100.473219, "elapsed": 8482.822686}}
{"target": 7.717777777777778, "params": {"beta_rec": 0.0, "primacy": 0.0, "beta_enc": 0.04713336376450012, "gamma_fc": 0.0}, "datetime": {"datetime": "2020-09-17 14:26:43", "delta": 101.617833, "elapsed": 8584.440519}}
{"target": 7.694444444444445, "params": {"beta_rec": 0.09222355772534101, "primacy": 0.0, "beta_enc": 0.0, "gamma_fc": 0.025339818388564854}, "datetime": {"datetime": "2020-09-17 14:28:24", "delta": 101.088863, "elapsed": 8685.529382}}
{"target": 7.756666666666667, "params": {"beta_rec": 0.8412744130113633, "primacy": 0.0, "beta_enc": 0.11042328374372594, "gamma_fc": 0.7884874897282791}, "datetime": {"datetime": "2020-09-17 14:30:09", "delta": 104.711284, "elapsed": 8790.240666}}
{"target": 7.73, "params": {"beta_rec": 0.19735423771126837, "primacy": 0.0, "beta_enc": 0.08881133378380963, "gamma_fc": 0.818358626824681}, "datetime": {"datetime": "2020-09-17 14:31:53", "delta": 104.16367, "elapsed": 8894.404336}}
{"target": 7.726666666666667, "params": {"beta_rec": 0.3338968341285552, "primacy": 0.0, "beta_enc": 0.00894764085323378, "gamma_fc": 0.3700564955196553}, "datetime": {"datetime": "2020-09-17 14:33:34", "delta": 100.672211, "elapsed": 8995.076547}}
{"target": 7.7188888888888885, "params": {"beta_rec": 0.11693703701317842, "primacy": 0.0, "beta_enc": 0.06805235158866757, "gamma_fc": 0.4465311467279622}, "datetime": {"datetime": "2020-09-17 14:35:15", "delta": 101.492516, "elapsed": 9096.569063}}
{"target": 7.7444444444444445, "params": {"beta_rec": 0.7413078025561894, "primacy": 0.0, "beta_enc": 0.00838402047598484, "gamma_fc": 0.057477079114456625}, "datetime": {"datetime": "2020-09-17 14:37:00", "delta": 104.466045, "elapsed": 9201.035108}}
{"target": 7.742222222222222, "params": {"beta_rec": 0.7060932244472293, "primacy": 0.0, "beta_enc": 0.06637078274012453, "gamma_fc": 0.5246729629672912}, "datetime": {"datetime": "2020-09-17 14:38:40", "delta": 100.880279, "elapsed": 9301.915387}}
{"target": 7.717777777777778, "params": {"beta_rec": 0.7941710029071248, "primacy": 0.0, "beta_enc": 0.07043113453788051, "gamma_fc": 0.9274321737031654}, "datetime": {"datetime": "2020-09-17 14:40:21", "delta": 100.744537, "elapsed": 9402.659924}}
{"target": 7.7011111111111115, "params": {"beta_rec": 0.3091122785260407, "primacy": 0.0, "beta_enc": 0.10336034020035152, "gamma_fc": 0.9914240835319115}, "datetime": {"datetime": "2020-09-17 14:42:03", "delta": 101.381393, "elapsed": 9504.041317}}
{"target": 7.764444444444444, "params": {"beta_rec": 0.5005364216556948, "primacy": 0.0, "beta_enc": 0.0, "gamma_fc": 0.47228718646759577}, "datetime": {"datetime": "2020-09-17 14:43:44", "delta": 101.776247, "elapsed": 9605.817564}}
{"target": 7.762222222222222, "params": {"beta_rec": 0.1036091616773467, "primacy": 0.0, "beta_enc": 0.08562126495160026, "gamma_fc": 0.6590874771476622}, "datetime": {"datetime": "2020-09-17 14:45:28", "delta": 104.08777, "elapsed": 9709.905334}}
{"target": 7.773333333333333, "params": {"beta_rec": 0.9102288902842401, "primacy": 0.0, "beta_enc": 0.009691292499947338, "gamma_fc": 0.009114353354862853}, "datetime": {"datetime": "2020-09-17 14:47:12", "delta": 103.907457, "elapsed": 9813.812791}}
{"target": 7.805555555555555, "params": {"beta_rec": 1.0, "primacy": 0.0, "beta_enc": 0.018378745614742915, "gamma_fc": 0.08382308930066978}, "datetime": {"datetime": "2020-09-17 14:48:53", "delta": 100.652427, "elapsed": 9914.465218}}
{"target": 7.756666666666667, "params": {"beta_rec": 1.0, "primacy": 0.0, "beta_enc": 0.029221101540156513, "gamma_fc": 0.0}, "datetime": {"datetime": "2020-09-17 14:50:36", "delta": 103.511054, "elapsed": 10017.976272}}
{"target": 7.751111111111111, "params": {"beta_rec": 1.0, "primacy": 0.0, "beta_enc": 0.034332244088006114, "gamma_fc": 0.24003243226031}, "datetime": {"datetime": "2020-09-17 14:52:18", "delta": 101.351131, "elapsed": 10119.327403}}
{"target": 7.736666666666666, "params": {"beta_rec": 0.9706166963763506, "primacy": 0.0, "beta_enc": 0.051056125071219316, "gamma_fc": 0.5857642939717462}, "datetime": {"datetime": "2020-09-17 14:53:57", "delta": 99.603394, "elapsed": 10218.930797}}
{"target": 7.671111111111111, "params": {"beta_rec": 0.5701941936050513, "primacy": 0.0, "beta_enc": 0.0, "gamma_fc": 1.0}, "datetime": {"datetime": "2020-09-17 14:55:37", "delta": 99.879933, "elapsed": 10318.81073}}
{"target": 7.682222222222222, "params": {"beta_rec": 0.9096842547272517, "primacy": 0.0, "beta_enc": 0.014265986147822322, "gamma_fc": 0.1256886081585666}, "datetime": {"datetime": "2020-09-17 14:57:17", "delta": 100.102215, "elapsed": 10418.912945}}
{"target": 7.605555555555555, "params": {"beta_rec": 0.6225996470051649, "primacy": 0.0, "beta_enc": 0.0, "gamma_fc": 0.0}, "datetime": {"datetime": "2020-09-17 14:58:58", "delta": 100.573831, "elapsed": 10519.486776}}
{"target": 7.738888888888889, "params": {"beta_rec": 1.0, "primacy": 0.0, "beta_enc": 0.05123836195228013, "gamma_fc": 0.4221907054470483}, "datetime": {"datetime": "2020-09-17 15:00:41", "delta": 103.286534, "elapsed": 10622.77331}}
{"target": 7.732222222222222, "params": {"beta_rec": 0.0, "primacy": 0.0, "beta_enc": 0.01642180576522607, "gamma_fc": 0.7978778717587182}, "datetime": {"datetime": "2020-09-17 15:02:24", "delta": 103.184424, "elapsed": 10725.957734}}
{"target": 7.667777777777777, "params": {"beta_rec": 0.06993673800060118, "primacy": 0.0, "beta_enc": 0.0, "gamma_fc": 1.0}, "datetime": {"datetime": "2020-09-17 15:04:05", "delta": 100.943505, "elapsed": 10826.901239}}
{"target": 7.777777777777778, "params": {"beta_rec": 0.8193769688533158, "primacy": 0.0, "beta_enc": 0.0, "gamma_fc": 0.7230170566428856}, "datetime": {"datetime": "2020-09-17 15:05:45", "delta": 99.945488, "elapsed": 10926.846727}}
{"target": 7.702222222222222, "params": {"beta_rec": 0.7151849266702842, "primacy": 0.0, "beta_enc": 0.0, "gamma_fc": 0.839405790221124}, "datetime": {"datetime": "2020-09-17 15:07:26", "delta": 100.480006, "elapsed": 11027.326733}}
{"target": 7.693333333333333, "params": {"beta_rec": 0.852333910391269, "primacy": 0.0, "beta_enc": 0.04962187267837595, "gamma_fc": 0.5699460970266331}, "datetime": {"datetime": "2020-09-17 15:09:07", "delta": 101.194432, "elapsed": 11128.521165}}
{"target": 7.722222222222222, "params": {"beta_rec": 1.0, "primacy": 0.0, "beta_enc": 0.08042383391813268, "gamma_fc": 0.1154568343086029}, "datetime": {"datetime": "2020-09-17 15:10:28", "delta": 80.81834, "elapsed": 11209.339505}}
{"target": 7.728888888888889, "params": {"beta_rec": 0.0, "primacy": 0.0, "beta_enc": 0.026588836362005094, "gamma_fc": 0.6140635923205175}, "datetime": {"datetime": "2020-09-17 15:12:05", "delta": 97.28096, "elapsed": 11306.620465}}
{"target": 7.716666666666667, "params": {"beta_rec": 1.0, "primacy": 0.0, "beta_enc": 0.0, "gamma_fc": 0.6704992411812613}, "datetime": {"datetime": "2020-09-17 15:13:47", "delta": 101.530115, "elapsed": 11408.15058}}
{"target": 7.731111111111111, "params": {"beta_rec": 0.3067125506076766, "primacy": 0.0, "beta_enc": 0.0, "gamma_fc": 0.9569776491778329}, "datetime": {"datetime": "2020-09-17 15:15:27", "delta": 100.708534, "elapsed": 11508.859114}}
{"target": 7.673333333333333, "params": {"beta_rec": 0.5094520441661674, "primacy": 0.0, "beta_enc": 0.0, "gamma_fc": 0.31603406422741537}, "datetime": {"datetime": "2020-09-17 15:17:06", "delta": 98.946557, "elapsed": 11607.805671}}
{"target": 7.738888888888889, "params": {"beta_rec": 0.6386612222407434, "primacy": 0.0, "beta_enc": 0.0632358482356216, "gamma_fc": 0.15265962651890008}, "datetime": {"datetime": "2020-09-17 15:18:12", "delta": 65.995156, "elapsed": 11673.800827}}
{"target": 7.764444444444444, "params": {"beta_rec": 0.22079520845429412, "primacy": 0.0, "beta_enc": 0.07585287274932871, "gamma_fc": 0.3271859725036467}, "datetime": {"datetime": "2020-09-17 15:19:53", "delta": 100.54521, "elapsed": 11774.346037}}
{"target": 7.726666666666667, "params": {"beta_rec": 0.6064362727997548, "primacy": 0.0, "beta_enc": 0.0, "gamma_fc": 0.524377469553918}, "datetime": {"datetime": "2020-09-17 15:21:01", "delta": 68.159137, "elapsed": 11842.505174}}
{"target": 7.6755555555555555, "params": {"beta_rec": 0.09615075015339067, "primacy": 0.0, "beta_enc": 0.0, "gamma_fc": 0.7650343410201624}, "datetime": {"datetime": "2020-09-17 15:22:35", "delta": 93.59732, "elapsed": 11936.102494}}
{"target": 7.747777777777777, "params": {"beta_rec": 0.0, "primacy": 0.0, "beta_enc": 0.09714868621519449, "gamma_fc": 0.721744310440942}, "datetime": {"datetime": "2020-09-17 15:23:34", "delta": 59.175969, "elapsed": 11995.278463}}
{"target": 7.581111111111111, "params": {"beta_rec": 0.8930599447636426, "primacy": 0.0, "beta_enc": 0.0, "gamma_fc": 1.0}, "datetime": {"datetime": "2020-09-17 15:24:32", "delta": 57.987753, "elapsed": 12053.266216}}
{"target": 7.598888888888889, "params": {"beta_rec": 0.3460704673694369, "primacy": 0.0, "beta_enc": 0.03248963961339434, "gamma_fc": 0.5081250231225699}, "datetime": {"datetime": "2020-09-17 15:25:31", "delta": 59.235114, "elapsed": 12112.50133}}
{"target": 7.683333333333334, "params": {"beta_rec": 0.308471927185248, "primacy": 0.0, "beta_enc": 0.0, "gamma_fc": 0.24680090164182528}, "datetime": {"datetime": "2020-09-17 15:26:30", "delta": 58.572804, "elapsed": 12171.074134}}
