{"target": 9.25, "params": {"gamma_cf": 0.5442301117686367, "beta_rec": 0.8600962493363675, "gamma_fc": 0.7910233198559103, "cue_position": 16.0, "beta_enc": 0.6555289677254134}, "datetime": {"delta": 15.794972, "elapsed": 3062.187925, "datetime": "2020-06-14 10:31:53"}}
{"target": 8.125, "params": {"gamma_cf": 0.2346252069973157, "beta_rec": 0.6486873676034398, "gamma_fc": 0.45820095840438924, "cue_position": 16.0, "beta_enc": 0.7537405473728632}, "datetime": {"delta": 15.842815, "elapsed": 3078.03074, "datetime": "2020-06-14 10:32:09"}}
{"target": 9.375, "params": {"gamma_cf": 0.3357345301260044, "beta_rec": 0.4097664661113365, "gamma_fc": 0.4586884524677366, "cue_position": 16.0, "beta_enc": 0.28779670861944073}, "datetime": {"delta": 15.57741, "elapsed": 3093.60815, "datetime": "2020-06-14 10:32:24"}}
{"target": 9.375, "params": {"gamma_cf": 0.550991273559033, "beta_rec": 0.20397121613425484, "gamma_fc": 0.8502816857839666, "cue_position": 16.0, "beta_enc": 0.38186615784035793}, "datetime": {"delta": 15.910918, "elapsed": 3109.519068, "datetime": "2020-06-14 10:32:40"}}
{"target": 6.25, "params": {"gamma_cf": 0.8764423660404406, "beta_rec": 0.6241809393532867, "gamma_fc": 0.803914399864345, "cue_position": 16.0, "beta_enc": 0.6156313723344613}, "datetime": {"delta": 15.838504, "elapsed": 3125.357572, "datetime": "2020-06-14 10:32:56"}}
{"target": 7.75, "params": {"gamma_cf": 0.5015944472485819, "beta_rec": 0.4118466767604205, "gamma_fc": 0.24847013781378247, "cue_position": 16.0, "beta_enc": 0.487639935661239}, "datetime": {"delta": 16.003868, "elapsed": 3141.36144, "datetime": "2020-06-14 10:33:12"}}
{"target": 8.375, "params": {"gamma_cf": 0.7161489079250246, "beta_rec": 0.32400812329255846, "gamma_fc": 0.05790519869126898, "cue_position": 16.0, "beta_enc": 0.19698793945662352}, "datetime": {"delta": 15.810944, "elapsed": 3157.172384, "datetime": "2020-06-14 10:33:28"}}
{"target": 9.0, "params": {"gamma_cf": 0.16342234062373784, "beta_rec": 0.4141745877598789, "gamma_fc": 0.5170203984365964, "cue_position": 16.0, "beta_enc": 0.04345311582514033}, "datetime": {"delta": 16.101445, "elapsed": 3173.273829, "datetime": "2020-06-14 10:33:44"}}
{"target": 8.0, "params": {"gamma_cf": 0.09302528800321608, "beta_rec": 0.5512107879679253, "gamma_fc": 0.5810028183781405, "cue_position": 16.0, "beta_enc": 0.9489743620838272}, "datetime": {"delta": 15.990784, "elapsed": 3189.264613, "datetime": "2020-06-14 10:34:00"}}
{"target": 6.875, "params": {"gamma_cf": 0.3464274289705047, "beta_rec": 0.6135861206167806, "gamma_fc": 0.2770156295988284, "cue_position": 16.0, "beta_enc": 0.9322233740526971}, "datetime": {"delta": 16.051718, "elapsed": 3205.316331, "datetime": "2020-06-14 10:34:16"}}
{"target": 7.625, "params": {"gamma_cf": 0.7828584314511959, "beta_rec": 0.6482626327685121, "gamma_fc": 0.737854604092105, "cue_position": 16.0, "beta_enc": 0.20681217820924458}, "datetime": {"delta": 15.81026, "elapsed": 3221.126591, "datetime": "2020-06-14 10:34:32"}}
{"target": 8.375, "params": {"gamma_cf": 0.3820360575743339, "beta_rec": 0.33666694792567775, "gamma_fc": 0.260673367152224, "cue_position": 16.0, "beta_enc": 0.6963872840696689}, "datetime": {"delta": 16.15325, "elapsed": 3237.279841, "datetime": "2020-06-14 10:34:48"}}
{"target": 8.125, "params": {"gamma_cf": 0.6968570296359828, "beta_rec": 0.4667192242611212, "gamma_fc": 0.3618752077677798, "cue_position": 16.0, "beta_enc": 0.6935666648279605}, "datetime": {"delta": 16.098938, "elapsed": 3253.378779, "datetime": "2020-06-14 10:35:04"}}
{"target": 9.25, "params": {"gamma_cf": 0.867423917910993, "beta_rec": 0.22030379854044813, "gamma_fc": 0.39704765284575483, "cue_position": 16.0, "beta_enc": 0.3620256686571749}, "datetime": {"delta": 16.266284, "elapsed": 3269.645063, "datetime": "2020-06-14 10:35:20"}}
{"target": 10.25, "params": {"gamma_cf": 0.2799712754567625, "beta_rec": 0.10980903606490555, "gamma_fc": 0.2831459267486911, "cue_position": 16.0, "beta_enc": 0.1443514583149318}, "datetime": {"delta": 16.125623, "elapsed": 3285.770686, "datetime": "2020-06-14 10:35:36"}}
{"target": 9.25, "params": {"gamma_cf": 0.26638978326204954, "beta_rec": 0.18712487189771454, "gamma_fc": 0.5934730182879159, "cue_position": 16.0, "beta_enc": 0.6130466913690396}, "datetime": {"delta": 16.301963, "elapsed": 3302.072649, "datetime": "2020-06-14 10:35:53"}}
{"target": 9.375, "params": {"gamma_cf": 0.44827760143788986, "beta_rec": 0.09890076461905639, "gamma_fc": 0.7704693539950676, "cue_position": 16.0, "beta_enc": 0.03250520903088927}, "datetime": {"delta": 16.246639, "elapsed": 3318.319288, "datetime": "2020-06-14 10:36:09"}}
{"target": 10.125, "params": {"gamma_cf": 0.9657945431012895, "beta_rec": 0.21562812180762325, "gamma_fc": 0.4006614877111426, "cue_position": 16.0, "beta_enc": 0.49006002907887536}, "datetime": {"delta": 16.332701, "elapsed": 3334.651989, "datetime": "2020-06-14 10:36:25"}}
{"target": 9.875, "params": {"gamma_cf": 0.4255191128919211, "beta_rec": 0.17574100988378671, "gamma_fc": 0.5627445941721734, "cue_position": 16.0, "beta_enc": 0.516481057310223}, "datetime": {"delta": 15.987971, "elapsed": 3350.63996, "datetime": "2020-06-14 10:36:41"}}
{"target": 8.875, "params": {"gamma_cf": 0.3775672887490268, "beta_rec": 0.33943443176844146, "gamma_fc": 0.252012626660472, "cue_position": 16.0, "beta_enc": 0.6881734566160984}, "datetime": {"delta": 16.49706, "elapsed": 3367.13702, "datetime": "2020-06-14 10:36:58"}}
{"target": 7.375, "params": {"gamma_cf": 0.5333107230102955, "beta_rec": 0.510607924306649, "gamma_fc": 0.8343908565799038, "cue_position": 16.0, "beta_enc": 0.8589745467776773}, "datetime": {"delta": 16.283771, "elapsed": 3383.420791, "datetime": "2020-06-14 10:37:14"}}
{"target": 3.875, "params": {"gamma_cf": 0.7286263594601857, "beta_rec": 0.19564306589727531, "gamma_fc": 0.9526456125363366, "cue_position": 16.0, "beta_enc": 0.9982558221568688}, "datetime": {"delta": 16.334406, "elapsed": 3399.755197, "datetime": "2020-06-14 10:37:30"}}
{"target": 9.0, "params": {"gamma_cf": 0.9044780846247251, "beta_rec": 0.16375260061928465, "gamma_fc": 0.10794341006122721, "cue_position": 16.0, "beta_enc": 0.2915933499850968}, "datetime": {"delta": 16.265444, "elapsed": 3416.020641, "datetime": "2020-06-14 10:37:47"}}
{"target": 9.0, "params": {"gamma_cf": 0.43712390051884353, "beta_rec": 0.10258096476844603, "gamma_fc": 0.5007880691832005, "cue_position": 16.0, "beta_enc": 0.05308170799851031}, "datetime": {"delta": 16.720162, "elapsed": 3432.740803, "datetime": "2020-06-14 10:38:03"}}
{"target": 6.375, "params": {"gamma_cf": 0.7078268802812036, "beta_rec": 0.06576419541152001, "gamma_fc": 0.8203726182915783, "cue_position": 16.0, "beta_enc": 0.833341700360446}, "datetime": {"delta": 16.413827, "elapsed": 3449.15463, "datetime": "2020-06-14 10:38:20"}}
{"target": 6.5, "params": {"gamma_cf": 0.39927242664062557, "beta_rec": 0.9109869033876468, "gamma_fc": 0.5845234177293919, "cue_position": 16.0, "beta_enc": 0.9252481470794323}, "datetime": {"delta": 16.5173, "elapsed": 3465.67193, "datetime": "2020-06-14 10:38:36"}}
{"target": 8.875, "params": {"gamma_cf": 0.7505973627482634, "beta_rec": 0.26464752300114003, "gamma_fc": 0.1233977022051852, "cue_position": 16.0, "beta_enc": 0.12749429824971392}, "datetime": {"delta": 16.209725, "elapsed": 3481.881655, "datetime": "2020-06-14 10:38:52"}}
{"target": 7.25, "params": {"gamma_cf": 0.9970214730449922, "beta_rec": 0.35251764704060473, "gamma_fc": 0.8964770007744493, "cue_position": 16.0, "beta_enc": 0.33643045629244894}, "datetime": {"delta": 16.753372, "elapsed": 3498.635027, "datetime": "2020-06-14 10:39:09"}}
{"target": 9.125, "params": {"gamma_cf": 0.2752310835018389, "beta_rec": 0.9284470409092749, "gamma_fc": 0.898644950314514, "cue_position": 16.0, "beta_enc": 0.16959248320342835}, "datetime": {"delta": 16.544151, "elapsed": 3515.179178, "datetime": "2020-06-14 10:39:26"}}
{"target": 7.875, "params": {"gamma_cf": 0.08273692944840494, "beta_rec": 0.2566376076093626, "gamma_fc": 0.10302421656626637, "cue_position": 16.0, "beta_enc": 0.5566762234865219}, "datetime": {"delta": 16.658076, "elapsed": 3531.837254, "datetime": "2020-06-14 10:39:42"}}
{"target": 11.625, "params": {"gamma_cf": 0.8351886643791736, "beta_rec": 0.8948965462543946, "gamma_fc": 0.2557320728814124, "cue_position": 16.0, "beta_enc": 0.24228591993534876}, "datetime": {"delta": 16.54381, "elapsed": 3548.381064, "datetime": "2020-06-14 10:39:59"}}
{"target": 10.0, "params": {"gamma_cf": 0.2343409837305459, "beta_rec": 0.09660571253691275, "gamma_fc": 0.39557868200915847, "cue_position": 16.0, "beta_enc": 0.2770242543017507}, "datetime": {"delta": 16.825153, "elapsed": 3565.206217, "datetime": "2020-06-14 10:40:16"}}
{"target": 9.875, "params": {"gamma_cf": 0.18962494262504714, "beta_rec": 0.08926799230151627, "gamma_fc": 0.6345891090488778, "cue_position": 16.0, "beta_enc": 0.46073340381828765}, "datetime": {"delta": 16.720085, "elapsed": 3581.926302, "datetime": "2020-06-14 10:40:33"}}
{"target": 6.5, "params": {"gamma_cf": 0.30036330336747274, "beta_rec": 0.6982173823096172, "gamma_fc": 0.1160033722429964, "cue_position": 16.0, "beta_enc": 0.10110990317492718}, "datetime": {"delta": 16.74655, "elapsed": 3598.672852, "datetime": "2020-06-14 10:40:49"}}
{"target": 9.0, "params": {"gamma_cf": 0.8057498074992593, "beta_rec": 0.24771039607722845, "gamma_fc": 0.9719886339661504, "cue_position": 16.0, "beta_enc": 0.13573313498806627}, "datetime": {"delta": 16.442082, "elapsed": 3615.114934, "datetime": "2020-06-14 10:41:06"}}
{"target": 6.625, "params": {"gamma_cf": 0.7827979318827902, "beta_rec": 0.6984337111485832, "gamma_fc": 0.2958741597760871, "cue_position": 16.0, "beta_enc": 0.9911120690254998}, "datetime": {"delta": 16.819703, "elapsed": 3631.934637, "datetime": "2020-06-14 10:41:23"}}
{"target": 5.875, "params": {"gamma_cf": 0.36780013690314417, "beta_rec": 0.6147446022203311, "gamma_fc": 0.08928365065418165, "cue_position": 16.0, "beta_enc": 0.8034331663644444}, "datetime": {"delta": 17.215748, "elapsed": 3649.150385, "datetime": "2020-06-14 10:41:40"}}
{"target": 2.625, "params": {"gamma_cf": 0.962936390554109, "beta_rec": 0.6379018633076395, "gamma_fc": 0.9190113474427152, "cue_position": 16.0, "beta_enc": 0.9904787363410271}, "datetime": {"delta": 16.839285, "elapsed": 3665.98967, "datetime": "2020-06-14 10:41:57"}}
{"target": 6.875, "params": {"gamma_cf": 0.014073095259214852, "beta_rec": 0.8103799400595179, "gamma_fc": 0.06450279116342261, "cue_position": 16.0, "beta_enc": 0.7347918371939329}, "datetime": {"delta": 16.766983, "elapsed": 3682.756653, "datetime": "2020-06-14 10:42:13"}}
{"target": 6.125, "params": {"gamma_cf": 0.7754540271132442, "beta_rec": 0.09058910358049332, "gamma_fc": 0.7947902577632662, "cue_position": 16.0, "beta_enc": 0.9395566392312434}, "datetime": {"delta": 17.000318, "elapsed": 3699.756971, "datetime": "2020-06-14 10:42:30"}}
{"target": 8.25, "params": {"gamma_cf": 0.9138930531124015, "beta_rec": 0.70832888246508, "gamma_fc": 0.8699637605778421, "cue_position": 16.0, "beta_enc": 0.3002815378492282}, "datetime": {"delta": 16.947159, "elapsed": 3716.70413, "datetime": "2020-06-14 10:42:47"}}
{"target": 9.375, "params": {"gamma_cf": 0.42526678038377497, "beta_rec": 0.4499218345830104, "gamma_fc": 0.5668176312995247, "cue_position": 16.0, "beta_enc": 0.589340090707708}, "datetime": {"delta": 17.119737, "elapsed": 3733.823867, "datetime": "2020-06-14 10:43:04"}}
{"target": 6.875, "params": {"gamma_cf": 0.9311157793307648, "beta_rec": 0.08534339528550106, "gamma_fc": 0.8888334559504225, "cue_position": 16.0, "beta_enc": 0.8019766802738295}, "datetime": {"delta": 16.971024, "elapsed": 3750.794891, "datetime": "2020-06-14 10:43:21"}}
{"target": 8.0, "params": {"gamma_cf": 0.8928341691834201, "beta_rec": 0.6032438771536996, "gamma_fc": 0.00813973881447605, "cue_position": 16.0, "beta_enc": 0.968384465398333}, "datetime": {"delta": 17.256217, "elapsed": 3768.051108, "datetime": "2020-06-14 10:43:39"}}
{"target": 8.0, "params": {"gamma_cf": 0.17399251717237252, "beta_rec": 0.636432328376963, "gamma_fc": 0.2733140307948517, "cue_position": 16.0, "beta_enc": 0.008184056003096574}, "datetime": {"delta": 17.155261, "elapsed": 3785.206369, "datetime": "2020-06-14 10:43:56"}}
{"target": 9.625, "params": {"gamma_cf": 0.6109814086703648, "beta_rec": 0.9370744629154908, "gamma_fc": 0.3887437005718609, "cue_position": 16.0, "beta_enc": 0.5261395931606683}, "datetime": {"delta": 17.980009, "elapsed": 3803.186378, "datetime": "2020-06-14 10:44:14"}}
{"target": 9.25, "params": {"gamma_cf": 0.36041285390056665, "beta_rec": 0.3029926461747854, "gamma_fc": 0.607104269306772, "cue_position": 16.0, "beta_enc": 0.3869076985578799}, "datetime": {"delta": 17.135266, "elapsed": 3820.321644, "datetime": "2020-06-14 10:44:31"}}
{"target": 6.5, "params": {"gamma_cf": 0.08819896624106915, "beta_rec": 0.8381828132795729, "gamma_fc": 0.03866480519874094, "cue_position": 16.0, "beta_enc": 0.5164299162764646}, "datetime": {"delta": 17.340714, "elapsed": 3837.662358, "datetime": "2020-06-14 10:44:48"}}
{"target": 8.875, "params": {"gamma_cf": 0.6291588851438963, "beta_rec": 0.3106623847210215, "gamma_fc": 0.41864334113439605, "cue_position": 16.0, "beta_enc": 0.38992115519032544}, "datetime": {"delta": 17.310297, "elapsed": 3854.972655, "datetime": "2020-06-14 10:45:06"}}
{"target": 7.125, "params": {"gamma_cf": 0.18688282647173549, "beta_rec": 0.756432157938987, "gamma_fc": 0.10924882190239305, "cue_position": 16.0, "beta_enc": 0.08112082131053178}, "datetime": {"delta": 17.406546, "elapsed": 3872.379201, "datetime": "2020-06-14 10:45:23"}}
{"target": 7.375, "params": {"gamma_cf": 0.486882967988997, "beta_rec": 0.7436188121792141, "gamma_fc": 0.8978670672962349, "cue_position": 16.0, "beta_enc": 0.3775802628728626}, "datetime": {"delta": 17.012259, "elapsed": 3889.39146, "datetime": "2020-06-14 10:45:40"}}
{"target": 8.25, "params": {"gamma_cf": 0.48774217007966414, "beta_rec": 0.5949484306325055, "gamma_fc": 0.2504429279480579, "cue_position": 16.0, "beta_enc": 0.5398567631967703}, "datetime": {"delta": 17.474478, "elapsed": 3906.865938, "datetime": "2020-06-14 10:45:57"}}
{"target": 7.25, "params": {"gamma_cf": 0.3317306466255814, "beta_rec": 0.6074956747848067, "gamma_fc": 0.19420491699037568, "cue_position": 16.0, "beta_enc": 0.6818957778051854}, "datetime": {"delta": 17.393782, "elapsed": 3924.25972, "datetime": "2020-06-14 10:46:15"}}
{"target": 6.625, "params": {"gamma_cf": 0.6930925200479383, "beta_rec": 0.2009636041196302, "gamma_fc": 0.27422673176972256, "cue_position": 16.0, "beta_enc": 0.9988437134577436}, "datetime": {"delta": 17.502944, "elapsed": 3941.762664, "datetime": "2020-06-14 10:46:32"}}
{"target": 9.125, "params": {"gamma_cf": 0.024136034997251254, "beta_rec": 0.40891367286491365, "gamma_fc": 0.5075305638171124, "cue_position": 16.0, "beta_enc": 0.5533100609471621}, "datetime": {"delta": 17.792509, "elapsed": 3959.555173, "datetime": "2020-06-14 10:46:50"}}
{"target": 8.0, "params": {"gamma_cf": 0.44658040698624557, "beta_rec": 0.5446775102287387, "gamma_fc": 0.18037802087185772, "cue_position": 16.0, "beta_enc": 0.8122049097550844}, "datetime": {"delta": 17.498518, "elapsed": 3977.053691, "datetime": "2020-06-14 10:47:08"}}
{"target": 8.125, "params": {"gamma_cf": 0.7301630395669326, "beta_rec": 0.24780635673561358, "gamma_fc": 0.32765658459400104, "cue_position": 16.0, "beta_enc": 0.22943147909445327}, "datetime": {"delta": 17.369284, "elapsed": 3994.422975, "datetime": "2020-06-14 10:47:25"}}
{"target": 9.25, "params": {"gamma_cf": 0.634974917056998, "beta_rec": 0.6958661568447606, "gamma_fc": 0.42583500834058585, "cue_position": 16.0, "beta_enc": 0.3187368444804918}, "datetime": {"delta": 17.743896, "elapsed": 4012.166871, "datetime": "2020-06-14 10:47:43"}}
{"target": 7.75, "params": {"gamma_cf": 0.7749463537800196, "beta_rec": 0.6142483736189844, "gamma_fc": 0.09234290140753865, "cue_position": 16.0, "beta_enc": 0.6450588341044506}, "datetime": {"delta": 17.275662, "elapsed": 4029.442533, "datetime": "2020-06-14 10:48:00"}}
{"target": 7.25, "params": {"gamma_cf": 0.028871846822253966, "beta_rec": 0.3575518942351863, "gamma_fc": 0.18823447894680523, "cue_position": 16.0, "beta_enc": 0.93544440305654}, "datetime": {"delta": 17.752853, "elapsed": 4047.195386, "datetime": "2020-06-14 10:48:18"}}
{"target": 8.25, "params": {"gamma_cf": 0.007766817812975058, "beta_rec": 0.9391400953841134, "gamma_fc": 0.6434417371825281, "cue_position": 16.0, "beta_enc": 0.2992197889986533}, "datetime": {"delta": 17.6525, "elapsed": 4064.847886, "datetime": "2020-06-14 10:48:35"}}
{"target": 8.125, "params": {"gamma_cf": 0.6719692180949098, "beta_rec": 0.8195244106053446, "gamma_fc": 0.29540331929131836, "cue_position": 16.0, "beta_enc": 0.8497822069180154}, "datetime": {"delta": 17.875241, "elapsed": 4082.723127, "datetime": "2020-06-14 10:48:53"}}
{"target": 7.75, "params": {"gamma_cf": 0.8484796024413331, "beta_rec": 0.43953138107160805, "gamma_fc": 0.6903209854703314, "cue_position": 16.0, "beta_enc": 0.6850578420238814}, "datetime": {"delta": 17.564343, "elapsed": 4100.28747, "datetime": "2020-06-14 10:49:11"}}
{"target": 7.625, "params": {"gamma_cf": 0.6788089151253581, "beta_rec": 0.06714857441629973, "gamma_fc": 0.19153024473241365, "cue_position": 16.0, "beta_enc": 0.06617006745135778}, "datetime": {"delta": 17.936958, "elapsed": 4118.224428, "datetime": "2020-06-14 10:49:29"}}
{"target": 9.875, "params": {"gamma_cf": 0.22636502089534605, "beta_rec": 0.512886047591836, "gamma_fc": 0.5202548893759578, "cue_position": 16.0, "beta_enc": 0.03709093261304974}, "datetime": {"delta": 18.098297, "elapsed": 4136.322725, "datetime": "2020-06-14 10:49:47"}}
{"target": 8.5, "params": {"gamma_cf": 0.8061494019010446, "beta_rec": 0.06581348660732089, "gamma_fc": 0.1509788083392548, "cue_position": 16.0, "beta_enc": 0.04259744351724859}, "datetime": {"delta": 17.951335, "elapsed": 4154.27406, "datetime": "2020-06-14 10:50:05"}}
{"target": 9.125, "params": {"gamma_cf": 0.30727936504383924, "beta_rec": 0.33174505847124625, "gamma_fc": 0.45758703342174933, "cue_position": 16.0, "beta_enc": 0.9274198092694395}, "datetime": {"delta": 17.487624, "elapsed": 4171.761684, "datetime": "2020-06-14 10:50:22"}}
{"target": 6.0, "params": {"gamma_cf": 0.18096838934401072, "beta_rec": 0.4300863313000408, "gamma_fc": 0.35449924885078055, "cue_position": 16.0, "beta_enc": 0.9843131852077927}, "datetime": {"delta": 17.928149, "elapsed": 4189.689833, "datetime": "2020-06-14 10:50:40"}}
{"target": 8.125, "params": {"gamma_cf": 0.7013935533572386, "beta_rec": 0.16184569229941814, "gamma_fc": 0.15862844692910338, "cue_position": 16.0, "beta_enc": 0.9198657559486689}, "datetime": {"delta": 17.920842, "elapsed": 4207.610675, "datetime": "2020-06-14 10:50:58"}}
{"target": 8.25, "params": {"gamma_cf": 0.8450124366400887, "beta_rec": 0.6203351142457535, "gamma_fc": 0.3302647367666096, "cue_position": 16.0, "beta_enc": 0.3771487603435837}, "datetime": {"delta": 18.104981, "elapsed": 4225.715656, "datetime": "2020-06-14 10:51:16"}}
{"target": 8.875, "params": {"gamma_cf": 0.587600731569003, "beta_rec": 0.1437429371401896, "gamma_fc": 0.9177207928139837, "cue_position": 16.0, "beta_enc": 0.026898068980015455}, "datetime": {"delta": 17.945652, "elapsed": 4243.661308, "datetime": "2020-06-14 10:51:34"}}
{"target": 7.25, "params": {"gamma_cf": 0.18900318649978565, "beta_rec": 0.818809596160776, "gamma_fc": 0.16923556236299442, "cue_position": 16.0, "beta_enc": 0.5980413726737096}, "datetime": {"delta": 18.209171, "elapsed": 4261.870479, "datetime": "2020-06-14 10:51:52"}}
{"target": 7.0, "params": {"gamma_cf": 0.8849727097626761, "beta_rec": 0.4170714643758152, "gamma_fc": 0.8744757391961598, "cue_position": 16.0, "beta_enc": 0.3437150560758854}, "datetime": {"delta": 18.038862, "elapsed": 4279.909341, "datetime": "2020-06-14 10:52:11"}}
{"target": 9.25, "params": {"gamma_cf": 0.8657354189163153, "beta_rec": 0.8164559876612474, "gamma_fc": 0.7330690785485631, "cue_position": 16.0, "beta_enc": 0.577786880082207}, "datetime": {"delta": 18.687732, "elapsed": 4298.597073, "datetime": "2020-06-14 10:52:29"}}
{"target": 5.5, "params": {"gamma_cf": 0.6597669374941737, "beta_rec": 0.6854952499794407, "gamma_fc": 0.8532224950432722, "cue_position": 16.0, "beta_enc": 0.8821411183168709}, "datetime": {"delta": 17.7617, "elapsed": 4316.358773, "datetime": "2020-06-14 10:52:47"}}
{"target": 7.25, "params": {"gamma_cf": 0.5509194563253605, "beta_rec": 0.2564359032267354, "gamma_fc": 0.9275642200744768, "cue_position": 16.0, "beta_enc": 0.9067715862524233}, "datetime": {"delta": 18.250233, "elapsed": 4334.609006, "datetime": "2020-06-14 10:53:05"}}
{"target": 6.5, "params": {"gamma_cf": 0.9245941655315033, "beta_rec": 0.49799727257438486, "gamma_fc": 0.7056482064891652, "cue_position": 16.0, "beta_enc": 0.461542842782214}, "datetime": {"delta": 18.142427, "elapsed": 4352.751433, "datetime": "2020-06-14 10:53:23"}}
{"target": 6.75, "params": {"gamma_cf": 0.9342128289894369, "beta_rec": 0.9210611239218895, "gamma_fc": 0.6908184348726528, "cue_position": 16.0, "beta_enc": 0.2264563981608927}, "datetime": {"delta": 18.395205, "elapsed": 4371.146638, "datetime": "2020-06-14 10:53:42"}}
{"target": 7.25, "params": {"gamma_cf": 0.7868145027129156, "beta_rec": 0.5369836884825443, "gamma_fc": 0.2644034734241546, "cue_position": 16.0, "beta_enc": 0.7534904449868959}, "datetime": {"delta": 18.188186, "elapsed": 4389.334824, "datetime": "2020-06-14 10:54:00"}}
{"target": 8.0, "params": {"gamma_cf": 0.7010729816928728, "beta_rec": 0.8630773308163079, "gamma_fc": 0.934174044460709, "cue_position": 16.0, "beta_enc": 0.1397388481025379}, "datetime": {"delta": 18.451172, "elapsed": 4407.785996, "datetime": "2020-06-14 10:54:18"}}
