{"target": -8495.8302448384, "params": {"epsilon_d": 2.3521437618553, "phi_d": 0.4379342238341044, "beta_rec": 0.9411826055561581, "gamma_cf": 0.5804027858903614, "k_intra": 5.685641944760682, "gamma_fc": 0.17880384786983716, "s_cf": 0.9372300632402846, "beta_enc": 0.31192070558661944, "phi_s": 2.3359854744901716}, "datetime": {"delta": 43.848816, "elapsed": 10612.852644, "datetime": "2020-04-27 13:29:00"}}
{"target": -8496.695869486903, "params": {"epsilon_d": 2.350336109237211, "phi_d": 0.4382716427125127, "beta_rec": 0.9408203256246823, "gamma_cf": 0.5793953007520615, "k_intra": 5.683919585680332, "gamma_fc": 0.18052851007964038, "s_cf": 0.9366631979330168, "beta_enc": 0.30911097433925766, "phi_s": 2.3321519666289943}, "datetime": {"delta": 42.020106, "elapsed": 10654.87275, "datetime": "2020-04-27 13:29:42"}}
{"target": -8495.09829078597, "params": {"epsilon_d": 2.3576498879564998, "phi_d": 0.4370404637135082, "beta_rec": 0.9409312656481909, "gamma_cf": 0.5791138680794301, "k_intra": 5.685536938920159, "gamma_fc": 0.1723614856030396, "s_cf": 0.9396426578686949, "beta_enc": 0.3185850257798569, "phi_s": 2.3500973582087004}, "datetime": {"delta": 43.254165, "elapsed": 10698.126915, "datetime": "2020-04-27 13:30:25"}}
{"target": -8495.646224752401, "params": {"epsilon_d": 2.357084339302296, "phi_d": 0.43605852328245187, "beta_rec": 0.9395427548834511, "gamma_cf": 0.5791904255094665, "k_intra": 5.683000610073577, "gamma_fc": 0.1686453977054026, "s_cf": 0.9415824452042393, "beta_enc": 0.3160951060508147, "phi_s": 2.353900315709696}, "datetime": {"delta": 43.700823, "elapsed": 10741.827738, "datetime": "2020-04-27 13:31:09"}}
{"target": -8494.694303158685, "params": {"epsilon_d": 2.3559924146058386, "phi_d": 0.44113523913850433, "beta_rec": 0.9379788944655344, "gamma_cf": 0.5816164484082517, "k_intra": 5.687642141070307, "gamma_fc": 0.1737316149662874, "s_cf": 0.944398497597177, "beta_enc": 0.323499902316726, "phi_s": 2.3530020679560764}, "datetime": {"delta": 43.515392, "elapsed": 10785.34313, "datetime": "2020-04-27 13:31:52"}}
{"target": -8494.90585448294, "params": {"epsilon_d": 2.353980279437746, "phi_d": 0.44691248676443784, "beta_rec": 0.9405188259628632, "gamma_cf": 0.5842864120218676, "k_intra": 5.685335704653794, "gamma_fc": 0.1737665422660509, "s_cf": 0.951629834085657, "beta_enc": 0.3271417032528692, "phi_s": 2.3565200188511164}, "datetime": {"delta": 44.584632, "elapsed": 10829.927762, "datetime": "2020-04-27 13:32:37"}}
{"target": -8494.925927475164, "params": {"epsilon_d": 2.3527846990812655, "phi_d": 0.44284782629801556, "beta_rec": 0.9370199989443114, "gamma_cf": 0.587215800933885, "k_intra": 5.6886809406428975, "gamma_fc": 0.17390721169731113, "s_cf": 0.9534917977555035, "beta_enc": 0.3279548019532224, "phi_s": 2.358830022652963}, "datetime": {"delta": 41.831918, "elapsed": 10871.75968, "datetime": "2020-04-27 13:33:19"}}
{"target": -8494.873952527429, "params": {"epsilon_d": 2.355138971957483, "phi_d": 0.44544053169216613, "beta_rec": 0.9381788184333636, "gamma_cf": 0.5856145758550405, "k_intra": 5.692127223143378, "gamma_fc": 0.17286799367424216, "s_cf": 0.9468826409230848, "beta_enc": 0.3254093984448171, "phi_s": 2.35129412665958}, "datetime": {"delta": 42.740662, "elapsed": 10914.500342, "datetime": "2020-04-27 13:34:01"}}
{"target": -8494.359578800437, "params": {"epsilon_d": 2.3558584601072656, "phi_d": 0.4455737544197726, "beta_rec": 0.9386473434157304, "gamma_cf": 0.5865483623564602, "k_intra": 5.687424953982667, "gamma_fc": 0.1761444701312773, "s_cf": 0.9455570847522324, "beta_enc": 0.3242203301009806, "phi_s": 2.3550289632260624}, "datetime": {"delta": 42.326768, "elapsed": 10956.82711, "datetime": "2020-04-27 13:34:44"}}
{"target": -8493.97766003033, "params": {"epsilon_d": 2.3593412862157446, "phi_d": 0.44225324772393226, "beta_rec": 0.9383912395122881, "gamma_cf": 0.5866419829902058, "k_intra": 5.682924720839285, "gamma_fc": 0.17942703051331363, "s_cf": 0.9481519844384708, "beta_enc": 0.3225269750274167, "phi_s": 2.360700677742417}, "datetime": {"delta": 43.068184, "elapsed": 10999.895294, "datetime": "2020-04-27 13:35:27"}}
{"target": -8494.374189581913, "params": {"epsilon_d": 2.366034188639727, "phi_d": 0.4425249362304123, "beta_rec": 0.9399999705313326, "gamma_cf": 0.5910369822353989, "k_intra": 5.6851790858404065, "gamma_fc": 0.1828404168468711, "s_cf": 0.9432792171365476, "beta_enc": 0.32061101247111207, "phi_s": 2.360847214216967}, "datetime": {"delta": 43.408216, "elapsed": 11043.30351, "datetime": "2020-04-27 13:36:10"}}
{"target": -8494.319837839574, "params": {"epsilon_d": 2.3628516401025865, "phi_d": 0.44201699228175145, "beta_rec": 0.939668480483201, "gamma_cf": 0.5901993609527574, "k_intra": 5.680085989291162, "gamma_fc": 0.18258141369992933, "s_cf": 0.9470104516152056, "beta_enc": 0.3224934834413699, "phi_s": 2.3600025969238776}, "datetime": {"delta": 47.563874, "elapsed": 11090.867384, "datetime": "2020-04-27 13:36:58"}}
{"target": -8494.073047629076, "params": {"epsilon_d": 2.356095941441971, "phi_d": 0.44394505009949153, "beta_rec": 0.9367439069800941, "gamma_cf": 0.5896629286198873, "k_intra": 5.687614937698416, "gamma_fc": 0.1794755212796312, "s_cf": 0.9465777450610515, "beta_enc": 0.3255365219267279, "phi_s": 2.366698973782342}, "datetime": {"delta": 42.183025, "elapsed": 11133.050409, "datetime": "2020-04-27 13:37:40"}}
{"target": -8493.328335754333, "params": {"epsilon_d": 2.3564593461706016, "phi_d": 0.44922504907726424, "beta_rec": 0.9362973554190412, "gamma_cf": 0.58667111299768, "k_intra": 5.689088250775965, "gamma_fc": 0.18107298289684165, "s_cf": 0.9478082354426819, "beta_enc": 0.3224795444466335, "phi_s": 2.3684850908031163}, "datetime": {"delta": 44.075251, "elapsed": 11177.12566, "datetime": "2020-04-27 13:38:24"}}
{"target": -8494.04711787667, "params": {"epsilon_d": 2.354243069071641, "phi_d": 0.4510109756349767, "beta_rec": 0.9373421693906661, "gamma_cf": 0.5864417959923907, "k_intra": 5.6854386350990325, "gamma_fc": 0.17963516787983783, "s_cf": 0.9502146146741643, "beta_enc": 0.31380527613672876, "phi_s": 2.3772847099517045}, "datetime": {"delta": 42.728508, "elapsed": 11219.854168, "datetime": "2020-04-27 13:39:07"}}
{"target": -8493.058529954616, "params": {"epsilon_d": 2.3574601282943792, "phi_d": 0.4531721613643577, "beta_rec": 0.9312843881250441, "gamma_cf": 0.5878512455364832, "k_intra": 5.687651591518723, "gamma_fc": 0.18245402483714465, "s_cf": 0.9534499266098099, "beta_enc": 0.3236754029977294, "phi_s": 2.377804751477259}, "datetime": {"delta": 45.297543, "elapsed": 11265.151711, "datetime": "2020-04-27 13:39:52"}}
{"target": -8493.690362647925, "params": {"epsilon_d": 2.360382155948911, "phi_d": 0.4535221810830085, "beta_rec": 0.9224735259079209, "gamma_cf": 0.5862113107494163, "k_intra": 5.6878521138676, "gamma_fc": 0.17832543617655044, "s_cf": 0.9518489247623342, "beta_enc": 0.3229024745318017, "phi_s": 2.3735319433382425}, "datetime": {"delta": 42.618016, "elapsed": 11307.769727, "datetime": "2020-04-27 13:40:35"}}
{"target": -8493.080056535346, "params": {"epsilon_d": 2.359703252204252, "phi_d": 0.4544919164713159, "beta_rec": 0.9334256455145448, "gamma_cf": 0.5811062128244969, "k_intra": 5.688051675792932, "gamma_fc": 0.1806565545349572, "s_cf": 0.946995297025983, "beta_enc": 0.321932619589496, "phi_s": 2.3743924504624028}, "datetime": {"delta": 42.355363, "elapsed": 11350.12509, "datetime": "2020-04-27 13:41:17"}}
{"target": -8493.433468900184, "params": {"epsilon_d": 2.361153448441511, "phi_d": 0.45323221394524166, "beta_rec": 0.9298744454483057, "gamma_cf": 0.578923570354825, "k_intra": 5.685801135914025, "gamma_fc": 0.18364067590970837, "s_cf": 0.9499217126380956, "beta_enc": 0.32655414675182054, "phi_s": 2.3791649572205262}, "datetime": {"delta": 44.069541, "elapsed": 11394.194631, "datetime": "2020-04-27 13:42:01"}}
{"target": -8493.683082980235, "params": {"epsilon_d": 2.363926781963023, "phi_d": 0.4551676581704381, "beta_rec": 0.9374110627022315, "gamma_cf": 0.587418908365693, "k_intra": 5.6862061876112975, "gamma_fc": 0.18636012251079573, "s_cf": 0.9432693447654378, "beta_enc": 0.32343950429454976, "phi_s": 2.3696116283384643}, "datetime": {"delta": 43.946713, "elapsed": 11438.141344, "datetime": "2020-04-27 13:42:45"}}
{"target": -8492.801169605813, "params": {"epsilon_d": 2.358729717665606, "phi_d": 0.4498407368963883, "beta_rec": 0.9340452019100289, "gamma_cf": 0.5836144649752265, "k_intra": 5.6926962656032485, "gamma_fc": 0.18294992758306547, "s_cf": 0.9498864207673113, "beta_enc": 0.3243471985733311, "phi_s": 2.3847003386866503}, "datetime": {"delta": 41.926606, "elapsed": 11480.06795, "datetime": "2020-04-27 13:43:27"}}
{"target": -8492.180989490573, "params": {"epsilon_d": 2.3642676923305577, "phi_d": 0.45580807201648627, "beta_rec": 0.9327384461190822, "gamma_cf": 0.5855768325179831, "k_intra": 5.703305625213614, "gamma_fc": 0.18051147088300903, "s_cf": 0.9597539176053338, "beta_enc": 0.326213245297454, "phi_s": 2.3939176464121434}, "datetime": {"delta": 44.109095, "elapsed": 11524.177045, "datetime": "2020-04-27 13:44:11"}}
{"target": -8492.6742001287, "params": {"epsilon_d": 2.36634268105839, "phi_d": 0.45070472068380796, "beta_rec": 0.9286315370040087, "gamma_cf": 0.5839754387037325, "k_intra": 5.703191966966579, "gamma_fc": 0.17953339249286304, "s_cf": 0.9634131305010568, "beta_enc": 0.3266619463280718, "phi_s": 2.387140453675651}, "datetime": {"delta": 44.501493, "elapsed": 11568.678538, "datetime": "2020-04-27 13:44:56"}}
{"target": -8491.652209915888, "params": {"epsilon_d": 2.362948577840632, "phi_d": 0.45964373951799614, "beta_rec": 0.932354474422907, "gamma_cf": 0.588457557443441, "k_intra": 5.706679324273969, "gamma_fc": 0.17806615147570207, "s_cf": 0.9656557742498713, "beta_enc": 0.3227775585706097, "phi_s": 2.3984225080993045}, "datetime": {"delta": 45.507, "elapsed": 11614.185538, "datetime": "2020-04-27 13:45:41"}}
{"target": -8491.17691611466, "params": {"epsilon_d": 2.358882807125827, "phi_d": 0.4686214576194671, "beta_rec": 0.9304738042561457, "gamma_cf": 0.5923079377980589, "k_intra": 5.710887575341778, "gamma_fc": 0.17171693990497724, "s_cf": 0.9794797436415789, "beta_enc": 0.32524016286338864, "phi_s": 2.415358619449656}, "datetime": {"delta": 45.70878, "elapsed": 11659.894318, "datetime": "2020-04-27 13:46:27"}}
{"target": -8491.272308676698, "params": {"epsilon_d": 2.361386166501188, "phi_d": 0.4699825188909183, "beta_rec": 0.9260185001277852, "gamma_cf": 0.5926577391292029, "k_intra": 5.711269034710501, "gamma_fc": 0.1707882050977963, "s_cf": 0.9793267159716885, "beta_enc": 0.3259344382549164, "phi_s": 2.423386894325152}, "datetime": {"delta": 44.242418, "elapsed": 11704.136736, "datetime": "2020-04-27 13:47:11"}}
{"target": -8491.420205151953, "params": {"epsilon_d": 2.358202075354605, "phi_d": 0.46842295946654255, "beta_rec": 0.9358247033902226, "gamma_cf": 0.5915406920092923, "k_intra": 5.712703712379158, "gamma_fc": 0.172420050981349, "s_cf": 0.9759038558778014, "beta_enc": 0.32776005469515707, "phi_s": 2.4119590921138583}, "datetime": {"delta": 44.30503, "elapsed": 11748.441766, "datetime": "2020-04-27 13:47:55"}}
{"target": -8491.034349366246, "params": {"epsilon_d": 2.364205213538424, "phi_d": 0.4730849197902796, "beta_rec": 0.9331660472016599, "gamma_cf": 0.5949102784634719, "k_intra": 5.715139272991542, "gamma_fc": 0.17087777203138904, "s_cf": 0.9864853235867656, "beta_enc": 0.32734834250655315, "phi_s": 2.4232113067617775}, "datetime": {"delta": 43.815478, "elapsed": 11792.257244, "datetime": "2020-04-27 13:48:39"}}
{"target": -8491.021734754982, "params": {"epsilon_d": 2.3597050068577565, "phi_d": 0.46904386525157266, "beta_rec": 0.9339229952355081, "gamma_cf": 0.5973782538704826, "k_intra": 5.707790131471583, "gamma_fc": 0.1744604145021157, "s_cf": 0.9791361305521171, "beta_enc": 0.32578700785948106, "phi_s": 2.422394157379392}, "datetime": {"delta": 41.960531, "elapsed": 11834.217775, "datetime": "2020-04-27 13:49:21"}}
{"target": -8490.617432646597, "params": {"epsilon_d": 2.3599552291414008, "phi_d": 0.47141009879138646, "beta_rec": 0.9323038861929518, "gamma_cf": 0.6005411287191719, "k_intra": 5.712820773811818, "gamma_fc": 0.17163057163569298, "s_cf": 0.9942902288520498, "beta_enc": 0.3266097102674497, "phi_s": 2.4351536798481512}, "datetime": {"delta": 46.047634, "elapsed": 11880.265409, "datetime": "2020-04-27 13:50:07"}}
{"target": -8490.577040604267, "params": {"epsilon_d": 2.359924220300768, "phi_d": 0.46432325671031227, "beta_rec": 0.9379821518785498, "gamma_cf": 0.5984259084771257, "k_intra": 5.712581489898553, "gamma_fc": 0.17554006805723674, "s_cf": 0.9932603734806418, "beta_enc": 0.325796810496477, "phi_s": 2.425246469861477}, "datetime": {"delta": 43.521009, "elapsed": 11923.786418, "datetime": "2020-04-27 13:50:51"}}
{"target": -8490.459719667786, "params": {"epsilon_d": 2.359178607914505, "phi_d": 0.4646626517939503, "beta_rec": 0.9315145130295606, "gamma_cf": 0.6015485282199208, "k_intra": 5.720583667505881, "gamma_fc": 0.17948232307439996, "s_cf": 1.0002128319821921, "beta_enc": 0.3234074661213337, "phi_s": 2.4377427143372175}, "datetime": {"delta": 44.226775, "elapsed": 11968.013193, "datetime": "2020-04-27 13:51:35"}}
{"target": -8490.496733849923, "params": {"epsilon_d": 2.3561578525172506, "phi_d": 0.46083401192151624, "beta_rec": 0.9316643027124808, "gamma_cf": 0.5952923039320641, "k_intra": 5.712813116625921, "gamma_fc": 0.17449181513122766, "s_cf": 0.9919366452254158, "beta_enc": 0.3273911389781899, "phi_s": 2.43194920443463}, "datetime": {"delta": 44.742177, "elapsed": 12012.75537, "datetime": "2020-04-27 13:52:20"}}
{"target": -8490.398949195966, "params": {"epsilon_d": 2.3524701415190927, "phi_d": 0.4629386052355616, "beta_rec": 0.9316251799216808, "gamma_cf": 0.5969392911732754, "k_intra": 5.711642470953391, "gamma_fc": 0.17106339048253136, "s_cf": 0.9953112989599893, "beta_enc": 0.3237151528168944, "phi_s": 2.4334788614612592}, "datetime": {"delta": 45.133889, "elapsed": 12057.889259, "datetime": "2020-04-27 13:53:05"}}
{"target": -8490.349017829316, "params": {"epsilon_d": 2.360932874849478, "phi_d": 0.4665974170323773, "beta_rec": 0.9294256760805334, "gamma_cf": 0.5992032410274943, "k_intra": 5.723327525144417, "gamma_fc": 0.17256385415937028, "s_cf": 1.0034483784929753, "beta_enc": 0.3221433158470925, "phi_s": 2.433811150871318}, "datetime": {"delta": 44.306132, "elapsed": 12102.195391, "datetime": "2020-04-27 13:53:49"}}
{"target": -8491.90034046621, "params": {"epsilon_d": 2.3527548720057436, "phi_d": 0.4659227349522895, "beta_rec": 0.9303409070692618, "gamma_cf": 0.5975834314084768, "k_intra": 5.716359585822538, "gamma_fc": 0.1766588534057035, "s_cf": 0.9982309378706572, "beta_enc": 0.3153276945880688, "phi_s": 2.4275675841180377}, "datetime": {"delta": 46.662307, "elapsed": 12148.857698, "datetime": "2020-04-27 13:54:36"}}
{"target": -8492.543577804634, "params": {"epsilon_d": 2.3641969551164164, "phi_d": 0.45940967677745465, "beta_rec": 0.9280030375330238, "gamma_cf": 0.6108501215906801, "k_intra": 5.727801277615181, "gamma_fc": 0.16230918764997268, "s_cf": 1.0138418651620886, "beta_enc": 0.3327519025546158, "phi_s": 2.4633468287309035}, "datetime": {"delta": 43.775612, "elapsed": 12192.63331, "datetime": "2020-04-27 13:55:20"}}
{"target": -8490.762524465421, "params": {"epsilon_d": 2.3643546185615065, "phi_d": 0.45908377031538505, "beta_rec": 0.927172941038346, "gamma_cf": 0.5975920419437513, "k_intra": 5.711724399605159, "gamma_fc": 0.17741584026597054, "s_cf": 0.9984270701809885, "beta_enc": 0.3280183480133217, "phi_s": 2.4378869429729515}, "datetime": {"delta": 45.568499, "elapsed": 12238.201809, "datetime": "2020-04-27 13:56:05"}}
{"target": -8492.007652986247, "params": {"epsilon_d": 2.357017053757927, "phi_d": 0.4660741888111926, "beta_rec": 0.9330172014541092, "gamma_cf": 0.6069333420329359, "k_intra": 5.730691151341128, "gamma_fc": 0.17103838841128102, "s_cf": 1.007053643992329, "beta_enc": 0.33448675928723554, "phi_s": 2.4460102042005674}, "datetime": {"delta": 41.954321, "elapsed": 12280.15613, "datetime": "2020-04-27 13:56:47"}}
{"target": -8491.458018320342, "params": {"epsilon_d": 2.362158913889711, "phi_d": 0.4622581731773228, "beta_rec": 0.9344089534222412, "gamma_cf": 0.5976380904635226, "k_intra": 5.721331022743209, "gamma_fc": 0.1692502980078462, "s_cf": 0.9986866454641624, "beta_enc": 0.31635922424917184, "phi_s": 2.438061806694136}, "datetime": {"delta": 47.121501, "elapsed": 12327.277631, "datetime": "2020-04-27 13:57:34"}}
{"target": -8490.489416530754, "params": {"epsilon_d": 2.360856719683423, "phi_d": 0.4658873663422148, "beta_rec": 0.9332831938490563, "gamma_cf": 0.5960294232783371, "k_intra": 5.706784304966446, "gamma_fc": 0.17475187776137602, "s_cf": 1.006179066344678, "beta_enc": 0.32759081232552395, "phi_s": 2.4257764100658212}, "datetime": {"delta": 43.59272, "elapsed": 12370.870351, "datetime": "2020-04-27 13:58:18"}}
{"target": -8490.892372098118, "params": {"epsilon_d": 2.362475834918415, "phi_d": 0.46809632088765174, "beta_rec": 0.931659274237077, "gamma_cf": 0.604260766350738, "k_intra": 5.716311193804349, "gamma_fc": 0.17543462542189925, "s_cf": 0.9961935512864687, "beta_enc": 0.3232010215184419, "phi_s": 2.429690879121913}, "datetime": {"delta": 44.732972, "elapsed": 12415.603323, "datetime": "2020-04-27 13:59:03"}}
{"target": -8490.405413280852, "params": {"epsilon_d": 2.3612997910503304, "phi_d": 0.47413344449514866, "beta_rec": 0.9298346354152272, "gamma_cf": 0.6020985704471049, "k_intra": 5.715588060608717, "gamma_fc": 0.17325469724404116, "s_cf": 1.0127554833845844, "beta_enc": 0.3315743535230104, "phi_s": 2.453819732688571}, "datetime": {"delta": 44.370962, "elapsed": 12459.974285, "datetime": "2020-04-27 13:59:47"}}
{"target": -8490.779933322052, "params": {"epsilon_d": 2.357799279015122, "phi_d": 0.4645201539238632, "beta_rec": 0.9203262015604317, "gamma_cf": 0.5926894075690485, "k_intra": 5.710861190638537, "gamma_fc": 0.1721616298097566, "s_cf": 1.0033760707996864, "beta_enc": 0.3282559407089123, "phi_s": 2.4408335878897063}, "datetime": {"delta": 47.178008, "elapsed": 12507.152293, "datetime": "2020-04-27 14:00:34"}}
{"target": -8492.56522835134, "params": {"epsilon_d": 2.355026660668189, "phi_d": 0.4602736823801266, "beta_rec": 0.9348839759162412, "gamma_cf": 0.592336667885608, "k_intra": 5.710634743627162, "gamma_fc": 0.15725211986713877, "s_cf": 0.9995237507673578, "beta_enc": 0.3263420949742099, "phi_s": 2.4390193663103497}, "datetime": {"delta": 45.326809, "elapsed": 12552.479102, "datetime": "2020-04-27 14:01:19"}}
{"target": -8491.607355417445, "params": {"epsilon_d": 2.3654259192441702, "phi_d": 0.4738922658786717, "beta_rec": 0.9276356319399208, "gamma_cf": 0.6005044661264779, "k_intra": 5.708936137747164, "gamma_fc": 0.1859548151602472, "s_cf": 1.0187833584641417, "beta_enc": 0.334012982560018, "phi_s": 2.452036411491848}, "datetime": {"delta": 47.846817, "elapsed": 12600.325919, "datetime": "2020-04-27 14:02:07"}}
{"target": -8491.186398790072, "params": {"epsilon_d": 2.3529276806269483, "phi_d": 0.4641530529349078, "beta_rec": 0.936183042570331, "gamma_cf": 0.5964829648277332, "k_intra": 5.70764270496378, "gamma_fc": 0.18536037386337617, "s_cf": 0.9872399113797719, "beta_enc": 0.32733103780924233, "phi_s": 2.418608919813549}, "datetime": {"delta": 46.400317, "elapsed": 12646.726236, "datetime": "2020-04-27 14:02:54"}}
{"target": -8491.469653156137, "params": {"epsilon_d": 2.3624550875285304, "phi_d": 0.47280107514983694, "beta_rec": 0.9237325743947474, "gamma_cf": 0.6046049047631488, "k_intra": 5.7199209434681135, "gamma_fc": 0.17486464929089288, "s_cf": 1.0070154767753285, "beta_enc": 0.3349608021550188, "phi_s": 2.464350618797837}, "datetime": {"delta": 45.287897, "elapsed": 12692.014133, "datetime": "2020-04-27 14:03:39"}}
{"target": -8491.423951178907, "params": {"epsilon_d": 2.3411311317397825, "phi_d": 0.45593724884144143, "beta_rec": 0.9284666371470311, "gamma_cf": 0.5881826540412842, "k_intra": 5.706296191668108, "gamma_fc": 0.18731040512065864, "s_cf": 0.9870005381800674, "beta_enc": 0.3292883018511344, "phi_s": 2.42734045142845}, "datetime": {"delta": 45.170624, "elapsed": 12737.184757, "datetime": "2020-04-27 14:04:24"}}
{"target": -8490.557997341679, "params": {"epsilon_d": 2.3604402495207077, "phi_d": 0.46977314897614053, "beta_rec": 0.9289786070495205, "gamma_cf": 0.6025467724820371, "k_intra": 5.715792746428366, "gamma_fc": 0.18009373411544702, "s_cf": 1.0065440497893632, "beta_enc": 0.32890435888538483, "phi_s": 2.442907731140677}, "datetime": {"delta": 46.936784, "elapsed": 12784.121541, "datetime": "2020-04-27 14:05:11"}}
{"target": -8490.509165880758, "params": {"epsilon_d": 2.3619588689348414, "phi_d": 0.46224665680799965, "beta_rec": 0.936161858548108, "gamma_cf": 0.5916081824829001, "k_intra": 5.7005790817005275, "gamma_fc": 0.17656915684794933, "s_cf": 0.9925506148913876, "beta_enc": 0.325340867530784, "phi_s": 2.4234729011826968}, "datetime": {"delta": 44.552018, "elapsed": 12828.673559, "datetime": "2020-04-27 14:05:56"}}
{"target": -8490.56855954879, "params": {"epsilon_d": 2.3475746599995375, "phi_d": 0.4614292972606504, "beta_rec": 0.9252539139253553, "gamma_cf": 0.5952850202310346, "k_intra": 5.720028855210765, "gamma_fc": 0.17387453573359374, "s_cf": 0.9878590919465053, "beta_enc": 0.32802851934100297, "phi_s": 2.4358035527269215}, "datetime": {"delta": 43.710116, "elapsed": 12872.383675, "datetime": "2020-04-27 14:06:39"}}
{"target": -8491.079613259997, "params": {"epsilon_d": 2.3551930962875938, "phi_d": 0.4622764496819677, "beta_rec": 0.9266544003933956, "gamma_cf": 0.6020983771774071, "k_intra": 5.707157893972514, "gamma_fc": 0.17760784692181197, "s_cf": 1.0062150983385811, "beta_enc": 0.3305938083854774, "phi_s": 2.4408511574466267}, "datetime": {"delta": 43.585999, "elapsed": 12915.969674, "datetime": "2020-04-27 14:07:23"}}
