{"target": 10.070833333333333, "params": {"beta_enc": 0.05214952103332844, "gamma_cf": 0.6683284298872969, "cue_position": 16.0, "beta_rec": 0.17352901803654386, "gamma_fc": 0.5326118408739352}, "datetime": {"elapsed": 16526.297186, "datetime": "2020-06-20 06:58:54", "delta": 72.716249}}
{"target": 10.120833333333334, "params": {"beta_enc": 0.1403476257467715, "gamma_cf": 0.34286882181927614, "cue_position": 16.0, "beta_rec": 0.17708516833487853, "gamma_fc": 0.8052945011819508}, "datetime": {"elapsed": 16599.263419, "datetime": "2020-06-20 07:00:07", "delta": 72.966233}}
{"target": 10.429166666666667, "params": {"beta_enc": 0.11503784721015677, "gamma_cf": 0.8576775234008256, "cue_position": 16.0, "beta_rec": 0.8842060180620391, "gamma_fc": 0.49114402170269666}, "datetime": {"elapsed": 16675.084451, "datetime": "2020-06-20 07:01:23", "delta": 75.821032}}
{"target": 10.4375, "params": {"beta_enc": 0.09304186690764511, "gamma_cf": 0.5016696347496794, "cue_position": 16.0, "beta_rec": 0.02275120591012187, "gamma_fc": 0.5347548547579247}, "datetime": {"elapsed": 16751.834579, "datetime": "2020-06-20 07:02:40", "delta": 76.750128}}
{"target": 10.366666666666667, "params": {"beta_enc": 0.06127698284442193, "gamma_cf": 0.8247169500428442, "cue_position": 16.0, "beta_rec": 0.5710582035962951, "gamma_fc": 0.9423798485859057}, "datetime": {"elapsed": 16827.370419, "datetime": "2020-06-20 07:03:55", "delta": 75.53584}}
{"target": 10.358333333333333, "params": {"beta_enc": 0.049329236316633086, "gamma_cf": 0.7335513987613114, "cue_position": 16.0, "beta_rec": 0.4389963990272962, "gamma_fc": 0.6247615703837076}, "datetime": {"elapsed": 16904.105379, "datetime": "2020-06-20 07:05:12", "delta": 76.73496}}
{"target": 10.558333333333334, "params": {"beta_enc": 0.10414469902063894, "gamma_cf": 0.9247528088119947, "cue_position": 16.0, "beta_rec": 0.7348311473935363, "gamma_fc": 0.7721768214370404}, "datetime": {"elapsed": 16980.818022, "datetime": "2020-06-20 07:06:29", "delta": 76.712643}}
{"target": 10.241666666666667, "params": {"beta_enc": 0.08887786547563688, "gamma_cf": 0.8469205544338606, "cue_position": 16.0, "beta_rec": 0.42514158031982274, "gamma_fc": 0.9372347326193313}, "datetime": {"elapsed": 17053.309821, "datetime": "2020-06-20 07:07:41", "delta": 72.491799}}
{"target": 10.508333333333333, "params": {"beta_enc": 0.050608988282596336, "gamma_cf": 0.9391388505552676, "cue_position": 16.0, "beta_rec": 0.6418111518452652, "gamma_fc": 0.8727857679011991}, "datetime": {"elapsed": 17124.214238, "datetime": "2020-06-20 07:08:52", "delta": 70.904417}}
{"target": 10.2875, "params": {"beta_enc": 0.015739653516086742, "gamma_cf": 0.9095207362730265, "cue_position": 16.0, "beta_rec": 0.7964314459649781, "gamma_fc": 0.8481032784128547}, "datetime": {"elapsed": 17194.938228, "datetime": "2020-06-20 07:10:03", "delta": 70.72399}}
{"target": 10.2125, "params": {"beta_enc": 0.04990434017908243, "gamma_cf": 0.9232958448761838, "cue_position": 16.0, "beta_rec": 0.5041804639766471, "gamma_fc": 0.8105866694206457}, "datetime": {"elapsed": 17264.570613, "datetime": "2020-06-20 07:11:13", "delta": 69.632385}}
{"target": 10.445833333333333, "params": {"beta_enc": 0.10438395756157051, "gamma_cf": 0.6584525717713223, "cue_position": 16.0, "beta_rec": 0.012564903140827798, "gamma_fc": 0.509411984070672}, "datetime": {"elapsed": 17334.958861, "datetime": "2020-06-20 07:12:23", "delta": 70.388248}}
{"target": 10.479166666666666, "params": {"beta_enc": 0.05852912616603765, "gamma_cf": 1.0, "cue_position": 16.0, "beta_rec": 0.25189475705457903, "gamma_fc": 0.20429649927660687}, "datetime": {"elapsed": 17405.947858, "datetime": "2020-06-20 07:13:34", "delta": 70.988997}}
{"target": 10.166666666666666, "params": {"beta_enc": 0.004273513904022687, "gamma_cf": 0.9488103446583827, "cue_position": 16.0, "beta_rec": 0.20536868172805037, "gamma_fc": 0.3456192778961954}, "datetime": {"elapsed": 17476.686463, "datetime": "2020-06-20 07:14:45", "delta": 70.738605}}
{"target": 10.220833333333333, "params": {"beta_enc": 0.1734326504252341, "gamma_cf": 0.9635556655200077, "cue_position": 16.0, "beta_rec": 0.7053503254981809, "gamma_fc": 0.8730665297417469}, "datetime": {"elapsed": 17545.34534, "datetime": "2020-06-20 07:15:53", "delta": 68.658877}}
{"target": 10.466666666666667, "params": {"beta_enc": 0.13917425148865725, "gamma_cf": 0.6343263293301761, "cue_position": 16.0, "beta_rec": 0.9074968572474159, "gamma_fc": 0.9974605243543528}, "datetime": {"elapsed": 17615.105186, "datetime": "2020-06-20 07:17:03", "delta": 69.759846}}
{"target": 10.416666666666666, "params": {"beta_enc": 0.14897104784332943, "gamma_cf": 0.8173512402276466, "cue_position": 16.0, "beta_rec": 0.03224328537954178, "gamma_fc": 0.4776811108637948}, "datetime": {"elapsed": 17684.904124, "datetime": "2020-06-20 07:18:13", "delta": 69.798938}}
{"target": 10.4125, "params": {"beta_enc": 0.046594696787959994, "gamma_cf": 0.851683783123736, "cue_position": 16.0, "beta_rec": 0.9910371068933725, "gamma_fc": 0.5789342398762355}, "datetime": {"elapsed": 17757.31819, "datetime": "2020-06-20 07:19:25", "delta": 72.414066}}
{"target": 9.945833333333333, "params": {"beta_enc": 0.20321554646979695, "gamma_cf": 0.8222020334445737, "cue_position": 16.0, "beta_rec": 0.9597505953590605, "gamma_fc": 0.5514857754591651}, "datetime": {"elapsed": 17827.761176, "datetime": "2020-06-20 07:20:36", "delta": 70.442986}}
{"target": 10.2875, "params": {"beta_enc": 0.0, "gamma_cf": 0.8969183458057214, "cue_position": 16.0, "beta_rec": 0.8494569952264996, "gamma_fc": 0.4899517542784818}, "datetime": {"elapsed": 17901.260077, "datetime": "2020-06-20 07:21:49", "delta": 73.498901}}
{"target": 0.0, "params": {"beta_enc": 0.05878273884725394, "gamma_cf": 0.6108016974921531, "cue_position": 16.0, "beta_rec": 0.8152103626511661, "gamma_fc": 1.0}, "datetime": {"elapsed": 17950.682728, "datetime": "2020-06-20 07:22:39", "delta": 49.422651}}
{"target": 10.270833333333334, "params": {"beta_enc": 0.07721676100365352, "gamma_cf": 0.541740729867131, "cue_position": 16.0, "beta_rec": 0.9520217650507659, "gamma_fc": 0.9551881179167188}, "datetime": {"elapsed": 18024.955026, "datetime": "2020-06-20 07:23:53", "delta": 74.272298}}
{"target": 10.420833333333333, "params": {"beta_enc": 0.14080520013447176, "gamma_cf": 0.7000969267008786, "cue_position": 16.0, "beta_rec": 0.857344371398536, "gamma_fc": 0.8832963293017162}, "datetime": {"elapsed": 18110.064544, "datetime": "2020-06-20 07:25:18", "delta": 85.109518}}
{"target": 10.158333333333333, "params": {"beta_enc": 0.16453625139397957, "gamma_cf": 0.6389901469608453, "cue_position": 16.0, "beta_rec": 0.9340438841963891, "gamma_fc": 0.9826203585571144}, "datetime": {"elapsed": 18188.127387, "datetime": "2020-06-20 07:26:36", "delta": 78.062843}}
{"target": 10.229166666666666, "params": {"beta_enc": 0.191438454952693, "gamma_cf": 0.47574457836685075, "cue_position": 16.0, "beta_rec": 0.8586763327244304, "gamma_fc": 0.8982897340003689}, "datetime": {"elapsed": 18270.096384, "datetime": "2020-06-20 07:27:58", "delta": 81.968997}}
{"target": 10.491666666666667, "params": {"beta_enc": 0.1121974710046455, "gamma_cf": 0.7041162500851419, "cue_position": 16.0, "beta_rec": 0.8069700310337126, "gamma_fc": 0.8598615167174816}, "datetime": {"elapsed": 18349.549728, "datetime": "2020-06-20 07:29:18", "delta": 79.453344}}
{"target": 10.1875, "params": {"beta_enc": 0.12850327835818443, "gamma_cf": 0.8923795864590579, "cue_position": 16.0, "beta_rec": 0.3302053482996003, "gamma_fc": 0.4579662256277263}, "datetime": {"elapsed": 18425.721574, "datetime": "2020-06-20 07:30:34", "delta": 76.171846}}
{"target": 10.491666666666667, "params": {"beta_enc": 0.010920381481762283, "gamma_cf": 0.5258717549926559, "cue_position": 16.0, "beta_rec": 0.9395716703060695, "gamma_fc": 0.9241867423048945}, "datetime": {"elapsed": 18501.572857, "datetime": "2020-06-20 07:31:50", "delta": 75.851283}}
{"target": 10.345833333333333, "params": {"beta_enc": 0.12649511624243617, "gamma_cf": 0.8374247530841964, "cue_position": 16.0, "beta_rec": 0.6884696365987626, "gamma_fc": 0.7676243427590265}, "datetime": {"elapsed": 18578.199695, "datetime": "2020-06-20 07:33:06", "delta": 76.626838}}
{"target": 10.35, "params": {"beta_enc": 0.10541314484390762, "gamma_cf": 0.9046374986877069, "cue_position": 16.0, "beta_rec": 0.5453792287298432, "gamma_fc": 0.9190636126344609}, "datetime": {"elapsed": 18653.81278, "datetime": "2020-06-20 07:34:22", "delta": 75.613085}}
{"target": 10.3375, "params": {"beta_enc": 0.12806086491952312, "gamma_cf": 0.8872033434334903, "cue_position": 16.0, "beta_rec": 0.11508206823140475, "gamma_fc": 0.4335994522350541}, "datetime": {"elapsed": 18732.671564, "datetime": "2020-06-20 07:35:41", "delta": 78.858784}}
{"target": 10.15, "params": {"beta_enc": 0.2477392200394706, "gamma_cf": 0.46395621086652067, "cue_position": 16.0, "beta_rec": 0.4652929724678727, "gamma_fc": 0.8557880547805492}, "datetime": {"elapsed": 18810.00206, "datetime": "2020-06-20 07:36:58", "delta": 77.330496}}
{"target": 10.070833333333333, "params": {"beta_enc": 0.0922459408694324, "gamma_cf": 0.9403249395484199, "cue_position": 16.0, "beta_rec": 0.9326746692365872, "gamma_fc": 0.5658402721811779}, "datetime": {"elapsed": 18888.013549, "datetime": "2020-06-20 07:38:16", "delta": 78.011489}}
{"target": 10.420833333333333, "params": {"beta_enc": 0.00564663462648549, "gamma_cf": 0.8880633562095356, "cue_position": 16.0, "beta_rec": 0.9882505906113584, "gamma_fc": 0.680756072205617}, "datetime": {"elapsed": 18969.370554, "datetime": "2020-06-20 07:39:37", "delta": 81.357005}}
{"target": 10.120833333333334, "params": {"beta_enc": 0.09152158191609507, "gamma_cf": 0.8047401606524919, "cue_position": 16.0, "beta_rec": 0.7852001505606846, "gamma_fc": 0.45482956984577677}, "datetime": {"elapsed": 19047.4181, "datetime": "2020-06-20 07:40:56", "delta": 78.047546}}
{"target": 10.158333333333333, "params": {"beta_enc": 0.21467298042793984, "gamma_cf": 0.3587984962787951, "cue_position": 16.0, "beta_rec": 0.6897145116415928, "gamma_fc": 0.8159511813424641}, "datetime": {"elapsed": 19124.92699, "datetime": "2020-06-20 07:42:13", "delta": 77.50889}}
{"target": 10.333333333333334, "params": {"beta_enc": 0.15733741248187233, "gamma_cf": 0.7525892192835425, "cue_position": 16.0, "beta_rec": 0.49205059609626445, "gamma_fc": 0.7363208170971265}, "datetime": {"elapsed": 19203.666542, "datetime": "2020-06-20 07:43:32", "delta": 78.739552}}
{"target": 10.195833333333333, "params": {"beta_enc": 0.1574380637200316, "gamma_cf": 0.8303275651662019, "cue_position": 16.0, "beta_rec": 0.8126432990770532, "gamma_fc": 0.6339170859533618}, "datetime": {"elapsed": 19282.737395, "datetime": "2020-06-20 07:44:51", "delta": 79.070853}}
{"target": 10.1125, "params": {"beta_enc": 0.26068968580547947, "gamma_cf": 0.5007207699433164, "cue_position": 16.0, "beta_rec": 0.8278164379994495, "gamma_fc": 0.7231261294019933}, "datetime": {"elapsed": 19357.705966, "datetime": "2020-06-20 07:46:06", "delta": 74.968571}}
{"target": 10.366666666666667, "params": {"beta_enc": 0.10527356837862285, "gamma_cf": 0.573661108063948, "cue_position": 16.0, "beta_rec": 0.08595447966342093, "gamma_fc": 0.507416420787239}, "datetime": {"elapsed": 19433.93083, "datetime": "2020-06-20 07:47:22", "delta": 76.224864}}
{"target": 10.483333333333333, "params": {"beta_enc": 0.06375623721846341, "gamma_cf": 0.8978287041756124, "cue_position": 16.0, "beta_rec": 0.305503614964289, "gamma_fc": 0.20063849119788993}, "datetime": {"elapsed": 19512.235193, "datetime": "2020-06-20 07:48:40", "delta": 78.304363}}
{"target": 10.2, "params": {"beta_enc": 0.13868021953032994, "gamma_cf": 0.9649902304665757, "cue_position": 16.0, "beta_rec": 0.26310261943296226, "gamma_fc": 0.2379191573027843}, "datetime": {"elapsed": 19591.214269, "datetime": "2020-06-20 07:49:59", "delta": 78.979076}}
{"target": 10.229166666666666, "params": {"beta_enc": 0.011693254777258024, "gamma_cf": 0.8151785649596254, "cue_position": 16.0, "beta_rec": 0.7496471057056942, "gamma_fc": 0.628550598872927}, "datetime": {"elapsed": 19670.127034, "datetime": "2020-06-20 07:51:18", "delta": 78.912765}}
{"target": 10.054166666666667, "params": {"beta_enc": 0.11797868406189144, "gamma_cf": 0.7055061227366386, "cue_position": 16.0, "beta_rec": 0.6737764251081141, "gamma_fc": 0.6751390078732161}, "datetime": {"elapsed": 19749.230452, "datetime": "2020-06-20 07:52:37", "delta": 79.103418}}
{"target": 10.291666666666666, "params": {"beta_enc": 0.11876991324537224, "gamma_cf": 0.632807619377409, "cue_position": 16.0, "beta_rec": 0.4658668951771403, "gamma_fc": 0.5832221372110526}, "datetime": {"elapsed": 19836.542297, "datetime": "2020-06-20 07:54:05", "delta": 87.311845}}
{"target": 10.379166666666666, "params": {"beta_enc": 0.04327124211859875, "gamma_cf": 0.8260432785923932, "cue_position": 16.0, "beta_rec": 0.46841837486132537, "gamma_fc": 0.5331799174381758}, "datetime": {"elapsed": 19921.937919, "datetime": "2020-06-20 07:55:30", "delta": 85.395622}}
{"target": 10.245833333333334, "params": {"beta_enc": 0.10892053188583355, "gamma_cf": 0.9021596754641064, "cue_position": 16.0, "beta_rec": 0.8569477339870599, "gamma_fc": 0.7852809712350632}, "datetime": {"elapsed": 20011.538123, "datetime": "2020-06-20 07:57:00", "delta": 89.600204}}
{"target": 10.2, "params": {"beta_enc": 0.26152334425838936, "gamma_cf": 0.56638548867811, "cue_position": 16.0, "beta_rec": 0.21584534715665096, "gamma_fc": 0.8476166719543269}, "datetime": {"elapsed": 20098.577855, "datetime": "2020-06-20 07:58:27", "delta": 87.039732}}
{"target": 10.2875, "params": {"beta_enc": 0.1769817033269821, "gamma_cf": 0.5717719789283167, "cue_position": 16.0, "beta_rec": 0.8720272985867109, "gamma_fc": 0.9034348680152163}, "datetime": {"elapsed": 20186.48109, "datetime": "2020-06-20 07:59:55", "delta": 87.903235}}
{"target": 10.220833333333333, "params": {"beta_enc": 0.22274496735324084, "gamma_cf": 0.5144347774765025, "cue_position": 16.0, "beta_rec": 0.6351095488276425, "gamma_fc": 0.7440310055093614}, "datetime": {"elapsed": 20275.29849, "datetime": "2020-06-20 08:01:23", "delta": 88.8174}}
{"target": 10.291666666666666, "params": {"beta_enc": 0.09679116081065799, "gamma_cf": 0.6484706520242521, "cue_position": 16.0, "beta_rec": 0.411303654221417, "gamma_fc": 0.7827738230131268}, "datetime": {"elapsed": 20364.760975, "datetime": "2020-06-20 08:02:53", "delta": 89.462485}}
{"target": 10.216666666666667, "params": {"beta_enc": 0.10603248341342711, "gamma_cf": 0.7904849834720681, "cue_position": 16.0, "beta_rec": 0.38852948640473073, "gamma_fc": 0.23769744955084843}, "datetime": {"elapsed": 20453.024656, "datetime": "2020-06-20 08:04:21", "delta": 88.263681}}
{"target": 10.308333333333334, "params": {"beta_enc": 0.11180095146218091, "gamma_cf": 0.5881939875230844, "cue_position": 16.0, "beta_rec": 0.012182443579171044, "gamma_fc": 0.6018183800214023}, "datetime": {"elapsed": 20545.174574, "datetime": "2020-06-20 08:05:53", "delta": 92.149918}}
{"target": 11.1625, "params": {"beta_enc": 0.8959953518810385, "gamma_cf": 0.009950295179894986, "cue_position": 16.0, "beta_rec": 0.8734167164267839, "gamma_fc": 0.8970623398019743}, "datetime": {"elapsed": 20639.133877, "datetime": "2020-06-20 08:07:27", "delta": 93.959303}}
{"target": 10.275, "params": {"beta_enc": 0.05235941612407122, "gamma_cf": 0.7223460956041745, "cue_position": 16.0, "beta_rec": 0.8963780819856826, "gamma_fc": 0.8683660443922834}, "datetime": {"elapsed": 20726.275609, "datetime": "2020-06-20 08:08:54", "delta": 87.141732}}
{"target": 11.25, "params": {"beta_enc": 0.9029567933505092, "gamma_cf": 0.0035305727372643148, "cue_position": 16.0, "beta_rec": 0.848304956944027, "gamma_fc": 0.9140972230653513}, "datetime": {"elapsed": 20808.77904, "datetime": "2020-06-20 08:10:17", "delta": 82.503431}}
{"target": 10.354166666666666, "params": {"beta_enc": 0.09688229044837315, "gamma_cf": 0.4726609550086048, "cue_position": 16.0, "beta_rec": 0.22192145313917605, "gamma_fc": 0.7584319735256403}, "datetime": {"elapsed": 20892.685231, "datetime": "2020-06-20 08:11:41", "delta": 83.906191}}
{"target": 10.045833333333333, "params": {"beta_enc": 0.2399741089117788, "gamma_cf": 0.7860673082582877, "cue_position": 16.0, "beta_rec": 0.20856999041883958, "gamma_fc": 0.8184867933898855}, "datetime": {"elapsed": 20975.724061, "datetime": "2020-06-20 08:13:04", "delta": 83.03883}}
{"target": 10.5125, "params": {"beta_enc": 0.03255730734158277, "gamma_cf": 0.915279159441884, "cue_position": 16.0, "beta_rec": 0.6294165735028028, "gamma_fc": 0.30483355547732743}, "datetime": {"elapsed": 21060.316249, "datetime": "2020-06-20 08:14:28", "delta": 84.592188}}
{"target": 10.25, "params": {"beta_enc": 0.012976770513267191, "gamma_cf": 0.8676227657879714, "cue_position": 16.0, "beta_rec": 0.6193889086721731, "gamma_fc": 0.43583456165534135}, "datetime": {"elapsed": 21144.430878, "datetime": "2020-06-20 08:15:53", "delta": 84.114629}}
{"target": 10.3875, "params": {"beta_enc": 0.09703583616219799, "gamma_cf": 0.9746006866549567, "cue_position": 16.0, "beta_rec": 0.6972708937706349, "gamma_fc": 0.3031960670607724}, "datetime": {"elapsed": 21230.242525, "datetime": "2020-06-20 08:17:18", "delta": 85.811647}}
{"target": 10.175, "params": {"beta_enc": 0.03123939562113085, "gamma_cf": 0.7708713602059425, "cue_position": 16.0, "beta_rec": 0.8969793369425879, "gamma_fc": 0.5549100645451917}, "datetime": {"elapsed": 21310.46669, "datetime": "2020-06-20 08:18:39", "delta": 80.224165}}
{"target": 10.375, "params": {"beta_enc": 0.22558086220515627, "gamma_cf": 0.7681885231605393, "cue_position": 16.0, "beta_rec": 0.41898514137707277, "gamma_fc": 0.8586801110620669}, "datetime": {"elapsed": 21392.610103, "datetime": "2020-06-20 08:20:01", "delta": 82.143413}}
{"target": 10.170833333333333, "params": {"beta_enc": 0.05617556531223253, "gamma_cf": 0.8873944513586092, "cue_position": 16.0, "beta_rec": 0.6988570625338114, "gamma_fc": 0.22402359359000412}, "datetime": {"elapsed": 21476.194644, "datetime": "2020-06-20 08:21:24", "delta": 83.584541}}
{"target": 10.308333333333334, "params": {"beta_enc": 0.09165534871291481, "gamma_cf": 0.7644065814323789, "cue_position": 16.0, "beta_rec": 0.0, "gamma_fc": 0.39361178551925596}, "datetime": {"elapsed": 21561.160885, "datetime": "2020-06-20 08:22:49", "delta": 84.966241}}
{"target": 10.204166666666667, "params": {"beta_enc": 0.06781605504062331, "gamma_cf": 0.9336518913405275, "cue_position": 16.0, "beta_rec": 0.6479425797899266, "gamma_fc": 0.6982068996786583}, "datetime": {"elapsed": 21645.28183, "datetime": "2020-06-20 08:24:13", "delta": 84.120945}}
{"target": 10.270833333333334, "params": {"beta_enc": 0.19978146526249588, "gamma_cf": 0.9639172530224988, "cue_position": 16.0, "beta_rec": 0.7593002695927237, "gamma_fc": 0.6897662870988073}, "datetime": {"elapsed": 21730.764737, "datetime": "2020-06-20 08:25:39", "delta": 85.482907}}
{"target": 10.245833333333334, "params": {"beta_enc": 0.0, "gamma_cf": 0.9487743970583223, "cue_position": 16.0, "beta_rec": 0.7307874876704444, "gamma_fc": 0.35731707033483684}, "datetime": {"elapsed": 21819.610846, "datetime": "2020-06-20 08:27:08", "delta": 88.846109}}
{"target": 10.2625, "params": {"beta_enc": 0.10833143918762807, "gamma_cf": 0.5727157058228652, "cue_position": 16.0, "beta_rec": 0.21204208104948696, "gamma_fc": 0.8566194366970528}, "datetime": {"elapsed": 21906.823048, "datetime": "2020-06-20 08:28:35", "delta": 87.212202}}
{"target": 10.0875, "params": {"beta_enc": 0.20263607072683903, "gamma_cf": 0.4811847627810703, "cue_position": 16.0, "beta_rec": 0.888796312378309, "gamma_fc": 0.99395674548377}, "datetime": {"elapsed": 21995.255689, "datetime": "2020-06-20 08:30:03", "delta": 88.432641}}
{"target": 10.279166666666667, "params": {"beta_enc": 0.09274669800097886, "gamma_cf": 0.45350785511291186, "cue_position": 16.0, "beta_rec": 0.8894023813267596, "gamma_fc": 0.9222393909121135}, "datetime": {"elapsed": 22087.076161, "datetime": "2020-06-20 08:31:35", "delta": 91.820472}}
{"target": 10.125, "params": {"beta_enc": 0.14022479096622503, "gamma_cf": 0.40610826748766937, "cue_position": 16.0, "beta_rec": 0.5233284346098893, "gamma_fc": 0.7348057708169542}, "datetime": {"elapsed": 22179.455724, "datetime": "2020-06-20 08:33:08", "delta": 92.379563}}
{"target": 10.15, "params": {"beta_enc": 0.0, "gamma_cf": 0.8685543688789775, "cue_position": 16.0, "beta_rec": 0.5521897260668046, "gamma_fc": 0.8832425693424143}, "datetime": {"elapsed": 22270.764793, "datetime": "2020-06-20 08:34:39", "delta": 91.309069}}
{"target": 10.3375, "params": {"beta_enc": 0.05267894989709006, "gamma_cf": 0.8628504775945269, "cue_position": 16.0, "beta_rec": 0.3991869443205499, "gamma_fc": 0.6637465553258348}, "datetime": {"elapsed": 22365.281759, "datetime": "2020-06-20 08:36:13", "delta": 94.516966}}
{"target": 10.229166666666666, "params": {"beta_enc": 0.04722188526897882, "gamma_cf": 0.9658283527935972, "cue_position": 16.0, "beta_rec": 0.5189684093730536, "gamma_fc": 0.260477444006043}, "datetime": {"elapsed": 22458.484552, "datetime": "2020-06-20 08:37:47", "delta": 93.202793}}
{"target": 10.2625, "params": {"beta_enc": 0.22352352671168688, "gamma_cf": 0.8966929374476387, "cue_position": 16.0, "beta_rec": 0.4730104442313143, "gamma_fc": 0.6729699852294044}, "datetime": {"elapsed": 22556.65644, "datetime": "2020-06-20 08:39:25", "delta": 98.171888}}
{"target": 10.104166666666666, "params": {"beta_enc": 0.13033754223614866, "gamma_cf": 0.5868493857500923, "cue_position": 16.0, "beta_rec": 0.886452776368322, "gamma_fc": 0.6292784828863722}, "datetime": {"elapsed": 22655.088864, "datetime": "2020-06-20 08:41:03", "delta": 98.432424}}
