{"target": 7.507555555555555, "params": {"cue_position": 0.0, "beta_rec": 0.7203244934421581, "beta_enc": 0.417022004702574, "gamma_fc": 0.14675589081711304, "k": 5.0, "enc_rate": 1.0}, "datetime": {"elapsed": 0.0, "delta": 0.0, "datetime": "2020-11-23 14:42:32"}}
{"target": 7.537111111111111, "params": {"cue_position": 0.0, "beta_rec": 0.34556072704304774, "beta_enc": 0.1862602113776709, "gamma_fc": 0.4191945144032948, "k": 5.0, "enc_rate": 1.0}, "datetime": {"elapsed": 21.7596, "delta": 21.7596, "datetime": "2020-11-23 14:42:54"}}
{"target": 7.523555555555555, "params": {"cue_position": 0.0, "beta_rec": 0.8781174363909454, "beta_enc": 0.20445224973151743, "gamma_fc": 0.41730480236712697, "k": 5.0, "enc_rate": 1.0}, "datetime": {"elapsed": 43.318356, "delta": 21.558756, "datetime": "2020-11-23 14:43:16"}}
{"target": 7.551777777777778, "params": {"cue_position": 0.0, "beta_rec": 0.1981014890848788, "beta_enc": 0.14038693859523377, "gamma_fc": 0.31342417815924284, "k": 5.0, "enc_rate": 1.0}, "datetime": {"elapsed": 64.895717, "delta": 21.577361, "datetime": "2020-11-23 14:43:37"}}
{"target": 8.835555555555556, "params": {"cue_position": 0.0, "beta_rec": 0.8946066635038473, "beta_enc": 0.8763891522960383, "gamma_fc": 0.1698304195645689, "k": 5.0, "enc_rate": 1.0}, "datetime": {"elapsed": 88.671913, "delta": 23.776196, "datetime": "2020-11-23 14:44:01"}}
{"target": 7.546444444444444, "params": {"cue_position": 0.0, "beta_rec": 0.42110762500505217, "beta_enc": 0.0983468338330501, "gamma_fc": 0.6918771139504734, "k": 5.0, "enc_rate": 1.0}, "datetime": {"elapsed": 110.278375, "delta": 21.606462, "datetime": "2020-11-23 14:44:23"}}
{"target": 6.6948888888888884, "params": {"cue_position": 0.0, "beta_rec": 0.8346256718973729, "beta_enc": 0.6865009276815837, "gamma_fc": 0.9888610889064947, "k": 5.0, "enc_rate": 1.0}, "datetime": {"elapsed": 130.451249, "delta": 20.172874, "datetime": "2020-11-23 14:44:43"}}
{"target": 7.470888888888888, "params": {"cue_position": 0.0, "beta_rec": 0.7892793284514885, "beta_enc": 0.2804439920644052, "gamma_fc": 0.9085955030930956, "k": 5.0, "enc_rate": 1.0}, "datetime": {"elapsed": 152.008661, "delta": 21.557412, "datetime": "2020-11-23 14:45:04"}}
{"target": 7.526000000000001, "params": {"cue_position": 0.0, "beta_rec": 0.13002857211827767, "beta_enc": 0.28777533858634874, "gamma_fc": 0.21162811600005904, "k": 5.0, "enc_rate": 1.0}, "datetime": {"elapsed": 173.520326, "delta": 21.511665, "datetime": "2020-11-23 14:45:26"}}
{"target": 6.713555555555556, "params": {"cue_position": 0.0, "beta_rec": 0.053362545117080384, "beta_enc": 0.4915731592803383, "gamma_fc": 0.5893055369032842, "k": 5.0, "enc_rate": 1.0}, "datetime": {"elapsed": 193.853427, "delta": 20.333101, "datetime": "2020-11-23 14:45:46"}}
{"target": 7.558666666666667, "params": {"cue_position": 0.0, "beta_rec": 0.4140559878195683, "beta_enc": 0.10233442882782584, "gamma_fc": 0.04995345894608716, "k": 5.0, "enc_rate": 1.0}, "datetime": {"elapsed": 215.469557, "delta": 21.61613, "datetime": "2020-11-23 14:46:08"}}
{"target": 6.589777777777778, "params": {"cue_position": 0.0, "beta_rec": 0.5148891120583086, "beta_enc": 0.6637946452197888, "gamma_fc": 0.9034019152878835, "k": 5.0, "enc_rate": 1.0}, "datetime": {"elapsed": 235.546167, "delta": 20.07661, "datetime": "2020-11-23 14:46:28"}}
{"target": 7.504, "params": {"cue_position": 0.0, "beta_rec": 0.8073912887095238, "beta_enc": 0.13927634725075855, "gamma_fc": 0.9275085803960339, "k": 5.0, "enc_rate": 1.0}, "datetime": {"elapsed": 257.422173, "delta": 21.876006, "datetime": "2020-11-23 14:46:50"}}
{"target": 6.704444444444445, "params": {"cue_position": 0.0, "beta_rec": 0.7259979853504515, "beta_enc": 0.7508121031361555, "gamma_fc": 0.7509424340273372, "k": 5.0, "enc_rate": 1.0}, "datetime": {"elapsed": 277.826925, "delta": 20.404752, "datetime": "2020-11-23 14:47:10"}}
{"target": 7.503777777777778, "params": {"cue_position": 0.0, "beta_rec": 0.8958862181960668, "beta_enc": 0.2699278917650261, "gamma_fc": 0.6634414978184481, "k": 5.0, "enc_rate": 1.0}, "datetime": {"elapsed": 299.423611, "delta": 21.596686, "datetime": "2020-11-23 14:47:32"}}
{"target": 7.543777777777779, "params": {"cue_position": 0.0, "beta_rec": 0.9494892587070712, "beta_enc": 0.11474597295337519, "gamma_fc": 0.40813680276128117, "k": 5.0, "enc_rate": 1.0}, "datetime": {"elapsed": 321.12556, "delta": 21.701949, "datetime": "2020-11-23 14:47:53"}}
{"target": 6.256, "params": {"cue_position": 0.0, "beta_rec": 0.5736794866722859, "beta_enc": 0.9033795205622538, "gamma_fc": 0.32664490177209615, "k": 5.0, "enc_rate": 1.0}, "datetime": {"elapsed": 340.516163, "delta": 19.390603, "datetime": "2020-11-23 14:48:13"}}
{"target": 5.350888888888889, "params": {"cue_position": 0.0, "beta_rec": 0.35726976000249977, "beta_enc": 0.8859420993107745, "gamma_fc": 0.015821242846556283, "k": 5.0, "enc_rate": 1.0}, "datetime": {"elapsed": 358.306761, "delta": 17.790598, "datetime": "2020-11-23 14:48:31"}}
{"target": 6.825333333333333, "params": {"cue_position": 0.0, "beta_rec": 0.9973228504514805, "beta_enc": 0.690896917516924, "gamma_fc": 0.9325954630371636, "k": 5.0, "enc_rate": 1.0}, "datetime": {"elapsed": 378.65319, "delta": 20.346429, "datetime": "2020-11-23 14:48:51"}}
{"target": 7.534000000000001, "params": {"cue_position": 0.0, "beta_rec": 0.7554630526024664, "beta_enc": 0.06600017272206249, "gamma_fc": 0.7115247586284718, "k": 5.0, "enc_rate": 1.0}, "datetime": {"elapsed": 400.266344, "delta": 21.613154, "datetime": "2020-11-23 14:49:13"}}
{"target": 7.524444444444444, "params": {"cue_position": 0.0, "beta_rec": 0.026210986877719278, "beta_enc": 0.01988013383979559, "gamma_fc": 0.860027948682888, "k": 5.0, "enc_rate": 1.0}, "datetime": {"elapsed": 421.909432, "delta": 21.643088, "datetime": "2020-11-23 14:49:34"}}
{"target": 7.358888888888889, "params": {"cue_position": 0.0, "beta_rec": 0.8420308923596057, "beta_enc": 0.5528219786857659, "gamma_fc": 0.5857592714582879, "k": 5.0, "enc_rate": 1.0}, "datetime": {"elapsed": 443.192755, "delta": 21.283323, "datetime": "2020-11-23 14:49:56"}}
{"target": 6.0600000000000005, "params": {"cue_position": 0.0, "beta_rec": 0.01864728937294302, "beta_enc": 0.56103021925571, "gamma_fc": 0.8071051956187791, "k": 5.0, "enc_rate": 1.0}, "datetime": {"elapsed": 462.31316, "delta": 19.120405, "datetime": "2020-11-23 14:50:15"}}
{"target": 8.323555555555554, "params": {"cue_position": 0.0, "beta_rec": 0.7471216427371846, "beta_enc": 0.8635418545594287, "gamma_fc": 0.05991768951221166, "k": 5.0, "enc_rate": 1.0}, "datetime": {"elapsed": 485.125749, "delta": 22.812589, "datetime": "2020-11-23 14:50:37"}}
{"target": 7.5535555555555565, "params": {"cue_position": 0.0, "beta_rec": 0.1074941291060929, "beta_enc": 0.044551878544761725, "gamma_fc": 0.5597169820541424, "k": 5.0, "enc_rate": 1.0}, "datetime": {"elapsed": 506.70871, "delta": 21.582961, "datetime": "2020-11-23 14:50:59"}}
{"target": 7.534222222222222, "params": {"cue_position": 0.0, "beta_rec": 0.967276330000272, "beta_enc": 0.07197427968948678, "gamma_fc": 0.2523257445703234, "k": 5.0, "enc_rate": 1.0}, "datetime": {"elapsed": 528.30254, "delta": 21.59383, "datetime": "2020-11-23 14:51:21"}}
{"target": 7.537111111111111, "params": {"cue_position": 0.0, "beta_rec": 0.5813589272732578, "beta_enc": 0.1954294811093188, "gamma_fc": 0.23984775914758616, "k": 5.0, "enc_rate": 1.0}, "datetime": {"elapsed": 549.99321, "delta": 21.69067, "datetime": "2020-11-23 14:51:42"}}
{"target": 7.819111111111111, "params": {"cue_position": 0.0, "beta_rec": 0.8289808995501787, "beta_enc": 0.6199557183813798, "gamma_fc": 0.07002214371922233, "k": 5.0, "enc_rate": 1.0}, "datetime": {"elapsed": 572.085614, "delta": 22.092404, "datetime": "2020-11-23 14:52:04"}}
{"target": 7.3566666666666665, "params": {"cue_position": 0.0, "beta_rec": 0.5688514370864813, "beta_enc": 0.6063294616533303, "gamma_fc": 0.5797452192457969, "k": 5.0, "enc_rate": 1.0}, "datetime": {"elapsed": 593.354082, "delta": 21.268468, "datetime": "2020-11-23 14:52:26"}}
{"target": 7.769999999999999, "params": {"cue_position": 0.0, "beta_rec": 0.7453344309065021, "beta_enc": 0.5509482191178968, "gamma_fc": 0.06633483442844157, "k": 5.0, "enc_rate": 1.0}, "datetime": {"elapsed": 615.34659, "delta": 21.992508, "datetime": "2020-11-23 14:52:48"}}
{"target": 6.659999999999999, "params": {"cue_position": 0.0, "beta_rec": 0.2101740099148396, "beta_enc": 0.6297175070215645, "gamma_fc": 0.26031509857854096, "k": 5.0, "enc_rate": 1.0}, "datetime": {"elapsed": 635.417413, "delta": 20.070823, "datetime": "2020-11-23 14:53:08"}}
{"target": 7.516222222222223, "params": {"cue_position": 0.0, "beta_rec": 0.6394608808799401, "beta_enc": 0.19343428262332774, "gamma_fc": 0.263296770487111, "k": 5.0, "enc_rate": 1.0}, "datetime": {"elapsed": 656.955596, "delta": 21.538183, "datetime": "2020-11-23 14:53:29"}}
{"target": 8.442444444444444, "params": {"cue_position": 0.0, "beta_rec": 0.7721780295432468, "beta_enc": 0.7350659632886695, "gamma_fc": 0.013951572975597015, "k": 5.0, "enc_rate": 1.0}, "datetime": {"elapsed": 680.221683, "delta": 23.266087, "datetime": "2020-11-23 14:53:53"}}
{"target": 7.146222222222223, "params": {"cue_position": 0.0, "beta_rec": 0.9490163206876164, "beta_enc": 0.6167783570016576, "gamma_fc": 0.9156063497662745, "k": 5.0, "enc_rate": 1.0}, "datetime": {"elapsed": 701.123144, "delta": 20.901461, "datetime": "2020-11-23 14:54:13"}}
{"target": 7.396000000000001, "params": {"cue_position": 0.0, "beta_rec": 0.48599066709690975, "beta_enc": 0.39000771414124624, "gamma_fc": 0.9261814267064536, "k": 5.0, "enc_rate": 1.0}, "datetime": {"elapsed": 722.437306, "delta": 21.314162, "datetime": "2020-11-23 14:54:35"}}
{"target": 7.279999999999999, "params": {"cue_position": 0.0, "beta_rec": 0.9632625284407118, "beta_enc": 0.3948756129235549, "gamma_fc": 0.13507915804673132, "k": 5.0, "enc_rate": 1.0}, "datetime": {"elapsed": 743.610892, "delta": 21.173586, "datetime": "2020-11-23 14:54:56"}}
{"target": 7.552222222222222, "params": {"cue_position": 0.0, "beta_rec": 0.947970211217681, "beta_enc": 0.021524805274197978, "gamma_fc": 0.17619625557505525, "k": 5.0, "enc_rate": 1.0}, "datetime": {"elapsed": 765.421501, "delta": 21.810609, "datetime": "2020-11-23 14:55:18"}}
{"target": 7.526000000000001, "params": {"cue_position": 0.0, "beta_rec": 0.8094906921265821, "beta_enc": 0.1309968448109169, "gamma_fc": 0.58201417994708, "k": 5.0, "enc_rate": 1.0}, "datetime": {"elapsed": 787.075767, "delta": 21.654266, "datetime": "2020-11-23 14:55:39"}}
{"target": 6.035333333333333, "params": {"cue_position": 0.0, "beta_rec": 0.9053923187086492, "beta_enc": 0.8447344453922219, "gamma_fc": 0.7986035911520394, "k": 5.0, "enc_rate": 1.0}, "datetime": {"elapsed": 806.403284, "delta": 19.327517, "datetime": "2020-11-23 14:55:59"}}
{"target": 7.519111111111111, "params": {"cue_position": 0.0, "beta_rec": 0.5991103076458784, "beta_enc": 0.4902535226199277, "gamma_fc": 0.4336763489894583, "k": 5.0, "enc_rate": 1.0}, "datetime": {"elapsed": 828.043007, "delta": 21.639723, "datetime": "2020-11-23 14:56:20"}}
{"target": 7.473555555555555, "params": {"cue_position": 0.0, "beta_rec": 0.8928887085251513, "beta_enc": 0.31524480309537295, "gamma_fc": 0.7879292338255043, "k": 5.0, "enc_rate": 1.0}, "datetime": {"elapsed": 849.621072, "delta": 21.578065, "datetime": "2020-11-23 14:56:42"}}
{"target": 7.555777777777777, "params": {"cue_position": 0.0, "beta_rec": 0.4201936800011322, "beta_enc": 0.053909272073752956, "gamma_fc": 0.00040202489135743313, "k": 5.0, "enc_rate": 1.0}, "datetime": {"elapsed": 871.280731, "delta": 21.659659, "datetime": "2020-11-23 14:57:04"}}
{"target": 7.437555555555555, "params": {"cue_position": 0.0, "beta_rec": 0.9737835383583225, "beta_enc": 0.37658031474577447, "gamma_fc": 0.5747115047081023, "k": 5.0, "enc_rate": 1.0}, "datetime": {"elapsed": 892.962027, "delta": 21.681296, "datetime": "2020-11-23 14:57:25"}}
{"target": 7.49088888888889, "params": {"cue_position": 0.0, "beta_rec": 0.586833340656083, "beta_enc": 0.28557628169569393, "gamma_fc": 0.7550821884676802, "k": 5.0, "enc_rate": 1.0}, "datetime": {"elapsed": 914.609061, "delta": 21.647034, "datetime": "2020-11-23 14:57:47"}}
{"target": 5.195333333333334, "params": {"cue_position": 0.0, "beta_rec": 0.32268099683674645, "beta_enc": 0.8644794300545998, "gamma_fc": 0.3821027520315172, "k": 5.0, "enc_rate": 1.0}, "datetime": {"elapsed": 932.247558, "delta": 17.638497, "datetime": "2020-11-23 14:58:05"}}
{"target": 7.314666666666666, "params": {"cue_position": 0.0, "beta_rec": 0.3173839459582769, "beta_enc": 0.4014795834695406, "gamma_fc": 0.9738020779272523, "k": 5.0, "enc_rate": 1.0}, "datetime": {"elapsed": 953.578815, "delta": 21.331257, "datetime": "2020-11-23 14:58:26"}}
{"target": 7.525333333333333, "params": {"cue_position": 0.0, "beta_rec": 0.4267010093480328, "beta_enc": 0.19856988842711087, "gamma_fc": 0.8799982885634318, "k": 5.0, "enc_rate": 1.0}, "datetime": {"elapsed": 975.248891, "delta": 21.670076, "datetime": "2020-11-23 14:58:48"}}
{"target": 6.644888888888889, "params": {"cue_position": 0.0, "beta_rec": 0.2702082620297578, "beta_enc": 0.6627198123752622, "gamma_fc": 0.5277146463087466, "k": 5.0, "enc_rate": 1.0}, "datetime": {"elapsed": 995.326528, "delta": 20.077637, "datetime": "2020-11-23 14:59:08"}}
{"target": 7.413555555555556, "params": {"cue_position": 0.0, "beta_rec": 0.7331425252875111, "beta_enc": 0.5724885171916063, "gamma_fc": 0.5688579907047155, "k": 5.0, "enc_rate": 1.0}, "datetime": {"elapsed": 1016.840776, "delta": 21.514248, "datetime": "2020-11-23 14:59:29"}}
{"target": 7.279111111111111, "params": {"cue_position": 0.0, "beta_rec": 0.06820934841670412, "beta_enc": 0.3426889079532818, "gamma_fc": 0.982817113730445, "k": 5.0, "enc_rate": 1.0}, "datetime": {"elapsed": 1038.102109, "delta": 21.261333, "datetime": "2020-11-23 14:59:50"}}
{"target": 8.558444444444445, "params": {"cue_position": 0.0, "beta_rec": 0.8749616449558981, "beta_enc": 0.8118586977205398, "gamma_fc": 0.16097143681560877, "k": 5.0, "enc_rate": 1.0}, "datetime": {"elapsed": 1061.394515, "delta": 23.292406, "datetime": "2020-11-23 15:00:14"}}
{"target": 7.352666666666667, "params": {"cue_position": 0.0, "beta_rec": 0.2250399578140846, "beta_enc": 0.345172051155215, "gamma_fc": 0.9163055534683507, "k": 5.0, "enc_rate": 1.0}, "datetime": {"elapsed": 1082.687508, "delta": 21.292993, "datetime": "2020-11-23 15:00:35"}}
{"target": 7.461111111111111, "params": {"cue_position": 0.0, "beta_rec": 0.1108913007440292, "beta_enc": 0.2571182937821962, "gamma_fc": 0.7285856679745962, "k": 5.0, "enc_rate": 1.0}, "datetime": {"elapsed": 1104.209662, "delta": 21.522154, "datetime": "2020-11-23 15:00:57"}}
{"target": 7.4286666666666665, "params": {"cue_position": 0.0, "beta_rec": 0.851671874936367, "beta_enc": 0.24803355837723073, "gamma_fc": 0.23366613923925006, "k": 5.0, "enc_rate": 1.0}, "datetime": {"elapsed": 1125.600871, "delta": 21.391209, "datetime": "2020-11-23 15:01:18"}}
{"target": 7.448222222222222, "params": {"cue_position": 0.0, "beta_rec": 0.47714098704978236, "beta_enc": 0.5158570169685298, "gamma_fc": 0.5440101188139381, "k": 5.0, "enc_rate": 1.0}, "datetime": {"elapsed": 1147.297933, "delta": 21.697062, "datetime": "2020-11-23 15:01:40"}}
{"target": 7.4688888888888885, "params": {"cue_position": 0.0, "beta_rec": 0.7515278171352439, "beta_enc": 0.1445455401246598, "gamma_fc": 0.7852960282216189, "k": 5.0, "enc_rate": 1.0}, "datetime": {"elapsed": 1168.814781, "delta": 21.516848, "datetime": "2020-11-23 15:02:01"}}
{"target": 7.419111111111111, "params": {"cue_position": 0.0, "beta_rec": 0.872922376400111, "beta_enc": 0.3243624597261865, "gamma_fc": 0.866608274166513, "k": 5.0, "enc_rate": 1.0}, "datetime": {"elapsed": 1190.239183, "delta": 21.424402, "datetime": "2020-11-23 15:02:23"}}
{"target": 6.622222222222222, "params": {"cue_position": 0.0, "beta_rec": 0.8541154438365387, "beta_enc": 0.8264069976293413, "gamma_fc": 0.703516988152653, "k": 5.0, "enc_rate": 1.0}, "datetime": {"elapsed": 1210.216122, "delta": 19.976939, "datetime": "2020-11-23 15:02:43"}}
{"target": 4.241333333333334, "params": {"cue_position": 0.0, "beta_rec": 0.03457121987163425, "beta_enc": 0.799615261736028, "gamma_fc": 0.2596983932983531, "k": 5.0, "enc_rate": 1.0}, "datetime": {"elapsed": 1226.008399, "delta": 15.792277, "datetime": "2020-11-23 15:02:58"}}
{"target": 6.686888888888889, "params": {"cue_position": 0.0, "beta_rec": 0.34529746159108154, "beta_enc": 0.6323033174301278, "gamma_fc": 0.7827494147841719, "k": 5.0, "enc_rate": 1.0}, "datetime": {"elapsed": 1246.070547, "delta": 20.062148, "datetime": "2020-11-23 15:03:18"}}
{"target": 7.401777777777778, "params": {"cue_position": 0.0, "beta_rec": 0.14300582825809938, "beta_enc": 0.30024833953390007, "gamma_fc": 0.9747403708550822, "k": 5.0, "enc_rate": 1.0}, "datetime": {"elapsed": 1267.444842, "delta": 21.374295, "datetime": "2020-11-23 15:03:40"}}
{"target": 4.104000000000001, "params": {"cue_position": 0.0, "beta_rec": 0.5460708041429516, "beta_enc": 0.9939130246104789, "gamma_fc": 0.3557051709838811, "k": 5.0, "enc_rate": 1.0}, "datetime": {"elapsed": 1283.004922, "delta": 15.56008, "datetime": "2020-11-23 15:03:55"}}
{"target": 7.490444444444444, "params": {"cue_position": 0.0, "beta_rec": 0.7456371927074961, "beta_enc": 0.1603951795196491, "gamma_fc": 0.8623462528380441, "k": 5.0, "enc_rate": 1.0}, "datetime": {"elapsed": 1304.512798, "delta": 21.507876, "datetime": "2020-11-23 15:04:17"}}
{"target": 5.619555555555555, "params": {"cue_position": 0.0, "beta_rec": 0.18863680095531088, "beta_enc": 0.6909421420661686, "gamma_fc": 0.9897517076637052, "k": 5.0, "enc_rate": 1.0}, "datetime": {"elapsed": 1323.178201, "delta": 18.665403, "datetime": "2020-11-23 15:04:36"}}
{"target": 7.590000000000001, "params": {"cue_position": 0.0, "beta_rec": 0.26217308377291193, "beta_enc": 0.24773290176235485, "gamma_fc": 0.05692943841109499, "k": 5.0, "enc_rate": 1.0}, "datetime": {"elapsed": 1344.784286, "delta": 21.606085, "datetime": "2020-11-23 15:04:57"}}
{"target": 7.558, "params": {"cue_position": 0.0, "beta_rec": 0.7986042447602102, "beta_enc": 0.21196016464367595, "gamma_fc": 0.593432449464621, "k": 5.0, "enc_rate": 1.0}, "datetime": {"elapsed": 1366.562923, "delta": 21.778637, "datetime": "2020-11-23 15:05:19"}}
{"target": 7.350666666666666, "params": {"cue_position": 0.0, "beta_rec": 0.7498583107261434, "beta_enc": 0.3810161240622142, "gamma_fc": 0.9594343210617524, "k": 5.0, "enc_rate": 1.0}, "datetime": {"elapsed": 1387.876018, "delta": 21.313095, "datetime": "2020-11-23 15:05:40"}}
{"target": 7.562444444444445, "params": {"cue_position": 0.0, "beta_rec": 0.7093872512312951, "beta_enc": 0.03232306662357398, "gamma_fc": 0.2214327343234883, "k": 5.0, "enc_rate": 1.0}, "datetime": {"elapsed": 1409.431723, "delta": 21.555705, "datetime": "2020-11-23 15:06:02"}}
{"target": 7.533555555555556, "params": {"cue_position": 0.0, "beta_rec": 0.42861882866378653, "beta_enc": 0.081473964877262, "gamma_fc": 0.8029632373737379, "k": 5.0, "enc_rate": 1.0}, "datetime": {"elapsed": 1430.996131, "delta": 21.564408, "datetime": "2020-11-23 15:06:23"}}
{"target": 5.602666666666666, "params": {"cue_position": 0.0, "beta_rec": 0.3424541198435198, "beta_enc": 0.7662113810757705, "gamma_fc": 0.8240098704123188, "k": 5.0, "enc_rate": 1.0}, "datetime": {"elapsed": 1449.057981, "delta": 18.06185, "datetime": "2020-11-23 15:06:41"}}
{"target": 7.492, "params": {"cue_position": 0.0, "beta_rec": 0.07838689985494796, "beta_enc": 0.1434230486702449, "gamma_fc": 0.4585838137084318, "k": 5.0, "enc_rate": 1.0}, "datetime": {"elapsed": 1470.549419, "delta": 21.491438, "datetime": "2020-11-23 15:07:03"}}
{"target": 7.546000000000001, "params": {"cue_position": 0.0, "beta_rec": 0.7548614813904674, "beta_enc": 0.027783348848669953, "gamma_fc": 0.45240482674645155, "k": 5.0, "enc_rate": 1.0}, "datetime": {"elapsed": 1492.168148, "delta": 21.618729, "datetime": "2020-11-23 15:07:25"}}
{"target": 7.266222222222223, "params": {"cue_position": 0.0, "beta_rec": 0.47400392656219403, "beta_enc": 0.47807250671783097, "gamma_fc": 0.904686160343623, "k": 5.0, "enc_rate": 1.0}, "datetime": {"elapsed": 1513.32849, "delta": 21.160342, "datetime": "2020-11-23 15:07:46"}}
{"target": 5.102666666666666, "params": {"cue_position": 0.0, "beta_rec": 0.12564138113773882, "beta_enc": 0.7738743427204187, "gamma_fc": 0.538627282576347, "k": 5.0, "enc_rate": 1.0}, "datetime": {"elapsed": 1530.960579, "delta": 17.632089, "datetime": "2020-11-23 15:08:03"}}
{"target": 9.033777777777777, "params": {"cue_position": 0.0, "beta_rec": 0.905402033702778, "beta_enc": 0.9511937854902045, "gamma_fc": 0.14555823115839706, "k": 5.0, "enc_rate": 1.0}, "datetime": {"elapsed": 1555.044769, "delta": 24.08419, "datetime": "2020-11-23 15:08:27"}}
{"target": 7.556666666666667, "params": {"cue_position": 0.0, "beta_rec": 0.6224959022999211, "beta_enc": 0.187631672902434, "gamma_fc": 0.7111224587658159, "k": 5.0, "enc_rate": 1.0}, "datetime": {"elapsed": 1576.850174, "delta": 21.805405, "datetime": "2020-11-23 15:08:49"}}
{"target": 5.290000000000001, "params": {"cue_position": 0.0, "beta_rec": 0.4008737323711209, "beta_enc": 0.9092932045442544, "gamma_fc": 0.119457050333729, "k": 5.0, "enc_rate": 1.0}, "datetime": {"elapsed": 1594.549589, "delta": 17.699415, "datetime": "2020-11-23 15:09:07"}}
{"target": 7.517111111111111, "params": {"cue_position": 0.0, "beta_rec": 0.2642974827269007, "beta_enc": 0.14679237341724316, "gamma_fc": 0.9824174492929428, "k": 5.0, "enc_rate": 1.0}, "datetime": {"elapsed": 1616.244297, "delta": 21.694708, "datetime": "2020-11-23 15:09:29"}}
{"target": 7.343111111111111, "params": {"cue_position": 0.0, "beta_rec": 0.31446701118584963, "beta_enc": 0.5336533449712114, "gamma_fc": 0.43359232727316455, "k": 5.0, "enc_rate": 1.0}, "datetime": {"elapsed": 1637.562094, "delta": 21.317797, "datetime": "2020-11-23 15:09:50"}}
