{"target": -9396.742213054215, "params": {"epsilon_d": 5.039777997549605, "phi_d": 1.9907298802351516, "beta_rec": 0.22446182761738012, "gamma_cf": 0.8274613470019347, "k_intra": 5.943422072403858, "gamma_fc": 0.7006004064983777, "s_cf": 0.17406624613979316, "beta_enc": 0.9353864972144583, "phi_s": 0.7916964371171378}, "datetime": {"delta": 10.319893, "elapsed": 3309.904549, "datetime": "2020-04-27 11:27:17"}}
{"target": -9168.721162612746, "params": {"epsilon_d": 3.82989318050945, "phi_d": 2.495491459751715, "beta_rec": 0.3268591461483445, "gamma_cf": 0.6126547925441391, "k_intra": 2.0369600172221958, "gamma_fc": 0.6914485381271653, "s_cf": 1.9320587846540354, "beta_enc": 0.7626315317018806, "phi_s": 1.2025991552118904}, "datetime": {"delta": 10.492441, "elapsed": 3320.39699, "datetime": "2020-04-27 11:27:27"}}
{"target": -8965.04567541333, "params": {"epsilon_d": 3.6532203037096833, "phi_d": 2.223585130793179, "beta_rec": 0.5648297566431095, "gamma_cf": 0.6190082117292682, "k_intra": 4.529238715300737, "gamma_fc": 0.5516138062568525, "s_cf": 1.4898871043224096, "beta_enc": 0.9697702740870794, "phi_s": 2.781079434953898}, "datetime": {"delta": 10.375683, "elapsed": 3330.772673, "datetime": "2020-04-27 11:27:38"}}
{"target": -9200.142593425633, "params": {"epsilon_d": 2.5250134656368606, "phi_d": 2.3535044295329133, "beta_rec": 0.5696965913284056, "gamma_cf": 0.03967395368422162, "k_intra": 2.734954684281233, "gamma_fc": 0.8093261859793148, "s_cf": 1.0220140841178345, "beta_enc": 0.17940713590008622, "phi_s": 1.5158059349557942}, "datetime": {"delta": 10.451542, "elapsed": 3341.224215, "datetime": "2020-04-27 11:27:48"}}
{"target": -9611.499664490366, "params": {"epsilon_d": 5.390558385355052, "phi_d": 1.6348421879163793, "beta_rec": 0.04212055761010584, "gamma_cf": 0.8235692008411607, "k_intra": 1.094501469031089, "gamma_fc": 0.17550581724944017, "s_cf": 2.114763377776319, "beta_enc": 0.3826229050458071, "phi_s": 2.0144112479084306}, "datetime": {"delta": 10.410162, "elapsed": 3351.634377, "datetime": "2020-04-27 11:27:59"}}
{"target": -10493.966941862385, "params": {"epsilon_d": 4.204172508954709, "phi_d": 2.8609813632581464, "beta_rec": 0.037873998028565885, "gamma_cf": 0.2261215664582066, "k_intra": 6.8603085565351085, "gamma_fc": 0.101003347227166, "s_cf": 0.9708654451772429, "beta_enc": 0.3818995256321974, "phi_s": 1.234340105551582}, "datetime": {"delta": 10.402206, "elapsed": 3362.036583, "datetime": "2020-04-27 11:28:09"}}
{"target": -10337.085052026321, "params": {"epsilon_d": 7.97017750445994, "phi_d": 0.7264735186296604, "beta_rec": 0.8519910604390749, "gamma_cf": 0.6847882293080787, "k_intra": 6.907435858344594, "gamma_fc": 0.48889638216973585, "s_cf": 2.3556797716111144, "beta_enc": 0.5983766313492658, "phi_s": 0.9234359697541156}, "datetime": {"delta": 10.444231, "elapsed": 3372.480814, "datetime": "2020-04-27 11:28:19"}}
{"target": -9338.826023764528, "params": {"epsilon_d": 3.0310265652405026, "phi_d": 1.9601318694055023, "beta_rec": 0.19013049866632814, "gamma_cf": 0.006309646163797043, "k_intra": 2.1108477668084835, "gamma_fc": 0.4884060207523615, "s_cf": 0.4444553717556067, "beta_enc": 0.9369821227117209, "phi_s": 2.1578087254665146}, "datetime": {"delta": 10.40514, "elapsed": 3382.885954, "datetime": "2020-04-27 11:28:30"}}
{"target": -9470.67145377056, "params": {"epsilon_d": 3.953463671935543, "phi_d": 1.0440668630370695, "beta_rec": 0.9063444360733778, "gamma_cf": 0.5334501569162877, "k_intra": 7.592949582041189, "gamma_fc": 0.9669174084223034, "s_cf": 1.654469648396392, "beta_enc": 0.17392960182873846, "phi_s": 0.3489629732488513}, "datetime": {"delta": 10.485592, "elapsed": 3393.371546, "datetime": "2020-04-27 11:28:40"}}
{"target": -11260.08189560781, "params": {"epsilon_d": 7.734408099212409, "phi_d": 2.8284575177130327, "beta_rec": 0.021783235985649293, "gamma_cf": 0.3849706389409974, "k_intra": 7.559871129404341, "gamma_fc": 0.6141890350528619, "s_cf": 1.0146489184624152, "beta_enc": 0.40251289864359807, "phi_s": 1.8757347821854056}, "datetime": {"delta": 10.358202, "elapsed": 3403.729748, "datetime": "2020-04-27 11:28:51"}}
{"target": -9152.6209269424, "params": {"epsilon_d": 3.264938661340022, "phi_d": 0.3401082219062076, "beta_rec": 0.0740114960224811, "gamma_cf": 0.6608730550421094, "k_intra": 2.0851032202292465, "gamma_fc": 0.7256368582549213, "s_cf": 1.6879662235782609, "beta_enc": 0.19906885706231614, "phi_s": 0.9859809177294901}, "datetime": {"delta": 10.478006, "elapsed": 3414.207754, "datetime": "2020-04-27 11:29:01"}}
{"target": -9401.35156262509, "params": {"epsilon_d": 2.941139152196038, "phi_d": 2.5415042226975397, "beta_rec": 0.5297043548379855, "gamma_cf": 0.6242173052915845, "k_intra": 6.530402214201885, "gamma_fc": 0.33835298965857624, "s_cf": 1.7403312600325282, "beta_enc": 0.7792027070273781, "phi_s": 1.9529486790684518}, "datetime": {"delta": 10.340835, "elapsed": 3424.548589, "datetime": "2020-04-27 11:29:11"}}
{"target": -9935.480249510738, "params": {"epsilon_d": 9.889336658701266, "phi_d": 1.0132941649385503, "beta_rec": 0.8767893622339674, "gamma_cf": 0.77750168326682, "k_intra": 1.4213805330836067, "gamma_fc": 0.6162794718133772, "s_cf": 0.9464961409796507, "beta_enc": 0.3764278983437752, "phi_s": 1.1638920239144328}, "datetime": {"delta": 10.481302, "elapsed": 3435.029891, "datetime": "2020-04-27 11:29:22"}}
{"target": -9758.286344629236, "params": {"epsilon_d": 2.2078544461001197, "phi_d": 1.5426000078954654, "beta_rec": 0.610671453615959, "gamma_cf": 0.24983477831127515, "k_intra": 3.0828100058562766, "gamma_fc": 0.2009354348989871, "s_cf": 2.987173914354549, "beta_enc": 0.501357533274035, "phi_s": 1.520442575659256}, "datetime": {"delta": 10.40491, "elapsed": 3445.434801, "datetime": "2020-04-27 11:29:32"}}
{"target": -10050.441306272272, "params": {"epsilon_d": 9.723004155724142, "phi_d": 2.906065802786384, "beta_rec": 0.4366191154039751, "gamma_cf": 0.21447646438539647, "k_intra": 4.5398187915526185, "gamma_fc": 0.587008797498058, "s_cf": 0.7210260818641496, "beta_enc": 0.9829977067572643, "phi_s": 2.5249110470925396}, "datetime": {"delta": 10.435637, "elapsed": 3455.870438, "datetime": "2020-04-27 11:29:43"}}
{"target": -9673.319347718494, "params": {"epsilon_d": 5.337963383506979, "phi_d": 2.934621136739747, "beta_rec": 0.1685601239492825, "gamma_cf": 0.7935053256996167, "k_intra": 1.9216751865818429, "gamma_fc": 0.13229123406941506, "s_cf": 1.7141158113960955, "beta_enc": 0.49558519193985207, "phi_s": 2.8863121874598696}, "datetime": {"delta": 10.330998, "elapsed": 3466.201436, "datetime": "2020-04-27 11:29:53"}}
{"target": -9939.84385654977, "params": {"epsilon_d": 9.525701748557115, "phi_d": 2.573612564564109, "beta_rec": 0.27216580499184506, "gamma_cf": 0.6698078288466073, "k_intra": 0.1209223003655294, "gamma_fc": 0.7001271956248855, "s_cf": 2.0862795910239393, "beta_enc": 0.6814816493463453, "phi_s": 2.3571460341725854}, "datetime": {"delta": 10.460601, "elapsed": 3476.662037, "datetime": "2020-04-27 11:30:04"}}
{"target": -9726.475812556582, "params": {"epsilon_d": 7.215873023201635, "phi_d": 2.3509967836351047, "beta_rec": 0.15665676735591733, "gamma_cf": 0.09690872885214075, "k_intra": 0.036291643293777355, "gamma_fc": 0.7362545032347707, "s_cf": 0.692721912263808, "beta_enc": 0.7667036317176265, "phi_s": 1.5255158358664644}, "datetime": {"delta": 10.334348, "elapsed": 3486.996385, "datetime": "2020-04-27 11:30:14"}}
{"target": -15706.835866739571, "params": {"epsilon_d": 8.849794140975368, "phi_d": 0.9830072077517592, "beta_rec": 0.31572256636998247, "gamma_cf": 0.1803155018796988, "k_intra": 9.707793979051084, "gamma_fc": 0.9446955888574227, "s_cf": 2.542319444714329, "beta_enc": 0.7563219530008557, "phi_s": 2.6012105591424723}, "datetime": {"delta": 10.41438, "elapsed": 3497.410765, "datetime": "2020-04-27 11:30:24"}}
{"target": -10495.850179831115, "params": {"epsilon_d": 2.8961309850269457, "phi_d": 1.3421721199031953, "beta_rec": 0.3637480394119995, "gamma_cf": 0.9932374607870991, "k_intra": 9.20754922161363, "gamma_fc": 0.3301759242567097, "s_cf": 2.53265001917473, "beta_enc": 0.48215143908514246, "phi_s": 2.812738335790085}, "datetime": {"delta": 10.410905, "elapsed": 3507.82167, "datetime": "2020-04-27 11:30:35"}}
{"target": -9409.617146496266, "params": {"epsilon_d": 6.767679845388292, "phi_d": 2.532940349122421, "beta_rec": 0.5743259260154481, "gamma_cf": 0.4058798239584452, "k_intra": 3.2600599843919142, "gamma_fc": 0.10438934003400394, "s_cf": 0.4057172646740198, "beta_enc": 0.24019959305396155, "phi_s": 0.28218954263008134}, "datetime": {"delta": 10.356502, "elapsed": 3518.178172, "datetime": "2020-04-27 11:30:45"}}
{"target": -10657.808735323477, "params": {"epsilon_d": 5.031851567445671, "phi_d": 0.9030768637600789, "beta_rec": 0.5142068519294121, "gamma_cf": 0.37367235795451337, "k_intra": 8.516172981101613, "gamma_fc": 0.6431622550041871, "s_cf": 1.3081955308591433, "beta_enc": 0.7316086118607242, "phi_s": 2.5498079522465416}, "datetime": {"delta": 10.462072, "elapsed": 3528.640244, "datetime": "2020-04-27 11:30:56"}}
{"target": -10424.92071841388, "params": {"epsilon_d": 2.661344904315412, "phi_d": 0.8917256282045614, "beta_rec": 0.7296504162303235, "gamma_cf": 0.9216447549642744, "k_intra": 6.193114926743915, "gamma_fc": 0.7318625178059635, "s_cf": 0.8459227705150205, "beta_enc": 0.5508856111545465, "phi_s": 2.117960523442393}, "datetime": {"delta": 10.357616, "elapsed": 3538.99786, "datetime": "2020-04-27 11:31:06"}}
{"target": -10329.027129079795, "params": {"epsilon_d": 1.7487226717542472, "phi_d": 2.6456475542918554, "beta_rec": 0.011571307777403768, "gamma_cf": 0.5578732058631828, "k_intra": 4.929881732591972, "gamma_fc": 0.741052899642252, "s_cf": 1.4464034958783054, "beta_enc": 0.8348074032947297, "phi_s": 2.9300228189324495}, "datetime": {"delta": 10.458118, "elapsed": 3549.455978, "datetime": "2020-04-27 11:31:16"}}
{"target": -12818.509748587265, "params": {"epsilon_d": 6.684477905524624, "phi_d": 2.463484513147356, "beta_rec": 0.4948226566201439, "gamma_cf": 0.22495249246936896, "k_intra": 9.79029928636616, "gamma_fc": 0.19858754549464164, "s_cf": 1.798902314840971, "beta_enc": 0.7911882815345253, "phi_s": 0.9276122441036397}, "datetime": {"delta": 10.359853, "elapsed": 3559.815831, "datetime": "2020-04-27 11:31:27"}}
{"target": -9974.97116054167, "params": {"epsilon_d": 4.246467916219679, "phi_d": 2.7706477110337815, "beta_rec": 0.1764204069657887, "gamma_cf": 0.2972580754173079, "k_intra": 3.879809386918107, "gamma_fc": 0.11496169587961533, "s_cf": 1.7648167900699978, "beta_enc": 0.4420640847509121, "phi_s": 2.5017807502516014}, "datetime": {"delta": 10.422068, "elapsed": 3570.237899, "datetime": "2020-04-27 11:31:37"}}
{"target": -10141.000889637427, "params": {"epsilon_d": 9.564593877946246, "phi_d": 2.8828289873396655, "beta_rec": 0.231341168455949, "gamma_cf": 0.5646536380588049, "k_intra": 2.5023256904752422, "gamma_fc": 0.2958447732032108, "s_cf": 0.40947085623105983, "beta_enc": 0.3867821783023443, "phi_s": 0.7925609865595368}, "datetime": {"delta": 10.37964, "elapsed": 3580.617539, "datetime": "2020-04-27 11:31:48"}}
{"target": -10201.153988207567, "params": {"epsilon_d": 7.116766133719487, "phi_d": 1.2994346672744101, "beta_rec": 0.7662481844372273, "gamma_cf": 0.4379981305846461, "k_intra": 5.179951794504768, "gamma_fc": 0.8144240564047827, "s_cf": 2.663342091215413, "beta_enc": 0.2655657457774023, "phi_s": 0.4405816150600098}, "datetime": {"delta": 10.50483, "elapsed": 3591.122369, "datetime": "2020-04-27 11:31:58"}}
{"target": -12622.845119902246, "params": {"epsilon_d": 9.84733981171099, "phi_d": 0.4733216533299882, "beta_rec": 0.6162990972575274, "gamma_cf": 0.1894990802415494, "k_intra": 6.530626530572697, "gamma_fc": 0.9686691926137385, "s_cf": 2.860149756945572, "beta_enc": 0.3480338929692851, "phi_s": 2.3385887236118403}, "datetime": {"delta": 10.367842, "elapsed": 3601.490211, "datetime": "2020-04-27 11:32:08"}}
{"target": -10382.542746541229, "params": {"epsilon_d": 0.36084400081282975, "phi_d": 2.4448360363757264, "beta_rec": 0.6885863442381722, "gamma_cf": 0.9890767779393961, "k_intra": 0.24879875586853128, "gamma_fc": 0.3866114078323143, "s_cf": 2.239006678758375, "beta_enc": 0.6065024947204825, "phi_s": 2.9224324001244977}, "datetime": {"delta": 10.488624, "elapsed": 3611.978835, "datetime": "2020-04-27 11:32:19"}}
{"target": -12356.24436176255, "params": {"epsilon_d": 5.884267111753049, "phi_d": 2.9638048352428807, "beta_rec": 0.0634541753228979, "gamma_cf": 0.33578153624482754, "k_intra": 8.737956999875815, "gamma_fc": 0.893650132676617, "s_cf": 2.6429627294450895, "beta_enc": 0.10246222544086032, "phi_s": 2.175912710310522}, "datetime": {"delta": 10.366839, "elapsed": 3622.345674, "datetime": "2020-04-27 11:32:29"}}
{"target": -10830.867699575776, "params": {"epsilon_d": 8.66710464724556, "phi_d": 1.8547874890509868, "beta_rec": 0.11126583422461406, "gamma_cf": 0.30354225070172886, "k_intra": 6.463842268145011, "gamma_fc": 0.47739906835019763, "s_cf": 1.2198364844247214, "beta_enc": 0.3876851006758474, "phi_s": 1.320676945093152}, "datetime": {"delta": 10.452658, "elapsed": 3632.798332, "datetime": "2020-04-27 11:32:40"}}
{"target": -9083.321612015603, "params": {"epsilon_d": 2.4052555627155603, "phi_d": 2.968867585733821, "beta_rec": 0.5339084981149863, "gamma_cf": 0.7548323703153513, "k_intra": 0.7285503784440525, "gamma_fc": 0.7073835257480501, "s_cf": 0.7606950719827329, "beta_enc": 0.21041293767310568, "phi_s": 2.3633251131655895}, "datetime": {"delta": 10.425735, "elapsed": 3643.224067, "datetime": "2020-04-27 11:32:50"}}
{"target": -12111.996806816707, "params": {"epsilon_d": 3.592150131260633, "phi_d": 0.13927860583347015, "beta_rec": 0.47842399388859136, "gamma_cf": 0.5465568482142915, "k_intra": 7.974225875513795, "gamma_fc": 0.693697559882429, "s_cf": 0.9564105016955076, "beta_enc": 0.12766853651472734, "phi_s": 2.1714569902487475}, "datetime": {"delta": 10.404669, "elapsed": 3653.628736, "datetime": "2020-04-27 11:33:01"}}
{"target": -8978.731409600668, "params": {"epsilon_d": 5.647971692739341, "phi_d": 0.5466382171800583, "beta_rec": 0.846257106414723, "gamma_cf": 0.5978059088083015, "k_intra": 2.2702533699847844, "gamma_fc": 0.2728681057041016, "s_cf": 0.42467078859058527, "beta_enc": 0.9877623180736752, "phi_s": 1.195659287646881}, "datetime": {"delta": 10.434911, "elapsed": 3664.063647, "datetime": "2020-04-27 11:33:11"}}
{"target": -10302.879479487076, "params": {"epsilon_d": 1.3099025445461345, "phi_d": 1.9858403306887158, "beta_rec": 0.6385141076060072, "gamma_cf": 0.3442619392943751, "k_intra": 5.262354260847971, "gamma_fc": 0.16331309171668706, "s_cf": 2.460221732147507, "beta_enc": 0.5601456042708357, "phi_s": 1.884869209987798}, "datetime": {"delta": 10.3713, "elapsed": 3674.434947, "datetime": "2020-04-27 11:33:21"}}
{"target": -9122.758117984218, "params": {"epsilon_d": 3.0980023404031427, "phi_d": 2.8798652119570454, "beta_rec": 0.6182200236562615, "gamma_cf": 0.08885882930853439, "k_intra": 0.7228511846967155, "gamma_fc": 0.37473532440923185, "s_cf": 0.3942364876896117, "beta_enc": 0.3120096128521783, "phi_s": 2.208779761288095}, "datetime": {"delta": 10.484021, "elapsed": 3684.918968, "datetime": "2020-04-27 11:33:32"}}
{"target": -9732.746158959004, "params": {"epsilon_d": 9.123207889205544, "phi_d": 1.1648577451194702, "beta_rec": 0.35222014456052214, "gamma_cf": 0.49554788500363867, "k_intra": 2.2130926494897993, "gamma_fc": 0.8854234506863848, "s_cf": 0.38168477664952727, "beta_enc": 0.8076423901137342, "phi_s": 1.16382713225931}, "datetime": {"delta": 10.373687, "elapsed": 3695.292655, "datetime": "2020-04-27 11:33:42"}}
{"target": -9120.434978174508, "params": {"epsilon_d": 4.718780564600032, "phi_d": 1.0290274414367755, "beta_rec": 0.6597438328584156, "gamma_cf": 0.8792436465874567, "k_intra": 3.554645293729271, "gamma_fc": 0.34270323975131345, "s_cf": 0.6458363052582348, "beta_enc": 0.39791299065921537, "phi_s": 1.700040114802952}, "datetime": {"delta": 10.493527, "elapsed": 3705.786182, "datetime": "2020-04-27 11:33:53"}}
{"target": -8996.442219965234, "params": {"epsilon_d": 3.828812366088667, "phi_d": 0.3794398003976056, "beta_rec": 0.9394879760160336, "gamma_cf": 0.5871394250695615, "k_intra": 1.4171713890246749, "gamma_fc": 0.14963687651694146, "s_cf": 0.3991256694920462, "beta_enc": 0.2559198443573556, "phi_s": 2.4551351470786242}, "datetime": {"delta": 10.386944, "elapsed": 3716.173126, "datetime": "2020-04-27 11:34:03"}}
{"target": -11808.02235367245, "params": {"epsilon_d": 2.860285878745601, "phi_d": 1.8391716602863797, "beta_rec": 0.1556623402022749, "gamma_cf": 0.8826137423028197, "k_intra": 9.636990475028568, "gamma_fc": 0.6684343886178196, "s_cf": 1.3053589160092227, "beta_enc": 0.5646844411115942, "phi_s": 0.12760717702801821}, "datetime": {"delta": 10.494555, "elapsed": 3726.667681, "datetime": "2020-04-27 11:34:14"}}
{"target": -10007.690488299744, "params": {"epsilon_d": 4.868086814135343, "phi_d": 1.2452683889109784, "beta_rec": 0.3140529296141417, "gamma_cf": 0.5755017951896957, "k_intra": 5.587282918692042, "gamma_fc": 0.31478518263603694, "s_cf": 0.6683043421733124, "beta_enc": 0.12019757892281181, "phi_s": 1.5690883437700882}, "datetime": {"delta": 10.397217, "elapsed": 3737.064898, "datetime": "2020-04-27 11:34:24"}}
{"target": -10503.502709622035, "params": {"epsilon_d": 3.366734965174642, "phi_d": 2.6539824919303436, "beta_rec": 0.7545415559016262, "gamma_cf": 0.6442312729689625, "k_intra": 8.996313849701849, "gamma_fc": 0.6089100369314877, "s_cf": 0.6937317508275453, "beta_enc": 0.24107644900308817, "phi_s": 1.385023060947672}, "datetime": {"delta": 10.447385, "elapsed": 3747.512283, "datetime": "2020-04-27 11:34:34"}}
{"target": -10151.030848108478, "params": {"epsilon_d": 6.954933283448167, "phi_d": 1.8428002266544605, "beta_rec": 0.6368722917490155, "gamma_cf": 0.9074824554145265, "k_intra": 6.25665644919991, "gamma_fc": 0.8043228802401386, "s_cf": 1.9889595497938173, "beta_enc": 0.6689731377626432, "phi_s": 0.717001204597612}, "datetime": {"delta": 10.348291, "elapsed": 3757.860574, "datetime": "2020-04-27 11:34:45"}}
{"target": -9573.747707394547, "params": {"epsilon_d": 9.174836109601232, "phi_d": 2.9935108601495792, "beta_rec": 0.9223302486048112, "gamma_cf": 0.5611426959920494, "k_intra": 3.344636593668929, "gamma_fc": 0.3338505781664389, "s_cf": 2.466129351229685, "beta_enc": 0.8330501536989441, "phi_s": 1.624233585831676}, "datetime": {"delta": 10.467697, "elapsed": 3768.328271, "datetime": "2020-04-27 11:34:55"}}
{"target": -11360.973387719068, "params": {"epsilon_d": 3.550542191526408, "phi_d": 1.7283107964447701, "beta_rec": 0.5069796942895938, "gamma_cf": 0.5378167511784793, "k_intra": 8.768091207899774, "gamma_fc": 0.10606123629478298, "s_cf": 2.4727067614603797, "beta_enc": 0.6373145690061149, "phi_s": 0.17041613344156792}, "datetime": {"delta": 10.433396, "elapsed": 3778.761667, "datetime": "2020-04-27 11:35:06"}}
{"target": -9371.591527877132, "params": {"epsilon_d": 4.6771205009376455, "phi_d": 2.6518131710435786, "beta_rec": 0.030735634221060633, "gamma_cf": 0.9606606296174677, "k_intra": 0.6653291761890815, "gamma_fc": 0.1842528236175912, "s_cf": 2.4779113245107434, "beta_enc": 0.2218189517758659, "phi_s": 2.4819789204755365}, "datetime": {"delta": 10.441269, "elapsed": 3789.202936, "datetime": "2020-04-27 11:35:16"}}
{"target": -10188.231824671255, "params": {"epsilon_d": 4.0705762238015115, "phi_d": 1.9989176439252119, "beta_rec": 0.4275493453510744, "gamma_cf": 0.5822568206350931, "k_intra": 7.845077103472764, "gamma_fc": 0.7560736024385001, "s_cf": 1.2959385638388614, "beta_enc": 0.5210362430338346, "phi_s": 1.7311518775604382}, "datetime": {"delta": 10.447127, "elapsed": 3799.650063, "datetime": "2020-04-27 11:35:27"}}
{"target": -9525.414752186542, "params": {"epsilon_d": 3.032149512190445, "phi_d": 0.7463052875353264, "beta_rec": 0.28631916804690255, "gamma_cf": 0.6827845908778267, "k_intra": 5.980221672029862, "gamma_fc": 0.7861970639436214, "s_cf": 2.320489744435186, "beta_enc": 0.38792355583946914, "phi_s": 0.6637455594636964}, "datetime": {"delta": 10.400658, "elapsed": 3810.050721, "datetime": "2020-04-27 11:35:37"}}
{"target": -9350.390660253597, "params": {"epsilon_d": 2.5640916056275396, "phi_d": 1.7091879051199512, "beta_rec": 0.01600837059640327, "gamma_cf": 0.7923336404835708, "k_intra": 2.4673397778169535, "gamma_fc": 0.7472487679780193, "s_cf": 2.192014402276966, "beta_enc": 0.9808244370775409, "phi_s": 1.79819880288716}, "datetime": {"delta": 10.453699, "elapsed": 3820.50442, "datetime": "2020-04-27 11:35:47"}}
{"target": -9447.81130693761, "params": {"epsilon_d": 3.149293761126807, "phi_d": 2.041754300766685, "beta_rec": 0.4049079866755705, "gamma_cf": 0.23838507751598204, "k_intra": 6.462375040302247, "gamma_fc": 0.18325302233554358, "s_cf": 0.10912258934668011, "beta_enc": 0.517306340091431, "phi_s": 2.0932960743588565}, "datetime": {"delta": 10.369756, "elapsed": 3830.874176, "datetime": "2020-04-27 11:35:58"}}
{"target": -9881.977701250467, "params": {"epsilon_d": 5.3134324234924435, "phi_d": 2.460135977944327, "beta_rec": 0.12264110957487202, "gamma_cf": 0.979741646939784, "k_intra": 3.752753292942472, "gamma_fc": 0.5493493098670043, "s_cf": 0.9326577948335065, "beta_enc": 0.49442772926888756, "phi_s": 2.9077841709096286}, "datetime": {"delta": 10.438853, "elapsed": 3841.313029, "datetime": "2020-04-27 11:36:08"}}
{"target": -9857.199635800867, "params": {"epsilon_d": 1.2070599735409175, "phi_d": 1.3927461261967033, "beta_rec": 0.9961418232195335, "gamma_cf": 0.5310942498517633, "k_intra": 3.7691788947324123, "gamma_fc": 0.8321739215365003, "s_cf": 0.38520449895041875, "beta_enc": 0.8227000357718508, "phi_s": 2.2776174230272432}, "datetime": {"delta": 10.307745, "elapsed": 3851.620774, "datetime": "2020-04-27 11:36:19"}}
