{"target": 8.0, "params": {"cue_position": 10.0, "beta_rec": 0.9275809425975434, "beta_enc": 0.8460545992364693, "gamma_fc": 0.3987155436290084, "gamma_cf": 0.5781739184085382}, "datetime": {"delta": 0.347286, "elapsed": 111.993652, "datetime": "2020-06-14 09:44:56"}}
{"target": 6.0, "params": {"cue_position": 10.0, "beta_rec": 0.15407917183235742, "beta_enc": 0.966612492642142, "gamma_fc": 0.548489089666104, "gamma_cf": 0.3110130678848415}, "datetime": {"delta": 0.304369, "elapsed": 112.298021, "datetime": "2020-06-14 09:44:56"}}
{"target": 8.0, "params": {"cue_position": 10.0, "beta_rec": 0.23646965132615538, "beta_enc": 0.6820662584328149, "gamma_fc": 0.7918638755846716, "gamma_cf": 0.508482013429616}, "datetime": {"delta": 0.347131, "elapsed": 112.645152, "datetime": "2020-06-14 09:44:56"}}
{"target": 7.875, "params": {"cue_position": 10.0, "beta_rec": 0.11897333717301484, "beta_enc": 0.6924144621670756, "gamma_fc": 0.9466766792396476, "gamma_cf": 0.47973756704915504}, "datetime": {"delta": 0.346917, "elapsed": 112.992069, "datetime": "2020-06-14 09:44:57"}}
{"target": 9.875, "params": {"cue_position": 10.0, "beta_rec": 0.08480182166035288, "beta_enc": 0.5534337062482657, "gamma_fc": 0.7059273667647191, "gamma_cf": 0.8542379729163827}, "datetime": {"delta": 0.387469, "elapsed": 113.379538, "datetime": "2020-06-14 09:44:57"}}
{"target": 7.375, "params": {"cue_position": 10.0, "beta_rec": 0.32914600179429976, "beta_enc": 0.8949395201529242, "gamma_fc": 0.5942908535866644, "gamma_cf": 0.6503981324841198}, "datetime": {"delta": 0.332844, "elapsed": 113.712382, "datetime": "2020-06-14 09:44:57"}}
{"target": 7.25, "params": {"cue_position": 10.0, "beta_rec": 0.4268213494482356, "beta_enc": 0.2314629355342478, "gamma_fc": 0.9866774449680826, "gamma_cf": 0.8456149622311454}, "datetime": {"delta": 0.33069, "elapsed": 114.043072, "datetime": "2020-06-14 09:44:58"}}
{"target": 8.25, "params": {"cue_position": 10.0, "beta_rec": 0.7139280322669613, "beta_enc": 0.06657080313237929, "gamma_fc": 0.258129649281871, "gamma_cf": 0.6254353783114329}, "datetime": {"delta": 0.351725, "elapsed": 114.394797, "datetime": "2020-06-14 09:44:58"}}
{"target": 8.625, "params": {"cue_position": 10.0, "beta_rec": 0.37114718446272954, "beta_enc": 0.6510076093084951, "gamma_fc": 0.9424988742262075, "gamma_cf": 0.9117631736977988}, "datetime": {"delta": 0.363085, "elapsed": 114.757882, "datetime": "2020-06-14 09:44:59"}}
{"target": 7.875, "params": {"cue_position": 10.0, "beta_rec": 0.21446778083069262, "beta_enc": 0.6135500265601355, "gamma_fc": 0.7510898073228061, "gamma_cf": 0.7504535467233241}, "datetime": {"delta": 0.344956, "elapsed": 115.102838, "datetime": "2020-06-14 09:44:59"}}
{"target": 9.25, "params": {"cue_position": 10.0, "beta_rec": 0.8301565261622993, "beta_enc": 0.2117213348484862, "gamma_fc": 0.7107395698995863, "gamma_cf": 0.6316207452501602}, "datetime": {"delta": 0.373633, "elapsed": 115.476471, "datetime": "2020-06-14 09:44:59"}}
{"target": 7.0, "params": {"cue_position": 10.0, "beta_rec": 0.39026470459958096, "beta_enc": 0.7423834297071017, "gamma_fc": 0.5874200192375769, "gamma_cf": 0.9029359021217099}, "datetime": {"delta": 0.324262, "elapsed": 115.800733, "datetime": "2020-06-14 09:45:00"}}
{"target": 7.625, "params": {"cue_position": 10.0, "beta_rec": 0.12897598414227607, "beta_enc": 0.09040971569479861, "gamma_fc": 0.12643089028968502, "gamma_cf": 0.17272746332288003}, "datetime": {"delta": 0.394069, "elapsed": 116.194802, "datetime": "2020-06-14 09:45:00"}}
{"target": 6.625, "params": {"cue_position": 10.0, "beta_rec": 0.039411512184444275, "beta_enc": 0.7783008900676276, "gamma_fc": 0.9735188608362936, "gamma_cf": 0.8790664013584655}, "datetime": {"delta": 0.317894, "elapsed": 116.512696, "datetime": "2020-06-14 09:45:00"}}
{"target": 10.375, "params": {"cue_position": 10.0, "beta_rec": 0.9762382645603884, "beta_enc": 0.6054220077270481, "gamma_fc": 0.31129608245616713, "gamma_cf": 0.9485727683760076}, "datetime": {"delta": 0.397645, "elapsed": 116.910341, "datetime": "2020-06-14 09:45:01"}}
{"target": 7.125, "params": {"cue_position": 10.0, "beta_rec": 0.8106291034469015, "beta_enc": 0.798972840361593, "gamma_fc": 0.9306443921654484, "gamma_cf": 0.45855081090250105}, "datetime": {"delta": 0.329431, "elapsed": 117.239772, "datetime": "2020-06-14 09:45:01"}}
{"target": 9.875, "params": {"cue_position": 10.0, "beta_rec": 0.9344454925295846, "beta_enc": 0.2578929844270399, "gamma_fc": 0.03264386596259239, "gamma_cf": 0.9854449149448306}, "datetime": {"delta": 0.388195, "elapsed": 117.627967, "datetime": "2020-06-14 09:45:01"}}
{"target": 6.0, "params": {"cue_position": 10.0, "beta_rec": 0.5655542353803811, "beta_enc": 0.7251666588327084, "gamma_fc": 0.3268306848663751, "gamma_cf": 0.259218125650737}, "datetime": {"delta": 0.30197, "elapsed": 117.929937, "datetime": "2020-06-14 09:45:02"}}
{"target": 8.625, "params": {"cue_position": 10.0, "beta_rec": 0.21926791032506077, "beta_enc": 0.24946220670138775, "gamma_fc": 0.08318988869699773, "gamma_cf": 0.5023950058982584}, "datetime": {"delta": 0.359328, "elapsed": 118.289265, "datetime": "2020-06-14 09:45:02"}}
{"target": 7.25, "params": {"cue_position": 10.0, "beta_rec": 0.5336490760837309, "beta_enc": 0.7769841920273803, "gamma_fc": 0.39994592398513173, "gamma_cf": 0.5153936931431213}, "datetime": {"delta": 0.328604, "elapsed": 118.617869, "datetime": "2020-06-14 09:45:02"}}
{"target": 3.625, "params": {"cue_position": 10.0, "beta_rec": 0.02824262016291268, "beta_enc": 0.986246782436295, "gamma_fc": 0.39091871150145807, "gamma_cf": 0.930854967759968}, "datetime": {"delta": 0.252654, "elapsed": 118.870523, "datetime": "2020-06-14 09:45:03"}}
{"target": 8.5, "params": {"cue_position": 10.0, "beta_rec": 0.619213297933239, "beta_enc": 0.2144648711333198, "gamma_fc": 0.2539338558777352, "gamma_cf": 0.8032081943280084}, "datetime": {"delta": 0.357653, "elapsed": 119.228176, "datetime": "2020-06-14 09:45:03"}}
{"target": 8.0, "params": {"cue_position": 10.0, "beta_rec": 0.915915790009957, "beta_enc": 0.2908061550326779, "gamma_fc": 0.8628389805786156, "gamma_cf": 0.5353808917305217}, "datetime": {"delta": 0.347842, "elapsed": 119.576018, "datetime": "2020-06-14 09:45:03"}}
{"target": 7.25, "params": {"cue_position": 10.0, "beta_rec": 0.9978842782249023, "beta_enc": 0.3525325688050618, "gamma_fc": 0.04157423394916726, "gamma_cf": 0.29481201179849537}, "datetime": {"delta": 0.3325, "elapsed": 119.908518, "datetime": "2020-06-14 09:45:04"}}
{"target": 6.625, "params": {"cue_position": 10.0, "beta_rec": 0.4648876309118224, "beta_enc": 0.9897069537867418, "gamma_fc": 0.7230933996660097, "gamma_cf": 0.6408076240458747}, "datetime": {"delta": 0.318432, "elapsed": 120.22695, "datetime": "2020-06-14 09:45:04"}}
{"target": 8.375, "params": {"cue_position": 10.0, "beta_rec": 0.9200454054097137, "beta_enc": 0.05111090382611627, "gamma_fc": 0.963915888684551, "gamma_cf": 0.5519950271541971}, "datetime": {"delta": 0.353918, "elapsed": 120.580868, "datetime": "2020-06-14 09:45:04"}}
{"target": 8.75, "params": {"cue_position": 10.0, "beta_rec": 0.6021466271365452, "beta_enc": 0.28095553699036746, "gamma_fc": 0.3006322885237481, "gamma_cf": 0.6280232317552282}, "datetime": {"delta": 0.360624, "elapsed": 120.941492, "datetime": "2020-06-14 09:45:05"}}
{"target": 7.125, "params": {"cue_position": 10.0, "beta_rec": 0.06978597850420853, "beta_enc": 0.8193583846560202, "gamma_fc": 0.15045502836766345, "gamma_cf": 0.049396384633314305}, "datetime": {"delta": 0.330769, "elapsed": 121.272261, "datetime": "2020-06-14 09:45:05"}}
{"target": 7.5, "params": {"cue_position": 10.0, "beta_rec": 0.9553899892571747, "beta_enc": 0.39535047379469035, "gamma_fc": 0.5276215084563493, "gamma_cf": 0.6475529858164272}, "datetime": {"delta": 0.336356, "elapsed": 121.608617, "datetime": "2020-06-14 09:45:05"}}
{"target": 9.0, "params": {"cue_position": 10.0, "beta_rec": 0.19819922932019185, "beta_enc": 0.353242405983059, "gamma_fc": 0.7131639731598145, "gamma_cf": 0.043821509727146934}, "datetime": {"delta": 0.368354, "elapsed": 121.976971, "datetime": "2020-06-14 09:45:06"}}
{"target": 9.125, "params": {"cue_position": 10.0, "beta_rec": 0.4437697927247224, "beta_enc": 0.6538401991962549, "gamma_fc": 0.9387191733689311, "gamma_cf": 0.10997597244532042}, "datetime": {"delta": 0.371678, "elapsed": 122.348649, "datetime": "2020-06-14 09:45:06"}}
{"target": 7.625, "params": {"cue_position": 10.0, "beta_rec": 0.6590356596658833, "beta_enc": 0.8476267092393875, "gamma_fc": 0.48215392215746744, "gamma_cf": 0.41656672901474745}, "datetime": {"delta": 0.340462, "elapsed": 122.689111, "datetime": "2020-06-14 09:45:06"}}
{"target": 6.0, "params": {"cue_position": 10.0, "beta_rec": 0.8635929549181026, "beta_enc": 0.9352837700068006, "gamma_fc": 0.8754038622793218, "gamma_cf": 0.554518498278167}, "datetime": {"delta": 0.302486, "elapsed": 122.991597, "datetime": "2020-06-14 09:45:07"}}
{"target": 7.125, "params": {"cue_position": 10.0, "beta_rec": 0.639184755868246, "beta_enc": 0.9492644337722901, "gamma_fc": 0.91802831908618, "gamma_cf": 0.35162490636044264}, "datetime": {"delta": 0.326113, "elapsed": 123.31771, "datetime": "2020-06-14 09:45:07"}}
{"target": 6.75, "params": {"cue_position": 10.0, "beta_rec": 0.5520558812247628, "beta_enc": 0.8367520498538312, "gamma_fc": 0.8084113566061418, "gamma_cf": 0.8498718814403323}, "datetime": {"delta": 0.320528, "elapsed": 123.638238, "datetime": "2020-06-14 09:45:07"}}
{"target": 7.875, "params": {"cue_position": 10.0, "beta_rec": 0.5360025748218121, "beta_enc": 0.13069282439738805, "gamma_fc": 0.4207131990251918, "gamma_cf": 0.7708318305538303}, "datetime": {"delta": 0.343668, "elapsed": 123.981906, "datetime": "2020-06-14 09:45:08"}}
{"target": 2.375, "params": {"cue_position": 10.0, "beta_rec": 0.25077315667300226, "beta_enc": 0.9778803933599658, "gamma_fc": 0.8087153481852897, "gamma_cf": 0.954200507429589}, "datetime": {"delta": 0.224566, "elapsed": 124.206472, "datetime": "2020-06-14 09:45:08"}}
{"target": 7.125, "params": {"cue_position": 10.0, "beta_rec": 0.011589589409895185, "beta_enc": 0.9003400045106619, "gamma_fc": 0.2959350518874113, "gamma_cf": 0.2355219566098693}, "datetime": {"delta": 0.32703, "elapsed": 124.533502, "datetime": "2020-06-14 09:45:08"}}
{"target": 8.125, "params": {"cue_position": 10.0, "beta_rec": 0.7240848448640741, "beta_enc": 0.7379954964038409, "gamma_fc": 0.5846916130045258, "gamma_cf": 0.3652744612070937}, "datetime": {"delta": 0.349252, "elapsed": 124.882754, "datetime": "2020-06-14 09:45:09"}}
{"target": 8.875, "params": {"cue_position": 10.0, "beta_rec": 0.550579559007862, "beta_enc": 0.5337077546342763, "gamma_fc": 0.7717184824154584, "gamma_cf": 0.39564827226754884}, "datetime": {"delta": 0.365219, "elapsed": 125.247973, "datetime": "2020-06-14 09:45:09"}}
{"target": 8.25, "params": {"cue_position": 10.0, "beta_rec": 0.655760767903366, "beta_enc": 0.2512031833493866, "gamma_fc": 0.7233610443943062, "gamma_cf": 0.0035547604644260433}, "datetime": {"delta": 0.349777, "elapsed": 125.59775, "datetime": "2020-06-14 09:45:09"}}
{"target": 8.875, "params": {"cue_position": 10.0, "beta_rec": 0.5437874916638252, "beta_enc": 0.10899503392964371, "gamma_fc": 0.9138438752466082, "gamma_cf": 0.24294712577080113}, "datetime": {"delta": 0.363844, "elapsed": 125.961594, "datetime": "2020-06-14 09:45:10"}}
{"target": 8.875, "params": {"cue_position": 10.0, "beta_rec": 0.23169469139485988, "beta_enc": 0.6223125286916178, "gamma_fc": 0.5552253185313445, "gamma_cf": 0.10550707999733477}, "datetime": {"delta": 0.362317, "elapsed": 126.323911, "datetime": "2020-06-14 09:45:10"}}
{"target": 8.75, "params": {"cue_position": 10.0, "beta_rec": 0.5809840726750195, "beta_enc": 0.0949560698024915, "gamma_fc": 0.71582695285818, "gamma_cf": 0.6494668079547463}, "datetime": {"delta": 0.362995, "elapsed": 126.686906, "datetime": "2020-06-14 09:45:10"}}
{"target": 8.125, "params": {"cue_position": 10.0, "beta_rec": 0.6575214077031101, "beta_enc": 0.5241856145686612, "gamma_fc": 0.6196819920538628, "gamma_cf": 0.8075122716430321}, "datetime": {"delta": 0.350865, "elapsed": 127.037771, "datetime": "2020-06-14 09:45:11"}}
{"target": 8.875, "params": {"cue_position": 10.0, "beta_rec": 0.40794998904736746, "beta_enc": 0.45110246212077487, "gamma_fc": 0.18493502237340165, "gamma_cf": 0.7029317321143713}, "datetime": {"delta": 0.367261, "elapsed": 127.405032, "datetime": "2020-06-14 09:45:11"}}
{"target": 7.0, "params": {"cue_position": 10.0, "beta_rec": 0.9088080323000569, "beta_enc": 0.5657321466292633, "gamma_fc": 0.8202024663153499, "gamma_cf": 0.8455176755307064}, "datetime": {"delta": 0.323967, "elapsed": 127.728999, "datetime": "2020-06-14 09:45:11"}}
{"target": 10.875, "params": {"cue_position": 10.0, "beta_rec": 0.0375838514857032, "beta_enc": 0.4993411012978345, "gamma_fc": 0.04415479603186245, "gamma_cf": 0.9226386946886712}, "datetime": {"delta": 0.405945, "elapsed": 128.134944, "datetime": "2020-06-14 09:45:12"}}
{"target": 10.875, "params": {"cue_position": 10.0, "beta_rec": 0.6190396347254709, "beta_enc": 0.3724987664053595, "gamma_fc": 0.15597523304342242, "gamma_cf": 0.9810797572402973}, "datetime": {"delta": 0.408364, "elapsed": 128.543308, "datetime": "2020-06-14 09:45:12"}}
{"target": 7.875, "params": {"cue_position": 10.0, "beta_rec": 0.6180113243466446, "beta_enc": 0.5396791951612744, "gamma_fc": 0.49100852913292925, "gamma_cf": 0.4663089892093414}, "datetime": {"delta": 0.344323, "elapsed": 128.887631, "datetime": "2020-06-14 09:45:13"}}
{"target": 10.625, "params": {"cue_position": 10.0, "beta_rec": 0.6342807527738734, "beta_enc": 0.766862376326542, "gamma_fc": 0.45337742652219837, "gamma_cf": 0.6669425431939752}, "datetime": {"delta": 0.401772, "elapsed": 129.289403, "datetime": "2020-06-14 09:45:13"}}
{"target": 7.875, "params": {"cue_position": 10.0, "beta_rec": 0.6585680415583619, "beta_enc": 0.5257115913414097, "gamma_fc": 0.6028653375383973, "gamma_cf": 0.7880495511723071}, "datetime": {"delta": 0.344828, "elapsed": 129.634231, "datetime": "2020-06-14 09:45:13"}}
{"target": 3.75, "params": {"cue_position": 10.0, "beta_rec": 0.22238319353117575, "beta_enc": 0.9803328851373277, "gamma_fc": 0.6014334096987881, "gamma_cf": 0.8956418025994466}, "datetime": {"delta": 0.254398, "elapsed": 129.888629, "datetime": "2020-06-14 09:45:14"}}
{"target": 6.75, "params": {"cue_position": 10.0, "beta_rec": 0.41367016420136027, "beta_enc": 0.725958845848815, "gamma_fc": 0.20018606573932207, "gamma_cf": 0.9460550298475632}, "datetime": {"delta": 0.318992, "elapsed": 130.207621, "datetime": "2020-06-14 09:45:14"}}
{"target": 7.0, "params": {"cue_position": 10.0, "beta_rec": 0.9695380120998964, "beta_enc": 0.8073652638773204, "gamma_fc": 0.11737692031312974, "gamma_cf": 0.21520958659442757}, "datetime": {"delta": 0.324709, "elapsed": 130.53233, "datetime": "2020-06-14 09:45:14"}}
{"target": 7.75, "params": {"cue_position": 10.0, "beta_rec": 0.08121658594273329, "beta_enc": 0.7674235177414532, "gamma_fc": 0.9052027659330404, "gamma_cf": 0.38961201587930516}, "datetime": {"delta": 0.341331, "elapsed": 130.873661, "datetime": "2020-06-14 09:45:15"}}
{"target": 7.875, "params": {"cue_position": 10.0, "beta_rec": 0.44087219982229087, "beta_enc": 0.18857760349946784, "gamma_fc": 0.4621580966913571, "gamma_cf": 0.5952697806732562}, "datetime": {"delta": 0.342828, "elapsed": 131.216489, "datetime": "2020-06-14 09:45:15"}}
{"target": 7.125, "params": {"cue_position": 10.0, "beta_rec": 0.5738855268923474, "beta_enc": 0.5126497467571176, "gamma_fc": 0.11396576145918635, "gamma_cf": 0.1935589577238105}, "datetime": {"delta": 0.328406, "elapsed": 131.544895, "datetime": "2020-06-14 09:45:15"}}
{"target": 8.5, "params": {"cue_position": 10.0, "beta_rec": 0.0524909638531339, "beta_enc": 0.151227927370148, "gamma_fc": 0.35911933892411074, "gamma_cf": 0.8477210140360106}, "datetime": {"delta": 0.357284, "elapsed": 131.902179, "datetime": "2020-06-14 09:45:16"}}
{"target": 9.625, "params": {"cue_position": 10.0, "beta_rec": 0.42572441198511624, "beta_enc": 0.07531087263581782, "gamma_fc": 0.81072123360737, "gamma_cf": 0.4254034655756376}, "datetime": {"delta": 0.383143, "elapsed": 132.285322, "datetime": "2020-06-14 09:45:16"}}
{"target": 5.125, "params": {"cue_position": 10.0, "beta_rec": 0.8699107732683544, "beta_enc": 0.9418862461867052, "gamma_fc": 0.6826980429032513, "gamma_cf": 0.4702989247821753}, "datetime": {"delta": 0.284476, "elapsed": 132.569798, "datetime": "2020-06-14 09:45:16"}}
{"target": 7.0, "params": {"cue_position": 10.0, "beta_rec": 0.9824781185020439, "beta_enc": 0.013418310556529534, "gamma_fc": 0.8071099016661061, "gamma_cf": 0.9062603959616818}, "datetime": {"delta": 0.3245, "elapsed": 132.894298, "datetime": "2020-06-14 09:45:17"}}
{"target": 8.125, "params": {"cue_position": 10.0, "beta_rec": 0.2689360577850649, "beta_enc": 0.8001396843869877, "gamma_fc": 0.8493711007306549, "gamma_cf": 0.42880069291408873}, "datetime": {"delta": 0.349352, "elapsed": 133.24365, "datetime": "2020-06-14 09:45:17"}}
{"target": 6.625, "params": {"cue_position": 10.0, "beta_rec": 0.9354201140070618, "beta_enc": 0.45037964247172024, "gamma_fc": 0.9806990363557802, "gamma_cf": 0.6193921656967597}, "datetime": {"delta": 0.316457, "elapsed": 133.560107, "datetime": "2020-06-14 09:45:17"}}
{"target": 8.125, "params": {"cue_position": 10.0, "beta_rec": 0.04549821604060378, "beta_enc": 0.6434625222408049, "gamma_fc": 0.5321815485216747, "gamma_cf": 0.3347513437136638}, "datetime": {"delta": 0.349179, "elapsed": 133.909286, "datetime": "2020-06-14 09:45:18"}}
{"target": 7.75, "params": {"cue_position": 10.0, "beta_rec": 0.1222612302300028, "beta_enc": 0.2847462086131314, "gamma_fc": 0.8671392999990885, "gamma_cf": 0.6813597548913063}, "datetime": {"delta": 0.34277, "elapsed": 134.252056, "datetime": "2020-06-14 09:45:18"}}
{"target": 8.875, "params": {"cue_position": 10.0, "beta_rec": 0.798620308278031, "beta_enc": 0.13238149356273743, "gamma_fc": 0.20492214578063384, "gamma_cf": 0.6465499357511519}, "datetime": {"delta": 0.366092, "elapsed": 134.618148, "datetime": "2020-06-14 09:45:18"}}
{"target": 10.0, "params": {"cue_position": 10.0, "beta_rec": 0.41849681753917567, "beta_enc": 0.2614207144058379, "gamma_fc": 0.4674598920453694, "gamma_cf": 0.477437955592217}, "datetime": {"delta": 0.389305, "elapsed": 135.007453, "datetime": "2020-06-14 09:45:19"}}
{"target": 5.5, "params": {"cue_position": 10.0, "beta_rec": 0.8701023653075677, "beta_enc": 0.8398407101976674, "gamma_fc": 0.5710087619370731, "gamma_cf": 0.8778014186346996}, "datetime": {"delta": 0.293704, "elapsed": 135.301157, "datetime": "2020-06-14 09:45:19"}}
{"target": 7.125, "params": {"cue_position": 10.0, "beta_rec": 0.6065443482504677, "beta_enc": 0.9640361333390818, "gamma_fc": 0.681204184117019, "gamma_cf": 0.31929773707461884}, "datetime": {"delta": 0.327246, "elapsed": 135.628403, "datetime": "2020-06-14 09:45:19"}}
{"target": 7.875, "params": {"cue_position": 10.0, "beta_rec": 0.13454642101194225, "beta_enc": 0.051965688505360985, "gamma_fc": 0.1753325917713383, "gamma_cf": 0.6552012872247357}, "datetime": {"delta": 0.343348, "elapsed": 135.971751, "datetime": "2020-06-14 09:45:20"}}
{"target": 8.25, "params": {"cue_position": 10.0, "beta_rec": 0.04431165583310459, "beta_enc": 0.3411468232515472, "gamma_fc": 0.5091394025163677, "gamma_cf": 0.9642243248492941}, "datetime": {"delta": 0.353052, "elapsed": 136.324803, "datetime": "2020-06-14 09:45:20"}}
{"target": 9.0, "params": {"cue_position": 10.0, "beta_rec": 0.5230085317344643, "beta_enc": 0.15107451847143194, "gamma_fc": 0.39206586893038686, "gamma_cf": 0.865686014006334}, "datetime": {"delta": 0.369547, "elapsed": 136.69435, "datetime": "2020-06-14 09:45:20"}}
{"target": 8.5, "params": {"cue_position": 10.0, "beta_rec": 0.7617298626927418, "beta_enc": 0.28386751597340265, "gamma_fc": 0.08408635417992949, "gamma_cf": 0.2542323546573524}, "datetime": {"delta": 0.358596, "elapsed": 137.052946, "datetime": "2020-06-14 09:45:21"}}
{"target": 7.375, "params": {"cue_position": 10.0, "beta_rec": 0.44789891562027984, "beta_enc": 0.8641440947640269, "gamma_fc": 0.7964888671311956, "gamma_cf": 0.7367109576935199}, "datetime": {"delta": 0.334359, "elapsed": 137.387305, "datetime": "2020-06-14 09:45:21"}}
{"target": 8.625, "params": {"cue_position": 10.0, "beta_rec": 0.18412755617579835, "beta_enc": 0.44750813899031383, "gamma_fc": 0.9467282696079524, "gamma_cf": 0.030997959828255817}, "datetime": {"delta": 0.358027, "elapsed": 137.745332, "datetime": "2020-06-14 09:45:22"}}
{"target": 7.375, "params": {"cue_position": 10.0, "beta_rec": 0.875388738450687, "beta_enc": 0.5769778464775016, "gamma_fc": 0.2961299234959044, "gamma_cf": 0.2516595841523237}, "datetime": {"delta": 0.332326, "elapsed": 138.077658, "datetime": "2020-06-14 09:45:22"}}
{"target": 8.5, "params": {"cue_position": 10.0, "beta_rec": 0.9620782128470935, "beta_enc": 0.5329225590316532, "gamma_fc": 0.3437881034368444, "gamma_cf": 0.509898378143109}, "datetime": {"delta": 0.356762, "elapsed": 138.43442, "datetime": "2020-06-14 09:45:22"}}
{"target": 7.375, "params": {"cue_position": 10.0, "beta_rec": 0.802866486432424, "beta_enc": 0.7697253449571857, "gamma_fc": 0.06708946032885532, "gamma_cf": 0.20412249999433585}, "datetime": {"delta": 0.334651, "elapsed": 138.769071, "datetime": "2020-06-14 09:45:23"}}
{"target": 9.5, "params": {"cue_position": 10.0, "beta_rec": 0.2724008501293822, "beta_enc": 0.1986482644205615, "gamma_fc": 0.1282309388454863, "gamma_cf": 0.8730834972744356}, "datetime": {"delta": 0.381147, "elapsed": 139.150218, "datetime": "2020-06-14 09:45:23"}}
{"target": 5.625, "params": {"cue_position": 10.0, "beta_rec": 0.6831708438541465, "beta_enc": 0.958188741714896, "gamma_fc": 0.41610077261814205, "gamma_cf": 0.9828807859209906}, "datetime": {"delta": 0.296836, "elapsed": 139.447054, "datetime": "2020-06-14 09:45:23"}}
