{"target": 10.3875, "params": {"beta_enc": 0.1935623023095085, "gamma_cf": 0.9900694366371978, "cue_position": 16.0, "beta_rec": 0.23267349583929128, "gamma_fc": 0.40691406588758866}, "datetime": {"elapsed": 22753.255611, "datetime": "2020-06-20 08:42:41", "delta": 98.166747}}
{"target": 10.133333333333333, "params": {"beta_enc": 0.017812879623516343, "gamma_cf": 0.5824710962905918, "cue_position": 16.0, "beta_rec": 0.013036732610352713, "gamma_fc": 0.46215306944732604}, "datetime": {"elapsed": 22850.968645, "datetime": "2020-06-20 08:44:19", "delta": 97.713034}}
{"target": 10.333333333333334, "params": {"beta_enc": 0.08425888193055639, "gamma_cf": 0.7458245175096077, "cue_position": 16.0, "beta_rec": 0.06773071199206496, "gamma_fc": 0.5825247530710276}, "datetime": {"elapsed": 22945.644044, "datetime": "2020-06-20 08:45:54", "delta": 94.675399}}
{"target": 10.4125, "params": {"beta_enc": 0.08897730830027129, "gamma_cf": 0.9044047199879177, "cue_position": 16.0, "beta_rec": 0.8493369624776796, "gamma_fc": 0.9590933403402631}, "datetime": {"elapsed": 23036.876028, "datetime": "2020-06-20 08:47:25", "delta": 91.231984}}
{"target": 10.254166666666666, "params": {"beta_enc": 0.1989774644325925, "gamma_cf": 0.3544835683410357, "cue_position": 16.0, "beta_rec": 0.5145436122337176, "gamma_fc": 0.9564467641874232}, "datetime": {"elapsed": 23136.994203, "datetime": "2020-06-20 08:49:05", "delta": 100.118175}}
{"target": 10.354166666666666, "params": {"beta_enc": 0.1421875652645158, "gamma_cf": 0.7963939250716547, "cue_position": 16.0, "beta_rec": 0.8608777634526371, "gamma_fc": 0.9589391880484824}, "datetime": {"elapsed": 23231.456903, "datetime": "2020-06-20 08:50:40", "delta": 94.4627}}
{"target": 10.508333333333333, "params": {"beta_enc": 0.2092723185504889, "gamma_cf": 0.8976953969700959, "cue_position": 16.0, "beta_rec": 0.8546959223887278, "gamma_fc": 0.41111284917670704}, "datetime": {"elapsed": 23331.796183, "datetime": "2020-06-20 08:52:20", "delta": 100.33928}}
{"target": 10.454166666666667, "params": {"beta_enc": 0.10136121241563614, "gamma_cf": 0.9346144450776324, "cue_position": 16.0, "beta_rec": 0.8629815741100513, "gamma_fc": 0.36099679341423985}, "datetime": {"elapsed": 23432.876699, "datetime": "2020-06-20 08:54:01", "delta": 101.080516}}
{"target": 10.320833333333333, "params": {"beta_enc": 0.1417007847446281, "gamma_cf": 0.9552435145750323, "cue_position": 16.0, "beta_rec": 0.7911916465968675, "gamma_fc": 0.43687046794933765}, "datetime": {"elapsed": 23533.453857, "datetime": "2020-06-20 08:55:42", "delta": 100.577158}}
{"target": 9.991666666666667, "params": {"beta_enc": 0.2356773216264376, "gamma_cf": 0.7660808729097789, "cue_position": 16.0, "beta_rec": 0.4731423385955135, "gamma_fc": 0.5943702674963678}, "datetime": {"elapsed": 23636.104838, "datetime": "2020-06-20 08:57:24", "delta": 102.650981}}
{"target": 10.191666666666666, "params": {"beta_enc": 0.16520175704273257, "gamma_cf": 0.8120016618987766, "cue_position": 16.0, "beta_rec": 0.8954135907388471, "gamma_fc": 0.35036197489650256}, "datetime": {"elapsed": 23730.550997, "datetime": "2020-06-20 08:58:59", "delta": 94.446159}}
{"target": 10.3375, "params": {"beta_enc": 0.1486376422597745, "gamma_cf": 0.9354528408114521, "cue_position": 16.0, "beta_rec": 0.27116404539543715, "gamma_fc": 0.628209595790135}, "datetime": {"elapsed": 23828.641218, "datetime": "2020-06-20 09:00:37", "delta": 98.090221}}
{"target": 10.3625, "params": {"beta_enc": 0.1238224776869151, "gamma_cf": 0.9975663889862004, "cue_position": 16.0, "beta_rec": 0.418481927301628, "gamma_fc": 0.6139735222746657}, "datetime": {"elapsed": 23933.812146, "datetime": "2020-06-20 09:02:22", "delta": 105.170928}}
{"target": 10.179166666666667, "params": {"beta_enc": 0.18281927849647472, "gamma_cf": 0.9570369415310237, "cue_position": 16.0, "beta_rec": 0.5244395813368953, "gamma_fc": 0.5522551775980798}, "datetime": {"elapsed": 24034.914364, "datetime": "2020-06-20 09:04:03", "delta": 101.102218}}
{"target": 10.2625, "params": {"beta_enc": 0.2257417824482445, "gamma_cf": 0.6765132862674273, "cue_position": 16.0, "beta_rec": 0.5907735006154697, "gamma_fc": 0.7850842890745825}, "datetime": {"elapsed": 24139.191459, "datetime": "2020-06-20 09:05:47", "delta": 104.277095}}
{"target": 10.475, "params": {"beta_enc": 0.0, "gamma_cf": 0.9504835129569097, "cue_position": 16.0, "beta_rec": 0.32570855257828113, "gamma_fc": 0.1295712918961587}, "datetime": {"elapsed": 24244.197443, "datetime": "2020-06-20 09:07:32", "delta": 105.005984}}
{"target": 10.016666666666667, "params": {"beta_enc": 0.12211710294580357, "gamma_cf": 0.5500008954657535, "cue_position": 16.0, "beta_rec": 0.0660259917940183, "gamma_fc": 0.15039329927738812}, "datetime": {"elapsed": 24347.041344, "datetime": "2020-06-20 09:09:15", "delta": 102.843901}}
{"target": 10.416666666666666, "params": {"beta_enc": 0.0, "gamma_cf": 0.977486325938063, "cue_position": 16.0, "beta_rec": 0.3315864752411378, "gamma_fc": 0.2292927370940466}, "datetime": {"elapsed": 24450.426855, "datetime": "2020-06-20 09:10:59", "delta": 103.385511}}
{"target": 10.158333333333333, "params": {"beta_enc": 0.1765815034636779, "gamma_cf": 0.9241508346897307, "cue_position": 16.0, "beta_rec": 0.8012430315056573, "gamma_fc": 0.29188574485215396}, "datetime": {"elapsed": 24548.624527, "datetime": "2020-06-20 09:12:37", "delta": 98.197672}}
{"target": 10.083333333333334, "params": {"beta_enc": 0.1349744249284324, "gamma_cf": 0.3855696249329315, "cue_position": 16.0, "beta_rec": 0.0297604361721998, "gamma_fc": 0.4663074832323703}, "datetime": {"elapsed": 24643.381785, "datetime": "2020-06-20 09:14:11", "delta": 94.757258}}
{"target": 10.170833333333333, "params": {"beta_enc": 0.4109342907507386, "gamma_cf": 0.7005873935723281, "cue_position": 16.0, "beta_rec": 0.7775211601990459, "gamma_fc": 0.890953333408042}, "datetime": {"elapsed": 24739.377686, "datetime": "2020-06-20 09:15:47", "delta": 95.995901}}
{"target": 10.0375, "params": {"beta_enc": 0.1540649371388024, "gamma_cf": 0.5159982844805966, "cue_position": 16.0, "beta_rec": 0.7488809884731049, "gamma_fc": 0.5499902081956125}, "datetime": {"elapsed": 24840.873685, "datetime": "2020-06-20 09:17:29", "delta": 101.495999}}
{"target": 0.0, "params": {"beta_enc": 0.3135542521080016, "gamma_cf": 0.3877281154061168, "cue_position": 16.0, "beta_rec": 0.4150993207996213, "gamma_fc": 1.0}, "datetime": {"elapsed": 24918.068509, "datetime": "2020-06-20 09:18:46", "delta": 77.194824}}
{"target": 10.475, "params": {"beta_enc": 0.197106041989263, "gamma_cf": 0.4908779542825392, "cue_position": 16.0, "beta_rec": 0.4398496144066368, "gamma_fc": 0.9643760282641194}, "datetime": {"elapsed": 25016.205858, "datetime": "2020-06-20 09:20:24", "delta": 98.137349}}
{"target": 10.220833333333333, "params": {"beta_enc": 0.45815984932297454, "gamma_cf": 0.4023243238422619, "cue_position": 16.0, "beta_rec": 0.29799203009010744, "gamma_fc": 0.9728849273241537}, "datetime": {"elapsed": 25118.988665, "datetime": "2020-06-20 09:22:07", "delta": 102.782807}}
{"target": 10.070833333333333, "params": {"beta_enc": 0.3042756567205939, "gamma_cf": 0.3449356586589864, "cue_position": 16.0, "beta_rec": 0.5662807715248036, "gamma_fc": 0.8696524604445345}, "datetime": {"elapsed": 25218.926952, "datetime": "2020-06-20 09:23:47", "delta": 99.938287}}
{"target": 10.2, "params": {"beta_enc": 0.154800068383918, "gamma_cf": 0.362823195084972, "cue_position": 16.0, "beta_rec": 0.4471018753012993, "gamma_fc": 0.8692171078695718}, "datetime": {"elapsed": 25317.902446, "datetime": "2020-06-20 09:25:26", "delta": 98.975494}}
{"target": 10.170833333333333, "params": {"beta_enc": 0.15652740028229967, "gamma_cf": 0.3766569135466771, "cue_position": 16.0, "beta_rec": 0.329656399597802, "gamma_fc": 0.8434758995886135}, "datetime": {"elapsed": 25416.861615, "datetime": "2020-06-20 09:27:05", "delta": 98.959169}}
{"target": 9.75, "params": {"beta_enc": 0.4669642528194537, "gamma_cf": 0.23723649028073798, "cue_position": 16.0, "beta_rec": 0.4302591242948032, "gamma_fc": 0.91571757648769}, "datetime": {"elapsed": 25514.278278, "datetime": "2020-06-20 09:28:42", "delta": 97.416663}}
{"target": 10.225, "params": {"beta_enc": 0.21211875070446073, "gamma_cf": 0.43068725822988496, "cue_position": 16.0, "beta_rec": 0.5511677264470878, "gamma_fc": 0.932794176970587}, "datetime": {"elapsed": 25609.174369, "datetime": "2020-06-20 09:30:17", "delta": 94.896091}}
{"target": 10.145833333333334, "params": {"beta_enc": 0.2548673539071477, "gamma_cf": 0.5574655131812487, "cue_position": 16.0, "beta_rec": 0.38804100624927806, "gamma_fc": 0.9500727325624763}, "datetime": {"elapsed": 25701.816769, "datetime": "2020-06-20 09:31:50", "delta": 92.6424}}
{"target": 10.145833333333334, "params": {"beta_enc": 0.3701157671099179, "gamma_cf": 0.505935025412415, "cue_position": 16.0, "beta_rec": 0.25042412256710067, "gamma_fc": 0.9300558154627391}, "datetime": {"elapsed": 25793.331745, "datetime": "2020-06-20 09:33:21", "delta": 91.514976}}
{"target": 10.1875, "params": {"beta_enc": 0.1711414872621489, "gamma_cf": 0.3310171760408818, "cue_position": 16.0, "beta_rec": 0.5887462609838775, "gamma_fc": 0.9319365432723641}, "datetime": {"elapsed": 25885.447455, "datetime": "2020-06-20 09:34:54", "delta": 92.11571}}
{"target": 10.195833333333333, "params": {"beta_enc": 0.12476474102390103, "gamma_cf": 0.7370660860909943, "cue_position": 16.0, "beta_rec": 0.08447495401144418, "gamma_fc": 0.4840318960790975}, "datetime": {"elapsed": 25982.887051, "datetime": "2020-06-20 09:36:31", "delta": 97.439596}}
{"target": 10.191666666666666, "params": {"beta_enc": 0.10498138126588852, "gamma_cf": 0.8126137826861528, "cue_position": 16.0, "beta_rec": 0.3021570850775024, "gamma_fc": 0.6130524394019058}, "datetime": {"elapsed": 26076.640826, "datetime": "2020-06-20 09:38:05", "delta": 93.753775}}
{"target": 9.825, "params": {"beta_enc": 0.4078230586970042, "gamma_cf": 0.3498290660848725, "cue_position": 16.0, "beta_rec": 0.5517973463336506, "gamma_fc": 0.8717873300816925}, "datetime": {"elapsed": 26171.514806, "datetime": "2020-06-20 09:39:40", "delta": 94.87398}}
{"target": 10.333333333333334, "params": {"beta_enc": 0.24325954284060283, "gamma_cf": 0.6614885872233982, "cue_position": 16.0, "beta_rec": 0.36123547038660514, "gamma_fc": 0.8032772215991277}, "datetime": {"elapsed": 26265.951348, "datetime": "2020-06-20 09:41:14", "delta": 94.436542}}
{"target": 10.575, "params": {"beta_enc": 0.16023110325673529, "gamma_cf": 0.775252462723823, "cue_position": 16.0, "beta_rec": 0.5086627558102651, "gamma_fc": 0.9020971433653259}, "datetime": {"elapsed": 26365.354826, "datetime": "2020-06-20 09:42:53", "delta": 99.403478}}
{"target": 10.458333333333334, "params": {"beta_enc": 0.1227778477843812, "gamma_cf": 0.7274324117490555, "cue_position": 16.0, "beta_rec": 0.5547980757148644, "gamma_fc": 0.8285756187316188}, "datetime": {"elapsed": 26458.064883, "datetime": "2020-06-20 09:44:26", "delta": 92.710057}}
{"target": 10.591666666666667, "params": {"beta_enc": 0.1396889404274621, "gamma_cf": 0.5992355004331633, "cue_position": 16.0, "beta_rec": 0.28509898491795604, "gamma_fc": 0.7405382726875721}, "datetime": {"elapsed": 26550.025428, "datetime": "2020-06-20 09:45:58", "delta": 91.960545}}
{"target": 10.1625, "params": {"beta_enc": 0.0598278127661404, "gamma_cf": 0.5363306614460649, "cue_position": 16.0, "beta_rec": 0.3167284790227276, "gamma_fc": 0.7760919336384584}, "datetime": {"elapsed": 26638.094738, "datetime": "2020-06-20 09:47:26", "delta": 88.06931}}
{"target": 9.975, "params": {"beta_enc": 0.1628517221518617, "gamma_cf": 0.5738750915360338, "cue_position": 16.0, "beta_rec": 0.3085250645110001, "gamma_fc": 0.6435051652812342}, "datetime": {"elapsed": 26729.683197, "datetime": "2020-06-20 09:48:58", "delta": 91.588459}}
{"target": 10.333333333333334, "params": {"beta_enc": 0.13676508619233307, "gamma_cf": 0.6781692316206124, "cue_position": 16.0, "beta_rec": 0.28821916155076077, "gamma_fc": 0.803593567386669}, "datetime": {"elapsed": 26820.780832, "datetime": "2020-06-20 09:50:29", "delta": 91.097635}}
{"target": 10.129166666666666, "params": {"beta_enc": 0.18232736423170773, "gamma_cf": 0.464648465782717, "cue_position": 16.0, "beta_rec": 0.12546871344132682, "gamma_fc": 0.7492402769895369}, "datetime": {"elapsed": 26921.773862, "datetime": "2020-06-20 09:52:10", "delta": 100.99303}}
{"target": 10.408333333333333, "params": {"beta_enc": 0.06521180100487008, "gamma_cf": 0.9568606218062415, "cue_position": 16.0, "beta_rec": 0.3400986079392465, "gamma_fc": 0.5652147851048103}, "datetime": {"elapsed": 27016.790827, "datetime": "2020-06-20 09:53:45", "delta": 95.016965}}
{"target": 10.158333333333333, "params": {"beta_enc": 0.16409097282743174, "gamma_cf": 0.854013473877151, "cue_position": 16.0, "beta_rec": 0.460124244344016, "gamma_fc": 0.8516596014796466}, "datetime": {"elapsed": 27111.259707, "datetime": "2020-06-20 09:55:19", "delta": 94.46888}}
{"target": 10.554166666666667, "params": {"beta_enc": 0.05921272963814742, "gamma_cf": 0.9286168602497535, "cue_position": 16.0, "beta_rec": 0.4814918975726601, "gamma_fc": 0.6023095642620723}, "datetime": {"elapsed": 27203.682293, "datetime": "2020-06-20 09:56:52", "delta": 92.422586}}
{"target": 10.4, "params": {"beta_enc": 0.024489485108663982, "gamma_cf": 0.8558707753724321, "cue_position": 16.0, "beta_rec": 0.5975996151309793, "gamma_fc": 0.5768447792034824}, "datetime": {"elapsed": 27295.400435, "datetime": "2020-06-20 09:58:24", "delta": 91.718142}}
{"target": 10.15, "params": {"beta_enc": 0.049345684080964916, "gamma_cf": 0.8593035163919339, "cue_position": 16.0, "beta_rec": 0.6836919404574479, "gamma_fc": 0.8447107161986355}, "datetime": {"elapsed": 27389.746397, "datetime": "2020-06-20 09:59:58", "delta": 94.345962}}
{"target": 10.020833333333334, "params": {"beta_enc": 0.07513791792286383, "gamma_cf": 0.8506096611185503, "cue_position": 16.0, "beta_rec": 0.5485109446438914, "gamma_fc": 0.2867162902703843}, "datetime": {"elapsed": 27487.447082, "datetime": "2020-06-20 10:01:36", "delta": 97.700685}}
{"target": 10.125, "params": {"beta_enc": 0.06779416775214925, "gamma_cf": 0.8910592627868016, "cue_position": 16.0, "beta_rec": 0.39601259842924585, "gamma_fc": 0.1410253004846312}, "datetime": {"elapsed": 27582.057856, "datetime": "2020-06-20 10:03:10", "delta": 94.610774}}
{"target": 10.3125, "params": {"beta_enc": 0.0874125160644556, "gamma_cf": 0.8205088333992188, "cue_position": 16.0, "beta_rec": 0.22559676282395896, "gamma_fc": 0.2630758195997871}, "datetime": {"elapsed": 27677.810223, "datetime": "2020-06-20 10:04:46", "delta": 95.752367}}
{"target": 10.320833333333333, "params": {"beta_enc": 0.056306206126215015, "gamma_cf": 0.7530536119688142, "cue_position": 16.0, "beta_rec": 0.8561789893804578, "gamma_fc": 0.7073945562438341}, "datetime": {"elapsed": 27780.773136, "datetime": "2020-06-20 10:06:29", "delta": 102.962913}}
{"target": 11.3625, "params": {"beta_enc": 0.9071604251617871, "gamma_cf": 0.0009386623504475944, "cue_position": 16.0, "beta_rec": 0.8657285211038971, "gamma_fc": 0.9028826305579393}, "datetime": {"elapsed": 27885.290359, "datetime": "2020-06-20 10:08:13", "delta": 104.517223}}
{"target": 10.8875, "params": {"beta_enc": 0.9681978387376023, "gamma_cf": 0.029198609992188197, "cue_position": 16.0, "beta_rec": 0.9152100948075738, "gamma_fc": 0.7951625768129043}, "datetime": {"elapsed": 27991.228615, "datetime": "2020-06-20 10:09:59", "delta": 105.938256}}
{"target": 11.591666666666667, "params": {"beta_enc": 0.9526808839863148, "gamma_cf": 0.0, "cue_position": 16.0, "beta_rec": 0.9314732586463836, "gamma_fc": 0.8609742572331942}, "datetime": {"elapsed": 28102.094346, "datetime": "2020-06-20 10:11:50", "delta": 110.865731}}
{"target": 11.475, "params": {"beta_enc": 0.9586278887753624, "gamma_cf": 0.0, "cue_position": 16.0, "beta_rec": 0.947685495144013, "gamma_fc": 0.8618279688400785}, "datetime": {"elapsed": 28209.880187, "datetime": "2020-06-20 10:13:38", "delta": 107.785841}}
{"target": 11.241666666666667, "params": {"beta_enc": 0.9597423869003866, "gamma_cf": 0.0, "cue_position": 16.0, "beta_rec": 0.9219042111940412, "gamma_fc": 0.8663314438456784}, "datetime": {"elapsed": 28324.762505, "datetime": "2020-06-20 10:15:33", "delta": 114.882318}}
{"target": 11.3125, "params": {"beta_enc": 0.9471282172131791, "gamma_cf": 0.0, "cue_position": 16.0, "beta_rec": 0.9344633342878775, "gamma_fc": 0.8575452021969122}, "datetime": {"elapsed": 28431.308929, "datetime": "2020-06-20 10:17:19", "delta": 106.546424}}
{"target": 11.216666666666667, "params": {"beta_enc": 0.9576062541915927, "gamma_cf": 0.0002604754837289793, "cue_position": 16.0, "beta_rec": 0.9353803447707959, "gamma_fc": 0.8628333423938318}, "datetime": {"elapsed": 28552.456587, "datetime": "2020-06-20 10:19:21", "delta": 121.147658}}
{"target": 11.454166666666667, "params": {"beta_enc": 0.9465068101399392, "gamma_cf": 0.0, "cue_position": 16.0, "beta_rec": 0.9198359825555992, "gamma_fc": 0.8609488381725243}, "datetime": {"elapsed": 28680.606843, "datetime": "2020-06-20 10:21:29", "delta": 128.150256}}
{"target": 11.608333333333333, "params": {"beta_enc": 0.9581106780798389, "gamma_cf": 0.0, "cue_position": 16.0, "beta_rec": 0.9563468391037135, "gamma_fc": 0.8605372056888284}, "datetime": {"elapsed": 28805.999352, "datetime": "2020-06-20 10:23:34", "delta": 125.392509}}
{"target": 11.85, "params": {"beta_enc": 0.9553890988984284, "gamma_cf": 0.0, "cue_position": 16.0, "beta_rec": 0.9558361993106582, "gamma_fc": 0.8656657483855543}, "datetime": {"elapsed": 28926.786286, "datetime": "2020-06-20 10:25:35", "delta": 120.786934}}
{"target": 11.85, "params": {"beta_enc": 0.9533051001711441, "gamma_cf": 0.0, "cue_position": 16.0, "beta_rec": 0.956261361273036, "gamma_fc": 0.8693466121377911}, "datetime": {"elapsed": 29050.359478, "datetime": "2020-06-20 10:27:38", "delta": 123.573192}}
{"target": 10.7875, "params": {"beta_enc": 0.9495991543706354, "gamma_cf": 0.049695554382773253, "cue_position": 16.0, "beta_rec": 0.8800193940385529, "gamma_fc": 0.8072231874047218}, "datetime": {"elapsed": 29167.26159, "datetime": "2020-06-20 10:29:35", "delta": 116.902112}}
{"target": 10.566666666666666, "params": {"beta_enc": 0.04364213471352087, "gamma_cf": 0.9572905015373555, "cue_position": 16.0, "beta_rec": 0.3234713572643052, "gamma_fc": 0.18712758347010594}, "datetime": {"elapsed": 29284.679564, "datetime": "2020-06-20 10:31:33", "delta": 117.417974}}
{"target": 10.120833333333334, "params": {"beta_enc": 0.12963693290986536, "gamma_cf": 0.7883682286962718, "cue_position": 16.0, "beta_rec": 0.5120269485082479, "gamma_fc": 0.8528366421476125}, "datetime": {"elapsed": 29394.606668, "datetime": "2020-06-20 10:33:23", "delta": 109.927104}}
{"target": 11.695833333333333, "params": {"beta_enc": 0.9520679588333075, "gamma_cf": 0.0, "cue_position": 16.0, "beta_rec": 0.9541646665465633, "gamma_fc": 0.8665208948741104}, "datetime": {"elapsed": 29518.527216, "datetime": "2020-06-20 10:35:27", "delta": 123.920548}}
{"target": 10.358333333333333, "params": {"beta_enc": 0.0761813303597878, "gamma_cf": 0.5928755626859319, "cue_position": 16.0, "beta_rec": 0.04271511066996345, "gamma_fc": 0.541236336584549}, "datetime": {"elapsed": 29633.887901, "datetime": "2020-06-20 10:37:22", "delta": 115.360685}}
{"target": 11.7375, "params": {"beta_enc": 0.955135667986826, "gamma_cf": 0.0, "cue_position": 16.0, "beta_rec": 0.9570549367579508, "gamma_fc": 0.8691837780568202}, "datetime": {"elapsed": 29762.6224, "datetime": "2020-06-20 10:39:31", "delta": 128.734499}}
{"target": 10.858333333333333, "params": {"beta_enc": 0.9139164922732878, "gamma_cf": 0.03332352562310814, "cue_position": 16.0, "beta_rec": 0.880609186120673, "gamma_fc": 0.832152345717771}, "datetime": {"elapsed": 29829.803573, "datetime": "2020-06-20 10:40:38", "delta": 67.181173}}
{"target": 10.820833333333333, "params": {"beta_enc": 0.8984357295958898, "gamma_cf": 0.006188822113588901, "cue_position": 16.0, "beta_rec": 0.8576365684501202, "gamma_fc": 0.8993400306453629}, "datetime": {"elapsed": 29906.673569, "datetime": "2020-06-20 10:41:55", "delta": 76.869996}}
{"target": 10.375, "params": {"beta_enc": 0.9572491107568546, "gamma_cf": 0.03737056964440734, "cue_position": 16.0, "beta_rec": 0.9003483741189523, "gamma_fc": 0.8027432665543252}, "datetime": {"elapsed": 29978.245503, "datetime": "2020-06-20 10:43:06", "delta": 71.571934}}
{"target": 11.179166666666667, "params": {"beta_enc": 0.9541041606330334, "gamma_cf": 0.021503340966441242, "cue_position": 16.0, "beta_rec": 0.9394595492811446, "gamma_fc": 0.8448330264292707}, "datetime": {"elapsed": 30049.182268, "datetime": "2020-06-20 10:44:17", "delta": 70.936765}}
{"target": 10.566666666666666, "params": {"beta_enc": 0.9751678314798592, "gamma_cf": 0.01728655936859369, "cue_position": 16.0, "beta_rec": 0.9092740786657026, "gamma_fc": 0.7900723966779577}, "datetime": {"elapsed": 30118.676069, "datetime": "2020-06-20 10:45:27", "delta": 69.493801}}
{"target": 10.520833333333334, "params": {"beta_enc": 0.9340354660059044, "gamma_cf": 0.02987456970259328, "cue_position": 16.0, "beta_rec": 0.8790809248909275, "gamma_fc": 0.8205591861733366}, "datetime": {"elapsed": 30188.634842, "datetime": "2020-06-20 10:46:37", "delta": 69.958773}}
{"target": 11.145833333333334, "params": {"beta_enc": 0.9612360142345657, "gamma_cf": 0.007254562360029082, "cue_position": 16.0, "beta_rec": 0.9315659588073656, "gamma_fc": 0.8477116224520993}, "datetime": {"elapsed": 30259.608845, "datetime": "2020-06-20 10:47:48", "delta": 70.974003}}
{"target": 11.233333333333333, "params": {"beta_enc": 0.9042903563513469, "gamma_cf": 0.003601833282497746, "cue_position": 16.0, "beta_rec": 0.8849222495681591, "gamma_fc": 0.8879541543737627}, "datetime": {"elapsed": 30331.710266, "datetime": "2020-06-20 10:49:00", "delta": 72.101421}}
