{"target": 7.538888888888889, "params": {"beta_enc": 0.10938291419358459, "gamma_fc": 0.14360699787420927, "cue_position": 10.0, "k": 3.0, "beta_rec": 0.673041054216622, "enc_rate": 1.0}, "datetime": {"elapsed": 7344.777793, "delta": 54.488555, "datetime": "2021-04-07 13:15:59"}}
{"target": 7.244888888888889, "params": {"beta_enc": 0.3992186053524538, "gamma_fc": 0.2902979970618682, "cue_position": 10.0, "k": 3.0, "beta_rec": 0.7969622519799001, "enc_rate": 1.0}, "datetime": {"elapsed": 7398.001326, "delta": 53.223533, "datetime": "2021-04-07 13:16:53"}}
{"target": 7.548444444444445, "params": {"beta_enc": 0.016715589077006432, "gamma_fc": 0.07091840047038722, "cue_position": 10.0, "k": 3.0, "beta_rec": 0.3986590599223787, "enc_rate": 1.0}, "datetime": {"elapsed": 7452.702096, "delta": 54.70077, "datetime": "2021-04-07 13:17:47"}}
{"target": 7.519333333333333, "params": {"beta_enc": 0.016575882900934147, "gamma_fc": 0.32102631416731586, "cue_position": 10.0, "k": 3.0, "beta_rec": 0.11379635644740682, "enc_rate": 1.0}, "datetime": {"elapsed": 7507.36208, "delta": 54.659984, "datetime": "2021-04-07 13:18:42"}}
{"target": 5.4319999999999995, "params": {"beta_enc": 0.9934604630998499, "gamma_fc": 0.03972870668308481, "cue_position": 10.0, "k": 3.0, "beta_rec": 0.8344865140180296, "enc_rate": 1.0}, "datetime": {"elapsed": 7553.15221, "delta": 45.79013, "datetime": "2021-04-07 13:19:28"}}
{"target": 7.14688888888889, "params": {"beta_enc": 0.4740062899880546, "gamma_fc": 0.5396491100933506, "cue_position": 10.0, "k": 3.0, "beta_rec": 0.3491674129570773, "enc_rate": 1.0}, "datetime": {"elapsed": 7606.501964, "delta": 53.349754, "datetime": "2021-04-07 13:20:21"}}
{"target": 7.208666666666668, "params": {"beta_enc": 0.4466350458236905, "gamma_fc": 0.32836139008759013, "cue_position": 10.0, "k": 3.0, "beta_rec": 0.8770343892703519, "enc_rate": 1.0}, "datetime": {"elapsed": 7660.1512, "delta": 53.649236, "datetime": "2021-04-07 13:21:15"}}
{"target": 7.463111111111111, "params": {"beta_enc": 0.22012867402698122, "gamma_fc": 0.8701917462053776, "cue_position": 10.0, "k": 3.0, "beta_rec": 0.6714291710812733, "enc_rate": 1.0}, "datetime": {"elapsed": 7714.791941, "delta": 54.640741, "datetime": "2021-04-07 13:22:09"}}
{"target": 7.361777777777779, "params": {"beta_enc": 0.3860040110225955, "gamma_fc": 0.8741259355980283, "cue_position": 10.0, "k": 3.0, "beta_rec": 0.5715420927253323, "enc_rate": 1.0}, "datetime": {"elapsed": 7768.905556, "delta": 54.113615, "datetime": "2021-04-07 13:23:04"}}
{"target": 5.919555555555556, "params": {"beta_enc": 0.8125073041746718, "gamma_fc": 0.5546673107876667, "cue_position": 10.0, "k": 3.0, "beta_rec": 0.2838018349468743, "enc_rate": 1.0}, "datetime": {"elapsed": 7816.49986, "delta": 47.594304, "datetime": "2021-04-07 13:23:51"}}
{"target": 7.385777777777778, "params": {"beta_enc": 0.3117029177189814, "gamma_fc": 0.3258099666132048, "cue_position": 10.0, "k": 3.0, "beta_rec": 0.6687966059228697, "enc_rate": 1.0}, "datetime": {"elapsed": 7870.689891, "delta": 54.190031, "datetime": "2021-04-07 13:24:45"}}
{"target": 6.171333333333333, "params": {"beta_enc": 0.7517077209192669, "gamma_fc": 0.041475079576498874, "cue_position": 10.0, "k": 3.0, "beta_rec": 0.7626320954451107, "enc_rate": 1.0}, "datetime": {"elapsed": 7919.413563, "delta": 48.723672, "datetime": "2021-04-07 13:25:34"}}
{"target": 7.543555555555557, "params": {"beta_enc": 0.03711266449399442, "gamma_fc": 0.767788977658173, "cue_position": 10.0, "k": 3.0, "beta_rec": 0.6938554113738997, "enc_rate": 1.0}, "datetime": {"elapsed": 7974.361418, "delta": 54.947855, "datetime": "2021-04-07 13:26:29"}}
{"target": 7.563555555555555, "params": {"beta_enc": 0.03985992663545257, "gamma_fc": 0.05231294643747675, "cue_position": 10.0, "k": 3.0, "beta_rec": 0.13479311796067905, "enc_rate": 1.0}, "datetime": {"elapsed": 8029.263354, "delta": 54.901936, "datetime": "2021-04-07 13:27:24"}}
{"target": 7.0731111111111105, "params": {"beta_enc": 0.5120610275239188, "gamma_fc": 0.4540590560591513, "cue_position": 10.0, "k": 3.0, "beta_rec": 0.6174610120171561, "enc_rate": 1.0}, "datetime": {"elapsed": 8082.167658, "delta": 52.904304, "datetime": "2021-04-07 13:28:17"}}
{"target": 6.074222222222223, "params": {"beta_enc": 0.8730681484470995, "gamma_fc": 0.050912383516887205, "cue_position": 10.0, "k": 3.0, "beta_rec": 0.6562015477440989, "enc_rate": 1.0}, "datetime": {"elapsed": 8130.393911, "delta": 48.226253, "datetime": "2021-04-07 13:29:05"}}
{"target": 7.536444444444446, "params": {"beta_enc": 0.0633434434563398, "gamma_fc": 0.4731119528858785, "cue_position": 10.0, "k": 3.0, "beta_rec": 0.4216578860324509, "enc_rate": 1.0}, "datetime": {"elapsed": 8185.331815, "delta": 54.937904, "datetime": "2021-04-07 13:30:00"}}
{"target": 6.215555555555556, "params": {"beta_enc": 0.7728856021671178, "gamma_fc": 0.23941104413775594, "cue_position": 10.0, "k": 3.0, "beta_rec": 0.8414221567958434, "enc_rate": 1.0}, "datetime": {"elapsed": 8234.353268, "delta": 49.021453, "datetime": "2021-04-07 13:30:49"}}
{"target": 4.273777777777778, "params": {"beta_enc": 0.9438926277837961, "gamma_fc": 0.8978507176676818, "cue_position": 10.0, "k": 3.0, "beta_rec": 0.6139340023847009, "enc_rate": 1.0}, "datetime": {"elapsed": 8274.396615, "delta": 40.043347, "datetime": "2021-04-07 13:31:29"}}
{"target": 7.471333333333334, "params": {"beta_enc": 0.23581463714751372, "gamma_fc": 0.8704248568230661, "cue_position": 10.0, "k": 3.0, "beta_rec": 0.9408279632013994, "enc_rate": 1.0}, "datetime": {"elapsed": 8330.431914, "delta": 56.035299, "datetime": "2021-04-07 13:32:25"}}
{"target": 6.951777777777778, "params": {"beta_enc": 0.6049268729742817, "gamma_fc": 0.8146191812616553, "cue_position": 10.0, "k": 3.0, "beta_rec": 0.7323748991793305, "enc_rate": 1.0}, "datetime": {"elapsed": 8382.742838, "delta": 52.310924, "datetime": "2021-04-07 13:33:17"}}
{"target": 7.509333333333333, "params": {"beta_enc": 0.13051067133926597, "gamma_fc": 0.2482907289970986, "cue_position": 10.0, "k": 3.0, "beta_rec": 0.8424458099564136, "enc_rate": 1.0}, "datetime": {"elapsed": 8437.4978, "delta": 54.754962, "datetime": "2021-04-07 13:34:12"}}
{"target": 6.01, "params": {"beta_enc": 0.8726861649194619, "gamma_fc": 0.20338083282405106, "cue_position": 10.0, "k": 3.0, "beta_rec": 0.42166593484970927, "enc_rate": 1.0}, "datetime": {"elapsed": 8484.959176, "delta": 47.461376, "datetime": "2021-04-07 13:35:00"}}
{"target": 5.453111111111111, "params": {"beta_enc": 0.8817706230828073, "gamma_fc": 0.624821294185499, "cue_position": 10.0, "k": 3.0, "beta_rec": 0.48675074481833813, "enc_rate": 1.0}, "datetime": {"elapsed": 8530.176125, "delta": 45.216949, "datetime": "2021-04-07 13:35:45"}}
{"target": 7.391777777777778, "params": {"beta_enc": 0.2821394484048606, "gamma_fc": 0.22700116521465796, "cue_position": 10.0, "k": 3.0, "beta_rec": 0.8837555081806009, "enc_rate": 1.0}, "datetime": {"elapsed": 8585.278175, "delta": 55.10205, "datetime": "2021-04-07 13:36:40"}}
{"target": 7.508444444444445, "params": {"beta_enc": 0.23944623690468037, "gamma_fc": 0.6021836538927108, "cue_position": 10.0, "k": 3.0, "beta_rec": 0.13141566053746057, "enc_rate": 1.0}, "datetime": {"elapsed": 8640.331938, "delta": 55.053763, "datetime": "2021-04-07 13:37:35"}}
{"target": 7.087111111111112, "params": {"beta_enc": 0.34567921329602547, "gamma_fc": 0.05917720718572239, "cue_position": 10.0, "k": 3.0, "beta_rec": 0.5956250981349497, "enc_rate": 1.0}, "datetime": {"elapsed": 8693.529328, "delta": 53.19739, "datetime": "2021-04-07 13:38:28"}}
{"target": 6.0664444444444445, "params": {"beta_enc": 0.9482094981876252, "gamma_fc": 0.0073189693278638, "cue_position": 10.0, "k": 3.0, "beta_rec": 0.5346790571795887, "enc_rate": 1.0}, "datetime": {"elapsed": 8741.530423, "delta": 48.001095, "datetime": "2021-04-07 13:39:16"}}
{"target": 4.807555555555555, "params": {"beta_enc": 0.9176063476443932, "gamma_fc": 0.822578152523871, "cue_position": 10.0, "k": 3.0, "beta_rec": 0.5883673328938768, "enc_rate": 1.0}, "datetime": {"elapsed": 8784.172949, "delta": 42.642526, "datetime": "2021-04-07 13:39:59"}}
{"target": 7.303999999999999, "params": {"beta_enc": 0.3209863745244532, "gamma_fc": 0.1267357091420086, "cue_position": 10.0, "k": 3.0, "beta_rec": 0.12295477155217849, "enc_rate": 1.0}, "datetime": {"elapsed": 8838.255639, "delta": 54.08269, "datetime": "2021-04-07 13:40:53"}}
{"target": 7.564444444444445, "params": {"beta_enc": 0.03606831456985993, "gamma_fc": 0.3033456717085691, "cue_position": 10.0, "k": 3.0, "beta_rec": 0.20018211641098693, "enc_rate": 1.0}, "datetime": {"elapsed": 8893.216403, "delta": 54.960764, "datetime": "2021-04-07 13:41:48"}}
{"target": 3.953333333333334, "params": {"beta_enc": 0.9974849927283295, "gamma_fc": 0.5071194235482045, "cue_position": 10.0, "k": 3.0, "beta_rec": 0.5820299763434618, "enc_rate": 1.0}, "datetime": {"elapsed": 8931.444822, "delta": 38.228419, "datetime": "2021-04-07 13:42:26"}}
{"target": 6.626222222222222, "params": {"beta_enc": 0.5878715062961865, "gamma_fc": 0.24444799937161088, "cue_position": 10.0, "k": 3.0, "beta_rec": 0.2641376442105696, "enc_rate": 1.0}, "datetime": {"elapsed": 8982.200218, "delta": 50.755396, "datetime": "2021-04-07 13:43:17"}}
{"target": 6.130888888888889, "params": {"beta_enc": 0.6958461339323264, "gamma_fc": 0.8061631629534083, "cue_position": 10.0, "k": 3.0, "beta_rec": 0.07194722016400112, "enc_rate": 1.0}, "datetime": {"elapsed": 9030.7583, "delta": 48.558082, "datetime": "2021-04-07 13:44:05"}}
{"target": 7.536666666666667, "params": {"beta_enc": 0.0800609772712173, "gamma_fc": 0.4487372588243219, "cue_position": 10.0, "k": 3.0, "beta_rec": 0.48169628302117706, "enc_rate": 1.0}, "datetime": {"elapsed": 9085.493452, "delta": 54.735152, "datetime": "2021-04-07 13:45:00"}}
{"target": 6.690222222222222, "params": {"beta_enc": 0.6816453376026229, "gamma_fc": 0.760802456305756, "cue_position": 10.0, "k": 3.0, "beta_rec": 0.6971485287527562, "enc_rate": 1.0}, "datetime": {"elapsed": 9136.488783, "delta": 50.995331, "datetime": "2021-04-07 13:45:51"}}
{"target": 5.730222222222222, "params": {"beta_enc": 0.9041029859138049, "gamma_fc": 0.3205646539951602, "cue_position": 10.0, "k": 3.0, "beta_rec": 0.23376869260410593, "enc_rate": 1.0}, "datetime": {"elapsed": 9183.148355, "delta": 46.659572, "datetime": "2021-04-07 13:46:38"}}
{"target": 6.615555555555555, "params": {"beta_enc": 0.6135258996684316, "gamma_fc": 0.11503501205024624, "cue_position": 10.0, "k": 3.0, "beta_rec": 0.7600017523497489, "enc_rate": 1.0}, "datetime": {"elapsed": 9233.831384, "delta": 50.683029, "datetime": "2021-04-07 13:47:28"}}
{"target": 7.509333333333333, "params": {"beta_enc": 0.19384776750950716, "gamma_fc": 0.4911099613042962, "cue_position": 10.0, "k": 3.0, "beta_rec": 0.8207464986229382, "enc_rate": 1.0}, "datetime": {"elapsed": 9288.512441, "delta": 54.681057, "datetime": "2021-04-07 13:48:23"}}
{"target": 7.4993333333333325, "params": {"beta_enc": 0.23507763668617032, "gamma_fc": 0.7293976982561526, "cue_position": 10.0, "k": 3.0, "beta_rec": 0.461602080891622, "enc_rate": 1.0}, "datetime": {"elapsed": 9343.498091, "delta": 54.98565, "datetime": "2021-04-07 13:49:18"}}
{"target": 7.4464444444444435, "params": {"beta_enc": 0.33039174636170277, "gamma_fc": 0.6570654246228895, "cue_position": 10.0, "k": 3.0, "beta_rec": 0.8434941260636555, "enc_rate": 1.0}, "datetime": {"elapsed": 9398.229164, "delta": 54.731073, "datetime": "2021-04-07 13:50:13"}}
{"target": 7.493111111111112, "params": {"beta_enc": 0.200727488035091, "gamma_fc": 0.8709456091610533, "cue_position": 10.0, "k": 3.0, "beta_rec": 0.5295466104783949, "enc_rate": 1.0}, "datetime": {"elapsed": 9452.954851, "delta": 54.725687, "datetime": "2021-04-07 13:51:08"}}
{"target": 7.43711111111111, "params": {"beta_enc": 0.32984456268188234, "gamma_fc": 0.8785878632047704, "cue_position": 10.0, "k": 3.0, "beta_rec": 0.6830743663365642, "enc_rate": 1.0}, "datetime": {"elapsed": 9507.426874, "delta": 54.472023, "datetime": "2021-04-07 13:52:02"}}
{"target": 5.684444444444444, "params": {"beta_enc": 0.8497689100179306, "gamma_fc": 0.6353709614884534, "cue_position": 10.0, "k": 3.0, "beta_rec": 0.6671187886992039, "enc_rate": 1.0}, "datetime": {"elapsed": 9554.074027, "delta": 46.647153, "datetime": "2021-04-07 13:52:49"}}
{"target": 7.550222222222222, "params": {"beta_enc": 0.019078310593891246, "gamma_fc": 0.23892391423406992, "cue_position": 10.0, "k": 3.0, "beta_rec": 1.0, "enc_rate": 1.0}, "datetime": {"elapsed": 9619.393968, "delta": 65.319941, "datetime": "2021-04-07 13:53:54"}}
{"target": 7.557777777777778, "params": {"beta_enc": 0.05617754463813321, "gamma_fc": 0.5826221290913081, "cue_position": 10.0, "k": 3.0, "beta_rec": 0.7990203451825619, "enc_rate": 1.0}, "datetime": {"elapsed": 9684.852757, "delta": 65.458789, "datetime": "2021-04-07 13:55:00"}}
{"target": 7.523333333333333, "params": {"beta_enc": 0.0, "gamma_fc": 0.9761871840421719, "cue_position": 10.0, "k": 3.0, "beta_rec": 0.7300612835430342, "enc_rate": 1.0}, "datetime": {"elapsed": 9748.988109, "delta": 64.135352, "datetime": "2021-04-07 13:56:04"}}
{"target": 7.576888888888888, "params": {"beta_enc": 0.06387740686785642, "gamma_fc": 0.6364730294244274, "cue_position": 10.0, "k": 3.0, "beta_rec": 0.6104559581190346, "enc_rate": 1.0}, "datetime": {"elapsed": 9814.280788, "delta": 65.292679, "datetime": "2021-04-07 13:57:09"}}
{"target": 7.564444444444445, "params": {"beta_enc": 0.08321940341800961, "gamma_fc": 0.0, "cue_position": 10.0, "k": 3.0, "beta_rec": 0.2002657036944578, "enc_rate": 1.0}, "datetime": {"elapsed": 9882.210297, "delta": 67.929509, "datetime": "2021-04-07 13:58:17"}}
{"target": 7.534222222222222, "params": {"beta_enc": 0.11126370557101772, "gamma_fc": 0.10505520951309723, "cue_position": 10.0, "k": 3.0, "beta_rec": 0.13658697546886503, "enc_rate": 1.0}, "datetime": {"elapsed": 9949.498807, "delta": 67.28851, "datetime": "2021-04-07 13:59:24"}}
{"target": 7.538888888888889, "params": {"beta_enc": 0.0, "gamma_fc": 0.3153332939305647, "cue_position": 10.0, "k": 3.0, "beta_rec": 0.2848509458802022, "enc_rate": 1.0}, "datetime": {"elapsed": 10015.086067, "delta": 65.58726, "datetime": "2021-04-07 14:00:30"}}
{"target": 7.513111111111111, "params": {"beta_enc": 0.09130102374052808, "gamma_fc": 1.0, "cue_position": 10.0, "k": 3.0, "beta_rec": 0.0, "enc_rate": 1.0}, "datetime": {"elapsed": 10080.817211, "delta": 65.731144, "datetime": "2021-04-07 14:01:35"}}
{"target": 7.539999999999999, "params": {"beta_enc": 0.06062299364818825, "gamma_fc": 0.0, "cue_position": 10.0, "k": 3.0, "beta_rec": 0.08158808375384698, "enc_rate": 1.0}, "datetime": {"elapsed": 10147.394131, "delta": 66.57692, "datetime": "2021-04-07 14:02:42"}}
{"target": 7.489555555555555, "params": {"beta_enc": 0.1439330771134048, "gamma_fc": 0.6281290822196541, "cue_position": 10.0, "k": 3.0, "beta_rec": 0.0, "enc_rate": 1.0}, "datetime": {"elapsed": 10212.511229, "delta": 65.117098, "datetime": "2021-04-07 14:03:47"}}
{"target": 7.543777777777779, "params": {"beta_enc": 0.0, "gamma_fc": 0.9670718783146316, "cue_position": 10.0, "k": 3.0, "beta_rec": 0.16296952328145695, "enc_rate": 1.0}, "datetime": {"elapsed": 10279.305466, "delta": 66.794237, "datetime": "2021-04-07 14:04:54"}}
{"target": 7.541111111111111, "params": {"beta_enc": 0.07754581099505417, "gamma_fc": 0.16847904941123573, "cue_position": 10.0, "k": 3.0, "beta_rec": 0.9940790257565296, "enc_rate": 1.0}, "datetime": {"elapsed": 10344.796334, "delta": 65.490868, "datetime": "2021-04-07 14:05:59"}}
{"target": 7.522444444444444, "params": {"beta_enc": 0.0, "gamma_fc": 0.0, "cue_position": 10.0, "k": 3.0, "beta_rec": 0.20068499267184997, "enc_rate": 1.0}, "datetime": {"elapsed": 10410.066514, "delta": 65.27018, "datetime": "2021-04-07 14:07:05"}}
{"target": 7.541555555555556, "params": {"beta_enc": 0.0055406737350069, "gamma_fc": 0.08139490992505825, "cue_position": 10.0, "k": 3.0, "beta_rec": 0.543824279863867, "enc_rate": 1.0}, "datetime": {"elapsed": 10475.863222, "delta": 65.796708, "datetime": "2021-04-07 14:08:11"}}
{"target": 7.540444444444444, "params": {"beta_enc": 0.0, "gamma_fc": 0.6801184752761156, "cue_position": 10.0, "k": 3.0, "beta_rec": 0.5544387306957472, "enc_rate": 1.0}, "datetime": {"elapsed": 10539.816223, "delta": 63.953001, "datetime": "2021-04-07 14:09:14"}}
{"target": 7.560444444444445, "params": {"beta_enc": 0.08885653312798014, "gamma_fc": 0.6018453461577247, "cue_position": 10.0, "k": 3.0, "beta_rec": 0.6807125404281934, "enc_rate": 1.0}, "datetime": {"elapsed": 10605.885178, "delta": 66.068955, "datetime": "2021-04-07 14:10:21"}}
{"target": 7.529111111111111, "params": {"beta_enc": 0.12643724915875998, "gamma_fc": 0.6300192119111366, "cue_position": 10.0, "k": 3.0, "beta_rec": 0.5590190007269953, "enc_rate": 1.0}, "datetime": {"elapsed": 10671.283867, "delta": 65.398689, "datetime": "2021-04-07 14:11:26"}}
{"target": 7.497777777777777, "params": {"beta_enc": 0.06568418711979836, "gamma_fc": 0.30661376166215104, "cue_position": 10.0, "k": 3.0, "beta_rec": 0.5797771192118603, "enc_rate": 1.0}, "datetime": {"elapsed": 10737.522588, "delta": 66.238721, "datetime": "2021-04-07 14:12:32"}}
{"target": 7.540222222222222, "params": {"beta_enc": 0.10855758508503828, "gamma_fc": 0.5426857193974465, "cue_position": 10.0, "k": 3.0, "beta_rec": 0.8876969106598365, "enc_rate": 1.0}, "datetime": {"elapsed": 10804.200222, "delta": 66.677634, "datetime": "2021-04-07 14:13:39"}}
{"target": 7.545999999999999, "params": {"beta_enc": 0.03713054068678819, "gamma_fc": 0.6694984226246302, "cue_position": 10.0, "k": 3.0, "beta_rec": 0.6576865772992894, "enc_rate": 1.0}, "datetime": {"elapsed": 10870.714839, "delta": 66.514617, "datetime": "2021-04-07 14:14:45"}}
{"target": 7.549777777777779, "params": {"beta_enc": 0.0, "gamma_fc": 0.6542924125048322, "cue_position": 10.0, "k": 3.0, "beta_rec": 0.3630711396366254, "enc_rate": 1.0}, "datetime": {"elapsed": 10936.246645, "delta": 65.531806, "datetime": "2021-04-07 14:15:51"}}
{"target": 7.542888888888887, "params": {"beta_enc": 0.0, "gamma_fc": 0.8960150131745231, "cue_position": 10.0, "k": 3.0, "beta_rec": 0.8303573596212693, "enc_rate": 1.0}, "datetime": {"elapsed": 11003.094086, "delta": 66.847441, "datetime": "2021-04-07 14:16:58"}}
{"target": 7.511999999999999, "params": {"beta_enc": 0.039619795561113245, "gamma_fc": 0.5442997169932293, "cue_position": 10.0, "k": 3.0, "beta_rec": 0.5931865394874983, "enc_rate": 1.0}, "datetime": {"elapsed": 11069.325123, "delta": 66.231037, "datetime": "2021-04-07 14:18:04"}}
{"target": 7.524222222222223, "params": {"beta_enc": 0.06374937783947407, "gamma_fc": 1.0, "cue_position": 10.0, "k": 3.0, "beta_rec": 1.0, "enc_rate": 1.0}, "datetime": {"elapsed": 11136.654575, "delta": 67.329452, "datetime": "2021-04-07 14:19:11"}}
{"target": 7.543333333333334, "params": {"beta_enc": 0.0, "gamma_fc": 0.18972297239815283, "cue_position": 10.0, "k": 3.0, "beta_rec": 0.20396630956427156, "enc_rate": 1.0}, "datetime": {"elapsed": 11208.037051, "delta": 71.382476, "datetime": "2021-04-07 14:20:23"}}
{"target": 7.541555555555556, "params": {"beta_enc": 0.02831601147647012, "gamma_fc": 0.4353528462201144, "cue_position": 10.0, "k": 3.0, "beta_rec": 0.21457277136888328, "enc_rate": 1.0}, "datetime": {"elapsed": 11274.821882, "delta": 66.784831, "datetime": "2021-04-07 14:21:29"}}
{"target": 7.564, "params": {"beta_enc": 0.0, "gamma_fc": 0.8260490576097678, "cue_position": 10.0, "k": 3.0, "beta_rec": 0.20157616458202288, "enc_rate": 1.0}, "datetime": {"elapsed": 11341.792292, "delta": 66.97041, "datetime": "2021-04-07 14:22:36"}}
{"target": 7.558666666666667, "params": {"beta_enc": 0.08691296306899404, "gamma_fc": 0.9142905768266767, "cue_position": 10.0, "k": 3.0, "beta_rec": 0.1508594667409948, "enc_rate": 1.0}, "datetime": {"elapsed": 11409.01828, "delta": 67.225988, "datetime": "2021-04-07 14:23:44"}}
{"target": 7.489111111111112, "params": {"beta_enc": 0.2586381754750595, "gamma_fc": 1.0, "cue_position": 10.0, "k": 3.0, "beta_rec": 1.0, "enc_rate": 1.0}, "datetime": {"elapsed": 11476.114656, "delta": 67.096376, "datetime": "2021-04-07 14:24:51"}}
{"target": 7.551777777777778, "params": {"beta_enc": 0.0868008779741527, "gamma_fc": 0.7010315895506111, "cue_position": 10.0, "k": 3.0, "beta_rec": 0.5768941205267907, "enc_rate": 1.0}, "datetime": {"elapsed": 11543.831333, "delta": 67.716677, "datetime": "2021-04-07 14:25:58"}}
{"target": 7.5202222222222215, "params": {"beta_enc": 0.0, "gamma_fc": 0.0, "cue_position": 10.0, "k": 3.0, "beta_rec": 0.9324207860244272, "enc_rate": 1.0}, "datetime": {"elapsed": 11611.809305, "delta": 67.977972, "datetime": "2021-04-07 14:27:06"}}
{"target": 7.543111111111112, "params": {"beta_enc": 0.0, "gamma_fc": 0.0, "cue_position": 10.0, "k": 3.0, "beta_rec": 0.6192331736336032, "enc_rate": 1.0}, "datetime": {"elapsed": 11679.000828, "delta": 67.191523, "datetime": "2021-04-07 14:28:14"}}
{"target": 7.518666666666666, "params": {"beta_enc": 0.0, "gamma_fc": 1.0, "cue_position": 10.0, "k": 3.0, "beta_rec": 0.34795509971313976, "enc_rate": 1.0}, "datetime": {"elapsed": 11746.663666, "delta": 67.662838, "datetime": "2021-04-07 14:29:21"}}
{"target": 7.568666666666667, "params": {"beta_enc": 0.03293542636067395, "gamma_fc": 0.8968831902724426, "cue_position": 10.0, "k": 3.0, "beta_rec": 0.25607178828131966, "enc_rate": 1.0}, "datetime": {"elapsed": 11815.733782, "delta": 69.070116, "datetime": "2021-04-07 14:30:30"}}
{"target": 7.509777777777778, "params": {"beta_enc": 0.04392056209068156, "gamma_fc": 1.0, "cue_position": 10.0, "k": 3.0, "beta_rec": 0.8756554482879119, "enc_rate": 1.0}, "datetime": {"elapsed": 11883.201409, "delta": 67.467627, "datetime": "2021-04-07 14:31:38"}}
