{"target": -8668.912447093655, "params": {"epsilon_d": 2.7009333555922765, "phi_d": 0.7066296300536649, "beta_rec": 0.8083575175200619, "gamma_cf": 0.4896583537078115, "k_intra": 5.338202255916083, "gamma_fc": 0.21402671719990174, "s_cf": 0.5742618957449209, "beta_enc": 0.28851219249721927, "phi_s": 1.6931141658400528}, "datetime": {"delta": 38.823185, "elapsed": 6290.061837, "datetime": "2020-04-27 12:16:57"}}
{"target": -8668.32496365963, "params": {"epsilon_d": 2.7051608876625517, "phi_d": 0.6996153719734495, "beta_rec": 0.8083003931767243, "gamma_cf": 0.48667218587862365, "k_intra": 5.323319689965027, "gamma_fc": 0.2219156706876273, "s_cf": 0.5694991878016813, "beta_enc": 0.2916756402969161, "phi_s": 1.6977201223418767}, "datetime": {"delta": 38.865688, "elapsed": 6328.927525, "datetime": "2020-04-27 12:17:36"}}
{"target": -8666.783400656632, "params": {"epsilon_d": 2.7041437327448836, "phi_d": 0.6997137622074197, "beta_rec": 0.8128590603271366, "gamma_cf": 0.4867904501688797, "k_intra": 5.324111824210972, "gamma_fc": 0.2210791949329788, "s_cf": 0.568584187876998, "beta_enc": 0.29336129305657255, "phi_s": 1.6979570929234384}, "datetime": {"delta": 37.350482, "elapsed": 6366.278007, "datetime": "2020-04-27 12:18:13"}}
{"target": -8653.513619934174, "params": {"epsilon_d": 2.6884913350001254, "phi_d": 0.7008050082045632, "beta_rec": 0.8787047052714896, "gamma_cf": 0.49860668845801415, "k_intra": 5.330798748652013, "gamma_fc": 0.20508568344312153, "s_cf": 0.5562144301084795, "beta_enc": 0.3361483977765056, "phi_s": 1.730237725798896}, "datetime": {"delta": 38.310576, "elapsed": 6404.588583, "datetime": "2020-04-27 12:18:52"}}
{"target": -8652.415213257542, "params": {"epsilon_d": 2.6885615693512213, "phi_d": 0.6989504130979909, "beta_rec": 0.8806922237935239, "gamma_cf": 0.498661619685845, "k_intra": 5.332550267697252, "gamma_fc": 0.20493326002244555, "s_cf": 0.555633048861748, "beta_enc": 0.3360855509780092, "phi_s": 1.7326184077778246}, "datetime": {"delta": 37.834505, "elapsed": 6442.423088, "datetime": "2020-04-27 12:19:29"}}
{"target": -8626.021762015596, "params": {"epsilon_d": 2.6916227785214213, "phi_d": 0.6401683985944832, "beta_rec": 0.9042721719507899, "gamma_cf": 0.49156407482504494, "k_intra": 5.387902122904832, "gamma_fc": 0.201479209596645, "s_cf": 0.5469381262319722, "beta_enc": 0.3162414306027406, "phi_s": 1.786299319171201}, "datetime": {"delta": 38.173244, "elapsed": 6480.596332, "datetime": "2020-04-27 12:20:08"}}
{"target": -8617.627123033073, "params": {"epsilon_d": 2.683315343711495, "phi_d": 0.5969761500272788, "beta_rec": 0.9139254443954976, "gamma_cf": 0.4836279530764299, "k_intra": 5.42610493239614, "gamma_fc": 0.1849254180812849, "s_cf": 0.5435187088125141, "beta_enc": 0.3113025382349106, "phi_s": 1.8215292426284653}, "datetime": {"delta": 37.469, "elapsed": 6518.065332, "datetime": "2020-04-27 12:20:45"}}
{"target": -8619.942559623898, "params": {"epsilon_d": 2.6749748834219442, "phi_d": 0.5883330568872469, "beta_rec": 0.9135533421171667, "gamma_cf": 0.4795409009029171, "k_intra": 5.432279367126188, "gamma_fc": 0.17605357371728236, "s_cf": 0.5426055603671627, "beta_enc": 0.31479844086117603, "phi_s": 1.8296218828182238}, "datetime": {"delta": 38.15533, "elapsed": 6556.220662, "datetime": "2020-04-27 12:21:23"}}
{"target": -8603.253018328896, "params": {"epsilon_d": 2.715128557356095, "phi_d": 0.5826699832751966, "beta_rec": 0.9340066963285579, "gamma_cf": 0.5011912101351974, "k_intra": 5.44601699128091, "gamma_fc": 0.20568040118463793, "s_cf": 0.5439462728561196, "beta_enc": 0.2894984647192248, "phi_s": 1.8279788427920771}, "datetime": {"delta": 38.845576, "elapsed": 6595.066238, "datetime": "2020-04-27 12:22:02"}}
{"target": -8599.112174402682, "params": {"epsilon_d": 2.728974273095311, "phi_d": 0.5671255158248295, "beta_rec": 0.9544807160248527, "gamma_cf": 0.525841189046387, "k_intra": 5.457660377717086, "gamma_fc": 0.2134310518984647, "s_cf": 0.5419576855618689, "beta_enc": 0.2783837402811599, "phi_s": 1.8364430200522444}, "datetime": {"delta": 38.798513, "elapsed": 6633.864751, "datetime": "2020-04-27 12:22:41"}}
{"target": -8598.343222814121, "params": {"epsilon_d": 2.7266801500960893, "phi_d": 0.5641423709266764, "beta_rec": 0.9546790248988102, "gamma_cf": 0.5305836268834826, "k_intra": 5.456275113263065, "gamma_fc": 0.21465369466790582, "s_cf": 0.5410701736902276, "beta_enc": 0.278949534852446, "phi_s": 1.8342453981256006}, "datetime": {"delta": 39.137631, "elapsed": 6673.002382, "datetime": "2020-04-27 12:23:20"}}
{"target": -8596.189400748586, "params": {"epsilon_d": 2.7140607920333433, "phi_d": 0.5507473270636296, "beta_rec": 0.9448563430381468, "gamma_cf": 0.5422223084467175, "k_intra": 5.449952034050697, "gamma_fc": 0.22410184981967107, "s_cf": 0.5412291902353306, "beta_enc": 0.2811815811097355, "phi_s": 1.8130366082027691}, "datetime": {"delta": 39.239403, "elapsed": 6712.241785, "datetime": "2020-04-27 12:23:59"}}
{"target": -8596.13511412286, "params": {"epsilon_d": 2.7140495895432486, "phi_d": 0.5487097010485218, "beta_rec": 0.9445820573241241, "gamma_cf": 0.5427455414002729, "k_intra": 5.450188564430014, "gamma_fc": 0.2248728816554055, "s_cf": 0.5448232669202644, "beta_enc": 0.2799727060584413, "phi_s": 1.8096102884426424}, "datetime": {"delta": 39.714197, "elapsed": 6751.955982, "datetime": "2020-04-27 12:24:39"}}
{"target": -8596.682542087226, "params": {"epsilon_d": 2.714293618864166, "phi_d": 0.5483313263019356, "beta_rec": 0.9453482770199958, "gamma_cf": 0.5414980939301897, "k_intra": 5.44958297692304, "gamma_fc": 0.22410521519329846, "s_cf": 0.5448430658475463, "beta_enc": 0.27866076135141815, "phi_s": 1.8105130008874326}, "datetime": {"delta": 39.436278, "elapsed": 6791.39226, "datetime": "2020-04-27 12:25:18"}}
{"target": -8591.133211017312, "params": {"epsilon_d": 2.7161656727669046, "phi_d": 0.5606634793406866, "beta_rec": 0.9375236419782096, "gamma_cf": 0.551449377710429, "k_intra": 5.469789941526058, "gamma_fc": 0.22604751128919287, "s_cf": 0.5432992502642963, "beta_enc": 0.3029729712269908, "phi_s": 1.8129669358130835}, "datetime": {"delta": 39.043075, "elapsed": 6830.435335, "datetime": "2020-04-27 12:25:57"}}
{"target": -8590.88782543572, "params": {"epsilon_d": 2.7167419283175183, "phi_d": 0.560578272409064, "beta_rec": 0.937699210709676, "gamma_cf": 0.5537476559641278, "k_intra": 5.482430629046474, "gamma_fc": 0.22290908670279888, "s_cf": 0.5480845401399148, "beta_enc": 0.3149692242964834, "phi_s": 1.8141848969347978}, "datetime": {"delta": 40.073173, "elapsed": 6870.508508, "datetime": "2020-04-27 12:26:37"}}
{"target": -8590.740981131361, "params": {"epsilon_d": 2.7166872074630577, "phi_d": 0.5671095946779829, "beta_rec": 0.9304448756626199, "gamma_cf": 0.5578151843685206, "k_intra": 5.480142565618815, "gamma_fc": 0.22649921042390453, "s_cf": 0.5472515068150404, "beta_enc": 0.3066787045758925, "phi_s": 1.8138005077175947}, "datetime": {"delta": 38.978638, "elapsed": 6909.487146, "datetime": "2020-04-27 12:27:16"}}
{"target": -8591.497182142592, "params": {"epsilon_d": 2.719672404762923, "phi_d": 0.5654195393103739, "beta_rec": 0.9341125549911963, "gamma_cf": 0.5569076925192248, "k_intra": 5.478628315791073, "gamma_fc": 0.22773160968379974, "s_cf": 0.5450643407418163, "beta_enc": 0.30900644128493393, "phi_s": 1.8098324064833948}, "datetime": {"delta": 40.558838, "elapsed": 6950.045984, "datetime": "2020-04-27 12:27:57"}}
{"target": -8584.598446561939, "params": {"epsilon_d": 2.695785585546297, "phi_d": 0.5563635346508011, "beta_rec": 0.9321235156643118, "gamma_cf": 0.5559050309975752, "k_intra": 5.476596622915441, "gamma_fc": 0.22883086665549202, "s_cf": 0.5630593261479865, "beta_enc": 0.31579246772831865, "phi_s": 1.8450775267704187}, "datetime": {"delta": 38.127641, "elapsed": 6988.173625, "datetime": "2020-04-27 12:28:35"}}
{"target": -8584.1785871589, "params": {"epsilon_d": 2.6933132010935044, "phi_d": 0.5525842203997969, "beta_rec": 0.9316582165602854, "gamma_cf": 0.5580444797122549, "k_intra": 5.467216178399373, "gamma_fc": 0.23894627718803044, "s_cf": 0.5736397848284345, "beta_enc": 0.3245097625393052, "phi_s": 1.8620434253724876}, "datetime": {"delta": 39.558558, "elapsed": 7027.732183, "datetime": "2020-04-27 12:29:15"}}
{"target": -8582.798108940415, "params": {"epsilon_d": 2.6821686912770524, "phi_d": 0.5574299578054627, "beta_rec": 0.9394025282617974, "gamma_cf": 0.5554330148126397, "k_intra": 5.475880312624421, "gamma_fc": 0.23896118821712617, "s_cf": 0.5715122529396868, "beta_enc": 0.31851666828617214, "phi_s": 1.857507375291739}, "datetime": {"delta": 38.715445, "elapsed": 7066.447628, "datetime": "2020-04-27 12:29:53"}}
{"target": -8583.24896598966, "params": {"epsilon_d": 2.6756741389270844, "phi_d": 0.5615187143478364, "beta_rec": 0.9463069164899979, "gamma_cf": 0.554815191300592, "k_intra": 5.4781912361027, "gamma_fc": 0.23935475632321862, "s_cf": 0.5730742486567986, "beta_enc": 0.3203760627716833, "phi_s": 1.856168792095408}, "datetime": {"delta": 38.827194, "elapsed": 7105.274822, "datetime": "2020-04-27 12:30:32"}}
{"target": -8581.811272043808, "params": {"epsilon_d": 2.678260727958322, "phi_d": 0.5496254751992125, "beta_rec": 0.9384340705585453, "gamma_cf": 0.5492458465353595, "k_intra": 5.4870605243696575, "gamma_fc": 0.24602249033781554, "s_cf": 0.5661347196641439, "beta_enc": 0.31321683420917934, "phi_s": 1.8653297529966038}, "datetime": {"delta": 38.361934, "elapsed": 7143.636756, "datetime": "2020-04-27 12:31:11"}}
{"target": -8581.84546860031, "params": {"epsilon_d": 2.676787715819771, "phi_d": 0.5474008539607564, "beta_rec": 0.9365974234068163, "gamma_cf": 0.5490281713518486, "k_intra": 5.4898994221144894, "gamma_fc": 0.2478963901812697, "s_cf": 0.564964620977664, "beta_enc": 0.31206503817782316, "phi_s": 1.8660737211653524}, "datetime": {"delta": 39.837081, "elapsed": 7183.473837, "datetime": "2020-04-27 12:31:50"}}
{"target": -8581.62538033891, "params": {"epsilon_d": 2.6770703605977952, "phi_d": 0.5479601446112119, "beta_rec": 0.9387792535351364, "gamma_cf": 0.5470299516204621, "k_intra": 5.489328988033159, "gamma_fc": 0.2457581828508778, "s_cf": 0.565226508691905, "beta_enc": 0.3143296473729275, "phi_s": 1.8673811327909537}, "datetime": {"delta": 39.908425, "elapsed": 7223.382262, "datetime": "2020-04-27 12:32:30"}}
{"target": -8581.336505118785, "params": {"epsilon_d": 2.6774000064715184, "phi_d": 0.5475341423983278, "beta_rec": 0.9407781509800117, "gamma_cf": 0.5438311696465463, "k_intra": 5.493205793610786, "gamma_fc": 0.24445383351050004, "s_cf": 0.5647898097433968, "beta_enc": 0.31732914495629444, "phi_s": 1.8736011484664976}, "datetime": {"delta": 40.19559, "elapsed": 7263.577852, "datetime": "2020-04-27 12:33:11"}}
{"target": -8580.357795051297, "params": {"epsilon_d": 2.6754718545227743, "phi_d": 0.5475528785627052, "beta_rec": 0.9403569604501717, "gamma_cf": 0.5433815864729303, "k_intra": 5.497895372426641, "gamma_fc": 0.2399400678533705, "s_cf": 0.5631835882652011, "beta_enc": 0.31896104090302946, "phi_s": 1.8814209910917177}, "datetime": {"delta": 39.252536, "elapsed": 7302.830388, "datetime": "2020-04-27 12:33:50"}}
{"target": -8576.971651444384, "params": {"epsilon_d": 2.6619494026593014, "phi_d": 0.5441651015472104, "beta_rec": 0.9383774875640277, "gamma_cf": 0.5502299842445925, "k_intra": 5.507453473198964, "gamma_fc": 0.22901384231376506, "s_cf": 0.5589542776071358, "beta_enc": 0.32252960998659974, "phi_s": 1.9074372405120628}, "datetime": {"delta": 40.308874, "elapsed": 7343.139262, "datetime": "2020-04-27 12:34:30"}}
{"target": -8574.306040623898, "params": {"epsilon_d": 2.642114758606032, "phi_d": 0.5322011178529068, "beta_rec": 0.9366072495764306, "gamma_cf": 0.5622527173182453, "k_intra": 5.512698302542175, "gamma_fc": 0.22159602153548094, "s_cf": 0.5536735787502234, "beta_enc": 0.32696342939068995, "phi_s": 1.9312499435441777}, "datetime": {"delta": 38.82199, "elapsed": 7381.961252, "datetime": "2020-04-27 12:35:09"}}
{"target": -8574.147109284038, "params": {"epsilon_d": 2.6293900960760093, "phi_d": 0.5185155401459797, "beta_rec": 0.9375395718205569, "gamma_cf": 0.5656852601483561, "k_intra": 5.515298293599423, "gamma_fc": 0.22033505413547064, "s_cf": 0.5521108957316111, "beta_enc": 0.3320399565900381, "phi_s": 1.939720978374568}, "datetime": {"delta": 39.939391, "elapsed": 7421.900643, "datetime": "2020-04-27 12:35:49"}}
{"target": -8574.861529497293, "params": {"epsilon_d": 2.632902633811665, "phi_d": 0.526307801108485, "beta_rec": 0.9378802950143207, "gamma_cf": 0.5655101168108382, "k_intra": 5.514541665972172, "gamma_fc": 0.21943165468942039, "s_cf": 0.5513884714923746, "beta_enc": 0.3315629537464952, "phi_s": 1.9398813257150314}, "datetime": {"delta": 39.263218, "elapsed": 7461.163861, "datetime": "2020-04-27 12:36:28"}}
{"target": -8566.066976069294, "params": {"epsilon_d": 2.634045117443614, "phi_d": 0.5062443182449106, "beta_rec": 0.9316449407848694, "gamma_cf": 0.5661873141251178, "k_intra": 5.5160857989489696, "gamma_fc": 0.21901040721783346, "s_cf": 0.5690912011772283, "beta_enc": 0.3153617322779966, "phi_s": 1.931397631152236}, "datetime": {"delta": 41.016217, "elapsed": 7502.180078, "datetime": "2020-04-27 12:37:09"}}
{"target": -8557.554441683264, "params": {"epsilon_d": 2.6100742839888404, "phi_d": 0.4771546981640006, "beta_rec": 0.9242356387510091, "gamma_cf": 0.5680373503568549, "k_intra": 5.539662357904467, "gamma_fc": 0.1949024996936279, "s_cf": 0.6290423386007712, "beta_enc": 0.2849151361565627, "phi_s": 1.9691579682322575}, "datetime": {"delta": 39.833993, "elapsed": 7542.014071, "datetime": "2020-04-27 12:37:49"}}
{"target": -8558.54158062929, "params": {"epsilon_d": 2.6186065151911526, "phi_d": 0.48100000216021427, "beta_rec": 0.925831470785816, "gamma_cf": 0.5711228270775405, "k_intra": 5.532191818794888, "gamma_fc": 0.20045131292172014, "s_cf": 0.617571422278423, "beta_enc": 0.28841062478164187, "phi_s": 1.9571104770979277}, "datetime": {"delta": 40.320329, "elapsed": 7582.3344, "datetime": "2020-04-27 12:38:29"}}
{"target": -8555.705031040552, "params": {"epsilon_d": 2.5925303987188624, "phi_d": 0.48270895775410816, "beta_rec": 0.9102241262251848, "gamma_cf": 0.5458847453203316, "k_intra": 5.550096805659467, "gamma_fc": 0.19437059847248583, "s_cf": 0.6228714195453786, "beta_enc": 0.2916250760992701, "phi_s": 1.980425400577178}, "datetime": {"delta": 38.924866, "elapsed": 7621.259266, "datetime": "2020-04-27 12:39:08"}}
{"target": -8555.298181226457, "params": {"epsilon_d": 2.5956029210990836, "phi_d": 0.4803858796074108, "beta_rec": 0.9143019981768395, "gamma_cf": 0.5481188250669953, "k_intra": 5.550502878148851, "gamma_fc": 0.19351107659430755, "s_cf": 0.6232811815478364, "beta_enc": 0.291238356131622, "phi_s": 1.978554361693301}, "datetime": {"delta": 41.218704, "elapsed": 7662.47797, "datetime": "2020-04-27 12:39:49"}}
{"target": -8554.64835647621, "params": {"epsilon_d": 2.5986737067001635, "phi_d": 0.47728492292990393, "beta_rec": 0.9238465391491826, "gamma_cf": 0.5435043806742093, "k_intra": 5.560391962229686, "gamma_fc": 0.1892469582106827, "s_cf": 0.6218098241859795, "beta_enc": 0.2917677171924343, "phi_s": 1.979698170958425}, "datetime": {"delta": 39.636484, "elapsed": 7702.114454, "datetime": "2020-04-27 12:40:29"}}
{"target": -8556.201274226327, "params": {"epsilon_d": 2.5993350897058187, "phi_d": 0.4756099718796741, "beta_rec": 0.923747898702144, "gamma_cf": 0.5428116637599792, "k_intra": 5.562984911765355, "gamma_fc": 0.18679528662189535, "s_cf": 0.6202411300290046, "beta_enc": 0.2883495644987313, "phi_s": 1.9806455904900335}, "datetime": {"delta": 38.040577, "elapsed": 7740.155031, "datetime": "2020-04-27 12:41:07"}}
{"target": -8551.07096513271, "params": {"epsilon_d": 2.586067962408991, "phi_d": 0.48533945540164647, "beta_rec": 0.938728239294498, "gamma_cf": 0.5380490951979783, "k_intra": 5.559027320336736, "gamma_fc": 0.19513255693646803, "s_cf": 0.6573719930475517, "beta_enc": 0.32453637568533894, "phi_s": 1.9798047945395176}, "datetime": {"delta": 41.011796, "elapsed": 7781.166827, "datetime": "2020-04-27 12:41:48"}}
{"target": -8549.43193900829, "params": {"epsilon_d": 2.592210391739676, "phi_d": 0.4855967157948767, "beta_rec": 0.9370253711852983, "gamma_cf": 0.5404695197513607, "k_intra": 5.554773711235342, "gamma_fc": 0.19852444546213174, "s_cf": 0.6467475069357494, "beta_enc": 0.3169357340633796, "phi_s": 1.9825675182610714}, "datetime": {"delta": 40.669065, "elapsed": 7821.835892, "datetime": "2020-04-27 12:42:29"}}
{"target": -8547.938614088116, "params": {"epsilon_d": 2.598417589534165, "phi_d": 0.48645586740055, "beta_rec": 0.945379189479432, "gamma_cf": 0.5311927141939168, "k_intra": 5.547039563170131, "gamma_fc": 0.20827671951364543, "s_cf": 0.6467550567189685, "beta_enc": 0.3145859275513426, "phi_s": 2.0043700594893696}, "datetime": {"delta": 40.193841, "elapsed": 7862.029733, "datetime": "2020-04-27 12:43:09"}}
{"target": -8548.383563856265, "params": {"epsilon_d": 2.6003043710265494, "phi_d": 0.4875242052102247, "beta_rec": 0.9453971646883782, "gamma_cf": 0.5305709667843717, "k_intra": 5.5467945684739375, "gamma_fc": 0.20901441542171326, "s_cf": 0.6461314455230381, "beta_enc": 0.31402727755268206, "phi_s": 2.0012520107692797}, "datetime": {"delta": 40.165141, "elapsed": 7902.194874, "datetime": "2020-04-27 12:43:49"}}
{"target": -8547.26044621385, "params": {"epsilon_d": 2.591088463382744, "phi_d": 0.4824750439156329, "beta_rec": 0.9443353299942441, "gamma_cf": 0.5393749703891557, "k_intra": 5.5488820789478615, "gamma_fc": 0.2036069787308976, "s_cf": 0.6461730714154208, "beta_enc": 0.32032230065059486, "phi_s": 2.012445364520158}, "datetime": {"delta": 39.108033, "elapsed": 7941.302907, "datetime": "2020-04-27 12:44:28"}}
{"target": -8547.59464810435, "params": {"epsilon_d": 2.591586107180236, "phi_d": 0.4817646618022629, "beta_rec": 0.9420225617992597, "gamma_cf": 0.5404843932733895, "k_intra": 5.549884459629365, "gamma_fc": 0.20424471105141548, "s_cf": 0.644610383450753, "beta_enc": 0.3234751570455272, "phi_s": 2.016973453141821}, "datetime": {"delta": 39.971888, "elapsed": 7981.274795, "datetime": "2020-04-27 12:45:08"}}
{"target": -8547.271771824559, "params": {"epsilon_d": 2.5835123300540546, "phi_d": 0.48364057640694386, "beta_rec": 0.9510367068950788, "gamma_cf": 0.5387929746671484, "k_intra": 5.546814525288583, "gamma_fc": 0.2009072005059169, "s_cf": 0.6445825883780051, "beta_enc": 0.3172220742729998, "phi_s": 2.014300424034983}, "datetime": {"delta": 40.305847, "elapsed": 8021.580642, "datetime": "2020-04-27 12:45:49"}}
{"target": -8547.413040631001, "params": {"epsilon_d": 2.5854146732154306, "phi_d": 0.4834002175423334, "beta_rec": 0.9461320191746885, "gamma_cf": 0.5379996580899606, "k_intra": 5.545730398563495, "gamma_fc": 0.20244672912880476, "s_cf": 0.6452561386169168, "beta_enc": 0.31873941686433, "phi_s": 2.0118344941103112}, "datetime": {"delta": 41.03377, "elapsed": 8062.614412, "datetime": "2020-04-27 12:46:30"}}
{"target": -8546.777560409335, "params": {"epsilon_d": 2.5864171301489103, "phi_d": 0.4881286200185142, "beta_rec": 0.9514761600864255, "gamma_cf": 0.5409912894890267, "k_intra": 5.551948869536076, "gamma_fc": 0.20264428697430323, "s_cf": 0.6469543206838698, "beta_enc": 0.3181050175231489, "phi_s": 2.0166909429626254}, "datetime": {"delta": 40.013082, "elapsed": 8102.627494, "datetime": "2020-04-27 12:47:10"}}
{"target": -8546.158114956, "params": {"epsilon_d": 2.583214907529558, "phi_d": 0.4922946210691449, "beta_rec": 0.9509876388300703, "gamma_cf": 0.5422065987818466, "k_intra": 5.557313548842231, "gamma_fc": 0.20387153805211145, "s_cf": 0.6470631990739252, "beta_enc": 0.31679312125594783, "phi_s": 2.017401377370678}, "datetime": {"delta": 40.802289, "elapsed": 8143.429783, "datetime": "2020-04-27 12:47:50"}}
{"target": -8544.146227537232, "params": {"epsilon_d": 2.577148236533414, "phi_d": 0.48858530304812997, "beta_rec": 0.9503827928140994, "gamma_cf": 0.5441075545794504, "k_intra": 5.562722884886485, "gamma_fc": 0.21252862755967047, "s_cf": 0.6486956310202399, "beta_enc": 0.3114481174176255, "phi_s": 2.017486948971626}, "datetime": {"delta": 40.907792, "elapsed": 8184.337575, "datetime": "2020-04-27 12:48:31"}}
{"target": -8543.384029443143, "params": {"epsilon_d": 2.5621304794745683, "phi_d": 0.4724128026319577, "beta_rec": 0.9540513644120324, "gamma_cf": 0.5447354898923478, "k_intra": 5.571386508464294, "gamma_fc": 0.22944170578768278, "s_cf": 0.6529260090099637, "beta_enc": 0.3084580384286711, "phi_s": 2.021810835536977}, "datetime": {"delta": 39.685197, "elapsed": 8224.022772, "datetime": "2020-04-27 12:49:11"}}
{"target": -8544.191273328608, "params": {"epsilon_d": 2.5666688035692435, "phi_d": 0.4804313718767237, "beta_rec": 0.9500973775036805, "gamma_cf": 0.5461667244814116, "k_intra": 5.566319127037712, "gamma_fc": 0.22727520142282906, "s_cf": 0.6509470041811954, "beta_enc": 0.3061500317088753, "phi_s": 2.0184065928754182}, "datetime": {"delta": 41.710085, "elapsed": 8265.732857, "datetime": "2020-04-27 12:49:53"}}
{"target": -8541.491647672163, "params": {"epsilon_d": 2.562045923650947, "phi_d": 0.4683342149863568, "beta_rec": 0.9594984693620852, "gamma_cf": 0.5377394437417731, "k_intra": 5.582305672444927, "gamma_fc": 0.21979078308591285, "s_cf": 0.6546883278809701, "beta_enc": 0.3116627466878511, "phi_s": 2.0304577944526034}, "datetime": {"delta": 39.651335, "elapsed": 8305.384192, "datetime": "2020-04-27 12:50:32"}}
{"target": -8539.642225360927, "params": {"epsilon_d": 2.5546253158468692, "phi_d": 0.46206190708834327, "beta_rec": 0.9611079486491598, "gamma_cf": 0.5269042801813009, "k_intra": 5.594786615405719, "gamma_fc": 0.2148159156532988, "s_cf": 0.6608109993030185, "beta_enc": 0.3114985681299709, "phi_s": 2.044570829939576}, "datetime": {"delta": 39.31526, "elapsed": 8344.699452, "datetime": "2020-04-27 12:51:12"}}
