{"target": 5.711555555555555, "params": {"gamma_fc": 0.22148205573352875, "primacy": 0.2, "beta_rec": 0.6749716048091052, "beta_enc": 0.3456988211755023}, "datetime": {"delta": 59.701694, "elapsed": 9057.749807, "datetime": "2020-10-06 23:30:59"}}
{"target": 5.925555555555556, "params": {"gamma_fc": 0.8773604746948126, "primacy": 0.2, "beta_rec": 0.6268556021628346, "beta_enc": 0.31476568732401644}, "datetime": {"delta": 60.724535, "elapsed": 9118.474342, "datetime": "2020-10-06 23:32:00"}}
{"target": 3.6544444444444446, "params": {"gamma_fc": 0.6562293317171314, "primacy": 0.2, "beta_rec": 0.4569657005615504, "beta_enc": 0.7844574187919231}, "datetime": {"delta": 47.432173, "elapsed": 9165.906515, "datetime": "2020-10-06 23:32:47"}}
{"target": 5.700222222222222, "params": {"gamma_fc": 0.6054790010309347, "primacy": 0.2, "beta_rec": 0.9093119886549367, "beta_enc": 0.43298150696764814}, "datetime": {"delta": 59.508412, "elapsed": 9225.414927, "datetime": "2020-10-06 23:33:47"}}
{"target": 5.381777777777778, "params": {"gamma_fc": 0.8428998401928499, "primacy": 0.2, "beta_rec": 0.49805562482800747, "beta_enc": 0.5047006080958943}, "datetime": {"delta": 54.799015, "elapsed": 9280.213942, "datetime": "2020-10-06 23:34:42"}}
{"target": 5.2684444444444445, "params": {"gamma_fc": 0.5178600481723219, "primacy": 0.2, "beta_rec": 0.9427625754329493, "beta_enc": 0.5732722715496846}, "datetime": {"delta": 56.982184, "elapsed": 9337.196126, "datetime": "2020-10-06 23:35:39"}}
{"target": 3.0882222222222224, "params": {"gamma_fc": 0.700726036482538, "primacy": 0.2, "beta_rec": 0.25163914235585283, "beta_enc": 0.8479393924434762}, "datetime": {"delta": 39.609251, "elapsed": 9376.805377, "datetime": "2020-10-06 23:36:18"}}
{"target": 2.407111111111111, "params": {"gamma_fc": 0.8379779620477293, "primacy": 0.2, "beta_rec": 0.6243367024026759, "beta_enc": 0.9488362882802196}, "datetime": {"delta": 39.908597, "elapsed": 9416.713974, "datetime": "2020-10-06 23:36:58"}}
{"target": 3.326888888888889, "params": {"gamma_fc": 0.3221295136147696, "primacy": 0.2, "beta_rec": 0.07771457033238649, "beta_enc": 0.989340056166638}, "datetime": {"delta": 44.864027, "elapsed": 9461.578001, "datetime": "2020-10-06 23:37:43"}}
{"target": 6.052666666666667, "params": {"gamma_fc": 0.8612116383667944, "primacy": 0.2, "beta_rec": 0.8227300054219355, "beta_enc": 0.008939102371245067}, "datetime": {"delta": 61.581405, "elapsed": 9523.159406, "datetime": "2020-10-06 23:38:45"}}
{"target": 5.968888888888889, "params": {"gamma_fc": 0.47786200443222115, "primacy": 0.2, "beta_rec": 0.8026895196332986, "beta_enc": 0.2557451938059312}, "datetime": {"delta": 60.960799, "elapsed": 9584.120205, "datetime": "2020-10-06 23:39:46"}}
{"target": 3.5091111111111113, "params": {"gamma_fc": 0.49154515001693533, "primacy": 0.2, "beta_rec": 0.8959699670066484, "beta_enc": 0.9278489928250108}, "datetime": {"delta": 46.355314, "elapsed": 9630.475519, "datetime": "2020-10-06 23:40:32"}}
{"target": 5.589777777777778, "params": {"gamma_fc": 0.39799063940792245, "primacy": 0.2, "beta_rec": 0.6834649001663011, "beta_enc": 0.41857802576409864}, "datetime": {"delta": 58.814562, "elapsed": 9689.290081, "datetime": "2020-10-06 23:41:31"}}
{"target": 6.0806666666666676, "params": {"gamma_fc": 0.2942156882442547, "primacy": 0.2, "beta_rec": 0.9649889241109139, "beta_enc": 0.1895517028339273}, "datetime": {"delta": 61.713357, "elapsed": 9751.003438, "datetime": "2020-10-06 23:42:32"}}
{"target": 6.052666666666667, "params": {"gamma_fc": 0.7159456994623945, "primacy": 0.2, "beta_rec": 0.014092294192442956, "beta_enc": 0.1443154002290481}, "datetime": {"delta": 60.234499, "elapsed": 9811.237937, "datetime": "2020-10-06 23:43:33"}}
{"target": 3.575333333333333, "params": {"gamma_fc": 0.7918210395041538, "primacy": 0.2, "beta_rec": 0.5070799232841364, "beta_enc": 0.7945783511847522}, "datetime": {"delta": 28.037342, "elapsed": 9839.275279, "datetime": "2020-10-06 23:44:01"}}
{"target": 3.6568888888888886, "params": {"gamma_fc": 0.6477706331874812, "primacy": 0.2, "beta_rec": 0.4064828689770863, "beta_enc": 0.7778484768591754}, "datetime": {"delta": 42.092884, "elapsed": 9881.368163, "datetime": "2020-10-06 23:44:43"}}
{"target": 5.799111111111111, "params": {"gamma_fc": 0.4086372250132624, "primacy": 0.2, "beta_rec": 0.1726046201197925, "beta_enc": 0.321819963387904}, "datetime": {"delta": 32.800864, "elapsed": 9914.169027, "datetime": "2020-10-06 23:45:16"}}
{"target": 5.73111111111111, "params": {"gamma_fc": 0.32031932582203126, "primacy": 0.2, "beta_rec": 0.9752223424373121, "beta_enc": 0.4069219941293579}, "datetime": {"delta": 40.802644, "elapsed": 9954.971671, "datetime": "2020-10-06 23:45:56"}}
{"target": 4.564444444444445, "params": {"gamma_fc": 0.8574844990835966, "primacy": 0.2, "beta_rec": 0.375091018393911, "beta_enc": 0.6363061258559836}, "datetime": {"delta": 48.957759, "elapsed": 10003.92943, "datetime": "2020-10-06 23:46:45"}}
{"target": 5.965111111111111, "params": {"gamma_fc": 0.43293850873416306, "primacy": 0.2, "beta_rec": 0.7928556779768876, "beta_enc": 0.25203308013083936}, "datetime": {"delta": 33.065666, "elapsed": 10036.995096, "datetime": "2020-10-06 23:47:18"}}
{"target": 5.757333333333333, "params": {"gamma_fc": 0.26865012390622656, "primacy": 0.2, "beta_rec": 0.6973688756131394, "beta_enc": 0.33027693652508094}, "datetime": {"delta": 38.022418, "elapsed": 10075.017514, "datetime": "2020-10-06 23:47:57"}}
{"target": 5.900222222222222, "params": {"gamma_fc": 0.4879214918052024, "primacy": 0.2, "beta_rec": 0.5441213835853572, "beta_enc": 0.2952887943998478}, "datetime": {"delta": 32.835994, "elapsed": 10107.853508, "datetime": "2020-10-06 23:48:29"}}
{"target": 6.0215555555555556, "params": {"gamma_fc": 0.6651818170701275, "primacy": 0.2, "beta_rec": 0.3192586058086506, "beta_enc": 0.1542325745000569}, "datetime": {"delta": 41.169839, "elapsed": 10149.023347, "datetime": "2020-10-06 23:49:11"}}
{"target": 6.069777777777778, "params": {"gamma_fc": 0.6735801676646699, "primacy": 0.2, "beta_rec": 0.3883549415615273, "beta_enc": 0.0}, "datetime": {"delta": 40.221027, "elapsed": 10189.244374, "datetime": "2020-10-06 23:49:51"}}
{"target": 6.040444444444445, "params": {"gamma_fc": 0.40713000913105785, "primacy": 0.2, "beta_rec": 0.019747579096687277, "beta_enc": 0.0}, "datetime": {"delta": 62.704965, "elapsed": 10251.949339, "datetime": "2020-10-06 23:50:53"}}
{"target": 6.078444444444445, "params": {"gamma_fc": 0.5478970363997966, "primacy": 0.2, "beta_rec": 0.8939504561406251, "beta_enc": 0.10160332868617118}, "datetime": {"delta": 40.609655, "elapsed": 10292.558994, "datetime": "2020-10-06 23:51:34"}}
{"target": 6.081777777777779, "params": {"gamma_fc": 0.19778993751598406, "primacy": 0.2, "beta_rec": 0.932949451467837, "beta_enc": 0.06535830646599299}, "datetime": {"delta": 40.533927, "elapsed": 10333.092921, "datetime": "2020-10-06 23:52:15"}}
{"target": 6.060222222222222, "params": {"gamma_fc": 0.0, "primacy": 0.2, "beta_rec": 0.25667860909237106, "beta_enc": 0.029149915882103753}, "datetime": {"delta": 39.510259, "elapsed": 10372.60318, "datetime": "2020-10-06 23:52:54"}}
{"target": 6.060666666666667, "params": {"gamma_fc": 0.6569813381265939, "primacy": 0.2, "beta_rec": 0.07148189229424963, "beta_enc": 0.0}, "datetime": {"delta": 41.686951, "elapsed": 10414.290131, "datetime": "2020-10-06 23:53:36"}}
{"target": 6.060666666666667, "params": {"gamma_fc": 1.0, "primacy": 0.2, "beta_rec": 0.9561557645262762, "beta_enc": 0.08715210137530394}, "datetime": {"delta": 41.51753, "elapsed": 10455.807661, "datetime": "2020-10-06 23:54:17"}}
{"target": 6.042, "params": {"gamma_fc": 0.40410540180943716, "primacy": 0.2, "beta_rec": 1.0, "beta_enc": 0.1259739447406141}, "datetime": {"delta": 39.163295, "elapsed": 10494.970956, "datetime": "2020-10-06 23:54:56"}}
{"target": 6.042666666666667, "params": {"gamma_fc": 0.0, "primacy": 0.2, "beta_rec": 0.6062851032344112, "beta_enc": 0.0}, "datetime": {"delta": 43.016196, "elapsed": 10537.987152, "datetime": "2020-10-06 23:55:39"}}
{"target": 5.988444444444444, "params": {"gamma_fc": 0.7326317861529063, "primacy": 0.2, "beta_rec": 0.14132823220906124, "beta_enc": 0.20103016976821303}, "datetime": {"delta": 42.514596, "elapsed": 10580.501748, "datetime": "2020-10-06 23:56:22"}}
{"target": 6.034000000000001, "params": {"gamma_fc": 1.0, "primacy": 0.2, "beta_rec": 0.0, "beta_enc": 0.0}, "datetime": {"delta": 39.588469, "elapsed": 10620.090217, "datetime": "2020-10-06 23:57:02"}}
{"target": 6.0666666666666655, "params": {"gamma_fc": 0.08979228766419332, "primacy": 0.2, "beta_rec": 0.7890506957706306, "beta_enc": 0.0}, "datetime": {"delta": 42.98292, "elapsed": 10663.073137, "datetime": "2020-10-06 23:57:45"}}
{"target": 6.048222222222222, "params": {"gamma_fc": 1.0, "primacy": 0.2, "beta_rec": 0.6803288595278594, "beta_enc": 0.0}, "datetime": {"delta": 42.856035, "elapsed": 10705.929172, "datetime": "2020-10-06 23:58:27"}}
{"target": 6.029555555555556, "params": {"gamma_fc": 0.874825673234154, "primacy": 0.2, "beta_rec": 1.0, "beta_enc": 0.1395745428493045}, "datetime": {"delta": 38.987016, "elapsed": 10744.916188, "datetime": "2020-10-06 23:59:06"}}
{"target": 6.072222222222223, "params": {"gamma_fc": 1.0, "primacy": 0.2, "beta_rec": 0.811125393954773, "beta_enc": 0.12013930594797954}, "datetime": {"delta": 62.094606, "elapsed": 10807.010794, "datetime": "2020-10-07 00:00:08"}}
{"target": 6.106666666666667, "params": {"gamma_fc": 0.2189712709291774, "primacy": 0.2, "beta_rec": 0.0, "beta_enc": 0.0}, "datetime": {"delta": 50.158503, "elapsed": 10857.169297, "datetime": "2020-10-07 00:00:59"}}
{"target": 6.040222222222222, "params": {"gamma_fc": 1.0, "primacy": 0.2, "beta_rec": 0.8808071278537096, "beta_enc": 0.0}, "datetime": {"delta": 59.547027, "elapsed": 10916.716324, "datetime": "2020-10-07 00:01:58"}}
{"target": 6.032888888888889, "params": {"gamma_fc": 0.29307660553527015, "primacy": 0.2, "beta_rec": 0.0, "beta_enc": 0.08804575348093309}, "datetime": {"delta": 63.889091, "elapsed": 10980.605415, "datetime": "2020-10-07 00:03:02"}}
{"target": 6.080222222222223, "params": {"gamma_fc": 0.29814941134441586, "primacy": 0.2, "beta_rec": 0.7903037708739821, "beta_enc": 0.0}, "datetime": {"delta": 68.808193, "elapsed": 11049.413608, "datetime": "2020-10-07 00:04:11"}}
{"target": 6.052888888888889, "params": {"gamma_fc": 0.7741413112373117, "primacy": 0.2, "beta_rec": 0.0, "beta_enc": 0.0}, "datetime": {"delta": 65.591913, "elapsed": 11115.005521, "datetime": "2020-10-07 00:05:16"}}
{"target": 6.082444444444444, "params": {"gamma_fc": 0.2725107170476375, "primacy": 0.2, "beta_rec": 0.885468883969397, "beta_enc": 0.1067518191575557}, "datetime": {"delta": 70.264316, "elapsed": 11185.269837, "datetime": "2020-10-07 00:06:27"}}
{"target": 6.096222222222222, "params": {"gamma_fc": 0.45311153864909115, "primacy": 0.2, "beta_rec": 0.8059078351996775, "beta_enc": 0.0}, "datetime": {"delta": 58.722281, "elapsed": 11243.992118, "datetime": "2020-10-07 00:07:25"}}
{"target": 6.028222222222222, "params": {"gamma_fc": 1.0, "primacy": 0.2, "beta_rec": 0.28598340426378466, "beta_enc": 0.19402235829832898}, "datetime": {"delta": 59.91975, "elapsed": 11303.911868, "datetime": "2020-10-07 00:08:25"}}
{"target": 6.040444444444445, "params": {"gamma_fc": 1.0, "primacy": 0.2, "beta_rec": 0.42758577178112317, "beta_enc": 0.0}, "datetime": {"delta": 57.887219, "elapsed": 11361.799087, "datetime": "2020-10-07 00:09:23"}}
{"target": 6.060444444444444, "params": {"gamma_fc": 0.0, "primacy": 0.2, "beta_rec": 0.4263997976260405, "beta_enc": 0.0}, "datetime": {"delta": 64.57529, "elapsed": 11426.374377, "datetime": "2020-10-07 00:10:28"}}
{"target": 6.013333333333333, "params": {"gamma_fc": 0.13293782958753128, "primacy": 0.2, "beta_rec": 0.07212206458412249, "beta_enc": 0.0}, "datetime": {"delta": 68.498838, "elapsed": 11494.873215, "datetime": "2020-10-07 00:11:36"}}
{"target": 6.008666666666667, "params": {"gamma_fc": 0.31232148122407427, "primacy": 0.2, "beta_rec": 0.10034730585884127, "beta_enc": 0.0}, "datetime": {"delta": 68.00534, "elapsed": 11562.878555, "datetime": "2020-10-07 00:12:44"}}
{"target": 6.085555555555556, "params": {"gamma_fc": 0.5850674131437864, "primacy": 0.2, "beta_rec": 0.0, "beta_enc": 0.0}, "datetime": {"delta": 63.75665, "elapsed": 11626.635205, "datetime": "2020-10-07 00:13:48"}}
{"target": 6.054666666666667, "params": {"gamma_fc": 0.5471294749143083, "primacy": 0.2, "beta_rec": 0.7567662895201044, "beta_enc": 0.09036647094252034}, "datetime": {"delta": 74.309673, "elapsed": 11700.944878, "datetime": "2020-10-07 00:15:02"}}
{"target": 6.0553333333333335, "params": {"gamma_fc": 1.0, "primacy": 0.2, "beta_rec": 0.0, "beta_enc": 0.12474818451837393}, "datetime": {"delta": 60.290208, "elapsed": 11761.235086, "datetime": "2020-10-07 00:16:03"}}
{"target": 6.067111111111112, "params": {"gamma_fc": 1.0, "primacy": 0.2, "beta_rec": 0.19203607827236405, "beta_enc": 0.0}, "datetime": {"delta": 63.020971, "elapsed": 11824.256057, "datetime": "2020-10-07 00:17:06"}}
{"target": 6.036666666666667, "params": {"gamma_fc": 0.5947974549541643, "primacy": 0.2, "beta_rec": 0.4675106267163718, "beta_enc": 0.11235095410384224}, "datetime": {"delta": 63.296228, "elapsed": 11887.552285, "datetime": "2020-10-07 00:18:09"}}
{"target": 6.050666666666666, "params": {"gamma_fc": 0.7328681767858019, "primacy": 0.2, "beta_rec": 0.5215830724364539, "beta_enc": 0.09457938743020193}, "datetime": {"delta": 63.140568, "elapsed": 11950.692853, "datetime": "2020-10-07 00:19:12"}}
{"target": 6.097555555555555, "params": {"gamma_fc": 0.7013296564665013, "primacy": 0.2, "beta_rec": 0.6822915117887695, "beta_enc": 0.0}, "datetime": {"delta": 59.546347, "elapsed": 12010.2392, "datetime": "2020-10-07 00:20:12"}}
{"target": 6.061111111111112, "params": {"gamma_fc": 0.6697403009273758, "primacy": 0.2, "beta_rec": 1.0, "beta_enc": 0.0}, "datetime": {"delta": 67.475685, "elapsed": 12077.714885, "datetime": "2020-10-07 00:21:19"}}
{"target": 6.075777777777778, "params": {"gamma_fc": 0.683531806327426, "primacy": 0.2, "beta_rec": 0.8578741523917827, "beta_enc": 0.0}, "datetime": {"delta": 65.317791, "elapsed": 12143.032676, "datetime": "2020-10-07 00:22:25"}}
{"target": 5.977333333333333, "params": {"gamma_fc": 1.0, "primacy": 0.2, "beta_rec": 1.0, "beta_enc": 0.2522531788152713}, "datetime": {"delta": 68.54203, "elapsed": 12211.574706, "datetime": "2020-10-07 00:23:33"}}
