{"target": 8.0, "params": {"beta_enc": 0.417022004702574, "gamma_fc": 0.14675589081711304, "beta_rec": 0.7203244934421581, "cue_position": 0.0, "gamma_cf": 0.30233257263183977}, "datetime": {"elapsed": 0.0, "delta": 0.0, "datetime": "2020-06-14 09:45:40"}}
{"target": 7.125, "params": {"beta_enc": 0.0923385947687978, "gamma_fc": 0.538816734003357, "beta_rec": 0.1862602113776709, "cue_position": 0.0, "gamma_cf": 0.39676747423066994}, "datetime": {"elapsed": 0.321072, "delta": 0.321072, "datetime": "2020-06-14 09:45:40"}}
{"target": 10.625, "params": {"beta_enc": 0.4191945144032948, "gamma_fc": 0.027387593197926163, "beta_rec": 0.6852195003967595, "cue_position": 0.0, "gamma_cf": 0.8781174363909454}, "datetime": {"elapsed": 0.714964, "delta": 0.393892, "datetime": "2020-06-14 09:45:41"}}
{"target": 7.0, "params": {"beta_enc": 0.6704675101784022, "gamma_fc": 0.1981014890848788, "beta_rec": 0.41730480236712697, "cue_position": 0.0, "gamma_cf": 0.14038693859523377}, "datetime": {"elapsed": 1.035248, "delta": 0.320284, "datetime": "2020-06-14 09:45:41"}}
{"target": 4.25, "params": {"beta_enc": 0.8007445686755367, "gamma_fc": 0.8763891522960383, "beta_rec": 0.9682615757193975, "cue_position": 0.0, "gamma_cf": 0.6923226156693141}, "datetime": {"elapsed": 1.295841, "delta": 0.260593, "datetime": "2020-06-14 09:45:41"}}
{"target": 2.875, "params": {"beta_enc": 0.8946066635038473, "gamma_fc": 0.8781425034294131, "beta_rec": 0.08504421136977791, "cue_position": 0.0, "gamma_cf": 0.1698304195645689}, "datetime": {"elapsed": 1.530374, "delta": 0.234533, "datetime": "2020-06-14 09:45:41"}}
{"target": 6.625, "params": {"beta_enc": 0.0983468338330501, "gamma_fc": 0.6918771139504734, "beta_rec": 0.42110762500505217, "cue_position": 0.0, "gamma_cf": 0.5331652849730171}, "datetime": {"elapsed": 1.838945, "delta": 0.308571, "datetime": "2020-06-14 09:45:42"}}
{"target": 8.75, "params": {"beta_enc": 0.31551563100606295, "gamma_fc": 0.7501443149449675, "beta_rec": 0.6865009276815837, "cue_position": 0.0, "gamma_cf": 0.018288277344191806}, "datetime": {"elapsed": 2.191863, "delta": 0.352918, "datetime": "2020-06-14 09:45:42"}}
{"target": 4.625, "params": {"beta_enc": 0.9888610889064947, "gamma_fc": 0.10322600657764203, "beta_rec": 0.7481656543798394, "cue_position": 0.0, "gamma_cf": 0.7892793284514885}, "datetime": {"elapsed": 2.45998, "delta": 0.268117, "datetime": "2020-06-14 09:45:42"}}
{"target": 8.125, "params": {"beta_enc": 0.44789352617590517, "gamma_fc": 0.13002857211827767, "beta_rec": 0.9085955030930956, "cue_position": 0.0, "gamma_cf": 0.28777533858634874}, "datetime": {"elapsed": 2.801573, "delta": 0.341593, "datetime": "2020-06-14 09:45:43"}}
{"target": 8.0, "params": {"beta_enc": 0.019366957870297075, "gamma_fc": 0.4915731592803383, "beta_rec": 0.678835532939891, "cue_position": 0.0, "gamma_cf": 0.2655466593722262}, "datetime": {"elapsed": 3.142739, "delta": 0.341166, "datetime": "2020-06-14 09:45:43"}}
{"target": 9.625, "params": {"beta_enc": 0.053362545117080384, "gamma_fc": 0.6997583600209312, "beta_rec": 0.5741176054920131, "cue_position": 0.0, "gamma_cf": 0.5893055369032842}, "datetime": {"elapsed": 3.514617, "delta": 0.371878, "datetime": "2020-06-14 09:45:43"}}
{"target": 7.625, "params": {"beta_enc": 0.10233442882782584, "gamma_fc": 0.04995345894608716, "beta_rec": 0.4140559878195683, "cue_position": 0.0, "gamma_cf": 0.41417926952690265}, "datetime": {"elapsed": 3.846216, "delta": 0.331599, "datetime": "2020-06-14 09:45:44"}}
{"target": 6.5, "params": {"beta_enc": 0.5358964059155116, "gamma_fc": 0.5865550405019929, "beta_rec": 0.6637946452197888, "cue_position": 0.0, "gamma_cf": 0.9445947559908133}, "datetime": {"elapsed": 4.153794, "delta": 0.307578, "datetime": "2020-06-14 09:45:44"}}
{"target": 2.125, "params": {"beta_enc": 0.9034019152878835, "gamma_fc": 0.3976768369855336, "beta_rec": 0.13747470414623753, "cue_position": 0.0, "gamma_cf": 0.8073912887095238}, "datetime": {"elapsed": 4.37225, "delta": 0.218456, "datetime": "2020-06-14 09:45:44"}}
{"target": 10.125, "params": {"beta_enc": 0.16535419711693278, "gamma_fc": 0.7259979853504515, "beta_rec": 0.9275085803960339, "cue_position": 0.0, "gamma_cf": 0.7508121031361555}, "datetime": {"elapsed": 4.755119, "delta": 0.382869, "datetime": "2020-06-14 09:45:45"}}
{"target": 5.75, "params": {"beta_enc": 0.8833060912058098, "gamma_fc": 0.2699278917650261, "beta_rec": 0.6236722070556089, "cue_position": 0.0, "gamma_cf": 0.34889834197784253}, "datetime": {"elapsed": 5.048884, "delta": 0.293765, "datetime": "2020-06-14 09:45:45"}}
{"target": 3.875, "params": {"beta_enc": 0.8958862181960668, "gamma_fc": 0.6216957202091218, "beta_rec": 0.4280911898712949, "cue_position": 0.0, "gamma_cf": 0.6634414978184481}, "datetime": {"elapsed": 5.303516, "delta": 0.254632, "datetime": "2020-06-14 09:45:45"}}
{"target": 7.5, "params": {"beta_enc": 0.11474597295337519, "gamma_fc": 0.40813680276128117, "beta_rec": 0.9494892587070712, "cue_position": 0.0, "gamma_cf": 0.5783896143871318}, "datetime": {"elapsed": 5.632448, "delta": 0.328932, "datetime": "2020-06-14 09:45:45"}}
{"target": 7.75, "params": {"beta_enc": 0.2370269802430277, "gamma_fc": 0.6171449136207239, "beta_rec": 0.9033795205622538, "cue_position": 0.0, "gamma_cf": 0.00287032703115897}, "datetime": {"elapsed": 5.964921, "delta": 0.332473, "datetime": "2020-06-14 09:45:46"}}
{"target": 7.0, "params": {"beta_enc": 0.32664490177209615, "gamma_fc": 0.9085351509197992, "beta_rec": 0.5270581022576093, "cue_position": 0.0, "gamma_cf": 0.35726976000249977}, "datetime": {"elapsed": 6.283375, "delta": 0.318454, "datetime": "2020-06-14 09:45:46"}}
{"target": 2.625, "params": {"beta_enc": 0.6233601157918027, "gamma_fc": 0.9973228504514805, "beta_rec": 0.015821242846556283, "cue_position": 0.0, "gamma_cf": 0.690896917516924}, "datetime": {"elapsed": 6.508825, "delta": 0.22545, "datetime": "2020-06-14 09:45:46"}}
{"target": 7.125, "params": {"beta_enc": 0.17234050834532855, "gamma_fc": 0.06600017272206249, "beta_rec": 0.13713574962887776, "cue_position": 0.0, "gamma_cf": 0.6968181614899002}, "datetime": {"elapsed": 6.82942, "delta": 0.320595, "datetime": "2020-06-14 09:45:47"}}
{"target": 8.75, "params": {"beta_enc": 0.7554630526024664, "gamma_fc": 0.1242709619721647, "beta_rec": 0.7538761884612464, "cue_position": 0.0, "gamma_cf": 0.7115247586284718}, "datetime": {"elapsed": 7.182331, "delta": 0.352911, "datetime": "2020-06-14 09:45:47"}}
{"target": 8.375, "params": {"beta_enc": 0.01988013383979559, "gamma_fc": 0.860027948682888, "beta_rec": 0.026210986877719278, "cue_position": 0.0, "gamma_cf": 0.2462110676030459}, "datetime": {"elapsed": 7.527583, "delta": 0.345252, "datetime": "2020-06-14 09:45:47"}}
{"target": 7.5, "params": {"beta_enc": 0.5388310643416528, "gamma_fc": 0.2791836790111395, "beta_rec": 0.5528219786857659, "cue_position": 0.0, "gamma_cf": 0.12417331511991114}, "datetime": {"elapsed": 7.855955, "delta": 0.328372, "datetime": "2020-06-14 09:45:48"}}
{"target": 7.875, "params": {"beta_enc": 0.5857592714582879, "gamma_fc": 0.8006326726806163, "beta_rec": 0.9695957483196745, "cue_position": 0.0, "gamma_cf": 0.01864728937294302}, "datetime": {"elapsed": 8.190159, "delta": 0.334204, "datetime": "2020-06-14 09:45:48"}}
{"target": 8.625, "params": {"beta_enc": 0.23297427384102043, "gamma_fc": 0.7471216427371846, "beta_rec": 0.8071051956187791, "cue_position": 0.0, "gamma_cf": 0.8635418545594287}, "datetime": {"elapsed": 8.540208, "delta": 0.350049, "datetime": "2020-06-14 09:45:48"}}
{"target": 6.0, "params": {"beta_enc": 0.5562402339904189, "gamma_fc": 0.044551878544761725, "beta_rec": 0.13645522566068502, "cue_position": 0.0, "gamma_cf": 0.12134345574073735}, "datetime": {"elapsed": 8.839742, "delta": 0.299534, "datetime": "2020-06-14 09:45:49"}}
{"target": 9.625, "params": {"beta_enc": 0.1074941291060929, "gamma_fc": 0.012555980159115854, "beta_rec": 0.2257093386078547, "cue_position": 0.0, "gamma_cf": 0.5597169820541424}, "datetime": {"elapsed": 9.20976, "delta": 0.370018, "datetime": "2020-06-14 09:45:49"}}
{"target": 7.0, "params": {"beta_enc": 0.07197427968948678, "gamma_fc": 0.2523257445703234, "beta_rec": 0.967276330000272, "cue_position": 0.0, "gamma_cf": 0.20329323466099047}, "datetime": {"elapsed": 9.527993, "delta": 0.318233, "datetime": "2020-06-14 09:45:49"}}
{"target": 2.5, "params": {"beta_enc": 0.7438258540750929, "gamma_fc": 0.8468288014900353, "beta_rec": 0.1954294811093188, "cue_position": 0.0, "gamma_cf": 0.9700199890883123}, "datetime": {"elapsed": 9.750373, "delta": 0.22238, "datetime": "2020-06-14 09:45:50"}}
{"target": 8.75, "params": {"beta_enc": 0.23984775914758616, "gamma_fc": 0.15679139464608427, "beta_rec": 0.49376971426872995, "cue_position": 0.0, "gamma_cf": 0.8289808995501787}, "datetime": {"elapsed": 10.102086, "delta": 0.351713, "datetime": "2020-06-14 09:45:50"}}
{"target": 6.75, "params": {"beta_enc": 0.018576202177409518, "gamma_fc": 0.5688514370864813, "beta_rec": 0.07002214371922233, "cue_position": 0.0, "gamma_cf": 0.6063294616533303}, "datetime": {"elapsed": 10.413253, "delta": 0.311167, "datetime": "2020-06-14 09:45:50"}}
{"target": 8.5, "params": {"beta_enc": 0.31736240932216075, "gamma_fc": 0.5509482191178968, "beta_rec": 0.9886161544124489, "cue_position": 0.0, "gamma_cf": 0.3801411726235504}, "datetime": {"elapsed": 10.76227, "delta": 0.349017, "datetime": "2020-06-14 09:45:51"}}
{"target": 8.125, "params": {"beta_enc": 0.7453344309065021, "gamma_fc": 0.3700841979141063, "beta_rec": 0.6692328934531846, "cue_position": 0.0, "gamma_cf": 0.06633483442844157}, "datetime": {"elapsed": 11.103589, "delta": 0.341319, "datetime": "2020-06-14 09:45:51"}}
{"target": 8.625, "params": {"beta_enc": 0.6297175070215645, "gamma_fc": 0.26031509857854096, "beta_rec": 0.2101740099148396, "cue_position": 0.0, "gamma_cf": 0.06653648135411494}, "datetime": {"elapsed": 11.456021, "delta": 0.352432, "datetime": "2020-06-14 09:45:51"}}
{"target": 2.625, "params": {"beta_enc": 0.8047545637433454, "gamma_fc": 0.9248079703993507, "beta_rec": 0.19343428262332774, "cue_position": 0.0, "gamma_cf": 0.5246703091237337}, "datetime": {"elapsed": 11.681753, "delta": 0.225732, "datetime": "2020-06-14 09:45:51"}}
{"target": 8.0, "params": {"beta_enc": 0.263296770487111, "gamma_fc": 0.907815852503524, "beta_rec": 0.06596109068402378, "cue_position": 0.0, "gamma_cf": 0.7721780295432468}, "datetime": {"elapsed": 12.019559, "delta": 0.337806, "datetime": "2020-06-14 09:45:52"}}
{"target": 1.625, "params": {"beta_enc": 0.9319720691968373, "gamma_fc": 0.9490163206876164, "beta_rec": 0.013951572975597015, "cue_position": 0.0, "gamma_cf": 0.6167783570016576}, "datetime": {"elapsed": 12.225523, "delta": 0.205964, "datetime": "2020-06-14 09:45:52"}}
{"target": 2.875, "params": {"beta_enc": 0.9501761192470797, "gamma_fc": 0.39000771414124624, "beta_rec": 0.5566531881951564, "cue_position": 0.0, "gamma_cf": 0.6415662089463375}, "datetime": {"elapsed": 12.458133, "delta": 0.23261, "datetime": "2020-06-14 09:45:52"}}
{"target": 5.0, "params": {"beta_enc": 0.48599066709690975, "gamma_fc": 0.9187334356336061, "beta_rec": 0.6043104829199732, "cue_position": 0.0, "gamma_cf": 0.9261814267064536}, "datetime": {"elapsed": 12.732652, "delta": 0.274519, "datetime": "2020-06-14 09:45:53"}}
{"target": 8.5, "params": {"beta_enc": 0.3948756129235549, "gamma_fc": 0.13507915804673132, "beta_rec": 0.9632625284407118, "cue_position": 0.0, "gamma_cf": 0.12632951943963733}, "datetime": {"elapsed": 13.08154, "delta": 0.348888, "datetime": "2020-06-14 09:45:53"}}
{"target": 4.25, "params": {"beta_enc": 0.5056621656768967, "gamma_fc": 0.015018980742122379, "beta_rec": 0.021524805274197978, "cue_position": 0.0, "gamma_cf": 0.8271154711707325}, "datetime": {"elapsed": 13.339705, "delta": 0.258165, "datetime": "2020-06-14 09:45:53"}}
{"target": 8.375, "params": {"beta_enc": 0.17619625557505525, "gamma_fc": 0.34473665268329345, "beta_rec": 0.332063574366837, "cue_position": 0.0, "gamma_cf": 0.8094906921265821}, "datetime": {"elapsed": 13.684232, "delta": 0.344527, "datetime": "2020-06-14 09:45:53"}}
{"target": 1.875, "params": {"beta_enc": 0.9401074823333672, "gamma_fc": 0.9053923187086492, "beta_rec": 0.58201417994708, "cue_position": 0.0, "gamma_cf": 0.8447344453922219}, "datetime": {"elapsed": 13.894972, "delta": 0.21074, "datetime": "2020-06-14 09:45:54"}}
{"target": 5.875, "params": {"beta_enc": 0.45988026581680697, "gamma_fc": 0.4902535226199277, "beta_rec": 0.5463468160203733, "cue_position": 0.0, "gamma_cf": 0.28571885173414757}, "datetime": {"elapsed": 14.190392, "delta": 0.29542, "datetime": "2020-06-14 09:45:54"}}
{"target": 4.375, "params": {"beta_enc": 0.5991103076458784, "gamma_fc": 0.8073605288848414, "beta_rec": 0.015533275550835723, "cue_position": 0.0, "gamma_cf": 0.4336763489894583}, "datetime": {"elapsed": 14.454914, "delta": 0.264522, "datetime": "2020-06-14 09:45:54"}}
{"target": 9.25, "params": {"beta_enc": 0.31524480309537295, "gamma_fc": 0.7879292338255043, "beta_rec": 0.8928887085251513, "cue_position": 0.0, "gamma_cf": 0.18401020162746506}, "datetime": {"elapsed": 14.82043, "delta": 0.365516, "datetime": "2020-06-14 09:45:55"}}
{"target": 3.625, "params": {"beta_enc": 0.6120311770449339, "gamma_fc": 0.9186017779775258, "beta_rec": 0.053909272073752956, "cue_position": 0.0, "gamma_cf": 0.6790688365654296}, "datetime": {"elapsed": 15.067391, "delta": 0.246961, "datetime": "2020-06-14 09:45:55"}}
{"target": 7.75, "params": {"beta_enc": 0.00040202489135743313, "gamma_fc": 0.604716100974053, "beta_rec": 0.9767591490310596, "cue_position": 0.0, "gamma_cf": 0.9737835383583225}, "datetime": {"elapsed": 15.399684, "delta": 0.332293, "datetime": "2020-06-14 09:45:55"}}
{"target": 8.25, "params": {"beta_enc": 0.828845807980693, "gamma_fc": 0.586833340656083, "beta_rec": 0.5747115047081023, "cue_position": 0.0, "gamma_cf": 0.28557628169569393}, "datetime": {"elapsed": 15.744195, "delta": 0.344511, "datetime": "2020-06-14 09:45:56"}}
{"target": 4.875, "params": {"beta_enc": 0.7500217637026599, "gamma_fc": 0.8644794300545998, "beta_rec": 0.8583138364290424, "cue_position": 0.0, "gamma_cf": 0.698057248447303}, "datetime": {"elapsed": 16.018033, "delta": 0.273838, "datetime": "2020-06-14 09:45:56"}}
{"target": 7.0, "params": {"beta_enc": 0.32268099683674645, "gamma_fc": 0.4108113499221856, "beta_rec": 0.6707887907875872, "cue_position": 0.0, "gamma_cf": 0.3821027520315172}, "datetime": {"elapsed": 16.336253, "delta": 0.31822, "datetime": "2020-06-14 09:45:56"}}
{"target": 7.375, "params": {"beta_enc": 0.4014795834695406, "gamma_fc": 0.9738020779272523, "beta_rec": 0.3173839459582769, "cue_position": 0.0, "gamma_cf": 0.43024727082126435}, "datetime": {"elapsed": 16.662468, "delta": 0.326215, "datetime": "2020-06-14 09:45:56"}}
{"target": 5.25, "params": {"beta_enc": 0.6778008914343111, "gamma_fc": 0.7976388039585666, "beta_rec": 0.19856988842711087, "cue_position": 0.0, "gamma_cf": 0.343346239774423}, "datetime": {"elapsed": 16.944626, "delta": 0.282158, "datetime": "2020-06-14 09:45:57"}}
{"target": 6.0, "params": {"beta_enc": 0.8799982885634318, "gamma_fc": 0.25236670150458973, "beta_rec": 0.903841955826372, "cue_position": 0.0, "gamma_cf": 0.2702082620297578}, "datetime": {"elapsed": 17.241311, "delta": 0.296685, "datetime": "2020-06-14 09:45:57"}}
{"target": 2.75, "params": {"beta_enc": 0.8548979426974024, "gamma_fc": 0.7331425252875111, "beta_rec": 0.5277146463087466, "cue_position": 0.0, "gamma_cf": 0.5724885171916063}, "datetime": {"elapsed": 17.469749, "delta": 0.228438, "datetime": "2020-06-14 09:45:57"}}
{"target": 8.5, "params": {"beta_enc": 0.5190116274640558, "gamma_fc": 0.3426889079532818, "beta_rec": 0.770883910501888, "cue_position": 0.0, "gamma_cf": 0.4657098785919809}, "datetime": {"elapsed": 17.8167, "delta": 0.346951, "datetime": "2020-06-14 09:45:58"}}
{"target": 7.625, "params": {"beta_enc": 0.06820934841670412, "gamma_fc": 0.18161285133076377, "beta_rec": 0.37792417932809985, "cue_position": 0.0, "gamma_cf": 0.982817113730445}, "datetime": {"elapsed": 18.146961, "delta": 0.330261, "datetime": "2020-06-14 09:45:58"}}
{"target": 9.125, "params": {"beta_enc": 0.8118586977205398, "gamma_fc": 0.16097143681560877, "beta_rec": 0.8749616449558981, "cue_position": 0.0, "gamma_cf": 0.5694944127453757}, "datetime": {"elapsed": 18.50991, "delta": 0.362949, "datetime": "2020-06-14 09:45:58"}}
{"target": 7.25, "params": {"beta_enc": 0.4668800227633063, "gamma_fc": 0.31226983770191696, "beta_rec": 0.345172051155215, "cue_position": 0.0, "gamma_cf": 0.5925118687657968}, "datetime": {"elapsed": 18.836826, "delta": 0.326916, "datetime": "2020-06-14 09:45:59"}}
{"target": 5.875, "params": {"beta_enc": 0.9163055534683507, "gamma_fc": 0.19296273201911285, "beta_rec": 0.9096355249515571, "cue_position": 0.0, "gamma_cf": 0.1108913007440292}, "datetime": {"elapsed": 19.130523, "delta": 0.293697, "datetime": "2020-06-14 09:45:59"}}
{"target": 6.625, "params": {"beta_enc": 0.49958417067888605, "gamma_fc": 0.851671874936367, "beta_rec": 0.7285856679745962, "cue_position": 0.0, "gamma_cf": 0.24803355837723073}, "datetime": {"elapsed": 19.440242, "delta": 0.309719, "datetime": "2020-06-14 09:45:59"}}
{"target": 8.25, "params": {"beta_enc": 0.41584871826752734, "gamma_fc": 0.5158570169685298, "beta_rec": 0.6166850671552362, "cue_position": 0.0, "gamma_cf": 0.10196725942579743}, "datetime": {"elapsed": 19.781509, "delta": 0.341267, "datetime": "2020-06-14 09:46:00"}}
{"target": 6.25, "params": {"beta_enc": 0.47714098704978236, "gamma_fc": 0.6541373469707443, "beta_rec": 0.15267164409316325, "cue_position": 0.0, "gamma_cf": 0.5440101188139381}, "datetime": {"elapsed": 20.084524, "delta": 0.303015, "datetime": "2020-06-14 09:46:00"}}
{"target": 9.75, "params": {"beta_enc": 0.1445455401246598, "gamma_fc": 0.7852960282216189, "beta_rec": 0.7515278171352439, "cue_position": 0.0, "gamma_cf": 0.519351824366033}, "datetime": {"elapsed": 20.461947, "delta": 0.377423, "datetime": "2020-06-14 09:46:00"}}
{"target": 6.25, "params": {"beta_enc": 0.02233042799180618, "gamma_fc": 0.5384405925945437, "beta_rec": 0.3243624597261865, "cue_position": 0.0, "gamma_cf": 0.8447096076020696}, "datetime": {"elapsed": 20.766266, "delta": 0.304319, "datetime": "2020-06-14 09:46:01"}}
{"target": 13.625, "params": {"beta_enc": 0.866608274166513, "gamma_fc": 0.09874340182034835, "beta_rec": 0.9498059913536265, "cue_position": 0.0, "gamma_cf": 0.8541154438365387}, "datetime": {"elapsed": 21.21865, "delta": 0.452384, "datetime": "2020-06-14 09:46:01"}}
{"target": 9.625, "params": {"beta_enc": 0.651304332340991, "gamma_fc": 0.03457121987163425, "beta_rec": 0.703516988152653, "cue_position": 0.0, "gamma_cf": 0.799615261736028}, "datetime": {"elapsed": 21.589769, "delta": 0.371119, "datetime": "2020-06-14 09:46:01"}}
{"target": 8.125, "params": {"beta_enc": 0.7702387345549799, "gamma_fc": 0.6323033174301278, "beta_rec": 0.731728600739527, "cue_position": 0.0, "gamma_cf": 0.2570692988221467}, "datetime": {"elapsed": 21.932056, "delta": 0.342287, "datetime": "2020-06-14 09:46:02"}}
{"target": 7.875, "params": {"beta_enc": 0.34529746159108154, "gamma_fc": 0.9904717836238407, "beta_rec": 0.7965886780072875, "cue_position": 0.0, "gamma_cf": 0.7827494147841719}, "datetime": {"elapsed": 22.267928, "delta": 0.335872, "datetime": "2020-06-14 09:46:02"}}
{"target": 9.0, "params": {"beta_enc": 0.30024833953390007, "gamma_fc": 0.9747403708550822, "beta_rec": 0.14300582825809938, "cue_position": 0.0, "gamma_cf": 0.5415593788873733}, "datetime": {"elapsed": 22.628195, "delta": 0.360267, "datetime": "2020-06-14 09:46:02"}}
{"target": 8.875, "params": {"beta_enc": 0.6366044000018972, "gamma_fc": 0.1354279030721699, "beta_rec": 0.9939130246104789, "cue_position": 0.0, "gamma_cf": 0.5264259339055213}, "datetime": {"elapsed": 22.983576, "delta": 0.355381, "datetime": "2020-06-14 09:46:03"}}
{"target": 6.5, "params": {"beta_enc": 0.3557051709838811, "gamma_fc": 0.03039968992878883, "beta_rec": 0.026218567296373285, "cue_position": 0.0, "gamma_cf": 0.7456371927074961}, "datetime": {"elapsed": 23.290847, "delta": 0.307271, "datetime": "2020-06-14 09:46:03"}}
{"target": 10.125, "params": {"beta_enc": 0.36654309724374434, "gamma_fc": 0.18863680095531088, "beta_rec": 0.8623462528380441, "cue_position": 0.0, "gamma_cf": 0.6909421420661686}, "datetime": {"elapsed": 23.671097, "delta": 0.38025, "datetime": "2020-06-14 09:46:03"}}
{"target": 6.75, "params": {"beta_enc": 0.44190428074842336, "gamma_fc": 0.24773290176235485, "beta_rec": 0.5815774073442912, "cue_position": 0.0, "gamma_cf": 0.20390622523312185}, "datetime": {"elapsed": 23.983973, "delta": 0.312876, "datetime": "2020-06-14 09:46:04"}}
{"target": 8.625, "params": {"beta_enc": 0.26217308377291193, "gamma_fc": 0.5085162406102396, "beta_rec": 0.7501724132979928, "cue_position": 0.0, "gamma_cf": 0.05692943841109499}, "datetime": {"elapsed": 24.336533, "delta": 0.35256, "datetime": "2020-06-14 09:46:04"}}
{"target": 9.125, "params": {"beta_enc": 0.21196016464367595, "gamma_fc": 0.593432449464621, "beta_rec": 0.7986042447602102, "cue_position": 0.0, "gamma_cf": 0.02760601195450363}, "datetime": {"elapsed": 24.698354, "delta": 0.361821, "datetime": "2020-06-14 09:46:04"}}
{"target": 4.625, "params": {"beta_enc": 0.8438404289311888, "gamma_fc": 0.5409518049621886, "beta_rec": 0.3810161240622142, "cue_position": 0.0, "gamma_cf": 0.5111414782971282}, "datetime": {"elapsed": 24.96629, "delta": 0.267936, "datetime": "2020-06-14 09:46:05"}}
{"target": 5.125, "params": {"beta_enc": 0.9594343210617524, "gamma_fc": 0.46500148156350607, "beta_rec": 0.8039608914986468, "cue_position": 0.0, "gamma_cf": 0.7093872512312951}, "datetime": {"elapsed": 25.244729, "delta": 0.278439, "datetime": "2020-06-14 09:46:05"}}
