{"target": 6.207777777777777, "params": {"enc_rate": 1.0, "beta_enc": 0.9, "beta_rec": 0.6822490243048692, "gamma_fc": 0.5038249669644438, "k": 3.0, "cue_position": 0.0}, "datetime": {"delta": 23.665318, "elapsed": 5195.881774, "datetime": "2021-03-11 17:41:57"}}
{"target": 7.536888888888889, "params": {"enc_rate": 1.0, "beta_enc": 0.9, "beta_rec": 0.9277637942246785, "gamma_fc": 0.017358541942581684, "k": 3.0, "cue_position": 0.0}, "datetime": {"delta": 26.082552, "elapsed": 5221.964326, "datetime": "2021-03-11 17:42:24"}}
{"target": 7.043555555555557, "params": {"enc_rate": 1.0, "beta_enc": 0.9, "beta_rec": 0.6304006329092448, "gamma_fc": 0.20508270348812044, "k": 3.0, "cue_position": 0.0}, "datetime": {"delta": 25.293098, "elapsed": 5247.257424, "datetime": "2021-03-11 17:42:49"}}
{"target": 6.694, "params": {"enc_rate": 1.0, "beta_enc": 0.9, "beta_rec": 0.9999288648223409, "gamma_fc": 0.3863500433773689, "k": 3.0, "cue_position": 0.0}, "datetime": {"delta": 24.572317, "elapsed": 5271.829741, "datetime": "2021-03-11 17:43:13"}}
{"target": 7.073555555555555, "params": {"enc_rate": 1.0, "beta_enc": 0.9, "beta_rec": 0.5773760307104604, "gamma_fc": 0.10389350424004873, "k": 3.0, "cue_position": 0.0}, "datetime": {"delta": 25.458965, "elapsed": 5297.288706, "datetime": "2021-03-11 17:43:39"}}
{"target": 7.650888888888889, "params": {"enc_rate": 1.0, "beta_enc": 0.9, "beta_rec": 0.894525999670196, "gamma_fc": 0.0576671519658406, "k": 3.0, "cue_position": 0.0}, "datetime": {"delta": 26.473773, "elapsed": 5323.762479, "datetime": "2021-03-11 17:44:05"}}
{"target": 7.76288888888889, "params": {"enc_rate": 1.0, "beta_enc": 0.9, "beta_rec": 0.7793914925714496, "gamma_fc": 0.05566874902839891, "k": 3.0, "cue_position": 0.0}, "datetime": {"delta": 26.390773, "elapsed": 5350.153252, "datetime": "2021-03-11 17:44:32"}}
{"target": 6.593999999999999, "params": {"enc_rate": 1.0, "beta_enc": 0.9, "beta_rec": 0.7059915681073474, "gamma_fc": 0.4046211279641383, "k": 3.0, "cue_position": 0.0}, "datetime": {"delta": 24.327757, "elapsed": 5374.481009, "datetime": "2021-03-11 17:44:56"}}
{"target": 6.040666666666667, "params": {"enc_rate": 1.0, "beta_enc": 0.9, "beta_rec": 0.38965386324714196, "gamma_fc": 0.2774667195613381, "k": 3.0, "cue_position": 0.0}, "datetime": {"delta": 23.475712, "elapsed": 5397.956721, "datetime": "2021-03-11 17:45:20"}}
{"target": 4.543555555555555, "params": {"enc_rate": 1.0, "beta_enc": 0.9, "beta_rec": 0.9771223655548356, "gamma_fc": 0.999775157198267, "k": 3.0, "cue_position": 0.0}, "datetime": {"delta": 20.384351, "elapsed": 5418.341072, "datetime": "2021-03-11 17:45:40"}}
{"target": 6.6722222222222225, "params": {"enc_rate": 1.0, "beta_enc": 0.9, "beta_rec": 0.4760818310698376, "gamma_fc": 0.0006946311921187664, "k": 3.0, "cue_position": 0.0}, "datetime": {"delta": 24.751449, "elapsed": 5443.092521, "datetime": "2021-03-11 17:46:05"}}
{"target": 6.932888888888888, "params": {"enc_rate": 1.0, "beta_enc": 0.9, "beta_rec": 0.9179735146898135, "gamma_fc": 0.36363685895396747, "k": 3.0, "cue_position": 0.0}, "datetime": {"delta": 24.925783, "elapsed": 5468.018304, "datetime": "2021-03-11 17:46:30"}}
{"target": 6.778444444444444, "params": {"enc_rate": 1.0, "beta_enc": 0.9, "beta_rec": 0.9998738287074217, "gamma_fc": 0.27275840353055314, "k": 3.0, "cue_position": 0.0}, "datetime": {"delta": 24.802564, "elapsed": 5492.820868, "datetime": "2021-03-11 17:46:54"}}
{"target": 3.492666666666666, "params": {"enc_rate": 1.0, "beta_enc": 0.9, "beta_rec": 8.66373212848881e-06, "gamma_fc": 0.1458555307862811, "k": 3.0, "cue_position": 0.0}, "datetime": {"delta": 18.475792, "elapsed": 5511.29666, "datetime": "2021-03-11 17:47:13"}}
{"target": 5.2395555555555555, "params": {"enc_rate": 1.0, "beta_enc": 0.9, "beta_rec": 0.99857031344342, "gamma_fc": 0.7965733064279998, "k": 3.0, "cue_position": 0.0}, "datetime": {"delta": 21.78089, "elapsed": 5533.07755, "datetime": "2021-03-11 17:47:35"}}
{"target": 7.699333333333334, "params": {"enc_rate": 1.0, "beta_enc": 0.9, "beta_rec": 0.7693854854563531, "gamma_fc": 0.08486443702392521, "k": 3.0, "cue_position": 0.0}, "datetime": {"delta": 26.512805, "elapsed": 5559.590355, "datetime": "2021-03-11 17:48:01"}}
{"target": 7.405555555555556, "params": {"enc_rate": 1.0, "beta_enc": 0.9, "beta_rec": 0.9361516804336055, "gamma_fc": 0.1073135830566746, "k": 3.0, "cue_position": 0.0}, "datetime": {"delta": 25.883449, "elapsed": 5585.473804, "datetime": "2021-03-11 17:48:27"}}
{"target": 5.6688888888888895, "params": {"enc_rate": 1.0, "beta_enc": 0.9, "beta_rec": 0.27934503611047523, "gamma_fc": 0.0002233298358760294, "k": 3.0, "cue_position": 0.0}, "datetime": {"delta": 23.074783, "elapsed": 5608.548587, "datetime": "2021-03-11 17:48:50"}}
{"target": 6.251777777777778, "params": {"enc_rate": 1.0, "beta_enc": 0.9, "beta_rec": 0.9999665474481186, "gamma_fc": 0.5334248052244714, "k": 3.0, "cue_position": 0.0}, "datetime": {"delta": 23.874732, "elapsed": 5632.423319, "datetime": "2021-03-11 17:49:14"}}
{"target": 6.748444444444445, "params": {"enc_rate": 1.0, "beta_enc": 0.9, "beta_rec": 0.8193417146133672, "gamma_fc": 0.4204864528003952, "k": 3.0, "cue_position": 0.0}, "datetime": {"delta": 24.702884, "elapsed": 5657.126203, "datetime": "2021-03-11 17:49:39"}}
{"target": 7.783333333333333, "params": {"enc_rate": 1.0, "beta_enc": 0.9, "beta_rec": 0.8796809613929459, "gamma_fc": 0.0007681183443558615, "k": 3.0, "cue_position": 0.0}, "datetime": {"delta": 26.592992, "elapsed": 5683.719195, "datetime": "2021-03-11 17:50:05"}}
{"target": 7.788222222222222, "params": {"enc_rate": 1.0, "beta_enc": 0.9, "beta_rec": 0.7621401940727272, "gamma_fc": 0.006810111972190835, "k": 3.0, "cue_position": 0.0}, "datetime": {"delta": 27.263137, "elapsed": 5710.982332, "datetime": "2021-03-11 17:50:33"}}
{"target": 7.705555555555556, "params": {"enc_rate": 1.0, "beta_enc": 0.9, "beta_rec": 0.7240181917351857, "gamma_fc": 0.009436613631924606, "k": 3.0, "cue_position": 0.0}, "datetime": {"delta": 26.641387, "elapsed": 5737.623719, "datetime": "2021-03-11 17:50:59"}}
{"target": 6.626, "params": {"enc_rate": 1.0, "beta_enc": 0.9, "beta_rec": 0.46574695588636483, "gamma_fc": 0.09877672068184684, "k": 3.0, "cue_position": 0.0}, "datetime": {"delta": 24.457009, "elapsed": 5762.080728, "datetime": "2021-03-11 17:51:24"}}
{"target": 6.5584444444444445, "params": {"enc_rate": 1.0, "beta_enc": 0.9, "beta_rec": 0.5356017963340739, "gamma_fc": 0.27527331811624056, "k": 3.0, "cue_position": 0.0}, "datetime": {"delta": 24.569087, "elapsed": 5786.649815, "datetime": "2021-03-11 17:51:48"}}
{"target": 7.1240000000000006, "params": {"enc_rate": 1.0, "beta_enc": 0.9, "beta_rec": 0.839902555592522, "gamma_fc": 0.3047861617113965, "k": 3.0, "cue_position": 0.0}, "datetime": {"delta": 25.547688, "elapsed": 5812.197503, "datetime": "2021-03-11 17:52:14"}}
{"target": 7.195333333333333, "params": {"enc_rate": 1.0, "beta_enc": 0.9, "beta_rec": 0.9305347808656355, "gamma_fc": 0.22230155527757578, "k": 3.0, "cue_position": 0.0}, "datetime": {"delta": 25.781593, "elapsed": 5837.979096, "datetime": "2021-03-11 17:52:40"}}
{"target": 7.919555555555556, "params": {"enc_rate": 1.0, "beta_enc": 0.9, "beta_rec": 0.8324784642817835, "gamma_fc": 0.005730289384768383, "k": 3.0, "cue_position": 0.0}, "datetime": {"delta": 26.948642, "elapsed": 5864.927738, "datetime": "2021-03-11 17:53:06"}}
{"target": 7.043111111111111, "params": {"enc_rate": 1.0, "beta_enc": 0.9, "beta_rec": 0.7775581900892559, "gamma_fc": 0.33470402297370694, "k": 3.0, "cue_position": 0.0}, "datetime": {"delta": 25.359306, "elapsed": 5890.287044, "datetime": "2021-03-11 17:53:32"}}
{"target": 5.953777777777778, "params": {"enc_rate": 1.0, "beta_enc": 0.9, "beta_rec": 0.6411679925939707, "gamma_fc": 0.5574548037400225, "k": 3.0, "cue_position": 0.0}, "datetime": {"delta": 23.670818, "elapsed": 5913.957862, "datetime": "2021-03-11 17:53:56"}}
{"target": 3.5439999999999996, "params": {"enc_rate": 1.0, "beta_enc": 0.9, "beta_rec": 0.0006049018591295363, "gamma_fc": 0.9969403831453658, "k": 3.0, "cue_position": 0.0}, "datetime": {"delta": 19.201799, "elapsed": 5933.159661, "datetime": "2021-03-11 17:54:15"}}
{"target": 5.332222222222223, "params": {"enc_rate": 1.0, "beta_enc": 0.9, "beta_rec": 0.22774454324771964, "gamma_fc": 0.1647913071666347, "k": 3.0, "cue_position": 0.0}, "datetime": {"delta": 22.257998, "elapsed": 5955.417659, "datetime": "2021-03-11 17:54:37"}}
{"target": 6.104888888888889, "params": {"enc_rate": 1.0, "beta_enc": 0.9, "beta_rec": 0.4292629753536694, "gamma_fc": 0.34012925077590284, "k": 3.0, "cue_position": 0.0}, "datetime": {"delta": 23.839845, "elapsed": 5979.257504, "datetime": "2021-03-11 17:55:01"}}
{"target": 3.5791111111111116, "params": {"enc_rate": 1.0, "beta_enc": 0.9, "beta_rec": 0.0006569955721410503, "gamma_fc": 0.6860658478238619, "k": 3.0, "cue_position": 0.0}, "datetime": {"delta": 18.990997, "elapsed": 5998.248501, "datetime": "2021-03-11 17:55:20"}}
{"target": 7.07688888888889, "params": {"enc_rate": 1.0, "beta_enc": 0.9, "beta_rec": 0.5591688479477607, "gamma_fc": 0.04109147642489408, "k": 3.0, "cue_position": 0.0}, "datetime": {"delta": 26.011211, "elapsed": 6024.259712, "datetime": "2021-03-11 17:55:46"}}
{"target": 7.503555555555555, "params": {"enc_rate": 1.0, "beta_enc": 0.9, "beta_rec": 0.6940117834925553, "gamma_fc": 0.05808166828271921, "k": 3.0, "cue_position": 0.0}, "datetime": {"delta": 26.350558, "elapsed": 6050.61027, "datetime": "2021-03-11 17:56:12"}}
{"target": 5.484666666666667, "params": {"enc_rate": 1.0, "beta_enc": 0.9, "beta_rec": 0.5538946724436123, "gamma_fc": 0.6666358192303854, "k": 3.0, "cue_position": 0.0}, "datetime": {"delta": 22.995943, "elapsed": 6073.606213, "datetime": "2021-03-11 17:56:35"}}
{"target": 6.537333333333334, "params": {"enc_rate": 1.0, "beta_enc": 0.9, "beta_rec": 0.6158950821236062, "gamma_fc": 0.3652057043495781, "k": 3.0, "cue_position": 0.0}, "datetime": {"delta": 24.79147, "elapsed": 6098.397683, "datetime": "2021-03-11 17:57:00"}}
{"target": 5.870666666666667, "params": {"enc_rate": 1.0, "beta_enc": 0.9, "beta_rec": 0.3386824414797678, "gamma_fc": 0.22330517190934984, "k": 3.0, "cue_position": 0.0}, "datetime": {"delta": 23.715421, "elapsed": 6122.113104, "datetime": "2021-03-11 17:57:24"}}
{"target": 7.561555555555556, "params": {"enc_rate": 1.0, "beta_enc": 0.9, "beta_rec": 0.8477630531123712, "gamma_fc": 0.14352830417444495, "k": 3.0, "cue_position": 0.0}, "datetime": {"delta": 26.764471, "elapsed": 6148.877575, "datetime": "2021-03-11 17:57:50"}}
{"target": 6.720000000000001, "params": {"enc_rate": 1.0, "beta_enc": 0.9, "beta_rec": 0.9988853916630597, "gamma_fc": 3.4527731134215145e-06, "k": 3.0, "cue_position": 0.0}, "datetime": {"delta": 25.668686, "elapsed": 6174.546261, "datetime": "2021-03-11 17:58:16"}}
{"target": 7.299111111111111, "params": {"enc_rate": 1.0, "beta_enc": 0.9, "beta_rec": 0.7762266615020496, "gamma_fc": 0.24045912800207891, "k": 3.0, "cue_position": 0.0}, "datetime": {"delta": 26.39553, "elapsed": 6200.941791, "datetime": "2021-03-11 17:58:42"}}
{"target": 4.352, "params": {"enc_rate": 1.0, "beta_enc": 0.9, "beta_rec": 0.48728632860821874, "gamma_fc": 0.9994648216936337, "k": 3.0, "cue_position": 0.0}, "datetime": {"delta": 20.783115, "elapsed": 6221.724906, "datetime": "2021-03-11 17:59:03"}}
{"target": 6.5953333333333335, "params": {"enc_rate": 1.0, "beta_enc": 0.9, "beta_rec": 0.9500048498221816, "gamma_fc": 0.4686802010534783, "k": 3.0, "cue_position": 0.0}, "datetime": {"delta": 25.077849, "elapsed": 6246.802755, "datetime": "2021-03-11 17:59:28"}}
{"target": 6.475555555555556, "params": {"enc_rate": 1.0, "beta_enc": 0.9, "beta_rec": 0.48446407899785515, "gamma_fc": 0.23079465485317696, "k": 3.0, "cue_position": 0.0}, "datetime": {"delta": 25.170111, "elapsed": 6271.972866, "datetime": "2021-03-11 17:59:54"}}
{"target": 6.313555555555556, "params": {"enc_rate": 1.0, "beta_enc": 0.9, "beta_rec": 0.7578459504849464, "gamma_fc": 0.5131291214529711, "k": 3.0, "cue_position": 0.0}, "datetime": {"delta": 24.081435, "elapsed": 6296.054301, "datetime": "2021-03-11 18:00:18"}}
{"target": 7.847777777777777, "params": {"enc_rate": 1.0, "beta_enc": 0.9, "beta_rec": 0.811832939105143, "gamma_fc": 0.029529198985410177, "k": 3.0, "cue_position": 0.0}, "datetime": {"delta": 27.513503, "elapsed": 6323.567804, "datetime": "2021-03-11 18:00:45"}}
{"target": 6.812222222222222, "params": {"enc_rate": 1.0, "beta_enc": 0.9, "beta_rec": 0.9988203090591209, "gamma_fc": 0.14662569034180506, "k": 3.0, "cue_position": 0.0}, "datetime": {"delta": 25.053501, "elapsed": 6348.621305, "datetime": "2021-03-11 18:01:10"}}
{"target": 6.886888888888889, "params": {"enc_rate": 1.0, "beta_enc": 0.9, "beta_rec": 0.5736307875418584, "gamma_fc": 0.18100318624635903, "k": 3.0, "cue_position": 0.0}, "datetime": {"delta": 25.591754, "elapsed": 6374.213059, "datetime": "2021-03-11 18:01:36"}}
{"target": 5.853555555555556, "params": {"enc_rate": 1.0, "beta_enc": 0.9, "beta_rec": 0.3321611959118681, "gamma_fc": 0.07783020318603051, "k": 3.0, "cue_position": 0.0}, "datetime": {"delta": 23.687026, "elapsed": 6397.900085, "datetime": "2021-03-11 18:01:59"}}
{"target": 4.562666666666667, "params": {"enc_rate": 1.0, "beta_enc": 0.9, "beta_rec": 0.6962667844207296, "gamma_fc": 0.9998296941341791, "k": 3.0, "cue_position": 0.0}, "datetime": {"delta": 21.591436, "elapsed": 6419.491521, "datetime": "2021-03-11 18:02:21"}}
