{"target": 10.316666666666666, "params": {"beta_rec": 0.3669418222810221, "gamma_cf": 0.7192489336855805, "cue_position": 4.0, "gamma_fc": 0.4822836051281384, "beta_enc": 0.15354237416519712}, "datetime": {"delta": 23.959275, "datetime": "2020-06-20 04:13:22", "elapsed": 8130.313358}}
{"target": 10.245833333333334, "params": {"beta_rec": 0.4774467328675467, "gamma_cf": 0.9372802908223443, "cue_position": 4.0, "gamma_fc": 0.48894192736636133, "beta_enc": 0.07022129474222902}, "datetime": {"delta": 23.311731, "datetime": "2020-06-20 04:13:45", "elapsed": 8153.625089}}
{"target": 10.0375, "params": {"beta_rec": 0.0692242802146187, "gamma_cf": 0.771627670507084, "cue_position": 4.0, "gamma_fc": 0.9070796343149858, "beta_enc": 0.26132065834059215}, "datetime": {"delta": 23.578023, "datetime": "2020-06-20 04:14:09", "elapsed": 8177.203112}}
{"target": 10.054166666666667, "params": {"beta_rec": 0.7720856302443635, "gamma_cf": 0.8849754085028089, "cue_position": 4.0, "gamma_fc": 0.3533481498500179, "beta_enc": 0.3641390715857902}, "datetime": {"delta": 23.894723, "datetime": "2020-06-20 04:14:33", "elapsed": 8201.097835}}
{"target": 10.041666666666666, "params": {"beta_rec": 0.8568932182117676, "gamma_cf": 0.6913263540306747, "cue_position": 4.0, "gamma_fc": 0.4547992159096623, "beta_enc": 0.322684214840291}, "datetime": {"delta": 24.538548, "datetime": "2020-06-20 04:14:57", "elapsed": 8225.636383}}
{"target": 10.3625, "params": {"beta_rec": 0.054866238456663344, "gamma_cf": 0.8462018425663119, "cue_position": 4.0, "gamma_fc": 0.36003145165302003, "beta_enc": 0.1484158309116907}, "datetime": {"delta": 24.594451, "datetime": "2020-06-20 04:15:22", "elapsed": 8250.230834}}
{"target": 10.091666666666667, "params": {"beta_rec": 0.49468375853230506, "gamma_cf": 0.8279084745549629, "cue_position": 4.0, "gamma_fc": 0.15389647002233653, "beta_enc": 0.24548194153187275}, "datetime": {"delta": 24.518236, "datetime": "2020-06-20 04:15:46", "elapsed": 8274.74907}}
{"target": 10.225, "params": {"beta_rec": 0.7565726045760202, "gamma_cf": 0.8422646918691685, "cue_position": 4.0, "gamma_fc": 0.8817443201646612, "beta_enc": 0.10644531156046233}, "datetime": {"delta": 23.939883, "datetime": "2020-06-20 04:16:10", "elapsed": 8298.688953}}
{"target": 10.2375, "params": {"beta_rec": 0.934810997432472, "gamma_cf": 0.5040105588929941, "cue_position": 4.0, "gamma_fc": 0.8295316992051763, "beta_enc": 0.24274195254240305}, "datetime": {"delta": 26.425833, "datetime": "2020-06-20 04:16:37", "elapsed": 8325.114786}}
{"target": 10.304166666666667, "params": {"beta_rec": 0.02010386727123259, "gamma_cf": 0.25107399455511514, "cue_position": 4.0, "gamma_fc": 0.8656077465097991, "beta_enc": 0.013898917131899724}, "datetime": {"delta": 24.515161, "datetime": "2020-06-20 04:17:01", "elapsed": 8349.629947}}
{"target": 10.495833333333334, "params": {"beta_rec": 0.31753928974981027, "gamma_cf": 0.6115515695076431, "cue_position": 4.0, "gamma_fc": 0.6539392970250947, "beta_enc": 0.04688659280630947}, "datetime": {"delta": 24.892671, "datetime": "2020-06-20 04:17:26", "elapsed": 8374.522618}}
{"target": 9.779166666666667, "params": {"beta_rec": 0.31639542447760893, "gamma_cf": 0.6193798220204006, "cue_position": 4.0, "gamma_fc": 0.7633673862678049, "beta_enc": 0.3908366258912136}, "datetime": {"delta": 24.128345, "datetime": "2020-06-20 04:17:50", "elapsed": 8398.650963}}
{"target": 10.191666666666666, "params": {"beta_rec": 0.4283889798507142, "gamma_cf": 0.4259910685792436, "cue_position": 4.0, "gamma_fc": 0.8136309914203759, "beta_enc": 0.07375708920589996}, "datetime": {"delta": 25.081442, "datetime": "2020-06-20 04:18:15", "elapsed": 8423.732405}}
{"target": 10.408333333333333, "params": {"beta_rec": 0.3697743703478922, "gamma_cf": 0.9897973337822124, "cue_position": 4.0, "gamma_fc": 0.19109718569525025, "beta_enc": 0.059583795306109244}, "datetime": {"delta": 24.84593, "datetime": "2020-06-20 04:18:40", "elapsed": 8448.578335}}
{"target": 10.1625, "params": {"beta_rec": 0.4253800162894526, "gamma_cf": 0.426518813640708, "cue_position": 4.0, "gamma_fc": 0.814801168984165, "beta_enc": 0.0775764023844459}, "datetime": {"delta": 25.326947, "datetime": "2020-06-20 04:19:05", "elapsed": 8473.905282}}
{"target": 10.333333333333334, "params": {"beta_rec": 0.3419303997951045, "gamma_cf": 0.843065341486876, "cue_position": 4.0, "gamma_fc": 0.801982310450616, "beta_enc": 0.16330585414922913}, "datetime": {"delta": 24.908785, "datetime": "2020-06-20 04:19:30", "elapsed": 8498.814067}}
{"target": 10.2875, "params": {"beta_rec": 0.618411486708596, "gamma_cf": 0.9892127320991778, "cue_position": 4.0, "gamma_fc": 0.706643388570144, "beta_enc": 0.1852423510813973}, "datetime": {"delta": 23.1214, "datetime": "2020-06-20 04:19:53", "elapsed": 8521.935467}}
{"target": 10.333333333333334, "params": {"beta_rec": 0.7517082118375936, "gamma_cf": 0.8530585424447751, "cue_position": 4.0, "gamma_fc": 0.886662402166782, "beta_enc": 0.11346560017539964}, "datetime": {"delta": 22.294697, "datetime": "2020-06-20 04:20:16", "elapsed": 8544.230164}}
{"target": 10.1125, "params": {"beta_rec": 0.6092845293294011, "gamma_cf": 0.8589258274888247, "cue_position": 4.0, "gamma_fc": 0.6798314527532988, "beta_enc": 0.41437498490847036}, "datetime": {"delta": 22.180266, "datetime": "2020-06-20 04:20:38", "elapsed": 8566.41043}}
{"target": 10.029166666666667, "params": {"beta_rec": 0.4764707816119413, "gamma_cf": 0.8401700766040661, "cue_position": 4.0, "gamma_fc": 0.18415720430027196, "beta_enc": 0.00535125227712176}, "datetime": {"delta": 22.148425, "datetime": "2020-06-20 04:21:00", "elapsed": 8588.558855}}
{"target": 10.375, "params": {"beta_rec": 0.7554493473818874, "gamma_cf": 0.8476278237338241, "cue_position": 4.0, "gamma_fc": 0.8886286884453711, "beta_enc": 0.11193479821727664}, "datetime": {"delta": 22.644755, "datetime": "2020-06-20 04:21:23", "elapsed": 8611.20361}}
{"target": 10.175, "params": {"beta_rec": 0.3380636200013969, "gamma_cf": 0.7205646419901511, "cue_position": 4.0, "gamma_fc": 0.6570942007689883, "beta_enc": 0.12473882790972157}, "datetime": {"delta": 22.054768, "datetime": "2020-06-20 04:21:45", "elapsed": 8633.258378}}
{"target": 9.633333333333333, "params": {"beta_rec": 0.6334348028323694, "gamma_cf": 0.8968724463363713, "cue_position": 4.0, "gamma_fc": 0.30882671279162055, "beta_enc": 0.492809065909151}, "datetime": {"delta": 22.069869, "datetime": "2020-06-20 04:22:07", "elapsed": 8655.328247}}
{"target": 10.320833333333333, "params": {"beta_rec": 0.9379380407722959, "gamma_cf": 0.5016359017754171, "cue_position": 4.0, "gamma_fc": 0.8261886482520934, "beta_enc": 0.24228662974823084}, "datetime": {"delta": 21.95797, "datetime": "2020-06-20 04:22:29", "elapsed": 8677.286217}}
{"target": 10.35, "params": {"beta_rec": 0.03542938734450751, "gamma_cf": 0.33841165432380704, "cue_position": 4.0, "gamma_fc": 0.369188014509947, "beta_enc": 0.021797798627628873}, "datetime": {"delta": 22.62523, "datetime": "2020-06-20 04:22:51", "elapsed": 8699.911447}}
{"target": 10.170833333333333, "params": {"beta_rec": 0.08301056943662029, "gamma_cf": 0.7943549360849312, "cue_position": 4.0, "gamma_fc": 0.19212773490745175, "beta_enc": 0.14278166852947233}, "datetime": {"delta": 22.102331, "datetime": "2020-06-20 04:23:14", "elapsed": 8722.013778}}
{"target": 10.091666666666667, "params": {"beta_rec": 0.9353088272827715, "gamma_cf": 0.4926824712347533, "cue_position": 4.0, "gamma_fc": 0.8186969073684023, "beta_enc": 0.2377910558825822}, "datetime": {"delta": 22.405642, "datetime": "2020-06-20 04:23:36", "elapsed": 8744.41942}}
{"target": 10.154166666666667, "params": {"beta_rec": 0.5238438832172989, "gamma_cf": 0.8679412314147038, "cue_position": 4.0, "gamma_fc": 0.37967167916725664, "beta_enc": 0.1481683592472942}, "datetime": {"delta": 22.215838, "datetime": "2020-06-20 04:23:58", "elapsed": 8766.635258}}
{"target": 10.079166666666667, "params": {"beta_rec": 0.06071051857744403, "gamma_cf": 0.7742058716688784, "cue_position": 4.0, "gamma_fc": 0.9109179164256757, "beta_enc": 0.2648741660161784}, "datetime": {"delta": 22.30693, "datetime": "2020-06-20 04:24:20", "elapsed": 8788.942188}}
{"target": 10.420833333333333, "params": {"beta_rec": 0.08429188040283242, "gamma_cf": 0.8014983201053469, "cue_position": 4.0, "gamma_fc": 0.18772453316272997, "beta_enc": 0.14180577380233916}, "datetime": {"delta": 22.159954, "datetime": "2020-06-20 04:24:43", "elapsed": 8811.102142}}
{"target": 10.6125, "params": {"beta_rec": 0.958494721475236, "gamma_cf": 0.849976855586988, "cue_position": 4.0, "gamma_fc": 0.09458150859520019, "beta_enc": 0.863612845809199}, "datetime": {"delta": 23.034027, "datetime": "2020-06-20 04:25:06", "elapsed": 8834.136169}}
{"target": 10.333333333333334, "params": {"beta_rec": 0.02372687090125809, "gamma_cf": 0.24753337439577497, "cue_position": 4.0, "gamma_fc": 0.8622394002516207, "beta_enc": 0.018489735560190606}, "datetime": {"delta": 22.637061, "datetime": "2020-06-20 04:25:28", "elapsed": 8856.77323}}
{"target": 10.366666666666667, "params": {"beta_rec": 0.49441887838917004, "gamma_cf": 0.8245052981645199, "cue_position": 4.0, "gamma_fc": 0.15584678135628968, "beta_enc": 0.2414563775718006}, "datetime": {"delta": 22.706351, "datetime": "2020-06-20 04:25:51", "elapsed": 8879.479581}}
{"target": 10.233333333333333, "params": {"beta_rec": 0.3239655767726023, "gamma_cf": 0.5047653548519333, "cue_position": 4.0, "gamma_fc": 0.8260644232426145, "beta_enc": 0.17475727235915484}, "datetime": {"delta": 22.128393, "datetime": "2020-06-20 04:26:13", "elapsed": 8901.607974}}
{"target": 10.05, "params": {"beta_rec": 0.928683053385945, "gamma_cf": 0.7496997976662946, "cue_position": 4.0, "gamma_fc": 0.7269794837929521, "beta_enc": 0.16155436607295437}, "datetime": {"delta": 22.644502, "datetime": "2020-06-20 04:26:36", "elapsed": 8924.252476}}
{"target": 10.345833333333333, "params": {"beta_rec": 0.5789121048781501, "gamma_cf": 0.6497344854709949, "cue_position": 4.0, "gamma_fc": 0.71342325428608, "beta_enc": 0.09309369370629844}, "datetime": {"delta": 22.605853, "datetime": "2020-06-20 04:26:58", "elapsed": 8946.858329}}
{"target": 10.204166666666667, "params": {"beta_rec": 0.9332315121530507, "gamma_cf": 0.5004428914405263, "cue_position": 4.0, "gamma_fc": 0.8265454585408366, "beta_enc": 0.24309629393922183}, "datetime": {"delta": 23.529565, "datetime": "2020-06-20 04:27:22", "elapsed": 8970.387894}}
{"target": 10.15, "params": {"beta_rec": 0.316300148452324, "gamma_cf": 0.9658806431263266, "cue_position": 4.0, "gamma_fc": 0.5069184216402295, "beta_enc": 0.21441861078608468}, "datetime": {"delta": 23.035417, "datetime": "2020-06-20 04:27:45", "elapsed": 8993.423311}}
{"target": 10.129166666666666, "params": {"beta_rec": 0.48105681517749255, "gamma_cf": 0.670875077864189, "cue_position": 4.0, "gamma_fc": 0.46449925709498896, "beta_enc": 0.07457388256061226}, "datetime": {"delta": 23.350832, "datetime": "2020-06-20 04:28:08", "elapsed": 9016.774143}}
{"target": 10.391666666666667, "params": {"beta_rec": 0.6047845622488447, "gamma_cf": 0.9176375466508752, "cue_position": 4.0, "gamma_fc": 0.193673453192157, "beta_enc": 0.1423113844261532}, "datetime": {"delta": 22.903151, "datetime": "2020-06-20 04:28:31", "elapsed": 9039.677294}}
{"target": 10.295833333333333, "params": {"beta_rec": 0.9601268991148504, "gamma_cf": 0.8492294371278768, "cue_position": 4.0, "gamma_fc": 0.09296100054138594, "beta_enc": 0.8632577626088376}, "datetime": {"delta": 23.590103, "datetime": "2020-06-20 04:28:55", "elapsed": 9063.267397}}
{"target": 10.316666666666666, "params": {"beta_rec": 0.4272081722150205, "gamma_cf": 0.9473421460144104, "cue_position": 4.0, "gamma_fc": 0.07112144458048131, "beta_enc": 0.4292540427123728}, "datetime": {"delta": 22.786807, "datetime": "2020-06-20 04:29:18", "elapsed": 9086.054204}}
{"target": 10.245833333333334, "params": {"beta_rec": 0.13435504218499364, "gamma_cf": 0.694251627508723, "cue_position": 4.0, "gamma_fc": 0.06530715417061649, "beta_enc": 0.17156915372297016}, "datetime": {"delta": 23.459627, "datetime": "2020-06-20 04:29:41", "elapsed": 9109.513831}}
{"target": 10.2375, "params": {"beta_rec": 0.2862435238653086, "gamma_cf": 0.7019665672912361, "cue_position": 4.0, "gamma_fc": 0.6614438732612069, "beta_enc": 0.05359130221191266}, "datetime": {"delta": 23.154068, "datetime": "2020-06-20 04:30:04", "elapsed": 9132.667899}}
{"target": 9.7, "params": {"beta_rec": 0.9003338287693695, "gamma_cf": 0.7031464216722207, "cue_position": 4.0, "gamma_fc": 0.5914345607525666, "beta_enc": 0.4473216069815232}, "datetime": {"delta": 23.175093, "datetime": "2020-06-20 04:30:27", "elapsed": 9155.842992}}
{"target": 10.183333333333334, "params": {"beta_rec": 0.7545152869988493, "gamma_cf": 0.8438196306134321, "cue_position": 4.0, "gamma_fc": 0.89004877378368, "beta_enc": 0.11209984070410682}, "datetime": {"delta": 23.206299, "datetime": "2020-06-20 04:30:51", "elapsed": 9179.049291}}
{"target": 9.9875, "params": {"beta_rec": 0.33512216714183674, "gamma_cf": 0.8056413779295911, "cue_position": 4.0, "gamma_fc": 0.34313724080443875, "beta_enc": 0.17930059256881625}, "datetime": {"delta": 23.353704, "datetime": "2020-06-20 04:31:14", "elapsed": 9202.402995}}
{"target": 10.329166666666667, "params": {"beta_rec": 0.35929845060175347, "gamma_cf": 0.7186877904519791, "cue_position": 4.0, "gamma_fc": 0.48215642840158, "beta_enc": 0.15347779384668092}, "datetime": {"delta": 23.310734, "datetime": "2020-06-20 04:31:37", "elapsed": 9225.713729}}
{"target": 10.483333333333333, "params": {"beta_rec": 0.6335177585518399, "gamma_cf": 0.6905741976147404, "cue_position": 4.0, "gamma_fc": 0.764961864552615, "beta_enc": 0.1099618952804562}, "datetime": {"delta": 23.745852, "datetime": "2020-06-20 04:32:01", "elapsed": 9249.459581}}
{"target": 10.0125, "params": {"beta_rec": 0.14241232572946078, "gamma_cf": 0.5383551841530563, "cue_position": 4.0, "gamma_fc": 0.9714613998918398, "beta_enc": 0.3030092403110555}, "datetime": {"delta": 22.807608, "datetime": "2020-06-20 04:32:24", "elapsed": 9272.267189}}
{"target": 10.179166666666667, "params": {"beta_rec": 0.14725110453179785, "gamma_cf": 0.8969027788491549, "cue_position": 4.0, "gamma_fc": 0.875196427272026, "beta_enc": 0.22543952644604595}, "datetime": {"delta": 23.614308, "datetime": "2020-06-20 04:32:47", "elapsed": 9295.881497}}
{"target": 10.675, "params": {"beta_rec": 0.42853798716148483, "gamma_cf": 0.4349074567208657, "cue_position": 4.0, "gamma_fc": 0.8100836639897004, "beta_enc": 0.07564042883669486}, "datetime": {"delta": 23.339843, "datetime": "2020-06-20 04:33:11", "elapsed": 9319.22134}}
{"target": 10.141666666666667, "params": {"beta_rec": 0.8974409122773099, "gamma_cf": 0.8186439093783794, "cue_position": 4.0, "gamma_fc": 0.8817044709529565, "beta_enc": 0.07012305465046387}, "datetime": {"delta": 23.566089, "datetime": "2020-06-20 04:33:34", "elapsed": 9342.787429}}
{"target": 10.020833333333334, "params": {"beta_rec": 0.3656136165372701, "gamma_cf": 0.7200220999919167, "cue_position": 4.0, "gamma_fc": 0.47235483363900166, "beta_enc": 0.15850237996602978}, "datetime": {"delta": 23.123299, "datetime": "2020-06-20 04:33:57", "elapsed": 9365.910728}}
{"target": 10.470833333333333, "params": {"beta_rec": 0.37782386364816556, "gamma_cf": 0.9913347709359855, "cue_position": 4.0, "gamma_fc": 0.18711889358755907, "beta_enc": 0.057406343625751366}, "datetime": {"delta": 23.987966, "datetime": "2020-06-20 04:34:21", "elapsed": 9389.898694}}
{"target": 10.270833333333334, "params": {"beta_rec": 0.056700853169557544, "gamma_cf": 0.8471700486674711, "cue_position": 4.0, "gamma_fc": 0.35861258653843114, "beta_enc": 0.1514638384289553}, "datetime": {"delta": 23.660347, "datetime": "2020-06-20 04:34:45", "elapsed": 9413.559041}}
{"target": 10.2875, "params": {"beta_rec": 0.23445901348280648, "gamma_cf": 0.42138808950139295, "cue_position": 4.0, "gamma_fc": 0.86033798444896, "beta_enc": 0.0503303665539333}, "datetime": {"delta": 24.00548, "datetime": "2020-06-20 04:35:09", "elapsed": 9437.564521}}
{"target": 10.495833333333334, "params": {"beta_rec": 0.9842904349325413, "gamma_cf": 0.9050289931008099, "cue_position": 4.0, "gamma_fc": 0.8151798559800519, "beta_enc": 0.013968966336908029}, "datetime": {"delta": 23.396742, "datetime": "2020-06-20 04:35:32", "elapsed": 9460.961263}}
{"target": 10.141666666666667, "params": {"beta_rec": 0.6874960318500257, "gamma_cf": 0.97594247171964, "cue_position": 4.0, "gamma_fc": 0.12581317948289703, "beta_enc": 0.19140279219910866}, "datetime": {"delta": 24.026486, "datetime": "2020-06-20 04:35:56", "elapsed": 9484.987749}}
{"target": 9.595833333333333, "params": {"beta_rec": 0.5247859087590091, "gamma_cf": 0.6401570042095867, "cue_position": 4.0, "gamma_fc": 0.3507154491872118, "beta_enc": 0.48373462741107787}, "datetime": {"delta": 23.493666, "datetime": "2020-06-20 04:36:20", "elapsed": 9508.481415}}
{"target": 10.370833333333334, "params": {"beta_rec": 0.4836757114770778, "gamma_cf": 0.9543950882687674, "cue_position": 4.0, "gamma_fc": 0.9449720008610389, "beta_enc": 0.039539480962302975}, "datetime": {"delta": 24.358906, "datetime": "2020-06-20 04:36:44", "elapsed": 9532.840321}}
{"target": 10.379166666666666, "params": {"beta_rec": 0.32740137507601785, "gamma_cf": 0.724457359149176, "cue_position": 4.0, "gamma_fc": 0.6702069668066205, "beta_enc": 0.13139926165983318}, "datetime": {"delta": 23.817081, "datetime": "2020-06-20 04:37:08", "elapsed": 9556.657402}}
{"target": 10.366666666666667, "params": {"beta_rec": 0.8331611600952343, "gamma_cf": 0.6320920724443024, "cue_position": 4.0, "gamma_fc": 0.7073796459298404, "beta_enc": 0.2115226907962062}, "datetime": {"delta": 24.065702, "datetime": "2020-06-20 04:37:32", "elapsed": 9580.723104}}
{"target": 10.3875, "params": {"beta_rec": 0.3207881536739373, "gamma_cf": 0.7175171542684493, "cue_position": 4.0, "gamma_fc": 0.6689219316554047, "beta_enc": 0.13111599578395094}, "datetime": {"delta": 24.280714, "datetime": "2020-06-20 04:37:56", "elapsed": 9605.003818}}
{"target": 10.216666666666667, "params": {"beta_rec": 0.34598337832337767, "gamma_cf": 0.7152765086752411, "cue_position": 4.0, "gamma_fc": 0.6958671271644752, "beta_enc": 0.19000753598211495}, "datetime": {"delta": 24.369026, "datetime": "2020-06-20 04:38:21", "elapsed": 9629.372844}}
{"target": 10.445833333333333, "params": {"beta_rec": 0.38954845711885633, "gamma_cf": 0.9884732730939245, "cue_position": 4.0, "gamma_fc": 0.18370665765172667, "beta_enc": 0.06888676646015668}, "datetime": {"delta": 23.676291, "datetime": "2020-06-20 04:38:45", "elapsed": 9653.049135}}
{"target": 9.9875, "params": {"beta_rec": 0.6887834249134591, "gamma_cf": 0.9737964972001321, "cue_position": 4.0, "gamma_fc": 0.1262368426468211, "beta_enc": 0.1865830032001597}, "datetime": {"delta": 24.120108, "datetime": "2020-06-20 04:39:09", "elapsed": 9677.169243}}
{"target": 9.791666666666666, "params": {"beta_rec": 0.6087118766892892, "gamma_cf": 0.8613270672131592, "cue_position": 4.0, "gamma_fc": 0.6792603919662339, "beta_enc": 0.41910745623938805}, "datetime": {"delta": 23.587664, "datetime": "2020-06-20 04:39:32", "elapsed": 9700.756907}}
{"target": 10.391666666666667, "params": {"beta_rec": 0.023311499632504673, "gamma_cf": 0.2322979743400283, "cue_position": 4.0, "gamma_fc": 0.8568272341409391, "beta_enc": 0.029066993653536044}, "datetime": {"delta": 24.107247, "datetime": "2020-06-20 04:39:56", "elapsed": 9724.864154}}
{"target": 10.525, "params": {"beta_rec": 0.010532637753691843, "gamma_cf": 0.24970517891210753, "cue_position": 4.0, "gamma_fc": 0.8660260349808683, "beta_enc": 0.026055603246378567}, "datetime": {"delta": 23.945678, "datetime": "2020-06-20 04:40:20", "elapsed": 9748.809832}}
{"target": 10.254166666666666, "params": {"beta_rec": 0.3206054160955103, "gamma_cf": 0.9638748488311197, "cue_position": 4.0, "gamma_fc": 0.5089288379836296, "beta_enc": 0.21492849376494405}, "datetime": {"delta": 24.319709, "datetime": "2020-06-20 04:40:45", "elapsed": 9773.129541}}
{"target": 10.429166666666667, "params": {"beta_rec": 0.09972400079514267, "gamma_cf": 0.8074416236441161, "cue_position": 4.0, "gamma_fc": 0.4565006850413533, "beta_enc": 0.04016872002878904}, "datetime": {"delta": 24.498142, "datetime": "2020-06-20 04:41:09", "elapsed": 9797.627683}}
{"target": 10.066666666666666, "params": {"beta_rec": 0.7938657485840033, "gamma_cf": 0.7816996292599159, "cue_position": 4.0, "gamma_fc": 0.9852650018511412, "beta_enc": 0.34322764909178205}, "datetime": {"delta": 23.793556, "datetime": "2020-06-20 04:41:33", "elapsed": 9821.421239}}
{"target": 10.429166666666667, "params": {"beta_rec": 0.4841131387760718, "gamma_cf": 0.9526905274513807, "cue_position": 4.0, "gamma_fc": 0.9421761641883313, "beta_enc": 0.04169898914124712}, "datetime": {"delta": 23.389962, "datetime": "2020-06-20 04:41:56", "elapsed": 9844.811201}}
{"target": 10.2625, "params": {"beta_rec": 0.748827289511717, "gamma_cf": 0.8379957394842759, "cue_position": 4.0, "gamma_fc": 0.8766376708009932, "beta_enc": 0.10633539442903006}, "datetime": {"delta": 23.824034, "datetime": "2020-06-20 04:42:20", "elapsed": 9868.635235}}
{"target": 9.8625, "params": {"beta_rec": 0.8054646667233301, "gamma_cf": 0.26514589857253557, "cue_position": 4.0, "gamma_fc": 0.8102219630346688, "beta_enc": 0.12144049111115718}, "datetime": {"delta": 23.677266, "datetime": "2020-06-20 04:42:44", "elapsed": 9892.312501}}
{"target": 10.066666666666666, "params": {"beta_rec": 0.9516777942067245, "gamma_cf": 0.5036189665003817, "cue_position": 4.0, "gamma_fc": 0.8226163106661305, "beta_enc": 0.2386596868850298}, "datetime": {"delta": 23.961424, "datetime": "2020-06-20 04:43:08", "elapsed": 9916.273925}}
