{"target": 5.745833333333334, "params": {"gamma_cf": 0.28749810204118764, "beta_enc": 0.9058084167065523, "beta_rec": 0.3181087523446168, "cue_position": 1.0, "gamma_fc": 0.9572253423743934}, "datetime": {"delta": 19.754466, "datetime": "2020-06-24 20:15:29", "elapsed": 10850.985241}}
{"target": 7.9, "params": {"gamma_cf": 0.26904238725191854, "beta_enc": 0.7023157547948075, "beta_rec": 0.6250155931933211, "cue_position": 1.0, "gamma_fc": 0.9236157463407607}, "datetime": {"delta": 23.745525, "datetime": "2020-06-24 20:15:53", "elapsed": 10874.730766}}
{"target": 7.995833333333334, "params": {"gamma_cf": 0.8339046774992332, "beta_enc": 0.6780829341239825, "beta_rec": 0.7713625072014619, "cue_position": 1.0, "gamma_fc": 0.6982817992918626}, "datetime": {"delta": 24.077278, "datetime": "2020-06-24 20:16:17", "elapsed": 10898.808044}}
{"target": 9.995833333333334, "params": {"gamma_cf": 0.9158787230673001, "beta_enc": 0.146608701776909, "beta_rec": 0.6124611286280749, "cue_position": 1.0, "gamma_fc": 0.19823229021015376}, "datetime": {"delta": 27.787778, "datetime": "2020-06-24 20:16:44", "elapsed": 10926.595822}}
{"target": 9.720833333333333, "params": {"gamma_cf": 0.5575878151711118, "beta_enc": 0.28571649537130284, "beta_rec": 0.04765470496967894, "cue_position": 1.0, "gamma_fc": 0.5735610825770953}, "datetime": {"delta": 26.900821, "datetime": "2020-06-24 20:17:11", "elapsed": 10953.496643}}
{"target": 3.7916666666666665, "params": {"gamma_cf": 0.8512376625014975, "beta_enc": 0.905377379959673, "beta_rec": 0.34741393280060506, "cue_position": 1.0, "gamma_fc": 0.5768293032320249}, "datetime": {"delta": 15.584391, "datetime": "2020-06-24 20:17:27", "elapsed": 10969.081034}}
{"target": 7.270833333333333, "params": {"gamma_cf": 0.6209523875804722, "beta_enc": 0.6539929348777337, "beta_rec": 0.27835933039431604, "cue_position": 1.0, "gamma_fc": 0.13339403014523998}, "datetime": {"delta": 22.258588, "datetime": "2020-06-24 20:17:49", "elapsed": 10991.339622}}
{"target": 8.591666666666667, "params": {"gamma_cf": 0.02402673463080851, "beta_enc": 0.03290871659253447, "beta_rec": 0.11341100113082614, "cue_position": 1.0, "gamma_fc": 0.6262089291372217}, "datetime": {"delta": 24.757214, "datetime": "2020-06-24 20:18:14", "elapsed": 11016.096836}}
{"target": 7.5125, "params": {"gamma_cf": 0.11582674670624904, "beta_enc": 0.09758261797608447, "beta_rec": 0.25096153771624574, "cue_position": 1.0, "gamma_fc": 0.2705519937974664}, "datetime": {"delta": 22.319057, "datetime": "2020-06-24 20:18:36", "elapsed": 11038.415893}}
{"target": 6.095833333333333, "params": {"gamma_cf": 0.3783538388352491, "beta_enc": 0.021079672835511265, "beta_rec": 0.9850455536104694, "cue_position": 1.0, "gamma_fc": 0.026528351110449155}, "datetime": {"delta": 19.614468, "datetime": "2020-06-24 20:18:56", "elapsed": 11058.030361}}
{"target": 8.995833333333334, "params": {"gamma_cf": 0.27850417183805665, "beta_enc": 0.3898387483749842, "beta_rec": 0.4525586263864343, "cue_position": 1.0, "gamma_fc": 0.6147818910832991}, "datetime": {"delta": 25.216387, "datetime": "2020-06-24 20:19:21", "elapsed": 11083.246748}}
{"target": 6.495833333333334, "params": {"gamma_cf": 0.7865007628599349, "beta_enc": 0.6651683545821934, "beta_rec": 0.18596096979633892, "cue_position": 1.0, "gamma_fc": 0.09657903442841353}, "datetime": {"delta": 20.550876, "datetime": "2020-06-24 20:19:42", "elapsed": 11103.797624}}
{"target": 6.85, "params": {"gamma_cf": 0.059528607140071355, "beta_enc": 0.6060352981689622, "beta_rec": 0.02605993268839324, "cue_position": 1.0, "gamma_fc": 0.4814004591490364}, "datetime": {"delta": 21.287195, "datetime": "2020-06-24 20:20:03", "elapsed": 11125.084819}}
{"target": 3.441666666666667, "params": {"gamma_cf": 0.8613524744830288, "beta_enc": 0.9257041086902309, "beta_rec": 0.4055573841390242, "cue_position": 1.0, "gamma_fc": 0.5192975854704402}, "datetime": {"delta": 14.984043, "datetime": "2020-06-24 20:20:18", "elapsed": 11140.068862}}
{"target": 8.033333333333333, "params": {"gamma_cf": 0.2600189719566923, "beta_enc": 0.3189358689174241, "beta_rec": 0.9630323387846756, "cue_position": 1.0, "gamma_fc": 0.20139185371372026}, "datetime": {"delta": 24.027504, "datetime": "2020-06-24 20:20:42", "elapsed": 11164.096366}}
{"target": 8.304166666666667, "params": {"gamma_cf": 0.5864294214642616, "beta_enc": 0.5889087033060773, "beta_rec": 0.8425182098415589, "cue_position": 1.0, "gamma_fc": 0.16224499947880777}, "datetime": {"delta": 24.348819, "datetime": "2020-06-24 20:21:06", "elapsed": 11188.445185}}
{"target": 9.241666666666667, "params": {"gamma_cf": 0.2659070410478275, "beta_enc": 0.19459373523814183, "beta_rec": 0.7613352159920956, "cue_position": 1.0, "gamma_fc": 0.6894948631776694}, "datetime": {"delta": 26.088885, "datetime": "2020-06-24 20:21:32", "elapsed": 11214.53407}}
{"target": 10.129166666666666, "params": {"gamma_cf": 0.3366231805122991, "beta_enc": 0.01508930763297911, "beta_rec": 0.03219440386857053, "cue_position": 1.0, "gamma_fc": 0.36221610553001116}, "datetime": {"delta": 27.677784, "datetime": "2020-06-24 20:22:00", "elapsed": 11242.211854}}
{"target": 4.858333333333333, "params": {"gamma_cf": 0.6382781332668243, "beta_enc": 0.8071905755135196, "beta_rec": 0.035980967658641894, "cue_position": 1.0, "gamma_fc": 0.14300410951832265}, "datetime": {"delta": 17.643977, "datetime": "2020-06-24 20:22:18", "elapsed": 11259.855831}}
{"target": 6.758333333333334, "params": {"gamma_cf": 0.2080974099989472, "beta_enc": 0.8577386145114406, "beta_rec": 0.6455644082734328, "cue_position": 1.0, "gamma_fc": 0.7454983307481646}, "datetime": {"delta": 21.555593, "datetime": "2020-06-24 20:22:39", "elapsed": 11281.411424}}
{"target": 8.883333333333333, "params": {"gamma_cf": 0.1374435496242309, "beta_enc": 0.40340662833417285, "beta_rec": 0.48447006094850675, "cue_position": 1.0, "gamma_fc": 0.9643727973861176}, "datetime": {"delta": 25.695672, "datetime": "2020-06-24 20:23:05", "elapsed": 11307.107096}}
{"target": 10.533333333333333, "params": {"gamma_cf": 0.8065850822605141, "beta_enc": 0.04262968179657989, "beta_rec": 0.09944025725488481, "cue_position": 1.0, "gamma_fc": 0.4558728073695024}, "datetime": {"delta": 28.841694, "datetime": "2020-06-24 20:23:34", "elapsed": 11335.94879}}
{"target": 7.745833333333334, "params": {"gamma_cf": 0.5208483405537891, "beta_enc": 0.6532511422613194, "beta_rec": 0.17432113751983724, "cue_position": 1.0, "gamma_fc": 0.7402936352802216}, "datetime": {"delta": 23.545736, "datetime": "2020-06-24 20:23:57", "elapsed": 11359.494526}}
{"target": 7.729166666666667, "params": {"gamma_cf": 0.2490900884519328, "beta_enc": 0.46247446521502844, "beta_rec": 0.8696140851211128, "cue_position": 1.0, "gamma_fc": 0.23490222080210488}, "datetime": {"delta": 23.219469, "datetime": "2020-06-24 20:24:21", "elapsed": 11382.713995}}
{"target": 9.670833333333333, "params": {"gamma_cf": 0.8619059993188329, "beta_enc": 0.3740467168670696, "beta_rec": 0.7566160562962172, "cue_position": 1.0, "gamma_fc": 0.26161079268292176}, "datetime": {"delta": 26.923103, "datetime": "2020-06-24 20:24:48", "elapsed": 11409.637098}}
{"target": 7.9125, "params": {"gamma_cf": 0.3892749454089657, "beta_enc": 0.4122789279785698, "beta_rec": 0.6115440994503215, "cue_position": 1.0, "gamma_fc": 0.10142077688127671}, "datetime": {"delta": 23.537669, "datetime": "2020-06-24 20:25:11", "elapsed": 11433.174767}}
{"target": 5.6875, "params": {"gamma_cf": 0.8634484403326346, "beta_enc": 0.7122448043972556, "beta_rec": 0.08813516392543386, "cue_position": 1.0, "gamma_fc": 0.7084507915153727}, "datetime": {"delta": 19.221084, "datetime": "2020-06-24 20:25:30", "elapsed": 11452.395851}}
{"target": 9.479166666666666, "params": {"gamma_cf": 0.7974959842933487, "beta_enc": 0.4864245738076861, "beta_rec": 0.6991465654129165, "cue_position": 1.0, "gamma_fc": 0.7864170822798477}, "datetime": {"delta": 26.435289, "datetime": "2020-06-24 20:25:57", "elapsed": 11478.83114}}
{"target": 9.220833333333333, "params": {"gamma_cf": 0.3641702986535258, "beta_enc": 0.15552858387362167, "beta_rec": 0.3178175503505978, "cue_position": 1.0, "gamma_fc": 0.5666455566878987}, "datetime": {"delta": 26.050304, "datetime": "2020-06-24 20:26:23", "elapsed": 11504.881444}}
{"target": 9.408333333333333, "params": {"gamma_cf": 0.4164625561731081, "beta_enc": 0.041687442520287776, "beta_rec": 0.6599697189638991, "cue_position": 1.0, "gamma_fc": 0.4508926565007}, "datetime": {"delta": 26.46384, "datetime": "2020-06-24 20:26:49", "elapsed": 11531.345284}}
{"target": 7.779166666666667, "params": {"gamma_cf": 0.0681300573940744, "beta_enc": 0.3487267695476459, "beta_rec": 0.38328031012801256, "cue_position": 1.0, "gamma_fc": 0.5512566489358516}, "datetime": {"delta": 22.967759, "datetime": "2020-06-24 20:27:12", "elapsed": 11554.313043}}
{"target": 7.916666666666667, "params": {"gamma_cf": 0.2863771315373824, "beta_enc": 0.5958669456166511, "beta_rec": 0.1454997892217088, "cue_position": 1.0, "gamma_fc": 0.8307513669044257}, "datetime": {"delta": 23.181097, "datetime": "2020-06-24 20:27:35", "elapsed": 11577.49414}}
{"target": 9.091666666666667, "params": {"gamma_cf": 0.3434200931086723, "beta_enc": 0.15342094116241234, "beta_rec": 0.5521388075534814, "cue_position": 1.0, "gamma_fc": 0.3506171893069536}, "datetime": {"delta": 25.671109, "datetime": "2020-06-24 20:28:01", "elapsed": 11603.165249}}
{"target": 10.283333333333333, "params": {"gamma_cf": 0.2595673963345846, "beta_enc": 0.0, "beta_rec": 0.0170928541382164, "cue_position": 1.0, "gamma_fc": 0.8806802755016777}, "datetime": {"delta": 47.05395, "datetime": "2020-06-24 20:28:48", "elapsed": 11650.219199}}
{"target": 10.1875, "params": {"gamma_cf": 0.23037442828663574, "beta_enc": 0.04123950231795114, "beta_rec": 0.036185615594305505, "cue_position": 1.0, "gamma_fc": 0.8354065785467842}, "datetime": {"delta": 47.335568, "datetime": "2020-06-24 20:29:35", "elapsed": 11697.554767}}
{"target": 10.283333333333333, "params": {"gamma_cf": 0.2644903467920538, "beta_enc": 0.034129994271240346, "beta_rec": 0.0328406731654185, "cue_position": 1.0, "gamma_fc": 0.8649611860299308}, "datetime": {"delta": 50.90098, "datetime": "2020-06-24 20:30:26", "elapsed": 11748.455747}}
{"target": 10.254166666666666, "params": {"gamma_cf": 0.6420324742932263, "beta_enc": 0.026662323243105995, "beta_rec": 0.8478785235618641, "cue_position": 1.0, "gamma_fc": 0.966068190767489}, "datetime": {"delta": 48.535754, "datetime": "2020-06-24 20:31:15", "elapsed": 11796.991501}}
{"target": 10.179166666666667, "params": {"gamma_cf": 0.2371547160877765, "beta_enc": 0.013284374249159625, "beta_rec": 0.009743898228034675, "cue_position": 1.0, "gamma_fc": 0.8051031730612722}, "datetime": {"delta": 48.285195, "datetime": "2020-06-24 20:32:03", "elapsed": 11845.276696}}
{"target": 10.25, "params": {"gamma_cf": 0.21879141251534898, "beta_enc": 0.0072094212986533, "beta_rec": 0.02626731541268695, "cue_position": 1.0, "gamma_fc": 0.8611556206637883}, "datetime": {"delta": 51.846413, "datetime": "2020-06-24 20:32:55", "elapsed": 11897.123109}}
{"target": 10.1125, "params": {"gamma_cf": 0.9188739495097749, "beta_enc": 0.021883866818565717, "beta_rec": 0.7525873823991468, "cue_position": 1.0, "gamma_fc": 0.2911528272216017}, "datetime": {"delta": 52.922735, "datetime": "2020-06-24 20:33:48", "elapsed": 11950.045844}}
{"target": 10.241666666666667, "params": {"gamma_cf": 0.8527902381864475, "beta_enc": 0.17113372726779927, "beta_rec": 0.5377686864515168, "cue_position": 1.0, "gamma_fc": 0.8589758572138515}, "datetime": {"delta": 57.823775, "datetime": "2020-06-24 20:34:46", "elapsed": 12007.869619}}
{"target": 10.079166666666667, "params": {"gamma_cf": 0.7386270669558668, "beta_enc": 0.04379713369466643, "beta_rec": 0.41220348172374355, "cue_position": 1.0, "gamma_fc": 0.8708972500899529}, "datetime": {"delta": 58.0486, "datetime": "2020-06-24 20:35:44", "elapsed": 12065.918219}}
{"target": 10.416666666666666, "params": {"gamma_cf": 0.8089895101163013, "beta_enc": 0.058797927218804204, "beta_rec": 0.5039127848193243, "cue_position": 1.0, "gamma_fc": 0.7938651506727097}, "datetime": {"delta": 53.04855, "datetime": "2020-06-24 20:36:37", "elapsed": 12118.966769}}
{"target": 10.183333333333334, "params": {"gamma_cf": 0.796432181882931, "beta_enc": 0.09007406965965183, "beta_rec": 0.11968076411059138, "cue_position": 1.0, "gamma_fc": 0.576275225855979}, "datetime": {"delta": 55.658917, "datetime": "2020-06-24 20:37:33", "elapsed": 12174.625686}}
{"target": 10.295833333333333, "params": {"gamma_cf": 0.8170536789221177, "beta_enc": 0.04109000893060336, "beta_rec": 0.14813638013701505, "cue_position": 1.0, "gamma_fc": 0.3704414188815383}, "datetime": {"delta": 52.137965, "datetime": "2020-06-24 20:38:25", "elapsed": 12226.763651}}
{"target": 10.391666666666667, "params": {"gamma_cf": 0.8649491546105886, "beta_enc": 0.0582714521229649, "beta_rec": 0.9500014013337076, "cue_position": 1.0, "gamma_fc": 0.6335180692027601}, "datetime": {"delta": 53.838197, "datetime": "2020-06-24 20:39:19", "elapsed": 12280.601848}}
{"target": 10.25, "params": {"gamma_cf": 0.9652575245994413, "beta_enc": 0.305958979917206, "beta_rec": 0.34687157447165384, "cue_position": 1.0, "gamma_fc": 0.20504973611539354}, "datetime": {"delta": 55.856225, "datetime": "2020-06-24 20:40:14", "elapsed": 12336.458073}}
{"target": 10.483333333333333, "params": {"gamma_cf": 0.24277325808462713, "beta_enc": 0.03618455301981538, "beta_rec": 0.0055208826416918155, "cue_position": 1.0, "gamma_fc": 0.8418107519250495}, "datetime": {"delta": 56.948796, "datetime": "2020-06-24 20:41:11", "elapsed": 12393.406869}}
{"target": 10.2125, "params": {"gamma_cf": 0.45181383674761055, "beta_enc": 0.057573753303048224, "beta_rec": 0.046828051689412155, "cue_position": 1.0, "gamma_fc": 0.6672544335103333}, "datetime": {"delta": 58.902718, "datetime": "2020-06-24 20:42:10", "elapsed": 12452.309587}}
{"target": 10.2625, "params": {"gamma_cf": 0.7406947286647665, "beta_enc": 0.024485116517787273, "beta_rec": 0.04937147311439533, "cue_position": 1.0, "gamma_fc": 0.45111482774531}, "datetime": {"delta": 57.036095, "datetime": "2020-06-24 20:43:07", "elapsed": 12509.345682}}
{"target": 10.204166666666667, "params": {"gamma_cf": 0.5879210217706469, "beta_enc": 0.06931886523705348, "beta_rec": 0.9565041231730615, "cue_position": 1.0, "gamma_fc": 0.8977816071476479}, "datetime": {"delta": 57.39948, "datetime": "2020-06-24 20:44:05", "elapsed": 12566.745162}}
{"target": 0.0, "params": {"gamma_cf": 0.5124078444887298, "beta_enc": 0.0903184583527203, "beta_rec": 0.8868842919248233, "cue_position": 1.0, "gamma_fc": 1.0}, "datetime": {"delta": 35.047415, "datetime": "2020-06-24 20:44:40", "elapsed": 12601.792577}}
{"target": 10.208333333333334, "params": {"gamma_cf": 0.5578241331711222, "beta_enc": 0.0, "beta_rec": 0.9160103805248567, "cue_position": 1.0, "gamma_fc": 0.9548536761051498}, "datetime": {"delta": 77.100499, "datetime": "2020-06-24 20:45:57", "elapsed": 12678.893076}}
{"target": 10.2125, "params": {"gamma_cf": 0.5952241046016578, "beta_enc": 0.04233679575812069, "beta_rec": 0.9102484797909906, "cue_position": 1.0, "gamma_fc": 0.9454092669468056}, "datetime": {"delta": 71.40217, "datetime": "2020-06-24 20:47:08", "elapsed": 12750.295246}}
{"target": 10.166666666666666, "params": {"gamma_cf": 0.5625879726435052, "beta_enc": 0.049157904780092736, "beta_rec": 0.9394299009844799, "cue_position": 1.0, "gamma_fc": 0.9674544961071326}, "datetime": {"delta": 71.533957, "datetime": "2020-06-24 20:48:20", "elapsed": 12821.829203}}
{"target": 10.2625, "params": {"gamma_cf": 0.5435680544897972, "beta_enc": 0.04797419898012656, "beta_rec": 0.9293616634460087, "cue_position": 1.0, "gamma_fc": 0.9303050635302977}, "datetime": {"delta": 85.666701, "datetime": "2020-06-24 20:49:45", "elapsed": 12907.495904}}
{"target": 10.266666666666667, "params": {"gamma_cf": 0.6112575640947269, "beta_enc": 0.11918028766685956, "beta_rec": 0.9528835969701758, "cue_position": 1.0, "gamma_fc": 0.8437227955253515}, "datetime": {"delta": 88.509935, "datetime": "2020-06-24 20:51:14", "elapsed": 12996.005839}}
{"target": 10.25, "params": {"gamma_cf": 0.8776216150978887, "beta_enc": 0.08877946372478977, "beta_rec": 0.9313100239859037, "cue_position": 1.0, "gamma_fc": 0.7229884548161384}, "datetime": {"delta": 90.28194, "datetime": "2020-06-24 20:52:44", "elapsed": 13086.287779}}
{"target": 10.345833333333333, "params": {"gamma_cf": 0.5691621586811836, "beta_enc": 0.05795856462570881, "beta_rec": 0.9105094727914403, "cue_position": 1.0, "gamma_fc": 0.949344796616527}, "datetime": {"delta": 82.339482, "datetime": "2020-06-24 20:54:07", "elapsed": 13168.627261}}
{"target": 10.333333333333334, "params": {"gamma_cf": 0.7366443603917957, "beta_enc": 0.024320042361130147, "beta_rec": 0.8245564695268593, "cue_position": 1.0, "gamma_fc": 0.9371750981902865}, "datetime": {"delta": 71.007187, "datetime": "2020-06-24 20:55:18", "elapsed": 13239.634448}}
{"target": 10.354166666666666, "params": {"gamma_cf": 0.780732675221853, "beta_enc": 0.07572614195451355, "beta_rec": 0.11762412337212812, "cue_position": 1.0, "gamma_fc": 0.4493576578396522}, "datetime": {"delta": 71.6389, "datetime": "2020-06-24 20:56:29", "elapsed": 13311.273348}}
{"target": 10.375, "params": {"gamma_cf": 0.8038132947839451, "beta_enc": 0.11879460760736706, "beta_rec": 0.45160695479462815, "cue_position": 1.0, "gamma_fc": 0.8386277029796406}, "datetime": {"delta": 81.601106, "datetime": "2020-06-24 20:57:51", "elapsed": 13392.874454}}
{"target": 10.333333333333334, "params": {"gamma_cf": 0.8879682272751824, "beta_enc": 0.12433958873444284, "beta_rec": 0.4130533627267256, "cue_position": 1.0, "gamma_fc": 0.48264047875180066}, "datetime": {"delta": 87.643859, "datetime": "2020-06-24 20:59:18", "elapsed": 13480.518313}}
{"target": 10.2875, "params": {"gamma_cf": 0.9300889200793027, "beta_enc": 0.23413921191930623, "beta_rec": 0.23106030432781505, "cue_position": 1.0, "gamma_fc": 0.18209923541904788}, "datetime": {"delta": 89.071527, "datetime": "2020-06-24 21:00:47", "elapsed": 13569.58984}}
{"target": 10.341666666666667, "params": {"gamma_cf": 0.7486453534863439, "beta_enc": 0.09009523070522346, "beta_rec": 0.504512591323494, "cue_position": 1.0, "gamma_fc": 0.820455075965839}, "datetime": {"delta": 79.176994, "datetime": "2020-06-24 21:02:07", "elapsed": 13648.766834}}
{"target": 10.275, "params": {"gamma_cf": 0.8074596532940739, "beta_enc": 0.06731907702849663, "beta_rec": 0.4891784692431038, "cue_position": 1.0, "gamma_fc": 0.862872324689523}, "datetime": {"delta": 70.245244, "datetime": "2020-06-24 21:03:17", "elapsed": 13719.012078}}
{"target": 10.525, "params": {"gamma_cf": 0.7704998660468598, "beta_enc": 0.07242657391304763, "beta_rec": 0.4502156166201024, "cue_position": 1.0, "gamma_fc": 0.8104361931897983}, "datetime": {"delta": 71.546542, "datetime": "2020-06-24 21:04:28", "elapsed": 13790.55862}}
{"target": 10.583333333333334, "params": {"gamma_cf": 0.556461071780517, "beta_enc": 0.02720317421200824, "beta_rec": 0.903316401988618, "cue_position": 1.0, "gamma_fc": 0.9484238805668492}, "datetime": {"delta": 83.391226, "datetime": "2020-06-24 21:05:52", "elapsed": 13873.949846}}
{"target": 9.991666666666667, "params": {"gamma_cf": 0.7504608494691752, "beta_enc": 0.15382790911294114, "beta_rec": 0.1253941046604512, "cue_position": 1.0, "gamma_fc": 0.20886021725279724}, "datetime": {"delta": 87.99947, "datetime": "2020-06-24 21:07:20", "elapsed": 13961.949316}}
{"target": 9.445833333333333, "params": {"gamma_cf": 0.30006786110748246, "beta_enc": 0.20603053433881077, "beta_rec": 0.7171643433918462, "cue_position": 1.0, "gamma_fc": 0.8734187871805943}, "datetime": {"delta": 89.234143, "datetime": "2020-06-24 21:08:49", "elapsed": 14051.183459}}
{"target": 10.35, "params": {"gamma_cf": 0.9387281718491456, "beta_enc": 0.03742332594759519, "beta_rec": 0.9610785209126392, "cue_position": 1.0, "gamma_fc": 0.6352511273341093}, "datetime": {"delta": 83.483782, "datetime": "2020-06-24 21:10:13", "elapsed": 14134.667241}}
{"target": 10.35, "params": {"gamma_cf": 0.8825540553521931, "beta_enc": 0.09653636424967166, "beta_rec": 0.41882685763291494, "cue_position": 1.0, "gamma_fc": 0.2327625564863074}, "datetime": {"delta": 71.072847, "datetime": "2020-06-24 21:11:24", "elapsed": 14205.740088}}
{"target": 10.316666666666666, "params": {"gamma_cf": 0.2493060397652913, "beta_enc": 0.009111455635119614, "beta_rec": 0.03377447028930525, "cue_position": 1.0, "gamma_fc": 0.8446993585528676}, "datetime": {"delta": 70.588128, "datetime": "2020-06-24 21:12:34", "elapsed": 14276.328216}}
{"target": 10.454166666666667, "params": {"gamma_cf": 0.9001782542150457, "beta_enc": 0.17698932311261922, "beta_rec": 0.6287439563379676, "cue_position": 1.0, "gamma_fc": 0.740830073037384}, "datetime": {"delta": 82.229018, "datetime": "2020-06-24 21:13:56", "elapsed": 14358.557234}}
{"target": 10.483333333333333, "params": {"gamma_cf": 0.24135171409600487, "beta_enc": 0.029698669615541795, "beta_rec": 0.018908676112225686, "cue_position": 1.0, "gamma_fc": 0.8657524587955167}, "datetime": {"delta": 92.929763, "datetime": "2020-06-24 21:15:29", "elapsed": 14451.486997}}
{"target": 10.191666666666666, "params": {"gamma_cf": 0.5441923607502825, "beta_enc": 0.03423068997502687, "beta_rec": 0.9239112882922245, "cue_position": 1.0, "gamma_fc": 0.9532733668760403}, "datetime": {"delta": 92.889361, "datetime": "2020-06-24 21:17:02", "elapsed": 14544.376358}}
{"target": 10.233333333333333, "params": {"gamma_cf": 0.562644801595477, "beta_enc": 0.08373737910234202, "beta_rec": 0.955802652786111, "cue_position": 1.0, "gamma_fc": 0.8569994998537955}, "datetime": {"delta": 88.167357, "datetime": "2020-06-24 21:18:30", "elapsed": 14632.543715}}
