{"target": 8.516666666666667, "params": {"cue_position": 8.0, "beta_rec": 0.7986042447602102, "gamma_fc": 0.593432449464621, "gamma_cf": 0.02760601195450363, "beta_enc": 0.21196016464367595}, "datetime": {"delta": 8.666637, "elapsed": 643.742281, "datetime": "2020-06-21 18:16:49"}}
{"target": 7.679166666666666, "params": {"cue_position": 8.0, "beta_rec": 0.3810161240622142, "gamma_fc": 0.5409518049621886, "gamma_cf": 0.5111414782971282, "beta_enc": 0.8438404289311888}, "datetime": {"delta": 8.123887, "elapsed": 651.866168, "datetime": "2020-06-21 18:16:57"}}
{"target": 6.204166666666667, "params": {"cue_position": 8.0, "beta_rec": 0.8039608914986468, "gamma_fc": 0.46500148156350607, "gamma_cf": 0.7093872512312951, "beta_enc": 0.9594343210617524}, "datetime": {"delta": 7.241187, "elapsed": 659.107355, "datetime": "2020-06-21 18:17:04"}}
{"target": 6.683333333333334, "params": {"cue_position": 8.0, "beta_rec": 0.2214327343234883, "gamma_fc": 0.42861882866378653, "gamma_cf": 0.081473964877262, "beta_enc": 0.9475489413950998}, "datetime": {"delta": 7.553382, "elapsed": 666.660737, "datetime": "2020-06-21 18:17:11"}}
{"target": 7.791666666666667, "params": {"cue_position": 8.0, "beta_rec": 0.6337867606119179, "gamma_fc": 0.7662113810757705, "gamma_cf": 0.6968004961201785, "beta_enc": 0.10901876401906829}, "datetime": {"delta": 8.201835, "elapsed": 674.862572, "datetime": "2020-06-21 18:17:20"}}
{"target": 8.291666666666666, "params": {"cue_position": 8.0, "beta_rec": 0.8458514830276777, "gamma_fc": 0.6264961586242938, "gamma_cf": 0.8240098704123188, "beta_enc": 0.3424541198435198}, "datetime": {"delta": 8.540442, "elapsed": 683.403014, "datetime": "2020-06-21 18:17:28"}}
{"target": 8.5, "params": {"cue_position": 8.0, "beta_rec": 0.07838689985494796, "gamma_fc": 0.4585838137084318, "gamma_cf": 0.06672499763935646, "beta_enc": 0.1434230486702449}, "datetime": {"delta": 8.677705, "elapsed": 692.080719, "datetime": "2020-06-21 18:17:37"}}
{"target": 8.141666666666667, "params": {"cue_position": 8.0, "beta_rec": 0.027783348848669953, "gamma_fc": 0.7469384956075251, "gamma_cf": 0.3948504804606394, "beta_enc": 0.11334192276759048}, "datetime": {"delta": 8.445221, "elapsed": 700.52594, "datetime": "2020-06-21 18:17:45"}}
{"target": 7.7125, "params": {"cue_position": 8.0, "beta_rec": 0.4500867470007611, "gamma_fc": 0.8031633421141696, "gamma_cf": 0.47400392656219403, "beta_enc": 0.45240482674645155}, "datetime": {"delta": 8.143452, "elapsed": 708.669392, "datetime": "2020-06-21 18:17:53"}}
{"target": 10.3125, "params": {"cue_position": 8.0, "beta_rec": 0.904686160343623, "gamma_fc": 0.12564138113773882, "gamma_cf": 0.7738743427204187, "beta_enc": 0.40239251985773583}, "datetime": {"delta": 9.915275, "elapsed": 718.584667, "datetime": "2020-06-21 18:18:03"}}
{"target": 7.870833333333334, "params": {"cue_position": 8.0, "beta_rec": 0.010364261335231939, "gamma_fc": 0.9511937854902045, "gamma_cf": 0.0030179566195963625, "beta_enc": 0.6185135669120855}, "datetime": {"delta": 8.263614, "elapsed": 726.848281, "datetime": "2020-06-21 18:18:12"}}
{"target": 6.3, "params": {"cue_position": 8.0, "beta_rec": 0.7959669419422694, "gamma_fc": 0.15773006987053328, "gamma_cf": 0.14555823115839706, "beta_enc": 0.905402033702778}, "datetime": {"delta": 7.201104, "elapsed": 734.049385, "datetime": "2020-06-21 18:18:19"}}
{"target": 7.845833333333333, "params": {"cue_position": 8.0, "beta_rec": 0.6224959022999211, "gamma_fc": 0.7111224587658159, "gamma_cf": 0.9899551783590737, "beta_enc": 0.187631672902434}, "datetime": {"delta": 8.2386, "elapsed": 742.287985, "datetime": "2020-06-21 18:18:27"}}
{"target": 7.375, "params": {"cue_position": 8.0, "beta_rec": 0.9092932045442544, "gamma_fc": 0.17343017078712286, "gamma_cf": 0.24985068022503676, "beta_enc": 0.7318004091422953}, "datetime": {"delta": 7.91793, "elapsed": 750.205915, "datetime": "2020-06-21 18:18:35"}}
{"target": 8.270833333333334, "params": {"cue_position": 8.0, "beta_rec": 0.8126105880328287, "gamma_fc": 0.8190891786335308, "gamma_cf": 0.2642974827269007, "beta_enc": 0.119457050333729}, "datetime": {"delta": 8.539988, "elapsed": 758.745903, "datetime": "2020-06-21 18:18:44"}}
{"target": 9.170833333333333, "params": {"cue_position": 8.0, "beta_rec": 0.9824174492929428, "gamma_fc": 0.31446701118584963, "gamma_cf": 0.5336533449712114, "beta_enc": 0.31058725179421}, "datetime": {"delta": 9.153575, "elapsed": 767.899478, "datetime": "2020-06-21 18:18:53"}}
{"target": 6.879166666666666, "params": {"cue_position": 8.0, "beta_rec": 0.36655664385123443, "gamma_fc": 0.9388864773697133, "gamma_cf": 0.5122926922783614, "beta_enc": 0.9107728311738374}, "datetime": {"delta": 7.593162, "elapsed": 775.49264, "datetime": "2020-06-21 18:19:00"}}
{"target": 7.020833333333333, "params": {"cue_position": 8.0, "beta_rec": 0.7168786636316892, "gamma_fc": 0.5220512472525107, "gamma_cf": 0.027287223517468817, "beta_enc": 0.030949006271150714}, "datetime": {"delta": 7.680161, "elapsed": 783.172801, "datetime": "2020-06-21 18:19:08"}}
{"target": 8.641666666666667, "params": {"cue_position": 8.0, "beta_rec": 0.8594893208655858, "gamma_fc": 0.45285349995153745, "gamma_cf": 0.6902278681627478, "beta_enc": 0.3259898117700253}, "datetime": {"delta": 8.746797, "elapsed": 791.919598, "datetime": "2020-06-21 18:19:17"}}
{"target": 8.779166666666667, "params": {"cue_position": 8.0, "beta_rec": 0.2900968516874258, "gamma_fc": 0.3114442141324628, "gamma_cf": 0.5767559349870908, "beta_enc": 0.6283090375213571}, "datetime": {"delta": 8.8292, "elapsed": 800.748798, "datetime": "2020-06-21 18:19:26"}}
{"target": 8.058333333333334, "params": {"cue_position": 8.0, "beta_rec": 0.9164058530538978, "gamma_fc": 0.37129376127905445, "gamma_cf": 0.2473960366023854, "beta_enc": 0.5172675985011298}, "datetime": {"delta": 8.342077, "elapsed": 809.090875, "datetime": "2020-06-21 18:19:34"}}
{"target": 8.316666666666666, "params": {"cue_position": 8.0, "beta_rec": 0.9368683813090937, "gamma_fc": 0.22790028995131695, "gamma_cf": 0.9202065143056605, "beta_enc": 0.9318611166365406}, "datetime": {"delta": 8.545854, "elapsed": 817.636729, "datetime": "2020-06-21 18:19:42"}}
{"target": 8.325, "params": {"cue_position": 8.0, "beta_rec": 0.22730973628468876, "gamma_fc": 0.6070941619724605, "gamma_cf": 0.17476587635631158, "beta_enc": 0.08748220955359087}, "datetime": {"delta": 8.533807, "elapsed": 826.170536, "datetime": "2020-06-21 18:19:51"}}
{"target": 9.3125, "params": {"cue_position": 8.0, "beta_rec": 0.8163515118272141, "gamma_fc": 0.24035562484913886, "gamma_cf": 0.7018765297563104, "beta_enc": 0.41358641500116133}, "datetime": {"delta": 9.192675, "elapsed": 835.363211, "datetime": "2020-06-21 18:20:00"}}
{"target": 8.316666666666666, "params": {"cue_position": 8.0, "beta_rec": 0.34898759722078887, "gamma_fc": 0.6641025553547935, "gamma_cf": 0.22881367096037586, "beta_enc": 0.5742190888408597}, "datetime": {"delta": 8.53078, "elapsed": 843.893991, "datetime": "2020-06-21 18:20:09"}}
{"target": 7.120833333333334, "params": {"cue_position": 8.0, "beta_rec": 0.5190159840736788, "gamma_fc": 0.99675342520821, "gamma_cf": 0.5707158515462564, "beta_enc": 0.4972500933605313}, "datetime": {"delta": 7.697459, "elapsed": 851.59145, "datetime": "2020-06-21 18:20:16"}}
{"target": 6.666666666666667, "params": {"cue_position": 8.0, "beta_rec": 0.5943726238309778, "gamma_fc": 0.5956079336026455, "gamma_cf": 0.9015625846693213, "beta_enc": 0.8168351087916219}, "datetime": {"delta": 7.404205, "elapsed": 858.995655, "datetime": "2020-06-21 18:20:24"}}
{"target": 8.041666666666666, "params": {"cue_position": 8.0, "beta_rec": 0.09357709581748075, "gamma_fc": 0.37543483316785775, "gamma_cf": 0.4517331486914753, "beta_enc": 0.032426325314457105}, "datetime": {"delta": 8.32131, "elapsed": 867.316965, "datetime": "2020-06-21 18:20:32"}}
{"target": 4.641666666666667, "params": {"cue_position": 8.0, "beta_rec": 0.1679832931996149, "gamma_fc": 0.8242378396244978, "gamma_cf": 0.7674748688630131, "beta_enc": 0.9753500342702865}, "datetime": {"delta": 6.018386, "elapsed": 873.335351, "datetime": "2020-06-21 18:20:38"}}
{"target": 7.4875, "params": {"cue_position": 8.0, "beta_rec": 0.668732770206732, "gamma_fc": 0.3530060855418248, "gamma_cf": 0.013136356923072245, "beta_enc": 0.6326158167779973}, "datetime": {"delta": 7.984099, "elapsed": 881.31945, "datetime": "2020-06-21 18:20:46"}}
{"target": 8.916666666666666, "params": {"cue_position": 8.0, "beta_rec": 0.7300912110901043, "gamma_fc": 0.13766274094560316, "gamma_cf": 0.4574049160894317, "beta_enc": 0.49207180149355845}, "datetime": {"delta": 8.912852, "elapsed": 890.232302, "datetime": "2020-06-21 18:20:55"}}
{"target": 8.029166666666667, "params": {"cue_position": 8.0, "beta_rec": 0.7582782604769962, "gamma_fc": 0.220234226159156, "gamma_cf": 0.9843834501935107, "beta_enc": 0.01088873380347899}, "datetime": {"delta": 8.30684, "elapsed": 898.539142, "datetime": "2020-06-21 18:21:03"}}
{"target": 9.345833333333333, "params": {"cue_position": 8.0, "beta_rec": 0.5238961356661317, "gamma_fc": 0.12482254311167629, "gamma_cf": 0.46385778390029564, "beta_enc": 0.33870802548167966}, "datetime": {"delta": 9.204515, "elapsed": 907.743657, "datetime": "2020-06-21 18:21:13"}}
{"target": 9.383333333333333, "params": {"cue_position": 8.0, "beta_rec": 0.5045191697009946, "gamma_fc": 0.13033578095435427, "gamma_cf": 0.7701499563120922, "beta_enc": 0.3125013784920495}, "datetime": {"delta": 9.240272, "elapsed": 916.983929, "datetime": "2020-06-21 18:21:22"}}
{"target": 7.408333333333333, "params": {"cue_position": 8.0, "beta_rec": 0.5190823222119895, "gamma_fc": 0.6724698446537339, "gamma_cf": 0.012603767029876312, "beta_enc": 0.022915131322381765}, "datetime": {"delta": 7.915603, "elapsed": 924.899532, "datetime": "2020-06-21 18:21:30"}}
{"target": 8.3375, "params": {"cue_position": 8.0, "beta_rec": 0.44924675358663757, "gamma_fc": 0.005239837651465851, "gamma_cf": 0.6443610847569929, "beta_enc": 0.6868082266569918}, "datetime": {"delta": 8.570235, "elapsed": 933.469767, "datetime": "2020-06-21 18:21:38"}}
{"target": 7.754166666666666, "params": {"cue_position": 8.0, "beta_rec": 0.8593178060976, "gamma_fc": 0.6736984238986317, "gamma_cf": 0.6491541971124779, "beta_enc": 0.4844284455143756}, "datetime": {"delta": 8.121257, "elapsed": 941.591024, "datetime": "2020-06-21 18:21:46"}}
{"target": 8.9125, "params": {"cue_position": 8.0, "beta_rec": 0.27411977516685215, "gamma_fc": 0.35242963021640883, "gamma_cf": 0.6717297848174203, "beta_enc": 0.5784995797892005}, "datetime": {"delta": 8.966013, "elapsed": 950.557037, "datetime": "2020-06-21 18:21:55"}}
{"target": 7.883333333333334, "params": {"cue_position": 8.0, "beta_rec": 0.1950374860087073, "gamma_fc": 0.773799287244182, "gamma_cf": 0.2896027461868774, "beta_enc": 0.8558283672539277}, "datetime": {"delta": 8.283984, "elapsed": 958.841021, "datetime": "2020-06-21 18:22:04"}}
{"target": 8.229166666666666, "params": {"cue_position": 8.0, "beta_rec": 0.8076984091122095, "gamma_fc": 0.7672845084217665, "gamma_cf": 0.21369323762958115, "beta_enc": 0.4277373293360762}, "datetime": {"delta": 8.484554, "elapsed": 967.325575, "datetime": "2020-06-21 18:22:12"}}
{"target": 8.033333333333333, "params": {"cue_position": 8.0, "beta_rec": 0.7332450677264275, "gamma_fc": 0.21411213682064845, "gamma_cf": 0.22139670090820107, "beta_enc": 0.3086419476306511}, "datetime": {"delta": 8.36467, "elapsed": 975.690245, "datetime": "2020-06-21 18:22:21"}}
{"target": 7.841666666666667, "params": {"cue_position": 8.0, "beta_rec": 0.14251833776584466, "gamma_fc": 0.11092036903424063, "gamma_cf": 0.026627884691621473, "beta_enc": 0.1989479234270667}, "datetime": {"delta": 8.239188, "elapsed": 983.929433, "datetime": "2020-06-21 18:22:29"}}
{"target": 7.470833333333333, "params": {"cue_position": 8.0, "beta_rec": 0.7997765368973863, "gamma_fc": 0.20762566180381437, "gamma_cf": 0.23170231048579204, "beta_enc": 0.6745640237634105}, "datetime": {"delta": 7.986143, "elapsed": 991.915576, "datetime": "2020-06-21 18:22:37"}}
{"target": 7.645833333333333, "params": {"cue_position": 8.0, "beta_rec": 0.7113145181364867, "gamma_fc": 0.8348540476317985, "gamma_cf": 0.30451798792062024, "beta_enc": 0.9173335630816306}, "datetime": {"delta": 8.066774, "elapsed": 999.98235, "datetime": "2020-06-21 18:22:45"}}
{"target": 8.933333333333334, "params": {"cue_position": 8.0, "beta_rec": 0.9234562151187752, "gamma_fc": 0.1262101037493587, "gamma_cf": 0.47803130796528337, "beta_enc": 0.43530595762951996}, "datetime": {"delta": 8.929829, "elapsed": 1008.912179, "datetime": "2020-06-21 18:22:54"}}
{"target": 6.370833333333334, "params": {"cue_position": 8.0, "beta_rec": 0.15983365034409336, "gamma_fc": 0.40420190577514725, "gamma_cf": 0.43118175516037094, "beta_enc": 0.9760435504677476}, "datetime": {"delta": 7.210123, "elapsed": 1016.122302, "datetime": "2020-06-21 18:23:01"}}
{"target": 7.816666666666666, "params": {"cue_position": 8.0, "beta_rec": 0.7293189193611234, "gamma_fc": 0.7543059505762987, "gamma_cf": 0.6438956443116628, "beta_enc": 0.14675148076429412}, "datetime": {"delta": 8.183907, "elapsed": 1024.306209, "datetime": "2020-06-21 18:23:09"}}
{"target": 8.195833333333333, "params": {"cue_position": 8.0, "beta_rec": 0.60095424810764, "gamma_fc": 0.5971273029466491, "gamma_cf": 0.6382187106203334, "beta_enc": 0.21073239208332073}, "datetime": {"delta": 8.440008, "elapsed": 1032.746217, "datetime": "2020-06-21 18:23:18"}}
{"target": 7.775, "params": {"cue_position": 8.0, "beta_rec": 0.7316064712415088, "gamma_fc": 0.7821818168314053, "gamma_cf": 0.42556139026154693, "beta_enc": 0.29548228565549706}, "datetime": {"delta": 8.142811, "elapsed": 1040.889028, "datetime": "2020-06-21 18:23:26"}}
{"target": 8.079166666666667, "params": {"cue_position": 8.0, "beta_rec": 0.8352716024899659, "gamma_fc": 0.30008104592535645, "gamma_cf": 0.3950968688899732, "beta_enc": 0.056141039661915304}, "datetime": {"delta": 8.358781, "elapsed": 1049.247809, "datetime": "2020-06-21 18:23:34"}}
{"target": 8.320833333333333, "params": {"cue_position": 8.0, "beta_rec": 0.9046310029362429, "gamma_fc": 0.49411626589632507, "gamma_cf": 0.5306974384761395, "beta_enc": 0.08010364380604929}, "datetime": {"delta": 8.539148, "elapsed": 1057.786957, "datetime": "2020-06-21 18:23:43"}}
{"target": 8.341666666666667, "params": {"cue_position": 8.0, "beta_rec": 0.20645405888943302, "gamma_fc": 0.2615495518329871, "gamma_cf": 0.5079216999452875, "beta_enc": 0.13216114194293815}, "datetime": {"delta": 8.608987, "elapsed": 1066.395944, "datetime": "2020-06-21 18:23:51"}}
{"target": 8.9375, "params": {"cue_position": 8.0, "beta_rec": 0.10806532869723684, "gamma_fc": 0.9857088237131878, "gamma_cf": 0.1065838767888011, "beta_enc": 0.3570616088827919}, "datetime": {"delta": 8.925459, "elapsed": 1075.321403, "datetime": "2020-06-21 18:24:00"}}
{"target": 9.004166666666666, "params": {"cue_position": 8.0, "beta_rec": 0.5724051124346493, "gamma_fc": 0.18960594781829654, "gamma_cf": 0.7871162896558341, "beta_enc": 0.17716116443841734}, "datetime": {"delta": 8.971085, "elapsed": 1084.292488, "datetime": "2020-06-21 18:24:09"}}
{"target": 8.8, "params": {"cue_position": 8.0, "beta_rec": 0.7400775431590716, "gamma_fc": 0.2166172083287794, "gamma_cf": 0.5510871741869717, "beta_enc": 0.5279039784081266}, "datetime": {"delta": 8.827313, "elapsed": 1093.119801, "datetime": "2020-06-21 18:24:18"}}
{"target": 8.208333333333334, "params": {"cue_position": 8.0, "beta_rec": 0.7229151935562137, "gamma_fc": 0.019775099516344263, "gamma_cf": 0.8619665576670734, "beta_enc": 0.7591960493171447}, "datetime": {"delta": 8.422307, "elapsed": 1101.542108, "datetime": "2020-06-21 18:24:26"}}
{"target": 6.745833333333334, "params": {"cue_position": 8.0, "beta_rec": 0.5589038111609383, "gamma_fc": 0.7169290016924699, "gamma_cf": 0.7587469310223366, "beta_enc": 0.8602369974231152}, "datetime": {"delta": 7.462561, "elapsed": 1109.004669, "datetime": "2020-06-21 18:24:34"}}
{"target": 2.875, "params": {"cue_position": 8.0, "beta_rec": 0.2780850486129828, "gamma_fc": 0.8578971045378938, "gamma_cf": 0.9339026083148878, "beta_enc": 0.9873261748084265}, "datetime": {"delta": 4.826602, "elapsed": 1113.831271, "datetime": "2020-06-21 18:24:39"}}
{"target": 8.158333333333333, "params": {"cue_position": 8.0, "beta_rec": 0.5166887829215384, "gamma_fc": 0.3748759435368594, "gamma_cf": 0.7805295568767427, "beta_enc": 0.7288508775192559}, "datetime": {"delta": 8.409131, "elapsed": 1122.240402, "datetime": "2020-06-21 18:24:47"}}
{"target": 7.55, "params": {"cue_position": 8.0, "beta_rec": 0.7506243191751754, "gamma_fc": 0.6973080192643409, "gamma_cf": 0.4018659239678374, "beta_enc": 0.7703225253299576}, "datetime": {"delta": 8.003125, "elapsed": 1130.243527, "datetime": "2020-06-21 18:24:55"}}
{"target": 6.566666666666666, "params": {"cue_position": 8.0, "beta_rec": 0.7748966467245978, "gamma_fc": 0.12076718430922972, "gamma_cf": 0.23931570743750463, "beta_enc": 0.0031128578251921057}, "datetime": {"delta": 7.348271, "elapsed": 1137.591798, "datetime": "2020-06-21 18:25:02"}}
{"target": 8.475, "params": {"cue_position": 8.0, "beta_rec": 0.3020967312900983, "gamma_fc": 0.2867116496064306, "gamma_cf": 0.5431664302380945, "beta_enc": 0.2202839877937276}, "datetime": {"delta": 8.652063, "elapsed": 1146.243861, "datetime": "2020-06-21 18:25:11"}}
{"target": 8.245833333333334, "params": {"cue_position": 8.0, "beta_rec": 0.29014446310454167, "gamma_fc": 0.45736018169099846, "gamma_cf": 0.3241385298974466, "beta_enc": 0.13835468979294652}, "datetime": {"delta": 8.50919, "elapsed": 1154.753051, "datetime": "2020-06-21 18:25:20"}}
{"target": 8.120833333333334, "params": {"cue_position": 8.0, "beta_rec": 0.8281353607315121, "gamma_fc": 0.6749716048091052, "gamma_cf": 0.3456988211755023, "beta_enc": 0.44411710701661444}, "datetime": {"delta": 8.418921, "elapsed": 1163.171972, "datetime": "2020-06-21 18:25:28"}}
{"target": 7.783333333333333, "params": {"cue_position": 8.0, "beta_rec": 0.4672458239265538, "gamma_fc": 0.8773604746948126, "gamma_cf": 0.6268556021628346, "beta_enc": 0.22148205573352875}, "datetime": {"delta": 8.175685, "elapsed": 1171.347657, "datetime": "2020-06-21 18:25:36"}}
{"target": 9.666666666666666, "params": {"cue_position": 8.0, "beta_rec": 0.7844574187919231, "gamma_fc": 0.13184097502750214, "gamma_cf": 0.6562293317171314, "beta_enc": 0.4476890001456285}, "datetime": {"delta": 9.473203, "elapsed": 1180.82086, "datetime": "2020-06-21 18:25:46"}}
{"target": 8.45, "params": {"cue_position": 8.0, "beta_rec": 0.9093119886549367, "gamma_fc": 0.5047006080958943, "gamma_cf": 0.7667745872371021, "beta_enc": 0.43298150696764814}, "datetime": {"delta": 8.645995, "elapsed": 1189.466855, "datetime": "2020-06-21 18:25:54"}}
{"target": 6.766666666666667, "params": {"cue_position": 8.0, "beta_rec": 0.8428998401928499, "gamma_fc": 0.9427625754329493, "gamma_cf": 0.5732722715496846, "beta_enc": 0.49805562482800747}, "datetime": {"delta": 7.503908, "elapsed": 1196.970763, "datetime": "2020-06-21 18:26:02"}}
{"target": 8.65, "params": {"cue_position": 8.0, "beta_rec": 0.1944658095278845, "gamma_fc": 0.700726036482538, "gamma_cf": 0.25163914235585283, "beta_enc": 0.5178600481723219}, "datetime": {"delta": 8.773185, "elapsed": 1205.743948, "datetime": "2020-06-21 18:26:11"}}
{"target": 9.608333333333333, "params": {"cue_position": 8.0, "beta_rec": 0.9488362882802196, "gamma_fc": 0.007932876194523097, "gamma_cf": 0.8379779620477293, "beta_enc": 0.5402609403968999}, "datetime": {"delta": 9.414639, "elapsed": 1215.158587, "datetime": "2020-06-21 18:26:20"}}
{"target": 2.966666666666667, "params": {"cue_position": 8.0, "beta_rec": 0.07771457033238649, "gamma_fc": 0.008939102371245067, "gamma_cf": 0.9461523954567653, "beta_enc": 0.989340056166638}, "datetime": {"delta": 4.902307, "elapsed": 1220.060894, "datetime": "2020-06-21 18:26:25"}}
{"target": 7.741666666666666, "params": {"cue_position": 8.0, "beta_rec": 0.8612116383667944, "gamma_fc": 0.8026895196332986, "gamma_cf": 0.2557451938059312, "beta_enc": 0.8227300054219355}, "datetime": {"delta": 8.152914, "elapsed": 1228.213808, "datetime": "2020-06-21 18:26:33"}}
{"target": 8.616666666666667, "params": {"cue_position": 8.0, "beta_rec": 0.13433860865569613, "gamma_fc": 0.49154515001693533, "gamma_cf": 0.8959699670066484, "beta_enc": 0.47786200443222115}, "datetime": {"delta": 8.737676, "elapsed": 1236.951484, "datetime": "2020-06-21 18:26:42"}}
{"target": 7.8125, "params": {"cue_position": 8.0, "beta_rec": 0.41857802576409864, "gamma_fc": 0.5057420174508104, "gamma_cf": 0.39799063940792245, "beta_enc": 0.8567024965177922}, "datetime": {"delta": 8.194352, "elapsed": 1245.145836, "datetime": "2020-06-21 18:26:50"}}
{"target": 6.654166666666667, "params": {"cue_position": 8.0, "beta_rec": 0.9649889241109139, "gamma_fc": 0.1443154002290481, "gamma_cf": 0.10345955611640134, "beta_enc": 0.1895517028339273}, "datetime": {"delta": 7.414466, "elapsed": 1252.560302, "datetime": "2020-06-21 18:26:57"}}
{"target": 7.925, "params": {"cue_position": 8.0, "beta_rec": 0.7159456994623945, "gamma_fc": 0.5070799232841364, "gamma_cf": 0.7945783511847522, "beta_enc": 0.014092294192442956}, "datetime": {"delta": 8.285822, "elapsed": 1260.846124, "datetime": "2020-06-21 18:27:06"}}
{"target": 7.420833333333333, "params": {"cue_position": 8.0, "beta_rec": 0.6957642142718394, "gamma_fc": 0.6477706331874812, "gamma_cf": 0.4064828689770863, "beta_enc": 0.7918210395041538}, "datetime": {"delta": 7.933174, "elapsed": 1268.779298, "datetime": "2020-06-21 18:27:14"}}
{"target": 8.133333333333333, "params": {"cue_position": 8.0, "beta_rec": 0.321819963387904, "gamma_fc": 0.2414187479655988, "gamma_cf": 0.4086372250132624, "beta_enc": 0.1797942976929744}, "datetime": {"delta": 8.421423, "elapsed": 1277.200721, "datetime": "2020-06-21 18:27:22"}}
