{"target": 8.804166666666667, "params": {"beta_rec": 0.461602080891622, "gamma_cf": 0.0254762357788203, "cue_position": 4.0, "gamma_fc": 0.7293976982561526, "beta_enc": 0.23507763668617032}, "datetime": {"delta": 10.035416, "datetime": "2020-06-20 02:36:54", "elapsed": 2342.187132}}
{"target": 8.045833333333333, "params": {"beta_rec": 0.33039174636170277, "gamma_cf": 0.42844247595107343, "cue_position": 4.0, "gamma_fc": 0.8646861447635343, "beta_enc": 0.7249167472191191}, "datetime": {"delta": 9.47041, "datetime": "2020-06-20 02:37:03", "elapsed": 2351.657542}}
{"target": 8.05, "params": {"beta_rec": 0.5810356574180902, "gamma_cf": 0.5295466104783949, "cue_position": 4.0, "gamma_fc": 0.8944324184275724, "beta_enc": 0.6570654246228895}, "datetime": {"delta": 9.464155, "datetime": "2020-06-20 02:37:13", "elapsed": 2361.121697}}
{"target": 9.870833333333334, "params": {"beta_rec": 0.8709456091610533, "gamma_cf": 0.32984456268188234, "cue_position": 4.0, "gamma_fc": 0.6830743663365642, "beta_enc": 0.30499397583521604}, "datetime": {"delta": 10.801174, "datetime": "2020-06-20 02:37:23", "elapsed": 2371.922871}}
{"target": 6.85, "params": {"beta_rec": 0.07569688175830336, "gamma_cf": 0.1908393632684806, "cue_position": 4.0, "gamma_fc": 0.8497689100179306, "beta_enc": 0.8992209495659688}, "datetime": {"delta": 8.571352, "datetime": "2020-06-20 02:37:32", "elapsed": 2380.494223}}
{"target": 8.175, "params": {"beta_rec": 0.34433919545005387, "gamma_cf": 0.6353709614884534, "cue_position": 4.0, "gamma_fc": 0.8477880437147416, "beta_enc": 0.6671187886992039}, "datetime": {"delta": 9.562997, "datetime": "2020-06-20 02:37:42", "elapsed": 2390.05722}}
{"target": 8.275, "params": {"beta_rec": 0.6282395971306578, "gamma_cf": 0.5899231270757698, "cue_position": 4.0, "gamma_fc": 0.1978327846479193, "beta_enc": 0.8218493747640105}, "datetime": {"delta": 9.645791, "datetime": "2020-06-20 02:37:51", "elapsed": 2399.703011}}
{"target": 9.65, "params": {"beta_rec": 0.3367459987011673, "gamma_cf": 0.38023649611726473, "cue_position": 4.0, "gamma_fc": 0.992700873664818, "beta_enc": 0.4293307226164923}, "datetime": {"delta": 10.662947, "datetime": "2020-06-20 02:38:02", "elapsed": 2410.365958}}
{"target": 8.5375, "params": {"beta_rec": 0.17227970147712546, "gamma_cf": 0.37030569377388767, "cue_position": 4.0, "gamma_fc": 0.12341885981472989, "beta_enc": 0.5188042507334142}, "datetime": {"delta": 9.808956, "datetime": "2020-06-20 02:38:12", "elapsed": 2420.174914}}
{"target": 9.004166666666666, "params": {"beta_rec": 0.4139198457294089, "gamma_cf": 0.9299556236533179, "cue_position": 4.0, "gamma_fc": 0.14923603230975002, "beta_enc": 0.6345187162918416}, "datetime": {"delta": 10.167612, "datetime": "2020-06-20 02:38:22", "elapsed": 2430.342526}}
{"target": 9.833333333333334, "params": {"beta_rec": 0.46157971096238615, "gamma_cf": 0.7803635232892685, "cue_position": 4.0, "gamma_fc": 0.48719390907342375, "beta_enc": 0.3948822625368005}, "datetime": {"delta": 10.795589, "datetime": "2020-06-20 02:38:33", "elapsed": 2441.138115}}
{"target": 8.620833333333334, "params": {"beta_rec": 0.26199970471933565, "gamma_cf": 0.022271511532804156, "cue_position": 4.0, "gamma_fc": 0.8211218982189646, "beta_enc": 0.4199935520102408}, "datetime": {"delta": 9.92557, "datetime": "2020-06-20 02:38:43", "elapsed": 2451.063685}}
{"target": 10.220833333333333, "params": {"beta_rec": 0.6857568991725472, "gamma_cf": 0.9742126278950913, "cue_position": 4.0, "gamma_fc": 0.12277212944941995, "beta_enc": 0.18846839966641848}, "datetime": {"delta": 11.101924, "datetime": "2020-06-20 02:38:54", "elapsed": 2462.165609}}
{"target": 6.479166666666667, "params": {"beta_rec": 0.8894424754644789, "gamma_cf": 0.3092463846587796, "cue_position": 4.0, "gamma_fc": 0.0007643854781880233, "beta_enc": 0.18756989261723955}, "datetime": {"delta": 8.254414, "datetime": "2020-06-20 02:39:02", "elapsed": 2470.420023}}
{"target": 10.404166666666667, "params": {"beta_rec": 0.1454036341712357, "gamma_cf": 0.8963225568040046, "cue_position": 4.0, "gamma_fc": 0.8730943782696405, "beta_enc": 0.22759773832225305}, "datetime": {"delta": 11.081563, "datetime": "2020-06-20 02:39:13", "elapsed": 2481.501586}}
{"target": 8.629166666666666, "params": {"beta_rec": 0.47049767615220905, "gamma_cf": 0.49582639708521237, "cue_position": 4.0, "gamma_fc": 0.36348868328490525, "beta_enc": 0.7002894376334498}, "datetime": {"delta": 9.815159, "datetime": "2020-06-20 02:39:23", "elapsed": 2491.316745}}
{"target": 9.370833333333334, "params": {"beta_rec": 0.9247408135383717, "gamma_cf": 0.49288087343132025, "cue_position": 4.0, "gamma_fc": 0.2544381023144221, "beta_enc": 0.27560310276085875}, "datetime": {"delta": 10.383871, "datetime": "2020-06-20 02:39:33", "elapsed": 2501.700616}}
{"target": 6.9625, "params": {"beta_rec": 0.38326345680528673, "gamma_cf": 0.7175949621947544, "cue_position": 4.0, "gamma_fc": 0.19086994317230743, "beta_enc": 0.8849665188380633}, "datetime": {"delta": 8.617572, "datetime": "2020-06-20 02:39:42", "elapsed": 2510.318188}}
{"target": 9.4375, "params": {"beta_rec": 0.8369977822135122, "gamma_cf": 0.5905205476471171, "cue_position": 4.0, "gamma_fc": 0.24289157496487068, "beta_enc": 0.11819262934703845}, "datetime": {"delta": 10.445239, "datetime": "2020-06-20 02:39:52", "elapsed": 2520.763427}}
{"target": 8.95, "params": {"beta_rec": 0.638355320741173, "gamma_cf": 0.06748934306754228, "cue_position": 4.0, "gamma_fc": 0.8805385975643267, "beta_enc": 0.6232471451875841}, "datetime": {"delta": 10.068152, "datetime": "2020-06-20 02:40:02", "elapsed": 2530.831579}}
{"target": 9.654166666666667, "params": {"beta_rec": 0.7638727180664299, "gamma_cf": 0.5913871822675169, "cue_position": 4.0, "gamma_fc": 0.4287951603487977, "beta_enc": 0.4599567310742584}, "datetime": {"delta": 10.598271, "datetime": "2020-06-20 02:40:13", "elapsed": 2541.42985}}
{"target": 7.8625, "params": {"beta_rec": 0.12671338384692277, "gamma_cf": 0.07934158295831895, "cue_position": 4.0, "gamma_fc": 0.3028583047175786, "beta_enc": 0.38210064254913956}, "datetime": {"delta": 9.252248, "datetime": "2020-06-20 02:40:22", "elapsed": 2550.682098}}
{"target": 8.683333333333334, "params": {"beta_rec": 0.6150157249710488, "gamma_cf": 0.00838307952503159, "cue_position": 4.0, "gamma_fc": 0.6783769722513199, "beta_enc": 0.7417048002315554}, "datetime": {"delta": 9.853781, "datetime": "2020-06-20 02:40:32", "elapsed": 2560.535879}}
{"target": 8.791666666666666, "params": {"beta_rec": 0.23090845048417918, "gamma_cf": 0.18498296555082983, "cue_position": 4.0, "gamma_fc": 0.8442600050750985, "beta_enc": 0.503180690542887}, "datetime": {"delta": 9.935706, "datetime": "2020-06-20 02:40:42", "elapsed": 2570.471585}}
{"target": 5.920833333333333, "params": {"beta_rec": 0.9137396248416316, "gamma_cf": 0.7802245796913637, "cue_position": 4.0, "gamma_fc": 0.5464545907014307, "beta_enc": 0.9825897893050853}, "datetime": {"delta": 7.826598, "datetime": "2020-06-20 02:40:50", "elapsed": 2578.298183}}
{"target": 7.916666666666667, "params": {"beta_rec": 0.48372695118890585, "gamma_cf": 0.7872634475242615, "cue_position": 4.0, "gamma_fc": 0.10023464310313235, "beta_enc": 0.8164423975559377}, "datetime": {"delta": 9.300198, "datetime": "2020-06-20 02:40:59", "elapsed": 2587.598381}}
{"target": 9.266666666666667, "params": {"beta_rec": 0.36598334666965426, "gamma_cf": 0.9588025156370005, "cue_position": 4.0, "gamma_fc": 0.39282294499696246, "beta_enc": 0.5370071168405407}, "datetime": {"delta": 10.289268, "datetime": "2020-06-20 02:41:09", "elapsed": 2597.887649}}
{"target": 9.683333333333334, "params": {"beta_rec": 0.7906369935895988, "gamma_cf": 0.3938840078553765, "cue_position": 4.0, "gamma_fc": 0.6889550482302514, "beta_enc": 0.39297299794161644}, "datetime": {"delta": 10.613466, "datetime": "2020-06-20 02:41:20", "elapsed": 2608.501115}}
{"target": 8.725, "params": {"beta_rec": 0.1361131542481221, "gamma_cf": 0.3344193926972726, "cue_position": 4.0, "gamma_fc": 0.2179689300611679, "beta_enc": 0.404001609054379}, "datetime": {"delta": 9.885257, "datetime": "2020-06-20 02:41:30", "elapsed": 2618.386372}}
{"target": 6.283333333333333, "params": {"beta_rec": 0.6896393990795577, "gamma_cf": 0.746657472123005, "cue_position": 4.0, "gamma_fc": 0.5419710617714415, "beta_enc": 0.9257748016364399}, "datetime": {"delta": 8.129226, "datetime": "2020-06-20 02:41:38", "elapsed": 2626.515598}}
{"target": 7.529166666666667, "params": {"beta_rec": 0.9305598192498451, "gamma_cf": 0.1674418575065213, "cue_position": 4.0, "gamma_fc": 0.2631390239238742, "beta_enc": 0.7005330726195026}, "datetime": {"delta": 9.082367, "datetime": "2020-06-20 02:41:47", "elapsed": 2635.597965}}
{"target": 8.704166666666667, "params": {"beta_rec": 0.978672805158347, "gamma_cf": 0.6605983559285987, "cue_position": 4.0, "gamma_fc": 0.089630698927462, "beta_enc": 0.07161027944180454}, "datetime": {"delta": 9.915748, "datetime": "2020-06-20 02:41:57", "elapsed": 2645.513713}}
{"target": 9.7375, "params": {"beta_rec": 0.5028243835184045, "gamma_cf": 0.38887340269472437, "cue_position": 4.0, "gamma_fc": 0.5379877201396809, "beta_enc": 0.21077094208701874}, "datetime": {"delta": 10.724263, "datetime": "2020-06-20 02:42:08", "elapsed": 2656.237976}}
{"target": 9.775, "params": {"beta_rec": 0.5559002111265755, "gamma_cf": 0.3906104987369058, "cue_position": 4.0, "gamma_fc": 0.6962700831011029, "beta_enc": 0.33920418488509996}, "datetime": {"delta": 10.736067, "datetime": "2020-06-20 02:42:18", "elapsed": 2666.974043}}
{"target": 8.704166666666667, "params": {"beta_rec": 0.6873031493743899, "gamma_cf": 0.3580799140129358, "cue_position": 4.0, "gamma_fc": 0.6131123353670123, "beta_enc": 0.6784824539979241}, "datetime": {"delta": 9.916684, "datetime": "2020-06-20 02:42:28", "elapsed": 2676.890727}}
{"target": 7.216666666666667, "params": {"beta_rec": 0.5968885249459731, "gamma_cf": 0.4410066204088712, "cue_position": 4.0, "gamma_fc": 0.7396119625075467, "beta_enc": 0.9357362666081998}, "datetime": {"delta": 8.84138, "datetime": "2020-06-20 02:42:37", "elapsed": 2685.732107}}
{"target": 5.375, "params": {"beta_rec": 0.7647266390004861, "gamma_cf": 0.0053165329611032375, "cue_position": 4.0, "gamma_fc": 0.2772001047825985, "beta_enc": 0.03760387864960013}, "datetime": {"delta": 7.451884, "datetime": "2020-06-20 02:42:45", "elapsed": 2693.183991}}
{"target": 9.045833333333333, "params": {"beta_rec": 0.7679628782813116, "gamma_cf": 0.5490534438505197, "cue_position": 4.0, "gamma_fc": 0.800994555798356, "beta_enc": 0.5348322325198115}, "datetime": {"delta": 10.187565, "datetime": "2020-06-20 02:42:55", "elapsed": 2703.371556}}
{"target": 8.570833333333333, "params": {"beta_rec": 0.9314470149929107, "gamma_cf": 0.2768064626005866, "cue_position": 4.0, "gamma_fc": 0.9192375042561725, "beta_enc": 0.6495830548784789}, "datetime": {"delta": 9.865378, "datetime": "2020-06-20 02:43:05", "elapsed": 2713.236934}}
{"target": 6.7, "params": {"beta_rec": 0.5997403444720987, "gamma_cf": 0.896043491575002, "cue_position": 4.0, "gamma_fc": 0.9727203528528249, "beta_enc": 0.7650051482981429}, "datetime": {"delta": 8.479835, "datetime": "2020-06-20 02:43:13", "elapsed": 2721.716769}}
{"target": 4.775, "params": {"beta_rec": 0.13964933368410348, "gamma_cf": 0.07346665436012334, "cue_position": 4.0, "gamma_fc": 0.01474379089994693, "beta_enc": 0.9985205070898059}, "datetime": {"delta": 7.003155, "datetime": "2020-06-20 02:43:20", "elapsed": 2728.719924}}
{"target": 5.2125, "params": {"beta_rec": 0.09476691645722912, "gamma_cf": 0.6851729969076996, "cue_position": 4.0, "gamma_fc": 0.4875571674829181, "beta_enc": 0.971820072977926}, "datetime": {"delta": 7.359158, "datetime": "2020-06-20 02:43:28", "elapsed": 2736.079082}}
{"target": 10.191666666666666, "params": {"beta_rec": 0.35364778706700506, "gamma_cf": 0.9110179736986265, "cue_position": 4.0, "gamma_fc": 0.725642545494869, "beta_enc": 0.3466948813585782}, "datetime": {"delta": 11.061058, "datetime": "2020-06-20 02:43:39", "elapsed": 2747.14014}}
{"target": 9.625, "params": {"beta_rec": 0.46152125324711457, "gamma_cf": 0.02896618617789848, "cue_position": 4.0, "gamma_fc": 0.8846818943092944, "beta_enc": 0.025925792784269874}, "datetime": {"delta": 10.661302, "datetime": "2020-06-20 02:43:49", "elapsed": 2757.801442}}
{"target": 7.620833333333334, "params": {"beta_rec": 0.32973507924426093, "gamma_cf": 0.3246383222029966, "cue_position": 4.0, "gamma_fc": 0.30788244381764673, "beta_enc": 0.7710053579546823}, "datetime": {"delta": 9.208302, "datetime": "2020-06-20 02:43:58", "elapsed": 2767.009744}}
{"target": 4.779166666666667, "params": {"beta_rec": 0.9769161619458502, "gamma_cf": 0.951935167567925, "cue_position": 4.0, "gamma_fc": 0.8879964939264646, "beta_enc": 0.9281090785007262}, "datetime": {"delta": 7.106691, "datetime": "2020-06-20 02:44:06", "elapsed": 2774.116435}}
{"target": 9.245833333333334, "params": {"beta_rec": 0.3727488020974856, "gamma_cf": 0.455643424642054, "cue_position": 4.0, "gamma_fc": 0.6052128951232129, "beta_enc": 0.5180325615944087}, "datetime": {"delta": 10.546553, "datetime": "2020-06-20 02:44:16", "elapsed": 2784.662988}}
{"target": 5.65, "params": {"beta_rec": 0.7739162499564685, "gamma_cf": 0.08899822082237796, "cue_position": 4.0, "gamma_fc": 0.18490559027840836, "beta_enc": 0.9904061968899467}, "datetime": {"delta": 7.782615, "datetime": "2020-06-20 02:44:24", "elapsed": 2792.445603}}
{"target": 10.108333333333333, "params": {"beta_rec": 0.417102418106858, "gamma_cf": 0.9332023381866817, "cue_position": 4.0, "gamma_fc": 0.17786474795134855, "beta_enc": 0.5268518758918344}, "datetime": {"delta": 11.205235, "datetime": "2020-06-20 02:44:35", "elapsed": 2803.650838}}
{"target": 5.475, "params": {"beta_rec": 0.9573949263266688, "gamma_cf": 0.037862587720430496, "cue_position": 4.0, "gamma_fc": 0.05758350560817371, "beta_enc": 0.8600667708762162}, "datetime": {"delta": 7.6479, "datetime": "2020-06-20 02:44:43", "elapsed": 2811.298738}}
{"target": 9.2, "params": {"beta_rec": 0.3126811561554764, "gamma_cf": 0.29386248547054417, "cue_position": 4.0, "gamma_fc": 0.3560164860311865, "beta_enc": 0.005797392917688993}, "datetime": {"delta": 10.482744, "datetime": "2020-06-20 02:44:53", "elapsed": 2821.781482}}
{"target": 6.854166666666667, "params": {"beta_rec": 0.47695092248677795, "gamma_cf": 0.5030051950509548, "cue_position": 4.0, "gamma_fc": 0.6433579246491355, "beta_enc": 0.9536770184739218}, "datetime": {"delta": 8.712858, "datetime": "2020-06-20 02:45:02", "elapsed": 2830.49434}}
{"target": 10.429166666666667, "params": {"beta_rec": 0.7580616581331086, "gamma_cf": 0.8442498595694283, "cue_position": 4.0, "gamma_fc": 0.8905068324120895, "beta_enc": 0.111245672567435}, "datetime": {"delta": 11.395537, "datetime": "2020-06-20 02:45:13", "elapsed": 2841.889877}}
{"target": 9.766666666666667, "params": {"beta_rec": 0.44380519836651855, "gamma_cf": 0.22580692243123512, "cue_position": 4.0, "gamma_fc": 0.971320469273211, "beta_enc": 0.38184239675576115}, "datetime": {"delta": 10.919505, "datetime": "2020-06-20 02:45:24", "elapsed": 2852.809382}}
{"target": 9.658333333333333, "params": {"beta_rec": 0.9073961422409973, "gamma_cf": 0.9225044972603934, "cue_position": 4.0, "gamma_fc": 0.15614956444079475, "beta_enc": 0.28462396896873543}, "datetime": {"delta": 10.81853, "datetime": "2020-06-20 02:45:35", "elapsed": 2863.627912}}
{"target": 7.091666666666667, "params": {"beta_rec": 0.6319949504631371, "gamma_cf": 0.3451159147800812, "cue_position": 4.0, "gamma_fc": 0.1599187885892832, "beta_enc": 0.8797221435013809}, "datetime": {"delta": 8.842779, "datetime": "2020-06-20 02:45:44", "elapsed": 2872.470691}}
{"target": 8.7, "params": {"beta_rec": 0.08377495384546052, "gamma_cf": 0.19719634646666928, "cue_position": 4.0, "gamma_fc": 0.6910273415567042, "beta_enc": 0.4443481574461272}, "datetime": {"delta": 10.063976, "datetime": "2020-06-20 02:45:54", "elapsed": 2882.534667}}
{"target": 8.829166666666667, "params": {"beta_rec": 0.8733231340367321, "gamma_cf": 0.6296079567189131, "cue_position": 4.0, "gamma_fc": 0.034431265307095615, "beta_enc": 0.573802869165353}, "datetime": {"delta": 10.203555, "datetime": "2020-06-20 02:46:04", "elapsed": 2892.738222}}
{"target": 7.045833333333333, "params": {"beta_rec": 0.8632264817138495, "gamma_cf": 0.009872975358918512, "cue_position": 4.0, "gamma_fc": 0.2528414820768151, "beta_enc": 0.516198461077069}, "datetime": {"delta": 8.826548, "datetime": "2020-06-20 02:46:13", "elapsed": 2901.56477}}
{"target": 9.8125, "params": {"beta_rec": 0.047537594227760493, "gamma_cf": 0.49019531224423174, "cue_position": 4.0, "gamma_fc": 0.04548214567029407, "beta_enc": 0.22384967032752534}, "datetime": {"delta": 10.933946, "datetime": "2020-06-20 02:46:24", "elapsed": 2912.498716}}
{"target": 9.445833333333333, "params": {"beta_rec": 0.6399745691089123, "gamma_cf": 0.26965470115905144, "cue_position": 4.0, "gamma_fc": 0.5905465222435671, "beta_enc": 0.278328130846902}, "datetime": {"delta": 10.639831, "datetime": "2020-06-20 02:46:35", "elapsed": 2923.138547}}
{"target": 9.891666666666667, "params": {"beta_rec": 0.7025230339614009, "gamma_cf": 0.6332092658064775, "cue_position": 4.0, "gamma_fc": 0.3533943470016294, "beta_enc": 0.38053407720964005}, "datetime": {"delta": 10.972997, "datetime": "2020-06-20 02:46:46", "elapsed": 2934.111544}}
{"target": 10.0125, "params": {"beta_rec": 0.13320711375110195, "gamma_cf": 0.8048358460157946, "cue_position": 4.0, "gamma_fc": 0.9380285431563524, "beta_enc": 0.28704394615550866}, "datetime": {"delta": 11.059933, "datetime": "2020-06-20 02:46:57", "elapsed": 2945.171477}}
{"target": 8.616666666666667, "params": {"beta_rec": 0.9331557628232255, "gamma_cf": 0.2835445136036545, "cue_position": 4.0, "gamma_fc": 0.27463424842386297, "beta_enc": 0.1853805246478023}, "datetime": {"delta": 10.015492, "datetime": "2020-06-20 02:47:07", "elapsed": 2955.186969}}
{"target": 8.7, "params": {"beta_rec": 0.18528923936855235, "gamma_cf": 0.1853176459376844, "cue_position": 4.0, "gamma_fc": 0.9473759179539593, "beta_enc": 0.5514315736733725}, "datetime": {"delta": 10.122839, "datetime": "2020-06-20 02:47:17", "elapsed": 2965.309808}}
{"target": 9.6125, "params": {"beta_rec": 0.9639177674239978, "gamma_cf": 0.4843157730323856, "cue_position": 4.0, "gamma_fc": 0.9676952459611975, "beta_enc": 0.4938246574910856}, "datetime": {"delta": 10.799264, "datetime": "2020-06-20 02:47:28", "elapsed": 2976.109072}}
{"target": 8.279166666666667, "params": {"beta_rec": 0.6323298746664966, "gamma_cf": 0.43383982715272595, "cue_position": 4.0, "gamma_fc": 0.05935722533895749, "beta_enc": 0.14318978170876284}, "datetime": {"delta": 9.774102, "datetime": "2020-06-20 02:47:37", "elapsed": 2985.883174}}
{"target": 8.820833333333333, "params": {"beta_rec": 0.46513394351807746, "gamma_cf": 0.25666098995297626, "cue_position": 4.0, "gamma_fc": 0.3914303629842686, "beta_enc": 0.4927226011660333}, "datetime": {"delta": 10.186313, "datetime": "2020-06-20 02:47:48", "elapsed": 2996.069487}}
{"target": 9.420833333333333, "params": {"beta_rec": 0.6864434151723641, "gamma_cf": 0.1774295368682619, "cue_position": 4.0, "gamma_fc": 0.8214467402262973, "beta_enc": 0.24017220722137722}, "datetime": {"delta": 10.618936, "datetime": "2020-06-20 02:47:58", "elapsed": 3006.688423}}
{"target": 10.120833333333334, "params": {"beta_rec": 0.05797581337276703, "gamma_cf": 0.9351531155423887, "cue_position": 4.0, "gamma_fc": 0.8885421033562281, "beta_enc": 0.2309885592816333}, "datetime": {"delta": 11.138865, "datetime": "2020-06-20 02:48:09", "elapsed": 3017.827288}}
{"target": 9.5625, "params": {"beta_rec": 0.9477640661016069, "gamma_cf": 0.4346547940716735, "cue_position": 4.0, "gamma_fc": 0.4680495548664728, "beta_enc": 0.28926049548291}, "datetime": {"delta": 10.767389, "datetime": "2020-06-20 02:48:20", "elapsed": 3028.594677}}
{"target": 7.391666666666667, "params": {"beta_rec": 0.15803183496381268, "gamma_cf": 0.26551201747238584, "cue_position": 4.0, "gamma_fc": 0.015443631942760883, "beta_enc": 0.6298530215834227}, "datetime": {"delta": 9.093146, "datetime": "2020-06-20 02:48:29", "elapsed": 3037.687823}}
{"target": 9.145833333333334, "params": {"beta_rec": 0.5514688358127765, "gamma_cf": 0.7802023371197586, "cue_position": 4.0, "gamma_fc": 0.14578543121477705, "beta_enc": 0.6744988441622575}, "datetime": {"delta": 10.452695, "datetime": "2020-06-20 02:48:40", "elapsed": 3048.140518}}
{"target": 9.491666666666667, "params": {"beta_rec": 0.2923137620392837, "gamma_cf": 0.08793868377060332, "cue_position": 4.0, "gamma_fc": 0.8699761802716075, "beta_enc": 0.2448806387618836}, "datetime": {"delta": 10.710328, "datetime": "2020-06-20 02:48:50", "elapsed": 3058.850846}}
{"target": 7.441666666666666, "params": {"beta_rec": 0.6837103358216379, "gamma_cf": 0.010699003144174157, "cue_position": 4.0, "gamma_fc": 0.5572682300749138, "beta_enc": 0.08818864557151007}, "datetime": {"delta": 9.158912, "datetime": "2020-06-20 02:48:59", "elapsed": 3068.009758}}
{"target": 9.6, "params": {"beta_rec": 0.8604566673368852, "gamma_cf": 0.02715882932586222, "cue_position": 4.0, "gamma_fc": 0.8008593551300331, "beta_enc": 0.9071090552203707}, "datetime": {"delta": 10.803873, "datetime": "2020-06-20 02:49:10", "elapsed": 3078.813631}}
{"target": 6.570833333333334, "params": {"beta_rec": 0.8684881163027721, "gamma_cf": 0.8077788623150765, "cue_position": 4.0, "gamma_fc": 0.8974982823028202, "beta_enc": 0.805984932289666}, "datetime": {"delta": 8.478728, "datetime": "2020-06-20 02:49:19", "elapsed": 3087.292359}}
{"target": 9.804166666666667, "params": {"beta_rec": 0.5578253037149105, "gamma_cf": 0.6919839045242188, "cue_position": 4.0, "gamma_fc": 0.6829068676298748, "beta_enc": 0.4538299504900123}, "datetime": {"delta": 10.976622, "datetime": "2020-06-20 02:49:30", "elapsed": 3098.268981}}
