{"target": 5.203333333333333, "params": {"beta_rec": 0.8302245167628379, "beta_enc": 0.8, "cue_position": 10.0, "gamma_fc": 0.2006875750066332}, "datetime": {"elapsed": 12614.038302, "delta": 52.183193, "datetime": "2020-09-22 20:14:21"}}
{"target": 5.43, "params": {"beta_rec": 0.8826264055336569, "beta_enc": 0.8, "cue_position": 10.0, "gamma_fc": 0.09113646028803224}, "datetime": {"elapsed": 12667.368054, "delta": 53.329752, "datetime": "2020-09-22 20:15:14"}}
{"target": 5.3, "params": {"beta_rec": 0.8824469901355055, "beta_enc": 0.8, "cue_position": 10.0, "gamma_fc": 0.06924051330746299}, "datetime": {"elapsed": 12720.147703, "delta": 52.779649, "datetime": "2020-09-22 20:16:07"}}
{"target": 5.403333333333333, "params": {"beta_rec": 0.9011735463279597, "beta_enc": 0.8, "cue_position": 10.0, "gamma_fc": 0.08655245779673933}, "datetime": {"elapsed": 12773.128419, "delta": 52.980716, "datetime": "2020-09-22 20:17:00"}}
{"target": 5.354444444444445, "params": {"beta_rec": 0.8596409546809562, "beta_enc": 0.8, "cue_position": 10.0, "gamma_fc": 0.10005854479271163}, "datetime": {"elapsed": 12826.350616, "delta": 53.222197, "datetime": "2020-09-22 20:17:53"}}
{"target": 5.188888888888889, "params": {"beta_rec": 0.8551921747461083, "beta_enc": 0.8, "cue_position": 10.0, "gamma_fc": 0.07633272549629445}, "datetime": {"elapsed": 12878.959907, "delta": 52.609291, "datetime": "2020-09-22 20:18:46"}}
{"target": 5.2155555555555555, "params": {"beta_rec": 0.8297836345653544, "beta_enc": 0.8, "cue_position": 10.0, "gamma_fc": 0.11288180401898693}, "datetime": {"elapsed": 12931.527671, "delta": 52.567764, "datetime": "2020-09-22 20:19:38"}}
{"target": 5.336666666666667, "params": {"beta_rec": 0.8551996519580808, "beta_enc": 0.8, "cue_position": 10.0, "gamma_fc": 0.2994064497652115}, "datetime": {"elapsed": 12984.668937, "delta": 53.141266, "datetime": "2020-09-22 20:20:32"}}
{"target": 5.214444444444444, "params": {"beta_rec": 0.8306239379160023, "beta_enc": 0.8, "cue_position": 10.0, "gamma_fc": 0.2930095603929562}, "datetime": {"elapsed": 13037.056734, "delta": 52.387797, "datetime": "2020-09-22 20:21:24"}}
{"target": 5.2877777777777775, "params": {"beta_rec": 0.9100870432172012, "beta_enc": 0.8, "cue_position": 10.0, "gamma_fc": 0.3872393497295967}, "datetime": {"elapsed": 13090.487227, "delta": 53.430493, "datetime": "2020-09-22 20:22:17"}}
{"target": 5.372222222222222, "params": {"beta_rec": 0.9839902532129478, "beta_enc": 0.8, "cue_position": 10.0, "gamma_fc": 0.04514966488589781}, "datetime": {"elapsed": 13143.789309, "delta": 53.302082, "datetime": "2020-09-22 20:23:11"}}
{"target": 5.453333333333333, "params": {"beta_rec": 0.9999775387632494, "beta_enc": 0.8, "cue_position": 10.0, "gamma_fc": 0.0664661604483827}, "datetime": {"elapsed": 13197.237614, "delta": 53.448305, "datetime": "2020-09-22 20:24:04"}}
{"target": 5.555555555555555, "params": {"beta_rec": 1.0, "beta_enc": 0.8, "cue_position": 10.0, "gamma_fc": 0.08759074718741701}, "datetime": {"elapsed": 13251.180807, "delta": 53.943193, "datetime": "2020-09-22 20:24:58"}}
{"target": 5.662222222222222, "params": {"beta_rec": 0.9988569234480341, "beta_enc": 0.8, "cue_position": 10.0, "gamma_fc": 0.10192778930711965}, "datetime": {"elapsed": 13305.809985, "delta": 54.629178, "datetime": "2020-09-22 20:25:53"}}
{"target": 5.41, "params": {"beta_rec": 0.8782293061209153, "beta_enc": 0.8, "cue_position": 10.0, "gamma_fc": 0.3179309330498895}, "datetime": {"elapsed": 13358.410281, "delta": 52.600296, "datetime": "2020-09-22 20:26:45"}}
{"target": 5.213333333333333, "params": {"beta_rec": 0.8579480688594652, "beta_enc": 0.8, "cue_position": 10.0, "gamma_fc": 0.32898574898150323}, "datetime": {"elapsed": 13410.700605, "delta": 52.290324, "datetime": "2020-09-22 20:27:38"}}
{"target": 5.323333333333333, "params": {"beta_rec": 0.9031928661238647, "beta_enc": 0.8, "cue_position": 10.0, "gamma_fc": 0.3183483275242923}, "datetime": {"elapsed": 13463.663782, "delta": 52.963177, "datetime": "2020-09-22 20:28:31"}}
{"target": 5.235555555555556, "params": {"beta_rec": 0.8891856916337035, "beta_enc": 0.8, "cue_position": 10.0, "gamma_fc": 0.3429026786777414}, "datetime": {"elapsed": 13516.019849, "delta": 52.356067, "datetime": "2020-09-22 20:29:23"}}
{"target": 5.368888888888889, "params": {"beta_rec": 1.0, "beta_enc": 0.8, "cue_position": 10.0, "gamma_fc": 0.025925357300492835}, "datetime": {"elapsed": 13568.971809, "delta": 52.95196, "datetime": "2020-09-22 20:30:16"}}
{"target": 5.232222222222222, "params": {"beta_rec": 0.979668216883449, "beta_enc": 0.8, "cue_position": 10.0, "gamma_fc": 0.016577024040860387}, "datetime": {"elapsed": 13621.44399, "delta": 52.472181, "datetime": "2020-09-22 20:31:08"}}
{"target": 5.27, "params": {"beta_rec": 0.9299199029310415, "beta_enc": 0.8, "cue_position": 10.0, "gamma_fc": 0.4145283485176034}, "datetime": {"elapsed": 13672.86374, "delta": 51.41975, "datetime": "2020-09-22 20:32:00"}}
{"target": 4.9911111111111115, "params": {"beta_rec": 0.8685287475444533, "beta_enc": 0.8, "cue_position": 10.0, "gamma_fc": 0.7247937357392296}, "datetime": {"elapsed": 13722.928856, "delta": 50.065116, "datetime": "2020-09-22 20:32:50"}}
{"target": 5.142222222222222, "params": {"beta_rec": 0.779161853237026, "beta_enc": 0.8, "cue_position": 10.0, "gamma_fc": 0.2520796484531689}, "datetime": {"elapsed": 13773.678818, "delta": 50.749962, "datetime": "2020-09-22 20:33:41"}}
