{"target": 8.0, "params": {"cue_position": 10.0, "beta_rec": 0.4139198457294089, "beta_enc": 0.6345187162918416, "gamma_fc": 0.14923603230975002, "gamma_cf": 0.9299556236533179}, "datetime": {"delta": 0.348376, "elapsed": 84.195731, "datetime": "2020-06-14 09:44:28"}}
{"target": 8.75, "params": {"cue_position": 10.0, "beta_rec": 0.46157971096238615, "beta_enc": 0.3948822625368005, "gamma_fc": 0.48719390907342375, "gamma_cf": 0.7803635232892685}, "datetime": {"delta": 0.364572, "elapsed": 84.560303, "datetime": "2020-06-14 09:44:28"}}
{"target": 8.5, "params": {"cue_position": 10.0, "beta_rec": 0.26199970471933565, "beta_enc": 0.4199935520102408, "gamma_fc": 0.8211218982189646, "gamma_cf": 0.022271511532804156}, "datetime": {"delta": 0.356903, "elapsed": 84.917206, "datetime": "2020-06-14 09:44:29"}}
{"target": 10.375, "params": {"cue_position": 10.0, "beta_rec": 0.6857568991725472, "beta_enc": 0.18846839966641848, "gamma_fc": 0.12277212944941995, "gamma_cf": 0.9742126278950913}, "datetime": {"delta": 0.397455, "elapsed": 85.314661, "datetime": "2020-06-14 09:44:29"}}
{"target": 7.25, "params": {"cue_position": 10.0, "beta_rec": 0.8894424754644789, "beta_enc": 0.18756989261723955, "gamma_fc": 0.0007643854781880233, "gamma_cf": 0.3092463846587796}, "datetime": {"delta": 0.33075, "elapsed": 85.645411, "datetime": "2020-06-14 09:44:29"}}
{"target": 7.25, "params": {"cue_position": 10.0, "beta_rec": 0.1454036341712357, "beta_enc": 0.22759773832225305, "gamma_fc": 0.8730943782696405, "gamma_cf": 0.8963225568040046}, "datetime": {"delta": 0.330669, "elapsed": 85.97608, "datetime": "2020-06-14 09:44:30"}}
{"target": 6.75, "params": {"cue_position": 10.0, "beta_rec": 0.47049767615220905, "beta_enc": 0.7002894376334498, "gamma_fc": 0.36348868328490525, "gamma_cf": 0.49582639708521237}, "datetime": {"delta": 0.321582, "elapsed": 86.297662, "datetime": "2020-06-14 09:44:30"}}
{"target": 9.5, "params": {"cue_position": 10.0, "beta_rec": 0.9247408135383717, "beta_enc": 0.27560310276085875, "gamma_fc": 0.2544381023144221, "gamma_cf": 0.49288087343132025}, "datetime": {"delta": 0.379519, "elapsed": 86.677181, "datetime": "2020-06-14 09:44:30"}}
{"target": 7.75, "params": {"cue_position": 10.0, "beta_rec": 0.38326345680528673, "beta_enc": 0.8849665188380633, "gamma_fc": 0.19086994317230743, "gamma_cf": 0.7175949621947544}, "datetime": {"delta": 0.339907, "elapsed": 87.017088, "datetime": "2020-06-14 09:44:31"}}
{"target": 9.125, "params": {"cue_position": 10.0, "beta_rec": 0.8369977822135122, "beta_enc": 0.11819262934703845, "gamma_fc": 0.24289157496487068, "gamma_cf": 0.5905205476471171}, "datetime": {"delta": 0.370789, "elapsed": 87.387877, "datetime": "2020-06-14 09:44:31"}}
{"target": 8.0, "params": {"cue_position": 10.0, "beta_rec": 0.638355320741173, "beta_enc": 0.6232471451875841, "gamma_fc": 0.8805385975643267, "gamma_cf": 0.06748934306754228}, "datetime": {"delta": 0.345731, "elapsed": 87.733608, "datetime": "2020-06-14 09:44:32"}}
{"target": 8.0, "params": {"cue_position": 10.0, "beta_rec": 0.7638727180664299, "beta_enc": 0.4599567310742584, "gamma_fc": 0.4287951603487977, "gamma_cf": 0.5913871822675169}, "datetime": {"delta": 0.344831, "elapsed": 88.078439, "datetime": "2020-06-14 09:44:32"}}
{"target": 8.0, "params": {"cue_position": 10.0, "beta_rec": 0.12671338384692277, "beta_enc": 0.38210064254913956, "gamma_fc": 0.3028583047175786, "gamma_cf": 0.07934158295831895}, "datetime": {"delta": 0.344892, "elapsed": 88.423331, "datetime": "2020-06-14 09:44:32"}}
{"target": 8.875, "params": {"cue_position": 10.0, "beta_rec": 0.6150157249710488, "beta_enc": 0.7417048002315554, "gamma_fc": 0.6783769722513199, "gamma_cf": 0.00838307952503159}, "datetime": {"delta": 0.364168, "elapsed": 88.787499, "datetime": "2020-06-14 09:44:33"}}
{"target": 7.25, "params": {"cue_position": 10.0, "beta_rec": 0.23090845048417918, "beta_enc": 0.503180690542887, "gamma_fc": 0.8442600050750985, "gamma_cf": 0.18498296555082983}, "datetime": {"delta": 0.329039, "elapsed": 89.116538, "datetime": "2020-06-14 09:44:33"}}
{"target": 6.375, "params": {"cue_position": 10.0, "beta_rec": 0.9137396248416316, "beta_enc": 0.9825897893050853, "gamma_fc": 0.5464545907014307, "gamma_cf": 0.7802245796913637}, "datetime": {"delta": 0.312627, "elapsed": 89.429165, "datetime": "2020-06-14 09:44:33"}}
{"target": 7.625, "params": {"cue_position": 10.0, "beta_rec": 0.48372695118890585, "beta_enc": 0.8164423975559377, "gamma_fc": 0.10023464310313235, "gamma_cf": 0.7872634475242615}, "datetime": {"delta": 0.335887, "elapsed": 89.765052, "datetime": "2020-06-14 09:44:34"}}
{"target": 9.5, "params": {"cue_position": 10.0, "beta_rec": 0.36598334666965426, "beta_enc": 0.5370071168405407, "gamma_fc": 0.39282294499696246, "gamma_cf": 0.9588025156370005}, "datetime": {"delta": 0.379419, "elapsed": 90.144471, "datetime": "2020-06-14 09:44:34"}}
{"target": 7.5, "params": {"cue_position": 10.0, "beta_rec": 0.7906369935895988, "beta_enc": 0.39297299794161644, "gamma_fc": 0.6889550482302514, "gamma_cf": 0.3938840078553765}, "datetime": {"delta": 0.336784, "elapsed": 90.481255, "datetime": "2020-06-14 09:44:34"}}
{"target": 9.25, "params": {"cue_position": 10.0, "beta_rec": 0.1361131542481221, "beta_enc": 0.404001609054379, "gamma_fc": 0.2179689300611679, "gamma_cf": 0.3344193926972726}, "datetime": {"delta": 0.371532, "elapsed": 90.852787, "datetime": "2020-06-14 09:44:35"}}
{"target": 6.375, "params": {"cue_position": 10.0, "beta_rec": 0.6896393990795577, "beta_enc": 0.9257748016364399, "gamma_fc": 0.5419710617714415, "gamma_cf": 0.746657472123005}, "datetime": {"delta": 0.311068, "elapsed": 91.163855, "datetime": "2020-06-14 09:44:35"}}
{"target": 7.0, "params": {"cue_position": 10.0, "beta_rec": 0.9305598192498451, "beta_enc": 0.7005330726195026, "gamma_fc": 0.2631390239238742, "gamma_cf": 0.1674418575065213}, "datetime": {"delta": 0.32475, "elapsed": 91.488605, "datetime": "2020-06-14 09:44:35"}}
{"target": 9.875, "params": {"cue_position": 10.0, "beta_rec": 0.978672805158347, "beta_enc": 0.07161027944180454, "gamma_fc": 0.089630698927462, "gamma_cf": 0.6605983559285987}, "datetime": {"delta": 0.385672, "elapsed": 91.874277, "datetime": "2020-06-14 09:44:36"}}
{"target": 9.25, "params": {"cue_position": 10.0, "beta_rec": 0.5028243835184045, "beta_enc": 0.21077094208701874, "gamma_fc": 0.5379877201396809, "gamma_cf": 0.38887340269472437}, "datetime": {"delta": 0.373585, "elapsed": 92.247862, "datetime": "2020-06-14 09:44:36"}}
{"target": 8.375, "params": {"cue_position": 10.0, "beta_rec": 0.5559002111265755, "beta_enc": 0.33920418488509996, "gamma_fc": 0.6962700831011029, "gamma_cf": 0.3906104987369058}, "datetime": {"delta": 0.355786, "elapsed": 92.603648, "datetime": "2020-06-14 09:44:36"}}
{"target": 7.0, "params": {"cue_position": 10.0, "beta_rec": 0.6873031493743899, "beta_enc": 0.6784824539979241, "gamma_fc": 0.6131123353670123, "gamma_cf": 0.3580799140129358}, "datetime": {"delta": 0.325057, "elapsed": 92.928705, "datetime": "2020-06-14 09:44:37"}}
{"target": 6.125, "params": {"cue_position": 10.0, "beta_rec": 0.5968885249459731, "beta_enc": 0.9357362666081998, "gamma_fc": 0.7396119625075467, "gamma_cf": 0.4410066204088712}, "datetime": {"delta": 0.307389, "elapsed": 93.236094, "datetime": "2020-06-14 09:44:37"}}
{"target": 6.125, "params": {"cue_position": 10.0, "beta_rec": 0.7647266390004861, "beta_enc": 0.03760387864960013, "gamma_fc": 0.2772001047825985, "gamma_cf": 0.0053165329611032375}, "datetime": {"delta": 0.305976, "elapsed": 93.54207, "datetime": "2020-06-14 09:44:37"}}
{"target": 5.5, "params": {"cue_position": 10.0, "beta_rec": 0.7679628782813116, "beta_enc": 0.5348322325198115, "gamma_fc": 0.800994555798356, "gamma_cf": 0.5490534438505197}, "datetime": {"delta": 0.296053, "elapsed": 93.838123, "datetime": "2020-06-14 09:44:38"}}
{"target": 7.0, "params": {"cue_position": 10.0, "beta_rec": 0.9314470149929107, "beta_enc": 0.6495830548784789, "gamma_fc": 0.9192375042561725, "gamma_cf": 0.2768064626005866}, "datetime": {"delta": 0.325856, "elapsed": 94.163979, "datetime": "2020-06-14 09:44:38"}}
{"target": 6.625, "params": {"cue_position": 10.0, "beta_rec": 0.5997403444720987, "beta_enc": 0.7650051482981429, "gamma_fc": 0.9727203528528249, "gamma_cf": 0.896043491575002}, "datetime": {"delta": 0.316946, "elapsed": 94.480925, "datetime": "2020-06-14 09:44:38"}}
{"target": 4.75, "params": {"cue_position": 10.0, "beta_rec": 0.13964933368410348, "beta_enc": 0.9985205070898059, "gamma_fc": 0.01474379089994693, "gamma_cf": 0.07346665436012334}, "datetime": {"delta": 0.278046, "elapsed": 94.758971, "datetime": "2020-06-14 09:44:39"}}
{"target": 5.5, "params": {"cue_position": 10.0, "beta_rec": 0.09476691645722912, "beta_enc": 0.971820072977926, "gamma_fc": 0.4875571674829181, "gamma_cf": 0.6851729969076996}, "datetime": {"delta": 0.294107, "elapsed": 95.053078, "datetime": "2020-06-14 09:44:39"}}
{"target": 7.0, "params": {"cue_position": 10.0, "beta_rec": 0.35364778706700506, "beta_enc": 0.3466948813585782, "gamma_fc": 0.725642545494869, "gamma_cf": 0.9110179736986265}, "datetime": {"delta": 0.325058, "elapsed": 95.378136, "datetime": "2020-06-14 09:44:39"}}
{"target": 9.625, "params": {"cue_position": 10.0, "beta_rec": 0.46152125324711457, "beta_enc": 0.025925792784269874, "gamma_fc": 0.8846818943092944, "gamma_cf": 0.02896618617789848}, "datetime": {"delta": 0.37981, "elapsed": 95.757946, "datetime": "2020-06-14 09:44:40"}}
{"target": 7.875, "params": {"cue_position": 10.0, "beta_rec": 0.32973507924426093, "beta_enc": 0.7710053579546823, "gamma_fc": 0.30788244381764673, "gamma_cf": 0.3246383222029966}, "datetime": {"delta": 0.349314, "elapsed": 96.10726, "datetime": "2020-06-14 09:44:40"}}
{"target": 4.375, "params": {"cue_position": 10.0, "beta_rec": 0.9769161619458502, "beta_enc": 0.9281090785007262, "gamma_fc": 0.8879964939264646, "gamma_cf": 0.951935167567925}, "datetime": {"delta": 0.268739, "elapsed": 96.375999, "datetime": "2020-06-14 09:44:40"}}
{"target": 9.0, "params": {"cue_position": 10.0, "beta_rec": 0.3727488020974856, "beta_enc": 0.5180325615944087, "gamma_fc": 0.6052128951232129, "gamma_cf": 0.455643424642054}, "datetime": {"delta": 0.36797, "elapsed": 96.743969, "datetime": "2020-06-14 09:44:41"}}
{"target": 6.125, "params": {"cue_position": 10.0, "beta_rec": 0.7739162499564685, "beta_enc": 0.9904061968899467, "gamma_fc": 0.18490559027840836, "gamma_cf": 0.08899822082237796}, "datetime": {"delta": 0.308684, "elapsed": 97.052653, "datetime": "2020-06-14 09:44:41"}}
{"target": 10.0, "params": {"cue_position": 10.0, "beta_rec": 0.417102418106858, "beta_enc": 0.5268518758918344, "gamma_fc": 0.17786474795134855, "gamma_cf": 0.9332023381866817}, "datetime": {"delta": 0.390919, "elapsed": 97.443572, "datetime": "2020-06-14 09:44:41"}}
{"target": 4.375, "params": {"cue_position": 10.0, "beta_rec": 0.9573949263266688, "beta_enc": 0.8600667708762162, "gamma_fc": 0.05758350560817371, "gamma_cf": 0.037862587720430496}, "datetime": {"delta": 0.268993, "elapsed": 97.712565, "datetime": "2020-06-14 09:44:41"}}
{"target": 10.125, "params": {"cue_position": 10.0, "beta_rec": 0.3126811561554764, "beta_enc": 0.005797392917688993, "gamma_fc": 0.3560164860311865, "gamma_cf": 0.29386248547054417}, "datetime": {"delta": 0.391121, "elapsed": 98.103686, "datetime": "2020-06-14 09:44:42"}}
{"target": 7.25, "params": {"cue_position": 10.0, "beta_rec": 0.47695092248677795, "beta_enc": 0.9536770184739218, "gamma_fc": 0.6433579246491355, "gamma_cf": 0.5030051950509548}, "datetime": {"delta": 0.330276, "elapsed": 98.433962, "datetime": "2020-06-14 09:44:42"}}
{"target": 7.0, "params": {"cue_position": 10.0, "beta_rec": 0.7580616581331086, "beta_enc": 0.111245672567435, "gamma_fc": 0.8905068324120895, "gamma_cf": 0.8442498595694283}, "datetime": {"delta": 0.325487, "elapsed": 98.759449, "datetime": "2020-06-14 09:44:43"}}
{"target": 8.625, "params": {"cue_position": 10.0, "beta_rec": 0.44380519836651855, "beta_enc": 0.38184239675576115, "gamma_fc": 0.971320469273211, "gamma_cf": 0.22580692243123512}, "datetime": {"delta": 0.357032, "elapsed": 99.116481, "datetime": "2020-06-14 09:44:43"}}
{"target": 10.0, "params": {"cue_position": 10.0, "beta_rec": 0.9073961422409973, "beta_enc": 0.28462396896873543, "gamma_fc": 0.15614956444079475, "gamma_cf": 0.9225044972603934}, "datetime": {"delta": 0.387419, "elapsed": 99.5039, "datetime": "2020-06-14 09:44:43"}}
{"target": 7.875, "params": {"cue_position": 10.0, "beta_rec": 0.6319949504631371, "beta_enc": 0.8797221435013809, "gamma_fc": 0.1599187885892832, "gamma_cf": 0.3451159147800812}, "datetime": {"delta": 0.344095, "elapsed": 99.847995, "datetime": "2020-06-14 09:44:44"}}
{"target": 9.625, "params": {"cue_position": 10.0, "beta_rec": 0.08377495384546052, "beta_enc": 0.4443481574461272, "gamma_fc": 0.6910273415567042, "gamma_cf": 0.19719634646666928}, "datetime": {"delta": 0.380388, "elapsed": 100.228383, "datetime": "2020-06-14 09:44:44"}}
{"target": 8.375, "params": {"cue_position": 10.0, "beta_rec": 0.8733231340367321, "beta_enc": 0.573802869165353, "gamma_fc": 0.034431265307095615, "gamma_cf": 0.6296079567189131}, "datetime": {"delta": 0.354046, "elapsed": 100.582429, "datetime": "2020-06-14 09:44:44"}}
{"target": 6.0, "params": {"cue_position": 10.0, "beta_rec": 0.8632264817138495, "beta_enc": 0.516198461077069, "gamma_fc": 0.2528414820768151, "gamma_cf": 0.009872975358918512}, "datetime": {"delta": 0.304429, "elapsed": 100.886858, "datetime": "2020-06-14 09:44:45"}}
{"target": 7.75, "params": {"cue_position": 10.0, "beta_rec": 0.047537594227760493, "beta_enc": 0.22384967032752534, "gamma_fc": 0.04548214567029407, "gamma_cf": 0.49019531224423174}, "datetime": {"delta": 0.34117, "elapsed": 101.228028, "datetime": "2020-06-14 09:44:45"}}
{"target": 7.625, "params": {"cue_position": 10.0, "beta_rec": 0.6399745691089123, "beta_enc": 0.278328130846902, "gamma_fc": 0.5905465222435671, "gamma_cf": 0.26965470115905144}, "datetime": {"delta": 0.338049, "elapsed": 101.566077, "datetime": "2020-06-14 09:44:45"}}
{"target": 8.375, "params": {"cue_position": 10.0, "beta_rec": 0.7025230339614009, "beta_enc": 0.38053407720964005, "gamma_fc": 0.3533943470016294, "gamma_cf": 0.6332092658064775}, "datetime": {"delta": 0.352213, "elapsed": 101.91829, "datetime": "2020-06-14 09:44:46"}}
{"target": 7.25, "params": {"cue_position": 10.0, "beta_rec": 0.13320711375110195, "beta_enc": 0.28704394615550866, "gamma_fc": 0.9380285431563524, "gamma_cf": 0.8048358460157946}, "datetime": {"delta": 0.331865, "elapsed": 102.250155, "datetime": "2020-06-14 09:44:46"}}
{"target": 7.0, "params": {"cue_position": 10.0, "beta_rec": 0.9331557628232255, "beta_enc": 0.1853805246478023, "gamma_fc": 0.27463424842386297, "gamma_cf": 0.2835445136036545}, "datetime": {"delta": 0.322942, "elapsed": 102.573097, "datetime": "2020-06-14 09:44:46"}}
{"target": 8.875, "params": {"cue_position": 10.0, "beta_rec": 0.18528923936855235, "beta_enc": 0.5514315736733725, "gamma_fc": 0.9473759179539593, "gamma_cf": 0.1853176459376844}, "datetime": {"delta": 0.364696, "elapsed": 102.937793, "datetime": "2020-06-14 09:44:47"}}
{"target": 7.125, "params": {"cue_position": 10.0, "beta_rec": 0.9639177674239978, "beta_enc": 0.4938246574910856, "gamma_fc": 0.9676952459611975, "gamma_cf": 0.4843157730323856}, "datetime": {"delta": 0.326803, "elapsed": 103.264596, "datetime": "2020-06-14 09:44:47"}}
{"target": 8.0, "params": {"cue_position": 10.0, "beta_rec": 0.6323298746664966, "beta_enc": 0.14318978170876284, "gamma_fc": 0.05935722533895749, "gamma_cf": 0.43383982715272595}, "datetime": {"delta": 0.34621, "elapsed": 103.610806, "datetime": "2020-06-14 09:44:47"}}
{"target": 8.75, "params": {"cue_position": 10.0, "beta_rec": 0.46513394351807746, "beta_enc": 0.4927226011660333, "gamma_fc": 0.3914303629842686, "gamma_cf": 0.25666098995297626}, "datetime": {"delta": 0.360517, "elapsed": 103.971323, "datetime": "2020-06-14 09:44:48"}}
{"target": 8.75, "params": {"cue_position": 10.0, "beta_rec": 0.6864434151723641, "beta_enc": 0.24017220722137722, "gamma_fc": 0.8214467402262973, "gamma_cf": 0.1774295368682619}, "datetime": {"delta": 0.362684, "elapsed": 104.334007, "datetime": "2020-06-14 09:44:48"}}
{"target": 8.0, "params": {"cue_position": 10.0, "beta_rec": 0.05797581337276703, "beta_enc": 0.2309885592816333, "gamma_fc": 0.8885421033562281, "gamma_cf": 0.9351531155423887}, "datetime": {"delta": 0.345222, "elapsed": 104.679229, "datetime": "2020-06-14 09:44:48"}}
{"target": 9.375, "params": {"cue_position": 10.0, "beta_rec": 0.9477640661016069, "beta_enc": 0.28926049548291, "gamma_fc": 0.4680495548664728, "gamma_cf": 0.4346547940716735}, "datetime": {"delta": 0.37459, "elapsed": 105.053819, "datetime": "2020-06-14 09:44:49"}}
{"target": 9.625, "params": {"cue_position": 10.0, "beta_rec": 0.15803183496381268, "beta_enc": 0.6298530215834227, "gamma_fc": 0.015443631942760883, "gamma_cf": 0.26551201747238584}, "datetime": {"delta": 0.38075, "elapsed": 105.434569, "datetime": "2020-06-14 09:44:49"}}
{"target": 8.0, "params": {"cue_position": 10.0, "beta_rec": 0.5514688358127765, "beta_enc": 0.6744988441622575, "gamma_fc": 0.14578543121477705, "gamma_cf": 0.7802023371197586}, "datetime": {"delta": 0.345717, "elapsed": 105.780286, "datetime": "2020-06-14 09:44:50"}}
{"target": 8.75, "params": {"cue_position": 10.0, "beta_rec": 0.2923137620392837, "beta_enc": 0.2448806387618836, "gamma_fc": 0.8699761802716075, "gamma_cf": 0.08793868377060332}, "datetime": {"delta": 0.363648, "elapsed": 106.143934, "datetime": "2020-06-14 09:44:50"}}
{"target": 8.25, "params": {"cue_position": 10.0, "beta_rec": 0.6837103358216379, "beta_enc": 0.08818864557151007, "gamma_fc": 0.5572682300749138, "gamma_cf": 0.010699003144174157}, "datetime": {"delta": 0.352238, "elapsed": 106.496172, "datetime": "2020-06-14 09:44:50"}}
{"target": 10.25, "params": {"cue_position": 10.0, "beta_rec": 0.8604566673368852, "beta_enc": 0.9071090552203707, "gamma_fc": 0.8008593551300331, "gamma_cf": 0.02715882932586222}, "datetime": {"delta": 0.393803, "elapsed": 106.889975, "datetime": "2020-06-14 09:44:51"}}
{"target": 6.625, "params": {"cue_position": 10.0, "beta_rec": 0.8684881163027721, "beta_enc": 0.805984932289666, "gamma_fc": 0.8974982823028202, "gamma_cf": 0.8077788623150765}, "datetime": {"delta": 0.31613, "elapsed": 107.206105, "datetime": "2020-06-14 09:44:51"}}
{"target": 7.625, "params": {"cue_position": 10.0, "beta_rec": 0.5578253037149105, "beta_enc": 0.4538299504900123, "gamma_fc": 0.6829068676298748, "gamma_cf": 0.6919839045242188}, "datetime": {"delta": 0.337544, "elapsed": 107.543649, "datetime": "2020-06-14 09:44:51"}}
{"target": 9.75, "params": {"cue_position": 10.0, "beta_rec": 0.8284681480854713, "beta_enc": 0.5203136358633165, "gamma_fc": 0.28184508814324294, "gamma_cf": 0.8248585623852319}, "datetime": {"delta": 0.384127, "elapsed": 107.927776, "datetime": "2020-06-14 09:44:52"}}
{"target": 7.875, "params": {"cue_position": 10.0, "beta_rec": 0.969870570344714, "beta_enc": 0.17849483297748825, "gamma_fc": 0.5812353422911717, "gamma_cf": 0.25979169330441454}, "datetime": {"delta": 0.343396, "elapsed": 108.271172, "datetime": "2020-06-14 09:44:52"}}
{"target": 5.5, "params": {"cue_position": 10.0, "beta_rec": 0.0807539078120788, "beta_enc": 0.9552622535381868, "gamma_fc": 0.22449347883595772, "gamma_cf": 0.6191348314199072}, "datetime": {"delta": 0.292728, "elapsed": 108.5639, "datetime": "2020-06-14 09:44:52"}}
{"target": 7.125, "params": {"cue_position": 10.0, "beta_rec": 0.5681525429491051, "beta_enc": 0.7651839567335081, "gamma_fc": 0.08428305143655679, "gamma_cf": 0.10781390079459241}, "datetime": {"delta": 0.32804, "elapsed": 108.89194, "datetime": "2020-06-14 09:44:53"}}
{"target": 8.375, "params": {"cue_position": 10.0, "beta_rec": 0.4097312611340205, "beta_enc": 0.6251210683054896, "gamma_fc": 0.6721444096568486, "gamma_cf": 0.3710639450161891}, "datetime": {"delta": 0.354297, "elapsed": 109.246237, "datetime": "2020-06-14 09:44:53"}}
{"target": 7.5, "params": {"cue_position": 10.0, "beta_rec": 0.8957291085287041, "beta_enc": 0.1895874001915857, "gamma_fc": 0.7300825577402602, "gamma_cf": 0.9615725424345338}, "datetime": {"delta": 0.335949, "elapsed": 109.582186, "datetime": "2020-06-14 09:44:53"}}
{"target": 8.625, "params": {"cue_position": 10.0, "beta_rec": 0.7437491963512196, "beta_enc": 0.4062884276883151, "gamma_fc": 0.605896361217858, "gamma_cf": 0.3144172223907462}, "datetime": {"delta": 0.361358, "elapsed": 109.943544, "datetime": "2020-06-14 09:44:54"}}
{"target": 7.25, "params": {"cue_position": 10.0, "beta_rec": 0.8786609763158111, "beta_enc": 0.5948471334079176, "gamma_fc": 0.9410132668189013, "gamma_cf": 0.7661883652028217}, "datetime": {"delta": 0.331863, "elapsed": 110.275407, "datetime": "2020-06-14 09:44:54"}}
{"target": 9.25, "params": {"cue_position": 10.0, "beta_rec": 0.47608911800210485, "beta_enc": 0.001032932657734631, "gamma_fc": 0.18373941187600173, "gamma_cf": 0.8433232139195225}, "datetime": {"delta": 0.375011, "elapsed": 110.650418, "datetime": "2020-06-14 09:44:54"}}
{"target": 6.0, "params": {"cue_position": 10.0, "beta_rec": 0.36436547985702794, "beta_enc": 0.8561592379873718, "gamma_fc": 0.08539013912317062, "gamma_cf": 0.02771174012236499}, "datetime": {"delta": 0.304199, "elapsed": 110.954617, "datetime": "2020-06-14 09:44:55"}}
{"target": 7.5, "params": {"cue_position": 10.0, "beta_rec": 0.6095019257734966, "beta_enc": 0.9814104657541125, "gamma_fc": 0.64990115308969, "gamma_cf": 0.16921418469369054}, "datetime": {"delta": 0.335035, "elapsed": 111.289652, "datetime": "2020-06-14 09:44:55"}}
{"target": 8.5, "params": {"cue_position": 10.0, "beta_rec": 0.31161391346070466, "beta_enc": 0.03697506835935782, "gamma_fc": 0.6508312566756971, "gamma_cf": 0.6074418935145536}, "datetime": {"delta": 0.356714, "elapsed": 111.646366, "datetime": "2020-06-14 09:44:55"}}
