{"target": 7.331333333333333, "params": {"beta_enc": 0.3020967312900983, "gamma_fc": 0.2867116496064306, "cue_position": 4.0, "beta_rec": 0.8830285085638342}, "datetime": {"delta": 50.515029, "elapsed": 8148.786328, "datetime": "2020-10-03 19:23:49"}}
{"target": 7.531777777777778, "params": {"beta_enc": 0.13835468979294652, "gamma_fc": 0.3241385298974466, "cue_position": 4.0, "beta_rec": 0.29014446310454167}, "datetime": {"delta": 54.571603, "elapsed": 8203.357931, "datetime": "2020-10-03 19:24:44"}}
{"target": 7.176, "params": {"beta_enc": 0.45736018169099846, "gamma_fc": 0.4263481542362306, "cue_position": 4.0, "beta_rec": 0.44411710701661444}, "datetime": {"delta": 61.065957, "elapsed": 8264.423888, "datetime": "2020-10-03 19:25:45"}}
{"target": 7.335777777777777, "params": {"beta_enc": 0.3456988211755023, "gamma_fc": 0.4672458239265538, "cue_position": 4.0, "beta_rec": 0.6749716048091052}, "datetime": {"delta": 61.985301, "elapsed": 8326.409189, "datetime": "2020-10-03 19:26:47"}}
{"target": 7.355777777777779, "params": {"beta_enc": 0.31476568732401644, "gamma_fc": 0.4476890001456285, "cue_position": 4.0, "beta_rec": 0.6268556021628346}, "datetime": {"delta": 48.637138, "elapsed": 8375.046327, "datetime": "2020-10-03 19:27:35"}}
{"target": 6.158666666666667, "params": {"beta_enc": 0.7844574187919231, "gamma_fc": 0.13184097502750214, "cue_position": 4.0, "beta_rec": 0.4569657005615504}, "datetime": {"delta": 57.615072, "elapsed": 8432.661399, "datetime": "2020-10-03 19:28:33"}}
{"target": 7.2844444444444445, "params": {"beta_enc": 0.43298150696764814, "gamma_fc": 0.7667745872371021, "cue_position": 4.0, "beta_rec": 0.9093119886549367}, "datetime": {"delta": 64.768452, "elapsed": 8497.429851, "datetime": "2020-10-03 19:29:38"}}
{"target": 6.975555555555556, "params": {"beta_enc": 0.5047006080958943, "gamma_fc": 0.06780693434095375, "cue_position": 4.0, "beta_rec": 0.49805562482800747}, "datetime": {"delta": 41.869477, "elapsed": 8539.299328, "datetime": "2020-10-03 19:30:20"}}
{"target": 6.701777777777778, "params": {"beta_enc": 0.5732722715496846, "gamma_fc": 0.1944658095278845, "cue_position": 4.0, "beta_rec": 0.9427625754329493}, "datetime": {"delta": 55.682378, "elapsed": 8594.981706, "datetime": "2020-10-03 19:31:15"}}
{"target": 5.44911111111111, "params": {"beta_enc": 0.8479393924434762, "gamma_fc": 0.5402609403968999, "cue_position": 4.0, "beta_rec": 0.25163914235585283}, "datetime": {"delta": 33.712901, "elapsed": 8628.694607, "datetime": "2020-10-03 19:31:49"}}
{"target": 5.433999999999999, "params": {"beta_enc": 0.9488362882802196, "gamma_fc": 0.007932876194523097, "cue_position": 4.0, "beta_rec": 0.6243367024026759}, "datetime": {"delta": 32.044414, "elapsed": 8660.739021, "datetime": "2020-10-03 19:32:21"}}
{"target": 2.178666666666667, "params": {"beta_enc": 0.989340056166638, "gamma_fc": 0.9461523954567653, "cue_position": 4.0, "beta_rec": 0.07771457033238649}, "datetime": {"delta": 34.41028, "elapsed": 8695.149301, "datetime": "2020-10-03 19:32:55"}}
{"target": 7.544, "params": {"beta_enc": 0.008939102371245067, "gamma_fc": 0.4398308142085725, "cue_position": 4.0, "beta_rec": 0.8227300054219355}, "datetime": {"delta": 51.306356, "elapsed": 8746.455657, "datetime": "2020-10-03 19:33:47"}}
{"target": 7.283111111111111, "params": {"beta_enc": 0.2557451938059312, "gamma_fc": 0.13433860865569613, "cue_position": 4.0, "beta_rec": 0.8026895196332986}, "datetime": {"delta": 52.091251, "elapsed": 8798.546908, "datetime": "2020-10-03 19:34:39"}}
{"target": 4.314444444444444, "params": {"beta_enc": 0.9278489928250108, "gamma_fc": 0.8567024965177922, "cue_position": 4.0, "beta_rec": 0.8959699670066484}, "datetime": {"delta": 29.141014, "elapsed": 8827.687922, "datetime": "2020-10-03 19:35:08"}}
{"target": 7.239999999999999, "params": {"beta_enc": 0.41857802576409864, "gamma_fc": 0.5057420174508104, "cue_position": 4.0, "beta_rec": 0.6834649001663011}, "datetime": {"delta": 38.380708, "elapsed": 8866.06863, "datetime": "2020-10-03 19:35:46"}}
{"target": 7.412000000000001, "params": {"beta_enc": 0.1895517028339273, "gamma_fc": 0.10345955611640134, "cue_position": 4.0, "beta_rec": 0.9649889241109139}, "datetime": {"delta": 41.259677, "elapsed": 8907.328307, "datetime": "2020-10-03 19:36:28"}}
{"target": 7.536444444444444, "params": {"beta_enc": 0.1443154002290481, "gamma_fc": 0.5644983202408741, "cue_position": 4.0, "beta_rec": 0.014092294192442956}, "datetime": {"delta": 53.235293, "elapsed": 8960.5636, "datetime": "2020-10-03 19:37:21"}}
{"target": 5.7844444444444445, "params": {"beta_enc": 0.7945783511847522, "gamma_fc": 0.6957642142718394, "cue_position": 4.0, "beta_rec": 0.5070799232841364}, "datetime": {"delta": 37.430085, "elapsed": 8997.993685, "datetime": "2020-10-03 19:37:58"}}
{"target": 6.149777777777777, "params": {"beta_enc": 0.7778484768591754, "gamma_fc": 0.1797942976929744, "cue_position": 4.0, "beta_rec": 0.4064828689770863}, "datetime": {"delta": 61.045296, "elapsed": 9059.038981, "datetime": "2020-10-03 19:38:59"}}
{"target": 7.455111111111111, "params": {"beta_enc": 0.321819963387904, "gamma_fc": 0.2414187479655988, "cue_position": 4.0, "beta_rec": 0.1726046201197925}, "datetime": {"delta": 54.338116, "elapsed": 9113.377097, "datetime": "2020-10-03 19:39:54"}}
{"target": 7.345777777777778, "params": {"beta_enc": 0.4069219941293579, "gamma_fc": 0.9824909449748953, "cue_position": 4.0, "beta_rec": 0.9752223424373121}, "datetime": {"delta": 61.067123, "elapsed": 9174.44422, "datetime": "2020-10-03 19:40:55"}}
{"target": 6.675999999999999, "params": {"beta_enc": 0.6363061258559836, "gamma_fc": 0.6195867393685738, "cue_position": 4.0, "beta_rec": 0.375091018393911}, "datetime": {"delta": 65.463817, "elapsed": 9239.908037, "datetime": "2020-10-03 19:42:00"}}
{"target": 7.4046666666666665, "params": {"beta_enc": 0.25203308013083936, "gamma_fc": 0.3575111673304414, "cue_position": 4.0, "beta_rec": 0.7928556779768876}, "datetime": {"delta": 69.758086, "elapsed": 9309.666123, "datetime": "2020-10-03 19:43:10"}}
{"target": 7.444666666666667, "params": {"beta_enc": 0.33027693652508094, "gamma_fc": 0.8082780137053801, "cue_position": 4.0, "beta_rec": 0.6973688756131394}, "datetime": {"delta": 70.041794, "elapsed": 9379.707917, "datetime": "2020-10-03 19:44:20"}}
{"target": 7.466222222222221, "params": {"beta_enc": 0.2952887943998478, "gamma_fc": 0.8553564125953698, "cue_position": 4.0, "beta_rec": 0.5441213835853572}, "datetime": {"delta": 70.019944, "elapsed": 9449.727861, "datetime": "2020-10-03 19:45:30"}}
{"target": 7.530222222222221, "params": {"beta_enc": 0.0, "gamma_fc": 0.10665426732105565, "cue_position": 4.0, "beta_rec": 0.9188727963039001}, "datetime": {"delta": 70.084991, "elapsed": 9519.812852, "datetime": "2020-10-03 19:46:40"}}
{"target": 7.564222222222222, "params": {"beta_enc": 0.11007050683052884, "gamma_fc": 0.9938076586654128, "cue_position": 4.0, "beta_rec": 0.0}, "datetime": {"delta": 74.910912, "elapsed": 9594.723764, "datetime": "2020-10-03 19:47:55"}}
{"target": 7.586, "params": {"beta_enc": 0.0, "gamma_fc": 0.0, "cue_position": 4.0, "beta_rec": 0.8189881388827843}, "datetime": {"delta": 79.063386, "elapsed": 9673.78715, "datetime": "2020-10-03 19:49:14"}}
{"target": 7.560222222222222, "params": {"beta_enc": 0.00681872551645421, "gamma_fc": 0.754981152304834, "cue_position": 4.0, "beta_rec": 0.8896634605885871}, "datetime": {"delta": 78.554771, "elapsed": 9752.341921, "datetime": "2020-10-03 19:50:33"}}
{"target": 7.55911111111111, "params": {"beta_enc": 0.0, "gamma_fc": 0.026500502417186513, "cue_position": 4.0, "beta_rec": 0.22463956534457236}, "datetime": {"delta": 79.732764, "elapsed": 9832.074685, "datetime": "2020-10-03 19:51:52"}}
{"target": 1.0, "params": {"beta_enc": 0.0, "gamma_fc": 0.0, "cue_position": 4.0, "beta_rec": 1.0}, "datetime": {"delta": 39.184413, "elapsed": 9871.259098, "datetime": "2020-10-03 19:52:32"}}
{"target": 7.586444444444444, "params": {"beta_enc": 0.037242452415621075, "gamma_fc": 0.017848040396823528, "cue_position": 4.0, "beta_rec": 0.8997816632062005}, "datetime": {"delta": 90.104671, "elapsed": 9961.363769, "datetime": "2020-10-03 19:54:02"}}
{"target": 7.610666666666667, "params": {"beta_enc": 0.02825073630272372, "gamma_fc": 0.016917954885225836, "cue_position": 4.0, "beta_rec": 0.9358300694889533}, "datetime": {"delta": 91.452316, "elapsed": 10052.816085, "datetime": "2020-10-03 19:55:33"}}
{"target": 7.595999999999999, "params": {"beta_enc": 0.023345001613670313, "gamma_fc": 0.01656017707896051, "cue_position": 4.0, "beta_rec": 0.9425820618890258}, "datetime": {"delta": 91.761851, "elapsed": 10144.577936, "datetime": "2020-10-03 19:57:05"}}
{"target": 7.5791111111111125, "params": {"beta_enc": 0.03457770823429119, "gamma_fc": 0.011798556454780394, "cue_position": 4.0, "beta_rec": 0.9407671370066927}, "datetime": {"delta": 91.643254, "elapsed": 10236.22119, "datetime": "2020-10-03 19:58:36"}}
{"target": 7.58288888888889, "params": {"beta_enc": 0.0347267923836538, "gamma_fc": 0.019094715975671923, "cue_position": 4.0, "beta_rec": 0.9208565405283246}, "datetime": {"delta": 92.080822, "elapsed": 10328.302012, "datetime": "2020-10-03 20:00:09"}}
{"target": 7.6097777777777775, "params": {"beta_enc": 0.008994162281770635, "gamma_fc": 0.009509725395269952, "cue_position": 4.0, "beta_rec": 0.8590435206761194}, "datetime": {"delta": 91.499459, "elapsed": 10419.801471, "datetime": "2020-10-03 20:01:40"}}
{"target": 7.549111111111111, "params": {"beta_enc": 0.15624968435532977, "gamma_fc": 0.5258557901656715, "cue_position": 4.0, "beta_rec": 0.03467187324479797}, "datetime": {"delta": 91.440933, "elapsed": 10511.242404, "datetime": "2020-10-03 20:03:11"}}
{"target": 7.641999999999999, "params": {"beta_enc": 0.02001491310972744, "gamma_fc": 0.00852926503711225, "cue_position": 4.0, "beta_rec": 0.8439376036213632}, "datetime": {"delta": 91.218503, "elapsed": 10602.460907, "datetime": "2020-10-03 20:04:43"}}
{"target": 7.492, "params": {"beta_enc": 0.23059501968560633, "gamma_fc": 0.6838257358736496, "cue_position": 4.0, "beta_rec": 0.8346859012197165}, "datetime": {"delta": 91.439395, "elapsed": 10693.900302, "datetime": "2020-10-03 20:06:14"}}
{"target": 7.4864444444444445, "params": {"beta_enc": 0.22173295318452482, "gamma_fc": 0.39345455213545877, "cue_position": 4.0, "beta_rec": 0.2481054030544535}, "datetime": {"delta": 91.489448, "elapsed": 10785.38975, "datetime": "2020-10-03 20:07:46"}}
{"target": 7.586444444444444, "params": {"beta_enc": 0.027532995940720853, "gamma_fc": 0.00023167151217125682, "cue_position": 4.0, "beta_rec": 0.8751951319239717}, "datetime": {"delta": 92.139225, "elapsed": 10877.528975, "datetime": "2020-10-03 20:09:18"}}
{"target": 7.543555555555555, "params": {"beta_enc": 0.026229087725574574, "gamma_fc": 0.029244302784129664, "cue_position": 4.0, "beta_rec": 0.8599702794301167}, "datetime": {"delta": 91.819498, "elapsed": 10969.348473, "datetime": "2020-10-03 20:10:50"}}
{"target": 7.51288888888889, "params": {"beta_enc": 0.2400404410866069, "gamma_fc": 0.529503663466082, "cue_position": 4.0, "beta_rec": 0.1356042644211884}, "datetime": {"delta": 90.852835, "elapsed": 11060.201308, "datetime": "2020-10-03 20:12:20"}}
{"target": 7.526222222222222, "params": {"beta_enc": 0.23654618244954076, "gamma_fc": 0.8412433088709463, "cue_position": 4.0, "beta_rec": 0.5486136897251451}, "datetime": {"delta": 90.773095, "elapsed": 11150.974403, "datetime": "2020-10-03 20:13:51"}}
{"target": 7.552, "params": {"beta_enc": 0.04137828748402661, "gamma_fc": 0.8022222597174313, "cue_position": 4.0, "beta_rec": 0.5580557592140819}, "datetime": {"delta": 90.774222, "elapsed": 11241.748625, "datetime": "2020-10-03 20:15:22"}}
{"target": 7.489777777777777, "params": {"beta_enc": 0.15147425970872533, "gamma_fc": 0.21959303803496527, "cue_position": 4.0, "beta_rec": 0.8060477481308771}, "datetime": {"delta": 90.586408, "elapsed": 11332.335033, "datetime": "2020-10-03 20:16:53"}}
{"target": 7.516, "params": {"beta_enc": 0.1100832427065741, "gamma_fc": 0.5103135463781342, "cue_position": 4.0, "beta_rec": 0.8897429946233809}, "datetime": {"delta": 91.006809, "elapsed": 11423.341842, "datetime": "2020-10-03 20:18:24"}}
{"target": 7.544888888888889, "params": {"beta_enc": 0.13113756768693174, "gamma_fc": 0.3322682807019562, "cue_position": 4.0, "beta_rec": 0.050248030707137625}, "datetime": {"delta": 91.449908, "elapsed": 11514.79175, "datetime": "2020-10-03 20:19:55"}}
{"target": 7.515777777777776, "params": {"beta_enc": 0.04872194737417821, "gamma_fc": 0.9531842337196627, "cue_position": 4.0, "beta_rec": 0.2479810801037689}, "datetime": {"delta": 91.054993, "elapsed": 11605.846743, "datetime": "2020-10-03 20:21:26"}}
{"target": 7.519111111111111, "params": {"beta_enc": 0.17092992567188905, "gamma_fc": 0.3544331836795892, "cue_position": 4.0, "beta_rec": 0.7945044560547295}, "datetime": {"delta": 90.752574, "elapsed": 11696.599317, "datetime": "2020-10-03 20:22:57"}}
{"target": 7.492444444444445, "params": {"beta_enc": 0.22423660462412984, "gamma_fc": 0.622395072710084, "cue_position": 4.0, "beta_rec": 0.8696607027060246}, "datetime": {"delta": 91.939163, "elapsed": 11788.53848, "datetime": "2020-10-03 20:24:29"}}
{"target": 7.565777777777778, "params": {"beta_enc": 0.15939596495135439, "gamma_fc": 0.581752569897564, "cue_position": 4.0, "beta_rec": 0.12550393829195106}, "datetime": {"delta": 91.604442, "elapsed": 11880.142922, "datetime": "2020-10-03 20:26:00"}}
{"target": 7.589111111111111, "params": {"beta_enc": 0.028353302365252464, "gamma_fc": 0.0010314180458005362, "cue_position": 4.0, "beta_rec": 0.9233283988734946}, "datetime": {"delta": 92.682664, "elapsed": 11972.825586, "datetime": "2020-10-03 20:27:33"}}
{"target": 7.5600000000000005, "params": {"beta_enc": 0.02338323762050797, "gamma_fc": 0.11545285267744243, "cue_position": 4.0, "beta_rec": 0.9013402479978128}, "datetime": {"delta": 92.554144, "elapsed": 12065.37973, "datetime": "2020-10-03 20:29:06"}}
{"target": 7.544222222222222, "params": {"beta_enc": 0.04592661693527697, "gamma_fc": 0.45632975211521515, "cue_position": 4.0, "beta_rec": 0.842805551130328}, "datetime": {"delta": 91.737693, "elapsed": 12157.117423, "datetime": "2020-10-03 20:30:37"}}
{"target": 7.523333333333333, "params": {"beta_enc": 0.09714616607358238, "gamma_fc": 0.4896716441804546, "cue_position": 4.0, "beta_rec": 0.2122840608761617}, "datetime": {"delta": 65.202821, "elapsed": 12222.320244, "datetime": "2020-10-03 20:31:43"}}
{"target": 7.540666666666667, "params": {"beta_enc": 0.10325634182388287, "gamma_fc": 0.14501497262257285, "cue_position": 4.0, "beta_rec": 0.2386809317827123}, "datetime": {"delta": 53.803998, "elapsed": 12276.124242, "datetime": "2020-10-03 20:32:36"}}
{"target": 7.505777777777778, "params": {"beta_enc": 0.13691751513869818, "gamma_fc": 0.27011535463775654, "cue_position": 4.0, "beta_rec": 0.4365018025353979}, "datetime": {"delta": 54.052027, "elapsed": 12330.176269, "datetime": "2020-10-03 20:33:30"}}
{"target": 7.572444444444445, "params": {"beta_enc": 0.18064866889657064, "gamma_fc": 0.3412151688054755, "cue_position": 4.0, "beta_rec": 0.26405614080715534}, "datetime": {"delta": 54.55783, "elapsed": 12384.734099, "datetime": "2020-10-03 20:34:25"}}
{"target": 7.535555555555556, "params": {"beta_enc": 0.17765243435693995, "gamma_fc": 0.48286466023919977, "cue_position": 4.0, "beta_rec": 0.07023041605959053}, "datetime": {"delta": 88.839921, "elapsed": 12473.57402, "datetime": "2020-10-03 20:35:54"}}
{"target": 7.547777777777777, "params": {"beta_enc": 0.05806496478873562, "gamma_fc": 0.2667403967942195, "cue_position": 4.0, "beta_rec": 0.031600991482356476}, "datetime": {"delta": 90.763487, "elapsed": 12564.337507, "datetime": "2020-10-03 20:37:25"}}
{"target": 7.573333333333333, "params": {"beta_enc": 0.19023754834013804, "gamma_fc": 0.5420048825887084, "cue_position": 4.0, "beta_rec": 0.08959758534478159}, "datetime": {"delta": 88.727613, "elapsed": 12653.06512, "datetime": "2020-10-03 20:38:53"}}
{"target": 7.507111111111112, "params": {"beta_enc": 0.15070063981105783, "gamma_fc": 0.5734920611055673, "cue_position": 4.0, "beta_rec": 0.06908221696200757}, "datetime": {"delta": 88.785633, "elapsed": 12741.850753, "datetime": "2020-10-03 20:40:22"}}
{"target": 7.531999999999999, "params": {"beta_enc": 0.1470462731624798, "gamma_fc": 0.41566980288126015, "cue_position": 4.0, "beta_rec": 0.8352185680930472}, "datetime": {"delta": 88.749262, "elapsed": 12830.600015, "datetime": "2020-10-03 20:41:51"}}
{"target": 7.504444444444443, "params": {"beta_enc": 0.19903355761292094, "gamma_fc": 0.6094398678569825, "cue_position": 4.0, "beta_rec": 0.12864695821556532}, "datetime": {"delta": 88.367751, "elapsed": 12918.967766, "datetime": "2020-10-03 20:43:19"}}
{"target": 7.524444444444444, "params": {"beta_enc": 0.15344364569416555, "gamma_fc": 0.37201015954780375, "cue_position": 4.0, "beta_rec": 0.2778787273186118}, "datetime": {"delta": 89.543918, "elapsed": 13008.511684, "datetime": "2020-10-03 20:44:49"}}
{"target": 7.545333333333334, "params": {"beta_enc": 0.17570795711018525, "gamma_fc": 0.8121702359161894, "cue_position": 4.0, "beta_rec": 0.3764752810466382}, "datetime": {"delta": 88.945468, "elapsed": 13097.457152, "datetime": "2020-10-03 20:46:18"}}
{"target": 7.554666666666668, "params": {"beta_enc": 0.11607567695927322, "gamma_fc": 0.34700642460079434, "cue_position": 4.0, "beta_rec": 0.41530785147635557}, "datetime": {"delta": 90.37538, "elapsed": 13187.832532, "datetime": "2020-10-03 20:47:48"}}
{"target": 7.522666666666666, "params": {"beta_enc": 0.030355119719789346, "gamma_fc": 0.054094419894673396, "cue_position": 4.0, "beta_rec": 0.22258714072451308}, "datetime": {"delta": 89.335979, "elapsed": 13277.168511, "datetime": "2020-10-03 20:49:17"}}
{"target": 7.492222222222222, "params": {"beta_enc": 0.1894915739209016, "gamma_fc": 0.6743573818516146, "cue_position": 4.0, "beta_rec": 0.7742859958046814}, "datetime": {"delta": 89.242853, "elapsed": 13366.411364, "datetime": "2020-10-03 20:50:47"}}
{"target": 7.515111111111111, "params": {"beta_enc": 0.18253231515838103, "gamma_fc": 0.34046092016043333, "cue_position": 4.0, "beta_rec": 0.3066995440691779}, "datetime": {"delta": 88.722433, "elapsed": 13455.133797, "datetime": "2020-10-03 20:52:15"}}
{"target": 7.56, "params": {"beta_enc": 0.16669117213331175, "gamma_fc": 0.09034850665358818, "cue_position": 4.0, "beta_rec": 0.2966501867631739}, "datetime": {"delta": 58.707857, "elapsed": 13513.841654, "datetime": "2020-10-03 20:53:14"}}
{"target": 7.500666666666666, "params": {"beta_enc": 0.2153475257752697, "gamma_fc": 0.4634988512401724, "cue_position": 4.0, "beta_rec": 0.20729491906197678}, "datetime": {"delta": 50.546316, "elapsed": 13564.38797, "datetime": "2020-10-03 20:54:05"}}
{"target": 7.5328888888888885, "params": {"beta_enc": 0.08111610836123263, "gamma_fc": 0.6779067141759382, "cue_position": 4.0, "beta_rec": 0.11649626557995764}, "datetime": {"delta": 50.727299, "elapsed": 13615.115269, "datetime": "2020-10-03 20:54:55"}}
{"target": 7.5166666666666675, "params": {"beta_enc": 0.11671489756271321, "gamma_fc": 0.18854884255783078, "cue_position": 4.0, "beta_rec": 0.25052512522104786}, "datetime": {"delta": 50.736226, "elapsed": 13665.851495, "datetime": "2020-10-03 20:55:46"}}
{"target": 7.528666666666666, "params": {"beta_enc": 0.1543321020917624, "gamma_fc": 0.5708650966106917, "cue_position": 4.0, "beta_rec": 0.8903836710227181}, "datetime": {"delta": 50.964618, "elapsed": 13716.816113, "datetime": "2020-10-03 20:56:37"}}
{"target": 7.482666666666667, "params": {"beta_enc": 0.19853371149092983, "gamma_fc": 0.5285003073751458, "cue_position": 4.0, "beta_rec": 0.8725978455051231}, "datetime": {"delta": 50.194562, "elapsed": 13767.010675, "datetime": "2020-10-03 20:57:27"}}
{"target": 7.497555555555555, "params": {"beta_enc": 0.1740660390940067, "gamma_fc": 0.820907857190246, "cue_position": 4.0, "beta_rec": 0.5235310122736883}, "datetime": {"delta": 50.533978, "elapsed": 13817.544653, "datetime": "2020-10-03 20:58:18"}}
{"target": 7.504666666666667, "params": {"beta_enc": 0.13128077472468924, "gamma_fc": 0.08489598595582229, "cue_position": 4.0, "beta_rec": 0.11700991157820935}, "datetime": {"delta": 50.278711, "elapsed": 13867.823364, "datetime": "2020-10-03 20:59:08"}}
{"target": 7.52488888888889, "params": {"beta_enc": 0.06843136018246253, "gamma_fc": 0.5507058416164927, "cue_position": 4.0, "beta_rec": 0.5156953476112762}, "datetime": {"delta": 50.800519, "elapsed": 13918.623883, "datetime": "2020-10-03 20:59:59"}}
{"target": 7.509777777777778, "params": {"beta_enc": 0.1669647481799855, "gamma_fc": 0.08384907787618419, "cue_position": 4.0, "beta_rec": 0.24865213768798772}, "datetime": {"delta": 50.831254, "elapsed": 13969.455137, "datetime": "2020-10-03 21:00:50"}}
{"target": 7.488888888888889, "params": {"beta_enc": 0.2675211408919777, "gamma_fc": 0.7534778468856367, "cue_position": 4.0, "beta_rec": 0.8015573216334672}, "datetime": {"delta": 50.854735, "elapsed": 14020.309872, "datetime": "2020-10-03 21:01:41"}}
{"target": 7.535555555555556, "params": {"beta_enc": 0.11297688459095373, "gamma_fc": 0.1707593533677931, "cue_position": 4.0, "beta_rec": 0.19980306814517407}, "datetime": {"delta": 51.134948, "elapsed": 14071.44482, "datetime": "2020-10-03 21:02:32"}}
{"target": 7.536666666666666, "params": {"beta_enc": 0.05648376317498393, "gamma_fc": 0.41548508671744455, "cue_position": 4.0, "beta_rec": 0.817954099025277}, "datetime": {"delta": 50.956857, "elapsed": 14122.401677, "datetime": "2020-10-03 21:03:23"}}
{"target": 7.548444444444444, "params": {"beta_enc": 0.13863094740512807, "gamma_fc": 0.30479472630560833, "cue_position": 4.0, "beta_rec": 0.7845646305551379}, "datetime": {"delta": 50.613443, "elapsed": 14173.01512, "datetime": "2020-10-03 21:04:13"}}
