{"target": 6.656666666666666, "params": {"k": 5.0, "cue_position": 10.0, "gamma_fc": 0.43359232727316455, "beta_rec": 0.31446701118584963, "beta_enc": 0.5336533449712114, "enc_rate": 1.0}, "datetime": {"elapsed": 1698.091168, "delta": 21.448637, "datetime": "2021-03-11 16:39:10"}}
{"target": 4.351111111111111, "params": {"k": 5.0, "cue_position": 10.0, "gamma_fc": 0.027287223517468817, "beta_rec": 0.030949006271150714, "beta_enc": 0.9388864773697133, "enc_rate": 1.0}, "datetime": {"elapsed": 1715.167291, "delta": 17.076123, "datetime": "2021-03-11 16:39:27"}}
{"target": 7.385111111111111, "params": {"k": 5.0, "cue_position": 10.0, "gamma_fc": 0.45285349995153745, "beta_rec": 0.8594893208655858, "beta_enc": 0.3259898117700253, "enc_rate": 1.0}, "datetime": {"elapsed": 1737.947991, "delta": 22.7807, "datetime": "2021-03-11 16:39:50"}}
{"target": 7.368222222222222, "params": {"k": 5.0, "cue_position": 10.0, "gamma_fc": 0.5172675985011298, "beta_rec": 0.009348577966515781, "beta_enc": 0.2900968516874258, "enc_rate": 1.0}, "datetime": {"elapsed": 1760.750998, "delta": 22.803007, "datetime": "2021-03-11 16:40:12"}}
{"target": 7.199111111111111, "params": {"k": 5.0, "cue_position": 10.0, "gamma_fc": 0.9368683813090937, "beta_rec": 0.2473960366023854, "beta_enc": 0.426474788501396, "enc_rate": 1.0}, "datetime": {"elapsed": 1783.201057, "delta": 22.450059, "datetime": "2021-03-11 16:40:35"}}
{"target": 4.985111111111111, "params": {"k": 5.0, "cue_position": 10.0, "gamma_fc": 0.31437661611405043, "beta_rec": 0.22790028995131695, "beta_enc": 0.9202065143056605, "enc_rate": 1.0}, "datetime": {"elapsed": 1801.477488, "delta": 18.276431, "datetime": "2021-03-11 16:40:53"}}
{"target": 6.624444444444444, "params": {"k": 5.0, "cue_position": 10.0, "gamma_fc": 0.7018765297563104, "beta_rec": 0.41358641500116133, "beta_enc": 0.6070941619724605, "enc_rate": 1.0}, "datetime": {"elapsed": 1822.873409, "delta": 21.395921, "datetime": "2021-03-11 16:41:14"}}
{"target": 6.69, "params": {"k": 5.0, "cue_position": 10.0, "gamma_fc": 0.6641025553547935, "beta_rec": 0.34898759722078887, "beta_enc": 0.5742190888408597, "enc_rate": 1.0}, "datetime": {"elapsed": 1844.424204, "delta": 21.550795, "datetime": "2021-03-11 16:41:36"}}
{"target": 6.773555555555555, "params": {"k": 5.0, "cue_position": 10.0, "gamma_fc": 0.8168351087916219, "beta_rec": 0.1747201501089225, "beta_enc": 0.5190159840736788, "enc_rate": 1.0}, "datetime": {"elapsed": 1866.194388, "delta": 21.770184, "datetime": "2021-03-11 16:41:58"}}
{"target": 5.242222222222223, "params": {"k": 5.0, "cue_position": 10.0, "gamma_fc": 0.09357709581748075, "beta_rec": 0.9015625846693213, "beta_enc": 0.9759890683309049, "enc_rate": 1.0}, "datetime": {"elapsed": 1884.974689, "delta": 18.780301, "datetime": "2021-03-11 16:42:17"}}
{"target": 7.257333333333333, "params": {"k": 5.0, "cue_position": 10.0, "gamma_fc": 0.9727875919326552, "beta_rec": 0.37543483316785775, "beta_enc": 0.4517331486914753, "enc_rate": 1.0}, "datetime": {"elapsed": 1907.60443, "delta": 22.629741, "datetime": "2021-03-11 16:42:39"}}
{"target": 5.352222222222222, "params": {"k": 5.0, "cue_position": 10.0, "gamma_fc": 0.013136356923072245, "beta_rec": 0.6326158167779973, "beta_enc": 0.8242378396244978, "enc_rate": 1.0}, "datetime": {"elapsed": 1926.618696, "delta": 19.014266, "datetime": "2021-03-11 16:42:58"}}
{"target": 6.488666666666667, "params": {"k": 5.0, "cue_position": 10.0, "gamma_fc": 0.13766274094560316, "beta_rec": 0.7300912110901043, "beta_enc": 0.49207180149355845, "enc_rate": 1.0}, "datetime": {"elapsed": 1947.807287, "delta": 21.188591, "datetime": "2021-03-11 16:43:19"}}
{"target": 5.442222222222223, "params": {"k": 5.0, "cue_position": 10.0, "gamma_fc": 0.33870802548167966, "beta_rec": 0.3199528380776784, "beta_enc": 0.7582782604769962, "enc_rate": 1.0}, "datetime": {"elapsed": 1966.987944, "delta": 19.180657, "datetime": "2021-03-11 16:43:39"}}
{"target": 5.627777777777777, "params": {"k": 5.0, "cue_position": 10.0, "gamma_fc": 0.5045191697009946, "beta_rec": 0.46385778390029564, "beta_enc": 0.7548914570605327, "enc_rate": 1.0}, "datetime": {"elapsed": 1986.541469, "delta": 19.553525, "datetime": "2021-03-11 16:43:58"}}
{"target": 5.328888888888889, "params": {"k": 5.0, "cue_position": 10.0, "gamma_fc": 0.8099887106624163, "beta_rec": 0.13033578095435427, "beta_enc": 0.7701499563120922, "enc_rate": 1.0}, "datetime": {"elapsed": 2005.479691, "delta": 18.938222, "datetime": "2021-03-11 16:44:17"}}
{"target": 6.283777777777777, "params": {"k": 5.0, "cue_position": 10.0, "gamma_fc": 0.6443610847569929, "beta_rec": 0.6868082266569918, "beta_enc": 0.6724698446537339, "enc_rate": 1.0}, "datetime": {"elapsed": 2026.175122, "delta": 20.695431, "datetime": "2021-03-11 16:44:38"}}
{"target": 7.200666666666668, "params": {"k": 5.0, "cue_position": 10.0, "gamma_fc": 0.6736984238986317, "beta_rec": 0.8593178060976, "beta_enc": 0.4844284455143756, "enc_rate": 1.0}, "datetime": {"elapsed": 2048.6133, "delta": 22.438178, "datetime": "2021-03-11 16:45:00"}}
{"target": 7.477111111111111, "params": {"k": 5.0, "cue_position": 10.0, "gamma_fc": 0.8558283672539277, "beta_rec": 0.5605299905360588, "beta_enc": 0.27411977516685215, "enc_rate": 1.0}, "datetime": {"elapsed": 2071.560854, "delta": 22.947554, "datetime": "2021-03-11 16:45:23"}}
{"target": 5.682, "params": {"k": 5.0, "cue_position": 10.0, "gamma_fc": 0.8076984091122095, "beta_rec": 0.2896027461868774, "beta_enc": 0.7473208103319232, "enc_rate": 1.0}, "datetime": {"elapsed": 2091.206055, "delta": 19.645201, "datetime": "2021-03-11 16:45:43"}}
{"target": 7.5, "params": {"k": 5.0, "cue_position": 10.0, "gamma_fc": 0.7444731530777321, "beta_rec": 0.7672845084217665, "beta_enc": 0.21369323762958115, "enc_rate": 1.0}, "datetime": {"elapsed": 2114.194479, "delta": 22.988424, "datetime": "2021-03-11 16:46:06"}}
{"target": 7.397111111111111, "params": {"k": 5.0, "cue_position": 10.0, "gamma_fc": 0.026627884691621473, "beta_rec": 0.1989479234270667, "beta_enc": 0.21411213682064845, "enc_rate": 1.0}, "datetime": {"elapsed": 2136.982043, "delta": 22.787564, "datetime": "2021-03-11 16:46:29"}}
{"target": 6.009777777777777, "params": {"k": 5.0, "cue_position": 10.0, "gamma_fc": 0.20762566180381437, "beta_rec": 0.7997765368973863, "beta_enc": 0.6745640237634105, "enc_rate": 1.0}, "datetime": {"elapsed": 2157.182893, "delta": 20.20085, "datetime": "2021-03-11 16:46:49"}}
{"target": 5.871333333333333, "params": {"k": 5.0, "cue_position": 10.0, "gamma_fc": 0.43530595762951996, "beta_rec": 0.5538846110514143, "beta_enc": 0.7113145181364867, "enc_rate": 1.0}, "datetime": {"elapsed": 2177.144491, "delta": 19.961598, "datetime": "2021-03-11 16:47:09"}}
{"target": 5.729777777777778, "params": {"k": 5.0, "cue_position": 10.0, "gamma_fc": 0.15983365034409336, "beta_rec": 0.47803130796528337, "beta_enc": 0.7060518043359332, "enc_rate": 1.0}, "datetime": {"elapsed": 2196.923943, "delta": 19.779452, "datetime": "2021-03-11 16:47:28"}}
{"target": 6.779333333333334, "params": {"k": 5.0, "cue_position": 10.0, "gamma_fc": 0.18874506687718595, "beta_rec": 0.40420190577514725, "beta_enc": 0.43118175516037094, "enc_rate": 1.0}, "datetime": {"elapsed": 2218.585936, "delta": 21.661993, "datetime": "2021-03-11 16:47:50"}}
{"target": 5.526888888888889, "params": {"k": 5.0, "cue_position": 10.0, "gamma_fc": 0.6382187106203334, "beta_rec": 0.21073239208332073, "beta_enc": 0.7543059505762987, "enc_rate": 1.0}, "datetime": {"elapsed": 2237.911431, "delta": 19.325495, "datetime": "2021-03-11 16:48:09"}}
{"target": 7.460222222222223, "params": {"k": 5.0, "cue_position": 10.0, "gamma_fc": 0.7821818168314053, "beta_rec": 0.7316064712415088, "beta_enc": 0.29548228565549706, "enc_rate": 1.0}, "datetime": {"elapsed": 2260.817444, "delta": 22.906013, "datetime": "2021-03-11 16:48:32"}}
{"target": 5.112222222222222, "params": {"k": 5.0, "cue_position": 10.0, "gamma_fc": 0.08010364380604929, "beta_rec": 0.1922500168221477, "beta_enc": 0.8352716024899659, "enc_rate": 1.0}, "datetime": {"elapsed": 2279.326035, "delta": 18.508591, "datetime": "2021-03-11 16:48:51"}}
{"target": 6.9946666666666655, "params": {"k": 5.0, "cue_position": 10.0, "gamma_fc": 0.20645405888943302, "beta_rec": 0.5306974384761395, "beta_enc": 0.37015417755373825, "enc_rate": 1.0}, "datetime": {"elapsed": 2301.4302, "delta": 22.104165, "datetime": "2021-03-11 16:49:13"}}
{"target": 6.938888888888888, "params": {"k": 5.0, "cue_position": 10.0, "gamma_fc": 0.7875518396525072, "beta_rec": 0.2615495518329871, "beta_enc": 0.5079216999452875, "enc_rate": 1.0}, "datetime": {"elapsed": 2323.447745, "delta": 22.017545, "datetime": "2021-03-11 16:49:35"}}
{"target": 3.787777777777778, "params": {"k": 5.0, "cue_position": 10.0, "gamma_fc": 0.7871162896558341, "beta_rec": 0.17716116443841734, "beta_enc": 0.9857088237131878, "enc_rate": 1.0}, "datetime": {"elapsed": 2339.444498, "delta": 15.996753, "datetime": "2021-03-11 16:49:51"}}
{"target": 6.506, "params": {"k": 5.0, "cue_position": 10.0, "gamma_fc": 0.2166172083287794, "beta_rec": 0.7400775431590716, "beta_enc": 0.5279039784081266, "enc_rate": 1.0}, "datetime": {"elapsed": 2360.628407, "delta": 21.183909, "datetime": "2021-03-11 16:50:12"}}
{"target": 5.672888888888889, "params": {"k": 5.0, "cue_position": 10.0, "gamma_fc": 0.8602369974231152, "beta_rec": 0.17654903427708302, "beta_enc": 0.7229151935562137, "enc_rate": 1.0}, "datetime": {"elapsed": 2380.288085, "delta": 19.659678, "datetime": "2021-03-11 16:50:32"}}
{"target": 7.0522222222222215, "params": {"k": 5.0, "cue_position": 10.0, "gamma_fc": 0.2780850486129828, "beta_rec": 0.7587469310223366, "beta_enc": 0.4032204721058492, "enc_rate": 1.0}, "datetime": {"elapsed": 2402.556218, "delta": 22.268133, "datetime": "2021-03-11 16:50:54"}}
{"target": 4.186444444444445, "params": {"k": 5.0, "cue_position": 10.0, "gamma_fc": 0.706956245248761, "beta_rec": 0.8578971045378938, "beta_enc": 0.9339026083148878, "enc_rate": 1.0}, "datetime": {"elapsed": 2419.449237, "delta": 16.893019, "datetime": "2021-03-11 16:51:11"}}
{"target": 7.24888888888889, "params": {"k": 5.0, "cue_position": 10.0, "gamma_fc": 0.4018659239678374, "beta_rec": 0.7703225253299576, "beta_enc": 0.3748759435368594, "enc_rate": 1.0}, "datetime": {"elapsed": 2442.043574, "delta": 22.594337, "datetime": "2021-03-11 16:51:34"}}
{"target": 7.544, "params": {"k": 5.0, "cue_position": 10.0, "gamma_fc": 0.12076718430922972, "beta_rec": 0.7748966467245978, "beta_enc": 0.0031128578251921057, "enc_rate": 1.0}, "datetime": {"elapsed": 2465.142215, "delta": 23.098641, "datetime": "2021-03-11 16:51:57"}}
{"target": 7.119777777777779, "params": {"k": 5.0, "cue_position": 10.0, "gamma_fc": 0.13835468979294652, "beta_rec": 0.8830285085638342, "beta_enc": 0.3020967312900983, "enc_rate": 1.0}, "datetime": {"elapsed": 2487.436737, "delta": 22.294522, "datetime": "2021-03-11 16:52:19"}}
{"target": 6.484888888888888, "params": {"k": 5.0, "cue_position": 10.0, "gamma_fc": 0.8281353607315121, "beta_rec": 0.3241385298974466, "beta_enc": 0.6138710897412526, "enc_rate": 1.0}, "datetime": {"elapsed": 2508.515927, "delta": 21.07919, "datetime": "2021-03-11 16:52:40"}}
{"target": 7.205555555555554, "params": {"k": 5.0, "cue_position": 10.0, "gamma_fc": 0.31476568732401644, "beta_rec": 0.6749716048091052, "beta_enc": 0.3456988211755023, "enc_rate": 1.0}, "datetime": {"elapsed": 2530.982237, "delta": 22.46631, "datetime": "2021-03-11 16:53:03"}}
{"target": 4.859555555555556, "params": {"k": 5.0, "cue_position": 10.0, "gamma_fc": 0.6562293317171314, "beta_rec": 0.4476890001456285, "beta_enc": 0.8773604746948126, "enc_rate": 1.0}, "datetime": {"elapsed": 2549.032713, "delta": 18.050476, "datetime": "2021-03-11 16:53:21"}}
{"target": 7.181555555555555, "params": {"k": 5.0, "cue_position": 10.0, "gamma_fc": 0.5047006080958943, "beta_rec": 0.9093119886549367, "beta_enc": 0.43298150696764814, "enc_rate": 1.0}, "datetime": {"elapsed": 2571.375419, "delta": 22.342706, "datetime": "2021-03-11 16:53:43"}}
{"target": 4.762444444444444, "params": {"k": 5.0, "cue_position": 10.0, "gamma_fc": 0.5178600481723219, "beta_rec": 0.06780693434095375, "beta_enc": 0.8428998401928499, "enc_rate": 1.0}, "datetime": {"elapsed": 2589.205179, "delta": 17.82976, "datetime": "2021-03-11 16:54:01"}}
{"target": 4.9093333333333335, "params": {"k": 5.0, "cue_position": 10.0, "gamma_fc": 0.9488362882802196, "beta_rec": 0.25163914235585283, "beta_enc": 0.8479393924434762, "enc_rate": 1.0}, "datetime": {"elapsed": 2607.326061, "delta": 18.120882, "datetime": "2021-03-11 16:54:19"}}
{"target": 4.360222222222222, "params": {"k": 5.0, "cue_position": 10.0, "gamma_fc": 0.3221295136147696, "beta_rec": 0.007932876194523097, "beta_enc": 0.8379779620477293, "enc_rate": 1.0}, "datetime": {"elapsed": 2624.39051, "delta": 17.064449, "datetime": "2021-03-11 16:54:36"}}
{"target": 7.524666666666667, "params": {"k": 5.0, "cue_position": 10.0, "gamma_fc": 0.2557451938059312, "beta_rec": 0.8227300054219355, "beta_enc": 0.008939102371245067, "enc_rate": 1.0}, "datetime": {"elapsed": 2647.385874, "delta": 22.995364, "datetime": "2021-03-11 16:54:59"}}
{"target": 6.779333333333334, "params": {"k": 5.0, "cue_position": 10.0, "gamma_fc": 0.49154515001693533, "beta_rec": 0.13433860865569613, "beta_enc": 0.47786200443222115, "enc_rate": 1.0}, "datetime": {"elapsed": 2668.986091, "delta": 21.600217, "datetime": "2021-03-11 16:55:21"}}
{"target": 6.781555555555556, "params": {"k": 5.0, "cue_position": 10.0, "gamma_fc": 0.1895517028339273, "beta_rec": 0.6834649001663011, "beta_enc": 0.41857802576409864, "enc_rate": 1.0}, "datetime": {"elapsed": 2690.586299, "delta": 21.600208, "datetime": "2021-03-11 16:55:42"}}
{"target": 7.381777777777778, "params": {"k": 5.0, "cue_position": 10.0, "gamma_fc": 0.7159456994623945, "beta_rec": 0.10345955611640134, "beta_enc": 0.2942156882442547, "enc_rate": 1.0}, "datetime": {"elapsed": 2713.261234, "delta": 22.674935, "datetime": "2021-03-11 16:56:05"}}
{"target": 5.470000000000001, "params": {"k": 5.0, "cue_position": 10.0, "gamma_fc": 0.7778484768591754, "beta_rec": 0.5070799232841364, "beta_enc": 0.7945783511847522, "enc_rate": 1.0}, "datetime": {"elapsed": 2732.37091, "delta": 19.109676, "datetime": "2021-03-11 16:56:24"}}
{"target": 5.933777777777778, "params": {"k": 5.0, "cue_position": 10.0, "gamma_fc": 0.4086372250132624, "beta_rec": 0.1797942976929744, "beta_enc": 0.6477706331874812, "enc_rate": 1.0}, "datetime": {"elapsed": 2752.478307, "delta": 20.107397, "datetime": "2021-03-11 16:56:44"}}
{"target": 7.322222222222221, "params": {"k": 5.0, "cue_position": 10.0, "gamma_fc": 0.6363061258559836, "beta_rec": 0.9752223424373121, "beta_enc": 0.4069219941293579, "enc_rate": 1.0}, "datetime": {"elapsed": 2775.070085, "delta": 22.591778, "datetime": "2021-03-11 16:57:07"}}
{"target": 5.139777777777779, "params": {"k": 5.0, "cue_position": 10.0, "gamma_fc": 0.43293850873416306, "beta_rec": 0.6195867393685738, "beta_enc": 0.8574844990835966, "enc_rate": 1.0}, "datetime": {"elapsed": 2793.587986, "delta": 18.517901, "datetime": "2021-03-11 16:57:25"}}
{"target": 7.212000000000001, "params": {"k": 5.0, "cue_position": 10.0, "gamma_fc": 0.2952887943998478, "beta_rec": 0.6973688756131394, "beta_enc": 0.33027693652508094, "enc_rate": 1.0}, "datetime": {"elapsed": 2815.974296, "delta": 22.38631, "datetime": "2021-03-11 16:57:48"}}
{"target": 7.083555555555556, "params": {"k": 5.0, "cue_position": 10.0, "gamma_fc": 0.585348458938251, "beta_rec": 0.8553564125953698, "beta_enc": 0.4879214918052024, "enc_rate": 1.0}, "datetime": {"elapsed": 2838.143878, "delta": 22.169582, "datetime": "2021-03-11 16:58:10"}}
{"target": 7.296888888888889, "params": {"k": 5.0, "cue_position": 10.0, "gamma_fc": 0.6824537097668154, "beta_rec": 0.9218683054838154, "beta_enc": 0.4461172190344297, "enc_rate": 1.0}, "datetime": {"elapsed": 2860.769189, "delta": 22.625311, "datetime": "2021-03-11 16:58:32"}}
{"target": 7.534666666666666, "params": {"k": 5.0, "cue_position": 10.0, "gamma_fc": 0.7797442954825999, "beta_rec": 0.4167239623706961, "beta_enc": 0.013767512557716799, "enc_rate": 1.0}, "datetime": {"elapsed": 2883.796887, "delta": 23.027698, "datetime": "2021-03-11 16:58:55"}}
{"target": 7.3151111111111105, "params": {"k": 5.0, "cue_position": 10.0, "gamma_fc": 0.6884973179489188, "beta_rec": 0.14459772083809674, "beta_enc": 0.34195283630245243, "enc_rate": 1.0}, "datetime": {"elapsed": 2906.452788, "delta": 22.655901, "datetime": "2021-03-11 16:59:18"}}
{"target": 5.765777777777778, "params": {"k": 5.0, "cue_position": 10.0, "gamma_fc": 0.3553079116201222, "beta_rec": 0.22729754091594956, "beta_enc": 0.6923601216234089, "enc_rate": 1.0}, "datetime": {"elapsed": 2926.29417, "delta": 19.841382, "datetime": "2021-03-11 16:59:38"}}
{"target": 6.036666666666667, "params": {"k": 5.0, "cue_position": 10.0, "gamma_fc": 0.16994071421725776, "beta_rec": 0.7073166026816995, "beta_enc": 0.6316466268659396, "enc_rate": 1.0}, "datetime": {"elapsed": 2946.609226, "delta": 20.315056, "datetime": "2021-03-11 16:59:58"}}
{"target": 6.945777777777778, "params": {"k": 5.0, "cue_position": 10.0, "gamma_fc": 0.42893233402990294, "beta_rec": 0.8753327263545391, "beta_enc": 0.5141750435258828, "enc_rate": 1.0}, "datetime": {"elapsed": 2968.580465, "delta": 21.971239, "datetime": "2021-03-11 17:00:20"}}
{"target": 7.552888888888889, "params": {"k": 5.0, "cue_position": 10.0, "gamma_fc": 0.8003322457764017, "beta_rec": 0.34244064113481054, "beta_enc": 0.16151077048601192, "enc_rate": 1.0}, "datetime": {"elapsed": 2991.727728, "delta": 23.147263, "datetime": "2021-03-11 17:00:43"}}
{"target": 6.285555555555556, "params": {"k": 5.0, "cue_position": 10.0, "gamma_fc": 0.8596509535692011, "beta_rec": 0.14546561026621996, "beta_enc": 0.6070154607890389, "enc_rate": 1.0}, "datetime": {"elapsed": 3012.490974, "delta": 20.763246, "datetime": "2021-03-11 17:01:04"}}
{"target": 6.085777777777778, "params": {"k": 5.0, "cue_position": 10.0, "gamma_fc": 0.9482991740726651, "beta_rec": 0.12475130006917923, "beta_enc": 0.633474012622421, "enc_rate": 1.0}, "datetime": {"elapsed": 3032.787298, "delta": 20.296324, "datetime": "2021-03-11 17:01:24"}}
{"target": 7.522444444444444, "params": {"k": 5.0, "cue_position": 10.0, "gamma_fc": 0.42803746946827015, "beta_rec": 0.639126848719905, "beta_enc": 0.15172487103197363, "enc_rate": 1.0}, "datetime": {"elapsed": 3055.645143, "delta": 22.857845, "datetime": "2021-03-11 17:01:47"}}
{"target": 5.461111111111111, "params": {"k": 5.0, "cue_position": 10.0, "gamma_fc": 0.06473998344154885, "beta_rec": 0.7511210403719374, "beta_enc": 0.8499698885159654, "enc_rate": 1.0}, "datetime": {"elapsed": 3074.608661, "delta": 18.963518, "datetime": "2021-03-11 17:02:06"}}
{"target": 7.491555555555555, "params": {"k": 5.0, "cue_position": 10.0, "gamma_fc": 0.6236704109977018, "beta_rec": 0.19949554613856135, "beta_enc": 0.05299454266798953, "enc_rate": 1.0}, "datetime": {"elapsed": 3097.499064, "delta": 22.890403, "datetime": "2021-03-11 17:02:29"}}
{"target": 7.364222222222222, "params": {"k": 5.0, "cue_position": 10.0, "gamma_fc": 0.3785805932506022, "beta_rec": 0.06103668111967109, "beta_enc": 0.28462388100694214, "enc_rate": 1.0}, "datetime": {"elapsed": 3120.095952, "delta": 22.596888, "datetime": "2021-03-11 17:02:52"}}
{"target": 5.580222222222223, "params": {"k": 5.0, "cue_position": 10.0, "gamma_fc": 0.5256694443509794, "beta_rec": 0.34037929076546725, "beta_enc": 0.7470048290299451, "enc_rate": 1.0}, "datetime": {"elapsed": 3139.39546, "delta": 19.299508, "datetime": "2021-03-11 17:03:11"}}
{"target": 6.008222222222222, "params": {"k": 5.0, "cue_position": 10.0, "gamma_fc": 0.3824674572709176, "beta_rec": 0.3506565024321674, "beta_enc": 0.6442320198790318, "enc_rate": 1.0}, "datetime": {"elapsed": 3159.491341, "delta": 20.095881, "datetime": "2021-03-11 17:03:31"}}
{"target": 3.4186666666666667, "params": {"k": 5.0, "cue_position": 10.0, "gamma_fc": 0.8891310891074828, "beta_rec": 0.36437807036823044, "beta_enc": 0.9794833541798064, "enc_rate": 1.0}, "datetime": {"elapsed": 3174.610509, "delta": 15.119168, "datetime": "2021-03-11 17:03:46"}}
{"target": 7.466222222222223, "params": {"k": 5.0, "cue_position": 10.0, "gamma_fc": 0.5564069156709253, "beta_rec": 0.9110192396569683, "beta_enc": 0.24551868018650747, "enc_rate": 1.0}, "datetime": {"elapsed": 3197.399455, "delta": 22.788946, "datetime": "2021-03-11 17:04:09"}}
{"target": 4.624444444444444, "params": {"k": 5.0, "cue_position": 10.0, "gamma_fc": 0.5711757391862334, "beta_rec": 0.05836264614763165, "beta_enc": 0.9950523223391111, "enc_rate": 1.0}, "datetime": {"elapsed": 3214.836637, "delta": 17.437182, "datetime": "2021-03-11 17:04:26"}}
{"target": 6.754666666666667, "params": {"k": 5.0, "cue_position": 10.0, "gamma_fc": 0.7084608700517172, "beta_rec": 0.9809236757505815, "beta_enc": 0.6309592003395305, "enc_rate": 1.0}, "datetime": {"elapsed": 3236.268565, "delta": 21.431928, "datetime": "2021-03-11 17:04:48"}}
{"target": 6.452666666666667, "params": {"k": 5.0, "cue_position": 10.0, "gamma_fc": 0.14222125307278666, "beta_rec": 0.5285334901775651, "beta_enc": 0.4948430841825636, "enc_rate": 1.0}, "datetime": {"elapsed": 3257.199346, "delta": 20.930781, "datetime": "2021-03-11 17:05:09"}}
{"target": 6.867111111111112, "params": {"k": 5.0, "cue_position": 10.0, "gamma_fc": 0.4090908319168599, "beta_rec": 0.44887883670676554, "beta_enc": 0.4770129944022632, "enc_rate": 1.0}, "datetime": {"elapsed": 3278.902679, "delta": 21.703333, "datetime": "2021-03-11 17:05:30"}}
{"target": 7.489555555555556, "params": {"k": 5.0, "cue_position": 10.0, "gamma_fc": 0.5035095098483965, "beta_rec": 0.4181361337253158, "beta_enc": 0.07201203516976995, "enc_rate": 1.0}, "datetime": {"elapsed": 3301.71482, "delta": 22.812141, "datetime": "2021-03-11 17:05:53"}}
