{"target": 7.514888888888889, "params": {"k": 5.0, "cue_position": 10.0, "gamma_fc": 0.14360699787420927, "beta_rec": 0.673041054216622, "beta_enc": 0.10938291419358459, "enc_rate": 1.0}, "datetime": {"elapsed": 3324.625515, "delta": 22.910695, "datetime": "2021-03-11 17:06:16"}}
{"target": 7.071777777777778, "params": {"k": 5.0, "cue_position": 10.0, "gamma_fc": 0.2902979970618682, "beta_rec": 0.7969622519799001, "beta_enc": 0.3992186053524538, "enc_rate": 1.0}, "datetime": {"elapsed": 3346.680012, "delta": 22.054497, "datetime": "2021-03-11 17:06:38"}}
{"target": 7.545333333333334, "params": {"k": 5.0, "cue_position": 10.0, "gamma_fc": 0.07091840047038722, "beta_rec": 0.3986590599223787, "beta_enc": 0.016715589077006432, "enc_rate": 1.0}, "datetime": {"elapsed": 3369.600974, "delta": 22.920962, "datetime": "2021-03-11 17:07:01"}}
{"target": 7.5168888888888885, "params": {"k": 5.0, "cue_position": 10.0, "gamma_fc": 0.32102631416731586, "beta_rec": 0.11379635644740682, "beta_enc": 0.016575882900934147, "enc_rate": 1.0}, "datetime": {"elapsed": 3392.518341, "delta": 22.917367, "datetime": "2021-03-11 17:07:24"}}
{"target": 5.090888888888889, "params": {"k": 5.0, "cue_position": 10.0, "gamma_fc": 0.03972870668308481, "beta_rec": 0.8344865140180296, "beta_enc": 0.9934604630998499, "enc_rate": 1.0}, "datetime": {"elapsed": 3410.900296, "delta": 18.381955, "datetime": "2021-03-11 17:07:42"}}
{"target": 6.9575555555555555, "params": {"k": 5.0, "cue_position": 10.0, "gamma_fc": 0.5396491100933506, "beta_rec": 0.3491674129570773, "beta_enc": 0.4740062899880546, "enc_rate": 1.0}, "datetime": {"elapsed": 3432.978439, "delta": 22.078143, "datetime": "2021-03-11 17:08:05"}}
{"target": 7.022444444444444, "params": {"k": 5.0, "cue_position": 10.0, "gamma_fc": 0.32836139008759013, "beta_rec": 0.8770343892703519, "beta_enc": 0.4466350458236905, "enc_rate": 1.0}, "datetime": {"elapsed": 3455.163669, "delta": 22.18523, "datetime": "2021-03-11 17:08:27"}}
{"target": 7.480666666666667, "params": {"k": 5.0, "cue_position": 10.0, "gamma_fc": 0.8701917462053776, "beta_rec": 0.6714291710812733, "beta_enc": 0.22012867402698122, "enc_rate": 1.0}, "datetime": {"elapsed": 3478.05994, "delta": 22.896271, "datetime": "2021-03-11 17:08:50"}}
{"target": 7.371555555555555, "params": {"k": 5.0, "cue_position": 10.0, "gamma_fc": 0.8741259355980283, "beta_rec": 0.5715420927253323, "beta_enc": 0.3860040110225955, "enc_rate": 1.0}, "datetime": {"elapsed": 3500.70721, "delta": 22.64727, "datetime": "2021-03-11 17:09:12"}}
{"target": 5.265111111111111, "params": {"k": 5.0, "cue_position": 10.0, "gamma_fc": 0.5546673107876667, "beta_rec": 0.2838018349468743, "beta_enc": 0.8125073041746718, "enc_rate": 1.0}, "datetime": {"elapsed": 3519.397518, "delta": 18.690308, "datetime": "2021-03-11 17:09:31"}}
{"target": 7.2715555555555556, "params": {"k": 5.0, "cue_position": 10.0, "gamma_fc": 0.3258099666132048, "beta_rec": 0.6687966059228697, "beta_enc": 0.3117029177189814, "enc_rate": 1.0}, "datetime": {"elapsed": 3541.828264, "delta": 22.430746, "datetime": "2021-03-11 17:09:53"}}
{"target": 5.469555555555556, "params": {"k": 5.0, "cue_position": 10.0, "gamma_fc": 0.041475079576498874, "beta_rec": 0.7626320954451107, "beta_enc": 0.7517077209192669, "enc_rate": 1.0}, "datetime": {"elapsed": 3560.849558, "delta": 19.021294, "datetime": "2021-03-11 17:10:12"}}
{"target": 7.492888888888889, "params": {"k": 5.0, "cue_position": 10.0, "gamma_fc": 0.767788977658173, "beta_rec": 0.6938554113738997, "beta_enc": 0.03711266449399442, "enc_rate": 1.0}, "datetime": {"elapsed": 3583.659744, "delta": 22.810186, "datetime": "2021-03-11 17:10:35"}}
{"target": 7.497333333333333, "params": {"k": 5.0, "cue_position": 10.0, "gamma_fc": 0.05231294643747675, "beta_rec": 0.13479311796067905, "beta_enc": 0.03985992663545257, "enc_rate": 1.0}, "datetime": {"elapsed": 3606.476075, "delta": 22.816331, "datetime": "2021-03-11 17:10:58"}}
{"target": 6.820444444444443, "params": {"k": 5.0, "cue_position": 10.0, "gamma_fc": 0.4540590560591513, "beta_rec": 0.6174610120171561, "beta_enc": 0.5120610275239188, "enc_rate": 1.0}, "datetime": {"elapsed": 3628.061372, "delta": 21.585297, "datetime": "2021-03-11 17:11:20"}}
{"target": 5.320444444444445, "params": {"k": 5.0, "cue_position": 10.0, "gamma_fc": 0.050912383516887205, "beta_rec": 0.6562015477440989, "beta_enc": 0.8730681484470995, "enc_rate": 1.0}, "datetime": {"elapsed": 3646.805454, "delta": 18.744082, "datetime": "2021-03-11 17:11:38"}}
{"target": 7.547777777777777, "params": {"k": 5.0, "cue_position": 10.0, "gamma_fc": 0.4731119528858785, "beta_rec": 0.4216578860324509, "beta_enc": 0.0633434434563398, "enc_rate": 1.0}, "datetime": {"elapsed": 3669.76248, "delta": 22.957026, "datetime": "2021-03-11 17:12:01"}}
{"target": 5.761555555555556, "params": {"k": 5.0, "cue_position": 10.0, "gamma_fc": 0.23941104413775594, "beta_rec": 0.8414221567958434, "beta_enc": 0.7728856021671178, "enc_rate": 1.0}, "datetime": {"elapsed": 3689.331518, "delta": 19.569038, "datetime": "2021-03-11 17:12:21"}}
{"target": 3.8584444444444443, "params": {"k": 5.0, "cue_position": 10.0, "gamma_fc": 0.8978507176676818, "beta_rec": 0.6139340023847009, "beta_enc": 0.9438926277837961, "enc_rate": 1.0}, "datetime": {"elapsed": 3705.292028, "delta": 15.96051, "datetime": "2021-03-11 17:12:37"}}
{"target": 7.504666666666667, "params": {"k": 5.0, "cue_position": 10.0, "gamma_fc": 0.8704248568230661, "beta_rec": 0.9408279632013994, "beta_enc": 0.23581463714751372, "enc_rate": 1.0}, "datetime": {"elapsed": 3728.099568, "delta": 22.80754, "datetime": "2021-03-11 17:13:00"}}
{"target": 6.843555555555556, "params": {"k": 5.0, "cue_position": 10.0, "gamma_fc": 0.8146191812616553, "beta_rec": 0.7323748991793305, "beta_enc": 0.6049268729742817, "enc_rate": 1.0}, "datetime": {"elapsed": 3749.703382, "delta": 21.603814, "datetime": "2021-03-11 17:13:21"}}
{"target": 7.544888888888889, "params": {"k": 5.0, "cue_position": 10.0, "gamma_fc": 0.2482907289970986, "beta_rec": 0.8424458099564136, "beta_enc": 0.13051067133926597, "enc_rate": 1.0}, "datetime": {"elapsed": 3772.679665, "delta": 22.976283, "datetime": "2021-03-11 17:13:44"}}
{"target": 5.232666666666667, "params": {"k": 5.0, "cue_position": 10.0, "gamma_fc": 0.20338083282405106, "beta_rec": 0.42166593484970927, "beta_enc": 0.8726861649194619, "enc_rate": 1.0}, "datetime": {"elapsed": 3791.224588, "delta": 18.544923, "datetime": "2021-03-11 17:14:03"}}
{"target": 4.810222222222222, "params": {"k": 5.0, "cue_position": 10.0, "gamma_fc": 0.624821294185499, "beta_rec": 0.48675074481833813, "beta_enc": 0.8817706230828073, "enc_rate": 1.0}, "datetime": {"elapsed": 3808.899168, "delta": 17.67458, "datetime": "2021-03-11 17:14:20"}}
{"target": 7.2924444444444445, "params": {"k": 5.0, "cue_position": 10.0, "gamma_fc": 0.22700116521465796, "beta_rec": 0.8837555081806009, "beta_enc": 0.2821394484048606, "enc_rate": 1.0}, "datetime": {"elapsed": 3831.206639, "delta": 22.307471, "datetime": "2021-03-11 17:14:43"}}
{"target": 7.437777777777778, "params": {"k": 5.0, "cue_position": 10.0, "gamma_fc": 0.6021836538927108, "beta_rec": 0.13141566053746057, "beta_enc": 0.23944623690468037, "enc_rate": 1.0}, "datetime": {"elapsed": 3853.79332, "delta": 22.586681, "datetime": "2021-03-11 17:15:05"}}
{"target": 6.788222222222222, "params": {"k": 5.0, "cue_position": 10.0, "gamma_fc": 0.05917720718572239, "beta_rec": 0.5956250981349497, "beta_enc": 0.34567921329602547, "enc_rate": 1.0}, "datetime": {"elapsed": 3875.262283, "delta": 21.468963, "datetime": "2021-03-11 17:15:27"}}
{"target": 5.209777777777778, "params": {"k": 5.0, "cue_position": 10.0, "gamma_fc": 0.0073189693278638, "beta_rec": 0.5346790571795887, "beta_enc": 0.9482094981876252, "enc_rate": 1.0}, "datetime": {"elapsed": 3893.684755, "delta": 18.422472, "datetime": "2021-03-11 17:15:45"}}
{"target": 4.348888888888889, "params": {"k": 5.0, "cue_position": 10.0, "gamma_fc": 0.822578152523871, "beta_rec": 0.5883673328938768, "beta_enc": 0.9176063476443932, "enc_rate": 1.0}, "datetime": {"elapsed": 3910.539511, "delta": 16.854756, "datetime": "2021-03-11 17:16:02"}}
{"target": 7.234222222222222, "params": {"k": 5.0, "cue_position": 10.0, "gamma_fc": 0.1267357091420086, "beta_rec": 0.12295477155217849, "beta_enc": 0.3209863745244532, "enc_rate": 1.0}, "datetime": {"elapsed": 3932.794007, "delta": 22.254496, "datetime": "2021-03-11 17:16:24"}}
{"target": 7.515111111111111, "params": {"k": 5.0, "cue_position": 10.0, "gamma_fc": 0.3033456717085691, "beta_rec": 0.20018211641098693, "beta_enc": 0.03606831456985993, "enc_rate": 1.0}, "datetime": {"elapsed": 3955.554975, "delta": 22.760968, "datetime": "2021-03-11 17:16:47"}}
{"target": 3.634666666666667, "params": {"k": 5.0, "cue_position": 10.0, "gamma_fc": 0.5071194235482045, "beta_rec": 0.5820299763434618, "beta_enc": 0.9974849927283295, "enc_rate": 1.0}, "datetime": {"elapsed": 3971.076346, "delta": 15.521371, "datetime": "2021-03-11 17:17:03"}}
{"target": 6.137555555555556, "params": {"k": 5.0, "cue_position": 10.0, "gamma_fc": 0.24444799937161088, "beta_rec": 0.2641376442105696, "beta_enc": 0.5878715062961865, "enc_rate": 1.0}, "datetime": {"elapsed": 3991.43388, "delta": 20.357534, "datetime": "2021-03-11 17:17:23"}}
{"target": 5.513111111111111, "params": {"k": 5.0, "cue_position": 10.0, "gamma_fc": 0.8061631629534083, "beta_rec": 0.07194722016400112, "beta_enc": 0.6958461339323264, "enc_rate": 1.0}, "datetime": {"elapsed": 4010.545835, "delta": 19.111955, "datetime": "2021-03-11 17:17:42"}}
{"target": 7.517555555555556, "params": {"k": 5.0, "cue_position": 10.0, "gamma_fc": 0.4487372588243219, "beta_rec": 0.48169628302117706, "beta_enc": 0.0800609772712173, "enc_rate": 1.0}, "datetime": {"elapsed": 4033.314079, "delta": 22.768244, "datetime": "2021-03-11 17:18:05"}}
{"target": 6.336888888888889, "params": {"k": 5.0, "cue_position": 10.0, "gamma_fc": 0.760802456305756, "beta_rec": 0.6971485287527562, "beta_enc": 0.6816453376026229, "enc_rate": 1.0}, "datetime": {"elapsed": 4053.8181, "delta": 20.504021, "datetime": "2021-03-11 17:18:25"}}
{"target": 4.992000000000001, "params": {"k": 5.0, "cue_position": 10.0, "gamma_fc": 0.3205646539951602, "beta_rec": 0.23376869260410593, "beta_enc": 0.9041029859138049, "enc_rate": 1.0}, "datetime": {"elapsed": 4071.790479, "delta": 17.972379, "datetime": "2021-03-11 17:18:43"}}
{"target": 6.033555555555556, "params": {"k": 5.0, "cue_position": 10.0, "gamma_fc": 0.11503501205024624, "beta_rec": 0.7600017523497489, "beta_enc": 0.6135258996684316, "enc_rate": 1.0}, "datetime": {"elapsed": 4091.758554, "delta": 19.968075, "datetime": "2021-03-11 17:19:03"}}
{"target": 7.4975555555555555, "params": {"k": 5.0, "cue_position": 10.0, "gamma_fc": 0.4911099613042962, "beta_rec": 0.8207464986229382, "beta_enc": 0.19384776750950716, "enc_rate": 1.0}, "datetime": {"elapsed": 4114.333381, "delta": 22.574827, "datetime": "2021-03-11 17:19:26"}}
{"target": 7.482444444444445, "params": {"k": 5.0, "cue_position": 10.0, "gamma_fc": 0.7293976982561526, "beta_rec": 0.461602080891622, "beta_enc": 0.23507763668617032, "enc_rate": 1.0}, "datetime": {"elapsed": 4136.882801, "delta": 22.54942, "datetime": "2021-03-11 17:19:48"}}
{"target": 7.453111111111111, "params": {"k": 5.0, "cue_position": 10.0, "gamma_fc": 0.6570654246228895, "beta_rec": 0.8434941260636555, "beta_enc": 0.33039174636170277, "enc_rate": 1.0}, "datetime": {"elapsed": 4158.089518, "delta": 21.206717, "datetime": "2021-03-11 17:20:10"}}
{"target": 7.522888888888889, "params": {"k": 5.0, "cue_position": 10.0, "gamma_fc": 0.8709456091610533, "beta_rec": 0.5295466104783949, "beta_enc": 0.200727488035091, "enc_rate": 1.0}, "datetime": {"elapsed": 4178.76707, "delta": 20.677552, "datetime": "2021-03-11 17:20:30"}}
{"target": 7.445777777777778, "params": {"k": 5.0, "cue_position": 10.0, "gamma_fc": 0.8785878632047704, "beta_rec": 0.6830743663365642, "beta_enc": 0.32984456268188234, "enc_rate": 1.0}, "datetime": {"elapsed": 4200.522874, "delta": 21.755804, "datetime": "2021-03-11 17:20:52"}}
{"target": 5.098000000000001, "params": {"k": 5.0, "cue_position": 10.0, "gamma_fc": 0.6353709614884534, "beta_rec": 0.6671187886992039, "beta_enc": 0.8497689100179306, "enc_rate": 1.0}, "datetime": {"elapsed": 4218.666578, "delta": 18.143704, "datetime": "2021-03-11 17:21:10"}}
{"target": 7.564, "params": {"k": 5.0, "cue_position": 10.0, "gamma_fc": 0.42209333491091267, "beta_rec": 0.4040691081318722, "beta_enc": 0.040391289878505876, "enc_rate": 1.0}, "datetime": {"elapsed": 4259.294651, "delta": 40.628073, "datetime": "2021-03-11 17:21:51"}}
{"target": 7.5, "params": {"k": 5.0, "cue_position": 10.0, "gamma_fc": 0.7847131857901347, "beta_rec": 0.15611067272292112, "beta_enc": 0.1414158028091782, "enc_rate": 1.0}, "datetime": {"elapsed": 4297.38038, "delta": 38.085729, "datetime": "2021-03-11 17:22:29"}}
{"target": 7.523111111111111, "params": {"k": 5.0, "cue_position": 10.0, "gamma_fc": 0.5451276808623403, "beta_rec": 0.03580648499169053, "beta_enc": 0.0500775654676943, "enc_rate": 1.0}, "datetime": {"elapsed": 4335.431422, "delta": 38.051042, "datetime": "2021-03-11 17:23:07"}}
{"target": 7.534000000000001, "params": {"k": 5.0, "cue_position": 10.0, "gamma_fc": 1.0, "beta_rec": 0.09644332062924203, "beta_enc": 0.09100927810144412, "enc_rate": 1.0}, "datetime": {"elapsed": 4371.508834, "delta": 36.077412, "datetime": "2021-03-11 17:23:43"}}
{"target": 7.5617777777777775, "params": {"k": 5.0, "cue_position": 10.0, "gamma_fc": 0.48744306658735165, "beta_rec": 0.13516280168099473, "beta_enc": 0.03971276029254384, "enc_rate": 1.0}, "datetime": {"elapsed": 4408.881766, "delta": 37.372932, "datetime": "2021-03-11 17:24:20"}}
{"target": 7.566444444444445, "params": {"k": 5.0, "cue_position": 10.0, "gamma_fc": 0.8113769456306797, "beta_rec": 0.9634163759792106, "beta_enc": 0.09115393081113096, "enc_rate": 1.0}, "datetime": {"elapsed": 4446.725875, "delta": 37.844109, "datetime": "2021-03-11 17:24:58"}}
{"target": 7.550666666666666, "params": {"k": 5.0, "cue_position": 10.0, "gamma_fc": 0.11191102607441945, "beta_rec": 0.5847977468698728, "beta_enc": 0.0, "enc_rate": 1.0}, "datetime": {"elapsed": 4484.543926, "delta": 37.818051, "datetime": "2021-03-11 17:25:36"}}
{"target": 7.560888888888888, "params": {"k": 5.0, "cue_position": 10.0, "gamma_fc": 0.20050945966033934, "beta_rec": 0.09006568463685058, "beta_enc": 0.11555528143404609, "enc_rate": 1.0}, "datetime": {"elapsed": 4520.838286, "delta": 36.29436, "datetime": "2021-03-11 17:26:12"}}
{"target": 7.546888888888889, "params": {"k": 5.0, "cue_position": 10.0, "gamma_fc": 0.8332705361965181, "beta_rec": 0.8827312202496608, "beta_enc": 0.12628676248852344, "enc_rate": 1.0}, "datetime": {"elapsed": 4559.109103, "delta": 38.270817, "datetime": "2021-03-11 17:26:51"}}
{"target": 7.526888888888889, "params": {"k": 5.0, "cue_position": 10.0, "gamma_fc": 0.7149247900668607, "beta_rec": 1.0, "beta_enc": 0.03935124011312947, "enc_rate": 1.0}, "datetime": {"elapsed": 4595.733, "delta": 36.623897, "datetime": "2021-03-11 17:27:27"}}
{"target": 7.502, "params": {"k": 5.0, "cue_position": 10.0, "gamma_fc": 0.8709035560763659, "beta_rec": 1.0, "beta_enc": 0.1145115258090052, "enc_rate": 1.0}, "datetime": {"elapsed": 4636.088167, "delta": 40.355167, "datetime": "2021-03-11 17:28:08"}}
{"target": 7.495555555555557, "params": {"k": 5.0, "cue_position": 10.0, "gamma_fc": 1.0, "beta_rec": 0.5335797408964461, "beta_enc": 0.2419080216680515, "enc_rate": 1.0}, "datetime": {"elapsed": 4672.380878, "delta": 36.292711, "datetime": "2021-03-11 17:28:44"}}
{"target": 7.528444444444444, "params": {"k": 5.0, "cue_position": 10.0, "gamma_fc": 1.0, "beta_rec": 0.21745224275829503, "beta_enc": 0.0, "enc_rate": 1.0}, "datetime": {"elapsed": 4708.378191, "delta": 35.997313, "datetime": "2021-03-11 17:29:20"}}
{"target": 7.523111111111111, "params": {"k": 5.0, "cue_position": 10.0, "gamma_fc": 0.7621969929257442, "beta_rec": 0.9867991314191217, "beta_enc": 0.12670795937574186, "enc_rate": 1.0}, "datetime": {"elapsed": 4744.241486, "delta": 35.863295, "datetime": "2021-03-11 17:29:56"}}
{"target": 7.542888888888889, "params": {"k": 5.0, "cue_position": 10.0, "gamma_fc": 0.7794256605113437, "beta_rec": 0.9256128985167926, "beta_enc": 0.023418135853060122, "enc_rate": 1.0}, "datetime": {"elapsed": 4781.612714, "delta": 37.371228, "datetime": "2021-03-11 17:30:33"}}
{"target": 7.547333333333333, "params": {"k": 5.0, "cue_position": 10.0, "gamma_fc": 0.5976530191180419, "beta_rec": 0.6983317211452748, "beta_enc": 0.0827117306520523, "enc_rate": 1.0}, "datetime": {"elapsed": 4808.823794, "delta": 27.21108, "datetime": "2021-03-11 17:31:00"}}
{"target": 7.544444444444444, "params": {"k": 5.0, "cue_position": 10.0, "gamma_fc": 0.15327493526032882, "beta_rec": 0.19220063058842782, "beta_enc": 0.10080580497124593, "enc_rate": 1.0}, "datetime": {"elapsed": 4837.474539, "delta": 28.650745, "datetime": "2021-03-11 17:31:29"}}
{"target": 7.526222222222222, "params": {"k": 5.0, "cue_position": 10.0, "gamma_fc": 1.0, "beta_rec": 1.1102230246251565e-16, "beta_enc": 0.0, "enc_rate": 1.0}, "datetime": {"elapsed": 4866.118097, "delta": 28.643558, "datetime": "2021-03-11 17:31:58"}}
{"target": 7.512444444444443, "params": {"k": 5.0, "cue_position": 10.0, "gamma_fc": 0.46539174713400694, "beta_rec": 0.43492588931232096, "beta_enc": 0.0, "enc_rate": 1.0}, "datetime": {"elapsed": 4895.504867, "delta": 29.38677, "datetime": "2021-03-11 17:32:27"}}
{"target": 7.528444444444444, "params": {"k": 5.0, "cue_position": 10.0, "gamma_fc": 0.3053412126171504, "beta_rec": 0.03843942793749807, "beta_enc": 0.12240233375991172, "enc_rate": 1.0}, "datetime": {"elapsed": 4926.302675, "delta": 30.797808, "datetime": "2021-03-11 17:32:58"}}
{"target": 7.528888888888889, "params": {"k": 5.0, "cue_position": 10.0, "gamma_fc": 0.3338501257677993, "beta_rec": 0.7428997691516209, "beta_enc": 0.09109712597712959, "enc_rate": 1.0}, "datetime": {"elapsed": 4954.805307, "delta": 28.502632, "datetime": "2021-03-11 17:33:26"}}
{"target": 7.548888888888888, "params": {"k": 5.0, "cue_position": 10.0, "gamma_fc": 0.20225514176144266, "beta_rec": 0.5841789899697846, "beta_enc": 0.05283337773482345, "enc_rate": 1.0}, "datetime": {"elapsed": 4985.496819, "delta": 30.691512, "datetime": "2021-03-11 17:33:57"}}
{"target": 7.559111111111112, "params": {"k": 5.0, "cue_position": 10.0, "gamma_fc": 0.10568566417473899, "beta_rec": 0.0, "beta_enc": 0.12342101982523415, "enc_rate": 1.0}, "datetime": {"elapsed": 5015.080638, "delta": 29.583819, "datetime": "2021-03-11 17:34:27"}}
{"target": 7.57, "params": {"k": 5.0, "cue_position": 10.0, "gamma_fc": 0.15842898670565136, "beta_rec": 0.0, "beta_enc": 0.05747797062960033, "enc_rate": 1.0}, "datetime": {"elapsed": 5045.39152, "delta": 30.310882, "datetime": "2021-03-11 17:34:57"}}
{"target": 7.5311111111111115, "params": {"k": 5.0, "cue_position": 10.0, "gamma_fc": 0.3923093677621882, "beta_rec": 0.3936298371511244, "beta_enc": 0.09844670950334598, "enc_rate": 1.0}, "datetime": {"elapsed": 5075.65828, "delta": 30.26676, "datetime": "2021-03-11 17:35:27"}}
{"target": 7.544888888888889, "params": {"k": 5.0, "cue_position": 10.0, "gamma_fc": 0.732265916859122, "beta_rec": 0.0, "beta_enc": 0.12422827883343673, "enc_rate": 1.0}, "datetime": {"elapsed": 5105.751707, "delta": 30.093427, "datetime": "2021-03-11 17:35:57"}}
{"target": 7.5308888888888905, "params": {"k": 5.0, "cue_position": 10.0, "gamma_fc": 0.9148571638235456, "beta_rec": 0.0, "beta_enc": 0.13159985121969997, "enc_rate": 1.0}, "datetime": {"elapsed": 5135.595765, "delta": 29.844058, "datetime": "2021-03-11 17:36:27"}}
{"target": 7.567555555555555, "params": {"k": 5.0, "cue_position": 10.0, "gamma_fc": 0.5452675891334993, "beta_rec": 0.11233347928434345, "beta_enc": 0.08899283408879234, "enc_rate": 1.0}, "datetime": {"elapsed": 5166.172334, "delta": 30.576569, "datetime": "2021-03-11 17:36:58"}}
{"target": 7.4926666666666675, "params": {"k": 5.0, "cue_position": 10.0, "gamma_fc": 0.7432431511013058, "beta_rec": 0.35157272867511247, "beta_enc": 0.11391356173294323, "enc_rate": 1.0}, "datetime": {"elapsed": 5196.86216, "delta": 30.689826, "datetime": "2021-03-11 17:37:28"}}
{"target": 7.508, "params": {"k": 5.0, "cue_position": 10.0, "gamma_fc": 0.7246434690064134, "beta_rec": 0.4943794408157015, "beta_enc": 0.08545113636721664, "enc_rate": 1.0}, "datetime": {"elapsed": 5227.652113, "delta": 30.789953, "datetime": "2021-03-11 17:37:59"}}
{"target": 7.568444444444443, "params": {"k": 5.0, "cue_position": 10.0, "gamma_fc": 1.0, "beta_rec": 0.40839527298204154, "beta_enc": 0.0, "enc_rate": 1.0}, "datetime": {"elapsed": 5258.180249, "delta": 30.528136, "datetime": "2021-03-11 17:38:30"}}
{"target": 7.545333333333334, "params": {"k": 5.0, "cue_position": 10.0, "gamma_fc": 0.9834828484463415, "beta_rec": 0.5279191736964827, "beta_enc": 0.0, "enc_rate": 1.0}, "datetime": {"elapsed": 5287.307458, "delta": 29.127209, "datetime": "2021-03-11 17:38:59"}}
{"target": 7.536, "params": {"k": 5.0, "cue_position": 10.0, "gamma_fc": 0.926077661031684, "beta_rec": 0.3975269187502536, "beta_enc": 0.0, "enc_rate": 1.0}, "datetime": {"elapsed": 5317.093496, "delta": 29.786038, "datetime": "2021-03-11 17:39:29"}}
{"target": 7.4993333333333325, "params": {"k": 5.0, "cue_position": 10.0, "gamma_fc": 0.7907351618604366, "beta_rec": 0.2865252570473011, "beta_enc": 0.2230515066313673, "enc_rate": 1.0}, "datetime": {"elapsed": 5347.1548, "delta": 30.061304, "datetime": "2021-03-11 17:39:59"}}
{"target": 7.476444444444444, "params": {"k": 5.0, "cue_position": 10.0, "gamma_fc": 0.5973970640403132, "beta_rec": 0.8367081893846281, "beta_enc": 0.0, "enc_rate": 1.0}, "datetime": {"elapsed": 5376.941404, "delta": 29.786604, "datetime": "2021-03-11 17:40:29"}}
